<?xml version="1.0" encoding="UTF-8"?>
<testsuite xmlns:xsi="http://www.w3.org/2001/XMLSchema-instance" xsi:noNamespaceSchemaLocation="https://maven.apache.org/surefire/maven-surefire-plugin/xsd/surefire-test-report-3.0.xsd" version="3.0" name="org.apache.hadoop.ozone.scm.node.TestDecommissionAndMaintenance" time="255.079" tests="7" errors="1" skipped="0" failures="0">
  <properties>
    <property name="awt.toolkit" value="sun.awt.X11.XToolkit"/>
    <property name="file.encoding.pkg" value="sun.io"/>
    <property name="java.specification.version" value="1.8"/>
    <property name="sun.cpu.isalist" value=""/>
    <property name="sun.jnu.encoding" value="UTF-8"/>
    <property name="java.class.path" value="/home/runner/work/ozone/ozone/hadoop-ozone/integration-test/target/test-classes:/home/runner/work/ozone/ozone/hadoop-ozone/integration-test/target/classes:/home/runner/.m2/repository/org/apache/ozone/ozone-common/1.3.0-SNAPSHOT/ozone-common-1.3.0-SNAPSHOT.jar:/home/runner/.m2/repository/io/grpc/grpc-netty/1.48.1/grpc-netty-1.48.1.jar:/home/runner/.m2/repository/io/grpc/grpc-core/1.48.1/grpc-core-1.48.1.jar:/home/runner/.m2/repository/com/google/android/annotations/4.1.1.4/annotations-4.1.1.4.jar:/home/runner/.m2/repository/org/codehaus/mojo/animal-sniffer-annotations/1.21/animal-sniffer-annotations-1.21.jar:/home/runner/.m2/repository/com/google/errorprone/error_prone_annotations/2.2.0/error_prone_annotations-2.2.0.jar:/home/runner/.m2/repository/io/perfmark/perfmark-api/0.25.0/perfmark-api-0.25.0.jar:/home/runner/.m2/repository/io/netty/netty-codec-http2/4.1.79.Final/netty-codec-http2-4.1.79.Final.jar:/home/runner/.m2/repository/io/netty/netty-common/4.1.79.Final/netty-common-4.1.79.Final.jar:/home/runner/.m2/repository/io/netty/netty-buffer/4.1.79.Final/netty-buffer-4.1.79.Final.jar:/home/runner/.m2/repository/io/netty/netty-codec-http/4.1.79.Final/netty-codec-http-4.1.79.Final.jar:/home/runner/.m2/repository/io/netty/netty-handler-proxy/4.1.79.Final/netty-handler-proxy-4.1.79.Final.jar:/home/runner/.m2/repository/io/netty/netty-codec-socks/4.1.79.Final/netty-codec-socks-4.1.79.Final.jar:/home/runner/.m2/repository/io/netty/netty-tcnative-boringssl-static/2.0.53.Final/netty-tcnative-boringssl-static-2.0.53.Final.jar:/home/runner/.m2/repository/io/netty/netty-tcnative-classes/2.0.53.Final/netty-tcnative-classes-2.0.53.Final.jar:/home/runner/.m2/repository/io/netty/netty-tcnative-boringssl-static/2.0.53.Final/netty-tcnative-boringssl-static-2.0.53.Final-linux-x86_64.jar:/home/runner/.m2/repository/io/netty/netty-tcnative-boringssl-static/2.0.53.Final/netty-tcnative-boringssl-static-2.0.53.Final-linux-aarch_64.jar:/home/runner/.m2/repository/io/netty/netty-tcnative-boringssl-static/2.0.53.Final/netty-tcnative-boringssl-static-2.0.53.Final-osx-x86_64.jar:/home/runner/.m2/repository/io/netty/netty-tcnative-boringssl-static/2.0.53.Final/netty-tcnative-boringssl-static-2.0.53.Final-osx-aarch_64.jar:/home/runner/.m2/repository/io/netty/netty-tcnative-boringssl-static/2.0.53.Final/netty-tcnative-boringssl-static-2.0.53.Final-windows-x86_64.jar:/home/runner/.m2/repository/org/apache/commons/commons-compress/1.21/commons-compress-1.21.jar:/home/runner/.m2/repository/org/apache/ozone/hdds-common/1.3.0-SNAPSHOT/hdds-common-1.3.0-SNAPSHOT.jar:/home/runner/.m2/repository/org/apache/ozone/hdds-client/1.3.0-SNAPSHOT/hdds-client-1.3.0-SNAPSHOT.jar:/home/runner/.m2/repository/org/apache/ozone/ozone-interface-client/1.3.0-SNAPSHOT/ozone-interface-client-1.3.0-SNAPSHOT.jar:/home/runner/.m2/repository/org/apache/ozone/hdds-test-utils/1.3.0-SNAPSHOT/hdds-test-utils-1.3.0-SNAPSHOT.jar:/home/runner/.m2/repository/com/google/guava/guava/31.1-jre/guava-31.1-jre.jar:/home/runner/.m2/repository/com/google/guava/failureaccess/1.0.1/failureaccess-1.0.1.jar:/home/runner/.m2/repository/com/google/guava/listenablefuture/9999.0-empty-to-avoid-conflict-with-guava/listenablefuture-9999.0-empty-to-avoid-conflict-with-guava.jar:/home/runner/.m2/repository/com/google/code/findbugs/jsr305/3.0.0/jsr305-3.0.0.jar:/home/runner/.m2/repository/org/checkerframework/checker-qual/3.12.0/checker-qual-3.12.0.jar:/home/runner/.m2/repository/com/google/j2objc/j2objc-annotations/1.3/j2objc-annotations-1.3.jar:/home/runner/.m2/repository/commons-io/commons-io/2.11.0/commons-io-2.11.0.jar:/home/runner/.m2/repository/commons-logging/commons-logging/1.2/commons-logging-1.2.jar:/home/runner/.m2/repository/ch/qos/reload4j/reload4j/1.2.22/reload4j-1.2.22.jar:/home/runner/.m2/repository/org/slf4j/slf4j-api/1.7.36/slf4j-api-1.7.36.jar:/home/runner/.m2/repository/org/apache/ozone/hdds-server-scm/1.3.0-SNAPSHOT/hdds-server-scm-1.3.0-SNAPSHOT.jar:/home/runner/.m2/repository/org/apache/ozone/hdds-container-service/1.3.0-SNAPSHOT/hdds-container-service-1.3.0-SNAPSHOT.jar:/home/runner/.m2/repository/org/apache/ozone/hdds-hadoop-dependency-server/1.3.0-SNAPSHOT/hdds-hadoop-dependency-server-1.3.0-SNAPSHOT.jar:/home/runner/.m2/repository/org/apache/hadoop/hadoop-hdfs/3.3.4/hadoop-hdfs-3.3.4.jar:/home/runner/.m2/repository/org/eclipse/jetty/jetty-util-ajax/9.4.49.v20220914/jetty-util-ajax-9.4.49.v20220914.jar:/home/runner/.m2/repository/commons-daemon/commons-daemon/1.0.13/commons-daemon-1.0.13.jar:/home/runner/.m2/repository/org/apache/ozone/hdds-server-framework/1.3.0-SNAPSHOT/hdds-server-framework-1.3.0-SNAPSHOT.jar:/home/runner/.m2/repository/org/apache/ozone/hdds-interface-server/1.3.0-SNAPSHOT/hdds-interface-server-1.3.0-SNAPSHOT.jar:/home/runner/.m2/repository/org/apache/commons/commons-configuration2/2.1.1/commons-configuration2-2.1.1.jar:/home/runner/.m2/repository/org/apache/logging/log4j/log4j-core/2.17.1/log4j-core-2.17.1.jar:/home/runner/.m2/repository/com/lmax/disruptor/3.4.2/disruptor-3.4.2.jar:/home/runner/.m2/repository/org/eclipse/jetty/jetty-servlet/9.4.49.v20220914/jetty-servlet-9.4.49.v20220914.jar:/home/runner/.m2/repository/org/eclipse/jetty/jetty-security/9.4.49.v20220914/jetty-security-9.4.49.v20220914.jar:/home/runner/.m2/repository/org/rocksdb/rocksdbjni/7.7.3/rocksdbjni-7.7.3.jar:/home/runner/.m2/repository/io/prometheus/simpleclient_dropwizard/0.7.0/simpleclient_dropwizard-0.7.0.jar:/home/runner/.m2/repository/io/prometheus/simpleclient/0.7.0/simpleclient-0.7.0.jar:/home/runner/.m2/repository/io/prometheus/simpleclient_common/0.7.0/simpleclient_common-0.7.0.jar:/home/runner/.m2/repository/com/github/spotbugs/spotbugs-annotations/3.1.12/spotbugs-annotations-3.1.12.jar:/home/runner/.m2/repository/io/dropwizard/metrics/metrics-core/3.2.4/metrics-core-3.2.4.jar:/home/runner/.m2/repository/org/apache/commons/commons-text/1.4/commons-text-1.4.jar:/home/runner/.m2/repository/org/apache/hadoop/hadoop-hdfs-client/3.3.4/hadoop-hdfs-client-3.3.4.jar:/home/runner/.m2/repository/com/squareup/okhttp3/okhttp/4.9.3/okhttp-4.9.3.jar:/home/runner/.m2/repository/com/squareup/okio/okio/2.8.0/okio-2.8.0.jar:/home/runner/.m2/repository/org/jetbrains/kotlin/kotlin-stdlib-common/1.4.10/kotlin-stdlib-common-1.4.10.jar:/home/runner/.m2/repository/org/bouncycastle/bcprov-jdk15on/1.67/bcprov-jdk15on-1.67.jar:/home/runner/.m2/repository/com/google/protobuf/protobuf-java/2.5.0/protobuf-java-2.5.0.jar:/home/runner/.m2/repository/org/apache/ozone/ozone-manager/1.3.0-SNAPSHOT/ozone-manager-1.3.0-SNAPSHOT.jar:/home/runner/.m2/repository/org/aspectj/aspectjrt/1.9.7/aspectjrt-1.9.7.jar:/home/runner/.m2/repository/org/aspectj/aspectjweaver/1.9.7/aspectjweaver-1.9.7.jar:/home/runner/.m2/repository/org/apache/ozone/hdds-interface-client/1.3.0-SNAPSHOT/hdds-interface-client-1.3.0-SNAPSHOT.jar:/home/runner/.m2/repository/org/apache/hadoop/thirdparty/hadoop-shaded-protobuf_3_7/1.1.1/hadoop-shaded-protobuf_3_7-1.1.1.jar:/home/runner/.m2/repository/org/apache/ozone/ozone-interface-storage/1.3.0-SNAPSHOT/ozone-interface-storage-1.3.0-SNAPSHOT.jar:/home/runner/.m2/repository/org/reflections/reflections/0.9.11/reflections-0.9.11.jar:/home/runner/.m2/repository/com/sun/jersey/jersey-client/1.19/jersey-client-1.19.jar:/home/runner/.m2/repository/org/apache/ranger/ranger-intg/2.3.0/ranger-intg-2.3.0.jar:/home/runner/.m2/repository/org/apache/ranger/ranger-plugins-common/2.3.0/ranger-plugins-common-2.3.0.jar:/home/runner/.m2/repository/commons-lang/commons-lang/2.6/commons-lang-2.6.jar:/home/runner/.m2/repository/org/codehaus/jackson/jackson-jaxrs/1.9.13/jackson-jaxrs-1.9.13.jar:/home/runner/.m2/repository/org/apache/ranger/ranger-plugins-cred/2.3.0/ranger-plugins-cred-2.3.0.jar:/home/runner/.m2/repository/org/apache/ranger/ranger-plugins-audit/2.3.0/ranger-plugins-audit-2.3.0.jar:/home/runner/.m2/repository/org/eclipse/jetty/jetty-client/9.4.31.v20200723/jetty-client-9.4.31.v20200723.jar:/home/runner/.m2/repository/org/apache/httpcomponents/httpmime/4.5.6/httpmime-4.5.6.jar:/home/runner/.m2/repository/org/apache/httpcomponents/httpcore-nio/4.4.6/httpcore-nio-4.4.6.jar:/home/runner/.m2/repository/org/apache/httpcomponents/httpasyncclient/4.1.3/httpasyncclient-4.1.3.jar:/home/runner/.m2/repository/com/carrotsearch/hppc/0.8.0/hppc-0.8.0.jar:/home/runner/.m2/repository/org/apache/orc/orc-core/1.5.8/orc-core-1.5.8.jar:/home/runner/.m2/repository/net/java/dev/jna/jna/5.2.0/jna-5.2.0.jar:/home/runner/.m2/repository/net/java/dev/jna/jna-platform/5.2.0/jna-platform-5.2.0.jar:/home/runner/.m2/repository/com/kstruct/gethostname4j/0.0.2/gethostname4j-0.0.2.jar:/home/runner/.m2/repository/org/apache/ranger/ranger-plugin-classloader/2.3.0/ranger-plugin-classloader-2.3.0.jar:/home/runner/.m2/repository/org/apache/hadoop/hadoop-minikdc/3.3.4/hadoop-minikdc-3.3.4.jar:/home/runner/.m2/repository/org/apache/kerby/kerb-simplekdc/1.0.1/kerb-simplekdc-1.0.1.jar:/home/runner/.m2/repository/org/apache/kerby/kerb-client/1.0.1/kerb-client-1.0.1.jar:/home/runner/.m2/repository/org/apache/kerby/kerby-config/1.0.1/kerby-config-1.0.1.jar:/home/runner/.m2/repository/org/apache/kerby/kerb-common/1.0.1/kerb-common-1.0.1.jar:/home/runner/.m2/repository/org/apache/kerby/kerb-crypto/1.0.1/kerb-crypto-1.0.1.jar:/home/runner/.m2/repository/org/apache/kerby/kerb-util/1.0.1/kerb-util-1.0.1.jar:/home/runner/.m2/repository/org/apache/kerby/token-provider/1.0.1/token-provider-1.0.1.jar:/home/runner/.m2/repository/org/apache/kerby/kerb-admin/1.0.1/kerb-admin-1.0.1.jar:/home/runner/.m2/repository/org/apache/kerby/kerb-server/1.0.1/kerb-server-1.0.1.jar:/home/runner/.m2/repository/org/apache/kerby/kerb-identity/1.0.1/kerb-identity-1.0.1.jar:/home/runner/.m2/repository/org/apache/kerby/kerby-xdr/1.0.1/kerby-xdr-1.0.1.jar:/home/runner/.m2/repository/org/apache/ozone/ozone-s3gateway/1.3.0-SNAPSHOT/ozone-s3gateway-1.3.0-SNAPSHOT.jar:/home/runner/.m2/repository/org/javassist/javassist/3.21.0-GA/javassist-3.21.0-GA.jar:/home/runner/.m2/repository/org/jboss/weld/servlet/weld-servlet/2.4.7.Final/weld-servlet-2.4.7.Final.jar:/home/runner/.m2/repository/org/glassfish/jersey/containers/jersey-container-servlet-core/2.34/jersey-container-servlet-core-2.34.jar:/home/runner/.m2/repository/org/glassfish/hk2/external/jakarta.inject/2.6.1/jakarta.inject-2.6.1.jar:/home/runner/.m2/repository/org/glassfish/jersey/core/jersey-common/2.34/jersey-common-2.34.jar:/home/runner/.m2/repository/jakarta/ws/rs/jakarta.ws.rs-api/2.1.6/jakarta.ws.rs-api-2.1.6.jar:/home/runner/.m2/repository/org/glassfish/jersey/ext/cdi/jersey-cdi1x/2.34/jersey-cdi1x-2.34.jar:/home/runner/.m2/repository/org/glassfish/jersey/inject/jersey-hk2/2.34/jersey-hk2-2.34.jar:/home/runner/.m2/repository/org/glassfish/hk2/hk2-locator/2.6.1/hk2-locator-2.6.1.jar:/home/runner/.m2/repository/org/glassfish/jersey/media/jersey-media-jaxb/2.34/jersey-media-jaxb-2.34.jar:/home/runner/.m2/repository/org/glassfish/hk2/osgi-resource-locator/1.0.3/osgi-resource-locator-1.0.3.jar:/home/runner/.m2/repository/org/glassfish/hk2/hk2-api/2.5.0/hk2-api-2.5.0.jar:/home/runner/.m2/repository/org/glassfish/hk2/hk2-utils/2.5.0/hk2-utils-2.5.0.jar:/home/runner/.m2/repository/org/glassfish/hk2/external/aopalliance-repackaged/2.5.0/aopalliance-repackaged-2.5.0.jar:/home/runner/.m2/repository/com/fasterxml/jackson/dataformat/jackson-dataformat-xml/2.13.4/jackson-dataformat-xml-2.13.4.jar:/home/runner/.m2/repository/com/fasterxml/jackson/core/jackson-core/2.13.4/jackson-core-2.13.4.jar:/home/runner/.m2/repository/org/codehaus/woodstox/stax2-api/4.2.1/stax2-api-4.2.1.jar:/home/runner/.m2/repository/com/fasterxml/woodstox/woodstox-core/5.4.0/woodstox-core-5.4.0.jar:/home/runner/.m2/repository/com/fasterxml/jackson/module/jackson-module-jaxb-annotations/2.13.4/jackson-module-jaxb-annotations-2.13.4.jar:/home/runner/.m2/repository/jakarta/xml/bind/jakarta.xml.bind-api/2.3.3/jakarta.xml.bind-api-2.3.3.jar:/home/runner/.m2/repository/jakarta/activation/jakarta.activation-api/1.2.1/jakarta.activation-api-1.2.1.jar:/home/runner/.m2/repository/javax/enterprise/cdi-api/1.2/cdi-api-1.2.jar:/home/runner/.m2/repository/javax/el/javax.el-api/3.0.0/javax.el-api-3.0.0.jar:/home/runner/.m2/repository/javax/interceptor/javax.interceptor-api/1.2/javax.interceptor-api-1.2.jar:/home/runner/.m2/repository/javax/inject/javax.inject/1/javax.inject-1.jar:/home/runner/.m2/repository/javax/xml/bind/jaxb-api/2.3.0/jaxb-api-2.3.0.jar:/home/runner/.m2/repository/org/glassfish/jaxb/jaxb-runtime/2.3.0.1/jaxb-runtime-2.3.0.1.jar:/home/runner/.m2/repository/org/glassfish/jaxb/jaxb-core/2.3.0.1/jaxb-core-2.3.0.1.jar:/home/runner/.m2/repository/org/glassfish/jaxb/txw2/2.3.0.1/txw2-2.3.0.1.jar:/home/runner/.m2/repository/com/sun/istack/istack-commons-runtime/3.0.5/istack-commons-runtime-3.0.5.jar:/home/runner/.m2/repository/org/jvnet/staxex/stax-ex/1.7.8/stax-ex-1.7.8.jar:/home/runner/.m2/repository/com/sun/xml/fastinfoset/FastInfoset/1.2.13/FastInfoset-1.2.13.jar:/home/runner/.m2/repository/javax/activation/activation/1.1.1/activation-1.1.1.jar:/home/runner/.m2/repository/io/grpc/grpc-protobuf/1.48.1/grpc-protobuf-1.48.1.jar:/home/runner/.m2/repository/io/grpc/grpc-api/1.48.1/grpc-api-1.48.1.jar:/home/runner/.m2/repository/io/grpc/grpc-context/1.48.1/grpc-context-1.48.1.jar:/home/runner/.m2/repository/com/google/api/grpc/proto-google-common-protos/2.9.0/proto-google-common-protos-2.9.0.jar:/home/runner/.m2/repository/io/grpc/grpc-protobuf-lite/1.48.1/grpc-protobuf-lite-1.48.1.jar:/home/runner/.m2/repository/io/grpc/grpc-stub/1.48.1/grpc-stub-1.48.1.jar:/home/runner/.m2/repository/io/netty/netty-transport/4.1.79.Final/netty-transport-4.1.79.Final.jar:/home/runner/.m2/repository/io/netty/netty-resolver/4.1.79.Final/netty-resolver-4.1.79.Final.jar:/home/runner/.m2/repository/org/apache/ozone/ozone-csi/1.3.0-SNAPSHOT/ozone-csi-1.3.0-SNAPSHOT.jar:/home/runner/.m2/repository/com/google/protobuf/protobuf-java-util/3.19.2/protobuf-java-util-3.19.2.jar:/home/runner/.m2/repository/com/google/code/gson/gson/2.9.0/gson-2.9.0.jar:/home/runner/.m2/repository/org/apache/ozone/hdds-config/1.3.0-SNAPSHOT/hdds-config-1.3.0-SNAPSHOT.jar:/home/runner/.m2/repository/io/netty/netty-transport-native-epoll/4.1.79.Final/netty-transport-native-epoll-4.1.79.Final-linux-x86_64.jar:/home/runner/.m2/repository/io/netty/netty-transport-classes-epoll/4.1.79.Final/netty-transport-classes-epoll-4.1.79.Final.jar:/home/runner/.m2/repository/io/netty/netty-transport-native-unix-common/4.1.79.Final/netty-transport-native-unix-common-4.1.79.Final.jar:/home/runner/.m2/repository/org/slf4j/slf4j-reload4j/1.7.36/slf4j-reload4j-1.7.36.jar:/home/runner/.m2/repository/org/apache/ozone/ozone-recon/1.3.0-SNAPSHOT/ozone-recon-1.3.0-SNAPSHOT.jar:/home/runner/.m2/repository/org/apache/ozone/ozone-reconcodegen/1.3.0-SNAPSHOT/ozone-reconcodegen-1.3.0-SNAPSHOT.jar:/home/runner/.m2/repository/com/google/inject/extensions/guice-multibindings/4.0/guice-multibindings-4.0.jar:/home/runner/.m2/repository/com/google/inject/guice/4.0/guice-4.0.jar:/home/runner/.m2/repository/aopalliance/aopalliance/1.0/aopalliance-1.0.jar:/home/runner/.m2/repository/com/google/inject/extensions/guice-assistedinject/4.0/guice-assistedinject-4.0.jar:/home/runner/.m2/repository/com/google/inject/extensions/guice-servlet/4.0/guice-servlet-4.0.jar:/home/runner/.m2/repository/org/glassfish/jersey/containers/jersey-container-servlet/2.34/jersey-container-servlet-2.34.jar:/home/runner/.m2/repository/org/glassfish/hk2/guice-bridge/2.5.0/guice-bridge-2.5.0.jar:/home/runner/.m2/repository/org/glassfish/jersey/core/jersey-server/2.34/jersey-server-2.34.jar:/home/runner/.m2/repository/org/glassfish/jersey/core/jersey-client/2.34/jersey-client-2.34.jar:/home/runner/.m2/repository/jakarta/annotation/jakarta.annotation-api/1.3.5/jakarta.annotation-api-1.3.5.jar:/home/runner/.m2/repository/jakarta/validation/jakarta.validation-api/2.0.2/jakarta.validation-api-2.0.2.jar:/home/runner/.m2/repository/org/glassfish/jersey/media/jersey-media-json-jackson/2.34/jersey-media-json-jackson-2.34.jar:/home/runner/.m2/repository/org/glassfish/jersey/ext/jersey-entity-filtering/2.34/jersey-entity-filtering-2.34.jar:/home/runner/.m2/repository/org/jooq/jooq/3.11.10/jooq-3.11.10.jar:/home/runner/.m2/repository/org/jooq/jooq-meta/3.11.10/jooq-meta-3.11.10.jar:/home/runner/.m2/repository/org/jooq/jooq-codegen/3.11.10/jooq-codegen-3.11.10.jar:/home/runner/.m2/repository/com/jolbox/bonecp/0.8.0.RELEASE/bonecp-0.8.0.RELEASE.jar:/home/runner/.m2/repository/org/apache/derby/derby/10.14.2.0/derby-10.14.2.0.jar:/home/runner/.m2/repository/org/xerial/sqlite-jdbc/3.25.2/sqlite-jdbc-3.25.2.jar:/home/runner/.m2/repository/org/springframework/spring-jdbc/5.3.23/spring-jdbc-5.3.23.jar:/home/runner/.m2/repository/org/springframework/spring-beans/5.3.23/spring-beans-5.3.23.jar:/home/runner/.m2/repository/org/springframework/spring-core/5.3.23/spring-core-5.3.23.jar:/home/runner/.m2/repository/org/springframework/spring-jcl/5.3.23/spring-jcl-5.3.23.jar:/home/runner/.m2/repository/org/springframework/spring-tx/5.3.23/spring-tx-5.3.23.jar:/home/runner/.m2/repository/org/apache/ozone/ozone-client/1.3.0-SNAPSHOT/ozone-client-1.3.0-SNAPSHOT.jar:/home/runner/.m2/repository/org/apache/ozone/hdds-erasurecode/1.3.0-SNAPSHOT/hdds-erasurecode-1.3.0-SNAPSHOT.jar:/home/runner/.m2/repository/org/apache/ozone/ozone-filesystem/1.3.0-SNAPSHOT/ozone-filesystem-1.3.0-SNAPSHOT.jar:/home/runner/.m2/repository/org/apache/ozone/ozone-filesystem-common/1.3.0-SNAPSHOT/ozone-filesystem-common-1.3.0-SNAPSHOT.jar:/home/runner/.m2/repository/org/apache/ozone/ozone-tools/1.3.0-SNAPSHOT/ozone-tools-1.3.0-SNAPSHOT.jar:/home/runner/.m2/repository/org/apache/ratis/ratis-tools/2.4.0/ratis-tools-2.4.0.jar:/home/runner/.m2/repository/com/amazonaws/aws-java-sdk-core/1.12.261/aws-java-sdk-core-1.12.261.jar:/home/runner/.m2/repository/org/apache/httpcomponents/httpclient/4.5.13/httpclient-4.5.13.jar:/home/runner/.m2/repository/org/apache/httpcomponents/httpcore/4.4.13/httpcore-4.4.13.jar:/home/runner/.m2/repository/software/amazon/ion/ion-java/1.0.2/ion-java-1.0.2.jar:/home/runner/.m2/repository/com/fasterxml/jackson/dataformat/jackson-dataformat-cbor/2.13.4/jackson-dataformat-cbor-2.13.4.jar:/home/runner/.m2/repository/joda-time/joda-time/2.8.1/joda-time-2.8.1.jar:/home/runner/.m2/repository/com/amazonaws/aws-java-sdk-s3/1.12.261/aws-java-sdk-s3-1.12.261.jar:/home/runner/.m2/repository/com/amazonaws/aws-java-sdk-kms/1.12.261/aws-java-sdk-kms-1.12.261.jar:/home/runner/.m2/repository/com/amazonaws/jmespath-java/1.12.261/jmespath-java-1.12.261.jar:/home/runner/.m2/repository/org/kohsuke/metainf-services/metainf-services/1.8/metainf-services-1.8.jar:/home/runner/.m2/repository/org/apache/ozone/hdds-tools/1.3.0-SNAPSHOT/hdds-tools-1.3.0-SNAPSHOT.jar:/home/runner/.m2/repository/commons-cli/commons-cli/1.2/commons-cli-1.2.jar:/home/runner/.m2/repository/org/apache/commons/commons-lang3/3.7/commons-lang3-3.7.jar:/home/runner/.m2/repository/org/apache/ozone/ozone-manager/1.3.0-SNAPSHOT/ozone-manager-1.3.0-SNAPSHOT-tests.jar:/home/runner/.m2/repository/org/apache/ozone/hdds-common/1.3.0-SNAPSHOT/hdds-common-1.3.0-SNAPSHOT-tests.jar:/home/runner/.m2/repository/org/apache/ozone/hdds-hadoop-dependency-client/1.3.0-SNAPSHOT/hdds-hadoop-dependency-client-1.3.0-SNAPSHOT.jar:/home/runner/.m2/repository/info/picocli/picocli/4.6.1/picocli-4.6.1.jar:/home/runner/.m2/repository/com/fasterxml/jackson/core/jackson-annotations/2.13.4/jackson-annotations-2.13.4.jar:/home/runner/.m2/repository/com/fasterxml/jackson/datatype/jackson-datatype-jsr310/2.13.4/jackson-datatype-jsr310-2.13.4.jar:/home/runner/.m2/repository/org/apache/ozone/hdds-annotation-processing/1.3.0-SNAPSHOT/hdds-annotation-processing-1.3.0-SNAPSHOT.jar:/home/runner/.m2/repository/javax/annotation/javax.annotation-api/1.2/javax.annotation-api-1.2.jar:/home/runner/.m2/repository/org/apache/ratis/ratis-server/2.4.0/ratis-server-2.4.0.jar:/home/runner/.m2/repository/org/apache/ratis/ratis-client/2.4.0/ratis-client-2.4.0.jar:/home/runner/.m2/repository/org/apache/ratis/ratis-server-api/2.4.0/ratis-server-api-2.4.0.jar:/home/runner/.m2/repository/org/apache/ratis/ratis-metrics/2.4.0/ratis-metrics-2.4.0.jar:/home/runner/.m2/repository/org/apache/ratis/ratis-netty/2.4.0/ratis-netty-2.4.0.jar:/home/runner/.m2/repository/org/apache/ratis/ratis-grpc/2.4.0/ratis-grpc-2.4.0.jar:/home/runner/.m2/repository/org/apache/logging/log4j/log4j-api/2.17.1/log4j-api-2.17.1.jar:/home/runner/.m2/repository/org/apache/commons/commons-pool2/2.6.0/commons-pool2-2.6.0.jar:/home/runner/.m2/repository/org/bouncycastle/bcpkix-jdk15on/1.67/bcpkix-jdk15on-1.67.jar:/home/runner/.m2/repository/commons-validator/commons-validator/1.6/commons-validator-1.6.jar:/home/runner/.m2/repository/commons-beanutils/commons-beanutils/1.9.4/commons-beanutils-1.9.4.jar:/home/runner/.m2/repository/commons-digester/commons-digester/1.8.1/commons-digester-1.8.1.jar:/home/runner/.m2/repository/commons-collections/commons-collections/3.2.2/commons-collections-3.2.2.jar:/home/runner/.m2/repository/io/jaegertracing/jaeger-client/1.6.0/jaeger-client-1.6.0.jar:/home/runner/.m2/repository/io/jaegertracing/jaeger-thrift/1.6.0/jaeger-thrift-1.6.0.jar:/home/runner/.m2/repository/org/apache/thrift/libthrift/0.14.1/libthrift-0.14.1.jar:/home/runner/.m2/repository/io/jaegertracing/jaeger-core/1.6.0/jaeger-core-1.6.0.jar:/home/runner/.m2/repository/io/jaegertracing/jaeger-tracerresolver/1.6.0/jaeger-tracerresolver-1.6.0.jar:/home/runner/.m2/repository/io/opentracing/contrib/opentracing-tracerresolver/0.1.8/opentracing-tracerresolver-0.1.8.jar:/home/runner/.m2/repository/org/jetbrains/kotlin/kotlin-stdlib/1.6.21/kotlin-stdlib-1.6.21.jar:/home/runner/.m2/repository/org/jetbrains/annotations/13.0/annotations-13.0.jar:/home/runner/.m2/repository/io/opentracing/opentracing-util/0.33.0/opentracing-util-0.33.0.jar:/home/runner/.m2/repository/io/opentracing/opentracing-api/0.33.0/opentracing-api-0.33.0.jar:/home/runner/.m2/repository/io/opentracing/opentracing-noop/0.33.0/opentracing-noop-0.33.0.jar:/home/runner/.m2/repository/org/yaml/snakeyaml/1.33/snakeyaml-1.33.jar:/home/runner/.m2/repository/org/apache/ozone/hdds-interface-admin/1.3.0-SNAPSHOT/hdds-interface-admin-1.3.0-SNAPSHOT.jar:/home/runner/.m2/repository/junit/junit/4.13.1/junit-4.13.1.jar:/home/runner/.m2/repository/org/hamcrest/hamcrest-core/1.3/hamcrest-core-1.3.jar:/home/runner/.m2/repository/org/junit/jupiter/junit-jupiter-api/5.8.2/junit-jupiter-api-5.8.2.jar:/home/runner/.m2/repository/org/opentest4j/opentest4j/1.2.0/opentest4j-1.2.0.jar:/home/runner/.m2/repository/org/junit/platform/junit-platform-commons/1.8.2/junit-platform-commons-1.8.2.jar:/home/runner/.m2/repository/org/apiguardian/apiguardian-api/1.1.2/apiguardian-api-1.1.2.jar:/home/runner/.m2/repository/org/junit/jupiter/junit-jupiter-params/5.8.2/junit-jupiter-params-5.8.2.jar:/home/runner/.m2/repository/org/junit/jupiter/junit-jupiter-migrationsupport/5.8.2/junit-jupiter-migrationsupport-5.8.2.jar:/home/runner/.m2/repository/org/junit/jupiter/junit-jupiter-engine/5.8.2/junit-jupiter-engine-5.8.2.jar:/home/runner/.m2/repository/org/junit/platform/junit-platform-engine/1.8.2/junit-platform-engine-1.8.2.jar:/home/runner/.m2/repository/org/junit/vintage/junit-vintage-engine/5.8.2/junit-vintage-engine-5.8.2.jar:/home/runner/.m2/repository/org/junit/platform/junit-platform-launcher/1.8.2/junit-platform-launcher-1.8.2.jar:/home/runner/.m2/repository/org/mockito/mockito-core/2.28.2/mockito-core-2.28.2.jar:/home/runner/.m2/repository/net/bytebuddy/byte-buddy/1.9.10/byte-buddy-1.9.10.jar:/home/runner/.m2/repository/net/bytebuddy/byte-buddy-agent/1.9.10/byte-buddy-agent-1.9.10.jar:/home/runner/.m2/repository/org/objenesis/objenesis/1.0/objenesis-1.0.jar:/home/runner/.m2/repository/org/apache/hadoop/hadoop-kms/3.3.4/hadoop-kms-3.3.4.jar:/home/runner/.m2/repository/org/apache/hadoop/hadoop-auth/3.3.4/hadoop-auth-3.3.4.jar:/home/runner/.m2/repository/com/nimbusds/nimbus-jose-jwt/9.8.1/nimbus-jose-jwt-9.8.1.jar:/home/runner/.m2/repository/com/github/stephenc/jcip/jcip-annotations/1.0-1/jcip-annotations-1.0-1.jar:/home/runner/.m2/repository/net/minidev/json-smart/2.4.7/json-smart-2.4.7.jar:/home/runner/.m2/repository/net/minidev/accessors-smart/2.4.7/accessors-smart-2.4.7.jar:/home/runner/.m2/repository/org/ow2/asm/asm/5.0.4/asm-5.0.4.jar:/home/runner/.m2/repository/org/apache/zookeeper/zookeeper/3.5.6/zookeeper-3.5.6.jar:/home/runner/.m2/repository/org/apache/zookeeper/zookeeper-jute/3.5.6/zookeeper-jute-3.5.6.jar:/home/runner/.m2/repository/org/apache/yetus/audience-annotations/0.5.0/audience-annotations-0.5.0.jar:/home/runner/.m2/repository/org/apache/curator/curator-framework/4.2.0/curator-framework-4.2.0.jar:/home/runner/.m2/repository/org/apache/hadoop/thirdparty/hadoop-shaded-guava/1.1.1/hadoop-shaded-guava-1.1.1.jar:/home/runner/.m2/repository/com/sun/jersey/jersey-core/1.19/jersey-core-1.19.jar:/home/runner/.m2/repository/javax/ws/rs/jsr311-api/1.1.1/jsr311-api-1.1.1.jar:/home/runner/.m2/repository/com/sun/jersey/jersey-server/1.19/jersey-server-1.19.jar:/home/runner/.m2/repository/javax/servlet/javax.servlet-api/3.1.0/javax.servlet-api-3.1.0.jar:/home/runner/.m2/repository/org/eclipse/jetty/jetty-server/9.4.49.v20220914/jetty-server-9.4.49.v20220914.jar:/home/runner/.m2/repository/org/eclipse/jetty/jetty-http/9.4.49.v20220914/jetty-http-9.4.49.v20220914.jar:/home/runner/.m2/repository/org/eclipse/jetty/jetty-io/9.4.49.v20220914/jetty-io-9.4.49.v20220914.jar:/home/runner/.m2/repository/org/eclipse/jetty/jetty-webapp/9.4.49.v20220914/jetty-webapp-9.4.49.v20220914.jar:/home/runner/.m2/repository/org/eclipse/jetty/jetty-xml/9.4.49.v20220914/jetty-xml-9.4.49.v20220914.jar:/home/runner/.m2/repository/org/apache/hadoop/hadoop-common/3.3.4/hadoop-common-3.3.4.jar:/home/runner/.m2/repository/org/apache/commons/commons-math3/3.1.1/commons-math3-3.1.1.jar:/home/runner/.m2/repository/commons-net/commons-net/3.6/commons-net-3.6.jar:/home/runner/.m2/repository/com/sun/jersey/jersey-servlet/1.19/jersey-servlet-1.19.jar:/home/runner/.m2/repository/com/sun/jersey/jersey-json/1.19/jersey-json-1.19.jar:/home/runner/.m2/repository/org/codehaus/jettison/jettison/1.1/jettison-1.1.jar:/home/runner/.m2/repository/com/sun/xml/bind/jaxb-impl/2.2.3-1/jaxb-impl-2.2.3-1.jar:/home/runner/.m2/repository/org/codehaus/jackson/jackson-xc/1.9.2/jackson-xc-1.9.2.jar:/home/runner/.m2/repository/com/google/re2j/re2j/1.1/re2j-1.1.jar:/home/runner/.m2/repository/com/jcraft/jsch/0.1.54/jsch-0.1.54.jar:/home/runner/.m2/repository/org/apache/curator/curator-client/4.2.0/curator-client-4.2.0.jar:/home/runner/.m2/repository/org/apache/curator/curator-recipes/4.2.0/curator-recipes-4.2.0.jar:/home/runner/.m2/repository/org/apache/kerby/kerb-core/1.0.1/kerb-core-1.0.1.jar:/home/runner/.m2/repository/org/apache/kerby/kerby-pkix/1.0.1/kerby-pkix-1.0.1.jar:/home/runner/.m2/repository/org/apache/kerby/kerby-asn1/1.0.1/kerby-asn1-1.0.1.jar:/home/runner/.m2/repository/org/apache/kerby/kerby-util/1.0.1/kerby-util-1.0.1.jar:/home/runner/.m2/repository/dnsjava/dnsjava/2.1.7/dnsjava-2.1.7.jar:/home/runner/.m2/repository/org/xerial/snappy/snappy-java/1.1.8.2/snappy-java-1.1.8.2.jar:/home/runner/.m2/repository/org/eclipse/jetty/jetty-util/9.4.49.v20220914/jetty-util-9.4.49.v20220914.jar:/home/runner/.m2/repository/com/fasterxml/jackson/core/jackson-databind/2.13.4.2/jackson-databind-2.13.4.2.jar:/home/runner/.m2/repository/org/apache/hadoop/hadoop-kms/3.3.4/hadoop-kms-3.3.4-tests.jar:/home/runner/.m2/repository/org/apache/ozone/hdds-server-scm/1.3.0-SNAPSHOT/hdds-server-scm-1.3.0-SNAPSHOT-tests.jar:/home/runner/.m2/repository/org/apache/ozone/hdds-container-service/1.3.0-SNAPSHOT/hdds-container-service-1.3.0-SNAPSHOT-tests.jar:/home/runner/.m2/repository/commons-codec/commons-codec/1.15/commons-codec-1.15.jar:/home/runner/.m2/repository/io/netty/netty-codec/4.1.79.Final/netty-codec-4.1.79.Final.jar:/home/runner/.m2/repository/io/netty/netty-handler/4.1.79.Final/netty-handler-4.1.79.Final.jar:/home/runner/.m2/repository/org/apache/ozone/hdds-hadoop-dependency-test/1.3.0-SNAPSHOT/hdds-hadoop-dependency-test-1.3.0-SNAPSHOT.jar:/home/runner/.m2/repository/org/apache/hadoop/hadoop-common/3.3.4/hadoop-common-3.3.4-tests.jar:/home/runner/.m2/repository/org/apache/hadoop/hadoop-hdfs/3.3.4/hadoop-hdfs-3.3.4-tests.jar:/home/runner/.m2/repository/org/assertj/assertj-core/3.12.2/assertj-core-3.12.2.jar:/home/runner/.m2/repository/org/apache/hadoop/hadoop-distcp/3.3.4/hadoop-distcp-3.3.4.jar:/home/runner/.m2/repository/org/apache/hadoop/hadoop-mapreduce-client-jobclient/3.3.4/hadoop-mapreduce-client-jobclient-3.3.4.jar:/home/runner/.m2/repository/org/apache/hadoop/hadoop-mapreduce-client-common/3.3.4/hadoop-mapreduce-client-common-3.3.4.jar:/home/runner/.m2/repository/org/apache/hadoop/hadoop-yarn-common/3.3.4/hadoop-yarn-common-3.3.4.jar:/home/runner/.m2/repository/org/apache/hadoop/hadoop-yarn-api/3.3.4/hadoop-yarn-api-3.3.4.jar:/home/runner/.m2/repository/com/sun/jersey/contribs/jersey-guice/1.19/jersey-guice-1.19.jar:/home/runner/.m2/repository/com/fasterxml/jackson/jaxrs/jackson-jaxrs-json-provider/2.13.4/jackson-jaxrs-json-provider-2.13.4.jar:/home/runner/.m2/repository/com/fasterxml/jackson/jaxrs/jackson-jaxrs-base/2.13.4/jackson-jaxrs-base-2.13.4.jar:/home/runner/.m2/repository/org/apache/hadoop/hadoop-yarn-client/3.3.4/hadoop-yarn-client-3.3.4.jar:/home/runner/.m2/repository/org/eclipse/jetty/websocket/websocket-client/9.4.43.v20210629/websocket-client-9.4.43.v20210629.jar:/home/runner/.m2/repository/org/eclipse/jetty/websocket/websocket-common/9.4.43.v20210629/websocket-common-9.4.43.v20210629.jar:/home/runner/.m2/repository/org/eclipse/jetty/websocket/websocket-api/9.4.43.v20210629/websocket-api-9.4.43.v20210629.jar:/home/runner/.m2/repository/org/jline/jline/3.9.0/jline-3.9.0.jar:/home/runner/.m2/repository/org/apache/hadoop/hadoop-mapreduce-client-core/3.3.4/hadoop-mapreduce-client-core-3.3.4.jar:/home/runner/.m2/repository/org/apache/avro/avro/1.7.7/avro-1.7.7.jar:/home/runner/.m2/repository/org/codehaus/jackson/jackson-core-asl/1.9.13/jackson-core-asl-1.9.13.jar:/home/runner/.m2/repository/org/codehaus/jackson/jackson-mapper-asl/1.9.13/jackson-mapper-asl-1.9.13.jar:/home/runner/.m2/repository/com/thoughtworks/paranamer/paranamer/2.3/paranamer-2.3.jar:/home/runner/.m2/repository/org/apache/hadoop/hadoop-annotations/3.3.4/hadoop-annotations-3.3.4.jar:/usr/lib/jvm/temurin-8-jdk-amd64/jre/../lib/tools.jar:/home/runner/.m2/repository/io/netty/netty/3.10.6.Final/netty-3.10.6.Final.jar:/home/runner/.m2/repository/org/apache/hadoop/hadoop-distcp/3.3.4/hadoop-distcp-3.3.4-tests.jar:/home/runner/.m2/repository/org/slf4j/jul-to-slf4j/1.7.36/jul-to-slf4j-1.7.36.jar:/home/runner/.m2/repository/org/apache/ratis/ratis-common/2.4.0/ratis-common-2.4.0.jar:/home/runner/.m2/repository/org/apache/ratis/ratis-thirdparty-misc/1.0.2/ratis-thirdparty-misc-1.0.2.jar:/home/runner/.m2/repository/org/apache/ratis/ratis-proto/2.4.0/ratis-proto-2.4.0.jar:"/>
    <property name="java.vm.vendor" value="Temurin"/>
    <property name="sun.arch.data.model" value="64"/>
    <property name="test.build.dir" value="/home/runner/work/ozone/ozone/hadoop-ozone/integration-test/target/test-dir"/>
    <property name="test.cache.data" value=""/>
    <property name="java.vendor.url" value="https://adoptium.net/"/>
    <property name="user.timezone" value="Etc/UTC"/>
    <property name="java.vm.specification.version" value="1.8"/>
    <property name="os.name" value="Linux"/>
    <property name="test.build.data" value="/home/runner/work/ozone/ozone/hadoop-ozone/integration-test/target/test-dir"/>
    <property name="sun.java.launcher" value="SUN_STANDARD"/>
    <property name="sun.boot.library.path" value="/usr/lib/jvm/temurin-8-jdk-amd64/jre/lib/amd64"/>
    <property name="sun.java.command" value="/home/runner/work/ozone/ozone/hadoop-ozone/integration-test/target/surefire/surefirebooter4175834390003604648.jar /home/runner/work/ozone/ozone/hadoop-ozone/integration-test/target/surefire 2022-11-18T12-52-50_889-jvmRun1 surefire4741031295085229556tmp surefire_93635762595467818914tmp"/>
    <property name="surefire.test.class.path" value="/home/runner/work/ozone/ozone/hadoop-ozone/integration-test/target/test-classes:/home/runner/work/ozone/ozone/hadoop-ozone/integration-test/target/classes:/home/runner/.m2/repository/org/apache/ozone/ozone-common/1.3.0-SNAPSHOT/ozone-common-1.3.0-SNAPSHOT.jar:/home/runner/.m2/repository/io/grpc/grpc-netty/1.48.1/grpc-netty-1.48.1.jar:/home/runner/.m2/repository/io/grpc/grpc-core/1.48.1/grpc-core-1.48.1.jar:/home/runner/.m2/repository/com/google/android/annotations/4.1.1.4/annotations-4.1.1.4.jar:/home/runner/.m2/repository/org/codehaus/mojo/animal-sniffer-annotations/1.21/animal-sniffer-annotations-1.21.jar:/home/runner/.m2/repository/com/google/errorprone/error_prone_annotations/2.2.0/error_prone_annotations-2.2.0.jar:/home/runner/.m2/repository/io/perfmark/perfmark-api/0.25.0/perfmark-api-0.25.0.jar:/home/runner/.m2/repository/io/netty/netty-codec-http2/4.1.79.Final/netty-codec-http2-4.1.79.Final.jar:/home/runner/.m2/repository/io/netty/netty-common/4.1.79.Final/netty-common-4.1.79.Final.jar:/home/runner/.m2/repository/io/netty/netty-buffer/4.1.79.Final/netty-buffer-4.1.79.Final.jar:/home/runner/.m2/repository/io/netty/netty-codec-http/4.1.79.Final/netty-codec-http-4.1.79.Final.jar:/home/runner/.m2/repository/io/netty/netty-handler-proxy/4.1.79.Final/netty-handler-proxy-4.1.79.Final.jar:/home/runner/.m2/repository/io/netty/netty-codec-socks/4.1.79.Final/netty-codec-socks-4.1.79.Final.jar:/home/runner/.m2/repository/io/netty/netty-tcnative-boringssl-static/2.0.53.Final/netty-tcnative-boringssl-static-2.0.53.Final.jar:/home/runner/.m2/repository/io/netty/netty-tcnative-classes/2.0.53.Final/netty-tcnative-classes-2.0.53.Final.jar:/home/runner/.m2/repository/io/netty/netty-tcnative-boringssl-static/2.0.53.Final/netty-tcnative-boringssl-static-2.0.53.Final-linux-x86_64.jar:/home/runner/.m2/repository/io/netty/netty-tcnative-boringssl-static/2.0.53.Final/netty-tcnative-boringssl-static-2.0.53.Final-linux-aarch_64.jar:/home/runner/.m2/repository/io/netty/netty-tcnative-boringssl-static/2.0.53.Final/netty-tcnative-boringssl-static-2.0.53.Final-osx-x86_64.jar:/home/runner/.m2/repository/io/netty/netty-tcnative-boringssl-static/2.0.53.Final/netty-tcnative-boringssl-static-2.0.53.Final-osx-aarch_64.jar:/home/runner/.m2/repository/io/netty/netty-tcnative-boringssl-static/2.0.53.Final/netty-tcnative-boringssl-static-2.0.53.Final-windows-x86_64.jar:/home/runner/.m2/repository/org/apache/commons/commons-compress/1.21/commons-compress-1.21.jar:/home/runner/.m2/repository/org/apache/ozone/hdds-common/1.3.0-SNAPSHOT/hdds-common-1.3.0-SNAPSHOT.jar:/home/runner/.m2/repository/org/apache/ozone/hdds-client/1.3.0-SNAPSHOT/hdds-client-1.3.0-SNAPSHOT.jar:/home/runner/.m2/repository/org/apache/ozone/ozone-interface-client/1.3.0-SNAPSHOT/ozone-interface-client-1.3.0-SNAPSHOT.jar:/home/runner/.m2/repository/org/apache/ozone/hdds-test-utils/1.3.0-SNAPSHOT/hdds-test-utils-1.3.0-SNAPSHOT.jar:/home/runner/.m2/repository/com/google/guava/guava/31.1-jre/guava-31.1-jre.jar:/home/runner/.m2/repository/com/google/guava/failureaccess/1.0.1/failureaccess-1.0.1.jar:/home/runner/.m2/repository/com/google/guava/listenablefuture/9999.0-empty-to-avoid-conflict-with-guava/listenablefuture-9999.0-empty-to-avoid-conflict-with-guava.jar:/home/runner/.m2/repository/com/google/code/findbugs/jsr305/3.0.0/jsr305-3.0.0.jar:/home/runner/.m2/repository/org/checkerframework/checker-qual/3.12.0/checker-qual-3.12.0.jar:/home/runner/.m2/repository/com/google/j2objc/j2objc-annotations/1.3/j2objc-annotations-1.3.jar:/home/runner/.m2/repository/commons-io/commons-io/2.11.0/commons-io-2.11.0.jar:/home/runner/.m2/repository/commons-logging/commons-logging/1.2/commons-logging-1.2.jar:/home/runner/.m2/repository/ch/qos/reload4j/reload4j/1.2.22/reload4j-1.2.22.jar:/home/runner/.m2/repository/org/slf4j/slf4j-api/1.7.36/slf4j-api-1.7.36.jar:/home/runner/.m2/repository/org/apache/ozone/hdds-server-scm/1.3.0-SNAPSHOT/hdds-server-scm-1.3.0-SNAPSHOT.jar:/home/runner/.m2/repository/org/apache/ozone/hdds-container-service/1.3.0-SNAPSHOT/hdds-container-service-1.3.0-SNAPSHOT.jar:/home/runner/.m2/repository/org/apache/ozone/hdds-hadoop-dependency-server/1.3.0-SNAPSHOT/hdds-hadoop-dependency-server-1.3.0-SNAPSHOT.jar:/home/runner/.m2/repository/org/apache/hadoop/hadoop-hdfs/3.3.4/hadoop-hdfs-3.3.4.jar:/home/runner/.m2/repository/org/eclipse/jetty/jetty-util-ajax/9.4.49.v20220914/jetty-util-ajax-9.4.49.v20220914.jar:/home/runner/.m2/repository/commons-daemon/commons-daemon/1.0.13/commons-daemon-1.0.13.jar:/home/runner/.m2/repository/org/apache/ozone/hdds-server-framework/1.3.0-SNAPSHOT/hdds-server-framework-1.3.0-SNAPSHOT.jar:/home/runner/.m2/repository/org/apache/ozone/hdds-interface-server/1.3.0-SNAPSHOT/hdds-interface-server-1.3.0-SNAPSHOT.jar:/home/runner/.m2/repository/org/apache/commons/commons-configuration2/2.1.1/commons-configuration2-2.1.1.jar:/home/runner/.m2/repository/org/apache/logging/log4j/log4j-core/2.17.1/log4j-core-2.17.1.jar:/home/runner/.m2/repository/com/lmax/disruptor/3.4.2/disruptor-3.4.2.jar:/home/runner/.m2/repository/org/eclipse/jetty/jetty-servlet/9.4.49.v20220914/jetty-servlet-9.4.49.v20220914.jar:/home/runner/.m2/repository/org/eclipse/jetty/jetty-security/9.4.49.v20220914/jetty-security-9.4.49.v20220914.jar:/home/runner/.m2/repository/org/rocksdb/rocksdbjni/7.7.3/rocksdbjni-7.7.3.jar:/home/runner/.m2/repository/io/prometheus/simpleclient_dropwizard/0.7.0/simpleclient_dropwizard-0.7.0.jar:/home/runner/.m2/repository/io/prometheus/simpleclient/0.7.0/simpleclient-0.7.0.jar:/home/runner/.m2/repository/io/prometheus/simpleclient_common/0.7.0/simpleclient_common-0.7.0.jar:/home/runner/.m2/repository/com/github/spotbugs/spotbugs-annotations/3.1.12/spotbugs-annotations-3.1.12.jar:/home/runner/.m2/repository/io/dropwizard/metrics/metrics-core/3.2.4/metrics-core-3.2.4.jar:/home/runner/.m2/repository/org/apache/commons/commons-text/1.4/commons-text-1.4.jar:/home/runner/.m2/repository/org/apache/hadoop/hadoop-hdfs-client/3.3.4/hadoop-hdfs-client-3.3.4.jar:/home/runner/.m2/repository/com/squareup/okhttp3/okhttp/4.9.3/okhttp-4.9.3.jar:/home/runner/.m2/repository/com/squareup/okio/okio/2.8.0/okio-2.8.0.jar:/home/runner/.m2/repository/org/jetbrains/kotlin/kotlin-stdlib-common/1.4.10/kotlin-stdlib-common-1.4.10.jar:/home/runner/.m2/repository/org/bouncycastle/bcprov-jdk15on/1.67/bcprov-jdk15on-1.67.jar:/home/runner/.m2/repository/com/google/protobuf/protobuf-java/2.5.0/protobuf-java-2.5.0.jar:/home/runner/.m2/repository/org/apache/ozone/ozone-manager/1.3.0-SNAPSHOT/ozone-manager-1.3.0-SNAPSHOT.jar:/home/runner/.m2/repository/org/aspectj/aspectjrt/1.9.7/aspectjrt-1.9.7.jar:/home/runner/.m2/repository/org/aspectj/aspectjweaver/1.9.7/aspectjweaver-1.9.7.jar:/home/runner/.m2/repository/org/apache/ozone/hdds-interface-client/1.3.0-SNAPSHOT/hdds-interface-client-1.3.0-SNAPSHOT.jar:/home/runner/.m2/repository/org/apache/hadoop/thirdparty/hadoop-shaded-protobuf_3_7/1.1.1/hadoop-shaded-protobuf_3_7-1.1.1.jar:/home/runner/.m2/repository/org/apache/ozone/ozone-interface-storage/1.3.0-SNAPSHOT/ozone-interface-storage-1.3.0-SNAPSHOT.jar:/home/runner/.m2/repository/org/reflections/reflections/0.9.11/reflections-0.9.11.jar:/home/runner/.m2/repository/com/sun/jersey/jersey-client/1.19/jersey-client-1.19.jar:/home/runner/.m2/repository/org/apache/ranger/ranger-intg/2.3.0/ranger-intg-2.3.0.jar:/home/runner/.m2/repository/org/apache/ranger/ranger-plugins-common/2.3.0/ranger-plugins-common-2.3.0.jar:/home/runner/.m2/repository/commons-lang/commons-lang/2.6/commons-lang-2.6.jar:/home/runner/.m2/repository/org/codehaus/jackson/jackson-jaxrs/1.9.13/jackson-jaxrs-1.9.13.jar:/home/runner/.m2/repository/org/apache/ranger/ranger-plugins-cred/2.3.0/ranger-plugins-cred-2.3.0.jar:/home/runner/.m2/repository/org/apache/ranger/ranger-plugins-audit/2.3.0/ranger-plugins-audit-2.3.0.jar:/home/runner/.m2/repository/org/eclipse/jetty/jetty-client/9.4.31.v20200723/jetty-client-9.4.31.v20200723.jar:/home/runner/.m2/repository/org/apache/httpcomponents/httpmime/4.5.6/httpmime-4.5.6.jar:/home/runner/.m2/repository/org/apache/httpcomponents/httpcore-nio/4.4.6/httpcore-nio-4.4.6.jar:/home/runner/.m2/repository/org/apache/httpcomponents/httpasyncclient/4.1.3/httpasyncclient-4.1.3.jar:/home/runner/.m2/repository/com/carrotsearch/hppc/0.8.0/hppc-0.8.0.jar:/home/runner/.m2/repository/org/apache/orc/orc-core/1.5.8/orc-core-1.5.8.jar:/home/runner/.m2/repository/net/java/dev/jna/jna/5.2.0/jna-5.2.0.jar:/home/runner/.m2/repository/net/java/dev/jna/jna-platform/5.2.0/jna-platform-5.2.0.jar:/home/runner/.m2/repository/com/kstruct/gethostname4j/0.0.2/gethostname4j-0.0.2.jar:/home/runner/.m2/repository/org/apache/ranger/ranger-plugin-classloader/2.3.0/ranger-plugin-classloader-2.3.0.jar:/home/runner/.m2/repository/org/apache/hadoop/hadoop-minikdc/3.3.4/hadoop-minikdc-3.3.4.jar:/home/runner/.m2/repository/org/apache/kerby/kerb-simplekdc/1.0.1/kerb-simplekdc-1.0.1.jar:/home/runner/.m2/repository/org/apache/kerby/kerb-client/1.0.1/kerb-client-1.0.1.jar:/home/runner/.m2/repository/org/apache/kerby/kerby-config/1.0.1/kerby-config-1.0.1.jar:/home/runner/.m2/repository/org/apache/kerby/kerb-common/1.0.1/kerb-common-1.0.1.jar:/home/runner/.m2/repository/org/apache/kerby/kerb-crypto/1.0.1/kerb-crypto-1.0.1.jar:/home/runner/.m2/repository/org/apache/kerby/kerb-util/1.0.1/kerb-util-1.0.1.jar:/home/runner/.m2/repository/org/apache/kerby/token-provider/1.0.1/token-provider-1.0.1.jar:/home/runner/.m2/repository/org/apache/kerby/kerb-admin/1.0.1/kerb-admin-1.0.1.jar:/home/runner/.m2/repository/org/apache/kerby/kerb-server/1.0.1/kerb-server-1.0.1.jar:/home/runner/.m2/repository/org/apache/kerby/kerb-identity/1.0.1/kerb-identity-1.0.1.jar:/home/runner/.m2/repository/org/apache/kerby/kerby-xdr/1.0.1/kerby-xdr-1.0.1.jar:/home/runner/.m2/repository/org/apache/ozone/ozone-s3gateway/1.3.0-SNAPSHOT/ozone-s3gateway-1.3.0-SNAPSHOT.jar:/home/runner/.m2/repository/org/javassist/javassist/3.21.0-GA/javassist-3.21.0-GA.jar:/home/runner/.m2/repository/org/jboss/weld/servlet/weld-servlet/2.4.7.Final/weld-servlet-2.4.7.Final.jar:/home/runner/.m2/repository/org/glassfish/jersey/containers/jersey-container-servlet-core/2.34/jersey-container-servlet-core-2.34.jar:/home/runner/.m2/repository/org/glassfish/hk2/external/jakarta.inject/2.6.1/jakarta.inject-2.6.1.jar:/home/runner/.m2/repository/org/glassfish/jersey/core/jersey-common/2.34/jersey-common-2.34.jar:/home/runner/.m2/repository/jakarta/ws/rs/jakarta.ws.rs-api/2.1.6/jakarta.ws.rs-api-2.1.6.jar:/home/runner/.m2/repository/org/glassfish/jersey/ext/cdi/jersey-cdi1x/2.34/jersey-cdi1x-2.34.jar:/home/runner/.m2/repository/org/glassfish/jersey/inject/jersey-hk2/2.34/jersey-hk2-2.34.jar:/home/runner/.m2/repository/org/glassfish/hk2/hk2-locator/2.6.1/hk2-locator-2.6.1.jar:/home/runner/.m2/repository/org/glassfish/jersey/media/jersey-media-jaxb/2.34/jersey-media-jaxb-2.34.jar:/home/runner/.m2/repository/org/glassfish/hk2/osgi-resource-locator/1.0.3/osgi-resource-locator-1.0.3.jar:/home/runner/.m2/repository/org/glassfish/hk2/hk2-api/2.5.0/hk2-api-2.5.0.jar:/home/runner/.m2/repository/org/glassfish/hk2/hk2-utils/2.5.0/hk2-utils-2.5.0.jar:/home/runner/.m2/repository/org/glassfish/hk2/external/aopalliance-repackaged/2.5.0/aopalliance-repackaged-2.5.0.jar:/home/runner/.m2/repository/com/fasterxml/jackson/dataformat/jackson-dataformat-xml/2.13.4/jackson-dataformat-xml-2.13.4.jar:/home/runner/.m2/repository/com/fasterxml/jackson/core/jackson-core/2.13.4/jackson-core-2.13.4.jar:/home/runner/.m2/repository/org/codehaus/woodstox/stax2-api/4.2.1/stax2-api-4.2.1.jar:/home/runner/.m2/repository/com/fasterxml/woodstox/woodstox-core/5.4.0/woodstox-core-5.4.0.jar:/home/runner/.m2/repository/com/fasterxml/jackson/module/jackson-module-jaxb-annotations/2.13.4/jackson-module-jaxb-annotations-2.13.4.jar:/home/runner/.m2/repository/jakarta/xml/bind/jakarta.xml.bind-api/2.3.3/jakarta.xml.bind-api-2.3.3.jar:/home/runner/.m2/repository/jakarta/activation/jakarta.activation-api/1.2.1/jakarta.activation-api-1.2.1.jar:/home/runner/.m2/repository/javax/enterprise/cdi-api/1.2/cdi-api-1.2.jar:/home/runner/.m2/repository/javax/el/javax.el-api/3.0.0/javax.el-api-3.0.0.jar:/home/runner/.m2/repository/javax/interceptor/javax.interceptor-api/1.2/javax.interceptor-api-1.2.jar:/home/runner/.m2/repository/javax/inject/javax.inject/1/javax.inject-1.jar:/home/runner/.m2/repository/javax/xml/bind/jaxb-api/2.3.0/jaxb-api-2.3.0.jar:/home/runner/.m2/repository/org/glassfish/jaxb/jaxb-runtime/2.3.0.1/jaxb-runtime-2.3.0.1.jar:/home/runner/.m2/repository/org/glassfish/jaxb/jaxb-core/2.3.0.1/jaxb-core-2.3.0.1.jar:/home/runner/.m2/repository/org/glassfish/jaxb/txw2/2.3.0.1/txw2-2.3.0.1.jar:/home/runner/.m2/repository/com/sun/istack/istack-commons-runtime/3.0.5/istack-commons-runtime-3.0.5.jar:/home/runner/.m2/repository/org/jvnet/staxex/stax-ex/1.7.8/stax-ex-1.7.8.jar:/home/runner/.m2/repository/com/sun/xml/fastinfoset/FastInfoset/1.2.13/FastInfoset-1.2.13.jar:/home/runner/.m2/repository/javax/activation/activation/1.1.1/activation-1.1.1.jar:/home/runner/.m2/repository/io/grpc/grpc-protobuf/1.48.1/grpc-protobuf-1.48.1.jar:/home/runner/.m2/repository/io/grpc/grpc-api/1.48.1/grpc-api-1.48.1.jar:/home/runner/.m2/repository/io/grpc/grpc-context/1.48.1/grpc-context-1.48.1.jar:/home/runner/.m2/repository/com/google/api/grpc/proto-google-common-protos/2.9.0/proto-google-common-protos-2.9.0.jar:/home/runner/.m2/repository/io/grpc/grpc-protobuf-lite/1.48.1/grpc-protobuf-lite-1.48.1.jar:/home/runner/.m2/repository/io/grpc/grpc-stub/1.48.1/grpc-stub-1.48.1.jar:/home/runner/.m2/repository/io/netty/netty-transport/4.1.79.Final/netty-transport-4.1.79.Final.jar:/home/runner/.m2/repository/io/netty/netty-resolver/4.1.79.Final/netty-resolver-4.1.79.Final.jar:/home/runner/.m2/repository/org/apache/ozone/ozone-csi/1.3.0-SNAPSHOT/ozone-csi-1.3.0-SNAPSHOT.jar:/home/runner/.m2/repository/com/google/protobuf/protobuf-java-util/3.19.2/protobuf-java-util-3.19.2.jar:/home/runner/.m2/repository/com/google/code/gson/gson/2.9.0/gson-2.9.0.jar:/home/runner/.m2/repository/org/apache/ozone/hdds-config/1.3.0-SNAPSHOT/hdds-config-1.3.0-SNAPSHOT.jar:/home/runner/.m2/repository/io/netty/netty-transport-native-epoll/4.1.79.Final/netty-transport-native-epoll-4.1.79.Final-linux-x86_64.jar:/home/runner/.m2/repository/io/netty/netty-transport-classes-epoll/4.1.79.Final/netty-transport-classes-epoll-4.1.79.Final.jar:/home/runner/.m2/repository/io/netty/netty-transport-native-unix-common/4.1.79.Final/netty-transport-native-unix-common-4.1.79.Final.jar:/home/runner/.m2/repository/org/slf4j/slf4j-reload4j/1.7.36/slf4j-reload4j-1.7.36.jar:/home/runner/.m2/repository/org/apache/ozone/ozone-recon/1.3.0-SNAPSHOT/ozone-recon-1.3.0-SNAPSHOT.jar:/home/runner/.m2/repository/org/apache/ozone/ozone-reconcodegen/1.3.0-SNAPSHOT/ozone-reconcodegen-1.3.0-SNAPSHOT.jar:/home/runner/.m2/repository/com/google/inject/extensions/guice-multibindings/4.0/guice-multibindings-4.0.jar:/home/runner/.m2/repository/com/google/inject/guice/4.0/guice-4.0.jar:/home/runner/.m2/repository/aopalliance/aopalliance/1.0/aopalliance-1.0.jar:/home/runner/.m2/repository/com/google/inject/extensions/guice-assistedinject/4.0/guice-assistedinject-4.0.jar:/home/runner/.m2/repository/com/google/inject/extensions/guice-servlet/4.0/guice-servlet-4.0.jar:/home/runner/.m2/repository/org/glassfish/jersey/containers/jersey-container-servlet/2.34/jersey-container-servlet-2.34.jar:/home/runner/.m2/repository/org/glassfish/hk2/guice-bridge/2.5.0/guice-bridge-2.5.0.jar:/home/runner/.m2/repository/org/glassfish/jersey/core/jersey-server/2.34/jersey-server-2.34.jar:/home/runner/.m2/repository/org/glassfish/jersey/core/jersey-client/2.34/jersey-client-2.34.jar:/home/runner/.m2/repository/jakarta/annotation/jakarta.annotation-api/1.3.5/jakarta.annotation-api-1.3.5.jar:/home/runner/.m2/repository/jakarta/validation/jakarta.validation-api/2.0.2/jakarta.validation-api-2.0.2.jar:/home/runner/.m2/repository/org/glassfish/jersey/media/jersey-media-json-jackson/2.34/jersey-media-json-jackson-2.34.jar:/home/runner/.m2/repository/org/glassfish/jersey/ext/jersey-entity-filtering/2.34/jersey-entity-filtering-2.34.jar:/home/runner/.m2/repository/org/jooq/jooq/3.11.10/jooq-3.11.10.jar:/home/runner/.m2/repository/org/jooq/jooq-meta/3.11.10/jooq-meta-3.11.10.jar:/home/runner/.m2/repository/org/jooq/jooq-codegen/3.11.10/jooq-codegen-3.11.10.jar:/home/runner/.m2/repository/com/jolbox/bonecp/0.8.0.RELEASE/bonecp-0.8.0.RELEASE.jar:/home/runner/.m2/repository/org/apache/derby/derby/10.14.2.0/derby-10.14.2.0.jar:/home/runner/.m2/repository/org/xerial/sqlite-jdbc/3.25.2/sqlite-jdbc-3.25.2.jar:/home/runner/.m2/repository/org/springframework/spring-jdbc/5.3.23/spring-jdbc-5.3.23.jar:/home/runner/.m2/repository/org/springframework/spring-beans/5.3.23/spring-beans-5.3.23.jar:/home/runner/.m2/repository/org/springframework/spring-core/5.3.23/spring-core-5.3.23.jar:/home/runner/.m2/repository/org/springframework/spring-jcl/5.3.23/spring-jcl-5.3.23.jar:/home/runner/.m2/repository/org/springframework/spring-tx/5.3.23/spring-tx-5.3.23.jar:/home/runner/.m2/repository/org/apache/ozone/ozone-client/1.3.0-SNAPSHOT/ozone-client-1.3.0-SNAPSHOT.jar:/home/runner/.m2/repository/org/apache/ozone/hdds-erasurecode/1.3.0-SNAPSHOT/hdds-erasurecode-1.3.0-SNAPSHOT.jar:/home/runner/.m2/repository/org/apache/ozone/ozone-filesystem/1.3.0-SNAPSHOT/ozone-filesystem-1.3.0-SNAPSHOT.jar:/home/runner/.m2/repository/org/apache/ozone/ozone-filesystem-common/1.3.0-SNAPSHOT/ozone-filesystem-common-1.3.0-SNAPSHOT.jar:/home/runner/.m2/repository/org/apache/ozone/ozone-tools/1.3.0-SNAPSHOT/ozone-tools-1.3.0-SNAPSHOT.jar:/home/runner/.m2/repository/org/apache/ratis/ratis-tools/2.4.0/ratis-tools-2.4.0.jar:/home/runner/.m2/repository/com/amazonaws/aws-java-sdk-core/1.12.261/aws-java-sdk-core-1.12.261.jar:/home/runner/.m2/repository/org/apache/httpcomponents/httpclient/4.5.13/httpclient-4.5.13.jar:/home/runner/.m2/repository/org/apache/httpcomponents/httpcore/4.4.13/httpcore-4.4.13.jar:/home/runner/.m2/repository/software/amazon/ion/ion-java/1.0.2/ion-java-1.0.2.jar:/home/runner/.m2/repository/com/fasterxml/jackson/dataformat/jackson-dataformat-cbor/2.13.4/jackson-dataformat-cbor-2.13.4.jar:/home/runner/.m2/repository/joda-time/joda-time/2.8.1/joda-time-2.8.1.jar:/home/runner/.m2/repository/com/amazonaws/aws-java-sdk-s3/1.12.261/aws-java-sdk-s3-1.12.261.jar:/home/runner/.m2/repository/com/amazonaws/aws-java-sdk-kms/1.12.261/aws-java-sdk-kms-1.12.261.jar:/home/runner/.m2/repository/com/amazonaws/jmespath-java/1.12.261/jmespath-java-1.12.261.jar:/home/runner/.m2/repository/org/kohsuke/metainf-services/metainf-services/1.8/metainf-services-1.8.jar:/home/runner/.m2/repository/org/apache/ozone/hdds-tools/1.3.0-SNAPSHOT/hdds-tools-1.3.0-SNAPSHOT.jar:/home/runner/.m2/repository/commons-cli/commons-cli/1.2/commons-cli-1.2.jar:/home/runner/.m2/repository/org/apache/commons/commons-lang3/3.7/commons-lang3-3.7.jar:/home/runner/.m2/repository/org/apache/ozone/ozone-manager/1.3.0-SNAPSHOT/ozone-manager-1.3.0-SNAPSHOT-tests.jar:/home/runner/.m2/repository/org/apache/ozone/hdds-common/1.3.0-SNAPSHOT/hdds-common-1.3.0-SNAPSHOT-tests.jar:/home/runner/.m2/repository/org/apache/ozone/hdds-hadoop-dependency-client/1.3.0-SNAPSHOT/hdds-hadoop-dependency-client-1.3.0-SNAPSHOT.jar:/home/runner/.m2/repository/info/picocli/picocli/4.6.1/picocli-4.6.1.jar:/home/runner/.m2/repository/com/fasterxml/jackson/core/jackson-annotations/2.13.4/jackson-annotations-2.13.4.jar:/home/runner/.m2/repository/com/fasterxml/jackson/datatype/jackson-datatype-jsr310/2.13.4/jackson-datatype-jsr310-2.13.4.jar:/home/runner/.m2/repository/org/apache/ozone/hdds-annotation-processing/1.3.0-SNAPSHOT/hdds-annotation-processing-1.3.0-SNAPSHOT.jar:/home/runner/.m2/repository/javax/annotation/javax.annotation-api/1.2/javax.annotation-api-1.2.jar:/home/runner/.m2/repository/org/apache/ratis/ratis-server/2.4.0/ratis-server-2.4.0.jar:/home/runner/.m2/repository/org/apache/ratis/ratis-client/2.4.0/ratis-client-2.4.0.jar:/home/runner/.m2/repository/org/apache/ratis/ratis-server-api/2.4.0/ratis-server-api-2.4.0.jar:/home/runner/.m2/repository/org/apache/ratis/ratis-metrics/2.4.0/ratis-metrics-2.4.0.jar:/home/runner/.m2/repository/org/apache/ratis/ratis-netty/2.4.0/ratis-netty-2.4.0.jar:/home/runner/.m2/repository/org/apache/ratis/ratis-grpc/2.4.0/ratis-grpc-2.4.0.jar:/home/runner/.m2/repository/org/apache/logging/log4j/log4j-api/2.17.1/log4j-api-2.17.1.jar:/home/runner/.m2/repository/org/apache/commons/commons-pool2/2.6.0/commons-pool2-2.6.0.jar:/home/runner/.m2/repository/org/bouncycastle/bcpkix-jdk15on/1.67/bcpkix-jdk15on-1.67.jar:/home/runner/.m2/repository/commons-validator/commons-validator/1.6/commons-validator-1.6.jar:/home/runner/.m2/repository/commons-beanutils/commons-beanutils/1.9.4/commons-beanutils-1.9.4.jar:/home/runner/.m2/repository/commons-digester/commons-digester/1.8.1/commons-digester-1.8.1.jar:/home/runner/.m2/repository/commons-collections/commons-collections/3.2.2/commons-collections-3.2.2.jar:/home/runner/.m2/repository/io/jaegertracing/jaeger-client/1.6.0/jaeger-client-1.6.0.jar:/home/runner/.m2/repository/io/jaegertracing/jaeger-thrift/1.6.0/jaeger-thrift-1.6.0.jar:/home/runner/.m2/repository/org/apache/thrift/libthrift/0.14.1/libthrift-0.14.1.jar:/home/runner/.m2/repository/io/jaegertracing/jaeger-core/1.6.0/jaeger-core-1.6.0.jar:/home/runner/.m2/repository/io/jaegertracing/jaeger-tracerresolver/1.6.0/jaeger-tracerresolver-1.6.0.jar:/home/runner/.m2/repository/io/opentracing/contrib/opentracing-tracerresolver/0.1.8/opentracing-tracerresolver-0.1.8.jar:/home/runner/.m2/repository/org/jetbrains/kotlin/kotlin-stdlib/1.6.21/kotlin-stdlib-1.6.21.jar:/home/runner/.m2/repository/org/jetbrains/annotations/13.0/annotations-13.0.jar:/home/runner/.m2/repository/io/opentracing/opentracing-util/0.33.0/opentracing-util-0.33.0.jar:/home/runner/.m2/repository/io/opentracing/opentracing-api/0.33.0/opentracing-api-0.33.0.jar:/home/runner/.m2/repository/io/opentracing/opentracing-noop/0.33.0/opentracing-noop-0.33.0.jar:/home/runner/.m2/repository/org/yaml/snakeyaml/1.33/snakeyaml-1.33.jar:/home/runner/.m2/repository/org/apache/ozone/hdds-interface-admin/1.3.0-SNAPSHOT/hdds-interface-admin-1.3.0-SNAPSHOT.jar:/home/runner/.m2/repository/junit/junit/4.13.1/junit-4.13.1.jar:/home/runner/.m2/repository/org/hamcrest/hamcrest-core/1.3/hamcrest-core-1.3.jar:/home/runner/.m2/repository/org/junit/jupiter/junit-jupiter-api/5.8.2/junit-jupiter-api-5.8.2.jar:/home/runner/.m2/repository/org/opentest4j/opentest4j/1.2.0/opentest4j-1.2.0.jar:/home/runner/.m2/repository/org/junit/platform/junit-platform-commons/1.8.2/junit-platform-commons-1.8.2.jar:/home/runner/.m2/repository/org/apiguardian/apiguardian-api/1.1.2/apiguardian-api-1.1.2.jar:/home/runner/.m2/repository/org/junit/jupiter/junit-jupiter-params/5.8.2/junit-jupiter-params-5.8.2.jar:/home/runner/.m2/repository/org/junit/jupiter/junit-jupiter-migrationsupport/5.8.2/junit-jupiter-migrationsupport-5.8.2.jar:/home/runner/.m2/repository/org/junit/jupiter/junit-jupiter-engine/5.8.2/junit-jupiter-engine-5.8.2.jar:/home/runner/.m2/repository/org/junit/platform/junit-platform-engine/1.8.2/junit-platform-engine-1.8.2.jar:/home/runner/.m2/repository/org/junit/vintage/junit-vintage-engine/5.8.2/junit-vintage-engine-5.8.2.jar:/home/runner/.m2/repository/org/junit/platform/junit-platform-launcher/1.8.2/junit-platform-launcher-1.8.2.jar:/home/runner/.m2/repository/org/mockito/mockito-core/2.28.2/mockito-core-2.28.2.jar:/home/runner/.m2/repository/net/bytebuddy/byte-buddy/1.9.10/byte-buddy-1.9.10.jar:/home/runner/.m2/repository/net/bytebuddy/byte-buddy-agent/1.9.10/byte-buddy-agent-1.9.10.jar:/home/runner/.m2/repository/org/objenesis/objenesis/1.0/objenesis-1.0.jar:/home/runner/.m2/repository/org/apache/hadoop/hadoop-kms/3.3.4/hadoop-kms-3.3.4.jar:/home/runner/.m2/repository/org/apache/hadoop/hadoop-auth/3.3.4/hadoop-auth-3.3.4.jar:/home/runner/.m2/repository/com/nimbusds/nimbus-jose-jwt/9.8.1/nimbus-jose-jwt-9.8.1.jar:/home/runner/.m2/repository/com/github/stephenc/jcip/jcip-annotations/1.0-1/jcip-annotations-1.0-1.jar:/home/runner/.m2/repository/net/minidev/json-smart/2.4.7/json-smart-2.4.7.jar:/home/runner/.m2/repository/net/minidev/accessors-smart/2.4.7/accessors-smart-2.4.7.jar:/home/runner/.m2/repository/org/ow2/asm/asm/5.0.4/asm-5.0.4.jar:/home/runner/.m2/repository/org/apache/zookeeper/zookeeper/3.5.6/zookeeper-3.5.6.jar:/home/runner/.m2/repository/org/apache/zookeeper/zookeeper-jute/3.5.6/zookeeper-jute-3.5.6.jar:/home/runner/.m2/repository/org/apache/yetus/audience-annotations/0.5.0/audience-annotations-0.5.0.jar:/home/runner/.m2/repository/org/apache/curator/curator-framework/4.2.0/curator-framework-4.2.0.jar:/home/runner/.m2/repository/org/apache/hadoop/thirdparty/hadoop-shaded-guava/1.1.1/hadoop-shaded-guava-1.1.1.jar:/home/runner/.m2/repository/com/sun/jersey/jersey-core/1.19/jersey-core-1.19.jar:/home/runner/.m2/repository/javax/ws/rs/jsr311-api/1.1.1/jsr311-api-1.1.1.jar:/home/runner/.m2/repository/com/sun/jersey/jersey-server/1.19/jersey-server-1.19.jar:/home/runner/.m2/repository/javax/servlet/javax.servlet-api/3.1.0/javax.servlet-api-3.1.0.jar:/home/runner/.m2/repository/org/eclipse/jetty/jetty-server/9.4.49.v20220914/jetty-server-9.4.49.v20220914.jar:/home/runner/.m2/repository/org/eclipse/jetty/jetty-http/9.4.49.v20220914/jetty-http-9.4.49.v20220914.jar:/home/runner/.m2/repository/org/eclipse/jetty/jetty-io/9.4.49.v20220914/jetty-io-9.4.49.v20220914.jar:/home/runner/.m2/repository/org/eclipse/jetty/jetty-webapp/9.4.49.v20220914/jetty-webapp-9.4.49.v20220914.jar:/home/runner/.m2/repository/org/eclipse/jetty/jetty-xml/9.4.49.v20220914/jetty-xml-9.4.49.v20220914.jar:/home/runner/.m2/repository/org/apache/hadoop/hadoop-common/3.3.4/hadoop-common-3.3.4.jar:/home/runner/.m2/repository/org/apache/commons/commons-math3/3.1.1/commons-math3-3.1.1.jar:/home/runner/.m2/repository/commons-net/commons-net/3.6/commons-net-3.6.jar:/home/runner/.m2/repository/com/sun/jersey/jersey-servlet/1.19/jersey-servlet-1.19.jar:/home/runner/.m2/repository/com/sun/jersey/jersey-json/1.19/jersey-json-1.19.jar:/home/runner/.m2/repository/org/codehaus/jettison/jettison/1.1/jettison-1.1.jar:/home/runner/.m2/repository/com/sun/xml/bind/jaxb-impl/2.2.3-1/jaxb-impl-2.2.3-1.jar:/home/runner/.m2/repository/org/codehaus/jackson/jackson-xc/1.9.2/jackson-xc-1.9.2.jar:/home/runner/.m2/repository/com/google/re2j/re2j/1.1/re2j-1.1.jar:/home/runner/.m2/repository/com/jcraft/jsch/0.1.54/jsch-0.1.54.jar:/home/runner/.m2/repository/org/apache/curator/curator-client/4.2.0/curator-client-4.2.0.jar:/home/runner/.m2/repository/org/apache/curator/curator-recipes/4.2.0/curator-recipes-4.2.0.jar:/home/runner/.m2/repository/org/apache/kerby/kerb-core/1.0.1/kerb-core-1.0.1.jar:/home/runner/.m2/repository/org/apache/kerby/kerby-pkix/1.0.1/kerby-pkix-1.0.1.jar:/home/runner/.m2/repository/org/apache/kerby/kerby-asn1/1.0.1/kerby-asn1-1.0.1.jar:/home/runner/.m2/repository/org/apache/kerby/kerby-util/1.0.1/kerby-util-1.0.1.jar:/home/runner/.m2/repository/dnsjava/dnsjava/2.1.7/dnsjava-2.1.7.jar:/home/runner/.m2/repository/org/xerial/snappy/snappy-java/1.1.8.2/snappy-java-1.1.8.2.jar:/home/runner/.m2/repository/org/eclipse/jetty/jetty-util/9.4.49.v20220914/jetty-util-9.4.49.v20220914.jar:/home/runner/.m2/repository/com/fasterxml/jackson/core/jackson-databind/2.13.4.2/jackson-databind-2.13.4.2.jar:/home/runner/.m2/repository/org/apache/hadoop/hadoop-kms/3.3.4/hadoop-kms-3.3.4-tests.jar:/home/runner/.m2/repository/org/apache/ozone/hdds-server-scm/1.3.0-SNAPSHOT/hdds-server-scm-1.3.0-SNAPSHOT-tests.jar:/home/runner/.m2/repository/org/apache/ozone/hdds-container-service/1.3.0-SNAPSHOT/hdds-container-service-1.3.0-SNAPSHOT-tests.jar:/home/runner/.m2/repository/commons-codec/commons-codec/1.15/commons-codec-1.15.jar:/home/runner/.m2/repository/io/netty/netty-codec/4.1.79.Final/netty-codec-4.1.79.Final.jar:/home/runner/.m2/repository/io/netty/netty-handler/4.1.79.Final/netty-handler-4.1.79.Final.jar:/home/runner/.m2/repository/org/apache/ozone/hdds-hadoop-dependency-test/1.3.0-SNAPSHOT/hdds-hadoop-dependency-test-1.3.0-SNAPSHOT.jar:/home/runner/.m2/repository/org/apache/hadoop/hadoop-common/3.3.4/hadoop-common-3.3.4-tests.jar:/home/runner/.m2/repository/org/apache/hadoop/hadoop-hdfs/3.3.4/hadoop-hdfs-3.3.4-tests.jar:/home/runner/.m2/repository/org/assertj/assertj-core/3.12.2/assertj-core-3.12.2.jar:/home/runner/.m2/repository/org/apache/hadoop/hadoop-distcp/3.3.4/hadoop-distcp-3.3.4.jar:/home/runner/.m2/repository/org/apache/hadoop/hadoop-mapreduce-client-jobclient/3.3.4/hadoop-mapreduce-client-jobclient-3.3.4.jar:/home/runner/.m2/repository/org/apache/hadoop/hadoop-mapreduce-client-common/3.3.4/hadoop-mapreduce-client-common-3.3.4.jar:/home/runner/.m2/repository/org/apache/hadoop/hadoop-yarn-common/3.3.4/hadoop-yarn-common-3.3.4.jar:/home/runner/.m2/repository/org/apache/hadoop/hadoop-yarn-api/3.3.4/hadoop-yarn-api-3.3.4.jar:/home/runner/.m2/repository/com/sun/jersey/contribs/jersey-guice/1.19/jersey-guice-1.19.jar:/home/runner/.m2/repository/com/fasterxml/jackson/jaxrs/jackson-jaxrs-json-provider/2.13.4/jackson-jaxrs-json-provider-2.13.4.jar:/home/runner/.m2/repository/com/fasterxml/jackson/jaxrs/jackson-jaxrs-base/2.13.4/jackson-jaxrs-base-2.13.4.jar:/home/runner/.m2/repository/org/apache/hadoop/hadoop-yarn-client/3.3.4/hadoop-yarn-client-3.3.4.jar:/home/runner/.m2/repository/org/eclipse/jetty/websocket/websocket-client/9.4.43.v20210629/websocket-client-9.4.43.v20210629.jar:/home/runner/.m2/repository/org/eclipse/jetty/websocket/websocket-common/9.4.43.v20210629/websocket-common-9.4.43.v20210629.jar:/home/runner/.m2/repository/org/eclipse/jetty/websocket/websocket-api/9.4.43.v20210629/websocket-api-9.4.43.v20210629.jar:/home/runner/.m2/repository/org/jline/jline/3.9.0/jline-3.9.0.jar:/home/runner/.m2/repository/org/apache/hadoop/hadoop-mapreduce-client-core/3.3.4/hadoop-mapreduce-client-core-3.3.4.jar:/home/runner/.m2/repository/org/apache/avro/avro/1.7.7/avro-1.7.7.jar:/home/runner/.m2/repository/org/codehaus/jackson/jackson-core-asl/1.9.13/jackson-core-asl-1.9.13.jar:/home/runner/.m2/repository/org/codehaus/jackson/jackson-mapper-asl/1.9.13/jackson-mapper-asl-1.9.13.jar:/home/runner/.m2/repository/com/thoughtworks/paranamer/paranamer/2.3/paranamer-2.3.jar:/home/runner/.m2/repository/org/apache/hadoop/hadoop-annotations/3.3.4/hadoop-annotations-3.3.4.jar:/usr/lib/jvm/temurin-8-jdk-amd64/jre/../lib/tools.jar:/home/runner/.m2/repository/io/netty/netty/3.10.6.Final/netty-3.10.6.Final.jar:/home/runner/.m2/repository/org/apache/hadoop/hadoop-distcp/3.3.4/hadoop-distcp-3.3.4-tests.jar:/home/runner/.m2/repository/org/slf4j/jul-to-slf4j/1.7.36/jul-to-slf4j-1.7.36.jar:/home/runner/.m2/repository/org/apache/ratis/ratis-common/2.4.0/ratis-common-2.4.0.jar:/home/runner/.m2/repository/org/apache/ratis/ratis-thirdparty-misc/1.0.2/ratis-thirdparty-misc-1.0.2.jar:/home/runner/.m2/repository/org/apache/ratis/ratis-proto/2.4.0/ratis-proto-2.4.0.jar:"/>
    <property name="sun.cpu.endian" value="little"/>
    <property name="user.home" value="/home/runner"/>
    <property name="user.language" value="en"/>
    <property name="java.specification.vendor" value="Oracle Corporation"/>
    <property name="java.home" value="/usr/lib/jvm/temurin-8-jdk-amd64/jre"/>
    <property name="java.security.krb5.conf" value="/home/runner/work/ozone/ozone/hadoop-ozone/integration-test/target/test-classes/krb5.conf"/>
    <property name="basedir" value="/home/runner/work/ozone/ozone/hadoop-ozone/integration-test"/>
    <property name="file.separator" value="/"/>
    <property name="line.separator" value="&#10;"/>
    <property name="java.vm.specification.vendor" value="Oracle Corporation"/>
    <property name="java.specification.name" value="Java Platform API Specification"/>
    <property name="java.awt.graphicsenv" value="sun.awt.X11GraphicsEnvironment"/>
    <property name="skip.installnpx" value="true"/>
    <property name="surefire.fork.timeout" value="3600"/>
    <property name="surefire.real.class.path" value="/home/runner/work/ozone/ozone/hadoop-ozone/integration-test/target/surefire/surefirebooter4175834390003604648.jar:/home/runner/.m2/repository/org/jacoco/org.jacoco.agent/0.8.5/org.jacoco.agent-0.8.5-runtime.jar"/>
    <property name="hadoop.log.dir" value="/home/runner/work/ozone/ozone/hadoop-ozone/integration-test/target/log"/>
    <property name="sun.boot.class.path" value="/usr/lib/jvm/temurin-8-jdk-amd64/jre/lib/resources.jar:/usr/lib/jvm/temurin-8-jdk-amd64/jre/lib/rt.jar:/usr/lib/jvm/temurin-8-jdk-amd64/jre/lib/sunrsasign.jar:/usr/lib/jvm/temurin-8-jdk-amd64/jre/lib/jsse.jar:/usr/lib/jvm/temurin-8-jdk-amd64/jre/lib/jce.jar:/usr/lib/jvm/temurin-8-jdk-amd64/jre/lib/charsets.jar:/usr/lib/jvm/temurin-8-jdk-amd64/jre/lib/jfr.jar:/usr/lib/jvm/temurin-8-jdk-amd64/jre/classes"/>
    <property name="sun.management.compiler" value="HotSpot 64-Bit Tiered Compilers"/>
    <property name="skip.npx" value="true"/>
    <property name="java.runtime.version" value="1.8.0_345-b01"/>
    <property name="java.net.preferIPv4Stack" value="true"/>
    <property name="user.name" value="runner"/>
    <property name="path.separator" value=":"/>
    <property name="java.security.egd" value="file:///dev/urandom"/>
    <property name="os.version" value="5.15.0-1022-azure"/>
    <property name="java.endorsed.dirs" value="/usr/lib/jvm/temurin-8-jdk-amd64/jre/lib/endorsed"/>
    <property name="java.runtime.name" value="OpenJDK Runtime Environment"/>
    <property name="file.encoding" value="UTF-8"/>
    <property name="java.vm.name" value="OpenJDK 64-Bit Server VM"/>
    <property name="test.build.webapps" value=""/>
    <property name="localRepository" value="/home/runner/.m2/repository"/>
    <property name="jetty.git.hash" value="4231a3b2e4cb8548a412a789936d640a97b1aa0a"/>
    <property name="java.vendor.url.bug" value="https://github.com/adoptium/adoptium-support/issues"/>
    <property name="java.io.tmpdir" value="/tmp"/>
    <property name="require.test.libhadoop" value=""/>
    <property name="surefire.rerunFailingTestsCount" value="5"/>
    <property name="java.version" value="1.8.0_345"/>
    <property name="user.dir" value="/home/runner/work/ozone/ozone/hadoop-ozone/integration-test"/>
    <property name="os.arch" value="amd64"/>
    <property name="java.vm.specification.name" value="Java Virtual Machine Specification"/>
    <property name="test.build.classes" value="/home/runner/work/ozone/ozone/hadoop-ozone/integration-test/target/test-classes"/>
    <property name="java.awt.printerjob" value="sun.print.PSPrinterJob"/>
    <property name="sun.os.patch.level" value="unknown"/>
    <property name="org.apache.ratis.thirdparty.io.netty.allocator.useCacheForAllThreads" value="false"/>
    <property name="hadoop.tmp.dir" value="/home/runner/work/ozone/ozone/hadoop-ozone/integration-test/target/tmp"/>
    <property name="java.library.path" value="/usr/java/packages/lib/amd64:/usr/lib64:/lib64:/lib:/usr/lib"/>
    <property name="java.vm.info" value="mixed mode"/>
    <property name="java.vendor" value="Temurin"/>
    <property name="java.vm.version" value="25.345-b01"/>
    <property name="java.ext.dirs" value="/usr/lib/jvm/temurin-8-jdk-amd64/jre/lib/ext:/usr/java/packages/lib/ext"/>
    <property name="sun.io.unicode.encoding" value="UnicodeLittle"/>
    <property name="java.class.version" value="52.0"/>
  </properties>
  <testcase name="testNodeWithOpenPipelineCanBeDecommissionedAndRecommissioned" classname="org.apache.hadoop.ozone.scm.node.TestDecommissionAndMaintenance" time="48.527"/>
  <testcase name="testContainerIsReplicatedWhenAllNodesGotoMaintenance" classname="org.apache.hadoop.ozone.scm.node.TestDecommissionAndMaintenance" time="34.782"/>
  <testcase name="testMaintenanceEndsAutomaticallyAtTimeout" classname="org.apache.hadoop.ozone.scm.node.TestDecommissionAndMaintenance" time="35.941"/>
  <testcase name="testSingleNodeWithOpenPipelineCanGotoMaintenance" classname="org.apache.hadoop.ozone.scm.node.TestDecommissionAndMaintenance" time="34.331"/>
  <testcase name="testSCMHandlesRestartForMaintenanceNode" classname="org.apache.hadoop.ozone.scm.node.TestDecommissionAndMaintenance" time="44.706">
    <error type="java.util.concurrent.TimeoutException"><![CDATA[java.util.concurrent.TimeoutException: 
Timed out waiting for condition. Thread diagnostics:
Timestamp: 2022-11-18 01:06:46,027

"qtp708458890-4238" daemon prio=5 tid=4238 timed_waiting
java.lang.Thread.State: TIMED_WAITING
        at sun.misc.Unsafe.park(Native Method)
        at java.util.concurrent.locks.LockSupport.parkNanos(LockSupport.java:215)
        at java.util.concurrent.locks.AbstractQueuedSynchronizer$ConditionObject.awaitNanos(AbstractQueuedSynchronizer.java:2078)
        at org.eclipse.jetty.util.BlockingArrayQueue.poll(BlockingArrayQueue.java:382)
        at org.eclipse.jetty.util.thread.QueuedThreadPool$Runner.idleJobPoll(QueuedThreadPool.java:974)
        at org.eclipse.jetty.util.thread.QueuedThreadPool$Runner.run(QueuedThreadPool.java:1018)
        at java.lang.Thread.run(Thread.java:750)
"Datanode State Machine Task Thread - 0"  prio=5 tid=4320 in Object.wait()
java.lang.Thread.State: WAITING (on object monitor)
        at sun.misc.Unsafe.park(Native Method)
        at java.util.concurrent.locks.LockSupport.park(LockSupport.java:175)
        at java.util.concurrent.locks.AbstractQueuedSynchronizer$ConditionObject.await(AbstractQueuedSynchronizer.java:2039)
        at java.util.concurrent.LinkedBlockingQueue.take(LinkedBlockingQueue.java:442)
        at java.util.concurrent.ThreadPoolExecutor.getTask(ThreadPoolExecutor.java:1074)
        at java.util.concurrent.ThreadPoolExecutor.runWorker(ThreadPoolExecutor.java:1134)
        at java.util.concurrent.ThreadPoolExecutor$Worker.run(ThreadPoolExecutor.java:624)
        at java.lang.Thread.run(Thread.java:750)
"IPC Server handler 16 on default port 45833" daemon prio=5 tid=3258 timed_waiting
java.lang.Thread.State: TIMED_WAITING
        at sun.misc.Unsafe.park(Native Method)
        at java.util.concurrent.locks.LockSupport.parkNanos(LockSupport.java:215)
        at java.util.concurrent.locks.AbstractQueuedSynchronizer$ConditionObject.awaitNanos(AbstractQueuedSynchronizer.java:2078)
        at java.util.concurrent.LinkedBlockingQueue.poll(LinkedBlockingQueue.java:467)
        at org.apache.hadoop.ipc.CallQueueManager.take(CallQueueManager.java:317)
        at org.apache.hadoop.ipc.Server$Handler.run(Server.java:2942)
"IPC Server handler 9 on default port 36439" daemon prio=5 tid=3793 timed_waiting
java.lang.Thread.State: TIMED_WAITING
        at sun.misc.Unsafe.park(Native Method)
        at java.util.concurrent.locks.LockSupport.parkNanos(LockSupport.java:215)
        at java.util.concurrent.locks.AbstractQueuedSynchronizer$ConditionObject.awaitNanos(AbstractQueuedSynchronizer.java:2078)
        at java.util.concurrent.LinkedBlockingQueue.poll(LinkedBlockingQueue.java:467)
        at org.apache.hadoop.ipc.CallQueueManager.take(CallQueueManager.java:317)
        at org.apache.hadoop.ipc.Server$Handler.run(Server.java:2942)
"Periodic HDDS volume checker" daemon prio=5 tid=3290 timed_waiting
java.lang.Thread.State: TIMED_WAITING
        at sun.misc.Unsafe.park(Native Method)
        at java.util.concurrent.locks.LockSupport.parkNanos(LockSupport.java:215)
        at java.util.concurrent.locks.AbstractQueuedSynchronizer$ConditionObject.awaitNanos(AbstractQueuedSynchronizer.java:2078)
        at java.util.concurrent.ScheduledThreadPoolExecutor$DelayedWorkQueue.take(ScheduledThreadPoolExecutor.java:1093)
        at java.util.concurrent.ScheduledThreadPoolExecutor$DelayedWorkQueue.take(ScheduledThreadPoolExecutor.java:809)
        at java.util.concurrent.ThreadPoolExecutor.getTask(ThreadPoolExecutor.java:1074)
        at java.util.concurrent.ThreadPoolExecutor.runWorker(ThreadPoolExecutor.java:1134)
        at java.util.concurrent.ThreadPoolExecutor$Worker.run(ThreadPoolExecutor.java:624)
        at java.lang.Thread.run(Thread.java:750)
"Datanode ReportManager Thread - 4" daemon prio=5 tid=5090 in Object.wait()
java.lang.Thread.State: WAITING (on object monitor)
        at sun.misc.Unsafe.park(Native Method)
        at java.util.concurrent.locks.LockSupport.park(LockSupport.java:175)
        at java.util.concurrent.locks.AbstractQueuedSynchronizer$ConditionObject.await(AbstractQueuedSynchronizer.java:2039)
        at java.util.concurrent.ScheduledThreadPoolExecutor$DelayedWorkQueue.take(ScheduledThreadPoolExecutor.java:1088)
        at java.util.concurrent.ScheduledThreadPoolExecutor$DelayedWorkQueue.take(ScheduledThreadPoolExecutor.java:809)
        at java.util.concurrent.ThreadPoolExecutor.getTask(ThreadPoolExecutor.java:1074)
        at java.util.concurrent.ThreadPoolExecutor.runWorker(ThreadPoolExecutor.java:1134)
        at java.util.concurrent.ThreadPoolExecutor$Worker.run(ThreadPoolExecutor.java:624)
        at java.lang.Thread.run(Thread.java:750)
"767ffbb5-8206-4017-b2eb-6858697bfab3@group-F6180B8797A3-StateMachineUpdater" daemon prio=5 tid=5468 timed_waiting
java.lang.Thread.State: TIMED_WAITING
        at sun.misc.Unsafe.park(Native Method)
        at java.util.concurrent.locks.LockSupport.parkNanos(LockSupport.java:215)
        at java.util.concurrent.CompletableFuture$Signaller.block(CompletableFuture.java:1709)
        at java.util.concurrent.ForkJoinPool.managedBlock(ForkJoinPool.java:3323)
        at java.util.concurrent.CompletableFuture.timedGet(CompletableFuture.java:1788)
        at java.util.concurrent.CompletableFuture.get(CompletableFuture.java:1928)
        at org.apache.ratis.util.AwaitForSignal.await(AwaitForSignal.java:56)
        at org.apache.ratis.server.impl.StateMachineUpdater.waitForCommit(StateMachineUpdater.java:207)
        at org.apache.ratis.server.impl.StateMachineUpdater.run(StateMachineUpdater.java:176)
        at java.lang.Thread.run(Thread.java:750)
"Datanode ReportManager Thread - 3" daemon prio=5 tid=5009 in Object.wait()
java.lang.Thread.State: WAITING (on object monitor)
        at sun.misc.Unsafe.park(Native Method)
        at java.util.concurrent.locks.LockSupport.park(LockSupport.java:175)
        at java.util.concurrent.locks.AbstractQueuedSynchronizer$ConditionObject.await(AbstractQueuedSynchronizer.java:2039)
        at java.util.concurrent.ScheduledThreadPoolExecutor$DelayedWorkQueue.take(ScheduledThreadPoolExecutor.java:1088)
        at java.util.concurrent.ScheduledThreadPoolExecutor$DelayedWorkQueue.take(ScheduledThreadPoolExecutor.java:809)
        at java.util.concurrent.ThreadPoolExecutor.getTask(ThreadPoolExecutor.java:1074)
        at java.util.concurrent.ThreadPoolExecutor.runWorker(ThreadPoolExecutor.java:1134)
        at java.util.concurrent.ThreadPoolExecutor$Worker.run(ThreadPoolExecutor.java:624)
        at java.lang.Thread.run(Thread.java:750)
"ChunkWriter-3-0" daemon prio=5 tid=4364 in Object.wait()
java.lang.Thread.State: WAITING (on object monitor)
        at sun.misc.Unsafe.park(Native Method)
        at java.util.concurrent.locks.LockSupport.park(LockSupport.java:175)
        at java.util.concurrent.locks.AbstractQueuedSynchronizer$ConditionObject.await(AbstractQueuedSynchronizer.java:2039)
        at java.util.concurrent.LinkedBlockingDeque.takeFirst(LinkedBlockingDeque.java:492)
        at java.util.concurrent.LinkedBlockingDeque.take(LinkedBlockingDeque.java:680)
        at java.util.concurrent.ThreadPoolExecutor.getTask(ThreadPoolExecutor.java:1074)
        at java.util.concurrent.ThreadPoolExecutor.runWorker(ThreadPoolExecutor.java:1134)
        at java.util.concurrent.ThreadPoolExecutor$Worker.run(ThreadPoolExecutor.java:624)
        at java.lang.Thread.run(Thread.java:750)
"Datanode ReportManager Thread - 2" daemon prio=5 tid=4162 in Object.wait()
java.lang.Thread.State: WAITING (on object monitor)
        at sun.misc.Unsafe.park(Native Method)
        at java.util.concurrent.locks.LockSupport.park(LockSupport.java:175)
        at java.util.concurrent.locks.AbstractQueuedSynchronizer$ConditionObject.await(AbstractQueuedSynchronizer.java:2039)
        at java.util.concurrent.ScheduledThreadPoolExecutor$DelayedWorkQueue.take(ScheduledThreadPoolExecutor.java:1088)
        at java.util.concurrent.ScheduledThreadPoolExecutor$DelayedWorkQueue.take(ScheduledThreadPoolExecutor.java:809)
        at java.util.concurrent.ThreadPoolExecutor.getTask(ThreadPoolExecutor.java:1074)
        at java.util.concurrent.ThreadPoolExecutor.runWorker(ThreadPoolExecutor.java:1134)
        at java.util.concurrent.ThreadPoolExecutor$Worker.run(ThreadPoolExecutor.java:624)
        at java.lang.Thread.run(Thread.java:750)
"f55315c2-12b7-4bf7-9755-17bd9d593b12@group-2D1F402832AD-LeaderStateImpl" daemon prio=5 tid=3644 timed_waiting
java.lang.Thread.State: TIMED_WAITING
        at sun.misc.Unsafe.park(Native Method)
        at java.util.concurrent.locks.LockSupport.parkNanos(LockSupport.java:215)
        at java.util.concurrent.locks.AbstractQueuedSynchronizer$ConditionObject.awaitNanos(AbstractQueuedSynchronizer.java:2078)
        at java.util.concurrent.ArrayBlockingQueue.poll(ArrayBlockingQueue.java:418)
        at org.apache.ratis.server.impl.LeaderStateImpl$EventQueue.poll(LeaderStateImpl.java:159)
        at org.apache.ratis.server.impl.LeaderStateImpl$EventProcessor.run(LeaderStateImpl.java:630)
"qtp97689361-3325-acceptor-0@2be5b594-ServerConnector@53ef441a{HTTP/1.1, (http/1.1)}{0.0.0.0:34117}" daemon prio=3 tid=3325 runnable
java.lang.Thread.State: RUNNABLE
        at sun.nio.ch.ServerSocketChannelImpl.accept0(Native Method)
        at sun.nio.ch.ServerSocketChannelImpl.accept(ServerSocketChannelImpl.java:421)
        at sun.nio.ch.ServerSocketChannelImpl.accept(ServerSocketChannelImpl.java:249)
        at org.eclipse.jetty.server.ServerConnector.accept(ServerConnector.java:388)
        at org.eclipse.jetty.server.AbstractConnector$Acceptor.run(AbstractConnector.java:704)
        at org.eclipse.jetty.util.thread.QueuedThreadPool.runJob(QueuedThreadPool.java:883)
        at org.eclipse.jetty.util.thread.QueuedThreadPool$Runner.run(QueuedThreadPool.java:1034)
        at java.lang.Thread.run(Thread.java:750)
"Session-HouseKeeper-51d2db13-1"  prio=5 tid=4843 timed_waiting
java.lang.Thread.State: TIMED_WAITING
        at sun.misc.Unsafe.park(Native Method)
        at java.util.concurrent.locks.LockSupport.parkNanos(LockSupport.java:215)
        at java.util.concurrent.locks.AbstractQueuedSynchronizer$ConditionObject.awaitNanos(AbstractQueuedSynchronizer.java:2078)
        at java.util.concurrent.ScheduledThreadPoolExecutor$DelayedWorkQueue.take(ScheduledThreadPoolExecutor.java:1093)
        at java.util.concurrent.ScheduledThreadPoolExecutor$DelayedWorkQueue.take(ScheduledThreadPoolExecutor.java:809)
        at java.util.concurrent.ThreadPoolExecutor.getTask(ThreadPoolExecutor.java:1074)
        at java.util.concurrent.ThreadPoolExecutor.runWorker(ThreadPoolExecutor.java:1134)
        at java.util.concurrent.ThreadPoolExecutor$Worker.run(ThreadPoolExecutor.java:624)
        at java.lang.Thread.run(Thread.java:750)
"Datanode ReportManager Thread - 3" daemon prio=5 tid=4163 in Object.wait()
java.lang.Thread.State: WAITING (on object monitor)
        at sun.misc.Unsafe.park(Native Method)
        at java.util.concurrent.locks.LockSupport.park(LockSupport.java:175)
        at java.util.concurrent.locks.AbstractQueuedSynchronizer$ConditionObject.await(AbstractQueuedSynchronizer.java:2039)
        at java.util.concurrent.ScheduledThreadPoolExecutor$DelayedWorkQueue.take(ScheduledThreadPoolExecutor.java:1088)
        at java.util.concurrent.ScheduledThreadPoolExecutor$DelayedWorkQueue.take(ScheduledThreadPoolExecutor.java:809)
        at java.util.concurrent.ThreadPoolExecutor.getTask(ThreadPoolExecutor.java:1074)
        at java.util.concurrent.ThreadPoolExecutor.runWorker(ThreadPoolExecutor.java:1134)
        at java.util.concurrent.ThreadPoolExecutor$Worker.run(ThreadPoolExecutor.java:624)
        at java.lang.Thread.run(Thread.java:750)
"ea04acba-2572-4ce4-bec1-b0e6c6418c45@group-01392E0384F1-LeaderStateImpl" daemon prio=5 tid=5614 timed_waiting
java.lang.Thread.State: TIMED_WAITING
        at sun.misc.Unsafe.park(Native Method)
        at java.util.concurrent.locks.LockSupport.parkNanos(LockSupport.java:215)
        at java.util.concurrent.locks.AbstractQueuedSynchronizer$ConditionObject.awaitNanos(AbstractQueuedSynchronizer.java:2078)
        at java.util.concurrent.ArrayBlockingQueue.poll(ArrayBlockingQueue.java:418)
        at org.apache.ratis.server.impl.LeaderStateImpl$EventQueue.poll(LeaderStateImpl.java:159)
        at org.apache.ratis.server.impl.LeaderStateImpl$EventProcessor.run(LeaderStateImpl.java:630)
"62944fc1-681b-46bd-93f7-2482762a7b31@group-859DF10AAA8F-SegmentedRaftLogWorker"  prio=5 tid=3620 timed_waiting
java.lang.Thread.State: TIMED_WAITING
        at sun.misc.Unsafe.park(Native Method)
        at java.util.concurrent.locks.LockSupport.parkNanos(LockSupport.java:215)
        at java.util.concurrent.locks.AbstractQueuedSynchronizer$ConditionObject.awaitNanos(AbstractQueuedSynchronizer.java:2078)
        at org.apache.ratis.util.DataBlockingQueue.poll(DataBlockingQueue.java:148)
        at org.apache.ratis.server.raftlog.segmented.SegmentedRaftLogWorker.run(SegmentedRaftLogWorker.java:310)
        at org.apache.ratis.server.raftlog.segmented.SegmentedRaftLogWorker$$Lambda$699/1369416112.run(Unknown Source)
        at java.lang.Thread.run(Thread.java:750)
"IPC Server handler 8 on default port 39657" daemon prio=5 tid=4965 timed_waiting
java.lang.Thread.State: TIMED_WAITING
        at sun.misc.Unsafe.park(Native Method)
        at java.util.concurrent.locks.LockSupport.parkNanos(LockSupport.java:215)
        at java.util.concurrent.locks.AbstractQueuedSynchronizer$ConditionObject.awaitNanos(AbstractQueuedSynchronizer.java:2078)
        at java.util.concurrent.LinkedBlockingQueue.poll(LinkedBlockingQueue.java:467)
        at org.apache.hadoop.ipc.CallQueueManager.take(CallQueueManager.java:317)
        at org.apache.hadoop.ipc.Server$Handler.run(Server.java:2942)
"4a771e97-762c-4a8a-bccd-860d81b1b0e2@group-467E5D1A0786-LeaderStateImpl" daemon prio=5 tid=5621 timed_waiting
java.lang.Thread.State: TIMED_WAITING
        at sun.misc.Unsafe.park(Native Method)
        at java.util.concurrent.locks.LockSupport.parkNanos(LockSupport.java:215)
        at java.util.concurrent.locks.AbstractQueuedSynchronizer$ConditionObject.awaitNanos(AbstractQueuedSynchronizer.java:2078)
        at java.util.concurrent.ArrayBlockingQueue.poll(ArrayBlockingQueue.java:418)
        at org.apache.ratis.server.impl.LeaderStateImpl$EventQueue.poll(LeaderStateImpl.java:159)
        at org.apache.ratis.server.impl.LeaderStateImpl$EventProcessor.run(LeaderStateImpl.java:630)
"Command processor thread" daemon prio=5 tid=5164 timed_waiting
java.lang.Thread.State: TIMED_WAITING
        at java.lang.Thread.sleep(Native Method)
        at org.apache.hadoop.ozone.container.common.statemachine.DatanodeStateMachine.lambda$initCommandHandlerThread$3(DatanodeStateMachine.java:641)
        at org.apache.hadoop.ozone.container.common.statemachine.DatanodeStateMachine$$Lambda$787/339964609.run(Unknown Source)
        at java.lang.Thread.run(Thread.java:750)
"IPC Server handler 12 on default port 34529" daemon prio=5 tid=5540 timed_waiting
java.lang.Thread.State: TIMED_WAITING
        at sun.misc.Unsafe.park(Native Method)
        at java.util.concurrent.locks.LockSupport.parkNanos(LockSupport.java:215)
        at java.util.concurrent.locks.AbstractQueuedSynchronizer$ConditionObject.awaitNanos(AbstractQueuedSynchronizer.java:2078)
        at java.util.concurrent.LinkedBlockingQueue.poll(LinkedBlockingQueue.java:467)
        at org.apache.hadoop.ipc.CallQueueManager.take(CallQueueManager.java:317)
        at org.apache.hadoop.ipc.Server$Handler.run(Server.java:2942)
"4e9d01e2-99f3-4323-a596-366f46fa44e1-server-thread1" daemon prio=5 tid=5460 timed_waiting
java.lang.Thread.State: TIMED_WAITING
        at sun.misc.Unsafe.park(Native Method)
        at java.util.concurrent.locks.LockSupport.parkNanos(LockSupport.java:215)
        at java.util.concurrent.SynchronousQueue$TransferStack.awaitFulfill(SynchronousQueue.java:460)
        at java.util.concurrent.SynchronousQueue$TransferStack.transfer(SynchronousQueue.java:362)
        at java.util.concurrent.SynchronousQueue.poll(SynchronousQueue.java:941)
        at java.util.concurrent.ThreadPoolExecutor.getTask(ThreadPoolExecutor.java:1073)
        at java.util.concurrent.ThreadPoolExecutor.runWorker(ThreadPoolExecutor.java:1134)
        at java.util.concurrent.ThreadPoolExecutor$Worker.run(ThreadPoolExecutor.java:624)
        at java.lang.Thread.run(Thread.java:750)
"qtp1884543100-3827" daemon prio=5 tid=3827 runnable
java.lang.Thread.State: RUNNABLE
        at sun.nio.ch.EPollArrayWrapper.epollWait(Native Method)
        at sun.nio.ch.EPollArrayWrapper.poll(EPollArrayWrapper.java:269)
        at sun.nio.ch.EPollSelectorImpl.doSelect(EPollSelectorImpl.java:93)
        at sun.nio.ch.SelectorImpl.lockAndDoSelect(SelectorImpl.java:86)
        at sun.nio.ch.SelectorImpl.select(SelectorImpl.java:97)
        at sun.nio.ch.SelectorImpl.select(SelectorImpl.java:101)
        at org.eclipse.jetty.io.ManagedSelector.nioSelect(ManagedSelector.java:183)
        at org.eclipse.jetty.io.ManagedSelector.select(ManagedSelector.java:190)
        at org.eclipse.jetty.io.ManagedSelector$SelectorProducer.select(ManagedSelector.java:606)
        at org.eclipse.jetty.io.ManagedSelector$SelectorProducer.produce(ManagedSelector.java:543)
        at org.eclipse.jetty.util.thread.strategy.EatWhatYouKill.produceTask(EatWhatYouKill.java:362)
        at org.eclipse.jetty.util.thread.strategy.EatWhatYouKill.doProduce(EatWhatYouKill.java:186)
        at org.eclipse.jetty.util.thread.strategy.EatWhatYouKill.tryProduce(EatWhatYouKill.java:173)
        at org.eclipse.jetty.util.thread.strategy.EatWhatYouKill.produce(EatWhatYouKill.java:137)
        at org.eclipse.jetty.io.ManagedSelector$$Lambda$480/1445512345.run(Unknown Source)
        at org.eclipse.jetty.util.thread.QueuedThreadPool.runJob(QueuedThreadPool.java:883)
        at org.eclipse.jetty.util.thread.QueuedThreadPool$Runner.run(QueuedThreadPool.java:1034)
        at java.lang.Thread.run(Thread.java:750)
"Datanode ReportManager Thread - 1" daemon prio=5 tid=4314 timed_waiting
java.lang.Thread.State: TIMED_WAITING
        at sun.misc.Unsafe.park(Native Method)
        at java.util.concurrent.locks.LockSupport.parkNanos(LockSupport.java:215)
        at java.util.concurrent.locks.AbstractQueuedSynchronizer$ConditionObject.awaitNanos(AbstractQueuedSynchronizer.java:2078)
        at java.util.concurrent.ScheduledThreadPoolExecutor$DelayedWorkQueue.take(ScheduledThreadPoolExecutor.java:1093)
        at java.util.concurrent.ScheduledThreadPoolExecutor$DelayedWorkQueue.take(ScheduledThreadPoolExecutor.java:809)
        at java.util.concurrent.ThreadPoolExecutor.getTask(ThreadPoolExecutor.java:1074)
        at java.util.concurrent.ThreadPoolExecutor.runWorker(ThreadPoolExecutor.java:1134)
        at java.util.concurrent.ThreadPoolExecutor$Worker.run(ThreadPoolExecutor.java:624)
        at java.lang.Thread.run(Thread.java:750)
"BlockDeletingService#2" daemon prio=5 tid=5645 in Object.wait()
java.lang.Thread.State: WAITING (on object monitor)
        at sun.misc.Unsafe.park(Native Method)
        at java.util.concurrent.locks.LockSupport.park(LockSupport.java:175)
        at java.util.concurrent.locks.AbstractQueuedSynchronizer$ConditionObject.await(AbstractQueuedSynchronizer.java:2039)
        at java.util.concurrent.ScheduledThreadPoolExecutor$DelayedWorkQueue.take(ScheduledThreadPoolExecutor.java:1088)
        at java.util.concurrent.ScheduledThreadPoolExecutor$DelayedWorkQueue.take(ScheduledThreadPoolExecutor.java:809)
        at java.util.concurrent.ThreadPoolExecutor.getTask(ThreadPoolExecutor.java:1074)
        at java.util.concurrent.ThreadPoolExecutor.runWorker(ThreadPoolExecutor.java:1134)
        at java.util.concurrent.ThreadPoolExecutor$Worker.run(ThreadPoolExecutor.java:624)
        at java.lang.Thread.run(Thread.java:750)
"Datanode ReportManager Thread - 2" daemon prio=5 tid=4245 timed_waiting
java.lang.Thread.State: TIMED_WAITING
        at sun.misc.Unsafe.park(Native Method)
        at java.util.concurrent.locks.LockSupport.parkNanos(LockSupport.java:215)
        at java.util.concurrent.locks.AbstractQueuedSynchronizer$ConditionObject.awaitNanos(AbstractQueuedSynchronizer.java:2078)
        at java.util.concurrent.ScheduledThreadPoolExecutor$DelayedWorkQueue.take(ScheduledThreadPoolExecutor.java:1093)
        at java.util.concurrent.ScheduledThreadPoolExecutor$DelayedWorkQueue.take(ScheduledThreadPoolExecutor.java:809)
        at java.util.concurrent.ThreadPoolExecutor.getTask(ThreadPoolExecutor.java:1074)
        at java.util.concurrent.ThreadPoolExecutor.runWorker(ThreadPoolExecutor.java:1134)
        at java.util.concurrent.ThreadPoolExecutor$Worker.run(ThreadPoolExecutor.java:624)
        at java.lang.Thread.run(Thread.java:750)
"IPC Server handler 17 on default port 36157" daemon prio=5 tid=5565 timed_waiting
java.lang.Thread.State: TIMED_WAITING
        at sun.misc.Unsafe.park(Native Method)
        at java.util.concurrent.locks.LockSupport.parkNanos(LockSupport.java:215)
        at java.util.concurrent.locks.AbstractQueuedSynchronizer$ConditionObject.awaitNanos(AbstractQueuedSynchronizer.java:2078)
        at java.util.concurrent.LinkedBlockingQueue.poll(LinkedBlockingQueue.java:467)
        at org.apache.hadoop.ipc.CallQueueManager.take(CallQueueManager.java:317)
        at org.apache.hadoop.ipc.Server$Handler.run(Server.java:2942)
"FixedThreadPoolWithAffinityExecutor-0-0" daemon prio=5 tid=5495 timed_waiting
java.lang.Thread.State: TIMED_WAITING
        at sun.misc.Unsafe.park(Native Method)
        at java.util.concurrent.locks.LockSupport.parkNanos(LockSupport.java:215)
        at java.util.concurrent.locks.AbstractQueuedSynchronizer$ConditionObject.awaitNanos(AbstractQueuedSynchronizer.java:2078)
        at java.util.concurrent.LinkedBlockingQueue.poll(LinkedBlockingQueue.java:467)
        at org.apache.hadoop.hdds.scm.server.ContainerReportQueue.poll(ContainerReportQueue.java:266)
        at org.apache.hadoop.hdds.scm.server.ContainerReportQueue.poll(ContainerReportQueue.java:42)
        at org.apache.hadoop.hdds.server.events.FixedThreadPoolWithAffinityExecutor$ContainerReportProcessTask.run(FixedThreadPoolWithAffinityExecutor.java:248)
        at java.util.concurrent.Executors$RunnableAdapter.call(Executors.java:511)
        at java.util.concurrent.FutureTask.run(FutureTask.java:266)
        at java.util.concurrent.ThreadPoolExecutor.runWorker(ThreadPoolExecutor.java:1149)
        at java.util.concurrent.ThreadPoolExecutor$Worker.run(ThreadPoolExecutor.java:624)
        at java.lang.Thread.run(Thread.java:750)
"ContainerOp-d03e4836-7d8d-4de7-87bd-2d1f402832ad-1"  prio=5 tid=4833 in Object.wait()
java.lang.Thread.State: WAITING (on object monitor)
        at sun.misc.Unsafe.park(Native Method)
        at java.util.concurrent.locks.LockSupport.park(LockSupport.java:175)
        at java.util.concurrent.locks.AbstractQueuedSynchronizer$ConditionObject.await(AbstractQueuedSynchronizer.java:2039)
        at java.util.concurrent.LinkedBlockingQueue.take(LinkedBlockingQueue.java:442)
        at java.util.concurrent.ThreadPoolExecutor.getTask(ThreadPoolExecutor.java:1074)
        at java.util.concurrent.ThreadPoolExecutor.runWorker(ThreadPoolExecutor.java:1134)
        at java.util.concurrent.ThreadPoolExecutor$Worker.run(ThreadPoolExecutor.java:624)
        at java.lang.Thread.run(Thread.java:750)
"PartialTableCache Cleanup Thread - 0" daemon prio=5 tid=3623 in Object.wait()
java.lang.Thread.State: WAITING (on object monitor)
        at sun.misc.Unsafe.park(Native Method)
        at java.util.concurrent.locks.LockSupport.park(LockSupport.java:175)
        at java.util.concurrent.locks.AbstractQueuedSynchronizer$ConditionObject.await(AbstractQueuedSynchronizer.java:2039)
        at java.util.concurrent.LinkedBlockingQueue.take(LinkedBlockingQueue.java:442)
        at java.util.concurrent.ThreadPoolExecutor.getTask(ThreadPoolExecutor.java:1074)
        at java.util.concurrent.ThreadPoolExecutor.runWorker(ThreadPoolExecutor.java:1134)
        at java.util.concurrent.ThreadPoolExecutor$Worker.run(ThreadPoolExecutor.java:624)
        at java.lang.Thread.run(Thread.java:750)
"qtp1324399707-5575" daemon prio=5 tid=5575 timed_waiting
java.lang.Thread.State: TIMED_WAITING
        at sun.misc.Unsafe.park(Native Method)
        at java.util.concurrent.locks.LockSupport.parkNanos(LockSupport.java:215)
        at java.util.concurrent.locks.AbstractQueuedSynchronizer$ConditionObject.awaitNanos(AbstractQueuedSynchronizer.java:2078)
        at org.eclipse.jetty.util.BlockingArrayQueue.poll(BlockingArrayQueue.java:382)
        at org.eclipse.jetty.util.thread.QueuedThreadPool$Runner.idleJobPoll(QueuedThreadPool.java:974)
        at org.eclipse.jetty.util.thread.QueuedThreadPool$Runner.run(QueuedThreadPool.java:1018)
        at java.lang.Thread.run(Thread.java:750)
"PartialTableCache Cleanup Thread - 0" daemon prio=5 tid=4391 in Object.wait()
java.lang.Thread.State: WAITING (on object monitor)
        at sun.misc.Unsafe.park(Native Method)
        at java.util.concurrent.locks.LockSupport.park(LockSupport.java:175)
        at java.util.concurrent.locks.AbstractQueuedSynchronizer$ConditionObject.await(AbstractQueuedSynchronizer.java:2039)
        at java.util.concurrent.LinkedBlockingQueue.take(LinkedBlockingQueue.java:442)
        at java.util.concurrent.ThreadPoolExecutor.getTask(ThreadPoolExecutor.java:1074)
        at java.util.concurrent.ThreadPoolExecutor.runWorker(ThreadPoolExecutor.java:1134)
        at java.util.concurrent.ThreadPoolExecutor$Worker.run(ThreadPoolExecutor.java:624)
        at java.lang.Thread.run(Thread.java:750)
"ChunkReader-ELG-0" daemon prio=5 tid=3524 runnable
java.lang.Thread.State: RUNNABLE
        at org.apache.ratis.thirdparty.io.netty.channel.epoll.Native.epollWait(Native Method)
        at org.apache.ratis.thirdparty.io.netty.channel.epoll.Native.epollWait(Native.java:209)
        at org.apache.ratis.thirdparty.io.netty.channel.epoll.Native.epollWait(Native.java:202)
        at org.apache.ratis.thirdparty.io.netty.channel.epoll.EpollEventLoop.epollWaitNoTimerChange(EpollEventLoop.java:294)
        at org.apache.ratis.thirdparty.io.netty.channel.epoll.EpollEventLoop.run(EpollEventLoop.java:351)
        at org.apache.ratis.thirdparty.io.netty.util.concurrent.SingleThreadEventExecutor$4.run(SingleThreadEventExecutor.java:995)
        at org.apache.ratis.thirdparty.io.netty.util.internal.ThreadExecutorMap$2.run(ThreadExecutorMap.java:74)
        at java.lang.Thread.run(Thread.java:750)
"IPC Server handler 15 on default port 45833" daemon prio=5 tid=3257 timed_waiting
java.lang.Thread.State: TIMED_WAITING
        at sun.misc.Unsafe.park(Native Method)
        at java.util.concurrent.locks.LockSupport.parkNanos(LockSupport.java:215)
        at java.util.concurrent.locks.AbstractQueuedSynchronizer$ConditionObject.awaitNanos(AbstractQueuedSynchronizer.java:2078)
        at java.util.concurrent.LinkedBlockingQueue.poll(LinkedBlockingQueue.java:467)
        at org.apache.hadoop.ipc.CallQueueManager.take(CallQueueManager.java:317)
        at org.apache.hadoop.ipc.Server$Handler.run(Server.java:2942)
"JvmPauseMonitor33" daemon prio=5 tid=3227 timed_waiting
java.lang.Thread.State: TIMED_WAITING
        at java.lang.Thread.sleep(Native Method)
        at java.lang.Thread.sleep(Thread.java:342)
        at java.util.concurrent.TimeUnit.sleep(TimeUnit.java:386)
        at org.apache.ratis.util.TimeDuration.sleep(TimeDuration.java:325)
        at org.apache.ratis.util.TimeDuration.sleep(TimeDuration.java:310)
        at org.apache.ratis.util.JvmPauseMonitor.detectPause(JvmPauseMonitor.java:119)
        at org.apache.ratis.util.JvmPauseMonitor.run(JvmPauseMonitor.java:108)
        at org.apache.ratis.util.JvmPauseMonitor$$Lambda$740/1979406568.run(Unknown Source)
        at java.lang.Thread.run(Thread.java:750)
"ChunkWriter-3-0" daemon prio=5 tid=3522 in Object.wait()
java.lang.Thread.State: WAITING (on object monitor)
        at sun.misc.Unsafe.park(Native Method)
        at java.util.concurrent.locks.LockSupport.park(LockSupport.java:175)
        at java.util.concurrent.locks.AbstractQueuedSynchronizer$ConditionObject.await(AbstractQueuedSynchronizer.java:2039)
        at java.util.concurrent.LinkedBlockingDeque.takeFirst(LinkedBlockingDeque.java:492)
        at java.util.concurrent.LinkedBlockingDeque.take(LinkedBlockingDeque.java:680)
        at java.util.concurrent.ThreadPoolExecutor.getTask(ThreadPoolExecutor.java:1074)
        at java.util.concurrent.ThreadPoolExecutor.runWorker(ThreadPoolExecutor.java:1134)
        at java.util.concurrent.ThreadPoolExecutor$Worker.run(ThreadPoolExecutor.java:624)
        at java.lang.Thread.run(Thread.java:750)
"timer2" daemon prio=5 tid=526 timed_waiting
java.lang.Thread.State: TIMED_WAITING
        at java.lang.Object.wait(Native Method)
        at java.util.TimerThread.mainLoop(Timer.java:552)
        at java.util.TimerThread.run(Timer.java:505)
"ContainerOp-d03e4836-7d8d-4de7-87bd-2d1f402832ad-6"  prio=5 tid=4868 in Object.wait()
java.lang.Thread.State: WAITING (on object monitor)
        at sun.misc.Unsafe.park(Native Method)
        at java.util.concurrent.locks.LockSupport.park(LockSupport.java:175)
        at java.util.concurrent.locks.AbstractQueuedSynchronizer$ConditionObject.await(AbstractQueuedSynchronizer.java:2039)
        at java.util.concurrent.LinkedBlockingQueue.take(LinkedBlockingQueue.java:442)
        at java.util.concurrent.ThreadPoolExecutor.getTask(ThreadPoolExecutor.java:1074)
        at java.util.concurrent.ThreadPoolExecutor.runWorker(ThreadPoolExecutor.java:1134)
        at java.util.concurrent.ThreadPoolExecutor$Worker.run(ThreadPoolExecutor.java:624)
        at java.lang.Thread.run(Thread.java:750)
"org.apache.hadoop.util.JvmPauseMonitor$Monitor@7a829d84" daemon prio=5 tid=4280 timed_waiting
java.lang.Thread.State: TIMED_WAITING
        at java.lang.Thread.sleep(Native Method)
        at org.apache.hadoop.util.JvmPauseMonitor$Monitor.run(JvmPauseMonitor.java:192)
        at java.lang.Thread.run(Thread.java:750)
"org.apache.hadoop.ozone.container.common.statemachine.commandhandler.DeleteBlocksCommandHandler$DeleteCmdWorker@4301619e" daemon prio=5 tid=4994 timed_waiting
java.lang.Thread.State: TIMED_WAITING
        at java.lang.Thread.sleep(Native Method)
        at org.apache.hadoop.ozone.container.common.statemachine.commandhandler.DeleteBlocksCommandHandler$DeleteCmdWorker.run(DeleteBlocksCommandHandler.java:184)
        at java.lang.Thread.run(Thread.java:750)
"StaleRecoveringContainerScrubbingService#1" daemon prio=5 tid=4405 timed_waiting
java.lang.Thread.State: TIMED_WAITING
        at sun.misc.Unsafe.park(Native Method)
        at java.util.concurrent.locks.LockSupport.parkNanos(LockSupport.java:215)
        at java.util.concurrent.locks.AbstractQueuedSynchronizer$ConditionObject.awaitNanos(AbstractQueuedSynchronizer.java:2078)
        at java.util.concurrent.ScheduledThreadPoolExecutor$DelayedWorkQueue.take(ScheduledThreadPoolExecutor.java:1093)
        at java.util.concurrent.ScheduledThreadPoolExecutor$DelayedWorkQueue.take(ScheduledThreadPoolExecutor.java:809)
        at java.util.concurrent.ThreadPoolExecutor.getTask(ThreadPoolExecutor.java:1074)
        at java.util.concurrent.ThreadPoolExecutor.runWorker(ThreadPoolExecutor.java:1134)
        at java.util.concurrent.ThreadPoolExecutor$Worker.run(ThreadPoolExecutor.java:624)
        at java.lang.Thread.run(Thread.java:750)
"IPC Server handler 13 on default port 36157" daemon prio=5 tid=5561 timed_waiting
java.lang.Thread.State: TIMED_WAITING
        at sun.misc.Unsafe.park(Native Method)
        at java.util.concurrent.locks.LockSupport.parkNanos(LockSupport.java:215)
        at java.util.concurrent.locks.AbstractQueuedSynchronizer$ConditionObject.awaitNanos(AbstractQueuedSynchronizer.java:2078)
        at java.util.concurrent.LinkedBlockingQueue.poll(LinkedBlockingQueue.java:467)
        at org.apache.hadoop.ipc.CallQueueManager.take(CallQueueManager.java:317)
        at org.apache.hadoop.ipc.Server$Handler.run(Server.java:2942)
"org.apache.hadoop.util.JvmPauseMonitor$Monitor@5a4a9304" daemon prio=5 tid=5126 timed_waiting
java.lang.Thread.State: TIMED_WAITING
        at java.lang.Thread.sleep(Native Method)
        at org.apache.hadoop.util.JvmPauseMonitor$Monitor.run(JvmPauseMonitor.java:192)
        at java.lang.Thread.run(Thread.java:750)
"qtp1099129309-4262" daemon prio=5 tid=4262 timed_waiting
java.lang.Thread.State: TIMED_WAITING
        at sun.misc.Unsafe.park(Native Method)
        at java.util.concurrent.locks.LockSupport.parkNanos(LockSupport.java:215)
        at java.util.concurrent.locks.AbstractQueuedSynchronizer$ConditionObject.awaitNanos(AbstractQueuedSynchronizer.java:2078)
        at org.eclipse.jetty.util.BlockingArrayQueue.poll(BlockingArrayQueue.java:382)
        at org.eclipse.jetty.util.thread.QueuedThreadPool$Runner.idleJobPoll(QueuedThreadPool.java:974)
        at org.eclipse.jetty.util.thread.QueuedThreadPool$Runner.run(QueuedThreadPool.java:1018)
        at java.lang.Thread.run(Thread.java:750)
"ChunkWriter-2-0" daemon prio=5 tid=3533 in Object.wait()
java.lang.Thread.State: WAITING (on object monitor)
        at sun.misc.Unsafe.park(Native Method)
        at java.util.concurrent.locks.LockSupport.park(LockSupport.java:175)
        at java.util.concurrent.locks.AbstractQueuedSynchronizer$ConditionObject.await(AbstractQueuedSynchronizer.java:2039)
        at java.util.concurrent.LinkedBlockingDeque.takeFirst(LinkedBlockingDeque.java:492)
        at java.util.concurrent.LinkedBlockingDeque.take(LinkedBlockingDeque.java:680)
        at java.util.concurrent.ThreadPoolExecutor.getTask(ThreadPoolExecutor.java:1074)
        at java.util.concurrent.ThreadPoolExecutor.runWorker(ThreadPoolExecutor.java:1134)
        at java.util.concurrent.ThreadPoolExecutor$Worker.run(ThreadPoolExecutor.java:624)
        at java.lang.Thread.run(Thread.java:750)
"FixedThreadPoolWithAffinityExecutor-9-0" daemon prio=5 tid=3752 timed_waiting
java.lang.Thread.State: TIMED_WAITING
        at sun.misc.Unsafe.park(Native Method)
        at java.util.concurrent.locks.LockSupport.parkNanos(LockSupport.java:215)
        at java.util.concurrent.locks.AbstractQueuedSynchronizer$ConditionObject.awaitNanos(AbstractQueuedSynchronizer.java:2078)
        at java.util.concurrent.LinkedBlockingQueue.poll(LinkedBlockingQueue.java:467)
        at org.apache.hadoop.hdds.scm.server.ContainerReportQueue.poll(ContainerReportQueue.java:266)
        at org.apache.hadoop.hdds.scm.server.ContainerReportQueue.poll(ContainerReportQueue.java:42)
        at org.apache.hadoop.hdds.server.events.FixedThreadPoolWithAffinityExecutor$ContainerReportProcessTask.run(FixedThreadPoolWithAffinityExecutor.java:248)
        at java.util.concurrent.Executors$RunnableAdapter.call(Executors.java:511)
        at java.util.concurrent.FutureTask.run(FutureTask.java:266)
        at java.util.concurrent.ThreadPoolExecutor.runWorker(ThreadPoolExecutor.java:1149)
        at java.util.concurrent.ThreadPoolExecutor$Worker.run(ThreadPoolExecutor.java:624)
        at java.lang.Thread.run(Thread.java:750)
"pool-2447-thread-1"  prio=5 tid=5421 in Object.wait()
java.lang.Thread.State: WAITING (on object monitor)
        at sun.misc.Unsafe.park(Native Method)
        at java.util.concurrent.locks.LockSupport.park(LockSupport.java:175)
        at java.util.concurrent.locks.AbstractQueuedSynchronizer$ConditionObject.await(AbstractQueuedSynchronizer.java:2039)
        at java.util.concurrent.LinkedBlockingQueue.take(LinkedBlockingQueue.java:442)
        at java.util.concurrent.ThreadPoolExecutor.getTask(ThreadPoolExecutor.java:1074)
        at java.util.concurrent.ThreadPoolExecutor.runWorker(ThreadPoolExecutor.java:1134)
        at java.util.concurrent.ThreadPoolExecutor$Worker.run(ThreadPoolExecutor.java:624)
        at java.lang.Thread.run(Thread.java:750)
"IPC Server handler 18 on default port 36003" daemon prio=5 tid=4808 timed_waiting
java.lang.Thread.State: TIMED_WAITING
        at sun.misc.Unsafe.park(Native Method)
        at java.util.concurrent.locks.LockSupport.parkNanos(LockSupport.java:215)
        at java.util.concurrent.locks.AbstractQueuedSynchronizer$ConditionObject.awaitNanos(AbstractQueuedSynchronizer.java:2078)
        at java.util.concurrent.LinkedBlockingQueue.poll(LinkedBlockingQueue.java:467)
        at org.apache.hadoop.ipc.CallQueueManager.take(CallQueueManager.java:317)
        at org.apache.hadoop.ipc.Server$Handler.run(Server.java:2942)
"StaleRecoveringContainerScrubbingService#0" daemon prio=5 tid=3538 in Object.wait()
java.lang.Thread.State: WAITING (on object monitor)
        at sun.misc.Unsafe.park(Native Method)
        at java.util.concurrent.locks.LockSupport.park(LockSupport.java:175)
        at java.util.concurrent.locks.AbstractQueuedSynchronizer$ConditionObject.await(AbstractQueuedSynchronizer.java:2039)
        at java.util.concurrent.ScheduledThreadPoolExecutor$DelayedWorkQueue.take(ScheduledThreadPoolExecutor.java:1088)
        at java.util.concurrent.ScheduledThreadPoolExecutor$DelayedWorkQueue.take(ScheduledThreadPoolExecutor.java:809)
        at java.util.concurrent.ThreadPoolExecutor.getTask(ThreadPoolExecutor.java:1074)
        at java.util.concurrent.ThreadPoolExecutor.runWorker(ThreadPoolExecutor.java:1134)
        at java.util.concurrent.ThreadPoolExecutor$Worker.run(ThreadPoolExecutor.java:624)
        at java.lang.Thread.run(Thread.java:750)
"timer7" daemon prio=5 tid=680 timed_waiting
java.lang.Thread.State: TIMED_WAITING
        at java.lang.Object.wait(Native Method)
        at java.util.TimerThread.mainLoop(Timer.java:552)
        at java.util.TimerThread.run(Timer.java:505)
"FullTableCache Cleanup Thread - 0" daemon prio=5 tid=4715 in Object.wait()
java.lang.Thread.State: WAITING (on object monitor)
        at sun.misc.Unsafe.park(Native Method)
        at java.util.concurrent.locks.LockSupport.park(LockSupport.java:175)
        at java.util.concurrent.locks.AbstractQueuedSynchronizer$ConditionObject.await(AbstractQueuedSynchronizer.java:2039)
        at java.util.concurrent.LinkedBlockingQueue.take(LinkedBlockingQueue.java:442)
        at java.util.concurrent.ThreadPoolExecutor.getTask(ThreadPoolExecutor.java:1074)
        at java.util.concurrent.ThreadPoolExecutor.runWorker(ThreadPoolExecutor.java:1134)
        at java.util.concurrent.ThreadPoolExecutor$Worker.run(ThreadPoolExecutor.java:624)
        at java.lang.Thread.run(Thread.java:750)
"ChunkWriter-1-0" daemon prio=5 tid=4437 in Object.wait()
java.lang.Thread.State: WAITING (on object monitor)
        at sun.misc.Unsafe.park(Native Method)
        at java.util.concurrent.locks.LockSupport.park(LockSupport.java:175)
        at java.util.concurrent.locks.AbstractQueuedSynchronizer$ConditionObject.await(AbstractQueuedSynchronizer.java:2039)
        at java.util.concurrent.LinkedBlockingDeque.takeFirst(LinkedBlockingDeque.java:492)
        at java.util.concurrent.LinkedBlockingDeque.take(LinkedBlockingDeque.java:680)
        at java.util.concurrent.ThreadPoolExecutor.getTask(ThreadPoolExecutor.java:1074)
        at java.util.concurrent.ThreadPoolExecutor.runWorker(ThreadPoolExecutor.java:1134)
        at java.util.concurrent.ThreadPoolExecutor$Worker.run(ThreadPoolExecutor.java:624)
        at java.lang.Thread.run(Thread.java:750)
"EndpointStateMachine task thread for /0.0.0.0:41341 - 0 "  prio=5 tid=4394 in Object.wait()
java.lang.Thread.State: WAITING (on object monitor)
        at sun.misc.Unsafe.park(Native Method)
        at java.util.concurrent.locks.LockSupport.park(LockSupport.java:175)
        at java.util.concurrent.locks.AbstractQueuedSynchronizer$ConditionObject.await(AbstractQueuedSynchronizer.java:2039)
        at java.util.concurrent.LinkedBlockingQueue.take(LinkedBlockingQueue.java:442)
        at java.util.concurrent.ThreadPoolExecutor.getTask(ThreadPoolExecutor.java:1074)
        at java.util.concurrent.ThreadPoolExecutor.runWorker(ThreadPoolExecutor.java:1134)
        at java.util.concurrent.ThreadPoolExecutor$Worker.run(ThreadPoolExecutor.java:624)
        at java.lang.Thread.run(Thread.java:750)
"qtp374142400-3298" daemon prio=5 tid=3298 timed_waiting
java.lang.Thread.State: TIMED_WAITING
        at sun.misc.Unsafe.park(Native Method)
        at java.util.concurrent.locks.LockSupport.parkNanos(LockSupport.java:215)
        at java.util.concurrent.locks.AbstractQueuedSynchronizer$ConditionObject.awaitNanos(AbstractQueuedSynchronizer.java:2078)
        at org.eclipse.jetty.util.BlockingArrayQueue.poll(BlockingArrayQueue.java:382)
        at org.eclipse.jetty.util.thread.QueuedThreadPool$Runner.idleJobPoll(QueuedThreadPool.java:974)
        at org.eclipse.jetty.util.thread.QueuedThreadPool$Runner.run(QueuedThreadPool.java:1018)
        at java.lang.Thread.run(Thread.java:750)
"JvmPauseMonitor53" daemon prio=5 tid=5190 timed_waiting
java.lang.Thread.State: TIMED_WAITING
        at java.lang.Thread.sleep(Native Method)
        at java.lang.Thread.sleep(Thread.java:342)
        at java.util.concurrent.TimeUnit.sleep(TimeUnit.java:386)
        at org.apache.ratis.util.TimeDuration.sleep(TimeDuration.java:325)
        at org.apache.ratis.util.TimeDuration.sleep(TimeDuration.java:310)
        at org.apache.ratis.util.JvmPauseMonitor.detectPause(JvmPauseMonitor.java:119)
        at org.apache.ratis.util.JvmPauseMonitor.run(JvmPauseMonitor.java:108)
        at org.apache.ratis.util.JvmPauseMonitor$$Lambda$740/1979406568.run(Unknown Source)
        at java.lang.Thread.run(Thread.java:750)
"org.apache.hadoop.ozone.container.common.statemachine.commandhandler.DeleteBlocksCommandHandler$DeleteCmdWorker@41ad9213" daemon prio=5 tid=4061 timed_waiting
java.lang.Thread.State: TIMED_WAITING
        at java.lang.Thread.sleep(Native Method)
        at org.apache.hadoop.ozone.container.common.statemachine.commandhandler.DeleteBlocksCommandHandler$DeleteCmdWorker.run(DeleteBlocksCommandHandler.java:184)
        at java.lang.Thread.run(Thread.java:750)
"FixedThreadPoolWithAffinityExecutor-1-0" daemon prio=5 tid=5496 timed_waiting
java.lang.Thread.State: TIMED_WAITING
        at sun.misc.Unsafe.park(Native Method)
        at java.util.concurrent.locks.LockSupport.parkNanos(LockSupport.java:215)
        at java.util.concurrent.locks.AbstractQueuedSynchronizer$ConditionObject.awaitNanos(AbstractQueuedSynchronizer.java:2078)
        at java.util.concurrent.LinkedBlockingQueue.poll(LinkedBlockingQueue.java:467)
        at org.apache.hadoop.hdds.scm.server.ContainerReportQueue.poll(ContainerReportQueue.java:266)
        at org.apache.hadoop.hdds.scm.server.ContainerReportQueue.poll(ContainerReportQueue.java:42)
        at org.apache.hadoop.hdds.server.events.FixedThreadPoolWithAffinityExecutor$ContainerReportProcessTask.run(FixedThreadPoolWithAffinityExecutor.java:248)
        at java.util.concurrent.Executors$RunnableAdapter.call(Executors.java:511)
        at java.util.concurrent.FutureTask.run(FutureTask.java:266)
        at java.util.concurrent.ThreadPoolExecutor.runWorker(ThreadPoolExecutor.java:1149)
        at java.util.concurrent.ThreadPoolExecutor$Worker.run(ThreadPoolExecutor.java:624)
        at java.lang.Thread.run(Thread.java:750)
"277e5bbd-414d-4f19-87c3-552c8f153d3d@group-AE848D27C9F4-SegmentedRaftLogWorker"  prio=5 tid=5229 timed_waiting
java.lang.Thread.State: TIMED_WAITING
        at sun.misc.Unsafe.park(Native Method)
        at java.util.concurrent.locks.LockSupport.parkNanos(LockSupport.java:215)
        at java.util.concurrent.locks.AbstractQueuedSynchronizer$ConditionObject.awaitNanos(AbstractQueuedSynchronizer.java:2078)
        at org.apache.ratis.util.DataBlockingQueue.poll(DataBlockingQueue.java:148)
        at org.apache.ratis.server.raftlog.segmented.SegmentedRaftLogWorker.run(SegmentedRaftLogWorker.java:310)
        at org.apache.ratis.server.raftlog.segmented.SegmentedRaftLogWorker$$Lambda$699/1369416112.run(Unknown Source)
        at java.lang.Thread.run(Thread.java:750)
"IPC Server handler 17 on default port 34529" daemon prio=5 tid=5545 timed_waiting
java.lang.Thread.State: TIMED_WAITING
        at sun.misc.Unsafe.park(Native Method)
        at java.util.concurrent.locks.LockSupport.parkNanos(LockSupport.java:215)
        at java.util.concurrent.locks.AbstractQueuedSynchronizer$ConditionObject.awaitNanos(AbstractQueuedSynchronizer.java:2078)
        at java.util.concurrent.LinkedBlockingQueue.poll(LinkedBlockingQueue.java:467)
        at org.apache.hadoop.ipc.CallQueueManager.take(CallQueueManager.java:317)
        at org.apache.hadoop.ipc.Server$Handler.run(Server.java:2942)
"SCMBlockDeletingService#0" daemon prio=5 tid=4830 timed_waiting
java.lang.Thread.State: TIMED_WAITING
        at sun.misc.Unsafe.park(Native Method)
        at java.util.concurrent.locks.LockSupport.parkNanos(LockSupport.java:215)
        at java.util.concurrent.locks.AbstractQueuedSynchronizer$ConditionObject.awaitNanos(AbstractQueuedSynchronizer.java:2078)
        at java.util.concurrent.ScheduledThreadPoolExecutor$DelayedWorkQueue.take(ScheduledThreadPoolExecutor.java:1093)
        at java.util.concurrent.ScheduledThreadPoolExecutor$DelayedWorkQueue.take(ScheduledThreadPoolExecutor.java:809)
        at java.util.concurrent.ThreadPoolExecutor.getTask(ThreadPoolExecutor.java:1074)
        at java.util.concurrent.ThreadPoolExecutor.runWorker(ThreadPoolExecutor.java:1134)
        at java.util.concurrent.ThreadPoolExecutor$Worker.run(ThreadPoolExecutor.java:624)
        at java.lang.Thread.run(Thread.java:750)
"IPC Server handler 16 on default port 45267" daemon prio=5 tid=5524 timed_waiting
java.lang.Thread.State: TIMED_WAITING
        at sun.misc.Unsafe.park(Native Method)
        at java.util.concurrent.locks.LockSupport.parkNanos(LockSupport.java:215)
        at java.util.concurrent.locks.AbstractQueuedSynchronizer$ConditionObject.awaitNanos(AbstractQueuedSynchronizer.java:2078)
        at java.util.concurrent.LinkedBlockingQueue.poll(LinkedBlockingQueue.java:467)
        at org.apache.hadoop.ipc.CallQueueManager.take(CallQueueManager.java:317)
        at org.apache.hadoop.ipc.Server$Handler.run(Server.java:2942)
"IPC Server handler 11 on default port 36439" daemon prio=5 tid=3795 timed_waiting
java.lang.Thread.State: TIMED_WAITING
        at sun.misc.Unsafe.park(Native Method)
        at java.util.concurrent.locks.LockSupport.parkNanos(LockSupport.java:215)
        at java.util.concurrent.locks.AbstractQueuedSynchronizer$ConditionObject.awaitNanos(AbstractQueuedSynchronizer.java:2078)
        at java.util.concurrent.LinkedBlockingQueue.poll(LinkedBlockingQueue.java:467)
        at org.apache.hadoop.ipc.CallQueueManager.take(CallQueueManager.java:317)
        at org.apache.hadoop.ipc.Server$Handler.run(Server.java:2942)
"ec62b457-0040-4e07-85ab-e1dde9d29779@group-CBE126E451E1-FollowerState" daemon prio=5 tid=5627 timed_waiting
java.lang.Thread.State: TIMED_WAITING
        at java.lang.Thread.sleep(Native Method)
        at java.lang.Thread.sleep(Thread.java:342)
        at java.util.concurrent.TimeUnit.sleep(TimeUnit.java:386)
        at org.apache.ratis.util.TimeDuration.sleep(TimeDuration.java:325)
        at org.apache.ratis.util.TimeDuration.sleep(TimeDuration.java:310)
        at org.apache.ratis.server.impl.FollowerState.run(FollowerState.java:128)
"db052414-94b4-46f8-aca1-929beb3cfaa7-server-thread3" daemon prio=5 tid=5633 timed_waiting
java.lang.Thread.State: TIMED_WAITING
        at sun.misc.Unsafe.park(Native Method)
        at java.util.concurrent.locks.LockSupport.parkNanos(LockSupport.java:215)
        at java.util.concurrent.SynchronousQueue$TransferStack.awaitFulfill(SynchronousQueue.java:460)
        at java.util.concurrent.SynchronousQueue$TransferStack.transfer(SynchronousQueue.java:362)
        at java.util.concurrent.SynchronousQueue.poll(SynchronousQueue.java:941)
        at java.util.concurrent.ThreadPoolExecutor.getTask(ThreadPoolExecutor.java:1073)
        at java.util.concurrent.ThreadPoolExecutor.runWorker(ThreadPoolExecutor.java:1134)
        at java.util.concurrent.ThreadPoolExecutor$Worker.run(ThreadPoolExecutor.java:624)
        at java.lang.Thread.run(Thread.java:750)
"qtp1884543100-3834" daemon prio=5 tid=3834 timed_waiting
java.lang.Thread.State: TIMED_WAITING
        at sun.misc.Unsafe.park(Native Method)
        at java.util.concurrent.locks.LockSupport.parkNanos(LockSupport.java:215)
        at java.util.concurrent.locks.AbstractQueuedSynchronizer$ConditionObject.awaitNanos(AbstractQueuedSynchronizer.java:2078)
        at org.eclipse.jetty.util.BlockingArrayQueue.poll(BlockingArrayQueue.java:382)
        at org.eclipse.jetty.util.thread.QueuedThreadPool$Runner.idleJobPoll(QueuedThreadPool.java:974)
        at org.eclipse.jetty.util.thread.QueuedThreadPool$Runner.run(QueuedThreadPool.java:1018)
        at java.lang.Thread.run(Thread.java:750)
"IPC Server idle connection scanner for port 41341" daemon prio=5 tid=3733 timed_waiting
java.lang.Thread.State: TIMED_WAITING
        at java.lang.Object.wait(Native Method)
        at java.util.TimerThread.mainLoop(Timer.java:552)
        at java.util.TimerThread.run(Timer.java:505)
"BlockDeletingService#1" daemon prio=5 tid=4421 timed_waiting
java.lang.Thread.State: TIMED_WAITING
        at sun.misc.Unsafe.park(Native Method)
        at java.util.concurrent.locks.LockSupport.parkNanos(LockSupport.java:215)
        at java.util.concurrent.locks.AbstractQueuedSynchronizer$ConditionObject.awaitNanos(AbstractQueuedSynchronizer.java:2078)
        at java.util.concurrent.ScheduledThreadPoolExecutor$DelayedWorkQueue.take(ScheduledThreadPoolExecutor.java:1093)
        at java.util.concurrent.ScheduledThreadPoolExecutor$DelayedWorkQueue.take(ScheduledThreadPoolExecutor.java:809)
        at java.util.concurrent.ThreadPoolExecutor.getTask(ThreadPoolExecutor.java:1074)
        at java.util.concurrent.ThreadPoolExecutor.runWorker(ThreadPoolExecutor.java:1134)
        at java.util.concurrent.ThreadPoolExecutor$Worker.run(ThreadPoolExecutor.java:624)
        at java.lang.Thread.run(Thread.java:750)
"ea04acba-2572-4ce4-bec1-b0e6c6418c45@group-01392E0384F1-SegmentedRaftLogWorker"  prio=5 tid=5463 timed_waiting
java.lang.Thread.State: TIMED_WAITING
        at sun.misc.Unsafe.park(Native Method)
        at java.util.concurrent.locks.LockSupport.parkNanos(LockSupport.java:215)
        at java.util.concurrent.locks.AbstractQueuedSynchronizer$ConditionObject.awaitNanos(AbstractQueuedSynchronizer.java:2078)
        at org.apache.ratis.util.DataBlockingQueue.poll(DataBlockingQueue.java:148)
        at org.apache.ratis.server.raftlog.segmented.SegmentedRaftLogWorker.run(SegmentedRaftLogWorker.java:310)
        at org.apache.ratis.server.raftlog.segmented.SegmentedRaftLogWorker$$Lambda$699/1369416112.run(Unknown Source)
        at java.lang.Thread.run(Thread.java:750)
"org.apache.hadoop.util.JvmPauseMonitor$Monitor@24221ea4" daemon prio=5 tid=3396 timed_waiting
java.lang.Thread.State: TIMED_WAITING
        at java.lang.Thread.sleep(Native Method)
        at org.apache.hadoop.util.JvmPauseMonitor$Monitor.run(JvmPauseMonitor.java:192)
        at java.lang.Thread.run(Thread.java:750)
"StaleRecoveringContainerScrubbingService#2" daemon prio=5 tid=4848 in Object.wait()
java.lang.Thread.State: WAITING (on object monitor)
        at sun.misc.Unsafe.park(Native Method)
        at java.util.concurrent.locks.LockSupport.park(LockSupport.java:175)
        at java.util.concurrent.locks.AbstractQueuedSynchronizer$ConditionObject.await(AbstractQueuedSynchronizer.java:2039)
        at java.util.concurrent.ScheduledThreadPoolExecutor$DelayedWorkQueue.take(ScheduledThreadPoolExecutor.java:1088)
        at java.util.concurrent.ScheduledThreadPoolExecutor$DelayedWorkQueue.take(ScheduledThreadPoolExecutor.java:809)
        at java.util.concurrent.ThreadPoolExecutor.getTask(ThreadPoolExecutor.java:1074)
        at java.util.concurrent.ThreadPoolExecutor.runWorker(ThreadPoolExecutor.java:1134)
        at java.util.concurrent.ThreadPoolExecutor$Worker.run(ThreadPoolExecutor.java:624)
        at java.lang.Thread.run(Thread.java:750)
"Socket Reader #1 for port 0"  prio=5 tid=3964 runnable
java.lang.Thread.State: RUNNABLE
        at sun.nio.ch.EPollArrayWrapper.epollWait(Native Method)
        at sun.nio.ch.EPollArrayWrapper.poll(EPollArrayWrapper.java:269)
        at sun.nio.ch.EPollSelectorImpl.doSelect(EPollSelectorImpl.java:93)
        at sun.nio.ch.SelectorImpl.lockAndDoSelect(SelectorImpl.java:86)
        at sun.nio.ch.SelectorImpl.select(SelectorImpl.java:97)
        at sun.nio.ch.SelectorImpl.select(SelectorImpl.java:101)
        at org.apache.hadoop.ipc.Server$Listener$Reader.doRunLoop(Server.java:1296)
        at org.apache.hadoop.ipc.Server$Listener$Reader.run(Server.java:1275)
"Datanode ReportManager Thread - 1" daemon prio=5 tid=3391 in Object.wait()
java.lang.Thread.State: WAITING (on object monitor)
        at sun.misc.Unsafe.park(Native Method)
        at java.util.concurrent.locks.LockSupport.park(LockSupport.java:175)
        at java.util.concurrent.locks.AbstractQueuedSynchronizer$ConditionObject.await(AbstractQueuedSynchronizer.java:2039)
        at java.util.concurrent.ScheduledThreadPoolExecutor$DelayedWorkQueue.take(ScheduledThreadPoolExecutor.java:1088)
        at java.util.concurrent.ScheduledThreadPoolExecutor$DelayedWorkQueue.take(ScheduledThreadPoolExecutor.java:809)
        at java.util.concurrent.ThreadPoolExecutor.getTask(ThreadPoolExecutor.java:1074)
        at java.util.concurrent.ThreadPoolExecutor.runWorker(ThreadPoolExecutor.java:1134)
        at java.util.concurrent.ThreadPoolExecutor$Worker.run(ThreadPoolExecutor.java:624)
        at java.lang.Thread.run(Thread.java:750)
"DataNode DiskChecker thread 0" daemon prio=5 tid=5130 timed_waiting
java.lang.Thread.State: TIMED_WAITING
        at sun.misc.Unsafe.park(Native Method)
        at java.util.concurrent.locks.LockSupport.parkNanos(LockSupport.java:215)
        at java.util.concurrent.SynchronousQueue$TransferStack.awaitFulfill(SynchronousQueue.java:460)
        at java.util.concurrent.SynchronousQueue$TransferStack.transfer(SynchronousQueue.java:362)
        at java.util.concurrent.SynchronousQueue.poll(SynchronousQueue.java:941)
        at java.util.concurrent.ThreadPoolExecutor.getTask(ThreadPoolExecutor.java:1073)
        at java.util.concurrent.ThreadPoolExecutor.runWorker(ThreadPoolExecutor.java:1134)
        at java.util.concurrent.ThreadPoolExecutor$Worker.run(ThreadPoolExecutor.java:624)
        at java.lang.Thread.run(Thread.java:750)
"qtp1299110638-4202" daemon prio=5 tid=4202 timed_waiting
java.lang.Thread.State: TIMED_WAITING
        at sun.misc.Unsafe.park(Native Method)
        at java.util.concurrent.locks.LockSupport.parkNanos(LockSupport.java:215)
        at java.util.concurrent.locks.AbstractQueuedSynchronizer$ConditionObject.awaitNanos(AbstractQueuedSynchronizer.java:2078)
        at org.eclipse.jetty.util.BlockingArrayQueue.poll(BlockingArrayQueue.java:382)
        at org.eclipse.jetty.util.thread.QueuedThreadPool$Runner.idleJobPoll(QueuedThreadPool.java:974)
        at org.eclipse.jetty.util.thread.QueuedThreadPool$Runner.run(QueuedThreadPool.java:1018)
        at java.lang.Thread.run(Thread.java:750)
"ChunkWriter-0-0" daemon prio=5 tid=3444 in Object.wait()
java.lang.Thread.State: WAITING (on object monitor)
        at sun.misc.Unsafe.park(Native Method)
        at java.util.concurrent.locks.LockSupport.park(LockSupport.java:175)
        at java.util.concurrent.locks.AbstractQueuedSynchronizer$ConditionObject.await(AbstractQueuedSynchronizer.java:2039)
        at java.util.concurrent.LinkedBlockingDeque.takeFirst(LinkedBlockingDeque.java:492)
        at java.util.concurrent.LinkedBlockingDeque.take(LinkedBlockingDeque.java:680)
        at java.util.concurrent.ThreadPoolExecutor.getTask(ThreadPoolExecutor.java:1074)
        at java.util.concurrent.ThreadPoolExecutor.runWorker(ThreadPoolExecutor.java:1134)
        at java.util.concurrent.ThreadPoolExecutor$Worker.run(ThreadPoolExecutor.java:624)
        at java.lang.Thread.run(Thread.java:750)
"FullTableCache Cleanup Thread - 0" daemon prio=5 tid=651 in Object.wait()
java.lang.Thread.State: WAITING (on object monitor)
        at sun.misc.Unsafe.park(Native Method)
        at java.util.concurrent.locks.LockSupport.park(LockSupport.java:175)
        at java.util.concurrent.locks.AbstractQueuedSynchronizer$ConditionObject.await(AbstractQueuedSynchronizer.java:2039)
        at java.util.concurrent.LinkedBlockingQueue.take(LinkedBlockingQueue.java:442)
        at java.util.concurrent.ThreadPoolExecutor.getTask(ThreadPoolExecutor.java:1074)
        at java.util.concurrent.ThreadPoolExecutor.runWorker(ThreadPoolExecutor.java:1134)
        at java.util.concurrent.ThreadPoolExecutor$Worker.run(ThreadPoolExecutor.java:624)
        at java.lang.Thread.run(Thread.java:750)
"2caa6dbd-0dfc-46f6-9048-e45aa22bedc3@group-62CE731D69B1-StateMachineUpdater" daemon prio=5 tid=4491 timed_waiting
java.lang.Thread.State: TIMED_WAITING
        at sun.misc.Unsafe.park(Native Method)
        at java.util.concurrent.locks.LockSupport.parkNanos(LockSupport.java:215)
        at java.util.concurrent.CompletableFuture$Signaller.block(CompletableFuture.java:1709)
        at java.util.concurrent.ForkJoinPool.managedBlock(ForkJoinPool.java:3323)
        at java.util.concurrent.CompletableFuture.timedGet(CompletableFuture.java:1788)
        at java.util.concurrent.CompletableFuture.get(CompletableFuture.java:1928)
        at org.apache.ratis.util.AwaitForSignal.await(AwaitForSignal.java:56)
        at org.apache.ratis.server.impl.StateMachineUpdater.waitForCommit(StateMachineUpdater.java:207)
        at org.apache.ratis.server.impl.StateMachineUpdater.run(StateMachineUpdater.java:176)
        at java.lang.Thread.run(Thread.java:750)
"EndpointStateMachine task thread for /0.0.0.0:41341 - 0 "  prio=5 tid=4435 in Object.wait()
java.lang.Thread.State: WAITING (on object monitor)
        at sun.misc.Unsafe.park(Native Method)
        at java.util.concurrent.locks.LockSupport.park(LockSupport.java:175)
        at java.util.concurrent.locks.AbstractQueuedSynchronizer$ConditionObject.await(AbstractQueuedSynchronizer.java:2039)
        at java.util.concurrent.LinkedBlockingQueue.take(LinkedBlockingQueue.java:442)
        at java.util.concurrent.ThreadPoolExecutor.getTask(ThreadPoolExecutor.java:1074)
        at java.util.concurrent.ThreadPoolExecutor.runWorker(ThreadPoolExecutor.java:1134)
        at java.util.concurrent.ThreadPoolExecutor$Worker.run(ThreadPoolExecutor.java:624)
        at java.lang.Thread.run(Thread.java:750)
"qtp97707647-5140" daemon prio=5 tid=5140 timed_waiting
java.lang.Thread.State: TIMED_WAITING
        at sun.misc.Unsafe.park(Native Method)
        at java.util.concurrent.locks.LockSupport.parkNanos(LockSupport.java:215)
        at java.util.concurrent.locks.AbstractQueuedSynchronizer$ConditionObject.awaitNanos(AbstractQueuedSynchronizer.java:2078)
        at org.eclipse.jetty.util.BlockingArrayQueue.poll(BlockingArrayQueue.java:382)
        at org.eclipse.jetty.util.thread.QueuedThreadPool$Runner.idleJobPoll(QueuedThreadPool.java:974)
        at org.eclipse.jetty.util.thread.QueuedThreadPool$Runner.run(QueuedThreadPool.java:1018)
        at java.lang.Thread.run(Thread.java:750)
"ChunkWriter-1-0" daemon prio=5 tid=4292 in Object.wait()
java.lang.Thread.State: WAITING (on object monitor)
        at sun.misc.Unsafe.park(Native Method)
        at java.util.concurrent.locks.LockSupport.park(LockSupport.java:175)
        at java.util.concurrent.locks.AbstractQueuedSynchronizer$ConditionObject.await(AbstractQueuedSynchronizer.java:2039)
        at java.util.concurrent.LinkedBlockingDeque.takeFirst(LinkedBlockingDeque.java:492)
        at java.util.concurrent.LinkedBlockingDeque.take(LinkedBlockingDeque.java:680)
        at java.util.concurrent.ThreadPoolExecutor.getTask(ThreadPoolExecutor.java:1074)
        at java.util.concurrent.ThreadPoolExecutor.runWorker(ThreadPoolExecutor.java:1134)
        at java.util.concurrent.ThreadPoolExecutor$Worker.run(ThreadPoolExecutor.java:624)
        at java.lang.Thread.run(Thread.java:750)
"pool-2018-thread-1" daemon prio=5 tid=4185 timed_waiting
java.lang.Thread.State: TIMED_WAITING
        at sun.misc.Unsafe.park(Native Method)
        at java.util.concurrent.locks.LockSupport.parkNanos(LockSupport.java:215)
        at java.util.concurrent.locks.AbstractQueuedSynchronizer$ConditionObject.awaitNanos(AbstractQueuedSynchronizer.java:2078)
        at java.util.concurrent.ScheduledThreadPoolExecutor$DelayedWorkQueue.take(ScheduledThreadPoolExecutor.java:1093)
        at java.util.concurrent.ScheduledThreadPoolExecutor$DelayedWorkQueue.take(ScheduledThreadPoolExecutor.java:809)
        at java.util.concurrent.ThreadPoolExecutor.getTask(ThreadPoolExecutor.java:1074)
        at java.util.concurrent.ThreadPoolExecutor.runWorker(ThreadPoolExecutor.java:1134)
        at java.util.concurrent.ThreadPoolExecutor$Worker.run(ThreadPoolExecutor.java:624)
        at java.lang.Thread.run(Thread.java:750)
"IPC Server Responder" daemon prio=5 tid=5494 runnable
java.lang.Thread.State: RUNNABLE
        at sun.nio.ch.EPollArrayWrapper.epollWait(Native Method)
        at sun.nio.ch.EPollArrayWrapper.poll(EPollArrayWrapper.java:269)
        at sun.nio.ch.EPollSelectorImpl.doSelect(EPollSelectorImpl.java:93)
        at sun.nio.ch.SelectorImpl.lockAndDoSelect(SelectorImpl.java:86)
        at sun.nio.ch.SelectorImpl.select(SelectorImpl.java:97)
        at org.apache.hadoop.ipc.Server$Responder.doRunLoop(Server.java:1532)
        at org.apache.hadoop.ipc.Server$Responder.run(Server.java:1515)
"pool-2412-thread-1"  prio=5 tid=4947 timed_waiting
java.lang.Thread.State: TIMED_WAITING
        at sun.misc.Unsafe.park(Native Method)
        at java.util.concurrent.locks.LockSupport.parkNanos(LockSupport.java:215)
        at java.util.concurrent.locks.AbstractQueuedSynchronizer$ConditionObject.awaitNanos(AbstractQueuedSynchronizer.java:2078)
        at java.util.concurrent.ScheduledThreadPoolExecutor$DelayedWorkQueue.take(ScheduledThreadPoolExecutor.java:1093)
        at java.util.concurrent.ScheduledThreadPoolExecutor$DelayedWorkQueue.take(ScheduledThreadPoolExecutor.java:809)
        at java.util.concurrent.ThreadPoolExecutor.getTask(ThreadPoolExecutor.java:1074)
        at java.util.concurrent.ThreadPoolExecutor.runWorker(ThreadPoolExecutor.java:1134)
        at java.util.concurrent.ThreadPoolExecutor$Worker.run(ThreadPoolExecutor.java:624)
        at java.lang.Thread.run(Thread.java:750)
"IPC Server Responder" daemon prio=5 tid=4753 runnable
java.lang.Thread.State: RUNNABLE
        at sun.nio.ch.EPollArrayWrapper.epollWait(Native Method)
        at sun.nio.ch.EPollArrayWrapper.poll(EPollArrayWrapper.java:269)
        at sun.nio.ch.EPollSelectorImpl.doSelect(EPollSelectorImpl.java:93)
        at sun.nio.ch.SelectorImpl.lockAndDoSelect(SelectorImpl.java:86)
        at sun.nio.ch.SelectorImpl.select(SelectorImpl.java:97)
        at org.apache.hadoop.ipc.Server$Responder.doRunLoop(Server.java:1532)
        at org.apache.hadoop.ipc.Server$Responder.run(Server.java:1515)
"IPC Server handler 3 on default port 35159" daemon prio=5 tid=4773 timed_waiting
java.lang.Thread.State: TIMED_WAITING
        at sun.misc.Unsafe.park(Native Method)
        at java.util.concurrent.locks.LockSupport.parkNanos(LockSupport.java:215)
        at java.util.concurrent.locks.AbstractQueuedSynchronizer$ConditionObject.awaitNanos(AbstractQueuedSynchronizer.java:2078)
        at java.util.concurrent.LinkedBlockingQueue.poll(LinkedBlockingQueue.java:467)
        at org.apache.hadoop.ipc.CallQueueManager.take(CallQueueManager.java:317)
        at org.apache.hadoop.ipc.Server$Handler.run(Server.java:2942)
"EndpointStateMachine task thread for /0.0.0.0:41341 - 0 "  prio=5 tid=4412 in Object.wait()
java.lang.Thread.State: WAITING (on object monitor)
        at sun.misc.Unsafe.park(Native Method)
        at java.util.concurrent.locks.LockSupport.park(LockSupport.java:175)
        at java.util.concurrent.locks.AbstractQueuedSynchronizer$ConditionObject.await(AbstractQueuedSynchronizer.java:2039)
        at java.util.concurrent.LinkedBlockingQueue.take(LinkedBlockingQueue.java:442)
        at java.util.concurrent.ThreadPoolExecutor.getTask(ThreadPoolExecutor.java:1074)
        at java.util.concurrent.ThreadPoolExecutor.runWorker(ThreadPoolExecutor.java:1134)
        at java.util.concurrent.ThreadPoolExecutor$Worker.run(ThreadPoolExecutor.java:624)
        at java.lang.Thread.run(Thread.java:750)
"EndpointStateMachine task thread for /0.0.0.0:40433 - 0 "  prio=5 tid=5383 in Object.wait()
java.lang.Thread.State: WAITING (on object monitor)
        at sun.misc.Unsafe.park(Native Method)
        at java.util.concurrent.locks.LockSupport.park(LockSupport.java:175)
        at java.util.concurrent.locks.AbstractQueuedSynchronizer$ConditionObject.await(AbstractQueuedSynchronizer.java:2039)
        at java.util.concurrent.LinkedBlockingQueue.take(LinkedBlockingQueue.java:442)
        at java.util.concurrent.ThreadPoolExecutor.getTask(ThreadPoolExecutor.java:1074)
        at java.util.concurrent.ThreadPoolExecutor.runWorker(ThreadPoolExecutor.java:1134)
        at java.util.concurrent.ThreadPoolExecutor$Worker.run(ThreadPoolExecutor.java:624)
        at java.lang.Thread.run(Thread.java:750)
"ChunkReader-ELG-0" daemon prio=5 tid=5212 runnable
java.lang.Thread.State: RUNNABLE
        at org.apache.ratis.thirdparty.io.netty.channel.epoll.Native.epollWait(Native Method)
        at org.apache.ratis.thirdparty.io.netty.channel.epoll.Native.epollWait(Native.java:209)
        at org.apache.ratis.thirdparty.io.netty.channel.epoll.Native.epollWait(Native.java:202)
        at org.apache.ratis.thirdparty.io.netty.channel.epoll.EpollEventLoop.epollWaitNoTimerChange(EpollEventLoop.java:294)
        at org.apache.ratis.thirdparty.io.netty.channel.epoll.EpollEventLoop.run(EpollEventLoop.java:351)
        at org.apache.ratis.thirdparty.io.netty.util.concurrent.SingleThreadEventExecutor$4.run(SingleThreadEventExecutor.java:995)
        at org.apache.ratis.thirdparty.io.netty.util.internal.ThreadExecutorMap$2.run(ThreadExecutorMap.java:74)
        at java.lang.Thread.run(Thread.java:750)
"ContainerOp-d03e4836-7d8d-4de7-87bd-2d1f402832ad-8"  prio=5 tid=4873 in Object.wait()
java.lang.Thread.State: WAITING (on object monitor)
        at sun.misc.Unsafe.park(Native Method)
        at java.util.concurrent.locks.LockSupport.park(LockSupport.java:175)
        at java.util.concurrent.locks.AbstractQueuedSynchronizer$ConditionObject.await(AbstractQueuedSynchronizer.java:2039)
        at java.util.concurrent.LinkedBlockingQueue.take(LinkedBlockingQueue.java:442)
        at java.util.concurrent.ThreadPoolExecutor.getTask(ThreadPoolExecutor.java:1074)
        at java.util.concurrent.ThreadPoolExecutor.runWorker(ThreadPoolExecutor.java:1134)
        at java.util.concurrent.ThreadPoolExecutor$Worker.run(ThreadPoolExecutor.java:624)
        at java.lang.Thread.run(Thread.java:750)
"StaleRecoveringContainerScrubbingService#1" daemon prio=5 tid=4370 timed_waiting
java.lang.Thread.State: TIMED_WAITING
        at sun.misc.Unsafe.park(Native Method)
        at java.util.concurrent.locks.LockSupport.parkNanos(LockSupport.java:215)
        at java.util.concurrent.locks.AbstractQueuedSynchronizer$ConditionObject.awaitNanos(AbstractQueuedSynchronizer.java:2078)
        at java.util.concurrent.ScheduledThreadPoolExecutor$DelayedWorkQueue.take(ScheduledThreadPoolExecutor.java:1093)
        at java.util.concurrent.ScheduledThreadPoolExecutor$DelayedWorkQueue.take(ScheduledThreadPoolExecutor.java:809)
        at java.util.concurrent.ThreadPoolExecutor.getTask(ThreadPoolExecutor.java:1074)
        at java.util.concurrent.ThreadPoolExecutor.runWorker(ThreadPoolExecutor.java:1134)
        at java.util.concurrent.ThreadPoolExecutor$Worker.run(ThreadPoolExecutor.java:624)
        at java.lang.Thread.run(Thread.java:750)
"IPC Server handler 12 on default port 36003" daemon prio=5 tid=4802 timed_waiting
java.lang.Thread.State: TIMED_WAITING
        at sun.misc.Unsafe.park(Native Method)
        at java.util.concurrent.locks.LockSupport.parkNanos(LockSupport.java:215)
        at java.util.concurrent.locks.AbstractQueuedSynchronizer$ConditionObject.awaitNanos(AbstractQueuedSynchronizer.java:2078)
        at java.util.concurrent.LinkedBlockingQueue.poll(LinkedBlockingQueue.java:467)
        at org.apache.hadoop.ipc.CallQueueManager.take(CallQueueManager.java:317)
        at org.apache.hadoop.ipc.Server$Handler.run(Server.java:2942)
"Socket Reader #1 for port 0"  prio=5 tid=3740 runnable
java.lang.Thread.State: RUNNABLE
        at sun.nio.ch.EPollArrayWrapper.epollWait(Native Method)
        at sun.nio.ch.EPollArrayWrapper.poll(EPollArrayWrapper.java:269)
        at sun.nio.ch.EPollSelectorImpl.doSelect(EPollSelectorImpl.java:93)
        at sun.nio.ch.SelectorImpl.lockAndDoSelect(SelectorImpl.java:86)
        at sun.nio.ch.SelectorImpl.select(SelectorImpl.java:97)
        at sun.nio.ch.SelectorImpl.select(SelectorImpl.java:101)
        at org.apache.hadoop.ipc.Server$Listener$Reader.doRunLoop(Server.java:1296)
        at org.apache.hadoop.ipc.Server$Listener$Reader.run(Server.java:1275)
"ChunkWriter-2-0" daemon prio=5 tid=5209 in Object.wait()
java.lang.Thread.State: WAITING (on object monitor)
        at sun.misc.Unsafe.park(Native Method)
        at java.util.concurrent.locks.LockSupport.park(LockSupport.java:175)
        at java.util.concurrent.locks.AbstractQueuedSynchronizer$ConditionObject.await(AbstractQueuedSynchronizer.java:2039)
        at java.util.concurrent.LinkedBlockingDeque.takeFirst(LinkedBlockingDeque.java:492)
        at java.util.concurrent.LinkedBlockingDeque.take(LinkedBlockingDeque.java:680)
        at java.util.concurrent.ThreadPoolExecutor.getTask(ThreadPoolExecutor.java:1074)
        at java.util.concurrent.ThreadPoolExecutor.runWorker(ThreadPoolExecutor.java:1134)
        at java.util.concurrent.ThreadPoolExecutor$Worker.run(ThreadPoolExecutor.java:624)
        at java.lang.Thread.run(Thread.java:750)
"grpc-default-executor-5" daemon prio=5 tid=884 timed_waiting
java.lang.Thread.State: TIMED_WAITING
        at sun.misc.Unsafe.park(Native Method)
        at java.util.concurrent.locks.LockSupport.parkNanos(LockSupport.java:215)
        at java.util.concurrent.SynchronousQueue$TransferStack.awaitFulfill(SynchronousQueue.java:460)
        at java.util.concurrent.SynchronousQueue$TransferStack.transfer(SynchronousQueue.java:362)
        at java.util.concurrent.SynchronousQueue.poll(SynchronousQueue.java:941)
        at java.util.concurrent.ThreadPoolExecutor.getTask(ThreadPoolExecutor.java:1073)
        at java.util.concurrent.ThreadPoolExecutor.runWorker(ThreadPoolExecutor.java:1134)
        at java.util.concurrent.ThreadPoolExecutor$Worker.run(ThreadPoolExecutor.java:624)
        at java.lang.Thread.run(Thread.java:750)
"org.apache.hadoop.util.JvmPauseMonitor$Monitor@1e046803" daemon prio=5 tid=5038 timed_waiting
java.lang.Thread.State: TIMED_WAITING
        at java.lang.Thread.sleep(Native Method)
        at org.apache.hadoop.util.JvmPauseMonitor$Monitor.run(JvmPauseMonitor.java:192)
        at java.lang.Thread.run(Thread.java:750)
"Datanode State Machine Task Thread - 0"  prio=5 tid=4358 in Object.wait()
java.lang.Thread.State: WAITING (on object monitor)
        at sun.misc.Unsafe.park(Native Method)
        at java.util.concurrent.locks.LockSupport.park(LockSupport.java:175)
        at java.util.concurrent.locks.AbstractQueuedSynchronizer$ConditionObject.await(AbstractQueuedSynchronizer.java:2039)
        at java.util.concurrent.LinkedBlockingQueue.take(LinkedBlockingQueue.java:442)
        at java.util.concurrent.ThreadPoolExecutor.getTask(ThreadPoolExecutor.java:1074)
        at java.util.concurrent.ThreadPoolExecutor.runWorker(ThreadPoolExecutor.java:1134)
        at java.util.concurrent.ThreadPoolExecutor$Worker.run(ThreadPoolExecutor.java:624)
        at java.lang.Thread.run(Thread.java:750)
"grpc-default-executor-8" daemon prio=5 tid=2335 timed_waiting
java.lang.Thread.State: TIMED_WAITING
        at sun.misc.Unsafe.park(Native Method)
        at java.util.concurrent.locks.LockSupport.parkNanos(LockSupport.java:215)
        at java.util.concurrent.SynchronousQueue$TransferStack.awaitFulfill(SynchronousQueue.java:460)
        at java.util.concurrent.SynchronousQueue$TransferStack.transfer(SynchronousQueue.java:362)
        at java.util.concurrent.SynchronousQueue.poll(SynchronousQueue.java:941)
        at java.util.concurrent.ThreadPoolExecutor.getTask(ThreadPoolExecutor.java:1073)
        at java.util.concurrent.ThreadPoolExecutor.runWorker(ThreadPoolExecutor.java:1134)
        at java.util.concurrent.ThreadPoolExecutor$Worker.run(ThreadPoolExecutor.java:624)
        at java.lang.Thread.run(Thread.java:750)
"Datanode ReportManager Thread - 1" daemon prio=5 tid=5061 in Object.wait()
java.lang.Thread.State: WAITING (on object monitor)
        at sun.misc.Unsafe.park(Native Method)
        at java.util.concurrent.locks.LockSupport.parkNanos(LockSupport.java:215)
        at java.util.concurrent.locks.AbstractQueuedSynchronizer$ConditionObject.awaitNanos(AbstractQueuedSynchronizer.java:2078)
        at java.util.concurrent.ScheduledThreadPoolExecutor$DelayedWorkQueue.take(ScheduledThreadPoolExecutor.java:1093)
        at java.util.concurrent.ScheduledThreadPoolExecutor$DelayedWorkQueue.take(ScheduledThreadPoolExecutor.java:809)
        at java.util.concurrent.ThreadPoolExecutor.getTask(ThreadPoolExecutor.java:1074)
        at java.util.concurrent.ThreadPoolExecutor.runWorker(ThreadPoolExecutor.java:1134)
        at java.util.concurrent.ThreadPoolExecutor$Worker.run(ThreadPoolExecutor.java:624)
        at java.lang.Thread.run(Thread.java:750)
"IPC Server handler 19 on default port 40433" daemon prio=5 tid=4829 timed_waiting
java.lang.Thread.State: TIMED_WAITING
        at sun.misc.Unsafe.park(Native Method)
        at java.util.concurrent.locks.LockSupport.parkNanos(LockSupport.java:215)
        at java.util.concurrent.locks.AbstractQueuedSynchronizer$ConditionObject.awaitNanos(AbstractQueuedSynchronizer.java:2078)
        at java.util.concurrent.LinkedBlockingQueue.poll(LinkedBlockingQueue.java:467)
        at org.apache.hadoop.ipc.CallQueueManager.take(CallQueueManager.java:317)
        at org.apache.hadoop.ipc.Server$Handler.run(Server.java:2942)
"qtp1166429822-3991" daemon prio=5 tid=3991 timed_waiting
java.lang.Thread.State: TIMED_WAITING
        at sun.misc.Unsafe.park(Native Method)
        at java.util.concurrent.locks.LockSupport.parkNanos(LockSupport.java:215)
        at java.util.concurrent.locks.AbstractQueuedSynchronizer$ConditionObject.awaitNanos(AbstractQueuedSynchronizer.java:2078)
        at org.eclipse.jetty.util.BlockingArrayQueue.poll(BlockingArrayQueue.java:382)
        at org.eclipse.jetty.util.thread.QueuedThreadPool$Runner.idleJobPoll(QueuedThreadPool.java:974)
        at org.eclipse.jetty.util.thread.QueuedThreadPool$Runner.run(QueuedThreadPool.java:1018)
        at java.lang.Thread.run(Thread.java:750)
"FullTableCache Cleanup Thread - 0" daemon prio=5 tid=1914 in Object.wait()
java.lang.Thread.State: WAITING (on object monitor)
        at sun.misc.Unsafe.park(Native Method)
        at java.util.concurrent.locks.LockSupport.park(LockSupport.java:175)
        at java.util.concurrent.locks.AbstractQueuedSynchronizer$ConditionObject.await(AbstractQueuedSynchronizer.java:2039)
        at java.util.concurrent.LinkedBlockingQueue.take(LinkedBlockingQueue.java:442)
        at java.util.concurrent.ThreadPoolExecutor.getTask(ThreadPoolExecutor.java:1074)
        at java.util.concurrent.ThreadPoolExecutor.runWorker(ThreadPoolExecutor.java:1134)
        at java.util.concurrent.ThreadPoolExecutor$Worker.run(ThreadPoolExecutor.java:624)
        at java.lang.Thread.run(Thread.java:750)
"qtp1276177486-5104" daemon prio=5 tid=5104 runnable
java.lang.Thread.State: RUNNABLE
        at sun.nio.ch.EPollArrayWrapper.epollWait(Native Method)
        at sun.nio.ch.EPollArrayWrapper.poll(EPollArrayWrapper.java:269)
        at sun.nio.ch.EPollSelectorImpl.doSelect(EPollSelectorImpl.java:93)
        at sun.nio.ch.SelectorImpl.lockAndDoSelect(SelectorImpl.java:86)
        at sun.nio.ch.SelectorImpl.select(SelectorImpl.java:97)
        at sun.nio.ch.SelectorImpl.select(SelectorImpl.java:101)
        at org.eclipse.jetty.io.ManagedSelector.nioSelect(ManagedSelector.java:183)
        at org.eclipse.jetty.io.ManagedSelector.select(ManagedSelector.java:190)
        at org.eclipse.jetty.io.ManagedSelector$SelectorProducer.select(ManagedSelector.java:606)
        at org.eclipse.jetty.io.ManagedSelector$SelectorProducer.produce(ManagedSelector.java:543)
        at org.eclipse.jetty.util.thread.strategy.EatWhatYouKill.produceTask(EatWhatYouKill.java:362)
        at org.eclipse.jetty.util.thread.strategy.EatWhatYouKill.doProduce(EatWhatYouKill.java:186)
        at org.eclipse.jetty.util.thread.strategy.EatWhatYouKill.tryProduce(EatWhatYouKill.java:173)
        at org.eclipse.jetty.util.thread.strategy.EatWhatYouKill.produce(EatWhatYouKill.java:137)
        at org.eclipse.jetty.io.ManagedSelector$$Lambda$480/1445512345.run(Unknown Source)
        at org.eclipse.jetty.util.thread.QueuedThreadPool.runJob(QueuedThreadPool.java:883)
        at org.eclipse.jetty.util.thread.QueuedThreadPool$Runner.run(QueuedThreadPool.java:1034)
        at java.lang.Thread.run(Thread.java:750)
"IPC Server handler 12 on default port 41341" daemon prio=5 tid=3816 timed_waiting
java.lang.Thread.State: TIMED_WAITING
        at sun.misc.Unsafe.park(Native Method)
        at java.util.concurrent.locks.LockSupport.parkNanos(LockSupport.java:215)
        at java.util.concurrent.locks.AbstractQueuedSynchronizer$ConditionObject.awaitNanos(AbstractQueuedSynchronizer.java:2078)
        at java.util.concurrent.LinkedBlockingQueue.poll(LinkedBlockingQueue.java:467)
        at org.apache.hadoop.ipc.CallQueueManager.take(CallQueueManager.java:317)
        at org.apache.hadoop.ipc.Server$Handler.run(Server.java:2942)
"Datanode ReportManager Thread - 3" daemon prio=5 tid=3419 in Object.wait()
java.lang.Thread.State: WAITING (on object monitor)
        at sun.misc.Unsafe.park(Native Method)
        at java.util.concurrent.locks.LockSupport.park(LockSupport.java:175)
        at java.util.concurrent.locks.AbstractQueuedSynchronizer$ConditionObject.await(AbstractQueuedSynchronizer.java:2039)
        at java.util.concurrent.ScheduledThreadPoolExecutor$DelayedWorkQueue.take(ScheduledThreadPoolExecutor.java:1088)
        at java.util.concurrent.ScheduledThreadPoolExecutor$DelayedWorkQueue.take(ScheduledThreadPoolExecutor.java:809)
        at java.util.concurrent.ThreadPoolExecutor.getTask(ThreadPoolExecutor.java:1074)
        at java.util.concurrent.ThreadPoolExecutor.runWorker(ThreadPoolExecutor.java:1134)
        at java.util.concurrent.ThreadPoolExecutor$Worker.run(ThreadPoolExecutor.java:624)
        at java.lang.Thread.run(Thread.java:750)
"qtp1938906929-4120" daemon prio=5 tid=4120 timed_waiting
java.lang.Thread.State: TIMED_WAITING
        at sun.misc.Unsafe.park(Native Method)
        at java.util.concurrent.locks.LockSupport.parkNanos(LockSupport.java:215)
        at java.util.concurrent.locks.AbstractQueuedSynchronizer$ConditionObject.awaitNanos(AbstractQueuedSynchronizer.java:2078)
        at org.eclipse.jetty.util.BlockingArrayQueue.poll(BlockingArrayQueue.java:382)
        at org.eclipse.jetty.util.thread.QueuedThreadPool$Runner.idleJobPoll(QueuedThreadPool.java:974)
        at org.eclipse.jetty.util.thread.QueuedThreadPool$Runner.run(QueuedThreadPool.java:1018)
        at java.lang.Thread.run(Thread.java:750)
"prometheus" daemon prio=5 tid=5506 in Object.wait()
java.lang.Thread.State: WAITING (on object monitor)
        at java.lang.Object.wait(Native Method)
        at java.lang.Object.wait(Object.java:502)
        at org.apache.hadoop.metrics2.impl.SinkQueue.waitForData(SinkQueue.java:114)
        at org.apache.hadoop.metrics2.impl.SinkQueue.consumeAll(SinkQueue.java:83)
        at org.apache.hadoop.metrics2.impl.MetricsSinkAdapter.publishMetricsFromQueue(MetricsSinkAdapter.java:135)
        at org.apache.hadoop.metrics2.impl.MetricsSinkAdapter$1.run(MetricsSinkAdapter.java:89)
"pool-1971-thread-1"  prio=5 tid=4117 timed_waiting
java.lang.Thread.State: TIMED_WAITING
        at sun.misc.Unsafe.park(Native Method)
        at java.util.concurrent.locks.LockSupport.parkNanos(LockSupport.java:215)
        at java.util.concurrent.locks.AbstractQueuedSynchronizer$ConditionObject.awaitNanos(AbstractQueuedSynchronizer.java:2078)
        at java.util.concurrent.ScheduledThreadPoolExecutor$DelayedWorkQueue.take(ScheduledThreadPoolExecutor.java:1093)
        at java.util.concurrent.ScheduledThreadPoolExecutor$DelayedWorkQueue.take(ScheduledThreadPoolExecutor.java:809)
        at java.util.concurrent.ThreadPoolExecutor.getTask(ThreadPoolExecutor.java:1074)
        at java.util.concurrent.ThreadPoolExecutor.runWorker(ThreadPoolExecutor.java:1134)
        at java.util.concurrent.ThreadPoolExecutor$Worker.run(ThreadPoolExecutor.java:624)
        at java.lang.Thread.run(Thread.java:750)
"qtp838819951-4955" daemon prio=5 tid=4955 timed_waiting
java.lang.Thread.State: TIMED_WAITING
        at sun.misc.Unsafe.park(Native Method)
        at java.util.concurrent.locks.LockSupport.parkNanos(LockSupport.java:215)
        at java.util.concurrent.locks.AbstractQueuedSynchronizer$ConditionObject.awaitNanos(AbstractQueuedSynchronizer.java:2078)
        at org.eclipse.jetty.util.BlockingArrayQueue.poll(BlockingArrayQueue.java:382)
        at org.eclipse.jetty.util.thread.QueuedThreadPool$Runner.idleJobPoll(QueuedThreadPool.java:974)
        at org.eclipse.jetty.util.thread.QueuedThreadPool$Runner.run(QueuedThreadPool.java:1018)
        at java.lang.Thread.run(Thread.java:750)
"DatanodeAdminManager-0" daemon prio=5 tid=4740 timed_waiting
java.lang.Thread.State: TIMED_WAITING
        at sun.misc.Unsafe.park(Native Method)
        at java.util.concurrent.locks.LockSupport.parkNanos(LockSupport.java:215)
        at java.util.concurrent.locks.AbstractQueuedSynchronizer$ConditionObject.awaitNanos(AbstractQueuedSynchronizer.java:2078)
        at java.util.concurrent.ScheduledThreadPoolExecutor$DelayedWorkQueue.take(ScheduledThreadPoolExecutor.java:1093)
        at java.util.concurrent.ScheduledThreadPoolExecutor$DelayedWorkQueue.take(ScheduledThreadPoolExecutor.java:809)
        at java.util.concurrent.ThreadPoolExecutor.getTask(ThreadPoolExecutor.java:1074)
        at java.util.concurrent.ThreadPoolExecutor.runWorker(ThreadPoolExecutor.java:1134)
        at java.util.concurrent.ThreadPoolExecutor$Worker.run(ThreadPoolExecutor.java:624)
        at java.lang.Thread.run(Thread.java:750)
"Datanode ReportManager Thread - 3" daemon prio=5 tid=4354 in Object.wait()
java.lang.Thread.State: WAITING (on object monitor)
        at sun.misc.Unsafe.park(Native Method)
        at java.util.concurrent.locks.LockSupport.park(LockSupport.java:175)
        at java.util.concurrent.locks.AbstractQueuedSynchronizer$ConditionObject.await(AbstractQueuedSynchronizer.java:2039)
        at java.util.concurrent.ScheduledThreadPoolExecutor$DelayedWorkQueue.take(ScheduledThreadPoolExecutor.java:1088)
        at java.util.concurrent.ScheduledThreadPoolExecutor$DelayedWorkQueue.take(ScheduledThreadPoolExecutor.java:809)
        at java.util.concurrent.ThreadPoolExecutor.getTask(ThreadPoolExecutor.java:1074)
        at java.util.concurrent.ThreadPoolExecutor.runWorker(ThreadPoolExecutor.java:1134)
        at java.util.concurrent.ThreadPoolExecutor$Worker.run(ThreadPoolExecutor.java:624)
        at java.lang.Thread.run(Thread.java:750)
"IPC Server idle connection scanner for port 35159" daemon prio=5 tid=4752 timed_waiting
java.lang.Thread.State: TIMED_WAITING
        at java.lang.Object.wait(Native Method)
        at java.util.TimerThread.mainLoop(Timer.java:552)
        at java.util.TimerThread.run(Timer.java:505)
"BlockDeletingService#2" daemon prio=5 tid=5653 in Object.wait()
java.lang.Thread.State: WAITING (on object monitor)
        at sun.misc.Unsafe.park(Native Method)
        at java.util.concurrent.locks.LockSupport.park(LockSupport.java:175)
        at java.util.concurrent.locks.AbstractQueuedSynchronizer$ConditionObject.await(AbstractQueuedSynchronizer.java:2039)
        at java.util.concurrent.ScheduledThreadPoolExecutor$DelayedWorkQueue.take(ScheduledThreadPoolExecutor.java:1088)
        at java.util.concurrent.ScheduledThreadPoolExecutor$DelayedWorkQueue.take(ScheduledThreadPoolExecutor.java:809)
        at java.util.concurrent.ThreadPoolExecutor.getTask(ThreadPoolExecutor.java:1074)
        at java.util.concurrent.ThreadPoolExecutor.runWorker(ThreadPoolExecutor.java:1134)
        at java.util.concurrent.ThreadPoolExecutor$Worker.run(ThreadPoolExecutor.java:624)
        at java.lang.Thread.run(Thread.java:750)
"pool-2109-thread-1"  prio=5 tid=4492 in Object.wait()
java.lang.Thread.State: WAITING (on object monitor)
        at sun.misc.Unsafe.park(Native Method)
        at java.util.concurrent.locks.LockSupport.park(LockSupport.java:175)
        at java.util.concurrent.locks.AbstractQueuedSynchronizer$ConditionObject.await(AbstractQueuedSynchronizer.java:2039)
        at java.util.concurrent.LinkedBlockingQueue.take(LinkedBlockingQueue.java:442)
        at java.util.concurrent.ThreadPoolExecutor.getTask(ThreadPoolExecutor.java:1074)
        at java.util.concurrent.ThreadPoolExecutor.runWorker(ThreadPoolExecutor.java:1134)
        at java.util.concurrent.ThreadPoolExecutor$Worker.run(ThreadPoolExecutor.java:624)
        at java.lang.Thread.run(Thread.java:750)
"org.apache.hadoop.util.JvmPauseMonitor$Monitor@42ba7e57" daemon prio=5 tid=4831 timed_waiting
java.lang.Thread.State: TIMED_WAITING
        at java.lang.Thread.sleep(Native Method)
        at org.apache.hadoop.util.JvmPauseMonitor$Monitor.run(JvmPauseMonitor.java:192)
        at java.lang.Thread.run(Thread.java:750)
"qtp708458890-4240" daemon prio=5 tid=4240 timed_waiting
java.lang.Thread.State: TIMED_WAITING
        at sun.misc.Unsafe.park(Native Method)
        at java.util.concurrent.locks.LockSupport.parkNanos(LockSupport.java:215)
        at java.util.concurrent.locks.AbstractQueuedSynchronizer$ConditionObject.awaitNanos(AbstractQueuedSynchronizer.java:2078)
        at org.eclipse.jetty.util.BlockingArrayQueue.poll(BlockingArrayQueue.java:382)
        at org.eclipse.jetty.util.thread.QueuedThreadPool$Runner.idleJobPoll(QueuedThreadPool.java:974)
        at org.eclipse.jetty.util.thread.QueuedThreadPool$Runner.run(QueuedThreadPool.java:1018)
        at java.lang.Thread.run(Thread.java:750)
"Listener at 0.0.0.0/45267"  prio=5 tid=1 runnable
java.lang.Thread.State: RUNNABLE
        at java.lang.Thread.dumpThreads(Native Method)
        at java.lang.Thread.getAllStackTraces(Thread.java:1615)
        at org.apache.ozone.test.TimedOutTestsListener.buildThreadDump(TimedOutTestsListener.java:93)
        at org.apache.ozone.test.TimedOutTestsListener.buildThreadDiagnosticString(TimedOutTestsListener.java:79)
        at org.apache.ozone.test.GenericTestUtils.waitFor(GenericTestUtils.java:224)
        at org.apache.hadoop.ozone.scm.node.TestDecommissionAndMaintenance.testSCMHandlesRestartForMaintenanceNode(TestDecommissionAndMaintenance.java:585)
        at sun.reflect.NativeMethodAccessorImpl.invoke0(Native Method)
        at sun.reflect.NativeMethodAccessorImpl.invoke(NativeMethodAccessorImpl.java:62)
        at sun.reflect.DelegatingMethodAccessorImpl.invoke(DelegatingMethodAccessorImpl.java:43)
        at java.lang.reflect.Method.invoke(Method.java:498)
        at org.junit.platform.commons.util.ReflectionUtils.invokeMethod(ReflectionUtils.java:725)
        at org.junit.jupiter.engine.execution.MethodInvocation.proceed(MethodInvocation.java:60)
        at org.junit.jupiter.engine.execution.InvocationInterceptorChain$ValidatingInvocation.proceed(InvocationInterceptorChain.java:131)
        at org.junit.jupiter.engine.extension.TimeoutExtension.intercept(TimeoutExtension.java:149)
        at org.junit.jupiter.engine.extension.TimeoutExtension.interceptTestableMethod(TimeoutExtension.java:140)
        at org.junit.jupiter.engine.extension.TimeoutExtension.interceptTestMethod(TimeoutExtension.java:84)
        at org.junit.jupiter.engine.descriptor.TestMethodTestDescriptor$$Lambda$164/293508253.apply(Unknown Source)
        at org.junit.jupiter.engine.execution.ExecutableInvoker$ReflectiveInterceptorCall.lambda$ofVoidMethod$0(ExecutableInvoker.java:115)
        at org.junit.jupiter.engine.execution.ExecutableInvoker$ReflectiveInterceptorCall$$Lambda$165/1007412025.apply(Unknown Source)
        at org.junit.jupiter.engine.execution.ExecutableInvoker.lambda$invoke$0(ExecutableInvoker.java:105)
        at org.junit.jupiter.engine.execution.ExecutableInvoker$$Lambda$322/919446210.apply(Unknown Source)
        at org.junit.jupiter.engine.execution.InvocationInterceptorChain$InterceptedInvocation.proceed(InvocationInterceptorChain.java:106)
        at org.junit.jupiter.engine.execution.InvocationInterceptorChain.proceed(InvocationInterceptorChain.java:64)
        at org.junit.jupiter.engine.execution.InvocationInterceptorChain.chainAndInvoke(InvocationInterceptorChain.java:45)
        at org.junit.jupiter.engine.execution.InvocationInterceptorChain.invoke(InvocationInterceptorChain.java:37)
        at org.junit.jupiter.engine.execution.ExecutableInvoker.invoke(ExecutableInvoker.java:104)
        at org.junit.jupiter.engine.execution.ExecutableInvoker.invoke(ExecutableInvoker.java:98)
        at org.junit.jupiter.engine.descriptor.TestMethodTestDescriptor.lambda$invokeTestMethod$7(TestMethodTestDescriptor.java:214)
        at org.junit.jupiter.engine.descriptor.TestMethodTestDescriptor$$Lambda$1193/786058987.execute(Unknown Source)
        at org.junit.platform.engine.support.hierarchical.ThrowableCollector.execute(ThrowableCollector.java:73)
        at org.junit.jupiter.engine.descriptor.TestMethodTestDescriptor.invokeTestMethod(TestMethodTestDescriptor.java:210)
        at org.junit.jupiter.engine.descriptor.TestMethodTestDescriptor.execute(TestMethodTestDescriptor.java:135)
        at org.junit.jupiter.engine.descriptor.TestMethodTestDescriptor.execute(TestMethodTestDescriptor.java:66)
        at org.junit.platform.engine.support.hierarchical.NodeTestTask.lambda$executeRecursively$6(NodeTestTask.java:151)
        at org.junit.platform.engine.support.hierarchical.NodeTestTask$$Lambda$264/760357227.execute(Unknown Source)
        at org.junit.platform.engine.support.hierarchical.ThrowableCollector.execute(ThrowableCollector.java:73)
        at org.junit.platform.engine.support.hierarchical.NodeTestTask.lambda$executeRecursively$8(NodeTestTask.java:141)
        at org.junit.platform.engine.support.hierarchical.NodeTestTask$$Lambda$263/124888672.invoke(Unknown Source)
        at org.junit.platform.engine.support.hierarchical.Node.around(Node.java:137)
        at org.junit.platform.engine.support.hierarchical.NodeTestTask.lambda$executeRecursively$9(NodeTestTask.java:139)
        at org.junit.platform.engine.support.hierarchical.NodeTestTask$$Lambda$262/658404420.execute(Unknown Source)
        at org.junit.platform.engine.support.hierarchical.ThrowableCollector.execute(ThrowableCollector.java:73)
        at org.junit.platform.engine.support.hierarchical.NodeTestTask.executeRecursively(NodeTestTask.java:138)
        at org.junit.platform.engine.support.hierarchical.NodeTestTask.execute(NodeTestTask.java:95)
        at org.junit.platform.engine.support.hierarchical.SameThreadHierarchicalTestExecutorService$$Lambda$268/1397381784.accept(Unknown Source)
        at java.util.ArrayList.forEach(ArrayList.java:1259)
        at org.junit.platform.engine.support.hierarchical.SameThreadHierarchicalTestExecutorService.invokeAll(SameThreadHierarchicalTestExecutorService.java:41)
        at org.junit.platform.engine.support.hierarchical.NodeTestTask.lambda$executeRecursively$6(NodeTestTask.java:155)
        at org.junit.platform.engine.support.hierarchical.NodeTestTask$$Lambda$264/760357227.execute(Unknown Source)
        at org.junit.platform.engine.support.hierarchical.ThrowableCollector.execute(ThrowableCollector.java:73)
        at org.junit.platform.engine.support.hierarchical.NodeTestTask.lambda$executeRecursively$8(NodeTestTask.java:141)
        at org.junit.platform.engine.support.hierarchical.NodeTestTask$$Lambda$263/124888672.invoke(Unknown Source)
        at org.junit.platform.engine.support.hierarchical.Node.around(Node.java:137)
        at org.junit.platform.engine.support.hierarchical.NodeTestTask.lambda$executeRecursively$9(NodeTestTask.java:139)
        at org.junit.platform.engine.support.hierarchical.NodeTestTask$$Lambda$262/658404420.execute(Unknown Source)
        at org.junit.platform.engine.support.hierarchical.ThrowableCollector.execute(ThrowableCollector.java:73)
        at org.junit.platform.engine.support.hierarchical.NodeTestTask.executeRecursively(NodeTestTask.java:138)
        at org.junit.platform.engine.support.hierarchical.NodeTestTask.execute(NodeTestTask.java:95)
        at org.junit.platform.engine.support.hierarchical.SameThreadHierarchicalTestExecutorService$$Lambda$268/1397381784.accept(Unknown Source)
        at java.util.ArrayList.forEach(ArrayList.java:1259)
        at org.junit.platform.engine.support.hierarchical.SameThreadHierarchicalTestExecutorService.invokeAll(SameThreadHierarchicalTestExecutorService.java:41)
        at org.junit.platform.engine.support.hierarchical.NodeTestTask.lambda$executeRecursively$6(NodeTestTask.java:155)
        at org.junit.platform.engine.support.hierarchical.NodeTestTask$$Lambda$264/760357227.execute(Unknown Source)
        at org.junit.platform.engine.support.hierarchical.ThrowableCollector.execute(ThrowableCollector.java:73)
        at org.junit.platform.engine.support.hierarchical.NodeTestTask.lambda$executeRecursively$8(NodeTestTask.java:141)
        at org.junit.platform.engine.support.hierarchical.NodeTestTask$$Lambda$263/124888672.invoke(Unknown Source)
        at org.junit.platform.engine.support.hierarchical.Node.around(Node.java:137)
        at org.junit.platform.engine.support.hierarchical.NodeTestTask.lambda$executeRecursively$9(NodeTestTask.java:139)
        at org.junit.platform.engine.support.hierarchical.NodeTestTask$$Lambda$262/658404420.execute(Unknown Source)
        at org.junit.platform.engine.support.hierarchical.ThrowableCollector.execute(ThrowableCollector.java:73)
        at org.junit.platform.engine.support.hierarchical.NodeTestTask.executeRecursively(NodeTestTask.java:138)
        at org.junit.platform.engine.support.hierarchical.NodeTestTask.execute(NodeTestTask.java:95)
        at org.junit.platform.engine.support.hierarchical.SameThreadHierarchicalTestExecutorService.submit(SameThreadHierarchicalTestExecutorService.java:35)
        at org.junit.platform.engine.support.hierarchical.HierarchicalTestExecutor.execute(HierarchicalTestExecutor.java:57)
        at org.junit.platform.engine.support.hierarchical.HierarchicalTestEngine.execute(HierarchicalTestEngine.java:54)
        at org.junit.platform.launcher.core.EngineExecutionOrchestrator.execute(EngineExecutionOrchestrator.java:107)
        at org.junit.platform.launcher.core.EngineExecutionOrchestrator.execute(EngineExecutionOrchestrator.java:88)
        at org.junit.platform.launcher.core.EngineExecutionOrchestrator.lambda$execute$0(EngineExecutionOrchestrator.java:54)
        at org.junit.platform.launcher.core.EngineExecutionOrchestrator$$Lambda$220/48208774.accept(Unknown Source)
        at org.junit.platform.launcher.core.EngineExecutionOrchestrator.withInterceptedStreams(EngineExecutionOrchestrator.java:67)
        at org.junit.platform.launcher.core.EngineExecutionOrchestrator.execute(EngineExecutionOrchestrator.java:52)
        at org.junit.platform.launcher.core.DefaultLauncher.execute(DefaultLauncher.java:114)
        at org.junit.platform.launcher.core.DefaultLauncher.execute(DefaultLauncher.java:86)
        at org.junit.platform.launcher.core.DefaultLauncherSession$DelegatingLauncher.execute(DefaultLauncherSession.java:86)
        at org.junit.platform.launcher.core.SessionPerRequestLauncher.execute(SessionPerRequestLauncher.java:53)
        at org.apache.maven.surefire.junitplatform.JUnitPlatformProvider.execute(JUnitPlatformProvider.java:188)
        at org.apache.maven.surefire.junitplatform.JUnitPlatformProvider.invokeAllTests(JUnitPlatformProvider.java:154)
        at org.apache.maven.surefire.junitplatform.JUnitPlatformProvider.invoke(JUnitPlatformProvider.java:124)
        at org.apache.maven.surefire.booter.ForkedBooter.runSuitesInProcess(ForkedBooter.java:428)
        at org.apache.maven.surefire.booter.ForkedBooter.execute(ForkedBooter.java:162)
        at org.apache.maven.surefire.booter.ForkedBooter.run(ForkedBooter.java:562)
        at org.apache.maven.surefire.booter.ForkedBooter.main(ForkedBooter.java:548)
"Datanode State Machine Task Thread - 0"  prio=5 tid=5166 in Object.wait()
java.lang.Thread.State: WAITING (on object monitor)
        at sun.misc.Unsafe.park(Native Method)
        at java.util.concurrent.locks.LockSupport.park(LockSupport.java:175)
        at java.util.concurrent.locks.AbstractQueuedSynchronizer$ConditionObject.await(AbstractQueuedSynchronizer.java:2039)
        at java.util.concurrent.LinkedBlockingQueue.take(LinkedBlockingQueue.java:442)
        at java.util.concurrent.ThreadPoolExecutor.getTask(ThreadPoolExecutor.java:1074)
        at java.util.concurrent.ThreadPoolExecutor.runWorker(ThreadPoolExecutor.java:1134)
        at java.util.concurrent.ThreadPoolExecutor$Worker.run(ThreadPoolExecutor.java:624)
        at java.lang.Thread.run(Thread.java:750)
"PartialTableCache Cleanup Thread - 0" daemon prio=5 tid=5641 in Object.wait()
java.lang.Thread.State: WAITING (on object monitor)
        at sun.misc.Unsafe.park(Native Method)
        at java.util.concurrent.locks.LockSupport.park(LockSupport.java:175)
        at java.util.concurrent.locks.AbstractQueuedSynchronizer$ConditionObject.await(AbstractQueuedSynchronizer.java:2039)
        at java.util.concurrent.LinkedBlockingQueue.take(LinkedBlockingQueue.java:442)
        at java.util.concurrent.ThreadPoolExecutor.getTask(ThreadPoolExecutor.java:1074)
        at java.util.concurrent.ThreadPoolExecutor.runWorker(ThreadPoolExecutor.java:1134)
        at java.util.concurrent.ThreadPoolExecutor$Worker.run(ThreadPoolExecutor.java:624)
        at java.lang.Thread.run(Thread.java:750)
"Session-HouseKeeper-78a8fa03-1"  prio=5 tid=3305 timed_waiting
java.lang.Thread.State: TIMED_WAITING
        at sun.misc.Unsafe.park(Native Method)
        at java.util.concurrent.locks.LockSupport.parkNanos(LockSupport.java:215)
        at java.util.concurrent.locks.AbstractQueuedSynchronizer$ConditionObject.awaitNanos(AbstractQueuedSynchronizer.java:2078)
        at java.util.concurrent.ScheduledThreadPoolExecutor$DelayedWorkQueue.take(ScheduledThreadPoolExecutor.java:1093)
        at java.util.concurrent.ScheduledThreadPoolExecutor$DelayedWorkQueue.take(ScheduledThreadPoolExecutor.java:809)
        at java.util.concurrent.ThreadPoolExecutor.getTask(ThreadPoolExecutor.java:1074)
        at java.util.concurrent.ThreadPoolExecutor.runWorker(ThreadPoolExecutor.java:1134)
        at java.util.concurrent.ThreadPoolExecutor$Worker.run(ThreadPoolExecutor.java:624)
        at java.lang.Thread.run(Thread.java:750)
"Datanode ReportManager Thread - 0" daemon prio=5 tid=3416 in Object.wait()
java.lang.Thread.State: WAITING (on object monitor)
        at sun.misc.Unsafe.park(Native Method)
        at java.util.concurrent.locks.LockSupport.park(LockSupport.java:175)
        at java.util.concurrent.locks.AbstractQueuedSynchronizer$ConditionObject.await(AbstractQueuedSynchronizer.java:2039)
        at java.util.concurrent.ScheduledThreadPoolExecutor$DelayedWorkQueue.take(ScheduledThreadPoolExecutor.java:1088)
        at java.util.concurrent.ScheduledThreadPoolExecutor$DelayedWorkQueue.take(ScheduledThreadPoolExecutor.java:809)
        at java.util.concurrent.ThreadPoolExecutor.getTask(ThreadPoolExecutor.java:1074)
        at java.util.concurrent.ThreadPoolExecutor.runWorker(ThreadPoolExecutor.java:1134)
        at java.util.concurrent.ThreadPoolExecutor$Worker.run(ThreadPoolExecutor.java:624)
        at java.lang.Thread.run(Thread.java:750)
"pool-1962-thread-1"  prio=5 tid=4467 in Object.wait()
java.lang.Thread.State: WAITING (on object monitor)
        at sun.misc.Unsafe.park(Native Method)
        at java.util.concurrent.locks.LockSupport.park(LockSupport.java:175)
        at java.util.concurrent.locks.AbstractQueuedSynchronizer$ConditionObject.await(AbstractQueuedSynchronizer.java:2039)
        at java.util.concurrent.LinkedBlockingQueue.take(LinkedBlockingQueue.java:442)
        at java.util.concurrent.ThreadPoolExecutor.getTask(ThreadPoolExecutor.java:1074)
        at java.util.concurrent.ThreadPoolExecutor.runWorker(ThreadPoolExecutor.java:1134)
        at java.util.concurrent.ThreadPoolExecutor$Worker.run(ThreadPoolExecutor.java:624)
        at java.lang.Thread.run(Thread.java:750)
"IPC Server handler 13 on default port 36003" daemon prio=5 tid=4803 timed_waiting
java.lang.Thread.State: TIMED_WAITING
        at sun.misc.Unsafe.park(Native Method)
        at java.util.concurrent.locks.LockSupport.parkNanos(LockSupport.java:215)
        at java.util.concurrent.locks.AbstractQueuedSynchronizer$ConditionObject.awaitNanos(AbstractQueuedSynchronizer.java:2078)
        at java.util.concurrent.LinkedBlockingQueue.poll(LinkedBlockingQueue.java:467)
        at org.apache.hadoop.ipc.CallQueueManager.take(CallQueueManager.java:317)
        at org.apache.hadoop.ipc.Server$Handler.run(Server.java:2942)
"qtp377899364-4333" daemon prio=5 tid=4333 timed_waiting
java.lang.Thread.State: TIMED_WAITING
        at sun.misc.Unsafe.park(Native Method)
        at java.util.concurrent.locks.LockSupport.parkNanos(LockSupport.java:215)
        at java.util.concurrent.locks.AbstractQueuedSynchronizer$ConditionObject.awaitNanos(AbstractQueuedSynchronizer.java:2078)
        at org.eclipse.jetty.util.BlockingArrayQueue.poll(BlockingArrayQueue.java:382)
        at org.eclipse.jetty.util.thread.QueuedThreadPool$Runner.idleJobPoll(QueuedThreadPool.java:974)
        at org.eclipse.jetty.util.thread.QueuedThreadPool$Runner.run(QueuedThreadPool.java:1018)
        at java.lang.Thread.run(Thread.java:750)
"Datanode ReportManager Thread - 1" daemon prio=5 tid=4161 in Object.wait()
java.lang.Thread.State: WAITING (on object monitor)
        at sun.misc.Unsafe.park(Native Method)
        at java.util.concurrent.locks.LockSupport.park(LockSupport.java:175)
        at java.util.concurrent.locks.AbstractQueuedSynchronizer$ConditionObject.await(AbstractQueuedSynchronizer.java:2039)
        at java.util.concurrent.ScheduledThreadPoolExecutor$DelayedWorkQueue.take(ScheduledThreadPoolExecutor.java:1088)
        at java.util.concurrent.ScheduledThreadPoolExecutor$DelayedWorkQueue.take(ScheduledThreadPoolExecutor.java:809)
        at java.util.concurrent.ThreadPoolExecutor.getTask(ThreadPoolExecutor.java:1074)
        at java.util.concurrent.ThreadPoolExecutor.runWorker(ThreadPoolExecutor.java:1134)
        at java.util.concurrent.ThreadPoolExecutor$Worker.run(ThreadPoolExecutor.java:624)
        at java.lang.Thread.run(Thread.java:750)
"Datanode State Machine Task Thread - 0"  prio=5 tid=5127 in Object.wait()
java.lang.Thread.State: WAITING (on object monitor)
        at sun.misc.Unsafe.park(Native Method)
        at java.util.concurrent.locks.LockSupport.park(LockSupport.java:175)
        at java.util.concurrent.locks.AbstractQueuedSynchronizer$ConditionObject.await(AbstractQueuedSynchronizer.java:2039)
        at java.util.concurrent.LinkedBlockingQueue.take(LinkedBlockingQueue.java:442)
        at java.util.concurrent.ThreadPoolExecutor.getTask(ThreadPoolExecutor.java:1074)
        at java.util.concurrent.ThreadPoolExecutor.runWorker(ThreadPoolExecutor.java:1134)
        at java.util.concurrent.ThreadPoolExecutor$Worker.run(ThreadPoolExecutor.java:624)
        at java.lang.Thread.run(Thread.java:750)
"IPC Server handler 5 on default port 41341" daemon prio=5 tid=3809 timed_waiting
java.lang.Thread.State: TIMED_WAITING
        at sun.misc.Unsafe.park(Native Method)
        at java.util.concurrent.locks.LockSupport.parkNanos(LockSupport.java:215)
        at java.util.concurrent.locks.AbstractQueuedSynchronizer$ConditionObject.awaitNanos(AbstractQueuedSynchronizer.java:2078)
        at java.util.concurrent.LinkedBlockingQueue.poll(LinkedBlockingQueue.java:467)
        at org.apache.hadoop.ipc.CallQueueManager.take(CallQueueManager.java:317)
        at org.apache.hadoop.ipc.Server$Handler.run(Server.java:2942)
"ContainerOp-d03e4836-7d8d-4de7-87bd-2d1f402832ad-9"  prio=5 tid=4876 in Object.wait()
java.lang.Thread.State: WAITING (on object monitor)
        at sun.misc.Unsafe.park(Native Method)
        at java.util.concurrent.locks.LockSupport.park(LockSupport.java:175)
        at java.util.concurrent.locks.AbstractQueuedSynchronizer$ConditionObject.await(AbstractQueuedSynchronizer.java:2039)
        at java.util.concurrent.LinkedBlockingQueue.take(LinkedBlockingQueue.java:442)
        at java.util.concurrent.ThreadPoolExecutor.getTask(ThreadPoolExecutor.java:1074)
        at java.util.concurrent.ThreadPoolExecutor.runWorker(ThreadPoolExecutor.java:1134)
        at java.util.concurrent.ThreadPoolExecutor$Worker.run(ThreadPoolExecutor.java:624)
        at java.lang.Thread.run(Thread.java:750)
"ChunkWriter-2-0" daemon prio=5 tid=4342 in Object.wait()
java.lang.Thread.State: WAITING (on object monitor)
        at sun.misc.Unsafe.park(Native Method)
        at java.util.concurrent.locks.LockSupport.park(LockSupport.java:175)
        at java.util.concurrent.locks.AbstractQueuedSynchronizer$ConditionObject.await(AbstractQueuedSynchronizer.java:2039)
        at java.util.concurrent.LinkedBlockingDeque.takeFirst(LinkedBlockingDeque.java:492)
        at java.util.concurrent.LinkedBlockingDeque.take(LinkedBlockingDeque.java:680)
        at java.util.concurrent.ThreadPoolExecutor.getTask(ThreadPoolExecutor.java:1074)
        at java.util.concurrent.ThreadPoolExecutor.runWorker(ThreadPoolExecutor.java:1134)
        at java.util.concurrent.ThreadPoolExecutor$Worker.run(ThreadPoolExecutor.java:624)
        at java.lang.Thread.run(Thread.java:750)
"qtp1166429822-3995" daemon prio=5 tid=3995 timed_waiting
java.lang.Thread.State: TIMED_WAITING
        at sun.misc.Unsafe.park(Native Method)
        at java.util.concurrent.locks.LockSupport.parkNanos(LockSupport.java:215)
        at java.util.concurrent.locks.AbstractQueuedSynchronizer$ConditionObject.awaitNanos(AbstractQueuedSynchronizer.java:2078)
        at org.eclipse.jetty.util.BlockingArrayQueue.poll(BlockingArrayQueue.java:382)
        at org.eclipse.jetty.util.thread.QueuedThreadPool$Runner.idleJobPoll(QueuedThreadPool.java:974)
        at org.eclipse.jetty.util.thread.QueuedThreadPool$Runner.run(QueuedThreadPool.java:1018)
        at java.lang.Thread.run(Thread.java:750)
"Datanode ReportManager Thread - 2" daemon prio=5 tid=4315 in Object.wait()
java.lang.Thread.State: WAITING (on object monitor)
        at sun.misc.Unsafe.park(Native Method)
        at java.util.concurrent.locks.LockSupport.park(LockSupport.java:175)
        at java.util.concurrent.locks.AbstractQueuedSynchronizer$ConditionObject.await(AbstractQueuedSynchronizer.java:2039)
        at java.util.concurrent.ScheduledThreadPoolExecutor$DelayedWorkQueue.take(ScheduledThreadPoolExecutor.java:1088)
        at java.util.concurrent.ScheduledThreadPoolExecutor$DelayedWorkQueue.take(ScheduledThreadPoolExecutor.java:809)
        at java.util.concurrent.ThreadPoolExecutor.getTask(ThreadPoolExecutor.java:1074)
        at java.util.concurrent.ThreadPoolExecutor.runWorker(ThreadPoolExecutor.java:1134)
        at java.util.concurrent.ThreadPoolExecutor$Worker.run(ThreadPoolExecutor.java:624)
        at java.lang.Thread.run(Thread.java:750)
"pool-2400-thread-1"  prio=5 tid=4904 in Object.wait()
java.lang.Thread.State: WAITING (on object monitor)
        at sun.misc.Unsafe.park(Native Method)
        at java.util.concurrent.locks.LockSupport.park(LockSupport.java:175)
        at java.util.concurrent.locks.AbstractQueuedSynchronizer$ConditionObject.await(AbstractQueuedSynchronizer.java:2039)
        at java.util.concurrent.LinkedBlockingQueue.take(LinkedBlockingQueue.java:442)
        at java.util.concurrent.ThreadPoolExecutor.getTask(ThreadPoolExecutor.java:1074)
        at java.util.concurrent.ThreadPoolExecutor.runWorker(ThreadPoolExecutor.java:1134)
        at java.util.concurrent.ThreadPoolExecutor$Worker.run(ThreadPoolExecutor.java:624)
        at java.lang.Thread.run(Thread.java:750)
"StaleRecoveringContainerScrubbingService#0" daemon prio=5 tid=5155 timed_waiting
java.lang.Thread.State: TIMED_WAITING
        at sun.misc.Unsafe.park(Native Method)
        at java.util.concurrent.locks.LockSupport.parkNanos(LockSupport.java:215)
        at java.util.concurrent.locks.AbstractQueuedSynchronizer$ConditionObject.awaitNanos(AbstractQueuedSynchronizer.java:2078)
        at java.util.concurrent.ScheduledThreadPoolExecutor$DelayedWorkQueue.take(ScheduledThreadPoolExecutor.java:1093)
        at java.util.concurrent.ScheduledThreadPoolExecutor$DelayedWorkQueue.take(ScheduledThreadPoolExecutor.java:809)
        at java.util.concurrent.ThreadPoolExecutor.getTask(ThreadPoolExecutor.java:1074)
        at java.util.concurrent.ThreadPoolExecutor.runWorker(ThreadPoolExecutor.java:1134)
        at java.util.concurrent.ThreadPoolExecutor$Worker.run(ThreadPoolExecutor.java:624)
        at java.lang.Thread.run(Thread.java:750)
"ChunkReader-ELG-0" daemon prio=5 tid=3449 runnable
java.lang.Thread.State: RUNNABLE
        at org.apache.ratis.thirdparty.io.netty.channel.epoll.Native.epollWait(Native Method)
        at org.apache.ratis.thirdparty.io.netty.channel.epoll.Native.epollWait(Native.java:209)
        at org.apache.ratis.thirdparty.io.netty.channel.epoll.Native.epollWait(Native.java:202)
        at org.apache.ratis.thirdparty.io.netty.channel.epoll.EpollEventLoop.epollWaitNoTimerChange(EpollEventLoop.java:294)
        at org.apache.ratis.thirdparty.io.netty.channel.epoll.EpollEventLoop.run(EpollEventLoop.java:351)
        at org.apache.ratis.thirdparty.io.netty.util.concurrent.SingleThreadEventExecutor$4.run(SingleThreadEventExecutor.java:995)
        at org.apache.ratis.thirdparty.io.netty.util.internal.ThreadExecutorMap$2.run(ThreadExecutorMap.java:74)
        at java.lang.Thread.run(Thread.java:750)
"Datanode ReportManager Thread - 0" daemon prio=5 tid=5120 in Object.wait()
java.lang.Thread.State: WAITING (on object monitor)
        at sun.misc.Unsafe.park(Native Method)
        at java.util.concurrent.locks.LockSupport.park(LockSupport.java:175)
        at java.util.concurrent.locks.AbstractQueuedSynchronizer$ConditionObject.await(AbstractQueuedSynchronizer.java:2039)
        at java.util.concurrent.ScheduledThreadPoolExecutor$DelayedWorkQueue.take(ScheduledThreadPoolExecutor.java:1088)
        at java.util.concurrent.ScheduledThreadPoolExecutor$DelayedWorkQueue.take(ScheduledThreadPoolExecutor.java:809)
        at java.util.concurrent.ThreadPoolExecutor.getTask(ThreadPoolExecutor.java:1074)
        at java.util.concurrent.ThreadPoolExecutor.runWorker(ThreadPoolExecutor.java:1134)
        at java.util.concurrent.ThreadPoolExecutor$Worker.run(ThreadPoolExecutor.java:624)
        at java.lang.Thread.run(Thread.java:750)
"BlockDeletingService#2" daemon prio=5 tid=5647 in Object.wait()
java.lang.Thread.State: WAITING (on object monitor)
        at sun.misc.Unsafe.park(Native Method)
        at java.util.concurrent.locks.LockSupport.park(LockSupport.java:175)
        at java.util.concurrent.locks.AbstractQueuedSynchronizer$ConditionObject.await(AbstractQueuedSynchronizer.java:2039)
        at java.util.concurrent.ScheduledThreadPoolExecutor$DelayedWorkQueue.take(ScheduledThreadPoolExecutor.java:1088)
        at java.util.concurrent.ScheduledThreadPoolExecutor$DelayedWorkQueue.take(ScheduledThreadPoolExecutor.java:809)
        at java.util.concurrent.ThreadPoolExecutor.getTask(ThreadPoolExecutor.java:1074)
        at java.util.concurrent.ThreadPoolExecutor.runWorker(ThreadPoolExecutor.java:1134)
        at java.util.concurrent.ThreadPoolExecutor$Worker.run(ThreadPoolExecutor.java:624)
        at java.lang.Thread.run(Thread.java:750)
"Datanode ReportManager Thread - 0" daemon prio=5 tid=4160 timed_waiting
java.lang.Thread.State: TIMED_WAITING
        at sun.misc.Unsafe.park(Native Method)
        at java.util.concurrent.locks.LockSupport.parkNanos(LockSupport.java:215)
        at java.util.concurrent.locks.AbstractQueuedSynchronizer$ConditionObject.awaitNanos(AbstractQueuedSynchronizer.java:2078)
        at java.util.concurrent.ScheduledThreadPoolExecutor$DelayedWorkQueue.take(ScheduledThreadPoolExecutor.java:1093)
        at java.util.concurrent.ScheduledThreadPoolExecutor$DelayedWorkQueue.take(ScheduledThreadPoolExecutor.java:809)
        at java.util.concurrent.ThreadPoolExecutor.getTask(ThreadPoolExecutor.java:1074)
        at java.util.concurrent.ThreadPoolExecutor.runWorker(ThreadPoolExecutor.java:1134)
        at java.util.concurrent.ThreadPoolExecutor$Worker.run(ThreadPoolExecutor.java:624)
        at java.lang.Thread.run(Thread.java:750)
"IPC Server handler 4 on default port 35159" daemon prio=5 tid=4774 timed_waiting
java.lang.Thread.State: TIMED_WAITING
        at sun.misc.Unsafe.park(Native Method)
        at java.util.concurrent.locks.LockSupport.parkNanos(LockSupport.java:215)
        at java.util.concurrent.locks.AbstractQueuedSynchronizer$ConditionObject.awaitNanos(AbstractQueuedSynchronizer.java:2078)
        at java.util.concurrent.LinkedBlockingQueue.poll(LinkedBlockingQueue.java:467)
        at org.apache.hadoop.ipc.CallQueueManager.take(CallQueueManager.java:317)
        at org.apache.hadoop.ipc.Server$Handler.run(Server.java:2942)
"ChunkWriter-1-0" daemon prio=5 tid=3466 in Object.wait()
java.lang.Thread.State: WAITING (on object monitor)
        at sun.misc.Unsafe.park(Native Method)
        at java.util.concurrent.locks.LockSupport.park(LockSupport.java:175)
        at java.util.concurrent.locks.AbstractQueuedSynchronizer$ConditionObject.await(AbstractQueuedSynchronizer.java:2039)
        at java.util.concurrent.LinkedBlockingDeque.takeFirst(LinkedBlockingDeque.java:492)
        at java.util.concurrent.LinkedBlockingDeque.take(LinkedBlockingDeque.java:680)
        at java.util.concurrent.ThreadPoolExecutor.getTask(ThreadPoolExecutor.java:1074)
        at java.util.concurrent.ThreadPoolExecutor.runWorker(ThreadPoolExecutor.java:1134)
        at java.util.concurrent.ThreadPoolExecutor$Worker.run(ThreadPoolExecutor.java:624)
        at java.lang.Thread.run(Thread.java:750)
"qtp652561456-3433-acceptor-0@2b52e18d-ServerConnector@7e1e03d6{HTTP/1.1, (http/1.1)}{0.0.0.0:35135}" daemon prio=3 tid=3433 runnable
java.lang.Thread.State: RUNNABLE
        at sun.nio.ch.ServerSocketChannelImpl.accept0(Native Method)
        at sun.nio.ch.ServerSocketChannelImpl.accept(ServerSocketChannelImpl.java:421)
        at sun.nio.ch.ServerSocketChannelImpl.accept(ServerSocketChannelImpl.java:249)
        at org.eclipse.jetty.server.ServerConnector.accept(ServerConnector.java:388)
        at org.eclipse.jetty.server.AbstractConnector$Acceptor.run(AbstractConnector.java:704)
        at org.eclipse.jetty.util.thread.QueuedThreadPool.runJob(QueuedThreadPool.java:883)
        at org.eclipse.jetty.util.thread.QueuedThreadPool$Runner.run(QueuedThreadPool.java:1034)
        at java.lang.Thread.run(Thread.java:750)
"pool-1696-thread-1"  prio=5 tid=3431 timed_waiting
java.lang.Thread.State: TIMED_WAITING
        at sun.misc.Unsafe.park(Native Method)
        at java.util.concurrent.locks.LockSupport.parkNanos(LockSupport.java:215)
        at java.util.concurrent.locks.AbstractQueuedSynchronizer$ConditionObject.awaitNanos(AbstractQueuedSynchronizer.java:2078)
        at java.util.concurrent.ScheduledThreadPoolExecutor$DelayedWorkQueue.take(ScheduledThreadPoolExecutor.java:1093)
        at java.util.concurrent.ScheduledThreadPoolExecutor$DelayedWorkQueue.take(ScheduledThreadPoolExecutor.java:809)
        at java.util.concurrent.ThreadPoolExecutor.getTask(ThreadPoolExecutor.java:1074)
        at java.util.concurrent.ThreadPoolExecutor.runWorker(ThreadPoolExecutor.java:1134)
        at java.util.concurrent.ThreadPoolExecutor$Worker.run(ThreadPoolExecutor.java:624)
        at java.lang.Thread.run(Thread.java:750)
"ChunkWriter-3-0" daemon prio=5 tid=4294 in Object.wait()
java.lang.Thread.State: WAITING (on object monitor)
        at sun.misc.Unsafe.park(Native Method)
        at java.util.concurrent.locks.LockSupport.park(LockSupport.java:175)
        at java.util.concurrent.locks.AbstractQueuedSynchronizer$ConditionObject.await(AbstractQueuedSynchronizer.java:2039)
        at java.util.concurrent.LinkedBlockingDeque.takeFirst(LinkedBlockingDeque.java:492)
        at java.util.concurrent.LinkedBlockingDeque.take(LinkedBlockingDeque.java:680)
        at java.util.concurrent.ThreadPoolExecutor.getTask(ThreadPoolExecutor.java:1074)
        at java.util.concurrent.ThreadPoolExecutor.runWorker(ThreadPoolExecutor.java:1134)
        at java.util.concurrent.ThreadPoolExecutor$Worker.run(ThreadPoolExecutor.java:624)
        at java.lang.Thread.run(Thread.java:750)
"org.apache.hadoop.util.JvmPauseMonitor$Monitor@63b51ec0" daemon prio=5 tid=4089 timed_waiting
java.lang.Thread.State: TIMED_WAITING
        at java.lang.Thread.sleep(Native Method)
        at org.apache.hadoop.util.JvmPauseMonitor$Monitor.run(JvmPauseMonitor.java:192)
        at java.lang.Thread.run(Thread.java:750)
"ChunkWriter-1-0" daemon prio=5 tid=3520 in Object.wait()
java.lang.Thread.State: WAITING (on object monitor)
        at sun.misc.Unsafe.park(Native Method)
        at java.util.concurrent.locks.LockSupport.park(LockSupport.java:175)
        at java.util.concurrent.locks.AbstractQueuedSynchronizer$ConditionObject.await(AbstractQueuedSynchronizer.java:2039)
        at java.util.concurrent.LinkedBlockingDeque.takeFirst(LinkedBlockingDeque.java:492)
        at java.util.concurrent.LinkedBlockingDeque.take(LinkedBlockingDeque.java:680)
        at java.util.concurrent.ThreadPoolExecutor.getTask(ThreadPoolExecutor.java:1074)
        at java.util.concurrent.ThreadPoolExecutor.runWorker(ThreadPoolExecutor.java:1134)
        at java.util.concurrent.ThreadPoolExecutor$Worker.run(ThreadPoolExecutor.java:624)
        at java.lang.Thread.run(Thread.java:750)
"qtp973406047-4306" daemon prio=5 tid=4306 timed_waiting
java.lang.Thread.State: TIMED_WAITING
        at sun.misc.Unsafe.park(Native Method)
        at java.util.concurrent.locks.LockSupport.parkNanos(LockSupport.java:215)
        at java.util.concurrent.locks.AbstractQueuedSynchronizer$ConditionObject.awaitNanos(AbstractQueuedSynchronizer.java:2078)
        at org.eclipse.jetty.util.BlockingArrayQueue.poll(BlockingArrayQueue.java:382)
        at org.eclipse.jetty.util.thread.QueuedThreadPool$Runner.idleJobPoll(QueuedThreadPool.java:974)
        at org.eclipse.jetty.util.thread.QueuedThreadPool$Runner.run(QueuedThreadPool.java:1018)
        at java.lang.Thread.run(Thread.java:750)
"qtp374142400-3304" daemon prio=5 tid=3304 timed_waiting
java.lang.Thread.State: TIMED_WAITING
        at sun.misc.Unsafe.park(Native Method)
        at java.util.concurrent.locks.LockSupport.parkNanos(LockSupport.java:215)
        at java.util.concurrent.locks.AbstractQueuedSynchronizer$ConditionObject.awaitNanos(AbstractQueuedSynchronizer.java:2078)
        at org.eclipse.jetty.util.BlockingArrayQueue.poll(BlockingArrayQueue.java:382)
        at org.eclipse.jetty.util.thread.QueuedThreadPool$Runner.idleJobPoll(QueuedThreadPool.java:974)
        at org.eclipse.jetty.util.thread.QueuedThreadPool$Runner.run(QueuedThreadPool.java:1018)
        at java.lang.Thread.run(Thread.java:750)
"Datanode State Machine Daemon Thread" daemon prio=5 tid=4214 timed_waiting
java.lang.Thread.State: TIMED_WAITING
        at java.lang.Thread.sleep(Native Method)
        at org.apache.hadoop.ozone.container.common.statemachine.DatanodeStateMachine.startStateMachineThread(DatanodeStateMachine.java:321)
        at org.apache.hadoop.ozone.container.common.statemachine.DatanodeStateMachine.lambda$startDaemon$0(DatanodeStateMachine.java:506)
        at org.apache.hadoop.ozone.container.common.statemachine.DatanodeStateMachine$$Lambda$785/619018591.run(Unknown Source)
        at java.lang.Thread.run(Thread.java:750)
"ChunkReader-ELG-0" daemon prio=5 tid=4297 runnable
java.lang.Thread.State: RUNNABLE
        at org.apache.ratis.thirdparty.io.netty.channel.epoll.Native.epollWait(Native Method)
        at org.apache.ratis.thirdparty.io.netty.channel.epoll.Native.epollWait(Native.java:209)
        at org.apache.ratis.thirdparty.io.netty.channel.epoll.Native.epollWait(Native.java:202)
        at org.apache.ratis.thirdparty.io.netty.channel.epoll.EpollEventLoop.epollWaitNoTimerChange(EpollEventLoop.java:294)
        at org.apache.ratis.thirdparty.io.netty.channel.epoll.EpollEventLoop.run(EpollEventLoop.java:351)
        at org.apache.ratis.thirdparty.io.netty.util.concurrent.SingleThreadEventExecutor$4.run(SingleThreadEventExecutor.java:995)
        at org.apache.ratis.thirdparty.io.netty.util.internal.ThreadExecutorMap$2.run(ThreadExecutorMap.java:74)
        at java.lang.Thread.run(Thread.java:750)
"BlockDeletingService#0" daemon prio=5 tid=5365 timed_waiting
java.lang.Thread.State: TIMED_WAITING
        at sun.misc.Unsafe.park(Native Method)
        at java.util.concurrent.locks.LockSupport.parkNanos(LockSupport.java:215)
        at java.util.concurrent.locks.AbstractQueuedSynchronizer$ConditionObject.awaitNanos(AbstractQueuedSynchronizer.java:2078)
        at java.util.concurrent.ScheduledThreadPoolExecutor$DelayedWorkQueue.take(ScheduledThreadPoolExecutor.java:1093)
        at java.util.concurrent.ScheduledThreadPoolExecutor$DelayedWorkQueue.take(ScheduledThreadPoolExecutor.java:809)
        at java.util.concurrent.ThreadPoolExecutor.getTask(ThreadPoolExecutor.java:1074)
        at java.util.concurrent.ThreadPoolExecutor.runWorker(ThreadPoolExecutor.java:1134)
        at java.util.concurrent.ThreadPoolExecutor$Worker.run(ThreadPoolExecutor.java:624)
        at java.lang.Thread.run(Thread.java:750)
"5dd764d2-4196-4eea-b07c-aeebc5ccca01-server-thread1" daemon prio=5 tid=5609 timed_waiting
java.lang.Thread.State: TIMED_WAITING
        at sun.misc.Unsafe.park(Native Method)
        at java.util.concurrent.locks.LockSupport.parkNanos(LockSupport.java:215)
        at java.util.concurrent.SynchronousQueue$TransferStack.awaitFulfill(SynchronousQueue.java:460)
        at java.util.concurrent.SynchronousQueue$TransferStack.transfer(SynchronousQueue.java:362)
        at java.util.concurrent.SynchronousQueue.poll(SynchronousQueue.java:941)
        at java.util.concurrent.ThreadPoolExecutor.getTask(ThreadPoolExecutor.java:1073)
        at java.util.concurrent.ThreadPoolExecutor.runWorker(ThreadPoolExecutor.java:1134)
        at java.util.concurrent.ThreadPoolExecutor$Worker.run(ThreadPoolExecutor.java:624)
        at java.lang.Thread.run(Thread.java:750)
"ChunkWriter-0-0" daemon prio=5 tid=5148 in Object.wait()
java.lang.Thread.State: WAITING (on object monitor)
        at sun.misc.Unsafe.park(Native Method)
        at java.util.concurrent.locks.LockSupport.park(LockSupport.java:175)
        at java.util.concurrent.locks.AbstractQueuedSynchronizer$ConditionObject.await(AbstractQueuedSynchronizer.java:2039)
        at java.util.concurrent.LinkedBlockingDeque.takeFirst(LinkedBlockingDeque.java:492)
        at java.util.concurrent.LinkedBlockingDeque.take(LinkedBlockingDeque.java:680)
        at java.util.concurrent.ThreadPoolExecutor.getTask(ThreadPoolExecutor.java:1074)
        at java.util.concurrent.ThreadPoolExecutor.runWorker(ThreadPoolExecutor.java:1134)
        at java.util.concurrent.ThreadPoolExecutor$Worker.run(ThreadPoolExecutor.java:624)
        at java.lang.Thread.run(Thread.java:750)
"Datanode State Machine Daemon Thread" daemon prio=5 tid=5119 timed_waiting
java.lang.Thread.State: TIMED_WAITING
        at java.lang.Thread.sleep(Native Method)
        at org.apache.hadoop.ozone.container.common.statemachine.DatanodeStateMachine.startStateMachineThread(DatanodeStateMachine.java:321)
        at org.apache.hadoop.ozone.container.common.statemachine.DatanodeStateMachine.lambda$startDaemon$0(DatanodeStateMachine.java:506)
        at org.apache.hadoop.ozone.container.common.statemachine.DatanodeStateMachine$$Lambda$785/619018591.run(Unknown Source)
        at java.lang.Thread.run(Thread.java:750)
"FixedThreadPoolWithAffinityExecutor-6-0" daemon prio=5 tid=5501 timed_waiting
java.lang.Thread.State: TIMED_WAITING
        at sun.misc.Unsafe.park(Native Method)
        at java.util.concurrent.locks.LockSupport.parkNanos(LockSupport.java:215)
        at java.util.concurrent.locks.AbstractQueuedSynchronizer$ConditionObject.awaitNanos(AbstractQueuedSynchronizer.java:2078)
        at java.util.concurrent.LinkedBlockingQueue.poll(LinkedBlockingQueue.java:467)
        at org.apache.hadoop.hdds.scm.server.ContainerReportQueue.poll(ContainerReportQueue.java:266)
        at org.apache.hadoop.hdds.scm.server.ContainerReportQueue.poll(ContainerReportQueue.java:42)
        at org.apache.hadoop.hdds.server.events.FixedThreadPoolWithAffinityExecutor$ContainerReportProcessTask.run(FixedThreadPoolWithAffinityExecutor.java:248)
        at java.util.concurrent.Executors$RunnableAdapter.call(Executors.java:511)
        at java.util.concurrent.FutureTask.run(FutureTask.java:266)
        at java.util.concurrent.ThreadPoolExecutor.runWorker(ThreadPoolExecutor.java:1149)
        at java.util.concurrent.ThreadPoolExecutor$Worker.run(ThreadPoolExecutor.java:624)
        at java.lang.Thread.run(Thread.java:750)
"qtp708458890-4237" daemon prio=5 tid=4237 timed_waiting
java.lang.Thread.State: TIMED_WAITING
        at sun.misc.Unsafe.park(Native Method)
        at java.util.concurrent.locks.LockSupport.parkNanos(LockSupport.java:215)
        at java.util.concurrent.locks.AbstractQueuedSynchronizer$ConditionObject.awaitNanos(AbstractQueuedSynchronizer.java:2078)
        at org.eclipse.jetty.util.BlockingArrayQueue.poll(BlockingArrayQueue.java:382)
        at org.eclipse.jetty.util.thread.QueuedThreadPool$Runner.idleJobPoll(QueuedThreadPool.java:974)
        at org.eclipse.jetty.util.thread.QueuedThreadPool$Runner.run(QueuedThreadPool.java:1018)
        at java.lang.Thread.run(Thread.java:750)
"ec-reconstruct-reader-TID-1"  prio=5 tid=4698 in Object.wait()
java.lang.Thread.State: WAITING (on object monitor)
        at sun.misc.Unsafe.park(Native Method)
        at java.util.concurrent.locks.LockSupport.park(LockSupport.java:175)
        at java.util.concurrent.SynchronousQueue$TransferStack.awaitFulfill(SynchronousQueue.java:458)
        at java.util.concurrent.SynchronousQueue$TransferStack.transfer(SynchronousQueue.java:362)
        at java.util.concurrent.SynchronousQueue.take(SynchronousQueue.java:924)
        at java.util.concurrent.ThreadPoolExecutor.getTask(ThreadPoolExecutor.java:1074)
        at java.util.concurrent.ThreadPoolExecutor.runWorker(ThreadPoolExecutor.java:1134)
        at java.util.concurrent.ThreadPoolExecutor$Worker.run(ThreadPoolExecutor.java:624)
        at java.lang.Thread.run(Thread.java:750)
"qtp1884543100-3830" daemon prio=5 tid=3830 timed_waiting
java.lang.Thread.State: TIMED_WAITING
        at sun.misc.Unsafe.park(Native Method)
        at java.util.concurrent.locks.LockSupport.parkNanos(LockSupport.java:215)
        at java.util.concurrent.locks.AbstractQueuedSynchronizer$ConditionObject.awaitNanos(AbstractQueuedSynchronizer.java:2078)
        at org.eclipse.jetty.util.BlockingArrayQueue.poll(BlockingArrayQueue.java:382)
        at org.eclipse.jetty.util.thread.QueuedThreadPool$Runner.idleJobPoll(QueuedThreadPool.java:974)
        at org.eclipse.jetty.util.thread.QueuedThreadPool$Runner.run(QueuedThreadPool.java:1018)
        at java.lang.Thread.run(Thread.java:750)
"IPC Server handler 5 on default port 45833" daemon prio=5 tid=3247 timed_waiting
java.lang.Thread.State: TIMED_WAITING
        at sun.misc.Unsafe.park(Native Method)
        at java.util.concurrent.locks.LockSupport.parkNanos(LockSupport.java:215)
        at java.util.concurrent.locks.AbstractQueuedSynchronizer$ConditionObject.awaitNanos(AbstractQueuedSynchronizer.java:2078)
        at java.util.concurrent.LinkedBlockingQueue.poll(LinkedBlockingQueue.java:467)
        at org.apache.hadoop.ipc.CallQueueManager.take(CallQueueManager.java:317)
        at org.apache.hadoop.ipc.Server$Handler.run(Server.java:2942)
"ChunkWriter-2-0" daemon prio=5 tid=5188 in Object.wait()
java.lang.Thread.State: WAITING (on object monitor)
        at sun.misc.Unsafe.park(Native Method)
        at java.util.concurrent.locks.LockSupport.park(LockSupport.java:175)
        at java.util.concurrent.locks.AbstractQueuedSynchronizer$ConditionObject.await(AbstractQueuedSynchronizer.java:2039)
        at java.util.concurrent.LinkedBlockingDeque.takeFirst(LinkedBlockingDeque.java:492)
        at java.util.concurrent.LinkedBlockingDeque.take(LinkedBlockingDeque.java:680)
        at java.util.concurrent.ThreadPoolExecutor.getTask(ThreadPoolExecutor.java:1074)
        at java.util.concurrent.ThreadPoolExecutor.runWorker(ThreadPoolExecutor.java:1134)
        at java.util.concurrent.ThreadPoolExecutor$Worker.run(ThreadPoolExecutor.java:624)
        at java.lang.Thread.run(Thread.java:750)
"qtp194861159-3383" daemon prio=5 tid=3383 timed_waiting
java.lang.Thread.State: TIMED_WAITING
        at sun.misc.Unsafe.park(Native Method)
        at java.util.concurrent.locks.LockSupport.parkNanos(LockSupport.java:215)
        at java.util.concurrent.locks.AbstractQueuedSynchronizer$ConditionObject.awaitNanos(AbstractQueuedSynchronizer.java:2078)
        at org.eclipse.jetty.util.BlockingArrayQueue.poll(BlockingArrayQueue.java:382)
        at org.eclipse.jetty.util.thread.QueuedThreadPool$Runner.idleJobPoll(QueuedThreadPool.java:974)
        at org.eclipse.jetty.util.thread.QueuedThreadPool$Runner.run(QueuedThreadPool.java:1018)
        at java.lang.Thread.run(Thread.java:750)
"BackgroundPipelineScrubberThread" daemon prio=5 tid=5477 timed_waiting
java.lang.Thread.State: TIMED_WAITING
        at java.lang.Object.wait(Native Method)
        at org.apache.hadoop.hdds.scm.ha.BackgroundSCMService.run(BackgroundSCMService.java:110)
        at org.apache.hadoop.hdds.scm.ha.BackgroundSCMService$$Lambda$409/140091744.run(Unknown Source)
        at java.lang.Thread.run(Thread.java:750)
"Datanode ReportManager Thread - 4" daemon prio=5 tid=4355 in Object.wait()
java.lang.Thread.State: WAITING (on object monitor)
        at sun.misc.Unsafe.park(Native Method)
        at java.util.concurrent.locks.LockSupport.park(LockSupport.java:175)
        at java.util.concurrent.locks.AbstractQueuedSynchronizer$ConditionObject.await(AbstractQueuedSynchronizer.java:2039)
        at java.util.concurrent.ScheduledThreadPoolExecutor$DelayedWorkQueue.take(ScheduledThreadPoolExecutor.java:1088)
        at java.util.concurrent.ScheduledThreadPoolExecutor$DelayedWorkQueue.take(ScheduledThreadPoolExecutor.java:809)
        at java.util.concurrent.ThreadPoolExecutor.getTask(ThreadPoolExecutor.java:1074)
        at java.util.concurrent.ThreadPoolExecutor.runWorker(ThreadPoolExecutor.java:1134)
        at java.util.concurrent.ThreadPoolExecutor$Worker.run(ThreadPoolExecutor.java:624)
        at java.lang.Thread.run(Thread.java:750)
"Datanode State Machine Daemon Thread" daemon prio=5 tid=4350 timed_waiting
java.lang.Thread.State: TIMED_WAITING
        at java.lang.Thread.sleep(Native Method)
        at org.apache.hadoop.ozone.container.common.statemachine.DatanodeStateMachine.startStateMachineThread(DatanodeStateMachine.java:321)
        at org.apache.hadoop.ozone.container.common.statemachine.DatanodeStateMachine.lambda$startDaemon$0(DatanodeStateMachine.java:506)
        at org.apache.hadoop.ozone.container.common.statemachine.DatanodeStateMachine$$Lambda$785/619018591.run(Unknown Source)
        at java.lang.Thread.run(Thread.java:750)
"Datanode ReportManager Thread - 3" daemon prio=5 tid=5123 in Object.wait()
java.lang.Thread.State: WAITING (on object monitor)
        at sun.misc.Unsafe.park(Native Method)
        at java.util.concurrent.locks.LockSupport.park(LockSupport.java:175)
        at java.util.concurrent.locks.AbstractQueuedSynchronizer$ConditionObject.await(AbstractQueuedSynchronizer.java:2039)
        at java.util.concurrent.ScheduledThreadPoolExecutor$DelayedWorkQueue.take(ScheduledThreadPoolExecutor.java:1088)
        at java.util.concurrent.ScheduledThreadPoolExecutor$DelayedWorkQueue.take(ScheduledThreadPoolExecutor.java:809)
        at java.util.concurrent.ThreadPoolExecutor.getTask(ThreadPoolExecutor.java:1074)
        at java.util.concurrent.ThreadPoolExecutor.runWorker(ThreadPoolExecutor.java:1134)
        at java.util.concurrent.ThreadPoolExecutor$Worker.run(ThreadPoolExecutor.java:624)
        at java.lang.Thread.run(Thread.java:750)
"Datanode ReportManager Thread - 0" daemon prio=5 tid=4313 in Object.wait()
java.lang.Thread.State: WAITING (on object monitor)
        at sun.misc.Unsafe.park(Native Method)
        at java.util.concurrent.locks.LockSupport.park(LockSupport.java:175)
        at java.util.concurrent.locks.AbstractQueuedSynchronizer$ConditionObject.await(AbstractQueuedSynchronizer.java:2039)
        at java.util.concurrent.ScheduledThreadPoolExecutor$DelayedWorkQueue.take(ScheduledThreadPoolExecutor.java:1088)
        at java.util.concurrent.ScheduledThreadPoolExecutor$DelayedWorkQueue.take(ScheduledThreadPoolExecutor.java:809)
        at java.util.concurrent.ThreadPoolExecutor.getTask(ThreadPoolExecutor.java:1074)
        at java.util.concurrent.ThreadPoolExecutor.runWorker(ThreadPoolExecutor.java:1134)
        at java.util.concurrent.ThreadPoolExecutor$Worker.run(ThreadPoolExecutor.java:624)
        at java.lang.Thread.run(Thread.java:750)
"PartialTableCache Cleanup Thread - 0" daemon prio=5 tid=1916 in Object.wait()
java.lang.Thread.State: WAITING (on object monitor)
        at sun.misc.Unsafe.park(Native Method)
        at java.util.concurrent.locks.LockSupport.park(LockSupport.java:175)
        at java.util.concurrent.locks.AbstractQueuedSynchronizer$ConditionObject.await(AbstractQueuedSynchronizer.java:2039)
        at java.util.concurrent.LinkedBlockingQueue.take(LinkedBlockingQueue.java:442)
        at java.util.concurrent.ThreadPoolExecutor.getTask(ThreadPoolExecutor.java:1074)
        at java.util.concurrent.ThreadPoolExecutor.runWorker(ThreadPoolExecutor.java:1134)
        at java.util.concurrent.ThreadPoolExecutor$Worker.run(ThreadPoolExecutor.java:624)
        at java.lang.Thread.run(Thread.java:750)
"FullTableCache Cleanup Thread - 0" daemon prio=5 tid=2911 in Object.wait()
java.lang.Thread.State: WAITING (on object monitor)
        at sun.misc.Unsafe.park(Native Method)
        at java.util.concurrent.locks.LockSupport.park(LockSupport.java:175)
        at java.util.concurrent.locks.AbstractQueuedSynchronizer$ConditionObject.await(AbstractQueuedSynchronizer.java:2039)
        at java.util.concurrent.LinkedBlockingQueue.take(LinkedBlockingQueue.java:442)
        at java.util.concurrent.ThreadPoolExecutor.getTask(ThreadPoolExecutor.java:1074)
        at java.util.concurrent.ThreadPoolExecutor.runWorker(ThreadPoolExecutor.java:1134)
        at java.util.concurrent.ThreadPoolExecutor$Worker.run(ThreadPoolExecutor.java:624)
        at java.lang.Thread.run(Thread.java:750)
"Mini-Cluster-Provider-Reap"  prio=5 tid=15 timed_waiting
java.lang.Thread.State: TIMED_WAITING
        at sun.misc.Unsafe.park(Native Method)
        at java.util.concurrent.locks.LockSupport.parkNanos(LockSupport.java:215)
        at java.util.concurrent.locks.AbstractQueuedSynchronizer$ConditionObject.awaitNanos(AbstractQueuedSynchronizer.java:2078)
        at java.util.concurrent.ArrayBlockingQueue.poll(ArrayBlockingQueue.java:418)
        at org.apache.hadoop.ozone.MiniOzoneClusterProvider.lambda$reapClusters$0(MiniOzoneClusterProvider.java:199)
        at org.apache.hadoop.ozone.MiniOzoneClusterProvider$$Lambda$341/1088239991.run(Unknown Source)
        at java.lang.Thread.run(Thread.java:750)
"pool-2044-thread-1"  prio=5 tid=4197 timed_waiting
java.lang.Thread.State: TIMED_WAITING
        at sun.misc.Unsafe.park(Native Method)
        at java.util.concurrent.locks.LockSupport.parkNanos(LockSupport.java:215)
        at java.util.concurrent.locks.AbstractQueuedSynchronizer$ConditionObject.awaitNanos(AbstractQueuedSynchronizer.java:2078)
        at java.util.concurrent.ScheduledThreadPoolExecutor$DelayedWorkQueue.take(ScheduledThreadPoolExecutor.java:1093)
        at java.util.concurrent.ScheduledThreadPoolExecutor$DelayedWorkQueue.take(ScheduledThreadPoolExecutor.java:809)
        at java.util.concurrent.ThreadPoolExecutor.getTask(ThreadPoolExecutor.java:1074)
        at java.util.concurrent.ThreadPoolExecutor.runWorker(ThreadPoolExecutor.java:1134)
        at java.util.concurrent.ThreadPoolExecutor$Worker.run(ThreadPoolExecutor.java:624)
        at java.lang.Thread.run(Thread.java:750)
"767ffbb5-8206-4017-b2eb-6858697bfab3@group-9C27DC43941B-SegmentedRaftLogWorker"  prio=5 tid=5447 timed_waiting
java.lang.Thread.State: TIMED_WAITING
        at sun.misc.Unsafe.park(Native Method)
        at java.util.concurrent.locks.LockSupport.parkNanos(LockSupport.java:215)
        at java.util.concurrent.locks.AbstractQueuedSynchronizer$ConditionObject.awaitNanos(AbstractQueuedSynchronizer.java:2078)
        at org.apache.ratis.util.DataBlockingQueue.poll(DataBlockingQueue.java:148)
        at org.apache.ratis.server.raftlog.segmented.SegmentedRaftLogWorker.run(SegmentedRaftLogWorker.java:310)
        at org.apache.ratis.server.raftlog.segmented.SegmentedRaftLogWorker$$Lambda$699/1369416112.run(Unknown Source)
        at java.lang.Thread.run(Thread.java:750)
"IPC Server handler 17 on default port 39657" daemon prio=5 tid=4974 timed_waiting
java.lang.Thread.State: TIMED_WAITING
        at sun.misc.Unsafe.park(Native Method)
        at java.util.concurrent.locks.LockSupport.parkNanos(LockSupport.java:215)
        at java.util.concurrent.locks.AbstractQueuedSynchronizer$ConditionObject.awaitNanos(AbstractQueuedSynchronizer.java:2078)
        at java.util.concurrent.LinkedBlockingQueue.poll(LinkedBlockingQueue.java:467)
        at org.apache.hadoop.ipc.CallQueueManager.take(CallQueueManager.java:317)
        at org.apache.hadoop.ipc.Server$Handler.run(Server.java:2942)
"ChunkWriter-1-0" daemon prio=5 tid=5355 in Object.wait()
java.lang.Thread.State: WAITING (on object monitor)
        at sun.misc.Unsafe.park(Native Method)
        at java.util.concurrent.locks.LockSupport.park(LockSupport.java:175)
        at java.util.concurrent.locks.AbstractQueuedSynchronizer$ConditionObject.await(AbstractQueuedSynchronizer.java:2039)
        at java.util.concurrent.LinkedBlockingDeque.takeFirst(LinkedBlockingDeque.java:492)
        at java.util.concurrent.LinkedBlockingDeque.take(LinkedBlockingDeque.java:680)
        at java.util.concurrent.ThreadPoolExecutor.getTask(ThreadPoolExecutor.java:1074)
        at java.util.concurrent.ThreadPoolExecutor.runWorker(ThreadPoolExecutor.java:1134)
        at java.util.concurrent.ThreadPoolExecutor$Worker.run(ThreadPoolExecutor.java:624)
        at java.lang.Thread.run(Thread.java:750)
"pool-1549-thread-1"  prio=5 tid=3563 in Object.wait()
java.lang.Thread.State: WAITING (on object monitor)
        at sun.misc.Unsafe.park(Native Method)
        at java.util.concurrent.locks.LockSupport.park(LockSupport.java:175)
        at java.util.concurrent.locks.AbstractQueuedSynchronizer$ConditionObject.await(AbstractQueuedSynchronizer.java:2039)
        at java.util.concurrent.LinkedBlockingQueue.take(LinkedBlockingQueue.java:442)
        at java.util.concurrent.ThreadPoolExecutor.getTask(ThreadPoolExecutor.java:1074)
        at java.util.concurrent.ThreadPoolExecutor.runWorker(ThreadPoolExecutor.java:1134)
        at java.util.concurrent.ThreadPoolExecutor$Worker.run(ThreadPoolExecutor.java:624)
        at java.lang.Thread.run(Thread.java:750)
"b56e85ee-8e41-41ba-8236-410d8ae83499@group-B0097F026191-LeaderStateImpl" daemon prio=5 tid=5591 timed_waiting
java.lang.Thread.State: TIMED_WAITING
        at sun.misc.Unsafe.park(Native Method)
        at java.util.concurrent.locks.LockSupport.parkNanos(LockSupport.java:215)
        at java.util.concurrent.locks.AbstractQueuedSynchronizer$ConditionObject.awaitNanos(AbstractQueuedSynchronizer.java:2078)
        at java.util.concurrent.ArrayBlockingQueue.poll(ArrayBlockingQueue.java:418)
        at org.apache.ratis.server.impl.LeaderStateImpl$EventQueue.poll(LeaderStateImpl.java:159)
        at org.apache.ratis.server.impl.LeaderStateImpl$EventProcessor.run(LeaderStateImpl.java:630)
"FixedThreadPoolWithAffinityExecutor-2-0" daemon prio=5 tid=5497 timed_waiting
java.lang.Thread.State: TIMED_WAITING
        at sun.misc.Unsafe.park(Native Method)
        at java.util.concurrent.locks.LockSupport.parkNanos(LockSupport.java:215)
        at java.util.concurrent.locks.AbstractQueuedSynchronizer$ConditionObject.awaitNanos(AbstractQueuedSynchronizer.java:2078)
        at java.util.concurrent.LinkedBlockingQueue.poll(LinkedBlockingQueue.java:467)
        at org.apache.hadoop.hdds.scm.server.ContainerReportQueue.poll(ContainerReportQueue.java:266)
        at org.apache.hadoop.hdds.scm.server.ContainerReportQueue.poll(ContainerReportQueue.java:42)
        at org.apache.hadoop.hdds.server.events.FixedThreadPoolWithAffinityExecutor$ContainerReportProcessTask.run(FixedThreadPoolWithAffinityExecutor.java:248)
        at java.util.concurrent.Executors$RunnableAdapter.call(Executors.java:511)
        at java.util.concurrent.FutureTask.run(FutureTask.java:266)
        at java.util.concurrent.ThreadPoolExecutor.runWorker(ThreadPoolExecutor.java:1149)
        at java.util.concurrent.ThreadPoolExecutor$Worker.run(ThreadPoolExecutor.java:624)
        at java.lang.Thread.run(Thread.java:750)
"IPC Server listener on 0" daemon prio=5 tid=4935 runnable
java.lang.Thread.State: RUNNABLE
        at sun.nio.ch.EPollArrayWrapper.epollWait(Native Method)
        at sun.nio.ch.EPollArrayWrapper.poll(EPollArrayWrapper.java:269)
        at sun.nio.ch.EPollSelectorImpl.doSelect(EPollSelectorImpl.java:93)
        at sun.nio.ch.SelectorImpl.lockAndDoSelect(SelectorImpl.java:86)
        at sun.nio.ch.SelectorImpl.select(SelectorImpl.java:97)
        at sun.nio.ch.SelectorImpl.select(SelectorImpl.java:101)
        at org.apache.hadoop.ipc.Server$Listener.run(Server.java:1358)
"ReplicationMonitor" daemon prio=5 tid=5479 timed_waiting
java.lang.Thread.State: TIMED_WAITING
        at java.lang.Object.wait(Native Method)
        at org.apache.hadoop.hdds.scm.container.replication.ReplicationManager.run(ReplicationManager.java:602)
        at org.apache.hadoop.hdds.scm.container.replication.ReplicationManager$$Lambda$416/1644827479.run(Unknown Source)
        at java.lang.Thread.run(Thread.java:750)
"IPC Server handler 13 on default port 39603" daemon prio=5 tid=3775 timed_waiting
java.lang.Thread.State: TIMED_WAITING
        at sun.misc.Unsafe.park(Native Method)
        at java.util.concurrent.locks.LockSupport.parkNanos(LockSupport.java:215)
        at java.util.concurrent.locks.AbstractQueuedSynchronizer$ConditionObject.awaitNanos(AbstractQueuedSynchronizer.java:2078)
        at java.util.concurrent.LinkedBlockingQueue.poll(LinkedBlockingQueue.java:467)
        at org.apache.hadoop.ipc.CallQueueManager.take(CallQueueManager.java:317)
        at org.apache.hadoop.ipc.Server$Handler.run(Server.java:2942)
"Session-HouseKeeper-25fc8893-1"  prio=5 tid=4311 timed_waiting
java.lang.Thread.State: TIMED_WAITING
        at sun.misc.Unsafe.park(Native Method)
        at java.util.concurrent.locks.LockSupport.parkNanos(LockSupport.java:215)
        at java.util.concurrent.locks.AbstractQueuedSynchronizer$ConditionObject.awaitNanos(AbstractQueuedSynchronizer.java:2078)
        at java.util.concurrent.ScheduledThreadPoolExecutor$DelayedWorkQueue.take(ScheduledThreadPoolExecutor.java:1093)
        at java.util.concurrent.ScheduledThreadPoolExecutor$DelayedWorkQueue.take(ScheduledThreadPoolExecutor.java:809)
        at java.util.concurrent.ThreadPoolExecutor.getTask(ThreadPoolExecutor.java:1074)
        at java.util.concurrent.ThreadPoolExecutor.runWorker(ThreadPoolExecutor.java:1134)
        at java.util.concurrent.ThreadPoolExecutor$Worker.run(ThreadPoolExecutor.java:624)
        at java.lang.Thread.run(Thread.java:750)
"Datanode ReportManager Thread - 0" daemon prio=5 tid=3308 in Object.wait()
java.lang.Thread.State: WAITING (on object monitor)
        at sun.misc.Unsafe.park(Native Method)
        at java.util.concurrent.locks.LockSupport.park(LockSupport.java:175)
        at java.util.concurrent.locks.AbstractQueuedSynchronizer$ConditionObject.await(AbstractQueuedSynchronizer.java:2039)
        at java.util.concurrent.ScheduledThreadPoolExecutor$DelayedWorkQueue.take(ScheduledThreadPoolExecutor.java:1088)
        at java.util.concurrent.ScheduledThreadPoolExecutor$DelayedWorkQueue.take(ScheduledThreadPoolExecutor.java:809)
        at java.util.concurrent.ThreadPoolExecutor.getTask(ThreadPoolExecutor.java:1074)
        at java.util.concurrent.ThreadPoolExecutor.runWorker(ThreadPoolExecutor.java:1134)
        at java.util.concurrent.ThreadPoolExecutor$Worker.run(ThreadPoolExecutor.java:624)
        at java.lang.Thread.run(Thread.java:750)
"JvmPauseMonitor54" daemon prio=5 tid=5211 timed_waiting
java.lang.Thread.State: TIMED_WAITING
        at java.lang.Thread.sleep(Native Method)
        at java.lang.Thread.sleep(Thread.java:342)
        at java.util.concurrent.TimeUnit.sleep(TimeUnit.java:386)
        at org.apache.ratis.util.TimeDuration.sleep(TimeDuration.java:325)
        at org.apache.ratis.util.TimeDuration.sleep(TimeDuration.java:310)
        at org.apache.ratis.util.JvmPauseMonitor.detectPause(JvmPauseMonitor.java:119)
        at org.apache.ratis.util.JvmPauseMonitor.run(JvmPauseMonitor.java:108)
        at org.apache.ratis.util.JvmPauseMonitor$$Lambda$740/1979406568.run(Unknown Source)
        at java.lang.Thread.run(Thread.java:750)
"FixedThreadPoolWithAffinityExecutor-5-0" daemon prio=5 tid=4759 timed_waiting
java.lang.Thread.State: TIMED_WAITING
        at sun.misc.Unsafe.park(Native Method)
        at java.util.concurrent.locks.LockSupport.parkNanos(LockSupport.java:215)
        at java.util.concurrent.locks.AbstractQueuedSynchronizer$ConditionObject.awaitNanos(AbstractQueuedSynchronizer.java:2078)
        at java.util.concurrent.LinkedBlockingQueue.poll(LinkedBlockingQueue.java:467)
        at org.apache.hadoop.hdds.scm.server.ContainerReportQueue.poll(ContainerReportQueue.java:266)
        at org.apache.hadoop.hdds.scm.server.ContainerReportQueue.poll(ContainerReportQueue.java:42)
        at org.apache.hadoop.hdds.server.events.FixedThreadPoolWithAffinityExecutor$ContainerReportProcessTask.run(FixedThreadPoolWithAffinityExecutor.java:248)
        at java.util.concurrent.Executors$RunnableAdapter.call(Executors.java:511)
        at java.util.concurrent.FutureTask.run(FutureTask.java:266)
        at java.util.concurrent.ThreadPoolExecutor.runWorker(ThreadPoolExecutor.java:1149)
        at java.util.concurrent.ThreadPoolExecutor$Worker.run(ThreadPoolExecutor.java:624)
        at java.lang.Thread.run(Thread.java:750)
"IPC Server handler 5 on default port 40433" daemon prio=5 tid=4815 timed_waiting
java.lang.Thread.State: TIMED_WAITING
        at sun.misc.Unsafe.park(Native Method)
        at java.util.concurrent.locks.LockSupport.parkNanos(LockSupport.java:215)
        at java.util.concurrent.locks.AbstractQueuedSynchronizer$ConditionObject.awaitNanos(AbstractQueuedSynchronizer.java:2078)
        at java.util.concurrent.LinkedBlockingQueue.poll(LinkedBlockingQueue.java:467)
        at org.apache.hadoop.ipc.CallQueueManager.take(CallQueueManager.java:317)
        at org.apache.hadoop.ipc.Server$Handler.run(Server.java:2942)
"DatanodeAdminManager-0" daemon prio=5 tid=3730 timed_waiting
java.lang.Thread.State: TIMED_WAITING
        at sun.misc.Unsafe.park(Native Method)
        at java.util.concurrent.locks.LockSupport.parkNanos(LockSupport.java:215)
        at java.util.concurrent.locks.AbstractQueuedSynchronizer$ConditionObject.awaitNanos(AbstractQueuedSynchronizer.java:2078)
        at java.util.concurrent.ScheduledThreadPoolExecutor$DelayedWorkQueue.take(ScheduledThreadPoolExecutor.java:1093)
        at java.util.concurrent.ScheduledThreadPoolExecutor$DelayedWorkQueue.take(ScheduledThreadPoolExecutor.java:809)
        at java.util.concurrent.ThreadPoolExecutor.getTask(ThreadPoolExecutor.java:1074)
        at java.util.concurrent.ThreadPoolExecutor.runWorker(ThreadPoolExecutor.java:1134)
        at java.util.concurrent.ThreadPoolExecutor$Worker.run(ThreadPoolExecutor.java:624)
        at java.lang.Thread.run(Thread.java:750)
"Periodic HDDS volume checker" daemon prio=5 tid=5129 timed_waiting
java.lang.Thread.State: TIMED_WAITING
        at sun.misc.Unsafe.park(Native Method)
        at java.util.concurrent.locks.LockSupport.parkNanos(LockSupport.java:215)
        at java.util.concurrent.locks.AbstractQueuedSynchronizer$ConditionObject.awaitNanos(AbstractQueuedSynchronizer.java:2078)
        at java.util.concurrent.ScheduledThreadPoolExecutor$DelayedWorkQueue.take(ScheduledThreadPoolExecutor.java:1093)
        at java.util.concurrent.ScheduledThreadPoolExecutor$DelayedWorkQueue.take(ScheduledThreadPoolExecutor.java:809)
        at java.util.concurrent.ThreadPoolExecutor.getTask(ThreadPoolExecutor.java:1074)
        at java.util.concurrent.ThreadPoolExecutor.runWorker(ThreadPoolExecutor.java:1134)
        at java.util.concurrent.ThreadPoolExecutor$Worker.run(ThreadPoolExecutor.java:624)
        at java.lang.Thread.run(Thread.java:750)
"EventQueue-CommandQueueReportForCommandQueueReportHandler" daemon prio=5 tid=4447 in Object.wait()
java.lang.Thread.State: WAITING (on object monitor)
        at sun.misc.Unsafe.park(Native Method)
        at java.util.concurrent.locks.LockSupport.park(LockSupport.java:175)
        at java.util.concurrent.locks.AbstractQueuedSynchronizer$ConditionObject.await(AbstractQueuedSynchronizer.java:2039)
        at java.util.concurrent.LinkedBlockingQueue.take(LinkedBlockingQueue.java:442)
        at java.util.concurrent.ThreadPoolExecutor.getTask(ThreadPoolExecutor.java:1074)
        at java.util.concurrent.ThreadPoolExecutor.runWorker(ThreadPoolExecutor.java:1134)
        at java.util.concurrent.ThreadPoolExecutor$Worker.run(ThreadPoolExecutor.java:624)
        at java.lang.Thread.run(Thread.java:750)
"IPC Server handler 15 on default port 41341" daemon prio=5 tid=3819 timed_waiting
java.lang.Thread.State: TIMED_WAITING
        at sun.misc.Unsafe.park(Native Method)
        at java.util.concurrent.locks.LockSupport.parkNanos(LockSupport.java:215)
        at java.util.concurrent.locks.AbstractQueuedSynchronizer$ConditionObject.awaitNanos(AbstractQueuedSynchronizer.java:2078)
        at java.util.concurrent.LinkedBlockingQueue.poll(LinkedBlockingQueue.java:467)
        at org.apache.hadoop.ipc.CallQueueManager.take(CallQueueManager.java:317)
        at org.apache.hadoop.ipc.Server$Handler.run(Server.java:2942)
"FixedThreadPoolWithAffinityExecutor-7-0" daemon prio=5 tid=3750 timed_waiting
java.lang.Thread.State: TIMED_WAITING
        at sun.misc.Unsafe.park(Native Method)
        at java.util.concurrent.locks.LockSupport.parkNanos(LockSupport.java:215)
        at java.util.concurrent.locks.AbstractQueuedSynchronizer$ConditionObject.awaitNanos(AbstractQueuedSynchronizer.java:2078)
        at java.util.concurrent.LinkedBlockingQueue.poll(LinkedBlockingQueue.java:467)
        at org.apache.hadoop.hdds.scm.server.ContainerReportQueue.poll(ContainerReportQueue.java:266)
        at org.apache.hadoop.hdds.scm.server.ContainerReportQueue.poll(ContainerReportQueue.java:42)
        at org.apache.hadoop.hdds.server.events.FixedThreadPoolWithAffinityExecutor$ContainerReportProcessTask.run(FixedThreadPoolWithAffinityExecutor.java:248)
        at java.util.concurrent.Executors$RunnableAdapter.call(Executors.java:511)
        at java.util.concurrent.FutureTask.run(FutureTask.java:266)
        at java.util.concurrent.ThreadPoolExecutor.runWorker(ThreadPoolExecutor.java:1149)
        at java.util.concurrent.ThreadPoolExecutor$Worker.run(ThreadPoolExecutor.java:624)
        at java.lang.Thread.run(Thread.java:750)
"qtp1648517692-4065" daemon prio=5 tid=4065 timed_waiting
java.lang.Thread.State: TIMED_WAITING
        at sun.misc.Unsafe.park(Native Method)
        at java.util.concurrent.locks.LockSupport.parkNanos(LockSupport.java:215)
        at java.util.concurrent.locks.AbstractQueuedSynchronizer$ConditionObject.awaitNanos(AbstractQueuedSynchronizer.java:2078)
        at org.eclipse.jetty.util.BlockingArrayQueue.poll(BlockingArrayQueue.java:382)
        at org.eclipse.jetty.util.thread.QueuedThreadPool$Runner.idleJobPoll(QueuedThreadPool.java:974)
        at org.eclipse.jetty.util.thread.QueuedThreadPool$Runner.run(QueuedThreadPool.java:1018)
        at java.lang.Thread.run(Thread.java:750)
"qtp1138839318-3278" daemon prio=5 tid=3278 timed_waiting
java.lang.Thread.State: TIMED_WAITING
        at sun.misc.Unsafe.park(Native Method)
        at java.util.concurrent.locks.LockSupport.parkNanos(LockSupport.java:215)
        at java.util.concurrent.locks.AbstractQueuedSynchronizer$ConditionObject.awaitNanos(AbstractQueuedSynchronizer.java:2078)
        at org.eclipse.jetty.util.BlockingArrayQueue.poll(BlockingArrayQueue.java:382)
        at org.eclipse.jetty.util.thread.QueuedThreadPool$Runner.idleJobPoll(QueuedThreadPool.java:974)
        at org.eclipse.jetty.util.thread.QueuedThreadPool$Runner.run(QueuedThreadPool.java:1018)
        at java.lang.Thread.run(Thread.java:750)
"surefire-forkedjvm-command-thread" daemon prio=5 tid=10 runnable
java.lang.Thread.State: RUNNABLE
        at java.io.FileInputStream.readBytes(Native Method)
        at java.io.FileInputStream.read(FileInputStream.java:255)
        at java.io.BufferedInputStream.read1(BufferedInputStream.java:284)
        at java.io.BufferedInputStream.read(BufferedInputStream.java:345)
        at java.io.BufferedInputStream.fill(BufferedInputStream.java:246)
        at java.io.BufferedInputStream.read1(BufferedInputStream.java:286)
        at java.io.BufferedInputStream.read(BufferedInputStream.java:345)
        at org.apache.maven.surefire.api.util.internal.Channels$3.readImpl(Channels.java:214)
        at org.apache.maven.surefire.api.util.internal.AbstractNoninterruptibleReadableChannel.read(AbstractNoninterruptibleReadableChannel.java:54)
        at org.apache.maven.surefire.booter.spi.LegacyMasterProcessChannelDecoder.decode(LegacyMasterProcessChannelDecoder.java:80)
        at org.apache.maven.surefire.booter.CommandReader$CommandRunnable.run(CommandReader.java:343)
        at java.lang.Thread.run(Thread.java:750)
"StaleRecoveringContainerScrubbingService#1" daemon prio=5 tid=5368 in Object.wait()
java.lang.Thread.State: WAITING (on object monitor)
        at sun.misc.Unsafe.park(Native Method)
        at java.util.concurrent.locks.LockSupport.park(LockSupport.java:175)
        at java.util.concurrent.locks.AbstractQueuedSynchronizer$ConditionObject.await(AbstractQueuedSynchronizer.java:2039)
        at java.util.concurrent.ScheduledThreadPoolExecutor$DelayedWorkQueue.take(ScheduledThreadPoolExecutor.java:1088)
        at java.util.concurrent.ScheduledThreadPoolExecutor$DelayedWorkQueue.take(ScheduledThreadPoolExecutor.java:809)
        at java.util.concurrent.ThreadPoolExecutor.getTask(ThreadPoolExecutor.java:1074)
        at java.util.concurrent.ThreadPoolExecutor.runWorker(ThreadPoolExecutor.java:1134)
        at java.util.concurrent.ThreadPoolExecutor$Worker.run(ThreadPoolExecutor.java:624)
        at java.lang.Thread.run(Thread.java:750)
"BlockDeletingService#1" daemon prio=5 tid=5228 in Object.wait()
java.lang.Thread.State: WAITING (on object monitor)
        at sun.misc.Unsafe.park(Native Method)
        at java.util.concurrent.locks.LockSupport.park(LockSupport.java:175)
        at java.util.concurrent.locks.AbstractQueuedSynchronizer$ConditionObject.await(AbstractQueuedSynchronizer.java:2039)
        at java.util.concurrent.ScheduledThreadPoolExecutor$DelayedWorkQueue.take(ScheduledThreadPoolExecutor.java:1088)
        at java.util.concurrent.ScheduledThreadPoolExecutor$DelayedWorkQueue.take(ScheduledThreadPoolExecutor.java:809)
        at java.util.concurrent.ThreadPoolExecutor.getTask(ThreadPoolExecutor.java:1074)
        at java.util.concurrent.ThreadPoolExecutor.runWorker(ThreadPoolExecutor.java:1134)
        at java.util.concurrent.ThreadPoolExecutor$Worker.run(ThreadPoolExecutor.java:624)
        at java.lang.Thread.run(Thread.java:750)
"IPC Server handler 15 on default port 39657" daemon prio=5 tid=4972 timed_waiting
java.lang.Thread.State: TIMED_WAITING
        at sun.misc.Unsafe.park(Native Method)
        at java.util.concurrent.locks.LockSupport.parkNanos(LockSupport.java:215)
        at java.util.concurrent.locks.AbstractQueuedSynchronizer$ConditionObject.awaitNanos(AbstractQueuedSynchronizer.java:2078)
        at java.util.concurrent.LinkedBlockingQueue.poll(LinkedBlockingQueue.java:467)
        at org.apache.hadoop.ipc.CallQueueManager.take(CallQueueManager.java:317)
        at org.apache.hadoop.ipc.Server$Handler.run(Server.java:2942)
"ChunkReader-ELG-0" daemon prio=5 tid=5153 runnable
java.lang.Thread.State: RUNNABLE
        at org.apache.ratis.thirdparty.io.netty.channel.epoll.Native.epollWait(Native Method)
        at org.apache.ratis.thirdparty.io.netty.channel.epoll.Native.epollWait(Native.java:209)
        at org.apache.ratis.thirdparty.io.netty.channel.epoll.Native.epollWait(Native.java:202)
        at org.apache.ratis.thirdparty.io.netty.channel.epoll.EpollEventLoop.epollWaitNoTimerChange(EpollEventLoop.java:294)
        at org.apache.ratis.thirdparty.io.netty.channel.epoll.EpollEventLoop.run(EpollEventLoop.java:351)
        at org.apache.ratis.thirdparty.io.netty.util.concurrent.SingleThreadEventExecutor$4.run(SingleThreadEventExecutor.java:995)
        at org.apache.ratis.thirdparty.io.netty.util.internal.ThreadExecutorMap$2.run(ThreadExecutorMap.java:74)
        at java.lang.Thread.run(Thread.java:750)
"org.apache.hadoop.ozone.container.common.statemachine.commandhandler.DeleteBlocksCommandHandler$DeleteCmdWorker@d58d1a3" daemon prio=5 tid=5134 timed_waiting
java.lang.Thread.State: TIMED_WAITING
        at java.lang.Thread.sleep(Native Method)
        at org.apache.hadoop.ozone.container.common.statemachine.commandhandler.DeleteBlocksCommandHandler$DeleteCmdWorker.run(DeleteBlocksCommandHandler.java:184)
        at java.lang.Thread.run(Thread.java:750)
"Session-HouseKeeper-5f548a2a-1"  prio=5 tid=4126 timed_waiting
java.lang.Thread.State: TIMED_WAITING
        at sun.misc.Unsafe.park(Native Method)
        at java.util.concurrent.locks.LockSupport.parkNanos(LockSupport.java:215)
        at java.util.concurrent.locks.AbstractQueuedSynchronizer$ConditionObject.awaitNanos(AbstractQueuedSynchronizer.java:2078)
        at java.util.concurrent.ScheduledThreadPoolExecutor$DelayedWorkQueue.take(ScheduledThreadPoolExecutor.java:1093)
        at java.util.concurrent.ScheduledThreadPoolExecutor$DelayedWorkQueue.take(ScheduledThreadPoolExecutor.java:809)
        at java.util.concurrent.ThreadPoolExecutor.getTask(ThreadPoolExecutor.java:1074)
        at java.util.concurrent.ThreadPoolExecutor.runWorker(ThreadPoolExecutor.java:1134)
        at java.util.concurrent.ThreadPoolExecutor$Worker.run(ThreadPoolExecutor.java:624)
        at java.lang.Thread.run(Thread.java:750)
"EventQueue-PipelineReportForOneReplicaPipelineSafeModeRule" daemon prio=5 tid=5595 in Object.wait()
java.lang.Thread.State: WAITING (on object monitor)
        at sun.misc.Unsafe.park(Native Method)
        at java.util.concurrent.locks.LockSupport.park(LockSupport.java:175)
        at java.util.concurrent.locks.AbstractQueuedSynchronizer$ConditionObject.await(AbstractQueuedSynchronizer.java:2039)
        at java.util.concurrent.LinkedBlockingQueue.take(LinkedBlockingQueue.java:442)
        at java.util.concurrent.ThreadPoolExecutor.getTask(ThreadPoolExecutor.java:1074)
        at java.util.concurrent.ThreadPoolExecutor.runWorker(ThreadPoolExecutor.java:1134)
        at java.util.concurrent.ThreadPoolExecutor$Worker.run(ThreadPoolExecutor.java:624)
        at java.lang.Thread.run(Thread.java:750)
"PartialTableCache Cleanup Thread - 0" daemon prio=5 tid=658 in Object.wait()
java.lang.Thread.State: WAITING (on object monitor)
        at sun.misc.Unsafe.park(Native Method)
        at java.util.concurrent.locks.LockSupport.park(LockSupport.java:175)
        at java.util.concurrent.locks.AbstractQueuedSynchronizer$ConditionObject.await(AbstractQueuedSynchronizer.java:2039)
        at java.util.concurrent.LinkedBlockingQueue.take(LinkedBlockingQueue.java:442)
        at java.util.concurrent.ThreadPoolExecutor.getTask(ThreadPoolExecutor.java:1074)
        at java.util.concurrent.ThreadPoolExecutor.runWorker(ThreadPoolExecutor.java:1134)
        at java.util.concurrent.ThreadPoolExecutor$Worker.run(ThreadPoolExecutor.java:624)
        at java.lang.Thread.run(Thread.java:750)
"BlockDeletingService#1" daemon prio=5 tid=3452 timed_waiting
java.lang.Thread.State: TIMED_WAITING
        at sun.misc.Unsafe.park(Native Method)
        at java.util.concurrent.locks.LockSupport.parkNanos(LockSupport.java:215)
        at java.util.concurrent.locks.AbstractQueuedSynchronizer$ConditionObject.awaitNanos(AbstractQueuedSynchronizer.java:2078)
        at java.util.concurrent.ScheduledThreadPoolExecutor$DelayedWorkQueue.take(ScheduledThreadPoolExecutor.java:1093)
        at java.util.concurrent.ScheduledThreadPoolExecutor$DelayedWorkQueue.take(ScheduledThreadPoolExecutor.java:809)
        at java.util.concurrent.ThreadPoolExecutor.getTask(ThreadPoolExecutor.java:1074)
        at java.util.concurrent.ThreadPoolExecutor.runWorker(ThreadPoolExecutor.java:1134)
        at java.util.concurrent.ThreadPoolExecutor$Worker.run(ThreadPoolExecutor.java:624)
        at java.lang.Thread.run(Thread.java:750)
"Datanode State Machine Daemon Thread" daemon prio=5 tid=5085 timed_waiting
java.lang.Thread.State: TIMED_WAITING
        at java.lang.Thread.sleep(Native Method)
        at org.apache.hadoop.ozone.container.common.statemachine.DatanodeStateMachine.startStateMachineThread(DatanodeStateMachine.java:321)
        at org.apache.hadoop.ozone.container.common.statemachine.DatanodeStateMachine.lambda$startDaemon$0(DatanodeStateMachine.java:506)
        at org.apache.hadoop.ozone.container.common.statemachine.DatanodeStateMachine$$Lambda$785/619018591.run(Unknown Source)
        at java.lang.Thread.run(Thread.java:750)
"IPC Server handler 1 on default port 45833" daemon prio=5 tid=3243 timed_waiting
java.lang.Thread.State: TIMED_WAITING
        at sun.misc.Unsafe.park(Native Method)
        at java.util.concurrent.locks.LockSupport.parkNanos(LockSupport.java:215)
        at java.util.concurrent.locks.AbstractQueuedSynchronizer$ConditionObject.awaitNanos(AbstractQueuedSynchronizer.java:2078)
        at java.util.concurrent.LinkedBlockingQueue.poll(LinkedBlockingQueue.java:467)
        at org.apache.hadoop.ipc.CallQueueManager.take(CallQueueManager.java:317)
        at org.apache.hadoop.ipc.Server$Handler.run(Server.java:2942)
"StaleRecoveringContainerScrubbingService#2" daemon prio=5 tid=5652 in Object.wait()
java.lang.Thread.State: WAITING (on object monitor)
        at sun.misc.Unsafe.park(Native Method)
        at java.util.concurrent.locks.LockSupport.park(LockSupport.java:175)
        at java.util.concurrent.locks.AbstractQueuedSynchronizer$ConditionObject.await(AbstractQueuedSynchronizer.java:2039)
        at java.util.concurrent.ScheduledThreadPoolExecutor$DelayedWorkQueue.take(ScheduledThreadPoolExecutor.java:1088)
        at java.util.concurrent.ScheduledThreadPoolExecutor$DelayedWorkQueue.take(ScheduledThreadPoolExecutor.java:809)
        at java.util.concurrent.ThreadPoolExecutor.getTask(ThreadPoolExecutor.java:1074)
        at java.util.concurrent.ThreadPoolExecutor.runWorker(ThreadPoolExecutor.java:1134)
        at java.util.concurrent.ThreadPoolExecutor$Worker.run(ThreadPoolExecutor.java:624)
        at java.lang.Thread.run(Thread.java:750)
"ExpiredContainerReplicaOpScrubberThread" daemon prio=5 tid=3726 timed_waiting
java.lang.Thread.State: TIMED_WAITING
        at java.lang.Object.wait(Native Method)
        at org.apache.hadoop.hdds.scm.ha.BackgroundSCMService.run(BackgroundSCMService.java:110)
        at org.apache.hadoop.hdds.scm.ha.BackgroundSCMService$$Lambda$409/140091744.run(Unknown Source)
        at java.lang.Thread.run(Thread.java:750)
"IPC Server idle connection scanner for port 39603" daemon prio=5 tid=3741 timed_waiting
java.lang.Thread.State: TIMED_WAITING
        at java.lang.Object.wait(Native Method)
        at java.util.TimerThread.mainLoop(Timer.java:552)
        at java.util.TimerThread.run(Timer.java:505)
"767ffbb5-8206-4017-b2eb-6858697bfab3@group-F6180B8797A3-SegmentedRaftLogWorker"  prio=5 tid=5466 timed_waiting
java.lang.Thread.State: TIMED_WAITING
        at sun.misc.Unsafe.park(Native Method)
        at java.util.concurrent.locks.LockSupport.parkNanos(LockSupport.java:215)
        at java.util.concurrent.locks.AbstractQueuedSynchronizer$ConditionObject.awaitNanos(AbstractQueuedSynchronizer.java:2078)
        at org.apache.ratis.util.DataBlockingQueue.poll(DataBlockingQueue.java:148)
        at org.apache.ratis.server.raftlog.segmented.SegmentedRaftLogWorker.run(SegmentedRaftLogWorker.java:310)
        at org.apache.ratis.server.raftlog.segmented.SegmentedRaftLogWorker$$Lambda$699/1369416112.run(Unknown Source)
        at java.lang.Thread.run(Thread.java:750)
"EventQueue-NodeRegistrationContainerReportForContainerSafeModeRule" daemon prio=5 tid=5594 in Object.wait()
java.lang.Thread.State: WAITING (on object monitor)
        at sun.misc.Unsafe.park(Native Method)
        at java.util.concurrent.locks.LockSupport.park(LockSupport.java:175)
        at java.util.concurrent.locks.AbstractQueuedSynchronizer$ConditionObject.await(AbstractQueuedSynchronizer.java:2039)
        at java.util.concurrent.LinkedBlockingQueue.take(LinkedBlockingQueue.java:442)
        at java.util.concurrent.ThreadPoolExecutor.getTask(ThreadPoolExecutor.java:1074)
        at java.util.concurrent.ThreadPoolExecutor.runWorker(ThreadPoolExecutor.java:1134)
        at java.util.concurrent.ThreadPoolExecutor$Worker.run(ThreadPoolExecutor.java:624)
        at java.lang.Thread.run(Thread.java:750)
"pool-2486-thread-1" daemon prio=5 tid=5071 timed_waiting
java.lang.Thread.State: TIMED_WAITING
        at sun.misc.Unsafe.park(Native Method)
        at java.util.concurrent.locks.LockSupport.parkNanos(LockSupport.java:215)
        at java.util.concurrent.locks.AbstractQueuedSynchronizer$ConditionObject.awaitNanos(AbstractQueuedSynchronizer.java:2078)
        at java.util.concurrent.ScheduledThreadPoolExecutor$DelayedWorkQueue.take(ScheduledThreadPoolExecutor.java:1093)
        at java.util.concurrent.ScheduledThreadPoolExecutor$DelayedWorkQueue.take(ScheduledThreadPoolExecutor.java:809)
        at java.util.concurrent.ThreadPoolExecutor.getTask(ThreadPoolExecutor.java:1074)
        at java.util.concurrent.ThreadPoolExecutor.runWorker(ThreadPoolExecutor.java:1134)
        at java.util.concurrent.ThreadPoolExecutor$Worker.run(ThreadPoolExecutor.java:624)
        at java.lang.Thread.run(Thread.java:750)
"ContainerOp-d03e4836-7d8d-4de7-87bd-2d1f402832ad-5"  prio=5 tid=4859 in Object.wait()
java.lang.Thread.State: WAITING (on object monitor)
        at sun.misc.Unsafe.park(Native Method)
        at java.util.concurrent.locks.LockSupport.park(LockSupport.java:175)
        at java.util.concurrent.locks.AbstractQueuedSynchronizer$ConditionObject.await(AbstractQueuedSynchronizer.java:2039)
        at java.util.concurrent.LinkedBlockingQueue.take(LinkedBlockingQueue.java:442)
        at java.util.concurrent.ThreadPoolExecutor.getTask(ThreadPoolExecutor.java:1074)
        at java.util.concurrent.ThreadPoolExecutor.runWorker(ThreadPoolExecutor.java:1134)
        at java.util.concurrent.ThreadPoolExecutor$Worker.run(ThreadPoolExecutor.java:624)
        at java.lang.Thread.run(Thread.java:750)
"StaleRecoveringContainerScrubbingService#1" daemon prio=5 tid=5216 in Object.wait()
java.lang.Thread.State: WAITING (on object monitor)
        at sun.misc.Unsafe.park(Native Method)
        at java.util.concurrent.locks.LockSupport.park(LockSupport.java:175)
        at java.util.concurrent.locks.AbstractQueuedSynchronizer$ConditionObject.await(AbstractQueuedSynchronizer.java:2039)
        at java.util.concurrent.ScheduledThreadPoolExecutor$DelayedWorkQueue.take(ScheduledThreadPoolExecutor.java:1088)
        at java.util.concurrent.ScheduledThreadPoolExecutor$DelayedWorkQueue.take(ScheduledThreadPoolExecutor.java:809)
        at java.util.concurrent.ThreadPoolExecutor.getTask(ThreadPoolExecutor.java:1074)
        at java.util.concurrent.ThreadPoolExecutor.runWorker(ThreadPoolExecutor.java:1134)
        at java.util.concurrent.ThreadPoolExecutor$Worker.run(ThreadPoolExecutor.java:624)
        at java.lang.Thread.run(Thread.java:750)
"BlockDeletingService#1" daemon prio=5 tid=3527 timed_waiting
java.lang.Thread.State: TIMED_WAITING
        at sun.misc.Unsafe.park(Native Method)
        at java.util.concurrent.locks.LockSupport.parkNanos(LockSupport.java:215)
        at java.util.concurrent.locks.AbstractQueuedSynchronizer$ConditionObject.awaitNanos(AbstractQueuedSynchronizer.java:2078)
        at java.util.concurrent.ScheduledThreadPoolExecutor$DelayedWorkQueue.take(ScheduledThreadPoolExecutor.java:1093)
        at java.util.concurrent.ScheduledThreadPoolExecutor$DelayedWorkQueue.take(ScheduledThreadPoolExecutor.java:809)
        at java.util.concurrent.ThreadPoolExecutor.getTask(ThreadPoolExecutor.java:1074)
        at java.util.concurrent.ThreadPoolExecutor.runWorker(ThreadPoolExecutor.java:1134)
        at java.util.concurrent.ThreadPoolExecutor$Worker.run(ThreadPoolExecutor.java:624)
        at java.lang.Thread.run(Thread.java:750)
"IPC Server handler 16 on default port 39657" daemon prio=5 tid=4973 timed_waiting
java.lang.Thread.State: TIMED_WAITING
        at sun.misc.Unsafe.park(Native Method)
        at java.util.concurrent.locks.LockSupport.parkNanos(LockSupport.java:215)
        at java.util.concurrent.locks.AbstractQueuedSynchronizer$ConditionObject.awaitNanos(AbstractQueuedSynchronizer.java:2078)
        at java.util.concurrent.LinkedBlockingQueue.poll(LinkedBlockingQueue.java:467)
        at org.apache.hadoop.ipc.CallQueueManager.take(CallQueueManager.java:317)
        at org.apache.hadoop.ipc.Server$Handler.run(Server.java:2942)
"Datanode ReportManager Thread - 1" daemon prio=5 tid=3309 in Object.wait()
java.lang.Thread.State: WAITING (on object monitor)
        at sun.misc.Unsafe.park(Native Method)
        at java.util.concurrent.locks.LockSupport.park(LockSupport.java:175)
        at java.util.concurrent.locks.AbstractQueuedSynchronizer$ConditionObject.await(AbstractQueuedSynchronizer.java:2039)
        at java.util.concurrent.ScheduledThreadPoolExecutor$DelayedWorkQueue.take(ScheduledThreadPoolExecutor.java:1088)
        at java.util.concurrent.ScheduledThreadPoolExecutor$DelayedWorkQueue.take(ScheduledThreadPoolExecutor.java:809)
        at java.util.concurrent.ThreadPoolExecutor.getTask(ThreadPoolExecutor.java:1074)
        at java.util.concurrent.ThreadPoolExecutor.runWorker(ThreadPoolExecutor.java:1134)
        at java.util.concurrent.ThreadPoolExecutor$Worker.run(ThreadPoolExecutor.java:624)
        at java.lang.Thread.run(Thread.java:750)
"IPC Server listener on 0" daemon prio=5 tid=4750 runnable
java.lang.Thread.State: RUNNABLE
        at sun.nio.ch.EPollArrayWrapper.epollWait(Native Method)
        at sun.nio.ch.EPollArrayWrapper.poll(EPollArrayWrapper.java:269)
        at sun.nio.ch.EPollSelectorImpl.doSelect(EPollSelectorImpl.java:93)
        at sun.nio.ch.SelectorImpl.lockAndDoSelect(SelectorImpl.java:86)
        at sun.nio.ch.SelectorImpl.select(SelectorImpl.java:97)
        at sun.nio.ch.SelectorImpl.select(SelectorImpl.java:101)
        at org.apache.hadoop.ipc.Server$Listener.run(Server.java:1358)
"timer3" daemon prio=5 tid=527 timed_waiting
java.lang.Thread.State: TIMED_WAITING
        at java.lang.Object.wait(Native Method)
        at java.util.TimerThread.mainLoop(Timer.java:552)
        at java.util.TimerThread.run(Timer.java:505)
"StaleRecoveringContainerScrubbingService#2" daemon prio=5 tid=4893 in Object.wait()
java.lang.Thread.State: WAITING (on object monitor)
        at sun.misc.Unsafe.park(Native Method)
        at java.util.concurrent.locks.LockSupport.park(LockSupport.java:175)
        at java.util.concurrent.locks.AbstractQueuedSynchronizer$ConditionObject.await(AbstractQueuedSynchronizer.java:2039)
        at java.util.concurrent.ScheduledThreadPoolExecutor$DelayedWorkQueue.take(ScheduledThreadPoolExecutor.java:1088)
        at java.util.concurrent.ScheduledThreadPoolExecutor$DelayedWorkQueue.take(ScheduledThreadPoolExecutor.java:809)
        at java.util.concurrent.ThreadPoolExecutor.getTask(ThreadPoolExecutor.java:1074)
        at java.util.concurrent.ThreadPoolExecutor.runWorker(ThreadPoolExecutor.java:1134)
        at java.util.concurrent.ThreadPoolExecutor$Worker.run(ThreadPoolExecutor.java:624)
        at java.lang.Thread.run(Thread.java:750)
"ea04acba-2572-4ce4-bec1-b0e6c6418c45-server-thread2" daemon prio=5 tid=5612 timed_waiting
java.lang.Thread.State: TIMED_WAITING
        at sun.misc.Unsafe.park(Native Method)
        at java.util.concurrent.locks.LockSupport.parkNanos(LockSupport.java:215)
        at java.util.concurrent.SynchronousQueue$TransferStack.awaitFulfill(SynchronousQueue.java:460)
        at java.util.concurrent.SynchronousQueue$TransferStack.transfer(SynchronousQueue.java:362)
        at java.util.concurrent.SynchronousQueue.poll(SynchronousQueue.java:941)
        at java.util.concurrent.ThreadPoolExecutor.getTask(ThreadPoolExecutor.java:1073)
        at java.util.concurrent.ThreadPoolExecutor.runWorker(ThreadPoolExecutor.java:1134)
        at java.util.concurrent.ThreadPoolExecutor$Worker.run(ThreadPoolExecutor.java:624)
        at java.lang.Thread.run(Thread.java:750)
"Datanode ReportManager Thread - 0" daemon prio=5 tid=5032 in Object.wait()
java.lang.Thread.State: WAITING (on object monitor)
        at sun.misc.Unsafe.park(Native Method)
        at java.util.concurrent.locks.LockSupport.park(LockSupport.java:175)
        at java.util.concurrent.locks.AbstractQueuedSynchronizer$ConditionObject.await(AbstractQueuedSynchronizer.java:2039)
        at java.util.concurrent.ScheduledThreadPoolExecutor$DelayedWorkQueue.take(ScheduledThreadPoolExecutor.java:1088)
        at java.util.concurrent.ScheduledThreadPoolExecutor$DelayedWorkQueue.take(ScheduledThreadPoolExecutor.java:809)
        at java.util.concurrent.ThreadPoolExecutor.getTask(ThreadPoolExecutor.java:1074)
        at java.util.concurrent.ThreadPoolExecutor.runWorker(ThreadPoolExecutor.java:1134)
        at java.util.concurrent.ThreadPoolExecutor$Worker.run(ThreadPoolExecutor.java:624)
        at java.lang.Thread.run(Thread.java:750)
"Datanode ReportManager Thread - 0" daemon prio=5 tid=4351 timed_waiting
java.lang.Thread.State: TIMED_WAITING
        at sun.misc.Unsafe.park(Native Method)
        at java.util.concurrent.locks.LockSupport.parkNanos(LockSupport.java:215)
        at java.util.concurrent.locks.AbstractQueuedSynchronizer$ConditionObject.awaitNanos(AbstractQueuedSynchronizer.java:2078)
        at java.util.concurrent.ScheduledThreadPoolExecutor$DelayedWorkQueue.take(ScheduledThreadPoolExecutor.java:1093)
        at java.util.concurrent.ScheduledThreadPoolExecutor$DelayedWorkQueue.take(ScheduledThreadPoolExecutor.java:809)
        at java.util.concurrent.ThreadPoolExecutor.getTask(ThreadPoolExecutor.java:1074)
        at java.util.concurrent.ThreadPoolExecutor.runWorker(ThreadPoolExecutor.java:1134)
        at java.util.concurrent.ThreadPoolExecutor$Worker.run(ThreadPoolExecutor.java:624)
        at java.lang.Thread.run(Thread.java:750)
"ec62b457-0040-4e07-85ab-e1dde9d29779@group-CBE126E451E1-SegmentedRaftLogWorker"  prio=5 tid=5422 timed_waiting
java.lang.Thread.State: TIMED_WAITING
        at sun.misc.Unsafe.park(Native Method)
        at java.util.concurrent.locks.LockSupport.parkNanos(LockSupport.java:215)
        at java.util.concurrent.locks.AbstractQueuedSynchronizer$ConditionObject.awaitNanos(AbstractQueuedSynchronizer.java:2078)
        at org.apache.ratis.util.DataBlockingQueue.poll(DataBlockingQueue.java:148)
        at org.apache.ratis.server.raftlog.segmented.SegmentedRaftLogWorker.run(SegmentedRaftLogWorker.java:310)
        at org.apache.ratis.server.raftlog.segmented.SegmentedRaftLogWorker$$Lambda$699/1369416112.run(Unknown Source)
        at java.lang.Thread.run(Thread.java:750)
"om1@group-C5BA1605619E-StateMachineUpdater" daemon prio=5 tid=3981 timed_waiting
java.lang.Thread.State: TIMED_WAITING
        at sun.misc.Unsafe.park(Native Method)
        at java.util.concurrent.locks.LockSupport.parkNanos(LockSupport.java:215)
        at java.util.concurrent.CompletableFuture$Signaller.block(CompletableFuture.java:1709)
        at java.util.concurrent.ForkJoinPool.managedBlock(ForkJoinPool.java:3323)
        at java.util.concurrent.CompletableFuture.timedGet(CompletableFuture.java:1788)
        at java.util.concurrent.CompletableFuture.get(CompletableFuture.java:1928)
        at org.apache.ratis.util.AwaitForSignal.await(AwaitForSignal.java:56)
        at org.apache.ratis.server.impl.StateMachineUpdater.waitForCommit(StateMachineUpdater.java:207)
        at org.apache.ratis.server.impl.StateMachineUpdater.run(StateMachineUpdater.java:176)
        at java.lang.Thread.run(Thread.java:750)
"5f7ad737-403f-4287-b3fb-a8d838b89ff3@group-2D1F402832AD-FollowerState" daemon prio=5 tid=3643 timed_waiting
java.lang.Thread.State: TIMED_WAITING
        at java.lang.Thread.sleep(Native Method)
        at java.lang.Thread.sleep(Thread.java:342)
        at java.util.concurrent.TimeUnit.sleep(TimeUnit.java:386)
        at org.apache.ratis.util.TimeDuration.sleep(TimeDuration.java:325)
        at org.apache.ratis.util.TimeDuration.sleep(TimeDuration.java:310)
        at org.apache.ratis.server.impl.FollowerState.run(FollowerState.java:128)
"qtp194861159-3380" daemon prio=5 tid=3380 runnable
java.lang.Thread.State: RUNNABLE
        at sun.nio.ch.EPollArrayWrapper.epollWait(Native Method)
        at sun.nio.ch.EPollArrayWrapper.poll(EPollArrayWrapper.java:269)
        at sun.nio.ch.EPollSelectorImpl.doSelect(EPollSelectorImpl.java:93)
        at sun.nio.ch.SelectorImpl.lockAndDoSelect(SelectorImpl.java:86)
        at sun.nio.ch.SelectorImpl.select(SelectorImpl.java:97)
        at sun.nio.ch.SelectorImpl.select(SelectorImpl.java:101)
        at org.eclipse.jetty.io.ManagedSelector.nioSelect(ManagedSelector.java:183)
        at org.eclipse.jetty.io.ManagedSelector.select(ManagedSelector.java:190)
        at org.eclipse.jetty.io.ManagedSelector$SelectorProducer.select(ManagedSelector.java:606)
        at org.eclipse.jetty.io.ManagedSelector$SelectorProducer.produce(ManagedSelector.java:543)
        at org.eclipse.jetty.util.thread.strategy.EatWhatYouKill.produceTask(EatWhatYouKill.java:362)
        at org.eclipse.jetty.util.thread.strategy.EatWhatYouKill.doProduce(EatWhatYouKill.java:186)
        at org.eclipse.jetty.util.thread.strategy.EatWhatYouKill.tryProduce(EatWhatYouKill.java:173)
        at org.eclipse.jetty.util.thread.strategy.EatWhatYouKill.produce(EatWhatYouKill.java:137)
        at org.eclipse.jetty.io.ManagedSelector$$Lambda$480/1445512345.run(Unknown Source)
        at org.eclipse.jetty.util.thread.QueuedThreadPool.runJob(QueuedThreadPool.java:883)
        at org.eclipse.jetty.util.thread.QueuedThreadPool$Runner.run(QueuedThreadPool.java:1034)
        at java.lang.Thread.run(Thread.java:750)
"BlockDeletingService#0" daemon prio=5 tid=4442 in Object.wait()
java.lang.Thread.State: WAITING (on object monitor)
        at sun.misc.Unsafe.park(Native Method)
        at java.util.concurrent.locks.LockSupport.park(LockSupport.java:175)
        at java.util.concurrent.locks.AbstractQueuedSynchronizer$ConditionObject.await(AbstractQueuedSynchronizer.java:2039)
        at java.util.concurrent.ScheduledThreadPoolExecutor$DelayedWorkQueue.take(ScheduledThreadPoolExecutor.java:1088)
        at java.util.concurrent.ScheduledThreadPoolExecutor$DelayedWorkQueue.take(ScheduledThreadPoolExecutor.java:809)
        at java.util.concurrent.ThreadPoolExecutor.getTask(ThreadPoolExecutor.java:1074)
        at java.util.concurrent.ThreadPoolExecutor.runWorker(ThreadPoolExecutor.java:1134)
        at java.util.concurrent.ThreadPoolExecutor$Worker.run(ThreadPoolExecutor.java:624)
        at java.lang.Thread.run(Thread.java:750)
"qtp97707647-5136" daemon prio=5 tid=5136 runnable
java.lang.Thread.State: RUNNABLE
        at sun.nio.ch.EPollArrayWrapper.epollWait(Native Method)
        at sun.nio.ch.EPollArrayWrapper.poll(EPollArrayWrapper.java:269)
        at sun.nio.ch.EPollSelectorImpl.doSelect(EPollSelectorImpl.java:93)
        at sun.nio.ch.SelectorImpl.lockAndDoSelect(SelectorImpl.java:86)
        at sun.nio.ch.SelectorImpl.select(SelectorImpl.java:97)
        at sun.nio.ch.SelectorImpl.select(SelectorImpl.java:101)
        at org.eclipse.jetty.io.ManagedSelector.nioSelect(ManagedSelector.java:183)
        at org.eclipse.jetty.io.ManagedSelector.select(ManagedSelector.java:190)
        at org.eclipse.jetty.io.ManagedSelector$SelectorProducer.select(ManagedSelector.java:606)
        at org.eclipse.jetty.io.ManagedSelector$SelectorProducer.produce(ManagedSelector.java:543)
        at org.eclipse.jetty.util.thread.strategy.EatWhatYouKill.produceTask(EatWhatYouKill.java:362)
        at org.eclipse.jetty.util.thread.strategy.EatWhatYouKill.doProduce(EatWhatYouKill.java:186)
        at org.eclipse.jetty.util.thread.strategy.EatWhatYouKill.tryProduce(EatWhatYouKill.java:173)
        at org.eclipse.jetty.util.thread.strategy.EatWhatYouKill.produce(EatWhatYouKill.java:137)
        at org.eclipse.jetty.io.ManagedSelector$$Lambda$480/1445512345.run(Unknown Source)
        at org.eclipse.jetty.util.thread.QueuedThreadPool.runJob(QueuedThreadPool.java:883)
        at org.eclipse.jetty.util.thread.QueuedThreadPool$Runner.run(QueuedThreadPool.java:1034)
        at java.lang.Thread.run(Thread.java:750)
"PartialTableCache Cleanup Thread - 0" daemon prio=5 tid=4706 in Object.wait()
java.lang.Thread.State: WAITING (on object monitor)
        at sun.misc.Unsafe.park(Native Method)
        at java.util.concurrent.locks.LockSupport.park(LockSupport.java:175)
        at java.util.concurrent.locks.AbstractQueuedSynchronizer$ConditionObject.await(AbstractQueuedSynchronizer.java:2039)
        at java.util.concurrent.LinkedBlockingQueue.take(LinkedBlockingQueue.java:442)
        at java.util.concurrent.ThreadPoolExecutor.getTask(ThreadPoolExecutor.java:1074)
        at java.util.concurrent.ThreadPoolExecutor.runWorker(ThreadPoolExecutor.java:1134)
        at java.util.concurrent.ThreadPoolExecutor$Worker.run(ThreadPoolExecutor.java:624)
        at java.lang.Thread.run(Thread.java:750)
"IPC Server listener on 0" daemon prio=5 tid=3731 runnable
java.lang.Thread.State: RUNNABLE
        at sun.nio.ch.EPollArrayWrapper.epollWait(Native Method)
        at sun.nio.ch.EPollArrayWrapper.poll(EPollArrayWrapper.java:269)
        at sun.nio.ch.EPollSelectorImpl.doSelect(EPollSelectorImpl.java:93)
        at sun.nio.ch.SelectorImpl.lockAndDoSelect(SelectorImpl.java:86)
        at sun.nio.ch.SelectorImpl.select(SelectorImpl.java:97)
        at sun.nio.ch.SelectorImpl.select(SelectorImpl.java:101)
        at org.apache.hadoop.ipc.Server$Listener.run(Server.java:1358)
"IPC Server handler 18 on default port 45267" daemon prio=5 tid=5526 timed_waiting
java.lang.Thread.State: TIMED_WAITING
        at sun.misc.Unsafe.park(Native Method)
        at java.util.concurrent.locks.LockSupport.parkNanos(LockSupport.java:215)
        at java.util.concurrent.locks.AbstractQueuedSynchronizer$ConditionObject.awaitNanos(AbstractQueuedSynchronizer.java:2078)
        at java.util.concurrent.LinkedBlockingQueue.poll(LinkedBlockingQueue.java:467)
        at org.apache.hadoop.ipc.CallQueueManager.take(CallQueueManager.java:317)
        at org.apache.hadoop.ipc.Server$Handler.run(Server.java:2942)
"Datanode ReportManager Thread - 2" daemon prio=5 tid=5062 in Object.wait()
java.lang.Thread.State: WAITING (on object monitor)
        at sun.misc.Unsafe.park(Native Method)
        at java.util.concurrent.locks.LockSupport.park(LockSupport.java:175)
        at java.util.concurrent.locks.AbstractQueuedSynchronizer$ConditionObject.await(AbstractQueuedSynchronizer.java:2039)
        at java.util.concurrent.ScheduledThreadPoolExecutor$DelayedWorkQueue.take(ScheduledThreadPoolExecutor.java:1088)
        at java.util.concurrent.ScheduledThreadPoolExecutor$DelayedWorkQueue.take(ScheduledThreadPoolExecutor.java:809)
        at java.util.concurrent.ThreadPoolExecutor.getTask(ThreadPoolExecutor.java:1074)
        at java.util.concurrent.ThreadPoolExecutor.runWorker(ThreadPoolExecutor.java:1134)
        at java.util.concurrent.ThreadPoolExecutor$Worker.run(ThreadPoolExecutor.java:624)
        at java.lang.Thread.run(Thread.java:750)
"IPC Server handler 17 on default port 36003" daemon prio=5 tid=4807 timed_waiting
java.lang.Thread.State: TIMED_WAITING
        at sun.misc.Unsafe.park(Native Method)
        at java.util.concurrent.locks.LockSupport.parkNanos(LockSupport.java:215)
        at java.util.concurrent.locks.AbstractQueuedSynchronizer$ConditionObject.awaitNanos(AbstractQueuedSynchronizer.java:2078)
        at java.util.concurrent.LinkedBlockingQueue.poll(LinkedBlockingQueue.java:467)
        at org.apache.hadoop.ipc.CallQueueManager.take(CallQueueManager.java:317)
        at org.apache.hadoop.ipc.Server$Handler.run(Server.java:2942)
"FixedThreadPoolWithAffinityExecutor-4-0" daemon prio=5 tid=4758 timed_waiting
java.lang.Thread.State: TIMED_WAITING
        at sun.misc.Unsafe.park(Native Method)
        at java.util.concurrent.locks.LockSupport.parkNanos(LockSupport.java:215)
        at java.util.concurrent.locks.AbstractQueuedSynchronizer$ConditionObject.awaitNanos(AbstractQueuedSynchronizer.java:2078)
        at java.util.concurrent.LinkedBlockingQueue.poll(LinkedBlockingQueue.java:467)
        at org.apache.hadoop.hdds.scm.server.ContainerReportQueue.poll(ContainerReportQueue.java:266)
        at org.apache.hadoop.hdds.scm.server.ContainerReportQueue.poll(ContainerReportQueue.java:42)
        at org.apache.hadoop.hdds.server.events.FixedThreadPoolWithAffinityExecutor$ContainerReportProcessTask.run(FixedThreadPoolWithAffinityExecutor.java:248)
        at java.util.concurrent.Executors$RunnableAdapter.call(Executors.java:511)
        at java.util.concurrent.FutureTask.run(FutureTask.java:266)
        at java.util.concurrent.ThreadPoolExecutor.runWorker(ThreadPoolExecutor.java:1149)
        at java.util.concurrent.ThreadPoolExecutor$Worker.run(ThreadPoolExecutor.java:624)
        at java.lang.Thread.run(Thread.java:750)
"ExpiredContainerReplicaOpScrubberThread" daemon prio=5 tid=4735 timed_waiting
java.lang.Thread.State: TIMED_WAITING
        at java.lang.Object.wait(Native Method)
        at org.apache.hadoop.hdds.scm.ha.BackgroundSCMService.run(BackgroundSCMService.java:110)
        at org.apache.hadoop.hdds.scm.ha.BackgroundSCMService$$Lambda$409/140091744.run(Unknown Source)
        at java.lang.Thread.run(Thread.java:750)
"IPC Server handler 13 on default port 34157" daemon prio=5 tid=4024 timed_waiting
java.lang.Thread.State: TIMED_WAITING
        at sun.misc.Unsafe.park(Native Method)
        at java.util.concurrent.locks.LockSupport.parkNanos(LockSupport.java:215)
        at java.util.concurrent.locks.AbstractQueuedSynchronizer$ConditionObject.awaitNanos(AbstractQueuedSynchronizer.java:2078)
        at java.util.concurrent.LinkedBlockingQueue.poll(LinkedBlockingQueue.java:467)
        at org.apache.hadoop.ipc.CallQueueManager.take(CallQueueManager.java:317)
        at org.apache.hadoop.ipc.Server$Handler.run(Server.java:2942)
"om1@group-C5BA1605619E-SegmentedRaftLogWorker"  prio=5 tid=4939 timed_waiting
java.lang.Thread.State: TIMED_WAITING
        at sun.misc.Unsafe.park(Native Method)
        at java.util.concurrent.locks.LockSupport.parkNanos(LockSupport.java:215)
        at java.util.concurrent.locks.AbstractQueuedSynchronizer$ConditionObject.awaitNanos(AbstractQueuedSynchronizer.java:2078)
        at org.apache.ratis.util.DataBlockingQueue.poll(DataBlockingQueue.java:148)
        at org.apache.ratis.server.raftlog.segmented.SegmentedRaftLogWorker.run(SegmentedRaftLogWorker.java:310)
        at org.apache.ratis.server.raftlog.segmented.SegmentedRaftLogWorker$$Lambda$699/1369416112.run(Unknown Source)
        at java.lang.Thread.run(Thread.java:750)
"IPC Server handler 3 on default port 34529" daemon prio=5 tid=5531 timed_waiting
java.lang.Thread.State: TIMED_WAITING
        at sun.misc.Unsafe.park(Native Method)
        at java.util.concurrent.locks.LockSupport.parkNanos(LockSupport.java:215)
        at java.util.concurrent.locks.AbstractQueuedSynchronizer$ConditionObject.awaitNanos(AbstractQueuedSynchronizer.java:2078)
        at java.util.concurrent.LinkedBlockingQueue.poll(LinkedBlockingQueue.java:467)
        at org.apache.hadoop.ipc.CallQueueManager.take(CallQueueManager.java:317)
        at org.apache.hadoop.ipc.Server$Handler.run(Server.java:2942)
"IPC Server handler 18 on default port 39603" daemon prio=5 tid=3780 timed_waiting
java.lang.Thread.State: TIMED_WAITING
        at sun.misc.Unsafe.park(Native Method)
        at java.util.concurrent.locks.LockSupport.parkNanos(LockSupport.java:215)
        at java.util.concurrent.locks.AbstractQueuedSynchronizer$ConditionObject.awaitNanos(AbstractQueuedSynchronizer.java:2078)
        at java.util.concurrent.LinkedBlockingQueue.poll(LinkedBlockingQueue.java:467)
        at org.apache.hadoop.ipc.CallQueueManager.take(CallQueueManager.java:317)
        at org.apache.hadoop.ipc.Server$Handler.run(Server.java:2942)
"ChunkWriter-0-0" daemon prio=5 tid=4379 in Object.wait()
java.lang.Thread.State: WAITING (on object monitor)
        at sun.misc.Unsafe.park(Native Method)
        at java.util.concurrent.locks.LockSupport.park(LockSupport.java:175)
        at java.util.concurrent.locks.AbstractQueuedSynchronizer$ConditionObject.await(AbstractQueuedSynchronizer.java:2039)
        at java.util.concurrent.LinkedBlockingDeque.takeFirst(LinkedBlockingDeque.java:492)
        at java.util.concurrent.LinkedBlockingDeque.take(LinkedBlockingDeque.java:680)
        at java.util.concurrent.ThreadPoolExecutor.getTask(ThreadPoolExecutor.java:1074)
        at java.util.concurrent.ThreadPoolExecutor.runWorker(ThreadPoolExecutor.java:1134)
        at java.util.concurrent.ThreadPoolExecutor$Worker.run(ThreadPoolExecutor.java:624)
        at java.lang.Thread.run(Thread.java:750)
"FixedThreadPoolWithAffinityExecutor-2-0" daemon prio=5 tid=3745 timed_waiting
java.lang.Thread.State: TIMED_WAITING
        at sun.misc.Unsafe.park(Native Method)
        at java.util.concurrent.locks.LockSupport.parkNanos(LockSupport.java:215)
        at java.util.concurrent.locks.AbstractQueuedSynchronizer$ConditionObject.awaitNanos(AbstractQueuedSynchronizer.java:2078)
        at java.util.concurrent.LinkedBlockingQueue.poll(LinkedBlockingQueue.java:467)
        at org.apache.hadoop.hdds.scm.server.ContainerReportQueue.poll(ContainerReportQueue.java:266)
        at org.apache.hadoop.hdds.scm.server.ContainerReportQueue.poll(ContainerReportQueue.java:42)
        at org.apache.hadoop.hdds.server.events.FixedThreadPoolWithAffinityExecutor$ContainerReportProcessTask.run(FixedThreadPoolWithAffinityExecutor.java:248)
        at java.util.concurrent.Executors$RunnableAdapter.call(Executors.java:511)
        at java.util.concurrent.FutureTask.run(FutureTask.java:266)
        at java.util.concurrent.ThreadPoolExecutor.runWorker(ThreadPoolExecutor.java:1149)
        at java.util.concurrent.ThreadPoolExecutor$Worker.run(ThreadPoolExecutor.java:624)
        at java.lang.Thread.run(Thread.java:750)
"ChunkWriter-2-0" daemon prio=5 tid=5392 in Object.wait()
java.lang.Thread.State: WAITING (on object monitor)
        at sun.misc.Unsafe.park(Native Method)
        at java.util.concurrent.locks.LockSupport.park(LockSupport.java:175)
        at java.util.concurrent.locks.AbstractQueuedSynchronizer$ConditionObject.await(AbstractQueuedSynchronizer.java:2039)
        at java.util.concurrent.LinkedBlockingDeque.takeFirst(LinkedBlockingDeque.java:492)
        at java.util.concurrent.LinkedBlockingDeque.take(LinkedBlockingDeque.java:680)
        at java.util.concurrent.ThreadPoolExecutor.getTask(ThreadPoolExecutor.java:1074)
        at java.util.concurrent.ThreadPoolExecutor.runWorker(ThreadPoolExecutor.java:1134)
        at java.util.concurrent.ThreadPoolExecutor$Worker.run(ThreadPoolExecutor.java:624)
        at java.lang.Thread.run(Thread.java:750)
"StaleRecoveringContainerScrubbingService#0" daemon prio=5 tid=4443 in Object.wait()
java.lang.Thread.State: WAITING (on object monitor)
        at sun.misc.Unsafe.park(Native Method)
        at java.util.concurrent.locks.LockSupport.park(LockSupport.java:175)
        at java.util.concurrent.locks.AbstractQueuedSynchronizer$ConditionObject.await(AbstractQueuedSynchronizer.java:2039)
        at java.util.concurrent.ScheduledThreadPoolExecutor$DelayedWorkQueue.take(ScheduledThreadPoolExecutor.java:1088)
        at java.util.concurrent.ScheduledThreadPoolExecutor$DelayedWorkQueue.take(ScheduledThreadPoolExecutor.java:809)
        at java.util.concurrent.ThreadPoolExecutor.getTask(ThreadPoolExecutor.java:1074)
        at java.util.concurrent.ThreadPoolExecutor.runWorker(ThreadPoolExecutor.java:1134)
        at java.util.concurrent.ThreadPoolExecutor$Worker.run(ThreadPoolExecutor.java:624)
        at java.lang.Thread.run(Thread.java:750)
"ReplicationMonitor" daemon prio=5 tid=4736 timed_waiting
java.lang.Thread.State: TIMED_WAITING
        at java.lang.Object.wait(Native Method)
        at org.apache.hadoop.hdds.scm.container.replication.ReplicationManager.run(ReplicationManager.java:602)
        at org.apache.hadoop.hdds.scm.container.replication.ReplicationManager$$Lambda$416/1644827479.run(Unknown Source)
        at java.lang.Thread.run(Thread.java:750)
"org.apache.hadoop.util.JvmPauseMonitor$Monitor@21bb1480" daemon prio=5 tid=3825 timed_waiting
java.lang.Thread.State: TIMED_WAITING
        at java.lang.Thread.sleep(Native Method)
        at org.apache.hadoop.util.JvmPauseMonitor$Monitor.run(JvmPauseMonitor.java:192)
        at java.lang.Thread.run(Thread.java:750)
"BlockDeletingService#1" daemon prio=5 tid=3474 timed_waiting
java.lang.Thread.State: TIMED_WAITING
        at sun.misc.Unsafe.park(Native Method)
        at java.util.concurrent.locks.LockSupport.parkNanos(LockSupport.java:215)
        at java.util.concurrent.locks.AbstractQueuedSynchronizer$ConditionObject.awaitNanos(AbstractQueuedSynchronizer.java:2078)
        at java.util.concurrent.ScheduledThreadPoolExecutor$DelayedWorkQueue.take(ScheduledThreadPoolExecutor.java:1093)
        at java.util.concurrent.ScheduledThreadPoolExecutor$DelayedWorkQueue.take(ScheduledThreadPoolExecutor.java:809)
        at java.util.concurrent.ThreadPoolExecutor.getTask(ThreadPoolExecutor.java:1074)
        at java.util.concurrent.ThreadPoolExecutor.runWorker(ThreadPoolExecutor.java:1134)
        at java.util.concurrent.ThreadPoolExecutor$Worker.run(ThreadPoolExecutor.java:624)
        at java.lang.Thread.run(Thread.java:750)
"JvmPauseMonitor52" daemon prio=5 tid=5152 timed_waiting
java.lang.Thread.State: TIMED_WAITING
        at java.lang.Thread.sleep(Native Method)
        at java.lang.Thread.sleep(Thread.java:342)
        at java.util.concurrent.TimeUnit.sleep(TimeUnit.java:386)
        at org.apache.ratis.util.TimeDuration.sleep(TimeDuration.java:325)
        at org.apache.ratis.util.TimeDuration.sleep(TimeDuration.java:310)
        at org.apache.ratis.util.JvmPauseMonitor.detectPause(JvmPauseMonitor.java:119)
        at org.apache.ratis.util.JvmPauseMonitor.run(JvmPauseMonitor.java:108)
        at org.apache.ratis.util.JvmPauseMonitor$$Lambda$740/1979406568.run(Unknown Source)
        at java.lang.Thread.run(Thread.java:750)
"pool-1833-thread-1"  prio=5 tid=3891 in Object.wait()
java.lang.Thread.State: WAITING (on object monitor)
        at sun.misc.Unsafe.park(Native Method)
        at java.util.concurrent.locks.LockSupport.park(LockSupport.java:175)
        at java.util.concurrent.locks.AbstractQueuedSynchronizer$ConditionObject.await(AbstractQueuedSynchronizer.java:2039)
        at java.util.concurrent.LinkedBlockingQueue.take(LinkedBlockingQueue.java:442)
        at java.util.concurrent.ThreadPoolExecutor.getTask(ThreadPoolExecutor.java:1074)
        at java.util.concurrent.ThreadPoolExecutor.runWorker(ThreadPoolExecutor.java:1134)
        at java.util.concurrent.ThreadPoolExecutor$Worker.run(ThreadPoolExecutor.java:624)
        at java.lang.Thread.run(Thread.java:750)
"IPC Server handler 13 on default port 35159" daemon prio=5 tid=4783 timed_waiting
java.lang.Thread.State: TIMED_WAITING
        at sun.misc.Unsafe.park(Native Method)
        at java.util.concurrent.locks.LockSupport.parkNanos(LockSupport.java:215)
        at java.util.concurrent.locks.AbstractQueuedSynchronizer$ConditionObject.awaitNanos(AbstractQueuedSynchronizer.java:2078)
        at java.util.concurrent.LinkedBlockingQueue.poll(LinkedBlockingQueue.java:467)
        at org.apache.hadoop.ipc.CallQueueManager.take(CallQueueManager.java:317)
        at org.apache.hadoop.ipc.Server$Handler.run(Server.java:2942)
"5f7ad737-403f-4287-b3fb-a8d838b89ff3@group-2D1F402832AD-SegmentedRaftLogWorker"  prio=5 tid=3577 timed_waiting
java.lang.Thread.State: TIMED_WAITING
        at sun.misc.Unsafe.park(Native Method)
        at java.util.concurrent.locks.LockSupport.parkNanos(LockSupport.java:215)
        at java.util.concurrent.locks.AbstractQueuedSynchronizer$ConditionObject.awaitNanos(AbstractQueuedSynchronizer.java:2078)
        at org.apache.ratis.util.DataBlockingQueue.poll(DataBlockingQueue.java:148)
        at org.apache.ratis.server.raftlog.segmented.SegmentedRaftLogWorker.run(SegmentedRaftLogWorker.java:310)
        at org.apache.ratis.server.raftlog.segmented.SegmentedRaftLogWorker$$Lambda$699/1369416112.run(Unknown Source)
        at java.lang.Thread.run(Thread.java:750)
"IPC Server idle connection scanner for port 36003" daemon prio=5 tid=4748 timed_waiting
java.lang.Thread.State: TIMED_WAITING
        at java.lang.Object.wait(Native Method)
        at java.util.TimerThread.mainLoop(Timer.java:552)
        at java.util.TimerThread.run(Timer.java:505)
"org.apache.hadoop.ozone.container.common.statemachine.commandhandler.DeleteBlocksCommandHandler$DeleteCmdWorker@4bfde8a0" daemon prio=5 tid=5102 timed_waiting
java.lang.Thread.State: TIMED_WAITING
        at java.lang.Thread.sleep(Native Method)
        at org.apache.hadoop.ozone.container.common.statemachine.commandhandler.DeleteBlocksCommandHandler$DeleteCmdWorker.run(DeleteBlocksCommandHandler.java:184)
        at java.lang.Thread.run(Thread.java:750)
"Datanode State Machine Task Thread - 1"  prio=5 tid=5305 in Object.wait()
java.lang.Thread.State: WAITING (on object monitor)
        at sun.misc.Unsafe.park(Native Method)
        at java.util.concurrent.locks.LockSupport.park(LockSupport.java:175)
        at java.util.concurrent.locks.AbstractQueuedSynchronizer$ConditionObject.await(AbstractQueuedSynchronizer.java:2039)
        at java.util.concurrent.LinkedBlockingQueue.take(LinkedBlockingQueue.java:442)
        at java.util.concurrent.ThreadPoolExecutor.getTask(ThreadPoolExecutor.java:1074)
        at java.util.concurrent.ThreadPoolExecutor.runWorker(ThreadPoolExecutor.java:1134)
        at java.util.concurrent.ThreadPoolExecutor$Worker.run(ThreadPoolExecutor.java:624)
        at java.lang.Thread.run(Thread.java:750)
"EndpointStateMachine task thread for /0.0.0.0:40433 - 0 "  prio=5 tid=5206 in Object.wait()
java.lang.Thread.State: WAITING (on object monitor)
        at sun.misc.Unsafe.park(Native Method)
        at java.util.concurrent.locks.LockSupport.park(LockSupport.java:175)
        at java.util.concurrent.locks.AbstractQueuedSynchronizer$ConditionObject.await(AbstractQueuedSynchronizer.java:2039)
        at java.util.concurrent.LinkedBlockingQueue.take(LinkedBlockingQueue.java:442)
        at java.util.concurrent.ThreadPoolExecutor.getTask(ThreadPoolExecutor.java:1074)
        at java.util.concurrent.ThreadPoolExecutor.runWorker(ThreadPoolExecutor.java:1134)
        at java.util.concurrent.ThreadPoolExecutor$Worker.run(ThreadPoolExecutor.java:624)
        at java.lang.Thread.run(Thread.java:750)
"StaleRecoveringContainerScrubbingService#0" daemon prio=5 tid=3451 in Object.wait()
java.lang.Thread.State: WAITING (on object monitor)
        at sun.misc.Unsafe.park(Native Method)
        at java.util.concurrent.locks.LockSupport.park(LockSupport.java:175)
        at java.util.concurrent.locks.AbstractQueuedSynchronizer$ConditionObject.await(AbstractQueuedSynchronizer.java:2039)
        at java.util.concurrent.ScheduledThreadPoolExecutor$DelayedWorkQueue.take(ScheduledThreadPoolExecutor.java:1088)
        at java.util.concurrent.ScheduledThreadPoolExecutor$DelayedWorkQueue.take(ScheduledThreadPoolExecutor.java:809)
        at java.util.concurrent.ThreadPoolExecutor.getTask(ThreadPoolExecutor.java:1074)
        at java.util.concurrent.ThreadPoolExecutor.runWorker(ThreadPoolExecutor.java:1134)
        at java.util.concurrent.ThreadPoolExecutor$Worker.run(ThreadPoolExecutor.java:624)
        at java.lang.Thread.run(Thread.java:750)
"pool-2559-thread-1"  prio=5 tid=5445 in Object.wait()
java.lang.Thread.State: WAITING (on object monitor)
        at sun.misc.Unsafe.park(Native Method)
        at java.util.concurrent.locks.LockSupport.park(LockSupport.java:175)
        at java.util.concurrent.locks.AbstractQueuedSynchronizer$ConditionObject.await(AbstractQueuedSynchronizer.java:2039)
        at java.util.concurrent.LinkedBlockingQueue.take(LinkedBlockingQueue.java:442)
        at java.util.concurrent.ThreadPoolExecutor.getTask(ThreadPoolExecutor.java:1074)
        at java.util.concurrent.ThreadPoolExecutor.runWorker(ThreadPoolExecutor.java:1134)
        at java.util.concurrent.ThreadPoolExecutor$Worker.run(ThreadPoolExecutor.java:624)
        at java.lang.Thread.run(Thread.java:750)
"ChunkWriter-0-0" daemon prio=5 tid=3549 in Object.wait()
java.lang.Thread.State: WAITING (on object monitor)
        at sun.misc.Unsafe.park(Native Method)
        at java.util.concurrent.locks.LockSupport.park(LockSupport.java:175)
        at java.util.concurrent.locks.AbstractQueuedSynchronizer$ConditionObject.await(AbstractQueuedSynchronizer.java:2039)
        at java.util.concurrent.LinkedBlockingDeque.takeFirst(LinkedBlockingDeque.java:492)
        at java.util.concurrent.LinkedBlockingDeque.take(LinkedBlockingDeque.java:680)
        at java.util.concurrent.ThreadPoolExecutor.getTask(ThreadPoolExecutor.java:1074)
        at java.util.concurrent.ThreadPoolExecutor.runWorker(ThreadPoolExecutor.java:1134)
        at java.util.concurrent.ThreadPoolExecutor$Worker.run(ThreadPoolExecutor.java:624)
        at java.lang.Thread.run(Thread.java:750)
"JvmPauseMonitor40" daemon prio=5 tid=3553 timed_waiting
java.lang.Thread.State: TIMED_WAITING
        at java.lang.Thread.sleep(Native Method)
        at java.lang.Thread.sleep(Thread.java:342)
        at java.util.concurrent.TimeUnit.sleep(TimeUnit.java:386)
        at org.apache.ratis.util.TimeDuration.sleep(TimeDuration.java:325)
        at org.apache.ratis.util.TimeDuration.sleep(TimeDuration.java:310)
        at org.apache.ratis.util.JvmPauseMonitor.detectPause(JvmPauseMonitor.java:119)
        at org.apache.ratis.util.JvmPauseMonitor.run(JvmPauseMonitor.java:108)
        at org.apache.ratis.util.JvmPauseMonitor$$Lambda$740/1979406568.run(Unknown Source)
        at java.lang.Thread.run(Thread.java:750)
"Datanode ReportManager Thread - 4" daemon prio=5 tid=5010 timed_waiting
java.lang.Thread.State: TIMED_WAITING
        at sun.misc.Unsafe.park(Native Method)
        at java.util.concurrent.locks.LockSupport.parkNanos(LockSupport.java:215)
        at java.util.concurrent.locks.AbstractQueuedSynchronizer$ConditionObject.awaitNanos(AbstractQueuedSynchronizer.java:2078)
        at java.util.concurrent.ScheduledThreadPoolExecutor$DelayedWorkQueue.take(ScheduledThreadPoolExecutor.java:1093)
        at java.util.concurrent.ScheduledThreadPoolExecutor$DelayedWorkQueue.take(ScheduledThreadPoolExecutor.java:809)
        at java.util.concurrent.ThreadPoolExecutor.getTask(ThreadPoolExecutor.java:1074)
        at java.util.concurrent.ThreadPoolExecutor.runWorker(ThreadPoolExecutor.java:1134)
        at java.util.concurrent.ThreadPoolExecutor$Worker.run(ThreadPoolExecutor.java:624)
        at java.lang.Thread.run(Thread.java:750)
"IPC Server handler 19 on default port 36157" daemon prio=5 tid=5567 timed_waiting
java.lang.Thread.State: TIMED_WAITING
        at sun.misc.Unsafe.park(Native Method)
        at java.util.concurrent.locks.LockSupport.parkNanos(LockSupport.java:215)
        at java.util.concurrent.locks.AbstractQueuedSynchronizer$ConditionObject.awaitNanos(AbstractQueuedSynchronizer.java:2078)
        at java.util.concurrent.LinkedBlockingQueue.poll(LinkedBlockingQueue.java:467)
        at org.apache.hadoop.ipc.CallQueueManager.take(CallQueueManager.java:317)
        at org.apache.hadoop.ipc.Server$Handler.run(Server.java:2942)
"qtp97707647-5137-acceptor-0@fbc83da-ServerConnector@59e484d6{HTTP/1.1, (http/1.1)}{0.0.0.0:41103}" daemon prio=3 tid=5137 runnable
java.lang.Thread.State: RUNNABLE
        at sun.nio.ch.ServerSocketChannelImpl.accept0(Native Method)
        at sun.nio.ch.ServerSocketChannelImpl.accept(ServerSocketChannelImpl.java:421)
        at sun.nio.ch.ServerSocketChannelImpl.accept(ServerSocketChannelImpl.java:249)
        at org.eclipse.jetty.server.ServerConnector.accept(ServerConnector.java:388)
        at org.eclipse.jetty.server.AbstractConnector$Acceptor.run(AbstractConnector.java:704)
        at org.eclipse.jetty.util.thread.QueuedThreadPool.runJob(QueuedThreadPool.java:883)
        at org.eclipse.jetty.util.thread.QueuedThreadPool$Runner.run(QueuedThreadPool.java:1034)
        at java.lang.Thread.run(Thread.java:750)
"qtp377899364-4329" daemon prio=5 tid=4329 runnable
java.lang.Thread.State: RUNNABLE
        at sun.nio.ch.EPollArrayWrapper.epollWait(Native Method)
        at sun.nio.ch.EPollArrayWrapper.poll(EPollArrayWrapper.java:269)
        at sun.nio.ch.EPollSelectorImpl.doSelect(EPollSelectorImpl.java:93)
        at sun.nio.ch.SelectorImpl.lockAndDoSelect(SelectorImpl.java:86)
        at sun.nio.ch.SelectorImpl.select(SelectorImpl.java:97)
        at sun.nio.ch.SelectorImpl.select(SelectorImpl.java:101)
        at org.eclipse.jetty.io.ManagedSelector.nioSelect(ManagedSelector.java:183)
        at org.eclipse.jetty.io.ManagedSelector.select(ManagedSelector.java:190)
        at org.eclipse.jetty.io.ManagedSelector$SelectorProducer.select(ManagedSelector.java:606)
        at org.eclipse.jetty.io.ManagedSelector$SelectorProducer.produce(ManagedSelector.java:543)
        at org.eclipse.jetty.util.thread.strategy.EatWhatYouKill.produceTask(EatWhatYouKill.java:362)
        at org.eclipse.jetty.util.thread.strategy.EatWhatYouKill.doProduce(EatWhatYouKill.java:186)
        at org.eclipse.jetty.util.thread.strategy.EatWhatYouKill.tryProduce(EatWhatYouKill.java:173)
        at org.eclipse.jetty.util.thread.strategy.EatWhatYouKill.produce(EatWhatYouKill.java:137)
        at org.eclipse.jetty.io.ManagedSelector$$Lambda$480/1445512345.run(Unknown Source)
        at org.eclipse.jetty.util.thread.QueuedThreadPool.runJob(QueuedThreadPool.java:883)
        at org.eclipse.jetty.util.thread.QueuedThreadPool$Runner.run(QueuedThreadPool.java:1034)
        at java.lang.Thread.run(Thread.java:750)
"org.apache.hadoop.ozone.container.common.statemachine.commandhandler.DeleteBlocksCommandHandler$DeleteCmdWorker@279d6bf3" daemon prio=5 tid=4196 timed_waiting
java.lang.Thread.State: TIMED_WAITING
        at java.lang.Thread.sleep(Native Method)
        at org.apache.hadoop.ozone.container.common.statemachine.commandhandler.DeleteBlocksCommandHandler$DeleteCmdWorker.run(DeleteBlocksCommandHandler.java:184)
        at java.lang.Thread.run(Thread.java:750)
"Datanode State Machine Daemon Thread" daemon prio=5 tid=5158 timed_waiting
java.lang.Thread.State: TIMED_WAITING
        at java.lang.Thread.sleep(Native Method)
        at org.apache.hadoop.ozone.container.common.statemachine.DatanodeStateMachine.startStateMachineThread(DatanodeStateMachine.java:321)
        at org.apache.hadoop.ozone.container.common.statemachine.DatanodeStateMachine.lambda$startDaemon$0(DatanodeStateMachine.java:506)
        at org.apache.hadoop.ozone.container.common.statemachine.DatanodeStateMachine$$Lambda$785/619018591.run(Unknown Source)
        at java.lang.Thread.run(Thread.java:750)
"IPC Server handler 7 on default port 36157" daemon prio=5 tid=5555 timed_waiting
java.lang.Thread.State: TIMED_WAITING
        at sun.misc.Unsafe.park(Native Method)
        at java.util.concurrent.locks.LockSupport.parkNanos(LockSupport.java:215)
        at java.util.concurrent.locks.AbstractQueuedSynchronizer$ConditionObject.awaitNanos(AbstractQueuedSynchronizer.java:2078)
        at java.util.concurrent.LinkedBlockingQueue.poll(LinkedBlockingQueue.java:467)
        at org.apache.hadoop.ipc.CallQueueManager.take(CallQueueManager.java:317)
        at org.apache.hadoop.ipc.Server$Handler.run(Server.java:2942)
"StaleRecoveringContainerScrubbingService#1" daemon prio=5 tid=5381 in Object.wait()
java.lang.Thread.State: WAITING (on object monitor)
        at sun.misc.Unsafe.park(Native Method)
        at java.util.concurrent.locks.LockSupport.park(LockSupport.java:175)
        at java.util.concurrent.locks.AbstractQueuedSynchronizer$ConditionObject.await(AbstractQueuedSynchronizer.java:2039)
        at java.util.concurrent.ScheduledThreadPoolExecutor$DelayedWorkQueue.take(ScheduledThreadPoolExecutor.java:1088)
        at java.util.concurrent.ScheduledThreadPoolExecutor$DelayedWorkQueue.take(ScheduledThreadPoolExecutor.java:809)
        at java.util.concurrent.ThreadPoolExecutor.getTask(ThreadPoolExecutor.java:1074)
        at java.util.concurrent.ThreadPoolExecutor.runWorker(ThreadPoolExecutor.java:1134)
        at java.util.concurrent.ThreadPoolExecutor$Worker.run(ThreadPoolExecutor.java:624)
        at java.lang.Thread.run(Thread.java:750)
"ec-reconstruct-reader-TID-2"  prio=5 tid=4700 in Object.wait()
java.lang.Thread.State: WAITING (on object monitor)
        at sun.misc.Unsafe.park(Native Method)
        at java.util.concurrent.locks.LockSupport.park(LockSupport.java:175)
        at java.util.concurrent.SynchronousQueue$TransferStack.awaitFulfill(SynchronousQueue.java:458)
        at java.util.concurrent.SynchronousQueue$TransferStack.transfer(SynchronousQueue.java:362)
        at java.util.concurrent.SynchronousQueue.take(SynchronousQueue.java:924)
        at java.util.concurrent.ThreadPoolExecutor.getTask(ThreadPoolExecutor.java:1074)
        at java.util.concurrent.ThreadPoolExecutor.runWorker(ThreadPoolExecutor.java:1134)
        at java.util.concurrent.ThreadPoolExecutor$Worker.run(ThreadPoolExecutor.java:624)
        at java.lang.Thread.run(Thread.java:750)
"IPC Client (1161196404) connection to 0.0.0.0/0.0.0.0:41341 from runner" daemon prio=5 tid=4288 timed_waiting
java.lang.Thread.State: TIMED_WAITING
        at java.lang.Object.wait(Native Method)
        at org.apache.hadoop.ipc.Client$Connection.waitForWork(Client.java:1086)
        at org.apache.hadoop.ipc.Client$Connection.run(Client.java:1133)
"qtp1299110638-4200" daemon prio=5 tid=4200 timed_waiting
java.lang.Thread.State: TIMED_WAITING
        at sun.misc.Unsafe.park(Native Method)
        at java.util.concurrent.locks.LockSupport.parkNanos(LockSupport.java:215)
        at java.util.concurrent.locks.AbstractQueuedSynchronizer$ConditionObject.awaitNanos(AbstractQueuedSynchronizer.java:2078)
        at org.eclipse.jetty.util.BlockingArrayQueue.poll(BlockingArrayQueue.java:382)
        at org.eclipse.jetty.util.thread.QueuedThreadPool$Runner.idleJobPoll(QueuedThreadPool.java:974)
        at org.eclipse.jetty.util.thread.QueuedThreadPool$Runner.run(QueuedThreadPool.java:1018)
        at java.lang.Thread.run(Thread.java:750)
"StaleRecoveringContainerScrubbingService#1" daemon prio=5 tid=3528 timed_waiting
java.lang.Thread.State: TIMED_WAITING
        at sun.misc.Unsafe.park(Native Method)
        at java.util.concurrent.locks.LockSupport.parkNanos(LockSupport.java:215)
        at java.util.concurrent.locks.AbstractQueuedSynchronizer$ConditionObject.awaitNanos(AbstractQueuedSynchronizer.java:2078)
        at java.util.concurrent.ScheduledThreadPoolExecutor$DelayedWorkQueue.take(ScheduledThreadPoolExecutor.java:1093)
        at java.util.concurrent.ScheduledThreadPoolExecutor$DelayedWorkQueue.take(ScheduledThreadPoolExecutor.java:809)
        at java.util.concurrent.ThreadPoolExecutor.getTask(ThreadPoolExecutor.java:1074)
        at java.util.concurrent.ThreadPoolExecutor.runWorker(ThreadPoolExecutor.java:1134)
        at java.util.concurrent.ThreadPoolExecutor$Worker.run(ThreadPoolExecutor.java:624)
        at java.lang.Thread.run(Thread.java:750)
"qtp97689361-3331" daemon prio=5 tid=3331 timed_waiting
java.lang.Thread.State: TIMED_WAITING
        at sun.misc.Unsafe.park(Native Method)
        at java.util.concurrent.locks.LockSupport.parkNanos(LockSupport.java:215)
        at java.util.concurrent.locks.AbstractQueuedSynchronizer$ConditionObject.awaitNanos(AbstractQueuedSynchronizer.java:2078)
        at org.eclipse.jetty.util.BlockingArrayQueue.poll(BlockingArrayQueue.java:382)
        at org.eclipse.jetty.util.thread.QueuedThreadPool$Runner.idleJobPoll(QueuedThreadPool.java:974)
        at org.eclipse.jetty.util.thread.QueuedThreadPool$Runner.run(QueuedThreadPool.java:1018)
        at java.lang.Thread.run(Thread.java:750)
"IPC Server Responder" daemon prio=5 tid=5486 runnable
java.lang.Thread.State: RUNNABLE
        at sun.nio.ch.EPollArrayWrapper.epollWait(Native Method)
        at sun.nio.ch.EPollArrayWrapper.poll(EPollArrayWrapper.java:269)
        at sun.nio.ch.EPollSelectorImpl.doSelect(EPollSelectorImpl.java:93)
        at sun.nio.ch.SelectorImpl.lockAndDoSelect(SelectorImpl.java:86)
        at sun.nio.ch.SelectorImpl.select(SelectorImpl.java:97)
        at org.apache.hadoop.ipc.Server$Responder.doRunLoop(Server.java:1532)
        at org.apache.hadoop.ipc.Server$Responder.run(Server.java:1515)
"ChunkWriter-2-0" daemon prio=5 tid=5150 in Object.wait()
java.lang.Thread.State: WAITING (on object monitor)
        at sun.misc.Unsafe.park(Native Method)
        at java.util.concurrent.locks.LockSupport.park(LockSupport.java:175)
        at java.util.concurrent.locks.AbstractQueuedSynchronizer$ConditionObject.await(AbstractQueuedSynchronizer.java:2039)
        at java.util.concurrent.LinkedBlockingDeque.takeFirst(LinkedBlockingDeque.java:492)
        at java.util.concurrent.LinkedBlockingDeque.take(LinkedBlockingDeque.java:680)
        at java.util.concurrent.ThreadPoolExecutor.getTask(ThreadPoolExecutor.java:1074)
        at java.util.concurrent.ThreadPoolExecutor.runWorker(ThreadPoolExecutor.java:1134)
        at java.util.concurrent.ThreadPoolExecutor$Worker.run(ThreadPoolExecutor.java:624)
        at java.lang.Thread.run(Thread.java:750)
"Datanode ReportManager Thread - 2" daemon prio=5 tid=3418 in Object.wait()
java.lang.Thread.State: WAITING (on object monitor)
        at sun.misc.Unsafe.park(Native Method)
        at java.util.concurrent.locks.LockSupport.park(LockSupport.java:175)
        at java.util.concurrent.locks.AbstractQueuedSynchronizer$ConditionObject.await(AbstractQueuedSynchronizer.java:2039)
        at java.util.concurrent.ScheduledThreadPoolExecutor$DelayedWorkQueue.take(ScheduledThreadPoolExecutor.java:1088)
        at java.util.concurrent.ScheduledThreadPoolExecutor$DelayedWorkQueue.take(ScheduledThreadPoolExecutor.java:809)
        at java.util.concurrent.ThreadPoolExecutor.getTask(ThreadPoolExecutor.java:1074)
        at java.util.concurrent.ThreadPoolExecutor.runWorker(ThreadPoolExecutor.java:1134)
        at java.util.concurrent.ThreadPoolExecutor$Worker.run(ThreadPoolExecutor.java:624)
        at java.lang.Thread.run(Thread.java:750)
"Socket Reader #1 for port 0"  prio=5 tid=3221 runnable
java.lang.Thread.State: RUNNABLE
        at sun.nio.ch.EPollArrayWrapper.epollWait(Native Method)
        at sun.nio.ch.EPollArrayWrapper.poll(EPollArrayWrapper.java:269)
        at sun.nio.ch.EPollSelectorImpl.doSelect(EPollSelectorImpl.java:93)
        at sun.nio.ch.SelectorImpl.lockAndDoSelect(SelectorImpl.java:86)
        at sun.nio.ch.SelectorImpl.select(SelectorImpl.java:97)
        at sun.nio.ch.SelectorImpl.select(SelectorImpl.java:101)
        at org.apache.hadoop.ipc.Server$Listener$Reader.doRunLoop(Server.java:1296)
        at org.apache.hadoop.ipc.Server$Listener$Reader.run(Server.java:1275)
"qtp1938906929-4123" daemon prio=5 tid=4123 timed_waiting
java.lang.Thread.State: TIMED_WAITING
        at sun.misc.Unsafe.park(Native Method)
        at java.util.concurrent.locks.LockSupport.parkNanos(LockSupport.java:215)
        at java.util.concurrent.locks.AbstractQueuedSynchronizer$ConditionObject.awaitNanos(AbstractQueuedSynchronizer.java:2078)
        at org.eclipse.jetty.util.BlockingArrayQueue.poll(BlockingArrayQueue.java:382)
        at org.eclipse.jetty.util.thread.QueuedThreadPool$Runner.idleJobPoll(QueuedThreadPool.java:974)
        at org.eclipse.jetty.util.thread.QueuedThreadPool$Runner.run(QueuedThreadPool.java:1018)
        at java.lang.Thread.run(Thread.java:750)
"Datanode ReportManager Thread - 0" daemon prio=5 tid=4215 in Object.wait()
java.lang.Thread.State: WAITING (on object monitor)
        at sun.misc.Unsafe.park(Native Method)
        at java.util.concurrent.locks.LockSupport.park(LockSupport.java:175)
        at java.util.concurrent.locks.AbstractQueuedSynchronizer$ConditionObject.await(AbstractQueuedSynchronizer.java:2039)
        at java.util.concurrent.ScheduledThreadPoolExecutor$DelayedWorkQueue.take(ScheduledThreadPoolExecutor.java:1088)
        at java.util.concurrent.ScheduledThreadPoolExecutor$DelayedWorkQueue.take(ScheduledThreadPoolExecutor.java:809)
        at java.util.concurrent.ThreadPoolExecutor.getTask(ThreadPoolExecutor.java:1074)
        at java.util.concurrent.ThreadPoolExecutor.runWorker(ThreadPoolExecutor.java:1134)
        at java.util.concurrent.ThreadPoolExecutor$Worker.run(ThreadPoolExecutor.java:624)
        at java.lang.Thread.run(Thread.java:750)
"277e5bbd-414d-4f19-87c3-552c8f153d3d@group-AE848D27C9F4-LeaderStateImpl" daemon prio=5 tid=5455 timed_waiting
java.lang.Thread.State: TIMED_WAITING
        at sun.misc.Unsafe.park(Native Method)
        at java.util.concurrent.locks.LockSupport.parkNanos(LockSupport.java:215)
        at java.util.concurrent.locks.AbstractQueuedSynchronizer$ConditionObject.awaitNanos(AbstractQueuedSynchronizer.java:2078)
        at java.util.concurrent.ArrayBlockingQueue.poll(ArrayBlockingQueue.java:418)
        at org.apache.ratis.server.impl.LeaderStateImpl$EventQueue.poll(LeaderStateImpl.java:159)
        at org.apache.ratis.server.impl.LeaderStateImpl$EventProcessor.run(LeaderStateImpl.java:630)
"DirectoryDeletingService#0" daemon prio=5 tid=3230 timed_waiting
java.lang.Thread.State: TIMED_WAITING
        at sun.misc.Unsafe.park(Native Method)
        at java.util.concurrent.locks.LockSupport.parkNanos(LockSupport.java:215)
        at java.util.concurrent.locks.AbstractQueuedSynchronizer$ConditionObject.awaitNanos(AbstractQueuedSynchronizer.java:2078)
        at java.util.concurrent.ScheduledThreadPoolExecutor$DelayedWorkQueue.take(ScheduledThreadPoolExecutor.java:1093)
        at java.util.concurrent.ScheduledThreadPoolExecutor$DelayedWorkQueue.take(ScheduledThreadPoolExecutor.java:809)
        at java.util.concurrent.ThreadPoolExecutor.getTask(ThreadPoolExecutor.java:1074)
        at java.util.concurrent.ThreadPoolExecutor.runWorker(ThreadPoolExecutor.java:1134)
        at java.util.concurrent.ThreadPoolExecutor$Worker.run(ThreadPoolExecutor.java:624)
        at java.lang.Thread.run(Thread.java:750)
"org.apache.hadoop.util.JvmPauseMonitor$Monitor@584a9e93" daemon prio=5 tid=4031 timed_waiting
java.lang.Thread.State: TIMED_WAITING
        at java.lang.Thread.sleep(Native Method)
        at org.apache.hadoop.util.JvmPauseMonitor$Monitor.run(JvmPauseMonitor.java:192)
        at java.lang.Thread.run(Thread.java:750)
"EventQueue-NodeReportForNodeReportHandler" daemon prio=5 tid=5404 in Object.wait()
java.lang.Thread.State: WAITING (on object monitor)
        at sun.misc.Unsafe.park(Native Method)
        at java.util.concurrent.locks.LockSupport.park(LockSupport.java:175)
        at java.util.concurrent.locks.AbstractQueuedSynchronizer$ConditionObject.await(AbstractQueuedSynchronizer.java:2039)
        at java.util.concurrent.LinkedBlockingQueue.take(LinkedBlockingQueue.java:442)
        at java.util.concurrent.ThreadPoolExecutor.getTask(ThreadPoolExecutor.java:1074)
        at java.util.concurrent.ThreadPoolExecutor.runWorker(ThreadPoolExecutor.java:1134)
        at java.util.concurrent.ThreadPoolExecutor$Worker.run(ThreadPoolExecutor.java:624)
        at java.lang.Thread.run(Thread.java:750)
"qtp952995720-3411" daemon prio=5 tid=3411 timed_waiting
java.lang.Thread.State: TIMED_WAITING
        at sun.misc.Unsafe.park(Native Method)
        at java.util.concurrent.locks.LockSupport.parkNanos(LockSupport.java:215)
        at java.util.concurrent.locks.AbstractQueuedSynchronizer$ConditionObject.awaitNanos(AbstractQueuedSynchronizer.java:2078)
        at org.eclipse.jetty.util.BlockingArrayQueue.poll(BlockingArrayQueue.java:382)
        at org.eclipse.jetty.util.thread.QueuedThreadPool$Runner.idleJobPoll(QueuedThreadPool.java:974)
        at org.eclipse.jetty.util.thread.QueuedThreadPool$Runner.run(QueuedThreadPool.java:1018)
        at java.lang.Thread.run(Thread.java:750)
"IPC Server handler 14 on default port 36157" daemon prio=5 tid=5562 timed_waiting
java.lang.Thread.State: TIMED_WAITING
        at sun.misc.Unsafe.park(Native Method)
        at java.util.concurrent.locks.LockSupport.parkNanos(LockSupport.java:215)
        at java.util.concurrent.locks.AbstractQueuedSynchronizer$ConditionObject.awaitNanos(AbstractQueuedSynchronizer.java:2078)
        at java.util.concurrent.LinkedBlockingQueue.poll(LinkedBlockingQueue.java:467)
        at org.apache.hadoop.ipc.CallQueueManager.take(CallQueueManager.java:317)
        at org.apache.hadoop.ipc.Server$Handler.run(Server.java:2942)
"org.apache.hadoop.ozone.container.common.statemachine.commandhandler.DeleteBlocksCommandHandler$DeleteCmdWorker@63ff21a1" daemon prio=5 tid=5048 timed_waiting
java.lang.Thread.State: TIMED_WAITING
        at java.lang.Thread.sleep(Native Method)
        at org.apache.hadoop.ozone.container.common.statemachine.commandhandler.DeleteBlocksCommandHandler$DeleteCmdWorker.run(DeleteBlocksCommandHandler.java:184)
        at java.lang.Thread.run(Thread.java:750)
"qtp652561456-3439" daemon prio=5 tid=3439 timed_waiting
java.lang.Thread.State: TIMED_WAITING
        at sun.misc.Unsafe.park(Native Method)
        at java.util.concurrent.locks.LockSupport.parkNanos(LockSupport.java:215)
        at java.util.concurrent.locks.AbstractQueuedSynchronizer$ConditionObject.awaitNanos(AbstractQueuedSynchronizer.java:2078)
        at org.eclipse.jetty.util.BlockingArrayQueue.poll(BlockingArrayQueue.java:382)
        at org.eclipse.jetty.util.thread.QueuedThreadPool$Runner.idleJobPoll(QueuedThreadPool.java:974)
        at org.eclipse.jetty.util.thread.QueuedThreadPool$Runner.run(QueuedThreadPool.java:1018)
        at java.lang.Thread.run(Thread.java:750)
"Session-HouseKeeper-756030e2-1"  prio=5 tid=5579 timed_waiting
java.lang.Thread.State: TIMED_WAITING
        at sun.misc.Unsafe.park(Native Method)
        at java.util.concurrent.locks.LockSupport.parkNanos(LockSupport.java:215)
        at java.util.concurrent.locks.AbstractQueuedSynchronizer$ConditionObject.awaitNanos(AbstractQueuedSynchronizer.java:2078)
        at java.util.concurrent.ScheduledThreadPoolExecutor$DelayedWorkQueue.take(ScheduledThreadPoolExecutor.java:1093)
        at java.util.concurrent.ScheduledThreadPoolExecutor$DelayedWorkQueue.take(ScheduledThreadPoolExecutor.java:809)
        at java.util.concurrent.ThreadPoolExecutor.getTask(ThreadPoolExecutor.java:1074)
        at java.util.concurrent.ThreadPoolExecutor.runWorker(ThreadPoolExecutor.java:1134)
        at java.util.concurrent.ThreadPoolExecutor$Worker.run(ThreadPoolExecutor.java:624)
        at java.lang.Thread.run(Thread.java:750)
"IPC Server handler 12 on default port 45267" daemon prio=5 tid=5520 timed_waiting
java.lang.Thread.State: TIMED_WAITING
        at sun.misc.Unsafe.park(Native Method)
        at java.util.concurrent.locks.LockSupport.parkNanos(LockSupport.java:215)
        at java.util.concurrent.locks.AbstractQueuedSynchronizer$ConditionObject.awaitNanos(AbstractQueuedSynchronizer.java:2078)
        at java.util.concurrent.LinkedBlockingQueue.poll(LinkedBlockingQueue.java:467)
        at org.apache.hadoop.ipc.CallQueueManager.take(CallQueueManager.java:317)
        at org.apache.hadoop.ipc.Server$Handler.run(Server.java:2942)
"org.apache.hadoop.util.JvmPauseMonitor$Monitor@5a4f5eee" daemon prio=5 tid=3262 timed_waiting
java.lang.Thread.State: TIMED_WAITING
        at java.lang.Thread.sleep(Native Method)
        at org.apache.hadoop.util.JvmPauseMonitor$Monitor.run(JvmPauseMonitor.java:192)
        at java.lang.Thread.run(Thread.java:750)
"StaleRecoveringContainerScrubbingService#0" daemon prio=5 tid=5379 timed_waiting
java.lang.Thread.State: TIMED_WAITING
        at sun.misc.Unsafe.park(Native Method)
        at java.util.concurrent.locks.LockSupport.parkNanos(LockSupport.java:215)
        at java.util.concurrent.locks.AbstractQueuedSynchronizer$ConditionObject.awaitNanos(AbstractQueuedSynchronizer.java:2078)
        at java.util.concurrent.ScheduledThreadPoolExecutor$DelayedWorkQueue.take(ScheduledThreadPoolExecutor.java:1093)
        at java.util.concurrent.ScheduledThreadPoolExecutor$DelayedWorkQueue.take(ScheduledThreadPoolExecutor.java:809)
        at java.util.concurrent.ThreadPoolExecutor.getTask(ThreadPoolExecutor.java:1074)
        at java.util.concurrent.ThreadPoolExecutor.runWorker(ThreadPoolExecutor.java:1134)
        at java.util.concurrent.ThreadPoolExecutor$Worker.run(ThreadPoolExecutor.java:624)
        at java.lang.Thread.run(Thread.java:750)
"IPC Server handler 4 on default port 40433" daemon prio=5 tid=4814 timed_waiting
java.lang.Thread.State: TIMED_WAITING
        at sun.misc.Unsafe.park(Native Method)
        at java.util.concurrent.locks.LockSupport.parkNanos(LockSupport.java:215)
        at java.util.concurrent.locks.AbstractQueuedSynchronizer$ConditionObject.awaitNanos(AbstractQueuedSynchronizer.java:2078)
        at java.util.concurrent.LinkedBlockingQueue.poll(LinkedBlockingQueue.java:467)
        at org.apache.hadoop.ipc.CallQueueManager.take(CallQueueManager.java:317)
        at org.apache.hadoop.ipc.Server$Handler.run(Server.java:2942)
"EndpointStateMachine task thread for /0.0.0.0:41341 - 0 "  prio=5 tid=4339 in Object.wait()
java.lang.Thread.State: WAITING (on object monitor)
        at sun.misc.Unsafe.park(Native Method)
        at java.util.concurrent.locks.LockSupport.park(LockSupport.java:175)
        at java.util.concurrent.locks.AbstractQueuedSynchronizer$ConditionObject.await(AbstractQueuedSynchronizer.java:2039)
        at java.util.concurrent.LinkedBlockingQueue.take(LinkedBlockingQueue.java:442)
        at java.util.concurrent.ThreadPoolExecutor.getTask(ThreadPoolExecutor.java:1074)
        at java.util.concurrent.ThreadPoolExecutor.runWorker(ThreadPoolExecutor.java:1134)
        at java.util.concurrent.ThreadPoolExecutor$Worker.run(ThreadPoolExecutor.java:624)
        at java.lang.Thread.run(Thread.java:750)
"ChunkWriter-0-0" daemon prio=5 tid=4436 in Object.wait()
java.lang.Thread.State: WAITING (on object monitor)
        at sun.misc.Unsafe.park(Native Method)
        at java.util.concurrent.locks.LockSupport.park(LockSupport.java:175)
        at java.util.concurrent.locks.AbstractQueuedSynchronizer$ConditionObject.await(AbstractQueuedSynchronizer.java:2039)
        at java.util.concurrent.LinkedBlockingDeque.takeFirst(LinkedBlockingDeque.java:492)
        at java.util.concurrent.LinkedBlockingDeque.take(LinkedBlockingDeque.java:680)
        at java.util.concurrent.ThreadPoolExecutor.getTask(ThreadPoolExecutor.java:1074)
        at java.util.concurrent.ThreadPoolExecutor.runWorker(ThreadPoolExecutor.java:1134)
        at java.util.concurrent.ThreadPoolExecutor$Worker.run(ThreadPoolExecutor.java:624)
        at java.lang.Thread.run(Thread.java:750)
"IPC Server handler 6 on default port 36439" daemon prio=5 tid=3790 timed_waiting
java.lang.Thread.State: TIMED_WAITING
        at sun.misc.Unsafe.park(Native Method)
        at java.util.concurrent.locks.LockSupport.parkNanos(LockSupport.java:215)
        at java.util.concurrent.locks.AbstractQueuedSynchronizer$ConditionObject.awaitNanos(AbstractQueuedSynchronizer.java:2078)
        at java.util.concurrent.LinkedBlockingQueue.poll(LinkedBlockingQueue.java:467)
        at org.apache.hadoop.ipc.CallQueueManager.take(CallQueueManager.java:317)
        at org.apache.hadoop.ipc.Server$Handler.run(Server.java:2942)
"Session-HouseKeeper-15ecb5f9-1"  prio=5 tid=3440 timed_waiting
java.lang.Thread.State: TIMED_WAITING
        at sun.misc.Unsafe.park(Native Method)
        at java.util.concurrent.locks.LockSupport.parkNanos(LockSupport.java:215)
        at java.util.concurrent.locks.AbstractQueuedSynchronizer$ConditionObject.awaitNanos(AbstractQueuedSynchronizer.java:2078)
        at java.util.concurrent.ScheduledThreadPoolExecutor$DelayedWorkQueue.take(ScheduledThreadPoolExecutor.java:1093)
        at java.util.concurrent.ScheduledThreadPoolExecutor$DelayedWorkQueue.take(ScheduledThreadPoolExecutor.java:809)
        at java.util.concurrent.ThreadPoolExecutor.getTask(ThreadPoolExecutor.java:1074)
        at java.util.concurrent.ThreadPoolExecutor.runWorker(ThreadPoolExecutor.java:1134)
        at java.util.concurrent.ThreadPoolExecutor$Worker.run(ThreadPoolExecutor.java:624)
        at java.lang.Thread.run(Thread.java:750)
"JvmPauseMonitor55" daemon prio=5 tid=5223 timed_waiting
java.lang.Thread.State: TIMED_WAITING
        at java.lang.Thread.sleep(Native Method)
        at java.lang.Thread.sleep(Thread.java:342)
        at java.util.concurrent.TimeUnit.sleep(TimeUnit.java:386)
        at org.apache.ratis.util.TimeDuration.sleep(TimeDuration.java:325)
        at org.apache.ratis.util.TimeDuration.sleep(TimeDuration.java:310)
        at org.apache.ratis.util.JvmPauseMonitor.detectPause(JvmPauseMonitor.java:119)
        at org.apache.ratis.util.JvmPauseMonitor.run(JvmPauseMonitor.java:108)
        at org.apache.ratis.util.JvmPauseMonitor$$Lambda$740/1979406568.run(Unknown Source)
        at java.lang.Thread.run(Thread.java:750)
"qtp838819951-4948" daemon prio=5 tid=4948 runnable
java.lang.Thread.State: RUNNABLE
        at sun.nio.ch.EPollArrayWrapper.epollWait(Native Method)
        at sun.nio.ch.EPollArrayWrapper.poll(EPollArrayWrapper.java:269)
        at sun.nio.ch.EPollSelectorImpl.doSelect(EPollSelectorImpl.java:93)
        at sun.nio.ch.SelectorImpl.lockAndDoSelect(SelectorImpl.java:86)
        at sun.nio.ch.SelectorImpl.select(SelectorImpl.java:97)
        at sun.nio.ch.SelectorImpl.select(SelectorImpl.java:101)
        at org.eclipse.jetty.io.ManagedSelector.nioSelect(ManagedSelector.java:183)
        at org.eclipse.jetty.io.ManagedSelector.select(ManagedSelector.java:190)
        at org.eclipse.jetty.io.ManagedSelector$SelectorProducer.select(ManagedSelector.java:606)
        at org.eclipse.jetty.io.ManagedSelector$SelectorProducer.produce(ManagedSelector.java:543)
        at org.eclipse.jetty.util.thread.strategy.EatWhatYouKill.produceTask(EatWhatYouKill.java:362)
        at org.eclipse.jetty.util.thread.strategy.EatWhatYouKill.doProduce(EatWhatYouKill.java:186)
        at org.eclipse.jetty.util.thread.strategy.EatWhatYouKill.tryProduce(EatWhatYouKill.java:173)
        at org.eclipse.jetty.util.thread.strategy.EatWhatYouKill.produce(EatWhatYouKill.java:137)
        at org.eclipse.jetty.io.ManagedSelector$$Lambda$480/1445512345.run(Unknown Source)
        at org.eclipse.jetty.util.thread.QueuedThreadPool.runJob(QueuedThreadPool.java:883)
        at org.eclipse.jetty.util.thread.QueuedThreadPool$Runner.run(QueuedThreadPool.java:1034)
        at java.lang.Thread.run(Thread.java:750)
"IPC Server handler 5 on default port 35159" daemon prio=5 tid=4775 timed_waiting
java.lang.Thread.State: TIMED_WAITING
        at sun.misc.Unsafe.park(Native Method)
        at java.util.concurrent.locks.LockSupport.parkNanos(LockSupport.java:215)
        at java.util.concurrent.locks.AbstractQueuedSynchronizer$ConditionObject.awaitNanos(AbstractQueuedSynchronizer.java:2078)
        at java.util.concurrent.LinkedBlockingQueue.poll(LinkedBlockingQueue.java:467)
        at org.apache.hadoop.ipc.CallQueueManager.take(CallQueueManager.java:317)
        at org.apache.hadoop.ipc.Server$Handler.run(Server.java:2942)
"BackgroundPipelineScrubberThread" daemon prio=5 tid=4734 timed_waiting
java.lang.Thread.State: TIMED_WAITING
        at java.lang.Object.wait(Native Method)
        at org.apache.hadoop.hdds.scm.ha.BackgroundSCMService.run(BackgroundSCMService.java:110)
        at org.apache.hadoop.hdds.scm.ha.BackgroundSCMService$$Lambda$409/140091744.run(Unknown Source)
        at java.lang.Thread.run(Thread.java:750)
"IPC Server handler 1 on default port 40433" daemon prio=5 tid=4811 timed_waiting
java.lang.Thread.State: TIMED_WAITING
        at sun.misc.Unsafe.park(Native Method)
        at java.util.concurrent.locks.LockSupport.parkNanos(LockSupport.java:215)
        at java.util.concurrent.locks.AbstractQueuedSynchronizer$ConditionObject.awaitNanos(AbstractQueuedSynchronizer.java:2078)
        at java.util.concurrent.LinkedBlockingQueue.poll(LinkedBlockingQueue.java:467)
        at org.apache.hadoop.ipc.CallQueueManager.take(CallQueueManager.java:317)
        at org.apache.hadoop.ipc.Server$Handler.run(Server.java:2942)
"FixedThreadPoolWithAffinityExecutor-5-0" daemon prio=5 tid=5500 timed_waiting
java.lang.Thread.State: TIMED_WAITING
        at sun.misc.Unsafe.park(Native Method)
        at java.util.concurrent.locks.LockSupport.parkNanos(LockSupport.java:215)
        at java.util.concurrent.locks.AbstractQueuedSynchronizer$ConditionObject.awaitNanos(AbstractQueuedSynchronizer.java:2078)
        at java.util.concurrent.LinkedBlockingQueue.poll(LinkedBlockingQueue.java:467)
        at org.apache.hadoop.hdds.scm.server.ContainerReportQueue.poll(ContainerReportQueue.java:266)
        at org.apache.hadoop.hdds.scm.server.ContainerReportQueue.poll(ContainerReportQueue.java:42)
        at org.apache.hadoop.hdds.server.events.FixedThreadPoolWithAffinityExecutor$ContainerReportProcessTask.run(FixedThreadPoolWithAffinityExecutor.java:248)
        at java.util.concurrent.Executors$RunnableAdapter.call(Executors.java:511)
        at java.util.concurrent.FutureTask.run(FutureTask.java:266)
        at java.util.concurrent.ThreadPoolExecutor.runWorker(ThreadPoolExecutor.java:1149)
        at java.util.concurrent.ThreadPoolExecutor$Worker.run(ThreadPoolExecutor.java:624)
        at java.lang.Thread.run(Thread.java:750)
"6ecf90bc-d89b-4751-b881-1a8d98ba8de4@group-3B732847DF3A-StateMachineUpdater" daemon prio=5 tid=4477 timed_waiting
java.lang.Thread.State: TIMED_WAITING
        at sun.misc.Unsafe.park(Native Method)
        at java.util.concurrent.locks.LockSupport.parkNanos(LockSupport.java:215)
        at java.util.concurrent.CompletableFuture$Signaller.block(CompletableFuture.java:1709)
        at java.util.concurrent.ForkJoinPool.managedBlock(ForkJoinPool.java:3323)
        at java.util.concurrent.CompletableFuture.timedGet(CompletableFuture.java:1788)
        at java.util.concurrent.CompletableFuture.get(CompletableFuture.java:1928)
        at org.apache.ratis.util.AwaitForSignal.await(AwaitForSignal.java:56)
        at org.apache.ratis.server.impl.StateMachineUpdater.waitForCommit(StateMachineUpdater.java:207)
        at org.apache.ratis.server.impl.StateMachineUpdater.run(StateMachineUpdater.java:176)
        at java.lang.Thread.run(Thread.java:750)
"qtp1686202609-5083" daemon prio=5 tid=5083 timed_waiting
java.lang.Thread.State: TIMED_WAITING
        at sun.misc.Unsafe.park(Native Method)
        at java.util.concurrent.locks.LockSupport.parkNanos(LockSupport.java:215)
        at java.util.concurrent.locks.AbstractQueuedSynchronizer$ConditionObject.awaitNanos(AbstractQueuedSynchronizer.java:2078)
        at org.eclipse.jetty.util.BlockingArrayQueue.poll(BlockingArrayQueue.java:382)
        at org.eclipse.jetty.util.thread.QueuedThreadPool$Runner.idleJobPoll(QueuedThreadPool.java:974)
        at org.eclipse.jetty.util.thread.QueuedThreadPool$Runner.run(QueuedThreadPool.java:1018)
        at java.lang.Thread.run(Thread.java:750)
"qtp1324399707-5573" daemon prio=5 tid=5573 timed_waiting
java.lang.Thread.State: TIMED_WAITING
        at sun.misc.Unsafe.park(Native Method)
        at java.util.concurrent.locks.LockSupport.parkNanos(LockSupport.java:215)
        at java.util.concurrent.locks.AbstractQueuedSynchronizer$ConditionObject.awaitNanos(AbstractQueuedSynchronizer.java:2078)
        at org.eclipse.jetty.util.BlockingArrayQueue.poll(BlockingArrayQueue.java:382)
        at org.eclipse.jetty.util.thread.QueuedThreadPool$Runner.idleJobPoll(QueuedThreadPool.java:974)
        at org.eclipse.jetty.util.thread.QueuedThreadPool$Runner.run(QueuedThreadPool.java:1018)
        at java.lang.Thread.run(Thread.java:750)
"f55315c2-12b7-4bf7-9755-17bd9d593b12@group-11CF03870595-LeaderStateImpl" daemon prio=5 tid=3654 timed_waiting
java.lang.Thread.State: TIMED_WAITING
        at sun.misc.Unsafe.park(Native Method)
        at java.util.concurrent.locks.LockSupport.parkNanos(LockSupport.java:215)
        at java.util.concurrent.locks.AbstractQueuedSynchronizer$ConditionObject.awaitNanos(AbstractQueuedSynchronizer.java:2078)
        at java.util.concurrent.ArrayBlockingQueue.poll(ArrayBlockingQueue.java:418)
        at org.apache.ratis.server.impl.LeaderStateImpl$EventQueue.poll(LeaderStateImpl.java:159)
        at org.apache.ratis.server.impl.LeaderStateImpl$EventProcessor.run(LeaderStateImpl.java:630)
"EventQueue-NodeRegistrationContainerReportForContainerSafeModeRule" daemon prio=5 tid=5361 in Object.wait()
java.lang.Thread.State: WAITING (on object monitor)
        at sun.misc.Unsafe.park(Native Method)
        at java.util.concurrent.locks.LockSupport.park(LockSupport.java:175)
        at java.util.concurrent.locks.AbstractQueuedSynchronizer$ConditionObject.await(AbstractQueuedSynchronizer.java:2039)
        at java.util.concurrent.LinkedBlockingQueue.take(LinkedBlockingQueue.java:442)
        at java.util.concurrent.ThreadPoolExecutor.getTask(ThreadPoolExecutor.java:1074)
        at java.util.concurrent.ThreadPoolExecutor.runWorker(ThreadPoolExecutor.java:1134)
        at java.util.concurrent.ThreadPoolExecutor$Worker.run(ThreadPoolExecutor.java:624)
        at java.lang.Thread.run(Thread.java:750)
"BlockDeletingService#2" daemon prio=5 tid=4932 in Object.wait()
java.lang.Thread.State: WAITING (on object monitor)
        at sun.misc.Unsafe.park(Native Method)
        at java.util.concurrent.locks.LockSupport.park(LockSupport.java:175)
        at java.util.concurrent.locks.AbstractQueuedSynchronizer$ConditionObject.await(AbstractQueuedSynchronizer.java:2039)
        at java.util.concurrent.ScheduledThreadPoolExecutor$DelayedWorkQueue.take(ScheduledThreadPoolExecutor.java:1088)
        at java.util.concurrent.ScheduledThreadPoolExecutor$DelayedWorkQueue.take(ScheduledThreadPoolExecutor.java:809)
        at java.util.concurrent.ThreadPoolExecutor.getTask(ThreadPoolExecutor.java:1074)
        at java.util.concurrent.ThreadPoolExecutor.runWorker(ThreadPoolExecutor.java:1134)
        at java.util.concurrent.ThreadPoolExecutor$Worker.run(ThreadPoolExecutor.java:624)
        at java.lang.Thread.run(Thread.java:750)
"qtp838819951-4952" daemon prio=5 tid=4952 timed_waiting
java.lang.Thread.State: TIMED_WAITING
        at sun.misc.Unsafe.park(Native Method)
        at java.util.concurrent.locks.LockSupport.parkNanos(LockSupport.java:215)
        at java.util.concurrent.locks.AbstractQueuedSynchronizer$ConditionObject.awaitNanos(AbstractQueuedSynchronizer.java:2078)
        at org.eclipse.jetty.util.BlockingArrayQueue.poll(BlockingArrayQueue.java:382)
        at org.eclipse.jetty.util.thread.QueuedThreadPool$Runner.idleJobPoll(QueuedThreadPool.java:974)
        at org.eclipse.jetty.util.thread.QueuedThreadPool$Runner.run(QueuedThreadPool.java:1018)
        at java.lang.Thread.run(Thread.java:750)
"Finalizer" daemon prio=8 tid=3 in Object.wait()
java.lang.Thread.State: WAITING (on object monitor)
        at java.lang.Object.wait(Native Method)
        at java.lang.ref.ReferenceQueue.remove(ReferenceQueue.java:144)
        at java.lang.ref.ReferenceQueue.remove(ReferenceQueue.java:165)
        at java.lang.ref.Finalizer$FinalizerThread.run(Finalizer.java:216)
"e5184996-93a8-477c-b193-15e28d80a846-server-thread2" daemon prio=5 tid=4622 timed_waiting
java.lang.Thread.State: TIMED_WAITING
        at sun.misc.Unsafe.park(Native Method)
        at java.util.concurrent.locks.LockSupport.parkNanos(LockSupport.java:215)
        at java.util.concurrent.SynchronousQueue$TransferStack.awaitFulfill(SynchronousQueue.java:460)
        at java.util.concurrent.SynchronousQueue$TransferStack.transfer(SynchronousQueue.java:362)
        at java.util.concurrent.SynchronousQueue.poll(SynchronousQueue.java:941)
        at java.util.concurrent.ThreadPoolExecutor.getTask(ThreadPoolExecutor.java:1073)
        at java.util.concurrent.ThreadPoolExecutor.runWorker(ThreadPoolExecutor.java:1134)
        at java.util.concurrent.ThreadPoolExecutor$Worker.run(ThreadPoolExecutor.java:624)
        at java.lang.Thread.run(Thread.java:750)
"JvmPauseMonitor48" daemon prio=5 tid=4440 timed_waiting
java.lang.Thread.State: TIMED_WAITING
        at java.lang.Thread.sleep(Native Method)
        at java.lang.Thread.sleep(Thread.java:342)
        at java.util.concurrent.TimeUnit.sleep(TimeUnit.java:386)
        at org.apache.ratis.util.TimeDuration.sleep(TimeDuration.java:325)
        at org.apache.ratis.util.TimeDuration.sleep(TimeDuration.java:310)
        at org.apache.ratis.util.JvmPauseMonitor.detectPause(JvmPauseMonitor.java:119)
        at org.apache.ratis.util.JvmPauseMonitor.run(JvmPauseMonitor.java:108)
        at org.apache.ratis.util.JvmPauseMonitor$$Lambda$740/1979406568.run(Unknown Source)
        at java.lang.Thread.run(Thread.java:750)
"EndpointStateMachine task thread for /0.0.0.0:36157 - 0 "  prio=5 tid=3464 in Object.wait()
java.lang.Thread.State: WAITING (on object monitor)
        at sun.misc.Unsafe.park(Native Method)
        at java.util.concurrent.locks.LockSupport.park(LockSupport.java:175)
        at java.util.concurrent.locks.AbstractQueuedSynchronizer$ConditionObject.await(AbstractQueuedSynchronizer.java:2039)
        at java.util.concurrent.LinkedBlockingQueue.take(LinkedBlockingQueue.java:442)
        at java.util.concurrent.ThreadPoolExecutor.getTask(ThreadPoolExecutor.java:1074)
        at java.util.concurrent.ThreadPoolExecutor.runWorker(ThreadPoolExecutor.java:1134)
        at java.util.concurrent.ThreadPoolExecutor$Worker.run(ThreadPoolExecutor.java:624)
        at java.lang.Thread.run(Thread.java:750)
"IPC Server handler 16 on default port 35159" daemon prio=5 tid=4786 timed_waiting
java.lang.Thread.State: TIMED_WAITING
        at sun.misc.Unsafe.park(Native Method)
        at java.util.concurrent.locks.LockSupport.parkNanos(LockSupport.java:215)
        at java.util.concurrent.locks.AbstractQueuedSynchronizer$ConditionObject.awaitNanos(AbstractQueuedSynchronizer.java:2078)
        at java.util.concurrent.LinkedBlockingQueue.poll(LinkedBlockingQueue.java:467)
        at org.apache.hadoop.ipc.CallQueueManager.take(CallQueueManager.java:317)
        at org.apache.hadoop.ipc.Server$Handler.run(Server.java:2942)
"5f7ad737-403f-4287-b3fb-a8d838b89ff3@group-1C0F276A37C4-LeaderStateImpl" daemon prio=5 tid=3662 timed_waiting
java.lang.Thread.State: TIMED_WAITING
        at sun.misc.Unsafe.park(Native Method)
        at java.util.concurrent.locks.LockSupport.parkNanos(LockSupport.java:215)
        at java.util.concurrent.locks.AbstractQueuedSynchronizer$ConditionObject.awaitNanos(AbstractQueuedSynchronizer.java:2078)
        at java.util.concurrent.ArrayBlockingQueue.poll(ArrayBlockingQueue.java:418)
        at org.apache.ratis.server.impl.LeaderStateImpl$EventQueue.poll(LeaderStateImpl.java:159)
        at org.apache.ratis.server.impl.LeaderStateImpl$EventProcessor.run(LeaderStateImpl.java:630)
"4e9d01e2-99f3-4323-a596-366f46fa44e1@group-7FB4E2DAD21F-StateMachineUpdater" daemon prio=5 tid=3632 timed_waiting
java.lang.Thread.State: TIMED_WAITING
        at sun.misc.Unsafe.park(Native Method)
        at java.util.concurrent.locks.LockSupport.parkNanos(LockSupport.java:215)
        at java.util.concurrent.CompletableFuture$Signaller.block(CompletableFuture.java:1709)
        at java.util.concurrent.ForkJoinPool.managedBlock(ForkJoinPool.java:3323)
        at java.util.concurrent.CompletableFuture.timedGet(CompletableFuture.java:1788)
        at java.util.concurrent.CompletableFuture.get(CompletableFuture.java:1928)
        at org.apache.ratis.util.AwaitForSignal.await(AwaitForSignal.java:56)
        at org.apache.ratis.server.impl.StateMachineUpdater.waitForCommit(StateMachineUpdater.java:207)
        at org.apache.ratis.server.impl.StateMachineUpdater.run(StateMachineUpdater.java:176)
        at java.lang.Thread.run(Thread.java:750)
"Session-HouseKeeper-34b47b66-1"  prio=5 tid=4267 timed_waiting
java.lang.Thread.State: TIMED_WAITING
        at sun.misc.Unsafe.park(Native Method)
        at java.util.concurrent.locks.LockSupport.parkNanos(LockSupport.java:215)
        at java.util.concurrent.locks.AbstractQueuedSynchronizer$ConditionObject.awaitNanos(AbstractQueuedSynchronizer.java:2078)
        at java.util.concurrent.ScheduledThreadPoolExecutor$DelayedWorkQueue.take(ScheduledThreadPoolExecutor.java:1093)
        at java.util.concurrent.ScheduledThreadPoolExecutor$DelayedWorkQueue.take(ScheduledThreadPoolExecutor.java:809)
        at java.util.concurrent.ThreadPoolExecutor.getTask(ThreadPoolExecutor.java:1074)
        at java.util.concurrent.ThreadPoolExecutor.runWorker(ThreadPoolExecutor.java:1134)
        at java.util.concurrent.ThreadPoolExecutor$Worker.run(ThreadPoolExecutor.java:624)
        at java.lang.Thread.run(Thread.java:750)
"DataNode DiskChecker thread 0" daemon prio=5 tid=5016 timed_waiting
java.lang.Thread.State: TIMED_WAITING
        at sun.misc.Unsafe.park(Native Method)
        at java.util.concurrent.locks.LockSupport.parkNanos(LockSupport.java:215)
        at java.util.concurrent.SynchronousQueue$TransferStack.awaitFulfill(SynchronousQueue.java:460)
        at java.util.concurrent.SynchronousQueue$TransferStack.transfer(SynchronousQueue.java:362)
        at java.util.concurrent.SynchronousQueue.poll(SynchronousQueue.java:941)
        at java.util.concurrent.ThreadPoolExecutor.getTask(ThreadPoolExecutor.java:1073)
        at java.util.concurrent.ThreadPoolExecutor.runWorker(ThreadPoolExecutor.java:1134)
        at java.util.concurrent.ThreadPoolExecutor$Worker.run(ThreadPoolExecutor.java:624)
        at java.lang.Thread.run(Thread.java:750)
"StaleRecoveringContainerScrubbingService#1" daemon prio=5 tid=3498 timed_waiting
java.lang.Thread.State: TIMED_WAITING
        at sun.misc.Unsafe.park(Native Method)
        at java.util.concurrent.locks.LockSupport.parkNanos(LockSupport.java:215)
        at java.util.concurrent.locks.AbstractQueuedSynchronizer$ConditionObject.awaitNanos(AbstractQueuedSynchronizer.java:2078)
        at java.util.concurrent.ScheduledThreadPoolExecutor$DelayedWorkQueue.take(ScheduledThreadPoolExecutor.java:1093)
        at java.util.concurrent.ScheduledThreadPoolExecutor$DelayedWorkQueue.take(ScheduledThreadPoolExecutor.java:809)
        at java.util.concurrent.ThreadPoolExecutor.getTask(ThreadPoolExecutor.java:1074)
        at java.util.concurrent.ThreadPoolExecutor.runWorker(ThreadPoolExecutor.java:1134)
        at java.util.concurrent.ThreadPoolExecutor$Worker.run(ThreadPoolExecutor.java:624)
        at java.lang.Thread.run(Thread.java:750)
"ChunkWriter-2-0" daemon prio=5 tid=4415 in Object.wait()
java.lang.Thread.State: WAITING (on object monitor)
        at sun.misc.Unsafe.park(Native Method)
        at java.util.concurrent.locks.LockSupport.park(LockSupport.java:175)
        at java.util.concurrent.locks.AbstractQueuedSynchronizer$ConditionObject.await(AbstractQueuedSynchronizer.java:2039)
        at java.util.concurrent.LinkedBlockingDeque.takeFirst(LinkedBlockingDeque.java:492)
        at java.util.concurrent.LinkedBlockingDeque.take(LinkedBlockingDeque.java:680)
        at java.util.concurrent.ThreadPoolExecutor.getTask(ThreadPoolExecutor.java:1074)
        at java.util.concurrent.ThreadPoolExecutor.runWorker(ThreadPoolExecutor.java:1134)
        at java.util.concurrent.ThreadPoolExecutor$Worker.run(ThreadPoolExecutor.java:624)
        at java.lang.Thread.run(Thread.java:750)
"IPC Server handler 12 on default port 35159" daemon prio=5 tid=4782 timed_waiting
java.lang.Thread.State: TIMED_WAITING
        at sun.misc.Unsafe.park(Native Method)
        at java.util.concurrent.locks.LockSupport.parkNanos(LockSupport.java:215)
        at java.util.concurrent.locks.AbstractQueuedSynchronizer$ConditionObject.awaitNanos(AbstractQueuedSynchronizer.java:2078)
        at java.util.concurrent.LinkedBlockingQueue.poll(LinkedBlockingQueue.java:467)
        at org.apache.hadoop.ipc.CallQueueManager.take(CallQueueManager.java:317)
        at org.apache.hadoop.ipc.Server$Handler.run(Server.java:2942)
"pool-1535-thread-1"  prio=5 tid=3217 in Object.wait()
java.lang.Thread.State: WAITING (on object monitor)
        at sun.misc.Unsafe.park(Native Method)
        at java.util.concurrent.locks.LockSupport.park(LockSupport.java:175)
        at java.util.concurrent.locks.AbstractQueuedSynchronizer$ConditionObject.await(AbstractQueuedSynchronizer.java:2039)
        at java.util.concurrent.LinkedBlockingQueue.take(LinkedBlockingQueue.java:442)
        at java.util.concurrent.ThreadPoolExecutor.getTask(ThreadPoolExecutor.java:1074)
        at java.util.concurrent.ThreadPoolExecutor.runWorker(ThreadPoolExecutor.java:1134)
        at java.util.concurrent.ThreadPoolExecutor$Worker.run(ThreadPoolExecutor.java:624)
        at java.lang.Thread.run(Thread.java:750)
"org.apache.hadoop.util.JvmPauseMonitor$Monitor@31a22fab" daemon prio=5 tid=4221 timed_waiting
java.lang.Thread.State: TIMED_WAITING
        at java.lang.Thread.sleep(Native Method)
        at org.apache.hadoop.util.JvmPauseMonitor$Monitor.run(JvmPauseMonitor.java:192)
        at java.lang.Thread.run(Thread.java:750)
"ec62b457-0040-4e07-85ab-e1dde9d29779@group-A0FC867C4483-LeaderStateImpl" daemon prio=5 tid=5589 timed_waiting
java.lang.Thread.State: TIMED_WAITING
        at sun.misc.Unsafe.park(Native Method)
        at java.util.concurrent.locks.LockSupport.parkNanos(LockSupport.java:215)
        at java.util.concurrent.locks.AbstractQueuedSynchronizer$ConditionObject.awaitNanos(AbstractQueuedSynchronizer.java:2078)
        at java.util.concurrent.ArrayBlockingQueue.poll(ArrayBlockingQueue.java:418)
        at org.apache.ratis.server.impl.LeaderStateImpl$EventQueue.poll(LeaderStateImpl.java:159)
        at org.apache.ratis.server.impl.LeaderStateImpl$EventProcessor.run(LeaderStateImpl.java:630)
"IPC Server handler 3 on default port 45267" daemon prio=5 tid=5511 timed_waiting
java.lang.Thread.State: TIMED_WAITING
        at sun.misc.Unsafe.park(Native Method)
        at java.util.concurrent.locks.LockSupport.parkNanos(LockSupport.java:215)
        at java.util.concurrent.locks.AbstractQueuedSynchronizer$ConditionObject.awaitNanos(AbstractQueuedSynchronizer.java:2078)
        at java.util.concurrent.LinkedBlockingQueue.poll(LinkedBlockingQueue.java:467)
        at org.apache.hadoop.ipc.CallQueueManager.take(CallQueueManager.java:317)
        at org.apache.hadoop.ipc.Server$Handler.run(Server.java:2942)
"IPC Server handler 3 on default port 45833" daemon prio=5 tid=3245 timed_waiting
java.lang.Thread.State: TIMED_WAITING
        at sun.misc.Unsafe.park(Native Method)
        at java.util.concurrent.locks.LockSupport.parkNanos(LockSupport.java:215)
        at java.util.concurrent.locks.AbstractQueuedSynchronizer$ConditionObject.awaitNanos(AbstractQueuedSynchronizer.java:2078)
        at java.util.concurrent.LinkedBlockingQueue.poll(LinkedBlockingQueue.java:467)
        at org.apache.hadoop.ipc.CallQueueManager.take(CallQueueManager.java:317)
        at org.apache.hadoop.ipc.Server$Handler.run(Server.java:2942)
"EventQueue-NodeRegistrationContainerReportForDataNodeSafeModeRule" daemon prio=5 tid=5593 in Object.wait()
java.lang.Thread.State: WAITING (on object monitor)
        at sun.misc.Unsafe.park(Native Method)
        at java.util.concurrent.locks.LockSupport.park(LockSupport.java:175)
        at java.util.concurrent.locks.AbstractQueuedSynchronizer$ConditionObject.await(AbstractQueuedSynchronizer.java:2039)
        at java.util.concurrent.LinkedBlockingQueue.take(LinkedBlockingQueue.java:442)
        at java.util.concurrent.ThreadPoolExecutor.getTask(ThreadPoolExecutor.java:1074)
        at java.util.concurrent.ThreadPoolExecutor.runWorker(ThreadPoolExecutor.java:1134)
        at java.util.concurrent.ThreadPoolExecutor$Worker.run(ThreadPoolExecutor.java:624)
        at java.lang.Thread.run(Thread.java:750)
"BlockDeletingService#1" daemon prio=5 tid=4349 timed_waiting
java.lang.Thread.State: TIMED_WAITING
        at sun.misc.Unsafe.park(Native Method)
        at java.util.concurrent.locks.LockSupport.parkNanos(LockSupport.java:215)
        at java.util.concurrent.locks.AbstractQueuedSynchronizer$ConditionObject.awaitNanos(AbstractQueuedSynchronizer.java:2078)
        at java.util.concurrent.ScheduledThreadPoolExecutor$DelayedWorkQueue.take(ScheduledThreadPoolExecutor.java:1093)
        at java.util.concurrent.ScheduledThreadPoolExecutor$DelayedWorkQueue.take(ScheduledThreadPoolExecutor.java:809)
        at java.util.concurrent.ThreadPoolExecutor.getTask(ThreadPoolExecutor.java:1074)
        at java.util.concurrent.ThreadPoolExecutor.runWorker(ThreadPoolExecutor.java:1134)
        at java.util.concurrent.ThreadPoolExecutor$Worker.run(ThreadPoolExecutor.java:624)
        at java.lang.Thread.run(Thread.java:750)
"SCM Heartbeat Processing Thread - 0" daemon prio=5 tid=5475 timed_waiting
java.lang.Thread.State: TIMED_WAITING
        at sun.misc.Unsafe.park(Native Method)
        at java.util.concurrent.locks.LockSupport.parkNanos(LockSupport.java:215)
        at java.util.concurrent.locks.AbstractQueuedSynchronizer$ConditionObject.awaitNanos(AbstractQueuedSynchronizer.java:2078)
        at java.util.concurrent.ScheduledThreadPoolExecutor$DelayedWorkQueue.take(ScheduledThreadPoolExecutor.java:1093)
        at java.util.concurrent.ScheduledThreadPoolExecutor$DelayedWorkQueue.take(ScheduledThreadPoolExecutor.java:809)
        at java.util.concurrent.ThreadPoolExecutor.getTask(ThreadPoolExecutor.java:1074)
        at java.util.concurrent.ThreadPoolExecutor.runWorker(ThreadPoolExecutor.java:1134)
        at java.util.concurrent.ThreadPoolExecutor$Worker.run(ThreadPoolExecutor.java:624)
        at java.lang.Thread.run(Thread.java:750)
"IPC Server handler 13 on default port 36439" daemon prio=5 tid=3797 timed_waiting
java.lang.Thread.State: TIMED_WAITING
        at sun.misc.Unsafe.park(Native Method)
        at java.util.concurrent.locks.LockSupport.parkNanos(LockSupport.java:215)
        at java.util.concurrent.locks.AbstractQueuedSynchronizer$ConditionObject.awaitNanos(AbstractQueuedSynchronizer.java:2078)
        at java.util.concurrent.LinkedBlockingQueue.poll(LinkedBlockingQueue.java:467)
        at org.apache.hadoop.ipc.CallQueueManager.take(CallQueueManager.java:317)
        at org.apache.hadoop.ipc.Server$Handler.run(Server.java:2942)
"grpc-default-executor-0" daemon prio=5 tid=466 timed_waiting
java.lang.Thread.State: TIMED_WAITING
        at sun.misc.Unsafe.park(Native Method)
        at java.util.concurrent.locks.LockSupport.parkNanos(LockSupport.java:215)
        at java.util.concurrent.SynchronousQueue$TransferStack.awaitFulfill(SynchronousQueue.java:460)
        at java.util.concurrent.SynchronousQueue$TransferStack.transfer(SynchronousQueue.java:362)
        at java.util.concurrent.SynchronousQueue.poll(SynchronousQueue.java:941)
        at java.util.concurrent.ThreadPoolExecutor.getTask(ThreadPoolExecutor.java:1073)
        at java.util.concurrent.ThreadPoolExecutor.runWorker(ThreadPoolExecutor.java:1134)
        at java.util.concurrent.ThreadPoolExecutor$Worker.run(ThreadPoolExecutor.java:624)
        at java.lang.Thread.run(Thread.java:750)
"EndpointStateMachine task thread for /0.0.0.0:36157 - 0 "  prio=5 tid=3442 in Object.wait()
java.lang.Thread.State: WAITING (on object monitor)
        at sun.misc.Unsafe.park(Native Method)
        at java.util.concurrent.locks.LockSupport.park(LockSupport.java:175)
        at java.util.concurrent.locks.AbstractQueuedSynchronizer$ConditionObject.await(AbstractQueuedSynchronizer.java:2039)
        at java.util.concurrent.LinkedBlockingQueue.take(LinkedBlockingQueue.java:442)
        at java.util.concurrent.ThreadPoolExecutor.getTask(ThreadPoolExecutor.java:1074)
        at java.util.concurrent.ThreadPoolExecutor.runWorker(ThreadPoolExecutor.java:1134)
        at java.util.concurrent.ThreadPoolExecutor$Worker.run(ThreadPoolExecutor.java:624)
        at java.lang.Thread.run(Thread.java:750)
"EventQueue-NodeRegistrationContainerReportForDataNodeSafeModeRule" daemon prio=5 tid=5362 in Object.wait()
java.lang.Thread.State: WAITING (on object monitor)
        at sun.misc.Unsafe.park(Native Method)
        at java.util.concurrent.locks.LockSupport.park(LockSupport.java:175)
        at java.util.concurrent.locks.AbstractQueuedSynchronizer$ConditionObject.await(AbstractQueuedSynchronizer.java:2039)
        at java.util.concurrent.LinkedBlockingQueue.take(LinkedBlockingQueue.java:442)
        at java.util.concurrent.ThreadPoolExecutor.getTask(ThreadPoolExecutor.java:1074)
        at java.util.concurrent.ThreadPoolExecutor.runWorker(ThreadPoolExecutor.java:1134)
        at java.util.concurrent.ThreadPoolExecutor$Worker.run(ThreadPoolExecutor.java:624)
        at java.lang.Thread.run(Thread.java:750)
"org.apache.hadoop.util.JvmPauseMonitor$Monitor@35d3af3e" daemon prio=5 tid=3314 timed_waiting
java.lang.Thread.State: TIMED_WAITING
        at java.lang.Thread.sleep(Native Method)
        at org.apache.hadoop.util.JvmPauseMonitor$Monitor.run(JvmPauseMonitor.java:192)
        at java.lang.Thread.run(Thread.java:750)
"FixedThreadPoolWithAffinityExecutor-3-0" daemon prio=5 tid=5498 timed_waiting
java.lang.Thread.State: TIMED_WAITING
        at sun.misc.Unsafe.park(Native Method)
        at java.util.concurrent.locks.LockSupport.parkNanos(LockSupport.java:215)
        at java.util.concurrent.locks.AbstractQueuedSynchronizer$ConditionObject.awaitNanos(AbstractQueuedSynchronizer.java:2078)
        at java.util.concurrent.LinkedBlockingQueue.poll(LinkedBlockingQueue.java:467)
        at org.apache.hadoop.hdds.scm.server.ContainerReportQueue.poll(ContainerReportQueue.java:266)
        at org.apache.hadoop.hdds.scm.server.ContainerReportQueue.poll(ContainerReportQueue.java:42)
        at org.apache.hadoop.hdds.server.events.FixedThreadPoolWithAffinityExecutor$ContainerReportProcessTask.run(FixedThreadPoolWithAffinityExecutor.java:248)
        at java.util.concurrent.Executors$RunnableAdapter.call(Executors.java:511)
        at java.util.concurrent.FutureTask.run(FutureTask.java:266)
        at java.util.concurrent.ThreadPoolExecutor.runWorker(ThreadPoolExecutor.java:1149)
        at java.util.concurrent.ThreadPoolExecutor$Worker.run(ThreadPoolExecutor.java:624)
        at java.lang.Thread.run(Thread.java:750)
"pool-2072-thread-1"  prio=5 tid=4232 timed_waiting
java.lang.Thread.State: TIMED_WAITING
        at sun.misc.Unsafe.park(Native Method)
        at java.util.concurrent.locks.LockSupport.parkNanos(LockSupport.java:215)
        at java.util.concurrent.locks.AbstractQueuedSynchronizer$ConditionObject.awaitNanos(AbstractQueuedSynchronizer.java:2078)
        at java.util.concurrent.ScheduledThreadPoolExecutor$DelayedWorkQueue.take(ScheduledThreadPoolExecutor.java:1093)
        at java.util.concurrent.ScheduledThreadPoolExecutor$DelayedWorkQueue.take(ScheduledThreadPoolExecutor.java:809)
        at java.util.concurrent.ThreadPoolExecutor.getTask(ThreadPoolExecutor.java:1074)
        at java.util.concurrent.ThreadPoolExecutor.runWorker(ThreadPoolExecutor.java:1134)
        at java.util.concurrent.ThreadPoolExecutor$Worker.run(ThreadPoolExecutor.java:624)
        at java.lang.Thread.run(Thread.java:750)
"Datanode ReportManager Thread - 0" daemon prio=5 tid=5159 in Object.wait()
java.lang.Thread.State: WAITING (on object monitor)
        at sun.misc.Unsafe.park(Native Method)
        at java.util.concurrent.locks.LockSupport.park(LockSupport.java:175)
        at java.util.concurrent.locks.AbstractQueuedSynchronizer$ConditionObject.await(AbstractQueuedSynchronizer.java:2039)
        at java.util.concurrent.ScheduledThreadPoolExecutor$DelayedWorkQueue.take(ScheduledThreadPoolExecutor.java:1088)
        at java.util.concurrent.ScheduledThreadPoolExecutor$DelayedWorkQueue.take(ScheduledThreadPoolExecutor.java:809)
        at java.util.concurrent.ThreadPoolExecutor.getTask(ThreadPoolExecutor.java:1074)
        at java.util.concurrent.ThreadPoolExecutor.runWorker(ThreadPoolExecutor.java:1134)
        at java.util.concurrent.ThreadPoolExecutor$Worker.run(ThreadPoolExecutor.java:624)
        at java.lang.Thread.run(Thread.java:750)
"org.apache.hadoop.util.JvmPauseMonitor$Monitor@46e742a0" daemon prio=5 tid=3342 timed_waiting
java.lang.Thread.State: TIMED_WAITING
        at java.lang.Thread.sleep(Native Method)
        at org.apache.hadoop.util.JvmPauseMonitor$Monitor.run(JvmPauseMonitor.java:192)
        at java.lang.Thread.run(Thread.java:750)
"ChunkWriter-2-0" daemon prio=5 tid=3491 in Object.wait()
java.lang.Thread.State: WAITING (on object monitor)
        at sun.misc.Unsafe.park(Native Method)
        at java.util.concurrent.locks.LockSupport.park(LockSupport.java:175)
        at java.util.concurrent.locks.AbstractQueuedSynchronizer$ConditionObject.await(AbstractQueuedSynchronizer.java:2039)
        at java.util.concurrent.LinkedBlockingDeque.takeFirst(LinkedBlockingDeque.java:492)
        at java.util.concurrent.LinkedBlockingDeque.take(LinkedBlockingDeque.java:680)
        at java.util.concurrent.ThreadPoolExecutor.getTask(ThreadPoolExecutor.java:1074)
        at java.util.concurrent.ThreadPoolExecutor.runWorker(ThreadPoolExecutor.java:1134)
        at java.util.concurrent.ThreadPoolExecutor$Worker.run(ThreadPoolExecutor.java:624)
        at java.lang.Thread.run(Thread.java:750)
"org.apache.hadoop.ozone.container.common.statemachine.commandhandler.DeleteBlocksCommandHandler$DeleteCmdWorker@1989f47c" daemon prio=5 tid=3404 timed_waiting
java.lang.Thread.State: TIMED_WAITING
        at java.lang.Thread.sleep(Native Method)
        at org.apache.hadoop.ozone.container.common.statemachine.commandhandler.DeleteBlocksCommandHandler$DeleteCmdWorker.run(DeleteBlocksCommandHandler.java:184)
        at java.lang.Thread.run(Thread.java:750)
"StaleRecoveringContainerScrubbingService#1" daemon prio=5 tid=5227 in Object.wait()
java.lang.Thread.State: WAITING (on object monitor)
        at sun.misc.Unsafe.park(Native Method)
        at java.util.concurrent.locks.LockSupport.park(LockSupport.java:175)
        at java.util.concurrent.locks.AbstractQueuedSynchronizer$ConditionObject.await(AbstractQueuedSynchronizer.java:2039)
        at java.util.concurrent.ScheduledThreadPoolExecutor$DelayedWorkQueue.take(ScheduledThreadPoolExecutor.java:1088)
        at java.util.concurrent.ScheduledThreadPoolExecutor$DelayedWorkQueue.take(ScheduledThreadPoolExecutor.java:809)
        at java.util.concurrent.ThreadPoolExecutor.getTask(ThreadPoolExecutor.java:1074)
        at java.util.concurrent.ThreadPoolExecutor.runWorker(ThreadPoolExecutor.java:1134)
        at java.util.concurrent.ThreadPoolExecutor$Worker.run(ThreadPoolExecutor.java:624)
        at java.lang.Thread.run(Thread.java:750)
"qtp1299110638-4204" daemon prio=5 tid=4204 timed_waiting
java.lang.Thread.State: TIMED_WAITING
        at sun.misc.Unsafe.park(Native Method)
        at java.util.concurrent.locks.LockSupport.parkNanos(LockSupport.java:215)
        at java.util.concurrent.locks.AbstractQueuedSynchronizer$ConditionObject.awaitNanos(AbstractQueuedSynchronizer.java:2078)
        at org.eclipse.jetty.util.BlockingArrayQueue.poll(BlockingArrayQueue.java:382)
        at org.eclipse.jetty.util.thread.QueuedThreadPool$Runner.idleJobPoll(QueuedThreadPool.java:974)
        at org.eclipse.jetty.util.thread.QueuedThreadPool$Runner.run(QueuedThreadPool.java:1018)
        at java.lang.Thread.run(Thread.java:750)
"IPC Server handler 2 on default port 36439" daemon prio=5 tid=3786 timed_waiting
java.lang.Thread.State: TIMED_WAITING
        at sun.misc.Unsafe.park(Native Method)
        at java.util.concurrent.locks.LockSupport.parkNanos(LockSupport.java:215)
        at java.util.concurrent.locks.AbstractQueuedSynchronizer$ConditionObject.awaitNanos(AbstractQueuedSynchronizer.java:2078)
        at java.util.concurrent.LinkedBlockingQueue.poll(LinkedBlockingQueue.java:467)
        at org.apache.hadoop.ipc.CallQueueManager.take(CallQueueManager.java:317)
        at org.apache.hadoop.ipc.Server$Handler.run(Server.java:2942)
"qtp194861159-3387" daemon prio=5 tid=3387 timed_waiting
java.lang.Thread.State: TIMED_WAITING
        at sun.misc.Unsafe.park(Native Method)
        at java.util.concurrent.locks.LockSupport.parkNanos(LockSupport.java:215)
        at java.util.concurrent.locks.AbstractQueuedSynchronizer$ConditionObject.awaitNanos(AbstractQueuedSynchronizer.java:2078)
        at org.eclipse.jetty.util.BlockingArrayQueue.poll(BlockingArrayQueue.java:382)
        at org.eclipse.jetty.util.thread.QueuedThreadPool$Runner.idleJobPoll(QueuedThreadPool.java:974)
        at org.eclipse.jetty.util.thread.QueuedThreadPool$Runner.run(QueuedThreadPool.java:1018)
        at java.lang.Thread.run(Thread.java:750)
"qtp1648517692-4070" daemon prio=5 tid=4070 timed_waiting
java.lang.Thread.State: TIMED_WAITING
        at sun.misc.Unsafe.park(Native Method)
        at java.util.concurrent.locks.LockSupport.parkNanos(LockSupport.java:215)
        at java.util.concurrent.locks.AbstractQueuedSynchronizer$ConditionObject.awaitNanos(AbstractQueuedSynchronizer.java:2078)
        at org.eclipse.jetty.util.BlockingArrayQueue.poll(BlockingArrayQueue.java:382)
        at org.eclipse.jetty.util.thread.QueuedThreadPool$Runner.idleJobPoll(QueuedThreadPool.java:974)
        at org.eclipse.jetty.util.thread.QueuedThreadPool$Runner.run(QueuedThreadPool.java:1018)
        at java.lang.Thread.run(Thread.java:750)
"05162e35-21c4-4960-8615-08a05e9f4f1b@group-3FB80795822F->e5184996-93a8-477c-b193-15e28d80a846-GrpcLogAppender-LogAppenderDaemon" daemon prio=5 tid=4618 runnable
java.lang.Thread.State: RUNNABLE
        at sun.misc.Unsafe.park(Native Method)
        at java.util.concurrent.locks.LockSupport.parkNanos(LockSupport.java:215)
        at java.util.concurrent.CompletableFuture$Signaller.block(CompletableFuture.java:1709)
        at java.util.concurrent.ForkJoinPool.managedBlock(ForkJoinPool.java:3323)
        at java.util.concurrent.CompletableFuture.timedGet(CompletableFuture.java:1788)
        at java.util.concurrent.CompletableFuture.get(CompletableFuture.java:1928)
        at org.apache.ratis.util.AwaitForSignal.await(AwaitForSignal.java:56)
        at org.apache.ratis.grpc.server.GrpcLogAppender.mayWait(GrpcLogAppender.java:198)
        at org.apache.ratis.grpc.server.GrpcLogAppender.run(GrpcLogAppender.java:148)
        at org.apache.ratis.server.leader.LogAppenderDaemon.run(LogAppenderDaemon.java:78)
        at org.apache.ratis.server.leader.LogAppenderDaemon$$Lambda$1074/1442786329.run(Unknown Source)
        at java.lang.Thread.run(Thread.java:750)
"BlockDeletingService#0" daemon prio=5 tid=4401 in Object.wait()
java.lang.Thread.State: WAITING (on object monitor)
        at sun.misc.Unsafe.park(Native Method)
        at java.util.concurrent.locks.LockSupport.park(LockSupport.java:175)
        at java.util.concurrent.locks.AbstractQueuedSynchronizer$ConditionObject.await(AbstractQueuedSynchronizer.java:2039)
        at java.util.concurrent.ScheduledThreadPoolExecutor$DelayedWorkQueue.take(ScheduledThreadPoolExecutor.java:1088)
        at java.util.concurrent.ScheduledThreadPoolExecutor$DelayedWorkQueue.take(ScheduledThreadPoolExecutor.java:809)
        at java.util.concurrent.ThreadPoolExecutor.getTask(ThreadPoolExecutor.java:1074)
        at java.util.concurrent.ThreadPoolExecutor.runWorker(ThreadPoolExecutor.java:1134)
        at java.util.concurrent.ThreadPoolExecutor$Worker.run(ThreadPoolExecutor.java:624)
        at java.lang.Thread.run(Thread.java:750)
"Datanode ReportManager Thread - 4" daemon prio=5 tid=5036 in Object.wait()
java.lang.Thread.State: WAITING (on object monitor)
        at sun.misc.Unsafe.park(Native Method)
        at java.util.concurrent.locks.LockSupport.park(LockSupport.java:175)
        at java.util.concurrent.locks.AbstractQueuedSynchronizer$ConditionObject.await(AbstractQueuedSynchronizer.java:2039)
        at java.util.concurrent.ScheduledThreadPoolExecutor$DelayedWorkQueue.take(ScheduledThreadPoolExecutor.java:1088)
        at java.util.concurrent.ScheduledThreadPoolExecutor$DelayedWorkQueue.take(ScheduledThreadPoolExecutor.java:809)
        at java.util.concurrent.ThreadPoolExecutor.getTask(ThreadPoolExecutor.java:1074)
        at java.util.concurrent.ThreadPoolExecutor.runWorker(ThreadPoolExecutor.java:1134)
        at java.util.concurrent.ThreadPoolExecutor$Worker.run(ThreadPoolExecutor.java:624)
        at java.lang.Thread.run(Thread.java:750)
"IPC Server handler 18 on default port 36157" daemon prio=5 tid=5566 timed_waiting
java.lang.Thread.State: TIMED_WAITING
        at sun.misc.Unsafe.park(Native Method)
        at java.util.concurrent.locks.LockSupport.parkNanos(LockSupport.java:215)
        at java.util.concurrent.locks.AbstractQueuedSynchronizer$ConditionObject.awaitNanos(AbstractQueuedSynchronizer.java:2078)
        at java.util.concurrent.LinkedBlockingQueue.poll(LinkedBlockingQueue.java:467)
        at org.apache.hadoop.ipc.CallQueueManager.take(CallQueueManager.java:317)
        at org.apache.hadoop.ipc.Server$Handler.run(Server.java:2942)
"ChunkWriter-1-0" daemon prio=5 tid=5373 in Object.wait()
java.lang.Thread.State: WAITING (on object monitor)
        at sun.misc.Unsafe.park(Native Method)
        at java.util.concurrent.locks.LockSupport.park(LockSupport.java:175)
        at java.util.concurrent.locks.AbstractQueuedSynchronizer$ConditionObject.await(AbstractQueuedSynchronizer.java:2039)
        at java.util.concurrent.LinkedBlockingDeque.takeFirst(LinkedBlockingDeque.java:492)
        at java.util.concurrent.LinkedBlockingDeque.take(LinkedBlockingDeque.java:680)
        at java.util.concurrent.ThreadPoolExecutor.getTask(ThreadPoolExecutor.java:1074)
        at java.util.concurrent.ThreadPoolExecutor.runWorker(ThreadPoolExecutor.java:1134)
        at java.util.concurrent.ThreadPoolExecutor$Worker.run(ThreadPoolExecutor.java:624)
        at java.lang.Thread.run(Thread.java:750)
"Command processor thread" daemon prio=5 tid=4356 timed_waiting
java.lang.Thread.State: TIMED_WAITING
        at java.lang.Thread.sleep(Native Method)
        at org.apache.hadoop.ozone.container.common.statemachine.DatanodeStateMachine.lambda$initCommandHandlerThread$3(DatanodeStateMachine.java:641)
        at org.apache.hadoop.ozone.container.common.statemachine.DatanodeStateMachine$$Lambda$787/339964609.run(Unknown Source)
        at java.lang.Thread.run(Thread.java:750)
"grpc-default-executor-2" daemon prio=5 tid=524 timed_waiting
java.lang.Thread.State: TIMED_WAITING
        at sun.misc.Unsafe.park(Native Method)
        at java.util.concurrent.locks.LockSupport.parkNanos(LockSupport.java:215)
        at java.util.concurrent.SynchronousQueue$TransferStack.awaitFulfill(SynchronousQueue.java:460)
        at java.util.concurrent.SynchronousQueue$TransferStack.transfer(SynchronousQueue.java:362)
        at java.util.concurrent.SynchronousQueue.poll(SynchronousQueue.java:941)
        at java.util.concurrent.ThreadPoolExecutor.getTask(ThreadPoolExecutor.java:1073)
        at java.util.concurrent.ThreadPoolExecutor.runWorker(ThreadPoolExecutor.java:1134)
        at java.util.concurrent.ThreadPoolExecutor$Worker.run(ThreadPoolExecutor.java:624)
        at java.lang.Thread.run(Thread.java:750)
"org.apache.hadoop.ozone.container.common.statemachine.commandhandler.DeleteBlocksCommandHandler$DeleteCmdWorker@2a2ec5d5" daemon prio=5 tid=5173 timed_waiting
java.lang.Thread.State: TIMED_WAITING
        at java.lang.Thread.sleep(Native Method)
        at org.apache.hadoop.ozone.container.common.statemachine.commandhandler.DeleteBlocksCommandHandler$DeleteCmdWorker.run(DeleteBlocksCommandHandler.java:184)
        at java.lang.Thread.run(Thread.java:750)
"IPC Server handler 19 on default port 39603" daemon prio=5 tid=3781 timed_waiting
java.lang.Thread.State: TIMED_WAITING
        at sun.misc.Unsafe.park(Native Method)
        at java.util.concurrent.locks.LockSupport.parkNanos(LockSupport.java:215)
        at java.util.concurrent.locks.AbstractQueuedSynchronizer$ConditionObject.awaitNanos(AbstractQueuedSynchronizer.java:2078)
        at java.util.concurrent.LinkedBlockingQueue.poll(LinkedBlockingQueue.java:467)
        at org.apache.hadoop.ipc.CallQueueManager.take(CallQueueManager.java:317)
        at org.apache.hadoop.ipc.Server$Handler.run(Server.java:2942)
"JvmPauseMonitor58" daemon prio=5 tid=5394 timed_waiting
java.lang.Thread.State: TIMED_WAITING
        at java.lang.Thread.sleep(Native Method)
        at java.lang.Thread.sleep(Thread.java:342)
        at java.util.concurrent.TimeUnit.sleep(TimeUnit.java:386)
        at org.apache.ratis.util.TimeDuration.sleep(TimeDuration.java:325)
        at org.apache.ratis.util.TimeDuration.sleep(TimeDuration.java:310)
        at org.apache.ratis.util.JvmPauseMonitor.detectPause(JvmPauseMonitor.java:119)
        at org.apache.ratis.util.JvmPauseMonitor.run(JvmPauseMonitor.java:108)
        at org.apache.ratis.util.JvmPauseMonitor$$Lambda$740/1979406568.run(Unknown Source)
        at java.lang.Thread.run(Thread.java:750)
"6ecf90bc-d89b-4751-b881-1a8d98ba8de4-server-thread1" daemon prio=5 tid=4619 timed_waiting
java.lang.Thread.State: TIMED_WAITING
        at sun.misc.Unsafe.park(Native Method)
        at java.util.concurrent.locks.LockSupport.parkNanos(LockSupport.java:215)
        at java.util.concurrent.SynchronousQueue$TransferStack.awaitFulfill(SynchronousQueue.java:460)
        at java.util.concurrent.SynchronousQueue$TransferStack.transfer(SynchronousQueue.java:362)
        at java.util.concurrent.SynchronousQueue.poll(SynchronousQueue.java:941)
        at java.util.concurrent.ThreadPoolExecutor.getTask(ThreadPoolExecutor.java:1073)
        at java.util.concurrent.ThreadPoolExecutor.runWorker(ThreadPoolExecutor.java:1134)
        at java.util.concurrent.ThreadPoolExecutor$Worker.run(ThreadPoolExecutor.java:624)
        at java.lang.Thread.run(Thread.java:750)
"ChunkReader-ELG-0" daemon prio=5 tid=4366 runnable
java.lang.Thread.State: RUNNABLE
        at org.apache.ratis.thirdparty.io.netty.channel.epoll.Native.epollWait(Native Method)
        at org.apache.ratis.thirdparty.io.netty.channel.epoll.Native.epollWait(Native.java:209)
        at org.apache.ratis.thirdparty.io.netty.channel.epoll.Native.epollWait(Native.java:202)
        at org.apache.ratis.thirdparty.io.netty.channel.epoll.EpollEventLoop.epollWaitNoTimerChange(EpollEventLoop.java:294)
        at org.apache.ratis.thirdparty.io.netty.channel.epoll.EpollEventLoop.run(EpollEventLoop.java:351)
        at org.apache.ratis.thirdparty.io.netty.util.concurrent.SingleThreadEventExecutor$4.run(SingleThreadEventExecutor.java:995)
        at org.apache.ratis.thirdparty.io.netty.util.internal.ThreadExecutorMap$2.run(ThreadExecutorMap.java:74)
        at java.lang.Thread.run(Thread.java:750)
"org.apache.hadoop.ozone.container.common.statemachine.commandhandler.DeleteBlocksCommandHandler$DeleteCmdWorker@28eef69b" daemon prio=5 tid=4327 timed_waiting
java.lang.Thread.State: TIMED_WAITING
        at java.lang.Thread.sleep(Native Method)
        at org.apache.hadoop.ozone.container.common.statemachine.commandhandler.DeleteBlocksCommandHandler$DeleteCmdWorker.run(DeleteBlocksCommandHandler.java:184)
        at java.lang.Thread.run(Thread.java:750)
"IPC Server handler 3 on default port 36003" daemon prio=5 tid=4793 timed_waiting
java.lang.Thread.State: TIMED_WAITING
        at sun.misc.Unsafe.park(Native Method)
        at java.util.concurrent.locks.LockSupport.parkNanos(LockSupport.java:215)
        at java.util.concurrent.locks.AbstractQueuedSynchronizer$ConditionObject.awaitNanos(AbstractQueuedSynchronizer.java:2078)
        at java.util.concurrent.LinkedBlockingQueue.poll(LinkedBlockingQueue.java:467)
        at org.apache.hadoop.ipc.CallQueueManager.take(CallQueueManager.java:317)
        at org.apache.hadoop.ipc.Server$Handler.run(Server.java:2942)
"Datanode State Machine Task Thread - 1"  prio=5 tid=5370 in Object.wait()
java.lang.Thread.State: WAITING (on object monitor)
        at sun.misc.Unsafe.park(Native Method)
        at java.util.concurrent.locks.LockSupport.park(LockSupport.java:175)
        at java.util.concurrent.locks.AbstractQueuedSynchronizer$ConditionObject.await(AbstractQueuedSynchronizer.java:2039)
        at java.util.concurrent.LinkedBlockingQueue.take(LinkedBlockingQueue.java:442)
        at java.util.concurrent.ThreadPoolExecutor.getTask(ThreadPoolExecutor.java:1074)
        at java.util.concurrent.ThreadPoolExecutor.runWorker(ThreadPoolExecutor.java:1134)
        at java.util.concurrent.ThreadPoolExecutor$Worker.run(ThreadPoolExecutor.java:624)
        at java.lang.Thread.run(Thread.java:750)
"ContainerOp-d03e4836-7d8d-4de7-87bd-2d1f402832ad-7"  prio=5 tid=4864 in Object.wait()
java.lang.Thread.State: WAITING (on object monitor)
        at sun.misc.Unsafe.park(Native Method)
        at java.util.concurrent.locks.LockSupport.park(LockSupport.java:175)
        at java.util.concurrent.locks.AbstractQueuedSynchronizer$ConditionObject.await(AbstractQueuedSynchronizer.java:2039)
        at java.util.concurrent.LinkedBlockingQueue.take(LinkedBlockingQueue.java:442)
        at java.util.concurrent.ThreadPoolExecutor.getTask(ThreadPoolExecutor.java:1074)
        at java.util.concurrent.ThreadPoolExecutor.runWorker(ThreadPoolExecutor.java:1134)
        at java.util.concurrent.ThreadPoolExecutor$Worker.run(ThreadPoolExecutor.java:624)
        at java.lang.Thread.run(Thread.java:750)
"Datanode State Machine Task Thread - 0"  prio=5 tid=4090 in Object.wait()
java.lang.Thread.State: WAITING (on object monitor)
        at sun.misc.Unsafe.park(Native Method)
        at java.util.concurrent.locks.LockSupport.park(LockSupport.java:175)
        at java.util.concurrent.locks.AbstractQueuedSynchronizer$ConditionObject.await(AbstractQueuedSynchronizer.java:2039)
        at java.util.concurrent.LinkedBlockingQueue.take(LinkedBlockingQueue.java:442)
        at java.util.concurrent.ThreadPoolExecutor.getTask(ThreadPoolExecutor.java:1074)
        at java.util.concurrent.ThreadPoolExecutor.runWorker(ThreadPoolExecutor.java:1134)
        at java.util.concurrent.ThreadPoolExecutor$Worker.run(ThreadPoolExecutor.java:624)
        at java.lang.Thread.run(Thread.java:750)
"StaleRecoveringContainerScrubbingService#1" daemon prio=5 tid=4348 timed_waiting
java.lang.Thread.State: TIMED_WAITING
        at sun.misc.Unsafe.park(Native Method)
        at java.util.concurrent.locks.LockSupport.parkNanos(LockSupport.java:215)
        at java.util.concurrent.locks.AbstractQueuedSynchronizer$ConditionObject.awaitNanos(AbstractQueuedSynchronizer.java:2078)
        at java.util.concurrent.ScheduledThreadPoolExecutor$DelayedWorkQueue.take(ScheduledThreadPoolExecutor.java:1093)
        at java.util.concurrent.ScheduledThreadPoolExecutor$DelayedWorkQueue.take(ScheduledThreadPoolExecutor.java:809)
        at java.util.concurrent.ThreadPoolExecutor.getTask(ThreadPoolExecutor.java:1074)
        at java.util.concurrent.ThreadPoolExecutor.runWorker(ThreadPoolExecutor.java:1134)
        at java.util.concurrent.ThreadPoolExecutor$Worker.run(ThreadPoolExecutor.java:624)
        at java.lang.Thread.run(Thread.java:750)
"RatisPipelineUtilsThread - 0"  prio=5 tid=4733 timed_waiting
java.lang.Thread.State: TIMED_WAITING
        at java.lang.Object.wait(Native Method)
        at org.apache.hadoop.hdds.scm.pipeline.BackgroundPipelineCreator.run(BackgroundPipelineCreator.java:176)
        at org.apache.hadoop.hdds.scm.pipeline.BackgroundPipelineCreator$$Lambda$406/697881247.run(Unknown Source)
        at java.lang.Thread.run(Thread.java:750)
"Datanode ReportManager Thread - 2" daemon prio=5 tid=4084 timed_waiting
java.lang.Thread.State: TIMED_WAITING
        at sun.misc.Unsafe.park(Native Method)
        at java.util.concurrent.locks.LockSupport.parkNanos(LockSupport.java:215)
        at java.util.concurrent.locks.AbstractQueuedSynchronizer$ConditionObject.awaitNanos(AbstractQueuedSynchronizer.java:2078)
        at java.util.concurrent.ScheduledThreadPoolExecutor$DelayedWorkQueue.take(ScheduledThreadPoolExecutor.java:1093)
        at java.util.concurrent.ScheduledThreadPoolExecutor$DelayedWorkQueue.take(ScheduledThreadPoolExecutor.java:809)
        at java.util.concurrent.ThreadPoolExecutor.getTask(ThreadPoolExecutor.java:1074)
        at java.util.concurrent.ThreadPoolExecutor.runWorker(ThreadPoolExecutor.java:1134)
        at java.util.concurrent.ThreadPoolExecutor$Worker.run(ThreadPoolExecutor.java:624)
        at java.lang.Thread.run(Thread.java:750)
"IPC Server handler 8 on default port 40433" daemon prio=5 tid=4818 timed_waiting
java.lang.Thread.State: TIMED_WAITING
        at sun.misc.Unsafe.park(Native Method)
        at java.util.concurrent.locks.LockSupport.parkNanos(LockSupport.java:215)
        at java.util.concurrent.locks.AbstractQueuedSynchronizer$ConditionObject.awaitNanos(AbstractQueuedSynchronizer.java:2078)
        at java.util.concurrent.LinkedBlockingQueue.poll(LinkedBlockingQueue.java:467)
        at org.apache.hadoop.ipc.CallQueueManager.take(CallQueueManager.java:317)
        at org.apache.hadoop.ipc.Server$Handler.run(Server.java:2942)
"IPC Server handler 6 on default port 39657" daemon prio=5 tid=4963 timed_waiting
java.lang.Thread.State: TIMED_WAITING
        at sun.misc.Unsafe.park(Native Method)
        at java.util.concurrent.locks.LockSupport.parkNanos(LockSupport.java:215)
        at java.util.concurrent.locks.AbstractQueuedSynchronizer$ConditionObject.awaitNanos(AbstractQueuedSynchronizer.java:2078)
        at java.util.concurrent.LinkedBlockingQueue.poll(LinkedBlockingQueue.java:467)
        at org.apache.hadoop.ipc.CallQueueManager.take(CallQueueManager.java:317)
        at org.apache.hadoop.ipc.Server$Handler.run(Server.java:2942)
"qtp70197480-5052" daemon prio=5 tid=5052 timed_waiting
java.lang.Thread.State: TIMED_WAITING
        at sun.misc.Unsafe.park(Native Method)
        at java.util.concurrent.locks.LockSupport.parkNanos(LockSupport.java:215)
        at java.util.concurrent.locks.AbstractQueuedSynchronizer$ConditionObject.awaitNanos(AbstractQueuedSynchronizer.java:2078)
        at org.eclipse.jetty.util.BlockingArrayQueue.poll(BlockingArrayQueue.java:382)
        at org.eclipse.jetty.util.thread.QueuedThreadPool$Runner.idleJobPoll(QueuedThreadPool.java:974)
        at org.eclipse.jetty.util.thread.QueuedThreadPool$Runner.run(QueuedThreadPool.java:1018)
        at java.lang.Thread.run(Thread.java:750)
"om1@group-C5BA1605619E-SegmentedRaftLogWorker"  prio=5 tid=3224 timed_waiting
java.lang.Thread.State: TIMED_WAITING
        at sun.misc.Unsafe.park(Native Method)
        at java.util.concurrent.locks.LockSupport.parkNanos(LockSupport.java:215)
        at java.util.concurrent.locks.AbstractQueuedSynchronizer$ConditionObject.awaitNanos(AbstractQueuedSynchronizer.java:2078)
        at org.apache.ratis.util.DataBlockingQueue.poll(DataBlockingQueue.java:148)
        at org.apache.ratis.server.raftlog.segmented.SegmentedRaftLogWorker.run(SegmentedRaftLogWorker.java:310)
        at org.apache.ratis.server.raftlog.segmented.SegmentedRaftLogWorker$$Lambda$699/1369416112.run(Unknown Source)
        at java.lang.Thread.run(Thread.java:750)
"IPC Server handler 2 on default port 36157" daemon prio=5 tid=5550 timed_waiting
java.lang.Thread.State: TIMED_WAITING
        at sun.misc.Unsafe.park(Native Method)
        at java.util.concurrent.locks.LockSupport.parkNanos(LockSupport.java:215)
        at java.util.concurrent.locks.AbstractQueuedSynchronizer$ConditionObject.awaitNanos(AbstractQueuedSynchronizer.java:2078)
        at java.util.concurrent.LinkedBlockingQueue.poll(LinkedBlockingQueue.java:467)
        at org.apache.hadoop.ipc.CallQueueManager.take(CallQueueManager.java:317)
        at org.apache.hadoop.ipc.Server$Handler.run(Server.java:2942)
"IPC Server handler 19 on default port 35159" daemon prio=5 tid=4789 timed_waiting
java.lang.Thread.State: TIMED_WAITING
        at sun.misc.Unsafe.park(Native Method)
        at java.util.concurrent.locks.LockSupport.parkNanos(LockSupport.java:215)
        at java.util.concurrent.locks.AbstractQueuedSynchronizer$ConditionObject.awaitNanos(AbstractQueuedSynchronizer.java:2078)
        at java.util.concurrent.LinkedBlockingQueue.poll(LinkedBlockingQueue.java:467)
        at org.apache.hadoop.ipc.CallQueueManager.take(CallQueueManager.java:317)
        at org.apache.hadoop.ipc.Server$Handler.run(Server.java:2942)
"IPC Server idle connection scanner for port 40433" daemon prio=5 tid=4743 timed_waiting
java.lang.Thread.State: TIMED_WAITING
        at java.lang.Object.wait(Native Method)
        at java.util.TimerThread.mainLoop(Timer.java:552)
        at java.util.TimerThread.run(Timer.java:505)
"ChunkWriter-0-0" daemon prio=5 tid=3465 in Object.wait()
java.lang.Thread.State: WAITING (on object monitor)
        at sun.misc.Unsafe.park(Native Method)
        at java.util.concurrent.locks.LockSupport.park(LockSupport.java:175)
        at java.util.concurrent.locks.AbstractQueuedSynchronizer$ConditionObject.await(AbstractQueuedSynchronizer.java:2039)
        at java.util.concurrent.LinkedBlockingDeque.takeFirst(LinkedBlockingDeque.java:492)
        at java.util.concurrent.LinkedBlockingDeque.take(LinkedBlockingDeque.java:680)
        at java.util.concurrent.ThreadPoolExecutor.getTask(ThreadPoolExecutor.java:1074)
        at java.util.concurrent.ThreadPoolExecutor.runWorker(ThreadPoolExecutor.java:1134)
        at java.util.concurrent.ThreadPoolExecutor$Worker.run(ThreadPoolExecutor.java:624)
        at java.lang.Thread.run(Thread.java:750)
"om1@group-C5BA1605619E-StateMachineUpdater" daemon prio=5 tid=3226 timed_waiting
java.lang.Thread.State: TIMED_WAITING
        at sun.misc.Unsafe.park(Native Method)
        at java.util.concurrent.locks.LockSupport.parkNanos(LockSupport.java:215)
        at java.util.concurrent.CompletableFuture$Signaller.block(CompletableFuture.java:1709)
        at java.util.concurrent.ForkJoinPool.managedBlock(ForkJoinPool.java:3323)
        at java.util.concurrent.CompletableFuture.timedGet(CompletableFuture.java:1788)
        at java.util.concurrent.CompletableFuture.get(CompletableFuture.java:1928)
        at org.apache.ratis.util.AwaitForSignal.await(AwaitForSignal.java:56)
        at org.apache.ratis.server.impl.StateMachineUpdater.waitForCommit(StateMachineUpdater.java:207)
        at org.apache.ratis.server.impl.StateMachineUpdater.run(StateMachineUpdater.java:176)
        at java.lang.Thread.run(Thread.java:750)
"qtp1324399707-5578" daemon prio=5 tid=5578 timed_waiting
java.lang.Thread.State: TIMED_WAITING
        at sun.misc.Unsafe.park(Native Method)
        at java.util.concurrent.locks.LockSupport.parkNanos(LockSupport.java:215)
        at java.util.concurrent.locks.AbstractQueuedSynchronizer$ConditionObject.awaitNanos(AbstractQueuedSynchronizer.java:2078)
        at org.eclipse.jetty.util.BlockingArrayQueue.poll(BlockingArrayQueue.java:382)
        at org.eclipse.jetty.util.thread.QueuedThreadPool$Runner.idleJobPoll(QueuedThreadPool.java:974)
        at org.eclipse.jetty.util.thread.QueuedThreadPool$Runner.run(QueuedThreadPool.java:1018)
        at java.lang.Thread.run(Thread.java:750)
"62944fc1-681b-46bd-93f7-2482762a7b31@group-AE848D27C9F4-SegmentedRaftLogWorker"  prio=5 tid=5237 timed_waiting
java.lang.Thread.State: TIMED_WAITING
        at sun.misc.Unsafe.park(Native Method)
        at java.util.concurrent.locks.LockSupport.parkNanos(LockSupport.java:215)
        at java.util.concurrent.locks.AbstractQueuedSynchronizer$ConditionObject.awaitNanos(AbstractQueuedSynchronizer.java:2078)
        at org.apache.ratis.util.DataBlockingQueue.poll(DataBlockingQueue.java:148)
        at org.apache.ratis.server.raftlog.segmented.SegmentedRaftLogWorker.run(SegmentedRaftLogWorker.java:310)
        at org.apache.ratis.server.raftlog.segmented.SegmentedRaftLogWorker$$Lambda$699/1369416112.run(Unknown Source)
        at java.lang.Thread.run(Thread.java:750)
"StaleRecoveringContainerScrubbingService#2" daemon prio=5 tid=4984 in Object.wait()
java.lang.Thread.State: WAITING (on object monitor)
        at sun.misc.Unsafe.park(Native Method)
        at java.util.concurrent.locks.LockSupport.park(LockSupport.java:175)
        at java.util.concurrent.locks.AbstractQueuedSynchronizer$ConditionObject.await(AbstractQueuedSynchronizer.java:2039)
        at java.util.concurrent.ScheduledThreadPoolExecutor$DelayedWorkQueue.take(ScheduledThreadPoolExecutor.java:1088)
        at java.util.concurrent.ScheduledThreadPoolExecutor$DelayedWorkQueue.take(ScheduledThreadPoolExecutor.java:809)
        at java.util.concurrent.ThreadPoolExecutor.getTask(ThreadPoolExecutor.java:1074)
        at java.util.concurrent.ThreadPoolExecutor.runWorker(ThreadPoolExecutor.java:1134)
        at java.util.concurrent.ThreadPoolExecutor$Worker.run(ThreadPoolExecutor.java:624)
        at java.lang.Thread.run(Thread.java:750)
"ChunkWriter-0-0" daemon prio=5 tid=4413 in Object.wait()
java.lang.Thread.State: WAITING (on object monitor)
        at sun.misc.Unsafe.park(Native Method)
        at java.util.concurrent.locks.LockSupport.park(LockSupport.java:175)
        at java.util.concurrent.locks.AbstractQueuedSynchronizer$ConditionObject.await(AbstractQueuedSynchronizer.java:2039)
        at java.util.concurrent.LinkedBlockingDeque.takeFirst(LinkedBlockingDeque.java:492)
        at java.util.concurrent.LinkedBlockingDeque.take(LinkedBlockingDeque.java:680)
        at java.util.concurrent.ThreadPoolExecutor.getTask(ThreadPoolExecutor.java:1074)
        at java.util.concurrent.ThreadPoolExecutor.runWorker(ThreadPoolExecutor.java:1134)
        at java.util.concurrent.ThreadPoolExecutor$Worker.run(ThreadPoolExecutor.java:624)
        at java.lang.Thread.run(Thread.java:750)
"qtp1938906929-4124" daemon prio=5 tid=4124 timed_waiting
java.lang.Thread.State: TIMED_WAITING
        at sun.misc.Unsafe.park(Native Method)
        at java.util.concurrent.locks.LockSupport.parkNanos(LockSupport.java:215)
        at java.util.concurrent.locks.AbstractQueuedSynchronizer$ConditionObject.awaitNanos(AbstractQueuedSynchronizer.java:2078)
        at org.eclipse.jetty.util.BlockingArrayQueue.poll(BlockingArrayQueue.java:382)
        at org.eclipse.jetty.util.thread.QueuedThreadPool$Runner.idleJobPoll(QueuedThreadPool.java:974)
        at org.eclipse.jetty.util.thread.QueuedThreadPool$Runner.run(QueuedThreadPool.java:1018)
        at java.lang.Thread.run(Thread.java:750)
"org.apache.hadoop.util.JvmPauseMonitor$Monitor@129242fb" daemon prio=5 tid=3287 timed_waiting
java.lang.Thread.State: TIMED_WAITING
        at java.lang.Thread.sleep(Native Method)
        at org.apache.hadoop.util.JvmPauseMonitor$Monitor.run(JvmPauseMonitor.java:192)
        at java.lang.Thread.run(Thread.java:750)
"ChunkReader-ELG-0" daemon prio=5 tid=3470 runnable
java.lang.Thread.State: RUNNABLE
        at org.apache.ratis.thirdparty.io.netty.channel.epoll.Native.epollWait(Native Method)
        at org.apache.ratis.thirdparty.io.netty.channel.epoll.Native.epollWait(Native.java:209)
        at org.apache.ratis.thirdparty.io.netty.channel.epoll.Native.epollWait(Native.java:202)
        at org.apache.ratis.thirdparty.io.netty.channel.epoll.EpollEventLoop.epollWaitNoTimerChange(EpollEventLoop.java:294)
        at org.apache.ratis.thirdparty.io.netty.channel.epoll.EpollEventLoop.run(EpollEventLoop.java:351)
        at org.apache.ratis.thirdparty.io.netty.util.concurrent.SingleThreadEventExecutor$4.run(SingleThreadEventExecutor.java:995)
        at org.apache.ratis.thirdparty.io.netty.util.internal.ThreadExecutorMap$2.run(ThreadExecutorMap.java:74)
        at java.lang.Thread.run(Thread.java:750)
"Periodic HDDS volume checker" daemon prio=5 tid=4284 timed_waiting
java.lang.Thread.State: TIMED_WAITING
        at sun.misc.Unsafe.park(Native Method)
        at java.util.concurrent.locks.LockSupport.parkNanos(LockSupport.java:215)
        at java.util.concurrent.locks.AbstractQueuedSynchronizer$ConditionObject.awaitNanos(AbstractQueuedSynchronizer.java:2078)
        at java.util.concurrent.ScheduledThreadPoolExecutor$DelayedWorkQueue.take(ScheduledThreadPoolExecutor.java:1093)
        at java.util.concurrent.ScheduledThreadPoolExecutor$DelayedWorkQueue.take(ScheduledThreadPoolExecutor.java:809)
        at java.util.concurrent.ThreadPoolExecutor.getTask(ThreadPoolExecutor.java:1074)
        at java.util.concurrent.ThreadPoolExecutor.runWorker(ThreadPoolExecutor.java:1134)
        at java.util.concurrent.ThreadPoolExecutor$Worker.run(ThreadPoolExecutor.java:624)
        at java.lang.Thread.run(Thread.java:750)
"qtp97689361-3327" daemon prio=5 tid=3327 timed_waiting
java.lang.Thread.State: TIMED_WAITING
        at sun.misc.Unsafe.park(Native Method)
        at java.util.concurrent.locks.LockSupport.parkNanos(LockSupport.java:215)
        at java.util.concurrent.locks.AbstractQueuedSynchronizer$ConditionObject.awaitNanos(AbstractQueuedSynchronizer.java:2078)
        at org.eclipse.jetty.util.BlockingArrayQueue.poll(BlockingArrayQueue.java:382)
        at org.eclipse.jetty.util.thread.QueuedThreadPool$Runner.idleJobPoll(QueuedThreadPool.java:974)
        at org.eclipse.jetty.util.thread.QueuedThreadPool$Runner.run(QueuedThreadPool.java:1018)
        at java.lang.Thread.run(Thread.java:750)
"pool-2568-thread-1"  prio=5 tid=5135 timed_waiting
java.lang.Thread.State: TIMED_WAITING
        at sun.misc.Unsafe.park(Native Method)
        at java.util.concurrent.locks.LockSupport.parkNanos(LockSupport.java:215)
        at java.util.concurrent.locks.AbstractQueuedSynchronizer$ConditionObject.awaitNanos(AbstractQueuedSynchronizer.java:2078)
        at java.util.concurrent.ScheduledThreadPoolExecutor$DelayedWorkQueue.take(ScheduledThreadPoolExecutor.java:1093)
        at java.util.concurrent.ScheduledThreadPoolExecutor$DelayedWorkQueue.take(ScheduledThreadPoolExecutor.java:809)
        at java.util.concurrent.ThreadPoolExecutor.getTask(ThreadPoolExecutor.java:1074)
        at java.util.concurrent.ThreadPoolExecutor.runWorker(ThreadPoolExecutor.java:1134)
        at java.util.concurrent.ThreadPoolExecutor$Worker.run(ThreadPoolExecutor.java:624)
        at java.lang.Thread.run(Thread.java:750)
"IPC Server handler 0 on default port 34529" daemon prio=5 tid=5528 timed_waiting
java.lang.Thread.State: TIMED_WAITING
        at sun.misc.Unsafe.park(Native Method)
        at java.util.concurrent.locks.LockSupport.parkNanos(LockSupport.java:215)
        at java.util.concurrent.locks.AbstractQueuedSynchronizer$ConditionObject.awaitNanos(AbstractQueuedSynchronizer.java:2078)
        at java.util.concurrent.LinkedBlockingQueue.poll(LinkedBlockingQueue.java:467)
        at org.apache.hadoop.ipc.CallQueueManager.take(CallQueueManager.java:317)
        at org.apache.hadoop.ipc.Server$Handler.run(Server.java:2942)
"62944fc1-681b-46bd-93f7-2482762a7b31@group-AE848D27C9F4-FollowerState" daemon prio=5 tid=5454 timed_waiting
java.lang.Thread.State: TIMED_WAITING
        at java.lang.Thread.sleep(Native Method)
        at java.lang.Thread.sleep(Thread.java:342)
        at java.util.concurrent.TimeUnit.sleep(TimeUnit.java:386)
        at org.apache.ratis.util.TimeDuration.sleep(TimeDuration.java:325)
        at org.apache.ratis.util.TimeDuration.sleep(TimeDuration.java:310)
        at org.apache.ratis.server.impl.FollowerState.run(FollowerState.java:128)
"Datanode State Machine Task Thread - 1"  prio=5 tid=3487 in Object.wait()
java.lang.Thread.State: WAITING (on object monitor)
        at sun.misc.Unsafe.park(Native Method)
        at java.util.concurrent.locks.LockSupport.park(LockSupport.java:175)
        at java.util.concurrent.locks.AbstractQueuedSynchronizer$ConditionObject.await(AbstractQueuedSynchronizer.java:2039)
        at java.util.concurrent.LinkedBlockingQueue.take(LinkedBlockingQueue.java:442)
        at java.util.concurrent.ThreadPoolExecutor.getTask(ThreadPoolExecutor.java:1074)
        at java.util.concurrent.ThreadPoolExecutor.runWorker(ThreadPoolExecutor.java:1134)
        at java.util.concurrent.ThreadPoolExecutor$Worker.run(ThreadPoolExecutor.java:624)
        at java.lang.Thread.run(Thread.java:750)
"Over Replicated Processor" daemon prio=5 tid=3729 timed_waiting
java.lang.Thread.State: TIMED_WAITING
        at java.lang.Object.wait(Native Method)
        at org.apache.hadoop.hdds.scm.container.replication.OverReplicatedProcessor.run(OverReplicatedProcessor.java:136)
        at java.lang.Thread.run(Thread.java:750)
"IPC Server handler 17 on default port 41341" daemon prio=5 tid=3821 timed_waiting
java.lang.Thread.State: TIMED_WAITING
        at sun.misc.Unsafe.park(Native Method)
        at java.util.concurrent.locks.LockSupport.parkNanos(LockSupport.java:215)
        at java.util.concurrent.locks.AbstractQueuedSynchronizer$ConditionObject.awaitNanos(AbstractQueuedSynchronizer.java:2078)
        at java.util.concurrent.LinkedBlockingQueue.poll(LinkedBlockingQueue.java:467)
        at org.apache.hadoop.ipc.CallQueueManager.take(CallQueueManager.java:317)
        at org.apache.hadoop.ipc.Server$Handler.run(Server.java:2942)
"Session-HouseKeeper-1aa5586e-1"  prio=5 tid=4208 timed_waiting
java.lang.Thread.State: TIMED_WAITING
        at sun.misc.Unsafe.park(Native Method)
        at java.util.concurrent.locks.LockSupport.parkNanos(LockSupport.java:215)
        at java.util.concurrent.locks.AbstractQueuedSynchronizer$ConditionObject.awaitNanos(AbstractQueuedSynchronizer.java:2078)
        at java.util.concurrent.ScheduledThreadPoolExecutor$DelayedWorkQueue.take(ScheduledThreadPoolExecutor.java:1093)
        at java.util.concurrent.ScheduledThreadPoolExecutor$DelayedWorkQueue.take(ScheduledThreadPoolExecutor.java:809)
        at java.util.concurrent.ThreadPoolExecutor.getTask(ThreadPoolExecutor.java:1074)
        at java.util.concurrent.ThreadPoolExecutor.runWorker(ThreadPoolExecutor.java:1134)
        at java.util.concurrent.ThreadPoolExecutor$Worker.run(ThreadPoolExecutor.java:624)
        at java.lang.Thread.run(Thread.java:750)
"IPC Server handler 18 on default port 35159" daemon prio=5 tid=4788 timed_waiting
java.lang.Thread.State: TIMED_WAITING
        at sun.misc.Unsafe.park(Native Method)
        at java.util.concurrent.locks.LockSupport.parkNanos(LockSupport.java:215)
        at java.util.concurrent.locks.AbstractQueuedSynchronizer$ConditionObject.awaitNanos(AbstractQueuedSynchronizer.java:2078)
        at java.util.concurrent.LinkedBlockingQueue.poll(LinkedBlockingQueue.java:467)
        at org.apache.hadoop.ipc.CallQueueManager.take(CallQueueManager.java:317)
        at org.apache.hadoop.ipc.Server$Handler.run(Server.java:2942)
"qtp1884543100-3832" daemon prio=5 tid=3832 timed_waiting
java.lang.Thread.State: TIMED_WAITING
        at sun.misc.Unsafe.park(Native Method)
        at java.util.concurrent.locks.LockSupport.parkNanos(LockSupport.java:215)
        at java.util.concurrent.locks.AbstractQueuedSynchronizer$ConditionObject.awaitNanos(AbstractQueuedSynchronizer.java:2078)
        at org.eclipse.jetty.util.BlockingArrayQueue.poll(BlockingArrayQueue.java:382)
        at org.eclipse.jetty.util.thread.QueuedThreadPool$Runner.idleJobPoll(QueuedThreadPool.java:974)
        at org.eclipse.jetty.util.thread.QueuedThreadPool$Runner.run(QueuedThreadPool.java:1018)
        at java.lang.Thread.run(Thread.java:750)
"05162e35-21c4-4960-8615-08a05e9f4f1b@group-3FB80795822F-LeaderStateImpl" daemon prio=5 tid=4616 timed_waiting
java.lang.Thread.State: TIMED_WAITING
        at sun.misc.Unsafe.park(Native Method)
        at java.util.concurrent.locks.LockSupport.parkNanos(LockSupport.java:215)
        at java.util.concurrent.locks.AbstractQueuedSynchronizer$ConditionObject.awaitNanos(AbstractQueuedSynchronizer.java:2078)
        at java.util.concurrent.ArrayBlockingQueue.poll(ArrayBlockingQueue.java:418)
        at org.apache.ratis.server.impl.LeaderStateImpl$EventQueue.poll(LeaderStateImpl.java:159)
        at org.apache.ratis.server.impl.LeaderStateImpl$EventProcessor.run(LeaderStateImpl.java:630)
"ChunkWriter-2-0" daemon prio=5 tid=5356 in Object.wait()
java.lang.Thread.State: WAITING (on object monitor)
        at sun.misc.Unsafe.park(Native Method)
        at java.util.concurrent.locks.LockSupport.park(LockSupport.java:175)
        at java.util.concurrent.locks.AbstractQueuedSynchronizer$ConditionObject.await(AbstractQueuedSynchronizer.java:2039)
        at java.util.concurrent.LinkedBlockingDeque.takeFirst(LinkedBlockingDeque.java:492)
        at java.util.concurrent.LinkedBlockingDeque.take(LinkedBlockingDeque.java:680)
        at java.util.concurrent.ThreadPoolExecutor.getTask(ThreadPoolExecutor.java:1074)
        at java.util.concurrent.ThreadPoolExecutor.runWorker(ThreadPoolExecutor.java:1134)
        at java.util.concurrent.ThreadPoolExecutor$Worker.run(ThreadPoolExecutor.java:624)
        at java.lang.Thread.run(Thread.java:750)
"qtp336816364-5002" daemon prio=5 tid=5002 timed_waiting
java.lang.Thread.State: TIMED_WAITING
        at sun.misc.Unsafe.park(Native Method)
        at java.util.concurrent.locks.LockSupport.parkNanos(LockSupport.java:215)
        at java.util.concurrent.locks.AbstractQueuedSynchronizer$ConditionObject.awaitNanos(AbstractQueuedSynchronizer.java:2078)
        at org.eclipse.jetty.util.BlockingArrayQueue.poll(BlockingArrayQueue.java:382)
        at org.eclipse.jetty.util.thread.QueuedThreadPool$Runner.idleJobPoll(QueuedThreadPool.java:974)
        at org.eclipse.jetty.util.thread.QueuedThreadPool$Runner.run(QueuedThreadPool.java:1018)
        at java.lang.Thread.run(Thread.java:750)
"StaleRecoveringContainerScrubbingService#0" daemon prio=5 tid=3472 in Object.wait()
java.lang.Thread.State: WAITING (on object monitor)
        at sun.misc.Unsafe.park(Native Method)
        at java.util.concurrent.locks.LockSupport.park(LockSupport.java:175)
        at java.util.concurrent.locks.AbstractQueuedSynchronizer$ConditionObject.await(AbstractQueuedSynchronizer.java:2039)
        at java.util.concurrent.ScheduledThreadPoolExecutor$DelayedWorkQueue.take(ScheduledThreadPoolExecutor.java:1088)
        at java.util.concurrent.ScheduledThreadPoolExecutor$DelayedWorkQueue.take(ScheduledThreadPoolExecutor.java:809)
        at java.util.concurrent.ThreadPoolExecutor.getTask(ThreadPoolExecutor.java:1074)
        at java.util.concurrent.ThreadPoolExecutor.runWorker(ThreadPoolExecutor.java:1134)
        at java.util.concurrent.ThreadPoolExecutor$Worker.run(ThreadPoolExecutor.java:624)
        at java.lang.Thread.run(Thread.java:750)
"IPC Server handler 3 on default port 39657" daemon prio=5 tid=4960 timed_waiting
java.lang.Thread.State: TIMED_WAITING
        at sun.misc.Unsafe.park(Native Method)
        at java.util.concurrent.locks.LockSupport.parkNanos(LockSupport.java:215)
        at java.util.concurrent.locks.AbstractQueuedSynchronizer$ConditionObject.awaitNanos(AbstractQueuedSynchronizer.java:2078)
        at java.util.concurrent.LinkedBlockingQueue.poll(LinkedBlockingQueue.java:467)
        at org.apache.hadoop.ipc.CallQueueManager.take(CallQueueManager.java:317)
        at org.apache.hadoop.ipc.Server$Handler.run(Server.java:2942)
"org.apache.hadoop.util.JvmPauseMonitor$Monitor@1b7ea4bc" daemon prio=5 tid=5066 timed_waiting
java.lang.Thread.State: TIMED_WAITING
        at java.lang.Thread.sleep(Native Method)
        at org.apache.hadoop.util.JvmPauseMonitor$Monitor.run(JvmPauseMonitor.java:192)
        at java.lang.Thread.run(Thread.java:750)
"IPC Server idle connection scanner for port 45267" daemon prio=5 tid=5493 timed_waiting
java.lang.Thread.State: TIMED_WAITING
        at java.lang.Object.wait(Native Method)
        at java.util.TimerThread.mainLoop(Timer.java:552)
        at java.util.TimerThread.run(Timer.java:505)
"qtp377899364-4335" daemon prio=5 tid=4335 timed_waiting
java.lang.Thread.State: TIMED_WAITING
        at sun.misc.Unsafe.park(Native Method)
        at java.util.concurrent.locks.LockSupport.parkNanos(LockSupport.java:215)
        at java.util.concurrent.locks.AbstractQueuedSynchronizer$ConditionObject.awaitNanos(AbstractQueuedSynchronizer.java:2078)
        at org.eclipse.jetty.util.BlockingArrayQueue.poll(BlockingArrayQueue.java:382)
        at org.eclipse.jetty.util.thread.QueuedThreadPool$Runner.idleJobPoll(QueuedThreadPool.java:974)
        at org.eclipse.jetty.util.thread.QueuedThreadPool$Runner.run(QueuedThreadPool.java:1018)
        at java.lang.Thread.run(Thread.java:750)
"ContainerOp-d03e4836-7d8d-4de7-87bd-2d1f402832ad-2"  prio=5 tid=4846 in Object.wait()
java.lang.Thread.State: WAITING (on object monitor)
        at sun.misc.Unsafe.park(Native Method)
        at java.util.concurrent.locks.LockSupport.park(LockSupport.java:175)
        at java.util.concurrent.locks.AbstractQueuedSynchronizer$ConditionObject.await(AbstractQueuedSynchronizer.java:2039)
        at java.util.concurrent.LinkedBlockingQueue.take(LinkedBlockingQueue.java:442)
        at java.util.concurrent.ThreadPoolExecutor.getTask(ThreadPoolExecutor.java:1074)
        at java.util.concurrent.ThreadPoolExecutor.runWorker(ThreadPoolExecutor.java:1134)
        at java.util.concurrent.ThreadPoolExecutor$Worker.run(ThreadPoolExecutor.java:624)
        at java.lang.Thread.run(Thread.java:750)
"IPC Server handler 11 on default port 45267" daemon prio=5 tid=5519 timed_waiting
java.lang.Thread.State: TIMED_WAITING
        at sun.misc.Unsafe.park(Native Method)
        at java.util.concurrent.locks.LockSupport.parkNanos(LockSupport.java:215)
        at java.util.concurrent.locks.AbstractQueuedSynchronizer$ConditionObject.awaitNanos(AbstractQueuedSynchronizer.java:2078)
        at java.util.concurrent.LinkedBlockingQueue.poll(LinkedBlockingQueue.java:467)
        at org.apache.hadoop.ipc.CallQueueManager.take(CallQueueManager.java:317)
        at org.apache.hadoop.ipc.Server$Handler.run(Server.java:2942)
"qtp952995720-3409" daemon prio=5 tid=3409 timed_waiting
java.lang.Thread.State: TIMED_WAITING
        at sun.misc.Unsafe.park(Native Method)
        at java.util.concurrent.locks.LockSupport.parkNanos(LockSupport.java:215)
        at java.util.concurrent.locks.AbstractQueuedSynchronizer$ConditionObject.awaitNanos(AbstractQueuedSynchronizer.java:2078)
        at org.eclipse.jetty.util.BlockingArrayQueue.poll(BlockingArrayQueue.java:382)
        at org.eclipse.jetty.util.thread.QueuedThreadPool$Runner.idleJobPoll(QueuedThreadPool.java:974)
        at org.eclipse.jetty.util.thread.QueuedThreadPool$Runner.run(QueuedThreadPool.java:1018)
        at java.lang.Thread.run(Thread.java:750)
"ChunkWriter-2-0" daemon prio=5 tid=3551 in Object.wait()
java.lang.Thread.State: WAITING (on object monitor)
        at sun.misc.Unsafe.park(Native Method)
        at java.util.concurrent.locks.LockSupport.park(LockSupport.java:175)
        at java.util.concurrent.locks.AbstractQueuedSynchronizer$ConditionObject.await(AbstractQueuedSynchronizer.java:2039)
        at java.util.concurrent.LinkedBlockingDeque.takeFirst(LinkedBlockingDeque.java:492)
        at java.util.concurrent.LinkedBlockingDeque.take(LinkedBlockingDeque.java:680)
        at java.util.concurrent.ThreadPoolExecutor.getTask(ThreadPoolExecutor.java:1074)
        at java.util.concurrent.ThreadPoolExecutor.runWorker(ThreadPoolExecutor.java:1134)
        at java.util.concurrent.ThreadPoolExecutor$Worker.run(ThreadPoolExecutor.java:624)
        at java.lang.Thread.run(Thread.java:750)
"qtp70197480-5053" daemon prio=5 tid=5053 timed_waiting
java.lang.Thread.State: TIMED_WAITING
        at sun.misc.Unsafe.park(Native Method)
        at java.util.concurrent.locks.LockSupport.parkNanos(LockSupport.java:215)
        at java.util.concurrent.locks.AbstractQueuedSynchronizer$ConditionObject.awaitNanos(AbstractQueuedSynchronizer.java:2078)
        at org.eclipse.jetty.util.BlockingArrayQueue.poll(BlockingArrayQueue.java:382)
        at org.eclipse.jetty.util.thread.QueuedThreadPool$Runner.idleJobPoll(QueuedThreadPool.java:974)
        at org.eclipse.jetty.util.thread.QueuedThreadPool$Runner.run(QueuedThreadPool.java:1018)
        at java.lang.Thread.run(Thread.java:750)
"dba9af6d-6e82-4367-aab1-8cf42182a7ab@group-2D1F402832AD-StateMachineUpdater" daemon prio=5 tid=3574 timed_waiting
java.lang.Thread.State: TIMED_WAITING
        at sun.misc.Unsafe.park(Native Method)
        at java.util.concurrent.locks.LockSupport.parkNanos(LockSupport.java:215)
        at java.util.concurrent.CompletableFuture$Signaller.block(CompletableFuture.java:1709)
        at java.util.concurrent.ForkJoinPool.managedBlock(ForkJoinPool.java:3323)
        at java.util.concurrent.CompletableFuture.timedGet(CompletableFuture.java:1788)
        at java.util.concurrent.CompletableFuture.get(CompletableFuture.java:1928)
        at org.apache.ratis.util.AwaitForSignal.await(AwaitForSignal.java:56)
        at org.apache.ratis.server.impl.StateMachineUpdater.waitForCommit(StateMachineUpdater.java:207)
        at org.apache.ratis.server.impl.StateMachineUpdater.run(StateMachineUpdater.java:176)
        at java.lang.Thread.run(Thread.java:750)
"org.apache.hadoop.util.JvmPauseMonitor$Monitor@3f4b21cd" daemon prio=5 tid=5092 timed_waiting
java.lang.Thread.State: TIMED_WAITING
        at java.lang.Thread.sleep(Native Method)
        at org.apache.hadoop.util.JvmPauseMonitor$Monitor.run(JvmPauseMonitor.java:192)
        at java.lang.Thread.run(Thread.java:750)
"IPC Server idle connection scanner for port 39657" daemon prio=5 tid=4937 timed_waiting
java.lang.Thread.State: TIMED_WAITING
        at java.lang.Object.wait(Native Method)
        at java.util.TimerThread.mainLoop(Timer.java:552)
        at java.util.TimerThread.run(Timer.java:505)
"qtp973406047-4310" daemon prio=5 tid=4310 timed_waiting
java.lang.Thread.State: TIMED_WAITING
        at sun.misc.Unsafe.park(Native Method)
        at java.util.concurrent.locks.LockSupport.parkNanos(LockSupport.java:215)
        at java.util.concurrent.locks.AbstractQueuedSynchronizer$ConditionObject.awaitNanos(AbstractQueuedSynchronizer.java:2078)
        at org.eclipse.jetty.util.BlockingArrayQueue.poll(BlockingArrayQueue.java:382)
        at org.eclipse.jetty.util.thread.QueuedThreadPool$Runner.idleJobPoll(QueuedThreadPool.java:974)
        at org.eclipse.jetty.util.thread.QueuedThreadPool$Runner.run(QueuedThreadPool.java:1018)
        at java.lang.Thread.run(Thread.java:750)
"pool-1657-thread-1" daemon prio=5 tid=3401 timed_waiting
java.lang.Thread.State: TIMED_WAITING
        at sun.misc.Unsafe.park(Native Method)
        at java.util.concurrent.locks.LockSupport.parkNanos(LockSupport.java:215)
        at java.util.concurrent.locks.AbstractQueuedSynchronizer$ConditionObject.awaitNanos(AbstractQueuedSynchronizer.java:2078)
        at java.util.concurrent.ScheduledThreadPoolExecutor$DelayedWorkQueue.take(ScheduledThreadPoolExecutor.java:1093)
        at java.util.concurrent.ScheduledThreadPoolExecutor$DelayedWorkQueue.take(ScheduledThreadPoolExecutor.java:809)
        at java.util.concurrent.ThreadPoolExecutor.getTask(ThreadPoolExecutor.java:1074)
        at java.util.concurrent.ThreadPoolExecutor.runWorker(ThreadPoolExecutor.java:1134)
        at java.util.concurrent.ThreadPoolExecutor$Worker.run(ThreadPoolExecutor.java:624)
        at java.lang.Thread.run(Thread.java:750)
"qtp857619324-5028" daemon prio=5 tid=5028 timed_waiting
java.lang.Thread.State: TIMED_WAITING
        at sun.misc.Unsafe.park(Native Method)
        at java.util.concurrent.locks.LockSupport.parkNanos(LockSupport.java:215)
        at java.util.concurrent.locks.AbstractQueuedSynchronizer$ConditionObject.awaitNanos(AbstractQueuedSynchronizer.java:2078)
        at org.eclipse.jetty.util.BlockingArrayQueue.poll(BlockingArrayQueue.java:382)
        at org.eclipse.jetty.util.thread.QueuedThreadPool$Runner.idleJobPoll(QueuedThreadPool.java:974)
        at org.eclipse.jetty.util.thread.QueuedThreadPool$Runner.run(QueuedThreadPool.java:1018)
        at java.lang.Thread.run(Thread.java:750)
"6ecf90bc-d89b-4751-b881-1a8d98ba8de4@group-3FB80795822F-StateMachineUpdater" daemon prio=5 tid=4470 timed_waiting
java.lang.Thread.State: TIMED_WAITING
        at sun.misc.Unsafe.park(Native Method)
        at java.util.concurrent.locks.LockSupport.parkNanos(LockSupport.java:215)
        at java.util.concurrent.CompletableFuture$Signaller.block(CompletableFuture.java:1709)
        at java.util.concurrent.ForkJoinPool.managedBlock(ForkJoinPool.java:3323)
        at java.util.concurrent.CompletableFuture.timedGet(CompletableFuture.java:1788)
        at java.util.concurrent.CompletableFuture.get(CompletableFuture.java:1928)
        at org.apache.ratis.util.AwaitForSignal.await(AwaitForSignal.java:56)
        at org.apache.ratis.server.impl.StateMachineUpdater.waitForCommit(StateMachineUpdater.java:207)
        at org.apache.ratis.server.impl.StateMachineUpdater.run(StateMachineUpdater.java:176)
        at java.lang.Thread.run(Thread.java:750)
"BlockDeletingService#0" daemon prio=5 tid=4299 in Object.wait()
java.lang.Thread.State: WAITING (on object monitor)
        at sun.misc.Unsafe.park(Native Method)
        at java.util.concurrent.locks.LockSupport.park(LockSupport.java:175)
        at java.util.concurrent.locks.AbstractQueuedSynchronizer$ConditionObject.await(AbstractQueuedSynchronizer.java:2039)
        at java.util.concurrent.ScheduledThreadPoolExecutor$DelayedWorkQueue.take(ScheduledThreadPoolExecutor.java:1088)
        at java.util.concurrent.ScheduledThreadPoolExecutor$DelayedWorkQueue.take(ScheduledThreadPoolExecutor.java:809)
        at java.util.concurrent.ThreadPoolExecutor.getTask(ThreadPoolExecutor.java:1074)
        at java.util.concurrent.ThreadPoolExecutor.runWorker(ThreadPoolExecutor.java:1134)
        at java.util.concurrent.ThreadPoolExecutor$Worker.run(ThreadPoolExecutor.java:624)
        at java.lang.Thread.run(Thread.java:750)
"BlockDeletingService#1" daemon prio=5 tid=4444 timed_waiting
java.lang.Thread.State: TIMED_WAITING
        at sun.misc.Unsafe.park(Native Method)
        at java.util.concurrent.locks.LockSupport.parkNanos(LockSupport.java:215)
        at java.util.concurrent.locks.AbstractQueuedSynchronizer$ConditionObject.awaitNanos(AbstractQueuedSynchronizer.java:2078)
        at java.util.concurrent.ScheduledThreadPoolExecutor$DelayedWorkQueue.take(ScheduledThreadPoolExecutor.java:1093)
        at java.util.concurrent.ScheduledThreadPoolExecutor$DelayedWorkQueue.take(ScheduledThreadPoolExecutor.java:809)
        at java.util.concurrent.ThreadPoolExecutor.getTask(ThreadPoolExecutor.java:1074)
        at java.util.concurrent.ThreadPoolExecutor.runWorker(ThreadPoolExecutor.java:1134)
        at java.util.concurrent.ThreadPoolExecutor$Worker.run(ThreadPoolExecutor.java:624)
        at java.lang.Thread.run(Thread.java:750)
"PartialTableCache Cleanup Thread - 0" daemon prio=5 tid=2939 in Object.wait()
java.lang.Thread.State: WAITING (on object monitor)
        at sun.misc.Unsafe.park(Native Method)
        at java.util.concurrent.locks.LockSupport.park(LockSupport.java:175)
        at java.util.concurrent.locks.AbstractQueuedSynchronizer$ConditionObject.await(AbstractQueuedSynchronizer.java:2039)
        at java.util.concurrent.LinkedBlockingQueue.take(LinkedBlockingQueue.java:442)
        at java.util.concurrent.ThreadPoolExecutor.getTask(ThreadPoolExecutor.java:1074)
        at java.util.concurrent.ThreadPoolExecutor.runWorker(ThreadPoolExecutor.java:1134)
        at java.util.concurrent.ThreadPoolExecutor$Worker.run(ThreadPoolExecutor.java:624)
        at java.lang.Thread.run(Thread.java:750)
"IPC Server Responder" daemon prio=5 tid=3966 runnable
java.lang.Thread.State: RUNNABLE
        at sun.nio.ch.EPollArrayWrapper.epollWait(Native Method)
        at sun.nio.ch.EPollArrayWrapper.poll(EPollArrayWrapper.java:269)
        at sun.nio.ch.EPollSelectorImpl.doSelect(EPollSelectorImpl.java:93)
        at sun.nio.ch.SelectorImpl.lockAndDoSelect(SelectorImpl.java:86)
        at sun.nio.ch.SelectorImpl.select(SelectorImpl.java:97)
        at org.apache.hadoop.ipc.Server$Responder.doRunLoop(Server.java:1532)
        at org.apache.hadoop.ipc.Server$Responder.run(Server.java:1515)
"ChunkWriter-0-0" daemon prio=5 tid=4361 in Object.wait()
java.lang.Thread.State: WAITING (on object monitor)
        at sun.misc.Unsafe.park(Native Method)
        at java.util.concurrent.locks.LockSupport.park(LockSupport.java:175)
        at java.util.concurrent.locks.AbstractQueuedSynchronizer$ConditionObject.await(AbstractQueuedSynchronizer.java:2039)
        at java.util.concurrent.LinkedBlockingDeque.takeFirst(LinkedBlockingDeque.java:492)
        at java.util.concurrent.LinkedBlockingDeque.take(LinkedBlockingDeque.java:680)
        at java.util.concurrent.ThreadPoolExecutor.getTask(ThreadPoolExecutor.java:1074)
        at java.util.concurrent.ThreadPoolExecutor.runWorker(ThreadPoolExecutor.java:1134)
        at java.util.concurrent.ThreadPoolExecutor$Worker.run(ThreadPoolExecutor.java:624)
        at java.lang.Thread.run(Thread.java:750)
"Datanode ReportManager Thread - 4" daemon prio=5 tid=3420 in Object.wait()
java.lang.Thread.State: WAITING (on object monitor)
        at sun.misc.Unsafe.park(Native Method)
        at java.util.concurrent.locks.LockSupport.park(LockSupport.java:175)
        at java.util.concurrent.locks.AbstractQueuedSynchronizer$ConditionObject.await(AbstractQueuedSynchronizer.java:2039)
        at java.util.concurrent.ScheduledThreadPoolExecutor$DelayedWorkQueue.take(ScheduledThreadPoolExecutor.java:1088)
        at java.util.concurrent.ScheduledThreadPoolExecutor$DelayedWorkQueue.take(ScheduledThreadPoolExecutor.java:809)
        at java.util.concurrent.ThreadPoolExecutor.getTask(ThreadPoolExecutor.java:1074)
        at java.util.concurrent.ThreadPoolExecutor.runWorker(ThreadPoolExecutor.java:1134)
        at java.util.concurrent.ThreadPoolExecutor$Worker.run(ThreadPoolExecutor.java:624)
        at java.lang.Thread.run(Thread.java:750)
"IPC Server handler 11 on default port 39657" daemon prio=5 tid=4968 timed_waiting
java.lang.Thread.State: TIMED_WAITING
        at sun.misc.Unsafe.park(Native Method)
        at java.util.concurrent.locks.LockSupport.parkNanos(LockSupport.java:215)
        at java.util.concurrent.locks.AbstractQueuedSynchronizer$ConditionObject.awaitNanos(AbstractQueuedSynchronizer.java:2078)
        at java.util.concurrent.LinkedBlockingQueue.poll(LinkedBlockingQueue.java:467)
        at org.apache.hadoop.ipc.CallQueueManager.take(CallQueueManager.java:317)
        at org.apache.hadoop.ipc.Server$Handler.run(Server.java:2942)
"org.apache.hadoop.ozone.container.common.statemachine.commandhandler.DeleteBlocksCommandHandler$DeleteCmdWorker@1fcc359a" daemon prio=5 tid=4295 timed_waiting
java.lang.Thread.State: TIMED_WAITING
        at java.lang.Thread.sleep(Native Method)
        at org.apache.hadoop.ozone.container.common.statemachine.commandhandler.DeleteBlocksCommandHandler$DeleteCmdWorker.run(DeleteBlocksCommandHandler.java:184)
        at java.lang.Thread.run(Thread.java:750)
"pool-1595-thread-1"  prio=5 tid=3576 in Object.wait()
java.lang.Thread.State: WAITING (on object monitor)
        at sun.misc.Unsafe.park(Native Method)
        at java.util.concurrent.locks.LockSupport.park(LockSupport.java:175)
        at java.util.concurrent.locks.AbstractQueuedSynchronizer$ConditionObject.await(AbstractQueuedSynchronizer.java:2039)
        at java.util.concurrent.LinkedBlockingQueue.take(LinkedBlockingQueue.java:442)
        at java.util.concurrent.ThreadPoolExecutor.getTask(ThreadPoolExecutor.java:1074)
        at java.util.concurrent.ThreadPoolExecutor.runWorker(ThreadPoolExecutor.java:1134)
        at java.util.concurrent.ThreadPoolExecutor$Worker.run(ThreadPoolExecutor.java:624)
        at java.lang.Thread.run(Thread.java:750)
"Command processor thread" daemon prio=5 tid=4279 timed_waiting
java.lang.Thread.State: TIMED_WAITING
        at java.lang.Thread.sleep(Native Method)
        at org.apache.hadoop.ozone.container.common.statemachine.DatanodeStateMachine.lambda$initCommandHandlerThread$3(DatanodeStateMachine.java:641)
        at org.apache.hadoop.ozone.container.common.statemachine.DatanodeStateMachine$$Lambda$787/339964609.run(Unknown Source)
        at java.lang.Thread.run(Thread.java:750)
"Session-HouseKeeper-70b96f72-1"  prio=5 tid=3835 timed_waiting
java.lang.Thread.State: TIMED_WAITING
        at sun.misc.Unsafe.park(Native Method)
        at java.util.concurrent.locks.LockSupport.parkNanos(LockSupport.java:215)
        at java.util.concurrent.locks.AbstractQueuedSynchronizer$ConditionObject.awaitNanos(AbstractQueuedSynchronizer.java:2078)
        at java.util.concurrent.ScheduledThreadPoolExecutor$DelayedWorkQueue.take(ScheduledThreadPoolExecutor.java:1093)
        at java.util.concurrent.ScheduledThreadPoolExecutor$DelayedWorkQueue.take(ScheduledThreadPoolExecutor.java:809)
        at java.util.concurrent.ThreadPoolExecutor.getTask(ThreadPoolExecutor.java:1074)
        at java.util.concurrent.ThreadPoolExecutor.runWorker(ThreadPoolExecutor.java:1134)
        at java.util.concurrent.ThreadPoolExecutor$Worker.run(ThreadPoolExecutor.java:624)
        at java.lang.Thread.run(Thread.java:750)
"Periodic HDDS volume checker" daemon prio=5 tid=3399 timed_waiting
java.lang.Thread.State: TIMED_WAITING
        at sun.misc.Unsafe.park(Native Method)
        at java.util.concurrent.locks.LockSupport.parkNanos(LockSupport.java:215)
        at java.util.concurrent.locks.AbstractQueuedSynchronizer$ConditionObject.awaitNanos(AbstractQueuedSynchronizer.java:2078)
        at java.util.concurrent.ScheduledThreadPoolExecutor$DelayedWorkQueue.take(ScheduledThreadPoolExecutor.java:1093)
        at java.util.concurrent.ScheduledThreadPoolExecutor$DelayedWorkQueue.take(ScheduledThreadPoolExecutor.java:809)
        at java.util.concurrent.ThreadPoolExecutor.getTask(ThreadPoolExecutor.java:1074)
        at java.util.concurrent.ThreadPoolExecutor.runWorker(ThreadPoolExecutor.java:1134)
        at java.util.concurrent.ThreadPoolExecutor$Worker.run(ThreadPoolExecutor.java:624)
        at java.lang.Thread.run(Thread.java:750)
"IPC Server handler 9 on default port 34157" daemon prio=5 tid=4020 timed_waiting
java.lang.Thread.State: TIMED_WAITING
        at sun.misc.Unsafe.park(Native Method)
        at java.util.concurrent.locks.LockSupport.parkNanos(LockSupport.java:215)
        at java.util.concurrent.locks.AbstractQueuedSynchronizer$ConditionObject.awaitNanos(AbstractQueuedSynchronizer.java:2078)
        at java.util.concurrent.LinkedBlockingQueue.poll(LinkedBlockingQueue.java:467)
        at org.apache.hadoop.ipc.CallQueueManager.take(CallQueueManager.java:317)
        at org.apache.hadoop.ipc.Server$Handler.run(Server.java:2942)
"pool-1680-thread-1" daemon prio=5 tid=3427 timed_waiting
java.lang.Thread.State: TIMED_WAITING
        at sun.misc.Unsafe.park(Native Method)
        at java.util.concurrent.locks.LockSupport.parkNanos(LockSupport.java:215)
        at java.util.concurrent.locks.AbstractQueuedSynchronizer$ConditionObject.awaitNanos(AbstractQueuedSynchronizer.java:2078)
        at java.util.concurrent.ScheduledThreadPoolExecutor$DelayedWorkQueue.take(ScheduledThreadPoolExecutor.java:1093)
        at java.util.concurrent.ScheduledThreadPoolExecutor$DelayedWorkQueue.take(ScheduledThreadPoolExecutor.java:809)
        at java.util.concurrent.ThreadPoolExecutor.getTask(ThreadPoolExecutor.java:1074)
        at java.util.concurrent.ThreadPoolExecutor.runWorker(ThreadPoolExecutor.java:1134)
        at java.util.concurrent.ThreadPoolExecutor$Worker.run(ThreadPoolExecutor.java:624)
        at java.lang.Thread.run(Thread.java:750)
"ChunkWriter-1-0" daemon prio=5 tid=3550 in Object.wait()
java.lang.Thread.State: WAITING (on object monitor)
        at sun.misc.Unsafe.park(Native Method)
        at java.util.concurrent.locks.LockSupport.park(LockSupport.java:175)
        at java.util.concurrent.locks.AbstractQueuedSynchronizer$ConditionObject.await(AbstractQueuedSynchronizer.java:2039)
        at java.util.concurrent.LinkedBlockingDeque.takeFirst(LinkedBlockingDeque.java:492)
        at java.util.concurrent.LinkedBlockingDeque.take(LinkedBlockingDeque.java:680)
        at java.util.concurrent.ThreadPoolExecutor.getTask(ThreadPoolExecutor.java:1074)
        at java.util.concurrent.ThreadPoolExecutor.runWorker(ThreadPoolExecutor.java:1134)
        at java.util.concurrent.ThreadPoolExecutor$Worker.run(ThreadPoolExecutor.java:624)
        at java.lang.Thread.run(Thread.java:750)
"ContainerOp-d03e4836-7d8d-4de7-87bd-2d1f402832ad-0"  prio=5 tid=4767 in Object.wait()
java.lang.Thread.State: WAITING (on object monitor)
        at sun.misc.Unsafe.park(Native Method)
        at java.util.concurrent.locks.LockSupport.park(LockSupport.java:175)
        at java.util.concurrent.locks.AbstractQueuedSynchronizer$ConditionObject.await(AbstractQueuedSynchronizer.java:2039)
        at java.util.concurrent.LinkedBlockingQueue.take(LinkedBlockingQueue.java:442)
        at java.util.concurrent.ThreadPoolExecutor.getTask(ThreadPoolExecutor.java:1074)
        at java.util.concurrent.ThreadPoolExecutor.runWorker(ThreadPoolExecutor.java:1134)
        at java.util.concurrent.ThreadPoolExecutor$Worker.run(ThreadPoolExecutor.java:624)
        at java.lang.Thread.run(Thread.java:750)
"Datanode ReportManager Thread - 0" daemon prio=5 tid=3281 in Object.wait()
java.lang.Thread.State: WAITING (on object monitor)
        at sun.misc.Unsafe.park(Native Method)
        at java.util.concurrent.locks.LockSupport.park(LockSupport.java:175)
        at java.util.concurrent.locks.AbstractQueuedSynchronizer$ConditionObject.await(AbstractQueuedSynchronizer.java:2039)
        at java.util.concurrent.ScheduledThreadPoolExecutor$DelayedWorkQueue.take(ScheduledThreadPoolExecutor.java:1088)
        at java.util.concurrent.ScheduledThreadPoolExecutor$DelayedWorkQueue.take(ScheduledThreadPoolExecutor.java:809)
        at java.util.concurrent.ThreadPoolExecutor.getTask(ThreadPoolExecutor.java:1074)
        at java.util.concurrent.ThreadPoolExecutor.runWorker(ThreadPoolExecutor.java:1134)
        at java.util.concurrent.ThreadPoolExecutor$Worker.run(ThreadPoolExecutor.java:624)
        at java.lang.Thread.run(Thread.java:750)
"5dd764d2-4196-4eea-b07c-aeebc5ccca01-impl-thread1"  prio=5 tid=5073 timed_waiting
java.lang.Thread.State: TIMED_WAITING
        at sun.misc.Unsafe.park(Native Method)
        at java.util.concurrent.locks.LockSupport.parkNanos(LockSupport.java:215)
        at java.util.concurrent.SynchronousQueue$TransferStack.awaitFulfill(SynchronousQueue.java:460)
        at java.util.concurrent.SynchronousQueue$TransferStack.transfer(SynchronousQueue.java:362)
        at java.util.concurrent.SynchronousQueue.poll(SynchronousQueue.java:941)
        at java.util.concurrent.ThreadPoolExecutor.getTask(ThreadPoolExecutor.java:1073)
        at java.util.concurrent.ThreadPoolExecutor.runWorker(ThreadPoolExecutor.java:1134)
        at java.util.concurrent.ThreadPoolExecutor$Worker.run(ThreadPoolExecutor.java:624)
        at java.lang.Thread.run(Thread.java:750)
"JvmPauseMonitor43" daemon prio=5 tid=4344 timed_waiting
java.lang.Thread.State: TIMED_WAITING
        at java.lang.Thread.sleep(Native Method)
        at java.lang.Thread.sleep(Thread.java:342)
        at java.util.concurrent.TimeUnit.sleep(TimeUnit.java:386)
        at org.apache.ratis.util.TimeDuration.sleep(TimeDuration.java:325)
        at org.apache.ratis.util.TimeDuration.sleep(TimeDuration.java:310)
        at org.apache.ratis.util.JvmPauseMonitor.detectPause(JvmPauseMonitor.java:119)
        at org.apache.ratis.util.JvmPauseMonitor.run(JvmPauseMonitor.java:108)
        at org.apache.ratis.util.JvmPauseMonitor$$Lambda$740/1979406568.run(Unknown Source)
        at java.lang.Thread.run(Thread.java:750)
"qtp612244147-3234-acceptor-0@324e81f1-ServerConnector@7f5d2797{HTTP/1.1, (http/1.1)}{0.0.0.0:41985}" daemon prio=3 tid=3234 runnable
java.lang.Thread.State: RUNNABLE
        at sun.nio.ch.ServerSocketChannelImpl.accept0(Native Method)
        at sun.nio.ch.ServerSocketChannelImpl.accept(ServerSocketChannelImpl.java:421)
        at sun.nio.ch.ServerSocketChannelImpl.accept(ServerSocketChannelImpl.java:249)
        at org.eclipse.jetty.server.ServerConnector.accept(ServerConnector.java:388)
        at org.eclipse.jetty.server.AbstractConnector$Acceptor.run(AbstractConnector.java:704)
        at org.eclipse.jetty.util.thread.QueuedThreadPool.runJob(QueuedThreadPool.java:883)
        at org.eclipse.jetty.util.thread.QueuedThreadPool$Runner.run(QueuedThreadPool.java:1034)
        at java.lang.Thread.run(Thread.java:750)
"qtp1099129309-4259" daemon prio=5 tid=4259 runnable
java.lang.Thread.State: RUNNABLE
        at sun.nio.ch.EPollArrayWrapper.epollWait(Native Method)
        at sun.nio.ch.EPollArrayWrapper.poll(EPollArrayWrapper.java:269)
        at sun.nio.ch.EPollSelectorImpl.doSelect(EPollSelectorImpl.java:93)
        at sun.nio.ch.SelectorImpl.lockAndDoSelect(SelectorImpl.java:86)
        at sun.nio.ch.SelectorImpl.select(SelectorImpl.java:97)
        at sun.nio.ch.SelectorImpl.select(SelectorImpl.java:101)
        at org.eclipse.jetty.io.ManagedSelector.nioSelect(ManagedSelector.java:183)
        at org.eclipse.jetty.io.ManagedSelector.select(ManagedSelector.java:190)
        at org.eclipse.jetty.io.ManagedSelector$SelectorProducer.select(ManagedSelector.java:606)
        at org.eclipse.jetty.io.ManagedSelector$SelectorProducer.produce(ManagedSelector.java:543)
        at org.eclipse.jetty.util.thread.strategy.EatWhatYouKill.produceTask(EatWhatYouKill.java:362)
        at org.eclipse.jetty.util.thread.strategy.EatWhatYouKill.doProduce(EatWhatYouKill.java:186)
        at org.eclipse.jetty.util.thread.strategy.EatWhatYouKill.tryProduce(EatWhatYouKill.java:173)
        at org.eclipse.jetty.util.thread.strategy.EatWhatYouKill.produce(EatWhatYouKill.java:137)
        at org.eclipse.jetty.io.ManagedSelector$$Lambda$480/1445512345.run(Unknown Source)
        at org.eclipse.jetty.util.thread.QueuedThreadPool.runJob(QueuedThreadPool.java:883)
        at org.eclipse.jetty.util.thread.QueuedThreadPool$Runner.run(QueuedThreadPool.java:1034)
        at java.lang.Thread.run(Thread.java:750)
"ChunkWriter-3-0" daemon prio=5 tid=5393 in Object.wait()
java.lang.Thread.State: WAITING (on object monitor)
        at sun.misc.Unsafe.park(Native Method)
        at java.util.concurrent.locks.LockSupport.park(LockSupport.java:175)
        at java.util.concurrent.locks.AbstractQueuedSynchronizer$ConditionObject.await(AbstractQueuedSynchronizer.java:2039)
        at java.util.concurrent.LinkedBlockingDeque.takeFirst(LinkedBlockingDeque.java:492)
        at java.util.concurrent.LinkedBlockingDeque.take(LinkedBlockingDeque.java:680)
        at java.util.concurrent.ThreadPoolExecutor.getTask(ThreadPoolExecutor.java:1074)
        at java.util.concurrent.ThreadPoolExecutor.runWorker(ThreadPoolExecutor.java:1134)
        at java.util.concurrent.ThreadPoolExecutor$Worker.run(ThreadPoolExecutor.java:624)
        at java.lang.Thread.run(Thread.java:750)
"qtp2095529297-5182" daemon prio=5 tid=5182 timed_waiting
java.lang.Thread.State: TIMED_WAITING
        at sun.misc.Unsafe.park(Native Method)
        at java.util.concurrent.locks.LockSupport.parkNanos(LockSupport.java:215)
        at java.util.concurrent.locks.AbstractQueuedSynchronizer$ConditionObject.awaitNanos(AbstractQueuedSynchronizer.java:2078)
        at org.eclipse.jetty.util.BlockingArrayQueue.poll(BlockingArrayQueue.java:382)
        at org.eclipse.jetty.util.thread.QueuedThreadPool$Runner.idleJobPoll(QueuedThreadPool.java:974)
        at org.eclipse.jetty.util.thread.QueuedThreadPool$Runner.run(QueuedThreadPool.java:1018)
        at java.lang.Thread.run(Thread.java:750)
"IPC Server handler 2 on default port 34157" daemon prio=5 tid=4006 timed_waiting
java.lang.Thread.State: TIMED_WAITING
        at sun.misc.Unsafe.park(Native Method)
        at java.util.concurrent.locks.LockSupport.parkNanos(LockSupport.java:215)
        at java.util.concurrent.locks.AbstractQueuedSynchronizer$ConditionObject.awaitNanos(AbstractQueuedSynchronizer.java:2078)
        at java.util.concurrent.LinkedBlockingQueue.poll(LinkedBlockingQueue.java:467)
        at org.apache.hadoop.ipc.CallQueueManager.take(CallQueueManager.java:317)
        at org.apache.hadoop.ipc.Server$Handler.run(Server.java:2942)
"pool-1634-thread-1" daemon prio=5 tid=3375 timed_waiting
java.lang.Thread.State: TIMED_WAITING
        at sun.misc.Unsafe.park(Native Method)
        at java.util.concurrent.locks.LockSupport.parkNanos(LockSupport.java:215)
        at java.util.concurrent.locks.AbstractQueuedSynchronizer$ConditionObject.awaitNanos(AbstractQueuedSynchronizer.java:2078)
        at java.util.concurrent.ScheduledThreadPoolExecutor$DelayedWorkQueue.take(ScheduledThreadPoolExecutor.java:1093)
        at java.util.concurrent.ScheduledThreadPoolExecutor$DelayedWorkQueue.take(ScheduledThreadPoolExecutor.java:809)
        at java.util.concurrent.ThreadPoolExecutor.getTask(ThreadPoolExecutor.java:1074)
        at java.util.concurrent.ThreadPoolExecutor.runWorker(ThreadPoolExecutor.java:1134)
        at java.util.concurrent.ThreadPoolExecutor$Worker.run(ThreadPoolExecutor.java:624)
        at java.lang.Thread.run(Thread.java:750)
"RatisPipelineUtilsThread - 0"  prio=5 tid=5476 timed_waiting
java.lang.Thread.State: TIMED_WAITING
        at java.lang.Object.wait(Native Method)
        at org.apache.hadoop.hdds.scm.pipeline.BackgroundPipelineCreator.run(BackgroundPipelineCreator.java:176)
        at org.apache.hadoop.hdds.scm.pipeline.BackgroundPipelineCreator$$Lambda$406/697881247.run(Unknown Source)
        at java.lang.Thread.run(Thread.java:750)
"IPC Server handler 4 on default port 34157" daemon prio=5 tid=4008 timed_waiting
java.lang.Thread.State: TIMED_WAITING
        at sun.misc.Unsafe.park(Native Method)
        at java.util.concurrent.locks.LockSupport.parkNanos(LockSupport.java:215)
        at java.util.concurrent.locks.AbstractQueuedSynchronizer$ConditionObject.awaitNanos(AbstractQueuedSynchronizer.java:2078)
        at java.util.concurrent.LinkedBlockingQueue.poll(LinkedBlockingQueue.java:467)
        at org.apache.hadoop.ipc.CallQueueManager.take(CallQueueManager.java:317)
        at org.apache.hadoop.ipc.Server$Handler.run(Server.java:2942)
"qtp374142400-3303" daemon prio=5 tid=3303 timed_waiting
java.lang.Thread.State: TIMED_WAITING
        at sun.misc.Unsafe.park(Native Method)
        at java.util.concurrent.locks.LockSupport.parkNanos(LockSupport.java:215)
        at java.util.concurrent.locks.AbstractQueuedSynchronizer$ConditionObject.awaitNanos(AbstractQueuedSynchronizer.java:2078)
        at org.eclipse.jetty.util.BlockingArrayQueue.poll(BlockingArrayQueue.java:382)
        at org.eclipse.jetty.util.thread.QueuedThreadPool$Runner.idleJobPoll(QueuedThreadPool.java:974)
        at org.eclipse.jetty.util.thread.QueuedThreadPool$Runner.run(QueuedThreadPool.java:1018)
        at java.lang.Thread.run(Thread.java:750)
"pool-1673-thread-1"  prio=5 tid=3405 timed_waiting
java.lang.Thread.State: TIMED_WAITING
        at sun.misc.Unsafe.park(Native Method)
        at java.util.concurrent.locks.LockSupport.parkNanos(LockSupport.java:215)
        at java.util.concurrent.locks.AbstractQueuedSynchronizer$ConditionObject.awaitNanos(AbstractQueuedSynchronizer.java:2078)
        at java.util.concurrent.ScheduledThreadPoolExecutor$DelayedWorkQueue.take(ScheduledThreadPoolExecutor.java:1093)
        at java.util.concurrent.ScheduledThreadPoolExecutor$DelayedWorkQueue.take(ScheduledThreadPoolExecutor.java:809)
        at java.util.concurrent.ThreadPoolExecutor.getTask(ThreadPoolExecutor.java:1074)
        at java.util.concurrent.ThreadPoolExecutor.runWorker(ThreadPoolExecutor.java:1134)
        at java.util.concurrent.ThreadPoolExecutor$Worker.run(ThreadPoolExecutor.java:624)
        at java.lang.Thread.run(Thread.java:750)
"FixedThreadPoolWithAffinityExecutor-9-0" daemon prio=5 tid=5504 timed_waiting
java.lang.Thread.State: TIMED_WAITING
        at sun.misc.Unsafe.park(Native Method)
        at java.util.concurrent.locks.LockSupport.parkNanos(LockSupport.java:215)
        at java.util.concurrent.locks.AbstractQueuedSynchronizer$ConditionObject.awaitNanos(AbstractQueuedSynchronizer.java:2078)
        at java.util.concurrent.LinkedBlockingQueue.poll(LinkedBlockingQueue.java:467)
        at org.apache.hadoop.hdds.scm.server.ContainerReportQueue.poll(ContainerReportQueue.java:266)
        at org.apache.hadoop.hdds.scm.server.ContainerReportQueue.poll(ContainerReportQueue.java:42)
        at org.apache.hadoop.hdds.server.events.FixedThreadPoolWithAffinityExecutor$ContainerReportProcessTask.run(FixedThreadPoolWithAffinityExecutor.java:248)
        at java.util.concurrent.Executors$RunnableAdapter.call(Executors.java:511)
        at java.util.concurrent.FutureTask.run(FutureTask.java:266)
        at java.util.concurrent.ThreadPoolExecutor.runWorker(ThreadPoolExecutor.java:1149)
        at java.util.concurrent.ThreadPoolExecutor$Worker.run(ThreadPoolExecutor.java:624)
        at java.lang.Thread.run(Thread.java:750)
"62944fc1-681b-46bd-93f7-2482762a7b31@group-859DF10AAA8F-LeaderStateImpl" daemon prio=5 tid=3676 timed_waiting
java.lang.Thread.State: TIMED_WAITING
        at sun.misc.Unsafe.park(Native Method)
        at java.util.concurrent.locks.LockSupport.parkNanos(LockSupport.java:215)
        at java.util.concurrent.locks.AbstractQueuedSynchronizer$ConditionObject.awaitNanos(AbstractQueuedSynchronizer.java:2078)
        at java.util.concurrent.ArrayBlockingQueue.poll(ArrayBlockingQueue.java:418)
        at org.apache.ratis.server.impl.LeaderStateImpl$EventQueue.poll(LeaderStateImpl.java:159)
        at org.apache.ratis.server.impl.LeaderStateImpl$EventProcessor.run(LeaderStateImpl.java:630)
"Socket Reader #1 for port 0"  prio=5 tid=4747 runnable
java.lang.Thread.State: RUNNABLE
        at sun.nio.ch.EPollArrayWrapper.epollWait(Native Method)
        at sun.nio.ch.EPollArrayWrapper.poll(EPollArrayWrapper.java:269)
        at sun.nio.ch.EPollSelectorImpl.doSelect(EPollSelectorImpl.java:93)
        at sun.nio.ch.SelectorImpl.lockAndDoSelect(SelectorImpl.java:86)
        at sun.nio.ch.SelectorImpl.select(SelectorImpl.java:97)
        at sun.nio.ch.SelectorImpl.select(SelectorImpl.java:101)
        at org.apache.hadoop.ipc.Server$Listener$Reader.doRunLoop(Server.java:1296)
        at org.apache.hadoop.ipc.Server$Listener$Reader.run(Server.java:1275)
"qtp1299110638-4199" daemon prio=5 tid=4199 runnable
java.lang.Thread.State: RUNNABLE
        at sun.nio.ch.EPollArrayWrapper.epollWait(Native Method)
        at sun.nio.ch.EPollArrayWrapper.poll(EPollArrayWrapper.java:269)
        at sun.nio.ch.EPollSelectorImpl.doSelect(EPollSelectorImpl.java:93)
        at sun.nio.ch.SelectorImpl.lockAndDoSelect(SelectorImpl.java:86)
        at sun.nio.ch.SelectorImpl.select(SelectorImpl.java:97)
        at sun.nio.ch.SelectorImpl.select(SelectorImpl.java:101)
        at org.eclipse.jetty.io.ManagedSelector.nioSelect(ManagedSelector.java:183)
        at org.eclipse.jetty.io.ManagedSelector.select(ManagedSelector.java:190)
        at org.eclipse.jetty.io.ManagedSelector$SelectorProducer.select(ManagedSelector.java:606)
        at org.eclipse.jetty.io.ManagedSelector$SelectorProducer.produce(ManagedSelector.java:543)
        at org.eclipse.jetty.util.thread.strategy.EatWhatYouKill.produceTask(EatWhatYouKill.java:362)
        at org.eclipse.jetty.util.thread.strategy.EatWhatYouKill.doProduce(EatWhatYouKill.java:186)
        at org.eclipse.jetty.util.thread.strategy.EatWhatYouKill.tryProduce(EatWhatYouKill.java:173)
        at org.eclipse.jetty.util.thread.strategy.EatWhatYouKill.produce(EatWhatYouKill.java:137)
        at org.eclipse.jetty.io.ManagedSelector$$Lambda$480/1445512345.run(Unknown Source)
        at org.eclipse.jetty.util.thread.QueuedThreadPool.runJob(QueuedThreadPool.java:883)
        at org.eclipse.jetty.util.thread.QueuedThreadPool$Runner.run(QueuedThreadPool.java:1034)
        at java.lang.Thread.run(Thread.java:750)
"qtp652561456-3436" daemon prio=5 tid=3436 timed_waiting
java.lang.Thread.State: TIMED_WAITING
        at sun.misc.Unsafe.park(Native Method)
        at java.util.concurrent.locks.LockSupport.parkNanos(LockSupport.java:215)
        at java.util.concurrent.locks.AbstractQueuedSynchronizer$ConditionObject.awaitNanos(AbstractQueuedSynchronizer.java:2078)
        at org.eclipse.jetty.util.BlockingArrayQueue.poll(BlockingArrayQueue.java:382)
        at org.eclipse.jetty.util.thread.QueuedThreadPool$Runner.idleJobPoll(QueuedThreadPool.java:974)
        at org.eclipse.jetty.util.thread.QueuedThreadPool$Runner.run(QueuedThreadPool.java:1018)
        at java.lang.Thread.run(Thread.java:750)
"IPC Server listener on 0" daemon prio=5 tid=4746 runnable
java.lang.Thread.State: RUNNABLE
        at sun.nio.ch.EPollArrayWrapper.epollWait(Native Method)
        at sun.nio.ch.EPollArrayWrapper.poll(EPollArrayWrapper.java:269)
        at sun.nio.ch.EPollSelectorImpl.doSelect(EPollSelectorImpl.java:93)
        at sun.nio.ch.SelectorImpl.lockAndDoSelect(SelectorImpl.java:86)
        at sun.nio.ch.SelectorImpl.select(SelectorImpl.java:97)
        at sun.nio.ch.SelectorImpl.select(SelectorImpl.java:101)
        at org.apache.hadoop.ipc.Server$Listener.run(Server.java:1358)
"PartialTableCache Cleanup Thread - 0" daemon prio=5 tid=4705 in Object.wait()
java.lang.Thread.State: WAITING (on object monitor)
        at sun.misc.Unsafe.park(Native Method)
        at java.util.concurrent.locks.LockSupport.park(LockSupport.java:175)
        at java.util.concurrent.locks.AbstractQueuedSynchronizer$ConditionObject.await(AbstractQueuedSynchronizer.java:2039)
        at java.util.concurrent.LinkedBlockingQueue.take(LinkedBlockingQueue.java:442)
        at java.util.concurrent.ThreadPoolExecutor.getTask(ThreadPoolExecutor.java:1074)
        at java.util.concurrent.ThreadPoolExecutor.runWorker(ThreadPoolExecutor.java:1134)
        at java.util.concurrent.ThreadPoolExecutor$Worker.run(ThreadPoolExecutor.java:624)
        at java.lang.Thread.run(Thread.java:750)
"org.apache.hadoop.util.JvmPauseMonitor$Monitor@22185a30" daemon prio=5 tid=4166 timed_waiting
java.lang.Thread.State: TIMED_WAITING
        at java.lang.Thread.sleep(Native Method)
        at org.apache.hadoop.util.JvmPauseMonitor$Monitor.run(JvmPauseMonitor.java:192)
        at java.lang.Thread.run(Thread.java:750)
"qtp336816364-5000" daemon prio=5 tid=5000 timed_waiting
java.lang.Thread.State: TIMED_WAITING
        at sun.misc.Unsafe.park(Native Method)
        at java.util.concurrent.locks.LockSupport.parkNanos(LockSupport.java:215)
        at java.util.concurrent.locks.AbstractQueuedSynchronizer$ConditionObject.awaitNanos(AbstractQueuedSynchronizer.java:2078)
        at org.eclipse.jetty.util.BlockingArrayQueue.poll(BlockingArrayQueue.java:382)
        at org.eclipse.jetty.util.thread.QueuedThreadPool$Runner.idleJobPoll(QueuedThreadPool.java:974)
        at org.eclipse.jetty.util.thread.QueuedThreadPool$Runner.run(QueuedThreadPool.java:1018)
        at java.lang.Thread.run(Thread.java:750)
"IPC Server handler 13 on default port 45833" daemon prio=5 tid=3255 timed_waiting
java.lang.Thread.State: TIMED_WAITING
        at sun.misc.Unsafe.park(Native Method)
        at java.util.concurrent.locks.LockSupport.parkNanos(LockSupport.java:215)
        at java.util.concurrent.locks.AbstractQueuedSynchronizer$ConditionObject.awaitNanos(AbstractQueuedSynchronizer.java:2078)
        at java.util.concurrent.LinkedBlockingQueue.poll(LinkedBlockingQueue.java:467)
        at org.apache.hadoop.ipc.CallQueueManager.take(CallQueueManager.java:317)
        at org.apache.hadoop.ipc.Server$Handler.run(Server.java:2942)
"qtp1938906929-4118" daemon prio=5 tid=4118 runnable
java.lang.Thread.State: RUNNABLE
        at sun.nio.ch.EPollArrayWrapper.epollWait(Native Method)
        at sun.nio.ch.EPollArrayWrapper.poll(EPollArrayWrapper.java:269)
        at sun.nio.ch.EPollSelectorImpl.doSelect(EPollSelectorImpl.java:93)
        at sun.nio.ch.SelectorImpl.lockAndDoSelect(SelectorImpl.java:86)
        at sun.nio.ch.SelectorImpl.select(SelectorImpl.java:97)
        at sun.nio.ch.SelectorImpl.select(SelectorImpl.java:101)
        at org.eclipse.jetty.io.ManagedSelector.nioSelect(ManagedSelector.java:183)
        at org.eclipse.jetty.io.ManagedSelector.select(ManagedSelector.java:190)
        at org.eclipse.jetty.io.ManagedSelector$SelectorProducer.select(ManagedSelector.java:606)
        at org.eclipse.jetty.io.ManagedSelector$SelectorProducer.produce(ManagedSelector.java:543)
        at org.eclipse.jetty.util.thread.strategy.EatWhatYouKill.produceTask(EatWhatYouKill.java:362)
        at org.eclipse.jetty.util.thread.strategy.EatWhatYouKill.doProduce(EatWhatYouKill.java:186)
        at org.eclipse.jetty.util.thread.strategy.EatWhatYouKill.tryProduce(EatWhatYouKill.java:173)
        at org.eclipse.jetty.util.thread.strategy.EatWhatYouKill.produce(EatWhatYouKill.java:137)
        at org.eclipse.jetty.io.ManagedSelector$$Lambda$480/1445512345.run(Unknown Source)
        at org.eclipse.jetty.util.thread.QueuedThreadPool.runJob(QueuedThreadPool.java:883)
        at org.eclipse.jetty.util.thread.QueuedThreadPool$Runner.run(QueuedThreadPool.java:1034)
        at java.lang.Thread.run(Thread.java:750)
"IPC Server idle connection scanner for port 45833" daemon prio=5 tid=3222 timed_waiting
java.lang.Thread.State: TIMED_WAITING
        at java.lang.Object.wait(Native Method)
        at java.util.TimerThread.mainLoop(Timer.java:552)
        at java.util.TimerThread.run(Timer.java:505)
"StaleRecoveringContainerScrubbingService#1" daemon prio=5 tid=4445 timed_waiting
java.lang.Thread.State: TIMED_WAITING
        at sun.misc.Unsafe.park(Native Method)
        at java.util.concurrent.locks.LockSupport.parkNanos(LockSupport.java:215)
        at java.util.concurrent.locks.AbstractQueuedSynchronizer$ConditionObject.awaitNanos(AbstractQueuedSynchronizer.java:2078)
        at java.util.concurrent.ScheduledThreadPoolExecutor$DelayedWorkQueue.take(ScheduledThreadPoolExecutor.java:1093)
        at java.util.concurrent.ScheduledThreadPoolExecutor$DelayedWorkQueue.take(ScheduledThreadPoolExecutor.java:809)
        at java.util.concurrent.ThreadPoolExecutor.getTask(ThreadPoolExecutor.java:1074)
        at java.util.concurrent.ThreadPoolExecutor.runWorker(ThreadPoolExecutor.java:1134)
        at java.util.concurrent.ThreadPoolExecutor$Worker.run(ThreadPoolExecutor.java:624)
        at java.lang.Thread.run(Thread.java:750)
"qtp652561456-3437" daemon prio=5 tid=3437 timed_waiting
java.lang.Thread.State: TIMED_WAITING
        at sun.misc.Unsafe.park(Native Method)
        at java.util.concurrent.locks.LockSupport.parkNanos(LockSupport.java:215)
        at java.util.concurrent.locks.AbstractQueuedSynchronizer$ConditionObject.awaitNanos(AbstractQueuedSynchronizer.java:2078)
        at org.eclipse.jetty.util.BlockingArrayQueue.poll(BlockingArrayQueue.java:382)
        at org.eclipse.jetty.util.thread.QueuedThreadPool$Runner.idleJobPoll(QueuedThreadPool.java:974)
        at org.eclipse.jetty.util.thread.QueuedThreadPool$Runner.run(QueuedThreadPool.java:1018)
        at java.lang.Thread.run(Thread.java:750)
"KeyDeletingService#0" daemon prio=5 tid=4944 timed_waiting
java.lang.Thread.State: TIMED_WAITING
        at sun.misc.Unsafe.park(Native Method)
        at java.util.concurrent.locks.LockSupport.parkNanos(LockSupport.java:215)
        at java.util.concurrent.locks.AbstractQueuedSynchronizer$ConditionObject.awaitNanos(AbstractQueuedSynchronizer.java:2078)
        at java.util.concurrent.ScheduledThreadPoolExecutor$DelayedWorkQueue.take(ScheduledThreadPoolExecutor.java:1093)
        at java.util.concurrent.ScheduledThreadPoolExecutor$DelayedWorkQueue.take(ScheduledThreadPoolExecutor.java:809)
        at java.util.concurrent.ThreadPoolExecutor.getTask(ThreadPoolExecutor.java:1074)
        at java.util.concurrent.ThreadPoolExecutor.runWorker(ThreadPoolExecutor.java:1134)
        at java.util.concurrent.ThreadPoolExecutor$Worker.run(ThreadPoolExecutor.java:624)
        at java.lang.Thread.run(Thread.java:750)
"OpenKeyCleanupService#0" daemon prio=5 tid=3231 timed_waiting
java.lang.Thread.State: TIMED_WAITING
        at sun.misc.Unsafe.park(Native Method)
        at java.util.concurrent.locks.LockSupport.parkNanos(LockSupport.java:215)
        at java.util.concurrent.locks.AbstractQueuedSynchronizer$ConditionObject.awaitNanos(AbstractQueuedSynchronizer.java:2078)
        at java.util.concurrent.ScheduledThreadPoolExecutor$DelayedWorkQueue.take(ScheduledThreadPoolExecutor.java:1093)
        at java.util.concurrent.ScheduledThreadPoolExecutor$DelayedWorkQueue.take(ScheduledThreadPoolExecutor.java:809)
        at java.util.concurrent.ThreadPoolExecutor.getTask(ThreadPoolExecutor.java:1074)
        at java.util.concurrent.ThreadPoolExecutor.runWorker(ThreadPoolExecutor.java:1134)
        at java.util.concurrent.ThreadPoolExecutor$Worker.run(ThreadPoolExecutor.java:624)
        at java.lang.Thread.run(Thread.java:750)
"IPC Server handler 0 on default port 41341" daemon prio=5 tid=3804 timed_waiting
java.lang.Thread.State: TIMED_WAITING
        at sun.misc.Unsafe.park(Native Method)
        at java.util.concurrent.locks.LockSupport.parkNanos(LockSupport.java:215)
        at java.util.concurrent.locks.AbstractQueuedSynchronizer$ConditionObject.awaitNanos(AbstractQueuedSynchronizer.java:2078)
        at java.util.concurrent.LinkedBlockingQueue.poll(LinkedBlockingQueue.java:467)
        at org.apache.hadoop.ipc.CallQueueManager.take(CallQueueManager.java:317)
        at org.apache.hadoop.ipc.Server$Handler.run(Server.java:2942)
"BlockDeletingService#1" daemon prio=5 tid=4387 timed_waiting
java.lang.Thread.State: TIMED_WAITING
        at sun.misc.Unsafe.park(Native Method)
        at java.util.concurrent.locks.LockSupport.parkNanos(LockSupport.java:215)
        at java.util.concurrent.locks.AbstractQueuedSynchronizer$ConditionObject.awaitNanos(AbstractQueuedSynchronizer.java:2078)
        at java.util.concurrent.ScheduledThreadPoolExecutor$DelayedWorkQueue.take(ScheduledThreadPoolExecutor.java:1093)
        at java.util.concurrent.ScheduledThreadPoolExecutor$DelayedWorkQueue.take(ScheduledThreadPoolExecutor.java:809)
        at java.util.concurrent.ThreadPoolExecutor.getTask(ThreadPoolExecutor.java:1074)
        at java.util.concurrent.ThreadPoolExecutor.runWorker(ThreadPoolExecutor.java:1134)
        at java.util.concurrent.ThreadPoolExecutor$Worker.run(ThreadPoolExecutor.java:624)
        at java.lang.Thread.run(Thread.java:750)
"IPC Server handler 17 on default port 35159" daemon prio=5 tid=4787 timed_waiting
java.lang.Thread.State: TIMED_WAITING
        at sun.misc.Unsafe.park(Native Method)
        at java.util.concurrent.locks.LockSupport.parkNanos(LockSupport.java:215)
        at java.util.concurrent.locks.AbstractQueuedSynchronizer$ConditionObject.awaitNanos(AbstractQueuedSynchronizer.java:2078)
        at java.util.concurrent.LinkedBlockingQueue.poll(LinkedBlockingQueue.java:467)
        at org.apache.hadoop.ipc.CallQueueManager.take(CallQueueManager.java:317)
        at org.apache.hadoop.ipc.Server$Handler.run(Server.java:2942)
"StaleRecoveringContainerScrubbingService#0" daemon prio=5 tid=4368 in Object.wait()
java.lang.Thread.State: WAITING (on object monitor)
        at sun.misc.Unsafe.park(Native Method)
        at java.util.concurrent.locks.LockSupport.park(LockSupport.java:175)
        at java.util.concurrent.locks.AbstractQueuedSynchronizer$ConditionObject.await(AbstractQueuedSynchronizer.java:2039)
        at java.util.concurrent.ScheduledThreadPoolExecutor$DelayedWorkQueue.take(ScheduledThreadPoolExecutor.java:1088)
        at java.util.concurrent.ScheduledThreadPoolExecutor$DelayedWorkQueue.take(ScheduledThreadPoolExecutor.java:809)
        at java.util.concurrent.ThreadPoolExecutor.getTask(ThreadPoolExecutor.java:1074)
        at java.util.concurrent.ThreadPoolExecutor.runWorker(ThreadPoolExecutor.java:1134)
        at java.util.concurrent.ThreadPoolExecutor$Worker.run(ThreadPoolExecutor.java:624)
        at java.lang.Thread.run(Thread.java:750)
"qtp1686202609-5081" daemon prio=5 tid=5081 timed_waiting
java.lang.Thread.State: TIMED_WAITING
        at sun.misc.Unsafe.park(Native Method)
        at java.util.concurrent.locks.LockSupport.parkNanos(LockSupport.java:215)
        at java.util.concurrent.locks.AbstractQueuedSynchronizer$ConditionObject.awaitNanos(AbstractQueuedSynchronizer.java:2078)
        at org.eclipse.jetty.util.BlockingArrayQueue.poll(BlockingArrayQueue.java:382)
        at org.eclipse.jetty.util.thread.QueuedThreadPool$Runner.idleJobPoll(QueuedThreadPool.java:974)
        at org.eclipse.jetty.util.thread.QueuedThreadPool$Runner.run(QueuedThreadPool.java:1018)
        at java.lang.Thread.run(Thread.java:750)
"e5184996-93a8-477c-b193-15e28d80a846@group-106F5133E1B4-LeaderStateImpl" daemon prio=5 tid=4594 timed_waiting
java.lang.Thread.State: TIMED_WAITING
        at sun.misc.Unsafe.park(Native Method)
        at java.util.concurrent.locks.LockSupport.parkNanos(LockSupport.java:215)
        at java.util.concurrent.locks.AbstractQueuedSynchronizer$ConditionObject.awaitNanos(AbstractQueuedSynchronizer.java:2078)
        at java.util.concurrent.ArrayBlockingQueue.poll(ArrayBlockingQueue.java:418)
        at org.apache.ratis.server.impl.LeaderStateImpl$EventQueue.poll(LeaderStateImpl.java:159)
        at org.apache.ratis.server.impl.LeaderStateImpl$EventProcessor.run(LeaderStateImpl.java:630)
"BlockDeletingService#0" daemon prio=5 tid=3450 in Object.wait()
java.lang.Thread.State: WAITING (on object monitor)
        at sun.misc.Unsafe.park(Native Method)
        at java.util.concurrent.locks.LockSupport.park(LockSupport.java:175)
        at java.util.concurrent.locks.AbstractQueuedSynchronizer$ConditionObject.await(AbstractQueuedSynchronizer.java:2039)
        at java.util.concurrent.ScheduledThreadPoolExecutor$DelayedWorkQueue.take(ScheduledThreadPoolExecutor.java:1088)
        at java.util.concurrent.ScheduledThreadPoolExecutor$DelayedWorkQueue.take(ScheduledThreadPoolExecutor.java:809)
        at java.util.concurrent.ThreadPoolExecutor.getTask(ThreadPoolExecutor.java:1074)
        at java.util.concurrent.ThreadPoolExecutor.runWorker(ThreadPoolExecutor.java:1134)
        at java.util.concurrent.ThreadPoolExecutor$Worker.run(ThreadPoolExecutor.java:624)
        at java.lang.Thread.run(Thread.java:750)
"pool-1537-thread-1"  prio=5 tid=3232 timed_waiting
java.lang.Thread.State: TIMED_WAITING
        at sun.misc.Unsafe.park(Native Method)
        at java.util.concurrent.locks.LockSupport.parkNanos(LockSupport.java:215)
        at java.util.concurrent.locks.AbstractQueuedSynchronizer$ConditionObject.awaitNanos(AbstractQueuedSynchronizer.java:2078)
        at java.util.concurrent.ScheduledThreadPoolExecutor$DelayedWorkQueue.take(ScheduledThreadPoolExecutor.java:1093)
        at java.util.concurrent.ScheduledThreadPoolExecutor$DelayedWorkQueue.take(ScheduledThreadPoolExecutor.java:809)
        at java.util.concurrent.ThreadPoolExecutor.getTask(ThreadPoolExecutor.java:1074)
        at java.util.concurrent.ThreadPoolExecutor.runWorker(ThreadPoolExecutor.java:1134)
        at java.util.concurrent.ThreadPoolExecutor$Worker.run(ThreadPoolExecutor.java:624)
        at java.lang.Thread.run(Thread.java:750)
"Datanode State Machine Daemon Thread" daemon prio=5 tid=3307 timed_waiting
java.lang.Thread.State: TIMED_WAITING
        at java.lang.Thread.sleep(Native Method)
        at org.apache.hadoop.ozone.container.common.statemachine.DatanodeStateMachine.startStateMachineThread(DatanodeStateMachine.java:321)
        at org.apache.hadoop.ozone.container.common.statemachine.DatanodeStateMachine.lambda$startDaemon$0(DatanodeStateMachine.java:506)
        at org.apache.hadoop.ozone.container.common.statemachine.DatanodeStateMachine$$Lambda$785/619018591.run(Unknown Source)
        at java.lang.Thread.run(Thread.java:750)
"IPC Server handler 11 on default port 34529" daemon prio=5 tid=5539 timed_waiting
java.lang.Thread.State: TIMED_WAITING
        at sun.misc.Unsafe.park(Native Method)
        at java.util.concurrent.locks.LockSupport.parkNanos(LockSupport.java:215)
        at java.util.concurrent.locks.AbstractQueuedSynchronizer$ConditionObject.awaitNanos(AbstractQueuedSynchronizer.java:2078)
        at java.util.concurrent.LinkedBlockingQueue.poll(LinkedBlockingQueue.java:467)
        at org.apache.hadoop.ipc.CallQueueManager.take(CallQueueManager.java:317)
        at org.apache.hadoop.ipc.Server$Handler.run(Server.java:2942)
"qtp1884543100-3833" daemon prio=5 tid=3833 timed_waiting
java.lang.Thread.State: TIMED_WAITING
        at sun.misc.Unsafe.park(Native Method)
        at java.util.concurrent.locks.LockSupport.parkNanos(LockSupport.java:215)
        at java.util.concurrent.locks.AbstractQueuedSynchronizer$ConditionObject.awaitNanos(AbstractQueuedSynchronizer.java:2078)
        at org.eclipse.jetty.util.BlockingArrayQueue.poll(BlockingArrayQueue.java:382)
        at org.eclipse.jetty.util.thread.QueuedThreadPool$Runner.idleJobPoll(QueuedThreadPool.java:974)
        at org.eclipse.jetty.util.thread.QueuedThreadPool$Runner.run(QueuedThreadPool.java:1018)
        at java.lang.Thread.run(Thread.java:750)
"qtp97689361-3326" daemon prio=5 tid=3326 timed_waiting
java.lang.Thread.State: TIMED_WAITING
        at sun.misc.Unsafe.park(Native Method)
        at java.util.concurrent.locks.LockSupport.parkNanos(LockSupport.java:215)
        at java.util.concurrent.locks.AbstractQueuedSynchronizer$ConditionObject.awaitNanos(AbstractQueuedSynchronizer.java:2078)
        at org.eclipse.jetty.util.BlockingArrayQueue.poll(BlockingArrayQueue.java:382)
        at org.eclipse.jetty.util.thread.QueuedThreadPool$Runner.idleJobPoll(QueuedThreadPool.java:974)
        at org.eclipse.jetty.util.thread.QueuedThreadPool$Runner.run(QueuedThreadPool.java:1018)
        at java.lang.Thread.run(Thread.java:750)
"IPC Server handler 0 on default port 36003" daemon prio=5 tid=4790 timed_waiting
java.lang.Thread.State: TIMED_WAITING
        at sun.misc.Unsafe.park(Native Method)
        at java.util.concurrent.locks.LockSupport.parkNanos(LockSupport.java:215)
        at java.util.concurrent.locks.AbstractQueuedSynchronizer$ConditionObject.awaitNanos(AbstractQueuedSynchronizer.java:2078)
        at java.util.concurrent.LinkedBlockingQueue.poll(LinkedBlockingQueue.java:467)
        at org.apache.hadoop.ipc.CallQueueManager.take(CallQueueManager.java:317)
        at org.apache.hadoop.ipc.Server$Handler.run(Server.java:2942)
"pool-2711-thread-1"  prio=5 tid=5570 timed_waiting
java.lang.Thread.State: TIMED_WAITING
        at sun.misc.Unsafe.park(Native Method)
        at java.util.concurrent.locks.LockSupport.parkNanos(LockSupport.java:215)
        at java.util.concurrent.locks.AbstractQueuedSynchronizer$ConditionObject.awaitNanos(AbstractQueuedSynchronizer.java:2078)
        at java.util.concurrent.ScheduledThreadPoolExecutor$DelayedWorkQueue.take(ScheduledThreadPoolExecutor.java:1093)
        at java.util.concurrent.ScheduledThreadPoolExecutor$DelayedWorkQueue.take(ScheduledThreadPoolExecutor.java:809)
        at java.util.concurrent.ThreadPoolExecutor.getTask(ThreadPoolExecutor.java:1074)
        at java.util.concurrent.ThreadPoolExecutor.runWorker(ThreadPoolExecutor.java:1134)
        at java.util.concurrent.ThreadPoolExecutor$Worker.run(ThreadPoolExecutor.java:624)
        at java.lang.Thread.run(Thread.java:750)
"JvmPauseMonitor47" daemon prio=5 tid=4417 timed_waiting
java.lang.Thread.State: TIMED_WAITING
        at java.lang.Thread.sleep(Native Method)
        at java.lang.Thread.sleep(Thread.java:342)
        at java.util.concurrent.TimeUnit.sleep(TimeUnit.java:386)
        at org.apache.ratis.util.TimeDuration.sleep(TimeDuration.java:325)
        at org.apache.ratis.util.TimeDuration.sleep(TimeDuration.java:310)
        at org.apache.ratis.util.JvmPauseMonitor.detectPause(JvmPauseMonitor.java:119)
        at org.apache.ratis.util.JvmPauseMonitor.run(JvmPauseMonitor.java:108)
        at org.apache.ratis.util.JvmPauseMonitor$$Lambda$740/1979406568.run(Unknown Source)
        at java.lang.Thread.run(Thread.java:750)
"org.apache.hadoop.ozone.container.common.statemachine.commandhandler.DeleteBlocksCommandHandler$DeleteCmdWorker@26e9ae4b" daemon prio=5 tid=5020 timed_waiting
java.lang.Thread.State: TIMED_WAITING
        at java.lang.Thread.sleep(Native Method)
        at org.apache.hadoop.ozone.container.common.statemachine.commandhandler.DeleteBlocksCommandHandler$DeleteCmdWorker.run(DeleteBlocksCommandHandler.java:184)
        at java.lang.Thread.run(Thread.java:750)
"qtp336816364-5001" daemon prio=5 tid=5001 timed_waiting
java.lang.Thread.State: TIMED_WAITING
        at sun.misc.Unsafe.park(Native Method)
        at java.util.concurrent.locks.LockSupport.parkNanos(LockSupport.java:215)
        at java.util.concurrent.locks.AbstractQueuedSynchronizer$ConditionObject.awaitNanos(AbstractQueuedSynchronizer.java:2078)
        at org.eclipse.jetty.util.BlockingArrayQueue.poll(BlockingArrayQueue.java:382)
        at org.eclipse.jetty.util.thread.QueuedThreadPool$Runner.idleJobPoll(QueuedThreadPool.java:974)
        at org.eclipse.jetty.util.thread.QueuedThreadPool$Runner.run(QueuedThreadPool.java:1018)
        at java.lang.Thread.run(Thread.java:750)
"f55315c2-12b7-4bf7-9755-17bd9d593b12@group-2D1F402832AD->dba9af6d-6e82-4367-aab1-8cf42182a7ab-GrpcLogAppender-LogAppenderDaemon" daemon prio=5 tid=3647 timed_waiting
java.lang.Thread.State: TIMED_WAITING
        at sun.misc.Unsafe.park(Native Method)
        at java.util.concurrent.locks.LockSupport.parkNanos(LockSupport.java:215)
        at java.util.concurrent.CompletableFuture$Signaller.block(CompletableFuture.java:1709)
        at java.util.concurrent.ForkJoinPool.managedBlock(ForkJoinPool.java:3323)
        at java.util.concurrent.CompletableFuture.timedGet(CompletableFuture.java:1788)
        at java.util.concurrent.CompletableFuture.get(CompletableFuture.java:1928)
        at org.apache.ratis.util.AwaitForSignal.await(AwaitForSignal.java:56)
        at org.apache.ratis.grpc.server.GrpcLogAppender.mayWait(GrpcLogAppender.java:198)
        at org.apache.ratis.grpc.server.GrpcLogAppender.run(GrpcLogAppender.java:148)
        at org.apache.ratis.server.leader.LogAppenderDaemon.run(LogAppenderDaemon.java:78)
        at org.apache.ratis.server.leader.LogAppenderDaemon$$Lambda$1074/1442786329.run(Unknown Source)
        at java.lang.Thread.run(Thread.java:750)
"IPC Server handler 15 on default port 36157" daemon prio=5 tid=5563 timed_waiting
java.lang.Thread.State: TIMED_WAITING
        at sun.misc.Unsafe.park(Native Method)
        at java.util.concurrent.locks.LockSupport.parkNanos(LockSupport.java:215)
        at java.util.concurrent.locks.AbstractQueuedSynchronizer$ConditionObject.awaitNanos(AbstractQueuedSynchronizer.java:2078)
        at java.util.concurrent.LinkedBlockingQueue.poll(LinkedBlockingQueue.java:467)
        at org.apache.hadoop.ipc.CallQueueManager.take(CallQueueManager.java:317)
        at org.apache.hadoop.ipc.Server$Handler.run(Server.java:2942)
"BlockDeletingService#0" daemon prio=5 tid=5225 timed_waiting
java.lang.Thread.State: TIMED_WAITING
        at sun.misc.Unsafe.park(Native Method)
        at java.util.concurrent.locks.LockSupport.parkNanos(LockSupport.java:215)
        at java.util.concurrent.locks.AbstractQueuedSynchronizer$ConditionObject.awaitNanos(AbstractQueuedSynchronizer.java:2078)
        at java.util.concurrent.ScheduledThreadPoolExecutor$DelayedWorkQueue.take(ScheduledThreadPoolExecutor.java:1093)
        at java.util.concurrent.ScheduledThreadPoolExecutor$DelayedWorkQueue.take(ScheduledThreadPoolExecutor.java:809)
        at java.util.concurrent.ThreadPoolExecutor.getTask(ThreadPoolExecutor.java:1074)
        at java.util.concurrent.ThreadPoolExecutor.runWorker(ThreadPoolExecutor.java:1134)
        at java.util.concurrent.ThreadPoolExecutor$Worker.run(ThreadPoolExecutor.java:624)
        at java.lang.Thread.run(Thread.java:750)
"pool-1869-thread-1"  prio=5 tid=3987 timed_waiting
java.lang.Thread.State: TIMED_WAITING
        at sun.misc.Unsafe.park(Native Method)
        at java.util.concurrent.locks.LockSupport.parkNanos(LockSupport.java:215)
        at java.util.concurrent.locks.AbstractQueuedSynchronizer$ConditionObject.awaitNanos(AbstractQueuedSynchronizer.java:2078)
        at java.util.concurrent.ScheduledThreadPoolExecutor$DelayedWorkQueue.take(ScheduledThreadPoolExecutor.java:1093)
        at java.util.concurrent.ScheduledThreadPoolExecutor$DelayedWorkQueue.take(ScheduledThreadPoolExecutor.java:809)
        at java.util.concurrent.ThreadPoolExecutor.getTask(ThreadPoolExecutor.java:1074)
        at java.util.concurrent.ThreadPoolExecutor.runWorker(ThreadPoolExecutor.java:1134)
        at java.util.concurrent.ThreadPoolExecutor$Worker.run(ThreadPoolExecutor.java:624)
        at java.lang.Thread.run(Thread.java:750)
"SCMBlockDeletingService#0" daemon prio=5 tid=5568 timed_waiting
java.lang.Thread.State: TIMED_WAITING
        at sun.misc.Unsafe.park(Native Method)
        at java.util.concurrent.locks.LockSupport.parkNanos(LockSupport.java:215)
        at java.util.concurrent.locks.AbstractQueuedSynchronizer$ConditionObject.awaitNanos(AbstractQueuedSynchronizer.java:2078)
        at java.util.concurrent.ScheduledThreadPoolExecutor$DelayedWorkQueue.take(ScheduledThreadPoolExecutor.java:1093)
        at java.util.concurrent.ScheduledThreadPoolExecutor$DelayedWorkQueue.take(ScheduledThreadPoolExecutor.java:809)
        at java.util.concurrent.ThreadPoolExecutor.getTask(ThreadPoolExecutor.java:1074)
        at java.util.concurrent.ThreadPoolExecutor.runWorker(ThreadPoolExecutor.java:1134)
        at java.util.concurrent.ThreadPoolExecutor$Worker.run(ThreadPoolExecutor.java:624)
        at java.lang.Thread.run(Thread.java:750)
"ChunkWriter-1-0" daemon prio=5 tid=5391 in Object.wait()
java.lang.Thread.State: WAITING (on object monitor)
        at sun.misc.Unsafe.park(Native Method)
        at java.util.concurrent.locks.LockSupport.park(LockSupport.java:175)
        at java.util.concurrent.locks.AbstractQueuedSynchronizer$ConditionObject.await(AbstractQueuedSynchronizer.java:2039)
        at java.util.concurrent.LinkedBlockingDeque.takeFirst(LinkedBlockingDeque.java:492)
        at java.util.concurrent.LinkedBlockingDeque.take(LinkedBlockingDeque.java:680)
        at java.util.concurrent.ThreadPoolExecutor.getTask(ThreadPoolExecutor.java:1074)
        at java.util.concurrent.ThreadPoolExecutor.runWorker(ThreadPoolExecutor.java:1134)
        at java.util.concurrent.ThreadPoolExecutor$Worker.run(ThreadPoolExecutor.java:624)
        at java.lang.Thread.run(Thread.java:750)
"7bbf46ea-4d71-449c-a772-200386f308ce@group-F4C7C4DD09C1-LeaderStateImpl" daemon prio=5 tid=4604 timed_waiting
java.lang.Thread.State: TIMED_WAITING
        at sun.misc.Unsafe.park(Native Method)
        at java.util.concurrent.locks.LockSupport.parkNanos(LockSupport.java:215)
        at java.util.concurrent.locks.AbstractQueuedSynchronizer$ConditionObject.awaitNanos(AbstractQueuedSynchronizer.java:2078)
        at java.util.concurrent.ArrayBlockingQueue.poll(ArrayBlockingQueue.java:418)
        at org.apache.ratis.server.impl.LeaderStateImpl$EventQueue.poll(LeaderStateImpl.java:159)
        at org.apache.ratis.server.impl.LeaderStateImpl$EventProcessor.run(LeaderStateImpl.java:630)
"qtp973406047-4308" daemon prio=5 tid=4308 timed_waiting
java.lang.Thread.State: TIMED_WAITING
        at sun.misc.Unsafe.park(Native Method)
        at java.util.concurrent.locks.LockSupport.parkNanos(LockSupport.java:215)
        at java.util.concurrent.locks.AbstractQueuedSynchronizer$ConditionObject.awaitNanos(AbstractQueuedSynchronizer.java:2078)
        at org.eclipse.jetty.util.BlockingArrayQueue.poll(BlockingArrayQueue.java:382)
        at org.eclipse.jetty.util.thread.QueuedThreadPool$Runner.idleJobPoll(QueuedThreadPool.java:974)
        at org.eclipse.jetty.util.thread.QueuedThreadPool$Runner.run(QueuedThreadPool.java:1018)
        at java.lang.Thread.run(Thread.java:750)
"StaleRecoveringContainerScrubbingService#1" daemon prio=5 tid=4302 timed_waiting
java.lang.Thread.State: TIMED_WAITING
        at sun.misc.Unsafe.park(Native Method)
        at java.util.concurrent.locks.LockSupport.parkNanos(LockSupport.java:215)
        at java.util.concurrent.locks.AbstractQueuedSynchronizer$ConditionObject.awaitNanos(AbstractQueuedSynchronizer.java:2078)
        at java.util.concurrent.ScheduledThreadPoolExecutor$DelayedWorkQueue.take(ScheduledThreadPoolExecutor.java:1093)
        at java.util.concurrent.ScheduledThreadPoolExecutor$DelayedWorkQueue.take(ScheduledThreadPoolExecutor.java:809)
        at java.util.concurrent.ThreadPoolExecutor.getTask(ThreadPoolExecutor.java:1074)
        at java.util.concurrent.ThreadPoolExecutor.runWorker(ThreadPoolExecutor.java:1134)
        at java.util.concurrent.ThreadPoolExecutor$Worker.run(ThreadPoolExecutor.java:624)
        at java.lang.Thread.run(Thread.java:750)
"ec-reconstruct-reader-TID-0"  prio=5 tid=4696 in Object.wait()
java.lang.Thread.State: WAITING (on object monitor)
        at sun.misc.Unsafe.park(Native Method)
        at java.util.concurrent.locks.LockSupport.park(LockSupport.java:175)
        at java.util.concurrent.SynchronousQueue$TransferStack.awaitFulfill(SynchronousQueue.java:458)
        at java.util.concurrent.SynchronousQueue$TransferStack.transfer(SynchronousQueue.java:362)
        at java.util.concurrent.SynchronousQueue.take(SynchronousQueue.java:924)
        at java.util.concurrent.ThreadPoolExecutor.getTask(ThreadPoolExecutor.java:1074)
        at java.util.concurrent.ThreadPoolExecutor.runWorker(ThreadPoolExecutor.java:1134)
        at java.util.concurrent.ThreadPoolExecutor$Worker.run(ThreadPoolExecutor.java:624)
        at java.lang.Thread.run(Thread.java:750)
"qtp1648517692-4067" daemon prio=5 tid=4067 timed_waiting
java.lang.Thread.State: TIMED_WAITING
        at sun.misc.Unsafe.park(Native Method)
        at java.util.concurrent.locks.LockSupport.parkNanos(LockSupport.java:215)
        at java.util.concurrent.locks.AbstractQueuedSynchronizer$ConditionObject.awaitNanos(AbstractQueuedSynchronizer.java:2078)
        at org.eclipse.jetty.util.BlockingArrayQueue.poll(BlockingArrayQueue.java:382)
        at org.eclipse.jetty.util.thread.QueuedThreadPool$Runner.idleJobPoll(QueuedThreadPool.java:974)
        at org.eclipse.jetty.util.thread.QueuedThreadPool$Runner.run(QueuedThreadPool.java:1018)
        at java.lang.Thread.run(Thread.java:750)
"767ffbb5-8206-4017-b2eb-6858697bfab3-impl-thread1"  prio=5 tid=5133 timed_waiting
java.lang.Thread.State: TIMED_WAITING
        at sun.misc.Unsafe.park(Native Method)
        at java.util.concurrent.locks.LockSupport.parkNanos(LockSupport.java:215)
        at java.util.concurrent.SynchronousQueue$TransferStack.awaitFulfill(SynchronousQueue.java:460)
        at java.util.concurrent.SynchronousQueue$TransferStack.transfer(SynchronousQueue.java:362)
        at java.util.concurrent.SynchronousQueue.poll(SynchronousQueue.java:941)
        at java.util.concurrent.ThreadPoolExecutor.getTask(ThreadPoolExecutor.java:1073)
        at java.util.concurrent.ThreadPoolExecutor.runWorker(ThreadPoolExecutor.java:1134)
        at java.util.concurrent.ThreadPoolExecutor$Worker.run(ThreadPoolExecutor.java:624)
        at java.lang.Thread.run(Thread.java:750)
"IPC Server handler 14 on default port 39657" daemon prio=5 tid=4971 timed_waiting
java.lang.Thread.State: TIMED_WAITING
        at sun.misc.Unsafe.park(Native Method)
        at java.util.concurrent.locks.LockSupport.parkNanos(LockSupport.java:215)
        at java.util.concurrent.locks.AbstractQueuedSynchronizer$ConditionObject.awaitNanos(AbstractQueuedSynchronizer.java:2078)
        at java.util.concurrent.LinkedBlockingQueue.poll(LinkedBlockingQueue.java:467)
        at org.apache.hadoop.ipc.CallQueueManager.take(CallQueueManager.java:317)
        at org.apache.hadoop.ipc.Server$Handler.run(Server.java:2942)
"PartialTableCache Cleanup Thread - 0" daemon prio=5 tid=3711 in Object.wait()
java.lang.Thread.State: WAITING (on object monitor)
        at sun.misc.Unsafe.park(Native Method)
        at java.util.concurrent.locks.LockSupport.park(LockSupport.java:175)
        at java.util.concurrent.locks.AbstractQueuedSynchronizer$ConditionObject.await(AbstractQueuedSynchronizer.java:2039)
        at java.util.concurrent.LinkedBlockingQueue.take(LinkedBlockingQueue.java:442)
        at java.util.concurrent.ThreadPoolExecutor.getTask(ThreadPoolExecutor.java:1074)
        at java.util.concurrent.ThreadPoolExecutor.runWorker(ThreadPoolExecutor.java:1134)
        at java.util.concurrent.ThreadPoolExecutor$Worker.run(ThreadPoolExecutor.java:624)
        at java.lang.Thread.run(Thread.java:750)
"StaleRecoveringContainerScrubbingService#0" daemon prio=5 tid=4402 in Object.wait()
java.lang.Thread.State: WAITING (on object monitor)
        at sun.misc.Unsafe.park(Native Method)
        at java.util.concurrent.locks.LockSupport.park(LockSupport.java:175)
        at java.util.concurrent.locks.AbstractQueuedSynchronizer$ConditionObject.await(AbstractQueuedSynchronizer.java:2039)
        at java.util.concurrent.ScheduledThreadPoolExecutor$DelayedWorkQueue.take(ScheduledThreadPoolExecutor.java:1088)
        at java.util.concurrent.ScheduledThreadPoolExecutor$DelayedWorkQueue.take(ScheduledThreadPoolExecutor.java:809)
        at java.util.concurrent.ThreadPoolExecutor.getTask(ThreadPoolExecutor.java:1074)
        at java.util.concurrent.ThreadPoolExecutor.runWorker(ThreadPoolExecutor.java:1134)
        at java.util.concurrent.ThreadPoolExecutor$Worker.run(ThreadPoolExecutor.java:624)
        at java.lang.Thread.run(Thread.java:750)
"5dd764d2-4196-4eea-b07c-aeebc5ccca01-server-thread2" daemon prio=5 tid=5610 timed_waiting
java.lang.Thread.State: TIMED_WAITING
        at sun.misc.Unsafe.park(Native Method)
        at java.util.concurrent.locks.LockSupport.parkNanos(LockSupport.java:215)
        at java.util.concurrent.SynchronousQueue$TransferStack.awaitFulfill(SynchronousQueue.java:460)
        at java.util.concurrent.SynchronousQueue$TransferStack.transfer(SynchronousQueue.java:362)
        at java.util.concurrent.SynchronousQueue.poll(SynchronousQueue.java:941)
        at java.util.concurrent.ThreadPoolExecutor.getTask(ThreadPoolExecutor.java:1073)
        at java.util.concurrent.ThreadPoolExecutor.runWorker(ThreadPoolExecutor.java:1134)
        at java.util.concurrent.ThreadPoolExecutor$Worker.run(ThreadPoolExecutor.java:624)
        at java.lang.Thread.run(Thread.java:750)
"Datanode State Machine Daemon Thread" daemon prio=5 tid=5031 timed_waiting
java.lang.Thread.State: TIMED_WAITING
        at java.lang.Thread.sleep(Native Method)
        at org.apache.hadoop.ozone.container.common.statemachine.DatanodeStateMachine.startStateMachineThread(DatanodeStateMachine.java:321)
        at org.apache.hadoop.ozone.container.common.statemachine.DatanodeStateMachine.lambda$startDaemon$0(DatanodeStateMachine.java:506)
        at org.apache.hadoop.ozone.container.common.statemachine.DatanodeStateMachine$$Lambda$785/619018591.run(Unknown Source)
        at java.lang.Thread.run(Thread.java:750)
"StaleRecoveringContainerScrubbingService#0" daemon prio=5 tid=4300 in Object.wait()
java.lang.Thread.State: WAITING (on object monitor)
        at sun.misc.Unsafe.park(Native Method)
        at java.util.concurrent.locks.LockSupport.park(LockSupport.java:175)
        at java.util.concurrent.locks.AbstractQueuedSynchronizer$ConditionObject.await(AbstractQueuedSynchronizer.java:2039)
        at java.util.concurrent.ScheduledThreadPoolExecutor$DelayedWorkQueue.take(ScheduledThreadPoolExecutor.java:1088)
        at java.util.concurrent.ScheduledThreadPoolExecutor$DelayedWorkQueue.take(ScheduledThreadPoolExecutor.java:809)
        at java.util.concurrent.ThreadPoolExecutor.getTask(ThreadPoolExecutor.java:1074)
        at java.util.concurrent.ThreadPoolExecutor.runWorker(ThreadPoolExecutor.java:1134)
        at java.util.concurrent.ThreadPoolExecutor$Worker.run(ThreadPoolExecutor.java:624)
        at java.lang.Thread.run(Thread.java:750)
"PartialTableCache Cleanup Thread - 0" daemon prio=5 tid=3753 in Object.wait()
java.lang.Thread.State: WAITING (on object monitor)
        at sun.misc.Unsafe.park(Native Method)
        at java.util.concurrent.locks.LockSupport.park(LockSupport.java:175)
        at java.util.concurrent.locks.AbstractQueuedSynchronizer$ConditionObject.await(AbstractQueuedSynchronizer.java:2039)
        at java.util.concurrent.LinkedBlockingQueue.take(LinkedBlockingQueue.java:442)
        at java.util.concurrent.ThreadPoolExecutor.getTask(ThreadPoolExecutor.java:1074)
        at java.util.concurrent.ThreadPoolExecutor.runWorker(ThreadPoolExecutor.java:1134)
        at java.util.concurrent.ThreadPoolExecutor$Worker.run(ThreadPoolExecutor.java:624)
        at java.lang.Thread.run(Thread.java:750)
"4f264252-b644-43b2-b39d-b880ca9b4753-server-thread2" daemon prio=5 tid=4640 timed_waiting
java.lang.Thread.State: TIMED_WAITING
        at sun.misc.Unsafe.park(Native Method)
        at java.util.concurrent.locks.LockSupport.parkNanos(LockSupport.java:215)
        at java.util.concurrent.SynchronousQueue$TransferStack.awaitFulfill(SynchronousQueue.java:460)
        at java.util.concurrent.SynchronousQueue$TransferStack.transfer(SynchronousQueue.java:362)
        at java.util.concurrent.SynchronousQueue.poll(SynchronousQueue.java:941)
        at java.util.concurrent.ThreadPoolExecutor.getTask(ThreadPoolExecutor.java:1073)
        at java.util.concurrent.ThreadPoolExecutor.runWorker(ThreadPoolExecutor.java:1134)
        at java.util.concurrent.ThreadPoolExecutor$Worker.run(ThreadPoolExecutor.java:624)
        at java.lang.Thread.run(Thread.java:750)
"IPC Parameter Sending Thread #1" daemon prio=5 tid=1939 timed_waiting
java.lang.Thread.State: TIMED_WAITING
        at sun.misc.Unsafe.park(Native Method)
        at java.util.concurrent.locks.LockSupport.parkNanos(LockSupport.java:215)
        at java.util.concurrent.SynchronousQueue$TransferStack.awaitFulfill(SynchronousQueue.java:460)
        at java.util.concurrent.SynchronousQueue$TransferStack.transfer(SynchronousQueue.java:362)
        at java.util.concurrent.SynchronousQueue.poll(SynchronousQueue.java:941)
        at java.util.concurrent.ThreadPoolExecutor.getTask(ThreadPoolExecutor.java:1073)
        at java.util.concurrent.ThreadPoolExecutor.runWorker(ThreadPoolExecutor.java:1134)
        at java.util.concurrent.ThreadPoolExecutor$Worker.run(ThreadPoolExecutor.java:624)
        at java.lang.Thread.run(Thread.java:750)
"4e9d01e2-99f3-4323-a596-366f46fa44e1-server-thread2" daemon prio=5 tid=5462 timed_waiting
java.lang.Thread.State: TIMED_WAITING
        at sun.misc.Unsafe.park(Native Method)
        at java.util.concurrent.locks.LockSupport.parkNanos(LockSupport.java:215)
        at java.util.concurrent.SynchronousQueue$TransferStack.awaitFulfill(SynchronousQueue.java:460)
        at java.util.concurrent.SynchronousQueue$TransferStack.transfer(SynchronousQueue.java:362)
        at java.util.concurrent.SynchronousQueue.poll(SynchronousQueue.java:941)
        at java.util.concurrent.ThreadPoolExecutor.getTask(ThreadPoolExecutor.java:1073)
        at java.util.concurrent.ThreadPoolExecutor.runWorker(ThreadPoolExecutor.java:1134)
        at java.util.concurrent.ThreadPoolExecutor$Worker.run(ThreadPoolExecutor.java:624)
        at java.lang.Thread.run(Thread.java:750)
"5f7ad737-403f-4287-b3fb-a8d838b89ff3@group-1C0F276A37C4-SegmentedRaftLogWorker"  prio=5 tid=3587 timed_waiting
java.lang.Thread.State: TIMED_WAITING
        at sun.misc.Unsafe.park(Native Method)
        at java.util.concurrent.locks.LockSupport.parkNanos(LockSupport.java:215)
        at java.util.concurrent.locks.AbstractQueuedSynchronizer$ConditionObject.awaitNanos(AbstractQueuedSynchronizer.java:2078)
        at org.apache.ratis.util.DataBlockingQueue.poll(DataBlockingQueue.java:148)
        at org.apache.ratis.server.raftlog.segmented.SegmentedRaftLogWorker.run(SegmentedRaftLogWorker.java:310)
        at org.apache.ratis.server.raftlog.segmented.SegmentedRaftLogWorker$$Lambda$699/1369416112.run(Unknown Source)
        at java.lang.Thread.run(Thread.java:750)
"Timer-4"  prio=5 tid=3228 timed_waiting
java.lang.Thread.State: TIMED_WAITING
        at java.lang.Object.wait(Native Method)
        at java.util.TimerThread.mainLoop(Timer.java:552)
        at java.util.TimerThread.run(Timer.java:505)
"Periodic HDDS volume checker" daemon prio=5 tid=5043 timed_waiting
java.lang.Thread.State: TIMED_WAITING
        at sun.misc.Unsafe.park(Native Method)
        at java.util.concurrent.locks.LockSupport.parkNanos(LockSupport.java:215)
        at java.util.concurrent.locks.AbstractQueuedSynchronizer$ConditionObject.awaitNanos(AbstractQueuedSynchronizer.java:2078)
        at java.util.concurrent.ScheduledThreadPoolExecutor$DelayedWorkQueue.take(ScheduledThreadPoolExecutor.java:1093)
        at java.util.concurrent.ScheduledThreadPoolExecutor$DelayedWorkQueue.take(ScheduledThreadPoolExecutor.java:809)
        at java.util.concurrent.ThreadPoolExecutor.getTask(ThreadPoolExecutor.java:1074)
        at java.util.concurrent.ThreadPoolExecutor.runWorker(ThreadPoolExecutor.java:1134)
        at java.util.concurrent.ThreadPoolExecutor$Worker.run(ThreadPoolExecutor.java:624)
        at java.lang.Thread.run(Thread.java:750)
"SCMBlockDeletingService#0" daemon prio=5 tid=3824 timed_waiting
java.lang.Thread.State: TIMED_WAITING
        at sun.misc.Unsafe.park(Native Method)
        at java.util.concurrent.locks.LockSupport.parkNanos(LockSupport.java:215)
        at java.util.concurrent.locks.AbstractQueuedSynchronizer$ConditionObject.awaitNanos(AbstractQueuedSynchronizer.java:2078)
        at java.util.concurrent.ScheduledThreadPoolExecutor$DelayedWorkQueue.take(ScheduledThreadPoolExecutor.java:1093)
        at java.util.concurrent.ScheduledThreadPoolExecutor$DelayedWorkQueue.take(ScheduledThreadPoolExecutor.java:809)
        at java.util.concurrent.ThreadPoolExecutor.getTask(ThreadPoolExecutor.java:1074)
        at java.util.concurrent.ThreadPoolExecutor.runWorker(ThreadPoolExecutor.java:1134)
        at java.util.concurrent.ThreadPoolExecutor$Worker.run(ThreadPoolExecutor.java:624)
        at java.lang.Thread.run(Thread.java:750)
"IPC Server handler 7 on default port 45833" daemon prio=5 tid=3249 timed_waiting
java.lang.Thread.State: TIMED_WAITING
        at sun.misc.Unsafe.park(Native Method)
        at java.util.concurrent.locks.LockSupport.parkNanos(LockSupport.java:215)
        at java.util.concurrent.locks.AbstractQueuedSynchronizer$ConditionObject.awaitNanos(AbstractQueuedSynchronizer.java:2078)
        at java.util.concurrent.LinkedBlockingQueue.poll(LinkedBlockingQueue.java:467)
        at org.apache.hadoop.ipc.CallQueueManager.take(CallQueueManager.java:317)
        at org.apache.hadoop.ipc.Server$Handler.run(Server.java:2942)
"qtp612244147-3238" daemon prio=5 tid=3238 timed_waiting
java.lang.Thread.State: TIMED_WAITING
        at sun.misc.Unsafe.park(Native Method)
        at java.util.concurrent.locks.LockSupport.parkNanos(LockSupport.java:215)
        at java.util.concurrent.locks.AbstractQueuedSynchronizer$ConditionObject.awaitNanos(AbstractQueuedSynchronizer.java:2078)
        at org.eclipse.jetty.util.BlockingArrayQueue.poll(BlockingArrayQueue.java:382)
        at org.eclipse.jetty.util.thread.QueuedThreadPool$Runner.idleJobPoll(QueuedThreadPool.java:974)
        at org.eclipse.jetty.util.thread.QueuedThreadPool$Runner.run(QueuedThreadPool.java:1018)
        at java.lang.Thread.run(Thread.java:750)
"ChunkReader-ELG-0" daemon prio=5 tid=5359 runnable
java.lang.Thread.State: RUNNABLE
        at org.apache.ratis.thirdparty.io.netty.channel.epoll.Native.epollWait(Native Method)
        at org.apache.ratis.thirdparty.io.netty.channel.epoll.Native.epollWait(Native.java:209)
        at org.apache.ratis.thirdparty.io.netty.channel.epoll.Native.epollWait(Native.java:202)
        at org.apache.ratis.thirdparty.io.netty.channel.epoll.EpollEventLoop.epollWaitNoTimerChange(EpollEventLoop.java:294)
        at org.apache.ratis.thirdparty.io.netty.channel.epoll.EpollEventLoop.run(EpollEventLoop.java:351)
        at org.apache.ratis.thirdparty.io.netty.util.concurrent.SingleThreadEventExecutor$4.run(SingleThreadEventExecutor.java:995)
        at org.apache.ratis.thirdparty.io.netty.util.internal.ThreadExecutorMap$2.run(ThreadExecutorMap.java:74)
        at java.lang.Thread.run(Thread.java:750)
"ChunkReader-ELG-0" daemon prio=5 tid=5191 runnable
java.lang.Thread.State: RUNNABLE
        at org.apache.ratis.thirdparty.io.netty.channel.epoll.Native.epollWait(Native Method)
        at org.apache.ratis.thirdparty.io.netty.channel.epoll.Native.epollWait(Native.java:209)
        at org.apache.ratis.thirdparty.io.netty.channel.epoll.Native.epollWait(Native.java:202)
        at org.apache.ratis.thirdparty.io.netty.channel.epoll.EpollEventLoop.epollWaitNoTimerChange(EpollEventLoop.java:294)
        at org.apache.ratis.thirdparty.io.netty.channel.epoll.EpollEventLoop.run(EpollEventLoop.java:351)
        at org.apache.ratis.thirdparty.io.netty.util.concurrent.SingleThreadEventExecutor$4.run(SingleThreadEventExecutor.java:995)
        at org.apache.ratis.thirdparty.io.netty.util.internal.ThreadExecutorMap$2.run(ThreadExecutorMap.java:74)
        at java.lang.Thread.run(Thread.java:750)
"IPC Server handler 14 on default port 36439" daemon prio=5 tid=3798 timed_waiting
java.lang.Thread.State: TIMED_WAITING
        at sun.misc.Unsafe.park(Native Method)
        at java.util.concurrent.locks.LockSupport.parkNanos(LockSupport.java:215)
        at java.util.concurrent.locks.AbstractQueuedSynchronizer$ConditionObject.awaitNanos(AbstractQueuedSynchronizer.java:2078)
        at java.util.concurrent.LinkedBlockingQueue.poll(LinkedBlockingQueue.java:467)
        at org.apache.hadoop.ipc.CallQueueManager.take(CallQueueManager.java:317)
        at org.apache.hadoop.ipc.Server$Handler.run(Server.java:2942)
"PartialTableCache Cleanup Thread - 0" daemon prio=5 tid=2899 in Object.wait()
java.lang.Thread.State: WAITING (on object monitor)
        at sun.misc.Unsafe.park(Native Method)
        at java.util.concurrent.locks.LockSupport.park(LockSupport.java:175)
        at java.util.concurrent.locks.AbstractQueuedSynchronizer$ConditionObject.await(AbstractQueuedSynchronizer.java:2039)
        at java.util.concurrent.LinkedBlockingQueue.take(LinkedBlockingQueue.java:442)
        at java.util.concurrent.ThreadPoolExecutor.getTask(ThreadPoolExecutor.java:1074)
        at java.util.concurrent.ThreadPoolExecutor.runWorker(ThreadPoolExecutor.java:1134)
        at java.util.concurrent.ThreadPoolExecutor$Worker.run(ThreadPoolExecutor.java:624)
        at java.lang.Thread.run(Thread.java:750)
"Datanode ReportManager Thread - 4" daemon prio=5 tid=5064 in Object.wait()
java.lang.Thread.State: WAITING (on object monitor)
        at sun.misc.Unsafe.park(Native Method)
        at java.util.concurrent.locks.LockSupport.park(LockSupport.java:175)
        at java.util.concurrent.locks.AbstractQueuedSynchronizer$ConditionObject.await(AbstractQueuedSynchronizer.java:2039)
        at java.util.concurrent.ScheduledThreadPoolExecutor$DelayedWorkQueue.take(ScheduledThreadPoolExecutor.java:1088)
        at java.util.concurrent.ScheduledThreadPoolExecutor$DelayedWorkQueue.take(ScheduledThreadPoolExecutor.java:809)
        at java.util.concurrent.ThreadPoolExecutor.getTask(ThreadPoolExecutor.java:1074)
        at java.util.concurrent.ThreadPoolExecutor.runWorker(ThreadPoolExecutor.java:1134)
        at java.util.concurrent.ThreadPoolExecutor$Worker.run(ThreadPoolExecutor.java:624)
        at java.lang.Thread.run(Thread.java:750)
"ContainerOp-d03e4836-7d8d-4de7-87bd-2d1f402832ad-7"  prio=5 tid=4867 in Object.wait()
java.lang.Thread.State: WAITING (on object monitor)
        at sun.misc.Unsafe.park(Native Method)
        at java.util.concurrent.locks.LockSupport.park(LockSupport.java:175)
        at java.util.concurrent.locks.AbstractQueuedSynchronizer$ConditionObject.await(AbstractQueuedSynchronizer.java:2039)
        at java.util.concurrent.LinkedBlockingQueue.take(LinkedBlockingQueue.java:442)
        at java.util.concurrent.ThreadPoolExecutor.getTask(ThreadPoolExecutor.java:1074)
        at java.util.concurrent.ThreadPoolExecutor.runWorker(ThreadPoolExecutor.java:1134)
        at java.util.concurrent.ThreadPoolExecutor$Worker.run(ThreadPoolExecutor.java:624)
        at java.lang.Thread.run(Thread.java:750)
"org.apache.hadoop.ozone.container.common.statemachine.commandhandler.DeleteBlocksCommandHandler$DeleteCmdWorker@269418f" daemon prio=5 tid=3269 timed_waiting
java.lang.Thread.State: TIMED_WAITING
        at java.lang.Thread.sleep(Native Method)
        at org.apache.hadoop.ozone.container.common.statemachine.commandhandler.DeleteBlocksCommandHandler$DeleteCmdWorker.run(DeleteBlocksCommandHandler.java:184)
        at java.lang.Thread.run(Thread.java:750)
"ChunkWriter-3-0" daemon prio=5 tid=4416 in Object.wait()
java.lang.Thread.State: WAITING (on object monitor)
        at sun.misc.Unsafe.park(Native Method)
        at java.util.concurrent.locks.LockSupport.park(LockSupport.java:175)
        at java.util.concurrent.locks.AbstractQueuedSynchronizer$ConditionObject.await(AbstractQueuedSynchronizer.java:2039)
        at java.util.concurrent.LinkedBlockingDeque.takeFirst(LinkedBlockingDeque.java:492)
        at java.util.concurrent.LinkedBlockingDeque.take(LinkedBlockingDeque.java:680)
        at java.util.concurrent.ThreadPoolExecutor.getTask(ThreadPoolExecutor.java:1074)
        at java.util.concurrent.ThreadPoolExecutor.runWorker(ThreadPoolExecutor.java:1134)
        at java.util.concurrent.ThreadPoolExecutor$Worker.run(ThreadPoolExecutor.java:624)
        at java.lang.Thread.run(Thread.java:750)
"e5184996-93a8-477c-b193-15e28d80a846@group-3FB80795822F-StateMachineUpdater" daemon prio=5 tid=4465 timed_waiting
java.lang.Thread.State: TIMED_WAITING
        at sun.misc.Unsafe.park(Native Method)
        at java.util.concurrent.locks.LockSupport.parkNanos(LockSupport.java:215)
        at java.util.concurrent.CompletableFuture$Signaller.block(CompletableFuture.java:1709)
        at java.util.concurrent.ForkJoinPool.managedBlock(ForkJoinPool.java:3323)
        at java.util.concurrent.CompletableFuture.timedGet(CompletableFuture.java:1788)
        at java.util.concurrent.CompletableFuture.get(CompletableFuture.java:1928)
        at org.apache.ratis.util.AwaitForSignal.await(AwaitForSignal.java:56)
        at org.apache.ratis.server.impl.StateMachineUpdater.waitForCommit(StateMachineUpdater.java:207)
        at org.apache.ratis.server.impl.StateMachineUpdater.run(StateMachineUpdater.java:176)
        at java.lang.Thread.run(Thread.java:750)
"Datanode State Machine Daemon Thread" daemon prio=5 tid=4157 timed_waiting
java.lang.Thread.State: TIMED_WAITING
        at java.lang.Thread.sleep(Native Method)
        at org.apache.hadoop.ozone.container.common.statemachine.DatanodeStateMachine.startStateMachineThread(DatanodeStateMachine.java:321)
        at org.apache.hadoop.ozone.container.common.statemachine.DatanodeStateMachine.lambda$startDaemon$0(DatanodeStateMachine.java:506)
        at org.apache.hadoop.ozone.container.common.statemachine.DatanodeStateMachine$$Lambda$785/619018591.run(Unknown Source)
        at java.lang.Thread.run(Thread.java:750)
"IPC Server handler 14 on default port 36003" daemon prio=5 tid=4804 timed_waiting
java.lang.Thread.State: TIMED_WAITING
        at sun.misc.Unsafe.park(Native Method)
        at java.util.concurrent.locks.LockSupport.parkNanos(LockSupport.java:215)
        at java.util.concurrent.locks.AbstractQueuedSynchronizer$ConditionObject.awaitNanos(AbstractQueuedSynchronizer.java:2078)
        at java.util.concurrent.LinkedBlockingQueue.poll(LinkedBlockingQueue.java:467)
        at org.apache.hadoop.ipc.CallQueueManager.take(CallQueueManager.java:317)
        at org.apache.hadoop.ipc.Server$Handler.run(Server.java:2942)
"pool-1884-thread-1" daemon prio=5 tid=4052 timed_waiting
java.lang.Thread.State: TIMED_WAITING
        at sun.misc.Unsafe.park(Native Method)
        at java.util.concurrent.locks.LockSupport.parkNanos(LockSupport.java:215)
        at java.util.concurrent.locks.AbstractQueuedSynchronizer$ConditionObject.awaitNanos(AbstractQueuedSynchronizer.java:2078)
        at java.util.concurrent.ScheduledThreadPoolExecutor$DelayedWorkQueue.take(ScheduledThreadPoolExecutor.java:1093)
        at java.util.concurrent.ScheduledThreadPoolExecutor$DelayedWorkQueue.take(ScheduledThreadPoolExecutor.java:809)
        at java.util.concurrent.ThreadPoolExecutor.getTask(ThreadPoolExecutor.java:1074)
        at java.util.concurrent.ThreadPoolExecutor.runWorker(ThreadPoolExecutor.java:1134)
        at java.util.concurrent.ThreadPoolExecutor$Worker.run(ThreadPoolExecutor.java:624)
        at java.lang.Thread.run(Thread.java:750)
"Datanode State Machine Task Thread - 1"  prio=5 tid=5382 in Object.wait()
java.lang.Thread.State: WAITING (on object monitor)
        at sun.misc.Unsafe.park(Native Method)
        at java.util.concurrent.locks.LockSupport.park(LockSupport.java:175)
        at java.util.concurrent.locks.AbstractQueuedSynchronizer$ConditionObject.await(AbstractQueuedSynchronizer.java:2039)
        at java.util.concurrent.LinkedBlockingQueue.take(LinkedBlockingQueue.java:442)
        at java.util.concurrent.ThreadPoolExecutor.getTask(ThreadPoolExecutor.java:1074)
        at java.util.concurrent.ThreadPoolExecutor.runWorker(ThreadPoolExecutor.java:1134)
        at java.util.concurrent.ThreadPoolExecutor$Worker.run(ThreadPoolExecutor.java:624)
        at java.lang.Thread.run(Thread.java:750)
"qtp1166429822-3990" daemon prio=5 tid=3990 timed_waiting
java.lang.Thread.State: TIMED_WAITING
        at sun.misc.Unsafe.park(Native Method)
        at java.util.concurrent.locks.LockSupport.parkNanos(LockSupport.java:215)
        at java.util.concurrent.locks.AbstractQueuedSynchronizer$ConditionObject.awaitNanos(AbstractQueuedSynchronizer.java:2078)
        at org.eclipse.jetty.util.BlockingArrayQueue.poll(BlockingArrayQueue.java:382)
        at org.eclipse.jetty.util.thread.QueuedThreadPool$Runner.idleJobPoll(QueuedThreadPool.java:974)
        at org.eclipse.jetty.util.thread.QueuedThreadPool$Runner.run(QueuedThreadPool.java:1018)
        at java.lang.Thread.run(Thread.java:750)
"Command processor thread" daemon prio=5 tid=4088 timed_waiting
java.lang.Thread.State: TIMED_WAITING
        at java.lang.Thread.sleep(Native Method)
        at org.apache.hadoop.ozone.container.common.statemachine.DatanodeStateMachine.lambda$initCommandHandlerThread$3(DatanodeStateMachine.java:641)
        at org.apache.hadoop.ozone.container.common.statemachine.DatanodeStateMachine$$Lambda$787/339964609.run(Unknown Source)
        at java.lang.Thread.run(Thread.java:750)
"qtp97689361-3329" daemon prio=5 tid=3329 timed_waiting
java.lang.Thread.State: TIMED_WAITING
        at sun.misc.Unsafe.park(Native Method)
        at java.util.concurrent.locks.LockSupport.parkNanos(LockSupport.java:215)
        at java.util.concurrent.locks.AbstractQueuedSynchronizer$ConditionObject.awaitNanos(AbstractQueuedSynchronizer.java:2078)
        at org.eclipse.jetty.util.BlockingArrayQueue.poll(BlockingArrayQueue.java:382)
        at org.eclipse.jetty.util.thread.QueuedThreadPool$Runner.idleJobPoll(QueuedThreadPool.java:974)
        at org.eclipse.jetty.util.thread.QueuedThreadPool$Runner.run(QueuedThreadPool.java:1018)
        at java.lang.Thread.run(Thread.java:750)
"StaleRecoveringContainerScrubbingService#2" daemon prio=5 tid=5648 in Object.wait()
java.lang.Thread.State: WAITING (on object monitor)
        at sun.misc.Unsafe.park(Native Method)
        at java.util.concurrent.locks.LockSupport.park(LockSupport.java:175)
        at java.util.concurrent.locks.AbstractQueuedSynchronizer$ConditionObject.await(AbstractQueuedSynchronizer.java:2039)
        at java.util.concurrent.ScheduledThreadPoolExecutor$DelayedWorkQueue.take(ScheduledThreadPoolExecutor.java:1088)
        at java.util.concurrent.ScheduledThreadPoolExecutor$DelayedWorkQueue.take(ScheduledThreadPoolExecutor.java:809)
        at java.util.concurrent.ThreadPoolExecutor.getTask(ThreadPoolExecutor.java:1074)
        at java.util.concurrent.ThreadPoolExecutor.runWorker(ThreadPoolExecutor.java:1134)
        at java.util.concurrent.ThreadPoolExecutor$Worker.run(ThreadPoolExecutor.java:624)
        at java.lang.Thread.run(Thread.java:750)
"pool-2525-thread-1" daemon prio=5 tid=5097 timed_waiting
java.lang.Thread.State: TIMED_WAITING
        at sun.misc.Unsafe.park(Native Method)
        at java.util.concurrent.locks.LockSupport.parkNanos(LockSupport.java:215)
        at java.util.concurrent.locks.AbstractQueuedSynchronizer$ConditionObject.awaitNanos(AbstractQueuedSynchronizer.java:2078)
        at java.util.concurrent.ScheduledThreadPoolExecutor$DelayedWorkQueue.take(ScheduledThreadPoolExecutor.java:1093)
        at java.util.concurrent.ScheduledThreadPoolExecutor$DelayedWorkQueue.take(ScheduledThreadPoolExecutor.java:809)
        at java.util.concurrent.ThreadPoolExecutor.getTask(ThreadPoolExecutor.java:1074)
        at java.util.concurrent.ThreadPoolExecutor.runWorker(ThreadPoolExecutor.java:1134)
        at java.util.concurrent.ThreadPoolExecutor$Worker.run(ThreadPoolExecutor.java:624)
        at java.lang.Thread.run(Thread.java:750)
"Command processor thread" daemon prio=5 tid=4165 timed_waiting
java.lang.Thread.State: TIMED_WAITING
        at java.lang.Thread.sleep(Native Method)
        at org.apache.hadoop.ozone.container.common.statemachine.DatanodeStateMachine.lambda$initCommandHandlerThread$3(DatanodeStateMachine.java:641)
        at org.apache.hadoop.ozone.container.common.statemachine.DatanodeStateMachine$$Lambda$787/339964609.run(Unknown Source)
        at java.lang.Thread.run(Thread.java:750)
"ChunkWriter-3-0" daemon prio=5 tid=4382 in Object.wait()
java.lang.Thread.State: WAITING (on object monitor)
        at sun.misc.Unsafe.park(Native Method)
        at java.util.concurrent.locks.LockSupport.park(LockSupport.java:175)
        at java.util.concurrent.locks.AbstractQueuedSynchronizer$ConditionObject.await(AbstractQueuedSynchronizer.java:2039)
        at java.util.concurrent.LinkedBlockingDeque.takeFirst(LinkedBlockingDeque.java:492)
        at java.util.concurrent.LinkedBlockingDeque.take(LinkedBlockingDeque.java:680)
        at java.util.concurrent.ThreadPoolExecutor.getTask(ThreadPoolExecutor.java:1074)
        at java.util.concurrent.ThreadPoolExecutor.runWorker(ThreadPoolExecutor.java:1134)
        at java.util.concurrent.ThreadPoolExecutor$Worker.run(ThreadPoolExecutor.java:624)
        at java.lang.Thread.run(Thread.java:750)
"IPC Server handler 5 on default port 36157" daemon prio=5 tid=5553 timed_waiting
java.lang.Thread.State: TIMED_WAITING
        at sun.misc.Unsafe.park(Native Method)
        at java.util.concurrent.locks.LockSupport.parkNanos(LockSupport.java:215)
        at java.util.concurrent.locks.AbstractQueuedSynchronizer$ConditionObject.awaitNanos(AbstractQueuedSynchronizer.java:2078)
        at java.util.concurrent.LinkedBlockingQueue.poll(LinkedBlockingQueue.java:467)
        at org.apache.hadoop.ipc.CallQueueManager.take(CallQueueManager.java:317)
        at org.apache.hadoop.ipc.Server$Handler.run(Server.java:2942)
"ContainerOp-d03e4836-7d8d-4de7-87bd-2d1f402832ad-6"  prio=5 tid=4866 in Object.wait()
java.lang.Thread.State: WAITING (on object monitor)
        at sun.misc.Unsafe.park(Native Method)
        at java.util.concurrent.locks.LockSupport.park(LockSupport.java:175)
        at java.util.concurrent.locks.AbstractQueuedSynchronizer$ConditionObject.await(AbstractQueuedSynchronizer.java:2039)
        at java.util.concurrent.LinkedBlockingQueue.take(LinkedBlockingQueue.java:442)
        at java.util.concurrent.ThreadPoolExecutor.getTask(ThreadPoolExecutor.java:1074)
        at java.util.concurrent.ThreadPoolExecutor.runWorker(ThreadPoolExecutor.java:1134)
        at java.util.concurrent.ThreadPoolExecutor$Worker.run(ThreadPoolExecutor.java:624)
        at java.lang.Thread.run(Thread.java:750)
"BlockDeletingService#0" daemon prio=5 tid=5213 timed_waiting
java.lang.Thread.State: TIMED_WAITING
        at sun.misc.Unsafe.park(Native Method)
        at java.util.concurrent.locks.LockSupport.parkNanos(LockSupport.java:215)
        at java.util.concurrent.locks.AbstractQueuedSynchronizer$ConditionObject.awaitNanos(AbstractQueuedSynchronizer.java:2078)
        at java.util.concurrent.ScheduledThreadPoolExecutor$DelayedWorkQueue.take(ScheduledThreadPoolExecutor.java:1093)
        at java.util.concurrent.ScheduledThreadPoolExecutor$DelayedWorkQueue.take(ScheduledThreadPoolExecutor.java:809)
        at java.util.concurrent.ThreadPoolExecutor.getTask(ThreadPoolExecutor.java:1074)
        at java.util.concurrent.ThreadPoolExecutor.runWorker(ThreadPoolExecutor.java:1134)
        at java.util.concurrent.ThreadPoolExecutor$Worker.run(ThreadPoolExecutor.java:624)
        at java.lang.Thread.run(Thread.java:750)
"Datanode State Machine Task Thread - 0"  prio=5 tid=4281 in Object.wait()
java.lang.Thread.State: WAITING (on object monitor)
        at sun.misc.Unsafe.park(Native Method)
        at java.util.concurrent.locks.LockSupport.park(LockSupport.java:175)
        at java.util.concurrent.locks.AbstractQueuedSynchronizer$ConditionObject.await(AbstractQueuedSynchronizer.java:2039)
        at java.util.concurrent.LinkedBlockingQueue.take(LinkedBlockingQueue.java:442)
        at java.util.concurrent.ThreadPoolExecutor.getTask(ThreadPoolExecutor.java:1074)
        at java.util.concurrent.ThreadPoolExecutor.runWorker(ThreadPoolExecutor.java:1134)
        at java.util.concurrent.ThreadPoolExecutor$Worker.run(ThreadPoolExecutor.java:624)
        at java.lang.Thread.run(Thread.java:750)
"pool-1572-thread-1"  prio=5 tid=3571 in Object.wait()
java.lang.Thread.State: WAITING (on object monitor)
        at sun.misc.Unsafe.park(Native Method)
        at java.util.concurrent.locks.LockSupport.park(LockSupport.java:175)
        at java.util.concurrent.locks.AbstractQueuedSynchronizer$ConditionObject.await(AbstractQueuedSynchronizer.java:2039)
        at java.util.concurrent.LinkedBlockingQueue.take(LinkedBlockingQueue.java:442)
        at java.util.concurrent.ThreadPoolExecutor.getTask(ThreadPoolExecutor.java:1074)
        at java.util.concurrent.ThreadPoolExecutor.runWorker(ThreadPoolExecutor.java:1134)
        at java.util.concurrent.ThreadPoolExecutor$Worker.run(ThreadPoolExecutor.java:624)
        at java.lang.Thread.run(Thread.java:750)
"pool-2493-thread-1"  prio=5 tid=5433 in Object.wait()
java.lang.Thread.State: WAITING (on object monitor)
        at sun.misc.Unsafe.park(Native Method)
        at java.util.concurrent.locks.LockSupport.park(LockSupport.java:175)
        at java.util.concurrent.locks.AbstractQueuedSynchronizer$ConditionObject.await(AbstractQueuedSynchronizer.java:2039)
        at java.util.concurrent.LinkedBlockingQueue.take(LinkedBlockingQueue.java:442)
        at java.util.concurrent.ThreadPoolExecutor.getTask(ThreadPoolExecutor.java:1074)
        at java.util.concurrent.ThreadPoolExecutor.runWorker(ThreadPoolExecutor.java:1134)
        at java.util.concurrent.ThreadPoolExecutor$Worker.run(ThreadPoolExecutor.java:624)
        at java.lang.Thread.run(Thread.java:750)
"qtp2095529297-5177" daemon prio=5 tid=5177 timed_waiting
java.lang.Thread.State: TIMED_WAITING
        at sun.misc.Unsafe.park(Native Method)
        at java.util.concurrent.locks.LockSupport.parkNanos(LockSupport.java:215)
        at java.util.concurrent.locks.AbstractQueuedSynchronizer$ConditionObject.awaitNanos(AbstractQueuedSynchronizer.java:2078)
        at org.eclipse.jetty.util.BlockingArrayQueue.poll(BlockingArrayQueue.java:382)
        at org.eclipse.jetty.util.thread.QueuedThreadPool$Runner.idleJobPoll(QueuedThreadPool.java:974)
        at org.eclipse.jetty.util.thread.QueuedThreadPool$Runner.run(QueuedThreadPool.java:1018)
        at java.lang.Thread.run(Thread.java:750)
"Datanode State Machine Task Thread - 1"  prio=5 tid=4411 in Object.wait()
java.lang.Thread.State: WAITING (on object monitor)
        at sun.misc.Unsafe.park(Native Method)
        at java.util.concurrent.locks.LockSupport.park(LockSupport.java:175)
        at java.util.concurrent.locks.AbstractQueuedSynchronizer$ConditionObject.await(AbstractQueuedSynchronizer.java:2039)
        at java.util.concurrent.LinkedBlockingQueue.take(LinkedBlockingQueue.java:442)
        at java.util.concurrent.ThreadPoolExecutor.getTask(ThreadPoolExecutor.java:1074)
        at java.util.concurrent.ThreadPoolExecutor.runWorker(ThreadPoolExecutor.java:1134)
        at java.util.concurrent.ThreadPoolExecutor$Worker.run(ThreadPoolExecutor.java:624)
        at java.lang.Thread.run(Thread.java:750)
"f55315c2-12b7-4bf7-9755-17bd9d593b12@group-2D1F402832AD-SegmentedRaftLogWorker"  prio=5 tid=3568 timed_waiting
java.lang.Thread.State: TIMED_WAITING
        at sun.misc.Unsafe.park(Native Method)
        at java.util.concurrent.locks.LockSupport.parkNanos(LockSupport.java:215)
        at java.util.concurrent.locks.AbstractQueuedSynchronizer$ConditionObject.awaitNanos(AbstractQueuedSynchronizer.java:2078)
        at org.apache.ratis.util.DataBlockingQueue.poll(DataBlockingQueue.java:148)
        at org.apache.ratis.server.raftlog.segmented.SegmentedRaftLogWorker.run(SegmentedRaftLogWorker.java:310)
        at org.apache.ratis.server.raftlog.segmented.SegmentedRaftLogWorker$$Lambda$699/1369416112.run(Unknown Source)
        at java.lang.Thread.run(Thread.java:750)
"Datanode State Machine Daemon Thread" daemon prio=5 tid=3454 timed_waiting
java.lang.Thread.State: TIMED_WAITING
        at java.lang.Thread.sleep(Native Method)
        at org.apache.hadoop.ozone.container.common.statemachine.DatanodeStateMachine.startStateMachineThread(DatanodeStateMachine.java:321)
        at org.apache.hadoop.ozone.container.common.statemachine.DatanodeStateMachine.lambda$startDaemon$0(DatanodeStateMachine.java:506)
        at org.apache.hadoop.ozone.container.common.statemachine.DatanodeStateMachine$$Lambda$785/619018591.run(Unknown Source)
        at java.lang.Thread.run(Thread.java:750)
"qtp2095529297-5175" daemon prio=5 tid=5175 runnable
java.lang.Thread.State: RUNNABLE
        at sun.nio.ch.EPollArrayWrapper.epollWait(Native Method)
        at sun.nio.ch.EPollArrayWrapper.poll(EPollArrayWrapper.java:269)
        at sun.nio.ch.EPollSelectorImpl.doSelect(EPollSelectorImpl.java:93)
        at sun.nio.ch.SelectorImpl.lockAndDoSelect(SelectorImpl.java:86)
        at sun.nio.ch.SelectorImpl.select(SelectorImpl.java:97)
        at sun.nio.ch.SelectorImpl.select(SelectorImpl.java:101)
        at org.eclipse.jetty.io.ManagedSelector.nioSelect(ManagedSelector.java:183)
        at org.eclipse.jetty.io.ManagedSelector.select(ManagedSelector.java:190)
        at org.eclipse.jetty.io.ManagedSelector$SelectorProducer.select(ManagedSelector.java:606)
        at org.eclipse.jetty.io.ManagedSelector$SelectorProducer.produce(ManagedSelector.java:543)
        at org.eclipse.jetty.util.thread.strategy.EatWhatYouKill.produceTask(EatWhatYouKill.java:362)
        at org.eclipse.jetty.util.thread.strategy.EatWhatYouKill.doProduce(EatWhatYouKill.java:186)
        at org.eclipse.jetty.util.thread.strategy.EatWhatYouKill.tryProduce(EatWhatYouKill.java:173)
        at org.eclipse.jetty.util.thread.strategy.EatWhatYouKill.produce(EatWhatYouKill.java:137)
        at org.eclipse.jetty.io.ManagedSelector$$Lambda$480/1445512345.run(Unknown Source)
        at org.eclipse.jetty.util.thread.QueuedThreadPool.runJob(QueuedThreadPool.java:883)
        at org.eclipse.jetty.util.thread.QueuedThreadPool$Runner.run(QueuedThreadPool.java:1034)
        at java.lang.Thread.run(Thread.java:750)
"Datanode State Machine Task Thread - 0"  prio=5 tid=4250 in Object.wait()
java.lang.Thread.State: WAITING (on object monitor)
        at sun.misc.Unsafe.park(Native Method)
        at java.util.concurrent.locks.LockSupport.park(LockSupport.java:175)
        at java.util.concurrent.locks.AbstractQueuedSynchronizer$ConditionObject.await(AbstractQueuedSynchronizer.java:2039)
        at java.util.concurrent.LinkedBlockingQueue.take(LinkedBlockingQueue.java:442)
        at java.util.concurrent.ThreadPoolExecutor.getTask(ThreadPoolExecutor.java:1074)
        at java.util.concurrent.ThreadPoolExecutor.runWorker(ThreadPoolExecutor.java:1134)
        at java.util.concurrent.ThreadPoolExecutor$Worker.run(ThreadPoolExecutor.java:624)
        at java.lang.Thread.run(Thread.java:750)
"ContainerReplicationThread-1" daemon prio=5 tid=5637 in Object.wait()
java.lang.Thread.State: WAITING (on object monitor)
        at sun.misc.Unsafe.park(Native Method)
        at java.util.concurrent.locks.LockSupport.park(LockSupport.java:175)
        at java.util.concurrent.locks.AbstractQueuedSynchronizer$ConditionObject.await(AbstractQueuedSynchronizer.java:2039)
        at java.util.concurrent.LinkedBlockingQueue.take(LinkedBlockingQueue.java:442)
        at java.util.concurrent.ThreadPoolExecutor.getTask(ThreadPoolExecutor.java:1074)
        at java.util.concurrent.ThreadPoolExecutor.runWorker(ThreadPoolExecutor.java:1134)
        at java.util.concurrent.ThreadPoolExecutor$Worker.run(ThreadPoolExecutor.java:624)
        at java.lang.Thread.run(Thread.java:750)
"6ecf90bc-d89b-4751-b881-1a8d98ba8de4-server-thread2" daemon prio=5 tid=4621 timed_waiting
java.lang.Thread.State: TIMED_WAITING
        at sun.misc.Unsafe.park(Native Method)
        at java.util.concurrent.locks.LockSupport.parkNanos(LockSupport.java:215)
        at java.util.concurrent.SynchronousQueue$TransferStack.awaitFulfill(SynchronousQueue.java:460)
        at java.util.concurrent.SynchronousQueue$TransferStack.transfer(SynchronousQueue.java:362)
        at java.util.concurrent.SynchronousQueue.poll(SynchronousQueue.java:941)
        at java.util.concurrent.ThreadPoolExecutor.getTask(ThreadPoolExecutor.java:1073)
        at java.util.concurrent.ThreadPoolExecutor.runWorker(ThreadPoolExecutor.java:1134)
        at java.util.concurrent.ThreadPoolExecutor$Worker.run(ThreadPoolExecutor.java:624)
        at java.lang.Thread.run(Thread.java:750)
"4e9d01e2-99f3-4323-a596-366f46fa44e1@group-AE848D27C9F4-FollowerState" daemon prio=5 tid=5458 timed_waiting
java.lang.Thread.State: TIMED_WAITING
        at java.lang.Thread.sleep(Native Method)
        at java.lang.Thread.sleep(Thread.java:342)
        at java.util.concurrent.TimeUnit.sleep(TimeUnit.java:386)
        at org.apache.ratis.util.TimeDuration.sleep(TimeDuration.java:325)
        at org.apache.ratis.util.TimeDuration.sleep(TimeDuration.java:310)
        at org.apache.ratis.server.impl.FollowerState.run(FollowerState.java:128)
"org.apache.hadoop.util.JvmPauseMonitor$Monitor@18085db" daemon prio=5 tid=4977 timed_waiting
java.lang.Thread.State: TIMED_WAITING
        at java.lang.Thread.sleep(Native Method)
        at org.apache.hadoop.util.JvmPauseMonitor$Monitor.run(JvmPauseMonitor.java:192)
        at java.lang.Thread.run(Thread.java:750)
"BlockDeletingService#2" daemon prio=5 tid=4985 in Object.wait()
java.lang.Thread.State: WAITING (on object monitor)
        at sun.misc.Unsafe.park(Native Method)
        at java.util.concurrent.locks.LockSupport.park(LockSupport.java:175)
        at java.util.concurrent.locks.AbstractQueuedSynchronizer$ConditionObject.await(AbstractQueuedSynchronizer.java:2039)
        at java.util.concurrent.ScheduledThreadPoolExecutor$DelayedWorkQueue.take(ScheduledThreadPoolExecutor.java:1088)
        at java.util.concurrent.ScheduledThreadPoolExecutor$DelayedWorkQueue.take(ScheduledThreadPoolExecutor.java:809)
        at java.util.concurrent.ThreadPoolExecutor.getTask(ThreadPoolExecutor.java:1074)
        at java.util.concurrent.ThreadPoolExecutor.runWorker(ThreadPoolExecutor.java:1134)
        at java.util.concurrent.ThreadPoolExecutor$Worker.run(ThreadPoolExecutor.java:624)
        at java.lang.Thread.run(Thread.java:750)
"4f264252-b644-43b2-b39d-b880ca9b4753-server-thread1" daemon prio=5 tid=4638 timed_waiting
java.lang.Thread.State: TIMED_WAITING
        at sun.misc.Unsafe.park(Native Method)
        at java.util.concurrent.locks.LockSupport.parkNanos(LockSupport.java:215)
        at java.util.concurrent.SynchronousQueue$TransferStack.awaitFulfill(SynchronousQueue.java:460)
        at java.util.concurrent.SynchronousQueue$TransferStack.transfer(SynchronousQueue.java:362)
        at java.util.concurrent.SynchronousQueue.poll(SynchronousQueue.java:941)
        at java.util.concurrent.ThreadPoolExecutor.getTask(ThreadPoolExecutor.java:1073)
        at java.util.concurrent.ThreadPoolExecutor.runWorker(ThreadPoolExecutor.java:1134)
        at java.util.concurrent.ThreadPoolExecutor$Worker.run(ThreadPoolExecutor.java:624)
        at java.lang.Thread.run(Thread.java:750)
"FixedThreadPoolWithAffinityExecutor-1-0" daemon prio=5 tid=3744 timed_waiting
java.lang.Thread.State: TIMED_WAITING
        at sun.misc.Unsafe.park(Native Method)
        at java.util.concurrent.locks.LockSupport.parkNanos(LockSupport.java:215)
        at java.util.concurrent.locks.AbstractQueuedSynchronizer$ConditionObject.awaitNanos(AbstractQueuedSynchronizer.java:2078)
        at java.util.concurrent.LinkedBlockingQueue.poll(LinkedBlockingQueue.java:467)
        at org.apache.hadoop.hdds.scm.server.ContainerReportQueue.poll(ContainerReportQueue.java:266)
        at org.apache.hadoop.hdds.scm.server.ContainerReportQueue.poll(ContainerReportQueue.java:42)
        at org.apache.hadoop.hdds.server.events.FixedThreadPoolWithAffinityExecutor$ContainerReportProcessTask.run(FixedThreadPoolWithAffinityExecutor.java:248)
        at java.util.concurrent.Executors$RunnableAdapter.call(Executors.java:511)
        at java.util.concurrent.FutureTask.run(FutureTask.java:266)
        at java.util.concurrent.ThreadPoolExecutor.runWorker(ThreadPoolExecutor.java:1149)
        at java.util.concurrent.ThreadPoolExecutor$Worker.run(ThreadPoolExecutor.java:624)
        at java.lang.Thread.run(Thread.java:750)
"ChunkWriter-2-0" daemon prio=5 tid=4438 in Object.wait()
java.lang.Thread.State: WAITING (on object monitor)
        at sun.misc.Unsafe.park(Native Method)
        at java.util.concurrent.locks.LockSupport.park(LockSupport.java:175)
        at java.util.concurrent.locks.AbstractQueuedSynchronizer$ConditionObject.await(AbstractQueuedSynchronizer.java:2039)
        at java.util.concurrent.LinkedBlockingDeque.takeFirst(LinkedBlockingDeque.java:492)
        at java.util.concurrent.LinkedBlockingDeque.take(LinkedBlockingDeque.java:680)
        at java.util.concurrent.ThreadPoolExecutor.getTask(ThreadPoolExecutor.java:1074)
        at java.util.concurrent.ThreadPoolExecutor.runWorker(ThreadPoolExecutor.java:1134)
        at java.util.concurrent.ThreadPoolExecutor$Worker.run(ThreadPoolExecutor.java:624)
        at java.lang.Thread.run(Thread.java:750)
"EndpointStateMachine task thread for /0.0.0.0:40433 - 0 "  prio=5 tid=5371 in Object.wait()
java.lang.Thread.State: WAITING (on object monitor)
        at sun.misc.Unsafe.park(Native Method)
        at java.util.concurrent.locks.LockSupport.park(LockSupport.java:175)
        at java.util.concurrent.locks.AbstractQueuedSynchronizer$ConditionObject.await(AbstractQueuedSynchronizer.java:2039)
        at java.util.concurrent.LinkedBlockingQueue.take(LinkedBlockingQueue.java:442)
        at java.util.concurrent.ThreadPoolExecutor.getTask(ThreadPoolExecutor.java:1074)
        at java.util.concurrent.ThreadPoolExecutor.runWorker(ThreadPoolExecutor.java:1134)
        at java.util.concurrent.ThreadPoolExecutor$Worker.run(ThreadPoolExecutor.java:624)
        at java.lang.Thread.run(Thread.java:750)
"IPC Server handler 3 on default port 40433" daemon prio=5 tid=4813 timed_waiting
java.lang.Thread.State: TIMED_WAITING
        at sun.misc.Unsafe.park(Native Method)
        at java.util.concurrent.locks.LockSupport.parkNanos(LockSupport.java:215)
        at java.util.concurrent.locks.AbstractQueuedSynchronizer$ConditionObject.awaitNanos(AbstractQueuedSynchronizer.java:2078)
        at java.util.concurrent.LinkedBlockingQueue.poll(LinkedBlockingQueue.java:467)
        at org.apache.hadoop.ipc.CallQueueManager.take(CallQueueManager.java:317)
        at org.apache.hadoop.ipc.Server$Handler.run(Server.java:2942)
"pool-1950-thread-1" daemon prio=5 tid=4108 timed_waiting
java.lang.Thread.State: TIMED_WAITING
        at sun.misc.Unsafe.park(Native Method)
        at java.util.concurrent.locks.LockSupport.parkNanos(LockSupport.java:215)
        at java.util.concurrent.locks.AbstractQueuedSynchronizer$ConditionObject.awaitNanos(AbstractQueuedSynchronizer.java:2078)
        at java.util.concurrent.ScheduledThreadPoolExecutor$DelayedWorkQueue.take(ScheduledThreadPoolExecutor.java:1093)
        at java.util.concurrent.ScheduledThreadPoolExecutor$DelayedWorkQueue.take(ScheduledThreadPoolExecutor.java:809)
        at java.util.concurrent.ThreadPoolExecutor.getTask(ThreadPoolExecutor.java:1074)
        at java.util.concurrent.ThreadPoolExecutor.runWorker(ThreadPoolExecutor.java:1134)
        at java.util.concurrent.ThreadPoolExecutor$Worker.run(ThreadPoolExecutor.java:624)
        at java.lang.Thread.run(Thread.java:750)
"ContainerOp-d03e4836-7d8d-4de7-87bd-2d1f402832ad-0"  prio=5 tid=4764 in Object.wait()
java.lang.Thread.State: WAITING (on object monitor)
        at sun.misc.Unsafe.park(Native Method)
        at java.util.concurrent.locks.LockSupport.park(LockSupport.java:175)
        at java.util.concurrent.locks.AbstractQueuedSynchronizer$ConditionObject.await(AbstractQueuedSynchronizer.java:2039)
        at java.util.concurrent.LinkedBlockingQueue.take(LinkedBlockingQueue.java:442)
        at java.util.concurrent.ThreadPoolExecutor.getTask(ThreadPoolExecutor.java:1074)
        at java.util.concurrent.ThreadPoolExecutor.runWorker(ThreadPoolExecutor.java:1134)
        at java.util.concurrent.ThreadPoolExecutor$Worker.run(ThreadPoolExecutor.java:624)
        at java.lang.Thread.run(Thread.java:750)
"IPC Server handler 19 on default port 34157" daemon prio=5 tid=4030 timed_waiting
java.lang.Thread.State: TIMED_WAITING
        at sun.misc.Unsafe.park(Native Method)
        at java.util.concurrent.locks.LockSupport.parkNanos(LockSupport.java:215)
        at java.util.concurrent.locks.AbstractQueuedSynchronizer$ConditionObject.awaitNanos(AbstractQueuedSynchronizer.java:2078)
        at java.util.concurrent.LinkedBlockingQueue.poll(LinkedBlockingQueue.java:467)
        at org.apache.hadoop.ipc.CallQueueManager.take(CallQueueManager.java:317)
        at org.apache.hadoop.ipc.Server$Handler.run(Server.java:2942)
"qtp194861159-3386" daemon prio=5 tid=3386 timed_waiting
java.lang.Thread.State: TIMED_WAITING
        at sun.misc.Unsafe.park(Native Method)
        at java.util.concurrent.locks.LockSupport.parkNanos(LockSupport.java:215)
        at java.util.concurrent.locks.AbstractQueuedSynchronizer$ConditionObject.awaitNanos(AbstractQueuedSynchronizer.java:2078)
        at org.eclipse.jetty.util.BlockingArrayQueue.poll(BlockingArrayQueue.java:382)
        at org.eclipse.jetty.util.thread.QueuedThreadPool$Runner.idleJobPoll(QueuedThreadPool.java:974)
        at org.eclipse.jetty.util.thread.QueuedThreadPool$Runner.run(QueuedThreadPool.java:1018)
        at java.lang.Thread.run(Thread.java:750)
"JvmPauseMonitor56" daemon prio=5 tid=5358 timed_waiting
java.lang.Thread.State: TIMED_WAITING
        at java.lang.Thread.sleep(Native Method)
        at java.lang.Thread.sleep(Thread.java:342)
        at java.util.concurrent.TimeUnit.sleep(TimeUnit.java:386)
        at org.apache.ratis.util.TimeDuration.sleep(TimeDuration.java:325)
        at org.apache.ratis.util.TimeDuration.sleep(TimeDuration.java:310)
        at org.apache.ratis.util.JvmPauseMonitor.detectPause(JvmPauseMonitor.java:119)
        at org.apache.ratis.util.JvmPauseMonitor.run(JvmPauseMonitor.java:108)
        at org.apache.ratis.util.JvmPauseMonitor$$Lambda$740/1979406568.run(Unknown Source)
        at java.lang.Thread.run(Thread.java:750)
"IPC Server listener on 36157" daemon prio=5 tid=5483 runnable
java.lang.Thread.State: RUNNABLE
        at sun.nio.ch.EPollArrayWrapper.epollWait(Native Method)
        at sun.nio.ch.EPollArrayWrapper.poll(EPollArrayWrapper.java:269)
        at sun.nio.ch.EPollSelectorImpl.doSelect(EPollSelectorImpl.java:93)
        at sun.nio.ch.SelectorImpl.lockAndDoSelect(SelectorImpl.java:86)
        at sun.nio.ch.SelectorImpl.select(SelectorImpl.java:97)
        at sun.nio.ch.SelectorImpl.select(SelectorImpl.java:101)
        at org.apache.hadoop.ipc.Server$Listener.run(Server.java:1358)
"0937cbc4-4fcb-4175-86ee-590805f141ce@group-24DF8358FF23-LeaderStateImpl" daemon prio=5 tid=4608 timed_waiting
java.lang.Thread.State: TIMED_WAITING
        at sun.misc.Unsafe.park(Native Method)
        at java.util.concurrent.locks.LockSupport.parkNanos(LockSupport.java:215)
        at java.util.concurrent.locks.AbstractQueuedSynchronizer$ConditionObject.awaitNanos(AbstractQueuedSynchronizer.java:2078)
        at java.util.concurrent.ArrayBlockingQueue.poll(ArrayBlockingQueue.java:418)
        at org.apache.ratis.server.impl.LeaderStateImpl$EventQueue.poll(LeaderStateImpl.java:159)
        at org.apache.ratis.server.impl.LeaderStateImpl$EventProcessor.run(LeaderStateImpl.java:630)
"qtp857619324-5029" daemon prio=5 tid=5029 timed_waiting
java.lang.Thread.State: TIMED_WAITING
        at sun.misc.Unsafe.park(Native Method)
        at java.util.concurrent.locks.LockSupport.parkNanos(LockSupport.java:215)
        at java.util.concurrent.locks.AbstractQueuedSynchronizer$ConditionObject.awaitNanos(AbstractQueuedSynchronizer.java:2078)
        at org.eclipse.jetty.util.BlockingArrayQueue.poll(BlockingArrayQueue.java:382)
        at org.eclipse.jetty.util.thread.QueuedThreadPool$Runner.idleJobPoll(QueuedThreadPool.java:974)
        at org.eclipse.jetty.util.thread.QueuedThreadPool$Runner.run(QueuedThreadPool.java:1018)
        at java.lang.Thread.run(Thread.java:750)
"Datanode ReportManager Thread - 3" daemon prio=5 tid=5063 timed_waiting
java.lang.Thread.State: TIMED_WAITING
        at sun.misc.Unsafe.park(Native Method)
        at java.util.concurrent.locks.LockSupport.park(LockSupport.java:175)
        at java.util.concurrent.locks.AbstractQueuedSynchronizer$ConditionObject.await(AbstractQueuedSynchronizer.java:2039)
        at java.util.concurrent.ScheduledThreadPoolExecutor$DelayedWorkQueue.take(ScheduledThreadPoolExecutor.java:1088)
        at java.util.concurrent.ScheduledThreadPoolExecutor$DelayedWorkQueue.take(ScheduledThreadPoolExecutor.java:809)
        at java.util.concurrent.ThreadPoolExecutor.getTask(ThreadPoolExecutor.java:1074)
        at java.util.concurrent.ThreadPoolExecutor.runWorker(ThreadPoolExecutor.java:1134)
        at java.util.concurrent.ThreadPoolExecutor$Worker.run(ThreadPoolExecutor.java:624)
        at java.lang.Thread.run(Thread.java:750)
"767ffbb5-8206-4017-b2eb-6858697bfab3@group-9C27DC43941B->ea04acba-2572-4ce4-bec1-b0e6c6418c45-GrpcLogAppender-LogAppenderDaemon" daemon prio=5 tid=5608 timed_waiting
java.lang.Thread.State: TIMED_WAITING
        at sun.misc.Unsafe.park(Native Method)
        at java.util.concurrent.locks.LockSupport.parkNanos(LockSupport.java:215)
        at java.util.concurrent.CompletableFuture$Signaller.block(CompletableFuture.java:1709)
        at java.util.concurrent.ForkJoinPool.managedBlock(ForkJoinPool.java:3323)
        at java.util.concurrent.CompletableFuture.timedGet(CompletableFuture.java:1788)
        at java.util.concurrent.CompletableFuture.get(CompletableFuture.java:1928)
        at org.apache.ratis.util.AwaitForSignal.await(AwaitForSignal.java:56)
        at org.apache.ratis.grpc.server.GrpcLogAppender.mayWait(GrpcLogAppender.java:198)
        at org.apache.ratis.grpc.server.GrpcLogAppender.run(GrpcLogAppender.java:148)
        at org.apache.ratis.server.leader.LogAppenderDaemon.run(LogAppenderDaemon.java:78)
        at org.apache.ratis.server.leader.LogAppenderDaemon$$Lambda$1074/1442786329.run(Unknown Source)
        at java.lang.Thread.run(Thread.java:750)
"IPC Server handler 19 on default port 34529" daemon prio=5 tid=5547 timed_waiting
java.lang.Thread.State: TIMED_WAITING
        at sun.misc.Unsafe.park(Native Method)
        at java.util.concurrent.locks.LockSupport.parkNanos(LockSupport.java:215)
        at java.util.concurrent.locks.AbstractQueuedSynchronizer$ConditionObject.awaitNanos(AbstractQueuedSynchronizer.java:2078)
        at java.util.concurrent.LinkedBlockingQueue.poll(LinkedBlockingQueue.java:467)
        at org.apache.hadoop.ipc.CallQueueManager.take(CallQueueManager.java:317)
        at org.apache.hadoop.ipc.Server$Handler.run(Server.java:2942)
"IPC Server handler 15 on default port 36003" daemon prio=5 tid=4805 timed_waiting
java.lang.Thread.State: TIMED_WAITING
        at sun.misc.Unsafe.park(Native Method)
        at java.util.concurrent.locks.LockSupport.parkNanos(LockSupport.java:215)
        at java.util.concurrent.locks.AbstractQueuedSynchronizer$ConditionObject.awaitNanos(AbstractQueuedSynchronizer.java:2078)
        at java.util.concurrent.LinkedBlockingQueue.poll(LinkedBlockingQueue.java:467)
        at org.apache.hadoop.ipc.CallQueueManager.take(CallQueueManager.java:317)
        at org.apache.hadoop.ipc.Server$Handler.run(Server.java:2942)
"grpc-default-worker-ELG-3-2" daemon prio=5 tid=467 runnable
java.lang.Thread.State: RUNNABLE
        at org.apache.ratis.thirdparty.io.netty.channel.epoll.Native.epollWait0(Native Method)
        at org.apache.ratis.thirdparty.io.netty.channel.epoll.Native.epollWait(Native.java:182)
        at org.apache.ratis.thirdparty.io.netty.channel.epoll.EpollEventLoop.epollWait(EpollEventLoop.java:290)
        at org.apache.ratis.thirdparty.io.netty.channel.epoll.EpollEventLoop.run(EpollEventLoop.java:354)
        at org.apache.ratis.thirdparty.io.netty.util.concurrent.SingleThreadEventExecutor$4.run(SingleThreadEventExecutor.java:995)
        at org.apache.ratis.thirdparty.io.netty.util.internal.ThreadExecutorMap$2.run(ThreadExecutorMap.java:74)
        at org.apache.ratis.thirdparty.io.netty.util.concurrent.FastThreadLocalRunnable.run(FastThreadLocalRunnable.java:30)
        at java.lang.Thread.run(Thread.java:750)
"qtp374142400-3297" daemon prio=5 tid=3297 runnable
java.lang.Thread.State: RUNNABLE
        at sun.nio.ch.EPollArrayWrapper.epollWait(Native Method)
        at sun.nio.ch.EPollArrayWrapper.poll(EPollArrayWrapper.java:269)
        at sun.nio.ch.EPollSelectorImpl.doSelect(EPollSelectorImpl.java:93)
        at sun.nio.ch.SelectorImpl.lockAndDoSelect(SelectorImpl.java:86)
        at sun.nio.ch.SelectorImpl.select(SelectorImpl.java:97)
        at sun.nio.ch.SelectorImpl.select(SelectorImpl.java:101)
        at org.eclipse.jetty.io.ManagedSelector.nioSelect(ManagedSelector.java:183)
        at org.eclipse.jetty.io.ManagedSelector.select(ManagedSelector.java:190)
        at org.eclipse.jetty.io.ManagedSelector$SelectorProducer.select(ManagedSelector.java:606)
        at org.eclipse.jetty.io.ManagedSelector$SelectorProducer.produce(ManagedSelector.java:543)
        at org.eclipse.jetty.util.thread.strategy.EatWhatYouKill.produceTask(EatWhatYouKill.java:362)
        at org.eclipse.jetty.util.thread.strategy.EatWhatYouKill.doProduce(EatWhatYouKill.java:186)
        at org.eclipse.jetty.util.thread.strategy.EatWhatYouKill.tryProduce(EatWhatYouKill.java:173)
        at org.eclipse.jetty.util.thread.strategy.EatWhatYouKill.produce(EatWhatYouKill.java:137)
        at org.eclipse.jetty.io.ManagedSelector$$Lambda$480/1445512345.run(Unknown Source)
        at org.eclipse.jetty.util.thread.QueuedThreadPool.runJob(QueuedThreadPool.java:883)
        at org.eclipse.jetty.util.thread.QueuedThreadPool$Runner.run(QueuedThreadPool.java:1034)
        at java.lang.Thread.run(Thread.java:750)
"IPC Server handler 5 on default port 36003" daemon prio=5 tid=4795 timed_waiting
java.lang.Thread.State: TIMED_WAITING
        at sun.misc.Unsafe.park(Native Method)
        at java.util.concurrent.locks.LockSupport.parkNanos(LockSupport.java:215)
        at java.util.concurrent.locks.AbstractQueuedSynchronizer$ConditionObject.awaitNanos(AbstractQueuedSynchronizer.java:2078)
        at java.util.concurrent.LinkedBlockingQueue.poll(LinkedBlockingQueue.java:467)
        at org.apache.hadoop.ipc.CallQueueManager.take(CallQueueManager.java:317)
        at org.apache.hadoop.ipc.Server$Handler.run(Server.java:2942)
"null-request--thread1" daemon prio=5 tid=4744 timed_waiting
java.lang.Thread.State: TIMED_WAITING
        at sun.misc.Unsafe.park(Native Method)
        at java.util.concurrent.locks.LockSupport.parkNanos(LockSupport.java:215)
        at java.util.concurrent.locks.AbstractQueuedSynchronizer$ConditionObject.awaitNanos(AbstractQueuedSynchronizer.java:2078)
        at java.util.concurrent.LinkedBlockingQueue.poll(LinkedBlockingQueue.java:467)
        at java.util.concurrent.ThreadPoolExecutor.getTask(ThreadPoolExecutor.java:1073)
        at java.util.concurrent.ThreadPoolExecutor.runWorker(ThreadPoolExecutor.java:1134)
        at java.util.concurrent.ThreadPoolExecutor$Worker.run(ThreadPoolExecutor.java:624)
        at java.lang.Thread.run(Thread.java:750)
"ChunkReader-ELG-0" daemon prio=5 tid=3554 runnable
java.lang.Thread.State: RUNNABLE
        at org.apache.ratis.thirdparty.io.netty.channel.epoll.Native.epollWait(Native Method)
        at org.apache.ratis.thirdparty.io.netty.channel.epoll.Native.epollWait(Native.java:209)
        at org.apache.ratis.thirdparty.io.netty.channel.epoll.Native.epollWait(Native.java:202)
        at org.apache.ratis.thirdparty.io.netty.channel.epoll.EpollEventLoop.epollWaitNoTimerChange(EpollEventLoop.java:294)
        at org.apache.ratis.thirdparty.io.netty.channel.epoll.EpollEventLoop.run(EpollEventLoop.java:351)
        at org.apache.ratis.thirdparty.io.netty.util.concurrent.SingleThreadEventExecutor$4.run(SingleThreadEventExecutor.java:995)
        at org.apache.ratis.thirdparty.io.netty.util.internal.ThreadExecutorMap$2.run(ThreadExecutorMap.java:74)
        at java.lang.Thread.run(Thread.java:750)
"0937cbc4-4fcb-4175-86ee-590805f141ce@group-24DF8358FF23-StateMachineUpdater" daemon prio=5 tid=4541 timed_waiting
java.lang.Thread.State: TIMED_WAITING
        at sun.misc.Unsafe.park(Native Method)
        at java.util.concurrent.locks.LockSupport.parkNanos(LockSupport.java:215)
        at java.util.concurrent.CompletableFuture$Signaller.block(CompletableFuture.java:1709)
        at java.util.concurrent.ForkJoinPool.managedBlock(ForkJoinPool.java:3323)
        at java.util.concurrent.CompletableFuture.timedGet(CompletableFuture.java:1788)
        at java.util.concurrent.CompletableFuture.get(CompletableFuture.java:1928)
        at org.apache.ratis.util.AwaitForSignal.await(AwaitForSignal.java:56)
        at org.apache.ratis.server.impl.StateMachineUpdater.waitForCommit(StateMachineUpdater.java:207)
        at org.apache.ratis.server.impl.StateMachineUpdater.run(StateMachineUpdater.java:176)
        at java.lang.Thread.run(Thread.java:750)
"ChunkWriter-0-0" daemon prio=5 tid=4340 in Object.wait()
java.lang.Thread.State: WAITING (on object monitor)
        at sun.misc.Unsafe.park(Native Method)
        at java.util.concurrent.locks.LockSupport.park(LockSupport.java:175)
        at java.util.concurrent.locks.AbstractQueuedSynchronizer$ConditionObject.await(AbstractQueuedSynchronizer.java:2039)
        at java.util.concurrent.LinkedBlockingDeque.takeFirst(LinkedBlockingDeque.java:492)
        at java.util.concurrent.LinkedBlockingDeque.take(LinkedBlockingDeque.java:680)
        at java.util.concurrent.ThreadPoolExecutor.getTask(ThreadPoolExecutor.java:1074)
        at java.util.concurrent.ThreadPoolExecutor.runWorker(ThreadPoolExecutor.java:1134)
        at java.util.concurrent.ThreadPoolExecutor$Worker.run(ThreadPoolExecutor.java:624)
        at java.lang.Thread.run(Thread.java:750)
"PartialTableCache Cleanup Thread - 0" daemon prio=5 tid=3712 in Object.wait()
java.lang.Thread.State: WAITING (on object monitor)
        at sun.misc.Unsafe.park(Native Method)
        at java.util.concurrent.locks.LockSupport.park(LockSupport.java:175)
        at java.util.concurrent.locks.AbstractQueuedSynchronizer$ConditionObject.await(AbstractQueuedSynchronizer.java:2039)
        at java.util.concurrent.LinkedBlockingQueue.take(LinkedBlockingQueue.java:442)
        at java.util.concurrent.ThreadPoolExecutor.getTask(ThreadPoolExecutor.java:1074)
        at java.util.concurrent.ThreadPoolExecutor.runWorker(ThreadPoolExecutor.java:1134)
        at java.util.concurrent.ThreadPoolExecutor$Worker.run(ThreadPoolExecutor.java:624)
        at java.lang.Thread.run(Thread.java:750)
"qtp1938906929-4122" daemon prio=5 tid=4122 timed_waiting
java.lang.Thread.State: TIMED_WAITING
        at sun.misc.Unsafe.park(Native Method)
        at java.util.concurrent.locks.LockSupport.parkNanos(LockSupport.java:215)
        at java.util.concurrent.locks.AbstractQueuedSynchronizer$ConditionObject.awaitNanos(AbstractQueuedSynchronizer.java:2078)
        at org.eclipse.jetty.util.BlockingArrayQueue.poll(BlockingArrayQueue.java:382)
        at org.eclipse.jetty.util.thread.QueuedThreadPool$Runner.idleJobPoll(QueuedThreadPool.java:974)
        at org.eclipse.jetty.util.thread.QueuedThreadPool$Runner.run(QueuedThreadPool.java:1018)
        at java.lang.Thread.run(Thread.java:750)
"qtp1166429822-3993" daemon prio=5 tid=3993 timed_waiting
java.lang.Thread.State: TIMED_WAITING
        at sun.misc.Unsafe.park(Native Method)
        at java.util.concurrent.locks.LockSupport.parkNanos(LockSupport.java:215)
        at java.util.concurrent.locks.AbstractQueuedSynchronizer$ConditionObject.awaitNanos(AbstractQueuedSynchronizer.java:2078)
        at org.eclipse.jetty.util.BlockingArrayQueue.poll(BlockingArrayQueue.java:382)
        at org.eclipse.jetty.util.thread.QueuedThreadPool$Runner.idleJobPoll(QueuedThreadPool.java:974)
        at org.eclipse.jetty.util.thread.QueuedThreadPool$Runner.run(QueuedThreadPool.java:1018)
        at java.lang.Thread.run(Thread.java:750)
"IPC Server handler 12 on default port 39657" daemon prio=5 tid=4969 timed_waiting
java.lang.Thread.State: TIMED_WAITING
        at sun.misc.Unsafe.park(Native Method)
        at java.util.concurrent.locks.LockSupport.parkNanos(LockSupport.java:215)
        at java.util.concurrent.locks.AbstractQueuedSynchronizer$ConditionObject.awaitNanos(AbstractQueuedSynchronizer.java:2078)
        at java.util.concurrent.LinkedBlockingQueue.poll(LinkedBlockingQueue.java:467)
        at org.apache.hadoop.ipc.CallQueueManager.take(CallQueueManager.java:317)
        at org.apache.hadoop.ipc.Server$Handler.run(Server.java:2942)
"ContainerOp-d03e4836-7d8d-4de7-87bd-2d1f402832ad-1"  prio=5 tid=4832 in Object.wait()
java.lang.Thread.State: WAITING (on object monitor)
        at sun.misc.Unsafe.park(Native Method)
        at java.util.concurrent.locks.LockSupport.park(LockSupport.java:175)
        at java.util.concurrent.locks.AbstractQueuedSynchronizer$ConditionObject.await(AbstractQueuedSynchronizer.java:2039)
        at java.util.concurrent.LinkedBlockingQueue.take(LinkedBlockingQueue.java:442)
        at java.util.concurrent.ThreadPoolExecutor.getTask(ThreadPoolExecutor.java:1074)
        at java.util.concurrent.ThreadPoolExecutor.runWorker(ThreadPoolExecutor.java:1134)
        at java.util.concurrent.ThreadPoolExecutor$Worker.run(ThreadPoolExecutor.java:624)
        at java.lang.Thread.run(Thread.java:750)
"SCM Heartbeat Processing Thread - 0" daemon prio=5 tid=3723 timed_waiting
java.lang.Thread.State: TIMED_WAITING
        at sun.misc.Unsafe.park(Native Method)
        at java.util.concurrent.locks.LockSupport.parkNanos(LockSupport.java:215)
        at java.util.concurrent.locks.AbstractQueuedSynchronizer$ConditionObject.awaitNanos(AbstractQueuedSynchronizer.java:2078)
        at java.util.concurrent.ScheduledThreadPoolExecutor$DelayedWorkQueue.take(ScheduledThreadPoolExecutor.java:1093)
        at java.util.concurrent.ScheduledThreadPoolExecutor$DelayedWorkQueue.take(ScheduledThreadPoolExecutor.java:809)
        at java.util.concurrent.ThreadPoolExecutor.getTask(ThreadPoolExecutor.java:1074)
        at java.util.concurrent.ThreadPoolExecutor.runWorker(ThreadPoolExecutor.java:1134)
        at java.util.concurrent.ThreadPoolExecutor$Worker.run(ThreadPoolExecutor.java:624)
        at java.lang.Thread.run(Thread.java:750)
"ChunkWriter-1-0" daemon prio=5 tid=5208 in Object.wait()
java.lang.Thread.State: WAITING (on object monitor)
        at sun.misc.Unsafe.park(Native Method)
        at java.util.concurrent.locks.LockSupport.park(LockSupport.java:175)
        at java.util.concurrent.locks.AbstractQueuedSynchronizer$ConditionObject.await(AbstractQueuedSynchronizer.java:2039)
        at java.util.concurrent.LinkedBlockingDeque.takeFirst(LinkedBlockingDeque.java:492)
        at java.util.concurrent.LinkedBlockingDeque.take(LinkedBlockingDeque.java:680)
        at java.util.concurrent.ThreadPoolExecutor.getTask(ThreadPoolExecutor.java:1074)
        at java.util.concurrent.ThreadPoolExecutor.runWorker(ThreadPoolExecutor.java:1134)
        at java.util.concurrent.ThreadPoolExecutor$Worker.run(ThreadPoolExecutor.java:624)
        at java.lang.Thread.run(Thread.java:750)
"om1@group-C5BA1605619E-LeaderStateImpl" daemon prio=5 tid=4133 timed_waiting
java.lang.Thread.State: TIMED_WAITING
        at sun.misc.Unsafe.park(Native Method)
        at java.util.concurrent.locks.LockSupport.parkNanos(LockSupport.java:215)
        at java.util.concurrent.locks.AbstractQueuedSynchronizer$ConditionObject.awaitNanos(AbstractQueuedSynchronizer.java:2078)
        at java.util.concurrent.ArrayBlockingQueue.poll(ArrayBlockingQueue.java:418)
        at org.apache.ratis.server.impl.LeaderStateImpl$EventQueue.poll(LeaderStateImpl.java:159)
        at org.apache.ratis.server.impl.LeaderStateImpl$EventProcessor.run(LeaderStateImpl.java:630)
"IPC Server listener on 34529" daemon prio=5 tid=5487 runnable
java.lang.Thread.State: RUNNABLE
        at sun.nio.ch.EPollArrayWrapper.epollWait(Native Method)
        at sun.nio.ch.EPollArrayWrapper.poll(EPollArrayWrapper.java:269)
        at sun.nio.ch.EPollSelectorImpl.doSelect(EPollSelectorImpl.java:93)
        at sun.nio.ch.SelectorImpl.lockAndDoSelect(SelectorImpl.java:86)
        at sun.nio.ch.SelectorImpl.select(SelectorImpl.java:97)
        at sun.nio.ch.SelectorImpl.select(SelectorImpl.java:101)
        at org.apache.hadoop.ipc.Server$Listener.run(Server.java:1358)
"Datanode ReportManager Thread - 3" daemon prio=5 tid=5200 in Object.wait()
java.lang.Thread.State: WAITING (on object monitor)
        at sun.misc.Unsafe.park(Native Method)
        at java.util.concurrent.locks.LockSupport.park(LockSupport.java:175)
        at java.util.concurrent.locks.AbstractQueuedSynchronizer$ConditionObject.await(AbstractQueuedSynchronizer.java:2039)
        at java.util.concurrent.ScheduledThreadPoolExecutor$DelayedWorkQueue.take(ScheduledThreadPoolExecutor.java:1088)
        at java.util.concurrent.ScheduledThreadPoolExecutor$DelayedWorkQueue.take(ScheduledThreadPoolExecutor.java:809)
        at java.util.concurrent.ThreadPoolExecutor.getTask(ThreadPoolExecutor.java:1074)
        at java.util.concurrent.ThreadPoolExecutor.runWorker(ThreadPoolExecutor.java:1134)
        at java.util.concurrent.ThreadPoolExecutor$Worker.run(ThreadPoolExecutor.java:624)
        at java.lang.Thread.run(Thread.java:750)
"ec62b457-0040-4e07-85ab-e1dde9d29779-impl-thread1"  prio=5 tid=5019 timed_waiting
java.lang.Thread.State: TIMED_WAITING
        at sun.misc.Unsafe.park(Native Method)
        at java.util.concurrent.locks.LockSupport.parkNanos(LockSupport.java:215)
        at java.util.concurrent.SynchronousQueue$TransferStack.awaitFulfill(SynchronousQueue.java:460)
        at java.util.concurrent.SynchronousQueue$TransferStack.transfer(SynchronousQueue.java:362)
        at java.util.concurrent.SynchronousQueue.poll(SynchronousQueue.java:941)
        at java.util.concurrent.ThreadPoolExecutor.getTask(ThreadPoolExecutor.java:1073)
        at java.util.concurrent.ThreadPoolExecutor.runWorker(ThreadPoolExecutor.java:1134)
        at java.util.concurrent.ThreadPoolExecutor$Worker.run(ThreadPoolExecutor.java:624)
        at java.lang.Thread.run(Thread.java:750)
"pool-2030-thread-1"  prio=5 tid=4462 in Object.wait()
java.lang.Thread.State: WAITING (on object monitor)
        at sun.misc.Unsafe.park(Native Method)
        at java.util.concurrent.locks.LockSupport.park(LockSupport.java:175)
        at java.util.concurrent.locks.AbstractQueuedSynchronizer$ConditionObject.await(AbstractQueuedSynchronizer.java:2039)
        at java.util.concurrent.LinkedBlockingQueue.take(LinkedBlockingQueue.java:442)
        at java.util.concurrent.ThreadPoolExecutor.getTask(ThreadPoolExecutor.java:1074)
        at java.util.concurrent.ThreadPoolExecutor.runWorker(ThreadPoolExecutor.java:1134)
        at java.util.concurrent.ThreadPoolExecutor$Worker.run(ThreadPoolExecutor.java:624)
        at java.lang.Thread.run(Thread.java:750)
"Datanode ReportManager Thread - 4" daemon prio=5 tid=3459 timed_waiting
java.lang.Thread.State: TIMED_WAITING
        at sun.misc.Unsafe.park(Native Method)
        at java.util.concurrent.locks.LockSupport.parkNanos(LockSupport.java:215)
        at java.util.concurrent.locks.AbstractQueuedSynchronizer$ConditionObject.awaitNanos(AbstractQueuedSynchronizer.java:2078)
        at java.util.concurrent.ScheduledThreadPoolExecutor$DelayedWorkQueue.take(ScheduledThreadPoolExecutor.java:1093)
        at java.util.concurrent.ScheduledThreadPoolExecutor$DelayedWorkQueue.take(ScheduledThreadPoolExecutor.java:809)
        at java.util.concurrent.ThreadPoolExecutor.getTask(ThreadPoolExecutor.java:1074)
        at java.util.concurrent.ThreadPoolExecutor.runWorker(ThreadPoolExecutor.java:1134)
        at java.util.concurrent.ThreadPoolExecutor$Worker.run(ThreadPoolExecutor.java:624)
        at java.lang.Thread.run(Thread.java:750)
"2caa6dbd-0dfc-46f6-9048-e45aa22bedc3@group-21DB1F2D13C8-SegmentedRaftLogWorker"  prio=5 tid=4486 timed_waiting
java.lang.Thread.State: TIMED_WAITING
        at sun.misc.Unsafe.park(Native Method)
        at java.util.concurrent.locks.LockSupport.parkNanos(LockSupport.java:215)
        at java.util.concurrent.locks.AbstractQueuedSynchronizer$ConditionObject.awaitNanos(AbstractQueuedSynchronizer.java:2078)
        at org.apache.ratis.util.DataBlockingQueue.poll(DataBlockingQueue.java:148)
        at org.apache.ratis.server.raftlog.segmented.SegmentedRaftLogWorker.run(SegmentedRaftLogWorker.java:310)
        at org.apache.ratis.server.raftlog.segmented.SegmentedRaftLogWorker$$Lambda$699/1369416112.run(Unknown Source)
        at java.lang.Thread.run(Thread.java:750)
"EventQueue-CommandQueueReportForCommandQueueReportHandler" daemon prio=5 tid=5405 in Object.wait()
java.lang.Thread.State: WAITING (on object monitor)
        at sun.misc.Unsafe.park(Native Method)
        at java.util.concurrent.locks.LockSupport.park(LockSupport.java:175)
        at java.util.concurrent.locks.AbstractQueuedSynchronizer$ConditionObject.await(AbstractQueuedSynchronizer.java:2039)
        at java.util.concurrent.LinkedBlockingQueue.take(LinkedBlockingQueue.java:442)
        at java.util.concurrent.ThreadPoolExecutor.getTask(ThreadPoolExecutor.java:1074)
        at java.util.concurrent.ThreadPoolExecutor.runWorker(ThreadPoolExecutor.java:1134)
        at java.util.concurrent.ThreadPoolExecutor$Worker.run(ThreadPoolExecutor.java:624)
        at java.lang.Thread.run(Thread.java:750)
"IPC Server handler 0 on default port 35159" daemon prio=5 tid=4770 timed_waiting
java.lang.Thread.State: TIMED_WAITING
        at sun.misc.Unsafe.park(Native Method)
        at java.util.concurrent.locks.LockSupport.parkNanos(LockSupport.java:215)
        at java.util.concurrent.locks.AbstractQueuedSynchronizer$ConditionObject.awaitNanos(AbstractQueuedSynchronizer.java:2078)
        at java.util.concurrent.LinkedBlockingQueue.poll(LinkedBlockingQueue.java:467)
        at org.apache.hadoop.ipc.CallQueueManager.take(CallQueueManager.java:317)
        at org.apache.hadoop.ipc.Server$Handler.run(Server.java:2942)
"ContainerOp-d03e4836-7d8d-4de7-87bd-2d1f402832ad-5"  prio=5 tid=4860 in Object.wait()
java.lang.Thread.State: WAITING (on object monitor)
        at sun.misc.Unsafe.park(Native Method)
        at java.util.concurrent.locks.LockSupport.park(LockSupport.java:175)
        at java.util.concurrent.locks.AbstractQueuedSynchronizer$ConditionObject.await(AbstractQueuedSynchronizer.java:2039)
        at java.util.concurrent.LinkedBlockingQueue.take(LinkedBlockingQueue.java:442)
        at java.util.concurrent.ThreadPoolExecutor.getTask(ThreadPoolExecutor.java:1074)
        at java.util.concurrent.ThreadPoolExecutor.runWorker(ThreadPoolExecutor.java:1134)
        at java.util.concurrent.ThreadPoolExecutor$Worker.run(ThreadPoolExecutor.java:624)
        at java.lang.Thread.run(Thread.java:750)
"qtp1166429822-3988" daemon prio=5 tid=3988 runnable
java.lang.Thread.State: RUNNABLE
        at sun.nio.ch.EPollArrayWrapper.epollWait(Native Method)
        at sun.nio.ch.EPollArrayWrapper.poll(EPollArrayWrapper.java:269)
        at sun.nio.ch.EPollSelectorImpl.doSelect(EPollSelectorImpl.java:93)
        at sun.nio.ch.SelectorImpl.lockAndDoSelect(SelectorImpl.java:86)
        at sun.nio.ch.SelectorImpl.select(SelectorImpl.java:97)
        at sun.nio.ch.SelectorImpl.select(SelectorImpl.java:101)
        at org.eclipse.jetty.io.ManagedSelector.nioSelect(ManagedSelector.java:183)
        at org.eclipse.jetty.io.ManagedSelector.select(ManagedSelector.java:190)
        at org.eclipse.jetty.io.ManagedSelector$SelectorProducer.select(ManagedSelector.java:606)
        at org.eclipse.jetty.io.ManagedSelector$SelectorProducer.produce(ManagedSelector.java:543)
        at org.eclipse.jetty.util.thread.strategy.EatWhatYouKill.produceTask(EatWhatYouKill.java:362)
        at org.eclipse.jetty.util.thread.strategy.EatWhatYouKill.doProduce(EatWhatYouKill.java:186)
        at org.eclipse.jetty.util.thread.strategy.EatWhatYouKill.tryProduce(EatWhatYouKill.java:173)
        at org.eclipse.jetty.util.thread.strategy.EatWhatYouKill.produce(EatWhatYouKill.java:137)
        at org.eclipse.jetty.io.ManagedSelector$$Lambda$480/1445512345.run(Unknown Source)
        at org.eclipse.jetty.util.thread.QueuedThreadPool.runJob(QueuedThreadPool.java:883)
        at org.eclipse.jetty.util.thread.QueuedThreadPool$Runner.run(QueuedThreadPool.java:1034)
        at java.lang.Thread.run(Thread.java:750)
"Periodic HDDS volume checker" daemon prio=5 tid=5015 timed_waiting
java.lang.Thread.State: TIMED_WAITING
        at sun.misc.Unsafe.park(Native Method)
        at java.util.concurrent.locks.LockSupport.parkNanos(LockSupport.java:215)
        at java.util.concurrent.locks.AbstractQueuedSynchronizer$ConditionObject.awaitNanos(AbstractQueuedSynchronizer.java:2078)
        at java.util.concurrent.ScheduledThreadPoolExecutor$DelayedWorkQueue.take(ScheduledThreadPoolExecutor.java:1093)
        at java.util.concurrent.ScheduledThreadPoolExecutor$DelayedWorkQueue.take(ScheduledThreadPoolExecutor.java:809)
        at java.util.concurrent.ThreadPoolExecutor.getTask(ThreadPoolExecutor.java:1074)
        at java.util.concurrent.ThreadPoolExecutor.runWorker(ThreadPoolExecutor.java:1134)
        at java.util.concurrent.ThreadPoolExecutor$Worker.run(ThreadPoolExecutor.java:624)
        at java.lang.Thread.run(Thread.java:750)
"qtp1324399707-5577" daemon prio=5 tid=5577 timed_waiting
java.lang.Thread.State: TIMED_WAITING
        at sun.misc.Unsafe.park(Native Method)
        at java.util.concurrent.locks.LockSupport.parkNanos(LockSupport.java:215)
        at java.util.concurrent.locks.AbstractQueuedSynchronizer$ConditionObject.awaitNanos(AbstractQueuedSynchronizer.java:2078)
        at org.eclipse.jetty.util.BlockingArrayQueue.poll(BlockingArrayQueue.java:382)
        at org.eclipse.jetty.util.thread.QueuedThreadPool$Runner.idleJobPoll(QueuedThreadPool.java:974)
        at org.eclipse.jetty.util.thread.QueuedThreadPool$Runner.run(QueuedThreadPool.java:1018)
        at java.lang.Thread.run(Thread.java:750)
"qtp1938906929-4119-acceptor-0@3d438842-ServerConnector@2cd8ef87{HTTP/1.1, (http/1.1)}{0.0.0.0:40309}" daemon prio=3 tid=4119 runnable
java.lang.Thread.State: RUNNABLE
        at sun.nio.ch.ServerSocketChannelImpl.accept0(Native Method)
        at sun.nio.ch.ServerSocketChannelImpl.accept(ServerSocketChannelImpl.java:421)
        at sun.nio.ch.ServerSocketChannelImpl.accept(ServerSocketChannelImpl.java:249)
        at org.eclipse.jetty.server.ServerConnector.accept(ServerConnector.java:388)
        at org.eclipse.jetty.server.AbstractConnector$Acceptor.run(AbstractConnector.java:704)
        at org.eclipse.jetty.util.thread.QueuedThreadPool.runJob(QueuedThreadPool.java:883)
        at org.eclipse.jetty.util.thread.QueuedThreadPool$Runner.run(QueuedThreadPool.java:1034)
        at java.lang.Thread.run(Thread.java:750)
"Datanode State Machine Task Thread - 0"  prio=5 tid=3462 in Object.wait()
java.lang.Thread.State: WAITING (on object monitor)
        at sun.misc.Unsafe.park(Native Method)
        at java.util.concurrent.locks.LockSupport.park(LockSupport.java:175)
        at java.util.concurrent.locks.AbstractQueuedSynchronizer$ConditionObject.await(AbstractQueuedSynchronizer.java:2039)
        at java.util.concurrent.LinkedBlockingQueue.take(LinkedBlockingQueue.java:442)
        at java.util.concurrent.ThreadPoolExecutor.getTask(ThreadPoolExecutor.java:1074)
        at java.util.concurrent.ThreadPoolExecutor.runWorker(ThreadPoolExecutor.java:1134)
        at java.util.concurrent.ThreadPoolExecutor$Worker.run(ThreadPoolExecutor.java:624)
        at java.lang.Thread.run(Thread.java:750)
"BlockDeletingService#1" daemon prio=5 tid=5398 in Object.wait()
java.lang.Thread.State: WAITING (on object monitor)
        at sun.misc.Unsafe.park(Native Method)
        at java.util.concurrent.locks.LockSupport.park(LockSupport.java:175)
        at java.util.concurrent.locks.AbstractQueuedSynchronizer$ConditionObject.await(AbstractQueuedSynchronizer.java:2039)
        at java.util.concurrent.ScheduledThreadPoolExecutor$DelayedWorkQueue.take(ScheduledThreadPoolExecutor.java:1088)
        at java.util.concurrent.ScheduledThreadPoolExecutor$DelayedWorkQueue.take(ScheduledThreadPoolExecutor.java:809)
        at java.util.concurrent.ThreadPoolExecutor.getTask(ThreadPoolExecutor.java:1074)
        at java.util.concurrent.ThreadPoolExecutor.runWorker(ThreadPoolExecutor.java:1134)
        at java.util.concurrent.ThreadPoolExecutor$Worker.run(ThreadPoolExecutor.java:624)
        at java.lang.Thread.run(Thread.java:750)
"IPC Server handler 2 on default port 39603" daemon prio=5 tid=3764 timed_waiting
java.lang.Thread.State: TIMED_WAITING
        at sun.misc.Unsafe.park(Native Method)
        at java.util.concurrent.locks.LockSupport.parkNanos(LockSupport.java:215)
        at java.util.concurrent.locks.AbstractQueuedSynchronizer$ConditionObject.awaitNanos(AbstractQueuedSynchronizer.java:2078)
        at java.util.concurrent.LinkedBlockingQueue.poll(LinkedBlockingQueue.java:467)
        at org.apache.hadoop.ipc.CallQueueManager.take(CallQueueManager.java:317)
        at org.apache.hadoop.ipc.Server$Handler.run(Server.java:2942)
"pool-1558-thread-1"  prio=5 tid=3270 timed_waiting
java.lang.Thread.State: TIMED_WAITING
        at sun.misc.Unsafe.park(Native Method)
        at java.util.concurrent.locks.LockSupport.parkNanos(LockSupport.java:215)
        at java.util.concurrent.locks.AbstractQueuedSynchronizer$ConditionObject.awaitNanos(AbstractQueuedSynchronizer.java:2078)
        at java.util.concurrent.ScheduledThreadPoolExecutor$DelayedWorkQueue.take(ScheduledThreadPoolExecutor.java:1093)
        at java.util.concurrent.ScheduledThreadPoolExecutor$DelayedWorkQueue.take(ScheduledThreadPoolExecutor.java:809)
        at java.util.concurrent.ThreadPoolExecutor.getTask(ThreadPoolExecutor.java:1074)
        at java.util.concurrent.ThreadPoolExecutor.runWorker(ThreadPoolExecutor.java:1134)
        at java.util.concurrent.ThreadPoolExecutor$Worker.run(ThreadPoolExecutor.java:624)
        at java.lang.Thread.run(Thread.java:750)
"IPC Server handler 17 on default port 36439" daemon prio=5 tid=3801 timed_waiting
java.lang.Thread.State: TIMED_WAITING
        at sun.misc.Unsafe.park(Native Method)
        at java.util.concurrent.locks.LockSupport.parkNanos(LockSupport.java:215)
        at java.util.concurrent.locks.AbstractQueuedSynchronizer$ConditionObject.awaitNanos(AbstractQueuedSynchronizer.java:2078)
        at java.util.concurrent.LinkedBlockingQueue.poll(LinkedBlockingQueue.java:467)
        at org.apache.hadoop.ipc.CallQueueManager.take(CallQueueManager.java:317)
        at org.apache.hadoop.ipc.Server$Handler.run(Server.java:2942)
"IPC Server handler 0 on default port 45833" daemon prio=5 tid=3242 timed_waiting
java.lang.Thread.State: TIMED_WAITING
        at sun.misc.Unsafe.park(Native Method)
        at java.util.concurrent.locks.LockSupport.parkNanos(LockSupport.java:215)
        at java.util.concurrent.locks.AbstractQueuedSynchronizer$ConditionObject.awaitNanos(AbstractQueuedSynchronizer.java:2078)
        at java.util.concurrent.LinkedBlockingQueue.poll(LinkedBlockingQueue.java:467)
        at org.apache.hadoop.ipc.CallQueueManager.take(CallQueueManager.java:317)
        at org.apache.hadoop.ipc.Server$Handler.run(Server.java:2942)
"FixedThreadPoolWithAffinityExecutor-0-0" daemon prio=5 tid=3743 timed_waiting
java.lang.Thread.State: TIMED_WAITING
        at sun.misc.Unsafe.park(Native Method)
        at java.util.concurrent.locks.LockSupport.parkNanos(LockSupport.java:215)
        at java.util.concurrent.locks.AbstractQueuedSynchronizer$ConditionObject.awaitNanos(AbstractQueuedSynchronizer.java:2078)
        at java.util.concurrent.LinkedBlockingQueue.poll(LinkedBlockingQueue.java:467)
        at org.apache.hadoop.hdds.scm.server.ContainerReportQueue.poll(ContainerReportQueue.java:266)
        at org.apache.hadoop.hdds.scm.server.ContainerReportQueue.poll(ContainerReportQueue.java:42)
        at org.apache.hadoop.hdds.server.events.FixedThreadPoolWithAffinityExecutor$ContainerReportProcessTask.run(FixedThreadPoolWithAffinityExecutor.java:248)
        at java.util.concurrent.Executors$RunnableAdapter.call(Executors.java:511)
        at java.util.concurrent.FutureTask.run(FutureTask.java:266)
        at java.util.concurrent.ThreadPoolExecutor.runWorker(ThreadPoolExecutor.java:1149)
        at java.util.concurrent.ThreadPoolExecutor$Worker.run(ThreadPoolExecutor.java:624)
        at java.lang.Thread.run(Thread.java:750)
"Over Replicated Processor" daemon prio=5 tid=4738 timed_waiting
java.lang.Thread.State: TIMED_WAITING
        at java.lang.Object.wait(Native Method)
        at org.apache.hadoop.hdds.scm.container.replication.OverReplicatedProcessor.run(OverReplicatedProcessor.java:136)
        at java.lang.Thread.run(Thread.java:750)
"f55315c2-12b7-4bf7-9755-17bd9d593b12@group-2D1F402832AD->5f7ad737-403f-4287-b3fb-a8d838b89ff3-GrpcLogAppender-LogAppenderDaemon" daemon prio=5 tid=3646 timed_waiting
java.lang.Thread.State: TIMED_WAITING
        at sun.misc.Unsafe.park(Native Method)
        at java.util.concurrent.locks.LockSupport.parkNanos(LockSupport.java:215)
        at java.util.concurrent.CompletableFuture$Signaller.block(CompletableFuture.java:1709)
        at java.util.concurrent.ForkJoinPool.managedBlock(ForkJoinPool.java:3323)
        at java.util.concurrent.CompletableFuture.timedGet(CompletableFuture.java:1788)
        at java.util.concurrent.CompletableFuture.get(CompletableFuture.java:1928)
        at org.apache.ratis.util.AwaitForSignal.await(AwaitForSignal.java:56)
        at org.apache.ratis.grpc.server.GrpcLogAppender.mayWait(GrpcLogAppender.java:198)
        at org.apache.ratis.grpc.server.GrpcLogAppender.run(GrpcLogAppender.java:148)
        at org.apache.ratis.server.leader.LogAppenderDaemon.run(LogAppenderDaemon.java:78)
        at org.apache.ratis.server.leader.LogAppenderDaemon$$Lambda$1074/1442786329.run(Unknown Source)
        at java.lang.Thread.run(Thread.java:750)
"Session-HouseKeeper-8046465-1"  prio=5 tid=5084 timed_waiting
java.lang.Thread.State: TIMED_WAITING
        at sun.misc.Unsafe.park(Native Method)
        at java.util.concurrent.locks.LockSupport.parkNanos(LockSupport.java:215)
        at java.util.concurrent.locks.AbstractQueuedSynchronizer$ConditionObject.awaitNanos(AbstractQueuedSynchronizer.java:2078)
        at java.util.concurrent.ScheduledThreadPoolExecutor$DelayedWorkQueue.take(ScheduledThreadPoolExecutor.java:1093)
        at java.util.concurrent.ScheduledThreadPoolExecutor$DelayedWorkQueue.take(ScheduledThreadPoolExecutor.java:809)
        at java.util.concurrent.ThreadPoolExecutor.getTask(ThreadPoolExecutor.java:1074)
        at java.util.concurrent.ThreadPoolExecutor.runWorker(ThreadPoolExecutor.java:1134)
        at java.util.concurrent.ThreadPoolExecutor$Worker.run(ThreadPoolExecutor.java:624)
        at java.lang.Thread.run(Thread.java:750)
"5dd764d2-4196-4eea-b07c-aeebc5ccca01@group-9C27DC43941B-StateMachineUpdater" daemon prio=5 tid=5439 timed_waiting
java.lang.Thread.State: TIMED_WAITING
        at sun.misc.Unsafe.park(Native Method)
        at java.util.concurrent.locks.LockSupport.parkNanos(LockSupport.java:215)
        at java.util.concurrent.CompletableFuture$Signaller.block(CompletableFuture.java:1709)
        at java.util.concurrent.ForkJoinPool.managedBlock(ForkJoinPool.java:3323)
        at java.util.concurrent.CompletableFuture.timedGet(CompletableFuture.java:1788)
        at java.util.concurrent.CompletableFuture.get(CompletableFuture.java:1928)
        at org.apache.ratis.util.AwaitForSignal.await(AwaitForSignal.java:56)
        at org.apache.ratis.server.impl.StateMachineUpdater.waitForCommit(StateMachineUpdater.java:207)
        at org.apache.ratis.server.impl.StateMachineUpdater.run(StateMachineUpdater.java:176)
        at java.lang.Thread.run(Thread.java:750)
"Datanode ReportManager Thread - 2" daemon prio=5 tid=5088 timed_waiting
java.lang.Thread.State: TIMED_WAITING
        at sun.misc.Unsafe.park(Native Method)
        at java.util.concurrent.locks.LockSupport.parkNanos(LockSupport.java:215)
        at java.util.concurrent.locks.AbstractQueuedSynchronizer$ConditionObject.awaitNanos(AbstractQueuedSynchronizer.java:2078)
        at java.util.concurrent.ScheduledThreadPoolExecutor$DelayedWorkQueue.take(ScheduledThreadPoolExecutor.java:1093)
        at java.util.concurrent.ScheduledThreadPoolExecutor$DelayedWorkQueue.take(ScheduledThreadPoolExecutor.java:809)
        at java.util.concurrent.ThreadPoolExecutor.getTask(ThreadPoolExecutor.java:1074)
        at java.util.concurrent.ThreadPoolExecutor.runWorker(ThreadPoolExecutor.java:1134)
        at java.util.concurrent.ThreadPoolExecutor$Worker.run(ThreadPoolExecutor.java:624)
        at java.lang.Thread.run(Thread.java:750)
"qtp1276177486-5108" daemon prio=5 tid=5108 timed_waiting
java.lang.Thread.State: TIMED_WAITING
        at sun.misc.Unsafe.park(Native Method)
        at java.util.concurrent.locks.LockSupport.parkNanos(LockSupport.java:215)
        at java.util.concurrent.locks.AbstractQueuedSynchronizer$ConditionObject.awaitNanos(AbstractQueuedSynchronizer.java:2078)
        at org.eclipse.jetty.util.BlockingArrayQueue.poll(BlockingArrayQueue.java:382)
        at org.eclipse.jetty.util.thread.QueuedThreadPool$Runner.idleJobPoll(QueuedThreadPool.java:974)
        at org.eclipse.jetty.util.thread.QueuedThreadPool$Runner.run(QueuedThreadPool.java:1018)
        at java.lang.Thread.run(Thread.java:750)
"Command processor thread" daemon prio=5 tid=3421 timed_waiting
java.lang.Thread.State: TIMED_WAITING
        at java.lang.Thread.sleep(Native Method)
        at org.apache.hadoop.ozone.container.common.statemachine.DatanodeStateMachine.lambda$initCommandHandlerThread$3(DatanodeStateMachine.java:641)
        at org.apache.hadoop.ozone.container.common.statemachine.DatanodeStateMachine$$Lambda$787/339964609.run(Unknown Source)
        at java.lang.Thread.run(Thread.java:750)
"ChunkWriter-3-0" daemon prio=5 tid=5375 in Object.wait()
java.lang.Thread.State: WAITING (on object monitor)
        at sun.misc.Unsafe.park(Native Method)
        at java.util.concurrent.locks.LockSupport.park(LockSupport.java:175)
        at java.util.concurrent.locks.AbstractQueuedSynchronizer$ConditionObject.await(AbstractQueuedSynchronizer.java:2039)
        at java.util.concurrent.LinkedBlockingDeque.takeFirst(LinkedBlockingDeque.java:492)
        at java.util.concurrent.LinkedBlockingDeque.take(LinkedBlockingDeque.java:680)
        at java.util.concurrent.ThreadPoolExecutor.getTask(ThreadPoolExecutor.java:1074)
        at java.util.concurrent.ThreadPoolExecutor.runWorker(ThreadPoolExecutor.java:1134)
        at java.util.concurrent.ThreadPoolExecutor$Worker.run(ThreadPoolExecutor.java:624)
        at java.lang.Thread.run(Thread.java:750)
"qtp952995720-3412" daemon prio=5 tid=3412 timed_waiting
java.lang.Thread.State: TIMED_WAITING
        at sun.misc.Unsafe.park(Native Method)
        at java.util.concurrent.locks.LockSupport.parkNanos(LockSupport.java:215)
        at java.util.concurrent.locks.AbstractQueuedSynchronizer$ConditionObject.awaitNanos(AbstractQueuedSynchronizer.java:2078)
        at org.eclipse.jetty.util.BlockingArrayQueue.poll(BlockingArrayQueue.java:382)
        at org.eclipse.jetty.util.thread.QueuedThreadPool$Runner.idleJobPoll(QueuedThreadPool.java:974)
        at org.eclipse.jetty.util.thread.QueuedThreadPool$Runner.run(QueuedThreadPool.java:1018)
        at java.lang.Thread.run(Thread.java:750)
"IPC Server Responder" daemon prio=5 tid=3742 runnable
java.lang.Thread.State: RUNNABLE
        at sun.nio.ch.EPollArrayWrapper.epollWait(Native Method)
        at sun.nio.ch.EPollArrayWrapper.poll(EPollArrayWrapper.java:269)
        at sun.nio.ch.EPollSelectorImpl.doSelect(EPollSelectorImpl.java:93)
        at sun.nio.ch.SelectorImpl.lockAndDoSelect(SelectorImpl.java:86)
        at sun.nio.ch.SelectorImpl.select(SelectorImpl.java:97)
        at org.apache.hadoop.ipc.Server$Responder.doRunLoop(Server.java:1532)
        at org.apache.hadoop.ipc.Server$Responder.run(Server.java:1515)
"ec62b457-0040-4e07-85ab-e1dde9d29779@group-CBE126E451E1-StateMachineUpdater" daemon prio=5 tid=5424 timed_waiting
java.lang.Thread.State: TIMED_WAITING
        at sun.misc.Unsafe.park(Native Method)
        at java.util.concurrent.locks.LockSupport.parkNanos(LockSupport.java:215)
        at java.util.concurrent.CompletableFuture$Signaller.block(CompletableFuture.java:1709)
        at java.util.concurrent.ForkJoinPool.managedBlock(ForkJoinPool.java:3323)
        at java.util.concurrent.CompletableFuture.timedGet(CompletableFuture.java:1788)
        at java.util.concurrent.CompletableFuture.get(CompletableFuture.java:1928)
        at org.apache.ratis.util.AwaitForSignal.await(AwaitForSignal.java:56)
        at org.apache.ratis.server.impl.StateMachineUpdater.waitForCommit(StateMachineUpdater.java:207)
        at org.apache.ratis.server.impl.StateMachineUpdater.run(StateMachineUpdater.java:176)
        at java.lang.Thread.run(Thread.java:750)
"IPC Server listener on 0" daemon prio=5 tid=4741 runnable
java.lang.Thread.State: RUNNABLE
        at sun.nio.ch.EPollArrayWrapper.epollWait(Native Method)
        at sun.nio.ch.EPollArrayWrapper.poll(EPollArrayWrapper.java:269)
        at sun.nio.ch.EPollSelectorImpl.doSelect(EPollSelectorImpl.java:93)
        at sun.nio.ch.SelectorImpl.lockAndDoSelect(SelectorImpl.java:86)
        at sun.nio.ch.SelectorImpl.select(SelectorImpl.java:97)
        at sun.nio.ch.SelectorImpl.select(SelectorImpl.java:101)
        at org.apache.hadoop.ipc.Server$Listener.run(Server.java:1358)
"Datanode ReportManager Thread - 0" daemon prio=5 tid=4243 in Object.wait()
java.lang.Thread.State: WAITING (on object monitor)
        at sun.misc.Unsafe.park(Native Method)
        at java.util.concurrent.locks.LockSupport.park(LockSupport.java:175)
        at java.util.concurrent.locks.AbstractQueuedSynchronizer$ConditionObject.await(AbstractQueuedSynchronizer.java:2039)
        at java.util.concurrent.ScheduledThreadPoolExecutor$DelayedWorkQueue.take(ScheduledThreadPoolExecutor.java:1088)
        at java.util.concurrent.ScheduledThreadPoolExecutor$DelayedWorkQueue.take(ScheduledThreadPoolExecutor.java:809)
        at java.util.concurrent.ThreadPoolExecutor.getTask(ThreadPoolExecutor.java:1074)
        at java.util.concurrent.ThreadPoolExecutor.runWorker(ThreadPoolExecutor.java:1134)
        at java.util.concurrent.ThreadPoolExecutor$Worker.run(ThreadPoolExecutor.java:624)
        at java.lang.Thread.run(Thread.java:750)
"IPC Server handler 9 on default port 36157" daemon prio=5 tid=5557 timed_waiting
java.lang.Thread.State: TIMED_WAITING
        at sun.misc.Unsafe.park(Native Method)
        at java.util.concurrent.locks.LockSupport.parkNanos(LockSupport.java:215)
        at java.util.concurrent.locks.AbstractQueuedSynchronizer$ConditionObject.awaitNanos(AbstractQueuedSynchronizer.java:2078)
        at java.util.concurrent.LinkedBlockingQueue.poll(LinkedBlockingQueue.java:467)
        at org.apache.hadoop.ipc.CallQueueManager.take(CallQueueManager.java:317)
        at org.apache.hadoop.ipc.Server$Handler.run(Server.java:2942)
"ChunkWriter-2-0" daemon prio=5 tid=4381 in Object.wait()
java.lang.Thread.State: WAITING (on object monitor)
        at sun.misc.Unsafe.park(Native Method)
        at java.util.concurrent.locks.LockSupport.park(LockSupport.java:175)
        at java.util.concurrent.locks.AbstractQueuedSynchronizer$ConditionObject.await(AbstractQueuedSynchronizer.java:2039)
        at java.util.concurrent.LinkedBlockingDeque.takeFirst(LinkedBlockingDeque.java:492)
        at java.util.concurrent.LinkedBlockingDeque.take(LinkedBlockingDeque.java:680)
        at java.util.concurrent.ThreadPoolExecutor.getTask(ThreadPoolExecutor.java:1074)
        at java.util.concurrent.ThreadPoolExecutor.runWorker(ThreadPoolExecutor.java:1134)
        at java.util.concurrent.ThreadPoolExecutor$Worker.run(ThreadPoolExecutor.java:624)
        at java.lang.Thread.run(Thread.java:750)
"JvmPauseMonitor44" daemon prio=5 tid=4365 timed_waiting
java.lang.Thread.State: TIMED_WAITING
        at java.lang.Thread.sleep(Native Method)
        at java.lang.Thread.sleep(Thread.java:342)
        at java.util.concurrent.TimeUnit.sleep(TimeUnit.java:386)
        at org.apache.ratis.util.TimeDuration.sleep(TimeDuration.java:325)
        at org.apache.ratis.util.TimeDuration.sleep(TimeDuration.java:310)
        at org.apache.ratis.util.JvmPauseMonitor.detectPause(JvmPauseMonitor.java:119)
        at org.apache.ratis.util.JvmPauseMonitor.run(JvmPauseMonitor.java:108)
        at org.apache.ratis.util.JvmPauseMonitor$$Lambda$740/1979406568.run(Unknown Source)
        at java.lang.Thread.run(Thread.java:750)
"qtp612244147-3240" daemon prio=5 tid=3240 timed_waiting
java.lang.Thread.State: TIMED_WAITING
        at sun.misc.Unsafe.park(Native Method)
        at java.util.concurrent.locks.LockSupport.parkNanos(LockSupport.java:215)
        at java.util.concurrent.locks.AbstractQueuedSynchronizer$ConditionObject.awaitNanos(AbstractQueuedSynchronizer.java:2078)
        at org.eclipse.jetty.util.BlockingArrayQueue.poll(BlockingArrayQueue.java:382)
        at org.eclipse.jetty.util.thread.QueuedThreadPool$Runner.idleJobPoll(QueuedThreadPool.java:974)
        at org.eclipse.jetty.util.thread.QueuedThreadPool$Runner.run(QueuedThreadPool.java:1018)
        at java.lang.Thread.run(Thread.java:750)
"EventQueue-NodeReportForNodeReportHandler" daemon prio=5 tid=4446 in Object.wait()
java.lang.Thread.State: WAITING (on object monitor)
        at sun.misc.Unsafe.park(Native Method)
        at java.util.concurrent.locks.LockSupport.park(LockSupport.java:175)
        at java.util.concurrent.locks.AbstractQueuedSynchronizer$ConditionObject.await(AbstractQueuedSynchronizer.java:2039)
        at java.util.concurrent.LinkedBlockingQueue.take(LinkedBlockingQueue.java:442)
        at java.util.concurrent.ThreadPoolExecutor.getTask(ThreadPoolExecutor.java:1074)
        at java.util.concurrent.ThreadPoolExecutor.runWorker(ThreadPoolExecutor.java:1134)
        at java.util.concurrent.ThreadPoolExecutor$Worker.run(ThreadPoolExecutor.java:624)
        at java.lang.Thread.run(Thread.java:750)
"277e5bbd-414d-4f19-87c3-552c8f153d3d@group-AE848D27C9F4-StateMachineUpdater" daemon prio=5 tid=5231 timed_waiting
java.lang.Thread.State: TIMED_WAITING
        at sun.misc.Unsafe.park(Native Method)
        at java.util.concurrent.locks.LockSupport.parkNanos(LockSupport.java:215)
        at java.util.concurrent.CompletableFuture$Signaller.block(CompletableFuture.java:1709)
        at java.util.concurrent.ForkJoinPool.managedBlock(ForkJoinPool.java:3323)
        at java.util.concurrent.CompletableFuture.timedGet(CompletableFuture.java:1788)
        at java.util.concurrent.CompletableFuture.get(CompletableFuture.java:1928)
        at org.apache.ratis.util.AwaitForSignal.await(AwaitForSignal.java:56)
        at org.apache.ratis.server.impl.StateMachineUpdater.waitForCommit(StateMachineUpdater.java:207)
        at org.apache.ratis.server.impl.StateMachineUpdater.run(StateMachineUpdater.java:176)
        at java.lang.Thread.run(Thread.java:750)
"qtp1648517692-4066" daemon prio=5 tid=4066 timed_waiting
java.lang.Thread.State: TIMED_WAITING
        at sun.misc.Unsafe.park(Native Method)
        at java.util.concurrent.locks.LockSupport.parkNanos(LockSupport.java:215)
        at java.util.concurrent.locks.AbstractQueuedSynchronizer$ConditionObject.awaitNanos(AbstractQueuedSynchronizer.java:2078)
        at org.eclipse.jetty.util.BlockingArrayQueue.poll(BlockingArrayQueue.java:382)
        at org.eclipse.jetty.util.thread.QueuedThreadPool$Runner.idleJobPoll(QueuedThreadPool.java:974)
        at org.eclipse.jetty.util.thread.QueuedThreadPool$Runner.run(QueuedThreadPool.java:1018)
        at java.lang.Thread.run(Thread.java:750)
"pool-2417-thread-1" daemon prio=5 tid=4991 timed_waiting
java.lang.Thread.State: TIMED_WAITING
        at sun.misc.Unsafe.park(Native Method)
        at java.util.concurrent.locks.LockSupport.parkNanos(LockSupport.java:215)
        at java.util.concurrent.locks.AbstractQueuedSynchronizer$ConditionObject.awaitNanos(AbstractQueuedSynchronizer.java:2078)
        at java.util.concurrent.ScheduledThreadPoolExecutor$DelayedWorkQueue.take(ScheduledThreadPoolExecutor.java:1093)
        at java.util.concurrent.ScheduledThreadPoolExecutor$DelayedWorkQueue.take(ScheduledThreadPoolExecutor.java:809)
        at java.util.concurrent.ThreadPoolExecutor.getTask(ThreadPoolExecutor.java:1074)
        at java.util.concurrent.ThreadPoolExecutor.runWorker(ThreadPoolExecutor.java:1134)
        at java.util.concurrent.ThreadPoolExecutor$Worker.run(ThreadPoolExecutor.java:624)
        at java.lang.Thread.run(Thread.java:750)
"qtp377899364-4334" daemon prio=5 tid=4334 timed_waiting
java.lang.Thread.State: TIMED_WAITING
        at sun.misc.Unsafe.park(Native Method)
        at java.util.concurrent.locks.LockSupport.parkNanos(LockSupport.java:215)
        at java.util.concurrent.locks.AbstractQueuedSynchronizer$ConditionObject.awaitNanos(AbstractQueuedSynchronizer.java:2078)
        at org.eclipse.jetty.util.BlockingArrayQueue.poll(BlockingArrayQueue.java:382)
        at org.eclipse.jetty.util.thread.QueuedThreadPool$Runner.idleJobPoll(QueuedThreadPool.java:974)
        at org.eclipse.jetty.util.thread.QueuedThreadPool$Runner.run(QueuedThreadPool.java:1018)
        at java.lang.Thread.run(Thread.java:750)
"IPC Server handler 15 on default port 35159" daemon prio=5 tid=4785 timed_waiting
java.lang.Thread.State: TIMED_WAITING
        at sun.misc.Unsafe.park(Native Method)
        at java.util.concurrent.locks.LockSupport.parkNanos(LockSupport.java:215)
        at java.util.concurrent.locks.AbstractQueuedSynchronizer$ConditionObject.awaitNanos(AbstractQueuedSynchronizer.java:2078)
        at java.util.concurrent.LinkedBlockingQueue.poll(LinkedBlockingQueue.java:467)
        at org.apache.hadoop.ipc.CallQueueManager.take(CallQueueManager.java:317)
        at org.apache.hadoop.ipc.Server$Handler.run(Server.java:2942)
"JvmPauseMonitor46" daemon prio=5 tid=4399 timed_waiting
java.lang.Thread.State: TIMED_WAITING
        at java.lang.Thread.sleep(Native Method)
        at java.lang.Thread.sleep(Thread.java:342)
        at java.util.concurrent.TimeUnit.sleep(TimeUnit.java:386)
        at org.apache.ratis.util.TimeDuration.sleep(TimeDuration.java:325)
        at org.apache.ratis.util.TimeDuration.sleep(TimeDuration.java:310)
        at org.apache.ratis.util.JvmPauseMonitor.detectPause(JvmPauseMonitor.java:119)
        at org.apache.ratis.util.JvmPauseMonitor.run(JvmPauseMonitor.java:108)
        at org.apache.ratis.util.JvmPauseMonitor$$Lambda$740/1979406568.run(Unknown Source)
        at java.lang.Thread.run(Thread.java:750)
"ea04acba-2572-4ce4-bec1-b0e6c6418c45@group-9C27DC43941B-FollowerState" daemon prio=5 tid=5604 timed_waiting
java.lang.Thread.State: TIMED_WAITING
        at java.lang.Thread.sleep(Native Method)
        at java.lang.Thread.sleep(Thread.java:342)
        at java.util.concurrent.TimeUnit.sleep(TimeUnit.java:386)
        at org.apache.ratis.util.TimeDuration.sleep(TimeDuration.java:325)
        at org.apache.ratis.util.TimeDuration.sleep(TimeDuration.java:310)
        at org.apache.ratis.server.impl.FollowerState.run(FollowerState.java:128)
"ContainerOp-d03e4836-7d8d-4de7-87bd-2d1f402832ad-9"  prio=5 tid=4874 in Object.wait()
java.lang.Thread.State: WAITING (on object monitor)
        at sun.misc.Unsafe.park(Native Method)
        at java.util.concurrent.locks.LockSupport.park(LockSupport.java:175)
        at java.util.concurrent.locks.AbstractQueuedSynchronizer$ConditionObject.await(AbstractQueuedSynchronizer.java:2039)
        at java.util.concurrent.LinkedBlockingQueue.take(LinkedBlockingQueue.java:442)
        at java.util.concurrent.ThreadPoolExecutor.getTask(ThreadPoolExecutor.java:1074)
        at java.util.concurrent.ThreadPoolExecutor.runWorker(ThreadPoolExecutor.java:1134)
        at java.util.concurrent.ThreadPoolExecutor$Worker.run(ThreadPoolExecutor.java:624)
        at java.lang.Thread.run(Thread.java:750)
"org.apache.hadoop.ozone.container.common.statemachine.commandhandler.DeleteBlocksCommandHandler$DeleteCmdWorker@5898b139" daemon prio=5 tid=3322 timed_waiting
java.lang.Thread.State: TIMED_WAITING
        at java.lang.Thread.sleep(Native Method)
        at org.apache.hadoop.ozone.container.common.statemachine.commandhandler.DeleteBlocksCommandHandler$DeleteCmdWorker.run(DeleteBlocksCommandHandler.java:184)
        at java.lang.Thread.run(Thread.java:750)
"StaleRecoveringContainerScrubbingService#0" daemon prio=5 tid=5214 timed_waiting
java.lang.Thread.State: TIMED_WAITING
        at sun.misc.Unsafe.park(Native Method)
        at java.util.concurrent.locks.LockSupport.parkNanos(LockSupport.java:215)
        at java.util.concurrent.locks.AbstractQueuedSynchronizer$ConditionObject.awaitNanos(AbstractQueuedSynchronizer.java:2078)
        at java.util.concurrent.ScheduledThreadPoolExecutor$DelayedWorkQueue.take(ScheduledThreadPoolExecutor.java:1093)
        at java.util.concurrent.ScheduledThreadPoolExecutor$DelayedWorkQueue.take(ScheduledThreadPoolExecutor.java:809)
        at java.util.concurrent.ThreadPoolExecutor.getTask(ThreadPoolExecutor.java:1074)
        at java.util.concurrent.ThreadPoolExecutor.runWorker(ThreadPoolExecutor.java:1134)
        at java.util.concurrent.ThreadPoolExecutor$Worker.run(ThreadPoolExecutor.java:624)
        at java.lang.Thread.run(Thread.java:750)
"IPC Server handler 1 on default port 34529" daemon prio=5 tid=5529 timed_waiting
java.lang.Thread.State: TIMED_WAITING
        at sun.misc.Unsafe.park(Native Method)
        at java.util.concurrent.locks.LockSupport.parkNanos(LockSupport.java:215)
        at java.util.concurrent.locks.AbstractQueuedSynchronizer$ConditionObject.awaitNanos(AbstractQueuedSynchronizer.java:2078)
        at java.util.concurrent.LinkedBlockingQueue.poll(LinkedBlockingQueue.java:467)
        at org.apache.hadoop.ipc.CallQueueManager.take(CallQueueManager.java:317)
        at org.apache.hadoop.ipc.Server$Handler.run(Server.java:2942)
"IPC Server handler 4 on default port 36439" daemon prio=5 tid=3788 timed_waiting
java.lang.Thread.State: TIMED_WAITING
        at sun.misc.Unsafe.park(Native Method)
        at java.util.concurrent.locks.LockSupport.parkNanos(LockSupport.java:215)
        at java.util.concurrent.locks.AbstractQueuedSynchronizer$ConditionObject.awaitNanos(AbstractQueuedSynchronizer.java:2078)
        at java.util.concurrent.LinkedBlockingQueue.poll(LinkedBlockingQueue.java:467)
        at org.apache.hadoop.ipc.CallQueueManager.take(CallQueueManager.java:317)
        at org.apache.hadoop.ipc.Server$Handler.run(Server.java:2942)
"Datanode ReportManager Thread - 4" daemon prio=5 tid=4317 in Object.wait()
java.lang.Thread.State: WAITING (on object monitor)
        at sun.misc.Unsafe.park(Native Method)
        at java.util.concurrent.locks.LockSupport.park(LockSupport.java:175)
        at java.util.concurrent.locks.AbstractQueuedSynchronizer$ConditionObject.await(AbstractQueuedSynchronizer.java:2039)
        at java.util.concurrent.ScheduledThreadPoolExecutor$DelayedWorkQueue.take(ScheduledThreadPoolExecutor.java:1088)
        at java.util.concurrent.ScheduledThreadPoolExecutor$DelayedWorkQueue.take(ScheduledThreadPoolExecutor.java:809)
        at java.util.concurrent.ThreadPoolExecutor.getTask(ThreadPoolExecutor.java:1074)
        at java.util.concurrent.ThreadPoolExecutor.runWorker(ThreadPoolExecutor.java:1134)
        at java.util.concurrent.ThreadPoolExecutor$Worker.run(ThreadPoolExecutor.java:624)
        at java.lang.Thread.run(Thread.java:750)
"qtp1138839318-3275" daemon prio=5 tid=3275 timed_waiting
java.lang.Thread.State: TIMED_WAITING
        at sun.misc.Unsafe.park(Native Method)
        at java.util.concurrent.locks.LockSupport.parkNanos(LockSupport.java:215)
        at java.util.concurrent.locks.AbstractQueuedSynchronizer$ConditionObject.awaitNanos(AbstractQueuedSynchronizer.java:2078)
        at org.eclipse.jetty.util.BlockingArrayQueue.poll(BlockingArrayQueue.java:382)
        at org.eclipse.jetty.util.thread.QueuedThreadPool$Runner.idleJobPoll(QueuedThreadPool.java:974)
        at org.eclipse.jetty.util.thread.QueuedThreadPool$Runner.run(QueuedThreadPool.java:1018)
        at java.lang.Thread.run(Thread.java:750)
"Datanode ReportManager Thread - 0" daemon prio=5 tid=5197 in Object.wait()
java.lang.Thread.State: WAITING (on object monitor)
        at sun.misc.Unsafe.park(Native Method)
        at java.util.concurrent.locks.LockSupport.park(LockSupport.java:175)
        at java.util.concurrent.locks.AbstractQueuedSynchronizer$ConditionObject.await(AbstractQueuedSynchronizer.java:2039)
        at java.util.concurrent.ScheduledThreadPoolExecutor$DelayedWorkQueue.take(ScheduledThreadPoolExecutor.java:1088)
        at java.util.concurrent.ScheduledThreadPoolExecutor$DelayedWorkQueue.take(ScheduledThreadPoolExecutor.java:809)
        at java.util.concurrent.ThreadPoolExecutor.getTask(ThreadPoolExecutor.java:1074)
        at java.util.concurrent.ThreadPoolExecutor.runWorker(ThreadPoolExecutor.java:1134)
        at java.util.concurrent.ThreadPoolExecutor$Worker.run(ThreadPoolExecutor.java:624)
        at java.lang.Thread.run(Thread.java:750)
"IPC Server handler 11 on default port 36003" daemon prio=5 tid=4801 timed_waiting
java.lang.Thread.State: TIMED_WAITING
        at sun.misc.Unsafe.park(Native Method)
        at java.util.concurrent.locks.LockSupport.parkNanos(LockSupport.java:215)
        at java.util.concurrent.locks.AbstractQueuedSynchronizer$ConditionObject.awaitNanos(AbstractQueuedSynchronizer.java:2078)
        at java.util.concurrent.LinkedBlockingQueue.poll(LinkedBlockingQueue.java:467)
        at org.apache.hadoop.ipc.CallQueueManager.take(CallQueueManager.java:317)
        at org.apache.hadoop.ipc.Server$Handler.run(Server.java:2942)
"FixedThreadPoolWithAffinityExecutor-3-0" daemon prio=5 tid=3746 timed_waiting
java.lang.Thread.State: TIMED_WAITING
        at sun.misc.Unsafe.park(Native Method)
        at java.util.concurrent.locks.LockSupport.parkNanos(LockSupport.java:215)
        at java.util.concurrent.locks.AbstractQueuedSynchronizer$ConditionObject.awaitNanos(AbstractQueuedSynchronizer.java:2078)
        at java.util.concurrent.LinkedBlockingQueue.poll(LinkedBlockingQueue.java:467)
        at org.apache.hadoop.hdds.scm.server.ContainerReportQueue.poll(ContainerReportQueue.java:266)
        at org.apache.hadoop.hdds.scm.server.ContainerReportQueue.poll(ContainerReportQueue.java:42)
        at org.apache.hadoop.hdds.server.events.FixedThreadPoolWithAffinityExecutor$ContainerReportProcessTask.run(FixedThreadPoolWithAffinityExecutor.java:248)
        at java.util.concurrent.Executors$RunnableAdapter.call(Executors.java:511)
        at java.util.concurrent.FutureTask.run(FutureTask.java:266)
        at java.util.concurrent.ThreadPoolExecutor.runWorker(ThreadPoolExecutor.java:1149)
        at java.util.concurrent.ThreadPoolExecutor$Worker.run(ThreadPoolExecutor.java:624)
        at java.lang.Thread.run(Thread.java:750)
"DataNode DiskChecker thread 0" daemon prio=5 tid=5070 timed_waiting
java.lang.Thread.State: TIMED_WAITING
        at sun.misc.Unsafe.park(Native Method)
        at java.util.concurrent.locks.LockSupport.parkNanos(LockSupport.java:215)
        at java.util.concurrent.SynchronousQueue$TransferStack.awaitFulfill(SynchronousQueue.java:460)
        at java.util.concurrent.SynchronousQueue$TransferStack.transfer(SynchronousQueue.java:362)
        at java.util.concurrent.SynchronousQueue.poll(SynchronousQueue.java:941)
        at java.util.concurrent.ThreadPoolExecutor.getTask(ThreadPoolExecutor.java:1073)
        at java.util.concurrent.ThreadPoolExecutor.runWorker(ThreadPoolExecutor.java:1134)
        at java.util.concurrent.ThreadPoolExecutor$Worker.run(ThreadPoolExecutor.java:624)
        at java.lang.Thread.run(Thread.java:750)
"pool-1792-thread-1"  prio=5 tid=3826 timed_waiting
java.lang.Thread.State: TIMED_WAITING
        at sun.misc.Unsafe.park(Native Method)
        at java.util.concurrent.locks.LockSupport.parkNanos(LockSupport.java:215)
        at java.util.concurrent.locks.AbstractQueuedSynchronizer$ConditionObject.awaitNanos(AbstractQueuedSynchronizer.java:2078)
        at java.util.concurrent.ScheduledThreadPoolExecutor$DelayedWorkQueue.take(ScheduledThreadPoolExecutor.java:1093)
        at java.util.concurrent.ScheduledThreadPoolExecutor$DelayedWorkQueue.take(ScheduledThreadPoolExecutor.java:809)
        at java.util.concurrent.ThreadPoolExecutor.getTask(ThreadPoolExecutor.java:1074)
        at java.util.concurrent.ThreadPoolExecutor.runWorker(ThreadPoolExecutor.java:1134)
        at java.util.concurrent.ThreadPoolExecutor$Worker.run(ThreadPoolExecutor.java:624)
        at java.lang.Thread.run(Thread.java:750)
"6ecf90bc-d89b-4751-b881-1a8d98ba8de4@group-3B732847DF3A-SegmentedRaftLogWorker"  prio=5 tid=4475 timed_waiting
java.lang.Thread.State: TIMED_WAITING
        at sun.misc.Unsafe.park(Native Method)
        at java.util.concurrent.locks.LockSupport.parkNanos(LockSupport.java:215)
        at java.util.concurrent.locks.AbstractQueuedSynchronizer$ConditionObject.awaitNanos(AbstractQueuedSynchronizer.java:2078)
        at org.apache.ratis.util.DataBlockingQueue.poll(DataBlockingQueue.java:148)
        at org.apache.ratis.server.raftlog.segmented.SegmentedRaftLogWorker.run(SegmentedRaftLogWorker.java:310)
        at org.apache.ratis.server.raftlog.segmented.SegmentedRaftLogWorker$$Lambda$699/1369416112.run(Unknown Source)
        at java.lang.Thread.run(Thread.java:750)
"IPC Server handler 10 on default port 45267" daemon prio=5 tid=5518 timed_waiting
java.lang.Thread.State: TIMED_WAITING
        at sun.misc.Unsafe.park(Native Method)
        at java.util.concurrent.locks.LockSupport.parkNanos(LockSupport.java:215)
        at java.util.concurrent.locks.AbstractQueuedSynchronizer$ConditionObject.awaitNanos(AbstractQueuedSynchronizer.java:2078)
        at java.util.concurrent.LinkedBlockingQueue.poll(LinkedBlockingQueue.java:467)
        at org.apache.hadoop.ipc.CallQueueManager.take(CallQueueManager.java:317)
        at org.apache.hadoop.ipc.Server$Handler.run(Server.java:2942)
"Datanode State Machine Task Thread - 1"  prio=5 tid=4338 in Object.wait()
java.lang.Thread.State: WAITING (on object monitor)
        at sun.misc.Unsafe.park(Native Method)
        at java.util.concurrent.locks.LockSupport.park(LockSupport.java:175)
        at java.util.concurrent.locks.AbstractQueuedSynchronizer$ConditionObject.await(AbstractQueuedSynchronizer.java:2039)
        at java.util.concurrent.LinkedBlockingQueue.take(LinkedBlockingQueue.java:442)
        at java.util.concurrent.ThreadPoolExecutor.getTask(ThreadPoolExecutor.java:1074)
        at java.util.concurrent.ThreadPoolExecutor.runWorker(ThreadPoolExecutor.java:1134)
        at java.util.concurrent.ThreadPoolExecutor$Worker.run(ThreadPoolExecutor.java:624)
        at java.lang.Thread.run(Thread.java:750)
"Session-HouseKeeper-43185c3e-1"  prio=5 tid=3999 timed_waiting
java.lang.Thread.State: TIMED_WAITING
        at sun.misc.Unsafe.park(Native Method)
        at java.util.concurrent.locks.LockSupport.parkNanos(LockSupport.java:215)
        at java.util.concurrent.locks.AbstractQueuedSynchronizer$ConditionObject.awaitNanos(AbstractQueuedSynchronizer.java:2078)
        at java.util.concurrent.ScheduledThreadPoolExecutor$DelayedWorkQueue.take(ScheduledThreadPoolExecutor.java:1093)
        at java.util.concurrent.ScheduledThreadPoolExecutor$DelayedWorkQueue.take(ScheduledThreadPoolExecutor.java:809)
        at java.util.concurrent.ThreadPoolExecutor.getTask(ThreadPoolExecutor.java:1074)
        at java.util.concurrent.ThreadPoolExecutor.runWorker(ThreadPoolExecutor.java:1134)
        at java.util.concurrent.ThreadPoolExecutor$Worker.run(ThreadPoolExecutor.java:624)
        at java.lang.Thread.run(Thread.java:750)
"grpc-default-executor-6" daemon prio=5 tid=2042 timed_waiting
java.lang.Thread.State: TIMED_WAITING
        at sun.misc.Unsafe.park(Native Method)
        at java.util.concurrent.locks.LockSupport.parkNanos(LockSupport.java:215)
        at java.util.concurrent.SynchronousQueue$TransferStack.awaitFulfill(SynchronousQueue.java:460)
        at java.util.concurrent.SynchronousQueue$TransferStack.transfer(SynchronousQueue.java:362)
        at java.util.concurrent.SynchronousQueue.poll(SynchronousQueue.java:941)
        at java.util.concurrent.ThreadPoolExecutor.getTask(ThreadPoolExecutor.java:1073)
        at java.util.concurrent.ThreadPoolExecutor.runWorker(ThreadPoolExecutor.java:1134)
        at java.util.concurrent.ThreadPoolExecutor$Worker.run(ThreadPoolExecutor.java:624)
        at java.lang.Thread.run(Thread.java:750)
"qtp2095529297-5179" daemon prio=5 tid=5179 timed_waiting
java.lang.Thread.State: TIMED_WAITING
        at sun.misc.Unsafe.park(Native Method)
        at java.util.concurrent.locks.LockSupport.parkNanos(LockSupport.java:215)
        at java.util.concurrent.locks.AbstractQueuedSynchronizer$ConditionObject.awaitNanos(AbstractQueuedSynchronizer.java:2078)
        at org.eclipse.jetty.util.BlockingArrayQueue.poll(BlockingArrayQueue.java:382)
        at org.eclipse.jetty.util.thread.QueuedThreadPool$Runner.idleJobPoll(QueuedThreadPool.java:974)
        at org.eclipse.jetty.util.thread.QueuedThreadPool$Runner.run(QueuedThreadPool.java:1018)
        at java.lang.Thread.run(Thread.java:750)
"IPC Server handler 8 on default port 34157" daemon prio=5 tid=4012 timed_waiting
java.lang.Thread.State: TIMED_WAITING
        at sun.misc.Unsafe.park(Native Method)
        at java.util.concurrent.locks.LockSupport.parkNanos(LockSupport.java:215)
        at java.util.concurrent.locks.AbstractQueuedSynchronizer$ConditionObject.awaitNanos(AbstractQueuedSynchronizer.java:2078)
        at java.util.concurrent.LinkedBlockingQueue.poll(LinkedBlockingQueue.java:467)
        at org.apache.hadoop.ipc.CallQueueManager.take(CallQueueManager.java:317)
        at org.apache.hadoop.ipc.Server$Handler.run(Server.java:2942)
"qtp1299110638-4198-acceptor-0@40258469-ServerConnector@105ed390{HTTP/1.1, (http/1.1)}{0.0.0.0:44749}" daemon prio=3 tid=4198 runnable
java.lang.Thread.State: RUNNABLE
        at sun.nio.ch.ServerSocketChannelImpl.accept0(Native Method)
        at sun.nio.ch.ServerSocketChannelImpl.accept(ServerSocketChannelImpl.java:421)
        at sun.nio.ch.ServerSocketChannelImpl.accept(ServerSocketChannelImpl.java:249)
        at org.eclipse.jetty.server.ServerConnector.accept(ServerConnector.java:388)
        at org.eclipse.jetty.server.AbstractConnector$Acceptor.run(AbstractConnector.java:704)
        at org.eclipse.jetty.util.thread.QueuedThreadPool.runJob(QueuedThreadPool.java:883)
        at org.eclipse.jetty.util.thread.QueuedThreadPool$Runner.run(QueuedThreadPool.java:1034)
        at java.lang.Thread.run(Thread.java:750)
"FixedThreadPoolWithAffinityExecutor-5-0" daemon prio=5 tid=3748 timed_waiting
java.lang.Thread.State: TIMED_WAITING
        at sun.misc.Unsafe.park(Native Method)
        at java.util.concurrent.locks.LockSupport.parkNanos(LockSupport.java:215)
        at java.util.concurrent.locks.AbstractQueuedSynchronizer$ConditionObject.awaitNanos(AbstractQueuedSynchronizer.java:2078)
        at java.util.concurrent.LinkedBlockingQueue.poll(LinkedBlockingQueue.java:467)
        at org.apache.hadoop.hdds.scm.server.ContainerReportQueue.poll(ContainerReportQueue.java:266)
        at org.apache.hadoop.hdds.scm.server.ContainerReportQueue.poll(ContainerReportQueue.java:42)
        at org.apache.hadoop.hdds.server.events.FixedThreadPoolWithAffinityExecutor$ContainerReportProcessTask.run(FixedThreadPoolWithAffinityExecutor.java:248)
        at java.util.concurrent.Executors$RunnableAdapter.call(Executors.java:511)
        at java.util.concurrent.FutureTask.run(FutureTask.java:266)
        at java.util.concurrent.ThreadPoolExecutor.runWorker(ThreadPoolExecutor.java:1149)
        at java.util.concurrent.ThreadPoolExecutor$Worker.run(ThreadPoolExecutor.java:624)
        at java.lang.Thread.run(Thread.java:750)
"b56e85ee-8e41-41ba-8236-410d8ae83499@group-B0097F026191-SegmentedRaftLogWorker"  prio=5 tid=5429 timed_waiting
java.lang.Thread.State: TIMED_WAITING
        at sun.misc.Unsafe.park(Native Method)
        at java.util.concurrent.locks.LockSupport.parkNanos(LockSupport.java:215)
        at java.util.concurrent.locks.AbstractQueuedSynchronizer$ConditionObject.awaitNanos(AbstractQueuedSynchronizer.java:2078)
        at org.apache.ratis.util.DataBlockingQueue.poll(DataBlockingQueue.java:148)
        at org.apache.ratis.server.raftlog.segmented.SegmentedRaftLogWorker.run(SegmentedRaftLogWorker.java:310)
        at org.apache.ratis.server.raftlog.segmented.SegmentedRaftLogWorker$$Lambda$699/1369416112.run(Unknown Source)
        at java.lang.Thread.run(Thread.java:750)
"pool-2129-thread-1" daemon prio=5 tid=4324 timed_waiting
java.lang.Thread.State: TIMED_WAITING
        at sun.misc.Unsafe.park(Native Method)
        at java.util.concurrent.locks.LockSupport.parkNanos(LockSupport.java:215)
        at java.util.concurrent.locks.AbstractQueuedSynchronizer$ConditionObject.awaitNanos(AbstractQueuedSynchronizer.java:2078)
        at java.util.concurrent.ScheduledThreadPoolExecutor$DelayedWorkQueue.take(ScheduledThreadPoolExecutor.java:1093)
        at java.util.concurrent.ScheduledThreadPoolExecutor$DelayedWorkQueue.take(ScheduledThreadPoolExecutor.java:809)
        at java.util.concurrent.ThreadPoolExecutor.getTask(ThreadPoolExecutor.java:1074)
        at java.util.concurrent.ThreadPoolExecutor.runWorker(ThreadPoolExecutor.java:1134)
        at java.util.concurrent.ThreadPoolExecutor$Worker.run(ThreadPoolExecutor.java:624)
        at java.lang.Thread.run(Thread.java:750)
"Periodic HDDS volume checker" daemon prio=5 tid=5095 timed_waiting
java.lang.Thread.State: TIMED_WAITING
        at sun.misc.Unsafe.park(Native Method)
        at java.util.concurrent.locks.LockSupport.parkNanos(LockSupport.java:215)
        at java.util.concurrent.locks.AbstractQueuedSynchronizer$ConditionObject.awaitNanos(AbstractQueuedSynchronizer.java:2078)
        at java.util.concurrent.ScheduledThreadPoolExecutor$DelayedWorkQueue.take(ScheduledThreadPoolExecutor.java:1093)
        at java.util.concurrent.ScheduledThreadPoolExecutor$DelayedWorkQueue.take(ScheduledThreadPoolExecutor.java:809)
        at java.util.concurrent.ThreadPoolExecutor.getTask(ThreadPoolExecutor.java:1074)
        at java.util.concurrent.ThreadPoolExecutor.runWorker(ThreadPoolExecutor.java:1134)
        at java.util.concurrent.ThreadPoolExecutor$Worker.run(ThreadPoolExecutor.java:624)
        at java.lang.Thread.run(Thread.java:750)
"Command processor thread" daemon prio=5 tid=4318 timed_waiting
java.lang.Thread.State: TIMED_WAITING
        at java.lang.Thread.sleep(Native Method)
        at org.apache.hadoop.ozone.container.common.statemachine.DatanodeStateMachine.lambda$initCommandHandlerThread$3(DatanodeStateMachine.java:641)
        at org.apache.hadoop.ozone.container.common.statemachine.DatanodeStateMachine$$Lambda$787/339964609.run(Unknown Source)
        at java.lang.Thread.run(Thread.java:750)
"qtp1138839318-3276" daemon prio=5 tid=3276 timed_waiting
java.lang.Thread.State: TIMED_WAITING
        at sun.misc.Unsafe.park(Native Method)
        at java.util.concurrent.locks.LockSupport.parkNanos(LockSupport.java:215)
        at java.util.concurrent.locks.AbstractQueuedSynchronizer$ConditionObject.awaitNanos(AbstractQueuedSynchronizer.java:2078)
        at org.eclipse.jetty.util.BlockingArrayQueue.poll(BlockingArrayQueue.java:382)
        at org.eclipse.jetty.util.thread.QueuedThreadPool$Runner.idleJobPoll(QueuedThreadPool.java:974)
        at org.eclipse.jetty.util.thread.QueuedThreadPool$Runner.run(QueuedThreadPool.java:1018)
        at java.lang.Thread.run(Thread.java:750)
"qtp1938906929-4121" daemon prio=5 tid=4121 timed_waiting
java.lang.Thread.State: TIMED_WAITING
        at sun.misc.Unsafe.park(Native Method)
        at java.util.concurrent.locks.LockSupport.parkNanos(LockSupport.java:215)
        at java.util.concurrent.locks.AbstractQueuedSynchronizer$ConditionObject.awaitNanos(AbstractQueuedSynchronizer.java:2078)
        at org.eclipse.jetty.util.BlockingArrayQueue.poll(BlockingArrayQueue.java:382)
        at org.eclipse.jetty.util.thread.QueuedThreadPool$Runner.idleJobPoll(QueuedThreadPool.java:974)
        at org.eclipse.jetty.util.thread.QueuedThreadPool$Runner.run(QueuedThreadPool.java:1018)
        at java.lang.Thread.run(Thread.java:750)
"Datanode ReportManager Thread - 1" daemon prio=5 tid=3417 timed_waiting
java.lang.Thread.State: TIMED_WAITING
        at sun.misc.Unsafe.park(Native Method)
        at java.util.concurrent.locks.LockSupport.parkNanos(LockSupport.java:215)
        at java.util.concurrent.locks.AbstractQueuedSynchronizer$ConditionObject.awaitNanos(AbstractQueuedSynchronizer.java:2078)
        at java.util.concurrent.ScheduledThreadPoolExecutor$DelayedWorkQueue.take(ScheduledThreadPoolExecutor.java:1093)
        at java.util.concurrent.ScheduledThreadPoolExecutor$DelayedWorkQueue.take(ScheduledThreadPoolExecutor.java:809)
        at java.util.concurrent.ThreadPoolExecutor.getTask(ThreadPoolExecutor.java:1074)
        at java.util.concurrent.ThreadPoolExecutor.runWorker(ThreadPoolExecutor.java:1134)
        at java.util.concurrent.ThreadPoolExecutor$Worker.run(ThreadPoolExecutor.java:624)
        at java.lang.Thread.run(Thread.java:750)
"IPC Server handler 14 on default port 34529" daemon prio=5 tid=5542 timed_waiting
java.lang.Thread.State: TIMED_WAITING
        at sun.misc.Unsafe.park(Native Method)
        at java.util.concurrent.locks.LockSupport.parkNanos(LockSupport.java:215)
        at java.util.concurrent.locks.AbstractQueuedSynchronizer$ConditionObject.awaitNanos(AbstractQueuedSynchronizer.java:2078)
        at java.util.concurrent.LinkedBlockingQueue.poll(LinkedBlockingQueue.java:467)
        at org.apache.hadoop.ipc.CallQueueManager.take(CallQueueManager.java:317)
        at org.apache.hadoop.ipc.Server$Handler.run(Server.java:2942)
"dba9af6d-6e82-4367-aab1-8cf42182a7ab@group-2D1F402832AD-FollowerState" daemon prio=5 tid=3645 timed_waiting
java.lang.Thread.State: TIMED_WAITING
        at java.lang.Thread.sleep(Native Method)
        at java.lang.Thread.sleep(Thread.java:342)
        at java.util.concurrent.TimeUnit.sleep(TimeUnit.java:386)
        at org.apache.ratis.util.TimeDuration.sleep(TimeDuration.java:325)
        at org.apache.ratis.util.TimeDuration.sleep(TimeDuration.java:310)
        at org.apache.ratis.server.impl.FollowerState.run(FollowerState.java:128)
"pool-2063-thread-1"  prio=5 tid=4485 in Object.wait()
java.lang.Thread.State: WAITING (on object monitor)
        at sun.misc.Unsafe.park(Native Method)
        at java.util.concurrent.locks.LockSupport.park(LockSupport.java:175)
        at java.util.concurrent.locks.AbstractQueuedSynchronizer$ConditionObject.await(AbstractQueuedSynchronizer.java:2039)
        at java.util.concurrent.LinkedBlockingQueue.take(LinkedBlockingQueue.java:442)
        at java.util.concurrent.ThreadPoolExecutor.getTask(ThreadPoolExecutor.java:1074)
        at java.util.concurrent.ThreadPoolExecutor.runWorker(ThreadPoolExecutor.java:1134)
        at java.util.concurrent.ThreadPoolExecutor$Worker.run(ThreadPoolExecutor.java:624)
        at java.lang.Thread.run(Thread.java:750)
"qtp857619324-5024-acceptor-0@79a129c1-ServerConnector@7704d21d{HTTP/1.1, (http/1.1)}{0.0.0.0:39619}" daemon prio=3 tid=5024 runnable
java.lang.Thread.State: RUNNABLE
        at sun.nio.ch.ServerSocketChannelImpl.accept0(Native Method)
        at sun.nio.ch.ServerSocketChannelImpl.accept(ServerSocketChannelImpl.java:421)
        at sun.nio.ch.ServerSocketChannelImpl.accept(ServerSocketChannelImpl.java:249)
        at org.eclipse.jetty.server.ServerConnector.accept(ServerConnector.java:388)
        at org.eclipse.jetty.server.AbstractConnector$Acceptor.run(AbstractConnector.java:704)
        at org.eclipse.jetty.util.thread.QueuedThreadPool.runJob(QueuedThreadPool.java:883)
        at org.eclipse.jetty.util.thread.QueuedThreadPool$Runner.run(QueuedThreadPool.java:1034)
        at java.lang.Thread.run(Thread.java:750)
"IPC Server handler 18 on default port 39657" daemon prio=5 tid=4975 timed_waiting
java.lang.Thread.State: TIMED_WAITING
        at sun.misc.Unsafe.park(Native Method)
        at java.util.concurrent.locks.LockSupport.parkNanos(LockSupport.java:215)
        at java.util.concurrent.locks.AbstractQueuedSynchronizer$ConditionObject.awaitNanos(AbstractQueuedSynchronizer.java:2078)
        at java.util.concurrent.LinkedBlockingQueue.poll(LinkedBlockingQueue.java:467)
        at org.apache.hadoop.ipc.CallQueueManager.take(CallQueueManager.java:317)
        at org.apache.hadoop.ipc.Server$Handler.run(Server.java:2942)
"IPC Server Responder" daemon prio=5 tid=3734 runnable
java.lang.Thread.State: RUNNABLE
        at sun.nio.ch.EPollArrayWrapper.epollWait(Native Method)
        at sun.nio.ch.EPollArrayWrapper.poll(EPollArrayWrapper.java:269)
        at sun.nio.ch.EPollSelectorImpl.doSelect(EPollSelectorImpl.java:93)
        at sun.nio.ch.SelectorImpl.lockAndDoSelect(SelectorImpl.java:86)
        at sun.nio.ch.SelectorImpl.select(SelectorImpl.java:97)
        at org.apache.hadoop.ipc.Server$Responder.doRunLoop(Server.java:1532)
        at org.apache.hadoop.ipc.Server$Responder.run(Server.java:1515)
"ChunkReader-ELG-0" daemon prio=5 tid=4441 runnable
java.lang.Thread.State: RUNNABLE
        at org.apache.ratis.thirdparty.io.netty.channel.epoll.Native.epollWait(Native Method)
        at org.apache.ratis.thirdparty.io.netty.channel.epoll.Native.epollWait(Native.java:209)
        at org.apache.ratis.thirdparty.io.netty.channel.epoll.Native.epollWait(Native.java:202)
        at org.apache.ratis.thirdparty.io.netty.channel.epoll.EpollEventLoop.epollWaitNoTimerChange(EpollEventLoop.java:294)
        at org.apache.ratis.thirdparty.io.netty.channel.epoll.EpollEventLoop.run(EpollEventLoop.java:351)
        at org.apache.ratis.thirdparty.io.netty.util.concurrent.SingleThreadEventExecutor$4.run(SingleThreadEventExecutor.java:995)
        at org.apache.ratis.thirdparty.io.netty.util.internal.ThreadExecutorMap$2.run(ThreadExecutorMap.java:74)
        at java.lang.Thread.run(Thread.java:750)
"IPC Server idle connection scanner for port 34157" daemon prio=5 tid=3965 timed_waiting
java.lang.Thread.State: TIMED_WAITING
        at java.lang.Object.wait(Native Method)
        at java.util.TimerThread.mainLoop(Timer.java:552)
        at java.util.TimerThread.run(Timer.java:505)
"IPC Server handler 13 on default port 34529" daemon prio=5 tid=5541 timed_waiting
java.lang.Thread.State: TIMED_WAITING
        at sun.misc.Unsafe.park(Native Method)
        at java.util.concurrent.locks.LockSupport.parkNanos(LockSupport.java:215)
        at java.util.concurrent.locks.AbstractQueuedSynchronizer$ConditionObject.awaitNanos(AbstractQueuedSynchronizer.java:2078)
        at java.util.concurrent.LinkedBlockingQueue.poll(LinkedBlockingQueue.java:467)
        at org.apache.hadoop.ipc.CallQueueManager.take(CallQueueManager.java:317)
        at org.apache.hadoop.ipc.Server$Handler.run(Server.java:2942)
"ChunkWriter-1-0" daemon prio=5 tid=4362 in Object.wait()
java.lang.Thread.State: WAITING (on object monitor)
        at sun.misc.Unsafe.park(Native Method)
        at java.util.concurrent.locks.LockSupport.park(LockSupport.java:175)
        at java.util.concurrent.locks.AbstractQueuedSynchronizer$ConditionObject.await(AbstractQueuedSynchronizer.java:2039)
        at java.util.concurrent.LinkedBlockingDeque.takeFirst(LinkedBlockingDeque.java:492)
        at java.util.concurrent.LinkedBlockingDeque.take(LinkedBlockingDeque.java:680)
        at java.util.concurrent.ThreadPoolExecutor.getTask(ThreadPoolExecutor.java:1074)
        at java.util.concurrent.ThreadPoolExecutor.runWorker(ThreadPoolExecutor.java:1134)
        at java.util.concurrent.ThreadPoolExecutor$Worker.run(ThreadPoolExecutor.java:624)
        at java.lang.Thread.run(Thread.java:750)
"7bbf46ea-4d71-449c-a772-200386f308ce@group-62CE731D69B1->4f264252-b644-43b2-b39d-b880ca9b4753-GrpcLogAppender-LogAppenderDaemon" daemon prio=5 tid=4637 timed_waiting
java.lang.Thread.State: TIMED_WAITING
        at sun.misc.Unsafe.park(Native Method)
        at java.util.concurrent.locks.LockSupport.parkNanos(LockSupport.java:215)
        at java.util.concurrent.CompletableFuture$Signaller.block(CompletableFuture.java:1709)
        at java.util.concurrent.ForkJoinPool.managedBlock(ForkJoinPool.java:3323)
        at java.util.concurrent.CompletableFuture.timedGet(CompletableFuture.java:1788)
        at java.util.concurrent.CompletableFuture.get(CompletableFuture.java:1928)
        at org.apache.ratis.util.AwaitForSignal.await(AwaitForSignal.java:56)
        at org.apache.ratis.grpc.server.GrpcLogAppender.mayWait(GrpcLogAppender.java:198)
        at org.apache.ratis.grpc.server.GrpcLogAppender.run(GrpcLogAppender.java:148)
        at org.apache.ratis.server.leader.LogAppenderDaemon.run(LogAppenderDaemon.java:78)
        at org.apache.ratis.server.leader.LogAppenderDaemon$$Lambda$1074/1442786329.run(Unknown Source)
        at java.lang.Thread.run(Thread.java:750)
"BlockDeletingService#1" daemon prio=5 tid=5380 in Object.wait()
java.lang.Thread.State: WAITING (on object monitor)
        at sun.misc.Unsafe.park(Native Method)
        at java.util.concurrent.locks.LockSupport.park(LockSupport.java:175)
        at java.util.concurrent.locks.AbstractQueuedSynchronizer$ConditionObject.await(AbstractQueuedSynchronizer.java:2039)
        at java.util.concurrent.ScheduledThreadPoolExecutor$DelayedWorkQueue.take(ScheduledThreadPoolExecutor.java:1088)
        at java.util.concurrent.ScheduledThreadPoolExecutor$DelayedWorkQueue.take(ScheduledThreadPoolExecutor.java:809)
        at java.util.concurrent.ThreadPoolExecutor.getTask(ThreadPoolExecutor.java:1074)
        at java.util.concurrent.ThreadPoolExecutor.runWorker(ThreadPoolExecutor.java:1134)
        at java.util.concurrent.ThreadPoolExecutor$Worker.run(ThreadPoolExecutor.java:624)
        at java.lang.Thread.run(Thread.java:750)
"qtp652561456-3432" daemon prio=5 tid=3432 runnable
java.lang.Thread.State: RUNNABLE
        at sun.nio.ch.EPollArrayWrapper.epollWait(Native Method)
        at sun.nio.ch.EPollArrayWrapper.poll(EPollArrayWrapper.java:269)
        at sun.nio.ch.EPollSelectorImpl.doSelect(EPollSelectorImpl.java:93)
        at sun.nio.ch.SelectorImpl.lockAndDoSelect(SelectorImpl.java:86)
        at sun.nio.ch.SelectorImpl.select(SelectorImpl.java:97)
        at sun.nio.ch.SelectorImpl.select(SelectorImpl.java:101)
        at org.eclipse.jetty.io.ManagedSelector.nioSelect(ManagedSelector.java:183)
        at org.eclipse.jetty.io.ManagedSelector.select(ManagedSelector.java:190)
        at org.eclipse.jetty.io.ManagedSelector$SelectorProducer.select(ManagedSelector.java:606)
        at org.eclipse.jetty.io.ManagedSelector$SelectorProducer.produce(ManagedSelector.java:543)
        at org.eclipse.jetty.util.thread.strategy.EatWhatYouKill.produceTask(EatWhatYouKill.java:362)
        at org.eclipse.jetty.util.thread.strategy.EatWhatYouKill.doProduce(EatWhatYouKill.java:186)
        at org.eclipse.jetty.util.thread.strategy.EatWhatYouKill.tryProduce(EatWhatYouKill.java:173)
        at org.eclipse.jetty.util.thread.strategy.EatWhatYouKill.produce(EatWhatYouKill.java:137)
        at org.eclipse.jetty.io.ManagedSelector$$Lambda$480/1445512345.run(Unknown Source)
        at org.eclipse.jetty.util.thread.QueuedThreadPool.runJob(QueuedThreadPool.java:883)
        at org.eclipse.jetty.util.thread.QueuedThreadPool$Runner.run(QueuedThreadPool.java:1034)
        at java.lang.Thread.run(Thread.java:750)
"qtp952995720-3406" daemon prio=5 tid=3406 runnable
java.lang.Thread.State: RUNNABLE
        at sun.nio.ch.EPollArrayWrapper.epollWait(Native Method)
        at sun.nio.ch.EPollArrayWrapper.poll(EPollArrayWrapper.java:269)
        at sun.nio.ch.EPollSelectorImpl.doSelect(EPollSelectorImpl.java:93)
        at sun.nio.ch.SelectorImpl.lockAndDoSelect(SelectorImpl.java:86)
        at sun.nio.ch.SelectorImpl.select(SelectorImpl.java:97)
        at sun.nio.ch.SelectorImpl.select(SelectorImpl.java:101)
        at org.eclipse.jetty.io.ManagedSelector.nioSelect(ManagedSelector.java:183)
        at org.eclipse.jetty.io.ManagedSelector.select(ManagedSelector.java:190)
        at org.eclipse.jetty.io.ManagedSelector$SelectorProducer.select(ManagedSelector.java:606)
        at org.eclipse.jetty.io.ManagedSelector$SelectorProducer.produce(ManagedSelector.java:543)
        at org.eclipse.jetty.util.thread.strategy.EatWhatYouKill.produceTask(EatWhatYouKill.java:362)
        at org.eclipse.jetty.util.thread.strategy.EatWhatYouKill.doProduce(EatWhatYouKill.java:186)
        at org.eclipse.jetty.util.thread.strategy.EatWhatYouKill.tryProduce(EatWhatYouKill.java:173)
        at org.eclipse.jetty.util.thread.strategy.EatWhatYouKill.produce(EatWhatYouKill.java:137)
        at org.eclipse.jetty.io.ManagedSelector$$Lambda$480/1445512345.run(Unknown Source)
        at org.eclipse.jetty.util.thread.QueuedThreadPool.runJob(QueuedThreadPool.java:883)
        at org.eclipse.jetty.util.thread.QueuedThreadPool$Runner.run(QueuedThreadPool.java:1034)
        at java.lang.Thread.run(Thread.java:750)
"IPC Server handler 2 on default port 39657" daemon prio=5 tid=4959 timed_waiting
java.lang.Thread.State: TIMED_WAITING
        at sun.misc.Unsafe.park(Native Method)
        at java.util.concurrent.locks.LockSupport.parkNanos(LockSupport.java:215)
        at java.util.concurrent.locks.AbstractQueuedSynchronizer$ConditionObject.awaitNanos(AbstractQueuedSynchronizer.java:2078)
        at java.util.concurrent.LinkedBlockingQueue.poll(LinkedBlockingQueue.java:467)
        at org.apache.hadoop.ipc.CallQueueManager.take(CallQueueManager.java:317)
        at org.apache.hadoop.ipc.Server$Handler.run(Server.java:2942)
"IPC Server handler 6 on default port 34157" daemon prio=5 tid=4010 timed_waiting
java.lang.Thread.State: TIMED_WAITING
        at sun.misc.Unsafe.park(Native Method)
        at java.util.concurrent.locks.LockSupport.parkNanos(LockSupport.java:215)
        at java.util.concurrent.locks.AbstractQueuedSynchronizer$ConditionObject.awaitNanos(AbstractQueuedSynchronizer.java:2078)
        at java.util.concurrent.LinkedBlockingQueue.poll(LinkedBlockingQueue.java:467)
        at org.apache.hadoop.ipc.CallQueueManager.take(CallQueueManager.java:317)
        at org.apache.hadoop.ipc.Server$Handler.run(Server.java:2942)
"org.apache.hadoop.ozone.container.common.statemachine.commandhandler.DeleteBlocksCommandHandler$DeleteCmdWorker@4afd64e8" daemon prio=5 tid=4114 timed_waiting
java.lang.Thread.State: TIMED_WAITING
        at java.lang.Thread.sleep(Native Method)
        at org.apache.hadoop.ozone.container.common.statemachine.commandhandler.DeleteBlocksCommandHandler$DeleteCmdWorker.run(DeleteBlocksCommandHandler.java:184)
        at java.lang.Thread.run(Thread.java:750)
"767ffbb5-8206-4017-b2eb-6858697bfab3@group-F6180B8797A3-LeaderStateImpl" daemon prio=5 tid=5619 timed_waiting
java.lang.Thread.State: TIMED_WAITING
        at sun.misc.Unsafe.park(Native Method)
        at java.util.concurrent.locks.LockSupport.parkNanos(LockSupport.java:215)
        at java.util.concurrent.locks.AbstractQueuedSynchronizer$ConditionObject.awaitNanos(AbstractQueuedSynchronizer.java:2078)
        at java.util.concurrent.ArrayBlockingQueue.poll(ArrayBlockingQueue.java:418)
        at org.apache.ratis.server.impl.LeaderStateImpl$EventQueue.poll(LeaderStateImpl.java:159)
        at org.apache.ratis.server.impl.LeaderStateImpl$EventProcessor.run(LeaderStateImpl.java:630)
"IPC Server Responder" daemon prio=5 tid=3223 runnable
java.lang.Thread.State: RUNNABLE
        at sun.nio.ch.EPollArrayWrapper.epollWait(Native Method)
        at sun.nio.ch.EPollArrayWrapper.poll(EPollArrayWrapper.java:269)
        at sun.nio.ch.EPollSelectorImpl.doSelect(EPollSelectorImpl.java:93)
        at sun.nio.ch.SelectorImpl.lockAndDoSelect(SelectorImpl.java:86)
        at sun.nio.ch.SelectorImpl.select(SelectorImpl.java:97)
        at org.apache.hadoop.ipc.Server$Responder.doRunLoop(Server.java:1532)
        at org.apache.hadoop.ipc.Server$Responder.run(Server.java:1515)
"b56e85ee-8e41-41ba-8236-410d8ae83499@group-CBE126E451E1-StateMachineUpdater" daemon prio=5 tid=5419 timed_waiting
java.lang.Thread.State: TIMED_WAITING
        at sun.misc.Unsafe.park(Native Method)
        at java.util.concurrent.locks.LockSupport.parkNanos(LockSupport.java:215)
        at java.util.concurrent.CompletableFuture$Signaller.block(CompletableFuture.java:1709)
        at java.util.concurrent.ForkJoinPool.managedBlock(ForkJoinPool.java:3323)
        at java.util.concurrent.CompletableFuture.timedGet(CompletableFuture.java:1788)
        at java.util.concurrent.CompletableFuture.get(CompletableFuture.java:1928)
        at org.apache.ratis.util.AwaitForSignal.await(AwaitForSignal.java:56)
        at org.apache.ratis.server.impl.StateMachineUpdater.waitForCommit(StateMachineUpdater.java:207)
        at org.apache.ratis.server.impl.StateMachineUpdater.run(StateMachineUpdater.java:176)
        at java.lang.Thread.run(Thread.java:750)
"qtp1324399707-5576" daemon prio=5 tid=5576 timed_waiting
java.lang.Thread.State: TIMED_WAITING
        at sun.misc.Unsafe.park(Native Method)
        at java.util.concurrent.locks.LockSupport.parkNanos(LockSupport.java:215)
        at java.util.concurrent.locks.AbstractQueuedSynchronizer$ConditionObject.awaitNanos(AbstractQueuedSynchronizer.java:2078)
        at org.eclipse.jetty.util.BlockingArrayQueue.poll(BlockingArrayQueue.java:382)
        at org.eclipse.jetty.util.thread.QueuedThreadPool$Runner.idleJobPoll(QueuedThreadPool.java:974)
        at org.eclipse.jetty.util.thread.QueuedThreadPool$Runner.run(QueuedThreadPool.java:1018)
        at java.lang.Thread.run(Thread.java:750)
"EventQueue-DatanodeCommandQueueUpdatedForDatanodeCommandCountUpdatedHandler" daemon prio=5 tid=5406 in Object.wait()
java.lang.Thread.State: WAITING (on object monitor)
        at sun.misc.Unsafe.park(Native Method)
        at java.util.concurrent.locks.LockSupport.park(LockSupport.java:175)
        at java.util.concurrent.locks.AbstractQueuedSynchronizer$ConditionObject.await(AbstractQueuedSynchronizer.java:2039)
        at java.util.concurrent.LinkedBlockingQueue.take(LinkedBlockingQueue.java:442)
        at java.util.concurrent.ThreadPoolExecutor.getTask(ThreadPoolExecutor.java:1074)
        at java.util.concurrent.ThreadPoolExecutor.runWorker(ThreadPoolExecutor.java:1134)
        at java.util.concurrent.ThreadPoolExecutor$Worker.run(ThreadPoolExecutor.java:624)
        at java.lang.Thread.run(Thread.java:750)
"Datanode State Machine Task Thread - 0"  prio=5 tid=5039 in Object.wait()
java.lang.Thread.State: WAITING (on object monitor)
        at sun.misc.Unsafe.park(Native Method)
        at java.util.concurrent.locks.LockSupport.park(LockSupport.java:175)
        at java.util.concurrent.locks.AbstractQueuedSynchronizer$ConditionObject.await(AbstractQueuedSynchronizer.java:2039)
        at java.util.concurrent.LinkedBlockingQueue.take(LinkedBlockingQueue.java:442)
        at java.util.concurrent.ThreadPoolExecutor.getTask(ThreadPoolExecutor.java:1074)
        at java.util.concurrent.ThreadPoolExecutor.runWorker(ThreadPoolExecutor.java:1134)
        at java.util.concurrent.ThreadPoolExecutor$Worker.run(ThreadPoolExecutor.java:624)
        at java.lang.Thread.run(Thread.java:750)
"pool-2424-thread-1"  prio=5 tid=5408 in Object.wait()
java.lang.Thread.State: WAITING (on object monitor)
        at sun.misc.Unsafe.park(Native Method)
        at java.util.concurrent.locks.LockSupport.park(LockSupport.java:175)
        at java.util.concurrent.locks.AbstractQueuedSynchronizer$ConditionObject.await(AbstractQueuedSynchronizer.java:2039)
        at java.util.concurrent.LinkedBlockingQueue.take(LinkedBlockingQueue.java:442)
        at java.util.concurrent.ThreadPoolExecutor.getTask(ThreadPoolExecutor.java:1074)
        at java.util.concurrent.ThreadPoolExecutor.runWorker(ThreadPoolExecutor.java:1134)
        at java.util.concurrent.ThreadPoolExecutor$Worker.run(ThreadPoolExecutor.java:624)
        at java.lang.Thread.run(Thread.java:750)
"JvmPauseMonitor42" daemon prio=5 tid=4296 timed_waiting
java.lang.Thread.State: TIMED_WAITING
        at java.lang.Thread.sleep(Native Method)
        at java.lang.Thread.sleep(Thread.java:342)
        at java.util.concurrent.TimeUnit.sleep(TimeUnit.java:386)
        at org.apache.ratis.util.TimeDuration.sleep(TimeDuration.java:325)
        at org.apache.ratis.util.TimeDuration.sleep(TimeDuration.java:310)
        at org.apache.ratis.util.JvmPauseMonitor.detectPause(JvmPauseMonitor.java:119)
        at org.apache.ratis.util.JvmPauseMonitor.run(JvmPauseMonitor.java:108)
        at org.apache.ratis.util.JvmPauseMonitor$$Lambda$740/1979406568.run(Unknown Source)
        at java.lang.Thread.run(Thread.java:750)
"DirectoryDeletingService#0" daemon prio=5 tid=3985 timed_waiting
java.lang.Thread.State: TIMED_WAITING
        at sun.misc.Unsafe.park(Native Method)
        at java.util.concurrent.locks.LockSupport.parkNanos(LockSupport.java:215)
        at java.util.concurrent.locks.AbstractQueuedSynchronizer$ConditionObject.awaitNanos(AbstractQueuedSynchronizer.java:2078)
        at java.util.concurrent.ScheduledThreadPoolExecutor$DelayedWorkQueue.take(ScheduledThreadPoolExecutor.java:1093)
        at java.util.concurrent.ScheduledThreadPoolExecutor$DelayedWorkQueue.take(ScheduledThreadPoolExecutor.java:809)
        at java.util.concurrent.ThreadPoolExecutor.getTask(ThreadPoolExecutor.java:1074)
        at java.util.concurrent.ThreadPoolExecutor.runWorker(ThreadPoolExecutor.java:1134)
        at java.util.concurrent.ThreadPoolExecutor$Worker.run(ThreadPoolExecutor.java:624)
        at java.lang.Thread.run(Thread.java:750)
"Datanode ReportManager Thread - 4" daemon prio=5 tid=5201 in Object.wait()
java.lang.Thread.State: WAITING (on object monitor)
        at sun.misc.Unsafe.park(Native Method)
        at java.util.concurrent.locks.LockSupport.park(LockSupport.java:175)
        at java.util.concurrent.locks.AbstractQueuedSynchronizer$ConditionObject.await(AbstractQueuedSynchronizer.java:2039)
        at java.util.concurrent.ScheduledThreadPoolExecutor$DelayedWorkQueue.take(ScheduledThreadPoolExecutor.java:1088)
        at java.util.concurrent.ScheduledThreadPoolExecutor$DelayedWorkQueue.take(ScheduledThreadPoolExecutor.java:809)
        at java.util.concurrent.ThreadPoolExecutor.getTask(ThreadPoolExecutor.java:1074)
        at java.util.concurrent.ThreadPoolExecutor.runWorker(ThreadPoolExecutor.java:1134)
        at java.util.concurrent.ThreadPoolExecutor$Worker.run(ThreadPoolExecutor.java:624)
        at java.lang.Thread.run(Thread.java:750)
"IPC Server handler 8 on default port 36439" daemon prio=5 tid=3792 timed_waiting
java.lang.Thread.State: TIMED_WAITING
        at sun.misc.Unsafe.park(Native Method)
        at java.util.concurrent.locks.LockSupport.parkNanos(LockSupport.java:215)
        at java.util.concurrent.locks.AbstractQueuedSynchronizer$ConditionObject.awaitNanos(AbstractQueuedSynchronizer.java:2078)
        at java.util.concurrent.LinkedBlockingQueue.poll(LinkedBlockingQueue.java:467)
        at org.apache.hadoop.ipc.CallQueueManager.take(CallQueueManager.java:317)
        at org.apache.hadoop.ipc.Server$Handler.run(Server.java:2942)
"2caa6dbd-0dfc-46f6-9048-e45aa22bedc3@group-62CE731D69B1-FollowerState" daemon prio=5 tid=4633 timed_waiting
java.lang.Thread.State: TIMED_WAITING
        at java.lang.Thread.sleep(Native Method)
        at java.lang.Thread.sleep(Thread.java:342)
        at java.util.concurrent.TimeUnit.sleep(TimeUnit.java:386)
        at org.apache.ratis.util.TimeDuration.sleep(TimeDuration.java:325)
        at org.apache.ratis.util.TimeDuration.sleep(TimeDuration.java:310)
        at org.apache.ratis.server.impl.FollowerState.run(FollowerState.java:128)
"ChunkReader-ELG-0" daemon prio=5 tid=3536 runnable
java.lang.Thread.State: RUNNABLE
        at org.apache.ratis.thirdparty.io.netty.channel.epoll.Native.epollWait(Native Method)
        at org.apache.ratis.thirdparty.io.netty.channel.epoll.Native.epollWait(Native.java:209)
        at org.apache.ratis.thirdparty.io.netty.channel.epoll.Native.epollWait(Native.java:202)
        at org.apache.ratis.thirdparty.io.netty.channel.epoll.EpollEventLoop.epollWaitNoTimerChange(EpollEventLoop.java:294)
        at org.apache.ratis.thirdparty.io.netty.channel.epoll.EpollEventLoop.run(EpollEventLoop.java:351)
        at org.apache.ratis.thirdparty.io.netty.util.concurrent.SingleThreadEventExecutor$4.run(SingleThreadEventExecutor.java:995)
        at org.apache.ratis.thirdparty.io.netty.util.internal.ThreadExecutorMap$2.run(ThreadExecutorMap.java:74)
        at java.lang.Thread.run(Thread.java:750)
"EventQueue-NodeRegistrationContainerReportForContainerSafeModeRule" daemon prio=5 tid=4407 in Object.wait()
java.lang.Thread.State: WAITING (on object monitor)
        at sun.misc.Unsafe.park(Native Method)
        at java.util.concurrent.locks.LockSupport.park(LockSupport.java:175)
        at java.util.concurrent.locks.AbstractQueuedSynchronizer$ConditionObject.await(AbstractQueuedSynchronizer.java:2039)
        at java.util.concurrent.LinkedBlockingQueue.take(LinkedBlockingQueue.java:442)
        at java.util.concurrent.ThreadPoolExecutor.getTask(ThreadPoolExecutor.java:1074)
        at java.util.concurrent.ThreadPoolExecutor.runWorker(ThreadPoolExecutor.java:1134)
        at java.util.concurrent.ThreadPoolExecutor$Worker.run(ThreadPoolExecutor.java:624)
        at java.lang.Thread.run(Thread.java:750)
"7bbf46ea-4d71-449c-a772-200386f308ce@group-F4C7C4DD09C1-SegmentedRaftLogWorker"  prio=5 tid=4519 timed_waiting
java.lang.Thread.State: TIMED_WAITING
        at sun.misc.Unsafe.park(Native Method)
        at java.util.concurrent.locks.LockSupport.parkNanos(LockSupport.java:215)
        at java.util.concurrent.locks.AbstractQueuedSynchronizer$ConditionObject.awaitNanos(AbstractQueuedSynchronizer.java:2078)
        at org.apache.ratis.util.DataBlockingQueue.poll(DataBlockingQueue.java:148)
        at org.apache.ratis.server.raftlog.segmented.SegmentedRaftLogWorker.run(SegmentedRaftLogWorker.java:310)
        at org.apache.ratis.server.raftlog.segmented.SegmentedRaftLogWorker$$Lambda$699/1369416112.run(Unknown Source)
        at java.lang.Thread.run(Thread.java:750)
"ChunkWriter-0-0" daemon prio=5 tid=5372 in Object.wait()
java.lang.Thread.State: WAITING (on object monitor)
        at sun.misc.Unsafe.park(Native Method)
        at java.util.concurrent.locks.LockSupport.park(LockSupport.java:175)
        at java.util.concurrent.locks.AbstractQueuedSynchronizer$ConditionObject.await(AbstractQueuedSynchronizer.java:2039)
        at java.util.concurrent.LinkedBlockingDeque.takeFirst(LinkedBlockingDeque.java:492)
        at java.util.concurrent.LinkedBlockingDeque.take(LinkedBlockingDeque.java:680)
        at java.util.concurrent.ThreadPoolExecutor.getTask(ThreadPoolExecutor.java:1074)
        at java.util.concurrent.ThreadPoolExecutor.runWorker(ThreadPoolExecutor.java:1134)
        at java.util.concurrent.ThreadPoolExecutor$Worker.run(ThreadPoolExecutor.java:624)
        at java.lang.Thread.run(Thread.java:750)
"05162e35-21c4-4960-8615-08a05e9f4f1b@group-7A1025609D74-SegmentedRaftLogWorker"  prio=5 tid=4456 timed_waiting
java.lang.Thread.State: TIMED_WAITING
        at sun.misc.Unsafe.park(Native Method)
        at java.util.concurrent.locks.LockSupport.parkNanos(LockSupport.java:215)
        at java.util.concurrent.locks.AbstractQueuedSynchronizer$ConditionObject.awaitNanos(AbstractQueuedSynchronizer.java:2078)
        at org.apache.ratis.util.DataBlockingQueue.poll(DataBlockingQueue.java:148)
        at org.apache.ratis.server.raftlog.segmented.SegmentedRaftLogWorker.run(SegmentedRaftLogWorker.java:310)
        at org.apache.ratis.server.raftlog.segmented.SegmentedRaftLogWorker$$Lambda$699/1369416112.run(Unknown Source)
        at java.lang.Thread.run(Thread.java:750)
"Session-HouseKeeper-3043368e-1"  prio=5 tid=4337 timed_waiting
java.lang.Thread.State: TIMED_WAITING
        at sun.misc.Unsafe.park(Native Method)
        at java.util.concurrent.locks.LockSupport.parkNanos(LockSupport.java:215)
        at java.util.concurrent.locks.AbstractQueuedSynchronizer$ConditionObject.awaitNanos(AbstractQueuedSynchronizer.java:2078)
        at java.util.concurrent.ScheduledThreadPoolExecutor$DelayedWorkQueue.take(ScheduledThreadPoolExecutor.java:1093)
        at java.util.concurrent.ScheduledThreadPoolExecutor$DelayedWorkQueue.take(ScheduledThreadPoolExecutor.java:809)
        at java.util.concurrent.ThreadPoolExecutor.getTask(ThreadPoolExecutor.java:1074)
        at java.util.concurrent.ThreadPoolExecutor.runWorker(ThreadPoolExecutor.java:1134)
        at java.util.concurrent.ThreadPoolExecutor$Worker.run(ThreadPoolExecutor.java:624)
        at java.lang.Thread.run(Thread.java:750)
"ChunkWriter-2-0" daemon prio=5 tid=3467 in Object.wait()
java.lang.Thread.State: WAITING (on object monitor)
        at sun.misc.Unsafe.park(Native Method)
        at java.util.concurrent.locks.LockSupport.park(LockSupport.java:175)
        at java.util.concurrent.locks.AbstractQueuedSynchronizer$ConditionObject.await(AbstractQueuedSynchronizer.java:2039)
        at java.util.concurrent.LinkedBlockingDeque.takeFirst(LinkedBlockingDeque.java:492)
        at java.util.concurrent.LinkedBlockingDeque.take(LinkedBlockingDeque.java:680)
        at java.util.concurrent.ThreadPoolExecutor.getTask(ThreadPoolExecutor.java:1074)
        at java.util.concurrent.ThreadPoolExecutor.runWorker(ThreadPoolExecutor.java:1134)
        at java.util.concurrent.ThreadPoolExecutor$Worker.run(ThreadPoolExecutor.java:624)
        at java.lang.Thread.run(Thread.java:750)
"IPC Server handler 10 on default port 45833" daemon prio=5 tid=3252 timed_waiting
java.lang.Thread.State: TIMED_WAITING
        at sun.misc.Unsafe.park(Native Method)
        at java.util.concurrent.locks.LockSupport.parkNanos(LockSupport.java:215)
        at java.util.concurrent.locks.AbstractQueuedSynchronizer$ConditionObject.awaitNanos(AbstractQueuedSynchronizer.java:2078)
        at java.util.concurrent.LinkedBlockingQueue.poll(LinkedBlockingQueue.java:467)
        at org.apache.hadoop.ipc.CallQueueManager.take(CallQueueManager.java:317)
        at org.apache.hadoop.ipc.Server$Handler.run(Server.java:2942)
"qtp1686202609-5079" daemon prio=5 tid=5079 timed_waiting
java.lang.Thread.State: TIMED_WAITING
        at sun.misc.Unsafe.park(Native Method)
        at java.util.concurrent.locks.LockSupport.parkNanos(LockSupport.java:215)
        at java.util.concurrent.locks.AbstractQueuedSynchronizer$ConditionObject.awaitNanos(AbstractQueuedSynchronizer.java:2078)
        at org.eclipse.jetty.util.BlockingArrayQueue.poll(BlockingArrayQueue.java:382)
        at org.eclipse.jetty.util.thread.QueuedThreadPool$Runner.idleJobPoll(QueuedThreadPool.java:974)
        at org.eclipse.jetty.util.thread.QueuedThreadPool$Runner.run(QueuedThreadPool.java:1018)
        at java.lang.Thread.run(Thread.java:750)
"Periodic HDDS volume checker" daemon prio=5 tid=5069 timed_waiting
java.lang.Thread.State: TIMED_WAITING
        at sun.misc.Unsafe.park(Native Method)
        at java.util.concurrent.locks.LockSupport.parkNanos(LockSupport.java:215)
        at java.util.concurrent.locks.AbstractQueuedSynchronizer$ConditionObject.awaitNanos(AbstractQueuedSynchronizer.java:2078)
        at java.util.concurrent.ScheduledThreadPoolExecutor$DelayedWorkQueue.take(ScheduledThreadPoolExecutor.java:1093)
        at java.util.concurrent.ScheduledThreadPoolExecutor$DelayedWorkQueue.take(ScheduledThreadPoolExecutor.java:809)
        at java.util.concurrent.ThreadPoolExecutor.getTask(ThreadPoolExecutor.java:1074)
        at java.util.concurrent.ThreadPoolExecutor.runWorker(ThreadPoolExecutor.java:1134)
        at java.util.concurrent.ThreadPoolExecutor$Worker.run(ThreadPoolExecutor.java:624)
        at java.lang.Thread.run(Thread.java:750)
"qtp1138839318-3272-acceptor-0@3d79b5d5-ServerConnector@565e903a{HTTP/1.1, (http/1.1)}{0.0.0.0:36237}" daemon prio=3 tid=3272 runnable
java.lang.Thread.State: RUNNABLE
        at sun.nio.ch.ServerSocketChannelImpl.accept0(Native Method)
        at sun.nio.ch.ServerSocketChannelImpl.accept(ServerSocketChannelImpl.java:421)
        at sun.nio.ch.ServerSocketChannelImpl.accept(ServerSocketChannelImpl.java:249)
        at org.eclipse.jetty.server.ServerConnector.accept(ServerConnector.java:388)
        at org.eclipse.jetty.server.AbstractConnector$Acceptor.run(AbstractConnector.java:704)
        at org.eclipse.jetty.util.thread.QueuedThreadPool.runJob(QueuedThreadPool.java:883)
        at org.eclipse.jetty.util.thread.QueuedThreadPool$Runner.run(QueuedThreadPool.java:1034)
        at java.lang.Thread.run(Thread.java:750)
"db052414-94b4-46f8-aca1-929beb3cfaa7-server-thread2" daemon prio=5 tid=5632 timed_waiting
java.lang.Thread.State: TIMED_WAITING
        at sun.misc.Unsafe.park(Native Method)
        at java.util.concurrent.locks.LockSupport.parkNanos(LockSupport.java:215)
        at java.util.concurrent.SynchronousQueue$TransferStack.awaitFulfill(SynchronousQueue.java:460)
        at java.util.concurrent.SynchronousQueue$TransferStack.transfer(SynchronousQueue.java:362)
        at java.util.concurrent.SynchronousQueue.poll(SynchronousQueue.java:941)
        at java.util.concurrent.ThreadPoolExecutor.getTask(ThreadPoolExecutor.java:1073)
        at java.util.concurrent.ThreadPoolExecutor.runWorker(ThreadPoolExecutor.java:1134)
        at java.util.concurrent.ThreadPoolExecutor$Worker.run(ThreadPoolExecutor.java:624)
        at java.lang.Thread.run(Thread.java:750)
"Datanode ReportManager Thread - 2" daemon prio=5 tid=4217 in Object.wait()
java.lang.Thread.State: WAITING (on object monitor)
        at sun.misc.Unsafe.park(Native Method)
        at java.util.concurrent.locks.LockSupport.park(LockSupport.java:175)
        at java.util.concurrent.locks.AbstractQueuedSynchronizer$ConditionObject.await(AbstractQueuedSynchronizer.java:2039)
        at java.util.concurrent.ScheduledThreadPoolExecutor$DelayedWorkQueue.take(ScheduledThreadPoolExecutor.java:1088)
        at java.util.concurrent.ScheduledThreadPoolExecutor$DelayedWorkQueue.take(ScheduledThreadPoolExecutor.java:809)
        at java.util.concurrent.ThreadPoolExecutor.getTask(ThreadPoolExecutor.java:1074)
        at java.util.concurrent.ThreadPoolExecutor.runWorker(ThreadPoolExecutor.java:1134)
        at java.util.concurrent.ThreadPoolExecutor$Worker.run(ThreadPoolExecutor.java:624)
        at java.lang.Thread.run(Thread.java:750)
"EndpointStateMachine task thread for /0.0.0.0:40433 - 0 "  prio=5 tid=5185 in Object.wait()
java.lang.Thread.State: WAITING (on object monitor)
        at sun.misc.Unsafe.park(Native Method)
        at java.util.concurrent.locks.LockSupport.park(LockSupport.java:175)
        at java.util.concurrent.locks.AbstractQueuedSynchronizer$ConditionObject.await(AbstractQueuedSynchronizer.java:2039)
        at java.util.concurrent.LinkedBlockingQueue.take(LinkedBlockingQueue.java:442)
        at java.util.concurrent.ThreadPoolExecutor.getTask(ThreadPoolExecutor.java:1074)
        at java.util.concurrent.ThreadPoolExecutor.runWorker(ThreadPoolExecutor.java:1134)
        at java.util.concurrent.ThreadPoolExecutor$Worker.run(ThreadPoolExecutor.java:624)
        at java.lang.Thread.run(Thread.java:750)
"pool-2136-thread-1"  prio=5 tid=4538 in Object.wait()
java.lang.Thread.State: WAITING (on object monitor)
        at sun.misc.Unsafe.park(Native Method)
        at java.util.concurrent.locks.LockSupport.park(LockSupport.java:175)
        at java.util.concurrent.locks.AbstractQueuedSynchronizer$ConditionObject.await(AbstractQueuedSynchronizer.java:2039)
        at java.util.concurrent.LinkedBlockingQueue.take(LinkedBlockingQueue.java:442)
        at java.util.concurrent.ThreadPoolExecutor.getTask(ThreadPoolExecutor.java:1074)
        at java.util.concurrent.ThreadPoolExecutor.runWorker(ThreadPoolExecutor.java:1134)
        at java.util.concurrent.ThreadPoolExecutor$Worker.run(ThreadPoolExecutor.java:624)
        at java.lang.Thread.run(Thread.java:750)
"Under Replicated Processor" daemon prio=5 tid=5480 timed_waiting
java.lang.Thread.State: TIMED_WAITING
        at java.lang.Object.wait(Native Method)
        at org.apache.hadoop.hdds.scm.container.replication.UnderReplicatedProcessor.run(UnderReplicatedProcessor.java:148)
        at java.lang.Thread.run(Thread.java:750)
"Datanode ReportManager Thread - 3" daemon prio=5 tid=5162 in Object.wait()
java.lang.Thread.State: WAITING (on object monitor)
        at sun.misc.Unsafe.park(Native Method)
        at java.util.concurrent.locks.LockSupport.park(LockSupport.java:175)
        at java.util.concurrent.locks.AbstractQueuedSynchronizer$ConditionObject.await(AbstractQueuedSynchronizer.java:2039)
        at java.util.concurrent.ScheduledThreadPoolExecutor$DelayedWorkQueue.take(ScheduledThreadPoolExecutor.java:1088)
        at java.util.concurrent.ScheduledThreadPoolExecutor$DelayedWorkQueue.take(ScheduledThreadPoolExecutor.java:809)
        at java.util.concurrent.ThreadPoolExecutor.getTask(ThreadPoolExecutor.java:1074)
        at java.util.concurrent.ThreadPoolExecutor.runWorker(ThreadPoolExecutor.java:1134)
        at java.util.concurrent.ThreadPoolExecutor$Worker.run(ThreadPoolExecutor.java:624)
        at java.lang.Thread.run(Thread.java:750)
"Command processor thread" daemon prio=5 tid=3286 timed_waiting
java.lang.Thread.State: TIMED_WAITING
        at java.lang.Thread.sleep(Native Method)
        at org.apache.hadoop.ozone.container.common.statemachine.DatanodeStateMachine.lambda$initCommandHandlerThread$3(DatanodeStateMachine.java:641)
        at org.apache.hadoop.ozone.container.common.statemachine.DatanodeStateMachine$$Lambda$787/339964609.run(Unknown Source)
        at java.lang.Thread.run(Thread.java:750)
"ChunkWriter-3-0" daemon prio=5 tid=5357 in Object.wait()
java.lang.Thread.State: WAITING (on object monitor)
        at sun.misc.Unsafe.park(Native Method)
        at java.util.concurrent.locks.LockSupport.park(LockSupport.java:175)
        at java.util.concurrent.locks.AbstractQueuedSynchronizer$ConditionObject.await(AbstractQueuedSynchronizer.java:2039)
        at java.util.concurrent.LinkedBlockingDeque.takeFirst(LinkedBlockingDeque.java:492)
        at java.util.concurrent.LinkedBlockingDeque.take(LinkedBlockingDeque.java:680)
        at java.util.concurrent.ThreadPoolExecutor.getTask(ThreadPoolExecutor.java:1074)
        at java.util.concurrent.ThreadPoolExecutor.runWorker(ThreadPoolExecutor.java:1134)
        at java.util.concurrent.ThreadPoolExecutor$Worker.run(ThreadPoolExecutor.java:624)
        at java.lang.Thread.run(Thread.java:750)
"EndpointStateMachine task thread for /0.0.0.0:40433 - 0 "  prio=5 tid=5218 in Object.wait()
java.lang.Thread.State: WAITING (on object monitor)
        at sun.misc.Unsafe.park(Native Method)
        at java.util.concurrent.locks.LockSupport.park(LockSupport.java:175)
        at java.util.concurrent.locks.AbstractQueuedSynchronizer$ConditionObject.await(AbstractQueuedSynchronizer.java:2039)
        at java.util.concurrent.LinkedBlockingQueue.take(LinkedBlockingQueue.java:442)
        at java.util.concurrent.ThreadPoolExecutor.getTask(ThreadPoolExecutor.java:1074)
        at java.util.concurrent.ThreadPoolExecutor.runWorker(ThreadPoolExecutor.java:1134)
        at java.util.concurrent.ThreadPoolExecutor$Worker.run(ThreadPoolExecutor.java:624)
        at java.lang.Thread.run(Thread.java:750)
"ContainerOp-d03e4836-7d8d-4de7-87bd-2d1f402832ad-8"  prio=5 tid=4872 in Object.wait()
java.lang.Thread.State: WAITING (on object monitor)
        at sun.misc.Unsafe.park(Native Method)
        at java.util.concurrent.locks.LockSupport.park(LockSupport.java:175)
        at java.util.concurrent.locks.AbstractQueuedSynchronizer$ConditionObject.await(AbstractQueuedSynchronizer.java:2039)
        at java.util.concurrent.LinkedBlockingQueue.take(LinkedBlockingQueue.java:442)
        at java.util.concurrent.ThreadPoolExecutor.getTask(ThreadPoolExecutor.java:1074)
        at java.util.concurrent.ThreadPoolExecutor.runWorker(ThreadPoolExecutor.java:1134)
        at java.util.concurrent.ThreadPoolExecutor$Worker.run(ThreadPoolExecutor.java:624)
        at java.lang.Thread.run(Thread.java:750)
"org.apache.hadoop.ozone.container.common.statemachine.commandhandler.DeleteBlocksCommandHandler$DeleteCmdWorker@dbbfe12" daemon prio=5 tid=3295 timed_waiting
java.lang.Thread.State: TIMED_WAITING
        at java.lang.Thread.sleep(Native Method)
        at org.apache.hadoop.ozone.container.common.statemachine.commandhandler.DeleteBlocksCommandHandler$DeleteCmdWorker.run(DeleteBlocksCommandHandler.java:184)
        at java.lang.Thread.run(Thread.java:750)
"EventQueue-NodeReportForNodeReportHandler" daemon prio=5 tid=5615 in Object.wait()
java.lang.Thread.State: WAITING (on object monitor)
        at sun.misc.Unsafe.park(Native Method)
        at java.util.concurrent.locks.LockSupport.park(LockSupport.java:175)
        at java.util.concurrent.locks.AbstractQueuedSynchronizer$ConditionObject.await(AbstractQueuedSynchronizer.java:2039)
        at java.util.concurrent.LinkedBlockingQueue.take(LinkedBlockingQueue.java:442)
        at java.util.concurrent.ThreadPoolExecutor.getTask(ThreadPoolExecutor.java:1074)
        at java.util.concurrent.ThreadPoolExecutor.runWorker(ThreadPoolExecutor.java:1134)
        at java.util.concurrent.ThreadPoolExecutor$Worker.run(ThreadPoolExecutor.java:624)
        at java.lang.Thread.run(Thread.java:750)
"Datanode ReportManager Thread - 0" daemon prio=5 tid=5006 in Object.wait()
java.lang.Thread.State: WAITING (on object monitor)
        at sun.misc.Unsafe.park(Native Method)
        at java.util.concurrent.locks.LockSupport.park(LockSupport.java:175)
        at java.util.concurrent.locks.AbstractQueuedSynchronizer$ConditionObject.await(AbstractQueuedSynchronizer.java:2039)
        at java.util.concurrent.ScheduledThreadPoolExecutor$DelayedWorkQueue.take(ScheduledThreadPoolExecutor.java:1088)
        at java.util.concurrent.ScheduledThreadPoolExecutor$DelayedWorkQueue.take(ScheduledThreadPoolExecutor.java:809)
        at java.util.concurrent.ThreadPoolExecutor.getTask(ThreadPoolExecutor.java:1074)
        at java.util.concurrent.ThreadPoolExecutor.runWorker(ThreadPoolExecutor.java:1134)
        at java.util.concurrent.ThreadPoolExecutor$Worker.run(ThreadPoolExecutor.java:624)
        at java.lang.Thread.run(Thread.java:750)
"5dd764d2-4196-4eea-b07c-aeebc5ccca01@group-3540D49EE6A3-SegmentedRaftLogWorker"  prio=5 tid=5434 timed_waiting
java.lang.Thread.State: TIMED_WAITING
        at sun.misc.Unsafe.park(Native Method)
        at java.util.concurrent.locks.LockSupport.parkNanos(LockSupport.java:215)
        at java.util.concurrent.locks.AbstractQueuedSynchronizer$ConditionObject.awaitNanos(AbstractQueuedSynchronizer.java:2078)
        at org.apache.ratis.util.DataBlockingQueue.poll(DataBlockingQueue.java:148)
        at org.apache.ratis.server.raftlog.segmented.SegmentedRaftLogWorker.run(SegmentedRaftLogWorker.java:310)
        at org.apache.ratis.server.raftlog.segmented.SegmentedRaftLogWorker$$Lambda$699/1369416112.run(Unknown Source)
        at java.lang.Thread.run(Thread.java:750)
"pool-2479-thread-1"  prio=5 tid=5049 timed_waiting
java.lang.Thread.State: TIMED_WAITING
        at sun.misc.Unsafe.park(Native Method)
        at java.util.concurrent.locks.LockSupport.parkNanos(LockSupport.java:215)
        at java.util.concurrent.locks.AbstractQueuedSynchronizer$ConditionObject.awaitNanos(AbstractQueuedSynchronizer.java:2078)
        at java.util.concurrent.ScheduledThreadPoolExecutor$DelayedWorkQueue.take(ScheduledThreadPoolExecutor.java:1093)
        at java.util.concurrent.ScheduledThreadPoolExecutor$DelayedWorkQueue.take(ScheduledThreadPoolExecutor.java:809)
        at java.util.concurrent.ThreadPoolExecutor.getTask(ThreadPoolExecutor.java:1074)
        at java.util.concurrent.ThreadPoolExecutor.runWorker(ThreadPoolExecutor.java:1134)
        at java.util.concurrent.ThreadPoolExecutor$Worker.run(ThreadPoolExecutor.java:624)
        at java.lang.Thread.run(Thread.java:750)
"IPC Server handler 18 on default port 34157" daemon prio=5 tid=4029 timed_waiting
java.lang.Thread.State: TIMED_WAITING
        at sun.misc.Unsafe.park(Native Method)
        at java.util.concurrent.locks.LockSupport.parkNanos(LockSupport.java:215)
        at java.util.concurrent.locks.AbstractQueuedSynchronizer$ConditionObject.awaitNanos(AbstractQueuedSynchronizer.java:2078)
        at java.util.concurrent.LinkedBlockingQueue.poll(LinkedBlockingQueue.java:467)
        at org.apache.hadoop.ipc.CallQueueManager.take(CallQueueManager.java:317)
        at org.apache.hadoop.ipc.Server$Handler.run(Server.java:2942)
"ChunkWriter-0-0" daemon prio=5 tid=5207 in Object.wait()
java.lang.Thread.State: WAITING (on object monitor)
        at sun.misc.Unsafe.park(Native Method)
        at java.util.concurrent.locks.LockSupport.park(LockSupport.java:175)
        at java.util.concurrent.locks.AbstractQueuedSynchronizer$ConditionObject.await(AbstractQueuedSynchronizer.java:2039)
        at java.util.concurrent.LinkedBlockingDeque.takeFirst(LinkedBlockingDeque.java:492)
        at java.util.concurrent.LinkedBlockingDeque.take(LinkedBlockingDeque.java:680)
        at java.util.concurrent.ThreadPoolExecutor.getTask(ThreadPoolExecutor.java:1074)
        at java.util.concurrent.ThreadPoolExecutor.runWorker(ThreadPoolExecutor.java:1134)
        at java.util.concurrent.ThreadPoolExecutor$Worker.run(ThreadPoolExecutor.java:624)
        at java.lang.Thread.run(Thread.java:750)
"qtp838819951-4954" daemon prio=5 tid=4954 timed_waiting
java.lang.Thread.State: TIMED_WAITING
        at sun.misc.Unsafe.park(Native Method)
        at java.util.concurrent.locks.LockSupport.parkNanos(LockSupport.java:215)
        at java.util.concurrent.locks.AbstractQueuedSynchronizer$ConditionObject.awaitNanos(AbstractQueuedSynchronizer.java:2078)
        at org.eclipse.jetty.util.BlockingArrayQueue.poll(BlockingArrayQueue.java:382)
        at org.eclipse.jetty.util.thread.QueuedThreadPool$Runner.idleJobPoll(QueuedThreadPool.java:974)
        at org.eclipse.jetty.util.thread.QueuedThreadPool$Runner.run(QueuedThreadPool.java:1018)
        at java.lang.Thread.run(Thread.java:750)
"StaleRecoveringContainerScrubbingService#2" daemon prio=5 tid=4931 in Object.wait()
java.lang.Thread.State: WAITING (on object monitor)
        at sun.misc.Unsafe.park(Native Method)
        at java.util.concurrent.locks.LockSupport.park(LockSupport.java:175)
        at java.util.concurrent.locks.AbstractQueuedSynchronizer$ConditionObject.await(AbstractQueuedSynchronizer.java:2039)
        at java.util.concurrent.ScheduledThreadPoolExecutor$DelayedWorkQueue.take(ScheduledThreadPoolExecutor.java:1088)
        at java.util.concurrent.ScheduledThreadPoolExecutor$DelayedWorkQueue.take(ScheduledThreadPoolExecutor.java:809)
        at java.util.concurrent.ThreadPoolExecutor.getTask(ThreadPoolExecutor.java:1074)
        at java.util.concurrent.ThreadPoolExecutor.runWorker(ThreadPoolExecutor.java:1134)
        at java.util.concurrent.ThreadPoolExecutor$Worker.run(ThreadPoolExecutor.java:624)
        at java.lang.Thread.run(Thread.java:750)
"Datanode ReportManager Thread - 1" daemon prio=5 tid=4083 in Object.wait()
java.lang.Thread.State: WAITING (on object monitor)
        at sun.misc.Unsafe.park(Native Method)
        at java.util.concurrent.locks.LockSupport.park(LockSupport.java:175)
        at java.util.concurrent.locks.AbstractQueuedSynchronizer$ConditionObject.await(AbstractQueuedSynchronizer.java:2039)
        at java.util.concurrent.ScheduledThreadPoolExecutor$DelayedWorkQueue.take(ScheduledThreadPoolExecutor.java:1088)
        at java.util.concurrent.ScheduledThreadPoolExecutor$DelayedWorkQueue.take(ScheduledThreadPoolExecutor.java:809)
        at java.util.concurrent.ThreadPoolExecutor.getTask(ThreadPoolExecutor.java:1074)
        at java.util.concurrent.ThreadPoolExecutor.runWorker(ThreadPoolExecutor.java:1134)
        at java.util.concurrent.ThreadPoolExecutor$Worker.run(ThreadPoolExecutor.java:624)
        at java.lang.Thread.run(Thread.java:750)
"BlockDeletingService#1" daemon prio=5 tid=3558 timed_waiting
java.lang.Thread.State: TIMED_WAITING
        at sun.misc.Unsafe.park(Native Method)
        at java.util.concurrent.locks.LockSupport.parkNanos(LockSupport.java:215)
        at java.util.concurrent.locks.AbstractQueuedSynchronizer$ConditionObject.awaitNanos(AbstractQueuedSynchronizer.java:2078)
        at java.util.concurrent.ScheduledThreadPoolExecutor$DelayedWorkQueue.take(ScheduledThreadPoolExecutor.java:1093)
        at java.util.concurrent.ScheduledThreadPoolExecutor$DelayedWorkQueue.take(ScheduledThreadPoolExecutor.java:809)
        at java.util.concurrent.ThreadPoolExecutor.getTask(ThreadPoolExecutor.java:1074)
        at java.util.concurrent.ThreadPoolExecutor.runWorker(ThreadPoolExecutor.java:1134)
        at java.util.concurrent.ThreadPoolExecutor$Worker.run(ThreadPoolExecutor.java:624)
        at java.lang.Thread.run(Thread.java:750)
"IPC Server handler 14 on default port 45267" daemon prio=5 tid=5522 timed_waiting
java.lang.Thread.State: TIMED_WAITING
        at sun.misc.Unsafe.park(Native Method)
        at java.util.concurrent.locks.LockSupport.parkNanos(LockSupport.java:215)
        at java.util.concurrent.locks.AbstractQueuedSynchronizer$ConditionObject.awaitNanos(AbstractQueuedSynchronizer.java:2078)
        at java.util.concurrent.LinkedBlockingQueue.poll(LinkedBlockingQueue.java:467)
        at org.apache.hadoop.ipc.CallQueueManager.take(CallQueueManager.java:317)
        at org.apache.hadoop.ipc.Server$Handler.run(Server.java:2942)
"IPC Server handler 1 on default port 45267" daemon prio=5 tid=5509 timed_waiting
java.lang.Thread.State: TIMED_WAITING
        at sun.misc.Unsafe.park(Native Method)
        at java.util.concurrent.locks.LockSupport.parkNanos(LockSupport.java:215)
        at java.util.concurrent.locks.AbstractQueuedSynchronizer$ConditionObject.awaitNanos(AbstractQueuedSynchronizer.java:2078)
        at java.util.concurrent.LinkedBlockingQueue.poll(LinkedBlockingQueue.java:467)
        at org.apache.hadoop.ipc.CallQueueManager.take(CallQueueManager.java:317)
        at org.apache.hadoop.ipc.Server$Handler.run(Server.java:2942)
"5dd764d2-4196-4eea-b07c-aeebc5ccca01@group-3540D49EE6A3-StateMachineUpdater" daemon prio=5 tid=5436 timed_waiting
java.lang.Thread.State: TIMED_WAITING
        at sun.misc.Unsafe.park(Native Method)
        at java.util.concurrent.locks.LockSupport.parkNanos(LockSupport.java:215)
        at java.util.concurrent.CompletableFuture$Signaller.block(CompletableFuture.java:1709)
        at java.util.concurrent.ForkJoinPool.managedBlock(ForkJoinPool.java:3323)
        at java.util.concurrent.CompletableFuture.timedGet(CompletableFuture.java:1788)
        at java.util.concurrent.CompletableFuture.get(CompletableFuture.java:1928)
        at org.apache.ratis.util.AwaitForSignal.await(AwaitForSignal.java:56)
        at org.apache.ratis.server.impl.StateMachineUpdater.waitForCommit(StateMachineUpdater.java:207)
        at org.apache.ratis.server.impl.StateMachineUpdater.run(StateMachineUpdater.java:176)
        at java.lang.Thread.run(Thread.java:750)
"Datanode ReportManager Thread - 4" daemon prio=5 tid=3285 in Object.wait()
java.lang.Thread.State: WAITING (on object monitor)
        at sun.misc.Unsafe.park(Native Method)
        at java.util.concurrent.locks.LockSupport.parkNanos(LockSupport.java:215)
        at java.util.concurrent.locks.AbstractQueuedSynchronizer$ConditionObject.awaitNanos(AbstractQueuedSynchronizer.java:2078)
        at java.util.concurrent.ScheduledThreadPoolExecutor$DelayedWorkQueue.take(ScheduledThreadPoolExecutor.java:1093)
        at java.util.concurrent.ScheduledThreadPoolExecutor$DelayedWorkQueue.take(ScheduledThreadPoolExecutor.java:809)
        at java.util.concurrent.ThreadPoolExecutor.getTask(ThreadPoolExecutor.java:1074)
        at java.util.concurrent.ThreadPoolExecutor.runWorker(ThreadPoolExecutor.java:1134)
        at java.util.concurrent.ThreadPoolExecutor$Worker.run(ThreadPoolExecutor.java:624)
        at java.lang.Thread.run(Thread.java:750)
"BlockDeletingService#2" daemon prio=5 tid=4934 in Object.wait()
java.lang.Thread.State: WAITING (on object monitor)
        at sun.misc.Unsafe.park(Native Method)
        at java.util.concurrent.locks.LockSupport.park(LockSupport.java:175)
        at java.util.concurrent.locks.AbstractQueuedSynchronizer$ConditionObject.await(AbstractQueuedSynchronizer.java:2039)
        at java.util.concurrent.ScheduledThreadPoolExecutor$DelayedWorkQueue.take(ScheduledThreadPoolExecutor.java:1088)
        at java.util.concurrent.ScheduledThreadPoolExecutor$DelayedWorkQueue.take(ScheduledThreadPoolExecutor.java:809)
        at java.util.concurrent.ThreadPoolExecutor.getTask(ThreadPoolExecutor.java:1074)
        at java.util.concurrent.ThreadPoolExecutor.runWorker(ThreadPoolExecutor.java:1134)
        at java.util.concurrent.ThreadPoolExecutor$Worker.run(ThreadPoolExecutor.java:624)
        at java.lang.Thread.run(Thread.java:750)
"FullTableCache Cleanup Thread - 0" daemon prio=5 tid=3709 in Object.wait()
java.lang.Thread.State: WAITING (on object monitor)
        at sun.misc.Unsafe.park(Native Method)
        at java.util.concurrent.locks.LockSupport.park(LockSupport.java:175)
        at java.util.concurrent.locks.AbstractQueuedSynchronizer$ConditionObject.await(AbstractQueuedSynchronizer.java:2039)
        at java.util.concurrent.LinkedBlockingQueue.take(LinkedBlockingQueue.java:442)
        at java.util.concurrent.ThreadPoolExecutor.getTask(ThreadPoolExecutor.java:1074)
        at java.util.concurrent.ThreadPoolExecutor.runWorker(ThreadPoolExecutor.java:1134)
        at java.util.concurrent.ThreadPoolExecutor$Worker.run(ThreadPoolExecutor.java:624)
        at java.lang.Thread.run(Thread.java:750)
"StaleRecoveringContainerScrubbingService#1" daemon prio=5 tid=3540 timed_waiting
java.lang.Thread.State: TIMED_WAITING
        at sun.misc.Unsafe.park(Native Method)
        at java.util.concurrent.locks.LockSupport.parkNanos(LockSupport.java:215)
        at java.util.concurrent.locks.AbstractQueuedSynchronizer$ConditionObject.awaitNanos(AbstractQueuedSynchronizer.java:2078)
        at java.util.concurrent.ScheduledThreadPoolExecutor$DelayedWorkQueue.take(ScheduledThreadPoolExecutor.java:1093)
        at java.util.concurrent.ScheduledThreadPoolExecutor$DelayedWorkQueue.take(ScheduledThreadPoolExecutor.java:809)
        at java.util.concurrent.ThreadPoolExecutor.getTask(ThreadPoolExecutor.java:1074)
        at java.util.concurrent.ThreadPoolExecutor.runWorker(ThreadPoolExecutor.java:1134)
        at java.util.concurrent.ThreadPoolExecutor$Worker.run(ThreadPoolExecutor.java:624)
        at java.lang.Thread.run(Thread.java:750)
"StaleRecoveringContainerScrubbingService#0" daemon prio=5 tid=3496 in Object.wait()
java.lang.Thread.State: WAITING (on object monitor)
        at sun.misc.Unsafe.park(Native Method)
        at java.util.concurrent.locks.LockSupport.park(LockSupport.java:175)
        at java.util.concurrent.locks.AbstractQueuedSynchronizer$ConditionObject.await(AbstractQueuedSynchronizer.java:2039)
        at java.util.concurrent.ScheduledThreadPoolExecutor$DelayedWorkQueue.take(ScheduledThreadPoolExecutor.java:1088)
        at java.util.concurrent.ScheduledThreadPoolExecutor$DelayedWorkQueue.take(ScheduledThreadPoolExecutor.java:809)
        at java.util.concurrent.ThreadPoolExecutor.getTask(ThreadPoolExecutor.java:1074)
        at java.util.concurrent.ThreadPoolExecutor.runWorker(ThreadPoolExecutor.java:1134)
        at java.util.concurrent.ThreadPoolExecutor$Worker.run(ThreadPoolExecutor.java:624)
        at java.lang.Thread.run(Thread.java:750)
"IPC Server handler 11 on default port 36157" daemon prio=5 tid=5559 timed_waiting
java.lang.Thread.State: TIMED_WAITING
        at sun.misc.Unsafe.park(Native Method)
        at java.util.concurrent.locks.LockSupport.parkNanos(LockSupport.java:215)
        at java.util.concurrent.locks.AbstractQueuedSynchronizer$ConditionObject.awaitNanos(AbstractQueuedSynchronizer.java:2078)
        at java.util.concurrent.LinkedBlockingQueue.poll(LinkedBlockingQueue.java:467)
        at org.apache.hadoop.ipc.CallQueueManager.take(CallQueueManager.java:317)
        at org.apache.hadoop.ipc.Server$Handler.run(Server.java:2942)
"Datanode State Machine Task Thread - 0"  prio=5 tid=3423 in Object.wait()
java.lang.Thread.State: WAITING (on object monitor)
        at sun.misc.Unsafe.park(Native Method)
        at java.util.concurrent.locks.LockSupport.park(LockSupport.java:175)
        at java.util.concurrent.locks.AbstractQueuedSynchronizer$ConditionObject.await(AbstractQueuedSynchronizer.java:2039)
        at java.util.concurrent.LinkedBlockingQueue.take(LinkedBlockingQueue.java:442)
        at java.util.concurrent.ThreadPoolExecutor.getTask(ThreadPoolExecutor.java:1074)
        at java.util.concurrent.ThreadPoolExecutor.runWorker(ThreadPoolExecutor.java:1134)
        at java.util.concurrent.ThreadPoolExecutor$Worker.run(ThreadPoolExecutor.java:624)
        at java.lang.Thread.run(Thread.java:750)
"7bbf46ea-4d71-449c-a772-200386f308ce@group-62CE731D69B1-StateMachineUpdater" daemon prio=5 tid=4502 timed_waiting
java.lang.Thread.State: TIMED_WAITING
        at sun.misc.Unsafe.park(Native Method)
        at java.util.concurrent.locks.LockSupport.parkNanos(LockSupport.java:215)
        at java.util.concurrent.CompletableFuture$Signaller.block(CompletableFuture.java:1709)
        at java.util.concurrent.ForkJoinPool.managedBlock(ForkJoinPool.java:3323)
        at java.util.concurrent.CompletableFuture.timedGet(CompletableFuture.java:1788)
        at java.util.concurrent.CompletableFuture.get(CompletableFuture.java:1928)
        at org.apache.ratis.util.AwaitForSignal.await(AwaitForSignal.java:56)
        at org.apache.ratis.server.impl.StateMachineUpdater.waitForCommit(StateMachineUpdater.java:207)
        at org.apache.ratis.server.impl.StateMachineUpdater.run(StateMachineUpdater.java:176)
        at java.lang.Thread.run(Thread.java:750)
"EndpointStateMachine task thread for /0.0.0.0:40433 - 0 "  prio=5 tid=5308 in Object.wait()
java.lang.Thread.State: WAITING (on object monitor)
        at sun.misc.Unsafe.park(Native Method)
        at java.util.concurrent.locks.LockSupport.park(LockSupport.java:175)
        at java.util.concurrent.locks.AbstractQueuedSynchronizer$ConditionObject.await(AbstractQueuedSynchronizer.java:2039)
        at java.util.concurrent.LinkedBlockingQueue.take(LinkedBlockingQueue.java:442)
        at java.util.concurrent.ThreadPoolExecutor.getTask(ThreadPoolExecutor.java:1074)
        at java.util.concurrent.ThreadPoolExecutor.runWorker(ThreadPoolExecutor.java:1134)
        at java.util.concurrent.ThreadPoolExecutor$Worker.run(ThreadPoolExecutor.java:624)
        at java.lang.Thread.run(Thread.java:750)
"IPC Server handler 7 on default port 35159" daemon prio=5 tid=4777 timed_waiting
java.lang.Thread.State: TIMED_WAITING
        at sun.misc.Unsafe.park(Native Method)
        at java.util.concurrent.locks.LockSupport.parkNanos(LockSupport.java:215)
        at java.util.concurrent.locks.AbstractQueuedSynchronizer$ConditionObject.awaitNanos(AbstractQueuedSynchronizer.java:2078)
        at java.util.concurrent.LinkedBlockingQueue.poll(LinkedBlockingQueue.java:467)
        at org.apache.hadoop.ipc.CallQueueManager.take(CallQueueManager.java:317)
        at org.apache.hadoop.ipc.Server$Handler.run(Server.java:2942)
"62944fc1-681b-46bd-93f7-2482762a7b31-server-thread1" daemon prio=5 tid=5459 timed_waiting
java.lang.Thread.State: TIMED_WAITING
        at sun.misc.Unsafe.park(Native Method)
        at java.util.concurrent.locks.LockSupport.parkNanos(LockSupport.java:215)
        at java.util.concurrent.SynchronousQueue$TransferStack.awaitFulfill(SynchronousQueue.java:460)
        at java.util.concurrent.SynchronousQueue$TransferStack.transfer(SynchronousQueue.java:362)
        at java.util.concurrent.SynchronousQueue.poll(SynchronousQueue.java:941)
        at java.util.concurrent.ThreadPoolExecutor.getTask(ThreadPoolExecutor.java:1073)
        at java.util.concurrent.ThreadPoolExecutor.runWorker(ThreadPoolExecutor.java:1134)
        at java.util.concurrent.ThreadPoolExecutor$Worker.run(ThreadPoolExecutor.java:624)
        at java.lang.Thread.run(Thread.java:750)
"pool-1687-thread-1"  prio=5 tid=3629 in Object.wait()
java.lang.Thread.State: WAITING (on object monitor)
        at sun.misc.Unsafe.park(Native Method)
        at java.util.concurrent.locks.LockSupport.park(LockSupport.java:175)
        at java.util.concurrent.locks.AbstractQueuedSynchronizer$ConditionObject.await(AbstractQueuedSynchronizer.java:2039)
        at java.util.concurrent.LinkedBlockingQueue.take(LinkedBlockingQueue.java:442)
        at java.util.concurrent.ThreadPoolExecutor.getTask(ThreadPoolExecutor.java:1074)
        at java.util.concurrent.ThreadPoolExecutor.runWorker(ThreadPoolExecutor.java:1134)
        at java.util.concurrent.ThreadPoolExecutor$Worker.run(ThreadPoolExecutor.java:624)
        at java.lang.Thread.run(Thread.java:750)
"grpc-default-worker-ELG-3-1" daemon prio=5 tid=465 runnable
java.lang.Thread.State: RUNNABLE
        at org.apache.ratis.thirdparty.io.netty.channel.epoll.Native.epollWait0(Native Method)
        at org.apache.ratis.thirdparty.io.netty.channel.epoll.Native.epollWait(Native.java:182)
        at org.apache.ratis.thirdparty.io.netty.channel.epoll.EpollEventLoop.epollWait(EpollEventLoop.java:290)
        at org.apache.ratis.thirdparty.io.netty.channel.epoll.EpollEventLoop.run(EpollEventLoop.java:354)
        at org.apache.ratis.thirdparty.io.netty.util.concurrent.SingleThreadEventExecutor$4.run(SingleThreadEventExecutor.java:995)
        at org.apache.ratis.thirdparty.io.netty.util.internal.ThreadExecutorMap$2.run(ThreadExecutorMap.java:74)
        at org.apache.ratis.thirdparty.io.netty.util.concurrent.FastThreadLocalRunnable.run(FastThreadLocalRunnable.java:30)
        at java.lang.Thread.run(Thread.java:750)
"FixedThreadPoolWithAffinityExecutor-4-0" daemon prio=5 tid=5499 timed_waiting
java.lang.Thread.State: TIMED_WAITING
        at sun.misc.Unsafe.park(Native Method)
        at java.util.concurrent.locks.LockSupport.parkNanos(LockSupport.java:215)
        at java.util.concurrent.locks.AbstractQueuedSynchronizer$ConditionObject.awaitNanos(AbstractQueuedSynchronizer.java:2078)
        at java.util.concurrent.LinkedBlockingQueue.poll(LinkedBlockingQueue.java:467)
        at org.apache.hadoop.hdds.scm.server.ContainerReportQueue.poll(ContainerReportQueue.java:266)
        at org.apache.hadoop.hdds.scm.server.ContainerReportQueue.poll(ContainerReportQueue.java:42)
        at org.apache.hadoop.hdds.server.events.FixedThreadPoolWithAffinityExecutor$ContainerReportProcessTask.run(FixedThreadPoolWithAffinityExecutor.java:248)
        at java.util.concurrent.Executors$RunnableAdapter.call(Executors.java:511)
        at java.util.concurrent.FutureTask.run(FutureTask.java:266)
        at java.util.concurrent.ThreadPoolExecutor.runWorker(ThreadPoolExecutor.java:1149)
        at java.util.concurrent.ThreadPoolExecutor$Worker.run(ThreadPoolExecutor.java:624)
        at java.lang.Thread.run(Thread.java:750)
"null-request--thread1" daemon prio=5 tid=4721 timed_waiting
java.lang.Thread.State: TIMED_WAITING
        at sun.misc.Unsafe.park(Native Method)
        at java.util.concurrent.locks.LockSupport.parkNanos(LockSupport.java:215)
        at java.util.concurrent.locks.AbstractQueuedSynchronizer$ConditionObject.awaitNanos(AbstractQueuedSynchronizer.java:2078)
        at java.util.concurrent.LinkedBlockingQueue.poll(LinkedBlockingQueue.java:467)
        at java.util.concurrent.ThreadPoolExecutor.getTask(ThreadPoolExecutor.java:1073)
        at java.util.concurrent.ThreadPoolExecutor.runWorker(ThreadPoolExecutor.java:1134)
        at java.util.concurrent.ThreadPoolExecutor$Worker.run(ThreadPoolExecutor.java:624)
        at java.lang.Thread.run(Thread.java:750)
"BlockDeletingService#1" daemon prio=5 tid=5367 in Object.wait()
java.lang.Thread.State: WAITING (on object monitor)
        at sun.misc.Unsafe.park(Native Method)
        at java.util.concurrent.locks.LockSupport.park(LockSupport.java:175)
        at java.util.concurrent.locks.AbstractQueuedSynchronizer$ConditionObject.await(AbstractQueuedSynchronizer.java:2039)
        at java.util.concurrent.ScheduledThreadPoolExecutor$DelayedWorkQueue.take(ScheduledThreadPoolExecutor.java:1088)
        at java.util.concurrent.ScheduledThreadPoolExecutor$DelayedWorkQueue.take(ScheduledThreadPoolExecutor.java:809)
        at java.util.concurrent.ThreadPoolExecutor.getTask(ThreadPoolExecutor.java:1074)
        at java.util.concurrent.ThreadPoolExecutor.runWorker(ThreadPoolExecutor.java:1134)
        at java.util.concurrent.ThreadPoolExecutor$Worker.run(ThreadPoolExecutor.java:624)
        at java.lang.Thread.run(Thread.java:750)
"pool-2541-thread-1"  prio=5 tid=5103 timed_waiting
java.lang.Thread.State: TIMED_WAITING
        at sun.misc.Unsafe.park(Native Method)
        at java.util.concurrent.locks.LockSupport.parkNanos(LockSupport.java:215)
        at java.util.concurrent.locks.AbstractQueuedSynchronizer$ConditionObject.awaitNanos(AbstractQueuedSynchronizer.java:2078)
        at java.util.concurrent.ScheduledThreadPoolExecutor$DelayedWorkQueue.take(ScheduledThreadPoolExecutor.java:1093)
        at java.util.concurrent.ScheduledThreadPoolExecutor$DelayedWorkQueue.take(ScheduledThreadPoolExecutor.java:809)
        at java.util.concurrent.ThreadPoolExecutor.getTask(ThreadPoolExecutor.java:1074)
        at java.util.concurrent.ThreadPoolExecutor.runWorker(ThreadPoolExecutor.java:1134)
        at java.util.concurrent.ThreadPoolExecutor$Worker.run(ThreadPoolExecutor.java:624)
        at java.lang.Thread.run(Thread.java:750)
"org.apache.hadoop.util.JvmPauseMonitor$Monitor@1b0b5d57" daemon prio=5 tid=5012 timed_waiting
java.lang.Thread.State: TIMED_WAITING
        at java.lang.Thread.sleep(Native Method)
        at org.apache.hadoop.util.JvmPauseMonitor$Monitor.run(JvmPauseMonitor.java:192)
        at java.lang.Thread.run(Thread.java:750)
"pool-2463-thread-1" daemon prio=5 tid=5045 timed_waiting
java.lang.Thread.State: TIMED_WAITING
        at sun.misc.Unsafe.park(Native Method)
        at java.util.concurrent.locks.LockSupport.parkNanos(LockSupport.java:215)
        at java.util.concurrent.locks.AbstractQueuedSynchronizer$ConditionObject.awaitNanos(AbstractQueuedSynchronizer.java:2078)
        at java.util.concurrent.ScheduledThreadPoolExecutor$DelayedWorkQueue.take(ScheduledThreadPoolExecutor.java:1093)
        at java.util.concurrent.ScheduledThreadPoolExecutor$DelayedWorkQueue.take(ScheduledThreadPoolExecutor.java:809)
        at java.util.concurrent.ThreadPoolExecutor.getTask(ThreadPoolExecutor.java:1074)
        at java.util.concurrent.ThreadPoolExecutor.runWorker(ThreadPoolExecutor.java:1134)
        at java.util.concurrent.ThreadPoolExecutor$Worker.run(ThreadPoolExecutor.java:624)
        at java.lang.Thread.run(Thread.java:750)
"BlockDeletingService#2" daemon prio=5 tid=4847 in Object.wait()
java.lang.Thread.State: WAITING (on object monitor)
        at sun.misc.Unsafe.park(Native Method)
        at java.util.concurrent.locks.LockSupport.park(LockSupport.java:175)
        at java.util.concurrent.locks.AbstractQueuedSynchronizer$ConditionObject.await(AbstractQueuedSynchronizer.java:2039)
        at java.util.concurrent.ScheduledThreadPoolExecutor$DelayedWorkQueue.take(ScheduledThreadPoolExecutor.java:1088)
        at java.util.concurrent.ScheduledThreadPoolExecutor$DelayedWorkQueue.take(ScheduledThreadPoolExecutor.java:809)
        at java.util.concurrent.ThreadPoolExecutor.getTask(ThreadPoolExecutor.java:1074)
        at java.util.concurrent.ThreadPoolExecutor.runWorker(ThreadPoolExecutor.java:1134)
        at java.util.concurrent.ThreadPoolExecutor$Worker.run(ThreadPoolExecutor.java:624)
        at java.lang.Thread.run(Thread.java:750)
"qtp857619324-5022" daemon prio=5 tid=5022 timed_waiting
java.lang.Thread.State: TIMED_WAITING
        at sun.misc.Unsafe.park(Native Method)
        at java.util.concurrent.locks.LockSupport.parkNanos(LockSupport.java:215)
        at java.util.concurrent.locks.AbstractQueuedSynchronizer$ConditionObject.awaitNanos(AbstractQueuedSynchronizer.java:2078)
        at org.eclipse.jetty.util.BlockingArrayQueue.poll(BlockingArrayQueue.java:382)
        at org.eclipse.jetty.util.thread.QueuedThreadPool$Runner.idleJobPoll(QueuedThreadPool.java:974)
        at org.eclipse.jetty.util.thread.QueuedThreadPool$Runner.run(QueuedThreadPool.java:1018)
        at java.lang.Thread.run(Thread.java:750)
"om1@group-C5BA1605619E-LeaderStateImpl" daemon prio=5 tid=3343 timed_waiting
java.lang.Thread.State: TIMED_WAITING
        at sun.misc.Unsafe.park(Native Method)
        at java.util.concurrent.locks.LockSupport.parkNanos(LockSupport.java:215)
        at java.util.concurrent.locks.AbstractQueuedSynchronizer$ConditionObject.awaitNanos(AbstractQueuedSynchronizer.java:2078)
        at java.util.concurrent.ArrayBlockingQueue.poll(ArrayBlockingQueue.java:418)
        at org.apache.ratis.server.impl.LeaderStateImpl$EventQueue.poll(LeaderStateImpl.java:159)
        at org.apache.ratis.server.impl.LeaderStateImpl$EventProcessor.run(LeaderStateImpl.java:630)
"6ecf90bc-d89b-4751-b881-1a8d98ba8de4@group-3B732847DF3A-LeaderStateImpl" daemon prio=5 tid=4580 timed_waiting
java.lang.Thread.State: TIMED_WAITING
        at sun.misc.Unsafe.park(Native Method)
        at java.util.concurrent.locks.LockSupport.parkNanos(LockSupport.java:215)
        at java.util.concurrent.locks.AbstractQueuedSynchronizer$ConditionObject.awaitNanos(AbstractQueuedSynchronizer.java:2078)
        at java.util.concurrent.ArrayBlockingQueue.poll(ArrayBlockingQueue.java:418)
        at org.apache.ratis.server.impl.LeaderStateImpl$EventQueue.poll(LeaderStateImpl.java:159)
        at org.apache.ratis.server.impl.LeaderStateImpl$EventProcessor.run(LeaderStateImpl.java:630)
"Datanode State Machine Task Thread - 1"  prio=5 tid=4434 in Object.wait()
java.lang.Thread.State: WAITING (on object monitor)
        at sun.misc.Unsafe.park(Native Method)
        at java.util.concurrent.locks.LockSupport.park(LockSupport.java:175)
        at java.util.concurrent.locks.AbstractQueuedSynchronizer$ConditionObject.await(AbstractQueuedSynchronizer.java:2039)
        at java.util.concurrent.LinkedBlockingQueue.take(LinkedBlockingQueue.java:442)
        at java.util.concurrent.ThreadPoolExecutor.getTask(ThreadPoolExecutor.java:1074)
        at java.util.concurrent.ThreadPoolExecutor.runWorker(ThreadPoolExecutor.java:1134)
        at java.util.concurrent.ThreadPoolExecutor$Worker.run(ThreadPoolExecutor.java:624)
        at java.lang.Thread.run(Thread.java:750)
"StaleRecoveringContainerScrubbingService#2" daemon prio=5 tid=4933 in Object.wait()
java.lang.Thread.State: WAITING (on object monitor)
        at sun.misc.Unsafe.park(Native Method)
        at java.util.concurrent.locks.LockSupport.park(LockSupport.java:175)
        at java.util.concurrent.locks.AbstractQueuedSynchronizer$ConditionObject.await(AbstractQueuedSynchronizer.java:2039)
        at java.util.concurrent.ScheduledThreadPoolExecutor$DelayedWorkQueue.take(ScheduledThreadPoolExecutor.java:1088)
        at java.util.concurrent.ScheduledThreadPoolExecutor$DelayedWorkQueue.take(ScheduledThreadPoolExecutor.java:809)
        at java.util.concurrent.ThreadPoolExecutor.getTask(ThreadPoolExecutor.java:1074)
        at java.util.concurrent.ThreadPoolExecutor.runWorker(ThreadPoolExecutor.java:1134)
        at java.util.concurrent.ThreadPoolExecutor$Worker.run(ThreadPoolExecutor.java:624)
        at java.lang.Thread.run(Thread.java:750)
"62944fc1-681b-46bd-93f7-2482762a7b31-server-thread2" daemon prio=5 tid=5461 timed_waiting
java.lang.Thread.State: TIMED_WAITING
        at sun.misc.Unsafe.park(Native Method)
        at java.util.concurrent.locks.LockSupport.parkNanos(LockSupport.java:215)
        at java.util.concurrent.SynchronousQueue$TransferStack.awaitFulfill(SynchronousQueue.java:460)
        at java.util.concurrent.SynchronousQueue$TransferStack.transfer(SynchronousQueue.java:362)
        at java.util.concurrent.SynchronousQueue.poll(SynchronousQueue.java:941)
        at java.util.concurrent.ThreadPoolExecutor.getTask(ThreadPoolExecutor.java:1073)
        at java.util.concurrent.ThreadPoolExecutor.runWorker(ThreadPoolExecutor.java:1134)
        at java.util.concurrent.ThreadPoolExecutor$Worker.run(ThreadPoolExecutor.java:624)
        at java.lang.Thread.run(Thread.java:750)
"qtp336816364-4997-acceptor-0@152206e1-ServerConnector@20db7e52{HTTP/1.1, (http/1.1)}{0.0.0.0:34491}" daemon prio=3 tid=4997 runnable
java.lang.Thread.State: RUNNABLE
        at sun.nio.ch.ServerSocketChannelImpl.accept0(Native Method)
        at sun.nio.ch.ServerSocketChannelImpl.accept(ServerSocketChannelImpl.java:421)
        at sun.nio.ch.ServerSocketChannelImpl.accept(ServerSocketChannelImpl.java:249)
        at org.eclipse.jetty.server.ServerConnector.accept(ServerConnector.java:388)
        at org.eclipse.jetty.server.AbstractConnector$Acceptor.run(AbstractConnector.java:704)
        at org.eclipse.jetty.util.thread.QueuedThreadPool.runJob(QueuedThreadPool.java:883)
        at org.eclipse.jetty.util.thread.QueuedThreadPool$Runner.run(QueuedThreadPool.java:1034)
        at java.lang.Thread.run(Thread.java:750)
"Datanode ReportManager Thread - 2" daemon prio=5 tid=3392 in Object.wait()
java.lang.Thread.State: WAITING (on object monitor)
        at sun.misc.Unsafe.park(Native Method)
        at java.util.concurrent.locks.LockSupport.park(LockSupport.java:175)
        at java.util.concurrent.locks.AbstractQueuedSynchronizer$ConditionObject.await(AbstractQueuedSynchronizer.java:2039)
        at java.util.concurrent.ScheduledThreadPoolExecutor$DelayedWorkQueue.take(ScheduledThreadPoolExecutor.java:1088)
        at java.util.concurrent.ScheduledThreadPoolExecutor$DelayedWorkQueue.take(ScheduledThreadPoolExecutor.java:809)
        at java.util.concurrent.ThreadPoolExecutor.getTask(ThreadPoolExecutor.java:1074)
        at java.util.concurrent.ThreadPoolExecutor.runWorker(ThreadPoolExecutor.java:1134)
        at java.util.concurrent.ThreadPoolExecutor$Worker.run(ThreadPoolExecutor.java:624)
        at java.lang.Thread.run(Thread.java:750)
"IPC Server handler 10 on default port 39603" daemon prio=5 tid=3772 timed_waiting
java.lang.Thread.State: TIMED_WAITING
        at sun.misc.Unsafe.park(Native Method)
        at java.util.concurrent.locks.LockSupport.parkNanos(LockSupport.java:215)
        at java.util.concurrent.locks.AbstractQueuedSynchronizer$ConditionObject.awaitNanos(AbstractQueuedSynchronizer.java:2078)
        at java.util.concurrent.LinkedBlockingQueue.poll(LinkedBlockingQueue.java:467)
        at org.apache.hadoop.ipc.CallQueueManager.take(CallQueueManager.java:317)
        at org.apache.hadoop.ipc.Server$Handler.run(Server.java:2942)
"ContainerOp-d03e4836-7d8d-4de7-87bd-2d1f402832ad-0"  prio=5 tid=4768 in Object.wait()
java.lang.Thread.State: WAITING (on object monitor)
        at sun.misc.Unsafe.park(Native Method)
        at java.util.concurrent.locks.LockSupport.park(LockSupport.java:175)
        at java.util.concurrent.locks.AbstractQueuedSynchronizer$ConditionObject.await(AbstractQueuedSynchronizer.java:2039)
        at java.util.concurrent.LinkedBlockingQueue.take(LinkedBlockingQueue.java:442)
        at java.util.concurrent.ThreadPoolExecutor.getTask(ThreadPoolExecutor.java:1074)
        at java.util.concurrent.ThreadPoolExecutor.runWorker(ThreadPoolExecutor.java:1134)
        at java.util.concurrent.ThreadPoolExecutor$Worker.run(ThreadPoolExecutor.java:624)
        at java.lang.Thread.run(Thread.java:750)
"Datanode ReportManager Thread - 0" daemon prio=5 tid=3336 in Object.wait()
java.lang.Thread.State: WAITING (on object monitor)
        at sun.misc.Unsafe.park(Native Method)
        at java.util.concurrent.locks.LockSupport.park(LockSupport.java:175)
        at java.util.concurrent.locks.AbstractQueuedSynchronizer$ConditionObject.await(AbstractQueuedSynchronizer.java:2039)
        at java.util.concurrent.ScheduledThreadPoolExecutor$DelayedWorkQueue.take(ScheduledThreadPoolExecutor.java:1088)
        at java.util.concurrent.ScheduledThreadPoolExecutor$DelayedWorkQueue.take(ScheduledThreadPoolExecutor.java:809)
        at java.util.concurrent.ThreadPoolExecutor.getTask(ThreadPoolExecutor.java:1074)
        at java.util.concurrent.ThreadPoolExecutor.runWorker(ThreadPoolExecutor.java:1134)
        at java.util.concurrent.ThreadPoolExecutor$Worker.run(ThreadPoolExecutor.java:624)
        at java.lang.Thread.run(Thread.java:750)
"Session-HouseKeeper-3068b94d-1"  prio=5 tid=3332 timed_waiting
java.lang.Thread.State: TIMED_WAITING
        at sun.misc.Unsafe.park(Native Method)
        at java.util.concurrent.locks.LockSupport.parkNanos(LockSupport.java:215)
        at java.util.concurrent.locks.AbstractQueuedSynchronizer$ConditionObject.awaitNanos(AbstractQueuedSynchronizer.java:2078)
        at java.util.concurrent.ScheduledThreadPoolExecutor$DelayedWorkQueue.take(ScheduledThreadPoolExecutor.java:1093)
        at java.util.concurrent.ScheduledThreadPoolExecutor$DelayedWorkQueue.take(ScheduledThreadPoolExecutor.java:809)
        at java.util.concurrent.ThreadPoolExecutor.getTask(ThreadPoolExecutor.java:1074)
        at java.util.concurrent.ThreadPoolExecutor.runWorker(ThreadPoolExecutor.java:1134)
        at java.util.concurrent.ThreadPoolExecutor$Worker.run(ThreadPoolExecutor.java:624)
        at java.lang.Thread.run(Thread.java:750)
"ChunkWriter-2-0" daemon prio=5 tid=4363 in Object.wait()
java.lang.Thread.State: WAITING (on object monitor)
        at sun.misc.Unsafe.park(Native Method)
        at java.util.concurrent.locks.LockSupport.park(LockSupport.java:175)
        at java.util.concurrent.locks.AbstractQueuedSynchronizer$ConditionObject.await(AbstractQueuedSynchronizer.java:2039)
        at java.util.concurrent.LinkedBlockingDeque.takeFirst(LinkedBlockingDeque.java:492)
        at java.util.concurrent.LinkedBlockingDeque.take(LinkedBlockingDeque.java:680)
        at java.util.concurrent.ThreadPoolExecutor.getTask(ThreadPoolExecutor.java:1074)
        at java.util.concurrent.ThreadPoolExecutor.runWorker(ThreadPoolExecutor.java:1134)
        at java.util.concurrent.ThreadPoolExecutor$Worker.run(ThreadPoolExecutor.java:624)
        at java.lang.Thread.run(Thread.java:750)
"org.apache.hadoop.ozone.container.common.statemachine.commandhandler.DeleteBlocksCommandHandler$DeleteCmdWorker@356f6d4f" daemon prio=5 tid=3430 timed_waiting
java.lang.Thread.State: TIMED_WAITING
        at java.lang.Thread.sleep(Native Method)
        at org.apache.hadoop.ozone.container.common.statemachine.commandhandler.DeleteBlocksCommandHandler$DeleteCmdWorker.run(DeleteBlocksCommandHandler.java:184)
        at java.lang.Thread.run(Thread.java:750)
"Command processor thread" daemon prio=5 tid=5065 timed_waiting
java.lang.Thread.State: TIMED_WAITING
        at java.lang.Thread.sleep(Native Method)
        at org.apache.hadoop.ozone.container.common.statemachine.DatanodeStateMachine.lambda$initCommandHandlerThread$3(DatanodeStateMachine.java:641)
        at org.apache.hadoop.ozone.container.common.statemachine.DatanodeStateMachine$$Lambda$787/339964609.run(Unknown Source)
        at java.lang.Thread.run(Thread.java:750)
"ContainerOp-d03e4836-7d8d-4de7-87bd-2d1f402832ad-3"  prio=5 tid=4850 in Object.wait()
java.lang.Thread.State: WAITING (on object monitor)
        at sun.misc.Unsafe.park(Native Method)
        at java.util.concurrent.locks.LockSupport.park(LockSupport.java:175)
        at java.util.concurrent.locks.AbstractQueuedSynchronizer$ConditionObject.await(AbstractQueuedSynchronizer.java:2039)
        at java.util.concurrent.LinkedBlockingQueue.take(LinkedBlockingQueue.java:442)
        at java.util.concurrent.ThreadPoolExecutor.getTask(ThreadPoolExecutor.java:1074)
        at java.util.concurrent.ThreadPoolExecutor.runWorker(ThreadPoolExecutor.java:1134)
        at java.util.concurrent.ThreadPoolExecutor$Worker.run(ThreadPoolExecutor.java:624)
        at java.lang.Thread.run(Thread.java:750)
"qtp377899364-4332" daemon prio=5 tid=4332 timed_waiting
java.lang.Thread.State: TIMED_WAITING
        at sun.misc.Unsafe.park(Native Method)
        at java.util.concurrent.locks.LockSupport.parkNanos(LockSupport.java:215)
        at java.util.concurrent.locks.AbstractQueuedSynchronizer$ConditionObject.awaitNanos(AbstractQueuedSynchronizer.java:2078)
        at org.eclipse.jetty.util.BlockingArrayQueue.poll(BlockingArrayQueue.java:382)
        at org.eclipse.jetty.util.thread.QueuedThreadPool$Runner.idleJobPoll(QueuedThreadPool.java:974)
        at org.eclipse.jetty.util.thread.QueuedThreadPool$Runner.run(QueuedThreadPool.java:1018)
        at java.lang.Thread.run(Thread.java:750)
"IPC Server handler 18 on default port 34529" daemon prio=5 tid=5546 timed_waiting
java.lang.Thread.State: TIMED_WAITING
        at sun.misc.Unsafe.park(Native Method)
        at java.util.concurrent.locks.LockSupport.parkNanos(LockSupport.java:215)
        at java.util.concurrent.locks.AbstractQueuedSynchronizer$ConditionObject.awaitNanos(AbstractQueuedSynchronizer.java:2078)
        at java.util.concurrent.LinkedBlockingQueue.poll(LinkedBlockingQueue.java:467)
        at org.apache.hadoop.ipc.CallQueueManager.take(CallQueueManager.java:317)
        at org.apache.hadoop.ipc.Server$Handler.run(Server.java:2942)
"IPC Server handler 7 on default port 36003" daemon prio=5 tid=4797 timed_waiting
java.lang.Thread.State: TIMED_WAITING
        at sun.misc.Unsafe.park(Native Method)
        at java.util.concurrent.locks.LockSupport.parkNanos(LockSupport.java:215)
        at java.util.concurrent.locks.AbstractQueuedSynchronizer$ConditionObject.awaitNanos(AbstractQueuedSynchronizer.java:2078)
        at java.util.concurrent.LinkedBlockingQueue.poll(LinkedBlockingQueue.java:467)
        at org.apache.hadoop.ipc.CallQueueManager.take(CallQueueManager.java:317)
        at org.apache.hadoop.ipc.Server$Handler.run(Server.java:2942)
"Datanode State Machine Daemon Thread" daemon prio=5 tid=3389 timed_waiting
java.lang.Thread.State: TIMED_WAITING
        at java.lang.Thread.sleep(Native Method)
        at org.apache.hadoop.ozone.container.common.statemachine.DatanodeStateMachine.startStateMachineThread(DatanodeStateMachine.java:321)
        at org.apache.hadoop.ozone.container.common.statemachine.DatanodeStateMachine.lambda$startDaemon$0(DatanodeStateMachine.java:506)
        at org.apache.hadoop.ozone.container.common.statemachine.DatanodeStateMachine$$Lambda$785/619018591.run(Unknown Source)
        at java.lang.Thread.run(Thread.java:750)
"ea04acba-2572-4ce4-bec1-b0e6c6418c45-impl-thread1"  prio=5 tid=5101 timed_waiting
java.lang.Thread.State: TIMED_WAITING
        at sun.misc.Unsafe.park(Native Method)
        at java.util.concurrent.locks.LockSupport.parkNanos(LockSupport.java:215)
        at java.util.concurrent.SynchronousQueue$TransferStack.awaitFulfill(SynchronousQueue.java:460)
        at java.util.concurrent.SynchronousQueue$TransferStack.transfer(SynchronousQueue.java:362)
        at java.util.concurrent.SynchronousQueue.poll(SynchronousQueue.java:941)
        at java.util.concurrent.ThreadPoolExecutor.getTask(ThreadPoolExecutor.java:1073)
        at java.util.concurrent.ThreadPoolExecutor.runWorker(ThreadPoolExecutor.java:1134)
        at java.util.concurrent.ThreadPoolExecutor$Worker.run(ThreadPoolExecutor.java:624)
        at java.lang.Thread.run(Thread.java:750)
"7bbf46ea-4d71-449c-a772-200386f308ce@group-62CE731D69B1-SegmentedRaftLogWorker"  prio=5 tid=4500 timed_waiting
java.lang.Thread.State: TIMED_WAITING
        at sun.misc.Unsafe.park(Native Method)
        at java.util.concurrent.locks.LockSupport.parkNanos(LockSupport.java:215)
        at java.util.concurrent.locks.AbstractQueuedSynchronizer$ConditionObject.awaitNanos(AbstractQueuedSynchronizer.java:2078)
        at org.apache.ratis.util.DataBlockingQueue.poll(DataBlockingQueue.java:148)
        at org.apache.ratis.server.raftlog.segmented.SegmentedRaftLogWorker.run(SegmentedRaftLogWorker.java:310)
        at org.apache.ratis.server.raftlog.segmented.SegmentedRaftLogWorker$$Lambda$699/1369416112.run(Unknown Source)
        at java.lang.Thread.run(Thread.java:750)
"Command processor thread" daemon prio=5 tid=5011 timed_waiting
java.lang.Thread.State: TIMED_WAITING
        at java.lang.Thread.sleep(Native Method)
        at org.apache.hadoop.ozone.container.common.statemachine.DatanodeStateMachine.lambda$initCommandHandlerThread$3(DatanodeStateMachine.java:641)
        at org.apache.hadoop.ozone.container.common.statemachine.DatanodeStateMachine$$Lambda$787/339964609.run(Unknown Source)
        at java.lang.Thread.run(Thread.java:750)
"IPC Server handler 11 on default port 35159" daemon prio=5 tid=4781 timed_waiting
java.lang.Thread.State: TIMED_WAITING
        at sun.misc.Unsafe.park(Native Method)
        at java.util.concurrent.locks.LockSupport.parkNanos(LockSupport.java:215)
        at java.util.concurrent.locks.AbstractQueuedSynchronizer$ConditionObject.awaitNanos(AbstractQueuedSynchronizer.java:2078)
        at java.util.concurrent.LinkedBlockingQueue.poll(LinkedBlockingQueue.java:467)
        at org.apache.hadoop.ipc.CallQueueManager.take(CallQueueManager.java:317)
        at org.apache.hadoop.ipc.Server$Handler.run(Server.java:2942)
"qtp1099129309-4261" daemon prio=5 tid=4261 timed_waiting
java.lang.Thread.State: TIMED_WAITING
        at sun.misc.Unsafe.park(Native Method)
        at java.util.concurrent.locks.LockSupport.parkNanos(LockSupport.java:215)
        at java.util.concurrent.locks.AbstractQueuedSynchronizer$ConditionObject.awaitNanos(AbstractQueuedSynchronizer.java:2078)
        at org.eclipse.jetty.util.BlockingArrayQueue.poll(BlockingArrayQueue.java:382)
        at org.eclipse.jetty.util.thread.QueuedThreadPool$Runner.idleJobPoll(QueuedThreadPool.java:974)
        at org.eclipse.jetty.util.thread.QueuedThreadPool$Runner.run(QueuedThreadPool.java:1018)
        at java.lang.Thread.run(Thread.java:750)
"qtp336816364-4999" daemon prio=5 tid=4999 timed_waiting
java.lang.Thread.State: TIMED_WAITING
        at sun.misc.Unsafe.park(Native Method)
        at java.util.concurrent.locks.LockSupport.parkNanos(LockSupport.java:215)
        at java.util.concurrent.locks.AbstractQueuedSynchronizer$ConditionObject.awaitNanos(AbstractQueuedSynchronizer.java:2078)
        at org.eclipse.jetty.util.BlockingArrayQueue.poll(BlockingArrayQueue.java:382)
        at org.eclipse.jetty.util.thread.QueuedThreadPool$Runner.idleJobPoll(QueuedThreadPool.java:974)
        at org.eclipse.jetty.util.thread.QueuedThreadPool$Runner.run(QueuedThreadPool.java:1018)
        at java.lang.Thread.run(Thread.java:750)
"IPC Server handler 13 on default port 45267" daemon prio=5 tid=5521 timed_waiting
java.lang.Thread.State: TIMED_WAITING
        at sun.misc.Unsafe.park(Native Method)
        at java.util.concurrent.locks.LockSupport.parkNanos(LockSupport.java:215)
        at java.util.concurrent.locks.AbstractQueuedSynchronizer$ConditionObject.awaitNanos(AbstractQueuedSynchronizer.java:2078)
        at java.util.concurrent.LinkedBlockingQueue.poll(LinkedBlockingQueue.java:467)
        at org.apache.hadoop.ipc.CallQueueManager.take(CallQueueManager.java:317)
        at org.apache.hadoop.ipc.Server$Handler.run(Server.java:2942)
"qtp1299110638-4203" daemon prio=5 tid=4203 timed_waiting
java.lang.Thread.State: TIMED_WAITING
        at sun.misc.Unsafe.park(Native Method)
        at java.util.concurrent.locks.LockSupport.parkNanos(LockSupport.java:215)
        at java.util.concurrent.locks.AbstractQueuedSynchronizer$ConditionObject.awaitNanos(AbstractQueuedSynchronizer.java:2078)
        at org.eclipse.jetty.util.BlockingArrayQueue.poll(BlockingArrayQueue.java:382)
        at org.eclipse.jetty.util.thread.QueuedThreadPool$Runner.idleJobPoll(QueuedThreadPool.java:974)
        at org.eclipse.jetty.util.thread.QueuedThreadPool$Runner.run(QueuedThreadPool.java:1018)
        at java.lang.Thread.run(Thread.java:750)
"DataNode DiskChecker thread 0" daemon prio=5 tid=4990 timed_waiting
java.lang.Thread.State: TIMED_WAITING
        at sun.misc.Unsafe.park(Native Method)
        at java.util.concurrent.locks.LockSupport.parkNanos(LockSupport.java:215)
        at java.util.concurrent.SynchronousQueue$TransferStack.awaitFulfill(SynchronousQueue.java:460)
        at java.util.concurrent.SynchronousQueue$TransferStack.transfer(SynchronousQueue.java:362)
        at java.util.concurrent.SynchronousQueue.poll(SynchronousQueue.java:941)
        at java.util.concurrent.ThreadPoolExecutor.getTask(ThreadPoolExecutor.java:1073)
        at java.util.concurrent.ThreadPoolExecutor.runWorker(ThreadPoolExecutor.java:1134)
        at java.util.concurrent.ThreadPoolExecutor$Worker.run(ThreadPoolExecutor.java:624)
        at java.lang.Thread.run(Thread.java:750)
"CommandWatcher-LeaseManager#LeaseMonitor" daemon prio=5 tid=4769 timed_waiting
java.lang.Thread.State: TIMED_WAITING
        at java.lang.Object.wait(Native Method)
        at org.apache.hadoop.ozone.lease.LeaseManager$LeaseMonitor.run(LeaseManager.java:238)
        at java.lang.Thread.run(Thread.java:750)
"qtp708458890-4235" daemon prio=5 tid=4235 timed_waiting
java.lang.Thread.State: TIMED_WAITING
        at sun.misc.Unsafe.park(Native Method)
        at java.util.concurrent.locks.LockSupport.parkNanos(LockSupport.java:215)
        at java.util.concurrent.locks.AbstractQueuedSynchronizer$ConditionObject.awaitNanos(AbstractQueuedSynchronizer.java:2078)
        at org.eclipse.jetty.util.BlockingArrayQueue.poll(BlockingArrayQueue.java:382)
        at org.eclipse.jetty.util.thread.QueuedThreadPool$Runner.idleJobPoll(QueuedThreadPool.java:974)
        at org.eclipse.jetty.util.thread.QueuedThreadPool$Runner.run(QueuedThreadPool.java:1018)
        at java.lang.Thread.run(Thread.java:750)
"ContainerOp-d03e4836-7d8d-4de7-87bd-2d1f402832ad-2"  prio=5 tid=4851 in Object.wait()
java.lang.Thread.State: WAITING (on object monitor)
        at sun.misc.Unsafe.park(Native Method)
        at java.util.concurrent.locks.LockSupport.park(LockSupport.java:175)
        at java.util.concurrent.locks.AbstractQueuedSynchronizer$ConditionObject.await(AbstractQueuedSynchronizer.java:2039)
        at java.util.concurrent.LinkedBlockingQueue.take(LinkedBlockingQueue.java:442)
        at java.util.concurrent.ThreadPoolExecutor.getTask(ThreadPoolExecutor.java:1074)
        at java.util.concurrent.ThreadPoolExecutor.runWorker(ThreadPoolExecutor.java:1134)
        at java.util.concurrent.ThreadPoolExecutor$Worker.run(ThreadPoolExecutor.java:624)
        at java.lang.Thread.run(Thread.java:750)
"Under Replicated Processor" daemon prio=5 tid=3728 timed_waiting
java.lang.Thread.State: TIMED_WAITING
        at java.lang.Object.wait(Native Method)
        at org.apache.hadoop.hdds.scm.container.replication.UnderReplicatedProcessor.run(UnderReplicatedProcessor.java:148)
        at java.lang.Thread.run(Thread.java:750)
"ea04acba-2572-4ce4-bec1-b0e6c6418c45@group-9C27DC43941B-SegmentedRaftLogWorker"  prio=5 tid=5441 timed_waiting
java.lang.Thread.State: TIMED_WAITING
        at sun.misc.Unsafe.park(Native Method)
        at java.util.concurrent.locks.LockSupport.parkNanos(LockSupport.java:215)
        at java.util.concurrent.locks.AbstractQueuedSynchronizer$ConditionObject.awaitNanos(AbstractQueuedSynchronizer.java:2078)
        at org.apache.ratis.util.DataBlockingQueue.poll(DataBlockingQueue.java:148)
        at org.apache.ratis.server.raftlog.segmented.SegmentedRaftLogWorker.run(SegmentedRaftLogWorker.java:310)
        at org.apache.ratis.server.raftlog.segmented.SegmentedRaftLogWorker$$Lambda$699/1369416112.run(Unknown Source)
        at java.lang.Thread.run(Thread.java:750)
"qtp1276177486-5107" daemon prio=5 tid=5107 timed_waiting
java.lang.Thread.State: TIMED_WAITING
        at sun.misc.Unsafe.park(Native Method)
        at java.util.concurrent.locks.LockSupport.parkNanos(LockSupport.java:215)
        at java.util.concurrent.locks.AbstractQueuedSynchronizer$ConditionObject.awaitNanos(AbstractQueuedSynchronizer.java:2078)
        at org.eclipse.jetty.util.BlockingArrayQueue.poll(BlockingArrayQueue.java:382)
        at org.eclipse.jetty.util.thread.QueuedThreadPool$Runner.idleJobPoll(QueuedThreadPool.java:974)
        at org.eclipse.jetty.util.thread.QueuedThreadPool$Runner.run(QueuedThreadPool.java:1018)
        at java.lang.Thread.run(Thread.java:750)
"ContainerOp-d03e4836-7d8d-4de7-87bd-2d1f402832ad-7"  prio=5 tid=4869 in Object.wait()
java.lang.Thread.State: WAITING (on object monitor)
        at sun.misc.Unsafe.park(Native Method)
        at java.util.concurrent.locks.LockSupport.park(LockSupport.java:175)
        at java.util.concurrent.locks.AbstractQueuedSynchronizer$ConditionObject.await(AbstractQueuedSynchronizer.java:2039)
        at java.util.concurrent.LinkedBlockingQueue.take(LinkedBlockingQueue.java:442)
        at java.util.concurrent.ThreadPoolExecutor.getTask(ThreadPoolExecutor.java:1074)
        at java.util.concurrent.ThreadPoolExecutor.runWorker(ThreadPoolExecutor.java:1134)
        at java.util.concurrent.ThreadPoolExecutor$Worker.run(ThreadPoolExecutor.java:624)
        at java.lang.Thread.run(Thread.java:750)
"Datanode ReportManager Thread - 0" daemon prio=5 tid=3390 in Object.wait()
java.lang.Thread.State: WAITING (on object monitor)
        at sun.misc.Unsafe.park(Native Method)
        at java.util.concurrent.locks.LockSupport.park(LockSupport.java:175)
        at java.util.concurrent.locks.AbstractQueuedSynchronizer$ConditionObject.await(AbstractQueuedSynchronizer.java:2039)
        at java.util.concurrent.ScheduledThreadPoolExecutor$DelayedWorkQueue.take(ScheduledThreadPoolExecutor.java:1088)
        at java.util.concurrent.ScheduledThreadPoolExecutor$DelayedWorkQueue.take(ScheduledThreadPoolExecutor.java:809)
        at java.util.concurrent.ThreadPoolExecutor.getTask(ThreadPoolExecutor.java:1074)
        at java.util.concurrent.ThreadPoolExecutor.runWorker(ThreadPoolExecutor.java:1134)
        at java.util.concurrent.ThreadPoolExecutor$Worker.run(ThreadPoolExecutor.java:624)
        at java.lang.Thread.run(Thread.java:750)
"qtp1276177486-5105" daemon prio=5 tid=5105 timed_waiting
java.lang.Thread.State: TIMED_WAITING
        at sun.misc.Unsafe.park(Native Method)
        at java.util.concurrent.locks.LockSupport.parkNanos(LockSupport.java:215)
        at java.util.concurrent.locks.AbstractQueuedSynchronizer$ConditionObject.awaitNanos(AbstractQueuedSynchronizer.java:2078)
        at org.eclipse.jetty.util.BlockingArrayQueue.poll(BlockingArrayQueue.java:382)
        at org.eclipse.jetty.util.thread.QueuedThreadPool$Runner.idleJobPoll(QueuedThreadPool.java:974)
        at org.eclipse.jetty.util.thread.QueuedThreadPool$Runner.run(QueuedThreadPool.java:1018)
        at java.lang.Thread.run(Thread.java:750)
"org.apache.hadoop.util.JvmPauseMonitor$Monitor@4f024d4c" daemon prio=5 tid=5165 timed_waiting
java.lang.Thread.State: TIMED_WAITING
        at java.lang.Thread.sleep(Native Method)
        at org.apache.hadoop.util.JvmPauseMonitor$Monitor.run(JvmPauseMonitor.java:192)
        at java.lang.Thread.run(Thread.java:750)
"Session-HouseKeeper-d67565c-1"  prio=5 tid=5183 timed_waiting
java.lang.Thread.State: TIMED_WAITING
        at sun.misc.Unsafe.park(Native Method)
        at java.util.concurrent.locks.LockSupport.parkNanos(LockSupport.java:215)
        at java.util.concurrent.locks.AbstractQueuedSynchronizer$ConditionObject.awaitNanos(AbstractQueuedSynchronizer.java:2078)
        at java.util.concurrent.ScheduledThreadPoolExecutor$DelayedWorkQueue.take(ScheduledThreadPoolExecutor.java:1093)
        at java.util.concurrent.ScheduledThreadPoolExecutor$DelayedWorkQueue.take(ScheduledThreadPoolExecutor.java:809)
        at java.util.concurrent.ThreadPoolExecutor.getTask(ThreadPoolExecutor.java:1074)
        at java.util.concurrent.ThreadPoolExecutor.runWorker(ThreadPoolExecutor.java:1134)
        at java.util.concurrent.ThreadPoolExecutor$Worker.run(ThreadPoolExecutor.java:624)
        at java.lang.Thread.run(Thread.java:750)
"Datanode State Machine Task Thread - 1"  prio=5 tid=4371 in Object.wait()
java.lang.Thread.State: WAITING (on object monitor)
        at sun.misc.Unsafe.park(Native Method)
        at java.util.concurrent.locks.LockSupport.park(LockSupport.java:175)
        at java.util.concurrent.locks.AbstractQueuedSynchronizer$ConditionObject.await(AbstractQueuedSynchronizer.java:2039)
        at java.util.concurrent.LinkedBlockingQueue.take(LinkedBlockingQueue.java:442)
        at java.util.concurrent.ThreadPoolExecutor.getTask(ThreadPoolExecutor.java:1074)
        at java.util.concurrent.ThreadPoolExecutor.runWorker(ThreadPoolExecutor.java:1134)
        at java.util.concurrent.ThreadPoolExecutor$Worker.run(ThreadPoolExecutor.java:624)
        at java.lang.Thread.run(Thread.java:750)
"ReplicationMonitor" daemon prio=5 tid=3727 timed_waiting
java.lang.Thread.State: TIMED_WAITING
        at java.lang.Object.wait(Native Method)
        at org.apache.hadoop.hdds.scm.container.replication.ReplicationManager.run(ReplicationManager.java:602)
        at org.apache.hadoop.hdds.scm.container.replication.ReplicationManager$$Lambda$416/1644827479.run(Unknown Source)
        at java.lang.Thread.run(Thread.java:750)
"JvmPauseMonitor57" daemon prio=5 tid=5376 timed_waiting
java.lang.Thread.State: TIMED_WAITING
        at java.lang.Thread.sleep(Native Method)
        at java.lang.Thread.sleep(Thread.java:342)
        at java.util.concurrent.TimeUnit.sleep(TimeUnit.java:386)
        at org.apache.ratis.util.TimeDuration.sleep(TimeDuration.java:325)
        at org.apache.ratis.util.TimeDuration.sleep(TimeDuration.java:310)
        at org.apache.ratis.util.JvmPauseMonitor.detectPause(JvmPauseMonitor.java:119)
        at org.apache.ratis.util.JvmPauseMonitor.run(JvmPauseMonitor.java:108)
        at org.apache.ratis.util.JvmPauseMonitor$$Lambda$740/1979406568.run(Unknown Source)
        at java.lang.Thread.run(Thread.java:750)
"EventQueue-PipelineReportForPipelineReportHandler" daemon prio=5 tid=5363 in Object.wait()
java.lang.Thread.State: WAITING (on object monitor)
        at sun.misc.Unsafe.park(Native Method)
        at java.util.concurrent.locks.LockSupport.park(LockSupport.java:175)
        at java.util.concurrent.locks.AbstractQueuedSynchronizer$ConditionObject.await(AbstractQueuedSynchronizer.java:2039)
        at java.util.concurrent.LinkedBlockingQueue.take(LinkedBlockingQueue.java:442)
        at java.util.concurrent.ThreadPoolExecutor.getTask(ThreadPoolExecutor.java:1074)
        at java.util.concurrent.ThreadPoolExecutor.runWorker(ThreadPoolExecutor.java:1134)
        at java.util.concurrent.ThreadPoolExecutor$Worker.run(ThreadPoolExecutor.java:624)
        at java.lang.Thread.run(Thread.java:750)
"IPC Server handler 17 on default port 34157" daemon prio=5 tid=4028 timed_waiting
java.lang.Thread.State: TIMED_WAITING
        at sun.misc.Unsafe.park(Native Method)
        at java.util.concurrent.locks.LockSupport.parkNanos(LockSupport.java:215)
        at java.util.concurrent.locks.AbstractQueuedSynchronizer$ConditionObject.awaitNanos(AbstractQueuedSynchronizer.java:2078)
        at java.util.concurrent.LinkedBlockingQueue.poll(LinkedBlockingQueue.java:467)
        at org.apache.hadoop.ipc.CallQueueManager.take(CallQueueManager.java:317)
        at org.apache.hadoop.ipc.Server$Handler.run(Server.java:2942)
"IPC Server handler 3 on default port 36439" daemon prio=5 tid=3787 timed_waiting
java.lang.Thread.State: TIMED_WAITING
        at sun.misc.Unsafe.park(Native Method)
        at java.util.concurrent.locks.LockSupport.parkNanos(LockSupport.java:215)
        at java.util.concurrent.locks.AbstractQueuedSynchronizer$ConditionObject.awaitNanos(AbstractQueuedSynchronizer.java:2078)
        at java.util.concurrent.LinkedBlockingQueue.poll(LinkedBlockingQueue.java:467)
        at org.apache.hadoop.ipc.CallQueueManager.take(CallQueueManager.java:317)
        at org.apache.hadoop.ipc.Server$Handler.run(Server.java:2942)
"IPC Server handler 4 on default port 39603" daemon prio=5 tid=3766 timed_waiting
java.lang.Thread.State: TIMED_WAITING
        at sun.misc.Unsafe.park(Native Method)
        at java.util.concurrent.locks.LockSupport.parkNanos(LockSupport.java:215)
        at java.util.concurrent.locks.AbstractQueuedSynchronizer$ConditionObject.awaitNanos(AbstractQueuedSynchronizer.java:2078)
        at java.util.concurrent.LinkedBlockingQueue.poll(LinkedBlockingQueue.java:467)
        at org.apache.hadoop.ipc.CallQueueManager.take(CallQueueManager.java:317)
        at org.apache.hadoop.ipc.Server$Handler.run(Server.java:2942)
"Datanode ReportManager Thread - 1" daemon prio=5 tid=3282 timed_waiting
java.lang.Thread.State: TIMED_WAITING
        at sun.misc.Unsafe.park(Native Method)
        at java.util.concurrent.locks.LockSupport.park(LockSupport.java:175)
        at java.util.concurrent.locks.AbstractQueuedSynchronizer$ConditionObject.await(AbstractQueuedSynchronizer.java:2039)
        at java.util.concurrent.ScheduledThreadPoolExecutor$DelayedWorkQueue.take(ScheduledThreadPoolExecutor.java:1088)
        at java.util.concurrent.ScheduledThreadPoolExecutor$DelayedWorkQueue.take(ScheduledThreadPoolExecutor.java:809)
        at java.util.concurrent.ThreadPoolExecutor.getTask(ThreadPoolExecutor.java:1074)
        at java.util.concurrent.ThreadPoolExecutor.runWorker(ThreadPoolExecutor.java:1134)
        at java.util.concurrent.ThreadPoolExecutor$Worker.run(ThreadPoolExecutor.java:624)
        at java.lang.Thread.run(Thread.java:750)
"IPC Server listener on 0" daemon prio=5 tid=3735 runnable
java.lang.Thread.State: RUNNABLE
        at sun.nio.ch.EPollArrayWrapper.epollWait(Native Method)
        at sun.nio.ch.EPollArrayWrapper.poll(EPollArrayWrapper.java:269)
        at sun.nio.ch.EPollSelectorImpl.doSelect(EPollSelectorImpl.java:93)
        at sun.nio.ch.SelectorImpl.lockAndDoSelect(SelectorImpl.java:86)
        at sun.nio.ch.SelectorImpl.select(SelectorImpl.java:97)
        at sun.nio.ch.SelectorImpl.select(SelectorImpl.java:101)
        at org.apache.hadoop.ipc.Server$Listener.run(Server.java:1358)
"Datanode ReportManager Thread - 2" daemon prio=5 tid=3283 in Object.wait()
java.lang.Thread.State: WAITING (on object monitor)
        at sun.misc.Unsafe.park(Native Method)
        at java.util.concurrent.locks.LockSupport.park(LockSupport.java:175)
        at java.util.concurrent.locks.AbstractQueuedSynchronizer$ConditionObject.await(AbstractQueuedSynchronizer.java:2039)
        at java.util.concurrent.ScheduledThreadPoolExecutor$DelayedWorkQueue.take(ScheduledThreadPoolExecutor.java:1088)
        at java.util.concurrent.ScheduledThreadPoolExecutor$DelayedWorkQueue.take(ScheduledThreadPoolExecutor.java:809)
        at java.util.concurrent.ThreadPoolExecutor.getTask(ThreadPoolExecutor.java:1074)
        at java.util.concurrent.ThreadPoolExecutor.runWorker(ThreadPoolExecutor.java:1134)
        at java.util.concurrent.ThreadPoolExecutor$Worker.run(ThreadPoolExecutor.java:624)
        at java.lang.Thread.run(Thread.java:750)
"IPC Server handler 15 on default port 39603" daemon prio=5 tid=3777 timed_waiting
java.lang.Thread.State: TIMED_WAITING
        at sun.misc.Unsafe.park(Native Method)
        at java.util.concurrent.locks.LockSupport.parkNanos(LockSupport.java:215)
        at java.util.concurrent.locks.AbstractQueuedSynchronizer$ConditionObject.awaitNanos(AbstractQueuedSynchronizer.java:2078)
        at java.util.concurrent.LinkedBlockingQueue.poll(LinkedBlockingQueue.java:467)
        at org.apache.hadoop.ipc.CallQueueManager.take(CallQueueManager.java:317)
        at org.apache.hadoop.ipc.Server$Handler.run(Server.java:2942)
"qtp97707647-5142" daemon prio=5 tid=5142 timed_waiting
java.lang.Thread.State: TIMED_WAITING
        at sun.misc.Unsafe.park(Native Method)
        at java.util.concurrent.locks.LockSupport.parkNanos(LockSupport.java:215)
        at java.util.concurrent.locks.AbstractQueuedSynchronizer$ConditionObject.awaitNanos(AbstractQueuedSynchronizer.java:2078)
        at org.eclipse.jetty.util.BlockingArrayQueue.poll(BlockingArrayQueue.java:382)
        at org.eclipse.jetty.util.thread.QueuedThreadPool$Runner.idleJobPoll(QueuedThreadPool.java:974)
        at org.eclipse.jetty.util.thread.QueuedThreadPool$Runner.run(QueuedThreadPool.java:1018)
        at java.lang.Thread.run(Thread.java:750)
"IPC Server handler 6 on default port 41341" daemon prio=5 tid=3810 timed_waiting
java.lang.Thread.State: TIMED_WAITING
        at sun.misc.Unsafe.park(Native Method)
        at java.util.concurrent.locks.LockSupport.parkNanos(LockSupport.java:215)
        at java.util.concurrent.locks.AbstractQueuedSynchronizer$ConditionObject.awaitNanos(AbstractQueuedSynchronizer.java:2078)
        at java.util.concurrent.LinkedBlockingQueue.poll(LinkedBlockingQueue.java:467)
        at org.apache.hadoop.ipc.CallQueueManager.take(CallQueueManager.java:317)
        at org.apache.hadoop.ipc.Server$Handler.run(Server.java:2942)
"Datanode State Machine Daemon Thread" daemon prio=5 tid=5005 timed_waiting
java.lang.Thread.State: TIMED_WAITING
        at java.lang.Thread.sleep(Native Method)
        at org.apache.hadoop.ozone.container.common.statemachine.DatanodeStateMachine.startStateMachineThread(DatanodeStateMachine.java:321)
        at org.apache.hadoop.ozone.container.common.statemachine.DatanodeStateMachine.lambda$startDaemon$0(DatanodeStateMachine.java:506)
        at org.apache.hadoop.ozone.container.common.statemachine.DatanodeStateMachine$$Lambda$785/619018591.run(Unknown Source)
        at java.lang.Thread.run(Thread.java:750)
"Session-HouseKeeper-3c622ec3-1"  prio=5 tid=3279 timed_waiting
java.lang.Thread.State: TIMED_WAITING
        at sun.misc.Unsafe.park(Native Method)
        at java.util.concurrent.locks.LockSupport.parkNanos(LockSupport.java:215)
        at java.util.concurrent.locks.AbstractQueuedSynchronizer$ConditionObject.awaitNanos(AbstractQueuedSynchronizer.java:2078)
        at java.util.concurrent.ScheduledThreadPoolExecutor$DelayedWorkQueue.take(ScheduledThreadPoolExecutor.java:1093)
        at java.util.concurrent.ScheduledThreadPoolExecutor$DelayedWorkQueue.take(ScheduledThreadPoolExecutor.java:809)
        at java.util.concurrent.ThreadPoolExecutor.getTask(ThreadPoolExecutor.java:1074)
        at java.util.concurrent.ThreadPoolExecutor.runWorker(ThreadPoolExecutor.java:1134)
        at java.util.concurrent.ThreadPoolExecutor$Worker.run(ThreadPoolExecutor.java:624)
        at java.lang.Thread.run(Thread.java:750)
"Session-HouseKeeper-5ca3aa04-1"  prio=5 tid=4241 timed_waiting
java.lang.Thread.State: TIMED_WAITING
        at sun.misc.Unsafe.park(Native Method)
        at java.util.concurrent.locks.LockSupport.parkNanos(LockSupport.java:215)
        at java.util.concurrent.locks.AbstractQueuedSynchronizer$ConditionObject.awaitNanos(AbstractQueuedSynchronizer.java:2078)
        at java.util.concurrent.ScheduledThreadPoolExecutor$DelayedWorkQueue.take(ScheduledThreadPoolExecutor.java:1093)
        at java.util.concurrent.ScheduledThreadPoolExecutor$DelayedWorkQueue.take(ScheduledThreadPoolExecutor.java:809)
        at java.util.concurrent.ThreadPoolExecutor.getTask(ThreadPoolExecutor.java:1074)
        at java.util.concurrent.ThreadPoolExecutor.runWorker(ThreadPoolExecutor.java:1134)
        at java.util.concurrent.ThreadPoolExecutor$Worker.run(ThreadPoolExecutor.java:624)
        at java.lang.Thread.run(Thread.java:750)
"OMDoubleBufferFlushThread" daemon prio=5 tid=4897 timed_waiting
java.lang.Thread.State: TIMED_WAITING
        at java.lang.Object.wait(Native Method)
        at org.apache.hadoop.ozone.om.ratis.OzoneManagerDoubleBuffer.canFlush(OzoneManagerDoubleBuffer.java:538)
        at org.apache.hadoop.ozone.om.ratis.OzoneManagerDoubleBuffer.flushTransactions(OzoneManagerDoubleBuffer.java:268)
        at org.apache.hadoop.ozone.om.ratis.OzoneManagerDoubleBuffer$$Lambda$538/2063950640.run(Unknown Source)
        at java.lang.Thread.run(Thread.java:750)
"05162e35-21c4-4960-8615-08a05e9f4f1b@group-3FB80795822F->6ecf90bc-d89b-4751-b881-1a8d98ba8de4-GrpcLogAppender-LogAppenderDaemon" daemon prio=5 tid=4617 timed_waiting
java.lang.Thread.State: TIMED_WAITING
        at sun.misc.Unsafe.park(Native Method)
        at java.util.concurrent.locks.LockSupport.parkNanos(LockSupport.java:215)
        at java.util.concurrent.CompletableFuture$Signaller.block(CompletableFuture.java:1709)
        at java.util.concurrent.ForkJoinPool.managedBlock(ForkJoinPool.java:3323)
        at java.util.concurrent.CompletableFuture.timedGet(CompletableFuture.java:1788)
        at java.util.concurrent.CompletableFuture.get(CompletableFuture.java:1928)
        at org.apache.ratis.util.AwaitForSignal.await(AwaitForSignal.java:56)
        at org.apache.ratis.grpc.server.GrpcLogAppender.mayWait(GrpcLogAppender.java:198)
        at org.apache.ratis.grpc.server.GrpcLogAppender.run(GrpcLogAppender.java:148)
        at org.apache.ratis.server.leader.LogAppenderDaemon.run(LogAppenderDaemon.java:78)
        at org.apache.ratis.server.leader.LogAppenderDaemon$$Lambda$1074/1442786329.run(Unknown Source)
        at java.lang.Thread.run(Thread.java:750)
"ChunkWriter-0-0" daemon prio=5 tid=5354 in Object.wait()
java.lang.Thread.State: WAITING (on object monitor)
        at sun.misc.Unsafe.park(Native Method)
        at java.util.concurrent.locks.LockSupport.park(LockSupport.java:175)
        at java.util.concurrent.locks.AbstractQueuedSynchronizer$ConditionObject.await(AbstractQueuedSynchronizer.java:2039)
        at java.util.concurrent.LinkedBlockingDeque.takeFirst(LinkedBlockingDeque.java:492)
        at java.util.concurrent.LinkedBlockingDeque.take(LinkedBlockingDeque.java:680)
        at java.util.concurrent.ThreadPoolExecutor.getTask(ThreadPoolExecutor.java:1074)
        at java.util.concurrent.ThreadPoolExecutor.runWorker(ThreadPoolExecutor.java:1134)
        at java.util.concurrent.ThreadPoolExecutor$Worker.run(ThreadPoolExecutor.java:624)
        at java.lang.Thread.run(Thread.java:750)
"Datanode ReportManager Thread - 0" daemon prio=5 tid=5086 in Object.wait()
java.lang.Thread.State: WAITING (on object monitor)
        at sun.misc.Unsafe.park(Native Method)
        at java.util.concurrent.locks.LockSupport.park(LockSupport.java:175)
        at java.util.concurrent.locks.AbstractQueuedSynchronizer$ConditionObject.await(AbstractQueuedSynchronizer.java:2039)
        at java.util.concurrent.ScheduledThreadPoolExecutor$DelayedWorkQueue.take(ScheduledThreadPoolExecutor.java:1088)
        at java.util.concurrent.ScheduledThreadPoolExecutor$DelayedWorkQueue.take(ScheduledThreadPoolExecutor.java:809)
        at java.util.concurrent.ThreadPoolExecutor.getTask(ThreadPoolExecutor.java:1074)
        at java.util.concurrent.ThreadPoolExecutor.runWorker(ThreadPoolExecutor.java:1134)
        at java.util.concurrent.ThreadPoolExecutor$Worker.run(ThreadPoolExecutor.java:624)
        at java.lang.Thread.run(Thread.java:750)
"qtp1138839318-3271" daemon prio=5 tid=3271 runnable
java.lang.Thread.State: RUNNABLE
        at sun.nio.ch.EPollArrayWrapper.epollWait(Native Method)
        at sun.nio.ch.EPollArrayWrapper.poll(EPollArrayWrapper.java:269)
        at sun.nio.ch.EPollSelectorImpl.doSelect(EPollSelectorImpl.java:93)
        at sun.nio.ch.SelectorImpl.lockAndDoSelect(SelectorImpl.java:86)
        at sun.nio.ch.SelectorImpl.select(SelectorImpl.java:97)
        at sun.nio.ch.SelectorImpl.select(SelectorImpl.java:101)
        at org.eclipse.jetty.io.ManagedSelector.nioSelect(ManagedSelector.java:183)
        at org.eclipse.jetty.io.ManagedSelector.select(ManagedSelector.java:190)
        at org.eclipse.jetty.io.ManagedSelector$SelectorProducer.select(ManagedSelector.java:606)
        at org.eclipse.jetty.io.ManagedSelector$SelectorProducer.produce(ManagedSelector.java:543)
        at org.eclipse.jetty.util.thread.strategy.EatWhatYouKill.produceTask(EatWhatYouKill.java:362)
        at org.eclipse.jetty.util.thread.strategy.EatWhatYouKill.doProduce(EatWhatYouKill.java:186)
        at org.eclipse.jetty.util.thread.strategy.EatWhatYouKill.tryProduce(EatWhatYouKill.java:173)
        at org.eclipse.jetty.util.thread.strategy.EatWhatYouKill.produce(EatWhatYouKill.java:137)
        at org.eclipse.jetty.io.ManagedSelector$$Lambda$480/1445512345.run(Unknown Source)
        at org.eclipse.jetty.util.thread.QueuedThreadPool.runJob(QueuedThreadPool.java:883)
        at org.eclipse.jetty.util.thread.QueuedThreadPool$Runner.run(QueuedThreadPool.java:1034)
        at java.lang.Thread.run(Thread.java:750)
"PartialTableCache Cleanup Thread - 0" daemon prio=5 tid=3624 in Object.wait()
java.lang.Thread.State: WAITING (on object monitor)
        at sun.misc.Unsafe.park(Native Method)
        at java.util.concurrent.locks.LockSupport.park(LockSupport.java:175)
        at java.util.concurrent.locks.AbstractQueuedSynchronizer$ConditionObject.await(AbstractQueuedSynchronizer.java:2039)
        at java.util.concurrent.LinkedBlockingQueue.take(LinkedBlockingQueue.java:442)
        at java.util.concurrent.ThreadPoolExecutor.getTask(ThreadPoolExecutor.java:1074)
        at java.util.concurrent.ThreadPoolExecutor.runWorker(ThreadPoolExecutor.java:1134)
        at java.util.concurrent.ThreadPoolExecutor$Worker.run(ThreadPoolExecutor.java:624)
        at java.lang.Thread.run(Thread.java:750)
"FixedThreadPoolWithAffinityExecutor-9-0" daemon prio=5 tid=4763 timed_waiting
java.lang.Thread.State: TIMED_WAITING
        at sun.misc.Unsafe.park(Native Method)
        at java.util.concurrent.locks.LockSupport.parkNanos(LockSupport.java:215)
        at java.util.concurrent.locks.AbstractQueuedSynchronizer$ConditionObject.awaitNanos(AbstractQueuedSynchronizer.java:2078)
        at java.util.concurrent.LinkedBlockingQueue.poll(LinkedBlockingQueue.java:467)
        at org.apache.hadoop.hdds.scm.server.ContainerReportQueue.poll(ContainerReportQueue.java:266)
        at org.apache.hadoop.hdds.scm.server.ContainerReportQueue.poll(ContainerReportQueue.java:42)
        at org.apache.hadoop.hdds.server.events.FixedThreadPoolWithAffinityExecutor$ContainerReportProcessTask.run(FixedThreadPoolWithAffinityExecutor.java:248)
        at java.util.concurrent.Executors$RunnableAdapter.call(Executors.java:511)
        at java.util.concurrent.FutureTask.run(FutureTask.java:266)
        at java.util.concurrent.ThreadPoolExecutor.runWorker(ThreadPoolExecutor.java:1149)
        at java.util.concurrent.ThreadPoolExecutor$Worker.run(ThreadPoolExecutor.java:624)
        at java.lang.Thread.run(Thread.java:750)
"qtp1099129309-4266" daemon prio=5 tid=4266 timed_waiting
java.lang.Thread.State: TIMED_WAITING
        at sun.misc.Unsafe.park(Native Method)
        at java.util.concurrent.locks.LockSupport.parkNanos(LockSupport.java:215)
        at java.util.concurrent.locks.AbstractQueuedSynchronizer$ConditionObject.awaitNanos(AbstractQueuedSynchronizer.java:2078)
        at org.eclipse.jetty.util.BlockingArrayQueue.poll(BlockingArrayQueue.java:382)
        at org.eclipse.jetty.util.thread.QueuedThreadPool$Runner.idleJobPoll(QueuedThreadPool.java:974)
        at org.eclipse.jetty.util.thread.QueuedThreadPool$Runner.run(QueuedThreadPool.java:1018)
        at java.lang.Thread.run(Thread.java:750)
"Socket Reader #1 for port 0"  prio=5 tid=3732 runnable
java.lang.Thread.State: RUNNABLE
        at sun.nio.ch.EPollArrayWrapper.epollWait(Native Method)
        at sun.nio.ch.EPollArrayWrapper.poll(EPollArrayWrapper.java:269)
        at sun.nio.ch.EPollSelectorImpl.doSelect(EPollSelectorImpl.java:93)
        at sun.nio.ch.SelectorImpl.lockAndDoSelect(SelectorImpl.java:86)
        at sun.nio.ch.SelectorImpl.select(SelectorImpl.java:97)
        at sun.nio.ch.SelectorImpl.select(SelectorImpl.java:101)
        at org.apache.hadoop.ipc.Server$Listener$Reader.doRunLoop(Server.java:1296)
        at org.apache.hadoop.ipc.Server$Listener$Reader.run(Server.java:1275)
"om1-client-thread1" daemon prio=5 tid=5639 timed_waiting
java.lang.Thread.State: TIMED_WAITING
        at sun.misc.Unsafe.park(Native Method)
        at java.util.concurrent.locks.LockSupport.parkNanos(LockSupport.java:215)
        at java.util.concurrent.SynchronousQueue$TransferStack.awaitFulfill(SynchronousQueue.java:460)
        at java.util.concurrent.SynchronousQueue$TransferStack.transfer(SynchronousQueue.java:362)
        at java.util.concurrent.SynchronousQueue.poll(SynchronousQueue.java:941)
        at java.util.concurrent.ThreadPoolExecutor.getTask(ThreadPoolExecutor.java:1073)
        at java.util.concurrent.ThreadPoolExecutor.runWorker(ThreadPoolExecutor.java:1134)
        at java.util.concurrent.ThreadPoolExecutor$Worker.run(ThreadPoolExecutor.java:624)
        at java.lang.Thread.run(Thread.java:750)
"FixedThreadPoolWithAffinityExecutor-2-0" daemon prio=5 tid=4756 timed_waiting
java.lang.Thread.State: TIMED_WAITING
        at sun.misc.Unsafe.park(Native Method)
        at java.util.concurrent.locks.LockSupport.parkNanos(LockSupport.java:215)
        at java.util.concurrent.locks.AbstractQueuedSynchronizer$ConditionObject.awaitNanos(AbstractQueuedSynchronizer.java:2078)
        at java.util.concurrent.LinkedBlockingQueue.poll(LinkedBlockingQueue.java:467)
        at org.apache.hadoop.hdds.scm.server.ContainerReportQueue.poll(ContainerReportQueue.java:266)
        at org.apache.hadoop.hdds.scm.server.ContainerReportQueue.poll(ContainerReportQueue.java:42)
        at org.apache.hadoop.hdds.server.events.FixedThreadPoolWithAffinityExecutor$ContainerReportProcessTask.run(FixedThreadPoolWithAffinityExecutor.java:248)
        at java.util.concurrent.Executors$RunnableAdapter.call(Executors.java:511)
        at java.util.concurrent.FutureTask.run(FutureTask.java:266)
        at java.util.concurrent.ThreadPoolExecutor.runWorker(ThreadPoolExecutor.java:1149)
        at java.util.concurrent.ThreadPoolExecutor$Worker.run(ThreadPoolExecutor.java:624)
        at java.lang.Thread.run(Thread.java:750)
"pool-2056-thread-1" daemon prio=5 tid=4228 timed_waiting
java.lang.Thread.State: TIMED_WAITING
        at sun.misc.Unsafe.park(Native Method)
        at java.util.concurrent.locks.LockSupport.parkNanos(LockSupport.java:215)
        at java.util.concurrent.locks.AbstractQueuedSynchronizer$ConditionObject.awaitNanos(AbstractQueuedSynchronizer.java:2078)
        at java.util.concurrent.ScheduledThreadPoolExecutor$DelayedWorkQueue.take(ScheduledThreadPoolExecutor.java:1093)
        at java.util.concurrent.ScheduledThreadPoolExecutor$DelayedWorkQueue.take(ScheduledThreadPoolExecutor.java:809)
        at java.util.concurrent.ThreadPoolExecutor.getTask(ThreadPoolExecutor.java:1074)
        at java.util.concurrent.ThreadPoolExecutor.runWorker(ThreadPoolExecutor.java:1134)
        at java.util.concurrent.ThreadPoolExecutor$Worker.run(ThreadPoolExecutor.java:624)
        at java.lang.Thread.run(Thread.java:750)
"IPC Server handler 19 on default port 36439" daemon prio=5 tid=3803 timed_waiting
java.lang.Thread.State: TIMED_WAITING
        at sun.misc.Unsafe.park(Native Method)
        at java.util.concurrent.locks.LockSupport.parkNanos(LockSupport.java:215)
        at java.util.concurrent.locks.AbstractQueuedSynchronizer$ConditionObject.awaitNanos(AbstractQueuedSynchronizer.java:2078)
        at java.util.concurrent.LinkedBlockingQueue.poll(LinkedBlockingQueue.java:467)
        at org.apache.hadoop.ipc.CallQueueManager.take(CallQueueManager.java:317)
        at org.apache.hadoop.ipc.Server$Handler.run(Server.java:2942)
"BlockDeletingService#2" daemon prio=5 tid=5655 in Object.wait()
java.lang.Thread.State: WAITING (on object monitor)
        at sun.misc.Unsafe.park(Native Method)
        at java.util.concurrent.locks.LockSupport.park(LockSupport.java:175)
        at java.util.concurrent.locks.AbstractQueuedSynchronizer$ConditionObject.await(AbstractQueuedSynchronizer.java:2039)
        at java.util.concurrent.ScheduledThreadPoolExecutor$DelayedWorkQueue.take(ScheduledThreadPoolExecutor.java:1088)
        at java.util.concurrent.ScheduledThreadPoolExecutor$DelayedWorkQueue.take(ScheduledThreadPoolExecutor.java:809)
        at java.util.concurrent.ThreadPoolExecutor.getTask(ThreadPoolExecutor.java:1074)
        at java.util.concurrent.ThreadPoolExecutor.runWorker(ThreadPoolExecutor.java:1134)
        at java.util.concurrent.ThreadPoolExecutor$Worker.run(ThreadPoolExecutor.java:624)
        at java.lang.Thread.run(Thread.java:750)
"6ecf90bc-d89b-4751-b881-1a8d98ba8de4@group-3FB80795822F-SegmentedRaftLogWorker"  prio=5 tid=4468 timed_waiting
java.lang.Thread.State: TIMED_WAITING
        at sun.misc.Unsafe.park(Native Method)
        at java.util.concurrent.locks.LockSupport.parkNanos(LockSupport.java:215)
        at java.util.concurrent.locks.AbstractQueuedSynchronizer$ConditionObject.awaitNanos(AbstractQueuedSynchronizer.java:2078)
        at org.apache.ratis.util.DataBlockingQueue.poll(DataBlockingQueue.java:148)
        at org.apache.ratis.server.raftlog.segmented.SegmentedRaftLogWorker.run(SegmentedRaftLogWorker.java:310)
        at org.apache.ratis.server.raftlog.segmented.SegmentedRaftLogWorker$$Lambda$699/1369416112.run(Unknown Source)
        at java.lang.Thread.run(Thread.java:750)
"qtp1686202609-5082" daemon prio=5 tid=5082 timed_waiting
java.lang.Thread.State: TIMED_WAITING
        at sun.misc.Unsafe.park(Native Method)
        at java.util.concurrent.locks.LockSupport.parkNanos(LockSupport.java:215)
        at java.util.concurrent.locks.AbstractQueuedSynchronizer$ConditionObject.awaitNanos(AbstractQueuedSynchronizer.java:2078)
        at org.eclipse.jetty.util.BlockingArrayQueue.poll(BlockingArrayQueue.java:382)
        at org.eclipse.jetty.util.thread.QueuedThreadPool$Runner.idleJobPoll(QueuedThreadPool.java:974)
        at org.eclipse.jetty.util.thread.QueuedThreadPool$Runner.run(QueuedThreadPool.java:1018)
        at java.lang.Thread.run(Thread.java:750)
"Datanode ReportManager Thread - 3" daemon prio=5 tid=4277 in Object.wait()
java.lang.Thread.State: WAITING (on object monitor)
        at sun.misc.Unsafe.park(Native Method)
        at java.util.concurrent.locks.LockSupport.park(LockSupport.java:175)
        at java.util.concurrent.locks.AbstractQueuedSynchronizer$ConditionObject.await(AbstractQueuedSynchronizer.java:2039)
        at java.util.concurrent.ScheduledThreadPoolExecutor$DelayedWorkQueue.take(ScheduledThreadPoolExecutor.java:1088)
        at java.util.concurrent.ScheduledThreadPoolExecutor$DelayedWorkQueue.take(ScheduledThreadPoolExecutor.java:809)
        at java.util.concurrent.ThreadPoolExecutor.getTask(ThreadPoolExecutor.java:1074)
        at java.util.concurrent.ThreadPoolExecutor.runWorker(ThreadPoolExecutor.java:1134)
        at java.util.concurrent.ThreadPoolExecutor$Worker.run(ThreadPoolExecutor.java:624)
        at java.lang.Thread.run(Thread.java:750)
"StaleRecoveringContainerScrubbingService#2" daemon prio=5 tid=5646 in Object.wait()
java.lang.Thread.State: WAITING (on object monitor)
        at sun.misc.Unsafe.park(Native Method)
        at java.util.concurrent.locks.LockSupport.park(LockSupport.java:175)
        at java.util.concurrent.locks.AbstractQueuedSynchronizer$ConditionObject.await(AbstractQueuedSynchronizer.java:2039)
        at java.util.concurrent.ScheduledThreadPoolExecutor$DelayedWorkQueue.take(ScheduledThreadPoolExecutor.java:1088)
        at java.util.concurrent.ScheduledThreadPoolExecutor$DelayedWorkQueue.take(ScheduledThreadPoolExecutor.java:809)
        at java.util.concurrent.ThreadPoolExecutor.getTask(ThreadPoolExecutor.java:1074)
        at java.util.concurrent.ThreadPoolExecutor.runWorker(ThreadPoolExecutor.java:1134)
        at java.util.concurrent.ThreadPoolExecutor$Worker.run(ThreadPoolExecutor.java:624)
        at java.lang.Thread.run(Thread.java:750)
"EventQueue-OpenPipelineForHealthyPipelineSafeModeRule" daemon prio=5 tid=5597 in Object.wait()
java.lang.Thread.State: WAITING (on object monitor)
        at sun.misc.Unsafe.park(Native Method)
        at java.util.concurrent.locks.LockSupport.park(LockSupport.java:175)
        at java.util.concurrent.locks.AbstractQueuedSynchronizer$ConditionObject.await(AbstractQueuedSynchronizer.java:2039)
        at java.util.concurrent.LinkedBlockingQueue.take(LinkedBlockingQueue.java:442)
        at java.util.concurrent.ThreadPoolExecutor.getTask(ThreadPoolExecutor.java:1074)
        at java.util.concurrent.ThreadPoolExecutor.runWorker(ThreadPoolExecutor.java:1134)
        at java.util.concurrent.ThreadPoolExecutor$Worker.run(ThreadPoolExecutor.java:624)
        at java.lang.Thread.run(Thread.java:750)
"IPC Server handler 1 on default port 41341" daemon prio=5 tid=3805 timed_waiting
java.lang.Thread.State: TIMED_WAITING
        at sun.misc.Unsafe.park(Native Method)
        at java.util.concurrent.locks.LockSupport.parkNanos(LockSupport.java:215)
        at java.util.concurrent.locks.AbstractQueuedSynchronizer$ConditionObject.awaitNanos(AbstractQueuedSynchronizer.java:2078)
        at java.util.concurrent.LinkedBlockingQueue.poll(LinkedBlockingQueue.java:467)
        at org.apache.hadoop.ipc.CallQueueManager.take(CallQueueManager.java:317)
        at org.apache.hadoop.ipc.Server$Handler.run(Server.java:2942)
"ContainerOp-d03e4836-7d8d-4de7-87bd-2d1f402832ad-4"  prio=5 tid=4857 in Object.wait()
java.lang.Thread.State: WAITING (on object monitor)
        at sun.misc.Unsafe.park(Native Method)
        at java.util.concurrent.locks.LockSupport.park(LockSupport.java:175)
        at java.util.concurrent.locks.AbstractQueuedSynchronizer$ConditionObject.await(AbstractQueuedSynchronizer.java:2039)
        at java.util.concurrent.LinkedBlockingQueue.take(LinkedBlockingQueue.java:442)
        at java.util.concurrent.ThreadPoolExecutor.getTask(ThreadPoolExecutor.java:1074)
        at java.util.concurrent.ThreadPoolExecutor.runWorker(ThreadPoolExecutor.java:1134)
        at java.util.concurrent.ThreadPoolExecutor$Worker.run(ThreadPoolExecutor.java:624)
        at java.lang.Thread.run(Thread.java:750)
"IPC Server handler 10 on default port 34157" daemon prio=5 tid=4021 timed_waiting
java.lang.Thread.State: TIMED_WAITING
        at sun.misc.Unsafe.park(Native Method)
        at java.util.concurrent.locks.LockSupport.parkNanos(LockSupport.java:215)
        at java.util.concurrent.locks.AbstractQueuedSynchronizer$ConditionObject.awaitNanos(AbstractQueuedSynchronizer.java:2078)
        at java.util.concurrent.LinkedBlockingQueue.poll(LinkedBlockingQueue.java:467)
        at org.apache.hadoop.ipc.CallQueueManager.take(CallQueueManager.java:317)
        at org.apache.hadoop.ipc.Server$Handler.run(Server.java:2942)
"pool-2456-thread-1"  prio=5 tid=5021 timed_waiting
java.lang.Thread.State: TIMED_WAITING
        at sun.misc.Unsafe.park(Native Method)
        at java.util.concurrent.locks.LockSupport.parkNanos(LockSupport.java:215)
        at java.util.concurrent.locks.AbstractQueuedSynchronizer$ConditionObject.awaitNanos(AbstractQueuedSynchronizer.java:2078)
        at java.util.concurrent.ScheduledThreadPoolExecutor$DelayedWorkQueue.take(ScheduledThreadPoolExecutor.java:1093)
        at java.util.concurrent.ScheduledThreadPoolExecutor$DelayedWorkQueue.take(ScheduledThreadPoolExecutor.java:809)
        at java.util.concurrent.ThreadPoolExecutor.getTask(ThreadPoolExecutor.java:1074)
        at java.util.concurrent.ThreadPoolExecutor.runWorker(ThreadPoolExecutor.java:1134)
        at java.util.concurrent.ThreadPoolExecutor$Worker.run(ThreadPoolExecutor.java:624)
        at java.lang.Thread.run(Thread.java:750)
"Datanode State Machine Task Thread - 0"  prio=5 tid=3288 in Object.wait()
java.lang.Thread.State: WAITING (on object monitor)
        at sun.misc.Unsafe.park(Native Method)
        at java.util.concurrent.locks.LockSupport.park(LockSupport.java:175)
        at java.util.concurrent.locks.AbstractQueuedSynchronizer$ConditionObject.await(AbstractQueuedSynchronizer.java:2039)
        at java.util.concurrent.LinkedBlockingQueue.take(LinkedBlockingQueue.java:442)
        at java.util.concurrent.ThreadPoolExecutor.getTask(ThreadPoolExecutor.java:1074)
        at java.util.concurrent.ThreadPoolExecutor.runWorker(ThreadPoolExecutor.java:1134)
        at java.util.concurrent.ThreadPoolExecutor$Worker.run(ThreadPoolExecutor.java:624)
        at java.lang.Thread.run(Thread.java:750)
"StaleRecoveringContainerScrubbingService#1" daemon prio=5 tid=4422 timed_waiting
java.lang.Thread.State: TIMED_WAITING
        at sun.misc.Unsafe.park(Native Method)
        at java.util.concurrent.locks.LockSupport.parkNanos(LockSupport.java:215)
        at java.util.concurrent.locks.AbstractQueuedSynchronizer$ConditionObject.awaitNanos(AbstractQueuedSynchronizer.java:2078)
        at java.util.concurrent.ScheduledThreadPoolExecutor$DelayedWorkQueue.take(ScheduledThreadPoolExecutor.java:1093)
        at java.util.concurrent.ScheduledThreadPoolExecutor$DelayedWorkQueue.take(ScheduledThreadPoolExecutor.java:809)
        at java.util.concurrent.ThreadPoolExecutor.getTask(ThreadPoolExecutor.java:1074)
        at java.util.concurrent.ThreadPoolExecutor.runWorker(ThreadPoolExecutor.java:1134)
        at java.util.concurrent.ThreadPoolExecutor$Worker.run(ThreadPoolExecutor.java:624)
        at java.lang.Thread.run(Thread.java:750)
"4e9d01e2-99f3-4323-a596-366f46fa44e1@group-7FB4E2DAD21F-SegmentedRaftLogWorker"  prio=5 tid=3630 timed_waiting
java.lang.Thread.State: TIMED_WAITING
        at sun.misc.Unsafe.park(Native Method)
        at java.util.concurrent.locks.LockSupport.parkNanos(LockSupport.java:215)
        at java.util.concurrent.locks.AbstractQueuedSynchronizer$ConditionObject.awaitNanos(AbstractQueuedSynchronizer.java:2078)
        at org.apache.ratis.util.DataBlockingQueue.poll(DataBlockingQueue.java:148)
        at org.apache.ratis.server.raftlog.segmented.SegmentedRaftLogWorker.run(SegmentedRaftLogWorker.java:310)
        at org.apache.ratis.server.raftlog.segmented.SegmentedRaftLogWorker$$Lambda$699/1369416112.run(Unknown Source)
        at java.lang.Thread.run(Thread.java:750)
"Datanode State Machine Task Thread - 1"  prio=5 tid=3547 in Object.wait()
java.lang.Thread.State: WAITING (on object monitor)
        at sun.misc.Unsafe.park(Native Method)
        at java.util.concurrent.locks.LockSupport.park(LockSupport.java:175)
        at java.util.concurrent.locks.AbstractQueuedSynchronizer$ConditionObject.await(AbstractQueuedSynchronizer.java:2039)
        at java.util.concurrent.LinkedBlockingQueue.take(LinkedBlockingQueue.java:442)
        at java.util.concurrent.ThreadPoolExecutor.getTask(ThreadPoolExecutor.java:1074)
        at java.util.concurrent.ThreadPoolExecutor.runWorker(ThreadPoolExecutor.java:1134)
        at java.util.concurrent.ThreadPoolExecutor$Worker.run(ThreadPoolExecutor.java:624)
        at java.lang.Thread.run(Thread.java:750)
"qtp838819951-4949-acceptor-0@380e3ccf-ServerConnector@5a6cf8a7{HTTP/1.1, (http/1.1)}{0.0.0.0:34181}" daemon prio=3 tid=4949 runnable
java.lang.Thread.State: RUNNABLE
        at sun.nio.ch.ServerSocketChannelImpl.accept0(Native Method)
        at sun.nio.ch.ServerSocketChannelImpl.accept(ServerSocketChannelImpl.java:421)
        at sun.nio.ch.ServerSocketChannelImpl.accept(ServerSocketChannelImpl.java:249)
        at org.eclipse.jetty.server.ServerConnector.accept(ServerConnector.java:388)
        at org.eclipse.jetty.server.AbstractConnector$Acceptor.run(AbstractConnector.java:704)
        at org.eclipse.jetty.util.thread.QueuedThreadPool.runJob(QueuedThreadPool.java:883)
        at org.eclipse.jetty.util.thread.QueuedThreadPool$Runner.run(QueuedThreadPool.java:1034)
        at java.lang.Thread.run(Thread.java:750)
"qtp652561456-3438" daemon prio=5 tid=3438 timed_waiting
java.lang.Thread.State: TIMED_WAITING
        at sun.misc.Unsafe.park(Native Method)
        at java.util.concurrent.locks.LockSupport.parkNanos(LockSupport.java:215)
        at java.util.concurrent.locks.AbstractQueuedSynchronizer$ConditionObject.awaitNanos(AbstractQueuedSynchronizer.java:2078)
        at org.eclipse.jetty.util.BlockingArrayQueue.poll(BlockingArrayQueue.java:382)
        at org.eclipse.jetty.util.thread.QueuedThreadPool$Runner.idleJobPoll(QueuedThreadPool.java:974)
        at org.eclipse.jetty.util.thread.QueuedThreadPool$Runner.run(QueuedThreadPool.java:1018)
        at java.lang.Thread.run(Thread.java:750)
"BlockDeletingService#1" daemon prio=5 tid=5194 in Object.wait()
java.lang.Thread.State: WAITING (on object monitor)
        at sun.misc.Unsafe.park(Native Method)
        at java.util.concurrent.locks.LockSupport.park(LockSupport.java:175)
        at java.util.concurrent.locks.AbstractQueuedSynchronizer$ConditionObject.await(AbstractQueuedSynchronizer.java:2039)
        at java.util.concurrent.ScheduledThreadPoolExecutor$DelayedWorkQueue.take(ScheduledThreadPoolExecutor.java:1088)
        at java.util.concurrent.ScheduledThreadPoolExecutor$DelayedWorkQueue.take(ScheduledThreadPoolExecutor.java:809)
        at java.util.concurrent.ThreadPoolExecutor.getTask(ThreadPoolExecutor.java:1074)
        at java.util.concurrent.ThreadPoolExecutor.runWorker(ThreadPoolExecutor.java:1134)
        at java.util.concurrent.ThreadPoolExecutor$Worker.run(ThreadPoolExecutor.java:624)
        at java.lang.Thread.run(Thread.java:750)
"Datanode ReportManager Thread - 3" daemon prio=5 tid=5089 in Object.wait()
java.lang.Thread.State: WAITING (on object monitor)
        at sun.misc.Unsafe.park(Native Method)
        at java.util.concurrent.locks.LockSupport.park(LockSupport.java:175)
        at java.util.concurrent.locks.AbstractQueuedSynchronizer$ConditionObject.await(AbstractQueuedSynchronizer.java:2039)
        at java.util.concurrent.ScheduledThreadPoolExecutor$DelayedWorkQueue.take(ScheduledThreadPoolExecutor.java:1088)
        at java.util.concurrent.ScheduledThreadPoolExecutor$DelayedWorkQueue.take(ScheduledThreadPoolExecutor.java:809)
        at java.util.concurrent.ThreadPoolExecutor.getTask(ThreadPoolExecutor.java:1074)
        at java.util.concurrent.ThreadPoolExecutor.runWorker(ThreadPoolExecutor.java:1134)
        at java.util.concurrent.ThreadPoolExecutor$Worker.run(ThreadPoolExecutor.java:624)
        at java.lang.Thread.run(Thread.java:750)
"2caa6dbd-0dfc-46f6-9048-e45aa22bedc3@group-21DB1F2D13C8-StateMachineUpdater" daemon prio=5 tid=4488 timed_waiting
java.lang.Thread.State: TIMED_WAITING
        at sun.misc.Unsafe.park(Native Method)
        at java.util.concurrent.locks.LockSupport.parkNanos(LockSupport.java:215)
        at java.util.concurrent.CompletableFuture$Signaller.block(CompletableFuture.java:1709)
        at java.util.concurrent.ForkJoinPool.managedBlock(ForkJoinPool.java:3323)
        at java.util.concurrent.CompletableFuture.timedGet(CompletableFuture.java:1788)
        at java.util.concurrent.CompletableFuture.get(CompletableFuture.java:1928)
        at org.apache.ratis.util.AwaitForSignal.await(AwaitForSignal.java:56)
        at org.apache.ratis.server.impl.StateMachineUpdater.waitForCommit(StateMachineUpdater.java:207)
        at org.apache.ratis.server.impl.StateMachineUpdater.run(StateMachineUpdater.java:176)
        at java.lang.Thread.run(Thread.java:750)
"IPC Server handler 15 on default port 45267" daemon prio=5 tid=5523 timed_waiting
java.lang.Thread.State: TIMED_WAITING
        at sun.misc.Unsafe.park(Native Method)
        at java.util.concurrent.locks.LockSupport.parkNanos(LockSupport.java:215)
        at java.util.concurrent.locks.AbstractQueuedSynchronizer$ConditionObject.awaitNanos(AbstractQueuedSynchronizer.java:2078)
        at java.util.concurrent.LinkedBlockingQueue.poll(LinkedBlockingQueue.java:467)
        at org.apache.hadoop.ipc.CallQueueManager.take(CallQueueManager.java:317)
        at org.apache.hadoop.ipc.Server$Handler.run(Server.java:2942)
"Session-HouseKeeper-5683978e-1"  prio=5 tid=5030 timed_waiting
java.lang.Thread.State: TIMED_WAITING
        at sun.misc.Unsafe.park(Native Method)
        at java.util.concurrent.locks.LockSupport.parkNanos(LockSupport.java:215)
        at java.util.concurrent.locks.AbstractQueuedSynchronizer$ConditionObject.awaitNanos(AbstractQueuedSynchronizer.java:2078)
        at java.util.concurrent.ScheduledThreadPoolExecutor$DelayedWorkQueue.take(ScheduledThreadPoolExecutor.java:1093)
        at java.util.concurrent.ScheduledThreadPoolExecutor$DelayedWorkQueue.take(ScheduledThreadPoolExecutor.java:809)
        at java.util.concurrent.ThreadPoolExecutor.getTask(ThreadPoolExecutor.java:1074)
        at java.util.concurrent.ThreadPoolExecutor.runWorker(ThreadPoolExecutor.java:1134)
        at java.util.concurrent.ThreadPoolExecutor$Worker.run(ThreadPoolExecutor.java:624)
        at java.lang.Thread.run(Thread.java:750)
"Datanode State Machine Task Thread - 0"  prio=5 tid=5013 in Object.wait()
java.lang.Thread.State: WAITING (on object monitor)
        at sun.misc.Unsafe.park(Native Method)
        at java.util.concurrent.locks.LockSupport.park(LockSupport.java:175)
        at java.util.concurrent.locks.AbstractQueuedSynchronizer$ConditionObject.await(AbstractQueuedSynchronizer.java:2039)
        at java.util.concurrent.LinkedBlockingQueue.take(LinkedBlockingQueue.java:442)
        at java.util.concurrent.ThreadPoolExecutor.getTask(ThreadPoolExecutor.java:1074)
        at java.util.concurrent.ThreadPoolExecutor.runWorker(ThreadPoolExecutor.java:1134)
        at java.util.concurrent.ThreadPoolExecutor$Worker.run(ThreadPoolExecutor.java:624)
        at java.lang.Thread.run(Thread.java:750)
"qtp708458890-4236" daemon prio=5 tid=4236 timed_waiting
java.lang.Thread.State: TIMED_WAITING
        at sun.misc.Unsafe.park(Native Method)
        at java.util.concurrent.locks.LockSupport.parkNanos(LockSupport.java:215)
        at java.util.concurrent.locks.AbstractQueuedSynchronizer$ConditionObject.awaitNanos(AbstractQueuedSynchronizer.java:2078)
        at org.eclipse.jetty.util.BlockingArrayQueue.poll(BlockingArrayQueue.java:382)
        at org.eclipse.jetty.util.thread.QueuedThreadPool$Runner.idleJobPoll(QueuedThreadPool.java:974)
        at org.eclipse.jetty.util.thread.QueuedThreadPool$Runner.run(QueuedThreadPool.java:1018)
        at java.lang.Thread.run(Thread.java:750)
"IPC Server listener on 0" daemon prio=5 tid=3220 runnable
java.lang.Thread.State: RUNNABLE
        at sun.nio.ch.EPollArrayWrapper.epollWait(Native Method)
        at sun.nio.ch.EPollArrayWrapper.poll(EPollArrayWrapper.java:269)
        at sun.nio.ch.EPollSelectorImpl.doSelect(EPollSelectorImpl.java:93)
        at sun.nio.ch.SelectorImpl.lockAndDoSelect(SelectorImpl.java:86)
        at sun.nio.ch.SelectorImpl.select(SelectorImpl.java:97)
        at sun.nio.ch.SelectorImpl.select(SelectorImpl.java:101)
        at org.apache.hadoop.ipc.Server$Listener.run(Server.java:1358)
"0937cbc4-4fcb-4175-86ee-590805f141ce@group-24DF8358FF23-SegmentedRaftLogWorker"  prio=5 tid=4539 timed_waiting
java.lang.Thread.State: TIMED_WAITING
        at sun.misc.Unsafe.park(Native Method)
        at java.util.concurrent.locks.LockSupport.parkNanos(LockSupport.java:215)
        at java.util.concurrent.locks.AbstractQueuedSynchronizer$ConditionObject.awaitNanos(AbstractQueuedSynchronizer.java:2078)
        at org.apache.ratis.util.DataBlockingQueue.poll(DataBlockingQueue.java:148)
        at org.apache.ratis.server.raftlog.segmented.SegmentedRaftLogWorker.run(SegmentedRaftLogWorker.java:310)
        at org.apache.ratis.server.raftlog.segmented.SegmentedRaftLogWorker$$Lambda$699/1369416112.run(Unknown Source)
        at java.lang.Thread.run(Thread.java:750)
"Datanode ReportManager Thread - 2" daemon prio=5 tid=3457 in Object.wait()
java.lang.Thread.State: WAITING (on object monitor)
        at sun.misc.Unsafe.park(Native Method)
        at java.util.concurrent.locks.LockSupport.park(LockSupport.java:175)
        at java.util.concurrent.locks.AbstractQueuedSynchronizer$ConditionObject.await(AbstractQueuedSynchronizer.java:2039)
        at java.util.concurrent.ScheduledThreadPoolExecutor$DelayedWorkQueue.take(ScheduledThreadPoolExecutor.java:1088)
        at java.util.concurrent.ScheduledThreadPoolExecutor$DelayedWorkQueue.take(ScheduledThreadPoolExecutor.java:809)
        at java.util.concurrent.ThreadPoolExecutor.getTask(ThreadPoolExecutor.java:1074)
        at java.util.concurrent.ThreadPoolExecutor.runWorker(ThreadPoolExecutor.java:1134)
        at java.util.concurrent.ThreadPoolExecutor$Worker.run(ThreadPoolExecutor.java:624)
        at java.lang.Thread.run(Thread.java:750)
"qtp652561456-3435" daemon prio=5 tid=3435 timed_waiting
java.lang.Thread.State: TIMED_WAITING
        at sun.misc.Unsafe.park(Native Method)
        at java.util.concurrent.locks.LockSupport.parkNanos(LockSupport.java:215)
        at java.util.concurrent.locks.AbstractQueuedSynchronizer$ConditionObject.awaitNanos(AbstractQueuedSynchronizer.java:2078)
        at org.eclipse.jetty.util.BlockingArrayQueue.poll(BlockingArrayQueue.java:382)
        at org.eclipse.jetty.util.thread.QueuedThreadPool$Runner.idleJobPoll(QueuedThreadPool.java:974)
        at org.eclipse.jetty.util.thread.QueuedThreadPool$Runner.run(QueuedThreadPool.java:1018)
        at java.lang.Thread.run(Thread.java:750)
"IPC Server handler 10 on default port 35159" daemon prio=5 tid=4780 timed_waiting
java.lang.Thread.State: TIMED_WAITING
        at sun.misc.Unsafe.park(Native Method)
        at java.util.concurrent.locks.LockSupport.parkNanos(LockSupport.java:215)
        at java.util.concurrent.locks.AbstractQueuedSynchronizer$ConditionObject.awaitNanos(AbstractQueuedSynchronizer.java:2078)
        at java.util.concurrent.LinkedBlockingQueue.poll(LinkedBlockingQueue.java:467)
        at org.apache.hadoop.ipc.CallQueueManager.take(CallQueueManager.java:317)
        at org.apache.hadoop.ipc.Server$Handler.run(Server.java:2942)
"Datanode ReportManager Thread - 4" daemon prio=5 tid=4219 in Object.wait()
java.lang.Thread.State: WAITING (on object monitor)
        at sun.misc.Unsafe.park(Native Method)
        at java.util.concurrent.locks.LockSupport.park(LockSupport.java:175)
        at java.util.concurrent.locks.AbstractQueuedSynchronizer$ConditionObject.await(AbstractQueuedSynchronizer.java:2039)
        at java.util.concurrent.ScheduledThreadPoolExecutor$DelayedWorkQueue.take(ScheduledThreadPoolExecutor.java:1088)
        at java.util.concurrent.ScheduledThreadPoolExecutor$DelayedWorkQueue.take(ScheduledThreadPoolExecutor.java:809)
        at java.util.concurrent.ThreadPoolExecutor.getTask(ThreadPoolExecutor.java:1074)
        at java.util.concurrent.ThreadPoolExecutor.runWorker(ThreadPoolExecutor.java:1134)
        at java.util.concurrent.ThreadPoolExecutor$Worker.run(ThreadPoolExecutor.java:624)
        at java.lang.Thread.run(Thread.java:750)
"BlockDeletingService#0" daemon prio=5 tid=3537 in Object.wait()
java.lang.Thread.State: WAITING (on object monitor)
        at sun.misc.Unsafe.park(Native Method)
        at java.util.concurrent.locks.LockSupport.park(LockSupport.java:175)
        at java.util.concurrent.locks.AbstractQueuedSynchronizer$ConditionObject.await(AbstractQueuedSynchronizer.java:2039)
        at java.util.concurrent.ScheduledThreadPoolExecutor$DelayedWorkQueue.take(ScheduledThreadPoolExecutor.java:1088)
        at java.util.concurrent.ScheduledThreadPoolExecutor$DelayedWorkQueue.take(ScheduledThreadPoolExecutor.java:809)
        at java.util.concurrent.ThreadPoolExecutor.getTask(ThreadPoolExecutor.java:1074)
        at java.util.concurrent.ThreadPoolExecutor.runWorker(ThreadPoolExecutor.java:1134)
        at java.util.concurrent.ThreadPoolExecutor$Worker.run(ThreadPoolExecutor.java:624)
        at java.lang.Thread.run(Thread.java:750)
"JvmPauseMonitor38" daemon prio=5 tid=3523 timed_waiting
java.lang.Thread.State: TIMED_WAITING
        at java.lang.Thread.sleep(Native Method)
        at java.lang.Thread.sleep(Thread.java:342)
        at java.util.concurrent.TimeUnit.sleep(TimeUnit.java:386)
        at org.apache.ratis.util.TimeDuration.sleep(TimeDuration.java:325)
        at org.apache.ratis.util.TimeDuration.sleep(TimeDuration.java:310)
        at org.apache.ratis.util.JvmPauseMonitor.detectPause(JvmPauseMonitor.java:119)
        at org.apache.ratis.util.JvmPauseMonitor.run(JvmPauseMonitor.java:108)
        at org.apache.ratis.util.JvmPauseMonitor$$Lambda$740/1979406568.run(Unknown Source)
        at java.lang.Thread.run(Thread.java:750)
"IPC Server handler 7 on default port 45267" daemon prio=5 tid=5515 timed_waiting
java.lang.Thread.State: TIMED_WAITING
        at sun.misc.Unsafe.park(Native Method)
        at java.util.concurrent.locks.LockSupport.parkNanos(LockSupport.java:215)
        at java.util.concurrent.locks.AbstractQueuedSynchronizer$ConditionObject.awaitNanos(AbstractQueuedSynchronizer.java:2078)
        at java.util.concurrent.LinkedBlockingQueue.poll(LinkedBlockingQueue.java:467)
        at org.apache.hadoop.ipc.CallQueueManager.take(CallQueueManager.java:317)
        at org.apache.hadoop.ipc.Server$Handler.run(Server.java:2942)
"05162e35-21c4-4960-8615-08a05e9f4f1b@group-3FB80795822F-SegmentedRaftLogWorker"  prio=5 tid=4459 timed_waiting
java.lang.Thread.State: TIMED_WAITING
        at sun.misc.Unsafe.park(Native Method)
        at java.util.concurrent.locks.LockSupport.parkNanos(LockSupport.java:215)
        at java.util.concurrent.locks.AbstractQueuedSynchronizer$ConditionObject.awaitNanos(AbstractQueuedSynchronizer.java:2078)
        at org.apache.ratis.util.DataBlockingQueue.poll(DataBlockingQueue.java:148)
        at org.apache.ratis.server.raftlog.segmented.SegmentedRaftLogWorker.run(SegmentedRaftLogWorker.java:310)
        at org.apache.ratis.server.raftlog.segmented.SegmentedRaftLogWorker$$Lambda$699/1369416112.run(Unknown Source)
        at java.lang.Thread.run(Thread.java:750)
"IPC Server handler 12 on default port 39603" daemon prio=5 tid=3774 timed_waiting
java.lang.Thread.State: TIMED_WAITING
        at sun.misc.Unsafe.park(Native Method)
        at java.util.concurrent.locks.LockSupport.parkNanos(LockSupport.java:215)
        at java.util.concurrent.locks.AbstractQueuedSynchronizer$ConditionObject.awaitNanos(AbstractQueuedSynchronizer.java:2078)
        at java.util.concurrent.LinkedBlockingQueue.poll(LinkedBlockingQueue.java:467)
        at org.apache.hadoop.ipc.CallQueueManager.take(CallQueueManager.java:317)
        at org.apache.hadoop.ipc.Server$Handler.run(Server.java:2942)
"IPC Server handler 5 on default port 34529" daemon prio=5 tid=5533 timed_waiting
java.lang.Thread.State: TIMED_WAITING
        at sun.misc.Unsafe.park(Native Method)
        at java.util.concurrent.locks.LockSupport.parkNanos(LockSupport.java:215)
        at java.util.concurrent.locks.AbstractQueuedSynchronizer$ConditionObject.awaitNanos(AbstractQueuedSynchronizer.java:2078)
        at java.util.concurrent.LinkedBlockingQueue.poll(LinkedBlockingQueue.java:467)
        at org.apache.hadoop.ipc.CallQueueManager.take(CallQueueManager.java:317)
        at org.apache.hadoop.ipc.Server$Handler.run(Server.java:2942)
"IPC Server handler 5 on default port 39657" daemon prio=5 tid=4962 timed_waiting
java.lang.Thread.State: TIMED_WAITING
        at sun.misc.Unsafe.park(Native Method)
        at java.util.concurrent.locks.LockSupport.parkNanos(LockSupport.java:215)
        at java.util.concurrent.locks.AbstractQueuedSynchronizer$ConditionObject.awaitNanos(AbstractQueuedSynchronizer.java:2078)
        at java.util.concurrent.LinkedBlockingQueue.poll(LinkedBlockingQueue.java:467)
        at org.apache.hadoop.ipc.CallQueueManager.take(CallQueueManager.java:317)
        at org.apache.hadoop.ipc.Server$Handler.run(Server.java:2942)
"ChunkReader-ELG-0" daemon prio=5 tid=4345 runnable
java.lang.Thread.State: RUNNABLE
        at org.apache.ratis.thirdparty.io.netty.channel.epoll.Native.epollWait(Native Method)
        at org.apache.ratis.thirdparty.io.netty.channel.epoll.Native.epollWait(Native.java:209)
        at org.apache.ratis.thirdparty.io.netty.channel.epoll.Native.epollWait(Native.java:202)
        at org.apache.ratis.thirdparty.io.netty.channel.epoll.EpollEventLoop.epollWaitNoTimerChange(EpollEventLoop.java:294)
        at org.apache.ratis.thirdparty.io.netty.channel.epoll.EpollEventLoop.run(EpollEventLoop.java:351)
        at org.apache.ratis.thirdparty.io.netty.util.concurrent.SingleThreadEventExecutor$4.run(SingleThreadEventExecutor.java:995)
        at org.apache.ratis.thirdparty.io.netty.util.internal.ThreadExecutorMap$2.run(ThreadExecutorMap.java:74)
        at java.lang.Thread.run(Thread.java:750)
"DirectoryDeletingService#0" daemon prio=5 tid=4945 timed_waiting
java.lang.Thread.State: TIMED_WAITING
        at sun.misc.Unsafe.park(Native Method)
        at java.util.concurrent.locks.LockSupport.parkNanos(LockSupport.java:215)
        at java.util.concurrent.locks.AbstractQueuedSynchronizer$ConditionObject.awaitNanos(AbstractQueuedSynchronizer.java:2078)
        at java.util.concurrent.ScheduledThreadPoolExecutor$DelayedWorkQueue.take(ScheduledThreadPoolExecutor.java:1093)
        at java.util.concurrent.ScheduledThreadPoolExecutor$DelayedWorkQueue.take(ScheduledThreadPoolExecutor.java:809)
        at java.util.concurrent.ThreadPoolExecutor.getTask(ThreadPoolExecutor.java:1074)
        at java.util.concurrent.ThreadPoolExecutor.runWorker(ThreadPoolExecutor.java:1134)
        at java.util.concurrent.ThreadPoolExecutor$Worker.run(ThreadPoolExecutor.java:624)
        at java.lang.Thread.run(Thread.java:750)
"Socket Reader #1 for port 0"  prio=5 tid=3736 runnable
java.lang.Thread.State: RUNNABLE
        at sun.nio.ch.EPollArrayWrapper.epollWait(Native Method)
        at sun.nio.ch.EPollArrayWrapper.poll(EPollArrayWrapper.java:269)
        at sun.nio.ch.EPollSelectorImpl.doSelect(EPollSelectorImpl.java:93)
        at sun.nio.ch.SelectorImpl.lockAndDoSelect(SelectorImpl.java:86)
        at sun.nio.ch.SelectorImpl.select(SelectorImpl.java:97)
        at sun.nio.ch.SelectorImpl.select(SelectorImpl.java:101)
        at org.apache.hadoop.ipc.Server$Listener$Reader.doRunLoop(Server.java:1296)
        at org.apache.hadoop.ipc.Server$Listener$Reader.run(Server.java:1275)
"grpc-default-executor-4" daemon prio=5 tid=883 timed_waiting
java.lang.Thread.State: TIMED_WAITING
        at sun.misc.Unsafe.park(Native Method)
        at java.util.concurrent.locks.LockSupport.parkNanos(LockSupport.java:215)
        at java.util.concurrent.SynchronousQueue$TransferStack.awaitFulfill(SynchronousQueue.java:460)
        at java.util.concurrent.SynchronousQueue$TransferStack.transfer(SynchronousQueue.java:362)
        at java.util.concurrent.SynchronousQueue.poll(SynchronousQueue.java:941)
        at java.util.concurrent.ThreadPoolExecutor.getTask(ThreadPoolExecutor.java:1073)
        at java.util.concurrent.ThreadPoolExecutor.runWorker(ThreadPoolExecutor.java:1134)
        at java.util.concurrent.ThreadPoolExecutor$Worker.run(ThreadPoolExecutor.java:624)
        at java.lang.Thread.run(Thread.java:750)
"pool-2579-thread-1" daemon prio=5 tid=5170 timed_waiting
java.lang.Thread.State: TIMED_WAITING
        at sun.misc.Unsafe.park(Native Method)
        at java.util.concurrent.locks.LockSupport.parkNanos(LockSupport.java:215)
        at java.util.concurrent.locks.AbstractQueuedSynchronizer$ConditionObject.awaitNanos(AbstractQueuedSynchronizer.java:2078)
        at java.util.concurrent.ScheduledThreadPoolExecutor$DelayedWorkQueue.take(ScheduledThreadPoolExecutor.java:1093)
        at java.util.concurrent.ScheduledThreadPoolExecutor$DelayedWorkQueue.take(ScheduledThreadPoolExecutor.java:809)
        at java.util.concurrent.ThreadPoolExecutor.getTask(ThreadPoolExecutor.java:1074)
        at java.util.concurrent.ThreadPoolExecutor.runWorker(ThreadPoolExecutor.java:1134)
        at java.util.concurrent.ThreadPoolExecutor$Worker.run(ThreadPoolExecutor.java:624)
        at java.lang.Thread.run(Thread.java:750)
"IPC Server Responder" daemon prio=5 tid=4938 runnable
java.lang.Thread.State: RUNNABLE
        at sun.nio.ch.EPollArrayWrapper.epollWait(Native Method)
        at sun.nio.ch.EPollArrayWrapper.poll(EPollArrayWrapper.java:269)
        at sun.nio.ch.EPollSelectorImpl.doSelect(EPollSelectorImpl.java:93)
        at sun.nio.ch.SelectorImpl.lockAndDoSelect(SelectorImpl.java:86)
        at sun.nio.ch.SelectorImpl.select(SelectorImpl.java:97)
        at org.apache.hadoop.ipc.Server$Responder.doRunLoop(Server.java:1532)
        at org.apache.hadoop.ipc.Server$Responder.run(Server.java:1515)
"qtp374142400-3301" daemon prio=5 tid=3301 timed_waiting
java.lang.Thread.State: TIMED_WAITING
        at sun.misc.Unsafe.park(Native Method)
        at java.util.concurrent.locks.LockSupport.parkNanos(LockSupport.java:215)
        at java.util.concurrent.locks.AbstractQueuedSynchronizer$ConditionObject.awaitNanos(AbstractQueuedSynchronizer.java:2078)
        at org.eclipse.jetty.util.BlockingArrayQueue.poll(BlockingArrayQueue.java:382)
        at org.eclipse.jetty.util.thread.QueuedThreadPool$Runner.idleJobPoll(QueuedThreadPool.java:974)
        at org.eclipse.jetty.util.thread.QueuedThreadPool$Runner.run(QueuedThreadPool.java:1018)
        at java.lang.Thread.run(Thread.java:750)
"org.apache.hadoop.ozone.container.common.statemachine.commandhandler.DeleteBlocksCommandHandler$DeleteCmdWorker@77678a20" daemon prio=5 tid=3378 timed_waiting
java.lang.Thread.State: TIMED_WAITING
        at java.lang.Thread.sleep(Native Method)
        at org.apache.hadoop.ozone.container.common.statemachine.commandhandler.DeleteBlocksCommandHandler$DeleteCmdWorker.run(DeleteBlocksCommandHandler.java:184)
        at java.lang.Thread.run(Thread.java:750)
"ContainerOp-d03e4836-7d8d-4de7-87bd-2d1f402832ad-5"  prio=5 tid=4858 in Object.wait()
java.lang.Thread.State: WAITING (on object monitor)
        at sun.misc.Unsafe.park(Native Method)
        at java.util.concurrent.locks.LockSupport.park(LockSupport.java:175)
        at java.util.concurrent.locks.AbstractQueuedSynchronizer$ConditionObject.await(AbstractQueuedSynchronizer.java:2039)
        at java.util.concurrent.LinkedBlockingQueue.take(LinkedBlockingQueue.java:442)
        at java.util.concurrent.ThreadPoolExecutor.getTask(ThreadPoolExecutor.java:1074)
        at java.util.concurrent.ThreadPoolExecutor.runWorker(ThreadPoolExecutor.java:1134)
        at java.util.concurrent.ThreadPoolExecutor$Worker.run(ThreadPoolExecutor.java:624)
        at java.lang.Thread.run(Thread.java:750)
"qtp97689361-3328" daemon prio=5 tid=3328 timed_waiting
java.lang.Thread.State: TIMED_WAITING
        at sun.misc.Unsafe.park(Native Method)
        at java.util.concurrent.locks.LockSupport.parkNanos(LockSupport.java:215)
        at java.util.concurrent.locks.AbstractQueuedSynchronizer$ConditionObject.awaitNanos(AbstractQueuedSynchronizer.java:2078)
        at org.eclipse.jetty.util.BlockingArrayQueue.poll(BlockingArrayQueue.java:382)
        at org.eclipse.jetty.util.thread.QueuedThreadPool$Runner.idleJobPoll(QueuedThreadPool.java:974)
        at org.eclipse.jetty.util.thread.QueuedThreadPool$Runner.run(QueuedThreadPool.java:1018)
        at java.lang.Thread.run(Thread.java:750)
"IPC Server handler 18 on default port 45833" daemon prio=5 tid=3260 timed_waiting
java.lang.Thread.State: TIMED_WAITING
        at sun.misc.Unsafe.park(Native Method)
        at java.util.concurrent.locks.LockSupport.parkNanos(LockSupport.java:215)
        at java.util.concurrent.locks.AbstractQueuedSynchronizer$ConditionObject.awaitNanos(AbstractQueuedSynchronizer.java:2078)
        at java.util.concurrent.LinkedBlockingQueue.poll(LinkedBlockingQueue.java:467)
        at org.apache.hadoop.ipc.CallQueueManager.take(CallQueueManager.java:317)
        at org.apache.hadoop.ipc.Server$Handler.run(Server.java:2942)
"qtp1324399707-5571" daemon prio=5 tid=5571 runnable
java.lang.Thread.State: RUNNABLE
        at sun.nio.ch.EPollArrayWrapper.epollWait(Native Method)
        at sun.nio.ch.EPollArrayWrapper.poll(EPollArrayWrapper.java:269)
        at sun.nio.ch.EPollSelectorImpl.doSelect(EPollSelectorImpl.java:93)
        at sun.nio.ch.SelectorImpl.lockAndDoSelect(SelectorImpl.java:86)
        at sun.nio.ch.SelectorImpl.select(SelectorImpl.java:97)
        at sun.nio.ch.SelectorImpl.select(SelectorImpl.java:101)
        at org.eclipse.jetty.io.ManagedSelector.nioSelect(ManagedSelector.java:183)
        at org.eclipse.jetty.io.ManagedSelector.select(ManagedSelector.java:190)
        at org.eclipse.jetty.io.ManagedSelector$SelectorProducer.select(ManagedSelector.java:606)
        at org.eclipse.jetty.io.ManagedSelector$SelectorProducer.produce(ManagedSelector.java:543)
        at org.eclipse.jetty.util.thread.strategy.EatWhatYouKill.produceTask(EatWhatYouKill.java:362)
        at org.eclipse.jetty.util.thread.strategy.EatWhatYouKill.doProduce(EatWhatYouKill.java:186)
        at org.eclipse.jetty.util.thread.strategy.EatWhatYouKill.tryProduce(EatWhatYouKill.java:173)
        at org.eclipse.jetty.util.thread.strategy.EatWhatYouKill.produce(EatWhatYouKill.java:137)
        at org.eclipse.jetty.io.ManagedSelector$$Lambda$480/1445512345.run(Unknown Source)
        at org.eclipse.jetty.util.thread.QueuedThreadPool.runJob(QueuedThreadPool.java:883)
        at org.eclipse.jetty.util.thread.QueuedThreadPool$Runner.run(QueuedThreadPool.java:1034)
        at java.lang.Thread.run(Thread.java:750)
"IPC Client (1161196404) connection to 0.0.0.0/0.0.0.0:40433 from runner" daemon prio=5 tid=5147 timed_waiting
java.lang.Thread.State: TIMED_WAITING
        at java.lang.Object.wait(Native Method)
        at org.apache.hadoop.ipc.Client$Connection.waitForWork(Client.java:1086)
        at org.apache.hadoop.ipc.Client$Connection.run(Client.java:1133)
"pool-2552-thread-1" daemon prio=5 tid=5131 timed_waiting
java.lang.Thread.State: TIMED_WAITING
        at sun.misc.Unsafe.park(Native Method)
        at java.util.concurrent.locks.LockSupport.parkNanos(LockSupport.java:215)
        at java.util.concurrent.locks.AbstractQueuedSynchronizer$ConditionObject.awaitNanos(AbstractQueuedSynchronizer.java:2078)
        at java.util.concurrent.ScheduledThreadPoolExecutor$DelayedWorkQueue.take(ScheduledThreadPoolExecutor.java:1093)
        at java.util.concurrent.ScheduledThreadPoolExecutor$DelayedWorkQueue.take(ScheduledThreadPoolExecutor.java:809)
        at java.util.concurrent.ThreadPoolExecutor.getTask(ThreadPoolExecutor.java:1074)
        at java.util.concurrent.ThreadPoolExecutor.runWorker(ThreadPoolExecutor.java:1134)
        at java.util.concurrent.ThreadPoolExecutor$Worker.run(ThreadPoolExecutor.java:624)
        at java.lang.Thread.run(Thread.java:750)
"qtp194861159-3384" daemon prio=5 tid=3384 timed_waiting
java.lang.Thread.State: TIMED_WAITING
        at sun.misc.Unsafe.park(Native Method)
        at java.util.concurrent.locks.LockSupport.parkNanos(LockSupport.java:215)
        at java.util.concurrent.locks.AbstractQueuedSynchronizer$ConditionObject.awaitNanos(AbstractQueuedSynchronizer.java:2078)
        at org.eclipse.jetty.util.BlockingArrayQueue.poll(BlockingArrayQueue.java:382)
        at org.eclipse.jetty.util.thread.QueuedThreadPool$Runner.idleJobPoll(QueuedThreadPool.java:974)
        at org.eclipse.jetty.util.thread.QueuedThreadPool$Runner.run(QueuedThreadPool.java:1018)
        at java.lang.Thread.run(Thread.java:750)
"qtp194861159-3381-acceptor-0@67f5af36-ServerConnector@3705e1a4{HTTP/1.1, (http/1.1)}{0.0.0.0:34947}" daemon prio=3 tid=3381 runnable
java.lang.Thread.State: RUNNABLE
        at sun.nio.ch.ServerSocketChannelImpl.accept0(Native Method)
        at sun.nio.ch.ServerSocketChannelImpl.accept(ServerSocketChannelImpl.java:421)
        at sun.nio.ch.ServerSocketChannelImpl.accept(ServerSocketChannelImpl.java:249)
        at org.eclipse.jetty.server.ServerConnector.accept(ServerConnector.java:388)
        at org.eclipse.jetty.server.AbstractConnector$Acceptor.run(AbstractConnector.java:704)
        at org.eclipse.jetty.util.thread.QueuedThreadPool.runJob(QueuedThreadPool.java:883)
        at org.eclipse.jetty.util.thread.QueuedThreadPool$Runner.run(QueuedThreadPool.java:1034)
        at java.lang.Thread.run(Thread.java:750)
"IPC Server handler 6 on default port 34529" daemon prio=5 tid=5534 timed_waiting
java.lang.Thread.State: TIMED_WAITING
        at sun.misc.Unsafe.park(Native Method)
        at java.util.concurrent.locks.LockSupport.parkNanos(LockSupport.java:215)
        at java.util.concurrent.locks.AbstractQueuedSynchronizer$ConditionObject.awaitNanos(AbstractQueuedSynchronizer.java:2078)
        at java.util.concurrent.LinkedBlockingQueue.poll(LinkedBlockingQueue.java:467)
        at org.apache.hadoop.ipc.CallQueueManager.take(CallQueueManager.java:317)
        at org.apache.hadoop.ipc.Server$Handler.run(Server.java:2942)
"5dd764d2-4196-4eea-b07c-aeebc5ccca01@group-9C27DC43941B-SegmentedRaftLogWorker"  prio=5 tid=5437 timed_waiting
java.lang.Thread.State: TIMED_WAITING
        at sun.misc.Unsafe.park(Native Method)
        at java.util.concurrent.locks.LockSupport.parkNanos(LockSupport.java:215)
        at java.util.concurrent.locks.AbstractQueuedSynchronizer$ConditionObject.awaitNanos(AbstractQueuedSynchronizer.java:2078)
        at org.apache.ratis.util.DataBlockingQueue.poll(DataBlockingQueue.java:148)
        at org.apache.ratis.server.raftlog.segmented.SegmentedRaftLogWorker.run(SegmentedRaftLogWorker.java:310)
        at org.apache.ratis.server.raftlog.segmented.SegmentedRaftLogWorker$$Lambda$699/1369416112.run(Unknown Source)
        at java.lang.Thread.run(Thread.java:750)
"05162e35-21c4-4960-8615-08a05e9f4f1b@group-7A1025609D74-LeaderStateImpl" daemon prio=5 tid=4572 timed_waiting
java.lang.Thread.State: TIMED_WAITING
        at sun.misc.Unsafe.park(Native Method)
        at java.util.concurrent.locks.LockSupport.parkNanos(LockSupport.java:215)
        at java.util.concurrent.locks.AbstractQueuedSynchronizer$ConditionObject.awaitNanos(AbstractQueuedSynchronizer.java:2078)
        at java.util.concurrent.ArrayBlockingQueue.poll(ArrayBlockingQueue.java:418)
        at org.apache.ratis.server.impl.LeaderStateImpl$EventQueue.poll(LeaderStateImpl.java:159)
        at org.apache.ratis.server.impl.LeaderStateImpl$EventProcessor.run(LeaderStateImpl.java:630)
"EventQueue-NewNodeForNewNodeHandler" daemon prio=5 tid=4404 in Object.wait()
java.lang.Thread.State: WAITING (on object monitor)
        at sun.misc.Unsafe.park(Native Method)
        at java.util.concurrent.locks.LockSupport.park(LockSupport.java:175)
        at java.util.concurrent.locks.AbstractQueuedSynchronizer$ConditionObject.await(AbstractQueuedSynchronizer.java:2039)
        at java.util.concurrent.LinkedBlockingQueue.take(LinkedBlockingQueue.java:442)
        at java.util.concurrent.ThreadPoolExecutor.getTask(ThreadPoolExecutor.java:1074)
        at java.util.concurrent.ThreadPoolExecutor.runWorker(ThreadPoolExecutor.java:1134)
        at java.util.concurrent.ThreadPoolExecutor$Worker.run(ThreadPoolExecutor.java:624)
        at java.lang.Thread.run(Thread.java:750)
"b56e85ee-8e41-41ba-8236-410d8ae83499@group-CBE126E451E1->db052414-94b4-46f8-aca1-929beb3cfaa7-GrpcLogAppender-LogAppenderDaemon" daemon prio=5 tid=5629 timed_waiting
java.lang.Thread.State: TIMED_WAITING
        at sun.misc.Unsafe.park(Native Method)
        at java.util.concurrent.locks.LockSupport.parkNanos(LockSupport.java:215)
        at java.util.concurrent.CompletableFuture$Signaller.block(CompletableFuture.java:1709)
        at java.util.concurrent.ForkJoinPool.managedBlock(ForkJoinPool.java:3323)
        at java.util.concurrent.CompletableFuture.timedGet(CompletableFuture.java:1788)
        at java.util.concurrent.CompletableFuture.get(CompletableFuture.java:1928)
        at org.apache.ratis.util.AwaitForSignal.await(AwaitForSignal.java:56)
        at org.apache.ratis.grpc.server.GrpcLogAppender.mayWait(GrpcLogAppender.java:198)
        at org.apache.ratis.grpc.server.GrpcLogAppender.run(GrpcLogAppender.java:148)
        at org.apache.ratis.server.leader.LogAppenderDaemon.run(LogAppenderDaemon.java:78)
        at org.apache.ratis.server.leader.LogAppenderDaemon$$Lambda$1074/1442786329.run(Unknown Source)
        at java.lang.Thread.run(Thread.java:750)
"5dd764d2-4196-4eea-b07c-aeebc5ccca01@group-3540D49EE6A3-LeaderStateImpl" daemon prio=5 tid=5600 timed_waiting
java.lang.Thread.State: TIMED_WAITING
        at sun.misc.Unsafe.park(Native Method)
        at java.util.concurrent.locks.LockSupport.parkNanos(LockSupport.java:215)
        at java.util.concurrent.locks.AbstractQueuedSynchronizer$ConditionObject.awaitNanos(AbstractQueuedSynchronizer.java:2078)
        at java.util.concurrent.ArrayBlockingQueue.poll(ArrayBlockingQueue.java:418)
        at org.apache.ratis.server.impl.LeaderStateImpl$EventQueue.poll(LeaderStateImpl.java:159)
        at org.apache.ratis.server.impl.LeaderStateImpl$EventProcessor.run(LeaderStateImpl.java:630)
"PartialTableCache Cleanup Thread - 0" daemon prio=5 tid=3625 in Object.wait()
java.lang.Thread.State: WAITING (on object monitor)
        at sun.misc.Unsafe.park(Native Method)
        at java.util.concurrent.locks.LockSupport.park(LockSupport.java:175)
        at java.util.concurrent.locks.AbstractQueuedSynchronizer$ConditionObject.await(AbstractQueuedSynchronizer.java:2039)
        at java.util.concurrent.LinkedBlockingQueue.take(LinkedBlockingQueue.java:442)
        at java.util.concurrent.ThreadPoolExecutor.getTask(ThreadPoolExecutor.java:1074)
        at java.util.concurrent.ThreadPoolExecutor.runWorker(ThreadPoolExecutor.java:1134)
        at java.util.concurrent.ThreadPoolExecutor$Worker.run(ThreadPoolExecutor.java:624)
        at java.lang.Thread.run(Thread.java:750)
"ChunkWriter-2-0" daemon prio=5 tid=5221 in Object.wait()
java.lang.Thread.State: WAITING (on object monitor)
        at sun.misc.Unsafe.park(Native Method)
        at java.util.concurrent.locks.LockSupport.park(LockSupport.java:175)
        at java.util.concurrent.locks.AbstractQueuedSynchronizer$ConditionObject.await(AbstractQueuedSynchronizer.java:2039)
        at java.util.concurrent.LinkedBlockingDeque.takeFirst(LinkedBlockingDeque.java:492)
        at java.util.concurrent.LinkedBlockingDeque.take(LinkedBlockingDeque.java:680)
        at java.util.concurrent.ThreadPoolExecutor.getTask(ThreadPoolExecutor.java:1074)
        at java.util.concurrent.ThreadPoolExecutor.runWorker(ThreadPoolExecutor.java:1134)
        at java.util.concurrent.ThreadPoolExecutor$Worker.run(ThreadPoolExecutor.java:624)
        at java.lang.Thread.run(Thread.java:750)
"ContainerOp-d03e4836-7d8d-4de7-87bd-2d1f402832ad-2"  prio=5 tid=4849 in Object.wait()
java.lang.Thread.State: WAITING (on object monitor)
        at sun.misc.Unsafe.park(Native Method)
        at java.util.concurrent.locks.LockSupport.park(LockSupport.java:175)
        at java.util.concurrent.locks.AbstractQueuedSynchronizer$ConditionObject.await(AbstractQueuedSynchronizer.java:2039)
        at java.util.concurrent.LinkedBlockingQueue.take(LinkedBlockingQueue.java:442)
        at java.util.concurrent.ThreadPoolExecutor.getTask(ThreadPoolExecutor.java:1074)
        at java.util.concurrent.ThreadPoolExecutor.runWorker(ThreadPoolExecutor.java:1134)
        at java.util.concurrent.ThreadPoolExecutor$Worker.run(ThreadPoolExecutor.java:624)
        at java.lang.Thread.run(Thread.java:750)
"Datanode ReportManager Thread - 2" daemon prio=5 tid=5199 timed_waiting
java.lang.Thread.State: TIMED_WAITING
        at sun.misc.Unsafe.park(Native Method)
        at java.util.concurrent.locks.LockSupport.parkNanos(LockSupport.java:215)
        at java.util.concurrent.locks.AbstractQueuedSynchronizer$ConditionObject.awaitNanos(AbstractQueuedSynchronizer.java:2078)
        at java.util.concurrent.ScheduledThreadPoolExecutor$DelayedWorkQueue.take(ScheduledThreadPoolExecutor.java:1093)
        at java.util.concurrent.ScheduledThreadPoolExecutor$DelayedWorkQueue.take(ScheduledThreadPoolExecutor.java:809)
        at java.util.concurrent.ThreadPoolExecutor.getTask(ThreadPoolExecutor.java:1074)
        at java.util.concurrent.ThreadPoolExecutor.runWorker(ThreadPoolExecutor.java:1134)
        at java.util.concurrent.ThreadPoolExecutor$Worker.run(ThreadPoolExecutor.java:624)
        at java.lang.Thread.run(Thread.java:750)
"CommandWatcher-LeaseManager#LeaseMonitor" daemon prio=5 tid=3759 timed_waiting
java.lang.Thread.State: TIMED_WAITING
        at java.lang.Object.wait(Native Method)
        at org.apache.hadoop.ozone.lease.LeaseManager$LeaseMonitor.run(LeaseManager.java:238)
        at java.lang.Thread.run(Thread.java:750)
"qtp70197480-5050" daemon prio=5 tid=5050 runnable
java.lang.Thread.State: RUNNABLE
        at sun.nio.ch.EPollArrayWrapper.epollWait(Native Method)
        at sun.nio.ch.EPollArrayWrapper.poll(EPollArrayWrapper.java:269)
        at sun.nio.ch.EPollSelectorImpl.doSelect(EPollSelectorImpl.java:93)
        at sun.nio.ch.SelectorImpl.lockAndDoSelect(SelectorImpl.java:86)
        at sun.nio.ch.SelectorImpl.select(SelectorImpl.java:97)
        at sun.nio.ch.SelectorImpl.select(SelectorImpl.java:101)
        at org.eclipse.jetty.io.ManagedSelector.nioSelect(ManagedSelector.java:183)
        at org.eclipse.jetty.io.ManagedSelector.select(ManagedSelector.java:190)
        at org.eclipse.jetty.io.ManagedSelector$SelectorProducer.select(ManagedSelector.java:606)
        at org.eclipse.jetty.io.ManagedSelector$SelectorProducer.produce(ManagedSelector.java:543)
        at org.eclipse.jetty.util.thread.strategy.EatWhatYouKill.produceTask(EatWhatYouKill.java:362)
        at org.eclipse.jetty.util.thread.strategy.EatWhatYouKill.doProduce(EatWhatYouKill.java:186)
        at org.eclipse.jetty.util.thread.strategy.EatWhatYouKill.tryProduce(EatWhatYouKill.java:173)
        at org.eclipse.jetty.util.thread.strategy.EatWhatYouKill.produce(EatWhatYouKill.java:137)
        at org.eclipse.jetty.io.ManagedSelector$$Lambda$480/1445512345.run(Unknown Source)
        at org.eclipse.jetty.util.thread.QueuedThreadPool.runJob(QueuedThreadPool.java:883)
        at org.eclipse.jetty.util.thread.QueuedThreadPool$Runner.run(QueuedThreadPool.java:1034)
        at java.lang.Thread.run(Thread.java:750)
"IPC Server handler 6 on default port 39603" daemon prio=5 tid=3768 timed_waiting
java.lang.Thread.State: TIMED_WAITING
        at sun.misc.Unsafe.park(Native Method)
        at java.util.concurrent.locks.LockSupport.parkNanos(LockSupport.java:215)
        at java.util.concurrent.locks.AbstractQueuedSynchronizer$ConditionObject.awaitNanos(AbstractQueuedSynchronizer.java:2078)
        at java.util.concurrent.LinkedBlockingQueue.poll(LinkedBlockingQueue.java:467)
        at org.apache.hadoop.ipc.CallQueueManager.take(CallQueueManager.java:317)
        at org.apache.hadoop.ipc.Server$Handler.run(Server.java:2942)
"Command processor thread" daemon prio=5 tid=3395 timed_waiting
java.lang.Thread.State: TIMED_WAITING
        at java.lang.Thread.sleep(Native Method)
        at org.apache.hadoop.ozone.container.common.statemachine.DatanodeStateMachine.lambda$initCommandHandlerThread$3(DatanodeStateMachine.java:641)
        at org.apache.hadoop.ozone.container.common.statemachine.DatanodeStateMachine$$Lambda$787/339964609.run(Unknown Source)
        at java.lang.Thread.run(Thread.java:750)
"BlockDeletingService#0" daemon prio=5 tid=5154 timed_waiting
java.lang.Thread.State: TIMED_WAITING
        at sun.misc.Unsafe.park(Native Method)
        at java.util.concurrent.locks.LockSupport.parkNanos(LockSupport.java:215)
        at java.util.concurrent.locks.AbstractQueuedSynchronizer$ConditionObject.awaitNanos(AbstractQueuedSynchronizer.java:2078)
        at java.util.concurrent.ScheduledThreadPoolExecutor$DelayedWorkQueue.take(ScheduledThreadPoolExecutor.java:1093)
        at java.util.concurrent.ScheduledThreadPoolExecutor$DelayedWorkQueue.take(ScheduledThreadPoolExecutor.java:809)
        at java.util.concurrent.ThreadPoolExecutor.getTask(ThreadPoolExecutor.java:1074)
        at java.util.concurrent.ThreadPoolExecutor.runWorker(ThreadPoolExecutor.java:1134)
        at java.util.concurrent.ThreadPoolExecutor$Worker.run(ThreadPoolExecutor.java:624)
        at java.lang.Thread.run(Thread.java:750)
"IPC Server handler 19 on default port 36003" daemon prio=5 tid=4809 timed_waiting
java.lang.Thread.State: TIMED_WAITING
        at sun.misc.Unsafe.park(Native Method)
        at java.util.concurrent.locks.LockSupport.parkNanos(LockSupport.java:215)
        at java.util.concurrent.locks.AbstractQueuedSynchronizer$ConditionObject.awaitNanos(AbstractQueuedSynchronizer.java:2078)
        at java.util.concurrent.LinkedBlockingQueue.poll(LinkedBlockingQueue.java:467)
        at org.apache.hadoop.ipc.CallQueueManager.take(CallQueueManager.java:317)
        at org.apache.hadoop.ipc.Server$Handler.run(Server.java:2942)
"ChunkReader-ELG-0" daemon prio=5 tid=3494 runnable
java.lang.Thread.State: RUNNABLE
        at org.apache.ratis.thirdparty.io.netty.channel.epoll.Native.epollWait(Native Method)
        at org.apache.ratis.thirdparty.io.netty.channel.epoll.Native.epollWait(Native.java:209)
        at org.apache.ratis.thirdparty.io.netty.channel.epoll.Native.epollWait(Native.java:202)
        at org.apache.ratis.thirdparty.io.netty.channel.epoll.EpollEventLoop.epollWaitNoTimerChange(EpollEventLoop.java:294)
        at org.apache.ratis.thirdparty.io.netty.channel.epoll.EpollEventLoop.run(EpollEventLoop.java:351)
        at org.apache.ratis.thirdparty.io.netty.util.concurrent.SingleThreadEventExecutor$4.run(SingleThreadEventExecutor.java:995)
        at org.apache.ratis.thirdparty.io.netty.util.internal.ThreadExecutorMap$2.run(ThreadExecutorMap.java:74)
        at java.lang.Thread.run(Thread.java:750)
"IPC Server handler 14 on default port 35159" daemon prio=5 tid=4784 timed_waiting
java.lang.Thread.State: TIMED_WAITING
        at sun.misc.Unsafe.park(Native Method)
        at java.util.concurrent.locks.LockSupport.parkNanos(LockSupport.java:215)
        at java.util.concurrent.locks.AbstractQueuedSynchronizer$ConditionObject.awaitNanos(AbstractQueuedSynchronizer.java:2078)
        at java.util.concurrent.LinkedBlockingQueue.poll(LinkedBlockingQueue.java:467)
        at org.apache.hadoop.ipc.CallQueueManager.take(CallQueueManager.java:317)
        at org.apache.hadoop.ipc.Server$Handler.run(Server.java:2942)
"ChunkWriter-1-0" daemon prio=5 tid=4341 in Object.wait()
java.lang.Thread.State: WAITING (on object monitor)
        at sun.misc.Unsafe.park(Native Method)
        at java.util.concurrent.locks.LockSupport.park(LockSupport.java:175)
        at java.util.concurrent.locks.AbstractQueuedSynchronizer$ConditionObject.await(AbstractQueuedSynchronizer.java:2039)
        at java.util.concurrent.LinkedBlockingDeque.takeFirst(LinkedBlockingDeque.java:492)
        at java.util.concurrent.LinkedBlockingDeque.take(LinkedBlockingDeque.java:680)
        at java.util.concurrent.ThreadPoolExecutor.getTask(ThreadPoolExecutor.java:1074)
        at java.util.concurrent.ThreadPoolExecutor.runWorker(ThreadPoolExecutor.java:1134)
        at java.util.concurrent.ThreadPoolExecutor$Worker.run(ThreadPoolExecutor.java:624)
        at java.lang.Thread.run(Thread.java:750)
"StaleRecoveringContainerScrubbingService#0" daemon prio=5 tid=4420 in Object.wait()
java.lang.Thread.State: WAITING (on object monitor)
        at sun.misc.Unsafe.park(Native Method)
        at java.util.concurrent.locks.LockSupport.park(LockSupport.java:175)
        at java.util.concurrent.locks.AbstractQueuedSynchronizer$ConditionObject.await(AbstractQueuedSynchronizer.java:2039)
        at java.util.concurrent.ScheduledThreadPoolExecutor$DelayedWorkQueue.take(ScheduledThreadPoolExecutor.java:1088)
        at java.util.concurrent.ScheduledThreadPoolExecutor$DelayedWorkQueue.take(ScheduledThreadPoolExecutor.java:809)
        at java.util.concurrent.ThreadPoolExecutor.getTask(ThreadPoolExecutor.java:1074)
        at java.util.concurrent.ThreadPoolExecutor.runWorker(ThreadPoolExecutor.java:1134)
        at java.util.concurrent.ThreadPoolExecutor$Worker.run(ThreadPoolExecutor.java:624)
        at java.lang.Thread.run(Thread.java:750)
"IPC Server handler 15 on default port 34157" daemon prio=5 tid=4026 timed_waiting
java.lang.Thread.State: TIMED_WAITING
        at sun.misc.Unsafe.park(Native Method)
        at java.util.concurrent.locks.LockSupport.parkNanos(LockSupport.java:215)
        at java.util.concurrent.locks.AbstractQueuedSynchronizer$ConditionObject.awaitNanos(AbstractQueuedSynchronizer.java:2078)
        at java.util.concurrent.LinkedBlockingQueue.poll(LinkedBlockingQueue.java:467)
        at org.apache.hadoop.ipc.CallQueueManager.take(CallQueueManager.java:317)
        at org.apache.hadoop.ipc.Server$Handler.run(Server.java:2942)
"f55315c2-12b7-4bf7-9755-17bd9d593b12@group-2D1F402832AD-StateMachineUpdater" daemon prio=5 tid=3570 timed_waiting
java.lang.Thread.State: TIMED_WAITING
        at sun.misc.Unsafe.park(Native Method)
        at java.util.concurrent.locks.LockSupport.parkNanos(LockSupport.java:215)
        at java.util.concurrent.CompletableFuture$Signaller.block(CompletableFuture.java:1709)
        at java.util.concurrent.ForkJoinPool.managedBlock(ForkJoinPool.java:3323)
        at java.util.concurrent.CompletableFuture.timedGet(CompletableFuture.java:1788)
        at java.util.concurrent.CompletableFuture.get(CompletableFuture.java:1928)
        at org.apache.ratis.util.AwaitForSignal.await(AwaitForSignal.java:56)
        at org.apache.ratis.server.impl.StateMachineUpdater.waitForCommit(StateMachineUpdater.java:207)
        at org.apache.ratis.server.impl.StateMachineUpdater.run(StateMachineUpdater.java:176)
        at java.lang.Thread.run(Thread.java:750)
"767ffbb5-8206-4017-b2eb-6858697bfab3@group-9C27DC43941B-StateMachineUpdater" daemon prio=5 tid=5449 timed_waiting
java.lang.Thread.State: TIMED_WAITING
        at sun.misc.Unsafe.park(Native Method)
        at java.util.concurrent.locks.LockSupport.parkNanos(LockSupport.java:215)
        at java.util.concurrent.CompletableFuture$Signaller.block(CompletableFuture.java:1709)
        at java.util.concurrent.ForkJoinPool.managedBlock(ForkJoinPool.java:3323)
        at java.util.concurrent.CompletableFuture.timedGet(CompletableFuture.java:1788)
        at java.util.concurrent.CompletableFuture.get(CompletableFuture.java:1928)
        at org.apache.ratis.util.AwaitForSignal.await(AwaitForSignal.java:56)
        at org.apache.ratis.server.impl.StateMachineUpdater.waitForCommit(StateMachineUpdater.java:207)
        at org.apache.ratis.server.impl.StateMachineUpdater.run(StateMachineUpdater.java:176)
        at java.lang.Thread.run(Thread.java:750)
"BlockDeletingService#0" daemon prio=5 tid=4385 in Object.wait()
java.lang.Thread.State: WAITING (on object monitor)
        at sun.misc.Unsafe.park(Native Method)
        at java.util.concurrent.locks.LockSupport.park(LockSupport.java:175)
        at java.util.concurrent.locks.AbstractQueuedSynchronizer$ConditionObject.await(AbstractQueuedSynchronizer.java:2039)
        at java.util.concurrent.ScheduledThreadPoolExecutor$DelayedWorkQueue.take(ScheduledThreadPoolExecutor.java:1088)
        at java.util.concurrent.ScheduledThreadPoolExecutor$DelayedWorkQueue.take(ScheduledThreadPoolExecutor.java:809)
        at java.util.concurrent.ThreadPoolExecutor.getTask(ThreadPoolExecutor.java:1074)
        at java.util.concurrent.ThreadPoolExecutor.runWorker(ThreadPoolExecutor.java:1134)
        at java.util.concurrent.ThreadPoolExecutor$Worker.run(ThreadPoolExecutor.java:624)
        at java.lang.Thread.run(Thread.java:750)
"qtp973406047-4304-acceptor-0@485be10a-ServerConnector@19a8bcc3{HTTP/1.1, (http/1.1)}{0.0.0.0:43727}" daemon prio=3 tid=4304 runnable
java.lang.Thread.State: RUNNABLE
        at sun.nio.ch.ServerSocketChannelImpl.accept0(Native Method)
        at sun.nio.ch.ServerSocketChannelImpl.accept(ServerSocketChannelImpl.java:421)
        at sun.nio.ch.ServerSocketChannelImpl.accept(ServerSocketChannelImpl.java:249)
        at org.eclipse.jetty.server.ServerConnector.accept(ServerConnector.java:388)
        at org.eclipse.jetty.server.AbstractConnector$Acceptor.run(AbstractConnector.java:704)
        at org.eclipse.jetty.util.thread.QueuedThreadPool.runJob(QueuedThreadPool.java:883)
        at org.eclipse.jetty.util.thread.QueuedThreadPool$Runner.run(QueuedThreadPool.java:1034)
        at java.lang.Thread.run(Thread.java:750)
"qtp1099129309-4260-acceptor-0@49609727-ServerConnector@17098c7d{HTTP/1.1, (http/1.1)}{0.0.0.0:42057}" daemon prio=3 tid=4260 runnable
java.lang.Thread.State: RUNNABLE
        at sun.nio.ch.ServerSocketChannelImpl.accept0(Native Method)
        at sun.nio.ch.ServerSocketChannelImpl.accept(ServerSocketChannelImpl.java:421)
        at sun.nio.ch.ServerSocketChannelImpl.accept(ServerSocketChannelImpl.java:249)
        at org.eclipse.jetty.server.ServerConnector.accept(ServerConnector.java:388)
        at org.eclipse.jetty.server.AbstractConnector$Acceptor.run(AbstractConnector.java:704)
        at org.eclipse.jetty.util.thread.QueuedThreadPool.runJob(QueuedThreadPool.java:883)
        at org.eclipse.jetty.util.thread.QueuedThreadPool$Runner.run(QueuedThreadPool.java:1034)
        at java.lang.Thread.run(Thread.java:750)
"EventQueue-DatanodeCommandQueueUpdatedForDatanodeCommandCountUpdatedHandler" daemon prio=5 tid=5617 in Object.wait()
java.lang.Thread.State: WAITING (on object monitor)
        at sun.misc.Unsafe.park(Native Method)
        at java.util.concurrent.locks.LockSupport.park(LockSupport.java:175)
        at java.util.concurrent.locks.AbstractQueuedSynchronizer$ConditionObject.await(AbstractQueuedSynchronizer.java:2039)
        at java.util.concurrent.LinkedBlockingQueue.take(LinkedBlockingQueue.java:442)
        at java.util.concurrent.ThreadPoolExecutor.getTask(ThreadPoolExecutor.java:1074)
        at java.util.concurrent.ThreadPoolExecutor.runWorker(ThreadPoolExecutor.java:1134)
        at java.util.concurrent.ThreadPoolExecutor$Worker.run(ThreadPoolExecutor.java:624)
        at java.lang.Thread.run(Thread.java:750)
"IPC Server handler 12 on default port 36157" daemon prio=5 tid=5560 timed_waiting
java.lang.Thread.State: TIMED_WAITING
        at sun.misc.Unsafe.park(Native Method)
        at java.util.concurrent.locks.LockSupport.parkNanos(LockSupport.java:215)
        at java.util.concurrent.locks.AbstractQueuedSynchronizer$ConditionObject.awaitNanos(AbstractQueuedSynchronizer.java:2078)
        at java.util.concurrent.LinkedBlockingQueue.poll(LinkedBlockingQueue.java:467)
        at org.apache.hadoop.ipc.CallQueueManager.take(CallQueueManager.java:317)
        at org.apache.hadoop.ipc.Server$Handler.run(Server.java:2942)
"4f264252-b644-43b2-b39d-b880ca9b4753@group-62CE731D69B1-SegmentedRaftLogWorker"  prio=5 tid=4493 timed_waiting
java.lang.Thread.State: TIMED_WAITING
        at sun.misc.Unsafe.park(Native Method)
        at java.util.concurrent.locks.LockSupport.parkNanos(LockSupport.java:215)
        at java.util.concurrent.locks.AbstractQueuedSynchronizer$ConditionObject.awaitNanos(AbstractQueuedSynchronizer.java:2078)
        at org.apache.ratis.util.DataBlockingQueue.poll(DataBlockingQueue.java:148)
        at org.apache.ratis.server.raftlog.segmented.SegmentedRaftLogWorker.run(SegmentedRaftLogWorker.java:310)
        at org.apache.ratis.server.raftlog.segmented.SegmentedRaftLogWorker$$Lambda$699/1369416112.run(Unknown Source)
        at java.lang.Thread.run(Thread.java:750)
"IPC Server handler 4 on default port 34529" daemon prio=5 tid=5532 timed_waiting
java.lang.Thread.State: TIMED_WAITING
        at sun.misc.Unsafe.park(Native Method)
        at java.util.concurrent.locks.LockSupport.parkNanos(LockSupport.java:215)
        at java.util.concurrent.locks.AbstractQueuedSynchronizer$ConditionObject.awaitNanos(AbstractQueuedSynchronizer.java:2078)
        at java.util.concurrent.LinkedBlockingQueue.poll(LinkedBlockingQueue.java:467)
        at org.apache.hadoop.ipc.CallQueueManager.take(CallQueueManager.java:317)
        at org.apache.hadoop.ipc.Server$Handler.run(Server.java:2942)
"ec-reconstruct-reader-TID-1"  prio=5 tid=4689 in Object.wait()
java.lang.Thread.State: WAITING (on object monitor)
        at sun.misc.Unsafe.park(Native Method)
        at java.util.concurrent.locks.LockSupport.park(LockSupport.java:175)
        at java.util.concurrent.SynchronousQueue$TransferStack.awaitFulfill(SynchronousQueue.java:458)
        at java.util.concurrent.SynchronousQueue$TransferStack.transfer(SynchronousQueue.java:362)
        at java.util.concurrent.SynchronousQueue.take(SynchronousQueue.java:924)
        at java.util.concurrent.ThreadPoolExecutor.getTask(ThreadPoolExecutor.java:1074)
        at java.util.concurrent.ThreadPoolExecutor.runWorker(ThreadPoolExecutor.java:1134)
        at java.util.concurrent.ThreadPoolExecutor$Worker.run(ThreadPoolExecutor.java:624)
        at java.lang.Thread.run(Thread.java:750)
"IPC Server handler 5 on default port 36439" daemon prio=5 tid=3789 timed_waiting
java.lang.Thread.State: TIMED_WAITING
        at sun.misc.Unsafe.park(Native Method)
        at java.util.concurrent.locks.LockSupport.parkNanos(LockSupport.java:215)
        at java.util.concurrent.locks.AbstractQueuedSynchronizer$ConditionObject.awaitNanos(AbstractQueuedSynchronizer.java:2078)
        at java.util.concurrent.LinkedBlockingQueue.poll(LinkedBlockingQueue.java:467)
        at org.apache.hadoop.ipc.CallQueueManager.take(CallQueueManager.java:317)
        at org.apache.hadoop.ipc.Server$Handler.run(Server.java:2942)
"ChunkWriter-0-0" daemon prio=5 tid=3531 in Object.wait()
java.lang.Thread.State: WAITING (on object monitor)
        at sun.misc.Unsafe.park(Native Method)
        at java.util.concurrent.locks.LockSupport.park(LockSupport.java:175)
        at java.util.concurrent.locks.AbstractQueuedSynchronizer$ConditionObject.await(AbstractQueuedSynchronizer.java:2039)
        at java.util.concurrent.LinkedBlockingDeque.takeFirst(LinkedBlockingDeque.java:492)
        at java.util.concurrent.LinkedBlockingDeque.take(LinkedBlockingDeque.java:680)
        at java.util.concurrent.ThreadPoolExecutor.getTask(ThreadPoolExecutor.java:1074)
        at java.util.concurrent.ThreadPoolExecutor.runWorker(ThreadPoolExecutor.java:1134)
        at java.util.concurrent.ThreadPoolExecutor$Worker.run(ThreadPoolExecutor.java:624)
        at java.lang.Thread.run(Thread.java:750)
"e5184996-93a8-477c-b193-15e28d80a846@group-3FB80795822F-FollowerState" daemon prio=5 tid=4614 timed_waiting
java.lang.Thread.State: TIMED_WAITING
        at java.lang.Thread.sleep(Native Method)
        at java.lang.Thread.sleep(Thread.java:342)
        at java.util.concurrent.TimeUnit.sleep(TimeUnit.java:386)
        at org.apache.ratis.util.TimeDuration.sleep(TimeDuration.java:325)
        at org.apache.ratis.util.TimeDuration.sleep(TimeDuration.java:310)
        at org.apache.ratis.server.impl.FollowerState.run(FollowerState.java:128)
"db052414-94b4-46f8-aca1-929beb3cfaa7@group-CBE126E451E1-SegmentedRaftLogWorker"  prio=5 tid=5413 timed_waiting
java.lang.Thread.State: TIMED_WAITING
        at sun.misc.Unsafe.park(Native Method)
        at java.util.concurrent.locks.LockSupport.parkNanos(LockSupport.java:215)
        at java.util.concurrent.locks.AbstractQueuedSynchronizer$ConditionObject.awaitNanos(AbstractQueuedSynchronizer.java:2078)
        at org.apache.ratis.util.DataBlockingQueue.poll(DataBlockingQueue.java:148)
        at org.apache.ratis.server.raftlog.segmented.SegmentedRaftLogWorker.run(SegmentedRaftLogWorker.java:310)
        at org.apache.ratis.server.raftlog.segmented.SegmentedRaftLogWorker$$Lambda$699/1369416112.run(Unknown Source)
        at java.lang.Thread.run(Thread.java:750)
"6ecf90bc-d89b-4751-b881-1a8d98ba8de4@group-3FB80795822F-FollowerState" daemon prio=5 tid=4615 timed_waiting
java.lang.Thread.State: TIMED_WAITING
        at java.lang.Thread.sleep(Native Method)
        at java.lang.Thread.sleep(Thread.java:342)
        at java.util.concurrent.TimeUnit.sleep(TimeUnit.java:386)
        at org.apache.ratis.util.TimeDuration.sleep(TimeDuration.java:325)
        at org.apache.ratis.util.TimeDuration.sleep(TimeDuration.java:310)
        at org.apache.ratis.server.impl.FollowerState.run(FollowerState.java:128)
"Datanode State Machine Daemon Thread" daemon prio=5 tid=4273 timed_waiting
java.lang.Thread.State: TIMED_WAITING
        at java.lang.Thread.sleep(Native Method)
        at org.apache.hadoop.ozone.container.common.statemachine.DatanodeStateMachine.startStateMachineThread(DatanodeStateMachine.java:321)
        at org.apache.hadoop.ozone.container.common.statemachine.DatanodeStateMachine.lambda$startDaemon$0(DatanodeStateMachine.java:506)
        at org.apache.hadoop.ozone.container.common.statemachine.DatanodeStateMachine$$Lambda$785/619018591.run(Unknown Source)
        at java.lang.Thread.run(Thread.java:750)
"qtp374142400-3299-acceptor-0@469b6873-ServerConnector@4fc67d2f{HTTP/1.1, (http/1.1)}{0.0.0.0:36953}" daemon prio=3 tid=3299 runnable
java.lang.Thread.State: RUNNABLE
        at sun.nio.ch.ServerSocketChannelImpl.accept0(Native Method)
        at sun.nio.ch.ServerSocketChannelImpl.accept(ServerSocketChannelImpl.java:421)
        at sun.nio.ch.ServerSocketChannelImpl.accept(ServerSocketChannelImpl.java:249)
        at org.eclipse.jetty.server.ServerConnector.accept(ServerConnector.java:388)
        at org.eclipse.jetty.server.AbstractConnector$Acceptor.run(AbstractConnector.java:704)
        at org.eclipse.jetty.util.thread.QueuedThreadPool.runJob(QueuedThreadPool.java:883)
        at org.eclipse.jetty.util.thread.QueuedThreadPool$Runner.run(QueuedThreadPool.java:1034)
        at java.lang.Thread.run(Thread.java:750)
"FullTableCache Cleanup Thread - 0" daemon prio=5 tid=650 in Object.wait()
java.lang.Thread.State: WAITING (on object monitor)
        at sun.misc.Unsafe.park(Native Method)
        at java.util.concurrent.locks.LockSupport.park(LockSupport.java:175)
        at java.util.concurrent.locks.AbstractQueuedSynchronizer$ConditionObject.await(AbstractQueuedSynchronizer.java:2039)
        at java.util.concurrent.LinkedBlockingQueue.take(LinkedBlockingQueue.java:442)
        at java.util.concurrent.ThreadPoolExecutor.getTask(ThreadPoolExecutor.java:1074)
        at java.util.concurrent.ThreadPoolExecutor.runWorker(ThreadPoolExecutor.java:1134)
        at java.util.concurrent.ThreadPoolExecutor$Worker.run(ThreadPoolExecutor.java:624)
        at java.lang.Thread.run(Thread.java:750)
"IPC Server handler 17 on default port 45833" daemon prio=5 tid=3259 timed_waiting
java.lang.Thread.State: TIMED_WAITING
        at sun.misc.Unsafe.park(Native Method)
        at java.util.concurrent.locks.LockSupport.parkNanos(LockSupport.java:215)
        at java.util.concurrent.locks.AbstractQueuedSynchronizer$ConditionObject.awaitNanos(AbstractQueuedSynchronizer.java:2078)
        at java.util.concurrent.LinkedBlockingQueue.poll(LinkedBlockingQueue.java:467)
        at org.apache.hadoop.ipc.CallQueueManager.take(CallQueueManager.java:317)
        at org.apache.hadoop.ipc.Server$Handler.run(Server.java:2942)
"IPC Server handler 16 on default port 34529" daemon prio=5 tid=5544 timed_waiting
java.lang.Thread.State: TIMED_WAITING
        at sun.misc.Unsafe.park(Native Method)
        at java.util.concurrent.locks.LockSupport.parkNanos(LockSupport.java:215)
        at java.util.concurrent.locks.AbstractQueuedSynchronizer$ConditionObject.awaitNanos(AbstractQueuedSynchronizer.java:2078)
        at java.util.concurrent.LinkedBlockingQueue.poll(LinkedBlockingQueue.java:467)
        at org.apache.hadoop.ipc.CallQueueManager.take(CallQueueManager.java:317)
        at org.apache.hadoop.ipc.Server$Handler.run(Server.java:2942)
"e5184996-93a8-477c-b193-15e28d80a846@group-3FB80795822F-SegmentedRaftLogWorker"  prio=5 tid=4463 timed_waiting
java.lang.Thread.State: TIMED_WAITING
        at sun.misc.Unsafe.park(Native Method)
        at java.util.concurrent.locks.LockSupport.parkNanos(LockSupport.java:215)
        at java.util.concurrent.locks.AbstractQueuedSynchronizer$ConditionObject.awaitNanos(AbstractQueuedSynchronizer.java:2078)
        at org.apache.ratis.util.DataBlockingQueue.poll(DataBlockingQueue.java:148)
        at org.apache.ratis.server.raftlog.segmented.SegmentedRaftLogWorker.run(SegmentedRaftLogWorker.java:310)
        at org.apache.ratis.server.raftlog.segmented.SegmentedRaftLogWorker$$Lambda$699/1369416112.run(Unknown Source)
        at java.lang.Thread.run(Thread.java:750)
"Datanode ReportManager Thread - 1" daemon prio=5 tid=5033 in Object.wait()
java.lang.Thread.State: WAITING (on object monitor)
        at sun.misc.Unsafe.park(Native Method)
        at java.util.concurrent.locks.LockSupport.park(LockSupport.java:175)
        at java.util.concurrent.locks.AbstractQueuedSynchronizer$ConditionObject.await(AbstractQueuedSynchronizer.java:2039)
        at java.util.concurrent.ScheduledThreadPoolExecutor$DelayedWorkQueue.take(ScheduledThreadPoolExecutor.java:1088)
        at java.util.concurrent.ScheduledThreadPoolExecutor$DelayedWorkQueue.take(ScheduledThreadPoolExecutor.java:809)
        at java.util.concurrent.ThreadPoolExecutor.getTask(ThreadPoolExecutor.java:1074)
        at java.util.concurrent.ThreadPoolExecutor.runWorker(ThreadPoolExecutor.java:1134)
        at java.util.concurrent.ThreadPoolExecutor$Worker.run(ThreadPoolExecutor.java:624)
        at java.lang.Thread.run(Thread.java:750)
"IPC Server handler 14 on default port 45833" daemon prio=5 tid=3256 timed_waiting
java.lang.Thread.State: TIMED_WAITING
        at sun.misc.Unsafe.park(Native Method)
        at java.util.concurrent.locks.LockSupport.parkNanos(LockSupport.java:215)
        at java.util.concurrent.locks.AbstractQueuedSynchronizer$ConditionObject.awaitNanos(AbstractQueuedSynchronizer.java:2078)
        at java.util.concurrent.LinkedBlockingQueue.poll(LinkedBlockingQueue.java:467)
        at org.apache.hadoop.ipc.CallQueueManager.take(CallQueueManager.java:317)
        at org.apache.hadoop.ipc.Server$Handler.run(Server.java:2942)
"qtp857619324-5025" daemon prio=5 tid=5025 timed_waiting
java.lang.Thread.State: TIMED_WAITING
        at sun.misc.Unsafe.park(Native Method)
        at java.util.concurrent.locks.LockSupport.parkNanos(LockSupport.java:215)
        at java.util.concurrent.locks.AbstractQueuedSynchronizer$ConditionObject.awaitNanos(AbstractQueuedSynchronizer.java:2078)
        at org.eclipse.jetty.util.BlockingArrayQueue.poll(BlockingArrayQueue.java:382)
        at org.eclipse.jetty.util.thread.QueuedThreadPool$Runner.idleJobPoll(QueuedThreadPool.java:974)
        at org.eclipse.jetty.util.thread.QueuedThreadPool$Runner.run(QueuedThreadPool.java:1018)
        at java.lang.Thread.run(Thread.java:750)
"EventQueue-DatanodeCommandForSCMNodeManager"  prio=5 tid=4410 in Object.wait()
java.lang.Thread.State: WAITING (on object monitor)
        at sun.misc.Unsafe.park(Native Method)
        at java.util.concurrent.locks.LockSupport.park(LockSupport.java:175)
        at java.util.concurrent.locks.AbstractQueuedSynchronizer$ConditionObject.await(AbstractQueuedSynchronizer.java:2039)
        at java.util.concurrent.LinkedBlockingQueue.take(LinkedBlockingQueue.java:442)
        at java.util.concurrent.ThreadPoolExecutor.getTask(ThreadPoolExecutor.java:1074)
        at java.util.concurrent.ThreadPoolExecutor.runWorker(ThreadPoolExecutor.java:1134)
        at java.util.concurrent.ThreadPoolExecutor$Worker.run(ThreadPoolExecutor.java:624)
        at java.lang.Thread.run(Thread.java:750)
"IPC Server Responder" daemon prio=5 tid=4749 runnable
java.lang.Thread.State: RUNNABLE
        at sun.nio.ch.EPollArrayWrapper.epollWait(Native Method)
        at sun.nio.ch.EPollArrayWrapper.poll(EPollArrayWrapper.java:269)
        at sun.nio.ch.EPollSelectorImpl.doSelect(EPollSelectorImpl.java:93)
        at sun.nio.ch.SelectorImpl.lockAndDoSelect(SelectorImpl.java:86)
        at sun.nio.ch.SelectorImpl.select(SelectorImpl.java:97)
        at org.apache.hadoop.ipc.Server$Responder.doRunLoop(Server.java:1532)
        at org.apache.hadoop.ipc.Server$Responder.run(Server.java:1515)
"Datanode ReportManager Thread - 0" daemon prio=5 tid=4274 in Object.wait()
java.lang.Thread.State: WAITING (on object monitor)
        at sun.misc.Unsafe.park(Native Method)
        at java.util.concurrent.locks.LockSupport.park(LockSupport.java:175)
        at java.util.concurrent.locks.AbstractQueuedSynchronizer$ConditionObject.await(AbstractQueuedSynchronizer.java:2039)
        at java.util.concurrent.ScheduledThreadPoolExecutor$DelayedWorkQueue.take(ScheduledThreadPoolExecutor.java:1088)
        at java.util.concurrent.ScheduledThreadPoolExecutor$DelayedWorkQueue.take(ScheduledThreadPoolExecutor.java:809)
        at java.util.concurrent.ThreadPoolExecutor.getTask(ThreadPoolExecutor.java:1074)
        at java.util.concurrent.ThreadPoolExecutor.runWorker(ThreadPoolExecutor.java:1134)
        at java.util.concurrent.ThreadPoolExecutor$Worker.run(ThreadPoolExecutor.java:624)
        at java.lang.Thread.run(Thread.java:750)
"Datanode ReportManager Thread - 4" daemon prio=5 tid=4164 in Object.wait()
java.lang.Thread.State: WAITING (on object monitor)
        at sun.misc.Unsafe.park(Native Method)
        at java.util.concurrent.locks.LockSupport.park(LockSupport.java:175)
        at java.util.concurrent.locks.AbstractQueuedSynchronizer$ConditionObject.await(AbstractQueuedSynchronizer.java:2039)
        at java.util.concurrent.ScheduledThreadPoolExecutor$DelayedWorkQueue.take(ScheduledThreadPoolExecutor.java:1088)
        at java.util.concurrent.ScheduledThreadPoolExecutor$DelayedWorkQueue.take(ScheduledThreadPoolExecutor.java:809)
        at java.util.concurrent.ThreadPoolExecutor.getTask(ThreadPoolExecutor.java:1074)
        at java.util.concurrent.ThreadPoolExecutor.runWorker(ThreadPoolExecutor.java:1134)
        at java.util.concurrent.ThreadPoolExecutor$Worker.run(ThreadPoolExecutor.java:624)
        at java.lang.Thread.run(Thread.java:750)
"Datanode ReportManager Thread - 1" daemon prio=5 tid=5121 timed_waiting
java.lang.Thread.State: TIMED_WAITING
        at sun.misc.Unsafe.park(Native Method)
        at java.util.concurrent.locks.LockSupport.parkNanos(LockSupport.java:215)
        at java.util.concurrent.locks.AbstractQueuedSynchronizer$ConditionObject.awaitNanos(AbstractQueuedSynchronizer.java:2078)
        at java.util.concurrent.ScheduledThreadPoolExecutor$DelayedWorkQueue.take(ScheduledThreadPoolExecutor.java:1093)
        at java.util.concurrent.ScheduledThreadPoolExecutor$DelayedWorkQueue.take(ScheduledThreadPoolExecutor.java:809)
        at java.util.concurrent.ThreadPoolExecutor.getTask(ThreadPoolExecutor.java:1074)
        at java.util.concurrent.ThreadPoolExecutor.runWorker(ThreadPoolExecutor.java:1134)
        at java.util.concurrent.ThreadPoolExecutor$Worker.run(ThreadPoolExecutor.java:624)
        at java.lang.Thread.run(Thread.java:750)
"IPC Server handler 9 on default port 41341" daemon prio=5 tid=3813 timed_waiting
java.lang.Thread.State: TIMED_WAITING
        at sun.misc.Unsafe.park(Native Method)
        at java.util.concurrent.locks.LockSupport.parkNanos(LockSupport.java:215)
        at java.util.concurrent.locks.AbstractQueuedSynchronizer$ConditionObject.awaitNanos(AbstractQueuedSynchronizer.java:2078)
        at java.util.concurrent.LinkedBlockingQueue.poll(LinkedBlockingQueue.java:467)
        at org.apache.hadoop.ipc.CallQueueManager.take(CallQueueManager.java:317)
        at org.apache.hadoop.ipc.Server$Handler.run(Server.java:2942)
"ChunkWriter-3-0" daemon prio=5 tid=3447 in Object.wait()
java.lang.Thread.State: WAITING (on object monitor)
        at sun.misc.Unsafe.park(Native Method)
        at java.util.concurrent.locks.LockSupport.park(LockSupport.java:175)
        at java.util.concurrent.locks.AbstractQueuedSynchronizer$ConditionObject.await(AbstractQueuedSynchronizer.java:2039)
        at java.util.concurrent.LinkedBlockingDeque.takeFirst(LinkedBlockingDeque.java:492)
        at java.util.concurrent.LinkedBlockingDeque.take(LinkedBlockingDeque.java:680)
        at java.util.concurrent.ThreadPoolExecutor.getTask(ThreadPoolExecutor.java:1074)
        at java.util.concurrent.ThreadPoolExecutor.runWorker(ThreadPoolExecutor.java:1134)
        at java.util.concurrent.ThreadPoolExecutor$Worker.run(ThreadPoolExecutor.java:624)
        at java.lang.Thread.run(Thread.java:750)
"Datanode State Machine Daemon Thread" daemon prio=5 tid=5196 timed_waiting
java.lang.Thread.State: TIMED_WAITING
        at java.lang.Thread.sleep(Native Method)
        at org.apache.hadoop.ozone.container.common.statemachine.DatanodeStateMachine.startStateMachineThread(DatanodeStateMachine.java:321)
        at org.apache.hadoop.ozone.container.common.statemachine.DatanodeStateMachine.lambda$startDaemon$0(DatanodeStateMachine.java:506)
        at org.apache.hadoop.ozone.container.common.statemachine.DatanodeStateMachine$$Lambda$785/619018591.run(Unknown Source)
        at java.lang.Thread.run(Thread.java:750)
"qtp952995720-3410" daemon prio=5 tid=3410 timed_waiting
java.lang.Thread.State: TIMED_WAITING
        at sun.misc.Unsafe.park(Native Method)
        at java.util.concurrent.locks.LockSupport.parkNanos(LockSupport.java:215)
        at java.util.concurrent.locks.AbstractQueuedSynchronizer$ConditionObject.awaitNanos(AbstractQueuedSynchronizer.java:2078)
        at org.eclipse.jetty.util.BlockingArrayQueue.poll(BlockingArrayQueue.java:382)
        at org.eclipse.jetty.util.thread.QueuedThreadPool$Runner.idleJobPoll(QueuedThreadPool.java:974)
        at org.eclipse.jetty.util.thread.QueuedThreadPool$Runner.run(QueuedThreadPool.java:1018)
        at java.lang.Thread.run(Thread.java:750)
"qtp1686202609-5076" daemon prio=5 tid=5076 runnable
java.lang.Thread.State: RUNNABLE
        at sun.nio.ch.EPollArrayWrapper.epollWait(Native Method)
        at sun.nio.ch.EPollArrayWrapper.poll(EPollArrayWrapper.java:269)
        at sun.nio.ch.EPollSelectorImpl.doSelect(EPollSelectorImpl.java:93)
        at sun.nio.ch.SelectorImpl.lockAndDoSelect(SelectorImpl.java:86)
        at sun.nio.ch.SelectorImpl.select(SelectorImpl.java:97)
        at sun.nio.ch.SelectorImpl.select(SelectorImpl.java:101)
        at org.eclipse.jetty.io.ManagedSelector.nioSelect(ManagedSelector.java:183)
        at org.eclipse.jetty.io.ManagedSelector.select(ManagedSelector.java:190)
        at org.eclipse.jetty.io.ManagedSelector$SelectorProducer.select(ManagedSelector.java:606)
        at org.eclipse.jetty.io.ManagedSelector$SelectorProducer.produce(ManagedSelector.java:543)
        at org.eclipse.jetty.util.thread.strategy.EatWhatYouKill.produceTask(EatWhatYouKill.java:362)
        at org.eclipse.jetty.util.thread.strategy.EatWhatYouKill.doProduce(EatWhatYouKill.java:186)
        at org.eclipse.jetty.util.thread.strategy.EatWhatYouKill.tryProduce(EatWhatYouKill.java:173)
        at org.eclipse.jetty.util.thread.strategy.EatWhatYouKill.produce(EatWhatYouKill.java:137)
        at org.eclipse.jetty.io.ManagedSelector$$Lambda$480/1445512345.run(Unknown Source)
        at org.eclipse.jetty.util.thread.QueuedThreadPool.runJob(QueuedThreadPool.java:883)
        at org.eclipse.jetty.util.thread.QueuedThreadPool$Runner.run(QueuedThreadPool.java:1034)
        at java.lang.Thread.run(Thread.java:750)
"IPC Server handler 1 on default port 35159" daemon prio=5 tid=4771 timed_waiting
java.lang.Thread.State: TIMED_WAITING
        at sun.misc.Unsafe.park(Native Method)
        at java.util.concurrent.locks.LockSupport.parkNanos(LockSupport.java:215)
        at java.util.concurrent.locks.AbstractQueuedSynchronizer$ConditionObject.awaitNanos(AbstractQueuedSynchronizer.java:2078)
        at java.util.concurrent.LinkedBlockingQueue.poll(LinkedBlockingQueue.java:467)
        at org.apache.hadoop.ipc.CallQueueManager.take(CallQueueManager.java:317)
        at org.apache.hadoop.ipc.Server$Handler.run(Server.java:2942)
"StaleRecoveringContainerScrubbingService#2" daemon prio=5 tid=5650 in Object.wait()
java.lang.Thread.State: WAITING (on object monitor)
        at sun.misc.Unsafe.park(Native Method)
        at java.util.concurrent.locks.LockSupport.park(LockSupport.java:175)
        at java.util.concurrent.locks.AbstractQueuedSynchronizer$ConditionObject.await(AbstractQueuedSynchronizer.java:2039)
        at java.util.concurrent.ScheduledThreadPoolExecutor$DelayedWorkQueue.take(ScheduledThreadPoolExecutor.java:1088)
        at java.util.concurrent.ScheduledThreadPoolExecutor$DelayedWorkQueue.take(ScheduledThreadPoolExecutor.java:809)
        at java.util.concurrent.ThreadPoolExecutor.getTask(ThreadPoolExecutor.java:1074)
        at java.util.concurrent.ThreadPoolExecutor.runWorker(ThreadPoolExecutor.java:1134)
        at java.util.concurrent.ThreadPoolExecutor$Worker.run(ThreadPoolExecutor.java:624)
        at java.lang.Thread.run(Thread.java:750)
"Datanode ReportManager Thread - 2" daemon prio=5 tid=5034 in Object.wait()
java.lang.Thread.State: WAITING (on object monitor)
        at sun.misc.Unsafe.park(Native Method)
        at java.util.concurrent.locks.LockSupport.park(LockSupport.java:175)
        at java.util.concurrent.locks.AbstractQueuedSynchronizer$ConditionObject.await(AbstractQueuedSynchronizer.java:2039)
        at java.util.concurrent.ScheduledThreadPoolExecutor$DelayedWorkQueue.take(ScheduledThreadPoolExecutor.java:1088)
        at java.util.concurrent.ScheduledThreadPoolExecutor$DelayedWorkQueue.take(ScheduledThreadPoolExecutor.java:809)
        at java.util.concurrent.ThreadPoolExecutor.getTask(ThreadPoolExecutor.java:1074)
        at java.util.concurrent.ThreadPoolExecutor.runWorker(ThreadPoolExecutor.java:1134)
        at java.util.concurrent.ThreadPoolExecutor$Worker.run(ThreadPoolExecutor.java:624)
        at java.lang.Thread.run(Thread.java:750)
"IPC Server handler 9 on default port 34529" daemon prio=5 tid=5537 timed_waiting
java.lang.Thread.State: TIMED_WAITING
        at sun.misc.Unsafe.park(Native Method)
        at java.util.concurrent.locks.LockSupport.parkNanos(LockSupport.java:215)
        at java.util.concurrent.locks.AbstractQueuedSynchronizer$ConditionObject.awaitNanos(AbstractQueuedSynchronizer.java:2078)
        at java.util.concurrent.LinkedBlockingQueue.poll(LinkedBlockingQueue.java:467)
        at org.apache.hadoop.ipc.CallQueueManager.take(CallQueueManager.java:317)
        at org.apache.hadoop.ipc.Server$Handler.run(Server.java:2942)
"IPC Server handler 19 on default port 45267" daemon prio=5 tid=5527 timed_waiting
java.lang.Thread.State: TIMED_WAITING
        at sun.misc.Unsafe.park(Native Method)
        at java.util.concurrent.locks.LockSupport.parkNanos(LockSupport.java:215)
        at java.util.concurrent.locks.AbstractQueuedSynchronizer$ConditionObject.awaitNanos(AbstractQueuedSynchronizer.java:2078)
        at java.util.concurrent.LinkedBlockingQueue.poll(LinkedBlockingQueue.java:467)
        at org.apache.hadoop.ipc.CallQueueManager.take(CallQueueManager.java:317)
        at org.apache.hadoop.ipc.Server$Handler.run(Server.java:2942)
"Datanode ReportManager Thread - 1" daemon prio=5 tid=5087 in Object.wait()
java.lang.Thread.State: WAITING (on object monitor)
        at sun.misc.Unsafe.park(Native Method)
        at java.util.concurrent.locks.LockSupport.park(LockSupport.java:175)
        at java.util.concurrent.locks.AbstractQueuedSynchronizer$ConditionObject.await(AbstractQueuedSynchronizer.java:2039)
        at java.util.concurrent.ScheduledThreadPoolExecutor$DelayedWorkQueue.take(ScheduledThreadPoolExecutor.java:1088)
        at java.util.concurrent.ScheduledThreadPoolExecutor$DelayedWorkQueue.take(ScheduledThreadPoolExecutor.java:809)
        at java.util.concurrent.ThreadPoolExecutor.getTask(ThreadPoolExecutor.java:1074)
        at java.util.concurrent.ThreadPoolExecutor.runWorker(ThreadPoolExecutor.java:1134)
        at java.util.concurrent.ThreadPoolExecutor$Worker.run(ThreadPoolExecutor.java:624)
        at java.lang.Thread.run(Thread.java:750)
"qtp952995720-3407-acceptor-0@99e595e-ServerConnector@265e92b6{HTTP/1.1, (http/1.1)}{0.0.0.0:35785}" daemon prio=3 tid=3407 runnable
java.lang.Thread.State: RUNNABLE
        at sun.nio.ch.ServerSocketChannelImpl.accept0(Native Method)
        at sun.nio.ch.ServerSocketChannelImpl.accept(ServerSocketChannelImpl.java:421)
        at sun.nio.ch.ServerSocketChannelImpl.accept(ServerSocketChannelImpl.java:249)
        at org.eclipse.jetty.server.ServerConnector.accept(ServerConnector.java:388)
        at org.eclipse.jetty.server.AbstractConnector$Acceptor.run(AbstractConnector.java:704)
        at org.eclipse.jetty.util.thread.QueuedThreadPool.runJob(QueuedThreadPool.java:883)
        at org.eclipse.jetty.util.thread.QueuedThreadPool$Runner.run(QueuedThreadPool.java:1034)
        at java.lang.Thread.run(Thread.java:750)
"IPC Server handler 4 on default port 45267" daemon prio=5 tid=5512 timed_waiting
java.lang.Thread.State: TIMED_WAITING
        at sun.misc.Unsafe.park(Native Method)
        at java.util.concurrent.locks.LockSupport.parkNanos(LockSupport.java:215)
        at java.util.concurrent.locks.AbstractQueuedSynchronizer$ConditionObject.awaitNanos(AbstractQueuedSynchronizer.java:2078)
        at java.util.concurrent.LinkedBlockingQueue.poll(LinkedBlockingQueue.java:467)
        at org.apache.hadoop.ipc.CallQueueManager.take(CallQueueManager.java:317)
        at org.apache.hadoop.ipc.Server$Handler.run(Server.java:2942)
"JvmPauseMonitor35" daemon prio=5 tid=3469 timed_waiting
java.lang.Thread.State: TIMED_WAITING
        at java.lang.Thread.sleep(Native Method)
        at java.lang.Thread.sleep(Thread.java:342)
        at java.util.concurrent.TimeUnit.sleep(TimeUnit.java:386)
        at org.apache.ratis.util.TimeDuration.sleep(TimeDuration.java:325)
        at org.apache.ratis.util.TimeDuration.sleep(TimeDuration.java:310)
        at org.apache.ratis.util.JvmPauseMonitor.detectPause(JvmPauseMonitor.java:119)
        at org.apache.ratis.util.JvmPauseMonitor.run(JvmPauseMonitor.java:108)
        at org.apache.ratis.util.JvmPauseMonitor$$Lambda$740/1979406568.run(Unknown Source)
        at java.lang.Thread.run(Thread.java:750)
"IPC Server handler 10 on default port 36003" daemon prio=5 tid=4800 timed_waiting
java.lang.Thread.State: TIMED_WAITING
        at sun.misc.Unsafe.park(Native Method)
        at java.util.concurrent.locks.LockSupport.parkNanos(LockSupport.java:215)
        at java.util.concurrent.locks.AbstractQueuedSynchronizer$ConditionObject.awaitNanos(AbstractQueuedSynchronizer.java:2078)
        at java.util.concurrent.LinkedBlockingQueue.poll(LinkedBlockingQueue.java:467)
        at org.apache.hadoop.ipc.CallQueueManager.take(CallQueueManager.java:317)
        at org.apache.hadoop.ipc.Server$Handler.run(Server.java:2942)
"Datanode ReportManager Thread - 1" daemon prio=5 tid=3337 in Object.wait()
java.lang.Thread.State: WAITING (on object monitor)
        at sun.misc.Unsafe.park(Native Method)
        at java.util.concurrent.locks.LockSupport.park(LockSupport.java:175)
        at java.util.concurrent.locks.AbstractQueuedSynchronizer$ConditionObject.await(AbstractQueuedSynchronizer.java:2039)
        at java.util.concurrent.ScheduledThreadPoolExecutor$DelayedWorkQueue.take(ScheduledThreadPoolExecutor.java:1088)
        at java.util.concurrent.ScheduledThreadPoolExecutor$DelayedWorkQueue.take(ScheduledThreadPoolExecutor.java:809)
        at java.util.concurrent.ThreadPoolExecutor.getTask(ThreadPoolExecutor.java:1074)
        at java.util.concurrent.ThreadPoolExecutor.runWorker(ThreadPoolExecutor.java:1134)
        at java.util.concurrent.ThreadPoolExecutor$Worker.run(ThreadPoolExecutor.java:624)
        at java.lang.Thread.run(Thread.java:750)
"qtp1419576172-4838" daemon prio=5 tid=4838 timed_waiting
java.lang.Thread.State: TIMED_WAITING
        at sun.misc.Unsafe.park(Native Method)
        at java.util.concurrent.locks.LockSupport.parkNanos(LockSupport.java:215)
        at java.util.concurrent.locks.AbstractQueuedSynchronizer$ConditionObject.awaitNanos(AbstractQueuedSynchronizer.java:2078)
        at org.eclipse.jetty.util.BlockingArrayQueue.poll(BlockingArrayQueue.java:382)
        at org.eclipse.jetty.util.thread.QueuedThreadPool$Runner.idleJobPoll(QueuedThreadPool.java:974)
        at org.eclipse.jetty.util.thread.QueuedThreadPool$Runner.run(QueuedThreadPool.java:1018)
        at java.lang.Thread.run(Thread.java:750)
"JvmPauseMonitor34" daemon prio=5 tid=3448 timed_waiting
java.lang.Thread.State: TIMED_WAITING
        at java.lang.Thread.sleep(Native Method)
        at java.lang.Thread.sleep(Thread.java:342)
        at java.util.concurrent.TimeUnit.sleep(TimeUnit.java:386)
        at org.apache.ratis.util.TimeDuration.sleep(TimeDuration.java:325)
        at org.apache.ratis.util.TimeDuration.sleep(TimeDuration.java:310)
        at org.apache.ratis.util.JvmPauseMonitor.detectPause(JvmPauseMonitor.java:119)
        at org.apache.ratis.util.JvmPauseMonitor.run(JvmPauseMonitor.java:108)
        at org.apache.ratis.util.JvmPauseMonitor$$Lambda$740/1979406568.run(Unknown Source)
        at java.lang.Thread.run(Thread.java:750)
"Datanode State Machine Task Thread - 1"  prio=5 tid=3517 in Object.wait()
java.lang.Thread.State: WAITING (on object monitor)
        at sun.misc.Unsafe.park(Native Method)
        at java.util.concurrent.locks.LockSupport.park(LockSupport.java:175)
        at java.util.concurrent.locks.AbstractQueuedSynchronizer$ConditionObject.await(AbstractQueuedSynchronizer.java:2039)
        at java.util.concurrent.LinkedBlockingQueue.take(LinkedBlockingQueue.java:442)
        at java.util.concurrent.ThreadPoolExecutor.getTask(ThreadPoolExecutor.java:1074)
        at java.util.concurrent.ThreadPoolExecutor.runWorker(ThreadPoolExecutor.java:1134)
        at java.util.concurrent.ThreadPoolExecutor$Worker.run(ThreadPoolExecutor.java:624)
        at java.lang.Thread.run(Thread.java:750)
"qtp374142400-3300" daemon prio=5 tid=3300 timed_waiting
java.lang.Thread.State: TIMED_WAITING
        at sun.misc.Unsafe.park(Native Method)
        at java.util.concurrent.locks.LockSupport.parkNanos(LockSupport.java:215)
        at java.util.concurrent.locks.AbstractQueuedSynchronizer$ConditionObject.awaitNanos(AbstractQueuedSynchronizer.java:2078)
        at org.eclipse.jetty.util.BlockingArrayQueue.poll(BlockingArrayQueue.java:382)
        at org.eclipse.jetty.util.thread.QueuedThreadPool$Runner.idleJobPoll(QueuedThreadPool.java:974)
        at org.eclipse.jetty.util.thread.QueuedThreadPool$Runner.run(QueuedThreadPool.java:1018)
        at java.lang.Thread.run(Thread.java:750)
"om1@group-C5BA1605619E-StateMachineUpdater" daemon prio=5 tid=4941 timed_waiting
java.lang.Thread.State: TIMED_WAITING
        at sun.misc.Unsafe.park(Native Method)
        at java.util.concurrent.locks.LockSupport.parkNanos(LockSupport.java:215)
        at java.util.concurrent.CompletableFuture$Signaller.block(CompletableFuture.java:1709)
        at java.util.concurrent.ForkJoinPool.managedBlock(ForkJoinPool.java:3323)
        at java.util.concurrent.CompletableFuture.timedGet(CompletableFuture.java:1788)
        at java.util.concurrent.CompletableFuture.get(CompletableFuture.java:1928)
        at org.apache.ratis.util.AwaitForSignal.await(AwaitForSignal.java:56)
        at org.apache.ratis.server.impl.StateMachineUpdater.waitForCommit(StateMachineUpdater.java:207)
        at org.apache.ratis.server.impl.StateMachineUpdater.run(StateMachineUpdater.java:176)
        at java.lang.Thread.run(Thread.java:750)
"Datanode ReportManager Thread - 3" daemon prio=5 tid=3339 in Object.wait()
java.lang.Thread.State: WAITING (on object monitor)
        at sun.misc.Unsafe.park(Native Method)
        at java.util.concurrent.locks.LockSupport.park(LockSupport.java:175)
        at java.util.concurrent.locks.AbstractQueuedSynchronizer$ConditionObject.await(AbstractQueuedSynchronizer.java:2039)
        at java.util.concurrent.ScheduledThreadPoolExecutor$DelayedWorkQueue.take(ScheduledThreadPoolExecutor.java:1088)
        at java.util.concurrent.ScheduledThreadPoolExecutor$DelayedWorkQueue.take(ScheduledThreadPoolExecutor.java:809)
        at java.util.concurrent.ThreadPoolExecutor.getTask(ThreadPoolExecutor.java:1074)
        at java.util.concurrent.ThreadPoolExecutor.runWorker(ThreadPoolExecutor.java:1134)
        at java.util.concurrent.ThreadPoolExecutor$Worker.run(ThreadPoolExecutor.java:624)
        at java.lang.Thread.run(Thread.java:750)
"b56e85ee-8e41-41ba-8236-410d8ae83499@group-CBE126E451E1-SegmentedRaftLogWorker"  prio=5 tid=5417 timed_waiting
java.lang.Thread.State: TIMED_WAITING
        at sun.misc.Unsafe.park(Native Method)
        at java.util.concurrent.locks.LockSupport.parkNanos(LockSupport.java:215)
        at java.util.concurrent.locks.AbstractQueuedSynchronizer$ConditionObject.awaitNanos(AbstractQueuedSynchronizer.java:2078)
        at org.apache.ratis.util.DataBlockingQueue.poll(DataBlockingQueue.java:148)
        at org.apache.ratis.server.raftlog.segmented.SegmentedRaftLogWorker.run(SegmentedRaftLogWorker.java:310)
        at org.apache.ratis.server.raftlog.segmented.SegmentedRaftLogWorker$$Lambda$699/1369416112.run(Unknown Source)
        at java.lang.Thread.run(Thread.java:750)
"StaleRecoveringContainerScrubbingService#0" daemon prio=5 tid=3556 in Object.wait()
java.lang.Thread.State: WAITING (on object monitor)
        at sun.misc.Unsafe.park(Native Method)
        at java.util.concurrent.locks.LockSupport.park(LockSupport.java:175)
        at java.util.concurrent.locks.AbstractQueuedSynchronizer$ConditionObject.await(AbstractQueuedSynchronizer.java:2039)
        at java.util.concurrent.ScheduledThreadPoolExecutor$DelayedWorkQueue.take(ScheduledThreadPoolExecutor.java:1088)
        at java.util.concurrent.ScheduledThreadPoolExecutor$DelayedWorkQueue.take(ScheduledThreadPoolExecutor.java:809)
        at java.util.concurrent.ThreadPoolExecutor.getTask(ThreadPoolExecutor.java:1074)
        at java.util.concurrent.ThreadPoolExecutor.runWorker(ThreadPoolExecutor.java:1134)
        at java.util.concurrent.ThreadPoolExecutor$Worker.run(ThreadPoolExecutor.java:624)
        at java.lang.Thread.run(Thread.java:750)
"BlockDeletingService#0" daemon prio=5 tid=4367 in Object.wait()
java.lang.Thread.State: WAITING (on object monitor)
        at sun.misc.Unsafe.park(Native Method)
        at java.util.concurrent.locks.LockSupport.park(LockSupport.java:175)
        at java.util.concurrent.locks.AbstractQueuedSynchronizer$ConditionObject.await(AbstractQueuedSynchronizer.java:2039)
        at java.util.concurrent.ScheduledThreadPoolExecutor$DelayedWorkQueue.take(ScheduledThreadPoolExecutor.java:1088)
        at java.util.concurrent.ScheduledThreadPoolExecutor$DelayedWorkQueue.take(ScheduledThreadPoolExecutor.java:809)
        at java.util.concurrent.ThreadPoolExecutor.getTask(ThreadPoolExecutor.java:1074)
        at java.util.concurrent.ThreadPoolExecutor.runWorker(ThreadPoolExecutor.java:1134)
        at java.util.concurrent.ThreadPoolExecutor$Worker.run(ThreadPoolExecutor.java:624)
        at java.lang.Thread.run(Thread.java:750)
"qtp612244147-3235" daemon prio=5 tid=3235 timed_waiting
java.lang.Thread.State: TIMED_WAITING
        at sun.misc.Unsafe.park(Native Method)
        at java.util.concurrent.locks.LockSupport.parkNanos(LockSupport.java:215)
        at java.util.concurrent.locks.AbstractQueuedSynchronizer$ConditionObject.awaitNanos(AbstractQueuedSynchronizer.java:2078)
        at org.eclipse.jetty.util.BlockingArrayQueue.poll(BlockingArrayQueue.java:382)
        at org.eclipse.jetty.util.thread.QueuedThreadPool$Runner.idleJobPoll(QueuedThreadPool.java:974)
        at org.eclipse.jetty.util.thread.QueuedThreadPool$Runner.run(QueuedThreadPool.java:1018)
        at java.lang.Thread.run(Thread.java:750)
"qtp374142400-3302" daemon prio=5 tid=3302 timed_waiting
java.lang.Thread.State: TIMED_WAITING
        at sun.misc.Unsafe.park(Native Method)
        at java.util.concurrent.locks.LockSupport.parkNanos(LockSupport.java:215)
        at java.util.concurrent.locks.AbstractQueuedSynchronizer$ConditionObject.awaitNanos(AbstractQueuedSynchronizer.java:2078)
        at org.eclipse.jetty.util.BlockingArrayQueue.poll(BlockingArrayQueue.java:382)
        at org.eclipse.jetty.util.thread.QueuedThreadPool$Runner.idleJobPoll(QueuedThreadPool.java:974)
        at org.eclipse.jetty.util.thread.QueuedThreadPool$Runner.run(QueuedThreadPool.java:1018)
        at java.lang.Thread.run(Thread.java:750)
"Datanode State Machine Daemon Thread" daemon prio=5 tid=4242 timed_waiting
java.lang.Thread.State: TIMED_WAITING
        at java.lang.Thread.sleep(Native Method)
        at org.apache.hadoop.ozone.container.common.statemachine.DatanodeStateMachine.startStateMachineThread(DatanodeStateMachine.java:321)
        at org.apache.hadoop.ozone.container.common.statemachine.DatanodeStateMachine.lambda$startDaemon$0(DatanodeStateMachine.java:506)
        at org.apache.hadoop.ozone.container.common.statemachine.DatanodeStateMachine$$Lambda$785/619018591.run(Unknown Source)
        at java.lang.Thread.run(Thread.java:750)
"2caa6dbd-0dfc-46f6-9048-e45aa22bedc3@group-62CE731D69B1-SegmentedRaftLogWorker"  prio=5 tid=4489 timed_waiting
java.lang.Thread.State: TIMED_WAITING
        at sun.misc.Unsafe.park(Native Method)
        at java.util.concurrent.locks.LockSupport.parkNanos(LockSupport.java:215)
        at java.util.concurrent.locks.AbstractQueuedSynchronizer$ConditionObject.awaitNanos(AbstractQueuedSynchronizer.java:2078)
        at org.apache.ratis.util.DataBlockingQueue.poll(DataBlockingQueue.java:148)
        at org.apache.ratis.server.raftlog.segmented.SegmentedRaftLogWorker.run(SegmentedRaftLogWorker.java:310)
        at org.apache.ratis.server.raftlog.segmented.SegmentedRaftLogWorker$$Lambda$699/1369416112.run(Unknown Source)
        at java.lang.Thread.run(Thread.java:750)
"Session-HouseKeeper-524e4bfd-1"  prio=5 tid=5144 timed_waiting
java.lang.Thread.State: TIMED_WAITING
        at sun.misc.Unsafe.park(Native Method)
        at java.util.concurrent.locks.LockSupport.parkNanos(LockSupport.java:215)
        at java.util.concurrent.locks.AbstractQueuedSynchronizer$ConditionObject.awaitNanos(AbstractQueuedSynchronizer.java:2078)
        at java.util.concurrent.ScheduledThreadPoolExecutor$DelayedWorkQueue.take(ScheduledThreadPoolExecutor.java:1093)
        at java.util.concurrent.ScheduledThreadPoolExecutor$DelayedWorkQueue.take(ScheduledThreadPoolExecutor.java:809)
        at java.util.concurrent.ThreadPoolExecutor.getTask(ThreadPoolExecutor.java:1074)
        at java.util.concurrent.ThreadPoolExecutor.runWorker(ThreadPoolExecutor.java:1134)
        at java.util.concurrent.ThreadPoolExecutor$Worker.run(ThreadPoolExecutor.java:624)
        at java.lang.Thread.run(Thread.java:750)
"IPC Server handler 9 on default port 45833" daemon prio=5 tid=3251 timed_waiting
java.lang.Thread.State: TIMED_WAITING
        at sun.misc.Unsafe.park(Native Method)
        at java.util.concurrent.locks.LockSupport.parkNanos(LockSupport.java:215)
        at java.util.concurrent.locks.AbstractQueuedSynchronizer$ConditionObject.awaitNanos(AbstractQueuedSynchronizer.java:2078)
        at java.util.concurrent.LinkedBlockingQueue.poll(LinkedBlockingQueue.java:467)
        at org.apache.hadoop.ipc.CallQueueManager.take(CallQueueManager.java:317)
        at org.apache.hadoop.ipc.Server$Handler.run(Server.java:2942)
"IPC Server handler 8 on default port 36157" daemon prio=5 tid=5556 timed_waiting
java.lang.Thread.State: TIMED_WAITING
        at sun.misc.Unsafe.park(Native Method)
        at java.util.concurrent.locks.LockSupport.parkNanos(LockSupport.java:215)
        at java.util.concurrent.locks.AbstractQueuedSynchronizer$ConditionObject.awaitNanos(AbstractQueuedSynchronizer.java:2078)
        at java.util.concurrent.LinkedBlockingQueue.poll(LinkedBlockingQueue.java:467)
        at org.apache.hadoop.ipc.CallQueueManager.take(CallQueueManager.java:317)
        at org.apache.hadoop.ipc.Server$Handler.run(Server.java:2942)
"qtp194861159-3382" daemon prio=5 tid=3382 timed_waiting
java.lang.Thread.State: TIMED_WAITING
        at sun.misc.Unsafe.park(Native Method)
        at java.util.concurrent.locks.LockSupport.parkNanos(LockSupport.java:215)
        at java.util.concurrent.locks.AbstractQueuedSynchronizer$ConditionObject.awaitNanos(AbstractQueuedSynchronizer.java:2078)
        at org.eclipse.jetty.util.BlockingArrayQueue.poll(BlockingArrayQueue.java:382)
        at org.eclipse.jetty.util.thread.QueuedThreadPool$Runner.idleJobPoll(QueuedThreadPool.java:974)
        at org.eclipse.jetty.util.thread.QueuedThreadPool$Runner.run(QueuedThreadPool.java:1018)
        at java.lang.Thread.run(Thread.java:750)
"IPC Server handler 17 on default port 45267" daemon prio=5 tid=5525 timed_waiting
java.lang.Thread.State: TIMED_WAITING
        at sun.misc.Unsafe.park(Native Method)
        at java.util.concurrent.locks.LockSupport.parkNanos(LockSupport.java:215)
        at java.util.concurrent.locks.AbstractQueuedSynchronizer$ConditionObject.awaitNanos(AbstractQueuedSynchronizer.java:2078)
        at java.util.concurrent.LinkedBlockingQueue.poll(LinkedBlockingQueue.java:467)
        at org.apache.hadoop.ipc.CallQueueManager.take(CallQueueManager.java:317)
        at org.apache.hadoop.ipc.Server$Handler.run(Server.java:2942)
"om1-impl-thread1"  prio=5 tid=4903 timed_waiting
java.lang.Thread.State: TIMED_WAITING
        at sun.misc.Unsafe.park(Native Method)
        at java.util.concurrent.locks.LockSupport.parkNanos(LockSupport.java:215)
        at java.util.concurrent.SynchronousQueue$TransferStack.awaitFulfill(SynchronousQueue.java:460)
        at java.util.concurrent.SynchronousQueue$TransferStack.transfer(SynchronousQueue.java:362)
        at java.util.concurrent.SynchronousQueue.poll(SynchronousQueue.java:941)
        at java.util.concurrent.ThreadPoolExecutor.getTask(ThreadPoolExecutor.java:1073)
        at java.util.concurrent.ThreadPoolExecutor.runWorker(ThreadPoolExecutor.java:1134)
        at java.util.concurrent.ThreadPoolExecutor$Worker.run(ThreadPoolExecutor.java:624)
        at java.lang.Thread.run(Thread.java:750)
"ChunkWriter-3-0" daemon prio=5 tid=4398 in Object.wait()
java.lang.Thread.State: WAITING (on object monitor)
        at sun.misc.Unsafe.park(Native Method)
        at java.util.concurrent.locks.LockSupport.park(LockSupport.java:175)
        at java.util.concurrent.locks.AbstractQueuedSynchronizer$ConditionObject.await(AbstractQueuedSynchronizer.java:2039)
        at java.util.concurrent.LinkedBlockingDeque.takeFirst(LinkedBlockingDeque.java:492)
        at java.util.concurrent.LinkedBlockingDeque.take(LinkedBlockingDeque.java:680)
        at java.util.concurrent.ThreadPoolExecutor.getTask(ThreadPoolExecutor.java:1074)
        at java.util.concurrent.ThreadPoolExecutor.runWorker(ThreadPoolExecutor.java:1134)
        at java.util.concurrent.ThreadPoolExecutor$Worker.run(ThreadPoolExecutor.java:624)
        at java.lang.Thread.run(Thread.java:750)
"Datanode ReportManager Thread - 2" daemon prio=5 tid=5122 in Object.wait()
java.lang.Thread.State: WAITING (on object monitor)
        at sun.misc.Unsafe.park(Native Method)
        at java.util.concurrent.locks.LockSupport.park(LockSupport.java:175)
        at java.util.concurrent.locks.AbstractQueuedSynchronizer$ConditionObject.await(AbstractQueuedSynchronizer.java:2039)
        at java.util.concurrent.ScheduledThreadPoolExecutor$DelayedWorkQueue.take(ScheduledThreadPoolExecutor.java:1088)
        at java.util.concurrent.ScheduledThreadPoolExecutor$DelayedWorkQueue.take(ScheduledThreadPoolExecutor.java:809)
        at java.util.concurrent.ThreadPoolExecutor.getTask(ThreadPoolExecutor.java:1074)
        at java.util.concurrent.ThreadPoolExecutor.runWorker(ThreadPoolExecutor.java:1134)
        at java.util.concurrent.ThreadPoolExecutor$Worker.run(ThreadPoolExecutor.java:624)
        at java.lang.Thread.run(Thread.java:750)
"Datanode State Machine Task Thread - 1"  prio=5 tid=5184 in Object.wait()
java.lang.Thread.State: WAITING (on object monitor)
        at sun.misc.Unsafe.park(Native Method)
        at java.util.concurrent.locks.LockSupport.park(LockSupport.java:175)
        at java.util.concurrent.locks.AbstractQueuedSynchronizer$ConditionObject.await(AbstractQueuedSynchronizer.java:2039)
        at java.util.concurrent.LinkedBlockingQueue.take(LinkedBlockingQueue.java:442)
        at java.util.concurrent.ThreadPoolExecutor.getTask(ThreadPoolExecutor.java:1074)
        at java.util.concurrent.ThreadPoolExecutor.runWorker(ThreadPoolExecutor.java:1134)
        at java.util.concurrent.ThreadPoolExecutor$Worker.run(ThreadPoolExecutor.java:624)
        at java.lang.Thread.run(Thread.java:750)
"7bbf46ea-4d71-449c-a772-200386f308ce@group-62CE731D69B1-LeaderStateImpl" daemon prio=5 tid=4634 timed_waiting
java.lang.Thread.State: TIMED_WAITING
        at sun.misc.Unsafe.park(Native Method)
        at java.util.concurrent.locks.LockSupport.parkNanos(LockSupport.java:215)
        at java.util.concurrent.locks.AbstractQueuedSynchronizer$ConditionObject.awaitNanos(AbstractQueuedSynchronizer.java:2078)
        at java.util.concurrent.ArrayBlockingQueue.poll(ArrayBlockingQueue.java:418)
        at org.apache.ratis.server.impl.LeaderStateImpl$EventQueue.poll(LeaderStateImpl.java:159)
        at org.apache.ratis.server.impl.LeaderStateImpl$EventProcessor.run(LeaderStateImpl.java:630)
"IPC Server handler 16 on default port 40433" daemon prio=5 tid=4826 timed_waiting
java.lang.Thread.State: TIMED_WAITING
        at sun.misc.Unsafe.park(Native Method)
        at java.util.concurrent.locks.LockSupport.parkNanos(LockSupport.java:215)
        at java.util.concurrent.locks.AbstractQueuedSynchronizer$ConditionObject.awaitNanos(AbstractQueuedSynchronizer.java:2078)
        at java.util.concurrent.LinkedBlockingQueue.poll(LinkedBlockingQueue.java:467)
        at org.apache.hadoop.ipc.CallQueueManager.take(CallQueueManager.java:317)
        at org.apache.hadoop.ipc.Server$Handler.run(Server.java:2942)
"StaleRecoveringContainerScrubbingService#1" daemon prio=5 tid=3473 timed_waiting
java.lang.Thread.State: TIMED_WAITING
        at sun.misc.Unsafe.park(Native Method)
        at java.util.concurrent.locks.LockSupport.parkNanos(LockSupport.java:215)
        at java.util.concurrent.locks.AbstractQueuedSynchronizer$ConditionObject.awaitNanos(AbstractQueuedSynchronizer.java:2078)
        at java.util.concurrent.ScheduledThreadPoolExecutor$DelayedWorkQueue.take(ScheduledThreadPoolExecutor.java:1093)
        at java.util.concurrent.ScheduledThreadPoolExecutor$DelayedWorkQueue.take(ScheduledThreadPoolExecutor.java:809)
        at java.util.concurrent.ThreadPoolExecutor.getTask(ThreadPoolExecutor.java:1074)
        at java.util.concurrent.ThreadPoolExecutor.runWorker(ThreadPoolExecutor.java:1134)
        at java.util.concurrent.ThreadPoolExecutor$Worker.run(ThreadPoolExecutor.java:624)
        at java.lang.Thread.run(Thread.java:750)
"KeyDeletingService#0" daemon prio=5 tid=3984 timed_waiting
java.lang.Thread.State: TIMED_WAITING
        at sun.misc.Unsafe.park(Native Method)
        at java.util.concurrent.locks.LockSupport.parkNanos(LockSupport.java:215)
        at java.util.concurrent.locks.AbstractQueuedSynchronizer$ConditionObject.awaitNanos(AbstractQueuedSynchronizer.java:2078)
        at java.util.concurrent.ScheduledThreadPoolExecutor$DelayedWorkQueue.take(ScheduledThreadPoolExecutor.java:1093)
        at java.util.concurrent.ScheduledThreadPoolExecutor$DelayedWorkQueue.take(ScheduledThreadPoolExecutor.java:809)
        at java.util.concurrent.ThreadPoolExecutor.getTask(ThreadPoolExecutor.java:1074)
        at java.util.concurrent.ThreadPoolExecutor.runWorker(ThreadPoolExecutor.java:1134)
        at java.util.concurrent.ThreadPoolExecutor$Worker.run(ThreadPoolExecutor.java:624)
        at java.lang.Thread.run(Thread.java:750)
"7bbf46ea-4d71-449c-a772-200386f308ce@group-62CE731D69B1->2caa6dbd-0dfc-46f6-9048-e45aa22bedc3-GrpcLogAppender-LogAppenderDaemon" daemon prio=5 tid=4636 timed_waiting
java.lang.Thread.State: TIMED_WAITING
        at sun.misc.Unsafe.park(Native Method)
        at java.util.concurrent.locks.LockSupport.parkNanos(LockSupport.java:215)
        at java.util.concurrent.CompletableFuture$Signaller.block(CompletableFuture.java:1709)
        at java.util.concurrent.ForkJoinPool.managedBlock(ForkJoinPool.java:3323)
        at java.util.concurrent.CompletableFuture.timedGet(CompletableFuture.java:1788)
        at java.util.concurrent.CompletableFuture.get(CompletableFuture.java:1928)
        at org.apache.ratis.util.AwaitForSignal.await(AwaitForSignal.java:56)
        at org.apache.ratis.grpc.server.GrpcLogAppender.mayWait(GrpcLogAppender.java:198)
        at org.apache.ratis.grpc.server.GrpcLogAppender.run(GrpcLogAppender.java:148)
        at org.apache.ratis.server.leader.LogAppenderDaemon.run(LogAppenderDaemon.java:78)
        at org.apache.ratis.server.leader.LogAppenderDaemon$$Lambda$1074/1442786329.run(Unknown Source)
        at java.lang.Thread.run(Thread.java:750)
"ChunkWriter-0-0" daemon prio=5 tid=5390 in Object.wait()
java.lang.Thread.State: WAITING (on object monitor)
        at sun.misc.Unsafe.park(Native Method)
        at java.util.concurrent.locks.LockSupport.park(LockSupport.java:175)
        at java.util.concurrent.locks.AbstractQueuedSynchronizer$ConditionObject.await(AbstractQueuedSynchronizer.java:2039)
        at java.util.concurrent.LinkedBlockingDeque.takeFirst(LinkedBlockingDeque.java:492)
        at java.util.concurrent.LinkedBlockingDeque.take(LinkedBlockingDeque.java:680)
        at java.util.concurrent.ThreadPoolExecutor.getTask(ThreadPoolExecutor.java:1074)
        at java.util.concurrent.ThreadPoolExecutor.runWorker(ThreadPoolExecutor.java:1134)
        at java.util.concurrent.ThreadPoolExecutor$Worker.run(ThreadPoolExecutor.java:624)
        at java.lang.Thread.run(Thread.java:750)
"Datanode ReportManager Thread - 4" daemon prio=5 tid=3312 in Object.wait()
java.lang.Thread.State: WAITING (on object monitor)
        at sun.misc.Unsafe.park(Native Method)
        at java.util.concurrent.locks.LockSupport.park(LockSupport.java:175)
        at java.util.concurrent.locks.AbstractQueuedSynchronizer$ConditionObject.await(AbstractQueuedSynchronizer.java:2039)
        at java.util.concurrent.ScheduledThreadPoolExecutor$DelayedWorkQueue.take(ScheduledThreadPoolExecutor.java:1088)
        at java.util.concurrent.ScheduledThreadPoolExecutor$DelayedWorkQueue.take(ScheduledThreadPoolExecutor.java:809)
        at java.util.concurrent.ThreadPoolExecutor.getTask(ThreadPoolExecutor.java:1074)
        at java.util.concurrent.ThreadPoolExecutor.runWorker(ThreadPoolExecutor.java:1134)
        at java.util.concurrent.ThreadPoolExecutor$Worker.run(ThreadPoolExecutor.java:624)
        at java.lang.Thread.run(Thread.java:750)
"Session-HouseKeeper-6d3c7cd0-1"  prio=5 tid=3241 timed_waiting
java.lang.Thread.State: TIMED_WAITING
        at sun.misc.Unsafe.park(Native Method)
        at java.util.concurrent.locks.LockSupport.parkNanos(LockSupport.java:215)
        at java.util.concurrent.locks.AbstractQueuedSynchronizer$ConditionObject.awaitNanos(AbstractQueuedSynchronizer.java:2078)
        at java.util.concurrent.ScheduledThreadPoolExecutor$DelayedWorkQueue.take(ScheduledThreadPoolExecutor.java:1093)
        at java.util.concurrent.ScheduledThreadPoolExecutor$DelayedWorkQueue.take(ScheduledThreadPoolExecutor.java:809)
        at java.util.concurrent.ThreadPoolExecutor.getTask(ThreadPoolExecutor.java:1074)
        at java.util.concurrent.ThreadPoolExecutor.runWorker(ThreadPoolExecutor.java:1134)
        at java.util.concurrent.ThreadPoolExecutor$Worker.run(ThreadPoolExecutor.java:624)
        at java.lang.Thread.run(Thread.java:750)
"db052414-94b4-46f8-aca1-929beb3cfaa7@group-CBE126E451E1-FollowerState" daemon prio=5 tid=5626 timed_waiting
java.lang.Thread.State: TIMED_WAITING
        at java.lang.Thread.sleep(Native Method)
        at java.lang.Thread.sleep(Thread.java:342)
        at java.util.concurrent.TimeUnit.sleep(TimeUnit.java:386)
        at org.apache.ratis.util.TimeDuration.sleep(TimeDuration.java:325)
        at org.apache.ratis.util.TimeDuration.sleep(TimeDuration.java:310)
        at org.apache.ratis.server.impl.FollowerState.run(FollowerState.java:128)
"277e5bbd-414d-4f19-87c3-552c8f153d3d@group-AE848D27C9F4->4e9d01e2-99f3-4323-a596-366f46fa44e1-GrpcLogAppender-LogAppenderDaemon" daemon prio=5 tid=5456 timed_waiting
java.lang.Thread.State: TIMED_WAITING
        at sun.misc.Unsafe.park(Native Method)
        at java.util.concurrent.locks.LockSupport.parkNanos(LockSupport.java:215)
        at java.util.concurrent.CompletableFuture$Signaller.block(CompletableFuture.java:1709)
        at java.util.concurrent.ForkJoinPool.managedBlock(ForkJoinPool.java:3323)
        at java.util.concurrent.CompletableFuture.timedGet(CompletableFuture.java:1788)
        at java.util.concurrent.CompletableFuture.get(CompletableFuture.java:1928)
        at org.apache.ratis.util.AwaitForSignal.await(AwaitForSignal.java:56)
        at org.apache.ratis.grpc.server.GrpcLogAppender.mayWait(GrpcLogAppender.java:198)
        at org.apache.ratis.grpc.server.GrpcLogAppender.run(GrpcLogAppender.java:148)
        at org.apache.ratis.server.leader.LogAppenderDaemon.run(LogAppenderDaemon.java:78)
        at org.apache.ratis.server.leader.LogAppenderDaemon$$Lambda$1074/1442786329.run(Unknown Source)
        at java.lang.Thread.run(Thread.java:750)
"Datanode ReportManager Thread - 4" daemon prio=5 tid=3340 in Object.wait()
java.lang.Thread.State: WAITING (on object monitor)
        at sun.misc.Unsafe.park(Native Method)
        at java.util.concurrent.locks.LockSupport.park(LockSupport.java:175)
        at java.util.concurrent.locks.AbstractQueuedSynchronizer$ConditionObject.await(AbstractQueuedSynchronizer.java:2039)
        at java.util.concurrent.ScheduledThreadPoolExecutor$DelayedWorkQueue.take(ScheduledThreadPoolExecutor.java:1088)
        at java.util.concurrent.ScheduledThreadPoolExecutor$DelayedWorkQueue.take(ScheduledThreadPoolExecutor.java:809)
        at java.util.concurrent.ThreadPoolExecutor.getTask(ThreadPoolExecutor.java:1074)
        at java.util.concurrent.ThreadPoolExecutor.runWorker(ThreadPoolExecutor.java:1134)
        at java.util.concurrent.ThreadPoolExecutor$Worker.run(ThreadPoolExecutor.java:624)
        at java.lang.Thread.run(Thread.java:750)
"FixedThreadPoolWithAffinityExecutor-7-0" daemon prio=5 tid=5502 timed_waiting
java.lang.Thread.State: TIMED_WAITING
        at sun.misc.Unsafe.park(Native Method)
        at java.util.concurrent.locks.LockSupport.parkNanos(LockSupport.java:215)
        at java.util.concurrent.locks.AbstractQueuedSynchronizer$ConditionObject.awaitNanos(AbstractQueuedSynchronizer.java:2078)
        at java.util.concurrent.LinkedBlockingQueue.poll(LinkedBlockingQueue.java:467)
        at org.apache.hadoop.hdds.scm.server.ContainerReportQueue.poll(ContainerReportQueue.java:266)
        at org.apache.hadoop.hdds.scm.server.ContainerReportQueue.poll(ContainerReportQueue.java:42)
        at org.apache.hadoop.hdds.server.events.FixedThreadPoolWithAffinityExecutor$ContainerReportProcessTask.run(FixedThreadPoolWithAffinityExecutor.java:248)
        at java.util.concurrent.Executors$RunnableAdapter.call(Executors.java:511)
        at java.util.concurrent.FutureTask.run(FutureTask.java:266)
        at java.util.concurrent.ThreadPoolExecutor.runWorker(ThreadPoolExecutor.java:1149)
        at java.util.concurrent.ThreadPoolExecutor$Worker.run(ThreadPoolExecutor.java:624)
        at java.lang.Thread.run(Thread.java:750)
"IPC Server handler 3 on default port 41341" daemon prio=5 tid=3807 timed_waiting
java.lang.Thread.State: TIMED_WAITING
        at sun.misc.Unsafe.park(Native Method)
        at java.util.concurrent.locks.LockSupport.parkNanos(LockSupport.java:215)
        at java.util.concurrent.locks.AbstractQueuedSynchronizer$ConditionObject.awaitNanos(AbstractQueuedSynchronizer.java:2078)
        at java.util.concurrent.LinkedBlockingQueue.poll(LinkedBlockingQueue.java:467)
        at org.apache.hadoop.ipc.CallQueueManager.take(CallQueueManager.java:317)
        at org.apache.hadoop.ipc.Server$Handler.run(Server.java:2942)
"IPC Server handler 4 on default port 36157" daemon prio=5 tid=5552 timed_waiting
java.lang.Thread.State: TIMED_WAITING
        at sun.misc.Unsafe.park(Native Method)
        at java.util.concurrent.locks.LockSupport.parkNanos(LockSupport.java:215)
        at java.util.concurrent.locks.AbstractQueuedSynchronizer$ConditionObject.awaitNanos(AbstractQueuedSynchronizer.java:2078)
        at java.util.concurrent.LinkedBlockingQueue.poll(LinkedBlockingQueue.java:467)
        at org.apache.hadoop.ipc.CallQueueManager.take(CallQueueManager.java:317)
        at org.apache.hadoop.ipc.Server$Handler.run(Server.java:2942)
"dba9af6d-6e82-4367-aab1-8cf42182a7ab-server-thread2" daemon prio=5 tid=3652 timed_waiting
java.lang.Thread.State: TIMED_WAITING
        at sun.misc.Unsafe.park(Native Method)
        at java.util.concurrent.locks.LockSupport.parkNanos(LockSupport.java:215)
        at java.util.concurrent.SynchronousQueue$TransferStack.awaitFulfill(SynchronousQueue.java:460)
        at java.util.concurrent.SynchronousQueue$TransferStack.transfer(SynchronousQueue.java:362)
        at java.util.concurrent.SynchronousQueue.poll(SynchronousQueue.java:941)
        at java.util.concurrent.ThreadPoolExecutor.getTask(ThreadPoolExecutor.java:1073)
        at java.util.concurrent.ThreadPoolExecutor.runWorker(ThreadPoolExecutor.java:1134)
        at java.util.concurrent.ThreadPoolExecutor$Worker.run(ThreadPoolExecutor.java:624)
        at java.lang.Thread.run(Thread.java:750)
"qtp1419576172-4841" daemon prio=5 tid=4841 timed_waiting
java.lang.Thread.State: TIMED_WAITING
        at sun.misc.Unsafe.park(Native Method)
        at java.util.concurrent.locks.LockSupport.parkNanos(LockSupport.java:215)
        at java.util.concurrent.locks.AbstractQueuedSynchronizer$ConditionObject.awaitNanos(AbstractQueuedSynchronizer.java:2078)
        at org.eclipse.jetty.util.BlockingArrayQueue.poll(BlockingArrayQueue.java:382)
        at org.eclipse.jetty.util.thread.QueuedThreadPool$Runner.idleJobPoll(QueuedThreadPool.java:974)
        at org.eclipse.jetty.util.thread.QueuedThreadPool$Runner.run(QueuedThreadPool.java:1018)
        at java.lang.Thread.run(Thread.java:750)
"qtp1686202609-5080" daemon prio=5 tid=5080 timed_waiting
java.lang.Thread.State: TIMED_WAITING
        at sun.misc.Unsafe.park(Native Method)
        at java.util.concurrent.locks.LockSupport.parkNanos(LockSupport.java:215)
        at java.util.concurrent.locks.AbstractQueuedSynchronizer$ConditionObject.awaitNanos(AbstractQueuedSynchronizer.java:2078)
        at org.eclipse.jetty.util.BlockingArrayQueue.poll(BlockingArrayQueue.java:382)
        at org.eclipse.jetty.util.thread.QueuedThreadPool$Runner.idleJobPoll(QueuedThreadPool.java:974)
        at org.eclipse.jetty.util.thread.QueuedThreadPool$Runner.run(QueuedThreadPool.java:1018)
        at java.lang.Thread.run(Thread.java:750)
"Timer-6"  prio=5 tid=4943 timed_waiting
java.lang.Thread.State: TIMED_WAITING
        at java.lang.Object.wait(Native Method)
        at java.util.TimerThread.mainLoop(Timer.java:552)
        at java.util.TimerThread.run(Timer.java:505)
"Datanode State Machine Daemon Thread" daemon prio=5 tid=3333 timed_waiting
java.lang.Thread.State: TIMED_WAITING
        at java.lang.Thread.sleep(Native Method)
        at org.apache.hadoop.ozone.container.common.statemachine.DatanodeStateMachine.startStateMachineThread(DatanodeStateMachine.java:321)
        at org.apache.hadoop.ozone.container.common.statemachine.DatanodeStateMachine.lambda$startDaemon$0(DatanodeStateMachine.java:506)
        at org.apache.hadoop.ozone.container.common.statemachine.DatanodeStateMachine$$Lambda$785/619018591.run(Unknown Source)
        at java.lang.Thread.run(Thread.java:750)
"StaleRecoveringContainerScrubbingService#1" daemon prio=5 tid=5399 in Object.wait()
java.lang.Thread.State: WAITING (on object monitor)
        at sun.misc.Unsafe.park(Native Method)
        at java.util.concurrent.locks.LockSupport.park(LockSupport.java:175)
        at java.util.concurrent.locks.AbstractQueuedSynchronizer$ConditionObject.await(AbstractQueuedSynchronizer.java:2039)
        at java.util.concurrent.ScheduledThreadPoolExecutor$DelayedWorkQueue.take(ScheduledThreadPoolExecutor.java:1088)
        at java.util.concurrent.ScheduledThreadPoolExecutor$DelayedWorkQueue.take(ScheduledThreadPoolExecutor.java:809)
        at java.util.concurrent.ThreadPoolExecutor.getTask(ThreadPoolExecutor.java:1074)
        at java.util.concurrent.ThreadPoolExecutor.runWorker(ThreadPoolExecutor.java:1134)
        at java.util.concurrent.ThreadPoolExecutor$Worker.run(ThreadPoolExecutor.java:624)
        at java.lang.Thread.run(Thread.java:750)
"IPC Server handler 8 on default port 36003" daemon prio=5 tid=4798 timed_waiting
java.lang.Thread.State: TIMED_WAITING
        at sun.misc.Unsafe.park(Native Method)
        at java.util.concurrent.locks.LockSupport.parkNanos(LockSupport.java:215)
        at java.util.concurrent.locks.AbstractQueuedSynchronizer$ConditionObject.awaitNanos(AbstractQueuedSynchronizer.java:2078)
        at java.util.concurrent.LinkedBlockingQueue.poll(LinkedBlockingQueue.java:467)
        at org.apache.hadoop.ipc.CallQueueManager.take(CallQueueManager.java:317)
        at org.apache.hadoop.ipc.Server$Handler.run(Server.java:2942)
"timer5" daemon prio=5 tid=674 timed_waiting
java.lang.Thread.State: TIMED_WAITING
        at java.lang.Object.wait(Native Method)
        at java.util.TimerThread.mainLoop(Timer.java:552)
        at java.util.TimerThread.run(Timer.java:505)
"BlockDeletingService#0" daemon prio=5 tid=5396 timed_waiting
java.lang.Thread.State: TIMED_WAITING
        at sun.misc.Unsafe.park(Native Method)
        at java.util.concurrent.locks.LockSupport.parkNanos(LockSupport.java:215)
        at java.util.concurrent.locks.AbstractQueuedSynchronizer$ConditionObject.awaitNanos(AbstractQueuedSynchronizer.java:2078)
        at java.util.concurrent.ScheduledThreadPoolExecutor$DelayedWorkQueue.take(ScheduledThreadPoolExecutor.java:1093)
        at java.util.concurrent.ScheduledThreadPoolExecutor$DelayedWorkQueue.take(ScheduledThreadPoolExecutor.java:809)
        at java.util.concurrent.ThreadPoolExecutor.getTask(ThreadPoolExecutor.java:1074)
        at java.util.concurrent.ThreadPoolExecutor.runWorker(ThreadPoolExecutor.java:1134)
        at java.util.concurrent.ThreadPoolExecutor$Worker.run(ThreadPoolExecutor.java:624)
        at java.lang.Thread.run(Thread.java:750)
"StaleRecoveringContainerScrubbingService#2" daemon prio=5 tid=4730 in Object.wait()
java.lang.Thread.State: WAITING (on object monitor)
        at sun.misc.Unsafe.park(Native Method)
        at java.util.concurrent.locks.LockSupport.park(LockSupport.java:175)
        at java.util.concurrent.locks.AbstractQueuedSynchronizer$ConditionObject.await(AbstractQueuedSynchronizer.java:2039)
        at java.util.concurrent.ScheduledThreadPoolExecutor$DelayedWorkQueue.take(ScheduledThreadPoolExecutor.java:1088)
        at java.util.concurrent.ScheduledThreadPoolExecutor$DelayedWorkQueue.take(ScheduledThreadPoolExecutor.java:809)
        at java.util.concurrent.ThreadPoolExecutor.getTask(ThreadPoolExecutor.java:1074)
        at java.util.concurrent.ThreadPoolExecutor.runWorker(ThreadPoolExecutor.java:1134)
        at java.util.concurrent.ThreadPoolExecutor$Worker.run(ThreadPoolExecutor.java:624)
        at java.lang.Thread.run(Thread.java:750)
"IPC Server handler 0 on default port 34157" daemon prio=5 tid=4004 timed_waiting
java.lang.Thread.State: TIMED_WAITING
        at sun.misc.Unsafe.park(Native Method)
        at java.util.concurrent.locks.LockSupport.parkNanos(LockSupport.java:215)
        at java.util.concurrent.locks.AbstractQueuedSynchronizer$ConditionObject.awaitNanos(AbstractQueuedSynchronizer.java:2078)
        at java.util.concurrent.LinkedBlockingQueue.poll(LinkedBlockingQueue.java:467)
        at org.apache.hadoop.ipc.CallQueueManager.take(CallQueueManager.java:317)
        at org.apache.hadoop.ipc.Server$Handler.run(Server.java:2942)
"qtp973406047-4303" daemon prio=5 tid=4303 runnable
java.lang.Thread.State: RUNNABLE
        at sun.nio.ch.EPollArrayWrapper.epollWait(Native Method)
        at sun.nio.ch.EPollArrayWrapper.poll(EPollArrayWrapper.java:269)
        at sun.nio.ch.EPollSelectorImpl.doSelect(EPollSelectorImpl.java:93)
        at sun.nio.ch.SelectorImpl.lockAndDoSelect(SelectorImpl.java:86)
        at sun.nio.ch.SelectorImpl.select(SelectorImpl.java:97)
        at sun.nio.ch.SelectorImpl.select(SelectorImpl.java:101)
        at org.eclipse.jetty.io.ManagedSelector.nioSelect(ManagedSelector.java:183)
        at org.eclipse.jetty.io.ManagedSelector.select(ManagedSelector.java:190)
        at org.eclipse.jetty.io.ManagedSelector$SelectorProducer.select(ManagedSelector.java:606)
        at org.eclipse.jetty.io.ManagedSelector$SelectorProducer.produce(ManagedSelector.java:543)
        at org.eclipse.jetty.util.thread.strategy.EatWhatYouKill.produceTask(EatWhatYouKill.java:362)
        at org.eclipse.jetty.util.thread.strategy.EatWhatYouKill.doProduce(EatWhatYouKill.java:186)
        at org.eclipse.jetty.util.thread.strategy.EatWhatYouKill.tryProduce(EatWhatYouKill.java:173)
        at org.eclipse.jetty.util.thread.strategy.EatWhatYouKill.produce(EatWhatYouKill.java:137)
        at org.eclipse.jetty.io.ManagedSelector$$Lambda$480/1445512345.run(Unknown Source)
        at org.eclipse.jetty.util.thread.QueuedThreadPool.runJob(QueuedThreadPool.java:883)
        at org.eclipse.jetty.util.thread.QueuedThreadPool$Runner.run(QueuedThreadPool.java:1034)
        at java.lang.Thread.run(Thread.java:750)
"Datanode ReportManager Thread - 2" daemon prio=5 tid=5008 in Object.wait()
java.lang.Thread.State: WAITING (on object monitor)
        at sun.misc.Unsafe.park(Native Method)
        at java.util.concurrent.locks.LockSupport.park(LockSupport.java:175)
        at java.util.concurrent.locks.AbstractQueuedSynchronizer$ConditionObject.await(AbstractQueuedSynchronizer.java:2039)
        at java.util.concurrent.ScheduledThreadPoolExecutor$DelayedWorkQueue.take(ScheduledThreadPoolExecutor.java:1088)
        at java.util.concurrent.ScheduledThreadPoolExecutor$DelayedWorkQueue.take(ScheduledThreadPoolExecutor.java:809)
        at java.util.concurrent.ThreadPoolExecutor.getTask(ThreadPoolExecutor.java:1074)
        at java.util.concurrent.ThreadPoolExecutor.runWorker(ThreadPoolExecutor.java:1134)
        at java.util.concurrent.ThreadPoolExecutor$Worker.run(ThreadPoolExecutor.java:624)
        at java.lang.Thread.run(Thread.java:750)
"IPC Server Responder" daemon prio=5 tid=3738 runnable
java.lang.Thread.State: RUNNABLE
        at sun.nio.ch.EPollArrayWrapper.epollWait(Native Method)
        at sun.nio.ch.EPollArrayWrapper.poll(EPollArrayWrapper.java:269)
        at sun.nio.ch.EPollSelectorImpl.doSelect(EPollSelectorImpl.java:93)
        at sun.nio.ch.SelectorImpl.lockAndDoSelect(SelectorImpl.java:86)
        at sun.nio.ch.SelectorImpl.select(SelectorImpl.java:97)
        at org.apache.hadoop.ipc.Server$Responder.doRunLoop(Server.java:1532)
        at org.apache.hadoop.ipc.Server$Responder.run(Server.java:1515)
"Socket Reader #1 for port 34529"  prio=5 tid=5488 runnable
java.lang.Thread.State: RUNNABLE
        at sun.nio.ch.EPollArrayWrapper.epollWait(Native Method)
        at sun.nio.ch.EPollArrayWrapper.poll(EPollArrayWrapper.java:269)
        at sun.nio.ch.EPollSelectorImpl.doSelect(EPollSelectorImpl.java:93)
        at sun.nio.ch.SelectorImpl.lockAndDoSelect(SelectorImpl.java:86)
        at sun.nio.ch.SelectorImpl.select(SelectorImpl.java:97)
        at sun.nio.ch.SelectorImpl.select(SelectorImpl.java:101)
        at org.apache.hadoop.ipc.Server$Listener$Reader.doRunLoop(Server.java:1296)
        at org.apache.hadoop.ipc.Server$Listener$Reader.run(Server.java:1275)
"IPC Server listener on 0" daemon prio=5 tid=3739 runnable
java.lang.Thread.State: RUNNABLE
        at sun.nio.ch.EPollArrayWrapper.epollWait(Native Method)
        at sun.nio.ch.EPollArrayWrapper.poll(EPollArrayWrapper.java:269)
        at sun.nio.ch.EPollSelectorImpl.doSelect(EPollSelectorImpl.java:93)
        at sun.nio.ch.SelectorImpl.lockAndDoSelect(SelectorImpl.java:86)
        at sun.nio.ch.SelectorImpl.select(SelectorImpl.java:97)
        at sun.nio.ch.SelectorImpl.select(SelectorImpl.java:101)
        at org.apache.hadoop.ipc.Server$Listener.run(Server.java:1358)
"b56e85ee-8e41-41ba-8236-410d8ae83499@group-B0097F026191-StateMachineUpdater" daemon prio=5 tid=5431 timed_waiting
java.lang.Thread.State: TIMED_WAITING
        at sun.misc.Unsafe.park(Native Method)
        at java.util.concurrent.locks.LockSupport.parkNanos(LockSupport.java:215)
        at java.util.concurrent.CompletableFuture$Signaller.block(CompletableFuture.java:1709)
        at java.util.concurrent.ForkJoinPool.managedBlock(ForkJoinPool.java:3323)
        at java.util.concurrent.CompletableFuture.timedGet(CompletableFuture.java:1788)
        at java.util.concurrent.CompletableFuture.get(CompletableFuture.java:1928)
        at org.apache.ratis.util.AwaitForSignal.await(AwaitForSignal.java:56)
        at org.apache.ratis.server.impl.StateMachineUpdater.waitForCommit(StateMachineUpdater.java:207)
        at org.apache.ratis.server.impl.StateMachineUpdater.run(StateMachineUpdater.java:176)
        at java.lang.Thread.run(Thread.java:750)
"Command processor thread" daemon prio=5 tid=3313 timed_waiting
java.lang.Thread.State: TIMED_WAITING
        at java.lang.Thread.sleep(Native Method)
        at org.apache.hadoop.ozone.container.common.statemachine.DatanodeStateMachine.lambda$initCommandHandlerThread$3(DatanodeStateMachine.java:641)
        at org.apache.hadoop.ozone.container.common.statemachine.DatanodeStateMachine$$Lambda$787/339964609.run(Unknown Source)
        at java.lang.Thread.run(Thread.java:750)
"BlockDeletingService#1" daemon prio=5 tid=3539 timed_waiting
java.lang.Thread.State: TIMED_WAITING
        at sun.misc.Unsafe.park(Native Method)
        at java.util.concurrent.locks.LockSupport.parkNanos(LockSupport.java:215)
        at java.util.concurrent.locks.AbstractQueuedSynchronizer$ConditionObject.awaitNanos(AbstractQueuedSynchronizer.java:2078)
        at java.util.concurrent.ScheduledThreadPoolExecutor$DelayedWorkQueue.take(ScheduledThreadPoolExecutor.java:1093)
        at java.util.concurrent.ScheduledThreadPoolExecutor$DelayedWorkQueue.take(ScheduledThreadPoolExecutor.java:809)
        at java.util.concurrent.ThreadPoolExecutor.getTask(ThreadPoolExecutor.java:1074)
        at java.util.concurrent.ThreadPoolExecutor.runWorker(ThreadPoolExecutor.java:1134)
        at java.util.concurrent.ThreadPoolExecutor$Worker.run(ThreadPoolExecutor.java:624)
        at java.lang.Thread.run(Thread.java:750)
"grpc-default-boss-ELG-1-1" daemon prio=5 tid=140 runnable
java.lang.Thread.State: RUNNABLE
        at org.apache.ratis.thirdparty.io.netty.channel.epoll.Native.epollWait(Native Method)
        at org.apache.ratis.thirdparty.io.netty.channel.epoll.Native.epollWait(Native.java:209)
        at org.apache.ratis.thirdparty.io.netty.channel.epoll.Native.epollWait(Native.java:202)
        at org.apache.ratis.thirdparty.io.netty.channel.epoll.EpollEventLoop.epollWaitNoTimerChange(EpollEventLoop.java:294)
        at org.apache.ratis.thirdparty.io.netty.channel.epoll.EpollEventLoop.run(EpollEventLoop.java:351)
        at org.apache.ratis.thirdparty.io.netty.util.concurrent.SingleThreadEventExecutor$4.run(SingleThreadEventExecutor.java:995)
        at org.apache.ratis.thirdparty.io.netty.util.internal.ThreadExecutorMap$2.run(ThreadExecutorMap.java:74)
        at org.apache.ratis.thirdparty.io.netty.util.concurrent.FastThreadLocalRunnable.run(FastThreadLocalRunnable.java:30)
        at java.lang.Thread.run(Thread.java:750)
"Datanode ReportManager Thread - 1" daemon prio=5 tid=4216 in Object.wait()
java.lang.Thread.State: WAITING (on object monitor)
        at sun.misc.Unsafe.park(Native Method)
        at java.util.concurrent.locks.LockSupport.park(LockSupport.java:175)
        at java.util.concurrent.locks.AbstractQueuedSynchronizer$ConditionObject.await(AbstractQueuedSynchronizer.java:2039)
        at java.util.concurrent.ScheduledThreadPoolExecutor$DelayedWorkQueue.take(ScheduledThreadPoolExecutor.java:1088)
        at java.util.concurrent.ScheduledThreadPoolExecutor$DelayedWorkQueue.take(ScheduledThreadPoolExecutor.java:809)
        at java.util.concurrent.ThreadPoolExecutor.getTask(ThreadPoolExecutor.java:1074)
        at java.util.concurrent.ThreadPoolExecutor.runWorker(ThreadPoolExecutor.java:1134)
        at java.util.concurrent.ThreadPoolExecutor$Worker.run(ThreadPoolExecutor.java:624)
        at java.lang.Thread.run(Thread.java:750)
"ContainerOp-d03e4836-7d8d-4de7-87bd-2d1f402832ad-1"  prio=5 tid=4765 in Object.wait()
java.lang.Thread.State: WAITING (on object monitor)
        at sun.misc.Unsafe.park(Native Method)
        at java.util.concurrent.locks.LockSupport.park(LockSupport.java:175)
        at java.util.concurrent.locks.AbstractQueuedSynchronizer$ConditionObject.await(AbstractQueuedSynchronizer.java:2039)
        at java.util.concurrent.LinkedBlockingQueue.take(LinkedBlockingQueue.java:442)
        at java.util.concurrent.ThreadPoolExecutor.getTask(ThreadPoolExecutor.java:1074)
        at java.util.concurrent.ThreadPoolExecutor.runWorker(ThreadPoolExecutor.java:1134)
        at java.util.concurrent.ThreadPoolExecutor$Worker.run(ThreadPoolExecutor.java:624)
        at java.lang.Thread.run(Thread.java:750)
"OMDoubleBufferFlushThread" daemon prio=5 tid=3215 timed_waiting
java.lang.Thread.State: TIMED_WAITING
        at java.lang.Object.wait(Native Method)
        at org.apache.hadoop.ozone.om.ratis.OzoneManagerDoubleBuffer.canFlush(OzoneManagerDoubleBuffer.java:538)
        at org.apache.hadoop.ozone.om.ratis.OzoneManagerDoubleBuffer.flushTransactions(OzoneManagerDoubleBuffer.java:268)
        at org.apache.hadoop.ozone.om.ratis.OzoneManagerDoubleBuffer$$Lambda$538/2063950640.run(Unknown Source)
        at java.lang.Thread.run(Thread.java:750)
"IPC Server handler 10 on default port 40433" daemon prio=5 tid=4820 timed_waiting
java.lang.Thread.State: TIMED_WAITING
        at sun.misc.Unsafe.park(Native Method)
        at java.util.concurrent.locks.LockSupport.parkNanos(LockSupport.java:215)
        at java.util.concurrent.locks.AbstractQueuedSynchronizer$ConditionObject.awaitNanos(AbstractQueuedSynchronizer.java:2078)
        at java.util.concurrent.LinkedBlockingQueue.poll(LinkedBlockingQueue.java:467)
        at org.apache.hadoop.ipc.CallQueueManager.take(CallQueueManager.java:317)
        at org.apache.hadoop.ipc.Server$Handler.run(Server.java:2942)
"e5184996-93a8-477c-b193-15e28d80a846@group-106F5133E1B4-StateMachineUpdater" daemon prio=5 tid=4482 timed_waiting
java.lang.Thread.State: TIMED_WAITING
        at sun.misc.Unsafe.park(Native Method)
        at java.util.concurrent.locks.LockSupport.parkNanos(LockSupport.java:215)
        at java.util.concurrent.CompletableFuture$Signaller.block(CompletableFuture.java:1709)
        at java.util.concurrent.ForkJoinPool.managedBlock(ForkJoinPool.java:3323)
        at java.util.concurrent.CompletableFuture.timedGet(CompletableFuture.java:1788)
        at java.util.concurrent.CompletableFuture.get(CompletableFuture.java:1928)
        at org.apache.ratis.util.AwaitForSignal.await(AwaitForSignal.java:56)
        at org.apache.ratis.server.impl.StateMachineUpdater.waitForCommit(StateMachineUpdater.java:207)
        at org.apache.ratis.server.impl.StateMachineUpdater.run(StateMachineUpdater.java:176)
        at java.lang.Thread.run(Thread.java:750)
"PartialTableCache Cleanup Thread - 0" daemon prio=5 tid=5644 in Object.wait()
java.lang.Thread.State: WAITING (on object monitor)
        at sun.misc.Unsafe.park(Native Method)
        at java.util.concurrent.locks.LockSupport.park(LockSupport.java:175)
        at java.util.concurrent.locks.AbstractQueuedSynchronizer$ConditionObject.await(AbstractQueuedSynchronizer.java:2039)
        at java.util.concurrent.LinkedBlockingQueue.take(LinkedBlockingQueue.java:442)
        at java.util.concurrent.ThreadPoolExecutor.getTask(ThreadPoolExecutor.java:1074)
        at java.util.concurrent.ThreadPoolExecutor.runWorker(ThreadPoolExecutor.java:1134)
        at java.util.concurrent.ThreadPoolExecutor$Worker.run(ThreadPoolExecutor.java:624)
        at java.lang.Thread.run(Thread.java:750)
"Datanode State Machine Daemon Thread" daemon prio=5 tid=5059 timed_waiting
java.lang.Thread.State: TIMED_WAITING
        at java.lang.Thread.sleep(Native Method)
        at org.apache.hadoop.ozone.container.common.statemachine.DatanodeStateMachine.startStateMachineThread(DatanodeStateMachine.java:321)
        at org.apache.hadoop.ozone.container.common.statemachine.DatanodeStateMachine.lambda$startDaemon$0(DatanodeStateMachine.java:506)
        at org.apache.hadoop.ozone.container.common.statemachine.DatanodeStateMachine$$Lambda$785/619018591.run(Unknown Source)
        at java.lang.Thread.run(Thread.java:750)
"EndpointStateMachine task thread for /0.0.0.0:36157 - 0 "  prio=5 tid=3488 in Object.wait()
java.lang.Thread.State: WAITING (on object monitor)
        at sun.misc.Unsafe.park(Native Method)
        at java.util.concurrent.locks.LockSupport.park(LockSupport.java:175)
        at java.util.concurrent.locks.AbstractQueuedSynchronizer$ConditionObject.await(AbstractQueuedSynchronizer.java:2039)
        at java.util.concurrent.LinkedBlockingQueue.take(LinkedBlockingQueue.java:442)
        at java.util.concurrent.ThreadPoolExecutor.getTask(ThreadPoolExecutor.java:1074)
        at java.util.concurrent.ThreadPoolExecutor.runWorker(ThreadPoolExecutor.java:1134)
        at java.util.concurrent.ThreadPoolExecutor$Worker.run(ThreadPoolExecutor.java:624)
        at java.lang.Thread.run(Thread.java:750)
"ChunkWriter-0-0" daemon prio=5 tid=3489 in Object.wait()
java.lang.Thread.State: WAITING (on object monitor)
        at sun.misc.Unsafe.park(Native Method)
        at java.util.concurrent.locks.LockSupport.park(LockSupport.java:175)
        at java.util.concurrent.locks.AbstractQueuedSynchronizer$ConditionObject.await(AbstractQueuedSynchronizer.java:2039)
        at java.util.concurrent.LinkedBlockingDeque.takeFirst(LinkedBlockingDeque.java:492)
        at java.util.concurrent.LinkedBlockingDeque.take(LinkedBlockingDeque.java:680)
        at java.util.concurrent.ThreadPoolExecutor.getTask(ThreadPoolExecutor.java:1074)
        at java.util.concurrent.ThreadPoolExecutor.runWorker(ThreadPoolExecutor.java:1134)
        at java.util.concurrent.ThreadPoolExecutor$Worker.run(ThreadPoolExecutor.java:624)
        at java.lang.Thread.run(Thread.java:750)
"ec-reconstruct-reader-TID-2"  prio=5 tid=4691 in Object.wait()
java.lang.Thread.State: WAITING (on object monitor)
        at sun.misc.Unsafe.park(Native Method)
        at java.util.concurrent.locks.LockSupport.park(LockSupport.java:175)
        at java.util.concurrent.SynchronousQueue$TransferStack.awaitFulfill(SynchronousQueue.java:458)
        at java.util.concurrent.SynchronousQueue$TransferStack.transfer(SynchronousQueue.java:362)
        at java.util.concurrent.SynchronousQueue.take(SynchronousQueue.java:924)
        at java.util.concurrent.ThreadPoolExecutor.getTask(ThreadPoolExecutor.java:1074)
        at java.util.concurrent.ThreadPoolExecutor.runWorker(ThreadPoolExecutor.java:1134)
        at java.util.concurrent.ThreadPoolExecutor$Worker.run(ThreadPoolExecutor.java:624)
        at java.lang.Thread.run(Thread.java:750)
"pool-1542-thread-1" daemon prio=5 tid=3266 timed_waiting
java.lang.Thread.State: TIMED_WAITING
        at sun.misc.Unsafe.park(Native Method)
        at java.util.concurrent.locks.LockSupport.parkNanos(LockSupport.java:215)
        at java.util.concurrent.locks.AbstractQueuedSynchronizer$ConditionObject.awaitNanos(AbstractQueuedSynchronizer.java:2078)
        at java.util.concurrent.ScheduledThreadPoolExecutor$DelayedWorkQueue.take(ScheduledThreadPoolExecutor.java:1093)
        at java.util.concurrent.ScheduledThreadPoolExecutor$DelayedWorkQueue.take(ScheduledThreadPoolExecutor.java:809)
        at java.util.concurrent.ThreadPoolExecutor.getTask(ThreadPoolExecutor.java:1074)
        at java.util.concurrent.ThreadPoolExecutor.runWorker(ThreadPoolExecutor.java:1134)
        at java.util.concurrent.ThreadPoolExecutor$Worker.run(ThreadPoolExecutor.java:624)
        at java.lang.Thread.run(Thread.java:750)
"Command processor thread" daemon prio=5 tid=3341 timed_waiting
java.lang.Thread.State: TIMED_WAITING
        at java.lang.Thread.sleep(Native Method)
        at org.apache.hadoop.ozone.container.common.statemachine.DatanodeStateMachine.lambda$initCommandHandlerThread$3(DatanodeStateMachine.java:641)
        at org.apache.hadoop.ozone.container.common.statemachine.DatanodeStateMachine$$Lambda$787/339964609.run(Unknown Source)
        at java.lang.Thread.run(Thread.java:750)
"qtp1138839318-3273" daemon prio=5 tid=3273 timed_waiting
java.lang.Thread.State: TIMED_WAITING
        at sun.misc.Unsafe.park(Native Method)
        at java.util.concurrent.locks.LockSupport.parkNanos(LockSupport.java:215)
        at java.util.concurrent.locks.AbstractQueuedSynchronizer$ConditionObject.awaitNanos(AbstractQueuedSynchronizer.java:2078)
        at org.eclipse.jetty.util.BlockingArrayQueue.poll(BlockingArrayQueue.java:382)
        at org.eclipse.jetty.util.thread.QueuedThreadPool$Runner.idleJobPoll(QueuedThreadPool.java:974)
        at org.eclipse.jetty.util.thread.QueuedThreadPool$Runner.run(QueuedThreadPool.java:1018)
        at java.lang.Thread.run(Thread.java:750)
"IPC Server handler 10 on default port 36439" daemon prio=5 tid=3794 timed_waiting
java.lang.Thread.State: TIMED_WAITING
        at sun.misc.Unsafe.park(Native Method)
        at java.util.concurrent.locks.LockSupport.parkNanos(LockSupport.java:215)
        at java.util.concurrent.locks.AbstractQueuedSynchronizer$ConditionObject.awaitNanos(AbstractQueuedSynchronizer.java:2078)
        at java.util.concurrent.LinkedBlockingQueue.poll(LinkedBlockingQueue.java:467)
        at org.apache.hadoop.ipc.CallQueueManager.take(CallQueueManager.java:317)
        at org.apache.hadoop.ipc.Server$Handler.run(Server.java:2942)
"pool-2079-thread-1" daemon prio=5 tid=4254 timed_waiting
java.lang.Thread.State: TIMED_WAITING
        at sun.misc.Unsafe.park(Native Method)
        at java.util.concurrent.locks.LockSupport.parkNanos(LockSupport.java:215)
        at java.util.concurrent.locks.AbstractQueuedSynchronizer$ConditionObject.awaitNanos(AbstractQueuedSynchronizer.java:2078)
        at java.util.concurrent.ScheduledThreadPoolExecutor$DelayedWorkQueue.take(ScheduledThreadPoolExecutor.java:1093)
        at java.util.concurrent.ScheduledThreadPoolExecutor$DelayedWorkQueue.take(ScheduledThreadPoolExecutor.java:809)
        at java.util.concurrent.ThreadPoolExecutor.getTask(ThreadPoolExecutor.java:1074)
        at java.util.concurrent.ThreadPoolExecutor.runWorker(ThreadPoolExecutor.java:1134)
        at java.util.concurrent.ThreadPoolExecutor$Worker.run(ThreadPoolExecutor.java:624)
        at java.lang.Thread.run(Thread.java:750)
"StaleRecoveringContainerScrubbingService#2" daemon prio=5 tid=5654 in Object.wait()
java.lang.Thread.State: WAITING (on object monitor)
        at sun.misc.Unsafe.park(Native Method)
        at java.util.concurrent.locks.LockSupport.park(LockSupport.java:175)
        at java.util.concurrent.locks.AbstractQueuedSynchronizer$ConditionObject.await(AbstractQueuedSynchronizer.java:2039)
        at java.util.concurrent.ScheduledThreadPoolExecutor$DelayedWorkQueue.take(ScheduledThreadPoolExecutor.java:1088)
        at java.util.concurrent.ScheduledThreadPoolExecutor$DelayedWorkQueue.take(ScheduledThreadPoolExecutor.java:809)
        at java.util.concurrent.ThreadPoolExecutor.getTask(ThreadPoolExecutor.java:1074)
        at java.util.concurrent.ThreadPoolExecutor.runWorker(ThreadPoolExecutor.java:1134)
        at java.util.concurrent.ThreadPoolExecutor$Worker.run(ThreadPoolExecutor.java:624)
        at java.lang.Thread.run(Thread.java:750)
"Command processor thread" daemon prio=5 tid=4220 timed_waiting
java.lang.Thread.State: TIMED_WAITING
        at java.lang.Thread.sleep(Native Method)
        at org.apache.hadoop.ozone.container.common.statemachine.DatanodeStateMachine.lambda$initCommandHandlerThread$3(DatanodeStateMachine.java:641)
        at org.apache.hadoop.ozone.container.common.statemachine.DatanodeStateMachine$$Lambda$787/339964609.run(Unknown Source)
        at java.lang.Thread.run(Thread.java:750)
"pool-1565-thread-1" daemon prio=5 tid=3292 timed_waiting
java.lang.Thread.State: TIMED_WAITING
        at sun.misc.Unsafe.park(Native Method)
        at java.util.concurrent.locks.LockSupport.parkNanos(LockSupport.java:215)
        at java.util.concurrent.locks.AbstractQueuedSynchronizer$ConditionObject.awaitNanos(AbstractQueuedSynchronizer.java:2078)
        at java.util.concurrent.ScheduledThreadPoolExecutor$DelayedWorkQueue.take(ScheduledThreadPoolExecutor.java:1093)
        at java.util.concurrent.ScheduledThreadPoolExecutor$DelayedWorkQueue.take(ScheduledThreadPoolExecutor.java:809)
        at java.util.concurrent.ThreadPoolExecutor.getTask(ThreadPoolExecutor.java:1074)
        at java.util.concurrent.ThreadPoolExecutor.runWorker(ThreadPoolExecutor.java:1134)
        at java.util.concurrent.ThreadPoolExecutor$Worker.run(ThreadPoolExecutor.java:624)
        at java.lang.Thread.run(Thread.java:750)
"timer1" daemon prio=5 tid=525 timed_waiting
java.lang.Thread.State: TIMED_WAITING
        at java.lang.Object.wait(Native Method)
        at java.util.TimerThread.mainLoop(Timer.java:552)
        at java.util.TimerThread.run(Timer.java:505)
"Datanode State Machine Task Thread - 1"  prio=5 tid=5217 in Object.wait()
java.lang.Thread.State: WAITING (on object monitor)
        at sun.misc.Unsafe.park(Native Method)
        at java.util.concurrent.locks.LockSupport.park(LockSupport.java:175)
        at java.util.concurrent.locks.AbstractQueuedSynchronizer$ConditionObject.await(AbstractQueuedSynchronizer.java:2039)
        at java.util.concurrent.LinkedBlockingQueue.take(LinkedBlockingQueue.java:442)
        at java.util.concurrent.ThreadPoolExecutor.getTask(ThreadPoolExecutor.java:1074)
        at java.util.concurrent.ThreadPoolExecutor.runWorker(ThreadPoolExecutor.java:1134)
        at java.util.concurrent.ThreadPoolExecutor$Worker.run(ThreadPoolExecutor.java:624)
        at java.lang.Thread.run(Thread.java:750)
"org.apache.hadoop.util.JvmPauseMonitor$Monitor@4f42d133" daemon prio=5 tid=5203 timed_waiting
java.lang.Thread.State: TIMED_WAITING
        at java.lang.Thread.sleep(Native Method)
        at org.apache.hadoop.util.JvmPauseMonitor$Monitor.run(JvmPauseMonitor.java:192)
        at java.lang.Thread.run(Thread.java:750)
"Datanode ReportManager Thread - 0" daemon prio=5 tid=5060 in Object.wait()
java.lang.Thread.State: WAITING (on object monitor)
        at sun.misc.Unsafe.park(Native Method)
        at java.util.concurrent.locks.LockSupport.park(LockSupport.java:175)
        at java.util.concurrent.locks.AbstractQueuedSynchronizer$ConditionObject.await(AbstractQueuedSynchronizer.java:2039)
        at java.util.concurrent.ScheduledThreadPoolExecutor$DelayedWorkQueue.take(ScheduledThreadPoolExecutor.java:1088)
        at java.util.concurrent.ScheduledThreadPoolExecutor$DelayedWorkQueue.take(ScheduledThreadPoolExecutor.java:809)
        at java.util.concurrent.ThreadPoolExecutor.getTask(ThreadPoolExecutor.java:1074)
        at java.util.concurrent.ThreadPoolExecutor.runWorker(ThreadPoolExecutor.java:1134)
        at java.util.concurrent.ThreadPoolExecutor$Worker.run(ThreadPoolExecutor.java:624)
        at java.lang.Thread.run(Thread.java:750)
"ChunkWriter-2-0" daemon prio=5 tid=3446 in Object.wait()
java.lang.Thread.State: WAITING (on object monitor)
        at sun.misc.Unsafe.park(Native Method)
        at java.util.concurrent.locks.LockSupport.park(LockSupport.java:175)
        at java.util.concurrent.locks.AbstractQueuedSynchronizer$ConditionObject.await(AbstractQueuedSynchronizer.java:2039)
        at java.util.concurrent.LinkedBlockingDeque.takeFirst(LinkedBlockingDeque.java:492)
        at java.util.concurrent.LinkedBlockingDeque.take(LinkedBlockingDeque.java:680)
        at java.util.concurrent.ThreadPoolExecutor.getTask(ThreadPoolExecutor.java:1074)
        at java.util.concurrent.ThreadPoolExecutor.runWorker(ThreadPoolExecutor.java:1134)
        at java.util.concurrent.ThreadPoolExecutor$Worker.run(ThreadPoolExecutor.java:624)
        at java.lang.Thread.run(Thread.java:750)
"BlockDeletingService#0" daemon prio=5 tid=3555 in Object.wait()
java.lang.Thread.State: WAITING (on object monitor)
        at sun.misc.Unsafe.park(Native Method)
        at java.util.concurrent.locks.LockSupport.park(LockSupport.java:175)
        at java.util.concurrent.locks.AbstractQueuedSynchronizer$ConditionObject.await(AbstractQueuedSynchronizer.java:2039)
        at java.util.concurrent.ScheduledThreadPoolExecutor$DelayedWorkQueue.take(ScheduledThreadPoolExecutor.java:1088)
        at java.util.concurrent.ScheduledThreadPoolExecutor$DelayedWorkQueue.take(ScheduledThreadPoolExecutor.java:809)
        at java.util.concurrent.ThreadPoolExecutor.getTask(ThreadPoolExecutor.java:1074)
        at java.util.concurrent.ThreadPoolExecutor.runWorker(ThreadPoolExecutor.java:1134)
        at java.util.concurrent.ThreadPoolExecutor$Worker.run(ThreadPoolExecutor.java:624)
        at java.lang.Thread.run(Thread.java:750)
"StaleRecoveringContainerScrubbingService#1" daemon prio=5 tid=3453 timed_waiting
java.lang.Thread.State: TIMED_WAITING
        at sun.misc.Unsafe.park(Native Method)
        at java.util.concurrent.locks.LockSupport.parkNanos(LockSupport.java:215)
        at java.util.concurrent.locks.AbstractQueuedSynchronizer$ConditionObject.awaitNanos(AbstractQueuedSynchronizer.java:2078)
        at java.util.concurrent.ScheduledThreadPoolExecutor$DelayedWorkQueue.take(ScheduledThreadPoolExecutor.java:1093)
        at java.util.concurrent.ScheduledThreadPoolExecutor$DelayedWorkQueue.take(ScheduledThreadPoolExecutor.java:809)
        at java.util.concurrent.ThreadPoolExecutor.getTask(ThreadPoolExecutor.java:1074)
        at java.util.concurrent.ThreadPoolExecutor.runWorker(ThreadPoolExecutor.java:1134)
        at java.util.concurrent.ThreadPoolExecutor$Worker.run(ThreadPoolExecutor.java:624)
        at java.lang.Thread.run(Thread.java:750)
"Datanode ReportManager Thread - 1" daemon prio=5 tid=4275 in Object.wait()
java.lang.Thread.State: WAITING (on object monitor)
        at sun.misc.Unsafe.park(Native Method)
        at java.util.concurrent.locks.LockSupport.park(LockSupport.java:175)
        at java.util.concurrent.locks.AbstractQueuedSynchronizer$ConditionObject.await(AbstractQueuedSynchronizer.java:2039)
        at java.util.concurrent.ScheduledThreadPoolExecutor$DelayedWorkQueue.take(ScheduledThreadPoolExecutor.java:1088)
        at java.util.concurrent.ScheduledThreadPoolExecutor$DelayedWorkQueue.take(ScheduledThreadPoolExecutor.java:809)
        at java.util.concurrent.ThreadPoolExecutor.getTask(ThreadPoolExecutor.java:1074)
        at java.util.concurrent.ThreadPoolExecutor.runWorker(ThreadPoolExecutor.java:1134)
        at java.util.concurrent.ThreadPoolExecutor$Worker.run(ThreadPoolExecutor.java:624)
        at java.lang.Thread.run(Thread.java:750)
"Datanode ReportManager Thread - 0" daemon prio=5 tid=3455 in Object.wait()
java.lang.Thread.State: WAITING (on object monitor)
        at sun.misc.Unsafe.park(Native Method)
        at java.util.concurrent.locks.LockSupport.park(LockSupport.java:175)
        at java.util.concurrent.locks.AbstractQueuedSynchronizer$ConditionObject.await(AbstractQueuedSynchronizer.java:2039)
        at java.util.concurrent.ScheduledThreadPoolExecutor$DelayedWorkQueue.take(ScheduledThreadPoolExecutor.java:1088)
        at java.util.concurrent.ScheduledThreadPoolExecutor$DelayedWorkQueue.take(ScheduledThreadPoolExecutor.java:809)
        at java.util.concurrent.ThreadPoolExecutor.getTask(ThreadPoolExecutor.java:1074)
        at java.util.concurrent.ThreadPoolExecutor.runWorker(ThreadPoolExecutor.java:1134)
        at java.util.concurrent.ThreadPoolExecutor$Worker.run(ThreadPoolExecutor.java:624)
        at java.lang.Thread.run(Thread.java:750)
"Session-HouseKeeper-59c7b513-1"  prio=5 tid=4956 timed_waiting
java.lang.Thread.State: TIMED_WAITING
        at sun.misc.Unsafe.park(Native Method)
        at java.util.concurrent.locks.LockSupport.parkNanos(LockSupport.java:215)
        at java.util.concurrent.locks.AbstractQueuedSynchronizer$ConditionObject.awaitNanos(AbstractQueuedSynchronizer.java:2078)
        at java.util.concurrent.ScheduledThreadPoolExecutor$DelayedWorkQueue.take(ScheduledThreadPoolExecutor.java:1093)
        at java.util.concurrent.ScheduledThreadPoolExecutor$DelayedWorkQueue.take(ScheduledThreadPoolExecutor.java:809)
        at java.util.concurrent.ThreadPoolExecutor.getTask(ThreadPoolExecutor.java:1074)
        at java.util.concurrent.ThreadPoolExecutor.runWorker(ThreadPoolExecutor.java:1134)
        at java.util.concurrent.ThreadPoolExecutor$Worker.run(ThreadPoolExecutor.java:624)
        at java.lang.Thread.run(Thread.java:750)
"IPC Server handler 18 on default port 40433" daemon prio=5 tid=4828 timed_waiting
java.lang.Thread.State: TIMED_WAITING
        at sun.misc.Unsafe.park(Native Method)
        at java.util.concurrent.locks.LockSupport.parkNanos(LockSupport.java:215)
        at java.util.concurrent.locks.AbstractQueuedSynchronizer$ConditionObject.awaitNanos(AbstractQueuedSynchronizer.java:2078)
        at java.util.concurrent.LinkedBlockingQueue.poll(LinkedBlockingQueue.java:467)
        at org.apache.hadoop.ipc.CallQueueManager.take(CallQueueManager.java:317)
        at org.apache.hadoop.ipc.Server$Handler.run(Server.java:2942)
"qtp1648517692-4069" daemon prio=5 tid=4069 timed_waiting
java.lang.Thread.State: TIMED_WAITING
        at sun.misc.Unsafe.park(Native Method)
        at java.util.concurrent.locks.LockSupport.parkNanos(LockSupport.java:215)
        at java.util.concurrent.locks.AbstractQueuedSynchronizer$ConditionObject.awaitNanos(AbstractQueuedSynchronizer.java:2078)
        at org.eclipse.jetty.util.BlockingArrayQueue.poll(BlockingArrayQueue.java:382)
        at org.eclipse.jetty.util.thread.QueuedThreadPool$Runner.idleJobPoll(QueuedThreadPool.java:974)
        at org.eclipse.jetty.util.thread.QueuedThreadPool$Runner.run(QueuedThreadPool.java:1018)
        at java.lang.Thread.run(Thread.java:750)
"4e9d01e2-99f3-4323-a596-366f46fa44e1@group-7FB4E2DAD21F-LeaderStateImpl" daemon prio=5 tid=3680 timed_waiting
java.lang.Thread.State: TIMED_WAITING
        at sun.misc.Unsafe.park(Native Method)
        at java.util.concurrent.locks.LockSupport.parkNanos(LockSupport.java:215)
        at java.util.concurrent.locks.AbstractQueuedSynchronizer$ConditionObject.awaitNanos(AbstractQueuedSynchronizer.java:2078)
        at java.util.concurrent.ArrayBlockingQueue.poll(ArrayBlockingQueue.java:418)
        at org.apache.ratis.server.impl.LeaderStateImpl$EventQueue.poll(LeaderStateImpl.java:159)
        at org.apache.ratis.server.impl.LeaderStateImpl$EventProcessor.run(LeaderStateImpl.java:630)
"IPC Server handler 0 on default port 39603" daemon prio=5 tid=3762 timed_waiting
java.lang.Thread.State: TIMED_WAITING
        at sun.misc.Unsafe.park(Native Method)
        at java.util.concurrent.locks.LockSupport.parkNanos(LockSupport.java:215)
        at java.util.concurrent.locks.AbstractQueuedSynchronizer$ConditionObject.awaitNanos(AbstractQueuedSynchronizer.java:2078)
        at java.util.concurrent.LinkedBlockingQueue.poll(LinkedBlockingQueue.java:467)
        at org.apache.hadoop.ipc.CallQueueManager.take(CallQueueManager.java:317)
        at org.apache.hadoop.ipc.Server$Handler.run(Server.java:2942)
"qtp1276177486-5111" daemon prio=5 tid=5111 timed_waiting
java.lang.Thread.State: TIMED_WAITING
        at sun.misc.Unsafe.park(Native Method)
        at java.util.concurrent.locks.LockSupport.parkNanos(LockSupport.java:215)
        at java.util.concurrent.locks.AbstractQueuedSynchronizer$ConditionObject.awaitNanos(AbstractQueuedSynchronizer.java:2078)
        at org.eclipse.jetty.util.BlockingArrayQueue.poll(BlockingArrayQueue.java:382)
        at org.eclipse.jetty.util.thread.QueuedThreadPool$Runner.idleJobPoll(QueuedThreadPool.java:974)
        at org.eclipse.jetty.util.thread.QueuedThreadPool$Runner.run(QueuedThreadPool.java:1018)
        at java.lang.Thread.run(Thread.java:750)
"qtp1419576172-4835" daemon prio=5 tid=4835 runnable
java.lang.Thread.State: RUNNABLE
        at sun.nio.ch.EPollArrayWrapper.epollWait(Native Method)
        at sun.nio.ch.EPollArrayWrapper.poll(EPollArrayWrapper.java:269)
        at sun.nio.ch.EPollSelectorImpl.doSelect(EPollSelectorImpl.java:93)
        at sun.nio.ch.SelectorImpl.lockAndDoSelect(SelectorImpl.java:86)
        at sun.nio.ch.SelectorImpl.select(SelectorImpl.java:97)
        at sun.nio.ch.SelectorImpl.select(SelectorImpl.java:101)
        at org.eclipse.jetty.io.ManagedSelector.nioSelect(ManagedSelector.java:183)
        at org.eclipse.jetty.io.ManagedSelector.select(ManagedSelector.java:190)
        at org.eclipse.jetty.io.ManagedSelector$SelectorProducer.select(ManagedSelector.java:606)
        at org.eclipse.jetty.io.ManagedSelector$SelectorProducer.produce(ManagedSelector.java:543)
        at org.eclipse.jetty.util.thread.strategy.EatWhatYouKill.produceTask(EatWhatYouKill.java:362)
        at org.eclipse.jetty.util.thread.strategy.EatWhatYouKill.doProduce(EatWhatYouKill.java:186)
        at org.eclipse.jetty.util.thread.strategy.EatWhatYouKill.tryProduce(EatWhatYouKill.java:173)
        at org.eclipse.jetty.util.thread.strategy.EatWhatYouKill.produce(EatWhatYouKill.java:137)
        at org.eclipse.jetty.io.ManagedSelector$$Lambda$480/1445512345.run(Unknown Source)
        at org.eclipse.jetty.util.thread.QueuedThreadPool.runJob(QueuedThreadPool.java:883)
        at org.eclipse.jetty.util.thread.QueuedThreadPool$Runner.run(QueuedThreadPool.java:1034)
        at java.lang.Thread.run(Thread.java:750)
"IPC Server handler 14 on default port 40433" daemon prio=5 tid=4824 timed_waiting
java.lang.Thread.State: TIMED_WAITING
        at sun.misc.Unsafe.park(Native Method)
        at java.util.concurrent.locks.LockSupport.parkNanos(LockSupport.java:215)
        at java.util.concurrent.locks.AbstractQueuedSynchronizer$ConditionObject.awaitNanos(AbstractQueuedSynchronizer.java:2078)
        at java.util.concurrent.LinkedBlockingQueue.poll(LinkedBlockingQueue.java:467)
        at org.apache.hadoop.ipc.CallQueueManager.take(CallQueueManager.java:317)
        at org.apache.hadoop.ipc.Server$Handler.run(Server.java:2942)
"Datanode State Machine Daemon Thread" daemon prio=5 tid=3280 timed_waiting
java.lang.Thread.State: TIMED_WAITING
        at java.lang.Thread.sleep(Native Method)
        at org.apache.hadoop.ozone.container.common.statemachine.DatanodeStateMachine.startStateMachineThread(DatanodeStateMachine.java:321)
        at org.apache.hadoop.ozone.container.common.statemachine.DatanodeStateMachine.lambda$startDaemon$0(DatanodeStateMachine.java:506)
        at org.apache.hadoop.ozone.container.common.statemachine.DatanodeStateMachine$$Lambda$785/619018591.run(Unknown Source)
        at java.lang.Thread.run(Thread.java:750)
"Periodic HDDS volume checker" daemon prio=5 tid=4252 timed_waiting
java.lang.Thread.State: TIMED_WAITING
        at sun.misc.Unsafe.park(Native Method)
        at java.util.concurrent.locks.LockSupport.parkNanos(LockSupport.java:215)
        at java.util.concurrent.locks.AbstractQueuedSynchronizer$ConditionObject.awaitNanos(AbstractQueuedSynchronizer.java:2078)
        at java.util.concurrent.ScheduledThreadPoolExecutor$DelayedWorkQueue.take(ScheduledThreadPoolExecutor.java:1093)
        at java.util.concurrent.ScheduledThreadPoolExecutor$DelayedWorkQueue.take(ScheduledThreadPoolExecutor.java:809)
        at java.util.concurrent.ThreadPoolExecutor.getTask(ThreadPoolExecutor.java:1074)
        at java.util.concurrent.ThreadPoolExecutor.runWorker(ThreadPoolExecutor.java:1134)
        at java.util.concurrent.ThreadPoolExecutor$Worker.run(ThreadPoolExecutor.java:624)
        at java.lang.Thread.run(Thread.java:750)
"pool-2595-thread-1"  prio=5 tid=5174 timed_waiting
java.lang.Thread.State: TIMED_WAITING
        at sun.misc.Unsafe.park(Native Method)
        at java.util.concurrent.locks.LockSupport.parkNanos(LockSupport.java:215)
        at java.util.concurrent.locks.AbstractQueuedSynchronizer$ConditionObject.awaitNanos(AbstractQueuedSynchronizer.java:2078)
        at java.util.concurrent.ScheduledThreadPoolExecutor$DelayedWorkQueue.take(ScheduledThreadPoolExecutor.java:1093)
        at java.util.concurrent.ScheduledThreadPoolExecutor$DelayedWorkQueue.take(ScheduledThreadPoolExecutor.java:809)
        at java.util.concurrent.ThreadPoolExecutor.getTask(ThreadPoolExecutor.java:1074)
        at java.util.concurrent.ThreadPoolExecutor.runWorker(ThreadPoolExecutor.java:1134)
        at java.util.concurrent.ThreadPoolExecutor$Worker.run(ThreadPoolExecutor.java:624)
        at java.lang.Thread.run(Thread.java:750)
"e5184996-93a8-477c-b193-15e28d80a846@group-106F5133E1B4-SegmentedRaftLogWorker"  prio=5 tid=4480 timed_waiting
java.lang.Thread.State: TIMED_WAITING
        at sun.misc.Unsafe.park(Native Method)
        at java.util.concurrent.locks.LockSupport.parkNanos(LockSupport.java:215)
        at java.util.concurrent.locks.AbstractQueuedSynchronizer$ConditionObject.awaitNanos(AbstractQueuedSynchronizer.java:2078)
        at org.apache.ratis.util.DataBlockingQueue.poll(DataBlockingQueue.java:148)
        at org.apache.ratis.server.raftlog.segmented.SegmentedRaftLogWorker.run(SegmentedRaftLogWorker.java:310)
        at org.apache.ratis.server.raftlog.segmented.SegmentedRaftLogWorker$$Lambda$699/1369416112.run(Unknown Source)
        at java.lang.Thread.run(Thread.java:750)
"IPC Server handler 16 on default port 41341" daemon prio=5 tid=3820 timed_waiting
java.lang.Thread.State: TIMED_WAITING
        at sun.misc.Unsafe.park(Native Method)
        at java.util.concurrent.locks.LockSupport.parkNanos(LockSupport.java:215)
        at java.util.concurrent.locks.AbstractQueuedSynchronizer$ConditionObject.awaitNanos(AbstractQueuedSynchronizer.java:2078)
        at java.util.concurrent.LinkedBlockingQueue.poll(LinkedBlockingQueue.java:467)
        at org.apache.hadoop.ipc.CallQueueManager.take(CallQueueManager.java:317)
        at org.apache.hadoop.ipc.Server$Handler.run(Server.java:2942)
"BlockDeletingService#1" daemon prio=5 tid=4403 timed_waiting
java.lang.Thread.State: TIMED_WAITING
        at sun.misc.Unsafe.park(Native Method)
        at java.util.concurrent.locks.LockSupport.parkNanos(LockSupport.java:215)
        at java.util.concurrent.locks.AbstractQueuedSynchronizer$ConditionObject.awaitNanos(AbstractQueuedSynchronizer.java:2078)
        at java.util.concurrent.ScheduledThreadPoolExecutor$DelayedWorkQueue.take(ScheduledThreadPoolExecutor.java:1093)
        at java.util.concurrent.ScheduledThreadPoolExecutor$DelayedWorkQueue.take(ScheduledThreadPoolExecutor.java:809)
        at java.util.concurrent.ThreadPoolExecutor.getTask(ThreadPoolExecutor.java:1074)
        at java.util.concurrent.ThreadPoolExecutor.runWorker(ThreadPoolExecutor.java:1134)
        at java.util.concurrent.ThreadPoolExecutor$Worker.run(ThreadPoolExecutor.java:624)
        at java.lang.Thread.run(Thread.java:750)
"pool-1641-thread-1"  prio=5 tid=3598 in Object.wait()
java.lang.Thread.State: WAITING (on object monitor)
        at sun.misc.Unsafe.park(Native Method)
        at java.util.concurrent.locks.LockSupport.park(LockSupport.java:175)
        at java.util.concurrent.locks.AbstractQueuedSynchronizer$ConditionObject.await(AbstractQueuedSynchronizer.java:2039)
        at java.util.concurrent.LinkedBlockingQueue.take(LinkedBlockingQueue.java:442)
        at java.util.concurrent.ThreadPoolExecutor.getTask(ThreadPoolExecutor.java:1074)
        at java.util.concurrent.ThreadPoolExecutor.runWorker(ThreadPoolExecutor.java:1134)
        at java.util.concurrent.ThreadPoolExecutor$Worker.run(ThreadPoolExecutor.java:624)
        at java.lang.Thread.run(Thread.java:750)
"qtp1648517692-4068" daemon prio=5 tid=4068 timed_waiting
java.lang.Thread.State: TIMED_WAITING
        at sun.misc.Unsafe.park(Native Method)
        at java.util.concurrent.locks.LockSupport.parkNanos(LockSupport.java:215)
        at java.util.concurrent.locks.AbstractQueuedSynchronizer$ConditionObject.awaitNanos(AbstractQueuedSynchronizer.java:2078)
        at org.eclipse.jetty.util.BlockingArrayQueue.poll(BlockingArrayQueue.java:382)
        at org.eclipse.jetty.util.thread.QueuedThreadPool$Runner.idleJobPoll(QueuedThreadPool.java:974)
        at org.eclipse.jetty.util.thread.QueuedThreadPool$Runner.run(QueuedThreadPool.java:1018)
        at java.lang.Thread.run(Thread.java:750)
"277e5bbd-414d-4f19-87c3-552c8f153d3d@group-CC27DDF35DA3-LeaderStateImpl" daemon prio=5 tid=3678 timed_waiting
java.lang.Thread.State: TIMED_WAITING
        at sun.misc.Unsafe.park(Native Method)
        at java.util.concurrent.locks.LockSupport.parkNanos(LockSupport.java:215)
        at java.util.concurrent.locks.AbstractQueuedSynchronizer$ConditionObject.awaitNanos(AbstractQueuedSynchronizer.java:2078)
        at java.util.concurrent.ArrayBlockingQueue.poll(ArrayBlockingQueue.java:418)
        at org.apache.ratis.server.impl.LeaderStateImpl$EventQueue.poll(LeaderStateImpl.java:159)
        at org.apache.ratis.server.impl.LeaderStateImpl$EventProcessor.run(LeaderStateImpl.java:630)
"qtp1166429822-3998" daemon prio=5 tid=3998 timed_waiting
java.lang.Thread.State: TIMED_WAITING
        at sun.misc.Unsafe.park(Native Method)
        at java.util.concurrent.locks.LockSupport.parkNanos(LockSupport.java:215)
        at java.util.concurrent.locks.AbstractQueuedSynchronizer$ConditionObject.awaitNanos(AbstractQueuedSynchronizer.java:2078)
        at org.eclipse.jetty.util.BlockingArrayQueue.poll(BlockingArrayQueue.java:382)
        at org.eclipse.jetty.util.thread.QueuedThreadPool$Runner.idleJobPoll(QueuedThreadPool.java:974)
        at org.eclipse.jetty.util.thread.QueuedThreadPool$Runner.run(QueuedThreadPool.java:1018)
        at java.lang.Thread.run(Thread.java:750)
"ContainerOp-d03e4836-7d8d-4de7-87bd-2d1f402832ad-8"  prio=5 tid=4871 in Object.wait()
java.lang.Thread.State: WAITING (on object monitor)
        at sun.misc.Unsafe.park(Native Method)
        at java.util.concurrent.locks.LockSupport.park(LockSupport.java:175)
        at java.util.concurrent.locks.AbstractQueuedSynchronizer$ConditionObject.await(AbstractQueuedSynchronizer.java:2039)
        at java.util.concurrent.LinkedBlockingQueue.take(LinkedBlockingQueue.java:442)
        at java.util.concurrent.ThreadPoolExecutor.getTask(ThreadPoolExecutor.java:1074)
        at java.util.concurrent.ThreadPoolExecutor.runWorker(ThreadPoolExecutor.java:1134)
        at java.util.concurrent.ThreadPoolExecutor$Worker.run(ThreadPoolExecutor.java:624)
        at java.lang.Thread.run(Thread.java:750)
"Datanode State Machine Task Thread - 0"  prio=5 tid=5067 in Object.wait()
java.lang.Thread.State: WAITING (on object monitor)
        at sun.misc.Unsafe.park(Native Method)
        at java.util.concurrent.locks.LockSupport.park(LockSupport.java:175)
        at java.util.concurrent.locks.AbstractQueuedSynchronizer$ConditionObject.await(AbstractQueuedSynchronizer.java:2039)
        at java.util.concurrent.LinkedBlockingQueue.take(LinkedBlockingQueue.java:442)
        at java.util.concurrent.ThreadPoolExecutor.getTask(ThreadPoolExecutor.java:1074)
        at java.util.concurrent.ThreadPoolExecutor.runWorker(ThreadPoolExecutor.java:1134)
        at java.util.concurrent.ThreadPoolExecutor$Worker.run(ThreadPoolExecutor.java:624)
        at java.lang.Thread.run(Thread.java:750)
"IPC Server handler 1 on default port 39657" daemon prio=5 tid=4958 timed_waiting
java.lang.Thread.State: TIMED_WAITING
        at sun.misc.Unsafe.park(Native Method)
        at java.util.concurrent.locks.LockSupport.parkNanos(LockSupport.java:215)
        at java.util.concurrent.locks.AbstractQueuedSynchronizer$ConditionObject.awaitNanos(AbstractQueuedSynchronizer.java:2078)
        at java.util.concurrent.LinkedBlockingQueue.poll(LinkedBlockingQueue.java:467)
        at org.apache.hadoop.ipc.CallQueueManager.take(CallQueueManager.java:317)
        at org.apache.hadoop.ipc.Server$Handler.run(Server.java:2942)
"qtp612244147-3233" daemon prio=5 tid=3233 runnable
java.lang.Thread.State: RUNNABLE
        at sun.nio.ch.EPollArrayWrapper.epollWait(Native Method)
        at sun.nio.ch.EPollArrayWrapper.poll(EPollArrayWrapper.java:269)
        at sun.nio.ch.EPollSelectorImpl.doSelect(EPollSelectorImpl.java:93)
        at sun.nio.ch.SelectorImpl.lockAndDoSelect(SelectorImpl.java:86)
        at sun.nio.ch.SelectorImpl.select(SelectorImpl.java:97)
        at sun.nio.ch.SelectorImpl.select(SelectorImpl.java:101)
        at org.eclipse.jetty.io.ManagedSelector.nioSelect(ManagedSelector.java:183)
        at org.eclipse.jetty.io.ManagedSelector.select(ManagedSelector.java:190)
        at org.eclipse.jetty.io.ManagedSelector$SelectorProducer.select(ManagedSelector.java:606)
        at org.eclipse.jetty.io.ManagedSelector$SelectorProducer.produce(ManagedSelector.java:543)
        at org.eclipse.jetty.util.thread.strategy.EatWhatYouKill.produceTask(EatWhatYouKill.java:362)
        at org.eclipse.jetty.util.thread.strategy.EatWhatYouKill.doProduce(EatWhatYouKill.java:186)
        at org.eclipse.jetty.util.thread.strategy.EatWhatYouKill.tryProduce(EatWhatYouKill.java:173)
        at org.eclipse.jetty.util.thread.strategy.EatWhatYouKill.produce(EatWhatYouKill.java:137)
        at org.eclipse.jetty.io.ManagedSelector$$Lambda$480/1445512345.run(Unknown Source)
        at org.eclipse.jetty.util.thread.QueuedThreadPool.runJob(QueuedThreadPool.java:883)
        at org.eclipse.jetty.util.thread.QueuedThreadPool$Runner.run(QueuedThreadPool.java:1034)
        at java.lang.Thread.run(Thread.java:750)
"IPC Server handler 0 on default port 45267" daemon prio=5 tid=5508 timed_waiting
java.lang.Thread.State: TIMED_WAITING
        at sun.misc.Unsafe.park(Native Method)
        at java.util.concurrent.locks.LockSupport.parkNanos(LockSupport.java:215)
        at java.util.concurrent.locks.AbstractQueuedSynchronizer$ConditionObject.awaitNanos(AbstractQueuedSynchronizer.java:2078)
        at java.util.concurrent.LinkedBlockingQueue.poll(LinkedBlockingQueue.java:467)
        at org.apache.hadoop.ipc.CallQueueManager.take(CallQueueManager.java:317)
        at org.apache.hadoop.ipc.Server$Handler.run(Server.java:2942)
"StaleRecoveringContainerScrubbingService#0" daemon prio=5 tid=5226 timed_waiting
java.lang.Thread.State: TIMED_WAITING
        at sun.misc.Unsafe.park(Native Method)
        at java.util.concurrent.locks.LockSupport.parkNanos(LockSupport.java:215)
        at java.util.concurrent.locks.AbstractQueuedSynchronizer$ConditionObject.awaitNanos(AbstractQueuedSynchronizer.java:2078)
        at java.util.concurrent.ScheduledThreadPoolExecutor$DelayedWorkQueue.take(ScheduledThreadPoolExecutor.java:1093)
        at java.util.concurrent.ScheduledThreadPoolExecutor$DelayedWorkQueue.take(ScheduledThreadPoolExecutor.java:809)
        at java.util.concurrent.ThreadPoolExecutor.getTask(ThreadPoolExecutor.java:1074)
        at java.util.concurrent.ThreadPoolExecutor.runWorker(ThreadPoolExecutor.java:1134)
        at java.util.concurrent.ThreadPoolExecutor$Worker.run(ThreadPoolExecutor.java:624)
        at java.lang.Thread.run(Thread.java:750)
"qtp973406047-4307" daemon prio=5 tid=4307 timed_waiting
java.lang.Thread.State: TIMED_WAITING
        at sun.misc.Unsafe.park(Native Method)
        at java.util.concurrent.locks.LockSupport.parkNanos(LockSupport.java:215)
        at java.util.concurrent.locks.AbstractQueuedSynchronizer$ConditionObject.awaitNanos(AbstractQueuedSynchronizer.java:2078)
        at org.eclipse.jetty.util.BlockingArrayQueue.poll(BlockingArrayQueue.java:382)
        at org.eclipse.jetty.util.thread.QueuedThreadPool$Runner.idleJobPoll(QueuedThreadPool.java:974)
        at org.eclipse.jetty.util.thread.QueuedThreadPool$Runner.run(QueuedThreadPool.java:1018)
        at java.lang.Thread.run(Thread.java:750)
"Datanode State Machine Task Thread - 1"  prio=5 tid=4359 in Object.wait()
java.lang.Thread.State: WAITING (on object monitor)
        at sun.misc.Unsafe.park(Native Method)
        at java.util.concurrent.locks.LockSupport.park(LockSupport.java:175)
        at java.util.concurrent.locks.AbstractQueuedSynchronizer$ConditionObject.await(AbstractQueuedSynchronizer.java:2039)
        at java.util.concurrent.LinkedBlockingQueue.take(LinkedBlockingQueue.java:442)
        at java.util.concurrent.ThreadPoolExecutor.getTask(ThreadPoolExecutor.java:1074)
        at java.util.concurrent.ThreadPoolExecutor.runWorker(ThreadPoolExecutor.java:1134)
        at java.util.concurrent.ThreadPoolExecutor$Worker.run(ThreadPoolExecutor.java:624)
        at java.lang.Thread.run(Thread.java:750)
"Socket Reader #1 for port 45267"  prio=5 tid=5492 runnable
java.lang.Thread.State: RUNNABLE
        at sun.nio.ch.EPollArrayWrapper.epollWait(Native Method)
        at sun.nio.ch.EPollArrayWrapper.poll(EPollArrayWrapper.java:269)
        at sun.nio.ch.EPollSelectorImpl.doSelect(EPollSelectorImpl.java:93)
        at sun.nio.ch.SelectorImpl.lockAndDoSelect(SelectorImpl.java:86)
        at sun.nio.ch.SelectorImpl.select(SelectorImpl.java:97)
        at sun.nio.ch.SelectorImpl.select(SelectorImpl.java:101)
        at org.apache.hadoop.ipc.Server$Listener$Reader.doRunLoop(Server.java:1296)
        at org.apache.hadoop.ipc.Server$Listener$Reader.run(Server.java:1275)
"qtp1299110638-4206" daemon prio=5 tid=4206 timed_waiting
java.lang.Thread.State: TIMED_WAITING
        at sun.misc.Unsafe.park(Native Method)
        at java.util.concurrent.locks.LockSupport.parkNanos(LockSupport.java:215)
        at java.util.concurrent.locks.AbstractQueuedSynchronizer$ConditionObject.awaitNanos(AbstractQueuedSynchronizer.java:2078)
        at org.eclipse.jetty.util.BlockingArrayQueue.poll(BlockingArrayQueue.java:382)
        at org.eclipse.jetty.util.thread.QueuedThreadPool$Runner.idleJobPoll(QueuedThreadPool.java:974)
        at org.eclipse.jetty.util.thread.QueuedThreadPool$Runner.run(QueuedThreadPool.java:1018)
        at java.lang.Thread.run(Thread.java:750)
"EndpointStateMachine task thread for /0.0.0.0:40433 - 0 "  prio=5 tid=5146 in Object.wait()
java.lang.Thread.State: WAITING (on object monitor)
        at sun.misc.Unsafe.park(Native Method)
        at java.util.concurrent.locks.LockSupport.park(LockSupport.java:175)
        at java.util.concurrent.locks.AbstractQueuedSynchronizer$ConditionObject.await(AbstractQueuedSynchronizer.java:2039)
        at java.util.concurrent.LinkedBlockingQueue.take(LinkedBlockingQueue.java:442)
        at java.util.concurrent.ThreadPoolExecutor.getTask(ThreadPoolExecutor.java:1074)
        at java.util.concurrent.ThreadPoolExecutor.runWorker(ThreadPoolExecutor.java:1134)
        at java.util.concurrent.ThreadPoolExecutor$Worker.run(ThreadPoolExecutor.java:624)
        at java.lang.Thread.run(Thread.java:750)
"OpenKeyCleanupService#0" daemon prio=5 tid=4946 timed_waiting
java.lang.Thread.State: TIMED_WAITING
        at sun.misc.Unsafe.park(Native Method)
        at java.util.concurrent.locks.LockSupport.parkNanos(LockSupport.java:215)
        at java.util.concurrent.locks.AbstractQueuedSynchronizer$ConditionObject.awaitNanos(AbstractQueuedSynchronizer.java:2078)
        at java.util.concurrent.ScheduledThreadPoolExecutor$DelayedWorkQueue.take(ScheduledThreadPoolExecutor.java:1093)
        at java.util.concurrent.ScheduledThreadPoolExecutor$DelayedWorkQueue.take(ScheduledThreadPoolExecutor.java:809)
        at java.util.concurrent.ThreadPoolExecutor.getTask(ThreadPoolExecutor.java:1074)
        at java.util.concurrent.ThreadPoolExecutor.runWorker(ThreadPoolExecutor.java:1134)
        at java.util.concurrent.ThreadPoolExecutor$Worker.run(ThreadPoolExecutor.java:624)
        at java.lang.Thread.run(Thread.java:750)
"Datanode ReportManager Thread - 3" daemon prio=5 tid=3284 in Object.wait()
java.lang.Thread.State: WAITING (on object monitor)
        at sun.misc.Unsafe.park(Native Method)
        at java.util.concurrent.locks.LockSupport.park(LockSupport.java:175)
        at java.util.concurrent.locks.AbstractQueuedSynchronizer$ConditionObject.await(AbstractQueuedSynchronizer.java:2039)
        at java.util.concurrent.ScheduledThreadPoolExecutor$DelayedWorkQueue.take(ScheduledThreadPoolExecutor.java:1088)
        at java.util.concurrent.ScheduledThreadPoolExecutor$DelayedWorkQueue.take(ScheduledThreadPoolExecutor.java:809)
        at java.util.concurrent.ThreadPoolExecutor.getTask(ThreadPoolExecutor.java:1074)
        at java.util.concurrent.ThreadPoolExecutor.runWorker(ThreadPoolExecutor.java:1134)
        at java.util.concurrent.ThreadPoolExecutor$Worker.run(ThreadPoolExecutor.java:624)
        at java.lang.Thread.run(Thread.java:750)
"qtp1276177486-5106-acceptor-0@3f2c2327-ServerConnector@69c7254{HTTP/1.1, (http/1.1)}{0.0.0.0:45915}" daemon prio=3 tid=5106 runnable
java.lang.Thread.State: RUNNABLE
        at sun.nio.ch.ServerSocketChannelImpl.accept0(Native Method)
        at sun.nio.ch.ServerSocketChannelImpl.accept(ServerSocketChannelImpl.java:421)
        at sun.nio.ch.ServerSocketChannelImpl.accept(ServerSocketChannelImpl.java:249)
        at org.eclipse.jetty.server.ServerConnector.accept(ServerConnector.java:388)
        at org.eclipse.jetty.server.AbstractConnector$Acceptor.run(AbstractConnector.java:704)
        at org.eclipse.jetty.util.thread.QueuedThreadPool.runJob(QueuedThreadPool.java:883)
        at org.eclipse.jetty.util.thread.QueuedThreadPool$Runner.run(QueuedThreadPool.java:1034)
        at java.lang.Thread.run(Thread.java:750)
"Command processor thread" daemon prio=5 tid=5202 timed_waiting
java.lang.Thread.State: TIMED_WAITING
        at java.lang.Thread.sleep(Native Method)
        at org.apache.hadoop.ozone.container.common.statemachine.DatanodeStateMachine.lambda$initCommandHandlerThread$3(DatanodeStateMachine.java:641)
        at org.apache.hadoop.ozone.container.common.statemachine.DatanodeStateMachine$$Lambda$787/339964609.run(Unknown Source)
        at java.lang.Thread.run(Thread.java:750)
"Periodic HDDS volume checker" daemon prio=5 tid=3317 timed_waiting
java.lang.Thread.State: TIMED_WAITING
        at sun.misc.Unsafe.park(Native Method)
        at java.util.concurrent.locks.LockSupport.parkNanos(LockSupport.java:215)
        at java.util.concurrent.locks.AbstractQueuedSynchronizer$ConditionObject.awaitNanos(AbstractQueuedSynchronizer.java:2078)
        at java.util.concurrent.ScheduledThreadPoolExecutor$DelayedWorkQueue.take(ScheduledThreadPoolExecutor.java:1093)
        at java.util.concurrent.ScheduledThreadPoolExecutor$DelayedWorkQueue.take(ScheduledThreadPoolExecutor.java:809)
        at java.util.concurrent.ThreadPoolExecutor.getTask(ThreadPoolExecutor.java:1074)
        at java.util.concurrent.ThreadPoolExecutor.runWorker(ThreadPoolExecutor.java:1134)
        at java.util.concurrent.ThreadPoolExecutor$Worker.run(ThreadPoolExecutor.java:624)
        at java.lang.Thread.run(Thread.java:750)
"Datanode ReportManager Thread - 1" daemon prio=5 tid=4244 in Object.wait()
java.lang.Thread.State: WAITING (on object monitor)
        at sun.misc.Unsafe.park(Native Method)
        at java.util.concurrent.locks.LockSupport.park(LockSupport.java:175)
        at java.util.concurrent.locks.AbstractQueuedSynchronizer$ConditionObject.await(AbstractQueuedSynchronizer.java:2039)
        at java.util.concurrent.ScheduledThreadPoolExecutor$DelayedWorkQueue.take(ScheduledThreadPoolExecutor.java:1088)
        at java.util.concurrent.ScheduledThreadPoolExecutor$DelayedWorkQueue.take(ScheduledThreadPoolExecutor.java:809)
        at java.util.concurrent.ThreadPoolExecutor.getTask(ThreadPoolExecutor.java:1074)
        at java.util.concurrent.ThreadPoolExecutor.runWorker(ThreadPoolExecutor.java:1134)
        at java.util.concurrent.ThreadPoolExecutor$Worker.run(ThreadPoolExecutor.java:624)
        at java.lang.Thread.run(Thread.java:750)
"IPC Server listener on 45267" daemon prio=5 tid=5491 runnable
java.lang.Thread.State: RUNNABLE
        at sun.nio.ch.EPollArrayWrapper.epollWait(Native Method)
        at sun.nio.ch.EPollArrayWrapper.poll(EPollArrayWrapper.java:269)
        at sun.nio.ch.EPollSelectorImpl.doSelect(EPollSelectorImpl.java:93)
        at sun.nio.ch.SelectorImpl.lockAndDoSelect(SelectorImpl.java:86)
        at sun.nio.ch.SelectorImpl.select(SelectorImpl.java:97)
        at sun.nio.ch.SelectorImpl.select(SelectorImpl.java:101)
        at org.apache.hadoop.ipc.Server$Listener.run(Server.java:1358)
"4f264252-b644-43b2-b39d-b880ca9b4753@group-D6CD12C78F32-SegmentedRaftLogWorker"  prio=5 tid=4522 timed_waiting
java.lang.Thread.State: TIMED_WAITING
        at sun.misc.Unsafe.park(Native Method)
        at java.util.concurrent.locks.LockSupport.parkNanos(LockSupport.java:215)
        at java.util.concurrent.locks.AbstractQueuedSynchronizer$ConditionObject.awaitNanos(AbstractQueuedSynchronizer.java:2078)
        at org.apache.ratis.util.DataBlockingQueue.poll(DataBlockingQueue.java:148)
        at org.apache.ratis.server.raftlog.segmented.SegmentedRaftLogWorker.run(SegmentedRaftLogWorker.java:310)
        at org.apache.ratis.server.raftlog.segmented.SegmentedRaftLogWorker$$Lambda$699/1369416112.run(Unknown Source)
        at java.lang.Thread.run(Thread.java:750)
"Datanode State Machine Task Thread - 0"  prio=5 tid=3397 in Object.wait()
java.lang.Thread.State: WAITING (on object monitor)
        at sun.misc.Unsafe.park(Native Method)
        at java.util.concurrent.locks.LockSupport.park(LockSupport.java:175)
        at java.util.concurrent.locks.AbstractQueuedSynchronizer$ConditionObject.await(AbstractQueuedSynchronizer.java:2039)
        at java.util.concurrent.LinkedBlockingQueue.take(LinkedBlockingQueue.java:442)
        at java.util.concurrent.ThreadPoolExecutor.getTask(ThreadPoolExecutor.java:1074)
        at java.util.concurrent.ThreadPoolExecutor.runWorker(ThreadPoolExecutor.java:1134)
        at java.util.concurrent.ThreadPoolExecutor$Worker.run(ThreadPoolExecutor.java:624)
        at java.lang.Thread.run(Thread.java:750)
"pool-1604-thread-1"  prio=5 tid=3323 timed_waiting
java.lang.Thread.State: TIMED_WAITING
        at sun.misc.Unsafe.park(Native Method)
        at java.util.concurrent.locks.LockSupport.parkNanos(LockSupport.java:215)
        at java.util.concurrent.locks.AbstractQueuedSynchronizer$ConditionObject.awaitNanos(AbstractQueuedSynchronizer.java:2078)
        at java.util.concurrent.ScheduledThreadPoolExecutor$DelayedWorkQueue.take(ScheduledThreadPoolExecutor.java:1093)
        at java.util.concurrent.ScheduledThreadPoolExecutor$DelayedWorkQueue.take(ScheduledThreadPoolExecutor.java:809)
        at java.util.concurrent.ThreadPoolExecutor.getTask(ThreadPoolExecutor.java:1074)
        at java.util.concurrent.ThreadPoolExecutor.runWorker(ThreadPoolExecutor.java:1134)
        at java.util.concurrent.ThreadPoolExecutor$Worker.run(ThreadPoolExecutor.java:624)
        at java.lang.Thread.run(Thread.java:750)
"qtp97707647-5141" daemon prio=5 tid=5141 timed_waiting
java.lang.Thread.State: TIMED_WAITING
        at sun.misc.Unsafe.park(Native Method)
        at java.util.concurrent.locks.LockSupport.parkNanos(LockSupport.java:215)
        at java.util.concurrent.locks.AbstractQueuedSynchronizer$ConditionObject.awaitNanos(AbstractQueuedSynchronizer.java:2078)
        at org.eclipse.jetty.util.BlockingArrayQueue.poll(BlockingArrayQueue.java:382)
        at org.eclipse.jetty.util.thread.QueuedThreadPool$Runner.idleJobPoll(QueuedThreadPool.java:974)
        at org.eclipse.jetty.util.thread.QueuedThreadPool$Runner.run(QueuedThreadPool.java:1018)
        at java.lang.Thread.run(Thread.java:750)
"IPC Server handler 11 on default port 41341" daemon prio=5 tid=3815 timed_waiting
java.lang.Thread.State: TIMED_WAITING
        at sun.misc.Unsafe.park(Native Method)
        at java.util.concurrent.locks.LockSupport.parkNanos(LockSupport.java:215)
        at java.util.concurrent.locks.AbstractQueuedSynchronizer$ConditionObject.awaitNanos(AbstractQueuedSynchronizer.java:2078)
        at java.util.concurrent.LinkedBlockingQueue.poll(LinkedBlockingQueue.java:467)
        at org.apache.hadoop.ipc.CallQueueManager.take(CallQueueManager.java:317)
        at org.apache.hadoop.ipc.Server$Handler.run(Server.java:2942)
"qtp952995720-3408" daemon prio=5 tid=3408 timed_waiting
java.lang.Thread.State: TIMED_WAITING
        at sun.misc.Unsafe.park(Native Method)
        at java.util.concurrent.locks.LockSupport.parkNanos(LockSupport.java:215)
        at java.util.concurrent.locks.AbstractQueuedSynchronizer$ConditionObject.awaitNanos(AbstractQueuedSynchronizer.java:2078)
        at org.eclipse.jetty.util.BlockingArrayQueue.poll(BlockingArrayQueue.java:382)
        at org.eclipse.jetty.util.thread.QueuedThreadPool$Runner.idleJobPoll(QueuedThreadPool.java:974)
        at org.eclipse.jetty.util.thread.QueuedThreadPool$Runner.run(QueuedThreadPool.java:1018)
        at java.lang.Thread.run(Thread.java:750)
"StaleRecoveringContainerScrubbingService#0" daemon prio=5 tid=5366 timed_waiting
java.lang.Thread.State: TIMED_WAITING
        at sun.misc.Unsafe.park(Native Method)
        at java.util.concurrent.locks.LockSupport.parkNanos(LockSupport.java:215)
        at java.util.concurrent.locks.AbstractQueuedSynchronizer$ConditionObject.awaitNanos(AbstractQueuedSynchronizer.java:2078)
        at java.util.concurrent.ScheduledThreadPoolExecutor$DelayedWorkQueue.take(ScheduledThreadPoolExecutor.java:1093)
        at java.util.concurrent.ScheduledThreadPoolExecutor$DelayedWorkQueue.take(ScheduledThreadPoolExecutor.java:809)
        at java.util.concurrent.ThreadPoolExecutor.getTask(ThreadPoolExecutor.java:1074)
        at java.util.concurrent.ThreadPoolExecutor.runWorker(ThreadPoolExecutor.java:1134)
        at java.util.concurrent.ThreadPoolExecutor$Worker.run(ThreadPoolExecutor.java:624)
        at java.lang.Thread.run(Thread.java:750)
"IPC Server handler 1 on default port 36439" daemon prio=5 tid=3785 timed_waiting
java.lang.Thread.State: TIMED_WAITING
        at sun.misc.Unsafe.park(Native Method)
        at java.util.concurrent.locks.LockSupport.parkNanos(LockSupport.java:215)
        at java.util.concurrent.locks.AbstractQueuedSynchronizer$ConditionObject.awaitNanos(AbstractQueuedSynchronizer.java:2078)
        at java.util.concurrent.LinkedBlockingQueue.poll(LinkedBlockingQueue.java:467)
        at org.apache.hadoop.ipc.CallQueueManager.take(CallQueueManager.java:317)
        at org.apache.hadoop.ipc.Server$Handler.run(Server.java:2942)
"dba9af6d-6e82-4367-aab1-8cf42182a7ab-server-thread3" daemon prio=5 tid=3653 timed_waiting
java.lang.Thread.State: TIMED_WAITING
        at sun.misc.Unsafe.park(Native Method)
        at java.util.concurrent.locks.LockSupport.parkNanos(LockSupport.java:215)
        at java.util.concurrent.SynchronousQueue$TransferStack.awaitFulfill(SynchronousQueue.java:460)
        at java.util.concurrent.SynchronousQueue$TransferStack.transfer(SynchronousQueue.java:362)
        at java.util.concurrent.SynchronousQueue.poll(SynchronousQueue.java:941)
        at java.util.concurrent.ThreadPoolExecutor.getTask(ThreadPoolExecutor.java:1073)
        at java.util.concurrent.ThreadPoolExecutor.runWorker(ThreadPoolExecutor.java:1134)
        at java.util.concurrent.ThreadPoolExecutor$Worker.run(ThreadPoolExecutor.java:624)
        at java.lang.Thread.run(Thread.java:750)
"StaleRecoveringContainerScrubbingService#1" daemon prio=5 tid=4388 in Object.wait()
java.lang.Thread.State: WAITING (on object monitor)
        at sun.misc.Unsafe.park(Native Method)
        at java.util.concurrent.locks.LockSupport.park(LockSupport.java:175)
        at java.util.concurrent.locks.AbstractQueuedSynchronizer$ConditionObject.await(AbstractQueuedSynchronizer.java:2039)
        at java.util.concurrent.ScheduledThreadPoolExecutor$DelayedWorkQueue.take(ScheduledThreadPoolExecutor.java:1088)
        at java.util.concurrent.ScheduledThreadPoolExecutor$DelayedWorkQueue.take(ScheduledThreadPoolExecutor.java:809)
        at java.util.concurrent.ThreadPoolExecutor.getTask(ThreadPoolExecutor.java:1074)
        at java.util.concurrent.ThreadPoolExecutor.runWorker(ThreadPoolExecutor.java:1134)
        at java.util.concurrent.ThreadPoolExecutor$Worker.run(ThreadPoolExecutor.java:624)
        at java.lang.Thread.run(Thread.java:750)
"IPC Server handler 2 on default port 45833" daemon prio=5 tid=3244 timed_waiting
java.lang.Thread.State: TIMED_WAITING
        at sun.misc.Unsafe.park(Native Method)
        at java.util.concurrent.locks.LockSupport.parkNanos(LockSupport.java:215)
        at java.util.concurrent.locks.AbstractQueuedSynchronizer$ConditionObject.awaitNanos(AbstractQueuedSynchronizer.java:2078)
        at java.util.concurrent.LinkedBlockingQueue.poll(LinkedBlockingQueue.java:467)
        at org.apache.hadoop.ipc.CallQueueManager.take(CallQueueManager.java:317)
        at org.apache.hadoop.ipc.Server$Handler.run(Server.java:2942)
"qtp612244147-3236" daemon prio=5 tid=3236 timed_waiting
java.lang.Thread.State: TIMED_WAITING
        at sun.misc.Unsafe.park(Native Method)
        at java.util.concurrent.locks.LockSupport.parkNanos(LockSupport.java:215)
        at java.util.concurrent.locks.AbstractQueuedSynchronizer$ConditionObject.awaitNanos(AbstractQueuedSynchronizer.java:2078)
        at org.eclipse.jetty.util.BlockingArrayQueue.poll(BlockingArrayQueue.java:382)
        at org.eclipse.jetty.util.thread.QueuedThreadPool$Runner.idleJobPoll(QueuedThreadPool.java:974)
        at org.eclipse.jetty.util.thread.QueuedThreadPool$Runner.run(QueuedThreadPool.java:1018)
        at java.lang.Thread.run(Thread.java:750)
"ContainerReplicationThread-0" daemon prio=5 tid=5638 in Object.wait()
java.lang.Thread.State: WAITING (on object monitor)
        at sun.misc.Unsafe.park(Native Method)
        at java.util.concurrent.locks.LockSupport.park(LockSupport.java:175)
        at java.util.concurrent.locks.AbstractQueuedSynchronizer$ConditionObject.await(AbstractQueuedSynchronizer.java:2039)
        at java.util.concurrent.LinkedBlockingQueue.take(LinkedBlockingQueue.java:442)
        at java.util.concurrent.ThreadPoolExecutor.getTask(ThreadPoolExecutor.java:1074)
        at java.util.concurrent.ThreadPoolExecutor.runWorker(ThreadPoolExecutor.java:1134)
        at java.util.concurrent.ThreadPoolExecutor$Worker.run(ThreadPoolExecutor.java:624)
        at java.lang.Thread.run(Thread.java:750)
"qtp2095529297-5181" daemon prio=5 tid=5181 timed_waiting
java.lang.Thread.State: TIMED_WAITING
        at sun.misc.Unsafe.park(Native Method)
        at java.util.concurrent.locks.LockSupport.parkNanos(LockSupport.java:215)
        at java.util.concurrent.locks.AbstractQueuedSynchronizer$ConditionObject.awaitNanos(AbstractQueuedSynchronizer.java:2078)
        at org.eclipse.jetty.util.BlockingArrayQueue.poll(BlockingArrayQueue.java:382)
        at org.eclipse.jetty.util.thread.QueuedThreadPool$Runner.idleJobPoll(QueuedThreadPool.java:974)
        at org.eclipse.jetty.util.thread.QueuedThreadPool$Runner.run(QueuedThreadPool.java:1018)
        at java.lang.Thread.run(Thread.java:750)
"ChunkWriter-3-0" daemon prio=5 tid=3492 in Object.wait()
java.lang.Thread.State: WAITING (on object monitor)
        at sun.misc.Unsafe.park(Native Method)
        at java.util.concurrent.locks.LockSupport.park(LockSupport.java:175)
        at java.util.concurrent.locks.AbstractQueuedSynchronizer$ConditionObject.await(AbstractQueuedSynchronizer.java:2039)
        at java.util.concurrent.LinkedBlockingDeque.takeFirst(LinkedBlockingDeque.java:492)
        at java.util.concurrent.LinkedBlockingDeque.take(LinkedBlockingDeque.java:680)
        at java.util.concurrent.ThreadPoolExecutor.getTask(ThreadPoolExecutor.java:1074)
        at java.util.concurrent.ThreadPoolExecutor.runWorker(ThreadPoolExecutor.java:1134)
        at java.util.concurrent.ThreadPoolExecutor$Worker.run(ThreadPoolExecutor.java:624)
        at java.lang.Thread.run(Thread.java:750)
"qtp952995720-3413" daemon prio=5 tid=3413 timed_waiting
java.lang.Thread.State: TIMED_WAITING
        at sun.misc.Unsafe.park(Native Method)
        at java.util.concurrent.locks.LockSupport.parkNanos(LockSupport.java:215)
        at java.util.concurrent.locks.AbstractQueuedSynchronizer$ConditionObject.awaitNanos(AbstractQueuedSynchronizer.java:2078)
        at org.eclipse.jetty.util.BlockingArrayQueue.poll(BlockingArrayQueue.java:382)
        at org.eclipse.jetty.util.thread.QueuedThreadPool$Runner.idleJobPoll(QueuedThreadPool.java:974)
        at org.eclipse.jetty.util.thread.QueuedThreadPool$Runner.run(QueuedThreadPool.java:1018)
        at java.lang.Thread.run(Thread.java:750)
"Reference Handler" daemon prio=10 tid=2 in Object.wait()
java.lang.Thread.State: WAITING (on object monitor)
        at java.lang.Object.wait(Native Method)
        at java.lang.Object.wait(Object.java:502)
        at java.lang.ref.Reference.tryHandlePending(Reference.java:191)
        at java.lang.ref.Reference$ReferenceHandler.run(Reference.java:153)
"ContainerOp-d03e4836-7d8d-4de7-87bd-2d1f402832ad-4"  prio=5 tid=4856 in Object.wait()
java.lang.Thread.State: WAITING (on object monitor)
        at sun.misc.Unsafe.park(Native Method)
        at java.util.concurrent.locks.LockSupport.park(LockSupport.java:175)
        at java.util.concurrent.locks.AbstractQueuedSynchronizer$ConditionObject.await(AbstractQueuedSynchronizer.java:2039)
        at java.util.concurrent.LinkedBlockingQueue.take(LinkedBlockingQueue.java:442)
        at java.util.concurrent.ThreadPoolExecutor.getTask(ThreadPoolExecutor.java:1074)
        at java.util.concurrent.ThreadPoolExecutor.runWorker(ThreadPoolExecutor.java:1134)
        at java.util.concurrent.ThreadPoolExecutor$Worker.run(ThreadPoolExecutor.java:624)
        at java.lang.Thread.run(Thread.java:750)
"IPC Server handler 17 on default port 39603" daemon prio=5 tid=3779 timed_waiting
java.lang.Thread.State: TIMED_WAITING
        at sun.misc.Unsafe.park(Native Method)
        at java.util.concurrent.locks.LockSupport.parkNanos(LockSupport.java:215)
        at java.util.concurrent.locks.AbstractQueuedSynchronizer$ConditionObject.awaitNanos(AbstractQueuedSynchronizer.java:2078)
        at java.util.concurrent.LinkedBlockingQueue.poll(LinkedBlockingQueue.java:467)
        at org.apache.hadoop.ipc.CallQueueManager.take(CallQueueManager.java:317)
        at org.apache.hadoop.ipc.Server$Handler.run(Server.java:2942)
"PartialTableCache Cleanup Thread - 0" daemon prio=5 tid=2920 in Object.wait()
java.lang.Thread.State: WAITING (on object monitor)
        at sun.misc.Unsafe.park(Native Method)
        at java.util.concurrent.locks.LockSupport.park(LockSupport.java:175)
        at java.util.concurrent.locks.AbstractQueuedSynchronizer$ConditionObject.await(AbstractQueuedSynchronizer.java:2039)
        at java.util.concurrent.LinkedBlockingQueue.take(LinkedBlockingQueue.java:442)
        at java.util.concurrent.ThreadPoolExecutor.getTask(ThreadPoolExecutor.java:1074)
        at java.util.concurrent.ThreadPoolExecutor.runWorker(ThreadPoolExecutor.java:1134)
        at java.util.concurrent.ThreadPoolExecutor$Worker.run(ThreadPoolExecutor.java:624)
        at java.lang.Thread.run(Thread.java:750)
"4a771e97-762c-4a8a-bccd-860d81b1b0e2@group-467E5D1A0786-StateMachineUpdater" daemon prio=5 tid=5472 timed_waiting
java.lang.Thread.State: TIMED_WAITING
        at sun.misc.Unsafe.park(Native Method)
        at java.util.concurrent.locks.LockSupport.parkNanos(LockSupport.java:215)
        at java.util.concurrent.CompletableFuture$Signaller.block(CompletableFuture.java:1709)
        at java.util.concurrent.ForkJoinPool.managedBlock(ForkJoinPool.java:3323)
        at java.util.concurrent.CompletableFuture.timedGet(CompletableFuture.java:1788)
        at java.util.concurrent.CompletableFuture.get(CompletableFuture.java:1928)
        at org.apache.ratis.util.AwaitForSignal.await(AwaitForSignal.java:56)
        at org.apache.ratis.server.impl.StateMachineUpdater.waitForCommit(StateMachineUpdater.java:207)
        at org.apache.ratis.server.impl.StateMachineUpdater.run(StateMachineUpdater.java:176)
        at java.lang.Thread.run(Thread.java:750)
"qtp2095529297-5176-acceptor-0@32a04368-ServerConnector@527600aa{HTTP/1.1, (http/1.1)}{0.0.0.0:36997}" daemon prio=3 tid=5176 runnable
java.lang.Thread.State: RUNNABLE
        at sun.nio.ch.ServerSocketChannelImpl.accept0(Native Method)
        at sun.nio.ch.ServerSocketChannelImpl.accept(ServerSocketChannelImpl.java:421)
        at sun.nio.ch.ServerSocketChannelImpl.accept(ServerSocketChannelImpl.java:249)
        at org.eclipse.jetty.server.ServerConnector.accept(ServerConnector.java:388)
        at org.eclipse.jetty.server.AbstractConnector$Acceptor.run(AbstractConnector.java:704)
        at org.eclipse.jetty.util.thread.QueuedThreadPool.runJob(QueuedThreadPool.java:883)
        at org.eclipse.jetty.util.thread.QueuedThreadPool$Runner.run(QueuedThreadPool.java:1034)
        at java.lang.Thread.run(Thread.java:750)
"2caa6dbd-0dfc-46f6-9048-e45aa22bedc3-server-thread1" daemon prio=5 tid=4639 timed_waiting
java.lang.Thread.State: TIMED_WAITING
        at sun.misc.Unsafe.park(Native Method)
        at java.util.concurrent.locks.LockSupport.parkNanos(LockSupport.java:215)
        at java.util.concurrent.SynchronousQueue$TransferStack.awaitFulfill(SynchronousQueue.java:460)
        at java.util.concurrent.SynchronousQueue$TransferStack.transfer(SynchronousQueue.java:362)
        at java.util.concurrent.SynchronousQueue.poll(SynchronousQueue.java:941)
        at java.util.concurrent.ThreadPoolExecutor.getTask(ThreadPoolExecutor.java:1073)
        at java.util.concurrent.ThreadPoolExecutor.runWorker(ThreadPoolExecutor.java:1134)
        at java.util.concurrent.ThreadPoolExecutor$Worker.run(ThreadPoolExecutor.java:624)
        at java.lang.Thread.run(Thread.java:750)
"pool-2095-thread-1"  prio=5 tid=4258 timed_waiting
java.lang.Thread.State: TIMED_WAITING
        at sun.misc.Unsafe.park(Native Method)
        at java.util.concurrent.locks.LockSupport.parkNanos(LockSupport.java:215)
        at java.util.concurrent.locks.AbstractQueuedSynchronizer$ConditionObject.awaitNanos(AbstractQueuedSynchronizer.java:2078)
        at java.util.concurrent.ScheduledThreadPoolExecutor$DelayedWorkQueue.take(ScheduledThreadPoolExecutor.java:1093)
        at java.util.concurrent.ScheduledThreadPoolExecutor$DelayedWorkQueue.take(ScheduledThreadPoolExecutor.java:809)
        at java.util.concurrent.ThreadPoolExecutor.getTask(ThreadPoolExecutor.java:1074)
        at java.util.concurrent.ThreadPoolExecutor.runWorker(ThreadPoolExecutor.java:1134)
        at java.util.concurrent.ThreadPoolExecutor$Worker.run(ThreadPoolExecutor.java:624)
        at java.lang.Thread.run(Thread.java:750)
"IPC Server handler 4 on default port 45833" daemon prio=5 tid=3246 timed_waiting
java.lang.Thread.State: TIMED_WAITING
        at sun.misc.Unsafe.park(Native Method)
        at java.util.concurrent.locks.LockSupport.parkNanos(LockSupport.java:215)
        at java.util.concurrent.locks.AbstractQueuedSynchronizer$ConditionObject.awaitNanos(AbstractQueuedSynchronizer.java:2078)
        at java.util.concurrent.LinkedBlockingQueue.poll(LinkedBlockingQueue.java:467)
        at org.apache.hadoop.ipc.CallQueueManager.take(CallQueueManager.java:317)
        at org.apache.hadoop.ipc.Server$Handler.run(Server.java:2942)
"IPC Server handler 12 on default port 40433" daemon prio=5 tid=4822 timed_waiting
java.lang.Thread.State: TIMED_WAITING
        at sun.misc.Unsafe.park(Native Method)
        at java.util.concurrent.locks.LockSupport.parkNanos(LockSupport.java:215)
        at java.util.concurrent.locks.AbstractQueuedSynchronizer$ConditionObject.awaitNanos(AbstractQueuedSynchronizer.java:2078)
        at java.util.concurrent.LinkedBlockingQueue.poll(LinkedBlockingQueue.java:467)
        at org.apache.hadoop.ipc.CallQueueManager.take(CallQueueManager.java:317)
        at org.apache.hadoop.ipc.Server$Handler.run(Server.java:2942)
"db052414-94b4-46f8-aca1-929beb3cfaa7@group-CBE126E451E1-StateMachineUpdater" daemon prio=5 tid=5415 timed_waiting
java.lang.Thread.State: TIMED_WAITING
        at sun.misc.Unsafe.park(Native Method)
        at java.util.concurrent.locks.LockSupport.parkNanos(LockSupport.java:215)
        at java.util.concurrent.CompletableFuture$Signaller.block(CompletableFuture.java:1709)
        at java.util.concurrent.ForkJoinPool.managedBlock(ForkJoinPool.java:3323)
        at java.util.concurrent.CompletableFuture.timedGet(CompletableFuture.java:1788)
        at java.util.concurrent.CompletableFuture.get(CompletableFuture.java:1928)
        at org.apache.ratis.util.AwaitForSignal.await(AwaitForSignal.java:56)
        at org.apache.ratis.server.impl.StateMachineUpdater.waitForCommit(StateMachineUpdater.java:207)
        at org.apache.ratis.server.impl.StateMachineUpdater.run(StateMachineUpdater.java:176)
        at java.lang.Thread.run(Thread.java:750)
"StaleRecoveringContainerScrubbingService#0" daemon prio=5 tid=5397 timed_waiting
java.lang.Thread.State: TIMED_WAITING
        at sun.misc.Unsafe.park(Native Method)
        at java.util.concurrent.locks.LockSupport.parkNanos(LockSupport.java:215)
        at java.util.concurrent.locks.AbstractQueuedSynchronizer$ConditionObject.awaitNanos(AbstractQueuedSynchronizer.java:2078)
        at java.util.concurrent.ScheduledThreadPoolExecutor$DelayedWorkQueue.take(ScheduledThreadPoolExecutor.java:1093)
        at java.util.concurrent.ScheduledThreadPoolExecutor$DelayedWorkQueue.take(ScheduledThreadPoolExecutor.java:809)
        at java.util.concurrent.ThreadPoolExecutor.getTask(ThreadPoolExecutor.java:1074)
        at java.util.concurrent.ThreadPoolExecutor.runWorker(ThreadPoolExecutor.java:1134)
        at java.util.concurrent.ThreadPoolExecutor$Worker.run(ThreadPoolExecutor.java:624)
        at java.lang.Thread.run(Thread.java:750)
"DataNode DiskChecker thread 0" daemon prio=5 tid=5044 timed_waiting
java.lang.Thread.State: TIMED_WAITING
        at sun.misc.Unsafe.park(Native Method)
        at java.util.concurrent.locks.LockSupport.parkNanos(LockSupport.java:215)
        at java.util.concurrent.SynchronousQueue$TransferStack.awaitFulfill(SynchronousQueue.java:460)
        at java.util.concurrent.SynchronousQueue$TransferStack.transfer(SynchronousQueue.java:362)
        at java.util.concurrent.SynchronousQueue.poll(SynchronousQueue.java:941)
        at java.util.concurrent.ThreadPoolExecutor.getTask(ThreadPoolExecutor.java:1073)
        at java.util.concurrent.ThreadPoolExecutor.runWorker(ThreadPoolExecutor.java:1134)
        at java.util.concurrent.ThreadPoolExecutor$Worker.run(ThreadPoolExecutor.java:624)
        at java.lang.Thread.run(Thread.java:750)
"IPC Server handler 10 on default port 41341" daemon prio=5 tid=3814 timed_waiting
java.lang.Thread.State: TIMED_WAITING
        at sun.misc.Unsafe.park(Native Method)
        at java.util.concurrent.locks.LockSupport.parkNanos(LockSupport.java:215)
        at java.util.concurrent.locks.AbstractQueuedSynchronizer$ConditionObject.awaitNanos(AbstractQueuedSynchronizer.java:2078)
        at java.util.concurrent.LinkedBlockingQueue.poll(LinkedBlockingQueue.java:467)
        at org.apache.hadoop.ipc.CallQueueManager.take(CallQueueManager.java:317)
        at org.apache.hadoop.ipc.Server$Handler.run(Server.java:2942)
"Datanode State Machine Task Thread - 1"  prio=5 tid=4393 in Object.wait()
java.lang.Thread.State: WAITING (on object monitor)
        at sun.misc.Unsafe.park(Native Method)
        at java.util.concurrent.locks.LockSupport.park(LockSupport.java:175)
        at java.util.concurrent.locks.AbstractQueuedSynchronizer$ConditionObject.await(AbstractQueuedSynchronizer.java:2039)
        at java.util.concurrent.LinkedBlockingQueue.take(LinkedBlockingQueue.java:442)
        at java.util.concurrent.ThreadPoolExecutor.getTask(ThreadPoolExecutor.java:1074)
        at java.util.concurrent.ThreadPoolExecutor.runWorker(ThreadPoolExecutor.java:1134)
        at java.util.concurrent.ThreadPoolExecutor$Worker.run(ThreadPoolExecutor.java:624)
        at java.lang.Thread.run(Thread.java:750)
"b56e85ee-8e41-41ba-8236-410d8ae83499@group-CBE126E451E1-LeaderStateImpl" daemon prio=5 tid=5628 timed_waiting
java.lang.Thread.State: TIMED_WAITING
        at sun.misc.Unsafe.park(Native Method)
        at java.util.concurrent.locks.LockSupport.parkNanos(LockSupport.java:215)
        at java.util.concurrent.locks.AbstractQueuedSynchronizer$ConditionObject.awaitNanos(AbstractQueuedSynchronizer.java:2078)
        at java.util.concurrent.ArrayBlockingQueue.poll(ArrayBlockingQueue.java:418)
        at org.apache.ratis.server.impl.LeaderStateImpl$EventQueue.poll(LeaderStateImpl.java:159)
        at org.apache.ratis.server.impl.LeaderStateImpl$EventProcessor.run(LeaderStateImpl.java:630)
"IPC Server handler 18 on default port 41341" daemon prio=5 tid=3822 timed_waiting
java.lang.Thread.State: TIMED_WAITING
        at sun.misc.Unsafe.park(Native Method)
        at java.util.concurrent.locks.LockSupport.parkNanos(LockSupport.java:215)
        at java.util.concurrent.locks.AbstractQueuedSynchronizer$ConditionObject.awaitNanos(AbstractQueuedSynchronizer.java:2078)
        at java.util.concurrent.LinkedBlockingQueue.poll(LinkedBlockingQueue.java:467)
        at org.apache.hadoop.ipc.CallQueueManager.take(CallQueueManager.java:317)
        at org.apache.hadoop.ipc.Server$Handler.run(Server.java:2942)
"Datanode State Machine Task Thread - 0"  prio=5 tid=5093 in Object.wait()
java.lang.Thread.State: WAITING (on object monitor)
        at sun.misc.Unsafe.park(Native Method)
        at java.util.concurrent.locks.LockSupport.park(LockSupport.java:175)
        at java.util.concurrent.locks.AbstractQueuedSynchronizer$ConditionObject.await(AbstractQueuedSynchronizer.java:2039)
        at java.util.concurrent.LinkedBlockingQueue.take(LinkedBlockingQueue.java:442)
        at java.util.concurrent.ThreadPoolExecutor.getTask(ThreadPoolExecutor.java:1074)
        at java.util.concurrent.ThreadPoolExecutor.runWorker(ThreadPoolExecutor.java:1134)
        at java.util.concurrent.ThreadPoolExecutor$Worker.run(ThreadPoolExecutor.java:624)
        at java.lang.Thread.run(Thread.java:750)
"IPC Server handler 7 on default port 36439" daemon prio=5 tid=3791 timed_waiting
java.lang.Thread.State: TIMED_WAITING
        at sun.misc.Unsafe.park(Native Method)
        at java.util.concurrent.locks.LockSupport.parkNanos(LockSupport.java:215)
        at java.util.concurrent.locks.AbstractQueuedSynchronizer$ConditionObject.awaitNanos(AbstractQueuedSynchronizer.java:2078)
        at java.util.concurrent.LinkedBlockingQueue.poll(LinkedBlockingQueue.java:467)
        at org.apache.hadoop.ipc.CallQueueManager.take(CallQueueManager.java:317)
        at org.apache.hadoop.ipc.Server$Handler.run(Server.java:2942)
"qtp1884543100-3829" daemon prio=5 tid=3829 timed_waiting
java.lang.Thread.State: TIMED_WAITING
        at sun.misc.Unsafe.park(Native Method)
        at java.util.concurrent.locks.LockSupport.parkNanos(LockSupport.java:215)
        at java.util.concurrent.locks.AbstractQueuedSynchronizer$ConditionObject.awaitNanos(AbstractQueuedSynchronizer.java:2078)
        at org.eclipse.jetty.util.BlockingArrayQueue.poll(BlockingArrayQueue.java:382)
        at org.eclipse.jetty.util.thread.QueuedThreadPool$Runner.idleJobPoll(QueuedThreadPool.java:974)
        at org.eclipse.jetty.util.thread.QueuedThreadPool$Runner.run(QueuedThreadPool.java:1018)
        at java.lang.Thread.run(Thread.java:750)
"Periodic HDDS volume checker" daemon prio=5 tid=3264 timed_waiting
java.lang.Thread.State: TIMED_WAITING
        at sun.misc.Unsafe.park(Native Method)
        at java.util.concurrent.locks.LockSupport.parkNanos(LockSupport.java:215)
        at java.util.concurrent.locks.AbstractQueuedSynchronizer$ConditionObject.awaitNanos(AbstractQueuedSynchronizer.java:2078)
        at java.util.concurrent.ScheduledThreadPoolExecutor$DelayedWorkQueue.take(ScheduledThreadPoolExecutor.java:1093)
        at java.util.concurrent.ScheduledThreadPoolExecutor$DelayedWorkQueue.take(ScheduledThreadPoolExecutor.java:809)
        at java.util.concurrent.ThreadPoolExecutor.getTask(ThreadPoolExecutor.java:1074)
        at java.util.concurrent.ThreadPoolExecutor.runWorker(ThreadPoolExecutor.java:1134)
        at java.util.concurrent.ThreadPoolExecutor$Worker.run(ThreadPoolExecutor.java:624)
        at java.lang.Thread.run(Thread.java:750)
"OM StateMachine ApplyTransaction Thread - 0" daemon prio=5 tid=5640 in Object.wait()
java.lang.Thread.State: WAITING (on object monitor)
        at sun.misc.Unsafe.park(Native Method)
        at java.util.concurrent.locks.LockSupport.park(LockSupport.java:175)
        at java.util.concurrent.locks.AbstractQueuedSynchronizer$ConditionObject.await(AbstractQueuedSynchronizer.java:2039)
        at java.util.concurrent.LinkedBlockingQueue.take(LinkedBlockingQueue.java:442)
        at java.util.concurrent.ThreadPoolExecutor.getTask(ThreadPoolExecutor.java:1074)
        at java.util.concurrent.ThreadPoolExecutor.runWorker(ThreadPoolExecutor.java:1134)
        at java.util.concurrent.ThreadPoolExecutor$Worker.run(ThreadPoolExecutor.java:624)
        at java.lang.Thread.run(Thread.java:750)
"qtp1884543100-3828-acceptor-0@1d7d7f2e-ServerConnector@6968425a{HTTP/1.1, (http/1.1)}{0.0.0.0:36799}" daemon prio=3 tid=3828 runnable
java.lang.Thread.State: RUNNABLE
        at sun.nio.ch.ServerSocketChannelImpl.accept0(Native Method)
        at sun.nio.ch.ServerSocketChannelImpl.accept(ServerSocketChannelImpl.java:421)
        at sun.nio.ch.ServerSocketChannelImpl.accept(ServerSocketChannelImpl.java:249)
        at org.eclipse.jetty.server.ServerConnector.accept(ServerConnector.java:388)
        at org.eclipse.jetty.server.AbstractConnector$Acceptor.run(AbstractConnector.java:704)
        at org.eclipse.jetty.util.thread.QueuedThreadPool.runJob(QueuedThreadPool.java:883)
        at org.eclipse.jetty.util.thread.QueuedThreadPool$Runner.run(QueuedThreadPool.java:1034)
        at java.lang.Thread.run(Thread.java:750)
"FixedThreadPoolWithAffinityExecutor-4-0" daemon prio=5 tid=3747 timed_waiting
java.lang.Thread.State: TIMED_WAITING
        at sun.misc.Unsafe.park(Native Method)
        at java.util.concurrent.locks.LockSupport.parkNanos(LockSupport.java:215)
        at java.util.concurrent.locks.AbstractQueuedSynchronizer$ConditionObject.awaitNanos(AbstractQueuedSynchronizer.java:2078)
        at java.util.concurrent.LinkedBlockingQueue.poll(LinkedBlockingQueue.java:467)
        at org.apache.hadoop.hdds.scm.server.ContainerReportQueue.poll(ContainerReportQueue.java:266)
        at org.apache.hadoop.hdds.scm.server.ContainerReportQueue.poll(ContainerReportQueue.java:42)
        at org.apache.hadoop.hdds.server.events.FixedThreadPoolWithAffinityExecutor$ContainerReportProcessTask.run(FixedThreadPoolWithAffinityExecutor.java:248)
        at java.util.concurrent.Executors$RunnableAdapter.call(Executors.java:511)
        at java.util.concurrent.FutureTask.run(FutureTask.java:266)
        at java.util.concurrent.ThreadPoolExecutor.runWorker(ThreadPoolExecutor.java:1149)
        at java.util.concurrent.ThreadPoolExecutor$Worker.run(ThreadPoolExecutor.java:624)
        at java.lang.Thread.run(Thread.java:750)
"dba9af6d-6e82-4367-aab1-8cf42182a7ab@group-223230AB0900-SegmentedRaftLogWorker"  prio=5 tid=3584 timed_waiting
java.lang.Thread.State: TIMED_WAITING
        at sun.misc.Unsafe.park(Native Method)
        at java.util.concurrent.locks.LockSupport.parkNanos(LockSupport.java:215)
        at java.util.concurrent.locks.AbstractQueuedSynchronizer$ConditionObject.awaitNanos(AbstractQueuedSynchronizer.java:2078)
        at org.apache.ratis.util.DataBlockingQueue.poll(DataBlockingQueue.java:148)
        at org.apache.ratis.server.raftlog.segmented.SegmentedRaftLogWorker.run(SegmentedRaftLogWorker.java:310)
        at org.apache.ratis.server.raftlog.segmented.SegmentedRaftLogWorker$$Lambda$699/1369416112.run(Unknown Source)
        at java.lang.Thread.run(Thread.java:750)
"qtp708458890-4239" daemon prio=5 tid=4239 timed_waiting
java.lang.Thread.State: TIMED_WAITING
        at sun.misc.Unsafe.park(Native Method)
        at java.util.concurrent.locks.LockSupport.parkNanos(LockSupport.java:215)
        at java.util.concurrent.locks.AbstractQueuedSynchronizer$ConditionObject.awaitNanos(AbstractQueuedSynchronizer.java:2078)
        at org.eclipse.jetty.util.BlockingArrayQueue.poll(BlockingArrayQueue.java:382)
        at org.eclipse.jetty.util.thread.QueuedThreadPool$Runner.idleJobPoll(QueuedThreadPool.java:974)
        at org.eclipse.jetty.util.thread.QueuedThreadPool$Runner.run(QueuedThreadPool.java:1018)
        at java.lang.Thread.run(Thread.java:750)
"f55315c2-12b7-4bf7-9755-17bd9d593b12@group-11CF03870595-SegmentedRaftLogWorker"  prio=5 tid=3565 timed_waiting
java.lang.Thread.State: TIMED_WAITING
        at sun.misc.Unsafe.park(Native Method)
        at java.util.concurrent.locks.LockSupport.parkNanos(LockSupport.java:215)
        at java.util.concurrent.locks.AbstractQueuedSynchronizer$ConditionObject.awaitNanos(AbstractQueuedSynchronizer.java:2078)
        at org.apache.ratis.util.DataBlockingQueue.poll(DataBlockingQueue.java:148)
        at org.apache.ratis.server.raftlog.segmented.SegmentedRaftLogWorker.run(SegmentedRaftLogWorker.java:310)
        at org.apache.ratis.server.raftlog.segmented.SegmentedRaftLogWorker$$Lambda$699/1369416112.run(Unknown Source)
        at java.lang.Thread.run(Thread.java:750)
"Datanode State Machine Task Thread - 1"  prio=5 tid=3463 in Object.wait()
java.lang.Thread.State: WAITING (on object monitor)
        at sun.misc.Unsafe.park(Native Method)
        at java.util.concurrent.locks.LockSupport.park(LockSupport.java:175)
        at java.util.concurrent.locks.AbstractQueuedSynchronizer$ConditionObject.await(AbstractQueuedSynchronizer.java:2039)
        at java.util.concurrent.LinkedBlockingQueue.take(LinkedBlockingQueue.java:442)
        at java.util.concurrent.ThreadPoolExecutor.getTask(ThreadPoolExecutor.java:1074)
        at java.util.concurrent.ThreadPoolExecutor.runWorker(ThreadPoolExecutor.java:1134)
        at java.util.concurrent.ThreadPoolExecutor$Worker.run(ThreadPoolExecutor.java:624)
        at java.lang.Thread.run(Thread.java:750)
"JvmPauseMonitor39" daemon prio=5 tid=3535 timed_waiting
java.lang.Thread.State: TIMED_WAITING
        at java.lang.Thread.sleep(Native Method)
        at java.lang.Thread.sleep(Thread.java:342)
        at java.util.concurrent.TimeUnit.sleep(TimeUnit.java:386)
        at org.apache.ratis.util.TimeDuration.sleep(TimeDuration.java:325)
        at org.apache.ratis.util.TimeDuration.sleep(TimeDuration.java:310)
        at org.apache.ratis.util.JvmPauseMonitor.detectPause(JvmPauseMonitor.java:119)
        at org.apache.ratis.util.JvmPauseMonitor.run(JvmPauseMonitor.java:108)
        at org.apache.ratis.util.JvmPauseMonitor$$Lambda$740/1979406568.run(Unknown Source)
        at java.lang.Thread.run(Thread.java:750)
"EventQueue-DatanodeCommandQueueUpdatedForDatanodeCommandCountUpdatedHandler" daemon prio=5 tid=4448 in Object.wait()
java.lang.Thread.State: WAITING (on object monitor)
        at sun.misc.Unsafe.park(Native Method)
        at java.util.concurrent.locks.LockSupport.park(LockSupport.java:175)
        at java.util.concurrent.locks.AbstractQueuedSynchronizer$ConditionObject.await(AbstractQueuedSynchronizer.java:2039)
        at java.util.concurrent.LinkedBlockingQueue.take(LinkedBlockingQueue.java:442)
        at java.util.concurrent.ThreadPoolExecutor.getTask(ThreadPoolExecutor.java:1074)
        at java.util.concurrent.ThreadPoolExecutor.runWorker(ThreadPoolExecutor.java:1134)
        at java.util.concurrent.ThreadPoolExecutor$Worker.run(ThreadPoolExecutor.java:624)
        at java.lang.Thread.run(Thread.java:750)
"StaleRecoveringContainerScrubbingService#2" daemon prio=5 tid=5657 in Object.wait()
java.lang.Thread.State: WAITING (on object monitor)
        at sun.misc.Unsafe.park(Native Method)
        at java.util.concurrent.locks.LockSupport.park(LockSupport.java:175)
        at java.util.concurrent.locks.AbstractQueuedSynchronizer$ConditionObject.await(AbstractQueuedSynchronizer.java:2039)
        at java.util.concurrent.ScheduledThreadPoolExecutor$DelayedWorkQueue.take(ScheduledThreadPoolExecutor.java:1088)
        at java.util.concurrent.ScheduledThreadPoolExecutor$DelayedWorkQueue.take(ScheduledThreadPoolExecutor.java:809)
        at java.util.concurrent.ThreadPoolExecutor.getTask(ThreadPoolExecutor.java:1074)
        at java.util.concurrent.ThreadPoolExecutor.runWorker(ThreadPoolExecutor.java:1134)
        at java.util.concurrent.ThreadPoolExecutor$Worker.run(ThreadPoolExecutor.java:624)
        at java.lang.Thread.run(Thread.java:750)
"qtp1884543100-3831" daemon prio=5 tid=3831 timed_waiting
java.lang.Thread.State: TIMED_WAITING
        at sun.misc.Unsafe.park(Native Method)
        at java.util.concurrent.locks.LockSupport.parkNanos(LockSupport.java:215)
        at java.util.concurrent.locks.AbstractQueuedSynchronizer$ConditionObject.awaitNanos(AbstractQueuedSynchronizer.java:2078)
        at org.eclipse.jetty.util.BlockingArrayQueue.poll(BlockingArrayQueue.java:382)
        at org.eclipse.jetty.util.thread.QueuedThreadPool$Runner.idleJobPoll(QueuedThreadPool.java:974)
        at org.eclipse.jetty.util.thread.QueuedThreadPool$Runner.run(QueuedThreadPool.java:1018)
        at java.lang.Thread.run(Thread.java:750)
"qtp2095529297-5178" daemon prio=5 tid=5178 timed_waiting
java.lang.Thread.State: TIMED_WAITING
        at sun.misc.Unsafe.park(Native Method)
        at java.util.concurrent.locks.LockSupport.parkNanos(LockSupport.java:215)
        at java.util.concurrent.locks.AbstractQueuedSynchronizer$ConditionObject.awaitNanos(AbstractQueuedSynchronizer.java:2078)
        at org.eclipse.jetty.util.BlockingArrayQueue.poll(BlockingArrayQueue.java:382)
        at org.eclipse.jetty.util.thread.QueuedThreadPool$Runner.idleJobPoll(QueuedThreadPool.java:974)
        at org.eclipse.jetty.util.thread.QueuedThreadPool$Runner.run(QueuedThreadPool.java:1018)
        at java.lang.Thread.run(Thread.java:750)
"4f264252-b644-43b2-b39d-b880ca9b4753@group-D6CD12C78F32-StateMachineUpdater" daemon prio=5 tid=4524 timed_waiting
java.lang.Thread.State: TIMED_WAITING
        at sun.misc.Unsafe.park(Native Method)
        at java.util.concurrent.locks.LockSupport.parkNanos(LockSupport.java:215)
        at java.util.concurrent.CompletableFuture$Signaller.block(CompletableFuture.java:1709)
        at java.util.concurrent.ForkJoinPool.managedBlock(ForkJoinPool.java:3323)
        at java.util.concurrent.CompletableFuture.timedGet(CompletableFuture.java:1788)
        at java.util.concurrent.CompletableFuture.get(CompletableFuture.java:1928)
        at org.apache.ratis.util.AwaitForSignal.await(AwaitForSignal.java:56)
        at org.apache.ratis.server.impl.StateMachineUpdater.waitForCommit(StateMachineUpdater.java:207)
        at org.apache.ratis.server.impl.StateMachineUpdater.run(StateMachineUpdater.java:176)
        at java.lang.Thread.run(Thread.java:750)
"Datanode State Machine Task Thread - 1"  prio=5 tid=5205 in Object.wait()
java.lang.Thread.State: WAITING (on object monitor)
        at sun.misc.Unsafe.park(Native Method)
        at java.util.concurrent.locks.LockSupport.park(LockSupport.java:175)
        at java.util.concurrent.locks.AbstractQueuedSynchronizer$ConditionObject.await(AbstractQueuedSynchronizer.java:2039)
        at java.util.concurrent.LinkedBlockingQueue.take(LinkedBlockingQueue.java:442)
        at java.util.concurrent.ThreadPoolExecutor.getTask(ThreadPoolExecutor.java:1074)
        at java.util.concurrent.ThreadPoolExecutor.runWorker(ThreadPoolExecutor.java:1134)
        at java.util.concurrent.ThreadPoolExecutor$Worker.run(ThreadPoolExecutor.java:624)
        at java.lang.Thread.run(Thread.java:750)
"Datanode ReportManager Thread - 1" daemon prio=5 tid=5160 timed_waiting
java.lang.Thread.State: TIMED_WAITING
        at sun.misc.Unsafe.park(Native Method)
        at java.util.concurrent.locks.LockSupport.parkNanos(LockSupport.java:215)
        at java.util.concurrent.locks.AbstractQueuedSynchronizer$ConditionObject.awaitNanos(AbstractQueuedSynchronizer.java:2078)
        at java.util.concurrent.ScheduledThreadPoolExecutor$DelayedWorkQueue.take(ScheduledThreadPoolExecutor.java:1093)
        at java.util.concurrent.ScheduledThreadPoolExecutor$DelayedWorkQueue.take(ScheduledThreadPoolExecutor.java:809)
        at java.util.concurrent.ThreadPoolExecutor.getTask(ThreadPoolExecutor.java:1074)
        at java.util.concurrent.ThreadPoolExecutor.runWorker(ThreadPoolExecutor.java:1134)
        at java.util.concurrent.ThreadPoolExecutor$Worker.run(ThreadPoolExecutor.java:624)
        at java.lang.Thread.run(Thread.java:750)
"FixedThreadPoolWithAffinityExecutor-1-0" daemon prio=5 tid=4755 timed_waiting
java.lang.Thread.State: TIMED_WAITING
        at sun.misc.Unsafe.park(Native Method)
        at java.util.concurrent.locks.LockSupport.parkNanos(LockSupport.java:215)
        at java.util.concurrent.locks.AbstractQueuedSynchronizer$ConditionObject.awaitNanos(AbstractQueuedSynchronizer.java:2078)
        at java.util.concurrent.LinkedBlockingQueue.poll(LinkedBlockingQueue.java:467)
        at org.apache.hadoop.hdds.scm.server.ContainerReportQueue.poll(ContainerReportQueue.java:266)
        at org.apache.hadoop.hdds.scm.server.ContainerReportQueue.poll(ContainerReportQueue.java:42)
        at org.apache.hadoop.hdds.server.events.FixedThreadPoolWithAffinityExecutor$ContainerReportProcessTask.run(FixedThreadPoolWithAffinityExecutor.java:248)
        at java.util.concurrent.Executors$RunnableAdapter.call(Executors.java:511)
        at java.util.concurrent.FutureTask.run(FutureTask.java:266)
        at java.util.concurrent.ThreadPoolExecutor.runWorker(ThreadPoolExecutor.java:1149)
        at java.util.concurrent.ThreadPoolExecutor$Worker.run(ThreadPoolExecutor.java:624)
        at java.lang.Thread.run(Thread.java:750)
"ChunkWriter-1-0" daemon prio=5 tid=5220 in Object.wait()
java.lang.Thread.State: WAITING (on object monitor)
        at sun.misc.Unsafe.park(Native Method)
        at java.util.concurrent.locks.LockSupport.park(LockSupport.java:175)
        at java.util.concurrent.locks.AbstractQueuedSynchronizer$ConditionObject.await(AbstractQueuedSynchronizer.java:2039)
        at java.util.concurrent.LinkedBlockingDeque.takeFirst(LinkedBlockingDeque.java:492)
        at java.util.concurrent.LinkedBlockingDeque.take(LinkedBlockingDeque.java:680)
        at java.util.concurrent.ThreadPoolExecutor.getTask(ThreadPoolExecutor.java:1074)
        at java.util.concurrent.ThreadPoolExecutor.runWorker(ThreadPoolExecutor.java:1134)
        at java.util.concurrent.ThreadPoolExecutor$Worker.run(ThreadPoolExecutor.java:624)
        at java.lang.Thread.run(Thread.java:750)
"qtp1099129309-4264" daemon prio=5 tid=4264 timed_waiting
java.lang.Thread.State: TIMED_WAITING
        at sun.misc.Unsafe.park(Native Method)
        at java.util.concurrent.locks.LockSupport.parkNanos(LockSupport.java:215)
        at java.util.concurrent.locks.AbstractQueuedSynchronizer$ConditionObject.awaitNanos(AbstractQueuedSynchronizer.java:2078)
        at org.eclipse.jetty.util.BlockingArrayQueue.poll(BlockingArrayQueue.java:382)
        at org.eclipse.jetty.util.thread.QueuedThreadPool$Runner.idleJobPoll(QueuedThreadPool.java:974)
        at org.eclipse.jetty.util.thread.QueuedThreadPool$Runner.run(QueuedThreadPool.java:1018)
        at java.lang.Thread.run(Thread.java:750)
"4e9d01e2-99f3-4323-a596-366f46fa44e1@group-AE848D27C9F4-StateMachineUpdater" daemon prio=5 tid=5234 timed_waiting
java.lang.Thread.State: TIMED_WAITING
        at sun.misc.Unsafe.park(Native Method)
        at java.util.concurrent.locks.LockSupport.parkNanos(LockSupport.java:215)
        at java.util.concurrent.CompletableFuture$Signaller.block(CompletableFuture.java:1709)
        at java.util.concurrent.ForkJoinPool.managedBlock(ForkJoinPool.java:3323)
        at java.util.concurrent.CompletableFuture.timedGet(CompletableFuture.java:1788)
        at java.util.concurrent.CompletableFuture.get(CompletableFuture.java:1928)
        at org.apache.ratis.util.AwaitForSignal.await(AwaitForSignal.java:56)
        at org.apache.ratis.server.impl.StateMachineUpdater.waitForCommit(StateMachineUpdater.java:207)
        at org.apache.ratis.server.impl.StateMachineUpdater.run(StateMachineUpdater.java:176)
        at java.lang.Thread.run(Thread.java:750)
"ChunkWriter-0-0" daemon prio=5 tid=5186 in Object.wait()
java.lang.Thread.State: WAITING (on object monitor)
        at sun.misc.Unsafe.park(Native Method)
        at java.util.concurrent.locks.LockSupport.park(LockSupport.java:175)
        at java.util.concurrent.locks.AbstractQueuedSynchronizer$ConditionObject.await(AbstractQueuedSynchronizer.java:2039)
        at java.util.concurrent.LinkedBlockingDeque.takeFirst(LinkedBlockingDeque.java:492)
        at java.util.concurrent.LinkedBlockingDeque.take(LinkedBlockingDeque.java:680)
        at java.util.concurrent.ThreadPoolExecutor.getTask(ThreadPoolExecutor.java:1074)
        at java.util.concurrent.ThreadPoolExecutor.runWorker(ThreadPoolExecutor.java:1134)
        at java.util.concurrent.ThreadPoolExecutor$Worker.run(ThreadPoolExecutor.java:624)
        at java.lang.Thread.run(Thread.java:750)
"Command processor thread" daemon prio=5 tid=5037 timed_waiting
java.lang.Thread.State: TIMED_WAITING
        at java.lang.Thread.sleep(Native Method)
        at org.apache.hadoop.ozone.container.common.statemachine.DatanodeStateMachine.lambda$initCommandHandlerThread$3(DatanodeStateMachine.java:641)
        at org.apache.hadoop.ozone.container.common.statemachine.DatanodeStateMachine$$Lambda$787/339964609.run(Unknown Source)
        at java.lang.Thread.run(Thread.java:750)
"dba9af6d-6e82-4367-aab1-8cf42182a7ab@group-223230AB0900-StateMachineUpdater" daemon prio=5 tid=3586 timed_waiting
java.lang.Thread.State: TIMED_WAITING
        at sun.misc.Unsafe.park(Native Method)
        at java.util.concurrent.locks.LockSupport.parkNanos(LockSupport.java:215)
        at java.util.concurrent.CompletableFuture$Signaller.block(CompletableFuture.java:1709)
        at java.util.concurrent.ForkJoinPool.managedBlock(ForkJoinPool.java:3323)
        at java.util.concurrent.CompletableFuture.timedGet(CompletableFuture.java:1788)
        at java.util.concurrent.CompletableFuture.get(CompletableFuture.java:1928)
        at org.apache.ratis.util.AwaitForSignal.await(AwaitForSignal.java:56)
        at org.apache.ratis.server.impl.StateMachineUpdater.waitForCommit(StateMachineUpdater.java:207)
        at org.apache.ratis.server.impl.StateMachineUpdater.run(StateMachineUpdater.java:176)
        at java.lang.Thread.run(Thread.java:750)
"PartialTableCache Cleanup Thread - 0" daemon prio=5 tid=4389 in Object.wait()
java.lang.Thread.State: WAITING (on object monitor)
        at sun.misc.Unsafe.park(Native Method)
        at java.util.concurrent.locks.LockSupport.park(LockSupport.java:175)
        at java.util.concurrent.locks.AbstractQueuedSynchronizer$ConditionObject.await(AbstractQueuedSynchronizer.java:2039)
        at java.util.concurrent.LinkedBlockingQueue.take(LinkedBlockingQueue.java:442)
        at java.util.concurrent.ThreadPoolExecutor.getTask(ThreadPoolExecutor.java:1074)
        at java.util.concurrent.ThreadPoolExecutor.runWorker(ThreadPoolExecutor.java:1134)
        at java.util.concurrent.ThreadPoolExecutor$Worker.run(ThreadPoolExecutor.java:624)
        at java.lang.Thread.run(Thread.java:750)
"IPC Server handler 6 on default port 35159" daemon prio=5 tid=4776 timed_waiting
java.lang.Thread.State: TIMED_WAITING
        at sun.misc.Unsafe.park(Native Method)
        at java.util.concurrent.locks.LockSupport.parkNanos(LockSupport.java:215)
        at java.util.concurrent.locks.AbstractQueuedSynchronizer$ConditionObject.awaitNanos(AbstractQueuedSynchronizer.java:2078)
        at java.util.concurrent.LinkedBlockingQueue.poll(LinkedBlockingQueue.java:467)
        at org.apache.hadoop.ipc.CallQueueManager.take(CallQueueManager.java:317)
        at org.apache.hadoop.ipc.Server$Handler.run(Server.java:2942)
"PartialTableCache Cleanup Thread - 0" daemon prio=5 tid=697 in Object.wait()
java.lang.Thread.State: WAITING (on object monitor)
        at sun.misc.Unsafe.park(Native Method)
        at java.util.concurrent.locks.LockSupport.park(LockSupport.java:175)
        at java.util.concurrent.locks.AbstractQueuedSynchronizer$ConditionObject.await(AbstractQueuedSynchronizer.java:2039)
        at java.util.concurrent.LinkedBlockingQueue.take(LinkedBlockingQueue.java:442)
        at java.util.concurrent.ThreadPoolExecutor.getTask(ThreadPoolExecutor.java:1074)
        at java.util.concurrent.ThreadPoolExecutor.runWorker(ThreadPoolExecutor.java:1134)
        at java.util.concurrent.ThreadPoolExecutor$Worker.run(ThreadPoolExecutor.java:624)
        at java.lang.Thread.run(Thread.java:750)
"FixedThreadPoolWithAffinityExecutor-7-0" daemon prio=5 tid=4761 timed_waiting
java.lang.Thread.State: TIMED_WAITING
        at sun.misc.Unsafe.park(Native Method)
        at java.util.concurrent.locks.LockSupport.parkNanos(LockSupport.java:215)
        at java.util.concurrent.locks.AbstractQueuedSynchronizer$ConditionObject.awaitNanos(AbstractQueuedSynchronizer.java:2078)
        at java.util.concurrent.LinkedBlockingQueue.poll(LinkedBlockingQueue.java:467)
        at org.apache.hadoop.hdds.scm.server.ContainerReportQueue.poll(ContainerReportQueue.java:266)
        at org.apache.hadoop.hdds.scm.server.ContainerReportQueue.poll(ContainerReportQueue.java:42)
        at org.apache.hadoop.hdds.server.events.FixedThreadPoolWithAffinityExecutor$ContainerReportProcessTask.run(FixedThreadPoolWithAffinityExecutor.java:248)
        at java.util.concurrent.Executors$RunnableAdapter.call(Executors.java:511)
        at java.util.concurrent.FutureTask.run(FutureTask.java:266)
        at java.util.concurrent.ThreadPoolExecutor.runWorker(ThreadPoolExecutor.java:1149)
        at java.util.concurrent.ThreadPoolExecutor$Worker.run(ThreadPoolExecutor.java:624)
        at java.lang.Thread.run(Thread.java:750)
"pool-1650-thread-1"  prio=5 tid=3379 timed_waiting
java.lang.Thread.State: TIMED_WAITING
        at sun.misc.Unsafe.park(Native Method)
        at java.util.concurrent.locks.LockSupport.parkNanos(LockSupport.java:215)
        at java.util.concurrent.locks.AbstractQueuedSynchronizer$ConditionObject.awaitNanos(AbstractQueuedSynchronizer.java:2078)
        at java.util.concurrent.ScheduledThreadPoolExecutor$DelayedWorkQueue.take(ScheduledThreadPoolExecutor.java:1093)
        at java.util.concurrent.ScheduledThreadPoolExecutor$DelayedWorkQueue.take(ScheduledThreadPoolExecutor.java:809)
        at java.util.concurrent.ThreadPoolExecutor.getTask(ThreadPoolExecutor.java:1074)
        at java.util.concurrent.ThreadPoolExecutor.runWorker(ThreadPoolExecutor.java:1134)
        at java.util.concurrent.ThreadPoolExecutor$Worker.run(ThreadPoolExecutor.java:624)
        at java.lang.Thread.run(Thread.java:750)
"ContainerOp-d03e4836-7d8d-4de7-87bd-2d1f402832ad-3"  prio=5 tid=4854 in Object.wait()
java.lang.Thread.State: WAITING (on object monitor)
        at sun.misc.Unsafe.park(Native Method)
        at java.util.concurrent.locks.LockSupport.park(LockSupport.java:175)
        at java.util.concurrent.locks.AbstractQueuedSynchronizer$ConditionObject.await(AbstractQueuedSynchronizer.java:2039)
        at java.util.concurrent.LinkedBlockingQueue.take(LinkedBlockingQueue.java:442)
        at java.util.concurrent.ThreadPoolExecutor.getTask(ThreadPoolExecutor.java:1074)
        at java.util.concurrent.ThreadPoolExecutor.runWorker(ThreadPoolExecutor.java:1134)
        at java.util.concurrent.ThreadPoolExecutor$Worker.run(ThreadPoolExecutor.java:624)
        at java.lang.Thread.run(Thread.java:750)
"EventQueue-PipelineReportForPipelineReportHandler" daemon prio=5 tid=4408 in Object.wait()
java.lang.Thread.State: WAITING (on object monitor)
        at sun.misc.Unsafe.park(Native Method)
        at java.util.concurrent.locks.LockSupport.park(LockSupport.java:175)
        at java.util.concurrent.locks.AbstractQueuedSynchronizer$ConditionObject.await(AbstractQueuedSynchronizer.java:2039)
        at java.util.concurrent.LinkedBlockingQueue.take(LinkedBlockingQueue.java:442)
        at java.util.concurrent.ThreadPoolExecutor.getTask(ThreadPoolExecutor.java:1074)
        at java.util.concurrent.ThreadPoolExecutor.runWorker(ThreadPoolExecutor.java:1134)
        at java.util.concurrent.ThreadPoolExecutor$Worker.run(ThreadPoolExecutor.java:624)
        at java.lang.Thread.run(Thread.java:750)
"BlockDeletingService#0" daemon prio=5 tid=5192 timed_waiting
java.lang.Thread.State: TIMED_WAITING
        at sun.misc.Unsafe.park(Native Method)
        at java.util.concurrent.locks.LockSupport.parkNanos(LockSupport.java:215)
        at java.util.concurrent.locks.AbstractQueuedSynchronizer$ConditionObject.awaitNanos(AbstractQueuedSynchronizer.java:2078)
        at java.util.concurrent.ScheduledThreadPoolExecutor$DelayedWorkQueue.take(ScheduledThreadPoolExecutor.java:1093)
        at java.util.concurrent.ScheduledThreadPoolExecutor$DelayedWorkQueue.take(ScheduledThreadPoolExecutor.java:809)
        at java.util.concurrent.ThreadPoolExecutor.getTask(ThreadPoolExecutor.java:1074)
        at java.util.concurrent.ThreadPoolExecutor.runWorker(ThreadPoolExecutor.java:1134)
        at java.util.concurrent.ThreadPoolExecutor$Worker.run(ThreadPoolExecutor.java:624)
        at java.lang.Thread.run(Thread.java:750)
"KeyDeletingService#0" daemon prio=5 tid=3229 timed_waiting
java.lang.Thread.State: TIMED_WAITING
        at sun.misc.Unsafe.park(Native Method)
        at java.util.concurrent.locks.LockSupport.parkNanos(LockSupport.java:215)
        at java.util.concurrent.locks.AbstractQueuedSynchronizer$ConditionObject.awaitNanos(AbstractQueuedSynchronizer.java:2078)
        at java.util.concurrent.ScheduledThreadPoolExecutor$DelayedWorkQueue.take(ScheduledThreadPoolExecutor.java:1093)
        at java.util.concurrent.ScheduledThreadPoolExecutor$DelayedWorkQueue.take(ScheduledThreadPoolExecutor.java:809)
        at java.util.concurrent.ThreadPoolExecutor.getTask(ThreadPoolExecutor.java:1074)
        at java.util.concurrent.ThreadPoolExecutor.runWorker(ThreadPoolExecutor.java:1134)
        at java.util.concurrent.ThreadPoolExecutor$Worker.run(ThreadPoolExecutor.java:624)
        at java.lang.Thread.run(Thread.java:750)
"qtp1686202609-5077-acceptor-0@6cdff1df-ServerConnector@25e84007{HTTP/1.1, (http/1.1)}{0.0.0.0:37169}" daemon prio=3 tid=5077 runnable
java.lang.Thread.State: RUNNABLE
        at sun.nio.ch.ServerSocketChannelImpl.accept0(Native Method)
        at sun.nio.ch.ServerSocketChannelImpl.accept(ServerSocketChannelImpl.java:421)
        at sun.nio.ch.ServerSocketChannelImpl.accept(ServerSocketChannelImpl.java:249)
        at org.eclipse.jetty.server.ServerConnector.accept(ServerConnector.java:388)
        at org.eclipse.jetty.server.AbstractConnector$Acceptor.run(AbstractConnector.java:704)
        at org.eclipse.jetty.util.thread.QueuedThreadPool.runJob(QueuedThreadPool.java:883)
        at org.eclipse.jetty.util.thread.QueuedThreadPool$Runner.run(QueuedThreadPool.java:1034)
        at java.lang.Thread.run(Thread.java:750)
"qtp1938906929-4125" daemon prio=5 tid=4125 timed_waiting
java.lang.Thread.State: TIMED_WAITING
        at sun.misc.Unsafe.park(Native Method)
        at java.util.concurrent.locks.LockSupport.parkNanos(LockSupport.java:215)
        at java.util.concurrent.locks.AbstractQueuedSynchronizer$ConditionObject.awaitNanos(AbstractQueuedSynchronizer.java:2078)
        at org.eclipse.jetty.util.BlockingArrayQueue.poll(BlockingArrayQueue.java:382)
        at org.eclipse.jetty.util.thread.QueuedThreadPool$Runner.idleJobPoll(QueuedThreadPool.java:974)
        at org.eclipse.jetty.util.thread.QueuedThreadPool$Runner.run(QueuedThreadPool.java:1018)
        at java.lang.Thread.run(Thread.java:750)
"f55315c2-12b7-4bf7-9755-17bd9d593b12@group-11CF03870595-StateMachineUpdater" daemon prio=5 tid=3567 timed_waiting
java.lang.Thread.State: TIMED_WAITING
        at sun.misc.Unsafe.park(Native Method)
        at java.util.concurrent.locks.LockSupport.parkNanos(LockSupport.java:215)
        at java.util.concurrent.CompletableFuture$Signaller.block(CompletableFuture.java:1709)
        at java.util.concurrent.ForkJoinPool.managedBlock(ForkJoinPool.java:3323)
        at java.util.concurrent.CompletableFuture.timedGet(CompletableFuture.java:1788)
        at java.util.concurrent.CompletableFuture.get(CompletableFuture.java:1928)
        at org.apache.ratis.util.AwaitForSignal.await(AwaitForSignal.java:56)
        at org.apache.ratis.server.impl.StateMachineUpdater.waitForCommit(StateMachineUpdater.java:207)
        at org.apache.ratis.server.impl.StateMachineUpdater.run(StateMachineUpdater.java:176)
        at java.lang.Thread.run(Thread.java:750)
"4a771e97-762c-4a8a-bccd-860d81b1b0e2@group-467E5D1A0786-SegmentedRaftLogWorker"  prio=5 tid=5470 timed_waiting
java.lang.Thread.State: TIMED_WAITING
        at sun.misc.Unsafe.park(Native Method)
        at java.util.concurrent.locks.LockSupport.parkNanos(LockSupport.java:215)
        at java.util.concurrent.locks.AbstractQueuedSynchronizer$ConditionObject.awaitNanos(AbstractQueuedSynchronizer.java:2078)
        at org.apache.ratis.util.DataBlockingQueue.poll(DataBlockingQueue.java:148)
        at org.apache.ratis.server.raftlog.segmented.SegmentedRaftLogWorker.run(SegmentedRaftLogWorker.java:310)
        at org.apache.ratis.server.raftlog.segmented.SegmentedRaftLogWorker$$Lambda$699/1369416112.run(Unknown Source)
        at java.lang.Thread.run(Thread.java:750)
"Datanode ReportManager Thread - 3" daemon prio=5 tid=5035 timed_waiting
java.lang.Thread.State: TIMED_WAITING
        at sun.misc.Unsafe.park(Native Method)
        at java.util.concurrent.locks.LockSupport.parkNanos(LockSupport.java:215)
        at java.util.concurrent.locks.AbstractQueuedSynchronizer$ConditionObject.awaitNanos(AbstractQueuedSynchronizer.java:2078)
        at java.util.concurrent.ScheduledThreadPoolExecutor$DelayedWorkQueue.take(ScheduledThreadPoolExecutor.java:1093)
        at java.util.concurrent.ScheduledThreadPoolExecutor$DelayedWorkQueue.take(ScheduledThreadPoolExecutor.java:809)
        at java.util.concurrent.ThreadPoolExecutor.getTask(ThreadPoolExecutor.java:1074)
        at java.util.concurrent.ThreadPoolExecutor.runWorker(ThreadPoolExecutor.java:1134)
        at java.util.concurrent.ThreadPoolExecutor$Worker.run(ThreadPoolExecutor.java:624)
        at java.lang.Thread.run(Thread.java:750)
"PartialTableCache Cleanup Thread - 0" daemon prio=5 tid=2922 in Object.wait()
java.lang.Thread.State: WAITING (on object monitor)
        at sun.misc.Unsafe.park(Native Method)
        at java.util.concurrent.locks.LockSupport.park(LockSupport.java:175)
        at java.util.concurrent.locks.AbstractQueuedSynchronizer$ConditionObject.await(AbstractQueuedSynchronizer.java:2039)
        at java.util.concurrent.LinkedBlockingQueue.take(LinkedBlockingQueue.java:442)
        at java.util.concurrent.ThreadPoolExecutor.getTask(ThreadPoolExecutor.java:1074)
        at java.util.concurrent.ThreadPoolExecutor.runWorker(ThreadPoolExecutor.java:1134)
        at java.util.concurrent.ThreadPoolExecutor$Worker.run(ThreadPoolExecutor.java:624)
        at java.lang.Thread.run(Thread.java:750)
"DataNode DiskChecker thread 0" daemon prio=5 tid=5169 timed_waiting
java.lang.Thread.State: TIMED_WAITING
        at sun.misc.Unsafe.park(Native Method)
        at java.util.concurrent.locks.LockSupport.parkNanos(LockSupport.java:215)
        at java.util.concurrent.SynchronousQueue$TransferStack.awaitFulfill(SynchronousQueue.java:460)
        at java.util.concurrent.SynchronousQueue$TransferStack.transfer(SynchronousQueue.java:362)
        at java.util.concurrent.SynchronousQueue.poll(SynchronousQueue.java:941)
        at java.util.concurrent.ThreadPoolExecutor.getTask(ThreadPoolExecutor.java:1073)
        at java.util.concurrent.ThreadPoolExecutor.runWorker(ThreadPoolExecutor.java:1134)
        at java.util.concurrent.ThreadPoolExecutor$Worker.run(ThreadPoolExecutor.java:624)
        at java.lang.Thread.run(Thread.java:750)
"IPC Server handler 5 on default port 34157" daemon prio=5 tid=4009 timed_waiting
java.lang.Thread.State: TIMED_WAITING
        at sun.misc.Unsafe.park(Native Method)
        at java.util.concurrent.locks.LockSupport.parkNanos(LockSupport.java:215)
        at java.util.concurrent.locks.AbstractQueuedSynchronizer$ConditionObject.awaitNanos(AbstractQueuedSynchronizer.java:2078)
        at java.util.concurrent.LinkedBlockingQueue.poll(LinkedBlockingQueue.java:467)
        at org.apache.hadoop.ipc.CallQueueManager.take(CallQueueManager.java:317)
        at org.apache.hadoop.ipc.Server$Handler.run(Server.java:2942)
"BlockDeletingService#0" daemon prio=5 tid=3495 in Object.wait()
java.lang.Thread.State: WAITING (on object monitor)
        at sun.misc.Unsafe.park(Native Method)
        at java.util.concurrent.locks.LockSupport.park(LockSupport.java:175)
        at java.util.concurrent.locks.AbstractQueuedSynchronizer$ConditionObject.await(AbstractQueuedSynchronizer.java:2039)
        at java.util.concurrent.ScheduledThreadPoolExecutor$DelayedWorkQueue.take(ScheduledThreadPoolExecutor.java:1088)
        at java.util.concurrent.ScheduledThreadPoolExecutor$DelayedWorkQueue.take(ScheduledThreadPoolExecutor.java:809)
        at java.util.concurrent.ThreadPoolExecutor.getTask(ThreadPoolExecutor.java:1074)
        at java.util.concurrent.ThreadPoolExecutor.runWorker(ThreadPoolExecutor.java:1134)
        at java.util.concurrent.ThreadPoolExecutor$Worker.run(ThreadPoolExecutor.java:624)
        at java.lang.Thread.run(Thread.java:750)
"pool-2532-thread-1"  prio=5 tid=5440 in Object.wait()
java.lang.Thread.State: WAITING (on object monitor)
        at sun.misc.Unsafe.park(Native Method)
        at java.util.concurrent.locks.LockSupport.park(LockSupport.java:175)
        at java.util.concurrent.locks.AbstractQueuedSynchronizer$ConditionObject.await(AbstractQueuedSynchronizer.java:2039)
        at java.util.concurrent.LinkedBlockingQueue.take(LinkedBlockingQueue.java:442)
        at java.util.concurrent.ThreadPoolExecutor.getTask(ThreadPoolExecutor.java:1074)
        at java.util.concurrent.ThreadPoolExecutor.runWorker(ThreadPoolExecutor.java:1134)
        at java.util.concurrent.ThreadPoolExecutor$Worker.run(ThreadPoolExecutor.java:624)
        at java.lang.Thread.run(Thread.java:750)
"FixedThreadPoolWithAffinityExecutor-0-0" daemon prio=5 tid=4754 timed_waiting
java.lang.Thread.State: TIMED_WAITING
        at sun.misc.Unsafe.park(Native Method)
        at java.util.concurrent.locks.LockSupport.parkNanos(LockSupport.java:215)
        at java.util.concurrent.locks.AbstractQueuedSynchronizer$ConditionObject.awaitNanos(AbstractQueuedSynchronizer.java:2078)
        at java.util.concurrent.LinkedBlockingQueue.poll(LinkedBlockingQueue.java:467)
        at org.apache.hadoop.hdds.scm.server.ContainerReportQueue.poll(ContainerReportQueue.java:266)
        at org.apache.hadoop.hdds.scm.server.ContainerReportQueue.poll(ContainerReportQueue.java:42)
        at org.apache.hadoop.hdds.server.events.FixedThreadPoolWithAffinityExecutor$ContainerReportProcessTask.run(FixedThreadPoolWithAffinityExecutor.java:248)
        at java.util.concurrent.Executors$RunnableAdapter.call(Executors.java:511)
        at java.util.concurrent.FutureTask.run(FutureTask.java:266)
        at java.util.concurrent.ThreadPoolExecutor.runWorker(ThreadPoolExecutor.java:1149)
        at java.util.concurrent.ThreadPoolExecutor$Worker.run(ThreadPoolExecutor.java:624)
        at java.lang.Thread.run(Thread.java:750)
"EndpointStateMachine task thread for /0.0.0.0:41341 - 0 "  prio=5 tid=4372 in Object.wait()
java.lang.Thread.State: WAITING (on object monitor)
        at sun.misc.Unsafe.park(Native Method)
        at java.util.concurrent.locks.LockSupport.park(LockSupport.java:175)
        at java.util.concurrent.locks.AbstractQueuedSynchronizer$ConditionObject.await(AbstractQueuedSynchronizer.java:2039)
        at java.util.concurrent.LinkedBlockingQueue.take(LinkedBlockingQueue.java:442)
        at java.util.concurrent.ThreadPoolExecutor.getTask(ThreadPoolExecutor.java:1074)
        at java.util.concurrent.ThreadPoolExecutor.runWorker(ThreadPoolExecutor.java:1134)
        at java.util.concurrent.ThreadPoolExecutor$Worker.run(ThreadPoolExecutor.java:624)
        at java.lang.Thread.run(Thread.java:750)
"ChunkWriter-2-0" daemon prio=5 tid=4293 in Object.wait()
java.lang.Thread.State: WAITING (on object monitor)
        at sun.misc.Unsafe.park(Native Method)
        at java.util.concurrent.locks.LockSupport.park(LockSupport.java:175)
        at java.util.concurrent.locks.AbstractQueuedSynchronizer$ConditionObject.await(AbstractQueuedSynchronizer.java:2039)
        at java.util.concurrent.LinkedBlockingDeque.takeFirst(LinkedBlockingDeque.java:492)
        at java.util.concurrent.LinkedBlockingDeque.take(LinkedBlockingDeque.java:680)
        at java.util.concurrent.ThreadPoolExecutor.getTask(ThreadPoolExecutor.java:1074)
        at java.util.concurrent.ThreadPoolExecutor.runWorker(ThreadPoolExecutor.java:1134)
        at java.util.concurrent.ThreadPoolExecutor$Worker.run(ThreadPoolExecutor.java:624)
        at java.lang.Thread.run(Thread.java:750)
"IPC Server handler 6 on default port 36157" daemon prio=5 tid=5554 timed_waiting
java.lang.Thread.State: TIMED_WAITING
        at sun.misc.Unsafe.park(Native Method)
        at java.util.concurrent.locks.LockSupport.parkNanos(LockSupport.java:215)
        at java.util.concurrent.locks.AbstractQueuedSynchronizer$ConditionObject.awaitNanos(AbstractQueuedSynchronizer.java:2078)
        at java.util.concurrent.LinkedBlockingQueue.poll(LinkedBlockingQueue.java:467)
        at org.apache.hadoop.ipc.CallQueueManager.take(CallQueueManager.java:317)
        at org.apache.hadoop.ipc.Server$Handler.run(Server.java:2942)
"Periodic HDDS volume checker" daemon prio=5 tid=5168 timed_waiting
java.lang.Thread.State: TIMED_WAITING
        at sun.misc.Unsafe.park(Native Method)
        at java.util.concurrent.locks.LockSupport.parkNanos(LockSupport.java:215)
        at java.util.concurrent.locks.AbstractQueuedSynchronizer$ConditionObject.awaitNanos(AbstractQueuedSynchronizer.java:2078)
        at java.util.concurrent.ScheduledThreadPoolExecutor$DelayedWorkQueue.take(ScheduledThreadPoolExecutor.java:1093)
        at java.util.concurrent.ScheduledThreadPoolExecutor$DelayedWorkQueue.take(ScheduledThreadPoolExecutor.java:809)
        at java.util.concurrent.ThreadPoolExecutor.getTask(ThreadPoolExecutor.java:1074)
        at java.util.concurrent.ThreadPoolExecutor.runWorker(ThreadPoolExecutor.java:1134)
        at java.util.concurrent.ThreadPoolExecutor$Worker.run(ThreadPoolExecutor.java:624)
        at java.lang.Thread.run(Thread.java:750)
"IPC Server handler 7 on default port 39657" daemon prio=5 tid=4964 timed_waiting
java.lang.Thread.State: TIMED_WAITING
        at sun.misc.Unsafe.park(Native Method)
        at java.util.concurrent.locks.LockSupport.parkNanos(LockSupport.java:215)
        at java.util.concurrent.locks.AbstractQueuedSynchronizer$ConditionObject.awaitNanos(AbstractQueuedSynchronizer.java:2078)
        at java.util.concurrent.LinkedBlockingQueue.poll(LinkedBlockingQueue.java:467)
        at org.apache.hadoop.ipc.CallQueueManager.take(CallQueueManager.java:317)
        at org.apache.hadoop.ipc.Server$Handler.run(Server.java:2942)
"qtp2095529297-5180" daemon prio=5 tid=5180 timed_waiting
java.lang.Thread.State: TIMED_WAITING
        at sun.misc.Unsafe.park(Native Method)
        at java.util.concurrent.locks.LockSupport.parkNanos(LockSupport.java:215)
        at java.util.concurrent.locks.AbstractQueuedSynchronizer$ConditionObject.awaitNanos(AbstractQueuedSynchronizer.java:2078)
        at org.eclipse.jetty.util.BlockingArrayQueue.poll(BlockingArrayQueue.java:382)
        at org.eclipse.jetty.util.thread.QueuedThreadPool$Runner.idleJobPoll(QueuedThreadPool.java:974)
        at org.eclipse.jetty.util.thread.QueuedThreadPool$Runner.run(QueuedThreadPool.java:1018)
        at java.lang.Thread.run(Thread.java:750)
"5f7ad737-403f-4287-b3fb-a8d838b89ff3-server-thread1" daemon prio=5 tid=3648 timed_waiting
java.lang.Thread.State: TIMED_WAITING
        at sun.misc.Unsafe.park(Native Method)
        at java.util.concurrent.locks.LockSupport.parkNanos(LockSupport.java:215)
        at java.util.concurrent.SynchronousQueue$TransferStack.awaitFulfill(SynchronousQueue.java:460)
        at java.util.concurrent.SynchronousQueue$TransferStack.transfer(SynchronousQueue.java:362)
        at java.util.concurrent.SynchronousQueue.poll(SynchronousQueue.java:941)
        at java.util.concurrent.ThreadPoolExecutor.getTask(ThreadPoolExecutor.java:1073)
        at java.util.concurrent.ThreadPoolExecutor.runWorker(ThreadPoolExecutor.java:1134)
        at java.util.concurrent.ThreadPoolExecutor$Worker.run(ThreadPoolExecutor.java:624)
        at java.lang.Thread.run(Thread.java:750)
"IPC Server handler 6 on default port 40433" daemon prio=5 tid=4816 timed_waiting
java.lang.Thread.State: TIMED_WAITING
        at sun.misc.Unsafe.park(Native Method)
        at java.util.concurrent.locks.LockSupport.parkNanos(LockSupport.java:215)
        at java.util.concurrent.locks.AbstractQueuedSynchronizer$ConditionObject.awaitNanos(AbstractQueuedSynchronizer.java:2078)
        at java.util.concurrent.LinkedBlockingQueue.poll(LinkedBlockingQueue.java:467)
        at org.apache.hadoop.ipc.CallQueueManager.take(CallQueueManager.java:317)
        at org.apache.hadoop.ipc.Server$Handler.run(Server.java:2942)
"IPC Server handler 8 on default port 41341" daemon prio=5 tid=3812 timed_waiting
java.lang.Thread.State: TIMED_WAITING
        at sun.misc.Unsafe.park(Native Method)
        at java.util.concurrent.locks.LockSupport.parkNanos(LockSupport.java:215)
        at java.util.concurrent.locks.AbstractQueuedSynchronizer$ConditionObject.awaitNanos(AbstractQueuedSynchronizer.java:2078)
        at java.util.concurrent.LinkedBlockingQueue.poll(LinkedBlockingQueue.java:467)
        at org.apache.hadoop.ipc.CallQueueManager.take(CallQueueManager.java:317)
        at org.apache.hadoop.ipc.Server$Handler.run(Server.java:2942)
"qtp377899364-4330-acceptor-0@57e6ab57-ServerConnector@5467572c{HTTP/1.1, (http/1.1)}{0.0.0.0:38389}" daemon prio=3 tid=4330 runnable
java.lang.Thread.State: RUNNABLE
        at sun.nio.ch.ServerSocketChannelImpl.accept0(Native Method)
        at sun.nio.ch.ServerSocketChannelImpl.accept(ServerSocketChannelImpl.java:421)
        at sun.nio.ch.ServerSocketChannelImpl.accept(ServerSocketChannelImpl.java:249)
        at org.eclipse.jetty.server.ServerConnector.accept(ServerConnector.java:388)
        at org.eclipse.jetty.server.AbstractConnector$Acceptor.run(AbstractConnector.java:704)
        at org.eclipse.jetty.util.thread.QueuedThreadPool.runJob(QueuedThreadPool.java:883)
        at org.eclipse.jetty.util.thread.QueuedThreadPool$Runner.run(QueuedThreadPool.java:1034)
        at java.lang.Thread.run(Thread.java:750)
"Session-HouseKeeper-7126744f-1"  prio=5 tid=3414 timed_waiting
java.lang.Thread.State: TIMED_WAITING
        at sun.misc.Unsafe.park(Native Method)
        at java.util.concurrent.locks.LockSupport.parkNanos(LockSupport.java:215)
        at java.util.concurrent.locks.AbstractQueuedSynchronizer$ConditionObject.awaitNanos(AbstractQueuedSynchronizer.java:2078)
        at java.util.concurrent.ScheduledThreadPoolExecutor$DelayedWorkQueue.take(ScheduledThreadPoolExecutor.java:1093)
        at java.util.concurrent.ScheduledThreadPoolExecutor$DelayedWorkQueue.take(ScheduledThreadPoolExecutor.java:809)
        at java.util.concurrent.ThreadPoolExecutor.getTask(ThreadPoolExecutor.java:1074)
        at java.util.concurrent.ThreadPoolExecutor.runWorker(ThreadPoolExecutor.java:1134)
        at java.util.concurrent.ThreadPoolExecutor$Worker.run(ThreadPoolExecutor.java:624)
        at java.lang.Thread.run(Thread.java:750)
"Datanode ReportManager Thread - 4" daemon prio=5 tid=5163 in Object.wait()
java.lang.Thread.State: WAITING (on object monitor)
        at sun.misc.Unsafe.park(Native Method)
        at java.util.concurrent.locks.LockSupport.park(LockSupport.java:175)
        at java.util.concurrent.locks.AbstractQueuedSynchronizer$ConditionObject.await(AbstractQueuedSynchronizer.java:2039)
        at java.util.concurrent.ScheduledThreadPoolExecutor$DelayedWorkQueue.take(ScheduledThreadPoolExecutor.java:1088)
        at java.util.concurrent.ScheduledThreadPoolExecutor$DelayedWorkQueue.take(ScheduledThreadPoolExecutor.java:809)
        at java.util.concurrent.ThreadPoolExecutor.getTask(ThreadPoolExecutor.java:1074)
        at java.util.concurrent.ThreadPoolExecutor.runWorker(ThreadPoolExecutor.java:1134)
        at java.util.concurrent.ThreadPoolExecutor$Worker.run(ThreadPoolExecutor.java:624)
        at java.lang.Thread.run(Thread.java:750)
"7bbf46ea-4d71-449c-a772-200386f308ce@group-F4C7C4DD09C1-StateMachineUpdater" daemon prio=5 tid=4521 timed_waiting
java.lang.Thread.State: TIMED_WAITING
        at sun.misc.Unsafe.park(Native Method)
        at java.util.concurrent.locks.LockSupport.parkNanos(LockSupport.java:215)
        at java.util.concurrent.CompletableFuture$Signaller.block(CompletableFuture.java:1709)
        at java.util.concurrent.ForkJoinPool.managedBlock(ForkJoinPool.java:3323)
        at java.util.concurrent.CompletableFuture.timedGet(CompletableFuture.java:1788)
        at java.util.concurrent.CompletableFuture.get(CompletableFuture.java:1928)
        at org.apache.ratis.util.AwaitForSignal.await(AwaitForSignal.java:56)
        at org.apache.ratis.server.impl.StateMachineUpdater.waitForCommit(StateMachineUpdater.java:207)
        at org.apache.ratis.server.impl.StateMachineUpdater.run(StateMachineUpdater.java:176)
        at java.lang.Thread.run(Thread.java:750)
"Datanode State Machine Task Thread - 1"  prio=5 tid=3441 in Object.wait()
java.lang.Thread.State: WAITING (on object monitor)
        at sun.misc.Unsafe.park(Native Method)
        at java.util.concurrent.locks.LockSupport.park(LockSupport.java:175)
        at java.util.concurrent.locks.AbstractQueuedSynchronizer$ConditionObject.await(AbstractQueuedSynchronizer.java:2039)
        at java.util.concurrent.LinkedBlockingQueue.take(LinkedBlockingQueue.java:442)
        at java.util.concurrent.ThreadPoolExecutor.getTask(ThreadPoolExecutor.java:1074)
        at java.util.concurrent.ThreadPoolExecutor.runWorker(ThreadPoolExecutor.java:1134)
        at java.util.concurrent.ThreadPoolExecutor$Worker.run(ThreadPoolExecutor.java:624)
        at java.lang.Thread.run(Thread.java:750)
"767ffbb5-8206-4017-b2eb-6858697bfab3@group-9C27DC43941B-LeaderStateImpl" daemon prio=5 tid=5606 timed_waiting
java.lang.Thread.State: TIMED_WAITING
        at sun.misc.Unsafe.park(Native Method)
        at java.util.concurrent.locks.LockSupport.parkNanos(LockSupport.java:215)
        at java.util.concurrent.locks.AbstractQueuedSynchronizer$ConditionObject.awaitNanos(AbstractQueuedSynchronizer.java:2078)
        at java.util.concurrent.ArrayBlockingQueue.poll(ArrayBlockingQueue.java:418)
        at org.apache.ratis.server.impl.LeaderStateImpl$EventQueue.poll(LeaderStateImpl.java:159)
        at org.apache.ratis.server.impl.LeaderStateImpl$EventProcessor.run(LeaderStateImpl.java:630)
"767ffbb5-8206-4017-b2eb-6858697bfab3@group-9C27DC43941B->5dd764d2-4196-4eea-b07c-aeebc5ccca01-GrpcLogAppender-LogAppenderDaemon" daemon prio=5 tid=5607 timed_waiting
java.lang.Thread.State: TIMED_WAITING
        at sun.misc.Unsafe.park(Native Method)
        at java.util.concurrent.locks.LockSupport.parkNanos(LockSupport.java:215)
        at java.util.concurrent.CompletableFuture$Signaller.block(CompletableFuture.java:1709)
        at java.util.concurrent.ForkJoinPool.managedBlock(ForkJoinPool.java:3323)
        at java.util.concurrent.CompletableFuture.timedGet(CompletableFuture.java:1788)
        at java.util.concurrent.CompletableFuture.get(CompletableFuture.java:1928)
        at org.apache.ratis.util.AwaitForSignal.await(AwaitForSignal.java:56)
        at org.apache.ratis.grpc.server.GrpcLogAppender.mayWait(GrpcLogAppender.java:198)
        at org.apache.ratis.grpc.server.GrpcLogAppender.run(GrpcLogAppender.java:148)
        at org.apache.ratis.server.leader.LogAppenderDaemon.run(LogAppenderDaemon.java:78)
        at org.apache.ratis.server.leader.LogAppenderDaemon$$Lambda$1074/1442786329.run(Unknown Source)
        at java.lang.Thread.run(Thread.java:750)
"PartialTableCache Cleanup Thread - 0" daemon prio=5 tid=4707 in Object.wait()
java.lang.Thread.State: WAITING (on object monitor)
        at sun.misc.Unsafe.park(Native Method)
        at java.util.concurrent.locks.LockSupport.park(LockSupport.java:175)
        at java.util.concurrent.locks.AbstractQueuedSynchronizer$ConditionObject.await(AbstractQueuedSynchronizer.java:2039)
        at java.util.concurrent.LinkedBlockingQueue.take(LinkedBlockingQueue.java:442)
        at java.util.concurrent.ThreadPoolExecutor.getTask(ThreadPoolExecutor.java:1074)
        at java.util.concurrent.ThreadPoolExecutor.runWorker(ThreadPoolExecutor.java:1134)
        at java.util.concurrent.ThreadPoolExecutor$Worker.run(ThreadPoolExecutor.java:624)
        at java.lang.Thread.run(Thread.java:750)
"qtp1166429822-3992" daemon prio=5 tid=3992 timed_waiting
java.lang.Thread.State: TIMED_WAITING
        at sun.misc.Unsafe.park(Native Method)
        at java.util.concurrent.locks.LockSupport.parkNanos(LockSupport.java:215)
        at java.util.concurrent.locks.AbstractQueuedSynchronizer$ConditionObject.awaitNanos(AbstractQueuedSynchronizer.java:2078)
        at org.eclipse.jetty.util.BlockingArrayQueue.poll(BlockingArrayQueue.java:382)
        at org.eclipse.jetty.util.thread.QueuedThreadPool$Runner.idleJobPoll(QueuedThreadPool.java:974)
        at org.eclipse.jetty.util.thread.QueuedThreadPool$Runner.run(QueuedThreadPool.java:1018)
        at java.lang.Thread.run(Thread.java:750)
"05162e35-21c4-4960-8615-08a05e9f4f1b@group-7A1025609D74-StateMachineUpdater" daemon prio=5 tid=4458 timed_waiting
java.lang.Thread.State: TIMED_WAITING
        at sun.misc.Unsafe.park(Native Method)
        at java.util.concurrent.locks.LockSupport.parkNanos(LockSupport.java:215)
        at java.util.concurrent.CompletableFuture$Signaller.block(CompletableFuture.java:1709)
        at java.util.concurrent.ForkJoinPool.managedBlock(ForkJoinPool.java:3323)
        at java.util.concurrent.CompletableFuture.timedGet(CompletableFuture.java:1788)
        at java.util.concurrent.CompletableFuture.get(CompletableFuture.java:1928)
        at org.apache.ratis.util.AwaitForSignal.await(AwaitForSignal.java:56)
        at org.apache.ratis.server.impl.StateMachineUpdater.waitForCommit(StateMachineUpdater.java:207)
        at org.apache.ratis.server.impl.StateMachineUpdater.run(StateMachineUpdater.java:176)
        at java.lang.Thread.run(Thread.java:750)
"IPC Parameter Sending Thread #0" daemon prio=5 tid=125 timed_waiting
java.lang.Thread.State: TIMED_WAITING
        at sun.misc.Unsafe.park(Native Method)
        at java.util.concurrent.locks.LockSupport.parkNanos(LockSupport.java:215)
        at java.util.concurrent.SynchronousQueue$TransferStack.awaitFulfill(SynchronousQueue.java:460)
        at java.util.concurrent.SynchronousQueue$TransferStack.transfer(SynchronousQueue.java:362)
        at java.util.concurrent.SynchronousQueue.poll(SynchronousQueue.java:941)
        at java.util.concurrent.ThreadPoolExecutor.getTask(ThreadPoolExecutor.java:1073)
        at java.util.concurrent.ThreadPoolExecutor.runWorker(ThreadPoolExecutor.java:1134)
        at java.util.concurrent.ThreadPoolExecutor$Worker.run(ThreadPoolExecutor.java:624)
        at java.lang.Thread.run(Thread.java:750)
"qtp1419576172-4836-acceptor-0@7ce3e4dc-ServerConnector@685c60d0{HTTP/1.1, (http/1.1)}{0.0.0.0:34037}" daemon prio=3 tid=4836 runnable
java.lang.Thread.State: RUNNABLE
        at sun.nio.ch.ServerSocketChannelImpl.accept0(Native Method)
        at sun.nio.ch.ServerSocketChannelImpl.accept(ServerSocketChannelImpl.java:421)
        at sun.nio.ch.ServerSocketChannelImpl.accept(ServerSocketChannelImpl.java:249)
        at org.eclipse.jetty.server.ServerConnector.accept(ServerConnector.java:388)
        at org.eclipse.jetty.server.AbstractConnector$Acceptor.run(AbstractConnector.java:704)
        at org.eclipse.jetty.util.thread.QueuedThreadPool.runJob(QueuedThreadPool.java:883)
        at org.eclipse.jetty.util.thread.QueuedThreadPool$Runner.run(QueuedThreadPool.java:1034)
        at java.lang.Thread.run(Thread.java:750)
"PartialTableCache Cleanup Thread - 0" daemon prio=5 tid=2901 in Object.wait()
java.lang.Thread.State: WAITING (on object monitor)
        at sun.misc.Unsafe.park(Native Method)
        at java.util.concurrent.locks.LockSupport.park(LockSupport.java:175)
        at java.util.concurrent.locks.AbstractQueuedSynchronizer$ConditionObject.await(AbstractQueuedSynchronizer.java:2039)
        at java.util.concurrent.LinkedBlockingQueue.take(LinkedBlockingQueue.java:442)
        at java.util.concurrent.ThreadPoolExecutor.getTask(ThreadPoolExecutor.java:1074)
        at java.util.concurrent.ThreadPoolExecutor.runWorker(ThreadPoolExecutor.java:1134)
        at java.util.concurrent.ThreadPoolExecutor$Worker.run(ThreadPoolExecutor.java:624)
        at java.lang.Thread.run(Thread.java:750)
"Socket Reader #1 for port 0"  prio=5 tid=4936 runnable
java.lang.Thread.State: RUNNABLE
        at sun.nio.ch.EPollArrayWrapper.epollWait(Native Method)
        at sun.nio.ch.EPollArrayWrapper.poll(EPollArrayWrapper.java:269)
        at sun.nio.ch.EPollSelectorImpl.doSelect(EPollSelectorImpl.java:93)
        at sun.nio.ch.SelectorImpl.lockAndDoSelect(SelectorImpl.java:86)
        at sun.nio.ch.SelectorImpl.select(SelectorImpl.java:97)
        at sun.nio.ch.SelectorImpl.select(SelectorImpl.java:101)
        at org.apache.hadoop.ipc.Server$Listener$Reader.doRunLoop(Server.java:1296)
        at org.apache.hadoop.ipc.Server$Listener$Reader.run(Server.java:1275)
"EndpointStateMachine task thread for /0.0.0.0:36157 - 0 "  prio=5 tid=3530 in Object.wait()
java.lang.Thread.State: WAITING (on object monitor)
        at sun.misc.Unsafe.park(Native Method)
        at java.util.concurrent.locks.LockSupport.park(LockSupport.java:175)
        at java.util.concurrent.locks.AbstractQueuedSynchronizer$ConditionObject.await(AbstractQueuedSynchronizer.java:2039)
        at java.util.concurrent.LinkedBlockingQueue.take(LinkedBlockingQueue.java:442)
        at java.util.concurrent.ThreadPoolExecutor.getTask(ThreadPoolExecutor.java:1074)
        at java.util.concurrent.ThreadPoolExecutor.runWorker(ThreadPoolExecutor.java:1134)
        at java.util.concurrent.ThreadPoolExecutor$Worker.run(ThreadPoolExecutor.java:624)
        at java.lang.Thread.run(Thread.java:750)
"Session-HouseKeeper-4c8fd1d6-1"  prio=5 tid=4071 timed_waiting
java.lang.Thread.State: TIMED_WAITING
        at sun.misc.Unsafe.park(Native Method)
        at java.util.concurrent.locks.LockSupport.parkNanos(LockSupport.java:215)
        at java.util.concurrent.locks.AbstractQueuedSynchronizer$ConditionObject.awaitNanos(AbstractQueuedSynchronizer.java:2078)
        at java.util.concurrent.ScheduledThreadPoolExecutor$DelayedWorkQueue.take(ScheduledThreadPoolExecutor.java:1093)
        at java.util.concurrent.ScheduledThreadPoolExecutor$DelayedWorkQueue.take(ScheduledThreadPoolExecutor.java:809)
        at java.util.concurrent.ThreadPoolExecutor.getTask(ThreadPoolExecutor.java:1074)
        at java.util.concurrent.ThreadPoolExecutor.runWorker(ThreadPoolExecutor.java:1134)
        at java.util.concurrent.ThreadPoolExecutor$Worker.run(ThreadPoolExecutor.java:624)
        at java.lang.Thread.run(Thread.java:750)
"Timer for 'StorageContainerManager' metrics system" daemon prio=5 tid=5505 timed_waiting
java.lang.Thread.State: TIMED_WAITING
        at java.lang.Object.wait(Native Method)
        at java.util.TimerThread.mainLoop(Timer.java:552)
        at java.util.TimerThread.run(Timer.java:505)
"EndpointStateMachine task thread for /0.0.0.0:36157 - 0 "  prio=5 tid=3548 in Object.wait()
java.lang.Thread.State: WAITING (on object monitor)
        at sun.misc.Unsafe.park(Native Method)
        at java.util.concurrent.locks.LockSupport.park(LockSupport.java:175)
        at java.util.concurrent.locks.AbstractQueuedSynchronizer$ConditionObject.await(AbstractQueuedSynchronizer.java:2039)
        at java.util.concurrent.LinkedBlockingQueue.take(LinkedBlockingQueue.java:442)
        at java.util.concurrent.ThreadPoolExecutor.getTask(ThreadPoolExecutor.java:1074)
        at java.util.concurrent.ThreadPoolExecutor.runWorker(ThreadPoolExecutor.java:1134)
        at java.util.concurrent.ThreadPoolExecutor$Worker.run(ThreadPoolExecutor.java:624)
        at java.lang.Thread.run(Thread.java:750)
"FixedThreadPoolWithAffinityExecutor-8-0" daemon prio=5 tid=4762 timed_waiting
java.lang.Thread.State: TIMED_WAITING
        at sun.misc.Unsafe.park(Native Method)
        at java.util.concurrent.locks.LockSupport.parkNanos(LockSupport.java:215)
        at java.util.concurrent.locks.AbstractQueuedSynchronizer$ConditionObject.awaitNanos(AbstractQueuedSynchronizer.java:2078)
        at java.util.concurrent.LinkedBlockingQueue.poll(LinkedBlockingQueue.java:467)
        at org.apache.hadoop.hdds.scm.server.ContainerReportQueue.poll(ContainerReportQueue.java:266)
        at org.apache.hadoop.hdds.scm.server.ContainerReportQueue.poll(ContainerReportQueue.java:42)
        at org.apache.hadoop.hdds.server.events.FixedThreadPoolWithAffinityExecutor$ContainerReportProcessTask.run(FixedThreadPoolWithAffinityExecutor.java:248)
        at java.util.concurrent.Executors$RunnableAdapter.call(Executors.java:511)
        at java.util.concurrent.FutureTask.run(FutureTask.java:266)
        at java.util.concurrent.ThreadPoolExecutor.runWorker(ThreadPoolExecutor.java:1149)
        at java.util.concurrent.ThreadPoolExecutor$Worker.run(ThreadPoolExecutor.java:624)
        at java.lang.Thread.run(Thread.java:750)
"BlockDeletingService#0" daemon prio=5 tid=3471 in Object.wait()
java.lang.Thread.State: WAITING (on object monitor)
        at sun.misc.Unsafe.park(Native Method)
        at java.util.concurrent.locks.LockSupport.park(LockSupport.java:175)
        at java.util.concurrent.locks.AbstractQueuedSynchronizer$ConditionObject.await(AbstractQueuedSynchronizer.java:2039)
        at java.util.concurrent.ScheduledThreadPoolExecutor$DelayedWorkQueue.take(ScheduledThreadPoolExecutor.java:1088)
        at java.util.concurrent.ScheduledThreadPoolExecutor$DelayedWorkQueue.take(ScheduledThreadPoolExecutor.java:809)
        at java.util.concurrent.ThreadPoolExecutor.getTask(ThreadPoolExecutor.java:1074)
        at java.util.concurrent.ThreadPoolExecutor.runWorker(ThreadPoolExecutor.java:1134)
        at java.util.concurrent.ThreadPoolExecutor$Worker.run(ThreadPoolExecutor.java:624)
        at java.lang.Thread.run(Thread.java:750)
"BlockDeletingService#1" daemon prio=5 tid=5215 in Object.wait()
java.lang.Thread.State: WAITING (on object monitor)
        at sun.misc.Unsafe.park(Native Method)
        at java.util.concurrent.locks.LockSupport.park(LockSupport.java:175)
        at java.util.concurrent.locks.AbstractQueuedSynchronizer$ConditionObject.await(AbstractQueuedSynchronizer.java:2039)
        at java.util.concurrent.ScheduledThreadPoolExecutor$DelayedWorkQueue.take(ScheduledThreadPoolExecutor.java:1088)
        at java.util.concurrent.ScheduledThreadPoolExecutor$DelayedWorkQueue.take(ScheduledThreadPoolExecutor.java:809)
        at java.util.concurrent.ThreadPoolExecutor.getTask(ThreadPoolExecutor.java:1074)
        at java.util.concurrent.ThreadPoolExecutor.runWorker(ThreadPoolExecutor.java:1134)
        at java.util.concurrent.ThreadPoolExecutor$Worker.run(ThreadPoolExecutor.java:624)
        at java.lang.Thread.run(Thread.java:750)
"qtp336816364-4996" daemon prio=5 tid=4996 runnable
java.lang.Thread.State: RUNNABLE
        at sun.nio.ch.EPollArrayWrapper.epollWait(Native Method)
        at sun.nio.ch.EPollArrayWrapper.poll(EPollArrayWrapper.java:269)
        at sun.nio.ch.EPollSelectorImpl.doSelect(EPollSelectorImpl.java:93)
        at sun.nio.ch.SelectorImpl.lockAndDoSelect(SelectorImpl.java:86)
        at sun.nio.ch.SelectorImpl.select(SelectorImpl.java:97)
        at sun.nio.ch.SelectorImpl.select(SelectorImpl.java:101)
        at org.eclipse.jetty.io.ManagedSelector.nioSelect(ManagedSelector.java:183)
        at org.eclipse.jetty.io.ManagedSelector.select(ManagedSelector.java:190)
        at org.eclipse.jetty.io.ManagedSelector$SelectorProducer.select(ManagedSelector.java:606)
        at org.eclipse.jetty.io.ManagedSelector$SelectorProducer.produce(ManagedSelector.java:543)
        at org.eclipse.jetty.util.thread.strategy.EatWhatYouKill.produceTask(EatWhatYouKill.java:362)
        at org.eclipse.jetty.util.thread.strategy.EatWhatYouKill.doProduce(EatWhatYouKill.java:186)
        at org.eclipse.jetty.util.thread.strategy.EatWhatYouKill.tryProduce(EatWhatYouKill.java:173)
        at org.eclipse.jetty.util.thread.strategy.EatWhatYouKill.produce(EatWhatYouKill.java:137)
        at org.eclipse.jetty.io.ManagedSelector$$Lambda$480/1445512345.run(Unknown Source)
        at org.eclipse.jetty.util.thread.QueuedThreadPool.runJob(QueuedThreadPool.java:883)
        at org.eclipse.jetty.util.thread.QueuedThreadPool$Runner.run(QueuedThreadPool.java:1034)
        at java.lang.Thread.run(Thread.java:750)
"IPC Server handler 19 on default port 45833" daemon prio=5 tid=3261 timed_waiting
java.lang.Thread.State: TIMED_WAITING
        at sun.misc.Unsafe.park(Native Method)
        at java.util.concurrent.locks.LockSupport.parkNanos(LockSupport.java:215)
        at java.util.concurrent.locks.AbstractQueuedSynchronizer$ConditionObject.awaitNanos(AbstractQueuedSynchronizer.java:2078)
        at java.util.concurrent.LinkedBlockingQueue.poll(LinkedBlockingQueue.java:467)
        at org.apache.hadoop.ipc.CallQueueManager.take(CallQueueManager.java:317)
        at org.apache.hadoop.ipc.Server$Handler.run(Server.java:2942)
"ea04acba-2572-4ce4-bec1-b0e6c6418c45@group-01392E0384F1-StateMachineUpdater" daemon prio=5 tid=5465 timed_waiting
java.lang.Thread.State: TIMED_WAITING
        at sun.misc.Unsafe.park(Native Method)
        at java.util.concurrent.locks.LockSupport.parkNanos(LockSupport.java:215)
        at java.util.concurrent.CompletableFuture$Signaller.block(CompletableFuture.java:1709)
        at java.util.concurrent.ForkJoinPool.managedBlock(ForkJoinPool.java:3323)
        at java.util.concurrent.CompletableFuture.timedGet(CompletableFuture.java:1788)
        at java.util.concurrent.CompletableFuture.get(CompletableFuture.java:1928)
        at org.apache.ratis.util.AwaitForSignal.await(AwaitForSignal.java:56)
        at org.apache.ratis.server.impl.StateMachineUpdater.waitForCommit(StateMachineUpdater.java:207)
        at org.apache.ratis.server.impl.StateMachineUpdater.run(StateMachineUpdater.java:176)
        at java.lang.Thread.run(Thread.java:750)
"qtp1419576172-4840" daemon prio=5 tid=4840 timed_waiting
java.lang.Thread.State: TIMED_WAITING
        at sun.misc.Unsafe.park(Native Method)
        at java.util.concurrent.locks.LockSupport.parkNanos(LockSupport.java:215)
        at java.util.concurrent.locks.AbstractQueuedSynchronizer$ConditionObject.awaitNanos(AbstractQueuedSynchronizer.java:2078)
        at org.eclipse.jetty.util.BlockingArrayQueue.poll(BlockingArrayQueue.java:382)
        at org.eclipse.jetty.util.thread.QueuedThreadPool$Runner.idleJobPoll(QueuedThreadPool.java:974)
        at org.eclipse.jetty.util.thread.QueuedThreadPool$Runner.run(QueuedThreadPool.java:1018)
        at java.lang.Thread.run(Thread.java:750)
"qtp857619324-5026" daemon prio=5 tid=5026 timed_waiting
java.lang.Thread.State: TIMED_WAITING
        at sun.misc.Unsafe.park(Native Method)
        at java.util.concurrent.locks.LockSupport.parkNanos(LockSupport.java:215)
        at java.util.concurrent.locks.AbstractQueuedSynchronizer$ConditionObject.awaitNanos(AbstractQueuedSynchronizer.java:2078)
        at org.eclipse.jetty.util.BlockingArrayQueue.poll(BlockingArrayQueue.java:382)
        at org.eclipse.jetty.util.thread.QueuedThreadPool$Runner.idleJobPoll(QueuedThreadPool.java:974)
        at org.eclipse.jetty.util.thread.QueuedThreadPool$Runner.run(QueuedThreadPool.java:1018)
        at java.lang.Thread.run(Thread.java:750)
"OM StateMachine ApplyTransaction Thread - 0" daemon prio=5 tid=4704 in Object.wait()
java.lang.Thread.State: WAITING (on object monitor)
        at sun.misc.Unsafe.park(Native Method)
        at java.util.concurrent.locks.LockSupport.park(LockSupport.java:175)
        at java.util.concurrent.locks.AbstractQueuedSynchronizer$ConditionObject.await(AbstractQueuedSynchronizer.java:2039)
        at java.util.concurrent.LinkedBlockingQueue.take(LinkedBlockingQueue.java:442)
        at java.util.concurrent.ThreadPoolExecutor.getTask(ThreadPoolExecutor.java:1074)
        at java.util.concurrent.ThreadPoolExecutor.runWorker(ThreadPoolExecutor.java:1134)
        at java.util.concurrent.ThreadPoolExecutor$Worker.run(ThreadPoolExecutor.java:624)
        at java.lang.Thread.run(Thread.java:750)
"ec62b457-0040-4e07-85ab-e1dde9d29779@group-A0FC867C4483-StateMachineUpdater" daemon prio=5 tid=5428 timed_waiting
java.lang.Thread.State: TIMED_WAITING
        at sun.misc.Unsafe.park(Native Method)
        at java.util.concurrent.locks.LockSupport.parkNanos(LockSupport.java:215)
        at java.util.concurrent.CompletableFuture$Signaller.block(CompletableFuture.java:1709)
        at java.util.concurrent.ForkJoinPool.managedBlock(ForkJoinPool.java:3323)
        at java.util.concurrent.CompletableFuture.timedGet(CompletableFuture.java:1788)
        at java.util.concurrent.CompletableFuture.get(CompletableFuture.java:1928)
        at org.apache.ratis.util.AwaitForSignal.await(AwaitForSignal.java:56)
        at org.apache.ratis.server.impl.StateMachineUpdater.waitForCommit(StateMachineUpdater.java:207)
        at org.apache.ratis.server.impl.StateMachineUpdater.run(StateMachineUpdater.java:176)
        at java.lang.Thread.run(Thread.java:750)
"Command processor thread" daemon prio=5 tid=4248 timed_waiting
java.lang.Thread.State: TIMED_WAITING
        at java.lang.Thread.sleep(Native Method)
        at org.apache.hadoop.ozone.container.common.statemachine.DatanodeStateMachine.lambda$initCommandHandlerThread$3(DatanodeStateMachine.java:641)
        at org.apache.hadoop.ozone.container.common.statemachine.DatanodeStateMachine$$Lambda$787/339964609.run(Unknown Source)
        at java.lang.Thread.run(Thread.java:750)
"Under Replicated Processor" daemon prio=5 tid=4737 timed_waiting
java.lang.Thread.State: TIMED_WAITING
        at java.lang.Object.wait(Native Method)
        at org.apache.hadoop.hdds.scm.container.replication.UnderReplicatedProcessor.run(UnderReplicatedProcessor.java:148)
        at java.lang.Thread.run(Thread.java:750)
"BlockDeletingService#2" daemon prio=5 tid=4892 in Object.wait()
java.lang.Thread.State: WAITING (on object monitor)
        at sun.misc.Unsafe.park(Native Method)
        at java.util.concurrent.locks.LockSupport.park(LockSupport.java:175)
        at java.util.concurrent.locks.AbstractQueuedSynchronizer$ConditionObject.await(AbstractQueuedSynchronizer.java:2039)
        at java.util.concurrent.ScheduledThreadPoolExecutor$DelayedWorkQueue.take(ScheduledThreadPoolExecutor.java:1088)
        at java.util.concurrent.ScheduledThreadPoolExecutor$DelayedWorkQueue.take(ScheduledThreadPoolExecutor.java:809)
        at java.util.concurrent.ThreadPoolExecutor.getTask(ThreadPoolExecutor.java:1074)
        at java.util.concurrent.ThreadPoolExecutor.runWorker(ThreadPoolExecutor.java:1134)
        at java.util.concurrent.ThreadPoolExecutor$Worker.run(ThreadPoolExecutor.java:624)
        at java.lang.Thread.run(Thread.java:750)
"qtp97689361-3324" daemon prio=5 tid=3324 runnable
java.lang.Thread.State: RUNNABLE
        at sun.nio.ch.EPollArrayWrapper.epollWait(Native Method)
        at sun.nio.ch.EPollArrayWrapper.poll(EPollArrayWrapper.java:269)
        at sun.nio.ch.EPollSelectorImpl.doSelect(EPollSelectorImpl.java:93)
        at sun.nio.ch.SelectorImpl.lockAndDoSelect(SelectorImpl.java:86)
        at sun.nio.ch.SelectorImpl.select(SelectorImpl.java:97)
        at sun.nio.ch.SelectorImpl.select(SelectorImpl.java:101)
        at org.eclipse.jetty.io.ManagedSelector.nioSelect(ManagedSelector.java:183)
        at org.eclipse.jetty.io.ManagedSelector.select(ManagedSelector.java:190)
        at org.eclipse.jetty.io.ManagedSelector$SelectorProducer.select(ManagedSelector.java:606)
        at org.eclipse.jetty.io.ManagedSelector$SelectorProducer.produce(ManagedSelector.java:543)
        at org.eclipse.jetty.util.thread.strategy.EatWhatYouKill.produceTask(EatWhatYouKill.java:362)
        at org.eclipse.jetty.util.thread.strategy.EatWhatYouKill.doProduce(EatWhatYouKill.java:186)
        at org.eclipse.jetty.util.thread.strategy.EatWhatYouKill.tryProduce(EatWhatYouKill.java:173)
        at org.eclipse.jetty.util.thread.strategy.EatWhatYouKill.produce(EatWhatYouKill.java:137)
        at org.eclipse.jetty.io.ManagedSelector$$Lambda$480/1445512345.run(Unknown Source)
        at org.eclipse.jetty.util.thread.QueuedThreadPool.runJob(QueuedThreadPool.java:883)
        at org.eclipse.jetty.util.thread.QueuedThreadPool$Runner.run(QueuedThreadPool.java:1034)
        at java.lang.Thread.run(Thread.java:750)
"IPC Server handler 2 on default port 41341" daemon prio=5 tid=3806 timed_waiting
java.lang.Thread.State: TIMED_WAITING
        at sun.misc.Unsafe.park(Native Method)
        at java.util.concurrent.locks.LockSupport.parkNanos(LockSupport.java:215)
        at java.util.concurrent.locks.AbstractQueuedSynchronizer$ConditionObject.awaitNanos(AbstractQueuedSynchronizer.java:2078)
        at java.util.concurrent.LinkedBlockingQueue.poll(LinkedBlockingQueue.java:467)
        at org.apache.hadoop.ipc.CallQueueManager.take(CallQueueManager.java:317)
        at org.apache.hadoop.ipc.Server$Handler.run(Server.java:2942)
"e5184996-93a8-477c-b193-15e28d80a846-server-thread1" daemon prio=5 tid=4620 timed_waiting
java.lang.Thread.State: TIMED_WAITING
        at sun.misc.Unsafe.park(Native Method)
        at java.util.concurrent.locks.LockSupport.parkNanos(LockSupport.java:215)
        at java.util.concurrent.SynchronousQueue$TransferStack.awaitFulfill(SynchronousQueue.java:460)
        at java.util.concurrent.SynchronousQueue$TransferStack.transfer(SynchronousQueue.java:362)
        at java.util.concurrent.SynchronousQueue.poll(SynchronousQueue.java:941)
        at java.util.concurrent.ThreadPoolExecutor.getTask(ThreadPoolExecutor.java:1073)
        at java.util.concurrent.ThreadPoolExecutor.runWorker(ThreadPoolExecutor.java:1134)
        at java.util.concurrent.ThreadPoolExecutor$Worker.run(ThreadPoolExecutor.java:624)
        at java.lang.Thread.run(Thread.java:750)
"IPC Server handler 9 on default port 35159" daemon prio=5 tid=4779 timed_waiting
java.lang.Thread.State: TIMED_WAITING
        at sun.misc.Unsafe.park(Native Method)
        at java.util.concurrent.locks.LockSupport.parkNanos(LockSupport.java:215)
        at java.util.concurrent.locks.AbstractQueuedSynchronizer$ConditionObject.awaitNanos(AbstractQueuedSynchronizer.java:2078)
        at java.util.concurrent.LinkedBlockingQueue.poll(LinkedBlockingQueue.java:467)
        at org.apache.hadoop.ipc.CallQueueManager.take(CallQueueManager.java:317)
        at org.apache.hadoop.ipc.Server$Handler.run(Server.java:2942)
"IPC Server handler 7 on default port 41341" daemon prio=5 tid=3811 timed_waiting
java.lang.Thread.State: TIMED_WAITING
        at sun.misc.Unsafe.park(Native Method)
        at java.util.concurrent.locks.LockSupport.parkNanos(LockSupport.java:215)
        at java.util.concurrent.locks.AbstractQueuedSynchronizer$ConditionObject.awaitNanos(AbstractQueuedSynchronizer.java:2078)
        at java.util.concurrent.LinkedBlockingQueue.poll(LinkedBlockingQueue.java:467)
        at org.apache.hadoop.ipc.CallQueueManager.take(CallQueueManager.java:317)
        at org.apache.hadoop.ipc.Server$Handler.run(Server.java:2942)
"StaleRecoveringContainerScrubbingService#1" daemon prio=5 tid=5195 in Object.wait()
java.lang.Thread.State: WAITING (on object monitor)
        at sun.misc.Unsafe.park(Native Method)
        at java.util.concurrent.locks.LockSupport.park(LockSupport.java:175)
        at java.util.concurrent.locks.AbstractQueuedSynchronizer$ConditionObject.await(AbstractQueuedSynchronizer.java:2039)
        at java.util.concurrent.ScheduledThreadPoolExecutor$DelayedWorkQueue.take(ScheduledThreadPoolExecutor.java:1088)
        at java.util.concurrent.ScheduledThreadPoolExecutor$DelayedWorkQueue.take(ScheduledThreadPoolExecutor.java:809)
        at java.util.concurrent.ThreadPoolExecutor.getTask(ThreadPoolExecutor.java:1074)
        at java.util.concurrent.ThreadPoolExecutor.runWorker(ThreadPoolExecutor.java:1134)
        at java.util.concurrent.ThreadPoolExecutor$Worker.run(ThreadPoolExecutor.java:624)
        at java.lang.Thread.run(Thread.java:750)
"org.apache.hadoop.util.JvmPauseMonitor$Monitor@55b75817" daemon prio=5 tid=4249 timed_waiting
java.lang.Thread.State: TIMED_WAITING
        at java.lang.Thread.sleep(Native Method)
        at org.apache.hadoop.util.JvmPauseMonitor$Monitor.run(JvmPauseMonitor.java:192)
        at java.lang.Thread.run(Thread.java:750)
"IPC Server handler 1 on default port 36003" daemon prio=5 tid=4791 timed_waiting
java.lang.Thread.State: TIMED_WAITING
        at sun.misc.Unsafe.park(Native Method)
        at java.util.concurrent.locks.LockSupport.parkNanos(LockSupport.java:215)
        at java.util.concurrent.locks.AbstractQueuedSynchronizer$ConditionObject.awaitNanos(AbstractQueuedSynchronizer.java:2078)
        at java.util.concurrent.LinkedBlockingQueue.poll(LinkedBlockingQueue.java:467)
        at org.apache.hadoop.ipc.CallQueueManager.take(CallQueueManager.java:317)
        at org.apache.hadoop.ipc.Server$Handler.run(Server.java:2942)
"ChunkWriter-3-0" daemon prio=5 tid=4343 in Object.wait()
java.lang.Thread.State: WAITING (on object monitor)
        at sun.misc.Unsafe.park(Native Method)
        at java.util.concurrent.locks.LockSupport.park(LockSupport.java:175)
        at java.util.concurrent.locks.AbstractQueuedSynchronizer$ConditionObject.await(AbstractQueuedSynchronizer.java:2039)
        at java.util.concurrent.LinkedBlockingDeque.takeFirst(LinkedBlockingDeque.java:492)
        at java.util.concurrent.LinkedBlockingDeque.take(LinkedBlockingDeque.java:680)
        at java.util.concurrent.ThreadPoolExecutor.getTask(ThreadPoolExecutor.java:1074)
        at java.util.concurrent.ThreadPoolExecutor.runWorker(ThreadPoolExecutor.java:1134)
        at java.util.concurrent.ThreadPoolExecutor$Worker.run(ThreadPoolExecutor.java:624)
        at java.lang.Thread.run(Thread.java:750)
"qtp1138839318-3274" daemon prio=5 tid=3274 timed_waiting
java.lang.Thread.State: TIMED_WAITING
        at sun.misc.Unsafe.park(Native Method)
        at java.util.concurrent.locks.LockSupport.parkNanos(LockSupport.java:215)
        at java.util.concurrent.locks.AbstractQueuedSynchronizer$ConditionObject.awaitNanos(AbstractQueuedSynchronizer.java:2078)
        at org.eclipse.jetty.util.BlockingArrayQueue.poll(BlockingArrayQueue.java:382)
        at org.eclipse.jetty.util.thread.QueuedThreadPool$Runner.idleJobPoll(QueuedThreadPool.java:974)
        at org.eclipse.jetty.util.thread.QueuedThreadPool$Runner.run(QueuedThreadPool.java:1018)
        at java.lang.Thread.run(Thread.java:750)
"Datanode State Machine Daemon Thread" daemon prio=5 tid=3415 timed_waiting
java.lang.Thread.State: TIMED_WAITING
        at java.lang.Thread.sleep(Native Method)
        at org.apache.hadoop.ozone.container.common.statemachine.DatanodeStateMachine.startStateMachineThread(DatanodeStateMachine.java:321)
        at org.apache.hadoop.ozone.container.common.statemachine.DatanodeStateMachine.lambda$startDaemon$0(DatanodeStateMachine.java:506)
        at org.apache.hadoop.ozone.container.common.statemachine.DatanodeStateMachine$$Lambda$785/619018591.run(Unknown Source)
        at java.lang.Thread.run(Thread.java:750)
"Datanode ReportManager Thread - 2" daemon prio=5 tid=5161 in Object.wait()
java.lang.Thread.State: WAITING (on object monitor)
        at sun.misc.Unsafe.park(Native Method)
        at java.util.concurrent.locks.LockSupport.park(LockSupport.java:175)
        at java.util.concurrent.locks.AbstractQueuedSynchronizer$ConditionObject.await(AbstractQueuedSynchronizer.java:2039)
        at java.util.concurrent.ScheduledThreadPoolExecutor$DelayedWorkQueue.take(ScheduledThreadPoolExecutor.java:1088)
        at java.util.concurrent.ScheduledThreadPoolExecutor$DelayedWorkQueue.take(ScheduledThreadPoolExecutor.java:809)
        at java.util.concurrent.ThreadPoolExecutor.getTask(ThreadPoolExecutor.java:1074)
        at java.util.concurrent.ThreadPoolExecutor.runWorker(ThreadPoolExecutor.java:1134)
        at java.util.concurrent.ThreadPoolExecutor$Worker.run(ThreadPoolExecutor.java:624)
        at java.lang.Thread.run(Thread.java:750)
"IPC Server handler 8 on default port 45833" daemon prio=5 tid=3250 timed_waiting
java.lang.Thread.State: TIMED_WAITING
        at sun.misc.Unsafe.park(Native Method)
        at java.util.concurrent.locks.LockSupport.parkNanos(LockSupport.java:215)
        at java.util.concurrent.locks.AbstractQueuedSynchronizer$ConditionObject.awaitNanos(AbstractQueuedSynchronizer.java:2078)
        at java.util.concurrent.LinkedBlockingQueue.poll(LinkedBlockingQueue.java:467)
        at org.apache.hadoop.ipc.CallQueueManager.take(CallQueueManager.java:317)
        at org.apache.hadoop.ipc.Server$Handler.run(Server.java:2942)
"IPC Server handler 17 on default port 40433" daemon prio=5 tid=4827 timed_waiting
java.lang.Thread.State: TIMED_WAITING
        at sun.misc.Unsafe.park(Native Method)
        at java.util.concurrent.locks.LockSupport.parkNanos(LockSupport.java:215)
        at java.util.concurrent.locks.AbstractQueuedSynchronizer$ConditionObject.awaitNanos(AbstractQueuedSynchronizer.java:2078)
        at java.util.concurrent.LinkedBlockingQueue.poll(LinkedBlockingQueue.java:467)
        at org.apache.hadoop.ipc.CallQueueManager.take(CallQueueManager.java:317)
        at org.apache.hadoop.ipc.Server$Handler.run(Server.java:2942)
"StaleRecoveringContainerScrubbingService#2" daemon prio=5 tid=5656 in Object.wait()
java.lang.Thread.State: WAITING (on object monitor)
        at sun.misc.Unsafe.park(Native Method)
        at java.util.concurrent.locks.LockSupport.park(LockSupport.java:175)
        at java.util.concurrent.locks.AbstractQueuedSynchronizer$ConditionObject.await(AbstractQueuedSynchronizer.java:2039)
        at java.util.concurrent.ScheduledThreadPoolExecutor$DelayedWorkQueue.take(ScheduledThreadPoolExecutor.java:1088)
        at java.util.concurrent.ScheduledThreadPoolExecutor$DelayedWorkQueue.take(ScheduledThreadPoolExecutor.java:809)
        at java.util.concurrent.ThreadPoolExecutor.getTask(ThreadPoolExecutor.java:1074)
        at java.util.concurrent.ThreadPoolExecutor.runWorker(ThreadPoolExecutor.java:1134)
        at java.util.concurrent.ThreadPoolExecutor$Worker.run(ThreadPoolExecutor.java:624)
        at java.lang.Thread.run(Thread.java:750)
"Socket Reader #1 for port 36157"  prio=5 tid=5484 runnable
java.lang.Thread.State: RUNNABLE
        at sun.nio.ch.EPollArrayWrapper.epollWait(Native Method)
        at sun.nio.ch.EPollArrayWrapper.poll(EPollArrayWrapper.java:269)
        at sun.nio.ch.EPollSelectorImpl.doSelect(EPollSelectorImpl.java:93)
        at sun.nio.ch.SelectorImpl.lockAndDoSelect(SelectorImpl.java:86)
        at sun.nio.ch.SelectorImpl.select(SelectorImpl.java:97)
        at sun.nio.ch.SelectorImpl.select(SelectorImpl.java:101)
        at org.apache.hadoop.ipc.Server$Listener$Reader.doRunLoop(Server.java:1296)
        at org.apache.hadoop.ipc.Server$Listener$Reader.run(Server.java:1275)
"4f264252-b644-43b2-b39d-b880ca9b4753@group-62CE731D69B1-StateMachineUpdater" daemon prio=5 tid=4495 timed_waiting
java.lang.Thread.State: TIMED_WAITING
        at sun.misc.Unsafe.park(Native Method)
        at java.util.concurrent.locks.LockSupport.parkNanos(LockSupport.java:215)
        at java.util.concurrent.CompletableFuture$Signaller.block(CompletableFuture.java:1709)
        at java.util.concurrent.ForkJoinPool.managedBlock(ForkJoinPool.java:3323)
        at java.util.concurrent.CompletableFuture.timedGet(CompletableFuture.java:1788)
        at java.util.concurrent.CompletableFuture.get(CompletableFuture.java:1928)
        at org.apache.ratis.util.AwaitForSignal.await(AwaitForSignal.java:56)
        at org.apache.ratis.server.impl.StateMachineUpdater.waitForCommit(StateMachineUpdater.java:207)
        at org.apache.ratis.server.impl.StateMachineUpdater.run(StateMachineUpdater.java:176)
        at java.lang.Thread.run(Thread.java:750)
"b56e85ee-8e41-41ba-8236-410d8ae83499-impl-thread1"  prio=5 tid=5047 timed_waiting
java.lang.Thread.State: TIMED_WAITING
        at sun.misc.Unsafe.park(Native Method)
        at java.util.concurrent.locks.LockSupport.parkNanos(LockSupport.java:215)
        at java.util.concurrent.SynchronousQueue$TransferStack.awaitFulfill(SynchronousQueue.java:460)
        at java.util.concurrent.SynchronousQueue$TransferStack.transfer(SynchronousQueue.java:362)
        at java.util.concurrent.SynchronousQueue.poll(SynchronousQueue.java:941)
        at java.util.concurrent.ThreadPoolExecutor.getTask(ThreadPoolExecutor.java:1073)
        at java.util.concurrent.ThreadPoolExecutor.runWorker(ThreadPoolExecutor.java:1134)
        at java.util.concurrent.ThreadPoolExecutor$Worker.run(ThreadPoolExecutor.java:624)
        at java.lang.Thread.run(Thread.java:750)
"pool-2102-thread-1" daemon prio=5 tid=4286 timed_waiting
java.lang.Thread.State: TIMED_WAITING
        at sun.misc.Unsafe.park(Native Method)
        at java.util.concurrent.locks.LockSupport.parkNanos(LockSupport.java:215)
        at java.util.concurrent.locks.AbstractQueuedSynchronizer$ConditionObject.awaitNanos(AbstractQueuedSynchronizer.java:2078)
        at java.util.concurrent.ScheduledThreadPoolExecutor$DelayedWorkQueue.take(ScheduledThreadPoolExecutor.java:1093)
        at java.util.concurrent.ScheduledThreadPoolExecutor$DelayedWorkQueue.take(ScheduledThreadPoolExecutor.java:809)
        at java.util.concurrent.ThreadPoolExecutor.getTask(ThreadPoolExecutor.java:1074)
        at java.util.concurrent.ThreadPoolExecutor.runWorker(ThreadPoolExecutor.java:1134)
        at java.util.concurrent.ThreadPoolExecutor$Worker.run(ThreadPoolExecutor.java:624)
        at java.lang.Thread.run(Thread.java:750)
"EventQueue-OpenPipelineForHealthyPipelineSafeModeRule" daemon prio=5 tid=4455 in Object.wait()
java.lang.Thread.State: WAITING (on object monitor)
        at sun.misc.Unsafe.park(Native Method)
        at java.util.concurrent.locks.LockSupport.park(LockSupport.java:175)
        at java.util.concurrent.locks.AbstractQueuedSynchronizer$ConditionObject.await(AbstractQueuedSynchronizer.java:2039)
        at java.util.concurrent.LinkedBlockingQueue.take(LinkedBlockingQueue.java:442)
        at java.util.concurrent.ThreadPoolExecutor.getTask(ThreadPoolExecutor.java:1074)
        at java.util.concurrent.ThreadPoolExecutor.runWorker(ThreadPoolExecutor.java:1134)
        at java.util.concurrent.ThreadPoolExecutor$Worker.run(ThreadPoolExecutor.java:624)
        at java.lang.Thread.run(Thread.java:750)
"ChunkWriter-1-0" daemon prio=5 tid=4396 in Object.wait()
java.lang.Thread.State: WAITING (on object monitor)
        at sun.misc.Unsafe.park(Native Method)
        at java.util.concurrent.locks.LockSupport.park(LockSupport.java:175)
        at java.util.concurrent.locks.AbstractQueuedSynchronizer$ConditionObject.await(AbstractQueuedSynchronizer.java:2039)
        at java.util.concurrent.LinkedBlockingDeque.takeFirst(LinkedBlockingDeque.java:492)
        at java.util.concurrent.LinkedBlockingDeque.take(LinkedBlockingDeque.java:680)
        at java.util.concurrent.ThreadPoolExecutor.getTask(ThreadPoolExecutor.java:1074)
        at java.util.concurrent.ThreadPoolExecutor.runWorker(ThreadPoolExecutor.java:1134)
        at java.util.concurrent.ThreadPoolExecutor$Worker.run(ThreadPoolExecutor.java:624)
        at java.lang.Thread.run(Thread.java:750)
"IPC Server handler 7 on default port 34157" daemon prio=5 tid=4011 timed_waiting
java.lang.Thread.State: TIMED_WAITING
        at sun.misc.Unsafe.park(Native Method)
        at java.util.concurrent.locks.LockSupport.parkNanos(LockSupport.java:215)
        at java.util.concurrent.locks.AbstractQueuedSynchronizer$ConditionObject.awaitNanos(AbstractQueuedSynchronizer.java:2078)
        at java.util.concurrent.LinkedBlockingQueue.poll(LinkedBlockingQueue.java:467)
        at org.apache.hadoop.ipc.CallQueueManager.take(CallQueueManager.java:317)
        at org.apache.hadoop.ipc.Server$Handler.run(Server.java:2942)
"pool-1912-thread-1"  prio=5 tid=4062 timed_waiting
java.lang.Thread.State: TIMED_WAITING
        at sun.misc.Unsafe.park(Native Method)
        at java.util.concurrent.locks.LockSupport.parkNanos(LockSupport.java:215)
        at java.util.concurrent.locks.AbstractQueuedSynchronizer$ConditionObject.awaitNanos(AbstractQueuedSynchronizer.java:2078)
        at java.util.concurrent.ScheduledThreadPoolExecutor$DelayedWorkQueue.take(ScheduledThreadPoolExecutor.java:1093)
        at java.util.concurrent.ScheduledThreadPoolExecutor$DelayedWorkQueue.take(ScheduledThreadPoolExecutor.java:809)
        at java.util.concurrent.ThreadPoolExecutor.getTask(ThreadPoolExecutor.java:1074)
        at java.util.concurrent.ThreadPoolExecutor.runWorker(ThreadPoolExecutor.java:1134)
        at java.util.concurrent.ThreadPoolExecutor$Worker.run(ThreadPoolExecutor.java:624)
        at java.lang.Thread.run(Thread.java:750)
"StaleRecoveringContainerScrubbingService#0" daemon prio=5 tid=5193 timed_waiting
java.lang.Thread.State: TIMED_WAITING
        at sun.misc.Unsafe.park(Native Method)
        at java.util.concurrent.locks.LockSupport.parkNanos(LockSupport.java:215)
        at java.util.concurrent.locks.AbstractQueuedSynchronizer$ConditionObject.awaitNanos(AbstractQueuedSynchronizer.java:2078)
        at java.util.concurrent.ScheduledThreadPoolExecutor$DelayedWorkQueue.take(ScheduledThreadPoolExecutor.java:1093)
        at java.util.concurrent.ScheduledThreadPoolExecutor$DelayedWorkQueue.take(ScheduledThreadPoolExecutor.java:809)
        at java.util.concurrent.ThreadPoolExecutor.getTask(ThreadPoolExecutor.java:1074)
        at java.util.concurrent.ThreadPoolExecutor.runWorker(ThreadPoolExecutor.java:1134)
        at java.util.concurrent.ThreadPoolExecutor$Worker.run(ThreadPoolExecutor.java:624)
        at java.lang.Thread.run(Thread.java:750)
"timer4" daemon prio=5 tid=528 timed_waiting
java.lang.Thread.State: TIMED_WAITING
        at java.lang.Object.wait(Native Method)
        at java.util.TimerThread.mainLoop(Timer.java:552)
        at java.util.TimerThread.run(Timer.java:505)
"IPC Server handler 16 on default port 39603" daemon prio=5 tid=3778 timed_waiting
java.lang.Thread.State: TIMED_WAITING
        at sun.misc.Unsafe.park(Native Method)
        at java.util.concurrent.locks.LockSupport.parkNanos(LockSupport.java:215)
        at java.util.concurrent.locks.AbstractQueuedSynchronizer$ConditionObject.awaitNanos(AbstractQueuedSynchronizer.java:2078)
        at java.util.concurrent.LinkedBlockingQueue.poll(LinkedBlockingQueue.java:467)
        at org.apache.hadoop.ipc.CallQueueManager.take(CallQueueManager.java:317)
        at org.apache.hadoop.ipc.Server$Handler.run(Server.java:2942)
"IPC Server handler 2 on default port 36003" daemon prio=5 tid=4792 timed_waiting
java.lang.Thread.State: TIMED_WAITING
        at sun.misc.Unsafe.park(Native Method)
        at java.util.concurrent.locks.LockSupport.parkNanos(LockSupport.java:215)
        at java.util.concurrent.locks.AbstractQueuedSynchronizer$ConditionObject.awaitNanos(AbstractQueuedSynchronizer.java:2078)
        at java.util.concurrent.LinkedBlockingQueue.poll(LinkedBlockingQueue.java:467)
        at org.apache.hadoop.ipc.CallQueueManager.take(CallQueueManager.java:317)
        at org.apache.hadoop.ipc.Server$Handler.run(Server.java:2942)
"5f7ad737-403f-4287-b3fb-a8d838b89ff3@group-2D1F402832AD-StateMachineUpdater" daemon prio=5 tid=3579 timed_waiting
java.lang.Thread.State: TIMED_WAITING
        at sun.misc.Unsafe.park(Native Method)
        at java.util.concurrent.locks.LockSupport.parkNanos(LockSupport.java:215)
        at java.util.concurrent.CompletableFuture$Signaller.block(CompletableFuture.java:1709)
        at java.util.concurrent.ForkJoinPool.managedBlock(ForkJoinPool.java:3323)
        at java.util.concurrent.CompletableFuture.timedGet(CompletableFuture.java:1788)
        at java.util.concurrent.CompletableFuture.get(CompletableFuture.java:1928)
        at org.apache.ratis.util.AwaitForSignal.await(AwaitForSignal.java:56)
        at org.apache.ratis.server.impl.StateMachineUpdater.waitForCommit(StateMachineUpdater.java:207)
        at org.apache.ratis.server.impl.StateMachineUpdater.run(StateMachineUpdater.java:176)
        at java.lang.Thread.run(Thread.java:750)
"IPC Server handler 11 on default port 40433" daemon prio=5 tid=4821 timed_waiting
java.lang.Thread.State: TIMED_WAITING
        at sun.misc.Unsafe.park(Native Method)
        at java.util.concurrent.locks.LockSupport.parkNanos(LockSupport.java:215)
        at java.util.concurrent.locks.AbstractQueuedSynchronizer$ConditionObject.awaitNanos(AbstractQueuedSynchronizer.java:2078)
        at java.util.concurrent.LinkedBlockingQueue.poll(LinkedBlockingQueue.java:467)
        at org.apache.hadoop.ipc.CallQueueManager.take(CallQueueManager.java:317)
        at org.apache.hadoop.ipc.Server$Handler.run(Server.java:2942)
"qtp708458890-4234-acceptor-0@226d9736-ServerConnector@3bb3e388{HTTP/1.1, (http/1.1)}{0.0.0.0:45601}" daemon prio=3 tid=4234 runnable
java.lang.Thread.State: RUNNABLE
        at sun.nio.ch.ServerSocketChannelImpl.accept0(Native Method)
        at sun.nio.ch.ServerSocketChannelImpl.accept(ServerSocketChannelImpl.java:421)
        at sun.nio.ch.ServerSocketChannelImpl.accept(ServerSocketChannelImpl.java:249)
        at org.eclipse.jetty.server.ServerConnector.accept(ServerConnector.java:388)
        at org.eclipse.jetty.server.AbstractConnector$Acceptor.run(AbstractConnector.java:704)
        at org.eclipse.jetty.util.thread.QueuedThreadPool.runJob(QueuedThreadPool.java:883)
        at org.eclipse.jetty.util.thread.QueuedThreadPool$Runner.run(QueuedThreadPool.java:1034)
        at java.lang.Thread.run(Thread.java:750)
"BlockDeletingService#2" daemon prio=5 tid=5658 in Object.wait()
java.lang.Thread.State: WAITING (on object monitor)
        at sun.misc.Unsafe.park(Native Method)
        at java.util.concurrent.locks.LockSupport.park(LockSupport.java:175)
        at java.util.concurrent.locks.AbstractQueuedSynchronizer$ConditionObject.await(AbstractQueuedSynchronizer.java:2039)
        at java.util.concurrent.ScheduledThreadPoolExecutor$DelayedWorkQueue.take(ScheduledThreadPoolExecutor.java:1088)
        at java.util.concurrent.ScheduledThreadPoolExecutor$DelayedWorkQueue.take(ScheduledThreadPoolExecutor.java:809)
        at java.util.concurrent.ThreadPoolExecutor.getTask(ThreadPoolExecutor.java:1074)
        at java.util.concurrent.ThreadPoolExecutor.runWorker(ThreadPoolExecutor.java:1134)
        at java.util.concurrent.ThreadPoolExecutor$Worker.run(ThreadPoolExecutor.java:624)
        at java.lang.Thread.run(Thread.java:750)
"IPC Server handler 9 on default port 36003" daemon prio=5 tid=4799 timed_waiting
java.lang.Thread.State: TIMED_WAITING
        at sun.misc.Unsafe.park(Native Method)
        at java.util.concurrent.locks.LockSupport.parkNanos(LockSupport.java:215)
        at java.util.concurrent.locks.AbstractQueuedSynchronizer$ConditionObject.awaitNanos(AbstractQueuedSynchronizer.java:2078)
        at java.util.concurrent.LinkedBlockingQueue.poll(LinkedBlockingQueue.java:467)
        at org.apache.hadoop.ipc.CallQueueManager.take(CallQueueManager.java:317)
        at org.apache.hadoop.ipc.Server$Handler.run(Server.java:2942)
"ContainerOp-d03e4836-7d8d-4de7-87bd-2d1f402832ad-4"  prio=5 tid=4855 in Object.wait()
java.lang.Thread.State: WAITING (on object monitor)
        at sun.misc.Unsafe.park(Native Method)
        at java.util.concurrent.locks.LockSupport.park(LockSupport.java:175)
        at java.util.concurrent.locks.AbstractQueuedSynchronizer$ConditionObject.await(AbstractQueuedSynchronizer.java:2039)
        at java.util.concurrent.LinkedBlockingQueue.take(LinkedBlockingQueue.java:442)
        at java.util.concurrent.ThreadPoolExecutor.getTask(ThreadPoolExecutor.java:1074)
        at java.util.concurrent.ThreadPoolExecutor.runWorker(ThreadPoolExecutor.java:1134)
        at java.util.concurrent.ThreadPoolExecutor$Worker.run(ThreadPoolExecutor.java:624)
        at java.lang.Thread.run(Thread.java:750)
"IPC Server handler 12 on default port 34157" daemon prio=5 tid=4023 timed_waiting
java.lang.Thread.State: TIMED_WAITING
        at sun.misc.Unsafe.park(Native Method)
        at java.util.concurrent.locks.LockSupport.parkNanos(LockSupport.java:215)
        at java.util.concurrent.locks.AbstractQueuedSynchronizer$ConditionObject.awaitNanos(AbstractQueuedSynchronizer.java:2078)
        at java.util.concurrent.LinkedBlockingQueue.poll(LinkedBlockingQueue.java:467)
        at org.apache.hadoop.ipc.CallQueueManager.take(CallQueueManager.java:317)
        at org.apache.hadoop.ipc.Server$Handler.run(Server.java:2942)
"OpenKeyCleanupService#0" daemon prio=5 tid=3986 timed_waiting
java.lang.Thread.State: TIMED_WAITING
        at sun.misc.Unsafe.park(Native Method)
        at java.util.concurrent.locks.LockSupport.parkNanos(LockSupport.java:215)
        at java.util.concurrent.locks.AbstractQueuedSynchronizer$ConditionObject.awaitNanos(AbstractQueuedSynchronizer.java:2078)
        at java.util.concurrent.ScheduledThreadPoolExecutor$DelayedWorkQueue.take(ScheduledThreadPoolExecutor.java:1093)
        at java.util.concurrent.ScheduledThreadPoolExecutor$DelayedWorkQueue.take(ScheduledThreadPoolExecutor.java:809)
        at java.util.concurrent.ThreadPoolExecutor.getTask(ThreadPoolExecutor.java:1074)
        at java.util.concurrent.ThreadPoolExecutor.runWorker(ThreadPoolExecutor.java:1134)
        at java.util.concurrent.ThreadPoolExecutor$Worker.run(ThreadPoolExecutor.java:624)
        at java.lang.Thread.run(Thread.java:750)
"pool-1903-thread-1"  prio=5 tid=4454 in Object.wait()
java.lang.Thread.State: WAITING (on object monitor)
        at sun.misc.Unsafe.park(Native Method)
        at java.util.concurrent.locks.LockSupport.park(LockSupport.java:175)
        at java.util.concurrent.locks.AbstractQueuedSynchronizer$ConditionObject.await(AbstractQueuedSynchronizer.java:2039)
        at java.util.concurrent.LinkedBlockingQueue.take(LinkedBlockingQueue.java:442)
        at java.util.concurrent.ThreadPoolExecutor.getTask(ThreadPoolExecutor.java:1074)
        at java.util.concurrent.ThreadPoolExecutor.runWorker(ThreadPoolExecutor.java:1134)
        at java.util.concurrent.ThreadPoolExecutor$Worker.run(ThreadPoolExecutor.java:624)
        at java.lang.Thread.run(Thread.java:750)
"Timer-5"  prio=5 tid=3983 timed_waiting
java.lang.Thread.State: TIMED_WAITING
        at java.lang.Object.wait(Native Method)
        at java.util.TimerThread.mainLoop(Timer.java:552)
        at java.util.TimerThread.run(Timer.java:505)
"62944fc1-681b-46bd-93f7-2482762a7b31@group-AE848D27C9F4-StateMachineUpdater" daemon prio=5 tid=5240 timed_waiting
java.lang.Thread.State: TIMED_WAITING
        at sun.misc.Unsafe.park(Native Method)
        at java.util.concurrent.locks.LockSupport.parkNanos(LockSupport.java:215)
        at java.util.concurrent.CompletableFuture$Signaller.block(CompletableFuture.java:1709)
        at java.util.concurrent.ForkJoinPool.managedBlock(ForkJoinPool.java:3323)
        at java.util.concurrent.CompletableFuture.timedGet(CompletableFuture.java:1788)
        at java.util.concurrent.CompletableFuture.get(CompletableFuture.java:1928)
        at org.apache.ratis.util.AwaitForSignal.await(AwaitForSignal.java:56)
        at org.apache.ratis.server.impl.StateMachineUpdater.waitForCommit(StateMachineUpdater.java:207)
        at org.apache.ratis.server.impl.StateMachineUpdater.run(StateMachineUpdater.java:176)
        at java.lang.Thread.run(Thread.java:750)
"Datanode ReportManager Thread - 4" daemon prio=5 tid=3394 timed_waiting
java.lang.Thread.State: TIMED_WAITING
        at sun.misc.Unsafe.park(Native Method)
        at java.util.concurrent.locks.LockSupport.parkNanos(LockSupport.java:215)
        at java.util.concurrent.locks.AbstractQueuedSynchronizer$ConditionObject.awaitNanos(AbstractQueuedSynchronizer.java:2078)
        at java.util.concurrent.ScheduledThreadPoolExecutor$DelayedWorkQueue.take(ScheduledThreadPoolExecutor.java:1093)
        at java.util.concurrent.ScheduledThreadPoolExecutor$DelayedWorkQueue.take(ScheduledThreadPoolExecutor.java:809)
        at java.util.concurrent.ThreadPoolExecutor.getTask(ThreadPoolExecutor.java:1074)
        at java.util.concurrent.ThreadPoolExecutor.runWorker(ThreadPoolExecutor.java:1134)
        at java.util.concurrent.ThreadPoolExecutor$Worker.run(ThreadPoolExecutor.java:624)
        at java.lang.Thread.run(Thread.java:750)
"ChunkWriter-3-0" daemon prio=5 tid=3534 in Object.wait()
java.lang.Thread.State: WAITING (on object monitor)
        at sun.misc.Unsafe.park(Native Method)
        at java.util.concurrent.locks.LockSupport.park(LockSupport.java:175)
        at java.util.concurrent.locks.AbstractQueuedSynchronizer$ConditionObject.await(AbstractQueuedSynchronizer.java:2039)
        at java.util.concurrent.LinkedBlockingDeque.takeFirst(LinkedBlockingDeque.java:492)
        at java.util.concurrent.LinkedBlockingDeque.take(LinkedBlockingDeque.java:680)
        at java.util.concurrent.ThreadPoolExecutor.getTask(ThreadPoolExecutor.java:1074)
        at java.util.concurrent.ThreadPoolExecutor.runWorker(ThreadPoolExecutor.java:1134)
        at java.util.concurrent.ThreadPoolExecutor$Worker.run(ThreadPoolExecutor.java:624)
        at java.lang.Thread.run(Thread.java:750)
"BlockDeletingService#2" daemon prio=5 tid=5651 in Object.wait()
java.lang.Thread.State: WAITING (on object monitor)
        at sun.misc.Unsafe.park(Native Method)
        at java.util.concurrent.locks.LockSupport.park(LockSupport.java:175)
        at java.util.concurrent.locks.AbstractQueuedSynchronizer$ConditionObject.await(AbstractQueuedSynchronizer.java:2039)
        at java.util.concurrent.ScheduledThreadPoolExecutor$DelayedWorkQueue.take(ScheduledThreadPoolExecutor.java:1088)
        at java.util.concurrent.ScheduledThreadPoolExecutor$DelayedWorkQueue.take(ScheduledThreadPoolExecutor.java:809)
        at java.util.concurrent.ThreadPoolExecutor.getTask(ThreadPoolExecutor.java:1074)
        at java.util.concurrent.ThreadPoolExecutor.runWorker(ThreadPoolExecutor.java:1134)
        at java.util.concurrent.ThreadPoolExecutor$Worker.run(ThreadPoolExecutor.java:624)
        at java.lang.Thread.run(Thread.java:750)
"Periodic HDDS volume checker" daemon prio=5 tid=4989 timed_waiting
java.lang.Thread.State: TIMED_WAITING
        at sun.misc.Unsafe.park(Native Method)
        at java.util.concurrent.locks.LockSupport.parkNanos(LockSupport.java:215)
        at java.util.concurrent.locks.AbstractQueuedSynchronizer$ConditionObject.awaitNanos(AbstractQueuedSynchronizer.java:2078)
        at java.util.concurrent.ScheduledThreadPoolExecutor$DelayedWorkQueue.take(ScheduledThreadPoolExecutor.java:1093)
        at java.util.concurrent.ScheduledThreadPoolExecutor$DelayedWorkQueue.take(ScheduledThreadPoolExecutor.java:809)
        at java.util.concurrent.ThreadPoolExecutor.getTask(ThreadPoolExecutor.java:1074)
        at java.util.concurrent.ThreadPoolExecutor.runWorker(ThreadPoolExecutor.java:1134)
        at java.util.concurrent.ThreadPoolExecutor$Worker.run(ThreadPoolExecutor.java:624)
        at java.lang.Thread.run(Thread.java:750)
"qtp70197480-5054" daemon prio=5 tid=5054 timed_waiting
java.lang.Thread.State: TIMED_WAITING
        at sun.misc.Unsafe.park(Native Method)
        at java.util.concurrent.locks.LockSupport.parkNanos(LockSupport.java:215)
        at java.util.concurrent.locks.AbstractQueuedSynchronizer$ConditionObject.awaitNanos(AbstractQueuedSynchronizer.java:2078)
        at org.eclipse.jetty.util.BlockingArrayQueue.poll(BlockingArrayQueue.java:382)
        at org.eclipse.jetty.util.thread.QueuedThreadPool$Runner.idleJobPoll(QueuedThreadPool.java:974)
        at org.eclipse.jetty.util.thread.QueuedThreadPool$Runner.run(QueuedThreadPool.java:1018)
        at java.lang.Thread.run(Thread.java:750)
"IPC Server idle connection scanner for port 36157" daemon prio=5 tid=5485 timed_waiting
java.lang.Thread.State: TIMED_WAITING
        at java.lang.Object.wait(Native Method)
        at java.util.TimerThread.mainLoop(Timer.java:552)
        at java.util.TimerThread.run(Timer.java:505)
"IPC Server handler 11 on default port 39603" daemon prio=5 tid=3773 timed_waiting
java.lang.Thread.State: TIMED_WAITING
        at sun.misc.Unsafe.park(Native Method)
        at java.util.concurrent.locks.LockSupport.parkNanos(LockSupport.java:215)
        at java.util.concurrent.locks.AbstractQueuedSynchronizer$ConditionObject.awaitNanos(AbstractQueuedSynchronizer.java:2078)
        at java.util.concurrent.LinkedBlockingQueue.poll(LinkedBlockingQueue.java:467)
        at org.apache.hadoop.ipc.CallQueueManager.take(CallQueueManager.java:317)
        at org.apache.hadoop.ipc.Server$Handler.run(Server.java:2942)
"qtp973406047-4305" daemon prio=5 tid=4305 timed_waiting
java.lang.Thread.State: TIMED_WAITING
        at sun.misc.Unsafe.park(Native Method)
        at java.util.concurrent.locks.LockSupport.parkNanos(LockSupport.java:215)
        at java.util.concurrent.locks.AbstractQueuedSynchronizer$ConditionObject.awaitNanos(AbstractQueuedSynchronizer.java:2078)
        at org.eclipse.jetty.util.BlockingArrayQueue.poll(BlockingArrayQueue.java:382)
        at org.eclipse.jetty.util.thread.QueuedThreadPool$Runner.idleJobPoll(QueuedThreadPool.java:974)
        at org.eclipse.jetty.util.thread.QueuedThreadPool$Runner.run(QueuedThreadPool.java:1018)
        at java.lang.Thread.run(Thread.java:750)
"IPC Server handler 13 on default port 40433" daemon prio=5 tid=4823 timed_waiting
java.lang.Thread.State: TIMED_WAITING
        at sun.misc.Unsafe.park(Native Method)
        at java.util.concurrent.locks.LockSupport.parkNanos(LockSupport.java:215)
        at java.util.concurrent.locks.AbstractQueuedSynchronizer$ConditionObject.awaitNanos(AbstractQueuedSynchronizer.java:2078)
        at java.util.concurrent.LinkedBlockingQueue.poll(LinkedBlockingQueue.java:467)
        at org.apache.hadoop.ipc.CallQueueManager.take(CallQueueManager.java:317)
        at org.apache.hadoop.ipc.Server$Handler.run(Server.java:2942)
"Listener at 127.0.0.1/39657"  prio=5 tid=14 in Object.wait()
java.lang.Thread.State: WAITING (on object monitor)
        at sun.misc.Unsafe.park(Native Method)
        at java.util.concurrent.locks.LockSupport.park(LockSupport.java:175)
        at java.util.concurrent.locks.AbstractQueuedSynchronizer$ConditionObject.await(AbstractQueuedSynchronizer.java:2039)
        at java.util.concurrent.ArrayBlockingQueue.put(ArrayBlockingQueue.java:353)
        at org.apache.hadoop.ozone.MiniOzoneClusterProvider.lambda$createClusters$1(MiniOzoneClusterProvider.java:237)
        at org.apache.hadoop.ozone.MiniOzoneClusterProvider$$Lambda$340/1674403916.run(Unknown Source)
        at java.lang.Thread.run(Thread.java:750)
"ChunkWriter-3-0" daemon prio=5 tid=5151 in Object.wait()
java.lang.Thread.State: WAITING (on object monitor)
        at sun.misc.Unsafe.park(Native Method)
        at java.util.concurrent.locks.LockSupport.park(LockSupport.java:175)
        at java.util.concurrent.locks.AbstractQueuedSynchronizer$ConditionObject.await(AbstractQueuedSynchronizer.java:2039)
        at java.util.concurrent.LinkedBlockingDeque.takeFirst(LinkedBlockingDeque.java:492)
        at java.util.concurrent.LinkedBlockingDeque.take(LinkedBlockingDeque.java:680)
        at java.util.concurrent.ThreadPoolExecutor.getTask(ThreadPoolExecutor.java:1074)
        at java.util.concurrent.ThreadPoolExecutor.runWorker(ThreadPoolExecutor.java:1134)
        at java.util.concurrent.ThreadPoolExecutor$Worker.run(ThreadPoolExecutor.java:624)
        at java.lang.Thread.run(Thread.java:750)
"IPC Server handler 6 on default port 45267" daemon prio=5 tid=5514 timed_waiting
java.lang.Thread.State: TIMED_WAITING
        at sun.misc.Unsafe.park(Native Method)
        at java.util.concurrent.locks.LockSupport.parkNanos(LockSupport.java:215)
        at java.util.concurrent.locks.AbstractQueuedSynchronizer$ConditionObject.awaitNanos(AbstractQueuedSynchronizer.java:2078)
        at java.util.concurrent.LinkedBlockingQueue.poll(LinkedBlockingQueue.java:467)
        at org.apache.hadoop.ipc.CallQueueManager.take(CallQueueManager.java:317)
        at org.apache.hadoop.ipc.Server$Handler.run(Server.java:2942)
"Datanode ReportManager Thread - 3" daemon prio=5 tid=4085 in Object.wait()
java.lang.Thread.State: WAITING (on object monitor)
        at sun.misc.Unsafe.park(Native Method)
        at java.util.concurrent.locks.LockSupport.park(LockSupport.java:175)
        at java.util.concurrent.locks.AbstractQueuedSynchronizer$ConditionObject.await(AbstractQueuedSynchronizer.java:2039)
        at java.util.concurrent.ScheduledThreadPoolExecutor$DelayedWorkQueue.take(ScheduledThreadPoolExecutor.java:1088)
        at java.util.concurrent.ScheduledThreadPoolExecutor$DelayedWorkQueue.take(ScheduledThreadPoolExecutor.java:809)
        at java.util.concurrent.ThreadPoolExecutor.getTask(ThreadPoolExecutor.java:1074)
        at java.util.concurrent.ThreadPoolExecutor.runWorker(ThreadPoolExecutor.java:1134)
        at java.util.concurrent.ThreadPoolExecutor$Worker.run(ThreadPoolExecutor.java:624)
        at java.lang.Thread.run(Thread.java:750)
"PartialTableCache Cleanup Thread - 0" daemon prio=5 tid=1927 in Object.wait()
java.lang.Thread.State: WAITING (on object monitor)
        at sun.misc.Unsafe.park(Native Method)
        at java.util.concurrent.locks.LockSupport.park(LockSupport.java:175)
        at java.util.concurrent.locks.AbstractQueuedSynchronizer$ConditionObject.await(AbstractQueuedSynchronizer.java:2039)
        at java.util.concurrent.LinkedBlockingQueue.take(LinkedBlockingQueue.java:442)
        at java.util.concurrent.ThreadPoolExecutor.getTask(ThreadPoolExecutor.java:1074)
        at java.util.concurrent.ThreadPoolExecutor.runWorker(ThreadPoolExecutor.java:1134)
        at java.util.concurrent.ThreadPoolExecutor$Worker.run(ThreadPoolExecutor.java:624)
        at java.lang.Thread.run(Thread.java:750)
"PartialTableCache Cleanup Thread - 0" daemon prio=5 tid=5643 in Object.wait()
java.lang.Thread.State: WAITING (on object monitor)
        at sun.misc.Unsafe.park(Native Method)
        at java.util.concurrent.locks.LockSupport.park(LockSupport.java:175)
        at java.util.concurrent.locks.AbstractQueuedSynchronizer$ConditionObject.await(AbstractQueuedSynchronizer.java:2039)
        at java.util.concurrent.LinkedBlockingQueue.take(LinkedBlockingQueue.java:442)
        at java.util.concurrent.ThreadPoolExecutor.getTask(ThreadPoolExecutor.java:1074)
        at java.util.concurrent.ThreadPoolExecutor.runWorker(ThreadPoolExecutor.java:1134)
        at java.util.concurrent.ThreadPoolExecutor$Worker.run(ThreadPoolExecutor.java:624)
        at java.lang.Thread.run(Thread.java:750)
"62944fc1-681b-46bd-93f7-2482762a7b31@group-859DF10AAA8F-StateMachineUpdater" daemon prio=5 tid=3622 timed_waiting
java.lang.Thread.State: TIMED_WAITING
        at sun.misc.Unsafe.park(Native Method)
        at java.util.concurrent.locks.LockSupport.parkNanos(LockSupport.java:215)
        at java.util.concurrent.CompletableFuture$Signaller.block(CompletableFuture.java:1709)
        at java.util.concurrent.ForkJoinPool.managedBlock(ForkJoinPool.java:3323)
        at java.util.concurrent.CompletableFuture.timedGet(CompletableFuture.java:1788)
        at java.util.concurrent.CompletableFuture.get(CompletableFuture.java:1928)
        at org.apache.ratis.util.AwaitForSignal.await(AwaitForSignal.java:56)
        at org.apache.ratis.server.impl.StateMachineUpdater.waitForCommit(StateMachineUpdater.java:207)
        at org.apache.ratis.server.impl.StateMachineUpdater.run(StateMachineUpdater.java:176)
        at java.lang.Thread.run(Thread.java:750)
"qtp97707647-5143" daemon prio=5 tid=5143 timed_waiting
java.lang.Thread.State: TIMED_WAITING
        at sun.misc.Unsafe.park(Native Method)
        at java.util.concurrent.locks.LockSupport.parkNanos(LockSupport.java:215)
        at java.util.concurrent.locks.AbstractQueuedSynchronizer$ConditionObject.awaitNanos(AbstractQueuedSynchronizer.java:2078)
        at org.eclipse.jetty.util.BlockingArrayQueue.poll(BlockingArrayQueue.java:382)
        at org.eclipse.jetty.util.thread.QueuedThreadPool$Runner.idleJobPoll(QueuedThreadPool.java:974)
        at org.eclipse.jetty.util.thread.QueuedThreadPool$Runner.run(QueuedThreadPool.java:1018)
        at java.lang.Thread.run(Thread.java:750)
"ContainerOp-d03e4836-7d8d-4de7-87bd-2d1f402832ad-3"  prio=5 tid=4852 in Object.wait()
java.lang.Thread.State: WAITING (on object monitor)
        at sun.misc.Unsafe.park(Native Method)
        at java.util.concurrent.locks.LockSupport.park(LockSupport.java:175)
        at java.util.concurrent.locks.AbstractQueuedSynchronizer$ConditionObject.await(AbstractQueuedSynchronizer.java:2039)
        at java.util.concurrent.LinkedBlockingQueue.take(LinkedBlockingQueue.java:442)
        at java.util.concurrent.ThreadPoolExecutor.getTask(ThreadPoolExecutor.java:1074)
        at java.util.concurrent.ThreadPoolExecutor.runWorker(ThreadPoolExecutor.java:1134)
        at java.util.concurrent.ThreadPoolExecutor$Worker.run(ThreadPoolExecutor.java:624)
        at java.lang.Thread.run(Thread.java:750)
"PartialTableCache Cleanup Thread - 0" daemon prio=5 tid=4708 in Object.wait()
java.lang.Thread.State: WAITING (on object monitor)
        at sun.misc.Unsafe.park(Native Method)
        at java.util.concurrent.locks.LockSupport.park(LockSupport.java:175)
        at java.util.concurrent.locks.AbstractQueuedSynchronizer$ConditionObject.await(AbstractQueuedSynchronizer.java:2039)
        at java.util.concurrent.LinkedBlockingQueue.take(LinkedBlockingQueue.java:442)
        at java.util.concurrent.ThreadPoolExecutor.getTask(ThreadPoolExecutor.java:1074)
        at java.util.concurrent.ThreadPoolExecutor.runWorker(ThreadPoolExecutor.java:1134)
        at java.util.concurrent.ThreadPoolExecutor$Worker.run(ThreadPoolExecutor.java:624)
        at java.lang.Thread.run(Thread.java:750)
"BlockDeletingService#1" daemon prio=5 tid=3497 timed_waiting
java.lang.Thread.State: TIMED_WAITING
        at sun.misc.Unsafe.park(Native Method)
        at java.util.concurrent.locks.LockSupport.parkNanos(LockSupport.java:215)
        at java.util.concurrent.locks.AbstractQueuedSynchronizer$ConditionObject.awaitNanos(AbstractQueuedSynchronizer.java:2078)
        at java.util.concurrent.ScheduledThreadPoolExecutor$DelayedWorkQueue.take(ScheduledThreadPoolExecutor.java:1093)
        at java.util.concurrent.ScheduledThreadPoolExecutor$DelayedWorkQueue.take(ScheduledThreadPoolExecutor.java:809)
        at java.util.concurrent.ThreadPoolExecutor.getTask(ThreadPoolExecutor.java:1074)
        at java.util.concurrent.ThreadPoolExecutor.runWorker(ThreadPoolExecutor.java:1134)
        at java.util.concurrent.ThreadPoolExecutor$Worker.run(ThreadPoolExecutor.java:624)
        at java.lang.Thread.run(Thread.java:750)
"pool-1581-thread-1"  prio=5 tid=3296 timed_waiting
java.lang.Thread.State: TIMED_WAITING
        at sun.misc.Unsafe.park(Native Method)
        at java.util.concurrent.locks.LockSupport.parkNanos(LockSupport.java:215)
        at java.util.concurrent.locks.AbstractQueuedSynchronizer$ConditionObject.awaitNanos(AbstractQueuedSynchronizer.java:2078)
        at java.util.concurrent.ScheduledThreadPoolExecutor$DelayedWorkQueue.take(ScheduledThreadPoolExecutor.java:1093)
        at java.util.concurrent.ScheduledThreadPoolExecutor$DelayedWorkQueue.take(ScheduledThreadPoolExecutor.java:809)
        at java.util.concurrent.ThreadPoolExecutor.getTask(ThreadPoolExecutor.java:1074)
        at java.util.concurrent.ThreadPoolExecutor.runWorker(ThreadPoolExecutor.java:1134)
        at java.util.concurrent.ThreadPoolExecutor$Worker.run(ThreadPoolExecutor.java:624)
        at java.lang.Thread.run(Thread.java:750)
"SCM Heartbeat Processing Thread - 0" daemon prio=5 tid=4732 timed_waiting
java.lang.Thread.State: TIMED_WAITING
        at sun.misc.Unsafe.park(Native Method)
        at java.util.concurrent.locks.LockSupport.parkNanos(LockSupport.java:215)
        at java.util.concurrent.locks.AbstractQueuedSynchronizer$ConditionObject.awaitNanos(AbstractQueuedSynchronizer.java:2078)
        at java.util.concurrent.ScheduledThreadPoolExecutor$DelayedWorkQueue.take(ScheduledThreadPoolExecutor.java:1093)
        at java.util.concurrent.ScheduledThreadPoolExecutor$DelayedWorkQueue.take(ScheduledThreadPoolExecutor.java:809)
        at java.util.concurrent.ThreadPoolExecutor.getTask(ThreadPoolExecutor.java:1074)
        at java.util.concurrent.ThreadPoolExecutor.runWorker(ThreadPoolExecutor.java:1134)
        at java.util.concurrent.ThreadPoolExecutor$Worker.run(ThreadPoolExecutor.java:624)
        at java.lang.Thread.run(Thread.java:750)
"FullTableCache Cleanup Thread - 0" daemon prio=5 tid=1909 in Object.wait()
java.lang.Thread.State: WAITING (on object monitor)
        at sun.misc.Unsafe.park(Native Method)
        at java.util.concurrent.locks.LockSupport.park(LockSupport.java:175)
        at java.util.concurrent.locks.AbstractQueuedSynchronizer$ConditionObject.await(AbstractQueuedSynchronizer.java:2039)
        at java.util.concurrent.LinkedBlockingQueue.take(LinkedBlockingQueue.java:442)
        at java.util.concurrent.ThreadPoolExecutor.getTask(ThreadPoolExecutor.java:1074)
        at java.util.concurrent.ThreadPoolExecutor.runWorker(ThreadPoolExecutor.java:1134)
        at java.util.concurrent.ThreadPoolExecutor$Worker.run(ThreadPoolExecutor.java:624)
        at java.lang.Thread.run(Thread.java:750)
"IPC Server handler 10 on default port 34529" daemon prio=5 tid=5538 timed_waiting
java.lang.Thread.State: TIMED_WAITING
        at sun.misc.Unsafe.park(Native Method)
        at java.util.concurrent.locks.LockSupport.parkNanos(LockSupport.java:215)
        at java.util.concurrent.locks.AbstractQueuedSynchronizer$ConditionObject.awaitNanos(AbstractQueuedSynchronizer.java:2078)
        at java.util.concurrent.LinkedBlockingQueue.poll(LinkedBlockingQueue.java:467)
        at org.apache.hadoop.ipc.CallQueueManager.take(CallQueueManager.java:317)
        at org.apache.hadoop.ipc.Server$Handler.run(Server.java:2942)
"PartialTableCache Cleanup Thread - 0" daemon prio=5 tid=659 in Object.wait()
java.lang.Thread.State: WAITING (on object monitor)
        at sun.misc.Unsafe.park(Native Method)
        at java.util.concurrent.locks.LockSupport.park(LockSupport.java:175)
        at java.util.concurrent.locks.AbstractQueuedSynchronizer$ConditionObject.await(AbstractQueuedSynchronizer.java:2039)
        at java.util.concurrent.LinkedBlockingQueue.take(LinkedBlockingQueue.java:442)
        at java.util.concurrent.ThreadPoolExecutor.getTask(ThreadPoolExecutor.java:1074)
        at java.util.concurrent.ThreadPoolExecutor.runWorker(ThreadPoolExecutor.java:1134)
        at java.util.concurrent.ThreadPoolExecutor$Worker.run(ThreadPoolExecutor.java:624)
        at java.lang.Thread.run(Thread.java:750)
"f55315c2-12b7-4bf7-9755-17bd9d593b12-client-thread1" daemon prio=5 tid=4739 timed_waiting
java.lang.Thread.State: TIMED_WAITING
        at sun.misc.Unsafe.park(Native Method)
        at java.util.concurrent.locks.LockSupport.parkNanos(LockSupport.java:215)
        at java.util.concurrent.SynchronousQueue$TransferStack.awaitFulfill(SynchronousQueue.java:460)
        at java.util.concurrent.SynchronousQueue$TransferStack.transfer(SynchronousQueue.java:362)
        at java.util.concurrent.SynchronousQueue.poll(SynchronousQueue.java:941)
        at java.util.concurrent.ThreadPoolExecutor.getTask(ThreadPoolExecutor.java:1073)
        at java.util.concurrent.ThreadPoolExecutor.runWorker(ThreadPoolExecutor.java:1134)
        at java.util.concurrent.ThreadPoolExecutor$Worker.run(ThreadPoolExecutor.java:624)
        at java.lang.Thread.run(Thread.java:750)
"Datanode ReportManager Thread - 0" daemon prio=5 tid=4082 in Object.wait()
java.lang.Thread.State: WAITING (on object monitor)
        at sun.misc.Unsafe.park(Native Method)
        at java.util.concurrent.locks.LockSupport.park(LockSupport.java:175)
        at java.util.concurrent.locks.AbstractQueuedSynchronizer$ConditionObject.await(AbstractQueuedSynchronizer.java:2039)
        at java.util.concurrent.ScheduledThreadPoolExecutor$DelayedWorkQueue.take(ScheduledThreadPoolExecutor.java:1088)
        at java.util.concurrent.ScheduledThreadPoolExecutor$DelayedWorkQueue.take(ScheduledThreadPoolExecutor.java:809)
        at java.util.concurrent.ThreadPoolExecutor.getTask(ThreadPoolExecutor.java:1074)
        at java.util.concurrent.ThreadPoolExecutor.runWorker(ThreadPoolExecutor.java:1134)
        at java.util.concurrent.ThreadPoolExecutor$Worker.run(ThreadPoolExecutor.java:624)
        at java.lang.Thread.run(Thread.java:750)
"dba9af6d-6e82-4367-aab1-8cf42182a7ab@group-2D1F402832AD-SegmentedRaftLogWorker"  prio=5 tid=3572 timed_waiting
java.lang.Thread.State: TIMED_WAITING
        at sun.misc.Unsafe.park(Native Method)
        at java.util.concurrent.locks.LockSupport.parkNanos(LockSupport.java:215)
        at java.util.concurrent.locks.AbstractQueuedSynchronizer$ConditionObject.awaitNanos(AbstractQueuedSynchronizer.java:2078)
        at org.apache.ratis.util.DataBlockingQueue.poll(DataBlockingQueue.java:148)
        at org.apache.ratis.server.raftlog.segmented.SegmentedRaftLogWorker.run(SegmentedRaftLogWorker.java:310)
        at org.apache.ratis.server.raftlog.segmented.SegmentedRaftLogWorker$$Lambda$699/1369416112.run(Unknown Source)
        at java.lang.Thread.run(Thread.java:750)
"JvmPauseMonitor51" daemon prio=5 tid=4942 timed_waiting
java.lang.Thread.State: TIMED_WAITING
        at java.lang.Thread.sleep(Native Method)
        at java.lang.Thread.sleep(Thread.java:342)
        at java.util.concurrent.TimeUnit.sleep(TimeUnit.java:386)
        at org.apache.ratis.util.TimeDuration.sleep(TimeDuration.java:325)
        at org.apache.ratis.util.TimeDuration.sleep(TimeDuration.java:310)
        at org.apache.ratis.util.JvmPauseMonitor.detectPause(JvmPauseMonitor.java:119)
        at org.apache.ratis.util.JvmPauseMonitor.run(JvmPauseMonitor.java:108)
        at org.apache.ratis.util.JvmPauseMonitor$$Lambda$740/1979406568.run(Unknown Source)
        at java.lang.Thread.run(Thread.java:750)
"ChunkReader-ELG-0" daemon prio=5 tid=4400 runnable
java.lang.Thread.State: RUNNABLE
        at org.apache.ratis.thirdparty.io.netty.channel.epoll.Native.epollWait(Native Method)
        at org.apache.ratis.thirdparty.io.netty.channel.epoll.Native.epollWait(Native.java:209)
        at org.apache.ratis.thirdparty.io.netty.channel.epoll.Native.epollWait(Native.java:202)
        at org.apache.ratis.thirdparty.io.netty.channel.epoll.EpollEventLoop.epollWaitNoTimerChange(EpollEventLoop.java:294)
        at org.apache.ratis.thirdparty.io.netty.channel.epoll.EpollEventLoop.run(EpollEventLoop.java:351)
        at org.apache.ratis.thirdparty.io.netty.util.concurrent.SingleThreadEventExecutor$4.run(SingleThreadEventExecutor.java:995)
        at org.apache.ratis.thirdparty.io.netty.util.internal.ThreadExecutorMap$2.run(ThreadExecutorMap.java:74)
        at java.lang.Thread.run(Thread.java:750)
"Datanode ReportManager Thread - 4" daemon prio=5 tid=4278 in Object.wait()
java.lang.Thread.State: WAITING (on object monitor)
        at sun.misc.Unsafe.park(Native Method)
        at java.util.concurrent.locks.LockSupport.park(LockSupport.java:175)
        at java.util.concurrent.locks.AbstractQueuedSynchronizer$ConditionObject.await(AbstractQueuedSynchronizer.java:2039)
        at java.util.concurrent.ScheduledThreadPoolExecutor$DelayedWorkQueue.take(ScheduledThreadPoolExecutor.java:1088)
        at java.util.concurrent.ScheduledThreadPoolExecutor$DelayedWorkQueue.take(ScheduledThreadPoolExecutor.java:809)
        at java.util.concurrent.ThreadPoolExecutor.getTask(ThreadPoolExecutor.java:1074)
        at java.util.concurrent.ThreadPoolExecutor.runWorker(ThreadPoolExecutor.java:1134)
        at java.util.concurrent.ThreadPoolExecutor$Worker.run(ThreadPoolExecutor.java:624)
        at java.lang.Thread.run(Thread.java:750)
"BlockDeletingService#1" daemon prio=5 tid=4301 timed_waiting
java.lang.Thread.State: TIMED_WAITING
        at sun.misc.Unsafe.park(Native Method)
        at java.util.concurrent.locks.LockSupport.parkNanos(LockSupport.java:215)
        at java.util.concurrent.locks.AbstractQueuedSynchronizer$ConditionObject.awaitNanos(AbstractQueuedSynchronizer.java:2078)
        at java.util.concurrent.ScheduledThreadPoolExecutor$DelayedWorkQueue.take(ScheduledThreadPoolExecutor.java:1093)
        at java.util.concurrent.ScheduledThreadPoolExecutor$DelayedWorkQueue.take(ScheduledThreadPoolExecutor.java:809)
        at java.util.concurrent.ThreadPoolExecutor.getTask(ThreadPoolExecutor.java:1074)
        at java.util.concurrent.ThreadPoolExecutor.runWorker(ThreadPoolExecutor.java:1134)
        at java.util.concurrent.ThreadPoolExecutor$Worker.run(ThreadPoolExecutor.java:624)
        at java.lang.Thread.run(Thread.java:750)
"dba9af6d-6e82-4367-aab1-8cf42182a7ab@group-223230AB0900-LeaderStateImpl" daemon prio=5 tid=3660 timed_waiting
java.lang.Thread.State: TIMED_WAITING
        at sun.misc.Unsafe.park(Native Method)
        at java.util.concurrent.locks.LockSupport.parkNanos(LockSupport.java:215)
        at java.util.concurrent.locks.AbstractQueuedSynchronizer$ConditionObject.awaitNanos(AbstractQueuedSynchronizer.java:2078)
        at java.util.concurrent.ArrayBlockingQueue.poll(ArrayBlockingQueue.java:418)
        at org.apache.ratis.server.impl.LeaderStateImpl$EventQueue.poll(LeaderStateImpl.java:159)
        at org.apache.ratis.server.impl.LeaderStateImpl$EventProcessor.run(LeaderStateImpl.java:630)
"qtp1099129309-4263" daemon prio=5 tid=4263 timed_waiting
java.lang.Thread.State: TIMED_WAITING
        at sun.misc.Unsafe.park(Native Method)
        at java.util.concurrent.locks.LockSupport.parkNanos(LockSupport.java:215)
        at java.util.concurrent.locks.AbstractQueuedSynchronizer$ConditionObject.awaitNanos(AbstractQueuedSynchronizer.java:2078)
        at org.eclipse.jetty.util.BlockingArrayQueue.poll(BlockingArrayQueue.java:382)
        at org.eclipse.jetty.util.thread.QueuedThreadPool$Runner.idleJobPoll(QueuedThreadPool.java:974)
        at org.eclipse.jetty.util.thread.QueuedThreadPool$Runner.run(QueuedThreadPool.java:1018)
        at java.lang.Thread.run(Thread.java:750)
"ChunkWriter-3-0" daemon prio=5 tid=3552 in Object.wait()
java.lang.Thread.State: WAITING (on object monitor)
        at sun.misc.Unsafe.park(Native Method)
        at java.util.concurrent.locks.LockSupport.park(LockSupport.java:175)
        at java.util.concurrent.locks.AbstractQueuedSynchronizer$ConditionObject.await(AbstractQueuedSynchronizer.java:2039)
        at java.util.concurrent.LinkedBlockingDeque.takeFirst(LinkedBlockingDeque.java:492)
        at java.util.concurrent.LinkedBlockingDeque.take(LinkedBlockingDeque.java:680)
        at java.util.concurrent.ThreadPoolExecutor.getTask(ThreadPoolExecutor.java:1074)
        at java.util.concurrent.ThreadPoolExecutor.runWorker(ThreadPoolExecutor.java:1134)
        at java.util.concurrent.ThreadPoolExecutor$Worker.run(ThreadPoolExecutor.java:624)
        at java.lang.Thread.run(Thread.java:750)
"IPC Server handler 4 on default port 36003" daemon prio=5 tid=4794 timed_waiting
java.lang.Thread.State: TIMED_WAITING
        at sun.misc.Unsafe.park(Native Method)
        at java.util.concurrent.locks.LockSupport.parkNanos(LockSupport.java:215)
        at java.util.concurrent.locks.AbstractQueuedSynchronizer$ConditionObject.awaitNanos(AbstractQueuedSynchronizer.java:2078)
        at java.util.concurrent.LinkedBlockingQueue.poll(LinkedBlockingQueue.java:467)
        at org.apache.hadoop.ipc.CallQueueManager.take(CallQueueManager.java:317)
        at org.apache.hadoop.ipc.Server$Handler.run(Server.java:2942)
"FixedThreadPoolWithAffinityExecutor-3-0" daemon prio=5 tid=4757 timed_waiting
java.lang.Thread.State: TIMED_WAITING
        at sun.misc.Unsafe.park(Native Method)
        at java.util.concurrent.locks.LockSupport.parkNanos(LockSupport.java:215)
        at java.util.concurrent.locks.AbstractQueuedSynchronizer$ConditionObject.awaitNanos(AbstractQueuedSynchronizer.java:2078)
        at java.util.concurrent.LinkedBlockingQueue.poll(LinkedBlockingQueue.java:467)
        at org.apache.hadoop.hdds.scm.server.ContainerReportQueue.poll(ContainerReportQueue.java:266)
        at org.apache.hadoop.hdds.scm.server.ContainerReportQueue.poll(ContainerReportQueue.java:42)
        at org.apache.hadoop.hdds.server.events.FixedThreadPoolWithAffinityExecutor$ContainerReportProcessTask.run(FixedThreadPoolWithAffinityExecutor.java:248)
        at java.util.concurrent.Executors$RunnableAdapter.call(Executors.java:511)
        at java.util.concurrent.FutureTask.run(FutureTask.java:266)
        at java.util.concurrent.ThreadPoolExecutor.runWorker(ThreadPoolExecutor.java:1149)
        at java.util.concurrent.ThreadPoolExecutor$Worker.run(ThreadPoolExecutor.java:624)
        at java.lang.Thread.run(Thread.java:750)
"StaleRecoveringContainerScrubbingService#0" daemon prio=5 tid=3526 in Object.wait()
java.lang.Thread.State: WAITING (on object monitor)
        at sun.misc.Unsafe.park(Native Method)
        at java.util.concurrent.locks.LockSupport.park(LockSupport.java:175)
        at java.util.concurrent.locks.AbstractQueuedSynchronizer$ConditionObject.await(AbstractQueuedSynchronizer.java:2039)
        at java.util.concurrent.ScheduledThreadPoolExecutor$DelayedWorkQueue.take(ScheduledThreadPoolExecutor.java:1088)
        at java.util.concurrent.ScheduledThreadPoolExecutor$DelayedWorkQueue.take(ScheduledThreadPoolExecutor.java:809)
        at java.util.concurrent.ThreadPoolExecutor.getTask(ThreadPoolExecutor.java:1074)
        at java.util.concurrent.ThreadPoolExecutor.runWorker(ThreadPoolExecutor.java:1134)
        at java.util.concurrent.ThreadPoolExecutor$Worker.run(ThreadPoolExecutor.java:624)
        at java.lang.Thread.run(Thread.java:750)
"ChunkWriter-3-0" daemon prio=5 tid=3468 in Object.wait()
java.lang.Thread.State: WAITING (on object monitor)
        at sun.misc.Unsafe.park(Native Method)
        at java.util.concurrent.locks.LockSupport.park(LockSupport.java:175)
        at java.util.concurrent.locks.AbstractQueuedSynchronizer$ConditionObject.await(AbstractQueuedSynchronizer.java:2039)
        at java.util.concurrent.LinkedBlockingDeque.takeFirst(LinkedBlockingDeque.java:492)
        at java.util.concurrent.LinkedBlockingDeque.take(LinkedBlockingDeque.java:680)
        at java.util.concurrent.ThreadPoolExecutor.getTask(ThreadPoolExecutor.java:1074)
        at java.util.concurrent.ThreadPoolExecutor.runWorker(ThreadPoolExecutor.java:1134)
        at java.util.concurrent.ThreadPoolExecutor$Worker.run(ThreadPoolExecutor.java:624)
        at java.lang.Thread.run(Thread.java:750)
"Datanode ReportManager Thread - 3" daemon prio=5 tid=3458 in Object.wait()
java.lang.Thread.State: WAITING (on object monitor)
        at sun.misc.Unsafe.park(Native Method)
        at java.util.concurrent.locks.LockSupport.park(LockSupport.java:175)
        at java.util.concurrent.locks.AbstractQueuedSynchronizer$ConditionObject.await(AbstractQueuedSynchronizer.java:2039)
        at java.util.concurrent.ScheduledThreadPoolExecutor$DelayedWorkQueue.take(ScheduledThreadPoolExecutor.java:1088)
        at java.util.concurrent.ScheduledThreadPoolExecutor$DelayedWorkQueue.take(ScheduledThreadPoolExecutor.java:809)
        at java.util.concurrent.ThreadPoolExecutor.getTask(ThreadPoolExecutor.java:1074)
        at java.util.concurrent.ThreadPoolExecutor.runWorker(ThreadPoolExecutor.java:1134)
        at java.util.concurrent.ThreadPoolExecutor$Worker.run(ThreadPoolExecutor.java:624)
        at java.lang.Thread.run(Thread.java:750)
"ec62b457-0040-4e07-85ab-e1dde9d29779-server-thread2" daemon prio=5 tid=5635 timed_waiting
java.lang.Thread.State: TIMED_WAITING
        at sun.misc.Unsafe.park(Native Method)
        at java.util.concurrent.locks.LockSupport.parkNanos(LockSupport.java:215)
        at java.util.concurrent.SynchronousQueue$TransferStack.awaitFulfill(SynchronousQueue.java:460)
        at java.util.concurrent.SynchronousQueue$TransferStack.transfer(SynchronousQueue.java:362)
        at java.util.concurrent.SynchronousQueue.poll(SynchronousQueue.java:941)
        at java.util.concurrent.ThreadPoolExecutor.getTask(ThreadPoolExecutor.java:1073)
        at java.util.concurrent.ThreadPoolExecutor.runWorker(ThreadPoolExecutor.java:1134)
        at java.util.concurrent.ThreadPoolExecutor$Worker.run(ThreadPoolExecutor.java:624)
        at java.lang.Thread.run(Thread.java:750)
"StaleRecoveringContainerScrubbingService#0" daemon prio=5 tid=4347 in Object.wait()
java.lang.Thread.State: WAITING (on object monitor)
        at sun.misc.Unsafe.park(Native Method)
        at java.util.concurrent.locks.LockSupport.park(LockSupport.java:175)
        at java.util.concurrent.locks.AbstractQueuedSynchronizer$ConditionObject.await(AbstractQueuedSynchronizer.java:2039)
        at java.util.concurrent.ScheduledThreadPoolExecutor$DelayedWorkQueue.take(ScheduledThreadPoolExecutor.java:1088)
        at java.util.concurrent.ScheduledThreadPoolExecutor$DelayedWorkQueue.take(ScheduledThreadPoolExecutor.java:809)
        at java.util.concurrent.ThreadPoolExecutor.getTask(ThreadPoolExecutor.java:1074)
        at java.util.concurrent.ThreadPoolExecutor.runWorker(ThreadPoolExecutor.java:1134)
        at java.util.concurrent.ThreadPoolExecutor$Worker.run(ThreadPoolExecutor.java:624)
        at java.lang.Thread.run(Thread.java:750)
"qtp652561456-3434" daemon prio=5 tid=3434 timed_waiting
java.lang.Thread.State: TIMED_WAITING
        at sun.misc.Unsafe.park(Native Method)
        at java.util.concurrent.locks.LockSupport.parkNanos(LockSupport.java:215)
        at java.util.concurrent.locks.AbstractQueuedSynchronizer$ConditionObject.awaitNanos(AbstractQueuedSynchronizer.java:2078)
        at org.eclipse.jetty.util.BlockingArrayQueue.poll(BlockingArrayQueue.java:382)
        at org.eclipse.jetty.util.thread.QueuedThreadPool$Runner.idleJobPoll(QueuedThreadPool.java:974)
        at org.eclipse.jetty.util.thread.QueuedThreadPool$Runner.run(QueuedThreadPool.java:1018)
        at java.lang.Thread.run(Thread.java:750)
"2caa6dbd-0dfc-46f6-9048-e45aa22bedc3@group-21DB1F2D13C8-LeaderStateImpl" daemon prio=5 tid=4602 timed_waiting
java.lang.Thread.State: TIMED_WAITING
        at sun.misc.Unsafe.park(Native Method)
        at java.util.concurrent.locks.LockSupport.parkNanos(LockSupport.java:215)
        at java.util.concurrent.locks.AbstractQueuedSynchronizer$ConditionObject.awaitNanos(AbstractQueuedSynchronizer.java:2078)
        at java.util.concurrent.ArrayBlockingQueue.poll(ArrayBlockingQueue.java:418)
        at org.apache.ratis.server.impl.LeaderStateImpl$EventQueue.poll(LeaderStateImpl.java:159)
        at org.apache.ratis.server.impl.LeaderStateImpl$EventProcessor.run(LeaderStateImpl.java:630)
"FixedThreadPoolWithAffinityExecutor-6-0" daemon prio=5 tid=3749 timed_waiting
java.lang.Thread.State: TIMED_WAITING
        at sun.misc.Unsafe.park(Native Method)
        at java.util.concurrent.locks.LockSupport.parkNanos(LockSupport.java:215)
        at java.util.concurrent.locks.AbstractQueuedSynchronizer$ConditionObject.awaitNanos(AbstractQueuedSynchronizer.java:2078)
        at java.util.concurrent.LinkedBlockingQueue.poll(LinkedBlockingQueue.java:467)
        at org.apache.hadoop.hdds.scm.server.ContainerReportQueue.poll(ContainerReportQueue.java:266)
        at org.apache.hadoop.hdds.scm.server.ContainerReportQueue.poll(ContainerReportQueue.java:42)
        at org.apache.hadoop.hdds.server.events.FixedThreadPoolWithAffinityExecutor$ContainerReportProcessTask.run(FixedThreadPoolWithAffinityExecutor.java:248)
        at java.util.concurrent.Executors$RunnableAdapter.call(Executors.java:511)
        at java.util.concurrent.FutureTask.run(FutureTask.java:266)
        at java.util.concurrent.ThreadPoolExecutor.runWorker(ThreadPoolExecutor.java:1149)
        at java.util.concurrent.ThreadPoolExecutor$Worker.run(ThreadPoolExecutor.java:624)
        at java.lang.Thread.run(Thread.java:750)
"Session-HouseKeeper-fc11113-1"  prio=5 tid=5112 timed_waiting
java.lang.Thread.State: TIMED_WAITING
        at sun.misc.Unsafe.park(Native Method)
        at java.util.concurrent.locks.LockSupport.parkNanos(LockSupport.java:215)
        at java.util.concurrent.locks.AbstractQueuedSynchronizer$ConditionObject.awaitNanos(AbstractQueuedSynchronizer.java:2078)
        at java.util.concurrent.ScheduledThreadPoolExecutor$DelayedWorkQueue.take(ScheduledThreadPoolExecutor.java:1093)
        at java.util.concurrent.ScheduledThreadPoolExecutor$DelayedWorkQueue.take(ScheduledThreadPoolExecutor.java:809)
        at java.util.concurrent.ThreadPoolExecutor.getTask(ThreadPoolExecutor.java:1074)
        at java.util.concurrent.ThreadPoolExecutor.runWorker(ThreadPoolExecutor.java:1134)
        at java.util.concurrent.ThreadPoolExecutor$Worker.run(ThreadPoolExecutor.java:624)
        at java.lang.Thread.run(Thread.java:750)
"qtp1419576172-4842" daemon prio=5 tid=4842 timed_waiting
java.lang.Thread.State: TIMED_WAITING
        at sun.misc.Unsafe.park(Native Method)
        at java.util.concurrent.locks.LockSupport.parkNanos(LockSupport.java:215)
        at java.util.concurrent.locks.AbstractQueuedSynchronizer$ConditionObject.awaitNanos(AbstractQueuedSynchronizer.java:2078)
        at org.eclipse.jetty.util.BlockingArrayQueue.poll(BlockingArrayQueue.java:382)
        at org.eclipse.jetty.util.thread.QueuedThreadPool$Runner.idleJobPoll(QueuedThreadPool.java:974)
        at org.eclipse.jetty.util.thread.QueuedThreadPool$Runner.run(QueuedThreadPool.java:1018)
        at java.lang.Thread.run(Thread.java:750)
"qtp336816364-4998" daemon prio=5 tid=4998 timed_waiting
java.lang.Thread.State: TIMED_WAITING
        at sun.misc.Unsafe.park(Native Method)
        at java.util.concurrent.locks.LockSupport.parkNanos(LockSupport.java:215)
        at java.util.concurrent.locks.AbstractQueuedSynchronizer$ConditionObject.awaitNanos(AbstractQueuedSynchronizer.java:2078)
        at org.eclipse.jetty.util.BlockingArrayQueue.poll(BlockingArrayQueue.java:382)
        at org.eclipse.jetty.util.thread.QueuedThreadPool$Runner.idleJobPoll(QueuedThreadPool.java:974)
        at org.eclipse.jetty.util.thread.QueuedThreadPool$Runner.run(QueuedThreadPool.java:1018)
        at java.lang.Thread.run(Thread.java:750)
"timer0" daemon prio=5 tid=682 timed_waiting
java.lang.Thread.State: TIMED_WAITING
        at java.lang.Object.wait(Native Method)
        at java.util.TimerThread.mainLoop(Timer.java:552)
        at java.util.TimerThread.run(Timer.java:505)
"Datanode State Machine Task Thread - 0"  prio=5 tid=3344 in Object.wait()
java.lang.Thread.State: WAITING (on object monitor)
        at sun.misc.Unsafe.park(Native Method)
        at java.util.concurrent.locks.LockSupport.park(LockSupport.java:175)
        at java.util.concurrent.locks.AbstractQueuedSynchronizer$ConditionObject.await(AbstractQueuedSynchronizer.java:2039)
        at java.util.concurrent.LinkedBlockingQueue.take(LinkedBlockingQueue.java:442)
        at java.util.concurrent.ThreadPoolExecutor.getTask(ThreadPoolExecutor.java:1074)
        at java.util.concurrent.ThreadPoolExecutor.runWorker(ThreadPoolExecutor.java:1134)
        at java.util.concurrent.ThreadPoolExecutor$Worker.run(ThreadPoolExecutor.java:624)
        at java.lang.Thread.run(Thread.java:750)
"ChunkReader-ELG-0" daemon prio=5 tid=5224 runnable
java.lang.Thread.State: RUNNABLE
        at org.apache.ratis.thirdparty.io.netty.channel.epoll.Native.epollWait(Native Method)
        at org.apache.ratis.thirdparty.io.netty.channel.epoll.Native.epollWait(Native.java:209)
        at org.apache.ratis.thirdparty.io.netty.channel.epoll.Native.epollWait(Native.java:202)
        at org.apache.ratis.thirdparty.io.netty.channel.epoll.EpollEventLoop.epollWaitNoTimerChange(EpollEventLoop.java:294)
        at org.apache.ratis.thirdparty.io.netty.channel.epoll.EpollEventLoop.run(EpollEventLoop.java:351)
        at org.apache.ratis.thirdparty.io.netty.util.concurrent.SingleThreadEventExecutor$4.run(SingleThreadEventExecutor.java:995)
        at org.apache.ratis.thirdparty.io.netty.util.internal.ThreadExecutorMap$2.run(ThreadExecutorMap.java:74)
        at java.lang.Thread.run(Thread.java:750)
"IPC Server handler 9 on default port 40433" daemon prio=5 tid=4819 timed_waiting
java.lang.Thread.State: TIMED_WAITING
        at sun.misc.Unsafe.park(Native Method)
        at java.util.concurrent.locks.LockSupport.parkNanos(LockSupport.java:215)
        at java.util.concurrent.locks.AbstractQueuedSynchronizer$ConditionObject.awaitNanos(AbstractQueuedSynchronizer.java:2078)
        at java.util.concurrent.LinkedBlockingQueue.poll(LinkedBlockingQueue.java:467)
        at org.apache.hadoop.ipc.CallQueueManager.take(CallQueueManager.java:317)
        at org.apache.hadoop.ipc.Server$Handler.run(Server.java:2942)
"IPC Server handler 11 on default port 45833" daemon prio=5 tid=3253 timed_waiting
java.lang.Thread.State: TIMED_WAITING
        at sun.misc.Unsafe.park(Native Method)
        at java.util.concurrent.locks.LockSupport.parkNanos(LockSupport.java:215)
        at java.util.concurrent.locks.AbstractQueuedSynchronizer$ConditionObject.awaitNanos(AbstractQueuedSynchronizer.java:2078)
        at java.util.concurrent.LinkedBlockingQueue.poll(LinkedBlockingQueue.java:467)
        at org.apache.hadoop.ipc.CallQueueManager.take(CallQueueManager.java:317)
        at org.apache.hadoop.ipc.Server$Handler.run(Server.java:2942)
"ChunkWriter-2-0" daemon prio=5 tid=3521 in Object.wait()
java.lang.Thread.State: WAITING (on object monitor)
        at sun.misc.Unsafe.park(Native Method)
        at java.util.concurrent.locks.LockSupport.park(LockSupport.java:175)
        at java.util.concurrent.locks.AbstractQueuedSynchronizer$ConditionObject.await(AbstractQueuedSynchronizer.java:2039)
        at java.util.concurrent.LinkedBlockingDeque.takeFirst(LinkedBlockingDeque.java:492)
        at java.util.concurrent.LinkedBlockingDeque.take(LinkedBlockingDeque.java:680)
        at java.util.concurrent.ThreadPoolExecutor.getTask(ThreadPoolExecutor.java:1074)
        at java.util.concurrent.ThreadPoolExecutor.runWorker(ThreadPoolExecutor.java:1134)
        at java.util.concurrent.ThreadPoolExecutor$Worker.run(ThreadPoolExecutor.java:624)
        at java.lang.Thread.run(Thread.java:750)
"qtp1276177486-5110" daemon prio=5 tid=5110 timed_waiting
java.lang.Thread.State: TIMED_WAITING
        at sun.misc.Unsafe.park(Native Method)
        at java.util.concurrent.locks.LockSupport.parkNanos(LockSupport.java:215)
        at java.util.concurrent.locks.AbstractQueuedSynchronizer$ConditionObject.awaitNanos(AbstractQueuedSynchronizer.java:2078)
        at org.eclipse.jetty.util.BlockingArrayQueue.poll(BlockingArrayQueue.java:382)
        at org.eclipse.jetty.util.thread.QueuedThreadPool$Runner.idleJobPoll(QueuedThreadPool.java:974)
        at org.eclipse.jetty.util.thread.QueuedThreadPool$Runner.run(QueuedThreadPool.java:1018)
        at java.lang.Thread.run(Thread.java:750)
"EventQueue-PipelineReportForOneReplicaPipelineSafeModeRule" daemon prio=5 tid=4409 in Object.wait()
java.lang.Thread.State: WAITING (on object monitor)
        at sun.misc.Unsafe.park(Native Method)
        at java.util.concurrent.locks.LockSupport.park(LockSupport.java:175)
        at java.util.concurrent.locks.AbstractQueuedSynchronizer$ConditionObject.await(AbstractQueuedSynchronizer.java:2039)
        at java.util.concurrent.LinkedBlockingQueue.take(LinkedBlockingQueue.java:442)
        at java.util.concurrent.ThreadPoolExecutor.getTask(ThreadPoolExecutor.java:1074)
        at java.util.concurrent.ThreadPoolExecutor.runWorker(ThreadPoolExecutor.java:1134)
        at java.util.concurrent.ThreadPoolExecutor$Worker.run(ThreadPoolExecutor.java:624)
        at java.lang.Thread.run(Thread.java:750)
"IPC Server handler 14 on default port 34157" daemon prio=5 tid=4025 timed_waiting
java.lang.Thread.State: TIMED_WAITING
        at sun.misc.Unsafe.park(Native Method)
        at java.util.concurrent.locks.LockSupport.parkNanos(LockSupport.java:215)
        at java.util.concurrent.locks.AbstractQueuedSynchronizer$ConditionObject.awaitNanos(AbstractQueuedSynchronizer.java:2078)
        at java.util.concurrent.LinkedBlockingQueue.poll(LinkedBlockingQueue.java:467)
        at org.apache.hadoop.ipc.CallQueueManager.take(CallQueueManager.java:317)
        at org.apache.hadoop.ipc.Server$Handler.run(Server.java:2942)
"timer6" daemon prio=5 tid=679 timed_waiting
java.lang.Thread.State: TIMED_WAITING
        at java.lang.Object.wait(Native Method)
        at java.util.TimerThread.mainLoop(Timer.java:552)
        at java.util.TimerThread.run(Timer.java:505)
"IPC Server handler 3 on default port 36157" daemon prio=5 tid=5551 timed_waiting
java.lang.Thread.State: TIMED_WAITING
        at sun.misc.Unsafe.park(Native Method)
        at java.util.concurrent.locks.LockSupport.parkNanos(LockSupport.java:215)
        at java.util.concurrent.locks.AbstractQueuedSynchronizer$ConditionObject.awaitNanos(AbstractQueuedSynchronizer.java:2078)
        at java.util.concurrent.LinkedBlockingQueue.poll(LinkedBlockingQueue.java:467)
        at org.apache.hadoop.ipc.CallQueueManager.take(CallQueueManager.java:317)
        at org.apache.hadoop.ipc.Server$Handler.run(Server.java:2942)
"IPC Server handler 8 on default port 45267" daemon prio=5 tid=5516 timed_waiting
java.lang.Thread.State: TIMED_WAITING
        at sun.misc.Unsafe.park(Native Method)
        at java.util.concurrent.locks.LockSupport.parkNanos(LockSupport.java:215)
        at java.util.concurrent.locks.AbstractQueuedSynchronizer$ConditionObject.awaitNanos(AbstractQueuedSynchronizer.java:2078)
        at java.util.concurrent.LinkedBlockingQueue.poll(LinkedBlockingQueue.java:467)
        at org.apache.hadoop.ipc.CallQueueManager.take(CallQueueManager.java:317)
        at org.apache.hadoop.ipc.Server$Handler.run(Server.java:2942)
"ChunkWriter-1-0" daemon prio=5 tid=4414 in Object.wait()
java.lang.Thread.State: WAITING (on object monitor)
        at sun.misc.Unsafe.park(Native Method)
        at java.util.concurrent.locks.LockSupport.park(LockSupport.java:175)
        at java.util.concurrent.locks.AbstractQueuedSynchronizer$ConditionObject.await(AbstractQueuedSynchronizer.java:2039)
        at java.util.concurrent.LinkedBlockingDeque.takeFirst(LinkedBlockingDeque.java:492)
        at java.util.concurrent.LinkedBlockingDeque.take(LinkedBlockingDeque.java:680)
        at java.util.concurrent.ThreadPoolExecutor.getTask(ThreadPoolExecutor.java:1074)
        at java.util.concurrent.ThreadPoolExecutor.runWorker(ThreadPoolExecutor.java:1134)
        at java.util.concurrent.ThreadPoolExecutor$Worker.run(ThreadPoolExecutor.java:624)
        at java.lang.Thread.run(Thread.java:750)
"pool-2470-thread-1"  prio=5 tid=5416 in Object.wait()
java.lang.Thread.State: WAITING (on object monitor)
        at sun.misc.Unsafe.park(Native Method)
        at java.util.concurrent.locks.LockSupport.park(LockSupport.java:175)
        at java.util.concurrent.locks.AbstractQueuedSynchronizer$ConditionObject.await(AbstractQueuedSynchronizer.java:2039)
        at java.util.concurrent.LinkedBlockingQueue.take(LinkedBlockingQueue.java:442)
        at java.util.concurrent.ThreadPoolExecutor.getTask(ThreadPoolExecutor.java:1074)
        at java.util.concurrent.ThreadPoolExecutor.runWorker(ThreadPoolExecutor.java:1134)
        at java.util.concurrent.ThreadPoolExecutor$Worker.run(ThreadPoolExecutor.java:624)
        at java.lang.Thread.run(Thread.java:750)
"IPC Server handler 2 on default port 40433" daemon prio=5 tid=4812 timed_waiting
java.lang.Thread.State: TIMED_WAITING
        at sun.misc.Unsafe.park(Native Method)
        at java.util.concurrent.locks.LockSupport.parkNanos(LockSupport.java:215)
        at java.util.concurrent.locks.AbstractQueuedSynchronizer$ConditionObject.awaitNanos(AbstractQueuedSynchronizer.java:2078)
        at java.util.concurrent.LinkedBlockingQueue.poll(LinkedBlockingQueue.java:467)
        at org.apache.hadoop.ipc.CallQueueManager.take(CallQueueManager.java:317)
        at org.apache.hadoop.ipc.Server$Handler.run(Server.java:2942)
"FixedThreadPoolWithAffinityExecutor-6-0" daemon prio=5 tid=4760 timed_waiting
java.lang.Thread.State: TIMED_WAITING
        at sun.misc.Unsafe.park(Native Method)
        at java.util.concurrent.locks.LockSupport.parkNanos(LockSupport.java:215)
        at java.util.concurrent.locks.AbstractQueuedSynchronizer$ConditionObject.awaitNanos(AbstractQueuedSynchronizer.java:2078)
        at java.util.concurrent.LinkedBlockingQueue.poll(LinkedBlockingQueue.java:467)
        at org.apache.hadoop.hdds.scm.server.ContainerReportQueue.poll(ContainerReportQueue.java:266)
        at org.apache.hadoop.hdds.scm.server.ContainerReportQueue.poll(ContainerReportQueue.java:42)
        at org.apache.hadoop.hdds.server.events.FixedThreadPoolWithAffinityExecutor$ContainerReportProcessTask.run(FixedThreadPoolWithAffinityExecutor.java:248)
        at java.util.concurrent.Executors$RunnableAdapter.call(Executors.java:511)
        at java.util.concurrent.FutureTask.run(FutureTask.java:266)
        at java.util.concurrent.ThreadPoolExecutor.runWorker(ThreadPoolExecutor.java:1149)
        at java.util.concurrent.ThreadPoolExecutor$Worker.run(ThreadPoolExecutor.java:624)
        at java.lang.Thread.run(Thread.java:750)
"IPC Server handler 6 on default port 45833" daemon prio=5 tid=3248 timed_waiting
java.lang.Thread.State: TIMED_WAITING
        at sun.misc.Unsafe.park(Native Method)
        at java.util.concurrent.locks.LockSupport.parkNanos(LockSupport.java:215)
        at java.util.concurrent.locks.AbstractQueuedSynchronizer$ConditionObject.awaitNanos(AbstractQueuedSynchronizer.java:2078)
        at java.util.concurrent.LinkedBlockingQueue.poll(LinkedBlockingQueue.java:467)
        at org.apache.hadoop.ipc.CallQueueManager.take(CallQueueManager.java:317)
        at org.apache.hadoop.ipc.Server$Handler.run(Server.java:2942)
"org.apache.hadoop.util.JvmPauseMonitor$Monitor@7c8a8c2f" daemon prio=5 tid=3422 timed_waiting
java.lang.Thread.State: TIMED_WAITING
        at java.lang.Thread.sleep(Native Method)
        at org.apache.hadoop.util.JvmPauseMonitor$Monitor.run(JvmPauseMonitor.java:192)
        at java.lang.Thread.run(Thread.java:750)
"4a771e97-762c-4a8a-bccd-860d81b1b0e2-impl-thread1"  prio=5 tid=5172 timed_waiting
java.lang.Thread.State: TIMED_WAITING
        at sun.misc.Unsafe.park(Native Method)
        at java.util.concurrent.locks.LockSupport.parkNanos(LockSupport.java:215)
        at java.util.concurrent.SynchronousQueue$TransferStack.awaitFulfill(SynchronousQueue.java:460)
        at java.util.concurrent.SynchronousQueue$TransferStack.transfer(SynchronousQueue.java:362)
        at java.util.concurrent.SynchronousQueue.poll(SynchronousQueue.java:941)
        at java.util.concurrent.ThreadPoolExecutor.getTask(ThreadPoolExecutor.java:1073)
        at java.util.concurrent.ThreadPoolExecutor.runWorker(ThreadPoolExecutor.java:1134)
        at java.util.concurrent.ThreadPoolExecutor$Worker.run(ThreadPoolExecutor.java:624)
        at java.lang.Thread.run(Thread.java:750)
"pool-2502-thread-1"  prio=5 tid=5075 timed_waiting
java.lang.Thread.State: TIMED_WAITING
        at sun.misc.Unsafe.park(Native Method)
        at java.util.concurrent.locks.LockSupport.parkNanos(LockSupport.java:215)
        at java.util.concurrent.locks.AbstractQueuedSynchronizer$ConditionObject.awaitNanos(AbstractQueuedSynchronizer.java:2078)
        at java.util.concurrent.ScheduledThreadPoolExecutor$DelayedWorkQueue.take(ScheduledThreadPoolExecutor.java:1093)
        at java.util.concurrent.ScheduledThreadPoolExecutor$DelayedWorkQueue.take(ScheduledThreadPoolExecutor.java:809)
        at java.util.concurrent.ThreadPoolExecutor.getTask(ThreadPoolExecutor.java:1074)
        at java.util.concurrent.ThreadPoolExecutor.runWorker(ThreadPoolExecutor.java:1134)
        at java.util.concurrent.ThreadPoolExecutor$Worker.run(ThreadPoolExecutor.java:624)
        at java.lang.Thread.run(Thread.java:750)
"IPC Server handler 13 on default port 39657" daemon prio=5 tid=4970 timed_waiting
java.lang.Thread.State: TIMED_WAITING
        at sun.misc.Unsafe.park(Native Method)
        at java.util.concurrent.locks.LockSupport.parkNanos(LockSupport.java:215)
        at java.util.concurrent.locks.AbstractQueuedSynchronizer$ConditionObject.awaitNanos(AbstractQueuedSynchronizer.java:2078)
        at java.util.concurrent.LinkedBlockingQueue.poll(LinkedBlockingQueue.java:467)
        at org.apache.hadoop.ipc.CallQueueManager.take(CallQueueManager.java:317)
        at org.apache.hadoop.ipc.Server$Handler.run(Server.java:2942)
"ChunkReader-ELG-0" daemon prio=5 tid=4384 runnable
java.lang.Thread.State: RUNNABLE
        at org.apache.ratis.thirdparty.io.netty.channel.epoll.Native.epollWait(Native Method)
        at org.apache.ratis.thirdparty.io.netty.channel.epoll.Native.epollWait(Native.java:209)
        at org.apache.ratis.thirdparty.io.netty.channel.epoll.Native.epollWait(Native.java:202)
        at org.apache.ratis.thirdparty.io.netty.channel.epoll.EpollEventLoop.epollWaitNoTimerChange(EpollEventLoop.java:294)
        at org.apache.ratis.thirdparty.io.netty.channel.epoll.EpollEventLoop.run(EpollEventLoop.java:351)
        at org.apache.ratis.thirdparty.io.netty.util.concurrent.SingleThreadEventExecutor$4.run(SingleThreadEventExecutor.java:995)
        at org.apache.ratis.thirdparty.io.netty.util.internal.ThreadExecutorMap$2.run(ThreadExecutorMap.java:74)
        at java.lang.Thread.run(Thread.java:750)
"277e5bbd-414d-4f19-87c3-552c8f153d3d@group-AE848D27C9F4->62944fc1-681b-46bd-93f7-2482762a7b31-GrpcLogAppender-LogAppenderDaemon" daemon prio=5 tid=5457 timed_waiting
java.lang.Thread.State: TIMED_WAITING
        at sun.misc.Unsafe.park(Native Method)
        at java.util.concurrent.locks.LockSupport.parkNanos(LockSupport.java:215)
        at java.util.concurrent.CompletableFuture$Signaller.block(CompletableFuture.java:1709)
        at java.util.concurrent.ForkJoinPool.managedBlock(ForkJoinPool.java:3323)
        at java.util.concurrent.CompletableFuture.timedGet(CompletableFuture.java:1788)
        at java.util.concurrent.CompletableFuture.get(CompletableFuture.java:1928)
        at org.apache.ratis.util.AwaitForSignal.await(AwaitForSignal.java:56)
        at org.apache.ratis.grpc.server.GrpcLogAppender.mayWait(GrpcLogAppender.java:198)
        at org.apache.ratis.grpc.server.GrpcLogAppender.run(GrpcLogAppender.java:148)
        at org.apache.ratis.server.leader.LogAppenderDaemon.run(LogAppenderDaemon.java:78)
        at org.apache.ratis.server.leader.LogAppenderDaemon$$Lambda$1074/1442786329.run(Unknown Source)
        at java.lang.Thread.run(Thread.java:750)
"BlockDeletingService#0" daemon prio=5 tid=5378 timed_waiting
java.lang.Thread.State: TIMED_WAITING
        at sun.misc.Unsafe.park(Native Method)
        at java.util.concurrent.locks.LockSupport.parkNanos(LockSupport.java:215)
        at java.util.concurrent.locks.AbstractQueuedSynchronizer$ConditionObject.awaitNanos(AbstractQueuedSynchronizer.java:2078)
        at java.util.concurrent.ScheduledThreadPoolExecutor$DelayedWorkQueue.take(ScheduledThreadPoolExecutor.java:1093)
        at java.util.concurrent.ScheduledThreadPoolExecutor$DelayedWorkQueue.take(ScheduledThreadPoolExecutor.java:809)
        at java.util.concurrent.ThreadPoolExecutor.getTask(ThreadPoolExecutor.java:1074)
        at java.util.concurrent.ThreadPoolExecutor.runWorker(ThreadPoolExecutor.java:1134)
        at java.util.concurrent.ThreadPoolExecutor$Worker.run(ThreadPoolExecutor.java:624)
        at java.lang.Thread.run(Thread.java:750)
"277e5bbd-414d-4f19-87c3-552c8f153d3d@group-CC27DDF35DA3-SegmentedRaftLogWorker"  prio=5 tid=3626 timed_waiting
java.lang.Thread.State: TIMED_WAITING
        at sun.misc.Unsafe.park(Native Method)
        at java.util.concurrent.locks.LockSupport.parkNanos(LockSupport.java:215)
        at java.util.concurrent.locks.AbstractQueuedSynchronizer$ConditionObject.awaitNanos(AbstractQueuedSynchronizer.java:2078)
        at org.apache.ratis.util.DataBlockingQueue.poll(DataBlockingQueue.java:148)
        at org.apache.ratis.server.raftlog.segmented.SegmentedRaftLogWorker.run(SegmentedRaftLogWorker.java:310)
        at org.apache.ratis.server.raftlog.segmented.SegmentedRaftLogWorker$$Lambda$699/1369416112.run(Unknown Source)
        at java.lang.Thread.run(Thread.java:750)
"EventQueue-OpenPipelineForHealthyPipelineSafeModeRule" daemon prio=5 tid=5410 in Object.wait()
java.lang.Thread.State: WAITING (on object monitor)
        at sun.misc.Unsafe.park(Native Method)
        at java.util.concurrent.locks.LockSupport.park(LockSupport.java:175)
        at java.util.concurrent.locks.AbstractQueuedSynchronizer$ConditionObject.await(AbstractQueuedSynchronizer.java:2039)
        at java.util.concurrent.LinkedBlockingQueue.take(LinkedBlockingQueue.java:442)
        at java.util.concurrent.ThreadPoolExecutor.getTask(ThreadPoolExecutor.java:1074)
        at java.util.concurrent.ThreadPoolExecutor.runWorker(ThreadPoolExecutor.java:1134)
        at java.util.concurrent.ThreadPoolExecutor$Worker.run(ThreadPoolExecutor.java:624)
        at java.lang.Thread.run(Thread.java:750)
"DataNode DiskChecker thread 0" daemon prio=5 tid=5096 timed_waiting
java.lang.Thread.State: TIMED_WAITING
        at sun.misc.Unsafe.park(Native Method)
        at java.util.concurrent.locks.LockSupport.parkNanos(LockSupport.java:215)
        at java.util.concurrent.SynchronousQueue$TransferStack.awaitFulfill(SynchronousQueue.java:460)
        at java.util.concurrent.SynchronousQueue$TransferStack.transfer(SynchronousQueue.java:362)
        at java.util.concurrent.SynchronousQueue.poll(SynchronousQueue.java:941)
        at java.util.concurrent.ThreadPoolExecutor.getTask(ThreadPoolExecutor.java:1073)
        at java.util.concurrent.ThreadPoolExecutor.runWorker(ThreadPoolExecutor.java:1134)
        at java.util.concurrent.ThreadPoolExecutor$Worker.run(ThreadPoolExecutor.java:624)
        at java.lang.Thread.run(Thread.java:750)
"FullTableCache Cleanup Thread - 0" daemon prio=5 tid=2914 in Object.wait()
java.lang.Thread.State: WAITING (on object monitor)
        at sun.misc.Unsafe.park(Native Method)
        at java.util.concurrent.locks.LockSupport.park(LockSupport.java:175)
        at java.util.concurrent.locks.AbstractQueuedSynchronizer$ConditionObject.await(AbstractQueuedSynchronizer.java:2039)
        at java.util.concurrent.LinkedBlockingQueue.take(LinkedBlockingQueue.java:442)
        at java.util.concurrent.ThreadPoolExecutor.getTask(ThreadPoolExecutor.java:1074)
        at java.util.concurrent.ThreadPoolExecutor.runWorker(ThreadPoolExecutor.java:1134)
        at java.util.concurrent.ThreadPoolExecutor$Worker.run(ThreadPoolExecutor.java:624)
        at java.lang.Thread.run(Thread.java:750)
"IPC Server handler 19 on default port 39657" daemon prio=5 tid=4976 timed_waiting
java.lang.Thread.State: TIMED_WAITING
        at sun.misc.Unsafe.park(Native Method)
        at java.util.concurrent.locks.LockSupport.parkNanos(LockSupport.java:215)
        at java.util.concurrent.locks.AbstractQueuedSynchronizer$ConditionObject.awaitNanos(AbstractQueuedSynchronizer.java:2078)
        at java.util.concurrent.LinkedBlockingQueue.poll(LinkedBlockingQueue.java:467)
        at org.apache.hadoop.ipc.CallQueueManager.take(CallQueueManager.java:317)
        at org.apache.hadoop.ipc.Server$Handler.run(Server.java:2942)
"EventQueue-PipelineReportForOneReplicaPipelineSafeModeRule" daemon prio=5 tid=5364 in Object.wait()
java.lang.Thread.State: WAITING (on object monitor)
        at sun.misc.Unsafe.park(Native Method)
        at java.util.concurrent.locks.LockSupport.park(LockSupport.java:175)
        at java.util.concurrent.locks.AbstractQueuedSynchronizer$ConditionObject.await(AbstractQueuedSynchronizer.java:2039)
        at java.util.concurrent.LinkedBlockingQueue.take(LinkedBlockingQueue.java:442)
        at java.util.concurrent.ThreadPoolExecutor.getTask(ThreadPoolExecutor.java:1074)
        at java.util.concurrent.ThreadPoolExecutor.runWorker(ThreadPoolExecutor.java:1134)
        at java.util.concurrent.ThreadPoolExecutor$Worker.run(ThreadPoolExecutor.java:624)
        at java.lang.Thread.run(Thread.java:750)
"pool-2433-thread-1"  prio=5 tid=4995 timed_waiting
java.lang.Thread.State: TIMED_WAITING
        at sun.misc.Unsafe.park(Native Method)
        at java.util.concurrent.locks.LockSupport.parkNanos(LockSupport.java:215)
        at java.util.concurrent.locks.AbstractQueuedSynchronizer$ConditionObject.awaitNanos(AbstractQueuedSynchronizer.java:2078)
        at java.util.concurrent.ScheduledThreadPoolExecutor$DelayedWorkQueue.take(ScheduledThreadPoolExecutor.java:1093)
        at java.util.concurrent.ScheduledThreadPoolExecutor$DelayedWorkQueue.take(ScheduledThreadPoolExecutor.java:809)
        at java.util.concurrent.ThreadPoolExecutor.getTask(ThreadPoolExecutor.java:1074)
        at java.util.concurrent.ThreadPoolExecutor.runWorker(ThreadPoolExecutor.java:1134)
        at java.util.concurrent.ThreadPoolExecutor$Worker.run(ThreadPoolExecutor.java:624)
        at java.lang.Thread.run(Thread.java:750)
"ContainerOp-d03e4836-7d8d-4de7-87bd-2d1f402832ad-9"  prio=5 tid=4875 in Object.wait()
java.lang.Thread.State: WAITING (on object monitor)
        at sun.misc.Unsafe.park(Native Method)
        at java.util.concurrent.locks.LockSupport.park(LockSupport.java:175)
        at java.util.concurrent.locks.AbstractQueuedSynchronizer$ConditionObject.await(AbstractQueuedSynchronizer.java:2039)
        at java.util.concurrent.LinkedBlockingQueue.take(LinkedBlockingQueue.java:442)
        at java.util.concurrent.ThreadPoolExecutor.getTask(ThreadPoolExecutor.java:1074)
        at java.util.concurrent.ThreadPoolExecutor.runWorker(ThreadPoolExecutor.java:1134)
        at java.util.concurrent.ThreadPoolExecutor$Worker.run(ThreadPoolExecutor.java:624)
        at java.lang.Thread.run(Thread.java:750)
"qtp1299110638-4201" daemon prio=5 tid=4201 timed_waiting
java.lang.Thread.State: TIMED_WAITING
        at sun.misc.Unsafe.park(Native Method)
        at java.util.concurrent.locks.LockSupport.parkNanos(LockSupport.java:215)
        at java.util.concurrent.locks.AbstractQueuedSynchronizer$ConditionObject.awaitNanos(AbstractQueuedSynchronizer.java:2078)
        at org.eclipse.jetty.util.BlockingArrayQueue.poll(BlockingArrayQueue.java:382)
        at org.eclipse.jetty.util.thread.QueuedThreadPool$Runner.idleJobPoll(QueuedThreadPool.java:974)
        at org.eclipse.jetty.util.thread.QueuedThreadPool$Runner.run(QueuedThreadPool.java:1018)
        at java.lang.Thread.run(Thread.java:750)
"IPC Server handler 1 on default port 39603" daemon prio=5 tid=3763 timed_waiting
java.lang.Thread.State: TIMED_WAITING
        at sun.misc.Unsafe.park(Native Method)
        at java.util.concurrent.locks.LockSupport.parkNanos(LockSupport.java:215)
        at java.util.concurrent.locks.AbstractQueuedSynchronizer$ConditionObject.awaitNanos(AbstractQueuedSynchronizer.java:2078)
        at java.util.concurrent.LinkedBlockingQueue.poll(LinkedBlockingQueue.java:467)
        at org.apache.hadoop.ipc.CallQueueManager.take(CallQueueManager.java:317)
        at org.apache.hadoop.ipc.Server$Handler.run(Server.java:2942)
"IPC Server Responder" daemon prio=5 tid=4745 runnable
java.lang.Thread.State: RUNNABLE
        at sun.nio.ch.EPollArrayWrapper.epollWait(Native Method)
        at sun.nio.ch.EPollArrayWrapper.poll(EPollArrayWrapper.java:269)
        at sun.nio.ch.EPollSelectorImpl.doSelect(EPollSelectorImpl.java:93)
        at sun.nio.ch.SelectorImpl.lockAndDoSelect(SelectorImpl.java:86)
        at sun.nio.ch.SelectorImpl.select(SelectorImpl.java:97)
        at org.apache.hadoop.ipc.Server$Responder.doRunLoop(Server.java:1532)
        at org.apache.hadoop.ipc.Server$Responder.run(Server.java:1515)
"CommandWatcher-LeaseManager#LeaseMonitor" daemon prio=5 tid=5507 timed_waiting
java.lang.Thread.State: TIMED_WAITING
        at java.lang.Object.wait(Native Method)
        at org.apache.hadoop.ozone.lease.LeaseManager$LeaseMonitor.run(LeaseManager.java:238)
        at java.lang.Thread.run(Thread.java:750)
"BlockDeletingService#2" daemon prio=5 tid=5649 in Object.wait()
java.lang.Thread.State: WAITING (on object monitor)
        at sun.misc.Unsafe.park(Native Method)
        at java.util.concurrent.locks.LockSupport.park(LockSupport.java:175)
        at java.util.concurrent.locks.AbstractQueuedSynchronizer$ConditionObject.await(AbstractQueuedSynchronizer.java:2039)
        at java.util.concurrent.ScheduledThreadPoolExecutor$DelayedWorkQueue.take(ScheduledThreadPoolExecutor.java:1088)
        at java.util.concurrent.ScheduledThreadPoolExecutor$DelayedWorkQueue.take(ScheduledThreadPoolExecutor.java:809)
        at java.util.concurrent.ThreadPoolExecutor.getTask(ThreadPoolExecutor.java:1074)
        at java.util.concurrent.ThreadPoolExecutor.runWorker(ThreadPoolExecutor.java:1134)
        at java.util.concurrent.ThreadPoolExecutor$Worker.run(ThreadPoolExecutor.java:624)
        at java.lang.Thread.run(Thread.java:750)
"qtp612244147-3239" daemon prio=5 tid=3239 timed_waiting
java.lang.Thread.State: TIMED_WAITING
        at sun.misc.Unsafe.park(Native Method)
        at java.util.concurrent.locks.LockSupport.parkNanos(LockSupport.java:215)
        at java.util.concurrent.locks.AbstractQueuedSynchronizer$ConditionObject.awaitNanos(AbstractQueuedSynchronizer.java:2078)
        at org.eclipse.jetty.util.BlockingArrayQueue.poll(BlockingArrayQueue.java:382)
        at org.eclipse.jetty.util.thread.QueuedThreadPool$Runner.idleJobPoll(QueuedThreadPool.java:974)
        at org.eclipse.jetty.util.thread.QueuedThreadPool$Runner.run(QueuedThreadPool.java:1018)
        at java.lang.Thread.run(Thread.java:750)
"EndpointStateMachine task thread for /0.0.0.0:41341 - 0 "  prio=5 tid=4287 in Object.wait()
java.lang.Thread.State: WAITING (on object monitor)
        at sun.misc.Unsafe.park(Native Method)
        at java.util.concurrent.locks.LockSupport.park(LockSupport.java:175)
        at java.util.concurrent.locks.AbstractQueuedSynchronizer$ConditionObject.await(AbstractQueuedSynchronizer.java:2039)
        at java.util.concurrent.LinkedBlockingQueue.take(LinkedBlockingQueue.java:442)
        at java.util.concurrent.ThreadPoolExecutor.getTask(ThreadPoolExecutor.java:1074)
        at java.util.concurrent.ThreadPoolExecutor.runWorker(ThreadPoolExecutor.java:1134)
        at java.util.concurrent.ThreadPoolExecutor$Worker.run(ThreadPoolExecutor.java:624)
        at java.lang.Thread.run(Thread.java:750)
"IPC Server handler 16 on default port 36157" daemon prio=5 tid=5564 timed_waiting
java.lang.Thread.State: TIMED_WAITING
        at sun.misc.Unsafe.park(Native Method)
        at java.util.concurrent.locks.LockSupport.parkNanos(LockSupport.java:215)
        at java.util.concurrent.locks.AbstractQueuedSynchronizer$ConditionObject.awaitNanos(AbstractQueuedSynchronizer.java:2078)
        at java.util.concurrent.LinkedBlockingQueue.poll(LinkedBlockingQueue.java:467)
        at org.apache.hadoop.ipc.CallQueueManager.take(CallQueueManager.java:317)
        at org.apache.hadoop.ipc.Server$Handler.run(Server.java:2942)
"StaleRecoveringContainerScrubbingService#0" daemon prio=5 tid=4386 timed_waiting
java.lang.Thread.State: TIMED_WAITING
        at sun.misc.Unsafe.park(Native Method)
        at java.util.concurrent.locks.LockSupport.parkNanos(LockSupport.java:215)
        at java.util.concurrent.locks.AbstractQueuedSynchronizer$ConditionObject.awaitNanos(AbstractQueuedSynchronizer.java:2078)
        at java.util.concurrent.ScheduledThreadPoolExecutor$DelayedWorkQueue.take(ScheduledThreadPoolExecutor.java:1093)
        at java.util.concurrent.ScheduledThreadPoolExecutor$DelayedWorkQueue.take(ScheduledThreadPoolExecutor.java:809)
        at java.util.concurrent.ThreadPoolExecutor.getTask(ThreadPoolExecutor.java:1074)
        at java.util.concurrent.ThreadPoolExecutor.runWorker(ThreadPoolExecutor.java:1134)
        at java.util.concurrent.ThreadPoolExecutor$Worker.run(ThreadPoolExecutor.java:624)
        at java.lang.Thread.run(Thread.java:750)
"org.apache.hadoop.util.JvmPauseMonitor$Monitor@1600bee" daemon prio=5 tid=4319 timed_waiting
java.lang.Thread.State: TIMED_WAITING
        at java.lang.Thread.sleep(Native Method)
        at org.apache.hadoop.util.JvmPauseMonitor$Monitor.run(JvmPauseMonitor.java:192)
        at java.lang.Thread.run(Thread.java:750)
"IPC Server handler 7 on default port 40433" daemon prio=5 tid=4817 timed_waiting
java.lang.Thread.State: TIMED_WAITING
        at sun.misc.Unsafe.park(Native Method)
        at java.util.concurrent.locks.LockSupport.parkNanos(LockSupport.java:215)
        at java.util.concurrent.locks.AbstractQueuedSynchronizer$ConditionObject.awaitNanos(AbstractQueuedSynchronizer.java:2078)
        at java.util.concurrent.LinkedBlockingQueue.poll(LinkedBlockingQueue.java:467)
        at org.apache.hadoop.ipc.CallQueueManager.take(CallQueueManager.java:317)
        at org.apache.hadoop.ipc.Server$Handler.run(Server.java:2942)
"Periodic HDDS volume checker" daemon prio=5 tid=4181 timed_waiting
java.lang.Thread.State: TIMED_WAITING
        at sun.misc.Unsafe.park(Native Method)
        at java.util.concurrent.locks.LockSupport.parkNanos(LockSupport.java:215)
        at java.util.concurrent.locks.AbstractQueuedSynchronizer$ConditionObject.awaitNanos(AbstractQueuedSynchronizer.java:2078)
        at java.util.concurrent.ScheduledThreadPoolExecutor$DelayedWorkQueue.take(ScheduledThreadPoolExecutor.java:1093)
        at java.util.concurrent.ScheduledThreadPoolExecutor$DelayedWorkQueue.take(ScheduledThreadPoolExecutor.java:809)
        at java.util.concurrent.ThreadPoolExecutor.getTask(ThreadPoolExecutor.java:1074)
        at java.util.concurrent.ThreadPoolExecutor.runWorker(ThreadPoolExecutor.java:1134)
        at java.util.concurrent.ThreadPoolExecutor$Worker.run(ThreadPoolExecutor.java:624)
        at java.lang.Thread.run(Thread.java:750)
"ChunkWriter-2-0" daemon prio=5 tid=4397 in Object.wait()
java.lang.Thread.State: WAITING (on object monitor)
        at sun.misc.Unsafe.park(Native Method)
        at java.util.concurrent.locks.LockSupport.park(LockSupport.java:175)
        at java.util.concurrent.locks.AbstractQueuedSynchronizer$ConditionObject.await(AbstractQueuedSynchronizer.java:2039)
        at java.util.concurrent.LinkedBlockingDeque.takeFirst(LinkedBlockingDeque.java:492)
        at java.util.concurrent.LinkedBlockingDeque.take(LinkedBlockingDeque.java:680)
        at java.util.concurrent.ThreadPoolExecutor.getTask(ThreadPoolExecutor.java:1074)
        at java.util.concurrent.ThreadPoolExecutor.runWorker(ThreadPoolExecutor.java:1134)
        at java.util.concurrent.ThreadPoolExecutor$Worker.run(ThreadPoolExecutor.java:624)
        at java.lang.Thread.run(Thread.java:750)
"4e9d01e2-99f3-4323-a596-366f46fa44e1@group-AE848D27C9F4-SegmentedRaftLogWorker"  prio=5 tid=5232 timed_waiting
java.lang.Thread.State: TIMED_WAITING
        at sun.misc.Unsafe.park(Native Method)
        at java.util.concurrent.locks.LockSupport.parkNanos(LockSupport.java:215)
        at java.util.concurrent.locks.AbstractQueuedSynchronizer$ConditionObject.awaitNanos(AbstractQueuedSynchronizer.java:2078)
        at org.apache.ratis.util.DataBlockingQueue.poll(DataBlockingQueue.java:148)
        at org.apache.ratis.server.raftlog.segmented.SegmentedRaftLogWorker.run(SegmentedRaftLogWorker.java:310)
        at org.apache.ratis.server.raftlog.segmented.SegmentedRaftLogWorker$$Lambda$699/1369416112.run(Unknown Source)
        at java.lang.Thread.run(Thread.java:750)
"Datanode ReportManager Thread - 2" daemon prio=5 tid=4353 in Object.wait()
java.lang.Thread.State: WAITING (on object monitor)
        at sun.misc.Unsafe.park(Native Method)
        at java.util.concurrent.locks.LockSupport.park(LockSupport.java:175)
        at java.util.concurrent.locks.AbstractQueuedSynchronizer$ConditionObject.await(AbstractQueuedSynchronizer.java:2039)
        at java.util.concurrent.ScheduledThreadPoolExecutor$DelayedWorkQueue.take(ScheduledThreadPoolExecutor.java:1088)
        at java.util.concurrent.ScheduledThreadPoolExecutor$DelayedWorkQueue.take(ScheduledThreadPoolExecutor.java:809)
        at java.util.concurrent.ThreadPoolExecutor.getTask(ThreadPoolExecutor.java:1074)
        at java.util.concurrent.ThreadPoolExecutor.runWorker(ThreadPoolExecutor.java:1134)
        at java.util.concurrent.ThreadPoolExecutor$Worker.run(ThreadPoolExecutor.java:624)
        at java.lang.Thread.run(Thread.java:750)
"PartialTableCache Cleanup Thread - 0" daemon prio=5 tid=4718 in Object.wait()
java.lang.Thread.State: WAITING (on object monitor)
        at sun.misc.Unsafe.park(Native Method)
        at java.util.concurrent.locks.LockSupport.park(LockSupport.java:175)
        at java.util.concurrent.locks.AbstractQueuedSynchronizer$ConditionObject.await(AbstractQueuedSynchronizer.java:2039)
        at java.util.concurrent.LinkedBlockingQueue.take(LinkedBlockingQueue.java:442)
        at java.util.concurrent.ThreadPoolExecutor.getTask(ThreadPoolExecutor.java:1074)
        at java.util.concurrent.ThreadPoolExecutor.runWorker(ThreadPoolExecutor.java:1134)
        at java.util.concurrent.ThreadPoolExecutor$Worker.run(ThreadPoolExecutor.java:624)
        at java.lang.Thread.run(Thread.java:750)
"ChunkWriter-1-0" daemon prio=5 tid=5149 in Object.wait()
java.lang.Thread.State: WAITING (on object monitor)
        at sun.misc.Unsafe.park(Native Method)
        at java.util.concurrent.locks.LockSupport.park(LockSupport.java:175)
        at java.util.concurrent.locks.AbstractQueuedSynchronizer$ConditionObject.await(AbstractQueuedSynchronizer.java:2039)
        at java.util.concurrent.LinkedBlockingDeque.takeFirst(LinkedBlockingDeque.java:492)
        at java.util.concurrent.LinkedBlockingDeque.take(LinkedBlockingDeque.java:680)
        at java.util.concurrent.ThreadPoolExecutor.getTask(ThreadPoolExecutor.java:1074)
        at java.util.concurrent.ThreadPoolExecutor.runWorker(ThreadPoolExecutor.java:1134)
        at java.util.concurrent.ThreadPoolExecutor$Worker.run(ThreadPoolExecutor.java:624)
        at java.lang.Thread.run(Thread.java:750)
"IPC Server handler 14 on default port 39603" daemon prio=5 tid=3776 timed_waiting
java.lang.Thread.State: TIMED_WAITING
        at sun.misc.Unsafe.park(Native Method)
        at java.util.concurrent.locks.LockSupport.parkNanos(LockSupport.java:215)
        at java.util.concurrent.locks.AbstractQueuedSynchronizer$ConditionObject.awaitNanos(AbstractQueuedSynchronizer.java:2078)
        at java.util.concurrent.LinkedBlockingQueue.poll(LinkedBlockingQueue.java:467)
        at org.apache.hadoop.ipc.CallQueueManager.take(CallQueueManager.java:317)
        at org.apache.hadoop.ipc.Server$Handler.run(Server.java:2942)
"IPC Server handler 2 on default port 45267" daemon prio=5 tid=5510 timed_waiting
java.lang.Thread.State: TIMED_WAITING
        at sun.misc.Unsafe.park(Native Method)
        at java.util.concurrent.locks.LockSupport.parkNanos(LockSupport.java:215)
        at java.util.concurrent.locks.AbstractQueuedSynchronizer$ConditionObject.awaitNanos(AbstractQueuedSynchronizer.java:2078)
        at java.util.concurrent.LinkedBlockingQueue.poll(LinkedBlockingQueue.java:467)
        at org.apache.hadoop.ipc.CallQueueManager.take(CallQueueManager.java:317)
        at org.apache.hadoop.ipc.Server$Handler.run(Server.java:2942)
"qtp1138839318-3277" daemon prio=5 tid=3277 timed_waiting
java.lang.Thread.State: TIMED_WAITING
        at sun.misc.Unsafe.park(Native Method)
        at java.util.concurrent.locks.LockSupport.parkNanos(LockSupport.java:215)
        at java.util.concurrent.locks.AbstractQueuedSynchronizer$ConditionObject.awaitNanos(AbstractQueuedSynchronizer.java:2078)
        at org.eclipse.jetty.util.BlockingArrayQueue.poll(BlockingArrayQueue.java:382)
        at org.eclipse.jetty.util.thread.QueuedThreadPool$Runner.idleJobPoll(QueuedThreadPool.java:974)
        at org.eclipse.jetty.util.thread.QueuedThreadPool$Runner.run(QueuedThreadPool.java:1018)
        at java.lang.Thread.run(Thread.java:750)
"Session-HouseKeeper-1c98c4d0-1"  prio=5 tid=5058 timed_waiting
java.lang.Thread.State: TIMED_WAITING
        at sun.misc.Unsafe.park(Native Method)
        at java.util.concurrent.locks.LockSupport.parkNanos(LockSupport.java:215)
        at java.util.concurrent.locks.AbstractQueuedSynchronizer$ConditionObject.awaitNanos(AbstractQueuedSynchronizer.java:2078)
        at java.util.concurrent.ScheduledThreadPoolExecutor$DelayedWorkQueue.take(ScheduledThreadPoolExecutor.java:1093)
        at java.util.concurrent.ScheduledThreadPoolExecutor$DelayedWorkQueue.take(ScheduledThreadPoolExecutor.java:809)
        at java.util.concurrent.ThreadPoolExecutor.getTask(ThreadPoolExecutor.java:1074)
        at java.util.concurrent.ThreadPoolExecutor.runWorker(ThreadPoolExecutor.java:1134)
        at java.util.concurrent.ThreadPoolExecutor$Worker.run(ThreadPoolExecutor.java:624)
        at java.lang.Thread.run(Thread.java:750)
"IPC Server handler 10 on default port 36157" daemon prio=5 tid=5558 timed_waiting
java.lang.Thread.State: TIMED_WAITING
        at sun.misc.Unsafe.park(Native Method)
        at java.util.concurrent.locks.LockSupport.parkNanos(LockSupport.java:215)
        at java.util.concurrent.locks.AbstractQueuedSynchronizer$ConditionObject.awaitNanos(AbstractQueuedSynchronizer.java:2078)
        at java.util.concurrent.LinkedBlockingQueue.poll(LinkedBlockingQueue.java:467)
        at org.apache.hadoop.ipc.CallQueueManager.take(CallQueueManager.java:317)
        at org.apache.hadoop.ipc.Server$Handler.run(Server.java:2942)
"4f264252-b644-43b2-b39d-b880ca9b4753@group-D6CD12C78F32-LeaderStateImpl" daemon prio=5 tid=4606 timed_waiting
java.lang.Thread.State: TIMED_WAITING
        at sun.misc.Unsafe.park(Native Method)
        at java.util.concurrent.locks.LockSupport.parkNanos(LockSupport.java:215)
        at java.util.concurrent.locks.AbstractQueuedSynchronizer$ConditionObject.awaitNanos(AbstractQueuedSynchronizer.java:2078)
        at java.util.concurrent.ArrayBlockingQueue.poll(ArrayBlockingQueue.java:418)
        at org.apache.ratis.server.impl.LeaderStateImpl$EventQueue.poll(LeaderStateImpl.java:159)
        at org.apache.ratis.server.impl.LeaderStateImpl$EventProcessor.run(LeaderStateImpl.java:630)
"Datanode ReportManager Thread - 3" daemon prio=5 tid=4218 timed_waiting
java.lang.Thread.State: TIMED_WAITING
        at sun.misc.Unsafe.park(Native Method)
        at java.util.concurrent.locks.LockSupport.parkNanos(LockSupport.java:215)
        at java.util.concurrent.locks.AbstractQueuedSynchronizer$ConditionObject.awaitNanos(AbstractQueuedSynchronizer.java:2078)
        at java.util.concurrent.ScheduledThreadPoolExecutor$DelayedWorkQueue.take(ScheduledThreadPoolExecutor.java:1093)
        at java.util.concurrent.ScheduledThreadPoolExecutor$DelayedWorkQueue.take(ScheduledThreadPoolExecutor.java:809)
        at java.util.concurrent.ThreadPoolExecutor.getTask(ThreadPoolExecutor.java:1074)
        at java.util.concurrent.ThreadPoolExecutor.runWorker(ThreadPoolExecutor.java:1134)
        at java.util.concurrent.ThreadPoolExecutor$Worker.run(ThreadPoolExecutor.java:624)
        at java.lang.Thread.run(Thread.java:750)
"IPC Server handler 15 on default port 36439" daemon prio=5 tid=3799 timed_waiting
java.lang.Thread.State: TIMED_WAITING
        at sun.misc.Unsafe.park(Native Method)
        at java.util.concurrent.locks.LockSupport.parkNanos(LockSupport.java:215)
        at java.util.concurrent.locks.AbstractQueuedSynchronizer$ConditionObject.awaitNanos(AbstractQueuedSynchronizer.java:2078)
        at java.util.concurrent.LinkedBlockingQueue.poll(LinkedBlockingQueue.java:467)
        at org.apache.hadoop.ipc.CallQueueManager.take(CallQueueManager.java:317)
        at org.apache.hadoop.ipc.Server$Handler.run(Server.java:2942)
"BlockDeletingService#0" daemon prio=5 tid=4346 in Object.wait()
java.lang.Thread.State: WAITING (on object monitor)
        at sun.misc.Unsafe.park(Native Method)
        at java.util.concurrent.locks.LockSupport.park(LockSupport.java:175)
        at java.util.concurrent.locks.AbstractQueuedSynchronizer$ConditionObject.await(AbstractQueuedSynchronizer.java:2039)
        at java.util.concurrent.ScheduledThreadPoolExecutor$DelayedWorkQueue.take(ScheduledThreadPoolExecutor.java:1088)
        at java.util.concurrent.ScheduledThreadPoolExecutor$DelayedWorkQueue.take(ScheduledThreadPoolExecutor.java:809)
        at java.util.concurrent.ThreadPoolExecutor.getTask(ThreadPoolExecutor.java:1074)
        at java.util.concurrent.ThreadPoolExecutor.runWorker(ThreadPoolExecutor.java:1134)
        at java.util.concurrent.ThreadPoolExecutor$Worker.run(ThreadPoolExecutor.java:624)
        at java.lang.Thread.run(Thread.java:750)
"IPC Server handler 3 on default port 34157" daemon prio=5 tid=4007 timed_waiting
java.lang.Thread.State: TIMED_WAITING
        at sun.misc.Unsafe.park(Native Method)
        at java.util.concurrent.locks.LockSupport.parkNanos(LockSupport.java:215)
        at java.util.concurrent.locks.AbstractQueuedSynchronizer$ConditionObject.awaitNanos(AbstractQueuedSynchronizer.java:2078)
        at java.util.concurrent.LinkedBlockingQueue.poll(LinkedBlockingQueue.java:467)
        at org.apache.hadoop.ipc.CallQueueManager.take(CallQueueManager.java:317)
        at org.apache.hadoop.ipc.Server$Handler.run(Server.java:2942)
"IPC Server handler 12 on default port 36439" daemon prio=5 tid=3796 timed_waiting
java.lang.Thread.State: TIMED_WAITING
        at sun.misc.Unsafe.park(Native Method)
        at java.util.concurrent.locks.LockSupport.parkNanos(LockSupport.java:215)
        at java.util.concurrent.locks.AbstractQueuedSynchronizer$ConditionObject.awaitNanos(AbstractQueuedSynchronizer.java:2078)
        at java.util.concurrent.LinkedBlockingQueue.poll(LinkedBlockingQueue.java:467)
        at org.apache.hadoop.ipc.CallQueueManager.take(CallQueueManager.java:317)
        at org.apache.hadoop.ipc.Server$Handler.run(Server.java:2942)
"pool-2440-thread-1" daemon prio=5 tid=5017 timed_waiting
java.lang.Thread.State: TIMED_WAITING
        at sun.misc.Unsafe.park(Native Method)
        at java.util.concurrent.locks.LockSupport.parkNanos(LockSupport.java:215)
        at java.util.concurrent.locks.AbstractQueuedSynchronizer$ConditionObject.awaitNanos(AbstractQueuedSynchronizer.java:2078)
        at java.util.concurrent.ScheduledThreadPoolExecutor$DelayedWorkQueue.take(ScheduledThreadPoolExecutor.java:1093)
        at java.util.concurrent.ScheduledThreadPoolExecutor$DelayedWorkQueue.take(ScheduledThreadPoolExecutor.java:809)
        at java.util.concurrent.ThreadPoolExecutor.getTask(ThreadPoolExecutor.java:1074)
        at java.util.concurrent.ThreadPoolExecutor.runWorker(ThreadPoolExecutor.java:1134)
        at java.util.concurrent.ThreadPoolExecutor$Worker.run(ThreadPoolExecutor.java:624)
        at java.lang.Thread.run(Thread.java:750)
"EventQueue-NewNodeForNewNodeHandler" daemon prio=5 tid=5360 in Object.wait()
java.lang.Thread.State: WAITING (on object monitor)
        at sun.misc.Unsafe.park(Native Method)
        at java.util.concurrent.locks.LockSupport.park(LockSupport.java:175)
        at java.util.concurrent.locks.AbstractQueuedSynchronizer$ConditionObject.await(AbstractQueuedSynchronizer.java:2039)
        at java.util.concurrent.LinkedBlockingQueue.take(LinkedBlockingQueue.java:442)
        at java.util.concurrent.ThreadPoolExecutor.getTask(ThreadPoolExecutor.java:1074)
        at java.util.concurrent.ThreadPoolExecutor.runWorker(ThreadPoolExecutor.java:1134)
        at java.util.concurrent.ThreadPoolExecutor$Worker.run(ThreadPoolExecutor.java:624)
        at java.lang.Thread.run(Thread.java:750)
"ChunkWriter-3-0" daemon prio=5 tid=5189 in Object.wait()
java.lang.Thread.State: WAITING (on object monitor)
        at sun.misc.Unsafe.park(Native Method)
        at java.util.concurrent.locks.LockSupport.park(LockSupport.java:175)
        at java.util.concurrent.locks.AbstractQueuedSynchronizer$ConditionObject.await(AbstractQueuedSynchronizer.java:2039)
        at java.util.concurrent.LinkedBlockingDeque.takeFirst(LinkedBlockingDeque.java:492)
        at java.util.concurrent.LinkedBlockingDeque.take(LinkedBlockingDeque.java:680)
        at java.util.concurrent.ThreadPoolExecutor.getTask(ThreadPoolExecutor.java:1074)
        at java.util.concurrent.ThreadPoolExecutor.runWorker(ThreadPoolExecutor.java:1134)
        at java.util.concurrent.ThreadPoolExecutor$Worker.run(ThreadPoolExecutor.java:624)
        at java.lang.Thread.run(Thread.java:750)
"IPC Server handler 2 on default port 35159" daemon prio=5 tid=4772 timed_waiting
java.lang.Thread.State: TIMED_WAITING
        at sun.misc.Unsafe.park(Native Method)
        at java.util.concurrent.locks.LockSupport.parkNanos(LockSupport.java:215)
        at java.util.concurrent.locks.AbstractQueuedSynchronizer$ConditionObject.awaitNanos(AbstractQueuedSynchronizer.java:2078)
        at java.util.concurrent.LinkedBlockingQueue.poll(LinkedBlockingQueue.java:467)
        at org.apache.hadoop.ipc.CallQueueManager.take(CallQueueManager.java:317)
        at org.apache.hadoop.ipc.Server$Handler.run(Server.java:2942)
"qtp377899364-4336" daemon prio=5 tid=4336 timed_waiting
java.lang.Thread.State: TIMED_WAITING
        at sun.misc.Unsafe.park(Native Method)
        at java.util.concurrent.locks.LockSupport.parkNanos(LockSupport.java:215)
        at java.util.concurrent.locks.AbstractQueuedSynchronizer$ConditionObject.awaitNanos(AbstractQueuedSynchronizer.java:2078)
        at org.eclipse.jetty.util.BlockingArrayQueue.poll(BlockingArrayQueue.java:382)
        at org.eclipse.jetty.util.thread.QueuedThreadPool$Runner.idleJobPoll(QueuedThreadPool.java:974)
        at org.eclipse.jetty.util.thread.QueuedThreadPool$Runner.run(QueuedThreadPool.java:1018)
        at java.lang.Thread.run(Thread.java:750)
"ChunkReader-ELG-0" daemon prio=5 tid=5377 runnable
java.lang.Thread.State: RUNNABLE
        at org.apache.ratis.thirdparty.io.netty.channel.epoll.Native.epollWait(Native Method)
        at org.apache.ratis.thirdparty.io.netty.channel.epoll.Native.epollWait(Native.java:209)
        at org.apache.ratis.thirdparty.io.netty.channel.epoll.Native.epollWait(Native.java:202)
        at org.apache.ratis.thirdparty.io.netty.channel.epoll.EpollEventLoop.epollWaitNoTimerChange(EpollEventLoop.java:294)
        at org.apache.ratis.thirdparty.io.netty.channel.epoll.EpollEventLoop.run(EpollEventLoop.java:351)
        at org.apache.ratis.thirdparty.io.netty.util.concurrent.SingleThreadEventExecutor$4.run(SingleThreadEventExecutor.java:995)
        at org.apache.ratis.thirdparty.io.netty.util.internal.ThreadExecutorMap$2.run(ThreadExecutorMap.java:74)
        at java.lang.Thread.run(Thread.java:750)
"IPC Server handler 15 on default port 40433" daemon prio=5 tid=4825 timed_waiting
java.lang.Thread.State: TIMED_WAITING
        at sun.misc.Unsafe.park(Native Method)
        at java.util.concurrent.locks.LockSupport.parkNanos(LockSupport.java:215)
        at java.util.concurrent.locks.AbstractQueuedSynchronizer$ConditionObject.awaitNanos(AbstractQueuedSynchronizer.java:2078)
        at java.util.concurrent.LinkedBlockingQueue.poll(LinkedBlockingQueue.java:467)
        at org.apache.hadoop.ipc.CallQueueManager.take(CallQueueManager.java:317)
        at org.apache.hadoop.ipc.Server$Handler.run(Server.java:2942)
"5f7ad737-403f-4287-b3fb-a8d838b89ff3@group-1C0F276A37C4-StateMachineUpdater" daemon prio=5 tid=3589 timed_waiting
java.lang.Thread.State: TIMED_WAITING
        at sun.misc.Unsafe.park(Native Method)
        at java.util.concurrent.locks.LockSupport.parkNanos(LockSupport.java:215)
        at java.util.concurrent.CompletableFuture$Signaller.block(CompletableFuture.java:1709)
        at java.util.concurrent.ForkJoinPool.managedBlock(ForkJoinPool.java:3323)
        at java.util.concurrent.CompletableFuture.timedGet(CompletableFuture.java:1788)
        at java.util.concurrent.CompletableFuture.get(CompletableFuture.java:1928)
        at org.apache.ratis.util.AwaitForSignal.await(AwaitForSignal.java:56)
        at org.apache.ratis.server.impl.StateMachineUpdater.waitForCommit(StateMachineUpdater.java:207)
        at org.apache.ratis.server.impl.StateMachineUpdater.run(StateMachineUpdater.java:176)
        at java.lang.Thread.run(Thread.java:750)
"Periodic HDDS volume checker" daemon prio=5 tid=3425 timed_waiting
java.lang.Thread.State: TIMED_WAITING
        at sun.misc.Unsafe.park(Native Method)
        at java.util.concurrent.locks.LockSupport.parkNanos(LockSupport.java:215)
        at java.util.concurrent.locks.AbstractQueuedSynchronizer$ConditionObject.awaitNanos(AbstractQueuedSynchronizer.java:2078)
        at java.util.concurrent.ScheduledThreadPoolExecutor$DelayedWorkQueue.take(ScheduledThreadPoolExecutor.java:1093)
        at java.util.concurrent.ScheduledThreadPoolExecutor$DelayedWorkQueue.take(ScheduledThreadPoolExecutor.java:809)
        at java.util.concurrent.ThreadPoolExecutor.getTask(ThreadPoolExecutor.java:1074)
        at java.util.concurrent.ThreadPoolExecutor.runWorker(ThreadPoolExecutor.java:1134)
        at java.util.concurrent.ThreadPoolExecutor$Worker.run(ThreadPoolExecutor.java:624)
        at java.lang.Thread.run(Thread.java:750)
"qtp838819951-4951" daemon prio=5 tid=4951 timed_waiting
java.lang.Thread.State: TIMED_WAITING
        at sun.misc.Unsafe.park(Native Method)
        at java.util.concurrent.locks.LockSupport.parkNanos(LockSupport.java:215)
        at java.util.concurrent.locks.AbstractQueuedSynchronizer$ConditionObject.awaitNanos(AbstractQueuedSynchronizer.java:2078)
        at org.eclipse.jetty.util.BlockingArrayQueue.poll(BlockingArrayQueue.java:382)
        at org.eclipse.jetty.util.thread.QueuedThreadPool$Runner.idleJobPoll(QueuedThreadPool.java:974)
        at org.eclipse.jetty.util.thread.QueuedThreadPool$Runner.run(QueuedThreadPool.java:1018)
        at java.lang.Thread.run(Thread.java:750)
"Periodic HDDS volume checker" daemon prio=5 tid=4106 timed_waiting
java.lang.Thread.State: TIMED_WAITING
        at sun.misc.Unsafe.park(Native Method)
        at java.util.concurrent.locks.LockSupport.parkNanos(LockSupport.java:215)
        at java.util.concurrent.locks.AbstractQueuedSynchronizer$ConditionObject.awaitNanos(AbstractQueuedSynchronizer.java:2078)
        at java.util.concurrent.ScheduledThreadPoolExecutor$DelayedWorkQueue.take(ScheduledThreadPoolExecutor.java:1093)
        at java.util.concurrent.ScheduledThreadPoolExecutor$DelayedWorkQueue.take(ScheduledThreadPoolExecutor.java:809)
        at java.util.concurrent.ThreadPoolExecutor.getTask(ThreadPoolExecutor.java:1074)
        at java.util.concurrent.ThreadPoolExecutor.runWorker(ThreadPoolExecutor.java:1134)
        at java.util.concurrent.ThreadPoolExecutor$Worker.run(ThreadPoolExecutor.java:624)
        at java.lang.Thread.run(Thread.java:750)
"FixedThreadPoolWithAffinityExecutor-8-0" daemon prio=5 tid=3751 timed_waiting
java.lang.Thread.State: TIMED_WAITING
        at sun.misc.Unsafe.park(Native Method)
        at java.util.concurrent.locks.LockSupport.parkNanos(LockSupport.java:215)
        at java.util.concurrent.locks.AbstractQueuedSynchronizer$ConditionObject.awaitNanos(AbstractQueuedSynchronizer.java:2078)
        at java.util.concurrent.LinkedBlockingQueue.poll(LinkedBlockingQueue.java:467)
        at org.apache.hadoop.hdds.scm.server.ContainerReportQueue.poll(ContainerReportQueue.java:266)
        at org.apache.hadoop.hdds.scm.server.ContainerReportQueue.poll(ContainerReportQueue.java:42)
        at org.apache.hadoop.hdds.server.events.FixedThreadPoolWithAffinityExecutor$ContainerReportProcessTask.run(FixedThreadPoolWithAffinityExecutor.java:248)
        at java.util.concurrent.Executors$RunnableAdapter.call(Executors.java:511)
        at java.util.concurrent.FutureTask.run(FutureTask.java:266)
        at java.util.concurrent.ThreadPoolExecutor.runWorker(ThreadPoolExecutor.java:1149)
        at java.util.concurrent.ThreadPoolExecutor$Worker.run(ThreadPoolExecutor.java:624)
        at java.lang.Thread.run(Thread.java:750)
"Periodic HDDS volume checker" daemon prio=5 tid=4050 timed_waiting
java.lang.Thread.State: TIMED_WAITING
        at sun.misc.Unsafe.park(Native Method)
        at java.util.concurrent.locks.LockSupport.parkNanos(LockSupport.java:215)
        at java.util.concurrent.locks.AbstractQueuedSynchronizer$ConditionObject.awaitNanos(AbstractQueuedSynchronizer.java:2078)
        at java.util.concurrent.ScheduledThreadPoolExecutor$DelayedWorkQueue.take(ScheduledThreadPoolExecutor.java:1093)
        at java.util.concurrent.ScheduledThreadPoolExecutor$DelayedWorkQueue.take(ScheduledThreadPoolExecutor.java:809)
        at java.util.concurrent.ThreadPoolExecutor.getTask(ThreadPoolExecutor.java:1074)
        at java.util.concurrent.ThreadPoolExecutor.runWorker(ThreadPoolExecutor.java:1134)
        at java.util.concurrent.ThreadPoolExecutor$Worker.run(ThreadPoolExecutor.java:624)
        at java.lang.Thread.run(Thread.java:750)
"pool-2086-thread-1"  prio=5 tid=4499 in Object.wait()
java.lang.Thread.State: WAITING (on object monitor)
        at sun.misc.Unsafe.park(Native Method)
        at java.util.concurrent.locks.LockSupport.park(LockSupport.java:175)
        at java.util.concurrent.locks.AbstractQueuedSynchronizer$ConditionObject.await(AbstractQueuedSynchronizer.java:2039)
        at java.util.concurrent.LinkedBlockingQueue.take(LinkedBlockingQueue.java:442)
        at java.util.concurrent.ThreadPoolExecutor.getTask(ThreadPoolExecutor.java:1074)
        at java.util.concurrent.ThreadPoolExecutor.runWorker(ThreadPoolExecutor.java:1134)
        at java.util.concurrent.ThreadPoolExecutor$Worker.run(ThreadPoolExecutor.java:624)
        at java.lang.Thread.run(Thread.java:750)
"IPC Server handler 6 on default port 36003" daemon prio=5 tid=4796 timed_waiting
java.lang.Thread.State: TIMED_WAITING
        at sun.misc.Unsafe.park(Native Method)
        at java.util.concurrent.locks.LockSupport.parkNanos(LockSupport.java:215)
        at java.util.concurrent.locks.AbstractQueuedSynchronizer$ConditionObject.awaitNanos(AbstractQueuedSynchronizer.java:2078)
        at java.util.concurrent.LinkedBlockingQueue.poll(LinkedBlockingQueue.java:467)
        at org.apache.hadoop.ipc.CallQueueManager.take(CallQueueManager.java:317)
        at org.apache.hadoop.ipc.Server$Handler.run(Server.java:2942)
"org.apache.hadoop.ozone.container.common.statemachine.commandhandler.DeleteBlocksCommandHandler$DeleteCmdWorker@5578cab" daemon prio=5 tid=4231 timed_waiting
java.lang.Thread.State: TIMED_WAITING
        at java.lang.Thread.sleep(Native Method)
        at org.apache.hadoop.ozone.container.common.statemachine.commandhandler.DeleteBlocksCommandHandler$DeleteCmdWorker.run(DeleteBlocksCommandHandler.java:184)
        at java.lang.Thread.run(Thread.java:750)
"Datanode State Machine Daemon Thread" daemon prio=5 tid=4081 timed_waiting
java.lang.Thread.State: TIMED_WAITING
        at java.lang.Thread.sleep(Native Method)
        at org.apache.hadoop.ozone.container.common.statemachine.DatanodeStateMachine.startStateMachineThread(DatanodeStateMachine.java:321)
        at org.apache.hadoop.ozone.container.common.statemachine.DatanodeStateMachine.lambda$startDaemon$0(DatanodeStateMachine.java:506)
        at org.apache.hadoop.ozone.container.common.statemachine.DatanodeStateMachine$$Lambda$785/619018591.run(Unknown Source)
        at java.lang.Thread.run(Thread.java:750)
"org.apache.hadoop.ozone.container.common.statemachine.commandhandler.DeleteBlocksCommandHandler$DeleteCmdWorker@62918a67" daemon prio=5 tid=4257 timed_waiting
java.lang.Thread.State: TIMED_WAITING
        at java.lang.Thread.sleep(Native Method)
        at org.apache.hadoop.ozone.container.common.statemachine.commandhandler.DeleteBlocksCommandHandler$DeleteCmdWorker.run(DeleteBlocksCommandHandler.java:184)
        at java.lang.Thread.run(Thread.java:750)
"Over Replicated Processor" daemon prio=5 tid=5481 timed_waiting
java.lang.Thread.State: TIMED_WAITING
        at java.lang.Object.wait(Native Method)
        at org.apache.hadoop.hdds.scm.container.replication.OverReplicatedProcessor.run(OverReplicatedProcessor.java:136)
        at java.lang.Thread.run(Thread.java:750)
"Datanode State Machine Task Thread - 1"  prio=5 tid=5145 in Object.wait()
java.lang.Thread.State: WAITING (on object monitor)
        at sun.misc.Unsafe.park(Native Method)
        at java.util.concurrent.locks.LockSupport.park(LockSupport.java:175)
        at java.util.concurrent.locks.AbstractQueuedSynchronizer$ConditionObject.await(AbstractQueuedSynchronizer.java:2039)
        at java.util.concurrent.LinkedBlockingQueue.take(LinkedBlockingQueue.java:442)
        at java.util.concurrent.ThreadPoolExecutor.getTask(ThreadPoolExecutor.java:1074)
        at java.util.concurrent.ThreadPoolExecutor.runWorker(ThreadPoolExecutor.java:1134)
        at java.util.concurrent.ThreadPoolExecutor$Worker.run(ThreadPoolExecutor.java:624)
        at java.lang.Thread.run(Thread.java:750)
"PartialTableCache Cleanup Thread - 0" daemon prio=5 tid=4390 in Object.wait()
java.lang.Thread.State: WAITING (on object monitor)
        at sun.misc.Unsafe.park(Native Method)
        at java.util.concurrent.locks.LockSupport.park(LockSupport.java:175)
        at java.util.concurrent.locks.AbstractQueuedSynchronizer$ConditionObject.await(AbstractQueuedSynchronizer.java:2039)
        at java.util.concurrent.LinkedBlockingQueue.take(LinkedBlockingQueue.java:442)
        at java.util.concurrent.ThreadPoolExecutor.getTask(ThreadPoolExecutor.java:1074)
        at java.util.concurrent.ThreadPoolExecutor.runWorker(ThreadPoolExecutor.java:1134)
        at java.util.concurrent.ThreadPoolExecutor$Worker.run(ThreadPoolExecutor.java:624)
        at java.lang.Thread.run(Thread.java:750)
"org.apache.hadoop.util.JvmPauseMonitor$Monitor@557fdef1" daemon prio=5 tid=4357 timed_waiting
java.lang.Thread.State: TIMED_WAITING
        at java.lang.Thread.sleep(Native Method)
        at org.apache.hadoop.util.JvmPauseMonitor$Monitor.run(JvmPauseMonitor.java:192)
        at java.lang.Thread.run(Thread.java:750)
"BlockDeletingService#1" daemon prio=5 tid=4369 timed_waiting
java.lang.Thread.State: TIMED_WAITING
        at sun.misc.Unsafe.park(Native Method)
        at java.util.concurrent.locks.LockSupport.parkNanos(LockSupport.java:215)
        at java.util.concurrent.locks.AbstractQueuedSynchronizer$ConditionObject.awaitNanos(AbstractQueuedSynchronizer.java:2078)
        at java.util.concurrent.ScheduledThreadPoolExecutor$DelayedWorkQueue.take(ScheduledThreadPoolExecutor.java:1093)
        at java.util.concurrent.ScheduledThreadPoolExecutor$DelayedWorkQueue.take(ScheduledThreadPoolExecutor.java:809)
        at java.util.concurrent.ThreadPoolExecutor.getTask(ThreadPoolExecutor.java:1074)
        at java.util.concurrent.ThreadPoolExecutor.runWorker(ThreadPoolExecutor.java:1134)
        at java.util.concurrent.ThreadPoolExecutor$Worker.run(ThreadPoolExecutor.java:624)
        at java.lang.Thread.run(Thread.java:750)
"ContainerReplicationThread-0" daemon prio=5 tid=5636 in Object.wait()
java.lang.Thread.State: WAITING (on object monitor)
        at sun.misc.Unsafe.park(Native Method)
        at java.util.concurrent.locks.LockSupport.park(LockSupport.java:175)
        at java.util.concurrent.locks.AbstractQueuedSynchronizer$ConditionObject.await(AbstractQueuedSynchronizer.java:2039)
        at java.util.concurrent.LinkedBlockingQueue.take(LinkedBlockingQueue.java:442)
        at java.util.concurrent.ThreadPoolExecutor.getTask(ThreadPoolExecutor.java:1074)
        at java.util.concurrent.ThreadPoolExecutor.runWorker(ThreadPoolExecutor.java:1134)
        at java.util.concurrent.ThreadPoolExecutor$Worker.run(ThreadPoolExecutor.java:624)
        at java.lang.Thread.run(Thread.java:750)
"FullTableCache Cleanup Thread - 0" daemon prio=5 tid=4716 in Object.wait()
java.lang.Thread.State: WAITING (on object monitor)
        at sun.misc.Unsafe.park(Native Method)
        at java.util.concurrent.locks.LockSupport.park(LockSupport.java:175)
        at java.util.concurrent.locks.AbstractQueuedSynchronizer$ConditionObject.await(AbstractQueuedSynchronizer.java:2039)
        at java.util.concurrent.LinkedBlockingQueue.take(LinkedBlockingQueue.java:442)
        at java.util.concurrent.ThreadPoolExecutor.getTask(ThreadPoolExecutor.java:1074)
        at java.util.concurrent.ThreadPoolExecutor.runWorker(ThreadPoolExecutor.java:1134)
        at java.util.concurrent.ThreadPoolExecutor$Worker.run(ThreadPoolExecutor.java:624)
        at java.lang.Thread.run(Thread.java:750)
"277e5bbd-414d-4f19-87c3-552c8f153d3d@group-CC27DDF35DA3-StateMachineUpdater" daemon prio=5 tid=3628 timed_waiting
java.lang.Thread.State: TIMED_WAITING
        at sun.misc.Unsafe.park(Native Method)
        at java.util.concurrent.locks.LockSupport.parkNanos(LockSupport.java:215)
        at java.util.concurrent.CompletableFuture$Signaller.block(CompletableFuture.java:1709)
        at java.util.concurrent.ForkJoinPool.managedBlock(ForkJoinPool.java:3323)
        at java.util.concurrent.CompletableFuture.timedGet(CompletableFuture.java:1788)
        at java.util.concurrent.CompletableFuture.get(CompletableFuture.java:1928)
        at org.apache.ratis.util.AwaitForSignal.await(AwaitForSignal.java:56)
        at org.apache.ratis.server.impl.StateMachineUpdater.waitForCommit(StateMachineUpdater.java:207)
        at org.apache.ratis.server.impl.StateMachineUpdater.run(StateMachineUpdater.java:176)
        at java.lang.Thread.run(Thread.java:750)
"ChunkWriter-1-0" daemon prio=5 tid=5187 in Object.wait()
java.lang.Thread.State: WAITING (on object monitor)
        at sun.misc.Unsafe.park(Native Method)
        at java.util.concurrent.locks.LockSupport.park(LockSupport.java:175)
        at java.util.concurrent.locks.AbstractQueuedSynchronizer$ConditionObject.await(AbstractQueuedSynchronizer.java:2039)
        at java.util.concurrent.LinkedBlockingDeque.takeFirst(LinkedBlockingDeque.java:492)
        at java.util.concurrent.LinkedBlockingDeque.take(LinkedBlockingDeque.java:680)
        at java.util.concurrent.ThreadPoolExecutor.getTask(ThreadPoolExecutor.java:1074)
        at java.util.concurrent.ThreadPoolExecutor.runWorker(ThreadPoolExecutor.java:1134)
        at java.util.concurrent.ThreadPoolExecutor$Worker.run(ThreadPoolExecutor.java:624)
        at java.lang.Thread.run(Thread.java:750)
"ChunkWriter-0-0" daemon prio=5 tid=4291 in Object.wait()
java.lang.Thread.State: WAITING (on object monitor)
        at sun.misc.Unsafe.park(Native Method)
        at java.util.concurrent.locks.LockSupport.park(LockSupport.java:175)
        at java.util.concurrent.locks.AbstractQueuedSynchronizer$ConditionObject.await(AbstractQueuedSynchronizer.java:2039)
        at java.util.concurrent.LinkedBlockingDeque.takeFirst(LinkedBlockingDeque.java:492)
        at java.util.concurrent.LinkedBlockingDeque.take(LinkedBlockingDeque.java:680)
        at java.util.concurrent.ThreadPoolExecutor.getTask(ThreadPoolExecutor.java:1074)
        at java.util.concurrent.ThreadPoolExecutor.runWorker(ThreadPoolExecutor.java:1134)
        at java.util.concurrent.ThreadPoolExecutor$Worker.run(ThreadPoolExecutor.java:624)
        at java.lang.Thread.run(Thread.java:750)
"IPC Server handler 8 on default port 39603" daemon prio=5 tid=3770 timed_waiting
java.lang.Thread.State: TIMED_WAITING
        at sun.misc.Unsafe.park(Native Method)
        at java.util.concurrent.locks.LockSupport.parkNanos(LockSupport.java:215)
        at java.util.concurrent.locks.AbstractQueuedSynchronizer$ConditionObject.awaitNanos(AbstractQueuedSynchronizer.java:2078)
        at java.util.concurrent.LinkedBlockingQueue.poll(LinkedBlockingQueue.java:467)
        at org.apache.hadoop.ipc.CallQueueManager.take(CallQueueManager.java:317)
        at org.apache.hadoop.ipc.Server$Handler.run(Server.java:2942)
"qtp70197480-5055" daemon prio=5 tid=5055 timed_waiting
java.lang.Thread.State: TIMED_WAITING
        at sun.misc.Unsafe.park(Native Method)
        at java.util.concurrent.locks.LockSupport.parkNanos(LockSupport.java:215)
        at java.util.concurrent.locks.AbstractQueuedSynchronizer$ConditionObject.awaitNanos(AbstractQueuedSynchronizer.java:2078)
        at org.eclipse.jetty.util.BlockingArrayQueue.poll(BlockingArrayQueue.java:382)
        at org.eclipse.jetty.util.thread.QueuedThreadPool$Runner.idleJobPoll(QueuedThreadPool.java:974)
        at org.eclipse.jetty.util.thread.QueuedThreadPool$Runner.run(QueuedThreadPool.java:1018)
        at java.lang.Thread.run(Thread.java:750)
"ec62b457-0040-4e07-85ab-e1dde9d29779@group-A0FC867C4483-SegmentedRaftLogWorker"  prio=5 tid=5426 timed_waiting
java.lang.Thread.State: TIMED_WAITING
        at sun.misc.Unsafe.park(Native Method)
        at java.util.concurrent.locks.LockSupport.parkNanos(LockSupport.java:215)
        at java.util.concurrent.locks.AbstractQueuedSynchronizer$ConditionObject.awaitNanos(AbstractQueuedSynchronizer.java:2078)
        at org.apache.ratis.util.DataBlockingQueue.poll(DataBlockingQueue.java:148)
        at org.apache.ratis.server.raftlog.segmented.SegmentedRaftLogWorker.run(SegmentedRaftLogWorker.java:310)
        at org.apache.ratis.server.raftlog.segmented.SegmentedRaftLogWorker$$Lambda$699/1369416112.run(Unknown Source)
        at java.lang.Thread.run(Thread.java:750)
"IPC Server handler 0 on default port 40433" daemon prio=5 tid=4810 timed_waiting
java.lang.Thread.State: TIMED_WAITING
        at sun.misc.Unsafe.park(Native Method)
        at java.util.concurrent.locks.LockSupport.parkNanos(LockSupport.java:215)
        at java.util.concurrent.locks.AbstractQueuedSynchronizer$ConditionObject.awaitNanos(AbstractQueuedSynchronizer.java:2078)
        at java.util.concurrent.LinkedBlockingQueue.poll(LinkedBlockingQueue.java:467)
        at org.apache.hadoop.ipc.CallQueueManager.take(CallQueueManager.java:317)
        at org.apache.hadoop.ipc.Server$Handler.run(Server.java:2942)
"05162e35-21c4-4960-8615-08a05e9f4f1b@group-3FB80795822F-StateMachineUpdater" daemon prio=5 tid=4461 timed_waiting
java.lang.Thread.State: TIMED_WAITING
        at sun.misc.Unsafe.park(Native Method)
        at java.util.concurrent.locks.LockSupport.parkNanos(LockSupport.java:215)
        at java.util.concurrent.CompletableFuture$Signaller.block(CompletableFuture.java:1709)
        at java.util.concurrent.ForkJoinPool.managedBlock(ForkJoinPool.java:3323)
        at java.util.concurrent.CompletableFuture.timedGet(CompletableFuture.java:1788)
        at java.util.concurrent.CompletableFuture.get(CompletableFuture.java:1928)
        at org.apache.ratis.util.AwaitForSignal.await(AwaitForSignal.java:56)
        at org.apache.ratis.server.impl.StateMachineUpdater.waitForCommit(StateMachineUpdater.java:207)
        at org.apache.ratis.server.impl.StateMachineUpdater.run(StateMachineUpdater.java:176)
        at java.lang.Thread.run(Thread.java:750)
"ChunkWriter-1-0" daemon prio=5 tid=4380 in Object.wait()
java.lang.Thread.State: WAITING (on object monitor)
        at sun.misc.Unsafe.park(Native Method)
        at java.util.concurrent.locks.LockSupport.park(LockSupport.java:175)
        at java.util.concurrent.locks.AbstractQueuedSynchronizer$ConditionObject.await(AbstractQueuedSynchronizer.java:2039)
        at java.util.concurrent.LinkedBlockingDeque.takeFirst(LinkedBlockingDeque.java:492)
        at java.util.concurrent.LinkedBlockingDeque.take(LinkedBlockingDeque.java:680)
        at java.util.concurrent.ThreadPoolExecutor.getTask(ThreadPoolExecutor.java:1074)
        at java.util.concurrent.ThreadPoolExecutor.runWorker(ThreadPoolExecutor.java:1134)
        at java.util.concurrent.ThreadPoolExecutor$Worker.run(ThreadPoolExecutor.java:624)
        at java.lang.Thread.run(Thread.java:750)
"IPC Server Responder" daemon prio=5 tid=5490 runnable
java.lang.Thread.State: RUNNABLE
        at sun.nio.ch.EPollArrayWrapper.epollWait(Native Method)
        at sun.nio.ch.EPollArrayWrapper.poll(EPollArrayWrapper.java:269)
        at sun.nio.ch.EPollSelectorImpl.doSelect(EPollSelectorImpl.java:93)
        at sun.nio.ch.SelectorImpl.lockAndDoSelect(SelectorImpl.java:86)
        at sun.nio.ch.SelectorImpl.select(SelectorImpl.java:97)
        at org.apache.hadoop.ipc.Server$Responder.doRunLoop(Server.java:1532)
        at org.apache.hadoop.ipc.Server$Responder.run(Server.java:1515)
"qtp97689361-3330" daemon prio=5 tid=3330 timed_waiting
java.lang.Thread.State: TIMED_WAITING
        at sun.misc.Unsafe.park(Native Method)
        at java.util.concurrent.locks.LockSupport.parkNanos(LockSupport.java:215)
        at java.util.concurrent.locks.AbstractQueuedSynchronizer$ConditionObject.awaitNanos(AbstractQueuedSynchronizer.java:2078)
        at org.eclipse.jetty.util.BlockingArrayQueue.poll(BlockingArrayQueue.java:382)
        at org.eclipse.jetty.util.thread.QueuedThreadPool$Runner.idleJobPoll(QueuedThreadPool.java:974)
        at org.eclipse.jetty.util.thread.QueuedThreadPool$Runner.run(QueuedThreadPool.java:1018)
        at java.lang.Thread.run(Thread.java:750)
"Session-HouseKeeper-4647406e-1"  prio=5 tid=3388 timed_waiting
java.lang.Thread.State: TIMED_WAITING
        at sun.misc.Unsafe.park(Native Method)
        at java.util.concurrent.locks.LockSupport.parkNanos(LockSupport.java:215)
        at java.util.concurrent.locks.AbstractQueuedSynchronizer$ConditionObject.awaitNanos(AbstractQueuedSynchronizer.java:2078)
        at java.util.concurrent.ScheduledThreadPoolExecutor$DelayedWorkQueue.take(ScheduledThreadPoolExecutor.java:1093)
        at java.util.concurrent.ScheduledThreadPoolExecutor$DelayedWorkQueue.take(ScheduledThreadPoolExecutor.java:809)
        at java.util.concurrent.ThreadPoolExecutor.getTask(ThreadPoolExecutor.java:1074)
        at java.util.concurrent.ThreadPoolExecutor.runWorker(ThreadPoolExecutor.java:1134)
        at java.util.concurrent.ThreadPoolExecutor$Worker.run(ThreadPoolExecutor.java:624)
        at java.lang.Thread.run(Thread.java:750)
"PartialTableCache Cleanup Thread - 0" daemon prio=5 tid=2900 in Object.wait()
java.lang.Thread.State: WAITING (on object monitor)
        at sun.misc.Unsafe.park(Native Method)
        at java.util.concurrent.locks.LockSupport.park(LockSupport.java:175)
        at java.util.concurrent.locks.AbstractQueuedSynchronizer$ConditionObject.await(AbstractQueuedSynchronizer.java:2039)
        at java.util.concurrent.LinkedBlockingQueue.take(LinkedBlockingQueue.java:442)
        at java.util.concurrent.ThreadPoolExecutor.getTask(ThreadPoolExecutor.java:1074)
        at java.util.concurrent.ThreadPoolExecutor.runWorker(ThreadPoolExecutor.java:1134)
        at java.util.concurrent.ThreadPoolExecutor$Worker.run(ThreadPoolExecutor.java:624)
        at java.lang.Thread.run(Thread.java:750)
"4f264252-b644-43b2-b39d-b880ca9b4753@group-62CE731D69B1-FollowerState" daemon prio=5 tid=4635 timed_waiting
java.lang.Thread.State: TIMED_WAITING
        at java.lang.Thread.sleep(Native Method)
        at java.lang.Thread.sleep(Thread.java:342)
        at java.util.concurrent.TimeUnit.sleep(TimeUnit.java:386)
        at org.apache.ratis.util.TimeDuration.sleep(TimeDuration.java:325)
        at org.apache.ratis.util.TimeDuration.sleep(TimeDuration.java:310)
        at org.apache.ratis.server.impl.FollowerState.run(FollowerState.java:128)
"ChunkWriter-1-0" daemon prio=5 tid=3532 in Object.wait()
java.lang.Thread.State: WAITING (on object monitor)
        at sun.misc.Unsafe.park(Native Method)
        at java.util.concurrent.locks.LockSupport.park(LockSupport.java:175)
        at java.util.concurrent.locks.AbstractQueuedSynchronizer$ConditionObject.await(AbstractQueuedSynchronizer.java:2039)
        at java.util.concurrent.LinkedBlockingDeque.takeFirst(LinkedBlockingDeque.java:492)
        at java.util.concurrent.LinkedBlockingDeque.take(LinkedBlockingDeque.java:680)
        at java.util.concurrent.ThreadPoolExecutor.getTask(ThreadPoolExecutor.java:1074)
        at java.util.concurrent.ThreadPoolExecutor.runWorker(ThreadPoolExecutor.java:1134)
        at java.util.concurrent.ThreadPoolExecutor$Worker.run(ThreadPoolExecutor.java:624)
        at java.lang.Thread.run(Thread.java:750)
"ChunkWriter-0-0" daemon prio=5 tid=4395 in Object.wait()
java.lang.Thread.State: WAITING (on object monitor)
        at sun.misc.Unsafe.park(Native Method)
        at java.util.concurrent.locks.LockSupport.park(LockSupport.java:175)
        at java.util.concurrent.locks.AbstractQueuedSynchronizer$ConditionObject.await(AbstractQueuedSynchronizer.java:2039)
        at java.util.concurrent.LinkedBlockingDeque.takeFirst(LinkedBlockingDeque.java:492)
        at java.util.concurrent.LinkedBlockingDeque.take(LinkedBlockingDeque.java:680)
        at java.util.concurrent.ThreadPoolExecutor.getTask(ThreadPoolExecutor.java:1074)
        at java.util.concurrent.ThreadPoolExecutor.runWorker(ThreadPoolExecutor.java:1134)
        at java.util.concurrent.ThreadPoolExecutor$Worker.run(ThreadPoolExecutor.java:624)
        at java.lang.Thread.run(Thread.java:750)
"EventQueue-CommandQueueReportForCommandQueueReportHandler" daemon prio=5 tid=5616 in Object.wait()
java.lang.Thread.State: WAITING (on object monitor)
        at sun.misc.Unsafe.park(Native Method)
        at java.util.concurrent.locks.LockSupport.park(LockSupport.java:175)
        at java.util.concurrent.locks.AbstractQueuedSynchronizer$ConditionObject.await(AbstractQueuedSynchronizer.java:2039)
        at java.util.concurrent.LinkedBlockingQueue.take(LinkedBlockingQueue.java:442)
        at java.util.concurrent.ThreadPoolExecutor.getTask(ThreadPoolExecutor.java:1074)
        at java.util.concurrent.ThreadPoolExecutor.runWorker(ThreadPoolExecutor.java:1134)
        at java.util.concurrent.ThreadPoolExecutor$Worker.run(ThreadPoolExecutor.java:624)
        at java.lang.Thread.run(Thread.java:750)
"IPC Server handler 8 on default port 35159" daemon prio=5 tid=4778 timed_waiting
java.lang.Thread.State: TIMED_WAITING
        at sun.misc.Unsafe.park(Native Method)
        at java.util.concurrent.locks.LockSupport.parkNanos(LockSupport.java:215)
        at java.util.concurrent.locks.AbstractQueuedSynchronizer$ConditionObject.awaitNanos(AbstractQueuedSynchronizer.java:2078)
        at java.util.concurrent.LinkedBlockingQueue.poll(LinkedBlockingQueue.java:467)
        at org.apache.hadoop.ipc.CallQueueManager.take(CallQueueManager.java:317)
        at org.apache.hadoop.ipc.Server$Handler.run(Server.java:2942)
"om1@group-C5BA1605619E-SegmentedRaftLogWorker"  prio=5 tid=3978 timed_waiting
java.lang.Thread.State: TIMED_WAITING
        at sun.misc.Unsafe.park(Native Method)
        at java.util.concurrent.locks.LockSupport.parkNanos(LockSupport.java:215)
        at java.util.concurrent.locks.AbstractQueuedSynchronizer$ConditionObject.awaitNanos(AbstractQueuedSynchronizer.java:2078)
        at org.apache.ratis.util.DataBlockingQueue.poll(DataBlockingQueue.java:148)
        at org.apache.ratis.server.raftlog.segmented.SegmentedRaftLogWorker.run(SegmentedRaftLogWorker.java:310)
        at org.apache.ratis.server.raftlog.segmented.SegmentedRaftLogWorker$$Lambda$699/1369416112.run(Unknown Source)
        at java.lang.Thread.run(Thread.java:750)
"PartialTableCache Cleanup Thread - 0" daemon prio=5 tid=5642 in Object.wait()
java.lang.Thread.State: WAITING (on object monitor)
        at sun.misc.Unsafe.park(Native Method)
        at java.util.concurrent.locks.LockSupport.park(LockSupport.java:175)
        at java.util.concurrent.locks.AbstractQueuedSynchronizer$ConditionObject.await(AbstractQueuedSynchronizer.java:2039)
        at java.util.concurrent.LinkedBlockingQueue.take(LinkedBlockingQueue.java:442)
        at java.util.concurrent.ThreadPoolExecutor.getTask(ThreadPoolExecutor.java:1074)
        at java.util.concurrent.ThreadPoolExecutor.runWorker(ThreadPoolExecutor.java:1134)
        at java.util.concurrent.ThreadPoolExecutor$Worker.run(ThreadPoolExecutor.java:624)
        at java.lang.Thread.run(Thread.java:750)
"Datanode ReportManager Thread - 1" daemon prio=5 tid=5198 in Object.wait()
java.lang.Thread.State: WAITING (on object monitor)
        at sun.misc.Unsafe.park(Native Method)
        at java.util.concurrent.locks.LockSupport.park(LockSupport.java:175)
        at java.util.concurrent.locks.AbstractQueuedSynchronizer$ConditionObject.await(AbstractQueuedSynchronizer.java:2039)
        at java.util.concurrent.ScheduledThreadPoolExecutor$DelayedWorkQueue.take(ScheduledThreadPoolExecutor.java:1088)
        at java.util.concurrent.ScheduledThreadPoolExecutor$DelayedWorkQueue.take(ScheduledThreadPoolExecutor.java:809)
        at java.util.concurrent.ThreadPoolExecutor.getTask(ThreadPoolExecutor.java:1074)
        at java.util.concurrent.ThreadPoolExecutor.runWorker(ThreadPoolExecutor.java:1134)
        at java.util.concurrent.ThreadPoolExecutor$Worker.run(ThreadPoolExecutor.java:624)
        at java.lang.Thread.run(Thread.java:750)
"qtp336816364-5003" daemon prio=5 tid=5003 timed_waiting
java.lang.Thread.State: TIMED_WAITING
        at sun.misc.Unsafe.park(Native Method)
        at java.util.concurrent.locks.LockSupport.parkNanos(LockSupport.java:215)
        at java.util.concurrent.locks.AbstractQueuedSynchronizer$ConditionObject.awaitNanos(AbstractQueuedSynchronizer.java:2078)
        at org.eclipse.jetty.util.BlockingArrayQueue.poll(BlockingArrayQueue.java:382)
        at org.eclipse.jetty.util.thread.QueuedThreadPool$Runner.idleJobPoll(QueuedThreadPool.java:974)
        at org.eclipse.jetty.util.thread.QueuedThreadPool$Runner.run(QueuedThreadPool.java:1018)
        at java.lang.Thread.run(Thread.java:750)
"IPC Server handler 0 on default port 36157" daemon prio=5 tid=5548 timed_waiting
java.lang.Thread.State: TIMED_WAITING
        at sun.misc.Unsafe.park(Native Method)
        at java.util.concurrent.locks.LockSupport.parkNanos(LockSupport.java:215)
        at java.util.concurrent.locks.AbstractQueuedSynchronizer$ConditionObject.awaitNanos(AbstractQueuedSynchronizer.java:2078)
        at java.util.concurrent.LinkedBlockingQueue.poll(LinkedBlockingQueue.java:467)
        at org.apache.hadoop.ipc.CallQueueManager.take(CallQueueManager.java:317)
        at org.apache.hadoop.ipc.Server$Handler.run(Server.java:2942)
"qtp1419576172-4839" daemon prio=5 tid=4839 timed_waiting
java.lang.Thread.State: TIMED_WAITING
        at sun.misc.Unsafe.park(Native Method)
        at java.util.concurrent.locks.LockSupport.parkNanos(LockSupport.java:215)
        at java.util.concurrent.locks.AbstractQueuedSynchronizer$ConditionObject.awaitNanos(AbstractQueuedSynchronizer.java:2078)
        at org.eclipse.jetty.util.BlockingArrayQueue.poll(BlockingArrayQueue.java:382)
        at org.eclipse.jetty.util.thread.QueuedThreadPool$Runner.idleJobPoll(QueuedThreadPool.java:974)
        at org.eclipse.jetty.util.thread.QueuedThreadPool$Runner.run(QueuedThreadPool.java:1018)
        at java.lang.Thread.run(Thread.java:750)
"ea04acba-2572-4ce4-bec1-b0e6c6418c45-server-thread1" daemon prio=5 tid=5611 timed_waiting
java.lang.Thread.State: TIMED_WAITING
        at sun.misc.Unsafe.park(Native Method)
        at java.util.concurrent.locks.LockSupport.parkNanos(LockSupport.java:215)
        at java.util.concurrent.SynchronousQueue$TransferStack.awaitFulfill(SynchronousQueue.java:460)
        at java.util.concurrent.SynchronousQueue$TransferStack.transfer(SynchronousQueue.java:362)
        at java.util.concurrent.SynchronousQueue.poll(SynchronousQueue.java:941)
        at java.util.concurrent.ThreadPoolExecutor.getTask(ThreadPoolExecutor.java:1073)
        at java.util.concurrent.ThreadPoolExecutor.runWorker(ThreadPoolExecutor.java:1134)
        at java.util.concurrent.ThreadPoolExecutor$Worker.run(ThreadPoolExecutor.java:624)
        at java.lang.Thread.run(Thread.java:750)
"qtp1648517692-4063" daemon prio=5 tid=4063 runnable
java.lang.Thread.State: RUNNABLE
        at sun.nio.ch.EPollArrayWrapper.epollWait(Native Method)
        at sun.nio.ch.EPollArrayWrapper.poll(EPollArrayWrapper.java:269)
        at sun.nio.ch.EPollSelectorImpl.doSelect(EPollSelectorImpl.java:93)
        at sun.nio.ch.SelectorImpl.lockAndDoSelect(SelectorImpl.java:86)
        at sun.nio.ch.SelectorImpl.select(SelectorImpl.java:97)
        at sun.nio.ch.SelectorImpl.select(SelectorImpl.java:101)
        at org.eclipse.jetty.io.ManagedSelector.nioSelect(ManagedSelector.java:183)
        at org.eclipse.jetty.io.ManagedSelector.select(ManagedSelector.java:190)
        at org.eclipse.jetty.io.ManagedSelector$SelectorProducer.select(ManagedSelector.java:606)
        at org.eclipse.jetty.io.ManagedSelector$SelectorProducer.produce(ManagedSelector.java:543)
        at org.eclipse.jetty.util.thread.strategy.EatWhatYouKill.produceTask(EatWhatYouKill.java:362)
        at org.eclipse.jetty.util.thread.strategy.EatWhatYouKill.doProduce(EatWhatYouKill.java:186)
        at org.eclipse.jetty.util.thread.strategy.EatWhatYouKill.tryProduce(EatWhatYouKill.java:173)
        at org.eclipse.jetty.util.thread.strategy.EatWhatYouKill.produce(EatWhatYouKill.java:137)
        at org.eclipse.jetty.io.ManagedSelector$$Lambda$480/1445512345.run(Unknown Source)
        at org.eclipse.jetty.util.thread.QueuedThreadPool.runJob(QueuedThreadPool.java:883)
        at org.eclipse.jetty.util.thread.QueuedThreadPool$Runner.run(QueuedThreadPool.java:1034)
        at java.lang.Thread.run(Thread.java:750)
"Datanode State Machine Task Thread - 0"  prio=5 tid=3315 in Object.wait()
java.lang.Thread.State: WAITING (on object monitor)
        at sun.misc.Unsafe.park(Native Method)
        at java.util.concurrent.locks.LockSupport.park(LockSupport.java:175)
        at java.util.concurrent.locks.AbstractQueuedSynchronizer$ConditionObject.await(AbstractQueuedSynchronizer.java:2039)
        at java.util.concurrent.LinkedBlockingQueue.take(LinkedBlockingQueue.java:442)
        at java.util.concurrent.ThreadPoolExecutor.getTask(ThreadPoolExecutor.java:1074)
        at java.util.concurrent.ThreadPoolExecutor.runWorker(ThreadPoolExecutor.java:1134)
        at java.util.concurrent.ThreadPoolExecutor$Worker.run(ThreadPoolExecutor.java:624)
        at java.lang.Thread.run(Thread.java:750)
"IPC Server handler 14 on default port 41341" daemon prio=5 tid=3818 timed_waiting
java.lang.Thread.State: TIMED_WAITING
        at sun.misc.Unsafe.park(Native Method)
        at java.util.concurrent.locks.LockSupport.parkNanos(LockSupport.java:215)
        at java.util.concurrent.locks.AbstractQueuedSynchronizer$ConditionObject.awaitNanos(AbstractQueuedSynchronizer.java:2078)
        at java.util.concurrent.LinkedBlockingQueue.poll(LinkedBlockingQueue.java:467)
        at org.apache.hadoop.ipc.CallQueueManager.take(CallQueueManager.java:317)
        at org.apache.hadoop.ipc.Server$Handler.run(Server.java:2942)
"IPC Server handler 11 on default port 34157" daemon prio=5 tid=4022 timed_waiting
java.lang.Thread.State: TIMED_WAITING
        at sun.misc.Unsafe.park(Native Method)
        at java.util.concurrent.locks.LockSupport.parkNanos(LockSupport.java:215)
        at java.util.concurrent.locks.AbstractQueuedSynchronizer$ConditionObject.awaitNanos(AbstractQueuedSynchronizer.java:2078)
        at java.util.concurrent.LinkedBlockingQueue.poll(LinkedBlockingQueue.java:467)
        at org.apache.hadoop.ipc.CallQueueManager.take(CallQueueManager.java:317)
        at org.apache.hadoop.ipc.Server$Handler.run(Server.java:2942)
"EventQueue-NewNodeForNewNodeHandler" daemon prio=5 tid=5592 in Object.wait()
java.lang.Thread.State: WAITING (on object monitor)
        at sun.misc.Unsafe.park(Native Method)
        at java.util.concurrent.locks.LockSupport.park(LockSupport.java:175)
        at java.util.concurrent.locks.AbstractQueuedSynchronizer$ConditionObject.await(AbstractQueuedSynchronizer.java:2039)
        at java.util.concurrent.LinkedBlockingQueue.take(LinkedBlockingQueue.java:442)
        at java.util.concurrent.ThreadPoolExecutor.getTask(ThreadPoolExecutor.java:1074)
        at java.util.concurrent.ThreadPoolExecutor.runWorker(ThreadPoolExecutor.java:1134)
        at java.util.concurrent.ThreadPoolExecutor$Worker.run(ThreadPoolExecutor.java:624)
        at java.lang.Thread.run(Thread.java:750)
"IPC Server handler 16 on default port 36003" daemon prio=5 tid=4806 timed_waiting
java.lang.Thread.State: TIMED_WAITING
        at sun.misc.Unsafe.park(Native Method)
        at java.util.concurrent.locks.LockSupport.parkNanos(LockSupport.java:215)
        at java.util.concurrent.locks.AbstractQueuedSynchronizer$ConditionObject.awaitNanos(AbstractQueuedSynchronizer.java:2078)
        at java.util.concurrent.LinkedBlockingQueue.poll(LinkedBlockingQueue.java:467)
        at org.apache.hadoop.ipc.CallQueueManager.take(CallQueueManager.java:317)
        at org.apache.hadoop.ipc.Server$Handler.run(Server.java:2942)
"JvmPauseMonitor41" daemon prio=5 tid=3982 timed_waiting
java.lang.Thread.State: TIMED_WAITING
        at java.lang.Thread.sleep(Native Method)
        at java.lang.Thread.sleep(Thread.java:342)
        at java.util.concurrent.TimeUnit.sleep(TimeUnit.java:386)
        at org.apache.ratis.util.TimeDuration.sleep(TimeDuration.java:325)
        at org.apache.ratis.util.TimeDuration.sleep(TimeDuration.java:310)
        at org.apache.ratis.util.JvmPauseMonitor.detectPause(JvmPauseMonitor.java:119)
        at org.apache.ratis.util.JvmPauseMonitor.run(JvmPauseMonitor.java:108)
        at org.apache.ratis.util.JvmPauseMonitor$$Lambda$740/1979406568.run(Unknown Source)
        at java.lang.Thread.run(Thread.java:750)
"ChunkWriter-1-0" daemon prio=5 tid=3445 in Object.wait()
java.lang.Thread.State: WAITING (on object monitor)
        at sun.misc.Unsafe.park(Native Method)
        at java.util.concurrent.locks.LockSupport.park(LockSupport.java:175)
        at java.util.concurrent.locks.AbstractQueuedSynchronizer$ConditionObject.await(AbstractQueuedSynchronizer.java:2039)
        at java.util.concurrent.LinkedBlockingDeque.takeFirst(LinkedBlockingDeque.java:492)
        at java.util.concurrent.LinkedBlockingDeque.take(LinkedBlockingDeque.java:680)
        at java.util.concurrent.ThreadPoolExecutor.getTask(ThreadPoolExecutor.java:1074)
        at java.util.concurrent.ThreadPoolExecutor.runWorker(ThreadPoolExecutor.java:1134)
        at java.util.concurrent.ThreadPoolExecutor$Worker.run(ThreadPoolExecutor.java:624)
        at java.lang.Thread.run(Thread.java:750)
"om1@group-C5BA1605619E-LeaderStateImpl" daemon prio=5 tid=5041 timed_waiting
java.lang.Thread.State: TIMED_WAITING
        at sun.misc.Unsafe.park(Native Method)
        at java.util.concurrent.locks.LockSupport.parkNanos(LockSupport.java:215)
        at java.util.concurrent.locks.AbstractQueuedSynchronizer$ConditionObject.awaitNanos(AbstractQueuedSynchronizer.java:2078)
        at java.util.concurrent.ArrayBlockingQueue.poll(ArrayBlockingQueue.java:418)
        at org.apache.ratis.server.impl.LeaderStateImpl$EventQueue.poll(LeaderStateImpl.java:159)
        at org.apache.ratis.server.impl.LeaderStateImpl$EventProcessor.run(LeaderStateImpl.java:630)
"IPC Server handler 3 on default port 39603" daemon prio=5 tid=3765 timed_waiting
java.lang.Thread.State: TIMED_WAITING
        at sun.misc.Unsafe.park(Native Method)
        at java.util.concurrent.locks.LockSupport.parkNanos(LockSupport.java:215)
        at java.util.concurrent.locks.AbstractQueuedSynchronizer$ConditionObject.awaitNanos(AbstractQueuedSynchronizer.java:2078)
        at java.util.concurrent.LinkedBlockingQueue.poll(LinkedBlockingQueue.java:467)
        at org.apache.hadoop.ipc.CallQueueManager.take(CallQueueManager.java:317)
        at org.apache.hadoop.ipc.Server$Handler.run(Server.java:2942)
"qtp1419576172-4837" daemon prio=5 tid=4837 timed_waiting
java.lang.Thread.State: TIMED_WAITING
        at sun.misc.Unsafe.park(Native Method)
        at java.util.concurrent.locks.LockSupport.parkNanos(LockSupport.java:215)
        at java.util.concurrent.locks.AbstractQueuedSynchronizer$ConditionObject.awaitNanos(AbstractQueuedSynchronizer.java:2078)
        at org.eclipse.jetty.util.BlockingArrayQueue.poll(BlockingArrayQueue.java:382)
        at org.eclipse.jetty.util.thread.QueuedThreadPool$Runner.idleJobPoll(QueuedThreadPool.java:974)
        at org.eclipse.jetty.util.thread.QueuedThreadPool$Runner.run(QueuedThreadPool.java:1018)
        at java.lang.Thread.run(Thread.java:750)
"pool-2122-thread-1"  prio=5 tid=4298 timed_waiting
java.lang.Thread.State: TIMED_WAITING
        at sun.misc.Unsafe.park(Native Method)
        at java.util.concurrent.locks.LockSupport.parkNanos(LockSupport.java:215)
        at java.util.concurrent.locks.AbstractQueuedSynchronizer$ConditionObject.awaitNanos(AbstractQueuedSynchronizer.java:2078)
        at java.util.concurrent.ScheduledThreadPoolExecutor$DelayedWorkQueue.take(ScheduledThreadPoolExecutor.java:1093)
        at java.util.concurrent.ScheduledThreadPoolExecutor$DelayedWorkQueue.take(ScheduledThreadPoolExecutor.java:809)
        at java.util.concurrent.ThreadPoolExecutor.getTask(ThreadPoolExecutor.java:1074)
        at java.util.concurrent.ThreadPoolExecutor.runWorker(ThreadPoolExecutor.java:1134)
        at java.util.concurrent.ThreadPoolExecutor$Worker.run(ThreadPoolExecutor.java:624)
        at java.lang.Thread.run(Thread.java:750)
"org.apache.hadoop.util.JvmPauseMonitor$Monitor@1f3f0d25" daemon prio=5 tid=5569 timed_waiting
java.lang.Thread.State: TIMED_WAITING
        at java.lang.Thread.sleep(Native Method)
        at org.apache.hadoop.util.JvmPauseMonitor$Monitor.run(JvmPauseMonitor.java:192)
        at java.lang.Thread.run(Thread.java:750)
"qtp838819951-4950" daemon prio=5 tid=4950 timed_waiting
java.lang.Thread.State: TIMED_WAITING
        at sun.misc.Unsafe.park(Native Method)
        at java.util.concurrent.locks.LockSupport.parkNanos(LockSupport.java:215)
        at java.util.concurrent.locks.AbstractQueuedSynchronizer$ConditionObject.awaitNanos(AbstractQueuedSynchronizer.java:2078)
        at org.eclipse.jetty.util.BlockingArrayQueue.poll(BlockingArrayQueue.java:382)
        at org.eclipse.jetty.util.thread.QueuedThreadPool$Runner.idleJobPoll(QueuedThreadPool.java:974)
        at org.eclipse.jetty.util.thread.QueuedThreadPool$Runner.run(QueuedThreadPool.java:1018)
        at java.lang.Thread.run(Thread.java:750)
"FixedThreadPoolWithAffinityExecutor-8-0" daemon prio=5 tid=5503 timed_waiting
java.lang.Thread.State: TIMED_WAITING
        at sun.misc.Unsafe.park(Native Method)
        at java.util.concurrent.locks.LockSupport.parkNanos(LockSupport.java:215)
        at java.util.concurrent.locks.AbstractQueuedSynchronizer$ConditionObject.awaitNanos(AbstractQueuedSynchronizer.java:2078)
        at java.util.concurrent.LinkedBlockingQueue.poll(LinkedBlockingQueue.java:467)
        at org.apache.hadoop.hdds.scm.server.ContainerReportQueue.poll(ContainerReportQueue.java:266)
        at org.apache.hadoop.hdds.scm.server.ContainerReportQueue.poll(ContainerReportQueue.java:42)
        at org.apache.hadoop.hdds.server.events.FixedThreadPoolWithAffinityExecutor$ContainerReportProcessTask.run(FixedThreadPoolWithAffinityExecutor.java:248)
        at java.util.concurrent.Executors$RunnableAdapter.call(Executors.java:511)
        at java.util.concurrent.FutureTask.run(FutureTask.java:266)
        at java.util.concurrent.ThreadPoolExecutor.runWorker(ThreadPoolExecutor.java:1149)
        at java.util.concurrent.ThreadPoolExecutor$Worker.run(ThreadPoolExecutor.java:624)
        at java.lang.Thread.run(Thread.java:750)
"qtp97707647-5139" daemon prio=5 tid=5139 timed_waiting
java.lang.Thread.State: TIMED_WAITING
        at sun.misc.Unsafe.park(Native Method)
        at java.util.concurrent.locks.LockSupport.parkNanos(LockSupport.java:215)
        at java.util.concurrent.locks.AbstractQueuedSynchronizer$ConditionObject.awaitNanos(AbstractQueuedSynchronizer.java:2078)
        at org.eclipse.jetty.util.BlockingArrayQueue.poll(BlockingArrayQueue.java:382)
        at org.eclipse.jetty.util.thread.QueuedThreadPool$Runner.idleJobPoll(QueuedThreadPool.java:974)
        at org.eclipse.jetty.util.thread.QueuedThreadPool$Runner.run(QueuedThreadPool.java:1018)
        at java.lang.Thread.run(Thread.java:750)
"Periodic HDDS volume checker" daemon prio=5 tid=3373 timed_waiting
java.lang.Thread.State: TIMED_WAITING
        at sun.misc.Unsafe.park(Native Method)
        at java.util.concurrent.locks.LockSupport.parkNanos(LockSupport.java:215)
        at java.util.concurrent.locks.AbstractQueuedSynchronizer$ConditionObject.awaitNanos(AbstractQueuedSynchronizer.java:2078)
        at java.util.concurrent.ScheduledThreadPoolExecutor$DelayedWorkQueue.take(ScheduledThreadPoolExecutor.java:1093)
        at java.util.concurrent.ScheduledThreadPoolExecutor$DelayedWorkQueue.take(ScheduledThreadPoolExecutor.java:809)
        at java.util.concurrent.ThreadPoolExecutor.getTask(ThreadPoolExecutor.java:1074)
        at java.util.concurrent.ThreadPoolExecutor.runWorker(ThreadPoolExecutor.java:1134)
        at java.util.concurrent.ThreadPoolExecutor$Worker.run(ThreadPoolExecutor.java:624)
        at java.lang.Thread.run(Thread.java:750)
"ec-reconstruct-reader-TID-0"  prio=5 tid=4687 in Object.wait()
java.lang.Thread.State: WAITING (on object monitor)
        at sun.misc.Unsafe.park(Native Method)
        at java.util.concurrent.locks.LockSupport.park(LockSupport.java:175)
        at java.util.concurrent.SynchronousQueue$TransferStack.awaitFulfill(SynchronousQueue.java:458)
        at java.util.concurrent.SynchronousQueue$TransferStack.transfer(SynchronousQueue.java:362)
        at java.util.concurrent.SynchronousQueue.take(SynchronousQueue.java:924)
        at java.util.concurrent.ThreadPoolExecutor.getTask(ThreadPoolExecutor.java:1074)
        at java.util.concurrent.ThreadPoolExecutor.runWorker(ThreadPoolExecutor.java:1134)
        at java.util.concurrent.ThreadPoolExecutor$Worker.run(ThreadPoolExecutor.java:624)
        at java.lang.Thread.run(Thread.java:750)
"FullTableCache Cleanup Thread - 0" daemon prio=5 tid=3704 in Object.wait()
java.lang.Thread.State: WAITING (on object monitor)
        at sun.misc.Unsafe.park(Native Method)
        at java.util.concurrent.locks.LockSupport.park(LockSupport.java:175)
        at java.util.concurrent.locks.AbstractQueuedSynchronizer$ConditionObject.await(AbstractQueuedSynchronizer.java:2039)
        at java.util.concurrent.LinkedBlockingQueue.take(LinkedBlockingQueue.java:442)
        at java.util.concurrent.ThreadPoolExecutor.getTask(ThreadPoolExecutor.java:1074)
        at java.util.concurrent.ThreadPoolExecutor.runWorker(ThreadPoolExecutor.java:1134)
        at java.util.concurrent.ThreadPoolExecutor$Worker.run(ThreadPoolExecutor.java:624)
        at java.lang.Thread.run(Thread.java:750)
"DatanodeAdminManager-0" daemon prio=5 tid=5482 timed_waiting
java.lang.Thread.State: TIMED_WAITING
        at sun.misc.Unsafe.park(Native Method)
        at java.util.concurrent.locks.LockSupport.parkNanos(LockSupport.java:215)
        at java.util.concurrent.locks.AbstractQueuedSynchronizer$ConditionObject.awaitNanos(AbstractQueuedSynchronizer.java:2078)
        at java.util.concurrent.ScheduledThreadPoolExecutor$DelayedWorkQueue.take(ScheduledThreadPoolExecutor.java:1093)
        at java.util.concurrent.ScheduledThreadPoolExecutor$DelayedWorkQueue.take(ScheduledThreadPoolExecutor.java:809)
        at java.util.concurrent.ThreadPoolExecutor.getTask(ThreadPoolExecutor.java:1074)
        at java.util.concurrent.ThreadPoolExecutor.runWorker(ThreadPoolExecutor.java:1134)
        at java.util.concurrent.ThreadPoolExecutor$Worker.run(ThreadPoolExecutor.java:624)
        at java.lang.Thread.run(Thread.java:750)
"BlockDeletingService#1" daemon prio=5 tid=5156 in Object.wait()
java.lang.Thread.State: WAITING (on object monitor)
        at sun.misc.Unsafe.park(Native Method)
        at java.util.concurrent.locks.LockSupport.park(LockSupport.java:175)
        at java.util.concurrent.locks.AbstractQueuedSynchronizer$ConditionObject.await(AbstractQueuedSynchronizer.java:2039)
        at java.util.concurrent.ScheduledThreadPoolExecutor$DelayedWorkQueue.take(ScheduledThreadPoolExecutor.java:1088)
        at java.util.concurrent.ScheduledThreadPoolExecutor$DelayedWorkQueue.take(ScheduledThreadPoolExecutor.java:809)
        at java.util.concurrent.ThreadPoolExecutor.getTask(ThreadPoolExecutor.java:1074)
        at java.util.concurrent.ThreadPoolExecutor.runWorker(ThreadPoolExecutor.java:1134)
        at java.util.concurrent.ThreadPoolExecutor$Worker.run(ThreadPoolExecutor.java:624)
        at java.lang.Thread.run(Thread.java:750)
"db052414-94b4-46f8-aca1-929beb3cfaa7@group-B31D183E6566-LeaderStateImpl" daemon prio=5 tid=5581 timed_waiting
java.lang.Thread.State: TIMED_WAITING
        at sun.misc.Unsafe.park(Native Method)
        at java.util.concurrent.locks.LockSupport.parkNanos(LockSupport.java:215)
        at java.util.concurrent.locks.AbstractQueuedSynchronizer$ConditionObject.awaitNanos(AbstractQueuedSynchronizer.java:2078)
        at java.util.concurrent.ArrayBlockingQueue.poll(ArrayBlockingQueue.java:418)
        at org.apache.ratis.server.impl.LeaderStateImpl$EventQueue.poll(LeaderStateImpl.java:159)
        at org.apache.ratis.server.impl.LeaderStateImpl$EventProcessor.run(LeaderStateImpl.java:630)
"ChunkWriter-2-0" daemon prio=5 tid=5374 in Object.wait()
java.lang.Thread.State: WAITING (on object monitor)
        at sun.misc.Unsafe.park(Native Method)
        at java.util.concurrent.locks.LockSupport.park(LockSupport.java:175)
        at java.util.concurrent.locks.AbstractQueuedSynchronizer$ConditionObject.await(AbstractQueuedSynchronizer.java:2039)
        at java.util.concurrent.LinkedBlockingDeque.takeFirst(LinkedBlockingDeque.java:492)
        at java.util.concurrent.LinkedBlockingDeque.take(LinkedBlockingDeque.java:680)
        at java.util.concurrent.ThreadPoolExecutor.getTask(ThreadPoolExecutor.java:1074)
        at java.util.concurrent.ThreadPoolExecutor.runWorker(ThreadPoolExecutor.java:1134)
        at java.util.concurrent.ThreadPoolExecutor$Worker.run(ThreadPoolExecutor.java:624)
        at java.lang.Thread.run(Thread.java:750)
"IPC Server handler 9 on default port 39657" daemon prio=5 tid=4966 timed_waiting
java.lang.Thread.State: TIMED_WAITING
        at sun.misc.Unsafe.park(Native Method)
        at java.util.concurrent.locks.LockSupport.parkNanos(LockSupport.java:215)
        at java.util.concurrent.locks.AbstractQueuedSynchronizer$ConditionObject.awaitNanos(AbstractQueuedSynchronizer.java:2078)
        at java.util.concurrent.LinkedBlockingQueue.poll(LinkedBlockingQueue.java:467)
        at org.apache.hadoop.ipc.CallQueueManager.take(CallQueueManager.java:317)
        at org.apache.hadoop.ipc.Server$Handler.run(Server.java:2942)
"PartialTableCache Cleanup Thread - 0" daemon prio=5 tid=1917 in Object.wait()
java.lang.Thread.State: WAITING (on object monitor)
        at sun.misc.Unsafe.park(Native Method)
        at java.util.concurrent.locks.LockSupport.park(LockSupport.java:175)
        at java.util.concurrent.locks.AbstractQueuedSynchronizer$ConditionObject.await(AbstractQueuedSynchronizer.java:2039)
        at java.util.concurrent.LinkedBlockingQueue.take(LinkedBlockingQueue.java:442)
        at java.util.concurrent.ThreadPoolExecutor.getTask(ThreadPoolExecutor.java:1074)
        at java.util.concurrent.ThreadPoolExecutor.runWorker(ThreadPoolExecutor.java:1134)
        at java.util.concurrent.ThreadPoolExecutor$Worker.run(ThreadPoolExecutor.java:624)
        at java.lang.Thread.run(Thread.java:750)
"Command processor thread" daemon prio=5 tid=5125 timed_waiting
java.lang.Thread.State: TIMED_WAITING
        at java.lang.Thread.sleep(Native Method)
        at org.apache.hadoop.ozone.container.common.statemachine.DatanodeStateMachine.lambda$initCommandHandlerThread$3(DatanodeStateMachine.java:641)
        at org.apache.hadoop.ozone.container.common.statemachine.DatanodeStateMachine$$Lambda$787/339964609.run(Unknown Source)
        at java.lang.Thread.run(Thread.java:750)
"qtp1166429822-3989-acceptor-0@7a4b05bb-ServerConnector@485eff5b{HTTP/1.1, (http/1.1)}{0.0.0.0:43355}" daemon prio=3 tid=3989 runnable
java.lang.Thread.State: RUNNABLE
        at sun.nio.ch.ServerSocketChannelImpl.accept0(Native Method)
        at sun.nio.ch.ServerSocketChannelImpl.accept(ServerSocketChannelImpl.java:421)
        at sun.nio.ch.ServerSocketChannelImpl.accept(ServerSocketChannelImpl.java:249)
        at org.eclipse.jetty.server.ServerConnector.accept(ServerConnector.java:388)
        at org.eclipse.jetty.server.AbstractConnector$Acceptor.run(AbstractConnector.java:704)
        at org.eclipse.jetty.util.thread.QueuedThreadPool.runJob(QueuedThreadPool.java:883)
        at org.eclipse.jetty.util.thread.QueuedThreadPool$Runner.run(QueuedThreadPool.java:1034)
        at java.lang.Thread.run(Thread.java:750)
"BackgroundPipelineScrubberThread" daemon prio=5 tid=3725 timed_waiting
java.lang.Thread.State: TIMED_WAITING
        at java.lang.Object.wait(Native Method)
        at org.apache.hadoop.hdds.scm.ha.BackgroundSCMService.run(BackgroundSCMService.java:110)
        at org.apache.hadoop.hdds.scm.ha.BackgroundSCMService$$Lambda$409/140091744.run(Unknown Source)
        at java.lang.Thread.run(Thread.java:750)
"IPC Server handler 16 on default port 34157" daemon prio=5 tid=4027 timed_waiting
java.lang.Thread.State: TIMED_WAITING
        at sun.misc.Unsafe.park(Native Method)
        at java.util.concurrent.locks.LockSupport.parkNanos(LockSupport.java:215)
        at java.util.concurrent.locks.AbstractQueuedSynchronizer$ConditionObject.awaitNanos(AbstractQueuedSynchronizer.java:2078)
        at java.util.concurrent.LinkedBlockingQueue.poll(LinkedBlockingQueue.java:467)
        at org.apache.hadoop.ipc.CallQueueManager.take(CallQueueManager.java:317)
        at org.apache.hadoop.ipc.Server$Handler.run(Server.java:2942)
"Datanode ReportManager Thread - 3" daemon prio=5 tid=3393 in Object.wait()
java.lang.Thread.State: WAITING (on object monitor)
        at sun.misc.Unsafe.park(Native Method)
        at java.util.concurrent.locks.LockSupport.park(LockSupport.java:175)
        at java.util.concurrent.locks.AbstractQueuedSynchronizer$ConditionObject.await(AbstractQueuedSynchronizer.java:2039)
        at java.util.concurrent.ScheduledThreadPoolExecutor$DelayedWorkQueue.take(ScheduledThreadPoolExecutor.java:1088)
        at java.util.concurrent.ScheduledThreadPoolExecutor$DelayedWorkQueue.take(ScheduledThreadPoolExecutor.java:809)
        at java.util.concurrent.ThreadPoolExecutor.getTask(ThreadPoolExecutor.java:1074)
        at java.util.concurrent.ThreadPoolExecutor.runWorker(ThreadPoolExecutor.java:1134)
        at java.util.concurrent.ThreadPoolExecutor$Worker.run(ThreadPoolExecutor.java:624)
        at java.lang.Thread.run(Thread.java:750)
"qtp70197480-5051-acceptor-0@4b6272e1-ServerConnector@53e40a8e{HTTP/1.1, (http/1.1)}{0.0.0.0:38977}" daemon prio=3 tid=5051 runnable
java.lang.Thread.State: RUNNABLE
        at sun.nio.ch.ServerSocketChannelImpl.accept0(Native Method)
        at sun.nio.ch.ServerSocketChannelImpl.accept(ServerSocketChannelImpl.java:421)
        at sun.nio.ch.ServerSocketChannelImpl.accept(ServerSocketChannelImpl.java:249)
        at org.eclipse.jetty.server.ServerConnector.accept(ServerConnector.java:388)
        at org.eclipse.jetty.server.AbstractConnector$Acceptor.run(AbstractConnector.java:704)
        at org.eclipse.jetty.util.thread.QueuedThreadPool.runJob(QueuedThreadPool.java:883)
        at org.eclipse.jetty.util.thread.QueuedThreadPool$Runner.run(QueuedThreadPool.java:1034)
        at java.lang.Thread.run(Thread.java:750)
"Signal Dispatcher" daemon prio=9 tid=4 runnable
java.lang.Thread.State: RUNNABLE
"qtp1686202609-5078" daemon prio=5 tid=5078 timed_waiting
java.lang.Thread.State: TIMED_WAITING
        at sun.misc.Unsafe.park(Native Method)
        at java.util.concurrent.locks.LockSupport.parkNanos(LockSupport.java:215)
        at java.util.concurrent.locks.AbstractQueuedSynchronizer$ConditionObject.awaitNanos(AbstractQueuedSynchronizer.java:2078)
        at org.eclipse.jetty.util.BlockingArrayQueue.poll(BlockingArrayQueue.java:382)
        at org.eclipse.jetty.util.thread.QueuedThreadPool$Runner.idleJobPoll(QueuedThreadPool.java:974)
        at org.eclipse.jetty.util.thread.QueuedThreadPool$Runner.run(QueuedThreadPool.java:1018)
        at java.lang.Thread.run(Thread.java:750)
"IPC Server handler 5 on default port 39603" daemon prio=5 tid=3767 timed_waiting
java.lang.Thread.State: TIMED_WAITING
        at sun.misc.Unsafe.park(Native Method)
        at java.util.concurrent.locks.LockSupport.parkNanos(LockSupport.java:215)
        at java.util.concurrent.locks.AbstractQueuedSynchronizer$ConditionObject.awaitNanos(AbstractQueuedSynchronizer.java:2078)
        at java.util.concurrent.LinkedBlockingQueue.poll(LinkedBlockingQueue.java:467)
        at org.apache.hadoop.ipc.CallQueueManager.take(CallQueueManager.java:317)
        at org.apache.hadoop.ipc.Server$Handler.run(Server.java:2942)
"IPC Server handler 0 on default port 39657" daemon prio=5 tid=4957 timed_waiting
java.lang.Thread.State: TIMED_WAITING
        at sun.misc.Unsafe.park(Native Method)
        at java.util.concurrent.locks.LockSupport.parkNanos(LockSupport.java:215)
        at java.util.concurrent.locks.AbstractQueuedSynchronizer$ConditionObject.awaitNanos(AbstractQueuedSynchronizer.java:2078)
        at java.util.concurrent.LinkedBlockingQueue.poll(LinkedBlockingQueue.java:467)
        at org.apache.hadoop.ipc.CallQueueManager.take(CallQueueManager.java:317)
        at org.apache.hadoop.ipc.Server$Handler.run(Server.java:2942)
"Datanode ReportManager Thread - 1" daemon prio=5 tid=4352 in Object.wait()
java.lang.Thread.State: WAITING (on object monitor)
        at sun.misc.Unsafe.park(Native Method)
        at java.util.concurrent.locks.LockSupport.park(LockSupport.java:175)
        at java.util.concurrent.locks.AbstractQueuedSynchronizer$ConditionObject.await(AbstractQueuedSynchronizer.java:2039)
        at java.util.concurrent.ScheduledThreadPoolExecutor$DelayedWorkQueue.take(ScheduledThreadPoolExecutor.java:1088)
        at java.util.concurrent.ScheduledThreadPoolExecutor$DelayedWorkQueue.take(ScheduledThreadPoolExecutor.java:809)
        at java.util.concurrent.ThreadPoolExecutor.getTask(ThreadPoolExecutor.java:1074)
        at java.util.concurrent.ThreadPoolExecutor.runWorker(ThreadPoolExecutor.java:1134)
        at java.util.concurrent.ThreadPoolExecutor$Worker.run(ThreadPoolExecutor.java:624)
        at java.lang.Thread.run(Thread.java:750)
"IPC Server handler 2 on default port 34529" daemon prio=5 tid=5530 timed_waiting
java.lang.Thread.State: TIMED_WAITING
        at sun.misc.Unsafe.park(Native Method)
        at java.util.concurrent.locks.LockSupport.parkNanos(LockSupport.java:215)
        at java.util.concurrent.locks.AbstractQueuedSynchronizer$ConditionObject.awaitNanos(AbstractQueuedSynchronizer.java:2078)
        at java.util.concurrent.LinkedBlockingQueue.poll(LinkedBlockingQueue.java:467)
        at org.apache.hadoop.ipc.CallQueueManager.take(CallQueueManager.java:317)
        at org.apache.hadoop.ipc.Server$Handler.run(Server.java:2942)
"Datanode State Machine Task Thread - 0"  prio=5 tid=4167 in Object.wait()
java.lang.Thread.State: WAITING (on object monitor)
        at sun.misc.Unsafe.park(Native Method)
        at java.util.concurrent.locks.LockSupport.park(LockSupport.java:175)
        at java.util.concurrent.locks.AbstractQueuedSynchronizer$ConditionObject.await(AbstractQueuedSynchronizer.java:2039)
        at java.util.concurrent.LinkedBlockingQueue.take(LinkedBlockingQueue.java:442)
        at java.util.concurrent.ThreadPoolExecutor.getTask(ThreadPoolExecutor.java:1074)
        at java.util.concurrent.ThreadPoolExecutor.runWorker(ThreadPoolExecutor.java:1134)
        at java.util.concurrent.ThreadPoolExecutor$Worker.run(ThreadPoolExecutor.java:624)
        at java.lang.Thread.run(Thread.java:750)
"ChunkReader-ELG-0" daemon prio=5 tid=4418 runnable
java.lang.Thread.State: RUNNABLE
        at org.apache.ratis.thirdparty.io.netty.channel.epoll.Native.epollWait(Native Method)
        at org.apache.ratis.thirdparty.io.netty.channel.epoll.Native.epollWait(Native.java:209)
        at org.apache.ratis.thirdparty.io.netty.channel.epoll.Native.epollWait(Native.java:202)
        at org.apache.ratis.thirdparty.io.netty.channel.epoll.EpollEventLoop.epollWaitNoTimerChange(EpollEventLoop.java:294)
        at org.apache.ratis.thirdparty.io.netty.channel.epoll.EpollEventLoop.run(EpollEventLoop.java:351)
        at org.apache.ratis.thirdparty.io.netty.util.concurrent.SingleThreadEventExecutor$4.run(SingleThreadEventExecutor.java:995)
        at org.apache.ratis.thirdparty.io.netty.util.internal.ThreadExecutorMap$2.run(ThreadExecutorMap.java:74)
        at java.lang.Thread.run(Thread.java:750)
"EndpointStateMachine task thread for /0.0.0.0:41341 - 0 "  prio=5 tid=4360 in Object.wait()
java.lang.Thread.State: WAITING (on object monitor)
        at sun.misc.Unsafe.park(Native Method)
        at java.util.concurrent.locks.LockSupport.park(LockSupport.java:175)
        at java.util.concurrent.locks.AbstractQueuedSynchronizer$ConditionObject.await(AbstractQueuedSynchronizer.java:2039)
        at java.util.concurrent.LinkedBlockingQueue.take(LinkedBlockingQueue.java:442)
        at java.util.concurrent.ThreadPoolExecutor.getTask(ThreadPoolExecutor.java:1074)
        at java.util.concurrent.ThreadPoolExecutor.runWorker(ThreadPoolExecutor.java:1134)
        at java.util.concurrent.ThreadPoolExecutor$Worker.run(ThreadPoolExecutor.java:624)
        at java.lang.Thread.run(Thread.java:750)
"ChunkWriter-3-0" daemon prio=5 tid=5210 in Object.wait()
java.lang.Thread.State: WAITING (on object monitor)
        at sun.misc.Unsafe.park(Native Method)
        at java.util.concurrent.locks.LockSupport.park(LockSupport.java:175)
        at java.util.concurrent.locks.AbstractQueuedSynchronizer$ConditionObject.await(AbstractQueuedSynchronizer.java:2039)
        at java.util.concurrent.LinkedBlockingDeque.takeFirst(LinkedBlockingDeque.java:492)
        at java.util.concurrent.LinkedBlockingDeque.take(LinkedBlockingDeque.java:680)
        at java.util.concurrent.ThreadPoolExecutor.getTask(ThreadPoolExecutor.java:1074)
        at java.util.concurrent.ThreadPoolExecutor.runWorker(ThreadPoolExecutor.java:1134)
        at java.util.concurrent.ThreadPoolExecutor$Worker.run(ThreadPoolExecutor.java:624)
        at java.lang.Thread.run(Thread.java:750)
"ChunkWriter-0-0" daemon prio=5 tid=5219 in Object.wait()
java.lang.Thread.State: WAITING (on object monitor)
        at sun.misc.Unsafe.park(Native Method)
        at java.util.concurrent.locks.LockSupport.park(LockSupport.java:175)
        at java.util.concurrent.locks.AbstractQueuedSynchronizer$ConditionObject.await(AbstractQueuedSynchronizer.java:2039)
        at java.util.concurrent.LinkedBlockingDeque.takeFirst(LinkedBlockingDeque.java:492)
        at java.util.concurrent.LinkedBlockingDeque.take(LinkedBlockingDeque.java:680)
        at java.util.concurrent.ThreadPoolExecutor.getTask(ThreadPoolExecutor.java:1074)
        at java.util.concurrent.ThreadPoolExecutor.runWorker(ThreadPoolExecutor.java:1134)
        at java.util.concurrent.ThreadPoolExecutor$Worker.run(ThreadPoolExecutor.java:624)
        at java.lang.Thread.run(Thread.java:750)
"qtp1099129309-4265" daemon prio=5 tid=4265 timed_waiting
java.lang.Thread.State: TIMED_WAITING
        at sun.misc.Unsafe.park(Native Method)
        at java.util.concurrent.locks.LockSupport.parkNanos(LockSupport.java:215)
        at java.util.concurrent.locks.AbstractQueuedSynchronizer$ConditionObject.awaitNanos(AbstractQueuedSynchronizer.java:2078)
        at org.eclipse.jetty.util.BlockingArrayQueue.poll(BlockingArrayQueue.java:382)
        at org.eclipse.jetty.util.thread.QueuedThreadPool$Runner.idleJobPoll(QueuedThreadPool.java:974)
        at org.eclipse.jetty.util.thread.QueuedThreadPool$Runner.run(QueuedThreadPool.java:1018)
        at java.lang.Thread.run(Thread.java:750)
"StaleRecoveringContainerScrubbingService#1" daemon prio=5 tid=3557 timed_waiting
java.lang.Thread.State: TIMED_WAITING
        at sun.misc.Unsafe.park(Native Method)
        at java.util.concurrent.locks.LockSupport.parkNanos(LockSupport.java:215)
        at java.util.concurrent.locks.AbstractQueuedSynchronizer$ConditionObject.awaitNanos(AbstractQueuedSynchronizer.java:2078)
        at java.util.concurrent.ScheduledThreadPoolExecutor$DelayedWorkQueue.take(ScheduledThreadPoolExecutor.java:1093)
        at java.util.concurrent.ScheduledThreadPoolExecutor$DelayedWorkQueue.take(ScheduledThreadPoolExecutor.java:809)
        at java.util.concurrent.ThreadPoolExecutor.getTask(ThreadPoolExecutor.java:1074)
        at java.util.concurrent.ThreadPoolExecutor.runWorker(ThreadPoolExecutor.java:1134)
        at java.util.concurrent.ThreadPoolExecutor$Worker.run(ThreadPoolExecutor.java:624)
        at java.lang.Thread.run(Thread.java:750)
"IPC Server handler 13 on default port 41341" daemon prio=5 tid=3817 timed_waiting
java.lang.Thread.State: TIMED_WAITING
        at sun.misc.Unsafe.park(Native Method)
        at java.util.concurrent.locks.LockSupport.parkNanos(LockSupport.java:215)
        at java.util.concurrent.locks.AbstractQueuedSynchronizer$ConditionObject.awaitNanos(AbstractQueuedSynchronizer.java:2078)
        at java.util.concurrent.LinkedBlockingQueue.poll(LinkedBlockingQueue.java:467)
        at org.apache.hadoop.ipc.CallQueueManager.take(CallQueueManager.java:317)
        at org.apache.hadoop.ipc.Server$Handler.run(Server.java:2942)
"Periodic HDDS volume checker" daemon prio=5 tid=4322 timed_waiting
java.lang.Thread.State: TIMED_WAITING
        at sun.misc.Unsafe.park(Native Method)
        at java.util.concurrent.locks.LockSupport.parkNanos(LockSupport.java:215)
        at java.util.concurrent.locks.AbstractQueuedSynchronizer$ConditionObject.awaitNanos(AbstractQueuedSynchronizer.java:2078)
        at java.util.concurrent.ScheduledThreadPoolExecutor$DelayedWorkQueue.take(ScheduledThreadPoolExecutor.java:1093)
        at java.util.concurrent.ScheduledThreadPoolExecutor$DelayedWorkQueue.take(ScheduledThreadPoolExecutor.java:809)
        at java.util.concurrent.ThreadPoolExecutor.getTask(ThreadPoolExecutor.java:1074)
        at java.util.concurrent.ThreadPoolExecutor.runWorker(ThreadPoolExecutor.java:1134)
        at java.util.concurrent.ThreadPoolExecutor$Worker.run(ThreadPoolExecutor.java:624)
        at java.lang.Thread.run(Thread.java:750)
"ec62b457-0040-4e07-85ab-e1dde9d29779-server-thread1" daemon prio=5 tid=5634 timed_waiting
java.lang.Thread.State: TIMED_WAITING
        at sun.misc.Unsafe.park(Native Method)
        at java.util.concurrent.locks.LockSupport.parkNanos(LockSupport.java:215)
        at java.util.concurrent.SynchronousQueue$TransferStack.awaitFulfill(SynchronousQueue.java:460)
        at java.util.concurrent.SynchronousQueue$TransferStack.transfer(SynchronousQueue.java:362)
        at java.util.concurrent.SynchronousQueue.poll(SynchronousQueue.java:941)
        at java.util.concurrent.ThreadPoolExecutor.getTask(ThreadPoolExecutor.java:1073)
        at java.util.concurrent.ThreadPoolExecutor.runWorker(ThreadPoolExecutor.java:1134)
        at java.util.concurrent.ThreadPoolExecutor$Worker.run(ThreadPoolExecutor.java:624)
        at java.lang.Thread.run(Thread.java:750)
"ChunkWriter-1-0" daemon prio=5 tid=3490 in Object.wait()
java.lang.Thread.State: WAITING (on object monitor)
        at sun.misc.Unsafe.park(Native Method)
        at java.util.concurrent.locks.LockSupport.park(LockSupport.java:175)
        at java.util.concurrent.locks.AbstractQueuedSynchronizer$ConditionObject.await(AbstractQueuedSynchronizer.java:2039)
        at java.util.concurrent.LinkedBlockingDeque.takeFirst(LinkedBlockingDeque.java:492)
        at java.util.concurrent.LinkedBlockingDeque.take(LinkedBlockingDeque.java:680)
        at java.util.concurrent.ThreadPoolExecutor.getTask(ThreadPoolExecutor.java:1074)
        at java.util.concurrent.ThreadPoolExecutor.runWorker(ThreadPoolExecutor.java:1134)
        at java.util.concurrent.ThreadPoolExecutor$Worker.run(ThreadPoolExecutor.java:624)
        at java.lang.Thread.run(Thread.java:750)
"EventQueue-DatanodeCommandForSCMNodeManager"  prio=5 tid=5369 in Object.wait()
java.lang.Thread.State: WAITING (on object monitor)
        at sun.misc.Unsafe.park(Native Method)
        at java.util.concurrent.locks.LockSupport.park(LockSupport.java:175)
        at java.util.concurrent.locks.AbstractQueuedSynchronizer$ConditionObject.await(AbstractQueuedSynchronizer.java:2039)
        at java.util.concurrent.LinkedBlockingQueue.take(LinkedBlockingQueue.java:442)
        at java.util.concurrent.ThreadPoolExecutor.getTask(ThreadPoolExecutor.java:1074)
        at java.util.concurrent.ThreadPoolExecutor.runWorker(ThreadPoolExecutor.java:1134)
        at java.util.concurrent.ThreadPoolExecutor$Worker.run(ThreadPoolExecutor.java:624)
        at java.lang.Thread.run(Thread.java:750)
"EventQueue-NodeRegistrationContainerReportForDataNodeSafeModeRule" daemon prio=5 tid=4406 in Object.wait()
java.lang.Thread.State: WAITING (on object monitor)
        at sun.misc.Unsafe.park(Native Method)
        at java.util.concurrent.locks.LockSupport.park(LockSupport.java:175)
        at java.util.concurrent.locks.AbstractQueuedSynchronizer$ConditionObject.await(AbstractQueuedSynchronizer.java:2039)
        at java.util.concurrent.LinkedBlockingQueue.take(LinkedBlockingQueue.java:442)
        at java.util.concurrent.ThreadPoolExecutor.getTask(ThreadPoolExecutor.java:1074)
        at java.util.concurrent.ThreadPoolExecutor.runWorker(ThreadPoolExecutor.java:1134)
        at java.util.concurrent.ThreadPoolExecutor$Worker.run(ThreadPoolExecutor.java:624)
        at java.lang.Thread.run(Thread.java:750)
"IPC Server handler 7 on default port 34529" daemon prio=5 tid=5535 timed_waiting
java.lang.Thread.State: TIMED_WAITING
        at sun.misc.Unsafe.park(Native Method)
        at java.util.concurrent.locks.LockSupport.parkNanos(LockSupport.java:215)
        at java.util.concurrent.locks.AbstractQueuedSynchronizer$ConditionObject.awaitNanos(AbstractQueuedSynchronizer.java:2078)
        at java.util.concurrent.LinkedBlockingQueue.poll(LinkedBlockingQueue.java:467)
        at org.apache.hadoop.ipc.CallQueueManager.take(CallQueueManager.java:317)
        at org.apache.hadoop.ipc.Server$Handler.run(Server.java:2942)
"Command processor thread" daemon prio=5 tid=5091 timed_waiting
java.lang.Thread.State: TIMED_WAITING
        at java.lang.Thread.sleep(Native Method)
        at org.apache.hadoop.ozone.container.common.statemachine.DatanodeStateMachine.lambda$initCommandHandlerThread$3(DatanodeStateMachine.java:641)
        at org.apache.hadoop.ozone.container.common.statemachine.DatanodeStateMachine$$Lambda$787/339964609.run(Unknown Source)
        at java.lang.Thread.run(Thread.java:750)
"EventQueue-DatanodeCommandForSCMNodeManager" daemon prio=5 tid=5622 in Object.wait()
java.lang.Thread.State: WAITING (on object monitor)
        at sun.misc.Unsafe.park(Native Method)
        at java.util.concurrent.locks.LockSupport.park(LockSupport.java:175)
        at java.util.concurrent.locks.AbstractQueuedSynchronizer$ConditionObject.await(AbstractQueuedSynchronizer.java:2039)
        at java.util.concurrent.LinkedBlockingQueue.take(LinkedBlockingQueue.java:442)
        at java.util.concurrent.ThreadPoolExecutor.getTask(ThreadPoolExecutor.java:1074)
        at java.util.concurrent.ThreadPoolExecutor.runWorker(ThreadPoolExecutor.java:1134)
        at java.util.concurrent.ThreadPoolExecutor$Worker.run(ThreadPoolExecutor.java:624)
        at java.lang.Thread.run(Thread.java:750)
"qtp612244147-3237" daemon prio=5 tid=3237 timed_waiting
java.lang.Thread.State: TIMED_WAITING
        at sun.misc.Unsafe.park(Native Method)
        at java.util.concurrent.locks.LockSupport.parkNanos(LockSupport.java:215)
        at java.util.concurrent.locks.AbstractQueuedSynchronizer$ConditionObject.awaitNanos(AbstractQueuedSynchronizer.java:2078)
        at org.eclipse.jetty.util.BlockingArrayQueue.poll(BlockingArrayQueue.java:382)
        at org.eclipse.jetty.util.thread.QueuedThreadPool$Runner.idleJobPoll(QueuedThreadPool.java:974)
        at org.eclipse.jetty.util.thread.QueuedThreadPool$Runner.run(QueuedThreadPool.java:1018)
        at java.lang.Thread.run(Thread.java:750)
"b56e85ee-8e41-41ba-8236-410d8ae83499@group-CBE126E451E1->ec62b457-0040-4e07-85ab-e1dde9d29779-GrpcLogAppender-LogAppenderDaemon" daemon prio=5 tid=5630 timed_waiting
java.lang.Thread.State: TIMED_WAITING
        at sun.misc.Unsafe.park(Native Method)
        at java.util.concurrent.locks.LockSupport.parkNanos(LockSupport.java:215)
        at java.util.concurrent.CompletableFuture$Signaller.block(CompletableFuture.java:1709)
        at java.util.concurrent.ForkJoinPool.managedBlock(ForkJoinPool.java:3323)
        at java.util.concurrent.CompletableFuture.timedGet(CompletableFuture.java:1788)
        at java.util.concurrent.CompletableFuture.get(CompletableFuture.java:1928)
        at org.apache.ratis.util.AwaitForSignal.await(AwaitForSignal.java:56)
        at org.apache.ratis.grpc.server.GrpcLogAppender.mayWait(GrpcLogAppender.java:198)
        at org.apache.ratis.grpc.server.GrpcLogAppender.run(GrpcLogAppender.java:148)
        at org.apache.ratis.server.leader.LogAppenderDaemon.run(LogAppenderDaemon.java:78)
        at org.apache.ratis.server.leader.LogAppenderDaemon$$Lambda$1074/1442786329.run(Unknown Source)
        at java.lang.Thread.run(Thread.java:750)
"ChunkWriter-3-0" daemon prio=5 tid=4439 in Object.wait()
java.lang.Thread.State: WAITING (on object monitor)
        at sun.misc.Unsafe.park(Native Method)
        at java.util.concurrent.locks.LockSupport.park(LockSupport.java:175)
        at java.util.concurrent.locks.AbstractQueuedSynchronizer$ConditionObject.await(AbstractQueuedSynchronizer.java:2039)
        at java.util.concurrent.LinkedBlockingDeque.takeFirst(LinkedBlockingDeque.java:492)
        at java.util.concurrent.LinkedBlockingDeque.take(LinkedBlockingDeque.java:680)
        at java.util.concurrent.ThreadPoolExecutor.getTask(ThreadPoolExecutor.java:1074)
        at java.util.concurrent.ThreadPoolExecutor.runWorker(ThreadPoolExecutor.java:1134)
        at java.util.concurrent.ThreadPoolExecutor$Worker.run(ThreadPoolExecutor.java:624)
        at java.lang.Thread.run(Thread.java:750)
"PartialTableCache Cleanup Thread - 0" daemon prio=5 tid=4719 in Object.wait()
java.lang.Thread.State: WAITING (on object monitor)
        at sun.misc.Unsafe.park(Native Method)
        at java.util.concurrent.locks.LockSupport.park(LockSupport.java:175)
        at java.util.concurrent.locks.AbstractQueuedSynchronizer$ConditionObject.await(AbstractQueuedSynchronizer.java:2039)
        at java.util.concurrent.LinkedBlockingQueue.take(LinkedBlockingQueue.java:442)
        at java.util.concurrent.ThreadPoolExecutor.getTask(ThreadPoolExecutor.java:1074)
        at java.util.concurrent.ThreadPoolExecutor.runWorker(ThreadPoolExecutor.java:1134)
        at java.util.concurrent.ThreadPoolExecutor$Worker.run(ThreadPoolExecutor.java:624)
        at java.lang.Thread.run(Thread.java:750)
"IPC Server handler 19 on default port 41341" daemon prio=5 tid=3823 timed_waiting
java.lang.Thread.State: TIMED_WAITING
        at sun.misc.Unsafe.park(Native Method)
        at java.util.concurrent.locks.LockSupport.parkNanos(LockSupport.java:215)
        at java.util.concurrent.locks.AbstractQueuedSynchronizer$ConditionObject.awaitNanos(AbstractQueuedSynchronizer.java:2078)
        at java.util.concurrent.LinkedBlockingQueue.poll(LinkedBlockingQueue.java:467)
        at org.apache.hadoop.ipc.CallQueueManager.take(CallQueueManager.java:317)
        at org.apache.hadoop.ipc.Server$Handler.run(Server.java:2942)
"2caa6dbd-0dfc-46f6-9048-e45aa22bedc3-server-thread2" daemon prio=5 tid=4641 timed_waiting
java.lang.Thread.State: TIMED_WAITING
        at sun.misc.Unsafe.park(Native Method)
        at java.util.concurrent.locks.LockSupport.parkNanos(LockSupport.java:215)
        at java.util.concurrent.SynchronousQueue$TransferStack.awaitFulfill(SynchronousQueue.java:460)
        at java.util.concurrent.SynchronousQueue$TransferStack.transfer(SynchronousQueue.java:362)
        at java.util.concurrent.SynchronousQueue.poll(SynchronousQueue.java:941)
        at java.util.concurrent.ThreadPoolExecutor.getTask(ThreadPoolExecutor.java:1073)
        at java.util.concurrent.ThreadPoolExecutor.runWorker(ThreadPoolExecutor.java:1134)
        at java.util.concurrent.ThreadPoolExecutor$Worker.run(ThreadPoolExecutor.java:624)
        at java.lang.Thread.run(Thread.java:750)
"ChunkReader-ELG-0" daemon prio=5 tid=5395 runnable
java.lang.Thread.State: RUNNABLE
        at org.apache.ratis.thirdparty.io.netty.channel.epoll.Native.epollWait(Native Method)
        at org.apache.ratis.thirdparty.io.netty.channel.epoll.Native.epollWait(Native.java:209)
        at org.apache.ratis.thirdparty.io.netty.channel.epoll.Native.epollWait(Native.java:202)
        at org.apache.ratis.thirdparty.io.netty.channel.epoll.EpollEventLoop.epollWaitNoTimerChange(EpollEventLoop.java:294)
        at org.apache.ratis.thirdparty.io.netty.channel.epoll.EpollEventLoop.run(EpollEventLoop.java:351)
        at org.apache.ratis.thirdparty.io.netty.util.concurrent.SingleThreadEventExecutor$4.run(SingleThreadEventExecutor.java:995)
        at org.apache.ratis.thirdparty.io.netty.util.internal.ThreadExecutorMap$2.run(ThreadExecutorMap.java:74)
        at java.lang.Thread.run(Thread.java:750)
"qtp857619324-5023" daemon prio=5 tid=5023 runnable
java.lang.Thread.State: RUNNABLE
        at sun.nio.ch.EPollArrayWrapper.epollWait(Native Method)
        at sun.nio.ch.EPollArrayWrapper.poll(EPollArrayWrapper.java:269)
        at sun.nio.ch.EPollSelectorImpl.doSelect(EPollSelectorImpl.java:93)
        at sun.nio.ch.SelectorImpl.lockAndDoSelect(SelectorImpl.java:86)
        at sun.nio.ch.SelectorImpl.select(SelectorImpl.java:97)
        at sun.nio.ch.SelectorImpl.select(SelectorImpl.java:101)
        at org.eclipse.jetty.io.ManagedSelector.nioSelect(ManagedSelector.java:183)
        at org.eclipse.jetty.io.ManagedSelector.select(ManagedSelector.java:190)
        at org.eclipse.jetty.io.ManagedSelector$SelectorProducer.select(ManagedSelector.java:606)
        at org.eclipse.jetty.io.ManagedSelector$SelectorProducer.produce(ManagedSelector.java:543)
        at org.eclipse.jetty.util.thread.strategy.EatWhatYouKill.produceTask(EatWhatYouKill.java:362)
        at org.eclipse.jetty.util.thread.strategy.EatWhatYouKill.doProduce(EatWhatYouKill.java:186)
        at org.eclipse.jetty.util.thread.strategy.EatWhatYouKill.tryProduce(EatWhatYouKill.java:173)
        at org.eclipse.jetty.util.thread.strategy.EatWhatYouKill.produce(EatWhatYouKill.java:137)
        at org.eclipse.jetty.io.ManagedSelector$$Lambda$480/1445512345.run(Unknown Source)
        at org.eclipse.jetty.util.thread.QueuedThreadPool.runJob(QueuedThreadPool.java:883)
        at org.eclipse.jetty.util.thread.QueuedThreadPool$Runner.run(QueuedThreadPool.java:1034)
        at java.lang.Thread.run(Thread.java:750)
"IPC Server handler 0 on default port 36439" daemon prio=5 tid=3784 timed_waiting
java.lang.Thread.State: TIMED_WAITING
        at sun.misc.Unsafe.park(Native Method)
        at java.util.concurrent.locks.LockSupport.parkNanos(LockSupport.java:215)
        at java.util.concurrent.locks.AbstractQueuedSynchronizer$ConditionObject.awaitNanos(AbstractQueuedSynchronizer.java:2078)
        at java.util.concurrent.LinkedBlockingQueue.poll(LinkedBlockingQueue.java:467)
        at org.apache.hadoop.ipc.CallQueueManager.take(CallQueueManager.java:317)
        at org.apache.hadoop.ipc.Server$Handler.run(Server.java:2942)
"qtp70197480-5056" daemon prio=5 tid=5056 timed_waiting
java.lang.Thread.State: TIMED_WAITING
        at sun.misc.Unsafe.park(Native Method)
        at java.util.concurrent.locks.LockSupport.parkNanos(LockSupport.java:215)
        at java.util.concurrent.locks.AbstractQueuedSynchronizer$ConditionObject.awaitNanos(AbstractQueuedSynchronizer.java:2078)
        at org.eclipse.jetty.util.BlockingArrayQueue.poll(BlockingArrayQueue.java:382)
        at org.eclipse.jetty.util.thread.QueuedThreadPool$Runner.idleJobPoll(QueuedThreadPool.java:974)
        at org.eclipse.jetty.util.thread.QueuedThreadPool$Runner.run(QueuedThreadPool.java:1018)
        at java.lang.Thread.run(Thread.java:750)
"qtp708458890-4233" daemon prio=5 tid=4233 runnable
java.lang.Thread.State: RUNNABLE
        at sun.nio.ch.EPollArrayWrapper.epollWait(Native Method)
        at sun.nio.ch.EPollArrayWrapper.poll(EPollArrayWrapper.java:269)
        at sun.nio.ch.EPollSelectorImpl.doSelect(EPollSelectorImpl.java:93)
        at sun.nio.ch.SelectorImpl.lockAndDoSelect(SelectorImpl.java:86)
        at sun.nio.ch.SelectorImpl.select(SelectorImpl.java:97)
        at sun.nio.ch.SelectorImpl.select(SelectorImpl.java:101)
        at org.eclipse.jetty.io.ManagedSelector.nioSelect(ManagedSelector.java:183)
        at org.eclipse.jetty.io.ManagedSelector.select(ManagedSelector.java:190)
        at org.eclipse.jetty.io.ManagedSelector$SelectorProducer.select(ManagedSelector.java:606)
        at org.eclipse.jetty.io.ManagedSelector$SelectorProducer.produce(ManagedSelector.java:543)
        at org.eclipse.jetty.util.thread.strategy.EatWhatYouKill.produceTask(EatWhatYouKill.java:362)
        at org.eclipse.jetty.util.thread.strategy.EatWhatYouKill.doProduce(EatWhatYouKill.java:186)
        at org.eclipse.jetty.util.thread.strategy.EatWhatYouKill.tryProduce(EatWhatYouKill.java:173)
        at org.eclipse.jetty.util.thread.strategy.EatWhatYouKill.produce(EatWhatYouKill.java:137)
        at org.eclipse.jetty.io.ManagedSelector$$Lambda$480/1445512345.run(Unknown Source)
        at org.eclipse.jetty.util.thread.QueuedThreadPool.runJob(QueuedThreadPool.java:883)
        at org.eclipse.jetty.util.thread.QueuedThreadPool$Runner.run(QueuedThreadPool.java:1034)
        at java.lang.Thread.run(Thread.java:750)
"ea04acba-2572-4ce4-bec1-b0e6c6418c45@group-9C27DC43941B-StateMachineUpdater" daemon prio=5 tid=5443 timed_waiting
java.lang.Thread.State: TIMED_WAITING
        at sun.misc.Unsafe.park(Native Method)
        at java.util.concurrent.locks.LockSupport.parkNanos(LockSupport.java:215)
        at java.util.concurrent.CompletableFuture$Signaller.block(CompletableFuture.java:1709)
        at java.util.concurrent.ForkJoinPool.managedBlock(ForkJoinPool.java:3323)
        at java.util.concurrent.CompletableFuture.timedGet(CompletableFuture.java:1788)
        at java.util.concurrent.CompletableFuture.get(CompletableFuture.java:1928)
        at org.apache.ratis.util.AwaitForSignal.await(AwaitForSignal.java:56)
        at org.apache.ratis.server.impl.StateMachineUpdater.waitForCommit(StateMachineUpdater.java:207)
        at org.apache.ratis.server.impl.StateMachineUpdater.run(StateMachineUpdater.java:176)
        at java.lang.Thread.run(Thread.java:750)
"Datanode ReportManager Thread - 3" daemon prio=5 tid=4316 in Object.wait()
java.lang.Thread.State: WAITING (on object monitor)
        at sun.misc.Unsafe.park(Native Method)
        at java.util.concurrent.locks.LockSupport.park(LockSupport.java:175)
        at java.util.concurrent.locks.AbstractQueuedSynchronizer$ConditionObject.await(AbstractQueuedSynchronizer.java:2039)
        at java.util.concurrent.ScheduledThreadPoolExecutor$DelayedWorkQueue.take(ScheduledThreadPoolExecutor.java:1088)
        at java.util.concurrent.ScheduledThreadPoolExecutor$DelayedWorkQueue.take(ScheduledThreadPoolExecutor.java:809)
        at java.util.concurrent.ThreadPoolExecutor.getTask(ThreadPoolExecutor.java:1074)
        at java.util.concurrent.ThreadPoolExecutor.runWorker(ThreadPoolExecutor.java:1134)
        at java.util.concurrent.ThreadPoolExecutor$Worker.run(ThreadPoolExecutor.java:624)
        at java.lang.Thread.run(Thread.java:750)
"IPC Server handler 9 on default port 39603" daemon prio=5 tid=3771 timed_waiting
java.lang.Thread.State: TIMED_WAITING
        at sun.misc.Unsafe.park(Native Method)
        at java.util.concurrent.locks.LockSupport.parkNanos(LockSupport.java:215)
        at java.util.concurrent.locks.AbstractQueuedSynchronizer$ConditionObject.awaitNanos(AbstractQueuedSynchronizer.java:2078)
        at java.util.concurrent.LinkedBlockingQueue.poll(LinkedBlockingQueue.java:467)
        at org.apache.hadoop.ipc.CallQueueManager.take(CallQueueManager.java:317)
        at org.apache.hadoop.ipc.Server$Handler.run(Server.java:2942)
"IPC Server handler 9 on default port 45267" daemon prio=5 tid=5517 timed_waiting
java.lang.Thread.State: TIMED_WAITING
        at sun.misc.Unsafe.park(Native Method)
        at java.util.concurrent.locks.LockSupport.parkNanos(LockSupport.java:215)
        at java.util.concurrent.locks.AbstractQueuedSynchronizer$ConditionObject.awaitNanos(AbstractQueuedSynchronizer.java:2078)
        at java.util.concurrent.LinkedBlockingQueue.poll(LinkedBlockingQueue.java:467)
        at org.apache.hadoop.ipc.CallQueueManager.take(CallQueueManager.java:317)
        at org.apache.hadoop.ipc.Server$Handler.run(Server.java:2942)
"pool-2145-thread-1"  prio=5 tid=4328 timed_waiting
java.lang.Thread.State: TIMED_WAITING
        at sun.misc.Unsafe.park(Native Method)
        at java.util.concurrent.locks.LockSupport.parkNanos(LockSupport.java:215)
        at java.util.concurrent.locks.AbstractQueuedSynchronizer$ConditionObject.awaitNanos(AbstractQueuedSynchronizer.java:2078)
        at java.util.concurrent.ScheduledThreadPoolExecutor$DelayedWorkQueue.take(ScheduledThreadPoolExecutor.java:1093)
        at java.util.concurrent.ScheduledThreadPoolExecutor$DelayedWorkQueue.take(ScheduledThreadPoolExecutor.java:809)
        at java.util.concurrent.ThreadPoolExecutor.getTask(ThreadPoolExecutor.java:1074)
        at java.util.concurrent.ThreadPoolExecutor.runWorker(ThreadPoolExecutor.java:1134)
        at java.util.concurrent.ThreadPoolExecutor$Worker.run(ThreadPoolExecutor.java:624)
        at java.lang.Thread.run(Thread.java:750)
"qtp1648517692-4064-acceptor-0@4fdfc049-ServerConnector@63d49e7a{HTTP/1.1, (http/1.1)}{0.0.0.0:44147}" daemon prio=3 tid=4064 runnable
java.lang.Thread.State: RUNNABLE
        at sun.nio.ch.ServerSocketChannelImpl.accept0(Native Method)
        at sun.nio.ch.ServerSocketChannelImpl.accept(ServerSocketChannelImpl.java:421)
        at sun.nio.ch.ServerSocketChannelImpl.accept(ServerSocketChannelImpl.java:249)
        at org.eclipse.jetty.server.ServerConnector.accept(ServerConnector.java:388)
        at org.eclipse.jetty.server.AbstractConnector$Acceptor.run(AbstractConnector.java:704)
        at org.eclipse.jetty.util.thread.QueuedThreadPool.runJob(QueuedThreadPool.java:883)
        at org.eclipse.jetty.util.thread.QueuedThreadPool$Runner.run(QueuedThreadPool.java:1034)
        at java.lang.Thread.run(Thread.java:750)
"qtp1276177486-5109" daemon prio=5 tid=5109 timed_waiting
java.lang.Thread.State: TIMED_WAITING
        at sun.misc.Unsafe.park(Native Method)
        at java.util.concurrent.locks.LockSupport.parkNanos(LockSupport.java:215)
        at java.util.concurrent.locks.AbstractQueuedSynchronizer$ConditionObject.awaitNanos(AbstractQueuedSynchronizer.java:2078)
        at org.eclipse.jetty.util.BlockingArrayQueue.poll(BlockingArrayQueue.java:382)
        at org.eclipse.jetty.util.thread.QueuedThreadPool$Runner.idleJobPoll(QueuedThreadPool.java:974)
        at org.eclipse.jetty.util.thread.QueuedThreadPool$Runner.run(QueuedThreadPool.java:1018)
        at java.lang.Thread.run(Thread.java:750)
"Datanode State Machine Task Thread - 1"  prio=5 tid=3529 in Object.wait()
java.lang.Thread.State: WAITING (on object monitor)
        at sun.misc.Unsafe.park(Native Method)
        at java.util.concurrent.locks.LockSupport.park(LockSupport.java:175)
        at java.util.concurrent.locks.AbstractQueuedSynchronizer$ConditionObject.await(AbstractQueuedSynchronizer.java:2039)
        at java.util.concurrent.LinkedBlockingQueue.take(LinkedBlockingQueue.java:442)
        at java.util.concurrent.ThreadPoolExecutor.getTask(ThreadPoolExecutor.java:1074)
        at java.util.concurrent.ThreadPoolExecutor.runWorker(ThreadPoolExecutor.java:1134)
        at java.util.concurrent.ThreadPoolExecutor$Worker.run(ThreadPoolExecutor.java:624)
        at java.lang.Thread.run(Thread.java:750)
"Session-HouseKeeper-2e29612e-1"  prio=5 tid=5004 timed_waiting
java.lang.Thread.State: TIMED_WAITING
        at sun.misc.Unsafe.park(Native Method)
        at java.util.concurrent.locks.LockSupport.parkNanos(LockSupport.java:215)
        at java.util.concurrent.locks.AbstractQueuedSynchronizer$ConditionObject.awaitNanos(AbstractQueuedSynchronizer.java:2078)
        at java.util.concurrent.ScheduledThreadPoolExecutor$DelayedWorkQueue.take(ScheduledThreadPoolExecutor.java:1093)
        at java.util.concurrent.ScheduledThreadPoolExecutor$DelayedWorkQueue.take(ScheduledThreadPoolExecutor.java:809)
        at java.util.concurrent.ThreadPoolExecutor.getTask(ThreadPoolExecutor.java:1074)
        at java.util.concurrent.ThreadPoolExecutor.runWorker(ThreadPoolExecutor.java:1134)
        at java.util.concurrent.ThreadPoolExecutor$Worker.run(ThreadPoolExecutor.java:624)
        at java.lang.Thread.run(Thread.java:750)
"Datanode State Machine Daemon Thread" daemon prio=5 tid=4312 timed_waiting
java.lang.Thread.State: TIMED_WAITING
        at java.lang.Thread.sleep(Native Method)
        at org.apache.hadoop.ozone.container.common.statemachine.DatanodeStateMachine.startStateMachineThread(DatanodeStateMachine.java:321)
        at org.apache.hadoop.ozone.container.common.statemachine.DatanodeStateMachine.lambda$startDaemon$0(DatanodeStateMachine.java:506)
        at org.apache.hadoop.ozone.container.common.statemachine.DatanodeStateMachine$$Lambda$785/619018591.run(Unknown Source)
        at java.lang.Thread.run(Thread.java:750)
"IPC Server handler 8 on default port 34529" daemon prio=5 tid=5536 timed_waiting
java.lang.Thread.State: TIMED_WAITING
        at sun.misc.Unsafe.park(Native Method)
        at java.util.concurrent.locks.LockSupport.parkNanos(LockSupport.java:215)
        at java.util.concurrent.locks.AbstractQueuedSynchronizer$ConditionObject.awaitNanos(AbstractQueuedSynchronizer.java:2078)
        at java.util.concurrent.LinkedBlockingQueue.poll(LinkedBlockingQueue.java:467)
        at org.apache.hadoop.ipc.CallQueueManager.take(CallQueueManager.java:317)
        at org.apache.hadoop.ipc.Server$Handler.run(Server.java:2942)
"Datanode State Machine Task Thread - 0"  prio=5 tid=5204 in Object.wait()
java.lang.Thread.State: WAITING (on object monitor)
        at sun.misc.Unsafe.park(Native Method)
        at java.util.concurrent.locks.LockSupport.park(LockSupport.java:175)
        at java.util.concurrent.locks.AbstractQueuedSynchronizer$ConditionObject.await(AbstractQueuedSynchronizer.java:2039)
        at java.util.concurrent.LinkedBlockingQueue.take(LinkedBlockingQueue.java:442)
        at java.util.concurrent.ThreadPoolExecutor.getTask(ThreadPoolExecutor.java:1074)
        at java.util.concurrent.ThreadPoolExecutor.runWorker(ThreadPoolExecutor.java:1134)
        at java.util.concurrent.ThreadPoolExecutor$Worker.run(ThreadPoolExecutor.java:624)
        at java.lang.Thread.run(Thread.java:750)
"IPC Server handler 4 on default port 39657" daemon prio=5 tid=4961 timed_waiting
java.lang.Thread.State: TIMED_WAITING
        at sun.misc.Unsafe.park(Native Method)
        at java.util.concurrent.locks.LockSupport.parkNanos(LockSupport.java:215)
        at java.util.concurrent.locks.AbstractQueuedSynchronizer$ConditionObject.awaitNanos(AbstractQueuedSynchronizer.java:2078)
        at java.util.concurrent.LinkedBlockingQueue.poll(LinkedBlockingQueue.java:467)
        at org.apache.hadoop.ipc.CallQueueManager.take(CallQueueManager.java:317)
        at org.apache.hadoop.ipc.Server$Handler.run(Server.java:2942)
"qtp97707647-5138" daemon prio=5 tid=5138 timed_waiting
java.lang.Thread.State: TIMED_WAITING
        at sun.misc.Unsafe.park(Native Method)
        at java.util.concurrent.locks.LockSupport.parkNanos(LockSupport.java:215)
        at java.util.concurrent.locks.AbstractQueuedSynchronizer$ConditionObject.awaitNanos(AbstractQueuedSynchronizer.java:2078)
        at org.eclipse.jetty.util.BlockingArrayQueue.poll(BlockingArrayQueue.java:382)
        at org.eclipse.jetty.util.thread.QueuedThreadPool$Runner.idleJobPoll(QueuedThreadPool.java:974)
        at org.eclipse.jetty.util.thread.QueuedThreadPool$Runner.run(QueuedThreadPool.java:1018)
        at java.lang.Thread.run(Thread.java:750)
"Datanode ReportManager Thread - 3" daemon prio=5 tid=3311 timed_waiting
java.lang.Thread.State: TIMED_WAITING
        at sun.misc.Unsafe.park(Native Method)
        at java.util.concurrent.locks.LockSupport.parkNanos(LockSupport.java:215)
        at java.util.concurrent.locks.AbstractQueuedSynchronizer$ConditionObject.awaitNanos(AbstractQueuedSynchronizer.java:2078)
        at java.util.concurrent.ScheduledThreadPoolExecutor$DelayedWorkQueue.take(ScheduledThreadPoolExecutor.java:1093)
        at java.util.concurrent.ScheduledThreadPoolExecutor$DelayedWorkQueue.take(ScheduledThreadPoolExecutor.java:809)
        at java.util.concurrent.ThreadPoolExecutor.getTask(ThreadPoolExecutor.java:1074)
        at java.util.concurrent.ThreadPoolExecutor.runWorker(ThreadPoolExecutor.java:1134)
        at java.util.concurrent.ThreadPoolExecutor$Worker.run(ThreadPoolExecutor.java:624)
        at java.lang.Thread.run(Thread.java:750)
"db052414-94b4-46f8-aca1-929beb3cfaa7-server-thread1" daemon prio=5 tid=5631 timed_waiting
java.lang.Thread.State: TIMED_WAITING
        at sun.misc.Unsafe.park(Native Method)
        at java.util.concurrent.locks.LockSupport.parkNanos(LockSupport.java:215)
        at java.util.concurrent.SynchronousQueue$TransferStack.awaitFulfill(SynchronousQueue.java:460)
        at java.util.concurrent.SynchronousQueue$TransferStack.transfer(SynchronousQueue.java:362)
        at java.util.concurrent.SynchronousQueue.poll(SynchronousQueue.java:941)
        at java.util.concurrent.ThreadPoolExecutor.getTask(ThreadPoolExecutor.java:1073)
        at java.util.concurrent.ThreadPoolExecutor.runWorker(ThreadPoolExecutor.java:1134)
        at java.util.concurrent.ThreadPoolExecutor$Worker.run(ThreadPoolExecutor.java:624)
        at java.lang.Thread.run(Thread.java:750)
"IPC Server handler 18 on default port 36439" daemon prio=5 tid=3802 timed_waiting
java.lang.Thread.State: TIMED_WAITING
        at sun.misc.Unsafe.park(Native Method)
        at java.util.concurrent.locks.LockSupport.parkNanos(LockSupport.java:215)
        at java.util.concurrent.locks.AbstractQueuedSynchronizer$ConditionObject.awaitNanos(AbstractQueuedSynchronizer.java:2078)
        at java.util.concurrent.LinkedBlockingQueue.poll(LinkedBlockingQueue.java:467)
        at org.apache.hadoop.ipc.CallQueueManager.take(CallQueueManager.java:317)
        at org.apache.hadoop.ipc.Server$Handler.run(Server.java:2942)
"5f7ad737-403f-4287-b3fb-a8d838b89ff3-server-thread2" daemon prio=5 tid=3649 timed_waiting
java.lang.Thread.State: TIMED_WAITING
        at sun.misc.Unsafe.park(Native Method)
        at java.util.concurrent.locks.LockSupport.parkNanos(LockSupport.java:215)
        at java.util.concurrent.SynchronousQueue$TransferStack.awaitFulfill(SynchronousQueue.java:460)
        at java.util.concurrent.SynchronousQueue$TransferStack.transfer(SynchronousQueue.java:362)
        at java.util.concurrent.SynchronousQueue.poll(SynchronousQueue.java:941)
        at java.util.concurrent.ThreadPoolExecutor.getTask(ThreadPoolExecutor.java:1073)
        at java.util.concurrent.ThreadPoolExecutor.runWorker(ThreadPoolExecutor.java:1134)
        at java.util.concurrent.ThreadPoolExecutor$Worker.run(ThreadPoolExecutor.java:624)
        at java.lang.Thread.run(Thread.java:750)
"Datanode ReportManager Thread - 4" daemon prio=5 tid=4247 in Object.wait()
java.lang.Thread.State: WAITING (on object monitor)
        at sun.misc.Unsafe.park(Native Method)
        at java.util.concurrent.locks.LockSupport.park(LockSupport.java:175)
        at java.util.concurrent.locks.AbstractQueuedSynchronizer$ConditionObject.await(AbstractQueuedSynchronizer.java:2039)
        at java.util.concurrent.ScheduledThreadPoolExecutor$DelayedWorkQueue.take(ScheduledThreadPoolExecutor.java:1088)
        at java.util.concurrent.ScheduledThreadPoolExecutor$DelayedWorkQueue.take(ScheduledThreadPoolExecutor.java:809)
        at java.util.concurrent.ThreadPoolExecutor.getTask(ThreadPoolExecutor.java:1074)
        at java.util.concurrent.ThreadPoolExecutor.runWorker(ThreadPoolExecutor.java:1134)
        at java.util.concurrent.ThreadPoolExecutor$Worker.run(ThreadPoolExecutor.java:624)
        at java.lang.Thread.run(Thread.java:750)
"pool-2365-thread-1"  prio=5 tid=4834 timed_waiting
java.lang.Thread.State: TIMED_WAITING
        at sun.misc.Unsafe.park(Native Method)
        at java.util.concurrent.locks.LockSupport.parkNanos(LockSupport.java:215)
        at java.util.concurrent.locks.AbstractQueuedSynchronizer$ConditionObject.awaitNanos(AbstractQueuedSynchronizer.java:2078)
        at java.util.concurrent.ScheduledThreadPoolExecutor$DelayedWorkQueue.take(ScheduledThreadPoolExecutor.java:1093)
        at java.util.concurrent.ScheduledThreadPoolExecutor$DelayedWorkQueue.take(ScheduledThreadPoolExecutor.java:809)
        at java.util.concurrent.ThreadPoolExecutor.getTask(ThreadPoolExecutor.java:1074)
        at java.util.concurrent.ThreadPoolExecutor.runWorker(ThreadPoolExecutor.java:1134)
        at java.util.concurrent.ThreadPoolExecutor$Worker.run(ThreadPoolExecutor.java:624)
        at java.lang.Thread.run(Thread.java:750)
"IPC Server idle connection scanner for port 36439" daemon prio=5 tid=3737 timed_waiting
java.lang.Thread.State: TIMED_WAITING
        at java.lang.Object.wait(Native Method)
        at java.util.TimerThread.mainLoop(Timer.java:552)
        at java.util.TimerThread.run(Timer.java:505)
"OMDoubleBufferFlushThread" daemon prio=5 tid=3889 timed_waiting
java.lang.Thread.State: TIMED_WAITING
        at java.lang.Object.wait(Native Method)
        at org.apache.hadoop.ozone.om.ratis.OzoneManagerDoubleBuffer.canFlush(OzoneManagerDoubleBuffer.java:538)
        at org.apache.hadoop.ozone.om.ratis.OzoneManagerDoubleBuffer.flushTransactions(OzoneManagerDoubleBuffer.java:268)
        at org.apache.hadoop.ozone.om.ratis.OzoneManagerDoubleBuffer$$Lambda$538/2063950640.run(Unknown Source)
        at java.lang.Thread.run(Thread.java:750)
"IPC Client (1161196404) connection to /0.0.0.0:36157 from runner" daemon prio=5 tid=5474 timed_waiting
java.lang.Thread.State: TIMED_WAITING
        at java.lang.Object.wait(Native Method)
        at org.apache.hadoop.ipc.Client$Connection.waitForWork(Client.java:1086)
        at org.apache.hadoop.ipc.Client$Connection.run(Client.java:1133)
"IPC Server handler 12 on default port 45833" daemon prio=5 tid=3254 timed_waiting
java.lang.Thread.State: TIMED_WAITING
        at sun.misc.Unsafe.park(Native Method)
        at java.util.concurrent.locks.LockSupport.parkNanos(LockSupport.java:215)
        at java.util.concurrent.locks.AbstractQueuedSynchronizer$ConditionObject.awaitNanos(AbstractQueuedSynchronizer.java:2078)
        at java.util.concurrent.LinkedBlockingQueue.poll(LinkedBlockingQueue.java:467)
        at org.apache.hadoop.ipc.CallQueueManager.take(CallQueueManager.java:317)
        at org.apache.hadoop.ipc.Server$Handler.run(Server.java:2942)
"org.apache.hadoop.util.JvmPauseMonitor$Monitor@cc1b2cf" daemon prio=5 tid=3461 timed_waiting
java.lang.Thread.State: TIMED_WAITING
        at java.lang.Thread.sleep(Native Method)
        at org.apache.hadoop.util.JvmPauseMonitor$Monitor.run(JvmPauseMonitor.java:192)
        at java.lang.Thread.run(Thread.java:750)
"pool-2586-thread-1"  prio=5 tid=5469 in Object.wait()
java.lang.Thread.State: WAITING (on object monitor)
        at sun.misc.Unsafe.park(Native Method)
        at java.util.concurrent.locks.LockSupport.park(LockSupport.java:175)
        at java.util.concurrent.locks.AbstractQueuedSynchronizer$ConditionObject.await(AbstractQueuedSynchronizer.java:2039)
        at java.util.concurrent.LinkedBlockingQueue.take(LinkedBlockingQueue.java:442)
        at java.util.concurrent.ThreadPoolExecutor.getTask(ThreadPoolExecutor.java:1074)
        at java.util.concurrent.ThreadPoolExecutor.runWorker(ThreadPoolExecutor.java:1134)
        at java.util.concurrent.ThreadPoolExecutor$Worker.run(ThreadPoolExecutor.java:624)
        at java.lang.Thread.run(Thread.java:750)
"qtp857619324-5027" daemon prio=5 tid=5027 timed_waiting
java.lang.Thread.State: TIMED_WAITING
        at sun.misc.Unsafe.park(Native Method)
        at java.util.concurrent.locks.LockSupport.parkNanos(LockSupport.java:215)
        at java.util.concurrent.locks.AbstractQueuedSynchronizer$ConditionObject.awaitNanos(AbstractQueuedSynchronizer.java:2078)
        at org.eclipse.jetty.util.BlockingArrayQueue.poll(BlockingArrayQueue.java:382)
        at org.eclipse.jetty.util.thread.QueuedThreadPool$Runner.idleJobPoll(QueuedThreadPool.java:974)
        at org.eclipse.jetty.util.thread.QueuedThreadPool$Runner.run(QueuedThreadPool.java:1018)
        at java.lang.Thread.run(Thread.java:750)
"IPC Server handler 7 on default port 39603" daemon prio=5 tid=3769 timed_waiting
java.lang.Thread.State: TIMED_WAITING
        at sun.misc.Unsafe.park(Native Method)
        at java.util.concurrent.locks.LockSupport.parkNanos(LockSupport.java:215)
        at java.util.concurrent.locks.AbstractQueuedSynchronizer$ConditionObject.awaitNanos(AbstractQueuedSynchronizer.java:2078)
        at java.util.concurrent.LinkedBlockingQueue.poll(LinkedBlockingQueue.java:467)
        at org.apache.hadoop.ipc.CallQueueManager.take(CallQueueManager.java:317)
        at org.apache.hadoop.ipc.Server$Handler.run(Server.java:2942)
"BlockDeletingService#0" daemon prio=5 tid=3525 in Object.wait()
java.lang.Thread.State: WAITING (on object monitor)
        at sun.misc.Unsafe.park(Native Method)
        at java.util.concurrent.locks.LockSupport.park(LockSupport.java:175)
        at java.util.concurrent.locks.AbstractQueuedSynchronizer$ConditionObject.await(AbstractQueuedSynchronizer.java:2039)
        at java.util.concurrent.ScheduledThreadPoolExecutor$DelayedWorkQueue.take(ScheduledThreadPoolExecutor.java:1088)
        at java.util.concurrent.ScheduledThreadPoolExecutor$DelayedWorkQueue.take(ScheduledThreadPoolExecutor.java:809)
        at java.util.concurrent.ThreadPoolExecutor.getTask(ThreadPoolExecutor.java:1074)
        at java.util.concurrent.ThreadPoolExecutor.runWorker(ThreadPoolExecutor.java:1134)
        at java.util.concurrent.ThreadPoolExecutor$Worker.run(ThreadPoolExecutor.java:624)
        at java.lang.Thread.run(Thread.java:750)
"IPC Server handler 16 on default port 36439" daemon prio=5 tid=3800 timed_waiting
java.lang.Thread.State: TIMED_WAITING
        at sun.misc.Unsafe.park(Native Method)
        at java.util.concurrent.locks.LockSupport.parkNanos(LockSupport.java:215)
        at java.util.concurrent.locks.AbstractQueuedSynchronizer$ConditionObject.awaitNanos(AbstractQueuedSynchronizer.java:2078)
        at java.util.concurrent.LinkedBlockingQueue.poll(LinkedBlockingQueue.java:467)
        at org.apache.hadoop.ipc.CallQueueManager.take(CallQueueManager.java:317)
        at org.apache.hadoop.ipc.Server$Handler.run(Server.java:2942)
"org.apache.hadoop.ozone.container.common.statemachine.commandhandler.DeleteBlocksCommandHandler$DeleteCmdWorker@38e11480" daemon prio=5 tid=5074 timed_waiting
java.lang.Thread.State: TIMED_WAITING
        at java.lang.Thread.sleep(Native Method)
        at org.apache.hadoop.ozone.container.common.statemachine.commandhandler.DeleteBlocksCommandHandler$DeleteCmdWorker.run(DeleteBlocksCommandHandler.java:184)
        at java.lang.Thread.run(Thread.java:750)
"qtp1324399707-5572-acceptor-0@1ef56975-ServerConnector@45e68fac{HTTP/1.1, (http/1.1)}{0.0.0.0:46579}" daemon prio=3 tid=5572 runnable
java.lang.Thread.State: RUNNABLE
        at sun.nio.ch.ServerSocketChannelImpl.accept0(Native Method)
        at sun.nio.ch.ServerSocketChannelImpl.accept(ServerSocketChannelImpl.java:421)
        at sun.nio.ch.ServerSocketChannelImpl.accept(ServerSocketChannelImpl.java:249)
        at org.eclipse.jetty.server.ServerConnector.accept(ServerConnector.java:388)
        at org.eclipse.jetty.server.AbstractConnector$Acceptor.run(AbstractConnector.java:704)
        at org.eclipse.jetty.util.thread.QueuedThreadPool.runJob(QueuedThreadPool.java:883)
        at org.eclipse.jetty.util.thread.QueuedThreadPool$Runner.run(QueuedThreadPool.java:1034)
        at java.lang.Thread.run(Thread.java:750)
"IPC Server handler 1 on default port 36157" daemon prio=5 tid=5549 timed_waiting
java.lang.Thread.State: TIMED_WAITING
        at sun.misc.Unsafe.park(Native Method)
        at java.util.concurrent.locks.LockSupport.parkNanos(LockSupport.java:215)
        at java.util.concurrent.locks.AbstractQueuedSynchronizer$ConditionObject.awaitNanos(AbstractQueuedSynchronizer.java:2078)
        at java.util.concurrent.LinkedBlockingQueue.poll(LinkedBlockingQueue.java:467)
        at org.apache.hadoop.ipc.CallQueueManager.take(CallQueueManager.java:317)
        at org.apache.hadoop.ipc.Server$Handler.run(Server.java:2942)
"IPC Server idle connection scanner for port 34529" daemon prio=5 tid=5489 timed_waiting
java.lang.Thread.State: TIMED_WAITING
        at java.lang.Object.wait(Native Method)
        at java.util.TimerThread.mainLoop(Timer.java:552)
        at java.util.TimerThread.run(Timer.java:505)
"StaleRecoveringContainerScrubbingService#1" daemon prio=5 tid=5157 in Object.wait()
java.lang.Thread.State: WAITING (on object monitor)
        at sun.misc.Unsafe.park(Native Method)
        at java.util.concurrent.locks.LockSupport.park(LockSupport.java:175)
        at java.util.concurrent.locks.AbstractQueuedSynchronizer$ConditionObject.await(AbstractQueuedSynchronizer.java:2039)
        at java.util.concurrent.ScheduledThreadPoolExecutor$DelayedWorkQueue.take(ScheduledThreadPoolExecutor.java:1088)
        at java.util.concurrent.ScheduledThreadPoolExecutor$DelayedWorkQueue.take(ScheduledThreadPoolExecutor.java:809)
        at java.util.concurrent.ThreadPoolExecutor.getTask(ThreadPoolExecutor.java:1074)
        at java.util.concurrent.ThreadPoolExecutor.runWorker(ThreadPoolExecutor.java:1134)
        at java.util.concurrent.ThreadPoolExecutor$Worker.run(ThreadPoolExecutor.java:624)
        at java.lang.Thread.run(Thread.java:750)
"db052414-94b4-46f8-aca1-929beb3cfaa7@group-B31D183E6566-StateMachineUpdater" daemon prio=5 tid=5412 timed_waiting
java.lang.Thread.State: TIMED_WAITING
        at sun.misc.Unsafe.park(Native Method)
        at java.util.concurrent.locks.LockSupport.parkNanos(LockSupport.java:215)
        at java.util.concurrent.CompletableFuture$Signaller.block(CompletableFuture.java:1709)
        at java.util.concurrent.ForkJoinPool.managedBlock(ForkJoinPool.java:3323)
        at java.util.concurrent.CompletableFuture.timedGet(CompletableFuture.java:1788)
        at java.util.concurrent.CompletableFuture.get(CompletableFuture.java:1928)
        at org.apache.ratis.util.AwaitForSignal.await(AwaitForSignal.java:56)
        at org.apache.ratis.server.impl.StateMachineUpdater.waitForCommit(StateMachineUpdater.java:207)
        at org.apache.ratis.server.impl.StateMachineUpdater.run(StateMachineUpdater.java:176)
        at java.lang.Thread.run(Thread.java:750)
"pool-1588-thread-1" daemon prio=5 tid=3319 timed_waiting
java.lang.Thread.State: TIMED_WAITING
        at sun.misc.Unsafe.park(Native Method)
        at java.util.concurrent.locks.LockSupport.parkNanos(LockSupport.java:215)
        at java.util.concurrent.locks.AbstractQueuedSynchronizer$ConditionObject.awaitNanos(AbstractQueuedSynchronizer.java:2078)
        at java.util.concurrent.ScheduledThreadPoolExecutor$DelayedWorkQueue.take(ScheduledThreadPoolExecutor.java:1093)
        at java.util.concurrent.ScheduledThreadPoolExecutor$DelayedWorkQueue.take(ScheduledThreadPoolExecutor.java:809)
        at java.util.concurrent.ThreadPoolExecutor.getTask(ThreadPoolExecutor.java:1074)
        at java.util.concurrent.ThreadPoolExecutor.runWorker(ThreadPoolExecutor.java:1134)
        at java.util.concurrent.ThreadPoolExecutor$Worker.run(ThreadPoolExecutor.java:624)
        at java.lang.Thread.run(Thread.java:750)
"process reaper" daemon prio=10 tid=12 timed_waiting
java.lang.Thread.State: TIMED_WAITING
        at sun.misc.Unsafe.park(Native Method)
        at java.util.concurrent.locks.LockSupport.parkNanos(LockSupport.java:215)
        at java.util.concurrent.SynchronousQueue$TransferStack.awaitFulfill(SynchronousQueue.java:460)
        at java.util.concurrent.SynchronousQueue$TransferStack.transfer(SynchronousQueue.java:362)
        at java.util.concurrent.SynchronousQueue.poll(SynchronousQueue.java:941)
        at java.util.concurrent.ThreadPoolExecutor.getTask(ThreadPoolExecutor.java:1073)
        at java.util.concurrent.ThreadPoolExecutor.runWorker(ThreadPoolExecutor.java:1134)
        at java.util.concurrent.ThreadPoolExecutor$Worker.run(ThreadPoolExecutor.java:624)
        at java.lang.Thread.run(Thread.java:750)
"Datanode ReportManager Thread - 4" daemon prio=5 tid=5124 in Object.wait()
java.lang.Thread.State: WAITING (on object monitor)
        at sun.misc.Unsafe.park(Native Method)
        at java.util.concurrent.locks.LockSupport.park(LockSupport.java:175)
        at java.util.concurrent.locks.AbstractQueuedSynchronizer$ConditionObject.await(AbstractQueuedSynchronizer.java:2039)
        at java.util.concurrent.ScheduledThreadPoolExecutor$DelayedWorkQueue.take(ScheduledThreadPoolExecutor.java:1088)
        at java.util.concurrent.ScheduledThreadPoolExecutor$DelayedWorkQueue.take(ScheduledThreadPoolExecutor.java:809)
        at java.util.concurrent.ThreadPoolExecutor.getTask(ThreadPoolExecutor.java:1074)
        at java.util.concurrent.ThreadPoolExecutor.runWorker(ThreadPoolExecutor.java:1134)
        at java.util.concurrent.ThreadPoolExecutor$Worker.run(ThreadPoolExecutor.java:624)
        at java.lang.Thread.run(Thread.java:750)
"Datanode State Machine Task Thread - 0"  prio=5 tid=4222 in Object.wait()
java.lang.Thread.State: WAITING (on object monitor)
        at sun.misc.Unsafe.park(Native Method)
        at java.util.concurrent.locks.LockSupport.park(LockSupport.java:175)
        at java.util.concurrent.locks.AbstractQueuedSynchronizer$ConditionObject.await(AbstractQueuedSynchronizer.java:2039)
        at java.util.concurrent.LinkedBlockingQueue.take(LinkedBlockingQueue.java:442)
        at java.util.concurrent.ThreadPoolExecutor.getTask(ThreadPoolExecutor.java:1074)
        at java.util.concurrent.ThreadPoolExecutor.runWorker(ThreadPoolExecutor.java:1134)
        at java.util.concurrent.ThreadPoolExecutor$Worker.run(ThreadPoolExecutor.java:624)
        at java.lang.Thread.run(Thread.java:750)
"Periodic HDDS volume checker" daemon prio=5 tid=4226 timed_waiting
java.lang.Thread.State: TIMED_WAITING
        at sun.misc.Unsafe.park(Native Method)
        at java.util.concurrent.locks.LockSupport.parkNanos(LockSupport.java:215)
        at java.util.concurrent.locks.AbstractQueuedSynchronizer$ConditionObject.awaitNanos(AbstractQueuedSynchronizer.java:2078)
        at java.util.concurrent.ScheduledThreadPoolExecutor$DelayedWorkQueue.take(ScheduledThreadPoolExecutor.java:1093)
        at java.util.concurrent.ScheduledThreadPoolExecutor$DelayedWorkQueue.take(ScheduledThreadPoolExecutor.java:809)
        at java.util.concurrent.ThreadPoolExecutor.getTask(ThreadPoolExecutor.java:1074)
        at java.util.concurrent.ThreadPoolExecutor.runWorker(ThreadPoolExecutor.java:1134)
        at java.util.concurrent.ThreadPoolExecutor$Worker.run(ThreadPoolExecutor.java:624)
        at java.lang.Thread.run(Thread.java:750)
"ChunkWriter-3-0" daemon prio=5 tid=5222 in Object.wait()
java.lang.Thread.State: WAITING (on object monitor)
        at sun.misc.Unsafe.park(Native Method)
        at java.util.concurrent.locks.LockSupport.park(LockSupport.java:175)
        at java.util.concurrent.locks.AbstractQueuedSynchronizer$ConditionObject.await(AbstractQueuedSynchronizer.java:2039)
        at java.util.concurrent.LinkedBlockingDeque.takeFirst(LinkedBlockingDeque.java:492)
        at java.util.concurrent.LinkedBlockingDeque.take(LinkedBlockingDeque.java:680)
        at java.util.concurrent.ThreadPoolExecutor.getTask(ThreadPoolExecutor.java:1074)
        at java.util.concurrent.ThreadPoolExecutor.runWorker(ThreadPoolExecutor.java:1134)
        at java.util.concurrent.ThreadPoolExecutor$Worker.run(ThreadPoolExecutor.java:624)
        at java.lang.Thread.run(Thread.java:750)
"ContainerOp-d03e4836-7d8d-4de7-87bd-2d1f402832ad-6"  prio=5 tid=4863 in Object.wait()
java.lang.Thread.State: WAITING (on object monitor)
        at sun.misc.Unsafe.park(Native Method)
        at java.util.concurrent.locks.LockSupport.park(LockSupport.java:175)
        at java.util.concurrent.locks.AbstractQueuedSynchronizer$ConditionObject.await(AbstractQueuedSynchronizer.java:2039)
        at java.util.concurrent.LinkedBlockingQueue.take(LinkedBlockingQueue.java:442)
        at java.util.concurrent.ThreadPoolExecutor.getTask(ThreadPoolExecutor.java:1074)
        at java.util.concurrent.ThreadPoolExecutor.runWorker(ThreadPoolExecutor.java:1134)
        at java.util.concurrent.ThreadPoolExecutor$Worker.run(ThreadPoolExecutor.java:624)
        at java.lang.Thread.run(Thread.java:750)
"Datanode ReportManager Thread - 1" daemon prio=5 tid=3456 in Object.wait()
java.lang.Thread.State: WAITING (on object monitor)
        at sun.misc.Unsafe.park(Native Method)
        at java.util.concurrent.locks.LockSupport.park(LockSupport.java:175)
        at java.util.concurrent.locks.AbstractQueuedSynchronizer$ConditionObject.await(AbstractQueuedSynchronizer.java:2039)
        at java.util.concurrent.ScheduledThreadPoolExecutor$DelayedWorkQueue.take(ScheduledThreadPoolExecutor.java:1088)
        at java.util.concurrent.ScheduledThreadPoolExecutor$DelayedWorkQueue.take(ScheduledThreadPoolExecutor.java:809)
        at java.util.concurrent.ThreadPoolExecutor.getTask(ThreadPoolExecutor.java:1074)
        at java.util.concurrent.ThreadPoolExecutor.runWorker(ThreadPoolExecutor.java:1134)
        at java.util.concurrent.ThreadPoolExecutor$Worker.run(ThreadPoolExecutor.java:624)
        at java.lang.Thread.run(Thread.java:750)
"ExpiredContainerReplicaOpScrubberThread" daemon prio=5 tid=5478 timed_waiting
java.lang.Thread.State: TIMED_WAITING
        at java.lang.Object.wait(Native Method)
        at org.apache.hadoop.hdds.scm.ha.BackgroundSCMService.run(BackgroundSCMService.java:110)
        at org.apache.hadoop.hdds.scm.ha.BackgroundSCMService$$Lambda$409/140091744.run(Unknown Source)
        at java.lang.Thread.run(Thread.java:750)
"5dd764d2-4196-4eea-b07c-aeebc5ccca01@group-9C27DC43941B-FollowerState" daemon prio=5 tid=5605 timed_waiting
java.lang.Thread.State: TIMED_WAITING
        at java.lang.Thread.sleep(Native Method)
        at java.lang.Thread.sleep(Thread.java:342)
        at java.util.concurrent.TimeUnit.sleep(TimeUnit.java:386)
        at org.apache.ratis.util.TimeDuration.sleep(TimeDuration.java:325)
        at org.apache.ratis.util.TimeDuration.sleep(TimeDuration.java:310)
        at org.apache.ratis.server.impl.FollowerState.run(FollowerState.java:128)
"BlockDeletingService#0" daemon prio=5 tid=4419 in Object.wait()
java.lang.Thread.State: WAITING (on object monitor)
        at sun.misc.Unsafe.park(Native Method)
        at java.util.concurrent.locks.LockSupport.park(LockSupport.java:175)
        at java.util.concurrent.locks.AbstractQueuedSynchronizer$ConditionObject.await(AbstractQueuedSynchronizer.java:2039)
        at java.util.concurrent.ScheduledThreadPoolExecutor$DelayedWorkQueue.take(ScheduledThreadPoolExecutor.java:1088)
        at java.util.concurrent.ScheduledThreadPoolExecutor$DelayedWorkQueue.take(ScheduledThreadPoolExecutor.java:809)
        at java.util.concurrent.ThreadPoolExecutor.getTask(ThreadPoolExecutor.java:1074)
        at java.util.concurrent.ThreadPoolExecutor.runWorker(ThreadPoolExecutor.java:1134)
        at java.util.concurrent.ThreadPoolExecutor$Worker.run(ThreadPoolExecutor.java:624)
        at java.lang.Thread.run(Thread.java:750)
"Command processor thread" daemon prio=5 tid=3460 timed_waiting
java.lang.Thread.State: TIMED_WAITING
        at java.lang.Thread.sleep(Native Method)
        at org.apache.hadoop.ozone.container.common.statemachine.DatanodeStateMachine.lambda$initCommandHandlerThread$3(DatanodeStateMachine.java:641)
        at org.apache.hadoop.ozone.container.common.statemachine.DatanodeStateMachine$$Lambda$787/339964609.run(Unknown Source)
        at java.lang.Thread.run(Thread.java:750)
"qtp973406047-4309" daemon prio=5 tid=4309 timed_waiting
java.lang.Thread.State: TIMED_WAITING
        at sun.misc.Unsafe.park(Native Method)
        at java.util.concurrent.locks.LockSupport.parkNanos(LockSupport.java:215)
        at java.util.concurrent.locks.AbstractQueuedSynchronizer$ConditionObject.awaitNanos(AbstractQueuedSynchronizer.java:2078)
        at org.eclipse.jetty.util.BlockingArrayQueue.poll(BlockingArrayQueue.java:382)
        at org.eclipse.jetty.util.thread.QueuedThreadPool$Runner.idleJobPoll(QueuedThreadPool.java:974)
        at org.eclipse.jetty.util.thread.QueuedThreadPool$Runner.run(QueuedThreadPool.java:1018)
        at java.lang.Thread.run(Thread.java:750)
"Datanode State Machine Task Thread - 1"  prio=5 tid=4283 in Object.wait()
java.lang.Thread.State: WAITING (on object monitor)
        at sun.misc.Unsafe.park(Native Method)
        at java.util.concurrent.locks.LockSupport.park(LockSupport.java:175)
        at java.util.concurrent.locks.AbstractQueuedSynchronizer$ConditionObject.await(AbstractQueuedSynchronizer.java:2039)
        at java.util.concurrent.LinkedBlockingQueue.take(LinkedBlockingQueue.java:442)
        at java.util.concurrent.ThreadPoolExecutor.getTask(ThreadPoolExecutor.java:1074)
        at java.util.concurrent.ThreadPoolExecutor.runWorker(ThreadPoolExecutor.java:1134)
        at java.util.concurrent.ThreadPoolExecutor$Worker.run(ThreadPoolExecutor.java:624)
        at java.lang.Thread.run(Thread.java:750)
"Datanode ReportManager Thread - 3" daemon prio=5 tid=4246 in Object.wait()
java.lang.Thread.State: WAITING (on object monitor)
        at sun.misc.Unsafe.park(Native Method)
        at java.util.concurrent.locks.LockSupport.park(LockSupport.java:175)
        at java.util.concurrent.locks.AbstractQueuedSynchronizer$ConditionObject.await(AbstractQueuedSynchronizer.java:2039)
        at java.util.concurrent.ScheduledThreadPoolExecutor$DelayedWorkQueue.take(ScheduledThreadPoolExecutor.java:1088)
        at java.util.concurrent.ScheduledThreadPoolExecutor$DelayedWorkQueue.take(ScheduledThreadPoolExecutor.java:809)
        at java.util.concurrent.ThreadPoolExecutor.getTask(ThreadPoolExecutor.java:1074)
        at java.util.concurrent.ThreadPoolExecutor.runWorker(ThreadPoolExecutor.java:1134)
        at java.util.concurrent.ThreadPoolExecutor$Worker.run(ThreadPoolExecutor.java:624)
        at java.lang.Thread.run(Thread.java:750)
"IPC Server handler 15 on default port 34529" daemon prio=5 tid=5543 timed_waiting
java.lang.Thread.State: TIMED_WAITING
        at sun.misc.Unsafe.park(Native Method)
        at java.util.concurrent.locks.LockSupport.parkNanos(LockSupport.java:215)
        at java.util.concurrent.locks.AbstractQueuedSynchronizer$ConditionObject.awaitNanos(AbstractQueuedSynchronizer.java:2078)
        at java.util.concurrent.LinkedBlockingQueue.poll(LinkedBlockingQueue.java:467)
        at org.apache.hadoop.ipc.CallQueueManager.take(CallQueueManager.java:317)
        at org.apache.hadoop.ipc.Server$Handler.run(Server.java:2942)
"RatisPipelineUtilsThread - 0"  prio=5 tid=3724 timed_waiting
java.lang.Thread.State: TIMED_WAITING
        at java.lang.Object.wait(Native Method)
        at org.apache.hadoop.hdds.scm.pipeline.BackgroundPipelineCreator.run(BackgroundPipelineCreator.java:176)
        at org.apache.hadoop.hdds.scm.pipeline.BackgroundPipelineCreator$$Lambda$406/697881247.run(Unknown Source)
        at java.lang.Thread.run(Thread.java:750)
"qtp838819951-4953" daemon prio=5 tid=4953 timed_waiting
java.lang.Thread.State: TIMED_WAITING
        at sun.misc.Unsafe.park(Native Method)
        at java.util.concurrent.locks.LockSupport.parkNanos(LockSupport.java:215)
        at java.util.concurrent.locks.AbstractQueuedSynchronizer$ConditionObject.awaitNanos(AbstractQueuedSynchronizer.java:2078)
        at org.eclipse.jetty.util.BlockingArrayQueue.poll(BlockingArrayQueue.java:382)
        at org.eclipse.jetty.util.thread.QueuedThreadPool$Runner.idleJobPoll(QueuedThreadPool.java:974)
        at org.eclipse.jetty.util.thread.QueuedThreadPool$Runner.run(QueuedThreadPool.java:1018)
        at java.lang.Thread.run(Thread.java:750)
"qtp377899364-4331" daemon prio=5 tid=4331 timed_waiting
java.lang.Thread.State: TIMED_WAITING
        at sun.misc.Unsafe.park(Native Method)
        at java.util.concurrent.locks.LockSupport.parkNanos(LockSupport.java:215)
        at java.util.concurrent.locks.AbstractQueuedSynchronizer$ConditionObject.awaitNanos(AbstractQueuedSynchronizer.java:2078)
        at org.eclipse.jetty.util.BlockingArrayQueue.poll(BlockingArrayQueue.java:382)
        at org.eclipse.jetty.util.thread.QueuedThreadPool$Runner.idleJobPoll(QueuedThreadPool.java:974)
        at org.eclipse.jetty.util.thread.QueuedThreadPool$Runner.run(QueuedThreadPool.java:1018)
        at java.lang.Thread.run(Thread.java:750)
"Socket Reader #1 for port 0"  prio=5 tid=4751 runnable
java.lang.Thread.State: RUNNABLE
        at sun.nio.ch.EPollArrayWrapper.epollWait(Native Method)
        at sun.nio.ch.EPollArrayWrapper.poll(EPollArrayWrapper.java:269)
        at sun.nio.ch.EPollSelectorImpl.doSelect(EPollSelectorImpl.java:93)
        at sun.nio.ch.SelectorImpl.lockAndDoSelect(SelectorImpl.java:86)
        at sun.nio.ch.SelectorImpl.select(SelectorImpl.java:97)
        at sun.nio.ch.SelectorImpl.select(SelectorImpl.java:101)
        at org.apache.hadoop.ipc.Server$Listener$Reader.doRunLoop(Server.java:1296)
        at org.apache.hadoop.ipc.Server$Listener$Reader.run(Server.java:1275)
"JvmPauseMonitor45" daemon prio=5 tid=4383 timed_waiting
java.lang.Thread.State: TIMED_WAITING
        at java.lang.Thread.sleep(Native Method)
        at java.lang.Thread.sleep(Thread.java:342)
        at java.util.concurrent.TimeUnit.sleep(TimeUnit.java:386)
        at org.apache.ratis.util.TimeDuration.sleep(TimeDuration.java:325)
        at org.apache.ratis.util.TimeDuration.sleep(TimeDuration.java:310)
        at org.apache.ratis.util.JvmPauseMonitor.detectPause(JvmPauseMonitor.java:119)
        at org.apache.ratis.util.JvmPauseMonitor.run(JvmPauseMonitor.java:108)
        at org.apache.ratis.util.JvmPauseMonitor$$Lambda$740/1979406568.run(Unknown Source)
        at java.lang.Thread.run(Thread.java:750)
"pool-1664-thread-1"  prio=5 tid=3603 in Object.wait()
java.lang.Thread.State: WAITING (on object monitor)
        at sun.misc.Unsafe.park(Native Method)
        at java.util.concurrent.locks.LockSupport.park(LockSupport.java:175)
        at java.util.concurrent.locks.AbstractQueuedSynchronizer$ConditionObject.await(AbstractQueuedSynchronizer.java:2039)
        at java.util.concurrent.LinkedBlockingQueue.take(LinkedBlockingQueue.java:442)
        at java.util.concurrent.ThreadPoolExecutor.getTask(ThreadPoolExecutor.java:1074)
        at java.util.concurrent.ThreadPoolExecutor.runWorker(ThreadPoolExecutor.java:1134)
        at java.util.concurrent.ThreadPoolExecutor$Worker.run(ThreadPoolExecutor.java:624)
        at java.lang.Thread.run(Thread.java:750)
"IPC Server handler 5 on default port 45267" daemon prio=5 tid=5513 timed_waiting
java.lang.Thread.State: TIMED_WAITING
        at sun.misc.Unsafe.park(Native Method)
        at java.util.concurrent.locks.LockSupport.parkNanos(LockSupport.java:215)
        at java.util.concurrent.locks.AbstractQueuedSynchronizer$ConditionObject.awaitNanos(AbstractQueuedSynchronizer.java:2078)
        at java.util.concurrent.LinkedBlockingQueue.poll(LinkedBlockingQueue.java:467)
        at org.apache.hadoop.ipc.CallQueueManager.take(CallQueueManager.java:317)
        at org.apache.hadoop.ipc.Server$Handler.run(Server.java:2942)
"EndpointStateMachine task thread for /0.0.0.0:36157 - 0 "  prio=5 tid=3518 in Object.wait()
java.lang.Thread.State: WAITING (on object monitor)
        at sun.misc.Unsafe.park(Native Method)
        at java.util.concurrent.locks.LockSupport.park(LockSupport.java:175)
        at java.util.concurrent.locks.AbstractQueuedSynchronizer$ConditionObject.await(AbstractQueuedSynchronizer.java:2039)
        at java.util.concurrent.LinkedBlockingQueue.take(LinkedBlockingQueue.java:442)
        at java.util.concurrent.ThreadPoolExecutor.getTask(ThreadPoolExecutor.java:1074)
        at java.util.concurrent.ThreadPoolExecutor.runWorker(ThreadPoolExecutor.java:1134)
        at java.util.concurrent.ThreadPoolExecutor$Worker.run(ThreadPoolExecutor.java:624)
        at java.lang.Thread.run(Thread.java:750)
"db052414-94b4-46f8-aca1-929beb3cfaa7@group-B31D183E6566-SegmentedRaftLogWorker"  prio=5 tid=5409 timed_waiting
java.lang.Thread.State: TIMED_WAITING
        at sun.misc.Unsafe.park(Native Method)
        at java.util.concurrent.locks.LockSupport.parkNanos(LockSupport.java:215)
        at java.util.concurrent.locks.AbstractQueuedSynchronizer$ConditionObject.awaitNanos(AbstractQueuedSynchronizer.java:2078)
        at org.apache.ratis.util.DataBlockingQueue.poll(DataBlockingQueue.java:148)
        at org.apache.ratis.server.raftlog.segmented.SegmentedRaftLogWorker.run(SegmentedRaftLogWorker.java:310)
        at org.apache.ratis.server.raftlog.segmented.SegmentedRaftLogWorker$$Lambda$699/1369416112.run(Unknown Source)
        at java.lang.Thread.run(Thread.java:750)
"Socket Reader #1 for port 0"  prio=5 tid=4742 runnable
java.lang.Thread.State: RUNNABLE
        at sun.nio.ch.EPollArrayWrapper.epollWait(Native Method)
        at sun.nio.ch.EPollArrayWrapper.poll(EPollArrayWrapper.java:269)
        at sun.nio.ch.EPollSelectorImpl.doSelect(EPollSelectorImpl.java:93)
        at sun.nio.ch.SelectorImpl.lockAndDoSelect(SelectorImpl.java:86)
        at sun.nio.ch.SelectorImpl.select(SelectorImpl.java:97)
        at sun.nio.ch.SelectorImpl.select(SelectorImpl.java:101)
        at org.apache.hadoop.ipc.Server$Listener$Reader.doRunLoop(Server.java:1296)
        at org.apache.hadoop.ipc.Server$Listener$Reader.run(Server.java:1275)
"Datanode ReportManager Thread - 2" daemon prio=5 tid=4276 timed_waiting
java.lang.Thread.State: TIMED_WAITING
        at sun.misc.Unsafe.park(Native Method)
        at java.util.concurrent.locks.LockSupport.parkNanos(LockSupport.java:215)
        at java.util.concurrent.locks.AbstractQueuedSynchronizer$ConditionObject.awaitNanos(AbstractQueuedSynchronizer.java:2078)
        at java.util.concurrent.ScheduledThreadPoolExecutor$DelayedWorkQueue.take(ScheduledThreadPoolExecutor.java:1093)
        at java.util.concurrent.ScheduledThreadPoolExecutor$DelayedWorkQueue.take(ScheduledThreadPoolExecutor.java:809)
        at java.util.concurrent.ThreadPoolExecutor.getTask(ThreadPoolExecutor.java:1074)
        at java.util.concurrent.ThreadPoolExecutor.runWorker(ThreadPoolExecutor.java:1134)
        at java.util.concurrent.ThreadPoolExecutor$Worker.run(ThreadPoolExecutor.java:624)
        at java.lang.Thread.run(Thread.java:750)
"IPC Server handler 1 on default port 34157" daemon prio=5 tid=4005 timed_waiting
java.lang.Thread.State: TIMED_WAITING
        at sun.misc.Unsafe.park(Native Method)
        at java.util.concurrent.locks.LockSupport.parkNanos(LockSupport.java:215)
        at java.util.concurrent.locks.AbstractQueuedSynchronizer$ConditionObject.awaitNanos(AbstractQueuedSynchronizer.java:2078)
        at java.util.concurrent.LinkedBlockingQueue.poll(LinkedBlockingQueue.java:467)
        at org.apache.hadoop.ipc.CallQueueManager.take(CallQueueManager.java:317)
        at org.apache.hadoop.ipc.Server$Handler.run(Server.java:2942)
"IPC Server handler 4 on default port 41341" daemon prio=5 tid=3808 timed_waiting
java.lang.Thread.State: TIMED_WAITING
        at sun.misc.Unsafe.park(Native Method)
        at java.util.concurrent.locks.LockSupport.parkNanos(LockSupport.java:215)
        at java.util.concurrent.locks.AbstractQueuedSynchronizer$ConditionObject.awaitNanos(AbstractQueuedSynchronizer.java:2078)
        at java.util.concurrent.LinkedBlockingQueue.poll(LinkedBlockingQueue.java:467)
        at org.apache.hadoop.ipc.CallQueueManager.take(CallQueueManager.java:317)
        at org.apache.hadoop.ipc.Server$Handler.run(Server.java:2942)
"ChunkWriter-0-0" daemon prio=5 tid=3519 in Object.wait()
java.lang.Thread.State: WAITING (on object monitor)
        at sun.misc.Unsafe.park(Native Method)
        at java.util.concurrent.locks.LockSupport.park(LockSupport.java:175)
        at java.util.concurrent.locks.AbstractQueuedSynchronizer$ConditionObject.await(AbstractQueuedSynchronizer.java:2039)
        at java.util.concurrent.LinkedBlockingDeque.takeFirst(LinkedBlockingDeque.java:492)
        at java.util.concurrent.LinkedBlockingDeque.take(LinkedBlockingDeque.java:680)
        at java.util.concurrent.ThreadPoolExecutor.getTask(ThreadPoolExecutor.java:1074)
        at java.util.concurrent.ThreadPoolExecutor.runWorker(ThreadPoolExecutor.java:1134)
        at java.util.concurrent.ThreadPoolExecutor$Worker.run(ThreadPoolExecutor.java:624)
        at java.lang.Thread.run(Thread.java:750)
"Datanode ReportManager Thread - 1" daemon prio=5 tid=5007 in Object.wait()
java.lang.Thread.State: WAITING (on object monitor)
        at sun.misc.Unsafe.park(Native Method)
        at java.util.concurrent.locks.LockSupport.park(LockSupport.java:175)
        at java.util.concurrent.locks.AbstractQueuedSynchronizer$ConditionObject.await(AbstractQueuedSynchronizer.java:2039)
        at java.util.concurrent.ScheduledThreadPoolExecutor$DelayedWorkQueue.take(ScheduledThreadPoolExecutor.java:1088)
        at java.util.concurrent.ScheduledThreadPoolExecutor$DelayedWorkQueue.take(ScheduledThreadPoolExecutor.java:809)
        at java.util.concurrent.ThreadPoolExecutor.getTask(ThreadPoolExecutor.java:1074)
        at java.util.concurrent.ThreadPoolExecutor.runWorker(ThreadPoolExecutor.java:1134)
        at java.util.concurrent.ThreadPoolExecutor$Worker.run(ThreadPoolExecutor.java:624)
        at java.lang.Thread.run(Thread.java:750)
"Datanode ReportManager Thread - 4" daemon prio=5 tid=4086 in Object.wait()
java.lang.Thread.State: WAITING (on object monitor)
        at sun.misc.Unsafe.park(Native Method)
        at java.util.concurrent.locks.LockSupport.park(LockSupport.java:175)
        at java.util.concurrent.locks.AbstractQueuedSynchronizer$ConditionObject.await(AbstractQueuedSynchronizer.java:2039)
        at java.util.concurrent.ScheduledThreadPoolExecutor$DelayedWorkQueue.take(ScheduledThreadPoolExecutor.java:1088)
        at java.util.concurrent.ScheduledThreadPoolExecutor$DelayedWorkQueue.take(ScheduledThreadPoolExecutor.java:809)
        at java.util.concurrent.ThreadPoolExecutor.getTask(ThreadPoolExecutor.java:1074)
        at java.util.concurrent.ThreadPoolExecutor.runWorker(ThreadPoolExecutor.java:1134)
        at java.util.concurrent.ThreadPoolExecutor$Worker.run(ThreadPoolExecutor.java:624)
        at java.lang.Thread.run(Thread.java:750)
"om1-client-thread1" daemon prio=5 tid=4703 timed_waiting
java.lang.Thread.State: TIMED_WAITING
        at sun.misc.Unsafe.park(Native Method)
        at java.util.concurrent.locks.LockSupport.parkNanos(LockSupport.java:215)
        at java.util.concurrent.SynchronousQueue$TransferStack.awaitFulfill(SynchronousQueue.java:460)
        at java.util.concurrent.SynchronousQueue$TransferStack.transfer(SynchronousQueue.java:362)
        at java.util.concurrent.SynchronousQueue.poll(SynchronousQueue.java:941)
        at java.util.concurrent.ThreadPoolExecutor.getTask(ThreadPoolExecutor.java:1073)
        at java.util.concurrent.ThreadPoolExecutor.runWorker(ThreadPoolExecutor.java:1134)
        at java.util.concurrent.ThreadPoolExecutor$Worker.run(ThreadPoolExecutor.java:624)
        at java.lang.Thread.run(Thread.java:750)
"qtp194861159-3385" daemon prio=5 tid=3385 timed_waiting
java.lang.Thread.State: TIMED_WAITING
        at sun.misc.Unsafe.park(Native Method)
        at java.util.concurrent.locks.LockSupport.parkNanos(LockSupport.java:215)
        at java.util.concurrent.locks.AbstractQueuedSynchronizer$ConditionObject.awaitNanos(AbstractQueuedSynchronizer.java:2078)
        at org.eclipse.jetty.util.BlockingArrayQueue.poll(BlockingArrayQueue.java:382)
        at org.eclipse.jetty.util.thread.QueuedThreadPool$Runner.idleJobPoll(QueuedThreadPool.java:974)
        at org.eclipse.jetty.util.thread.QueuedThreadPool$Runner.run(QueuedThreadPool.java:1018)
        at java.lang.Thread.run(Thread.java:750)
"JvmPauseMonitor36" daemon prio=5 tid=3493 timed_waiting
java.lang.Thread.State: TIMED_WAITING
        at java.lang.Thread.sleep(Native Method)
        at java.lang.Thread.sleep(Thread.java:342)
        at java.util.concurrent.TimeUnit.sleep(TimeUnit.java:386)
        at org.apache.ratis.util.TimeDuration.sleep(TimeDuration.java:325)
        at org.apache.ratis.util.TimeDuration.sleep(TimeDuration.java:310)
        at org.apache.ratis.util.JvmPauseMonitor.detectPause(JvmPauseMonitor.java:119)
        at org.apache.ratis.util.JvmPauseMonitor.run(JvmPauseMonitor.java:108)
        at org.apache.ratis.util.JvmPauseMonitor$$Lambda$740/1979406568.run(Unknown Source)
        at java.lang.Thread.run(Thread.java:750)
"Datanode ReportManager Thread - 2" daemon prio=5 tid=3310 in Object.wait()
java.lang.Thread.State: WAITING (on object monitor)
        at sun.misc.Unsafe.park(Native Method)
        at java.util.concurrent.locks.LockSupport.park(LockSupport.java:175)
        at java.util.concurrent.locks.AbstractQueuedSynchronizer$ConditionObject.await(AbstractQueuedSynchronizer.java:2039)
        at java.util.concurrent.ScheduledThreadPoolExecutor$DelayedWorkQueue.take(ScheduledThreadPoolExecutor.java:1088)
        at java.util.concurrent.ScheduledThreadPoolExecutor$DelayedWorkQueue.take(ScheduledThreadPoolExecutor.java:809)
        at java.util.concurrent.ThreadPoolExecutor.getTask(ThreadPoolExecutor.java:1074)
        at java.util.concurrent.ThreadPoolExecutor.runWorker(ThreadPoolExecutor.java:1134)
        at java.util.concurrent.ThreadPoolExecutor$Worker.run(ThreadPoolExecutor.java:624)
        at java.lang.Thread.run(Thread.java:750)
"db052414-94b4-46f8-aca1-929beb3cfaa7-impl-thread1"  prio=5 tid=4993 timed_waiting
java.lang.Thread.State: TIMED_WAITING
        at sun.misc.Unsafe.park(Native Method)
        at java.util.concurrent.locks.LockSupport.parkNanos(LockSupport.java:215)
        at java.util.concurrent.SynchronousQueue$TransferStack.awaitFulfill(SynchronousQueue.java:460)
        at java.util.concurrent.SynchronousQueue$TransferStack.transfer(SynchronousQueue.java:362)
        at java.util.concurrent.SynchronousQueue.poll(SynchronousQueue.java:941)
        at java.util.concurrent.ThreadPoolExecutor.getTask(ThreadPoolExecutor.java:1073)
        at java.util.concurrent.ThreadPoolExecutor.runWorker(ThreadPoolExecutor.java:1134)
        at java.util.concurrent.ThreadPoolExecutor$Worker.run(ThreadPoolExecutor.java:624)
        at java.lang.Thread.run(Thread.java:750)
"IPC Server listener on 0" daemon prio=5 tid=3963 runnable
java.lang.Thread.State: RUNNABLE
        at sun.nio.ch.EPollArrayWrapper.epollWait(Native Method)
        at sun.nio.ch.EPollArrayWrapper.poll(EPollArrayWrapper.java:269)
        at sun.nio.ch.EPollSelectorImpl.doSelect(EPollSelectorImpl.java:93)
        at sun.nio.ch.SelectorImpl.lockAndDoSelect(SelectorImpl.java:86)
        at sun.nio.ch.SelectorImpl.select(SelectorImpl.java:97)
        at sun.nio.ch.SelectorImpl.select(SelectorImpl.java:101)
        at org.apache.hadoop.ipc.Server$Listener.run(Server.java:1358)
"Datanode ReportManager Thread - 2" daemon prio=5 tid=3338 timed_waiting
java.lang.Thread.State: TIMED_WAITING
        at sun.misc.Unsafe.park(Native Method)
        at java.util.concurrent.locks.LockSupport.parkNanos(LockSupport.java:215)
        at java.util.concurrent.locks.AbstractQueuedSynchronizer$ConditionObject.awaitNanos(AbstractQueuedSynchronizer.java:2078)
        at java.util.concurrent.ScheduledThreadPoolExecutor$DelayedWorkQueue.take(ScheduledThreadPoolExecutor.java:1093)
        at java.util.concurrent.ScheduledThreadPoolExecutor$DelayedWorkQueue.take(ScheduledThreadPoolExecutor.java:809)
        at java.util.concurrent.ThreadPoolExecutor.getTask(ThreadPoolExecutor.java:1074)
        at java.util.concurrent.ThreadPoolExecutor.runWorker(ThreadPoolExecutor.java:1134)
        at java.util.concurrent.ThreadPoolExecutor$Worker.run(ThreadPoolExecutor.java:624)
        at java.lang.Thread.run(Thread.java:750)
"qtp1324399707-5574" daemon prio=5 tid=5574 timed_waiting
java.lang.Thread.State: TIMED_WAITING
        at sun.misc.Unsafe.park(Native Method)
        at java.util.concurrent.locks.LockSupport.parkNanos(LockSupport.java:215)
        at java.util.concurrent.locks.AbstractQueuedSynchronizer$ConditionObject.awaitNanos(AbstractQueuedSynchronizer.java:2078)
        at org.eclipse.jetty.util.BlockingArrayQueue.poll(BlockingArrayQueue.java:382)
        at org.eclipse.jetty.util.thread.QueuedThreadPool$Runner.idleJobPoll(QueuedThreadPool.java:974)
        at org.eclipse.jetty.util.thread.QueuedThreadPool$Runner.run(QueuedThreadPool.java:1018)
        at java.lang.Thread.run(Thread.java:750)
"EventQueue-PipelineReportForPipelineReportHandler" daemon prio=5 tid=5596 in Object.wait()
java.lang.Thread.State: WAITING (on object monitor)
        at sun.misc.Unsafe.park(Native Method)
        at java.util.concurrent.locks.LockSupport.park(LockSupport.java:175)
        at java.util.concurrent.locks.AbstractQueuedSynchronizer$ConditionObject.await(AbstractQueuedSynchronizer.java:2039)
        at java.util.concurrent.LinkedBlockingQueue.take(LinkedBlockingQueue.java:442)
        at java.util.concurrent.ThreadPoolExecutor.getTask(ThreadPoolExecutor.java:1074)
        at java.util.concurrent.ThreadPoolExecutor.runWorker(ThreadPoolExecutor.java:1134)
        at java.util.concurrent.ThreadPoolExecutor$Worker.run(ThreadPoolExecutor.java:624)
        at java.lang.Thread.run(Thread.java:750)
"BlockDeletingService#2" daemon prio=5 tid=4731 in Object.wait()
java.lang.Thread.State: WAITING (on object monitor)
        at sun.misc.Unsafe.park(Native Method)
        at java.util.concurrent.locks.LockSupport.park(LockSupport.java:175)
        at java.util.concurrent.locks.AbstractQueuedSynchronizer$ConditionObject.await(AbstractQueuedSynchronizer.java:2039)
        at java.util.concurrent.ScheduledThreadPoolExecutor$DelayedWorkQueue.take(ScheduledThreadPoolExecutor.java:1088)
        at java.util.concurrent.ScheduledThreadPoolExecutor$DelayedWorkQueue.take(ScheduledThreadPoolExecutor.java:809)
        at java.util.concurrent.ThreadPoolExecutor.getTask(ThreadPoolExecutor.java:1074)
        at java.util.concurrent.ThreadPoolExecutor.runWorker(ThreadPoolExecutor.java:1134)
        at java.util.concurrent.ThreadPoolExecutor$Worker.run(ThreadPoolExecutor.java:624)
        at java.lang.Thread.run(Thread.java:750)
"IPC Server handler 10 on default port 39657" daemon prio=5 tid=4967 timed_waiting
java.lang.Thread.State: TIMED_WAITING
        at sun.misc.Unsafe.park(Native Method)
        at java.util.concurrent.locks.LockSupport.parkNanos(LockSupport.java:215)
        at java.util.concurrent.locks.AbstractQueuedSynchronizer$ConditionObject.awaitNanos(AbstractQueuedSynchronizer.java:2078)
        at java.util.concurrent.LinkedBlockingQueue.poll(LinkedBlockingQueue.java:467)
        at org.apache.hadoop.ipc.CallQueueManager.take(CallQueueManager.java:317)
        at org.apache.hadoop.ipc.Server$Handler.run(Server.java:2942)
"qtp70197480-5057" daemon prio=5 tid=5057 timed_waiting
java.lang.Thread.State: TIMED_WAITING
        at sun.misc.Unsafe.park(Native Method)
        at java.util.concurrent.locks.LockSupport.parkNanos(LockSupport.java:215)
        at java.util.concurrent.locks.AbstractQueuedSynchronizer$ConditionObject.awaitNanos(AbstractQueuedSynchronizer.java:2078)
        at org.eclipse.jetty.util.BlockingArrayQueue.poll(BlockingArrayQueue.java:382)
        at org.eclipse.jetty.util.thread.QueuedThreadPool$Runner.idleJobPoll(QueuedThreadPool.java:974)
        at org.eclipse.jetty.util.thread.QueuedThreadPool$Runner.run(QueuedThreadPool.java:1018)
        at java.lang.Thread.run(Thread.java:750)


	at org.apache.ozone.test.GenericTestUtils.waitFor(GenericTestUtils.java:224)
	at org.apache.hadoop.ozone.scm.node.TestDecommissionAndMaintenance.testSCMHandlesRestartForMaintenanceNode(TestDecommissionAndMaintenance.java:585)
	at sun.reflect.NativeMethodAccessorImpl.invoke0(Native Method)
	at sun.reflect.NativeMethodAccessorImpl.invoke(NativeMethodAccessorImpl.java:62)
	at sun.reflect.DelegatingMethodAccessorImpl.invoke(DelegatingMethodAccessorImpl.java:43)
	at java.lang.reflect.Method.invoke(Method.java:498)
	at org.junit.platform.commons.util.ReflectionUtils.invokeMethod(ReflectionUtils.java:725)
	at org.junit.jupiter.engine.execution.MethodInvocation.proceed(MethodInvocation.java:60)
	at org.junit.jupiter.engine.execution.InvocationInterceptorChain$ValidatingInvocation.proceed(InvocationInterceptorChain.java:131)
	at org.junit.jupiter.engine.extension.TimeoutExtension.intercept(TimeoutExtension.java:149)
	at org.junit.jupiter.engine.extension.TimeoutExtension.interceptTestableMethod(TimeoutExtension.java:140)
	at org.junit.jupiter.engine.extension.TimeoutExtension.interceptTestMethod(TimeoutExtension.java:84)
	at org.junit.jupiter.engine.execution.ExecutableInvoker$ReflectiveInterceptorCall.lambda$ofVoidMethod$0(ExecutableInvoker.java:115)
	at org.junit.jupiter.engine.execution.ExecutableInvoker.lambda$invoke$0(ExecutableInvoker.java:105)
	at org.junit.jupiter.engine.execution.InvocationInterceptorChain$InterceptedInvocation.proceed(InvocationInterceptorChain.java:106)
	at org.junit.jupiter.engine.execution.InvocationInterceptorChain.proceed(InvocationInterceptorChain.java:64)
	at org.junit.jupiter.engine.execution.InvocationInterceptorChain.chainAndInvoke(InvocationInterceptorChain.java:45)
	at org.junit.jupiter.engine.execution.InvocationInterceptorChain.invoke(InvocationInterceptorChain.java:37)
	at org.junit.jupiter.engine.execution.ExecutableInvoker.invoke(ExecutableInvoker.java:104)
	at org.junit.jupiter.engine.execution.ExecutableInvoker.invoke(ExecutableInvoker.java:98)
	at org.junit.jupiter.engine.descriptor.TestMethodTestDescriptor.lambda$invokeTestMethod$7(TestMethodTestDescriptor.java:214)
	at org.junit.platform.engine.support.hierarchical.ThrowableCollector.execute(ThrowableCollector.java:73)
	at org.junit.jupiter.engine.descriptor.TestMethodTestDescriptor.invokeTestMethod(TestMethodTestDescriptor.java:210)
	at org.junit.jupiter.engine.descriptor.TestMethodTestDescriptor.execute(TestMethodTestDescriptor.java:135)
	at org.junit.jupiter.engine.descriptor.TestMethodTestDescriptor.execute(TestMethodTestDescriptor.java:66)
	at org.junit.platform.engine.support.hierarchical.NodeTestTask.lambda$executeRecursively$6(NodeTestTask.java:151)
	at org.junit.platform.engine.support.hierarchical.ThrowableCollector.execute(ThrowableCollector.java:73)
	at org.junit.platform.engine.support.hierarchical.NodeTestTask.lambda$executeRecursively$8(NodeTestTask.java:141)
	at org.junit.platform.engine.support.hierarchical.Node.around(Node.java:137)
	at org.junit.platform.engine.support.hierarchical.NodeTestTask.lambda$executeRecursively$9(NodeTestTask.java:139)
	at org.junit.platform.engine.support.hierarchical.ThrowableCollector.execute(ThrowableCollector.java:73)
	at org.junit.platform.engine.support.hierarchical.NodeTestTask.executeRecursively(NodeTestTask.java:138)
	at org.junit.platform.engine.support.hierarchical.NodeTestTask.execute(NodeTestTask.java:95)
	at java.util.ArrayList.forEach(ArrayList.java:1259)
	at org.junit.platform.engine.support.hierarchical.SameThreadHierarchicalTestExecutorService.invokeAll(SameThreadHierarchicalTestExecutorService.java:41)
	at org.junit.platform.engine.support.hierarchical.NodeTestTask.lambda$executeRecursively$6(NodeTestTask.java:155)
	at org.junit.platform.engine.support.hierarchical.ThrowableCollector.execute(ThrowableCollector.java:73)
	at org.junit.platform.engine.support.hierarchical.NodeTestTask.lambda$executeRecursively$8(NodeTestTask.java:141)
	at org.junit.platform.engine.support.hierarchical.Node.around(Node.java:137)
	at org.junit.platform.engine.support.hierarchical.NodeTestTask.lambda$executeRecursively$9(NodeTestTask.java:139)
	at org.junit.platform.engine.support.hierarchical.ThrowableCollector.execute(ThrowableCollector.java:73)
	at org.junit.platform.engine.support.hierarchical.NodeTestTask.executeRecursively(NodeTestTask.java:138)
	at org.junit.platform.engine.support.hierarchical.NodeTestTask.execute(NodeTestTask.java:95)
	at java.util.ArrayList.forEach(ArrayList.java:1259)
	at org.junit.platform.engine.support.hierarchical.SameThreadHierarchicalTestExecutorService.invokeAll(SameThreadHierarchicalTestExecutorService.java:41)
	at org.junit.platform.engine.support.hierarchical.NodeTestTask.lambda$executeRecursively$6(NodeTestTask.java:155)
	at org.junit.platform.engine.support.hierarchical.ThrowableCollector.execute(ThrowableCollector.java:73)
	at org.junit.platform.engine.support.hierarchical.NodeTestTask.lambda$executeRecursively$8(NodeTestTask.java:141)
	at org.junit.platform.engine.support.hierarchical.Node.around(Node.java:137)
	at org.junit.platform.engine.support.hierarchical.NodeTestTask.lambda$executeRecursively$9(NodeTestTask.java:139)
	at org.junit.platform.engine.support.hierarchical.ThrowableCollector.execute(ThrowableCollector.java:73)
	at org.junit.platform.engine.support.hierarchical.NodeTestTask.executeRecursively(NodeTestTask.java:138)
	at org.junit.platform.engine.support.hierarchical.NodeTestTask.execute(NodeTestTask.java:95)
	at org.junit.platform.engine.support.hierarchical.SameThreadHierarchicalTestExecutorService.submit(SameThreadHierarchicalTestExecutorService.java:35)
	at org.junit.platform.engine.support.hierarchical.HierarchicalTestExecutor.execute(HierarchicalTestExecutor.java:57)
	at org.junit.platform.engine.support.hierarchical.HierarchicalTestEngine.execute(HierarchicalTestEngine.java:54)
	at org.junit.platform.launcher.core.EngineExecutionOrchestrator.execute(EngineExecutionOrchestrator.java:107)
	at org.junit.platform.launcher.core.EngineExecutionOrchestrator.execute(EngineExecutionOrchestrator.java:88)
	at org.junit.platform.launcher.core.EngineExecutionOrchestrator.lambda$execute$0(EngineExecutionOrchestrator.java:54)
	at org.junit.platform.launcher.core.EngineExecutionOrchestrator.withInterceptedStreams(EngineExecutionOrchestrator.java:67)
	at org.junit.platform.launcher.core.EngineExecutionOrchestrator.execute(EngineExecutionOrchestrator.java:52)
	at org.junit.platform.launcher.core.DefaultLauncher.execute(DefaultLauncher.java:114)
	at org.junit.platform.launcher.core.DefaultLauncher.execute(DefaultLauncher.java:86)
	at org.junit.platform.launcher.core.DefaultLauncherSession$DelegatingLauncher.execute(DefaultLauncherSession.java:86)
	at org.junit.platform.launcher.core.SessionPerRequestLauncher.execute(SessionPerRequestLauncher.java:53)
	at org.apache.maven.surefire.junitplatform.JUnitPlatformProvider.execute(JUnitPlatformProvider.java:188)
	at org.apache.maven.surefire.junitplatform.JUnitPlatformProvider.invokeAllTests(JUnitPlatformProvider.java:154)
	at org.apache.maven.surefire.junitplatform.JUnitPlatformProvider.invoke(JUnitPlatformProvider.java:124)
	at org.apache.maven.surefire.booter.ForkedBooter.runSuitesInProcess(ForkedBooter.java:428)
	at org.apache.maven.surefire.booter.ForkedBooter.execute(ForkedBooter.java:162)
	at org.apache.maven.surefire.booter.ForkedBooter.run(ForkedBooter.java:562)
	at org.apache.maven.surefire.booter.ForkedBooter.main(ForkedBooter.java:548)
]]></error>
    <system-out><![CDATA[2022-11-18 13:06:01,433 [Mini-Cluster-Provider-Reap] INFO  ipc.Server (Server.java:stop(3428)) - Stopping server on 42013
2022-11-18 13:06:01,441 [IPC Server listener on 0] INFO  ipc.Server (Server.java:run(1384)) - Stopping IPC Server listener on 0
2022-11-18 13:06:01,444 [Listener at 127.0.0.1/34157] WARN  server.ServerUtils (ServerUtils.java:getScmDbDir(148)) - ozone.scm.db.dirs is not configured. We recommend adding this setting. Falling back to ozone.metadata.dirs instead.
2022-11-18 13:06:01,448 [IPC Server Responder] INFO  ipc.Server (Server.java:run(1517)) - Stopping IPC Server Responder
2022-11-18 13:06:01,449 [Mini-Cluster-Provider-Reap] INFO  server.RaftServer (RaftServerProxy.java:lambda$close$6(409)) - om1: close
2022-11-18 13:06:01,449 [Listener at 127.0.0.1/34157] WARN  server.ServerUtils (ServerUtils.java:getScmDbDir(148)) - ozone.scm.db.dirs is not configured. We recommend adding this setting. Falling back to ozone.metadata.dirs instead.
2022-11-18 13:06:01,449 [Listener at 127.0.0.1/34157] INFO  ha.SCMHANodeDetails (SCMHANodeDetails.java:loadSCMHAConfig(209)) - ServiceID for StorageContainerManager is null
2022-11-18 13:06:01,449 [Listener at 127.0.0.1/34157] INFO  ha.SCMHANodeDetails (SCMHANodeDetails.java:loadSCMHAConfig(214)) - ozone.scm.default.service.id is not defined, falling back to ozone.scm.service.ids to find serviceID for StorageContainerManager if it is HA enabled cluster
2022-11-18 13:06:01,450 [Listener at 127.0.0.1/34157] WARN  utils.HAUtils (HAUtils.java:getMetaDir(342)) - ozone.scm.db.dirs is not configured. We recommend adding this setting. Falling back to ozone.metadata.dirs instead.
2022-11-18 13:06:01,450 [Listener at 127.0.0.1/34157] WARN  db.DBStoreBuilder (DBStoreBuilder.java:applyDBDefinition(144)) - ozone.scm.db.dirs is not configured. We recommend adding this setting. Falling back to ozone.metadata.dirs instead.
2022-11-18 13:06:01,453 [Mini-Cluster-Provider-Reap] INFO  server.GrpcService (GrpcService.java:closeImpl(279)) - om1: shutdown server GrpcServerProtocolService now
2022-11-18 13:06:01,453 [om1-impl-thread2] INFO  server.RaftServer$Division (RaftServerImpl.java:lambda$close$4(458)) - om1@group-C5BA1605619E: shutdown
2022-11-18 13:06:01,453 [Mini-Cluster-Provider-Reap] INFO  server.GrpcService (GrpcService.java:closeImpl(288)) - om1: shutdown server GrpcServerProtocolService successfully
2022-11-18 13:06:01,454 [om1-impl-thread2] INFO  util.JmxRegister (JmxRegister.java:unregister(73)) - Successfully un-registered JMX Bean with object name Ratis:service=RaftServer,group=group-C5BA1605619E,id=om1
2022-11-18 13:06:01,454 [om1-impl-thread2] INFO  impl.RoleInfo (RoleInfo.java:shutdownLeaderState(93)) - om1: shutdown om1@group-C5BA1605619E-LeaderStateImpl
2022-11-18 13:06:01,455 [om1-impl-thread2] INFO  impl.PendingRequests (PendingRequests.java:sendNotLeaderResponses(282)) - om1@group-C5BA1605619E-PendingRequests: sendNotLeaderResponses
2022-11-18 13:06:01,470 [om1-impl-thread2] INFO  impl.StateMachineUpdater (StateMachineUpdater.java:stopAndJoin(153)) - om1@group-C5BA1605619E-StateMachineUpdater: set stopIndex = 166
2022-11-18 13:06:01,470 [om1@group-C5BA1605619E-StateMachineUpdater] INFO  ratis.OzoneManagerStateMachine (OzoneManagerStateMachine.java:takeSnapshot(445)) - Current Snapshot Index (t:1, i:166)
2022-11-18 13:06:01,470 [om1@group-C5BA1605619E-StateMachineUpdater] INFO  impl.StateMachineUpdater (StateMachineUpdater.java:takeSnapshot(287)) - om1@group-C5BA1605619E-StateMachineUpdater: Took a snapshot at index 166
2022-11-18 13:06:01,470 [om1@group-C5BA1605619E-StateMachineUpdater] INFO  impl.StateMachineUpdater (StateMachineUpdater.java:lambda$new$0(92)) - om1@group-C5BA1605619E-StateMachineUpdater: snapshotIndex: updateIncreasingly -1 -> 166
2022-11-18 13:06:01,470 [om1@group-C5BA1605619E-StateMachineUpdater] INFO  ratis.OzoneManagerStateMachine (OzoneManagerStateMachine.java:close(499)) - StateMachine has shutdown. Shutdown OzoneManager if not already shutdown.
2022-11-18 13:06:01,470 [om1@group-C5BA1605619E-StateMachineUpdater] INFO  ratis.OzoneManagerDoubleBuffer (OzoneManagerDoubleBuffer.java:stop(466)) - Stopping OMDoubleBuffer flush thread
2022-11-18 13:06:01,471 [OMDoubleBufferFlushThread] INFO  ratis.OzoneManagerDoubleBuffer (OzoneManagerDoubleBuffer.java:flushTransactions(385)) - OMDoubleBuffer flush thread OMDoubleBufferFlushThread is interrupted and will exit.
2022-11-18 13:06:01,473 [om1-impl-thread2] INFO  server.RaftServer$Division (ServerState.java:close(466)) - om1@group-C5BA1605619E: closes. applyIndex: 166
2022-11-18 13:06:01,473 [om1@group-C5BA1605619E-SegmentedRaftLogWorker] INFO  segmented.SegmentedRaftLogWorker (SegmentedRaftLogWorker.java:run(345)) - om1@group-C5BA1605619E-SegmentedRaftLogWorker was interrupted, exiting. There are 0 tasks remaining in the queue.
2022-11-18 13:06:01,475 [om1-impl-thread2] INFO  segmented.SegmentedRaftLogWorker (SegmentedRaftLogWorker.java:close(255)) - om1@group-C5BA1605619E-SegmentedRaftLogWorker close()
2022-11-18 13:06:01,478 [JvmPauseMonitor25] INFO  util.JvmPauseMonitor (JvmPauseMonitor.java:run(111)) - JvmPauseMonitor-om1: Stopped
2022-11-18 13:06:01,479 [Mini-Cluster-Provider-Reap] INFO  ratis.OzoneManagerStateMachine (OzoneManagerStateMachine.java:close(499)) - StateMachine has shutdown. Shutdown OzoneManager if not already shutdown.
2022-11-18 13:06:01,479 [Mini-Cluster-Provider-Reap] INFO  ratis.OzoneManagerDoubleBuffer (OzoneManagerDoubleBuffer.java:stop(478)) - OMDoubleBuffer flush thread is not running.
2022-11-18 13:06:01,479 [Mini-Cluster-Provider-Reap] INFO  utils.BackgroundService (BackgroundService.java:shutdown(141)) - Shutting down service KeyDeletingService
2022-11-18 13:06:01,479 [Mini-Cluster-Provider-Reap] INFO  utils.BackgroundService (BackgroundService.java:shutdown(141)) - Shutting down service DirectoryDeletingService
2022-11-18 13:06:01,479 [Mini-Cluster-Provider-Reap] INFO  utils.BackgroundService (BackgroundService.java:shutdown(141)) - Shutting down service OpenKeyCleanupService
2022-11-18 13:06:01,482 [Mini-Cluster-Provider-Reap] INFO  handler.ContextHandler (ContextHandler.java:doStop(1159)) - Stopped o.e.j.w.WebAppContext@25a13b3d{ozoneManager,/,null,STOPPED}{file:/home/runner/work/ozone/ozone/hadoop-ozone/integration-test/target/test-classes/webapps/ozoneManager}
2022-11-18 13:06:01,484 [Mini-Cluster-Provider-Reap] INFO  server.AbstractConnector (AbstractConnector.java:doStop(383)) - Stopped ServerConnector@4cb94899{HTTP/1.1, (http/1.1)}{0.0.0.0:0}
2022-11-18 13:06:01,484 [Mini-Cluster-Provider-Reap] INFO  server.session (HouseKeeper.java:stopScavenging(149)) - node0 Stopped scavenging
2022-11-18 13:06:01,486 [Under Replicated Processor] INFO  replication.UnderReplicatedProcessor (UnderReplicatedProcessor.java:processAll(92)) - Processed 0 under replicated containers, failed processing 0
2022-11-18 13:06:01,486 [Over Replicated Processor] INFO  replication.OverReplicatedProcessor (OverReplicatedProcessor.java:processAll(90)) - Processed 0 over replicated containers, failed processing 0
2022-11-18 13:06:01,487 [Mini-Cluster-Provider-Reap] INFO  handler.ContextHandler (ContextHandler.java:doStop(1159)) - Stopped o.e.j.s.ServletContextHandler@3b80f121{static,/static,file:///home/runner/work/ozone/ozone/hadoop-ozone/integration-test/target/test-classes/webapps/static,STOPPED}
2022-11-18 13:06:01,487 [ReplicationMonitor] INFO  replication.ReplicationManager (ReplicationManager.java:processAll(352)) - Replication Monitor Thread took 0 milliseconds for processing 0 containers.
2022-11-18 13:06:01,498 [Mini-Cluster-Provider-Reap] INFO  handler.ContextHandler (ContextHandler.java:doStop(1159)) - Stopped o.e.j.s.ServletContextHandler@4fef617{logs,/logs,file:///home/runner/work/ozone/ozone/hadoop-ozone/integration-test/target/log,STOPPED}
2022-11-18 13:06:01,502 [Mini-Cluster-Provider-Reap] INFO  ozone.MiniOzoneClusterImpl (MiniOzoneClusterImpl.java:stopDatanodes(522)) - Stopping the HddsDatanodes
2022-11-18 13:06:01,511 [Mini-Cluster-Provider-Reap] INFO  ozoneimpl.OzoneContainer (OzoneContainer.java:stop(417)) - Attempting to stop container services.
2022-11-18 13:06:01,520 [Mini-Cluster-Provider-Reap] INFO  server.RaftServer (RaftServerProxy.java:lambda$close$6(409)) - ccd67ca7-a3a8-4455-90cd-311da5ba3a33: close
2022-11-18 13:06:01,520 [Mini-Cluster-Provider-Reap] INFO  server.GrpcService (GrpcService.java:closeImpl(279)) - ccd67ca7-a3a8-4455-90cd-311da5ba3a33: shutdown server GrpcServerProtocolService now
2022-11-18 13:06:01,520 [Mini-Cluster-Provider-Reap] INFO  server.GrpcService (GrpcService.java:closeImpl(288)) - ccd67ca7-a3a8-4455-90cd-311da5ba3a33: shutdown server GrpcServerProtocolService successfully
2022-11-18 13:06:01,521 [JvmPauseMonitor50] INFO  util.JvmPauseMonitor (JvmPauseMonitor.java:run(111)) - JvmPauseMonitor-ccd67ca7-a3a8-4455-90cd-311da5ba3a33: Stopped
2022-11-18 13:06:01,536 [main] INFO  rpc.RpcClient (RpcClient.java:createVolume(472)) - Creating Volume: vol1, with user77747 as owner and space quota set to -1 bytes, counts quota set to -1
2022-11-18 13:06:01,546 [ForkJoinPool.commonPool-worker-1] INFO  ozoneimpl.OzoneContainer (OzoneContainer.java:stop(417)) - Attempting to stop container services.
2022-11-18 13:06:01,549 [ForkJoinPool.commonPool-worker-1] INFO  server.RaftServer (RaftServerProxy.java:lambda$close$6(409)) - 4e1bc70a-c48e-454c-859f-0f8175dd606b: close
2022-11-18 13:06:01,556 [4e1bc70a-c48e-454c-859f-0f8175dd606b-impl-thread2] INFO  server.RaftServer$Division (RaftServerImpl.java:lambda$close$4(458)) - 4e1bc70a-c48e-454c-859f-0f8175dd606b@group-432F6FAA761E: shutdown
2022-11-18 13:06:01,556 [4e1bc70a-c48e-454c-859f-0f8175dd606b-impl-thread2] INFO  util.JmxRegister (JmxRegister.java:unregister(73)) - Successfully un-registered JMX Bean with object name Ratis:service=RaftServer,group=group-432F6FAA761E,id=4e1bc70a-c48e-454c-859f-0f8175dd606b
2022-11-18 13:06:01,558 [ForkJoinPool.commonPool-worker-1] INFO  server.GrpcService (GrpcService.java:closeImpl(279)) - 4e1bc70a-c48e-454c-859f-0f8175dd606b: shutdown server GrpcServerProtocolService now
2022-11-18 13:06:01,559 [grpc-default-executor-4] WARN  server.GrpcLogAppender (LogUtils.java:warn(122)) - a36f0c9e-34c7-41e1-90e2-5c691522fdfd@group-025E2FE377DB->4e1bc70a-c48e-454c-859f-0f8175dd606b-AppendLogResponseHandler: Failed appendEntries: org.apache.ratis.thirdparty.io.grpc.StatusRuntimeException: CANCELLED: RST_STREAM closed stream. HTTP/2 error code: CANCEL
2022-11-18 13:06:01,559 [grpc-default-executor-4] INFO  leader.FollowerInfo (FollowerInfoImpl.java:lambda$new$0(48)) - a36f0c9e-34c7-41e1-90e2-5c691522fdfd@group-025E2FE377DB->4e1bc70a-c48e-454c-859f-0f8175dd606b: nextIndex: updateUnconditionally 40 -> 39
2022-11-18 13:06:01,560 [grpc-default-executor-5] WARN  server.GrpcServerProtocolService (LogUtils.java:warn(122)) - 4e1bc70a-c48e-454c-859f-0f8175dd606b: installSnapshot onError, lastRequest: null: org.apache.ratis.thirdparty.io.grpc.StatusRuntimeException: CANCELLED: client cancelled
2022-11-18 13:06:01,560 [grpc-default-executor-2] WARN  server.GrpcLogAppender (LogUtils.java:warn(122)) - a36f0c9e-34c7-41e1-90e2-5c691522fdfd@group-025E2FE377DB->4e1bc70a-c48e-454c-859f-0f8175dd606b-AppendLogResponseHandler: Failed appendEntries: org.apache.ratis.thirdparty.io.grpc.StatusRuntimeException: CANCELLED: RST_STREAM closed stream. HTTP/2 error code: CANCEL
2022-11-18 13:06:01,560 [grpc-default-executor-2] INFO  leader.FollowerInfo (FollowerInfoImpl.java:lambda$new$0(48)) - a36f0c9e-34c7-41e1-90e2-5c691522fdfd@group-025E2FE377DB->4e1bc70a-c48e-454c-859f-0f8175dd606b: nextIndex: updateUnconditionally 39 -> 38
2022-11-18 13:06:01,562 [4e1bc70a-c48e-454c-859f-0f8175dd606b-impl-thread2] INFO  impl.RoleInfo (RoleInfo.java:shutdownLeaderState(93)) - 4e1bc70a-c48e-454c-859f-0f8175dd606b: shutdown 4e1bc70a-c48e-454c-859f-0f8175dd606b@group-432F6FAA761E-LeaderStateImpl
2022-11-18 13:06:01,562 [ForkJoinPool.commonPool-worker-1] INFO  server.GrpcServerProtocolClient (GrpcServerProtocolClient.java:close(111)) - a36f0c9e-34c7-41e1-90e2-5c691522fdfd Close channels
2022-11-18 13:06:01,563 [4e1bc70a-c48e-454c-859f-0f8175dd606b-impl-thread2] INFO  impl.PendingRequests (PendingRequests.java:sendNotLeaderResponses(282)) - 4e1bc70a-c48e-454c-859f-0f8175dd606b@group-432F6FAA761E-PendingRequests: sendNotLeaderResponses
2022-11-18 13:06:01,564 [4e1bc70a-c48e-454c-859f-0f8175dd606b@group-432F6FAA761E-StateMachineUpdater] INFO  ratis.ContainerStateMachine (ContainerStateMachine.java:takeSnapshot(304)) - group-432F6FAA761E: Taking a snapshot at:(t:1, i:0) file /home/runner/work/ozone/ozone/hadoop-ozone/integration-test/target/test-dir/MiniOzoneClusterImpl-d00242a6-2497-4d17-9cbb-890efb011638/datanode-1/data/ratis/987bfd91-93c2-4138-bf7b-432f6faa761e/sm/snapshot.1_0
2022-11-18 13:06:01,564 [4e1bc70a-c48e-454c-859f-0f8175dd606b-impl-thread2] INFO  impl.StateMachineUpdater (StateMachineUpdater.java:stopAndJoin(153)) - 4e1bc70a-c48e-454c-859f-0f8175dd606b@group-432F6FAA761E-StateMachineUpdater: set stopIndex = 0
2022-11-18 13:06:01,565 [grpc-default-executor-4] WARN  server.GrpcServerProtocolService (LogUtils.java:warn(122)) - 4e1bc70a-c48e-454c-859f-0f8175dd606b: installSnapshot onError, lastRequest: a36f0c9e-34c7-41e1-90e2-5c691522fdfd->4e1bc70a-c48e-454c-859f-0f8175dd606b#150-t4,previous=(t:4, i:38),leaderCommit=37,initializing? true,entries: size=1, first=(t:4, i:39), METADATAENTRY(c:37): org.apache.ratis.thirdparty.io.grpc.StatusRuntimeException: CANCELLED: client cancelled
2022-11-18 13:06:01,565 [4e1bc70a-c48e-454c-859f-0f8175dd606b@group-432F6FAA761E-StateMachineUpdater] INFO  ratis.ContainerStateMachine (ContainerStateMachine.java:takeSnapshot(315)) - group-432F6FAA761E: Finished taking a snapshot at:(t:1, i:0) file:/home/runner/work/ozone/ozone/hadoop-ozone/integration-test/target/test-dir/MiniOzoneClusterImpl-d00242a6-2497-4d17-9cbb-890efb011638/datanode-1/data/ratis/987bfd91-93c2-4138-bf7b-432f6faa761e/sm/snapshot.1_0 took: 0 ms
2022-11-18 13:06:01,565 [4e1bc70a-c48e-454c-859f-0f8175dd606b@group-432F6FAA761E-StateMachineUpdater] INFO  impl.StateMachineUpdater (StateMachineUpdater.java:takeSnapshot(287)) - 4e1bc70a-c48e-454c-859f-0f8175dd606b@group-432F6FAA761E-StateMachineUpdater: Took a snapshot at index 0
2022-11-18 13:06:01,565 [4e1bc70a-c48e-454c-859f-0f8175dd606b@group-432F6FAA761E-StateMachineUpdater] INFO  impl.StateMachineUpdater (StateMachineUpdater.java:lambda$new$0(92)) - 4e1bc70a-c48e-454c-859f-0f8175dd606b@group-432F6FAA761E-StateMachineUpdater: snapshotIndex: updateIncreasingly -1 -> 0
2022-11-18 13:06:01,565 [4e1bc70a-c48e-454c-859f-0f8175dd606b-impl-thread2] INFO  server.RaftServer$Division (ServerState.java:close(466)) - 4e1bc70a-c48e-454c-859f-0f8175dd606b@group-432F6FAA761E: closes. applyIndex: 0
2022-11-18 13:06:01,566 [4e1bc70a-c48e-454c-859f-0f8175dd606b@group-432F6FAA761E-SegmentedRaftLogWorker] INFO  segmented.SegmentedRaftLogWorker (SegmentedRaftLogWorker.java:run(345)) - 4e1bc70a-c48e-454c-859f-0f8175dd606b@group-432F6FAA761E-SegmentedRaftLogWorker was interrupted, exiting. There are 0 tasks remaining in the queue.
2022-11-18 13:06:01,566 [4e1bc70a-c48e-454c-859f-0f8175dd606b-impl-thread2] INFO  segmented.SegmentedRaftLogWorker (SegmentedRaftLogWorker.java:close(255)) - 4e1bc70a-c48e-454c-859f-0f8175dd606b@group-432F6FAA761E-SegmentedRaftLogWorker close()
2022-11-18 13:06:01,566 [4e1bc70a-c48e-454c-859f-0f8175dd606b-impl-thread3] INFO  server.RaftServer$Division (RaftServerImpl.java:lambda$close$4(458)) - 4e1bc70a-c48e-454c-859f-0f8175dd606b@group-025E2FE377DB: shutdown
2022-11-18 13:06:01,566 [4e1bc70a-c48e-454c-859f-0f8175dd606b-impl-thread3] INFO  util.JmxRegister (JmxRegister.java:unregister(73)) - Successfully un-registered JMX Bean with object name Ratis:service=RaftServer,group=group-025E2FE377DB,id=4e1bc70a-c48e-454c-859f-0f8175dd606b
2022-11-18 13:06:01,566 [4e1bc70a-c48e-454c-859f-0f8175dd606b-impl-thread3] INFO  impl.RoleInfo (RoleInfo.java:shutdownFollowerState(110)) - 4e1bc70a-c48e-454c-859f-0f8175dd606b: shutdown 4e1bc70a-c48e-454c-859f-0f8175dd606b@group-025E2FE377DB-FollowerState
2022-11-18 13:06:01,566 [4e1bc70a-c48e-454c-859f-0f8175dd606b-impl-thread3] INFO  impl.StateMachineUpdater (StateMachineUpdater.java:stopAndJoin(153)) - 4e1bc70a-c48e-454c-859f-0f8175dd606b@group-025E2FE377DB-StateMachineUpdater: set stopIndex = 39
2022-11-18 13:06:01,566 [4e1bc70a-c48e-454c-859f-0f8175dd606b@group-025E2FE377DB-FollowerState] INFO  impl.FollowerState (FollowerState.java:run(152)) - 4e1bc70a-c48e-454c-859f-0f8175dd606b@group-025E2FE377DB-FollowerState was interrupted
2022-11-18 13:06:01,567 [4e1bc70a-c48e-454c-859f-0f8175dd606b@group-025E2FE377DB-StateMachineUpdater] INFO  ratis.ContainerStateMachine (ContainerStateMachine.java:takeSnapshot(304)) - group-025E2FE377DB: Taking a snapshot at:(t:4, i:39) file /home/runner/work/ozone/ozone/hadoop-ozone/integration-test/target/test-dir/MiniOzoneClusterImpl-d00242a6-2497-4d17-9cbb-890efb011638/datanode-1/data/ratis/05f7329f-f5ab-4486-95f2-025e2fe377db/sm/snapshot.4_39
2022-11-18 13:06:01,568 [grpc-default-executor-5] WARN  server.GrpcLogAppender (LogUtils.java:warn(122)) - a36f0c9e-34c7-41e1-90e2-5c691522fdfd@group-025E2FE377DB->4e1bc70a-c48e-454c-859f-0f8175dd606b-AppendLogResponseHandler: Failed appendEntries: org.apache.ratis.thirdparty.io.grpc.StatusRuntimeException: UNAVAILABLE: io exception
2022-11-18 13:06:01,568 [grpc-default-executor-5] INFO  leader.FollowerInfo (FollowerInfoImpl.java:lambda$new$0(48)) - a36f0c9e-34c7-41e1-90e2-5c691522fdfd@group-025E2FE377DB->4e1bc70a-c48e-454c-859f-0f8175dd606b: nextIndex: updateUnconditionally 39 -> 38
2022-11-18 13:06:01,568 [grpc-default-executor-4] WARN  server.GrpcLogAppender (LogUtils.java:warn(122)) - a36f0c9e-34c7-41e1-90e2-5c691522fdfd@group-025E2FE377DB->4e1bc70a-c48e-454c-859f-0f8175dd606b-AppendLogResponseHandler: Failed appendEntries: org.apache.ratis.thirdparty.io.grpc.StatusRuntimeException: UNAVAILABLE: io exception
2022-11-18 13:06:01,571 [4e1bc70a-c48e-454c-859f-0f8175dd606b@group-025E2FE377DB-StateMachineUpdater] INFO  ratis.ContainerStateMachine (ContainerStateMachine.java:takeSnapshot(315)) - group-025E2FE377DB: Finished taking a snapshot at:(t:4, i:39) file:/home/runner/work/ozone/ozone/hadoop-ozone/integration-test/target/test-dir/MiniOzoneClusterImpl-d00242a6-2497-4d17-9cbb-890efb011638/datanode-1/data/ratis/05f7329f-f5ab-4486-95f2-025e2fe377db/sm/snapshot.4_39 took: 4 ms
2022-11-18 13:06:01,571 [OM StateMachine ApplyTransaction Thread - 0] INFO  volume.OMVolumeCreateRequest (OMVolumeCreateRequest.java:validateAndUpdateCache(195)) - created volume:vol1 for user:user77747
2022-11-18 13:06:01,571 [4e1bc70a-c48e-454c-859f-0f8175dd606b@group-025E2FE377DB-StateMachineUpdater] INFO  impl.StateMachineUpdater (StateMachineUpdater.java:takeSnapshot(287)) - 4e1bc70a-c48e-454c-859f-0f8175dd606b@group-025E2FE377DB-StateMachineUpdater: Took a snapshot at index 39
2022-11-18 13:06:01,571 [4e1bc70a-c48e-454c-859f-0f8175dd606b@group-025E2FE377DB-StateMachineUpdater] INFO  impl.StateMachineUpdater (StateMachineUpdater.java:lambda$new$0(92)) - 4e1bc70a-c48e-454c-859f-0f8175dd606b@group-025E2FE377DB-StateMachineUpdater: snapshotIndex: updateIncreasingly -1 -> 39
2022-11-18 13:06:01,571 [ForkJoinPool.commonPool-worker-1] INFO  server.GrpcServerProtocolClient (GrpcServerProtocolClient.java:close(111)) - 1bb9cbb4-eec0-4324-8de7-fca776b53f2b Close channels
2022-11-18 13:06:01,575 [4e1bc70a-c48e-454c-859f-0f8175dd606b-impl-thread3] INFO  server.RaftServer$Division (ServerState.java:close(466)) - 4e1bc70a-c48e-454c-859f-0f8175dd606b@group-025E2FE377DB: closes. applyIndex: 39
2022-11-18 13:06:01,575 [grpc-default-executor-4] INFO  leader.FollowerInfo (FollowerInfoImpl.java:lambda$new$0(48)) - a36f0c9e-34c7-41e1-90e2-5c691522fdfd@group-025E2FE377DB->4e1bc70a-c48e-454c-859f-0f8175dd606b: nextIndex: updateUnconditionally 38 -> 37
2022-11-18 13:06:01,575 [4e1bc70a-c48e-454c-859f-0f8175dd606b@group-025E2FE377DB-SegmentedRaftLogWorker] INFO  segmented.SegmentedRaftLogWorker (SegmentedRaftLogWorker.java:run(345)) - 4e1bc70a-c48e-454c-859f-0f8175dd606b@group-025E2FE377DB-SegmentedRaftLogWorker was interrupted, exiting. There are 0 tasks remaining in the queue.
2022-11-18 13:06:01,575 [4e1bc70a-c48e-454c-859f-0f8175dd606b-impl-thread3] INFO  segmented.SegmentedRaftLogWorker (SegmentedRaftLogWorker.java:close(255)) - 4e1bc70a-c48e-454c-859f-0f8175dd606b@group-025E2FE377DB-SegmentedRaftLogWorker close()
2022-11-18 13:06:01,576 [ForkJoinPool.commonPool-worker-1] INFO  server.GrpcService (GrpcService.java:closeImpl(288)) - 4e1bc70a-c48e-454c-859f-0f8175dd606b: shutdown server GrpcServerProtocolService successfully
2022-11-18 13:06:01,586 [JvmPauseMonitor27] INFO  util.JvmPauseMonitor (JvmPauseMonitor.java:run(111)) - JvmPauseMonitor-4e1bc70a-c48e-454c-859f-0f8175dd606b: Stopped
2022-11-18 13:06:01,603 [main] INFO  rpc.RpcClient (RpcClient.java:createBucket(691)) - Creating Bucket: vol1/bucket1, with bucket layout LEGACY, runner as owner, Versioning false, Storage Type set to DISK and Encryption set to false 
2022-11-18 13:06:01,604 [Over Replicated Processor] INFO  replication.OverReplicatedProcessor (OverReplicatedProcessor.java:processAll(90)) - Processed 0 over replicated containers, failed processing 0
2022-11-18 13:06:01,604 [Under Replicated Processor] INFO  replication.UnderReplicatedProcessor (UnderReplicatedProcessor.java:processAll(92)) - Processed 0 under replicated containers, failed processing 0
2022-11-18 13:06:01,607 [OM StateMachine ApplyTransaction Thread - 0] INFO  bucket.OMBucketCreateRequest (OMBucketCreateRequest.java:validateAndUpdateCache(260)) - created bucket: bucket1 of layout LEGACY in volume: vol1
2022-11-18 13:06:01,610 [ReplicationMonitor] INFO  replication.ReplicationManager (ReplicationManager.java:processAll(352)) - Replication Monitor Thread took 15 milliseconds for processing 0 containers.
2022-11-18 13:06:01,626 [IPC Server handler 1 on default port 34529] INFO  ha.SequenceIdGenerator (SequenceIdGenerator.java:getNextId(128)) - Allocate a batch for containerId, change lastId from 0 to 1000.
2022-11-18 13:06:01,627 [Listener at 127.0.0.1/34157] INFO  net.NodeSchemaLoader (NodeSchemaLoader.java:loadSchemaFromFile(129)) - Loading schema from [jar:file:/home/runner/.m2/repository/org/apache/ozone/hdds-common/1.3.0-SNAPSHOT/hdds-common-1.3.0-SNAPSHOT.jar!/network-topology-default.xml]
2022-11-18 13:06:01,627 [Listener at 127.0.0.1/34157] INFO  net.NodeSchemaLoader (NodeSchemaLoader.java:loadSchema(176)) - Loading network topology layer schema file
2022-11-18 13:06:01,630 [IPC Server handler 1 on default port 34529] WARN  ha.SequenceIdGenerator (SequenceIdGenerator.java:allocateBatch(237)) - Failed to allocate a batch for localId, expected lastId is 0, actual lastId is 109611004723200000.
2022-11-18 13:06:01,630 [IPC Server handler 1 on default port 34529] INFO  ha.SequenceIdGenerator (SequenceIdGenerator.java:getNextId(128)) - Allocate a batch for localId, change lastId from 109611004723200000 to 109611004723201000.
2022-11-18 13:06:01,631 [Listener at 127.0.0.1/34157] INFO  upgrade.AbstractLayoutVersionManager (AbstractLayoutVersionManager.java:init(83)) - Initializing Layout version manager with metadata layout = DATANODE_SCHEMA_V3 (version = 4), software layout = DATANODE_SCHEMA_V3 (version = 4)
2022-11-18 13:06:01,743 [Listener at 127.0.0.1/34157] INFO  reflections.Reflections (Reflections.java:scan(232)) - Reflections took 111 ms to scan 7 urls, producing 140 keys and 342 values 
2022-11-18 13:06:01,756 [Listener at 127.0.0.1/34157] INFO  ha.SequenceIdGenerator (SequenceIdGenerator.java:upgradeToSequenceId(349)) - upgrade localId to 109611004723200000
2022-11-18 13:06:01,756 [Listener at 127.0.0.1/34157] INFO  ha.SequenceIdGenerator (SequenceIdGenerator.java:upgradeToSequenceId(359)) - upgrade delTxnId to 0
2022-11-18 13:06:01,757 [Listener at 127.0.0.1/34157] INFO  ha.SequenceIdGenerator (SequenceIdGenerator.java:upgradeToSequenceId(376)) - upgrade containerId to 0
2022-11-18 13:06:01,757 [Listener at 127.0.0.1/34157] INFO  ha.SequenceIdGenerator (SequenceIdGenerator.java:<init>(220)) - Init the HA SequenceIdGenerator.
2022-11-18 13:06:01,758 [Listener at 127.0.0.1/34157] INFO  node.SCMNodeManager (SCMNodeManager.java:<init>(149)) - Entering startup safe mode.
2022-11-18 13:06:01,760 [Listener at 127.0.0.1/34157] INFO  algorithms.ContainerPlacementPolicyFactory (ContainerPlacementPolicyFactory.java:getPolicyInternal(86)) - Create container placement policy of type org.apache.hadoop.hdds.scm.container.placement.algorithms.SCMContainerPlacementRandom
2022-11-18 13:06:01,761 [Listener at 127.0.0.1/34157] INFO  algorithms.ContainerPlacementPolicyFactory (ContainerPlacementPolicyFactory.java:getPolicyInternal(86)) - Create container placement policy of type org.apache.hadoop.hdds.scm.container.placement.algorithms.SCMContainerPlacementRackScatter
2022-11-18 13:06:01,761 [Listener at 127.0.0.1/34157] INFO  pipeline.PipelineStateManagerImpl (PipelineStateManagerImpl.java:initialize(78)) - No pipeline exists in current db
2022-11-18 13:06:01,761 [Listener at 127.0.0.1/34157] INFO  algorithms.LeaderChoosePolicyFactory (LeaderChoosePolicyFactory.java:getPolicy(57)) - Create leader choose policy of type org.apache.hadoop.hdds.scm.pipeline.leader.choose.algorithms.MinLeaderCountChoosePolicy
2022-11-18 13:06:01,761 [Listener at 127.0.0.1/34157] INFO  algorithms.ContainerPlacementPolicyFactory (ContainerPlacementPolicyFactory.java:getPolicyInternal(86)) - Create container placement policy of type org.apache.hadoop.hdds.scm.container.placement.algorithms.SCMContainerPlacementRackScatter
2022-11-18 13:06:01,761 [Listener at 127.0.0.1/34157] INFO  ha.SCMServiceManager (SCMServiceManager.java:register(42)) - Registering service BackgroundPipelineCreator.
2022-11-18 13:06:01,761 [Listener at 127.0.0.1/34157] INFO  pipeline.BackgroundPipelineCreator (BackgroundPipelineCreator.java:start(124)) - Starting RatisPipelineUtilsThread.
2022-11-18 13:06:01,761 [Listener at 127.0.0.1/34157] INFO  BackgroundPipelineScrubber (BackgroundSCMService.java:start(68)) - Starting BackgroundPipelineScrubber Service.
2022-11-18 13:06:01,762 [Listener at 127.0.0.1/34157] INFO  ha.SCMServiceManager (SCMServiceManager.java:register(42)) - Registering service BackgroundPipelineScrubber.
2022-11-18 13:06:01,763 [Listener at 127.0.0.1/34157] INFO  ExpiredContainerReplicaOpScrubber (BackgroundSCMService.java:start(68)) - Starting ExpiredContainerReplicaOpScrubber Service.
2022-11-18 13:06:01,763 [Listener at 127.0.0.1/34157] INFO  ha.SCMServiceManager (SCMServiceManager.java:register(42)) - Registering service ExpiredContainerReplicaOpScrubber.
2022-11-18 13:06:01,774 [Listener at 127.0.0.1/34157] INFO  algorithms.PipelineChoosePolicyFactory (PipelineChoosePolicyFactory.java:createPipelineChoosePolicyFromClass(73)) - Create pipeline choose policy of type org.apache.hadoop.hdds.scm.pipeline.choose.algorithms.RandomPipelineChoosePolicy
2022-11-18 13:06:01,775 [Listener at 127.0.0.1/34157] INFO  ha.SCMServiceManager (SCMServiceManager.java:register(42)) - Registering service SCMBlockDeletingService.
2022-11-18 13:06:01,775 [Listener at 127.0.0.1/34157] INFO  replication.ReplicationManager (ReplicationManager.java:start(250)) - Starting Replication Monitor Thread.
2022-11-18 13:06:01,784 [Listener at 127.0.0.1/34157] INFO  ha.SCMServiceManager (SCMServiceManager.java:register(42)) - Registering service ReplicationManager.
2022-11-18 13:06:01,785 [Listener at 127.0.0.1/34157] INFO  safemode.ContainerSafeModeRule (ContainerSafeModeRule.java:<init>(89)) - containers with one replica threshold count 0
2022-11-18 13:06:01,785 [Listener at 127.0.0.1/34157] INFO  safemode.HealthyPipelineSafeModeRule (HealthyPipelineSafeModeRule.java:initializeRule(169)) - Total pipeline count is 0, healthy pipeline threshold count is 1
2022-11-18 13:06:01,785 [Listener at 127.0.0.1/34157] INFO  safemode.OneReplicaPipelineSafeModeRule (OneReplicaPipelineSafeModeRule.java:initializeRule(180)) - Total pipeline count is 0, pipeline's with at least one datanode reported threshold count is 0
2022-11-18 13:06:01,791 [ReplicationMonitor] INFO  replication.ReplicationManager (ReplicationManager.java:processAll(319)) - Replication Manager is not ready to run until 3000ms after safemode exit
2022-11-18 13:06:01,794 [Listener at 127.0.0.1/34157] INFO  ipc.CallQueueManager (CallQueueManager.java:<init>(90)) - Using callQueue: class java.util.concurrent.LinkedBlockingQueue, queueCapacity: 2000, scheduler: class org.apache.hadoop.ipc.DefaultRpcScheduler, ipcBackoff: false.
2022-11-18 13:06:01,794 [Socket Reader #1 for port 0] INFO  ipc.Server (Server.java:run(1273)) - Starting Socket Reader #1 for port 0
2022-11-18 13:06:01,811 [Listener at 0.0.0.0/40433] INFO  ipc.CallQueueManager (CallQueueManager.java:<init>(90)) - Using callQueue: class java.util.concurrent.LinkedBlockingQueue, queueCapacity: 2000, scheduler: class org.apache.hadoop.ipc.DefaultRpcScheduler, ipcBackoff: false.
2022-11-18 13:06:01,816 [Socket Reader #1 for port 0] INFO  ipc.Server (Server.java:run(1273)) - Starting Socket Reader #1 for port 0
2022-11-18 13:06:01,817 [Listener at 0.0.0.0/36003] INFO  ipc.CallQueueManager (CallQueueManager.java:<init>(90)) - Using callQueue: class java.util.concurrent.LinkedBlockingQueue, queueCapacity: 2000, scheduler: class org.apache.hadoop.ipc.DefaultRpcScheduler, ipcBackoff: false.
2022-11-18 13:06:01,821 [Socket Reader #1 for port 0] INFO  ipc.Server (Server.java:run(1273)) - Starting Socket Reader #1 for port 0
2022-11-18 13:06:01,833 [Listener at 0.0.0.0/35159] INFO  ha.SCMServiceManager (SCMServiceManager.java:register(42)) - Registering service ContainerBalancer.
2022-11-18 13:06:01,833 [Listener at 0.0.0.0/35159] INFO  server.StorageContainerManager (StorageContainerManager.java:<init>(417)) - 
Container Balancer status:
Key                            Value
Running                        true
Container Balancer Configuration values:
Key                                                Value
Threshold                                          10
Max Datanodes to Involve per Iteration(percent)    20
Max Size to Move per Iteration                     500GB
Max Size Entering Target per Iteration             26GB
Max Size Leaving Source per Iteration              26GB

2022-11-18 13:06:01,833 [Listener at 0.0.0.0/35159] WARN  events.EventQueue (EventQueue.java:fireEvent(216)) - No event handler registered for event TypedEvent{payloadType=SafeModeStatus, name='Safe mode status'}
2022-11-18 13:06:01,833 [Listener at 0.0.0.0/35159] INFO  ha.SCMContext (SCMContext.java:updateSafeModeStatus(228)) - Update SafeModeStatus from SafeModeStatus{safeModeStatus=true, preCheckPassed=false} to SafeModeStatus{safeModeStatus=true, preCheckPassed=false}.
2022-11-18 13:06:01,834 [Listener at 0.0.0.0/35159] INFO  server.StorageContainerManager (StorageContainerManager.java:start(1470)) - StorageContainerLocationProtocol RPC server is listening at /0.0.0.0:35159
2022-11-18 13:06:01,834 [Listener at 0.0.0.0/35159] INFO  impl.MetricsSystemImpl (MetricsSystemImpl.java:init(158)) - StorageContainerManager metrics system started (again)
2022-11-18 13:06:01,873 [Listener at 0.0.0.0/35159] INFO  server.SCMClientProtocolServer (SCMClientProtocolServer.java:start(170)) - RPC server for Client  is listening at /0.0.0.0:35159
2022-11-18 13:06:01,873 [IPC Server Responder] INFO  ipc.Server (Server.java:run(1512)) - IPC Server Responder: starting
2022-11-18 13:06:01,874 [IPC Server listener on 0] INFO  ipc.Server (Server.java:run(1352)) - IPC Server listener on 0: starting
2022-11-18 13:06:01,875 [Listener at 0.0.0.0/35159] INFO  server.StorageContainerManager (StorageContainerManager.java:start(1485)) - ScmBlockLocationProtocol RPC server is listening at /0.0.0.0:36003
2022-11-18 13:06:01,875 [Listener at 0.0.0.0/35159] INFO  server.SCMBlockProtocolServer (SCMBlockProtocolServer.java:start(152)) - RPC server for Block Protocol is listening at /0.0.0.0:36003
2022-11-18 13:06:01,875 [IPC Server Responder] INFO  ipc.Server (Server.java:run(1512)) - IPC Server Responder: starting
2022-11-18 13:06:01,875 [IPC Server listener on 0] INFO  ipc.Server (Server.java:run(1352)) - IPC Server listener on 0: starting
2022-11-18 13:06:01,905 [Listener at 0.0.0.0/35159] INFO  server.SCMDatanodeProtocolServer (SCMDatanodeProtocolServer.java:start(186)) - ScmDatanodeProtocol RPC server for DataNodes is listening at /0.0.0.0:40433
2022-11-18 13:06:01,905 [IPC Server Responder] INFO  ipc.Server (Server.java:run(1512)) - IPC Server Responder: starting
2022-11-18 13:06:01,905 [IPC Server listener on 0] INFO  ipc.Server (Server.java:run(1352)) - IPC Server listener on 0: starting
2022-11-18 13:06:01,920 [org.apache.hadoop.util.JvmPauseMonitor$Monitor@42ba7e57] INFO  util.JvmPauseMonitor (JvmPauseMonitor.java:run(188)) - Starting JVM pause monitor
2022-11-18 13:06:01,921 [Listener at 0.0.0.0/35159] INFO  http.BaseHttpServer (BaseHttpServer.java:newHttpServer2BuilderForOzone(213)) - Starting Web-server for scm at: http://0.0.0.0:0
2022-11-18 13:06:01,921 [Listener at 0.0.0.0/35159] INFO  http.BaseHttpServer (BaseHttpServer.java:<init>(108)) - Hadoop Security Enabled: false Ozone Security Enabled: false Ozone HTTP Security Enabled: false 
2022-11-18 13:06:01,928 [Listener at 0.0.0.0/35159] WARN  server.AuthenticationFilter (AuthenticationFilter.java:constructSecretProvider(240)) - Unable to initialize FileSignerSecretProvider, falling back to use random secrets. Reason: Could not read signature secret file: /home/runner/hadoop-http-auth-signature-secret
2022-11-18 13:06:01,932 [Listener at 0.0.0.0/35159] WARN  http.HttpRequestLog (HttpRequestLog.java:getRequestLog(103)) - Jetty request log can only be enabled using Log4j
2022-11-18 13:06:01,933 [Listener at 0.0.0.0/35159] INFO  http.HttpServer2 (HttpServer2.java:addGlobalFilter(1031)) - Added global filter 'safety' (class=org.apache.hadoop.hdds.server.http.HttpServer2$QuotingInputFilter)
2022-11-18 13:06:01,934 [Listener at 0.0.0.0/35159] INFO  http.HttpServer2 (HttpServer2.java:addFilter(1007)) - Added filter static_user_filter (class=org.apache.hadoop.http.lib.StaticUserWebFilter$StaticUserFilter) to context scm
2022-11-18 13:06:01,934 [Listener at 0.0.0.0/35159] INFO  http.HttpServer2 (HttpServer2.java:addFilter(1015)) - Added filter static_user_filter (class=org.apache.hadoop.http.lib.StaticUserWebFilter$StaticUserFilter) to context logs
2022-11-18 13:06:01,934 [Listener at 0.0.0.0/35159] INFO  http.HttpServer2 (HttpServer2.java:addFilter(1015)) - Added filter static_user_filter (class=org.apache.hadoop.http.lib.StaticUserWebFilter$StaticUserFilter) to context static
2022-11-18 13:06:01,934 [Listener at 0.0.0.0/35159] INFO  http.HttpServer2 (HttpServer2.java:bindListener(1250)) - Jetty bound to port 34037
2022-11-18 13:06:01,934 [Listener at 0.0.0.0/35159] INFO  server.Server (Server.java:doStart(375)) - jetty-9.4.49.v20220914; built: 2022-09-14T01:07:36.601Z; git: 4231a3b2e4cb8548a412a789936d640a97b1aa0a; jvm 1.8.0_345-b01
2022-11-18 13:06:01,935 [Listener at 0.0.0.0/35159] INFO  server.session (DefaultSessionIdManager.java:doStart(334)) - DefaultSessionIdManager workerName=node0
2022-11-18 13:06:01,935 [Listener at 0.0.0.0/35159] INFO  server.session (DefaultSessionIdManager.java:doStart(339)) - No SessionScavenger set, using defaults
2022-11-18 13:06:01,935 [Listener at 0.0.0.0/35159] INFO  server.session (HouseKeeper.java:startScavenging(132)) - node0 Scavenging every 600000ms
2022-11-18 13:06:01,936 [Listener at 0.0.0.0/35159] INFO  handler.ContextHandler (ContextHandler.java:doStart(921)) - Started o.e.j.s.ServletContextHandler@44d0e015{logs,/logs,file:///home/runner/work/ozone/ozone/hadoop-ozone/integration-test/target/log,AVAILABLE}
2022-11-18 13:06:01,938 [Listener at 0.0.0.0/35159] INFO  handler.ContextHandler (ContextHandler.java:doStart(921)) - Started o.e.j.s.ServletContextHandler@69c218ee{static,/static,file:///home/runner/work/ozone/ozone/hadoop-ozone/integration-test/target/test-classes/webapps/static,AVAILABLE}
2022-11-18 13:06:01,940 [Listener at 0.0.0.0/35159] INFO  handler.ContextHandler (ContextHandler.java:doStart(921)) - Started o.e.j.w.WebAppContext@51cd39b9{scm,/,file:///home/runner/work/ozone/ozone/hadoop-ozone/integration-test/target/test-classes/webapps/scm/,AVAILABLE}{file:/home/runner/work/ozone/ozone/hadoop-ozone/integration-test/target/test-classes/webapps/scm}
2022-11-18 13:06:01,959 [Listener at 0.0.0.0/35159] INFO  server.AbstractConnector (AbstractConnector.java:doStart(333)) - Started ServerConnector@685c60d0{HTTP/1.1, (http/1.1)}{0.0.0.0:34037}
2022-11-18 13:06:01,959 [Listener at 0.0.0.0/35159] INFO  server.Server (Server.java:doStart(415)) - Started @155452ms
2022-11-18 13:06:01,959 [Listener at 0.0.0.0/35159] WARN  impl.MetricsSystemImpl (MetricsSystemImpl.java:register(279)) - Sink prometheus already exists!
2022-11-18 13:06:01,960 [Listener at 0.0.0.0/35159] INFO  http.BaseHttpServer (BaseHttpServer.java:updateConnectorAddress(333)) - HTTP server of scm listening at http://0.0.0.0:34037
2022-11-18 13:06:01,960 [Listener at 0.0.0.0/35159] WARN  server.ServerUtils (ServerUtils.java:getDBPath(225)) - ozone.om.db.dirs is not configured. We recommend adding this setting. Falling back to ozone.metadata.dirs instead.
2022-11-18 13:06:01,961 [Listener at 0.0.0.0/35159] INFO  ha.OMHANodeDetails (OMHANodeDetails.java:loadOMHAConfig(115)) - ozone.om.internal.service.id is not defined, falling back to ozone.om.service.ids to find serviceID for OzoneManager if it is HA enabled cluster
2022-11-18 13:06:01,964 [Listener at 0.0.0.0/35159] INFO  ha.OMHANodeDetails (OMHANodeDetails.java:loadOMHAConfig(226)) - Configuration does not have ozone.om.address set. Falling back to the default OM address /127.0.0.1:0
2022-11-18 13:06:01,964 [Listener at 0.0.0.0/35159] INFO  ha.OMHANodeDetails (OMHANodeDetails.java:getOMNodeDetailsForNonHA(254)) - OM Service ID is not set. Setting it to the default ID: omServiceIdDefault
2022-11-18 13:06:01,964 [Listener at 0.0.0.0/35159] INFO  ha.OMHANodeDetails (OMHANodeDetails.java:getOMNodeDetailsForNonHA(261)) - OM Node ID is not set. Setting it to the default ID: om1
2022-11-18 13:06:01,964 [Listener at 0.0.0.0/35159] WARN  server.ServerUtils (ServerUtils.java:getDBPath(225)) - ozone.om.db.dirs is not configured. We recommend adding this setting. Falling back to ozone.metadata.dirs instead.
2022-11-18 13:06:01,964 [Listener at 0.0.0.0/35159] INFO  upgrade.AbstractLayoutVersionManager (AbstractLayoutVersionManager.java:init(83)) - Initializing Layout version manager with metadata layout = MULTITENANCY_SCHEMA (version = 3), software layout = MULTITENANCY_SCHEMA (version = 3)
2022-11-18 13:06:02,026 [Under Replicated Processor] INFO  replication.UnderReplicatedProcessor (UnderReplicatedProcessor.java:processAll(92)) - Processed 0 under replicated containers, failed processing 0
2022-11-18 13:06:02,028 [Over Replicated Processor] INFO  replication.OverReplicatedProcessor (OverReplicatedProcessor.java:processAll(90)) - Processed 0 over replicated containers, failed processing 0
2022-11-18 13:06:02,051 [ReplicationMonitor] INFO  replication.LegacyReplicationManager (LegacyReplicationManager.java:handleOverReplicatedContainer(1251)) - Container #1 is over replicated. Expected replica count is 3, but found 4.
2022-11-18 13:06:02,052 [ReplicationMonitor] INFO  replication.LegacyReplicationManager (LegacyReplicationManager.java:sendDeleteCommand(1586)) - Sending delete container command for container #1 to datanode a49fbcfb-f7dc-4282-aec4-a4f9f3e2b5ab{ip: 10.1.0.56, host: fv-az180-400.aibneqh1mxpuhl3tnnuy2ifbce.bx.internal.cloudapp.net, ports: [REPLICATION=41799, RATIS=37955, RATIS_ADMIN=37955, RATIS_SERVER=37955, STANDALONE=46377], networkLocation: /default-rack, certSerialId: null, persistedOpState: IN_SERVICE, persistedOpStateExpiryEpochSec: 0}
2022-11-18 13:06:02,052 [ReplicationMonitor] INFO  replication.LegacyReplicationManager (LegacyReplicationManager.java:handleOverReplicatedContainer(1251)) - Container #2 is over replicated. Expected replica count is 3, but found 4.
2022-11-18 13:06:02,052 [ReplicationMonitor] INFO  replication.LegacyReplicationManager (LegacyReplicationManager.java:sendDeleteCommand(1586)) - Sending delete container command for container #2 to datanode a49fbcfb-f7dc-4282-aec4-a4f9f3e2b5ab{ip: 10.1.0.56, host: fv-az180-400.aibneqh1mxpuhl3tnnuy2ifbce.bx.internal.cloudapp.net, ports: [REPLICATION=41799, RATIS=37955, RATIS_ADMIN=37955, RATIS_SERVER=37955, STANDALONE=46377], networkLocation: /default-rack, certSerialId: null, persistedOpState: IN_SERVICE, persistedOpStateExpiryEpochSec: 0}
2022-11-18 13:06:02,052 [ReplicationMonitor] INFO  replication.LegacyReplicationManager (LegacyReplicationManager.java:handleOverReplicatedContainer(1251)) - Container #4 is over replicated. Expected replica count is 3, but found 4.
2022-11-18 13:06:02,052 [ReplicationMonitor] INFO  replication.LegacyReplicationManager (LegacyReplicationManager.java:sendDeleteCommand(1586)) - Sending delete container command for container #4 to datanode a49fbcfb-f7dc-4282-aec4-a4f9f3e2b5ab{ip: 10.1.0.56, host: fv-az180-400.aibneqh1mxpuhl3tnnuy2ifbce.bx.internal.cloudapp.net, ports: [REPLICATION=41799, RATIS=37955, RATIS_ADMIN=37955, RATIS_SERVER=37955, STANDALONE=46377], networkLocation: /default-rack, certSerialId: null, persistedOpState: IN_SERVICE, persistedOpStateExpiryEpochSec: 0}
2022-11-18 13:06:02,052 [ReplicationMonitor] INFO  replication.ReplicationManager (ReplicationManager.java:processAll(352)) - Replication Monitor Thread took 0 milliseconds for processing 11 containers.
2022-11-18 13:06:02,104 [Listener at 0.0.0.0/35159] INFO  reflections.Reflections (Reflections.java:scan(232)) - Reflections took 139 ms to scan 2 urls, producing 154 keys and 428 values [using 2 cores]
2022-11-18 13:06:02,104 [Listener at 0.0.0.0/35159] INFO  upgrade.OMLayoutVersionManager (OMLayoutVersionManager.java:lambda$0(115)) - Skipping Upgrade Action MockOmUpgradeAction since it has been finalized.
2022-11-18 13:06:02,104 [Listener at 0.0.0.0/35159] WARN  server.ServerUtils (ServerUtils.java:getDBPath(225)) - ozone.om.db.dirs is not configured. We recommend adding this setting. Falling back to ozone.metadata.dirs instead.
2022-11-18 13:06:02,105 [Listener at 0.0.0.0/35159] INFO  proxy.SCMBlockLocationFailoverProxyProvider (SCMBlockLocationFailoverProxyProvider.java:<init>(114)) - Created block location fail-over proxy with 1 nodes: [nodeId=scmNodeId,nodeAddress=/0.0.0.0:36003]
2022-11-18 13:06:02,105 [Listener at 0.0.0.0/35159] INFO  proxy.SCMBlockLocationFailoverProxyProvider (SCMBlockLocationFailoverProxyProvider.java:<init>(114)) - Created block location fail-over proxy with 1 nodes: [nodeId=scmNodeId,nodeAddress=/0.0.0.0:36003]
2022-11-18 13:06:02,119 [Listener at 0.0.0.0/35159] WARN  server.ServerUtils (ServerUtils.java:getDBPath(225)) - ozone.om.db.dirs is not configured. We recommend adding this setting. Falling back to ozone.metadata.dirs instead.
2022-11-18 13:06:02,119 [Listener at 0.0.0.0/35159] INFO  codec.OmKeyInfoCodec (OmKeyInfoCodec.java:<init>(49)) - OmKeyInfoCodec ignorePipeline = true
2022-11-18 13:06:02,119 [Listener at 0.0.0.0/35159] INFO  codec.RepeatedOmKeyInfoCodec (RepeatedOmKeyInfoCodec.java:<init>(41)) - RepeatedOmKeyInfoCodec ignorePipeline = true
2022-11-18 13:06:02,420 [Listener at 0.0.0.0/35159] INFO  om.OzoneManager (OzoneManager.java:instantiateServices(715)) - S3 Multi-Tenancy is disabled
2022-11-18 13:06:02,427 [Listener at 0.0.0.0/35159] INFO  om.OzoneManager (OzoneManager.java:addS3GVolumeToDB(4394)) - Created Volume s3v With Owner runner required for S3Gateway operations.
2022-11-18 13:06:02,427 [Listener at 0.0.0.0/35159] WARN  server.ServerUtils (ServerUtils.java:getDefaultRatisDirectory(237)) - Storage directory for Ratis is not configured. It is a good idea to map this to an SSD disk. Falling back to ozone.metadata.dirs
2022-11-18 13:06:02,427 [Listener at 0.0.0.0/35159] WARN  utils.OzoneManagerRatisUtils (OzoneManagerRatisUtils.java:getOMRatisSnapshotDirectory(434)) - ozone.om.ratis.snapshot.dir is not configured. Falling back to ozone.metadata.dirs config
2022-11-18 13:06:02,428 [Listener at 0.0.0.0/35159] WARN  impl.MetricRegistriesImpl (MetricRegistriesImpl.java:addReporterRegistration(111)) - New reporters are added after registries were created. Some metrics will be missing from the reporter. Please add reporter before adding any new registry.
2022-11-18 13:06:02,428 [Listener at 0.0.0.0/35159] WARN  impl.MetricRegistriesImpl (MetricRegistriesImpl.java:addReporterRegistration(111)) - New reporters are added after registries were created. Some metrics will be missing from the reporter. Please add reporter before adding any new registry.
2022-11-18 13:06:02,429 [Listener at 0.0.0.0/35159] WARN  server.ServerUtils (ServerUtils.java:getDefaultRatisDirectory(237)) - Storage directory for Ratis is not configured. It is a good idea to map this to an SSD disk. Falling back to ozone.metadata.dirs
2022-11-18 13:06:02,430 [Listener at 0.0.0.0/35159] INFO  ratis.OzoneManagerRatisServer (OzoneManagerRatisServer.java:<init>(160)) - Instantiating OM Ratis server with groupID: omServiceIdDefault and peers: localhost:36025
2022-11-18 13:06:02,430 [Listener at 0.0.0.0/35159] INFO  ratis.OzoneManagerStateMachine (OzoneManagerStateMachine.java:loadSnapshotInfoFromDB(636)) - LastAppliedIndex is set from TransactionInfo from OM DB as (t:0, i:~)
2022-11-18 13:06:02,431 [Listener at 0.0.0.0/35159] INFO  server.RaftServer (ConfUtils.java:logGet(46)) - raft.rpc.type = GRPC (default)
2022-11-18 13:06:02,431 [Listener at 0.0.0.0/35159] INFO  grpc.GrpcConfigKeys (ConfUtils.java:logFallback(53)) - raft.grpc.admin.host = null (fallback to raft.grpc.server.host)
2022-11-18 13:06:02,431 [Listener at 0.0.0.0/35159] INFO  grpc.GrpcConfigKeys (ConfUtils.java:logFallback(53)) - raft.grpc.admin.port = 36025 (fallback to raft.grpc.server.port)
2022-11-18 13:06:02,431 [Listener at 0.0.0.0/35159] INFO  grpc.GrpcConfigKeys (ConfUtils.java:logFallback(53)) - raft.grpc.client.host = null (fallback to raft.grpc.server.host)
2022-11-18 13:06:02,431 [Listener at 0.0.0.0/35159] INFO  grpc.GrpcConfigKeys (ConfUtils.java:logFallback(53)) - raft.grpc.client.port = 36025 (fallback to raft.grpc.server.port)
2022-11-18 13:06:02,431 [Listener at 0.0.0.0/35159] INFO  grpc.GrpcConfigKeys (ConfUtils.java:logGet(46)) - raft.grpc.server.host = null (default)
2022-11-18 13:06:02,431 [Listener at 0.0.0.0/35159] INFO  grpc.GrpcConfigKeys (ConfUtils.java:logGet(46)) - raft.grpc.server.port = 36025 (custom)
2022-11-18 13:06:02,432 [Listener at 0.0.0.0/35159] INFO  server.GrpcService (ConfUtils.java:logGet(46)) - raft.grpc.message.size.max = 33554432 (custom)
2022-11-18 13:06:02,432 [Listener at 0.0.0.0/35159] INFO  server.RaftServerConfigKeys (ConfUtils.java:logGet(46)) - raft.server.log.appender.buffer.byte-limit = 33554432 (custom)
2022-11-18 13:06:02,432 [Listener at 0.0.0.0/35159] INFO  server.GrpcService (ConfUtils.java:logGet(46)) - raft.grpc.flow.control.window = 1MB (=1048576) (default)
2022-11-18 13:06:02,432 [Listener at 0.0.0.0/35159] INFO  server.RaftServerConfigKeys (ConfUtils.java:logGet(46)) - raft.server.rpc.request.timeout = 3000ms (default)
2022-11-18 13:06:02,432 [Listener at 0.0.0.0/35159] INFO  grpc.GrpcConfigKeys (ConfUtils.java:logGet(46)) - raft.grpc.server.heartbeat.channel = true (default)
2022-11-18 13:06:02,432 [Listener at 0.0.0.0/35159] INFO  grpc.GrpcConfigKeys (ConfUtils.java:logGet(46)) - raft.grpc.server.async.request.thread.pool.cached = true (default)
2022-11-18 13:06:02,432 [Listener at 0.0.0.0/35159] INFO  grpc.GrpcConfigKeys (ConfUtils.java:logGet(46)) - raft.grpc.server.async.request.thread.pool.size = 32 (default)
2022-11-18 13:06:02,433 [Listener at 0.0.0.0/35159] INFO  impl.DataStreamServerImpl (ConfUtils.java:logGet(46)) - raft.datastream.type = DISABLED (default)
2022-11-18 13:06:02,433 [Listener at 0.0.0.0/35159] INFO  server.RaftServerConfigKeys (ConfUtils.java:logGet(46)) - raft.server.threadpool.proxy.cached = true (default)
2022-11-18 13:06:02,433 [Listener at 0.0.0.0/35159] INFO  server.RaftServerConfigKeys (ConfUtils.java:logGet(46)) - raft.server.threadpool.proxy.size = 0 (default)
2022-11-18 13:06:02,433 [Listener at 0.0.0.0/35159] INFO  server.RaftServerConfigKeys (ConfUtils.java:logGet(46)) - raft.server.rpc.slowness.timeout = 120s (custom)
2022-11-18 13:06:02,433 [Listener at 0.0.0.0/35159] INFO  server.RaftServerConfigKeys (ConfUtils.java:logGet(46)) - raft.server.leaderelection.leader.step-down.wait-time = 10s (default)
2022-11-18 13:06:02,433 [Listener at 0.0.0.0/35159] INFO  server.RaftServerConfigKeys (ConfUtils.java:logGet(46)) - raft.server.storage.dir = [/home/runner/work/ozone/ozone/hadoop-ozone/integration-test/target/test-dir/MiniOzoneClusterImpl-d3d67884-f8de-446f-8121-b5603e1f9142/ozone-meta/ratis] (custom)
2022-11-18 13:06:02,435 [Listener at 0.0.0.0/35159] INFO  server.RaftServer (RaftServerProxy.java:addNew(96)) - om1: addNew group-C5BA1605619E:[om1|rpc:localhost:36025|priority:0|startupRole:FOLLOWER] returns group-C5BA1605619E:java.util.concurrent.CompletableFuture@591e58b5[Not completed]
2022-11-18 13:06:02,435 [Listener at 0.0.0.0/35159] INFO  om.OzoneManager (OzoneManager.java:initializeRatisServer(1977)) - OzoneManager Ratis server initialized at port 36025
2022-11-18 13:06:02,435 [Listener at 0.0.0.0/35159] INFO  om.OzoneManager (OzoneManager.java:getRpcServer(1104)) - Creating RPC Server
2022-11-18 13:06:02,438 [pool-2400-thread-1] INFO  server.RaftServer$Division (RaftServerImpl.java:<init>(195)) - om1: new RaftServerImpl for group-C5BA1605619E:[om1|rpc:localhost:36025|priority:0|startupRole:FOLLOWER] with OzoneManagerStateMachine:uninitialized
2022-11-18 13:06:02,438 [pool-2400-thread-1] INFO  server.RaftServerConfigKeys (ConfUtils.java:logGet(46)) - raft.server.rpc.timeout.min = 1s (custom)
2022-11-18 13:06:02,438 [pool-2400-thread-1] INFO  server.RaftServerConfigKeys (ConfUtils.java:logGet(46)) - raft.server.rpc.timeout.max = 1200ms (custom)
2022-11-18 13:06:02,438 [pool-2400-thread-1] INFO  server.RaftServerConfigKeys (ConfUtils.java:logGet(46)) - raft.server.rpc.sleep.time = 25ms (default)
2022-11-18 13:06:02,438 [pool-2400-thread-1] INFO  server.RaftServerConfigKeys (ConfUtils.java:logGet(46)) - raft.server.rpc.slowness.timeout = 120s (custom)
2022-11-18 13:06:02,438 [pool-2400-thread-1] INFO  server.RaftServerConfigKeys (ConfUtils.java:logGet(46)) - raft.server.leaderelection.leader.step-down.wait-time = 10s (default)
2022-11-18 13:06:02,442 [pool-2400-thread-1] INFO  server.RaftServerConfigKeys (ConfUtils.java:logGet(46)) - raft.server.sleep.deviation.threshold = 300ms (default)
2022-11-18 13:06:02,442 [pool-2400-thread-1] INFO  server.RaftServer$Division (ServerState.java:<init>(118)) - om1@group-C5BA1605619E: ConfigurationManager, init=-1: peers:[om1|rpc:localhost:36025|priority:0|startupRole:FOLLOWER]|listeners:[], old=null, confs=<EMPTY_MAP>
2022-11-18 13:06:02,442 [pool-2400-thread-1] INFO  server.RaftServerConfigKeys (ConfUtils.java:logGet(46)) - raft.server.storage.dir = [/home/runner/work/ozone/ozone/hadoop-ozone/integration-test/target/test-dir/MiniOzoneClusterImpl-d3d67884-f8de-446f-8121-b5603e1f9142/ozone-meta/ratis] (custom)
2022-11-18 13:06:02,444 [pool-2400-thread-1] INFO  server.RaftServerConfigKeys (ConfUtils.java:logGet(46)) - raft.server.log.corruption.policy = EXCEPTION (default)
2022-11-18 13:06:02,444 [pool-2400-thread-1] INFO  server.RaftServerConfigKeys (ConfUtils.java:logGet(46)) - raft.server.storage.free-space.min = 0MB (=0) (default)
2022-11-18 13:06:02,445 [pool-2400-thread-1] INFO  server.RaftServerConfigKeys (ConfUtils.java:logGet(46)) - raft.server.notification.no-leader.timeout = 120s (custom)
2022-11-18 13:06:02,448 [pool-2400-thread-1] INFO  server.RaftServerConfigKeys (ConfUtils.java:logGet(46)) - raft.server.retrycache.expirytime = 300s (custom)
2022-11-18 13:06:02,448 [pool-2400-thread-1] INFO  server.RaftServerConfigKeys (ConfUtils.java:logGet(46)) - raft.server.retrycache.statistics.expirytime = 100μs (default)
2022-11-18 13:06:02,454 [pool-2400-thread-1] INFO  server.RaftServerConfigKeys (ConfUtils.java:logGet(46)) - raft.server.log.appender.install.snapshot.enabled = false (custom)
2022-11-18 13:06:02,454 [pool-2400-thread-1] INFO  server.RaftServerConfigKeys (ConfUtils.java:logGet(46)) - raft.server.threadpool.server.cached = true (default)
2022-11-18 13:06:02,454 [pool-2400-thread-1] INFO  server.RaftServerConfigKeys (ConfUtils.java:logGet(46)) - raft.server.threadpool.server.size = 0 (default)
2022-11-18 13:06:02,454 [pool-2400-thread-1] INFO  server.RaftServerConfigKeys (ConfUtils.java:logGet(46)) - raft.server.threadpool.client.cached = true (default)
2022-11-18 13:06:02,454 [pool-2400-thread-1] INFO  server.RaftServerConfigKeys (ConfUtils.java:logGet(46)) - raft.server.threadpool.client.size = 0 (default)
2022-11-18 13:06:02,486 [Under Replicated Processor] INFO  replication.UnderReplicatedProcessor (UnderReplicatedProcessor.java:processAll(92)) - Processed 0 under replicated containers, failed processing 0
2022-11-18 13:06:02,487 [Over Replicated Processor] INFO  replication.OverReplicatedProcessor (OverReplicatedProcessor.java:processAll(90)) - Processed 0 over replicated containers, failed processing 0
2022-11-18 13:06:02,488 [ReplicationMonitor] INFO  replication.ReplicationManager (ReplicationManager.java:processAll(352)) - Replication Monitor Thread took 0 milliseconds for processing 0 containers.
2022-11-18 13:06:02,604 [Over Replicated Processor] INFO  replication.OverReplicatedProcessor (OverReplicatedProcessor.java:processAll(90)) - Processed 0 over replicated containers, failed processing 0
2022-11-18 13:06:02,604 [Under Replicated Processor] INFO  replication.UnderReplicatedProcessor (UnderReplicatedProcessor.java:processAll(92)) - Processed 0 under replicated containers, failed processing 0
2022-11-18 13:06:02,611 [ReplicationMonitor] INFO  replication.ReplicationManager (ReplicationManager.java:processAll(352)) - Replication Monitor Thread took 0 milliseconds for processing 6 containers.
2022-11-18 13:06:02,718 [IPC Server handler 10 on default port 45267] INFO  node.NodeDecommissionManager (NodeDecommissionManager.java:startMaintenance(366)) - Starting Maintenance for node cb27b585-024b-4029-854c-b46b41cc55c7{ip: 10.1.0.56, host: fv-az180-400.aibneqh1mxpuhl3tnnuy2ifbce.bx.internal.cloudapp.net, ports: [REPLICATION=34641, RATIS=45595, RATIS_ADMIN=45595, RATIS_SERVER=45595, STANDALONE=37703], networkLocation: /default-rack, certSerialId: null, persistedOpState: IN_SERVICE, persistedOpStateExpiryEpochSec: 0}
2022-11-18 13:06:02,719 [EventQueue-HealthyReadonlyToHealthyNodeForReadOnlyHealthyToHealthyNodeHandler] INFO  node.ReadOnlyHealthyToHealthyNodeHandler (ReadOnlyHealthyToHealthyNodeHandler.java:onMessage(51)) - Datanode cb27b585-024b-4029-854c-b46b41cc55c7{ip: 10.1.0.56, host: fv-az180-400.aibneqh1mxpuhl3tnnuy2ifbce.bx.internal.cloudapp.net, ports: [REPLICATION=34641, RATIS=45595, RATIS_ADMIN=45595, RATIS_SERVER=45595, STANDALONE=37703], networkLocation: /default-rack, certSerialId: null, persistedOpState: IN_SERVICE, persistedOpStateExpiryEpochSec: 0} moved to HEALTHY state.
2022-11-18 13:06:02,719 [EventQueue-HealthyReadonlyToHealthyNodeForReadOnlyHealthyToHealthyNodeHandler] INFO  pipeline.BackgroundPipelineCreator (BackgroundPipelineCreator.java:notifyEventTriggered(276)) - trigger a one-shot run on RatisPipelineUtilsThread.
2022-11-18 13:06:02,792 [ReplicationMonitor] INFO  replication.ReplicationManager (ReplicationManager.java:processAll(319)) - Replication Manager is not ready to run until 3000ms after safemode exit
2022-11-18 13:06:03,418 [JvmPauseMonitor46] WARN  util.JvmPauseMonitor (JvmPauseMonitor.java:detectPause(126)) - JvmPauseMonitor-7bbf46ea-4d71-449c-a772-200386f308ce: Detected pause in JVM or host machine (eg GC): pause of approximately 101240812ns.
GC pool 'PS MarkSweep' had collection(s): count=1 time=376ms
GC pool 'PS Scavenge' had collection(s): count=1 time=71ms
2022-11-18 13:06:03,418 [JvmPauseMonitor34] WARN  util.JvmPauseMonitor (JvmPauseMonitor.java:detectPause(126)) - JvmPauseMonitor-f55315c2-12b7-4bf7-9755-17bd9d593b12: Detected pause in JVM or host machine (eg GC): pause of approximately 156710382ns.
GC pool 'PS MarkSweep' had collection(s): count=1 time=376ms
GC pool 'PS Scavenge' had collection(s): count=1 time=71ms
2022-11-18 13:06:03,420 [grpc-default-executor-5] WARN  server.GrpcLogAppender (LogUtils.java:warn(122)) - a36f0c9e-34c7-41e1-90e2-5c691522fdfd@group-025E2FE377DB->4e1bc70a-c48e-454c-859f-0f8175dd606b-AppendLogResponseHandler: Failed appendEntries: org.apache.ratis.thirdparty.io.grpc.StatusRuntimeException: UNAVAILABLE: io exception
2022-11-18 13:06:03,420 [grpc-default-executor-5] INFO  leader.FollowerInfo (FollowerInfoImpl.java:lambda$new$0(48)) - a36f0c9e-34c7-41e1-90e2-5c691522fdfd@group-025E2FE377DB->4e1bc70a-c48e-454c-859f-0f8175dd606b: nextIndex: updateUnconditionally 37 -> 36
2022-11-18 13:06:03,421 [grpc-default-executor-6] WARN  server.GrpcLogAppender (LogUtils.java:warn(122)) - a36f0c9e-34c7-41e1-90e2-5c691522fdfd@group-025E2FE377DB->4e1bc70a-c48e-454c-859f-0f8175dd606b-AppendLogResponseHandler: Failed appendEntries: org.apache.ratis.thirdparty.io.grpc.StatusRuntimeException: UNAVAILABLE: io exception
2022-11-18 13:06:03,421 [grpc-default-executor-6] INFO  leader.FollowerInfo (FollowerInfoImpl.java:lambda$new$0(48)) - a36f0c9e-34c7-41e1-90e2-5c691522fdfd@group-025E2FE377DB->4e1bc70a-c48e-454c-859f-0f8175dd606b: nextIndex: updateUnconditionally 36 -> 35
2022-11-18 13:06:03,424 [JvmPauseMonitor28] WARN  util.JvmPauseMonitor (JvmPauseMonitor.java:detectPause(126)) - JvmPauseMonitor-a36f0c9e-34c7-41e1-90e2-5c691522fdfd: Detected pause in JVM or host machine (eg GC): pause of approximately 276109179ns.
GC pool 'PS MarkSweep' had collection(s): count=1 time=376ms
GC pool 'PS Scavenge' had collection(s): count=1 time=71ms
2022-11-18 13:06:03,424 [JvmPauseMonitor38] WARN  util.JvmPauseMonitor (JvmPauseMonitor.java:detectPause(126)) - JvmPauseMonitor-62944fc1-681b-46bd-93f7-2482762a7b31: Detected pause in JVM or host machine (eg GC): pause of approximately 282468721ns.
GC pool 'PS MarkSweep' had collection(s): count=1 time=376ms
GC pool 'PS Scavenge' had collection(s): count=1 time=71ms
2022-11-18 13:06:03,425 [JvmPauseMonitor47] WARN  util.JvmPauseMonitor (JvmPauseMonitor.java:detectPause(126)) - JvmPauseMonitor-4f264252-b644-43b2-b39d-b880ca9b4753: Detected pause in JVM or host machine (eg GC): pause of approximately 302130952ns.
GC pool 'PS MarkSweep' had collection(s): count=1 time=376ms
GC pool 'PS Scavenge' had collection(s): count=1 time=71ms
2022-11-18 13:06:03,430 [grpc-default-executor-6] WARN  server.GrpcLogAppender (LogUtils.java:warn(122)) - a36f0c9e-34c7-41e1-90e2-5c691522fdfd@group-025E2FE377DB->4e1bc70a-c48e-454c-859f-0f8175dd606b-AppendLogResponseHandler: Failed appendEntries: org.apache.ratis.thirdparty.io.grpc.StatusRuntimeException: UNAVAILABLE: io exception
2022-11-18 13:06:03,431 [grpc-default-executor-6] INFO  leader.FollowerInfo (FollowerInfoImpl.java:lambda$new$0(48)) - a36f0c9e-34c7-41e1-90e2-5c691522fdfd@group-025E2FE377DB->4e1bc70a-c48e-454c-859f-0f8175dd606b: nextIndex: updateUnconditionally 36 -> 35
2022-11-18 13:06:03,431 [grpc-default-executor-5] WARN  server.GrpcLogAppender (LogUtils.java:warn(122)) - a36f0c9e-34c7-41e1-90e2-5c691522fdfd@group-025E2FE377DB->4e1bc70a-c48e-454c-859f-0f8175dd606b-AppendLogResponseHandler: Failed appendEntries: org.apache.ratis.thirdparty.io.grpc.StatusRuntimeException: UNAVAILABLE: io exception
2022-11-18 13:06:03,431 [grpc-default-executor-5] INFO  leader.FollowerInfo (FollowerInfoImpl.java:lambda$new$0(48)) - a36f0c9e-34c7-41e1-90e2-5c691522fdfd@group-025E2FE377DB->4e1bc70a-c48e-454c-859f-0f8175dd606b: nextIndex: updateUnconditionally 35 -> 34
2022-11-18 13:06:03,434 [JvmPauseMonitor29] WARN  util.JvmPauseMonitor (JvmPauseMonitor.java:detectPause(126)) - JvmPauseMonitor-a49fbcfb-f7dc-4282-aec4-a4f9f3e2b5ab: Detected pause in JVM or host machine (eg GC): pause of approximately 326861118ns.
GC pool 'PS MarkSweep' had collection(s): count=1 time=376ms
GC pool 'PS Scavenge' had collection(s): count=1 time=71ms
2022-11-18 13:06:03,434 [JvmPauseMonitor41] WARN  util.JvmPauseMonitor (JvmPauseMonitor.java:detectPause(126)) - JvmPauseMonitor-om1: Detected pause in JVM or host machine (eg GC): pause of approximately 337811391ns.
GC pool 'PS MarkSweep' had collection(s): count=1 time=376ms
GC pool 'PS Scavenge' had collection(s): count=1 time=71ms
2022-11-18 13:06:03,434 [JvmPauseMonitor26] WARN  util.JvmPauseMonitor (JvmPauseMonitor.java:detectPause(126)) - JvmPauseMonitor-1bb9cbb4-eec0-4324-8de7-fca776b53f2b: Detected pause in JVM or host machine (eg GC): pause of approximately 330344641ns.
GC pool 'PS MarkSweep' had collection(s): count=1 time=376ms
GC pool 'PS Scavenge' had collection(s): count=1 time=71ms
2022-11-18 13:06:03,434 [JvmPauseMonitor31] WARN  util.JvmPauseMonitor (JvmPauseMonitor.java:detectPause(126)) - JvmPauseMonitor-8ad84362-fca3-4a94-b029-55aaea538166: Detected pause in JVM or host machine (eg GC): pause of approximately 345740243ns.
GC pool 'PS MarkSweep' had collection(s): count=1 time=376ms
GC pool 'PS Scavenge' had collection(s): count=1 time=71ms
2022-11-18 13:06:03,435 [ReplicationMonitor] INFO  replication.ReplicationManager (ReplicationManager.java:processAll(352)) - Replication Monitor Thread took 0 milliseconds for processing 11 containers.
2022-11-18 13:06:03,435 [JvmPauseMonitor35] WARN  util.JvmPauseMonitor (JvmPauseMonitor.java:detectPause(126)) - JvmPauseMonitor-dba9af6d-6e82-4367-aab1-8cf42182a7ab: Detected pause in JVM or host machine (eg GC): pause of approximately 395436874ns.
GC pool 'PS MarkSweep' had collection(s): count=1 time=376ms
GC pool 'PS Scavenge' had collection(s): count=1 time=71ms
2022-11-18 13:06:03,435 [JvmPauseMonitor48] WARN  util.JvmPauseMonitor (JvmPauseMonitor.java:detectPause(126)) - JvmPauseMonitor-0937cbc4-4fcb-4175-86ee-590805f141ce: Detected pause in JVM or host machine (eg GC): pause of approximately 404747437ns.
GC pool 'PS MarkSweep' had collection(s): count=1 time=376ms
GC pool 'PS Scavenge' had collection(s): count=1 time=71ms
2022-11-18 13:06:03,436 [Over Replicated Processor] INFO  replication.OverReplicatedProcessor (OverReplicatedProcessor.java:processAll(90)) - Processed 4 over replicated containers, failed processing 0
2022-11-18 13:06:03,436 [Under Replicated Processor] INFO  replication.UnderReplicatedProcessor (UnderReplicatedProcessor.java:processAll(92)) - Processed 0 under replicated containers, failed processing 0
2022-11-18 13:06:03,437 [JvmPauseMonitor44] WARN  util.JvmPauseMonitor (JvmPauseMonitor.java:detectPause(126)) - JvmPauseMonitor-e5184996-93a8-477c-b193-15e28d80a846: Detected pause in JVM or host machine (eg GC): pause of approximately 439891171ns.
GC pool 'PS MarkSweep' had collection(s): count=1 time=376ms
GC pool 'PS Scavenge' had collection(s): count=1 time=71ms
2022-11-18 13:06:03,437 [JvmPauseMonitor39] WARN  util.JvmPauseMonitor (JvmPauseMonitor.java:detectPause(126)) - JvmPauseMonitor-277e5bbd-414d-4f19-87c3-552c8f153d3d: Detected pause in JVM or host machine (eg GC): pause of approximately 445355908ns.
GC pool 'PS MarkSweep' had collection(s): count=1 time=376ms
GC pool 'PS Scavenge' had collection(s): count=1 time=71ms
2022-11-18 13:06:03,437 [JvmPauseMonitor36] WARN  util.JvmPauseMonitor (JvmPauseMonitor.java:detectPause(126)) - JvmPauseMonitor-5f7ad737-403f-4287-b3fb-a8d838b89ff3: Detected pause in JVM or host machine (eg GC): pause of approximately 445447009ns.
GC pool 'PS MarkSweep' had collection(s): count=1 time=376ms
GC pool 'PS Scavenge' had collection(s): count=1 time=71ms
2022-11-18 13:06:03,437 [JvmPauseMonitor32] WARN  util.JvmPauseMonitor (JvmPauseMonitor.java:detectPause(126)) - JvmPauseMonitor-961e98b4-0515-4e33-9a5e-b87989e0967c: Detected pause in JVM or host machine (eg GC): pause of approximately 445509509ns.
GC pool 'PS MarkSweep' had collection(s): count=1 time=376ms
GC pool 'PS Scavenge' had collection(s): count=1 time=71ms
2022-11-18 13:06:03,437 [JvmPauseMonitor43] WARN  util.JvmPauseMonitor (JvmPauseMonitor.java:detectPause(126)) - JvmPauseMonitor-6ecf90bc-d89b-4751-b881-1a8d98ba8de4: Detected pause in JVM or host machine (eg GC): pause of approximately 457508689ns.
GC pool 'PS MarkSweep' had collection(s): count=1 time=376ms
GC pool 'PS Scavenge' had collection(s): count=1 time=71ms
2022-11-18 13:06:03,438 [IPC Server handler 9 on default port 36157] INFO  node.SCMNodeManager (SCMNodeManager.java:updateDatanodeOpState(545)) - Scheduling a command to update the operationalState persisted on cb27b585-024b-4029-854c-b46b41cc55c7{ip: 10.1.0.56, host: fv-az180-400.aibneqh1mxpuhl3tnnuy2ifbce.bx.internal.cloudapp.net, ports: [REPLICATION=34641, RATIS=45595, RATIS_ADMIN=45595, RATIS_SERVER=45595, STANDALONE=37703], networkLocation: /default-rack, certSerialId: null, persistedOpState: null, persistedOpStateExpiryEpochSec: 0} as the reported value does not match the value stored in SCM (ENTERING_MAINTENANCE, 0)
2022-11-18 13:06:03,458 [Listener at 0.0.0.0/35159] INFO  reflections.Reflections (Reflections.java:scan(232)) - Reflections took 1022 ms to scan 19 urls, producing 67 keys and 4362 values [using 2 cores]
2022-11-18 13:06:03,459 [Listener at 0.0.0.0/35159] INFO  ipc.CallQueueManager (CallQueueManager.java:<init>(90)) - Using callQueue: class java.util.concurrent.LinkedBlockingQueue, queueCapacity: 2000, scheduler: class org.apache.hadoop.ipc.DefaultRpcScheduler, ipcBackoff: false.
2022-11-18 13:06:03,463 [Socket Reader #1 for port 0] INFO  ipc.Server (Server.java:run(1273)) - Starting Socket Reader #1 for port 0
2022-11-18 13:06:03,487 [Under Replicated Processor] INFO  replication.UnderReplicatedProcessor (UnderReplicatedProcessor.java:processAll(92)) - Processed 0 under replicated containers, failed processing 0
2022-11-18 13:06:03,487 [Over Replicated Processor] INFO  replication.OverReplicatedProcessor (OverReplicatedProcessor.java:processAll(90)) - Processed 0 over replicated containers, failed processing 0
2022-11-18 13:06:03,488 [ReplicationMonitor] INFO  replication.ReplicationManager (ReplicationManager.java:processAll(352)) - Replication Monitor Thread took 0 milliseconds for processing 0 containers.
2022-11-18 13:06:03,488 [Listener at 127.0.0.1/39657] INFO  impl.MetricsSystemImpl (MetricsSystemImpl.java:init(158)) - OzoneManager metrics system started (again)
2022-11-18 13:06:03,498 [Listener at 127.0.0.1/39657] INFO  om.OzoneManager (OzoneManager.java:start(1484)) - OzoneManager RPC server is listening at localhost/127.0.0.1:39657
2022-11-18 13:06:03,498 [Listener at 127.0.0.1/39657] INFO  ratis.OzoneManagerRatisServer (OzoneManagerRatisServer.java:start(555)) - Starting OzoneManagerRatisServer om1 at port 36025
2022-11-18 13:06:03,498 [om1-impl-thread1] INFO  storage.RaftStorageDirectory (RaftStorageDirectoryImpl.java:analyzeStorage(137)) - The storage directory /home/runner/work/ozone/ozone/hadoop-ozone/integration-test/target/test-dir/MiniOzoneClusterImpl-d3d67884-f8de-446f-8121-b5603e1f9142/ozone-meta/ratis/bf265839-605b-3f16-9796-c5ba1605619e does not exist. Creating ...
2022-11-18 13:06:03,500 [om1-impl-thread1] INFO  storage.RaftStorageDirectory (RaftStorageDirectoryImpl.java:tryLock(231)) - Lock on /home/runner/work/ozone/ozone/hadoop-ozone/integration-test/target/test-dir/MiniOzoneClusterImpl-d3d67884-f8de-446f-8121-b5603e1f9142/ozone-meta/ratis/bf265839-605b-3f16-9796-c5ba1605619e/in_use.lock acquired by nodename 26296@fv-az180-400
2022-11-18 13:06:03,501 [om1-impl-thread1] INFO  storage.RaftStorage (RaftStorageImpl.java:format(96)) - Storage directory /home/runner/work/ozone/ozone/hadoop-ozone/integration-test/target/test-dir/MiniOzoneClusterImpl-d3d67884-f8de-446f-8121-b5603e1f9142/ozone-meta/ratis/bf265839-605b-3f16-9796-c5ba1605619e has been successfully formatted.
2022-11-18 13:06:03,501 [om1-impl-thread1] INFO  server.RaftServerConfigKeys (ConfUtils.java:logGet(46)) - raft.server.log.use.memory = false (default)
2022-11-18 13:06:03,501 [om1-impl-thread1] INFO  server.RaftServerConfigKeys (ConfUtils.java:logGet(46)) - raft.server.log.purge.gap = 1000000 (custom)
2022-11-18 13:06:03,501 [om1-impl-thread1] INFO  server.RaftServerConfigKeys (ConfUtils.java:logGet(46)) - raft.server.log.appender.buffer.byte-limit = 33554432 (custom)
2022-11-18 13:06:03,501 [om1-impl-thread1] INFO  server.RaftServerConfigKeys (ConfUtils.java:logGet(46)) - raft.server.log.statemachine.data.read.timeout = 1000ms (default)
2022-11-18 13:06:03,501 [om1-impl-thread1] INFO  server.RaftServerConfigKeys (ConfUtils.java:logGet(46)) - raft.server.log.purge.preservation.log.num = 0 (default)
2022-11-18 13:06:03,502 [om1-impl-thread1] INFO  server.RaftServerConfigKeys (ConfUtils.java:logGet(46)) - raft.server.log.segment.size.max = 4194304 (custom)
2022-11-18 13:06:03,503 [om1-impl-thread1] INFO  server.RaftServerConfigKeys (ConfUtils.java:logGet(46)) - raft.server.log.segment.cache.num.max = 2 (custom)
2022-11-18 13:06:03,503 [om1-impl-thread1] INFO  server.RaftServerConfigKeys (ConfUtils.java:logGet(46)) - raft.server.log.segment.cache.size.max = 200MB (=209715200) (default)
2022-11-18 13:06:03,503 [om1-impl-thread1] INFO  segmented.SegmentedRaftLogWorker (SegmentedRaftLogWorker.java:<init>(191)) - new om1@group-C5BA1605619E-SegmentedRaftLogWorker for RaftStorageImpl:Storage Directory /home/runner/work/ozone/ozone/hadoop-ozone/integration-test/target/test-dir/MiniOzoneClusterImpl-d3d67884-f8de-446f-8121-b5603e1f9142/ozone-meta/ratis/bf265839-605b-3f16-9796-c5ba1605619e
2022-11-18 13:06:03,503 [om1-impl-thread1] INFO  server.RaftServerConfigKeys (ConfUtils.java:logGet(46)) - raft.server.log.queue.byte-limit = 64MB (=67108864) (default)
2022-11-18 13:06:03,503 [om1-impl-thread1] INFO  server.RaftServerConfigKeys (ConfUtils.java:logGet(46)) - raft.server.log.queue.element-limit = 4096 (default)
2022-11-18 13:06:03,503 [om1-impl-thread1] INFO  server.RaftServerConfigKeys (ConfUtils.java:logGet(46)) - raft.server.log.segment.size.max = 4194304 (custom)
2022-11-18 13:06:03,503 [om1-impl-thread1] INFO  server.RaftServerConfigKeys (ConfUtils.java:logGet(46)) - raft.server.log.preallocated.size = 4194304 (custom)
2022-11-18 13:06:03,503 [om1-impl-thread1] INFO  server.RaftServerConfigKeys (ConfUtils.java:logGet(46)) - raft.server.log.force.sync.num = 128 (default)
2022-11-18 13:06:03,503 [om1-impl-thread1] INFO  server.RaftServerConfigKeys (ConfUtils.java:logGet(46)) - raft.server.log.statemachine.data.sync = true (default)
2022-11-18 13:06:03,503 [om1-impl-thread1] INFO  server.RaftServerConfigKeys (ConfUtils.java:logGet(46)) - raft.server.log.statemachine.data.sync.timeout = 10s (default)
2022-11-18 13:06:03,503 [om1-impl-thread1] INFO  server.RaftServerConfigKeys (ConfUtils.java:logGet(46)) - raft.server.log.statemachine.data.sync.timeout.retry = -1 (default)
2022-11-18 13:06:03,505 [om1-impl-thread1] INFO  server.RaftServerConfigKeys (ConfUtils.java:logGet(46)) - raft.server.log.write.buffer.size = 64KB (=65536) (default)
2022-11-18 13:06:03,505 [om1-impl-thread1] INFO  server.RaftServerConfigKeys (ConfUtils.java:logGet(46)) - raft.server.log.unsafe-flush.enabled = false (default)
2022-11-18 13:06:03,505 [om1-impl-thread1] INFO  server.RaftServerConfigKeys (ConfUtils.java:logGet(46)) - raft.server.log.async-flush.enabled = false (default)
2022-11-18 13:06:03,505 [om1-impl-thread1] INFO  server.RaftServerConfigKeys (ConfUtils.java:logGet(46)) - raft.server.log.statemachine.data.caching.enabled = false (default)
2022-11-18 13:06:03,505 [om1-impl-thread1] INFO  segmented.SegmentedRaftLogWorker (SegmentedRaftLogWorker.java:lambda$new$0(136)) - om1@group-C5BA1605619E-SegmentedRaftLogWorker: flushIndex: setUnconditionally 0 -> -1
2022-11-18 13:06:03,505 [om1-impl-thread1] INFO  segmented.SegmentedRaftLogWorker (SegmentedRaftLogWorker.java:lambda$new$0(136)) - om1@group-C5BA1605619E-SegmentedRaftLogWorker: safeCacheEvictIndex: setUnconditionally 0 -> -1
2022-11-18 13:06:03,505 [om1-impl-thread1] INFO  server.RaftServer$Division (RaftServerImpl.java:start(334)) - om1@group-C5BA1605619E: start as a follower, conf=-1: peers:[om1|rpc:localhost:36025|priority:0|startupRole:FOLLOWER]|listeners:[], old=null
2022-11-18 13:06:03,506 [om1-impl-thread1] INFO  server.RaftServer$Division (RaftServerImpl.java:setRole(321)) - om1@group-C5BA1605619E: changes role from      null to FOLLOWER at term 0 for startAsFollower
2022-11-18 13:06:03,506 [om1-impl-thread1] INFO  impl.RoleInfo (RoleInfo.java:updateAndGet(139)) - om1: start om1@group-C5BA1605619E-FollowerState
2022-11-18 13:06:03,506 [om1-impl-thread1] INFO  util.JmxRegister (JmxRegister.java:tryRegister(44)) - Successfully registered JMX Bean with object name Ratis:service=RaftServer,group=group-C5BA1605619E,id=om1
2022-11-18 13:06:03,506 [om1@group-C5BA1605619E-FollowerState] INFO  server.RaftServerConfigKeys (ConfUtils.java:logFallback(53)) - raft.server.rpc.first-election.timeout.min = 1s (fallback to raft.server.rpc.timeout.min)
2022-11-18 13:06:03,506 [om1-impl-thread1] INFO  server.RaftServerConfigKeys (ConfUtils.java:logGet(46)) - raft.server.snapshot.auto.trigger.enabled = true (custom)
2022-11-18 13:06:03,506 [om1@group-C5BA1605619E-FollowerState] INFO  server.RaftServerConfigKeys (ConfUtils.java:logFallback(53)) - raft.server.rpc.first-election.timeout.max = 1200ms (fallback to raft.server.rpc.timeout.max)
2022-11-18 13:06:03,506 [om1-impl-thread1] INFO  server.RaftServerConfigKeys (ConfUtils.java:logGet(46)) - raft.server.snapshot.auto.trigger.threshold = 400000 (default)
2022-11-18 13:06:03,506 [om1-impl-thread1] INFO  server.RaftServerConfigKeys (ConfUtils.java:logGet(46)) - raft.server.snapshot.retention.file.num = -1 (default)
2022-11-18 13:06:03,506 [om1-impl-thread1] INFO  server.RaftServerConfigKeys (ConfUtils.java:logGet(46)) - raft.server.log.purge.upto.snapshot.index = true (custom)
2022-11-18 13:06:03,507 [Listener at 127.0.0.1/39657] INFO  server.RaftServer (RaftServerProxy.java:startImpl(393)) - om1: start RPC server
2022-11-18 13:06:03,508 [Listener at 127.0.0.1/39657] INFO  server.GrpcService (GrpcService.java:startImpl(270)) - om1: GrpcService started, listening on 36025
2022-11-18 13:06:03,508 [Listener at 127.0.0.1/39657] INFO  om.OzoneManager (OzoneManager.java:start(1500)) - Version File has different layout version (3) than OM DB (null). That is expected if this OM has never been finalized to a newer layout version.
2022-11-18 13:06:03,508 [JvmPauseMonitor51] INFO  util.JvmPauseMonitor (JvmPauseMonitor.java:run(105)) - JvmPauseMonitor-om1: Started
2022-11-18 13:06:03,510 [Listener at 127.0.0.1/39657] INFO  http.BaseHttpServer (BaseHttpServer.java:newHttpServer2BuilderForOzone(213)) - Starting Web-server for ozoneManager at: http://0.0.0.0:0
2022-11-18 13:06:03,510 [Listener at 127.0.0.1/39657] INFO  http.BaseHttpServer (BaseHttpServer.java:<init>(108)) - Hadoop Security Enabled: false Ozone Security Enabled: false Ozone HTTP Security Enabled: false 
2022-11-18 13:06:03,511 [Listener at 127.0.0.1/39657] WARN  server.AuthenticationFilter (AuthenticationFilter.java:constructSecretProvider(240)) - Unable to initialize FileSignerSecretProvider, falling back to use random secrets. Reason: Could not read signature secret file: /home/runner/hadoop-http-auth-signature-secret
2022-11-18 13:06:03,511 [Listener at 127.0.0.1/39657] WARN  http.HttpRequestLog (HttpRequestLog.java:getRequestLog(103)) - Jetty request log can only be enabled using Log4j
2022-11-18 13:06:03,512 [Listener at 127.0.0.1/39657] INFO  http.HttpServer2 (HttpServer2.java:addGlobalFilter(1031)) - Added global filter 'safety' (class=org.apache.hadoop.hdds.server.http.HttpServer2$QuotingInputFilter)
2022-11-18 13:06:03,512 [Listener at 127.0.0.1/39657] INFO  http.HttpServer2 (HttpServer2.java:addFilter(1007)) - Added filter static_user_filter (class=org.apache.hadoop.http.lib.StaticUserWebFilter$StaticUserFilter) to context ozoneManager
2022-11-18 13:06:03,512 [Listener at 127.0.0.1/39657] INFO  http.HttpServer2 (HttpServer2.java:addFilter(1015)) - Added filter static_user_filter (class=org.apache.hadoop.http.lib.StaticUserWebFilter$StaticUserFilter) to context logs
2022-11-18 13:06:03,512 [Listener at 127.0.0.1/39657] INFO  http.HttpServer2 (HttpServer2.java:addFilter(1015)) - Added filter static_user_filter (class=org.apache.hadoop.http.lib.StaticUserWebFilter$StaticUserFilter) to context static
2022-11-18 13:06:03,512 [Listener at 127.0.0.1/39657] INFO  http.HttpServer2 (HttpServer2.java:bindListener(1250)) - Jetty bound to port 34181
2022-11-18 13:06:03,513 [Listener at 127.0.0.1/39657] INFO  server.Server (Server.java:doStart(375)) - jetty-9.4.49.v20220914; built: 2022-09-14T01:07:36.601Z; git: 4231a3b2e4cb8548a412a789936d640a97b1aa0a; jvm 1.8.0_345-b01
2022-11-18 13:06:03,514 [Listener at 127.0.0.1/39657] INFO  server.session (DefaultSessionIdManager.java:doStart(334)) - DefaultSessionIdManager workerName=node0
2022-11-18 13:06:03,514 [Listener at 127.0.0.1/39657] INFO  server.session (DefaultSessionIdManager.java:doStart(339)) - No SessionScavenger set, using defaults
2022-11-18 13:06:03,514 [Listener at 127.0.0.1/39657] INFO  server.session (HouseKeeper.java:startScavenging(132)) - node0 Scavenging every 660000ms
2022-11-18 13:06:03,514 [Listener at 127.0.0.1/39657] INFO  handler.ContextHandler (ContextHandler.java:doStart(921)) - Started o.e.j.s.ServletContextHandler@6294464c{logs,/logs,file:///home/runner/work/ozone/ozone/hadoop-ozone/integration-test/target/log,AVAILABLE}
2022-11-18 13:06:03,515 [Listener at 127.0.0.1/39657] INFO  handler.ContextHandler (ContextHandler.java:doStart(921)) - Started o.e.j.s.ServletContextHandler@12ead3f3{static,/static,file:///home/runner/work/ozone/ozone/hadoop-ozone/integration-test/target/test-classes/webapps/static,AVAILABLE}
2022-11-18 13:06:03,517 [Listener at 127.0.0.1/39657] INFO  handler.ContextHandler (ContextHandler.java:doStart(921)) - Started o.e.j.w.WebAppContext@72076a6c{ozoneManager,/,file:///home/runner/work/ozone/ozone/hadoop-ozone/integration-test/target/test-classes/webapps/ozoneManager/,AVAILABLE}{file:/home/runner/work/ozone/ozone/hadoop-ozone/integration-test/target/test-classes/webapps/ozoneManager}
2022-11-18 13:06:03,521 [Listener at 127.0.0.1/39657] INFO  server.AbstractConnector (AbstractConnector.java:doStart(333)) - Started ServerConnector@5a6cf8a7{HTTP/1.1, (http/1.1)}{0.0.0.0:34181}
2022-11-18 13:06:03,521 [Listener at 127.0.0.1/39657] INFO  server.Server (Server.java:doStart(415)) - Started @157014ms
2022-11-18 13:06:03,521 [Listener at 127.0.0.1/39657] WARN  impl.MetricsSystemImpl (MetricsSystemImpl.java:register(279)) - Sink prometheus already exists!
2022-11-18 13:06:03,522 [Listener at 127.0.0.1/39657] INFO  http.BaseHttpServer (BaseHttpServer.java:updateConnectorAddress(333)) - HTTP server of ozoneManager listening at http://0.0.0.0:34181
2022-11-18 13:06:03,522 [IPC Server Responder] INFO  ipc.Server (Server.java:run(1512)) - IPC Server Responder: starting
2022-11-18 13:06:03,522 [IPC Server listener on 0] INFO  ipc.Server (Server.java:run(1352)) - IPC Server listener on 0: starting
2022-11-18 13:06:03,534 [Listener at 127.0.0.1/39657] INFO  om.OzoneManager (OzoneManager.java:startTrashEmptier(1921)) - Trash Interval set to 0. Files deleted won't move to trash
2022-11-18 13:06:03,554 [Listener at 127.0.0.1/39657] WARN  impl.MetricRegistriesImpl (MetricRegistriesImpl.java:addReporterRegistration(111)) - New reporters are added after registries were created. Some metrics will be missing from the reporter. Please add reporter before adding any new registry.
2022-11-18 13:06:03,554 [Listener at 127.0.0.1/39657] WARN  impl.MetricRegistriesImpl (MetricRegistriesImpl.java:addReporterRegistration(111)) - New reporters are added after registries were created. Some metrics will be missing from the reporter. Please add reporter before adding any new registry.
2022-11-18 13:06:03,554 [Listener at 127.0.0.1/39657] INFO  impl.MetricsSystemImpl (MetricsSystemImpl.java:init(158)) - HddsDatanode metrics system started (again)
2022-11-18 13:06:03,557 [DatanodeAdminManager-0] INFO  node.DatanodeAdminMonitorImpl (DatanodeAdminMonitorImpl.java:checkPipelinesClosedOnNode(325)) - Waiting for pipelines to close for cb27b585-024b-4029-854c-b46b41cc55c7{ip: 10.1.0.56, host: fv-az180-400.aibneqh1mxpuhl3tnnuy2ifbce.bx.internal.cloudapp.net, ports: [REPLICATION=34641, RATIS=45595, RATIS_ADMIN=45595, RATIS_SERVER=45595, STANDALONE=37703], networkLocation: /default-rack, certSerialId: null, persistedOpState: IN_SERVICE, persistedOpStateExpiryEpochSec: 0}. There are 2 pipelines
2022-11-18 13:06:03,558 [DatanodeAdminManager-0] INFO  node.DatanodeAdminMonitorImpl (DatanodeAdminMonitorImpl.java:run(169)) - There are 1 nodes tracked for decommission and maintenance.  0 pending nodes.
2022-11-18 13:06:03,558 [EventQueue-StartAdminOnNodeForStartDatanodeAdminHandler] INFO  node.StartDatanodeAdminHandler (StartDatanodeAdminHandler.java:onMessage(57)) - Admin start on datanode cb27b585-024b-4029-854c-b46b41cc55c7{ip: 10.1.0.56, host: fv-az180-400.aibneqh1mxpuhl3tnnuy2ifbce.bx.internal.cloudapp.net, ports: [REPLICATION=34641, RATIS=45595, RATIS_ADMIN=45595, RATIS_SERVER=45595, STANDALONE=37703], networkLocation: /default-rack, certSerialId: null, persistedOpState: IN_SERVICE, persistedOpStateExpiryEpochSec: 0}. Finalizing its pipelines [PipelineID=8de6b818-c12b-4c6c-bee9-1bf7100a1e1c, PipelineID=a9c36cfe-0ab6-4955-9775-4c8f722a4f78]
2022-11-18 13:06:03,561 [org.apache.hadoop.util.JvmPauseMonitor$Monitor@18085db] INFO  util.JvmPauseMonitor (JvmPauseMonitor.java:run(188)) - Starting JVM pause monitor
2022-11-18 13:06:03,561 [EventQueue-StartAdminOnNodeForStartDatanodeAdminHandler] INFO  pipeline.PipelineManagerImpl (PipelineManagerImpl.java:closePipeline(442)) - Pipeline Pipeline[ Id: 8de6b818-c12b-4c6c-bee9-1bf7100a1e1c, Nodes: cb27b585-024b-4029-854c-b46b41cc55c7{ip: 10.1.0.56, host: fv-az180-400.aibneqh1mxpuhl3tnnuy2ifbce.bx.internal.cloudapp.net, ports: [REPLICATION=34641, RATIS=45595, RATIS_ADMIN=45595, RATIS_SERVER=45595, STANDALONE=37703], networkLocation: /default-rack, certSerialId: null, persistedOpState: IN_SERVICE, persistedOpStateExpiryEpochSec: 0}, ReplicationConfig: RATIS/ONE, State:OPEN, leaderId:cb27b585-024b-4029-854c-b46b41cc55c7, CreationTimestamp2022-11-18T13:05:04.814Z[Etc/UTC]] moved to CLOSED state
2022-11-18 13:06:03,564 [EventQueue-StartAdminOnNodeForStartDatanodeAdminHandler] INFO  pipeline.RatisPipelineProvider (RatisPipelineProvider.java:lambda$close$1(244)) - Send pipeline:PipelineID=8de6b818-c12b-4c6c-bee9-1bf7100a1e1c close command to datanode cb27b585-024b-4029-854c-b46b41cc55c7
2022-11-18 13:06:03,573 [EventQueue-StartAdminOnNodeForStartDatanodeAdminHandler] INFO  pipeline.PipelineStateManagerImpl (PipelineStateManagerImpl.java:removePipeline(245)) - Pipeline Pipeline[ Id: 8de6b818-c12b-4c6c-bee9-1bf7100a1e1c, Nodes: cb27b585-024b-4029-854c-b46b41cc55c7{ip: 10.1.0.56, host: fv-az180-400.aibneqh1mxpuhl3tnnuy2ifbce.bx.internal.cloudapp.net, ports: [REPLICATION=34641, RATIS=45595, RATIS_ADMIN=45595, RATIS_SERVER=45595, STANDALONE=37703], networkLocation: /default-rack, certSerialId: null, persistedOpState: IN_SERVICE, persistedOpStateExpiryEpochSec: 0}, ReplicationConfig: RATIS/ONE, State:CLOSED, leaderId:cb27b585-024b-4029-854c-b46b41cc55c7, CreationTimestamp2022-11-18T13:05:04.814Z[Etc/UTC]] removed.
2022-11-18 13:06:03,575 [EventQueue-StartAdminOnNodeForStartDatanodeAdminHandler] INFO  pipeline.PipelineManagerImpl (PipelineManagerImpl.java:closeContainersForPipeline(421)) - Container #1 closed for pipeline=PipelineID=a9c36cfe-0ab6-4955-9775-4c8f722a4f78
2022-11-18 13:06:03,575 [EventQueue-StartAdminOnNodeForStartDatanodeAdminHandler] INFO  pipeline.PipelineManagerImpl (PipelineManagerImpl.java:closeContainersForPipeline(421)) - Container #5 closed for pipeline=PipelineID=a9c36cfe-0ab6-4955-9775-4c8f722a4f78
2022-11-18 13:06:03,575 [Listener at 127.0.0.1/39657] INFO  ozone.HddsDatanodeService (HddsDatanodeService.java:start(236)) - HddsDatanodeService host:fv-az180-400.aibneqh1mxpuhl3tnnuy2ifbce.bx.internal.cloudapp.net ip:10.1.0.56
2022-11-18 13:06:03,575 [EventQueue-StartAdminOnNodeForStartDatanodeAdminHandler] INFO  pipeline.PipelineManagerImpl (PipelineManagerImpl.java:closeContainersForPipeline(421)) - Container #6 closed for pipeline=PipelineID=a9c36cfe-0ab6-4955-9775-4c8f722a4f78
2022-11-18 13:06:03,584 [EventQueue-StartAdminOnNodeForStartDatanodeAdminHandler] INFO  pipeline.PipelineManagerImpl (PipelineManagerImpl.java:closePipeline(442)) - Pipeline Pipeline[ Id: a9c36cfe-0ab6-4955-9775-4c8f722a4f78, Nodes: 62944fc1-681b-46bd-93f7-2482762a7b31{ip: 10.1.0.56, host: fv-az180-400.aibneqh1mxpuhl3tnnuy2ifbce.bx.internal.cloudapp.net, ports: [REPLICATION=41933, RATIS=38905, RATIS_ADMIN=38905, RATIS_SERVER=38905, STANDALONE=35895], networkLocation: /default-rack, certSerialId: null, persistedOpState: IN_SERVICE, persistedOpStateExpiryEpochSec: 0}cb27b585-024b-4029-854c-b46b41cc55c7{ip: 10.1.0.56, host: fv-az180-400.aibneqh1mxpuhl3tnnuy2ifbce.bx.internal.cloudapp.net, ports: [REPLICATION=34641, RATIS=45595, RATIS_ADMIN=45595, RATIS_SERVER=45595, STANDALONE=37703], networkLocation: /default-rack, certSerialId: null, persistedOpState: IN_SERVICE, persistedOpStateExpiryEpochSec: 0}277e5bbd-414d-4f19-87c3-552c8f153d3d{ip: 10.1.0.56, host: fv-az180-400.aibneqh1mxpuhl3tnnuy2ifbce.bx.internal.cloudapp.net, ports: [REPLICATION=34679, RATIS=43003, RATIS_ADMIN=43003, RATIS_SERVER=43003, STANDALONE=43927], networkLocation: /default-rack, certSerialId: null, persistedOpState: IN_SERVICE, persistedOpStateExpiryEpochSec: 0}, ReplicationConfig: RATIS/THREE, State:OPEN, leaderId:277e5bbd-414d-4f19-87c3-552c8f153d3d, CreationTimestamp2022-11-18T13:05:05.401Z[Etc/UTC]] moved to CLOSED state
2022-11-18 13:06:03,584 [EventQueue-StartAdminOnNodeForStartDatanodeAdminHandler] INFO  pipeline.RatisPipelineProvider (RatisPipelineProvider.java:lambda$close$1(244)) - Send pipeline:PipelineID=a9c36cfe-0ab6-4955-9775-4c8f722a4f78 close command to datanode 62944fc1-681b-46bd-93f7-2482762a7b31
2022-11-18 13:06:03,584 [EventQueue-StartAdminOnNodeForStartDatanodeAdminHandler] INFO  pipeline.RatisPipelineProvider (RatisPipelineProvider.java:lambda$close$1(244)) - Send pipeline:PipelineID=a9c36cfe-0ab6-4955-9775-4c8f722a4f78 close command to datanode cb27b585-024b-4029-854c-b46b41cc55c7
2022-11-18 13:06:03,584 [EventQueue-StartAdminOnNodeForStartDatanodeAdminHandler] INFO  pipeline.RatisPipelineProvider (RatisPipelineProvider.java:lambda$close$1(244)) - Send pipeline:PipelineID=a9c36cfe-0ab6-4955-9775-4c8f722a4f78 close command to datanode 277e5bbd-414d-4f19-87c3-552c8f153d3d
2022-11-18 13:06:03,585 [EventQueue-StartAdminOnNodeForStartDatanodeAdminHandler] INFO  pipeline.PipelineStateManagerImpl (PipelineStateManagerImpl.java:removePipeline(245)) - Pipeline Pipeline[ Id: a9c36cfe-0ab6-4955-9775-4c8f722a4f78, Nodes: 62944fc1-681b-46bd-93f7-2482762a7b31{ip: 10.1.0.56, host: fv-az180-400.aibneqh1mxpuhl3tnnuy2ifbce.bx.internal.cloudapp.net, ports: [REPLICATION=41933, RATIS=38905, RATIS_ADMIN=38905, RATIS_SERVER=38905, STANDALONE=35895], networkLocation: /default-rack, certSerialId: null, persistedOpState: IN_SERVICE, persistedOpStateExpiryEpochSec: 0}cb27b585-024b-4029-854c-b46b41cc55c7{ip: 10.1.0.56, host: fv-az180-400.aibneqh1mxpuhl3tnnuy2ifbce.bx.internal.cloudapp.net, ports: [REPLICATION=34641, RATIS=45595, RATIS_ADMIN=45595, RATIS_SERVER=45595, STANDALONE=37703], networkLocation: /default-rack, certSerialId: null, persistedOpState: IN_SERVICE, persistedOpStateExpiryEpochSec: 0}277e5bbd-414d-4f19-87c3-552c8f153d3d{ip: 10.1.0.56, host: fv-az180-400.aibneqh1mxpuhl3tnnuy2ifbce.bx.internal.cloudapp.net, ports: [REPLICATION=34679, RATIS=43003, RATIS_ADMIN=43003, RATIS_SERVER=43003, STANDALONE=43927], networkLocation: /default-rack, certSerialId: null, persistedOpState: IN_SERVICE, persistedOpStateExpiryEpochSec: 0}, ReplicationConfig: RATIS/THREE, State:CLOSED, leaderId:277e5bbd-414d-4f19-87c3-552c8f153d3d, CreationTimestamp2022-11-18T13:05:05.401Z[Etc/UTC]] removed.
2022-11-18 13:06:03,585 [EventQueue-CloseContainerForCloseContainerEventHandler] INFO  container.CloseContainerEventHandler (CloseContainerEventHandler.java:onMessage(71)) - Close container Event triggered for container : #1
2022-11-18 13:06:03,585 [EventQueue-CloseContainerForCloseContainerEventHandler] INFO  container.CloseContainerEventHandler (CloseContainerEventHandler.java:onMessage(71)) - Close container Event triggered for container : #5
2022-11-18 13:06:03,585 [EventQueue-CloseContainerForCloseContainerEventHandler] INFO  container.CloseContainerEventHandler (CloseContainerEventHandler.java:onMessage(71)) - Close container Event triggered for container : #6
2022-11-18 13:06:03,592 [Mini-Cluster-Provider-Reap] INFO  volume.HddsVolume (HddsVolume.java:closeDbStore(338)) - SchemaV3 db is stopped at /home/runner/work/ozone/ozone/hadoop-ozone/integration-test/target/test-dir/MiniOzoneClusterImpl-d00242a6-2497-4d17-9cbb-890efb011638/datanode-4/data-0/containers/hdds/d00242a6-2497-4d17-9cbb-890efb011638/DS-b006e03d-640e-4e1e-a2b1-5ff6534f2905/container.db for volume DS-b006e03d-640e-4e1e-a2b1-5ff6534f2905
2022-11-18 13:06:03,594 [Mini-Cluster-Provider-Reap] INFO  utils.BackgroundService (BackgroundService.java:shutdown(141)) - Shutting down service BlockDeletingService
2022-11-18 13:06:03,594 [Mini-Cluster-Provider-Reap] INFO  utils.BackgroundService (BackgroundService.java:shutdown(141)) - Shutting down service StaleRecoveringContainerScrubbingService
2022-11-18 13:06:03,604 [Over Replicated Processor] INFO  replication.OverReplicatedProcessor (OverReplicatedProcessor.java:processAll(90)) - Processed 0 over replicated containers, failed processing 0
2022-11-18 13:06:03,606 [Under Replicated Processor] INFO  replication.UnderReplicatedProcessor (UnderReplicatedProcessor.java:processAll(92)) - Processed 0 under replicated containers, failed processing 0
2022-11-18 13:06:03,611 [ReplicationMonitor] INFO  replication.LegacyReplicationManager (LegacyReplicationManager.java:sendCloseCommand(1511)) - Sending close container command for container #1 to datanode cb27b585-024b-4029-854c-b46b41cc55c7{ip: 10.1.0.56, host: fv-az180-400.aibneqh1mxpuhl3tnnuy2ifbce.bx.internal.cloudapp.net, ports: [REPLICATION=34641, RATIS=45595, RATIS_ADMIN=45595, RATIS_SERVER=45595, STANDALONE=37703], networkLocation: /default-rack, certSerialId: null, persistedOpState: IN_SERVICE, persistedOpStateExpiryEpochSec: 0}.
2022-11-18 13:06:03,611 [ReplicationMonitor] INFO  replication.LegacyReplicationManager (LegacyReplicationManager.java:sendCloseCommand(1511)) - Sending close container command for container #1 to datanode 277e5bbd-414d-4f19-87c3-552c8f153d3d{ip: 10.1.0.56, host: fv-az180-400.aibneqh1mxpuhl3tnnuy2ifbce.bx.internal.cloudapp.net, ports: [REPLICATION=34679, RATIS=43003, RATIS_ADMIN=43003, RATIS_SERVER=43003, STANDALONE=43927], networkLocation: /default-rack, certSerialId: null, persistedOpState: IN_SERVICE, persistedOpStateExpiryEpochSec: 0}.
2022-11-18 13:06:03,611 [ReplicationMonitor] INFO  replication.LegacyReplicationManager (LegacyReplicationManager.java:sendCloseCommand(1511)) - Sending close container command for container #1 to datanode 62944fc1-681b-46bd-93f7-2482762a7b31{ip: 10.1.0.56, host: fv-az180-400.aibneqh1mxpuhl3tnnuy2ifbce.bx.internal.cloudapp.net, ports: [REPLICATION=41933, RATIS=38905, RATIS_ADMIN=38905, RATIS_SERVER=38905, STANDALONE=35895], networkLocation: /default-rack, certSerialId: null, persistedOpState: IN_SERVICE, persistedOpStateExpiryEpochSec: 0}.
2022-11-18 13:06:03,611 [ReplicationMonitor] INFO  replication.LegacyReplicationManager (LegacyReplicationManager.java:sendCloseCommand(1511)) - Sending close container command for container #5 to datanode 62944fc1-681b-46bd-93f7-2482762a7b31{ip: 10.1.0.56, host: fv-az180-400.aibneqh1mxpuhl3tnnuy2ifbce.bx.internal.cloudapp.net, ports: [REPLICATION=41933, RATIS=38905, RATIS_ADMIN=38905, RATIS_SERVER=38905, STANDALONE=35895], networkLocation: /default-rack, certSerialId: null, persistedOpState: IN_SERVICE, persistedOpStateExpiryEpochSec: 0}.
2022-11-18 13:06:03,611 [ReplicationMonitor] INFO  replication.LegacyReplicationManager (LegacyReplicationManager.java:sendCloseCommand(1511)) - Sending close container command for container #5 to datanode cb27b585-024b-4029-854c-b46b41cc55c7{ip: 10.1.0.56, host: fv-az180-400.aibneqh1mxpuhl3tnnuy2ifbce.bx.internal.cloudapp.net, ports: [REPLICATION=34641, RATIS=45595, RATIS_ADMIN=45595, RATIS_SERVER=45595, STANDALONE=37703], networkLocation: /default-rack, certSerialId: null, persistedOpState: IN_SERVICE, persistedOpStateExpiryEpochSec: 0}.
2022-11-18 13:06:03,612 [ReplicationMonitor] INFO  replication.LegacyReplicationManager (LegacyReplicationManager.java:sendCloseCommand(1511)) - Sending close container command for container #5 to datanode 277e5bbd-414d-4f19-87c3-552c8f153d3d{ip: 10.1.0.56, host: fv-az180-400.aibneqh1mxpuhl3tnnuy2ifbce.bx.internal.cloudapp.net, ports: [REPLICATION=34679, RATIS=43003, RATIS_ADMIN=43003, RATIS_SERVER=43003, STANDALONE=43927], networkLocation: /default-rack, certSerialId: null, persistedOpState: IN_SERVICE, persistedOpStateExpiryEpochSec: 0}.
2022-11-18 13:06:03,612 [ReplicationMonitor] INFO  replication.LegacyReplicationManager (LegacyReplicationManager.java:sendCloseCommand(1511)) - Sending close container command for container #6 to datanode cb27b585-024b-4029-854c-b46b41cc55c7{ip: 10.1.0.56, host: fv-az180-400.aibneqh1mxpuhl3tnnuy2ifbce.bx.internal.cloudapp.net, ports: [REPLICATION=34641, RATIS=45595, RATIS_ADMIN=45595, RATIS_SERVER=45595, STANDALONE=37703], networkLocation: /default-rack, certSerialId: null, persistedOpState: IN_SERVICE, persistedOpStateExpiryEpochSec: 0}.
2022-11-18 13:06:03,612 [ReplicationMonitor] INFO  replication.LegacyReplicationManager (LegacyReplicationManager.java:sendCloseCommand(1511)) - Sending close container command for container #6 to datanode 277e5bbd-414d-4f19-87c3-552c8f153d3d{ip: 10.1.0.56, host: fv-az180-400.aibneqh1mxpuhl3tnnuy2ifbce.bx.internal.cloudapp.net, ports: [REPLICATION=34679, RATIS=43003, RATIS_ADMIN=43003, RATIS_SERVER=43003, STANDALONE=43927], networkLocation: /default-rack, certSerialId: null, persistedOpState: IN_SERVICE, persistedOpStateExpiryEpochSec: 0}.
2022-11-18 13:06:03,612 [ReplicationMonitor] INFO  replication.LegacyReplicationManager (LegacyReplicationManager.java:sendCloseCommand(1511)) - Sending close container command for container #6 to datanode 62944fc1-681b-46bd-93f7-2482762a7b31{ip: 10.1.0.56, host: fv-az180-400.aibneqh1mxpuhl3tnnuy2ifbce.bx.internal.cloudapp.net, ports: [REPLICATION=41933, RATIS=38905, RATIS_ADMIN=38905, RATIS_SERVER=38905, STANDALONE=35895], networkLocation: /default-rack, certSerialId: null, persistedOpState: IN_SERVICE, persistedOpStateExpiryEpochSec: 0}.
2022-11-18 13:06:03,612 [ReplicationMonitor] INFO  replication.ReplicationManager (ReplicationManager.java:processAll(352)) - Replication Monitor Thread took 1 milliseconds for processing 6 containers.
2022-11-18 13:06:03,616 [Mini-Cluster-Provider-Reap] INFO  statemachine.DatanodeStateMachine (DatanodeStateMachine.java:stopDaemon(593)) - Ozone container server stopped.
2022-11-18 13:06:03,632 [Mini-Cluster-Provider-Reap] INFO  handler.ContextHandler (ContextHandler.java:doStop(1159)) - Stopped o.e.j.w.WebAppContext@3dbb7bb{hddsDatanode,/,null,STOPPED}{jar:file:/home/runner/.m2/repository/org/apache/ozone/hdds-container-service/1.3.0-SNAPSHOT/hdds-container-service-1.3.0-SNAPSHOT.jar!/webapps/hddsDatanode}
2022-11-18 13:06:03,633 [Mini-Cluster-Provider-Reap] INFO  server.AbstractConnector (AbstractConnector.java:doStop(383)) - Stopped ServerConnector@64f2b1b4{HTTP/1.1, (http/1.1)}{0.0.0.0:43873}
2022-11-18 13:06:03,634 [Mini-Cluster-Provider-Reap] INFO  server.session (HouseKeeper.java:stopScavenging(149)) - node0 Stopped scavenging
2022-11-18 13:06:03,639 [Mini-Cluster-Provider-Reap] INFO  handler.ContextHandler (ContextHandler.java:doStop(1159)) - Stopped o.e.j.s.ServletContextHandler@44d6f9cf{static,/static,jar:file:/home/runner/.m2/repository/org/apache/ozone/hdds-container-service/1.3.0-SNAPSHOT/hdds-container-service-1.3.0-SNAPSHOT.jar!/webapps/static,STOPPED}
2022-11-18 13:06:03,641 [Mini-Cluster-Provider-Reap] INFO  handler.ContextHandler (ContextHandler.java:doStop(1159)) - Stopped o.e.j.s.ServletContextHandler@29693b1d{logs,/logs,file:///home/runner/work/ozone/ozone/hadoop-ozone/integration-test/target/log,STOPPED}
2022-11-18 13:06:03,642 [Listener at 127.0.0.1/39657] INFO  upgrade.AbstractLayoutVersionManager (AbstractLayoutVersionManager.java:init(83)) - Initializing Layout version manager with metadata layout = DATANODE_SCHEMA_V3 (version = 4), software layout = DATANODE_SCHEMA_V3 (version = 4)
2022-11-18 13:06:03,664 [ForkJoinPool.commonPool-worker-1] INFO  volume.HddsVolume (HddsVolume.java:closeDbStore(338)) - SchemaV3 db is stopped at /home/runner/work/ozone/ozone/hadoop-ozone/integration-test/target/test-dir/MiniOzoneClusterImpl-d00242a6-2497-4d17-9cbb-890efb011638/datanode-1/data-0/containers/hdds/d00242a6-2497-4d17-9cbb-890efb011638/DS-27bb2c9a-5eee-4fd1-8c44-fec3b57a8d5d/container.db for volume DS-27bb2c9a-5eee-4fd1-8c44-fec3b57a8d5d
2022-11-18 13:06:03,664 [ForkJoinPool.commonPool-worker-1] INFO  utils.BackgroundService (BackgroundService.java:shutdown(141)) - Shutting down service BlockDeletingService
2022-11-18 13:06:03,668 [ForkJoinPool.commonPool-worker-1] INFO  utils.BackgroundService (BackgroundService.java:shutdown(141)) - Shutting down service StaleRecoveringContainerScrubbingService
2022-11-18 13:06:03,671 [ForkJoinPool.commonPool-worker-1] INFO  statemachine.DatanodeStateMachine (DatanodeStateMachine.java:stopDaemon(593)) - Ozone container server stopped.
2022-11-18 13:06:03,699 [ForkJoinPool.commonPool-worker-1] INFO  handler.ContextHandler (ContextHandler.java:doStop(1159)) - Stopped o.e.j.w.WebAppContext@14fae3b4{hddsDatanode,/,null,STOPPED}{jar:file:/home/runner/.m2/repository/org/apache/ozone/hdds-container-service/1.3.0-SNAPSHOT/hdds-container-service-1.3.0-SNAPSHOT.jar!/webapps/hddsDatanode}
2022-11-18 13:06:03,708 [ForkJoinPool.commonPool-worker-1] INFO  server.AbstractConnector (AbstractConnector.java:doStop(383)) - Stopped ServerConnector@247a8c33{HTTP/1.1, (http/1.1)}{0.0.0.0:0}
2022-11-18 13:06:03,708 [ForkJoinPool.commonPool-worker-1] INFO  server.session (HouseKeeper.java:stopScavenging(149)) - node0 Stopped scavenging
2022-11-18 13:06:03,714 [ForkJoinPool.commonPool-worker-1] INFO  handler.ContextHandler (ContextHandler.java:doStop(1159)) - Stopped o.e.j.s.ServletContextHandler@655a407c{static,/static,jar:file:/home/runner/.m2/repository/org/apache/ozone/hdds-container-service/1.3.0-SNAPSHOT/hdds-container-service-1.3.0-SNAPSHOT.jar!/webapps/static,STOPPED}
2022-11-18 13:06:03,717 [ForkJoinPool.commonPool-worker-1] INFO  handler.ContextHandler (ContextHandler.java:doStop(1159)) - Stopped o.e.j.s.ServletContextHandler@7524f3ff{logs,/logs,file:///home/runner/work/ozone/ozone/hadoop-ozone/integration-test/target/log,STOPPED}
2022-11-18 13:06:03,723 [ForkJoinPool.commonPool-worker-1] INFO  ozoneimpl.OzoneContainer (OzoneContainer.java:stop(417)) - Attempting to stop container services.
2022-11-18 13:06:03,750 [ForkJoinPool.commonPool-worker-1] INFO  server.RaftServer (RaftServerProxy.java:lambda$close$6(409)) - a36f0c9e-34c7-41e1-90e2-5c691522fdfd: close
2022-11-18 13:06:03,758 [a36f0c9e-34c7-41e1-90e2-5c691522fdfd-impl-thread2] INFO  server.RaftServer$Division (RaftServerImpl.java:lambda$close$4(458)) - a36f0c9e-34c7-41e1-90e2-5c691522fdfd@group-025E2FE377DB: shutdown
2022-11-18 13:06:03,758 [a36f0c9e-34c7-41e1-90e2-5c691522fdfd-impl-thread2] INFO  util.JmxRegister (JmxRegister.java:unregister(73)) - Successfully un-registered JMX Bean with object name Ratis:service=RaftServer,group=group-025E2FE377DB,id=a36f0c9e-34c7-41e1-90e2-5c691522fdfd
2022-11-18 13:06:03,758 [a36f0c9e-34c7-41e1-90e2-5c691522fdfd-impl-thread2] INFO  impl.RoleInfo (RoleInfo.java:shutdownLeaderState(93)) - a36f0c9e-34c7-41e1-90e2-5c691522fdfd: shutdown a36f0c9e-34c7-41e1-90e2-5c691522fdfd@group-025E2FE377DB-LeaderStateImpl
2022-11-18 13:06:03,764 [ForkJoinPool.commonPool-worker-1] INFO  server.GrpcService (GrpcService.java:closeImpl(279)) - a36f0c9e-34c7-41e1-90e2-5c691522fdfd: shutdown server GrpcServerProtocolService now
2022-11-18 13:06:03,764 [a36f0c9e-34c7-41e1-90e2-5c691522fdfd-impl-thread3] INFO  server.RaftServer$Division (RaftServerImpl.java:lambda$close$4(458)) - a36f0c9e-34c7-41e1-90e2-5c691522fdfd@group-8CDF9DA4BD81: shutdown
2022-11-18 13:06:03,764 [a36f0c9e-34c7-41e1-90e2-5c691522fdfd-impl-thread3] INFO  util.JmxRegister (JmxRegister.java:unregister(73)) - Successfully un-registered JMX Bean with object name Ratis:service=RaftServer,group=group-8CDF9DA4BD81,id=a36f0c9e-34c7-41e1-90e2-5c691522fdfd
2022-11-18 13:06:03,764 [a36f0c9e-34c7-41e1-90e2-5c691522fdfd-impl-thread3] INFO  impl.RoleInfo (RoleInfo.java:shutdownLeaderState(93)) - a36f0c9e-34c7-41e1-90e2-5c691522fdfd: shutdown a36f0c9e-34c7-41e1-90e2-5c691522fdfd@group-8CDF9DA4BD81-LeaderStateImpl
2022-11-18 13:06:03,764 [a36f0c9e-34c7-41e1-90e2-5c691522fdfd-impl-thread3] INFO  impl.PendingRequests (PendingRequests.java:sendNotLeaderResponses(282)) - a36f0c9e-34c7-41e1-90e2-5c691522fdfd@group-8CDF9DA4BD81-PendingRequests: sendNotLeaderResponses
2022-11-18 13:06:03,765 [grpc-default-executor-6] WARN  server.GrpcClientProtocolService (LogUtils.java:warn(122)) - 0-OrderedRequestStreamObserver0: onError: org.apache.ratis.thirdparty.io.grpc.StatusRuntimeException: CANCELLED: client cancelled
2022-11-18 13:06:03,766 [grpc-default-executor-0] WARN  server.GrpcClientProtocolService (LogUtils.java:warn(122)) - 1-UnorderedRequestStreamObserver1: onError: org.apache.ratis.thirdparty.io.grpc.StatusRuntimeException: CANCELLED: client cancelled
2022-11-18 13:06:03,764 [a36f0c9e-34c7-41e1-90e2-5c691522fdfd@group-025E2FE377DB->1bb9cbb4-eec0-4324-8de7-fca776b53f2b-GrpcLogAppender-LogAppenderDaemon] WARN  server.GrpcLogAppender (GrpcLogAppender.java:mayWait(200)) - a36f0c9e-34c7-41e1-90e2-5c691522fdfd@group-025E2FE377DB->1bb9cbb4-eec0-4324-8de7-fca776b53f2b-GrpcLogAppender: Wait interrupted by java.lang.InterruptedException
2022-11-18 13:06:03,764 [a36f0c9e-34c7-41e1-90e2-5c691522fdfd-impl-thread2] INFO  impl.PendingRequests (PendingRequests.java:sendNotLeaderResponses(282)) - a36f0c9e-34c7-41e1-90e2-5c691522fdfd@group-025E2FE377DB-PendingRequests: sendNotLeaderResponses
2022-11-18 13:06:03,767 [a36f0c9e-34c7-41e1-90e2-5c691522fdfd@group-8CDF9DA4BD81-StateMachineUpdater] INFO  ratis.ContainerStateMachine (ContainerStateMachine.java:takeSnapshot(304)) - group-8CDF9DA4BD81: Taking a snapshot at:(t:1, i:0) file /home/runner/work/ozone/ozone/hadoop-ozone/integration-test/target/test-dir/MiniOzoneClusterImpl-d00242a6-2497-4d17-9cbb-890efb011638/datanode-2/data/ratis/2ba9d191-44fb-4ca4-9325-8cdf9da4bd81/sm/snapshot.1_0
2022-11-18 13:06:03,767 [a36f0c9e-34c7-41e1-90e2-5c691522fdfd-impl-thread3] INFO  impl.StateMachineUpdater (StateMachineUpdater.java:stopAndJoin(153)) - a36f0c9e-34c7-41e1-90e2-5c691522fdfd@group-8CDF9DA4BD81-StateMachineUpdater: set stopIndex = 0
2022-11-18 13:06:03,764 [a36f0c9e-34c7-41e1-90e2-5c691522fdfd@group-025E2FE377DB->4e1bc70a-c48e-454c-859f-0f8175dd606b-GrpcLogAppender-LogAppenderDaemon] WARN  server.GrpcLogAppender (GrpcLogAppender.java:mayWait(200)) - a36f0c9e-34c7-41e1-90e2-5c691522fdfd@group-025E2FE377DB->4e1bc70a-c48e-454c-859f-0f8175dd606b-GrpcLogAppender: Wait interrupted by java.lang.InterruptedException
2022-11-18 13:06:03,767 [grpc-default-executor-5] INFO  server.GrpcServerProtocolService (GrpcServerProtocolService.java:onCompleted(145)) - 1bb9cbb4-eec0-4324-8de7-fca776b53f2b: Completed APPEND_ENTRIES, lastRequest: null
2022-11-18 13:06:03,767 [grpc-default-executor-0] INFO  server.GrpcServerProtocolService (GrpcServerProtocolService.java:onCompleted(145)) - 1bb9cbb4-eec0-4324-8de7-fca776b53f2b: Completed APPEND_ENTRIES, lastRequest: a36f0c9e-34c7-41e1-90e2-5c691522fdfd->1bb9cbb4-eec0-4324-8de7-fca776b53f2b#147-t4,previous=(t:4, i:38),leaderCommit=37,initializing? true,entries: size=1, first=(t:4, i:39), METADATAENTRY(c:37)
2022-11-18 13:06:03,778 [a36f0c9e-34c7-41e1-90e2-5c691522fdfd@group-8CDF9DA4BD81-StateMachineUpdater] INFO  ratis.ContainerStateMachine (ContainerStateMachine.java:takeSnapshot(315)) - group-8CDF9DA4BD81: Finished taking a snapshot at:(t:1, i:0) file:/home/runner/work/ozone/ozone/hadoop-ozone/integration-test/target/test-dir/MiniOzoneClusterImpl-d00242a6-2497-4d17-9cbb-890efb011638/datanode-2/data/ratis/2ba9d191-44fb-4ca4-9325-8cdf9da4bd81/sm/snapshot.1_0 took: 12 ms
2022-11-18 13:06:03,779 [EventQueue-StaleNodeForStaleNodeHandler] INFO  node.StaleNodeHandler (StaleNodeHandler.java:onMessage(59)) - Datanode 4e1bc70a-c48e-454c-859f-0f8175dd606b{ip: 10.1.0.56, host: fv-az180-400.aibneqh1mxpuhl3tnnuy2ifbce.bx.internal.cloudapp.net, ports: [REPLICATION=44557, RATIS=45923, RATIS_ADMIN=45923, RATIS_SERVER=45923, STANDALONE=33695], networkLocation: /default-rack, certSerialId: null, persistedOpState: IN_SERVICE, persistedOpStateExpiryEpochSec: 0} moved to stale state. Finalizing its pipelines [PipelineID=987bfd91-93c2-4138-bf7b-432f6faa761e, PipelineID=05f7329f-f5ab-4486-95f2-025e2fe377db, PipelineID=1b4ee199-afa5-4e00-a6d4-ba6009f7b1ab]
2022-11-18 13:06:03,779 [a36f0c9e-34c7-41e1-90e2-5c691522fdfd@group-8CDF9DA4BD81-StateMachineUpdater] INFO  impl.StateMachineUpdater (StateMachineUpdater.java:takeSnapshot(287)) - a36f0c9e-34c7-41e1-90e2-5c691522fdfd@group-8CDF9DA4BD81-StateMachineUpdater: Took a snapshot at index 0
2022-11-18 13:06:03,779 [a36f0c9e-34c7-41e1-90e2-5c691522fdfd@group-8CDF9DA4BD81-StateMachineUpdater] INFO  impl.StateMachineUpdater (StateMachineUpdater.java:lambda$new$0(92)) - a36f0c9e-34c7-41e1-90e2-5c691522fdfd@group-8CDF9DA4BD81-StateMachineUpdater: snapshotIndex: updateIncreasingly -1 -> 0
2022-11-18 13:06:03,779 [EventQueue-StaleNodeForStaleNodeHandler] INFO  pipeline.PipelineManagerImpl (PipelineManagerImpl.java:closePipeline(442)) - Pipeline Pipeline[ Id: 987bfd91-93c2-4138-bf7b-432f6faa761e, Nodes: 4e1bc70a-c48e-454c-859f-0f8175dd606b{ip: 10.1.0.56, host: fv-az180-400.aibneqh1mxpuhl3tnnuy2ifbce.bx.internal.cloudapp.net, ports: [REPLICATION=44557, RATIS=45923, RATIS_ADMIN=45923, RATIS_SERVER=45923, STANDALONE=33695], networkLocation: /default-rack, certSerialId: null, persistedOpState: IN_SERVICE, persistedOpStateExpiryEpochSec: 0}, ReplicationConfig: RATIS/ONE, State:OPEN, leaderId:4e1bc70a-c48e-454c-859f-0f8175dd606b, CreationTimestamp2022-11-18T13:04:38.760Z[Etc/UTC]] moved to CLOSED state
2022-11-18 13:06:03,780 [EventQueue-StaleNodeForStaleNodeHandler] INFO  pipeline.PipelineManagerImpl (PipelineManagerImpl.java:closeContainersForPipeline(421)) - Container #3 closed for pipeline=PipelineID=05f7329f-f5ab-4486-95f2-025e2fe377db
2022-11-18 13:06:03,776 [a36f0c9e-34c7-41e1-90e2-5c691522fdfd@group-025E2FE377DB-StateMachineUpdater] INFO  ratis.ContainerStateMachine (ContainerStateMachine.java:takeSnapshot(304)) - group-025E2FE377DB: Taking a snapshot at:(t:4, i:39) file /home/runner/work/ozone/ozone/hadoop-ozone/integration-test/target/test-dir/MiniOzoneClusterImpl-d00242a6-2497-4d17-9cbb-890efb011638/datanode-2/data/ratis/05f7329f-f5ab-4486-95f2-025e2fe377db/sm/snapshot.4_39
2022-11-18 13:06:03,780 [EventQueue-CloseContainerForCloseContainerEventHandler] INFO  container.CloseContainerEventHandler (CloseContainerEventHandler.java:onMessage(71)) - Close container Event triggered for container : #3
2022-11-18 13:06:03,780 [grpc-default-executor-5] INFO  server.GrpcLogAppender (GrpcLogAppender.java:onCompleted(415)) - a36f0c9e-34c7-41e1-90e2-5c691522fdfd@group-025E2FE377DB->1bb9cbb4-eec0-4324-8de7-fca776b53f2b-AppendLogResponseHandler: follower responses appendEntries COMPLETED
2022-11-18 13:06:03,780 [grpc-default-executor-5] INFO  leader.FollowerInfo (FollowerInfoImpl.java:lambda$new$0(48)) - a36f0c9e-34c7-41e1-90e2-5c691522fdfd@group-025E2FE377DB->1bb9cbb4-eec0-4324-8de7-fca776b53f2b: nextIndex: updateUnconditionally 40 -> 39
2022-11-18 13:06:03,776 [a36f0c9e-34c7-41e1-90e2-5c691522fdfd-impl-thread2] INFO  impl.StateMachineUpdater (StateMachineUpdater.java:stopAndJoin(153)) - a36f0c9e-34c7-41e1-90e2-5c691522fdfd@group-025E2FE377DB-StateMachineUpdater: set stopIndex = 39
2022-11-18 13:06:03,776 [grpc-default-executor-2] INFO  server.GrpcLogAppender (GrpcLogAppender.java:onCompleted(415)) - a36f0c9e-34c7-41e1-90e2-5c691522fdfd@group-025E2FE377DB->1bb9cbb4-eec0-4324-8de7-fca776b53f2b-AppendLogResponseHandler: follower responses appendEntries COMPLETED
2022-11-18 13:06:03,780 [grpc-default-executor-2] INFO  leader.FollowerInfo (FollowerInfoImpl.java:lambda$new$0(48)) - a36f0c9e-34c7-41e1-90e2-5c691522fdfd@group-025E2FE377DB->1bb9cbb4-eec0-4324-8de7-fca776b53f2b: nextIndex: updateUnconditionally 39 -> 38
2022-11-18 13:06:03,775 [ForkJoinPool.commonPool-worker-1] INFO  server.GrpcServerProtocolClient (GrpcServerProtocolClient.java:close(111)) - 4e1bc70a-c48e-454c-859f-0f8175dd606b Close channels
2022-11-18 13:06:03,780 [EventQueue-CloseContainerForCloseContainerEventHandler] INFO  container.CloseContainerEventHandler (CloseContainerEventHandler.java:onMessage(71)) - Close container Event triggered for container : #5
2022-11-18 13:06:03,780 [EventQueue-StaleNodeForStaleNodeHandler] INFO  pipeline.PipelineManagerImpl (PipelineManagerImpl.java:closeContainersForPipeline(421)) - Container #5 closed for pipeline=PipelineID=05f7329f-f5ab-4486-95f2-025e2fe377db
2022-11-18 13:06:03,781 [a36f0c9e-34c7-41e1-90e2-5c691522fdfd-impl-thread3] INFO  server.RaftServer$Division (ServerState.java:close(466)) - a36f0c9e-34c7-41e1-90e2-5c691522fdfd@group-8CDF9DA4BD81: closes. applyIndex: 0
2022-11-18 13:06:03,781 [EventQueue-StaleNodeForStaleNodeHandler] INFO  pipeline.PipelineManagerImpl (PipelineManagerImpl.java:closeContainersForPipeline(421)) - Container #6 closed for pipeline=PipelineID=05f7329f-f5ab-4486-95f2-025e2fe377db
2022-11-18 13:06:03,782 [EventQueue-CloseContainerForCloseContainerEventHandler] INFO  container.CloseContainerEventHandler (CloseContainerEventHandler.java:onMessage(71)) - Close container Event triggered for container : #6
2022-11-18 13:06:03,782 [a36f0c9e-34c7-41e1-90e2-5c691522fdfd@group-025E2FE377DB-StateMachineUpdater] INFO  ratis.ContainerStateMachine (ContainerStateMachine.java:takeSnapshot(315)) - group-025E2FE377DB: Finished taking a snapshot at:(t:4, i:39) file:/home/runner/work/ozone/ozone/hadoop-ozone/integration-test/target/test-dir/MiniOzoneClusterImpl-d00242a6-2497-4d17-9cbb-890efb011638/datanode-2/data/ratis/05f7329f-f5ab-4486-95f2-025e2fe377db/sm/snapshot.4_39 took: 5 ms
2022-11-18 13:06:03,782 [a36f0c9e-34c7-41e1-90e2-5c691522fdfd@group-025E2FE377DB-StateMachineUpdater] INFO  impl.StateMachineUpdater (StateMachineUpdater.java:takeSnapshot(287)) - a36f0c9e-34c7-41e1-90e2-5c691522fdfd@group-025E2FE377DB-StateMachineUpdater: Took a snapshot at index 39
2022-11-18 13:06:03,782 [a36f0c9e-34c7-41e1-90e2-5c691522fdfd@group-025E2FE377DB-StateMachineUpdater] INFO  impl.StateMachineUpdater (StateMachineUpdater.java:lambda$new$0(92)) - a36f0c9e-34c7-41e1-90e2-5c691522fdfd@group-025E2FE377DB-StateMachineUpdater: snapshotIndex: updateIncreasingly -1 -> 39
2022-11-18 13:06:03,782 [EventQueue-StaleNodeForStaleNodeHandler] INFO  pipeline.PipelineManagerImpl (PipelineManagerImpl.java:closePipeline(442)) - Pipeline Pipeline[ Id: 05f7329f-f5ab-4486-95f2-025e2fe377db, Nodes: 1bb9cbb4-eec0-4324-8de7-fca776b53f2b{ip: 10.1.0.56, host: fv-az180-400.aibneqh1mxpuhl3tnnuy2ifbce.bx.internal.cloudapp.net, ports: [REPLICATION=45141, RATIS=44667, RATIS_ADMIN=44667, RATIS_SERVER=44667, STANDALONE=45879], networkLocation: /default-rack, certSerialId: null, persistedOpState: IN_SERVICE, persistedOpStateExpiryEpochSec: 0}a36f0c9e-34c7-41e1-90e2-5c691522fdfd{ip: 10.1.0.56, host: fv-az180-400.aibneqh1mxpuhl3tnnuy2ifbce.bx.internal.cloudapp.net, ports: [REPLICATION=43001, RATIS=35103, RATIS_ADMIN=35103, RATIS_SERVER=35103, STANDALONE=34509], networkLocation: /default-rack, certSerialId: null, persistedOpState: IN_SERVICE, persistedOpStateExpiryEpochSec: 0}4e1bc70a-c48e-454c-859f-0f8175dd606b{ip: 10.1.0.56, host: fv-az180-400.aibneqh1mxpuhl3tnnuy2ifbce.bx.internal.cloudapp.net, ports: [REPLICATION=44557, RATIS=45923, RATIS_ADMIN=45923, RATIS_SERVER=45923, STANDALONE=33695], networkLocation: /default-rack, certSerialId: null, persistedOpState: IN_SERVICE, persistedOpStateExpiryEpochSec: 0}, ReplicationConfig: RATIS/THREE, State:OPEN, leaderId:a36f0c9e-34c7-41e1-90e2-5c691522fdfd, CreationTimestamp2022-11-18T13:04:39.042Z[Etc/UTC]] moved to CLOSED state
2022-11-18 13:06:03,782 [EventQueue-StaleNodeForStaleNodeHandler] INFO  pipeline.PipelineManagerImpl (PipelineManagerImpl.java:closeContainersForPipeline(421)) - Container #11 closed for pipeline=PipelineID=1b4ee199-afa5-4e00-a6d4-ba6009f7b1ab
2022-11-18 13:06:03,783 [EventQueue-StaleNodeForStaleNodeHandler] INFO  pipeline.PipelineManagerImpl (PipelineManagerImpl.java:closePipeline(442)) - Pipeline Pipeline[ Id: 1b4ee199-afa5-4e00-a6d4-ba6009f7b1ab, Nodes: 961e98b4-0515-4e33-9a5e-b87989e0967c{ip: 10.1.0.56, host: fv-az180-400.aibneqh1mxpuhl3tnnuy2ifbce.bx.internal.cloudapp.net, ports: [REPLICATION=32803, RATIS=45547, RATIS_ADMIN=45547, RATIS_SERVER=45547, STANDALONE=33243], networkLocation: /default-rack, certSerialId: null, persistedOpState: null, persistedOpStateExpiryEpochSec: 0}a36f0c9e-34c7-41e1-90e2-5c691522fdfd{ip: 10.1.0.56, host: fv-az180-400.aibneqh1mxpuhl3tnnuy2ifbce.bx.internal.cloudapp.net, ports: [REPLICATION=43001, RATIS=35103, RATIS_ADMIN=35103, RATIS_SERVER=35103, STANDALONE=34509], networkLocation: /default-rack, certSerialId: null, persistedOpState: null, persistedOpStateExpiryEpochSec: 0}1bb9cbb4-eec0-4324-8de7-fca776b53f2b{ip: 10.1.0.56, host: fv-az180-400.aibneqh1mxpuhl3tnnuy2ifbce.bx.internal.cloudapp.net, ports: [REPLICATION=45141, RATIS=44667, RATIS_ADMIN=44667, RATIS_SERVER=44667, STANDALONE=45879], networkLocation: /default-rack, certSerialId: null, persistedOpState: null, persistedOpStateExpiryEpochSec: 0}8ad84362-fca3-4a94-b029-55aaea538166{ip: 10.1.0.56, host: fv-az180-400.aibneqh1mxpuhl3tnnuy2ifbce.bx.internal.cloudapp.net, ports: [REPLICATION=45785, RATIS=38939, RATIS_ADMIN=38939, RATIS_SERVER=38939, STANDALONE=38791], networkLocation: /default-rack, certSerialId: null, persistedOpState: null, persistedOpStateExpiryEpochSec: 0}4e1bc70a-c48e-454c-859f-0f8175dd606b{ip: 10.1.0.56, host: fv-az180-400.aibneqh1mxpuhl3tnnuy2ifbce.bx.internal.cloudapp.net, ports: [REPLICATION=44557, RATIS=45923, RATIS_ADMIN=45923, RATIS_SERVER=45923, STANDALONE=33695], networkLocation: /default-rack, certSerialId: null, persistedOpState: null, persistedOpStateExpiryEpochSec: 0}, ReplicationConfig: EC/ECReplicationConfig{data=3, parity=2, ecChunkSize=1048576, codec=rs}, State:OPEN, leaderId:, CreationTimestamp2022-11-18T13:05:29.255Z[Etc/UTC]] moved to CLOSED state
2022-11-18 13:06:03,783 [EventQueue-CloseContainerForCloseContainerEventHandler] INFO  container.CloseContainerEventHandler (CloseContainerEventHandler.java:onMessage(71)) - Close container Event triggered for container : #11
2022-11-18 13:06:03,783 [a36f0c9e-34c7-41e1-90e2-5c691522fdfd@group-8CDF9DA4BD81-SegmentedRaftLogWorker] INFO  segmented.SegmentedRaftLogWorker (SegmentedRaftLogWorker.java:run(345)) - a36f0c9e-34c7-41e1-90e2-5c691522fdfd@group-8CDF9DA4BD81-SegmentedRaftLogWorker was interrupted, exiting. There are 0 tasks remaining in the queue.
2022-11-18 13:06:03,783 [a36f0c9e-34c7-41e1-90e2-5c691522fdfd-impl-thread2] INFO  server.RaftServer$Division (ServerState.java:close(466)) - a36f0c9e-34c7-41e1-90e2-5c691522fdfd@group-025E2FE377DB: closes. applyIndex: 39
2022-11-18 13:06:03,784 [a36f0c9e-34c7-41e1-90e2-5c691522fdfd@group-025E2FE377DB-SegmentedRaftLogWorker] INFO  segmented.SegmentedRaftLogWorker (SegmentedRaftLogWorker.java:run(345)) - a36f0c9e-34c7-41e1-90e2-5c691522fdfd@group-025E2FE377DB-SegmentedRaftLogWorker was interrupted, exiting. There are 0 tasks remaining in the queue.
2022-11-18 13:06:03,784 [a36f0c9e-34c7-41e1-90e2-5c691522fdfd-impl-thread2] INFO  segmented.SegmentedRaftLogWorker (SegmentedRaftLogWorker.java:close(255)) - a36f0c9e-34c7-41e1-90e2-5c691522fdfd@group-025E2FE377DB-SegmentedRaftLogWorker close()
2022-11-18 13:06:03,784 [a36f0c9e-34c7-41e1-90e2-5c691522fdfd-impl-thread3] INFO  segmented.SegmentedRaftLogWorker (SegmentedRaftLogWorker.java:close(255)) - a36f0c9e-34c7-41e1-90e2-5c691522fdfd@group-8CDF9DA4BD81-SegmentedRaftLogWorker close()
2022-11-18 13:06:03,792 [ReplicationMonitor] INFO  replication.ReplicationManager (ReplicationManager.java:processAll(319)) - Replication Manager is not ready to run until 3000ms after safemode exit
2022-11-18 13:06:03,807 [ForkJoinPool.commonPool-worker-1] INFO  server.GrpcServerProtocolClient (GrpcServerProtocolClient.java:close(111)) - 1bb9cbb4-eec0-4324-8de7-fca776b53f2b Close channels
2022-11-18 13:06:03,812 [ForkJoinPool.commonPool-worker-1] INFO  server.GrpcService (GrpcService.java:closeImpl(288)) - a36f0c9e-34c7-41e1-90e2-5c691522fdfd: shutdown server GrpcServerProtocolService successfully
2022-11-18 13:06:03,813 [JvmPauseMonitor28] INFO  util.JvmPauseMonitor (JvmPauseMonitor.java:run(111)) - JvmPauseMonitor-a36f0c9e-34c7-41e1-90e2-5c691522fdfd: Stopped
2022-11-18 13:06:03,842 [Mini-Cluster-Provider-Reap] INFO  ozoneimpl.OzoneContainer (OzoneContainer.java:stop(417)) - Attempting to stop container services.
2022-11-18 13:06:03,843 [Mini-Cluster-Provider-Reap] INFO  server.RaftServer (RaftServerProxy.java:lambda$close$6(409)) - a49fbcfb-f7dc-4282-aec4-a4f9f3e2b5ab: close
2022-11-18 13:06:03,843 [Listener at 127.0.0.1/39657] INFO  reflections.Reflections (Reflections.java:scan(232)) - Reflections took 200 ms to scan 7 urls, producing 140 keys and 342 values 
2022-11-18 13:06:03,844 [a49fbcfb-f7dc-4282-aec4-a4f9f3e2b5ab-impl-thread2] INFO  server.RaftServer$Division (RaftServerImpl.java:lambda$close$4(458)) - a49fbcfb-f7dc-4282-aec4-a4f9f3e2b5ab@group-A4A895E4F75D: shutdown
2022-11-18 13:06:03,844 [a49fbcfb-f7dc-4282-aec4-a4f9f3e2b5ab-impl-thread2] INFO  util.JmxRegister (JmxRegister.java:unregister(73)) - Successfully un-registered JMX Bean with object name Ratis:service=RaftServer,group=group-A4A895E4F75D,id=a49fbcfb-f7dc-4282-aec4-a4f9f3e2b5ab
2022-11-18 13:06:03,845 [Listener at 127.0.0.1/39657] INFO  statemachine.DatanodeStateMachine (DatanodeStateMachine.java:getEndPointTaskThreadPoolSize(245)) - Datanode State Machine Task Thread Pool size 2
2022-11-18 13:06:03,845 [a49fbcfb-f7dc-4282-aec4-a4f9f3e2b5ab-impl-thread2] INFO  impl.RoleInfo (RoleInfo.java:shutdownFollowerState(110)) - a49fbcfb-f7dc-4282-aec4-a4f9f3e2b5ab: shutdown a49fbcfb-f7dc-4282-aec4-a4f9f3e2b5ab@group-A4A895E4F75D-FollowerState
2022-11-18 13:06:03,846 [Mini-Cluster-Provider-Reap] INFO  server.GrpcService (GrpcService.java:closeImpl(279)) - a49fbcfb-f7dc-4282-aec4-a4f9f3e2b5ab: shutdown server GrpcServerProtocolService now
2022-11-18 13:06:03,846 [a49fbcfb-f7dc-4282-aec4-a4f9f3e2b5ab@group-A4A895E4F75D-FollowerState] INFO  impl.FollowerState (FollowerState.java:run(152)) - a49fbcfb-f7dc-4282-aec4-a4f9f3e2b5ab@group-A4A895E4F75D-FollowerState was interrupted
2022-11-18 13:06:03,847 [Mini-Cluster-Provider-Reap] INFO  server.GrpcServerProtocolClient (GrpcServerProtocolClient.java:close(111)) - 8ad84362-fca3-4a94-b029-55aaea538166 Close channels
2022-11-18 13:06:03,847 [grpc-default-executor-0] WARN  server.GrpcServerProtocolService (LogUtils.java:warn(122)) - a49fbcfb-f7dc-4282-aec4-a4f9f3e2b5ab: installSnapshot onError, lastRequest: 961e98b4-0515-4e33-9a5e-b87989e0967c->a49fbcfb-f7dc-4282-aec4-a4f9f3e2b5ab#1-t1,previous=(t:0, i:0),leaderCommit=0,initializing? true,entries: size=1, first=(t:1, i:0), CONFIGURATIONENTRY(current:id: "a49fbcfb-f7dc-4282-aec4-a4f9f3e2b5ab"
address: "10.1.0.56:37955"
clientAddress: "10.1.0.56:37955"
adminAddress: "10.1.0.56:37955"
startupRole: FOLLOWER
,id: "8ad84362-fca3-4a94-b029-55aaea538166"
address: "10.1.0.56:38939"
clientAddress: "10.1.0.56:38939"
adminAddress: "10.1.0.56:38939"
startupRole: FOLLOWER
,id: "961e98b4-0515-4e33-9a5e-b87989e0967c"
address: "10.1.0.56:45547"
priority: 1
clientAddress: "10.1.0.56:45547"
adminAddress: "10.1.0.56:45547"
startupRole: FOLLOWER
, old:): org.apache.ratis.thirdparty.io.grpc.StatusRuntimeException: CANCELLED: client cancelled
2022-11-18 13:06:03,848 [a49fbcfb-f7dc-4282-aec4-a4f9f3e2b5ab-impl-thread3] INFO  server.RaftServer$Division (RaftServerImpl.java:lambda$close$4(458)) - a49fbcfb-f7dc-4282-aec4-a4f9f3e2b5ab@group-C3A54A68271C: shutdown
2022-11-18 13:06:03,848 [a49fbcfb-f7dc-4282-aec4-a4f9f3e2b5ab-impl-thread3] INFO  util.JmxRegister (JmxRegister.java:unregister(73)) - Successfully un-registered JMX Bean with object name Ratis:service=RaftServer,group=group-C3A54A68271C,id=a49fbcfb-f7dc-4282-aec4-a4f9f3e2b5ab
2022-11-18 13:06:03,848 [a49fbcfb-f7dc-4282-aec4-a4f9f3e2b5ab-impl-thread3] INFO  impl.RoleInfo (RoleInfo.java:shutdownLeaderState(93)) - a49fbcfb-f7dc-4282-aec4-a4f9f3e2b5ab: shutdown a49fbcfb-f7dc-4282-aec4-a4f9f3e2b5ab@group-C3A54A68271C-LeaderStateImpl
2022-11-18 13:06:03,848 [a49fbcfb-f7dc-4282-aec4-a4f9f3e2b5ab-impl-thread3] INFO  impl.PendingRequests (PendingRequests.java:sendNotLeaderResponses(282)) - a49fbcfb-f7dc-4282-aec4-a4f9f3e2b5ab@group-C3A54A68271C-PendingRequests: sendNotLeaderResponses
2022-11-18 13:06:03,848 [Mini-Cluster-Provider-Reap] INFO  server.GrpcServerProtocolClient (GrpcServerProtocolClient.java:close(111)) - ccd67ca7-a3a8-4455-90cd-311da5ba3a33 Close channels
2022-11-18 13:06:03,848 [Mini-Cluster-Provider-Reap] INFO  server.GrpcService (GrpcService.java:closeImpl(288)) - a49fbcfb-f7dc-4282-aec4-a4f9f3e2b5ab: shutdown server GrpcServerProtocolService successfully
2022-11-18 13:06:03,848 [grpc-default-executor-5] WARN  server.GrpcServerProtocolService (LogUtils.java:warn(122)) - a49fbcfb-f7dc-4282-aec4-a4f9f3e2b5ab: installSnapshot onError, lastRequest: null: org.apache.ratis.thirdparty.io.grpc.StatusRuntimeException: CANCELLED: client cancelled
2022-11-18 13:06:03,849 [grpc-default-executor-6] WARN  server.GrpcLogAppender (LogUtils.java:warn(122)) - 961e98b4-0515-4e33-9a5e-b87989e0967c@group-A4A895E4F75D->a49fbcfb-f7dc-4282-aec4-a4f9f3e2b5ab-AppendLogResponseHandler: Failed appendEntries: org.apache.ratis.thirdparty.io.grpc.StatusRuntimeException: CANCELLED: RST_STREAM closed stream. HTTP/2 error code: CANCEL
2022-11-18 13:06:03,849 [grpc-default-executor-0] WARN  server.GrpcLogAppender (LogUtils.java:warn(122)) - 961e98b4-0515-4e33-9a5e-b87989e0967c@group-A4A895E4F75D->a49fbcfb-f7dc-4282-aec4-a4f9f3e2b5ab-AppendLogResponseHandler: Failed appendEntries: org.apache.ratis.thirdparty.io.grpc.StatusRuntimeException: CANCELLED: RST_STREAM closed stream. HTTP/2 error code: CANCEL
2022-11-18 13:06:03,849 [grpc-default-executor-0] WARN  server.GrpcLogAppender (GrpcLogAppender.java:resetClient(131)) - 961e98b4-0515-4e33-9a5e-b87989e0967c@group-A4A895E4F75D->a49fbcfb-f7dc-4282-aec4-a4f9f3e2b5ab-GrpcLogAppender: Leader has not got in touch with Follower 961e98b4-0515-4e33-9a5e-b87989e0967c@group-A4A895E4F75D->a49fbcfb-f7dc-4282-aec4-a4f9f3e2b5ab(c0,m0,n1, attendVote=true, lastRpcSendTime=1922, lastRpcResponseTime=1922) yet, just keep nextIndex unchanged and retry.
2022-11-18 13:06:03,849 [a49fbcfb-f7dc-4282-aec4-a4f9f3e2b5ab-impl-thread2] INFO  impl.StateMachineUpdater (StateMachineUpdater.java:stopAndJoin(153)) - a49fbcfb-f7dc-4282-aec4-a4f9f3e2b5ab@group-A4A895E4F75D-StateMachineUpdater: set stopIndex = 0
2022-11-18 13:06:03,850 [Listener at 127.0.0.1/39657] INFO  volume.HddsVolume (HddsVolume.java:<init>(117)) - Creating HddsVolume: /home/runner/work/ozone/ozone/hadoop-ozone/integration-test/target/test-dir/MiniOzoneClusterImpl-d3d67884-f8de-446f-8121-b5603e1f9142/datanode-0/data-0/containers/hdds of storage type : DISK capacity : 9223372036854775807
2022-11-18 13:06:03,850 [Listener at 127.0.0.1/39657] INFO  volume.MutableVolumeSet (MutableVolumeSet.java:initializeVolumeSet(174)) - Added Volume : /home/runner/work/ozone/ozone/hadoop-ozone/integration-test/target/test-dir/MiniOzoneClusterImpl-d3d67884-f8de-446f-8121-b5603e1f9142/datanode-0/data-0/containers/hdds to VolumeSet
2022-11-18 13:06:03,850 [Listener at 127.0.0.1/39657] INFO  volume.ThrottledAsyncChecker (ThrottledAsyncChecker.java:schedule(141)) - Scheduling a check for /home/runner/work/ozone/ozone/hadoop-ozone/integration-test/target/test-dir/MiniOzoneClusterImpl-d3d67884-f8de-446f-8121-b5603e1f9142/datanode-0/data-0/containers/hdds
2022-11-18 13:06:03,851 [grpc-default-executor-6] WARN  server.GrpcLogAppender (GrpcLogAppender.java:resetClient(131)) - 961e98b4-0515-4e33-9a5e-b87989e0967c@group-A4A895E4F75D->a49fbcfb-f7dc-4282-aec4-a4f9f3e2b5ab-GrpcLogAppender: Leader has not got in touch with Follower 961e98b4-0515-4e33-9a5e-b87989e0967c@group-A4A895E4F75D->a49fbcfb-f7dc-4282-aec4-a4f9f3e2b5ab(c0,m0,n1, attendVote=true, lastRpcSendTime=1924, lastRpcResponseTime=1923) yet, just keep nextIndex unchanged and retry.
2022-11-18 13:06:03,851 [a49fbcfb-f7dc-4282-aec4-a4f9f3e2b5ab@group-A4A895E4F75D-StateMachineUpdater] INFO  ratis.ContainerStateMachine (ContainerStateMachine.java:takeSnapshot(304)) - group-A4A895E4F75D: Taking a snapshot at:(t:1, i:0) file /home/runner/work/ozone/ozone/hadoop-ozone/integration-test/target/test-dir/MiniOzoneClusterImpl-d00242a6-2497-4d17-9cbb-890efb011638/datanode-3/data/ratis/02b6e0fd-89e1-4c80-88d9-a4a895e4f75d/sm/snapshot.1_0
2022-11-18 13:06:03,851 [a49fbcfb-f7dc-4282-aec4-a4f9f3e2b5ab-impl-thread3] INFO  impl.StateMachineUpdater (StateMachineUpdater.java:stopAndJoin(153)) - a49fbcfb-f7dc-4282-aec4-a4f9f3e2b5ab@group-C3A54A68271C-StateMachineUpdater: set stopIndex = 0
2022-11-18 13:06:03,852 [a49fbcfb-f7dc-4282-aec4-a4f9f3e2b5ab@group-C3A54A68271C-StateMachineUpdater] INFO  ratis.ContainerStateMachine (ContainerStateMachine.java:takeSnapshot(304)) - group-C3A54A68271C: Taking a snapshot at:(t:1, i:0) file /home/runner/work/ozone/ozone/hadoop-ozone/integration-test/target/test-dir/MiniOzoneClusterImpl-d00242a6-2497-4d17-9cbb-890efb011638/datanode-3/data/ratis/62ba749d-71f7-48a2-b7e0-c3a54a68271c/sm/snapshot.1_0
2022-11-18 13:06:03,856 [a49fbcfb-f7dc-4282-aec4-a4f9f3e2b5ab@group-A4A895E4F75D-StateMachineUpdater] INFO  ratis.ContainerStateMachine (ContainerStateMachine.java:takeSnapshot(315)) - group-A4A895E4F75D: Finished taking a snapshot at:(t:1, i:0) file:/home/runner/work/ozone/ozone/hadoop-ozone/integration-test/target/test-dir/MiniOzoneClusterImpl-d00242a6-2497-4d17-9cbb-890efb011638/datanode-3/data/ratis/02b6e0fd-89e1-4c80-88d9-a4a895e4f75d/sm/snapshot.1_0 took: 5 ms
2022-11-18 13:06:03,856 [a49fbcfb-f7dc-4282-aec4-a4f9f3e2b5ab@group-A4A895E4F75D-StateMachineUpdater] INFO  impl.StateMachineUpdater (StateMachineUpdater.java:takeSnapshot(287)) - a49fbcfb-f7dc-4282-aec4-a4f9f3e2b5ab@group-A4A895E4F75D-StateMachineUpdater: Took a snapshot at index 0
2022-11-18 13:06:03,856 [a49fbcfb-f7dc-4282-aec4-a4f9f3e2b5ab@group-A4A895E4F75D-StateMachineUpdater] INFO  impl.StateMachineUpdater (StateMachineUpdater.java:lambda$new$0(92)) - a49fbcfb-f7dc-4282-aec4-a4f9f3e2b5ab@group-A4A895E4F75D-StateMachineUpdater: snapshotIndex: updateIncreasingly -1 -> 0
2022-11-18 13:06:03,856 [a49fbcfb-f7dc-4282-aec4-a4f9f3e2b5ab@group-C3A54A68271C-StateMachineUpdater] INFO  ratis.ContainerStateMachine (ContainerStateMachine.java:takeSnapshot(315)) - group-C3A54A68271C: Finished taking a snapshot at:(t:1, i:0) file:/home/runner/work/ozone/ozone/hadoop-ozone/integration-test/target/test-dir/MiniOzoneClusterImpl-d00242a6-2497-4d17-9cbb-890efb011638/datanode-3/data/ratis/62ba749d-71f7-48a2-b7e0-c3a54a68271c/sm/snapshot.1_0 took: 5 ms
2022-11-18 13:06:03,857 [a49fbcfb-f7dc-4282-aec4-a4f9f3e2b5ab@group-C3A54A68271C-StateMachineUpdater] INFO  impl.StateMachineUpdater (StateMachineUpdater.java:takeSnapshot(287)) - a49fbcfb-f7dc-4282-aec4-a4f9f3e2b5ab@group-C3A54A68271C-StateMachineUpdater: Took a snapshot at index 0
2022-11-18 13:06:03,857 [a49fbcfb-f7dc-4282-aec4-a4f9f3e2b5ab@group-C3A54A68271C-StateMachineUpdater] INFO  impl.StateMachineUpdater (StateMachineUpdater.java:lambda$new$0(92)) - a49fbcfb-f7dc-4282-aec4-a4f9f3e2b5ab@group-C3A54A68271C-StateMachineUpdater: snapshotIndex: updateIncreasingly -1 -> 0
2022-11-18 13:06:03,857 [a49fbcfb-f7dc-4282-aec4-a4f9f3e2b5ab-impl-thread3] INFO  server.RaftServer$Division (ServerState.java:close(466)) - a49fbcfb-f7dc-4282-aec4-a4f9f3e2b5ab@group-C3A54A68271C: closes. applyIndex: 0
2022-11-18 13:06:03,859 [a49fbcfb-f7dc-4282-aec4-a4f9f3e2b5ab-impl-thread2] INFO  server.RaftServer$Division (ServerState.java:close(466)) - a49fbcfb-f7dc-4282-aec4-a4f9f3e2b5ab@group-A4A895E4F75D: closes. applyIndex: 0
2022-11-18 13:06:03,869 [Listener at 127.0.0.1/39657] INFO  volume.StorageVolumeChecker (StorageVolumeChecker.java:checkAllVolumes(202)) - Scheduled health check for volume /home/runner/work/ozone/ozone/hadoop-ozone/integration-test/target/test-dir/MiniOzoneClusterImpl-d3d67884-f8de-446f-8121-b5603e1f9142/datanode-0/data-0/containers/hdds
2022-11-18 13:06:03,872 [a49fbcfb-f7dc-4282-aec4-a4f9f3e2b5ab@group-A4A895E4F75D-SegmentedRaftLogWorker] INFO  segmented.SegmentedRaftLogWorker (SegmentedRaftLogWorker.java:run(345)) - a49fbcfb-f7dc-4282-aec4-a4f9f3e2b5ab@group-A4A895E4F75D-SegmentedRaftLogWorker was interrupted, exiting. There are 0 tasks remaining in the queue.
2022-11-18 13:06:03,872 [a49fbcfb-f7dc-4282-aec4-a4f9f3e2b5ab-impl-thread2] INFO  segmented.SegmentedRaftLogWorker (SegmentedRaftLogWorker.java:close(255)) - a49fbcfb-f7dc-4282-aec4-a4f9f3e2b5ab@group-A4A895E4F75D-SegmentedRaftLogWorker close()
2022-11-18 13:06:03,880 [a49fbcfb-f7dc-4282-aec4-a4f9f3e2b5ab@group-C3A54A68271C-SegmentedRaftLogWorker] INFO  segmented.SegmentedRaftLogWorker (SegmentedRaftLogWorker.java:run(345)) - a49fbcfb-f7dc-4282-aec4-a4f9f3e2b5ab@group-C3A54A68271C-SegmentedRaftLogWorker was interrupted, exiting. There are 0 tasks remaining in the queue.
2022-11-18 13:06:03,881 [a49fbcfb-f7dc-4282-aec4-a4f9f3e2b5ab-impl-thread3] INFO  segmented.SegmentedRaftLogWorker (SegmentedRaftLogWorker.java:close(255)) - a49fbcfb-f7dc-4282-aec4-a4f9f3e2b5ab@group-C3A54A68271C-SegmentedRaftLogWorker close()
2022-11-18 13:06:03,881 [JvmPauseMonitor29] INFO  util.JvmPauseMonitor (JvmPauseMonitor.java:run(111)) - JvmPauseMonitor-a49fbcfb-f7dc-4282-aec4-a4f9f3e2b5ab: Stopped
2022-11-18 13:06:03,910 [Listener at 127.0.0.1/39657] INFO  volume.MutableVolumeSet (MutableVolumeSet.java:initializeVolumeSet(174)) - Added Volume : /home/runner/work/ozone/ozone/hadoop-ozone/integration-test/target/test-dir/MiniOzoneClusterImpl-d3d67884-f8de-446f-8121-b5603e1f9142/datanode-0/data/ratis to VolumeSet
2022-11-18 13:06:03,910 [Listener at 127.0.0.1/39657] INFO  volume.ThrottledAsyncChecker (ThrottledAsyncChecker.java:schedule(141)) - Scheduling a check for /home/runner/work/ozone/ozone/hadoop-ozone/integration-test/target/test-dir/MiniOzoneClusterImpl-d3d67884-f8de-446f-8121-b5603e1f9142/datanode-0/data/ratis
2022-11-18 13:06:03,910 [Listener at 127.0.0.1/39657] INFO  volume.StorageVolumeChecker (StorageVolumeChecker.java:checkAllVolumes(202)) - Scheduled health check for volume /home/runner/work/ozone/ozone/hadoop-ozone/integration-test/target/test-dir/MiniOzoneClusterImpl-d3d67884-f8de-446f-8121-b5603e1f9142/datanode-0/data/ratis
2022-11-18 13:06:03,936 [Thread-2748] INFO  ozoneimpl.ContainerReader (ContainerReader.java:readVolume(175)) - Finish verifying containers on volume /home/runner/work/ozone/ozone/hadoop-ozone/integration-test/target/test-dir/MiniOzoneClusterImpl-d3d67884-f8de-446f-8121-b5603e1f9142/datanode-0/data-0/containers/hdds
2022-11-18 13:06:03,936 [Listener at 127.0.0.1/39657] INFO  ozoneimpl.OzoneContainer (OzoneContainer.java:buildContainerSet(301)) - Build ContainerSet costs 0s
2022-11-18 13:06:03,938 [Listener at 127.0.0.1/39657] INFO  server.RaftServer (ConfUtils.java:logGet(46)) - raft.rpc.type = GRPC (default)
2022-11-18 13:06:03,938 [Listener at 127.0.0.1/39657] INFO  grpc.GrpcConfigKeys (ConfUtils.java:logFallback(53)) - raft.grpc.admin.host = null (fallback to raft.grpc.server.host)
2022-11-18 13:06:03,938 [Listener at 127.0.0.1/39657] INFO  grpc.GrpcConfigKeys (ConfUtils.java:logGet(46)) - raft.grpc.admin.port = 0 (custom)
2022-11-18 13:06:03,938 [Listener at 127.0.0.1/39657] INFO  grpc.GrpcConfigKeys (ConfUtils.java:logFallback(53)) - raft.grpc.client.host = null (fallback to raft.grpc.server.host)
2022-11-18 13:06:03,938 [Listener at 127.0.0.1/39657] INFO  grpc.GrpcConfigKeys (ConfUtils.java:logGet(46)) - raft.grpc.client.port = 0 (custom)
2022-11-18 13:06:03,938 [Listener at 127.0.0.1/39657] INFO  grpc.GrpcConfigKeys (ConfUtils.java:logGet(46)) - raft.grpc.server.host = null (default)
2022-11-18 13:06:03,938 [Listener at 127.0.0.1/39657] INFO  grpc.GrpcConfigKeys (ConfUtils.java:logGet(46)) - raft.grpc.server.port = 0 (default)
2022-11-18 13:06:03,938 [Listener at 127.0.0.1/39657] INFO  server.GrpcService (ConfUtils.java:logGet(46)) - raft.grpc.message.size.max = 32MB (=33554432) (custom)
2022-11-18 13:06:03,938 [Listener at 127.0.0.1/39657] INFO  server.RaftServerConfigKeys (ConfUtils.java:logGet(46)) - raft.server.log.appender.buffer.byte-limit = 33554432 (custom)
2022-11-18 13:06:03,938 [Listener at 127.0.0.1/39657] INFO  server.GrpcService (ConfUtils.java:logGet(46)) - raft.grpc.flow.control.window = 5MB (=5242880) (custom)
2022-11-18 13:06:03,938 [Listener at 127.0.0.1/39657] INFO  server.RaftServerConfigKeys (ConfUtils.java:logGet(46)) - raft.server.rpc.request.timeout = 60s (custom)
2022-11-18 13:06:03,939 [Listener at 127.0.0.1/39657] INFO  grpc.GrpcConfigKeys (ConfUtils.java:logGet(46)) - raft.grpc.server.heartbeat.channel = true (default)
2022-11-18 13:06:03,939 [Listener at 127.0.0.1/39657] INFO  grpc.GrpcConfigKeys (ConfUtils.java:logGet(46)) - raft.grpc.server.async.request.thread.pool.cached = true (default)
2022-11-18 13:06:03,939 [Listener at 127.0.0.1/39657] INFO  grpc.GrpcConfigKeys (ConfUtils.java:logGet(46)) - raft.grpc.server.async.request.thread.pool.size = 32 (default)
2022-11-18 13:06:03,940 [Listener at 127.0.0.1/39657] INFO  impl.DataStreamServerImpl (ConfUtils.java:logGet(46)) - raft.datastream.type = DISABLED (default)
2022-11-18 13:06:03,940 [Listener at 127.0.0.1/39657] INFO  server.RaftServerConfigKeys (ConfUtils.java:logGet(46)) - raft.server.threadpool.proxy.cached = true (default)
2022-11-18 13:06:03,940 [Listener at 127.0.0.1/39657] INFO  server.RaftServerConfigKeys (ConfUtils.java:logGet(46)) - raft.server.threadpool.proxy.size = 0 (default)
2022-11-18 13:06:03,940 [Listener at 127.0.0.1/39657] INFO  server.RaftServerConfigKeys (ConfUtils.java:logGet(46)) - raft.server.rpc.slowness.timeout = 300s (custom)
2022-11-18 13:06:03,940 [Listener at 127.0.0.1/39657] INFO  server.RaftServerConfigKeys (ConfUtils.java:logGet(46)) - raft.server.leaderelection.leader.step-down.wait-time = 10s (default)
2022-11-18 13:06:03,940 [Listener at 127.0.0.1/39657] INFO  server.RaftServerConfigKeys (ConfUtils.java:logGet(46)) - raft.server.storage.dir = [/home/runner/work/ozone/ozone/hadoop-ozone/integration-test/target/test-dir/MiniOzoneClusterImpl-d3d67884-f8de-446f-8121-b5603e1f9142/datanode-0/data/ratis] (custom)
2022-11-18 13:06:03,942 [Listener at 127.0.0.1/39657] INFO  server.XceiverServerGrpc (XceiverServerGrpc.java:<init>(132)) - GrpcServer channel type EpollServerSocketChannel
2022-11-18 13:06:03,944 [Listener at 127.0.0.1/39657] INFO  http.BaseHttpServer (BaseHttpServer.java:newHttpServer2BuilderForOzone(213)) - Starting Web-server for hddsDatanode at: http://0.0.0.0:0
2022-11-18 13:06:03,944 [Listener at 127.0.0.1/39657] INFO  http.BaseHttpServer (BaseHttpServer.java:<init>(108)) - Hadoop Security Enabled: false Ozone Security Enabled: false Ozone HTTP Security Enabled: false 
2022-11-18 13:06:03,945 [Listener at 127.0.0.1/39657] WARN  server.AuthenticationFilter (AuthenticationFilter.java:constructSecretProvider(240)) - Unable to initialize FileSignerSecretProvider, falling back to use random secrets. Reason: Could not read signature secret file: /home/runner/hadoop-http-auth-signature-secret
2022-11-18 13:06:03,946 [Listener at 127.0.0.1/39657] WARN  http.HttpRequestLog (HttpRequestLog.java:getRequestLog(103)) - Jetty request log can only be enabled using Log4j
2022-11-18 13:06:03,946 [Listener at 127.0.0.1/39657] INFO  http.HttpServer2 (HttpServer2.java:addGlobalFilter(1031)) - Added global filter 'safety' (class=org.apache.hadoop.hdds.server.http.HttpServer2$QuotingInputFilter)
2022-11-18 13:06:03,946 [Listener at 127.0.0.1/39657] INFO  http.HttpServer2 (HttpServer2.java:addFilter(1007)) - Added filter static_user_filter (class=org.apache.hadoop.http.lib.StaticUserWebFilter$StaticUserFilter) to context hddsDatanode
2022-11-18 13:06:03,947 [Listener at 127.0.0.1/39657] INFO  http.HttpServer2 (HttpServer2.java:addFilter(1015)) - Added filter static_user_filter (class=org.apache.hadoop.http.lib.StaticUserWebFilter$StaticUserFilter) to context static
2022-11-18 13:06:03,947 [Listener at 127.0.0.1/39657] INFO  http.HttpServer2 (HttpServer2.java:addFilter(1015)) - Added filter static_user_filter (class=org.apache.hadoop.http.lib.StaticUserWebFilter$StaticUserFilter) to context logs
2022-11-18 13:06:03,947 [Listener at 127.0.0.1/39657] INFO  http.HttpServer2 (HttpServer2.java:bindListener(1250)) - Jetty bound to port 34491
2022-11-18 13:06:03,947 [Listener at 127.0.0.1/39657] INFO  server.Server (Server.java:doStart(375)) - jetty-9.4.49.v20220914; built: 2022-09-14T01:07:36.601Z; git: 4231a3b2e4cb8548a412a789936d640a97b1aa0a; jvm 1.8.0_345-b01
2022-11-18 13:06:03,972 [Listener at 127.0.0.1/39657] INFO  server.session (DefaultSessionIdManager.java:doStart(334)) - DefaultSessionIdManager workerName=node0
2022-11-18 13:06:03,972 [Listener at 127.0.0.1/39657] INFO  server.session (DefaultSessionIdManager.java:doStart(339)) - No SessionScavenger set, using defaults
2022-11-18 13:06:03,972 [Listener at 127.0.0.1/39657] INFO  server.session (HouseKeeper.java:startScavenging(132)) - node0 Scavenging every 660000ms
2022-11-18 13:06:03,980 [Listener at 127.0.0.1/39657] INFO  handler.ContextHandler (ContextHandler.java:doStart(921)) - Started o.e.j.s.ServletContextHandler@27022c39{logs,/logs,file:///home/runner/work/ozone/ozone/hadoop-ozone/integration-test/target/log,AVAILABLE}
2022-11-18 13:06:03,980 [Listener at 127.0.0.1/39657] INFO  handler.ContextHandler (ContextHandler.java:doStart(921)) - Started o.e.j.s.ServletContextHandler@703a7038{static,/static,jar:file:/home/runner/.m2/repository/org/apache/ozone/hdds-container-service/1.3.0-SNAPSHOT/hdds-container-service-1.3.0-SNAPSHOT.jar!/webapps/static,AVAILABLE}
2022-11-18 13:06:04,150 [Listener at 127.0.0.1/39657] INFO  handler.ContextHandler (ContextHandler.java:doStart(921)) - Started o.e.j.w.WebAppContext@1f2d12b5{hddsDatanode,/,file:///tmp/jetty-0_0_0_0-34491-hdds-container-service-1_3_0-SNAPSHOT_jar-_-any-5586708670243745133/webapp/,AVAILABLE}{jar:file:/home/runner/.m2/repository/org/apache/ozone/hdds-container-service/1.3.0-SNAPSHOT/hdds-container-service-1.3.0-SNAPSHOT.jar!/webapps/hddsDatanode}
2022-11-18 13:06:04,156 [Listener at 127.0.0.1/39657] INFO  server.AbstractConnector (AbstractConnector.java:doStart(333)) - Started ServerConnector@20db7e52{HTTP/1.1, (http/1.1)}{0.0.0.0:34491}
2022-11-18 13:06:04,156 [Listener at 127.0.0.1/39657] INFO  server.Server (Server.java:doStart(415)) - Started @157649ms
2022-11-18 13:06:04,156 [Listener at 127.0.0.1/39657] WARN  impl.MetricsSystemImpl (MetricsSystemImpl.java:register(279)) - Sink prometheus already exists!
2022-11-18 13:06:04,157 [Listener at 127.0.0.1/39657] INFO  http.BaseHttpServer (BaseHttpServer.java:updateConnectorAddress(333)) - HTTP server of hddsDatanode listening at http://0.0.0.0:34491
2022-11-18 13:06:04,157 [Listener at 127.0.0.1/39657] INFO  impl.MetricsSystemImpl (MetricsSystemImpl.java:init(158)) - HddsDatanode metrics system started (again)
2022-11-18 13:06:04,164 [Datanode State Machine Daemon Thread] INFO  statemachine.DatanodeStateMachine (DatanodeStateMachine.java:lambda$startDaemon$0(505)) - Ozone container server started.
2022-11-18 13:06:04,168 [Listener at 127.0.0.1/39657] INFO  ozone.HddsDatanodeService (HddsDatanodeService.java:start(236)) - HddsDatanodeService host:fv-az180-400.aibneqh1mxpuhl3tnnuy2ifbce.bx.internal.cloudapp.net ip:10.1.0.56
2022-11-18 13:06:04,181 [org.apache.hadoop.util.JvmPauseMonitor$Monitor@1b0b5d57] INFO  util.JvmPauseMonitor (JvmPauseMonitor.java:run(188)) - Starting JVM pause monitor
2022-11-18 13:06:04,190 [Datanode State Machine Task Thread - 0] INFO  datanode.InitDatanodeState (InitDatanodeState.java:persistContainerDatanodeDetails(138)) - DatanodeDetails is persisted to /home/runner/work/ozone/ozone/hadoop-ozone/integration-test/target/test-dir/MiniOzoneClusterImpl-d3d67884-f8de-446f-8121-b5603e1f9142/datanode-0/meta/datanode.id
2022-11-18 13:06:04,194 [Listener at 127.0.0.1/39657] INFO  upgrade.AbstractLayoutVersionManager (AbstractLayoutVersionManager.java:init(83)) - Initializing Layout version manager with metadata layout = DATANODE_SCHEMA_V3 (version = 4), software layout = DATANODE_SCHEMA_V3 (version = 4)
2022-11-18 13:06:04,267 [Listener at 127.0.0.1/39657] INFO  reflections.Reflections (Reflections.java:scan(232)) - Reflections took 72 ms to scan 7 urls, producing 140 keys and 342 values 
2022-11-18 13:06:04,268 [Listener at 127.0.0.1/39657] INFO  statemachine.DatanodeStateMachine (DatanodeStateMachine.java:getEndPointTaskThreadPoolSize(245)) - Datanode State Machine Task Thread Pool size 2
2022-11-18 13:06:04,269 [Listener at 127.0.0.1/39657] INFO  volume.HddsVolume (HddsVolume.java:<init>(117)) - Creating HddsVolume: /home/runner/work/ozone/ozone/hadoop-ozone/integration-test/target/test-dir/MiniOzoneClusterImpl-d3d67884-f8de-446f-8121-b5603e1f9142/datanode-1/data-0/containers/hdds of storage type : DISK capacity : 9223372036854775807
2022-11-18 13:06:04,269 [Listener at 127.0.0.1/39657] INFO  volume.MutableVolumeSet (MutableVolumeSet.java:initializeVolumeSet(174)) - Added Volume : /home/runner/work/ozone/ozone/hadoop-ozone/integration-test/target/test-dir/MiniOzoneClusterImpl-d3d67884-f8de-446f-8121-b5603e1f9142/datanode-1/data-0/containers/hdds to VolumeSet
2022-11-18 13:06:04,269 [Listener at 127.0.0.1/39657] INFO  volume.ThrottledAsyncChecker (ThrottledAsyncChecker.java:schedule(141)) - Scheduling a check for /home/runner/work/ozone/ozone/hadoop-ozone/integration-test/target/test-dir/MiniOzoneClusterImpl-d3d67884-f8de-446f-8121-b5603e1f9142/datanode-1/data-0/containers/hdds
2022-11-18 13:06:04,273 [Listener at 127.0.0.1/39657] INFO  volume.StorageVolumeChecker (StorageVolumeChecker.java:checkAllVolumes(202)) - Scheduled health check for volume /home/runner/work/ozone/ozone/hadoop-ozone/integration-test/target/test-dir/MiniOzoneClusterImpl-d3d67884-f8de-446f-8121-b5603e1f9142/datanode-1/data-0/containers/hdds
2022-11-18 13:06:04,282 [EventQueue-StaleNodeForStaleNodeHandler] INFO  node.StaleNodeHandler (StaleNodeHandler.java:onMessage(59)) - Datanode ccd67ca7-a3a8-4455-90cd-311da5ba3a33{ip: 10.1.0.56, host: fv-az180-400.aibneqh1mxpuhl3tnnuy2ifbce.bx.internal.cloudapp.net, ports: [REPLICATION=33711, RATIS=46201, RATIS_ADMIN=46201, RATIS_SERVER=46201, STANDALONE=42547], networkLocation: /default-rack, certSerialId: null, persistedOpState: IN_SERVICE, persistedOpStateExpiryEpochSec: 0} moved to stale state. Finalizing its pipelines [PipelineID=27d9cc80-7357-400c-aa7e-0d9576af9d49]
2022-11-18 13:06:04,282 [EventQueue-StaleNodeForStaleNodeHandler] INFO  pipeline.PipelineManagerImpl (PipelineManagerImpl.java:closePipeline(442)) - Pipeline Pipeline[ Id: 27d9cc80-7357-400c-aa7e-0d9576af9d49, Nodes: ccd67ca7-a3a8-4455-90cd-311da5ba3a33{ip: 10.1.0.56, host: fv-az180-400.aibneqh1mxpuhl3tnnuy2ifbce.bx.internal.cloudapp.net, ports: [REPLICATION=33711, RATIS=46201, RATIS_ADMIN=46201, RATIS_SERVER=46201, STANDALONE=42547], networkLocation: /default-rack, certSerialId: null, persistedOpState: IN_MAINTENANCE, persistedOpStateExpiryEpochSec: 0}, ReplicationConfig: RATIS/ONE, State:ALLOCATED, leaderId:, CreationTimestamp2022-11-18T13:06:00.404Z[Etc/UTC]] moved to CLOSED state
2022-11-18 13:06:04,284 [Listener at 127.0.0.1/39657] INFO  volume.MutableVolumeSet (MutableVolumeSet.java:initializeVolumeSet(174)) - Added Volume : /home/runner/work/ozone/ozone/hadoop-ozone/integration-test/target/test-dir/MiniOzoneClusterImpl-d3d67884-f8de-446f-8121-b5603e1f9142/datanode-1/data/ratis to VolumeSet
2022-11-18 13:06:04,284 [Listener at 127.0.0.1/39657] INFO  volume.ThrottledAsyncChecker (ThrottledAsyncChecker.java:schedule(141)) - Scheduling a check for /home/runner/work/ozone/ozone/hadoop-ozone/integration-test/target/test-dir/MiniOzoneClusterImpl-d3d67884-f8de-446f-8121-b5603e1f9142/datanode-1/data/ratis
2022-11-18 13:06:04,284 [Listener at 127.0.0.1/39657] INFO  volume.StorageVolumeChecker (StorageVolumeChecker.java:checkAllVolumes(202)) - Scheduled health check for volume /home/runner/work/ozone/ozone/hadoop-ozone/integration-test/target/test-dir/MiniOzoneClusterImpl-d3d67884-f8de-446f-8121-b5603e1f9142/datanode-1/data/ratis
2022-11-18 13:06:04,300 [Thread-2761] INFO  ozoneimpl.ContainerReader (ContainerReader.java:readVolume(175)) - Finish verifying containers on volume /home/runner/work/ozone/ozone/hadoop-ozone/integration-test/target/test-dir/MiniOzoneClusterImpl-d3d67884-f8de-446f-8121-b5603e1f9142/datanode-1/data-0/containers/hdds
2022-11-18 13:06:04,300 [Listener at 127.0.0.1/39657] INFO  ozoneimpl.OzoneContainer (OzoneContainer.java:buildContainerSet(301)) - Build ContainerSet costs 0s
2022-11-18 13:06:04,302 [Listener at 127.0.0.1/39657] INFO  server.RaftServer (ConfUtils.java:logGet(46)) - raft.rpc.type = GRPC (default)
2022-11-18 13:06:04,302 [Listener at 127.0.0.1/39657] INFO  grpc.GrpcConfigKeys (ConfUtils.java:logFallback(53)) - raft.grpc.admin.host = null (fallback to raft.grpc.server.host)
2022-11-18 13:06:04,302 [Listener at 127.0.0.1/39657] INFO  grpc.GrpcConfigKeys (ConfUtils.java:logGet(46)) - raft.grpc.admin.port = 0 (custom)
2022-11-18 13:06:04,302 [Listener at 127.0.0.1/39657] INFO  grpc.GrpcConfigKeys (ConfUtils.java:logFallback(53)) - raft.grpc.client.host = null (fallback to raft.grpc.server.host)
2022-11-18 13:06:04,302 [Listener at 127.0.0.1/39657] INFO  grpc.GrpcConfigKeys (ConfUtils.java:logGet(46)) - raft.grpc.client.port = 0 (custom)
2022-11-18 13:06:04,302 [Listener at 127.0.0.1/39657] INFO  grpc.GrpcConfigKeys (ConfUtils.java:logGet(46)) - raft.grpc.server.host = null (default)
2022-11-18 13:06:04,302 [Listener at 127.0.0.1/39657] INFO  grpc.GrpcConfigKeys (ConfUtils.java:logGet(46)) - raft.grpc.server.port = 0 (default)
2022-11-18 13:06:04,302 [Listener at 127.0.0.1/39657] INFO  server.GrpcService (ConfUtils.java:logGet(46)) - raft.grpc.message.size.max = 32MB (=33554432) (custom)
2022-11-18 13:06:04,302 [Listener at 127.0.0.1/39657] INFO  server.RaftServerConfigKeys (ConfUtils.java:logGet(46)) - raft.server.log.appender.buffer.byte-limit = 33554432 (custom)
2022-11-18 13:06:04,302 [Listener at 127.0.0.1/39657] INFO  server.GrpcService (ConfUtils.java:logGet(46)) - raft.grpc.flow.control.window = 5MB (=5242880) (custom)
2022-11-18 13:06:04,303 [Listener at 127.0.0.1/39657] INFO  server.RaftServerConfigKeys (ConfUtils.java:logGet(46)) - raft.server.rpc.request.timeout = 60s (custom)
2022-11-18 13:06:04,303 [Listener at 127.0.0.1/39657] INFO  grpc.GrpcConfigKeys (ConfUtils.java:logGet(46)) - raft.grpc.server.heartbeat.channel = true (default)
2022-11-18 13:06:04,303 [Listener at 127.0.0.1/39657] INFO  grpc.GrpcConfigKeys (ConfUtils.java:logGet(46)) - raft.grpc.server.async.request.thread.pool.cached = true (default)
2022-11-18 13:06:04,303 [Listener at 127.0.0.1/39657] INFO  grpc.GrpcConfigKeys (ConfUtils.java:logGet(46)) - raft.grpc.server.async.request.thread.pool.size = 32 (default)
2022-11-18 13:06:04,304 [Listener at 127.0.0.1/39657] INFO  impl.DataStreamServerImpl (ConfUtils.java:logGet(46)) - raft.datastream.type = DISABLED (default)
2022-11-18 13:06:04,304 [Listener at 127.0.0.1/39657] INFO  server.RaftServerConfigKeys (ConfUtils.java:logGet(46)) - raft.server.threadpool.proxy.cached = true (default)
2022-11-18 13:06:04,304 [Listener at 127.0.0.1/39657] INFO  server.RaftServerConfigKeys (ConfUtils.java:logGet(46)) - raft.server.threadpool.proxy.size = 0 (default)
2022-11-18 13:06:04,304 [Listener at 127.0.0.1/39657] INFO  server.RaftServerConfigKeys (ConfUtils.java:logGet(46)) - raft.server.rpc.slowness.timeout = 300s (custom)
2022-11-18 13:06:04,304 [Listener at 127.0.0.1/39657] INFO  server.RaftServerConfigKeys (ConfUtils.java:logGet(46)) - raft.server.leaderelection.leader.step-down.wait-time = 10s (default)
2022-11-18 13:06:04,304 [Listener at 127.0.0.1/39657] INFO  server.RaftServerConfigKeys (ConfUtils.java:logGet(46)) - raft.server.storage.dir = [/home/runner/work/ozone/ozone/hadoop-ozone/integration-test/target/test-dir/MiniOzoneClusterImpl-d3d67884-f8de-446f-8121-b5603e1f9142/datanode-1/data/ratis] (custom)
2022-11-18 13:06:04,309 [Listener at 127.0.0.1/39657] INFO  server.XceiverServerGrpc (XceiverServerGrpc.java:<init>(132)) - GrpcServer channel type EpollServerSocketChannel
2022-11-18 13:06:04,317 [Listener at 127.0.0.1/39657] INFO  http.BaseHttpServer (BaseHttpServer.java:newHttpServer2BuilderForOzone(213)) - Starting Web-server for hddsDatanode at: http://0.0.0.0:0
2022-11-18 13:06:04,317 [Listener at 127.0.0.1/39657] INFO  http.BaseHttpServer (BaseHttpServer.java:<init>(108)) - Hadoop Security Enabled: false Ozone Security Enabled: false Ozone HTTP Security Enabled: false 
2022-11-18 13:06:04,318 [Listener at 127.0.0.1/39657] WARN  server.AuthenticationFilter (AuthenticationFilter.java:constructSecretProvider(240)) - Unable to initialize FileSignerSecretProvider, falling back to use random secrets. Reason: Could not read signature secret file: /home/runner/hadoop-http-auth-signature-secret
2022-11-18 13:06:04,318 [Listener at 127.0.0.1/39657] WARN  http.HttpRequestLog (HttpRequestLog.java:getRequestLog(103)) - Jetty request log can only be enabled using Log4j
2022-11-18 13:06:04,319 [Listener at 127.0.0.1/39657] INFO  http.HttpServer2 (HttpServer2.java:addGlobalFilter(1031)) - Added global filter 'safety' (class=org.apache.hadoop.hdds.server.http.HttpServer2$QuotingInputFilter)
2022-11-18 13:06:04,319 [Listener at 127.0.0.1/39657] INFO  http.HttpServer2 (HttpServer2.java:addFilter(1007)) - Added filter static_user_filter (class=org.apache.hadoop.http.lib.StaticUserWebFilter$StaticUserFilter) to context hddsDatanode
2022-11-18 13:06:04,319 [Listener at 127.0.0.1/39657] INFO  http.HttpServer2 (HttpServer2.java:addFilter(1015)) - Added filter static_user_filter (class=org.apache.hadoop.http.lib.StaticUserWebFilter$StaticUserFilter) to context static
2022-11-18 13:06:04,319 [Listener at 127.0.0.1/39657] INFO  http.HttpServer2 (HttpServer2.java:addFilter(1015)) - Added filter static_user_filter (class=org.apache.hadoop.http.lib.StaticUserWebFilter$StaticUserFilter) to context logs
2022-11-18 13:06:04,319 [Listener at 127.0.0.1/39657] INFO  http.HttpServer2 (HttpServer2.java:bindListener(1250)) - Jetty bound to port 39619
2022-11-18 13:06:04,319 [Listener at 127.0.0.1/39657] INFO  server.Server (Server.java:doStart(375)) - jetty-9.4.49.v20220914; built: 2022-09-14T01:07:36.601Z; git: 4231a3b2e4cb8548a412a789936d640a97b1aa0a; jvm 1.8.0_345-b01
2022-11-18 13:06:04,323 [Listener at 127.0.0.1/39657] INFO  server.session (DefaultSessionIdManager.java:doStart(334)) - DefaultSessionIdManager workerName=node0
2022-11-18 13:06:04,323 [Listener at 127.0.0.1/39657] INFO  server.session (DefaultSessionIdManager.java:doStart(339)) - No SessionScavenger set, using defaults
2022-11-18 13:06:04,323 [Listener at 127.0.0.1/39657] INFO  server.session (HouseKeeper.java:startScavenging(132)) - node0 Scavenging every 600000ms
2022-11-18 13:06:04,325 [Listener at 127.0.0.1/39657] INFO  handler.ContextHandler (ContextHandler.java:doStart(921)) - Started o.e.j.s.ServletContextHandler@56087b74{logs,/logs,file:///home/runner/work/ozone/ozone/hadoop-ozone/integration-test/target/log,AVAILABLE}
2022-11-18 13:06:04,326 [Listener at 127.0.0.1/39657] INFO  handler.ContextHandler (ContextHandler.java:doStart(921)) - Started o.e.j.s.ServletContextHandler@58518ea5{static,/static,jar:file:/home/runner/.m2/repository/org/apache/ozone/hdds-container-service/1.3.0-SNAPSHOT/hdds-container-service-1.3.0-SNAPSHOT.jar!/webapps/static,AVAILABLE}
2022-11-18 13:06:04,417 [EventQueue-PipelineReportForPipelineReportHandler] INFO  pipeline.PipelineReportHandler (PipelineReportHandler.java:processPipelineReport(115)) - Reported pipeline PipelineID=a9c36cfe-0ab6-4955-9775-4c8f722a4f78 is not found
2022-11-18 13:06:04,419 [EventQueue-PipelineReportForPipelineReportHandler] INFO  pipeline.PipelineReportHandler (PipelineReportHandler.java:processPipelineReport(115)) - Reported pipeline PipelineID=8de6b818-c12b-4c6c-bee9-1bf7100a1e1c is not found
2022-11-18 13:06:04,419 [EventQueue-PipelineReportForPipelineReportHandler] INFO  pipeline.PipelineReportHandler (PipelineReportHandler.java:processPipelineReport(115)) - Reported pipeline PipelineID=a9c36cfe-0ab6-4955-9775-4c8f722a4f78 is not found
2022-11-18 13:06:04,419 [EventQueue-PipelineReportForPipelineReportHandler] INFO  pipeline.PipelineReportHandler (PipelineReportHandler.java:processPipelineReport(115)) - Reported pipeline PipelineID=a9c36cfe-0ab6-4955-9775-4c8f722a4f78 is not found
2022-11-18 13:06:04,428 [grpc-default-executor-6] WARN  server.GrpcLogAppender (LogUtils.java:warn(122)) - 961e98b4-0515-4e33-9a5e-b87989e0967c@group-A4A895E4F75D->a49fbcfb-f7dc-4282-aec4-a4f9f3e2b5ab-AppendLogResponseHandler: Failed appendEntries: org.apache.ratis.thirdparty.io.grpc.StatusRuntimeException: UNAVAILABLE: io exception
2022-11-18 13:06:04,429 [grpc-default-executor-6] WARN  server.GrpcLogAppender (GrpcLogAppender.java:resetClient(131)) - 961e98b4-0515-4e33-9a5e-b87989e0967c@group-A4A895E4F75D->a49fbcfb-f7dc-4282-aec4-a4f9f3e2b5ab-GrpcLogAppender: Leader has not got in touch with Follower 961e98b4-0515-4e33-9a5e-b87989e0967c@group-A4A895E4F75D->a49fbcfb-f7dc-4282-aec4-a4f9f3e2b5ab(c0,m0,n1, attendVote=true, lastRpcSendTime=0, lastRpcResponseTime=2501) yet, just keep nextIndex unchanged and retry.
2022-11-18 13:06:04,429 [grpc-default-executor-0] WARN  server.GrpcLogAppender (LogUtils.java:warn(122)) - 961e98b4-0515-4e33-9a5e-b87989e0967c@group-A4A895E4F75D->a49fbcfb-f7dc-4282-aec4-a4f9f3e2b5ab-AppendLogResponseHandler: Failed appendEntries: org.apache.ratis.thirdparty.io.grpc.StatusRuntimeException: UNAVAILABLE: io exception
2022-11-18 13:06:04,430 [grpc-default-executor-0] WARN  server.GrpcLogAppender (GrpcLogAppender.java:resetClient(131)) - 961e98b4-0515-4e33-9a5e-b87989e0967c@group-A4A895E4F75D->a49fbcfb-f7dc-4282-aec4-a4f9f3e2b5ab-GrpcLogAppender: Leader has not got in touch with Follower 961e98b4-0515-4e33-9a5e-b87989e0967c@group-A4A895E4F75D->a49fbcfb-f7dc-4282-aec4-a4f9f3e2b5ab(c0,m0,n1, attendVote=true, lastRpcSendTime=1, lastRpcResponseTime=2502) yet, just keep nextIndex unchanged and retry.
2022-11-18 13:06:04,435 [ReplicationMonitor] INFO  replication.LegacyReplicationManager (LegacyReplicationManager.java:sendCloseCommand(1511)) - Sending close container command for container #3 to datanode a36f0c9e-34c7-41e1-90e2-5c691522fdfd{ip: 10.1.0.56, host: fv-az180-400.aibneqh1mxpuhl3tnnuy2ifbce.bx.internal.cloudapp.net, ports: [REPLICATION=43001, RATIS=35103, RATIS_ADMIN=35103, RATIS_SERVER=35103, STANDALONE=34509], networkLocation: /default-rack, certSerialId: null, persistedOpState: IN_SERVICE, persistedOpStateExpiryEpochSec: 0}.
2022-11-18 13:06:04,435 [ReplicationMonitor] INFO  replication.LegacyReplicationManager (LegacyReplicationManager.java:sendCloseCommand(1511)) - Sending close container command for container #3 to datanode 4e1bc70a-c48e-454c-859f-0f8175dd606b{ip: 10.1.0.56, host: fv-az180-400.aibneqh1mxpuhl3tnnuy2ifbce.bx.internal.cloudapp.net, ports: [REPLICATION=44557, RATIS=45923, RATIS_ADMIN=45923, RATIS_SERVER=45923, STANDALONE=33695], networkLocation: /default-rack, certSerialId: null, persistedOpState: IN_SERVICE, persistedOpStateExpiryEpochSec: 0}.
2022-11-18 13:06:04,435 [ReplicationMonitor] INFO  replication.LegacyReplicationManager (LegacyReplicationManager.java:sendCloseCommand(1511)) - Sending close container command for container #3 to datanode 1bb9cbb4-eec0-4324-8de7-fca776b53f2b{ip: 10.1.0.56, host: fv-az180-400.aibneqh1mxpuhl3tnnuy2ifbce.bx.internal.cloudapp.net, ports: [REPLICATION=45141, RATIS=44667, RATIS_ADMIN=44667, RATIS_SERVER=44667, STANDALONE=45879], networkLocation: /default-rack, certSerialId: null, persistedOpState: IN_SERVICE, persistedOpStateExpiryEpochSec: 0}.
2022-11-18 13:06:04,435 [ReplicationMonitor] INFO  replication.LegacyReplicationManager (LegacyReplicationManager.java:sendCloseCommand(1511)) - Sending close container command for container #5 to datanode 4e1bc70a-c48e-454c-859f-0f8175dd606b{ip: 10.1.0.56, host: fv-az180-400.aibneqh1mxpuhl3tnnuy2ifbce.bx.internal.cloudapp.net, ports: [REPLICATION=44557, RATIS=45923, RATIS_ADMIN=45923, RATIS_SERVER=45923, STANDALONE=33695], networkLocation: /default-rack, certSerialId: null, persistedOpState: IN_SERVICE, persistedOpStateExpiryEpochSec: 0}.
2022-11-18 13:06:04,435 [ReplicationMonitor] INFO  replication.LegacyReplicationManager (LegacyReplicationManager.java:sendCloseCommand(1511)) - Sending close container command for container #5 to datanode a36f0c9e-34c7-41e1-90e2-5c691522fdfd{ip: 10.1.0.56, host: fv-az180-400.aibneqh1mxpuhl3tnnuy2ifbce.bx.internal.cloudapp.net, ports: [REPLICATION=43001, RATIS=35103, RATIS_ADMIN=35103, RATIS_SERVER=35103, STANDALONE=34509], networkLocation: /default-rack, certSerialId: null, persistedOpState: IN_SERVICE, persistedOpStateExpiryEpochSec: 0}.
2022-11-18 13:06:04,435 [ReplicationMonitor] INFO  replication.LegacyReplicationManager (LegacyReplicationManager.java:sendCloseCommand(1511)) - Sending close container command for container #5 to datanode 1bb9cbb4-eec0-4324-8de7-fca776b53f2b{ip: 10.1.0.56, host: fv-az180-400.aibneqh1mxpuhl3tnnuy2ifbce.bx.internal.cloudapp.net, ports: [REPLICATION=45141, RATIS=44667, RATIS_ADMIN=44667, RATIS_SERVER=44667, STANDALONE=45879], networkLocation: /default-rack, certSerialId: null, persistedOpState: IN_SERVICE, persistedOpStateExpiryEpochSec: 0}.
2022-11-18 13:06:04,436 [ReplicationMonitor] INFO  replication.LegacyReplicationManager (LegacyReplicationManager.java:sendCloseCommand(1511)) - Sending close container command for container #6 to datanode 4e1bc70a-c48e-454c-859f-0f8175dd606b{ip: 10.1.0.56, host: fv-az180-400.aibneqh1mxpuhl3tnnuy2ifbce.bx.internal.cloudapp.net, ports: [REPLICATION=44557, RATIS=45923, RATIS_ADMIN=45923, RATIS_SERVER=45923, STANDALONE=33695], networkLocation: /default-rack, certSerialId: null, persistedOpState: IN_SERVICE, persistedOpStateExpiryEpochSec: 0}.
2022-11-18 13:06:04,436 [ReplicationMonitor] INFO  replication.LegacyReplicationManager (LegacyReplicationManager.java:sendCloseCommand(1511)) - Sending close container command for container #6 to datanode 1bb9cbb4-eec0-4324-8de7-fca776b53f2b{ip: 10.1.0.56, host: fv-az180-400.aibneqh1mxpuhl3tnnuy2ifbce.bx.internal.cloudapp.net, ports: [REPLICATION=45141, RATIS=44667, RATIS_ADMIN=44667, RATIS_SERVER=44667, STANDALONE=45879], networkLocation: /default-rack, certSerialId: null, persistedOpState: IN_SERVICE, persistedOpStateExpiryEpochSec: 0}.
2022-11-18 13:06:04,436 [ReplicationMonitor] INFO  replication.LegacyReplicationManager (LegacyReplicationManager.java:sendCloseCommand(1511)) - Sending close container command for container #6 to datanode a36f0c9e-34c7-41e1-90e2-5c691522fdfd{ip: 10.1.0.56, host: fv-az180-400.aibneqh1mxpuhl3tnnuy2ifbce.bx.internal.cloudapp.net, ports: [REPLICATION=43001, RATIS=35103, RATIS_ADMIN=35103, RATIS_SERVER=35103, STANDALONE=34509], networkLocation: /default-rack, certSerialId: null, persistedOpState: IN_SERVICE, persistedOpStateExpiryEpochSec: 0}.
2022-11-18 13:06:04,436 [ReplicationMonitor] INFO  replication.ReplicationManager (ReplicationManager.java:sendCloseContainerReplicaCommand(564)) - Sending close container command for container #11 to datanode a36f0c9e-34c7-41e1-90e2-5c691522fdfd{ip: 10.1.0.56, host: fv-az180-400.aibneqh1mxpuhl3tnnuy2ifbce.bx.internal.cloudapp.net, ports: [REPLICATION=43001, RATIS=35103, RATIS_ADMIN=35103, RATIS_SERVER=35103, STANDALONE=34509], networkLocation: /default-rack, certSerialId: null, persistedOpState: IN_SERVICE, persistedOpStateExpiryEpochSec: 0}.
2022-11-18 13:06:04,436 [ReplicationMonitor] INFO  replication.ReplicationManager (ReplicationManager.java:sendCloseContainerReplicaCommand(564)) - Sending close container command for container #11 to datanode 4e1bc70a-c48e-454c-859f-0f8175dd606b{ip: 10.1.0.56, host: fv-az180-400.aibneqh1mxpuhl3tnnuy2ifbce.bx.internal.cloudapp.net, ports: [REPLICATION=44557, RATIS=45923, RATIS_ADMIN=45923, RATIS_SERVER=45923, STANDALONE=33695], networkLocation: /default-rack, certSerialId: null, persistedOpState: IN_SERVICE, persistedOpStateExpiryEpochSec: 0}.
2022-11-18 13:06:04,436 [Under Replicated Processor] INFO  replication.UnderReplicatedProcessor (UnderReplicatedProcessor.java:processAll(92)) - Processed 0 under replicated containers, failed processing 0
2022-11-18 13:06:04,436 [ReplicationMonitor] INFO  replication.ReplicationManager (ReplicationManager.java:sendCloseContainerReplicaCommand(564)) - Sending close container command for container #11 to datanode 961e98b4-0515-4e33-9a5e-b87989e0967c{ip: 10.1.0.56, host: fv-az180-400.aibneqh1mxpuhl3tnnuy2ifbce.bx.internal.cloudapp.net, ports: [REPLICATION=32803, RATIS=45547, RATIS_ADMIN=45547, RATIS_SERVER=45547, STANDALONE=33243], networkLocation: /default-rack, certSerialId: null, persistedOpState: IN_SERVICE, persistedOpStateExpiryEpochSec: 0}.
2022-11-18 13:06:04,436 [ReplicationMonitor] INFO  replication.ReplicationManager (ReplicationManager.java:sendCloseContainerReplicaCommand(564)) - Sending close container command for container #11 to datanode 1bb9cbb4-eec0-4324-8de7-fca776b53f2b{ip: 10.1.0.56, host: fv-az180-400.aibneqh1mxpuhl3tnnuy2ifbce.bx.internal.cloudapp.net, ports: [REPLICATION=45141, RATIS=44667, RATIS_ADMIN=44667, RATIS_SERVER=44667, STANDALONE=45879], networkLocation: /default-rack, certSerialId: null, persistedOpState: IN_SERVICE, persistedOpStateExpiryEpochSec: 0}.
2022-11-18 13:06:04,436 [ReplicationMonitor] INFO  replication.ReplicationManager (ReplicationManager.java:sendCloseContainerReplicaCommand(564)) - Sending close container command for container #11 to datanode 8ad84362-fca3-4a94-b029-55aaea538166{ip: 10.1.0.56, host: fv-az180-400.aibneqh1mxpuhl3tnnuy2ifbce.bx.internal.cloudapp.net, ports: [REPLICATION=45785, RATIS=38939, RATIS_ADMIN=38939, RATIS_SERVER=38939, STANDALONE=38791], networkLocation: /default-rack, certSerialId: null, persistedOpState: IN_SERVICE, persistedOpStateExpiryEpochSec: 0}.
2022-11-18 13:06:04,436 [ReplicationMonitor] INFO  replication.ReplicationManager (ReplicationManager.java:processAll(352)) - Replication Monitor Thread took 2 milliseconds for processing 11 containers.
2022-11-18 13:06:04,436 [Over Replicated Processor] INFO  replication.OverReplicatedProcessor (OverReplicatedProcessor.java:processAll(90)) - Processed 0 over replicated containers, failed processing 0
2022-11-18 13:06:04,487 [Under Replicated Processor] INFO  replication.UnderReplicatedProcessor (UnderReplicatedProcessor.java:processAll(92)) - Processed 0 under replicated containers, failed processing 0
2022-11-18 13:06:04,487 [Over Replicated Processor] INFO  replication.OverReplicatedProcessor (OverReplicatedProcessor.java:processAll(90)) - Processed 0 over replicated containers, failed processing 0
2022-11-18 13:06:04,488 [ReplicationMonitor] INFO  replication.ReplicationManager (ReplicationManager.java:processAll(352)) - Replication Monitor Thread took 0 milliseconds for processing 0 containers.
2022-11-18 13:06:04,528 [Listener at 127.0.0.1/39657] INFO  handler.ContextHandler (ContextHandler.java:doStart(921)) - Started o.e.j.w.WebAppContext@324f48f0{hddsDatanode,/,file:///tmp/jetty-0_0_0_0-39619-hdds-container-service-1_3_0-SNAPSHOT_jar-_-any-6193219391314960687/webapp/,AVAILABLE}{jar:file:/home/runner/.m2/repository/org/apache/ozone/hdds-container-service/1.3.0-SNAPSHOT/hdds-container-service-1.3.0-SNAPSHOT.jar!/webapps/hddsDatanode}
2022-11-18 13:06:04,539 [DatanodeAdminManager-0] INFO  node.DatanodeAdminMonitorImpl (DatanodeAdminMonitorImpl.java:checkContainersReplicatedOnNode(367)) - Unhealthy Container #5 Container State: CLOSING Replica Count: 3 Healthy Count: 2 Decommission Count: 0 Maintenance Count: 1 inFlightAdd Count: 0 inFightDel Count: 0 ReplicationFactor: 3 minMaintenance Count: 2; Replicas{ContainerReplica{containerID=#5, state=OPEN, datanodeDetails=62944fc1-681b-46bd-93f7-2482762a7b31{ip: 10.1.0.56, host: fv-az180-400.aibneqh1mxpuhl3tnnuy2ifbce.bx.internal.cloudapp.net, ports: [REPLICATION=41933, RATIS=38905, RATIS_ADMIN=38905, RATIS_SERVER=38905, STANDALONE=35895], networkLocation: /default-rack, certSerialId: null, persistedOpState: IN_SERVICE, persistedOpStateExpiryEpochSec: 0}, placeOfBirth=62944fc1-681b-46bd-93f7-2482762a7b31, sequenceId=30, keyCount=3, bytesUsed=57},ContainerReplica{containerID=#5, state=OPEN, datanodeDetails=cb27b585-024b-4029-854c-b46b41cc55c7{ip: 10.1.0.56, host: fv-az180-400.aibneqh1mxpuhl3tnnuy2ifbce.bx.internal.cloudapp.net, ports: [REPLICATION=34641, RATIS=45595, RATIS_ADMIN=45595, RATIS_SERVER=45595, STANDALONE=37703], networkLocation: /default-rack, certSerialId: null, persistedOpState: ENTERING_MAINTENANCE, persistedOpStateExpiryEpochSec: 0}, placeOfBirth=cb27b585-024b-4029-854c-b46b41cc55c7, sequenceId=30, keyCount=3, bytesUsed=57},ContainerReplica{containerID=#5, state=OPEN, datanodeDetails=277e5bbd-414d-4f19-87c3-552c8f153d3d{ip: 10.1.0.56, host: fv-az180-400.aibneqh1mxpuhl3tnnuy2ifbce.bx.internal.cloudapp.net, ports: [REPLICATION=34679, RATIS=43003, RATIS_ADMIN=43003, RATIS_SERVER=43003, STANDALONE=43927], networkLocation: /default-rack, certSerialId: null, persistedOpState: IN_SERVICE, persistedOpStateExpiryEpochSec: 0}, placeOfBirth=277e5bbd-414d-4f19-87c3-552c8f153d3d, sequenceId=30, keyCount=3, bytesUsed=57}}
2022-11-18 13:06:04,539 [DatanodeAdminManager-0] INFO  node.DatanodeAdminMonitorImpl (DatanodeAdminMonitorImpl.java:checkContainersReplicatedOnNode(367)) - Unhealthy Container #6 Container State: CLOSING Replica Count: 3 Healthy Count: 2 Decommission Count: 0 Maintenance Count: 1 inFlightAdd Count: 0 inFightDel Count: 0 ReplicationFactor: 3 minMaintenance Count: 2; Replicas{ContainerReplica{containerID=#6, state=OPEN, datanodeDetails=cb27b585-024b-4029-854c-b46b41cc55c7{ip: 10.1.0.56, host: fv-az180-400.aibneqh1mxpuhl3tnnuy2ifbce.bx.internal.cloudapp.net, ports: [REPLICATION=34641, RATIS=45595, RATIS_ADMIN=45595, RATIS_SERVER=45595, STANDALONE=37703], networkLocation: /default-rack, certSerialId: null, persistedOpState: ENTERING_MAINTENANCE, persistedOpStateExpiryEpochSec: 0}, placeOfBirth=cb27b585-024b-4029-854c-b46b41cc55c7, sequenceId=34, keyCount=3, bytesUsed=57},ContainerReplica{containerID=#6, state=OPEN, datanodeDetails=277e5bbd-414d-4f19-87c3-552c8f153d3d{ip: 10.1.0.56, host: fv-az180-400.aibneqh1mxpuhl3tnnuy2ifbce.bx.internal.cloudapp.net, ports: [REPLICATION=34679, RATIS=43003, RATIS_ADMIN=43003, RATIS_SERVER=43003, STANDALONE=43927], networkLocation: /default-rack, certSerialId: null, persistedOpState: IN_SERVICE, persistedOpStateExpiryEpochSec: 0}, placeOfBirth=277e5bbd-414d-4f19-87c3-552c8f153d3d, sequenceId=34, keyCount=3, bytesUsed=57},ContainerReplica{containerID=#6, state=OPEN, datanodeDetails=62944fc1-681b-46bd-93f7-2482762a7b31{ip: 10.1.0.56, host: fv-az180-400.aibneqh1mxpuhl3tnnuy2ifbce.bx.internal.cloudapp.net, ports: [REPLICATION=41933, RATIS=38905, RATIS_ADMIN=38905, RATIS_SERVER=38905, STANDALONE=35895], networkLocation: /default-rack, certSerialId: null, persistedOpState: IN_SERVICE, persistedOpStateExpiryEpochSec: 0}, placeOfBirth=62944fc1-681b-46bd-93f7-2482762a7b31, sequenceId=34, keyCount=3, bytesUsed=57}}
2022-11-18 13:06:04,539 [DatanodeAdminManager-0] INFO  node.DatanodeAdminMonitorImpl (DatanodeAdminMonitorImpl.java:checkContainersReplicatedOnNode(367)) - Unhealthy Container #1 Container State: CLOSING Replica Count: 3 Healthy Count: 2 Decommission Count: 0 Maintenance Count: 1 inFlightAdd Count: 0 inFightDel Count: 0 ReplicationFactor: 3 minMaintenance Count: 2; Replicas{ContainerReplica{containerID=#1, state=OPEN, datanodeDetails=cb27b585-024b-4029-854c-b46b41cc55c7{ip: 10.1.0.56, host: fv-az180-400.aibneqh1mxpuhl3tnnuy2ifbce.bx.internal.cloudapp.net, ports: [REPLICATION=34641, RATIS=45595, RATIS_ADMIN=45595, RATIS_SERVER=45595, STANDALONE=37703], networkLocation: /default-rack, certSerialId: null, persistedOpState: ENTERING_MAINTENANCE, persistedOpStateExpiryEpochSec: 0}, placeOfBirth=cb27b585-024b-4029-854c-b46b41cc55c7, sequenceId=38, keyCount=4, bytesUsed=76},ContainerReplica{containerID=#1, state=OPEN, datanodeDetails=277e5bbd-414d-4f19-87c3-552c8f153d3d{ip: 10.1.0.56, host: fv-az180-400.aibneqh1mxpuhl3tnnuy2ifbce.bx.internal.cloudapp.net, ports: [REPLICATION=34679, RATIS=43003, RATIS_ADMIN=43003, RATIS_SERVER=43003, STANDALONE=43927], networkLocation: /default-rack, certSerialId: null, persistedOpState: IN_SERVICE, persistedOpStateExpiryEpochSec: 0}, placeOfBirth=277e5bbd-414d-4f19-87c3-552c8f153d3d, sequenceId=38, keyCount=4, bytesUsed=76},ContainerReplica{containerID=#1, state=OPEN, datanodeDetails=62944fc1-681b-46bd-93f7-2482762a7b31{ip: 10.1.0.56, host: fv-az180-400.aibneqh1mxpuhl3tnnuy2ifbce.bx.internal.cloudapp.net, ports: [REPLICATION=41933, RATIS=38905, RATIS_ADMIN=38905, RATIS_SERVER=38905, STANDALONE=35895], networkLocation: /default-rack, certSerialId: null, persistedOpState: IN_SERVICE, persistedOpStateExpiryEpochSec: 0}, placeOfBirth=62944fc1-681b-46bd-93f7-2482762a7b31, sequenceId=38, keyCount=4, bytesUsed=76}}
2022-11-18 13:06:04,539 [DatanodeAdminManager-0] INFO  node.DatanodeAdminMonitorImpl (DatanodeAdminMonitorImpl.java:checkContainersReplicatedOnNode(377)) - cb27b585-024b-4029-854c-b46b41cc55c7{ip: 10.1.0.56, host: fv-az180-400.aibneqh1mxpuhl3tnnuy2ifbce.bx.internal.cloudapp.net, ports: [REPLICATION=34641, RATIS=45595, RATIS_ADMIN=45595, RATIS_SERVER=45595, STANDALONE=37703], networkLocation: /default-rack, certSerialId: null, persistedOpState: ENTERING_MAINTENANCE, persistedOpStateExpiryEpochSec: 0} has 3 sufficientlyReplicated, 0 underReplicated and 3 unhealthy containers
2022-11-18 13:06:04,539 [DatanodeAdminManager-0] INFO  node.DatanodeAdminMonitorImpl (DatanodeAdminMonitorImpl.java:run(169)) - There are 1 nodes tracked for decommission and maintenance.  0 pending nodes.
2022-11-18 13:06:04,539 [Listener at 127.0.0.1/39657] INFO  server.AbstractConnector (AbstractConnector.java:doStart(333)) - Started ServerConnector@7704d21d{HTTP/1.1, (http/1.1)}{0.0.0.0:39619}
2022-11-18 13:06:04,539 [Listener at 127.0.0.1/39657] INFO  server.Server (Server.java:doStart(415)) - Started @158033ms
2022-11-18 13:06:04,539 [Listener at 127.0.0.1/39657] WARN  impl.MetricsSystemImpl (MetricsSystemImpl.java:register(279)) - Sink prometheus already exists!
2022-11-18 13:06:04,540 [Listener at 127.0.0.1/39657] INFO  http.BaseHttpServer (BaseHttpServer.java:updateConnectorAddress(333)) - HTTP server of hddsDatanode listening at http://0.0.0.0:39619
2022-11-18 13:06:04,541 [Listener at 127.0.0.1/39657] INFO  impl.MetricsSystemImpl (MetricsSystemImpl.java:init(158)) - HddsDatanode metrics system started (again)
2022-11-18 13:06:04,547 [Datanode State Machine Daemon Thread] INFO  statemachine.DatanodeStateMachine (DatanodeStateMachine.java:lambda$startDaemon$0(505)) - Ozone container server started.
2022-11-18 13:06:04,552 [Listener at 127.0.0.1/39657] INFO  ozone.HddsDatanodeService (HddsDatanodeService.java:start(236)) - HddsDatanodeService host:fv-az180-400.aibneqh1mxpuhl3tnnuy2ifbce.bx.internal.cloudapp.net ip:10.1.0.56
2022-11-18 13:06:04,560 [org.apache.hadoop.util.JvmPauseMonitor$Monitor@1e046803] INFO  util.JvmPauseMonitor (JvmPauseMonitor.java:run(188)) - Starting JVM pause monitor
2022-11-18 13:06:04,561 [Datanode State Machine Task Thread - 0] INFO  datanode.InitDatanodeState (InitDatanodeState.java:persistContainerDatanodeDetails(138)) - DatanodeDetails is persisted to /home/runner/work/ozone/ozone/hadoop-ozone/integration-test/target/test-dir/MiniOzoneClusterImpl-d3d67884-f8de-446f-8121-b5603e1f9142/datanode-1/meta/datanode.id
2022-11-18 13:06:04,588 [Listener at 127.0.0.1/39657] INFO  upgrade.AbstractLayoutVersionManager (AbstractLayoutVersionManager.java:init(83)) - Initializing Layout version manager with metadata layout = DATANODE_SCHEMA_V3 (version = 4), software layout = DATANODE_SCHEMA_V3 (version = 4)
2022-11-18 13:06:04,604 [Over Replicated Processor] INFO  replication.OverReplicatedProcessor (OverReplicatedProcessor.java:processAll(90)) - Processed 0 over replicated containers, failed processing 0
2022-11-18 13:06:04,606 [Under Replicated Processor] INFO  replication.UnderReplicatedProcessor (UnderReplicatedProcessor.java:processAll(92)) - Processed 0 under replicated containers, failed processing 0
2022-11-18 13:06:04,612 [ReplicationMonitor] INFO  replication.LegacyReplicationManager (LegacyReplicationManager.java:sendCloseCommand(1511)) - Sending close container command for container #1 to datanode cb27b585-024b-4029-854c-b46b41cc55c7{ip: 10.1.0.56, host: fv-az180-400.aibneqh1mxpuhl3tnnuy2ifbce.bx.internal.cloudapp.net, ports: [REPLICATION=34641, RATIS=45595, RATIS_ADMIN=45595, RATIS_SERVER=45595, STANDALONE=37703], networkLocation: /default-rack, certSerialId: null, persistedOpState: ENTERING_MAINTENANCE, persistedOpStateExpiryEpochSec: 0}.
2022-11-18 13:06:04,612 [ReplicationMonitor] INFO  replication.LegacyReplicationManager (LegacyReplicationManager.java:sendCloseCommand(1511)) - Sending close container command for container #1 to datanode 277e5bbd-414d-4f19-87c3-552c8f153d3d{ip: 10.1.0.56, host: fv-az180-400.aibneqh1mxpuhl3tnnuy2ifbce.bx.internal.cloudapp.net, ports: [REPLICATION=34679, RATIS=43003, RATIS_ADMIN=43003, RATIS_SERVER=43003, STANDALONE=43927], networkLocation: /default-rack, certSerialId: null, persistedOpState: IN_SERVICE, persistedOpStateExpiryEpochSec: 0}.
2022-11-18 13:06:04,612 [ReplicationMonitor] INFO  replication.LegacyReplicationManager (LegacyReplicationManager.java:sendCloseCommand(1511)) - Sending close container command for container #1 to datanode 62944fc1-681b-46bd-93f7-2482762a7b31{ip: 10.1.0.56, host: fv-az180-400.aibneqh1mxpuhl3tnnuy2ifbce.bx.internal.cloudapp.net, ports: [REPLICATION=41933, RATIS=38905, RATIS_ADMIN=38905, RATIS_SERVER=38905, STANDALONE=35895], networkLocation: /default-rack, certSerialId: null, persistedOpState: IN_SERVICE, persistedOpStateExpiryEpochSec: 0}.
2022-11-18 13:06:04,612 [ReplicationMonitor] INFO  replication.LegacyReplicationManager (LegacyReplicationManager.java:sendCloseCommand(1511)) - Sending close container command for container #5 to datanode 62944fc1-681b-46bd-93f7-2482762a7b31{ip: 10.1.0.56, host: fv-az180-400.aibneqh1mxpuhl3tnnuy2ifbce.bx.internal.cloudapp.net, ports: [REPLICATION=41933, RATIS=38905, RATIS_ADMIN=38905, RATIS_SERVER=38905, STANDALONE=35895], networkLocation: /default-rack, certSerialId: null, persistedOpState: IN_SERVICE, persistedOpStateExpiryEpochSec: 0}.
2022-11-18 13:06:04,612 [ReplicationMonitor] INFO  replication.LegacyReplicationManager (LegacyReplicationManager.java:sendCloseCommand(1511)) - Sending close container command for container #5 to datanode cb27b585-024b-4029-854c-b46b41cc55c7{ip: 10.1.0.56, host: fv-az180-400.aibneqh1mxpuhl3tnnuy2ifbce.bx.internal.cloudapp.net, ports: [REPLICATION=34641, RATIS=45595, RATIS_ADMIN=45595, RATIS_SERVER=45595, STANDALONE=37703], networkLocation: /default-rack, certSerialId: null, persistedOpState: ENTERING_MAINTENANCE, persistedOpStateExpiryEpochSec: 0}.
2022-11-18 13:06:04,612 [ReplicationMonitor] INFO  replication.LegacyReplicationManager (LegacyReplicationManager.java:sendCloseCommand(1511)) - Sending close container command for container #5 to datanode 277e5bbd-414d-4f19-87c3-552c8f153d3d{ip: 10.1.0.56, host: fv-az180-400.aibneqh1mxpuhl3tnnuy2ifbce.bx.internal.cloudapp.net, ports: [REPLICATION=34679, RATIS=43003, RATIS_ADMIN=43003, RATIS_SERVER=43003, STANDALONE=43927], networkLocation: /default-rack, certSerialId: null, persistedOpState: IN_SERVICE, persistedOpStateExpiryEpochSec: 0}.
2022-11-18 13:06:04,612 [ReplicationMonitor] INFO  replication.LegacyReplicationManager (LegacyReplicationManager.java:sendCloseCommand(1511)) - Sending close container command for container #6 to datanode cb27b585-024b-4029-854c-b46b41cc55c7{ip: 10.1.0.56, host: fv-az180-400.aibneqh1mxpuhl3tnnuy2ifbce.bx.internal.cloudapp.net, ports: [REPLICATION=34641, RATIS=45595, RATIS_ADMIN=45595, RATIS_SERVER=45595, STANDALONE=37703], networkLocation: /default-rack, certSerialId: null, persistedOpState: ENTERING_MAINTENANCE, persistedOpStateExpiryEpochSec: 0}.
2022-11-18 13:06:04,612 [ReplicationMonitor] INFO  replication.LegacyReplicationManager (LegacyReplicationManager.java:sendCloseCommand(1511)) - Sending close container command for container #6 to datanode 277e5bbd-414d-4f19-87c3-552c8f153d3d{ip: 10.1.0.56, host: fv-az180-400.aibneqh1mxpuhl3tnnuy2ifbce.bx.internal.cloudapp.net, ports: [REPLICATION=34679, RATIS=43003, RATIS_ADMIN=43003, RATIS_SERVER=43003, STANDALONE=43927], networkLocation: /default-rack, certSerialId: null, persistedOpState: IN_SERVICE, persistedOpStateExpiryEpochSec: 0}.
2022-11-18 13:06:04,612 [ReplicationMonitor] INFO  replication.LegacyReplicationManager (LegacyReplicationManager.java:sendCloseCommand(1511)) - Sending close container command for container #6 to datanode 62944fc1-681b-46bd-93f7-2482762a7b31{ip: 10.1.0.56, host: fv-az180-400.aibneqh1mxpuhl3tnnuy2ifbce.bx.internal.cloudapp.net, ports: [REPLICATION=41933, RATIS=38905, RATIS_ADMIN=38905, RATIS_SERVER=38905, STANDALONE=35895], networkLocation: /default-rack, certSerialId: null, persistedOpState: IN_SERVICE, persistedOpStateExpiryEpochSec: 0}.
2022-11-18 13:06:04,612 [ReplicationMonitor] INFO  replication.ReplicationManager (ReplicationManager.java:processAll(352)) - Replication Monitor Thread took 1 milliseconds for processing 6 containers.
2022-11-18 13:06:04,655 [om1@group-C5BA1605619E-FollowerState] INFO  impl.FollowerState (FollowerState.java:run(143)) - om1@group-C5BA1605619E-FollowerState: change to CANDIDATE, lastRpcElapsedTime:1149448676ns, electionTimeout:1149ms
2022-11-18 13:06:04,655 [om1@group-C5BA1605619E-FollowerState] INFO  impl.RoleInfo (RoleInfo.java:shutdownFollowerState(110)) - om1: shutdown om1@group-C5BA1605619E-FollowerState
2022-11-18 13:06:04,655 [om1@group-C5BA1605619E-FollowerState] INFO  server.RaftServer$Division (RaftServerImpl.java:setRole(321)) - om1@group-C5BA1605619E: changes role from  FOLLOWER to CANDIDATE at term 0 for changeToCandidate
2022-11-18 13:06:04,656 [om1@group-C5BA1605619E-FollowerState] INFO  server.RaftServerConfigKeys (ConfUtils.java:logGet(46)) - raft.server.leaderelection.pre-vote = false (custom)
2022-11-18 13:06:04,656 [om1@group-C5BA1605619E-FollowerState] INFO  impl.RoleInfo (RoleInfo.java:updateAndGet(139)) - om1: start om1@group-C5BA1605619E-LeaderElection111
2022-11-18 13:06:04,660 [om1@group-C5BA1605619E-LeaderElection111] INFO  impl.LeaderElection (LeaderElection.java:askForVotes(312)) - om1@group-C5BA1605619E-LeaderElection111 ELECTION round 0: submit vote requests at term 1 for -1: peers:[om1|rpc:localhost:36025|priority:0|startupRole:FOLLOWER]|listeners:[], old=null
2022-11-18 13:06:04,660 [om1@group-C5BA1605619E-LeaderElection111] INFO  impl.LeaderElection (LeaderElection.java:askForVotes(314)) - om1@group-C5BA1605619E-LeaderElection111 ELECTION round 0: result PASSED (term=1)
2022-11-18 13:06:04,660 [om1@group-C5BA1605619E-LeaderElection111] INFO  impl.RoleInfo (RoleInfo.java:shutdownLeaderElection(130)) - om1: shutdown om1@group-C5BA1605619E-LeaderElection111
2022-11-18 13:06:04,660 [om1@group-C5BA1605619E-LeaderElection111] INFO  server.RaftServer$Division (RaftServerImpl.java:setRole(321)) - om1@group-C5BA1605619E: changes role from CANDIDATE to LEADER at term 1 for changeToLeader
2022-11-18 13:06:04,660 [om1@group-C5BA1605619E-LeaderElection111] INFO  server.RaftServer$Division (ServerState.java:setLeader(313)) - om1@group-C5BA1605619E: change Leader from null to om1 at term 1 for becomeLeader, leader elected after 2215ms
2022-11-18 13:06:04,660 [om1@group-C5BA1605619E-LeaderElection111] INFO  server.RaftServerConfigKeys (ConfUtils.java:logGet(46)) - raft.server.staging.catchup.gap = 1000 (default)
2022-11-18 13:06:04,661 [om1@group-C5BA1605619E-LeaderElection111] INFO  server.RaftServerConfigKeys (ConfUtils.java:logGet(46)) - raft.server.write.element-limit = 4096 (default)
2022-11-18 13:06:04,661 [om1@group-C5BA1605619E-LeaderElection111] INFO  server.RaftServerConfigKeys (ConfUtils.java:logGet(46)) - raft.server.write.byte-limit = 64MB (=67108864) (default)
2022-11-18 13:06:04,662 [om1@group-C5BA1605619E-LeaderElection111] INFO  server.RaftServerConfigKeys (ConfUtils.java:logGet(46)) - raft.server.watch.timeout = 10s (default)
2022-11-18 13:06:04,662 [om1@group-C5BA1605619E-LeaderElection111] INFO  server.RaftServerConfigKeys (ConfUtils.java:logGet(46)) - raft.server.watch.timeout.denomination = 1s (default)
2022-11-18 13:06:04,663 [om1@group-C5BA1605619E-LeaderElection111] INFO  server.RaftServerConfigKeys (ConfUtils.java:logGet(46)) - raft.server.watch.element-limit = 65536 (default)
2022-11-18 13:06:04,663 [om1@group-C5BA1605619E-LeaderElection111] INFO  server.RaftServerConfigKeys (ConfUtils.java:logGet(46)) - raft.server.write.element-limit = 4096 (default)
2022-11-18 13:06:04,663 [om1@group-C5BA1605619E-LeaderElection111] INFO  server.RaftServerConfigKeys (ConfUtils.java:logGet(46)) - raft.server.write.follower.gap.ratio.max = -1.0 (default)
2022-11-18 13:06:04,663 [om1@group-C5BA1605619E-LeaderElection111] INFO  impl.RoleInfo (RoleInfo.java:updateAndGet(139)) - om1: start om1@group-C5BA1605619E-LeaderStateImpl
2022-11-18 13:06:04,663 [om1@group-C5BA1605619E-LeaderElection111] INFO  segmented.SegmentedRaftLogWorker (SegmentedRaftLogWorker.java:startLogSegment(452)) - om1@group-C5BA1605619E-SegmentedRaftLogWorker: Starting segment from index:0
2022-11-18 13:06:04,684 [om1@group-C5BA1605619E-SegmentedRaftLogWorker] INFO  segmented.SegmentedRaftLogWorker (SegmentedRaftLogWorker.java:execute(656)) - om1@group-C5BA1605619E-SegmentedRaftLogWorker: created new log segment /home/runner/work/ozone/ozone/hadoop-ozone/integration-test/target/test-dir/MiniOzoneClusterImpl-d3d67884-f8de-446f-8121-b5603e1f9142/ozone-meta/ratis/bf265839-605b-3f16-9796-c5ba1605619e/current/log_inprogress_0
2022-11-18 13:06:04,685 [om1@group-C5BA1605619E-LeaderElection111] INFO  server.RaftServer$Division (ServerState.java:setRaftConf(430)) - om1@group-C5BA1605619E: set configuration 0: peers:[om1|rpc:localhost:36025|admin:|client:|dataStream:|priority:0|startupRole:FOLLOWER]|listeners:[], old=null
2022-11-18 13:06:04,686 [om1@group-C5BA1605619E-StateMachineUpdater] INFO  ratis.OzoneManagerStateMachine (OzoneManagerStateMachine.java:notifyConfigurationChanged(192)) - Received Configuration change notification from Ratis. New Peer list:
[id: "om1"
address: "localhost:36025"
startupRole: FOLLOWER
]
2022-11-18 13:06:04,692 [Listener at 127.0.0.1/39657] INFO  reflections.Reflections (Reflections.java:scan(232)) - Reflections took 103 ms to scan 7 urls, producing 140 keys and 342 values 
2022-11-18 13:06:04,694 [Listener at 127.0.0.1/39657] INFO  statemachine.DatanodeStateMachine (DatanodeStateMachine.java:getEndPointTaskThreadPoolSize(245)) - Datanode State Machine Task Thread Pool size 2
2022-11-18 13:06:04,694 [Listener at 127.0.0.1/39657] INFO  volume.HddsVolume (HddsVolume.java:<init>(117)) - Creating HddsVolume: /home/runner/work/ozone/ozone/hadoop-ozone/integration-test/target/test-dir/MiniOzoneClusterImpl-d3d67884-f8de-446f-8121-b5603e1f9142/datanode-2/data-0/containers/hdds of storage type : DISK capacity : 9223372036854775807
2022-11-18 13:06:04,695 [Listener at 127.0.0.1/39657] INFO  volume.MutableVolumeSet (MutableVolumeSet.java:initializeVolumeSet(174)) - Added Volume : /home/runner/work/ozone/ozone/hadoop-ozone/integration-test/target/test-dir/MiniOzoneClusterImpl-d3d67884-f8de-446f-8121-b5603e1f9142/datanode-2/data-0/containers/hdds to VolumeSet
2022-11-18 13:06:04,695 [Listener at 127.0.0.1/39657] INFO  volume.ThrottledAsyncChecker (ThrottledAsyncChecker.java:schedule(141)) - Scheduling a check for /home/runner/work/ozone/ozone/hadoop-ozone/integration-test/target/test-dir/MiniOzoneClusterImpl-d3d67884-f8de-446f-8121-b5603e1f9142/datanode-2/data-0/containers/hdds
2022-11-18 13:06:04,695 [Listener at 127.0.0.1/39657] INFO  volume.StorageVolumeChecker (StorageVolumeChecker.java:checkAllVolumes(202)) - Scheduled health check for volume /home/runner/work/ozone/ozone/hadoop-ozone/integration-test/target/test-dir/MiniOzoneClusterImpl-d3d67884-f8de-446f-8121-b5603e1f9142/datanode-2/data-0/containers/hdds
2022-11-18 13:06:04,707 [Listener at 127.0.0.1/39657] INFO  volume.MutableVolumeSet (MutableVolumeSet.java:initializeVolumeSet(174)) - Added Volume : /home/runner/work/ozone/ozone/hadoop-ozone/integration-test/target/test-dir/MiniOzoneClusterImpl-d3d67884-f8de-446f-8121-b5603e1f9142/datanode-2/data/ratis to VolumeSet
2022-11-18 13:06:04,707 [Listener at 127.0.0.1/39657] INFO  volume.ThrottledAsyncChecker (ThrottledAsyncChecker.java:schedule(141)) - Scheduling a check for /home/runner/work/ozone/ozone/hadoop-ozone/integration-test/target/test-dir/MiniOzoneClusterImpl-d3d67884-f8de-446f-8121-b5603e1f9142/datanode-2/data/ratis
2022-11-18 13:06:04,707 [Listener at 127.0.0.1/39657] INFO  volume.StorageVolumeChecker (StorageVolumeChecker.java:checkAllVolumes(202)) - Scheduled health check for volume /home/runner/work/ozone/ozone/hadoop-ozone/integration-test/target/test-dir/MiniOzoneClusterImpl-d3d67884-f8de-446f-8121-b5603e1f9142/datanode-2/data/ratis
2022-11-18 13:06:04,718 [Thread-2776] INFO  ozoneimpl.ContainerReader (ContainerReader.java:readVolume(175)) - Finish verifying containers on volume /home/runner/work/ozone/ozone/hadoop-ozone/integration-test/target/test-dir/MiniOzoneClusterImpl-d3d67884-f8de-446f-8121-b5603e1f9142/datanode-2/data-0/containers/hdds
2022-11-18 13:06:04,718 [Listener at 127.0.0.1/39657] INFO  ozoneimpl.OzoneContainer (OzoneContainer.java:buildContainerSet(301)) - Build ContainerSet costs 0s
2022-11-18 13:06:04,719 [Listener at 127.0.0.1/39657] INFO  server.RaftServer (ConfUtils.java:logGet(46)) - raft.rpc.type = GRPC (default)
2022-11-18 13:06:04,719 [Listener at 127.0.0.1/39657] INFO  grpc.GrpcConfigKeys (ConfUtils.java:logFallback(53)) - raft.grpc.admin.host = null (fallback to raft.grpc.server.host)
2022-11-18 13:06:04,719 [Listener at 127.0.0.1/39657] INFO  grpc.GrpcConfigKeys (ConfUtils.java:logGet(46)) - raft.grpc.admin.port = 0 (custom)
2022-11-18 13:06:04,719 [Listener at 127.0.0.1/39657] INFO  grpc.GrpcConfigKeys (ConfUtils.java:logFallback(53)) - raft.grpc.client.host = null (fallback to raft.grpc.server.host)
2022-11-18 13:06:04,719 [Listener at 127.0.0.1/39657] INFO  grpc.GrpcConfigKeys (ConfUtils.java:logGet(46)) - raft.grpc.client.port = 0 (custom)
2022-11-18 13:06:04,719 [Listener at 127.0.0.1/39657] INFO  grpc.GrpcConfigKeys (ConfUtils.java:logGet(46)) - raft.grpc.server.host = null (default)
2022-11-18 13:06:04,719 [Listener at 127.0.0.1/39657] INFO  grpc.GrpcConfigKeys (ConfUtils.java:logGet(46)) - raft.grpc.server.port = 0 (default)
2022-11-18 13:06:04,719 [Listener at 127.0.0.1/39657] INFO  server.GrpcService (ConfUtils.java:logGet(46)) - raft.grpc.message.size.max = 32MB (=33554432) (custom)
2022-11-18 13:06:04,719 [Listener at 127.0.0.1/39657] INFO  server.RaftServerConfigKeys (ConfUtils.java:logGet(46)) - raft.server.log.appender.buffer.byte-limit = 33554432 (custom)
2022-11-18 13:06:04,720 [Listener at 127.0.0.1/39657] INFO  server.GrpcService (ConfUtils.java:logGet(46)) - raft.grpc.flow.control.window = 5MB (=5242880) (custom)
2022-11-18 13:06:04,720 [Listener at 127.0.0.1/39657] INFO  server.RaftServerConfigKeys (ConfUtils.java:logGet(46)) - raft.server.rpc.request.timeout = 60s (custom)
2022-11-18 13:06:04,720 [Listener at 127.0.0.1/39657] INFO  grpc.GrpcConfigKeys (ConfUtils.java:logGet(46)) - raft.grpc.server.heartbeat.channel = true (default)
2022-11-18 13:06:04,720 [Listener at 127.0.0.1/39657] INFO  grpc.GrpcConfigKeys (ConfUtils.java:logGet(46)) - raft.grpc.server.async.request.thread.pool.cached = true (default)
2022-11-18 13:06:04,720 [Listener at 127.0.0.1/39657] INFO  grpc.GrpcConfigKeys (ConfUtils.java:logGet(46)) - raft.grpc.server.async.request.thread.pool.size = 32 (default)
2022-11-18 13:06:04,721 [Listener at 127.0.0.1/39657] INFO  impl.DataStreamServerImpl (ConfUtils.java:logGet(46)) - raft.datastream.type = DISABLED (default)
2022-11-18 13:06:04,721 [Listener at 127.0.0.1/39657] INFO  server.RaftServerConfigKeys (ConfUtils.java:logGet(46)) - raft.server.threadpool.proxy.cached = true (default)
2022-11-18 13:06:04,721 [Listener at 127.0.0.1/39657] INFO  server.RaftServerConfigKeys (ConfUtils.java:logGet(46)) - raft.server.threadpool.proxy.size = 0 (default)
2022-11-18 13:06:04,721 [Listener at 127.0.0.1/39657] INFO  server.RaftServerConfigKeys (ConfUtils.java:logGet(46)) - raft.server.rpc.slowness.timeout = 300s (custom)
2022-11-18 13:06:04,721 [Listener at 127.0.0.1/39657] INFO  server.RaftServerConfigKeys (ConfUtils.java:logGet(46)) - raft.server.leaderelection.leader.step-down.wait-time = 10s (default)
2022-11-18 13:06:04,721 [Listener at 127.0.0.1/39657] INFO  server.RaftServerConfigKeys (ConfUtils.java:logGet(46)) - raft.server.storage.dir = [/home/runner/work/ozone/ozone/hadoop-ozone/integration-test/target/test-dir/MiniOzoneClusterImpl-d3d67884-f8de-446f-8121-b5603e1f9142/datanode-2/data/ratis] (custom)
2022-11-18 13:06:04,722 [Listener at 127.0.0.1/39657] INFO  server.XceiverServerGrpc (XceiverServerGrpc.java:<init>(132)) - GrpcServer channel type EpollServerSocketChannel
2022-11-18 13:06:04,728 [Listener at 127.0.0.1/39657] INFO  http.BaseHttpServer (BaseHttpServer.java:newHttpServer2BuilderForOzone(213)) - Starting Web-server for hddsDatanode at: http://0.0.0.0:0
2022-11-18 13:06:04,728 [Listener at 127.0.0.1/39657] INFO  http.BaseHttpServer (BaseHttpServer.java:<init>(108)) - Hadoop Security Enabled: false Ozone Security Enabled: false Ozone HTTP Security Enabled: false 
2022-11-18 13:06:04,729 [Listener at 127.0.0.1/39657] WARN  server.AuthenticationFilter (AuthenticationFilter.java:constructSecretProvider(240)) - Unable to initialize FileSignerSecretProvider, falling back to use random secrets. Reason: Could not read signature secret file: /home/runner/hadoop-http-auth-signature-secret
2022-11-18 13:06:04,729 [Listener at 127.0.0.1/39657] WARN  http.HttpRequestLog (HttpRequestLog.java:getRequestLog(103)) - Jetty request log can only be enabled using Log4j
2022-11-18 13:06:04,730 [Listener at 127.0.0.1/39657] INFO  http.HttpServer2 (HttpServer2.java:addGlobalFilter(1031)) - Added global filter 'safety' (class=org.apache.hadoop.hdds.server.http.HttpServer2$QuotingInputFilter)
2022-11-18 13:06:04,730 [Listener at 127.0.0.1/39657] INFO  http.HttpServer2 (HttpServer2.java:addFilter(1007)) - Added filter static_user_filter (class=org.apache.hadoop.http.lib.StaticUserWebFilter$StaticUserFilter) to context hddsDatanode
2022-11-18 13:06:04,730 [Listener at 127.0.0.1/39657] INFO  http.HttpServer2 (HttpServer2.java:addFilter(1015)) - Added filter static_user_filter (class=org.apache.hadoop.http.lib.StaticUserWebFilter$StaticUserFilter) to context static
2022-11-18 13:06:04,730 [Listener at 127.0.0.1/39657] INFO  http.HttpServer2 (HttpServer2.java:addFilter(1015)) - Added filter static_user_filter (class=org.apache.hadoop.http.lib.StaticUserWebFilter$StaticUserFilter) to context logs
2022-11-18 13:06:04,731 [Listener at 127.0.0.1/39657] INFO  http.HttpServer2 (HttpServer2.java:bindListener(1250)) - Jetty bound to port 38977
2022-11-18 13:06:04,731 [Listener at 127.0.0.1/39657] INFO  server.Server (Server.java:doStart(375)) - jetty-9.4.49.v20220914; built: 2022-09-14T01:07:36.601Z; git: 4231a3b2e4cb8548a412a789936d640a97b1aa0a; jvm 1.8.0_345-b01
2022-11-18 13:06:04,738 [Listener at 127.0.0.1/39657] INFO  server.session (DefaultSessionIdManager.java:doStart(334)) - DefaultSessionIdManager workerName=node0
2022-11-18 13:06:04,739 [Listener at 127.0.0.1/39657] INFO  server.session (DefaultSessionIdManager.java:doStart(339)) - No SessionScavenger set, using defaults
2022-11-18 13:06:04,739 [Listener at 127.0.0.1/39657] INFO  server.session (HouseKeeper.java:startScavenging(132)) - node0 Scavenging every 600000ms
2022-11-18 13:06:04,739 [Listener at 127.0.0.1/39657] INFO  handler.ContextHandler (ContextHandler.java:doStart(921)) - Started o.e.j.s.ServletContextHandler@406c1d55{logs,/logs,file:///home/runner/work/ozone/ozone/hadoop-ozone/integration-test/target/log,AVAILABLE}
2022-11-18 13:06:04,739 [Listener at 127.0.0.1/39657] INFO  handler.ContextHandler (ContextHandler.java:doStart(921)) - Started o.e.j.s.ServletContextHandler@3268d28c{static,/static,jar:file:/home/runner/.m2/repository/org/apache/ozone/hdds-container-service/1.3.0-SNAPSHOT/hdds-container-service-1.3.0-SNAPSHOT.jar!/webapps/static,AVAILABLE}
2022-11-18 13:06:04,818 [ReplicationMonitor] INFO  replication.ReplicationManager (ReplicationManager.java:processAll(319)) - Replication Manager is not ready to run until 3000ms after safemode exit
2022-11-18 13:06:05,030 [Listener at 127.0.0.1/39657] INFO  handler.ContextHandler (ContextHandler.java:doStart(921)) - Started o.e.j.w.WebAppContext@49a0237a{hddsDatanode,/,file:///tmp/jetty-0_0_0_0-38977-hdds-container-service-1_3_0-SNAPSHOT_jar-_-any-6372780978366462374/webapp/,AVAILABLE}{jar:file:/home/runner/.m2/repository/org/apache/ozone/hdds-container-service/1.3.0-SNAPSHOT/hdds-container-service-1.3.0-SNAPSHOT.jar!/webapps/hddsDatanode}
2022-11-18 13:06:05,039 [Listener at 127.0.0.1/39657] INFO  server.AbstractConnector (AbstractConnector.java:doStart(333)) - Started ServerConnector@53e40a8e{HTTP/1.1, (http/1.1)}{0.0.0.0:38977}
2022-11-18 13:06:05,039 [Listener at 127.0.0.1/39657] INFO  server.Server (Server.java:doStart(415)) - Started @158532ms
2022-11-18 13:06:05,039 [Listener at 127.0.0.1/39657] WARN  impl.MetricsSystemImpl (MetricsSystemImpl.java:register(279)) - Sink prometheus already exists!
2022-11-18 13:06:05,040 [Listener at 127.0.0.1/39657] INFO  http.BaseHttpServer (BaseHttpServer.java:updateConnectorAddress(333)) - HTTP server of hddsDatanode listening at http://0.0.0.0:38977
2022-11-18 13:06:05,040 [Listener at 127.0.0.1/39657] WARN  impl.MetricRegistriesImpl (MetricRegistriesImpl.java:addReporterRegistration(111)) - New reporters are added after registries were created. Some metrics will be missing from the reporter. Please add reporter before adding any new registry.
2022-11-18 13:06:05,040 [Listener at 127.0.0.1/39657] WARN  impl.MetricRegistriesImpl (MetricRegistriesImpl.java:addReporterRegistration(111)) - New reporters are added after registries were created. Some metrics will be missing from the reporter. Please add reporter before adding any new registry.
2022-11-18 13:06:05,040 [Listener at 127.0.0.1/39657] INFO  impl.MetricsSystemImpl (MetricsSystemImpl.java:init(158)) - HddsDatanode metrics system started (again)
2022-11-18 13:06:05,047 [Datanode State Machine Daemon Thread] INFO  statemachine.DatanodeStateMachine (DatanodeStateMachine.java:lambda$startDaemon$0(505)) - Ozone container server started.
2022-11-18 13:06:05,052 [Listener at 127.0.0.1/39657] INFO  ozone.HddsDatanodeService (HddsDatanodeService.java:start(236)) - HddsDatanodeService host:fv-az180-400.aibneqh1mxpuhl3tnnuy2ifbce.bx.internal.cloudapp.net ip:10.1.0.56
2022-11-18 13:06:05,067 [org.apache.hadoop.util.JvmPauseMonitor$Monitor@1b7ea4bc] INFO  util.JvmPauseMonitor (JvmPauseMonitor.java:run(188)) - Starting JVM pause monitor
2022-11-18 13:06:05,069 [Datanode State Machine Task Thread - 0] INFO  datanode.InitDatanodeState (InitDatanodeState.java:persistContainerDatanodeDetails(138)) - DatanodeDetails is persisted to /home/runner/work/ozone/ozone/hadoop-ozone/integration-test/target/test-dir/MiniOzoneClusterImpl-d3d67884-f8de-446f-8121-b5603e1f9142/datanode-2/meta/datanode.id
2022-11-18 13:06:05,074 [Listener at 127.0.0.1/39657] INFO  upgrade.AbstractLayoutVersionManager (AbstractLayoutVersionManager.java:init(83)) - Initializing Layout version manager with metadata layout = DATANODE_SCHEMA_V3 (version = 4), software layout = DATANODE_SCHEMA_V3 (version = 4)
2022-11-18 13:06:05,124 [Listener at 127.0.0.1/39657] INFO  reflections.Reflections (Reflections.java:scan(232)) - Reflections took 49 ms to scan 7 urls, producing 140 keys and 342 values 
2022-11-18 13:06:05,126 [Listener at 127.0.0.1/39657] INFO  statemachine.DatanodeStateMachine (DatanodeStateMachine.java:getEndPointTaskThreadPoolSize(245)) - Datanode State Machine Task Thread Pool size 2
2022-11-18 13:06:05,127 [Listener at 127.0.0.1/39657] INFO  volume.HddsVolume (HddsVolume.java:<init>(117)) - Creating HddsVolume: /home/runner/work/ozone/ozone/hadoop-ozone/integration-test/target/test-dir/MiniOzoneClusterImpl-d3d67884-f8de-446f-8121-b5603e1f9142/datanode-3/data-0/containers/hdds of storage type : DISK capacity : 9223372036854775807
2022-11-18 13:06:05,127 [Listener at 127.0.0.1/39657] INFO  volume.MutableVolumeSet (MutableVolumeSet.java:initializeVolumeSet(174)) - Added Volume : /home/runner/work/ozone/ozone/hadoop-ozone/integration-test/target/test-dir/MiniOzoneClusterImpl-d3d67884-f8de-446f-8121-b5603e1f9142/datanode-3/data-0/containers/hdds to VolumeSet
2022-11-18 13:06:05,127 [Listener at 127.0.0.1/39657] INFO  volume.ThrottledAsyncChecker (ThrottledAsyncChecker.java:schedule(141)) - Scheduling a check for /home/runner/work/ozone/ozone/hadoop-ozone/integration-test/target/test-dir/MiniOzoneClusterImpl-d3d67884-f8de-446f-8121-b5603e1f9142/datanode-3/data-0/containers/hdds
2022-11-18 13:06:05,128 [Listener at 127.0.0.1/39657] INFO  volume.StorageVolumeChecker (StorageVolumeChecker.java:checkAllVolumes(202)) - Scheduled health check for volume /home/runner/work/ozone/ozone/hadoop-ozone/integration-test/target/test-dir/MiniOzoneClusterImpl-d3d67884-f8de-446f-8121-b5603e1f9142/datanode-3/data-0/containers/hdds
2022-11-18 13:06:05,140 [Listener at 127.0.0.1/39657] INFO  volume.MutableVolumeSet (MutableVolumeSet.java:initializeVolumeSet(174)) - Added Volume : /home/runner/work/ozone/ozone/hadoop-ozone/integration-test/target/test-dir/MiniOzoneClusterImpl-d3d67884-f8de-446f-8121-b5603e1f9142/datanode-3/data/ratis to VolumeSet
2022-11-18 13:06:05,140 [Listener at 127.0.0.1/39657] INFO  volume.ThrottledAsyncChecker (ThrottledAsyncChecker.java:schedule(141)) - Scheduling a check for /home/runner/work/ozone/ozone/hadoop-ozone/integration-test/target/test-dir/MiniOzoneClusterImpl-d3d67884-f8de-446f-8121-b5603e1f9142/datanode-3/data/ratis
2022-11-18 13:06:05,140 [Listener at 127.0.0.1/39657] INFO  volume.StorageVolumeChecker (StorageVolumeChecker.java:checkAllVolumes(202)) - Scheduled health check for volume /home/runner/work/ozone/ozone/hadoop-ozone/integration-test/target/test-dir/MiniOzoneClusterImpl-d3d67884-f8de-446f-8121-b5603e1f9142/datanode-3/data/ratis
2022-11-18 13:06:05,160 [Thread-2789] INFO  ozoneimpl.ContainerReader (ContainerReader.java:readVolume(175)) - Finish verifying containers on volume /home/runner/work/ozone/ozone/hadoop-ozone/integration-test/target/test-dir/MiniOzoneClusterImpl-d3d67884-f8de-446f-8121-b5603e1f9142/datanode-3/data-0/containers/hdds
2022-11-18 13:06:05,160 [Listener at 127.0.0.1/39657] INFO  ozoneimpl.OzoneContainer (OzoneContainer.java:buildContainerSet(301)) - Build ContainerSet costs 0s
2022-11-18 13:06:05,162 [Listener at 127.0.0.1/39657] INFO  server.RaftServer (ConfUtils.java:logGet(46)) - raft.rpc.type = GRPC (default)
2022-11-18 13:06:05,162 [Listener at 127.0.0.1/39657] INFO  grpc.GrpcConfigKeys (ConfUtils.java:logFallback(53)) - raft.grpc.admin.host = null (fallback to raft.grpc.server.host)
2022-11-18 13:06:05,162 [Listener at 127.0.0.1/39657] INFO  grpc.GrpcConfigKeys (ConfUtils.java:logGet(46)) - raft.grpc.admin.port = 0 (custom)
2022-11-18 13:06:05,162 [Listener at 127.0.0.1/39657] INFO  grpc.GrpcConfigKeys (ConfUtils.java:logFallback(53)) - raft.grpc.client.host = null (fallback to raft.grpc.server.host)
2022-11-18 13:06:05,162 [Listener at 127.0.0.1/39657] INFO  grpc.GrpcConfigKeys (ConfUtils.java:logGet(46)) - raft.grpc.client.port = 0 (custom)
2022-11-18 13:06:05,162 [Listener at 127.0.0.1/39657] INFO  grpc.GrpcConfigKeys (ConfUtils.java:logGet(46)) - raft.grpc.server.host = null (default)
2022-11-18 13:06:05,162 [Listener at 127.0.0.1/39657] INFO  grpc.GrpcConfigKeys (ConfUtils.java:logGet(46)) - raft.grpc.server.port = 0 (default)
2022-11-18 13:06:05,162 [Listener at 127.0.0.1/39657] INFO  server.GrpcService (ConfUtils.java:logGet(46)) - raft.grpc.message.size.max = 32MB (=33554432) (custom)
2022-11-18 13:06:05,162 [Listener at 127.0.0.1/39657] INFO  server.RaftServerConfigKeys (ConfUtils.java:logGet(46)) - raft.server.log.appender.buffer.byte-limit = 33554432 (custom)
2022-11-18 13:06:05,163 [Listener at 127.0.0.1/39657] INFO  server.GrpcService (ConfUtils.java:logGet(46)) - raft.grpc.flow.control.window = 5MB (=5242880) (custom)
2022-11-18 13:06:05,163 [Listener at 127.0.0.1/39657] INFO  server.RaftServerConfigKeys (ConfUtils.java:logGet(46)) - raft.server.rpc.request.timeout = 60s (custom)
2022-11-18 13:06:05,163 [Listener at 127.0.0.1/39657] INFO  grpc.GrpcConfigKeys (ConfUtils.java:logGet(46)) - raft.grpc.server.heartbeat.channel = true (default)
2022-11-18 13:06:05,163 [Listener at 127.0.0.1/39657] INFO  grpc.GrpcConfigKeys (ConfUtils.java:logGet(46)) - raft.grpc.server.async.request.thread.pool.cached = true (default)
2022-11-18 13:06:05,163 [Listener at 127.0.0.1/39657] INFO  grpc.GrpcConfigKeys (ConfUtils.java:logGet(46)) - raft.grpc.server.async.request.thread.pool.size = 32 (default)
2022-11-18 13:06:05,164 [Listener at 127.0.0.1/39657] INFO  impl.DataStreamServerImpl (ConfUtils.java:logGet(46)) - raft.datastream.type = DISABLED (default)
2022-11-18 13:06:05,164 [Listener at 127.0.0.1/39657] INFO  server.RaftServerConfigKeys (ConfUtils.java:logGet(46)) - raft.server.threadpool.proxy.cached = true (default)
2022-11-18 13:06:05,164 [Listener at 127.0.0.1/39657] INFO  server.RaftServerConfigKeys (ConfUtils.java:logGet(46)) - raft.server.threadpool.proxy.size = 0 (default)
2022-11-18 13:06:05,164 [Listener at 127.0.0.1/39657] INFO  server.RaftServerConfigKeys (ConfUtils.java:logGet(46)) - raft.server.rpc.slowness.timeout = 300s (custom)
2022-11-18 13:06:05,164 [Listener at 127.0.0.1/39657] INFO  server.RaftServerConfigKeys (ConfUtils.java:logGet(46)) - raft.server.leaderelection.leader.step-down.wait-time = 10s (default)
2022-11-18 13:06:05,165 [Listener at 127.0.0.1/39657] INFO  server.RaftServerConfigKeys (ConfUtils.java:logGet(46)) - raft.server.storage.dir = [/home/runner/work/ozone/ozone/hadoop-ozone/integration-test/target/test-dir/MiniOzoneClusterImpl-d3d67884-f8de-446f-8121-b5603e1f9142/datanode-3/data/ratis] (custom)
2022-11-18 13:06:05,177 [Listener at 127.0.0.1/39657] INFO  server.XceiverServerGrpc (XceiverServerGrpc.java:<init>(132)) - GrpcServer channel type EpollServerSocketChannel
2022-11-18 13:06:05,189 [Listener at 127.0.0.1/39657] INFO  http.BaseHttpServer (BaseHttpServer.java:newHttpServer2BuilderForOzone(213)) - Starting Web-server for hddsDatanode at: http://0.0.0.0:0
2022-11-18 13:06:05,189 [Listener at 127.0.0.1/39657] INFO  http.BaseHttpServer (BaseHttpServer.java:<init>(108)) - Hadoop Security Enabled: false Ozone Security Enabled: false Ozone HTTP Security Enabled: false 
2022-11-18 13:06:05,190 [Listener at 127.0.0.1/39657] WARN  server.AuthenticationFilter (AuthenticationFilter.java:constructSecretProvider(240)) - Unable to initialize FileSignerSecretProvider, falling back to use random secrets. Reason: Could not read signature secret file: /home/runner/hadoop-http-auth-signature-secret
2022-11-18 13:06:05,200 [Listener at 127.0.0.1/39657] WARN  http.HttpRequestLog (HttpRequestLog.java:getRequestLog(103)) - Jetty request log can only be enabled using Log4j
2022-11-18 13:06:05,201 [Listener at 127.0.0.1/39657] INFO  http.HttpServer2 (HttpServer2.java:addGlobalFilter(1031)) - Added global filter 'safety' (class=org.apache.hadoop.hdds.server.http.HttpServer2$QuotingInputFilter)
2022-11-18 13:06:05,202 [Listener at 127.0.0.1/39657] INFO  http.HttpServer2 (HttpServer2.java:addFilter(1007)) - Added filter static_user_filter (class=org.apache.hadoop.http.lib.StaticUserWebFilter$StaticUserFilter) to context hddsDatanode
2022-11-18 13:06:05,202 [Listener at 127.0.0.1/39657] INFO  http.HttpServer2 (HttpServer2.java:addFilter(1015)) - Added filter static_user_filter (class=org.apache.hadoop.http.lib.StaticUserWebFilter$StaticUserFilter) to context static
2022-11-18 13:06:05,202 [Listener at 127.0.0.1/39657] INFO  http.HttpServer2 (HttpServer2.java:addFilter(1015)) - Added filter static_user_filter (class=org.apache.hadoop.http.lib.StaticUserWebFilter$StaticUserFilter) to context logs
2022-11-18 13:06:05,202 [Listener at 127.0.0.1/39657] INFO  http.HttpServer2 (HttpServer2.java:bindListener(1250)) - Jetty bound to port 37169
2022-11-18 13:06:05,203 [Listener at 127.0.0.1/39657] INFO  server.Server (Server.java:doStart(375)) - jetty-9.4.49.v20220914; built: 2022-09-14T01:07:36.601Z; git: 4231a3b2e4cb8548a412a789936d640a97b1aa0a; jvm 1.8.0_345-b01
2022-11-18 13:06:05,240 [Listener at 127.0.0.1/39657] INFO  server.session (DefaultSessionIdManager.java:doStart(334)) - DefaultSessionIdManager workerName=node0
2022-11-18 13:06:05,240 [Listener at 127.0.0.1/39657] INFO  server.session (DefaultSessionIdManager.java:doStart(339)) - No SessionScavenger set, using defaults
2022-11-18 13:06:05,240 [Listener at 127.0.0.1/39657] INFO  server.session (HouseKeeper.java:startScavenging(132)) - node0 Scavenging every 660000ms
2022-11-18 13:06:05,266 [Listener at 127.0.0.1/39657] INFO  handler.ContextHandler (ContextHandler.java:doStart(921)) - Started o.e.j.s.ServletContextHandler@45bcaa63{logs,/logs,file:///home/runner/work/ozone/ozone/hadoop-ozone/integration-test/target/log,AVAILABLE}
2022-11-18 13:06:05,266 [Listener at 127.0.0.1/39657] INFO  handler.ContextHandler (ContextHandler.java:doStart(921)) - Started o.e.j.s.ServletContextHandler@1bfe56ab{static,/static,jar:file:/home/runner/.m2/repository/org/apache/ozone/hdds-container-service/1.3.0-SNAPSHOT/hdds-container-service-1.3.0-SNAPSHOT.jar!/webapps/static,AVAILABLE}
2022-11-18 13:06:05,416 [Command processor thread] INFO  server.RaftServer (RaftServerProxy.java:remove(107)) - 62944fc1-681b-46bd-93f7-2482762a7b31: remove  FOLLOWER 62944fc1-681b-46bd-93f7-2482762a7b31@group-4C8F722A4F78:t6, leader=277e5bbd-414d-4f19-87c3-552c8f153d3d, voted=277e5bbd-414d-4f19-87c3-552c8f153d3d, raftlog=Memoized:62944fc1-681b-46bd-93f7-2482762a7b31@group-4C8F722A4F78-SegmentedRaftLog:OPENED:c39, conf=0: peers:[cb27b585-024b-4029-854c-b46b41cc55c7|rpc:10.1.0.56:45595|dataStream:|priority:0|startupRole:FOLLOWER, 277e5bbd-414d-4f19-87c3-552c8f153d3d|rpc:10.1.0.56:43003|dataStream:|priority:1|startupRole:FOLLOWER, 62944fc1-681b-46bd-93f7-2482762a7b31|rpc:10.1.0.56:38905|dataStream:|priority:0|startupRole:FOLLOWER]|listeners:[], old=null RUNNING
2022-11-18 13:06:05,417 [Command processor thread] INFO  server.RaftServer$Division (RaftServerImpl.java:lambda$close$4(458)) - 62944fc1-681b-46bd-93f7-2482762a7b31@group-4C8F722A4F78: shutdown
2022-11-18 13:06:05,417 [Command processor thread] INFO  util.JmxRegister (JmxRegister.java:unregister(73)) - Successfully un-registered JMX Bean with object name Ratis:service=RaftServer,group=group-4C8F722A4F78,id=62944fc1-681b-46bd-93f7-2482762a7b31
2022-11-18 13:06:05,417 [Command processor thread] INFO  impl.RoleInfo (RoleInfo.java:shutdownFollowerState(110)) - 62944fc1-681b-46bd-93f7-2482762a7b31: shutdown 62944fc1-681b-46bd-93f7-2482762a7b31@group-4C8F722A4F78-FollowerState
2022-11-18 13:06:05,417 [Command processor thread] INFO  impl.StateMachineUpdater (StateMachineUpdater.java:stopAndJoin(153)) - 62944fc1-681b-46bd-93f7-2482762a7b31@group-4C8F722A4F78-StateMachineUpdater: set stopIndex = 39
2022-11-18 13:06:05,417 [62944fc1-681b-46bd-93f7-2482762a7b31@group-4C8F722A4F78-FollowerState] INFO  impl.FollowerState (FollowerState.java:run(152)) - 62944fc1-681b-46bd-93f7-2482762a7b31@group-4C8F722A4F78-FollowerState was interrupted
2022-11-18 13:06:05,418 [62944fc1-681b-46bd-93f7-2482762a7b31@group-4C8F722A4F78-StateMachineUpdater] INFO  ratis.ContainerStateMachine (ContainerStateMachine.java:takeSnapshot(304)) - group-4C8F722A4F78: Taking a snapshot at:(t:6, i:39) file /home/runner/work/ozone/ozone/hadoop-ozone/integration-test/target/test-dir/MiniOzoneClusterImpl-20da3918-ad77-4149-a4e0-3f3018d8b094/datanode-4/data/ratis/a9c36cfe-0ab6-4955-9775-4c8f722a4f78/sm/snapshot.6_39
2022-11-18 13:06:05,417 [Command processor thread] INFO  server.RaftServer (RaftServerProxy.java:remove(107)) - cb27b585-024b-4029-854c-b46b41cc55c7: remove    LEADER cb27b585-024b-4029-854c-b46b41cc55c7@group-1BF7100A1E1C:t1, leader=cb27b585-024b-4029-854c-b46b41cc55c7, voted=cb27b585-024b-4029-854c-b46b41cc55c7, raftlog=Memoized:cb27b585-024b-4029-854c-b46b41cc55c7@group-1BF7100A1E1C-SegmentedRaftLog:OPENED:c0, conf=0: peers:[cb27b585-024b-4029-854c-b46b41cc55c7|rpc:10.1.0.56:45595|dataStream:|priority:1|startupRole:FOLLOWER]|listeners:[], old=null RUNNING
2022-11-18 13:06:05,418 [EventQueue-PipelineReportForPipelineReportHandler] INFO  pipeline.PipelineReportHandler (PipelineReportHandler.java:processPipelineReport(115)) - Reported pipeline PipelineID=a9c36cfe-0ab6-4955-9775-4c8f722a4f78 is not found
2022-11-18 13:06:05,417 [Command processor thread] INFO  server.RaftServer (RaftServerProxy.java:remove(107)) - 277e5bbd-414d-4f19-87c3-552c8f153d3d: remove    LEADER 277e5bbd-414d-4f19-87c3-552c8f153d3d@group-4C8F722A4F78:t6, leader=277e5bbd-414d-4f19-87c3-552c8f153d3d, voted=277e5bbd-414d-4f19-87c3-552c8f153d3d, raftlog=Memoized:277e5bbd-414d-4f19-87c3-552c8f153d3d@group-4C8F722A4F78-SegmentedRaftLog:OPENED:c39, conf=0: peers:[cb27b585-024b-4029-854c-b46b41cc55c7|rpc:10.1.0.56:45595|dataStream:|priority:0|startupRole:FOLLOWER, 277e5bbd-414d-4f19-87c3-552c8f153d3d|rpc:10.1.0.56:43003|dataStream:|priority:1|startupRole:FOLLOWER, 62944fc1-681b-46bd-93f7-2482762a7b31|rpc:10.1.0.56:38905|dataStream:|priority:0|startupRole:FOLLOWER]|listeners:[], old=null RUNNING
2022-11-18 13:06:05,421 [Command processor thread] INFO  server.RaftServer$Division (RaftServerImpl.java:lambda$close$4(458)) - 277e5bbd-414d-4f19-87c3-552c8f153d3d@group-4C8F722A4F78: shutdown
2022-11-18 13:06:05,421 [Command processor thread] INFO  util.JmxRegister (JmxRegister.java:unregister(73)) - Successfully un-registered JMX Bean with object name Ratis:service=RaftServer,group=group-4C8F722A4F78,id=277e5bbd-414d-4f19-87c3-552c8f153d3d
2022-11-18 13:06:05,421 [Command processor thread] INFO  impl.RoleInfo (RoleInfo.java:shutdownLeaderState(93)) - 277e5bbd-414d-4f19-87c3-552c8f153d3d: shutdown 277e5bbd-414d-4f19-87c3-552c8f153d3d@group-4C8F722A4F78-LeaderStateImpl
2022-11-18 13:06:05,421 [Command processor thread] INFO  impl.PendingRequests (PendingRequests.java:sendNotLeaderResponses(282)) - 277e5bbd-414d-4f19-87c3-552c8f153d3d@group-4C8F722A4F78-PendingRequests: sendNotLeaderResponses
2022-11-18 13:06:05,418 [Command processor thread] INFO  server.RaftServer$Division (RaftServerImpl.java:lambda$close$4(458)) - cb27b585-024b-4029-854c-b46b41cc55c7@group-1BF7100A1E1C: shutdown
2022-11-18 13:06:05,434 [Command processor thread] INFO  util.JmxRegister (JmxRegister.java:unregister(73)) - Successfully un-registered JMX Bean with object name Ratis:service=RaftServer,group=group-1BF7100A1E1C,id=cb27b585-024b-4029-854c-b46b41cc55c7
2022-11-18 13:06:05,432 [62944fc1-681b-46bd-93f7-2482762a7b31@group-4C8F722A4F78-StateMachineUpdater] INFO  ratis.ContainerStateMachine (ContainerStateMachine.java:takeSnapshot(315)) - group-4C8F722A4F78: Finished taking a snapshot at:(t:6, i:39) file:/home/runner/work/ozone/ozone/hadoop-ozone/integration-test/target/test-dir/MiniOzoneClusterImpl-20da3918-ad77-4149-a4e0-3f3018d8b094/datanode-4/data/ratis/a9c36cfe-0ab6-4955-9775-4c8f722a4f78/sm/snapshot.6_39 took: 14 ms
2022-11-18 13:06:05,434 [62944fc1-681b-46bd-93f7-2482762a7b31@group-4C8F722A4F78-StateMachineUpdater] INFO  impl.StateMachineUpdater (StateMachineUpdater.java:takeSnapshot(287)) - 62944fc1-681b-46bd-93f7-2482762a7b31@group-4C8F722A4F78-StateMachineUpdater: Took a snapshot at index 39
2022-11-18 13:06:05,434 [62944fc1-681b-46bd-93f7-2482762a7b31@group-4C8F722A4F78-StateMachineUpdater] INFO  impl.StateMachineUpdater (StateMachineUpdater.java:lambda$new$0(92)) - 62944fc1-681b-46bd-93f7-2482762a7b31@group-4C8F722A4F78-StateMachineUpdater: snapshotIndex: updateIncreasingly -1 -> 39
2022-11-18 13:06:05,434 [277e5bbd-414d-4f19-87c3-552c8f153d3d@group-4C8F722A4F78->62944fc1-681b-46bd-93f7-2482762a7b31-GrpcLogAppender-LogAppenderDaemon] WARN  server.GrpcLogAppender (GrpcLogAppender.java:mayWait(200)) - 277e5bbd-414d-4f19-87c3-552c8f153d3d@group-4C8F722A4F78->62944fc1-681b-46bd-93f7-2482762a7b31-GrpcLogAppender: Wait interrupted by java.lang.InterruptedException
2022-11-18 13:06:05,434 [Command processor thread] INFO  impl.RoleInfo (RoleInfo.java:shutdownLeaderState(93)) - cb27b585-024b-4029-854c-b46b41cc55c7: shutdown cb27b585-024b-4029-854c-b46b41cc55c7@group-1BF7100A1E1C-LeaderStateImpl
2022-11-18 13:06:05,434 [Command processor thread] INFO  impl.PendingRequests (PendingRequests.java:sendNotLeaderResponses(282)) - cb27b585-024b-4029-854c-b46b41cc55c7@group-1BF7100A1E1C-PendingRequests: sendNotLeaderResponses
2022-11-18 13:06:05,435 [Command processor thread] INFO  impl.StateMachineUpdater (StateMachineUpdater.java:stopAndJoin(153)) - cb27b585-024b-4029-854c-b46b41cc55c7@group-1BF7100A1E1C-StateMachineUpdater: set stopIndex = 0
2022-11-18 13:06:05,435 [Command processor thread] INFO  server.RaftServer$Division (ServerState.java:close(466)) - 62944fc1-681b-46bd-93f7-2482762a7b31@group-4C8F722A4F78: closes. applyIndex: 39
2022-11-18 13:06:05,436 [62944fc1-681b-46bd-93f7-2482762a7b31@group-4C8F722A4F78-SegmentedRaftLogWorker] INFO  segmented.SegmentedRaftLogWorker (SegmentedRaftLogWorker.java:run(345)) - 62944fc1-681b-46bd-93f7-2482762a7b31@group-4C8F722A4F78-SegmentedRaftLogWorker was interrupted, exiting. There are 0 tasks remaining in the queue.
2022-11-18 13:06:05,436 [grpc-default-executor-6] INFO  server.GrpcServerProtocolService (GrpcServerProtocolService.java:onCompleted(145)) - 62944fc1-681b-46bd-93f7-2482762a7b31: Completed APPEND_ENTRIES, lastRequest: 277e5bbd-414d-4f19-87c3-552c8f153d3d->62944fc1-681b-46bd-93f7-2482762a7b31#160-t6,previous=(t:6, i:38),leaderCommit=38,initializing? true,entries: size=1, first=(t:6, i:39), METADATAENTRY(c:38)
2022-11-18 13:06:05,436 [grpc-default-executor-0] INFO  server.GrpcServerProtocolService (GrpcServerProtocolService.java:onCompleted(145)) - 62944fc1-681b-46bd-93f7-2482762a7b31: Completed APPEND_ENTRIES, lastRequest: null
2022-11-18 13:06:05,436 [Under Replicated Processor] INFO  replication.UnderReplicatedProcessor (UnderReplicatedProcessor.java:processAll(92)) - Processed 0 under replicated containers, failed processing 0
2022-11-18 13:06:05,437 [277e5bbd-414d-4f19-87c3-552c8f153d3d@group-4C8F722A4F78->cb27b585-024b-4029-854c-b46b41cc55c7-GrpcLogAppender-LogAppenderDaemon] WARN  server.GrpcLogAppender (GrpcLogAppender.java:mayWait(200)) - 277e5bbd-414d-4f19-87c3-552c8f153d3d@group-4C8F722A4F78->cb27b585-024b-4029-854c-b46b41cc55c7-GrpcLogAppender: Wait interrupted by java.lang.InterruptedException
2022-11-18 13:06:05,438 [grpc-default-executor-5] INFO  server.GrpcLogAppender (GrpcLogAppender.java:onCompleted(415)) - 277e5bbd-414d-4f19-87c3-552c8f153d3d@group-4C8F722A4F78->62944fc1-681b-46bd-93f7-2482762a7b31-AppendLogResponseHandler: follower responses appendEntries COMPLETED
2022-11-18 13:06:05,438 [grpc-default-executor-5] INFO  leader.FollowerInfo (FollowerInfoImpl.java:lambda$new$0(48)) - 277e5bbd-414d-4f19-87c3-552c8f153d3d@group-4C8F722A4F78->62944fc1-681b-46bd-93f7-2482762a7b31: nextIndex: updateUnconditionally 40 -> 39
2022-11-18 13:06:05,438 [grpc-default-executor-2] INFO  server.GrpcServerProtocolService (GrpcServerProtocolService.java:onCompleted(145)) - cb27b585-024b-4029-854c-b46b41cc55c7: Completed APPEND_ENTRIES, lastRequest: null
2022-11-18 13:06:05,438 [grpc-default-executor-0] INFO  server.GrpcLogAppender (GrpcLogAppender.java:onCompleted(415)) - 277e5bbd-414d-4f19-87c3-552c8f153d3d@group-4C8F722A4F78->62944fc1-681b-46bd-93f7-2482762a7b31-AppendLogResponseHandler: follower responses appendEntries COMPLETED
2022-11-18 13:06:05,438 [grpc-default-executor-0] INFO  leader.FollowerInfo (FollowerInfoImpl.java:lambda$new$0(48)) - 277e5bbd-414d-4f19-87c3-552c8f153d3d@group-4C8F722A4F78->62944fc1-681b-46bd-93f7-2482762a7b31: nextIndex: updateUnconditionally 39 -> 38
2022-11-18 13:06:05,439 [Command processor thread] INFO  segmented.SegmentedRaftLogWorker (SegmentedRaftLogWorker.java:close(255)) - 62944fc1-681b-46bd-93f7-2482762a7b31@group-4C8F722A4F78-SegmentedRaftLogWorker close()
2022-11-18 13:06:05,439 [cb27b585-024b-4029-854c-b46b41cc55c7@group-1BF7100A1E1C-StateMachineUpdater] INFO  ratis.ContainerStateMachine (ContainerStateMachine.java:takeSnapshot(304)) - group-1BF7100A1E1C: Taking a snapshot at:(t:1, i:0) file /home/runner/work/ozone/ozone/hadoop-ozone/integration-test/target/test-dir/MiniOzoneClusterImpl-20da3918-ad77-4149-a4e0-3f3018d8b094/datanode-3/data/ratis/8de6b818-c12b-4c6c-bee9-1bf7100a1e1c/sm/snapshot.1_0
2022-11-18 13:06:05,439 [grpc-default-executor-0] INFO  server.GrpcServerProtocolService (GrpcServerProtocolService.java:onCompleted(145)) - cb27b585-024b-4029-854c-b46b41cc55c7: Completed APPEND_ENTRIES, lastRequest: 277e5bbd-414d-4f19-87c3-552c8f153d3d->cb27b585-024b-4029-854c-b46b41cc55c7#175-t6,previous=(t:6, i:38),leaderCommit=38,initializing? true,entries: size=1, first=(t:6, i:39), METADATAENTRY(c:38)
2022-11-18 13:06:05,439 [ReplicationMonitor] INFO  replication.LegacyReplicationManager (LegacyReplicationManager.java:sendCloseCommand(1511)) - Sending close container command for container #3 to datanode a36f0c9e-34c7-41e1-90e2-5c691522fdfd{ip: 10.1.0.56, host: fv-az180-400.aibneqh1mxpuhl3tnnuy2ifbce.bx.internal.cloudapp.net, ports: [REPLICATION=43001, RATIS=35103, RATIS_ADMIN=35103, RATIS_SERVER=35103, STANDALONE=34509], networkLocation: /default-rack, certSerialId: null, persistedOpState: IN_SERVICE, persistedOpStateExpiryEpochSec: 0}.
2022-11-18 13:06:05,439 [ReplicationMonitor] INFO  replication.LegacyReplicationManager (LegacyReplicationManager.java:sendCloseCommand(1511)) - Sending close container command for container #3 to datanode 4e1bc70a-c48e-454c-859f-0f8175dd606b{ip: 10.1.0.56, host: fv-az180-400.aibneqh1mxpuhl3tnnuy2ifbce.bx.internal.cloudapp.net, ports: [REPLICATION=44557, RATIS=45923, RATIS_ADMIN=45923, RATIS_SERVER=45923, STANDALONE=33695], networkLocation: /default-rack, certSerialId: null, persistedOpState: IN_SERVICE, persistedOpStateExpiryEpochSec: 0}.
2022-11-18 13:06:05,439 [ReplicationMonitor] INFO  replication.LegacyReplicationManager (LegacyReplicationManager.java:sendCloseCommand(1511)) - Sending close container command for container #3 to datanode 1bb9cbb4-eec0-4324-8de7-fca776b53f2b{ip: 10.1.0.56, host: fv-az180-400.aibneqh1mxpuhl3tnnuy2ifbce.bx.internal.cloudapp.net, ports: [REPLICATION=45141, RATIS=44667, RATIS_ADMIN=44667, RATIS_SERVER=44667, STANDALONE=45879], networkLocation: /default-rack, certSerialId: null, persistedOpState: IN_SERVICE, persistedOpStateExpiryEpochSec: 0}.
2022-11-18 13:06:05,440 [Over Replicated Processor] INFO  replication.OverReplicatedProcessor (OverReplicatedProcessor.java:processAll(90)) - Processed 0 over replicated containers, failed processing 0
2022-11-18 13:06:05,440 [grpc-default-executor-0] INFO  server.GrpcLogAppender (GrpcLogAppender.java:onCompleted(415)) - 277e5bbd-414d-4f19-87c3-552c8f153d3d@group-4C8F722A4F78->cb27b585-024b-4029-854c-b46b41cc55c7-AppendLogResponseHandler: follower responses appendEntries COMPLETED
2022-11-18 13:06:05,440 [grpc-default-executor-0] INFO  leader.FollowerInfo (FollowerInfoImpl.java:lambda$new$0(48)) - 277e5bbd-414d-4f19-87c3-552c8f153d3d@group-4C8F722A4F78->cb27b585-024b-4029-854c-b46b41cc55c7: nextIndex: updateUnconditionally 40 -> 39
2022-11-18 13:06:05,440 [grpc-default-executor-2] INFO  server.GrpcLogAppender (GrpcLogAppender.java:onCompleted(415)) - 277e5bbd-414d-4f19-87c3-552c8f153d3d@group-4C8F722A4F78->cb27b585-024b-4029-854c-b46b41cc55c7-AppendLogResponseHandler: follower responses appendEntries COMPLETED
2022-11-18 13:06:05,440 [grpc-default-executor-2] INFO  leader.FollowerInfo (FollowerInfoImpl.java:lambda$new$0(48)) - 277e5bbd-414d-4f19-87c3-552c8f153d3d@group-4C8F722A4F78->cb27b585-024b-4029-854c-b46b41cc55c7: nextIndex: updateUnconditionally 39 -> 38
2022-11-18 13:06:05,444 [ReplicationMonitor] INFO  replication.LegacyReplicationManager (LegacyReplicationManager.java:sendCloseCommand(1511)) - Sending close container command for container #5 to datanode 4e1bc70a-c48e-454c-859f-0f8175dd606b{ip: 10.1.0.56, host: fv-az180-400.aibneqh1mxpuhl3tnnuy2ifbce.bx.internal.cloudapp.net, ports: [REPLICATION=44557, RATIS=45923, RATIS_ADMIN=45923, RATIS_SERVER=45923, STANDALONE=33695], networkLocation: /default-rack, certSerialId: null, persistedOpState: IN_SERVICE, persistedOpStateExpiryEpochSec: 0}.
2022-11-18 13:06:05,444 [ReplicationMonitor] INFO  replication.LegacyReplicationManager (LegacyReplicationManager.java:sendCloseCommand(1511)) - Sending close container command for container #5 to datanode a36f0c9e-34c7-41e1-90e2-5c691522fdfd{ip: 10.1.0.56, host: fv-az180-400.aibneqh1mxpuhl3tnnuy2ifbce.bx.internal.cloudapp.net, ports: [REPLICATION=43001, RATIS=35103, RATIS_ADMIN=35103, RATIS_SERVER=35103, STANDALONE=34509], networkLocation: /default-rack, certSerialId: null, persistedOpState: IN_SERVICE, persistedOpStateExpiryEpochSec: 0}.
2022-11-18 13:06:05,444 [ReplicationMonitor] INFO  replication.LegacyReplicationManager (LegacyReplicationManager.java:sendCloseCommand(1511)) - Sending close container command for container #5 to datanode 1bb9cbb4-eec0-4324-8de7-fca776b53f2b{ip: 10.1.0.56, host: fv-az180-400.aibneqh1mxpuhl3tnnuy2ifbce.bx.internal.cloudapp.net, ports: [REPLICATION=45141, RATIS=44667, RATIS_ADMIN=44667, RATIS_SERVER=44667, STANDALONE=45879], networkLocation: /default-rack, certSerialId: null, persistedOpState: IN_SERVICE, persistedOpStateExpiryEpochSec: 0}.
2022-11-18 13:06:05,444 [ReplicationMonitor] INFO  replication.LegacyReplicationManager (LegacyReplicationManager.java:sendCloseCommand(1511)) - Sending close container command for container #6 to datanode 4e1bc70a-c48e-454c-859f-0f8175dd606b{ip: 10.1.0.56, host: fv-az180-400.aibneqh1mxpuhl3tnnuy2ifbce.bx.internal.cloudapp.net, ports: [REPLICATION=44557, RATIS=45923, RATIS_ADMIN=45923, RATIS_SERVER=45923, STANDALONE=33695], networkLocation: /default-rack, certSerialId: null, persistedOpState: IN_SERVICE, persistedOpStateExpiryEpochSec: 0}.
2022-11-18 13:06:05,444 [ReplicationMonitor] INFO  replication.LegacyReplicationManager (LegacyReplicationManager.java:sendCloseCommand(1511)) - Sending close container command for container #6 to datanode 1bb9cbb4-eec0-4324-8de7-fca776b53f2b{ip: 10.1.0.56, host: fv-az180-400.aibneqh1mxpuhl3tnnuy2ifbce.bx.internal.cloudapp.net, ports: [REPLICATION=45141, RATIS=44667, RATIS_ADMIN=44667, RATIS_SERVER=44667, STANDALONE=45879], networkLocation: /default-rack, certSerialId: null, persistedOpState: IN_SERVICE, persistedOpStateExpiryEpochSec: 0}.
2022-11-18 13:06:05,444 [ReplicationMonitor] INFO  replication.LegacyReplicationManager (LegacyReplicationManager.java:sendCloseCommand(1511)) - Sending close container command for container #6 to datanode a36f0c9e-34c7-41e1-90e2-5c691522fdfd{ip: 10.1.0.56, host: fv-az180-400.aibneqh1mxpuhl3tnnuy2ifbce.bx.internal.cloudapp.net, ports: [REPLICATION=43001, RATIS=35103, RATIS_ADMIN=35103, RATIS_SERVER=35103, STANDALONE=34509], networkLocation: /default-rack, certSerialId: null, persistedOpState: IN_SERVICE, persistedOpStateExpiryEpochSec: 0}.
2022-11-18 13:06:05,444 [cb27b585-024b-4029-854c-b46b41cc55c7@group-1BF7100A1E1C-StateMachineUpdater] INFO  ratis.ContainerStateMachine (ContainerStateMachine.java:takeSnapshot(315)) - group-1BF7100A1E1C: Finished taking a snapshot at:(t:1, i:0) file:/home/runner/work/ozone/ozone/hadoop-ozone/integration-test/target/test-dir/MiniOzoneClusterImpl-20da3918-ad77-4149-a4e0-3f3018d8b094/datanode-3/data/ratis/8de6b818-c12b-4c6c-bee9-1bf7100a1e1c/sm/snapshot.1_0 took: 5 ms
2022-11-18 13:06:05,444 [cb27b585-024b-4029-854c-b46b41cc55c7@group-1BF7100A1E1C-StateMachineUpdater] INFO  impl.StateMachineUpdater (StateMachineUpdater.java:takeSnapshot(287)) - cb27b585-024b-4029-854c-b46b41cc55c7@group-1BF7100A1E1C-StateMachineUpdater: Took a snapshot at index 0
2022-11-18 13:06:05,444 [cb27b585-024b-4029-854c-b46b41cc55c7@group-1BF7100A1E1C-StateMachineUpdater] INFO  impl.StateMachineUpdater (StateMachineUpdater.java:lambda$new$0(92)) - cb27b585-024b-4029-854c-b46b41cc55c7@group-1BF7100A1E1C-StateMachineUpdater: snapshotIndex: updateIncreasingly -1 -> 0
2022-11-18 13:06:05,445 [ReplicationMonitor] INFO  replication.ReplicationManager (ReplicationManager.java:sendCloseContainerReplicaCommand(564)) - Sending close container command for container #11 to datanode a36f0c9e-34c7-41e1-90e2-5c691522fdfd{ip: 10.1.0.56, host: fv-az180-400.aibneqh1mxpuhl3tnnuy2ifbce.bx.internal.cloudapp.net, ports: [REPLICATION=43001, RATIS=35103, RATIS_ADMIN=35103, RATIS_SERVER=35103, STANDALONE=34509], networkLocation: /default-rack, certSerialId: null, persistedOpState: IN_SERVICE, persistedOpStateExpiryEpochSec: 0}.
2022-11-18 13:06:05,445 [ReplicationMonitor] INFO  replication.ReplicationManager (ReplicationManager.java:sendCloseContainerReplicaCommand(564)) - Sending close container command for container #11 to datanode 4e1bc70a-c48e-454c-859f-0f8175dd606b{ip: 10.1.0.56, host: fv-az180-400.aibneqh1mxpuhl3tnnuy2ifbce.bx.internal.cloudapp.net, ports: [REPLICATION=44557, RATIS=45923, RATIS_ADMIN=45923, RATIS_SERVER=45923, STANDALONE=33695], networkLocation: /default-rack, certSerialId: null, persistedOpState: IN_SERVICE, persistedOpStateExpiryEpochSec: 0}.
2022-11-18 13:06:05,445 [ReplicationMonitor] INFO  replication.ReplicationManager (ReplicationManager.java:sendCloseContainerReplicaCommand(564)) - Sending close container command for container #11 to datanode 961e98b4-0515-4e33-9a5e-b87989e0967c{ip: 10.1.0.56, host: fv-az180-400.aibneqh1mxpuhl3tnnuy2ifbce.bx.internal.cloudapp.net, ports: [REPLICATION=32803, RATIS=45547, RATIS_ADMIN=45547, RATIS_SERVER=45547, STANDALONE=33243], networkLocation: /default-rack, certSerialId: null, persistedOpState: IN_SERVICE, persistedOpStateExpiryEpochSec: 0}.
2022-11-18 13:06:05,445 [ReplicationMonitor] INFO  replication.ReplicationManager (ReplicationManager.java:sendCloseContainerReplicaCommand(564)) - Sending close container command for container #11 to datanode 1bb9cbb4-eec0-4324-8de7-fca776b53f2b{ip: 10.1.0.56, host: fv-az180-400.aibneqh1mxpuhl3tnnuy2ifbce.bx.internal.cloudapp.net, ports: [REPLICATION=45141, RATIS=44667, RATIS_ADMIN=44667, RATIS_SERVER=44667, STANDALONE=45879], networkLocation: /default-rack, certSerialId: null, persistedOpState: IN_SERVICE, persistedOpStateExpiryEpochSec: 0}.
2022-11-18 13:06:05,445 [ReplicationMonitor] INFO  replication.ReplicationManager (ReplicationManager.java:sendCloseContainerReplicaCommand(564)) - Sending close container command for container #11 to datanode 8ad84362-fca3-4a94-b029-55aaea538166{ip: 10.1.0.56, host: fv-az180-400.aibneqh1mxpuhl3tnnuy2ifbce.bx.internal.cloudapp.net, ports: [REPLICATION=45785, RATIS=38939, RATIS_ADMIN=38939, RATIS_SERVER=38939, STANDALONE=38791], networkLocation: /default-rack, certSerialId: null, persistedOpState: IN_SERVICE, persistedOpStateExpiryEpochSec: 0}.
2022-11-18 13:06:05,445 [ReplicationMonitor] INFO  replication.ReplicationManager (ReplicationManager.java:processAll(352)) - Replication Monitor Thread took 6 milliseconds for processing 11 containers.
2022-11-18 13:06:05,445 [Command processor thread] INFO  server.RaftServer$Division (ServerState.java:close(466)) - cb27b585-024b-4029-854c-b46b41cc55c7@group-1BF7100A1E1C: closes. applyIndex: 0
2022-11-18 13:06:05,445 [cb27b585-024b-4029-854c-b46b41cc55c7@group-1BF7100A1E1C-SegmentedRaftLogWorker] INFO  segmented.SegmentedRaftLogWorker (SegmentedRaftLogWorker.java:run(345)) - cb27b585-024b-4029-854c-b46b41cc55c7@group-1BF7100A1E1C-SegmentedRaftLogWorker was interrupted, exiting. There are 0 tasks remaining in the queue.
2022-11-18 13:06:05,446 [Command processor thread] INFO  segmented.SegmentedRaftLogWorker (SegmentedRaftLogWorker.java:close(255)) - cb27b585-024b-4029-854c-b46b41cc55c7@group-1BF7100A1E1C-SegmentedRaftLogWorker close()
2022-11-18 13:06:05,446 [Command processor thread] INFO  server.RaftServer$Division (RaftServerImpl.java:groupRemove(428)) - cb27b585-024b-4029-854c-b46b41cc55c7@group-1BF7100A1E1C: Succeed to remove RaftStorageDirectory Storage Directory /home/runner/work/ozone/ozone/hadoop-ozone/integration-test/target/test-dir/MiniOzoneClusterImpl-20da3918-ad77-4149-a4e0-3f3018d8b094/datanode-3/data/ratis/8de6b818-c12b-4c6c-bee9-1bf7100a1e1c
2022-11-18 13:06:05,446 [Command processor thread] INFO  commandhandler.ClosePipelineCommandHandler (ClosePipelineCommandHandler.java:handle(78)) - Close Pipeline PipelineID=8de6b818-c12b-4c6c-bee9-1bf7100a1e1c command on datanode cb27b585-024b-4029-854c-b46b41cc55c7.
2022-11-18 13:06:05,446 [Command processor thread] INFO  server.RaftServer (RaftServerProxy.java:remove(107)) - cb27b585-024b-4029-854c-b46b41cc55c7: remove  FOLLOWER cb27b585-024b-4029-854c-b46b41cc55c7@group-4C8F722A4F78:t6, leader=277e5bbd-414d-4f19-87c3-552c8f153d3d, voted=277e5bbd-414d-4f19-87c3-552c8f153d3d, raftlog=Memoized:cb27b585-024b-4029-854c-b46b41cc55c7@group-4C8F722A4F78-SegmentedRaftLog:OPENED:c39, conf=0: peers:[cb27b585-024b-4029-854c-b46b41cc55c7|rpc:10.1.0.56:45595|dataStream:|priority:0|startupRole:FOLLOWER, 277e5bbd-414d-4f19-87c3-552c8f153d3d|rpc:10.1.0.56:43003|dataStream:|priority:1|startupRole:FOLLOWER, 62944fc1-681b-46bd-93f7-2482762a7b31|rpc:10.1.0.56:38905|dataStream:|priority:0|startupRole:FOLLOWER]|listeners:[], old=null RUNNING
2022-11-18 13:06:05,446 [Command processor thread] INFO  server.RaftServer$Division (RaftServerImpl.java:lambda$close$4(458)) - cb27b585-024b-4029-854c-b46b41cc55c7@group-4C8F722A4F78: shutdown
2022-11-18 13:06:05,446 [Command processor thread] INFO  util.JmxRegister (JmxRegister.java:unregister(73)) - Successfully un-registered JMX Bean with object name Ratis:service=RaftServer,group=group-4C8F722A4F78,id=cb27b585-024b-4029-854c-b46b41cc55c7
2022-11-18 13:06:05,446 [Command processor thread] INFO  impl.RoleInfo (RoleInfo.java:shutdownFollowerState(110)) - cb27b585-024b-4029-854c-b46b41cc55c7: shutdown cb27b585-024b-4029-854c-b46b41cc55c7@group-4C8F722A4F78-FollowerState
2022-11-18 13:06:05,447 [cb27b585-024b-4029-854c-b46b41cc55c7@group-4C8F722A4F78-FollowerState] INFO  impl.FollowerState (FollowerState.java:run(152)) - cb27b585-024b-4029-854c-b46b41cc55c7@group-4C8F722A4F78-FollowerState was interrupted
2022-11-18 13:06:05,448 [cb27b585-024b-4029-854c-b46b41cc55c7@group-4C8F722A4F78-StateMachineUpdater] INFO  ratis.ContainerStateMachine (ContainerStateMachine.java:takeSnapshot(304)) - group-4C8F722A4F78: Taking a snapshot at:(t:6, i:39) file /home/runner/work/ozone/ozone/hadoop-ozone/integration-test/target/test-dir/MiniOzoneClusterImpl-20da3918-ad77-4149-a4e0-3f3018d8b094/datanode-3/data/ratis/a9c36cfe-0ab6-4955-9775-4c8f722a4f78/sm/snapshot.6_39
2022-11-18 13:06:05,448 [Command processor thread] INFO  impl.StateMachineUpdater (StateMachineUpdater.java:stopAndJoin(153)) - cb27b585-024b-4029-854c-b46b41cc55c7@group-4C8F722A4F78-StateMachineUpdater: set stopIndex = 39
2022-11-18 13:06:05,450 [cb27b585-024b-4029-854c-b46b41cc55c7@group-4C8F722A4F78-StateMachineUpdater] INFO  ratis.ContainerStateMachine (ContainerStateMachine.java:takeSnapshot(315)) - group-4C8F722A4F78: Finished taking a snapshot at:(t:6, i:39) file:/home/runner/work/ozone/ozone/hadoop-ozone/integration-test/target/test-dir/MiniOzoneClusterImpl-20da3918-ad77-4149-a4e0-3f3018d8b094/datanode-3/data/ratis/a9c36cfe-0ab6-4955-9775-4c8f722a4f78/sm/snapshot.6_39 took: 2 ms
2022-11-18 13:06:05,455 [Command processor thread] INFO  impl.StateMachineUpdater (StateMachineUpdater.java:stopAndJoin(153)) - 277e5bbd-414d-4f19-87c3-552c8f153d3d@group-4C8F722A4F78-StateMachineUpdater: set stopIndex = 39
2022-11-18 13:06:05,456 [cb27b585-024b-4029-854c-b46b41cc55c7@group-4C8F722A4F78-StateMachineUpdater] INFO  impl.StateMachineUpdater (StateMachineUpdater.java:takeSnapshot(287)) - cb27b585-024b-4029-854c-b46b41cc55c7@group-4C8F722A4F78-StateMachineUpdater: Took a snapshot at index 39
2022-11-18 13:06:05,456 [cb27b585-024b-4029-854c-b46b41cc55c7@group-4C8F722A4F78-StateMachineUpdater] INFO  impl.StateMachineUpdater (StateMachineUpdater.java:lambda$new$0(92)) - cb27b585-024b-4029-854c-b46b41cc55c7@group-4C8F722A4F78-StateMachineUpdater: snapshotIndex: updateIncreasingly -1 -> 39
2022-11-18 13:06:05,456 [Command processor thread] INFO  server.RaftServer$Division (ServerState.java:close(466)) - cb27b585-024b-4029-854c-b46b41cc55c7@group-4C8F722A4F78: closes. applyIndex: 39
2022-11-18 13:06:05,457 [cb27b585-024b-4029-854c-b46b41cc55c7@group-4C8F722A4F78-SegmentedRaftLogWorker] INFO  segmented.SegmentedRaftLogWorker (SegmentedRaftLogWorker.java:run(345)) - cb27b585-024b-4029-854c-b46b41cc55c7@group-4C8F722A4F78-SegmentedRaftLogWorker was interrupted, exiting. There are 0 tasks remaining in the queue.
2022-11-18 13:06:05,458 [277e5bbd-414d-4f19-87c3-552c8f153d3d@group-4C8F722A4F78-StateMachineUpdater] INFO  ratis.ContainerStateMachine (ContainerStateMachine.java:takeSnapshot(304)) - group-4C8F722A4F78: Taking a snapshot at:(t:6, i:39) file /home/runner/work/ozone/ozone/hadoop-ozone/integration-test/target/test-dir/MiniOzoneClusterImpl-20da3918-ad77-4149-a4e0-3f3018d8b094/datanode-5/data/ratis/a9c36cfe-0ab6-4955-9775-4c8f722a4f78/sm/snapshot.6_39
2022-11-18 13:06:05,459 [Command processor thread] INFO  segmented.SegmentedRaftLogWorker (SegmentedRaftLogWorker.java:close(255)) - cb27b585-024b-4029-854c-b46b41cc55c7@group-4C8F722A4F78-SegmentedRaftLogWorker close()
2022-11-18 13:06:05,459 [277e5bbd-414d-4f19-87c3-552c8f153d3d@group-4C8F722A4F78-StateMachineUpdater] INFO  ratis.ContainerStateMachine (ContainerStateMachine.java:takeSnapshot(315)) - group-4C8F722A4F78: Finished taking a snapshot at:(t:6, i:39) file:/home/runner/work/ozone/ozone/hadoop-ozone/integration-test/target/test-dir/MiniOzoneClusterImpl-20da3918-ad77-4149-a4e0-3f3018d8b094/datanode-5/data/ratis/a9c36cfe-0ab6-4955-9775-4c8f722a4f78/sm/snapshot.6_39 took: 1 ms
2022-11-18 13:06:05,459 [277e5bbd-414d-4f19-87c3-552c8f153d3d@group-4C8F722A4F78-StateMachineUpdater] INFO  impl.StateMachineUpdater (StateMachineUpdater.java:takeSnapshot(287)) - 277e5bbd-414d-4f19-87c3-552c8f153d3d@group-4C8F722A4F78-StateMachineUpdater: Took a snapshot at index 39
2022-11-18 13:06:05,459 [277e5bbd-414d-4f19-87c3-552c8f153d3d@group-4C8F722A4F78-StateMachineUpdater] INFO  impl.StateMachineUpdater (StateMachineUpdater.java:lambda$new$0(92)) - 277e5bbd-414d-4f19-87c3-552c8f153d3d@group-4C8F722A4F78-StateMachineUpdater: snapshotIndex: updateIncreasingly -1 -> 39
2022-11-18 13:06:05,461 [Command processor thread] INFO  server.RaftServer$Division (ServerState.java:close(466)) - 277e5bbd-414d-4f19-87c3-552c8f153d3d@group-4C8F722A4F78: closes. applyIndex: 39
2022-11-18 13:06:05,461 [277e5bbd-414d-4f19-87c3-552c8f153d3d@group-4C8F722A4F78-SegmentedRaftLogWorker] INFO  segmented.SegmentedRaftLogWorker (SegmentedRaftLogWorker.java:run(345)) - 277e5bbd-414d-4f19-87c3-552c8f153d3d@group-4C8F722A4F78-SegmentedRaftLogWorker was interrupted, exiting. There are 0 tasks remaining in the queue.
2022-11-18 13:06:05,461 [Command processor thread] INFO  segmented.SegmentedRaftLogWorker (SegmentedRaftLogWorker.java:close(255)) - 277e5bbd-414d-4f19-87c3-552c8f153d3d@group-4C8F722A4F78-SegmentedRaftLogWorker close()
2022-11-18 13:06:05,473 [Command processor thread] INFO  keyvalue.KeyValueContainer (KeyValueContainer.java:flushAndSyncDB(437)) - Container 11 is synced with bcsId 0.
2022-11-18 13:06:05,473 [Command processor thread] INFO  keyvalue.KeyValueContainer (KeyValueContainer.java:flushAndSyncDB(437)) - Container 11 is synced with bcsId 0.
2022-11-18 13:06:05,475 [Command processor thread] INFO  keyvalue.KeyValueContainer (KeyValueContainer.java:close(352)) - Container 11 is closed with bcsId 0.
2022-11-18 13:06:05,475 [FixedThreadPoolWithAffinityExecutor-0-0] INFO  container.IncrementalContainerReportHandler (AbstractContainerReportHandler.java:updateContainerState(292)) - Moving container #11 to CLOSED state, datanode 961e98b4-0515-4e33-9a5e-b87989e0967c{ip: 10.1.0.56, host: fv-az180-400.aibneqh1mxpuhl3tnnuy2ifbce.bx.internal.cloudapp.net, ports: [REPLICATION=32803, RATIS=45547, RATIS_ADMIN=45547, RATIS_SERVER=45547, STANDALONE=33243], networkLocation: /default-rack, certSerialId: null, persistedOpState: IN_SERVICE, persistedOpStateExpiryEpochSec: 0} reported CLOSED replica.
2022-11-18 13:06:05,487 [Under Replicated Processor] INFO  replication.UnderReplicatedProcessor (UnderReplicatedProcessor.java:processAll(92)) - Processed 0 under replicated containers, failed processing 0
2022-11-18 13:06:05,487 [Over Replicated Processor] INFO  replication.OverReplicatedProcessor (OverReplicatedProcessor.java:processAll(90)) - Processed 0 over replicated containers, failed processing 0
2022-11-18 13:06:05,488 [ReplicationMonitor] INFO  replication.ReplicationManager (ReplicationManager.java:processAll(352)) - Replication Monitor Thread took 0 milliseconds for processing 0 containers.
2022-11-18 13:06:05,496 [Listener at 127.0.0.1/39657] INFO  handler.ContextHandler (ContextHandler.java:doStart(921)) - Started o.e.j.w.WebAppContext@126cce7e{hddsDatanode,/,file:///tmp/jetty-0_0_0_0-37169-hdds-container-service-1_3_0-SNAPSHOT_jar-_-any-7385022869585909454/webapp/,AVAILABLE}{jar:file:/home/runner/.m2/repository/org/apache/ozone/hdds-container-service/1.3.0-SNAPSHOT/hdds-container-service-1.3.0-SNAPSHOT.jar!/webapps/hddsDatanode}
2022-11-18 13:06:05,502 [Listener at 127.0.0.1/39657] INFO  server.AbstractConnector (AbstractConnector.java:doStart(333)) - Started ServerConnector@25e84007{HTTP/1.1, (http/1.1)}{0.0.0.0:37169}
2022-11-18 13:06:05,502 [Listener at 127.0.0.1/39657] INFO  server.Server (Server.java:doStart(415)) - Started @158995ms
2022-11-18 13:06:05,502 [Listener at 127.0.0.1/39657] WARN  impl.MetricsSystemImpl (MetricsSystemImpl.java:register(279)) - Sink prometheus already exists!
2022-11-18 13:06:05,503 [Listener at 127.0.0.1/39657] INFO  http.BaseHttpServer (BaseHttpServer.java:updateConnectorAddress(333)) - HTTP server of hddsDatanode listening at http://0.0.0.0:37169
2022-11-18 13:06:05,503 [Listener at 127.0.0.1/39657] WARN  impl.MetricRegistriesImpl (MetricRegistriesImpl.java:addReporterRegistration(111)) - New reporters are added after registries were created. Some metrics will be missing from the reporter. Please add reporter before adding any new registry.
2022-11-18 13:06:05,503 [Listener at 127.0.0.1/39657] WARN  impl.MetricRegistriesImpl (MetricRegistriesImpl.java:addReporterRegistration(111)) - New reporters are added after registries were created. Some metrics will be missing from the reporter. Please add reporter before adding any new registry.
2022-11-18 13:06:05,503 [Listener at 127.0.0.1/39657] INFO  impl.MetricsSystemImpl (MetricsSystemImpl.java:init(158)) - HddsDatanode metrics system started (again)
2022-11-18 13:06:05,509 [Datanode State Machine Daemon Thread] INFO  statemachine.DatanodeStateMachine (DatanodeStateMachine.java:lambda$startDaemon$0(505)) - Ozone container server started.
2022-11-18 13:06:05,511 [Command processor thread] INFO  keyvalue.KeyValueContainer (KeyValueContainer.java:flushAndSyncDB(437)) - Container 1 is synced with bcsId 38.
2022-11-18 13:06:05,511 [Command processor thread] INFO  keyvalue.KeyValueContainer (KeyValueContainer.java:flushAndSyncDB(437)) - Container 1 is synced with bcsId 38.
2022-11-18 13:06:05,524 [FixedThreadPoolWithAffinityExecutor-0-0] INFO  container.IncrementalContainerReportHandler (AbstractContainerReportHandler.java:updateContainerState(285)) - Moving container #1 to QUASI_CLOSED state, datanode cb27b585-024b-4029-854c-b46b41cc55c7{ip: 10.1.0.56, host: fv-az180-400.aibneqh1mxpuhl3tnnuy2ifbce.bx.internal.cloudapp.net, ports: [REPLICATION=34641, RATIS=45595, RATIS_ADMIN=45595, RATIS_SERVER=45595, STANDALONE=37703], networkLocation: /default-rack, certSerialId: null, persistedOpState: ENTERING_MAINTENANCE, persistedOpStateExpiryEpochSec: 0} reported QUASI_CLOSED replica.
2022-11-18 13:06:05,530 [Listener at 127.0.0.1/39657] INFO  ozone.HddsDatanodeService (HddsDatanodeService.java:start(236)) - HddsDatanodeService host:fv-az180-400.aibneqh1mxpuhl3tnnuy2ifbce.bx.internal.cloudapp.net ip:10.1.0.56
2022-11-18 13:06:05,532 [Command processor thread] INFO  keyvalue.KeyValueContainer (KeyValueContainer.java:flushAndSyncDB(437)) - Container 5 is synced with bcsId 30.
2022-11-18 13:06:05,532 [Command processor thread] INFO  keyvalue.KeyValueContainer (KeyValueContainer.java:flushAndSyncDB(437)) - Container 5 is synced with bcsId 30.
2022-11-18 13:06:05,536 [DatanodeAdminManager-0] INFO  node.DatanodeAdminMonitorImpl (DatanodeAdminMonitorImpl.java:checkContainersReplicatedOnNode(367)) - Unhealthy Container #5 Container State: CLOSING Replica Count: 3 Healthy Count: 2 Decommission Count: 0 Maintenance Count: 1 inFlightAdd Count: 0 inFightDel Count: 0 ReplicationFactor: 3 minMaintenance Count: 2; Replicas{ContainerReplica{containerID=#5, state=OPEN, datanodeDetails=62944fc1-681b-46bd-93f7-2482762a7b31{ip: 10.1.0.56, host: fv-az180-400.aibneqh1mxpuhl3tnnuy2ifbce.bx.internal.cloudapp.net, ports: [REPLICATION=41933, RATIS=38905, RATIS_ADMIN=38905, RATIS_SERVER=38905, STANDALONE=35895], networkLocation: /default-rack, certSerialId: null, persistedOpState: IN_SERVICE, persistedOpStateExpiryEpochSec: 0}, placeOfBirth=62944fc1-681b-46bd-93f7-2482762a7b31, sequenceId=30, keyCount=3, bytesUsed=57},ContainerReplica{containerID=#5, state=CLOSING, datanodeDetails=cb27b585-024b-4029-854c-b46b41cc55c7{ip: 10.1.0.56, host: fv-az180-400.aibneqh1mxpuhl3tnnuy2ifbce.bx.internal.cloudapp.net, ports: [REPLICATION=34641, RATIS=45595, RATIS_ADMIN=45595, RATIS_SERVER=45595, STANDALONE=37703], networkLocation: /default-rack, certSerialId: null, persistedOpState: ENTERING_MAINTENANCE, persistedOpStateExpiryEpochSec: 0}, placeOfBirth=cb27b585-024b-4029-854c-b46b41cc55c7, sequenceId=30, keyCount=3, bytesUsed=57},ContainerReplica{containerID=#5, state=OPEN, datanodeDetails=277e5bbd-414d-4f19-87c3-552c8f153d3d{ip: 10.1.0.56, host: fv-az180-400.aibneqh1mxpuhl3tnnuy2ifbce.bx.internal.cloudapp.net, ports: [REPLICATION=34679, RATIS=43003, RATIS_ADMIN=43003, RATIS_SERVER=43003, STANDALONE=43927], networkLocation: /default-rack, certSerialId: null, persistedOpState: IN_SERVICE, persistedOpStateExpiryEpochSec: 0}, placeOfBirth=277e5bbd-414d-4f19-87c3-552c8f153d3d, sequenceId=30, keyCount=3, bytesUsed=57}}
2022-11-18 13:06:05,537 [DatanodeAdminManager-0] INFO  node.DatanodeAdminMonitorImpl (DatanodeAdminMonitorImpl.java:checkContainersReplicatedOnNode(367)) - Unhealthy Container #6 Container State: CLOSING Replica Count: 3 Healthy Count: 2 Decommission Count: 0 Maintenance Count: 1 inFlightAdd Count: 0 inFightDel Count: 0 ReplicationFactor: 3 minMaintenance Count: 2; Replicas{ContainerReplica{containerID=#6, state=OPEN, datanodeDetails=cb27b585-024b-4029-854c-b46b41cc55c7{ip: 10.1.0.56, host: fv-az180-400.aibneqh1mxpuhl3tnnuy2ifbce.bx.internal.cloudapp.net, ports: [REPLICATION=34641, RATIS=45595, RATIS_ADMIN=45595, RATIS_SERVER=45595, STANDALONE=37703], networkLocation: /default-rack, certSerialId: null, persistedOpState: ENTERING_MAINTENANCE, persistedOpStateExpiryEpochSec: 0}, placeOfBirth=cb27b585-024b-4029-854c-b46b41cc55c7, sequenceId=34, keyCount=3, bytesUsed=57},ContainerReplica{containerID=#6, state=OPEN, datanodeDetails=277e5bbd-414d-4f19-87c3-552c8f153d3d{ip: 10.1.0.56, host: fv-az180-400.aibneqh1mxpuhl3tnnuy2ifbce.bx.internal.cloudapp.net, ports: [REPLICATION=34679, RATIS=43003, RATIS_ADMIN=43003, RATIS_SERVER=43003, STANDALONE=43927], networkLocation: /default-rack, certSerialId: null, persistedOpState: IN_SERVICE, persistedOpStateExpiryEpochSec: 0}, placeOfBirth=277e5bbd-414d-4f19-87c3-552c8f153d3d, sequenceId=34, keyCount=3, bytesUsed=57},ContainerReplica{containerID=#6, state=OPEN, datanodeDetails=62944fc1-681b-46bd-93f7-2482762a7b31{ip: 10.1.0.56, host: fv-az180-400.aibneqh1mxpuhl3tnnuy2ifbce.bx.internal.cloudapp.net, ports: [REPLICATION=41933, RATIS=38905, RATIS_ADMIN=38905, RATIS_SERVER=38905, STANDALONE=35895], networkLocation: /default-rack, certSerialId: null, persistedOpState: IN_SERVICE, persistedOpStateExpiryEpochSec: 0}, placeOfBirth=62944fc1-681b-46bd-93f7-2482762a7b31, sequenceId=34, keyCount=3, bytesUsed=57}}
2022-11-18 13:06:05,537 [DatanodeAdminManager-0] INFO  node.DatanodeAdminMonitorImpl (DatanodeAdminMonitorImpl.java:checkContainersReplicatedOnNode(367)) - Unhealthy Container #1 Container State: QUASI_CLOSED Replica Count: 3 Healthy Count: 2 Decommission Count: 0 Maintenance Count: 1 inFlightAdd Count: 0 inFightDel Count: 0 ReplicationFactor: 3 minMaintenance Count: 2; Replicas{ContainerReplica{containerID=#1, state=QUASI_CLOSED, datanodeDetails=cb27b585-024b-4029-854c-b46b41cc55c7{ip: 10.1.0.56, host: fv-az180-400.aibneqh1mxpuhl3tnnuy2ifbce.bx.internal.cloudapp.net, ports: [REPLICATION=34641, RATIS=45595, RATIS_ADMIN=45595, RATIS_SERVER=45595, STANDALONE=37703], networkLocation: /default-rack, certSerialId: null, persistedOpState: ENTERING_MAINTENANCE, persistedOpStateExpiryEpochSec: 0}, placeOfBirth=cb27b585-024b-4029-854c-b46b41cc55c7, sequenceId=38, keyCount=4, bytesUsed=76},ContainerReplica{containerID=#1, state=CLOSING, datanodeDetails=277e5bbd-414d-4f19-87c3-552c8f153d3d{ip: 10.1.0.56, host: fv-az180-400.aibneqh1mxpuhl3tnnuy2ifbce.bx.internal.cloudapp.net, ports: [REPLICATION=34679, RATIS=43003, RATIS_ADMIN=43003, RATIS_SERVER=43003, STANDALONE=43927], networkLocation: /default-rack, certSerialId: null, persistedOpState: IN_SERVICE, persistedOpStateExpiryEpochSec: 0}, placeOfBirth=277e5bbd-414d-4f19-87c3-552c8f153d3d, sequenceId=38, keyCount=4, bytesUsed=76},ContainerReplica{containerID=#1, state=CLOSING, datanodeDetails=62944fc1-681b-46bd-93f7-2482762a7b31{ip: 10.1.0.56, host: fv-az180-400.aibneqh1mxpuhl3tnnuy2ifbce.bx.internal.cloudapp.net, ports: [REPLICATION=41933, RATIS=38905, RATIS_ADMIN=38905, RATIS_SERVER=38905, STANDALONE=35895], networkLocation: /default-rack, certSerialId: null, persistedOpState: IN_SERVICE, persistedOpStateExpiryEpochSec: 0}, placeOfBirth=62944fc1-681b-46bd-93f7-2482762a7b31, sequenceId=38, keyCount=4, bytesUsed=76}}
2022-11-18 13:06:05,537 [DatanodeAdminManager-0] INFO  node.DatanodeAdminMonitorImpl (DatanodeAdminMonitorImpl.java:checkContainersReplicatedOnNode(377)) - cb27b585-024b-4029-854c-b46b41cc55c7{ip: 10.1.0.56, host: fv-az180-400.aibneqh1mxpuhl3tnnuy2ifbce.bx.internal.cloudapp.net, ports: [REPLICATION=34641, RATIS=45595, RATIS_ADMIN=45595, RATIS_SERVER=45595, STANDALONE=37703], networkLocation: /default-rack, certSerialId: null, persistedOpState: ENTERING_MAINTENANCE, persistedOpStateExpiryEpochSec: 0} has 3 sufficientlyReplicated, 0 underReplicated and 3 unhealthy containers
2022-11-18 13:06:05,537 [DatanodeAdminManager-0] INFO  node.DatanodeAdminMonitorImpl (DatanodeAdminMonitorImpl.java:run(169)) - There are 1 nodes tracked for decommission and maintenance.  0 pending nodes.
2022-11-18 13:06:05,545 [org.apache.hadoop.util.JvmPauseMonitor$Monitor@3f4b21cd] INFO  util.JvmPauseMonitor (JvmPauseMonitor.java:run(188)) - Starting JVM pause monitor
2022-11-18 13:06:05,546 [FixedThreadPoolWithAffinityExecutor-0-0] INFO  container.IncrementalContainerReportHandler (AbstractContainerReportHandler.java:updateContainerState(285)) - Moving container #5 to QUASI_CLOSED state, datanode cb27b585-024b-4029-854c-b46b41cc55c7{ip: 10.1.0.56, host: fv-az180-400.aibneqh1mxpuhl3tnnuy2ifbce.bx.internal.cloudapp.net, ports: [REPLICATION=34641, RATIS=45595, RATIS_ADMIN=45595, RATIS_SERVER=45595, STANDALONE=37703], networkLocation: /default-rack, certSerialId: null, persistedOpState: ENTERING_MAINTENANCE, persistedOpStateExpiryEpochSec: 0} reported QUASI_CLOSED replica.
2022-11-18 13:06:05,546 [Datanode State Machine Task Thread - 0] INFO  datanode.InitDatanodeState (InitDatanodeState.java:persistContainerDatanodeDetails(138)) - DatanodeDetails is persisted to /home/runner/work/ozone/ozone/hadoop-ozone/integration-test/target/test-dir/MiniOzoneClusterImpl-d3d67884-f8de-446f-8121-b5603e1f9142/datanode-3/meta/datanode.id
2022-11-18 13:06:05,548 [Command processor thread] INFO  keyvalue.KeyValueContainer (KeyValueContainer.java:flushAndSyncDB(437)) - Container 6 is synced with bcsId 34.
2022-11-18 13:06:05,548 [Command processor thread] INFO  keyvalue.KeyValueContainer (KeyValueContainer.java:flushAndSyncDB(437)) - Container 6 is synced with bcsId 34.
2022-11-18 13:06:05,552 [Command processor thread] INFO  server.RaftServer$Division (RaftServerImpl.java:groupRemove(428)) - cb27b585-024b-4029-854c-b46b41cc55c7@group-4C8F722A4F78: Succeed to remove RaftStorageDirectory Storage Directory /home/runner/work/ozone/ozone/hadoop-ozone/integration-test/target/test-dir/MiniOzoneClusterImpl-20da3918-ad77-4149-a4e0-3f3018d8b094/datanode-3/data/ratis/a9c36cfe-0ab6-4955-9775-4c8f722a4f78
2022-11-18 13:06:05,553 [Command processor thread] INFO  commandhandler.ClosePipelineCommandHandler (ClosePipelineCommandHandler.java:handle(78)) - Close Pipeline PipelineID=a9c36cfe-0ab6-4955-9775-4c8f722a4f78 command on datanode cb27b585-024b-4029-854c-b46b41cc55c7.
2022-11-18 13:06:05,553 [FixedThreadPoolWithAffinityExecutor-0-0] INFO  container.IncrementalContainerReportHandler (AbstractContainerReportHandler.java:updateContainerState(285)) - Moving container #6 to QUASI_CLOSED state, datanode cb27b585-024b-4029-854c-b46b41cc55c7{ip: 10.1.0.56, host: fv-az180-400.aibneqh1mxpuhl3tnnuy2ifbce.bx.internal.cloudapp.net, ports: [REPLICATION=34641, RATIS=45595, RATIS_ADMIN=45595, RATIS_SERVER=45595, STANDALONE=37703], networkLocation: /default-rack, certSerialId: null, persistedOpState: ENTERING_MAINTENANCE, persistedOpStateExpiryEpochSec: 0} reported QUASI_CLOSED replica.
2022-11-18 13:06:05,563 [Command processor thread] INFO  keyvalue.KeyValueContainer (KeyValueContainer.java:flushAndSyncDB(437)) - Container 1 is synced with bcsId 38.
2022-11-18 13:06:05,563 [Command processor thread] INFO  keyvalue.KeyValueContainer (KeyValueContainer.java:flushAndSyncDB(437)) - Container 1 is synced with bcsId 38.
2022-11-18 13:06:05,568 [Command processor thread] INFO  keyvalue.KeyValueContainer (KeyValueContainer.java:flushAndSyncDB(437)) - Container 5 is synced with bcsId 30.
2022-11-18 13:06:05,568 [Command processor thread] INFO  keyvalue.KeyValueContainer (KeyValueContainer.java:flushAndSyncDB(437)) - Container 5 is synced with bcsId 30.
2022-11-18 13:06:05,571 [Listener at 127.0.0.1/39657] INFO  upgrade.AbstractLayoutVersionManager (AbstractLayoutVersionManager.java:init(83)) - Initializing Layout version manager with metadata layout = DATANODE_SCHEMA_V3 (version = 4), software layout = DATANODE_SCHEMA_V3 (version = 4)
2022-11-18 13:06:05,572 [Command processor thread] INFO  keyvalue.KeyValueContainer (KeyValueContainer.java:flushAndSyncDB(437)) - Container 6 is synced with bcsId 34.
2022-11-18 13:06:05,572 [Command processor thread] INFO  keyvalue.KeyValueContainer (KeyValueContainer.java:flushAndSyncDB(437)) - Container 6 is synced with bcsId 34.
2022-11-18 13:06:05,574 [Command processor thread] INFO  server.RaftServer$Division (RaftServerImpl.java:groupRemove(428)) - 277e5bbd-414d-4f19-87c3-552c8f153d3d@group-4C8F722A4F78: Succeed to remove RaftStorageDirectory Storage Directory /home/runner/work/ozone/ozone/hadoop-ozone/integration-test/target/test-dir/MiniOzoneClusterImpl-20da3918-ad77-4149-a4e0-3f3018d8b094/datanode-5/data/ratis/a9c36cfe-0ab6-4955-9775-4c8f722a4f78
2022-11-18 13:06:05,575 [Command processor thread] INFO  commandhandler.ClosePipelineCommandHandler (ClosePipelineCommandHandler.java:handle(78)) - Close Pipeline PipelineID=a9c36cfe-0ab6-4955-9775-4c8f722a4f78 command on datanode 277e5bbd-414d-4f19-87c3-552c8f153d3d.
2022-11-18 13:06:05,597 [Command processor thread] INFO  keyvalue.KeyValueContainer (KeyValueContainer.java:flushAndSyncDB(437)) - Container 1 is synced with bcsId 38.
2022-11-18 13:06:05,597 [Command processor thread] INFO  keyvalue.KeyValueContainer (KeyValueContainer.java:flushAndSyncDB(437)) - Container 1 is synced with bcsId 38.
2022-11-18 13:06:05,600 [Command processor thread] INFO  keyvalue.KeyValueContainer (KeyValueContainer.java:flushAndSyncDB(437)) - Container 5 is synced with bcsId 30.
2022-11-18 13:06:05,601 [Command processor thread] INFO  keyvalue.KeyValueContainer (KeyValueContainer.java:flushAndSyncDB(437)) - Container 5 is synced with bcsId 30.
2022-11-18 13:06:05,604 [Over Replicated Processor] INFO  replication.OverReplicatedProcessor (OverReplicatedProcessor.java:processAll(90)) - Processed 0 over replicated containers, failed processing 0
2022-11-18 13:06:05,605 [Command processor thread] INFO  keyvalue.KeyValueContainer (KeyValueContainer.java:flushAndSyncDB(437)) - Container 6 is synced with bcsId 34.
2022-11-18 13:06:05,605 [Command processor thread] INFO  keyvalue.KeyValueContainer (KeyValueContainer.java:flushAndSyncDB(437)) - Container 6 is synced with bcsId 34.
2022-11-18 13:06:05,606 [Under Replicated Processor] INFO  replication.UnderReplicatedProcessor (UnderReplicatedProcessor.java:processAll(92)) - Processed 0 under replicated containers, failed processing 0
2022-11-18 13:06:05,609 [Command processor thread] INFO  server.RaftServer$Division (RaftServerImpl.java:groupRemove(428)) - 62944fc1-681b-46bd-93f7-2482762a7b31@group-4C8F722A4F78: Succeed to remove RaftStorageDirectory Storage Directory /home/runner/work/ozone/ozone/hadoop-ozone/integration-test/target/test-dir/MiniOzoneClusterImpl-20da3918-ad77-4149-a4e0-3f3018d8b094/datanode-4/data/ratis/a9c36cfe-0ab6-4955-9775-4c8f722a4f78
2022-11-18 13:06:05,609 [Command processor thread] INFO  commandhandler.ClosePipelineCommandHandler (ClosePipelineCommandHandler.java:handle(78)) - Close Pipeline PipelineID=a9c36cfe-0ab6-4955-9775-4c8f722a4f78 command on datanode 62944fc1-681b-46bd-93f7-2482762a7b31.
2022-11-18 13:06:05,613 [ReplicationMonitor] INFO  replication.LegacyReplicationManager (LegacyReplicationManager.java:forceCloseContainer(1107)) - Force closing container #1 with BCSID 38, which is in QUASI_CLOSED state.
2022-11-18 13:06:05,613 [ReplicationMonitor] INFO  replication.LegacyReplicationManager (LegacyReplicationManager.java:sendCloseCommand(1511)) - Sending close container command for container #1 to datanode cb27b585-024b-4029-854c-b46b41cc55c7{ip: 10.1.0.56, host: fv-az180-400.aibneqh1mxpuhl3tnnuy2ifbce.bx.internal.cloudapp.net, ports: [REPLICATION=34641, RATIS=45595, RATIS_ADMIN=45595, RATIS_SERVER=45595, STANDALONE=37703], networkLocation: /default-rack, certSerialId: null, persistedOpState: ENTERING_MAINTENANCE, persistedOpStateExpiryEpochSec: 0}.
2022-11-18 13:06:05,613 [ReplicationMonitor] INFO  replication.LegacyReplicationManager (LegacyReplicationManager.java:sendCloseCommand(1511)) - Sending close container command for container #1 to datanode 277e5bbd-414d-4f19-87c3-552c8f153d3d{ip: 10.1.0.56, host: fv-az180-400.aibneqh1mxpuhl3tnnuy2ifbce.bx.internal.cloudapp.net, ports: [REPLICATION=34679, RATIS=43003, RATIS_ADMIN=43003, RATIS_SERVER=43003, STANDALONE=43927], networkLocation: /default-rack, certSerialId: null, persistedOpState: IN_SERVICE, persistedOpStateExpiryEpochSec: 0}.
2022-11-18 13:06:05,613 [ReplicationMonitor] INFO  replication.LegacyReplicationManager (LegacyReplicationManager.java:sendCloseCommand(1511)) - Sending close container command for container #1 to datanode 62944fc1-681b-46bd-93f7-2482762a7b31{ip: 10.1.0.56, host: fv-az180-400.aibneqh1mxpuhl3tnnuy2ifbce.bx.internal.cloudapp.net, ports: [REPLICATION=41933, RATIS=38905, RATIS_ADMIN=38905, RATIS_SERVER=38905, STANDALONE=35895], networkLocation: /default-rack, certSerialId: null, persistedOpState: IN_SERVICE, persistedOpStateExpiryEpochSec: 0}.
2022-11-18 13:06:05,613 [ReplicationMonitor] INFO  replication.LegacyReplicationManager (LegacyReplicationManager.java:forceCloseContainer(1107)) - Force closing container #5 with BCSID 30, which is in QUASI_CLOSED state.
2022-11-18 13:06:05,613 [ReplicationMonitor] INFO  replication.LegacyReplicationManager (LegacyReplicationManager.java:sendCloseCommand(1511)) - Sending close container command for container #5 to datanode 62944fc1-681b-46bd-93f7-2482762a7b31{ip: 10.1.0.56, host: fv-az180-400.aibneqh1mxpuhl3tnnuy2ifbce.bx.internal.cloudapp.net, ports: [REPLICATION=41933, RATIS=38905, RATIS_ADMIN=38905, RATIS_SERVER=38905, STANDALONE=35895], networkLocation: /default-rack, certSerialId: null, persistedOpState: IN_SERVICE, persistedOpStateExpiryEpochSec: 0}.
2022-11-18 13:06:05,613 [ReplicationMonitor] INFO  replication.LegacyReplicationManager (LegacyReplicationManager.java:sendCloseCommand(1511)) - Sending close container command for container #5 to datanode cb27b585-024b-4029-854c-b46b41cc55c7{ip: 10.1.0.56, host: fv-az180-400.aibneqh1mxpuhl3tnnuy2ifbce.bx.internal.cloudapp.net, ports: [REPLICATION=34641, RATIS=45595, RATIS_ADMIN=45595, RATIS_SERVER=45595, STANDALONE=37703], networkLocation: /default-rack, certSerialId: null, persistedOpState: ENTERING_MAINTENANCE, persistedOpStateExpiryEpochSec: 0}.
2022-11-18 13:06:05,613 [ReplicationMonitor] INFO  replication.LegacyReplicationManager (LegacyReplicationManager.java:sendCloseCommand(1511)) - Sending close container command for container #5 to datanode 277e5bbd-414d-4f19-87c3-552c8f153d3d{ip: 10.1.0.56, host: fv-az180-400.aibneqh1mxpuhl3tnnuy2ifbce.bx.internal.cloudapp.net, ports: [REPLICATION=34679, RATIS=43003, RATIS_ADMIN=43003, RATIS_SERVER=43003, STANDALONE=43927], networkLocation: /default-rack, certSerialId: null, persistedOpState: IN_SERVICE, persistedOpStateExpiryEpochSec: 0}.
2022-11-18 13:06:05,613 [ReplicationMonitor] INFO  replication.LegacyReplicationManager (LegacyReplicationManager.java:forceCloseContainer(1107)) - Force closing container #6 with BCSID 34, which is in QUASI_CLOSED state.
2022-11-18 13:06:05,613 [ReplicationMonitor] INFO  replication.LegacyReplicationManager (LegacyReplicationManager.java:sendCloseCommand(1511)) - Sending close container command for container #6 to datanode cb27b585-024b-4029-854c-b46b41cc55c7{ip: 10.1.0.56, host: fv-az180-400.aibneqh1mxpuhl3tnnuy2ifbce.bx.internal.cloudapp.net, ports: [REPLICATION=34641, RATIS=45595, RATIS_ADMIN=45595, RATIS_SERVER=45595, STANDALONE=37703], networkLocation: /default-rack, certSerialId: null, persistedOpState: ENTERING_MAINTENANCE, persistedOpStateExpiryEpochSec: 0}.
2022-11-18 13:06:05,613 [ReplicationMonitor] INFO  replication.LegacyReplicationManager (LegacyReplicationManager.java:sendCloseCommand(1511)) - Sending close container command for container #6 to datanode 277e5bbd-414d-4f19-87c3-552c8f153d3d{ip: 10.1.0.56, host: fv-az180-400.aibneqh1mxpuhl3tnnuy2ifbce.bx.internal.cloudapp.net, ports: [REPLICATION=34679, RATIS=43003, RATIS_ADMIN=43003, RATIS_SERVER=43003, STANDALONE=43927], networkLocation: /default-rack, certSerialId: null, persistedOpState: IN_SERVICE, persistedOpStateExpiryEpochSec: 0}.
2022-11-18 13:06:05,613 [ReplicationMonitor] INFO  replication.LegacyReplicationManager (LegacyReplicationManager.java:sendCloseCommand(1511)) - Sending close container command for container #6 to datanode 62944fc1-681b-46bd-93f7-2482762a7b31{ip: 10.1.0.56, host: fv-az180-400.aibneqh1mxpuhl3tnnuy2ifbce.bx.internal.cloudapp.net, ports: [REPLICATION=41933, RATIS=38905, RATIS_ADMIN=38905, RATIS_SERVER=38905, STANDALONE=35895], networkLocation: /default-rack, certSerialId: null, persistedOpState: IN_SERVICE, persistedOpStateExpiryEpochSec: 0}.
2022-11-18 13:06:05,613 [ReplicationMonitor] INFO  replication.ReplicationManager (ReplicationManager.java:processAll(352)) - Replication Monitor Thread took 1 milliseconds for processing 6 containers.
2022-11-18 13:06:05,652 [Listener at 127.0.0.1/39657] INFO  reflections.Reflections (Reflections.java:scan(232)) - Reflections took 80 ms to scan 7 urls, producing 140 keys and 342 values 
2022-11-18 13:06:05,653 [Listener at 127.0.0.1/39657] INFO  statemachine.DatanodeStateMachine (DatanodeStateMachine.java:getEndPointTaskThreadPoolSize(245)) - Datanode State Machine Task Thread Pool size 2
2022-11-18 13:06:05,654 [Listener at 127.0.0.1/39657] INFO  volume.HddsVolume (HddsVolume.java:<init>(117)) - Creating HddsVolume: /home/runner/work/ozone/ozone/hadoop-ozone/integration-test/target/test-dir/MiniOzoneClusterImpl-d3d67884-f8de-446f-8121-b5603e1f9142/datanode-4/data-0/containers/hdds of storage type : DISK capacity : 9223372036854775807
2022-11-18 13:06:05,654 [Listener at 127.0.0.1/39657] INFO  volume.MutableVolumeSet (MutableVolumeSet.java:initializeVolumeSet(174)) - Added Volume : /home/runner/work/ozone/ozone/hadoop-ozone/integration-test/target/test-dir/MiniOzoneClusterImpl-d3d67884-f8de-446f-8121-b5603e1f9142/datanode-4/data-0/containers/hdds to VolumeSet
2022-11-18 13:06:05,654 [Listener at 127.0.0.1/39657] INFO  volume.ThrottledAsyncChecker (ThrottledAsyncChecker.java:schedule(141)) - Scheduling a check for /home/runner/work/ozone/ozone/hadoop-ozone/integration-test/target/test-dir/MiniOzoneClusterImpl-d3d67884-f8de-446f-8121-b5603e1f9142/datanode-4/data-0/containers/hdds
2022-11-18 13:06:05,661 [Listener at 127.0.0.1/39657] INFO  volume.StorageVolumeChecker (StorageVolumeChecker.java:checkAllVolumes(202)) - Scheduled health check for volume /home/runner/work/ozone/ozone/hadoop-ozone/integration-test/target/test-dir/MiniOzoneClusterImpl-d3d67884-f8de-446f-8121-b5603e1f9142/datanode-4/data-0/containers/hdds
2022-11-18 13:06:05,678 [Listener at 127.0.0.1/39657] INFO  volume.MutableVolumeSet (MutableVolumeSet.java:initializeVolumeSet(174)) - Added Volume : /home/runner/work/ozone/ozone/hadoop-ozone/integration-test/target/test-dir/MiniOzoneClusterImpl-d3d67884-f8de-446f-8121-b5603e1f9142/datanode-4/data/ratis to VolumeSet
2022-11-18 13:06:05,678 [Listener at 127.0.0.1/39657] INFO  volume.ThrottledAsyncChecker (ThrottledAsyncChecker.java:schedule(141)) - Scheduling a check for /home/runner/work/ozone/ozone/hadoop-ozone/integration-test/target/test-dir/MiniOzoneClusterImpl-d3d67884-f8de-446f-8121-b5603e1f9142/datanode-4/data/ratis
2022-11-18 13:06:05,679 [Listener at 127.0.0.1/39657] INFO  volume.StorageVolumeChecker (StorageVolumeChecker.java:checkAllVolumes(202)) - Scheduled health check for volume /home/runner/work/ozone/ozone/hadoop-ozone/integration-test/target/test-dir/MiniOzoneClusterImpl-d3d67884-f8de-446f-8121-b5603e1f9142/datanode-4/data/ratis
2022-11-18 13:06:05,679 [grpc-default-executor-2] WARN  server.GrpcLogAppender (LogUtils.java:warn(122)) - 961e98b4-0515-4e33-9a5e-b87989e0967c@group-A4A895E4F75D->a49fbcfb-f7dc-4282-aec4-a4f9f3e2b5ab-AppendLogResponseHandler: Failed appendEntries: org.apache.ratis.thirdparty.io.grpc.StatusRuntimeException: UNAVAILABLE: io exception
2022-11-18 13:06:05,680 [grpc-default-executor-6] WARN  server.GrpcLogAppender (LogUtils.java:warn(122)) - 961e98b4-0515-4e33-9a5e-b87989e0967c@group-A4A895E4F75D->a49fbcfb-f7dc-4282-aec4-a4f9f3e2b5ab-AppendLogResponseHandler: Failed appendEntries: org.apache.ratis.thirdparty.io.grpc.StatusRuntimeException: UNAVAILABLE: io exception
2022-11-18 13:06:05,681 [grpc-default-executor-2] WARN  server.GrpcLogAppender (GrpcLogAppender.java:resetClient(131)) - 961e98b4-0515-4e33-9a5e-b87989e0967c@group-A4A895E4F75D->a49fbcfb-f7dc-4282-aec4-a4f9f3e2b5ab-GrpcLogAppender: Leader has not got in touch with Follower 961e98b4-0515-4e33-9a5e-b87989e0967c@group-A4A895E4F75D->a49fbcfb-f7dc-4282-aec4-a4f9f3e2b5ab(c0,m0,n1, attendVote=true, lastRpcSendTime=1252, lastRpcResponseTime=3753) yet, just keep nextIndex unchanged and retry.
2022-11-18 13:06:05,682 [grpc-default-executor-6] WARN  server.GrpcLogAppender (GrpcLogAppender.java:resetClient(131)) - 961e98b4-0515-4e33-9a5e-b87989e0967c@group-A4A895E4F75D->a49fbcfb-f7dc-4282-aec4-a4f9f3e2b5ab-GrpcLogAppender: Leader has not got in touch with Follower 961e98b4-0515-4e33-9a5e-b87989e0967c@group-A4A895E4F75D->a49fbcfb-f7dc-4282-aec4-a4f9f3e2b5ab(c0,m0,n1, attendVote=true, lastRpcSendTime=1253, lastRpcResponseTime=3754) yet, just keep nextIndex unchanged and retry.
2022-11-18 13:06:05,683 [grpc-default-executor-6] WARN  server.GrpcLogAppender (LogUtils.java:warn(122)) - 961e98b4-0515-4e33-9a5e-b87989e0967c@group-A4A895E4F75D->a49fbcfb-f7dc-4282-aec4-a4f9f3e2b5ab-AppendLogResponseHandler: Failed appendEntries: org.apache.ratis.thirdparty.io.grpc.StatusRuntimeException: UNAVAILABLE: io exception
2022-11-18 13:06:05,683 [grpc-default-executor-2] WARN  server.GrpcLogAppender (LogUtils.java:warn(122)) - 961e98b4-0515-4e33-9a5e-b87989e0967c@group-A4A895E4F75D->a49fbcfb-f7dc-4282-aec4-a4f9f3e2b5ab-AppendLogResponseHandler: Failed appendEntries: org.apache.ratis.thirdparty.io.grpc.StatusRuntimeException: UNAVAILABLE: io exception
2022-11-18 13:06:05,683 [grpc-default-executor-6] WARN  server.GrpcLogAppender (GrpcLogAppender.java:resetClient(131)) - 961e98b4-0515-4e33-9a5e-b87989e0967c@group-A4A895E4F75D->a49fbcfb-f7dc-4282-aec4-a4f9f3e2b5ab-GrpcLogAppender: Leader has not got in touch with Follower 961e98b4-0515-4e33-9a5e-b87989e0967c@group-A4A895E4F75D->a49fbcfb-f7dc-4282-aec4-a4f9f3e2b5ab(c0,m0,n1, attendVote=true, lastRpcSendTime=1255, lastRpcResponseTime=3756) yet, just keep nextIndex unchanged and retry.
2022-11-18 13:06:05,684 [grpc-default-executor-2] WARN  server.GrpcLogAppender (GrpcLogAppender.java:resetClient(131)) - 961e98b4-0515-4e33-9a5e-b87989e0967c@group-A4A895E4F75D->a49fbcfb-f7dc-4282-aec4-a4f9f3e2b5ab-GrpcLogAppender: Leader has not got in touch with Follower 961e98b4-0515-4e33-9a5e-b87989e0967c@group-A4A895E4F75D->a49fbcfb-f7dc-4282-aec4-a4f9f3e2b5ab(c0,m0,n1, attendVote=true, lastRpcSendTime=1256, lastRpcResponseTime=3757) yet, just keep nextIndex unchanged and retry.
2022-11-18 13:06:05,685 [grpc-default-executor-2] WARN  server.GrpcLogAppender (LogUtils.java:warn(122)) - 961e98b4-0515-4e33-9a5e-b87989e0967c@group-A4A895E4F75D->a49fbcfb-f7dc-4282-aec4-a4f9f3e2b5ab-AppendLogResponseHandler: Failed appendEntries: org.apache.ratis.thirdparty.io.grpc.StatusRuntimeException: UNAVAILABLE: io exception
2022-11-18 13:06:05,685 [grpc-default-executor-6] WARN  server.GrpcLogAppender (LogUtils.java:warn(122)) - 961e98b4-0515-4e33-9a5e-b87989e0967c@group-A4A895E4F75D->a49fbcfb-f7dc-4282-aec4-a4f9f3e2b5ab-AppendLogResponseHandler: Failed appendEntries: org.apache.ratis.thirdparty.io.grpc.StatusRuntimeException: UNAVAILABLE: io exception
2022-11-18 13:06:05,685 [grpc-default-executor-2] WARN  server.GrpcLogAppender (GrpcLogAppender.java:resetClient(131)) - 961e98b4-0515-4e33-9a5e-b87989e0967c@group-A4A895E4F75D->a49fbcfb-f7dc-4282-aec4-a4f9f3e2b5ab-GrpcLogAppender: Leader has not got in touch with Follower 961e98b4-0515-4e33-9a5e-b87989e0967c@group-A4A895E4F75D->a49fbcfb-f7dc-4282-aec4-a4f9f3e2b5ab(c0,m0,n1, attendVote=true, lastRpcSendTime=1257, lastRpcResponseTime=3758) yet, just keep nextIndex unchanged and retry.
2022-11-18 13:06:05,686 [grpc-default-executor-6] WARN  server.GrpcLogAppender (GrpcLogAppender.java:resetClient(131)) - 961e98b4-0515-4e33-9a5e-b87989e0967c@group-A4A895E4F75D->a49fbcfb-f7dc-4282-aec4-a4f9f3e2b5ab-GrpcLogAppender: Leader has not got in touch with Follower 961e98b4-0515-4e33-9a5e-b87989e0967c@group-A4A895E4F75D->a49fbcfb-f7dc-4282-aec4-a4f9f3e2b5ab(c0,m0,n1, attendVote=true, lastRpcSendTime=1257, lastRpcResponseTime=3758) yet, just keep nextIndex unchanged and retry.
2022-11-18 13:06:05,686 [grpc-default-executor-6] WARN  server.GrpcLogAppender (LogUtils.java:warn(122)) - 961e98b4-0515-4e33-9a5e-b87989e0967c@group-A4A895E4F75D->a49fbcfb-f7dc-4282-aec4-a4f9f3e2b5ab-AppendLogResponseHandler: Failed appendEntries: org.apache.ratis.thirdparty.io.grpc.StatusRuntimeException: UNAVAILABLE: io exception
2022-11-18 13:06:05,686 [grpc-default-executor-2] WARN  server.GrpcLogAppender (LogUtils.java:warn(122)) - 961e98b4-0515-4e33-9a5e-b87989e0967c@group-A4A895E4F75D->a49fbcfb-f7dc-4282-aec4-a4f9f3e2b5ab-AppendLogResponseHandler: Failed appendEntries: org.apache.ratis.thirdparty.io.grpc.StatusRuntimeException: UNAVAILABLE: io exception
2022-11-18 13:06:05,687 [grpc-default-executor-6] WARN  server.GrpcLogAppender (GrpcLogAppender.java:resetClient(131)) - 961e98b4-0515-4e33-9a5e-b87989e0967c@group-A4A895E4F75D->a49fbcfb-f7dc-4282-aec4-a4f9f3e2b5ab-GrpcLogAppender: Leader has not got in touch with Follower 961e98b4-0515-4e33-9a5e-b87989e0967c@group-A4A895E4F75D->a49fbcfb-f7dc-4282-aec4-a4f9f3e2b5ab(c0,m0,n1, attendVote=true, lastRpcSendTime=1258, lastRpcResponseTime=3759) yet, just keep nextIndex unchanged and retry.
2022-11-18 13:06:05,688 [grpc-default-executor-2] WARN  server.GrpcLogAppender (GrpcLogAppender.java:resetClient(131)) - 961e98b4-0515-4e33-9a5e-b87989e0967c@group-A4A895E4F75D->a49fbcfb-f7dc-4282-aec4-a4f9f3e2b5ab-GrpcLogAppender: Leader has not got in touch with Follower 961e98b4-0515-4e33-9a5e-b87989e0967c@group-A4A895E4F75D->a49fbcfb-f7dc-4282-aec4-a4f9f3e2b5ab(c0,m0,n1, attendVote=true, lastRpcSendTime=1259, lastRpcResponseTime=3760) yet, just keep nextIndex unchanged and retry.
2022-11-18 13:06:05,689 [grpc-default-executor-2] WARN  server.GrpcLogAppender (LogUtils.java:warn(122)) - 961e98b4-0515-4e33-9a5e-b87989e0967c@group-A4A895E4F75D->a49fbcfb-f7dc-4282-aec4-a4f9f3e2b5ab-AppendLogResponseHandler: Failed appendEntries: org.apache.ratis.thirdparty.io.grpc.StatusRuntimeException: UNAVAILABLE: io exception
2022-11-18 13:06:05,689 [grpc-default-executor-6] WARN  server.GrpcLogAppender (LogUtils.java:warn(122)) - 961e98b4-0515-4e33-9a5e-b87989e0967c@group-A4A895E4F75D->a49fbcfb-f7dc-4282-aec4-a4f9f3e2b5ab-AppendLogResponseHandler: Failed appendEntries: org.apache.ratis.thirdparty.io.grpc.StatusRuntimeException: UNAVAILABLE: io exception
2022-11-18 13:06:05,689 [grpc-default-executor-2] WARN  server.GrpcLogAppender (GrpcLogAppender.java:resetClient(131)) - 961e98b4-0515-4e33-9a5e-b87989e0967c@group-A4A895E4F75D->a49fbcfb-f7dc-4282-aec4-a4f9f3e2b5ab-GrpcLogAppender: Leader has not got in touch with Follower 961e98b4-0515-4e33-9a5e-b87989e0967c@group-A4A895E4F75D->a49fbcfb-f7dc-4282-aec4-a4f9f3e2b5ab(c0,m0,n1, attendVote=true, lastRpcSendTime=1261, lastRpcResponseTime=3762) yet, just keep nextIndex unchanged and retry.
2022-11-18 13:06:05,689 [grpc-default-executor-6] WARN  server.GrpcLogAppender (GrpcLogAppender.java:resetClient(131)) - 961e98b4-0515-4e33-9a5e-b87989e0967c@group-A4A895E4F75D->a49fbcfb-f7dc-4282-aec4-a4f9f3e2b5ab-GrpcLogAppender: Leader has not got in touch with Follower 961e98b4-0515-4e33-9a5e-b87989e0967c@group-A4A895E4F75D->a49fbcfb-f7dc-4282-aec4-a4f9f3e2b5ab(c0,m0,n1, attendVote=true, lastRpcSendTime=1261, lastRpcResponseTime=3762) yet, just keep nextIndex unchanged and retry.
2022-11-18 13:06:05,691 [grpc-default-executor-6] WARN  server.GrpcLogAppender (LogUtils.java:warn(122)) - 961e98b4-0515-4e33-9a5e-b87989e0967c@group-A4A895E4F75D->a49fbcfb-f7dc-4282-aec4-a4f9f3e2b5ab-AppendLogResponseHandler: Failed appendEntries: org.apache.ratis.thirdparty.io.grpc.StatusRuntimeException: UNAVAILABLE: io exception
2022-11-18 13:06:05,691 [grpc-default-executor-2] WARN  server.GrpcLogAppender (LogUtils.java:warn(122)) - 961e98b4-0515-4e33-9a5e-b87989e0967c@group-A4A895E4F75D->a49fbcfb-f7dc-4282-aec4-a4f9f3e2b5ab-AppendLogResponseHandler: Failed appendEntries: org.apache.ratis.thirdparty.io.grpc.StatusRuntimeException: UNAVAILABLE: io exception
2022-11-18 13:06:05,691 [grpc-default-executor-6] WARN  server.GrpcLogAppender (GrpcLogAppender.java:resetClient(131)) - 961e98b4-0515-4e33-9a5e-b87989e0967c@group-A4A895E4F75D->a49fbcfb-f7dc-4282-aec4-a4f9f3e2b5ab-GrpcLogAppender: Leader has not got in touch with Follower 961e98b4-0515-4e33-9a5e-b87989e0967c@group-A4A895E4F75D->a49fbcfb-f7dc-4282-aec4-a4f9f3e2b5ab(c0,m0,n1, attendVote=true, lastRpcSendTime=1263, lastRpcResponseTime=3764) yet, just keep nextIndex unchanged and retry.
2022-11-18 13:06:05,693 [grpc-default-executor-2] WARN  server.GrpcLogAppender (GrpcLogAppender.java:resetClient(131)) - 961e98b4-0515-4e33-9a5e-b87989e0967c@group-A4A895E4F75D->a49fbcfb-f7dc-4282-aec4-a4f9f3e2b5ab-GrpcLogAppender: Leader has not got in touch with Follower 961e98b4-0515-4e33-9a5e-b87989e0967c@group-A4A895E4F75D->a49fbcfb-f7dc-4282-aec4-a4f9f3e2b5ab(c0,m0,n1, attendVote=true, lastRpcSendTime=1264, lastRpcResponseTime=3765) yet, just keep nextIndex unchanged and retry.
2022-11-18 13:06:05,694 [grpc-default-executor-2] WARN  server.GrpcLogAppender (LogUtils.java:warn(122)) - 961e98b4-0515-4e33-9a5e-b87989e0967c@group-A4A895E4F75D->a49fbcfb-f7dc-4282-aec4-a4f9f3e2b5ab-AppendLogResponseHandler: Failed appendEntries: org.apache.ratis.thirdparty.io.grpc.StatusRuntimeException: UNAVAILABLE: io exception
2022-11-18 13:06:05,694 [grpc-default-executor-6] WARN  server.GrpcLogAppender (LogUtils.java:warn(122)) - 961e98b4-0515-4e33-9a5e-b87989e0967c@group-A4A895E4F75D->a49fbcfb-f7dc-4282-aec4-a4f9f3e2b5ab-AppendLogResponseHandler: Failed appendEntries: org.apache.ratis.thirdparty.io.grpc.StatusRuntimeException: UNAVAILABLE: io exception
2022-11-18 13:06:05,694 [grpc-default-executor-2] WARN  server.GrpcLogAppender (GrpcLogAppender.java:resetClient(131)) - 961e98b4-0515-4e33-9a5e-b87989e0967c@group-A4A895E4F75D->a49fbcfb-f7dc-4282-aec4-a4f9f3e2b5ab-GrpcLogAppender: Leader has not got in touch with Follower 961e98b4-0515-4e33-9a5e-b87989e0967c@group-A4A895E4F75D->a49fbcfb-f7dc-4282-aec4-a4f9f3e2b5ab(c0,m0,n1, attendVote=true, lastRpcSendTime=1266, lastRpcResponseTime=3767) yet, just keep nextIndex unchanged and retry.
2022-11-18 13:06:05,694 [grpc-default-executor-6] WARN  server.GrpcLogAppender (GrpcLogAppender.java:resetClient(131)) - 961e98b4-0515-4e33-9a5e-b87989e0967c@group-A4A895E4F75D->a49fbcfb-f7dc-4282-aec4-a4f9f3e2b5ab-GrpcLogAppender: Leader has not got in touch with Follower 961e98b4-0515-4e33-9a5e-b87989e0967c@group-A4A895E4F75D->a49fbcfb-f7dc-4282-aec4-a4f9f3e2b5ab(c0,m0,n1, attendVote=true, lastRpcSendTime=1266, lastRpcResponseTime=3767) yet, just keep nextIndex unchanged and retry.
2022-11-18 13:06:05,695 [grpc-default-executor-6] WARN  server.GrpcLogAppender (LogUtils.java:warn(122)) - 961e98b4-0515-4e33-9a5e-b87989e0967c@group-A4A895E4F75D->a49fbcfb-f7dc-4282-aec4-a4f9f3e2b5ab-AppendLogResponseHandler: Failed appendEntries: org.apache.ratis.thirdparty.io.grpc.StatusRuntimeException: UNAVAILABLE: io exception
2022-11-18 13:06:05,695 [grpc-default-executor-2] WARN  server.GrpcLogAppender (LogUtils.java:warn(122)) - 961e98b4-0515-4e33-9a5e-b87989e0967c@group-A4A895E4F75D->a49fbcfb-f7dc-4282-aec4-a4f9f3e2b5ab-AppendLogResponseHandler: Failed appendEntries: org.apache.ratis.thirdparty.io.grpc.StatusRuntimeException: UNAVAILABLE: io exception
2022-11-18 13:06:05,695 [grpc-default-executor-6] WARN  server.GrpcLogAppender (GrpcLogAppender.java:resetClient(131)) - 961e98b4-0515-4e33-9a5e-b87989e0967c@group-A4A895E4F75D->a49fbcfb-f7dc-4282-aec4-a4f9f3e2b5ab-GrpcLogAppender: Leader has not got in touch with Follower 961e98b4-0515-4e33-9a5e-b87989e0967c@group-A4A895E4F75D->a49fbcfb-f7dc-4282-aec4-a4f9f3e2b5ab(c0,m0,n1, attendVote=true, lastRpcSendTime=1267, lastRpcResponseTime=3768) yet, just keep nextIndex unchanged and retry.
2022-11-18 13:06:05,696 [grpc-default-executor-2] WARN  server.GrpcLogAppender (GrpcLogAppender.java:resetClient(131)) - 961e98b4-0515-4e33-9a5e-b87989e0967c@group-A4A895E4F75D->a49fbcfb-f7dc-4282-aec4-a4f9f3e2b5ab-GrpcLogAppender: Leader has not got in touch with Follower 961e98b4-0515-4e33-9a5e-b87989e0967c@group-A4A895E4F75D->a49fbcfb-f7dc-4282-aec4-a4f9f3e2b5ab(c0,m0,n1, attendVote=true, lastRpcSendTime=1268, lastRpcResponseTime=3769) yet, just keep nextIndex unchanged and retry.
2022-11-18 13:06:05,697 [grpc-default-executor-2] WARN  server.GrpcLogAppender (LogUtils.java:warn(122)) - 961e98b4-0515-4e33-9a5e-b87989e0967c@group-A4A895E4F75D->a49fbcfb-f7dc-4282-aec4-a4f9f3e2b5ab-AppendLogResponseHandler: Failed appendEntries: org.apache.ratis.thirdparty.io.grpc.StatusRuntimeException: UNAVAILABLE: io exception
2022-11-18 13:06:05,697 [grpc-default-executor-6] WARN  server.GrpcLogAppender (LogUtils.java:warn(122)) - 961e98b4-0515-4e33-9a5e-b87989e0967c@group-A4A895E4F75D->a49fbcfb-f7dc-4282-aec4-a4f9f3e2b5ab-AppendLogResponseHandler: Failed appendEntries: org.apache.ratis.thirdparty.io.grpc.StatusRuntimeException: UNAVAILABLE: io exception
2022-11-18 13:06:05,698 [grpc-default-executor-2] WARN  server.GrpcLogAppender (GrpcLogAppender.java:resetClient(131)) - 961e98b4-0515-4e33-9a5e-b87989e0967c@group-A4A895E4F75D->a49fbcfb-f7dc-4282-aec4-a4f9f3e2b5ab-GrpcLogAppender: Leader has not got in touch with Follower 961e98b4-0515-4e33-9a5e-b87989e0967c@group-A4A895E4F75D->a49fbcfb-f7dc-4282-aec4-a4f9f3e2b5ab(c0,m0,n1, attendVote=true, lastRpcSendTime=1269, lastRpcResponseTime=3770) yet, just keep nextIndex unchanged and retry.
2022-11-18 13:06:05,698 [grpc-default-executor-6] WARN  server.GrpcLogAppender (GrpcLogAppender.java:resetClient(131)) - 961e98b4-0515-4e33-9a5e-b87989e0967c@group-A4A895E4F75D->a49fbcfb-f7dc-4282-aec4-a4f9f3e2b5ab-GrpcLogAppender: Leader has not got in touch with Follower 961e98b4-0515-4e33-9a5e-b87989e0967c@group-A4A895E4F75D->a49fbcfb-f7dc-4282-aec4-a4f9f3e2b5ab(c0,m0,n1, attendVote=true, lastRpcSendTime=1269, lastRpcResponseTime=3770) yet, just keep nextIndex unchanged and retry.
2022-11-18 13:06:05,698 [grpc-default-executor-6] WARN  server.GrpcLogAppender (LogUtils.java:warn(122)) - 961e98b4-0515-4e33-9a5e-b87989e0967c@group-A4A895E4F75D->a49fbcfb-f7dc-4282-aec4-a4f9f3e2b5ab-AppendLogResponseHandler: Failed appendEntries: org.apache.ratis.thirdparty.io.grpc.StatusRuntimeException: UNAVAILABLE: io exception
2022-11-18 13:06:05,698 [grpc-default-executor-2] WARN  server.GrpcLogAppender (LogUtils.java:warn(122)) - 961e98b4-0515-4e33-9a5e-b87989e0967c@group-A4A895E4F75D->a49fbcfb-f7dc-4282-aec4-a4f9f3e2b5ab-AppendLogResponseHandler: Failed appendEntries: org.apache.ratis.thirdparty.io.grpc.StatusRuntimeException: UNAVAILABLE: io exception
2022-11-18 13:06:05,699 [grpc-default-executor-6] WARN  server.GrpcLogAppender (GrpcLogAppender.java:resetClient(131)) - 961e98b4-0515-4e33-9a5e-b87989e0967c@group-A4A895E4F75D->a49fbcfb-f7dc-4282-aec4-a4f9f3e2b5ab-GrpcLogAppender: Leader has not got in touch with Follower 961e98b4-0515-4e33-9a5e-b87989e0967c@group-A4A895E4F75D->a49fbcfb-f7dc-4282-aec4-a4f9f3e2b5ab(c0,m0,n1, attendVote=true, lastRpcSendTime=1270, lastRpcResponseTime=3771) yet, just keep nextIndex unchanged and retry.
2022-11-18 13:06:05,699 [Thread-2803] INFO  ozoneimpl.ContainerReader (ContainerReader.java:readVolume(175)) - Finish verifying containers on volume /home/runner/work/ozone/ozone/hadoop-ozone/integration-test/target/test-dir/MiniOzoneClusterImpl-d3d67884-f8de-446f-8121-b5603e1f9142/datanode-4/data-0/containers/hdds
2022-11-18 13:06:05,699 [Listener at 127.0.0.1/39657] INFO  ozoneimpl.OzoneContainer (OzoneContainer.java:buildContainerSet(301)) - Build ContainerSet costs 0s
2022-11-18 13:06:05,700 [grpc-default-executor-2] WARN  server.GrpcLogAppender (GrpcLogAppender.java:resetClient(131)) - 961e98b4-0515-4e33-9a5e-b87989e0967c@group-A4A895E4F75D->a49fbcfb-f7dc-4282-aec4-a4f9f3e2b5ab-GrpcLogAppender: Leader has not got in touch with Follower 961e98b4-0515-4e33-9a5e-b87989e0967c@group-A4A895E4F75D->a49fbcfb-f7dc-4282-aec4-a4f9f3e2b5ab(c0,m0,n1, attendVote=true, lastRpcSendTime=1271, lastRpcResponseTime=3772) yet, just keep nextIndex unchanged and retry.
2022-11-18 13:06:05,701 [grpc-default-executor-2] WARN  server.GrpcLogAppender (LogUtils.java:warn(122)) - 961e98b4-0515-4e33-9a5e-b87989e0967c@group-A4A895E4F75D->a49fbcfb-f7dc-4282-aec4-a4f9f3e2b5ab-AppendLogResponseHandler: Failed appendEntries: org.apache.ratis.thirdparty.io.grpc.StatusRuntimeException: UNAVAILABLE: io exception
2022-11-18 13:06:05,701 [grpc-default-executor-6] WARN  server.GrpcLogAppender (LogUtils.java:warn(122)) - 961e98b4-0515-4e33-9a5e-b87989e0967c@group-A4A895E4F75D->a49fbcfb-f7dc-4282-aec4-a4f9f3e2b5ab-AppendLogResponseHandler: Failed appendEntries: org.apache.ratis.thirdparty.io.grpc.StatusRuntimeException: UNAVAILABLE: io exception
2022-11-18 13:06:05,701 [Listener at 127.0.0.1/39657] INFO  server.RaftServer (ConfUtils.java:logGet(46)) - raft.rpc.type = GRPC (default)
2022-11-18 13:06:05,701 [Listener at 127.0.0.1/39657] INFO  grpc.GrpcConfigKeys (ConfUtils.java:logFallback(53)) - raft.grpc.admin.host = null (fallback to raft.grpc.server.host)
2022-11-18 13:06:05,701 [grpc-default-executor-2] WARN  server.GrpcLogAppender (GrpcLogAppender.java:resetClient(131)) - 961e98b4-0515-4e33-9a5e-b87989e0967c@group-A4A895E4F75D->a49fbcfb-f7dc-4282-aec4-a4f9f3e2b5ab-GrpcLogAppender: Leader has not got in touch with Follower 961e98b4-0515-4e33-9a5e-b87989e0967c@group-A4A895E4F75D->a49fbcfb-f7dc-4282-aec4-a4f9f3e2b5ab(c0,m0,n1, attendVote=true, lastRpcSendTime=1272, lastRpcResponseTime=3774) yet, just keep nextIndex unchanged and retry.
2022-11-18 13:06:05,701 [Listener at 127.0.0.1/39657] INFO  grpc.GrpcConfigKeys (ConfUtils.java:logGet(46)) - raft.grpc.admin.port = 0 (custom)
2022-11-18 13:06:05,701 [Listener at 127.0.0.1/39657] INFO  grpc.GrpcConfigKeys (ConfUtils.java:logFallback(53)) - raft.grpc.client.host = null (fallback to raft.grpc.server.host)
2022-11-18 13:06:05,701 [grpc-default-executor-6] WARN  server.GrpcLogAppender (GrpcLogAppender.java:resetClient(131)) - 961e98b4-0515-4e33-9a5e-b87989e0967c@group-A4A895E4F75D->a49fbcfb-f7dc-4282-aec4-a4f9f3e2b5ab-GrpcLogAppender: Leader has not got in touch with Follower 961e98b4-0515-4e33-9a5e-b87989e0967c@group-A4A895E4F75D->a49fbcfb-f7dc-4282-aec4-a4f9f3e2b5ab(c0,m0,n1, attendVote=true, lastRpcSendTime=1273, lastRpcResponseTime=3774) yet, just keep nextIndex unchanged and retry.
2022-11-18 13:06:05,701 [Listener at 127.0.0.1/39657] INFO  grpc.GrpcConfigKeys (ConfUtils.java:logGet(46)) - raft.grpc.client.port = 0 (custom)
2022-11-18 13:06:05,701 [Listener at 127.0.0.1/39657] INFO  grpc.GrpcConfigKeys (ConfUtils.java:logGet(46)) - raft.grpc.server.host = null (default)
2022-11-18 13:06:05,701 [Listener at 127.0.0.1/39657] INFO  grpc.GrpcConfigKeys (ConfUtils.java:logGet(46)) - raft.grpc.server.port = 0 (default)
2022-11-18 13:06:05,701 [Listener at 127.0.0.1/39657] INFO  server.GrpcService (ConfUtils.java:logGet(46)) - raft.grpc.message.size.max = 32MB (=33554432) (custom)
2022-11-18 13:06:05,701 [Listener at 127.0.0.1/39657] INFO  server.RaftServerConfigKeys (ConfUtils.java:logGet(46)) - raft.server.log.appender.buffer.byte-limit = 33554432 (custom)
2022-11-18 13:06:05,701 [Listener at 127.0.0.1/39657] INFO  server.GrpcService (ConfUtils.java:logGet(46)) - raft.grpc.flow.control.window = 5MB (=5242880) (custom)
2022-11-18 13:06:05,702 [Listener at 127.0.0.1/39657] INFO  server.RaftServerConfigKeys (ConfUtils.java:logGet(46)) - raft.server.rpc.request.timeout = 60s (custom)
2022-11-18 13:06:05,702 [Listener at 127.0.0.1/39657] INFO  grpc.GrpcConfigKeys (ConfUtils.java:logGet(46)) - raft.grpc.server.heartbeat.channel = true (default)
2022-11-18 13:06:05,702 [Listener at 127.0.0.1/39657] INFO  grpc.GrpcConfigKeys (ConfUtils.java:logGet(46)) - raft.grpc.server.async.request.thread.pool.cached = true (default)
2022-11-18 13:06:05,702 [Listener at 127.0.0.1/39657] INFO  grpc.GrpcConfigKeys (ConfUtils.java:logGet(46)) - raft.grpc.server.async.request.thread.pool.size = 32 (default)
2022-11-18 13:06:05,702 [grpc-default-executor-6] WARN  server.GrpcLogAppender (LogUtils.java:warn(122)) - 961e98b4-0515-4e33-9a5e-b87989e0967c@group-A4A895E4F75D->a49fbcfb-f7dc-4282-aec4-a4f9f3e2b5ab-AppendLogResponseHandler: Failed appendEntries: org.apache.ratis.thirdparty.io.grpc.StatusRuntimeException: UNAVAILABLE: io exception
2022-11-18 13:06:05,702 [grpc-default-executor-2] WARN  server.GrpcLogAppender (LogUtils.java:warn(122)) - 961e98b4-0515-4e33-9a5e-b87989e0967c@group-A4A895E4F75D->a49fbcfb-f7dc-4282-aec4-a4f9f3e2b5ab-AppendLogResponseHandler: Failed appendEntries: org.apache.ratis.thirdparty.io.grpc.StatusRuntimeException: UNAVAILABLE: io exception
2022-11-18 13:06:05,702 [grpc-default-executor-6] WARN  server.GrpcLogAppender (GrpcLogAppender.java:resetClient(131)) - 961e98b4-0515-4e33-9a5e-b87989e0967c@group-A4A895E4F75D->a49fbcfb-f7dc-4282-aec4-a4f9f3e2b5ab-GrpcLogAppender: Leader has not got in touch with Follower 961e98b4-0515-4e33-9a5e-b87989e0967c@group-A4A895E4F75D->a49fbcfb-f7dc-4282-aec4-a4f9f3e2b5ab(c0,m0,n1, attendVote=true, lastRpcSendTime=1274, lastRpcResponseTime=3775) yet, just keep nextIndex unchanged and retry.
2022-11-18 13:06:05,702 [Listener at 127.0.0.1/39657] INFO  impl.DataStreamServerImpl (ConfUtils.java:logGet(46)) - raft.datastream.type = DISABLED (default)
2022-11-18 13:06:05,703 [Listener at 127.0.0.1/39657] INFO  server.RaftServerConfigKeys (ConfUtils.java:logGet(46)) - raft.server.threadpool.proxy.cached = true (default)
2022-11-18 13:06:05,703 [Listener at 127.0.0.1/39657] INFO  server.RaftServerConfigKeys (ConfUtils.java:logGet(46)) - raft.server.threadpool.proxy.size = 0 (default)
2022-11-18 13:06:05,703 [Listener at 127.0.0.1/39657] INFO  server.RaftServerConfigKeys (ConfUtils.java:logGet(46)) - raft.server.rpc.slowness.timeout = 300s (custom)
2022-11-18 13:06:05,703 [Listener at 127.0.0.1/39657] INFO  server.RaftServerConfigKeys (ConfUtils.java:logGet(46)) - raft.server.leaderelection.leader.step-down.wait-time = 10s (default)
2022-11-18 13:06:05,703 [Listener at 127.0.0.1/39657] INFO  server.RaftServerConfigKeys (ConfUtils.java:logGet(46)) - raft.server.storage.dir = [/home/runner/work/ozone/ozone/hadoop-ozone/integration-test/target/test-dir/MiniOzoneClusterImpl-d3d67884-f8de-446f-8121-b5603e1f9142/datanode-4/data/ratis] (custom)
2022-11-18 13:06:05,703 [grpc-default-executor-2] WARN  server.GrpcLogAppender (GrpcLogAppender.java:resetClient(131)) - 961e98b4-0515-4e33-9a5e-b87989e0967c@group-A4A895E4F75D->a49fbcfb-f7dc-4282-aec4-a4f9f3e2b5ab-GrpcLogAppender: Leader has not got in touch with Follower 961e98b4-0515-4e33-9a5e-b87989e0967c@group-A4A895E4F75D->a49fbcfb-f7dc-4282-aec4-a4f9f3e2b5ab(c0,m0,n1, attendVote=true, lastRpcSendTime=1275, lastRpcResponseTime=3776) yet, just keep nextIndex unchanged and retry.
2022-11-18 13:06:05,704 [grpc-default-executor-6] WARN  server.GrpcLogAppender (LogUtils.java:warn(122)) - 961e98b4-0515-4e33-9a5e-b87989e0967c@group-A4A895E4F75D->a49fbcfb-f7dc-4282-aec4-a4f9f3e2b5ab-AppendLogResponseHandler: Failed appendEntries: org.apache.ratis.thirdparty.io.grpc.StatusRuntimeException: UNAVAILABLE: io exception
2022-11-18 13:06:05,704 [grpc-default-executor-6] WARN  server.GrpcLogAppender (GrpcLogAppender.java:resetClient(131)) - 961e98b4-0515-4e33-9a5e-b87989e0967c@group-A4A895E4F75D->a49fbcfb-f7dc-4282-aec4-a4f9f3e2b5ab-GrpcLogAppender: Leader has not got in touch with Follower 961e98b4-0515-4e33-9a5e-b87989e0967c@group-A4A895E4F75D->a49fbcfb-f7dc-4282-aec4-a4f9f3e2b5ab(c0,m0,n1, attendVote=true, lastRpcSendTime=1276, lastRpcResponseTime=3777) yet, just keep nextIndex unchanged and retry.
2022-11-18 13:06:05,705 [Listener at 127.0.0.1/39657] INFO  server.XceiverServerGrpc (XceiverServerGrpc.java:<init>(132)) - GrpcServer channel type EpollServerSocketChannel
2022-11-18 13:06:05,705 [grpc-default-executor-2] WARN  server.GrpcLogAppender (LogUtils.java:warn(122)) - 961e98b4-0515-4e33-9a5e-b87989e0967c@group-A4A895E4F75D->a49fbcfb-f7dc-4282-aec4-a4f9f3e2b5ab-AppendLogResponseHandler: Failed appendEntries: org.apache.ratis.thirdparty.io.grpc.StatusRuntimeException: UNAVAILABLE: io exception
2022-11-18 13:06:05,705 [grpc-default-executor-2] WARN  server.GrpcLogAppender (GrpcLogAppender.java:resetClient(131)) - 961e98b4-0515-4e33-9a5e-b87989e0967c@group-A4A895E4F75D->a49fbcfb-f7dc-4282-aec4-a4f9f3e2b5ab-GrpcLogAppender: Leader has not got in touch with Follower 961e98b4-0515-4e33-9a5e-b87989e0967c@group-A4A895E4F75D->a49fbcfb-f7dc-4282-aec4-a4f9f3e2b5ab(c0,m0,n1, attendVote=true, lastRpcSendTime=1277, lastRpcResponseTime=3778) yet, just keep nextIndex unchanged and retry.
2022-11-18 13:06:05,707 [grpc-default-executor-6] WARN  server.GrpcLogAppender (LogUtils.java:warn(122)) - 961e98b4-0515-4e33-9a5e-b87989e0967c@group-A4A895E4F75D->a49fbcfb-f7dc-4282-aec4-a4f9f3e2b5ab-AppendLogResponseHandler: Failed appendEntries: org.apache.ratis.thirdparty.io.grpc.StatusRuntimeException: UNAVAILABLE: io exception
2022-11-18 13:06:05,708 [Listener at 127.0.0.1/39657] INFO  http.BaseHttpServer (BaseHttpServer.java:newHttpServer2BuilderForOzone(213)) - Starting Web-server for hddsDatanode at: http://0.0.0.0:0
2022-11-18 13:06:05,709 [Listener at 127.0.0.1/39657] INFO  http.BaseHttpServer (BaseHttpServer.java:<init>(108)) - Hadoop Security Enabled: false Ozone Security Enabled: false Ozone HTTP Security Enabled: false 
2022-11-18 13:06:05,709 [grpc-default-executor-6] WARN  server.GrpcLogAppender (GrpcLogAppender.java:resetClient(131)) - 961e98b4-0515-4e33-9a5e-b87989e0967c@group-A4A895E4F75D->a49fbcfb-f7dc-4282-aec4-a4f9f3e2b5ab-GrpcLogAppender: Leader has not got in touch with Follower 961e98b4-0515-4e33-9a5e-b87989e0967c@group-A4A895E4F75D->a49fbcfb-f7dc-4282-aec4-a4f9f3e2b5ab(c0,m0,n1, attendVote=true, lastRpcSendTime=1280, lastRpcResponseTime=3781) yet, just keep nextIndex unchanged and retry.
2022-11-18 13:06:05,709 [Listener at 127.0.0.1/39657] WARN  server.AuthenticationFilter (AuthenticationFilter.java:constructSecretProvider(240)) - Unable to initialize FileSignerSecretProvider, falling back to use random secrets. Reason: Could not read signature secret file: /home/runner/hadoop-http-auth-signature-secret
2022-11-18 13:06:05,709 [grpc-default-executor-0] WARN  server.GrpcLogAppender (LogUtils.java:warn(122)) - 961e98b4-0515-4e33-9a5e-b87989e0967c@group-A4A895E4F75D->a49fbcfb-f7dc-4282-aec4-a4f9f3e2b5ab-AppendLogResponseHandler: Failed appendEntries: org.apache.ratis.thirdparty.io.grpc.StatusRuntimeException: UNAVAILABLE: io exception
2022-11-18 13:06:05,710 [grpc-default-executor-0] WARN  server.GrpcLogAppender (GrpcLogAppender.java:resetClient(131)) - 961e98b4-0515-4e33-9a5e-b87989e0967c@group-A4A895E4F75D->a49fbcfb-f7dc-4282-aec4-a4f9f3e2b5ab-GrpcLogAppender: Leader has not got in touch with Follower 961e98b4-0515-4e33-9a5e-b87989e0967c@group-A4A895E4F75D->a49fbcfb-f7dc-4282-aec4-a4f9f3e2b5ab(c0,m0,n1, attendVote=true, lastRpcSendTime=0, lastRpcResponseTime=3782) yet, just keep nextIndex unchanged and retry.
2022-11-18 13:06:05,710 [grpc-default-executor-0] WARN  server.GrpcLogAppender (LogUtils.java:warn(122)) - 961e98b4-0515-4e33-9a5e-b87989e0967c@group-A4A895E4F75D->a49fbcfb-f7dc-4282-aec4-a4f9f3e2b5ab-AppendLogResponseHandler: Failed appendEntries: org.apache.ratis.thirdparty.io.grpc.StatusRuntimeException: UNAVAILABLE: io exception
2022-11-18 13:06:05,710 [grpc-default-executor-0] WARN  server.GrpcLogAppender (GrpcLogAppender.java:resetClient(131)) - 961e98b4-0515-4e33-9a5e-b87989e0967c@group-A4A895E4F75D->a49fbcfb-f7dc-4282-aec4-a4f9f3e2b5ab-GrpcLogAppender: Leader has not got in touch with Follower 961e98b4-0515-4e33-9a5e-b87989e0967c@group-A4A895E4F75D->a49fbcfb-f7dc-4282-aec4-a4f9f3e2b5ab(c0,m0,n1, attendVote=true, lastRpcSendTime=1, lastRpcResponseTime=3783) yet, just keep nextIndex unchanged and retry.
2022-11-18 13:06:05,710 [Listener at 127.0.0.1/39657] WARN  http.HttpRequestLog (HttpRequestLog.java:getRequestLog(103)) - Jetty request log can only be enabled using Log4j
2022-11-18 13:06:05,709 [grpc-default-executor-2] WARN  server.GrpcLogAppender (LogUtils.java:warn(122)) - 961e98b4-0515-4e33-9a5e-b87989e0967c@group-A4A895E4F75D->a49fbcfb-f7dc-4282-aec4-a4f9f3e2b5ab-AppendLogResponseHandler: Failed appendEntries: org.apache.ratis.thirdparty.io.grpc.StatusRuntimeException: UNAVAILABLE: io exception
2022-11-18 13:06:05,711 [grpc-default-executor-2] WARN  server.GrpcLogAppender (GrpcLogAppender.java:resetClient(131)) - 961e98b4-0515-4e33-9a5e-b87989e0967c@group-A4A895E4F75D->a49fbcfb-f7dc-4282-aec4-a4f9f3e2b5ab-GrpcLogAppender: Leader has not got in touch with Follower 961e98b4-0515-4e33-9a5e-b87989e0967c@group-A4A895E4F75D->a49fbcfb-f7dc-4282-aec4-a4f9f3e2b5ab(c0,m0,n1, attendVote=true, lastRpcSendTime=1, lastRpcResponseTime=3783) yet, just keep nextIndex unchanged and retry.
2022-11-18 13:06:05,711 [Listener at 127.0.0.1/39657] INFO  http.HttpServer2 (HttpServer2.java:addGlobalFilter(1031)) - Added global filter 'safety' (class=org.apache.hadoop.hdds.server.http.HttpServer2$QuotingInputFilter)
2022-11-18 13:06:05,711 [Listener at 127.0.0.1/39657] INFO  http.HttpServer2 (HttpServer2.java:addFilter(1007)) - Added filter static_user_filter (class=org.apache.hadoop.http.lib.StaticUserWebFilter$StaticUserFilter) to context hddsDatanode
2022-11-18 13:06:05,711 [Listener at 127.0.0.1/39657] INFO  http.HttpServer2 (HttpServer2.java:addFilter(1015)) - Added filter static_user_filter (class=org.apache.hadoop.http.lib.StaticUserWebFilter$StaticUserFilter) to context static
2022-11-18 13:06:05,711 [Listener at 127.0.0.1/39657] INFO  http.HttpServer2 (HttpServer2.java:addFilter(1015)) - Added filter static_user_filter (class=org.apache.hadoop.http.lib.StaticUserWebFilter$StaticUserFilter) to context logs
2022-11-18 13:06:05,712 [Listener at 127.0.0.1/39657] INFO  http.HttpServer2 (HttpServer2.java:bindListener(1250)) - Jetty bound to port 45915
2022-11-18 13:06:05,712 [Listener at 127.0.0.1/39657] INFO  server.Server (Server.java:doStart(375)) - jetty-9.4.49.v20220914; built: 2022-09-14T01:07:36.601Z; git: 4231a3b2e4cb8548a412a789936d640a97b1aa0a; jvm 1.8.0_345-b01
2022-11-18 13:06:05,716 [Listener at 127.0.0.1/39657] INFO  server.session (DefaultSessionIdManager.java:doStart(334)) - DefaultSessionIdManager workerName=node0
2022-11-18 13:06:05,716 [Listener at 127.0.0.1/39657] INFO  server.session (DefaultSessionIdManager.java:doStart(339)) - No SessionScavenger set, using defaults
2022-11-18 13:06:05,716 [Listener at 127.0.0.1/39657] INFO  server.session (HouseKeeper.java:startScavenging(132)) - node0 Scavenging every 660000ms
2022-11-18 13:06:05,716 [Listener at 127.0.0.1/39657] INFO  handler.ContextHandler (ContextHandler.java:doStart(921)) - Started o.e.j.s.ServletContextHandler@2ac4dd6d{logs,/logs,file:///home/runner/work/ozone/ozone/hadoop-ozone/integration-test/target/log,AVAILABLE}
2022-11-18 13:06:05,717 [Listener at 127.0.0.1/39657] INFO  handler.ContextHandler (ContextHandler.java:doStart(921)) - Started o.e.j.s.ServletContextHandler@75c80f59{static,/static,jar:file:/home/runner/.m2/repository/org/apache/ozone/hdds-container-service/1.3.0-SNAPSHOT/hdds-container-service-1.3.0-SNAPSHOT.jar!/webapps/static,AVAILABLE}
2022-11-18 13:06:05,730 [Command processor thread] INFO  keyvalue.KeyValueContainer (KeyValueContainer.java:flushAndSyncDB(437)) - Container 11 is synced with bcsId 0.
2022-11-18 13:06:05,731 [Command processor thread] INFO  keyvalue.KeyValueContainer (KeyValueContainer.java:flushAndSyncDB(437)) - Container 11 is synced with bcsId 0.
2022-11-18 13:06:05,733 [Command processor thread] INFO  keyvalue.KeyValueContainer (KeyValueContainer.java:close(352)) - Container 11 is closed with bcsId 0.
2022-11-18 13:06:05,837 [ReplicationMonitor] INFO  replication.ReplicationManager (ReplicationManager.java:processAll(319)) - Replication Manager is not ready to run until 3000ms after safemode exit
2022-11-18 13:06:05,860 [ForkJoinPool.commonPool-worker-1] INFO  volume.HddsVolume (HddsVolume.java:closeDbStore(338)) - SchemaV3 db is stopped at /home/runner/work/ozone/ozone/hadoop-ozone/integration-test/target/test-dir/MiniOzoneClusterImpl-d00242a6-2497-4d17-9cbb-890efb011638/datanode-2/data-0/containers/hdds/d00242a6-2497-4d17-9cbb-890efb011638/DS-7d66ea7a-1036-4dbf-8999-ab77cd64a8f3/container.db for volume DS-7d66ea7a-1036-4dbf-8999-ab77cd64a8f3
2022-11-18 13:06:05,860 [ForkJoinPool.commonPool-worker-1] INFO  utils.BackgroundService (BackgroundService.java:shutdown(141)) - Shutting down service BlockDeletingService
2022-11-18 13:06:05,860 [ForkJoinPool.commonPool-worker-1] INFO  utils.BackgroundService (BackgroundService.java:shutdown(141)) - Shutting down service StaleRecoveringContainerScrubbingService
2022-11-18 13:06:05,862 [ForkJoinPool.commonPool-worker-1] INFO  statemachine.DatanodeStateMachine (DatanodeStateMachine.java:stopDaemon(593)) - Ozone container server stopped.
2022-11-18 13:06:05,877 [ForkJoinPool.commonPool-worker-1] INFO  handler.ContextHandler (ContextHandler.java:doStop(1159)) - Stopped o.e.j.w.WebAppContext@175b7faf{hddsDatanode,/,null,STOPPED}{jar:file:/home/runner/.m2/repository/org/apache/ozone/hdds-container-service/1.3.0-SNAPSHOT/hdds-container-service-1.3.0-SNAPSHOT.jar!/webapps/hddsDatanode}
2022-11-18 13:06:05,879 [ForkJoinPool.commonPool-worker-1] INFO  server.AbstractConnector (AbstractConnector.java:doStop(383)) - Stopped ServerConnector@1b685cf7{HTTP/1.1, (http/1.1)}{0.0.0.0:0}
2022-11-18 13:06:05,879 [ForkJoinPool.commonPool-worker-1] INFO  server.session (HouseKeeper.java:stopScavenging(149)) - node0 Stopped scavenging
2022-11-18 13:06:05,881 [ForkJoinPool.commonPool-worker-1] INFO  handler.ContextHandler (ContextHandler.java:doStop(1159)) - Stopped o.e.j.s.ServletContextHandler@616e23b0{static,/static,jar:file:/home/runner/.m2/repository/org/apache/ozone/hdds-container-service/1.3.0-SNAPSHOT/hdds-container-service-1.3.0-SNAPSHOT.jar!/webapps/static,STOPPED}
2022-11-18 13:06:05,883 [ForkJoinPool.commonPool-worker-1] INFO  handler.ContextHandler (ContextHandler.java:doStop(1159)) - Stopped o.e.j.s.ServletContextHandler@50ad97{logs,/logs,file:///home/runner/work/ozone/ozone/hadoop-ozone/integration-test/target/log,STOPPED}
2022-11-18 13:06:05,903 [ForkJoinPool.commonPool-worker-1] INFO  ozoneimpl.OzoneContainer (OzoneContainer.java:stop(417)) - Attempting to stop container services.
2022-11-18 13:06:05,909 [ForkJoinPool.commonPool-worker-1] INFO  server.RaftServer (RaftServerProxy.java:lambda$close$6(409)) - 1bb9cbb4-eec0-4324-8de7-fca776b53f2b: close
2022-11-18 13:06:05,909 [1bb9cbb4-eec0-4324-8de7-fca776b53f2b-impl-thread2] INFO  server.RaftServer$Division (RaftServerImpl.java:lambda$close$4(458)) - 1bb9cbb4-eec0-4324-8de7-fca776b53f2b@group-025E2FE377DB: shutdown
2022-11-18 13:06:05,909 [1bb9cbb4-eec0-4324-8de7-fca776b53f2b-impl-thread2] INFO  util.JmxRegister (JmxRegister.java:unregister(73)) - Successfully un-registered JMX Bean with object name Ratis:service=RaftServer,group=group-025E2FE377DB,id=1bb9cbb4-eec0-4324-8de7-fca776b53f2b
2022-11-18 13:06:05,909 [1bb9cbb4-eec0-4324-8de7-fca776b53f2b-impl-thread2] INFO  impl.RoleInfo (RoleInfo.java:shutdownFollowerState(110)) - 1bb9cbb4-eec0-4324-8de7-fca776b53f2b: shutdown 1bb9cbb4-eec0-4324-8de7-fca776b53f2b@group-025E2FE377DB-FollowerState
2022-11-18 13:06:05,912 [ForkJoinPool.commonPool-worker-1] INFO  server.GrpcService (GrpcService.java:closeImpl(279)) - 1bb9cbb4-eec0-4324-8de7-fca776b53f2b: shutdown server GrpcServerProtocolService now
2022-11-18 13:06:05,915 [ForkJoinPool.commonPool-worker-1] INFO  server.GrpcServerProtocolClient (GrpcServerProtocolClient.java:close(111)) - a36f0c9e-34c7-41e1-90e2-5c691522fdfd Close channels
2022-11-18 13:06:05,915 [ForkJoinPool.commonPool-worker-1] INFO  server.GrpcServerProtocolClient (GrpcServerProtocolClient.java:close(111)) - 4e1bc70a-c48e-454c-859f-0f8175dd606b Close channels
2022-11-18 13:06:05,918 [ForkJoinPool.commonPool-worker-1] INFO  server.GrpcService (GrpcService.java:closeImpl(288)) - 1bb9cbb4-eec0-4324-8de7-fca776b53f2b: shutdown server GrpcServerProtocolService successfully
2022-11-18 13:06:05,918 [1bb9cbb4-eec0-4324-8de7-fca776b53f2b@group-025E2FE377DB-FollowerState] INFO  impl.FollowerState (FollowerState.java:run(152)) - 1bb9cbb4-eec0-4324-8de7-fca776b53f2b@group-025E2FE377DB-FollowerState was interrupted
2022-11-18 13:06:05,918 [1bb9cbb4-eec0-4324-8de7-fca776b53f2b@group-025E2FE377DB-StateMachineUpdater] INFO  ratis.ContainerStateMachine (ContainerStateMachine.java:takeSnapshot(304)) - group-025E2FE377DB: Taking a snapshot at:(t:4, i:39) file /home/runner/work/ozone/ozone/hadoop-ozone/integration-test/target/test-dir/MiniOzoneClusterImpl-d00242a6-2497-4d17-9cbb-890efb011638/datanode-0/data/ratis/05f7329f-f5ab-4486-95f2-025e2fe377db/sm/snapshot.4_39
2022-11-18 13:06:05,919 [1bb9cbb4-eec0-4324-8de7-fca776b53f2b-impl-thread3] INFO  server.RaftServer$Division (RaftServerImpl.java:lambda$close$4(458)) - 1bb9cbb4-eec0-4324-8de7-fca776b53f2b@group-485AFF241F8A: shutdown
2022-11-18 13:06:05,919 [1bb9cbb4-eec0-4324-8de7-fca776b53f2b-impl-thread3] INFO  util.JmxRegister (JmxRegister.java:unregister(73)) - Successfully un-registered JMX Bean with object name Ratis:service=RaftServer,group=group-485AFF241F8A,id=1bb9cbb4-eec0-4324-8de7-fca776b53f2b
2022-11-18 13:06:05,919 [1bb9cbb4-eec0-4324-8de7-fca776b53f2b-impl-thread3] INFO  impl.RoleInfo (RoleInfo.java:shutdownLeaderState(93)) - 1bb9cbb4-eec0-4324-8de7-fca776b53f2b: shutdown 1bb9cbb4-eec0-4324-8de7-fca776b53f2b@group-485AFF241F8A-LeaderStateImpl
2022-11-18 13:06:05,919 [1bb9cbb4-eec0-4324-8de7-fca776b53f2b-impl-thread3] INFO  impl.PendingRequests (PendingRequests.java:sendNotLeaderResponses(282)) - 1bb9cbb4-eec0-4324-8de7-fca776b53f2b@group-485AFF241F8A-PendingRequests: sendNotLeaderResponses
2022-11-18 13:06:05,921 [1bb9cbb4-eec0-4324-8de7-fca776b53f2b@group-485AFF241F8A-StateMachineUpdater] INFO  ratis.ContainerStateMachine (ContainerStateMachine.java:takeSnapshot(304)) - group-485AFF241F8A: Taking a snapshot at:(t:1, i:0) file /home/runner/work/ozone/ozone/hadoop-ozone/integration-test/target/test-dir/MiniOzoneClusterImpl-d00242a6-2497-4d17-9cbb-890efb011638/datanode-0/data/ratis/0ed7bbab-3bd0-44f6-a8bb-485aff241f8a/sm/snapshot.1_0
2022-11-18 13:06:05,921 [1bb9cbb4-eec0-4324-8de7-fca776b53f2b-impl-thread3] INFO  impl.StateMachineUpdater (StateMachineUpdater.java:stopAndJoin(153)) - 1bb9cbb4-eec0-4324-8de7-fca776b53f2b@group-485AFF241F8A-StateMachineUpdater: set stopIndex = 0
2022-11-18 13:06:05,922 [1bb9cbb4-eec0-4324-8de7-fca776b53f2b@group-025E2FE377DB-StateMachineUpdater] INFO  ratis.ContainerStateMachine (ContainerStateMachine.java:takeSnapshot(315)) - group-025E2FE377DB: Finished taking a snapshot at:(t:4, i:39) file:/home/runner/work/ozone/ozone/hadoop-ozone/integration-test/target/test-dir/MiniOzoneClusterImpl-d00242a6-2497-4d17-9cbb-890efb011638/datanode-0/data/ratis/05f7329f-f5ab-4486-95f2-025e2fe377db/sm/snapshot.4_39 took: 5 ms
2022-11-18 13:06:05,923 [1bb9cbb4-eec0-4324-8de7-fca776b53f2b@group-025E2FE377DB-StateMachineUpdater] INFO  impl.StateMachineUpdater (StateMachineUpdater.java:takeSnapshot(287)) - 1bb9cbb4-eec0-4324-8de7-fca776b53f2b@group-025E2FE377DB-StateMachineUpdater: Took a snapshot at index 39
2022-11-18 13:06:05,923 [1bb9cbb4-eec0-4324-8de7-fca776b53f2b@group-025E2FE377DB-StateMachineUpdater] INFO  impl.StateMachineUpdater (StateMachineUpdater.java:lambda$new$0(92)) - 1bb9cbb4-eec0-4324-8de7-fca776b53f2b@group-025E2FE377DB-StateMachineUpdater: snapshotIndex: updateIncreasingly -1 -> 39
2022-11-18 13:06:05,927 [1bb9cbb4-eec0-4324-8de7-fca776b53f2b@group-485AFF241F8A-StateMachineUpdater] INFO  ratis.ContainerStateMachine (ContainerStateMachine.java:takeSnapshot(315)) - group-485AFF241F8A: Finished taking a snapshot at:(t:1, i:0) file:/home/runner/work/ozone/ozone/hadoop-ozone/integration-test/target/test-dir/MiniOzoneClusterImpl-d00242a6-2497-4d17-9cbb-890efb011638/datanode-0/data/ratis/0ed7bbab-3bd0-44f6-a8bb-485aff241f8a/sm/snapshot.1_0 took: 6 ms
2022-11-18 13:06:05,928 [1bb9cbb4-eec0-4324-8de7-fca776b53f2b@group-485AFF241F8A-StateMachineUpdater] INFO  impl.StateMachineUpdater (StateMachineUpdater.java:takeSnapshot(287)) - 1bb9cbb4-eec0-4324-8de7-fca776b53f2b@group-485AFF241F8A-StateMachineUpdater: Took a snapshot at index 0
2022-11-18 13:06:05,928 [1bb9cbb4-eec0-4324-8de7-fca776b53f2b@group-485AFF241F8A-StateMachineUpdater] INFO  impl.StateMachineUpdater (StateMachineUpdater.java:lambda$new$0(92)) - 1bb9cbb4-eec0-4324-8de7-fca776b53f2b@group-485AFF241F8A-StateMachineUpdater: snapshotIndex: updateIncreasingly -1 -> 0
2022-11-18 13:06:05,928 [1bb9cbb4-eec0-4324-8de7-fca776b53f2b-impl-thread3] INFO  server.RaftServer$Division (ServerState.java:close(466)) - 1bb9cbb4-eec0-4324-8de7-fca776b53f2b@group-485AFF241F8A: closes. applyIndex: 0
2022-11-18 13:06:05,928 [1bb9cbb4-eec0-4324-8de7-fca776b53f2b@group-485AFF241F8A-SegmentedRaftLogWorker] INFO  segmented.SegmentedRaftLogWorker (SegmentedRaftLogWorker.java:run(345)) - 1bb9cbb4-eec0-4324-8de7-fca776b53f2b@group-485AFF241F8A-SegmentedRaftLogWorker was interrupted, exiting. There are 0 tasks remaining in the queue.
2022-11-18 13:06:05,928 [1bb9cbb4-eec0-4324-8de7-fca776b53f2b-impl-thread3] INFO  segmented.SegmentedRaftLogWorker (SegmentedRaftLogWorker.java:close(255)) - 1bb9cbb4-eec0-4324-8de7-fca776b53f2b@group-485AFF241F8A-SegmentedRaftLogWorker close()
2022-11-18 13:06:05,919 [1bb9cbb4-eec0-4324-8de7-fca776b53f2b-impl-thread2] INFO  impl.StateMachineUpdater (StateMachineUpdater.java:stopAndJoin(153)) - 1bb9cbb4-eec0-4324-8de7-fca776b53f2b@group-025E2FE377DB-StateMachineUpdater: set stopIndex = 39
2022-11-18 13:06:05,932 [1bb9cbb4-eec0-4324-8de7-fca776b53f2b-impl-thread2] INFO  server.RaftServer$Division (ServerState.java:close(466)) - 1bb9cbb4-eec0-4324-8de7-fca776b53f2b@group-025E2FE377DB: closes. applyIndex: 39
2022-11-18 13:06:05,932 [1bb9cbb4-eec0-4324-8de7-fca776b53f2b@group-025E2FE377DB-SegmentedRaftLogWorker] INFO  segmented.SegmentedRaftLogWorker (SegmentedRaftLogWorker.java:run(345)) - 1bb9cbb4-eec0-4324-8de7-fca776b53f2b@group-025E2FE377DB-SegmentedRaftLogWorker was interrupted, exiting. There are 0 tasks remaining in the queue.
2022-11-18 13:06:05,933 [1bb9cbb4-eec0-4324-8de7-fca776b53f2b-impl-thread2] INFO  segmented.SegmentedRaftLogWorker (SegmentedRaftLogWorker.java:close(255)) - 1bb9cbb4-eec0-4324-8de7-fca776b53f2b@group-025E2FE377DB-SegmentedRaftLogWorker close()
2022-11-18 13:06:05,934 [JvmPauseMonitor26] INFO  util.JvmPauseMonitor (JvmPauseMonitor.java:run(111)) - JvmPauseMonitor-1bb9cbb4-eec0-4324-8de7-fca776b53f2b: Stopped
2022-11-18 13:06:05,943 [Mini-Cluster-Provider-Reap] INFO  volume.HddsVolume (HddsVolume.java:closeDbStore(338)) - SchemaV3 db is stopped at /home/runner/work/ozone/ozone/hadoop-ozone/integration-test/target/test-dir/MiniOzoneClusterImpl-d00242a6-2497-4d17-9cbb-890efb011638/datanode-3/data-0/containers/hdds/d00242a6-2497-4d17-9cbb-890efb011638/DS-83dffb73-536b-471f-a56c-90c5a849942a/container.db for volume DS-83dffb73-536b-471f-a56c-90c5a849942a
2022-11-18 13:06:05,943 [Mini-Cluster-Provider-Reap] INFO  utils.BackgroundService (BackgroundService.java:shutdown(141)) - Shutting down service BlockDeletingService
2022-11-18 13:06:05,944 [Mini-Cluster-Provider-Reap] INFO  utils.BackgroundService (BackgroundService.java:shutdown(141)) - Shutting down service StaleRecoveringContainerScrubbingService
2022-11-18 13:06:05,945 [Mini-Cluster-Provider-Reap] INFO  statemachine.DatanodeStateMachine (DatanodeStateMachine.java:stopDaemon(593)) - Ozone container server stopped.
2022-11-18 13:06:05,957 [Mini-Cluster-Provider-Reap] INFO  handler.ContextHandler (ContextHandler.java:doStop(1159)) - Stopped o.e.j.w.WebAppContext@3dab8626{hddsDatanode,/,null,STOPPED}{jar:file:/home/runner/.m2/repository/org/apache/ozone/hdds-container-service/1.3.0-SNAPSHOT/hdds-container-service-1.3.0-SNAPSHOT.jar!/webapps/hddsDatanode}
2022-11-18 13:06:05,957 [Mini-Cluster-Provider-Reap] INFO  server.AbstractConnector (AbstractConnector.java:doStop(383)) - Stopped ServerConnector@333b3d9b{HTTP/1.1, (http/1.1)}{0.0.0.0:0}
2022-11-18 13:06:05,958 [Mini-Cluster-Provider-Reap] INFO  server.session (HouseKeeper.java:stopScavenging(149)) - node0 Stopped scavenging
2022-11-18 13:06:05,966 [Mini-Cluster-Provider-Reap] INFO  handler.ContextHandler (ContextHandler.java:doStop(1159)) - Stopped o.e.j.s.ServletContextHandler@686ddf15{static,/static,jar:file:/home/runner/.m2/repository/org/apache/ozone/hdds-container-service/1.3.0-SNAPSHOT/hdds-container-service-1.3.0-SNAPSHOT.jar!/webapps/static,STOPPED}
2022-11-18 13:06:05,978 [Mini-Cluster-Provider-Reap] INFO  handler.ContextHandler (ContextHandler.java:doStop(1159)) - Stopped o.e.j.s.ServletContextHandler@4570fc6{logs,/logs,file:///home/runner/work/ozone/ozone/hadoop-ozone/integration-test/target/log,STOPPED}
2022-11-18 13:06:05,985 [Mini-Cluster-Provider-Reap] INFO  ozoneimpl.OzoneContainer (OzoneContainer.java:stop(417)) - Attempting to stop container services.
2022-11-18 13:06:05,986 [Mini-Cluster-Provider-Reap] INFO  server.RaftServer (RaftServerProxy.java:lambda$close$6(409)) - 961e98b4-0515-4e33-9a5e-b87989e0967c: close
2022-11-18 13:06:05,990 [961e98b4-0515-4e33-9a5e-b87989e0967c-impl-thread2] INFO  server.RaftServer$Division (RaftServerImpl.java:lambda$close$4(458)) - 961e98b4-0515-4e33-9a5e-b87989e0967c@group-5F0ED8C0C77C: shutdown
2022-11-18 13:06:05,990 [961e98b4-0515-4e33-9a5e-b87989e0967c-impl-thread2] INFO  util.JmxRegister (JmxRegister.java:unregister(73)) - Successfully un-registered JMX Bean with object name Ratis:service=RaftServer,group=group-5F0ED8C0C77C,id=961e98b4-0515-4e33-9a5e-b87989e0967c
2022-11-18 13:06:05,990 [961e98b4-0515-4e33-9a5e-b87989e0967c-impl-thread2] INFO  impl.RoleInfo (RoleInfo.java:shutdownLeaderState(93)) - 961e98b4-0515-4e33-9a5e-b87989e0967c: shutdown 961e98b4-0515-4e33-9a5e-b87989e0967c@group-5F0ED8C0C77C-LeaderStateImpl
2022-11-18 13:06:05,990 [961e98b4-0515-4e33-9a5e-b87989e0967c-impl-thread2] INFO  impl.PendingRequests (PendingRequests.java:sendNotLeaderResponses(282)) - 961e98b4-0515-4e33-9a5e-b87989e0967c@group-5F0ED8C0C77C-PendingRequests: sendNotLeaderResponses
2022-11-18 13:06:05,991 [Mini-Cluster-Provider-Reap] INFO  server.GrpcService (GrpcService.java:closeImpl(279)) - 961e98b4-0515-4e33-9a5e-b87989e0967c: shutdown server GrpcServerProtocolService now
2022-11-18 13:06:05,991 [961e98b4-0515-4e33-9a5e-b87989e0967c-impl-thread3] INFO  server.RaftServer$Division (RaftServerImpl.java:lambda$close$4(458)) - 961e98b4-0515-4e33-9a5e-b87989e0967c@group-A4A895E4F75D: shutdown
2022-11-18 13:06:05,992 [961e98b4-0515-4e33-9a5e-b87989e0967c-impl-thread3] INFO  util.JmxRegister (JmxRegister.java:unregister(73)) - Successfully un-registered JMX Bean with object name Ratis:service=RaftServer,group=group-A4A895E4F75D,id=961e98b4-0515-4e33-9a5e-b87989e0967c
2022-11-18 13:06:05,992 [961e98b4-0515-4e33-9a5e-b87989e0967c-impl-thread3] INFO  impl.RoleInfo (RoleInfo.java:shutdownLeaderState(93)) - 961e98b4-0515-4e33-9a5e-b87989e0967c: shutdown 961e98b4-0515-4e33-9a5e-b87989e0967c@group-A4A895E4F75D-LeaderStateImpl
2022-11-18 13:06:05,994 [Mini-Cluster-Provider-Reap] INFO  server.GrpcServerProtocolClient (GrpcServerProtocolClient.java:close(111)) - a49fbcfb-f7dc-4282-aec4-a4f9f3e2b5ab Close channels
2022-11-18 13:06:05,995 [961e98b4-0515-4e33-9a5e-b87989e0967c@group-5F0ED8C0C77C-StateMachineUpdater] INFO  ratis.ContainerStateMachine (ContainerStateMachine.java:takeSnapshot(304)) - group-5F0ED8C0C77C: Taking a snapshot at:(t:1, i:0) file /home/runner/work/ozone/ozone/hadoop-ozone/integration-test/target/test-dir/MiniOzoneClusterImpl-d00242a6-2497-4d17-9cbb-890efb011638/datanode-6/data/ratis/21506fd8-162b-43b0-9630-5f0ed8c0c77c/sm/snapshot.1_0
2022-11-18 13:06:05,995 [961e98b4-0515-4e33-9a5e-b87989e0967c@group-A4A895E4F75D->8ad84362-fca3-4a94-b029-55aaea538166-GrpcLogAppender-LogAppenderDaemon] WARN  server.GrpcLogAppender (GrpcLogAppender.java:mayWait(200)) - 961e98b4-0515-4e33-9a5e-b87989e0967c@group-A4A895E4F75D->8ad84362-fca3-4a94-b029-55aaea538166-GrpcLogAppender: Wait interrupted by java.lang.InterruptedException
2022-11-18 13:06:05,996 [961e98b4-0515-4e33-9a5e-b87989e0967c-impl-thread2] INFO  impl.StateMachineUpdater (StateMachineUpdater.java:stopAndJoin(153)) - 961e98b4-0515-4e33-9a5e-b87989e0967c@group-5F0ED8C0C77C-StateMachineUpdater: set stopIndex = 0
2022-11-18 13:06:05,996 [grpc-default-executor-6] INFO  server.GrpcServerProtocolService (GrpcServerProtocolService.java:onCompleted(145)) - 8ad84362-fca3-4a94-b029-55aaea538166: Completed APPEND_ENTRIES, lastRequest: null
2022-11-18 13:06:05,996 [grpc-default-executor-0] INFO  server.GrpcServerProtocolService (GrpcServerProtocolService.java:onCompleted(145)) - 8ad84362-fca3-4a94-b029-55aaea538166: Completed APPEND_ENTRIES, lastRequest: 961e98b4-0515-4e33-9a5e-b87989e0967c->8ad84362-fca3-4a94-b029-55aaea538166#1-t1,previous=(t:0, i:0),leaderCommit=0,initializing? true,entries: size=1, first=(t:1, i:0), CONFIGURATIONENTRY(current:id: "a49fbcfb-f7dc-4282-aec4-a4f9f3e2b5ab"
address: "10.1.0.56:37955"
clientAddress: "10.1.0.56:37955"
adminAddress: "10.1.0.56:37955"
startupRole: FOLLOWER
,id: "8ad84362-fca3-4a94-b029-55aaea538166"
address: "10.1.0.56:38939"
clientAddress: "10.1.0.56:38939"
adminAddress: "10.1.0.56:38939"
startupRole: FOLLOWER
,id: "961e98b4-0515-4e33-9a5e-b87989e0967c"
address: "10.1.0.56:45547"
priority: 1
clientAddress: "10.1.0.56:45547"
adminAddress: "10.1.0.56:45547"
startupRole: FOLLOWER
, old:)
2022-11-18 13:06:05,996 [961e98b4-0515-4e33-9a5e-b87989e0967c@group-5F0ED8C0C77C-StateMachineUpdater] INFO  ratis.ContainerStateMachine (ContainerStateMachine.java:takeSnapshot(315)) - group-5F0ED8C0C77C: Finished taking a snapshot at:(t:1, i:0) file:/home/runner/work/ozone/ozone/hadoop-ozone/integration-test/target/test-dir/MiniOzoneClusterImpl-d00242a6-2497-4d17-9cbb-890efb011638/datanode-6/data/ratis/21506fd8-162b-43b0-9630-5f0ed8c0c77c/sm/snapshot.1_0 took: 1 ms
2022-11-18 13:06:05,997 [grpc-default-executor-2] INFO  server.GrpcLogAppender (GrpcLogAppender.java:onCompleted(415)) - 961e98b4-0515-4e33-9a5e-b87989e0967c@group-A4A895E4F75D->8ad84362-fca3-4a94-b029-55aaea538166-AppendLogResponseHandler: follower responses appendEntries COMPLETED
2022-11-18 13:06:05,997 [961e98b4-0515-4e33-9a5e-b87989e0967c@group-5F0ED8C0C77C-StateMachineUpdater] INFO  impl.StateMachineUpdater (StateMachineUpdater.java:takeSnapshot(287)) - 961e98b4-0515-4e33-9a5e-b87989e0967c@group-5F0ED8C0C77C-StateMachineUpdater: Took a snapshot at index 0
2022-11-18 13:06:05,997 [961e98b4-0515-4e33-9a5e-b87989e0967c@group-5F0ED8C0C77C-StateMachineUpdater] INFO  impl.StateMachineUpdater (StateMachineUpdater.java:lambda$new$0(92)) - 961e98b4-0515-4e33-9a5e-b87989e0967c@group-5F0ED8C0C77C-StateMachineUpdater: snapshotIndex: updateIncreasingly -1 -> 0
2022-11-18 13:06:05,997 [grpc-default-executor-5] INFO  server.GrpcLogAppender (GrpcLogAppender.java:onCompleted(415)) - 961e98b4-0515-4e33-9a5e-b87989e0967c@group-A4A895E4F75D->8ad84362-fca3-4a94-b029-55aaea538166-AppendLogResponseHandler: follower responses appendEntries COMPLETED
2022-11-18 13:06:05,997 [grpc-default-executor-2] INFO  leader.FollowerInfo (FollowerInfoImpl.java:lambda$new$0(48)) - 961e98b4-0515-4e33-9a5e-b87989e0967c@group-A4A895E4F75D->8ad84362-fca3-4a94-b029-55aaea538166: nextIndex: updateUnconditionally 1 -> 0
2022-11-18 13:06:05,997 [grpc-default-executor-5] INFO  leader.FollowerInfo (FollowerInfoImpl.java:lambda$new$0(48)) - 961e98b4-0515-4e33-9a5e-b87989e0967c@group-A4A895E4F75D->8ad84362-fca3-4a94-b029-55aaea538166: nextIndex: updateUnconditionally 0 -> 0
2022-11-18 13:06:05,997 [961e98b4-0515-4e33-9a5e-b87989e0967c-impl-thread3] INFO  impl.PendingRequests (PendingRequests.java:sendNotLeaderResponses(282)) - 961e98b4-0515-4e33-9a5e-b87989e0967c@group-A4A895E4F75D-PendingRequests: sendNotLeaderResponses
2022-11-18 13:06:05,997 [961e98b4-0515-4e33-9a5e-b87989e0967c-impl-thread2] INFO  server.RaftServer$Division (ServerState.java:close(466)) - 961e98b4-0515-4e33-9a5e-b87989e0967c@group-5F0ED8C0C77C: closes. applyIndex: 0
2022-11-18 13:06:06,001 [961e98b4-0515-4e33-9a5e-b87989e0967c-impl-thread3] INFO  impl.StateMachineUpdater (StateMachineUpdater.java:stopAndJoin(153)) - 961e98b4-0515-4e33-9a5e-b87989e0967c@group-A4A895E4F75D-StateMachineUpdater: set stopIndex = 0
2022-11-18 13:06:06,001 [961e98b4-0515-4e33-9a5e-b87989e0967c@group-5F0ED8C0C77C-SegmentedRaftLogWorker] INFO  segmented.SegmentedRaftLogWorker (SegmentedRaftLogWorker.java:run(345)) - 961e98b4-0515-4e33-9a5e-b87989e0967c@group-5F0ED8C0C77C-SegmentedRaftLogWorker was interrupted, exiting. There are 0 tasks remaining in the queue.
2022-11-18 13:06:06,001 [961e98b4-0515-4e33-9a5e-b87989e0967c@group-A4A895E4F75D-StateMachineUpdater] INFO  ratis.ContainerStateMachine (ContainerStateMachine.java:takeSnapshot(304)) - group-A4A895E4F75D: Taking a snapshot at:(t:1, i:0) file /home/runner/work/ozone/ozone/hadoop-ozone/integration-test/target/test-dir/MiniOzoneClusterImpl-d00242a6-2497-4d17-9cbb-890efb011638/datanode-6/data/ratis/02b6e0fd-89e1-4c80-88d9-a4a895e4f75d/sm/snapshot.1_0
2022-11-18 13:06:06,001 [961e98b4-0515-4e33-9a5e-b87989e0967c-impl-thread2] INFO  segmented.SegmentedRaftLogWorker (SegmentedRaftLogWorker.java:close(255)) - 961e98b4-0515-4e33-9a5e-b87989e0967c@group-5F0ED8C0C77C-SegmentedRaftLogWorker close()
2022-11-18 13:06:06,000 [Mini-Cluster-Provider-Reap] INFO  server.GrpcServerProtocolClient (GrpcServerProtocolClient.java:close(111)) - 8ad84362-fca3-4a94-b029-55aaea538166 Close channels
2022-11-18 13:06:06,002 [961e98b4-0515-4e33-9a5e-b87989e0967c@group-A4A895E4F75D-StateMachineUpdater] INFO  ratis.ContainerStateMachine (ContainerStateMachine.java:takeSnapshot(315)) - group-A4A895E4F75D: Finished taking a snapshot at:(t:1, i:0) file:/home/runner/work/ozone/ozone/hadoop-ozone/integration-test/target/test-dir/MiniOzoneClusterImpl-d00242a6-2497-4d17-9cbb-890efb011638/datanode-6/data/ratis/02b6e0fd-89e1-4c80-88d9-a4a895e4f75d/sm/snapshot.1_0 took: 1 ms
2022-11-18 13:06:06,002 [961e98b4-0515-4e33-9a5e-b87989e0967c@group-A4A895E4F75D-StateMachineUpdater] INFO  impl.StateMachineUpdater (StateMachineUpdater.java:takeSnapshot(287)) - 961e98b4-0515-4e33-9a5e-b87989e0967c@group-A4A895E4F75D-StateMachineUpdater: Took a snapshot at index 0
2022-11-18 13:06:06,002 [961e98b4-0515-4e33-9a5e-b87989e0967c@group-A4A895E4F75D-StateMachineUpdater] INFO  impl.StateMachineUpdater (StateMachineUpdater.java:lambda$new$0(92)) - 961e98b4-0515-4e33-9a5e-b87989e0967c@group-A4A895E4F75D-StateMachineUpdater: snapshotIndex: updateIncreasingly -1 -> 0
2022-11-18 13:06:06,002 [961e98b4-0515-4e33-9a5e-b87989e0967c-impl-thread3] INFO  server.RaftServer$Division (ServerState.java:close(466)) - 961e98b4-0515-4e33-9a5e-b87989e0967c@group-A4A895E4F75D: closes. applyIndex: 0
2022-11-18 13:06:06,002 [961e98b4-0515-4e33-9a5e-b87989e0967c@group-A4A895E4F75D-SegmentedRaftLogWorker] INFO  segmented.SegmentedRaftLogWorker (SegmentedRaftLogWorker.java:run(345)) - 961e98b4-0515-4e33-9a5e-b87989e0967c@group-A4A895E4F75D-SegmentedRaftLogWorker was interrupted, exiting. There are 0 tasks remaining in the queue.
2022-11-18 13:06:06,003 [961e98b4-0515-4e33-9a5e-b87989e0967c-impl-thread3] INFO  segmented.SegmentedRaftLogWorker (SegmentedRaftLogWorker.java:close(255)) - 961e98b4-0515-4e33-9a5e-b87989e0967c@group-A4A895E4F75D-SegmentedRaftLogWorker close()
2022-11-18 13:06:06,003 [Mini-Cluster-Provider-Reap] INFO  server.GrpcService (GrpcService.java:closeImpl(288)) - 961e98b4-0515-4e33-9a5e-b87989e0967c: shutdown server GrpcServerProtocolService successfully
2022-11-18 13:06:06,003 [JvmPauseMonitor32] INFO  util.JvmPauseMonitor (JvmPauseMonitor.java:run(111)) - JvmPauseMonitor-961e98b4-0515-4e33-9a5e-b87989e0967c: Stopped
2022-11-18 13:06:06,054 [Listener at 127.0.0.1/39657] INFO  handler.ContextHandler (ContextHandler.java:doStart(921)) - Started o.e.j.w.WebAppContext@256f7d5{hddsDatanode,/,file:///tmp/jetty-0_0_0_0-45915-hdds-container-service-1_3_0-SNAPSHOT_jar-_-any-5986812259318640313/webapp/,AVAILABLE}{jar:file:/home/runner/.m2/repository/org/apache/ozone/hdds-container-service/1.3.0-SNAPSHOT/hdds-container-service-1.3.0-SNAPSHOT.jar!/webapps/hddsDatanode}
2022-11-18 13:06:06,058 [Listener at 127.0.0.1/39657] INFO  server.AbstractConnector (AbstractConnector.java:doStart(333)) - Started ServerConnector@69c7254{HTTP/1.1, (http/1.1)}{0.0.0.0:45915}
2022-11-18 13:06:06,058 [Listener at 127.0.0.1/39657] INFO  server.Server (Server.java:doStart(415)) - Started @159551ms
2022-11-18 13:06:06,058 [Listener at 127.0.0.1/39657] WARN  impl.MetricsSystemImpl (MetricsSystemImpl.java:register(279)) - Sink prometheus already exists!
2022-11-18 13:06:06,058 [Listener at 127.0.0.1/39657] INFO  http.BaseHttpServer (BaseHttpServer.java:updateConnectorAddress(333)) - HTTP server of hddsDatanode listening at http://0.0.0.0:45915
2022-11-18 13:06:06,059 [Listener at 127.0.0.1/39657] INFO  impl.MetricsSystemImpl (MetricsSystemImpl.java:init(158)) - HddsDatanode metrics system started (again)
2022-11-18 13:06:06,064 [Datanode State Machine Daemon Thread] INFO  statemachine.DatanodeStateMachine (DatanodeStateMachine.java:lambda$startDaemon$0(505)) - Ozone container server started.
2022-11-18 13:06:06,069 [Listener at 127.0.0.1/39657] INFO  ozone.HddsDatanodeService (HddsDatanodeService.java:start(236)) - HddsDatanodeService host:fv-az180-400.aibneqh1mxpuhl3tnnuy2ifbce.bx.internal.cloudapp.net ip:10.1.0.56
2022-11-18 13:06:06,075 [org.apache.hadoop.util.JvmPauseMonitor$Monitor@5a4a9304] INFO  util.JvmPauseMonitor (JvmPauseMonitor.java:run(188)) - Starting JVM pause monitor
2022-11-18 13:06:06,076 [Datanode State Machine Task Thread - 0] INFO  datanode.InitDatanodeState (InitDatanodeState.java:persistContainerDatanodeDetails(138)) - DatanodeDetails is persisted to /home/runner/work/ozone/ozone/hadoop-ozone/integration-test/target/test-dir/MiniOzoneClusterImpl-d3d67884-f8de-446f-8121-b5603e1f9142/datanode-4/meta/datanode.id
2022-11-18 13:06:06,089 [Listener at 127.0.0.1/39657] INFO  upgrade.AbstractLayoutVersionManager (AbstractLayoutVersionManager.java:init(83)) - Initializing Layout version manager with metadata layout = DATANODE_SCHEMA_V3 (version = 4), software layout = DATANODE_SCHEMA_V3 (version = 4)
2022-11-18 13:06:06,133 [Listener at 127.0.0.1/39657] INFO  reflections.Reflections (Reflections.java:scan(232)) - Reflections took 43 ms to scan 7 urls, producing 140 keys and 342 values 
2022-11-18 13:06:06,134 [Listener at 127.0.0.1/39657] INFO  statemachine.DatanodeStateMachine (DatanodeStateMachine.java:getEndPointTaskThreadPoolSize(245)) - Datanode State Machine Task Thread Pool size 2
2022-11-18 13:06:06,136 [Listener at 127.0.0.1/39657] INFO  volume.HddsVolume (HddsVolume.java:<init>(117)) - Creating HddsVolume: /home/runner/work/ozone/ozone/hadoop-ozone/integration-test/target/test-dir/MiniOzoneClusterImpl-d3d67884-f8de-446f-8121-b5603e1f9142/datanode-5/data-0/containers/hdds of storage type : DISK capacity : 9223372036854775807
2022-11-18 13:06:06,136 [Listener at 127.0.0.1/39657] INFO  volume.MutableVolumeSet (MutableVolumeSet.java:initializeVolumeSet(174)) - Added Volume : /home/runner/work/ozone/ozone/hadoop-ozone/integration-test/target/test-dir/MiniOzoneClusterImpl-d3d67884-f8de-446f-8121-b5603e1f9142/datanode-5/data-0/containers/hdds to VolumeSet
2022-11-18 13:06:06,136 [Listener at 127.0.0.1/39657] INFO  volume.ThrottledAsyncChecker (ThrottledAsyncChecker.java:schedule(141)) - Scheduling a check for /home/runner/work/ozone/ozone/hadoop-ozone/integration-test/target/test-dir/MiniOzoneClusterImpl-d3d67884-f8de-446f-8121-b5603e1f9142/datanode-5/data-0/containers/hdds
2022-11-18 13:06:06,136 [Listener at 127.0.0.1/39657] INFO  volume.StorageVolumeChecker (StorageVolumeChecker.java:checkAllVolumes(202)) - Scheduled health check for volume /home/runner/work/ozone/ozone/hadoop-ozone/integration-test/target/test-dir/MiniOzoneClusterImpl-d3d67884-f8de-446f-8121-b5603e1f9142/datanode-5/data-0/containers/hdds
2022-11-18 13:06:06,147 [Listener at 127.0.0.1/39657] INFO  volume.MutableVolumeSet (MutableVolumeSet.java:initializeVolumeSet(174)) - Added Volume : /home/runner/work/ozone/ozone/hadoop-ozone/integration-test/target/test-dir/MiniOzoneClusterImpl-d3d67884-f8de-446f-8121-b5603e1f9142/datanode-5/data/ratis to VolumeSet
2022-11-18 13:06:06,147 [Listener at 127.0.0.1/39657] INFO  volume.ThrottledAsyncChecker (ThrottledAsyncChecker.java:schedule(141)) - Scheduling a check for /home/runner/work/ozone/ozone/hadoop-ozone/integration-test/target/test-dir/MiniOzoneClusterImpl-d3d67884-f8de-446f-8121-b5603e1f9142/datanode-5/data/ratis
2022-11-18 13:06:06,147 [Listener at 127.0.0.1/39657] INFO  volume.StorageVolumeChecker (StorageVolumeChecker.java:checkAllVolumes(202)) - Scheduled health check for volume /home/runner/work/ozone/ozone/hadoop-ozone/integration-test/target/test-dir/MiniOzoneClusterImpl-d3d67884-f8de-446f-8121-b5603e1f9142/datanode-5/data/ratis
2022-11-18 13:06:06,157 [Thread-2820] INFO  ozoneimpl.ContainerReader (ContainerReader.java:readVolume(175)) - Finish verifying containers on volume /home/runner/work/ozone/ozone/hadoop-ozone/integration-test/target/test-dir/MiniOzoneClusterImpl-d3d67884-f8de-446f-8121-b5603e1f9142/datanode-5/data-0/containers/hdds
2022-11-18 13:06:06,157 [Listener at 127.0.0.1/39657] INFO  ozoneimpl.OzoneContainer (OzoneContainer.java:buildContainerSet(301)) - Build ContainerSet costs 0s
2022-11-18 13:06:06,158 [Listener at 127.0.0.1/39657] INFO  server.RaftServer (ConfUtils.java:logGet(46)) - raft.rpc.type = GRPC (default)
2022-11-18 13:06:06,158 [Listener at 127.0.0.1/39657] INFO  grpc.GrpcConfigKeys (ConfUtils.java:logFallback(53)) - raft.grpc.admin.host = null (fallback to raft.grpc.server.host)
2022-11-18 13:06:06,159 [Listener at 127.0.0.1/39657] INFO  grpc.GrpcConfigKeys (ConfUtils.java:logGet(46)) - raft.grpc.admin.port = 0 (custom)
2022-11-18 13:06:06,159 [Listener at 127.0.0.1/39657] INFO  grpc.GrpcConfigKeys (ConfUtils.java:logFallback(53)) - raft.grpc.client.host = null (fallback to raft.grpc.server.host)
2022-11-18 13:06:06,159 [Listener at 127.0.0.1/39657] INFO  grpc.GrpcConfigKeys (ConfUtils.java:logGet(46)) - raft.grpc.client.port = 0 (custom)
2022-11-18 13:06:06,159 [Listener at 127.0.0.1/39657] INFO  grpc.GrpcConfigKeys (ConfUtils.java:logGet(46)) - raft.grpc.server.host = null (default)
2022-11-18 13:06:06,159 [Listener at 127.0.0.1/39657] INFO  grpc.GrpcConfigKeys (ConfUtils.java:logGet(46)) - raft.grpc.server.port = 0 (default)
2022-11-18 13:06:06,159 [Listener at 127.0.0.1/39657] INFO  server.GrpcService (ConfUtils.java:logGet(46)) - raft.grpc.message.size.max = 32MB (=33554432) (custom)
2022-11-18 13:06:06,159 [Listener at 127.0.0.1/39657] INFO  server.RaftServerConfigKeys (ConfUtils.java:logGet(46)) - raft.server.log.appender.buffer.byte-limit = 33554432 (custom)
2022-11-18 13:06:06,159 [Listener at 127.0.0.1/39657] INFO  server.GrpcService (ConfUtils.java:logGet(46)) - raft.grpc.flow.control.window = 5MB (=5242880) (custom)
2022-11-18 13:06:06,159 [Listener at 127.0.0.1/39657] INFO  server.RaftServerConfigKeys (ConfUtils.java:logGet(46)) - raft.server.rpc.request.timeout = 60s (custom)
2022-11-18 13:06:06,159 [Listener at 127.0.0.1/39657] INFO  grpc.GrpcConfigKeys (ConfUtils.java:logGet(46)) - raft.grpc.server.heartbeat.channel = true (default)
2022-11-18 13:06:06,159 [Listener at 127.0.0.1/39657] INFO  grpc.GrpcConfigKeys (ConfUtils.java:logGet(46)) - raft.grpc.server.async.request.thread.pool.cached = true (default)
2022-11-18 13:06:06,159 [Listener at 127.0.0.1/39657] INFO  grpc.GrpcConfigKeys (ConfUtils.java:logGet(46)) - raft.grpc.server.async.request.thread.pool.size = 32 (default)
2022-11-18 13:06:06,160 [Listener at 127.0.0.1/39657] INFO  impl.DataStreamServerImpl (ConfUtils.java:logGet(46)) - raft.datastream.type = DISABLED (default)
2022-11-18 13:06:06,160 [Listener at 127.0.0.1/39657] INFO  server.RaftServerConfigKeys (ConfUtils.java:logGet(46)) - raft.server.threadpool.proxy.cached = true (default)
2022-11-18 13:06:06,160 [Listener at 127.0.0.1/39657] INFO  server.RaftServerConfigKeys (ConfUtils.java:logGet(46)) - raft.server.threadpool.proxy.size = 0 (default)
2022-11-18 13:06:06,160 [Listener at 127.0.0.1/39657] INFO  server.RaftServerConfigKeys (ConfUtils.java:logGet(46)) - raft.server.rpc.slowness.timeout = 300s (custom)
2022-11-18 13:06:06,160 [Listener at 127.0.0.1/39657] INFO  server.RaftServerConfigKeys (ConfUtils.java:logGet(46)) - raft.server.leaderelection.leader.step-down.wait-time = 10s (default)
2022-11-18 13:06:06,160 [Listener at 127.0.0.1/39657] INFO  server.RaftServerConfigKeys (ConfUtils.java:logGet(46)) - raft.server.storage.dir = [/home/runner/work/ozone/ozone/hadoop-ozone/integration-test/target/test-dir/MiniOzoneClusterImpl-d3d67884-f8de-446f-8121-b5603e1f9142/datanode-5/data/ratis] (custom)
2022-11-18 13:06:06,162 [Listener at 127.0.0.1/39657] INFO  server.XceiverServerGrpc (XceiverServerGrpc.java:<init>(132)) - GrpcServer channel type EpollServerSocketChannel
2022-11-18 13:06:06,165 [Listener at 127.0.0.1/39657] INFO  http.BaseHttpServer (BaseHttpServer.java:newHttpServer2BuilderForOzone(213)) - Starting Web-server for hddsDatanode at: http://0.0.0.0:0
2022-11-18 13:06:06,165 [Listener at 127.0.0.1/39657] INFO  http.BaseHttpServer (BaseHttpServer.java:<init>(108)) - Hadoop Security Enabled: false Ozone Security Enabled: false Ozone HTTP Security Enabled: false 
2022-11-18 13:06:06,165 [Listener at 127.0.0.1/39657] WARN  server.AuthenticationFilter (AuthenticationFilter.java:constructSecretProvider(240)) - Unable to initialize FileSignerSecretProvider, falling back to use random secrets. Reason: Could not read signature secret file: /home/runner/hadoop-http-auth-signature-secret
2022-11-18 13:06:06,166 [Listener at 127.0.0.1/39657] WARN  http.HttpRequestLog (HttpRequestLog.java:getRequestLog(103)) - Jetty request log can only be enabled using Log4j
2022-11-18 13:06:06,167 [Listener at 127.0.0.1/39657] INFO  http.HttpServer2 (HttpServer2.java:addGlobalFilter(1031)) - Added global filter 'safety' (class=org.apache.hadoop.hdds.server.http.HttpServer2$QuotingInputFilter)
2022-11-18 13:06:06,167 [Listener at 127.0.0.1/39657] INFO  http.HttpServer2 (HttpServer2.java:addFilter(1007)) - Added filter static_user_filter (class=org.apache.hadoop.http.lib.StaticUserWebFilter$StaticUserFilter) to context hddsDatanode
2022-11-18 13:06:06,167 [Listener at 127.0.0.1/39657] INFO  http.HttpServer2 (HttpServer2.java:addFilter(1015)) - Added filter static_user_filter (class=org.apache.hadoop.http.lib.StaticUserWebFilter$StaticUserFilter) to context static
2022-11-18 13:06:06,167 [Listener at 127.0.0.1/39657] INFO  http.HttpServer2 (HttpServer2.java:addFilter(1015)) - Added filter static_user_filter (class=org.apache.hadoop.http.lib.StaticUserWebFilter$StaticUserFilter) to context logs
2022-11-18 13:06:06,167 [Listener at 127.0.0.1/39657] INFO  http.HttpServer2 (HttpServer2.java:bindListener(1250)) - Jetty bound to port 41103
2022-11-18 13:06:06,168 [Listener at 127.0.0.1/39657] INFO  server.Server (Server.java:doStart(375)) - jetty-9.4.49.v20220914; built: 2022-09-14T01:07:36.601Z; git: 4231a3b2e4cb8548a412a789936d640a97b1aa0a; jvm 1.8.0_345-b01
2022-11-18 13:06:06,170 [Listener at 127.0.0.1/39657] INFO  server.session (DefaultSessionIdManager.java:doStart(334)) - DefaultSessionIdManager workerName=node0
2022-11-18 13:06:06,170 [Listener at 127.0.0.1/39657] INFO  server.session (DefaultSessionIdManager.java:doStart(339)) - No SessionScavenger set, using defaults
2022-11-18 13:06:06,170 [Listener at 127.0.0.1/39657] INFO  server.session (HouseKeeper.java:startScavenging(132)) - node0 Scavenging every 660000ms
2022-11-18 13:06:06,171 [Listener at 127.0.0.1/39657] INFO  handler.ContextHandler (ContextHandler.java:doStart(921)) - Started o.e.j.s.ServletContextHandler@33f6ba98{logs,/logs,file:///home/runner/work/ozone/ozone/hadoop-ozone/integration-test/target/log,AVAILABLE}
2022-11-18 13:06:06,171 [Listener at 127.0.0.1/39657] INFO  handler.ContextHandler (ContextHandler.java:doStart(921)) - Started o.e.j.s.ServletContextHandler@d8ce01f{static,/static,jar:file:/home/runner/.m2/repository/org/apache/ozone/hdds-container-service/1.3.0-SNAPSHOT/hdds-container-service-1.3.0-SNAPSHOT.jar!/webapps/static,AVAILABLE}
2022-11-18 13:06:06,228 [EndpointStateMachine task thread for /0.0.0.0:40433 - 0 ] INFO  utils.DatanodeStoreCache (DatanodeStoreCache.java:addDB(58)) - Added db /home/runner/work/ozone/ozone/hadoop-ozone/integration-test/target/test-dir/MiniOzoneClusterImpl-d3d67884-f8de-446f-8121-b5603e1f9142/datanode-0/data-0/containers/hdds/d3d67884-f8de-446f-8121-b5603e1f9142/DS-df10a31a-158c-4764-bfd6-d6d2ec10e85f/container.db to cache
2022-11-18 13:06:06,228 [EndpointStateMachine task thread for /0.0.0.0:40433 - 0 ] INFO  volume.HddsVolume (HddsVolume.java:createDbStore(307)) - SchemaV3 db is created and loaded at /home/runner/work/ozone/ozone/hadoop-ozone/integration-test/target/test-dir/MiniOzoneClusterImpl-d3d67884-f8de-446f-8121-b5603e1f9142/datanode-0/data-0/containers/hdds/d3d67884-f8de-446f-8121-b5603e1f9142/DS-df10a31a-158c-4764-bfd6-d6d2ec10e85f/container.db for volume DS-df10a31a-158c-4764-bfd6-d6d2ec10e85f
2022-11-18 13:06:06,228 [EndpointStateMachine task thread for /0.0.0.0:40433 - 0 ] INFO  ozoneimpl.OzoneContainer (OzoneContainer.java:start(395)) - Attempting to start container services.
2022-11-18 13:06:06,228 [EndpointStateMachine task thread for /0.0.0.0:40433 - 0 ] INFO  ozoneimpl.OzoneContainer (OzoneContainer.java:startContainerScrub(312)) - Scheduled background container scanners and the on-demand container scanner have been disabled.
2022-11-18 13:06:06,228 [EndpointStateMachine task thread for /0.0.0.0:40433 - 0 ] INFO  replication.ReplicationServer (ReplicationServer.java:start(111)) - ReplicationServer is started using port 36493
2022-11-18 13:06:06,232 [EndpointStateMachine task thread for /0.0.0.0:40433 - 0 ] INFO  ratis.XceiverServerRatis (XceiverServerRatis.java:start(481)) - Starting XceiverServerRatis db052414-94b4-46f8-aca1-929beb3cfaa7
2022-11-18 13:06:06,263 [EndpointStateMachine task thread for /0.0.0.0:40433 - 0 ] INFO  server.RaftServer (RaftServerProxy.java:startImpl(393)) - db052414-94b4-46f8-aca1-929beb3cfaa7: start RPC server
2022-11-18 13:06:06,264 [EndpointStateMachine task thread for /0.0.0.0:40433 - 0 ] INFO  server.GrpcService (GrpcService.java:startImpl(270)) - db052414-94b4-46f8-aca1-929beb3cfaa7: GrpcService started, listening on 35073
2022-11-18 13:06:06,269 [EndpointStateMachine task thread for /0.0.0.0:40433 - 0 ] INFO  ratis.XceiverServerRatis (XceiverServerRatis.java:getRealPort(502)) - XceiverServerRatis db052414-94b4-46f8-aca1-929beb3cfaa7 is started using port 35073 for RATIS
2022-11-18 13:06:06,269 [EndpointStateMachine task thread for /0.0.0.0:40433 - 0 ] INFO  ratis.XceiverServerRatis (XceiverServerRatis.java:getRealPort(502)) - XceiverServerRatis db052414-94b4-46f8-aca1-929beb3cfaa7 is started using port 35073 for RATIS_ADMIN
2022-11-18 13:06:06,269 [EndpointStateMachine task thread for /0.0.0.0:40433 - 0 ] INFO  ratis.XceiverServerRatis (XceiverServerRatis.java:getRealPort(502)) - XceiverServerRatis db052414-94b4-46f8-aca1-929beb3cfaa7 is started using port 35073 for RATIS_SERVER
2022-11-18 13:06:06,269 [JvmPauseMonitor52] INFO  util.JvmPauseMonitor (JvmPauseMonitor.java:run(105)) - JvmPauseMonitor-db052414-94b4-46f8-aca1-929beb3cfaa7: Started
2022-11-18 13:06:06,276 [EndpointStateMachine task thread for /0.0.0.0:40433 - 0 ] INFO  server.XceiverServerGrpc (XceiverServerGrpc.java:start(180)) - XceiverServerGrpc db052414-94b4-46f8-aca1-929beb3cfaa7 is started using port 36897
2022-11-18 13:06:06,354 [Listener at 127.0.0.1/39657] INFO  handler.ContextHandler (ContextHandler.java:doStart(921)) - Started o.e.j.w.WebAppContext@3654184a{hddsDatanode,/,file:///tmp/jetty-0_0_0_0-41103-hdds-container-service-1_3_0-SNAPSHOT_jar-_-any-3748122972687861910/webapp/,AVAILABLE}{jar:file:/home/runner/.m2/repository/org/apache/ozone/hdds-container-service/1.3.0-SNAPSHOT/hdds-container-service-1.3.0-SNAPSHOT.jar!/webapps/hddsDatanode}
2022-11-18 13:06:06,357 [Listener at 127.0.0.1/39657] INFO  server.AbstractConnector (AbstractConnector.java:doStart(333)) - Started ServerConnector@59e484d6{HTTP/1.1, (http/1.1)}{0.0.0.0:41103}
2022-11-18 13:06:06,358 [Listener at 127.0.0.1/39657] INFO  server.Server (Server.java:doStart(415)) - Started @159851ms
2022-11-18 13:06:06,358 [Listener at 127.0.0.1/39657] WARN  impl.MetricsSystemImpl (MetricsSystemImpl.java:register(279)) - Sink prometheus already exists!
2022-11-18 13:06:06,358 [Listener at 127.0.0.1/39657] INFO  http.BaseHttpServer (BaseHttpServer.java:updateConnectorAddress(333)) - HTTP server of hddsDatanode listening at http://0.0.0.0:41103
2022-11-18 13:06:06,358 [Datanode State Machine Daemon Thread] INFO  statemachine.DatanodeStateMachine (DatanodeStateMachine.java:lambda$startDaemon$0(505)) - Ozone container server started.
2022-11-18 13:06:06,358 [Listener at 127.0.0.1/39657] INFO  impl.MetricsSystemImpl (MetricsSystemImpl.java:init(158)) - HddsDatanode metrics system started (again)
2022-11-18 13:06:06,369 [Listener at 127.0.0.1/39657] INFO  ozone.HddsDatanodeService (HddsDatanodeService.java:start(236)) - HddsDatanodeService host:fv-az180-400.aibneqh1mxpuhl3tnnuy2ifbce.bx.internal.cloudapp.net ip:10.1.0.56
2022-11-18 13:06:06,370 [org.apache.hadoop.util.JvmPauseMonitor$Monitor@4f024d4c] INFO  util.JvmPauseMonitor (JvmPauseMonitor.java:run(188)) - Starting JVM pause monitor
2022-11-18 13:06:06,372 [Datanode State Machine Task Thread - 0] INFO  datanode.InitDatanodeState (InitDatanodeState.java:persistContainerDatanodeDetails(138)) - DatanodeDetails is persisted to /home/runner/work/ozone/ozone/hadoop-ozone/integration-test/target/test-dir/MiniOzoneClusterImpl-d3d67884-f8de-446f-8121-b5603e1f9142/datanode-5/meta/datanode.id
2022-11-18 13:06:06,387 [Listener at 127.0.0.1/39657] INFO  upgrade.AbstractLayoutVersionManager (AbstractLayoutVersionManager.java:init(83)) - Initializing Layout version manager with metadata layout = DATANODE_SCHEMA_V3 (version = 4), software layout = DATANODE_SCHEMA_V3 (version = 4)
2022-11-18 13:06:06,429 [Listener at 127.0.0.1/39657] INFO  reflections.Reflections (Reflections.java:scan(232)) - Reflections took 41 ms to scan 7 urls, producing 140 keys and 342 values 
2022-11-18 13:06:06,430 [Listener at 127.0.0.1/39657] INFO  statemachine.DatanodeStateMachine (DatanodeStateMachine.java:getEndPointTaskThreadPoolSize(245)) - Datanode State Machine Task Thread Pool size 2
2022-11-18 13:06:06,431 [Listener at 127.0.0.1/39657] INFO  volume.HddsVolume (HddsVolume.java:<init>(117)) - Creating HddsVolume: /home/runner/work/ozone/ozone/hadoop-ozone/integration-test/target/test-dir/MiniOzoneClusterImpl-d3d67884-f8de-446f-8121-b5603e1f9142/datanode-6/data-0/containers/hdds of storage type : DISK capacity : 9223372036854775807
2022-11-18 13:06:06,431 [Listener at 127.0.0.1/39657] INFO  volume.MutableVolumeSet (MutableVolumeSet.java:initializeVolumeSet(174)) - Added Volume : /home/runner/work/ozone/ozone/hadoop-ozone/integration-test/target/test-dir/MiniOzoneClusterImpl-d3d67884-f8de-446f-8121-b5603e1f9142/datanode-6/data-0/containers/hdds to VolumeSet
2022-11-18 13:06:06,431 [Listener at 127.0.0.1/39657] INFO  volume.ThrottledAsyncChecker (ThrottledAsyncChecker.java:schedule(141)) - Scheduling a check for /home/runner/work/ozone/ozone/hadoop-ozone/integration-test/target/test-dir/MiniOzoneClusterImpl-d3d67884-f8de-446f-8121-b5603e1f9142/datanode-6/data-0/containers/hdds
2022-11-18 13:06:06,432 [Listener at 127.0.0.1/39657] INFO  volume.StorageVolumeChecker (StorageVolumeChecker.java:checkAllVolumes(202)) - Scheduled health check for volume /home/runner/work/ozone/ozone/hadoop-ozone/integration-test/target/test-dir/MiniOzoneClusterImpl-d3d67884-f8de-446f-8121-b5603e1f9142/datanode-6/data-0/containers/hdds
2022-11-18 13:06:06,438 [Under Replicated Processor] INFO  replication.UnderReplicatedProcessor (UnderReplicatedProcessor.java:processAll(92)) - Processed 0 under replicated containers, failed processing 0
2022-11-18 13:06:06,439 [EventQueue-StaleNodeForStaleNodeHandler] INFO  node.StaleNodeHandler (StaleNodeHandler.java:onMessage(59)) - Datanode a49fbcfb-f7dc-4282-aec4-a4f9f3e2b5ab{ip: 10.1.0.56, host: fv-az180-400.aibneqh1mxpuhl3tnnuy2ifbce.bx.internal.cloudapp.net, ports: [REPLICATION=41799, RATIS=37955, RATIS_ADMIN=37955, RATIS_SERVER=37955, STANDALONE=46377], networkLocation: /default-rack, certSerialId: null, persistedOpState: IN_SERVICE, persistedOpStateExpiryEpochSec: 0} moved to stale state. Finalizing its pipelines [PipelineID=02b6e0fd-89e1-4c80-88d9-a4a895e4f75d, PipelineID=62ba749d-71f7-48a2-b7e0-c3a54a68271c]
2022-11-18 13:06:06,439 [EventQueue-StaleNodeForStaleNodeHandler] INFO  pipeline.PipelineManagerImpl (PipelineManagerImpl.java:closePipeline(442)) - Pipeline Pipeline[ Id: 02b6e0fd-89e1-4c80-88d9-a4a895e4f75d, Nodes: 961e98b4-0515-4e33-9a5e-b87989e0967c{ip: 10.1.0.56, host: fv-az180-400.aibneqh1mxpuhl3tnnuy2ifbce.bx.internal.cloudapp.net, ports: [REPLICATION=32803, RATIS=45547, RATIS_ADMIN=45547, RATIS_SERVER=45547, STANDALONE=33243], networkLocation: /default-rack, certSerialId: null, persistedOpState: IN_SERVICE, persistedOpStateExpiryEpochSec: 0}8ad84362-fca3-4a94-b029-55aaea538166{ip: 10.1.0.56, host: fv-az180-400.aibneqh1mxpuhl3tnnuy2ifbce.bx.internal.cloudapp.net, ports: [REPLICATION=45785, RATIS=38939, RATIS_ADMIN=38939, RATIS_SERVER=38939, STANDALONE=38791], networkLocation: /default-rack, certSerialId: null, persistedOpState: IN_SERVICE, persistedOpStateExpiryEpochSec: 0}a49fbcfb-f7dc-4282-aec4-a4f9f3e2b5ab{ip: 10.1.0.56, host: fv-az180-400.aibneqh1mxpuhl3tnnuy2ifbce.bx.internal.cloudapp.net, ports: [REPLICATION=41799, RATIS=37955, RATIS_ADMIN=37955, RATIS_SERVER=37955, STANDALONE=46377], networkLocation: /default-rack, certSerialId: null, persistedOpState: IN_SERVICE, persistedOpStateExpiryEpochSec: 0}, ReplicationConfig: RATIS/THREE, State:OPEN, leaderId:961e98b4-0515-4e33-9a5e-b87989e0967c, CreationTimestamp2022-11-18T13:05:34.008Z[Etc/UTC]] moved to CLOSED state
2022-11-18 13:06:06,440 [EventQueue-StaleNodeForStaleNodeHandler] INFO  pipeline.PipelineManagerImpl (PipelineManagerImpl.java:closePipeline(442)) - Pipeline Pipeline[ Id: 62ba749d-71f7-48a2-b7e0-c3a54a68271c, Nodes: a49fbcfb-f7dc-4282-aec4-a4f9f3e2b5ab{ip: 10.1.0.56, host: fv-az180-400.aibneqh1mxpuhl3tnnuy2ifbce.bx.internal.cloudapp.net, ports: [REPLICATION=41799, RATIS=37955, RATIS_ADMIN=37955, RATIS_SERVER=37955, STANDALONE=46377], networkLocation: /default-rack, certSerialId: null, persistedOpState: IN_SERVICE, persistedOpStateExpiryEpochSec: 0}, ReplicationConfig: RATIS/ONE, State:OPEN, leaderId:a49fbcfb-f7dc-4282-aec4-a4f9f3e2b5ab, CreationTimestamp2022-11-18T13:04:39.419Z[Etc/UTC]] moved to CLOSED state
2022-11-18 13:06:06,440 [Over Replicated Processor] INFO  replication.OverReplicatedProcessor (OverReplicatedProcessor.java:processAll(90)) - Processed 0 over replicated containers, failed processing 0
2022-11-18 13:06:06,445 [ReplicationMonitor] INFO  replication.LegacyReplicationManager (LegacyReplicationManager.java:handleOverReplicatedContainer(1251)) - Container #1 is over replicated. Expected replica count is 3, but found 4.
2022-11-18 13:06:06,445 [ReplicationMonitor] INFO  replication.LegacyReplicationManager (LegacyReplicationManager.java:sendDeleteCommand(1586)) - Sending delete container command for container #1 to datanode a49fbcfb-f7dc-4282-aec4-a4f9f3e2b5ab{ip: 10.1.0.56, host: fv-az180-400.aibneqh1mxpuhl3tnnuy2ifbce.bx.internal.cloudapp.net, ports: [REPLICATION=41799, RATIS=37955, RATIS_ADMIN=37955, RATIS_SERVER=37955, STANDALONE=46377], networkLocation: /default-rack, certSerialId: null, persistedOpState: IN_SERVICE, persistedOpStateExpiryEpochSec: 0}
2022-11-18 13:06:06,445 [ReplicationMonitor] INFO  replication.LegacyReplicationManager (LegacyReplicationManager.java:handleOverReplicatedContainer(1251)) - Container #2 is over replicated. Expected replica count is 3, but found 4.
2022-11-18 13:06:06,446 [ReplicationMonitor] INFO  replication.LegacyReplicationManager (LegacyReplicationManager.java:sendDeleteCommand(1586)) - Sending delete container command for container #2 to datanode a49fbcfb-f7dc-4282-aec4-a4f9f3e2b5ab{ip: 10.1.0.56, host: fv-az180-400.aibneqh1mxpuhl3tnnuy2ifbce.bx.internal.cloudapp.net, ports: [REPLICATION=41799, RATIS=37955, RATIS_ADMIN=37955, RATIS_SERVER=37955, STANDALONE=46377], networkLocation: /default-rack, certSerialId: null, persistedOpState: IN_SERVICE, persistedOpStateExpiryEpochSec: 0}
2022-11-18 13:06:06,446 [ReplicationMonitor] INFO  replication.LegacyReplicationManager (LegacyReplicationManager.java:sendCloseCommand(1511)) - Sending close container command for container #3 to datanode a36f0c9e-34c7-41e1-90e2-5c691522fdfd{ip: 10.1.0.56, host: fv-az180-400.aibneqh1mxpuhl3tnnuy2ifbce.bx.internal.cloudapp.net, ports: [REPLICATION=43001, RATIS=35103, RATIS_ADMIN=35103, RATIS_SERVER=35103, STANDALONE=34509], networkLocation: /default-rack, certSerialId: null, persistedOpState: IN_SERVICE, persistedOpStateExpiryEpochSec: 0}.
2022-11-18 13:06:06,446 [ReplicationMonitor] INFO  replication.LegacyReplicationManager (LegacyReplicationManager.java:sendCloseCommand(1511)) - Sending close container command for container #3 to datanode 4e1bc70a-c48e-454c-859f-0f8175dd606b{ip: 10.1.0.56, host: fv-az180-400.aibneqh1mxpuhl3tnnuy2ifbce.bx.internal.cloudapp.net, ports: [REPLICATION=44557, RATIS=45923, RATIS_ADMIN=45923, RATIS_SERVER=45923, STANDALONE=33695], networkLocation: /default-rack, certSerialId: null, persistedOpState: IN_SERVICE, persistedOpStateExpiryEpochSec: 0}.
2022-11-18 13:06:06,446 [ReplicationMonitor] INFO  replication.LegacyReplicationManager (LegacyReplicationManager.java:sendCloseCommand(1511)) - Sending close container command for container #3 to datanode 1bb9cbb4-eec0-4324-8de7-fca776b53f2b{ip: 10.1.0.56, host: fv-az180-400.aibneqh1mxpuhl3tnnuy2ifbce.bx.internal.cloudapp.net, ports: [REPLICATION=45141, RATIS=44667, RATIS_ADMIN=44667, RATIS_SERVER=44667, STANDALONE=45879], networkLocation: /default-rack, certSerialId: null, persistedOpState: IN_SERVICE, persistedOpStateExpiryEpochSec: 0}.
2022-11-18 13:06:06,446 [ReplicationMonitor] INFO  replication.LegacyReplicationManager (LegacyReplicationManager.java:handleOverReplicatedContainer(1251)) - Container #4 is over replicated. Expected replica count is 3, but found 4.
2022-11-18 13:06:06,446 [ReplicationMonitor] INFO  replication.LegacyReplicationManager (LegacyReplicationManager.java:sendDeleteCommand(1586)) - Sending delete container command for container #4 to datanode a49fbcfb-f7dc-4282-aec4-a4f9f3e2b5ab{ip: 10.1.0.56, host: fv-az180-400.aibneqh1mxpuhl3tnnuy2ifbce.bx.internal.cloudapp.net, ports: [REPLICATION=41799, RATIS=37955, RATIS_ADMIN=37955, RATIS_SERVER=37955, STANDALONE=46377], networkLocation: /default-rack, certSerialId: null, persistedOpState: IN_SERVICE, persistedOpStateExpiryEpochSec: 0}
2022-11-18 13:06:06,446 [ReplicationMonitor] INFO  replication.LegacyReplicationManager (LegacyReplicationManager.java:sendCloseCommand(1511)) - Sending close container command for container #5 to datanode 4e1bc70a-c48e-454c-859f-0f8175dd606b{ip: 10.1.0.56, host: fv-az180-400.aibneqh1mxpuhl3tnnuy2ifbce.bx.internal.cloudapp.net, ports: [REPLICATION=44557, RATIS=45923, RATIS_ADMIN=45923, RATIS_SERVER=45923, STANDALONE=33695], networkLocation: /default-rack, certSerialId: null, persistedOpState: IN_SERVICE, persistedOpStateExpiryEpochSec: 0}.
2022-11-18 13:06:06,446 [ReplicationMonitor] INFO  replication.LegacyReplicationManager (LegacyReplicationManager.java:sendCloseCommand(1511)) - Sending close container command for container #5 to datanode a36f0c9e-34c7-41e1-90e2-5c691522fdfd{ip: 10.1.0.56, host: fv-az180-400.aibneqh1mxpuhl3tnnuy2ifbce.bx.internal.cloudapp.net, ports: [REPLICATION=43001, RATIS=35103, RATIS_ADMIN=35103, RATIS_SERVER=35103, STANDALONE=34509], networkLocation: /default-rack, certSerialId: null, persistedOpState: IN_SERVICE, persistedOpStateExpiryEpochSec: 0}.
2022-11-18 13:06:06,446 [ReplicationMonitor] INFO  replication.LegacyReplicationManager (LegacyReplicationManager.java:sendCloseCommand(1511)) - Sending close container command for container #5 to datanode 1bb9cbb4-eec0-4324-8de7-fca776b53f2b{ip: 10.1.0.56, host: fv-az180-400.aibneqh1mxpuhl3tnnuy2ifbce.bx.internal.cloudapp.net, ports: [REPLICATION=45141, RATIS=44667, RATIS_ADMIN=44667, RATIS_SERVER=44667, STANDALONE=45879], networkLocation: /default-rack, certSerialId: null, persistedOpState: IN_SERVICE, persistedOpStateExpiryEpochSec: 0}.
2022-11-18 13:06:06,446 [ReplicationMonitor] INFO  replication.LegacyReplicationManager (LegacyReplicationManager.java:sendCloseCommand(1511)) - Sending close container command for container #6 to datanode 4e1bc70a-c48e-454c-859f-0f8175dd606b{ip: 10.1.0.56, host: fv-az180-400.aibneqh1mxpuhl3tnnuy2ifbce.bx.internal.cloudapp.net, ports: [REPLICATION=44557, RATIS=45923, RATIS_ADMIN=45923, RATIS_SERVER=45923, STANDALONE=33695], networkLocation: /default-rack, certSerialId: null, persistedOpState: IN_SERVICE, persistedOpStateExpiryEpochSec: 0}.
2022-11-18 13:06:06,446 [ReplicationMonitor] INFO  replication.LegacyReplicationManager (LegacyReplicationManager.java:sendCloseCommand(1511)) - Sending close container command for container #6 to datanode 1bb9cbb4-eec0-4324-8de7-fca776b53f2b{ip: 10.1.0.56, host: fv-az180-400.aibneqh1mxpuhl3tnnuy2ifbce.bx.internal.cloudapp.net, ports: [REPLICATION=45141, RATIS=44667, RATIS_ADMIN=44667, RATIS_SERVER=44667, STANDALONE=45879], networkLocation: /default-rack, certSerialId: null, persistedOpState: IN_SERVICE, persistedOpStateExpiryEpochSec: 0}.
2022-11-18 13:06:06,446 [ReplicationMonitor] INFO  replication.LegacyReplicationManager (LegacyReplicationManager.java:sendCloseCommand(1511)) - Sending close container command for container #6 to datanode a36f0c9e-34c7-41e1-90e2-5c691522fdfd{ip: 10.1.0.56, host: fv-az180-400.aibneqh1mxpuhl3tnnuy2ifbce.bx.internal.cloudapp.net, ports: [REPLICATION=43001, RATIS=35103, RATIS_ADMIN=35103, RATIS_SERVER=35103, STANDALONE=34509], networkLocation: /default-rack, certSerialId: null, persistedOpState: IN_SERVICE, persistedOpStateExpiryEpochSec: 0}.
2022-11-18 13:06:06,446 [ReplicationMonitor] INFO  replication.ReplicationManager (ReplicationManager.java:sendCloseContainerReplicaCommand(564)) - Sending close container command for container #11 to datanode a36f0c9e-34c7-41e1-90e2-5c691522fdfd{ip: 10.1.0.56, host: fv-az180-400.aibneqh1mxpuhl3tnnuy2ifbce.bx.internal.cloudapp.net, ports: [REPLICATION=43001, RATIS=35103, RATIS_ADMIN=35103, RATIS_SERVER=35103, STANDALONE=34509], networkLocation: /default-rack, certSerialId: null, persistedOpState: IN_SERVICE, persistedOpStateExpiryEpochSec: 0}.
2022-11-18 13:06:06,446 [ReplicationMonitor] INFO  replication.ReplicationManager (ReplicationManager.java:sendCloseContainerReplicaCommand(564)) - Sending close container command for container #11 to datanode 4e1bc70a-c48e-454c-859f-0f8175dd606b{ip: 10.1.0.56, host: fv-az180-400.aibneqh1mxpuhl3tnnuy2ifbce.bx.internal.cloudapp.net, ports: [REPLICATION=44557, RATIS=45923, RATIS_ADMIN=45923, RATIS_SERVER=45923, STANDALONE=33695], networkLocation: /default-rack, certSerialId: null, persistedOpState: IN_SERVICE, persistedOpStateExpiryEpochSec: 0}.
2022-11-18 13:06:06,446 [ReplicationMonitor] INFO  replication.ReplicationManager (ReplicationManager.java:sendCloseContainerReplicaCommand(564)) - Sending close container command for container #11 to datanode 8ad84362-fca3-4a94-b029-55aaea538166{ip: 10.1.0.56, host: fv-az180-400.aibneqh1mxpuhl3tnnuy2ifbce.bx.internal.cloudapp.net, ports: [REPLICATION=45785, RATIS=38939, RATIS_ADMIN=38939, RATIS_SERVER=38939, STANDALONE=38791], networkLocation: /default-rack, certSerialId: null, persistedOpState: IN_SERVICE, persistedOpStateExpiryEpochSec: 0}.
2022-11-18 13:06:06,446 [ReplicationMonitor] INFO  replication.ReplicationManager (ReplicationManager.java:processAll(352)) - Replication Monitor Thread took 2 milliseconds for processing 11 containers.
2022-11-18 13:06:06,449 [Listener at 127.0.0.1/39657] INFO  volume.MutableVolumeSet (MutableVolumeSet.java:initializeVolumeSet(174)) - Added Volume : /home/runner/work/ozone/ozone/hadoop-ozone/integration-test/target/test-dir/MiniOzoneClusterImpl-d3d67884-f8de-446f-8121-b5603e1f9142/datanode-6/data/ratis to VolumeSet
2022-11-18 13:06:06,449 [Listener at 127.0.0.1/39657] INFO  volume.ThrottledAsyncChecker (ThrottledAsyncChecker.java:schedule(141)) - Scheduling a check for /home/runner/work/ozone/ozone/hadoop-ozone/integration-test/target/test-dir/MiniOzoneClusterImpl-d3d67884-f8de-446f-8121-b5603e1f9142/datanode-6/data/ratis
2022-11-18 13:06:06,449 [Listener at 127.0.0.1/39657] INFO  volume.StorageVolumeChecker (StorageVolumeChecker.java:checkAllVolumes(202)) - Scheduled health check for volume /home/runner/work/ozone/ozone/hadoop-ozone/integration-test/target/test-dir/MiniOzoneClusterImpl-d3d67884-f8de-446f-8121-b5603e1f9142/datanode-6/data/ratis
2022-11-18 13:06:06,462 [Thread-2839] INFO  ozoneimpl.ContainerReader (ContainerReader.java:readVolume(175)) - Finish verifying containers on volume /home/runner/work/ozone/ozone/hadoop-ozone/integration-test/target/test-dir/MiniOzoneClusterImpl-d3d67884-f8de-446f-8121-b5603e1f9142/datanode-6/data-0/containers/hdds
2022-11-18 13:06:06,462 [Listener at 127.0.0.1/39657] INFO  ozoneimpl.OzoneContainer (OzoneContainer.java:buildContainerSet(301)) - Build ContainerSet costs 0s
2022-11-18 13:06:06,464 [Listener at 127.0.0.1/39657] INFO  server.RaftServer (ConfUtils.java:logGet(46)) - raft.rpc.type = GRPC (default)
2022-11-18 13:06:06,464 [Listener at 127.0.0.1/39657] INFO  grpc.GrpcConfigKeys (ConfUtils.java:logFallback(53)) - raft.grpc.admin.host = null (fallback to raft.grpc.server.host)
2022-11-18 13:06:06,464 [Listener at 127.0.0.1/39657] INFO  grpc.GrpcConfigKeys (ConfUtils.java:logGet(46)) - raft.grpc.admin.port = 0 (custom)
2022-11-18 13:06:06,464 [Listener at 127.0.0.1/39657] INFO  grpc.GrpcConfigKeys (ConfUtils.java:logFallback(53)) - raft.grpc.client.host = null (fallback to raft.grpc.server.host)
2022-11-18 13:06:06,464 [Listener at 127.0.0.1/39657] INFO  grpc.GrpcConfigKeys (ConfUtils.java:logGet(46)) - raft.grpc.client.port = 0 (custom)
2022-11-18 13:06:06,464 [Listener at 127.0.0.1/39657] INFO  grpc.GrpcConfigKeys (ConfUtils.java:logGet(46)) - raft.grpc.server.host = null (default)
2022-11-18 13:06:06,464 [Listener at 127.0.0.1/39657] INFO  grpc.GrpcConfigKeys (ConfUtils.java:logGet(46)) - raft.grpc.server.port = 0 (default)
2022-11-18 13:06:06,464 [Listener at 127.0.0.1/39657] INFO  server.GrpcService (ConfUtils.java:logGet(46)) - raft.grpc.message.size.max = 32MB (=33554432) (custom)
2022-11-18 13:06:06,464 [Listener at 127.0.0.1/39657] INFO  server.RaftServerConfigKeys (ConfUtils.java:logGet(46)) - raft.server.log.appender.buffer.byte-limit = 33554432 (custom)
2022-11-18 13:06:06,464 [Listener at 127.0.0.1/39657] INFO  server.GrpcService (ConfUtils.java:logGet(46)) - raft.grpc.flow.control.window = 5MB (=5242880) (custom)
2022-11-18 13:06:06,464 [Listener at 127.0.0.1/39657] INFO  server.RaftServerConfigKeys (ConfUtils.java:logGet(46)) - raft.server.rpc.request.timeout = 60s (custom)
2022-11-18 13:06:06,465 [Listener at 127.0.0.1/39657] INFO  grpc.GrpcConfigKeys (ConfUtils.java:logGet(46)) - raft.grpc.server.heartbeat.channel = true (default)
2022-11-18 13:06:06,465 [Listener at 127.0.0.1/39657] INFO  grpc.GrpcConfigKeys (ConfUtils.java:logGet(46)) - raft.grpc.server.async.request.thread.pool.cached = true (default)
2022-11-18 13:06:06,465 [Listener at 127.0.0.1/39657] INFO  grpc.GrpcConfigKeys (ConfUtils.java:logGet(46)) - raft.grpc.server.async.request.thread.pool.size = 32 (default)
2022-11-18 13:06:06,465 [Listener at 127.0.0.1/39657] INFO  impl.DataStreamServerImpl (ConfUtils.java:logGet(46)) - raft.datastream.type = DISABLED (default)
2022-11-18 13:06:06,465 [Listener at 127.0.0.1/39657] INFO  server.RaftServerConfigKeys (ConfUtils.java:logGet(46)) - raft.server.threadpool.proxy.cached = true (default)
2022-11-18 13:06:06,466 [Listener at 127.0.0.1/39657] INFO  server.RaftServerConfigKeys (ConfUtils.java:logGet(46)) - raft.server.threadpool.proxy.size = 0 (default)
2022-11-18 13:06:06,466 [Listener at 127.0.0.1/39657] INFO  server.RaftServerConfigKeys (ConfUtils.java:logGet(46)) - raft.server.rpc.slowness.timeout = 300s (custom)
2022-11-18 13:06:06,466 [Listener at 127.0.0.1/39657] INFO  server.RaftServerConfigKeys (ConfUtils.java:logGet(46)) - raft.server.leaderelection.leader.step-down.wait-time = 10s (default)
2022-11-18 13:06:06,466 [Listener at 127.0.0.1/39657] INFO  server.RaftServerConfigKeys (ConfUtils.java:logGet(46)) - raft.server.storage.dir = [/home/runner/work/ozone/ozone/hadoop-ozone/integration-test/target/test-dir/MiniOzoneClusterImpl-d3d67884-f8de-446f-8121-b5603e1f9142/datanode-6/data/ratis] (custom)
2022-11-18 13:06:06,467 [Listener at 127.0.0.1/39657] INFO  server.XceiverServerGrpc (XceiverServerGrpc.java:<init>(132)) - GrpcServer channel type EpollServerSocketChannel
2022-11-18 13:06:06,470 [Listener at 127.0.0.1/39657] INFO  http.BaseHttpServer (BaseHttpServer.java:newHttpServer2BuilderForOzone(213)) - Starting Web-server for hddsDatanode at: http://0.0.0.0:0
2022-11-18 13:06:06,471 [Listener at 127.0.0.1/39657] INFO  http.BaseHttpServer (BaseHttpServer.java:<init>(108)) - Hadoop Security Enabled: false Ozone Security Enabled: false Ozone HTTP Security Enabled: false 
2022-11-18 13:06:06,471 [Listener at 127.0.0.1/39657] WARN  server.AuthenticationFilter (AuthenticationFilter.java:constructSecretProvider(240)) - Unable to initialize FileSignerSecretProvider, falling back to use random secrets. Reason: Could not read signature secret file: /home/runner/hadoop-http-auth-signature-secret
2022-11-18 13:06:06,472 [Listener at 127.0.0.1/39657] WARN  http.HttpRequestLog (HttpRequestLog.java:getRequestLog(103)) - Jetty request log can only be enabled using Log4j
2022-11-18 13:06:06,472 [Listener at 127.0.0.1/39657] INFO  http.HttpServer2 (HttpServer2.java:addGlobalFilter(1031)) - Added global filter 'safety' (class=org.apache.hadoop.hdds.server.http.HttpServer2$QuotingInputFilter)
2022-11-18 13:06:06,472 [Listener at 127.0.0.1/39657] INFO  http.HttpServer2 (HttpServer2.java:addFilter(1007)) - Added filter static_user_filter (class=org.apache.hadoop.http.lib.StaticUserWebFilter$StaticUserFilter) to context hddsDatanode
2022-11-18 13:06:06,472 [Listener at 127.0.0.1/39657] INFO  http.HttpServer2 (HttpServer2.java:addFilter(1015)) - Added filter static_user_filter (class=org.apache.hadoop.http.lib.StaticUserWebFilter$StaticUserFilter) to context static
2022-11-18 13:06:06,473 [Listener at 127.0.0.1/39657] INFO  http.HttpServer2 (HttpServer2.java:addFilter(1015)) - Added filter static_user_filter (class=org.apache.hadoop.http.lib.StaticUserWebFilter$StaticUserFilter) to context logs
2022-11-18 13:06:06,473 [Listener at 127.0.0.1/39657] INFO  http.HttpServer2 (HttpServer2.java:bindListener(1250)) - Jetty bound to port 36997
2022-11-18 13:06:06,473 [Listener at 127.0.0.1/39657] INFO  server.Server (Server.java:doStart(375)) - jetty-9.4.49.v20220914; built: 2022-09-14T01:07:36.601Z; git: 4231a3b2e4cb8548a412a789936d640a97b1aa0a; jvm 1.8.0_345-b01
2022-11-18 13:06:06,474 [Listener at 127.0.0.1/39657] INFO  server.session (DefaultSessionIdManager.java:doStart(334)) - DefaultSessionIdManager workerName=node0
2022-11-18 13:06:06,474 [Listener at 127.0.0.1/39657] INFO  server.session (DefaultSessionIdManager.java:doStart(339)) - No SessionScavenger set, using defaults
2022-11-18 13:06:06,474 [Listener at 127.0.0.1/39657] INFO  server.session (HouseKeeper.java:startScavenging(132)) - node0 Scavenging every 660000ms
2022-11-18 13:06:06,475 [Listener at 127.0.0.1/39657] INFO  handler.ContextHandler (ContextHandler.java:doStart(921)) - Started o.e.j.s.ServletContextHandler@4f278908{logs,/logs,file:///home/runner/work/ozone/ozone/hadoop-ozone/integration-test/target/log,AVAILABLE}
2022-11-18 13:06:06,475 [Listener at 127.0.0.1/39657] INFO  handler.ContextHandler (ContextHandler.java:doStart(921)) - Started o.e.j.s.ServletContextHandler@5da58678{static,/static,jar:file:/home/runner/.m2/repository/org/apache/ozone/hdds-container-service/1.3.0-SNAPSHOT/hdds-container-service-1.3.0-SNAPSHOT.jar!/webapps/static,AVAILABLE}
2022-11-18 13:06:06,487 [Under Replicated Processor] INFO  replication.UnderReplicatedProcessor (UnderReplicatedProcessor.java:processAll(92)) - Processed 0 under replicated containers, failed processing 0
2022-11-18 13:06:06,487 [Over Replicated Processor] INFO  replication.OverReplicatedProcessor (OverReplicatedProcessor.java:processAll(90)) - Processed 0 over replicated containers, failed processing 0
2022-11-18 13:06:06,488 [ReplicationMonitor] INFO  replication.ReplicationManager (ReplicationManager.java:processAll(352)) - Replication Monitor Thread took 1 milliseconds for processing 0 containers.
2022-11-18 13:06:06,536 [DatanodeAdminManager-0] INFO  node.DatanodeAdminMonitorImpl (DatanodeAdminMonitorImpl.java:checkContainersReplicatedOnNode(377)) - cb27b585-024b-4029-854c-b46b41cc55c7{ip: 10.1.0.56, host: fv-az180-400.aibneqh1mxpuhl3tnnuy2ifbce.bx.internal.cloudapp.net, ports: [REPLICATION=34641, RATIS=45595, RATIS_ADMIN=45595, RATIS_SERVER=45595, STANDALONE=37703], networkLocation: /default-rack, certSerialId: null, persistedOpState: ENTERING_MAINTENANCE, persistedOpStateExpiryEpochSec: 0} has 3 sufficientlyReplicated, 0 underReplicated and 0 unhealthy containers
2022-11-18 13:06:06,537 [DatanodeAdminManager-0] INFO  node.DatanodeAdminMonitorImpl (DatanodeAdminMonitorImpl.java:putIntoMaintenance(421)) - Datanode cb27b585-024b-4029-854c-b46b41cc55c7{ip: 10.1.0.56, host: fv-az180-400.aibneqh1mxpuhl3tnnuy2ifbce.bx.internal.cloudapp.net, ports: [REPLICATION=34641, RATIS=45595, RATIS_ADMIN=45595, RATIS_SERVER=45595, STANDALONE=37703], networkLocation: /default-rack, certSerialId: null, persistedOpState: ENTERING_MAINTENANCE, persistedOpStateExpiryEpochSec: 0} has entered maintenance
2022-11-18 13:06:06,537 [DatanodeAdminManager-0] INFO  node.DatanodeAdminMonitorImpl (DatanodeAdminMonitorImpl.java:run(169)) - There are 1 nodes tracked for decommission and maintenance.  0 pending nodes.
2022-11-18 13:06:06,537 [EventQueue-HealthyReadonlyToHealthyNodeForReadOnlyHealthyToHealthyNodeHandler] INFO  node.ReadOnlyHealthyToHealthyNodeHandler (ReadOnlyHealthyToHealthyNodeHandler.java:onMessage(51)) - Datanode cb27b585-024b-4029-854c-b46b41cc55c7{ip: 10.1.0.56, host: fv-az180-400.aibneqh1mxpuhl3tnnuy2ifbce.bx.internal.cloudapp.net, ports: [REPLICATION=34641, RATIS=45595, RATIS_ADMIN=45595, RATIS_SERVER=45595, STANDALONE=37703], networkLocation: /default-rack, certSerialId: null, persistedOpState: ENTERING_MAINTENANCE, persistedOpStateExpiryEpochSec: 0} moved to HEALTHY state.
2022-11-18 13:06:06,537 [EventQueue-HealthyReadonlyToHealthyNodeForReadOnlyHealthyToHealthyNodeHandler] INFO  pipeline.BackgroundPipelineCreator (BackgroundPipelineCreator.java:notifyEventTriggered(276)) - trigger a one-shot run on RatisPipelineUtilsThread.
2022-11-18 13:06:06,537 [RatisPipelineUtilsThread - 0] INFO  pipeline.RatisPipelineProvider (RatisPipelineProvider.java:lambda$create$0(195)) - Sending CreatePipelineCommand for pipeline:PipelineID=eb5d11c1-c61d-418b-a25f-ae848d27c9f4 to datanode:4e9d01e2-99f3-4323-a596-366f46fa44e1
2022-11-18 13:06:06,537 [RatisPipelineUtilsThread - 0] INFO  pipeline.RatisPipelineProvider (RatisPipelineProvider.java:lambda$create$0(195)) - Sending CreatePipelineCommand for pipeline:PipelineID=eb5d11c1-c61d-418b-a25f-ae848d27c9f4 to datanode:62944fc1-681b-46bd-93f7-2482762a7b31
2022-11-18 13:06:06,537 [RatisPipelineUtilsThread - 0] INFO  pipeline.RatisPipelineProvider (RatisPipelineProvider.java:lambda$create$0(195)) - Sending CreatePipelineCommand for pipeline:PipelineID=eb5d11c1-c61d-418b-a25f-ae848d27c9f4 to datanode:277e5bbd-414d-4f19-87c3-552c8f153d3d
2022-11-18 13:06:06,538 [RatisPipelineUtilsThread - 0] INFO  pipeline.PipelineStateManagerImpl (PipelineStateManagerImpl.java:addPipeline(103)) - Created pipeline Pipeline[ Id: eb5d11c1-c61d-418b-a25f-ae848d27c9f4, Nodes: 4e9d01e2-99f3-4323-a596-366f46fa44e1{ip: 10.1.0.56, host: fv-az180-400.aibneqh1mxpuhl3tnnuy2ifbce.bx.internal.cloudapp.net, ports: [REPLICATION=35349, RATIS=45787, RATIS_ADMIN=45787, RATIS_SERVER=45787, STANDALONE=45767], networkLocation: /default-rack, certSerialId: null, persistedOpState: IN_SERVICE, persistedOpStateExpiryEpochSec: 0}62944fc1-681b-46bd-93f7-2482762a7b31{ip: 10.1.0.56, host: fv-az180-400.aibneqh1mxpuhl3tnnuy2ifbce.bx.internal.cloudapp.net, ports: [REPLICATION=41933, RATIS=38905, RATIS_ADMIN=38905, RATIS_SERVER=38905, STANDALONE=35895], networkLocation: /default-rack, certSerialId: null, persistedOpState: IN_SERVICE, persistedOpStateExpiryEpochSec: 0}277e5bbd-414d-4f19-87c3-552c8f153d3d{ip: 10.1.0.56, host: fv-az180-400.aibneqh1mxpuhl3tnnuy2ifbce.bx.internal.cloudapp.net, ports: [REPLICATION=34679, RATIS=43003, RATIS_ADMIN=43003, RATIS_SERVER=43003, STANDALONE=43927], networkLocation: /default-rack, certSerialId: null, persistedOpState: IN_SERVICE, persistedOpStateExpiryEpochSec: 0}, ReplicationConfig: RATIS/THREE, State:ALLOCATED, leaderId:, CreationTimestamp2022-11-18T13:06:06.537Z[Etc/UTC]].
2022-11-18 13:06:06,552 [IPC Server handler 4 on default port 36157] INFO  node.SCMNodeManager (SCMNodeManager.java:updateDatanodeOpState(545)) - Scheduling a command to update the operationalState persisted on cb27b585-024b-4029-854c-b46b41cc55c7{ip: 10.1.0.56, host: fv-az180-400.aibneqh1mxpuhl3tnnuy2ifbce.bx.internal.cloudapp.net, ports: [REPLICATION=34641, RATIS=45595, RATIS_ADMIN=45595, RATIS_SERVER=45595, STANDALONE=37703], networkLocation: /default-rack, certSerialId: null, persistedOpState: ENTERING_MAINTENANCE, persistedOpStateExpiryEpochSec: 0} as the reported value does not match the value stored in SCM (IN_MAINTENANCE, 0)
2022-11-18 13:06:06,605 [Over Replicated Processor] INFO  replication.OverReplicatedProcessor (OverReplicatedProcessor.java:processAll(90)) - Processed 0 over replicated containers, failed processing 0
2022-11-18 13:06:06,606 [Under Replicated Processor] INFO  replication.UnderReplicatedProcessor (UnderReplicatedProcessor.java:processAll(92)) - Processed 0 under replicated containers, failed processing 0
2022-11-18 13:06:06,614 [ReplicationMonitor] INFO  replication.LegacyReplicationManager (LegacyReplicationManager.java:forceCloseContainer(1107)) - Force closing container #1 with BCSID 38, which is in QUASI_CLOSED state.
2022-11-18 13:06:06,614 [ReplicationMonitor] INFO  replication.LegacyReplicationManager (LegacyReplicationManager.java:sendCloseCommand(1511)) - Sending close container command for container #1 to datanode cb27b585-024b-4029-854c-b46b41cc55c7{ip: 10.1.0.56, host: fv-az180-400.aibneqh1mxpuhl3tnnuy2ifbce.bx.internal.cloudapp.net, ports: [REPLICATION=34641, RATIS=45595, RATIS_ADMIN=45595, RATIS_SERVER=45595, STANDALONE=37703], networkLocation: /default-rack, certSerialId: null, persistedOpState: ENTERING_MAINTENANCE, persistedOpStateExpiryEpochSec: 0}.
2022-11-18 13:06:06,614 [ReplicationMonitor] INFO  replication.LegacyReplicationManager (LegacyReplicationManager.java:sendCloseCommand(1511)) - Sending close container command for container #1 to datanode 277e5bbd-414d-4f19-87c3-552c8f153d3d{ip: 10.1.0.56, host: fv-az180-400.aibneqh1mxpuhl3tnnuy2ifbce.bx.internal.cloudapp.net, ports: [REPLICATION=34679, RATIS=43003, RATIS_ADMIN=43003, RATIS_SERVER=43003, STANDALONE=43927], networkLocation: /default-rack, certSerialId: null, persistedOpState: IN_SERVICE, persistedOpStateExpiryEpochSec: 0}.
2022-11-18 13:06:06,614 [ReplicationMonitor] INFO  replication.LegacyReplicationManager (LegacyReplicationManager.java:sendCloseCommand(1511)) - Sending close container command for container #1 to datanode 62944fc1-681b-46bd-93f7-2482762a7b31{ip: 10.1.0.56, host: fv-az180-400.aibneqh1mxpuhl3tnnuy2ifbce.bx.internal.cloudapp.net, ports: [REPLICATION=41933, RATIS=38905, RATIS_ADMIN=38905, RATIS_SERVER=38905, STANDALONE=35895], networkLocation: /default-rack, certSerialId: null, persistedOpState: IN_SERVICE, persistedOpStateExpiryEpochSec: 0}.
2022-11-18 13:06:06,614 [ReplicationMonitor] INFO  replication.LegacyReplicationManager (LegacyReplicationManager.java:forceCloseContainer(1107)) - Force closing container #5 with BCSID 30, which is in QUASI_CLOSED state.
2022-11-18 13:06:06,614 [ReplicationMonitor] INFO  replication.LegacyReplicationManager (LegacyReplicationManager.java:sendCloseCommand(1511)) - Sending close container command for container #5 to datanode 62944fc1-681b-46bd-93f7-2482762a7b31{ip: 10.1.0.56, host: fv-az180-400.aibneqh1mxpuhl3tnnuy2ifbce.bx.internal.cloudapp.net, ports: [REPLICATION=41933, RATIS=38905, RATIS_ADMIN=38905, RATIS_SERVER=38905, STANDALONE=35895], networkLocation: /default-rack, certSerialId: null, persistedOpState: IN_SERVICE, persistedOpStateExpiryEpochSec: 0}.
2022-11-18 13:06:06,614 [ReplicationMonitor] INFO  replication.LegacyReplicationManager (LegacyReplicationManager.java:sendCloseCommand(1511)) - Sending close container command for container #5 to datanode cb27b585-024b-4029-854c-b46b41cc55c7{ip: 10.1.0.56, host: fv-az180-400.aibneqh1mxpuhl3tnnuy2ifbce.bx.internal.cloudapp.net, ports: [REPLICATION=34641, RATIS=45595, RATIS_ADMIN=45595, RATIS_SERVER=45595, STANDALONE=37703], networkLocation: /default-rack, certSerialId: null, persistedOpState: ENTERING_MAINTENANCE, persistedOpStateExpiryEpochSec: 0}.
2022-11-18 13:06:06,614 [ReplicationMonitor] INFO  replication.LegacyReplicationManager (LegacyReplicationManager.java:sendCloseCommand(1511)) - Sending close container command for container #5 to datanode 277e5bbd-414d-4f19-87c3-552c8f153d3d{ip: 10.1.0.56, host: fv-az180-400.aibneqh1mxpuhl3tnnuy2ifbce.bx.internal.cloudapp.net, ports: [REPLICATION=34679, RATIS=43003, RATIS_ADMIN=43003, RATIS_SERVER=43003, STANDALONE=43927], networkLocation: /default-rack, certSerialId: null, persistedOpState: IN_SERVICE, persistedOpStateExpiryEpochSec: 0}.
2022-11-18 13:06:06,614 [ReplicationMonitor] INFO  replication.LegacyReplicationManager (LegacyReplicationManager.java:forceCloseContainer(1107)) - Force closing container #6 with BCSID 34, which is in QUASI_CLOSED state.
2022-11-18 13:06:06,614 [ReplicationMonitor] INFO  replication.LegacyReplicationManager (LegacyReplicationManager.java:sendCloseCommand(1511)) - Sending close container command for container #6 to datanode cb27b585-024b-4029-854c-b46b41cc55c7{ip: 10.1.0.56, host: fv-az180-400.aibneqh1mxpuhl3tnnuy2ifbce.bx.internal.cloudapp.net, ports: [REPLICATION=34641, RATIS=45595, RATIS_ADMIN=45595, RATIS_SERVER=45595, STANDALONE=37703], networkLocation: /default-rack, certSerialId: null, persistedOpState: ENTERING_MAINTENANCE, persistedOpStateExpiryEpochSec: 0}.
2022-11-18 13:06:06,614 [ReplicationMonitor] INFO  replication.LegacyReplicationManager (LegacyReplicationManager.java:sendCloseCommand(1511)) - Sending close container command for container #6 to datanode 277e5bbd-414d-4f19-87c3-552c8f153d3d{ip: 10.1.0.56, host: fv-az180-400.aibneqh1mxpuhl3tnnuy2ifbce.bx.internal.cloudapp.net, ports: [REPLICATION=34679, RATIS=43003, RATIS_ADMIN=43003, RATIS_SERVER=43003, STANDALONE=43927], networkLocation: /default-rack, certSerialId: null, persistedOpState: IN_SERVICE, persistedOpStateExpiryEpochSec: 0}.
2022-11-18 13:06:06,614 [ReplicationMonitor] INFO  replication.LegacyReplicationManager (LegacyReplicationManager.java:sendCloseCommand(1511)) - Sending close container command for container #6 to datanode 62944fc1-681b-46bd-93f7-2482762a7b31{ip: 10.1.0.56, host: fv-az180-400.aibneqh1mxpuhl3tnnuy2ifbce.bx.internal.cloudapp.net, ports: [REPLICATION=41933, RATIS=38905, RATIS_ADMIN=38905, RATIS_SERVER=38905, STANDALONE=35895], networkLocation: /default-rack, certSerialId: null, persistedOpState: IN_SERVICE, persistedOpStateExpiryEpochSec: 0}.
2022-11-18 13:06:06,614 [ReplicationMonitor] INFO  replication.ReplicationManager (ReplicationManager.java:processAll(352)) - Replication Monitor Thread took 1 milliseconds for processing 6 containers.
2022-11-18 13:06:06,621 [EndpointStateMachine task thread for /0.0.0.0:40433 - 0 ] INFO  utils.DatanodeStoreCache (DatanodeStoreCache.java:addDB(58)) - Added db /home/runner/work/ozone/ozone/hadoop-ozone/integration-test/target/test-dir/MiniOzoneClusterImpl-d3d67884-f8de-446f-8121-b5603e1f9142/datanode-1/data-0/containers/hdds/d3d67884-f8de-446f-8121-b5603e1f9142/DS-94568a5a-d936-4de1-8212-2543eca0efa4/container.db to cache
2022-11-18 13:06:06,621 [EndpointStateMachine task thread for /0.0.0.0:40433 - 0 ] INFO  volume.HddsVolume (HddsVolume.java:createDbStore(307)) - SchemaV3 db is created and loaded at /home/runner/work/ozone/ozone/hadoop-ozone/integration-test/target/test-dir/MiniOzoneClusterImpl-d3d67884-f8de-446f-8121-b5603e1f9142/datanode-1/data-0/containers/hdds/d3d67884-f8de-446f-8121-b5603e1f9142/DS-94568a5a-d936-4de1-8212-2543eca0efa4/container.db for volume DS-94568a5a-d936-4de1-8212-2543eca0efa4
2022-11-18 13:06:06,621 [EndpointStateMachine task thread for /0.0.0.0:40433 - 0 ] INFO  ozoneimpl.OzoneContainer (OzoneContainer.java:start(395)) - Attempting to start container services.
2022-11-18 13:06:06,621 [EndpointStateMachine task thread for /0.0.0.0:40433 - 0 ] INFO  ozoneimpl.OzoneContainer (OzoneContainer.java:startContainerScrub(312)) - Scheduled background container scanners and the on-demand container scanner have been disabled.
2022-11-18 13:06:06,632 [EndpointStateMachine task thread for /0.0.0.0:40433 - 0 ] INFO  replication.ReplicationServer (ReplicationServer.java:start(111)) - ReplicationServer is started using port 44127
2022-11-18 13:06:06,635 [EndpointStateMachine task thread for /0.0.0.0:40433 - 0 ] INFO  ratis.XceiverServerRatis (XceiverServerRatis.java:start(481)) - Starting XceiverServerRatis ec62b457-0040-4e07-85ab-e1dde9d29779
2022-11-18 13:06:06,642 [EndpointStateMachine task thread for /0.0.0.0:40433 - 0 ] INFO  server.RaftServer (RaftServerProxy.java:startImpl(393)) - ec62b457-0040-4e07-85ab-e1dde9d29779: start RPC server
2022-11-18 13:06:06,642 [EndpointStateMachine task thread for /0.0.0.0:40433 - 0 ] INFO  server.GrpcService (GrpcService.java:startImpl(270)) - ec62b457-0040-4e07-85ab-e1dde9d29779: GrpcService started, listening on 46203
2022-11-18 13:06:06,642 [EndpointStateMachine task thread for /0.0.0.0:40433 - 0 ] INFO  ratis.XceiverServerRatis (XceiverServerRatis.java:getRealPort(502)) - XceiverServerRatis ec62b457-0040-4e07-85ab-e1dde9d29779 is started using port 46203 for RATIS
2022-11-18 13:06:06,642 [EndpointStateMachine task thread for /0.0.0.0:40433 - 0 ] INFO  ratis.XceiverServerRatis (XceiverServerRatis.java:getRealPort(502)) - XceiverServerRatis ec62b457-0040-4e07-85ab-e1dde9d29779 is started using port 46203 for RATIS_ADMIN
2022-11-18 13:06:06,642 [EndpointStateMachine task thread for /0.0.0.0:40433 - 0 ] INFO  ratis.XceiverServerRatis (XceiverServerRatis.java:getRealPort(502)) - XceiverServerRatis ec62b457-0040-4e07-85ab-e1dde9d29779 is started using port 46203 for RATIS_SERVER
2022-11-18 13:06:06,642 [JvmPauseMonitor53] INFO  util.JvmPauseMonitor (JvmPauseMonitor.java:run(105)) - JvmPauseMonitor-ec62b457-0040-4e07-85ab-e1dde9d29779: Started
2022-11-18 13:06:06,644 [EventQueue-StaleNodeForStaleNodeHandler] INFO  node.StaleNodeHandler (StaleNodeHandler.java:onMessage(59)) - Datanode a36f0c9e-34c7-41e1-90e2-5c691522fdfd{ip: 10.1.0.56, host: fv-az180-400.aibneqh1mxpuhl3tnnuy2ifbce.bx.internal.cloudapp.net, ports: [REPLICATION=43001, RATIS=35103, RATIS_ADMIN=35103, RATIS_SERVER=35103, STANDALONE=34509], networkLocation: /default-rack, certSerialId: null, persistedOpState: IN_SERVICE, persistedOpStateExpiryEpochSec: 0} moved to stale state. Finalizing its pipelines [PipelineID=05f7329f-f5ab-4486-95f2-025e2fe377db, PipelineID=2ba9d191-44fb-4ca4-9325-8cdf9da4bd81, PipelineID=1b4ee199-afa5-4e00-a6d4-ba6009f7b1ab]
2022-11-18 13:06:06,644 [EventQueue-StaleNodeForStaleNodeHandler] INFO  pipeline.PipelineManagerImpl (PipelineManagerImpl.java:closePipeline(442)) - Pipeline Pipeline[ Id: 2ba9d191-44fb-4ca4-9325-8cdf9da4bd81, Nodes: a36f0c9e-34c7-41e1-90e2-5c691522fdfd{ip: 10.1.0.56, host: fv-az180-400.aibneqh1mxpuhl3tnnuy2ifbce.bx.internal.cloudapp.net, ports: [REPLICATION=43001, RATIS=35103, RATIS_ADMIN=35103, RATIS_SERVER=35103, STANDALONE=34509], networkLocation: /default-rack, certSerialId: null, persistedOpState: IN_SERVICE, persistedOpStateExpiryEpochSec: 0}, ReplicationConfig: RATIS/ONE, State:OPEN, leaderId:a36f0c9e-34c7-41e1-90e2-5c691522fdfd, CreationTimestamp2022-11-18T13:04:39.041Z[Etc/UTC]] moved to CLOSED state
2022-11-18 13:06:06,645 [EndpointStateMachine task thread for /0.0.0.0:40433 - 0 ] INFO  server.XceiverServerGrpc (XceiverServerGrpc.java:start(180)) - XceiverServerGrpc ec62b457-0040-4e07-85ab-e1dde9d29779 is started using port 45629
2022-11-18 13:06:06,652 [Command processor thread] INFO  keyvalue.KeyValueContainer (KeyValueContainer.java:flushAndSyncDB(437)) - Container 11 is synced with bcsId 0.
2022-11-18 13:06:06,652 [Command processor thread] INFO  keyvalue.KeyValueContainer (KeyValueContainer.java:flushAndSyncDB(437)) - Container 11 is synced with bcsId 0.
2022-11-18 13:06:06,654 [Command processor thread] INFO  keyvalue.KeyValueContainer (KeyValueContainer.java:close(352)) - Container 11 is closed with bcsId 0.
2022-11-18 13:06:06,692 [Listener at 127.0.0.1/39657] INFO  handler.ContextHandler (ContextHandler.java:doStart(921)) - Started o.e.j.w.WebAppContext@25e96f85{hddsDatanode,/,file:///tmp/jetty-0_0_0_0-36997-hdds-container-service-1_3_0-SNAPSHOT_jar-_-any-918427144743128238/webapp/,AVAILABLE}{jar:file:/home/runner/.m2/repository/org/apache/ozone/hdds-container-service/1.3.0-SNAPSHOT/hdds-container-service-1.3.0-SNAPSHOT.jar!/webapps/hddsDatanode}
2022-11-18 13:06:06,696 [Listener at 127.0.0.1/39657] INFO  server.AbstractConnector (AbstractConnector.java:doStart(333)) - Started ServerConnector@527600aa{HTTP/1.1, (http/1.1)}{0.0.0.0:36997}
2022-11-18 13:06:06,696 [Listener at 127.0.0.1/39657] INFO  server.Server (Server.java:doStart(415)) - Started @160189ms
2022-11-18 13:06:06,696 [Listener at 127.0.0.1/39657] WARN  impl.MetricsSystemImpl (MetricsSystemImpl.java:register(279)) - Sink prometheus already exists!
2022-11-18 13:06:06,696 [Listener at 127.0.0.1/39657] INFO  http.BaseHttpServer (BaseHttpServer.java:updateConnectorAddress(333)) - HTTP server of hddsDatanode listening at http://0.0.0.0:36997
2022-11-18 13:06:06,697 [Listener at 127.0.0.1/39657] INFO  ozone.MiniOzoneClusterImpl (MiniOzoneClusterImpl.java:lambda$waitForClusterToBeReady$0(216)) - Waiting for nodes to be ready. Got 0 of 7 DN Heartbeats.
2022-11-18 13:06:06,697 [Listener at 127.0.0.1/39657] INFO  ozone.MiniOzoneClusterImpl (MiniOzoneClusterImpl.java:lambda$waitForClusterToBeReady$0(219)) - Waiting for cluster to exit safe mode
2022-11-18 13:06:06,697 [Listener at 127.0.0.1/39657] INFO  ozone.MiniOzoneClusterImpl (MiniOzoneClusterImpl.java:lambda$waitForClusterToBeReady$0(221)) - SCM became leader
2022-11-18 13:06:06,700 [Datanode State Machine Daemon Thread] INFO  statemachine.DatanodeStateMachine (DatanodeStateMachine.java:lambda$startDaemon$0(505)) - Ozone container server started.
2022-11-18 13:06:06,704 [org.apache.hadoop.util.JvmPauseMonitor$Monitor@4f42d133] INFO  util.JvmPauseMonitor (JvmPauseMonitor.java:run(188)) - Starting JVM pause monitor
2022-11-18 13:06:06,706 [Datanode State Machine Task Thread - 0] INFO  datanode.InitDatanodeState (InitDatanodeState.java:persistContainerDatanodeDetails(138)) - DatanodeDetails is persisted to /home/runner/work/ozone/ozone/hadoop-ozone/integration-test/target/test-dir/MiniOzoneClusterImpl-d3d67884-f8de-446f-8121-b5603e1f9142/datanode-6/meta/datanode.id
2022-11-18 13:06:06,743 [EventQueue-DeadNodeForDeadNodeHandler] INFO  node.DeadNodeHandler (DeadNodeHandler.java:onMessage(81)) - A dead datanode is detected. 4e1bc70a-c48e-454c-859f-0f8175dd606b{ip: 10.1.0.56, host: fv-az180-400.aibneqh1mxpuhl3tnnuy2ifbce.bx.internal.cloudapp.net, ports: [REPLICATION=44557, RATIS=45923, RATIS_ADMIN=45923, RATIS_SERVER=45923, STANDALONE=33695], networkLocation: /default-rack, certSerialId: null, persistedOpState: IN_SERVICE, persistedOpStateExpiryEpochSec: 0}
2022-11-18 13:06:06,744 [EventQueue-DeadNodeForDeadNodeHandler] INFO  pipeline.RatisPipelineProvider (RatisPipelineProvider.java:lambda$close$1(244)) - Send pipeline:PipelineID=987bfd91-93c2-4138-bf7b-432f6faa761e close command to datanode 4e1bc70a-c48e-454c-859f-0f8175dd606b
2022-11-18 13:06:06,744 [EventQueue-DeadNodeForDeadNodeHandler] INFO  pipeline.PipelineStateManagerImpl (PipelineStateManagerImpl.java:removePipeline(245)) - Pipeline Pipeline[ Id: 987bfd91-93c2-4138-bf7b-432f6faa761e, Nodes: 4e1bc70a-c48e-454c-859f-0f8175dd606b{ip: 10.1.0.56, host: fv-az180-400.aibneqh1mxpuhl3tnnuy2ifbce.bx.internal.cloudapp.net, ports: [REPLICATION=44557, RATIS=45923, RATIS_ADMIN=45923, RATIS_SERVER=45923, STANDALONE=33695], networkLocation: /default-rack, certSerialId: null, persistedOpState: IN_SERVICE, persistedOpStateExpiryEpochSec: 0}, ReplicationConfig: RATIS/ONE, State:CLOSED, leaderId:4e1bc70a-c48e-454c-859f-0f8175dd606b, CreationTimestamp2022-11-18T13:04:38.760Z[Etc/UTC]] removed.
2022-11-18 13:06:06,744 [EventQueue-DeadNodeForDeadNodeHandler] INFO  pipeline.RatisPipelineProvider (RatisPipelineProvider.java:lambda$close$1(244)) - Send pipeline:PipelineID=05f7329f-f5ab-4486-95f2-025e2fe377db close command to datanode 1bb9cbb4-eec0-4324-8de7-fca776b53f2b
2022-11-18 13:06:06,744 [EventQueue-DeadNodeForDeadNodeHandler] INFO  pipeline.RatisPipelineProvider (RatisPipelineProvider.java:lambda$close$1(244)) - Send pipeline:PipelineID=05f7329f-f5ab-4486-95f2-025e2fe377db close command to datanode a36f0c9e-34c7-41e1-90e2-5c691522fdfd
2022-11-18 13:06:06,744 [EventQueue-DeadNodeForDeadNodeHandler] INFO  pipeline.RatisPipelineProvider (RatisPipelineProvider.java:lambda$close$1(244)) - Send pipeline:PipelineID=05f7329f-f5ab-4486-95f2-025e2fe377db close command to datanode 4e1bc70a-c48e-454c-859f-0f8175dd606b
2022-11-18 13:06:06,745 [EventQueue-DeadNodeForDeadNodeHandler] INFO  pipeline.PipelineStateManagerImpl (PipelineStateManagerImpl.java:removePipeline(245)) - Pipeline Pipeline[ Id: 05f7329f-f5ab-4486-95f2-025e2fe377db, Nodes: 1bb9cbb4-eec0-4324-8de7-fca776b53f2b{ip: 10.1.0.56, host: fv-az180-400.aibneqh1mxpuhl3tnnuy2ifbce.bx.internal.cloudapp.net, ports: [REPLICATION=45141, RATIS=44667, RATIS_ADMIN=44667, RATIS_SERVER=44667, STANDALONE=45879], networkLocation: /default-rack, certSerialId: null, persistedOpState: IN_SERVICE, persistedOpStateExpiryEpochSec: 0}a36f0c9e-34c7-41e1-90e2-5c691522fdfd{ip: 10.1.0.56, host: fv-az180-400.aibneqh1mxpuhl3tnnuy2ifbce.bx.internal.cloudapp.net, ports: [REPLICATION=43001, RATIS=35103, RATIS_ADMIN=35103, RATIS_SERVER=35103, STANDALONE=34509], networkLocation: /default-rack, certSerialId: null, persistedOpState: IN_SERVICE, persistedOpStateExpiryEpochSec: 0}4e1bc70a-c48e-454c-859f-0f8175dd606b{ip: 10.1.0.56, host: fv-az180-400.aibneqh1mxpuhl3tnnuy2ifbce.bx.internal.cloudapp.net, ports: [REPLICATION=44557, RATIS=45923, RATIS_ADMIN=45923, RATIS_SERVER=45923, STANDALONE=33695], networkLocation: /default-rack, certSerialId: null, persistedOpState: IN_SERVICE, persistedOpStateExpiryEpochSec: 0}, ReplicationConfig: RATIS/THREE, State:CLOSED, leaderId:a36f0c9e-34c7-41e1-90e2-5c691522fdfd, CreationTimestamp2022-11-18T13:04:39.042Z[Etc/UTC]] removed.
2022-11-18 13:06:06,745 [EventQueue-DeadNodeForDeadNodeHandler] INFO  pipeline.PipelineStateManagerImpl (PipelineStateManagerImpl.java:removePipeline(245)) - Pipeline Pipeline[ Id: 1b4ee199-afa5-4e00-a6d4-ba6009f7b1ab, Nodes: 961e98b4-0515-4e33-9a5e-b87989e0967c{ip: 10.1.0.56, host: fv-az180-400.aibneqh1mxpuhl3tnnuy2ifbce.bx.internal.cloudapp.net, ports: [REPLICATION=32803, RATIS=45547, RATIS_ADMIN=45547, RATIS_SERVER=45547, STANDALONE=33243], networkLocation: /default-rack, certSerialId: null, persistedOpState: null, persistedOpStateExpiryEpochSec: 0}a36f0c9e-34c7-41e1-90e2-5c691522fdfd{ip: 10.1.0.56, host: fv-az180-400.aibneqh1mxpuhl3tnnuy2ifbce.bx.internal.cloudapp.net, ports: [REPLICATION=43001, RATIS=35103, RATIS_ADMIN=35103, RATIS_SERVER=35103, STANDALONE=34509], networkLocation: /default-rack, certSerialId: null, persistedOpState: null, persistedOpStateExpiryEpochSec: 0}1bb9cbb4-eec0-4324-8de7-fca776b53f2b{ip: 10.1.0.56, host: fv-az180-400.aibneqh1mxpuhl3tnnuy2ifbce.bx.internal.cloudapp.net, ports: [REPLICATION=45141, RATIS=44667, RATIS_ADMIN=44667, RATIS_SERVER=44667, STANDALONE=45879], networkLocation: /default-rack, certSerialId: null, persistedOpState: null, persistedOpStateExpiryEpochSec: 0}8ad84362-fca3-4a94-b029-55aaea538166{ip: 10.1.0.56, host: fv-az180-400.aibneqh1mxpuhl3tnnuy2ifbce.bx.internal.cloudapp.net, ports: [REPLICATION=45785, RATIS=38939, RATIS_ADMIN=38939, RATIS_SERVER=38939, STANDALONE=38791], networkLocation: /default-rack, certSerialId: null, persistedOpState: null, persistedOpStateExpiryEpochSec: 0}4e1bc70a-c48e-454c-859f-0f8175dd606b{ip: 10.1.0.56, host: fv-az180-400.aibneqh1mxpuhl3tnnuy2ifbce.bx.internal.cloudapp.net, ports: [REPLICATION=44557, RATIS=45923, RATIS_ADMIN=45923, RATIS_SERVER=45923, STANDALONE=33695], networkLocation: /default-rack, certSerialId: null, persistedOpState: null, persistedOpStateExpiryEpochSec: 0}, ReplicationConfig: EC/ECReplicationConfig{data=3, parity=2, ecChunkSize=1048576, codec=rs}, State:CLOSED, leaderId:, CreationTimestamp2022-11-18T13:05:29.255Z[Etc/UTC]] removed.
2022-11-18 13:06:06,745 [EventQueue-DeadNodeForDeadNodeHandler] INFO  net.NetworkTopologyImpl (NetworkTopologyImpl.java:remove(190)) - Removed a node: /default-rack/4e1bc70a-c48e-454c-859f-0f8175dd606b
2022-11-18 13:06:06,837 [ReplicationMonitor] INFO  replication.ReplicationManager (ReplicationManager.java:processAll(319)) - Replication Manager is not ready to run until 3000ms after safemode exit
2022-11-18 13:06:07,098 [EndpointStateMachine task thread for /0.0.0.0:40433 - 0 ] INFO  utils.DatanodeStoreCache (DatanodeStoreCache.java:addDB(58)) - Added db /home/runner/work/ozone/ozone/hadoop-ozone/integration-test/target/test-dir/MiniOzoneClusterImpl-d3d67884-f8de-446f-8121-b5603e1f9142/datanode-2/data-0/containers/hdds/d3d67884-f8de-446f-8121-b5603e1f9142/DS-b784e660-b5e5-4f77-9ca2-8cda9a82cffa/container.db to cache
2022-11-18 13:06:07,098 [EndpointStateMachine task thread for /0.0.0.0:40433 - 0 ] INFO  volume.HddsVolume (HddsVolume.java:createDbStore(307)) - SchemaV3 db is created and loaded at /home/runner/work/ozone/ozone/hadoop-ozone/integration-test/target/test-dir/MiniOzoneClusterImpl-d3d67884-f8de-446f-8121-b5603e1f9142/datanode-2/data-0/containers/hdds/d3d67884-f8de-446f-8121-b5603e1f9142/DS-b784e660-b5e5-4f77-9ca2-8cda9a82cffa/container.db for volume DS-b784e660-b5e5-4f77-9ca2-8cda9a82cffa
2022-11-18 13:06:07,098 [EndpointStateMachine task thread for /0.0.0.0:40433 - 0 ] INFO  ozoneimpl.OzoneContainer (OzoneContainer.java:start(395)) - Attempting to start container services.
2022-11-18 13:06:07,098 [EndpointStateMachine task thread for /0.0.0.0:40433 - 0 ] INFO  ozoneimpl.OzoneContainer (OzoneContainer.java:startContainerScrub(312)) - Scheduled background container scanners and the on-demand container scanner have been disabled.
2022-11-18 13:06:07,099 [EndpointStateMachine task thread for /0.0.0.0:40433 - 0 ] INFO  replication.ReplicationServer (ReplicationServer.java:start(111)) - ReplicationServer is started using port 33143
2022-11-18 13:06:07,102 [EndpointStateMachine task thread for /0.0.0.0:40433 - 0 ] INFO  ratis.XceiverServerRatis (XceiverServerRatis.java:start(481)) - Starting XceiverServerRatis b56e85ee-8e41-41ba-8236-410d8ae83499
2022-11-18 13:06:07,106 [EndpointStateMachine task thread for /0.0.0.0:40433 - 0 ] INFO  server.RaftServer (RaftServerProxy.java:startImpl(393)) - b56e85ee-8e41-41ba-8236-410d8ae83499: start RPC server
2022-11-18 13:06:07,106 [EndpointStateMachine task thread for /0.0.0.0:40433 - 0 ] INFO  server.GrpcService (GrpcService.java:startImpl(270)) - b56e85ee-8e41-41ba-8236-410d8ae83499: GrpcService started, listening on 36407
2022-11-18 13:06:07,106 [EndpointStateMachine task thread for /0.0.0.0:40433 - 0 ] INFO  ratis.XceiverServerRatis (XceiverServerRatis.java:getRealPort(502)) - XceiverServerRatis b56e85ee-8e41-41ba-8236-410d8ae83499 is started using port 36407 for RATIS
2022-11-18 13:06:07,106 [EndpointStateMachine task thread for /0.0.0.0:40433 - 0 ] INFO  ratis.XceiverServerRatis (XceiverServerRatis.java:getRealPort(502)) - XceiverServerRatis b56e85ee-8e41-41ba-8236-410d8ae83499 is started using port 36407 for RATIS_ADMIN
2022-11-18 13:06:07,106 [EndpointStateMachine task thread for /0.0.0.0:40433 - 0 ] INFO  ratis.XceiverServerRatis (XceiverServerRatis.java:getRealPort(502)) - XceiverServerRatis b56e85ee-8e41-41ba-8236-410d8ae83499 is started using port 36407 for RATIS_SERVER
2022-11-18 13:06:07,106 [JvmPauseMonitor54] INFO  util.JvmPauseMonitor (JvmPauseMonitor.java:run(105)) - JvmPauseMonitor-b56e85ee-8e41-41ba-8236-410d8ae83499: Started
2022-11-18 13:06:07,107 [EndpointStateMachine task thread for /0.0.0.0:40433 - 0 ] INFO  server.XceiverServerGrpc (XceiverServerGrpc.java:start(180)) - XceiverServerGrpc b56e85ee-8e41-41ba-8236-410d8ae83499 is started using port 39211
2022-11-18 13:06:07,344 [EventQueue-DeadNodeForDeadNodeHandler] INFO  node.DeadNodeHandler (DeadNodeHandler.java:onMessage(81)) - A dead datanode is detected. ccd67ca7-a3a8-4455-90cd-311da5ba3a33{ip: 10.1.0.56, host: fv-az180-400.aibneqh1mxpuhl3tnnuy2ifbce.bx.internal.cloudapp.net, ports: [REPLICATION=33711, RATIS=46201, RATIS_ADMIN=46201, RATIS_SERVER=46201, STANDALONE=42547], networkLocation: /default-rack, certSerialId: null, persistedOpState: IN_SERVICE, persistedOpStateExpiryEpochSec: 0}
2022-11-18 13:06:07,344 [EventQueue-DeadNodeForDeadNodeHandler] INFO  pipeline.RatisPipelineProvider (RatisPipelineProvider.java:lambda$close$1(244)) - Send pipeline:PipelineID=27d9cc80-7357-400c-aa7e-0d9576af9d49 close command to datanode ccd67ca7-a3a8-4455-90cd-311da5ba3a33
2022-11-18 13:06:07,344 [EventQueue-DeadNodeForDeadNodeHandler] INFO  pipeline.PipelineStateManagerImpl (PipelineStateManagerImpl.java:removePipeline(245)) - Pipeline Pipeline[ Id: 27d9cc80-7357-400c-aa7e-0d9576af9d49, Nodes: ccd67ca7-a3a8-4455-90cd-311da5ba3a33{ip: 10.1.0.56, host: fv-az180-400.aibneqh1mxpuhl3tnnuy2ifbce.bx.internal.cloudapp.net, ports: [REPLICATION=33711, RATIS=46201, RATIS_ADMIN=46201, RATIS_SERVER=46201, STANDALONE=42547], networkLocation: /default-rack, certSerialId: null, persistedOpState: IN_MAINTENANCE, persistedOpStateExpiryEpochSec: 0}, ReplicationConfig: RATIS/ONE, State:CLOSED, leaderId:, CreationTimestamp2022-11-18T13:06:00.404Z[Etc/UTC]] removed.
2022-11-18 13:06:07,345 [EventQueue-DeadNodeForDeadNodeHandler] INFO  net.NetworkTopologyImpl (NetworkTopologyImpl.java:remove(190)) - Removed a node: /default-rack/ccd67ca7-a3a8-4455-90cd-311da5ba3a33
2022-11-18 13:06:07,438 [Under Replicated Processor] INFO  replication.UnderReplicatedProcessor (UnderReplicatedProcessor.java:processAll(92)) - Processed 0 under replicated containers, failed processing 0
2022-11-18 13:06:07,440 [Over Replicated Processor] INFO  replication.OverReplicatedProcessor (OverReplicatedProcessor.java:processAll(90)) - Processed 0 over replicated containers, failed processing 0
2022-11-18 13:06:07,447 [ReplicationMonitor] INFO  replication.LegacyReplicationManager (LegacyReplicationManager.java:handleUnderReplicatedContainer(1194)) - Container #2 is under replicated. Expected replica count is 3, but found 2.
2022-11-18 13:06:07,447 [ReplicationMonitor] INFO  replication.LegacyReplicationManager (LegacyReplicationManager.java:sendReplicateCommand(1558)) - Sending replicate container command for container #2 to datanode 1bb9cbb4-eec0-4324-8de7-fca776b53f2b{ip: 10.1.0.56, host: fv-az180-400.aibneqh1mxpuhl3tnnuy2ifbce.bx.internal.cloudapp.net, ports: [REPLICATION=45141, RATIS=44667, RATIS_ADMIN=44667, RATIS_SERVER=44667, STANDALONE=45879], networkLocation: /default-rack, certSerialId: null, persistedOpState: IN_SERVICE, persistedOpStateExpiryEpochSec: 0} from datanodes [8ad84362-fca3-4a94-b029-55aaea538166{ip: 10.1.0.56, host: fv-az180-400.aibneqh1mxpuhl3tnnuy2ifbce.bx.internal.cloudapp.net, ports: [REPLICATION=45785, RATIS=38939, RATIS_ADMIN=38939, RATIS_SERVER=38939, STANDALONE=38791], networkLocation: /default-rack, certSerialId: null, persistedOpState: IN_SERVICE, persistedOpStateExpiryEpochSec: 0}]
2022-11-18 13:06:07,447 [ReplicationMonitor] INFO  replication.LegacyReplicationManager (LegacyReplicationManager.java:sendCloseCommand(1511)) - Sending close container command for container #3 to datanode a36f0c9e-34c7-41e1-90e2-5c691522fdfd{ip: 10.1.0.56, host: fv-az180-400.aibneqh1mxpuhl3tnnuy2ifbce.bx.internal.cloudapp.net, ports: [REPLICATION=43001, RATIS=35103, RATIS_ADMIN=35103, RATIS_SERVER=35103, STANDALONE=34509], networkLocation: /default-rack, certSerialId: null, persistedOpState: IN_SERVICE, persistedOpStateExpiryEpochSec: 0}.
2022-11-18 13:06:07,447 [ReplicationMonitor] INFO  replication.LegacyReplicationManager (LegacyReplicationManager.java:sendCloseCommand(1511)) - Sending close container command for container #3 to datanode 1bb9cbb4-eec0-4324-8de7-fca776b53f2b{ip: 10.1.0.56, host: fv-az180-400.aibneqh1mxpuhl3tnnuy2ifbce.bx.internal.cloudapp.net, ports: [REPLICATION=45141, RATIS=44667, RATIS_ADMIN=44667, RATIS_SERVER=44667, STANDALONE=45879], networkLocation: /default-rack, certSerialId: null, persistedOpState: IN_SERVICE, persistedOpStateExpiryEpochSec: 0}.
2022-11-18 13:06:07,447 [ReplicationMonitor] INFO  replication.LegacyReplicationManager (LegacyReplicationManager.java:handleUnderReplicatedContainer(1194)) - Container #4 is under replicated. Expected replica count is 3, but found 2.
2022-11-18 13:06:07,447 [ReplicationMonitor] INFO  replication.LegacyReplicationManager (LegacyReplicationManager.java:sendReplicateCommand(1558)) - Sending replicate container command for container #4 to datanode 961e98b4-0515-4e33-9a5e-b87989e0967c{ip: 10.1.0.56, host: fv-az180-400.aibneqh1mxpuhl3tnnuy2ifbce.bx.internal.cloudapp.net, ports: [REPLICATION=32803, RATIS=45547, RATIS_ADMIN=45547, RATIS_SERVER=45547, STANDALONE=33243], networkLocation: /default-rack, certSerialId: null, persistedOpState: IN_SERVICE, persistedOpStateExpiryEpochSec: 0} from datanodes [8ad84362-fca3-4a94-b029-55aaea538166{ip: 10.1.0.56, host: fv-az180-400.aibneqh1mxpuhl3tnnuy2ifbce.bx.internal.cloudapp.net, ports: [REPLICATION=45785, RATIS=38939, RATIS_ADMIN=38939, RATIS_SERVER=38939, STANDALONE=38791], networkLocation: /default-rack, certSerialId: null, persistedOpState: IN_SERVICE, persistedOpStateExpiryEpochSec: 0}]
2022-11-18 13:06:07,447 [ReplicationMonitor] INFO  replication.LegacyReplicationManager (LegacyReplicationManager.java:sendCloseCommand(1511)) - Sending close container command for container #5 to datanode a36f0c9e-34c7-41e1-90e2-5c691522fdfd{ip: 10.1.0.56, host: fv-az180-400.aibneqh1mxpuhl3tnnuy2ifbce.bx.internal.cloudapp.net, ports: [REPLICATION=43001, RATIS=35103, RATIS_ADMIN=35103, RATIS_SERVER=35103, STANDALONE=34509], networkLocation: /default-rack, certSerialId: null, persistedOpState: IN_SERVICE, persistedOpStateExpiryEpochSec: 0}.
2022-11-18 13:06:07,447 [ReplicationMonitor] INFO  replication.LegacyReplicationManager (LegacyReplicationManager.java:sendCloseCommand(1511)) - Sending close container command for container #5 to datanode 1bb9cbb4-eec0-4324-8de7-fca776b53f2b{ip: 10.1.0.56, host: fv-az180-400.aibneqh1mxpuhl3tnnuy2ifbce.bx.internal.cloudapp.net, ports: [REPLICATION=45141, RATIS=44667, RATIS_ADMIN=44667, RATIS_SERVER=44667, STANDALONE=45879], networkLocation: /default-rack, certSerialId: null, persistedOpState: IN_SERVICE, persistedOpStateExpiryEpochSec: 0}.
2022-11-18 13:06:07,447 [ReplicationMonitor] INFO  replication.LegacyReplicationManager (LegacyReplicationManager.java:sendCloseCommand(1511)) - Sending close container command for container #6 to datanode 1bb9cbb4-eec0-4324-8de7-fca776b53f2b{ip: 10.1.0.56, host: fv-az180-400.aibneqh1mxpuhl3tnnuy2ifbce.bx.internal.cloudapp.net, ports: [REPLICATION=45141, RATIS=44667, RATIS_ADMIN=44667, RATIS_SERVER=44667, STANDALONE=45879], networkLocation: /default-rack, certSerialId: null, persistedOpState: IN_SERVICE, persistedOpStateExpiryEpochSec: 0}.
2022-11-18 13:06:07,447 [ReplicationMonitor] INFO  replication.LegacyReplicationManager (LegacyReplicationManager.java:sendCloseCommand(1511)) - Sending close container command for container #6 to datanode a36f0c9e-34c7-41e1-90e2-5c691522fdfd{ip: 10.1.0.56, host: fv-az180-400.aibneqh1mxpuhl3tnnuy2ifbce.bx.internal.cloudapp.net, ports: [REPLICATION=43001, RATIS=35103, RATIS_ADMIN=35103, RATIS_SERVER=35103, STANDALONE=34509], networkLocation: /default-rack, certSerialId: null, persistedOpState: IN_SERVICE, persistedOpStateExpiryEpochSec: 0}.
2022-11-18 13:06:07,448 [ReplicationMonitor] INFO  replication.ReplicationManager (ReplicationManager.java:sendCloseContainerReplicaCommand(564)) - Sending close container command for container #11 to datanode a36f0c9e-34c7-41e1-90e2-5c691522fdfd{ip: 10.1.0.56, host: fv-az180-400.aibneqh1mxpuhl3tnnuy2ifbce.bx.internal.cloudapp.net, ports: [REPLICATION=43001, RATIS=35103, RATIS_ADMIN=35103, RATIS_SERVER=35103, STANDALONE=34509], networkLocation: /default-rack, certSerialId: null, persistedOpState: IN_SERVICE, persistedOpStateExpiryEpochSec: 0}.
2022-11-18 13:06:07,448 [ReplicationMonitor] INFO  replication.ReplicationManager (ReplicationManager.java:processAll(352)) - Replication Monitor Thread took 1 milliseconds for processing 11 containers.
2022-11-18 13:06:07,487 [Under Replicated Processor] INFO  replication.UnderReplicatedProcessor (UnderReplicatedProcessor.java:processAll(92)) - Processed 0 under replicated containers, failed processing 0
2022-11-18 13:06:07,487 [Over Replicated Processor] INFO  replication.OverReplicatedProcessor (OverReplicatedProcessor.java:processAll(90)) - Processed 0 over replicated containers, failed processing 0
2022-11-18 13:06:07,488 [ReplicationMonitor] INFO  replication.ReplicationManager (ReplicationManager.java:processAll(352)) - Replication Monitor Thread took 0 milliseconds for processing 0 containers.
2022-11-18 13:06:07,536 [DatanodeAdminManager-0] INFO  node.DatanodeAdminMonitorImpl (DatanodeAdminMonitorImpl.java:run(169)) - There are 1 nodes tracked for decommission and maintenance.  0 pending nodes.
2022-11-18 13:06:07,558 [IPC Server handler 8 on default port 36157] INFO  node.SCMNodeManager (SCMNodeManager.java:updateDatanodeOpState(545)) - Scheduling a command to update the operationalState persisted on cb27b585-024b-4029-854c-b46b41cc55c7{ip: 10.1.0.56, host: fv-az180-400.aibneqh1mxpuhl3tnnuy2ifbce.bx.internal.cloudapp.net, ports: [REPLICATION=34641, RATIS=45595, RATIS_ADMIN=45595, RATIS_SERVER=45595, STANDALONE=37703], networkLocation: /default-rack, certSerialId: null, persistedOpState: ENTERING_MAINTENANCE, persistedOpStateExpiryEpochSec: 0} as the reported value does not match the value stored in SCM (IN_MAINTENANCE, 0)
2022-11-18 13:06:07,567 [Command processor thread] INFO  keyvalue.KeyValueContainer (KeyValueContainer.java:flushAndSyncDB(437)) - Container 1 is synced with bcsId 38.
2022-11-18 13:06:07,567 [Command processor thread] INFO  keyvalue.KeyValueContainer (KeyValueContainer.java:flushAndSyncDB(437)) - Container 1 is synced with bcsId 38.
2022-11-18 13:06:07,568 [Command processor thread] INFO  keyvalue.KeyValueContainer (KeyValueContainer.java:close(352)) - Container 1 is closed with bcsId 38.
2022-11-18 13:06:07,569 [Command processor thread] INFO  keyvalue.KeyValueContainer (KeyValueContainer.java:flushAndSyncDB(437)) - Container 5 is synced with bcsId 30.
2022-11-18 13:06:07,569 [Command processor thread] INFO  keyvalue.KeyValueContainer (KeyValueContainer.java:flushAndSyncDB(437)) - Container 5 is synced with bcsId 30.
2022-11-18 13:06:07,570 [Command processor thread] INFO  keyvalue.KeyValueContainer (KeyValueContainer.java:close(352)) - Container 5 is closed with bcsId 30.
2022-11-18 13:06:07,570 [Command processor thread] INFO  keyvalue.KeyValueContainer (KeyValueContainer.java:flushAndSyncDB(437)) - Container 6 is synced with bcsId 34.
2022-11-18 13:06:07,570 [Command processor thread] INFO  keyvalue.KeyValueContainer (KeyValueContainer.java:flushAndSyncDB(437)) - Container 6 is synced with bcsId 34.
2022-11-18 13:06:07,570 [IPC Server handler 13 on default port 36157] INFO  node.SCMNodeManager (SCMNodeManager.java:updateDatanodeOpState(545)) - Scheduling a command to update the operationalState persisted on cb27b585-024b-4029-854c-b46b41cc55c7{ip: 10.1.0.56, host: fv-az180-400.aibneqh1mxpuhl3tnnuy2ifbce.bx.internal.cloudapp.net, ports: [REPLICATION=34641, RATIS=45595, RATIS_ADMIN=45595, RATIS_SERVER=45595, STANDALONE=37703], networkLocation: /default-rack, certSerialId: null, persistedOpState: ENTERING_MAINTENANCE, persistedOpStateExpiryEpochSec: 0} as the reported value does not match the value stored in SCM (IN_MAINTENANCE, 0)
2022-11-18 13:06:07,571 [FixedThreadPoolWithAffinityExecutor-0-0] INFO  container.IncrementalContainerReportHandler (AbstractContainerReportHandler.java:updateContainerState(318)) - Moving container #1 to CLOSED state, datanode cb27b585-024b-4029-854c-b46b41cc55c7{ip: 10.1.0.56, host: fv-az180-400.aibneqh1mxpuhl3tnnuy2ifbce.bx.internal.cloudapp.net, ports: [REPLICATION=34641, RATIS=45595, RATIS_ADMIN=45595, RATIS_SERVER=45595, STANDALONE=37703], networkLocation: /default-rack, certSerialId: null, persistedOpState: ENTERING_MAINTENANCE, persistedOpStateExpiryEpochSec: 0} reported CLOSED replica.
2022-11-18 13:06:07,571 [IPC Server handler 16 on default port 36157] INFO  node.SCMNodeManager (SCMNodeManager.java:updateDatanodeOpState(545)) - Scheduling a command to update the operationalState persisted on cb27b585-024b-4029-854c-b46b41cc55c7{ip: 10.1.0.56, host: fv-az180-400.aibneqh1mxpuhl3tnnuy2ifbce.bx.internal.cloudapp.net, ports: [REPLICATION=34641, RATIS=45595, RATIS_ADMIN=45595, RATIS_SERVER=45595, STANDALONE=37703], networkLocation: /default-rack, certSerialId: null, persistedOpState: ENTERING_MAINTENANCE, persistedOpStateExpiryEpochSec: 0} as the reported value does not match the value stored in SCM (IN_MAINTENANCE, 0)
2022-11-18 13:06:07,571 [FixedThreadPoolWithAffinityExecutor-0-0] INFO  container.IncrementalContainerReportHandler (AbstractContainerReportHandler.java:updateContainerState(318)) - Moving container #5 to CLOSED state, datanode cb27b585-024b-4029-854c-b46b41cc55c7{ip: 10.1.0.56, host: fv-az180-400.aibneqh1mxpuhl3tnnuy2ifbce.bx.internal.cloudapp.net, ports: [REPLICATION=34641, RATIS=45595, RATIS_ADMIN=45595, RATIS_SERVER=45595, STANDALONE=37703], networkLocation: /default-rack, certSerialId: null, persistedOpState: ENTERING_MAINTENANCE, persistedOpStateExpiryEpochSec: 0} reported CLOSED replica.
2022-11-18 13:06:07,572 [Command processor thread] INFO  keyvalue.KeyValueContainer (KeyValueContainer.java:close(352)) - Container 6 is closed with bcsId 34.
2022-11-18 13:06:07,573 [FixedThreadPoolWithAffinityExecutor-0-0] INFO  container.IncrementalContainerReportHandler (AbstractContainerReportHandler.java:updateContainerState(318)) - Moving container #6 to CLOSED state, datanode cb27b585-024b-4029-854c-b46b41cc55c7{ip: 10.1.0.56, host: fv-az180-400.aibneqh1mxpuhl3tnnuy2ifbce.bx.internal.cloudapp.net, ports: [REPLICATION=34641, RATIS=45595, RATIS_ADMIN=45595, RATIS_SERVER=45595, STANDALONE=37703], networkLocation: /default-rack, certSerialId: null, persistedOpState: IN_MAINTENANCE, persistedOpStateExpiryEpochSec: 0} reported CLOSED replica.
2022-11-18 13:06:07,593 [EndpointStateMachine task thread for /0.0.0.0:40433 - 0 ] INFO  utils.DatanodeStoreCache (DatanodeStoreCache.java:addDB(58)) - Added db /home/runner/work/ozone/ozone/hadoop-ozone/integration-test/target/test-dir/MiniOzoneClusterImpl-d3d67884-f8de-446f-8121-b5603e1f9142/datanode-3/data-0/containers/hdds/d3d67884-f8de-446f-8121-b5603e1f9142/DS-95c45626-b298-49c9-a7d1-99618f54a78b/container.db to cache
2022-11-18 13:06:07,593 [EndpointStateMachine task thread for /0.0.0.0:40433 - 0 ] INFO  volume.HddsVolume (HddsVolume.java:createDbStore(307)) - SchemaV3 db is created and loaded at /home/runner/work/ozone/ozone/hadoop-ozone/integration-test/target/test-dir/MiniOzoneClusterImpl-d3d67884-f8de-446f-8121-b5603e1f9142/datanode-3/data-0/containers/hdds/d3d67884-f8de-446f-8121-b5603e1f9142/DS-95c45626-b298-49c9-a7d1-99618f54a78b/container.db for volume DS-95c45626-b298-49c9-a7d1-99618f54a78b
2022-11-18 13:06:07,593 [EndpointStateMachine task thread for /0.0.0.0:40433 - 0 ] INFO  ozoneimpl.OzoneContainer (OzoneContainer.java:start(395)) - Attempting to start container services.
2022-11-18 13:06:07,593 [EndpointStateMachine task thread for /0.0.0.0:40433 - 0 ] INFO  ozoneimpl.OzoneContainer (OzoneContainer.java:startContainerScrub(312)) - Scheduled background container scanners and the on-demand container scanner have been disabled.
2022-11-18 13:06:07,593 [EndpointStateMachine task thread for /0.0.0.0:40433 - 0 ] INFO  replication.ReplicationServer (ReplicationServer.java:start(111)) - ReplicationServer is started using port 46033
2022-11-18 13:06:07,598 [EndpointStateMachine task thread for /0.0.0.0:40433 - 0 ] INFO  ratis.XceiverServerRatis (XceiverServerRatis.java:start(481)) - Starting XceiverServerRatis 5dd764d2-4196-4eea-b07c-aeebc5ccca01
2022-11-18 13:06:07,599 [Command processor thread] INFO  keyvalue.KeyValueContainer (KeyValueContainer.java:flushAndSyncDB(437)) - Container 1 is synced with bcsId 38.
2022-11-18 13:06:07,599 [Command processor thread] INFO  keyvalue.KeyValueContainer (KeyValueContainer.java:flushAndSyncDB(437)) - Container 1 is synced with bcsId 38.
2022-11-18 13:06:07,602 [EndpointStateMachine task thread for /0.0.0.0:40433 - 0 ] INFO  server.RaftServer (RaftServerProxy.java:startImpl(393)) - 5dd764d2-4196-4eea-b07c-aeebc5ccca01: start RPC server
2022-11-18 13:06:07,603 [EndpointStateMachine task thread for /0.0.0.0:40433 - 0 ] INFO  server.GrpcService (GrpcService.java:startImpl(270)) - 5dd764d2-4196-4eea-b07c-aeebc5ccca01: GrpcService started, listening on 34919
2022-11-18 13:06:07,603 [EndpointStateMachine task thread for /0.0.0.0:40433 - 0 ] INFO  ratis.XceiverServerRatis (XceiverServerRatis.java:getRealPort(502)) - XceiverServerRatis 5dd764d2-4196-4eea-b07c-aeebc5ccca01 is started using port 34919 for RATIS
2022-11-18 13:06:07,603 [EndpointStateMachine task thread for /0.0.0.0:40433 - 0 ] INFO  ratis.XceiverServerRatis (XceiverServerRatis.java:getRealPort(502)) - XceiverServerRatis 5dd764d2-4196-4eea-b07c-aeebc5ccca01 is started using port 34919 for RATIS_ADMIN
2022-11-18 13:06:07,603 [EndpointStateMachine task thread for /0.0.0.0:40433 - 0 ] INFO  ratis.XceiverServerRatis (XceiverServerRatis.java:getRealPort(502)) - XceiverServerRatis 5dd764d2-4196-4eea-b07c-aeebc5ccca01 is started using port 34919 for RATIS_SERVER
2022-11-18 13:06:07,603 [Command processor thread] INFO  keyvalue.KeyValueContainer (KeyValueContainer.java:close(352)) - Container 1 is closed with bcsId 38.
2022-11-18 13:06:07,604 [Command processor thread] INFO  keyvalue.KeyValueContainer (KeyValueContainer.java:flushAndSyncDB(437)) - Container 5 is synced with bcsId 30.
2022-11-18 13:06:07,604 [Command processor thread] INFO  keyvalue.KeyValueContainer (KeyValueContainer.java:flushAndSyncDB(437)) - Container 5 is synced with bcsId 30.
2022-11-18 13:06:07,604 [JvmPauseMonitor55] INFO  util.JvmPauseMonitor (JvmPauseMonitor.java:run(105)) - JvmPauseMonitor-5dd764d2-4196-4eea-b07c-aeebc5ccca01: Started
2022-11-18 13:06:07,605 [Over Replicated Processor] INFO  replication.OverReplicatedProcessor (OverReplicatedProcessor.java:processAll(90)) - Processed 0 over replicated containers, failed processing 0
2022-11-18 13:06:07,605 [Command processor thread] INFO  keyvalue.KeyValueContainer (KeyValueContainer.java:close(352)) - Container 5 is closed with bcsId 30.
2022-11-18 13:06:07,605 [Command processor thread] INFO  keyvalue.KeyValueContainer (KeyValueContainer.java:flushAndSyncDB(437)) - Container 6 is synced with bcsId 34.
2022-11-18 13:06:07,605 [Command processor thread] INFO  keyvalue.KeyValueContainer (KeyValueContainer.java:flushAndSyncDB(437)) - Container 6 is synced with bcsId 34.
2022-11-18 13:06:07,606 [EndpointStateMachine task thread for /0.0.0.0:40433 - 0 ] INFO  server.XceiverServerGrpc (XceiverServerGrpc.java:start(180)) - XceiverServerGrpc 5dd764d2-4196-4eea-b07c-aeebc5ccca01 is started using port 41805
2022-11-18 13:06:07,606 [Command processor thread] INFO  keyvalue.KeyValueContainer (KeyValueContainer.java:close(352)) - Container 6 is closed with bcsId 34.
2022-11-18 13:06:07,607 [Under Replicated Processor] INFO  replication.UnderReplicatedProcessor (UnderReplicatedProcessor.java:processAll(92)) - Processed 0 under replicated containers, failed processing 0
2022-11-18 13:06:07,607 [Command processor thread] INFO  server.RaftServer (RaftServerProxy.java:addNew(96)) - 277e5bbd-414d-4f19-87c3-552c8f153d3d: addNew group-AE848D27C9F4:[4e9d01e2-99f3-4323-a596-366f46fa44e1|rpc:10.1.0.56:45787|priority:0|startupRole:FOLLOWER, 277e5bbd-414d-4f19-87c3-552c8f153d3d|rpc:10.1.0.56:43003|priority:1|startupRole:FOLLOWER, 62944fc1-681b-46bd-93f7-2482762a7b31|rpc:10.1.0.56:38905|priority:0|startupRole:FOLLOWER] returns group-AE848D27C9F4:java.util.concurrent.CompletableFuture@5a37b7b0[Not completed]
2022-11-18 13:06:07,607 [pool-1664-thread-1] INFO  server.RaftServer$Division (RaftServerImpl.java:<init>(195)) - 277e5bbd-414d-4f19-87c3-552c8f153d3d: new RaftServerImpl for group-AE848D27C9F4:[4e9d01e2-99f3-4323-a596-366f46fa44e1|rpc:10.1.0.56:45787|priority:0|startupRole:FOLLOWER, 277e5bbd-414d-4f19-87c3-552c8f153d3d|rpc:10.1.0.56:43003|priority:1|startupRole:FOLLOWER, 62944fc1-681b-46bd-93f7-2482762a7b31|rpc:10.1.0.56:38905|priority:0|startupRole:FOLLOWER] with ContainerStateMachine:uninitialized
2022-11-18 13:06:07,607 [pool-1664-thread-1] INFO  server.RaftServerConfigKeys (ConfUtils.java:logGet(46)) - raft.server.rpc.timeout.min = 5s (custom)
2022-11-18 13:06:07,608 [pool-1664-thread-1] INFO  server.RaftServerConfigKeys (ConfUtils.java:logGet(46)) - raft.server.rpc.timeout.max = 5200ms (custom)
2022-11-18 13:06:07,608 [pool-1664-thread-1] INFO  server.RaftServerConfigKeys (ConfUtils.java:logGet(46)) - raft.server.rpc.sleep.time = 25ms (default)
2022-11-18 13:06:07,608 [pool-1664-thread-1] INFO  server.RaftServerConfigKeys (ConfUtils.java:logGet(46)) - raft.server.rpc.slowness.timeout = 300s (custom)
2022-11-18 13:06:07,608 [pool-1664-thread-1] INFO  server.RaftServerConfigKeys (ConfUtils.java:logGet(46)) - raft.server.leaderelection.leader.step-down.wait-time = 10s (default)
2022-11-18 13:06:07,608 [pool-1664-thread-1] INFO  server.RaftServerConfigKeys (ConfUtils.java:logGet(46)) - raft.server.sleep.deviation.threshold = 300ms (default)
2022-11-18 13:06:07,608 [pool-1664-thread-1] INFO  server.RaftServer$Division (ServerState.java:<init>(118)) - 277e5bbd-414d-4f19-87c3-552c8f153d3d@group-AE848D27C9F4: ConfigurationManager, init=-1: peers:[4e9d01e2-99f3-4323-a596-366f46fa44e1|rpc:10.1.0.56:45787|priority:0|startupRole:FOLLOWER, 277e5bbd-414d-4f19-87c3-552c8f153d3d|rpc:10.1.0.56:43003|priority:1|startupRole:FOLLOWER, 62944fc1-681b-46bd-93f7-2482762a7b31|rpc:10.1.0.56:38905|priority:0|startupRole:FOLLOWER]|listeners:[], old=null, confs=<EMPTY_MAP>
2022-11-18 13:06:07,608 [pool-1664-thread-1] INFO  server.RaftServerConfigKeys (ConfUtils.java:logGet(46)) - raft.server.storage.dir = [/home/runner/work/ozone/ozone/hadoop-ozone/integration-test/target/test-dir/MiniOzoneClusterImpl-20da3918-ad77-4149-a4e0-3f3018d8b094/datanode-5/data/ratis] (custom)
2022-11-18 13:06:07,608 [pool-1664-thread-1] INFO  server.RaftServerConfigKeys (ConfUtils.java:logGet(46)) - raft.server.log.corruption.policy = EXCEPTION (default)
2022-11-18 13:06:07,608 [pool-1664-thread-1] INFO  server.RaftServerConfigKeys (ConfUtils.java:logGet(46)) - raft.server.storage.free-space.min = 0MB (=0) (default)
2022-11-18 13:06:07,608 [pool-1664-thread-1] INFO  server.RaftServerConfigKeys (ConfUtils.java:logGet(46)) - raft.server.notification.no-leader.timeout = 300s (custom)
2022-11-18 13:06:07,608 [pool-1664-thread-1] INFO  server.RaftServerConfigKeys (ConfUtils.java:logGet(46)) - raft.server.retrycache.expirytime = 600000ms (custom)
2022-11-18 13:06:07,608 [pool-1664-thread-1] INFO  server.RaftServerConfigKeys (ConfUtils.java:logGet(46)) - raft.server.retrycache.statistics.expirytime = 100μs (default)
2022-11-18 13:06:07,614 [pool-1664-thread-1] INFO  server.RaftServerConfigKeys (ConfUtils.java:logGet(46)) - raft.server.log.appender.install.snapshot.enabled = false (custom)
2022-11-18 13:06:07,615 [ReplicationMonitor] INFO  replication.LegacyReplicationManager (LegacyReplicationManager.java:sendCloseCommand(1511)) - Sending close container command for container #1 to datanode 62944fc1-681b-46bd-93f7-2482762a7b31{ip: 10.1.0.56, host: fv-az180-400.aibneqh1mxpuhl3tnnuy2ifbce.bx.internal.cloudapp.net, ports: [REPLICATION=41933, RATIS=38905, RATIS_ADMIN=38905, RATIS_SERVER=38905, STANDALONE=35895], networkLocation: /default-rack, certSerialId: null, persistedOpState: IN_SERVICE, persistedOpStateExpiryEpochSec: 0}.
2022-11-18 13:06:07,615 [ReplicationMonitor] INFO  replication.LegacyReplicationManager (LegacyReplicationManager.java:sendCloseCommand(1511)) - Sending close container command for container #5 to datanode 62944fc1-681b-46bd-93f7-2482762a7b31{ip: 10.1.0.56, host: fv-az180-400.aibneqh1mxpuhl3tnnuy2ifbce.bx.internal.cloudapp.net, ports: [REPLICATION=41933, RATIS=38905, RATIS_ADMIN=38905, RATIS_SERVER=38905, STANDALONE=35895], networkLocation: /default-rack, certSerialId: null, persistedOpState: IN_SERVICE, persistedOpStateExpiryEpochSec: 0}.
2022-11-18 13:06:07,615 [ReplicationMonitor] INFO  replication.LegacyReplicationManager (LegacyReplicationManager.java:sendCloseCommand(1511)) - Sending close container command for container #6 to datanode 62944fc1-681b-46bd-93f7-2482762a7b31{ip: 10.1.0.56, host: fv-az180-400.aibneqh1mxpuhl3tnnuy2ifbce.bx.internal.cloudapp.net, ports: [REPLICATION=41933, RATIS=38905, RATIS_ADMIN=38905, RATIS_SERVER=38905, STANDALONE=35895], networkLocation: /default-rack, certSerialId: null, persistedOpState: IN_SERVICE, persistedOpStateExpiryEpochSec: 0}.
2022-11-18 13:06:07,615 [ReplicationMonitor] INFO  replication.ReplicationManager (ReplicationManager.java:processAll(352)) - Replication Monitor Thread took 0 milliseconds for processing 6 containers.
2022-11-18 13:06:07,615 [pool-1664-thread-1] INFO  server.RaftServerConfigKeys (ConfUtils.java:logGet(46)) - raft.server.threadpool.server.cached = true (default)
2022-11-18 13:06:07,615 [pool-1664-thread-1] INFO  server.RaftServerConfigKeys (ConfUtils.java:logGet(46)) - raft.server.threadpool.server.size = 0 (default)
2022-11-18 13:06:07,615 [pool-1664-thread-1] INFO  server.RaftServerConfigKeys (ConfUtils.java:logGet(46)) - raft.server.threadpool.client.cached = true (default)
2022-11-18 13:06:07,615 [pool-1664-thread-1] INFO  server.RaftServerConfigKeys (ConfUtils.java:logGet(46)) - raft.server.threadpool.client.size = 0 (default)
2022-11-18 13:06:07,615 [pool-1664-thread-1] INFO  storage.RaftStorageDirectory (RaftStorageDirectoryImpl.java:analyzeStorage(137)) - The storage directory /home/runner/work/ozone/ozone/hadoop-ozone/integration-test/target/test-dir/MiniOzoneClusterImpl-20da3918-ad77-4149-a4e0-3f3018d8b094/datanode-5/data/ratis/eb5d11c1-c61d-418b-a25f-ae848d27c9f4 does not exist. Creating ...
2022-11-18 13:06:07,616 [pool-1664-thread-1] INFO  storage.RaftStorageDirectory (RaftStorageDirectoryImpl.java:tryLock(231)) - Lock on /home/runner/work/ozone/ozone/hadoop-ozone/integration-test/target/test-dir/MiniOzoneClusterImpl-20da3918-ad77-4149-a4e0-3f3018d8b094/datanode-5/data/ratis/eb5d11c1-c61d-418b-a25f-ae848d27c9f4/in_use.lock acquired by nodename 26296@fv-az180-400
2022-11-18 13:06:07,618 [pool-1664-thread-1] INFO  storage.RaftStorage (RaftStorageImpl.java:format(96)) - Storage directory /home/runner/work/ozone/ozone/hadoop-ozone/integration-test/target/test-dir/MiniOzoneClusterImpl-20da3918-ad77-4149-a4e0-3f3018d8b094/datanode-5/data/ratis/eb5d11c1-c61d-418b-a25f-ae848d27c9f4 has been successfully formatted.
2022-11-18 13:06:07,618 [pool-1664-thread-1] INFO  ratis.ContainerStateMachine (ContainerStateMachine.java:loadSnapshot(236)) - group-AE848D27C9F4: The snapshot info is null. Setting the last applied indexto:(t:0, i:~)
2022-11-18 13:06:07,618 [pool-1664-thread-1] INFO  server.RaftServerConfigKeys (ConfUtils.java:logGet(46)) - raft.server.log.use.memory = false (default)
2022-11-18 13:06:07,618 [pool-1664-thread-1] INFO  server.RaftServerConfigKeys (ConfUtils.java:logGet(46)) - raft.server.log.purge.gap = 1000000 (custom)
2022-11-18 13:06:07,618 [pool-1664-thread-1] INFO  server.RaftServerConfigKeys (ConfUtils.java:logGet(46)) - raft.server.log.appender.buffer.byte-limit = 33554432 (custom)
2022-11-18 13:06:07,618 [pool-1664-thread-1] INFO  server.RaftServerConfigKeys (ConfUtils.java:logGet(46)) - raft.server.log.statemachine.data.read.timeout = 1000ms (default)
2022-11-18 13:06:07,618 [pool-1664-thread-1] INFO  server.RaftServerConfigKeys (ConfUtils.java:logGet(46)) - raft.server.log.purge.preservation.log.num = 0 (default)
2022-11-18 13:06:07,618 [pool-1664-thread-1] INFO  server.RaftServerConfigKeys (ConfUtils.java:logGet(46)) - raft.server.log.segment.size.max = 1048576 (custom)
2022-11-18 13:06:07,619 [pool-1664-thread-1] INFO  server.RaftServerConfigKeys (ConfUtils.java:logGet(46)) - raft.server.log.segment.cache.num.max = 2 (custom)
2022-11-18 13:06:07,619 [pool-1664-thread-1] INFO  server.RaftServerConfigKeys (ConfUtils.java:logGet(46)) - raft.server.log.segment.cache.size.max = 200MB (=209715200) (default)
2022-11-18 13:06:07,620 [pool-1664-thread-1] INFO  segmented.SegmentedRaftLogWorker (SegmentedRaftLogWorker.java:<init>(191)) - new 277e5bbd-414d-4f19-87c3-552c8f153d3d@group-AE848D27C9F4-SegmentedRaftLogWorker for RaftStorageImpl:Storage Directory /home/runner/work/ozone/ozone/hadoop-ozone/integration-test/target/test-dir/MiniOzoneClusterImpl-20da3918-ad77-4149-a4e0-3f3018d8b094/datanode-5/data/ratis/eb5d11c1-c61d-418b-a25f-ae848d27c9f4
2022-11-18 13:06:07,620 [pool-1664-thread-1] INFO  server.RaftServerConfigKeys (ConfUtils.java:logGet(46)) - raft.server.log.queue.byte-limit = 4294967296 (custom)
2022-11-18 13:06:07,620 [pool-1664-thread-1] INFO  server.RaftServerConfigKeys (ConfUtils.java:logGet(46)) - raft.server.log.queue.element-limit = 1024 (custom)
2022-11-18 13:06:07,620 [pool-1664-thread-1] INFO  server.RaftServerConfigKeys (ConfUtils.java:logGet(46)) - raft.server.log.segment.size.max = 1048576 (custom)
2022-11-18 13:06:07,620 [pool-1664-thread-1] INFO  server.RaftServerConfigKeys (ConfUtils.java:logGet(46)) - raft.server.log.preallocated.size = 16384 (custom)
2022-11-18 13:06:07,620 [pool-1664-thread-1] INFO  server.RaftServerConfigKeys (ConfUtils.java:logGet(46)) - raft.server.log.force.sync.num = 128 (default)
2022-11-18 13:06:07,620 [pool-1664-thread-1] INFO  server.RaftServerConfigKeys (ConfUtils.java:logGet(46)) - raft.server.log.statemachine.data.sync = true (default)
2022-11-18 13:06:07,620 [pool-1664-thread-1] INFO  server.RaftServerConfigKeys (ConfUtils.java:logGet(46)) - raft.server.log.statemachine.data.sync.timeout = 10s (default)
2022-11-18 13:06:07,620 [pool-1664-thread-1] INFO  server.RaftServerConfigKeys (ConfUtils.java:logGet(46)) - raft.server.log.statemachine.data.sync.timeout.retry = -1 (default)
2022-11-18 13:06:07,624 [pool-1664-thread-1] INFO  server.RaftServerConfigKeys (ConfUtils.java:logGet(46)) - raft.server.log.write.buffer.size = 1048576 (custom)
2022-11-18 13:06:07,625 [pool-1664-thread-1] INFO  server.RaftServerConfigKeys (ConfUtils.java:logGet(46)) - raft.server.log.unsafe-flush.enabled = false (default)
2022-11-18 13:06:07,625 [pool-1664-thread-1] INFO  server.RaftServerConfigKeys (ConfUtils.java:logGet(46)) - raft.server.log.async-flush.enabled = false (default)
2022-11-18 13:06:07,625 [pool-1664-thread-1] INFO  server.RaftServerConfigKeys (ConfUtils.java:logGet(46)) - raft.server.log.statemachine.data.caching.enabled = true (custom)
2022-11-18 13:06:07,625 [pool-1664-thread-1] INFO  segmented.SegmentedRaftLogWorker (SegmentedRaftLogWorker.java:lambda$new$0(136)) - 277e5bbd-414d-4f19-87c3-552c8f153d3d@group-AE848D27C9F4-SegmentedRaftLogWorker: flushIndex: setUnconditionally 0 -> -1
2022-11-18 13:06:07,625 [pool-1664-thread-1] INFO  segmented.SegmentedRaftLogWorker (SegmentedRaftLogWorker.java:lambda$new$0(136)) - 277e5bbd-414d-4f19-87c3-552c8f153d3d@group-AE848D27C9F4-SegmentedRaftLogWorker: safeCacheEvictIndex: setUnconditionally 0 -> -1
2022-11-18 13:06:07,625 [pool-1664-thread-1] INFO  server.RaftServer$Division (RaftServerImpl.java:start(334)) - 277e5bbd-414d-4f19-87c3-552c8f153d3d@group-AE848D27C9F4: start as a follower, conf=-1: peers:[4e9d01e2-99f3-4323-a596-366f46fa44e1|rpc:10.1.0.56:45787|priority:0|startupRole:FOLLOWER, 277e5bbd-414d-4f19-87c3-552c8f153d3d|rpc:10.1.0.56:43003|priority:1|startupRole:FOLLOWER, 62944fc1-681b-46bd-93f7-2482762a7b31|rpc:10.1.0.56:38905|priority:0|startupRole:FOLLOWER]|listeners:[], old=null
2022-11-18 13:06:07,625 [pool-1664-thread-1] INFO  server.RaftServer$Division (RaftServerImpl.java:setRole(321)) - 277e5bbd-414d-4f19-87c3-552c8f153d3d@group-AE848D27C9F4: changes role from      null to FOLLOWER at term 0 for startAsFollower
2022-11-18 13:06:07,625 [pool-1664-thread-1] INFO  impl.RoleInfo (RoleInfo.java:updateAndGet(139)) - 277e5bbd-414d-4f19-87c3-552c8f153d3d: start 277e5bbd-414d-4f19-87c3-552c8f153d3d@group-AE848D27C9F4-FollowerState
2022-11-18 13:06:07,625 [pool-1664-thread-1] INFO  util.JmxRegister (JmxRegister.java:tryRegister(44)) - Successfully registered JMX Bean with object name Ratis:service=RaftServer,group=group-AE848D27C9F4,id=277e5bbd-414d-4f19-87c3-552c8f153d3d
2022-11-18 13:06:07,625 [pool-1664-thread-1] INFO  server.RaftServerConfigKeys (ConfUtils.java:logGet(46)) - raft.server.snapshot.auto.trigger.enabled = true (custom)
2022-11-18 13:06:07,625 [pool-1664-thread-1] INFO  server.RaftServerConfigKeys (ConfUtils.java:logGet(46)) - raft.server.snapshot.auto.trigger.threshold = 10000 (custom)
2022-11-18 13:06:07,625 [pool-1664-thread-1] INFO  server.RaftServerConfigKeys (ConfUtils.java:logGet(46)) - raft.server.snapshot.retention.file.num = 5 (custom)
2022-11-18 13:06:07,626 [pool-1664-thread-1] INFO  server.RaftServerConfigKeys (ConfUtils.java:logGet(46)) - raft.server.log.purge.upto.snapshot.index = false (default)
2022-11-18 13:06:07,627 [277e5bbd-414d-4f19-87c3-552c8f153d3d@group-AE848D27C9F4-FollowerState] INFO  server.RaftServerConfigKeys (ConfUtils.java:logFallback(53)) - raft.server.rpc.first-election.timeout.min = 5s (fallback to raft.server.rpc.timeout.min)
2022-11-18 13:06:07,627 [277e5bbd-414d-4f19-87c3-552c8f153d3d@group-AE848D27C9F4-FollowerState] INFO  server.RaftServerConfigKeys (ConfUtils.java:logFallback(53)) - raft.server.rpc.first-election.timeout.max = 5200ms (fallback to raft.server.rpc.timeout.max)
2022-11-18 13:06:07,628 [Command processor thread] INFO  ratis.XceiverServerRatis (XceiverServerRatis.java:addGroup(765)) - Created group PipelineID=eb5d11c1-c61d-418b-a25f-ae848d27c9f4
2022-11-18 13:06:07,633 [grpc-default-executor-2] INFO  server.RaftServer (RaftServerProxy.java:addNew(96)) - 4e9d01e2-99f3-4323-a596-366f46fa44e1: addNew group-AE848D27C9F4:[4e9d01e2-99f3-4323-a596-366f46fa44e1|rpc:10.1.0.56:45787|dataStream:|priority:0|startupRole:FOLLOWER, 277e5bbd-414d-4f19-87c3-552c8f153d3d|rpc:10.1.0.56:43003|dataStream:|priority:1|startupRole:FOLLOWER, 62944fc1-681b-46bd-93f7-2482762a7b31|rpc:10.1.0.56:38905|dataStream:|priority:0|startupRole:FOLLOWER] returns group-AE848D27C9F4:java.util.concurrent.CompletableFuture@170b0df0[Not completed]
2022-11-18 13:06:07,634 [pool-1687-thread-1] INFO  server.RaftServer$Division (RaftServerImpl.java:<init>(195)) - 4e9d01e2-99f3-4323-a596-366f46fa44e1: new RaftServerImpl for group-AE848D27C9F4:[4e9d01e2-99f3-4323-a596-366f46fa44e1|rpc:10.1.0.56:45787|dataStream:|priority:0|startupRole:FOLLOWER, 277e5bbd-414d-4f19-87c3-552c8f153d3d|rpc:10.1.0.56:43003|dataStream:|priority:1|startupRole:FOLLOWER, 62944fc1-681b-46bd-93f7-2482762a7b31|rpc:10.1.0.56:38905|dataStream:|priority:0|startupRole:FOLLOWER] with ContainerStateMachine:uninitialized
2022-11-18 13:06:07,634 [pool-1687-thread-1] INFO  server.RaftServerConfigKeys (ConfUtils.java:logGet(46)) - raft.server.rpc.timeout.min = 5s (custom)
2022-11-18 13:06:07,634 [pool-1687-thread-1] INFO  server.RaftServerConfigKeys (ConfUtils.java:logGet(46)) - raft.server.rpc.timeout.max = 5200ms (custom)
2022-11-18 13:06:07,634 [pool-1687-thread-1] INFO  server.RaftServerConfigKeys (ConfUtils.java:logGet(46)) - raft.server.rpc.sleep.time = 25ms (default)
2022-11-18 13:06:07,634 [pool-1687-thread-1] INFO  server.RaftServerConfigKeys (ConfUtils.java:logGet(46)) - raft.server.rpc.slowness.timeout = 300s (custom)
2022-11-18 13:06:07,634 [pool-1687-thread-1] INFO  server.RaftServerConfigKeys (ConfUtils.java:logGet(46)) - raft.server.leaderelection.leader.step-down.wait-time = 10s (default)
2022-11-18 13:06:07,634 [pool-1687-thread-1] INFO  server.RaftServerConfigKeys (ConfUtils.java:logGet(46)) - raft.server.sleep.deviation.threshold = 300ms (default)
2022-11-18 13:06:07,634 [pool-1687-thread-1] INFO  server.RaftServer$Division (ServerState.java:<init>(118)) - 4e9d01e2-99f3-4323-a596-366f46fa44e1@group-AE848D27C9F4: ConfigurationManager, init=-1: peers:[4e9d01e2-99f3-4323-a596-366f46fa44e1|rpc:10.1.0.56:45787|dataStream:|priority:0|startupRole:FOLLOWER, 277e5bbd-414d-4f19-87c3-552c8f153d3d|rpc:10.1.0.56:43003|dataStream:|priority:1|startupRole:FOLLOWER, 62944fc1-681b-46bd-93f7-2482762a7b31|rpc:10.1.0.56:38905|dataStream:|priority:0|startupRole:FOLLOWER]|listeners:[], old=null, confs=<EMPTY_MAP>
2022-11-18 13:06:07,634 [pool-1687-thread-1] INFO  server.RaftServerConfigKeys (ConfUtils.java:logGet(46)) - raft.server.storage.dir = [/home/runner/work/ozone/ozone/hadoop-ozone/integration-test/target/test-dir/MiniOzoneClusterImpl-20da3918-ad77-4149-a4e0-3f3018d8b094/datanode-6/data/ratis] (custom)
2022-11-18 13:06:07,634 [pool-1687-thread-1] INFO  server.RaftServerConfigKeys (ConfUtils.java:logGet(46)) - raft.server.log.corruption.policy = EXCEPTION (default)
2022-11-18 13:06:07,634 [pool-1687-thread-1] INFO  server.RaftServerConfigKeys (ConfUtils.java:logGet(46)) - raft.server.storage.free-space.min = 0MB (=0) (default)
2022-11-18 13:06:07,635 [pool-1687-thread-1] INFO  server.RaftServerConfigKeys (ConfUtils.java:logGet(46)) - raft.server.notification.no-leader.timeout = 300s (custom)
2022-11-18 13:06:07,635 [pool-1687-thread-1] INFO  server.RaftServerConfigKeys (ConfUtils.java:logGet(46)) - raft.server.retrycache.expirytime = 600000ms (custom)
2022-11-18 13:06:07,635 [pool-1687-thread-1] INFO  server.RaftServerConfigKeys (ConfUtils.java:logGet(46)) - raft.server.retrycache.statistics.expirytime = 100μs (default)
2022-11-18 13:06:07,638 [pool-1687-thread-1] INFO  server.RaftServerConfigKeys (ConfUtils.java:logGet(46)) - raft.server.log.appender.install.snapshot.enabled = false (custom)
2022-11-18 13:06:07,638 [pool-1687-thread-1] INFO  server.RaftServerConfigKeys (ConfUtils.java:logGet(46)) - raft.server.threadpool.server.cached = true (default)
2022-11-18 13:06:07,638 [pool-1687-thread-1] INFO  server.RaftServerConfigKeys (ConfUtils.java:logGet(46)) - raft.server.threadpool.server.size = 0 (default)
2022-11-18 13:06:07,638 [pool-1687-thread-1] INFO  server.RaftServerConfigKeys (ConfUtils.java:logGet(46)) - raft.server.threadpool.client.cached = true (default)
2022-11-18 13:06:07,638 [pool-1687-thread-1] INFO  server.RaftServerConfigKeys (ConfUtils.java:logGet(46)) - raft.server.threadpool.client.size = 0 (default)
2022-11-18 13:06:07,638 [pool-1687-thread-1] INFO  storage.RaftStorageDirectory (RaftStorageDirectoryImpl.java:analyzeStorage(137)) - The storage directory /home/runner/work/ozone/ozone/hadoop-ozone/integration-test/target/test-dir/MiniOzoneClusterImpl-20da3918-ad77-4149-a4e0-3f3018d8b094/datanode-6/data/ratis/eb5d11c1-c61d-418b-a25f-ae848d27c9f4 does not exist. Creating ...
2022-11-18 13:06:07,639 [pool-1687-thread-1] INFO  storage.RaftStorageDirectory (RaftStorageDirectoryImpl.java:tryLock(231)) - Lock on /home/runner/work/ozone/ozone/hadoop-ozone/integration-test/target/test-dir/MiniOzoneClusterImpl-20da3918-ad77-4149-a4e0-3f3018d8b094/datanode-6/data/ratis/eb5d11c1-c61d-418b-a25f-ae848d27c9f4/in_use.lock acquired by nodename 26296@fv-az180-400
2022-11-18 13:06:07,640 [pool-1687-thread-1] INFO  storage.RaftStorage (RaftStorageImpl.java:format(96)) - Storage directory /home/runner/work/ozone/ozone/hadoop-ozone/integration-test/target/test-dir/MiniOzoneClusterImpl-20da3918-ad77-4149-a4e0-3f3018d8b094/datanode-6/data/ratis/eb5d11c1-c61d-418b-a25f-ae848d27c9f4 has been successfully formatted.
2022-11-18 13:06:07,640 [pool-1687-thread-1] INFO  ratis.ContainerStateMachine (ContainerStateMachine.java:loadSnapshot(236)) - group-AE848D27C9F4: The snapshot info is null. Setting the last applied indexto:(t:0, i:~)
2022-11-18 13:06:07,640 [pool-1687-thread-1] INFO  server.RaftServerConfigKeys (ConfUtils.java:logGet(46)) - raft.server.log.use.memory = false (default)
2022-11-18 13:06:07,640 [pool-1687-thread-1] INFO  server.RaftServerConfigKeys (ConfUtils.java:logGet(46)) - raft.server.log.purge.gap = 1000000 (custom)
2022-11-18 13:06:07,640 [pool-1687-thread-1] INFO  server.RaftServerConfigKeys (ConfUtils.java:logGet(46)) - raft.server.log.appender.buffer.byte-limit = 33554432 (custom)
2022-11-18 13:06:07,640 [pool-1687-thread-1] INFO  server.RaftServerConfigKeys (ConfUtils.java:logGet(46)) - raft.server.log.statemachine.data.read.timeout = 1000ms (default)
2022-11-18 13:06:07,640 [pool-1687-thread-1] INFO  server.RaftServerConfigKeys (ConfUtils.java:logGet(46)) - raft.server.log.purge.preservation.log.num = 0 (default)
2022-11-18 13:06:07,641 [pool-1687-thread-1] INFO  server.RaftServerConfigKeys (ConfUtils.java:logGet(46)) - raft.server.log.segment.size.max = 1048576 (custom)
2022-11-18 13:06:07,642 [pool-1687-thread-1] INFO  server.RaftServerConfigKeys (ConfUtils.java:logGet(46)) - raft.server.log.segment.cache.num.max = 2 (custom)
2022-11-18 13:06:07,642 [pool-1687-thread-1] INFO  server.RaftServerConfigKeys (ConfUtils.java:logGet(46)) - raft.server.log.segment.cache.size.max = 200MB (=209715200) (default)
2022-11-18 13:06:07,642 [pool-1687-thread-1] INFO  segmented.SegmentedRaftLogWorker (SegmentedRaftLogWorker.java:<init>(191)) - new 4e9d01e2-99f3-4323-a596-366f46fa44e1@group-AE848D27C9F4-SegmentedRaftLogWorker for RaftStorageImpl:Storage Directory /home/runner/work/ozone/ozone/hadoop-ozone/integration-test/target/test-dir/MiniOzoneClusterImpl-20da3918-ad77-4149-a4e0-3f3018d8b094/datanode-6/data/ratis/eb5d11c1-c61d-418b-a25f-ae848d27c9f4
2022-11-18 13:06:07,642 [pool-1687-thread-1] INFO  server.RaftServerConfigKeys (ConfUtils.java:logGet(46)) - raft.server.log.queue.byte-limit = 4294967296 (custom)
2022-11-18 13:06:07,642 [pool-1687-thread-1] INFO  server.RaftServerConfigKeys (ConfUtils.java:logGet(46)) - raft.server.log.queue.element-limit = 1024 (custom)
2022-11-18 13:06:07,642 [pool-1687-thread-1] INFO  server.RaftServerConfigKeys (ConfUtils.java:logGet(46)) - raft.server.log.segment.size.max = 1048576 (custom)
2022-11-18 13:06:07,642 [pool-1687-thread-1] INFO  server.RaftServerConfigKeys (ConfUtils.java:logGet(46)) - raft.server.log.preallocated.size = 16384 (custom)
2022-11-18 13:06:07,642 [pool-1687-thread-1] INFO  server.RaftServerConfigKeys (ConfUtils.java:logGet(46)) - raft.server.log.force.sync.num = 128 (default)
2022-11-18 13:06:07,642 [pool-1687-thread-1] INFO  server.RaftServerConfigKeys (ConfUtils.java:logGet(46)) - raft.server.log.statemachine.data.sync = true (default)
2022-11-18 13:06:07,642 [pool-1687-thread-1] INFO  server.RaftServerConfigKeys (ConfUtils.java:logGet(46)) - raft.server.log.statemachine.data.sync.timeout = 10s (default)
2022-11-18 13:06:07,642 [pool-1687-thread-1] INFO  server.RaftServerConfigKeys (ConfUtils.java:logGet(46)) - raft.server.log.statemachine.data.sync.timeout.retry = -1 (default)
2022-11-18 13:06:07,644 [main] INFO  ozone.MiniOzoneClusterImpl (MiniOzoneClusterImpl.java:restartStorageContainerManager(349)) - Restarting SCM in cluster class org.apache.hadoop.ozone.MiniOzoneClusterImpl
2022-11-18 13:06:07,644 [main] INFO  server.StorageContainerManager (StorageContainerManager.java:stop(1566)) - Container Balancer is not running.
2022-11-18 13:06:07,644 [main] INFO  server.StorageContainerManager (StorageContainerManager.java:stop(1573)) - Stopping Replication Manager Service.
2022-11-18 13:06:07,644 [main] INFO  replication.ReplicationManager (ReplicationManager.java:stop(285)) - Stopping Replication Monitor Thread.
2022-11-18 13:06:07,644 [Over Replicated Processor] WARN  replication.OverReplicatedProcessor (OverReplicatedProcessor.java:run(142)) - Over Replicated Processor interrupted. Exiting...
2022-11-18 13:06:07,645 [Under Replicated Processor] WARN  replication.UnderReplicatedProcessor (UnderReplicatedProcessor.java:run(154)) - Under Replicated Processor interrupted. Exiting...
2022-11-18 13:06:07,645 [pool-1687-thread-1] INFO  server.RaftServerConfigKeys (ConfUtils.java:logGet(46)) - raft.server.log.write.buffer.size = 1048576 (custom)
2022-11-18 13:06:07,646 [pool-1687-thread-1] INFO  server.RaftServerConfigKeys (ConfUtils.java:logGet(46)) - raft.server.log.unsafe-flush.enabled = false (default)
2022-11-18 13:06:07,646 [pool-1687-thread-1] INFO  server.RaftServerConfigKeys (ConfUtils.java:logGet(46)) - raft.server.log.async-flush.enabled = false (default)
2022-11-18 13:06:07,646 [pool-1687-thread-1] INFO  server.RaftServerConfigKeys (ConfUtils.java:logGet(46)) - raft.server.log.statemachine.data.caching.enabled = true (custom)
2022-11-18 13:06:07,646 [pool-1687-thread-1] INFO  segmented.SegmentedRaftLogWorker (SegmentedRaftLogWorker.java:lambda$new$0(136)) - 4e9d01e2-99f3-4323-a596-366f46fa44e1@group-AE848D27C9F4-SegmentedRaftLogWorker: flushIndex: setUnconditionally 0 -> -1
2022-11-18 13:06:07,646 [pool-1687-thread-1] INFO  segmented.SegmentedRaftLogWorker (SegmentedRaftLogWorker.java:lambda$new$0(136)) - 4e9d01e2-99f3-4323-a596-366f46fa44e1@group-AE848D27C9F4-SegmentedRaftLogWorker: safeCacheEvictIndex: setUnconditionally 0 -> -1
2022-11-18 13:06:07,646 [pool-1687-thread-1] INFO  server.RaftServer$Division (RaftServerImpl.java:start(334)) - 4e9d01e2-99f3-4323-a596-366f46fa44e1@group-AE848D27C9F4: start as a follower, conf=-1: peers:[4e9d01e2-99f3-4323-a596-366f46fa44e1|rpc:10.1.0.56:45787|dataStream:|priority:0|startupRole:FOLLOWER, 277e5bbd-414d-4f19-87c3-552c8f153d3d|rpc:10.1.0.56:43003|dataStream:|priority:1|startupRole:FOLLOWER, 62944fc1-681b-46bd-93f7-2482762a7b31|rpc:10.1.0.56:38905|dataStream:|priority:0|startupRole:FOLLOWER]|listeners:[], old=null
2022-11-18 13:06:07,646 [pool-1687-thread-1] INFO  server.RaftServer$Division (RaftServerImpl.java:setRole(321)) - 4e9d01e2-99f3-4323-a596-366f46fa44e1@group-AE848D27C9F4: changes role from      null to FOLLOWER at term 0 for startAsFollower
2022-11-18 13:06:07,646 [pool-1687-thread-1] INFO  impl.RoleInfo (RoleInfo.java:updateAndGet(139)) - 4e9d01e2-99f3-4323-a596-366f46fa44e1: start 4e9d01e2-99f3-4323-a596-366f46fa44e1@group-AE848D27C9F4-FollowerState
2022-11-18 13:06:07,648 [Command processor thread] INFO  keyvalue.KeyValueContainer (KeyValueContainer.java:flushAndSyncDB(437)) - Container 1 is synced with bcsId 38.
2022-11-18 13:06:07,648 [Command processor thread] INFO  keyvalue.KeyValueContainer (KeyValueContainer.java:flushAndSyncDB(437)) - Container 1 is synced with bcsId 38.
2022-11-18 13:06:07,649 [Command processor thread] INFO  keyvalue.KeyValueContainer (KeyValueContainer.java:close(352)) - Container 1 is closed with bcsId 38.
2022-11-18 13:06:07,659 [main] INFO  server.StorageContainerManager (StorageContainerManager.java:stop(1580)) - Stopping the Datanode Admin Monitor.
2022-11-18 13:06:07,659 [ReplicationMonitor] INFO  replication.ReplicationManager (ReplicationManager.java:run(606)) - Replication Monitor Thread is stopped
2022-11-18 13:06:07,659 [main] INFO  server.StorageContainerManager (StorageContainerManager.java:stop(1587)) - Stopping Lease Manager of the command watchers
2022-11-18 13:06:07,659 [main] INFO  server.StorageContainerManager (StorageContainerManager.java:stop(1594)) - Stopping datanode service RPC server
2022-11-18 13:06:07,659 [main] INFO  server.SCMDatanodeProtocolServer (SCMDatanodeProtocolServer.java:stop(414)) - Stopping the RPC server for DataNodes
2022-11-18 13:06:07,659 [pool-1687-thread-1] INFO  util.JmxRegister (JmxRegister.java:tryRegister(44)) - Successfully registered JMX Bean with object name Ratis:service=RaftServer,group=group-AE848D27C9F4,id=4e9d01e2-99f3-4323-a596-366f46fa44e1
2022-11-18 13:06:07,660 [pool-1687-thread-1] INFO  server.RaftServerConfigKeys (ConfUtils.java:logGet(46)) - raft.server.snapshot.auto.trigger.enabled = true (custom)
2022-11-18 13:06:07,660 [pool-1687-thread-1] INFO  server.RaftServerConfigKeys (ConfUtils.java:logGet(46)) - raft.server.snapshot.auto.trigger.threshold = 10000 (custom)
2022-11-18 13:06:07,660 [pool-1687-thread-1] INFO  server.RaftServerConfigKeys (ConfUtils.java:logGet(46)) - raft.server.snapshot.retention.file.num = 5 (custom)
2022-11-18 13:06:07,662 [main] INFO  ipc.Server (Server.java:stop(3428)) - Stopping server on 36157
2022-11-18 13:06:07,662 [4e9d01e2-99f3-4323-a596-366f46fa44e1@group-AE848D27C9F4-FollowerState] INFO  server.RaftServerConfigKeys (ConfUtils.java:logFallback(53)) - raft.server.rpc.first-election.timeout.min = 5s (fallback to raft.server.rpc.timeout.min)
2022-11-18 13:06:07,662 [4e9d01e2-99f3-4323-a596-366f46fa44e1@group-AE848D27C9F4-FollowerState] INFO  server.RaftServerConfigKeys (ConfUtils.java:logFallback(53)) - raft.server.rpc.first-election.timeout.max = 5200ms (fallback to raft.server.rpc.timeout.max)
2022-11-18 13:06:07,665 [Command processor thread] INFO  keyvalue.KeyValueContainer (KeyValueContainer.java:flushAndSyncDB(437)) - Container 5 is synced with bcsId 30.
2022-11-18 13:06:07,665 [Command processor thread] INFO  keyvalue.KeyValueContainer (KeyValueContainer.java:flushAndSyncDB(437)) - Container 5 is synced with bcsId 30.
2022-11-18 13:06:07,667 [IPC Server listener on 0] INFO  ipc.Server (Server.java:run(1384)) - Stopping IPC Server listener on 0
2022-11-18 13:06:07,667 [IPC Server Responder] INFO  ipc.Server (Server.java:run(1517)) - Stopping IPC Server Responder
2022-11-18 13:06:07,670 [EndpointStateMachine task thread for /0.0.0.0:36157 - 0 ] WARN  statemachine.EndpointStateMachine (EndpointStateMachine.java:logIfNeeded(242)) - Unable to communicate to SCM server at 0.0.0.0:36157 for past 0 seconds.
java.io.EOFException: End of File Exception between local host is: "fv-az180-400/10.1.0.56"; destination host is: "0.0.0.0":36157; : java.io.EOFException; For more details see:  http://wiki.apache.org/hadoop/EOFException
	at sun.reflect.NativeConstructorAccessorImpl.newInstance0(Native Method)
	at sun.reflect.NativeConstructorAccessorImpl.newInstance(NativeConstructorAccessorImpl.java:62)
	at sun.reflect.DelegatingConstructorAccessorImpl.newInstance(DelegatingConstructorAccessorImpl.java:45)
	at java.lang.reflect.Constructor.newInstance(Constructor.java:423)
	at org.apache.hadoop.net.NetUtils.wrapWithMessage(NetUtils.java:913)
	at org.apache.hadoop.net.NetUtils.wrapException(NetUtils.java:862)
	at org.apache.hadoop.ipc.Client.getRpcResponse(Client.java:1616)
	at org.apache.hadoop.ipc.Client.call(Client.java:1558)
	at org.apache.hadoop.ipc.Client.call(Client.java:1455)
	at org.apache.hadoop.ipc.ProtobufRpcEngine$Invoker.invoke(ProtobufRpcEngine.java:235)
	at org.apache.hadoop.ipc.ProtobufRpcEngine$Invoker.invoke(ProtobufRpcEngine.java:122)
	at com.sun.proxy.$Proxy54.submitRequest(Unknown Source)
	at org.apache.hadoop.ozone.protocolPB.StorageContainerDatanodeProtocolClientSideTranslatorPB.submitRequest(StorageContainerDatanodeProtocolClientSideTranslatorPB.java:117)
	at org.apache.hadoop.ozone.protocolPB.StorageContainerDatanodeProtocolClientSideTranslatorPB.sendHeartbeat(StorageContainerDatanodeProtocolClientSideTranslatorPB.java:149)
	at org.apache.hadoop.ozone.container.common.states.endpoint.HeartbeatEndpointTask.call(HeartbeatEndpointTask.java:185)
	at org.apache.hadoop.ozone.container.common.states.endpoint.HeartbeatEndpointTask.call(HeartbeatEndpointTask.java:87)
	at java.util.concurrent.FutureTask.run(FutureTask.java:266)
	at java.util.concurrent.ThreadPoolExecutor.runWorker(ThreadPoolExecutor.java:1149)
	at java.util.concurrent.ThreadPoolExecutor$Worker.run(ThreadPoolExecutor.java:624)
	at java.lang.Thread.run(Thread.java:750)
Caused by: java.io.EOFException
	at java.io.DataInputStream.readInt(DataInputStream.java:392)
	at org.apache.hadoop.ipc.Client$IpcStreams.readResponse(Client.java:1922)
	at org.apache.hadoop.ipc.Client$Connection.receiveRpcResponse(Client.java:1238)
	at org.apache.hadoop.ipc.Client$Connection.run(Client.java:1134)
2022-11-18 13:06:07,671 [pool-1687-thread-1] INFO  server.RaftServerConfigKeys (ConfUtils.java:logGet(46)) - raft.server.log.purge.upto.snapshot.index = false (default)
2022-11-18 13:06:07,676 [Command processor thread] INFO  keyvalue.KeyValueContainer (KeyValueContainer.java:close(352)) - Container 5 is closed with bcsId 30.
2022-11-18 13:06:07,676 [Command processor thread] INFO  keyvalue.KeyValueContainer (KeyValueContainer.java:flushAndSyncDB(437)) - Container 6 is synced with bcsId 34.
2022-11-18 13:06:07,676 [Command processor thread] INFO  keyvalue.KeyValueContainer (KeyValueContainer.java:flushAndSyncDB(437)) - Container 6 is synced with bcsId 34.
2022-11-18 13:06:07,678 [SCM Heartbeat Processing Thread - 0] WARN  node.NodeStateManager (NodeStateManager.java:scheduleNextHealthCheck(870)) - Current Thread is interrupted, shutting down HB processing thread for Node Manager.
2022-11-18 13:06:07,678 [main] INFO  server.StorageContainerManager (StorageContainerManager.java:stop(1602)) - Stopping block service RPC server
2022-11-18 13:06:07,678 [main] INFO  server.SCMBlockProtocolServer (SCMBlockProtocolServer.java:stop(161)) - Stopping the RPC server for Block Protocol
2022-11-18 13:06:07,685 [main] INFO  ipc.Server (Server.java:stop(3428)) - Stopping server on 34529
2022-11-18 13:06:07,687 [Command processor thread] INFO  keyvalue.KeyValueContainer (KeyValueContainer.java:close(352)) - Container 6 is closed with bcsId 34.
2022-11-18 13:06:07,687 [Command processor thread] INFO  server.RaftServer (RaftServerProxy.java:addNew(96)) - 62944fc1-681b-46bd-93f7-2482762a7b31: addNew group-AE848D27C9F4:[4e9d01e2-99f3-4323-a596-366f46fa44e1|rpc:10.1.0.56:45787|priority:0|startupRole:FOLLOWER, 277e5bbd-414d-4f19-87c3-552c8f153d3d|rpc:10.1.0.56:43003|priority:1|startupRole:FOLLOWER, 62944fc1-681b-46bd-93f7-2482762a7b31|rpc:10.1.0.56:38905|priority:0|startupRole:FOLLOWER] returns group-AE848D27C9F4:java.util.concurrent.CompletableFuture@4fe15005[Not completed]
2022-11-18 13:06:07,688 [pool-1641-thread-1] INFO  server.RaftServer$Division (RaftServerImpl.java:<init>(195)) - 62944fc1-681b-46bd-93f7-2482762a7b31: new RaftServerImpl for group-AE848D27C9F4:[4e9d01e2-99f3-4323-a596-366f46fa44e1|rpc:10.1.0.56:45787|priority:0|startupRole:FOLLOWER, 277e5bbd-414d-4f19-87c3-552c8f153d3d|rpc:10.1.0.56:43003|priority:1|startupRole:FOLLOWER, 62944fc1-681b-46bd-93f7-2482762a7b31|rpc:10.1.0.56:38905|priority:0|startupRole:FOLLOWER] with ContainerStateMachine:uninitialized
2022-11-18 13:06:07,688 [pool-1641-thread-1] INFO  server.RaftServerConfigKeys (ConfUtils.java:logGet(46)) - raft.server.rpc.timeout.min = 5s (custom)
2022-11-18 13:06:07,688 [pool-1641-thread-1] INFO  server.RaftServerConfigKeys (ConfUtils.java:logGet(46)) - raft.server.rpc.timeout.max = 5200ms (custom)
2022-11-18 13:06:07,688 [pool-1641-thread-1] INFO  server.RaftServerConfigKeys (ConfUtils.java:logGet(46)) - raft.server.rpc.sleep.time = 25ms (default)
2022-11-18 13:06:07,688 [pool-1641-thread-1] INFO  server.RaftServerConfigKeys (ConfUtils.java:logGet(46)) - raft.server.rpc.slowness.timeout = 300s (custom)
2022-11-18 13:06:07,688 [pool-1641-thread-1] INFO  server.RaftServerConfigKeys (ConfUtils.java:logGet(46)) - raft.server.leaderelection.leader.step-down.wait-time = 10s (default)
2022-11-18 13:06:07,688 [pool-1641-thread-1] INFO  server.RaftServerConfigKeys (ConfUtils.java:logGet(46)) - raft.server.sleep.deviation.threshold = 300ms (default)
2022-11-18 13:06:07,688 [pool-1641-thread-1] INFO  server.RaftServer$Division (ServerState.java:<init>(118)) - 62944fc1-681b-46bd-93f7-2482762a7b31@group-AE848D27C9F4: ConfigurationManager, init=-1: peers:[4e9d01e2-99f3-4323-a596-366f46fa44e1|rpc:10.1.0.56:45787|priority:0|startupRole:FOLLOWER, 277e5bbd-414d-4f19-87c3-552c8f153d3d|rpc:10.1.0.56:43003|priority:1|startupRole:FOLLOWER, 62944fc1-681b-46bd-93f7-2482762a7b31|rpc:10.1.0.56:38905|priority:0|startupRole:FOLLOWER]|listeners:[], old=null, confs=<EMPTY_MAP>
2022-11-18 13:06:07,688 [pool-1641-thread-1] INFO  server.RaftServerConfigKeys (ConfUtils.java:logGet(46)) - raft.server.storage.dir = [/home/runner/work/ozone/ozone/hadoop-ozone/integration-test/target/test-dir/MiniOzoneClusterImpl-20da3918-ad77-4149-a4e0-3f3018d8b094/datanode-4/data/ratis] (custom)
2022-11-18 13:06:07,690 [IPC Server Responder] INFO  ipc.Server (Server.java:run(1517)) - Stopping IPC Server Responder
2022-11-18 13:06:07,691 [pool-1641-thread-1] INFO  server.RaftServerConfigKeys (ConfUtils.java:logGet(46)) - raft.server.log.corruption.policy = EXCEPTION (default)
2022-11-18 13:06:07,691 [pool-1641-thread-1] INFO  server.RaftServerConfigKeys (ConfUtils.java:logGet(46)) - raft.server.storage.free-space.min = 0MB (=0) (default)
2022-11-18 13:06:07,691 [pool-1641-thread-1] INFO  server.RaftServerConfigKeys (ConfUtils.java:logGet(46)) - raft.server.notification.no-leader.timeout = 300s (custom)
2022-11-18 13:06:07,691 [pool-1641-thread-1] INFO  server.RaftServerConfigKeys (ConfUtils.java:logGet(46)) - raft.server.retrycache.expirytime = 600000ms (custom)
2022-11-18 13:06:07,691 [pool-1641-thread-1] INFO  server.RaftServerConfigKeys (ConfUtils.java:logGet(46)) - raft.server.retrycache.statistics.expirytime = 100μs (default)
2022-11-18 13:06:07,690 [IPC Server listener on 0] INFO  ipc.Server (Server.java:run(1384)) - Stopping IPC Server listener on 0
2022-11-18 13:06:07,690 [main] INFO  server.StorageContainerManager (StorageContainerManager.java:stop(1609)) - Stopping the StorageContainerLocationProtocol RPC server
2022-11-18 13:06:07,692 [main] INFO  server.SCMClientProtocolServer (SCMClientProtocolServer.java:stop(179)) - Stopping the RPC server for Client Protocol
2022-11-18 13:06:07,696 [main] INFO  ipc.Server (Server.java:stop(3428)) - Stopping server on 45267
2022-11-18 13:06:07,697 [Listener at 127.0.0.1/39657] INFO  ozone.MiniOzoneClusterImpl (MiniOzoneClusterImpl.java:lambda$waitForClusterToBeReady$0(216)) - Waiting for nodes to be ready. Got 0 of 7 DN Heartbeats.
2022-11-18 13:06:07,697 [Listener at 127.0.0.1/39657] INFO  ozone.MiniOzoneClusterImpl (MiniOzoneClusterImpl.java:lambda$waitForClusterToBeReady$0(219)) - Waiting for cluster to exit safe mode
2022-11-18 13:06:07,697 [Listener at 127.0.0.1/39657] INFO  ozone.MiniOzoneClusterImpl (MiniOzoneClusterImpl.java:lambda$waitForClusterToBeReady$0(221)) - SCM became leader
2022-11-18 13:06:07,705 [IPC Server listener on 0] INFO  ipc.Server (Server.java:run(1384)) - Stopping IPC Server listener on 0
2022-11-18 13:06:07,710 [IPC Server Responder] INFO  ipc.Server (Server.java:run(1517)) - Stopping IPC Server Responder
2022-11-18 13:06:07,711 [main] INFO  server.StorageContainerManager (StorageContainerManager.java:stop(1616)) - Stopping Storage Container Manager HTTP server.
2022-11-18 13:06:07,713 [main] INFO  handler.ContextHandler (ContextHandler.java:doStop(1159)) - Stopped o.e.j.w.WebAppContext@5bb7cc5c{scm,/,null,STOPPED}{file:/home/runner/work/ozone/ozone/hadoop-ozone/integration-test/target/test-classes/webapps/scm}
2022-11-18 13:06:07,716 [main] INFO  server.AbstractConnector (AbstractConnector.java:doStop(383)) - Stopped ServerConnector@72a8fe77{HTTP/1.1, (http/1.1)}{0.0.0.0:0}
2022-11-18 13:06:07,716 [main] INFO  server.session (HouseKeeper.java:stopScavenging(149)) - node0 Stopped scavenging
2022-11-18 13:06:07,717 [pool-1641-thread-1] INFO  server.RaftServerConfigKeys (ConfUtils.java:logGet(46)) - raft.server.log.appender.install.snapshot.enabled = false (custom)
2022-11-18 13:06:07,717 [pool-1641-thread-1] INFO  server.RaftServerConfigKeys (ConfUtils.java:logGet(46)) - raft.server.threadpool.server.cached = true (default)
2022-11-18 13:06:07,717 [pool-1641-thread-1] INFO  server.RaftServerConfigKeys (ConfUtils.java:logGet(46)) - raft.server.threadpool.server.size = 0 (default)
2022-11-18 13:06:07,717 [pool-1641-thread-1] INFO  server.RaftServerConfigKeys (ConfUtils.java:logGet(46)) - raft.server.threadpool.client.cached = true (default)
2022-11-18 13:06:07,717 [pool-1641-thread-1] INFO  server.RaftServerConfigKeys (ConfUtils.java:logGet(46)) - raft.server.threadpool.client.size = 0 (default)
2022-11-18 13:06:07,718 [pool-1641-thread-1] INFO  storage.RaftStorageDirectory (RaftStorageDirectoryImpl.java:analyzeStorage(137)) - The storage directory /home/runner/work/ozone/ozone/hadoop-ozone/integration-test/target/test-dir/MiniOzoneClusterImpl-20da3918-ad77-4149-a4e0-3f3018d8b094/datanode-4/data/ratis/eb5d11c1-c61d-418b-a25f-ae848d27c9f4 does not exist. Creating ...
2022-11-18 13:06:07,719 [pool-1641-thread-1] INFO  storage.RaftStorageDirectory (RaftStorageDirectoryImpl.java:tryLock(231)) - Lock on /home/runner/work/ozone/ozone/hadoop-ozone/integration-test/target/test-dir/MiniOzoneClusterImpl-20da3918-ad77-4149-a4e0-3f3018d8b094/datanode-4/data/ratis/eb5d11c1-c61d-418b-a25f-ae848d27c9f4/in_use.lock acquired by nodename 26296@fv-az180-400
2022-11-18 13:06:07,721 [pool-1641-thread-1] INFO  storage.RaftStorage (RaftStorageImpl.java:format(96)) - Storage directory /home/runner/work/ozone/ozone/hadoop-ozone/integration-test/target/test-dir/MiniOzoneClusterImpl-20da3918-ad77-4149-a4e0-3f3018d8b094/datanode-4/data/ratis/eb5d11c1-c61d-418b-a25f-ae848d27c9f4 has been successfully formatted.
2022-11-18 13:06:07,721 [pool-1641-thread-1] INFO  ratis.ContainerStateMachine (ContainerStateMachine.java:loadSnapshot(236)) - group-AE848D27C9F4: The snapshot info is null. Setting the last applied indexto:(t:0, i:~)
2022-11-18 13:06:07,721 [pool-1641-thread-1] INFO  server.RaftServerConfigKeys (ConfUtils.java:logGet(46)) - raft.server.log.use.memory = false (default)
2022-11-18 13:06:07,721 [pool-1641-thread-1] INFO  server.RaftServerConfigKeys (ConfUtils.java:logGet(46)) - raft.server.log.purge.gap = 1000000 (custom)
2022-11-18 13:06:07,721 [pool-1641-thread-1] INFO  server.RaftServerConfigKeys (ConfUtils.java:logGet(46)) - raft.server.log.appender.buffer.byte-limit = 33554432 (custom)
2022-11-18 13:06:07,721 [pool-1641-thread-1] INFO  server.RaftServerConfigKeys (ConfUtils.java:logGet(46)) - raft.server.log.statemachine.data.read.timeout = 1000ms (default)
2022-11-18 13:06:07,721 [pool-1641-thread-1] INFO  server.RaftServerConfigKeys (ConfUtils.java:logGet(46)) - raft.server.log.purge.preservation.log.num = 0 (default)
2022-11-18 13:06:07,721 [pool-1641-thread-1] INFO  server.RaftServerConfigKeys (ConfUtils.java:logGet(46)) - raft.server.log.segment.size.max = 1048576 (custom)
2022-11-18 13:06:07,722 [pool-1641-thread-1] INFO  server.RaftServerConfigKeys (ConfUtils.java:logGet(46)) - raft.server.log.segment.cache.num.max = 2 (custom)
2022-11-18 13:06:07,722 [pool-1641-thread-1] INFO  server.RaftServerConfigKeys (ConfUtils.java:logGet(46)) - raft.server.log.segment.cache.size.max = 200MB (=209715200) (default)
2022-11-18 13:06:07,722 [pool-1641-thread-1] INFO  segmented.SegmentedRaftLogWorker (SegmentedRaftLogWorker.java:<init>(191)) - new 62944fc1-681b-46bd-93f7-2482762a7b31@group-AE848D27C9F4-SegmentedRaftLogWorker for RaftStorageImpl:Storage Directory /home/runner/work/ozone/ozone/hadoop-ozone/integration-test/target/test-dir/MiniOzoneClusterImpl-20da3918-ad77-4149-a4e0-3f3018d8b094/datanode-4/data/ratis/eb5d11c1-c61d-418b-a25f-ae848d27c9f4
2022-11-18 13:06:07,722 [pool-1641-thread-1] INFO  server.RaftServerConfigKeys (ConfUtils.java:logGet(46)) - raft.server.log.queue.byte-limit = 4294967296 (custom)
2022-11-18 13:06:07,723 [pool-1641-thread-1] INFO  server.RaftServerConfigKeys (ConfUtils.java:logGet(46)) - raft.server.log.queue.element-limit = 1024 (custom)
2022-11-18 13:06:07,723 [pool-1641-thread-1] INFO  server.RaftServerConfigKeys (ConfUtils.java:logGet(46)) - raft.server.log.segment.size.max = 1048576 (custom)
2022-11-18 13:06:07,723 [pool-1641-thread-1] INFO  server.RaftServerConfigKeys (ConfUtils.java:logGet(46)) - raft.server.log.preallocated.size = 16384 (custom)
2022-11-18 13:06:07,723 [pool-1641-thread-1] INFO  server.RaftServerConfigKeys (ConfUtils.java:logGet(46)) - raft.server.log.force.sync.num = 128 (default)
2022-11-18 13:06:07,723 [pool-1641-thread-1] INFO  server.RaftServerConfigKeys (ConfUtils.java:logGet(46)) - raft.server.log.statemachine.data.sync = true (default)
2022-11-18 13:06:07,723 [pool-1641-thread-1] INFO  server.RaftServerConfigKeys (ConfUtils.java:logGet(46)) - raft.server.log.statemachine.data.sync.timeout = 10s (default)
2022-11-18 13:06:07,723 [pool-1641-thread-1] INFO  server.RaftServerConfigKeys (ConfUtils.java:logGet(46)) - raft.server.log.statemachine.data.sync.timeout.retry = -1 (default)
2022-11-18 13:06:07,735 [main] INFO  handler.ContextHandler (ContextHandler.java:doStop(1159)) - Stopped o.e.j.s.ServletContextHandler@a561429{static,/static,file:///home/runner/work/ozone/ozone/hadoop-ozone/integration-test/target/test-classes/webapps/static,STOPPED}
2022-11-18 13:06:07,735 [main] INFO  handler.ContextHandler (ContextHandler.java:doStop(1159)) - Stopped o.e.j.s.ServletContextHandler@4cb79d94{logs,/logs,file:///home/runner/work/ozone/ozone/hadoop-ozone/integration-test/target/log,STOPPED}
2022-11-18 13:06:07,736 [main] INFO  server.StorageContainerManager (StorageContainerManager.java:stop(1622)) - Stopping SCM LayoutVersionManager Service.
2022-11-18 13:06:07,737 [main] INFO  server.StorageContainerManager (StorageContainerManager.java:stop(1630)) - Stopping Block Manager Service.
2022-11-18 13:06:07,737 [main] INFO  utils.BackgroundService (BackgroundService.java:shutdown(141)) - Shutting down service SCMBlockDeletingService
2022-11-18 13:06:07,738 [pool-1641-thread-1] INFO  server.RaftServerConfigKeys (ConfUtils.java:logGet(46)) - raft.server.log.write.buffer.size = 1048576 (custom)
2022-11-18 13:06:07,738 [pool-1641-thread-1] INFO  server.RaftServerConfigKeys (ConfUtils.java:logGet(46)) - raft.server.log.unsafe-flush.enabled = false (default)
2022-11-18 13:06:07,738 [pool-1641-thread-1] INFO  server.RaftServerConfigKeys (ConfUtils.java:logGet(46)) - raft.server.log.async-flush.enabled = false (default)
2022-11-18 13:06:07,738 [pool-1641-thread-1] INFO  server.RaftServerConfigKeys (ConfUtils.java:logGet(46)) - raft.server.log.statemachine.data.caching.enabled = true (custom)
2022-11-18 13:06:07,739 [pool-1641-thread-1] INFO  segmented.SegmentedRaftLogWorker (SegmentedRaftLogWorker.java:lambda$new$0(136)) - 62944fc1-681b-46bd-93f7-2482762a7b31@group-AE848D27C9F4-SegmentedRaftLogWorker: flushIndex: setUnconditionally 0 -> -1
2022-11-18 13:06:07,739 [pool-1641-thread-1] INFO  segmented.SegmentedRaftLogWorker (SegmentedRaftLogWorker.java:lambda$new$0(136)) - 62944fc1-681b-46bd-93f7-2482762a7b31@group-AE848D27C9F4-SegmentedRaftLogWorker: safeCacheEvictIndex: setUnconditionally 0 -> -1
2022-11-18 13:06:07,744 [pool-1641-thread-1] INFO  server.RaftServer$Division (RaftServerImpl.java:start(334)) - 62944fc1-681b-46bd-93f7-2482762a7b31@group-AE848D27C9F4: start as a follower, conf=-1: peers:[4e9d01e2-99f3-4323-a596-366f46fa44e1|rpc:10.1.0.56:45787|priority:0|startupRole:FOLLOWER, 277e5bbd-414d-4f19-87c3-552c8f153d3d|rpc:10.1.0.56:43003|priority:1|startupRole:FOLLOWER, 62944fc1-681b-46bd-93f7-2482762a7b31|rpc:10.1.0.56:38905|priority:0|startupRole:FOLLOWER]|listeners:[], old=null
2022-11-18 13:06:07,744 [pool-1641-thread-1] INFO  server.RaftServer$Division (RaftServerImpl.java:setRole(321)) - 62944fc1-681b-46bd-93f7-2482762a7b31@group-AE848D27C9F4: changes role from      null to FOLLOWER at term 0 for startAsFollower
2022-11-18 13:06:07,744 [pool-1641-thread-1] INFO  impl.RoleInfo (RoleInfo.java:updateAndGet(139)) - 62944fc1-681b-46bd-93f7-2482762a7b31: start 62944fc1-681b-46bd-93f7-2482762a7b31@group-AE848D27C9F4-FollowerState
2022-11-18 13:06:07,748 [pool-1641-thread-1] INFO  util.JmxRegister (JmxRegister.java:tryRegister(44)) - Successfully registered JMX Bean with object name Ratis:service=RaftServer,group=group-AE848D27C9F4,id=62944fc1-681b-46bd-93f7-2482762a7b31
2022-11-18 13:06:07,748 [pool-1641-thread-1] INFO  server.RaftServerConfigKeys (ConfUtils.java:logGet(46)) - raft.server.snapshot.auto.trigger.enabled = true (custom)
2022-11-18 13:06:07,748 [pool-1641-thread-1] INFO  server.RaftServerConfigKeys (ConfUtils.java:logGet(46)) - raft.server.snapshot.auto.trigger.threshold = 10000 (custom)
2022-11-18 13:06:07,748 [pool-1641-thread-1] INFO  server.RaftServerConfigKeys (ConfUtils.java:logGet(46)) - raft.server.snapshot.retention.file.num = 5 (custom)
2022-11-18 13:06:07,748 [pool-1641-thread-1] INFO  server.RaftServerConfigKeys (ConfUtils.java:logGet(46)) - raft.server.log.purge.upto.snapshot.index = false (default)
2022-11-18 13:06:07,749 [62944fc1-681b-46bd-93f7-2482762a7b31@group-AE848D27C9F4-FollowerState] INFO  server.RaftServerConfigKeys (ConfUtils.java:logFallback(53)) - raft.server.rpc.first-election.timeout.min = 5s (fallback to raft.server.rpc.timeout.min)
2022-11-18 13:06:07,749 [62944fc1-681b-46bd-93f7-2482762a7b31@group-AE848D27C9F4-FollowerState] INFO  server.RaftServerConfigKeys (ConfUtils.java:logFallback(53)) - raft.server.rpc.first-election.timeout.max = 5200ms (fallback to raft.server.rpc.timeout.max)
2022-11-18 13:06:07,752 [Command processor thread] INFO  ratis.XceiverServerRatis (XceiverServerRatis.java:addGroup(765)) - Created group PipelineID=eb5d11c1-c61d-418b-a25f-ae848d27c9f4
2022-11-18 13:06:07,752 [main] INFO  utils.BackgroundService (BackgroundService.java:shutdown(141)) - Shutting down service SCMBlockDeletingService
2022-11-18 13:06:07,753 [main] INFO  server.StorageContainerManager (StorageContainerManager.java:stop(1657)) - Stopping SCM Event Queue.
2022-11-18 13:06:07,755 [main] INFO  server.StorageContainerManager (StorageContainerManager.java:stop(1668)) - Stopping SCM HA services.
2022-11-18 13:06:07,755 [main] INFO  pipeline.BackgroundPipelineCreator (BackgroundPipelineCreator.java:stop(149)) - Stopping RatisPipelineUtilsThread.
2022-11-18 13:06:07,755 [RatisPipelineUtilsThread - 0] WARN  pipeline.BackgroundPipelineCreator (BackgroundPipelineCreator.java:run(180)) - RatisPipelineUtilsThread is interrupted.
2022-11-18 13:06:07,756 [main] INFO  BackgroundPipelineScrubber (BackgroundSCMService.java:stop(131)) - Stopping BackgroundPipelineScrubber Service.
2022-11-18 13:06:07,756 [main] INFO  impl.MetricsSystemImpl (MetricsSystemImpl.java:stop(210)) - Stopping HddsDatanode metrics system...
2022-11-18 13:06:07,756 [BackgroundPipelineScrubberThread] WARN  BackgroundPipelineScrubber (BackgroundSCMService.java:run(115)) - BackgroundPipelineScrubber is interrupted, exit
2022-11-18 13:06:07,779 [prometheus] INFO  impl.MetricsSinkAdapter (MetricsSinkAdapter.java:publishMetricsFromQueue(141)) - prometheus thread interrupted.
2022-11-18 13:06:07,783 [Command processor thread] INFO  commandhandler.CreatePipelineCommandHandler (CreatePipelineCommandHandler.java:handle(113)) - Created Pipeline RATIS THREE PipelineID=eb5d11c1-c61d-418b-a25f-ae848d27c9f4.
2022-11-18 13:06:07,790 [main] INFO  impl.MetricsSystemImpl (MetricsSystemImpl.java:stop(216)) - HddsDatanode metrics system stopped.
2022-11-18 13:06:07,792 [main] WARN  pipeline.BackgroundPipelineCreator (BackgroundPipelineCreator.java:stop(145)) - RatisPipelineUtilsThread is not running, just ignore.
2022-11-18 13:06:07,792 [main] INFO  BackgroundPipelineScrubber (BackgroundSCMService.java:stop(126)) - BackgroundPipelineScrubber Service is not running, skip stop.
2022-11-18 13:06:07,792 [main] INFO  ExpiredContainerReplicaOpScrubber (BackgroundSCMService.java:stop(131)) - Stopping ExpiredContainerReplicaOpScrubber Service.
2022-11-18 13:06:07,792 [ExpiredContainerReplicaOpScrubberThread] WARN  ExpiredContainerReplicaOpScrubber (BackgroundSCMService.java:run(115)) - ExpiredContainerReplicaOpScrubber is interrupted, exit
2022-11-18 13:06:07,793 [main] INFO  utils.BackgroundService (BackgroundService.java:shutdown(141)) - Shutting down service SCMBlockDeletingService
2022-11-18 13:06:07,793 [main] INFO  replication.ReplicationManager (ReplicationManager.java:stop(293)) - Replication Monitor Thread is not running.
2022-11-18 13:06:07,793 [main] WARN  balancer.ContainerBalancer (ContainerBalancer.java:stop(322)) - Cannot stop Container Balancer because it's not running or stopping
2022-11-18 13:06:07,793 [main] INFO  server.StorageContainerManager (StorageContainerManager.java:stop(1686)) - Stopping SCM MetadataStore.
2022-11-18 13:06:07,794 [main] WARN  server.ServerUtils (ServerUtils.java:getScmDbDir(148)) - ozone.scm.db.dirs is not configured. We recommend adding this setting. Falling back to ozone.metadata.dirs instead.
2022-11-18 13:06:07,795 [main] INFO  ha.SCMHANodeDetails (SCMHANodeDetails.java:loadSCMHAConfig(209)) - ServiceID for StorageContainerManager is null
2022-11-18 13:06:07,795 [main] INFO  ha.SCMHANodeDetails (SCMHANodeDetails.java:loadSCMHAConfig(214)) - ozone.scm.default.service.id is not defined, falling back to ozone.scm.service.ids to find serviceID for StorageContainerManager if it is HA enabled cluster
2022-11-18 13:06:07,795 [main] WARN  utils.HAUtils (HAUtils.java:getMetaDir(342)) - ozone.scm.db.dirs is not configured. We recommend adding this setting. Falling back to ozone.metadata.dirs instead.
2022-11-18 13:06:07,795 [main] WARN  db.DBStoreBuilder (DBStoreBuilder.java:applyDBDefinition(144)) - ozone.scm.db.dirs is not configured. We recommend adding this setting. Falling back to ozone.metadata.dirs instead.
2022-11-18 13:06:07,811 [Command processor thread] INFO  commandhandler.CreatePipelineCommandHandler (CreatePipelineCommandHandler.java:handle(113)) - Created Pipeline RATIS THREE PipelineID=eb5d11c1-c61d-418b-a25f-ae848d27c9f4.
2022-11-18 13:06:07,836 [main] INFO  net.NodeSchemaLoader (NodeSchemaLoader.java:loadSchemaFromFile(129)) - Loading schema from [jar:file:/home/runner/.m2/repository/org/apache/ozone/hdds-common/1.3.0-SNAPSHOT/hdds-common-1.3.0-SNAPSHOT.jar!/network-topology-default.xml]
2022-11-18 13:06:07,836 [main] INFO  net.NodeSchemaLoader (NodeSchemaLoader.java:loadSchema(176)) - Loading network topology layer schema file
2022-11-18 13:06:07,837 [ReplicationMonitor] INFO  replication.ReplicationManager (ReplicationManager.java:processAll(319)) - Replication Manager is not ready to run until 3000ms after safemode exit
2022-11-18 13:06:07,841 [main] INFO  upgrade.AbstractLayoutVersionManager (AbstractLayoutVersionManager.java:init(83)) - Initializing Layout version manager with metadata layout = DATANODE_SCHEMA_V3 (version = 4), software layout = DATANODE_SCHEMA_V3 (version = 4)
2022-11-18 13:06:07,885 [main] INFO  reflections.Reflections (Reflections.java:scan(232)) - Reflections took 43 ms to scan 7 urls, producing 140 keys and 342 values 
2022-11-18 13:06:07,886 [main] INFO  ha.SequenceIdGenerator (SequenceIdGenerator.java:<init>(220)) - Init the HA SequenceIdGenerator.
2022-11-18 13:06:07,887 [main] INFO  node.SCMNodeManager (SCMNodeManager.java:<init>(149)) - Entering startup safe mode.
2022-11-18 13:06:07,887 [main] INFO  algorithms.ContainerPlacementPolicyFactory (ContainerPlacementPolicyFactory.java:getPolicyInternal(86)) - Create container placement policy of type org.apache.hadoop.hdds.scm.container.placement.algorithms.SCMContainerPlacementRandom
2022-11-18 13:06:07,887 [main] INFO  algorithms.ContainerPlacementPolicyFactory (ContainerPlacementPolicyFactory.java:getPolicyInternal(86)) - Create container placement policy of type org.apache.hadoop.hdds.scm.container.placement.algorithms.SCMContainerPlacementRackScatter
2022-11-18 13:06:07,890 [main] INFO  algorithms.LeaderChoosePolicyFactory (LeaderChoosePolicyFactory.java:getPolicy(57)) - Create leader choose policy of type org.apache.hadoop.hdds.scm.pipeline.leader.choose.algorithms.MinLeaderCountChoosePolicy
2022-11-18 13:06:07,890 [main] INFO  algorithms.ContainerPlacementPolicyFactory (ContainerPlacementPolicyFactory.java:getPolicyInternal(86)) - Create container placement policy of type org.apache.hadoop.hdds.scm.container.placement.algorithms.SCMContainerPlacementRackScatter
2022-11-18 13:06:07,891 [main] INFO  ha.SCMServiceManager (SCMServiceManager.java:register(42)) - Registering service BackgroundPipelineCreator.
2022-11-18 13:06:07,891 [main] INFO  pipeline.BackgroundPipelineCreator (BackgroundPipelineCreator.java:start(124)) - Starting RatisPipelineUtilsThread.
2022-11-18 13:06:07,891 [main] INFO  BackgroundPipelineScrubber (BackgroundSCMService.java:start(68)) - Starting BackgroundPipelineScrubber Service.
2022-11-18 13:06:07,892 [main] INFO  ha.SCMServiceManager (SCMServiceManager.java:register(42)) - Registering service BackgroundPipelineScrubber.
2022-11-18 13:06:07,892 [main] INFO  ExpiredContainerReplicaOpScrubber (BackgroundSCMService.java:start(68)) - Starting ExpiredContainerReplicaOpScrubber Service.
2022-11-18 13:06:07,896 [main] INFO  ha.SCMServiceManager (SCMServiceManager.java:register(42)) - Registering service ExpiredContainerReplicaOpScrubber.
2022-11-18 13:06:07,898 [main] INFO  algorithms.PipelineChoosePolicyFactory (PipelineChoosePolicyFactory.java:createPipelineChoosePolicyFromClass(73)) - Create pipeline choose policy of type org.apache.hadoop.hdds.scm.pipeline.choose.algorithms.RandomPipelineChoosePolicy
2022-11-18 13:06:07,898 [main] INFO  ha.SCMServiceManager (SCMServiceManager.java:register(42)) - Registering service SCMBlockDeletingService.
2022-11-18 13:06:07,898 [main] INFO  replication.ReplicationManager (ReplicationManager.java:start(250)) - Starting Replication Monitor Thread.
2022-11-18 13:06:07,904 [main] INFO  ha.SCMServiceManager (SCMServiceManager.java:register(42)) - Registering service ReplicationManager.
2022-11-18 13:06:07,905 [main] INFO  safemode.ContainerSafeModeRule (ContainerSafeModeRule.java:<init>(89)) - containers with one replica threshold count 3
2022-11-18 13:06:07,905 [main] INFO  safemode.HealthyPipelineSafeModeRule (HealthyPipelineSafeModeRule.java:initializeRule(169)) - Total pipeline count is 1, healthy pipeline threshold count is 1
2022-11-18 13:06:07,905 [main] INFO  safemode.OneReplicaPipelineSafeModeRule (OneReplicaPipelineSafeModeRule.java:initializeRule(180)) - Total pipeline count is 1, pipeline's with at least one datanode reported threshold count is 1
2022-11-18 13:06:07,916 [ReplicationMonitor] INFO  replication.ReplicationManager (ReplicationManager.java:processAll(319)) - Replication Manager is not ready to run until 3000ms after safemode exit
2022-11-18 13:06:07,916 [main] INFO  ipc.CallQueueManager (CallQueueManager.java:<init>(90)) - Using callQueue: class java.util.concurrent.LinkedBlockingQueue, queueCapacity: 2000, scheduler: class org.apache.hadoop.ipc.DefaultRpcScheduler, ipcBackoff: false.
2022-11-18 13:06:07,917 [Socket Reader #1 for port 36157] INFO  ipc.Server (Server.java:run(1273)) - Starting Socket Reader #1 for port 36157
2022-11-18 13:06:07,918 [Listener at 0.0.0.0/36157] INFO  ipc.CallQueueManager (CallQueueManager.java:<init>(90)) - Using callQueue: class java.util.concurrent.LinkedBlockingQueue, queueCapacity: 2000, scheduler: class org.apache.hadoop.ipc.DefaultRpcScheduler, ipcBackoff: false.
2022-11-18 13:06:07,919 [Listener at 0.0.0.0/34529] INFO  ipc.CallQueueManager (CallQueueManager.java:<init>(90)) - Using callQueue: class java.util.concurrent.LinkedBlockingQueue, queueCapacity: 2000, scheduler: class org.apache.hadoop.ipc.DefaultRpcScheduler, ipcBackoff: false.
2022-11-18 13:06:07,919 [Socket Reader #1 for port 34529] INFO  ipc.Server (Server.java:run(1273)) - Starting Socket Reader #1 for port 34529
2022-11-18 13:06:07,919 [Socket Reader #1 for port 45267] INFO  ipc.Server (Server.java:run(1273)) - Starting Socket Reader #1 for port 45267
2022-11-18 13:06:07,936 [Listener at 0.0.0.0/45267] INFO  ha.SCMServiceManager (SCMServiceManager.java:register(42)) - Registering service ContainerBalancer.
2022-11-18 13:06:07,936 [Listener at 0.0.0.0/45267] INFO  server.StorageContainerManager (StorageContainerManager.java:<init>(417)) - 
Container Balancer status:
Key                            Value
Running                        true
Container Balancer Configuration values:
Key                                                Value
Threshold                                          10
Max Datanodes to Involve per Iteration(percent)    20
Max Size to Move per Iteration                     500GB
Max Size Entering Target per Iteration             26GB
Max Size Leaving Source per Iteration              26GB

2022-11-18 13:06:07,937 [Listener at 0.0.0.0/45267] WARN  events.EventQueue (EventQueue.java:fireEvent(216)) - No event handler registered for event TypedEvent{payloadType=SafeModeStatus, name='Safe mode status'}
2022-11-18 13:06:07,937 [Listener at 0.0.0.0/45267] INFO  ha.SCMContext (SCMContext.java:updateSafeModeStatus(228)) - Update SafeModeStatus from SafeModeStatus{safeModeStatus=true, preCheckPassed=false} to SafeModeStatus{safeModeStatus=true, preCheckPassed=false}.
2022-11-18 13:06:07,937 [Listener at 0.0.0.0/45267] INFO  server.StorageContainerManager (StorageContainerManager.java:start(1470)) - StorageContainerLocationProtocol RPC server is listening at /0.0.0.0:45267
2022-11-18 13:06:07,938 [Listener at 0.0.0.0/45267] WARN  impl.MetricsConfig (MetricsConfig.java:loadFirst(136)) - Cannot locate configuration: tried hadoop-metrics2-storagecontainermanager.properties,hadoop-metrics2.properties
2022-11-18 13:06:07,939 [Listener at 0.0.0.0/45267] INFO  impl.MetricsSystemImpl (MetricsSystemImpl.java:startTimer(378)) - Scheduled Metric snapshot period at 10 second(s).
2022-11-18 13:06:07,939 [Listener at 0.0.0.0/45267] INFO  impl.MetricsSystemImpl (MetricsSystemImpl.java:start(191)) - StorageContainerManager metrics system started
2022-11-18 13:06:07,973 [Listener at 0.0.0.0/45267] INFO  impl.MetricsSinkAdapter (MetricsSinkAdapter.java:start(204)) - Sink prometheus started
2022-11-18 13:06:07,973 [Listener at 0.0.0.0/45267] INFO  impl.MetricsSystemImpl (MetricsSystemImpl.java:registerSink(305)) - Registered sink prometheus
2022-11-18 13:06:08,004 [ForkJoinPool.commonPool-worker-1] INFO  volume.HddsVolume (HddsVolume.java:closeDbStore(338)) - SchemaV3 db is stopped at /home/runner/work/ozone/ozone/hadoop-ozone/integration-test/target/test-dir/MiniOzoneClusterImpl-d00242a6-2497-4d17-9cbb-890efb011638/datanode-0/data-0/containers/hdds/d00242a6-2497-4d17-9cbb-890efb011638/DS-7d28e792-8635-45e7-8c09-920c7922c6c9/container.db for volume DS-7d28e792-8635-45e7-8c09-920c7922c6c9
2022-11-18 13:06:08,004 [ForkJoinPool.commonPool-worker-1] INFO  utils.BackgroundService (BackgroundService.java:shutdown(141)) - Shutting down service BlockDeletingService
2022-11-18 13:06:08,005 [ForkJoinPool.commonPool-worker-1] INFO  utils.BackgroundService (BackgroundService.java:shutdown(141)) - Shutting down service StaleRecoveringContainerScrubbingService
2022-11-18 13:06:08,006 [ForkJoinPool.commonPool-worker-1] INFO  statemachine.DatanodeStateMachine (DatanodeStateMachine.java:stopDaemon(593)) - Ozone container server stopped.
2022-11-18 13:06:08,018 [ForkJoinPool.commonPool-worker-1] INFO  handler.ContextHandler (ContextHandler.java:doStop(1159)) - Stopped o.e.j.w.WebAppContext@3790c2e1{hddsDatanode,/,null,STOPPED}{jar:file:/home/runner/.m2/repository/org/apache/ozone/hdds-container-service/1.3.0-SNAPSHOT/hdds-container-service-1.3.0-SNAPSHOT.jar!/webapps/hddsDatanode}
2022-11-18 13:06:08,022 [Mini-Cluster-Provider-Reap] INFO  volume.HddsVolume (HddsVolume.java:closeDbStore(338)) - SchemaV3 db is stopped at /home/runner/work/ozone/ozone/hadoop-ozone/integration-test/target/test-dir/MiniOzoneClusterImpl-d00242a6-2497-4d17-9cbb-890efb011638/datanode-6/data-0/containers/hdds/d00242a6-2497-4d17-9cbb-890efb011638/DS-b40c8ea3-f3c7-46ab-9a5e-be1b816022c1/container.db for volume DS-b40c8ea3-f3c7-46ab-9a5e-be1b816022c1
2022-11-18 13:06:08,022 [Mini-Cluster-Provider-Reap] INFO  utils.BackgroundService (BackgroundService.java:shutdown(141)) - Shutting down service BlockDeletingService
2022-11-18 13:06:08,023 [Mini-Cluster-Provider-Reap] INFO  utils.BackgroundService (BackgroundService.java:shutdown(141)) - Shutting down service StaleRecoveringContainerScrubbingService
2022-11-18 13:06:08,024 [Mini-Cluster-Provider-Reap] INFO  statemachine.DatanodeStateMachine (DatanodeStateMachine.java:stopDaemon(593)) - Ozone container server stopped.
2022-11-18 13:06:08,028 [ForkJoinPool.commonPool-worker-1] INFO  server.AbstractConnector (AbstractConnector.java:doStop(383)) - Stopped ServerConnector@73925f69{HTTP/1.1, (http/1.1)}{0.0.0.0:0}
2022-11-18 13:06:08,028 [ForkJoinPool.commonPool-worker-1] INFO  server.session (HouseKeeper.java:stopScavenging(149)) - node0 Stopped scavenging
2022-11-18 13:06:08,028 [ForkJoinPool.commonPool-worker-1] INFO  handler.ContextHandler (ContextHandler.java:doStop(1159)) - Stopped o.e.j.s.ServletContextHandler@1b330c1a{static,/static,jar:file:/home/runner/.m2/repository/org/apache/ozone/hdds-container-service/1.3.0-SNAPSHOT/hdds-container-service-1.3.0-SNAPSHOT.jar!/webapps/static,STOPPED}
2022-11-18 13:06:08,028 [ForkJoinPool.commonPool-worker-1] INFO  handler.ContextHandler (ContextHandler.java:doStop(1159)) - Stopped o.e.j.s.ServletContextHandler@2a034243{logs,/logs,file:///home/runner/work/ozone/ozone/hadoop-ozone/integration-test/target/log,STOPPED}
2022-11-18 13:06:08,035 [Listener at 0.0.0.0/45267] INFO  server.SCMClientProtocolServer (SCMClientProtocolServer.java:start(170)) - RPC server for Client  is listening at /0.0.0.0:45267
2022-11-18 13:06:08,036 [IPC Server Responder] INFO  ipc.Server (Server.java:run(1512)) - IPC Server Responder: starting
2022-11-18 13:06:08,036 [IPC Server listener on 45267] INFO  ipc.Server (Server.java:run(1352)) - IPC Server listener on 45267: starting
2022-11-18 13:06:08,036 [Mini-Cluster-Provider-Reap] INFO  handler.ContextHandler (ContextHandler.java:doStop(1159)) - Stopped o.e.j.w.WebAppContext@2c9dfe0e{hddsDatanode,/,null,STOPPED}{jar:file:/home/runner/.m2/repository/org/apache/ozone/hdds-container-service/1.3.0-SNAPSHOT/hdds-container-service-1.3.0-SNAPSHOT.jar!/webapps/hddsDatanode}
2022-11-18 13:06:08,037 [Mini-Cluster-Provider-Reap] INFO  server.AbstractConnector (AbstractConnector.java:doStop(383)) - Stopped ServerConnector@1ea6cf39{HTTP/1.1, (http/1.1)}{0.0.0.0:0}
2022-11-18 13:06:08,037 [Mini-Cluster-Provider-Reap] INFO  server.session (HouseKeeper.java:stopScavenging(149)) - node0 Stopped scavenging
2022-11-18 13:06:08,078 [Listener at 0.0.0.0/45267] INFO  server.StorageContainerManager (StorageContainerManager.java:start(1485)) - ScmBlockLocationProtocol RPC server is listening at /0.0.0.0:34529
2022-11-18 13:06:08,079 [Listener at 0.0.0.0/45267] INFO  server.SCMBlockProtocolServer (SCMBlockProtocolServer.java:start(152)) - RPC server for Block Protocol is listening at /0.0.0.0:34529
2022-11-18 13:06:08,084 [IPC Server Responder] INFO  ipc.Server (Server.java:run(1512)) - IPC Server Responder: starting
2022-11-18 13:06:08,084 [IPC Server listener on 34529] INFO  ipc.Server (Server.java:run(1352)) - IPC Server listener on 34529: starting
2022-11-18 13:06:08,106 [Mini-Cluster-Provider-Reap] INFO  handler.ContextHandler (ContextHandler.java:doStop(1159)) - Stopped o.e.j.s.ServletContextHandler@e5327d4{static,/static,jar:file:/home/runner/.m2/repository/org/apache/ozone/hdds-container-service/1.3.0-SNAPSHOT/hdds-container-service-1.3.0-SNAPSHOT.jar!/webapps/static,STOPPED}
2022-11-18 13:06:08,107 [Mini-Cluster-Provider-Reap] INFO  handler.ContextHandler (ContextHandler.java:doStop(1159)) - Stopped o.e.j.s.ServletContextHandler@10695e02{logs,/logs,file:///home/runner/work/ozone/ozone/hadoop-ozone/integration-test/target/log,STOPPED}
2022-11-18 13:06:08,115 [Listener at 0.0.0.0/45267] INFO  server.SCMDatanodeProtocolServer (SCMDatanodeProtocolServer.java:start(186)) - ScmDatanodeProtocol RPC server for DataNodes is listening at /0.0.0.0:36157
2022-11-18 13:06:08,126 [IPC Server Responder] INFO  ipc.Server (Server.java:run(1512)) - IPC Server Responder: starting
2022-11-18 13:06:08,126 [IPC Server listener on 36157] INFO  ipc.Server (Server.java:run(1352)) - IPC Server listener on 36157: starting
2022-11-18 13:06:08,144 [Listener at 0.0.0.0/45267] INFO  http.BaseHttpServer (BaseHttpServer.java:newHttpServer2BuilderForOzone(213)) - Starting Web-server for scm at: http://0.0.0.0:46579
2022-11-18 13:06:08,144 [org.apache.hadoop.util.JvmPauseMonitor$Monitor@565030b7] INFO  util.JvmPauseMonitor (JvmPauseMonitor.java:run(188)) - Starting JVM pause monitor
2022-11-18 13:06:08,149 [Listener at 0.0.0.0/45267] INFO  http.BaseHttpServer (BaseHttpServer.java:<init>(108)) - Hadoop Security Enabled: false Ozone Security Enabled: false Ozone HTTP Security Enabled: false 
2022-11-18 13:06:08,149 [EndpointStateMachine task thread for /0.0.0.0:40433 - 0 ] INFO  utils.DatanodeStoreCache (DatanodeStoreCache.java:addDB(58)) - Added db /home/runner/work/ozone/ozone/hadoop-ozone/integration-test/target/test-dir/MiniOzoneClusterImpl-d3d67884-f8de-446f-8121-b5603e1f9142/datanode-4/data-0/containers/hdds/d3d67884-f8de-446f-8121-b5603e1f9142/DS-96e0d5e6-415b-46e8-8227-80278128a823/container.db to cache
2022-11-18 13:06:08,161 [ForkJoinPool.commonPool-worker-1] INFO  ozoneimpl.OzoneContainer (OzoneContainer.java:stop(417)) - Attempting to stop container services.
2022-11-18 13:06:08,161 [EndpointStateMachine task thread for /0.0.0.0:40433 - 0 ] INFO  volume.HddsVolume (HddsVolume.java:createDbStore(307)) - SchemaV3 db is created and loaded at /home/runner/work/ozone/ozone/hadoop-ozone/integration-test/target/test-dir/MiniOzoneClusterImpl-d3d67884-f8de-446f-8121-b5603e1f9142/datanode-4/data-0/containers/hdds/d3d67884-f8de-446f-8121-b5603e1f9142/DS-96e0d5e6-415b-46e8-8227-80278128a823/container.db for volume DS-96e0d5e6-415b-46e8-8227-80278128a823
2022-11-18 13:06:08,162 [EndpointStateMachine task thread for /0.0.0.0:40433 - 0 ] INFO  ozoneimpl.OzoneContainer (OzoneContainer.java:start(395)) - Attempting to start container services.
2022-11-18 13:06:08,162 [EndpointStateMachine task thread for /0.0.0.0:40433 - 0 ] INFO  ozoneimpl.OzoneContainer (OzoneContainer.java:startContainerScrub(312)) - Scheduled background container scanners and the on-demand container scanner have been disabled.
2022-11-18 13:06:08,162 [Listener at 0.0.0.0/45267] WARN  server.AuthenticationFilter (AuthenticationFilter.java:constructSecretProvider(240)) - Unable to initialize FileSignerSecretProvider, falling back to use random secrets. Reason: Could not read signature secret file: /home/runner/hadoop-http-auth-signature-secret
2022-11-18 13:06:08,162 [Listener at 0.0.0.0/45267] WARN  http.HttpRequestLog (HttpRequestLog.java:getRequestLog(103)) - Jetty request log can only be enabled using Log4j
2022-11-18 13:06:08,169 [EndpointStateMachine task thread for /0.0.0.0:40433 - 0 ] INFO  replication.ReplicationServer (ReplicationServer.java:start(111)) - ReplicationServer is started using port 33487
2022-11-18 13:06:08,169 [ForkJoinPool.commonPool-worker-1] INFO  server.RaftServer (RaftServerProxy.java:lambda$close$6(409)) - 8ad84362-fca3-4a94-b029-55aaea538166: close
2022-11-18 13:06:08,171 [EndpointStateMachine task thread for /0.0.0.0:40433 - 0 ] INFO  ratis.XceiverServerRatis (XceiverServerRatis.java:start(481)) - Starting XceiverServerRatis ea04acba-2572-4ce4-bec1-b0e6c6418c45
2022-11-18 13:06:08,173 [Listener at 0.0.0.0/45267] INFO  http.HttpServer2 (HttpServer2.java:addGlobalFilter(1031)) - Added global filter 'safety' (class=org.apache.hadoop.hdds.server.http.HttpServer2$QuotingInputFilter)
2022-11-18 13:06:08,173 [Listener at 0.0.0.0/45267] INFO  http.HttpServer2 (HttpServer2.java:addFilter(1007)) - Added filter static_user_filter (class=org.apache.hadoop.http.lib.StaticUserWebFilter$StaticUserFilter) to context scm
2022-11-18 13:06:08,173 [Listener at 0.0.0.0/45267] INFO  http.HttpServer2 (HttpServer2.java:addFilter(1015)) - Added filter static_user_filter (class=org.apache.hadoop.http.lib.StaticUserWebFilter$StaticUserFilter) to context logs
2022-11-18 13:06:08,173 [Listener at 0.0.0.0/45267] INFO  http.HttpServer2 (HttpServer2.java:addFilter(1015)) - Added filter static_user_filter (class=org.apache.hadoop.http.lib.StaticUserWebFilter$StaticUserFilter) to context static
2022-11-18 13:06:08,174 [Listener at 0.0.0.0/45267] INFO  http.HttpServer2 (HttpServer2.java:bindListener(1250)) - Jetty bound to port 46579
2022-11-18 13:06:08,174 [Listener at 0.0.0.0/45267] INFO  server.Server (Server.java:doStart(375)) - jetty-9.4.49.v20220914; built: 2022-09-14T01:07:36.601Z; git: 4231a3b2e4cb8548a412a789936d640a97b1aa0a; jvm 1.8.0_345-b01
2022-11-18 13:06:08,174 [8ad84362-fca3-4a94-b029-55aaea538166-impl-thread2] INFO  server.RaftServer$Division (RaftServerImpl.java:lambda$close$4(458)) - 8ad84362-fca3-4a94-b029-55aaea538166@group-A4A895E4F75D: shutdown
2022-11-18 13:06:08,174 [8ad84362-fca3-4a94-b029-55aaea538166-impl-thread2] INFO  util.JmxRegister (JmxRegister.java:unregister(73)) - Successfully un-registered JMX Bean with object name Ratis:service=RaftServer,group=group-A4A895E4F75D,id=8ad84362-fca3-4a94-b029-55aaea538166
2022-11-18 13:06:08,174 [8ad84362-fca3-4a94-b029-55aaea538166-impl-thread2] INFO  impl.RoleInfo (RoleInfo.java:shutdownFollowerState(110)) - 8ad84362-fca3-4a94-b029-55aaea538166: shutdown 8ad84362-fca3-4a94-b029-55aaea538166@group-A4A895E4F75D-FollowerState
2022-11-18 13:06:08,175 [ForkJoinPool.commonPool-worker-1] INFO  server.GrpcService (GrpcService.java:closeImpl(279)) - 8ad84362-fca3-4a94-b029-55aaea538166: shutdown server GrpcServerProtocolService now
2022-11-18 13:06:08,175 [8ad84362-fca3-4a94-b029-55aaea538166-impl-thread3] INFO  server.RaftServer$Division (RaftServerImpl.java:lambda$close$4(458)) - 8ad84362-fca3-4a94-b029-55aaea538166@group-476EF9DE5F3D: shutdown
2022-11-18 13:06:08,175 [8ad84362-fca3-4a94-b029-55aaea538166-impl-thread3] INFO  util.JmxRegister (JmxRegister.java:unregister(73)) - Successfully un-registered JMX Bean with object name Ratis:service=RaftServer,group=group-476EF9DE5F3D,id=8ad84362-fca3-4a94-b029-55aaea538166
2022-11-18 13:06:08,175 [8ad84362-fca3-4a94-b029-55aaea538166-impl-thread3] INFO  impl.RoleInfo (RoleInfo.java:shutdownLeaderState(93)) - 8ad84362-fca3-4a94-b029-55aaea538166: shutdown 8ad84362-fca3-4a94-b029-55aaea538166@group-476EF9DE5F3D-LeaderStateImpl
2022-11-18 13:06:08,175 [8ad84362-fca3-4a94-b029-55aaea538166-impl-thread3] INFO  impl.PendingRequests (PendingRequests.java:sendNotLeaderResponses(282)) - 8ad84362-fca3-4a94-b029-55aaea538166@group-476EF9DE5F3D-PendingRequests: sendNotLeaderResponses
2022-11-18 13:06:08,176 [8ad84362-fca3-4a94-b029-55aaea538166@group-476EF9DE5F3D-StateMachineUpdater] INFO  ratis.ContainerStateMachine (ContainerStateMachine.java:takeSnapshot(304)) - group-476EF9DE5F3D: Taking a snapshot at:(t:1, i:0) file /home/runner/work/ozone/ozone/hadoop-ozone/integration-test/target/test-dir/MiniOzoneClusterImpl-d00242a6-2497-4d17-9cbb-890efb011638/datanode-5/data/ratis/fbf9fbda-701e-4b91-abc6-476ef9de5f3d/sm/snapshot.1_0
2022-11-18 13:06:08,176 [ForkJoinPool.commonPool-worker-1] INFO  server.GrpcService (GrpcService.java:closeImpl(288)) - 8ad84362-fca3-4a94-b029-55aaea538166: shutdown server GrpcServerProtocolService successfully
2022-11-18 13:06:08,176 [8ad84362-fca3-4a94-b029-55aaea538166-impl-thread3] INFO  impl.StateMachineUpdater (StateMachineUpdater.java:stopAndJoin(153)) - 8ad84362-fca3-4a94-b029-55aaea538166@group-476EF9DE5F3D-StateMachineUpdater: set stopIndex = 0
2022-11-18 13:06:08,177 [Listener at 0.0.0.0/45267] INFO  server.session (DefaultSessionIdManager.java:doStart(334)) - DefaultSessionIdManager workerName=node0
2022-11-18 13:06:08,178 [Listener at 0.0.0.0/45267] INFO  server.session (DefaultSessionIdManager.java:doStart(339)) - No SessionScavenger set, using defaults
2022-11-18 13:06:08,178 [Listener at 0.0.0.0/45267] INFO  server.session (HouseKeeper.java:startScavenging(132)) - node0 Scavenging every 660000ms
2022-11-18 13:06:08,177 [8ad84362-fca3-4a94-b029-55aaea538166@group-476EF9DE5F3D-StateMachineUpdater] INFO  ratis.ContainerStateMachine (ContainerStateMachine.java:takeSnapshot(315)) - group-476EF9DE5F3D: Finished taking a snapshot at:(t:1, i:0) file:/home/runner/work/ozone/ozone/hadoop-ozone/integration-test/target/test-dir/MiniOzoneClusterImpl-d00242a6-2497-4d17-9cbb-890efb011638/datanode-5/data/ratis/fbf9fbda-701e-4b91-abc6-476ef9de5f3d/sm/snapshot.1_0 took: 2 ms
2022-11-18 13:06:08,178 [8ad84362-fca3-4a94-b029-55aaea538166@group-476EF9DE5F3D-StateMachineUpdater] INFO  impl.StateMachineUpdater (StateMachineUpdater.java:takeSnapshot(287)) - 8ad84362-fca3-4a94-b029-55aaea538166@group-476EF9DE5F3D-StateMachineUpdater: Took a snapshot at index 0
2022-11-18 13:06:08,178 [8ad84362-fca3-4a94-b029-55aaea538166@group-476EF9DE5F3D-StateMachineUpdater] INFO  impl.StateMachineUpdater (StateMachineUpdater.java:lambda$new$0(92)) - 8ad84362-fca3-4a94-b029-55aaea538166@group-476EF9DE5F3D-StateMachineUpdater: snapshotIndex: updateIncreasingly -1 -> 0
2022-11-18 13:06:08,178 [8ad84362-fca3-4a94-b029-55aaea538166-impl-thread3] INFO  server.RaftServer$Division (ServerState.java:close(466)) - 8ad84362-fca3-4a94-b029-55aaea538166@group-476EF9DE5F3D: closes. applyIndex: 0
2022-11-18 13:06:08,181 [Listener at 0.0.0.0/45267] INFO  handler.ContextHandler (ContextHandler.java:doStart(921)) - Started o.e.j.s.ServletContextHandler@2eb73a42{logs,/logs,file:///home/runner/work/ozone/ozone/hadoop-ozone/integration-test/target/log,AVAILABLE}
2022-11-18 13:06:08,182 [Listener at 0.0.0.0/45267] INFO  handler.ContextHandler (ContextHandler.java:doStart(921)) - Started o.e.j.s.ServletContextHandler@423d662a{static,/static,file:///home/runner/work/ozone/ozone/hadoop-ozone/integration-test/target/test-classes/webapps/static,AVAILABLE}
2022-11-18 13:06:08,184 [8ad84362-fca3-4a94-b029-55aaea538166@group-476EF9DE5F3D-SegmentedRaftLogWorker] INFO  segmented.SegmentedRaftLogWorker (SegmentedRaftLogWorker.java:run(345)) - 8ad84362-fca3-4a94-b029-55aaea538166@group-476EF9DE5F3D-SegmentedRaftLogWorker was interrupted, exiting. There are 0 tasks remaining in the queue.
2022-11-18 13:06:08,184 [8ad84362-fca3-4a94-b029-55aaea538166-impl-thread2] INFO  impl.StateMachineUpdater (StateMachineUpdater.java:stopAndJoin(153)) - 8ad84362-fca3-4a94-b029-55aaea538166@group-A4A895E4F75D-StateMachineUpdater: set stopIndex = 0
2022-11-18 13:06:08,184 [8ad84362-fca3-4a94-b029-55aaea538166@group-A4A895E4F75D-FollowerState] INFO  impl.FollowerState (FollowerState.java:run(152)) - 8ad84362-fca3-4a94-b029-55aaea538166@group-A4A895E4F75D-FollowerState was interrupted
2022-11-18 13:06:08,185 [8ad84362-fca3-4a94-b029-55aaea538166@group-A4A895E4F75D-StateMachineUpdater] INFO  ratis.ContainerStateMachine (ContainerStateMachine.java:takeSnapshot(304)) - group-A4A895E4F75D: Taking a snapshot at:(t:1, i:0) file /home/runner/work/ozone/ozone/hadoop-ozone/integration-test/target/test-dir/MiniOzoneClusterImpl-d00242a6-2497-4d17-9cbb-890efb011638/datanode-5/data/ratis/02b6e0fd-89e1-4c80-88d9-a4a895e4f75d/sm/snapshot.1_0
2022-11-18 13:06:08,185 [Listener at 0.0.0.0/45267] INFO  handler.ContextHandler (ContextHandler.java:doStart(921)) - Started o.e.j.w.WebAppContext@59509393{scm,/,file:///home/runner/work/ozone/ozone/hadoop-ozone/integration-test/target/test-classes/webapps/scm/,AVAILABLE}{file:/home/runner/work/ozone/ozone/hadoop-ozone/integration-test/target/test-classes/webapps/scm}
2022-11-18 13:06:08,185 [8ad84362-fca3-4a94-b029-55aaea538166-impl-thread3] INFO  segmented.SegmentedRaftLogWorker (SegmentedRaftLogWorker.java:close(255)) - 8ad84362-fca3-4a94-b029-55aaea538166@group-476EF9DE5F3D-SegmentedRaftLogWorker close()
2022-11-18 13:06:08,186 [8ad84362-fca3-4a94-b029-55aaea538166@group-A4A895E4F75D-StateMachineUpdater] INFO  ratis.ContainerStateMachine (ContainerStateMachine.java:takeSnapshot(315)) - group-A4A895E4F75D: Finished taking a snapshot at:(t:1, i:0) file:/home/runner/work/ozone/ozone/hadoop-ozone/integration-test/target/test-dir/MiniOzoneClusterImpl-d00242a6-2497-4d17-9cbb-890efb011638/datanode-5/data/ratis/02b6e0fd-89e1-4c80-88d9-a4a895e4f75d/sm/snapshot.1_0 took: 1 ms
2022-11-18 13:06:08,186 [8ad84362-fca3-4a94-b029-55aaea538166@group-A4A895E4F75D-StateMachineUpdater] INFO  impl.StateMachineUpdater (StateMachineUpdater.java:takeSnapshot(287)) - 8ad84362-fca3-4a94-b029-55aaea538166@group-A4A895E4F75D-StateMachineUpdater: Took a snapshot at index 0
2022-11-18 13:06:08,186 [8ad84362-fca3-4a94-b029-55aaea538166@group-A4A895E4F75D-StateMachineUpdater] INFO  impl.StateMachineUpdater (StateMachineUpdater.java:lambda$new$0(92)) - 8ad84362-fca3-4a94-b029-55aaea538166@group-A4A895E4F75D-StateMachineUpdater: snapshotIndex: updateIncreasingly -1 -> 0
2022-11-18 13:06:08,186 [8ad84362-fca3-4a94-b029-55aaea538166-impl-thread2] INFO  server.RaftServer$Division (ServerState.java:close(466)) - 8ad84362-fca3-4a94-b029-55aaea538166@group-A4A895E4F75D: closes. applyIndex: 0
2022-11-18 13:06:08,186 [8ad84362-fca3-4a94-b029-55aaea538166@group-A4A895E4F75D-SegmentedRaftLogWorker] INFO  segmented.SegmentedRaftLogWorker (SegmentedRaftLogWorker.java:run(345)) - 8ad84362-fca3-4a94-b029-55aaea538166@group-A4A895E4F75D-SegmentedRaftLogWorker was interrupted, exiting. There are 0 tasks remaining in the queue.
2022-11-18 13:06:08,186 [8ad84362-fca3-4a94-b029-55aaea538166-impl-thread2] INFO  segmented.SegmentedRaftLogWorker (SegmentedRaftLogWorker.java:close(255)) - 8ad84362-fca3-4a94-b029-55aaea538166@group-A4A895E4F75D-SegmentedRaftLogWorker close()
2022-11-18 13:06:08,187 [JvmPauseMonitor31] INFO  util.JvmPauseMonitor (JvmPauseMonitor.java:run(111)) - JvmPauseMonitor-8ad84362-fca3-4a94-b029-55aaea538166: Stopped
2022-11-18 13:06:08,189 [EndpointStateMachine task thread for /0.0.0.0:40433 - 0 ] INFO  server.RaftServer (RaftServerProxy.java:startImpl(393)) - ea04acba-2572-4ce4-bec1-b0e6c6418c45: start RPC server
2022-11-18 13:06:08,190 [EndpointStateMachine task thread for /0.0.0.0:40433 - 0 ] INFO  server.GrpcService (GrpcService.java:startImpl(270)) - ea04acba-2572-4ce4-bec1-b0e6c6418c45: GrpcService started, listening on 42173
2022-11-18 13:06:08,190 [EndpointStateMachine task thread for /0.0.0.0:40433 - 0 ] INFO  ratis.XceiverServerRatis (XceiverServerRatis.java:getRealPort(502)) - XceiverServerRatis ea04acba-2572-4ce4-bec1-b0e6c6418c45 is started using port 42173 for RATIS
2022-11-18 13:06:08,190 [EndpointStateMachine task thread for /0.0.0.0:40433 - 0 ] INFO  ratis.XceiverServerRatis (XceiverServerRatis.java:getRealPort(502)) - XceiverServerRatis ea04acba-2572-4ce4-bec1-b0e6c6418c45 is started using port 42173 for RATIS_ADMIN
2022-11-18 13:06:08,190 [JvmPauseMonitor56] INFO  util.JvmPauseMonitor (JvmPauseMonitor.java:run(105)) - JvmPauseMonitor-ea04acba-2572-4ce4-bec1-b0e6c6418c45: Started
2022-11-18 13:06:08,190 [EndpointStateMachine task thread for /0.0.0.0:40433 - 0 ] INFO  ratis.XceiverServerRatis (XceiverServerRatis.java:getRealPort(502)) - XceiverServerRatis ea04acba-2572-4ce4-bec1-b0e6c6418c45 is started using port 42173 for RATIS_SERVER
2022-11-18 13:06:08,194 [Listener at 0.0.0.0/45267] INFO  server.AbstractConnector (AbstractConnector.java:doStart(333)) - Started ServerConnector@22cf1808{HTTP/1.1, (http/1.1)}{0.0.0.0:46579}
2022-11-18 13:06:08,194 [Listener at 0.0.0.0/45267] INFO  server.Server (Server.java:doStart(415)) - Started @161687ms
2022-11-18 13:06:08,194 [Listener at 0.0.0.0/45267] WARN  impl.MetricsSystemImpl (MetricsSystemImpl.java:register(279)) - Sink prometheus already exists!
2022-11-18 13:06:08,195 [IPC Server handler 2 on default port 40433] INFO  net.NetworkTopologyImpl (NetworkTopologyImpl.java:add(112)) - Added a new node: /default-rack/db052414-94b4-46f8-aca1-929beb3cfaa7
2022-11-18 13:06:08,195 [IPC Server handler 2 on default port 40433] INFO  node.SCMNodeManager (SCMNodeManager.java:register(397)) - Registered Data node : db052414-94b4-46f8-aca1-929beb3cfaa7{ip: 10.1.0.56, host: fv-az180-400.aibneqh1mxpuhl3tnnuy2ifbce.bx.internal.cloudapp.net, ports: [REPLICATION=36493, RATIS=35073, RATIS_ADMIN=35073, RATIS_SERVER=35073, STANDALONE=36897], networkLocation: /default-rack, certSerialId: null, persistedOpState: null, persistedOpStateExpiryEpochSec: 0}
2022-11-18 13:06:08,196 [Listener at 0.0.0.0/45267] INFO  http.BaseHttpServer (BaseHttpServer.java:updateConnectorAddress(333)) - HTTP server of scm listening at http://0.0.0.0:46579
2022-11-18 13:06:08,196 [Listener at 0.0.0.0/45267] INFO  ozone.MiniOzoneClusterImpl (MiniOzoneClusterImpl.java:lambda$waitForClusterToBeReady$0(216)) - Waiting for nodes to be ready. Got 0 of 7 DN Heartbeats.
2022-11-18 13:06:08,197 [Listener at 0.0.0.0/45267] INFO  ozone.MiniOzoneClusterImpl (MiniOzoneClusterImpl.java:lambda$waitForClusterToBeReady$0(219)) - Waiting for cluster to exit safe mode
2022-11-18 13:06:08,197 [Listener at 0.0.0.0/45267] INFO  ozone.MiniOzoneClusterImpl (MiniOzoneClusterImpl.java:lambda$waitForClusterToBeReady$0(221)) - SCM became leader
2022-11-18 13:06:08,199 [EndpointStateMachine task thread for /0.0.0.0:40433 - 0 ] INFO  server.XceiverServerGrpc (XceiverServerGrpc.java:start(180)) - XceiverServerGrpc ea04acba-2572-4ce4-bec1-b0e6c6418c45 is started using port 45995
2022-11-18 13:06:08,202 [EventQueue-NodeRegistrationContainerReportForContainerSafeModeRule] INFO  safemode.SCMSafeModeManager (SCMSafeModeManager.java:validateSafeModeExitRules(204)) - ContainerSafeModeRule rule is successfully validated
2022-11-18 13:06:08,210 [EventQueue-NewNodeForNewNodeHandler] INFO  pipeline.BackgroundPipelineCreator (BackgroundPipelineCreator.java:notifyEventTriggered(276)) - trigger a one-shot run on RatisPipelineUtilsThread.
2022-11-18 13:06:08,210 [EventQueue-NodeRegistrationContainerReportForDataNodeSafeModeRule] INFO  safemode.SCMSafeModeManager (DataNodeSafeModeRule.java:process(71)) - SCM in safe mode. 1 DataNodes registered, 3 required.
2022-11-18 13:06:08,210 [RatisPipelineUtilsThread - 0] INFO  pipeline.RatisPipelineProvider (RatisPipelineProvider.java:lambda$create$0(195)) - Sending CreatePipelineCommand for pipeline:PipelineID=dfc901ef-bb3c-489b-8e9d-b31d183e6566 to datanode:db052414-94b4-46f8-aca1-929beb3cfaa7
2022-11-18 13:06:08,210 [RatisPipelineUtilsThread - 0] INFO  pipeline.PipelineStateManagerImpl (PipelineStateManagerImpl.java:addPipeline(103)) - Created pipeline Pipeline[ Id: dfc901ef-bb3c-489b-8e9d-b31d183e6566, Nodes: db052414-94b4-46f8-aca1-929beb3cfaa7{ip: 10.1.0.56, host: fv-az180-400.aibneqh1mxpuhl3tnnuy2ifbce.bx.internal.cloudapp.net, ports: [REPLICATION=36493, RATIS=35073, RATIS_ADMIN=35073, RATIS_SERVER=35073, STANDALONE=36897], networkLocation: /default-rack, certSerialId: null, persistedOpState: IN_SERVICE, persistedOpStateExpiryEpochSec: 0}, ReplicationConfig: RATIS/ONE, State:ALLOCATED, leaderId:, CreationTimestamp2022-11-18T13:06:08.210Z[Etc/UTC]].
2022-11-18 13:06:08,216 [EventQueue-PipelineReportForOneReplicaPipelineSafeModeRule] INFO  safemode.SCMSafeModeManager (SCMSafeModeManager.java:validateSafeModeExitRules(204)) - AtleastOneDatanodeReportedRule rule is successfully validated
2022-11-18 13:06:08,399 [EndpointStateMachine task thread for /0.0.0.0:40433 - 0 ] INFO  utils.DatanodeStoreCache (DatanodeStoreCache.java:addDB(58)) - Added db /home/runner/work/ozone/ozone/hadoop-ozone/integration-test/target/test-dir/MiniOzoneClusterImpl-d3d67884-f8de-446f-8121-b5603e1f9142/datanode-5/data-0/containers/hdds/d3d67884-f8de-446f-8121-b5603e1f9142/DS-1a0297e7-2dad-4e6f-ba2d-0e51790ec10e/container.db to cache
2022-11-18 13:06:08,399 [EndpointStateMachine task thread for /0.0.0.0:40433 - 0 ] INFO  volume.HddsVolume (HddsVolume.java:createDbStore(307)) - SchemaV3 db is created and loaded at /home/runner/work/ozone/ozone/hadoop-ozone/integration-test/target/test-dir/MiniOzoneClusterImpl-d3d67884-f8de-446f-8121-b5603e1f9142/datanode-5/data-0/containers/hdds/d3d67884-f8de-446f-8121-b5603e1f9142/DS-1a0297e7-2dad-4e6f-ba2d-0e51790ec10e/container.db for volume DS-1a0297e7-2dad-4e6f-ba2d-0e51790ec10e
2022-11-18 13:06:08,399 [EndpointStateMachine task thread for /0.0.0.0:40433 - 0 ] INFO  ozoneimpl.OzoneContainer (OzoneContainer.java:start(395)) - Attempting to start container services.
2022-11-18 13:06:08,400 [EndpointStateMachine task thread for /0.0.0.0:40433 - 0 ] INFO  ozoneimpl.OzoneContainer (OzoneContainer.java:startContainerScrub(312)) - Scheduled background container scanners and the on-demand container scanner have been disabled.
2022-11-18 13:06:08,400 [EndpointStateMachine task thread for /0.0.0.0:40433 - 0 ] INFO  replication.ReplicationServer (ReplicationServer.java:start(111)) - ReplicationServer is started using port 35389
2022-11-18 13:06:08,403 [EndpointStateMachine task thread for /0.0.0.0:40433 - 0 ] INFO  ratis.XceiverServerRatis (XceiverServerRatis.java:start(481)) - Starting XceiverServerRatis 767ffbb5-8206-4017-b2eb-6858697bfab3
2022-11-18 13:06:08,410 [EndpointStateMachine task thread for /0.0.0.0:40433 - 0 ] INFO  server.RaftServer (RaftServerProxy.java:startImpl(393)) - 767ffbb5-8206-4017-b2eb-6858697bfab3: start RPC server
2022-11-18 13:06:08,411 [EndpointStateMachine task thread for /0.0.0.0:40433 - 0 ] INFO  server.GrpcService (GrpcService.java:startImpl(270)) - 767ffbb5-8206-4017-b2eb-6858697bfab3: GrpcService started, listening on 39469
2022-11-18 13:06:08,411 [EndpointStateMachine task thread for /0.0.0.0:40433 - 0 ] INFO  ratis.XceiverServerRatis (XceiverServerRatis.java:getRealPort(502)) - XceiverServerRatis 767ffbb5-8206-4017-b2eb-6858697bfab3 is started using port 39469 for RATIS
2022-11-18 13:06:08,411 [EndpointStateMachine task thread for /0.0.0.0:40433 - 0 ] INFO  ratis.XceiverServerRatis (XceiverServerRatis.java:getRealPort(502)) - XceiverServerRatis 767ffbb5-8206-4017-b2eb-6858697bfab3 is started using port 39469 for RATIS_ADMIN
2022-11-18 13:06:08,411 [EndpointStateMachine task thread for /0.0.0.0:40433 - 0 ] INFO  ratis.XceiverServerRatis (XceiverServerRatis.java:getRealPort(502)) - XceiverServerRatis 767ffbb5-8206-4017-b2eb-6858697bfab3 is started using port 39469 for RATIS_SERVER
2022-11-18 13:06:08,413 [JvmPauseMonitor57] INFO  util.JvmPauseMonitor (JvmPauseMonitor.java:run(105)) - JvmPauseMonitor-767ffbb5-8206-4017-b2eb-6858697bfab3: Started
2022-11-18 13:06:08,413 [EndpointStateMachine task thread for /0.0.0.0:40433 - 0 ] INFO  server.XceiverServerGrpc (XceiverServerGrpc.java:start(180)) - XceiverServerGrpc 767ffbb5-8206-4017-b2eb-6858697bfab3 is started using port 41359
2022-11-18 13:06:08,438 [Under Replicated Processor] WARN  replication.ECUnderReplicationHandler (ECUnderReplicationHandler.java:processAndCreateCommands(211)) - Cannot proceed for EC container reconstruction for #10, due to insufficient source replicas found. Number of source replicas needed: 3. Number of available source replicas are: 1. Available sources are: {3=(ContainerReplica{containerID=#10, state=CLOSED, datanodeDetails=961e98b4-0515-4e33-9a5e-b87989e0967c{ip: 10.1.0.56, host: fv-az180-400.aibneqh1mxpuhl3tnnuy2ifbce.bx.internal.cloudapp.net, ports: [REPLICATION=32803, RATIS=45547, RATIS_ADMIN=45547, RATIS_SERVER=45547, STANDALONE=33243], networkLocation: /default-rack, certSerialId: null, persistedOpState: IN_SERVICE, persistedOpStateExpiryEpochSec: 0}, placeOfBirth=961e98b4-0515-4e33-9a5e-b87989e0967c, sequenceId=0, keyCount=5, bytesUsed=0,replicaIndex=3},OperationalState: IN_SERVICE Health: HEALTHY OperationStateExpiry: 0)}
2022-11-18 13:06:08,439 [Under Replicated Processor] WARN  replication.ECUnderReplicationHandler (ECUnderReplicationHandler.java:processAndCreateCommands(258)) - Container #10 is under replicated, but no commands were created to correct it
2022-11-18 13:06:08,439 [Under Replicated Processor] WARN  net.NetworkTopologyImpl (NetworkTopologyImpl.java:chooseNodeInternal(653)) - No available node in (scope="/default-rack" excludedScope="null" excludedNodes="[8ad84362-fca3-4a94-b029-55aaea538166{ip: 10.1.0.56, host: fv-az180-400.aibneqh1mxpuhl3tnnuy2ifbce.bx.internal.cloudapp.net, ports: [REPLICATION=45785, RATIS=38939, RATIS_ADMIN=38939, RATIS_SERVER=38939, STANDALONE=38791], networkLocation: /default-rack, certSerialId: null, persistedOpState: IN_SERVICE, persistedOpStateExpiryEpochSec: 0}, 1bb9cbb4-eec0-4324-8de7-fca776b53f2b{ip: 10.1.0.56, host: fv-az180-400.aibneqh1mxpuhl3tnnuy2ifbce.bx.internal.cloudapp.net, ports: [REPLICATION=45141, RATIS=44667, RATIS_ADMIN=44667, RATIS_SERVER=44667, STANDALONE=45879], networkLocation: /default-rack, certSerialId: null, persistedOpState: IN_SERVICE, persistedOpStateExpiryEpochSec: 0}, 961e98b4-0515-4e33-9a5e-b87989e0967c{ip: 10.1.0.56, host: fv-az180-400.aibneqh1mxpuhl3tnnuy2ifbce.bx.internal.cloudapp.net, ports: [REPLICATION=32803, RATIS=45547, RATIS_ADMIN=45547, RATIS_SERVER=45547, STANDALONE=33243], networkLocation: /default-rack, certSerialId: null, persistedOpState: IN_SERVICE, persistedOpStateExpiryEpochSec: 0}, a36f0c9e-34c7-41e1-90e2-5c691522fdfd{ip: 10.1.0.56, host: fv-az180-400.aibneqh1mxpuhl3tnnuy2ifbce.bx.internal.cloudapp.net, ports: [REPLICATION=43001, RATIS=35103, RATIS_ADMIN=35103, RATIS_SERVER=35103, STANDALONE=34509], networkLocation: /default-rack, certSerialId: null, persistedOpState: IN_SERVICE, persistedOpStateExpiryEpochSec: 0}, a49fbcfb-f7dc-4282-aec4-a4f9f3e2b5ab{ip: 10.1.0.56, host: fv-az180-400.aibneqh1mxpuhl3tnnuy2ifbce.bx.internal.cloudapp.net, ports: [REPLICATION=41799, RATIS=37955, RATIS_ADMIN=37955, RATIS_SERVER=37955, STANDALONE=46377], networkLocation: /default-rack, certSerialId: null, persistedOpState: null, persistedOpStateExpiryEpochSec: 0}]"  ancestorGen="0").
2022-11-18 13:06:08,439 [Under Replicated Processor] WARN  net.NetworkTopologyImpl (NetworkTopologyImpl.java:chooseNodeInternal(653)) - No available node in (scope="/default-rack" excludedScope="null" excludedNodes="[8ad84362-fca3-4a94-b029-55aaea538166{ip: 10.1.0.56, host: fv-az180-400.aibneqh1mxpuhl3tnnuy2ifbce.bx.internal.cloudapp.net, ports: [REPLICATION=45785, RATIS=38939, RATIS_ADMIN=38939, RATIS_SERVER=38939, STANDALONE=38791], networkLocation: /default-rack, certSerialId: null, persistedOpState: IN_SERVICE, persistedOpStateExpiryEpochSec: 0}, 1bb9cbb4-eec0-4324-8de7-fca776b53f2b{ip: 10.1.0.56, host: fv-az180-400.aibneqh1mxpuhl3tnnuy2ifbce.bx.internal.cloudapp.net, ports: [REPLICATION=45141, RATIS=44667, RATIS_ADMIN=44667, RATIS_SERVER=44667, STANDALONE=45879], networkLocation: /default-rack, certSerialId: null, persistedOpState: IN_SERVICE, persistedOpStateExpiryEpochSec: 0}, 961e98b4-0515-4e33-9a5e-b87989e0967c{ip: 10.1.0.56, host: fv-az180-400.aibneqh1mxpuhl3tnnuy2ifbce.bx.internal.cloudapp.net, ports: [REPLICATION=32803, RATIS=45547, RATIS_ADMIN=45547, RATIS_SERVER=45547, STANDALONE=33243], networkLocation: /default-rack, certSerialId: null, persistedOpState: IN_SERVICE, persistedOpStateExpiryEpochSec: 0}, a36f0c9e-34c7-41e1-90e2-5c691522fdfd{ip: 10.1.0.56, host: fv-az180-400.aibneqh1mxpuhl3tnnuy2ifbce.bx.internal.cloudapp.net, ports: [REPLICATION=43001, RATIS=35103, RATIS_ADMIN=35103, RATIS_SERVER=35103, STANDALONE=34509], networkLocation: /default-rack, certSerialId: null, persistedOpState: IN_SERVICE, persistedOpStateExpiryEpochSec: 0}, a49fbcfb-f7dc-4282-aec4-a4f9f3e2b5ab{ip: 10.1.0.56, host: fv-az180-400.aibneqh1mxpuhl3tnnuy2ifbce.bx.internal.cloudapp.net, ports: [REPLICATION=41799, RATIS=37955, RATIS_ADMIN=37955, RATIS_SERVER=37955, STANDALONE=46377], networkLocation: /default-rack, certSerialId: null, persistedOpState: null, persistedOpStateExpiryEpochSec: 0}]"  ancestorGen="0").
2022-11-18 13:06:08,439 [Under Replicated Processor] WARN  net.NetworkTopologyImpl (NetworkTopologyImpl.java:chooseNodeInternal(653)) - No available node in (scope="/default-rack" excludedScope="null" excludedNodes="[8ad84362-fca3-4a94-b029-55aaea538166{ip: 10.1.0.56, host: fv-az180-400.aibneqh1mxpuhl3tnnuy2ifbce.bx.internal.cloudapp.net, ports: [REPLICATION=45785, RATIS=38939, RATIS_ADMIN=38939, RATIS_SERVER=38939, STANDALONE=38791], networkLocation: /default-rack, certSerialId: null, persistedOpState: IN_SERVICE, persistedOpStateExpiryEpochSec: 0}, 1bb9cbb4-eec0-4324-8de7-fca776b53f2b{ip: 10.1.0.56, host: fv-az180-400.aibneqh1mxpuhl3tnnuy2ifbce.bx.internal.cloudapp.net, ports: [REPLICATION=45141, RATIS=44667, RATIS_ADMIN=44667, RATIS_SERVER=44667, STANDALONE=45879], networkLocation: /default-rack, certSerialId: null, persistedOpState: IN_SERVICE, persistedOpStateExpiryEpochSec: 0}, 961e98b4-0515-4e33-9a5e-b87989e0967c{ip: 10.1.0.56, host: fv-az180-400.aibneqh1mxpuhl3tnnuy2ifbce.bx.internal.cloudapp.net, ports: [REPLICATION=32803, RATIS=45547, RATIS_ADMIN=45547, RATIS_SERVER=45547, STANDALONE=33243], networkLocation: /default-rack, certSerialId: null, persistedOpState: IN_SERVICE, persistedOpStateExpiryEpochSec: 0}, a36f0c9e-34c7-41e1-90e2-5c691522fdfd{ip: 10.1.0.56, host: fv-az180-400.aibneqh1mxpuhl3tnnuy2ifbce.bx.internal.cloudapp.net, ports: [REPLICATION=43001, RATIS=35103, RATIS_ADMIN=35103, RATIS_SERVER=35103, STANDALONE=34509], networkLocation: /default-rack, certSerialId: null, persistedOpState: IN_SERVICE, persistedOpStateExpiryEpochSec: 0}, a49fbcfb-f7dc-4282-aec4-a4f9f3e2b5ab{ip: 10.1.0.56, host: fv-az180-400.aibneqh1mxpuhl3tnnuy2ifbce.bx.internal.cloudapp.net, ports: [REPLICATION=41799, RATIS=37955, RATIS_ADMIN=37955, RATIS_SERVER=37955, STANDALONE=46377], networkLocation: /default-rack, certSerialId: null, persistedOpState: null, persistedOpStateExpiryEpochSec: 0}]"  ancestorGen="0").
2022-11-18 13:06:08,439 [Under Replicated Processor] WARN  net.NetworkTopologyImpl (NetworkTopologyImpl.java:chooseNodeInternal(653)) - No available node in (scope="/default-rack" excludedScope="null" excludedNodes="[8ad84362-fca3-4a94-b029-55aaea538166{ip: 10.1.0.56, host: fv-az180-400.aibneqh1mxpuhl3tnnuy2ifbce.bx.internal.cloudapp.net, ports: [REPLICATION=45785, RATIS=38939, RATIS_ADMIN=38939, RATIS_SERVER=38939, STANDALONE=38791], networkLocation: /default-rack, certSerialId: null, persistedOpState: IN_SERVICE, persistedOpStateExpiryEpochSec: 0}, 1bb9cbb4-eec0-4324-8de7-fca776b53f2b{ip: 10.1.0.56, host: fv-az180-400.aibneqh1mxpuhl3tnnuy2ifbce.bx.internal.cloudapp.net, ports: [REPLICATION=45141, RATIS=44667, RATIS_ADMIN=44667, RATIS_SERVER=44667, STANDALONE=45879], networkLocation: /default-rack, certSerialId: null, persistedOpState: IN_SERVICE, persistedOpStateExpiryEpochSec: 0}, 961e98b4-0515-4e33-9a5e-b87989e0967c{ip: 10.1.0.56, host: fv-az180-400.aibneqh1mxpuhl3tnnuy2ifbce.bx.internal.cloudapp.net, ports: [REPLICATION=32803, RATIS=45547, RATIS_ADMIN=45547, RATIS_SERVER=45547, STANDALONE=33243], networkLocation: /default-rack, certSerialId: null, persistedOpState: IN_SERVICE, persistedOpStateExpiryEpochSec: 0}, a36f0c9e-34c7-41e1-90e2-5c691522fdfd{ip: 10.1.0.56, host: fv-az180-400.aibneqh1mxpuhl3tnnuy2ifbce.bx.internal.cloudapp.net, ports: [REPLICATION=43001, RATIS=35103, RATIS_ADMIN=35103, RATIS_SERVER=35103, STANDALONE=34509], networkLocation: /default-rack, certSerialId: null, persistedOpState: IN_SERVICE, persistedOpStateExpiryEpochSec: 0}, a49fbcfb-f7dc-4282-aec4-a4f9f3e2b5ab{ip: 10.1.0.56, host: fv-az180-400.aibneqh1mxpuhl3tnnuy2ifbce.bx.internal.cloudapp.net, ports: [REPLICATION=41799, RATIS=37955, RATIS_ADMIN=37955, RATIS_SERVER=37955, STANDALONE=46377], networkLocation: /default-rack, certSerialId: null, persistedOpState: null, persistedOpStateExpiryEpochSec: 0}]"  ancestorGen="0").
2022-11-18 13:06:08,439 [Under Replicated Processor] INFO  algorithms.SCMContainerPlacementRackScatter (SCMContainerPlacementRackScatter.java:chooseNode(379)) - No satisfied datanode to meet the constraints. Metadatadata size required: 0 Data size required: 5368709120, scope /default-rack, excluded nodes [8ad84362-fca3-4a94-b029-55aaea538166{ip: 10.1.0.56, host: fv-az180-400.aibneqh1mxpuhl3tnnuy2ifbce.bx.internal.cloudapp.net, ports: [REPLICATION=45785, RATIS=38939, RATIS_ADMIN=38939, RATIS_SERVER=38939, STANDALONE=38791], networkLocation: /default-rack, certSerialId: null, persistedOpState: IN_SERVICE, persistedOpStateExpiryEpochSec: 0}, 1bb9cbb4-eec0-4324-8de7-fca776b53f2b{ip: 10.1.0.56, host: fv-az180-400.aibneqh1mxpuhl3tnnuy2ifbce.bx.internal.cloudapp.net, ports: [REPLICATION=45141, RATIS=44667, RATIS_ADMIN=44667, RATIS_SERVER=44667, STANDALONE=45879], networkLocation: /default-rack, certSerialId: null, persistedOpState: IN_SERVICE, persistedOpStateExpiryEpochSec: 0}, 961e98b4-0515-4e33-9a5e-b87989e0967c{ip: 10.1.0.56, host: fv-az180-400.aibneqh1mxpuhl3tnnuy2ifbce.bx.internal.cloudapp.net, ports: [REPLICATION=32803, RATIS=45547, RATIS_ADMIN=45547, RATIS_SERVER=45547, STANDALONE=33243], networkLocation: /default-rack, certSerialId: null, persistedOpState: IN_SERVICE, persistedOpStateExpiryEpochSec: 0}, a36f0c9e-34c7-41e1-90e2-5c691522fdfd{ip: 10.1.0.56, host: fv-az180-400.aibneqh1mxpuhl3tnnuy2ifbce.bx.internal.cloudapp.net, ports: [REPLICATION=43001, RATIS=35103, RATIS_ADMIN=35103, RATIS_SERVER=35103, STANDALONE=34509], networkLocation: /default-rack, certSerialId: null, persistedOpState: IN_SERVICE, persistedOpStateExpiryEpochSec: 0}, a49fbcfb-f7dc-4282-aec4-a4f9f3e2b5ab{ip: 10.1.0.56, host: fv-az180-400.aibneqh1mxpuhl3tnnuy2ifbce.bx.internal.cloudapp.net, ports: [REPLICATION=41799, RATIS=37955, RATIS_ADMIN=37955, RATIS_SERVER=37955, STANDALONE=46377], networkLocation: /default-rack, certSerialId: null, persistedOpState: null, persistedOpStateExpiryEpochSec: 0}]
2022-11-18 13:06:08,440 [Under Replicated Processor] WARN  algorithms.SCMContainerPlacementRackScatter (SCMContainerPlacementRackScatter.java:chooseDatanodesInternal(281)) - Placement policy could not choose the enough nodes from available racks. Chosen nodes size from Unique Racks: 0, but required nodes to choose from Unique Racks: 1 do not match. Available racks count: 1, Excluded nodes count: 4
2022-11-18 13:06:08,440 [Under Replicated Processor] WARN  replication.ECUnderReplicationHandler (ECUnderReplicationHandler.java:processAndCreateCommands(252)) - Exception while processing for creating the EC reconstruction container commands for #8.
org.apache.hadoop.hdds.scm.exceptions.SCMException: Chosen nodes size from Unique Racks: 0, but required nodes to choose from Unique Racks: 1 do not match.
	at org.apache.hadoop.hdds.scm.container.placement.algorithms.SCMContainerPlacementRackScatter.chooseDatanodesInternal(SCMContainerPlacementRackScatter.java:286)
	at org.apache.hadoop.hdds.scm.SCMCommonPlacementPolicy.chooseDatanodes(SCMCommonPlacementPolicy.java:175)
	at org.apache.hadoop.hdds.scm.SCMCommonPlacementPolicy.chooseDatanodes(SCMCommonPlacementPolicy.java:117)
	at org.apache.hadoop.hdds.scm.container.replication.ECUnderReplicationHandler.getTargetDatanodes(ECUnderReplicationHandler.java:303)
	at org.apache.hadoop.hdds.scm.container.replication.ECUnderReplicationHandler.processAndCreateCommands(ECUnderReplicationHandler.java:186)
	at org.apache.hadoop.hdds.scm.container.replication.ReplicationManager.processUnderReplicatedContainer(ReplicationManager.java:483)
	at org.apache.hadoop.hdds.scm.container.replication.UnderReplicatedProcessor.processContainer(UnderReplicatedProcessor.java:99)
	at org.apache.hadoop.hdds.scm.container.replication.UnderReplicatedProcessor.processAll(UnderReplicatedProcessor.java:83)
	at org.apache.hadoop.hdds.scm.container.replication.UnderReplicatedProcessor.run(UnderReplicatedProcessor.java:144)
	at java.lang.Thread.run(Thread.java:750)
2022-11-18 13:06:08,440 [Under Replicated Processor] ERROR replication.UnderReplicatedProcessor (UnderReplicatedProcessor.java:processAll(86)) - Error processing under replicated container ContainerInfo{id=#8, state=CLOSED, pipelineID=PipelineID=67e84420-6fe2-43b6-bc4f-8bf4477b66f2, stateEnterTime=2022-11-18T13:05:28.764Z, owner=om1}
org.apache.hadoop.hdds.scm.exceptions.SCMException: Chosen nodes size from Unique Racks: 0, but required nodes to choose from Unique Racks: 1 do not match.
	at org.apache.hadoop.hdds.scm.container.placement.algorithms.SCMContainerPlacementRackScatter.chooseDatanodesInternal(SCMContainerPlacementRackScatter.java:286)
	at org.apache.hadoop.hdds.scm.SCMCommonPlacementPolicy.chooseDatanodes(SCMCommonPlacementPolicy.java:175)
	at org.apache.hadoop.hdds.scm.SCMCommonPlacementPolicy.chooseDatanodes(SCMCommonPlacementPolicy.java:117)
	at org.apache.hadoop.hdds.scm.container.replication.ECUnderReplicationHandler.getTargetDatanodes(ECUnderReplicationHandler.java:303)
	at org.apache.hadoop.hdds.scm.container.replication.ECUnderReplicationHandler.processAndCreateCommands(ECUnderReplicationHandler.java:186)
	at org.apache.hadoop.hdds.scm.container.replication.ReplicationManager.processUnderReplicatedContainer(ReplicationManager.java:483)
	at org.apache.hadoop.hdds.scm.container.replication.UnderReplicatedProcessor.processContainer(UnderReplicatedProcessor.java:99)
	at org.apache.hadoop.hdds.scm.container.replication.UnderReplicatedProcessor.processAll(UnderReplicatedProcessor.java:83)
	at org.apache.hadoop.hdds.scm.container.replication.UnderReplicatedProcessor.run(UnderReplicatedProcessor.java:144)
	at java.lang.Thread.run(Thread.java:750)
2022-11-18 13:06:08,440 [Over Replicated Processor] INFO  replication.OverReplicatedProcessor (OverReplicatedProcessor.java:processAll(90)) - Processed 0 over replicated containers, failed processing 0
2022-11-18 13:06:08,440 [Under Replicated Processor] WARN  replication.ECUnderReplicationHandler (ECUnderReplicationHandler.java:processAndCreateCommands(211)) - Cannot proceed for EC container reconstruction for #9, due to insufficient source replicas found. Number of source replicas needed: 3. Number of available source replicas are: 2. Available sources are: {4=(ContainerReplica{containerID=#9, state=CLOSED, datanodeDetails=8ad84362-fca3-4a94-b029-55aaea538166{ip: 10.1.0.56, host: fv-az180-400.aibneqh1mxpuhl3tnnuy2ifbce.bx.internal.cloudapp.net, ports: [REPLICATION=45785, RATIS=38939, RATIS_ADMIN=38939, RATIS_SERVER=38939, STANDALONE=38791], networkLocation: /default-rack, certSerialId: null, persistedOpState: IN_SERVICE, persistedOpStateExpiryEpochSec: 0}, placeOfBirth=8ad84362-fca3-4a94-b029-55aaea538166, sequenceId=0, keyCount=5, bytesUsed=95,replicaIndex=4},OperationalState: IN_SERVICE Health: HEALTHY OperationStateExpiry: 0), 5=(ContainerReplica{containerID=#9, state=CLOSED, datanodeDetails=1bb9cbb4-eec0-4324-8de7-fca776b53f2b{ip: 10.1.0.56, host: fv-az180-400.aibneqh1mxpuhl3tnnuy2ifbce.bx.internal.cloudapp.net, ports: [REPLICATION=45141, RATIS=44667, RATIS_ADMIN=44667, RATIS_SERVER=44667, STANDALONE=45879], networkLocation: /default-rack, certSerialId: null, persistedOpState: IN_SERVICE, persistedOpStateExpiryEpochSec: 0}, placeOfBirth=1bb9cbb4-eec0-4324-8de7-fca776b53f2b, sequenceId=0, keyCount=5, bytesUsed=95,replicaIndex=5},OperationalState: IN_SERVICE Health: HEALTHY OperationStateExpiry: 0)}
2022-11-18 13:06:08,440 [Under Replicated Processor] WARN  replication.ECUnderReplicationHandler (ECUnderReplicationHandler.java:processAndCreateCommands(258)) - Container #9 is under replicated, but no commands were created to correct it
2022-11-18 13:06:08,441 [Under Replicated Processor] WARN  replication.ECUnderReplicationHandler (ECUnderReplicationHandler.java:processAndCreateCommands(211)) - Cannot proceed for EC container reconstruction for #7, due to insufficient source replicas found. Number of source replicas needed: 3. Number of available source replicas are: 2. Available sources are: {1=(ContainerReplica{containerID=#7, state=CLOSED, datanodeDetails=8ad84362-fca3-4a94-b029-55aaea538166{ip: 10.1.0.56, host: fv-az180-400.aibneqh1mxpuhl3tnnuy2ifbce.bx.internal.cloudapp.net, ports: [REPLICATION=45785, RATIS=38939, RATIS_ADMIN=38939, RATIS_SERVER=38939, STANDALONE=38791], networkLocation: /default-rack, certSerialId: null, persistedOpState: IN_SERVICE, persistedOpStateExpiryEpochSec: 0}, placeOfBirth=8ad84362-fca3-4a94-b029-55aaea538166, sequenceId=0, keyCount=4, bytesUsed=76,replicaIndex=1},OperationalState: IN_SERVICE Health: HEALTHY OperationStateExpiry: 0), 2=(ContainerReplica{containerID=#7, state=CLOSED, datanodeDetails=961e98b4-0515-4e33-9a5e-b87989e0967c{ip: 10.1.0.56, host: fv-az180-400.aibneqh1mxpuhl3tnnuy2ifbce.bx.internal.cloudapp.net, ports: [REPLICATION=32803, RATIS=45547, RATIS_ADMIN=45547, RATIS_SERVER=45547, STANDALONE=33243], networkLocation: /default-rack, certSerialId: null, persistedOpState: IN_SERVICE, persistedOpStateExpiryEpochSec: 0}, placeOfBirth=961e98b4-0515-4e33-9a5e-b87989e0967c, sequenceId=0, keyCount=4, bytesUsed=0,replicaIndex=2},OperationalState: IN_SERVICE Health: HEALTHY OperationStateExpiry: 0)}
2022-11-18 13:06:08,441 [Under Replicated Processor] WARN  replication.ECUnderReplicationHandler (ECUnderReplicationHandler.java:processAndCreateCommands(258)) - Container #7 is under replicated, but no commands were created to correct it
2022-11-18 13:06:08,441 [Under Replicated Processor] WARN  net.NetworkTopologyImpl (NetworkTopologyImpl.java:chooseNodeInternal(653)) - No available node in (scope="/default-rack" excludedScope="null" excludedNodes="[8ad84362-fca3-4a94-b029-55aaea538166{ip: 10.1.0.56, host: fv-az180-400.aibneqh1mxpuhl3tnnuy2ifbce.bx.internal.cloudapp.net, ports: [REPLICATION=45785, RATIS=38939, RATIS_ADMIN=38939, RATIS_SERVER=38939, STANDALONE=38791], networkLocation: /default-rack, certSerialId: null, persistedOpState: IN_SERVICE, persistedOpStateExpiryEpochSec: 0}, 1bb9cbb4-eec0-4324-8de7-fca776b53f2b{ip: 10.1.0.56, host: fv-az180-400.aibneqh1mxpuhl3tnnuy2ifbce.bx.internal.cloudapp.net, ports: [REPLICATION=45141, RATIS=44667, RATIS_ADMIN=44667, RATIS_SERVER=44667, STANDALONE=45879], networkLocation: /default-rack, certSerialId: null, persistedOpState: IN_SERVICE, persistedOpStateExpiryEpochSec: 0}, 961e98b4-0515-4e33-9a5e-b87989e0967c{ip: 10.1.0.56, host: fv-az180-400.aibneqh1mxpuhl3tnnuy2ifbce.bx.internal.cloudapp.net, ports: [REPLICATION=32803, RATIS=45547, RATIS_ADMIN=45547, RATIS_SERVER=45547, STANDALONE=33243], networkLocation: /default-rack, certSerialId: null, persistedOpState: IN_SERVICE, persistedOpStateExpiryEpochSec: 0}, a36f0c9e-34c7-41e1-90e2-5c691522fdfd{ip: 10.1.0.56, host: fv-az180-400.aibneqh1mxpuhl3tnnuy2ifbce.bx.internal.cloudapp.net, ports: [REPLICATION=43001, RATIS=35103, RATIS_ADMIN=35103, RATIS_SERVER=35103, STANDALONE=34509], networkLocation: /default-rack, certSerialId: null, persistedOpState: IN_SERVICE, persistedOpStateExpiryEpochSec: 0}, a49fbcfb-f7dc-4282-aec4-a4f9f3e2b5ab{ip: 10.1.0.56, host: fv-az180-400.aibneqh1mxpuhl3tnnuy2ifbce.bx.internal.cloudapp.net, ports: [REPLICATION=41799, RATIS=37955, RATIS_ADMIN=37955, RATIS_SERVER=37955, STANDALONE=46377], networkLocation: /default-rack, certSerialId: null, persistedOpState: null, persistedOpStateExpiryEpochSec: 0}]"  ancestorGen="0").
2022-11-18 13:06:08,441 [Under Replicated Processor] WARN  net.NetworkTopologyImpl (NetworkTopologyImpl.java:chooseNodeInternal(653)) - No available node in (scope="/default-rack" excludedScope="null" excludedNodes="[8ad84362-fca3-4a94-b029-55aaea538166{ip: 10.1.0.56, host: fv-az180-400.aibneqh1mxpuhl3tnnuy2ifbce.bx.internal.cloudapp.net, ports: [REPLICATION=45785, RATIS=38939, RATIS_ADMIN=38939, RATIS_SERVER=38939, STANDALONE=38791], networkLocation: /default-rack, certSerialId: null, persistedOpState: IN_SERVICE, persistedOpStateExpiryEpochSec: 0}, 1bb9cbb4-eec0-4324-8de7-fca776b53f2b{ip: 10.1.0.56, host: fv-az180-400.aibneqh1mxpuhl3tnnuy2ifbce.bx.internal.cloudapp.net, ports: [REPLICATION=45141, RATIS=44667, RATIS_ADMIN=44667, RATIS_SERVER=44667, STANDALONE=45879], networkLocation: /default-rack, certSerialId: null, persistedOpState: IN_SERVICE, persistedOpStateExpiryEpochSec: 0}, 961e98b4-0515-4e33-9a5e-b87989e0967c{ip: 10.1.0.56, host: fv-az180-400.aibneqh1mxpuhl3tnnuy2ifbce.bx.internal.cloudapp.net, ports: [REPLICATION=32803, RATIS=45547, RATIS_ADMIN=45547, RATIS_SERVER=45547, STANDALONE=33243], networkLocation: /default-rack, certSerialId: null, persistedOpState: IN_SERVICE, persistedOpStateExpiryEpochSec: 0}, a36f0c9e-34c7-41e1-90e2-5c691522fdfd{ip: 10.1.0.56, host: fv-az180-400.aibneqh1mxpuhl3tnnuy2ifbce.bx.internal.cloudapp.net, ports: [REPLICATION=43001, RATIS=35103, RATIS_ADMIN=35103, RATIS_SERVER=35103, STANDALONE=34509], networkLocation: /default-rack, certSerialId: null, persistedOpState: IN_SERVICE, persistedOpStateExpiryEpochSec: 0}, a49fbcfb-f7dc-4282-aec4-a4f9f3e2b5ab{ip: 10.1.0.56, host: fv-az180-400.aibneqh1mxpuhl3tnnuy2ifbce.bx.internal.cloudapp.net, ports: [REPLICATION=41799, RATIS=37955, RATIS_ADMIN=37955, RATIS_SERVER=37955, STANDALONE=46377], networkLocation: /default-rack, certSerialId: null, persistedOpState: null, persistedOpStateExpiryEpochSec: 0}]"  ancestorGen="0").
2022-11-18 13:06:08,441 [Under Replicated Processor] WARN  net.NetworkTopologyImpl (NetworkTopologyImpl.java:chooseNodeInternal(653)) - No available node in (scope="/default-rack" excludedScope="null" excludedNodes="[8ad84362-fca3-4a94-b029-55aaea538166{ip: 10.1.0.56, host: fv-az180-400.aibneqh1mxpuhl3tnnuy2ifbce.bx.internal.cloudapp.net, ports: [REPLICATION=45785, RATIS=38939, RATIS_ADMIN=38939, RATIS_SERVER=38939, STANDALONE=38791], networkLocation: /default-rack, certSerialId: null, persistedOpState: IN_SERVICE, persistedOpStateExpiryEpochSec: 0}, 1bb9cbb4-eec0-4324-8de7-fca776b53f2b{ip: 10.1.0.56, host: fv-az180-400.aibneqh1mxpuhl3tnnuy2ifbce.bx.internal.cloudapp.net, ports: [REPLICATION=45141, RATIS=44667, RATIS_ADMIN=44667, RATIS_SERVER=44667, STANDALONE=45879], networkLocation: /default-rack, certSerialId: null, persistedOpState: IN_SERVICE, persistedOpStateExpiryEpochSec: 0}, 961e98b4-0515-4e33-9a5e-b87989e0967c{ip: 10.1.0.56, host: fv-az180-400.aibneqh1mxpuhl3tnnuy2ifbce.bx.internal.cloudapp.net, ports: [REPLICATION=32803, RATIS=45547, RATIS_ADMIN=45547, RATIS_SERVER=45547, STANDALONE=33243], networkLocation: /default-rack, certSerialId: null, persistedOpState: IN_SERVICE, persistedOpStateExpiryEpochSec: 0}, a36f0c9e-34c7-41e1-90e2-5c691522fdfd{ip: 10.1.0.56, host: fv-az180-400.aibneqh1mxpuhl3tnnuy2ifbce.bx.internal.cloudapp.net, ports: [REPLICATION=43001, RATIS=35103, RATIS_ADMIN=35103, RATIS_SERVER=35103, STANDALONE=34509], networkLocation: /default-rack, certSerialId: null, persistedOpState: IN_SERVICE, persistedOpStateExpiryEpochSec: 0}, a49fbcfb-f7dc-4282-aec4-a4f9f3e2b5ab{ip: 10.1.0.56, host: fv-az180-400.aibneqh1mxpuhl3tnnuy2ifbce.bx.internal.cloudapp.net, ports: [REPLICATION=41799, RATIS=37955, RATIS_ADMIN=37955, RATIS_SERVER=37955, STANDALONE=46377], networkLocation: /default-rack, certSerialId: null, persistedOpState: null, persistedOpStateExpiryEpochSec: 0}]"  ancestorGen="0").
2022-11-18 13:06:08,441 [Under Replicated Processor] WARN  net.NetworkTopologyImpl (NetworkTopologyImpl.java:chooseNodeInternal(653)) - No available node in (scope="/default-rack" excludedScope="null" excludedNodes="[8ad84362-fca3-4a94-b029-55aaea538166{ip: 10.1.0.56, host: fv-az180-400.aibneqh1mxpuhl3tnnuy2ifbce.bx.internal.cloudapp.net, ports: [REPLICATION=45785, RATIS=38939, RATIS_ADMIN=38939, RATIS_SERVER=38939, STANDALONE=38791], networkLocation: /default-rack, certSerialId: null, persistedOpState: IN_SERVICE, persistedOpStateExpiryEpochSec: 0}, 1bb9cbb4-eec0-4324-8de7-fca776b53f2b{ip: 10.1.0.56, host: fv-az180-400.aibneqh1mxpuhl3tnnuy2ifbce.bx.internal.cloudapp.net, ports: [REPLICATION=45141, RATIS=44667, RATIS_ADMIN=44667, RATIS_SERVER=44667, STANDALONE=45879], networkLocation: /default-rack, certSerialId: null, persistedOpState: IN_SERVICE, persistedOpStateExpiryEpochSec: 0}, 961e98b4-0515-4e33-9a5e-b87989e0967c{ip: 10.1.0.56, host: fv-az180-400.aibneqh1mxpuhl3tnnuy2ifbce.bx.internal.cloudapp.net, ports: [REPLICATION=32803, RATIS=45547, RATIS_ADMIN=45547, RATIS_SERVER=45547, STANDALONE=33243], networkLocation: /default-rack, certSerialId: null, persistedOpState: IN_SERVICE, persistedOpStateExpiryEpochSec: 0}, a36f0c9e-34c7-41e1-90e2-5c691522fdfd{ip: 10.1.0.56, host: fv-az180-400.aibneqh1mxpuhl3tnnuy2ifbce.bx.internal.cloudapp.net, ports: [REPLICATION=43001, RATIS=35103, RATIS_ADMIN=35103, RATIS_SERVER=35103, STANDALONE=34509], networkLocation: /default-rack, certSerialId: null, persistedOpState: IN_SERVICE, persistedOpStateExpiryEpochSec: 0}, a49fbcfb-f7dc-4282-aec4-a4f9f3e2b5ab{ip: 10.1.0.56, host: fv-az180-400.aibneqh1mxpuhl3tnnuy2ifbce.bx.internal.cloudapp.net, ports: [REPLICATION=41799, RATIS=37955, RATIS_ADMIN=37955, RATIS_SERVER=37955, STANDALONE=46377], networkLocation: /default-rack, certSerialId: null, persistedOpState: null, persistedOpStateExpiryEpochSec: 0}]"  ancestorGen="0").
2022-11-18 13:06:08,441 [Under Replicated Processor] INFO  algorithms.SCMContainerPlacementRackScatter (SCMContainerPlacementRackScatter.java:chooseNode(379)) - No satisfied datanode to meet the constraints. Metadatadata size required: 0 Data size required: 5368709120, scope /default-rack, excluded nodes [8ad84362-fca3-4a94-b029-55aaea538166{ip: 10.1.0.56, host: fv-az180-400.aibneqh1mxpuhl3tnnuy2ifbce.bx.internal.cloudapp.net, ports: [REPLICATION=45785, RATIS=38939, RATIS_ADMIN=38939, RATIS_SERVER=38939, STANDALONE=38791], networkLocation: /default-rack, certSerialId: null, persistedOpState: IN_SERVICE, persistedOpStateExpiryEpochSec: 0}, 1bb9cbb4-eec0-4324-8de7-fca776b53f2b{ip: 10.1.0.56, host: fv-az180-400.aibneqh1mxpuhl3tnnuy2ifbce.bx.internal.cloudapp.net, ports: [REPLICATION=45141, RATIS=44667, RATIS_ADMIN=44667, RATIS_SERVER=44667, STANDALONE=45879], networkLocation: /default-rack, certSerialId: null, persistedOpState: IN_SERVICE, persistedOpStateExpiryEpochSec: 0}, 961e98b4-0515-4e33-9a5e-b87989e0967c{ip: 10.1.0.56, host: fv-az180-400.aibneqh1mxpuhl3tnnuy2ifbce.bx.internal.cloudapp.net, ports: [REPLICATION=32803, RATIS=45547, RATIS_ADMIN=45547, RATIS_SERVER=45547, STANDALONE=33243], networkLocation: /default-rack, certSerialId: null, persistedOpState: IN_SERVICE, persistedOpStateExpiryEpochSec: 0}, a36f0c9e-34c7-41e1-90e2-5c691522fdfd{ip: 10.1.0.56, host: fv-az180-400.aibneqh1mxpuhl3tnnuy2ifbce.bx.internal.cloudapp.net, ports: [REPLICATION=43001, RATIS=35103, RATIS_ADMIN=35103, RATIS_SERVER=35103, STANDALONE=34509], networkLocation: /default-rack, certSerialId: null, persistedOpState: IN_SERVICE, persistedOpStateExpiryEpochSec: 0}, a49fbcfb-f7dc-4282-aec4-a4f9f3e2b5ab{ip: 10.1.0.56, host: fv-az180-400.aibneqh1mxpuhl3tnnuy2ifbce.bx.internal.cloudapp.net, ports: [REPLICATION=41799, RATIS=37955, RATIS_ADMIN=37955, RATIS_SERVER=37955, STANDALONE=46377], networkLocation: /default-rack, certSerialId: null, persistedOpState: null, persistedOpStateExpiryEpochSec: 0}]
2022-11-18 13:06:08,441 [Under Replicated Processor] WARN  algorithms.SCMContainerPlacementRackScatter (SCMContainerPlacementRackScatter.java:chooseDatanodesInternal(281)) - Placement policy could not choose the enough nodes from available racks. Chosen nodes size from Unique Racks: 0, but required nodes to choose from Unique Racks: 1 do not match. Available racks count: 1, Excluded nodes count: 4
2022-11-18 13:06:08,442 [Under Replicated Processor] WARN  replication.ECUnderReplicationHandler (ECUnderReplicationHandler.java:processAndCreateCommands(252)) - Exception while processing for creating the EC reconstruction container commands for #8.
org.apache.hadoop.hdds.scm.exceptions.SCMException: Chosen nodes size from Unique Racks: 0, but required nodes to choose from Unique Racks: 1 do not match.
	at org.apache.hadoop.hdds.scm.container.placement.algorithms.SCMContainerPlacementRackScatter.chooseDatanodesInternal(SCMContainerPlacementRackScatter.java:286)
	at org.apache.hadoop.hdds.scm.SCMCommonPlacementPolicy.chooseDatanodes(SCMCommonPlacementPolicy.java:175)
	at org.apache.hadoop.hdds.scm.SCMCommonPlacementPolicy.chooseDatanodes(SCMCommonPlacementPolicy.java:117)
	at org.apache.hadoop.hdds.scm.container.replication.ECUnderReplicationHandler.getTargetDatanodes(ECUnderReplicationHandler.java:303)
	at org.apache.hadoop.hdds.scm.container.replication.ECUnderReplicationHandler.processAndCreateCommands(ECUnderReplicationHandler.java:186)
	at org.apache.hadoop.hdds.scm.container.replication.ReplicationManager.processUnderReplicatedContainer(ReplicationManager.java:483)
	at org.apache.hadoop.hdds.scm.container.replication.UnderReplicatedProcessor.processContainer(UnderReplicatedProcessor.java:99)
	at org.apache.hadoop.hdds.scm.container.replication.UnderReplicatedProcessor.processAll(UnderReplicatedProcessor.java:83)
	at org.apache.hadoop.hdds.scm.container.replication.UnderReplicatedProcessor.run(UnderReplicatedProcessor.java:144)
	at java.lang.Thread.run(Thread.java:750)
2022-11-18 13:06:08,442 [Under Replicated Processor] ERROR replication.UnderReplicatedProcessor (UnderReplicatedProcessor.java:processAll(86)) - Error processing under replicated container ContainerInfo{id=#8, state=CLOSED, pipelineID=PipelineID=67e84420-6fe2-43b6-bc4f-8bf4477b66f2, stateEnterTime=2022-11-18T13:05:28.764Z, owner=om1}
org.apache.hadoop.hdds.scm.exceptions.SCMException: Chosen nodes size from Unique Racks: 0, but required nodes to choose from Unique Racks: 1 do not match.
	at org.apache.hadoop.hdds.scm.container.placement.algorithms.SCMContainerPlacementRackScatter.chooseDatanodesInternal(SCMContainerPlacementRackScatter.java:286)
	at org.apache.hadoop.hdds.scm.SCMCommonPlacementPolicy.chooseDatanodes(SCMCommonPlacementPolicy.java:175)
	at org.apache.hadoop.hdds.scm.SCMCommonPlacementPolicy.chooseDatanodes(SCMCommonPlacementPolicy.java:117)
	at org.apache.hadoop.hdds.scm.container.replication.ECUnderReplicationHandler.getTargetDatanodes(ECUnderReplicationHandler.java:303)
	at org.apache.hadoop.hdds.scm.container.replication.ECUnderReplicationHandler.processAndCreateCommands(ECUnderReplicationHandler.java:186)
	at org.apache.hadoop.hdds.scm.container.replication.ReplicationManager.processUnderReplicatedContainer(ReplicationManager.java:483)
	at org.apache.hadoop.hdds.scm.container.replication.UnderReplicatedProcessor.processContainer(UnderReplicatedProcessor.java:99)
	at org.apache.hadoop.hdds.scm.container.replication.UnderReplicatedProcessor.processAll(UnderReplicatedProcessor.java:83)
	at org.apache.hadoop.hdds.scm.container.replication.UnderReplicatedProcessor.run(UnderReplicatedProcessor.java:144)
	at java.lang.Thread.run(Thread.java:750)
2022-11-18 13:06:08,442 [Under Replicated Processor] WARN  net.NetworkTopologyImpl (NetworkTopologyImpl.java:chooseNodeInternal(653)) - No available node in (scope="/default-rack" excludedScope="null" excludedNodes="[8ad84362-fca3-4a94-b029-55aaea538166{ip: 10.1.0.56, host: fv-az180-400.aibneqh1mxpuhl3tnnuy2ifbce.bx.internal.cloudapp.net, ports: [REPLICATION=45785, RATIS=38939, RATIS_ADMIN=38939, RATIS_SERVER=38939, STANDALONE=38791], networkLocation: /default-rack, certSerialId: null, persistedOpState: IN_SERVICE, persistedOpStateExpiryEpochSec: 0}, 1bb9cbb4-eec0-4324-8de7-fca776b53f2b{ip: 10.1.0.56, host: fv-az180-400.aibneqh1mxpuhl3tnnuy2ifbce.bx.internal.cloudapp.net, ports: [REPLICATION=45141, RATIS=44667, RATIS_ADMIN=44667, RATIS_SERVER=44667, STANDALONE=45879], networkLocation: /default-rack, certSerialId: null, persistedOpState: IN_SERVICE, persistedOpStateExpiryEpochSec: 0}, 961e98b4-0515-4e33-9a5e-b87989e0967c{ip: 10.1.0.56, host: fv-az180-400.aibneqh1mxpuhl3tnnuy2ifbce.bx.internal.cloudapp.net, ports: [REPLICATION=32803, RATIS=45547, RATIS_ADMIN=45547, RATIS_SERVER=45547, STANDALONE=33243], networkLocation: /default-rack, certSerialId: null, persistedOpState: IN_SERVICE, persistedOpStateExpiryEpochSec: 0}, a36f0c9e-34c7-41e1-90e2-5c691522fdfd{ip: 10.1.0.56, host: fv-az180-400.aibneqh1mxpuhl3tnnuy2ifbce.bx.internal.cloudapp.net, ports: [REPLICATION=43001, RATIS=35103, RATIS_ADMIN=35103, RATIS_SERVER=35103, STANDALONE=34509], networkLocation: /default-rack, certSerialId: null, persistedOpState: IN_SERVICE, persistedOpStateExpiryEpochSec: 0}, a49fbcfb-f7dc-4282-aec4-a4f9f3e2b5ab{ip: 10.1.0.56, host: fv-az180-400.aibneqh1mxpuhl3tnnuy2ifbce.bx.internal.cloudapp.net, ports: [REPLICATION=41799, RATIS=37955, RATIS_ADMIN=37955, RATIS_SERVER=37955, STANDALONE=46377], networkLocation: /default-rack, certSerialId: null, persistedOpState: null, persistedOpStateExpiryEpochSec: 0}]"  ancestorGen="0").
2022-11-18 13:06:08,442 [Under Replicated Processor] WARN  net.NetworkTopologyImpl (NetworkTopologyImpl.java:chooseNodeInternal(653)) - No available node in (scope="/default-rack" excludedScope="null" excludedNodes="[8ad84362-fca3-4a94-b029-55aaea538166{ip: 10.1.0.56, host: fv-az180-400.aibneqh1mxpuhl3tnnuy2ifbce.bx.internal.cloudapp.net, ports: [REPLICATION=45785, RATIS=38939, RATIS_ADMIN=38939, RATIS_SERVER=38939, STANDALONE=38791], networkLocation: /default-rack, certSerialId: null, persistedOpState: IN_SERVICE, persistedOpStateExpiryEpochSec: 0}, 1bb9cbb4-eec0-4324-8de7-fca776b53f2b{ip: 10.1.0.56, host: fv-az180-400.aibneqh1mxpuhl3tnnuy2ifbce.bx.internal.cloudapp.net, ports: [REPLICATION=45141, RATIS=44667, RATIS_ADMIN=44667, RATIS_SERVER=44667, STANDALONE=45879], networkLocation: /default-rack, certSerialId: null, persistedOpState: IN_SERVICE, persistedOpStateExpiryEpochSec: 0}, 961e98b4-0515-4e33-9a5e-b87989e0967c{ip: 10.1.0.56, host: fv-az180-400.aibneqh1mxpuhl3tnnuy2ifbce.bx.internal.cloudapp.net, ports: [REPLICATION=32803, RATIS=45547, RATIS_ADMIN=45547, RATIS_SERVER=45547, STANDALONE=33243], networkLocation: /default-rack, certSerialId: null, persistedOpState: IN_SERVICE, persistedOpStateExpiryEpochSec: 0}, a36f0c9e-34c7-41e1-90e2-5c691522fdfd{ip: 10.1.0.56, host: fv-az180-400.aibneqh1mxpuhl3tnnuy2ifbce.bx.internal.cloudapp.net, ports: [REPLICATION=43001, RATIS=35103, RATIS_ADMIN=35103, RATIS_SERVER=35103, STANDALONE=34509], networkLocation: /default-rack, certSerialId: null, persistedOpState: IN_SERVICE, persistedOpStateExpiryEpochSec: 0}, a49fbcfb-f7dc-4282-aec4-a4f9f3e2b5ab{ip: 10.1.0.56, host: fv-az180-400.aibneqh1mxpuhl3tnnuy2ifbce.bx.internal.cloudapp.net, ports: [REPLICATION=41799, RATIS=37955, RATIS_ADMIN=37955, RATIS_SERVER=37955, STANDALONE=46377], networkLocation: /default-rack, certSerialId: null, persistedOpState: null, persistedOpStateExpiryEpochSec: 0}]"  ancestorGen="0").
2022-11-18 13:06:08,443 [Under Replicated Processor] WARN  net.NetworkTopologyImpl (NetworkTopologyImpl.java:chooseNodeInternal(653)) - No available node in (scope="/default-rack" excludedScope="null" excludedNodes="[8ad84362-fca3-4a94-b029-55aaea538166{ip: 10.1.0.56, host: fv-az180-400.aibneqh1mxpuhl3tnnuy2ifbce.bx.internal.cloudapp.net, ports: [REPLICATION=45785, RATIS=38939, RATIS_ADMIN=38939, RATIS_SERVER=38939, STANDALONE=38791], networkLocation: /default-rack, certSerialId: null, persistedOpState: IN_SERVICE, persistedOpStateExpiryEpochSec: 0}, 1bb9cbb4-eec0-4324-8de7-fca776b53f2b{ip: 10.1.0.56, host: fv-az180-400.aibneqh1mxpuhl3tnnuy2ifbce.bx.internal.cloudapp.net, ports: [REPLICATION=45141, RATIS=44667, RATIS_ADMIN=44667, RATIS_SERVER=44667, STANDALONE=45879], networkLocation: /default-rack, certSerialId: null, persistedOpState: IN_SERVICE, persistedOpStateExpiryEpochSec: 0}, 961e98b4-0515-4e33-9a5e-b87989e0967c{ip: 10.1.0.56, host: fv-az180-400.aibneqh1mxpuhl3tnnuy2ifbce.bx.internal.cloudapp.net, ports: [REPLICATION=32803, RATIS=45547, RATIS_ADMIN=45547, RATIS_SERVER=45547, STANDALONE=33243], networkLocation: /default-rack, certSerialId: null, persistedOpState: IN_SERVICE, persistedOpStateExpiryEpochSec: 0}, a36f0c9e-34c7-41e1-90e2-5c691522fdfd{ip: 10.1.0.56, host: fv-az180-400.aibneqh1mxpuhl3tnnuy2ifbce.bx.internal.cloudapp.net, ports: [REPLICATION=43001, RATIS=35103, RATIS_ADMIN=35103, RATIS_SERVER=35103, STANDALONE=34509], networkLocation: /default-rack, certSerialId: null, persistedOpState: IN_SERVICE, persistedOpStateExpiryEpochSec: 0}, a49fbcfb-f7dc-4282-aec4-a4f9f3e2b5ab{ip: 10.1.0.56, host: fv-az180-400.aibneqh1mxpuhl3tnnuy2ifbce.bx.internal.cloudapp.net, ports: [REPLICATION=41799, RATIS=37955, RATIS_ADMIN=37955, RATIS_SERVER=37955, STANDALONE=46377], networkLocation: /default-rack, certSerialId: null, persistedOpState: null, persistedOpStateExpiryEpochSec: 0}]"  ancestorGen="0").
2022-11-18 13:06:08,443 [Under Replicated Processor] WARN  net.NetworkTopologyImpl (NetworkTopologyImpl.java:chooseNodeInternal(653)) - No available node in (scope="/default-rack" excludedScope="null" excludedNodes="[8ad84362-fca3-4a94-b029-55aaea538166{ip: 10.1.0.56, host: fv-az180-400.aibneqh1mxpuhl3tnnuy2ifbce.bx.internal.cloudapp.net, ports: [REPLICATION=45785, RATIS=38939, RATIS_ADMIN=38939, RATIS_SERVER=38939, STANDALONE=38791], networkLocation: /default-rack, certSerialId: null, persistedOpState: IN_SERVICE, persistedOpStateExpiryEpochSec: 0}, 1bb9cbb4-eec0-4324-8de7-fca776b53f2b{ip: 10.1.0.56, host: fv-az180-400.aibneqh1mxpuhl3tnnuy2ifbce.bx.internal.cloudapp.net, ports: [REPLICATION=45141, RATIS=44667, RATIS_ADMIN=44667, RATIS_SERVER=44667, STANDALONE=45879], networkLocation: /default-rack, certSerialId: null, persistedOpState: IN_SERVICE, persistedOpStateExpiryEpochSec: 0}, 961e98b4-0515-4e33-9a5e-b87989e0967c{ip: 10.1.0.56, host: fv-az180-400.aibneqh1mxpuhl3tnnuy2ifbce.bx.internal.cloudapp.net, ports: [REPLICATION=32803, RATIS=45547, RATIS_ADMIN=45547, RATIS_SERVER=45547, STANDALONE=33243], networkLocation: /default-rack, certSerialId: null, persistedOpState: IN_SERVICE, persistedOpStateExpiryEpochSec: 0}, a36f0c9e-34c7-41e1-90e2-5c691522fdfd{ip: 10.1.0.56, host: fv-az180-400.aibneqh1mxpuhl3tnnuy2ifbce.bx.internal.cloudapp.net, ports: [REPLICATION=43001, RATIS=35103, RATIS_ADMIN=35103, RATIS_SERVER=35103, STANDALONE=34509], networkLocation: /default-rack, certSerialId: null, persistedOpState: IN_SERVICE, persistedOpStateExpiryEpochSec: 0}, a49fbcfb-f7dc-4282-aec4-a4f9f3e2b5ab{ip: 10.1.0.56, host: fv-az180-400.aibneqh1mxpuhl3tnnuy2ifbce.bx.internal.cloudapp.net, ports: [REPLICATION=41799, RATIS=37955, RATIS_ADMIN=37955, RATIS_SERVER=37955, STANDALONE=46377], networkLocation: /default-rack, certSerialId: null, persistedOpState: null, persistedOpStateExpiryEpochSec: 0}]"  ancestorGen="0").
2022-11-18 13:06:08,443 [Under Replicated Processor] INFO  algorithms.SCMContainerPlacementRackScatter (SCMContainerPlacementRackScatter.java:chooseNode(379)) - No satisfied datanode to meet the constraints. Metadatadata size required: 0 Data size required: 5368709120, scope /default-rack, excluded nodes [8ad84362-fca3-4a94-b029-55aaea538166{ip: 10.1.0.56, host: fv-az180-400.aibneqh1mxpuhl3tnnuy2ifbce.bx.internal.cloudapp.net, ports: [REPLICATION=45785, RATIS=38939, RATIS_ADMIN=38939, RATIS_SERVER=38939, STANDALONE=38791], networkLocation: /default-rack, certSerialId: null, persistedOpState: IN_SERVICE, persistedOpStateExpiryEpochSec: 0}, 1bb9cbb4-eec0-4324-8de7-fca776b53f2b{ip: 10.1.0.56, host: fv-az180-400.aibneqh1mxpuhl3tnnuy2ifbce.bx.internal.cloudapp.net, ports: [REPLICATION=45141, RATIS=44667, RATIS_ADMIN=44667, RATIS_SERVER=44667, STANDALONE=45879], networkLocation: /default-rack, certSerialId: null, persistedOpState: IN_SERVICE, persistedOpStateExpiryEpochSec: 0}, 961e98b4-0515-4e33-9a5e-b87989e0967c{ip: 10.1.0.56, host: fv-az180-400.aibneqh1mxpuhl3tnnuy2ifbce.bx.internal.cloudapp.net, ports: [REPLICATION=32803, RATIS=45547, RATIS_ADMIN=45547, RATIS_SERVER=45547, STANDALONE=33243], networkLocation: /default-rack, certSerialId: null, persistedOpState: IN_SERVICE, persistedOpStateExpiryEpochSec: 0}, a36f0c9e-34c7-41e1-90e2-5c691522fdfd{ip: 10.1.0.56, host: fv-az180-400.aibneqh1mxpuhl3tnnuy2ifbce.bx.internal.cloudapp.net, ports: [REPLICATION=43001, RATIS=35103, RATIS_ADMIN=35103, RATIS_SERVER=35103, STANDALONE=34509], networkLocation: /default-rack, certSerialId: null, persistedOpState: IN_SERVICE, persistedOpStateExpiryEpochSec: 0}, a49fbcfb-f7dc-4282-aec4-a4f9f3e2b5ab{ip: 10.1.0.56, host: fv-az180-400.aibneqh1mxpuhl3tnnuy2ifbce.bx.internal.cloudapp.net, ports: [REPLICATION=41799, RATIS=37955, RATIS_ADMIN=37955, RATIS_SERVER=37955, STANDALONE=46377], networkLocation: /default-rack, certSerialId: null, persistedOpState: null, persistedOpStateExpiryEpochSec: 0}]
2022-11-18 13:06:08,443 [Under Replicated Processor] WARN  algorithms.SCMContainerPlacementRackScatter (SCMContainerPlacementRackScatter.java:chooseDatanodesInternal(281)) - Placement policy could not choose the enough nodes from available racks. Chosen nodes size from Unique Racks: 0, but required nodes to choose from Unique Racks: 1 do not match. Available racks count: 1, Excluded nodes count: 4
2022-11-18 13:06:08,443 [Under Replicated Processor] WARN  replication.ECUnderReplicationHandler (ECUnderReplicationHandler.java:processAndCreateCommands(252)) - Exception while processing for creating the EC reconstruction container commands for #8.
org.apache.hadoop.hdds.scm.exceptions.SCMException: Chosen nodes size from Unique Racks: 0, but required nodes to choose from Unique Racks: 1 do not match.
	at org.apache.hadoop.hdds.scm.container.placement.algorithms.SCMContainerPlacementRackScatter.chooseDatanodesInternal(SCMContainerPlacementRackScatter.java:286)
	at org.apache.hadoop.hdds.scm.SCMCommonPlacementPolicy.chooseDatanodes(SCMCommonPlacementPolicy.java:175)
	at org.apache.hadoop.hdds.scm.SCMCommonPlacementPolicy.chooseDatanodes(SCMCommonPlacementPolicy.java:117)
	at org.apache.hadoop.hdds.scm.container.replication.ECUnderReplicationHandler.getTargetDatanodes(ECUnderReplicationHandler.java:303)
	at org.apache.hadoop.hdds.scm.container.replication.ECUnderReplicationHandler.processAndCreateCommands(ECUnderReplicationHandler.java:186)
	at org.apache.hadoop.hdds.scm.container.replication.ReplicationManager.processUnderReplicatedContainer(ReplicationManager.java:483)
	at org.apache.hadoop.hdds.scm.container.replication.UnderReplicatedProcessor.processContainer(UnderReplicatedProcessor.java:99)
	at org.apache.hadoop.hdds.scm.container.replication.UnderReplicatedProcessor.processAll(UnderReplicatedProcessor.java:83)
	at org.apache.hadoop.hdds.scm.container.replication.UnderReplicatedProcessor.run(UnderReplicatedProcessor.java:144)
	at java.lang.Thread.run(Thread.java:750)
2022-11-18 13:06:08,444 [Under Replicated Processor] ERROR replication.UnderReplicatedProcessor (UnderReplicatedProcessor.java:processAll(86)) - Error processing under replicated container ContainerInfo{id=#8, state=CLOSED, pipelineID=PipelineID=67e84420-6fe2-43b6-bc4f-8bf4477b66f2, stateEnterTime=2022-11-18T13:05:28.764Z, owner=om1}
org.apache.hadoop.hdds.scm.exceptions.SCMException: Chosen nodes size from Unique Racks: 0, but required nodes to choose from Unique Racks: 1 do not match.
	at org.apache.hadoop.hdds.scm.container.placement.algorithms.SCMContainerPlacementRackScatter.chooseDatanodesInternal(SCMContainerPlacementRackScatter.java:286)
	at org.apache.hadoop.hdds.scm.SCMCommonPlacementPolicy.chooseDatanodes(SCMCommonPlacementPolicy.java:175)
	at org.apache.hadoop.hdds.scm.SCMCommonPlacementPolicy.chooseDatanodes(SCMCommonPlacementPolicy.java:117)
	at org.apache.hadoop.hdds.scm.container.replication.ECUnderReplicationHandler.getTargetDatanodes(ECUnderReplicationHandler.java:303)
	at org.apache.hadoop.hdds.scm.container.replication.ECUnderReplicationHandler.processAndCreateCommands(ECUnderReplicationHandler.java:186)
	at org.apache.hadoop.hdds.scm.container.replication.ReplicationManager.processUnderReplicatedContainer(ReplicationManager.java:483)
	at org.apache.hadoop.hdds.scm.container.replication.UnderReplicatedProcessor.processContainer(UnderReplicatedProcessor.java:99)
	at org.apache.hadoop.hdds.scm.container.replication.UnderReplicatedProcessor.processAll(UnderReplicatedProcessor.java:83)
	at org.apache.hadoop.hdds.scm.container.replication.UnderReplicatedProcessor.run(UnderReplicatedProcessor.java:144)
	at java.lang.Thread.run(Thread.java:750)
2022-11-18 13:06:08,444 [Under Replicated Processor] WARN  net.NetworkTopologyImpl (NetworkTopologyImpl.java:chooseNodeInternal(653)) - No available node in (scope="/default-rack" excludedScope="null" excludedNodes="[8ad84362-fca3-4a94-b029-55aaea538166{ip: 10.1.0.56, host: fv-az180-400.aibneqh1mxpuhl3tnnuy2ifbce.bx.internal.cloudapp.net, ports: [REPLICATION=45785, RATIS=38939, RATIS_ADMIN=38939, RATIS_SERVER=38939, STANDALONE=38791], networkLocation: /default-rack, certSerialId: null, persistedOpState: IN_SERVICE, persistedOpStateExpiryEpochSec: 0}, 1bb9cbb4-eec0-4324-8de7-fca776b53f2b{ip: 10.1.0.56, host: fv-az180-400.aibneqh1mxpuhl3tnnuy2ifbce.bx.internal.cloudapp.net, ports: [REPLICATION=45141, RATIS=44667, RATIS_ADMIN=44667, RATIS_SERVER=44667, STANDALONE=45879], networkLocation: /default-rack, certSerialId: null, persistedOpState: IN_SERVICE, persistedOpStateExpiryEpochSec: 0}, 961e98b4-0515-4e33-9a5e-b87989e0967c{ip: 10.1.0.56, host: fv-az180-400.aibneqh1mxpuhl3tnnuy2ifbce.bx.internal.cloudapp.net, ports: [REPLICATION=32803, RATIS=45547, RATIS_ADMIN=45547, RATIS_SERVER=45547, STANDALONE=33243], networkLocation: /default-rack, certSerialId: null, persistedOpState: IN_SERVICE, persistedOpStateExpiryEpochSec: 0}, a36f0c9e-34c7-41e1-90e2-5c691522fdfd{ip: 10.1.0.56, host: fv-az180-400.aibneqh1mxpuhl3tnnuy2ifbce.bx.internal.cloudapp.net, ports: [REPLICATION=43001, RATIS=35103, RATIS_ADMIN=35103, RATIS_SERVER=35103, STANDALONE=34509], networkLocation: /default-rack, certSerialId: null, persistedOpState: IN_SERVICE, persistedOpStateExpiryEpochSec: 0}, a49fbcfb-f7dc-4282-aec4-a4f9f3e2b5ab{ip: 10.1.0.56, host: fv-az180-400.aibneqh1mxpuhl3tnnuy2ifbce.bx.internal.cloudapp.net, ports: [REPLICATION=41799, RATIS=37955, RATIS_ADMIN=37955, RATIS_SERVER=37955, STANDALONE=46377], networkLocation: /default-rack, certSerialId: null, persistedOpState: null, persistedOpStateExpiryEpochSec: 0}]"  ancestorGen="0").
2022-11-18 13:06:08,444 [Under Replicated Processor] WARN  net.NetworkTopologyImpl (NetworkTopologyImpl.java:chooseNodeInternal(653)) - No available node in (scope="/default-rack" excludedScope="null" excludedNodes="[8ad84362-fca3-4a94-b029-55aaea538166{ip: 10.1.0.56, host: fv-az180-400.aibneqh1mxpuhl3tnnuy2ifbce.bx.internal.cloudapp.net, ports: [REPLICATION=45785, RATIS=38939, RATIS_ADMIN=38939, RATIS_SERVER=38939, STANDALONE=38791], networkLocation: /default-rack, certSerialId: null, persistedOpState: IN_SERVICE, persistedOpStateExpiryEpochSec: 0}, 1bb9cbb4-eec0-4324-8de7-fca776b53f2b{ip: 10.1.0.56, host: fv-az180-400.aibneqh1mxpuhl3tnnuy2ifbce.bx.internal.cloudapp.net, ports: [REPLICATION=45141, RATIS=44667, RATIS_ADMIN=44667, RATIS_SERVER=44667, STANDALONE=45879], networkLocation: /default-rack, certSerialId: null, persistedOpState: IN_SERVICE, persistedOpStateExpiryEpochSec: 0}, 961e98b4-0515-4e33-9a5e-b87989e0967c{ip: 10.1.0.56, host: fv-az180-400.aibneqh1mxpuhl3tnnuy2ifbce.bx.internal.cloudapp.net, ports: [REPLICATION=32803, RATIS=45547, RATIS_ADMIN=45547, RATIS_SERVER=45547, STANDALONE=33243], networkLocation: /default-rack, certSerialId: null, persistedOpState: IN_SERVICE, persistedOpStateExpiryEpochSec: 0}, a36f0c9e-34c7-41e1-90e2-5c691522fdfd{ip: 10.1.0.56, host: fv-az180-400.aibneqh1mxpuhl3tnnuy2ifbce.bx.internal.cloudapp.net, ports: [REPLICATION=43001, RATIS=35103, RATIS_ADMIN=35103, RATIS_SERVER=35103, STANDALONE=34509], networkLocation: /default-rack, certSerialId: null, persistedOpState: IN_SERVICE, persistedOpStateExpiryEpochSec: 0}, a49fbcfb-f7dc-4282-aec4-a4f9f3e2b5ab{ip: 10.1.0.56, host: fv-az180-400.aibneqh1mxpuhl3tnnuy2ifbce.bx.internal.cloudapp.net, ports: [REPLICATION=41799, RATIS=37955, RATIS_ADMIN=37955, RATIS_SERVER=37955, STANDALONE=46377], networkLocation: /default-rack, certSerialId: null, persistedOpState: null, persistedOpStateExpiryEpochSec: 0}]"  ancestorGen="0").
2022-11-18 13:06:08,444 [Under Replicated Processor] WARN  net.NetworkTopologyImpl (NetworkTopologyImpl.java:chooseNodeInternal(653)) - No available node in (scope="/default-rack" excludedScope="null" excludedNodes="[8ad84362-fca3-4a94-b029-55aaea538166{ip: 10.1.0.56, host: fv-az180-400.aibneqh1mxpuhl3tnnuy2ifbce.bx.internal.cloudapp.net, ports: [REPLICATION=45785, RATIS=38939, RATIS_ADMIN=38939, RATIS_SERVER=38939, STANDALONE=38791], networkLocation: /default-rack, certSerialId: null, persistedOpState: IN_SERVICE, persistedOpStateExpiryEpochSec: 0}, 1bb9cbb4-eec0-4324-8de7-fca776b53f2b{ip: 10.1.0.56, host: fv-az180-400.aibneqh1mxpuhl3tnnuy2ifbce.bx.internal.cloudapp.net, ports: [REPLICATION=45141, RATIS=44667, RATIS_ADMIN=44667, RATIS_SERVER=44667, STANDALONE=45879], networkLocation: /default-rack, certSerialId: null, persistedOpState: IN_SERVICE, persistedOpStateExpiryEpochSec: 0}, 961e98b4-0515-4e33-9a5e-b87989e0967c{ip: 10.1.0.56, host: fv-az180-400.aibneqh1mxpuhl3tnnuy2ifbce.bx.internal.cloudapp.net, ports: [REPLICATION=32803, RATIS=45547, RATIS_ADMIN=45547, RATIS_SERVER=45547, STANDALONE=33243], networkLocation: /default-rack, certSerialId: null, persistedOpState: IN_SERVICE, persistedOpStateExpiryEpochSec: 0}, a36f0c9e-34c7-41e1-90e2-5c691522fdfd{ip: 10.1.0.56, host: fv-az180-400.aibneqh1mxpuhl3tnnuy2ifbce.bx.internal.cloudapp.net, ports: [REPLICATION=43001, RATIS=35103, RATIS_ADMIN=35103, RATIS_SERVER=35103, STANDALONE=34509], networkLocation: /default-rack, certSerialId: null, persistedOpState: IN_SERVICE, persistedOpStateExpiryEpochSec: 0}, a49fbcfb-f7dc-4282-aec4-a4f9f3e2b5ab{ip: 10.1.0.56, host: fv-az180-400.aibneqh1mxpuhl3tnnuy2ifbce.bx.internal.cloudapp.net, ports: [REPLICATION=41799, RATIS=37955, RATIS_ADMIN=37955, RATIS_SERVER=37955, STANDALONE=46377], networkLocation: /default-rack, certSerialId: null, persistedOpState: null, persistedOpStateExpiryEpochSec: 0}]"  ancestorGen="0").
2022-11-18 13:06:08,444 [Under Replicated Processor] WARN  net.NetworkTopologyImpl (NetworkTopologyImpl.java:chooseNodeInternal(653)) - No available node in (scope="/default-rack" excludedScope="null" excludedNodes="[8ad84362-fca3-4a94-b029-55aaea538166{ip: 10.1.0.56, host: fv-az180-400.aibneqh1mxpuhl3tnnuy2ifbce.bx.internal.cloudapp.net, ports: [REPLICATION=45785, RATIS=38939, RATIS_ADMIN=38939, RATIS_SERVER=38939, STANDALONE=38791], networkLocation: /default-rack, certSerialId: null, persistedOpState: IN_SERVICE, persistedOpStateExpiryEpochSec: 0}, 1bb9cbb4-eec0-4324-8de7-fca776b53f2b{ip: 10.1.0.56, host: fv-az180-400.aibneqh1mxpuhl3tnnuy2ifbce.bx.internal.cloudapp.net, ports: [REPLICATION=45141, RATIS=44667, RATIS_ADMIN=44667, RATIS_SERVER=44667, STANDALONE=45879], networkLocation: /default-rack, certSerialId: null, persistedOpState: IN_SERVICE, persistedOpStateExpiryEpochSec: 0}, 961e98b4-0515-4e33-9a5e-b87989e0967c{ip: 10.1.0.56, host: fv-az180-400.aibneqh1mxpuhl3tnnuy2ifbce.bx.internal.cloudapp.net, ports: [REPLICATION=32803, RATIS=45547, RATIS_ADMIN=45547, RATIS_SERVER=45547, STANDALONE=33243], networkLocation: /default-rack, certSerialId: null, persistedOpState: IN_SERVICE, persistedOpStateExpiryEpochSec: 0}, a36f0c9e-34c7-41e1-90e2-5c691522fdfd{ip: 10.1.0.56, host: fv-az180-400.aibneqh1mxpuhl3tnnuy2ifbce.bx.internal.cloudapp.net, ports: [REPLICATION=43001, RATIS=35103, RATIS_ADMIN=35103, RATIS_SERVER=35103, STANDALONE=34509], networkLocation: /default-rack, certSerialId: null, persistedOpState: IN_SERVICE, persistedOpStateExpiryEpochSec: 0}, a49fbcfb-f7dc-4282-aec4-a4f9f3e2b5ab{ip: 10.1.0.56, host: fv-az180-400.aibneqh1mxpuhl3tnnuy2ifbce.bx.internal.cloudapp.net, ports: [REPLICATION=41799, RATIS=37955, RATIS_ADMIN=37955, RATIS_SERVER=37955, STANDALONE=46377], networkLocation: /default-rack, certSerialId: null, persistedOpState: null, persistedOpStateExpiryEpochSec: 0}]"  ancestorGen="0").
2022-11-18 13:06:08,444 [Under Replicated Processor] INFO  algorithms.SCMContainerPlacementRackScatter (SCMContainerPlacementRackScatter.java:chooseNode(379)) - No satisfied datanode to meet the constraints. Metadatadata size required: 0 Data size required: 5368709120, scope /default-rack, excluded nodes [8ad84362-fca3-4a94-b029-55aaea538166{ip: 10.1.0.56, host: fv-az180-400.aibneqh1mxpuhl3tnnuy2ifbce.bx.internal.cloudapp.net, ports: [REPLICATION=45785, RATIS=38939, RATIS_ADMIN=38939, RATIS_SERVER=38939, STANDALONE=38791], networkLocation: /default-rack, certSerialId: null, persistedOpState: IN_SERVICE, persistedOpStateExpiryEpochSec: 0}, 1bb9cbb4-eec0-4324-8de7-fca776b53f2b{ip: 10.1.0.56, host: fv-az180-400.aibneqh1mxpuhl3tnnuy2ifbce.bx.internal.cloudapp.net, ports: [REPLICATION=45141, RATIS=44667, RATIS_ADMIN=44667, RATIS_SERVER=44667, STANDALONE=45879], networkLocation: /default-rack, certSerialId: null, persistedOpState: IN_SERVICE, persistedOpStateExpiryEpochSec: 0}, 961e98b4-0515-4e33-9a5e-b87989e0967c{ip: 10.1.0.56, host: fv-az180-400.aibneqh1mxpuhl3tnnuy2ifbce.bx.internal.cloudapp.net, ports: [REPLICATION=32803, RATIS=45547, RATIS_ADMIN=45547, RATIS_SERVER=45547, STANDALONE=33243], networkLocation: /default-rack, certSerialId: null, persistedOpState: IN_SERVICE, persistedOpStateExpiryEpochSec: 0}, a36f0c9e-34c7-41e1-90e2-5c691522fdfd{ip: 10.1.0.56, host: fv-az180-400.aibneqh1mxpuhl3tnnuy2ifbce.bx.internal.cloudapp.net, ports: [REPLICATION=43001, RATIS=35103, RATIS_ADMIN=35103, RATIS_SERVER=35103, STANDALONE=34509], networkLocation: /default-rack, certSerialId: null, persistedOpState: IN_SERVICE, persistedOpStateExpiryEpochSec: 0}, a49fbcfb-f7dc-4282-aec4-a4f9f3e2b5ab{ip: 10.1.0.56, host: fv-az180-400.aibneqh1mxpuhl3tnnuy2ifbce.bx.internal.cloudapp.net, ports: [REPLICATION=41799, RATIS=37955, RATIS_ADMIN=37955, RATIS_SERVER=37955, STANDALONE=46377], networkLocation: /default-rack, certSerialId: null, persistedOpState: null, persistedOpStateExpiryEpochSec: 0}]
2022-11-18 13:06:08,445 [Under Replicated Processor] WARN  algorithms.SCMContainerPlacementRackScatter (SCMContainerPlacementRackScatter.java:chooseDatanodesInternal(281)) - Placement policy could not choose the enough nodes from available racks. Chosen nodes size from Unique Racks: 0, but required nodes to choose from Unique Racks: 1 do not match. Available racks count: 1, Excluded nodes count: 4
2022-11-18 13:06:08,445 [Under Replicated Processor] WARN  replication.ECUnderReplicationHandler (ECUnderReplicationHandler.java:processAndCreateCommands(252)) - Exception while processing for creating the EC reconstruction container commands for #8.
org.apache.hadoop.hdds.scm.exceptions.SCMException: Chosen nodes size from Unique Racks: 0, but required nodes to choose from Unique Racks: 1 do not match.
	at org.apache.hadoop.hdds.scm.container.placement.algorithms.SCMContainerPlacementRackScatter.chooseDatanodesInternal(SCMContainerPlacementRackScatter.java:286)
	at org.apache.hadoop.hdds.scm.SCMCommonPlacementPolicy.chooseDatanodes(SCMCommonPlacementPolicy.java:175)
	at org.apache.hadoop.hdds.scm.SCMCommonPlacementPolicy.chooseDatanodes(SCMCommonPlacementPolicy.java:117)
	at org.apache.hadoop.hdds.scm.container.replication.ECUnderReplicationHandler.getTargetDatanodes(ECUnderReplicationHandler.java:303)
	at org.apache.hadoop.hdds.scm.container.replication.ECUnderReplicationHandler.processAndCreateCommands(ECUnderReplicationHandler.java:186)
	at org.apache.hadoop.hdds.scm.container.replication.ReplicationManager.processUnderReplicatedContainer(ReplicationManager.java:483)
	at org.apache.hadoop.hdds.scm.container.replication.UnderReplicatedProcessor.processContainer(UnderReplicatedProcessor.java:99)
	at org.apache.hadoop.hdds.scm.container.replication.UnderReplicatedProcessor.processAll(UnderReplicatedProcessor.java:83)
	at org.apache.hadoop.hdds.scm.container.replication.UnderReplicatedProcessor.run(UnderReplicatedProcessor.java:144)
	at java.lang.Thread.run(Thread.java:750)
2022-11-18 13:06:08,445 [Under Replicated Processor] ERROR replication.UnderReplicatedProcessor (UnderReplicatedProcessor.java:processAll(86)) - Error processing under replicated container ContainerInfo{id=#8, state=CLOSED, pipelineID=PipelineID=67e84420-6fe2-43b6-bc4f-8bf4477b66f2, stateEnterTime=2022-11-18T13:05:28.764Z, owner=om1}
org.apache.hadoop.hdds.scm.exceptions.SCMException: Chosen nodes size from Unique Racks: 0, but required nodes to choose from Unique Racks: 1 do not match.
	at org.apache.hadoop.hdds.scm.container.placement.algorithms.SCMContainerPlacementRackScatter.chooseDatanodesInternal(SCMContainerPlacementRackScatter.java:286)
	at org.apache.hadoop.hdds.scm.SCMCommonPlacementPolicy.chooseDatanodes(SCMCommonPlacementPolicy.java:175)
	at org.apache.hadoop.hdds.scm.SCMCommonPlacementPolicy.chooseDatanodes(SCMCommonPlacementPolicy.java:117)
	at org.apache.hadoop.hdds.scm.container.replication.ECUnderReplicationHandler.getTargetDatanodes(ECUnderReplicationHandler.java:303)
	at org.apache.hadoop.hdds.scm.container.replication.ECUnderReplicationHandler.processAndCreateCommands(ECUnderReplicationHandler.java:186)
	at org.apache.hadoop.hdds.scm.container.replication.ReplicationManager.processUnderReplicatedContainer(ReplicationManager.java:483)
	at org.apache.hadoop.hdds.scm.container.replication.UnderReplicatedProcessor.processContainer(UnderReplicatedProcessor.java:99)
	at org.apache.hadoop.hdds.scm.container.replication.UnderReplicatedProcessor.processAll(UnderReplicatedProcessor.java:83)
	at org.apache.hadoop.hdds.scm.container.replication.UnderReplicatedProcessor.run(UnderReplicatedProcessor.java:144)
	at java.lang.Thread.run(Thread.java:750)
2022-11-18 13:06:08,445 [Under Replicated Processor] WARN  net.NetworkTopologyImpl (NetworkTopologyImpl.java:chooseNodeInternal(653)) - No available node in (scope="/default-rack" excludedScope="null" excludedNodes="[8ad84362-fca3-4a94-b029-55aaea538166{ip: 10.1.0.56, host: fv-az180-400.aibneqh1mxpuhl3tnnuy2ifbce.bx.internal.cloudapp.net, ports: [REPLICATION=45785, RATIS=38939, RATIS_ADMIN=38939, RATIS_SERVER=38939, STANDALONE=38791], networkLocation: /default-rack, certSerialId: null, persistedOpState: IN_SERVICE, persistedOpStateExpiryEpochSec: 0}, 1bb9cbb4-eec0-4324-8de7-fca776b53f2b{ip: 10.1.0.56, host: fv-az180-400.aibneqh1mxpuhl3tnnuy2ifbce.bx.internal.cloudapp.net, ports: [REPLICATION=45141, RATIS=44667, RATIS_ADMIN=44667, RATIS_SERVER=44667, STANDALONE=45879], networkLocation: /default-rack, certSerialId: null, persistedOpState: IN_SERVICE, persistedOpStateExpiryEpochSec: 0}, 961e98b4-0515-4e33-9a5e-b87989e0967c{ip: 10.1.0.56, host: fv-az180-400.aibneqh1mxpuhl3tnnuy2ifbce.bx.internal.cloudapp.net, ports: [REPLICATION=32803, RATIS=45547, RATIS_ADMIN=45547, RATIS_SERVER=45547, STANDALONE=33243], networkLocation: /default-rack, certSerialId: null, persistedOpState: IN_SERVICE, persistedOpStateExpiryEpochSec: 0}, a36f0c9e-34c7-41e1-90e2-5c691522fdfd{ip: 10.1.0.56, host: fv-az180-400.aibneqh1mxpuhl3tnnuy2ifbce.bx.internal.cloudapp.net, ports: [REPLICATION=43001, RATIS=35103, RATIS_ADMIN=35103, RATIS_SERVER=35103, STANDALONE=34509], networkLocation: /default-rack, certSerialId: null, persistedOpState: IN_SERVICE, persistedOpStateExpiryEpochSec: 0}, a49fbcfb-f7dc-4282-aec4-a4f9f3e2b5ab{ip: 10.1.0.56, host: fv-az180-400.aibneqh1mxpuhl3tnnuy2ifbce.bx.internal.cloudapp.net, ports: [REPLICATION=41799, RATIS=37955, RATIS_ADMIN=37955, RATIS_SERVER=37955, STANDALONE=46377], networkLocation: /default-rack, certSerialId: null, persistedOpState: null, persistedOpStateExpiryEpochSec: 0}]"  ancestorGen="0").
2022-11-18 13:06:08,445 [Under Replicated Processor] WARN  net.NetworkTopologyImpl (NetworkTopologyImpl.java:chooseNodeInternal(653)) - No available node in (scope="/default-rack" excludedScope="null" excludedNodes="[8ad84362-fca3-4a94-b029-55aaea538166{ip: 10.1.0.56, host: fv-az180-400.aibneqh1mxpuhl3tnnuy2ifbce.bx.internal.cloudapp.net, ports: [REPLICATION=45785, RATIS=38939, RATIS_ADMIN=38939, RATIS_SERVER=38939, STANDALONE=38791], networkLocation: /default-rack, certSerialId: null, persistedOpState: IN_SERVICE, persistedOpStateExpiryEpochSec: 0}, 1bb9cbb4-eec0-4324-8de7-fca776b53f2b{ip: 10.1.0.56, host: fv-az180-400.aibneqh1mxpuhl3tnnuy2ifbce.bx.internal.cloudapp.net, ports: [REPLICATION=45141, RATIS=44667, RATIS_ADMIN=44667, RATIS_SERVER=44667, STANDALONE=45879], networkLocation: /default-rack, certSerialId: null, persistedOpState: IN_SERVICE, persistedOpStateExpiryEpochSec: 0}, 961e98b4-0515-4e33-9a5e-b87989e0967c{ip: 10.1.0.56, host: fv-az180-400.aibneqh1mxpuhl3tnnuy2ifbce.bx.internal.cloudapp.net, ports: [REPLICATION=32803, RATIS=45547, RATIS_ADMIN=45547, RATIS_SERVER=45547, STANDALONE=33243], networkLocation: /default-rack, certSerialId: null, persistedOpState: IN_SERVICE, persistedOpStateExpiryEpochSec: 0}, a36f0c9e-34c7-41e1-90e2-5c691522fdfd{ip: 10.1.0.56, host: fv-az180-400.aibneqh1mxpuhl3tnnuy2ifbce.bx.internal.cloudapp.net, ports: [REPLICATION=43001, RATIS=35103, RATIS_ADMIN=35103, RATIS_SERVER=35103, STANDALONE=34509], networkLocation: /default-rack, certSerialId: null, persistedOpState: IN_SERVICE, persistedOpStateExpiryEpochSec: 0}, a49fbcfb-f7dc-4282-aec4-a4f9f3e2b5ab{ip: 10.1.0.56, host: fv-az180-400.aibneqh1mxpuhl3tnnuy2ifbce.bx.internal.cloudapp.net, ports: [REPLICATION=41799, RATIS=37955, RATIS_ADMIN=37955, RATIS_SERVER=37955, STANDALONE=46377], networkLocation: /default-rack, certSerialId: null, persistedOpState: null, persistedOpStateExpiryEpochSec: 0}]"  ancestorGen="0").
2022-11-18 13:06:08,445 [Under Replicated Processor] WARN  net.NetworkTopologyImpl (NetworkTopologyImpl.java:chooseNodeInternal(653)) - No available node in (scope="/default-rack" excludedScope="null" excludedNodes="[8ad84362-fca3-4a94-b029-55aaea538166{ip: 10.1.0.56, host: fv-az180-400.aibneqh1mxpuhl3tnnuy2ifbce.bx.internal.cloudapp.net, ports: [REPLICATION=45785, RATIS=38939, RATIS_ADMIN=38939, RATIS_SERVER=38939, STANDALONE=38791], networkLocation: /default-rack, certSerialId: null, persistedOpState: IN_SERVICE, persistedOpStateExpiryEpochSec: 0}, 1bb9cbb4-eec0-4324-8de7-fca776b53f2b{ip: 10.1.0.56, host: fv-az180-400.aibneqh1mxpuhl3tnnuy2ifbce.bx.internal.cloudapp.net, ports: [REPLICATION=45141, RATIS=44667, RATIS_ADMIN=44667, RATIS_SERVER=44667, STANDALONE=45879], networkLocation: /default-rack, certSerialId: null, persistedOpState: IN_SERVICE, persistedOpStateExpiryEpochSec: 0}, 961e98b4-0515-4e33-9a5e-b87989e0967c{ip: 10.1.0.56, host: fv-az180-400.aibneqh1mxpuhl3tnnuy2ifbce.bx.internal.cloudapp.net, ports: [REPLICATION=32803, RATIS=45547, RATIS_ADMIN=45547, RATIS_SERVER=45547, STANDALONE=33243], networkLocation: /default-rack, certSerialId: null, persistedOpState: IN_SERVICE, persistedOpStateExpiryEpochSec: 0}, a36f0c9e-34c7-41e1-90e2-5c691522fdfd{ip: 10.1.0.56, host: fv-az180-400.aibneqh1mxpuhl3tnnuy2ifbce.bx.internal.cloudapp.net, ports: [REPLICATION=43001, RATIS=35103, RATIS_ADMIN=35103, RATIS_SERVER=35103, STANDALONE=34509], networkLocation: /default-rack, certSerialId: null, persistedOpState: IN_SERVICE, persistedOpStateExpiryEpochSec: 0}, a49fbcfb-f7dc-4282-aec4-a4f9f3e2b5ab{ip: 10.1.0.56, host: fv-az180-400.aibneqh1mxpuhl3tnnuy2ifbce.bx.internal.cloudapp.net, ports: [REPLICATION=41799, RATIS=37955, RATIS_ADMIN=37955, RATIS_SERVER=37955, STANDALONE=46377], networkLocation: /default-rack, certSerialId: null, persistedOpState: null, persistedOpStateExpiryEpochSec: 0}]"  ancestorGen="0").
2022-11-18 13:06:08,445 [Under Replicated Processor] WARN  net.NetworkTopologyImpl (NetworkTopologyImpl.java:chooseNodeInternal(653)) - No available node in (scope="/default-rack" excludedScope="null" excludedNodes="[8ad84362-fca3-4a94-b029-55aaea538166{ip: 10.1.0.56, host: fv-az180-400.aibneqh1mxpuhl3tnnuy2ifbce.bx.internal.cloudapp.net, ports: [REPLICATION=45785, RATIS=38939, RATIS_ADMIN=38939, RATIS_SERVER=38939, STANDALONE=38791], networkLocation: /default-rack, certSerialId: null, persistedOpState: IN_SERVICE, persistedOpStateExpiryEpochSec: 0}, 1bb9cbb4-eec0-4324-8de7-fca776b53f2b{ip: 10.1.0.56, host: fv-az180-400.aibneqh1mxpuhl3tnnuy2ifbce.bx.internal.cloudapp.net, ports: [REPLICATION=45141, RATIS=44667, RATIS_ADMIN=44667, RATIS_SERVER=44667, STANDALONE=45879], networkLocation: /default-rack, certSerialId: null, persistedOpState: IN_SERVICE, persistedOpStateExpiryEpochSec: 0}, 961e98b4-0515-4e33-9a5e-b87989e0967c{ip: 10.1.0.56, host: fv-az180-400.aibneqh1mxpuhl3tnnuy2ifbce.bx.internal.cloudapp.net, ports: [REPLICATION=32803, RATIS=45547, RATIS_ADMIN=45547, RATIS_SERVER=45547, STANDALONE=33243], networkLocation: /default-rack, certSerialId: null, persistedOpState: IN_SERVICE, persistedOpStateExpiryEpochSec: 0}, a36f0c9e-34c7-41e1-90e2-5c691522fdfd{ip: 10.1.0.56, host: fv-az180-400.aibneqh1mxpuhl3tnnuy2ifbce.bx.internal.cloudapp.net, ports: [REPLICATION=43001, RATIS=35103, RATIS_ADMIN=35103, RATIS_SERVER=35103, STANDALONE=34509], networkLocation: /default-rack, certSerialId: null, persistedOpState: IN_SERVICE, persistedOpStateExpiryEpochSec: 0}, a49fbcfb-f7dc-4282-aec4-a4f9f3e2b5ab{ip: 10.1.0.56, host: fv-az180-400.aibneqh1mxpuhl3tnnuy2ifbce.bx.internal.cloudapp.net, ports: [REPLICATION=41799, RATIS=37955, RATIS_ADMIN=37955, RATIS_SERVER=37955, STANDALONE=46377], networkLocation: /default-rack, certSerialId: null, persistedOpState: null, persistedOpStateExpiryEpochSec: 0}]"  ancestorGen="0").
2022-11-18 13:06:08,445 [Under Replicated Processor] INFO  algorithms.SCMContainerPlacementRackScatter (SCMContainerPlacementRackScatter.java:chooseNode(379)) - No satisfied datanode to meet the constraints. Metadatadata size required: 0 Data size required: 5368709120, scope /default-rack, excluded nodes [8ad84362-fca3-4a94-b029-55aaea538166{ip: 10.1.0.56, host: fv-az180-400.aibneqh1mxpuhl3tnnuy2ifbce.bx.internal.cloudapp.net, ports: [REPLICATION=45785, RATIS=38939, RATIS_ADMIN=38939, RATIS_SERVER=38939, STANDALONE=38791], networkLocation: /default-rack, certSerialId: null, persistedOpState: IN_SERVICE, persistedOpStateExpiryEpochSec: 0}, 1bb9cbb4-eec0-4324-8de7-fca776b53f2b{ip: 10.1.0.56, host: fv-az180-400.aibneqh1mxpuhl3tnnuy2ifbce.bx.internal.cloudapp.net, ports: [REPLICATION=45141, RATIS=44667, RATIS_ADMIN=44667, RATIS_SERVER=44667, STANDALONE=45879], networkLocation: /default-rack, certSerialId: null, persistedOpState: IN_SERVICE, persistedOpStateExpiryEpochSec: 0}, 961e98b4-0515-4e33-9a5e-b87989e0967c{ip: 10.1.0.56, host: fv-az180-400.aibneqh1mxpuhl3tnnuy2ifbce.bx.internal.cloudapp.net, ports: [REPLICATION=32803, RATIS=45547, RATIS_ADMIN=45547, RATIS_SERVER=45547, STANDALONE=33243], networkLocation: /default-rack, certSerialId: null, persistedOpState: IN_SERVICE, persistedOpStateExpiryEpochSec: 0}, a36f0c9e-34c7-41e1-90e2-5c691522fdfd{ip: 10.1.0.56, host: fv-az180-400.aibneqh1mxpuhl3tnnuy2ifbce.bx.internal.cloudapp.net, ports: [REPLICATION=43001, RATIS=35103, RATIS_ADMIN=35103, RATIS_SERVER=35103, STANDALONE=34509], networkLocation: /default-rack, certSerialId: null, persistedOpState: IN_SERVICE, persistedOpStateExpiryEpochSec: 0}, a49fbcfb-f7dc-4282-aec4-a4f9f3e2b5ab{ip: 10.1.0.56, host: fv-az180-400.aibneqh1mxpuhl3tnnuy2ifbce.bx.internal.cloudapp.net, ports: [REPLICATION=41799, RATIS=37955, RATIS_ADMIN=37955, RATIS_SERVER=37955, STANDALONE=46377], networkLocation: /default-rack, certSerialId: null, persistedOpState: null, persistedOpStateExpiryEpochSec: 0}]
2022-11-18 13:06:08,446 [Under Replicated Processor] WARN  algorithms.SCMContainerPlacementRackScatter (SCMContainerPlacementRackScatter.java:chooseDatanodesInternal(281)) - Placement policy could not choose the enough nodes from available racks. Chosen nodes size from Unique Racks: 0, but required nodes to choose from Unique Racks: 1 do not match. Available racks count: 1, Excluded nodes count: 4
2022-11-18 13:06:08,446 [Under Replicated Processor] WARN  replication.ECUnderReplicationHandler (ECUnderReplicationHandler.java:processAndCreateCommands(252)) - Exception while processing for creating the EC reconstruction container commands for #8.
org.apache.hadoop.hdds.scm.exceptions.SCMException: Chosen nodes size from Unique Racks: 0, but required nodes to choose from Unique Racks: 1 do not match.
	at org.apache.hadoop.hdds.scm.container.placement.algorithms.SCMContainerPlacementRackScatter.chooseDatanodesInternal(SCMContainerPlacementRackScatter.java:286)
	at org.apache.hadoop.hdds.scm.SCMCommonPlacementPolicy.chooseDatanodes(SCMCommonPlacementPolicy.java:175)
	at org.apache.hadoop.hdds.scm.SCMCommonPlacementPolicy.chooseDatanodes(SCMCommonPlacementPolicy.java:117)
	at org.apache.hadoop.hdds.scm.container.replication.ECUnderReplicationHandler.getTargetDatanodes(ECUnderReplicationHandler.java:303)
	at org.apache.hadoop.hdds.scm.container.replication.ECUnderReplicationHandler.processAndCreateCommands(ECUnderReplicationHandler.java:186)
	at org.apache.hadoop.hdds.scm.container.replication.ReplicationManager.processUnderReplicatedContainer(ReplicationManager.java:483)
	at org.apache.hadoop.hdds.scm.container.replication.UnderReplicatedProcessor.processContainer(UnderReplicatedProcessor.java:99)
	at org.apache.hadoop.hdds.scm.container.replication.UnderReplicatedProcessor.processAll(UnderReplicatedProcessor.java:83)
	at org.apache.hadoop.hdds.scm.container.replication.UnderReplicatedProcessor.run(UnderReplicatedProcessor.java:144)
	at java.lang.Thread.run(Thread.java:750)
2022-11-18 13:06:08,446 [Under Replicated Processor] ERROR replication.UnderReplicatedProcessor (UnderReplicatedProcessor.java:processAll(86)) - Error processing under replicated container ContainerInfo{id=#8, state=CLOSED, pipelineID=PipelineID=67e84420-6fe2-43b6-bc4f-8bf4477b66f2, stateEnterTime=2022-11-18T13:05:28.764Z, owner=om1}
org.apache.hadoop.hdds.scm.exceptions.SCMException: Chosen nodes size from Unique Racks: 0, but required nodes to choose from Unique Racks: 1 do not match.
	at org.apache.hadoop.hdds.scm.container.placement.algorithms.SCMContainerPlacementRackScatter.chooseDatanodesInternal(SCMContainerPlacementRackScatter.java:286)
	at org.apache.hadoop.hdds.scm.SCMCommonPlacementPolicy.chooseDatanodes(SCMCommonPlacementPolicy.java:175)
	at org.apache.hadoop.hdds.scm.SCMCommonPlacementPolicy.chooseDatanodes(SCMCommonPlacementPolicy.java:117)
	at org.apache.hadoop.hdds.scm.container.replication.ECUnderReplicationHandler.getTargetDatanodes(ECUnderReplicationHandler.java:303)
	at org.apache.hadoop.hdds.scm.container.replication.ECUnderReplicationHandler.processAndCreateCommands(ECUnderReplicationHandler.java:186)
	at org.apache.hadoop.hdds.scm.container.replication.ReplicationManager.processUnderReplicatedContainer(ReplicationManager.java:483)
	at org.apache.hadoop.hdds.scm.container.replication.UnderReplicatedProcessor.processContainer(UnderReplicatedProcessor.java:99)
	at org.apache.hadoop.hdds.scm.container.replication.UnderReplicatedProcessor.processAll(UnderReplicatedProcessor.java:83)
	at org.apache.hadoop.hdds.scm.container.replication.UnderReplicatedProcessor.run(UnderReplicatedProcessor.java:144)
	at java.lang.Thread.run(Thread.java:750)
2022-11-18 13:06:08,446 [Under Replicated Processor] WARN  net.NetworkTopologyImpl (NetworkTopologyImpl.java:chooseNodeInternal(653)) - No available node in (scope="/default-rack" excludedScope="null" excludedNodes="[8ad84362-fca3-4a94-b029-55aaea538166{ip: 10.1.0.56, host: fv-az180-400.aibneqh1mxpuhl3tnnuy2ifbce.bx.internal.cloudapp.net, ports: [REPLICATION=45785, RATIS=38939, RATIS_ADMIN=38939, RATIS_SERVER=38939, STANDALONE=38791], networkLocation: /default-rack, certSerialId: null, persistedOpState: IN_SERVICE, persistedOpStateExpiryEpochSec: 0}, 1bb9cbb4-eec0-4324-8de7-fca776b53f2b{ip: 10.1.0.56, host: fv-az180-400.aibneqh1mxpuhl3tnnuy2ifbce.bx.internal.cloudapp.net, ports: [REPLICATION=45141, RATIS=44667, RATIS_ADMIN=44667, RATIS_SERVER=44667, STANDALONE=45879], networkLocation: /default-rack, certSerialId: null, persistedOpState: IN_SERVICE, persistedOpStateExpiryEpochSec: 0}, 961e98b4-0515-4e33-9a5e-b87989e0967c{ip: 10.1.0.56, host: fv-az180-400.aibneqh1mxpuhl3tnnuy2ifbce.bx.internal.cloudapp.net, ports: [REPLICATION=32803, RATIS=45547, RATIS_ADMIN=45547, RATIS_SERVER=45547, STANDALONE=33243], networkLocation: /default-rack, certSerialId: null, persistedOpState: IN_SERVICE, persistedOpStateExpiryEpochSec: 0}, a36f0c9e-34c7-41e1-90e2-5c691522fdfd{ip: 10.1.0.56, host: fv-az180-400.aibneqh1mxpuhl3tnnuy2ifbce.bx.internal.cloudapp.net, ports: [REPLICATION=43001, RATIS=35103, RATIS_ADMIN=35103, RATIS_SERVER=35103, STANDALONE=34509], networkLocation: /default-rack, certSerialId: null, persistedOpState: IN_SERVICE, persistedOpStateExpiryEpochSec: 0}, a49fbcfb-f7dc-4282-aec4-a4f9f3e2b5ab{ip: 10.1.0.56, host: fv-az180-400.aibneqh1mxpuhl3tnnuy2ifbce.bx.internal.cloudapp.net, ports: [REPLICATION=41799, RATIS=37955, RATIS_ADMIN=37955, RATIS_SERVER=37955, STANDALONE=46377], networkLocation: /default-rack, certSerialId: null, persistedOpState: null, persistedOpStateExpiryEpochSec: 0}]"  ancestorGen="0").
2022-11-18 13:06:08,446 [Under Replicated Processor] WARN  net.NetworkTopologyImpl (NetworkTopologyImpl.java:chooseNodeInternal(653)) - No available node in (scope="/default-rack" excludedScope="null" excludedNodes="[8ad84362-fca3-4a94-b029-55aaea538166{ip: 10.1.0.56, host: fv-az180-400.aibneqh1mxpuhl3tnnuy2ifbce.bx.internal.cloudapp.net, ports: [REPLICATION=45785, RATIS=38939, RATIS_ADMIN=38939, RATIS_SERVER=38939, STANDALONE=38791], networkLocation: /default-rack, certSerialId: null, persistedOpState: IN_SERVICE, persistedOpStateExpiryEpochSec: 0}, 1bb9cbb4-eec0-4324-8de7-fca776b53f2b{ip: 10.1.0.56, host: fv-az180-400.aibneqh1mxpuhl3tnnuy2ifbce.bx.internal.cloudapp.net, ports: [REPLICATION=45141, RATIS=44667, RATIS_ADMIN=44667, RATIS_SERVER=44667, STANDALONE=45879], networkLocation: /default-rack, certSerialId: null, persistedOpState: IN_SERVICE, persistedOpStateExpiryEpochSec: 0}, 961e98b4-0515-4e33-9a5e-b87989e0967c{ip: 10.1.0.56, host: fv-az180-400.aibneqh1mxpuhl3tnnuy2ifbce.bx.internal.cloudapp.net, ports: [REPLICATION=32803, RATIS=45547, RATIS_ADMIN=45547, RATIS_SERVER=45547, STANDALONE=33243], networkLocation: /default-rack, certSerialId: null, persistedOpState: IN_SERVICE, persistedOpStateExpiryEpochSec: 0}, a36f0c9e-34c7-41e1-90e2-5c691522fdfd{ip: 10.1.0.56, host: fv-az180-400.aibneqh1mxpuhl3tnnuy2ifbce.bx.internal.cloudapp.net, ports: [REPLICATION=43001, RATIS=35103, RATIS_ADMIN=35103, RATIS_SERVER=35103, STANDALONE=34509], networkLocation: /default-rack, certSerialId: null, persistedOpState: IN_SERVICE, persistedOpStateExpiryEpochSec: 0}, a49fbcfb-f7dc-4282-aec4-a4f9f3e2b5ab{ip: 10.1.0.56, host: fv-az180-400.aibneqh1mxpuhl3tnnuy2ifbce.bx.internal.cloudapp.net, ports: [REPLICATION=41799, RATIS=37955, RATIS_ADMIN=37955, RATIS_SERVER=37955, STANDALONE=46377], networkLocation: /default-rack, certSerialId: null, persistedOpState: null, persistedOpStateExpiryEpochSec: 0}]"  ancestorGen="0").
2022-11-18 13:06:08,446 [Under Replicated Processor] WARN  net.NetworkTopologyImpl (NetworkTopologyImpl.java:chooseNodeInternal(653)) - No available node in (scope="/default-rack" excludedScope="null" excludedNodes="[8ad84362-fca3-4a94-b029-55aaea538166{ip: 10.1.0.56, host: fv-az180-400.aibneqh1mxpuhl3tnnuy2ifbce.bx.internal.cloudapp.net, ports: [REPLICATION=45785, RATIS=38939, RATIS_ADMIN=38939, RATIS_SERVER=38939, STANDALONE=38791], networkLocation: /default-rack, certSerialId: null, persistedOpState: IN_SERVICE, persistedOpStateExpiryEpochSec: 0}, 1bb9cbb4-eec0-4324-8de7-fca776b53f2b{ip: 10.1.0.56, host: fv-az180-400.aibneqh1mxpuhl3tnnuy2ifbce.bx.internal.cloudapp.net, ports: [REPLICATION=45141, RATIS=44667, RATIS_ADMIN=44667, RATIS_SERVER=44667, STANDALONE=45879], networkLocation: /default-rack, certSerialId: null, persistedOpState: IN_SERVICE, persistedOpStateExpiryEpochSec: 0}, 961e98b4-0515-4e33-9a5e-b87989e0967c{ip: 10.1.0.56, host: fv-az180-400.aibneqh1mxpuhl3tnnuy2ifbce.bx.internal.cloudapp.net, ports: [REPLICATION=32803, RATIS=45547, RATIS_ADMIN=45547, RATIS_SERVER=45547, STANDALONE=33243], networkLocation: /default-rack, certSerialId: null, persistedOpState: IN_SERVICE, persistedOpStateExpiryEpochSec: 0}, a36f0c9e-34c7-41e1-90e2-5c691522fdfd{ip: 10.1.0.56, host: fv-az180-400.aibneqh1mxpuhl3tnnuy2ifbce.bx.internal.cloudapp.net, ports: [REPLICATION=43001, RATIS=35103, RATIS_ADMIN=35103, RATIS_SERVER=35103, STANDALONE=34509], networkLocation: /default-rack, certSerialId: null, persistedOpState: IN_SERVICE, persistedOpStateExpiryEpochSec: 0}, a49fbcfb-f7dc-4282-aec4-a4f9f3e2b5ab{ip: 10.1.0.56, host: fv-az180-400.aibneqh1mxpuhl3tnnuy2ifbce.bx.internal.cloudapp.net, ports: [REPLICATION=41799, RATIS=37955, RATIS_ADMIN=37955, RATIS_SERVER=37955, STANDALONE=46377], networkLocation: /default-rack, certSerialId: null, persistedOpState: null, persistedOpStateExpiryEpochSec: 0}]"  ancestorGen="0").
2022-11-18 13:06:08,446 [Under Replicated Processor] WARN  net.NetworkTopologyImpl (NetworkTopologyImpl.java:chooseNodeInternal(653)) - No available node in (scope="/default-rack" excludedScope="null" excludedNodes="[8ad84362-fca3-4a94-b029-55aaea538166{ip: 10.1.0.56, host: fv-az180-400.aibneqh1mxpuhl3tnnuy2ifbce.bx.internal.cloudapp.net, ports: [REPLICATION=45785, RATIS=38939, RATIS_ADMIN=38939, RATIS_SERVER=38939, STANDALONE=38791], networkLocation: /default-rack, certSerialId: null, persistedOpState: IN_SERVICE, persistedOpStateExpiryEpochSec: 0}, 1bb9cbb4-eec0-4324-8de7-fca776b53f2b{ip: 10.1.0.56, host: fv-az180-400.aibneqh1mxpuhl3tnnuy2ifbce.bx.internal.cloudapp.net, ports: [REPLICATION=45141, RATIS=44667, RATIS_ADMIN=44667, RATIS_SERVER=44667, STANDALONE=45879], networkLocation: /default-rack, certSerialId: null, persistedOpState: IN_SERVICE, persistedOpStateExpiryEpochSec: 0}, 961e98b4-0515-4e33-9a5e-b87989e0967c{ip: 10.1.0.56, host: fv-az180-400.aibneqh1mxpuhl3tnnuy2ifbce.bx.internal.cloudapp.net, ports: [REPLICATION=32803, RATIS=45547, RATIS_ADMIN=45547, RATIS_SERVER=45547, STANDALONE=33243], networkLocation: /default-rack, certSerialId: null, persistedOpState: IN_SERVICE, persistedOpStateExpiryEpochSec: 0}, a36f0c9e-34c7-41e1-90e2-5c691522fdfd{ip: 10.1.0.56, host: fv-az180-400.aibneqh1mxpuhl3tnnuy2ifbce.bx.internal.cloudapp.net, ports: [REPLICATION=43001, RATIS=35103, RATIS_ADMIN=35103, RATIS_SERVER=35103, STANDALONE=34509], networkLocation: /default-rack, certSerialId: null, persistedOpState: IN_SERVICE, persistedOpStateExpiryEpochSec: 0}, a49fbcfb-f7dc-4282-aec4-a4f9f3e2b5ab{ip: 10.1.0.56, host: fv-az180-400.aibneqh1mxpuhl3tnnuy2ifbce.bx.internal.cloudapp.net, ports: [REPLICATION=41799, RATIS=37955, RATIS_ADMIN=37955, RATIS_SERVER=37955, STANDALONE=46377], networkLocation: /default-rack, certSerialId: null, persistedOpState: null, persistedOpStateExpiryEpochSec: 0}]"  ancestorGen="0").
2022-11-18 13:06:08,446 [Under Replicated Processor] INFO  algorithms.SCMContainerPlacementRackScatter (SCMContainerPlacementRackScatter.java:chooseNode(379)) - No satisfied datanode to meet the constraints. Metadatadata size required: 0 Data size required: 5368709120, scope /default-rack, excluded nodes [8ad84362-fca3-4a94-b029-55aaea538166{ip: 10.1.0.56, host: fv-az180-400.aibneqh1mxpuhl3tnnuy2ifbce.bx.internal.cloudapp.net, ports: [REPLICATION=45785, RATIS=38939, RATIS_ADMIN=38939, RATIS_SERVER=38939, STANDALONE=38791], networkLocation: /default-rack, certSerialId: null, persistedOpState: IN_SERVICE, persistedOpStateExpiryEpochSec: 0}, 1bb9cbb4-eec0-4324-8de7-fca776b53f2b{ip: 10.1.0.56, host: fv-az180-400.aibneqh1mxpuhl3tnnuy2ifbce.bx.internal.cloudapp.net, ports: [REPLICATION=45141, RATIS=44667, RATIS_ADMIN=44667, RATIS_SERVER=44667, STANDALONE=45879], networkLocation: /default-rack, certSerialId: null, persistedOpState: IN_SERVICE, persistedOpStateExpiryEpochSec: 0}, 961e98b4-0515-4e33-9a5e-b87989e0967c{ip: 10.1.0.56, host: fv-az180-400.aibneqh1mxpuhl3tnnuy2ifbce.bx.internal.cloudapp.net, ports: [REPLICATION=32803, RATIS=45547, RATIS_ADMIN=45547, RATIS_SERVER=45547, STANDALONE=33243], networkLocation: /default-rack, certSerialId: null, persistedOpState: IN_SERVICE, persistedOpStateExpiryEpochSec: 0}, a36f0c9e-34c7-41e1-90e2-5c691522fdfd{ip: 10.1.0.56, host: fv-az180-400.aibneqh1mxpuhl3tnnuy2ifbce.bx.internal.cloudapp.net, ports: [REPLICATION=43001, RATIS=35103, RATIS_ADMIN=35103, RATIS_SERVER=35103, STANDALONE=34509], networkLocation: /default-rack, certSerialId: null, persistedOpState: IN_SERVICE, persistedOpStateExpiryEpochSec: 0}, a49fbcfb-f7dc-4282-aec4-a4f9f3e2b5ab{ip: 10.1.0.56, host: fv-az180-400.aibneqh1mxpuhl3tnnuy2ifbce.bx.internal.cloudapp.net, ports: [REPLICATION=41799, RATIS=37955, RATIS_ADMIN=37955, RATIS_SERVER=37955, STANDALONE=46377], networkLocation: /default-rack, certSerialId: null, persistedOpState: null, persistedOpStateExpiryEpochSec: 0}]
2022-11-18 13:06:08,446 [Under Replicated Processor] WARN  algorithms.SCMContainerPlacementRackScatter (SCMContainerPlacementRackScatter.java:chooseDatanodesInternal(281)) - Placement policy could not choose the enough nodes from available racks. Chosen nodes size from Unique Racks: 0, but required nodes to choose from Unique Racks: 1 do not match. Available racks count: 1, Excluded nodes count: 4
2022-11-18 13:06:08,448 [ReplicationMonitor] INFO  replication.LegacyReplicationManager (LegacyReplicationManager.java:sendCloseCommand(1511)) - Sending close container command for container #3 to datanode a36f0c9e-34c7-41e1-90e2-5c691522fdfd{ip: 10.1.0.56, host: fv-az180-400.aibneqh1mxpuhl3tnnuy2ifbce.bx.internal.cloudapp.net, ports: [REPLICATION=43001, RATIS=35103, RATIS_ADMIN=35103, RATIS_SERVER=35103, STANDALONE=34509], networkLocation: /default-rack, certSerialId: null, persistedOpState: IN_SERVICE, persistedOpStateExpiryEpochSec: 0}.
2022-11-18 13:06:08,448 [Under Replicated Processor] WARN  replication.ECUnderReplicationHandler (ECUnderReplicationHandler.java:processAndCreateCommands(252)) - Exception while processing for creating the EC reconstruction container commands for #8.
org.apache.hadoop.hdds.scm.exceptions.SCMException: Chosen nodes size from Unique Racks: 0, but required nodes to choose from Unique Racks: 1 do not match.
	at org.apache.hadoop.hdds.scm.container.placement.algorithms.SCMContainerPlacementRackScatter.chooseDatanodesInternal(SCMContainerPlacementRackScatter.java:286)
	at org.apache.hadoop.hdds.scm.SCMCommonPlacementPolicy.chooseDatanodes(SCMCommonPlacementPolicy.java:175)
	at org.apache.hadoop.hdds.scm.SCMCommonPlacementPolicy.chooseDatanodes(SCMCommonPlacementPolicy.java:117)
	at org.apache.hadoop.hdds.scm.container.replication.ECUnderReplicationHandler.getTargetDatanodes(ECUnderReplicationHandler.java:303)
	at org.apache.hadoop.hdds.scm.container.replication.ECUnderReplicationHandler.processAndCreateCommands(ECUnderReplicationHandler.java:186)
	at org.apache.hadoop.hdds.scm.container.replication.ReplicationManager.processUnderReplicatedContainer(ReplicationManager.java:483)
	at org.apache.hadoop.hdds.scm.container.replication.UnderReplicatedProcessor.processContainer(UnderReplicatedProcessor.java:99)
	at org.apache.hadoop.hdds.scm.container.replication.UnderReplicatedProcessor.processAll(UnderReplicatedProcessor.java:83)
	at org.apache.hadoop.hdds.scm.container.replication.UnderReplicatedProcessor.run(UnderReplicatedProcessor.java:144)
	at java.lang.Thread.run(Thread.java:750)
2022-11-18 13:06:08,449 [Under Replicated Processor] ERROR replication.UnderReplicatedProcessor (UnderReplicatedProcessor.java:processAll(86)) - Error processing under replicated container ContainerInfo{id=#8, state=CLOSED, pipelineID=PipelineID=67e84420-6fe2-43b6-bc4f-8bf4477b66f2, stateEnterTime=2022-11-18T13:05:28.764Z, owner=om1}
org.apache.hadoop.hdds.scm.exceptions.SCMException: Chosen nodes size from Unique Racks: 0, but required nodes to choose from Unique Racks: 1 do not match.
	at org.apache.hadoop.hdds.scm.container.placement.algorithms.SCMContainerPlacementRackScatter.chooseDatanodesInternal(SCMContainerPlacementRackScatter.java:286)
	at org.apache.hadoop.hdds.scm.SCMCommonPlacementPolicy.chooseDatanodes(SCMCommonPlacementPolicy.java:175)
	at org.apache.hadoop.hdds.scm.SCMCommonPlacementPolicy.chooseDatanodes(SCMCommonPlacementPolicy.java:117)
	at org.apache.hadoop.hdds.scm.container.replication.ECUnderReplicationHandler.getTargetDatanodes(ECUnderReplicationHandler.java:303)
	at org.apache.hadoop.hdds.scm.container.replication.ECUnderReplicationHandler.processAndCreateCommands(ECUnderReplicationHandler.java:186)
	at org.apache.hadoop.hdds.scm.container.replication.ReplicationManager.processUnderReplicatedContainer(ReplicationManager.java:483)
	at org.apache.hadoop.hdds.scm.container.replication.UnderReplicatedProcessor.processContainer(UnderReplicatedProcessor.java:99)
	at org.apache.hadoop.hdds.scm.container.replication.UnderReplicatedProcessor.processAll(UnderReplicatedProcessor.java:83)
	at org.apache.hadoop.hdds.scm.container.replication.UnderReplicatedProcessor.run(UnderReplicatedProcessor.java:144)
	at java.lang.Thread.run(Thread.java:750)
2022-11-18 13:06:08,449 [ReplicationMonitor] INFO  replication.LegacyReplicationManager (LegacyReplicationManager.java:sendCloseCommand(1511)) - Sending close container command for container #3 to datanode 1bb9cbb4-eec0-4324-8de7-fca776b53f2b{ip: 10.1.0.56, host: fv-az180-400.aibneqh1mxpuhl3tnnuy2ifbce.bx.internal.cloudapp.net, ports: [REPLICATION=45141, RATIS=44667, RATIS_ADMIN=44667, RATIS_SERVER=44667, STANDALONE=45879], networkLocation: /default-rack, certSerialId: null, persistedOpState: IN_SERVICE, persistedOpStateExpiryEpochSec: 0}.
2022-11-18 13:06:08,449 [ReplicationMonitor] INFO  replication.LegacyReplicationManager (LegacyReplicationManager.java:sendCloseCommand(1511)) - Sending close container command for container #5 to datanode a36f0c9e-34c7-41e1-90e2-5c691522fdfd{ip: 10.1.0.56, host: fv-az180-400.aibneqh1mxpuhl3tnnuy2ifbce.bx.internal.cloudapp.net, ports: [REPLICATION=43001, RATIS=35103, RATIS_ADMIN=35103, RATIS_SERVER=35103, STANDALONE=34509], networkLocation: /default-rack, certSerialId: null, persistedOpState: IN_SERVICE, persistedOpStateExpiryEpochSec: 0}.
2022-11-18 13:06:08,449 [ReplicationMonitor] INFO  replication.LegacyReplicationManager (LegacyReplicationManager.java:sendCloseCommand(1511)) - Sending close container command for container #5 to datanode 1bb9cbb4-eec0-4324-8de7-fca776b53f2b{ip: 10.1.0.56, host: fv-az180-400.aibneqh1mxpuhl3tnnuy2ifbce.bx.internal.cloudapp.net, ports: [REPLICATION=45141, RATIS=44667, RATIS_ADMIN=44667, RATIS_SERVER=44667, STANDALONE=45879], networkLocation: /default-rack, certSerialId: null, persistedOpState: IN_SERVICE, persistedOpStateExpiryEpochSec: 0}.
2022-11-18 13:06:08,449 [ReplicationMonitor] INFO  replication.LegacyReplicationManager (LegacyReplicationManager.java:sendCloseCommand(1511)) - Sending close container command for container #6 to datanode 1bb9cbb4-eec0-4324-8de7-fca776b53f2b{ip: 10.1.0.56, host: fv-az180-400.aibneqh1mxpuhl3tnnuy2ifbce.bx.internal.cloudapp.net, ports: [REPLICATION=45141, RATIS=44667, RATIS_ADMIN=44667, RATIS_SERVER=44667, STANDALONE=45879], networkLocation: /default-rack, certSerialId: null, persistedOpState: IN_SERVICE, persistedOpStateExpiryEpochSec: 0}.
2022-11-18 13:06:08,449 [ReplicationMonitor] INFO  replication.LegacyReplicationManager (LegacyReplicationManager.java:sendCloseCommand(1511)) - Sending close container command for container #6 to datanode a36f0c9e-34c7-41e1-90e2-5c691522fdfd{ip: 10.1.0.56, host: fv-az180-400.aibneqh1mxpuhl3tnnuy2ifbce.bx.internal.cloudapp.net, ports: [REPLICATION=43001, RATIS=35103, RATIS_ADMIN=35103, RATIS_SERVER=35103, STANDALONE=34509], networkLocation: /default-rack, certSerialId: null, persistedOpState: IN_SERVICE, persistedOpStateExpiryEpochSec: 0}.
2022-11-18 13:06:08,449 [ReplicationMonitor] INFO  replication.ReplicationManager (ReplicationManager.java:sendCloseContainerReplicaCommand(564)) - Sending close container command for container #11 to datanode a36f0c9e-34c7-41e1-90e2-5c691522fdfd{ip: 10.1.0.56, host: fv-az180-400.aibneqh1mxpuhl3tnnuy2ifbce.bx.internal.cloudapp.net, ports: [REPLICATION=43001, RATIS=35103, RATIS_ADMIN=35103, RATIS_SERVER=35103, STANDALONE=34509], networkLocation: /default-rack, certSerialId: null, persistedOpState: IN_SERVICE, persistedOpStateExpiryEpochSec: 0}.
2022-11-18 13:06:08,449 [ReplicationMonitor] INFO  replication.ReplicationManager (ReplicationManager.java:processAll(352)) - Replication Monitor Thread took 2 milliseconds for processing 11 containers.
2022-11-18 13:06:08,450 [Under Replicated Processor] WARN  net.NetworkTopologyImpl (NetworkTopologyImpl.java:chooseNodeInternal(653)) - No available node in (scope="/default-rack" excludedScope="null" excludedNodes="[8ad84362-fca3-4a94-b029-55aaea538166{ip: 10.1.0.56, host: fv-az180-400.aibneqh1mxpuhl3tnnuy2ifbce.bx.internal.cloudapp.net, ports: [REPLICATION=45785, RATIS=38939, RATIS_ADMIN=38939, RATIS_SERVER=38939, STANDALONE=38791], networkLocation: /default-rack, certSerialId: null, persistedOpState: IN_SERVICE, persistedOpStateExpiryEpochSec: 0}, 1bb9cbb4-eec0-4324-8de7-fca776b53f2b{ip: 10.1.0.56, host: fv-az180-400.aibneqh1mxpuhl3tnnuy2ifbce.bx.internal.cloudapp.net, ports: [REPLICATION=45141, RATIS=44667, RATIS_ADMIN=44667, RATIS_SERVER=44667, STANDALONE=45879], networkLocation: /default-rack, certSerialId: null, persistedOpState: IN_SERVICE, persistedOpStateExpiryEpochSec: 0}, 961e98b4-0515-4e33-9a5e-b87989e0967c{ip: 10.1.0.56, host: fv-az180-400.aibneqh1mxpuhl3tnnuy2ifbce.bx.internal.cloudapp.net, ports: [REPLICATION=32803, RATIS=45547, RATIS_ADMIN=45547, RATIS_SERVER=45547, STANDALONE=33243], networkLocation: /default-rack, certSerialId: null, persistedOpState: IN_SERVICE, persistedOpStateExpiryEpochSec: 0}, a36f0c9e-34c7-41e1-90e2-5c691522fdfd{ip: 10.1.0.56, host: fv-az180-400.aibneqh1mxpuhl3tnnuy2ifbce.bx.internal.cloudapp.net, ports: [REPLICATION=43001, RATIS=35103, RATIS_ADMIN=35103, RATIS_SERVER=35103, STANDALONE=34509], networkLocation: /default-rack, certSerialId: null, persistedOpState: IN_SERVICE, persistedOpStateExpiryEpochSec: 0}, a49fbcfb-f7dc-4282-aec4-a4f9f3e2b5ab{ip: 10.1.0.56, host: fv-az180-400.aibneqh1mxpuhl3tnnuy2ifbce.bx.internal.cloudapp.net, ports: [REPLICATION=41799, RATIS=37955, RATIS_ADMIN=37955, RATIS_SERVER=37955, STANDALONE=46377], networkLocation: /default-rack, certSerialId: null, persistedOpState: null, persistedOpStateExpiryEpochSec: 0}]"  ancestorGen="0").
2022-11-18 13:06:08,450 [Under Replicated Processor] WARN  net.NetworkTopologyImpl (NetworkTopologyImpl.java:chooseNodeInternal(653)) - No available node in (scope="/default-rack" excludedScope="null" excludedNodes="[8ad84362-fca3-4a94-b029-55aaea538166{ip: 10.1.0.56, host: fv-az180-400.aibneqh1mxpuhl3tnnuy2ifbce.bx.internal.cloudapp.net, ports: [REPLICATION=45785, RATIS=38939, RATIS_ADMIN=38939, RATIS_SERVER=38939, STANDALONE=38791], networkLocation: /default-rack, certSerialId: null, persistedOpState: IN_SERVICE, persistedOpStateExpiryEpochSec: 0}, 1bb9cbb4-eec0-4324-8de7-fca776b53f2b{ip: 10.1.0.56, host: fv-az180-400.aibneqh1mxpuhl3tnnuy2ifbce.bx.internal.cloudapp.net, ports: [REPLICATION=45141, RATIS=44667, RATIS_ADMIN=44667, RATIS_SERVER=44667, STANDALONE=45879], networkLocation: /default-rack, certSerialId: null, persistedOpState: IN_SERVICE, persistedOpStateExpiryEpochSec: 0}, 961e98b4-0515-4e33-9a5e-b87989e0967c{ip: 10.1.0.56, host: fv-az180-400.aibneqh1mxpuhl3tnnuy2ifbce.bx.internal.cloudapp.net, ports: [REPLICATION=32803, RATIS=45547, RATIS_ADMIN=45547, RATIS_SERVER=45547, STANDALONE=33243], networkLocation: /default-rack, certSerialId: null, persistedOpState: IN_SERVICE, persistedOpStateExpiryEpochSec: 0}, a36f0c9e-34c7-41e1-90e2-5c691522fdfd{ip: 10.1.0.56, host: fv-az180-400.aibneqh1mxpuhl3tnnuy2ifbce.bx.internal.cloudapp.net, ports: [REPLICATION=43001, RATIS=35103, RATIS_ADMIN=35103, RATIS_SERVER=35103, STANDALONE=34509], networkLocation: /default-rack, certSerialId: null, persistedOpState: IN_SERVICE, persistedOpStateExpiryEpochSec: 0}, a49fbcfb-f7dc-4282-aec4-a4f9f3e2b5ab{ip: 10.1.0.56, host: fv-az180-400.aibneqh1mxpuhl3tnnuy2ifbce.bx.internal.cloudapp.net, ports: [REPLICATION=41799, RATIS=37955, RATIS_ADMIN=37955, RATIS_SERVER=37955, STANDALONE=46377], networkLocation: /default-rack, certSerialId: null, persistedOpState: null, persistedOpStateExpiryEpochSec: 0}]"  ancestorGen="0").
2022-11-18 13:06:08,450 [Under Replicated Processor] WARN  net.NetworkTopologyImpl (NetworkTopologyImpl.java:chooseNodeInternal(653)) - No available node in (scope="/default-rack" excludedScope="null" excludedNodes="[8ad84362-fca3-4a94-b029-55aaea538166{ip: 10.1.0.56, host: fv-az180-400.aibneqh1mxpuhl3tnnuy2ifbce.bx.internal.cloudapp.net, ports: [REPLICATION=45785, RATIS=38939, RATIS_ADMIN=38939, RATIS_SERVER=38939, STANDALONE=38791], networkLocation: /default-rack, certSerialId: null, persistedOpState: IN_SERVICE, persistedOpStateExpiryEpochSec: 0}, 1bb9cbb4-eec0-4324-8de7-fca776b53f2b{ip: 10.1.0.56, host: fv-az180-400.aibneqh1mxpuhl3tnnuy2ifbce.bx.internal.cloudapp.net, ports: [REPLICATION=45141, RATIS=44667, RATIS_ADMIN=44667, RATIS_SERVER=44667, STANDALONE=45879], networkLocation: /default-rack, certSerialId: null, persistedOpState: IN_SERVICE, persistedOpStateExpiryEpochSec: 0}, 961e98b4-0515-4e33-9a5e-b87989e0967c{ip: 10.1.0.56, host: fv-az180-400.aibneqh1mxpuhl3tnnuy2ifbce.bx.internal.cloudapp.net, ports: [REPLICATION=32803, RATIS=45547, RATIS_ADMIN=45547, RATIS_SERVER=45547, STANDALONE=33243], networkLocation: /default-rack, certSerialId: null, persistedOpState: IN_SERVICE, persistedOpStateExpiryEpochSec: 0}, a36f0c9e-34c7-41e1-90e2-5c691522fdfd{ip: 10.1.0.56, host: fv-az180-400.aibneqh1mxpuhl3tnnuy2ifbce.bx.internal.cloudapp.net, ports: [REPLICATION=43001, RATIS=35103, RATIS_ADMIN=35103, RATIS_SERVER=35103, STANDALONE=34509], networkLocation: /default-rack, certSerialId: null, persistedOpState: IN_SERVICE, persistedOpStateExpiryEpochSec: 0}, a49fbcfb-f7dc-4282-aec4-a4f9f3e2b5ab{ip: 10.1.0.56, host: fv-az180-400.aibneqh1mxpuhl3tnnuy2ifbce.bx.internal.cloudapp.net, ports: [REPLICATION=41799, RATIS=37955, RATIS_ADMIN=37955, RATIS_SERVER=37955, STANDALONE=46377], networkLocation: /default-rack, certSerialId: null, persistedOpState: null, persistedOpStateExpiryEpochSec: 0}]"  ancestorGen="0").
2022-11-18 13:06:08,451 [Under Replicated Processor] WARN  net.NetworkTopologyImpl (NetworkTopologyImpl.java:chooseNodeInternal(653)) - No available node in (scope="/default-rack" excludedScope="null" excludedNodes="[8ad84362-fca3-4a94-b029-55aaea538166{ip: 10.1.0.56, host: fv-az180-400.aibneqh1mxpuhl3tnnuy2ifbce.bx.internal.cloudapp.net, ports: [REPLICATION=45785, RATIS=38939, RATIS_ADMIN=38939, RATIS_SERVER=38939, STANDALONE=38791], networkLocation: /default-rack, certSerialId: null, persistedOpState: IN_SERVICE, persistedOpStateExpiryEpochSec: 0}, 1bb9cbb4-eec0-4324-8de7-fca776b53f2b{ip: 10.1.0.56, host: fv-az180-400.aibneqh1mxpuhl3tnnuy2ifbce.bx.internal.cloudapp.net, ports: [REPLICATION=45141, RATIS=44667, RATIS_ADMIN=44667, RATIS_SERVER=44667, STANDALONE=45879], networkLocation: /default-rack, certSerialId: null, persistedOpState: IN_SERVICE, persistedOpStateExpiryEpochSec: 0}, 961e98b4-0515-4e33-9a5e-b87989e0967c{ip: 10.1.0.56, host: fv-az180-400.aibneqh1mxpuhl3tnnuy2ifbce.bx.internal.cloudapp.net, ports: [REPLICATION=32803, RATIS=45547, RATIS_ADMIN=45547, RATIS_SERVER=45547, STANDALONE=33243], networkLocation: /default-rack, certSerialId: null, persistedOpState: IN_SERVICE, persistedOpStateExpiryEpochSec: 0}, a36f0c9e-34c7-41e1-90e2-5c691522fdfd{ip: 10.1.0.56, host: fv-az180-400.aibneqh1mxpuhl3tnnuy2ifbce.bx.internal.cloudapp.net, ports: [REPLICATION=43001, RATIS=35103, RATIS_ADMIN=35103, RATIS_SERVER=35103, STANDALONE=34509], networkLocation: /default-rack, certSerialId: null, persistedOpState: IN_SERVICE, persistedOpStateExpiryEpochSec: 0}, a49fbcfb-f7dc-4282-aec4-a4f9f3e2b5ab{ip: 10.1.0.56, host: fv-az180-400.aibneqh1mxpuhl3tnnuy2ifbce.bx.internal.cloudapp.net, ports: [REPLICATION=41799, RATIS=37955, RATIS_ADMIN=37955, RATIS_SERVER=37955, STANDALONE=46377], networkLocation: /default-rack, certSerialId: null, persistedOpState: null, persistedOpStateExpiryEpochSec: 0}]"  ancestorGen="0").
2022-11-18 13:06:08,451 [Under Replicated Processor] INFO  algorithms.SCMContainerPlacementRackScatter (SCMContainerPlacementRackScatter.java:chooseNode(379)) - No satisfied datanode to meet the constraints. Metadatadata size required: 0 Data size required: 5368709120, scope /default-rack, excluded nodes [8ad84362-fca3-4a94-b029-55aaea538166{ip: 10.1.0.56, host: fv-az180-400.aibneqh1mxpuhl3tnnuy2ifbce.bx.internal.cloudapp.net, ports: [REPLICATION=45785, RATIS=38939, RATIS_ADMIN=38939, RATIS_SERVER=38939, STANDALONE=38791], networkLocation: /default-rack, certSerialId: null, persistedOpState: IN_SERVICE, persistedOpStateExpiryEpochSec: 0}, 1bb9cbb4-eec0-4324-8de7-fca776b53f2b{ip: 10.1.0.56, host: fv-az180-400.aibneqh1mxpuhl3tnnuy2ifbce.bx.internal.cloudapp.net, ports: [REPLICATION=45141, RATIS=44667, RATIS_ADMIN=44667, RATIS_SERVER=44667, STANDALONE=45879], networkLocation: /default-rack, certSerialId: null, persistedOpState: IN_SERVICE, persistedOpStateExpiryEpochSec: 0}, 961e98b4-0515-4e33-9a5e-b87989e0967c{ip: 10.1.0.56, host: fv-az180-400.aibneqh1mxpuhl3tnnuy2ifbce.bx.internal.cloudapp.net, ports: [REPLICATION=32803, RATIS=45547, RATIS_ADMIN=45547, RATIS_SERVER=45547, STANDALONE=33243], networkLocation: /default-rack, certSerialId: null, persistedOpState: IN_SERVICE, persistedOpStateExpiryEpochSec: 0}, a36f0c9e-34c7-41e1-90e2-5c691522fdfd{ip: 10.1.0.56, host: fv-az180-400.aibneqh1mxpuhl3tnnuy2ifbce.bx.internal.cloudapp.net, ports: [REPLICATION=43001, RATIS=35103, RATIS_ADMIN=35103, RATIS_SERVER=35103, STANDALONE=34509], networkLocation: /default-rack, certSerialId: null, persistedOpState: IN_SERVICE, persistedOpStateExpiryEpochSec: 0}, a49fbcfb-f7dc-4282-aec4-a4f9f3e2b5ab{ip: 10.1.0.56, host: fv-az180-400.aibneqh1mxpuhl3tnnuy2ifbce.bx.internal.cloudapp.net, ports: [REPLICATION=41799, RATIS=37955, RATIS_ADMIN=37955, RATIS_SERVER=37955, STANDALONE=46377], networkLocation: /default-rack, certSerialId: null, persistedOpState: null, persistedOpStateExpiryEpochSec: 0}]
2022-11-18 13:06:08,451 [Under Replicated Processor] WARN  algorithms.SCMContainerPlacementRackScatter (SCMContainerPlacementRackScatter.java:chooseDatanodesInternal(281)) - Placement policy could not choose the enough nodes from available racks. Chosen nodes size from Unique Racks: 0, but required nodes to choose from Unique Racks: 1 do not match. Available racks count: 1, Excluded nodes count: 4
2022-11-18 13:06:08,451 [Under Replicated Processor] WARN  replication.ECUnderReplicationHandler (ECUnderReplicationHandler.java:processAndCreateCommands(252)) - Exception while processing for creating the EC reconstruction container commands for #8.
org.apache.hadoop.hdds.scm.exceptions.SCMException: Chosen nodes size from Unique Racks: 0, but required nodes to choose from Unique Racks: 1 do not match.
	at org.apache.hadoop.hdds.scm.container.placement.algorithms.SCMContainerPlacementRackScatter.chooseDatanodesInternal(SCMContainerPlacementRackScatter.java:286)
	at org.apache.hadoop.hdds.scm.SCMCommonPlacementPolicy.chooseDatanodes(SCMCommonPlacementPolicy.java:175)
	at org.apache.hadoop.hdds.scm.SCMCommonPlacementPolicy.chooseDatanodes(SCMCommonPlacementPolicy.java:117)
	at org.apache.hadoop.hdds.scm.container.replication.ECUnderReplicationHandler.getTargetDatanodes(ECUnderReplicationHandler.java:303)
	at org.apache.hadoop.hdds.scm.container.replication.ECUnderReplicationHandler.processAndCreateCommands(ECUnderReplicationHandler.java:186)
	at org.apache.hadoop.hdds.scm.container.replication.ReplicationManager.processUnderReplicatedContainer(ReplicationManager.java:483)
	at org.apache.hadoop.hdds.scm.container.replication.UnderReplicatedProcessor.processContainer(UnderReplicatedProcessor.java:99)
	at org.apache.hadoop.hdds.scm.container.replication.UnderReplicatedProcessor.processAll(UnderReplicatedProcessor.java:83)
	at org.apache.hadoop.hdds.scm.container.replication.UnderReplicatedProcessor.run(UnderReplicatedProcessor.java:144)
	at java.lang.Thread.run(Thread.java:750)
2022-11-18 13:06:08,451 [Under Replicated Processor] ERROR replication.UnderReplicatedProcessor (UnderReplicatedProcessor.java:processAll(86)) - Error processing under replicated container ContainerInfo{id=#8, state=CLOSED, pipelineID=PipelineID=67e84420-6fe2-43b6-bc4f-8bf4477b66f2, stateEnterTime=2022-11-18T13:05:28.764Z, owner=om1}
org.apache.hadoop.hdds.scm.exceptions.SCMException: Chosen nodes size from Unique Racks: 0, but required nodes to choose from Unique Racks: 1 do not match.
	at org.apache.hadoop.hdds.scm.container.placement.algorithms.SCMContainerPlacementRackScatter.chooseDatanodesInternal(SCMContainerPlacementRackScatter.java:286)
	at org.apache.hadoop.hdds.scm.SCMCommonPlacementPolicy.chooseDatanodes(SCMCommonPlacementPolicy.java:175)
	at org.apache.hadoop.hdds.scm.SCMCommonPlacementPolicy.chooseDatanodes(SCMCommonPlacementPolicy.java:117)
	at org.apache.hadoop.hdds.scm.container.replication.ECUnderReplicationHandler.getTargetDatanodes(ECUnderReplicationHandler.java:303)
	at org.apache.hadoop.hdds.scm.container.replication.ECUnderReplicationHandler.processAndCreateCommands(ECUnderReplicationHandler.java:186)
	at org.apache.hadoop.hdds.scm.container.replication.ReplicationManager.processUnderReplicatedContainer(ReplicationManager.java:483)
	at org.apache.hadoop.hdds.scm.container.replication.UnderReplicatedProcessor.processContainer(UnderReplicatedProcessor.java:99)
	at org.apache.hadoop.hdds.scm.container.replication.UnderReplicatedProcessor.processAll(UnderReplicatedProcessor.java:83)
	at org.apache.hadoop.hdds.scm.container.replication.UnderReplicatedProcessor.run(UnderReplicatedProcessor.java:144)
	at java.lang.Thread.run(Thread.java:750)
2022-11-18 13:06:08,451 [Under Replicated Processor] WARN  replication.ECUnderReplicationHandler (ECUnderReplicationHandler.java:processAndCreateCommands(211)) - Cannot proceed for EC container reconstruction for #10, due to insufficient source replicas found. Number of source replicas needed: 3. Number of available source replicas are: 1. Available sources are: {3=(ContainerReplica{containerID=#10, state=CLOSED, datanodeDetails=961e98b4-0515-4e33-9a5e-b87989e0967c{ip: 10.1.0.56, host: fv-az180-400.aibneqh1mxpuhl3tnnuy2ifbce.bx.internal.cloudapp.net, ports: [REPLICATION=32803, RATIS=45547, RATIS_ADMIN=45547, RATIS_SERVER=45547, STANDALONE=33243], networkLocation: /default-rack, certSerialId: null, persistedOpState: IN_SERVICE, persistedOpStateExpiryEpochSec: 0}, placeOfBirth=961e98b4-0515-4e33-9a5e-b87989e0967c, sequenceId=0, keyCount=5, bytesUsed=0,replicaIndex=3},OperationalState: IN_SERVICE Health: HEALTHY OperationStateExpiry: 0)}
2022-11-18 13:06:08,451 [Under Replicated Processor] WARN  replication.ECUnderReplicationHandler (ECUnderReplicationHandler.java:processAndCreateCommands(258)) - Container #10 is under replicated, but no commands were created to correct it
2022-11-18 13:06:08,451 [Under Replicated Processor] WARN  replication.ECUnderReplicationHandler (ECUnderReplicationHandler.java:processAndCreateCommands(211)) - Cannot proceed for EC container reconstruction for #7, due to insufficient source replicas found. Number of source replicas needed: 3. Number of available source replicas are: 2. Available sources are: {1=(ContainerReplica{containerID=#7, state=CLOSED, datanodeDetails=8ad84362-fca3-4a94-b029-55aaea538166{ip: 10.1.0.56, host: fv-az180-400.aibneqh1mxpuhl3tnnuy2ifbce.bx.internal.cloudapp.net, ports: [REPLICATION=45785, RATIS=38939, RATIS_ADMIN=38939, RATIS_SERVER=38939, STANDALONE=38791], networkLocation: /default-rack, certSerialId: null, persistedOpState: IN_SERVICE, persistedOpStateExpiryEpochSec: 0}, placeOfBirth=8ad84362-fca3-4a94-b029-55aaea538166, sequenceId=0, keyCount=4, bytesUsed=76,replicaIndex=1},OperationalState: IN_SERVICE Health: HEALTHY OperationStateExpiry: 0), 2=(ContainerReplica{containerID=#7, state=CLOSED, datanodeDetails=961e98b4-0515-4e33-9a5e-b87989e0967c{ip: 10.1.0.56, host: fv-az180-400.aibneqh1mxpuhl3tnnuy2ifbce.bx.internal.cloudapp.net, ports: [REPLICATION=32803, RATIS=45547, RATIS_ADMIN=45547, RATIS_SERVER=45547, STANDALONE=33243], networkLocation: /default-rack, certSerialId: null, persistedOpState: IN_SERVICE, persistedOpStateExpiryEpochSec: 0}, placeOfBirth=961e98b4-0515-4e33-9a5e-b87989e0967c, sequenceId=0, keyCount=4, bytesUsed=0,replicaIndex=2},OperationalState: IN_SERVICE Health: HEALTHY OperationStateExpiry: 0)}
2022-11-18 13:06:08,451 [Under Replicated Processor] WARN  replication.ECUnderReplicationHandler (ECUnderReplicationHandler.java:processAndCreateCommands(258)) - Container #7 is under replicated, but no commands were created to correct it
2022-11-18 13:06:08,452 [Under Replicated Processor] WARN  net.NetworkTopologyImpl (NetworkTopologyImpl.java:chooseNodeInternal(653)) - No available node in (scope="/default-rack" excludedScope="null" excludedNodes="[8ad84362-fca3-4a94-b029-55aaea538166{ip: 10.1.0.56, host: fv-az180-400.aibneqh1mxpuhl3tnnuy2ifbce.bx.internal.cloudapp.net, ports: [REPLICATION=45785, RATIS=38939, RATIS_ADMIN=38939, RATIS_SERVER=38939, STANDALONE=38791], networkLocation: /default-rack, certSerialId: null, persistedOpState: IN_SERVICE, persistedOpStateExpiryEpochSec: 0}, 1bb9cbb4-eec0-4324-8de7-fca776b53f2b{ip: 10.1.0.56, host: fv-az180-400.aibneqh1mxpuhl3tnnuy2ifbce.bx.internal.cloudapp.net, ports: [REPLICATION=45141, RATIS=44667, RATIS_ADMIN=44667, RATIS_SERVER=44667, STANDALONE=45879], networkLocation: /default-rack, certSerialId: null, persistedOpState: IN_SERVICE, persistedOpStateExpiryEpochSec: 0}, 961e98b4-0515-4e33-9a5e-b87989e0967c{ip: 10.1.0.56, host: fv-az180-400.aibneqh1mxpuhl3tnnuy2ifbce.bx.internal.cloudapp.net, ports: [REPLICATION=32803, RATIS=45547, RATIS_ADMIN=45547, RATIS_SERVER=45547, STANDALONE=33243], networkLocation: /default-rack, certSerialId: null, persistedOpState: IN_SERVICE, persistedOpStateExpiryEpochSec: 0}, a36f0c9e-34c7-41e1-90e2-5c691522fdfd{ip: 10.1.0.56, host: fv-az180-400.aibneqh1mxpuhl3tnnuy2ifbce.bx.internal.cloudapp.net, ports: [REPLICATION=43001, RATIS=35103, RATIS_ADMIN=35103, RATIS_SERVER=35103, STANDALONE=34509], networkLocation: /default-rack, certSerialId: null, persistedOpState: IN_SERVICE, persistedOpStateExpiryEpochSec: 0}, a49fbcfb-f7dc-4282-aec4-a4f9f3e2b5ab{ip: 10.1.0.56, host: fv-az180-400.aibneqh1mxpuhl3tnnuy2ifbce.bx.internal.cloudapp.net, ports: [REPLICATION=41799, RATIS=37955, RATIS_ADMIN=37955, RATIS_SERVER=37955, STANDALONE=46377], networkLocation: /default-rack, certSerialId: null, persistedOpState: null, persistedOpStateExpiryEpochSec: 0}]"  ancestorGen="0").
2022-11-18 13:06:08,452 [Under Replicated Processor] WARN  net.NetworkTopologyImpl (NetworkTopologyImpl.java:chooseNodeInternal(653)) - No available node in (scope="/default-rack" excludedScope="null" excludedNodes="[8ad84362-fca3-4a94-b029-55aaea538166{ip: 10.1.0.56, host: fv-az180-400.aibneqh1mxpuhl3tnnuy2ifbce.bx.internal.cloudapp.net, ports: [REPLICATION=45785, RATIS=38939, RATIS_ADMIN=38939, RATIS_SERVER=38939, STANDALONE=38791], networkLocation: /default-rack, certSerialId: null, persistedOpState: IN_SERVICE, persistedOpStateExpiryEpochSec: 0}, 1bb9cbb4-eec0-4324-8de7-fca776b53f2b{ip: 10.1.0.56, host: fv-az180-400.aibneqh1mxpuhl3tnnuy2ifbce.bx.internal.cloudapp.net, ports: [REPLICATION=45141, RATIS=44667, RATIS_ADMIN=44667, RATIS_SERVER=44667, STANDALONE=45879], networkLocation: /default-rack, certSerialId: null, persistedOpState: IN_SERVICE, persistedOpStateExpiryEpochSec: 0}, 961e98b4-0515-4e33-9a5e-b87989e0967c{ip: 10.1.0.56, host: fv-az180-400.aibneqh1mxpuhl3tnnuy2ifbce.bx.internal.cloudapp.net, ports: [REPLICATION=32803, RATIS=45547, RATIS_ADMIN=45547, RATIS_SERVER=45547, STANDALONE=33243], networkLocation: /default-rack, certSerialId: null, persistedOpState: IN_SERVICE, persistedOpStateExpiryEpochSec: 0}, a36f0c9e-34c7-41e1-90e2-5c691522fdfd{ip: 10.1.0.56, host: fv-az180-400.aibneqh1mxpuhl3tnnuy2ifbce.bx.internal.cloudapp.net, ports: [REPLICATION=43001, RATIS=35103, RATIS_ADMIN=35103, RATIS_SERVER=35103, STANDALONE=34509], networkLocation: /default-rack, certSerialId: null, persistedOpState: IN_SERVICE, persistedOpStateExpiryEpochSec: 0}, a49fbcfb-f7dc-4282-aec4-a4f9f3e2b5ab{ip: 10.1.0.56, host: fv-az180-400.aibneqh1mxpuhl3tnnuy2ifbce.bx.internal.cloudapp.net, ports: [REPLICATION=41799, RATIS=37955, RATIS_ADMIN=37955, RATIS_SERVER=37955, STANDALONE=46377], networkLocation: /default-rack, certSerialId: null, persistedOpState: null, persistedOpStateExpiryEpochSec: 0}]"  ancestorGen="0").
2022-11-18 13:06:08,452 [Under Replicated Processor] WARN  net.NetworkTopologyImpl (NetworkTopologyImpl.java:chooseNodeInternal(653)) - No available node in (scope="/default-rack" excludedScope="null" excludedNodes="[8ad84362-fca3-4a94-b029-55aaea538166{ip: 10.1.0.56, host: fv-az180-400.aibneqh1mxpuhl3tnnuy2ifbce.bx.internal.cloudapp.net, ports: [REPLICATION=45785, RATIS=38939, RATIS_ADMIN=38939, RATIS_SERVER=38939, STANDALONE=38791], networkLocation: /default-rack, certSerialId: null, persistedOpState: IN_SERVICE, persistedOpStateExpiryEpochSec: 0}, 1bb9cbb4-eec0-4324-8de7-fca776b53f2b{ip: 10.1.0.56, host: fv-az180-400.aibneqh1mxpuhl3tnnuy2ifbce.bx.internal.cloudapp.net, ports: [REPLICATION=45141, RATIS=44667, RATIS_ADMIN=44667, RATIS_SERVER=44667, STANDALONE=45879], networkLocation: /default-rack, certSerialId: null, persistedOpState: IN_SERVICE, persistedOpStateExpiryEpochSec: 0}, 961e98b4-0515-4e33-9a5e-b87989e0967c{ip: 10.1.0.56, host: fv-az180-400.aibneqh1mxpuhl3tnnuy2ifbce.bx.internal.cloudapp.net, ports: [REPLICATION=32803, RATIS=45547, RATIS_ADMIN=45547, RATIS_SERVER=45547, STANDALONE=33243], networkLocation: /default-rack, certSerialId: null, persistedOpState: IN_SERVICE, persistedOpStateExpiryEpochSec: 0}, a36f0c9e-34c7-41e1-90e2-5c691522fdfd{ip: 10.1.0.56, host: fv-az180-400.aibneqh1mxpuhl3tnnuy2ifbce.bx.internal.cloudapp.net, ports: [REPLICATION=43001, RATIS=35103, RATIS_ADMIN=35103, RATIS_SERVER=35103, STANDALONE=34509], networkLocation: /default-rack, certSerialId: null, persistedOpState: IN_SERVICE, persistedOpStateExpiryEpochSec: 0}, a49fbcfb-f7dc-4282-aec4-a4f9f3e2b5ab{ip: 10.1.0.56, host: fv-az180-400.aibneqh1mxpuhl3tnnuy2ifbce.bx.internal.cloudapp.net, ports: [REPLICATION=41799, RATIS=37955, RATIS_ADMIN=37955, RATIS_SERVER=37955, STANDALONE=46377], networkLocation: /default-rack, certSerialId: null, persistedOpState: null, persistedOpStateExpiryEpochSec: 0}]"  ancestorGen="0").
2022-11-18 13:06:08,452 [Under Replicated Processor] WARN  net.NetworkTopologyImpl (NetworkTopologyImpl.java:chooseNodeInternal(653)) - No available node in (scope="/default-rack" excludedScope="null" excludedNodes="[8ad84362-fca3-4a94-b029-55aaea538166{ip: 10.1.0.56, host: fv-az180-400.aibneqh1mxpuhl3tnnuy2ifbce.bx.internal.cloudapp.net, ports: [REPLICATION=45785, RATIS=38939, RATIS_ADMIN=38939, RATIS_SERVER=38939, STANDALONE=38791], networkLocation: /default-rack, certSerialId: null, persistedOpState: IN_SERVICE, persistedOpStateExpiryEpochSec: 0}, 1bb9cbb4-eec0-4324-8de7-fca776b53f2b{ip: 10.1.0.56, host: fv-az180-400.aibneqh1mxpuhl3tnnuy2ifbce.bx.internal.cloudapp.net, ports: [REPLICATION=45141, RATIS=44667, RATIS_ADMIN=44667, RATIS_SERVER=44667, STANDALONE=45879], networkLocation: /default-rack, certSerialId: null, persistedOpState: IN_SERVICE, persistedOpStateExpiryEpochSec: 0}, 961e98b4-0515-4e33-9a5e-b87989e0967c{ip: 10.1.0.56, host: fv-az180-400.aibneqh1mxpuhl3tnnuy2ifbce.bx.internal.cloudapp.net, ports: [REPLICATION=32803, RATIS=45547, RATIS_ADMIN=45547, RATIS_SERVER=45547, STANDALONE=33243], networkLocation: /default-rack, certSerialId: null, persistedOpState: IN_SERVICE, persistedOpStateExpiryEpochSec: 0}, a36f0c9e-34c7-41e1-90e2-5c691522fdfd{ip: 10.1.0.56, host: fv-az180-400.aibneqh1mxpuhl3tnnuy2ifbce.bx.internal.cloudapp.net, ports: [REPLICATION=43001, RATIS=35103, RATIS_ADMIN=35103, RATIS_SERVER=35103, STANDALONE=34509], networkLocation: /default-rack, certSerialId: null, persistedOpState: IN_SERVICE, persistedOpStateExpiryEpochSec: 0}, a49fbcfb-f7dc-4282-aec4-a4f9f3e2b5ab{ip: 10.1.0.56, host: fv-az180-400.aibneqh1mxpuhl3tnnuy2ifbce.bx.internal.cloudapp.net, ports: [REPLICATION=41799, RATIS=37955, RATIS_ADMIN=37955, RATIS_SERVER=37955, STANDALONE=46377], networkLocation: /default-rack, certSerialId: null, persistedOpState: null, persistedOpStateExpiryEpochSec: 0}]"  ancestorGen="0").
2022-11-18 13:06:08,453 [Under Replicated Processor] INFO  algorithms.SCMContainerPlacementRackScatter (SCMContainerPlacementRackScatter.java:chooseNode(379)) - No satisfied datanode to meet the constraints. Metadatadata size required: 0 Data size required: 5368709120, scope /default-rack, excluded nodes [8ad84362-fca3-4a94-b029-55aaea538166{ip: 10.1.0.56, host: fv-az180-400.aibneqh1mxpuhl3tnnuy2ifbce.bx.internal.cloudapp.net, ports: [REPLICATION=45785, RATIS=38939, RATIS_ADMIN=38939, RATIS_SERVER=38939, STANDALONE=38791], networkLocation: /default-rack, certSerialId: null, persistedOpState: IN_SERVICE, persistedOpStateExpiryEpochSec: 0}, 1bb9cbb4-eec0-4324-8de7-fca776b53f2b{ip: 10.1.0.56, host: fv-az180-400.aibneqh1mxpuhl3tnnuy2ifbce.bx.internal.cloudapp.net, ports: [REPLICATION=45141, RATIS=44667, RATIS_ADMIN=44667, RATIS_SERVER=44667, STANDALONE=45879], networkLocation: /default-rack, certSerialId: null, persistedOpState: IN_SERVICE, persistedOpStateExpiryEpochSec: 0}, 961e98b4-0515-4e33-9a5e-b87989e0967c{ip: 10.1.0.56, host: fv-az180-400.aibneqh1mxpuhl3tnnuy2ifbce.bx.internal.cloudapp.net, ports: [REPLICATION=32803, RATIS=45547, RATIS_ADMIN=45547, RATIS_SERVER=45547, STANDALONE=33243], networkLocation: /default-rack, certSerialId: null, persistedOpState: IN_SERVICE, persistedOpStateExpiryEpochSec: 0}, a36f0c9e-34c7-41e1-90e2-5c691522fdfd{ip: 10.1.0.56, host: fv-az180-400.aibneqh1mxpuhl3tnnuy2ifbce.bx.internal.cloudapp.net, ports: [REPLICATION=43001, RATIS=35103, RATIS_ADMIN=35103, RATIS_SERVER=35103, STANDALONE=34509], networkLocation: /default-rack, certSerialId: null, persistedOpState: IN_SERVICE, persistedOpStateExpiryEpochSec: 0}, a49fbcfb-f7dc-4282-aec4-a4f9f3e2b5ab{ip: 10.1.0.56, host: fv-az180-400.aibneqh1mxpuhl3tnnuy2ifbce.bx.internal.cloudapp.net, ports: [REPLICATION=41799, RATIS=37955, RATIS_ADMIN=37955, RATIS_SERVER=37955, STANDALONE=46377], networkLocation: /default-rack, certSerialId: null, persistedOpState: null, persistedOpStateExpiryEpochSec: 0}]
2022-11-18 13:06:08,453 [Under Replicated Processor] WARN  algorithms.SCMContainerPlacementRackScatter (SCMContainerPlacementRackScatter.java:chooseDatanodesInternal(281)) - Placement policy could not choose the enough nodes from available racks. Chosen nodes size from Unique Racks: 0, but required nodes to choose from Unique Racks: 1 do not match. Available racks count: 1, Excluded nodes count: 4
2022-11-18 13:06:08,453 [Under Replicated Processor] WARN  replication.ECUnderReplicationHandler (ECUnderReplicationHandler.java:processAndCreateCommands(252)) - Exception while processing for creating the EC reconstruction container commands for #8.
org.apache.hadoop.hdds.scm.exceptions.SCMException: Chosen nodes size from Unique Racks: 0, but required nodes to choose from Unique Racks: 1 do not match.
	at org.apache.hadoop.hdds.scm.container.placement.algorithms.SCMContainerPlacementRackScatter.chooseDatanodesInternal(SCMContainerPlacementRackScatter.java:286)
	at org.apache.hadoop.hdds.scm.SCMCommonPlacementPolicy.chooseDatanodes(SCMCommonPlacementPolicy.java:175)
	at org.apache.hadoop.hdds.scm.SCMCommonPlacementPolicy.chooseDatanodes(SCMCommonPlacementPolicy.java:117)
	at org.apache.hadoop.hdds.scm.container.replication.ECUnderReplicationHandler.getTargetDatanodes(ECUnderReplicationHandler.java:303)
	at org.apache.hadoop.hdds.scm.container.replication.ECUnderReplicationHandler.processAndCreateCommands(ECUnderReplicationHandler.java:186)
	at org.apache.hadoop.hdds.scm.container.replication.ReplicationManager.processUnderReplicatedContainer(ReplicationManager.java:483)
	at org.apache.hadoop.hdds.scm.container.replication.UnderReplicatedProcessor.processContainer(UnderReplicatedProcessor.java:99)
	at org.apache.hadoop.hdds.scm.container.replication.UnderReplicatedProcessor.processAll(UnderReplicatedProcessor.java:83)
	at org.apache.hadoop.hdds.scm.container.replication.UnderReplicatedProcessor.run(UnderReplicatedProcessor.java:144)
	at java.lang.Thread.run(Thread.java:750)
2022-11-18 13:06:08,453 [Under Replicated Processor] ERROR replication.UnderReplicatedProcessor (UnderReplicatedProcessor.java:processAll(86)) - Error processing under replicated container ContainerInfo{id=#8, state=CLOSED, pipelineID=PipelineID=67e84420-6fe2-43b6-bc4f-8bf4477b66f2, stateEnterTime=2022-11-18T13:05:28.764Z, owner=om1}
org.apache.hadoop.hdds.scm.exceptions.SCMException: Chosen nodes size from Unique Racks: 0, but required nodes to choose from Unique Racks: 1 do not match.
	at org.apache.hadoop.hdds.scm.container.placement.algorithms.SCMContainerPlacementRackScatter.chooseDatanodesInternal(SCMContainerPlacementRackScatter.java:286)
	at org.apache.hadoop.hdds.scm.SCMCommonPlacementPolicy.chooseDatanodes(SCMCommonPlacementPolicy.java:175)
	at org.apache.hadoop.hdds.scm.SCMCommonPlacementPolicy.chooseDatanodes(SCMCommonPlacementPolicy.java:117)
	at org.apache.hadoop.hdds.scm.container.replication.ECUnderReplicationHandler.getTargetDatanodes(ECUnderReplicationHandler.java:303)
	at org.apache.hadoop.hdds.scm.container.replication.ECUnderReplicationHandler.processAndCreateCommands(ECUnderReplicationHandler.java:186)
	at org.apache.hadoop.hdds.scm.container.replication.ReplicationManager.processUnderReplicatedContainer(ReplicationManager.java:483)
	at org.apache.hadoop.hdds.scm.container.replication.UnderReplicatedProcessor.processContainer(UnderReplicatedProcessor.java:99)
	at org.apache.hadoop.hdds.scm.container.replication.UnderReplicatedProcessor.processAll(UnderReplicatedProcessor.java:83)
	at org.apache.hadoop.hdds.scm.container.replication.UnderReplicatedProcessor.run(UnderReplicatedProcessor.java:144)
	at java.lang.Thread.run(Thread.java:750)
2022-11-18 13:06:08,453 [Under Replicated Processor] WARN  replication.ECUnderReplicationHandler (ECUnderReplicationHandler.java:processAndCreateCommands(211)) - Cannot proceed for EC container reconstruction for #9, due to insufficient source replicas found. Number of source replicas needed: 3. Number of available source replicas are: 2. Available sources are: {4=(ContainerReplica{containerID=#9, state=CLOSED, datanodeDetails=8ad84362-fca3-4a94-b029-55aaea538166{ip: 10.1.0.56, host: fv-az180-400.aibneqh1mxpuhl3tnnuy2ifbce.bx.internal.cloudapp.net, ports: [REPLICATION=45785, RATIS=38939, RATIS_ADMIN=38939, RATIS_SERVER=38939, STANDALONE=38791], networkLocation: /default-rack, certSerialId: null, persistedOpState: IN_SERVICE, persistedOpStateExpiryEpochSec: 0}, placeOfBirth=8ad84362-fca3-4a94-b029-55aaea538166, sequenceId=0, keyCount=5, bytesUsed=95,replicaIndex=4},OperationalState: IN_SERVICE Health: HEALTHY OperationStateExpiry: 0), 5=(ContainerReplica{containerID=#9, state=CLOSED, datanodeDetails=1bb9cbb4-eec0-4324-8de7-fca776b53f2b{ip: 10.1.0.56, host: fv-az180-400.aibneqh1mxpuhl3tnnuy2ifbce.bx.internal.cloudapp.net, ports: [REPLICATION=45141, RATIS=44667, RATIS_ADMIN=44667, RATIS_SERVER=44667, STANDALONE=45879], networkLocation: /default-rack, certSerialId: null, persistedOpState: IN_SERVICE, persistedOpStateExpiryEpochSec: 0}, placeOfBirth=1bb9cbb4-eec0-4324-8de7-fca776b53f2b, sequenceId=0, keyCount=5, bytesUsed=95,replicaIndex=5},OperationalState: IN_SERVICE Health: HEALTHY OperationStateExpiry: 0)}
2022-11-18 13:06:08,453 [Under Replicated Processor] WARN  replication.ECUnderReplicationHandler (ECUnderReplicationHandler.java:processAndCreateCommands(258)) - Container #9 is under replicated, but no commands were created to correct it
2022-11-18 13:06:08,453 [Under Replicated Processor] WARN  net.NetworkTopologyImpl (NetworkTopologyImpl.java:chooseNodeInternal(653)) - No available node in (scope="/default-rack" excludedScope="null" excludedNodes="[8ad84362-fca3-4a94-b029-55aaea538166{ip: 10.1.0.56, host: fv-az180-400.aibneqh1mxpuhl3tnnuy2ifbce.bx.internal.cloudapp.net, ports: [REPLICATION=45785, RATIS=38939, RATIS_ADMIN=38939, RATIS_SERVER=38939, STANDALONE=38791], networkLocation: /default-rack, certSerialId: null, persistedOpState: IN_SERVICE, persistedOpStateExpiryEpochSec: 0}, 1bb9cbb4-eec0-4324-8de7-fca776b53f2b{ip: 10.1.0.56, host: fv-az180-400.aibneqh1mxpuhl3tnnuy2ifbce.bx.internal.cloudapp.net, ports: [REPLICATION=45141, RATIS=44667, RATIS_ADMIN=44667, RATIS_SERVER=44667, STANDALONE=45879], networkLocation: /default-rack, certSerialId: null, persistedOpState: IN_SERVICE, persistedOpStateExpiryEpochSec: 0}, 961e98b4-0515-4e33-9a5e-b87989e0967c{ip: 10.1.0.56, host: fv-az180-400.aibneqh1mxpuhl3tnnuy2ifbce.bx.internal.cloudapp.net, ports: [REPLICATION=32803, RATIS=45547, RATIS_ADMIN=45547, RATIS_SERVER=45547, STANDALONE=33243], networkLocation: /default-rack, certSerialId: null, persistedOpState: IN_SERVICE, persistedOpStateExpiryEpochSec: 0}, a36f0c9e-34c7-41e1-90e2-5c691522fdfd{ip: 10.1.0.56, host: fv-az180-400.aibneqh1mxpuhl3tnnuy2ifbce.bx.internal.cloudapp.net, ports: [REPLICATION=43001, RATIS=35103, RATIS_ADMIN=35103, RATIS_SERVER=35103, STANDALONE=34509], networkLocation: /default-rack, certSerialId: null, persistedOpState: IN_SERVICE, persistedOpStateExpiryEpochSec: 0}, a49fbcfb-f7dc-4282-aec4-a4f9f3e2b5ab{ip: 10.1.0.56, host: fv-az180-400.aibneqh1mxpuhl3tnnuy2ifbce.bx.internal.cloudapp.net, ports: [REPLICATION=41799, RATIS=37955, RATIS_ADMIN=37955, RATIS_SERVER=37955, STANDALONE=46377], networkLocation: /default-rack, certSerialId: null, persistedOpState: null, persistedOpStateExpiryEpochSec: 0}]"  ancestorGen="0").
2022-11-18 13:06:08,454 [Under Replicated Processor] WARN  net.NetworkTopologyImpl (NetworkTopologyImpl.java:chooseNodeInternal(653)) - No available node in (scope="/default-rack" excludedScope="null" excludedNodes="[8ad84362-fca3-4a94-b029-55aaea538166{ip: 10.1.0.56, host: fv-az180-400.aibneqh1mxpuhl3tnnuy2ifbce.bx.internal.cloudapp.net, ports: [REPLICATION=45785, RATIS=38939, RATIS_ADMIN=38939, RATIS_SERVER=38939, STANDALONE=38791], networkLocation: /default-rack, certSerialId: null, persistedOpState: IN_SERVICE, persistedOpStateExpiryEpochSec: 0}, 1bb9cbb4-eec0-4324-8de7-fca776b53f2b{ip: 10.1.0.56, host: fv-az180-400.aibneqh1mxpuhl3tnnuy2ifbce.bx.internal.cloudapp.net, ports: [REPLICATION=45141, RATIS=44667, RATIS_ADMIN=44667, RATIS_SERVER=44667, STANDALONE=45879], networkLocation: /default-rack, certSerialId: null, persistedOpState: IN_SERVICE, persistedOpStateExpiryEpochSec: 0}, 961e98b4-0515-4e33-9a5e-b87989e0967c{ip: 10.1.0.56, host: fv-az180-400.aibneqh1mxpuhl3tnnuy2ifbce.bx.internal.cloudapp.net, ports: [REPLICATION=32803, RATIS=45547, RATIS_ADMIN=45547, RATIS_SERVER=45547, STANDALONE=33243], networkLocation: /default-rack, certSerialId: null, persistedOpState: IN_SERVICE, persistedOpStateExpiryEpochSec: 0}, a36f0c9e-34c7-41e1-90e2-5c691522fdfd{ip: 10.1.0.56, host: fv-az180-400.aibneqh1mxpuhl3tnnuy2ifbce.bx.internal.cloudapp.net, ports: [REPLICATION=43001, RATIS=35103, RATIS_ADMIN=35103, RATIS_SERVER=35103, STANDALONE=34509], networkLocation: /default-rack, certSerialId: null, persistedOpState: IN_SERVICE, persistedOpStateExpiryEpochSec: 0}, a49fbcfb-f7dc-4282-aec4-a4f9f3e2b5ab{ip: 10.1.0.56, host: fv-az180-400.aibneqh1mxpuhl3tnnuy2ifbce.bx.internal.cloudapp.net, ports: [REPLICATION=41799, RATIS=37955, RATIS_ADMIN=37955, RATIS_SERVER=37955, STANDALONE=46377], networkLocation: /default-rack, certSerialId: null, persistedOpState: null, persistedOpStateExpiryEpochSec: 0}]"  ancestorGen="0").
2022-11-18 13:06:08,454 [Under Replicated Processor] WARN  net.NetworkTopologyImpl (NetworkTopologyImpl.java:chooseNodeInternal(653)) - No available node in (scope="/default-rack" excludedScope="null" excludedNodes="[8ad84362-fca3-4a94-b029-55aaea538166{ip: 10.1.0.56, host: fv-az180-400.aibneqh1mxpuhl3tnnuy2ifbce.bx.internal.cloudapp.net, ports: [REPLICATION=45785, RATIS=38939, RATIS_ADMIN=38939, RATIS_SERVER=38939, STANDALONE=38791], networkLocation: /default-rack, certSerialId: null, persistedOpState: IN_SERVICE, persistedOpStateExpiryEpochSec: 0}, 1bb9cbb4-eec0-4324-8de7-fca776b53f2b{ip: 10.1.0.56, host: fv-az180-400.aibneqh1mxpuhl3tnnuy2ifbce.bx.internal.cloudapp.net, ports: [REPLICATION=45141, RATIS=44667, RATIS_ADMIN=44667, RATIS_SERVER=44667, STANDALONE=45879], networkLocation: /default-rack, certSerialId: null, persistedOpState: IN_SERVICE, persistedOpStateExpiryEpochSec: 0}, 961e98b4-0515-4e33-9a5e-b87989e0967c{ip: 10.1.0.56, host: fv-az180-400.aibneqh1mxpuhl3tnnuy2ifbce.bx.internal.cloudapp.net, ports: [REPLICATION=32803, RATIS=45547, RATIS_ADMIN=45547, RATIS_SERVER=45547, STANDALONE=33243], networkLocation: /default-rack, certSerialId: null, persistedOpState: IN_SERVICE, persistedOpStateExpiryEpochSec: 0}, a36f0c9e-34c7-41e1-90e2-5c691522fdfd{ip: 10.1.0.56, host: fv-az180-400.aibneqh1mxpuhl3tnnuy2ifbce.bx.internal.cloudapp.net, ports: [REPLICATION=43001, RATIS=35103, RATIS_ADMIN=35103, RATIS_SERVER=35103, STANDALONE=34509], networkLocation: /default-rack, certSerialId: null, persistedOpState: IN_SERVICE, persistedOpStateExpiryEpochSec: 0}, a49fbcfb-f7dc-4282-aec4-a4f9f3e2b5ab{ip: 10.1.0.56, host: fv-az180-400.aibneqh1mxpuhl3tnnuy2ifbce.bx.internal.cloudapp.net, ports: [REPLICATION=41799, RATIS=37955, RATIS_ADMIN=37955, RATIS_SERVER=37955, STANDALONE=46377], networkLocation: /default-rack, certSerialId: null, persistedOpState: null, persistedOpStateExpiryEpochSec: 0}]"  ancestorGen="0").
2022-11-18 13:06:08,454 [Under Replicated Processor] WARN  net.NetworkTopologyImpl (NetworkTopologyImpl.java:chooseNodeInternal(653)) - No available node in (scope="/default-rack" excludedScope="null" excludedNodes="[8ad84362-fca3-4a94-b029-55aaea538166{ip: 10.1.0.56, host: fv-az180-400.aibneqh1mxpuhl3tnnuy2ifbce.bx.internal.cloudapp.net, ports: [REPLICATION=45785, RATIS=38939, RATIS_ADMIN=38939, RATIS_SERVER=38939, STANDALONE=38791], networkLocation: /default-rack, certSerialId: null, persistedOpState: IN_SERVICE, persistedOpStateExpiryEpochSec: 0}, 1bb9cbb4-eec0-4324-8de7-fca776b53f2b{ip: 10.1.0.56, host: fv-az180-400.aibneqh1mxpuhl3tnnuy2ifbce.bx.internal.cloudapp.net, ports: [REPLICATION=45141, RATIS=44667, RATIS_ADMIN=44667, RATIS_SERVER=44667, STANDALONE=45879], networkLocation: /default-rack, certSerialId: null, persistedOpState: IN_SERVICE, persistedOpStateExpiryEpochSec: 0}, 961e98b4-0515-4e33-9a5e-b87989e0967c{ip: 10.1.0.56, host: fv-az180-400.aibneqh1mxpuhl3tnnuy2ifbce.bx.internal.cloudapp.net, ports: [REPLICATION=32803, RATIS=45547, RATIS_ADMIN=45547, RATIS_SERVER=45547, STANDALONE=33243], networkLocation: /default-rack, certSerialId: null, persistedOpState: IN_SERVICE, persistedOpStateExpiryEpochSec: 0}, a36f0c9e-34c7-41e1-90e2-5c691522fdfd{ip: 10.1.0.56, host: fv-az180-400.aibneqh1mxpuhl3tnnuy2ifbce.bx.internal.cloudapp.net, ports: [REPLICATION=43001, RATIS=35103, RATIS_ADMIN=35103, RATIS_SERVER=35103, STANDALONE=34509], networkLocation: /default-rack, certSerialId: null, persistedOpState: IN_SERVICE, persistedOpStateExpiryEpochSec: 0}, a49fbcfb-f7dc-4282-aec4-a4f9f3e2b5ab{ip: 10.1.0.56, host: fv-az180-400.aibneqh1mxpuhl3tnnuy2ifbce.bx.internal.cloudapp.net, ports: [REPLICATION=41799, RATIS=37955, RATIS_ADMIN=37955, RATIS_SERVER=37955, STANDALONE=46377], networkLocation: /default-rack, certSerialId: null, persistedOpState: null, persistedOpStateExpiryEpochSec: 0}]"  ancestorGen="0").
2022-11-18 13:06:08,454 [Under Replicated Processor] INFO  algorithms.SCMContainerPlacementRackScatter (SCMContainerPlacementRackScatter.java:chooseNode(379)) - No satisfied datanode to meet the constraints. Metadatadata size required: 0 Data size required: 5368709120, scope /default-rack, excluded nodes [8ad84362-fca3-4a94-b029-55aaea538166{ip: 10.1.0.56, host: fv-az180-400.aibneqh1mxpuhl3tnnuy2ifbce.bx.internal.cloudapp.net, ports: [REPLICATION=45785, RATIS=38939, RATIS_ADMIN=38939, RATIS_SERVER=38939, STANDALONE=38791], networkLocation: /default-rack, certSerialId: null, persistedOpState: IN_SERVICE, persistedOpStateExpiryEpochSec: 0}, 1bb9cbb4-eec0-4324-8de7-fca776b53f2b{ip: 10.1.0.56, host: fv-az180-400.aibneqh1mxpuhl3tnnuy2ifbce.bx.internal.cloudapp.net, ports: [REPLICATION=45141, RATIS=44667, RATIS_ADMIN=44667, RATIS_SERVER=44667, STANDALONE=45879], networkLocation: /default-rack, certSerialId: null, persistedOpState: IN_SERVICE, persistedOpStateExpiryEpochSec: 0}, 961e98b4-0515-4e33-9a5e-b87989e0967c{ip: 10.1.0.56, host: fv-az180-400.aibneqh1mxpuhl3tnnuy2ifbce.bx.internal.cloudapp.net, ports: [REPLICATION=32803, RATIS=45547, RATIS_ADMIN=45547, RATIS_SERVER=45547, STANDALONE=33243], networkLocation: /default-rack, certSerialId: null, persistedOpState: IN_SERVICE, persistedOpStateExpiryEpochSec: 0}, a36f0c9e-34c7-41e1-90e2-5c691522fdfd{ip: 10.1.0.56, host: fv-az180-400.aibneqh1mxpuhl3tnnuy2ifbce.bx.internal.cloudapp.net, ports: [REPLICATION=43001, RATIS=35103, RATIS_ADMIN=35103, RATIS_SERVER=35103, STANDALONE=34509], networkLocation: /default-rack, certSerialId: null, persistedOpState: IN_SERVICE, persistedOpStateExpiryEpochSec: 0}, a49fbcfb-f7dc-4282-aec4-a4f9f3e2b5ab{ip: 10.1.0.56, host: fv-az180-400.aibneqh1mxpuhl3tnnuy2ifbce.bx.internal.cloudapp.net, ports: [REPLICATION=41799, RATIS=37955, RATIS_ADMIN=37955, RATIS_SERVER=37955, STANDALONE=46377], networkLocation: /default-rack, certSerialId: null, persistedOpState: null, persistedOpStateExpiryEpochSec: 0}]
2022-11-18 13:06:08,454 [Under Replicated Processor] WARN  algorithms.SCMContainerPlacementRackScatter (SCMContainerPlacementRackScatter.java:chooseDatanodesInternal(281)) - Placement policy could not choose the enough nodes from available racks. Chosen nodes size from Unique Racks: 0, but required nodes to choose from Unique Racks: 1 do not match. Available racks count: 1, Excluded nodes count: 4
2022-11-18 13:06:08,454 [Under Replicated Processor] WARN  replication.ECUnderReplicationHandler (ECUnderReplicationHandler.java:processAndCreateCommands(252)) - Exception while processing for creating the EC reconstruction container commands for #8.
org.apache.hadoop.hdds.scm.exceptions.SCMException: Chosen nodes size from Unique Racks: 0, but required nodes to choose from Unique Racks: 1 do not match.
	at org.apache.hadoop.hdds.scm.container.placement.algorithms.SCMContainerPlacementRackScatter.chooseDatanodesInternal(SCMContainerPlacementRackScatter.java:286)
	at org.apache.hadoop.hdds.scm.SCMCommonPlacementPolicy.chooseDatanodes(SCMCommonPlacementPolicy.java:175)
	at org.apache.hadoop.hdds.scm.SCMCommonPlacementPolicy.chooseDatanodes(SCMCommonPlacementPolicy.java:117)
	at org.apache.hadoop.hdds.scm.container.replication.ECUnderReplicationHandler.getTargetDatanodes(ECUnderReplicationHandler.java:303)
	at org.apache.hadoop.hdds.scm.container.replication.ECUnderReplicationHandler.processAndCreateCommands(ECUnderReplicationHandler.java:186)
	at org.apache.hadoop.hdds.scm.container.replication.ReplicationManager.processUnderReplicatedContainer(ReplicationManager.java:483)
	at org.apache.hadoop.hdds.scm.container.replication.UnderReplicatedProcessor.processContainer(UnderReplicatedProcessor.java:99)
	at org.apache.hadoop.hdds.scm.container.replication.UnderReplicatedProcessor.processAll(UnderReplicatedProcessor.java:83)
	at org.apache.hadoop.hdds.scm.container.replication.UnderReplicatedProcessor.run(UnderReplicatedProcessor.java:144)
	at java.lang.Thread.run(Thread.java:750)
2022-11-18 13:06:08,454 [Under Replicated Processor] ERROR replication.UnderReplicatedProcessor (UnderReplicatedProcessor.java:processAll(86)) - Error processing under replicated container ContainerInfo{id=#8, state=CLOSED, pipelineID=PipelineID=67e84420-6fe2-43b6-bc4f-8bf4477b66f2, stateEnterTime=2022-11-18T13:05:28.764Z, owner=om1}
org.apache.hadoop.hdds.scm.exceptions.SCMException: Chosen nodes size from Unique Racks: 0, but required nodes to choose from Unique Racks: 1 do not match.
	at org.apache.hadoop.hdds.scm.container.placement.algorithms.SCMContainerPlacementRackScatter.chooseDatanodesInternal(SCMContainerPlacementRackScatter.java:286)
	at org.apache.hadoop.hdds.scm.SCMCommonPlacementPolicy.chooseDatanodes(SCMCommonPlacementPolicy.java:175)
	at org.apache.hadoop.hdds.scm.SCMCommonPlacementPolicy.chooseDatanodes(SCMCommonPlacementPolicy.java:117)
	at org.apache.hadoop.hdds.scm.container.replication.ECUnderReplicationHandler.getTargetDatanodes(ECUnderReplicationHandler.java:303)
	at org.apache.hadoop.hdds.scm.container.replication.ECUnderReplicationHandler.processAndCreateCommands(ECUnderReplicationHandler.java:186)
	at org.apache.hadoop.hdds.scm.container.replication.ReplicationManager.processUnderReplicatedContainer(ReplicationManager.java:483)
	at org.apache.hadoop.hdds.scm.container.replication.UnderReplicatedProcessor.processContainer(UnderReplicatedProcessor.java:99)
	at org.apache.hadoop.hdds.scm.container.replication.UnderReplicatedProcessor.processAll(UnderReplicatedProcessor.java:83)
	at org.apache.hadoop.hdds.scm.container.replication.UnderReplicatedProcessor.run(UnderReplicatedProcessor.java:144)
	at java.lang.Thread.run(Thread.java:750)
2022-11-18 13:06:08,455 [Under Replicated Processor] WARN  net.NetworkTopologyImpl (NetworkTopologyImpl.java:chooseNodeInternal(653)) - No available node in (scope="/default-rack" excludedScope="null" excludedNodes="[8ad84362-fca3-4a94-b029-55aaea538166{ip: 10.1.0.56, host: fv-az180-400.aibneqh1mxpuhl3tnnuy2ifbce.bx.internal.cloudapp.net, ports: [REPLICATION=45785, RATIS=38939, RATIS_ADMIN=38939, RATIS_SERVER=38939, STANDALONE=38791], networkLocation: /default-rack, certSerialId: null, persistedOpState: IN_SERVICE, persistedOpStateExpiryEpochSec: 0}, 1bb9cbb4-eec0-4324-8de7-fca776b53f2b{ip: 10.1.0.56, host: fv-az180-400.aibneqh1mxpuhl3tnnuy2ifbce.bx.internal.cloudapp.net, ports: [REPLICATION=45141, RATIS=44667, RATIS_ADMIN=44667, RATIS_SERVER=44667, STANDALONE=45879], networkLocation: /default-rack, certSerialId: null, persistedOpState: IN_SERVICE, persistedOpStateExpiryEpochSec: 0}, 961e98b4-0515-4e33-9a5e-b87989e0967c{ip: 10.1.0.56, host: fv-az180-400.aibneqh1mxpuhl3tnnuy2ifbce.bx.internal.cloudapp.net, ports: [REPLICATION=32803, RATIS=45547, RATIS_ADMIN=45547, RATIS_SERVER=45547, STANDALONE=33243], networkLocation: /default-rack, certSerialId: null, persistedOpState: IN_SERVICE, persistedOpStateExpiryEpochSec: 0}, a36f0c9e-34c7-41e1-90e2-5c691522fdfd{ip: 10.1.0.56, host: fv-az180-400.aibneqh1mxpuhl3tnnuy2ifbce.bx.internal.cloudapp.net, ports: [REPLICATION=43001, RATIS=35103, RATIS_ADMIN=35103, RATIS_SERVER=35103, STANDALONE=34509], networkLocation: /default-rack, certSerialId: null, persistedOpState: IN_SERVICE, persistedOpStateExpiryEpochSec: 0}, a49fbcfb-f7dc-4282-aec4-a4f9f3e2b5ab{ip: 10.1.0.56, host: fv-az180-400.aibneqh1mxpuhl3tnnuy2ifbce.bx.internal.cloudapp.net, ports: [REPLICATION=41799, RATIS=37955, RATIS_ADMIN=37955, RATIS_SERVER=37955, STANDALONE=46377], networkLocation: /default-rack, certSerialId: null, persistedOpState: null, persistedOpStateExpiryEpochSec: 0}]"  ancestorGen="0").
2022-11-18 13:06:08,455 [Under Replicated Processor] WARN  net.NetworkTopologyImpl (NetworkTopologyImpl.java:chooseNodeInternal(653)) - No available node in (scope="/default-rack" excludedScope="null" excludedNodes="[8ad84362-fca3-4a94-b029-55aaea538166{ip: 10.1.0.56, host: fv-az180-400.aibneqh1mxpuhl3tnnuy2ifbce.bx.internal.cloudapp.net, ports: [REPLICATION=45785, RATIS=38939, RATIS_ADMIN=38939, RATIS_SERVER=38939, STANDALONE=38791], networkLocation: /default-rack, certSerialId: null, persistedOpState: IN_SERVICE, persistedOpStateExpiryEpochSec: 0}, 1bb9cbb4-eec0-4324-8de7-fca776b53f2b{ip: 10.1.0.56, host: fv-az180-400.aibneqh1mxpuhl3tnnuy2ifbce.bx.internal.cloudapp.net, ports: [REPLICATION=45141, RATIS=44667, RATIS_ADMIN=44667, RATIS_SERVER=44667, STANDALONE=45879], networkLocation: /default-rack, certSerialId: null, persistedOpState: IN_SERVICE, persistedOpStateExpiryEpochSec: 0}, 961e98b4-0515-4e33-9a5e-b87989e0967c{ip: 10.1.0.56, host: fv-az180-400.aibneqh1mxpuhl3tnnuy2ifbce.bx.internal.cloudapp.net, ports: [REPLICATION=32803, RATIS=45547, RATIS_ADMIN=45547, RATIS_SERVER=45547, STANDALONE=33243], networkLocation: /default-rack, certSerialId: null, persistedOpState: IN_SERVICE, persistedOpStateExpiryEpochSec: 0}, a36f0c9e-34c7-41e1-90e2-5c691522fdfd{ip: 10.1.0.56, host: fv-az180-400.aibneqh1mxpuhl3tnnuy2ifbce.bx.internal.cloudapp.net, ports: [REPLICATION=43001, RATIS=35103, RATIS_ADMIN=35103, RATIS_SERVER=35103, STANDALONE=34509], networkLocation: /default-rack, certSerialId: null, persistedOpState: IN_SERVICE, persistedOpStateExpiryEpochSec: 0}, a49fbcfb-f7dc-4282-aec4-a4f9f3e2b5ab{ip: 10.1.0.56, host: fv-az180-400.aibneqh1mxpuhl3tnnuy2ifbce.bx.internal.cloudapp.net, ports: [REPLICATION=41799, RATIS=37955, RATIS_ADMIN=37955, RATIS_SERVER=37955, STANDALONE=46377], networkLocation: /default-rack, certSerialId: null, persistedOpState: null, persistedOpStateExpiryEpochSec: 0}]"  ancestorGen="0").
2022-11-18 13:06:08,455 [Under Replicated Processor] WARN  net.NetworkTopologyImpl (NetworkTopologyImpl.java:chooseNodeInternal(653)) - No available node in (scope="/default-rack" excludedScope="null" excludedNodes="[8ad84362-fca3-4a94-b029-55aaea538166{ip: 10.1.0.56, host: fv-az180-400.aibneqh1mxpuhl3tnnuy2ifbce.bx.internal.cloudapp.net, ports: [REPLICATION=45785, RATIS=38939, RATIS_ADMIN=38939, RATIS_SERVER=38939, STANDALONE=38791], networkLocation: /default-rack, certSerialId: null, persistedOpState: IN_SERVICE, persistedOpStateExpiryEpochSec: 0}, 1bb9cbb4-eec0-4324-8de7-fca776b53f2b{ip: 10.1.0.56, host: fv-az180-400.aibneqh1mxpuhl3tnnuy2ifbce.bx.internal.cloudapp.net, ports: [REPLICATION=45141, RATIS=44667, RATIS_ADMIN=44667, RATIS_SERVER=44667, STANDALONE=45879], networkLocation: /default-rack, certSerialId: null, persistedOpState: IN_SERVICE, persistedOpStateExpiryEpochSec: 0}, 961e98b4-0515-4e33-9a5e-b87989e0967c{ip: 10.1.0.56, host: fv-az180-400.aibneqh1mxpuhl3tnnuy2ifbce.bx.internal.cloudapp.net, ports: [REPLICATION=32803, RATIS=45547, RATIS_ADMIN=45547, RATIS_SERVER=45547, STANDALONE=33243], networkLocation: /default-rack, certSerialId: null, persistedOpState: IN_SERVICE, persistedOpStateExpiryEpochSec: 0}, a36f0c9e-34c7-41e1-90e2-5c691522fdfd{ip: 10.1.0.56, host: fv-az180-400.aibneqh1mxpuhl3tnnuy2ifbce.bx.internal.cloudapp.net, ports: [REPLICATION=43001, RATIS=35103, RATIS_ADMIN=35103, RATIS_SERVER=35103, STANDALONE=34509], networkLocation: /default-rack, certSerialId: null, persistedOpState: IN_SERVICE, persistedOpStateExpiryEpochSec: 0}, a49fbcfb-f7dc-4282-aec4-a4f9f3e2b5ab{ip: 10.1.0.56, host: fv-az180-400.aibneqh1mxpuhl3tnnuy2ifbce.bx.internal.cloudapp.net, ports: [REPLICATION=41799, RATIS=37955, RATIS_ADMIN=37955, RATIS_SERVER=37955, STANDALONE=46377], networkLocation: /default-rack, certSerialId: null, persistedOpState: null, persistedOpStateExpiryEpochSec: 0}]"  ancestorGen="0").
2022-11-18 13:06:08,456 [Under Replicated Processor] WARN  net.NetworkTopologyImpl (NetworkTopologyImpl.java:chooseNodeInternal(653)) - No available node in (scope="/default-rack" excludedScope="null" excludedNodes="[8ad84362-fca3-4a94-b029-55aaea538166{ip: 10.1.0.56, host: fv-az180-400.aibneqh1mxpuhl3tnnuy2ifbce.bx.internal.cloudapp.net, ports: [REPLICATION=45785, RATIS=38939, RATIS_ADMIN=38939, RATIS_SERVER=38939, STANDALONE=38791], networkLocation: /default-rack, certSerialId: null, persistedOpState: IN_SERVICE, persistedOpStateExpiryEpochSec: 0}, 1bb9cbb4-eec0-4324-8de7-fca776b53f2b{ip: 10.1.0.56, host: fv-az180-400.aibneqh1mxpuhl3tnnuy2ifbce.bx.internal.cloudapp.net, ports: [REPLICATION=45141, RATIS=44667, RATIS_ADMIN=44667, RATIS_SERVER=44667, STANDALONE=45879], networkLocation: /default-rack, certSerialId: null, persistedOpState: IN_SERVICE, persistedOpStateExpiryEpochSec: 0}, 961e98b4-0515-4e33-9a5e-b87989e0967c{ip: 10.1.0.56, host: fv-az180-400.aibneqh1mxpuhl3tnnuy2ifbce.bx.internal.cloudapp.net, ports: [REPLICATION=32803, RATIS=45547, RATIS_ADMIN=45547, RATIS_SERVER=45547, STANDALONE=33243], networkLocation: /default-rack, certSerialId: null, persistedOpState: IN_SERVICE, persistedOpStateExpiryEpochSec: 0}, a36f0c9e-34c7-41e1-90e2-5c691522fdfd{ip: 10.1.0.56, host: fv-az180-400.aibneqh1mxpuhl3tnnuy2ifbce.bx.internal.cloudapp.net, ports: [REPLICATION=43001, RATIS=35103, RATIS_ADMIN=35103, RATIS_SERVER=35103, STANDALONE=34509], networkLocation: /default-rack, certSerialId: null, persistedOpState: IN_SERVICE, persistedOpStateExpiryEpochSec: 0}, a49fbcfb-f7dc-4282-aec4-a4f9f3e2b5ab{ip: 10.1.0.56, host: fv-az180-400.aibneqh1mxpuhl3tnnuy2ifbce.bx.internal.cloudapp.net, ports: [REPLICATION=41799, RATIS=37955, RATIS_ADMIN=37955, RATIS_SERVER=37955, STANDALONE=46377], networkLocation: /default-rack, certSerialId: null, persistedOpState: null, persistedOpStateExpiryEpochSec: 0}]"  ancestorGen="0").
2022-11-18 13:06:08,456 [Under Replicated Processor] INFO  algorithms.SCMContainerPlacementRackScatter (SCMContainerPlacementRackScatter.java:chooseNode(379)) - No satisfied datanode to meet the constraints. Metadatadata size required: 0 Data size required: 5368709120, scope /default-rack, excluded nodes [8ad84362-fca3-4a94-b029-55aaea538166{ip: 10.1.0.56, host: fv-az180-400.aibneqh1mxpuhl3tnnuy2ifbce.bx.internal.cloudapp.net, ports: [REPLICATION=45785, RATIS=38939, RATIS_ADMIN=38939, RATIS_SERVER=38939, STANDALONE=38791], networkLocation: /default-rack, certSerialId: null, persistedOpState: IN_SERVICE, persistedOpStateExpiryEpochSec: 0}, 1bb9cbb4-eec0-4324-8de7-fca776b53f2b{ip: 10.1.0.56, host: fv-az180-400.aibneqh1mxpuhl3tnnuy2ifbce.bx.internal.cloudapp.net, ports: [REPLICATION=45141, RATIS=44667, RATIS_ADMIN=44667, RATIS_SERVER=44667, STANDALONE=45879], networkLocation: /default-rack, certSerialId: null, persistedOpState: IN_SERVICE, persistedOpStateExpiryEpochSec: 0}, 961e98b4-0515-4e33-9a5e-b87989e0967c{ip: 10.1.0.56, host: fv-az180-400.aibneqh1mxpuhl3tnnuy2ifbce.bx.internal.cloudapp.net, ports: [REPLICATION=32803, RATIS=45547, RATIS_ADMIN=45547, RATIS_SERVER=45547, STANDALONE=33243], networkLocation: /default-rack, certSerialId: null, persistedOpState: IN_SERVICE, persistedOpStateExpiryEpochSec: 0}, a36f0c9e-34c7-41e1-90e2-5c691522fdfd{ip: 10.1.0.56, host: fv-az180-400.aibneqh1mxpuhl3tnnuy2ifbce.bx.internal.cloudapp.net, ports: [REPLICATION=43001, RATIS=35103, RATIS_ADMIN=35103, RATIS_SERVER=35103, STANDALONE=34509], networkLocation: /default-rack, certSerialId: null, persistedOpState: IN_SERVICE, persistedOpStateExpiryEpochSec: 0}, a49fbcfb-f7dc-4282-aec4-a4f9f3e2b5ab{ip: 10.1.0.56, host: fv-az180-400.aibneqh1mxpuhl3tnnuy2ifbce.bx.internal.cloudapp.net, ports: [REPLICATION=41799, RATIS=37955, RATIS_ADMIN=37955, RATIS_SERVER=37955, STANDALONE=46377], networkLocation: /default-rack, certSerialId: null, persistedOpState: null, persistedOpStateExpiryEpochSec: 0}]
2022-11-18 13:06:08,457 [Under Replicated Processor] WARN  algorithms.SCMContainerPlacementRackScatter (SCMContainerPlacementRackScatter.java:chooseDatanodesInternal(281)) - Placement policy could not choose the enough nodes from available racks. Chosen nodes size from Unique Racks: 0, but required nodes to choose from Unique Racks: 1 do not match. Available racks count: 1, Excluded nodes count: 4
2022-11-18 13:06:08,457 [Under Replicated Processor] WARN  replication.ECUnderReplicationHandler (ECUnderReplicationHandler.java:processAndCreateCommands(252)) - Exception while processing for creating the EC reconstruction container commands for #8.
org.apache.hadoop.hdds.scm.exceptions.SCMException: Chosen nodes size from Unique Racks: 0, but required nodes to choose from Unique Racks: 1 do not match.
	at org.apache.hadoop.hdds.scm.container.placement.algorithms.SCMContainerPlacementRackScatter.chooseDatanodesInternal(SCMContainerPlacementRackScatter.java:286)
	at org.apache.hadoop.hdds.scm.SCMCommonPlacementPolicy.chooseDatanodes(SCMCommonPlacementPolicy.java:175)
	at org.apache.hadoop.hdds.scm.SCMCommonPlacementPolicy.chooseDatanodes(SCMCommonPlacementPolicy.java:117)
	at org.apache.hadoop.hdds.scm.container.replication.ECUnderReplicationHandler.getTargetDatanodes(ECUnderReplicationHandler.java:303)
	at org.apache.hadoop.hdds.scm.container.replication.ECUnderReplicationHandler.processAndCreateCommands(ECUnderReplicationHandler.java:186)
	at org.apache.hadoop.hdds.scm.container.replication.ReplicationManager.processUnderReplicatedContainer(ReplicationManager.java:483)
	at org.apache.hadoop.hdds.scm.container.replication.UnderReplicatedProcessor.processContainer(UnderReplicatedProcessor.java:99)
	at org.apache.hadoop.hdds.scm.container.replication.UnderReplicatedProcessor.processAll(UnderReplicatedProcessor.java:83)
	at org.apache.hadoop.hdds.scm.container.replication.UnderReplicatedProcessor.run(UnderReplicatedProcessor.java:144)
	at java.lang.Thread.run(Thread.java:750)
2022-11-18 13:06:08,457 [Under Replicated Processor] ERROR replication.UnderReplicatedProcessor (UnderReplicatedProcessor.java:processAll(86)) - Error processing under replicated container ContainerInfo{id=#8, state=CLOSED, pipelineID=PipelineID=67e84420-6fe2-43b6-bc4f-8bf4477b66f2, stateEnterTime=2022-11-18T13:05:28.764Z, owner=om1}
org.apache.hadoop.hdds.scm.exceptions.SCMException: Chosen nodes size from Unique Racks: 0, but required nodes to choose from Unique Racks: 1 do not match.
	at org.apache.hadoop.hdds.scm.container.placement.algorithms.SCMContainerPlacementRackScatter.chooseDatanodesInternal(SCMContainerPlacementRackScatter.java:286)
	at org.apache.hadoop.hdds.scm.SCMCommonPlacementPolicy.chooseDatanodes(SCMCommonPlacementPolicy.java:175)
	at org.apache.hadoop.hdds.scm.SCMCommonPlacementPolicy.chooseDatanodes(SCMCommonPlacementPolicy.java:117)
	at org.apache.hadoop.hdds.scm.container.replication.ECUnderReplicationHandler.getTargetDatanodes(ECUnderReplicationHandler.java:303)
	at org.apache.hadoop.hdds.scm.container.replication.ECUnderReplicationHandler.processAndCreateCommands(ECUnderReplicationHandler.java:186)
	at org.apache.hadoop.hdds.scm.container.replication.ReplicationManager.processUnderReplicatedContainer(ReplicationManager.java:483)
	at org.apache.hadoop.hdds.scm.container.replication.UnderReplicatedProcessor.processContainer(UnderReplicatedProcessor.java:99)
	at org.apache.hadoop.hdds.scm.container.replication.UnderReplicatedProcessor.processAll(UnderReplicatedProcessor.java:83)
	at org.apache.hadoop.hdds.scm.container.replication.UnderReplicatedProcessor.run(UnderReplicatedProcessor.java:144)
	at java.lang.Thread.run(Thread.java:750)
2022-11-18 13:06:08,457 [Under Replicated Processor] WARN  net.NetworkTopologyImpl (NetworkTopologyImpl.java:chooseNodeInternal(653)) - No available node in (scope="/default-rack" excludedScope="null" excludedNodes="[8ad84362-fca3-4a94-b029-55aaea538166{ip: 10.1.0.56, host: fv-az180-400.aibneqh1mxpuhl3tnnuy2ifbce.bx.internal.cloudapp.net, ports: [REPLICATION=45785, RATIS=38939, RATIS_ADMIN=38939, RATIS_SERVER=38939, STANDALONE=38791], networkLocation: /default-rack, certSerialId: null, persistedOpState: IN_SERVICE, persistedOpStateExpiryEpochSec: 0}, 1bb9cbb4-eec0-4324-8de7-fca776b53f2b{ip: 10.1.0.56, host: fv-az180-400.aibneqh1mxpuhl3tnnuy2ifbce.bx.internal.cloudapp.net, ports: [REPLICATION=45141, RATIS=44667, RATIS_ADMIN=44667, RATIS_SERVER=44667, STANDALONE=45879], networkLocation: /default-rack, certSerialId: null, persistedOpState: IN_SERVICE, persistedOpStateExpiryEpochSec: 0}, 961e98b4-0515-4e33-9a5e-b87989e0967c{ip: 10.1.0.56, host: fv-az180-400.aibneqh1mxpuhl3tnnuy2ifbce.bx.internal.cloudapp.net, ports: [REPLICATION=32803, RATIS=45547, RATIS_ADMIN=45547, RATIS_SERVER=45547, STANDALONE=33243], networkLocation: /default-rack, certSerialId: null, persistedOpState: IN_SERVICE, persistedOpStateExpiryEpochSec: 0}, a36f0c9e-34c7-41e1-90e2-5c691522fdfd{ip: 10.1.0.56, host: fv-az180-400.aibneqh1mxpuhl3tnnuy2ifbce.bx.internal.cloudapp.net, ports: [REPLICATION=43001, RATIS=35103, RATIS_ADMIN=35103, RATIS_SERVER=35103, STANDALONE=34509], networkLocation: /default-rack, certSerialId: null, persistedOpState: IN_SERVICE, persistedOpStateExpiryEpochSec: 0}, a49fbcfb-f7dc-4282-aec4-a4f9f3e2b5ab{ip: 10.1.0.56, host: fv-az180-400.aibneqh1mxpuhl3tnnuy2ifbce.bx.internal.cloudapp.net, ports: [REPLICATION=41799, RATIS=37955, RATIS_ADMIN=37955, RATIS_SERVER=37955, STANDALONE=46377], networkLocation: /default-rack, certSerialId: null, persistedOpState: null, persistedOpStateExpiryEpochSec: 0}]"  ancestorGen="0").
2022-11-18 13:06:08,457 [Under Replicated Processor] WARN  net.NetworkTopologyImpl (NetworkTopologyImpl.java:chooseNodeInternal(653)) - No available node in (scope="/default-rack" excludedScope="null" excludedNodes="[8ad84362-fca3-4a94-b029-55aaea538166{ip: 10.1.0.56, host: fv-az180-400.aibneqh1mxpuhl3tnnuy2ifbce.bx.internal.cloudapp.net, ports: [REPLICATION=45785, RATIS=38939, RATIS_ADMIN=38939, RATIS_SERVER=38939, STANDALONE=38791], networkLocation: /default-rack, certSerialId: null, persistedOpState: IN_SERVICE, persistedOpStateExpiryEpochSec: 0}, 1bb9cbb4-eec0-4324-8de7-fca776b53f2b{ip: 10.1.0.56, host: fv-az180-400.aibneqh1mxpuhl3tnnuy2ifbce.bx.internal.cloudapp.net, ports: [REPLICATION=45141, RATIS=44667, RATIS_ADMIN=44667, RATIS_SERVER=44667, STANDALONE=45879], networkLocation: /default-rack, certSerialId: null, persistedOpState: IN_SERVICE, persistedOpStateExpiryEpochSec: 0}, 961e98b4-0515-4e33-9a5e-b87989e0967c{ip: 10.1.0.56, host: fv-az180-400.aibneqh1mxpuhl3tnnuy2ifbce.bx.internal.cloudapp.net, ports: [REPLICATION=32803, RATIS=45547, RATIS_ADMIN=45547, RATIS_SERVER=45547, STANDALONE=33243], networkLocation: /default-rack, certSerialId: null, persistedOpState: IN_SERVICE, persistedOpStateExpiryEpochSec: 0}, a36f0c9e-34c7-41e1-90e2-5c691522fdfd{ip: 10.1.0.56, host: fv-az180-400.aibneqh1mxpuhl3tnnuy2ifbce.bx.internal.cloudapp.net, ports: [REPLICATION=43001, RATIS=35103, RATIS_ADMIN=35103, RATIS_SERVER=35103, STANDALONE=34509], networkLocation: /default-rack, certSerialId: null, persistedOpState: IN_SERVICE, persistedOpStateExpiryEpochSec: 0}, a49fbcfb-f7dc-4282-aec4-a4f9f3e2b5ab{ip: 10.1.0.56, host: fv-az180-400.aibneqh1mxpuhl3tnnuy2ifbce.bx.internal.cloudapp.net, ports: [REPLICATION=41799, RATIS=37955, RATIS_ADMIN=37955, RATIS_SERVER=37955, STANDALONE=46377], networkLocation: /default-rack, certSerialId: null, persistedOpState: null, persistedOpStateExpiryEpochSec: 0}]"  ancestorGen="0").
2022-11-18 13:06:08,457 [Under Replicated Processor] WARN  net.NetworkTopologyImpl (NetworkTopologyImpl.java:chooseNodeInternal(653)) - No available node in (scope="/default-rack" excludedScope="null" excludedNodes="[8ad84362-fca3-4a94-b029-55aaea538166{ip: 10.1.0.56, host: fv-az180-400.aibneqh1mxpuhl3tnnuy2ifbce.bx.internal.cloudapp.net, ports: [REPLICATION=45785, RATIS=38939, RATIS_ADMIN=38939, RATIS_SERVER=38939, STANDALONE=38791], networkLocation: /default-rack, certSerialId: null, persistedOpState: IN_SERVICE, persistedOpStateExpiryEpochSec: 0}, 1bb9cbb4-eec0-4324-8de7-fca776b53f2b{ip: 10.1.0.56, host: fv-az180-400.aibneqh1mxpuhl3tnnuy2ifbce.bx.internal.cloudapp.net, ports: [REPLICATION=45141, RATIS=44667, RATIS_ADMIN=44667, RATIS_SERVER=44667, STANDALONE=45879], networkLocation: /default-rack, certSerialId: null, persistedOpState: IN_SERVICE, persistedOpStateExpiryEpochSec: 0}, 961e98b4-0515-4e33-9a5e-b87989e0967c{ip: 10.1.0.56, host: fv-az180-400.aibneqh1mxpuhl3tnnuy2ifbce.bx.internal.cloudapp.net, ports: [REPLICATION=32803, RATIS=45547, RATIS_ADMIN=45547, RATIS_SERVER=45547, STANDALONE=33243], networkLocation: /default-rack, certSerialId: null, persistedOpState: IN_SERVICE, persistedOpStateExpiryEpochSec: 0}, a36f0c9e-34c7-41e1-90e2-5c691522fdfd{ip: 10.1.0.56, host: fv-az180-400.aibneqh1mxpuhl3tnnuy2ifbce.bx.internal.cloudapp.net, ports: [REPLICATION=43001, RATIS=35103, RATIS_ADMIN=35103, RATIS_SERVER=35103, STANDALONE=34509], networkLocation: /default-rack, certSerialId: null, persistedOpState: IN_SERVICE, persistedOpStateExpiryEpochSec: 0}, a49fbcfb-f7dc-4282-aec4-a4f9f3e2b5ab{ip: 10.1.0.56, host: fv-az180-400.aibneqh1mxpuhl3tnnuy2ifbce.bx.internal.cloudapp.net, ports: [REPLICATION=41799, RATIS=37955, RATIS_ADMIN=37955, RATIS_SERVER=37955, STANDALONE=46377], networkLocation: /default-rack, certSerialId: null, persistedOpState: null, persistedOpStateExpiryEpochSec: 0}]"  ancestorGen="0").
2022-11-18 13:06:08,457 [Under Replicated Processor] WARN  net.NetworkTopologyImpl (NetworkTopologyImpl.java:chooseNodeInternal(653)) - No available node in (scope="/default-rack" excludedScope="null" excludedNodes="[8ad84362-fca3-4a94-b029-55aaea538166{ip: 10.1.0.56, host: fv-az180-400.aibneqh1mxpuhl3tnnuy2ifbce.bx.internal.cloudapp.net, ports: [REPLICATION=45785, RATIS=38939, RATIS_ADMIN=38939, RATIS_SERVER=38939, STANDALONE=38791], networkLocation: /default-rack, certSerialId: null, persistedOpState: IN_SERVICE, persistedOpStateExpiryEpochSec: 0}, 1bb9cbb4-eec0-4324-8de7-fca776b53f2b{ip: 10.1.0.56, host: fv-az180-400.aibneqh1mxpuhl3tnnuy2ifbce.bx.internal.cloudapp.net, ports: [REPLICATION=45141, RATIS=44667, RATIS_ADMIN=44667, RATIS_SERVER=44667, STANDALONE=45879], networkLocation: /default-rack, certSerialId: null, persistedOpState: IN_SERVICE, persistedOpStateExpiryEpochSec: 0}, 961e98b4-0515-4e33-9a5e-b87989e0967c{ip: 10.1.0.56, host: fv-az180-400.aibneqh1mxpuhl3tnnuy2ifbce.bx.internal.cloudapp.net, ports: [REPLICATION=32803, RATIS=45547, RATIS_ADMIN=45547, RATIS_SERVER=45547, STANDALONE=33243], networkLocation: /default-rack, certSerialId: null, persistedOpState: IN_SERVICE, persistedOpStateExpiryEpochSec: 0}, a36f0c9e-34c7-41e1-90e2-5c691522fdfd{ip: 10.1.0.56, host: fv-az180-400.aibneqh1mxpuhl3tnnuy2ifbce.bx.internal.cloudapp.net, ports: [REPLICATION=43001, RATIS=35103, RATIS_ADMIN=35103, RATIS_SERVER=35103, STANDALONE=34509], networkLocation: /default-rack, certSerialId: null, persistedOpState: IN_SERVICE, persistedOpStateExpiryEpochSec: 0}, a49fbcfb-f7dc-4282-aec4-a4f9f3e2b5ab{ip: 10.1.0.56, host: fv-az180-400.aibneqh1mxpuhl3tnnuy2ifbce.bx.internal.cloudapp.net, ports: [REPLICATION=41799, RATIS=37955, RATIS_ADMIN=37955, RATIS_SERVER=37955, STANDALONE=46377], networkLocation: /default-rack, certSerialId: null, persistedOpState: null, persistedOpStateExpiryEpochSec: 0}]"  ancestorGen="0").
2022-11-18 13:06:08,457 [Under Replicated Processor] INFO  algorithms.SCMContainerPlacementRackScatter (SCMContainerPlacementRackScatter.java:chooseNode(379)) - No satisfied datanode to meet the constraints. Metadatadata size required: 0 Data size required: 5368709120, scope /default-rack, excluded nodes [8ad84362-fca3-4a94-b029-55aaea538166{ip: 10.1.0.56, host: fv-az180-400.aibneqh1mxpuhl3tnnuy2ifbce.bx.internal.cloudapp.net, ports: [REPLICATION=45785, RATIS=38939, RATIS_ADMIN=38939, RATIS_SERVER=38939, STANDALONE=38791], networkLocation: /default-rack, certSerialId: null, persistedOpState: IN_SERVICE, persistedOpStateExpiryEpochSec: 0}, 1bb9cbb4-eec0-4324-8de7-fca776b53f2b{ip: 10.1.0.56, host: fv-az180-400.aibneqh1mxpuhl3tnnuy2ifbce.bx.internal.cloudapp.net, ports: [REPLICATION=45141, RATIS=44667, RATIS_ADMIN=44667, RATIS_SERVER=44667, STANDALONE=45879], networkLocation: /default-rack, certSerialId: null, persistedOpState: IN_SERVICE, persistedOpStateExpiryEpochSec: 0}, 961e98b4-0515-4e33-9a5e-b87989e0967c{ip: 10.1.0.56, host: fv-az180-400.aibneqh1mxpuhl3tnnuy2ifbce.bx.internal.cloudapp.net, ports: [REPLICATION=32803, RATIS=45547, RATIS_ADMIN=45547, RATIS_SERVER=45547, STANDALONE=33243], networkLocation: /default-rack, certSerialId: null, persistedOpState: IN_SERVICE, persistedOpStateExpiryEpochSec: 0}, a36f0c9e-34c7-41e1-90e2-5c691522fdfd{ip: 10.1.0.56, host: fv-az180-400.aibneqh1mxpuhl3tnnuy2ifbce.bx.internal.cloudapp.net, ports: [REPLICATION=43001, RATIS=35103, RATIS_ADMIN=35103, RATIS_SERVER=35103, STANDALONE=34509], networkLocation: /default-rack, certSerialId: null, persistedOpState: IN_SERVICE, persistedOpStateExpiryEpochSec: 0}, a49fbcfb-f7dc-4282-aec4-a4f9f3e2b5ab{ip: 10.1.0.56, host: fv-az180-400.aibneqh1mxpuhl3tnnuy2ifbce.bx.internal.cloudapp.net, ports: [REPLICATION=41799, RATIS=37955, RATIS_ADMIN=37955, RATIS_SERVER=37955, STANDALONE=46377], networkLocation: /default-rack, certSerialId: null, persistedOpState: null, persistedOpStateExpiryEpochSec: 0}]
2022-11-18 13:06:08,458 [Under Replicated Processor] WARN  algorithms.SCMContainerPlacementRackScatter (SCMContainerPlacementRackScatter.java:chooseDatanodesInternal(281)) - Placement policy could not choose the enough nodes from available racks. Chosen nodes size from Unique Racks: 0, but required nodes to choose from Unique Racks: 1 do not match. Available racks count: 1, Excluded nodes count: 4
2022-11-18 13:06:08,458 [Under Replicated Processor] WARN  replication.ECUnderReplicationHandler (ECUnderReplicationHandler.java:processAndCreateCommands(252)) - Exception while processing for creating the EC reconstruction container commands for #8.
org.apache.hadoop.hdds.scm.exceptions.SCMException: Chosen nodes size from Unique Racks: 0, but required nodes to choose from Unique Racks: 1 do not match.
	at org.apache.hadoop.hdds.scm.container.placement.algorithms.SCMContainerPlacementRackScatter.chooseDatanodesInternal(SCMContainerPlacementRackScatter.java:286)
	at org.apache.hadoop.hdds.scm.SCMCommonPlacementPolicy.chooseDatanodes(SCMCommonPlacementPolicy.java:175)
	at org.apache.hadoop.hdds.scm.SCMCommonPlacementPolicy.chooseDatanodes(SCMCommonPlacementPolicy.java:117)
	at org.apache.hadoop.hdds.scm.container.replication.ECUnderReplicationHandler.getTargetDatanodes(ECUnderReplicationHandler.java:303)
	at org.apache.hadoop.hdds.scm.container.replication.ECUnderReplicationHandler.processAndCreateCommands(ECUnderReplicationHandler.java:186)
	at org.apache.hadoop.hdds.scm.container.replication.ReplicationManager.processUnderReplicatedContainer(ReplicationManager.java:483)
	at org.apache.hadoop.hdds.scm.container.replication.UnderReplicatedProcessor.processContainer(UnderReplicatedProcessor.java:99)
	at org.apache.hadoop.hdds.scm.container.replication.UnderReplicatedProcessor.processAll(UnderReplicatedProcessor.java:83)
	at org.apache.hadoop.hdds.scm.container.replication.UnderReplicatedProcessor.run(UnderReplicatedProcessor.java:144)
	at java.lang.Thread.run(Thread.java:750)
2022-11-18 13:06:08,458 [Under Replicated Processor] ERROR replication.UnderReplicatedProcessor (UnderReplicatedProcessor.java:processAll(86)) - Error processing under replicated container ContainerInfo{id=#8, state=CLOSED, pipelineID=PipelineID=67e84420-6fe2-43b6-bc4f-8bf4477b66f2, stateEnterTime=2022-11-18T13:05:28.764Z, owner=om1}
org.apache.hadoop.hdds.scm.exceptions.SCMException: Chosen nodes size from Unique Racks: 0, but required nodes to choose from Unique Racks: 1 do not match.
	at org.apache.hadoop.hdds.scm.container.placement.algorithms.SCMContainerPlacementRackScatter.chooseDatanodesInternal(SCMContainerPlacementRackScatter.java:286)
	at org.apache.hadoop.hdds.scm.SCMCommonPlacementPolicy.chooseDatanodes(SCMCommonPlacementPolicy.java:175)
	at org.apache.hadoop.hdds.scm.SCMCommonPlacementPolicy.chooseDatanodes(SCMCommonPlacementPolicy.java:117)
	at org.apache.hadoop.hdds.scm.container.replication.ECUnderReplicationHandler.getTargetDatanodes(ECUnderReplicationHandler.java:303)
	at org.apache.hadoop.hdds.scm.container.replication.ECUnderReplicationHandler.processAndCreateCommands(ECUnderReplicationHandler.java:186)
	at org.apache.hadoop.hdds.scm.container.replication.ReplicationManager.processUnderReplicatedContainer(ReplicationManager.java:483)
	at org.apache.hadoop.hdds.scm.container.replication.UnderReplicatedProcessor.processContainer(UnderReplicatedProcessor.java:99)
	at org.apache.hadoop.hdds.scm.container.replication.UnderReplicatedProcessor.processAll(UnderReplicatedProcessor.java:83)
	at org.apache.hadoop.hdds.scm.container.replication.UnderReplicatedProcessor.run(UnderReplicatedProcessor.java:144)
	at java.lang.Thread.run(Thread.java:750)
2022-11-18 13:06:08,458 [Under Replicated Processor] WARN  net.NetworkTopologyImpl (NetworkTopologyImpl.java:chooseNodeInternal(653)) - No available node in (scope="/default-rack" excludedScope="null" excludedNodes="[8ad84362-fca3-4a94-b029-55aaea538166{ip: 10.1.0.56, host: fv-az180-400.aibneqh1mxpuhl3tnnuy2ifbce.bx.internal.cloudapp.net, ports: [REPLICATION=45785, RATIS=38939, RATIS_ADMIN=38939, RATIS_SERVER=38939, STANDALONE=38791], networkLocation: /default-rack, certSerialId: null, persistedOpState: IN_SERVICE, persistedOpStateExpiryEpochSec: 0}, 1bb9cbb4-eec0-4324-8de7-fca776b53f2b{ip: 10.1.0.56, host: fv-az180-400.aibneqh1mxpuhl3tnnuy2ifbce.bx.internal.cloudapp.net, ports: [REPLICATION=45141, RATIS=44667, RATIS_ADMIN=44667, RATIS_SERVER=44667, STANDALONE=45879], networkLocation: /default-rack, certSerialId: null, persistedOpState: IN_SERVICE, persistedOpStateExpiryEpochSec: 0}, 961e98b4-0515-4e33-9a5e-b87989e0967c{ip: 10.1.0.56, host: fv-az180-400.aibneqh1mxpuhl3tnnuy2ifbce.bx.internal.cloudapp.net, ports: [REPLICATION=32803, RATIS=45547, RATIS_ADMIN=45547, RATIS_SERVER=45547, STANDALONE=33243], networkLocation: /default-rack, certSerialId: null, persistedOpState: IN_SERVICE, persistedOpStateExpiryEpochSec: 0}, a36f0c9e-34c7-41e1-90e2-5c691522fdfd{ip: 10.1.0.56, host: fv-az180-400.aibneqh1mxpuhl3tnnuy2ifbce.bx.internal.cloudapp.net, ports: [REPLICATION=43001, RATIS=35103, RATIS_ADMIN=35103, RATIS_SERVER=35103, STANDALONE=34509], networkLocation: /default-rack, certSerialId: null, persistedOpState: IN_SERVICE, persistedOpStateExpiryEpochSec: 0}, a49fbcfb-f7dc-4282-aec4-a4f9f3e2b5ab{ip: 10.1.0.56, host: fv-az180-400.aibneqh1mxpuhl3tnnuy2ifbce.bx.internal.cloudapp.net, ports: [REPLICATION=41799, RATIS=37955, RATIS_ADMIN=37955, RATIS_SERVER=37955, STANDALONE=46377], networkLocation: /default-rack, certSerialId: null, persistedOpState: null, persistedOpStateExpiryEpochSec: 0}]"  ancestorGen="0").
2022-11-18 13:06:08,458 [Under Replicated Processor] WARN  net.NetworkTopologyImpl (NetworkTopologyImpl.java:chooseNodeInternal(653)) - No available node in (scope="/default-rack" excludedScope="null" excludedNodes="[8ad84362-fca3-4a94-b029-55aaea538166{ip: 10.1.0.56, host: fv-az180-400.aibneqh1mxpuhl3tnnuy2ifbce.bx.internal.cloudapp.net, ports: [REPLICATION=45785, RATIS=38939, RATIS_ADMIN=38939, RATIS_SERVER=38939, STANDALONE=38791], networkLocation: /default-rack, certSerialId: null, persistedOpState: IN_SERVICE, persistedOpStateExpiryEpochSec: 0}, 1bb9cbb4-eec0-4324-8de7-fca776b53f2b{ip: 10.1.0.56, host: fv-az180-400.aibneqh1mxpuhl3tnnuy2ifbce.bx.internal.cloudapp.net, ports: [REPLICATION=45141, RATIS=44667, RATIS_ADMIN=44667, RATIS_SERVER=44667, STANDALONE=45879], networkLocation: /default-rack, certSerialId: null, persistedOpState: IN_SERVICE, persistedOpStateExpiryEpochSec: 0}, 961e98b4-0515-4e33-9a5e-b87989e0967c{ip: 10.1.0.56, host: fv-az180-400.aibneqh1mxpuhl3tnnuy2ifbce.bx.internal.cloudapp.net, ports: [REPLICATION=32803, RATIS=45547, RATIS_ADMIN=45547, RATIS_SERVER=45547, STANDALONE=33243], networkLocation: /default-rack, certSerialId: null, persistedOpState: IN_SERVICE, persistedOpStateExpiryEpochSec: 0}, a36f0c9e-34c7-41e1-90e2-5c691522fdfd{ip: 10.1.0.56, host: fv-az180-400.aibneqh1mxpuhl3tnnuy2ifbce.bx.internal.cloudapp.net, ports: [REPLICATION=43001, RATIS=35103, RATIS_ADMIN=35103, RATIS_SERVER=35103, STANDALONE=34509], networkLocation: /default-rack, certSerialId: null, persistedOpState: IN_SERVICE, persistedOpStateExpiryEpochSec: 0}, a49fbcfb-f7dc-4282-aec4-a4f9f3e2b5ab{ip: 10.1.0.56, host: fv-az180-400.aibneqh1mxpuhl3tnnuy2ifbce.bx.internal.cloudapp.net, ports: [REPLICATION=41799, RATIS=37955, RATIS_ADMIN=37955, RATIS_SERVER=37955, STANDALONE=46377], networkLocation: /default-rack, certSerialId: null, persistedOpState: null, persistedOpStateExpiryEpochSec: 0}]"  ancestorGen="0").
2022-11-18 13:06:08,458 [Under Replicated Processor] WARN  net.NetworkTopologyImpl (NetworkTopologyImpl.java:chooseNodeInternal(653)) - No available node in (scope="/default-rack" excludedScope="null" excludedNodes="[8ad84362-fca3-4a94-b029-55aaea538166{ip: 10.1.0.56, host: fv-az180-400.aibneqh1mxpuhl3tnnuy2ifbce.bx.internal.cloudapp.net, ports: [REPLICATION=45785, RATIS=38939, RATIS_ADMIN=38939, RATIS_SERVER=38939, STANDALONE=38791], networkLocation: /default-rack, certSerialId: null, persistedOpState: IN_SERVICE, persistedOpStateExpiryEpochSec: 0}, 1bb9cbb4-eec0-4324-8de7-fca776b53f2b{ip: 10.1.0.56, host: fv-az180-400.aibneqh1mxpuhl3tnnuy2ifbce.bx.internal.cloudapp.net, ports: [REPLICATION=45141, RATIS=44667, RATIS_ADMIN=44667, RATIS_SERVER=44667, STANDALONE=45879], networkLocation: /default-rack, certSerialId: null, persistedOpState: IN_SERVICE, persistedOpStateExpiryEpochSec: 0}, 961e98b4-0515-4e33-9a5e-b87989e0967c{ip: 10.1.0.56, host: fv-az180-400.aibneqh1mxpuhl3tnnuy2ifbce.bx.internal.cloudapp.net, ports: [REPLICATION=32803, RATIS=45547, RATIS_ADMIN=45547, RATIS_SERVER=45547, STANDALONE=33243], networkLocation: /default-rack, certSerialId: null, persistedOpState: IN_SERVICE, persistedOpStateExpiryEpochSec: 0}, a36f0c9e-34c7-41e1-90e2-5c691522fdfd{ip: 10.1.0.56, host: fv-az180-400.aibneqh1mxpuhl3tnnuy2ifbce.bx.internal.cloudapp.net, ports: [REPLICATION=43001, RATIS=35103, RATIS_ADMIN=35103, RATIS_SERVER=35103, STANDALONE=34509], networkLocation: /default-rack, certSerialId: null, persistedOpState: IN_SERVICE, persistedOpStateExpiryEpochSec: 0}, a49fbcfb-f7dc-4282-aec4-a4f9f3e2b5ab{ip: 10.1.0.56, host: fv-az180-400.aibneqh1mxpuhl3tnnuy2ifbce.bx.internal.cloudapp.net, ports: [REPLICATION=41799, RATIS=37955, RATIS_ADMIN=37955, RATIS_SERVER=37955, STANDALONE=46377], networkLocation: /default-rack, certSerialId: null, persistedOpState: null, persistedOpStateExpiryEpochSec: 0}]"  ancestorGen="0").
2022-11-18 13:06:08,458 [Under Replicated Processor] WARN  net.NetworkTopologyImpl (NetworkTopologyImpl.java:chooseNodeInternal(653)) - No available node in (scope="/default-rack" excludedScope="null" excludedNodes="[8ad84362-fca3-4a94-b029-55aaea538166{ip: 10.1.0.56, host: fv-az180-400.aibneqh1mxpuhl3tnnuy2ifbce.bx.internal.cloudapp.net, ports: [REPLICATION=45785, RATIS=38939, RATIS_ADMIN=38939, RATIS_SERVER=38939, STANDALONE=38791], networkLocation: /default-rack, certSerialId: null, persistedOpState: IN_SERVICE, persistedOpStateExpiryEpochSec: 0}, 1bb9cbb4-eec0-4324-8de7-fca776b53f2b{ip: 10.1.0.56, host: fv-az180-400.aibneqh1mxpuhl3tnnuy2ifbce.bx.internal.cloudapp.net, ports: [REPLICATION=45141, RATIS=44667, RATIS_ADMIN=44667, RATIS_SERVER=44667, STANDALONE=45879], networkLocation: /default-rack, certSerialId: null, persistedOpState: IN_SERVICE, persistedOpStateExpiryEpochSec: 0}, 961e98b4-0515-4e33-9a5e-b87989e0967c{ip: 10.1.0.56, host: fv-az180-400.aibneqh1mxpuhl3tnnuy2ifbce.bx.internal.cloudapp.net, ports: [REPLICATION=32803, RATIS=45547, RATIS_ADMIN=45547, RATIS_SERVER=45547, STANDALONE=33243], networkLocation: /default-rack, certSerialId: null, persistedOpState: IN_SERVICE, persistedOpStateExpiryEpochSec: 0}, a36f0c9e-34c7-41e1-90e2-5c691522fdfd{ip: 10.1.0.56, host: fv-az180-400.aibneqh1mxpuhl3tnnuy2ifbce.bx.internal.cloudapp.net, ports: [REPLICATION=43001, RATIS=35103, RATIS_ADMIN=35103, RATIS_SERVER=35103, STANDALONE=34509], networkLocation: /default-rack, certSerialId: null, persistedOpState: IN_SERVICE, persistedOpStateExpiryEpochSec: 0}, a49fbcfb-f7dc-4282-aec4-a4f9f3e2b5ab{ip: 10.1.0.56, host: fv-az180-400.aibneqh1mxpuhl3tnnuy2ifbce.bx.internal.cloudapp.net, ports: [REPLICATION=41799, RATIS=37955, RATIS_ADMIN=37955, RATIS_SERVER=37955, STANDALONE=46377], networkLocation: /default-rack, certSerialId: null, persistedOpState: null, persistedOpStateExpiryEpochSec: 0}]"  ancestorGen="0").
2022-11-18 13:06:08,459 [Under Replicated Processor] INFO  algorithms.SCMContainerPlacementRackScatter (SCMContainerPlacementRackScatter.java:chooseNode(379)) - No satisfied datanode to meet the constraints. Metadatadata size required: 0 Data size required: 5368709120, scope /default-rack, excluded nodes [8ad84362-fca3-4a94-b029-55aaea538166{ip: 10.1.0.56, host: fv-az180-400.aibneqh1mxpuhl3tnnuy2ifbce.bx.internal.cloudapp.net, ports: [REPLICATION=45785, RATIS=38939, RATIS_ADMIN=38939, RATIS_SERVER=38939, STANDALONE=38791], networkLocation: /default-rack, certSerialId: null, persistedOpState: IN_SERVICE, persistedOpStateExpiryEpochSec: 0}, 1bb9cbb4-eec0-4324-8de7-fca776b53f2b{ip: 10.1.0.56, host: fv-az180-400.aibneqh1mxpuhl3tnnuy2ifbce.bx.internal.cloudapp.net, ports: [REPLICATION=45141, RATIS=44667, RATIS_ADMIN=44667, RATIS_SERVER=44667, STANDALONE=45879], networkLocation: /default-rack, certSerialId: null, persistedOpState: IN_SERVICE, persistedOpStateExpiryEpochSec: 0}, 961e98b4-0515-4e33-9a5e-b87989e0967c{ip: 10.1.0.56, host: fv-az180-400.aibneqh1mxpuhl3tnnuy2ifbce.bx.internal.cloudapp.net, ports: [REPLICATION=32803, RATIS=45547, RATIS_ADMIN=45547, RATIS_SERVER=45547, STANDALONE=33243], networkLocation: /default-rack, certSerialId: null, persistedOpState: IN_SERVICE, persistedOpStateExpiryEpochSec: 0}, a36f0c9e-34c7-41e1-90e2-5c691522fdfd{ip: 10.1.0.56, host: fv-az180-400.aibneqh1mxpuhl3tnnuy2ifbce.bx.internal.cloudapp.net, ports: [REPLICATION=43001, RATIS=35103, RATIS_ADMIN=35103, RATIS_SERVER=35103, STANDALONE=34509], networkLocation: /default-rack, certSerialId: null, persistedOpState: IN_SERVICE, persistedOpStateExpiryEpochSec: 0}, a49fbcfb-f7dc-4282-aec4-a4f9f3e2b5ab{ip: 10.1.0.56, host: fv-az180-400.aibneqh1mxpuhl3tnnuy2ifbce.bx.internal.cloudapp.net, ports: [REPLICATION=41799, RATIS=37955, RATIS_ADMIN=37955, RATIS_SERVER=37955, STANDALONE=46377], networkLocation: /default-rack, certSerialId: null, persistedOpState: null, persistedOpStateExpiryEpochSec: 0}]
2022-11-18 13:06:08,459 [Under Replicated Processor] WARN  algorithms.SCMContainerPlacementRackScatter (SCMContainerPlacementRackScatter.java:chooseDatanodesInternal(281)) - Placement policy could not choose the enough nodes from available racks. Chosen nodes size from Unique Racks: 0, but required nodes to choose from Unique Racks: 1 do not match. Available racks count: 1, Excluded nodes count: 4
2022-11-18 13:06:08,459 [Under Replicated Processor] WARN  replication.ECUnderReplicationHandler (ECUnderReplicationHandler.java:processAndCreateCommands(252)) - Exception while processing for creating the EC reconstruction container commands for #8.
org.apache.hadoop.hdds.scm.exceptions.SCMException: Chosen nodes size from Unique Racks: 0, but required nodes to choose from Unique Racks: 1 do not match.
	at org.apache.hadoop.hdds.scm.container.placement.algorithms.SCMContainerPlacementRackScatter.chooseDatanodesInternal(SCMContainerPlacementRackScatter.java:286)
	at org.apache.hadoop.hdds.scm.SCMCommonPlacementPolicy.chooseDatanodes(SCMCommonPlacementPolicy.java:175)
	at org.apache.hadoop.hdds.scm.SCMCommonPlacementPolicy.chooseDatanodes(SCMCommonPlacementPolicy.java:117)
	at org.apache.hadoop.hdds.scm.container.replication.ECUnderReplicationHandler.getTargetDatanodes(ECUnderReplicationHandler.java:303)
	at org.apache.hadoop.hdds.scm.container.replication.ECUnderReplicationHandler.processAndCreateCommands(ECUnderReplicationHandler.java:186)
	at org.apache.hadoop.hdds.scm.container.replication.ReplicationManager.processUnderReplicatedContainer(ReplicationManager.java:483)
	at org.apache.hadoop.hdds.scm.container.replication.UnderReplicatedProcessor.processContainer(UnderReplicatedProcessor.java:99)
	at org.apache.hadoop.hdds.scm.container.replication.UnderReplicatedProcessor.processAll(UnderReplicatedProcessor.java:83)
	at org.apache.hadoop.hdds.scm.container.replication.UnderReplicatedProcessor.run(UnderReplicatedProcessor.java:144)
	at java.lang.Thread.run(Thread.java:750)
2022-11-18 13:06:08,459 [Under Replicated Processor] ERROR replication.UnderReplicatedProcessor (UnderReplicatedProcessor.java:processAll(86)) - Error processing under replicated container ContainerInfo{id=#8, state=CLOSED, pipelineID=PipelineID=67e84420-6fe2-43b6-bc4f-8bf4477b66f2, stateEnterTime=2022-11-18T13:05:28.764Z, owner=om1}
org.apache.hadoop.hdds.scm.exceptions.SCMException: Chosen nodes size from Unique Racks: 0, but required nodes to choose from Unique Racks: 1 do not match.
	at org.apache.hadoop.hdds.scm.container.placement.algorithms.SCMContainerPlacementRackScatter.chooseDatanodesInternal(SCMContainerPlacementRackScatter.java:286)
	at org.apache.hadoop.hdds.scm.SCMCommonPlacementPolicy.chooseDatanodes(SCMCommonPlacementPolicy.java:175)
	at org.apache.hadoop.hdds.scm.SCMCommonPlacementPolicy.chooseDatanodes(SCMCommonPlacementPolicy.java:117)
	at org.apache.hadoop.hdds.scm.container.replication.ECUnderReplicationHandler.getTargetDatanodes(ECUnderReplicationHandler.java:303)
	at org.apache.hadoop.hdds.scm.container.replication.ECUnderReplicationHandler.processAndCreateCommands(ECUnderReplicationHandler.java:186)
	at org.apache.hadoop.hdds.scm.container.replication.ReplicationManager.processUnderReplicatedContainer(ReplicationManager.java:483)
	at org.apache.hadoop.hdds.scm.container.replication.UnderReplicatedProcessor.processContainer(UnderReplicatedProcessor.java:99)
	at org.apache.hadoop.hdds.scm.container.replication.UnderReplicatedProcessor.processAll(UnderReplicatedProcessor.java:83)
	at org.apache.hadoop.hdds.scm.container.replication.UnderReplicatedProcessor.run(UnderReplicatedProcessor.java:144)
	at java.lang.Thread.run(Thread.java:750)
2022-11-18 13:06:08,459 [Under Replicated Processor] WARN  net.NetworkTopologyImpl (NetworkTopologyImpl.java:chooseNodeInternal(653)) - No available node in (scope="/default-rack" excludedScope="null" excludedNodes="[8ad84362-fca3-4a94-b029-55aaea538166{ip: 10.1.0.56, host: fv-az180-400.aibneqh1mxpuhl3tnnuy2ifbce.bx.internal.cloudapp.net, ports: [REPLICATION=45785, RATIS=38939, RATIS_ADMIN=38939, RATIS_SERVER=38939, STANDALONE=38791], networkLocation: /default-rack, certSerialId: null, persistedOpState: IN_SERVICE, persistedOpStateExpiryEpochSec: 0}, 1bb9cbb4-eec0-4324-8de7-fca776b53f2b{ip: 10.1.0.56, host: fv-az180-400.aibneqh1mxpuhl3tnnuy2ifbce.bx.internal.cloudapp.net, ports: [REPLICATION=45141, RATIS=44667, RATIS_ADMIN=44667, RATIS_SERVER=44667, STANDALONE=45879], networkLocation: /default-rack, certSerialId: null, persistedOpState: IN_SERVICE, persistedOpStateExpiryEpochSec: 0}, 961e98b4-0515-4e33-9a5e-b87989e0967c{ip: 10.1.0.56, host: fv-az180-400.aibneqh1mxpuhl3tnnuy2ifbce.bx.internal.cloudapp.net, ports: [REPLICATION=32803, RATIS=45547, RATIS_ADMIN=45547, RATIS_SERVER=45547, STANDALONE=33243], networkLocation: /default-rack, certSerialId: null, persistedOpState: IN_SERVICE, persistedOpStateExpiryEpochSec: 0}, a36f0c9e-34c7-41e1-90e2-5c691522fdfd{ip: 10.1.0.56, host: fv-az180-400.aibneqh1mxpuhl3tnnuy2ifbce.bx.internal.cloudapp.net, ports: [REPLICATION=43001, RATIS=35103, RATIS_ADMIN=35103, RATIS_SERVER=35103, STANDALONE=34509], networkLocation: /default-rack, certSerialId: null, persistedOpState: IN_SERVICE, persistedOpStateExpiryEpochSec: 0}, a49fbcfb-f7dc-4282-aec4-a4f9f3e2b5ab{ip: 10.1.0.56, host: fv-az180-400.aibneqh1mxpuhl3tnnuy2ifbce.bx.internal.cloudapp.net, ports: [REPLICATION=41799, RATIS=37955, RATIS_ADMIN=37955, RATIS_SERVER=37955, STANDALONE=46377], networkLocation: /default-rack, certSerialId: null, persistedOpState: null, persistedOpStateExpiryEpochSec: 0}]"  ancestorGen="0").
2022-11-18 13:06:08,459 [Under Replicated Processor] WARN  net.NetworkTopologyImpl (NetworkTopologyImpl.java:chooseNodeInternal(653)) - No available node in (scope="/default-rack" excludedScope="null" excludedNodes="[8ad84362-fca3-4a94-b029-55aaea538166{ip: 10.1.0.56, host: fv-az180-400.aibneqh1mxpuhl3tnnuy2ifbce.bx.internal.cloudapp.net, ports: [REPLICATION=45785, RATIS=38939, RATIS_ADMIN=38939, RATIS_SERVER=38939, STANDALONE=38791], networkLocation: /default-rack, certSerialId: null, persistedOpState: IN_SERVICE, persistedOpStateExpiryEpochSec: 0}, 1bb9cbb4-eec0-4324-8de7-fca776b53f2b{ip: 10.1.0.56, host: fv-az180-400.aibneqh1mxpuhl3tnnuy2ifbce.bx.internal.cloudapp.net, ports: [REPLICATION=45141, RATIS=44667, RATIS_ADMIN=44667, RATIS_SERVER=44667, STANDALONE=45879], networkLocation: /default-rack, certSerialId: null, persistedOpState: IN_SERVICE, persistedOpStateExpiryEpochSec: 0}, 961e98b4-0515-4e33-9a5e-b87989e0967c{ip: 10.1.0.56, host: fv-az180-400.aibneqh1mxpuhl3tnnuy2ifbce.bx.internal.cloudapp.net, ports: [REPLICATION=32803, RATIS=45547, RATIS_ADMIN=45547, RATIS_SERVER=45547, STANDALONE=33243], networkLocation: /default-rack, certSerialId: null, persistedOpState: IN_SERVICE, persistedOpStateExpiryEpochSec: 0}, a36f0c9e-34c7-41e1-90e2-5c691522fdfd{ip: 10.1.0.56, host: fv-az180-400.aibneqh1mxpuhl3tnnuy2ifbce.bx.internal.cloudapp.net, ports: [REPLICATION=43001, RATIS=35103, RATIS_ADMIN=35103, RATIS_SERVER=35103, STANDALONE=34509], networkLocation: /default-rack, certSerialId: null, persistedOpState: IN_SERVICE, persistedOpStateExpiryEpochSec: 0}, a49fbcfb-f7dc-4282-aec4-a4f9f3e2b5ab{ip: 10.1.0.56, host: fv-az180-400.aibneqh1mxpuhl3tnnuy2ifbce.bx.internal.cloudapp.net, ports: [REPLICATION=41799, RATIS=37955, RATIS_ADMIN=37955, RATIS_SERVER=37955, STANDALONE=46377], networkLocation: /default-rack, certSerialId: null, persistedOpState: null, persistedOpStateExpiryEpochSec: 0}]"  ancestorGen="0").
2022-11-18 13:06:08,459 [Under Replicated Processor] WARN  net.NetworkTopologyImpl (NetworkTopologyImpl.java:chooseNodeInternal(653)) - No available node in (scope="/default-rack" excludedScope="null" excludedNodes="[8ad84362-fca3-4a94-b029-55aaea538166{ip: 10.1.0.56, host: fv-az180-400.aibneqh1mxpuhl3tnnuy2ifbce.bx.internal.cloudapp.net, ports: [REPLICATION=45785, RATIS=38939, RATIS_ADMIN=38939, RATIS_SERVER=38939, STANDALONE=38791], networkLocation: /default-rack, certSerialId: null, persistedOpState: IN_SERVICE, persistedOpStateExpiryEpochSec: 0}, 1bb9cbb4-eec0-4324-8de7-fca776b53f2b{ip: 10.1.0.56, host: fv-az180-400.aibneqh1mxpuhl3tnnuy2ifbce.bx.internal.cloudapp.net, ports: [REPLICATION=45141, RATIS=44667, RATIS_ADMIN=44667, RATIS_SERVER=44667, STANDALONE=45879], networkLocation: /default-rack, certSerialId: null, persistedOpState: IN_SERVICE, persistedOpStateExpiryEpochSec: 0}, 961e98b4-0515-4e33-9a5e-b87989e0967c{ip: 10.1.0.56, host: fv-az180-400.aibneqh1mxpuhl3tnnuy2ifbce.bx.internal.cloudapp.net, ports: [REPLICATION=32803, RATIS=45547, RATIS_ADMIN=45547, RATIS_SERVER=45547, STANDALONE=33243], networkLocation: /default-rack, certSerialId: null, persistedOpState: IN_SERVICE, persistedOpStateExpiryEpochSec: 0}, a36f0c9e-34c7-41e1-90e2-5c691522fdfd{ip: 10.1.0.56, host: fv-az180-400.aibneqh1mxpuhl3tnnuy2ifbce.bx.internal.cloudapp.net, ports: [REPLICATION=43001, RATIS=35103, RATIS_ADMIN=35103, RATIS_SERVER=35103, STANDALONE=34509], networkLocation: /default-rack, certSerialId: null, persistedOpState: IN_SERVICE, persistedOpStateExpiryEpochSec: 0}, a49fbcfb-f7dc-4282-aec4-a4f9f3e2b5ab{ip: 10.1.0.56, host: fv-az180-400.aibneqh1mxpuhl3tnnuy2ifbce.bx.internal.cloudapp.net, ports: [REPLICATION=41799, RATIS=37955, RATIS_ADMIN=37955, RATIS_SERVER=37955, STANDALONE=46377], networkLocation: /default-rack, certSerialId: null, persistedOpState: null, persistedOpStateExpiryEpochSec: 0}]"  ancestorGen="0").
2022-11-18 13:06:08,459 [Under Replicated Processor] WARN  net.NetworkTopologyImpl (NetworkTopologyImpl.java:chooseNodeInternal(653)) - No available node in (scope="/default-rack" excludedScope="null" excludedNodes="[8ad84362-fca3-4a94-b029-55aaea538166{ip: 10.1.0.56, host: fv-az180-400.aibneqh1mxpuhl3tnnuy2ifbce.bx.internal.cloudapp.net, ports: [REPLICATION=45785, RATIS=38939, RATIS_ADMIN=38939, RATIS_SERVER=38939, STANDALONE=38791], networkLocation: /default-rack, certSerialId: null, persistedOpState: IN_SERVICE, persistedOpStateExpiryEpochSec: 0}, 1bb9cbb4-eec0-4324-8de7-fca776b53f2b{ip: 10.1.0.56, host: fv-az180-400.aibneqh1mxpuhl3tnnuy2ifbce.bx.internal.cloudapp.net, ports: [REPLICATION=45141, RATIS=44667, RATIS_ADMIN=44667, RATIS_SERVER=44667, STANDALONE=45879], networkLocation: /default-rack, certSerialId: null, persistedOpState: IN_SERVICE, persistedOpStateExpiryEpochSec: 0}, 961e98b4-0515-4e33-9a5e-b87989e0967c{ip: 10.1.0.56, host: fv-az180-400.aibneqh1mxpuhl3tnnuy2ifbce.bx.internal.cloudapp.net, ports: [REPLICATION=32803, RATIS=45547, RATIS_ADMIN=45547, RATIS_SERVER=45547, STANDALONE=33243], networkLocation: /default-rack, certSerialId: null, persistedOpState: IN_SERVICE, persistedOpStateExpiryEpochSec: 0}, a36f0c9e-34c7-41e1-90e2-5c691522fdfd{ip: 10.1.0.56, host: fv-az180-400.aibneqh1mxpuhl3tnnuy2ifbce.bx.internal.cloudapp.net, ports: [REPLICATION=43001, RATIS=35103, RATIS_ADMIN=35103, RATIS_SERVER=35103, STANDALONE=34509], networkLocation: /default-rack, certSerialId: null, persistedOpState: IN_SERVICE, persistedOpStateExpiryEpochSec: 0}, a49fbcfb-f7dc-4282-aec4-a4f9f3e2b5ab{ip: 10.1.0.56, host: fv-az180-400.aibneqh1mxpuhl3tnnuy2ifbce.bx.internal.cloudapp.net, ports: [REPLICATION=41799, RATIS=37955, RATIS_ADMIN=37955, RATIS_SERVER=37955, STANDALONE=46377], networkLocation: /default-rack, certSerialId: null, persistedOpState: null, persistedOpStateExpiryEpochSec: 0}]"  ancestorGen="0").
2022-11-18 13:06:08,460 [Under Replicated Processor] INFO  algorithms.SCMContainerPlacementRackScatter (SCMContainerPlacementRackScatter.java:chooseNode(379)) - No satisfied datanode to meet the constraints. Metadatadata size required: 0 Data size required: 5368709120, scope /default-rack, excluded nodes [8ad84362-fca3-4a94-b029-55aaea538166{ip: 10.1.0.56, host: fv-az180-400.aibneqh1mxpuhl3tnnuy2ifbce.bx.internal.cloudapp.net, ports: [REPLICATION=45785, RATIS=38939, RATIS_ADMIN=38939, RATIS_SERVER=38939, STANDALONE=38791], networkLocation: /default-rack, certSerialId: null, persistedOpState: IN_SERVICE, persistedOpStateExpiryEpochSec: 0}, 1bb9cbb4-eec0-4324-8de7-fca776b53f2b{ip: 10.1.0.56, host: fv-az180-400.aibneqh1mxpuhl3tnnuy2ifbce.bx.internal.cloudapp.net, ports: [REPLICATION=45141, RATIS=44667, RATIS_ADMIN=44667, RATIS_SERVER=44667, STANDALONE=45879], networkLocation: /default-rack, certSerialId: null, persistedOpState: IN_SERVICE, persistedOpStateExpiryEpochSec: 0}, 961e98b4-0515-4e33-9a5e-b87989e0967c{ip: 10.1.0.56, host: fv-az180-400.aibneqh1mxpuhl3tnnuy2ifbce.bx.internal.cloudapp.net, ports: [REPLICATION=32803, RATIS=45547, RATIS_ADMIN=45547, RATIS_SERVER=45547, STANDALONE=33243], networkLocation: /default-rack, certSerialId: null, persistedOpState: IN_SERVICE, persistedOpStateExpiryEpochSec: 0}, a36f0c9e-34c7-41e1-90e2-5c691522fdfd{ip: 10.1.0.56, host: fv-az180-400.aibneqh1mxpuhl3tnnuy2ifbce.bx.internal.cloudapp.net, ports: [REPLICATION=43001, RATIS=35103, RATIS_ADMIN=35103, RATIS_SERVER=35103, STANDALONE=34509], networkLocation: /default-rack, certSerialId: null, persistedOpState: IN_SERVICE, persistedOpStateExpiryEpochSec: 0}, a49fbcfb-f7dc-4282-aec4-a4f9f3e2b5ab{ip: 10.1.0.56, host: fv-az180-400.aibneqh1mxpuhl3tnnuy2ifbce.bx.internal.cloudapp.net, ports: [REPLICATION=41799, RATIS=37955, RATIS_ADMIN=37955, RATIS_SERVER=37955, STANDALONE=46377], networkLocation: /default-rack, certSerialId: null, persistedOpState: null, persistedOpStateExpiryEpochSec: 0}]
2022-11-18 13:06:08,460 [Under Replicated Processor] WARN  algorithms.SCMContainerPlacementRackScatter (SCMContainerPlacementRackScatter.java:chooseDatanodesInternal(281)) - Placement policy could not choose the enough nodes from available racks. Chosen nodes size from Unique Racks: 0, but required nodes to choose from Unique Racks: 1 do not match. Available racks count: 1, Excluded nodes count: 4
2022-11-18 13:06:08,460 [Under Replicated Processor] WARN  replication.ECUnderReplicationHandler (ECUnderReplicationHandler.java:processAndCreateCommands(252)) - Exception while processing for creating the EC reconstruction container commands for #8.
org.apache.hadoop.hdds.scm.exceptions.SCMException: Chosen nodes size from Unique Racks: 0, but required nodes to choose from Unique Racks: 1 do not match.
	at org.apache.hadoop.hdds.scm.container.placement.algorithms.SCMContainerPlacementRackScatter.chooseDatanodesInternal(SCMContainerPlacementRackScatter.java:286)
	at org.apache.hadoop.hdds.scm.SCMCommonPlacementPolicy.chooseDatanodes(SCMCommonPlacementPolicy.java:175)
	at org.apache.hadoop.hdds.scm.SCMCommonPlacementPolicy.chooseDatanodes(SCMCommonPlacementPolicy.java:117)
	at org.apache.hadoop.hdds.scm.container.replication.ECUnderReplicationHandler.getTargetDatanodes(ECUnderReplicationHandler.java:303)
	at org.apache.hadoop.hdds.scm.container.replication.ECUnderReplicationHandler.processAndCreateCommands(ECUnderReplicationHandler.java:186)
	at org.apache.hadoop.hdds.scm.container.replication.ReplicationManager.processUnderReplicatedContainer(ReplicationManager.java:483)
	at org.apache.hadoop.hdds.scm.container.replication.UnderReplicatedProcessor.processContainer(UnderReplicatedProcessor.java:99)
	at org.apache.hadoop.hdds.scm.container.replication.UnderReplicatedProcessor.processAll(UnderReplicatedProcessor.java:83)
	at org.apache.hadoop.hdds.scm.container.replication.UnderReplicatedProcessor.run(UnderReplicatedProcessor.java:144)
	at java.lang.Thread.run(Thread.java:750)
2022-11-18 13:06:08,460 [Under Replicated Processor] ERROR replication.UnderReplicatedProcessor (UnderReplicatedProcessor.java:processAll(86)) - Error processing under replicated container ContainerInfo{id=#8, state=CLOSED, pipelineID=PipelineID=67e84420-6fe2-43b6-bc4f-8bf4477b66f2, stateEnterTime=2022-11-18T13:05:28.764Z, owner=om1}
org.apache.hadoop.hdds.scm.exceptions.SCMException: Chosen nodes size from Unique Racks: 0, but required nodes to choose from Unique Racks: 1 do not match.
	at org.apache.hadoop.hdds.scm.container.placement.algorithms.SCMContainerPlacementRackScatter.chooseDatanodesInternal(SCMContainerPlacementRackScatter.java:286)
	at org.apache.hadoop.hdds.scm.SCMCommonPlacementPolicy.chooseDatanodes(SCMCommonPlacementPolicy.java:175)
	at org.apache.hadoop.hdds.scm.SCMCommonPlacementPolicy.chooseDatanodes(SCMCommonPlacementPolicy.java:117)
	at org.apache.hadoop.hdds.scm.container.replication.ECUnderReplicationHandler.getTargetDatanodes(ECUnderReplicationHandler.java:303)
	at org.apache.hadoop.hdds.scm.container.replication.ECUnderReplicationHandler.processAndCreateCommands(ECUnderReplicationHandler.java:186)
	at org.apache.hadoop.hdds.scm.container.replication.ReplicationManager.processUnderReplicatedContainer(ReplicationManager.java:483)
	at org.apache.hadoop.hdds.scm.container.replication.UnderReplicatedProcessor.processContainer(UnderReplicatedProcessor.java:99)
	at org.apache.hadoop.hdds.scm.container.replication.UnderReplicatedProcessor.processAll(UnderReplicatedProcessor.java:83)
	at org.apache.hadoop.hdds.scm.container.replication.UnderReplicatedProcessor.run(UnderReplicatedProcessor.java:144)
	at java.lang.Thread.run(Thread.java:750)
2022-11-18 13:06:08,460 [Under Replicated Processor] WARN  net.NetworkTopologyImpl (NetworkTopologyImpl.java:chooseNodeInternal(653)) - No available node in (scope="/default-rack" excludedScope="null" excludedNodes="[8ad84362-fca3-4a94-b029-55aaea538166{ip: 10.1.0.56, host: fv-az180-400.aibneqh1mxpuhl3tnnuy2ifbce.bx.internal.cloudapp.net, ports: [REPLICATION=45785, RATIS=38939, RATIS_ADMIN=38939, RATIS_SERVER=38939, STANDALONE=38791], networkLocation: /default-rack, certSerialId: null, persistedOpState: IN_SERVICE, persistedOpStateExpiryEpochSec: 0}, 1bb9cbb4-eec0-4324-8de7-fca776b53f2b{ip: 10.1.0.56, host: fv-az180-400.aibneqh1mxpuhl3tnnuy2ifbce.bx.internal.cloudapp.net, ports: [REPLICATION=45141, RATIS=44667, RATIS_ADMIN=44667, RATIS_SERVER=44667, STANDALONE=45879], networkLocation: /default-rack, certSerialId: null, persistedOpState: IN_SERVICE, persistedOpStateExpiryEpochSec: 0}, 961e98b4-0515-4e33-9a5e-b87989e0967c{ip: 10.1.0.56, host: fv-az180-400.aibneqh1mxpuhl3tnnuy2ifbce.bx.internal.cloudapp.net, ports: [REPLICATION=32803, RATIS=45547, RATIS_ADMIN=45547, RATIS_SERVER=45547, STANDALONE=33243], networkLocation: /default-rack, certSerialId: null, persistedOpState: IN_SERVICE, persistedOpStateExpiryEpochSec: 0}, a36f0c9e-34c7-41e1-90e2-5c691522fdfd{ip: 10.1.0.56, host: fv-az180-400.aibneqh1mxpuhl3tnnuy2ifbce.bx.internal.cloudapp.net, ports: [REPLICATION=43001, RATIS=35103, RATIS_ADMIN=35103, RATIS_SERVER=35103, STANDALONE=34509], networkLocation: /default-rack, certSerialId: null, persistedOpState: IN_SERVICE, persistedOpStateExpiryEpochSec: 0}, a49fbcfb-f7dc-4282-aec4-a4f9f3e2b5ab{ip: 10.1.0.56, host: fv-az180-400.aibneqh1mxpuhl3tnnuy2ifbce.bx.internal.cloudapp.net, ports: [REPLICATION=41799, RATIS=37955, RATIS_ADMIN=37955, RATIS_SERVER=37955, STANDALONE=46377], networkLocation: /default-rack, certSerialId: null, persistedOpState: null, persistedOpStateExpiryEpochSec: 0}]"  ancestorGen="0").
2022-11-18 13:06:08,460 [Under Replicated Processor] WARN  net.NetworkTopologyImpl (NetworkTopologyImpl.java:chooseNodeInternal(653)) - No available node in (scope="/default-rack" excludedScope="null" excludedNodes="[8ad84362-fca3-4a94-b029-55aaea538166{ip: 10.1.0.56, host: fv-az180-400.aibneqh1mxpuhl3tnnuy2ifbce.bx.internal.cloudapp.net, ports: [REPLICATION=45785, RATIS=38939, RATIS_ADMIN=38939, RATIS_SERVER=38939, STANDALONE=38791], networkLocation: /default-rack, certSerialId: null, persistedOpState: IN_SERVICE, persistedOpStateExpiryEpochSec: 0}, 1bb9cbb4-eec0-4324-8de7-fca776b53f2b{ip: 10.1.0.56, host: fv-az180-400.aibneqh1mxpuhl3tnnuy2ifbce.bx.internal.cloudapp.net, ports: [REPLICATION=45141, RATIS=44667, RATIS_ADMIN=44667, RATIS_SERVER=44667, STANDALONE=45879], networkLocation: /default-rack, certSerialId: null, persistedOpState: IN_SERVICE, persistedOpStateExpiryEpochSec: 0}, 961e98b4-0515-4e33-9a5e-b87989e0967c{ip: 10.1.0.56, host: fv-az180-400.aibneqh1mxpuhl3tnnuy2ifbce.bx.internal.cloudapp.net, ports: [REPLICATION=32803, RATIS=45547, RATIS_ADMIN=45547, RATIS_SERVER=45547, STANDALONE=33243], networkLocation: /default-rack, certSerialId: null, persistedOpState: IN_SERVICE, persistedOpStateExpiryEpochSec: 0}, a36f0c9e-34c7-41e1-90e2-5c691522fdfd{ip: 10.1.0.56, host: fv-az180-400.aibneqh1mxpuhl3tnnuy2ifbce.bx.internal.cloudapp.net, ports: [REPLICATION=43001, RATIS=35103, RATIS_ADMIN=35103, RATIS_SERVER=35103, STANDALONE=34509], networkLocation: /default-rack, certSerialId: null, persistedOpState: IN_SERVICE, persistedOpStateExpiryEpochSec: 0}, a49fbcfb-f7dc-4282-aec4-a4f9f3e2b5ab{ip: 10.1.0.56, host: fv-az180-400.aibneqh1mxpuhl3tnnuy2ifbce.bx.internal.cloudapp.net, ports: [REPLICATION=41799, RATIS=37955, RATIS_ADMIN=37955, RATIS_SERVER=37955, STANDALONE=46377], networkLocation: /default-rack, certSerialId: null, persistedOpState: null, persistedOpStateExpiryEpochSec: 0}]"  ancestorGen="0").
2022-11-18 13:06:08,460 [Under Replicated Processor] WARN  net.NetworkTopologyImpl (NetworkTopologyImpl.java:chooseNodeInternal(653)) - No available node in (scope="/default-rack" excludedScope="null" excludedNodes="[8ad84362-fca3-4a94-b029-55aaea538166{ip: 10.1.0.56, host: fv-az180-400.aibneqh1mxpuhl3tnnuy2ifbce.bx.internal.cloudapp.net, ports: [REPLICATION=45785, RATIS=38939, RATIS_ADMIN=38939, RATIS_SERVER=38939, STANDALONE=38791], networkLocation: /default-rack, certSerialId: null, persistedOpState: IN_SERVICE, persistedOpStateExpiryEpochSec: 0}, 1bb9cbb4-eec0-4324-8de7-fca776b53f2b{ip: 10.1.0.56, host: fv-az180-400.aibneqh1mxpuhl3tnnuy2ifbce.bx.internal.cloudapp.net, ports: [REPLICATION=45141, RATIS=44667, RATIS_ADMIN=44667, RATIS_SERVER=44667, STANDALONE=45879], networkLocation: /default-rack, certSerialId: null, persistedOpState: IN_SERVICE, persistedOpStateExpiryEpochSec: 0}, 961e98b4-0515-4e33-9a5e-b87989e0967c{ip: 10.1.0.56, host: fv-az180-400.aibneqh1mxpuhl3tnnuy2ifbce.bx.internal.cloudapp.net, ports: [REPLICATION=32803, RATIS=45547, RATIS_ADMIN=45547, RATIS_SERVER=45547, STANDALONE=33243], networkLocation: /default-rack, certSerialId: null, persistedOpState: IN_SERVICE, persistedOpStateExpiryEpochSec: 0}, a36f0c9e-34c7-41e1-90e2-5c691522fdfd{ip: 10.1.0.56, host: fv-az180-400.aibneqh1mxpuhl3tnnuy2ifbce.bx.internal.cloudapp.net, ports: [REPLICATION=43001, RATIS=35103, RATIS_ADMIN=35103, RATIS_SERVER=35103, STANDALONE=34509], networkLocation: /default-rack, certSerialId: null, persistedOpState: IN_SERVICE, persistedOpStateExpiryEpochSec: 0}, a49fbcfb-f7dc-4282-aec4-a4f9f3e2b5ab{ip: 10.1.0.56, host: fv-az180-400.aibneqh1mxpuhl3tnnuy2ifbce.bx.internal.cloudapp.net, ports: [REPLICATION=41799, RATIS=37955, RATIS_ADMIN=37955, RATIS_SERVER=37955, STANDALONE=46377], networkLocation: /default-rack, certSerialId: null, persistedOpState: null, persistedOpStateExpiryEpochSec: 0}]"  ancestorGen="0").
2022-11-18 13:06:08,460 [Under Replicated Processor] WARN  net.NetworkTopologyImpl (NetworkTopologyImpl.java:chooseNodeInternal(653)) - No available node in (scope="/default-rack" excludedScope="null" excludedNodes="[8ad84362-fca3-4a94-b029-55aaea538166{ip: 10.1.0.56, host: fv-az180-400.aibneqh1mxpuhl3tnnuy2ifbce.bx.internal.cloudapp.net, ports: [REPLICATION=45785, RATIS=38939, RATIS_ADMIN=38939, RATIS_SERVER=38939, STANDALONE=38791], networkLocation: /default-rack, certSerialId: null, persistedOpState: IN_SERVICE, persistedOpStateExpiryEpochSec: 0}, 1bb9cbb4-eec0-4324-8de7-fca776b53f2b{ip: 10.1.0.56, host: fv-az180-400.aibneqh1mxpuhl3tnnuy2ifbce.bx.internal.cloudapp.net, ports: [REPLICATION=45141, RATIS=44667, RATIS_ADMIN=44667, RATIS_SERVER=44667, STANDALONE=45879], networkLocation: /default-rack, certSerialId: null, persistedOpState: IN_SERVICE, persistedOpStateExpiryEpochSec: 0}, 961e98b4-0515-4e33-9a5e-b87989e0967c{ip: 10.1.0.56, host: fv-az180-400.aibneqh1mxpuhl3tnnuy2ifbce.bx.internal.cloudapp.net, ports: [REPLICATION=32803, RATIS=45547, RATIS_ADMIN=45547, RATIS_SERVER=45547, STANDALONE=33243], networkLocation: /default-rack, certSerialId: null, persistedOpState: IN_SERVICE, persistedOpStateExpiryEpochSec: 0}, a36f0c9e-34c7-41e1-90e2-5c691522fdfd{ip: 10.1.0.56, host: fv-az180-400.aibneqh1mxpuhl3tnnuy2ifbce.bx.internal.cloudapp.net, ports: [REPLICATION=43001, RATIS=35103, RATIS_ADMIN=35103, RATIS_SERVER=35103, STANDALONE=34509], networkLocation: /default-rack, certSerialId: null, persistedOpState: IN_SERVICE, persistedOpStateExpiryEpochSec: 0}, a49fbcfb-f7dc-4282-aec4-a4f9f3e2b5ab{ip: 10.1.0.56, host: fv-az180-400.aibneqh1mxpuhl3tnnuy2ifbce.bx.internal.cloudapp.net, ports: [REPLICATION=41799, RATIS=37955, RATIS_ADMIN=37955, RATIS_SERVER=37955, STANDALONE=46377], networkLocation: /default-rack, certSerialId: null, persistedOpState: null, persistedOpStateExpiryEpochSec: 0}]"  ancestorGen="0").
2022-11-18 13:06:08,460 [Under Replicated Processor] INFO  algorithms.SCMContainerPlacementRackScatter (SCMContainerPlacementRackScatter.java:chooseNode(379)) - No satisfied datanode to meet the constraints. Metadatadata size required: 0 Data size required: 5368709120, scope /default-rack, excluded nodes [8ad84362-fca3-4a94-b029-55aaea538166{ip: 10.1.0.56, host: fv-az180-400.aibneqh1mxpuhl3tnnuy2ifbce.bx.internal.cloudapp.net, ports: [REPLICATION=45785, RATIS=38939, RATIS_ADMIN=38939, RATIS_SERVER=38939, STANDALONE=38791], networkLocation: /default-rack, certSerialId: null, persistedOpState: IN_SERVICE, persistedOpStateExpiryEpochSec: 0}, 1bb9cbb4-eec0-4324-8de7-fca776b53f2b{ip: 10.1.0.56, host: fv-az180-400.aibneqh1mxpuhl3tnnuy2ifbce.bx.internal.cloudapp.net, ports: [REPLICATION=45141, RATIS=44667, RATIS_ADMIN=44667, RATIS_SERVER=44667, STANDALONE=45879], networkLocation: /default-rack, certSerialId: null, persistedOpState: IN_SERVICE, persistedOpStateExpiryEpochSec: 0}, 961e98b4-0515-4e33-9a5e-b87989e0967c{ip: 10.1.0.56, host: fv-az180-400.aibneqh1mxpuhl3tnnuy2ifbce.bx.internal.cloudapp.net, ports: [REPLICATION=32803, RATIS=45547, RATIS_ADMIN=45547, RATIS_SERVER=45547, STANDALONE=33243], networkLocation: /default-rack, certSerialId: null, persistedOpState: IN_SERVICE, persistedOpStateExpiryEpochSec: 0}, a36f0c9e-34c7-41e1-90e2-5c691522fdfd{ip: 10.1.0.56, host: fv-az180-400.aibneqh1mxpuhl3tnnuy2ifbce.bx.internal.cloudapp.net, ports: [REPLICATION=43001, RATIS=35103, RATIS_ADMIN=35103, RATIS_SERVER=35103, STANDALONE=34509], networkLocation: /default-rack, certSerialId: null, persistedOpState: IN_SERVICE, persistedOpStateExpiryEpochSec: 0}, a49fbcfb-f7dc-4282-aec4-a4f9f3e2b5ab{ip: 10.1.0.56, host: fv-az180-400.aibneqh1mxpuhl3tnnuy2ifbce.bx.internal.cloudapp.net, ports: [REPLICATION=41799, RATIS=37955, RATIS_ADMIN=37955, RATIS_SERVER=37955, STANDALONE=46377], networkLocation: /default-rack, certSerialId: null, persistedOpState: null, persistedOpStateExpiryEpochSec: 0}]
2022-11-18 13:06:08,461 [Under Replicated Processor] WARN  algorithms.SCMContainerPlacementRackScatter (SCMContainerPlacementRackScatter.java:chooseDatanodesInternal(281)) - Placement policy could not choose the enough nodes from available racks. Chosen nodes size from Unique Racks: 0, but required nodes to choose from Unique Racks: 1 do not match. Available racks count: 1, Excluded nodes count: 4
2022-11-18 13:06:08,461 [Under Replicated Processor] WARN  replication.ECUnderReplicationHandler (ECUnderReplicationHandler.java:processAndCreateCommands(252)) - Exception while processing for creating the EC reconstruction container commands for #8.
org.apache.hadoop.hdds.scm.exceptions.SCMException: Chosen nodes size from Unique Racks: 0, but required nodes to choose from Unique Racks: 1 do not match.
	at org.apache.hadoop.hdds.scm.container.placement.algorithms.SCMContainerPlacementRackScatter.chooseDatanodesInternal(SCMContainerPlacementRackScatter.java:286)
	at org.apache.hadoop.hdds.scm.SCMCommonPlacementPolicy.chooseDatanodes(SCMCommonPlacementPolicy.java:175)
	at org.apache.hadoop.hdds.scm.SCMCommonPlacementPolicy.chooseDatanodes(SCMCommonPlacementPolicy.java:117)
	at org.apache.hadoop.hdds.scm.container.replication.ECUnderReplicationHandler.getTargetDatanodes(ECUnderReplicationHandler.java:303)
	at org.apache.hadoop.hdds.scm.container.replication.ECUnderReplicationHandler.processAndCreateCommands(ECUnderReplicationHandler.java:186)
	at org.apache.hadoop.hdds.scm.container.replication.ReplicationManager.processUnderReplicatedContainer(ReplicationManager.java:483)
	at org.apache.hadoop.hdds.scm.container.replication.UnderReplicatedProcessor.processContainer(UnderReplicatedProcessor.java:99)
	at org.apache.hadoop.hdds.scm.container.replication.UnderReplicatedProcessor.processAll(UnderReplicatedProcessor.java:83)
	at org.apache.hadoop.hdds.scm.container.replication.UnderReplicatedProcessor.run(UnderReplicatedProcessor.java:144)
	at java.lang.Thread.run(Thread.java:750)
2022-11-18 13:06:08,461 [Under Replicated Processor] ERROR replication.UnderReplicatedProcessor (UnderReplicatedProcessor.java:processAll(86)) - Error processing under replicated container ContainerInfo{id=#8, state=CLOSED, pipelineID=PipelineID=67e84420-6fe2-43b6-bc4f-8bf4477b66f2, stateEnterTime=2022-11-18T13:05:28.764Z, owner=om1}
org.apache.hadoop.hdds.scm.exceptions.SCMException: Chosen nodes size from Unique Racks: 0, but required nodes to choose from Unique Racks: 1 do not match.
	at org.apache.hadoop.hdds.scm.container.placement.algorithms.SCMContainerPlacementRackScatter.chooseDatanodesInternal(SCMContainerPlacementRackScatter.java:286)
	at org.apache.hadoop.hdds.scm.SCMCommonPlacementPolicy.chooseDatanodes(SCMCommonPlacementPolicy.java:175)
	at org.apache.hadoop.hdds.scm.SCMCommonPlacementPolicy.chooseDatanodes(SCMCommonPlacementPolicy.java:117)
	at org.apache.hadoop.hdds.scm.container.replication.ECUnderReplicationHandler.getTargetDatanodes(ECUnderReplicationHandler.java:303)
	at org.apache.hadoop.hdds.scm.container.replication.ECUnderReplicationHandler.processAndCreateCommands(ECUnderReplicationHandler.java:186)
	at org.apache.hadoop.hdds.scm.container.replication.ReplicationManager.processUnderReplicatedContainer(ReplicationManager.java:483)
	at org.apache.hadoop.hdds.scm.container.replication.UnderReplicatedProcessor.processContainer(UnderReplicatedProcessor.java:99)
	at org.apache.hadoop.hdds.scm.container.replication.UnderReplicatedProcessor.processAll(UnderReplicatedProcessor.java:83)
	at org.apache.hadoop.hdds.scm.container.replication.UnderReplicatedProcessor.run(UnderReplicatedProcessor.java:144)
	at java.lang.Thread.run(Thread.java:750)
2022-11-18 13:06:08,461 [Under Replicated Processor] WARN  net.NetworkTopologyImpl (NetworkTopologyImpl.java:chooseNodeInternal(653)) - No available node in (scope="/default-rack" excludedScope="null" excludedNodes="[8ad84362-fca3-4a94-b029-55aaea538166{ip: 10.1.0.56, host: fv-az180-400.aibneqh1mxpuhl3tnnuy2ifbce.bx.internal.cloudapp.net, ports: [REPLICATION=45785, RATIS=38939, RATIS_ADMIN=38939, RATIS_SERVER=38939, STANDALONE=38791], networkLocation: /default-rack, certSerialId: null, persistedOpState: IN_SERVICE, persistedOpStateExpiryEpochSec: 0}, 1bb9cbb4-eec0-4324-8de7-fca776b53f2b{ip: 10.1.0.56, host: fv-az180-400.aibneqh1mxpuhl3tnnuy2ifbce.bx.internal.cloudapp.net, ports: [REPLICATION=45141, RATIS=44667, RATIS_ADMIN=44667, RATIS_SERVER=44667, STANDALONE=45879], networkLocation: /default-rack, certSerialId: null, persistedOpState: IN_SERVICE, persistedOpStateExpiryEpochSec: 0}, 961e98b4-0515-4e33-9a5e-b87989e0967c{ip: 10.1.0.56, host: fv-az180-400.aibneqh1mxpuhl3tnnuy2ifbce.bx.internal.cloudapp.net, ports: [REPLICATION=32803, RATIS=45547, RATIS_ADMIN=45547, RATIS_SERVER=45547, STANDALONE=33243], networkLocation: /default-rack, certSerialId: null, persistedOpState: IN_SERVICE, persistedOpStateExpiryEpochSec: 0}, a36f0c9e-34c7-41e1-90e2-5c691522fdfd{ip: 10.1.0.56, host: fv-az180-400.aibneqh1mxpuhl3tnnuy2ifbce.bx.internal.cloudapp.net, ports: [REPLICATION=43001, RATIS=35103, RATIS_ADMIN=35103, RATIS_SERVER=35103, STANDALONE=34509], networkLocation: /default-rack, certSerialId: null, persistedOpState: IN_SERVICE, persistedOpStateExpiryEpochSec: 0}, a49fbcfb-f7dc-4282-aec4-a4f9f3e2b5ab{ip: 10.1.0.56, host: fv-az180-400.aibneqh1mxpuhl3tnnuy2ifbce.bx.internal.cloudapp.net, ports: [REPLICATION=41799, RATIS=37955, RATIS_ADMIN=37955, RATIS_SERVER=37955, STANDALONE=46377], networkLocation: /default-rack, certSerialId: null, persistedOpState: null, persistedOpStateExpiryEpochSec: 0}]"  ancestorGen="0").
2022-11-18 13:06:08,461 [Under Replicated Processor] WARN  net.NetworkTopologyImpl (NetworkTopologyImpl.java:chooseNodeInternal(653)) - No available node in (scope="/default-rack" excludedScope="null" excludedNodes="[8ad84362-fca3-4a94-b029-55aaea538166{ip: 10.1.0.56, host: fv-az180-400.aibneqh1mxpuhl3tnnuy2ifbce.bx.internal.cloudapp.net, ports: [REPLICATION=45785, RATIS=38939, RATIS_ADMIN=38939, RATIS_SERVER=38939, STANDALONE=38791], networkLocation: /default-rack, certSerialId: null, persistedOpState: IN_SERVICE, persistedOpStateExpiryEpochSec: 0}, 1bb9cbb4-eec0-4324-8de7-fca776b53f2b{ip: 10.1.0.56, host: fv-az180-400.aibneqh1mxpuhl3tnnuy2ifbce.bx.internal.cloudapp.net, ports: [REPLICATION=45141, RATIS=44667, RATIS_ADMIN=44667, RATIS_SERVER=44667, STANDALONE=45879], networkLocation: /default-rack, certSerialId: null, persistedOpState: IN_SERVICE, persistedOpStateExpiryEpochSec: 0}, 961e98b4-0515-4e33-9a5e-b87989e0967c{ip: 10.1.0.56, host: fv-az180-400.aibneqh1mxpuhl3tnnuy2ifbce.bx.internal.cloudapp.net, ports: [REPLICATION=32803, RATIS=45547, RATIS_ADMIN=45547, RATIS_SERVER=45547, STANDALONE=33243], networkLocation: /default-rack, certSerialId: null, persistedOpState: IN_SERVICE, persistedOpStateExpiryEpochSec: 0}, a36f0c9e-34c7-41e1-90e2-5c691522fdfd{ip: 10.1.0.56, host: fv-az180-400.aibneqh1mxpuhl3tnnuy2ifbce.bx.internal.cloudapp.net, ports: [REPLICATION=43001, RATIS=35103, RATIS_ADMIN=35103, RATIS_SERVER=35103, STANDALONE=34509], networkLocation: /default-rack, certSerialId: null, persistedOpState: IN_SERVICE, persistedOpStateExpiryEpochSec: 0}, a49fbcfb-f7dc-4282-aec4-a4f9f3e2b5ab{ip: 10.1.0.56, host: fv-az180-400.aibneqh1mxpuhl3tnnuy2ifbce.bx.internal.cloudapp.net, ports: [REPLICATION=41799, RATIS=37955, RATIS_ADMIN=37955, RATIS_SERVER=37955, STANDALONE=46377], networkLocation: /default-rack, certSerialId: null, persistedOpState: null, persistedOpStateExpiryEpochSec: 0}]"  ancestorGen="0").
2022-11-18 13:06:08,461 [Under Replicated Processor] WARN  net.NetworkTopologyImpl (NetworkTopologyImpl.java:chooseNodeInternal(653)) - No available node in (scope="/default-rack" excludedScope="null" excludedNodes="[8ad84362-fca3-4a94-b029-55aaea538166{ip: 10.1.0.56, host: fv-az180-400.aibneqh1mxpuhl3tnnuy2ifbce.bx.internal.cloudapp.net, ports: [REPLICATION=45785, RATIS=38939, RATIS_ADMIN=38939, RATIS_SERVER=38939, STANDALONE=38791], networkLocation: /default-rack, certSerialId: null, persistedOpState: IN_SERVICE, persistedOpStateExpiryEpochSec: 0}, 1bb9cbb4-eec0-4324-8de7-fca776b53f2b{ip: 10.1.0.56, host: fv-az180-400.aibneqh1mxpuhl3tnnuy2ifbce.bx.internal.cloudapp.net, ports: [REPLICATION=45141, RATIS=44667, RATIS_ADMIN=44667, RATIS_SERVER=44667, STANDALONE=45879], networkLocation: /default-rack, certSerialId: null, persistedOpState: IN_SERVICE, persistedOpStateExpiryEpochSec: 0}, 961e98b4-0515-4e33-9a5e-b87989e0967c{ip: 10.1.0.56, host: fv-az180-400.aibneqh1mxpuhl3tnnuy2ifbce.bx.internal.cloudapp.net, ports: [REPLICATION=32803, RATIS=45547, RATIS_ADMIN=45547, RATIS_SERVER=45547, STANDALONE=33243], networkLocation: /default-rack, certSerialId: null, persistedOpState: IN_SERVICE, persistedOpStateExpiryEpochSec: 0}, a36f0c9e-34c7-41e1-90e2-5c691522fdfd{ip: 10.1.0.56, host: fv-az180-400.aibneqh1mxpuhl3tnnuy2ifbce.bx.internal.cloudapp.net, ports: [REPLICATION=43001, RATIS=35103, RATIS_ADMIN=35103, RATIS_SERVER=35103, STANDALONE=34509], networkLocation: /default-rack, certSerialId: null, persistedOpState: IN_SERVICE, persistedOpStateExpiryEpochSec: 0}, a49fbcfb-f7dc-4282-aec4-a4f9f3e2b5ab{ip: 10.1.0.56, host: fv-az180-400.aibneqh1mxpuhl3tnnuy2ifbce.bx.internal.cloudapp.net, ports: [REPLICATION=41799, RATIS=37955, RATIS_ADMIN=37955, RATIS_SERVER=37955, STANDALONE=46377], networkLocation: /default-rack, certSerialId: null, persistedOpState: null, persistedOpStateExpiryEpochSec: 0}]"  ancestorGen="0").
2022-11-18 13:06:08,461 [Under Replicated Processor] WARN  net.NetworkTopologyImpl (NetworkTopologyImpl.java:chooseNodeInternal(653)) - No available node in (scope="/default-rack" excludedScope="null" excludedNodes="[8ad84362-fca3-4a94-b029-55aaea538166{ip: 10.1.0.56, host: fv-az180-400.aibneqh1mxpuhl3tnnuy2ifbce.bx.internal.cloudapp.net, ports: [REPLICATION=45785, RATIS=38939, RATIS_ADMIN=38939, RATIS_SERVER=38939, STANDALONE=38791], networkLocation: /default-rack, certSerialId: null, persistedOpState: IN_SERVICE, persistedOpStateExpiryEpochSec: 0}, 1bb9cbb4-eec0-4324-8de7-fca776b53f2b{ip: 10.1.0.56, host: fv-az180-400.aibneqh1mxpuhl3tnnuy2ifbce.bx.internal.cloudapp.net, ports: [REPLICATION=45141, RATIS=44667, RATIS_ADMIN=44667, RATIS_SERVER=44667, STANDALONE=45879], networkLocation: /default-rack, certSerialId: null, persistedOpState: IN_SERVICE, persistedOpStateExpiryEpochSec: 0}, 961e98b4-0515-4e33-9a5e-b87989e0967c{ip: 10.1.0.56, host: fv-az180-400.aibneqh1mxpuhl3tnnuy2ifbce.bx.internal.cloudapp.net, ports: [REPLICATION=32803, RATIS=45547, RATIS_ADMIN=45547, RATIS_SERVER=45547, STANDALONE=33243], networkLocation: /default-rack, certSerialId: null, persistedOpState: IN_SERVICE, persistedOpStateExpiryEpochSec: 0}, a36f0c9e-34c7-41e1-90e2-5c691522fdfd{ip: 10.1.0.56, host: fv-az180-400.aibneqh1mxpuhl3tnnuy2ifbce.bx.internal.cloudapp.net, ports: [REPLICATION=43001, RATIS=35103, RATIS_ADMIN=35103, RATIS_SERVER=35103, STANDALONE=34509], networkLocation: /default-rack, certSerialId: null, persistedOpState: IN_SERVICE, persistedOpStateExpiryEpochSec: 0}, a49fbcfb-f7dc-4282-aec4-a4f9f3e2b5ab{ip: 10.1.0.56, host: fv-az180-400.aibneqh1mxpuhl3tnnuy2ifbce.bx.internal.cloudapp.net, ports: [REPLICATION=41799, RATIS=37955, RATIS_ADMIN=37955, RATIS_SERVER=37955, STANDALONE=46377], networkLocation: /default-rack, certSerialId: null, persistedOpState: null, persistedOpStateExpiryEpochSec: 0}]"  ancestorGen="0").
2022-11-18 13:06:08,461 [Under Replicated Processor] INFO  algorithms.SCMContainerPlacementRackScatter (SCMContainerPlacementRackScatter.java:chooseNode(379)) - No satisfied datanode to meet the constraints. Metadatadata size required: 0 Data size required: 5368709120, scope /default-rack, excluded nodes [8ad84362-fca3-4a94-b029-55aaea538166{ip: 10.1.0.56, host: fv-az180-400.aibneqh1mxpuhl3tnnuy2ifbce.bx.internal.cloudapp.net, ports: [REPLICATION=45785, RATIS=38939, RATIS_ADMIN=38939, RATIS_SERVER=38939, STANDALONE=38791], networkLocation: /default-rack, certSerialId: null, persistedOpState: IN_SERVICE, persistedOpStateExpiryEpochSec: 0}, 1bb9cbb4-eec0-4324-8de7-fca776b53f2b{ip: 10.1.0.56, host: fv-az180-400.aibneqh1mxpuhl3tnnuy2ifbce.bx.internal.cloudapp.net, ports: [REPLICATION=45141, RATIS=44667, RATIS_ADMIN=44667, RATIS_SERVER=44667, STANDALONE=45879], networkLocation: /default-rack, certSerialId: null, persistedOpState: IN_SERVICE, persistedOpStateExpiryEpochSec: 0}, 961e98b4-0515-4e33-9a5e-b87989e0967c{ip: 10.1.0.56, host: fv-az180-400.aibneqh1mxpuhl3tnnuy2ifbce.bx.internal.cloudapp.net, ports: [REPLICATION=32803, RATIS=45547, RATIS_ADMIN=45547, RATIS_SERVER=45547, STANDALONE=33243], networkLocation: /default-rack, certSerialId: null, persistedOpState: IN_SERVICE, persistedOpStateExpiryEpochSec: 0}, a36f0c9e-34c7-41e1-90e2-5c691522fdfd{ip: 10.1.0.56, host: fv-az180-400.aibneqh1mxpuhl3tnnuy2ifbce.bx.internal.cloudapp.net, ports: [REPLICATION=43001, RATIS=35103, RATIS_ADMIN=35103, RATIS_SERVER=35103, STANDALONE=34509], networkLocation: /default-rack, certSerialId: null, persistedOpState: IN_SERVICE, persistedOpStateExpiryEpochSec: 0}, a49fbcfb-f7dc-4282-aec4-a4f9f3e2b5ab{ip: 10.1.0.56, host: fv-az180-400.aibneqh1mxpuhl3tnnuy2ifbce.bx.internal.cloudapp.net, ports: [REPLICATION=41799, RATIS=37955, RATIS_ADMIN=37955, RATIS_SERVER=37955, STANDALONE=46377], networkLocation: /default-rack, certSerialId: null, persistedOpState: null, persistedOpStateExpiryEpochSec: 0}]
2022-11-18 13:06:08,462 [Under Replicated Processor] WARN  algorithms.SCMContainerPlacementRackScatter (SCMContainerPlacementRackScatter.java:chooseDatanodesInternal(281)) - Placement policy could not choose the enough nodes from available racks. Chosen nodes size from Unique Racks: 0, but required nodes to choose from Unique Racks: 1 do not match. Available racks count: 1, Excluded nodes count: 4
2022-11-18 13:06:08,462 [Under Replicated Processor] WARN  replication.ECUnderReplicationHandler (ECUnderReplicationHandler.java:processAndCreateCommands(252)) - Exception while processing for creating the EC reconstruction container commands for #8.
org.apache.hadoop.hdds.scm.exceptions.SCMException: Chosen nodes size from Unique Racks: 0, but required nodes to choose from Unique Racks: 1 do not match.
	at org.apache.hadoop.hdds.scm.container.placement.algorithms.SCMContainerPlacementRackScatter.chooseDatanodesInternal(SCMContainerPlacementRackScatter.java:286)
	at org.apache.hadoop.hdds.scm.SCMCommonPlacementPolicy.chooseDatanodes(SCMCommonPlacementPolicy.java:175)
	at org.apache.hadoop.hdds.scm.SCMCommonPlacementPolicy.chooseDatanodes(SCMCommonPlacementPolicy.java:117)
	at org.apache.hadoop.hdds.scm.container.replication.ECUnderReplicationHandler.getTargetDatanodes(ECUnderReplicationHandler.java:303)
	at org.apache.hadoop.hdds.scm.container.replication.ECUnderReplicationHandler.processAndCreateCommands(ECUnderReplicationHandler.java:186)
	at org.apache.hadoop.hdds.scm.container.replication.ReplicationManager.processUnderReplicatedContainer(ReplicationManager.java:483)
	at org.apache.hadoop.hdds.scm.container.replication.UnderReplicatedProcessor.processContainer(UnderReplicatedProcessor.java:99)
	at org.apache.hadoop.hdds.scm.container.replication.UnderReplicatedProcessor.processAll(UnderReplicatedProcessor.java:83)
	at org.apache.hadoop.hdds.scm.container.replication.UnderReplicatedProcessor.run(UnderReplicatedProcessor.java:144)
	at java.lang.Thread.run(Thread.java:750)
2022-11-18 13:06:08,462 [Under Replicated Processor] ERROR replication.UnderReplicatedProcessor (UnderReplicatedProcessor.java:processAll(86)) - Error processing under replicated container ContainerInfo{id=#8, state=CLOSED, pipelineID=PipelineID=67e84420-6fe2-43b6-bc4f-8bf4477b66f2, stateEnterTime=2022-11-18T13:05:28.764Z, owner=om1}
org.apache.hadoop.hdds.scm.exceptions.SCMException: Chosen nodes size from Unique Racks: 0, but required nodes to choose from Unique Racks: 1 do not match.
	at org.apache.hadoop.hdds.scm.container.placement.algorithms.SCMContainerPlacementRackScatter.chooseDatanodesInternal(SCMContainerPlacementRackScatter.java:286)
	at org.apache.hadoop.hdds.scm.SCMCommonPlacementPolicy.chooseDatanodes(SCMCommonPlacementPolicy.java:175)
	at org.apache.hadoop.hdds.scm.SCMCommonPlacementPolicy.chooseDatanodes(SCMCommonPlacementPolicy.java:117)
	at org.apache.hadoop.hdds.scm.container.replication.ECUnderReplicationHandler.getTargetDatanodes(ECUnderReplicationHandler.java:303)
	at org.apache.hadoop.hdds.scm.container.replication.ECUnderReplicationHandler.processAndCreateCommands(ECUnderReplicationHandler.java:186)
	at org.apache.hadoop.hdds.scm.container.replication.ReplicationManager.processUnderReplicatedContainer(ReplicationManager.java:483)
	at org.apache.hadoop.hdds.scm.container.replication.UnderReplicatedProcessor.processContainer(UnderReplicatedProcessor.java:99)
	at org.apache.hadoop.hdds.scm.container.replication.UnderReplicatedProcessor.processAll(UnderReplicatedProcessor.java:83)
	at org.apache.hadoop.hdds.scm.container.replication.UnderReplicatedProcessor.run(UnderReplicatedProcessor.java:144)
	at java.lang.Thread.run(Thread.java:750)
2022-11-18 13:06:08,462 [Under Replicated Processor] WARN  net.NetworkTopologyImpl (NetworkTopologyImpl.java:chooseNodeInternal(653)) - No available node in (scope="/default-rack" excludedScope="null" excludedNodes="[8ad84362-fca3-4a94-b029-55aaea538166{ip: 10.1.0.56, host: fv-az180-400.aibneqh1mxpuhl3tnnuy2ifbce.bx.internal.cloudapp.net, ports: [REPLICATION=45785, RATIS=38939, RATIS_ADMIN=38939, RATIS_SERVER=38939, STANDALONE=38791], networkLocation: /default-rack, certSerialId: null, persistedOpState: IN_SERVICE, persistedOpStateExpiryEpochSec: 0}, 1bb9cbb4-eec0-4324-8de7-fca776b53f2b{ip: 10.1.0.56, host: fv-az180-400.aibneqh1mxpuhl3tnnuy2ifbce.bx.internal.cloudapp.net, ports: [REPLICATION=45141, RATIS=44667, RATIS_ADMIN=44667, RATIS_SERVER=44667, STANDALONE=45879], networkLocation: /default-rack, certSerialId: null, persistedOpState: IN_SERVICE, persistedOpStateExpiryEpochSec: 0}, 961e98b4-0515-4e33-9a5e-b87989e0967c{ip: 10.1.0.56, host: fv-az180-400.aibneqh1mxpuhl3tnnuy2ifbce.bx.internal.cloudapp.net, ports: [REPLICATION=32803, RATIS=45547, RATIS_ADMIN=45547, RATIS_SERVER=45547, STANDALONE=33243], networkLocation: /default-rack, certSerialId: null, persistedOpState: IN_SERVICE, persistedOpStateExpiryEpochSec: 0}, a36f0c9e-34c7-41e1-90e2-5c691522fdfd{ip: 10.1.0.56, host: fv-az180-400.aibneqh1mxpuhl3tnnuy2ifbce.bx.internal.cloudapp.net, ports: [REPLICATION=43001, RATIS=35103, RATIS_ADMIN=35103, RATIS_SERVER=35103, STANDALONE=34509], networkLocation: /default-rack, certSerialId: null, persistedOpState: IN_SERVICE, persistedOpStateExpiryEpochSec: 0}, a49fbcfb-f7dc-4282-aec4-a4f9f3e2b5ab{ip: 10.1.0.56, host: fv-az180-400.aibneqh1mxpuhl3tnnuy2ifbce.bx.internal.cloudapp.net, ports: [REPLICATION=41799, RATIS=37955, RATIS_ADMIN=37955, RATIS_SERVER=37955, STANDALONE=46377], networkLocation: /default-rack, certSerialId: null, persistedOpState: null, persistedOpStateExpiryEpochSec: 0}]"  ancestorGen="0").
2022-11-18 13:06:08,462 [Under Replicated Processor] WARN  net.NetworkTopologyImpl (NetworkTopologyImpl.java:chooseNodeInternal(653)) - No available node in (scope="/default-rack" excludedScope="null" excludedNodes="[8ad84362-fca3-4a94-b029-55aaea538166{ip: 10.1.0.56, host: fv-az180-400.aibneqh1mxpuhl3tnnuy2ifbce.bx.internal.cloudapp.net, ports: [REPLICATION=45785, RATIS=38939, RATIS_ADMIN=38939, RATIS_SERVER=38939, STANDALONE=38791], networkLocation: /default-rack, certSerialId: null, persistedOpState: IN_SERVICE, persistedOpStateExpiryEpochSec: 0}, 1bb9cbb4-eec0-4324-8de7-fca776b53f2b{ip: 10.1.0.56, host: fv-az180-400.aibneqh1mxpuhl3tnnuy2ifbce.bx.internal.cloudapp.net, ports: [REPLICATION=45141, RATIS=44667, RATIS_ADMIN=44667, RATIS_SERVER=44667, STANDALONE=45879], networkLocation: /default-rack, certSerialId: null, persistedOpState: IN_SERVICE, persistedOpStateExpiryEpochSec: 0}, 961e98b4-0515-4e33-9a5e-b87989e0967c{ip: 10.1.0.56, host: fv-az180-400.aibneqh1mxpuhl3tnnuy2ifbce.bx.internal.cloudapp.net, ports: [REPLICATION=32803, RATIS=45547, RATIS_ADMIN=45547, RATIS_SERVER=45547, STANDALONE=33243], networkLocation: /default-rack, certSerialId: null, persistedOpState: IN_SERVICE, persistedOpStateExpiryEpochSec: 0}, a36f0c9e-34c7-41e1-90e2-5c691522fdfd{ip: 10.1.0.56, host: fv-az180-400.aibneqh1mxpuhl3tnnuy2ifbce.bx.internal.cloudapp.net, ports: [REPLICATION=43001, RATIS=35103, RATIS_ADMIN=35103, RATIS_SERVER=35103, STANDALONE=34509], networkLocation: /default-rack, certSerialId: null, persistedOpState: IN_SERVICE, persistedOpStateExpiryEpochSec: 0}, a49fbcfb-f7dc-4282-aec4-a4f9f3e2b5ab{ip: 10.1.0.56, host: fv-az180-400.aibneqh1mxpuhl3tnnuy2ifbce.bx.internal.cloudapp.net, ports: [REPLICATION=41799, RATIS=37955, RATIS_ADMIN=37955, RATIS_SERVER=37955, STANDALONE=46377], networkLocation: /default-rack, certSerialId: null, persistedOpState: null, persistedOpStateExpiryEpochSec: 0}]"  ancestorGen="0").
2022-11-18 13:06:08,462 [Under Replicated Processor] WARN  net.NetworkTopologyImpl (NetworkTopologyImpl.java:chooseNodeInternal(653)) - No available node in (scope="/default-rack" excludedScope="null" excludedNodes="[8ad84362-fca3-4a94-b029-55aaea538166{ip: 10.1.0.56, host: fv-az180-400.aibneqh1mxpuhl3tnnuy2ifbce.bx.internal.cloudapp.net, ports: [REPLICATION=45785, RATIS=38939, RATIS_ADMIN=38939, RATIS_SERVER=38939, STANDALONE=38791], networkLocation: /default-rack, certSerialId: null, persistedOpState: IN_SERVICE, persistedOpStateExpiryEpochSec: 0}, 1bb9cbb4-eec0-4324-8de7-fca776b53f2b{ip: 10.1.0.56, host: fv-az180-400.aibneqh1mxpuhl3tnnuy2ifbce.bx.internal.cloudapp.net, ports: [REPLICATION=45141, RATIS=44667, RATIS_ADMIN=44667, RATIS_SERVER=44667, STANDALONE=45879], networkLocation: /default-rack, certSerialId: null, persistedOpState: IN_SERVICE, persistedOpStateExpiryEpochSec: 0}, 961e98b4-0515-4e33-9a5e-b87989e0967c{ip: 10.1.0.56, host: fv-az180-400.aibneqh1mxpuhl3tnnuy2ifbce.bx.internal.cloudapp.net, ports: [REPLICATION=32803, RATIS=45547, RATIS_ADMIN=45547, RATIS_SERVER=45547, STANDALONE=33243], networkLocation: /default-rack, certSerialId: null, persistedOpState: IN_SERVICE, persistedOpStateExpiryEpochSec: 0}, a36f0c9e-34c7-41e1-90e2-5c691522fdfd{ip: 10.1.0.56, host: fv-az180-400.aibneqh1mxpuhl3tnnuy2ifbce.bx.internal.cloudapp.net, ports: [REPLICATION=43001, RATIS=35103, RATIS_ADMIN=35103, RATIS_SERVER=35103, STANDALONE=34509], networkLocation: /default-rack, certSerialId: null, persistedOpState: IN_SERVICE, persistedOpStateExpiryEpochSec: 0}, a49fbcfb-f7dc-4282-aec4-a4f9f3e2b5ab{ip: 10.1.0.56, host: fv-az180-400.aibneqh1mxpuhl3tnnuy2ifbce.bx.internal.cloudapp.net, ports: [REPLICATION=41799, RATIS=37955, RATIS_ADMIN=37955, RATIS_SERVER=37955, STANDALONE=46377], networkLocation: /default-rack, certSerialId: null, persistedOpState: null, persistedOpStateExpiryEpochSec: 0}]"  ancestorGen="0").
2022-11-18 13:06:08,462 [Under Replicated Processor] WARN  net.NetworkTopologyImpl (NetworkTopologyImpl.java:chooseNodeInternal(653)) - No available node in (scope="/default-rack" excludedScope="null" excludedNodes="[8ad84362-fca3-4a94-b029-55aaea538166{ip: 10.1.0.56, host: fv-az180-400.aibneqh1mxpuhl3tnnuy2ifbce.bx.internal.cloudapp.net, ports: [REPLICATION=45785, RATIS=38939, RATIS_ADMIN=38939, RATIS_SERVER=38939, STANDALONE=38791], networkLocation: /default-rack, certSerialId: null, persistedOpState: IN_SERVICE, persistedOpStateExpiryEpochSec: 0}, 1bb9cbb4-eec0-4324-8de7-fca776b53f2b{ip: 10.1.0.56, host: fv-az180-400.aibneqh1mxpuhl3tnnuy2ifbce.bx.internal.cloudapp.net, ports: [REPLICATION=45141, RATIS=44667, RATIS_ADMIN=44667, RATIS_SERVER=44667, STANDALONE=45879], networkLocation: /default-rack, certSerialId: null, persistedOpState: IN_SERVICE, persistedOpStateExpiryEpochSec: 0}, 961e98b4-0515-4e33-9a5e-b87989e0967c{ip: 10.1.0.56, host: fv-az180-400.aibneqh1mxpuhl3tnnuy2ifbce.bx.internal.cloudapp.net, ports: [REPLICATION=32803, RATIS=45547, RATIS_ADMIN=45547, RATIS_SERVER=45547, STANDALONE=33243], networkLocation: /default-rack, certSerialId: null, persistedOpState: IN_SERVICE, persistedOpStateExpiryEpochSec: 0}, a36f0c9e-34c7-41e1-90e2-5c691522fdfd{ip: 10.1.0.56, host: fv-az180-400.aibneqh1mxpuhl3tnnuy2ifbce.bx.internal.cloudapp.net, ports: [REPLICATION=43001, RATIS=35103, RATIS_ADMIN=35103, RATIS_SERVER=35103, STANDALONE=34509], networkLocation: /default-rack, certSerialId: null, persistedOpState: IN_SERVICE, persistedOpStateExpiryEpochSec: 0}, a49fbcfb-f7dc-4282-aec4-a4f9f3e2b5ab{ip: 10.1.0.56, host: fv-az180-400.aibneqh1mxpuhl3tnnuy2ifbce.bx.internal.cloudapp.net, ports: [REPLICATION=41799, RATIS=37955, RATIS_ADMIN=37955, RATIS_SERVER=37955, STANDALONE=46377], networkLocation: /default-rack, certSerialId: null, persistedOpState: null, persistedOpStateExpiryEpochSec: 0}]"  ancestorGen="0").
2022-11-18 13:06:08,462 [Under Replicated Processor] INFO  algorithms.SCMContainerPlacementRackScatter (SCMContainerPlacementRackScatter.java:chooseNode(379)) - No satisfied datanode to meet the constraints. Metadatadata size required: 0 Data size required: 5368709120, scope /default-rack, excluded nodes [8ad84362-fca3-4a94-b029-55aaea538166{ip: 10.1.0.56, host: fv-az180-400.aibneqh1mxpuhl3tnnuy2ifbce.bx.internal.cloudapp.net, ports: [REPLICATION=45785, RATIS=38939, RATIS_ADMIN=38939, RATIS_SERVER=38939, STANDALONE=38791], networkLocation: /default-rack, certSerialId: null, persistedOpState: IN_SERVICE, persistedOpStateExpiryEpochSec: 0}, 1bb9cbb4-eec0-4324-8de7-fca776b53f2b{ip: 10.1.0.56, host: fv-az180-400.aibneqh1mxpuhl3tnnuy2ifbce.bx.internal.cloudapp.net, ports: [REPLICATION=45141, RATIS=44667, RATIS_ADMIN=44667, RATIS_SERVER=44667, STANDALONE=45879], networkLocation: /default-rack, certSerialId: null, persistedOpState: IN_SERVICE, persistedOpStateExpiryEpochSec: 0}, 961e98b4-0515-4e33-9a5e-b87989e0967c{ip: 10.1.0.56, host: fv-az180-400.aibneqh1mxpuhl3tnnuy2ifbce.bx.internal.cloudapp.net, ports: [REPLICATION=32803, RATIS=45547, RATIS_ADMIN=45547, RATIS_SERVER=45547, STANDALONE=33243], networkLocation: /default-rack, certSerialId: null, persistedOpState: IN_SERVICE, persistedOpStateExpiryEpochSec: 0}, a36f0c9e-34c7-41e1-90e2-5c691522fdfd{ip: 10.1.0.56, host: fv-az180-400.aibneqh1mxpuhl3tnnuy2ifbce.bx.internal.cloudapp.net, ports: [REPLICATION=43001, RATIS=35103, RATIS_ADMIN=35103, RATIS_SERVER=35103, STANDALONE=34509], networkLocation: /default-rack, certSerialId: null, persistedOpState: IN_SERVICE, persistedOpStateExpiryEpochSec: 0}, a49fbcfb-f7dc-4282-aec4-a4f9f3e2b5ab{ip: 10.1.0.56, host: fv-az180-400.aibneqh1mxpuhl3tnnuy2ifbce.bx.internal.cloudapp.net, ports: [REPLICATION=41799, RATIS=37955, RATIS_ADMIN=37955, RATIS_SERVER=37955, STANDALONE=46377], networkLocation: /default-rack, certSerialId: null, persistedOpState: null, persistedOpStateExpiryEpochSec: 0}]
2022-11-18 13:06:08,462 [Under Replicated Processor] WARN  algorithms.SCMContainerPlacementRackScatter (SCMContainerPlacementRackScatter.java:chooseDatanodesInternal(281)) - Placement policy could not choose the enough nodes from available racks. Chosen nodes size from Unique Racks: 0, but required nodes to choose from Unique Racks: 1 do not match. Available racks count: 1, Excluded nodes count: 4
2022-11-18 13:06:08,463 [Under Replicated Processor] WARN  replication.ECUnderReplicationHandler (ECUnderReplicationHandler.java:processAndCreateCommands(252)) - Exception while processing for creating the EC reconstruction container commands for #8.
org.apache.hadoop.hdds.scm.exceptions.SCMException: Chosen nodes size from Unique Racks: 0, but required nodes to choose from Unique Racks: 1 do not match.
	at org.apache.hadoop.hdds.scm.container.placement.algorithms.SCMContainerPlacementRackScatter.chooseDatanodesInternal(SCMContainerPlacementRackScatter.java:286)
	at org.apache.hadoop.hdds.scm.SCMCommonPlacementPolicy.chooseDatanodes(SCMCommonPlacementPolicy.java:175)
	at org.apache.hadoop.hdds.scm.SCMCommonPlacementPolicy.chooseDatanodes(SCMCommonPlacementPolicy.java:117)
	at org.apache.hadoop.hdds.scm.container.replication.ECUnderReplicationHandler.getTargetDatanodes(ECUnderReplicationHandler.java:303)
	at org.apache.hadoop.hdds.scm.container.replication.ECUnderReplicationHandler.processAndCreateCommands(ECUnderReplicationHandler.java:186)
	at org.apache.hadoop.hdds.scm.container.replication.ReplicationManager.processUnderReplicatedContainer(ReplicationManager.java:483)
	at org.apache.hadoop.hdds.scm.container.replication.UnderReplicatedProcessor.processContainer(UnderReplicatedProcessor.java:99)
	at org.apache.hadoop.hdds.scm.container.replication.UnderReplicatedProcessor.processAll(UnderReplicatedProcessor.java:83)
	at org.apache.hadoop.hdds.scm.container.replication.UnderReplicatedProcessor.run(UnderReplicatedProcessor.java:144)
	at java.lang.Thread.run(Thread.java:750)
2022-11-18 13:06:08,463 [Under Replicated Processor] ERROR replication.UnderReplicatedProcessor (UnderReplicatedProcessor.java:processAll(86)) - Error processing under replicated container ContainerInfo{id=#8, state=CLOSED, pipelineID=PipelineID=67e84420-6fe2-43b6-bc4f-8bf4477b66f2, stateEnterTime=2022-11-18T13:05:28.764Z, owner=om1}
org.apache.hadoop.hdds.scm.exceptions.SCMException: Chosen nodes size from Unique Racks: 0, but required nodes to choose from Unique Racks: 1 do not match.
	at org.apache.hadoop.hdds.scm.container.placement.algorithms.SCMContainerPlacementRackScatter.chooseDatanodesInternal(SCMContainerPlacementRackScatter.java:286)
	at org.apache.hadoop.hdds.scm.SCMCommonPlacementPolicy.chooseDatanodes(SCMCommonPlacementPolicy.java:175)
	at org.apache.hadoop.hdds.scm.SCMCommonPlacementPolicy.chooseDatanodes(SCMCommonPlacementPolicy.java:117)
	at org.apache.hadoop.hdds.scm.container.replication.ECUnderReplicationHandler.getTargetDatanodes(ECUnderReplicationHandler.java:303)
	at org.apache.hadoop.hdds.scm.container.replication.ECUnderReplicationHandler.processAndCreateCommands(ECUnderReplicationHandler.java:186)
	at org.apache.hadoop.hdds.scm.container.replication.ReplicationManager.processUnderReplicatedContainer(ReplicationManager.java:483)
	at org.apache.hadoop.hdds.scm.container.replication.UnderReplicatedProcessor.processContainer(UnderReplicatedProcessor.java:99)
	at org.apache.hadoop.hdds.scm.container.replication.UnderReplicatedProcessor.processAll(UnderReplicatedProcessor.java:83)
	at org.apache.hadoop.hdds.scm.container.replication.UnderReplicatedProcessor.run(UnderReplicatedProcessor.java:144)
	at java.lang.Thread.run(Thread.java:750)
2022-11-18 13:06:08,463 [Under Replicated Processor] WARN  net.NetworkTopologyImpl (NetworkTopologyImpl.java:chooseNodeInternal(653)) - No available node in (scope="/default-rack" excludedScope="null" excludedNodes="[8ad84362-fca3-4a94-b029-55aaea538166{ip: 10.1.0.56, host: fv-az180-400.aibneqh1mxpuhl3tnnuy2ifbce.bx.internal.cloudapp.net, ports: [REPLICATION=45785, RATIS=38939, RATIS_ADMIN=38939, RATIS_SERVER=38939, STANDALONE=38791], networkLocation: /default-rack, certSerialId: null, persistedOpState: IN_SERVICE, persistedOpStateExpiryEpochSec: 0}, 1bb9cbb4-eec0-4324-8de7-fca776b53f2b{ip: 10.1.0.56, host: fv-az180-400.aibneqh1mxpuhl3tnnuy2ifbce.bx.internal.cloudapp.net, ports: [REPLICATION=45141, RATIS=44667, RATIS_ADMIN=44667, RATIS_SERVER=44667, STANDALONE=45879], networkLocation: /default-rack, certSerialId: null, persistedOpState: IN_SERVICE, persistedOpStateExpiryEpochSec: 0}, 961e98b4-0515-4e33-9a5e-b87989e0967c{ip: 10.1.0.56, host: fv-az180-400.aibneqh1mxpuhl3tnnuy2ifbce.bx.internal.cloudapp.net, ports: [REPLICATION=32803, RATIS=45547, RATIS_ADMIN=45547, RATIS_SERVER=45547, STANDALONE=33243], networkLocation: /default-rack, certSerialId: null, persistedOpState: IN_SERVICE, persistedOpStateExpiryEpochSec: 0}, a36f0c9e-34c7-41e1-90e2-5c691522fdfd{ip: 10.1.0.56, host: fv-az180-400.aibneqh1mxpuhl3tnnuy2ifbce.bx.internal.cloudapp.net, ports: [REPLICATION=43001, RATIS=35103, RATIS_ADMIN=35103, RATIS_SERVER=35103, STANDALONE=34509], networkLocation: /default-rack, certSerialId: null, persistedOpState: IN_SERVICE, persistedOpStateExpiryEpochSec: 0}, a49fbcfb-f7dc-4282-aec4-a4f9f3e2b5ab{ip: 10.1.0.56, host: fv-az180-400.aibneqh1mxpuhl3tnnuy2ifbce.bx.internal.cloudapp.net, ports: [REPLICATION=41799, RATIS=37955, RATIS_ADMIN=37955, RATIS_SERVER=37955, STANDALONE=46377], networkLocation: /default-rack, certSerialId: null, persistedOpState: null, persistedOpStateExpiryEpochSec: 0}]"  ancestorGen="0").
2022-11-18 13:06:08,463 [Under Replicated Processor] WARN  net.NetworkTopologyImpl (NetworkTopologyImpl.java:chooseNodeInternal(653)) - No available node in (scope="/default-rack" excludedScope="null" excludedNodes="[8ad84362-fca3-4a94-b029-55aaea538166{ip: 10.1.0.56, host: fv-az180-400.aibneqh1mxpuhl3tnnuy2ifbce.bx.internal.cloudapp.net, ports: [REPLICATION=45785, RATIS=38939, RATIS_ADMIN=38939, RATIS_SERVER=38939, STANDALONE=38791], networkLocation: /default-rack, certSerialId: null, persistedOpState: IN_SERVICE, persistedOpStateExpiryEpochSec: 0}, 1bb9cbb4-eec0-4324-8de7-fca776b53f2b{ip: 10.1.0.56, host: fv-az180-400.aibneqh1mxpuhl3tnnuy2ifbce.bx.internal.cloudapp.net, ports: [REPLICATION=45141, RATIS=44667, RATIS_ADMIN=44667, RATIS_SERVER=44667, STANDALONE=45879], networkLocation: /default-rack, certSerialId: null, persistedOpState: IN_SERVICE, persistedOpStateExpiryEpochSec: 0}, 961e98b4-0515-4e33-9a5e-b87989e0967c{ip: 10.1.0.56, host: fv-az180-400.aibneqh1mxpuhl3tnnuy2ifbce.bx.internal.cloudapp.net, ports: [REPLICATION=32803, RATIS=45547, RATIS_ADMIN=45547, RATIS_SERVER=45547, STANDALONE=33243], networkLocation: /default-rack, certSerialId: null, persistedOpState: IN_SERVICE, persistedOpStateExpiryEpochSec: 0}, a36f0c9e-34c7-41e1-90e2-5c691522fdfd{ip: 10.1.0.56, host: fv-az180-400.aibneqh1mxpuhl3tnnuy2ifbce.bx.internal.cloudapp.net, ports: [REPLICATION=43001, RATIS=35103, RATIS_ADMIN=35103, RATIS_SERVER=35103, STANDALONE=34509], networkLocation: /default-rack, certSerialId: null, persistedOpState: IN_SERVICE, persistedOpStateExpiryEpochSec: 0}, a49fbcfb-f7dc-4282-aec4-a4f9f3e2b5ab{ip: 10.1.0.56, host: fv-az180-400.aibneqh1mxpuhl3tnnuy2ifbce.bx.internal.cloudapp.net, ports: [REPLICATION=41799, RATIS=37955, RATIS_ADMIN=37955, RATIS_SERVER=37955, STANDALONE=46377], networkLocation: /default-rack, certSerialId: null, persistedOpState: null, persistedOpStateExpiryEpochSec: 0}]"  ancestorGen="0").
2022-11-18 13:06:08,463 [Under Replicated Processor] WARN  net.NetworkTopologyImpl (NetworkTopologyImpl.java:chooseNodeInternal(653)) - No available node in (scope="/default-rack" excludedScope="null" excludedNodes="[8ad84362-fca3-4a94-b029-55aaea538166{ip: 10.1.0.56, host: fv-az180-400.aibneqh1mxpuhl3tnnuy2ifbce.bx.internal.cloudapp.net, ports: [REPLICATION=45785, RATIS=38939, RATIS_ADMIN=38939, RATIS_SERVER=38939, STANDALONE=38791], networkLocation: /default-rack, certSerialId: null, persistedOpState: IN_SERVICE, persistedOpStateExpiryEpochSec: 0}, 1bb9cbb4-eec0-4324-8de7-fca776b53f2b{ip: 10.1.0.56, host: fv-az180-400.aibneqh1mxpuhl3tnnuy2ifbce.bx.internal.cloudapp.net, ports: [REPLICATION=45141, RATIS=44667, RATIS_ADMIN=44667, RATIS_SERVER=44667, STANDALONE=45879], networkLocation: /default-rack, certSerialId: null, persistedOpState: IN_SERVICE, persistedOpStateExpiryEpochSec: 0}, 961e98b4-0515-4e33-9a5e-b87989e0967c{ip: 10.1.0.56, host: fv-az180-400.aibneqh1mxpuhl3tnnuy2ifbce.bx.internal.cloudapp.net, ports: [REPLICATION=32803, RATIS=45547, RATIS_ADMIN=45547, RATIS_SERVER=45547, STANDALONE=33243], networkLocation: /default-rack, certSerialId: null, persistedOpState: IN_SERVICE, persistedOpStateExpiryEpochSec: 0}, a36f0c9e-34c7-41e1-90e2-5c691522fdfd{ip: 10.1.0.56, host: fv-az180-400.aibneqh1mxpuhl3tnnuy2ifbce.bx.internal.cloudapp.net, ports: [REPLICATION=43001, RATIS=35103, RATIS_ADMIN=35103, RATIS_SERVER=35103, STANDALONE=34509], networkLocation: /default-rack, certSerialId: null, persistedOpState: IN_SERVICE, persistedOpStateExpiryEpochSec: 0}, a49fbcfb-f7dc-4282-aec4-a4f9f3e2b5ab{ip: 10.1.0.56, host: fv-az180-400.aibneqh1mxpuhl3tnnuy2ifbce.bx.internal.cloudapp.net, ports: [REPLICATION=41799, RATIS=37955, RATIS_ADMIN=37955, RATIS_SERVER=37955, STANDALONE=46377], networkLocation: /default-rack, certSerialId: null, persistedOpState: null, persistedOpStateExpiryEpochSec: 0}]"  ancestorGen="0").
2022-11-18 13:06:08,463 [Under Replicated Processor] WARN  net.NetworkTopologyImpl (NetworkTopologyImpl.java:chooseNodeInternal(653)) - No available node in (scope="/default-rack" excludedScope="null" excludedNodes="[8ad84362-fca3-4a94-b029-55aaea538166{ip: 10.1.0.56, host: fv-az180-400.aibneqh1mxpuhl3tnnuy2ifbce.bx.internal.cloudapp.net, ports: [REPLICATION=45785, RATIS=38939, RATIS_ADMIN=38939, RATIS_SERVER=38939, STANDALONE=38791], networkLocation: /default-rack, certSerialId: null, persistedOpState: IN_SERVICE, persistedOpStateExpiryEpochSec: 0}, 1bb9cbb4-eec0-4324-8de7-fca776b53f2b{ip: 10.1.0.56, host: fv-az180-400.aibneqh1mxpuhl3tnnuy2ifbce.bx.internal.cloudapp.net, ports: [REPLICATION=45141, RATIS=44667, RATIS_ADMIN=44667, RATIS_SERVER=44667, STANDALONE=45879], networkLocation: /default-rack, certSerialId: null, persistedOpState: IN_SERVICE, persistedOpStateExpiryEpochSec: 0}, 961e98b4-0515-4e33-9a5e-b87989e0967c{ip: 10.1.0.56, host: fv-az180-400.aibneqh1mxpuhl3tnnuy2ifbce.bx.internal.cloudapp.net, ports: [REPLICATION=32803, RATIS=45547, RATIS_ADMIN=45547, RATIS_SERVER=45547, STANDALONE=33243], networkLocation: /default-rack, certSerialId: null, persistedOpState: IN_SERVICE, persistedOpStateExpiryEpochSec: 0}, a36f0c9e-34c7-41e1-90e2-5c691522fdfd{ip: 10.1.0.56, host: fv-az180-400.aibneqh1mxpuhl3tnnuy2ifbce.bx.internal.cloudapp.net, ports: [REPLICATION=43001, RATIS=35103, RATIS_ADMIN=35103, RATIS_SERVER=35103, STANDALONE=34509], networkLocation: /default-rack, certSerialId: null, persistedOpState: IN_SERVICE, persistedOpStateExpiryEpochSec: 0}, a49fbcfb-f7dc-4282-aec4-a4f9f3e2b5ab{ip: 10.1.0.56, host: fv-az180-400.aibneqh1mxpuhl3tnnuy2ifbce.bx.internal.cloudapp.net, ports: [REPLICATION=41799, RATIS=37955, RATIS_ADMIN=37955, RATIS_SERVER=37955, STANDALONE=46377], networkLocation: /default-rack, certSerialId: null, persistedOpState: null, persistedOpStateExpiryEpochSec: 0}]"  ancestorGen="0").
2022-11-18 13:06:08,463 [Under Replicated Processor] INFO  algorithms.SCMContainerPlacementRackScatter (SCMContainerPlacementRackScatter.java:chooseNode(379)) - No satisfied datanode to meet the constraints. Metadatadata size required: 0 Data size required: 5368709120, scope /default-rack, excluded nodes [8ad84362-fca3-4a94-b029-55aaea538166{ip: 10.1.0.56, host: fv-az180-400.aibneqh1mxpuhl3tnnuy2ifbce.bx.internal.cloudapp.net, ports: [REPLICATION=45785, RATIS=38939, RATIS_ADMIN=38939, RATIS_SERVER=38939, STANDALONE=38791], networkLocation: /default-rack, certSerialId: null, persistedOpState: IN_SERVICE, persistedOpStateExpiryEpochSec: 0}, 1bb9cbb4-eec0-4324-8de7-fca776b53f2b{ip: 10.1.0.56, host: fv-az180-400.aibneqh1mxpuhl3tnnuy2ifbce.bx.internal.cloudapp.net, ports: [REPLICATION=45141, RATIS=44667, RATIS_ADMIN=44667, RATIS_SERVER=44667, STANDALONE=45879], networkLocation: /default-rack, certSerialId: null, persistedOpState: IN_SERVICE, persistedOpStateExpiryEpochSec: 0}, 961e98b4-0515-4e33-9a5e-b87989e0967c{ip: 10.1.0.56, host: fv-az180-400.aibneqh1mxpuhl3tnnuy2ifbce.bx.internal.cloudapp.net, ports: [REPLICATION=32803, RATIS=45547, RATIS_ADMIN=45547, RATIS_SERVER=45547, STANDALONE=33243], networkLocation: /default-rack, certSerialId: null, persistedOpState: IN_SERVICE, persistedOpStateExpiryEpochSec: 0}, a36f0c9e-34c7-41e1-90e2-5c691522fdfd{ip: 10.1.0.56, host: fv-az180-400.aibneqh1mxpuhl3tnnuy2ifbce.bx.internal.cloudapp.net, ports: [REPLICATION=43001, RATIS=35103, RATIS_ADMIN=35103, RATIS_SERVER=35103, STANDALONE=34509], networkLocation: /default-rack, certSerialId: null, persistedOpState: IN_SERVICE, persistedOpStateExpiryEpochSec: 0}, a49fbcfb-f7dc-4282-aec4-a4f9f3e2b5ab{ip: 10.1.0.56, host: fv-az180-400.aibneqh1mxpuhl3tnnuy2ifbce.bx.internal.cloudapp.net, ports: [REPLICATION=41799, RATIS=37955, RATIS_ADMIN=37955, RATIS_SERVER=37955, STANDALONE=46377], networkLocation: /default-rack, certSerialId: null, persistedOpState: null, persistedOpStateExpiryEpochSec: 0}]
2022-11-18 13:06:08,463 [Under Replicated Processor] WARN  algorithms.SCMContainerPlacementRackScatter (SCMContainerPlacementRackScatter.java:chooseDatanodesInternal(281)) - Placement policy could not choose the enough nodes from available racks. Chosen nodes size from Unique Racks: 0, but required nodes to choose from Unique Racks: 1 do not match. Available racks count: 1, Excluded nodes count: 4
2022-11-18 13:06:08,464 [Under Replicated Processor] WARN  replication.ECUnderReplicationHandler (ECUnderReplicationHandler.java:processAndCreateCommands(252)) - Exception while processing for creating the EC reconstruction container commands for #8.
org.apache.hadoop.hdds.scm.exceptions.SCMException: Chosen nodes size from Unique Racks: 0, but required nodes to choose from Unique Racks: 1 do not match.
	at org.apache.hadoop.hdds.scm.container.placement.algorithms.SCMContainerPlacementRackScatter.chooseDatanodesInternal(SCMContainerPlacementRackScatter.java:286)
	at org.apache.hadoop.hdds.scm.SCMCommonPlacementPolicy.chooseDatanodes(SCMCommonPlacementPolicy.java:175)
	at org.apache.hadoop.hdds.scm.SCMCommonPlacementPolicy.chooseDatanodes(SCMCommonPlacementPolicy.java:117)
	at org.apache.hadoop.hdds.scm.container.replication.ECUnderReplicationHandler.getTargetDatanodes(ECUnderReplicationHandler.java:303)
	at org.apache.hadoop.hdds.scm.container.replication.ECUnderReplicationHandler.processAndCreateCommands(ECUnderReplicationHandler.java:186)
	at org.apache.hadoop.hdds.scm.container.replication.ReplicationManager.processUnderReplicatedContainer(ReplicationManager.java:483)
	at org.apache.hadoop.hdds.scm.container.replication.UnderReplicatedProcessor.processContainer(UnderReplicatedProcessor.java:99)
	at org.apache.hadoop.hdds.scm.container.replication.UnderReplicatedProcessor.processAll(UnderReplicatedProcessor.java:83)
	at org.apache.hadoop.hdds.scm.container.replication.UnderReplicatedProcessor.run(UnderReplicatedProcessor.java:144)
	at java.lang.Thread.run(Thread.java:750)
2022-11-18 13:06:08,464 [Under Replicated Processor] ERROR replication.UnderReplicatedProcessor (UnderReplicatedProcessor.java:processAll(86)) - Error processing under replicated container ContainerInfo{id=#8, state=CLOSED, pipelineID=PipelineID=67e84420-6fe2-43b6-bc4f-8bf4477b66f2, stateEnterTime=2022-11-18T13:05:28.764Z, owner=om1}
org.apache.hadoop.hdds.scm.exceptions.SCMException: Chosen nodes size from Unique Racks: 0, but required nodes to choose from Unique Racks: 1 do not match.
	at org.apache.hadoop.hdds.scm.container.placement.algorithms.SCMContainerPlacementRackScatter.chooseDatanodesInternal(SCMContainerPlacementRackScatter.java:286)
	at org.apache.hadoop.hdds.scm.SCMCommonPlacementPolicy.chooseDatanodes(SCMCommonPlacementPolicy.java:175)
	at org.apache.hadoop.hdds.scm.SCMCommonPlacementPolicy.chooseDatanodes(SCMCommonPlacementPolicy.java:117)
	at org.apache.hadoop.hdds.scm.container.replication.ECUnderReplicationHandler.getTargetDatanodes(ECUnderReplicationHandler.java:303)
	at org.apache.hadoop.hdds.scm.container.replication.ECUnderReplicationHandler.processAndCreateCommands(ECUnderReplicationHandler.java:186)
	at org.apache.hadoop.hdds.scm.container.replication.ReplicationManager.processUnderReplicatedContainer(ReplicationManager.java:483)
	at org.apache.hadoop.hdds.scm.container.replication.UnderReplicatedProcessor.processContainer(UnderReplicatedProcessor.java:99)
	at org.apache.hadoop.hdds.scm.container.replication.UnderReplicatedProcessor.processAll(UnderReplicatedProcessor.java:83)
	at org.apache.hadoop.hdds.scm.container.replication.UnderReplicatedProcessor.run(UnderReplicatedProcessor.java:144)
	at java.lang.Thread.run(Thread.java:750)
2022-11-18 13:06:08,464 [Under Replicated Processor] WARN  net.NetworkTopologyImpl (NetworkTopologyImpl.java:chooseNodeInternal(653)) - No available node in (scope="/default-rack" excludedScope="null" excludedNodes="[8ad84362-fca3-4a94-b029-55aaea538166{ip: 10.1.0.56, host: fv-az180-400.aibneqh1mxpuhl3tnnuy2ifbce.bx.internal.cloudapp.net, ports: [REPLICATION=45785, RATIS=38939, RATIS_ADMIN=38939, RATIS_SERVER=38939, STANDALONE=38791], networkLocation: /default-rack, certSerialId: null, persistedOpState: IN_SERVICE, persistedOpStateExpiryEpochSec: 0}, 1bb9cbb4-eec0-4324-8de7-fca776b53f2b{ip: 10.1.0.56, host: fv-az180-400.aibneqh1mxpuhl3tnnuy2ifbce.bx.internal.cloudapp.net, ports: [REPLICATION=45141, RATIS=44667, RATIS_ADMIN=44667, RATIS_SERVER=44667, STANDALONE=45879], networkLocation: /default-rack, certSerialId: null, persistedOpState: IN_SERVICE, persistedOpStateExpiryEpochSec: 0}, 961e98b4-0515-4e33-9a5e-b87989e0967c{ip: 10.1.0.56, host: fv-az180-400.aibneqh1mxpuhl3tnnuy2ifbce.bx.internal.cloudapp.net, ports: [REPLICATION=32803, RATIS=45547, RATIS_ADMIN=45547, RATIS_SERVER=45547, STANDALONE=33243], networkLocation: /default-rack, certSerialId: null, persistedOpState: IN_SERVICE, persistedOpStateExpiryEpochSec: 0}, a36f0c9e-34c7-41e1-90e2-5c691522fdfd{ip: 10.1.0.56, host: fv-az180-400.aibneqh1mxpuhl3tnnuy2ifbce.bx.internal.cloudapp.net, ports: [REPLICATION=43001, RATIS=35103, RATIS_ADMIN=35103, RATIS_SERVER=35103, STANDALONE=34509], networkLocation: /default-rack, certSerialId: null, persistedOpState: IN_SERVICE, persistedOpStateExpiryEpochSec: 0}, a49fbcfb-f7dc-4282-aec4-a4f9f3e2b5ab{ip: 10.1.0.56, host: fv-az180-400.aibneqh1mxpuhl3tnnuy2ifbce.bx.internal.cloudapp.net, ports: [REPLICATION=41799, RATIS=37955, RATIS_ADMIN=37955, RATIS_SERVER=37955, STANDALONE=46377], networkLocation: /default-rack, certSerialId: null, persistedOpState: null, persistedOpStateExpiryEpochSec: 0}]"  ancestorGen="0").
2022-11-18 13:06:08,464 [Under Replicated Processor] WARN  net.NetworkTopologyImpl (NetworkTopologyImpl.java:chooseNodeInternal(653)) - No available node in (scope="/default-rack" excludedScope="null" excludedNodes="[8ad84362-fca3-4a94-b029-55aaea538166{ip: 10.1.0.56, host: fv-az180-400.aibneqh1mxpuhl3tnnuy2ifbce.bx.internal.cloudapp.net, ports: [REPLICATION=45785, RATIS=38939, RATIS_ADMIN=38939, RATIS_SERVER=38939, STANDALONE=38791], networkLocation: /default-rack, certSerialId: null, persistedOpState: IN_SERVICE, persistedOpStateExpiryEpochSec: 0}, 1bb9cbb4-eec0-4324-8de7-fca776b53f2b{ip: 10.1.0.56, host: fv-az180-400.aibneqh1mxpuhl3tnnuy2ifbce.bx.internal.cloudapp.net, ports: [REPLICATION=45141, RATIS=44667, RATIS_ADMIN=44667, RATIS_SERVER=44667, STANDALONE=45879], networkLocation: /default-rack, certSerialId: null, persistedOpState: IN_SERVICE, persistedOpStateExpiryEpochSec: 0}, 961e98b4-0515-4e33-9a5e-b87989e0967c{ip: 10.1.0.56, host: fv-az180-400.aibneqh1mxpuhl3tnnuy2ifbce.bx.internal.cloudapp.net, ports: [REPLICATION=32803, RATIS=45547, RATIS_ADMIN=45547, RATIS_SERVER=45547, STANDALONE=33243], networkLocation: /default-rack, certSerialId: null, persistedOpState: IN_SERVICE, persistedOpStateExpiryEpochSec: 0}, a36f0c9e-34c7-41e1-90e2-5c691522fdfd{ip: 10.1.0.56, host: fv-az180-400.aibneqh1mxpuhl3tnnuy2ifbce.bx.internal.cloudapp.net, ports: [REPLICATION=43001, RATIS=35103, RATIS_ADMIN=35103, RATIS_SERVER=35103, STANDALONE=34509], networkLocation: /default-rack, certSerialId: null, persistedOpState: IN_SERVICE, persistedOpStateExpiryEpochSec: 0}, a49fbcfb-f7dc-4282-aec4-a4f9f3e2b5ab{ip: 10.1.0.56, host: fv-az180-400.aibneqh1mxpuhl3tnnuy2ifbce.bx.internal.cloudapp.net, ports: [REPLICATION=41799, RATIS=37955, RATIS_ADMIN=37955, RATIS_SERVER=37955, STANDALONE=46377], networkLocation: /default-rack, certSerialId: null, persistedOpState: null, persistedOpStateExpiryEpochSec: 0}]"  ancestorGen="0").
2022-11-18 13:06:08,464 [Under Replicated Processor] WARN  net.NetworkTopologyImpl (NetworkTopologyImpl.java:chooseNodeInternal(653)) - No available node in (scope="/default-rack" excludedScope="null" excludedNodes="[8ad84362-fca3-4a94-b029-55aaea538166{ip: 10.1.0.56, host: fv-az180-400.aibneqh1mxpuhl3tnnuy2ifbce.bx.internal.cloudapp.net, ports: [REPLICATION=45785, RATIS=38939, RATIS_ADMIN=38939, RATIS_SERVER=38939, STANDALONE=38791], networkLocation: /default-rack, certSerialId: null, persistedOpState: IN_SERVICE, persistedOpStateExpiryEpochSec: 0}, 1bb9cbb4-eec0-4324-8de7-fca776b53f2b{ip: 10.1.0.56, host: fv-az180-400.aibneqh1mxpuhl3tnnuy2ifbce.bx.internal.cloudapp.net, ports: [REPLICATION=45141, RATIS=44667, RATIS_ADMIN=44667, RATIS_SERVER=44667, STANDALONE=45879], networkLocation: /default-rack, certSerialId: null, persistedOpState: IN_SERVICE, persistedOpStateExpiryEpochSec: 0}, 961e98b4-0515-4e33-9a5e-b87989e0967c{ip: 10.1.0.56, host: fv-az180-400.aibneqh1mxpuhl3tnnuy2ifbce.bx.internal.cloudapp.net, ports: [REPLICATION=32803, RATIS=45547, RATIS_ADMIN=45547, RATIS_SERVER=45547, STANDALONE=33243], networkLocation: /default-rack, certSerialId: null, persistedOpState: IN_SERVICE, persistedOpStateExpiryEpochSec: 0}, a36f0c9e-34c7-41e1-90e2-5c691522fdfd{ip: 10.1.0.56, host: fv-az180-400.aibneqh1mxpuhl3tnnuy2ifbce.bx.internal.cloudapp.net, ports: [REPLICATION=43001, RATIS=35103, RATIS_ADMIN=35103, RATIS_SERVER=35103, STANDALONE=34509], networkLocation: /default-rack, certSerialId: null, persistedOpState: IN_SERVICE, persistedOpStateExpiryEpochSec: 0}, a49fbcfb-f7dc-4282-aec4-a4f9f3e2b5ab{ip: 10.1.0.56, host: fv-az180-400.aibneqh1mxpuhl3tnnuy2ifbce.bx.internal.cloudapp.net, ports: [REPLICATION=41799, RATIS=37955, RATIS_ADMIN=37955, RATIS_SERVER=37955, STANDALONE=46377], networkLocation: /default-rack, certSerialId: null, persistedOpState: null, persistedOpStateExpiryEpochSec: 0}]"  ancestorGen="0").
2022-11-18 13:06:08,464 [Under Replicated Processor] WARN  net.NetworkTopologyImpl (NetworkTopologyImpl.java:chooseNodeInternal(653)) - No available node in (scope="/default-rack" excludedScope="null" excludedNodes="[8ad84362-fca3-4a94-b029-55aaea538166{ip: 10.1.0.56, host: fv-az180-400.aibneqh1mxpuhl3tnnuy2ifbce.bx.internal.cloudapp.net, ports: [REPLICATION=45785, RATIS=38939, RATIS_ADMIN=38939, RATIS_SERVER=38939, STANDALONE=38791], networkLocation: /default-rack, certSerialId: null, persistedOpState: IN_SERVICE, persistedOpStateExpiryEpochSec: 0}, 1bb9cbb4-eec0-4324-8de7-fca776b53f2b{ip: 10.1.0.56, host: fv-az180-400.aibneqh1mxpuhl3tnnuy2ifbce.bx.internal.cloudapp.net, ports: [REPLICATION=45141, RATIS=44667, RATIS_ADMIN=44667, RATIS_SERVER=44667, STANDALONE=45879], networkLocation: /default-rack, certSerialId: null, persistedOpState: IN_SERVICE, persistedOpStateExpiryEpochSec: 0}, 961e98b4-0515-4e33-9a5e-b87989e0967c{ip: 10.1.0.56, host: fv-az180-400.aibneqh1mxpuhl3tnnuy2ifbce.bx.internal.cloudapp.net, ports: [REPLICATION=32803, RATIS=45547, RATIS_ADMIN=45547, RATIS_SERVER=45547, STANDALONE=33243], networkLocation: /default-rack, certSerialId: null, persistedOpState: IN_SERVICE, persistedOpStateExpiryEpochSec: 0}, a36f0c9e-34c7-41e1-90e2-5c691522fdfd{ip: 10.1.0.56, host: fv-az180-400.aibneqh1mxpuhl3tnnuy2ifbce.bx.internal.cloudapp.net, ports: [REPLICATION=43001, RATIS=35103, RATIS_ADMIN=35103, RATIS_SERVER=35103, STANDALONE=34509], networkLocation: /default-rack, certSerialId: null, persistedOpState: IN_SERVICE, persistedOpStateExpiryEpochSec: 0}, a49fbcfb-f7dc-4282-aec4-a4f9f3e2b5ab{ip: 10.1.0.56, host: fv-az180-400.aibneqh1mxpuhl3tnnuy2ifbce.bx.internal.cloudapp.net, ports: [REPLICATION=41799, RATIS=37955, RATIS_ADMIN=37955, RATIS_SERVER=37955, STANDALONE=46377], networkLocation: /default-rack, certSerialId: null, persistedOpState: null, persistedOpStateExpiryEpochSec: 0}]"  ancestorGen="0").
2022-11-18 13:06:08,464 [Under Replicated Processor] INFO  algorithms.SCMContainerPlacementRackScatter (SCMContainerPlacementRackScatter.java:chooseNode(379)) - No satisfied datanode to meet the constraints. Metadatadata size required: 0 Data size required: 5368709120, scope /default-rack, excluded nodes [8ad84362-fca3-4a94-b029-55aaea538166{ip: 10.1.0.56, host: fv-az180-400.aibneqh1mxpuhl3tnnuy2ifbce.bx.internal.cloudapp.net, ports: [REPLICATION=45785, RATIS=38939, RATIS_ADMIN=38939, RATIS_SERVER=38939, STANDALONE=38791], networkLocation: /default-rack, certSerialId: null, persistedOpState: IN_SERVICE, persistedOpStateExpiryEpochSec: 0}, 1bb9cbb4-eec0-4324-8de7-fca776b53f2b{ip: 10.1.0.56, host: fv-az180-400.aibneqh1mxpuhl3tnnuy2ifbce.bx.internal.cloudapp.net, ports: [REPLICATION=45141, RATIS=44667, RATIS_ADMIN=44667, RATIS_SERVER=44667, STANDALONE=45879], networkLocation: /default-rack, certSerialId: null, persistedOpState: IN_SERVICE, persistedOpStateExpiryEpochSec: 0}, 961e98b4-0515-4e33-9a5e-b87989e0967c{ip: 10.1.0.56, host: fv-az180-400.aibneqh1mxpuhl3tnnuy2ifbce.bx.internal.cloudapp.net, ports: [REPLICATION=32803, RATIS=45547, RATIS_ADMIN=45547, RATIS_SERVER=45547, STANDALONE=33243], networkLocation: /default-rack, certSerialId: null, persistedOpState: IN_SERVICE, persistedOpStateExpiryEpochSec: 0}, a36f0c9e-34c7-41e1-90e2-5c691522fdfd{ip: 10.1.0.56, host: fv-az180-400.aibneqh1mxpuhl3tnnuy2ifbce.bx.internal.cloudapp.net, ports: [REPLICATION=43001, RATIS=35103, RATIS_ADMIN=35103, RATIS_SERVER=35103, STANDALONE=34509], networkLocation: /default-rack, certSerialId: null, persistedOpState: IN_SERVICE, persistedOpStateExpiryEpochSec: 0}, a49fbcfb-f7dc-4282-aec4-a4f9f3e2b5ab{ip: 10.1.0.56, host: fv-az180-400.aibneqh1mxpuhl3tnnuy2ifbce.bx.internal.cloudapp.net, ports: [REPLICATION=41799, RATIS=37955, RATIS_ADMIN=37955, RATIS_SERVER=37955, STANDALONE=46377], networkLocation: /default-rack, certSerialId: null, persistedOpState: null, persistedOpStateExpiryEpochSec: 0}]
2022-11-18 13:06:08,464 [Under Replicated Processor] WARN  algorithms.SCMContainerPlacementRackScatter (SCMContainerPlacementRackScatter.java:chooseDatanodesInternal(281)) - Placement policy could not choose the enough nodes from available racks. Chosen nodes size from Unique Racks: 0, but required nodes to choose from Unique Racks: 1 do not match. Available racks count: 1, Excluded nodes count: 4
2022-11-18 13:06:08,464 [Under Replicated Processor] WARN  replication.ECUnderReplicationHandler (ECUnderReplicationHandler.java:processAndCreateCommands(252)) - Exception while processing for creating the EC reconstruction container commands for #8.
org.apache.hadoop.hdds.scm.exceptions.SCMException: Chosen nodes size from Unique Racks: 0, but required nodes to choose from Unique Racks: 1 do not match.
	at org.apache.hadoop.hdds.scm.container.placement.algorithms.SCMContainerPlacementRackScatter.chooseDatanodesInternal(SCMContainerPlacementRackScatter.java:286)
	at org.apache.hadoop.hdds.scm.SCMCommonPlacementPolicy.chooseDatanodes(SCMCommonPlacementPolicy.java:175)
	at org.apache.hadoop.hdds.scm.SCMCommonPlacementPolicy.chooseDatanodes(SCMCommonPlacementPolicy.java:117)
	at org.apache.hadoop.hdds.scm.container.replication.ECUnderReplicationHandler.getTargetDatanodes(ECUnderReplicationHandler.java:303)
	at org.apache.hadoop.hdds.scm.container.replication.ECUnderReplicationHandler.processAndCreateCommands(ECUnderReplicationHandler.java:186)
	at org.apache.hadoop.hdds.scm.container.replication.ReplicationManager.processUnderReplicatedContainer(ReplicationManager.java:483)
	at org.apache.hadoop.hdds.scm.container.replication.UnderReplicatedProcessor.processContainer(UnderReplicatedProcessor.java:99)
	at org.apache.hadoop.hdds.scm.container.replication.UnderReplicatedProcessor.processAll(UnderReplicatedProcessor.java:83)
	at org.apache.hadoop.hdds.scm.container.replication.UnderReplicatedProcessor.run(UnderReplicatedProcessor.java:144)
	at java.lang.Thread.run(Thread.java:750)
2022-11-18 13:06:08,465 [Under Replicated Processor] ERROR replication.UnderReplicatedProcessor (UnderReplicatedProcessor.java:processAll(86)) - Error processing under replicated container ContainerInfo{id=#8, state=CLOSED, pipelineID=PipelineID=67e84420-6fe2-43b6-bc4f-8bf4477b66f2, stateEnterTime=2022-11-18T13:05:28.764Z, owner=om1}
org.apache.hadoop.hdds.scm.exceptions.SCMException: Chosen nodes size from Unique Racks: 0, but required nodes to choose from Unique Racks: 1 do not match.
	at org.apache.hadoop.hdds.scm.container.placement.algorithms.SCMContainerPlacementRackScatter.chooseDatanodesInternal(SCMContainerPlacementRackScatter.java:286)
	at org.apache.hadoop.hdds.scm.SCMCommonPlacementPolicy.chooseDatanodes(SCMCommonPlacementPolicy.java:175)
	at org.apache.hadoop.hdds.scm.SCMCommonPlacementPolicy.chooseDatanodes(SCMCommonPlacementPolicy.java:117)
	at org.apache.hadoop.hdds.scm.container.replication.ECUnderReplicationHandler.getTargetDatanodes(ECUnderReplicationHandler.java:303)
	at org.apache.hadoop.hdds.scm.container.replication.ECUnderReplicationHandler.processAndCreateCommands(ECUnderReplicationHandler.java:186)
	at org.apache.hadoop.hdds.scm.container.replication.ReplicationManager.processUnderReplicatedContainer(ReplicationManager.java:483)
	at org.apache.hadoop.hdds.scm.container.replication.UnderReplicatedProcessor.processContainer(UnderReplicatedProcessor.java:99)
	at org.apache.hadoop.hdds.scm.container.replication.UnderReplicatedProcessor.processAll(UnderReplicatedProcessor.java:83)
	at org.apache.hadoop.hdds.scm.container.replication.UnderReplicatedProcessor.run(UnderReplicatedProcessor.java:144)
	at java.lang.Thread.run(Thread.java:750)
2022-11-18 13:06:08,465 [Under Replicated Processor] WARN  net.NetworkTopologyImpl (NetworkTopologyImpl.java:chooseNodeInternal(653)) - No available node in (scope="/default-rack" excludedScope="null" excludedNodes="[8ad84362-fca3-4a94-b029-55aaea538166{ip: 10.1.0.56, host: fv-az180-400.aibneqh1mxpuhl3tnnuy2ifbce.bx.internal.cloudapp.net, ports: [REPLICATION=45785, RATIS=38939, RATIS_ADMIN=38939, RATIS_SERVER=38939, STANDALONE=38791], networkLocation: /default-rack, certSerialId: null, persistedOpState: IN_SERVICE, persistedOpStateExpiryEpochSec: 0}, 1bb9cbb4-eec0-4324-8de7-fca776b53f2b{ip: 10.1.0.56, host: fv-az180-400.aibneqh1mxpuhl3tnnuy2ifbce.bx.internal.cloudapp.net, ports: [REPLICATION=45141, RATIS=44667, RATIS_ADMIN=44667, RATIS_SERVER=44667, STANDALONE=45879], networkLocation: /default-rack, certSerialId: null, persistedOpState: IN_SERVICE, persistedOpStateExpiryEpochSec: 0}, 961e98b4-0515-4e33-9a5e-b87989e0967c{ip: 10.1.0.56, host: fv-az180-400.aibneqh1mxpuhl3tnnuy2ifbce.bx.internal.cloudapp.net, ports: [REPLICATION=32803, RATIS=45547, RATIS_ADMIN=45547, RATIS_SERVER=45547, STANDALONE=33243], networkLocation: /default-rack, certSerialId: null, persistedOpState: IN_SERVICE, persistedOpStateExpiryEpochSec: 0}, a36f0c9e-34c7-41e1-90e2-5c691522fdfd{ip: 10.1.0.56, host: fv-az180-400.aibneqh1mxpuhl3tnnuy2ifbce.bx.internal.cloudapp.net, ports: [REPLICATION=43001, RATIS=35103, RATIS_ADMIN=35103, RATIS_SERVER=35103, STANDALONE=34509], networkLocation: /default-rack, certSerialId: null, persistedOpState: IN_SERVICE, persistedOpStateExpiryEpochSec: 0}, a49fbcfb-f7dc-4282-aec4-a4f9f3e2b5ab{ip: 10.1.0.56, host: fv-az180-400.aibneqh1mxpuhl3tnnuy2ifbce.bx.internal.cloudapp.net, ports: [REPLICATION=41799, RATIS=37955, RATIS_ADMIN=37955, RATIS_SERVER=37955, STANDALONE=46377], networkLocation: /default-rack, certSerialId: null, persistedOpState: null, persistedOpStateExpiryEpochSec: 0}]"  ancestorGen="0").
2022-11-18 13:06:08,465 [Under Replicated Processor] WARN  net.NetworkTopologyImpl (NetworkTopologyImpl.java:chooseNodeInternal(653)) - No available node in (scope="/default-rack" excludedScope="null" excludedNodes="[8ad84362-fca3-4a94-b029-55aaea538166{ip: 10.1.0.56, host: fv-az180-400.aibneqh1mxpuhl3tnnuy2ifbce.bx.internal.cloudapp.net, ports: [REPLICATION=45785, RATIS=38939, RATIS_ADMIN=38939, RATIS_SERVER=38939, STANDALONE=38791], networkLocation: /default-rack, certSerialId: null, persistedOpState: IN_SERVICE, persistedOpStateExpiryEpochSec: 0}, 1bb9cbb4-eec0-4324-8de7-fca776b53f2b{ip: 10.1.0.56, host: fv-az180-400.aibneqh1mxpuhl3tnnuy2ifbce.bx.internal.cloudapp.net, ports: [REPLICATION=45141, RATIS=44667, RATIS_ADMIN=44667, RATIS_SERVER=44667, STANDALONE=45879], networkLocation: /default-rack, certSerialId: null, persistedOpState: IN_SERVICE, persistedOpStateExpiryEpochSec: 0}, 961e98b4-0515-4e33-9a5e-b87989e0967c{ip: 10.1.0.56, host: fv-az180-400.aibneqh1mxpuhl3tnnuy2ifbce.bx.internal.cloudapp.net, ports: [REPLICATION=32803, RATIS=45547, RATIS_ADMIN=45547, RATIS_SERVER=45547, STANDALONE=33243], networkLocation: /default-rack, certSerialId: null, persistedOpState: IN_SERVICE, persistedOpStateExpiryEpochSec: 0}, a36f0c9e-34c7-41e1-90e2-5c691522fdfd{ip: 10.1.0.56, host: fv-az180-400.aibneqh1mxpuhl3tnnuy2ifbce.bx.internal.cloudapp.net, ports: [REPLICATION=43001, RATIS=35103, RATIS_ADMIN=35103, RATIS_SERVER=35103, STANDALONE=34509], networkLocation: /default-rack, certSerialId: null, persistedOpState: IN_SERVICE, persistedOpStateExpiryEpochSec: 0}, a49fbcfb-f7dc-4282-aec4-a4f9f3e2b5ab{ip: 10.1.0.56, host: fv-az180-400.aibneqh1mxpuhl3tnnuy2ifbce.bx.internal.cloudapp.net, ports: [REPLICATION=41799, RATIS=37955, RATIS_ADMIN=37955, RATIS_SERVER=37955, STANDALONE=46377], networkLocation: /default-rack, certSerialId: null, persistedOpState: null, persistedOpStateExpiryEpochSec: 0}]"  ancestorGen="0").
2022-11-18 13:06:08,465 [Under Replicated Processor] WARN  net.NetworkTopologyImpl (NetworkTopologyImpl.java:chooseNodeInternal(653)) - No available node in (scope="/default-rack" excludedScope="null" excludedNodes="[8ad84362-fca3-4a94-b029-55aaea538166{ip: 10.1.0.56, host: fv-az180-400.aibneqh1mxpuhl3tnnuy2ifbce.bx.internal.cloudapp.net, ports: [REPLICATION=45785, RATIS=38939, RATIS_ADMIN=38939, RATIS_SERVER=38939, STANDALONE=38791], networkLocation: /default-rack, certSerialId: null, persistedOpState: IN_SERVICE, persistedOpStateExpiryEpochSec: 0}, 1bb9cbb4-eec0-4324-8de7-fca776b53f2b{ip: 10.1.0.56, host: fv-az180-400.aibneqh1mxpuhl3tnnuy2ifbce.bx.internal.cloudapp.net, ports: [REPLICATION=45141, RATIS=44667, RATIS_ADMIN=44667, RATIS_SERVER=44667, STANDALONE=45879], networkLocation: /default-rack, certSerialId: null, persistedOpState: IN_SERVICE, persistedOpStateExpiryEpochSec: 0}, 961e98b4-0515-4e33-9a5e-b87989e0967c{ip: 10.1.0.56, host: fv-az180-400.aibneqh1mxpuhl3tnnuy2ifbce.bx.internal.cloudapp.net, ports: [REPLICATION=32803, RATIS=45547, RATIS_ADMIN=45547, RATIS_SERVER=45547, STANDALONE=33243], networkLocation: /default-rack, certSerialId: null, persistedOpState: IN_SERVICE, persistedOpStateExpiryEpochSec: 0}, a36f0c9e-34c7-41e1-90e2-5c691522fdfd{ip: 10.1.0.56, host: fv-az180-400.aibneqh1mxpuhl3tnnuy2ifbce.bx.internal.cloudapp.net, ports: [REPLICATION=43001, RATIS=35103, RATIS_ADMIN=35103, RATIS_SERVER=35103, STANDALONE=34509], networkLocation: /default-rack, certSerialId: null, persistedOpState: IN_SERVICE, persistedOpStateExpiryEpochSec: 0}, a49fbcfb-f7dc-4282-aec4-a4f9f3e2b5ab{ip: 10.1.0.56, host: fv-az180-400.aibneqh1mxpuhl3tnnuy2ifbce.bx.internal.cloudapp.net, ports: [REPLICATION=41799, RATIS=37955, RATIS_ADMIN=37955, RATIS_SERVER=37955, STANDALONE=46377], networkLocation: /default-rack, certSerialId: null, persistedOpState: null, persistedOpStateExpiryEpochSec: 0}]"  ancestorGen="0").
2022-11-18 13:06:08,465 [Under Replicated Processor] WARN  net.NetworkTopologyImpl (NetworkTopologyImpl.java:chooseNodeInternal(653)) - No available node in (scope="/default-rack" excludedScope="null" excludedNodes="[8ad84362-fca3-4a94-b029-55aaea538166{ip: 10.1.0.56, host: fv-az180-400.aibneqh1mxpuhl3tnnuy2ifbce.bx.internal.cloudapp.net, ports: [REPLICATION=45785, RATIS=38939, RATIS_ADMIN=38939, RATIS_SERVER=38939, STANDALONE=38791], networkLocation: /default-rack, certSerialId: null, persistedOpState: IN_SERVICE, persistedOpStateExpiryEpochSec: 0}, 1bb9cbb4-eec0-4324-8de7-fca776b53f2b{ip: 10.1.0.56, host: fv-az180-400.aibneqh1mxpuhl3tnnuy2ifbce.bx.internal.cloudapp.net, ports: [REPLICATION=45141, RATIS=44667, RATIS_ADMIN=44667, RATIS_SERVER=44667, STANDALONE=45879], networkLocation: /default-rack, certSerialId: null, persistedOpState: IN_SERVICE, persistedOpStateExpiryEpochSec: 0}, 961e98b4-0515-4e33-9a5e-b87989e0967c{ip: 10.1.0.56, host: fv-az180-400.aibneqh1mxpuhl3tnnuy2ifbce.bx.internal.cloudapp.net, ports: [REPLICATION=32803, RATIS=45547, RATIS_ADMIN=45547, RATIS_SERVER=45547, STANDALONE=33243], networkLocation: /default-rack, certSerialId: null, persistedOpState: IN_SERVICE, persistedOpStateExpiryEpochSec: 0}, a36f0c9e-34c7-41e1-90e2-5c691522fdfd{ip: 10.1.0.56, host: fv-az180-400.aibneqh1mxpuhl3tnnuy2ifbce.bx.internal.cloudapp.net, ports: [REPLICATION=43001, RATIS=35103, RATIS_ADMIN=35103, RATIS_SERVER=35103, STANDALONE=34509], networkLocation: /default-rack, certSerialId: null, persistedOpState: IN_SERVICE, persistedOpStateExpiryEpochSec: 0}, a49fbcfb-f7dc-4282-aec4-a4f9f3e2b5ab{ip: 10.1.0.56, host: fv-az180-400.aibneqh1mxpuhl3tnnuy2ifbce.bx.internal.cloudapp.net, ports: [REPLICATION=41799, RATIS=37955, RATIS_ADMIN=37955, RATIS_SERVER=37955, STANDALONE=46377], networkLocation: /default-rack, certSerialId: null, persistedOpState: null, persistedOpStateExpiryEpochSec: 0}]"  ancestorGen="0").
2022-11-18 13:06:08,465 [Under Replicated Processor] INFO  algorithms.SCMContainerPlacementRackScatter (SCMContainerPlacementRackScatter.java:chooseNode(379)) - No satisfied datanode to meet the constraints. Metadatadata size required: 0 Data size required: 5368709120, scope /default-rack, excluded nodes [8ad84362-fca3-4a94-b029-55aaea538166{ip: 10.1.0.56, host: fv-az180-400.aibneqh1mxpuhl3tnnuy2ifbce.bx.internal.cloudapp.net, ports: [REPLICATION=45785, RATIS=38939, RATIS_ADMIN=38939, RATIS_SERVER=38939, STANDALONE=38791], networkLocation: /default-rack, certSerialId: null, persistedOpState: IN_SERVICE, persistedOpStateExpiryEpochSec: 0}, 1bb9cbb4-eec0-4324-8de7-fca776b53f2b{ip: 10.1.0.56, host: fv-az180-400.aibneqh1mxpuhl3tnnuy2ifbce.bx.internal.cloudapp.net, ports: [REPLICATION=45141, RATIS=44667, RATIS_ADMIN=44667, RATIS_SERVER=44667, STANDALONE=45879], networkLocation: /default-rack, certSerialId: null, persistedOpState: IN_SERVICE, persistedOpStateExpiryEpochSec: 0}, 961e98b4-0515-4e33-9a5e-b87989e0967c{ip: 10.1.0.56, host: fv-az180-400.aibneqh1mxpuhl3tnnuy2ifbce.bx.internal.cloudapp.net, ports: [REPLICATION=32803, RATIS=45547, RATIS_ADMIN=45547, RATIS_SERVER=45547, STANDALONE=33243], networkLocation: /default-rack, certSerialId: null, persistedOpState: IN_SERVICE, persistedOpStateExpiryEpochSec: 0}, a36f0c9e-34c7-41e1-90e2-5c691522fdfd{ip: 10.1.0.56, host: fv-az180-400.aibneqh1mxpuhl3tnnuy2ifbce.bx.internal.cloudapp.net, ports: [REPLICATION=43001, RATIS=35103, RATIS_ADMIN=35103, RATIS_SERVER=35103, STANDALONE=34509], networkLocation: /default-rack, certSerialId: null, persistedOpState: IN_SERVICE, persistedOpStateExpiryEpochSec: 0}, a49fbcfb-f7dc-4282-aec4-a4f9f3e2b5ab{ip: 10.1.0.56, host: fv-az180-400.aibneqh1mxpuhl3tnnuy2ifbce.bx.internal.cloudapp.net, ports: [REPLICATION=41799, RATIS=37955, RATIS_ADMIN=37955, RATIS_SERVER=37955, STANDALONE=46377], networkLocation: /default-rack, certSerialId: null, persistedOpState: null, persistedOpStateExpiryEpochSec: 0}]
2022-11-18 13:06:08,465 [Under Replicated Processor] WARN  algorithms.SCMContainerPlacementRackScatter (SCMContainerPlacementRackScatter.java:chooseDatanodesInternal(281)) - Placement policy could not choose the enough nodes from available racks. Chosen nodes size from Unique Racks: 0, but required nodes to choose from Unique Racks: 1 do not match. Available racks count: 1, Excluded nodes count: 4
2022-11-18 13:06:08,465 [Under Replicated Processor] WARN  replication.ECUnderReplicationHandler (ECUnderReplicationHandler.java:processAndCreateCommands(252)) - Exception while processing for creating the EC reconstruction container commands for #8.
org.apache.hadoop.hdds.scm.exceptions.SCMException: Chosen nodes size from Unique Racks: 0, but required nodes to choose from Unique Racks: 1 do not match.
	at org.apache.hadoop.hdds.scm.container.placement.algorithms.SCMContainerPlacementRackScatter.chooseDatanodesInternal(SCMContainerPlacementRackScatter.java:286)
	at org.apache.hadoop.hdds.scm.SCMCommonPlacementPolicy.chooseDatanodes(SCMCommonPlacementPolicy.java:175)
	at org.apache.hadoop.hdds.scm.SCMCommonPlacementPolicy.chooseDatanodes(SCMCommonPlacementPolicy.java:117)
	at org.apache.hadoop.hdds.scm.container.replication.ECUnderReplicationHandler.getTargetDatanodes(ECUnderReplicationHandler.java:303)
	at org.apache.hadoop.hdds.scm.container.replication.ECUnderReplicationHandler.processAndCreateCommands(ECUnderReplicationHandler.java:186)
	at org.apache.hadoop.hdds.scm.container.replication.ReplicationManager.processUnderReplicatedContainer(ReplicationManager.java:483)
	at org.apache.hadoop.hdds.scm.container.replication.UnderReplicatedProcessor.processContainer(UnderReplicatedProcessor.java:99)
	at org.apache.hadoop.hdds.scm.container.replication.UnderReplicatedProcessor.processAll(UnderReplicatedProcessor.java:83)
	at org.apache.hadoop.hdds.scm.container.replication.UnderReplicatedProcessor.run(UnderReplicatedProcessor.java:144)
	at java.lang.Thread.run(Thread.java:750)
2022-11-18 13:06:08,474 [Under Replicated Processor] ERROR replication.UnderReplicatedProcessor (UnderReplicatedProcessor.java:processAll(86)) - Error processing under replicated container ContainerInfo{id=#8, state=CLOSED, pipelineID=PipelineID=67e84420-6fe2-43b6-bc4f-8bf4477b66f2, stateEnterTime=2022-11-18T13:05:28.764Z, owner=om1}
org.apache.hadoop.hdds.scm.exceptions.SCMException: Chosen nodes size from Unique Racks: 0, but required nodes to choose from Unique Racks: 1 do not match.
	at org.apache.hadoop.hdds.scm.container.placement.algorithms.SCMContainerPlacementRackScatter.chooseDatanodesInternal(SCMContainerPlacementRackScatter.java:286)
	at org.apache.hadoop.hdds.scm.SCMCommonPlacementPolicy.chooseDatanodes(SCMCommonPlacementPolicy.java:175)
	at org.apache.hadoop.hdds.scm.SCMCommonPlacementPolicy.chooseDatanodes(SCMCommonPlacementPolicy.java:117)
	at org.apache.hadoop.hdds.scm.container.replication.ECUnderReplicationHandler.getTargetDatanodes(ECUnderReplicationHandler.java:303)
	at org.apache.hadoop.hdds.scm.container.replication.ECUnderReplicationHandler.processAndCreateCommands(ECUnderReplicationHandler.java:186)
	at org.apache.hadoop.hdds.scm.container.replication.ReplicationManager.processUnderReplicatedContainer(ReplicationManager.java:483)
	at org.apache.hadoop.hdds.scm.container.replication.UnderReplicatedProcessor.processContainer(UnderReplicatedProcessor.java:99)
	at org.apache.hadoop.hdds.scm.container.replication.UnderReplicatedProcessor.processAll(UnderReplicatedProcessor.java:83)
	at org.apache.hadoop.hdds.scm.container.replication.UnderReplicatedProcessor.run(UnderReplicatedProcessor.java:144)
	at java.lang.Thread.run(Thread.java:750)
2022-11-18 13:06:08,475 [Under Replicated Processor] WARN  net.NetworkTopologyImpl (NetworkTopologyImpl.java:chooseNodeInternal(653)) - No available node in (scope="/default-rack" excludedScope="null" excludedNodes="[8ad84362-fca3-4a94-b029-55aaea538166{ip: 10.1.0.56, host: fv-az180-400.aibneqh1mxpuhl3tnnuy2ifbce.bx.internal.cloudapp.net, ports: [REPLICATION=45785, RATIS=38939, RATIS_ADMIN=38939, RATIS_SERVER=38939, STANDALONE=38791], networkLocation: /default-rack, certSerialId: null, persistedOpState: IN_SERVICE, persistedOpStateExpiryEpochSec: 0}, 1bb9cbb4-eec0-4324-8de7-fca776b53f2b{ip: 10.1.0.56, host: fv-az180-400.aibneqh1mxpuhl3tnnuy2ifbce.bx.internal.cloudapp.net, ports: [REPLICATION=45141, RATIS=44667, RATIS_ADMIN=44667, RATIS_SERVER=44667, STANDALONE=45879], networkLocation: /default-rack, certSerialId: null, persistedOpState: IN_SERVICE, persistedOpStateExpiryEpochSec: 0}, 961e98b4-0515-4e33-9a5e-b87989e0967c{ip: 10.1.0.56, host: fv-az180-400.aibneqh1mxpuhl3tnnuy2ifbce.bx.internal.cloudapp.net, ports: [REPLICATION=32803, RATIS=45547, RATIS_ADMIN=45547, RATIS_SERVER=45547, STANDALONE=33243], networkLocation: /default-rack, certSerialId: null, persistedOpState: IN_SERVICE, persistedOpStateExpiryEpochSec: 0}, a36f0c9e-34c7-41e1-90e2-5c691522fdfd{ip: 10.1.0.56, host: fv-az180-400.aibneqh1mxpuhl3tnnuy2ifbce.bx.internal.cloudapp.net, ports: [REPLICATION=43001, RATIS=35103, RATIS_ADMIN=35103, RATIS_SERVER=35103, STANDALONE=34509], networkLocation: /default-rack, certSerialId: null, persistedOpState: IN_SERVICE, persistedOpStateExpiryEpochSec: 0}, a49fbcfb-f7dc-4282-aec4-a4f9f3e2b5ab{ip: 10.1.0.56, host: fv-az180-400.aibneqh1mxpuhl3tnnuy2ifbce.bx.internal.cloudapp.net, ports: [REPLICATION=41799, RATIS=37955, RATIS_ADMIN=37955, RATIS_SERVER=37955, STANDALONE=46377], networkLocation: /default-rack, certSerialId: null, persistedOpState: null, persistedOpStateExpiryEpochSec: 0}]"  ancestorGen="0").
2022-11-18 13:06:08,475 [Under Replicated Processor] WARN  net.NetworkTopologyImpl (NetworkTopologyImpl.java:chooseNodeInternal(653)) - No available node in (scope="/default-rack" excludedScope="null" excludedNodes="[8ad84362-fca3-4a94-b029-55aaea538166{ip: 10.1.0.56, host: fv-az180-400.aibneqh1mxpuhl3tnnuy2ifbce.bx.internal.cloudapp.net, ports: [REPLICATION=45785, RATIS=38939, RATIS_ADMIN=38939, RATIS_SERVER=38939, STANDALONE=38791], networkLocation: /default-rack, certSerialId: null, persistedOpState: IN_SERVICE, persistedOpStateExpiryEpochSec: 0}, 1bb9cbb4-eec0-4324-8de7-fca776b53f2b{ip: 10.1.0.56, host: fv-az180-400.aibneqh1mxpuhl3tnnuy2ifbce.bx.internal.cloudapp.net, ports: [REPLICATION=45141, RATIS=44667, RATIS_ADMIN=44667, RATIS_SERVER=44667, STANDALONE=45879], networkLocation: /default-rack, certSerialId: null, persistedOpState: IN_SERVICE, persistedOpStateExpiryEpochSec: 0}, 961e98b4-0515-4e33-9a5e-b87989e0967c{ip: 10.1.0.56, host: fv-az180-400.aibneqh1mxpuhl3tnnuy2ifbce.bx.internal.cloudapp.net, ports: [REPLICATION=32803, RATIS=45547, RATIS_ADMIN=45547, RATIS_SERVER=45547, STANDALONE=33243], networkLocation: /default-rack, certSerialId: null, persistedOpState: IN_SERVICE, persistedOpStateExpiryEpochSec: 0}, a36f0c9e-34c7-41e1-90e2-5c691522fdfd{ip: 10.1.0.56, host: fv-az180-400.aibneqh1mxpuhl3tnnuy2ifbce.bx.internal.cloudapp.net, ports: [REPLICATION=43001, RATIS=35103, RATIS_ADMIN=35103, RATIS_SERVER=35103, STANDALONE=34509], networkLocation: /default-rack, certSerialId: null, persistedOpState: IN_SERVICE, persistedOpStateExpiryEpochSec: 0}, a49fbcfb-f7dc-4282-aec4-a4f9f3e2b5ab{ip: 10.1.0.56, host: fv-az180-400.aibneqh1mxpuhl3tnnuy2ifbce.bx.internal.cloudapp.net, ports: [REPLICATION=41799, RATIS=37955, RATIS_ADMIN=37955, RATIS_SERVER=37955, STANDALONE=46377], networkLocation: /default-rack, certSerialId: null, persistedOpState: null, persistedOpStateExpiryEpochSec: 0}]"  ancestorGen="0").
2022-11-18 13:06:08,475 [Under Replicated Processor] WARN  net.NetworkTopologyImpl (NetworkTopologyImpl.java:chooseNodeInternal(653)) - No available node in (scope="/default-rack" excludedScope="null" excludedNodes="[8ad84362-fca3-4a94-b029-55aaea538166{ip: 10.1.0.56, host: fv-az180-400.aibneqh1mxpuhl3tnnuy2ifbce.bx.internal.cloudapp.net, ports: [REPLICATION=45785, RATIS=38939, RATIS_ADMIN=38939, RATIS_SERVER=38939, STANDALONE=38791], networkLocation: /default-rack, certSerialId: null, persistedOpState: IN_SERVICE, persistedOpStateExpiryEpochSec: 0}, 1bb9cbb4-eec0-4324-8de7-fca776b53f2b{ip: 10.1.0.56, host: fv-az180-400.aibneqh1mxpuhl3tnnuy2ifbce.bx.internal.cloudapp.net, ports: [REPLICATION=45141, RATIS=44667, RATIS_ADMIN=44667, RATIS_SERVER=44667, STANDALONE=45879], networkLocation: /default-rack, certSerialId: null, persistedOpState: IN_SERVICE, persistedOpStateExpiryEpochSec: 0}, 961e98b4-0515-4e33-9a5e-b87989e0967c{ip: 10.1.0.56, host: fv-az180-400.aibneqh1mxpuhl3tnnuy2ifbce.bx.internal.cloudapp.net, ports: [REPLICATION=32803, RATIS=45547, RATIS_ADMIN=45547, RATIS_SERVER=45547, STANDALONE=33243], networkLocation: /default-rack, certSerialId: null, persistedOpState: IN_SERVICE, persistedOpStateExpiryEpochSec: 0}, a36f0c9e-34c7-41e1-90e2-5c691522fdfd{ip: 10.1.0.56, host: fv-az180-400.aibneqh1mxpuhl3tnnuy2ifbce.bx.internal.cloudapp.net, ports: [REPLICATION=43001, RATIS=35103, RATIS_ADMIN=35103, RATIS_SERVER=35103, STANDALONE=34509], networkLocation: /default-rack, certSerialId: null, persistedOpState: IN_SERVICE, persistedOpStateExpiryEpochSec: 0}, a49fbcfb-f7dc-4282-aec4-a4f9f3e2b5ab{ip: 10.1.0.56, host: fv-az180-400.aibneqh1mxpuhl3tnnuy2ifbce.bx.internal.cloudapp.net, ports: [REPLICATION=41799, RATIS=37955, RATIS_ADMIN=37955, RATIS_SERVER=37955, STANDALONE=46377], networkLocation: /default-rack, certSerialId: null, persistedOpState: null, persistedOpStateExpiryEpochSec: 0}]"  ancestorGen="0").
2022-11-18 13:06:08,475 [Under Replicated Processor] WARN  net.NetworkTopologyImpl (NetworkTopologyImpl.java:chooseNodeInternal(653)) - No available node in (scope="/default-rack" excludedScope="null" excludedNodes="[8ad84362-fca3-4a94-b029-55aaea538166{ip: 10.1.0.56, host: fv-az180-400.aibneqh1mxpuhl3tnnuy2ifbce.bx.internal.cloudapp.net, ports: [REPLICATION=45785, RATIS=38939, RATIS_ADMIN=38939, RATIS_SERVER=38939, STANDALONE=38791], networkLocation: /default-rack, certSerialId: null, persistedOpState: IN_SERVICE, persistedOpStateExpiryEpochSec: 0}, 1bb9cbb4-eec0-4324-8de7-fca776b53f2b{ip: 10.1.0.56, host: fv-az180-400.aibneqh1mxpuhl3tnnuy2ifbce.bx.internal.cloudapp.net, ports: [REPLICATION=45141, RATIS=44667, RATIS_ADMIN=44667, RATIS_SERVER=44667, STANDALONE=45879], networkLocation: /default-rack, certSerialId: null, persistedOpState: IN_SERVICE, persistedOpStateExpiryEpochSec: 0}, 961e98b4-0515-4e33-9a5e-b87989e0967c{ip: 10.1.0.56, host: fv-az180-400.aibneqh1mxpuhl3tnnuy2ifbce.bx.internal.cloudapp.net, ports: [REPLICATION=32803, RATIS=45547, RATIS_ADMIN=45547, RATIS_SERVER=45547, STANDALONE=33243], networkLocation: /default-rack, certSerialId: null, persistedOpState: IN_SERVICE, persistedOpStateExpiryEpochSec: 0}, a36f0c9e-34c7-41e1-90e2-5c691522fdfd{ip: 10.1.0.56, host: fv-az180-400.aibneqh1mxpuhl3tnnuy2ifbce.bx.internal.cloudapp.net, ports: [REPLICATION=43001, RATIS=35103, RATIS_ADMIN=35103, RATIS_SERVER=35103, STANDALONE=34509], networkLocation: /default-rack, certSerialId: null, persistedOpState: IN_SERVICE, persistedOpStateExpiryEpochSec: 0}, a49fbcfb-f7dc-4282-aec4-a4f9f3e2b5ab{ip: 10.1.0.56, host: fv-az180-400.aibneqh1mxpuhl3tnnuy2ifbce.bx.internal.cloudapp.net, ports: [REPLICATION=41799, RATIS=37955, RATIS_ADMIN=37955, RATIS_SERVER=37955, STANDALONE=46377], networkLocation: /default-rack, certSerialId: null, persistedOpState: null, persistedOpStateExpiryEpochSec: 0}]"  ancestorGen="0").
2022-11-18 13:06:08,475 [Under Replicated Processor] INFO  algorithms.SCMContainerPlacementRackScatter (SCMContainerPlacementRackScatter.java:chooseNode(379)) - No satisfied datanode to meet the constraints. Metadatadata size required: 0 Data size required: 5368709120, scope /default-rack, excluded nodes [8ad84362-fca3-4a94-b029-55aaea538166{ip: 10.1.0.56, host: fv-az180-400.aibneqh1mxpuhl3tnnuy2ifbce.bx.internal.cloudapp.net, ports: [REPLICATION=45785, RATIS=38939, RATIS_ADMIN=38939, RATIS_SERVER=38939, STANDALONE=38791], networkLocation: /default-rack, certSerialId: null, persistedOpState: IN_SERVICE, persistedOpStateExpiryEpochSec: 0}, 1bb9cbb4-eec0-4324-8de7-fca776b53f2b{ip: 10.1.0.56, host: fv-az180-400.aibneqh1mxpuhl3tnnuy2ifbce.bx.internal.cloudapp.net, ports: [REPLICATION=45141, RATIS=44667, RATIS_ADMIN=44667, RATIS_SERVER=44667, STANDALONE=45879], networkLocation: /default-rack, certSerialId: null, persistedOpState: IN_SERVICE, persistedOpStateExpiryEpochSec: 0}, 961e98b4-0515-4e33-9a5e-b87989e0967c{ip: 10.1.0.56, host: fv-az180-400.aibneqh1mxpuhl3tnnuy2ifbce.bx.internal.cloudapp.net, ports: [REPLICATION=32803, RATIS=45547, RATIS_ADMIN=45547, RATIS_SERVER=45547, STANDALONE=33243], networkLocation: /default-rack, certSerialId: null, persistedOpState: IN_SERVICE, persistedOpStateExpiryEpochSec: 0}, a36f0c9e-34c7-41e1-90e2-5c691522fdfd{ip: 10.1.0.56, host: fv-az180-400.aibneqh1mxpuhl3tnnuy2ifbce.bx.internal.cloudapp.net, ports: [REPLICATION=43001, RATIS=35103, RATIS_ADMIN=35103, RATIS_SERVER=35103, STANDALONE=34509], networkLocation: /default-rack, certSerialId: null, persistedOpState: IN_SERVICE, persistedOpStateExpiryEpochSec: 0}, a49fbcfb-f7dc-4282-aec4-a4f9f3e2b5ab{ip: 10.1.0.56, host: fv-az180-400.aibneqh1mxpuhl3tnnuy2ifbce.bx.internal.cloudapp.net, ports: [REPLICATION=41799, RATIS=37955, RATIS_ADMIN=37955, RATIS_SERVER=37955, STANDALONE=46377], networkLocation: /default-rack, certSerialId: null, persistedOpState: null, persistedOpStateExpiryEpochSec: 0}]
2022-11-18 13:06:08,475 [Under Replicated Processor] WARN  algorithms.SCMContainerPlacementRackScatter (SCMContainerPlacementRackScatter.java:chooseDatanodesInternal(281)) - Placement policy could not choose the enough nodes from available racks. Chosen nodes size from Unique Racks: 0, but required nodes to choose from Unique Racks: 1 do not match. Available racks count: 1, Excluded nodes count: 4
2022-11-18 13:06:08,475 [Under Replicated Processor] WARN  replication.ECUnderReplicationHandler (ECUnderReplicationHandler.java:processAndCreateCommands(252)) - Exception while processing for creating the EC reconstruction container commands for #8.
org.apache.hadoop.hdds.scm.exceptions.SCMException: Chosen nodes size from Unique Racks: 0, but required nodes to choose from Unique Racks: 1 do not match.
	at org.apache.hadoop.hdds.scm.container.placement.algorithms.SCMContainerPlacementRackScatter.chooseDatanodesInternal(SCMContainerPlacementRackScatter.java:286)
	at org.apache.hadoop.hdds.scm.SCMCommonPlacementPolicy.chooseDatanodes(SCMCommonPlacementPolicy.java:175)
	at org.apache.hadoop.hdds.scm.SCMCommonPlacementPolicy.chooseDatanodes(SCMCommonPlacementPolicy.java:117)
	at org.apache.hadoop.hdds.scm.container.replication.ECUnderReplicationHandler.getTargetDatanodes(ECUnderReplicationHandler.java:303)
	at org.apache.hadoop.hdds.scm.container.replication.ECUnderReplicationHandler.processAndCreateCommands(ECUnderReplicationHandler.java:186)
	at org.apache.hadoop.hdds.scm.container.replication.ReplicationManager.processUnderReplicatedContainer(ReplicationManager.java:483)
	at org.apache.hadoop.hdds.scm.container.replication.UnderReplicatedProcessor.processContainer(UnderReplicatedProcessor.java:99)
	at org.apache.hadoop.hdds.scm.container.replication.UnderReplicatedProcessor.processAll(UnderReplicatedProcessor.java:83)
	at org.apache.hadoop.hdds.scm.container.replication.UnderReplicatedProcessor.run(UnderReplicatedProcessor.java:144)
	at java.lang.Thread.run(Thread.java:750)
2022-11-18 13:06:08,476 [Under Replicated Processor] ERROR replication.UnderReplicatedProcessor (UnderReplicatedProcessor.java:processAll(86)) - Error processing under replicated container ContainerInfo{id=#8, state=CLOSED, pipelineID=PipelineID=67e84420-6fe2-43b6-bc4f-8bf4477b66f2, stateEnterTime=2022-11-18T13:05:28.764Z, owner=om1}
org.apache.hadoop.hdds.scm.exceptions.SCMException: Chosen nodes size from Unique Racks: 0, but required nodes to choose from Unique Racks: 1 do not match.
	at org.apache.hadoop.hdds.scm.container.placement.algorithms.SCMContainerPlacementRackScatter.chooseDatanodesInternal(SCMContainerPlacementRackScatter.java:286)
	at org.apache.hadoop.hdds.scm.SCMCommonPlacementPolicy.chooseDatanodes(SCMCommonPlacementPolicy.java:175)
	at org.apache.hadoop.hdds.scm.SCMCommonPlacementPolicy.chooseDatanodes(SCMCommonPlacementPolicy.java:117)
	at org.apache.hadoop.hdds.scm.container.replication.ECUnderReplicationHandler.getTargetDatanodes(ECUnderReplicationHandler.java:303)
	at org.apache.hadoop.hdds.scm.container.replication.ECUnderReplicationHandler.processAndCreateCommands(ECUnderReplicationHandler.java:186)
	at org.apache.hadoop.hdds.scm.container.replication.ReplicationManager.processUnderReplicatedContainer(ReplicationManager.java:483)
	at org.apache.hadoop.hdds.scm.container.replication.UnderReplicatedProcessor.processContainer(UnderReplicatedProcessor.java:99)
	at org.apache.hadoop.hdds.scm.container.replication.UnderReplicatedProcessor.processAll(UnderReplicatedProcessor.java:83)
	at org.apache.hadoop.hdds.scm.container.replication.UnderReplicatedProcessor.run(UnderReplicatedProcessor.java:144)
	at java.lang.Thread.run(Thread.java:750)
2022-11-18 13:06:08,476 [Under Replicated Processor] WARN  net.NetworkTopologyImpl (NetworkTopologyImpl.java:chooseNodeInternal(653)) - No available node in (scope="/default-rack" excludedScope="null" excludedNodes="[8ad84362-fca3-4a94-b029-55aaea538166{ip: 10.1.0.56, host: fv-az180-400.aibneqh1mxpuhl3tnnuy2ifbce.bx.internal.cloudapp.net, ports: [REPLICATION=45785, RATIS=38939, RATIS_ADMIN=38939, RATIS_SERVER=38939, STANDALONE=38791], networkLocation: /default-rack, certSerialId: null, persistedOpState: IN_SERVICE, persistedOpStateExpiryEpochSec: 0}, 1bb9cbb4-eec0-4324-8de7-fca776b53f2b{ip: 10.1.0.56, host: fv-az180-400.aibneqh1mxpuhl3tnnuy2ifbce.bx.internal.cloudapp.net, ports: [REPLICATION=45141, RATIS=44667, RATIS_ADMIN=44667, RATIS_SERVER=44667, STANDALONE=45879], networkLocation: /default-rack, certSerialId: null, persistedOpState: IN_SERVICE, persistedOpStateExpiryEpochSec: 0}, 961e98b4-0515-4e33-9a5e-b87989e0967c{ip: 10.1.0.56, host: fv-az180-400.aibneqh1mxpuhl3tnnuy2ifbce.bx.internal.cloudapp.net, ports: [REPLICATION=32803, RATIS=45547, RATIS_ADMIN=45547, RATIS_SERVER=45547, STANDALONE=33243], networkLocation: /default-rack, certSerialId: null, persistedOpState: IN_SERVICE, persistedOpStateExpiryEpochSec: 0}, a36f0c9e-34c7-41e1-90e2-5c691522fdfd{ip: 10.1.0.56, host: fv-az180-400.aibneqh1mxpuhl3tnnuy2ifbce.bx.internal.cloudapp.net, ports: [REPLICATION=43001, RATIS=35103, RATIS_ADMIN=35103, RATIS_SERVER=35103, STANDALONE=34509], networkLocation: /default-rack, certSerialId: null, persistedOpState: IN_SERVICE, persistedOpStateExpiryEpochSec: 0}, a49fbcfb-f7dc-4282-aec4-a4f9f3e2b5ab{ip: 10.1.0.56, host: fv-az180-400.aibneqh1mxpuhl3tnnuy2ifbce.bx.internal.cloudapp.net, ports: [REPLICATION=41799, RATIS=37955, RATIS_ADMIN=37955, RATIS_SERVER=37955, STANDALONE=46377], networkLocation: /default-rack, certSerialId: null, persistedOpState: null, persistedOpStateExpiryEpochSec: 0}]"  ancestorGen="0").
2022-11-18 13:06:08,476 [Under Replicated Processor] WARN  net.NetworkTopologyImpl (NetworkTopologyImpl.java:chooseNodeInternal(653)) - No available node in (scope="/default-rack" excludedScope="null" excludedNodes="[8ad84362-fca3-4a94-b029-55aaea538166{ip: 10.1.0.56, host: fv-az180-400.aibneqh1mxpuhl3tnnuy2ifbce.bx.internal.cloudapp.net, ports: [REPLICATION=45785, RATIS=38939, RATIS_ADMIN=38939, RATIS_SERVER=38939, STANDALONE=38791], networkLocation: /default-rack, certSerialId: null, persistedOpState: IN_SERVICE, persistedOpStateExpiryEpochSec: 0}, 1bb9cbb4-eec0-4324-8de7-fca776b53f2b{ip: 10.1.0.56, host: fv-az180-400.aibneqh1mxpuhl3tnnuy2ifbce.bx.internal.cloudapp.net, ports: [REPLICATION=45141, RATIS=44667, RATIS_ADMIN=44667, RATIS_SERVER=44667, STANDALONE=45879], networkLocation: /default-rack, certSerialId: null, persistedOpState: IN_SERVICE, persistedOpStateExpiryEpochSec: 0}, 961e98b4-0515-4e33-9a5e-b87989e0967c{ip: 10.1.0.56, host: fv-az180-400.aibneqh1mxpuhl3tnnuy2ifbce.bx.internal.cloudapp.net, ports: [REPLICATION=32803, RATIS=45547, RATIS_ADMIN=45547, RATIS_SERVER=45547, STANDALONE=33243], networkLocation: /default-rack, certSerialId: null, persistedOpState: IN_SERVICE, persistedOpStateExpiryEpochSec: 0}, a36f0c9e-34c7-41e1-90e2-5c691522fdfd{ip: 10.1.0.56, host: fv-az180-400.aibneqh1mxpuhl3tnnuy2ifbce.bx.internal.cloudapp.net, ports: [REPLICATION=43001, RATIS=35103, RATIS_ADMIN=35103, RATIS_SERVER=35103, STANDALONE=34509], networkLocation: /default-rack, certSerialId: null, persistedOpState: IN_SERVICE, persistedOpStateExpiryEpochSec: 0}, a49fbcfb-f7dc-4282-aec4-a4f9f3e2b5ab{ip: 10.1.0.56, host: fv-az180-400.aibneqh1mxpuhl3tnnuy2ifbce.bx.internal.cloudapp.net, ports: [REPLICATION=41799, RATIS=37955, RATIS_ADMIN=37955, RATIS_SERVER=37955, STANDALONE=46377], networkLocation: /default-rack, certSerialId: null, persistedOpState: null, persistedOpStateExpiryEpochSec: 0}]"  ancestorGen="0").
2022-11-18 13:06:08,476 [Under Replicated Processor] WARN  net.NetworkTopologyImpl (NetworkTopologyImpl.java:chooseNodeInternal(653)) - No available node in (scope="/default-rack" excludedScope="null" excludedNodes="[8ad84362-fca3-4a94-b029-55aaea538166{ip: 10.1.0.56, host: fv-az180-400.aibneqh1mxpuhl3tnnuy2ifbce.bx.internal.cloudapp.net, ports: [REPLICATION=45785, RATIS=38939, RATIS_ADMIN=38939, RATIS_SERVER=38939, STANDALONE=38791], networkLocation: /default-rack, certSerialId: null, persistedOpState: IN_SERVICE, persistedOpStateExpiryEpochSec: 0}, 1bb9cbb4-eec0-4324-8de7-fca776b53f2b{ip: 10.1.0.56, host: fv-az180-400.aibneqh1mxpuhl3tnnuy2ifbce.bx.internal.cloudapp.net, ports: [REPLICATION=45141, RATIS=44667, RATIS_ADMIN=44667, RATIS_SERVER=44667, STANDALONE=45879], networkLocation: /default-rack, certSerialId: null, persistedOpState: IN_SERVICE, persistedOpStateExpiryEpochSec: 0}, 961e98b4-0515-4e33-9a5e-b87989e0967c{ip: 10.1.0.56, host: fv-az180-400.aibneqh1mxpuhl3tnnuy2ifbce.bx.internal.cloudapp.net, ports: [REPLICATION=32803, RATIS=45547, RATIS_ADMIN=45547, RATIS_SERVER=45547, STANDALONE=33243], networkLocation: /default-rack, certSerialId: null, persistedOpState: IN_SERVICE, persistedOpStateExpiryEpochSec: 0}, a36f0c9e-34c7-41e1-90e2-5c691522fdfd{ip: 10.1.0.56, host: fv-az180-400.aibneqh1mxpuhl3tnnuy2ifbce.bx.internal.cloudapp.net, ports: [REPLICATION=43001, RATIS=35103, RATIS_ADMIN=35103, RATIS_SERVER=35103, STANDALONE=34509], networkLocation: /default-rack, certSerialId: null, persistedOpState: IN_SERVICE, persistedOpStateExpiryEpochSec: 0}, a49fbcfb-f7dc-4282-aec4-a4f9f3e2b5ab{ip: 10.1.0.56, host: fv-az180-400.aibneqh1mxpuhl3tnnuy2ifbce.bx.internal.cloudapp.net, ports: [REPLICATION=41799, RATIS=37955, RATIS_ADMIN=37955, RATIS_SERVER=37955, STANDALONE=46377], networkLocation: /default-rack, certSerialId: null, persistedOpState: null, persistedOpStateExpiryEpochSec: 0}]"  ancestorGen="0").
2022-11-18 13:06:08,476 [Under Replicated Processor] WARN  net.NetworkTopologyImpl (NetworkTopologyImpl.java:chooseNodeInternal(653)) - No available node in (scope="/default-rack" excludedScope="null" excludedNodes="[8ad84362-fca3-4a94-b029-55aaea538166{ip: 10.1.0.56, host: fv-az180-400.aibneqh1mxpuhl3tnnuy2ifbce.bx.internal.cloudapp.net, ports: [REPLICATION=45785, RATIS=38939, RATIS_ADMIN=38939, RATIS_SERVER=38939, STANDALONE=38791], networkLocation: /default-rack, certSerialId: null, persistedOpState: IN_SERVICE, persistedOpStateExpiryEpochSec: 0}, 1bb9cbb4-eec0-4324-8de7-fca776b53f2b{ip: 10.1.0.56, host: fv-az180-400.aibneqh1mxpuhl3tnnuy2ifbce.bx.internal.cloudapp.net, ports: [REPLICATION=45141, RATIS=44667, RATIS_ADMIN=44667, RATIS_SERVER=44667, STANDALONE=45879], networkLocation: /default-rack, certSerialId: null, persistedOpState: IN_SERVICE, persistedOpStateExpiryEpochSec: 0}, 961e98b4-0515-4e33-9a5e-b87989e0967c{ip: 10.1.0.56, host: fv-az180-400.aibneqh1mxpuhl3tnnuy2ifbce.bx.internal.cloudapp.net, ports: [REPLICATION=32803, RATIS=45547, RATIS_ADMIN=45547, RATIS_SERVER=45547, STANDALONE=33243], networkLocation: /default-rack, certSerialId: null, persistedOpState: IN_SERVICE, persistedOpStateExpiryEpochSec: 0}, a36f0c9e-34c7-41e1-90e2-5c691522fdfd{ip: 10.1.0.56, host: fv-az180-400.aibneqh1mxpuhl3tnnuy2ifbce.bx.internal.cloudapp.net, ports: [REPLICATION=43001, RATIS=35103, RATIS_ADMIN=35103, RATIS_SERVER=35103, STANDALONE=34509], networkLocation: /default-rack, certSerialId: null, persistedOpState: IN_SERVICE, persistedOpStateExpiryEpochSec: 0}, a49fbcfb-f7dc-4282-aec4-a4f9f3e2b5ab{ip: 10.1.0.56, host: fv-az180-400.aibneqh1mxpuhl3tnnuy2ifbce.bx.internal.cloudapp.net, ports: [REPLICATION=41799, RATIS=37955, RATIS_ADMIN=37955, RATIS_SERVER=37955, STANDALONE=46377], networkLocation: /default-rack, certSerialId: null, persistedOpState: null, persistedOpStateExpiryEpochSec: 0}]"  ancestorGen="0").
2022-11-18 13:06:08,476 [Under Replicated Processor] INFO  algorithms.SCMContainerPlacementRackScatter (SCMContainerPlacementRackScatter.java:chooseNode(379)) - No satisfied datanode to meet the constraints. Metadatadata size required: 0 Data size required: 5368709120, scope /default-rack, excluded nodes [8ad84362-fca3-4a94-b029-55aaea538166{ip: 10.1.0.56, host: fv-az180-400.aibneqh1mxpuhl3tnnuy2ifbce.bx.internal.cloudapp.net, ports: [REPLICATION=45785, RATIS=38939, RATIS_ADMIN=38939, RATIS_SERVER=38939, STANDALONE=38791], networkLocation: /default-rack, certSerialId: null, persistedOpState: IN_SERVICE, persistedOpStateExpiryEpochSec: 0}, 1bb9cbb4-eec0-4324-8de7-fca776b53f2b{ip: 10.1.0.56, host: fv-az180-400.aibneqh1mxpuhl3tnnuy2ifbce.bx.internal.cloudapp.net, ports: [REPLICATION=45141, RATIS=44667, RATIS_ADMIN=44667, RATIS_SERVER=44667, STANDALONE=45879], networkLocation: /default-rack, certSerialId: null, persistedOpState: IN_SERVICE, persistedOpStateExpiryEpochSec: 0}, 961e98b4-0515-4e33-9a5e-b87989e0967c{ip: 10.1.0.56, host: fv-az180-400.aibneqh1mxpuhl3tnnuy2ifbce.bx.internal.cloudapp.net, ports: [REPLICATION=32803, RATIS=45547, RATIS_ADMIN=45547, RATIS_SERVER=45547, STANDALONE=33243], networkLocation: /default-rack, certSerialId: null, persistedOpState: IN_SERVICE, persistedOpStateExpiryEpochSec: 0}, a36f0c9e-34c7-41e1-90e2-5c691522fdfd{ip: 10.1.0.56, host: fv-az180-400.aibneqh1mxpuhl3tnnuy2ifbce.bx.internal.cloudapp.net, ports: [REPLICATION=43001, RATIS=35103, RATIS_ADMIN=35103, RATIS_SERVER=35103, STANDALONE=34509], networkLocation: /default-rack, certSerialId: null, persistedOpState: IN_SERVICE, persistedOpStateExpiryEpochSec: 0}, a49fbcfb-f7dc-4282-aec4-a4f9f3e2b5ab{ip: 10.1.0.56, host: fv-az180-400.aibneqh1mxpuhl3tnnuy2ifbce.bx.internal.cloudapp.net, ports: [REPLICATION=41799, RATIS=37955, RATIS_ADMIN=37955, RATIS_SERVER=37955, STANDALONE=46377], networkLocation: /default-rack, certSerialId: null, persistedOpState: null, persistedOpStateExpiryEpochSec: 0}]
2022-11-18 13:06:08,476 [Under Replicated Processor] WARN  algorithms.SCMContainerPlacementRackScatter (SCMContainerPlacementRackScatter.java:chooseDatanodesInternal(281)) - Placement policy could not choose the enough nodes from available racks. Chosen nodes size from Unique Racks: 0, but required nodes to choose from Unique Racks: 1 do not match. Available racks count: 1, Excluded nodes count: 4
2022-11-18 13:06:08,476 [Under Replicated Processor] WARN  replication.ECUnderReplicationHandler (ECUnderReplicationHandler.java:processAndCreateCommands(252)) - Exception while processing for creating the EC reconstruction container commands for #8.
org.apache.hadoop.hdds.scm.exceptions.SCMException: Chosen nodes size from Unique Racks: 0, but required nodes to choose from Unique Racks: 1 do not match.
	at org.apache.hadoop.hdds.scm.container.placement.algorithms.SCMContainerPlacementRackScatter.chooseDatanodesInternal(SCMContainerPlacementRackScatter.java:286)
	at org.apache.hadoop.hdds.scm.SCMCommonPlacementPolicy.chooseDatanodes(SCMCommonPlacementPolicy.java:175)
	at org.apache.hadoop.hdds.scm.SCMCommonPlacementPolicy.chooseDatanodes(SCMCommonPlacementPolicy.java:117)
	at org.apache.hadoop.hdds.scm.container.replication.ECUnderReplicationHandler.getTargetDatanodes(ECUnderReplicationHandler.java:303)
	at org.apache.hadoop.hdds.scm.container.replication.ECUnderReplicationHandler.processAndCreateCommands(ECUnderReplicationHandler.java:186)
	at org.apache.hadoop.hdds.scm.container.replication.ReplicationManager.processUnderReplicatedContainer(ReplicationManager.java:483)
	at org.apache.hadoop.hdds.scm.container.replication.UnderReplicatedProcessor.processContainer(UnderReplicatedProcessor.java:99)
	at org.apache.hadoop.hdds.scm.container.replication.UnderReplicatedProcessor.processAll(UnderReplicatedProcessor.java:83)
	at org.apache.hadoop.hdds.scm.container.replication.UnderReplicatedProcessor.run(UnderReplicatedProcessor.java:144)
	at java.lang.Thread.run(Thread.java:750)
2022-11-18 13:06:08,477 [Under Replicated Processor] ERROR replication.UnderReplicatedProcessor (UnderReplicatedProcessor.java:processAll(86)) - Error processing under replicated container ContainerInfo{id=#8, state=CLOSED, pipelineID=PipelineID=67e84420-6fe2-43b6-bc4f-8bf4477b66f2, stateEnterTime=2022-11-18T13:05:28.764Z, owner=om1}
org.apache.hadoop.hdds.scm.exceptions.SCMException: Chosen nodes size from Unique Racks: 0, but required nodes to choose from Unique Racks: 1 do not match.
	at org.apache.hadoop.hdds.scm.container.placement.algorithms.SCMContainerPlacementRackScatter.chooseDatanodesInternal(SCMContainerPlacementRackScatter.java:286)
	at org.apache.hadoop.hdds.scm.SCMCommonPlacementPolicy.chooseDatanodes(SCMCommonPlacementPolicy.java:175)
	at org.apache.hadoop.hdds.scm.SCMCommonPlacementPolicy.chooseDatanodes(SCMCommonPlacementPolicy.java:117)
	at org.apache.hadoop.hdds.scm.container.replication.ECUnderReplicationHandler.getTargetDatanodes(ECUnderReplicationHandler.java:303)
	at org.apache.hadoop.hdds.scm.container.replication.ECUnderReplicationHandler.processAndCreateCommands(ECUnderReplicationHandler.java:186)
	at org.apache.hadoop.hdds.scm.container.replication.ReplicationManager.processUnderReplicatedContainer(ReplicationManager.java:483)
	at org.apache.hadoop.hdds.scm.container.replication.UnderReplicatedProcessor.processContainer(UnderReplicatedProcessor.java:99)
	at org.apache.hadoop.hdds.scm.container.replication.UnderReplicatedProcessor.processAll(UnderReplicatedProcessor.java:83)
	at org.apache.hadoop.hdds.scm.container.replication.UnderReplicatedProcessor.run(UnderReplicatedProcessor.java:144)
	at java.lang.Thread.run(Thread.java:750)
2022-11-18 13:06:08,477 [Under Replicated Processor] WARN  net.NetworkTopologyImpl (NetworkTopologyImpl.java:chooseNodeInternal(653)) - No available node in (scope="/default-rack" excludedScope="null" excludedNodes="[8ad84362-fca3-4a94-b029-55aaea538166{ip: 10.1.0.56, host: fv-az180-400.aibneqh1mxpuhl3tnnuy2ifbce.bx.internal.cloudapp.net, ports: [REPLICATION=45785, RATIS=38939, RATIS_ADMIN=38939, RATIS_SERVER=38939, STANDALONE=38791], networkLocation: /default-rack, certSerialId: null, persistedOpState: IN_SERVICE, persistedOpStateExpiryEpochSec: 0}, 1bb9cbb4-eec0-4324-8de7-fca776b53f2b{ip: 10.1.0.56, host: fv-az180-400.aibneqh1mxpuhl3tnnuy2ifbce.bx.internal.cloudapp.net, ports: [REPLICATION=45141, RATIS=44667, RATIS_ADMIN=44667, RATIS_SERVER=44667, STANDALONE=45879], networkLocation: /default-rack, certSerialId: null, persistedOpState: IN_SERVICE, persistedOpStateExpiryEpochSec: 0}, 961e98b4-0515-4e33-9a5e-b87989e0967c{ip: 10.1.0.56, host: fv-az180-400.aibneqh1mxpuhl3tnnuy2ifbce.bx.internal.cloudapp.net, ports: [REPLICATION=32803, RATIS=45547, RATIS_ADMIN=45547, RATIS_SERVER=45547, STANDALONE=33243], networkLocation: /default-rack, certSerialId: null, persistedOpState: IN_SERVICE, persistedOpStateExpiryEpochSec: 0}, a36f0c9e-34c7-41e1-90e2-5c691522fdfd{ip: 10.1.0.56, host: fv-az180-400.aibneqh1mxpuhl3tnnuy2ifbce.bx.internal.cloudapp.net, ports: [REPLICATION=43001, RATIS=35103, RATIS_ADMIN=35103, RATIS_SERVER=35103, STANDALONE=34509], networkLocation: /default-rack, certSerialId: null, persistedOpState: IN_SERVICE, persistedOpStateExpiryEpochSec: 0}, a49fbcfb-f7dc-4282-aec4-a4f9f3e2b5ab{ip: 10.1.0.56, host: fv-az180-400.aibneqh1mxpuhl3tnnuy2ifbce.bx.internal.cloudapp.net, ports: [REPLICATION=41799, RATIS=37955, RATIS_ADMIN=37955, RATIS_SERVER=37955, STANDALONE=46377], networkLocation: /default-rack, certSerialId: null, persistedOpState: null, persistedOpStateExpiryEpochSec: 0}]"  ancestorGen="0").
2022-11-18 13:06:08,477 [Under Replicated Processor] WARN  net.NetworkTopologyImpl (NetworkTopologyImpl.java:chooseNodeInternal(653)) - No available node in (scope="/default-rack" excludedScope="null" excludedNodes="[8ad84362-fca3-4a94-b029-55aaea538166{ip: 10.1.0.56, host: fv-az180-400.aibneqh1mxpuhl3tnnuy2ifbce.bx.internal.cloudapp.net, ports: [REPLICATION=45785, RATIS=38939, RATIS_ADMIN=38939, RATIS_SERVER=38939, STANDALONE=38791], networkLocation: /default-rack, certSerialId: null, persistedOpState: IN_SERVICE, persistedOpStateExpiryEpochSec: 0}, 1bb9cbb4-eec0-4324-8de7-fca776b53f2b{ip: 10.1.0.56, host: fv-az180-400.aibneqh1mxpuhl3tnnuy2ifbce.bx.internal.cloudapp.net, ports: [REPLICATION=45141, RATIS=44667, RATIS_ADMIN=44667, RATIS_SERVER=44667, STANDALONE=45879], networkLocation: /default-rack, certSerialId: null, persistedOpState: IN_SERVICE, persistedOpStateExpiryEpochSec: 0}, 961e98b4-0515-4e33-9a5e-b87989e0967c{ip: 10.1.0.56, host: fv-az180-400.aibneqh1mxpuhl3tnnuy2ifbce.bx.internal.cloudapp.net, ports: [REPLICATION=32803, RATIS=45547, RATIS_ADMIN=45547, RATIS_SERVER=45547, STANDALONE=33243], networkLocation: /default-rack, certSerialId: null, persistedOpState: IN_SERVICE, persistedOpStateExpiryEpochSec: 0}, a36f0c9e-34c7-41e1-90e2-5c691522fdfd{ip: 10.1.0.56, host: fv-az180-400.aibneqh1mxpuhl3tnnuy2ifbce.bx.internal.cloudapp.net, ports: [REPLICATION=43001, RATIS=35103, RATIS_ADMIN=35103, RATIS_SERVER=35103, STANDALONE=34509], networkLocation: /default-rack, certSerialId: null, persistedOpState: IN_SERVICE, persistedOpStateExpiryEpochSec: 0}, a49fbcfb-f7dc-4282-aec4-a4f9f3e2b5ab{ip: 10.1.0.56, host: fv-az180-400.aibneqh1mxpuhl3tnnuy2ifbce.bx.internal.cloudapp.net, ports: [REPLICATION=41799, RATIS=37955, RATIS_ADMIN=37955, RATIS_SERVER=37955, STANDALONE=46377], networkLocation: /default-rack, certSerialId: null, persistedOpState: null, persistedOpStateExpiryEpochSec: 0}]"  ancestorGen="0").
2022-11-18 13:06:08,477 [Under Replicated Processor] WARN  net.NetworkTopologyImpl (NetworkTopologyImpl.java:chooseNodeInternal(653)) - No available node in (scope="/default-rack" excludedScope="null" excludedNodes="[8ad84362-fca3-4a94-b029-55aaea538166{ip: 10.1.0.56, host: fv-az180-400.aibneqh1mxpuhl3tnnuy2ifbce.bx.internal.cloudapp.net, ports: [REPLICATION=45785, RATIS=38939, RATIS_ADMIN=38939, RATIS_SERVER=38939, STANDALONE=38791], networkLocation: /default-rack, certSerialId: null, persistedOpState: IN_SERVICE, persistedOpStateExpiryEpochSec: 0}, 1bb9cbb4-eec0-4324-8de7-fca776b53f2b{ip: 10.1.0.56, host: fv-az180-400.aibneqh1mxpuhl3tnnuy2ifbce.bx.internal.cloudapp.net, ports: [REPLICATION=45141, RATIS=44667, RATIS_ADMIN=44667, RATIS_SERVER=44667, STANDALONE=45879], networkLocation: /default-rack, certSerialId: null, persistedOpState: IN_SERVICE, persistedOpStateExpiryEpochSec: 0}, 961e98b4-0515-4e33-9a5e-b87989e0967c{ip: 10.1.0.56, host: fv-az180-400.aibneqh1mxpuhl3tnnuy2ifbce.bx.internal.cloudapp.net, ports: [REPLICATION=32803, RATIS=45547, RATIS_ADMIN=45547, RATIS_SERVER=45547, STANDALONE=33243], networkLocation: /default-rack, certSerialId: null, persistedOpState: IN_SERVICE, persistedOpStateExpiryEpochSec: 0}, a36f0c9e-34c7-41e1-90e2-5c691522fdfd{ip: 10.1.0.56, host: fv-az180-400.aibneqh1mxpuhl3tnnuy2ifbce.bx.internal.cloudapp.net, ports: [REPLICATION=43001, RATIS=35103, RATIS_ADMIN=35103, RATIS_SERVER=35103, STANDALONE=34509], networkLocation: /default-rack, certSerialId: null, persistedOpState: IN_SERVICE, persistedOpStateExpiryEpochSec: 0}, a49fbcfb-f7dc-4282-aec4-a4f9f3e2b5ab{ip: 10.1.0.56, host: fv-az180-400.aibneqh1mxpuhl3tnnuy2ifbce.bx.internal.cloudapp.net, ports: [REPLICATION=41799, RATIS=37955, RATIS_ADMIN=37955, RATIS_SERVER=37955, STANDALONE=46377], networkLocation: /default-rack, certSerialId: null, persistedOpState: null, persistedOpStateExpiryEpochSec: 0}]"  ancestorGen="0").
2022-11-18 13:06:08,477 [Under Replicated Processor] WARN  net.NetworkTopologyImpl (NetworkTopologyImpl.java:chooseNodeInternal(653)) - No available node in (scope="/default-rack" excludedScope="null" excludedNodes="[8ad84362-fca3-4a94-b029-55aaea538166{ip: 10.1.0.56, host: fv-az180-400.aibneqh1mxpuhl3tnnuy2ifbce.bx.internal.cloudapp.net, ports: [REPLICATION=45785, RATIS=38939, RATIS_ADMIN=38939, RATIS_SERVER=38939, STANDALONE=38791], networkLocation: /default-rack, certSerialId: null, persistedOpState: IN_SERVICE, persistedOpStateExpiryEpochSec: 0}, 1bb9cbb4-eec0-4324-8de7-fca776b53f2b{ip: 10.1.0.56, host: fv-az180-400.aibneqh1mxpuhl3tnnuy2ifbce.bx.internal.cloudapp.net, ports: [REPLICATION=45141, RATIS=44667, RATIS_ADMIN=44667, RATIS_SERVER=44667, STANDALONE=45879], networkLocation: /default-rack, certSerialId: null, persistedOpState: IN_SERVICE, persistedOpStateExpiryEpochSec: 0}, 961e98b4-0515-4e33-9a5e-b87989e0967c{ip: 10.1.0.56, host: fv-az180-400.aibneqh1mxpuhl3tnnuy2ifbce.bx.internal.cloudapp.net, ports: [REPLICATION=32803, RATIS=45547, RATIS_ADMIN=45547, RATIS_SERVER=45547, STANDALONE=33243], networkLocation: /default-rack, certSerialId: null, persistedOpState: IN_SERVICE, persistedOpStateExpiryEpochSec: 0}, a36f0c9e-34c7-41e1-90e2-5c691522fdfd{ip: 10.1.0.56, host: fv-az180-400.aibneqh1mxpuhl3tnnuy2ifbce.bx.internal.cloudapp.net, ports: [REPLICATION=43001, RATIS=35103, RATIS_ADMIN=35103, RATIS_SERVER=35103, STANDALONE=34509], networkLocation: /default-rack, certSerialId: null, persistedOpState: IN_SERVICE, persistedOpStateExpiryEpochSec: 0}, a49fbcfb-f7dc-4282-aec4-a4f9f3e2b5ab{ip: 10.1.0.56, host: fv-az180-400.aibneqh1mxpuhl3tnnuy2ifbce.bx.internal.cloudapp.net, ports: [REPLICATION=41799, RATIS=37955, RATIS_ADMIN=37955, RATIS_SERVER=37955, STANDALONE=46377], networkLocation: /default-rack, certSerialId: null, persistedOpState: null, persistedOpStateExpiryEpochSec: 0}]"  ancestorGen="0").
2022-11-18 13:06:08,477 [Under Replicated Processor] INFO  algorithms.SCMContainerPlacementRackScatter (SCMContainerPlacementRackScatter.java:chooseNode(379)) - No satisfied datanode to meet the constraints. Metadatadata size required: 0 Data size required: 5368709120, scope /default-rack, excluded nodes [8ad84362-fca3-4a94-b029-55aaea538166{ip: 10.1.0.56, host: fv-az180-400.aibneqh1mxpuhl3tnnuy2ifbce.bx.internal.cloudapp.net, ports: [REPLICATION=45785, RATIS=38939, RATIS_ADMIN=38939, RATIS_SERVER=38939, STANDALONE=38791], networkLocation: /default-rack, certSerialId: null, persistedOpState: IN_SERVICE, persistedOpStateExpiryEpochSec: 0}, 1bb9cbb4-eec0-4324-8de7-fca776b53f2b{ip: 10.1.0.56, host: fv-az180-400.aibneqh1mxpuhl3tnnuy2ifbce.bx.internal.cloudapp.net, ports: [REPLICATION=45141, RATIS=44667, RATIS_ADMIN=44667, RATIS_SERVER=44667, STANDALONE=45879], networkLocation: /default-rack, certSerialId: null, persistedOpState: IN_SERVICE, persistedOpStateExpiryEpochSec: 0}, 961e98b4-0515-4e33-9a5e-b87989e0967c{ip: 10.1.0.56, host: fv-az180-400.aibneqh1mxpuhl3tnnuy2ifbce.bx.internal.cloudapp.net, ports: [REPLICATION=32803, RATIS=45547, RATIS_ADMIN=45547, RATIS_SERVER=45547, STANDALONE=33243], networkLocation: /default-rack, certSerialId: null, persistedOpState: IN_SERVICE, persistedOpStateExpiryEpochSec: 0}, a36f0c9e-34c7-41e1-90e2-5c691522fdfd{ip: 10.1.0.56, host: fv-az180-400.aibneqh1mxpuhl3tnnuy2ifbce.bx.internal.cloudapp.net, ports: [REPLICATION=43001, RATIS=35103, RATIS_ADMIN=35103, RATIS_SERVER=35103, STANDALONE=34509], networkLocation: /default-rack, certSerialId: null, persistedOpState: IN_SERVICE, persistedOpStateExpiryEpochSec: 0}, a49fbcfb-f7dc-4282-aec4-a4f9f3e2b5ab{ip: 10.1.0.56, host: fv-az180-400.aibneqh1mxpuhl3tnnuy2ifbce.bx.internal.cloudapp.net, ports: [REPLICATION=41799, RATIS=37955, RATIS_ADMIN=37955, RATIS_SERVER=37955, STANDALONE=46377], networkLocation: /default-rack, certSerialId: null, persistedOpState: null, persistedOpStateExpiryEpochSec: 0}]
2022-11-18 13:06:08,477 [Under Replicated Processor] WARN  algorithms.SCMContainerPlacementRackScatter (SCMContainerPlacementRackScatter.java:chooseDatanodesInternal(281)) - Placement policy could not choose the enough nodes from available racks. Chosen nodes size from Unique Racks: 0, but required nodes to choose from Unique Racks: 1 do not match. Available racks count: 1, Excluded nodes count: 4
2022-11-18 13:06:08,477 [Under Replicated Processor] WARN  replication.ECUnderReplicationHandler (ECUnderReplicationHandler.java:processAndCreateCommands(252)) - Exception while processing for creating the EC reconstruction container commands for #8.
org.apache.hadoop.hdds.scm.exceptions.SCMException: Chosen nodes size from Unique Racks: 0, but required nodes to choose from Unique Racks: 1 do not match.
	at org.apache.hadoop.hdds.scm.container.placement.algorithms.SCMContainerPlacementRackScatter.chooseDatanodesInternal(SCMContainerPlacementRackScatter.java:286)
	at org.apache.hadoop.hdds.scm.SCMCommonPlacementPolicy.chooseDatanodes(SCMCommonPlacementPolicy.java:175)
	at org.apache.hadoop.hdds.scm.SCMCommonPlacementPolicy.chooseDatanodes(SCMCommonPlacementPolicy.java:117)
	at org.apache.hadoop.hdds.scm.container.replication.ECUnderReplicationHandler.getTargetDatanodes(ECUnderReplicationHandler.java:303)
	at org.apache.hadoop.hdds.scm.container.replication.ECUnderReplicationHandler.processAndCreateCommands(ECUnderReplicationHandler.java:186)
	at org.apache.hadoop.hdds.scm.container.replication.ReplicationManager.processUnderReplicatedContainer(ReplicationManager.java:483)
	at org.apache.hadoop.hdds.scm.container.replication.UnderReplicatedProcessor.processContainer(UnderReplicatedProcessor.java:99)
	at org.apache.hadoop.hdds.scm.container.replication.UnderReplicatedProcessor.processAll(UnderReplicatedProcessor.java:83)
	at org.apache.hadoop.hdds.scm.container.replication.UnderReplicatedProcessor.run(UnderReplicatedProcessor.java:144)
	at java.lang.Thread.run(Thread.java:750)
2022-11-18 13:06:08,478 [Under Replicated Processor] ERROR replication.UnderReplicatedProcessor (UnderReplicatedProcessor.java:processAll(86)) - Error processing under replicated container ContainerInfo{id=#8, state=CLOSED, pipelineID=PipelineID=67e84420-6fe2-43b6-bc4f-8bf4477b66f2, stateEnterTime=2022-11-18T13:05:28.764Z, owner=om1}
org.apache.hadoop.hdds.scm.exceptions.SCMException: Chosen nodes size from Unique Racks: 0, but required nodes to choose from Unique Racks: 1 do not match.
	at org.apache.hadoop.hdds.scm.container.placement.algorithms.SCMContainerPlacementRackScatter.chooseDatanodesInternal(SCMContainerPlacementRackScatter.java:286)
	at org.apache.hadoop.hdds.scm.SCMCommonPlacementPolicy.chooseDatanodes(SCMCommonPlacementPolicy.java:175)
	at org.apache.hadoop.hdds.scm.SCMCommonPlacementPolicy.chooseDatanodes(SCMCommonPlacementPolicy.java:117)
	at org.apache.hadoop.hdds.scm.container.replication.ECUnderReplicationHandler.getTargetDatanodes(ECUnderReplicationHandler.java:303)
	at org.apache.hadoop.hdds.scm.container.replication.ECUnderReplicationHandler.processAndCreateCommands(ECUnderReplicationHandler.java:186)
	at org.apache.hadoop.hdds.scm.container.replication.ReplicationManager.processUnderReplicatedContainer(ReplicationManager.java:483)
	at org.apache.hadoop.hdds.scm.container.replication.UnderReplicatedProcessor.processContainer(UnderReplicatedProcessor.java:99)
	at org.apache.hadoop.hdds.scm.container.replication.UnderReplicatedProcessor.processAll(UnderReplicatedProcessor.java:83)
	at org.apache.hadoop.hdds.scm.container.replication.UnderReplicatedProcessor.run(UnderReplicatedProcessor.java:144)
	at java.lang.Thread.run(Thread.java:750)
2022-11-18 13:06:08,478 [Under Replicated Processor] WARN  net.NetworkTopologyImpl (NetworkTopologyImpl.java:chooseNodeInternal(653)) - No available node in (scope="/default-rack" excludedScope="null" excludedNodes="[8ad84362-fca3-4a94-b029-55aaea538166{ip: 10.1.0.56, host: fv-az180-400.aibneqh1mxpuhl3tnnuy2ifbce.bx.internal.cloudapp.net, ports: [REPLICATION=45785, RATIS=38939, RATIS_ADMIN=38939, RATIS_SERVER=38939, STANDALONE=38791], networkLocation: /default-rack, certSerialId: null, persistedOpState: IN_SERVICE, persistedOpStateExpiryEpochSec: 0}, 1bb9cbb4-eec0-4324-8de7-fca776b53f2b{ip: 10.1.0.56, host: fv-az180-400.aibneqh1mxpuhl3tnnuy2ifbce.bx.internal.cloudapp.net, ports: [REPLICATION=45141, RATIS=44667, RATIS_ADMIN=44667, RATIS_SERVER=44667, STANDALONE=45879], networkLocation: /default-rack, certSerialId: null, persistedOpState: IN_SERVICE, persistedOpStateExpiryEpochSec: 0}, 961e98b4-0515-4e33-9a5e-b87989e0967c{ip: 10.1.0.56, host: fv-az180-400.aibneqh1mxpuhl3tnnuy2ifbce.bx.internal.cloudapp.net, ports: [REPLICATION=32803, RATIS=45547, RATIS_ADMIN=45547, RATIS_SERVER=45547, STANDALONE=33243], networkLocation: /default-rack, certSerialId: null, persistedOpState: IN_SERVICE, persistedOpStateExpiryEpochSec: 0}, a36f0c9e-34c7-41e1-90e2-5c691522fdfd{ip: 10.1.0.56, host: fv-az180-400.aibneqh1mxpuhl3tnnuy2ifbce.bx.internal.cloudapp.net, ports: [REPLICATION=43001, RATIS=35103, RATIS_ADMIN=35103, RATIS_SERVER=35103, STANDALONE=34509], networkLocation: /default-rack, certSerialId: null, persistedOpState: IN_SERVICE, persistedOpStateExpiryEpochSec: 0}, a49fbcfb-f7dc-4282-aec4-a4f9f3e2b5ab{ip: 10.1.0.56, host: fv-az180-400.aibneqh1mxpuhl3tnnuy2ifbce.bx.internal.cloudapp.net, ports: [REPLICATION=41799, RATIS=37955, RATIS_ADMIN=37955, RATIS_SERVER=37955, STANDALONE=46377], networkLocation: /default-rack, certSerialId: null, persistedOpState: null, persistedOpStateExpiryEpochSec: 0}]"  ancestorGen="0").
2022-11-18 13:06:08,478 [Under Replicated Processor] WARN  net.NetworkTopologyImpl (NetworkTopologyImpl.java:chooseNodeInternal(653)) - No available node in (scope="/default-rack" excludedScope="null" excludedNodes="[8ad84362-fca3-4a94-b029-55aaea538166{ip: 10.1.0.56, host: fv-az180-400.aibneqh1mxpuhl3tnnuy2ifbce.bx.internal.cloudapp.net, ports: [REPLICATION=45785, RATIS=38939, RATIS_ADMIN=38939, RATIS_SERVER=38939, STANDALONE=38791], networkLocation: /default-rack, certSerialId: null, persistedOpState: IN_SERVICE, persistedOpStateExpiryEpochSec: 0}, 1bb9cbb4-eec0-4324-8de7-fca776b53f2b{ip: 10.1.0.56, host: fv-az180-400.aibneqh1mxpuhl3tnnuy2ifbce.bx.internal.cloudapp.net, ports: [REPLICATION=45141, RATIS=44667, RATIS_ADMIN=44667, RATIS_SERVER=44667, STANDALONE=45879], networkLocation: /default-rack, certSerialId: null, persistedOpState: IN_SERVICE, persistedOpStateExpiryEpochSec: 0}, 961e98b4-0515-4e33-9a5e-b87989e0967c{ip: 10.1.0.56, host: fv-az180-400.aibneqh1mxpuhl3tnnuy2ifbce.bx.internal.cloudapp.net, ports: [REPLICATION=32803, RATIS=45547, RATIS_ADMIN=45547, RATIS_SERVER=45547, STANDALONE=33243], networkLocation: /default-rack, certSerialId: null, persistedOpState: IN_SERVICE, persistedOpStateExpiryEpochSec: 0}, a36f0c9e-34c7-41e1-90e2-5c691522fdfd{ip: 10.1.0.56, host: fv-az180-400.aibneqh1mxpuhl3tnnuy2ifbce.bx.internal.cloudapp.net, ports: [REPLICATION=43001, RATIS=35103, RATIS_ADMIN=35103, RATIS_SERVER=35103, STANDALONE=34509], networkLocation: /default-rack, certSerialId: null, persistedOpState: IN_SERVICE, persistedOpStateExpiryEpochSec: 0}, a49fbcfb-f7dc-4282-aec4-a4f9f3e2b5ab{ip: 10.1.0.56, host: fv-az180-400.aibneqh1mxpuhl3tnnuy2ifbce.bx.internal.cloudapp.net, ports: [REPLICATION=41799, RATIS=37955, RATIS_ADMIN=37955, RATIS_SERVER=37955, STANDALONE=46377], networkLocation: /default-rack, certSerialId: null, persistedOpState: null, persistedOpStateExpiryEpochSec: 0}]"  ancestorGen="0").
2022-11-18 13:06:08,478 [Under Replicated Processor] WARN  net.NetworkTopologyImpl (NetworkTopologyImpl.java:chooseNodeInternal(653)) - No available node in (scope="/default-rack" excludedScope="null" excludedNodes="[8ad84362-fca3-4a94-b029-55aaea538166{ip: 10.1.0.56, host: fv-az180-400.aibneqh1mxpuhl3tnnuy2ifbce.bx.internal.cloudapp.net, ports: [REPLICATION=45785, RATIS=38939, RATIS_ADMIN=38939, RATIS_SERVER=38939, STANDALONE=38791], networkLocation: /default-rack, certSerialId: null, persistedOpState: IN_SERVICE, persistedOpStateExpiryEpochSec: 0}, 1bb9cbb4-eec0-4324-8de7-fca776b53f2b{ip: 10.1.0.56, host: fv-az180-400.aibneqh1mxpuhl3tnnuy2ifbce.bx.internal.cloudapp.net, ports: [REPLICATION=45141, RATIS=44667, RATIS_ADMIN=44667, RATIS_SERVER=44667, STANDALONE=45879], networkLocation: /default-rack, certSerialId: null, persistedOpState: IN_SERVICE, persistedOpStateExpiryEpochSec: 0}, 961e98b4-0515-4e33-9a5e-b87989e0967c{ip: 10.1.0.56, host: fv-az180-400.aibneqh1mxpuhl3tnnuy2ifbce.bx.internal.cloudapp.net, ports: [REPLICATION=32803, RATIS=45547, RATIS_ADMIN=45547, RATIS_SERVER=45547, STANDALONE=33243], networkLocation: /default-rack, certSerialId: null, persistedOpState: IN_SERVICE, persistedOpStateExpiryEpochSec: 0}, a36f0c9e-34c7-41e1-90e2-5c691522fdfd{ip: 10.1.0.56, host: fv-az180-400.aibneqh1mxpuhl3tnnuy2ifbce.bx.internal.cloudapp.net, ports: [REPLICATION=43001, RATIS=35103, RATIS_ADMIN=35103, RATIS_SERVER=35103, STANDALONE=34509], networkLocation: /default-rack, certSerialId: null, persistedOpState: IN_SERVICE, persistedOpStateExpiryEpochSec: 0}, a49fbcfb-f7dc-4282-aec4-a4f9f3e2b5ab{ip: 10.1.0.56, host: fv-az180-400.aibneqh1mxpuhl3tnnuy2ifbce.bx.internal.cloudapp.net, ports: [REPLICATION=41799, RATIS=37955, RATIS_ADMIN=37955, RATIS_SERVER=37955, STANDALONE=46377], networkLocation: /default-rack, certSerialId: null, persistedOpState: null, persistedOpStateExpiryEpochSec: 0}]"  ancestorGen="0").
2022-11-18 13:06:08,478 [Under Replicated Processor] WARN  net.NetworkTopologyImpl (NetworkTopologyImpl.java:chooseNodeInternal(653)) - No available node in (scope="/default-rack" excludedScope="null" excludedNodes="[8ad84362-fca3-4a94-b029-55aaea538166{ip: 10.1.0.56, host: fv-az180-400.aibneqh1mxpuhl3tnnuy2ifbce.bx.internal.cloudapp.net, ports: [REPLICATION=45785, RATIS=38939, RATIS_ADMIN=38939, RATIS_SERVER=38939, STANDALONE=38791], networkLocation: /default-rack, certSerialId: null, persistedOpState: IN_SERVICE, persistedOpStateExpiryEpochSec: 0}, 1bb9cbb4-eec0-4324-8de7-fca776b53f2b{ip: 10.1.0.56, host: fv-az180-400.aibneqh1mxpuhl3tnnuy2ifbce.bx.internal.cloudapp.net, ports: [REPLICATION=45141, RATIS=44667, RATIS_ADMIN=44667, RATIS_SERVER=44667, STANDALONE=45879], networkLocation: /default-rack, certSerialId: null, persistedOpState: IN_SERVICE, persistedOpStateExpiryEpochSec: 0}, 961e98b4-0515-4e33-9a5e-b87989e0967c{ip: 10.1.0.56, host: fv-az180-400.aibneqh1mxpuhl3tnnuy2ifbce.bx.internal.cloudapp.net, ports: [REPLICATION=32803, RATIS=45547, RATIS_ADMIN=45547, RATIS_SERVER=45547, STANDALONE=33243], networkLocation: /default-rack, certSerialId: null, persistedOpState: IN_SERVICE, persistedOpStateExpiryEpochSec: 0}, a36f0c9e-34c7-41e1-90e2-5c691522fdfd{ip: 10.1.0.56, host: fv-az180-400.aibneqh1mxpuhl3tnnuy2ifbce.bx.internal.cloudapp.net, ports: [REPLICATION=43001, RATIS=35103, RATIS_ADMIN=35103, RATIS_SERVER=35103, STANDALONE=34509], networkLocation: /default-rack, certSerialId: null, persistedOpState: IN_SERVICE, persistedOpStateExpiryEpochSec: 0}, a49fbcfb-f7dc-4282-aec4-a4f9f3e2b5ab{ip: 10.1.0.56, host: fv-az180-400.aibneqh1mxpuhl3tnnuy2ifbce.bx.internal.cloudapp.net, ports: [REPLICATION=41799, RATIS=37955, RATIS_ADMIN=37955, RATIS_SERVER=37955, STANDALONE=46377], networkLocation: /default-rack, certSerialId: null, persistedOpState: null, persistedOpStateExpiryEpochSec: 0}]"  ancestorGen="0").
2022-11-18 13:06:08,478 [Under Replicated Processor] INFO  algorithms.SCMContainerPlacementRackScatter (SCMContainerPlacementRackScatter.java:chooseNode(379)) - No satisfied datanode to meet the constraints. Metadatadata size required: 0 Data size required: 5368709120, scope /default-rack, excluded nodes [8ad84362-fca3-4a94-b029-55aaea538166{ip: 10.1.0.56, host: fv-az180-400.aibneqh1mxpuhl3tnnuy2ifbce.bx.internal.cloudapp.net, ports: [REPLICATION=45785, RATIS=38939, RATIS_ADMIN=38939, RATIS_SERVER=38939, STANDALONE=38791], networkLocation: /default-rack, certSerialId: null, persistedOpState: IN_SERVICE, persistedOpStateExpiryEpochSec: 0}, 1bb9cbb4-eec0-4324-8de7-fca776b53f2b{ip: 10.1.0.56, host: fv-az180-400.aibneqh1mxpuhl3tnnuy2ifbce.bx.internal.cloudapp.net, ports: [REPLICATION=45141, RATIS=44667, RATIS_ADMIN=44667, RATIS_SERVER=44667, STANDALONE=45879], networkLocation: /default-rack, certSerialId: null, persistedOpState: IN_SERVICE, persistedOpStateExpiryEpochSec: 0}, 961e98b4-0515-4e33-9a5e-b87989e0967c{ip: 10.1.0.56, host: fv-az180-400.aibneqh1mxpuhl3tnnuy2ifbce.bx.internal.cloudapp.net, ports: [REPLICATION=32803, RATIS=45547, RATIS_ADMIN=45547, RATIS_SERVER=45547, STANDALONE=33243], networkLocation: /default-rack, certSerialId: null, persistedOpState: IN_SERVICE, persistedOpStateExpiryEpochSec: 0}, a36f0c9e-34c7-41e1-90e2-5c691522fdfd{ip: 10.1.0.56, host: fv-az180-400.aibneqh1mxpuhl3tnnuy2ifbce.bx.internal.cloudapp.net, ports: [REPLICATION=43001, RATIS=35103, RATIS_ADMIN=35103, RATIS_SERVER=35103, STANDALONE=34509], networkLocation: /default-rack, certSerialId: null, persistedOpState: IN_SERVICE, persistedOpStateExpiryEpochSec: 0}, a49fbcfb-f7dc-4282-aec4-a4f9f3e2b5ab{ip: 10.1.0.56, host: fv-az180-400.aibneqh1mxpuhl3tnnuy2ifbce.bx.internal.cloudapp.net, ports: [REPLICATION=41799, RATIS=37955, RATIS_ADMIN=37955, RATIS_SERVER=37955, STANDALONE=46377], networkLocation: /default-rack, certSerialId: null, persistedOpState: null, persistedOpStateExpiryEpochSec: 0}]
2022-11-18 13:06:08,478 [Under Replicated Processor] WARN  algorithms.SCMContainerPlacementRackScatter (SCMContainerPlacementRackScatter.java:chooseDatanodesInternal(281)) - Placement policy could not choose the enough nodes from available racks. Chosen nodes size from Unique Racks: 0, but required nodes to choose from Unique Racks: 1 do not match. Available racks count: 1, Excluded nodes count: 4
2022-11-18 13:06:08,478 [Under Replicated Processor] WARN  replication.ECUnderReplicationHandler (ECUnderReplicationHandler.java:processAndCreateCommands(252)) - Exception while processing for creating the EC reconstruction container commands for #8.
org.apache.hadoop.hdds.scm.exceptions.SCMException: Chosen nodes size from Unique Racks: 0, but required nodes to choose from Unique Racks: 1 do not match.
	at org.apache.hadoop.hdds.scm.container.placement.algorithms.SCMContainerPlacementRackScatter.chooseDatanodesInternal(SCMContainerPlacementRackScatter.java:286)
	at org.apache.hadoop.hdds.scm.SCMCommonPlacementPolicy.chooseDatanodes(SCMCommonPlacementPolicy.java:175)
	at org.apache.hadoop.hdds.scm.SCMCommonPlacementPolicy.chooseDatanodes(SCMCommonPlacementPolicy.java:117)
	at org.apache.hadoop.hdds.scm.container.replication.ECUnderReplicationHandler.getTargetDatanodes(ECUnderReplicationHandler.java:303)
	at org.apache.hadoop.hdds.scm.container.replication.ECUnderReplicationHandler.processAndCreateCommands(ECUnderReplicationHandler.java:186)
	at org.apache.hadoop.hdds.scm.container.replication.ReplicationManager.processUnderReplicatedContainer(ReplicationManager.java:483)
	at org.apache.hadoop.hdds.scm.container.replication.UnderReplicatedProcessor.processContainer(UnderReplicatedProcessor.java:99)
	at org.apache.hadoop.hdds.scm.container.replication.UnderReplicatedProcessor.processAll(UnderReplicatedProcessor.java:83)
	at org.apache.hadoop.hdds.scm.container.replication.UnderReplicatedProcessor.run(UnderReplicatedProcessor.java:144)
	at java.lang.Thread.run(Thread.java:750)
2022-11-18 13:06:08,479 [Under Replicated Processor] ERROR replication.UnderReplicatedProcessor (UnderReplicatedProcessor.java:processAll(86)) - Error processing under replicated container ContainerInfo{id=#8, state=CLOSED, pipelineID=PipelineID=67e84420-6fe2-43b6-bc4f-8bf4477b66f2, stateEnterTime=2022-11-18T13:05:28.764Z, owner=om1}
org.apache.hadoop.hdds.scm.exceptions.SCMException: Chosen nodes size from Unique Racks: 0, but required nodes to choose from Unique Racks: 1 do not match.
	at org.apache.hadoop.hdds.scm.container.placement.algorithms.SCMContainerPlacementRackScatter.chooseDatanodesInternal(SCMContainerPlacementRackScatter.java:286)
	at org.apache.hadoop.hdds.scm.SCMCommonPlacementPolicy.chooseDatanodes(SCMCommonPlacementPolicy.java:175)
	at org.apache.hadoop.hdds.scm.SCMCommonPlacementPolicy.chooseDatanodes(SCMCommonPlacementPolicy.java:117)
	at org.apache.hadoop.hdds.scm.container.replication.ECUnderReplicationHandler.getTargetDatanodes(ECUnderReplicationHandler.java:303)
	at org.apache.hadoop.hdds.scm.container.replication.ECUnderReplicationHandler.processAndCreateCommands(ECUnderReplicationHandler.java:186)
	at org.apache.hadoop.hdds.scm.container.replication.ReplicationManager.processUnderReplicatedContainer(ReplicationManager.java:483)
	at org.apache.hadoop.hdds.scm.container.replication.UnderReplicatedProcessor.processContainer(UnderReplicatedProcessor.java:99)
	at org.apache.hadoop.hdds.scm.container.replication.UnderReplicatedProcessor.processAll(UnderReplicatedProcessor.java:83)
	at org.apache.hadoop.hdds.scm.container.replication.UnderReplicatedProcessor.run(UnderReplicatedProcessor.java:144)
	at java.lang.Thread.run(Thread.java:750)
2022-11-18 13:06:08,479 [Under Replicated Processor] WARN  net.NetworkTopologyImpl (NetworkTopologyImpl.java:chooseNodeInternal(653)) - No available node in (scope="/default-rack" excludedScope="null" excludedNodes="[8ad84362-fca3-4a94-b029-55aaea538166{ip: 10.1.0.56, host: fv-az180-400.aibneqh1mxpuhl3tnnuy2ifbce.bx.internal.cloudapp.net, ports: [REPLICATION=45785, RATIS=38939, RATIS_ADMIN=38939, RATIS_SERVER=38939, STANDALONE=38791], networkLocation: /default-rack, certSerialId: null, persistedOpState: IN_SERVICE, persistedOpStateExpiryEpochSec: 0}, 1bb9cbb4-eec0-4324-8de7-fca776b53f2b{ip: 10.1.0.56, host: fv-az180-400.aibneqh1mxpuhl3tnnuy2ifbce.bx.internal.cloudapp.net, ports: [REPLICATION=45141, RATIS=44667, RATIS_ADMIN=44667, RATIS_SERVER=44667, STANDALONE=45879], networkLocation: /default-rack, certSerialId: null, persistedOpState: IN_SERVICE, persistedOpStateExpiryEpochSec: 0}, 961e98b4-0515-4e33-9a5e-b87989e0967c{ip: 10.1.0.56, host: fv-az180-400.aibneqh1mxpuhl3tnnuy2ifbce.bx.internal.cloudapp.net, ports: [REPLICATION=32803, RATIS=45547, RATIS_ADMIN=45547, RATIS_SERVER=45547, STANDALONE=33243], networkLocation: /default-rack, certSerialId: null, persistedOpState: IN_SERVICE, persistedOpStateExpiryEpochSec: 0}, a36f0c9e-34c7-41e1-90e2-5c691522fdfd{ip: 10.1.0.56, host: fv-az180-400.aibneqh1mxpuhl3tnnuy2ifbce.bx.internal.cloudapp.net, ports: [REPLICATION=43001, RATIS=35103, RATIS_ADMIN=35103, RATIS_SERVER=35103, STANDALONE=34509], networkLocation: /default-rack, certSerialId: null, persistedOpState: IN_SERVICE, persistedOpStateExpiryEpochSec: 0}, a49fbcfb-f7dc-4282-aec4-a4f9f3e2b5ab{ip: 10.1.0.56, host: fv-az180-400.aibneqh1mxpuhl3tnnuy2ifbce.bx.internal.cloudapp.net, ports: [REPLICATION=41799, RATIS=37955, RATIS_ADMIN=37955, RATIS_SERVER=37955, STANDALONE=46377], networkLocation: /default-rack, certSerialId: null, persistedOpState: null, persistedOpStateExpiryEpochSec: 0}]"  ancestorGen="0").
2022-11-18 13:06:08,479 [Under Replicated Processor] WARN  net.NetworkTopologyImpl (NetworkTopologyImpl.java:chooseNodeInternal(653)) - No available node in (scope="/default-rack" excludedScope="null" excludedNodes="[8ad84362-fca3-4a94-b029-55aaea538166{ip: 10.1.0.56, host: fv-az180-400.aibneqh1mxpuhl3tnnuy2ifbce.bx.internal.cloudapp.net, ports: [REPLICATION=45785, RATIS=38939, RATIS_ADMIN=38939, RATIS_SERVER=38939, STANDALONE=38791], networkLocation: /default-rack, certSerialId: null, persistedOpState: IN_SERVICE, persistedOpStateExpiryEpochSec: 0}, 1bb9cbb4-eec0-4324-8de7-fca776b53f2b{ip: 10.1.0.56, host: fv-az180-400.aibneqh1mxpuhl3tnnuy2ifbce.bx.internal.cloudapp.net, ports: [REPLICATION=45141, RATIS=44667, RATIS_ADMIN=44667, RATIS_SERVER=44667, STANDALONE=45879], networkLocation: /default-rack, certSerialId: null, persistedOpState: IN_SERVICE, persistedOpStateExpiryEpochSec: 0}, 961e98b4-0515-4e33-9a5e-b87989e0967c{ip: 10.1.0.56, host: fv-az180-400.aibneqh1mxpuhl3tnnuy2ifbce.bx.internal.cloudapp.net, ports: [REPLICATION=32803, RATIS=45547, RATIS_ADMIN=45547, RATIS_SERVER=45547, STANDALONE=33243], networkLocation: /default-rack, certSerialId: null, persistedOpState: IN_SERVICE, persistedOpStateExpiryEpochSec: 0}, a36f0c9e-34c7-41e1-90e2-5c691522fdfd{ip: 10.1.0.56, host: fv-az180-400.aibneqh1mxpuhl3tnnuy2ifbce.bx.internal.cloudapp.net, ports: [REPLICATION=43001, RATIS=35103, RATIS_ADMIN=35103, RATIS_SERVER=35103, STANDALONE=34509], networkLocation: /default-rack, certSerialId: null, persistedOpState: IN_SERVICE, persistedOpStateExpiryEpochSec: 0}, a49fbcfb-f7dc-4282-aec4-a4f9f3e2b5ab{ip: 10.1.0.56, host: fv-az180-400.aibneqh1mxpuhl3tnnuy2ifbce.bx.internal.cloudapp.net, ports: [REPLICATION=41799, RATIS=37955, RATIS_ADMIN=37955, RATIS_SERVER=37955, STANDALONE=46377], networkLocation: /default-rack, certSerialId: null, persistedOpState: null, persistedOpStateExpiryEpochSec: 0}]"  ancestorGen="0").
2022-11-18 13:06:08,479 [Under Replicated Processor] WARN  net.NetworkTopologyImpl (NetworkTopologyImpl.java:chooseNodeInternal(653)) - No available node in (scope="/default-rack" excludedScope="null" excludedNodes="[8ad84362-fca3-4a94-b029-55aaea538166{ip: 10.1.0.56, host: fv-az180-400.aibneqh1mxpuhl3tnnuy2ifbce.bx.internal.cloudapp.net, ports: [REPLICATION=45785, RATIS=38939, RATIS_ADMIN=38939, RATIS_SERVER=38939, STANDALONE=38791], networkLocation: /default-rack, certSerialId: null, persistedOpState: IN_SERVICE, persistedOpStateExpiryEpochSec: 0}, 1bb9cbb4-eec0-4324-8de7-fca776b53f2b{ip: 10.1.0.56, host: fv-az180-400.aibneqh1mxpuhl3tnnuy2ifbce.bx.internal.cloudapp.net, ports: [REPLICATION=45141, RATIS=44667, RATIS_ADMIN=44667, RATIS_SERVER=44667, STANDALONE=45879], networkLocation: /default-rack, certSerialId: null, persistedOpState: IN_SERVICE, persistedOpStateExpiryEpochSec: 0}, 961e98b4-0515-4e33-9a5e-b87989e0967c{ip: 10.1.0.56, host: fv-az180-400.aibneqh1mxpuhl3tnnuy2ifbce.bx.internal.cloudapp.net, ports: [REPLICATION=32803, RATIS=45547, RATIS_ADMIN=45547, RATIS_SERVER=45547, STANDALONE=33243], networkLocation: /default-rack, certSerialId: null, persistedOpState: IN_SERVICE, persistedOpStateExpiryEpochSec: 0}, a36f0c9e-34c7-41e1-90e2-5c691522fdfd{ip: 10.1.0.56, host: fv-az180-400.aibneqh1mxpuhl3tnnuy2ifbce.bx.internal.cloudapp.net, ports: [REPLICATION=43001, RATIS=35103, RATIS_ADMIN=35103, RATIS_SERVER=35103, STANDALONE=34509], networkLocation: /default-rack, certSerialId: null, persistedOpState: IN_SERVICE, persistedOpStateExpiryEpochSec: 0}, a49fbcfb-f7dc-4282-aec4-a4f9f3e2b5ab{ip: 10.1.0.56, host: fv-az180-400.aibneqh1mxpuhl3tnnuy2ifbce.bx.internal.cloudapp.net, ports: [REPLICATION=41799, RATIS=37955, RATIS_ADMIN=37955, RATIS_SERVER=37955, STANDALONE=46377], networkLocation: /default-rack, certSerialId: null, persistedOpState: null, persistedOpStateExpiryEpochSec: 0}]"  ancestorGen="0").
2022-11-18 13:06:08,479 [Under Replicated Processor] WARN  net.NetworkTopologyImpl (NetworkTopologyImpl.java:chooseNodeInternal(653)) - No available node in (scope="/default-rack" excludedScope="null" excludedNodes="[8ad84362-fca3-4a94-b029-55aaea538166{ip: 10.1.0.56, host: fv-az180-400.aibneqh1mxpuhl3tnnuy2ifbce.bx.internal.cloudapp.net, ports: [REPLICATION=45785, RATIS=38939, RATIS_ADMIN=38939, RATIS_SERVER=38939, STANDALONE=38791], networkLocation: /default-rack, certSerialId: null, persistedOpState: IN_SERVICE, persistedOpStateExpiryEpochSec: 0}, 1bb9cbb4-eec0-4324-8de7-fca776b53f2b{ip: 10.1.0.56, host: fv-az180-400.aibneqh1mxpuhl3tnnuy2ifbce.bx.internal.cloudapp.net, ports: [REPLICATION=45141, RATIS=44667, RATIS_ADMIN=44667, RATIS_SERVER=44667, STANDALONE=45879], networkLocation: /default-rack, certSerialId: null, persistedOpState: IN_SERVICE, persistedOpStateExpiryEpochSec: 0}, 961e98b4-0515-4e33-9a5e-b87989e0967c{ip: 10.1.0.56, host: fv-az180-400.aibneqh1mxpuhl3tnnuy2ifbce.bx.internal.cloudapp.net, ports: [REPLICATION=32803, RATIS=45547, RATIS_ADMIN=45547, RATIS_SERVER=45547, STANDALONE=33243], networkLocation: /default-rack, certSerialId: null, persistedOpState: IN_SERVICE, persistedOpStateExpiryEpochSec: 0}, a36f0c9e-34c7-41e1-90e2-5c691522fdfd{ip: 10.1.0.56, host: fv-az180-400.aibneqh1mxpuhl3tnnuy2ifbce.bx.internal.cloudapp.net, ports: [REPLICATION=43001, RATIS=35103, RATIS_ADMIN=35103, RATIS_SERVER=35103, STANDALONE=34509], networkLocation: /default-rack, certSerialId: null, persistedOpState: IN_SERVICE, persistedOpStateExpiryEpochSec: 0}, a49fbcfb-f7dc-4282-aec4-a4f9f3e2b5ab{ip: 10.1.0.56, host: fv-az180-400.aibneqh1mxpuhl3tnnuy2ifbce.bx.internal.cloudapp.net, ports: [REPLICATION=41799, RATIS=37955, RATIS_ADMIN=37955, RATIS_SERVER=37955, STANDALONE=46377], networkLocation: /default-rack, certSerialId: null, persistedOpState: null, persistedOpStateExpiryEpochSec: 0}]"  ancestorGen="0").
2022-11-18 13:06:08,479 [Under Replicated Processor] INFO  algorithms.SCMContainerPlacementRackScatter (SCMContainerPlacementRackScatter.java:chooseNode(379)) - No satisfied datanode to meet the constraints. Metadatadata size required: 0 Data size required: 5368709120, scope /default-rack, excluded nodes [8ad84362-fca3-4a94-b029-55aaea538166{ip: 10.1.0.56, host: fv-az180-400.aibneqh1mxpuhl3tnnuy2ifbce.bx.internal.cloudapp.net, ports: [REPLICATION=45785, RATIS=38939, RATIS_ADMIN=38939, RATIS_SERVER=38939, STANDALONE=38791], networkLocation: /default-rack, certSerialId: null, persistedOpState: IN_SERVICE, persistedOpStateExpiryEpochSec: 0}, 1bb9cbb4-eec0-4324-8de7-fca776b53f2b{ip: 10.1.0.56, host: fv-az180-400.aibneqh1mxpuhl3tnnuy2ifbce.bx.internal.cloudapp.net, ports: [REPLICATION=45141, RATIS=44667, RATIS_ADMIN=44667, RATIS_SERVER=44667, STANDALONE=45879], networkLocation: /default-rack, certSerialId: null, persistedOpState: IN_SERVICE, persistedOpStateExpiryEpochSec: 0}, 961e98b4-0515-4e33-9a5e-b87989e0967c{ip: 10.1.0.56, host: fv-az180-400.aibneqh1mxpuhl3tnnuy2ifbce.bx.internal.cloudapp.net, ports: [REPLICATION=32803, RATIS=45547, RATIS_ADMIN=45547, RATIS_SERVER=45547, STANDALONE=33243], networkLocation: /default-rack, certSerialId: null, persistedOpState: IN_SERVICE, persistedOpStateExpiryEpochSec: 0}, a36f0c9e-34c7-41e1-90e2-5c691522fdfd{ip: 10.1.0.56, host: fv-az180-400.aibneqh1mxpuhl3tnnuy2ifbce.bx.internal.cloudapp.net, ports: [REPLICATION=43001, RATIS=35103, RATIS_ADMIN=35103, RATIS_SERVER=35103, STANDALONE=34509], networkLocation: /default-rack, certSerialId: null, persistedOpState: IN_SERVICE, persistedOpStateExpiryEpochSec: 0}, a49fbcfb-f7dc-4282-aec4-a4f9f3e2b5ab{ip: 10.1.0.56, host: fv-az180-400.aibneqh1mxpuhl3tnnuy2ifbce.bx.internal.cloudapp.net, ports: [REPLICATION=41799, RATIS=37955, RATIS_ADMIN=37955, RATIS_SERVER=37955, STANDALONE=46377], networkLocation: /default-rack, certSerialId: null, persistedOpState: null, persistedOpStateExpiryEpochSec: 0}]
2022-11-18 13:06:08,479 [Under Replicated Processor] WARN  algorithms.SCMContainerPlacementRackScatter (SCMContainerPlacementRackScatter.java:chooseDatanodesInternal(281)) - Placement policy could not choose the enough nodes from available racks. Chosen nodes size from Unique Racks: 0, but required nodes to choose from Unique Racks: 1 do not match. Available racks count: 1, Excluded nodes count: 4
2022-11-18 13:06:08,479 [Under Replicated Processor] WARN  replication.ECUnderReplicationHandler (ECUnderReplicationHandler.java:processAndCreateCommands(252)) - Exception while processing for creating the EC reconstruction container commands for #8.
org.apache.hadoop.hdds.scm.exceptions.SCMException: Chosen nodes size from Unique Racks: 0, but required nodes to choose from Unique Racks: 1 do not match.
	at org.apache.hadoop.hdds.scm.container.placement.algorithms.SCMContainerPlacementRackScatter.chooseDatanodesInternal(SCMContainerPlacementRackScatter.java:286)
	at org.apache.hadoop.hdds.scm.SCMCommonPlacementPolicy.chooseDatanodes(SCMCommonPlacementPolicy.java:175)
	at org.apache.hadoop.hdds.scm.SCMCommonPlacementPolicy.chooseDatanodes(SCMCommonPlacementPolicy.java:117)
	at org.apache.hadoop.hdds.scm.container.replication.ECUnderReplicationHandler.getTargetDatanodes(ECUnderReplicationHandler.java:303)
	at org.apache.hadoop.hdds.scm.container.replication.ECUnderReplicationHandler.processAndCreateCommands(ECUnderReplicationHandler.java:186)
	at org.apache.hadoop.hdds.scm.container.replication.ReplicationManager.processUnderReplicatedContainer(ReplicationManager.java:483)
	at org.apache.hadoop.hdds.scm.container.replication.UnderReplicatedProcessor.processContainer(UnderReplicatedProcessor.java:99)
	at org.apache.hadoop.hdds.scm.container.replication.UnderReplicatedProcessor.processAll(UnderReplicatedProcessor.java:83)
	at org.apache.hadoop.hdds.scm.container.replication.UnderReplicatedProcessor.run(UnderReplicatedProcessor.java:144)
	at java.lang.Thread.run(Thread.java:750)
2022-11-18 13:06:08,480 [Under Replicated Processor] ERROR replication.UnderReplicatedProcessor (UnderReplicatedProcessor.java:processAll(86)) - Error processing under replicated container ContainerInfo{id=#8, state=CLOSED, pipelineID=PipelineID=67e84420-6fe2-43b6-bc4f-8bf4477b66f2, stateEnterTime=2022-11-18T13:05:28.764Z, owner=om1}
org.apache.hadoop.hdds.scm.exceptions.SCMException: Chosen nodes size from Unique Racks: 0, but required nodes to choose from Unique Racks: 1 do not match.
	at org.apache.hadoop.hdds.scm.container.placement.algorithms.SCMContainerPlacementRackScatter.chooseDatanodesInternal(SCMContainerPlacementRackScatter.java:286)
	at org.apache.hadoop.hdds.scm.SCMCommonPlacementPolicy.chooseDatanodes(SCMCommonPlacementPolicy.java:175)
	at org.apache.hadoop.hdds.scm.SCMCommonPlacementPolicy.chooseDatanodes(SCMCommonPlacementPolicy.java:117)
	at org.apache.hadoop.hdds.scm.container.replication.ECUnderReplicationHandler.getTargetDatanodes(ECUnderReplicationHandler.java:303)
	at org.apache.hadoop.hdds.scm.container.replication.ECUnderReplicationHandler.processAndCreateCommands(ECUnderReplicationHandler.java:186)
	at org.apache.hadoop.hdds.scm.container.replication.ReplicationManager.processUnderReplicatedContainer(ReplicationManager.java:483)
	at org.apache.hadoop.hdds.scm.container.replication.UnderReplicatedProcessor.processContainer(UnderReplicatedProcessor.java:99)
	at org.apache.hadoop.hdds.scm.container.replication.UnderReplicatedProcessor.processAll(UnderReplicatedProcessor.java:83)
	at org.apache.hadoop.hdds.scm.container.replication.UnderReplicatedProcessor.run(UnderReplicatedProcessor.java:144)
	at java.lang.Thread.run(Thread.java:750)
2022-11-18 13:06:08,480 [Under Replicated Processor] WARN  net.NetworkTopologyImpl (NetworkTopologyImpl.java:chooseNodeInternal(653)) - No available node in (scope="/default-rack" excludedScope="null" excludedNodes="[8ad84362-fca3-4a94-b029-55aaea538166{ip: 10.1.0.56, host: fv-az180-400.aibneqh1mxpuhl3tnnuy2ifbce.bx.internal.cloudapp.net, ports: [REPLICATION=45785, RATIS=38939, RATIS_ADMIN=38939, RATIS_SERVER=38939, STANDALONE=38791], networkLocation: /default-rack, certSerialId: null, persistedOpState: IN_SERVICE, persistedOpStateExpiryEpochSec: 0}, 1bb9cbb4-eec0-4324-8de7-fca776b53f2b{ip: 10.1.0.56, host: fv-az180-400.aibneqh1mxpuhl3tnnuy2ifbce.bx.internal.cloudapp.net, ports: [REPLICATION=45141, RATIS=44667, RATIS_ADMIN=44667, RATIS_SERVER=44667, STANDALONE=45879], networkLocation: /default-rack, certSerialId: null, persistedOpState: IN_SERVICE, persistedOpStateExpiryEpochSec: 0}, 961e98b4-0515-4e33-9a5e-b87989e0967c{ip: 10.1.0.56, host: fv-az180-400.aibneqh1mxpuhl3tnnuy2ifbce.bx.internal.cloudapp.net, ports: [REPLICATION=32803, RATIS=45547, RATIS_ADMIN=45547, RATIS_SERVER=45547, STANDALONE=33243], networkLocation: /default-rack, certSerialId: null, persistedOpState: IN_SERVICE, persistedOpStateExpiryEpochSec: 0}, a36f0c9e-34c7-41e1-90e2-5c691522fdfd{ip: 10.1.0.56, host: fv-az180-400.aibneqh1mxpuhl3tnnuy2ifbce.bx.internal.cloudapp.net, ports: [REPLICATION=43001, RATIS=35103, RATIS_ADMIN=35103, RATIS_SERVER=35103, STANDALONE=34509], networkLocation: /default-rack, certSerialId: null, persistedOpState: IN_SERVICE, persistedOpStateExpiryEpochSec: 0}, a49fbcfb-f7dc-4282-aec4-a4f9f3e2b5ab{ip: 10.1.0.56, host: fv-az180-400.aibneqh1mxpuhl3tnnuy2ifbce.bx.internal.cloudapp.net, ports: [REPLICATION=41799, RATIS=37955, RATIS_ADMIN=37955, RATIS_SERVER=37955, STANDALONE=46377], networkLocation: /default-rack, certSerialId: null, persistedOpState: null, persistedOpStateExpiryEpochSec: 0}]"  ancestorGen="0").
2022-11-18 13:06:08,480 [Under Replicated Processor] WARN  net.NetworkTopologyImpl (NetworkTopologyImpl.java:chooseNodeInternal(653)) - No available node in (scope="/default-rack" excludedScope="null" excludedNodes="[8ad84362-fca3-4a94-b029-55aaea538166{ip: 10.1.0.56, host: fv-az180-400.aibneqh1mxpuhl3tnnuy2ifbce.bx.internal.cloudapp.net, ports: [REPLICATION=45785, RATIS=38939, RATIS_ADMIN=38939, RATIS_SERVER=38939, STANDALONE=38791], networkLocation: /default-rack, certSerialId: null, persistedOpState: IN_SERVICE, persistedOpStateExpiryEpochSec: 0}, 1bb9cbb4-eec0-4324-8de7-fca776b53f2b{ip: 10.1.0.56, host: fv-az180-400.aibneqh1mxpuhl3tnnuy2ifbce.bx.internal.cloudapp.net, ports: [REPLICATION=45141, RATIS=44667, RATIS_ADMIN=44667, RATIS_SERVER=44667, STANDALONE=45879], networkLocation: /default-rack, certSerialId: null, persistedOpState: IN_SERVICE, persistedOpStateExpiryEpochSec: 0}, 961e98b4-0515-4e33-9a5e-b87989e0967c{ip: 10.1.0.56, host: fv-az180-400.aibneqh1mxpuhl3tnnuy2ifbce.bx.internal.cloudapp.net, ports: [REPLICATION=32803, RATIS=45547, RATIS_ADMIN=45547, RATIS_SERVER=45547, STANDALONE=33243], networkLocation: /default-rack, certSerialId: null, persistedOpState: IN_SERVICE, persistedOpStateExpiryEpochSec: 0}, a36f0c9e-34c7-41e1-90e2-5c691522fdfd{ip: 10.1.0.56, host: fv-az180-400.aibneqh1mxpuhl3tnnuy2ifbce.bx.internal.cloudapp.net, ports: [REPLICATION=43001, RATIS=35103, RATIS_ADMIN=35103, RATIS_SERVER=35103, STANDALONE=34509], networkLocation: /default-rack, certSerialId: null, persistedOpState: IN_SERVICE, persistedOpStateExpiryEpochSec: 0}, a49fbcfb-f7dc-4282-aec4-a4f9f3e2b5ab{ip: 10.1.0.56, host: fv-az180-400.aibneqh1mxpuhl3tnnuy2ifbce.bx.internal.cloudapp.net, ports: [REPLICATION=41799, RATIS=37955, RATIS_ADMIN=37955, RATIS_SERVER=37955, STANDALONE=46377], networkLocation: /default-rack, certSerialId: null, persistedOpState: null, persistedOpStateExpiryEpochSec: 0}]"  ancestorGen="0").
2022-11-18 13:06:08,480 [Under Replicated Processor] WARN  net.NetworkTopologyImpl (NetworkTopologyImpl.java:chooseNodeInternal(653)) - No available node in (scope="/default-rack" excludedScope="null" excludedNodes="[8ad84362-fca3-4a94-b029-55aaea538166{ip: 10.1.0.56, host: fv-az180-400.aibneqh1mxpuhl3tnnuy2ifbce.bx.internal.cloudapp.net, ports: [REPLICATION=45785, RATIS=38939, RATIS_ADMIN=38939, RATIS_SERVER=38939, STANDALONE=38791], networkLocation: /default-rack, certSerialId: null, persistedOpState: IN_SERVICE, persistedOpStateExpiryEpochSec: 0}, 1bb9cbb4-eec0-4324-8de7-fca776b53f2b{ip: 10.1.0.56, host: fv-az180-400.aibneqh1mxpuhl3tnnuy2ifbce.bx.internal.cloudapp.net, ports: [REPLICATION=45141, RATIS=44667, RATIS_ADMIN=44667, RATIS_SERVER=44667, STANDALONE=45879], networkLocation: /default-rack, certSerialId: null, persistedOpState: IN_SERVICE, persistedOpStateExpiryEpochSec: 0}, 961e98b4-0515-4e33-9a5e-b87989e0967c{ip: 10.1.0.56, host: fv-az180-400.aibneqh1mxpuhl3tnnuy2ifbce.bx.internal.cloudapp.net, ports: [REPLICATION=32803, RATIS=45547, RATIS_ADMIN=45547, RATIS_SERVER=45547, STANDALONE=33243], networkLocation: /default-rack, certSerialId: null, persistedOpState: IN_SERVICE, persistedOpStateExpiryEpochSec: 0}, a36f0c9e-34c7-41e1-90e2-5c691522fdfd{ip: 10.1.0.56, host: fv-az180-400.aibneqh1mxpuhl3tnnuy2ifbce.bx.internal.cloudapp.net, ports: [REPLICATION=43001, RATIS=35103, RATIS_ADMIN=35103, RATIS_SERVER=35103, STANDALONE=34509], networkLocation: /default-rack, certSerialId: null, persistedOpState: IN_SERVICE, persistedOpStateExpiryEpochSec: 0}, a49fbcfb-f7dc-4282-aec4-a4f9f3e2b5ab{ip: 10.1.0.56, host: fv-az180-400.aibneqh1mxpuhl3tnnuy2ifbce.bx.internal.cloudapp.net, ports: [REPLICATION=41799, RATIS=37955, RATIS_ADMIN=37955, RATIS_SERVER=37955, STANDALONE=46377], networkLocation: /default-rack, certSerialId: null, persistedOpState: null, persistedOpStateExpiryEpochSec: 0}]"  ancestorGen="0").
2022-11-18 13:06:08,480 [Under Replicated Processor] WARN  net.NetworkTopologyImpl (NetworkTopologyImpl.java:chooseNodeInternal(653)) - No available node in (scope="/default-rack" excludedScope="null" excludedNodes="[8ad84362-fca3-4a94-b029-55aaea538166{ip: 10.1.0.56, host: fv-az180-400.aibneqh1mxpuhl3tnnuy2ifbce.bx.internal.cloudapp.net, ports: [REPLICATION=45785, RATIS=38939, RATIS_ADMIN=38939, RATIS_SERVER=38939, STANDALONE=38791], networkLocation: /default-rack, certSerialId: null, persistedOpState: IN_SERVICE, persistedOpStateExpiryEpochSec: 0}, 1bb9cbb4-eec0-4324-8de7-fca776b53f2b{ip: 10.1.0.56, host: fv-az180-400.aibneqh1mxpuhl3tnnuy2ifbce.bx.internal.cloudapp.net, ports: [REPLICATION=45141, RATIS=44667, RATIS_ADMIN=44667, RATIS_SERVER=44667, STANDALONE=45879], networkLocation: /default-rack, certSerialId: null, persistedOpState: IN_SERVICE, persistedOpStateExpiryEpochSec: 0}, 961e98b4-0515-4e33-9a5e-b87989e0967c{ip: 10.1.0.56, host: fv-az180-400.aibneqh1mxpuhl3tnnuy2ifbce.bx.internal.cloudapp.net, ports: [REPLICATION=32803, RATIS=45547, RATIS_ADMIN=45547, RATIS_SERVER=45547, STANDALONE=33243], networkLocation: /default-rack, certSerialId: null, persistedOpState: IN_SERVICE, persistedOpStateExpiryEpochSec: 0}, a36f0c9e-34c7-41e1-90e2-5c691522fdfd{ip: 10.1.0.56, host: fv-az180-400.aibneqh1mxpuhl3tnnuy2ifbce.bx.internal.cloudapp.net, ports: [REPLICATION=43001, RATIS=35103, RATIS_ADMIN=35103, RATIS_SERVER=35103, STANDALONE=34509], networkLocation: /default-rack, certSerialId: null, persistedOpState: IN_SERVICE, persistedOpStateExpiryEpochSec: 0}, a49fbcfb-f7dc-4282-aec4-a4f9f3e2b5ab{ip: 10.1.0.56, host: fv-az180-400.aibneqh1mxpuhl3tnnuy2ifbce.bx.internal.cloudapp.net, ports: [REPLICATION=41799, RATIS=37955, RATIS_ADMIN=37955, RATIS_SERVER=37955, STANDALONE=46377], networkLocation: /default-rack, certSerialId: null, persistedOpState: null, persistedOpStateExpiryEpochSec: 0}]"  ancestorGen="0").
2022-11-18 13:06:08,480 [Under Replicated Processor] INFO  algorithms.SCMContainerPlacementRackScatter (SCMContainerPlacementRackScatter.java:chooseNode(379)) - No satisfied datanode to meet the constraints. Metadatadata size required: 0 Data size required: 5368709120, scope /default-rack, excluded nodes [8ad84362-fca3-4a94-b029-55aaea538166{ip: 10.1.0.56, host: fv-az180-400.aibneqh1mxpuhl3tnnuy2ifbce.bx.internal.cloudapp.net, ports: [REPLICATION=45785, RATIS=38939, RATIS_ADMIN=38939, RATIS_SERVER=38939, STANDALONE=38791], networkLocation: /default-rack, certSerialId: null, persistedOpState: IN_SERVICE, persistedOpStateExpiryEpochSec: 0}, 1bb9cbb4-eec0-4324-8de7-fca776b53f2b{ip: 10.1.0.56, host: fv-az180-400.aibneqh1mxpuhl3tnnuy2ifbce.bx.internal.cloudapp.net, ports: [REPLICATION=45141, RATIS=44667, RATIS_ADMIN=44667, RATIS_SERVER=44667, STANDALONE=45879], networkLocation: /default-rack, certSerialId: null, persistedOpState: IN_SERVICE, persistedOpStateExpiryEpochSec: 0}, 961e98b4-0515-4e33-9a5e-b87989e0967c{ip: 10.1.0.56, host: fv-az180-400.aibneqh1mxpuhl3tnnuy2ifbce.bx.internal.cloudapp.net, ports: [REPLICATION=32803, RATIS=45547, RATIS_ADMIN=45547, RATIS_SERVER=45547, STANDALONE=33243], networkLocation: /default-rack, certSerialId: null, persistedOpState: IN_SERVICE, persistedOpStateExpiryEpochSec: 0}, a36f0c9e-34c7-41e1-90e2-5c691522fdfd{ip: 10.1.0.56, host: fv-az180-400.aibneqh1mxpuhl3tnnuy2ifbce.bx.internal.cloudapp.net, ports: [REPLICATION=43001, RATIS=35103, RATIS_ADMIN=35103, RATIS_SERVER=35103, STANDALONE=34509], networkLocation: /default-rack, certSerialId: null, persistedOpState: IN_SERVICE, persistedOpStateExpiryEpochSec: 0}, a49fbcfb-f7dc-4282-aec4-a4f9f3e2b5ab{ip: 10.1.0.56, host: fv-az180-400.aibneqh1mxpuhl3tnnuy2ifbce.bx.internal.cloudapp.net, ports: [REPLICATION=41799, RATIS=37955, RATIS_ADMIN=37955, RATIS_SERVER=37955, STANDALONE=46377], networkLocation: /default-rack, certSerialId: null, persistedOpState: null, persistedOpStateExpiryEpochSec: 0}]
2022-11-18 13:06:08,480 [Under Replicated Processor] WARN  algorithms.SCMContainerPlacementRackScatter (SCMContainerPlacementRackScatter.java:chooseDatanodesInternal(281)) - Placement policy could not choose the enough nodes from available racks. Chosen nodes size from Unique Racks: 0, but required nodes to choose from Unique Racks: 1 do not match. Available racks count: 1, Excluded nodes count: 4
2022-11-18 13:06:08,480 [Under Replicated Processor] WARN  replication.ECUnderReplicationHandler (ECUnderReplicationHandler.java:processAndCreateCommands(252)) - Exception while processing for creating the EC reconstruction container commands for #8.
org.apache.hadoop.hdds.scm.exceptions.SCMException: Chosen nodes size from Unique Racks: 0, but required nodes to choose from Unique Racks: 1 do not match.
	at org.apache.hadoop.hdds.scm.container.placement.algorithms.SCMContainerPlacementRackScatter.chooseDatanodesInternal(SCMContainerPlacementRackScatter.java:286)
	at org.apache.hadoop.hdds.scm.SCMCommonPlacementPolicy.chooseDatanodes(SCMCommonPlacementPolicy.java:175)
	at org.apache.hadoop.hdds.scm.SCMCommonPlacementPolicy.chooseDatanodes(SCMCommonPlacementPolicy.java:117)
	at org.apache.hadoop.hdds.scm.container.replication.ECUnderReplicationHandler.getTargetDatanodes(ECUnderReplicationHandler.java:303)
	at org.apache.hadoop.hdds.scm.container.replication.ECUnderReplicationHandler.processAndCreateCommands(ECUnderReplicationHandler.java:186)
	at org.apache.hadoop.hdds.scm.container.replication.ReplicationManager.processUnderReplicatedContainer(ReplicationManager.java:483)
	at org.apache.hadoop.hdds.scm.container.replication.UnderReplicatedProcessor.processContainer(UnderReplicatedProcessor.java:99)
	at org.apache.hadoop.hdds.scm.container.replication.UnderReplicatedProcessor.processAll(UnderReplicatedProcessor.java:83)
	at org.apache.hadoop.hdds.scm.container.replication.UnderReplicatedProcessor.run(UnderReplicatedProcessor.java:144)
	at java.lang.Thread.run(Thread.java:750)
2022-11-18 13:06:08,480 [Under Replicated Processor] ERROR replication.UnderReplicatedProcessor (UnderReplicatedProcessor.java:processAll(86)) - Error processing under replicated container ContainerInfo{id=#8, state=CLOSED, pipelineID=PipelineID=67e84420-6fe2-43b6-bc4f-8bf4477b66f2, stateEnterTime=2022-11-18T13:05:28.764Z, owner=om1}
org.apache.hadoop.hdds.scm.exceptions.SCMException: Chosen nodes size from Unique Racks: 0, but required nodes to choose from Unique Racks: 1 do not match.
	at org.apache.hadoop.hdds.scm.container.placement.algorithms.SCMContainerPlacementRackScatter.chooseDatanodesInternal(SCMContainerPlacementRackScatter.java:286)
	at org.apache.hadoop.hdds.scm.SCMCommonPlacementPolicy.chooseDatanodes(SCMCommonPlacementPolicy.java:175)
	at org.apache.hadoop.hdds.scm.SCMCommonPlacementPolicy.chooseDatanodes(SCMCommonPlacementPolicy.java:117)
	at org.apache.hadoop.hdds.scm.container.replication.ECUnderReplicationHandler.getTargetDatanodes(ECUnderReplicationHandler.java:303)
	at org.apache.hadoop.hdds.scm.container.replication.ECUnderReplicationHandler.processAndCreateCommands(ECUnderReplicationHandler.java:186)
	at org.apache.hadoop.hdds.scm.container.replication.ReplicationManager.processUnderReplicatedContainer(ReplicationManager.java:483)
	at org.apache.hadoop.hdds.scm.container.replication.UnderReplicatedProcessor.processContainer(UnderReplicatedProcessor.java:99)
	at org.apache.hadoop.hdds.scm.container.replication.UnderReplicatedProcessor.processAll(UnderReplicatedProcessor.java:83)
	at org.apache.hadoop.hdds.scm.container.replication.UnderReplicatedProcessor.run(UnderReplicatedProcessor.java:144)
	at java.lang.Thread.run(Thread.java:750)
2022-11-18 13:06:08,481 [Under Replicated Processor] WARN  net.NetworkTopologyImpl (NetworkTopologyImpl.java:chooseNodeInternal(653)) - No available node in (scope="/default-rack" excludedScope="null" excludedNodes="[8ad84362-fca3-4a94-b029-55aaea538166{ip: 10.1.0.56, host: fv-az180-400.aibneqh1mxpuhl3tnnuy2ifbce.bx.internal.cloudapp.net, ports: [REPLICATION=45785, RATIS=38939, RATIS_ADMIN=38939, RATIS_SERVER=38939, STANDALONE=38791], networkLocation: /default-rack, certSerialId: null, persistedOpState: IN_SERVICE, persistedOpStateExpiryEpochSec: 0}, 1bb9cbb4-eec0-4324-8de7-fca776b53f2b{ip: 10.1.0.56, host: fv-az180-400.aibneqh1mxpuhl3tnnuy2ifbce.bx.internal.cloudapp.net, ports: [REPLICATION=45141, RATIS=44667, RATIS_ADMIN=44667, RATIS_SERVER=44667, STANDALONE=45879], networkLocation: /default-rack, certSerialId: null, persistedOpState: IN_SERVICE, persistedOpStateExpiryEpochSec: 0}, 961e98b4-0515-4e33-9a5e-b87989e0967c{ip: 10.1.0.56, host: fv-az180-400.aibneqh1mxpuhl3tnnuy2ifbce.bx.internal.cloudapp.net, ports: [REPLICATION=32803, RATIS=45547, RATIS_ADMIN=45547, RATIS_SERVER=45547, STANDALONE=33243], networkLocation: /default-rack, certSerialId: null, persistedOpState: IN_SERVICE, persistedOpStateExpiryEpochSec: 0}, a36f0c9e-34c7-41e1-90e2-5c691522fdfd{ip: 10.1.0.56, host: fv-az180-400.aibneqh1mxpuhl3tnnuy2ifbce.bx.internal.cloudapp.net, ports: [REPLICATION=43001, RATIS=35103, RATIS_ADMIN=35103, RATIS_SERVER=35103, STANDALONE=34509], networkLocation: /default-rack, certSerialId: null, persistedOpState: IN_SERVICE, persistedOpStateExpiryEpochSec: 0}, a49fbcfb-f7dc-4282-aec4-a4f9f3e2b5ab{ip: 10.1.0.56, host: fv-az180-400.aibneqh1mxpuhl3tnnuy2ifbce.bx.internal.cloudapp.net, ports: [REPLICATION=41799, RATIS=37955, RATIS_ADMIN=37955, RATIS_SERVER=37955, STANDALONE=46377], networkLocation: /default-rack, certSerialId: null, persistedOpState: null, persistedOpStateExpiryEpochSec: 0}]"  ancestorGen="0").
2022-11-18 13:06:08,481 [Under Replicated Processor] WARN  net.NetworkTopologyImpl (NetworkTopologyImpl.java:chooseNodeInternal(653)) - No available node in (scope="/default-rack" excludedScope="null" excludedNodes="[8ad84362-fca3-4a94-b029-55aaea538166{ip: 10.1.0.56, host: fv-az180-400.aibneqh1mxpuhl3tnnuy2ifbce.bx.internal.cloudapp.net, ports: [REPLICATION=45785, RATIS=38939, RATIS_ADMIN=38939, RATIS_SERVER=38939, STANDALONE=38791], networkLocation: /default-rack, certSerialId: null, persistedOpState: IN_SERVICE, persistedOpStateExpiryEpochSec: 0}, 1bb9cbb4-eec0-4324-8de7-fca776b53f2b{ip: 10.1.0.56, host: fv-az180-400.aibneqh1mxpuhl3tnnuy2ifbce.bx.internal.cloudapp.net, ports: [REPLICATION=45141, RATIS=44667, RATIS_ADMIN=44667, RATIS_SERVER=44667, STANDALONE=45879], networkLocation: /default-rack, certSerialId: null, persistedOpState: IN_SERVICE, persistedOpStateExpiryEpochSec: 0}, 961e98b4-0515-4e33-9a5e-b87989e0967c{ip: 10.1.0.56, host: fv-az180-400.aibneqh1mxpuhl3tnnuy2ifbce.bx.internal.cloudapp.net, ports: [REPLICATION=32803, RATIS=45547, RATIS_ADMIN=45547, RATIS_SERVER=45547, STANDALONE=33243], networkLocation: /default-rack, certSerialId: null, persistedOpState: IN_SERVICE, persistedOpStateExpiryEpochSec: 0}, a36f0c9e-34c7-41e1-90e2-5c691522fdfd{ip: 10.1.0.56, host: fv-az180-400.aibneqh1mxpuhl3tnnuy2ifbce.bx.internal.cloudapp.net, ports: [REPLICATION=43001, RATIS=35103, RATIS_ADMIN=35103, RATIS_SERVER=35103, STANDALONE=34509], networkLocation: /default-rack, certSerialId: null, persistedOpState: IN_SERVICE, persistedOpStateExpiryEpochSec: 0}, a49fbcfb-f7dc-4282-aec4-a4f9f3e2b5ab{ip: 10.1.0.56, host: fv-az180-400.aibneqh1mxpuhl3tnnuy2ifbce.bx.internal.cloudapp.net, ports: [REPLICATION=41799, RATIS=37955, RATIS_ADMIN=37955, RATIS_SERVER=37955, STANDALONE=46377], networkLocation: /default-rack, certSerialId: null, persistedOpState: null, persistedOpStateExpiryEpochSec: 0}]"  ancestorGen="0").
2022-11-18 13:06:08,481 [Under Replicated Processor] WARN  net.NetworkTopologyImpl (NetworkTopologyImpl.java:chooseNodeInternal(653)) - No available node in (scope="/default-rack" excludedScope="null" excludedNodes="[8ad84362-fca3-4a94-b029-55aaea538166{ip: 10.1.0.56, host: fv-az180-400.aibneqh1mxpuhl3tnnuy2ifbce.bx.internal.cloudapp.net, ports: [REPLICATION=45785, RATIS=38939, RATIS_ADMIN=38939, RATIS_SERVER=38939, STANDALONE=38791], networkLocation: /default-rack, certSerialId: null, persistedOpState: IN_SERVICE, persistedOpStateExpiryEpochSec: 0}, 1bb9cbb4-eec0-4324-8de7-fca776b53f2b{ip: 10.1.0.56, host: fv-az180-400.aibneqh1mxpuhl3tnnuy2ifbce.bx.internal.cloudapp.net, ports: [REPLICATION=45141, RATIS=44667, RATIS_ADMIN=44667, RATIS_SERVER=44667, STANDALONE=45879], networkLocation: /default-rack, certSerialId: null, persistedOpState: IN_SERVICE, persistedOpStateExpiryEpochSec: 0}, 961e98b4-0515-4e33-9a5e-b87989e0967c{ip: 10.1.0.56, host: fv-az180-400.aibneqh1mxpuhl3tnnuy2ifbce.bx.internal.cloudapp.net, ports: [REPLICATION=32803, RATIS=45547, RATIS_ADMIN=45547, RATIS_SERVER=45547, STANDALONE=33243], networkLocation: /default-rack, certSerialId: null, persistedOpState: IN_SERVICE, persistedOpStateExpiryEpochSec: 0}, a36f0c9e-34c7-41e1-90e2-5c691522fdfd{ip: 10.1.0.56, host: fv-az180-400.aibneqh1mxpuhl3tnnuy2ifbce.bx.internal.cloudapp.net, ports: [REPLICATION=43001, RATIS=35103, RATIS_ADMIN=35103, RATIS_SERVER=35103, STANDALONE=34509], networkLocation: /default-rack, certSerialId: null, persistedOpState: IN_SERVICE, persistedOpStateExpiryEpochSec: 0}, a49fbcfb-f7dc-4282-aec4-a4f9f3e2b5ab{ip: 10.1.0.56, host: fv-az180-400.aibneqh1mxpuhl3tnnuy2ifbce.bx.internal.cloudapp.net, ports: [REPLICATION=41799, RATIS=37955, RATIS_ADMIN=37955, RATIS_SERVER=37955, STANDALONE=46377], networkLocation: /default-rack, certSerialId: null, persistedOpState: null, persistedOpStateExpiryEpochSec: 0}]"  ancestorGen="0").
2022-11-18 13:06:08,481 [Under Replicated Processor] WARN  net.NetworkTopologyImpl (NetworkTopologyImpl.java:chooseNodeInternal(653)) - No available node in (scope="/default-rack" excludedScope="null" excludedNodes="[8ad84362-fca3-4a94-b029-55aaea538166{ip: 10.1.0.56, host: fv-az180-400.aibneqh1mxpuhl3tnnuy2ifbce.bx.internal.cloudapp.net, ports: [REPLICATION=45785, RATIS=38939, RATIS_ADMIN=38939, RATIS_SERVER=38939, STANDALONE=38791], networkLocation: /default-rack, certSerialId: null, persistedOpState: IN_SERVICE, persistedOpStateExpiryEpochSec: 0}, 1bb9cbb4-eec0-4324-8de7-fca776b53f2b{ip: 10.1.0.56, host: fv-az180-400.aibneqh1mxpuhl3tnnuy2ifbce.bx.internal.cloudapp.net, ports: [REPLICATION=45141, RATIS=44667, RATIS_ADMIN=44667, RATIS_SERVER=44667, STANDALONE=45879], networkLocation: /default-rack, certSerialId: null, persistedOpState: IN_SERVICE, persistedOpStateExpiryEpochSec: 0}, 961e98b4-0515-4e33-9a5e-b87989e0967c{ip: 10.1.0.56, host: fv-az180-400.aibneqh1mxpuhl3tnnuy2ifbce.bx.internal.cloudapp.net, ports: [REPLICATION=32803, RATIS=45547, RATIS_ADMIN=45547, RATIS_SERVER=45547, STANDALONE=33243], networkLocation: /default-rack, certSerialId: null, persistedOpState: IN_SERVICE, persistedOpStateExpiryEpochSec: 0}, a36f0c9e-34c7-41e1-90e2-5c691522fdfd{ip: 10.1.0.56, host: fv-az180-400.aibneqh1mxpuhl3tnnuy2ifbce.bx.internal.cloudapp.net, ports: [REPLICATION=43001, RATIS=35103, RATIS_ADMIN=35103, RATIS_SERVER=35103, STANDALONE=34509], networkLocation: /default-rack, certSerialId: null, persistedOpState: IN_SERVICE, persistedOpStateExpiryEpochSec: 0}, a49fbcfb-f7dc-4282-aec4-a4f9f3e2b5ab{ip: 10.1.0.56, host: fv-az180-400.aibneqh1mxpuhl3tnnuy2ifbce.bx.internal.cloudapp.net, ports: [REPLICATION=41799, RATIS=37955, RATIS_ADMIN=37955, RATIS_SERVER=37955, STANDALONE=46377], networkLocation: /default-rack, certSerialId: null, persistedOpState: null, persistedOpStateExpiryEpochSec: 0}]"  ancestorGen="0").
2022-11-18 13:06:08,481 [Under Replicated Processor] INFO  algorithms.SCMContainerPlacementRackScatter (SCMContainerPlacementRackScatter.java:chooseNode(379)) - No satisfied datanode to meet the constraints. Metadatadata size required: 0 Data size required: 5368709120, scope /default-rack, excluded nodes [8ad84362-fca3-4a94-b029-55aaea538166{ip: 10.1.0.56, host: fv-az180-400.aibneqh1mxpuhl3tnnuy2ifbce.bx.internal.cloudapp.net, ports: [REPLICATION=45785, RATIS=38939, RATIS_ADMIN=38939, RATIS_SERVER=38939, STANDALONE=38791], networkLocation: /default-rack, certSerialId: null, persistedOpState: IN_SERVICE, persistedOpStateExpiryEpochSec: 0}, 1bb9cbb4-eec0-4324-8de7-fca776b53f2b{ip: 10.1.0.56, host: fv-az180-400.aibneqh1mxpuhl3tnnuy2ifbce.bx.internal.cloudapp.net, ports: [REPLICATION=45141, RATIS=44667, RATIS_ADMIN=44667, RATIS_SERVER=44667, STANDALONE=45879], networkLocation: /default-rack, certSerialId: null, persistedOpState: IN_SERVICE, persistedOpStateExpiryEpochSec: 0}, 961e98b4-0515-4e33-9a5e-b87989e0967c{ip: 10.1.0.56, host: fv-az180-400.aibneqh1mxpuhl3tnnuy2ifbce.bx.internal.cloudapp.net, ports: [REPLICATION=32803, RATIS=45547, RATIS_ADMIN=45547, RATIS_SERVER=45547, STANDALONE=33243], networkLocation: /default-rack, certSerialId: null, persistedOpState: IN_SERVICE, persistedOpStateExpiryEpochSec: 0}, a36f0c9e-34c7-41e1-90e2-5c691522fdfd{ip: 10.1.0.56, host: fv-az180-400.aibneqh1mxpuhl3tnnuy2ifbce.bx.internal.cloudapp.net, ports: [REPLICATION=43001, RATIS=35103, RATIS_ADMIN=35103, RATIS_SERVER=35103, STANDALONE=34509], networkLocation: /default-rack, certSerialId: null, persistedOpState: IN_SERVICE, persistedOpStateExpiryEpochSec: 0}, a49fbcfb-f7dc-4282-aec4-a4f9f3e2b5ab{ip: 10.1.0.56, host: fv-az180-400.aibneqh1mxpuhl3tnnuy2ifbce.bx.internal.cloudapp.net, ports: [REPLICATION=41799, RATIS=37955, RATIS_ADMIN=37955, RATIS_SERVER=37955, STANDALONE=46377], networkLocation: /default-rack, certSerialId: null, persistedOpState: null, persistedOpStateExpiryEpochSec: 0}]
2022-11-18 13:06:08,481 [Under Replicated Processor] WARN  algorithms.SCMContainerPlacementRackScatter (SCMContainerPlacementRackScatter.java:chooseDatanodesInternal(281)) - Placement policy could not choose the enough nodes from available racks. Chosen nodes size from Unique Racks: 0, but required nodes to choose from Unique Racks: 1 do not match. Available racks count: 1, Excluded nodes count: 4
2022-11-18 13:06:08,481 [Under Replicated Processor] WARN  replication.ECUnderReplicationHandler (ECUnderReplicationHandler.java:processAndCreateCommands(252)) - Exception while processing for creating the EC reconstruction container commands for #8.
org.apache.hadoop.hdds.scm.exceptions.SCMException: Chosen nodes size from Unique Racks: 0, but required nodes to choose from Unique Racks: 1 do not match.
	at org.apache.hadoop.hdds.scm.container.placement.algorithms.SCMContainerPlacementRackScatter.chooseDatanodesInternal(SCMContainerPlacementRackScatter.java:286)
	at org.apache.hadoop.hdds.scm.SCMCommonPlacementPolicy.chooseDatanodes(SCMCommonPlacementPolicy.java:175)
	at org.apache.hadoop.hdds.scm.SCMCommonPlacementPolicy.chooseDatanodes(SCMCommonPlacementPolicy.java:117)
	at org.apache.hadoop.hdds.scm.container.replication.ECUnderReplicationHandler.getTargetDatanodes(ECUnderReplicationHandler.java:303)
	at org.apache.hadoop.hdds.scm.container.replication.ECUnderReplicationHandler.processAndCreateCommands(ECUnderReplicationHandler.java:186)
	at org.apache.hadoop.hdds.scm.container.replication.ReplicationManager.processUnderReplicatedContainer(ReplicationManager.java:483)
	at org.apache.hadoop.hdds.scm.container.replication.UnderReplicatedProcessor.processContainer(UnderReplicatedProcessor.java:99)
	at org.apache.hadoop.hdds.scm.container.replication.UnderReplicatedProcessor.processAll(UnderReplicatedProcessor.java:83)
	at org.apache.hadoop.hdds.scm.container.replication.UnderReplicatedProcessor.run(UnderReplicatedProcessor.java:144)
	at java.lang.Thread.run(Thread.java:750)
2022-11-18 13:06:08,481 [Under Replicated Processor] ERROR replication.UnderReplicatedProcessor (UnderReplicatedProcessor.java:processAll(86)) - Error processing under replicated container ContainerInfo{id=#8, state=CLOSED, pipelineID=PipelineID=67e84420-6fe2-43b6-bc4f-8bf4477b66f2, stateEnterTime=2022-11-18T13:05:28.764Z, owner=om1}
org.apache.hadoop.hdds.scm.exceptions.SCMException: Chosen nodes size from Unique Racks: 0, but required nodes to choose from Unique Racks: 1 do not match.
	at org.apache.hadoop.hdds.scm.container.placement.algorithms.SCMContainerPlacementRackScatter.chooseDatanodesInternal(SCMContainerPlacementRackScatter.java:286)
	at org.apache.hadoop.hdds.scm.SCMCommonPlacementPolicy.chooseDatanodes(SCMCommonPlacementPolicy.java:175)
	at org.apache.hadoop.hdds.scm.SCMCommonPlacementPolicy.chooseDatanodes(SCMCommonPlacementPolicy.java:117)
	at org.apache.hadoop.hdds.scm.container.replication.ECUnderReplicationHandler.getTargetDatanodes(ECUnderReplicationHandler.java:303)
	at org.apache.hadoop.hdds.scm.container.replication.ECUnderReplicationHandler.processAndCreateCommands(ECUnderReplicationHandler.java:186)
	at org.apache.hadoop.hdds.scm.container.replication.ReplicationManager.processUnderReplicatedContainer(ReplicationManager.java:483)
	at org.apache.hadoop.hdds.scm.container.replication.UnderReplicatedProcessor.processContainer(UnderReplicatedProcessor.java:99)
	at org.apache.hadoop.hdds.scm.container.replication.UnderReplicatedProcessor.processAll(UnderReplicatedProcessor.java:83)
	at org.apache.hadoop.hdds.scm.container.replication.UnderReplicatedProcessor.run(UnderReplicatedProcessor.java:144)
	at java.lang.Thread.run(Thread.java:750)
2022-11-18 13:06:08,482 [Under Replicated Processor] WARN  net.NetworkTopologyImpl (NetworkTopologyImpl.java:chooseNodeInternal(653)) - No available node in (scope="/default-rack" excludedScope="null" excludedNodes="[8ad84362-fca3-4a94-b029-55aaea538166{ip: 10.1.0.56, host: fv-az180-400.aibneqh1mxpuhl3tnnuy2ifbce.bx.internal.cloudapp.net, ports: [REPLICATION=45785, RATIS=38939, RATIS_ADMIN=38939, RATIS_SERVER=38939, STANDALONE=38791], networkLocation: /default-rack, certSerialId: null, persistedOpState: IN_SERVICE, persistedOpStateExpiryEpochSec: 0}, 1bb9cbb4-eec0-4324-8de7-fca776b53f2b{ip: 10.1.0.56, host: fv-az180-400.aibneqh1mxpuhl3tnnuy2ifbce.bx.internal.cloudapp.net, ports: [REPLICATION=45141, RATIS=44667, RATIS_ADMIN=44667, RATIS_SERVER=44667, STANDALONE=45879], networkLocation: /default-rack, certSerialId: null, persistedOpState: IN_SERVICE, persistedOpStateExpiryEpochSec: 0}, 961e98b4-0515-4e33-9a5e-b87989e0967c{ip: 10.1.0.56, host: fv-az180-400.aibneqh1mxpuhl3tnnuy2ifbce.bx.internal.cloudapp.net, ports: [REPLICATION=32803, RATIS=45547, RATIS_ADMIN=45547, RATIS_SERVER=45547, STANDALONE=33243], networkLocation: /default-rack, certSerialId: null, persistedOpState: IN_SERVICE, persistedOpStateExpiryEpochSec: 0}, a36f0c9e-34c7-41e1-90e2-5c691522fdfd{ip: 10.1.0.56, host: fv-az180-400.aibneqh1mxpuhl3tnnuy2ifbce.bx.internal.cloudapp.net, ports: [REPLICATION=43001, RATIS=35103, RATIS_ADMIN=35103, RATIS_SERVER=35103, STANDALONE=34509], networkLocation: /default-rack, certSerialId: null, persistedOpState: IN_SERVICE, persistedOpStateExpiryEpochSec: 0}, a49fbcfb-f7dc-4282-aec4-a4f9f3e2b5ab{ip: 10.1.0.56, host: fv-az180-400.aibneqh1mxpuhl3tnnuy2ifbce.bx.internal.cloudapp.net, ports: [REPLICATION=41799, RATIS=37955, RATIS_ADMIN=37955, RATIS_SERVER=37955, STANDALONE=46377], networkLocation: /default-rack, certSerialId: null, persistedOpState: null, persistedOpStateExpiryEpochSec: 0}]"  ancestorGen="0").
2022-11-18 13:06:08,482 [Under Replicated Processor] WARN  net.NetworkTopologyImpl (NetworkTopologyImpl.java:chooseNodeInternal(653)) - No available node in (scope="/default-rack" excludedScope="null" excludedNodes="[8ad84362-fca3-4a94-b029-55aaea538166{ip: 10.1.0.56, host: fv-az180-400.aibneqh1mxpuhl3tnnuy2ifbce.bx.internal.cloudapp.net, ports: [REPLICATION=45785, RATIS=38939, RATIS_ADMIN=38939, RATIS_SERVER=38939, STANDALONE=38791], networkLocation: /default-rack, certSerialId: null, persistedOpState: IN_SERVICE, persistedOpStateExpiryEpochSec: 0}, 1bb9cbb4-eec0-4324-8de7-fca776b53f2b{ip: 10.1.0.56, host: fv-az180-400.aibneqh1mxpuhl3tnnuy2ifbce.bx.internal.cloudapp.net, ports: [REPLICATION=45141, RATIS=44667, RATIS_ADMIN=44667, RATIS_SERVER=44667, STANDALONE=45879], networkLocation: /default-rack, certSerialId: null, persistedOpState: IN_SERVICE, persistedOpStateExpiryEpochSec: 0}, 961e98b4-0515-4e33-9a5e-b87989e0967c{ip: 10.1.0.56, host: fv-az180-400.aibneqh1mxpuhl3tnnuy2ifbce.bx.internal.cloudapp.net, ports: [REPLICATION=32803, RATIS=45547, RATIS_ADMIN=45547, RATIS_SERVER=45547, STANDALONE=33243], networkLocation: /default-rack, certSerialId: null, persistedOpState: IN_SERVICE, persistedOpStateExpiryEpochSec: 0}, a36f0c9e-34c7-41e1-90e2-5c691522fdfd{ip: 10.1.0.56, host: fv-az180-400.aibneqh1mxpuhl3tnnuy2ifbce.bx.internal.cloudapp.net, ports: [REPLICATION=43001, RATIS=35103, RATIS_ADMIN=35103, RATIS_SERVER=35103, STANDALONE=34509], networkLocation: /default-rack, certSerialId: null, persistedOpState: IN_SERVICE, persistedOpStateExpiryEpochSec: 0}, a49fbcfb-f7dc-4282-aec4-a4f9f3e2b5ab{ip: 10.1.0.56, host: fv-az180-400.aibneqh1mxpuhl3tnnuy2ifbce.bx.internal.cloudapp.net, ports: [REPLICATION=41799, RATIS=37955, RATIS_ADMIN=37955, RATIS_SERVER=37955, STANDALONE=46377], networkLocation: /default-rack, certSerialId: null, persistedOpState: null, persistedOpStateExpiryEpochSec: 0}]"  ancestorGen="0").
2022-11-18 13:06:08,482 [Under Replicated Processor] WARN  net.NetworkTopologyImpl (NetworkTopologyImpl.java:chooseNodeInternal(653)) - No available node in (scope="/default-rack" excludedScope="null" excludedNodes="[8ad84362-fca3-4a94-b029-55aaea538166{ip: 10.1.0.56, host: fv-az180-400.aibneqh1mxpuhl3tnnuy2ifbce.bx.internal.cloudapp.net, ports: [REPLICATION=45785, RATIS=38939, RATIS_ADMIN=38939, RATIS_SERVER=38939, STANDALONE=38791], networkLocation: /default-rack, certSerialId: null, persistedOpState: IN_SERVICE, persistedOpStateExpiryEpochSec: 0}, 1bb9cbb4-eec0-4324-8de7-fca776b53f2b{ip: 10.1.0.56, host: fv-az180-400.aibneqh1mxpuhl3tnnuy2ifbce.bx.internal.cloudapp.net, ports: [REPLICATION=45141, RATIS=44667, RATIS_ADMIN=44667, RATIS_SERVER=44667, STANDALONE=45879], networkLocation: /default-rack, certSerialId: null, persistedOpState: IN_SERVICE, persistedOpStateExpiryEpochSec: 0}, 961e98b4-0515-4e33-9a5e-b87989e0967c{ip: 10.1.0.56, host: fv-az180-400.aibneqh1mxpuhl3tnnuy2ifbce.bx.internal.cloudapp.net, ports: [REPLICATION=32803, RATIS=45547, RATIS_ADMIN=45547, RATIS_SERVER=45547, STANDALONE=33243], networkLocation: /default-rack, certSerialId: null, persistedOpState: IN_SERVICE, persistedOpStateExpiryEpochSec: 0}, a36f0c9e-34c7-41e1-90e2-5c691522fdfd{ip: 10.1.0.56, host: fv-az180-400.aibneqh1mxpuhl3tnnuy2ifbce.bx.internal.cloudapp.net, ports: [REPLICATION=43001, RATIS=35103, RATIS_ADMIN=35103, RATIS_SERVER=35103, STANDALONE=34509], networkLocation: /default-rack, certSerialId: null, persistedOpState: IN_SERVICE, persistedOpStateExpiryEpochSec: 0}, a49fbcfb-f7dc-4282-aec4-a4f9f3e2b5ab{ip: 10.1.0.56, host: fv-az180-400.aibneqh1mxpuhl3tnnuy2ifbce.bx.internal.cloudapp.net, ports: [REPLICATION=41799, RATIS=37955, RATIS_ADMIN=37955, RATIS_SERVER=37955, STANDALONE=46377], networkLocation: /default-rack, certSerialId: null, persistedOpState: null, persistedOpStateExpiryEpochSec: 0}]"  ancestorGen="0").
2022-11-18 13:06:08,482 [Under Replicated Processor] WARN  net.NetworkTopologyImpl (NetworkTopologyImpl.java:chooseNodeInternal(653)) - No available node in (scope="/default-rack" excludedScope="null" excludedNodes="[8ad84362-fca3-4a94-b029-55aaea538166{ip: 10.1.0.56, host: fv-az180-400.aibneqh1mxpuhl3tnnuy2ifbce.bx.internal.cloudapp.net, ports: [REPLICATION=45785, RATIS=38939, RATIS_ADMIN=38939, RATIS_SERVER=38939, STANDALONE=38791], networkLocation: /default-rack, certSerialId: null, persistedOpState: IN_SERVICE, persistedOpStateExpiryEpochSec: 0}, 1bb9cbb4-eec0-4324-8de7-fca776b53f2b{ip: 10.1.0.56, host: fv-az180-400.aibneqh1mxpuhl3tnnuy2ifbce.bx.internal.cloudapp.net, ports: [REPLICATION=45141, RATIS=44667, RATIS_ADMIN=44667, RATIS_SERVER=44667, STANDALONE=45879], networkLocation: /default-rack, certSerialId: null, persistedOpState: IN_SERVICE, persistedOpStateExpiryEpochSec: 0}, 961e98b4-0515-4e33-9a5e-b87989e0967c{ip: 10.1.0.56, host: fv-az180-400.aibneqh1mxpuhl3tnnuy2ifbce.bx.internal.cloudapp.net, ports: [REPLICATION=32803, RATIS=45547, RATIS_ADMIN=45547, RATIS_SERVER=45547, STANDALONE=33243], networkLocation: /default-rack, certSerialId: null, persistedOpState: IN_SERVICE, persistedOpStateExpiryEpochSec: 0}, a36f0c9e-34c7-41e1-90e2-5c691522fdfd{ip: 10.1.0.56, host: fv-az180-400.aibneqh1mxpuhl3tnnuy2ifbce.bx.internal.cloudapp.net, ports: [REPLICATION=43001, RATIS=35103, RATIS_ADMIN=35103, RATIS_SERVER=35103, STANDALONE=34509], networkLocation: /default-rack, certSerialId: null, persistedOpState: IN_SERVICE, persistedOpStateExpiryEpochSec: 0}, a49fbcfb-f7dc-4282-aec4-a4f9f3e2b5ab{ip: 10.1.0.56, host: fv-az180-400.aibneqh1mxpuhl3tnnuy2ifbce.bx.internal.cloudapp.net, ports: [REPLICATION=41799, RATIS=37955, RATIS_ADMIN=37955, RATIS_SERVER=37955, STANDALONE=46377], networkLocation: /default-rack, certSerialId: null, persistedOpState: null, persistedOpStateExpiryEpochSec: 0}]"  ancestorGen="0").
2022-11-18 13:06:08,482 [Under Replicated Processor] INFO  algorithms.SCMContainerPlacementRackScatter (SCMContainerPlacementRackScatter.java:chooseNode(379)) - No satisfied datanode to meet the constraints. Metadatadata size required: 0 Data size required: 5368709120, scope /default-rack, excluded nodes [8ad84362-fca3-4a94-b029-55aaea538166{ip: 10.1.0.56, host: fv-az180-400.aibneqh1mxpuhl3tnnuy2ifbce.bx.internal.cloudapp.net, ports: [REPLICATION=45785, RATIS=38939, RATIS_ADMIN=38939, RATIS_SERVER=38939, STANDALONE=38791], networkLocation: /default-rack, certSerialId: null, persistedOpState: IN_SERVICE, persistedOpStateExpiryEpochSec: 0}, 1bb9cbb4-eec0-4324-8de7-fca776b53f2b{ip: 10.1.0.56, host: fv-az180-400.aibneqh1mxpuhl3tnnuy2ifbce.bx.internal.cloudapp.net, ports: [REPLICATION=45141, RATIS=44667, RATIS_ADMIN=44667, RATIS_SERVER=44667, STANDALONE=45879], networkLocation: /default-rack, certSerialId: null, persistedOpState: IN_SERVICE, persistedOpStateExpiryEpochSec: 0}, 961e98b4-0515-4e33-9a5e-b87989e0967c{ip: 10.1.0.56, host: fv-az180-400.aibneqh1mxpuhl3tnnuy2ifbce.bx.internal.cloudapp.net, ports: [REPLICATION=32803, RATIS=45547, RATIS_ADMIN=45547, RATIS_SERVER=45547, STANDALONE=33243], networkLocation: /default-rack, certSerialId: null, persistedOpState: IN_SERVICE, persistedOpStateExpiryEpochSec: 0}, a36f0c9e-34c7-41e1-90e2-5c691522fdfd{ip: 10.1.0.56, host: fv-az180-400.aibneqh1mxpuhl3tnnuy2ifbce.bx.internal.cloudapp.net, ports: [REPLICATION=43001, RATIS=35103, RATIS_ADMIN=35103, RATIS_SERVER=35103, STANDALONE=34509], networkLocation: /default-rack, certSerialId: null, persistedOpState: IN_SERVICE, persistedOpStateExpiryEpochSec: 0}, a49fbcfb-f7dc-4282-aec4-a4f9f3e2b5ab{ip: 10.1.0.56, host: fv-az180-400.aibneqh1mxpuhl3tnnuy2ifbce.bx.internal.cloudapp.net, ports: [REPLICATION=41799, RATIS=37955, RATIS_ADMIN=37955, RATIS_SERVER=37955, STANDALONE=46377], networkLocation: /default-rack, certSerialId: null, persistedOpState: null, persistedOpStateExpiryEpochSec: 0}]
2022-11-18 13:06:08,482 [Under Replicated Processor] WARN  algorithms.SCMContainerPlacementRackScatter (SCMContainerPlacementRackScatter.java:chooseDatanodesInternal(281)) - Placement policy could not choose the enough nodes from available racks. Chosen nodes size from Unique Racks: 0, but required nodes to choose from Unique Racks: 1 do not match. Available racks count: 1, Excluded nodes count: 4
2022-11-18 13:06:08,482 [Under Replicated Processor] WARN  replication.ECUnderReplicationHandler (ECUnderReplicationHandler.java:processAndCreateCommands(252)) - Exception while processing for creating the EC reconstruction container commands for #8.
org.apache.hadoop.hdds.scm.exceptions.SCMException: Chosen nodes size from Unique Racks: 0, but required nodes to choose from Unique Racks: 1 do not match.
	at org.apache.hadoop.hdds.scm.container.placement.algorithms.SCMContainerPlacementRackScatter.chooseDatanodesInternal(SCMContainerPlacementRackScatter.java:286)
	at org.apache.hadoop.hdds.scm.SCMCommonPlacementPolicy.chooseDatanodes(SCMCommonPlacementPolicy.java:175)
	at org.apache.hadoop.hdds.scm.SCMCommonPlacementPolicy.chooseDatanodes(SCMCommonPlacementPolicy.java:117)
	at org.apache.hadoop.hdds.scm.container.replication.ECUnderReplicationHandler.getTargetDatanodes(ECUnderReplicationHandler.java:303)
	at org.apache.hadoop.hdds.scm.container.replication.ECUnderReplicationHandler.processAndCreateCommands(ECUnderReplicationHandler.java:186)
	at org.apache.hadoop.hdds.scm.container.replication.ReplicationManager.processUnderReplicatedContainer(ReplicationManager.java:483)
	at org.apache.hadoop.hdds.scm.container.replication.UnderReplicatedProcessor.processContainer(UnderReplicatedProcessor.java:99)
	at org.apache.hadoop.hdds.scm.container.replication.UnderReplicatedProcessor.processAll(UnderReplicatedProcessor.java:83)
	at org.apache.hadoop.hdds.scm.container.replication.UnderReplicatedProcessor.run(UnderReplicatedProcessor.java:144)
	at java.lang.Thread.run(Thread.java:750)
2022-11-18 13:06:08,482 [Under Replicated Processor] ERROR replication.UnderReplicatedProcessor (UnderReplicatedProcessor.java:processAll(86)) - Error processing under replicated container ContainerInfo{id=#8, state=CLOSED, pipelineID=PipelineID=67e84420-6fe2-43b6-bc4f-8bf4477b66f2, stateEnterTime=2022-11-18T13:05:28.764Z, owner=om1}
org.apache.hadoop.hdds.scm.exceptions.SCMException: Chosen nodes size from Unique Racks: 0, but required nodes to choose from Unique Racks: 1 do not match.
	at org.apache.hadoop.hdds.scm.container.placement.algorithms.SCMContainerPlacementRackScatter.chooseDatanodesInternal(SCMContainerPlacementRackScatter.java:286)
	at org.apache.hadoop.hdds.scm.SCMCommonPlacementPolicy.chooseDatanodes(SCMCommonPlacementPolicy.java:175)
	at org.apache.hadoop.hdds.scm.SCMCommonPlacementPolicy.chooseDatanodes(SCMCommonPlacementPolicy.java:117)
	at org.apache.hadoop.hdds.scm.container.replication.ECUnderReplicationHandler.getTargetDatanodes(ECUnderReplicationHandler.java:303)
	at org.apache.hadoop.hdds.scm.container.replication.ECUnderReplicationHandler.processAndCreateCommands(ECUnderReplicationHandler.java:186)
	at org.apache.hadoop.hdds.scm.container.replication.ReplicationManager.processUnderReplicatedContainer(ReplicationManager.java:483)
	at org.apache.hadoop.hdds.scm.container.replication.UnderReplicatedProcessor.processContainer(UnderReplicatedProcessor.java:99)
	at org.apache.hadoop.hdds.scm.container.replication.UnderReplicatedProcessor.processAll(UnderReplicatedProcessor.java:83)
	at org.apache.hadoop.hdds.scm.container.replication.UnderReplicatedProcessor.run(UnderReplicatedProcessor.java:144)
	at java.lang.Thread.run(Thread.java:750)
2022-11-18 13:06:08,483 [Under Replicated Processor] WARN  net.NetworkTopologyImpl (NetworkTopologyImpl.java:chooseNodeInternal(653)) - No available node in (scope="/default-rack" excludedScope="null" excludedNodes="[8ad84362-fca3-4a94-b029-55aaea538166{ip: 10.1.0.56, host: fv-az180-400.aibneqh1mxpuhl3tnnuy2ifbce.bx.internal.cloudapp.net, ports: [REPLICATION=45785, RATIS=38939, RATIS_ADMIN=38939, RATIS_SERVER=38939, STANDALONE=38791], networkLocation: /default-rack, certSerialId: null, persistedOpState: IN_SERVICE, persistedOpStateExpiryEpochSec: 0}, 1bb9cbb4-eec0-4324-8de7-fca776b53f2b{ip: 10.1.0.56, host: fv-az180-400.aibneqh1mxpuhl3tnnuy2ifbce.bx.internal.cloudapp.net, ports: [REPLICATION=45141, RATIS=44667, RATIS_ADMIN=44667, RATIS_SERVER=44667, STANDALONE=45879], networkLocation: /default-rack, certSerialId: null, persistedOpState: IN_SERVICE, persistedOpStateExpiryEpochSec: 0}, 961e98b4-0515-4e33-9a5e-b87989e0967c{ip: 10.1.0.56, host: fv-az180-400.aibneqh1mxpuhl3tnnuy2ifbce.bx.internal.cloudapp.net, ports: [REPLICATION=32803, RATIS=45547, RATIS_ADMIN=45547, RATIS_SERVER=45547, STANDALONE=33243], networkLocation: /default-rack, certSerialId: null, persistedOpState: IN_SERVICE, persistedOpStateExpiryEpochSec: 0}, a36f0c9e-34c7-41e1-90e2-5c691522fdfd{ip: 10.1.0.56, host: fv-az180-400.aibneqh1mxpuhl3tnnuy2ifbce.bx.internal.cloudapp.net, ports: [REPLICATION=43001, RATIS=35103, RATIS_ADMIN=35103, RATIS_SERVER=35103, STANDALONE=34509], networkLocation: /default-rack, certSerialId: null, persistedOpState: IN_SERVICE, persistedOpStateExpiryEpochSec: 0}, a49fbcfb-f7dc-4282-aec4-a4f9f3e2b5ab{ip: 10.1.0.56, host: fv-az180-400.aibneqh1mxpuhl3tnnuy2ifbce.bx.internal.cloudapp.net, ports: [REPLICATION=41799, RATIS=37955, RATIS_ADMIN=37955, RATIS_SERVER=37955, STANDALONE=46377], networkLocation: /default-rack, certSerialId: null, persistedOpState: null, persistedOpStateExpiryEpochSec: 0}]"  ancestorGen="0").
2022-11-18 13:06:08,483 [Under Replicated Processor] WARN  net.NetworkTopologyImpl (NetworkTopologyImpl.java:chooseNodeInternal(653)) - No available node in (scope="/default-rack" excludedScope="null" excludedNodes="[8ad84362-fca3-4a94-b029-55aaea538166{ip: 10.1.0.56, host: fv-az180-400.aibneqh1mxpuhl3tnnuy2ifbce.bx.internal.cloudapp.net, ports: [REPLICATION=45785, RATIS=38939, RATIS_ADMIN=38939, RATIS_SERVER=38939, STANDALONE=38791], networkLocation: /default-rack, certSerialId: null, persistedOpState: IN_SERVICE, persistedOpStateExpiryEpochSec: 0}, 1bb9cbb4-eec0-4324-8de7-fca776b53f2b{ip: 10.1.0.56, host: fv-az180-400.aibneqh1mxpuhl3tnnuy2ifbce.bx.internal.cloudapp.net, ports: [REPLICATION=45141, RATIS=44667, RATIS_ADMIN=44667, RATIS_SERVER=44667, STANDALONE=45879], networkLocation: /default-rack, certSerialId: null, persistedOpState: IN_SERVICE, persistedOpStateExpiryEpochSec: 0}, 961e98b4-0515-4e33-9a5e-b87989e0967c{ip: 10.1.0.56, host: fv-az180-400.aibneqh1mxpuhl3tnnuy2ifbce.bx.internal.cloudapp.net, ports: [REPLICATION=32803, RATIS=45547, RATIS_ADMIN=45547, RATIS_SERVER=45547, STANDALONE=33243], networkLocation: /default-rack, certSerialId: null, persistedOpState: IN_SERVICE, persistedOpStateExpiryEpochSec: 0}, a36f0c9e-34c7-41e1-90e2-5c691522fdfd{ip: 10.1.0.56, host: fv-az180-400.aibneqh1mxpuhl3tnnuy2ifbce.bx.internal.cloudapp.net, ports: [REPLICATION=43001, RATIS=35103, RATIS_ADMIN=35103, RATIS_SERVER=35103, STANDALONE=34509], networkLocation: /default-rack, certSerialId: null, persistedOpState: IN_SERVICE, persistedOpStateExpiryEpochSec: 0}, a49fbcfb-f7dc-4282-aec4-a4f9f3e2b5ab{ip: 10.1.0.56, host: fv-az180-400.aibneqh1mxpuhl3tnnuy2ifbce.bx.internal.cloudapp.net, ports: [REPLICATION=41799, RATIS=37955, RATIS_ADMIN=37955, RATIS_SERVER=37955, STANDALONE=46377], networkLocation: /default-rack, certSerialId: null, persistedOpState: null, persistedOpStateExpiryEpochSec: 0}]"  ancestorGen="0").
2022-11-18 13:06:08,483 [Under Replicated Processor] WARN  net.NetworkTopologyImpl (NetworkTopologyImpl.java:chooseNodeInternal(653)) - No available node in (scope="/default-rack" excludedScope="null" excludedNodes="[8ad84362-fca3-4a94-b029-55aaea538166{ip: 10.1.0.56, host: fv-az180-400.aibneqh1mxpuhl3tnnuy2ifbce.bx.internal.cloudapp.net, ports: [REPLICATION=45785, RATIS=38939, RATIS_ADMIN=38939, RATIS_SERVER=38939, STANDALONE=38791], networkLocation: /default-rack, certSerialId: null, persistedOpState: IN_SERVICE, persistedOpStateExpiryEpochSec: 0}, 1bb9cbb4-eec0-4324-8de7-fca776b53f2b{ip: 10.1.0.56, host: fv-az180-400.aibneqh1mxpuhl3tnnuy2ifbce.bx.internal.cloudapp.net, ports: [REPLICATION=45141, RATIS=44667, RATIS_ADMIN=44667, RATIS_SERVER=44667, STANDALONE=45879], networkLocation: /default-rack, certSerialId: null, persistedOpState: IN_SERVICE, persistedOpStateExpiryEpochSec: 0}, 961e98b4-0515-4e33-9a5e-b87989e0967c{ip: 10.1.0.56, host: fv-az180-400.aibneqh1mxpuhl3tnnuy2ifbce.bx.internal.cloudapp.net, ports: [REPLICATION=32803, RATIS=45547, RATIS_ADMIN=45547, RATIS_SERVER=45547, STANDALONE=33243], networkLocation: /default-rack, certSerialId: null, persistedOpState: IN_SERVICE, persistedOpStateExpiryEpochSec: 0}, a36f0c9e-34c7-41e1-90e2-5c691522fdfd{ip: 10.1.0.56, host: fv-az180-400.aibneqh1mxpuhl3tnnuy2ifbce.bx.internal.cloudapp.net, ports: [REPLICATION=43001, RATIS=35103, RATIS_ADMIN=35103, RATIS_SERVER=35103, STANDALONE=34509], networkLocation: /default-rack, certSerialId: null, persistedOpState: IN_SERVICE, persistedOpStateExpiryEpochSec: 0}, a49fbcfb-f7dc-4282-aec4-a4f9f3e2b5ab{ip: 10.1.0.56, host: fv-az180-400.aibneqh1mxpuhl3tnnuy2ifbce.bx.internal.cloudapp.net, ports: [REPLICATION=41799, RATIS=37955, RATIS_ADMIN=37955, RATIS_SERVER=37955, STANDALONE=46377], networkLocation: /default-rack, certSerialId: null, persistedOpState: null, persistedOpStateExpiryEpochSec: 0}]"  ancestorGen="0").
2022-11-18 13:06:08,483 [Under Replicated Processor] WARN  net.NetworkTopologyImpl (NetworkTopologyImpl.java:chooseNodeInternal(653)) - No available node in (scope="/default-rack" excludedScope="null" excludedNodes="[8ad84362-fca3-4a94-b029-55aaea538166{ip: 10.1.0.56, host: fv-az180-400.aibneqh1mxpuhl3tnnuy2ifbce.bx.internal.cloudapp.net, ports: [REPLICATION=45785, RATIS=38939, RATIS_ADMIN=38939, RATIS_SERVER=38939, STANDALONE=38791], networkLocation: /default-rack, certSerialId: null, persistedOpState: IN_SERVICE, persistedOpStateExpiryEpochSec: 0}, 1bb9cbb4-eec0-4324-8de7-fca776b53f2b{ip: 10.1.0.56, host: fv-az180-400.aibneqh1mxpuhl3tnnuy2ifbce.bx.internal.cloudapp.net, ports: [REPLICATION=45141, RATIS=44667, RATIS_ADMIN=44667, RATIS_SERVER=44667, STANDALONE=45879], networkLocation: /default-rack, certSerialId: null, persistedOpState: IN_SERVICE, persistedOpStateExpiryEpochSec: 0}, 961e98b4-0515-4e33-9a5e-b87989e0967c{ip: 10.1.0.56, host: fv-az180-400.aibneqh1mxpuhl3tnnuy2ifbce.bx.internal.cloudapp.net, ports: [REPLICATION=32803, RATIS=45547, RATIS_ADMIN=45547, RATIS_SERVER=45547, STANDALONE=33243], networkLocation: /default-rack, certSerialId: null, persistedOpState: IN_SERVICE, persistedOpStateExpiryEpochSec: 0}, a36f0c9e-34c7-41e1-90e2-5c691522fdfd{ip: 10.1.0.56, host: fv-az180-400.aibneqh1mxpuhl3tnnuy2ifbce.bx.internal.cloudapp.net, ports: [REPLICATION=43001, RATIS=35103, RATIS_ADMIN=35103, RATIS_SERVER=35103, STANDALONE=34509], networkLocation: /default-rack, certSerialId: null, persistedOpState: IN_SERVICE, persistedOpStateExpiryEpochSec: 0}, a49fbcfb-f7dc-4282-aec4-a4f9f3e2b5ab{ip: 10.1.0.56, host: fv-az180-400.aibneqh1mxpuhl3tnnuy2ifbce.bx.internal.cloudapp.net, ports: [REPLICATION=41799, RATIS=37955, RATIS_ADMIN=37955, RATIS_SERVER=37955, STANDALONE=46377], networkLocation: /default-rack, certSerialId: null, persistedOpState: null, persistedOpStateExpiryEpochSec: 0}]"  ancestorGen="0").
2022-11-18 13:06:08,483 [Under Replicated Processor] INFO  algorithms.SCMContainerPlacementRackScatter (SCMContainerPlacementRackScatter.java:chooseNode(379)) - No satisfied datanode to meet the constraints. Metadatadata size required: 0 Data size required: 5368709120, scope /default-rack, excluded nodes [8ad84362-fca3-4a94-b029-55aaea538166{ip: 10.1.0.56, host: fv-az180-400.aibneqh1mxpuhl3tnnuy2ifbce.bx.internal.cloudapp.net, ports: [REPLICATION=45785, RATIS=38939, RATIS_ADMIN=38939, RATIS_SERVER=38939, STANDALONE=38791], networkLocation: /default-rack, certSerialId: null, persistedOpState: IN_SERVICE, persistedOpStateExpiryEpochSec: 0}, 1bb9cbb4-eec0-4324-8de7-fca776b53f2b{ip: 10.1.0.56, host: fv-az180-400.aibneqh1mxpuhl3tnnuy2ifbce.bx.internal.cloudapp.net, ports: [REPLICATION=45141, RATIS=44667, RATIS_ADMIN=44667, RATIS_SERVER=44667, STANDALONE=45879], networkLocation: /default-rack, certSerialId: null, persistedOpState: IN_SERVICE, persistedOpStateExpiryEpochSec: 0}, 961e98b4-0515-4e33-9a5e-b87989e0967c{ip: 10.1.0.56, host: fv-az180-400.aibneqh1mxpuhl3tnnuy2ifbce.bx.internal.cloudapp.net, ports: [REPLICATION=32803, RATIS=45547, RATIS_ADMIN=45547, RATIS_SERVER=45547, STANDALONE=33243], networkLocation: /default-rack, certSerialId: null, persistedOpState: IN_SERVICE, persistedOpStateExpiryEpochSec: 0}, a36f0c9e-34c7-41e1-90e2-5c691522fdfd{ip: 10.1.0.56, host: fv-az180-400.aibneqh1mxpuhl3tnnuy2ifbce.bx.internal.cloudapp.net, ports: [REPLICATION=43001, RATIS=35103, RATIS_ADMIN=35103, RATIS_SERVER=35103, STANDALONE=34509], networkLocation: /default-rack, certSerialId: null, persistedOpState: IN_SERVICE, persistedOpStateExpiryEpochSec: 0}, a49fbcfb-f7dc-4282-aec4-a4f9f3e2b5ab{ip: 10.1.0.56, host: fv-az180-400.aibneqh1mxpuhl3tnnuy2ifbce.bx.internal.cloudapp.net, ports: [REPLICATION=41799, RATIS=37955, RATIS_ADMIN=37955, RATIS_SERVER=37955, STANDALONE=46377], networkLocation: /default-rack, certSerialId: null, persistedOpState: null, persistedOpStateExpiryEpochSec: 0}]
2022-11-18 13:06:08,483 [Under Replicated Processor] WARN  algorithms.SCMContainerPlacementRackScatter (SCMContainerPlacementRackScatter.java:chooseDatanodesInternal(281)) - Placement policy could not choose the enough nodes from available racks. Chosen nodes size from Unique Racks: 0, but required nodes to choose from Unique Racks: 1 do not match. Available racks count: 1, Excluded nodes count: 4
2022-11-18 13:06:08,483 [Under Replicated Processor] WARN  replication.ECUnderReplicationHandler (ECUnderReplicationHandler.java:processAndCreateCommands(252)) - Exception while processing for creating the EC reconstruction container commands for #8.
org.apache.hadoop.hdds.scm.exceptions.SCMException: Chosen nodes size from Unique Racks: 0, but required nodes to choose from Unique Racks: 1 do not match.
	at org.apache.hadoop.hdds.scm.container.placement.algorithms.SCMContainerPlacementRackScatter.chooseDatanodesInternal(SCMContainerPlacementRackScatter.java:286)
	at org.apache.hadoop.hdds.scm.SCMCommonPlacementPolicy.chooseDatanodes(SCMCommonPlacementPolicy.java:175)
	at org.apache.hadoop.hdds.scm.SCMCommonPlacementPolicy.chooseDatanodes(SCMCommonPlacementPolicy.java:117)
	at org.apache.hadoop.hdds.scm.container.replication.ECUnderReplicationHandler.getTargetDatanodes(ECUnderReplicationHandler.java:303)
	at org.apache.hadoop.hdds.scm.container.replication.ECUnderReplicationHandler.processAndCreateCommands(ECUnderReplicationHandler.java:186)
	at org.apache.hadoop.hdds.scm.container.replication.ReplicationManager.processUnderReplicatedContainer(ReplicationManager.java:483)
	at org.apache.hadoop.hdds.scm.container.replication.UnderReplicatedProcessor.processContainer(UnderReplicatedProcessor.java:99)
	at org.apache.hadoop.hdds.scm.container.replication.UnderReplicatedProcessor.processAll(UnderReplicatedProcessor.java:83)
	at org.apache.hadoop.hdds.scm.container.replication.UnderReplicatedProcessor.run(UnderReplicatedProcessor.java:144)
	at java.lang.Thread.run(Thread.java:750)
2022-11-18 13:06:08,483 [Under Replicated Processor] ERROR replication.UnderReplicatedProcessor (UnderReplicatedProcessor.java:processAll(86)) - Error processing under replicated container ContainerInfo{id=#8, state=CLOSED, pipelineID=PipelineID=67e84420-6fe2-43b6-bc4f-8bf4477b66f2, stateEnterTime=2022-11-18T13:05:28.764Z, owner=om1}
org.apache.hadoop.hdds.scm.exceptions.SCMException: Chosen nodes size from Unique Racks: 0, but required nodes to choose from Unique Racks: 1 do not match.
	at org.apache.hadoop.hdds.scm.container.placement.algorithms.SCMContainerPlacementRackScatter.chooseDatanodesInternal(SCMContainerPlacementRackScatter.java:286)
	at org.apache.hadoop.hdds.scm.SCMCommonPlacementPolicy.chooseDatanodes(SCMCommonPlacementPolicy.java:175)
	at org.apache.hadoop.hdds.scm.SCMCommonPlacementPolicy.chooseDatanodes(SCMCommonPlacementPolicy.java:117)
	at org.apache.hadoop.hdds.scm.container.replication.ECUnderReplicationHandler.getTargetDatanodes(ECUnderReplicationHandler.java:303)
	at org.apache.hadoop.hdds.scm.container.replication.ECUnderReplicationHandler.processAndCreateCommands(ECUnderReplicationHandler.java:186)
	at org.apache.hadoop.hdds.scm.container.replication.ReplicationManager.processUnderReplicatedContainer(ReplicationManager.java:483)
	at org.apache.hadoop.hdds.scm.container.replication.UnderReplicatedProcessor.processContainer(UnderReplicatedProcessor.java:99)
	at org.apache.hadoop.hdds.scm.container.replication.UnderReplicatedProcessor.processAll(UnderReplicatedProcessor.java:83)
	at org.apache.hadoop.hdds.scm.container.replication.UnderReplicatedProcessor.run(UnderReplicatedProcessor.java:144)
	at java.lang.Thread.run(Thread.java:750)
2022-11-18 13:06:08,483 [Under Replicated Processor] WARN  net.NetworkTopologyImpl (NetworkTopologyImpl.java:chooseNodeInternal(653)) - No available node in (scope="/default-rack" excludedScope="null" excludedNodes="[8ad84362-fca3-4a94-b029-55aaea538166{ip: 10.1.0.56, host: fv-az180-400.aibneqh1mxpuhl3tnnuy2ifbce.bx.internal.cloudapp.net, ports: [REPLICATION=45785, RATIS=38939, RATIS_ADMIN=38939, RATIS_SERVER=38939, STANDALONE=38791], networkLocation: /default-rack, certSerialId: null, persistedOpState: IN_SERVICE, persistedOpStateExpiryEpochSec: 0}, 1bb9cbb4-eec0-4324-8de7-fca776b53f2b{ip: 10.1.0.56, host: fv-az180-400.aibneqh1mxpuhl3tnnuy2ifbce.bx.internal.cloudapp.net, ports: [REPLICATION=45141, RATIS=44667, RATIS_ADMIN=44667, RATIS_SERVER=44667, STANDALONE=45879], networkLocation: /default-rack, certSerialId: null, persistedOpState: IN_SERVICE, persistedOpStateExpiryEpochSec: 0}, 961e98b4-0515-4e33-9a5e-b87989e0967c{ip: 10.1.0.56, host: fv-az180-400.aibneqh1mxpuhl3tnnuy2ifbce.bx.internal.cloudapp.net, ports: [REPLICATION=32803, RATIS=45547, RATIS_ADMIN=45547, RATIS_SERVER=45547, STANDALONE=33243], networkLocation: /default-rack, certSerialId: null, persistedOpState: IN_SERVICE, persistedOpStateExpiryEpochSec: 0}, a36f0c9e-34c7-41e1-90e2-5c691522fdfd{ip: 10.1.0.56, host: fv-az180-400.aibneqh1mxpuhl3tnnuy2ifbce.bx.internal.cloudapp.net, ports: [REPLICATION=43001, RATIS=35103, RATIS_ADMIN=35103, RATIS_SERVER=35103, STANDALONE=34509], networkLocation: /default-rack, certSerialId: null, persistedOpState: IN_SERVICE, persistedOpStateExpiryEpochSec: 0}, a49fbcfb-f7dc-4282-aec4-a4f9f3e2b5ab{ip: 10.1.0.56, host: fv-az180-400.aibneqh1mxpuhl3tnnuy2ifbce.bx.internal.cloudapp.net, ports: [REPLICATION=41799, RATIS=37955, RATIS_ADMIN=37955, RATIS_SERVER=37955, STANDALONE=46377], networkLocation: /default-rack, certSerialId: null, persistedOpState: null, persistedOpStateExpiryEpochSec: 0}]"  ancestorGen="0").
2022-11-18 13:06:08,484 [Under Replicated Processor] WARN  net.NetworkTopologyImpl (NetworkTopologyImpl.java:chooseNodeInternal(653)) - No available node in (scope="/default-rack" excludedScope="null" excludedNodes="[8ad84362-fca3-4a94-b029-55aaea538166{ip: 10.1.0.56, host: fv-az180-400.aibneqh1mxpuhl3tnnuy2ifbce.bx.internal.cloudapp.net, ports: [REPLICATION=45785, RATIS=38939, RATIS_ADMIN=38939, RATIS_SERVER=38939, STANDALONE=38791], networkLocation: /default-rack, certSerialId: null, persistedOpState: IN_SERVICE, persistedOpStateExpiryEpochSec: 0}, 1bb9cbb4-eec0-4324-8de7-fca776b53f2b{ip: 10.1.0.56, host: fv-az180-400.aibneqh1mxpuhl3tnnuy2ifbce.bx.internal.cloudapp.net, ports: [REPLICATION=45141, RATIS=44667, RATIS_ADMIN=44667, RATIS_SERVER=44667, STANDALONE=45879], networkLocation: /default-rack, certSerialId: null, persistedOpState: IN_SERVICE, persistedOpStateExpiryEpochSec: 0}, 961e98b4-0515-4e33-9a5e-b87989e0967c{ip: 10.1.0.56, host: fv-az180-400.aibneqh1mxpuhl3tnnuy2ifbce.bx.internal.cloudapp.net, ports: [REPLICATION=32803, RATIS=45547, RATIS_ADMIN=45547, RATIS_SERVER=45547, STANDALONE=33243], networkLocation: /default-rack, certSerialId: null, persistedOpState: IN_SERVICE, persistedOpStateExpiryEpochSec: 0}, a36f0c9e-34c7-41e1-90e2-5c691522fdfd{ip: 10.1.0.56, host: fv-az180-400.aibneqh1mxpuhl3tnnuy2ifbce.bx.internal.cloudapp.net, ports: [REPLICATION=43001, RATIS=35103, RATIS_ADMIN=35103, RATIS_SERVER=35103, STANDALONE=34509], networkLocation: /default-rack, certSerialId: null, persistedOpState: IN_SERVICE, persistedOpStateExpiryEpochSec: 0}, a49fbcfb-f7dc-4282-aec4-a4f9f3e2b5ab{ip: 10.1.0.56, host: fv-az180-400.aibneqh1mxpuhl3tnnuy2ifbce.bx.internal.cloudapp.net, ports: [REPLICATION=41799, RATIS=37955, RATIS_ADMIN=37955, RATIS_SERVER=37955, STANDALONE=46377], networkLocation: /default-rack, certSerialId: null, persistedOpState: null, persistedOpStateExpiryEpochSec: 0}]"  ancestorGen="0").
2022-11-18 13:06:08,484 [Under Replicated Processor] WARN  net.NetworkTopologyImpl (NetworkTopologyImpl.java:chooseNodeInternal(653)) - No available node in (scope="/default-rack" excludedScope="null" excludedNodes="[8ad84362-fca3-4a94-b029-55aaea538166{ip: 10.1.0.56, host: fv-az180-400.aibneqh1mxpuhl3tnnuy2ifbce.bx.internal.cloudapp.net, ports: [REPLICATION=45785, RATIS=38939, RATIS_ADMIN=38939, RATIS_SERVER=38939, STANDALONE=38791], networkLocation: /default-rack, certSerialId: null, persistedOpState: IN_SERVICE, persistedOpStateExpiryEpochSec: 0}, 1bb9cbb4-eec0-4324-8de7-fca776b53f2b{ip: 10.1.0.56, host: fv-az180-400.aibneqh1mxpuhl3tnnuy2ifbce.bx.internal.cloudapp.net, ports: [REPLICATION=45141, RATIS=44667, RATIS_ADMIN=44667, RATIS_SERVER=44667, STANDALONE=45879], networkLocation: /default-rack, certSerialId: null, persistedOpState: IN_SERVICE, persistedOpStateExpiryEpochSec: 0}, 961e98b4-0515-4e33-9a5e-b87989e0967c{ip: 10.1.0.56, host: fv-az180-400.aibneqh1mxpuhl3tnnuy2ifbce.bx.internal.cloudapp.net, ports: [REPLICATION=32803, RATIS=45547, RATIS_ADMIN=45547, RATIS_SERVER=45547, STANDALONE=33243], networkLocation: /default-rack, certSerialId: null, persistedOpState: IN_SERVICE, persistedOpStateExpiryEpochSec: 0}, a36f0c9e-34c7-41e1-90e2-5c691522fdfd{ip: 10.1.0.56, host: fv-az180-400.aibneqh1mxpuhl3tnnuy2ifbce.bx.internal.cloudapp.net, ports: [REPLICATION=43001, RATIS=35103, RATIS_ADMIN=35103, RATIS_SERVER=35103, STANDALONE=34509], networkLocation: /default-rack, certSerialId: null, persistedOpState: IN_SERVICE, persistedOpStateExpiryEpochSec: 0}, a49fbcfb-f7dc-4282-aec4-a4f9f3e2b5ab{ip: 10.1.0.56, host: fv-az180-400.aibneqh1mxpuhl3tnnuy2ifbce.bx.internal.cloudapp.net, ports: [REPLICATION=41799, RATIS=37955, RATIS_ADMIN=37955, RATIS_SERVER=37955, STANDALONE=46377], networkLocation: /default-rack, certSerialId: null, persistedOpState: null, persistedOpStateExpiryEpochSec: 0}]"  ancestorGen="0").
2022-11-18 13:06:08,484 [Under Replicated Processor] WARN  net.NetworkTopologyImpl (NetworkTopologyImpl.java:chooseNodeInternal(653)) - No available node in (scope="/default-rack" excludedScope="null" excludedNodes="[8ad84362-fca3-4a94-b029-55aaea538166{ip: 10.1.0.56, host: fv-az180-400.aibneqh1mxpuhl3tnnuy2ifbce.bx.internal.cloudapp.net, ports: [REPLICATION=45785, RATIS=38939, RATIS_ADMIN=38939, RATIS_SERVER=38939, STANDALONE=38791], networkLocation: /default-rack, certSerialId: null, persistedOpState: IN_SERVICE, persistedOpStateExpiryEpochSec: 0}, 1bb9cbb4-eec0-4324-8de7-fca776b53f2b{ip: 10.1.0.56, host: fv-az180-400.aibneqh1mxpuhl3tnnuy2ifbce.bx.internal.cloudapp.net, ports: [REPLICATION=45141, RATIS=44667, RATIS_ADMIN=44667, RATIS_SERVER=44667, STANDALONE=45879], networkLocation: /default-rack, certSerialId: null, persistedOpState: IN_SERVICE, persistedOpStateExpiryEpochSec: 0}, 961e98b4-0515-4e33-9a5e-b87989e0967c{ip: 10.1.0.56, host: fv-az180-400.aibneqh1mxpuhl3tnnuy2ifbce.bx.internal.cloudapp.net, ports: [REPLICATION=32803, RATIS=45547, RATIS_ADMIN=45547, RATIS_SERVER=45547, STANDALONE=33243], networkLocation: /default-rack, certSerialId: null, persistedOpState: IN_SERVICE, persistedOpStateExpiryEpochSec: 0}, a36f0c9e-34c7-41e1-90e2-5c691522fdfd{ip: 10.1.0.56, host: fv-az180-400.aibneqh1mxpuhl3tnnuy2ifbce.bx.internal.cloudapp.net, ports: [REPLICATION=43001, RATIS=35103, RATIS_ADMIN=35103, RATIS_SERVER=35103, STANDALONE=34509], networkLocation: /default-rack, certSerialId: null, persistedOpState: IN_SERVICE, persistedOpStateExpiryEpochSec: 0}, a49fbcfb-f7dc-4282-aec4-a4f9f3e2b5ab{ip: 10.1.0.56, host: fv-az180-400.aibneqh1mxpuhl3tnnuy2ifbce.bx.internal.cloudapp.net, ports: [REPLICATION=41799, RATIS=37955, RATIS_ADMIN=37955, RATIS_SERVER=37955, STANDALONE=46377], networkLocation: /default-rack, certSerialId: null, persistedOpState: null, persistedOpStateExpiryEpochSec: 0}]"  ancestorGen="0").
2022-11-18 13:06:08,484 [Under Replicated Processor] INFO  algorithms.SCMContainerPlacementRackScatter (SCMContainerPlacementRackScatter.java:chooseNode(379)) - No satisfied datanode to meet the constraints. Metadatadata size required: 0 Data size required: 5368709120, scope /default-rack, excluded nodes [8ad84362-fca3-4a94-b029-55aaea538166{ip: 10.1.0.56, host: fv-az180-400.aibneqh1mxpuhl3tnnuy2ifbce.bx.internal.cloudapp.net, ports: [REPLICATION=45785, RATIS=38939, RATIS_ADMIN=38939, RATIS_SERVER=38939, STANDALONE=38791], networkLocation: /default-rack, certSerialId: null, persistedOpState: IN_SERVICE, persistedOpStateExpiryEpochSec: 0}, 1bb9cbb4-eec0-4324-8de7-fca776b53f2b{ip: 10.1.0.56, host: fv-az180-400.aibneqh1mxpuhl3tnnuy2ifbce.bx.internal.cloudapp.net, ports: [REPLICATION=45141, RATIS=44667, RATIS_ADMIN=44667, RATIS_SERVER=44667, STANDALONE=45879], networkLocation: /default-rack, certSerialId: null, persistedOpState: IN_SERVICE, persistedOpStateExpiryEpochSec: 0}, 961e98b4-0515-4e33-9a5e-b87989e0967c{ip: 10.1.0.56, host: fv-az180-400.aibneqh1mxpuhl3tnnuy2ifbce.bx.internal.cloudapp.net, ports: [REPLICATION=32803, RATIS=45547, RATIS_ADMIN=45547, RATIS_SERVER=45547, STANDALONE=33243], networkLocation: /default-rack, certSerialId: null, persistedOpState: IN_SERVICE, persistedOpStateExpiryEpochSec: 0}, a36f0c9e-34c7-41e1-90e2-5c691522fdfd{ip: 10.1.0.56, host: fv-az180-400.aibneqh1mxpuhl3tnnuy2ifbce.bx.internal.cloudapp.net, ports: [REPLICATION=43001, RATIS=35103, RATIS_ADMIN=35103, RATIS_SERVER=35103, STANDALONE=34509], networkLocation: /default-rack, certSerialId: null, persistedOpState: IN_SERVICE, persistedOpStateExpiryEpochSec: 0}, a49fbcfb-f7dc-4282-aec4-a4f9f3e2b5ab{ip: 10.1.0.56, host: fv-az180-400.aibneqh1mxpuhl3tnnuy2ifbce.bx.internal.cloudapp.net, ports: [REPLICATION=41799, RATIS=37955, RATIS_ADMIN=37955, RATIS_SERVER=37955, STANDALONE=46377], networkLocation: /default-rack, certSerialId: null, persistedOpState: null, persistedOpStateExpiryEpochSec: 0}]
2022-11-18 13:06:08,484 [Under Replicated Processor] WARN  algorithms.SCMContainerPlacementRackScatter (SCMContainerPlacementRackScatter.java:chooseDatanodesInternal(281)) - Placement policy could not choose the enough nodes from available racks. Chosen nodes size from Unique Racks: 0, but required nodes to choose from Unique Racks: 1 do not match. Available racks count: 1, Excluded nodes count: 4
2022-11-18 13:06:08,484 [Under Replicated Processor] WARN  replication.ECUnderReplicationHandler (ECUnderReplicationHandler.java:processAndCreateCommands(252)) - Exception while processing for creating the EC reconstruction container commands for #8.
org.apache.hadoop.hdds.scm.exceptions.SCMException: Chosen nodes size from Unique Racks: 0, but required nodes to choose from Unique Racks: 1 do not match.
	at org.apache.hadoop.hdds.scm.container.placement.algorithms.SCMContainerPlacementRackScatter.chooseDatanodesInternal(SCMContainerPlacementRackScatter.java:286)
	at org.apache.hadoop.hdds.scm.SCMCommonPlacementPolicy.chooseDatanodes(SCMCommonPlacementPolicy.java:175)
	at org.apache.hadoop.hdds.scm.SCMCommonPlacementPolicy.chooseDatanodes(SCMCommonPlacementPolicy.java:117)
	at org.apache.hadoop.hdds.scm.container.replication.ECUnderReplicationHandler.getTargetDatanodes(ECUnderReplicationHandler.java:303)
	at org.apache.hadoop.hdds.scm.container.replication.ECUnderReplicationHandler.processAndCreateCommands(ECUnderReplicationHandler.java:186)
	at org.apache.hadoop.hdds.scm.container.replication.ReplicationManager.processUnderReplicatedContainer(ReplicationManager.java:483)
	at org.apache.hadoop.hdds.scm.container.replication.UnderReplicatedProcessor.processContainer(UnderReplicatedProcessor.java:99)
	at org.apache.hadoop.hdds.scm.container.replication.UnderReplicatedProcessor.processAll(UnderReplicatedProcessor.java:83)
	at org.apache.hadoop.hdds.scm.container.replication.UnderReplicatedProcessor.run(UnderReplicatedProcessor.java:144)
	at java.lang.Thread.run(Thread.java:750)
2022-11-18 13:06:08,484 [Under Replicated Processor] ERROR replication.UnderReplicatedProcessor (UnderReplicatedProcessor.java:processAll(86)) - Error processing under replicated container ContainerInfo{id=#8, state=CLOSED, pipelineID=PipelineID=67e84420-6fe2-43b6-bc4f-8bf4477b66f2, stateEnterTime=2022-11-18T13:05:28.764Z, owner=om1}
org.apache.hadoop.hdds.scm.exceptions.SCMException: Chosen nodes size from Unique Racks: 0, but required nodes to choose from Unique Racks: 1 do not match.
	at org.apache.hadoop.hdds.scm.container.placement.algorithms.SCMContainerPlacementRackScatter.chooseDatanodesInternal(SCMContainerPlacementRackScatter.java:286)
	at org.apache.hadoop.hdds.scm.SCMCommonPlacementPolicy.chooseDatanodes(SCMCommonPlacementPolicy.java:175)
	at org.apache.hadoop.hdds.scm.SCMCommonPlacementPolicy.chooseDatanodes(SCMCommonPlacementPolicy.java:117)
	at org.apache.hadoop.hdds.scm.container.replication.ECUnderReplicationHandler.getTargetDatanodes(ECUnderReplicationHandler.java:303)
	at org.apache.hadoop.hdds.scm.container.replication.ECUnderReplicationHandler.processAndCreateCommands(ECUnderReplicationHandler.java:186)
	at org.apache.hadoop.hdds.scm.container.replication.ReplicationManager.processUnderReplicatedContainer(ReplicationManager.java:483)
	at org.apache.hadoop.hdds.scm.container.replication.UnderReplicatedProcessor.processContainer(UnderReplicatedProcessor.java:99)
	at org.apache.hadoop.hdds.scm.container.replication.UnderReplicatedProcessor.processAll(UnderReplicatedProcessor.java:83)
	at org.apache.hadoop.hdds.scm.container.replication.UnderReplicatedProcessor.run(UnderReplicatedProcessor.java:144)
	at java.lang.Thread.run(Thread.java:750)
2022-11-18 13:06:08,484 [Under Replicated Processor] WARN  net.NetworkTopologyImpl (NetworkTopologyImpl.java:chooseNodeInternal(653)) - No available node in (scope="/default-rack" excludedScope="null" excludedNodes="[8ad84362-fca3-4a94-b029-55aaea538166{ip: 10.1.0.56, host: fv-az180-400.aibneqh1mxpuhl3tnnuy2ifbce.bx.internal.cloudapp.net, ports: [REPLICATION=45785, RATIS=38939, RATIS_ADMIN=38939, RATIS_SERVER=38939, STANDALONE=38791], networkLocation: /default-rack, certSerialId: null, persistedOpState: IN_SERVICE, persistedOpStateExpiryEpochSec: 0}, 1bb9cbb4-eec0-4324-8de7-fca776b53f2b{ip: 10.1.0.56, host: fv-az180-400.aibneqh1mxpuhl3tnnuy2ifbce.bx.internal.cloudapp.net, ports: [REPLICATION=45141, RATIS=44667, RATIS_ADMIN=44667, RATIS_SERVER=44667, STANDALONE=45879], networkLocation: /default-rack, certSerialId: null, persistedOpState: IN_SERVICE, persistedOpStateExpiryEpochSec: 0}, 961e98b4-0515-4e33-9a5e-b87989e0967c{ip: 10.1.0.56, host: fv-az180-400.aibneqh1mxpuhl3tnnuy2ifbce.bx.internal.cloudapp.net, ports: [REPLICATION=32803, RATIS=45547, RATIS_ADMIN=45547, RATIS_SERVER=45547, STANDALONE=33243], networkLocation: /default-rack, certSerialId: null, persistedOpState: IN_SERVICE, persistedOpStateExpiryEpochSec: 0}, a36f0c9e-34c7-41e1-90e2-5c691522fdfd{ip: 10.1.0.56, host: fv-az180-400.aibneqh1mxpuhl3tnnuy2ifbce.bx.internal.cloudapp.net, ports: [REPLICATION=43001, RATIS=35103, RATIS_ADMIN=35103, RATIS_SERVER=35103, STANDALONE=34509], networkLocation: /default-rack, certSerialId: null, persistedOpState: IN_SERVICE, persistedOpStateExpiryEpochSec: 0}, a49fbcfb-f7dc-4282-aec4-a4f9f3e2b5ab{ip: 10.1.0.56, host: fv-az180-400.aibneqh1mxpuhl3tnnuy2ifbce.bx.internal.cloudapp.net, ports: [REPLICATION=41799, RATIS=37955, RATIS_ADMIN=37955, RATIS_SERVER=37955, STANDALONE=46377], networkLocation: /default-rack, certSerialId: null, persistedOpState: null, persistedOpStateExpiryEpochSec: 0}]"  ancestorGen="0").
2022-11-18 13:06:08,485 [Under Replicated Processor] WARN  net.NetworkTopologyImpl (NetworkTopologyImpl.java:chooseNodeInternal(653)) - No available node in (scope="/default-rack" excludedScope="null" excludedNodes="[8ad84362-fca3-4a94-b029-55aaea538166{ip: 10.1.0.56, host: fv-az180-400.aibneqh1mxpuhl3tnnuy2ifbce.bx.internal.cloudapp.net, ports: [REPLICATION=45785, RATIS=38939, RATIS_ADMIN=38939, RATIS_SERVER=38939, STANDALONE=38791], networkLocation: /default-rack, certSerialId: null, persistedOpState: IN_SERVICE, persistedOpStateExpiryEpochSec: 0}, 1bb9cbb4-eec0-4324-8de7-fca776b53f2b{ip: 10.1.0.56, host: fv-az180-400.aibneqh1mxpuhl3tnnuy2ifbce.bx.internal.cloudapp.net, ports: [REPLICATION=45141, RATIS=44667, RATIS_ADMIN=44667, RATIS_SERVER=44667, STANDALONE=45879], networkLocation: /default-rack, certSerialId: null, persistedOpState: IN_SERVICE, persistedOpStateExpiryEpochSec: 0}, 961e98b4-0515-4e33-9a5e-b87989e0967c{ip: 10.1.0.56, host: fv-az180-400.aibneqh1mxpuhl3tnnuy2ifbce.bx.internal.cloudapp.net, ports: [REPLICATION=32803, RATIS=45547, RATIS_ADMIN=45547, RATIS_SERVER=45547, STANDALONE=33243], networkLocation: /default-rack, certSerialId: null, persistedOpState: IN_SERVICE, persistedOpStateExpiryEpochSec: 0}, a36f0c9e-34c7-41e1-90e2-5c691522fdfd{ip: 10.1.0.56, host: fv-az180-400.aibneqh1mxpuhl3tnnuy2ifbce.bx.internal.cloudapp.net, ports: [REPLICATION=43001, RATIS=35103, RATIS_ADMIN=35103, RATIS_SERVER=35103, STANDALONE=34509], networkLocation: /default-rack, certSerialId: null, persistedOpState: IN_SERVICE, persistedOpStateExpiryEpochSec: 0}, a49fbcfb-f7dc-4282-aec4-a4f9f3e2b5ab{ip: 10.1.0.56, host: fv-az180-400.aibneqh1mxpuhl3tnnuy2ifbce.bx.internal.cloudapp.net, ports: [REPLICATION=41799, RATIS=37955, RATIS_ADMIN=37955, RATIS_SERVER=37955, STANDALONE=46377], networkLocation: /default-rack, certSerialId: null, persistedOpState: null, persistedOpStateExpiryEpochSec: 0}]"  ancestorGen="0").
2022-11-18 13:06:08,485 [Under Replicated Processor] WARN  net.NetworkTopologyImpl (NetworkTopologyImpl.java:chooseNodeInternal(653)) - No available node in (scope="/default-rack" excludedScope="null" excludedNodes="[8ad84362-fca3-4a94-b029-55aaea538166{ip: 10.1.0.56, host: fv-az180-400.aibneqh1mxpuhl3tnnuy2ifbce.bx.internal.cloudapp.net, ports: [REPLICATION=45785, RATIS=38939, RATIS_ADMIN=38939, RATIS_SERVER=38939, STANDALONE=38791], networkLocation: /default-rack, certSerialId: null, persistedOpState: IN_SERVICE, persistedOpStateExpiryEpochSec: 0}, 1bb9cbb4-eec0-4324-8de7-fca776b53f2b{ip: 10.1.0.56, host: fv-az180-400.aibneqh1mxpuhl3tnnuy2ifbce.bx.internal.cloudapp.net, ports: [REPLICATION=45141, RATIS=44667, RATIS_ADMIN=44667, RATIS_SERVER=44667, STANDALONE=45879], networkLocation: /default-rack, certSerialId: null, persistedOpState: IN_SERVICE, persistedOpStateExpiryEpochSec: 0}, 961e98b4-0515-4e33-9a5e-b87989e0967c{ip: 10.1.0.56, host: fv-az180-400.aibneqh1mxpuhl3tnnuy2ifbce.bx.internal.cloudapp.net, ports: [REPLICATION=32803, RATIS=45547, RATIS_ADMIN=45547, RATIS_SERVER=45547, STANDALONE=33243], networkLocation: /default-rack, certSerialId: null, persistedOpState: IN_SERVICE, persistedOpStateExpiryEpochSec: 0}, a36f0c9e-34c7-41e1-90e2-5c691522fdfd{ip: 10.1.0.56, host: fv-az180-400.aibneqh1mxpuhl3tnnuy2ifbce.bx.internal.cloudapp.net, ports: [REPLICATION=43001, RATIS=35103, RATIS_ADMIN=35103, RATIS_SERVER=35103, STANDALONE=34509], networkLocation: /default-rack, certSerialId: null, persistedOpState: IN_SERVICE, persistedOpStateExpiryEpochSec: 0}, a49fbcfb-f7dc-4282-aec4-a4f9f3e2b5ab{ip: 10.1.0.56, host: fv-az180-400.aibneqh1mxpuhl3tnnuy2ifbce.bx.internal.cloudapp.net, ports: [REPLICATION=41799, RATIS=37955, RATIS_ADMIN=37955, RATIS_SERVER=37955, STANDALONE=46377], networkLocation: /default-rack, certSerialId: null, persistedOpState: null, persistedOpStateExpiryEpochSec: 0}]"  ancestorGen="0").
2022-11-18 13:06:08,485 [Under Replicated Processor] WARN  net.NetworkTopologyImpl (NetworkTopologyImpl.java:chooseNodeInternal(653)) - No available node in (scope="/default-rack" excludedScope="null" excludedNodes="[8ad84362-fca3-4a94-b029-55aaea538166{ip: 10.1.0.56, host: fv-az180-400.aibneqh1mxpuhl3tnnuy2ifbce.bx.internal.cloudapp.net, ports: [REPLICATION=45785, RATIS=38939, RATIS_ADMIN=38939, RATIS_SERVER=38939, STANDALONE=38791], networkLocation: /default-rack, certSerialId: null, persistedOpState: IN_SERVICE, persistedOpStateExpiryEpochSec: 0}, 1bb9cbb4-eec0-4324-8de7-fca776b53f2b{ip: 10.1.0.56, host: fv-az180-400.aibneqh1mxpuhl3tnnuy2ifbce.bx.internal.cloudapp.net, ports: [REPLICATION=45141, RATIS=44667, RATIS_ADMIN=44667, RATIS_SERVER=44667, STANDALONE=45879], networkLocation: /default-rack, certSerialId: null, persistedOpState: IN_SERVICE, persistedOpStateExpiryEpochSec: 0}, 961e98b4-0515-4e33-9a5e-b87989e0967c{ip: 10.1.0.56, host: fv-az180-400.aibneqh1mxpuhl3tnnuy2ifbce.bx.internal.cloudapp.net, ports: [REPLICATION=32803, RATIS=45547, RATIS_ADMIN=45547, RATIS_SERVER=45547, STANDALONE=33243], networkLocation: /default-rack, certSerialId: null, persistedOpState: IN_SERVICE, persistedOpStateExpiryEpochSec: 0}, a36f0c9e-34c7-41e1-90e2-5c691522fdfd{ip: 10.1.0.56, host: fv-az180-400.aibneqh1mxpuhl3tnnuy2ifbce.bx.internal.cloudapp.net, ports: [REPLICATION=43001, RATIS=35103, RATIS_ADMIN=35103, RATIS_SERVER=35103, STANDALONE=34509], networkLocation: /default-rack, certSerialId: null, persistedOpState: IN_SERVICE, persistedOpStateExpiryEpochSec: 0}, a49fbcfb-f7dc-4282-aec4-a4f9f3e2b5ab{ip: 10.1.0.56, host: fv-az180-400.aibneqh1mxpuhl3tnnuy2ifbce.bx.internal.cloudapp.net, ports: [REPLICATION=41799, RATIS=37955, RATIS_ADMIN=37955, RATIS_SERVER=37955, STANDALONE=46377], networkLocation: /default-rack, certSerialId: null, persistedOpState: null, persistedOpStateExpiryEpochSec: 0}]"  ancestorGen="0").
2022-11-18 13:06:08,485 [Under Replicated Processor] INFO  algorithms.SCMContainerPlacementRackScatter (SCMContainerPlacementRackScatter.java:chooseNode(379)) - No satisfied datanode to meet the constraints. Metadatadata size required: 0 Data size required: 5368709120, scope /default-rack, excluded nodes [8ad84362-fca3-4a94-b029-55aaea538166{ip: 10.1.0.56, host: fv-az180-400.aibneqh1mxpuhl3tnnuy2ifbce.bx.internal.cloudapp.net, ports: [REPLICATION=45785, RATIS=38939, RATIS_ADMIN=38939, RATIS_SERVER=38939, STANDALONE=38791], networkLocation: /default-rack, certSerialId: null, persistedOpState: IN_SERVICE, persistedOpStateExpiryEpochSec: 0}, 1bb9cbb4-eec0-4324-8de7-fca776b53f2b{ip: 10.1.0.56, host: fv-az180-400.aibneqh1mxpuhl3tnnuy2ifbce.bx.internal.cloudapp.net, ports: [REPLICATION=45141, RATIS=44667, RATIS_ADMIN=44667, RATIS_SERVER=44667, STANDALONE=45879], networkLocation: /default-rack, certSerialId: null, persistedOpState: IN_SERVICE, persistedOpStateExpiryEpochSec: 0}, 961e98b4-0515-4e33-9a5e-b87989e0967c{ip: 10.1.0.56, host: fv-az180-400.aibneqh1mxpuhl3tnnuy2ifbce.bx.internal.cloudapp.net, ports: [REPLICATION=32803, RATIS=45547, RATIS_ADMIN=45547, RATIS_SERVER=45547, STANDALONE=33243], networkLocation: /default-rack, certSerialId: null, persistedOpState: IN_SERVICE, persistedOpStateExpiryEpochSec: 0}, a36f0c9e-34c7-41e1-90e2-5c691522fdfd{ip: 10.1.0.56, host: fv-az180-400.aibneqh1mxpuhl3tnnuy2ifbce.bx.internal.cloudapp.net, ports: [REPLICATION=43001, RATIS=35103, RATIS_ADMIN=35103, RATIS_SERVER=35103, STANDALONE=34509], networkLocation: /default-rack, certSerialId: null, persistedOpState: IN_SERVICE, persistedOpStateExpiryEpochSec: 0}, a49fbcfb-f7dc-4282-aec4-a4f9f3e2b5ab{ip: 10.1.0.56, host: fv-az180-400.aibneqh1mxpuhl3tnnuy2ifbce.bx.internal.cloudapp.net, ports: [REPLICATION=41799, RATIS=37955, RATIS_ADMIN=37955, RATIS_SERVER=37955, STANDALONE=46377], networkLocation: /default-rack, certSerialId: null, persistedOpState: null, persistedOpStateExpiryEpochSec: 0}]
2022-11-18 13:06:08,485 [Under Replicated Processor] WARN  algorithms.SCMContainerPlacementRackScatter (SCMContainerPlacementRackScatter.java:chooseDatanodesInternal(281)) - Placement policy could not choose the enough nodes from available racks. Chosen nodes size from Unique Racks: 0, but required nodes to choose from Unique Racks: 1 do not match. Available racks count: 1, Excluded nodes count: 4
2022-11-18 13:06:08,485 [Under Replicated Processor] WARN  replication.ECUnderReplicationHandler (ECUnderReplicationHandler.java:processAndCreateCommands(252)) - Exception while processing for creating the EC reconstruction container commands for #8.
org.apache.hadoop.hdds.scm.exceptions.SCMException: Chosen nodes size from Unique Racks: 0, but required nodes to choose from Unique Racks: 1 do not match.
	at org.apache.hadoop.hdds.scm.container.placement.algorithms.SCMContainerPlacementRackScatter.chooseDatanodesInternal(SCMContainerPlacementRackScatter.java:286)
	at org.apache.hadoop.hdds.scm.SCMCommonPlacementPolicy.chooseDatanodes(SCMCommonPlacementPolicy.java:175)
	at org.apache.hadoop.hdds.scm.SCMCommonPlacementPolicy.chooseDatanodes(SCMCommonPlacementPolicy.java:117)
	at org.apache.hadoop.hdds.scm.container.replication.ECUnderReplicationHandler.getTargetDatanodes(ECUnderReplicationHandler.java:303)
	at org.apache.hadoop.hdds.scm.container.replication.ECUnderReplicationHandler.processAndCreateCommands(ECUnderReplicationHandler.java:186)
	at org.apache.hadoop.hdds.scm.container.replication.ReplicationManager.processUnderReplicatedContainer(ReplicationManager.java:483)
	at org.apache.hadoop.hdds.scm.container.replication.UnderReplicatedProcessor.processContainer(UnderReplicatedProcessor.java:99)
	at org.apache.hadoop.hdds.scm.container.replication.UnderReplicatedProcessor.processAll(UnderReplicatedProcessor.java:83)
	at org.apache.hadoop.hdds.scm.container.replication.UnderReplicatedProcessor.run(UnderReplicatedProcessor.java:144)
	at java.lang.Thread.run(Thread.java:750)
2022-11-18 13:06:08,485 [Under Replicated Processor] ERROR replication.UnderReplicatedProcessor (UnderReplicatedProcessor.java:processAll(86)) - Error processing under replicated container ContainerInfo{id=#8, state=CLOSED, pipelineID=PipelineID=67e84420-6fe2-43b6-bc4f-8bf4477b66f2, stateEnterTime=2022-11-18T13:05:28.764Z, owner=om1}
org.apache.hadoop.hdds.scm.exceptions.SCMException: Chosen nodes size from Unique Racks: 0, but required nodes to choose from Unique Racks: 1 do not match.
	at org.apache.hadoop.hdds.scm.container.placement.algorithms.SCMContainerPlacementRackScatter.chooseDatanodesInternal(SCMContainerPlacementRackScatter.java:286)
	at org.apache.hadoop.hdds.scm.SCMCommonPlacementPolicy.chooseDatanodes(SCMCommonPlacementPolicy.java:175)
	at org.apache.hadoop.hdds.scm.SCMCommonPlacementPolicy.chooseDatanodes(SCMCommonPlacementPolicy.java:117)
	at org.apache.hadoop.hdds.scm.container.replication.ECUnderReplicationHandler.getTargetDatanodes(ECUnderReplicationHandler.java:303)
	at org.apache.hadoop.hdds.scm.container.replication.ECUnderReplicationHandler.processAndCreateCommands(ECUnderReplicationHandler.java:186)
	at org.apache.hadoop.hdds.scm.container.replication.ReplicationManager.processUnderReplicatedContainer(ReplicationManager.java:483)
	at org.apache.hadoop.hdds.scm.container.replication.UnderReplicatedProcessor.processContainer(UnderReplicatedProcessor.java:99)
	at org.apache.hadoop.hdds.scm.container.replication.UnderReplicatedProcessor.processAll(UnderReplicatedProcessor.java:83)
	at org.apache.hadoop.hdds.scm.container.replication.UnderReplicatedProcessor.run(UnderReplicatedProcessor.java:144)
	at java.lang.Thread.run(Thread.java:750)
2022-11-18 13:06:08,485 [Under Replicated Processor] WARN  net.NetworkTopologyImpl (NetworkTopologyImpl.java:chooseNodeInternal(653)) - No available node in (scope="/default-rack" excludedScope="null" excludedNodes="[8ad84362-fca3-4a94-b029-55aaea538166{ip: 10.1.0.56, host: fv-az180-400.aibneqh1mxpuhl3tnnuy2ifbce.bx.internal.cloudapp.net, ports: [REPLICATION=45785, RATIS=38939, RATIS_ADMIN=38939, RATIS_SERVER=38939, STANDALONE=38791], networkLocation: /default-rack, certSerialId: null, persistedOpState: IN_SERVICE, persistedOpStateExpiryEpochSec: 0}, 1bb9cbb4-eec0-4324-8de7-fca776b53f2b{ip: 10.1.0.56, host: fv-az180-400.aibneqh1mxpuhl3tnnuy2ifbce.bx.internal.cloudapp.net, ports: [REPLICATION=45141, RATIS=44667, RATIS_ADMIN=44667, RATIS_SERVER=44667, STANDALONE=45879], networkLocation: /default-rack, certSerialId: null, persistedOpState: IN_SERVICE, persistedOpStateExpiryEpochSec: 0}, 961e98b4-0515-4e33-9a5e-b87989e0967c{ip: 10.1.0.56, host: fv-az180-400.aibneqh1mxpuhl3tnnuy2ifbce.bx.internal.cloudapp.net, ports: [REPLICATION=32803, RATIS=45547, RATIS_ADMIN=45547, RATIS_SERVER=45547, STANDALONE=33243], networkLocation: /default-rack, certSerialId: null, persistedOpState: IN_SERVICE, persistedOpStateExpiryEpochSec: 0}, a36f0c9e-34c7-41e1-90e2-5c691522fdfd{ip: 10.1.0.56, host: fv-az180-400.aibneqh1mxpuhl3tnnuy2ifbce.bx.internal.cloudapp.net, ports: [REPLICATION=43001, RATIS=35103, RATIS_ADMIN=35103, RATIS_SERVER=35103, STANDALONE=34509], networkLocation: /default-rack, certSerialId: null, persistedOpState: IN_SERVICE, persistedOpStateExpiryEpochSec: 0}, a49fbcfb-f7dc-4282-aec4-a4f9f3e2b5ab{ip: 10.1.0.56, host: fv-az180-400.aibneqh1mxpuhl3tnnuy2ifbce.bx.internal.cloudapp.net, ports: [REPLICATION=41799, RATIS=37955, RATIS_ADMIN=37955, RATIS_SERVER=37955, STANDALONE=46377], networkLocation: /default-rack, certSerialId: null, persistedOpState: null, persistedOpStateExpiryEpochSec: 0}]"  ancestorGen="0").
2022-11-18 13:06:08,485 [Under Replicated Processor] WARN  net.NetworkTopologyImpl (NetworkTopologyImpl.java:chooseNodeInternal(653)) - No available node in (scope="/default-rack" excludedScope="null" excludedNodes="[8ad84362-fca3-4a94-b029-55aaea538166{ip: 10.1.0.56, host: fv-az180-400.aibneqh1mxpuhl3tnnuy2ifbce.bx.internal.cloudapp.net, ports: [REPLICATION=45785, RATIS=38939, RATIS_ADMIN=38939, RATIS_SERVER=38939, STANDALONE=38791], networkLocation: /default-rack, certSerialId: null, persistedOpState: IN_SERVICE, persistedOpStateExpiryEpochSec: 0}, 1bb9cbb4-eec0-4324-8de7-fca776b53f2b{ip: 10.1.0.56, host: fv-az180-400.aibneqh1mxpuhl3tnnuy2ifbce.bx.internal.cloudapp.net, ports: [REPLICATION=45141, RATIS=44667, RATIS_ADMIN=44667, RATIS_SERVER=44667, STANDALONE=45879], networkLocation: /default-rack, certSerialId: null, persistedOpState: IN_SERVICE, persistedOpStateExpiryEpochSec: 0}, 961e98b4-0515-4e33-9a5e-b87989e0967c{ip: 10.1.0.56, host: fv-az180-400.aibneqh1mxpuhl3tnnuy2ifbce.bx.internal.cloudapp.net, ports: [REPLICATION=32803, RATIS=45547, RATIS_ADMIN=45547, RATIS_SERVER=45547, STANDALONE=33243], networkLocation: /default-rack, certSerialId: null, persistedOpState: IN_SERVICE, persistedOpStateExpiryEpochSec: 0}, a36f0c9e-34c7-41e1-90e2-5c691522fdfd{ip: 10.1.0.56, host: fv-az180-400.aibneqh1mxpuhl3tnnuy2ifbce.bx.internal.cloudapp.net, ports: [REPLICATION=43001, RATIS=35103, RATIS_ADMIN=35103, RATIS_SERVER=35103, STANDALONE=34509], networkLocation: /default-rack, certSerialId: null, persistedOpState: IN_SERVICE, persistedOpStateExpiryEpochSec: 0}, a49fbcfb-f7dc-4282-aec4-a4f9f3e2b5ab{ip: 10.1.0.56, host: fv-az180-400.aibneqh1mxpuhl3tnnuy2ifbce.bx.internal.cloudapp.net, ports: [REPLICATION=41799, RATIS=37955, RATIS_ADMIN=37955, RATIS_SERVER=37955, STANDALONE=46377], networkLocation: /default-rack, certSerialId: null, persistedOpState: null, persistedOpStateExpiryEpochSec: 0}]"  ancestorGen="0").
2022-11-18 13:06:08,485 [Under Replicated Processor] WARN  net.NetworkTopologyImpl (NetworkTopologyImpl.java:chooseNodeInternal(653)) - No available node in (scope="/default-rack" excludedScope="null" excludedNodes="[8ad84362-fca3-4a94-b029-55aaea538166{ip: 10.1.0.56, host: fv-az180-400.aibneqh1mxpuhl3tnnuy2ifbce.bx.internal.cloudapp.net, ports: [REPLICATION=45785, RATIS=38939, RATIS_ADMIN=38939, RATIS_SERVER=38939, STANDALONE=38791], networkLocation: /default-rack, certSerialId: null, persistedOpState: IN_SERVICE, persistedOpStateExpiryEpochSec: 0}, 1bb9cbb4-eec0-4324-8de7-fca776b53f2b{ip: 10.1.0.56, host: fv-az180-400.aibneqh1mxpuhl3tnnuy2ifbce.bx.internal.cloudapp.net, ports: [REPLICATION=45141, RATIS=44667, RATIS_ADMIN=44667, RATIS_SERVER=44667, STANDALONE=45879], networkLocation: /default-rack, certSerialId: null, persistedOpState: IN_SERVICE, persistedOpStateExpiryEpochSec: 0}, 961e98b4-0515-4e33-9a5e-b87989e0967c{ip: 10.1.0.56, host: fv-az180-400.aibneqh1mxpuhl3tnnuy2ifbce.bx.internal.cloudapp.net, ports: [REPLICATION=32803, RATIS=45547, RATIS_ADMIN=45547, RATIS_SERVER=45547, STANDALONE=33243], networkLocation: /default-rack, certSerialId: null, persistedOpState: IN_SERVICE, persistedOpStateExpiryEpochSec: 0}, a36f0c9e-34c7-41e1-90e2-5c691522fdfd{ip: 10.1.0.56, host: fv-az180-400.aibneqh1mxpuhl3tnnuy2ifbce.bx.internal.cloudapp.net, ports: [REPLICATION=43001, RATIS=35103, RATIS_ADMIN=35103, RATIS_SERVER=35103, STANDALONE=34509], networkLocation: /default-rack, certSerialId: null, persistedOpState: IN_SERVICE, persistedOpStateExpiryEpochSec: 0}, a49fbcfb-f7dc-4282-aec4-a4f9f3e2b5ab{ip: 10.1.0.56, host: fv-az180-400.aibneqh1mxpuhl3tnnuy2ifbce.bx.internal.cloudapp.net, ports: [REPLICATION=41799, RATIS=37955, RATIS_ADMIN=37955, RATIS_SERVER=37955, STANDALONE=46377], networkLocation: /default-rack, certSerialId: null, persistedOpState: null, persistedOpStateExpiryEpochSec: 0}]"  ancestorGen="0").
2022-11-18 13:06:08,486 [Under Replicated Processor] WARN  net.NetworkTopologyImpl (NetworkTopologyImpl.java:chooseNodeInternal(653)) - No available node in (scope="/default-rack" excludedScope="null" excludedNodes="[8ad84362-fca3-4a94-b029-55aaea538166{ip: 10.1.0.56, host: fv-az180-400.aibneqh1mxpuhl3tnnuy2ifbce.bx.internal.cloudapp.net, ports: [REPLICATION=45785, RATIS=38939, RATIS_ADMIN=38939, RATIS_SERVER=38939, STANDALONE=38791], networkLocation: /default-rack, certSerialId: null, persistedOpState: IN_SERVICE, persistedOpStateExpiryEpochSec: 0}, 1bb9cbb4-eec0-4324-8de7-fca776b53f2b{ip: 10.1.0.56, host: fv-az180-400.aibneqh1mxpuhl3tnnuy2ifbce.bx.internal.cloudapp.net, ports: [REPLICATION=45141, RATIS=44667, RATIS_ADMIN=44667, RATIS_SERVER=44667, STANDALONE=45879], networkLocation: /default-rack, certSerialId: null, persistedOpState: IN_SERVICE, persistedOpStateExpiryEpochSec: 0}, 961e98b4-0515-4e33-9a5e-b87989e0967c{ip: 10.1.0.56, host: fv-az180-400.aibneqh1mxpuhl3tnnuy2ifbce.bx.internal.cloudapp.net, ports: [REPLICATION=32803, RATIS=45547, RATIS_ADMIN=45547, RATIS_SERVER=45547, STANDALONE=33243], networkLocation: /default-rack, certSerialId: null, persistedOpState: IN_SERVICE, persistedOpStateExpiryEpochSec: 0}, a36f0c9e-34c7-41e1-90e2-5c691522fdfd{ip: 10.1.0.56, host: fv-az180-400.aibneqh1mxpuhl3tnnuy2ifbce.bx.internal.cloudapp.net, ports: [REPLICATION=43001, RATIS=35103, RATIS_ADMIN=35103, RATIS_SERVER=35103, STANDALONE=34509], networkLocation: /default-rack, certSerialId: null, persistedOpState: IN_SERVICE, persistedOpStateExpiryEpochSec: 0}, a49fbcfb-f7dc-4282-aec4-a4f9f3e2b5ab{ip: 10.1.0.56, host: fv-az180-400.aibneqh1mxpuhl3tnnuy2ifbce.bx.internal.cloudapp.net, ports: [REPLICATION=41799, RATIS=37955, RATIS_ADMIN=37955, RATIS_SERVER=37955, STANDALONE=46377], networkLocation: /default-rack, certSerialId: null, persistedOpState: null, persistedOpStateExpiryEpochSec: 0}]"  ancestorGen="0").
2022-11-18 13:06:08,486 [Under Replicated Processor] INFO  algorithms.SCMContainerPlacementRackScatter (SCMContainerPlacementRackScatter.java:chooseNode(379)) - No satisfied datanode to meet the constraints. Metadatadata size required: 0 Data size required: 5368709120, scope /default-rack, excluded nodes [8ad84362-fca3-4a94-b029-55aaea538166{ip: 10.1.0.56, host: fv-az180-400.aibneqh1mxpuhl3tnnuy2ifbce.bx.internal.cloudapp.net, ports: [REPLICATION=45785, RATIS=38939, RATIS_ADMIN=38939, RATIS_SERVER=38939, STANDALONE=38791], networkLocation: /default-rack, certSerialId: null, persistedOpState: IN_SERVICE, persistedOpStateExpiryEpochSec: 0}, 1bb9cbb4-eec0-4324-8de7-fca776b53f2b{ip: 10.1.0.56, host: fv-az180-400.aibneqh1mxpuhl3tnnuy2ifbce.bx.internal.cloudapp.net, ports: [REPLICATION=45141, RATIS=44667, RATIS_ADMIN=44667, RATIS_SERVER=44667, STANDALONE=45879], networkLocation: /default-rack, certSerialId: null, persistedOpState: IN_SERVICE, persistedOpStateExpiryEpochSec: 0}, 961e98b4-0515-4e33-9a5e-b87989e0967c{ip: 10.1.0.56, host: fv-az180-400.aibneqh1mxpuhl3tnnuy2ifbce.bx.internal.cloudapp.net, ports: [REPLICATION=32803, RATIS=45547, RATIS_ADMIN=45547, RATIS_SERVER=45547, STANDALONE=33243], networkLocation: /default-rack, certSerialId: null, persistedOpState: IN_SERVICE, persistedOpStateExpiryEpochSec: 0}, a36f0c9e-34c7-41e1-90e2-5c691522fdfd{ip: 10.1.0.56, host: fv-az180-400.aibneqh1mxpuhl3tnnuy2ifbce.bx.internal.cloudapp.net, ports: [REPLICATION=43001, RATIS=35103, RATIS_ADMIN=35103, RATIS_SERVER=35103, STANDALONE=34509], networkLocation: /default-rack, certSerialId: null, persistedOpState: IN_SERVICE, persistedOpStateExpiryEpochSec: 0}, a49fbcfb-f7dc-4282-aec4-a4f9f3e2b5ab{ip: 10.1.0.56, host: fv-az180-400.aibneqh1mxpuhl3tnnuy2ifbce.bx.internal.cloudapp.net, ports: [REPLICATION=41799, RATIS=37955, RATIS_ADMIN=37955, RATIS_SERVER=37955, STANDALONE=46377], networkLocation: /default-rack, certSerialId: null, persistedOpState: null, persistedOpStateExpiryEpochSec: 0}]
2022-11-18 13:06:08,486 [Under Replicated Processor] WARN  algorithms.SCMContainerPlacementRackScatter (SCMContainerPlacementRackScatter.java:chooseDatanodesInternal(281)) - Placement policy could not choose the enough nodes from available racks. Chosen nodes size from Unique Racks: 0, but required nodes to choose from Unique Racks: 1 do not match. Available racks count: 1, Excluded nodes count: 4
2022-11-18 13:06:08,486 [Under Replicated Processor] WARN  replication.ECUnderReplicationHandler (ECUnderReplicationHandler.java:processAndCreateCommands(252)) - Exception while processing for creating the EC reconstruction container commands for #8.
org.apache.hadoop.hdds.scm.exceptions.SCMException: Chosen nodes size from Unique Racks: 0, but required nodes to choose from Unique Racks: 1 do not match.
	at org.apache.hadoop.hdds.scm.container.placement.algorithms.SCMContainerPlacementRackScatter.chooseDatanodesInternal(SCMContainerPlacementRackScatter.java:286)
	at org.apache.hadoop.hdds.scm.SCMCommonPlacementPolicy.chooseDatanodes(SCMCommonPlacementPolicy.java:175)
	at org.apache.hadoop.hdds.scm.SCMCommonPlacementPolicy.chooseDatanodes(SCMCommonPlacementPolicy.java:117)
	at org.apache.hadoop.hdds.scm.container.replication.ECUnderReplicationHandler.getTargetDatanodes(ECUnderReplicationHandler.java:303)
	at org.apache.hadoop.hdds.scm.container.replication.ECUnderReplicationHandler.processAndCreateCommands(ECUnderReplicationHandler.java:186)
	at org.apache.hadoop.hdds.scm.container.replication.ReplicationManager.processUnderReplicatedContainer(ReplicationManager.java:483)
	at org.apache.hadoop.hdds.scm.container.replication.UnderReplicatedProcessor.processContainer(UnderReplicatedProcessor.java:99)
	at org.apache.hadoop.hdds.scm.container.replication.UnderReplicatedProcessor.processAll(UnderReplicatedProcessor.java:83)
	at org.apache.hadoop.hdds.scm.container.replication.UnderReplicatedProcessor.run(UnderReplicatedProcessor.java:144)
	at java.lang.Thread.run(Thread.java:750)
2022-11-18 13:06:08,486 [Under Replicated Processor] ERROR replication.UnderReplicatedProcessor (UnderReplicatedProcessor.java:processAll(86)) - Error processing under replicated container ContainerInfo{id=#8, state=CLOSED, pipelineID=PipelineID=67e84420-6fe2-43b6-bc4f-8bf4477b66f2, stateEnterTime=2022-11-18T13:05:28.764Z, owner=om1}
org.apache.hadoop.hdds.scm.exceptions.SCMException: Chosen nodes size from Unique Racks: 0, but required nodes to choose from Unique Racks: 1 do not match.
	at org.apache.hadoop.hdds.scm.container.placement.algorithms.SCMContainerPlacementRackScatter.chooseDatanodesInternal(SCMContainerPlacementRackScatter.java:286)
	at org.apache.hadoop.hdds.scm.SCMCommonPlacementPolicy.chooseDatanodes(SCMCommonPlacementPolicy.java:175)
	at org.apache.hadoop.hdds.scm.SCMCommonPlacementPolicy.chooseDatanodes(SCMCommonPlacementPolicy.java:117)
	at org.apache.hadoop.hdds.scm.container.replication.ECUnderReplicationHandler.getTargetDatanodes(ECUnderReplicationHandler.java:303)
	at org.apache.hadoop.hdds.scm.container.replication.ECUnderReplicationHandler.processAndCreateCommands(ECUnderReplicationHandler.java:186)
	at org.apache.hadoop.hdds.scm.container.replication.ReplicationManager.processUnderReplicatedContainer(ReplicationManager.java:483)
	at org.apache.hadoop.hdds.scm.container.replication.UnderReplicatedProcessor.processContainer(UnderReplicatedProcessor.java:99)
	at org.apache.hadoop.hdds.scm.container.replication.UnderReplicatedProcessor.processAll(UnderReplicatedProcessor.java:83)
	at org.apache.hadoop.hdds.scm.container.replication.UnderReplicatedProcessor.run(UnderReplicatedProcessor.java:144)
	at java.lang.Thread.run(Thread.java:750)
2022-11-18 13:06:08,486 [Under Replicated Processor] WARN  net.NetworkTopologyImpl (NetworkTopologyImpl.java:chooseNodeInternal(653)) - No available node in (scope="/default-rack" excludedScope="null" excludedNodes="[8ad84362-fca3-4a94-b029-55aaea538166{ip: 10.1.0.56, host: fv-az180-400.aibneqh1mxpuhl3tnnuy2ifbce.bx.internal.cloudapp.net, ports: [REPLICATION=45785, RATIS=38939, RATIS_ADMIN=38939, RATIS_SERVER=38939, STANDALONE=38791], networkLocation: /default-rack, certSerialId: null, persistedOpState: IN_SERVICE, persistedOpStateExpiryEpochSec: 0}, 1bb9cbb4-eec0-4324-8de7-fca776b53f2b{ip: 10.1.0.56, host: fv-az180-400.aibneqh1mxpuhl3tnnuy2ifbce.bx.internal.cloudapp.net, ports: [REPLICATION=45141, RATIS=44667, RATIS_ADMIN=44667, RATIS_SERVER=44667, STANDALONE=45879], networkLocation: /default-rack, certSerialId: null, persistedOpState: IN_SERVICE, persistedOpStateExpiryEpochSec: 0}, 961e98b4-0515-4e33-9a5e-b87989e0967c{ip: 10.1.0.56, host: fv-az180-400.aibneqh1mxpuhl3tnnuy2ifbce.bx.internal.cloudapp.net, ports: [REPLICATION=32803, RATIS=45547, RATIS_ADMIN=45547, RATIS_SERVER=45547, STANDALONE=33243], networkLocation: /default-rack, certSerialId: null, persistedOpState: IN_SERVICE, persistedOpStateExpiryEpochSec: 0}, a36f0c9e-34c7-41e1-90e2-5c691522fdfd{ip: 10.1.0.56, host: fv-az180-400.aibneqh1mxpuhl3tnnuy2ifbce.bx.internal.cloudapp.net, ports: [REPLICATION=43001, RATIS=35103, RATIS_ADMIN=35103, RATIS_SERVER=35103, STANDALONE=34509], networkLocation: /default-rack, certSerialId: null, persistedOpState: IN_SERVICE, persistedOpStateExpiryEpochSec: 0}, a49fbcfb-f7dc-4282-aec4-a4f9f3e2b5ab{ip: 10.1.0.56, host: fv-az180-400.aibneqh1mxpuhl3tnnuy2ifbce.bx.internal.cloudapp.net, ports: [REPLICATION=41799, RATIS=37955, RATIS_ADMIN=37955, RATIS_SERVER=37955, STANDALONE=46377], networkLocation: /default-rack, certSerialId: null, persistedOpState: null, persistedOpStateExpiryEpochSec: 0}]"  ancestorGen="0").
2022-11-18 13:06:08,486 [Under Replicated Processor] WARN  net.NetworkTopologyImpl (NetworkTopologyImpl.java:chooseNodeInternal(653)) - No available node in (scope="/default-rack" excludedScope="null" excludedNodes="[8ad84362-fca3-4a94-b029-55aaea538166{ip: 10.1.0.56, host: fv-az180-400.aibneqh1mxpuhl3tnnuy2ifbce.bx.internal.cloudapp.net, ports: [REPLICATION=45785, RATIS=38939, RATIS_ADMIN=38939, RATIS_SERVER=38939, STANDALONE=38791], networkLocation: /default-rack, certSerialId: null, persistedOpState: IN_SERVICE, persistedOpStateExpiryEpochSec: 0}, 1bb9cbb4-eec0-4324-8de7-fca776b53f2b{ip: 10.1.0.56, host: fv-az180-400.aibneqh1mxpuhl3tnnuy2ifbce.bx.internal.cloudapp.net, ports: [REPLICATION=45141, RATIS=44667, RATIS_ADMIN=44667, RATIS_SERVER=44667, STANDALONE=45879], networkLocation: /default-rack, certSerialId: null, persistedOpState: IN_SERVICE, persistedOpStateExpiryEpochSec: 0}, 961e98b4-0515-4e33-9a5e-b87989e0967c{ip: 10.1.0.56, host: fv-az180-400.aibneqh1mxpuhl3tnnuy2ifbce.bx.internal.cloudapp.net, ports: [REPLICATION=32803, RATIS=45547, RATIS_ADMIN=45547, RATIS_SERVER=45547, STANDALONE=33243], networkLocation: /default-rack, certSerialId: null, persistedOpState: IN_SERVICE, persistedOpStateExpiryEpochSec: 0}, a36f0c9e-34c7-41e1-90e2-5c691522fdfd{ip: 10.1.0.56, host: fv-az180-400.aibneqh1mxpuhl3tnnuy2ifbce.bx.internal.cloudapp.net, ports: [REPLICATION=43001, RATIS=35103, RATIS_ADMIN=35103, RATIS_SERVER=35103, STANDALONE=34509], networkLocation: /default-rack, certSerialId: null, persistedOpState: IN_SERVICE, persistedOpStateExpiryEpochSec: 0}, a49fbcfb-f7dc-4282-aec4-a4f9f3e2b5ab{ip: 10.1.0.56, host: fv-az180-400.aibneqh1mxpuhl3tnnuy2ifbce.bx.internal.cloudapp.net, ports: [REPLICATION=41799, RATIS=37955, RATIS_ADMIN=37955, RATIS_SERVER=37955, STANDALONE=46377], networkLocation: /default-rack, certSerialId: null, persistedOpState: null, persistedOpStateExpiryEpochSec: 0}]"  ancestorGen="0").
2022-11-18 13:06:08,486 [Under Replicated Processor] WARN  net.NetworkTopologyImpl (NetworkTopologyImpl.java:chooseNodeInternal(653)) - No available node in (scope="/default-rack" excludedScope="null" excludedNodes="[8ad84362-fca3-4a94-b029-55aaea538166{ip: 10.1.0.56, host: fv-az180-400.aibneqh1mxpuhl3tnnuy2ifbce.bx.internal.cloudapp.net, ports: [REPLICATION=45785, RATIS=38939, RATIS_ADMIN=38939, RATIS_SERVER=38939, STANDALONE=38791], networkLocation: /default-rack, certSerialId: null, persistedOpState: IN_SERVICE, persistedOpStateExpiryEpochSec: 0}, 1bb9cbb4-eec0-4324-8de7-fca776b53f2b{ip: 10.1.0.56, host: fv-az180-400.aibneqh1mxpuhl3tnnuy2ifbce.bx.internal.cloudapp.net, ports: [REPLICATION=45141, RATIS=44667, RATIS_ADMIN=44667, RATIS_SERVER=44667, STANDALONE=45879], networkLocation: /default-rack, certSerialId: null, persistedOpState: IN_SERVICE, persistedOpStateExpiryEpochSec: 0}, 961e98b4-0515-4e33-9a5e-b87989e0967c{ip: 10.1.0.56, host: fv-az180-400.aibneqh1mxpuhl3tnnuy2ifbce.bx.internal.cloudapp.net, ports: [REPLICATION=32803, RATIS=45547, RATIS_ADMIN=45547, RATIS_SERVER=45547, STANDALONE=33243], networkLocation: /default-rack, certSerialId: null, persistedOpState: IN_SERVICE, persistedOpStateExpiryEpochSec: 0}, a36f0c9e-34c7-41e1-90e2-5c691522fdfd{ip: 10.1.0.56, host: fv-az180-400.aibneqh1mxpuhl3tnnuy2ifbce.bx.internal.cloudapp.net, ports: [REPLICATION=43001, RATIS=35103, RATIS_ADMIN=35103, RATIS_SERVER=35103, STANDALONE=34509], networkLocation: /default-rack, certSerialId: null, persistedOpState: IN_SERVICE, persistedOpStateExpiryEpochSec: 0}, a49fbcfb-f7dc-4282-aec4-a4f9f3e2b5ab{ip: 10.1.0.56, host: fv-az180-400.aibneqh1mxpuhl3tnnuy2ifbce.bx.internal.cloudapp.net, ports: [REPLICATION=41799, RATIS=37955, RATIS_ADMIN=37955, RATIS_SERVER=37955, STANDALONE=46377], networkLocation: /default-rack, certSerialId: null, persistedOpState: null, persistedOpStateExpiryEpochSec: 0}]"  ancestorGen="0").
2022-11-18 13:06:08,486 [Under Replicated Processor] WARN  net.NetworkTopologyImpl (NetworkTopologyImpl.java:chooseNodeInternal(653)) - No available node in (scope="/default-rack" excludedScope="null" excludedNodes="[8ad84362-fca3-4a94-b029-55aaea538166{ip: 10.1.0.56, host: fv-az180-400.aibneqh1mxpuhl3tnnuy2ifbce.bx.internal.cloudapp.net, ports: [REPLICATION=45785, RATIS=38939, RATIS_ADMIN=38939, RATIS_SERVER=38939, STANDALONE=38791], networkLocation: /default-rack, certSerialId: null, persistedOpState: IN_SERVICE, persistedOpStateExpiryEpochSec: 0}, 1bb9cbb4-eec0-4324-8de7-fca776b53f2b{ip: 10.1.0.56, host: fv-az180-400.aibneqh1mxpuhl3tnnuy2ifbce.bx.internal.cloudapp.net, ports: [REPLICATION=45141, RATIS=44667, RATIS_ADMIN=44667, RATIS_SERVER=44667, STANDALONE=45879], networkLocation: /default-rack, certSerialId: null, persistedOpState: IN_SERVICE, persistedOpStateExpiryEpochSec: 0}, 961e98b4-0515-4e33-9a5e-b87989e0967c{ip: 10.1.0.56, host: fv-az180-400.aibneqh1mxpuhl3tnnuy2ifbce.bx.internal.cloudapp.net, ports: [REPLICATION=32803, RATIS=45547, RATIS_ADMIN=45547, RATIS_SERVER=45547, STANDALONE=33243], networkLocation: /default-rack, certSerialId: null, persistedOpState: IN_SERVICE, persistedOpStateExpiryEpochSec: 0}, a36f0c9e-34c7-41e1-90e2-5c691522fdfd{ip: 10.1.0.56, host: fv-az180-400.aibneqh1mxpuhl3tnnuy2ifbce.bx.internal.cloudapp.net, ports: [REPLICATION=43001, RATIS=35103, RATIS_ADMIN=35103, RATIS_SERVER=35103, STANDALONE=34509], networkLocation: /default-rack, certSerialId: null, persistedOpState: IN_SERVICE, persistedOpStateExpiryEpochSec: 0}, a49fbcfb-f7dc-4282-aec4-a4f9f3e2b5ab{ip: 10.1.0.56, host: fv-az180-400.aibneqh1mxpuhl3tnnuy2ifbce.bx.internal.cloudapp.net, ports: [REPLICATION=41799, RATIS=37955, RATIS_ADMIN=37955, RATIS_SERVER=37955, STANDALONE=46377], networkLocation: /default-rack, certSerialId: null, persistedOpState: null, persistedOpStateExpiryEpochSec: 0}]"  ancestorGen="0").
2022-11-18 13:06:08,487 [Under Replicated Processor] INFO  algorithms.SCMContainerPlacementRackScatter (SCMContainerPlacementRackScatter.java:chooseNode(379)) - No satisfied datanode to meet the constraints. Metadatadata size required: 0 Data size required: 5368709120, scope /default-rack, excluded nodes [8ad84362-fca3-4a94-b029-55aaea538166{ip: 10.1.0.56, host: fv-az180-400.aibneqh1mxpuhl3tnnuy2ifbce.bx.internal.cloudapp.net, ports: [REPLICATION=45785, RATIS=38939, RATIS_ADMIN=38939, RATIS_SERVER=38939, STANDALONE=38791], networkLocation: /default-rack, certSerialId: null, persistedOpState: IN_SERVICE, persistedOpStateExpiryEpochSec: 0}, 1bb9cbb4-eec0-4324-8de7-fca776b53f2b{ip: 10.1.0.56, host: fv-az180-400.aibneqh1mxpuhl3tnnuy2ifbce.bx.internal.cloudapp.net, ports: [REPLICATION=45141, RATIS=44667, RATIS_ADMIN=44667, RATIS_SERVER=44667, STANDALONE=45879], networkLocation: /default-rack, certSerialId: null, persistedOpState: IN_SERVICE, persistedOpStateExpiryEpochSec: 0}, 961e98b4-0515-4e33-9a5e-b87989e0967c{ip: 10.1.0.56, host: fv-az180-400.aibneqh1mxpuhl3tnnuy2ifbce.bx.internal.cloudapp.net, ports: [REPLICATION=32803, RATIS=45547, RATIS_ADMIN=45547, RATIS_SERVER=45547, STANDALONE=33243], networkLocation: /default-rack, certSerialId: null, persistedOpState: IN_SERVICE, persistedOpStateExpiryEpochSec: 0}, a36f0c9e-34c7-41e1-90e2-5c691522fdfd{ip: 10.1.0.56, host: fv-az180-400.aibneqh1mxpuhl3tnnuy2ifbce.bx.internal.cloudapp.net, ports: [REPLICATION=43001, RATIS=35103, RATIS_ADMIN=35103, RATIS_SERVER=35103, STANDALONE=34509], networkLocation: /default-rack, certSerialId: null, persistedOpState: IN_SERVICE, persistedOpStateExpiryEpochSec: 0}, a49fbcfb-f7dc-4282-aec4-a4f9f3e2b5ab{ip: 10.1.0.56, host: fv-az180-400.aibneqh1mxpuhl3tnnuy2ifbce.bx.internal.cloudapp.net, ports: [REPLICATION=41799, RATIS=37955, RATIS_ADMIN=37955, RATIS_SERVER=37955, STANDALONE=46377], networkLocation: /default-rack, certSerialId: null, persistedOpState: null, persistedOpStateExpiryEpochSec: 0}]
2022-11-18 13:06:08,487 [Under Replicated Processor] WARN  algorithms.SCMContainerPlacementRackScatter (SCMContainerPlacementRackScatter.java:chooseDatanodesInternal(281)) - Placement policy could not choose the enough nodes from available racks. Chosen nodes size from Unique Racks: 0, but required nodes to choose from Unique Racks: 1 do not match. Available racks count: 1, Excluded nodes count: 4
2022-11-18 13:06:08,487 [Under Replicated Processor] WARN  replication.ECUnderReplicationHandler (ECUnderReplicationHandler.java:processAndCreateCommands(252)) - Exception while processing for creating the EC reconstruction container commands for #8.
org.apache.hadoop.hdds.scm.exceptions.SCMException: Chosen nodes size from Unique Racks: 0, but required nodes to choose from Unique Racks: 1 do not match.
	at org.apache.hadoop.hdds.scm.container.placement.algorithms.SCMContainerPlacementRackScatter.chooseDatanodesInternal(SCMContainerPlacementRackScatter.java:286)
	at org.apache.hadoop.hdds.scm.SCMCommonPlacementPolicy.chooseDatanodes(SCMCommonPlacementPolicy.java:175)
	at org.apache.hadoop.hdds.scm.SCMCommonPlacementPolicy.chooseDatanodes(SCMCommonPlacementPolicy.java:117)
	at org.apache.hadoop.hdds.scm.container.replication.ECUnderReplicationHandler.getTargetDatanodes(ECUnderReplicationHandler.java:303)
	at org.apache.hadoop.hdds.scm.container.replication.ECUnderReplicationHandler.processAndCreateCommands(ECUnderReplicationHandler.java:186)
	at org.apache.hadoop.hdds.scm.container.replication.ReplicationManager.processUnderReplicatedContainer(ReplicationManager.java:483)
	at org.apache.hadoop.hdds.scm.container.replication.UnderReplicatedProcessor.processContainer(UnderReplicatedProcessor.java:99)
	at org.apache.hadoop.hdds.scm.container.replication.UnderReplicatedProcessor.processAll(UnderReplicatedProcessor.java:83)
	at org.apache.hadoop.hdds.scm.container.replication.UnderReplicatedProcessor.run(UnderReplicatedProcessor.java:144)
	at java.lang.Thread.run(Thread.java:750)
2022-11-18 13:06:08,487 [Under Replicated Processor] ERROR replication.UnderReplicatedProcessor (UnderReplicatedProcessor.java:processAll(86)) - Error processing under replicated container ContainerInfo{id=#8, state=CLOSED, pipelineID=PipelineID=67e84420-6fe2-43b6-bc4f-8bf4477b66f2, stateEnterTime=2022-11-18T13:05:28.764Z, owner=om1}
org.apache.hadoop.hdds.scm.exceptions.SCMException: Chosen nodes size from Unique Racks: 0, but required nodes to choose from Unique Racks: 1 do not match.
	at org.apache.hadoop.hdds.scm.container.placement.algorithms.SCMContainerPlacementRackScatter.chooseDatanodesInternal(SCMContainerPlacementRackScatter.java:286)
	at org.apache.hadoop.hdds.scm.SCMCommonPlacementPolicy.chooseDatanodes(SCMCommonPlacementPolicy.java:175)
	at org.apache.hadoop.hdds.scm.SCMCommonPlacementPolicy.chooseDatanodes(SCMCommonPlacementPolicy.java:117)
	at org.apache.hadoop.hdds.scm.container.replication.ECUnderReplicationHandler.getTargetDatanodes(ECUnderReplicationHandler.java:303)
	at org.apache.hadoop.hdds.scm.container.replication.ECUnderReplicationHandler.processAndCreateCommands(ECUnderReplicationHandler.java:186)
	at org.apache.hadoop.hdds.scm.container.replication.ReplicationManager.processUnderReplicatedContainer(ReplicationManager.java:483)
	at org.apache.hadoop.hdds.scm.container.replication.UnderReplicatedProcessor.processContainer(UnderReplicatedProcessor.java:99)
	at org.apache.hadoop.hdds.scm.container.replication.UnderReplicatedProcessor.processAll(UnderReplicatedProcessor.java:83)
	at org.apache.hadoop.hdds.scm.container.replication.UnderReplicatedProcessor.run(UnderReplicatedProcessor.java:144)
	at java.lang.Thread.run(Thread.java:750)
2022-11-18 13:06:08,487 [Under Replicated Processor] WARN  net.NetworkTopologyImpl (NetworkTopologyImpl.java:chooseNodeInternal(653)) - No available node in (scope="/default-rack" excludedScope="null" excludedNodes="[8ad84362-fca3-4a94-b029-55aaea538166{ip: 10.1.0.56, host: fv-az180-400.aibneqh1mxpuhl3tnnuy2ifbce.bx.internal.cloudapp.net, ports: [REPLICATION=45785, RATIS=38939, RATIS_ADMIN=38939, RATIS_SERVER=38939, STANDALONE=38791], networkLocation: /default-rack, certSerialId: null, persistedOpState: IN_SERVICE, persistedOpStateExpiryEpochSec: 0}, 1bb9cbb4-eec0-4324-8de7-fca776b53f2b{ip: 10.1.0.56, host: fv-az180-400.aibneqh1mxpuhl3tnnuy2ifbce.bx.internal.cloudapp.net, ports: [REPLICATION=45141, RATIS=44667, RATIS_ADMIN=44667, RATIS_SERVER=44667, STANDALONE=45879], networkLocation: /default-rack, certSerialId: null, persistedOpState: IN_SERVICE, persistedOpStateExpiryEpochSec: 0}, 961e98b4-0515-4e33-9a5e-b87989e0967c{ip: 10.1.0.56, host: fv-az180-400.aibneqh1mxpuhl3tnnuy2ifbce.bx.internal.cloudapp.net, ports: [REPLICATION=32803, RATIS=45547, RATIS_ADMIN=45547, RATIS_SERVER=45547, STANDALONE=33243], networkLocation: /default-rack, certSerialId: null, persistedOpState: IN_SERVICE, persistedOpStateExpiryEpochSec: 0}, a36f0c9e-34c7-41e1-90e2-5c691522fdfd{ip: 10.1.0.56, host: fv-az180-400.aibneqh1mxpuhl3tnnuy2ifbce.bx.internal.cloudapp.net, ports: [REPLICATION=43001, RATIS=35103, RATIS_ADMIN=35103, RATIS_SERVER=35103, STANDALONE=34509], networkLocation: /default-rack, certSerialId: null, persistedOpState: IN_SERVICE, persistedOpStateExpiryEpochSec: 0}, a49fbcfb-f7dc-4282-aec4-a4f9f3e2b5ab{ip: 10.1.0.56, host: fv-az180-400.aibneqh1mxpuhl3tnnuy2ifbce.bx.internal.cloudapp.net, ports: [REPLICATION=41799, RATIS=37955, RATIS_ADMIN=37955, RATIS_SERVER=37955, STANDALONE=46377], networkLocation: /default-rack, certSerialId: null, persistedOpState: null, persistedOpStateExpiryEpochSec: 0}]"  ancestorGen="0").
2022-11-18 13:06:08,487 [Under Replicated Processor] WARN  net.NetworkTopologyImpl (NetworkTopologyImpl.java:chooseNodeInternal(653)) - No available node in (scope="/default-rack" excludedScope="null" excludedNodes="[8ad84362-fca3-4a94-b029-55aaea538166{ip: 10.1.0.56, host: fv-az180-400.aibneqh1mxpuhl3tnnuy2ifbce.bx.internal.cloudapp.net, ports: [REPLICATION=45785, RATIS=38939, RATIS_ADMIN=38939, RATIS_SERVER=38939, STANDALONE=38791], networkLocation: /default-rack, certSerialId: null, persistedOpState: IN_SERVICE, persistedOpStateExpiryEpochSec: 0}, 1bb9cbb4-eec0-4324-8de7-fca776b53f2b{ip: 10.1.0.56, host: fv-az180-400.aibneqh1mxpuhl3tnnuy2ifbce.bx.internal.cloudapp.net, ports: [REPLICATION=45141, RATIS=44667, RATIS_ADMIN=44667, RATIS_SERVER=44667, STANDALONE=45879], networkLocation: /default-rack, certSerialId: null, persistedOpState: IN_SERVICE, persistedOpStateExpiryEpochSec: 0}, 961e98b4-0515-4e33-9a5e-b87989e0967c{ip: 10.1.0.56, host: fv-az180-400.aibneqh1mxpuhl3tnnuy2ifbce.bx.internal.cloudapp.net, ports: [REPLICATION=32803, RATIS=45547, RATIS_ADMIN=45547, RATIS_SERVER=45547, STANDALONE=33243], networkLocation: /default-rack, certSerialId: null, persistedOpState: IN_SERVICE, persistedOpStateExpiryEpochSec: 0}, a36f0c9e-34c7-41e1-90e2-5c691522fdfd{ip: 10.1.0.56, host: fv-az180-400.aibneqh1mxpuhl3tnnuy2ifbce.bx.internal.cloudapp.net, ports: [REPLICATION=43001, RATIS=35103, RATIS_ADMIN=35103, RATIS_SERVER=35103, STANDALONE=34509], networkLocation: /default-rack, certSerialId: null, persistedOpState: IN_SERVICE, persistedOpStateExpiryEpochSec: 0}, a49fbcfb-f7dc-4282-aec4-a4f9f3e2b5ab{ip: 10.1.0.56, host: fv-az180-400.aibneqh1mxpuhl3tnnuy2ifbce.bx.internal.cloudapp.net, ports: [REPLICATION=41799, RATIS=37955, RATIS_ADMIN=37955, RATIS_SERVER=37955, STANDALONE=46377], networkLocation: /default-rack, certSerialId: null, persistedOpState: null, persistedOpStateExpiryEpochSec: 0}]"  ancestorGen="0").
2022-11-18 13:06:08,487 [Under Replicated Processor] WARN  net.NetworkTopologyImpl (NetworkTopologyImpl.java:chooseNodeInternal(653)) - No available node in (scope="/default-rack" excludedScope="null" excludedNodes="[8ad84362-fca3-4a94-b029-55aaea538166{ip: 10.1.0.56, host: fv-az180-400.aibneqh1mxpuhl3tnnuy2ifbce.bx.internal.cloudapp.net, ports: [REPLICATION=45785, RATIS=38939, RATIS_ADMIN=38939, RATIS_SERVER=38939, STANDALONE=38791], networkLocation: /default-rack, certSerialId: null, persistedOpState: IN_SERVICE, persistedOpStateExpiryEpochSec: 0}, 1bb9cbb4-eec0-4324-8de7-fca776b53f2b{ip: 10.1.0.56, host: fv-az180-400.aibneqh1mxpuhl3tnnuy2ifbce.bx.internal.cloudapp.net, ports: [REPLICATION=45141, RATIS=44667, RATIS_ADMIN=44667, RATIS_SERVER=44667, STANDALONE=45879], networkLocation: /default-rack, certSerialId: null, persistedOpState: IN_SERVICE, persistedOpStateExpiryEpochSec: 0}, 961e98b4-0515-4e33-9a5e-b87989e0967c{ip: 10.1.0.56, host: fv-az180-400.aibneqh1mxpuhl3tnnuy2ifbce.bx.internal.cloudapp.net, ports: [REPLICATION=32803, RATIS=45547, RATIS_ADMIN=45547, RATIS_SERVER=45547, STANDALONE=33243], networkLocation: /default-rack, certSerialId: null, persistedOpState: IN_SERVICE, persistedOpStateExpiryEpochSec: 0}, a36f0c9e-34c7-41e1-90e2-5c691522fdfd{ip: 10.1.0.56, host: fv-az180-400.aibneqh1mxpuhl3tnnuy2ifbce.bx.internal.cloudapp.net, ports: [REPLICATION=43001, RATIS=35103, RATIS_ADMIN=35103, RATIS_SERVER=35103, STANDALONE=34509], networkLocation: /default-rack, certSerialId: null, persistedOpState: IN_SERVICE, persistedOpStateExpiryEpochSec: 0}, a49fbcfb-f7dc-4282-aec4-a4f9f3e2b5ab{ip: 10.1.0.56, host: fv-az180-400.aibneqh1mxpuhl3tnnuy2ifbce.bx.internal.cloudapp.net, ports: [REPLICATION=41799, RATIS=37955, RATIS_ADMIN=37955, RATIS_SERVER=37955, STANDALONE=46377], networkLocation: /default-rack, certSerialId: null, persistedOpState: null, persistedOpStateExpiryEpochSec: 0}]"  ancestorGen="0").
2022-11-18 13:06:08,487 [Under Replicated Processor] INFO  replication.UnderReplicatedProcessor (UnderReplicatedProcessor.java:processAll(92)) - Processed 0 under replicated containers, failed processing 0
2022-11-18 13:06:08,487 [Under Replicated Processor] WARN  net.NetworkTopologyImpl (NetworkTopologyImpl.java:chooseNodeInternal(653)) - No available node in (scope="/default-rack" excludedScope="null" excludedNodes="[8ad84362-fca3-4a94-b029-55aaea538166{ip: 10.1.0.56, host: fv-az180-400.aibneqh1mxpuhl3tnnuy2ifbce.bx.internal.cloudapp.net, ports: [REPLICATION=45785, RATIS=38939, RATIS_ADMIN=38939, RATIS_SERVER=38939, STANDALONE=38791], networkLocation: /default-rack, certSerialId: null, persistedOpState: IN_SERVICE, persistedOpStateExpiryEpochSec: 0}, 1bb9cbb4-eec0-4324-8de7-fca776b53f2b{ip: 10.1.0.56, host: fv-az180-400.aibneqh1mxpuhl3tnnuy2ifbce.bx.internal.cloudapp.net, ports: [REPLICATION=45141, RATIS=44667, RATIS_ADMIN=44667, RATIS_SERVER=44667, STANDALONE=45879], networkLocation: /default-rack, certSerialId: null, persistedOpState: IN_SERVICE, persistedOpStateExpiryEpochSec: 0}, 961e98b4-0515-4e33-9a5e-b87989e0967c{ip: 10.1.0.56, host: fv-az180-400.aibneqh1mxpuhl3tnnuy2ifbce.bx.internal.cloudapp.net, ports: [REPLICATION=32803, RATIS=45547, RATIS_ADMIN=45547, RATIS_SERVER=45547, STANDALONE=33243], networkLocation: /default-rack, certSerialId: null, persistedOpState: IN_SERVICE, persistedOpStateExpiryEpochSec: 0}, a36f0c9e-34c7-41e1-90e2-5c691522fdfd{ip: 10.1.0.56, host: fv-az180-400.aibneqh1mxpuhl3tnnuy2ifbce.bx.internal.cloudapp.net, ports: [REPLICATION=43001, RATIS=35103, RATIS_ADMIN=35103, RATIS_SERVER=35103, STANDALONE=34509], networkLocation: /default-rack, certSerialId: null, persistedOpState: IN_SERVICE, persistedOpStateExpiryEpochSec: 0}, a49fbcfb-f7dc-4282-aec4-a4f9f3e2b5ab{ip: 10.1.0.56, host: fv-az180-400.aibneqh1mxpuhl3tnnuy2ifbce.bx.internal.cloudapp.net, ports: [REPLICATION=41799, RATIS=37955, RATIS_ADMIN=37955, RATIS_SERVER=37955, STANDALONE=46377], networkLocation: /default-rack, certSerialId: null, persistedOpState: null, persistedOpStateExpiryEpochSec: 0}]"  ancestorGen="0").
2022-11-18 13:06:08,487 [Over Replicated Processor] INFO  replication.OverReplicatedProcessor (OverReplicatedProcessor.java:processAll(90)) - Processed 0 over replicated containers, failed processing 0
2022-11-18 13:06:08,488 [Under Replicated Processor] INFO  algorithms.SCMContainerPlacementRackScatter (SCMContainerPlacementRackScatter.java:chooseNode(379)) - No satisfied datanode to meet the constraints. Metadatadata size required: 0 Data size required: 5368709120, scope /default-rack, excluded nodes [8ad84362-fca3-4a94-b029-55aaea538166{ip: 10.1.0.56, host: fv-az180-400.aibneqh1mxpuhl3tnnuy2ifbce.bx.internal.cloudapp.net, ports: [REPLICATION=45785, RATIS=38939, RATIS_ADMIN=38939, RATIS_SERVER=38939, STANDALONE=38791], networkLocation: /default-rack, certSerialId: null, persistedOpState: IN_SERVICE, persistedOpStateExpiryEpochSec: 0}, 1bb9cbb4-eec0-4324-8de7-fca776b53f2b{ip: 10.1.0.56, host: fv-az180-400.aibneqh1mxpuhl3tnnuy2ifbce.bx.internal.cloudapp.net, ports: [REPLICATION=45141, RATIS=44667, RATIS_ADMIN=44667, RATIS_SERVER=44667, STANDALONE=45879], networkLocation: /default-rack, certSerialId: null, persistedOpState: IN_SERVICE, persistedOpStateExpiryEpochSec: 0}, 961e98b4-0515-4e33-9a5e-b87989e0967c{ip: 10.1.0.56, host: fv-az180-400.aibneqh1mxpuhl3tnnuy2ifbce.bx.internal.cloudapp.net, ports: [REPLICATION=32803, RATIS=45547, RATIS_ADMIN=45547, RATIS_SERVER=45547, STANDALONE=33243], networkLocation: /default-rack, certSerialId: null, persistedOpState: IN_SERVICE, persistedOpStateExpiryEpochSec: 0}, a36f0c9e-34c7-41e1-90e2-5c691522fdfd{ip: 10.1.0.56, host: fv-az180-400.aibneqh1mxpuhl3tnnuy2ifbce.bx.internal.cloudapp.net, ports: [REPLICATION=43001, RATIS=35103, RATIS_ADMIN=35103, RATIS_SERVER=35103, STANDALONE=34509], networkLocation: /default-rack, certSerialId: null, persistedOpState: IN_SERVICE, persistedOpStateExpiryEpochSec: 0}, a49fbcfb-f7dc-4282-aec4-a4f9f3e2b5ab{ip: 10.1.0.56, host: fv-az180-400.aibneqh1mxpuhl3tnnuy2ifbce.bx.internal.cloudapp.net, ports: [REPLICATION=41799, RATIS=37955, RATIS_ADMIN=37955, RATIS_SERVER=37955, STANDALONE=46377], networkLocation: /default-rack, certSerialId: null, persistedOpState: null, persistedOpStateExpiryEpochSec: 0}]
2022-11-18 13:06:08,488 [Under Replicated Processor] WARN  algorithms.SCMContainerPlacementRackScatter (SCMContainerPlacementRackScatter.java:chooseDatanodesInternal(281)) - Placement policy could not choose the enough nodes from available racks. Chosen nodes size from Unique Racks: 0, but required nodes to choose from Unique Racks: 1 do not match. Available racks count: 1, Excluded nodes count: 4
2022-11-18 13:06:08,488 [Under Replicated Processor] WARN  replication.ECUnderReplicationHandler (ECUnderReplicationHandler.java:processAndCreateCommands(252)) - Exception while processing for creating the EC reconstruction container commands for #8.
org.apache.hadoop.hdds.scm.exceptions.SCMException: Chosen nodes size from Unique Racks: 0, but required nodes to choose from Unique Racks: 1 do not match.
	at org.apache.hadoop.hdds.scm.container.placement.algorithms.SCMContainerPlacementRackScatter.chooseDatanodesInternal(SCMContainerPlacementRackScatter.java:286)
	at org.apache.hadoop.hdds.scm.SCMCommonPlacementPolicy.chooseDatanodes(SCMCommonPlacementPolicy.java:175)
	at org.apache.hadoop.hdds.scm.SCMCommonPlacementPolicy.chooseDatanodes(SCMCommonPlacementPolicy.java:117)
	at org.apache.hadoop.hdds.scm.container.replication.ECUnderReplicationHandler.getTargetDatanodes(ECUnderReplicationHandler.java:303)
	at org.apache.hadoop.hdds.scm.container.replication.ECUnderReplicationHandler.processAndCreateCommands(ECUnderReplicationHandler.java:186)
	at org.apache.hadoop.hdds.scm.container.replication.ReplicationManager.processUnderReplicatedContainer(ReplicationManager.java:483)
	at org.apache.hadoop.hdds.scm.container.replication.UnderReplicatedProcessor.processContainer(UnderReplicatedProcessor.java:99)
	at org.apache.hadoop.hdds.scm.container.replication.UnderReplicatedProcessor.processAll(UnderReplicatedProcessor.java:83)
	at org.apache.hadoop.hdds.scm.container.replication.UnderReplicatedProcessor.run(UnderReplicatedProcessor.java:144)
	at java.lang.Thread.run(Thread.java:750)
2022-11-18 13:06:08,488 [Under Replicated Processor] ERROR replication.UnderReplicatedProcessor (UnderReplicatedProcessor.java:processAll(86)) - Error processing under replicated container ContainerInfo{id=#8, state=CLOSED, pipelineID=PipelineID=67e84420-6fe2-43b6-bc4f-8bf4477b66f2, stateEnterTime=2022-11-18T13:05:28.764Z, owner=om1}
org.apache.hadoop.hdds.scm.exceptions.SCMException: Chosen nodes size from Unique Racks: 0, but required nodes to choose from Unique Racks: 1 do not match.
	at org.apache.hadoop.hdds.scm.container.placement.algorithms.SCMContainerPlacementRackScatter.chooseDatanodesInternal(SCMContainerPlacementRackScatter.java:286)
	at org.apache.hadoop.hdds.scm.SCMCommonPlacementPolicy.chooseDatanodes(SCMCommonPlacementPolicy.java:175)
	at org.apache.hadoop.hdds.scm.SCMCommonPlacementPolicy.chooseDatanodes(SCMCommonPlacementPolicy.java:117)
	at org.apache.hadoop.hdds.scm.container.replication.ECUnderReplicationHandler.getTargetDatanodes(ECUnderReplicationHandler.java:303)
	at org.apache.hadoop.hdds.scm.container.replication.ECUnderReplicationHandler.processAndCreateCommands(ECUnderReplicationHandler.java:186)
	at org.apache.hadoop.hdds.scm.container.replication.ReplicationManager.processUnderReplicatedContainer(ReplicationManager.java:483)
	at org.apache.hadoop.hdds.scm.container.replication.UnderReplicatedProcessor.processContainer(UnderReplicatedProcessor.java:99)
	at org.apache.hadoop.hdds.scm.container.replication.UnderReplicatedProcessor.processAll(UnderReplicatedProcessor.java:83)
	at org.apache.hadoop.hdds.scm.container.replication.UnderReplicatedProcessor.run(UnderReplicatedProcessor.java:144)
	at java.lang.Thread.run(Thread.java:750)
2022-11-18 13:06:08,488 [Under Replicated Processor] WARN  net.NetworkTopologyImpl (NetworkTopologyImpl.java:chooseNodeInternal(653)) - No available node in (scope="/default-rack" excludedScope="null" excludedNodes="[8ad84362-fca3-4a94-b029-55aaea538166{ip: 10.1.0.56, host: fv-az180-400.aibneqh1mxpuhl3tnnuy2ifbce.bx.internal.cloudapp.net, ports: [REPLICATION=45785, RATIS=38939, RATIS_ADMIN=38939, RATIS_SERVER=38939, STANDALONE=38791], networkLocation: /default-rack, certSerialId: null, persistedOpState: IN_SERVICE, persistedOpStateExpiryEpochSec: 0}, 1bb9cbb4-eec0-4324-8de7-fca776b53f2b{ip: 10.1.0.56, host: fv-az180-400.aibneqh1mxpuhl3tnnuy2ifbce.bx.internal.cloudapp.net, ports: [REPLICATION=45141, RATIS=44667, RATIS_ADMIN=44667, RATIS_SERVER=44667, STANDALONE=45879], networkLocation: /default-rack, certSerialId: null, persistedOpState: IN_SERVICE, persistedOpStateExpiryEpochSec: 0}, 961e98b4-0515-4e33-9a5e-b87989e0967c{ip: 10.1.0.56, host: fv-az180-400.aibneqh1mxpuhl3tnnuy2ifbce.bx.internal.cloudapp.net, ports: [REPLICATION=32803, RATIS=45547, RATIS_ADMIN=45547, RATIS_SERVER=45547, STANDALONE=33243], networkLocation: /default-rack, certSerialId: null, persistedOpState: IN_SERVICE, persistedOpStateExpiryEpochSec: 0}, a36f0c9e-34c7-41e1-90e2-5c691522fdfd{ip: 10.1.0.56, host: fv-az180-400.aibneqh1mxpuhl3tnnuy2ifbce.bx.internal.cloudapp.net, ports: [REPLICATION=43001, RATIS=35103, RATIS_ADMIN=35103, RATIS_SERVER=35103, STANDALONE=34509], networkLocation: /default-rack, certSerialId: null, persistedOpState: IN_SERVICE, persistedOpStateExpiryEpochSec: 0}, a49fbcfb-f7dc-4282-aec4-a4f9f3e2b5ab{ip: 10.1.0.56, host: fv-az180-400.aibneqh1mxpuhl3tnnuy2ifbce.bx.internal.cloudapp.net, ports: [REPLICATION=41799, RATIS=37955, RATIS_ADMIN=37955, RATIS_SERVER=37955, STANDALONE=46377], networkLocation: /default-rack, certSerialId: null, persistedOpState: null, persistedOpStateExpiryEpochSec: 0}]"  ancestorGen="0").
2022-11-18 13:06:08,488 [Under Replicated Processor] WARN  net.NetworkTopologyImpl (NetworkTopologyImpl.java:chooseNodeInternal(653)) - No available node in (scope="/default-rack" excludedScope="null" excludedNodes="[8ad84362-fca3-4a94-b029-55aaea538166{ip: 10.1.0.56, host: fv-az180-400.aibneqh1mxpuhl3tnnuy2ifbce.bx.internal.cloudapp.net, ports: [REPLICATION=45785, RATIS=38939, RATIS_ADMIN=38939, RATIS_SERVER=38939, STANDALONE=38791], networkLocation: /default-rack, certSerialId: null, persistedOpState: IN_SERVICE, persistedOpStateExpiryEpochSec: 0}, 1bb9cbb4-eec0-4324-8de7-fca776b53f2b{ip: 10.1.0.56, host: fv-az180-400.aibneqh1mxpuhl3tnnuy2ifbce.bx.internal.cloudapp.net, ports: [REPLICATION=45141, RATIS=44667, RATIS_ADMIN=44667, RATIS_SERVER=44667, STANDALONE=45879], networkLocation: /default-rack, certSerialId: null, persistedOpState: IN_SERVICE, persistedOpStateExpiryEpochSec: 0}, 961e98b4-0515-4e33-9a5e-b87989e0967c{ip: 10.1.0.56, host: fv-az180-400.aibneqh1mxpuhl3tnnuy2ifbce.bx.internal.cloudapp.net, ports: [REPLICATION=32803, RATIS=45547, RATIS_ADMIN=45547, RATIS_SERVER=45547, STANDALONE=33243], networkLocation: /default-rack, certSerialId: null, persistedOpState: IN_SERVICE, persistedOpStateExpiryEpochSec: 0}, a36f0c9e-34c7-41e1-90e2-5c691522fdfd{ip: 10.1.0.56, host: fv-az180-400.aibneqh1mxpuhl3tnnuy2ifbce.bx.internal.cloudapp.net, ports: [REPLICATION=43001, RATIS=35103, RATIS_ADMIN=35103, RATIS_SERVER=35103, STANDALONE=34509], networkLocation: /default-rack, certSerialId: null, persistedOpState: IN_SERVICE, persistedOpStateExpiryEpochSec: 0}, a49fbcfb-f7dc-4282-aec4-a4f9f3e2b5ab{ip: 10.1.0.56, host: fv-az180-400.aibneqh1mxpuhl3tnnuy2ifbce.bx.internal.cloudapp.net, ports: [REPLICATION=41799, RATIS=37955, RATIS_ADMIN=37955, RATIS_SERVER=37955, STANDALONE=46377], networkLocation: /default-rack, certSerialId: null, persistedOpState: null, persistedOpStateExpiryEpochSec: 0}]"  ancestorGen="0").
2022-11-18 13:06:08,488 [Under Replicated Processor] WARN  net.NetworkTopologyImpl (NetworkTopologyImpl.java:chooseNodeInternal(653)) - No available node in (scope="/default-rack" excludedScope="null" excludedNodes="[8ad84362-fca3-4a94-b029-55aaea538166{ip: 10.1.0.56, host: fv-az180-400.aibneqh1mxpuhl3tnnuy2ifbce.bx.internal.cloudapp.net, ports: [REPLICATION=45785, RATIS=38939, RATIS_ADMIN=38939, RATIS_SERVER=38939, STANDALONE=38791], networkLocation: /default-rack, certSerialId: null, persistedOpState: IN_SERVICE, persistedOpStateExpiryEpochSec: 0}, 1bb9cbb4-eec0-4324-8de7-fca776b53f2b{ip: 10.1.0.56, host: fv-az180-400.aibneqh1mxpuhl3tnnuy2ifbce.bx.internal.cloudapp.net, ports: [REPLICATION=45141, RATIS=44667, RATIS_ADMIN=44667, RATIS_SERVER=44667, STANDALONE=45879], networkLocation: /default-rack, certSerialId: null, persistedOpState: IN_SERVICE, persistedOpStateExpiryEpochSec: 0}, 961e98b4-0515-4e33-9a5e-b87989e0967c{ip: 10.1.0.56, host: fv-az180-400.aibneqh1mxpuhl3tnnuy2ifbce.bx.internal.cloudapp.net, ports: [REPLICATION=32803, RATIS=45547, RATIS_ADMIN=45547, RATIS_SERVER=45547, STANDALONE=33243], networkLocation: /default-rack, certSerialId: null, persistedOpState: IN_SERVICE, persistedOpStateExpiryEpochSec: 0}, a36f0c9e-34c7-41e1-90e2-5c691522fdfd{ip: 10.1.0.56, host: fv-az180-400.aibneqh1mxpuhl3tnnuy2ifbce.bx.internal.cloudapp.net, ports: [REPLICATION=43001, RATIS=35103, RATIS_ADMIN=35103, RATIS_SERVER=35103, STANDALONE=34509], networkLocation: /default-rack, certSerialId: null, persistedOpState: IN_SERVICE, persistedOpStateExpiryEpochSec: 0}, a49fbcfb-f7dc-4282-aec4-a4f9f3e2b5ab{ip: 10.1.0.56, host: fv-az180-400.aibneqh1mxpuhl3tnnuy2ifbce.bx.internal.cloudapp.net, ports: [REPLICATION=41799, RATIS=37955, RATIS_ADMIN=37955, RATIS_SERVER=37955, STANDALONE=46377], networkLocation: /default-rack, certSerialId: null, persistedOpState: null, persistedOpStateExpiryEpochSec: 0}]"  ancestorGen="0").
2022-11-18 13:06:08,489 [Under Replicated Processor] WARN  net.NetworkTopologyImpl (NetworkTopologyImpl.java:chooseNodeInternal(653)) - No available node in (scope="/default-rack" excludedScope="null" excludedNodes="[8ad84362-fca3-4a94-b029-55aaea538166{ip: 10.1.0.56, host: fv-az180-400.aibneqh1mxpuhl3tnnuy2ifbce.bx.internal.cloudapp.net, ports: [REPLICATION=45785, RATIS=38939, RATIS_ADMIN=38939, RATIS_SERVER=38939, STANDALONE=38791], networkLocation: /default-rack, certSerialId: null, persistedOpState: IN_SERVICE, persistedOpStateExpiryEpochSec: 0}, 1bb9cbb4-eec0-4324-8de7-fca776b53f2b{ip: 10.1.0.56, host: fv-az180-400.aibneqh1mxpuhl3tnnuy2ifbce.bx.internal.cloudapp.net, ports: [REPLICATION=45141, RATIS=44667, RATIS_ADMIN=44667, RATIS_SERVER=44667, STANDALONE=45879], networkLocation: /default-rack, certSerialId: null, persistedOpState: IN_SERVICE, persistedOpStateExpiryEpochSec: 0}, 961e98b4-0515-4e33-9a5e-b87989e0967c{ip: 10.1.0.56, host: fv-az180-400.aibneqh1mxpuhl3tnnuy2ifbce.bx.internal.cloudapp.net, ports: [REPLICATION=32803, RATIS=45547, RATIS_ADMIN=45547, RATIS_SERVER=45547, STANDALONE=33243], networkLocation: /default-rack, certSerialId: null, persistedOpState: IN_SERVICE, persistedOpStateExpiryEpochSec: 0}, a36f0c9e-34c7-41e1-90e2-5c691522fdfd{ip: 10.1.0.56, host: fv-az180-400.aibneqh1mxpuhl3tnnuy2ifbce.bx.internal.cloudapp.net, ports: [REPLICATION=43001, RATIS=35103, RATIS_ADMIN=35103, RATIS_SERVER=35103, STANDALONE=34509], networkLocation: /default-rack, certSerialId: null, persistedOpState: IN_SERVICE, persistedOpStateExpiryEpochSec: 0}, a49fbcfb-f7dc-4282-aec4-a4f9f3e2b5ab{ip: 10.1.0.56, host: fv-az180-400.aibneqh1mxpuhl3tnnuy2ifbce.bx.internal.cloudapp.net, ports: [REPLICATION=41799, RATIS=37955, RATIS_ADMIN=37955, RATIS_SERVER=37955, STANDALONE=46377], networkLocation: /default-rack, certSerialId: null, persistedOpState: null, persistedOpStateExpiryEpochSec: 0}]"  ancestorGen="0").
2022-11-18 13:06:08,489 [ReplicationMonitor] INFO  replication.ReplicationManager (ReplicationManager.java:processAll(352)) - Replication Monitor Thread took 0 milliseconds for processing 0 containers.
2022-11-18 13:06:08,489 [Under Replicated Processor] INFO  algorithms.SCMContainerPlacementRackScatter (SCMContainerPlacementRackScatter.java:chooseNode(379)) - No satisfied datanode to meet the constraints. Metadatadata size required: 0 Data size required: 5368709120, scope /default-rack, excluded nodes [8ad84362-fca3-4a94-b029-55aaea538166{ip: 10.1.0.56, host: fv-az180-400.aibneqh1mxpuhl3tnnuy2ifbce.bx.internal.cloudapp.net, ports: [REPLICATION=45785, RATIS=38939, RATIS_ADMIN=38939, RATIS_SERVER=38939, STANDALONE=38791], networkLocation: /default-rack, certSerialId: null, persistedOpState: IN_SERVICE, persistedOpStateExpiryEpochSec: 0}, 1bb9cbb4-eec0-4324-8de7-fca776b53f2b{ip: 10.1.0.56, host: fv-az180-400.aibneqh1mxpuhl3tnnuy2ifbce.bx.internal.cloudapp.net, ports: [REPLICATION=45141, RATIS=44667, RATIS_ADMIN=44667, RATIS_SERVER=44667, STANDALONE=45879], networkLocation: /default-rack, certSerialId: null, persistedOpState: IN_SERVICE, persistedOpStateExpiryEpochSec: 0}, 961e98b4-0515-4e33-9a5e-b87989e0967c{ip: 10.1.0.56, host: fv-az180-400.aibneqh1mxpuhl3tnnuy2ifbce.bx.internal.cloudapp.net, ports: [REPLICATION=32803, RATIS=45547, RATIS_ADMIN=45547, RATIS_SERVER=45547, STANDALONE=33243], networkLocation: /default-rack, certSerialId: null, persistedOpState: IN_SERVICE, persistedOpStateExpiryEpochSec: 0}, a36f0c9e-34c7-41e1-90e2-5c691522fdfd{ip: 10.1.0.56, host: fv-az180-400.aibneqh1mxpuhl3tnnuy2ifbce.bx.internal.cloudapp.net, ports: [REPLICATION=43001, RATIS=35103, RATIS_ADMIN=35103, RATIS_SERVER=35103, STANDALONE=34509], networkLocation: /default-rack, certSerialId: null, persistedOpState: IN_SERVICE, persistedOpStateExpiryEpochSec: 0}, a49fbcfb-f7dc-4282-aec4-a4f9f3e2b5ab{ip: 10.1.0.56, host: fv-az180-400.aibneqh1mxpuhl3tnnuy2ifbce.bx.internal.cloudapp.net, ports: [REPLICATION=41799, RATIS=37955, RATIS_ADMIN=37955, RATIS_SERVER=37955, STANDALONE=46377], networkLocation: /default-rack, certSerialId: null, persistedOpState: null, persistedOpStateExpiryEpochSec: 0}]
2022-11-18 13:06:08,489 [Under Replicated Processor] WARN  algorithms.SCMContainerPlacementRackScatter (SCMContainerPlacementRackScatter.java:chooseDatanodesInternal(281)) - Placement policy could not choose the enough nodes from available racks. Chosen nodes size from Unique Racks: 0, but required nodes to choose from Unique Racks: 1 do not match. Available racks count: 1, Excluded nodes count: 4
2022-11-18 13:06:08,489 [Under Replicated Processor] WARN  replication.ECUnderReplicationHandler (ECUnderReplicationHandler.java:processAndCreateCommands(252)) - Exception while processing for creating the EC reconstruction container commands for #8.
org.apache.hadoop.hdds.scm.exceptions.SCMException: Chosen nodes size from Unique Racks: 0, but required nodes to choose from Unique Racks: 1 do not match.
	at org.apache.hadoop.hdds.scm.container.placement.algorithms.SCMContainerPlacementRackScatter.chooseDatanodesInternal(SCMContainerPlacementRackScatter.java:286)
	at org.apache.hadoop.hdds.scm.SCMCommonPlacementPolicy.chooseDatanodes(SCMCommonPlacementPolicy.java:175)
	at org.apache.hadoop.hdds.scm.SCMCommonPlacementPolicy.chooseDatanodes(SCMCommonPlacementPolicy.java:117)
	at org.apache.hadoop.hdds.scm.container.replication.ECUnderReplicationHandler.getTargetDatanodes(ECUnderReplicationHandler.java:303)
	at org.apache.hadoop.hdds.scm.container.replication.ECUnderReplicationHandler.processAndCreateCommands(ECUnderReplicationHandler.java:186)
	at org.apache.hadoop.hdds.scm.container.replication.ReplicationManager.processUnderReplicatedContainer(ReplicationManager.java:483)
	at org.apache.hadoop.hdds.scm.container.replication.UnderReplicatedProcessor.processContainer(UnderReplicatedProcessor.java:99)
	at org.apache.hadoop.hdds.scm.container.replication.UnderReplicatedProcessor.processAll(UnderReplicatedProcessor.java:83)
	at org.apache.hadoop.hdds.scm.container.replication.UnderReplicatedProcessor.run(UnderReplicatedProcessor.java:144)
	at java.lang.Thread.run(Thread.java:750)
2022-11-18 13:06:08,489 [Under Replicated Processor] ERROR replication.UnderReplicatedProcessor (UnderReplicatedProcessor.java:processAll(86)) - Error processing under replicated container ContainerInfo{id=#8, state=CLOSED, pipelineID=PipelineID=67e84420-6fe2-43b6-bc4f-8bf4477b66f2, stateEnterTime=2022-11-18T13:05:28.764Z, owner=om1}
org.apache.hadoop.hdds.scm.exceptions.SCMException: Chosen nodes size from Unique Racks: 0, but required nodes to choose from Unique Racks: 1 do not match.
	at org.apache.hadoop.hdds.scm.container.placement.algorithms.SCMContainerPlacementRackScatter.chooseDatanodesInternal(SCMContainerPlacementRackScatter.java:286)
	at org.apache.hadoop.hdds.scm.SCMCommonPlacementPolicy.chooseDatanodes(SCMCommonPlacementPolicy.java:175)
	at org.apache.hadoop.hdds.scm.SCMCommonPlacementPolicy.chooseDatanodes(SCMCommonPlacementPolicy.java:117)
	at org.apache.hadoop.hdds.scm.container.replication.ECUnderReplicationHandler.getTargetDatanodes(ECUnderReplicationHandler.java:303)
	at org.apache.hadoop.hdds.scm.container.replication.ECUnderReplicationHandler.processAndCreateCommands(ECUnderReplicationHandler.java:186)
	at org.apache.hadoop.hdds.scm.container.replication.ReplicationManager.processUnderReplicatedContainer(ReplicationManager.java:483)
	at org.apache.hadoop.hdds.scm.container.replication.UnderReplicatedProcessor.processContainer(UnderReplicatedProcessor.java:99)
	at org.apache.hadoop.hdds.scm.container.replication.UnderReplicatedProcessor.processAll(UnderReplicatedProcessor.java:83)
	at org.apache.hadoop.hdds.scm.container.replication.UnderReplicatedProcessor.run(UnderReplicatedProcessor.java:144)
	at java.lang.Thread.run(Thread.java:750)
2022-11-18 13:06:08,489 [Under Replicated Processor] WARN  net.NetworkTopologyImpl (NetworkTopologyImpl.java:chooseNodeInternal(653)) - No available node in (scope="/default-rack" excludedScope="null" excludedNodes="[8ad84362-fca3-4a94-b029-55aaea538166{ip: 10.1.0.56, host: fv-az180-400.aibneqh1mxpuhl3tnnuy2ifbce.bx.internal.cloudapp.net, ports: [REPLICATION=45785, RATIS=38939, RATIS_ADMIN=38939, RATIS_SERVER=38939, STANDALONE=38791], networkLocation: /default-rack, certSerialId: null, persistedOpState: IN_SERVICE, persistedOpStateExpiryEpochSec: 0}, 1bb9cbb4-eec0-4324-8de7-fca776b53f2b{ip: 10.1.0.56, host: fv-az180-400.aibneqh1mxpuhl3tnnuy2ifbce.bx.internal.cloudapp.net, ports: [REPLICATION=45141, RATIS=44667, RATIS_ADMIN=44667, RATIS_SERVER=44667, STANDALONE=45879], networkLocation: /default-rack, certSerialId: null, persistedOpState: IN_SERVICE, persistedOpStateExpiryEpochSec: 0}, 961e98b4-0515-4e33-9a5e-b87989e0967c{ip: 10.1.0.56, host: fv-az180-400.aibneqh1mxpuhl3tnnuy2ifbce.bx.internal.cloudapp.net, ports: [REPLICATION=32803, RATIS=45547, RATIS_ADMIN=45547, RATIS_SERVER=45547, STANDALONE=33243], networkLocation: /default-rack, certSerialId: null, persistedOpState: IN_SERVICE, persistedOpStateExpiryEpochSec: 0}, a36f0c9e-34c7-41e1-90e2-5c691522fdfd{ip: 10.1.0.56, host: fv-az180-400.aibneqh1mxpuhl3tnnuy2ifbce.bx.internal.cloudapp.net, ports: [REPLICATION=43001, RATIS=35103, RATIS_ADMIN=35103, RATIS_SERVER=35103, STANDALONE=34509], networkLocation: /default-rack, certSerialId: null, persistedOpState: IN_SERVICE, persistedOpStateExpiryEpochSec: 0}, a49fbcfb-f7dc-4282-aec4-a4f9f3e2b5ab{ip: 10.1.0.56, host: fv-az180-400.aibneqh1mxpuhl3tnnuy2ifbce.bx.internal.cloudapp.net, ports: [REPLICATION=41799, RATIS=37955, RATIS_ADMIN=37955, RATIS_SERVER=37955, STANDALONE=46377], networkLocation: /default-rack, certSerialId: null, persistedOpState: null, persistedOpStateExpiryEpochSec: 0}]"  ancestorGen="0").
2022-11-18 13:06:08,489 [Under Replicated Processor] WARN  net.NetworkTopologyImpl (NetworkTopologyImpl.java:chooseNodeInternal(653)) - No available node in (scope="/default-rack" excludedScope="null" excludedNodes="[8ad84362-fca3-4a94-b029-55aaea538166{ip: 10.1.0.56, host: fv-az180-400.aibneqh1mxpuhl3tnnuy2ifbce.bx.internal.cloudapp.net, ports: [REPLICATION=45785, RATIS=38939, RATIS_ADMIN=38939, RATIS_SERVER=38939, STANDALONE=38791], networkLocation: /default-rack, certSerialId: null, persistedOpState: IN_SERVICE, persistedOpStateExpiryEpochSec: 0}, 1bb9cbb4-eec0-4324-8de7-fca776b53f2b{ip: 10.1.0.56, host: fv-az180-400.aibneqh1mxpuhl3tnnuy2ifbce.bx.internal.cloudapp.net, ports: [REPLICATION=45141, RATIS=44667, RATIS_ADMIN=44667, RATIS_SERVER=44667, STANDALONE=45879], networkLocation: /default-rack, certSerialId: null, persistedOpState: IN_SERVICE, persistedOpStateExpiryEpochSec: 0}, 961e98b4-0515-4e33-9a5e-b87989e0967c{ip: 10.1.0.56, host: fv-az180-400.aibneqh1mxpuhl3tnnuy2ifbce.bx.internal.cloudapp.net, ports: [REPLICATION=32803, RATIS=45547, RATIS_ADMIN=45547, RATIS_SERVER=45547, STANDALONE=33243], networkLocation: /default-rack, certSerialId: null, persistedOpState: IN_SERVICE, persistedOpStateExpiryEpochSec: 0}, a36f0c9e-34c7-41e1-90e2-5c691522fdfd{ip: 10.1.0.56, host: fv-az180-400.aibneqh1mxpuhl3tnnuy2ifbce.bx.internal.cloudapp.net, ports: [REPLICATION=43001, RATIS=35103, RATIS_ADMIN=35103, RATIS_SERVER=35103, STANDALONE=34509], networkLocation: /default-rack, certSerialId: null, persistedOpState: IN_SERVICE, persistedOpStateExpiryEpochSec: 0}, a49fbcfb-f7dc-4282-aec4-a4f9f3e2b5ab{ip: 10.1.0.56, host: fv-az180-400.aibneqh1mxpuhl3tnnuy2ifbce.bx.internal.cloudapp.net, ports: [REPLICATION=41799, RATIS=37955, RATIS_ADMIN=37955, RATIS_SERVER=37955, STANDALONE=46377], networkLocation: /default-rack, certSerialId: null, persistedOpState: null, persistedOpStateExpiryEpochSec: 0}]"  ancestorGen="0").
2022-11-18 13:06:08,489 [Under Replicated Processor] WARN  net.NetworkTopologyImpl (NetworkTopologyImpl.java:chooseNodeInternal(653)) - No available node in (scope="/default-rack" excludedScope="null" excludedNodes="[8ad84362-fca3-4a94-b029-55aaea538166{ip: 10.1.0.56, host: fv-az180-400.aibneqh1mxpuhl3tnnuy2ifbce.bx.internal.cloudapp.net, ports: [REPLICATION=45785, RATIS=38939, RATIS_ADMIN=38939, RATIS_SERVER=38939, STANDALONE=38791], networkLocation: /default-rack, certSerialId: null, persistedOpState: IN_SERVICE, persistedOpStateExpiryEpochSec: 0}, 1bb9cbb4-eec0-4324-8de7-fca776b53f2b{ip: 10.1.0.56, host: fv-az180-400.aibneqh1mxpuhl3tnnuy2ifbce.bx.internal.cloudapp.net, ports: [REPLICATION=45141, RATIS=44667, RATIS_ADMIN=44667, RATIS_SERVER=44667, STANDALONE=45879], networkLocation: /default-rack, certSerialId: null, persistedOpState: IN_SERVICE, persistedOpStateExpiryEpochSec: 0}, 961e98b4-0515-4e33-9a5e-b87989e0967c{ip: 10.1.0.56, host: fv-az180-400.aibneqh1mxpuhl3tnnuy2ifbce.bx.internal.cloudapp.net, ports: [REPLICATION=32803, RATIS=45547, RATIS_ADMIN=45547, RATIS_SERVER=45547, STANDALONE=33243], networkLocation: /default-rack, certSerialId: null, persistedOpState: IN_SERVICE, persistedOpStateExpiryEpochSec: 0}, a36f0c9e-34c7-41e1-90e2-5c691522fdfd{ip: 10.1.0.56, host: fv-az180-400.aibneqh1mxpuhl3tnnuy2ifbce.bx.internal.cloudapp.net, ports: [REPLICATION=43001, RATIS=35103, RATIS_ADMIN=35103, RATIS_SERVER=35103, STANDALONE=34509], networkLocation: /default-rack, certSerialId: null, persistedOpState: IN_SERVICE, persistedOpStateExpiryEpochSec: 0}, a49fbcfb-f7dc-4282-aec4-a4f9f3e2b5ab{ip: 10.1.0.56, host: fv-az180-400.aibneqh1mxpuhl3tnnuy2ifbce.bx.internal.cloudapp.net, ports: [REPLICATION=41799, RATIS=37955, RATIS_ADMIN=37955, RATIS_SERVER=37955, STANDALONE=46377], networkLocation: /default-rack, certSerialId: null, persistedOpState: null, persistedOpStateExpiryEpochSec: 0}]"  ancestorGen="0").
2022-11-18 13:06:08,490 [Under Replicated Processor] WARN  net.NetworkTopologyImpl (NetworkTopologyImpl.java:chooseNodeInternal(653)) - No available node in (scope="/default-rack" excludedScope="null" excludedNodes="[8ad84362-fca3-4a94-b029-55aaea538166{ip: 10.1.0.56, host: fv-az180-400.aibneqh1mxpuhl3tnnuy2ifbce.bx.internal.cloudapp.net, ports: [REPLICATION=45785, RATIS=38939, RATIS_ADMIN=38939, RATIS_SERVER=38939, STANDALONE=38791], networkLocation: /default-rack, certSerialId: null, persistedOpState: IN_SERVICE, persistedOpStateExpiryEpochSec: 0}, 1bb9cbb4-eec0-4324-8de7-fca776b53f2b{ip: 10.1.0.56, host: fv-az180-400.aibneqh1mxpuhl3tnnuy2ifbce.bx.internal.cloudapp.net, ports: [REPLICATION=45141, RATIS=44667, RATIS_ADMIN=44667, RATIS_SERVER=44667, STANDALONE=45879], networkLocation: /default-rack, certSerialId: null, persistedOpState: IN_SERVICE, persistedOpStateExpiryEpochSec: 0}, 961e98b4-0515-4e33-9a5e-b87989e0967c{ip: 10.1.0.56, host: fv-az180-400.aibneqh1mxpuhl3tnnuy2ifbce.bx.internal.cloudapp.net, ports: [REPLICATION=32803, RATIS=45547, RATIS_ADMIN=45547, RATIS_SERVER=45547, STANDALONE=33243], networkLocation: /default-rack, certSerialId: null, persistedOpState: IN_SERVICE, persistedOpStateExpiryEpochSec: 0}, a36f0c9e-34c7-41e1-90e2-5c691522fdfd{ip: 10.1.0.56, host: fv-az180-400.aibneqh1mxpuhl3tnnuy2ifbce.bx.internal.cloudapp.net, ports: [REPLICATION=43001, RATIS=35103, RATIS_ADMIN=35103, RATIS_SERVER=35103, STANDALONE=34509], networkLocation: /default-rack, certSerialId: null, persistedOpState: IN_SERVICE, persistedOpStateExpiryEpochSec: 0}, a49fbcfb-f7dc-4282-aec4-a4f9f3e2b5ab{ip: 10.1.0.56, host: fv-az180-400.aibneqh1mxpuhl3tnnuy2ifbce.bx.internal.cloudapp.net, ports: [REPLICATION=41799, RATIS=37955, RATIS_ADMIN=37955, RATIS_SERVER=37955, STANDALONE=46377], networkLocation: /default-rack, certSerialId: null, persistedOpState: null, persistedOpStateExpiryEpochSec: 0}]"  ancestorGen="0").
2022-11-18 13:06:08,490 [Under Replicated Processor] INFO  algorithms.SCMContainerPlacementRackScatter (SCMContainerPlacementRackScatter.java:chooseNode(379)) - No satisfied datanode to meet the constraints. Metadatadata size required: 0 Data size required: 5368709120, scope /default-rack, excluded nodes [8ad84362-fca3-4a94-b029-55aaea538166{ip: 10.1.0.56, host: fv-az180-400.aibneqh1mxpuhl3tnnuy2ifbce.bx.internal.cloudapp.net, ports: [REPLICATION=45785, RATIS=38939, RATIS_ADMIN=38939, RATIS_SERVER=38939, STANDALONE=38791], networkLocation: /default-rack, certSerialId: null, persistedOpState: IN_SERVICE, persistedOpStateExpiryEpochSec: 0}, 1bb9cbb4-eec0-4324-8de7-fca776b53f2b{ip: 10.1.0.56, host: fv-az180-400.aibneqh1mxpuhl3tnnuy2ifbce.bx.internal.cloudapp.net, ports: [REPLICATION=45141, RATIS=44667, RATIS_ADMIN=44667, RATIS_SERVER=44667, STANDALONE=45879], networkLocation: /default-rack, certSerialId: null, persistedOpState: IN_SERVICE, persistedOpStateExpiryEpochSec: 0}, 961e98b4-0515-4e33-9a5e-b87989e0967c{ip: 10.1.0.56, host: fv-az180-400.aibneqh1mxpuhl3tnnuy2ifbce.bx.internal.cloudapp.net, ports: [REPLICATION=32803, RATIS=45547, RATIS_ADMIN=45547, RATIS_SERVER=45547, STANDALONE=33243], networkLocation: /default-rack, certSerialId: null, persistedOpState: IN_SERVICE, persistedOpStateExpiryEpochSec: 0}, a36f0c9e-34c7-41e1-90e2-5c691522fdfd{ip: 10.1.0.56, host: fv-az180-400.aibneqh1mxpuhl3tnnuy2ifbce.bx.internal.cloudapp.net, ports: [REPLICATION=43001, RATIS=35103, RATIS_ADMIN=35103, RATIS_SERVER=35103, STANDALONE=34509], networkLocation: /default-rack, certSerialId: null, persistedOpState: IN_SERVICE, persistedOpStateExpiryEpochSec: 0}, a49fbcfb-f7dc-4282-aec4-a4f9f3e2b5ab{ip: 10.1.0.56, host: fv-az180-400.aibneqh1mxpuhl3tnnuy2ifbce.bx.internal.cloudapp.net, ports: [REPLICATION=41799, RATIS=37955, RATIS_ADMIN=37955, RATIS_SERVER=37955, STANDALONE=46377], networkLocation: /default-rack, certSerialId: null, persistedOpState: null, persistedOpStateExpiryEpochSec: 0}]
2022-11-18 13:06:08,490 [Under Replicated Processor] WARN  algorithms.SCMContainerPlacementRackScatter (SCMContainerPlacementRackScatter.java:chooseDatanodesInternal(281)) - Placement policy could not choose the enough nodes from available racks. Chosen nodes size from Unique Racks: 0, but required nodes to choose from Unique Racks: 1 do not match. Available racks count: 1, Excluded nodes count: 4
2022-11-18 13:06:08,490 [Under Replicated Processor] WARN  replication.ECUnderReplicationHandler (ECUnderReplicationHandler.java:processAndCreateCommands(252)) - Exception while processing for creating the EC reconstruction container commands for #8.
org.apache.hadoop.hdds.scm.exceptions.SCMException: Chosen nodes size from Unique Racks: 0, but required nodes to choose from Unique Racks: 1 do not match.
	at org.apache.hadoop.hdds.scm.container.placement.algorithms.SCMContainerPlacementRackScatter.chooseDatanodesInternal(SCMContainerPlacementRackScatter.java:286)
	at org.apache.hadoop.hdds.scm.SCMCommonPlacementPolicy.chooseDatanodes(SCMCommonPlacementPolicy.java:175)
	at org.apache.hadoop.hdds.scm.SCMCommonPlacementPolicy.chooseDatanodes(SCMCommonPlacementPolicy.java:117)
	at org.apache.hadoop.hdds.scm.container.replication.ECUnderReplicationHandler.getTargetDatanodes(ECUnderReplicationHandler.java:303)
	at org.apache.hadoop.hdds.scm.container.replication.ECUnderReplicationHandler.processAndCreateCommands(ECUnderReplicationHandler.java:186)
	at org.apache.hadoop.hdds.scm.container.replication.ReplicationManager.processUnderReplicatedContainer(ReplicationManager.java:483)
	at org.apache.hadoop.hdds.scm.container.replication.UnderReplicatedProcessor.processContainer(UnderReplicatedProcessor.java:99)
	at org.apache.hadoop.hdds.scm.container.replication.UnderReplicatedProcessor.processAll(UnderReplicatedProcessor.java:83)
	at org.apache.hadoop.hdds.scm.container.replication.UnderReplicatedProcessor.run(UnderReplicatedProcessor.java:144)
	at java.lang.Thread.run(Thread.java:750)
2022-11-18 13:06:08,490 [Under Replicated Processor] ERROR replication.UnderReplicatedProcessor (UnderReplicatedProcessor.java:processAll(86)) - Error processing under replicated container ContainerInfo{id=#8, state=CLOSED, pipelineID=PipelineID=67e84420-6fe2-43b6-bc4f-8bf4477b66f2, stateEnterTime=2022-11-18T13:05:28.764Z, owner=om1}
org.apache.hadoop.hdds.scm.exceptions.SCMException: Chosen nodes size from Unique Racks: 0, but required nodes to choose from Unique Racks: 1 do not match.
	at org.apache.hadoop.hdds.scm.container.placement.algorithms.SCMContainerPlacementRackScatter.chooseDatanodesInternal(SCMContainerPlacementRackScatter.java:286)
	at org.apache.hadoop.hdds.scm.SCMCommonPlacementPolicy.chooseDatanodes(SCMCommonPlacementPolicy.java:175)
	at org.apache.hadoop.hdds.scm.SCMCommonPlacementPolicy.chooseDatanodes(SCMCommonPlacementPolicy.java:117)
	at org.apache.hadoop.hdds.scm.container.replication.ECUnderReplicationHandler.getTargetDatanodes(ECUnderReplicationHandler.java:303)
	at org.apache.hadoop.hdds.scm.container.replication.ECUnderReplicationHandler.processAndCreateCommands(ECUnderReplicationHandler.java:186)
	at org.apache.hadoop.hdds.scm.container.replication.ReplicationManager.processUnderReplicatedContainer(ReplicationManager.java:483)
	at org.apache.hadoop.hdds.scm.container.replication.UnderReplicatedProcessor.processContainer(UnderReplicatedProcessor.java:99)
	at org.apache.hadoop.hdds.scm.container.replication.UnderReplicatedProcessor.processAll(UnderReplicatedProcessor.java:83)
	at org.apache.hadoop.hdds.scm.container.replication.UnderReplicatedProcessor.run(UnderReplicatedProcessor.java:144)
	at java.lang.Thread.run(Thread.java:750)
2022-11-18 13:06:08,490 [Under Replicated Processor] WARN  net.NetworkTopologyImpl (NetworkTopologyImpl.java:chooseNodeInternal(653)) - No available node in (scope="/default-rack" excludedScope="null" excludedNodes="[8ad84362-fca3-4a94-b029-55aaea538166{ip: 10.1.0.56, host: fv-az180-400.aibneqh1mxpuhl3tnnuy2ifbce.bx.internal.cloudapp.net, ports: [REPLICATION=45785, RATIS=38939, RATIS_ADMIN=38939, RATIS_SERVER=38939, STANDALONE=38791], networkLocation: /default-rack, certSerialId: null, persistedOpState: IN_SERVICE, persistedOpStateExpiryEpochSec: 0}, 1bb9cbb4-eec0-4324-8de7-fca776b53f2b{ip: 10.1.0.56, host: fv-az180-400.aibneqh1mxpuhl3tnnuy2ifbce.bx.internal.cloudapp.net, ports: [REPLICATION=45141, RATIS=44667, RATIS_ADMIN=44667, RATIS_SERVER=44667, STANDALONE=45879], networkLocation: /default-rack, certSerialId: null, persistedOpState: IN_SERVICE, persistedOpStateExpiryEpochSec: 0}, 961e98b4-0515-4e33-9a5e-b87989e0967c{ip: 10.1.0.56, host: fv-az180-400.aibneqh1mxpuhl3tnnuy2ifbce.bx.internal.cloudapp.net, ports: [REPLICATION=32803, RATIS=45547, RATIS_ADMIN=45547, RATIS_SERVER=45547, STANDALONE=33243], networkLocation: /default-rack, certSerialId: null, persistedOpState: IN_SERVICE, persistedOpStateExpiryEpochSec: 0}, a36f0c9e-34c7-41e1-90e2-5c691522fdfd{ip: 10.1.0.56, host: fv-az180-400.aibneqh1mxpuhl3tnnuy2ifbce.bx.internal.cloudapp.net, ports: [REPLICATION=43001, RATIS=35103, RATIS_ADMIN=35103, RATIS_SERVER=35103, STANDALONE=34509], networkLocation: /default-rack, certSerialId: null, persistedOpState: IN_SERVICE, persistedOpStateExpiryEpochSec: 0}, a49fbcfb-f7dc-4282-aec4-a4f9f3e2b5ab{ip: 10.1.0.56, host: fv-az180-400.aibneqh1mxpuhl3tnnuy2ifbce.bx.internal.cloudapp.net, ports: [REPLICATION=41799, RATIS=37955, RATIS_ADMIN=37955, RATIS_SERVER=37955, STANDALONE=46377], networkLocation: /default-rack, certSerialId: null, persistedOpState: null, persistedOpStateExpiryEpochSec: 0}]"  ancestorGen="0").
2022-11-18 13:06:08,490 [Under Replicated Processor] WARN  net.NetworkTopologyImpl (NetworkTopologyImpl.java:chooseNodeInternal(653)) - No available node in (scope="/default-rack" excludedScope="null" excludedNodes="[8ad84362-fca3-4a94-b029-55aaea538166{ip: 10.1.0.56, host: fv-az180-400.aibneqh1mxpuhl3tnnuy2ifbce.bx.internal.cloudapp.net, ports: [REPLICATION=45785, RATIS=38939, RATIS_ADMIN=38939, RATIS_SERVER=38939, STANDALONE=38791], networkLocation: /default-rack, certSerialId: null, persistedOpState: IN_SERVICE, persistedOpStateExpiryEpochSec: 0}, 1bb9cbb4-eec0-4324-8de7-fca776b53f2b{ip: 10.1.0.56, host: fv-az180-400.aibneqh1mxpuhl3tnnuy2ifbce.bx.internal.cloudapp.net, ports: [REPLICATION=45141, RATIS=44667, RATIS_ADMIN=44667, RATIS_SERVER=44667, STANDALONE=45879], networkLocation: /default-rack, certSerialId: null, persistedOpState: IN_SERVICE, persistedOpStateExpiryEpochSec: 0}, 961e98b4-0515-4e33-9a5e-b87989e0967c{ip: 10.1.0.56, host: fv-az180-400.aibneqh1mxpuhl3tnnuy2ifbce.bx.internal.cloudapp.net, ports: [REPLICATION=32803, RATIS=45547, RATIS_ADMIN=45547, RATIS_SERVER=45547, STANDALONE=33243], networkLocation: /default-rack, certSerialId: null, persistedOpState: IN_SERVICE, persistedOpStateExpiryEpochSec: 0}, a36f0c9e-34c7-41e1-90e2-5c691522fdfd{ip: 10.1.0.56, host: fv-az180-400.aibneqh1mxpuhl3tnnuy2ifbce.bx.internal.cloudapp.net, ports: [REPLICATION=43001, RATIS=35103, RATIS_ADMIN=35103, RATIS_SERVER=35103, STANDALONE=34509], networkLocation: /default-rack, certSerialId: null, persistedOpState: IN_SERVICE, persistedOpStateExpiryEpochSec: 0}, a49fbcfb-f7dc-4282-aec4-a4f9f3e2b5ab{ip: 10.1.0.56, host: fv-az180-400.aibneqh1mxpuhl3tnnuy2ifbce.bx.internal.cloudapp.net, ports: [REPLICATION=41799, RATIS=37955, RATIS_ADMIN=37955, RATIS_SERVER=37955, STANDALONE=46377], networkLocation: /default-rack, certSerialId: null, persistedOpState: null, persistedOpStateExpiryEpochSec: 0}]"  ancestorGen="0").
2022-11-18 13:06:08,490 [Under Replicated Processor] WARN  net.NetworkTopologyImpl (NetworkTopologyImpl.java:chooseNodeInternal(653)) - No available node in (scope="/default-rack" excludedScope="null" excludedNodes="[8ad84362-fca3-4a94-b029-55aaea538166{ip: 10.1.0.56, host: fv-az180-400.aibneqh1mxpuhl3tnnuy2ifbce.bx.internal.cloudapp.net, ports: [REPLICATION=45785, RATIS=38939, RATIS_ADMIN=38939, RATIS_SERVER=38939, STANDALONE=38791], networkLocation: /default-rack, certSerialId: null, persistedOpState: IN_SERVICE, persistedOpStateExpiryEpochSec: 0}, 1bb9cbb4-eec0-4324-8de7-fca776b53f2b{ip: 10.1.0.56, host: fv-az180-400.aibneqh1mxpuhl3tnnuy2ifbce.bx.internal.cloudapp.net, ports: [REPLICATION=45141, RATIS=44667, RATIS_ADMIN=44667, RATIS_SERVER=44667, STANDALONE=45879], networkLocation: /default-rack, certSerialId: null, persistedOpState: IN_SERVICE, persistedOpStateExpiryEpochSec: 0}, 961e98b4-0515-4e33-9a5e-b87989e0967c{ip: 10.1.0.56, host: fv-az180-400.aibneqh1mxpuhl3tnnuy2ifbce.bx.internal.cloudapp.net, ports: [REPLICATION=32803, RATIS=45547, RATIS_ADMIN=45547, RATIS_SERVER=45547, STANDALONE=33243], networkLocation: /default-rack, certSerialId: null, persistedOpState: IN_SERVICE, persistedOpStateExpiryEpochSec: 0}, a36f0c9e-34c7-41e1-90e2-5c691522fdfd{ip: 10.1.0.56, host: fv-az180-400.aibneqh1mxpuhl3tnnuy2ifbce.bx.internal.cloudapp.net, ports: [REPLICATION=43001, RATIS=35103, RATIS_ADMIN=35103, RATIS_SERVER=35103, STANDALONE=34509], networkLocation: /default-rack, certSerialId: null, persistedOpState: IN_SERVICE, persistedOpStateExpiryEpochSec: 0}, a49fbcfb-f7dc-4282-aec4-a4f9f3e2b5ab{ip: 10.1.0.56, host: fv-az180-400.aibneqh1mxpuhl3tnnuy2ifbce.bx.internal.cloudapp.net, ports: [REPLICATION=41799, RATIS=37955, RATIS_ADMIN=37955, RATIS_SERVER=37955, STANDALONE=46377], networkLocation: /default-rack, certSerialId: null, persistedOpState: null, persistedOpStateExpiryEpochSec: 0}]"  ancestorGen="0").
2022-11-18 13:06:08,490 [Under Replicated Processor] WARN  net.NetworkTopologyImpl (NetworkTopologyImpl.java:chooseNodeInternal(653)) - No available node in (scope="/default-rack" excludedScope="null" excludedNodes="[8ad84362-fca3-4a94-b029-55aaea538166{ip: 10.1.0.56, host: fv-az180-400.aibneqh1mxpuhl3tnnuy2ifbce.bx.internal.cloudapp.net, ports: [REPLICATION=45785, RATIS=38939, RATIS_ADMIN=38939, RATIS_SERVER=38939, STANDALONE=38791], networkLocation: /default-rack, certSerialId: null, persistedOpState: IN_SERVICE, persistedOpStateExpiryEpochSec: 0}, 1bb9cbb4-eec0-4324-8de7-fca776b53f2b{ip: 10.1.0.56, host: fv-az180-400.aibneqh1mxpuhl3tnnuy2ifbce.bx.internal.cloudapp.net, ports: [REPLICATION=45141, RATIS=44667, RATIS_ADMIN=44667, RATIS_SERVER=44667, STANDALONE=45879], networkLocation: /default-rack, certSerialId: null, persistedOpState: IN_SERVICE, persistedOpStateExpiryEpochSec: 0}, 961e98b4-0515-4e33-9a5e-b87989e0967c{ip: 10.1.0.56, host: fv-az180-400.aibneqh1mxpuhl3tnnuy2ifbce.bx.internal.cloudapp.net, ports: [REPLICATION=32803, RATIS=45547, RATIS_ADMIN=45547, RATIS_SERVER=45547, STANDALONE=33243], networkLocation: /default-rack, certSerialId: null, persistedOpState: IN_SERVICE, persistedOpStateExpiryEpochSec: 0}, a36f0c9e-34c7-41e1-90e2-5c691522fdfd{ip: 10.1.0.56, host: fv-az180-400.aibneqh1mxpuhl3tnnuy2ifbce.bx.internal.cloudapp.net, ports: [REPLICATION=43001, RATIS=35103, RATIS_ADMIN=35103, RATIS_SERVER=35103, STANDALONE=34509], networkLocation: /default-rack, certSerialId: null, persistedOpState: IN_SERVICE, persistedOpStateExpiryEpochSec: 0}, a49fbcfb-f7dc-4282-aec4-a4f9f3e2b5ab{ip: 10.1.0.56, host: fv-az180-400.aibneqh1mxpuhl3tnnuy2ifbce.bx.internal.cloudapp.net, ports: [REPLICATION=41799, RATIS=37955, RATIS_ADMIN=37955, RATIS_SERVER=37955, STANDALONE=46377], networkLocation: /default-rack, certSerialId: null, persistedOpState: null, persistedOpStateExpiryEpochSec: 0}]"  ancestorGen="0").
2022-11-18 13:06:08,490 [Under Replicated Processor] INFO  algorithms.SCMContainerPlacementRackScatter (SCMContainerPlacementRackScatter.java:chooseNode(379)) - No satisfied datanode to meet the constraints. Metadatadata size required: 0 Data size required: 5368709120, scope /default-rack, excluded nodes [8ad84362-fca3-4a94-b029-55aaea538166{ip: 10.1.0.56, host: fv-az180-400.aibneqh1mxpuhl3tnnuy2ifbce.bx.internal.cloudapp.net, ports: [REPLICATION=45785, RATIS=38939, RATIS_ADMIN=38939, RATIS_SERVER=38939, STANDALONE=38791], networkLocation: /default-rack, certSerialId: null, persistedOpState: IN_SERVICE, persistedOpStateExpiryEpochSec: 0}, 1bb9cbb4-eec0-4324-8de7-fca776b53f2b{ip: 10.1.0.56, host: fv-az180-400.aibneqh1mxpuhl3tnnuy2ifbce.bx.internal.cloudapp.net, ports: [REPLICATION=45141, RATIS=44667, RATIS_ADMIN=44667, RATIS_SERVER=44667, STANDALONE=45879], networkLocation: /default-rack, certSerialId: null, persistedOpState: IN_SERVICE, persistedOpStateExpiryEpochSec: 0}, 961e98b4-0515-4e33-9a5e-b87989e0967c{ip: 10.1.0.56, host: fv-az180-400.aibneqh1mxpuhl3tnnuy2ifbce.bx.internal.cloudapp.net, ports: [REPLICATION=32803, RATIS=45547, RATIS_ADMIN=45547, RATIS_SERVER=45547, STANDALONE=33243], networkLocation: /default-rack, certSerialId: null, persistedOpState: IN_SERVICE, persistedOpStateExpiryEpochSec: 0}, a36f0c9e-34c7-41e1-90e2-5c691522fdfd{ip: 10.1.0.56, host: fv-az180-400.aibneqh1mxpuhl3tnnuy2ifbce.bx.internal.cloudapp.net, ports: [REPLICATION=43001, RATIS=35103, RATIS_ADMIN=35103, RATIS_SERVER=35103, STANDALONE=34509], networkLocation: /default-rack, certSerialId: null, persistedOpState: IN_SERVICE, persistedOpStateExpiryEpochSec: 0}, a49fbcfb-f7dc-4282-aec4-a4f9f3e2b5ab{ip: 10.1.0.56, host: fv-az180-400.aibneqh1mxpuhl3tnnuy2ifbce.bx.internal.cloudapp.net, ports: [REPLICATION=41799, RATIS=37955, RATIS_ADMIN=37955, RATIS_SERVER=37955, STANDALONE=46377], networkLocation: /default-rack, certSerialId: null, persistedOpState: null, persistedOpStateExpiryEpochSec: 0}]
2022-11-18 13:06:08,491 [Under Replicated Processor] WARN  algorithms.SCMContainerPlacementRackScatter (SCMContainerPlacementRackScatter.java:chooseDatanodesInternal(281)) - Placement policy could not choose the enough nodes from available racks. Chosen nodes size from Unique Racks: 0, but required nodes to choose from Unique Racks: 1 do not match. Available racks count: 1, Excluded nodes count: 4
2022-11-18 13:06:08,491 [Under Replicated Processor] WARN  replication.ECUnderReplicationHandler (ECUnderReplicationHandler.java:processAndCreateCommands(252)) - Exception while processing for creating the EC reconstruction container commands for #8.
org.apache.hadoop.hdds.scm.exceptions.SCMException: Chosen nodes size from Unique Racks: 0, but required nodes to choose from Unique Racks: 1 do not match.
	at org.apache.hadoop.hdds.scm.container.placement.algorithms.SCMContainerPlacementRackScatter.chooseDatanodesInternal(SCMContainerPlacementRackScatter.java:286)
	at org.apache.hadoop.hdds.scm.SCMCommonPlacementPolicy.chooseDatanodes(SCMCommonPlacementPolicy.java:175)
	at org.apache.hadoop.hdds.scm.SCMCommonPlacementPolicy.chooseDatanodes(SCMCommonPlacementPolicy.java:117)
	at org.apache.hadoop.hdds.scm.container.replication.ECUnderReplicationHandler.getTargetDatanodes(ECUnderReplicationHandler.java:303)
	at org.apache.hadoop.hdds.scm.container.replication.ECUnderReplicationHandler.processAndCreateCommands(ECUnderReplicationHandler.java:186)
	at org.apache.hadoop.hdds.scm.container.replication.ReplicationManager.processUnderReplicatedContainer(ReplicationManager.java:483)
	at org.apache.hadoop.hdds.scm.container.replication.UnderReplicatedProcessor.processContainer(UnderReplicatedProcessor.java:99)
	at org.apache.hadoop.hdds.scm.container.replication.UnderReplicatedProcessor.processAll(UnderReplicatedProcessor.java:83)
	at org.apache.hadoop.hdds.scm.container.replication.UnderReplicatedProcessor.run(UnderReplicatedProcessor.java:144)
	at java.lang.Thread.run(Thread.java:750)
2022-11-18 13:06:08,491 [Under Replicated Processor] ERROR replication.UnderReplicatedProcessor (UnderReplicatedProcessor.java:processAll(86)) - Error processing under replicated container ContainerInfo{id=#8, state=CLOSED, pipelineID=PipelineID=67e84420-6fe2-43b6-bc4f-8bf4477b66f2, stateEnterTime=2022-11-18T13:05:28.764Z, owner=om1}
org.apache.hadoop.hdds.scm.exceptions.SCMException: Chosen nodes size from Unique Racks: 0, but required nodes to choose from Unique Racks: 1 do not match.
	at org.apache.hadoop.hdds.scm.container.placement.algorithms.SCMContainerPlacementRackScatter.chooseDatanodesInternal(SCMContainerPlacementRackScatter.java:286)
	at org.apache.hadoop.hdds.scm.SCMCommonPlacementPolicy.chooseDatanodes(SCMCommonPlacementPolicy.java:175)
	at org.apache.hadoop.hdds.scm.SCMCommonPlacementPolicy.chooseDatanodes(SCMCommonPlacementPolicy.java:117)
	at org.apache.hadoop.hdds.scm.container.replication.ECUnderReplicationHandler.getTargetDatanodes(ECUnderReplicationHandler.java:303)
	at org.apache.hadoop.hdds.scm.container.replication.ECUnderReplicationHandler.processAndCreateCommands(ECUnderReplicationHandler.java:186)
	at org.apache.hadoop.hdds.scm.container.replication.ReplicationManager.processUnderReplicatedContainer(ReplicationManager.java:483)
	at org.apache.hadoop.hdds.scm.container.replication.UnderReplicatedProcessor.processContainer(UnderReplicatedProcessor.java:99)
	at org.apache.hadoop.hdds.scm.container.replication.UnderReplicatedProcessor.processAll(UnderReplicatedProcessor.java:83)
	at org.apache.hadoop.hdds.scm.container.replication.UnderReplicatedProcessor.run(UnderReplicatedProcessor.java:144)
	at java.lang.Thread.run(Thread.java:750)
2022-11-18 13:06:08,491 [Under Replicated Processor] WARN  net.NetworkTopologyImpl (NetworkTopologyImpl.java:chooseNodeInternal(653)) - No available node in (scope="/default-rack" excludedScope="null" excludedNodes="[8ad84362-fca3-4a94-b029-55aaea538166{ip: 10.1.0.56, host: fv-az180-400.aibneqh1mxpuhl3tnnuy2ifbce.bx.internal.cloudapp.net, ports: [REPLICATION=45785, RATIS=38939, RATIS_ADMIN=38939, RATIS_SERVER=38939, STANDALONE=38791], networkLocation: /default-rack, certSerialId: null, persistedOpState: IN_SERVICE, persistedOpStateExpiryEpochSec: 0}, 1bb9cbb4-eec0-4324-8de7-fca776b53f2b{ip: 10.1.0.56, host: fv-az180-400.aibneqh1mxpuhl3tnnuy2ifbce.bx.internal.cloudapp.net, ports: [REPLICATION=45141, RATIS=44667, RATIS_ADMIN=44667, RATIS_SERVER=44667, STANDALONE=45879], networkLocation: /default-rack, certSerialId: null, persistedOpState: IN_SERVICE, persistedOpStateExpiryEpochSec: 0}, 961e98b4-0515-4e33-9a5e-b87989e0967c{ip: 10.1.0.56, host: fv-az180-400.aibneqh1mxpuhl3tnnuy2ifbce.bx.internal.cloudapp.net, ports: [REPLICATION=32803, RATIS=45547, RATIS_ADMIN=45547, RATIS_SERVER=45547, STANDALONE=33243], networkLocation: /default-rack, certSerialId: null, persistedOpState: IN_SERVICE, persistedOpStateExpiryEpochSec: 0}, a36f0c9e-34c7-41e1-90e2-5c691522fdfd{ip: 10.1.0.56, host: fv-az180-400.aibneqh1mxpuhl3tnnuy2ifbce.bx.internal.cloudapp.net, ports: [REPLICATION=43001, RATIS=35103, RATIS_ADMIN=35103, RATIS_SERVER=35103, STANDALONE=34509], networkLocation: /default-rack, certSerialId: null, persistedOpState: IN_SERVICE, persistedOpStateExpiryEpochSec: 0}, a49fbcfb-f7dc-4282-aec4-a4f9f3e2b5ab{ip: 10.1.0.56, host: fv-az180-400.aibneqh1mxpuhl3tnnuy2ifbce.bx.internal.cloudapp.net, ports: [REPLICATION=41799, RATIS=37955, RATIS_ADMIN=37955, RATIS_SERVER=37955, STANDALONE=46377], networkLocation: /default-rack, certSerialId: null, persistedOpState: null, persistedOpStateExpiryEpochSec: 0}]"  ancestorGen="0").
2022-11-18 13:06:08,491 [Under Replicated Processor] WARN  net.NetworkTopologyImpl (NetworkTopologyImpl.java:chooseNodeInternal(653)) - No available node in (scope="/default-rack" excludedScope="null" excludedNodes="[8ad84362-fca3-4a94-b029-55aaea538166{ip: 10.1.0.56, host: fv-az180-400.aibneqh1mxpuhl3tnnuy2ifbce.bx.internal.cloudapp.net, ports: [REPLICATION=45785, RATIS=38939, RATIS_ADMIN=38939, RATIS_SERVER=38939, STANDALONE=38791], networkLocation: /default-rack, certSerialId: null, persistedOpState: IN_SERVICE, persistedOpStateExpiryEpochSec: 0}, 1bb9cbb4-eec0-4324-8de7-fca776b53f2b{ip: 10.1.0.56, host: fv-az180-400.aibneqh1mxpuhl3tnnuy2ifbce.bx.internal.cloudapp.net, ports: [REPLICATION=45141, RATIS=44667, RATIS_ADMIN=44667, RATIS_SERVER=44667, STANDALONE=45879], networkLocation: /default-rack, certSerialId: null, persistedOpState: IN_SERVICE, persistedOpStateExpiryEpochSec: 0}, 961e98b4-0515-4e33-9a5e-b87989e0967c{ip: 10.1.0.56, host: fv-az180-400.aibneqh1mxpuhl3tnnuy2ifbce.bx.internal.cloudapp.net, ports: [REPLICATION=32803, RATIS=45547, RATIS_ADMIN=45547, RATIS_SERVER=45547, STANDALONE=33243], networkLocation: /default-rack, certSerialId: null, persistedOpState: IN_SERVICE, persistedOpStateExpiryEpochSec: 0}, a36f0c9e-34c7-41e1-90e2-5c691522fdfd{ip: 10.1.0.56, host: fv-az180-400.aibneqh1mxpuhl3tnnuy2ifbce.bx.internal.cloudapp.net, ports: [REPLICATION=43001, RATIS=35103, RATIS_ADMIN=35103, RATIS_SERVER=35103, STANDALONE=34509], networkLocation: /default-rack, certSerialId: null, persistedOpState: IN_SERVICE, persistedOpStateExpiryEpochSec: 0}, a49fbcfb-f7dc-4282-aec4-a4f9f3e2b5ab{ip: 10.1.0.56, host: fv-az180-400.aibneqh1mxpuhl3tnnuy2ifbce.bx.internal.cloudapp.net, ports: [REPLICATION=41799, RATIS=37955, RATIS_ADMIN=37955, RATIS_SERVER=37955, STANDALONE=46377], networkLocation: /default-rack, certSerialId: null, persistedOpState: null, persistedOpStateExpiryEpochSec: 0}]"  ancestorGen="0").
2022-11-18 13:06:08,491 [Under Replicated Processor] WARN  net.NetworkTopologyImpl (NetworkTopologyImpl.java:chooseNodeInternal(653)) - No available node in (scope="/default-rack" excludedScope="null" excludedNodes="[8ad84362-fca3-4a94-b029-55aaea538166{ip: 10.1.0.56, host: fv-az180-400.aibneqh1mxpuhl3tnnuy2ifbce.bx.internal.cloudapp.net, ports: [REPLICATION=45785, RATIS=38939, RATIS_ADMIN=38939, RATIS_SERVER=38939, STANDALONE=38791], networkLocation: /default-rack, certSerialId: null, persistedOpState: IN_SERVICE, persistedOpStateExpiryEpochSec: 0}, 1bb9cbb4-eec0-4324-8de7-fca776b53f2b{ip: 10.1.0.56, host: fv-az180-400.aibneqh1mxpuhl3tnnuy2ifbce.bx.internal.cloudapp.net, ports: [REPLICATION=45141, RATIS=44667, RATIS_ADMIN=44667, RATIS_SERVER=44667, STANDALONE=45879], networkLocation: /default-rack, certSerialId: null, persistedOpState: IN_SERVICE, persistedOpStateExpiryEpochSec: 0}, 961e98b4-0515-4e33-9a5e-b87989e0967c{ip: 10.1.0.56, host: fv-az180-400.aibneqh1mxpuhl3tnnuy2ifbce.bx.internal.cloudapp.net, ports: [REPLICATION=32803, RATIS=45547, RATIS_ADMIN=45547, RATIS_SERVER=45547, STANDALONE=33243], networkLocation: /default-rack, certSerialId: null, persistedOpState: IN_SERVICE, persistedOpStateExpiryEpochSec: 0}, a36f0c9e-34c7-41e1-90e2-5c691522fdfd{ip: 10.1.0.56, host: fv-az180-400.aibneqh1mxpuhl3tnnuy2ifbce.bx.internal.cloudapp.net, ports: [REPLICATION=43001, RATIS=35103, RATIS_ADMIN=35103, RATIS_SERVER=35103, STANDALONE=34509], networkLocation: /default-rack, certSerialId: null, persistedOpState: IN_SERVICE, persistedOpStateExpiryEpochSec: 0}, a49fbcfb-f7dc-4282-aec4-a4f9f3e2b5ab{ip: 10.1.0.56, host: fv-az180-400.aibneqh1mxpuhl3tnnuy2ifbce.bx.internal.cloudapp.net, ports: [REPLICATION=41799, RATIS=37955, RATIS_ADMIN=37955, RATIS_SERVER=37955, STANDALONE=46377], networkLocation: /default-rack, certSerialId: null, persistedOpState: null, persistedOpStateExpiryEpochSec: 0}]"  ancestorGen="0").
2022-11-18 13:06:08,491 [Under Replicated Processor] WARN  net.NetworkTopologyImpl (NetworkTopologyImpl.java:chooseNodeInternal(653)) - No available node in (scope="/default-rack" excludedScope="null" excludedNodes="[8ad84362-fca3-4a94-b029-55aaea538166{ip: 10.1.0.56, host: fv-az180-400.aibneqh1mxpuhl3tnnuy2ifbce.bx.internal.cloudapp.net, ports: [REPLICATION=45785, RATIS=38939, RATIS_ADMIN=38939, RATIS_SERVER=38939, STANDALONE=38791], networkLocation: /default-rack, certSerialId: null, persistedOpState: IN_SERVICE, persistedOpStateExpiryEpochSec: 0}, 1bb9cbb4-eec0-4324-8de7-fca776b53f2b{ip: 10.1.0.56, host: fv-az180-400.aibneqh1mxpuhl3tnnuy2ifbce.bx.internal.cloudapp.net, ports: [REPLICATION=45141, RATIS=44667, RATIS_ADMIN=44667, RATIS_SERVER=44667, STANDALONE=45879], networkLocation: /default-rack, certSerialId: null, persistedOpState: IN_SERVICE, persistedOpStateExpiryEpochSec: 0}, 961e98b4-0515-4e33-9a5e-b87989e0967c{ip: 10.1.0.56, host: fv-az180-400.aibneqh1mxpuhl3tnnuy2ifbce.bx.internal.cloudapp.net, ports: [REPLICATION=32803, RATIS=45547, RATIS_ADMIN=45547, RATIS_SERVER=45547, STANDALONE=33243], networkLocation: /default-rack, certSerialId: null, persistedOpState: IN_SERVICE, persistedOpStateExpiryEpochSec: 0}, a36f0c9e-34c7-41e1-90e2-5c691522fdfd{ip: 10.1.0.56, host: fv-az180-400.aibneqh1mxpuhl3tnnuy2ifbce.bx.internal.cloudapp.net, ports: [REPLICATION=43001, RATIS=35103, RATIS_ADMIN=35103, RATIS_SERVER=35103, STANDALONE=34509], networkLocation: /default-rack, certSerialId: null, persistedOpState: IN_SERVICE, persistedOpStateExpiryEpochSec: 0}, a49fbcfb-f7dc-4282-aec4-a4f9f3e2b5ab{ip: 10.1.0.56, host: fv-az180-400.aibneqh1mxpuhl3tnnuy2ifbce.bx.internal.cloudapp.net, ports: [REPLICATION=41799, RATIS=37955, RATIS_ADMIN=37955, RATIS_SERVER=37955, STANDALONE=46377], networkLocation: /default-rack, certSerialId: null, persistedOpState: null, persistedOpStateExpiryEpochSec: 0}]"  ancestorGen="0").
2022-11-18 13:06:08,491 [Under Replicated Processor] INFO  algorithms.SCMContainerPlacementRackScatter (SCMContainerPlacementRackScatter.java:chooseNode(379)) - No satisfied datanode to meet the constraints. Metadatadata size required: 0 Data size required: 5368709120, scope /default-rack, excluded nodes [8ad84362-fca3-4a94-b029-55aaea538166{ip: 10.1.0.56, host: fv-az180-400.aibneqh1mxpuhl3tnnuy2ifbce.bx.internal.cloudapp.net, ports: [REPLICATION=45785, RATIS=38939, RATIS_ADMIN=38939, RATIS_SERVER=38939, STANDALONE=38791], networkLocation: /default-rack, certSerialId: null, persistedOpState: IN_SERVICE, persistedOpStateExpiryEpochSec: 0}, 1bb9cbb4-eec0-4324-8de7-fca776b53f2b{ip: 10.1.0.56, host: fv-az180-400.aibneqh1mxpuhl3tnnuy2ifbce.bx.internal.cloudapp.net, ports: [REPLICATION=45141, RATIS=44667, RATIS_ADMIN=44667, RATIS_SERVER=44667, STANDALONE=45879], networkLocation: /default-rack, certSerialId: null, persistedOpState: IN_SERVICE, persistedOpStateExpiryEpochSec: 0}, 961e98b4-0515-4e33-9a5e-b87989e0967c{ip: 10.1.0.56, host: fv-az180-400.aibneqh1mxpuhl3tnnuy2ifbce.bx.internal.cloudapp.net, ports: [REPLICATION=32803, RATIS=45547, RATIS_ADMIN=45547, RATIS_SERVER=45547, STANDALONE=33243], networkLocation: /default-rack, certSerialId: null, persistedOpState: IN_SERVICE, persistedOpStateExpiryEpochSec: 0}, a36f0c9e-34c7-41e1-90e2-5c691522fdfd{ip: 10.1.0.56, host: fv-az180-400.aibneqh1mxpuhl3tnnuy2ifbce.bx.internal.cloudapp.net, ports: [REPLICATION=43001, RATIS=35103, RATIS_ADMIN=35103, RATIS_SERVER=35103, STANDALONE=34509], networkLocation: /default-rack, certSerialId: null, persistedOpState: IN_SERVICE, persistedOpStateExpiryEpochSec: 0}, a49fbcfb-f7dc-4282-aec4-a4f9f3e2b5ab{ip: 10.1.0.56, host: fv-az180-400.aibneqh1mxpuhl3tnnuy2ifbce.bx.internal.cloudapp.net, ports: [REPLICATION=41799, RATIS=37955, RATIS_ADMIN=37955, RATIS_SERVER=37955, STANDALONE=46377], networkLocation: /default-rack, certSerialId: null, persistedOpState: null, persistedOpStateExpiryEpochSec: 0}]
2022-11-18 13:06:08,491 [Under Replicated Processor] WARN  algorithms.SCMContainerPlacementRackScatter (SCMContainerPlacementRackScatter.java:chooseDatanodesInternal(281)) - Placement policy could not choose the enough nodes from available racks. Chosen nodes size from Unique Racks: 0, but required nodes to choose from Unique Racks: 1 do not match. Available racks count: 1, Excluded nodes count: 4
2022-11-18 13:06:08,491 [Under Replicated Processor] WARN  replication.ECUnderReplicationHandler (ECUnderReplicationHandler.java:processAndCreateCommands(252)) - Exception while processing for creating the EC reconstruction container commands for #8.
org.apache.hadoop.hdds.scm.exceptions.SCMException: Chosen nodes size from Unique Racks: 0, but required nodes to choose from Unique Racks: 1 do not match.
	at org.apache.hadoop.hdds.scm.container.placement.algorithms.SCMContainerPlacementRackScatter.chooseDatanodesInternal(SCMContainerPlacementRackScatter.java:286)
	at org.apache.hadoop.hdds.scm.SCMCommonPlacementPolicy.chooseDatanodes(SCMCommonPlacementPolicy.java:175)
	at org.apache.hadoop.hdds.scm.SCMCommonPlacementPolicy.chooseDatanodes(SCMCommonPlacementPolicy.java:117)
	at org.apache.hadoop.hdds.scm.container.replication.ECUnderReplicationHandler.getTargetDatanodes(ECUnderReplicationHandler.java:303)
	at org.apache.hadoop.hdds.scm.container.replication.ECUnderReplicationHandler.processAndCreateCommands(ECUnderReplicationHandler.java:186)
	at org.apache.hadoop.hdds.scm.container.replication.ReplicationManager.processUnderReplicatedContainer(ReplicationManager.java:483)
	at org.apache.hadoop.hdds.scm.container.replication.UnderReplicatedProcessor.processContainer(UnderReplicatedProcessor.java:99)
	at org.apache.hadoop.hdds.scm.container.replication.UnderReplicatedProcessor.processAll(UnderReplicatedProcessor.java:83)
	at org.apache.hadoop.hdds.scm.container.replication.UnderReplicatedProcessor.run(UnderReplicatedProcessor.java:144)
	at java.lang.Thread.run(Thread.java:750)
2022-11-18 13:06:08,492 [Under Replicated Processor] ERROR replication.UnderReplicatedProcessor (UnderReplicatedProcessor.java:processAll(86)) - Error processing under replicated container ContainerInfo{id=#8, state=CLOSED, pipelineID=PipelineID=67e84420-6fe2-43b6-bc4f-8bf4477b66f2, stateEnterTime=2022-11-18T13:05:28.764Z, owner=om1}
org.apache.hadoop.hdds.scm.exceptions.SCMException: Chosen nodes size from Unique Racks: 0, but required nodes to choose from Unique Racks: 1 do not match.
	at org.apache.hadoop.hdds.scm.container.placement.algorithms.SCMContainerPlacementRackScatter.chooseDatanodesInternal(SCMContainerPlacementRackScatter.java:286)
	at org.apache.hadoop.hdds.scm.SCMCommonPlacementPolicy.chooseDatanodes(SCMCommonPlacementPolicy.java:175)
	at org.apache.hadoop.hdds.scm.SCMCommonPlacementPolicy.chooseDatanodes(SCMCommonPlacementPolicy.java:117)
	at org.apache.hadoop.hdds.scm.container.replication.ECUnderReplicationHandler.getTargetDatanodes(ECUnderReplicationHandler.java:303)
	at org.apache.hadoop.hdds.scm.container.replication.ECUnderReplicationHandler.processAndCreateCommands(ECUnderReplicationHandler.java:186)
	at org.apache.hadoop.hdds.scm.container.replication.ReplicationManager.processUnderReplicatedContainer(ReplicationManager.java:483)
	at org.apache.hadoop.hdds.scm.container.replication.UnderReplicatedProcessor.processContainer(UnderReplicatedProcessor.java:99)
	at org.apache.hadoop.hdds.scm.container.replication.UnderReplicatedProcessor.processAll(UnderReplicatedProcessor.java:83)
	at org.apache.hadoop.hdds.scm.container.replication.UnderReplicatedProcessor.run(UnderReplicatedProcessor.java:144)
	at java.lang.Thread.run(Thread.java:750)
2022-11-18 13:06:08,492 [Under Replicated Processor] WARN  net.NetworkTopologyImpl (NetworkTopologyImpl.java:chooseNodeInternal(653)) - No available node in (scope="/default-rack" excludedScope="null" excludedNodes="[8ad84362-fca3-4a94-b029-55aaea538166{ip: 10.1.0.56, host: fv-az180-400.aibneqh1mxpuhl3tnnuy2ifbce.bx.internal.cloudapp.net, ports: [REPLICATION=45785, RATIS=38939, RATIS_ADMIN=38939, RATIS_SERVER=38939, STANDALONE=38791], networkLocation: /default-rack, certSerialId: null, persistedOpState: IN_SERVICE, persistedOpStateExpiryEpochSec: 0}, 1bb9cbb4-eec0-4324-8de7-fca776b53f2b{ip: 10.1.0.56, host: fv-az180-400.aibneqh1mxpuhl3tnnuy2ifbce.bx.internal.cloudapp.net, ports: [REPLICATION=45141, RATIS=44667, RATIS_ADMIN=44667, RATIS_SERVER=44667, STANDALONE=45879], networkLocation: /default-rack, certSerialId: null, persistedOpState: IN_SERVICE, persistedOpStateExpiryEpochSec: 0}, 961e98b4-0515-4e33-9a5e-b87989e0967c{ip: 10.1.0.56, host: fv-az180-400.aibneqh1mxpuhl3tnnuy2ifbce.bx.internal.cloudapp.net, ports: [REPLICATION=32803, RATIS=45547, RATIS_ADMIN=45547, RATIS_SERVER=45547, STANDALONE=33243], networkLocation: /default-rack, certSerialId: null, persistedOpState: IN_SERVICE, persistedOpStateExpiryEpochSec: 0}, a36f0c9e-34c7-41e1-90e2-5c691522fdfd{ip: 10.1.0.56, host: fv-az180-400.aibneqh1mxpuhl3tnnuy2ifbce.bx.internal.cloudapp.net, ports: [REPLICATION=43001, RATIS=35103, RATIS_ADMIN=35103, RATIS_SERVER=35103, STANDALONE=34509], networkLocation: /default-rack, certSerialId: null, persistedOpState: IN_SERVICE, persistedOpStateExpiryEpochSec: 0}, a49fbcfb-f7dc-4282-aec4-a4f9f3e2b5ab{ip: 10.1.0.56, host: fv-az180-400.aibneqh1mxpuhl3tnnuy2ifbce.bx.internal.cloudapp.net, ports: [REPLICATION=41799, RATIS=37955, RATIS_ADMIN=37955, RATIS_SERVER=37955, STANDALONE=46377], networkLocation: /default-rack, certSerialId: null, persistedOpState: null, persistedOpStateExpiryEpochSec: 0}]"  ancestorGen="0").
2022-11-18 13:06:08,492 [Under Replicated Processor] WARN  net.NetworkTopologyImpl (NetworkTopologyImpl.java:chooseNodeInternal(653)) - No available node in (scope="/default-rack" excludedScope="null" excludedNodes="[8ad84362-fca3-4a94-b029-55aaea538166{ip: 10.1.0.56, host: fv-az180-400.aibneqh1mxpuhl3tnnuy2ifbce.bx.internal.cloudapp.net, ports: [REPLICATION=45785, RATIS=38939, RATIS_ADMIN=38939, RATIS_SERVER=38939, STANDALONE=38791], networkLocation: /default-rack, certSerialId: null, persistedOpState: IN_SERVICE, persistedOpStateExpiryEpochSec: 0}, 1bb9cbb4-eec0-4324-8de7-fca776b53f2b{ip: 10.1.0.56, host: fv-az180-400.aibneqh1mxpuhl3tnnuy2ifbce.bx.internal.cloudapp.net, ports: [REPLICATION=45141, RATIS=44667, RATIS_ADMIN=44667, RATIS_SERVER=44667, STANDALONE=45879], networkLocation: /default-rack, certSerialId: null, persistedOpState: IN_SERVICE, persistedOpStateExpiryEpochSec: 0}, 961e98b4-0515-4e33-9a5e-b87989e0967c{ip: 10.1.0.56, host: fv-az180-400.aibneqh1mxpuhl3tnnuy2ifbce.bx.internal.cloudapp.net, ports: [REPLICATION=32803, RATIS=45547, RATIS_ADMIN=45547, RATIS_SERVER=45547, STANDALONE=33243], networkLocation: /default-rack, certSerialId: null, persistedOpState: IN_SERVICE, persistedOpStateExpiryEpochSec: 0}, a36f0c9e-34c7-41e1-90e2-5c691522fdfd{ip: 10.1.0.56, host: fv-az180-400.aibneqh1mxpuhl3tnnuy2ifbce.bx.internal.cloudapp.net, ports: [REPLICATION=43001, RATIS=35103, RATIS_ADMIN=35103, RATIS_SERVER=35103, STANDALONE=34509], networkLocation: /default-rack, certSerialId: null, persistedOpState: IN_SERVICE, persistedOpStateExpiryEpochSec: 0}, a49fbcfb-f7dc-4282-aec4-a4f9f3e2b5ab{ip: 10.1.0.56, host: fv-az180-400.aibneqh1mxpuhl3tnnuy2ifbce.bx.internal.cloudapp.net, ports: [REPLICATION=41799, RATIS=37955, RATIS_ADMIN=37955, RATIS_SERVER=37955, STANDALONE=46377], networkLocation: /default-rack, certSerialId: null, persistedOpState: null, persistedOpStateExpiryEpochSec: 0}]"  ancestorGen="0").
2022-11-18 13:06:08,492 [Under Replicated Processor] WARN  net.NetworkTopologyImpl (NetworkTopologyImpl.java:chooseNodeInternal(653)) - No available node in (scope="/default-rack" excludedScope="null" excludedNodes="[8ad84362-fca3-4a94-b029-55aaea538166{ip: 10.1.0.56, host: fv-az180-400.aibneqh1mxpuhl3tnnuy2ifbce.bx.internal.cloudapp.net, ports: [REPLICATION=45785, RATIS=38939, RATIS_ADMIN=38939, RATIS_SERVER=38939, STANDALONE=38791], networkLocation: /default-rack, certSerialId: null, persistedOpState: IN_SERVICE, persistedOpStateExpiryEpochSec: 0}, 1bb9cbb4-eec0-4324-8de7-fca776b53f2b{ip: 10.1.0.56, host: fv-az180-400.aibneqh1mxpuhl3tnnuy2ifbce.bx.internal.cloudapp.net, ports: [REPLICATION=45141, RATIS=44667, RATIS_ADMIN=44667, RATIS_SERVER=44667, STANDALONE=45879], networkLocation: /default-rack, certSerialId: null, persistedOpState: IN_SERVICE, persistedOpStateExpiryEpochSec: 0}, 961e98b4-0515-4e33-9a5e-b87989e0967c{ip: 10.1.0.56, host: fv-az180-400.aibneqh1mxpuhl3tnnuy2ifbce.bx.internal.cloudapp.net, ports: [REPLICATION=32803, RATIS=45547, RATIS_ADMIN=45547, RATIS_SERVER=45547, STANDALONE=33243], networkLocation: /default-rack, certSerialId: null, persistedOpState: IN_SERVICE, persistedOpStateExpiryEpochSec: 0}, a36f0c9e-34c7-41e1-90e2-5c691522fdfd{ip: 10.1.0.56, host: fv-az180-400.aibneqh1mxpuhl3tnnuy2ifbce.bx.internal.cloudapp.net, ports: [REPLICATION=43001, RATIS=35103, RATIS_ADMIN=35103, RATIS_SERVER=35103, STANDALONE=34509], networkLocation: /default-rack, certSerialId: null, persistedOpState: IN_SERVICE, persistedOpStateExpiryEpochSec: 0}, a49fbcfb-f7dc-4282-aec4-a4f9f3e2b5ab{ip: 10.1.0.56, host: fv-az180-400.aibneqh1mxpuhl3tnnuy2ifbce.bx.internal.cloudapp.net, ports: [REPLICATION=41799, RATIS=37955, RATIS_ADMIN=37955, RATIS_SERVER=37955, STANDALONE=46377], networkLocation: /default-rack, certSerialId: null, persistedOpState: null, persistedOpStateExpiryEpochSec: 0}]"  ancestorGen="0").
2022-11-18 13:06:08,492 [Under Replicated Processor] WARN  net.NetworkTopologyImpl (NetworkTopologyImpl.java:chooseNodeInternal(653)) - No available node in (scope="/default-rack" excludedScope="null" excludedNodes="[8ad84362-fca3-4a94-b029-55aaea538166{ip: 10.1.0.56, host: fv-az180-400.aibneqh1mxpuhl3tnnuy2ifbce.bx.internal.cloudapp.net, ports: [REPLICATION=45785, RATIS=38939, RATIS_ADMIN=38939, RATIS_SERVER=38939, STANDALONE=38791], networkLocation: /default-rack, certSerialId: null, persistedOpState: IN_SERVICE, persistedOpStateExpiryEpochSec: 0}, 1bb9cbb4-eec0-4324-8de7-fca776b53f2b{ip: 10.1.0.56, host: fv-az180-400.aibneqh1mxpuhl3tnnuy2ifbce.bx.internal.cloudapp.net, ports: [REPLICATION=45141, RATIS=44667, RATIS_ADMIN=44667, RATIS_SERVER=44667, STANDALONE=45879], networkLocation: /default-rack, certSerialId: null, persistedOpState: IN_SERVICE, persistedOpStateExpiryEpochSec: 0}, 961e98b4-0515-4e33-9a5e-b87989e0967c{ip: 10.1.0.56, host: fv-az180-400.aibneqh1mxpuhl3tnnuy2ifbce.bx.internal.cloudapp.net, ports: [REPLICATION=32803, RATIS=45547, RATIS_ADMIN=45547, RATIS_SERVER=45547, STANDALONE=33243], networkLocation: /default-rack, certSerialId: null, persistedOpState: IN_SERVICE, persistedOpStateExpiryEpochSec: 0}, a36f0c9e-34c7-41e1-90e2-5c691522fdfd{ip: 10.1.0.56, host: fv-az180-400.aibneqh1mxpuhl3tnnuy2ifbce.bx.internal.cloudapp.net, ports: [REPLICATION=43001, RATIS=35103, RATIS_ADMIN=35103, RATIS_SERVER=35103, STANDALONE=34509], networkLocation: /default-rack, certSerialId: null, persistedOpState: IN_SERVICE, persistedOpStateExpiryEpochSec: 0}, a49fbcfb-f7dc-4282-aec4-a4f9f3e2b5ab{ip: 10.1.0.56, host: fv-az180-400.aibneqh1mxpuhl3tnnuy2ifbce.bx.internal.cloudapp.net, ports: [REPLICATION=41799, RATIS=37955, RATIS_ADMIN=37955, RATIS_SERVER=37955, STANDALONE=46377], networkLocation: /default-rack, certSerialId: null, persistedOpState: null, persistedOpStateExpiryEpochSec: 0}]"  ancestorGen="0").
2022-11-18 13:06:08,492 [Under Replicated Processor] INFO  algorithms.SCMContainerPlacementRackScatter (SCMContainerPlacementRackScatter.java:chooseNode(379)) - No satisfied datanode to meet the constraints. Metadatadata size required: 0 Data size required: 5368709120, scope /default-rack, excluded nodes [8ad84362-fca3-4a94-b029-55aaea538166{ip: 10.1.0.56, host: fv-az180-400.aibneqh1mxpuhl3tnnuy2ifbce.bx.internal.cloudapp.net, ports: [REPLICATION=45785, RATIS=38939, RATIS_ADMIN=38939, RATIS_SERVER=38939, STANDALONE=38791], networkLocation: /default-rack, certSerialId: null, persistedOpState: IN_SERVICE, persistedOpStateExpiryEpochSec: 0}, 1bb9cbb4-eec0-4324-8de7-fca776b53f2b{ip: 10.1.0.56, host: fv-az180-400.aibneqh1mxpuhl3tnnuy2ifbce.bx.internal.cloudapp.net, ports: [REPLICATION=45141, RATIS=44667, RATIS_ADMIN=44667, RATIS_SERVER=44667, STANDALONE=45879], networkLocation: /default-rack, certSerialId: null, persistedOpState: IN_SERVICE, persistedOpStateExpiryEpochSec: 0}, 961e98b4-0515-4e33-9a5e-b87989e0967c{ip: 10.1.0.56, host: fv-az180-400.aibneqh1mxpuhl3tnnuy2ifbce.bx.internal.cloudapp.net, ports: [REPLICATION=32803, RATIS=45547, RATIS_ADMIN=45547, RATIS_SERVER=45547, STANDALONE=33243], networkLocation: /default-rack, certSerialId: null, persistedOpState: IN_SERVICE, persistedOpStateExpiryEpochSec: 0}, a36f0c9e-34c7-41e1-90e2-5c691522fdfd{ip: 10.1.0.56, host: fv-az180-400.aibneqh1mxpuhl3tnnuy2ifbce.bx.internal.cloudapp.net, ports: [REPLICATION=43001, RATIS=35103, RATIS_ADMIN=35103, RATIS_SERVER=35103, STANDALONE=34509], networkLocation: /default-rack, certSerialId: null, persistedOpState: IN_SERVICE, persistedOpStateExpiryEpochSec: 0}, a49fbcfb-f7dc-4282-aec4-a4f9f3e2b5ab{ip: 10.1.0.56, host: fv-az180-400.aibneqh1mxpuhl3tnnuy2ifbce.bx.internal.cloudapp.net, ports: [REPLICATION=41799, RATIS=37955, RATIS_ADMIN=37955, RATIS_SERVER=37955, STANDALONE=46377], networkLocation: /default-rack, certSerialId: null, persistedOpState: null, persistedOpStateExpiryEpochSec: 0}]
2022-11-18 13:06:08,492 [Under Replicated Processor] WARN  algorithms.SCMContainerPlacementRackScatter (SCMContainerPlacementRackScatter.java:chooseDatanodesInternal(281)) - Placement policy could not choose the enough nodes from available racks. Chosen nodes size from Unique Racks: 0, but required nodes to choose from Unique Racks: 1 do not match. Available racks count: 1, Excluded nodes count: 4
2022-11-18 13:06:08,492 [Under Replicated Processor] WARN  replication.ECUnderReplicationHandler (ECUnderReplicationHandler.java:processAndCreateCommands(252)) - Exception while processing for creating the EC reconstruction container commands for #8.
org.apache.hadoop.hdds.scm.exceptions.SCMException: Chosen nodes size from Unique Racks: 0, but required nodes to choose from Unique Racks: 1 do not match.
	at org.apache.hadoop.hdds.scm.container.placement.algorithms.SCMContainerPlacementRackScatter.chooseDatanodesInternal(SCMContainerPlacementRackScatter.java:286)
	at org.apache.hadoop.hdds.scm.SCMCommonPlacementPolicy.chooseDatanodes(SCMCommonPlacementPolicy.java:175)
	at org.apache.hadoop.hdds.scm.SCMCommonPlacementPolicy.chooseDatanodes(SCMCommonPlacementPolicy.java:117)
	at org.apache.hadoop.hdds.scm.container.replication.ECUnderReplicationHandler.getTargetDatanodes(ECUnderReplicationHandler.java:303)
	at org.apache.hadoop.hdds.scm.container.replication.ECUnderReplicationHandler.processAndCreateCommands(ECUnderReplicationHandler.java:186)
	at org.apache.hadoop.hdds.scm.container.replication.ReplicationManager.processUnderReplicatedContainer(ReplicationManager.java:483)
	at org.apache.hadoop.hdds.scm.container.replication.UnderReplicatedProcessor.processContainer(UnderReplicatedProcessor.java:99)
	at org.apache.hadoop.hdds.scm.container.replication.UnderReplicatedProcessor.processAll(UnderReplicatedProcessor.java:83)
	at org.apache.hadoop.hdds.scm.container.replication.UnderReplicatedProcessor.run(UnderReplicatedProcessor.java:144)
	at java.lang.Thread.run(Thread.java:750)
2022-11-18 13:06:08,493 [Under Replicated Processor] ERROR replication.UnderReplicatedProcessor (UnderReplicatedProcessor.java:processAll(86)) - Error processing under replicated container ContainerInfo{id=#8, state=CLOSED, pipelineID=PipelineID=67e84420-6fe2-43b6-bc4f-8bf4477b66f2, stateEnterTime=2022-11-18T13:05:28.764Z, owner=om1}
org.apache.hadoop.hdds.scm.exceptions.SCMException: Chosen nodes size from Unique Racks: 0, but required nodes to choose from Unique Racks: 1 do not match.
	at org.apache.hadoop.hdds.scm.container.placement.algorithms.SCMContainerPlacementRackScatter.chooseDatanodesInternal(SCMContainerPlacementRackScatter.java:286)
	at org.apache.hadoop.hdds.scm.SCMCommonPlacementPolicy.chooseDatanodes(SCMCommonPlacementPolicy.java:175)
	at org.apache.hadoop.hdds.scm.SCMCommonPlacementPolicy.chooseDatanodes(SCMCommonPlacementPolicy.java:117)
	at org.apache.hadoop.hdds.scm.container.replication.ECUnderReplicationHandler.getTargetDatanodes(ECUnderReplicationHandler.java:303)
	at org.apache.hadoop.hdds.scm.container.replication.ECUnderReplicationHandler.processAndCreateCommands(ECUnderReplicationHandler.java:186)
	at org.apache.hadoop.hdds.scm.container.replication.ReplicationManager.processUnderReplicatedContainer(ReplicationManager.java:483)
	at org.apache.hadoop.hdds.scm.container.replication.UnderReplicatedProcessor.processContainer(UnderReplicatedProcessor.java:99)
	at org.apache.hadoop.hdds.scm.container.replication.UnderReplicatedProcessor.processAll(UnderReplicatedProcessor.java:83)
	at org.apache.hadoop.hdds.scm.container.replication.UnderReplicatedProcessor.run(UnderReplicatedProcessor.java:144)
	at java.lang.Thread.run(Thread.java:750)
2022-11-18 13:06:08,493 [Under Replicated Processor] WARN  net.NetworkTopologyImpl (NetworkTopologyImpl.java:chooseNodeInternal(653)) - No available node in (scope="/default-rack" excludedScope="null" excludedNodes="[8ad84362-fca3-4a94-b029-55aaea538166{ip: 10.1.0.56, host: fv-az180-400.aibneqh1mxpuhl3tnnuy2ifbce.bx.internal.cloudapp.net, ports: [REPLICATION=45785, RATIS=38939, RATIS_ADMIN=38939, RATIS_SERVER=38939, STANDALONE=38791], networkLocation: /default-rack, certSerialId: null, persistedOpState: IN_SERVICE, persistedOpStateExpiryEpochSec: 0}, 1bb9cbb4-eec0-4324-8de7-fca776b53f2b{ip: 10.1.0.56, host: fv-az180-400.aibneqh1mxpuhl3tnnuy2ifbce.bx.internal.cloudapp.net, ports: [REPLICATION=45141, RATIS=44667, RATIS_ADMIN=44667, RATIS_SERVER=44667, STANDALONE=45879], networkLocation: /default-rack, certSerialId: null, persistedOpState: IN_SERVICE, persistedOpStateExpiryEpochSec: 0}, 961e98b4-0515-4e33-9a5e-b87989e0967c{ip: 10.1.0.56, host: fv-az180-400.aibneqh1mxpuhl3tnnuy2ifbce.bx.internal.cloudapp.net, ports: [REPLICATION=32803, RATIS=45547, RATIS_ADMIN=45547, RATIS_SERVER=45547, STANDALONE=33243], networkLocation: /default-rack, certSerialId: null, persistedOpState: IN_SERVICE, persistedOpStateExpiryEpochSec: 0}, a36f0c9e-34c7-41e1-90e2-5c691522fdfd{ip: 10.1.0.56, host: fv-az180-400.aibneqh1mxpuhl3tnnuy2ifbce.bx.internal.cloudapp.net, ports: [REPLICATION=43001, RATIS=35103, RATIS_ADMIN=35103, RATIS_SERVER=35103, STANDALONE=34509], networkLocation: /default-rack, certSerialId: null, persistedOpState: IN_SERVICE, persistedOpStateExpiryEpochSec: 0}, a49fbcfb-f7dc-4282-aec4-a4f9f3e2b5ab{ip: 10.1.0.56, host: fv-az180-400.aibneqh1mxpuhl3tnnuy2ifbce.bx.internal.cloudapp.net, ports: [REPLICATION=41799, RATIS=37955, RATIS_ADMIN=37955, RATIS_SERVER=37955, STANDALONE=46377], networkLocation: /default-rack, certSerialId: null, persistedOpState: null, persistedOpStateExpiryEpochSec: 0}]"  ancestorGen="0").
2022-11-18 13:06:08,493 [Under Replicated Processor] WARN  net.NetworkTopologyImpl (NetworkTopologyImpl.java:chooseNodeInternal(653)) - No available node in (scope="/default-rack" excludedScope="null" excludedNodes="[8ad84362-fca3-4a94-b029-55aaea538166{ip: 10.1.0.56, host: fv-az180-400.aibneqh1mxpuhl3tnnuy2ifbce.bx.internal.cloudapp.net, ports: [REPLICATION=45785, RATIS=38939, RATIS_ADMIN=38939, RATIS_SERVER=38939, STANDALONE=38791], networkLocation: /default-rack, certSerialId: null, persistedOpState: IN_SERVICE, persistedOpStateExpiryEpochSec: 0}, 1bb9cbb4-eec0-4324-8de7-fca776b53f2b{ip: 10.1.0.56, host: fv-az180-400.aibneqh1mxpuhl3tnnuy2ifbce.bx.internal.cloudapp.net, ports: [REPLICATION=45141, RATIS=44667, RATIS_ADMIN=44667, RATIS_SERVER=44667, STANDALONE=45879], networkLocation: /default-rack, certSerialId: null, persistedOpState: IN_SERVICE, persistedOpStateExpiryEpochSec: 0}, 961e98b4-0515-4e33-9a5e-b87989e0967c{ip: 10.1.0.56, host: fv-az180-400.aibneqh1mxpuhl3tnnuy2ifbce.bx.internal.cloudapp.net, ports: [REPLICATION=32803, RATIS=45547, RATIS_ADMIN=45547, RATIS_SERVER=45547, STANDALONE=33243], networkLocation: /default-rack, certSerialId: null, persistedOpState: IN_SERVICE, persistedOpStateExpiryEpochSec: 0}, a36f0c9e-34c7-41e1-90e2-5c691522fdfd{ip: 10.1.0.56, host: fv-az180-400.aibneqh1mxpuhl3tnnuy2ifbce.bx.internal.cloudapp.net, ports: [REPLICATION=43001, RATIS=35103, RATIS_ADMIN=35103, RATIS_SERVER=35103, STANDALONE=34509], networkLocation: /default-rack, certSerialId: null, persistedOpState: IN_SERVICE, persistedOpStateExpiryEpochSec: 0}, a49fbcfb-f7dc-4282-aec4-a4f9f3e2b5ab{ip: 10.1.0.56, host: fv-az180-400.aibneqh1mxpuhl3tnnuy2ifbce.bx.internal.cloudapp.net, ports: [REPLICATION=41799, RATIS=37955, RATIS_ADMIN=37955, RATIS_SERVER=37955, STANDALONE=46377], networkLocation: /default-rack, certSerialId: null, persistedOpState: null, persistedOpStateExpiryEpochSec: 0}]"  ancestorGen="0").
2022-11-18 13:06:08,493 [Under Replicated Processor] WARN  net.NetworkTopologyImpl (NetworkTopologyImpl.java:chooseNodeInternal(653)) - No available node in (scope="/default-rack" excludedScope="null" excludedNodes="[8ad84362-fca3-4a94-b029-55aaea538166{ip: 10.1.0.56, host: fv-az180-400.aibneqh1mxpuhl3tnnuy2ifbce.bx.internal.cloudapp.net, ports: [REPLICATION=45785, RATIS=38939, RATIS_ADMIN=38939, RATIS_SERVER=38939, STANDALONE=38791], networkLocation: /default-rack, certSerialId: null, persistedOpState: IN_SERVICE, persistedOpStateExpiryEpochSec: 0}, 1bb9cbb4-eec0-4324-8de7-fca776b53f2b{ip: 10.1.0.56, host: fv-az180-400.aibneqh1mxpuhl3tnnuy2ifbce.bx.internal.cloudapp.net, ports: [REPLICATION=45141, RATIS=44667, RATIS_ADMIN=44667, RATIS_SERVER=44667, STANDALONE=45879], networkLocation: /default-rack, certSerialId: null, persistedOpState: IN_SERVICE, persistedOpStateExpiryEpochSec: 0}, 961e98b4-0515-4e33-9a5e-b87989e0967c{ip: 10.1.0.56, host: fv-az180-400.aibneqh1mxpuhl3tnnuy2ifbce.bx.internal.cloudapp.net, ports: [REPLICATION=32803, RATIS=45547, RATIS_ADMIN=45547, RATIS_SERVER=45547, STANDALONE=33243], networkLocation: /default-rack, certSerialId: null, persistedOpState: IN_SERVICE, persistedOpStateExpiryEpochSec: 0}, a36f0c9e-34c7-41e1-90e2-5c691522fdfd{ip: 10.1.0.56, host: fv-az180-400.aibneqh1mxpuhl3tnnuy2ifbce.bx.internal.cloudapp.net, ports: [REPLICATION=43001, RATIS=35103, RATIS_ADMIN=35103, RATIS_SERVER=35103, STANDALONE=34509], networkLocation: /default-rack, certSerialId: null, persistedOpState: IN_SERVICE, persistedOpStateExpiryEpochSec: 0}, a49fbcfb-f7dc-4282-aec4-a4f9f3e2b5ab{ip: 10.1.0.56, host: fv-az180-400.aibneqh1mxpuhl3tnnuy2ifbce.bx.internal.cloudapp.net, ports: [REPLICATION=41799, RATIS=37955, RATIS_ADMIN=37955, RATIS_SERVER=37955, STANDALONE=46377], networkLocation: /default-rack, certSerialId: null, persistedOpState: null, persistedOpStateExpiryEpochSec: 0}]"  ancestorGen="0").
2022-11-18 13:06:08,493 [Under Replicated Processor] WARN  net.NetworkTopologyImpl (NetworkTopologyImpl.java:chooseNodeInternal(653)) - No available node in (scope="/default-rack" excludedScope="null" excludedNodes="[8ad84362-fca3-4a94-b029-55aaea538166{ip: 10.1.0.56, host: fv-az180-400.aibneqh1mxpuhl3tnnuy2ifbce.bx.internal.cloudapp.net, ports: [REPLICATION=45785, RATIS=38939, RATIS_ADMIN=38939, RATIS_SERVER=38939, STANDALONE=38791], networkLocation: /default-rack, certSerialId: null, persistedOpState: IN_SERVICE, persistedOpStateExpiryEpochSec: 0}, 1bb9cbb4-eec0-4324-8de7-fca776b53f2b{ip: 10.1.0.56, host: fv-az180-400.aibneqh1mxpuhl3tnnuy2ifbce.bx.internal.cloudapp.net, ports: [REPLICATION=45141, RATIS=44667, RATIS_ADMIN=44667, RATIS_SERVER=44667, STANDALONE=45879], networkLocation: /default-rack, certSerialId: null, persistedOpState: IN_SERVICE, persistedOpStateExpiryEpochSec: 0}, 961e98b4-0515-4e33-9a5e-b87989e0967c{ip: 10.1.0.56, host: fv-az180-400.aibneqh1mxpuhl3tnnuy2ifbce.bx.internal.cloudapp.net, ports: [REPLICATION=32803, RATIS=45547, RATIS_ADMIN=45547, RATIS_SERVER=45547, STANDALONE=33243], networkLocation: /default-rack, certSerialId: null, persistedOpState: IN_SERVICE, persistedOpStateExpiryEpochSec: 0}, a36f0c9e-34c7-41e1-90e2-5c691522fdfd{ip: 10.1.0.56, host: fv-az180-400.aibneqh1mxpuhl3tnnuy2ifbce.bx.internal.cloudapp.net, ports: [REPLICATION=43001, RATIS=35103, RATIS_ADMIN=35103, RATIS_SERVER=35103, STANDALONE=34509], networkLocation: /default-rack, certSerialId: null, persistedOpState: IN_SERVICE, persistedOpStateExpiryEpochSec: 0}, a49fbcfb-f7dc-4282-aec4-a4f9f3e2b5ab{ip: 10.1.0.56, host: fv-az180-400.aibneqh1mxpuhl3tnnuy2ifbce.bx.internal.cloudapp.net, ports: [REPLICATION=41799, RATIS=37955, RATIS_ADMIN=37955, RATIS_SERVER=37955, STANDALONE=46377], networkLocation: /default-rack, certSerialId: null, persistedOpState: null, persistedOpStateExpiryEpochSec: 0}]"  ancestorGen="0").
2022-11-18 13:06:08,493 [Under Replicated Processor] INFO  algorithms.SCMContainerPlacementRackScatter (SCMContainerPlacementRackScatter.java:chooseNode(379)) - No satisfied datanode to meet the constraints. Metadatadata size required: 0 Data size required: 5368709120, scope /default-rack, excluded nodes [8ad84362-fca3-4a94-b029-55aaea538166{ip: 10.1.0.56, host: fv-az180-400.aibneqh1mxpuhl3tnnuy2ifbce.bx.internal.cloudapp.net, ports: [REPLICATION=45785, RATIS=38939, RATIS_ADMIN=38939, RATIS_SERVER=38939, STANDALONE=38791], networkLocation: /default-rack, certSerialId: null, persistedOpState: IN_SERVICE, persistedOpStateExpiryEpochSec: 0}, 1bb9cbb4-eec0-4324-8de7-fca776b53f2b{ip: 10.1.0.56, host: fv-az180-400.aibneqh1mxpuhl3tnnuy2ifbce.bx.internal.cloudapp.net, ports: [REPLICATION=45141, RATIS=44667, RATIS_ADMIN=44667, RATIS_SERVER=44667, STANDALONE=45879], networkLocation: /default-rack, certSerialId: null, persistedOpState: IN_SERVICE, persistedOpStateExpiryEpochSec: 0}, 961e98b4-0515-4e33-9a5e-b87989e0967c{ip: 10.1.0.56, host: fv-az180-400.aibneqh1mxpuhl3tnnuy2ifbce.bx.internal.cloudapp.net, ports: [REPLICATION=32803, RATIS=45547, RATIS_ADMIN=45547, RATIS_SERVER=45547, STANDALONE=33243], networkLocation: /default-rack, certSerialId: null, persistedOpState: IN_SERVICE, persistedOpStateExpiryEpochSec: 0}, a36f0c9e-34c7-41e1-90e2-5c691522fdfd{ip: 10.1.0.56, host: fv-az180-400.aibneqh1mxpuhl3tnnuy2ifbce.bx.internal.cloudapp.net, ports: [REPLICATION=43001, RATIS=35103, RATIS_ADMIN=35103, RATIS_SERVER=35103, STANDALONE=34509], networkLocation: /default-rack, certSerialId: null, persistedOpState: IN_SERVICE, persistedOpStateExpiryEpochSec: 0}, a49fbcfb-f7dc-4282-aec4-a4f9f3e2b5ab{ip: 10.1.0.56, host: fv-az180-400.aibneqh1mxpuhl3tnnuy2ifbce.bx.internal.cloudapp.net, ports: [REPLICATION=41799, RATIS=37955, RATIS_ADMIN=37955, RATIS_SERVER=37955, STANDALONE=46377], networkLocation: /default-rack, certSerialId: null, persistedOpState: null, persistedOpStateExpiryEpochSec: 0}]
2022-11-18 13:06:08,493 [Under Replicated Processor] WARN  algorithms.SCMContainerPlacementRackScatter (SCMContainerPlacementRackScatter.java:chooseDatanodesInternal(281)) - Placement policy could not choose the enough nodes from available racks. Chosen nodes size from Unique Racks: 0, but required nodes to choose from Unique Racks: 1 do not match. Available racks count: 1, Excluded nodes count: 4
2022-11-18 13:06:08,493 [Under Replicated Processor] WARN  replication.ECUnderReplicationHandler (ECUnderReplicationHandler.java:processAndCreateCommands(252)) - Exception while processing for creating the EC reconstruction container commands for #8.
org.apache.hadoop.hdds.scm.exceptions.SCMException: Chosen nodes size from Unique Racks: 0, but required nodes to choose from Unique Racks: 1 do not match.
	at org.apache.hadoop.hdds.scm.container.placement.algorithms.SCMContainerPlacementRackScatter.chooseDatanodesInternal(SCMContainerPlacementRackScatter.java:286)
	at org.apache.hadoop.hdds.scm.SCMCommonPlacementPolicy.chooseDatanodes(SCMCommonPlacementPolicy.java:175)
	at org.apache.hadoop.hdds.scm.SCMCommonPlacementPolicy.chooseDatanodes(SCMCommonPlacementPolicy.java:117)
	at org.apache.hadoop.hdds.scm.container.replication.ECUnderReplicationHandler.getTargetDatanodes(ECUnderReplicationHandler.java:303)
	at org.apache.hadoop.hdds.scm.container.replication.ECUnderReplicationHandler.processAndCreateCommands(ECUnderReplicationHandler.java:186)
	at org.apache.hadoop.hdds.scm.container.replication.ReplicationManager.processUnderReplicatedContainer(ReplicationManager.java:483)
	at org.apache.hadoop.hdds.scm.container.replication.UnderReplicatedProcessor.processContainer(UnderReplicatedProcessor.java:99)
	at org.apache.hadoop.hdds.scm.container.replication.UnderReplicatedProcessor.processAll(UnderReplicatedProcessor.java:83)
	at org.apache.hadoop.hdds.scm.container.replication.UnderReplicatedProcessor.run(UnderReplicatedProcessor.java:144)
	at java.lang.Thread.run(Thread.java:750)
2022-11-18 13:06:08,503 [Under Replicated Processor] ERROR replication.UnderReplicatedProcessor (UnderReplicatedProcessor.java:processAll(86)) - Error processing under replicated container ContainerInfo{id=#8, state=CLOSED, pipelineID=PipelineID=67e84420-6fe2-43b6-bc4f-8bf4477b66f2, stateEnterTime=2022-11-18T13:05:28.764Z, owner=om1}
org.apache.hadoop.hdds.scm.exceptions.SCMException: Chosen nodes size from Unique Racks: 0, but required nodes to choose from Unique Racks: 1 do not match.
	at org.apache.hadoop.hdds.scm.container.placement.algorithms.SCMContainerPlacementRackScatter.chooseDatanodesInternal(SCMContainerPlacementRackScatter.java:286)
	at org.apache.hadoop.hdds.scm.SCMCommonPlacementPolicy.chooseDatanodes(SCMCommonPlacementPolicy.java:175)
	at org.apache.hadoop.hdds.scm.SCMCommonPlacementPolicy.chooseDatanodes(SCMCommonPlacementPolicy.java:117)
	at org.apache.hadoop.hdds.scm.container.replication.ECUnderReplicationHandler.getTargetDatanodes(ECUnderReplicationHandler.java:303)
	at org.apache.hadoop.hdds.scm.container.replication.ECUnderReplicationHandler.processAndCreateCommands(ECUnderReplicationHandler.java:186)
	at org.apache.hadoop.hdds.scm.container.replication.ReplicationManager.processUnderReplicatedContainer(ReplicationManager.java:483)
	at org.apache.hadoop.hdds.scm.container.replication.UnderReplicatedProcessor.processContainer(UnderReplicatedProcessor.java:99)
	at org.apache.hadoop.hdds.scm.container.replication.UnderReplicatedProcessor.processAll(UnderReplicatedProcessor.java:83)
	at org.apache.hadoop.hdds.scm.container.replication.UnderReplicatedProcessor.run(UnderReplicatedProcessor.java:144)
	at java.lang.Thread.run(Thread.java:750)
2022-11-18 13:06:08,504 [Under Replicated Processor] WARN  net.NetworkTopologyImpl (NetworkTopologyImpl.java:chooseNodeInternal(653)) - No available node in (scope="/default-rack" excludedScope="null" excludedNodes="[8ad84362-fca3-4a94-b029-55aaea538166{ip: 10.1.0.56, host: fv-az180-400.aibneqh1mxpuhl3tnnuy2ifbce.bx.internal.cloudapp.net, ports: [REPLICATION=45785, RATIS=38939, RATIS_ADMIN=38939, RATIS_SERVER=38939, STANDALONE=38791], networkLocation: /default-rack, certSerialId: null, persistedOpState: IN_SERVICE, persistedOpStateExpiryEpochSec: 0}, 1bb9cbb4-eec0-4324-8de7-fca776b53f2b{ip: 10.1.0.56, host: fv-az180-400.aibneqh1mxpuhl3tnnuy2ifbce.bx.internal.cloudapp.net, ports: [REPLICATION=45141, RATIS=44667, RATIS_ADMIN=44667, RATIS_SERVER=44667, STANDALONE=45879], networkLocation: /default-rack, certSerialId: null, persistedOpState: IN_SERVICE, persistedOpStateExpiryEpochSec: 0}, 961e98b4-0515-4e33-9a5e-b87989e0967c{ip: 10.1.0.56, host: fv-az180-400.aibneqh1mxpuhl3tnnuy2ifbce.bx.internal.cloudapp.net, ports: [REPLICATION=32803, RATIS=45547, RATIS_ADMIN=45547, RATIS_SERVER=45547, STANDALONE=33243], networkLocation: /default-rack, certSerialId: null, persistedOpState: IN_SERVICE, persistedOpStateExpiryEpochSec: 0}, a36f0c9e-34c7-41e1-90e2-5c691522fdfd{ip: 10.1.0.56, host: fv-az180-400.aibneqh1mxpuhl3tnnuy2ifbce.bx.internal.cloudapp.net, ports: [REPLICATION=43001, RATIS=35103, RATIS_ADMIN=35103, RATIS_SERVER=35103, STANDALONE=34509], networkLocation: /default-rack, certSerialId: null, persistedOpState: IN_SERVICE, persistedOpStateExpiryEpochSec: 0}, a49fbcfb-f7dc-4282-aec4-a4f9f3e2b5ab{ip: 10.1.0.56, host: fv-az180-400.aibneqh1mxpuhl3tnnuy2ifbce.bx.internal.cloudapp.net, ports: [REPLICATION=41799, RATIS=37955, RATIS_ADMIN=37955, RATIS_SERVER=37955, STANDALONE=46377], networkLocation: /default-rack, certSerialId: null, persistedOpState: null, persistedOpStateExpiryEpochSec: 0}]"  ancestorGen="0").
2022-11-18 13:06:08,504 [Under Replicated Processor] WARN  net.NetworkTopologyImpl (NetworkTopologyImpl.java:chooseNodeInternal(653)) - No available node in (scope="/default-rack" excludedScope="null" excludedNodes="[8ad84362-fca3-4a94-b029-55aaea538166{ip: 10.1.0.56, host: fv-az180-400.aibneqh1mxpuhl3tnnuy2ifbce.bx.internal.cloudapp.net, ports: [REPLICATION=45785, RATIS=38939, RATIS_ADMIN=38939, RATIS_SERVER=38939, STANDALONE=38791], networkLocation: /default-rack, certSerialId: null, persistedOpState: IN_SERVICE, persistedOpStateExpiryEpochSec: 0}, 1bb9cbb4-eec0-4324-8de7-fca776b53f2b{ip: 10.1.0.56, host: fv-az180-400.aibneqh1mxpuhl3tnnuy2ifbce.bx.internal.cloudapp.net, ports: [REPLICATION=45141, RATIS=44667, RATIS_ADMIN=44667, RATIS_SERVER=44667, STANDALONE=45879], networkLocation: /default-rack, certSerialId: null, persistedOpState: IN_SERVICE, persistedOpStateExpiryEpochSec: 0}, 961e98b4-0515-4e33-9a5e-b87989e0967c{ip: 10.1.0.56, host: fv-az180-400.aibneqh1mxpuhl3tnnuy2ifbce.bx.internal.cloudapp.net, ports: [REPLICATION=32803, RATIS=45547, RATIS_ADMIN=45547, RATIS_SERVER=45547, STANDALONE=33243], networkLocation: /default-rack, certSerialId: null, persistedOpState: IN_SERVICE, persistedOpStateExpiryEpochSec: 0}, a36f0c9e-34c7-41e1-90e2-5c691522fdfd{ip: 10.1.0.56, host: fv-az180-400.aibneqh1mxpuhl3tnnuy2ifbce.bx.internal.cloudapp.net, ports: [REPLICATION=43001, RATIS=35103, RATIS_ADMIN=35103, RATIS_SERVER=35103, STANDALONE=34509], networkLocation: /default-rack, certSerialId: null, persistedOpState: IN_SERVICE, persistedOpStateExpiryEpochSec: 0}, a49fbcfb-f7dc-4282-aec4-a4f9f3e2b5ab{ip: 10.1.0.56, host: fv-az180-400.aibneqh1mxpuhl3tnnuy2ifbce.bx.internal.cloudapp.net, ports: [REPLICATION=41799, RATIS=37955, RATIS_ADMIN=37955, RATIS_SERVER=37955, STANDALONE=46377], networkLocation: /default-rack, certSerialId: null, persistedOpState: null, persistedOpStateExpiryEpochSec: 0}]"  ancestorGen="0").
2022-11-18 13:06:08,504 [Under Replicated Processor] WARN  net.NetworkTopologyImpl (NetworkTopologyImpl.java:chooseNodeInternal(653)) - No available node in (scope="/default-rack" excludedScope="null" excludedNodes="[8ad84362-fca3-4a94-b029-55aaea538166{ip: 10.1.0.56, host: fv-az180-400.aibneqh1mxpuhl3tnnuy2ifbce.bx.internal.cloudapp.net, ports: [REPLICATION=45785, RATIS=38939, RATIS_ADMIN=38939, RATIS_SERVER=38939, STANDALONE=38791], networkLocation: /default-rack, certSerialId: null, persistedOpState: IN_SERVICE, persistedOpStateExpiryEpochSec: 0}, 1bb9cbb4-eec0-4324-8de7-fca776b53f2b{ip: 10.1.0.56, host: fv-az180-400.aibneqh1mxpuhl3tnnuy2ifbce.bx.internal.cloudapp.net, ports: [REPLICATION=45141, RATIS=44667, RATIS_ADMIN=44667, RATIS_SERVER=44667, STANDALONE=45879], networkLocation: /default-rack, certSerialId: null, persistedOpState: IN_SERVICE, persistedOpStateExpiryEpochSec: 0}, 961e98b4-0515-4e33-9a5e-b87989e0967c{ip: 10.1.0.56, host: fv-az180-400.aibneqh1mxpuhl3tnnuy2ifbce.bx.internal.cloudapp.net, ports: [REPLICATION=32803, RATIS=45547, RATIS_ADMIN=45547, RATIS_SERVER=45547, STANDALONE=33243], networkLocation: /default-rack, certSerialId: null, persistedOpState: IN_SERVICE, persistedOpStateExpiryEpochSec: 0}, a36f0c9e-34c7-41e1-90e2-5c691522fdfd{ip: 10.1.0.56, host: fv-az180-400.aibneqh1mxpuhl3tnnuy2ifbce.bx.internal.cloudapp.net, ports: [REPLICATION=43001, RATIS=35103, RATIS_ADMIN=35103, RATIS_SERVER=35103, STANDALONE=34509], networkLocation: /default-rack, certSerialId: null, persistedOpState: IN_SERVICE, persistedOpStateExpiryEpochSec: 0}, a49fbcfb-f7dc-4282-aec4-a4f9f3e2b5ab{ip: 10.1.0.56, host: fv-az180-400.aibneqh1mxpuhl3tnnuy2ifbce.bx.internal.cloudapp.net, ports: [REPLICATION=41799, RATIS=37955, RATIS_ADMIN=37955, RATIS_SERVER=37955, STANDALONE=46377], networkLocation: /default-rack, certSerialId: null, persistedOpState: null, persistedOpStateExpiryEpochSec: 0}]"  ancestorGen="0").
2022-11-18 13:06:08,504 [Under Replicated Processor] WARN  net.NetworkTopologyImpl (NetworkTopologyImpl.java:chooseNodeInternal(653)) - No available node in (scope="/default-rack" excludedScope="null" excludedNodes="[8ad84362-fca3-4a94-b029-55aaea538166{ip: 10.1.0.56, host: fv-az180-400.aibneqh1mxpuhl3tnnuy2ifbce.bx.internal.cloudapp.net, ports: [REPLICATION=45785, RATIS=38939, RATIS_ADMIN=38939, RATIS_SERVER=38939, STANDALONE=38791], networkLocation: /default-rack, certSerialId: null, persistedOpState: IN_SERVICE, persistedOpStateExpiryEpochSec: 0}, 1bb9cbb4-eec0-4324-8de7-fca776b53f2b{ip: 10.1.0.56, host: fv-az180-400.aibneqh1mxpuhl3tnnuy2ifbce.bx.internal.cloudapp.net, ports: [REPLICATION=45141, RATIS=44667, RATIS_ADMIN=44667, RATIS_SERVER=44667, STANDALONE=45879], networkLocation: /default-rack, certSerialId: null, persistedOpState: IN_SERVICE, persistedOpStateExpiryEpochSec: 0}, 961e98b4-0515-4e33-9a5e-b87989e0967c{ip: 10.1.0.56, host: fv-az180-400.aibneqh1mxpuhl3tnnuy2ifbce.bx.internal.cloudapp.net, ports: [REPLICATION=32803, RATIS=45547, RATIS_ADMIN=45547, RATIS_SERVER=45547, STANDALONE=33243], networkLocation: /default-rack, certSerialId: null, persistedOpState: IN_SERVICE, persistedOpStateExpiryEpochSec: 0}, a36f0c9e-34c7-41e1-90e2-5c691522fdfd{ip: 10.1.0.56, host: fv-az180-400.aibneqh1mxpuhl3tnnuy2ifbce.bx.internal.cloudapp.net, ports: [REPLICATION=43001, RATIS=35103, RATIS_ADMIN=35103, RATIS_SERVER=35103, STANDALONE=34509], networkLocation: /default-rack, certSerialId: null, persistedOpState: IN_SERVICE, persistedOpStateExpiryEpochSec: 0}, a49fbcfb-f7dc-4282-aec4-a4f9f3e2b5ab{ip: 10.1.0.56, host: fv-az180-400.aibneqh1mxpuhl3tnnuy2ifbce.bx.internal.cloudapp.net, ports: [REPLICATION=41799, RATIS=37955, RATIS_ADMIN=37955, RATIS_SERVER=37955, STANDALONE=46377], networkLocation: /default-rack, certSerialId: null, persistedOpState: null, persistedOpStateExpiryEpochSec: 0}]"  ancestorGen="0").
2022-11-18 13:06:08,504 [Under Replicated Processor] INFO  algorithms.SCMContainerPlacementRackScatter (SCMContainerPlacementRackScatter.java:chooseNode(379)) - No satisfied datanode to meet the constraints. Metadatadata size required: 0 Data size required: 5368709120, scope /default-rack, excluded nodes [8ad84362-fca3-4a94-b029-55aaea538166{ip: 10.1.0.56, host: fv-az180-400.aibneqh1mxpuhl3tnnuy2ifbce.bx.internal.cloudapp.net, ports: [REPLICATION=45785, RATIS=38939, RATIS_ADMIN=38939, RATIS_SERVER=38939, STANDALONE=38791], networkLocation: /default-rack, certSerialId: null, persistedOpState: IN_SERVICE, persistedOpStateExpiryEpochSec: 0}, 1bb9cbb4-eec0-4324-8de7-fca776b53f2b{ip: 10.1.0.56, host: fv-az180-400.aibneqh1mxpuhl3tnnuy2ifbce.bx.internal.cloudapp.net, ports: [REPLICATION=45141, RATIS=44667, RATIS_ADMIN=44667, RATIS_SERVER=44667, STANDALONE=45879], networkLocation: /default-rack, certSerialId: null, persistedOpState: IN_SERVICE, persistedOpStateExpiryEpochSec: 0}, 961e98b4-0515-4e33-9a5e-b87989e0967c{ip: 10.1.0.56, host: fv-az180-400.aibneqh1mxpuhl3tnnuy2ifbce.bx.internal.cloudapp.net, ports: [REPLICATION=32803, RATIS=45547, RATIS_ADMIN=45547, RATIS_SERVER=45547, STANDALONE=33243], networkLocation: /default-rack, certSerialId: null, persistedOpState: IN_SERVICE, persistedOpStateExpiryEpochSec: 0}, a36f0c9e-34c7-41e1-90e2-5c691522fdfd{ip: 10.1.0.56, host: fv-az180-400.aibneqh1mxpuhl3tnnuy2ifbce.bx.internal.cloudapp.net, ports: [REPLICATION=43001, RATIS=35103, RATIS_ADMIN=35103, RATIS_SERVER=35103, STANDALONE=34509], networkLocation: /default-rack, certSerialId: null, persistedOpState: IN_SERVICE, persistedOpStateExpiryEpochSec: 0}, a49fbcfb-f7dc-4282-aec4-a4f9f3e2b5ab{ip: 10.1.0.56, host: fv-az180-400.aibneqh1mxpuhl3tnnuy2ifbce.bx.internal.cloudapp.net, ports: [REPLICATION=41799, RATIS=37955, RATIS_ADMIN=37955, RATIS_SERVER=37955, STANDALONE=46377], networkLocation: /default-rack, certSerialId: null, persistedOpState: null, persistedOpStateExpiryEpochSec: 0}]
2022-11-18 13:06:08,504 [Under Replicated Processor] WARN  algorithms.SCMContainerPlacementRackScatter (SCMContainerPlacementRackScatter.java:chooseDatanodesInternal(281)) - Placement policy could not choose the enough nodes from available racks. Chosen nodes size from Unique Racks: 0, but required nodes to choose from Unique Racks: 1 do not match. Available racks count: 1, Excluded nodes count: 4
2022-11-18 13:06:08,504 [Under Replicated Processor] WARN  replication.ECUnderReplicationHandler (ECUnderReplicationHandler.java:processAndCreateCommands(252)) - Exception while processing for creating the EC reconstruction container commands for #8.
org.apache.hadoop.hdds.scm.exceptions.SCMException: Chosen nodes size from Unique Racks: 0, but required nodes to choose from Unique Racks: 1 do not match.
	at org.apache.hadoop.hdds.scm.container.placement.algorithms.SCMContainerPlacementRackScatter.chooseDatanodesInternal(SCMContainerPlacementRackScatter.java:286)
	at org.apache.hadoop.hdds.scm.SCMCommonPlacementPolicy.chooseDatanodes(SCMCommonPlacementPolicy.java:175)
	at org.apache.hadoop.hdds.scm.SCMCommonPlacementPolicy.chooseDatanodes(SCMCommonPlacementPolicy.java:117)
	at org.apache.hadoop.hdds.scm.container.replication.ECUnderReplicationHandler.getTargetDatanodes(ECUnderReplicationHandler.java:303)
	at org.apache.hadoop.hdds.scm.container.replication.ECUnderReplicationHandler.processAndCreateCommands(ECUnderReplicationHandler.java:186)
	at org.apache.hadoop.hdds.scm.container.replication.ReplicationManager.processUnderReplicatedContainer(ReplicationManager.java:483)
	at org.apache.hadoop.hdds.scm.container.replication.UnderReplicatedProcessor.processContainer(UnderReplicatedProcessor.java:99)
	at org.apache.hadoop.hdds.scm.container.replication.UnderReplicatedProcessor.processAll(UnderReplicatedProcessor.java:83)
	at org.apache.hadoop.hdds.scm.container.replication.UnderReplicatedProcessor.run(UnderReplicatedProcessor.java:144)
	at java.lang.Thread.run(Thread.java:750)
2022-11-18 13:06:08,504 [Under Replicated Processor] ERROR replication.UnderReplicatedProcessor (UnderReplicatedProcessor.java:processAll(86)) - Error processing under replicated container ContainerInfo{id=#8, state=CLOSED, pipelineID=PipelineID=67e84420-6fe2-43b6-bc4f-8bf4477b66f2, stateEnterTime=2022-11-18T13:05:28.764Z, owner=om1}
org.apache.hadoop.hdds.scm.exceptions.SCMException: Chosen nodes size from Unique Racks: 0, but required nodes to choose from Unique Racks: 1 do not match.
	at org.apache.hadoop.hdds.scm.container.placement.algorithms.SCMContainerPlacementRackScatter.chooseDatanodesInternal(SCMContainerPlacementRackScatter.java:286)
	at org.apache.hadoop.hdds.scm.SCMCommonPlacementPolicy.chooseDatanodes(SCMCommonPlacementPolicy.java:175)
	at org.apache.hadoop.hdds.scm.SCMCommonPlacementPolicy.chooseDatanodes(SCMCommonPlacementPolicy.java:117)
	at org.apache.hadoop.hdds.scm.container.replication.ECUnderReplicationHandler.getTargetDatanodes(ECUnderReplicationHandler.java:303)
	at org.apache.hadoop.hdds.scm.container.replication.ECUnderReplicationHandler.processAndCreateCommands(ECUnderReplicationHandler.java:186)
	at org.apache.hadoop.hdds.scm.container.replication.ReplicationManager.processUnderReplicatedContainer(ReplicationManager.java:483)
	at org.apache.hadoop.hdds.scm.container.replication.UnderReplicatedProcessor.processContainer(UnderReplicatedProcessor.java:99)
	at org.apache.hadoop.hdds.scm.container.replication.UnderReplicatedProcessor.processAll(UnderReplicatedProcessor.java:83)
	at org.apache.hadoop.hdds.scm.container.replication.UnderReplicatedProcessor.run(UnderReplicatedProcessor.java:144)
	at java.lang.Thread.run(Thread.java:750)
2022-11-18 13:06:08,505 [Under Replicated Processor] WARN  net.NetworkTopologyImpl (NetworkTopologyImpl.java:chooseNodeInternal(653)) - No available node in (scope="/default-rack" excludedScope="null" excludedNodes="[8ad84362-fca3-4a94-b029-55aaea538166{ip: 10.1.0.56, host: fv-az180-400.aibneqh1mxpuhl3tnnuy2ifbce.bx.internal.cloudapp.net, ports: [REPLICATION=45785, RATIS=38939, RATIS_ADMIN=38939, RATIS_SERVER=38939, STANDALONE=38791], networkLocation: /default-rack, certSerialId: null, persistedOpState: IN_SERVICE, persistedOpStateExpiryEpochSec: 0}, 1bb9cbb4-eec0-4324-8de7-fca776b53f2b{ip: 10.1.0.56, host: fv-az180-400.aibneqh1mxpuhl3tnnuy2ifbce.bx.internal.cloudapp.net, ports: [REPLICATION=45141, RATIS=44667, RATIS_ADMIN=44667, RATIS_SERVER=44667, STANDALONE=45879], networkLocation: /default-rack, certSerialId: null, persistedOpState: IN_SERVICE, persistedOpStateExpiryEpochSec: 0}, 961e98b4-0515-4e33-9a5e-b87989e0967c{ip: 10.1.0.56, host: fv-az180-400.aibneqh1mxpuhl3tnnuy2ifbce.bx.internal.cloudapp.net, ports: [REPLICATION=32803, RATIS=45547, RATIS_ADMIN=45547, RATIS_SERVER=45547, STANDALONE=33243], networkLocation: /default-rack, certSerialId: null, persistedOpState: IN_SERVICE, persistedOpStateExpiryEpochSec: 0}, a36f0c9e-34c7-41e1-90e2-5c691522fdfd{ip: 10.1.0.56, host: fv-az180-400.aibneqh1mxpuhl3tnnuy2ifbce.bx.internal.cloudapp.net, ports: [REPLICATION=43001, RATIS=35103, RATIS_ADMIN=35103, RATIS_SERVER=35103, STANDALONE=34509], networkLocation: /default-rack, certSerialId: null, persistedOpState: IN_SERVICE, persistedOpStateExpiryEpochSec: 0}, a49fbcfb-f7dc-4282-aec4-a4f9f3e2b5ab{ip: 10.1.0.56, host: fv-az180-400.aibneqh1mxpuhl3tnnuy2ifbce.bx.internal.cloudapp.net, ports: [REPLICATION=41799, RATIS=37955, RATIS_ADMIN=37955, RATIS_SERVER=37955, STANDALONE=46377], networkLocation: /default-rack, certSerialId: null, persistedOpState: null, persistedOpStateExpiryEpochSec: 0}]"  ancestorGen="0").
2022-11-18 13:06:08,505 [Under Replicated Processor] WARN  net.NetworkTopologyImpl (NetworkTopologyImpl.java:chooseNodeInternal(653)) - No available node in (scope="/default-rack" excludedScope="null" excludedNodes="[8ad84362-fca3-4a94-b029-55aaea538166{ip: 10.1.0.56, host: fv-az180-400.aibneqh1mxpuhl3tnnuy2ifbce.bx.internal.cloudapp.net, ports: [REPLICATION=45785, RATIS=38939, RATIS_ADMIN=38939, RATIS_SERVER=38939, STANDALONE=38791], networkLocation: /default-rack, certSerialId: null, persistedOpState: IN_SERVICE, persistedOpStateExpiryEpochSec: 0}, 1bb9cbb4-eec0-4324-8de7-fca776b53f2b{ip: 10.1.0.56, host: fv-az180-400.aibneqh1mxpuhl3tnnuy2ifbce.bx.internal.cloudapp.net, ports: [REPLICATION=45141, RATIS=44667, RATIS_ADMIN=44667, RATIS_SERVER=44667, STANDALONE=45879], networkLocation: /default-rack, certSerialId: null, persistedOpState: IN_SERVICE, persistedOpStateExpiryEpochSec: 0}, 961e98b4-0515-4e33-9a5e-b87989e0967c{ip: 10.1.0.56, host: fv-az180-400.aibneqh1mxpuhl3tnnuy2ifbce.bx.internal.cloudapp.net, ports: [REPLICATION=32803, RATIS=45547, RATIS_ADMIN=45547, RATIS_SERVER=45547, STANDALONE=33243], networkLocation: /default-rack, certSerialId: null, persistedOpState: IN_SERVICE, persistedOpStateExpiryEpochSec: 0}, a36f0c9e-34c7-41e1-90e2-5c691522fdfd{ip: 10.1.0.56, host: fv-az180-400.aibneqh1mxpuhl3tnnuy2ifbce.bx.internal.cloudapp.net, ports: [REPLICATION=43001, RATIS=35103, RATIS_ADMIN=35103, RATIS_SERVER=35103, STANDALONE=34509], networkLocation: /default-rack, certSerialId: null, persistedOpState: IN_SERVICE, persistedOpStateExpiryEpochSec: 0}, a49fbcfb-f7dc-4282-aec4-a4f9f3e2b5ab{ip: 10.1.0.56, host: fv-az180-400.aibneqh1mxpuhl3tnnuy2ifbce.bx.internal.cloudapp.net, ports: [REPLICATION=41799, RATIS=37955, RATIS_ADMIN=37955, RATIS_SERVER=37955, STANDALONE=46377], networkLocation: /default-rack, certSerialId: null, persistedOpState: null, persistedOpStateExpiryEpochSec: 0}]"  ancestorGen="0").
2022-11-18 13:06:08,505 [Under Replicated Processor] WARN  net.NetworkTopologyImpl (NetworkTopologyImpl.java:chooseNodeInternal(653)) - No available node in (scope="/default-rack" excludedScope="null" excludedNodes="[8ad84362-fca3-4a94-b029-55aaea538166{ip: 10.1.0.56, host: fv-az180-400.aibneqh1mxpuhl3tnnuy2ifbce.bx.internal.cloudapp.net, ports: [REPLICATION=45785, RATIS=38939, RATIS_ADMIN=38939, RATIS_SERVER=38939, STANDALONE=38791], networkLocation: /default-rack, certSerialId: null, persistedOpState: IN_SERVICE, persistedOpStateExpiryEpochSec: 0}, 1bb9cbb4-eec0-4324-8de7-fca776b53f2b{ip: 10.1.0.56, host: fv-az180-400.aibneqh1mxpuhl3tnnuy2ifbce.bx.internal.cloudapp.net, ports: [REPLICATION=45141, RATIS=44667, RATIS_ADMIN=44667, RATIS_SERVER=44667, STANDALONE=45879], networkLocation: /default-rack, certSerialId: null, persistedOpState: IN_SERVICE, persistedOpStateExpiryEpochSec: 0}, 961e98b4-0515-4e33-9a5e-b87989e0967c{ip: 10.1.0.56, host: fv-az180-400.aibneqh1mxpuhl3tnnuy2ifbce.bx.internal.cloudapp.net, ports: [REPLICATION=32803, RATIS=45547, RATIS_ADMIN=45547, RATIS_SERVER=45547, STANDALONE=33243], networkLocation: /default-rack, certSerialId: null, persistedOpState: IN_SERVICE, persistedOpStateExpiryEpochSec: 0}, a36f0c9e-34c7-41e1-90e2-5c691522fdfd{ip: 10.1.0.56, host: fv-az180-400.aibneqh1mxpuhl3tnnuy2ifbce.bx.internal.cloudapp.net, ports: [REPLICATION=43001, RATIS=35103, RATIS_ADMIN=35103, RATIS_SERVER=35103, STANDALONE=34509], networkLocation: /default-rack, certSerialId: null, persistedOpState: IN_SERVICE, persistedOpStateExpiryEpochSec: 0}, a49fbcfb-f7dc-4282-aec4-a4f9f3e2b5ab{ip: 10.1.0.56, host: fv-az180-400.aibneqh1mxpuhl3tnnuy2ifbce.bx.internal.cloudapp.net, ports: [REPLICATION=41799, RATIS=37955, RATIS_ADMIN=37955, RATIS_SERVER=37955, STANDALONE=46377], networkLocation: /default-rack, certSerialId: null, persistedOpState: null, persistedOpStateExpiryEpochSec: 0}]"  ancestorGen="0").
2022-11-18 13:06:08,505 [Under Replicated Processor] WARN  net.NetworkTopologyImpl (NetworkTopologyImpl.java:chooseNodeInternal(653)) - No available node in (scope="/default-rack" excludedScope="null" excludedNodes="[8ad84362-fca3-4a94-b029-55aaea538166{ip: 10.1.0.56, host: fv-az180-400.aibneqh1mxpuhl3tnnuy2ifbce.bx.internal.cloudapp.net, ports: [REPLICATION=45785, RATIS=38939, RATIS_ADMIN=38939, RATIS_SERVER=38939, STANDALONE=38791], networkLocation: /default-rack, certSerialId: null, persistedOpState: IN_SERVICE, persistedOpStateExpiryEpochSec: 0}, 1bb9cbb4-eec0-4324-8de7-fca776b53f2b{ip: 10.1.0.56, host: fv-az180-400.aibneqh1mxpuhl3tnnuy2ifbce.bx.internal.cloudapp.net, ports: [REPLICATION=45141, RATIS=44667, RATIS_ADMIN=44667, RATIS_SERVER=44667, STANDALONE=45879], networkLocation: /default-rack, certSerialId: null, persistedOpState: IN_SERVICE, persistedOpStateExpiryEpochSec: 0}, 961e98b4-0515-4e33-9a5e-b87989e0967c{ip: 10.1.0.56, host: fv-az180-400.aibneqh1mxpuhl3tnnuy2ifbce.bx.internal.cloudapp.net, ports: [REPLICATION=32803, RATIS=45547, RATIS_ADMIN=45547, RATIS_SERVER=45547, STANDALONE=33243], networkLocation: /default-rack, certSerialId: null, persistedOpState: IN_SERVICE, persistedOpStateExpiryEpochSec: 0}, a36f0c9e-34c7-41e1-90e2-5c691522fdfd{ip: 10.1.0.56, host: fv-az180-400.aibneqh1mxpuhl3tnnuy2ifbce.bx.internal.cloudapp.net, ports: [REPLICATION=43001, RATIS=35103, RATIS_ADMIN=35103, RATIS_SERVER=35103, STANDALONE=34509], networkLocation: /default-rack, certSerialId: null, persistedOpState: IN_SERVICE, persistedOpStateExpiryEpochSec: 0}, a49fbcfb-f7dc-4282-aec4-a4f9f3e2b5ab{ip: 10.1.0.56, host: fv-az180-400.aibneqh1mxpuhl3tnnuy2ifbce.bx.internal.cloudapp.net, ports: [REPLICATION=41799, RATIS=37955, RATIS_ADMIN=37955, RATIS_SERVER=37955, STANDALONE=46377], networkLocation: /default-rack, certSerialId: null, persistedOpState: null, persistedOpStateExpiryEpochSec: 0}]"  ancestorGen="0").
2022-11-18 13:06:08,505 [Under Replicated Processor] INFO  algorithms.SCMContainerPlacementRackScatter (SCMContainerPlacementRackScatter.java:chooseNode(379)) - No satisfied datanode to meet the constraints. Metadatadata size required: 0 Data size required: 5368709120, scope /default-rack, excluded nodes [8ad84362-fca3-4a94-b029-55aaea538166{ip: 10.1.0.56, host: fv-az180-400.aibneqh1mxpuhl3tnnuy2ifbce.bx.internal.cloudapp.net, ports: [REPLICATION=45785, RATIS=38939, RATIS_ADMIN=38939, RATIS_SERVER=38939, STANDALONE=38791], networkLocation: /default-rack, certSerialId: null, persistedOpState: IN_SERVICE, persistedOpStateExpiryEpochSec: 0}, 1bb9cbb4-eec0-4324-8de7-fca776b53f2b{ip: 10.1.0.56, host: fv-az180-400.aibneqh1mxpuhl3tnnuy2ifbce.bx.internal.cloudapp.net, ports: [REPLICATION=45141, RATIS=44667, RATIS_ADMIN=44667, RATIS_SERVER=44667, STANDALONE=45879], networkLocation: /default-rack, certSerialId: null, persistedOpState: IN_SERVICE, persistedOpStateExpiryEpochSec: 0}, 961e98b4-0515-4e33-9a5e-b87989e0967c{ip: 10.1.0.56, host: fv-az180-400.aibneqh1mxpuhl3tnnuy2ifbce.bx.internal.cloudapp.net, ports: [REPLICATION=32803, RATIS=45547, RATIS_ADMIN=45547, RATIS_SERVER=45547, STANDALONE=33243], networkLocation: /default-rack, certSerialId: null, persistedOpState: IN_SERVICE, persistedOpStateExpiryEpochSec: 0}, a36f0c9e-34c7-41e1-90e2-5c691522fdfd{ip: 10.1.0.56, host: fv-az180-400.aibneqh1mxpuhl3tnnuy2ifbce.bx.internal.cloudapp.net, ports: [REPLICATION=43001, RATIS=35103, RATIS_ADMIN=35103, RATIS_SERVER=35103, STANDALONE=34509], networkLocation: /default-rack, certSerialId: null, persistedOpState: IN_SERVICE, persistedOpStateExpiryEpochSec: 0}, a49fbcfb-f7dc-4282-aec4-a4f9f3e2b5ab{ip: 10.1.0.56, host: fv-az180-400.aibneqh1mxpuhl3tnnuy2ifbce.bx.internal.cloudapp.net, ports: [REPLICATION=41799, RATIS=37955, RATIS_ADMIN=37955, RATIS_SERVER=37955, STANDALONE=46377], networkLocation: /default-rack, certSerialId: null, persistedOpState: null, persistedOpStateExpiryEpochSec: 0}]
2022-11-18 13:06:08,505 [Under Replicated Processor] WARN  algorithms.SCMContainerPlacementRackScatter (SCMContainerPlacementRackScatter.java:chooseDatanodesInternal(281)) - Placement policy could not choose the enough nodes from available racks. Chosen nodes size from Unique Racks: 0, but required nodes to choose from Unique Racks: 1 do not match. Available racks count: 1, Excluded nodes count: 4
2022-11-18 13:06:08,505 [Under Replicated Processor] WARN  replication.ECUnderReplicationHandler (ECUnderReplicationHandler.java:processAndCreateCommands(252)) - Exception while processing for creating the EC reconstruction container commands for #8.
org.apache.hadoop.hdds.scm.exceptions.SCMException: Chosen nodes size from Unique Racks: 0, but required nodes to choose from Unique Racks: 1 do not match.
	at org.apache.hadoop.hdds.scm.container.placement.algorithms.SCMContainerPlacementRackScatter.chooseDatanodesInternal(SCMContainerPlacementRackScatter.java:286)
	at org.apache.hadoop.hdds.scm.SCMCommonPlacementPolicy.chooseDatanodes(SCMCommonPlacementPolicy.java:175)
	at org.apache.hadoop.hdds.scm.SCMCommonPlacementPolicy.chooseDatanodes(SCMCommonPlacementPolicy.java:117)
	at org.apache.hadoop.hdds.scm.container.replication.ECUnderReplicationHandler.getTargetDatanodes(ECUnderReplicationHandler.java:303)
	at org.apache.hadoop.hdds.scm.container.replication.ECUnderReplicationHandler.processAndCreateCommands(ECUnderReplicationHandler.java:186)
	at org.apache.hadoop.hdds.scm.container.replication.ReplicationManager.processUnderReplicatedContainer(ReplicationManager.java:483)
	at org.apache.hadoop.hdds.scm.container.replication.UnderReplicatedProcessor.processContainer(UnderReplicatedProcessor.java:99)
	at org.apache.hadoop.hdds.scm.container.replication.UnderReplicatedProcessor.processAll(UnderReplicatedProcessor.java:83)
	at org.apache.hadoop.hdds.scm.container.replication.UnderReplicatedProcessor.run(UnderReplicatedProcessor.java:144)
	at java.lang.Thread.run(Thread.java:750)
2022-11-18 13:06:08,505 [Under Replicated Processor] ERROR replication.UnderReplicatedProcessor (UnderReplicatedProcessor.java:processAll(86)) - Error processing under replicated container ContainerInfo{id=#8, state=CLOSED, pipelineID=PipelineID=67e84420-6fe2-43b6-bc4f-8bf4477b66f2, stateEnterTime=2022-11-18T13:05:28.764Z, owner=om1}
org.apache.hadoop.hdds.scm.exceptions.SCMException: Chosen nodes size from Unique Racks: 0, but required nodes to choose from Unique Racks: 1 do not match.
	at org.apache.hadoop.hdds.scm.container.placement.algorithms.SCMContainerPlacementRackScatter.chooseDatanodesInternal(SCMContainerPlacementRackScatter.java:286)
	at org.apache.hadoop.hdds.scm.SCMCommonPlacementPolicy.chooseDatanodes(SCMCommonPlacementPolicy.java:175)
	at org.apache.hadoop.hdds.scm.SCMCommonPlacementPolicy.chooseDatanodes(SCMCommonPlacementPolicy.java:117)
	at org.apache.hadoop.hdds.scm.container.replication.ECUnderReplicationHandler.getTargetDatanodes(ECUnderReplicationHandler.java:303)
	at org.apache.hadoop.hdds.scm.container.replication.ECUnderReplicationHandler.processAndCreateCommands(ECUnderReplicationHandler.java:186)
	at org.apache.hadoop.hdds.scm.container.replication.ReplicationManager.processUnderReplicatedContainer(ReplicationManager.java:483)
	at org.apache.hadoop.hdds.scm.container.replication.UnderReplicatedProcessor.processContainer(UnderReplicatedProcessor.java:99)
	at org.apache.hadoop.hdds.scm.container.replication.UnderReplicatedProcessor.processAll(UnderReplicatedProcessor.java:83)
	at org.apache.hadoop.hdds.scm.container.replication.UnderReplicatedProcessor.run(UnderReplicatedProcessor.java:144)
	at java.lang.Thread.run(Thread.java:750)
2022-11-18 13:06:08,506 [Under Replicated Processor] WARN  net.NetworkTopologyImpl (NetworkTopologyImpl.java:chooseNodeInternal(653)) - No available node in (scope="/default-rack" excludedScope="null" excludedNodes="[8ad84362-fca3-4a94-b029-55aaea538166{ip: 10.1.0.56, host: fv-az180-400.aibneqh1mxpuhl3tnnuy2ifbce.bx.internal.cloudapp.net, ports: [REPLICATION=45785, RATIS=38939, RATIS_ADMIN=38939, RATIS_SERVER=38939, STANDALONE=38791], networkLocation: /default-rack, certSerialId: null, persistedOpState: IN_SERVICE, persistedOpStateExpiryEpochSec: 0}, 1bb9cbb4-eec0-4324-8de7-fca776b53f2b{ip: 10.1.0.56, host: fv-az180-400.aibneqh1mxpuhl3tnnuy2ifbce.bx.internal.cloudapp.net, ports: [REPLICATION=45141, RATIS=44667, RATIS_ADMIN=44667, RATIS_SERVER=44667, STANDALONE=45879], networkLocation: /default-rack, certSerialId: null, persistedOpState: IN_SERVICE, persistedOpStateExpiryEpochSec: 0}, 961e98b4-0515-4e33-9a5e-b87989e0967c{ip: 10.1.0.56, host: fv-az180-400.aibneqh1mxpuhl3tnnuy2ifbce.bx.internal.cloudapp.net, ports: [REPLICATION=32803, RATIS=45547, RATIS_ADMIN=45547, RATIS_SERVER=45547, STANDALONE=33243], networkLocation: /default-rack, certSerialId: null, persistedOpState: IN_SERVICE, persistedOpStateExpiryEpochSec: 0}, a36f0c9e-34c7-41e1-90e2-5c691522fdfd{ip: 10.1.0.56, host: fv-az180-400.aibneqh1mxpuhl3tnnuy2ifbce.bx.internal.cloudapp.net, ports: [REPLICATION=43001, RATIS=35103, RATIS_ADMIN=35103, RATIS_SERVER=35103, STANDALONE=34509], networkLocation: /default-rack, certSerialId: null, persistedOpState: IN_SERVICE, persistedOpStateExpiryEpochSec: 0}, a49fbcfb-f7dc-4282-aec4-a4f9f3e2b5ab{ip: 10.1.0.56, host: fv-az180-400.aibneqh1mxpuhl3tnnuy2ifbce.bx.internal.cloudapp.net, ports: [REPLICATION=41799, RATIS=37955, RATIS_ADMIN=37955, RATIS_SERVER=37955, STANDALONE=46377], networkLocation: /default-rack, certSerialId: null, persistedOpState: null, persistedOpStateExpiryEpochSec: 0}]"  ancestorGen="0").
2022-11-18 13:06:08,506 [Under Replicated Processor] WARN  net.NetworkTopologyImpl (NetworkTopologyImpl.java:chooseNodeInternal(653)) - No available node in (scope="/default-rack" excludedScope="null" excludedNodes="[8ad84362-fca3-4a94-b029-55aaea538166{ip: 10.1.0.56, host: fv-az180-400.aibneqh1mxpuhl3tnnuy2ifbce.bx.internal.cloudapp.net, ports: [REPLICATION=45785, RATIS=38939, RATIS_ADMIN=38939, RATIS_SERVER=38939, STANDALONE=38791], networkLocation: /default-rack, certSerialId: null, persistedOpState: IN_SERVICE, persistedOpStateExpiryEpochSec: 0}, 1bb9cbb4-eec0-4324-8de7-fca776b53f2b{ip: 10.1.0.56, host: fv-az180-400.aibneqh1mxpuhl3tnnuy2ifbce.bx.internal.cloudapp.net, ports: [REPLICATION=45141, RATIS=44667, RATIS_ADMIN=44667, RATIS_SERVER=44667, STANDALONE=45879], networkLocation: /default-rack, certSerialId: null, persistedOpState: IN_SERVICE, persistedOpStateExpiryEpochSec: 0}, 961e98b4-0515-4e33-9a5e-b87989e0967c{ip: 10.1.0.56, host: fv-az180-400.aibneqh1mxpuhl3tnnuy2ifbce.bx.internal.cloudapp.net, ports: [REPLICATION=32803, RATIS=45547, RATIS_ADMIN=45547, RATIS_SERVER=45547, STANDALONE=33243], networkLocation: /default-rack, certSerialId: null, persistedOpState: IN_SERVICE, persistedOpStateExpiryEpochSec: 0}, a36f0c9e-34c7-41e1-90e2-5c691522fdfd{ip: 10.1.0.56, host: fv-az180-400.aibneqh1mxpuhl3tnnuy2ifbce.bx.internal.cloudapp.net, ports: [REPLICATION=43001, RATIS=35103, RATIS_ADMIN=35103, RATIS_SERVER=35103, STANDALONE=34509], networkLocation: /default-rack, certSerialId: null, persistedOpState: IN_SERVICE, persistedOpStateExpiryEpochSec: 0}, a49fbcfb-f7dc-4282-aec4-a4f9f3e2b5ab{ip: 10.1.0.56, host: fv-az180-400.aibneqh1mxpuhl3tnnuy2ifbce.bx.internal.cloudapp.net, ports: [REPLICATION=41799, RATIS=37955, RATIS_ADMIN=37955, RATIS_SERVER=37955, STANDALONE=46377], networkLocation: /default-rack, certSerialId: null, persistedOpState: null, persistedOpStateExpiryEpochSec: 0}]"  ancestorGen="0").
2022-11-18 13:06:08,506 [Under Replicated Processor] WARN  net.NetworkTopologyImpl (NetworkTopologyImpl.java:chooseNodeInternal(653)) - No available node in (scope="/default-rack" excludedScope="null" excludedNodes="[8ad84362-fca3-4a94-b029-55aaea538166{ip: 10.1.0.56, host: fv-az180-400.aibneqh1mxpuhl3tnnuy2ifbce.bx.internal.cloudapp.net, ports: [REPLICATION=45785, RATIS=38939, RATIS_ADMIN=38939, RATIS_SERVER=38939, STANDALONE=38791], networkLocation: /default-rack, certSerialId: null, persistedOpState: IN_SERVICE, persistedOpStateExpiryEpochSec: 0}, 1bb9cbb4-eec0-4324-8de7-fca776b53f2b{ip: 10.1.0.56, host: fv-az180-400.aibneqh1mxpuhl3tnnuy2ifbce.bx.internal.cloudapp.net, ports: [REPLICATION=45141, RATIS=44667, RATIS_ADMIN=44667, RATIS_SERVER=44667, STANDALONE=45879], networkLocation: /default-rack, certSerialId: null, persistedOpState: IN_SERVICE, persistedOpStateExpiryEpochSec: 0}, 961e98b4-0515-4e33-9a5e-b87989e0967c{ip: 10.1.0.56, host: fv-az180-400.aibneqh1mxpuhl3tnnuy2ifbce.bx.internal.cloudapp.net, ports: [REPLICATION=32803, RATIS=45547, RATIS_ADMIN=45547, RATIS_SERVER=45547, STANDALONE=33243], networkLocation: /default-rack, certSerialId: null, persistedOpState: IN_SERVICE, persistedOpStateExpiryEpochSec: 0}, a36f0c9e-34c7-41e1-90e2-5c691522fdfd{ip: 10.1.0.56, host: fv-az180-400.aibneqh1mxpuhl3tnnuy2ifbce.bx.internal.cloudapp.net, ports: [REPLICATION=43001, RATIS=35103, RATIS_ADMIN=35103, RATIS_SERVER=35103, STANDALONE=34509], networkLocation: /default-rack, certSerialId: null, persistedOpState: IN_SERVICE, persistedOpStateExpiryEpochSec: 0}, a49fbcfb-f7dc-4282-aec4-a4f9f3e2b5ab{ip: 10.1.0.56, host: fv-az180-400.aibneqh1mxpuhl3tnnuy2ifbce.bx.internal.cloudapp.net, ports: [REPLICATION=41799, RATIS=37955, RATIS_ADMIN=37955, RATIS_SERVER=37955, STANDALONE=46377], networkLocation: /default-rack, certSerialId: null, persistedOpState: null, persistedOpStateExpiryEpochSec: 0}]"  ancestorGen="0").
2022-11-18 13:06:08,506 [Under Replicated Processor] WARN  net.NetworkTopologyImpl (NetworkTopologyImpl.java:chooseNodeInternal(653)) - No available node in (scope="/default-rack" excludedScope="null" excludedNodes="[8ad84362-fca3-4a94-b029-55aaea538166{ip: 10.1.0.56, host: fv-az180-400.aibneqh1mxpuhl3tnnuy2ifbce.bx.internal.cloudapp.net, ports: [REPLICATION=45785, RATIS=38939, RATIS_ADMIN=38939, RATIS_SERVER=38939, STANDALONE=38791], networkLocation: /default-rack, certSerialId: null, persistedOpState: IN_SERVICE, persistedOpStateExpiryEpochSec: 0}, 1bb9cbb4-eec0-4324-8de7-fca776b53f2b{ip: 10.1.0.56, host: fv-az180-400.aibneqh1mxpuhl3tnnuy2ifbce.bx.internal.cloudapp.net, ports: [REPLICATION=45141, RATIS=44667, RATIS_ADMIN=44667, RATIS_SERVER=44667, STANDALONE=45879], networkLocation: /default-rack, certSerialId: null, persistedOpState: IN_SERVICE, persistedOpStateExpiryEpochSec: 0}, 961e98b4-0515-4e33-9a5e-b87989e0967c{ip: 10.1.0.56, host: fv-az180-400.aibneqh1mxpuhl3tnnuy2ifbce.bx.internal.cloudapp.net, ports: [REPLICATION=32803, RATIS=45547, RATIS_ADMIN=45547, RATIS_SERVER=45547, STANDALONE=33243], networkLocation: /default-rack, certSerialId: null, persistedOpState: IN_SERVICE, persistedOpStateExpiryEpochSec: 0}, a36f0c9e-34c7-41e1-90e2-5c691522fdfd{ip: 10.1.0.56, host: fv-az180-400.aibneqh1mxpuhl3tnnuy2ifbce.bx.internal.cloudapp.net, ports: [REPLICATION=43001, RATIS=35103, RATIS_ADMIN=35103, RATIS_SERVER=35103, STANDALONE=34509], networkLocation: /default-rack, certSerialId: null, persistedOpState: IN_SERVICE, persistedOpStateExpiryEpochSec: 0}, a49fbcfb-f7dc-4282-aec4-a4f9f3e2b5ab{ip: 10.1.0.56, host: fv-az180-400.aibneqh1mxpuhl3tnnuy2ifbce.bx.internal.cloudapp.net, ports: [REPLICATION=41799, RATIS=37955, RATIS_ADMIN=37955, RATIS_SERVER=37955, STANDALONE=46377], networkLocation: /default-rack, certSerialId: null, persistedOpState: null, persistedOpStateExpiryEpochSec: 0}]"  ancestorGen="0").
2022-11-18 13:06:08,506 [Under Replicated Processor] INFO  algorithms.SCMContainerPlacementRackScatter (SCMContainerPlacementRackScatter.java:chooseNode(379)) - No satisfied datanode to meet the constraints. Metadatadata size required: 0 Data size required: 5368709120, scope /default-rack, excluded nodes [8ad84362-fca3-4a94-b029-55aaea538166{ip: 10.1.0.56, host: fv-az180-400.aibneqh1mxpuhl3tnnuy2ifbce.bx.internal.cloudapp.net, ports: [REPLICATION=45785, RATIS=38939, RATIS_ADMIN=38939, RATIS_SERVER=38939, STANDALONE=38791], networkLocation: /default-rack, certSerialId: null, persistedOpState: IN_SERVICE, persistedOpStateExpiryEpochSec: 0}, 1bb9cbb4-eec0-4324-8de7-fca776b53f2b{ip: 10.1.0.56, host: fv-az180-400.aibneqh1mxpuhl3tnnuy2ifbce.bx.internal.cloudapp.net, ports: [REPLICATION=45141, RATIS=44667, RATIS_ADMIN=44667, RATIS_SERVER=44667, STANDALONE=45879], networkLocation: /default-rack, certSerialId: null, persistedOpState: IN_SERVICE, persistedOpStateExpiryEpochSec: 0}, 961e98b4-0515-4e33-9a5e-b87989e0967c{ip: 10.1.0.56, host: fv-az180-400.aibneqh1mxpuhl3tnnuy2ifbce.bx.internal.cloudapp.net, ports: [REPLICATION=32803, RATIS=45547, RATIS_ADMIN=45547, RATIS_SERVER=45547, STANDALONE=33243], networkLocation: /default-rack, certSerialId: null, persistedOpState: IN_SERVICE, persistedOpStateExpiryEpochSec: 0}, a36f0c9e-34c7-41e1-90e2-5c691522fdfd{ip: 10.1.0.56, host: fv-az180-400.aibneqh1mxpuhl3tnnuy2ifbce.bx.internal.cloudapp.net, ports: [REPLICATION=43001, RATIS=35103, RATIS_ADMIN=35103, RATIS_SERVER=35103, STANDALONE=34509], networkLocation: /default-rack, certSerialId: null, persistedOpState: IN_SERVICE, persistedOpStateExpiryEpochSec: 0}, a49fbcfb-f7dc-4282-aec4-a4f9f3e2b5ab{ip: 10.1.0.56, host: fv-az180-400.aibneqh1mxpuhl3tnnuy2ifbce.bx.internal.cloudapp.net, ports: [REPLICATION=41799, RATIS=37955, RATIS_ADMIN=37955, RATIS_SERVER=37955, STANDALONE=46377], networkLocation: /default-rack, certSerialId: null, persistedOpState: null, persistedOpStateExpiryEpochSec: 0}]
2022-11-18 13:06:08,506 [Under Replicated Processor] WARN  algorithms.SCMContainerPlacementRackScatter (SCMContainerPlacementRackScatter.java:chooseDatanodesInternal(281)) - Placement policy could not choose the enough nodes from available racks. Chosen nodes size from Unique Racks: 0, but required nodes to choose from Unique Racks: 1 do not match. Available racks count: 1, Excluded nodes count: 4
2022-11-18 13:06:08,506 [Under Replicated Processor] WARN  replication.ECUnderReplicationHandler (ECUnderReplicationHandler.java:processAndCreateCommands(252)) - Exception while processing for creating the EC reconstruction container commands for #8.
org.apache.hadoop.hdds.scm.exceptions.SCMException: Chosen nodes size from Unique Racks: 0, but required nodes to choose from Unique Racks: 1 do not match.
	at org.apache.hadoop.hdds.scm.container.placement.algorithms.SCMContainerPlacementRackScatter.chooseDatanodesInternal(SCMContainerPlacementRackScatter.java:286)
	at org.apache.hadoop.hdds.scm.SCMCommonPlacementPolicy.chooseDatanodes(SCMCommonPlacementPolicy.java:175)
	at org.apache.hadoop.hdds.scm.SCMCommonPlacementPolicy.chooseDatanodes(SCMCommonPlacementPolicy.java:117)
	at org.apache.hadoop.hdds.scm.container.replication.ECUnderReplicationHandler.getTargetDatanodes(ECUnderReplicationHandler.java:303)
	at org.apache.hadoop.hdds.scm.container.replication.ECUnderReplicationHandler.processAndCreateCommands(ECUnderReplicationHandler.java:186)
	at org.apache.hadoop.hdds.scm.container.replication.ReplicationManager.processUnderReplicatedContainer(ReplicationManager.java:483)
	at org.apache.hadoop.hdds.scm.container.replication.UnderReplicatedProcessor.processContainer(UnderReplicatedProcessor.java:99)
	at org.apache.hadoop.hdds.scm.container.replication.UnderReplicatedProcessor.processAll(UnderReplicatedProcessor.java:83)
	at org.apache.hadoop.hdds.scm.container.replication.UnderReplicatedProcessor.run(UnderReplicatedProcessor.java:144)
	at java.lang.Thread.run(Thread.java:750)
2022-11-18 13:06:08,506 [Under Replicated Processor] ERROR replication.UnderReplicatedProcessor (UnderReplicatedProcessor.java:processAll(86)) - Error processing under replicated container ContainerInfo{id=#8, state=CLOSED, pipelineID=PipelineID=67e84420-6fe2-43b6-bc4f-8bf4477b66f2, stateEnterTime=2022-11-18T13:05:28.764Z, owner=om1}
org.apache.hadoop.hdds.scm.exceptions.SCMException: Chosen nodes size from Unique Racks: 0, but required nodes to choose from Unique Racks: 1 do not match.
	at org.apache.hadoop.hdds.scm.container.placement.algorithms.SCMContainerPlacementRackScatter.chooseDatanodesInternal(SCMContainerPlacementRackScatter.java:286)
	at org.apache.hadoop.hdds.scm.SCMCommonPlacementPolicy.chooseDatanodes(SCMCommonPlacementPolicy.java:175)
	at org.apache.hadoop.hdds.scm.SCMCommonPlacementPolicy.chooseDatanodes(SCMCommonPlacementPolicy.java:117)
	at org.apache.hadoop.hdds.scm.container.replication.ECUnderReplicationHandler.getTargetDatanodes(ECUnderReplicationHandler.java:303)
	at org.apache.hadoop.hdds.scm.container.replication.ECUnderReplicationHandler.processAndCreateCommands(ECUnderReplicationHandler.java:186)
	at org.apache.hadoop.hdds.scm.container.replication.ReplicationManager.processUnderReplicatedContainer(ReplicationManager.java:483)
	at org.apache.hadoop.hdds.scm.container.replication.UnderReplicatedProcessor.processContainer(UnderReplicatedProcessor.java:99)
	at org.apache.hadoop.hdds.scm.container.replication.UnderReplicatedProcessor.processAll(UnderReplicatedProcessor.java:83)
	at org.apache.hadoop.hdds.scm.container.replication.UnderReplicatedProcessor.run(UnderReplicatedProcessor.java:144)
	at java.lang.Thread.run(Thread.java:750)
2022-11-18 13:06:08,507 [Under Replicated Processor] WARN  net.NetworkTopologyImpl (NetworkTopologyImpl.java:chooseNodeInternal(653)) - No available node in (scope="/default-rack" excludedScope="null" excludedNodes="[8ad84362-fca3-4a94-b029-55aaea538166{ip: 10.1.0.56, host: fv-az180-400.aibneqh1mxpuhl3tnnuy2ifbce.bx.internal.cloudapp.net, ports: [REPLICATION=45785, RATIS=38939, RATIS_ADMIN=38939, RATIS_SERVER=38939, STANDALONE=38791], networkLocation: /default-rack, certSerialId: null, persistedOpState: IN_SERVICE, persistedOpStateExpiryEpochSec: 0}, 1bb9cbb4-eec0-4324-8de7-fca776b53f2b{ip: 10.1.0.56, host: fv-az180-400.aibneqh1mxpuhl3tnnuy2ifbce.bx.internal.cloudapp.net, ports: [REPLICATION=45141, RATIS=44667, RATIS_ADMIN=44667, RATIS_SERVER=44667, STANDALONE=45879], networkLocation: /default-rack, certSerialId: null, persistedOpState: IN_SERVICE, persistedOpStateExpiryEpochSec: 0}, 961e98b4-0515-4e33-9a5e-b87989e0967c{ip: 10.1.0.56, host: fv-az180-400.aibneqh1mxpuhl3tnnuy2ifbce.bx.internal.cloudapp.net, ports: [REPLICATION=32803, RATIS=45547, RATIS_ADMIN=45547, RATIS_SERVER=45547, STANDALONE=33243], networkLocation: /default-rack, certSerialId: null, persistedOpState: IN_SERVICE, persistedOpStateExpiryEpochSec: 0}, a36f0c9e-34c7-41e1-90e2-5c691522fdfd{ip: 10.1.0.56, host: fv-az180-400.aibneqh1mxpuhl3tnnuy2ifbce.bx.internal.cloudapp.net, ports: [REPLICATION=43001, RATIS=35103, RATIS_ADMIN=35103, RATIS_SERVER=35103, STANDALONE=34509], networkLocation: /default-rack, certSerialId: null, persistedOpState: IN_SERVICE, persistedOpStateExpiryEpochSec: 0}, a49fbcfb-f7dc-4282-aec4-a4f9f3e2b5ab{ip: 10.1.0.56, host: fv-az180-400.aibneqh1mxpuhl3tnnuy2ifbce.bx.internal.cloudapp.net, ports: [REPLICATION=41799, RATIS=37955, RATIS_ADMIN=37955, RATIS_SERVER=37955, STANDALONE=46377], networkLocation: /default-rack, certSerialId: null, persistedOpState: null, persistedOpStateExpiryEpochSec: 0}]"  ancestorGen="0").
2022-11-18 13:06:08,507 [Under Replicated Processor] WARN  net.NetworkTopologyImpl (NetworkTopologyImpl.java:chooseNodeInternal(653)) - No available node in (scope="/default-rack" excludedScope="null" excludedNodes="[8ad84362-fca3-4a94-b029-55aaea538166{ip: 10.1.0.56, host: fv-az180-400.aibneqh1mxpuhl3tnnuy2ifbce.bx.internal.cloudapp.net, ports: [REPLICATION=45785, RATIS=38939, RATIS_ADMIN=38939, RATIS_SERVER=38939, STANDALONE=38791], networkLocation: /default-rack, certSerialId: null, persistedOpState: IN_SERVICE, persistedOpStateExpiryEpochSec: 0}, 1bb9cbb4-eec0-4324-8de7-fca776b53f2b{ip: 10.1.0.56, host: fv-az180-400.aibneqh1mxpuhl3tnnuy2ifbce.bx.internal.cloudapp.net, ports: [REPLICATION=45141, RATIS=44667, RATIS_ADMIN=44667, RATIS_SERVER=44667, STANDALONE=45879], networkLocation: /default-rack, certSerialId: null, persistedOpState: IN_SERVICE, persistedOpStateExpiryEpochSec: 0}, 961e98b4-0515-4e33-9a5e-b87989e0967c{ip: 10.1.0.56, host: fv-az180-400.aibneqh1mxpuhl3tnnuy2ifbce.bx.internal.cloudapp.net, ports: [REPLICATION=32803, RATIS=45547, RATIS_ADMIN=45547, RATIS_SERVER=45547, STANDALONE=33243], networkLocation: /default-rack, certSerialId: null, persistedOpState: IN_SERVICE, persistedOpStateExpiryEpochSec: 0}, a36f0c9e-34c7-41e1-90e2-5c691522fdfd{ip: 10.1.0.56, host: fv-az180-400.aibneqh1mxpuhl3tnnuy2ifbce.bx.internal.cloudapp.net, ports: [REPLICATION=43001, RATIS=35103, RATIS_ADMIN=35103, RATIS_SERVER=35103, STANDALONE=34509], networkLocation: /default-rack, certSerialId: null, persistedOpState: IN_SERVICE, persistedOpStateExpiryEpochSec: 0}, a49fbcfb-f7dc-4282-aec4-a4f9f3e2b5ab{ip: 10.1.0.56, host: fv-az180-400.aibneqh1mxpuhl3tnnuy2ifbce.bx.internal.cloudapp.net, ports: [REPLICATION=41799, RATIS=37955, RATIS_ADMIN=37955, RATIS_SERVER=37955, STANDALONE=46377], networkLocation: /default-rack, certSerialId: null, persistedOpState: null, persistedOpStateExpiryEpochSec: 0}]"  ancestorGen="0").
2022-11-18 13:06:08,507 [Under Replicated Processor] WARN  net.NetworkTopologyImpl (NetworkTopologyImpl.java:chooseNodeInternal(653)) - No available node in (scope="/default-rack" excludedScope="null" excludedNodes="[8ad84362-fca3-4a94-b029-55aaea538166{ip: 10.1.0.56, host: fv-az180-400.aibneqh1mxpuhl3tnnuy2ifbce.bx.internal.cloudapp.net, ports: [REPLICATION=45785, RATIS=38939, RATIS_ADMIN=38939, RATIS_SERVER=38939, STANDALONE=38791], networkLocation: /default-rack, certSerialId: null, persistedOpState: IN_SERVICE, persistedOpStateExpiryEpochSec: 0}, 1bb9cbb4-eec0-4324-8de7-fca776b53f2b{ip: 10.1.0.56, host: fv-az180-400.aibneqh1mxpuhl3tnnuy2ifbce.bx.internal.cloudapp.net, ports: [REPLICATION=45141, RATIS=44667, RATIS_ADMIN=44667, RATIS_SERVER=44667, STANDALONE=45879], networkLocation: /default-rack, certSerialId: null, persistedOpState: IN_SERVICE, persistedOpStateExpiryEpochSec: 0}, 961e98b4-0515-4e33-9a5e-b87989e0967c{ip: 10.1.0.56, host: fv-az180-400.aibneqh1mxpuhl3tnnuy2ifbce.bx.internal.cloudapp.net, ports: [REPLICATION=32803, RATIS=45547, RATIS_ADMIN=45547, RATIS_SERVER=45547, STANDALONE=33243], networkLocation: /default-rack, certSerialId: null, persistedOpState: IN_SERVICE, persistedOpStateExpiryEpochSec: 0}, a36f0c9e-34c7-41e1-90e2-5c691522fdfd{ip: 10.1.0.56, host: fv-az180-400.aibneqh1mxpuhl3tnnuy2ifbce.bx.internal.cloudapp.net, ports: [REPLICATION=43001, RATIS=35103, RATIS_ADMIN=35103, RATIS_SERVER=35103, STANDALONE=34509], networkLocation: /default-rack, certSerialId: null, persistedOpState: IN_SERVICE, persistedOpStateExpiryEpochSec: 0}, a49fbcfb-f7dc-4282-aec4-a4f9f3e2b5ab{ip: 10.1.0.56, host: fv-az180-400.aibneqh1mxpuhl3tnnuy2ifbce.bx.internal.cloudapp.net, ports: [REPLICATION=41799, RATIS=37955, RATIS_ADMIN=37955, RATIS_SERVER=37955, STANDALONE=46377], networkLocation: /default-rack, certSerialId: null, persistedOpState: null, persistedOpStateExpiryEpochSec: 0}]"  ancestorGen="0").
2022-11-18 13:06:08,507 [Under Replicated Processor] WARN  net.NetworkTopologyImpl (NetworkTopologyImpl.java:chooseNodeInternal(653)) - No available node in (scope="/default-rack" excludedScope="null" excludedNodes="[8ad84362-fca3-4a94-b029-55aaea538166{ip: 10.1.0.56, host: fv-az180-400.aibneqh1mxpuhl3tnnuy2ifbce.bx.internal.cloudapp.net, ports: [REPLICATION=45785, RATIS=38939, RATIS_ADMIN=38939, RATIS_SERVER=38939, STANDALONE=38791], networkLocation: /default-rack, certSerialId: null, persistedOpState: IN_SERVICE, persistedOpStateExpiryEpochSec: 0}, 1bb9cbb4-eec0-4324-8de7-fca776b53f2b{ip: 10.1.0.56, host: fv-az180-400.aibneqh1mxpuhl3tnnuy2ifbce.bx.internal.cloudapp.net, ports: [REPLICATION=45141, RATIS=44667, RATIS_ADMIN=44667, RATIS_SERVER=44667, STANDALONE=45879], networkLocation: /default-rack, certSerialId: null, persistedOpState: IN_SERVICE, persistedOpStateExpiryEpochSec: 0}, 961e98b4-0515-4e33-9a5e-b87989e0967c{ip: 10.1.0.56, host: fv-az180-400.aibneqh1mxpuhl3tnnuy2ifbce.bx.internal.cloudapp.net, ports: [REPLICATION=32803, RATIS=45547, RATIS_ADMIN=45547, RATIS_SERVER=45547, STANDALONE=33243], networkLocation: /default-rack, certSerialId: null, persistedOpState: IN_SERVICE, persistedOpStateExpiryEpochSec: 0}, a36f0c9e-34c7-41e1-90e2-5c691522fdfd{ip: 10.1.0.56, host: fv-az180-400.aibneqh1mxpuhl3tnnuy2ifbce.bx.internal.cloudapp.net, ports: [REPLICATION=43001, RATIS=35103, RATIS_ADMIN=35103, RATIS_SERVER=35103, STANDALONE=34509], networkLocation: /default-rack, certSerialId: null, persistedOpState: IN_SERVICE, persistedOpStateExpiryEpochSec: 0}, a49fbcfb-f7dc-4282-aec4-a4f9f3e2b5ab{ip: 10.1.0.56, host: fv-az180-400.aibneqh1mxpuhl3tnnuy2ifbce.bx.internal.cloudapp.net, ports: [REPLICATION=41799, RATIS=37955, RATIS_ADMIN=37955, RATIS_SERVER=37955, STANDALONE=46377], networkLocation: /default-rack, certSerialId: null, persistedOpState: null, persistedOpStateExpiryEpochSec: 0}]"  ancestorGen="0").
2022-11-18 13:06:08,507 [Under Replicated Processor] INFO  algorithms.SCMContainerPlacementRackScatter (SCMContainerPlacementRackScatter.java:chooseNode(379)) - No satisfied datanode to meet the constraints. Metadatadata size required: 0 Data size required: 5368709120, scope /default-rack, excluded nodes [8ad84362-fca3-4a94-b029-55aaea538166{ip: 10.1.0.56, host: fv-az180-400.aibneqh1mxpuhl3tnnuy2ifbce.bx.internal.cloudapp.net, ports: [REPLICATION=45785, RATIS=38939, RATIS_ADMIN=38939, RATIS_SERVER=38939, STANDALONE=38791], networkLocation: /default-rack, certSerialId: null, persistedOpState: IN_SERVICE, persistedOpStateExpiryEpochSec: 0}, 1bb9cbb4-eec0-4324-8de7-fca776b53f2b{ip: 10.1.0.56, host: fv-az180-400.aibneqh1mxpuhl3tnnuy2ifbce.bx.internal.cloudapp.net, ports: [REPLICATION=45141, RATIS=44667, RATIS_ADMIN=44667, RATIS_SERVER=44667, STANDALONE=45879], networkLocation: /default-rack, certSerialId: null, persistedOpState: IN_SERVICE, persistedOpStateExpiryEpochSec: 0}, 961e98b4-0515-4e33-9a5e-b87989e0967c{ip: 10.1.0.56, host: fv-az180-400.aibneqh1mxpuhl3tnnuy2ifbce.bx.internal.cloudapp.net, ports: [REPLICATION=32803, RATIS=45547, RATIS_ADMIN=45547, RATIS_SERVER=45547, STANDALONE=33243], networkLocation: /default-rack, certSerialId: null, persistedOpState: IN_SERVICE, persistedOpStateExpiryEpochSec: 0}, a36f0c9e-34c7-41e1-90e2-5c691522fdfd{ip: 10.1.0.56, host: fv-az180-400.aibneqh1mxpuhl3tnnuy2ifbce.bx.internal.cloudapp.net, ports: [REPLICATION=43001, RATIS=35103, RATIS_ADMIN=35103, RATIS_SERVER=35103, STANDALONE=34509], networkLocation: /default-rack, certSerialId: null, persistedOpState: IN_SERVICE, persistedOpStateExpiryEpochSec: 0}, a49fbcfb-f7dc-4282-aec4-a4f9f3e2b5ab{ip: 10.1.0.56, host: fv-az180-400.aibneqh1mxpuhl3tnnuy2ifbce.bx.internal.cloudapp.net, ports: [REPLICATION=41799, RATIS=37955, RATIS_ADMIN=37955, RATIS_SERVER=37955, STANDALONE=46377], networkLocation: /default-rack, certSerialId: null, persistedOpState: null, persistedOpStateExpiryEpochSec: 0}]
2022-11-18 13:06:08,507 [Under Replicated Processor] WARN  algorithms.SCMContainerPlacementRackScatter (SCMContainerPlacementRackScatter.java:chooseDatanodesInternal(281)) - Placement policy could not choose the enough nodes from available racks. Chosen nodes size from Unique Racks: 0, but required nodes to choose from Unique Racks: 1 do not match. Available racks count: 1, Excluded nodes count: 4
2022-11-18 13:06:08,507 [Under Replicated Processor] WARN  replication.ECUnderReplicationHandler (ECUnderReplicationHandler.java:processAndCreateCommands(252)) - Exception while processing for creating the EC reconstruction container commands for #8.
org.apache.hadoop.hdds.scm.exceptions.SCMException: Chosen nodes size from Unique Racks: 0, but required nodes to choose from Unique Racks: 1 do not match.
	at org.apache.hadoop.hdds.scm.container.placement.algorithms.SCMContainerPlacementRackScatter.chooseDatanodesInternal(SCMContainerPlacementRackScatter.java:286)
	at org.apache.hadoop.hdds.scm.SCMCommonPlacementPolicy.chooseDatanodes(SCMCommonPlacementPolicy.java:175)
	at org.apache.hadoop.hdds.scm.SCMCommonPlacementPolicy.chooseDatanodes(SCMCommonPlacementPolicy.java:117)
	at org.apache.hadoop.hdds.scm.container.replication.ECUnderReplicationHandler.getTargetDatanodes(ECUnderReplicationHandler.java:303)
	at org.apache.hadoop.hdds.scm.container.replication.ECUnderReplicationHandler.processAndCreateCommands(ECUnderReplicationHandler.java:186)
	at org.apache.hadoop.hdds.scm.container.replication.ReplicationManager.processUnderReplicatedContainer(ReplicationManager.java:483)
	at org.apache.hadoop.hdds.scm.container.replication.UnderReplicatedProcessor.processContainer(UnderReplicatedProcessor.java:99)
	at org.apache.hadoop.hdds.scm.container.replication.UnderReplicatedProcessor.processAll(UnderReplicatedProcessor.java:83)
	at org.apache.hadoop.hdds.scm.container.replication.UnderReplicatedProcessor.run(UnderReplicatedProcessor.java:144)
	at java.lang.Thread.run(Thread.java:750)
2022-11-18 13:06:08,508 [Under Replicated Processor] ERROR replication.UnderReplicatedProcessor (UnderReplicatedProcessor.java:processAll(86)) - Error processing under replicated container ContainerInfo{id=#8, state=CLOSED, pipelineID=PipelineID=67e84420-6fe2-43b6-bc4f-8bf4477b66f2, stateEnterTime=2022-11-18T13:05:28.764Z, owner=om1}
org.apache.hadoop.hdds.scm.exceptions.SCMException: Chosen nodes size from Unique Racks: 0, but required nodes to choose from Unique Racks: 1 do not match.
	at org.apache.hadoop.hdds.scm.container.placement.algorithms.SCMContainerPlacementRackScatter.chooseDatanodesInternal(SCMContainerPlacementRackScatter.java:286)
	at org.apache.hadoop.hdds.scm.SCMCommonPlacementPolicy.chooseDatanodes(SCMCommonPlacementPolicy.java:175)
	at org.apache.hadoop.hdds.scm.SCMCommonPlacementPolicy.chooseDatanodes(SCMCommonPlacementPolicy.java:117)
	at org.apache.hadoop.hdds.scm.container.replication.ECUnderReplicationHandler.getTargetDatanodes(ECUnderReplicationHandler.java:303)
	at org.apache.hadoop.hdds.scm.container.replication.ECUnderReplicationHandler.processAndCreateCommands(ECUnderReplicationHandler.java:186)
	at org.apache.hadoop.hdds.scm.container.replication.ReplicationManager.processUnderReplicatedContainer(ReplicationManager.java:483)
	at org.apache.hadoop.hdds.scm.container.replication.UnderReplicatedProcessor.processContainer(UnderReplicatedProcessor.java:99)
	at org.apache.hadoop.hdds.scm.container.replication.UnderReplicatedProcessor.processAll(UnderReplicatedProcessor.java:83)
	at org.apache.hadoop.hdds.scm.container.replication.UnderReplicatedProcessor.run(UnderReplicatedProcessor.java:144)
	at java.lang.Thread.run(Thread.java:750)
2022-11-18 13:06:08,508 [Under Replicated Processor] WARN  net.NetworkTopologyImpl (NetworkTopologyImpl.java:chooseNodeInternal(653)) - No available node in (scope="/default-rack" excludedScope="null" excludedNodes="[8ad84362-fca3-4a94-b029-55aaea538166{ip: 10.1.0.56, host: fv-az180-400.aibneqh1mxpuhl3tnnuy2ifbce.bx.internal.cloudapp.net, ports: [REPLICATION=45785, RATIS=38939, RATIS_ADMIN=38939, RATIS_SERVER=38939, STANDALONE=38791], networkLocation: /default-rack, certSerialId: null, persistedOpState: IN_SERVICE, persistedOpStateExpiryEpochSec: 0}, 1bb9cbb4-eec0-4324-8de7-fca776b53f2b{ip: 10.1.0.56, host: fv-az180-400.aibneqh1mxpuhl3tnnuy2ifbce.bx.internal.cloudapp.net, ports: [REPLICATION=45141, RATIS=44667, RATIS_ADMIN=44667, RATIS_SERVER=44667, STANDALONE=45879], networkLocation: /default-rack, certSerialId: null, persistedOpState: IN_SERVICE, persistedOpStateExpiryEpochSec: 0}, 961e98b4-0515-4e33-9a5e-b87989e0967c{ip: 10.1.0.56, host: fv-az180-400.aibneqh1mxpuhl3tnnuy2ifbce.bx.internal.cloudapp.net, ports: [REPLICATION=32803, RATIS=45547, RATIS_ADMIN=45547, RATIS_SERVER=45547, STANDALONE=33243], networkLocation: /default-rack, certSerialId: null, persistedOpState: IN_SERVICE, persistedOpStateExpiryEpochSec: 0}, a36f0c9e-34c7-41e1-90e2-5c691522fdfd{ip: 10.1.0.56, host: fv-az180-400.aibneqh1mxpuhl3tnnuy2ifbce.bx.internal.cloudapp.net, ports: [REPLICATION=43001, RATIS=35103, RATIS_ADMIN=35103, RATIS_SERVER=35103, STANDALONE=34509], networkLocation: /default-rack, certSerialId: null, persistedOpState: IN_SERVICE, persistedOpStateExpiryEpochSec: 0}, a49fbcfb-f7dc-4282-aec4-a4f9f3e2b5ab{ip: 10.1.0.56, host: fv-az180-400.aibneqh1mxpuhl3tnnuy2ifbce.bx.internal.cloudapp.net, ports: [REPLICATION=41799, RATIS=37955, RATIS_ADMIN=37955, RATIS_SERVER=37955, STANDALONE=46377], networkLocation: /default-rack, certSerialId: null, persistedOpState: null, persistedOpStateExpiryEpochSec: 0}]"  ancestorGen="0").
2022-11-18 13:06:08,508 [Under Replicated Processor] WARN  net.NetworkTopologyImpl (NetworkTopologyImpl.java:chooseNodeInternal(653)) - No available node in (scope="/default-rack" excludedScope="null" excludedNodes="[8ad84362-fca3-4a94-b029-55aaea538166{ip: 10.1.0.56, host: fv-az180-400.aibneqh1mxpuhl3tnnuy2ifbce.bx.internal.cloudapp.net, ports: [REPLICATION=45785, RATIS=38939, RATIS_ADMIN=38939, RATIS_SERVER=38939, STANDALONE=38791], networkLocation: /default-rack, certSerialId: null, persistedOpState: IN_SERVICE, persistedOpStateExpiryEpochSec: 0}, 1bb9cbb4-eec0-4324-8de7-fca776b53f2b{ip: 10.1.0.56, host: fv-az180-400.aibneqh1mxpuhl3tnnuy2ifbce.bx.internal.cloudapp.net, ports: [REPLICATION=45141, RATIS=44667, RATIS_ADMIN=44667, RATIS_SERVER=44667, STANDALONE=45879], networkLocation: /default-rack, certSerialId: null, persistedOpState: IN_SERVICE, persistedOpStateExpiryEpochSec: 0}, 961e98b4-0515-4e33-9a5e-b87989e0967c{ip: 10.1.0.56, host: fv-az180-400.aibneqh1mxpuhl3tnnuy2ifbce.bx.internal.cloudapp.net, ports: [REPLICATION=32803, RATIS=45547, RATIS_ADMIN=45547, RATIS_SERVER=45547, STANDALONE=33243], networkLocation: /default-rack, certSerialId: null, persistedOpState: IN_SERVICE, persistedOpStateExpiryEpochSec: 0}, a36f0c9e-34c7-41e1-90e2-5c691522fdfd{ip: 10.1.0.56, host: fv-az180-400.aibneqh1mxpuhl3tnnuy2ifbce.bx.internal.cloudapp.net, ports: [REPLICATION=43001, RATIS=35103, RATIS_ADMIN=35103, RATIS_SERVER=35103, STANDALONE=34509], networkLocation: /default-rack, certSerialId: null, persistedOpState: IN_SERVICE, persistedOpStateExpiryEpochSec: 0}, a49fbcfb-f7dc-4282-aec4-a4f9f3e2b5ab{ip: 10.1.0.56, host: fv-az180-400.aibneqh1mxpuhl3tnnuy2ifbce.bx.internal.cloudapp.net, ports: [REPLICATION=41799, RATIS=37955, RATIS_ADMIN=37955, RATIS_SERVER=37955, STANDALONE=46377], networkLocation: /default-rack, certSerialId: null, persistedOpState: null, persistedOpStateExpiryEpochSec: 0}]"  ancestorGen="0").
2022-11-18 13:06:08,508 [Under Replicated Processor] WARN  net.NetworkTopologyImpl (NetworkTopologyImpl.java:chooseNodeInternal(653)) - No available node in (scope="/default-rack" excludedScope="null" excludedNodes="[8ad84362-fca3-4a94-b029-55aaea538166{ip: 10.1.0.56, host: fv-az180-400.aibneqh1mxpuhl3tnnuy2ifbce.bx.internal.cloudapp.net, ports: [REPLICATION=45785, RATIS=38939, RATIS_ADMIN=38939, RATIS_SERVER=38939, STANDALONE=38791], networkLocation: /default-rack, certSerialId: null, persistedOpState: IN_SERVICE, persistedOpStateExpiryEpochSec: 0}, 1bb9cbb4-eec0-4324-8de7-fca776b53f2b{ip: 10.1.0.56, host: fv-az180-400.aibneqh1mxpuhl3tnnuy2ifbce.bx.internal.cloudapp.net, ports: [REPLICATION=45141, RATIS=44667, RATIS_ADMIN=44667, RATIS_SERVER=44667, STANDALONE=45879], networkLocation: /default-rack, certSerialId: null, persistedOpState: IN_SERVICE, persistedOpStateExpiryEpochSec: 0}, 961e98b4-0515-4e33-9a5e-b87989e0967c{ip: 10.1.0.56, host: fv-az180-400.aibneqh1mxpuhl3tnnuy2ifbce.bx.internal.cloudapp.net, ports: [REPLICATION=32803, RATIS=45547, RATIS_ADMIN=45547, RATIS_SERVER=45547, STANDALONE=33243], networkLocation: /default-rack, certSerialId: null, persistedOpState: IN_SERVICE, persistedOpStateExpiryEpochSec: 0}, a36f0c9e-34c7-41e1-90e2-5c691522fdfd{ip: 10.1.0.56, host: fv-az180-400.aibneqh1mxpuhl3tnnuy2ifbce.bx.internal.cloudapp.net, ports: [REPLICATION=43001, RATIS=35103, RATIS_ADMIN=35103, RATIS_SERVER=35103, STANDALONE=34509], networkLocation: /default-rack, certSerialId: null, persistedOpState: IN_SERVICE, persistedOpStateExpiryEpochSec: 0}, a49fbcfb-f7dc-4282-aec4-a4f9f3e2b5ab{ip: 10.1.0.56, host: fv-az180-400.aibneqh1mxpuhl3tnnuy2ifbce.bx.internal.cloudapp.net, ports: [REPLICATION=41799, RATIS=37955, RATIS_ADMIN=37955, RATIS_SERVER=37955, STANDALONE=46377], networkLocation: /default-rack, certSerialId: null, persistedOpState: null, persistedOpStateExpiryEpochSec: 0}]"  ancestorGen="0").
2022-11-18 13:06:08,509 [Under Replicated Processor] WARN  net.NetworkTopologyImpl (NetworkTopologyImpl.java:chooseNodeInternal(653)) - No available node in (scope="/default-rack" excludedScope="null" excludedNodes="[8ad84362-fca3-4a94-b029-55aaea538166{ip: 10.1.0.56, host: fv-az180-400.aibneqh1mxpuhl3tnnuy2ifbce.bx.internal.cloudapp.net, ports: [REPLICATION=45785, RATIS=38939, RATIS_ADMIN=38939, RATIS_SERVER=38939, STANDALONE=38791], networkLocation: /default-rack, certSerialId: null, persistedOpState: IN_SERVICE, persistedOpStateExpiryEpochSec: 0}, 1bb9cbb4-eec0-4324-8de7-fca776b53f2b{ip: 10.1.0.56, host: fv-az180-400.aibneqh1mxpuhl3tnnuy2ifbce.bx.internal.cloudapp.net, ports: [REPLICATION=45141, RATIS=44667, RATIS_ADMIN=44667, RATIS_SERVER=44667, STANDALONE=45879], networkLocation: /default-rack, certSerialId: null, persistedOpState: IN_SERVICE, persistedOpStateExpiryEpochSec: 0}, 961e98b4-0515-4e33-9a5e-b87989e0967c{ip: 10.1.0.56, host: fv-az180-400.aibneqh1mxpuhl3tnnuy2ifbce.bx.internal.cloudapp.net, ports: [REPLICATION=32803, RATIS=45547, RATIS_ADMIN=45547, RATIS_SERVER=45547, STANDALONE=33243], networkLocation: /default-rack, certSerialId: null, persistedOpState: IN_SERVICE, persistedOpStateExpiryEpochSec: 0}, a36f0c9e-34c7-41e1-90e2-5c691522fdfd{ip: 10.1.0.56, host: fv-az180-400.aibneqh1mxpuhl3tnnuy2ifbce.bx.internal.cloudapp.net, ports: [REPLICATION=43001, RATIS=35103, RATIS_ADMIN=35103, RATIS_SERVER=35103, STANDALONE=34509], networkLocation: /default-rack, certSerialId: null, persistedOpState: IN_SERVICE, persistedOpStateExpiryEpochSec: 0}, a49fbcfb-f7dc-4282-aec4-a4f9f3e2b5ab{ip: 10.1.0.56, host: fv-az180-400.aibneqh1mxpuhl3tnnuy2ifbce.bx.internal.cloudapp.net, ports: [REPLICATION=41799, RATIS=37955, RATIS_ADMIN=37955, RATIS_SERVER=37955, STANDALONE=46377], networkLocation: /default-rack, certSerialId: null, persistedOpState: null, persistedOpStateExpiryEpochSec: 0}]"  ancestorGen="0").
2022-11-18 13:06:08,509 [Under Replicated Processor] INFO  algorithms.SCMContainerPlacementRackScatter (SCMContainerPlacementRackScatter.java:chooseNode(379)) - No satisfied datanode to meet the constraints. Metadatadata size required: 0 Data size required: 5368709120, scope /default-rack, excluded nodes [8ad84362-fca3-4a94-b029-55aaea538166{ip: 10.1.0.56, host: fv-az180-400.aibneqh1mxpuhl3tnnuy2ifbce.bx.internal.cloudapp.net, ports: [REPLICATION=45785, RATIS=38939, RATIS_ADMIN=38939, RATIS_SERVER=38939, STANDALONE=38791], networkLocation: /default-rack, certSerialId: null, persistedOpState: IN_SERVICE, persistedOpStateExpiryEpochSec: 0}, 1bb9cbb4-eec0-4324-8de7-fca776b53f2b{ip: 10.1.0.56, host: fv-az180-400.aibneqh1mxpuhl3tnnuy2ifbce.bx.internal.cloudapp.net, ports: [REPLICATION=45141, RATIS=44667, RATIS_ADMIN=44667, RATIS_SERVER=44667, STANDALONE=45879], networkLocation: /default-rack, certSerialId: null, persistedOpState: IN_SERVICE, persistedOpStateExpiryEpochSec: 0}, 961e98b4-0515-4e33-9a5e-b87989e0967c{ip: 10.1.0.56, host: fv-az180-400.aibneqh1mxpuhl3tnnuy2ifbce.bx.internal.cloudapp.net, ports: [REPLICATION=32803, RATIS=45547, RATIS_ADMIN=45547, RATIS_SERVER=45547, STANDALONE=33243], networkLocation: /default-rack, certSerialId: null, persistedOpState: IN_SERVICE, persistedOpStateExpiryEpochSec: 0}, a36f0c9e-34c7-41e1-90e2-5c691522fdfd{ip: 10.1.0.56, host: fv-az180-400.aibneqh1mxpuhl3tnnuy2ifbce.bx.internal.cloudapp.net, ports: [REPLICATION=43001, RATIS=35103, RATIS_ADMIN=35103, RATIS_SERVER=35103, STANDALONE=34509], networkLocation: /default-rack, certSerialId: null, persistedOpState: IN_SERVICE, persistedOpStateExpiryEpochSec: 0}, a49fbcfb-f7dc-4282-aec4-a4f9f3e2b5ab{ip: 10.1.0.56, host: fv-az180-400.aibneqh1mxpuhl3tnnuy2ifbce.bx.internal.cloudapp.net, ports: [REPLICATION=41799, RATIS=37955, RATIS_ADMIN=37955, RATIS_SERVER=37955, STANDALONE=46377], networkLocation: /default-rack, certSerialId: null, persistedOpState: null, persistedOpStateExpiryEpochSec: 0}]
2022-11-18 13:06:08,509 [Under Replicated Processor] WARN  algorithms.SCMContainerPlacementRackScatter (SCMContainerPlacementRackScatter.java:chooseDatanodesInternal(281)) - Placement policy could not choose the enough nodes from available racks. Chosen nodes size from Unique Racks: 0, but required nodes to choose from Unique Racks: 1 do not match. Available racks count: 1, Excluded nodes count: 4
2022-11-18 13:06:08,509 [Under Replicated Processor] WARN  replication.ECUnderReplicationHandler (ECUnderReplicationHandler.java:processAndCreateCommands(252)) - Exception while processing for creating the EC reconstruction container commands for #8.
org.apache.hadoop.hdds.scm.exceptions.SCMException: Chosen nodes size from Unique Racks: 0, but required nodes to choose from Unique Racks: 1 do not match.
	at org.apache.hadoop.hdds.scm.container.placement.algorithms.SCMContainerPlacementRackScatter.chooseDatanodesInternal(SCMContainerPlacementRackScatter.java:286)
	at org.apache.hadoop.hdds.scm.SCMCommonPlacementPolicy.chooseDatanodes(SCMCommonPlacementPolicy.java:175)
	at org.apache.hadoop.hdds.scm.SCMCommonPlacementPolicy.chooseDatanodes(SCMCommonPlacementPolicy.java:117)
	at org.apache.hadoop.hdds.scm.container.replication.ECUnderReplicationHandler.getTargetDatanodes(ECUnderReplicationHandler.java:303)
	at org.apache.hadoop.hdds.scm.container.replication.ECUnderReplicationHandler.processAndCreateCommands(ECUnderReplicationHandler.java:186)
	at org.apache.hadoop.hdds.scm.container.replication.ReplicationManager.processUnderReplicatedContainer(ReplicationManager.java:483)
	at org.apache.hadoop.hdds.scm.container.replication.UnderReplicatedProcessor.processContainer(UnderReplicatedProcessor.java:99)
	at org.apache.hadoop.hdds.scm.container.replication.UnderReplicatedProcessor.processAll(UnderReplicatedProcessor.java:83)
	at org.apache.hadoop.hdds.scm.container.replication.UnderReplicatedProcessor.run(UnderReplicatedProcessor.java:144)
	at java.lang.Thread.run(Thread.java:750)
2022-11-18 13:06:08,509 [Under Replicated Processor] ERROR replication.UnderReplicatedProcessor (UnderReplicatedProcessor.java:processAll(86)) - Error processing under replicated container ContainerInfo{id=#8, state=CLOSED, pipelineID=PipelineID=67e84420-6fe2-43b6-bc4f-8bf4477b66f2, stateEnterTime=2022-11-18T13:05:28.764Z, owner=om1}
org.apache.hadoop.hdds.scm.exceptions.SCMException: Chosen nodes size from Unique Racks: 0, but required nodes to choose from Unique Racks: 1 do not match.
	at org.apache.hadoop.hdds.scm.container.placement.algorithms.SCMContainerPlacementRackScatter.chooseDatanodesInternal(SCMContainerPlacementRackScatter.java:286)
	at org.apache.hadoop.hdds.scm.SCMCommonPlacementPolicy.chooseDatanodes(SCMCommonPlacementPolicy.java:175)
	at org.apache.hadoop.hdds.scm.SCMCommonPlacementPolicy.chooseDatanodes(SCMCommonPlacementPolicy.java:117)
	at org.apache.hadoop.hdds.scm.container.replication.ECUnderReplicationHandler.getTargetDatanodes(ECUnderReplicationHandler.java:303)
	at org.apache.hadoop.hdds.scm.container.replication.ECUnderReplicationHandler.processAndCreateCommands(ECUnderReplicationHandler.java:186)
	at org.apache.hadoop.hdds.scm.container.replication.ReplicationManager.processUnderReplicatedContainer(ReplicationManager.java:483)
	at org.apache.hadoop.hdds.scm.container.replication.UnderReplicatedProcessor.processContainer(UnderReplicatedProcessor.java:99)
	at org.apache.hadoop.hdds.scm.container.replication.UnderReplicatedProcessor.processAll(UnderReplicatedProcessor.java:83)
	at org.apache.hadoop.hdds.scm.container.replication.UnderReplicatedProcessor.run(UnderReplicatedProcessor.java:144)
	at java.lang.Thread.run(Thread.java:750)
2022-11-18 13:06:08,509 [Under Replicated Processor] WARN  net.NetworkTopologyImpl (NetworkTopologyImpl.java:chooseNodeInternal(653)) - No available node in (scope="/default-rack" excludedScope="null" excludedNodes="[8ad84362-fca3-4a94-b029-55aaea538166{ip: 10.1.0.56, host: fv-az180-400.aibneqh1mxpuhl3tnnuy2ifbce.bx.internal.cloudapp.net, ports: [REPLICATION=45785, RATIS=38939, RATIS_ADMIN=38939, RATIS_SERVER=38939, STANDALONE=38791], networkLocation: /default-rack, certSerialId: null, persistedOpState: IN_SERVICE, persistedOpStateExpiryEpochSec: 0}, 1bb9cbb4-eec0-4324-8de7-fca776b53f2b{ip: 10.1.0.56, host: fv-az180-400.aibneqh1mxpuhl3tnnuy2ifbce.bx.internal.cloudapp.net, ports: [REPLICATION=45141, RATIS=44667, RATIS_ADMIN=44667, RATIS_SERVER=44667, STANDALONE=45879], networkLocation: /default-rack, certSerialId: null, persistedOpState: IN_SERVICE, persistedOpStateExpiryEpochSec: 0}, 961e98b4-0515-4e33-9a5e-b87989e0967c{ip: 10.1.0.56, host: fv-az180-400.aibneqh1mxpuhl3tnnuy2ifbce.bx.internal.cloudapp.net, ports: [REPLICATION=32803, RATIS=45547, RATIS_ADMIN=45547, RATIS_SERVER=45547, STANDALONE=33243], networkLocation: /default-rack, certSerialId: null, persistedOpState: IN_SERVICE, persistedOpStateExpiryEpochSec: 0}, a36f0c9e-34c7-41e1-90e2-5c691522fdfd{ip: 10.1.0.56, host: fv-az180-400.aibneqh1mxpuhl3tnnuy2ifbce.bx.internal.cloudapp.net, ports: [REPLICATION=43001, RATIS=35103, RATIS_ADMIN=35103, RATIS_SERVER=35103, STANDALONE=34509], networkLocation: /default-rack, certSerialId: null, persistedOpState: IN_SERVICE, persistedOpStateExpiryEpochSec: 0}, a49fbcfb-f7dc-4282-aec4-a4f9f3e2b5ab{ip: 10.1.0.56, host: fv-az180-400.aibneqh1mxpuhl3tnnuy2ifbce.bx.internal.cloudapp.net, ports: [REPLICATION=41799, RATIS=37955, RATIS_ADMIN=37955, RATIS_SERVER=37955, STANDALONE=46377], networkLocation: /default-rack, certSerialId: null, persistedOpState: null, persistedOpStateExpiryEpochSec: 0}]"  ancestorGen="0").
2022-11-18 13:06:08,509 [Under Replicated Processor] WARN  net.NetworkTopologyImpl (NetworkTopologyImpl.java:chooseNodeInternal(653)) - No available node in (scope="/default-rack" excludedScope="null" excludedNodes="[8ad84362-fca3-4a94-b029-55aaea538166{ip: 10.1.0.56, host: fv-az180-400.aibneqh1mxpuhl3tnnuy2ifbce.bx.internal.cloudapp.net, ports: [REPLICATION=45785, RATIS=38939, RATIS_ADMIN=38939, RATIS_SERVER=38939, STANDALONE=38791], networkLocation: /default-rack, certSerialId: null, persistedOpState: IN_SERVICE, persistedOpStateExpiryEpochSec: 0}, 1bb9cbb4-eec0-4324-8de7-fca776b53f2b{ip: 10.1.0.56, host: fv-az180-400.aibneqh1mxpuhl3tnnuy2ifbce.bx.internal.cloudapp.net, ports: [REPLICATION=45141, RATIS=44667, RATIS_ADMIN=44667, RATIS_SERVER=44667, STANDALONE=45879], networkLocation: /default-rack, certSerialId: null, persistedOpState: IN_SERVICE, persistedOpStateExpiryEpochSec: 0}, 961e98b4-0515-4e33-9a5e-b87989e0967c{ip: 10.1.0.56, host: fv-az180-400.aibneqh1mxpuhl3tnnuy2ifbce.bx.internal.cloudapp.net, ports: [REPLICATION=32803, RATIS=45547, RATIS_ADMIN=45547, RATIS_SERVER=45547, STANDALONE=33243], networkLocation: /default-rack, certSerialId: null, persistedOpState: IN_SERVICE, persistedOpStateExpiryEpochSec: 0}, a36f0c9e-34c7-41e1-90e2-5c691522fdfd{ip: 10.1.0.56, host: fv-az180-400.aibneqh1mxpuhl3tnnuy2ifbce.bx.internal.cloudapp.net, ports: [REPLICATION=43001, RATIS=35103, RATIS_ADMIN=35103, RATIS_SERVER=35103, STANDALONE=34509], networkLocation: /default-rack, certSerialId: null, persistedOpState: IN_SERVICE, persistedOpStateExpiryEpochSec: 0}, a49fbcfb-f7dc-4282-aec4-a4f9f3e2b5ab{ip: 10.1.0.56, host: fv-az180-400.aibneqh1mxpuhl3tnnuy2ifbce.bx.internal.cloudapp.net, ports: [REPLICATION=41799, RATIS=37955, RATIS_ADMIN=37955, RATIS_SERVER=37955, STANDALONE=46377], networkLocation: /default-rack, certSerialId: null, persistedOpState: null, persistedOpStateExpiryEpochSec: 0}]"  ancestorGen="0").
2022-11-18 13:06:08,509 [Under Replicated Processor] WARN  net.NetworkTopologyImpl (NetworkTopologyImpl.java:chooseNodeInternal(653)) - No available node in (scope="/default-rack" excludedScope="null" excludedNodes="[8ad84362-fca3-4a94-b029-55aaea538166{ip: 10.1.0.56, host: fv-az180-400.aibneqh1mxpuhl3tnnuy2ifbce.bx.internal.cloudapp.net, ports: [REPLICATION=45785, RATIS=38939, RATIS_ADMIN=38939, RATIS_SERVER=38939, STANDALONE=38791], networkLocation: /default-rack, certSerialId: null, persistedOpState: IN_SERVICE, persistedOpStateExpiryEpochSec: 0}, 1bb9cbb4-eec0-4324-8de7-fca776b53f2b{ip: 10.1.0.56, host: fv-az180-400.aibneqh1mxpuhl3tnnuy2ifbce.bx.internal.cloudapp.net, ports: [REPLICATION=45141, RATIS=44667, RATIS_ADMIN=44667, RATIS_SERVER=44667, STANDALONE=45879], networkLocation: /default-rack, certSerialId: null, persistedOpState: IN_SERVICE, persistedOpStateExpiryEpochSec: 0}, 961e98b4-0515-4e33-9a5e-b87989e0967c{ip: 10.1.0.56, host: fv-az180-400.aibneqh1mxpuhl3tnnuy2ifbce.bx.internal.cloudapp.net, ports: [REPLICATION=32803, RATIS=45547, RATIS_ADMIN=45547, RATIS_SERVER=45547, STANDALONE=33243], networkLocation: /default-rack, certSerialId: null, persistedOpState: IN_SERVICE, persistedOpStateExpiryEpochSec: 0}, a36f0c9e-34c7-41e1-90e2-5c691522fdfd{ip: 10.1.0.56, host: fv-az180-400.aibneqh1mxpuhl3tnnuy2ifbce.bx.internal.cloudapp.net, ports: [REPLICATION=43001, RATIS=35103, RATIS_ADMIN=35103, RATIS_SERVER=35103, STANDALONE=34509], networkLocation: /default-rack, certSerialId: null, persistedOpState: IN_SERVICE, persistedOpStateExpiryEpochSec: 0}, a49fbcfb-f7dc-4282-aec4-a4f9f3e2b5ab{ip: 10.1.0.56, host: fv-az180-400.aibneqh1mxpuhl3tnnuy2ifbce.bx.internal.cloudapp.net, ports: [REPLICATION=41799, RATIS=37955, RATIS_ADMIN=37955, RATIS_SERVER=37955, STANDALONE=46377], networkLocation: /default-rack, certSerialId: null, persistedOpState: null, persistedOpStateExpiryEpochSec: 0}]"  ancestorGen="0").
2022-11-18 13:06:08,509 [Under Replicated Processor] WARN  net.NetworkTopologyImpl (NetworkTopologyImpl.java:chooseNodeInternal(653)) - No available node in (scope="/default-rack" excludedScope="null" excludedNodes="[8ad84362-fca3-4a94-b029-55aaea538166{ip: 10.1.0.56, host: fv-az180-400.aibneqh1mxpuhl3tnnuy2ifbce.bx.internal.cloudapp.net, ports: [REPLICATION=45785, RATIS=38939, RATIS_ADMIN=38939, RATIS_SERVER=38939, STANDALONE=38791], networkLocation: /default-rack, certSerialId: null, persistedOpState: IN_SERVICE, persistedOpStateExpiryEpochSec: 0}, 1bb9cbb4-eec0-4324-8de7-fca776b53f2b{ip: 10.1.0.56, host: fv-az180-400.aibneqh1mxpuhl3tnnuy2ifbce.bx.internal.cloudapp.net, ports: [REPLICATION=45141, RATIS=44667, RATIS_ADMIN=44667, RATIS_SERVER=44667, STANDALONE=45879], networkLocation: /default-rack, certSerialId: null, persistedOpState: IN_SERVICE, persistedOpStateExpiryEpochSec: 0}, 961e98b4-0515-4e33-9a5e-b87989e0967c{ip: 10.1.0.56, host: fv-az180-400.aibneqh1mxpuhl3tnnuy2ifbce.bx.internal.cloudapp.net, ports: [REPLICATION=32803, RATIS=45547, RATIS_ADMIN=45547, RATIS_SERVER=45547, STANDALONE=33243], networkLocation: /default-rack, certSerialId: null, persistedOpState: IN_SERVICE, persistedOpStateExpiryEpochSec: 0}, a36f0c9e-34c7-41e1-90e2-5c691522fdfd{ip: 10.1.0.56, host: fv-az180-400.aibneqh1mxpuhl3tnnuy2ifbce.bx.internal.cloudapp.net, ports: [REPLICATION=43001, RATIS=35103, RATIS_ADMIN=35103, RATIS_SERVER=35103, STANDALONE=34509], networkLocation: /default-rack, certSerialId: null, persistedOpState: IN_SERVICE, persistedOpStateExpiryEpochSec: 0}, a49fbcfb-f7dc-4282-aec4-a4f9f3e2b5ab{ip: 10.1.0.56, host: fv-az180-400.aibneqh1mxpuhl3tnnuy2ifbce.bx.internal.cloudapp.net, ports: [REPLICATION=41799, RATIS=37955, RATIS_ADMIN=37955, RATIS_SERVER=37955, STANDALONE=46377], networkLocation: /default-rack, certSerialId: null, persistedOpState: null, persistedOpStateExpiryEpochSec: 0}]"  ancestorGen="0").
2022-11-18 13:06:08,510 [Under Replicated Processor] INFO  algorithms.SCMContainerPlacementRackScatter (SCMContainerPlacementRackScatter.java:chooseNode(379)) - No satisfied datanode to meet the constraints. Metadatadata size required: 0 Data size required: 5368709120, scope /default-rack, excluded nodes [8ad84362-fca3-4a94-b029-55aaea538166{ip: 10.1.0.56, host: fv-az180-400.aibneqh1mxpuhl3tnnuy2ifbce.bx.internal.cloudapp.net, ports: [REPLICATION=45785, RATIS=38939, RATIS_ADMIN=38939, RATIS_SERVER=38939, STANDALONE=38791], networkLocation: /default-rack, certSerialId: null, persistedOpState: IN_SERVICE, persistedOpStateExpiryEpochSec: 0}, 1bb9cbb4-eec0-4324-8de7-fca776b53f2b{ip: 10.1.0.56, host: fv-az180-400.aibneqh1mxpuhl3tnnuy2ifbce.bx.internal.cloudapp.net, ports: [REPLICATION=45141, RATIS=44667, RATIS_ADMIN=44667, RATIS_SERVER=44667, STANDALONE=45879], networkLocation: /default-rack, certSerialId: null, persistedOpState: IN_SERVICE, persistedOpStateExpiryEpochSec: 0}, 961e98b4-0515-4e33-9a5e-b87989e0967c{ip: 10.1.0.56, host: fv-az180-400.aibneqh1mxpuhl3tnnuy2ifbce.bx.internal.cloudapp.net, ports: [REPLICATION=32803, RATIS=45547, RATIS_ADMIN=45547, RATIS_SERVER=45547, STANDALONE=33243], networkLocation: /default-rack, certSerialId: null, persistedOpState: IN_SERVICE, persistedOpStateExpiryEpochSec: 0}, a36f0c9e-34c7-41e1-90e2-5c691522fdfd{ip: 10.1.0.56, host: fv-az180-400.aibneqh1mxpuhl3tnnuy2ifbce.bx.internal.cloudapp.net, ports: [REPLICATION=43001, RATIS=35103, RATIS_ADMIN=35103, RATIS_SERVER=35103, STANDALONE=34509], networkLocation: /default-rack, certSerialId: null, persistedOpState: IN_SERVICE, persistedOpStateExpiryEpochSec: 0}, a49fbcfb-f7dc-4282-aec4-a4f9f3e2b5ab{ip: 10.1.0.56, host: fv-az180-400.aibneqh1mxpuhl3tnnuy2ifbce.bx.internal.cloudapp.net, ports: [REPLICATION=41799, RATIS=37955, RATIS_ADMIN=37955, RATIS_SERVER=37955, STANDALONE=46377], networkLocation: /default-rack, certSerialId: null, persistedOpState: null, persistedOpStateExpiryEpochSec: 0}]
2022-11-18 13:06:08,510 [Under Replicated Processor] WARN  algorithms.SCMContainerPlacementRackScatter (SCMContainerPlacementRackScatter.java:chooseDatanodesInternal(281)) - Placement policy could not choose the enough nodes from available racks. Chosen nodes size from Unique Racks: 0, but required nodes to choose from Unique Racks: 1 do not match. Available racks count: 1, Excluded nodes count: 4
2022-11-18 13:06:08,510 [Under Replicated Processor] WARN  replication.ECUnderReplicationHandler (ECUnderReplicationHandler.java:processAndCreateCommands(252)) - Exception while processing for creating the EC reconstruction container commands for #8.
org.apache.hadoop.hdds.scm.exceptions.SCMException: Chosen nodes size from Unique Racks: 0, but required nodes to choose from Unique Racks: 1 do not match.
	at org.apache.hadoop.hdds.scm.container.placement.algorithms.SCMContainerPlacementRackScatter.chooseDatanodesInternal(SCMContainerPlacementRackScatter.java:286)
	at org.apache.hadoop.hdds.scm.SCMCommonPlacementPolicy.chooseDatanodes(SCMCommonPlacementPolicy.java:175)
	at org.apache.hadoop.hdds.scm.SCMCommonPlacementPolicy.chooseDatanodes(SCMCommonPlacementPolicy.java:117)
	at org.apache.hadoop.hdds.scm.container.replication.ECUnderReplicationHandler.getTargetDatanodes(ECUnderReplicationHandler.java:303)
	at org.apache.hadoop.hdds.scm.container.replication.ECUnderReplicationHandler.processAndCreateCommands(ECUnderReplicationHandler.java:186)
	at org.apache.hadoop.hdds.scm.container.replication.ReplicationManager.processUnderReplicatedContainer(ReplicationManager.java:483)
	at org.apache.hadoop.hdds.scm.container.replication.UnderReplicatedProcessor.processContainer(UnderReplicatedProcessor.java:99)
	at org.apache.hadoop.hdds.scm.container.replication.UnderReplicatedProcessor.processAll(UnderReplicatedProcessor.java:83)
	at org.apache.hadoop.hdds.scm.container.replication.UnderReplicatedProcessor.run(UnderReplicatedProcessor.java:144)
	at java.lang.Thread.run(Thread.java:750)
2022-11-18 13:06:08,510 [Under Replicated Processor] ERROR replication.UnderReplicatedProcessor (UnderReplicatedProcessor.java:processAll(86)) - Error processing under replicated container ContainerInfo{id=#8, state=CLOSED, pipelineID=PipelineID=67e84420-6fe2-43b6-bc4f-8bf4477b66f2, stateEnterTime=2022-11-18T13:05:28.764Z, owner=om1}
org.apache.hadoop.hdds.scm.exceptions.SCMException: Chosen nodes size from Unique Racks: 0, but required nodes to choose from Unique Racks: 1 do not match.
	at org.apache.hadoop.hdds.scm.container.placement.algorithms.SCMContainerPlacementRackScatter.chooseDatanodesInternal(SCMContainerPlacementRackScatter.java:286)
	at org.apache.hadoop.hdds.scm.SCMCommonPlacementPolicy.chooseDatanodes(SCMCommonPlacementPolicy.java:175)
	at org.apache.hadoop.hdds.scm.SCMCommonPlacementPolicy.chooseDatanodes(SCMCommonPlacementPolicy.java:117)
	at org.apache.hadoop.hdds.scm.container.replication.ECUnderReplicationHandler.getTargetDatanodes(ECUnderReplicationHandler.java:303)
	at org.apache.hadoop.hdds.scm.container.replication.ECUnderReplicationHandler.processAndCreateCommands(ECUnderReplicationHandler.java:186)
	at org.apache.hadoop.hdds.scm.container.replication.ReplicationManager.processUnderReplicatedContainer(ReplicationManager.java:483)
	at org.apache.hadoop.hdds.scm.container.replication.UnderReplicatedProcessor.processContainer(UnderReplicatedProcessor.java:99)
	at org.apache.hadoop.hdds.scm.container.replication.UnderReplicatedProcessor.processAll(UnderReplicatedProcessor.java:83)
	at org.apache.hadoop.hdds.scm.container.replication.UnderReplicatedProcessor.run(UnderReplicatedProcessor.java:144)
	at java.lang.Thread.run(Thread.java:750)
2022-11-18 13:06:08,510 [Under Replicated Processor] WARN  net.NetworkTopologyImpl (NetworkTopologyImpl.java:chooseNodeInternal(653)) - No available node in (scope="/default-rack" excludedScope="null" excludedNodes="[8ad84362-fca3-4a94-b029-55aaea538166{ip: 10.1.0.56, host: fv-az180-400.aibneqh1mxpuhl3tnnuy2ifbce.bx.internal.cloudapp.net, ports: [REPLICATION=45785, RATIS=38939, RATIS_ADMIN=38939, RATIS_SERVER=38939, STANDALONE=38791], networkLocation: /default-rack, certSerialId: null, persistedOpState: IN_SERVICE, persistedOpStateExpiryEpochSec: 0}, 1bb9cbb4-eec0-4324-8de7-fca776b53f2b{ip: 10.1.0.56, host: fv-az180-400.aibneqh1mxpuhl3tnnuy2ifbce.bx.internal.cloudapp.net, ports: [REPLICATION=45141, RATIS=44667, RATIS_ADMIN=44667, RATIS_SERVER=44667, STANDALONE=45879], networkLocation: /default-rack, certSerialId: null, persistedOpState: IN_SERVICE, persistedOpStateExpiryEpochSec: 0}, 961e98b4-0515-4e33-9a5e-b87989e0967c{ip: 10.1.0.56, host: fv-az180-400.aibneqh1mxpuhl3tnnuy2ifbce.bx.internal.cloudapp.net, ports: [REPLICATION=32803, RATIS=45547, RATIS_ADMIN=45547, RATIS_SERVER=45547, STANDALONE=33243], networkLocation: /default-rack, certSerialId: null, persistedOpState: IN_SERVICE, persistedOpStateExpiryEpochSec: 0}, a36f0c9e-34c7-41e1-90e2-5c691522fdfd{ip: 10.1.0.56, host: fv-az180-400.aibneqh1mxpuhl3tnnuy2ifbce.bx.internal.cloudapp.net, ports: [REPLICATION=43001, RATIS=35103, RATIS_ADMIN=35103, RATIS_SERVER=35103, STANDALONE=34509], networkLocation: /default-rack, certSerialId: null, persistedOpState: IN_SERVICE, persistedOpStateExpiryEpochSec: 0}, a49fbcfb-f7dc-4282-aec4-a4f9f3e2b5ab{ip: 10.1.0.56, host: fv-az180-400.aibneqh1mxpuhl3tnnuy2ifbce.bx.internal.cloudapp.net, ports: [REPLICATION=41799, RATIS=37955, RATIS_ADMIN=37955, RATIS_SERVER=37955, STANDALONE=46377], networkLocation: /default-rack, certSerialId: null, persistedOpState: null, persistedOpStateExpiryEpochSec: 0}]"  ancestorGen="0").
2022-11-18 13:06:08,511 [Under Replicated Processor] WARN  net.NetworkTopologyImpl (NetworkTopologyImpl.java:chooseNodeInternal(653)) - No available node in (scope="/default-rack" excludedScope="null" excludedNodes="[8ad84362-fca3-4a94-b029-55aaea538166{ip: 10.1.0.56, host: fv-az180-400.aibneqh1mxpuhl3tnnuy2ifbce.bx.internal.cloudapp.net, ports: [REPLICATION=45785, RATIS=38939, RATIS_ADMIN=38939, RATIS_SERVER=38939, STANDALONE=38791], networkLocation: /default-rack, certSerialId: null, persistedOpState: IN_SERVICE, persistedOpStateExpiryEpochSec: 0}, 1bb9cbb4-eec0-4324-8de7-fca776b53f2b{ip: 10.1.0.56, host: fv-az180-400.aibneqh1mxpuhl3tnnuy2ifbce.bx.internal.cloudapp.net, ports: [REPLICATION=45141, RATIS=44667, RATIS_ADMIN=44667, RATIS_SERVER=44667, STANDALONE=45879], networkLocation: /default-rack, certSerialId: null, persistedOpState: IN_SERVICE, persistedOpStateExpiryEpochSec: 0}, 961e98b4-0515-4e33-9a5e-b87989e0967c{ip: 10.1.0.56, host: fv-az180-400.aibneqh1mxpuhl3tnnuy2ifbce.bx.internal.cloudapp.net, ports: [REPLICATION=32803, RATIS=45547, RATIS_ADMIN=45547, RATIS_SERVER=45547, STANDALONE=33243], networkLocation: /default-rack, certSerialId: null, persistedOpState: IN_SERVICE, persistedOpStateExpiryEpochSec: 0}, a36f0c9e-34c7-41e1-90e2-5c691522fdfd{ip: 10.1.0.56, host: fv-az180-400.aibneqh1mxpuhl3tnnuy2ifbce.bx.internal.cloudapp.net, ports: [REPLICATION=43001, RATIS=35103, RATIS_ADMIN=35103, RATIS_SERVER=35103, STANDALONE=34509], networkLocation: /default-rack, certSerialId: null, persistedOpState: IN_SERVICE, persistedOpStateExpiryEpochSec: 0}, a49fbcfb-f7dc-4282-aec4-a4f9f3e2b5ab{ip: 10.1.0.56, host: fv-az180-400.aibneqh1mxpuhl3tnnuy2ifbce.bx.internal.cloudapp.net, ports: [REPLICATION=41799, RATIS=37955, RATIS_ADMIN=37955, RATIS_SERVER=37955, STANDALONE=46377], networkLocation: /default-rack, certSerialId: null, persistedOpState: null, persistedOpStateExpiryEpochSec: 0}]"  ancestorGen="0").
2022-11-18 13:06:08,511 [Under Replicated Processor] WARN  net.NetworkTopologyImpl (NetworkTopologyImpl.java:chooseNodeInternal(653)) - No available node in (scope="/default-rack" excludedScope="null" excludedNodes="[8ad84362-fca3-4a94-b029-55aaea538166{ip: 10.1.0.56, host: fv-az180-400.aibneqh1mxpuhl3tnnuy2ifbce.bx.internal.cloudapp.net, ports: [REPLICATION=45785, RATIS=38939, RATIS_ADMIN=38939, RATIS_SERVER=38939, STANDALONE=38791], networkLocation: /default-rack, certSerialId: null, persistedOpState: IN_SERVICE, persistedOpStateExpiryEpochSec: 0}, 1bb9cbb4-eec0-4324-8de7-fca776b53f2b{ip: 10.1.0.56, host: fv-az180-400.aibneqh1mxpuhl3tnnuy2ifbce.bx.internal.cloudapp.net, ports: [REPLICATION=45141, RATIS=44667, RATIS_ADMIN=44667, RATIS_SERVER=44667, STANDALONE=45879], networkLocation: /default-rack, certSerialId: null, persistedOpState: IN_SERVICE, persistedOpStateExpiryEpochSec: 0}, 961e98b4-0515-4e33-9a5e-b87989e0967c{ip: 10.1.0.56, host: fv-az180-400.aibneqh1mxpuhl3tnnuy2ifbce.bx.internal.cloudapp.net, ports: [REPLICATION=32803, RATIS=45547, RATIS_ADMIN=45547, RATIS_SERVER=45547, STANDALONE=33243], networkLocation: /default-rack, certSerialId: null, persistedOpState: IN_SERVICE, persistedOpStateExpiryEpochSec: 0}, a36f0c9e-34c7-41e1-90e2-5c691522fdfd{ip: 10.1.0.56, host: fv-az180-400.aibneqh1mxpuhl3tnnuy2ifbce.bx.internal.cloudapp.net, ports: [REPLICATION=43001, RATIS=35103, RATIS_ADMIN=35103, RATIS_SERVER=35103, STANDALONE=34509], networkLocation: /default-rack, certSerialId: null, persistedOpState: IN_SERVICE, persistedOpStateExpiryEpochSec: 0}, a49fbcfb-f7dc-4282-aec4-a4f9f3e2b5ab{ip: 10.1.0.56, host: fv-az180-400.aibneqh1mxpuhl3tnnuy2ifbce.bx.internal.cloudapp.net, ports: [REPLICATION=41799, RATIS=37955, RATIS_ADMIN=37955, RATIS_SERVER=37955, STANDALONE=46377], networkLocation: /default-rack, certSerialId: null, persistedOpState: null, persistedOpStateExpiryEpochSec: 0}]"  ancestorGen="0").
2022-11-18 13:06:08,511 [Under Replicated Processor] WARN  net.NetworkTopologyImpl (NetworkTopologyImpl.java:chooseNodeInternal(653)) - No available node in (scope="/default-rack" excludedScope="null" excludedNodes="[8ad84362-fca3-4a94-b029-55aaea538166{ip: 10.1.0.56, host: fv-az180-400.aibneqh1mxpuhl3tnnuy2ifbce.bx.internal.cloudapp.net, ports: [REPLICATION=45785, RATIS=38939, RATIS_ADMIN=38939, RATIS_SERVER=38939, STANDALONE=38791], networkLocation: /default-rack, certSerialId: null, persistedOpState: IN_SERVICE, persistedOpStateExpiryEpochSec: 0}, 1bb9cbb4-eec0-4324-8de7-fca776b53f2b{ip: 10.1.0.56, host: fv-az180-400.aibneqh1mxpuhl3tnnuy2ifbce.bx.internal.cloudapp.net, ports: [REPLICATION=45141, RATIS=44667, RATIS_ADMIN=44667, RATIS_SERVER=44667, STANDALONE=45879], networkLocation: /default-rack, certSerialId: null, persistedOpState: IN_SERVICE, persistedOpStateExpiryEpochSec: 0}, 961e98b4-0515-4e33-9a5e-b87989e0967c{ip: 10.1.0.56, host: fv-az180-400.aibneqh1mxpuhl3tnnuy2ifbce.bx.internal.cloudapp.net, ports: [REPLICATION=32803, RATIS=45547, RATIS_ADMIN=45547, RATIS_SERVER=45547, STANDALONE=33243], networkLocation: /default-rack, certSerialId: null, persistedOpState: IN_SERVICE, persistedOpStateExpiryEpochSec: 0}, a36f0c9e-34c7-41e1-90e2-5c691522fdfd{ip: 10.1.0.56, host: fv-az180-400.aibneqh1mxpuhl3tnnuy2ifbce.bx.internal.cloudapp.net, ports: [REPLICATION=43001, RATIS=35103, RATIS_ADMIN=35103, RATIS_SERVER=35103, STANDALONE=34509], networkLocation: /default-rack, certSerialId: null, persistedOpState: IN_SERVICE, persistedOpStateExpiryEpochSec: 0}, a49fbcfb-f7dc-4282-aec4-a4f9f3e2b5ab{ip: 10.1.0.56, host: fv-az180-400.aibneqh1mxpuhl3tnnuy2ifbce.bx.internal.cloudapp.net, ports: [REPLICATION=41799, RATIS=37955, RATIS_ADMIN=37955, RATIS_SERVER=37955, STANDALONE=46377], networkLocation: /default-rack, certSerialId: null, persistedOpState: null, persistedOpStateExpiryEpochSec: 0}]"  ancestorGen="0").
2022-11-18 13:06:08,511 [Under Replicated Processor] INFO  algorithms.SCMContainerPlacementRackScatter (SCMContainerPlacementRackScatter.java:chooseNode(379)) - No satisfied datanode to meet the constraints. Metadatadata size required: 0 Data size required: 5368709120, scope /default-rack, excluded nodes [8ad84362-fca3-4a94-b029-55aaea538166{ip: 10.1.0.56, host: fv-az180-400.aibneqh1mxpuhl3tnnuy2ifbce.bx.internal.cloudapp.net, ports: [REPLICATION=45785, RATIS=38939, RATIS_ADMIN=38939, RATIS_SERVER=38939, STANDALONE=38791], networkLocation: /default-rack, certSerialId: null, persistedOpState: IN_SERVICE, persistedOpStateExpiryEpochSec: 0}, 1bb9cbb4-eec0-4324-8de7-fca776b53f2b{ip: 10.1.0.56, host: fv-az180-400.aibneqh1mxpuhl3tnnuy2ifbce.bx.internal.cloudapp.net, ports: [REPLICATION=45141, RATIS=44667, RATIS_ADMIN=44667, RATIS_SERVER=44667, STANDALONE=45879], networkLocation: /default-rack, certSerialId: null, persistedOpState: IN_SERVICE, persistedOpStateExpiryEpochSec: 0}, 961e98b4-0515-4e33-9a5e-b87989e0967c{ip: 10.1.0.56, host: fv-az180-400.aibneqh1mxpuhl3tnnuy2ifbce.bx.internal.cloudapp.net, ports: [REPLICATION=32803, RATIS=45547, RATIS_ADMIN=45547, RATIS_SERVER=45547, STANDALONE=33243], networkLocation: /default-rack, certSerialId: null, persistedOpState: IN_SERVICE, persistedOpStateExpiryEpochSec: 0}, a36f0c9e-34c7-41e1-90e2-5c691522fdfd{ip: 10.1.0.56, host: fv-az180-400.aibneqh1mxpuhl3tnnuy2ifbce.bx.internal.cloudapp.net, ports: [REPLICATION=43001, RATIS=35103, RATIS_ADMIN=35103, RATIS_SERVER=35103, STANDALONE=34509], networkLocation: /default-rack, certSerialId: null, persistedOpState: IN_SERVICE, persistedOpStateExpiryEpochSec: 0}, a49fbcfb-f7dc-4282-aec4-a4f9f3e2b5ab{ip: 10.1.0.56, host: fv-az180-400.aibneqh1mxpuhl3tnnuy2ifbce.bx.internal.cloudapp.net, ports: [REPLICATION=41799, RATIS=37955, RATIS_ADMIN=37955, RATIS_SERVER=37955, STANDALONE=46377], networkLocation: /default-rack, certSerialId: null, persistedOpState: null, persistedOpStateExpiryEpochSec: 0}]
2022-11-18 13:06:08,511 [Under Replicated Processor] WARN  algorithms.SCMContainerPlacementRackScatter (SCMContainerPlacementRackScatter.java:chooseDatanodesInternal(281)) - Placement policy could not choose the enough nodes from available racks. Chosen nodes size from Unique Racks: 0, but required nodes to choose from Unique Racks: 1 do not match. Available racks count: 1, Excluded nodes count: 4
2022-11-18 13:06:08,511 [Under Replicated Processor] WARN  replication.ECUnderReplicationHandler (ECUnderReplicationHandler.java:processAndCreateCommands(252)) - Exception while processing for creating the EC reconstruction container commands for #8.
org.apache.hadoop.hdds.scm.exceptions.SCMException: Chosen nodes size from Unique Racks: 0, but required nodes to choose from Unique Racks: 1 do not match.
	at org.apache.hadoop.hdds.scm.container.placement.algorithms.SCMContainerPlacementRackScatter.chooseDatanodesInternal(SCMContainerPlacementRackScatter.java:286)
	at org.apache.hadoop.hdds.scm.SCMCommonPlacementPolicy.chooseDatanodes(SCMCommonPlacementPolicy.java:175)
	at org.apache.hadoop.hdds.scm.SCMCommonPlacementPolicy.chooseDatanodes(SCMCommonPlacementPolicy.java:117)
	at org.apache.hadoop.hdds.scm.container.replication.ECUnderReplicationHandler.getTargetDatanodes(ECUnderReplicationHandler.java:303)
	at org.apache.hadoop.hdds.scm.container.replication.ECUnderReplicationHandler.processAndCreateCommands(ECUnderReplicationHandler.java:186)
	at org.apache.hadoop.hdds.scm.container.replication.ReplicationManager.processUnderReplicatedContainer(ReplicationManager.java:483)
	at org.apache.hadoop.hdds.scm.container.replication.UnderReplicatedProcessor.processContainer(UnderReplicatedProcessor.java:99)
	at org.apache.hadoop.hdds.scm.container.replication.UnderReplicatedProcessor.processAll(UnderReplicatedProcessor.java:83)
	at org.apache.hadoop.hdds.scm.container.replication.UnderReplicatedProcessor.run(UnderReplicatedProcessor.java:144)
	at java.lang.Thread.run(Thread.java:750)
2022-11-18 13:06:08,511 [Under Replicated Processor] ERROR replication.UnderReplicatedProcessor (UnderReplicatedProcessor.java:processAll(86)) - Error processing under replicated container ContainerInfo{id=#8, state=CLOSED, pipelineID=PipelineID=67e84420-6fe2-43b6-bc4f-8bf4477b66f2, stateEnterTime=2022-11-18T13:05:28.764Z, owner=om1}
org.apache.hadoop.hdds.scm.exceptions.SCMException: Chosen nodes size from Unique Racks: 0, but required nodes to choose from Unique Racks: 1 do not match.
	at org.apache.hadoop.hdds.scm.container.placement.algorithms.SCMContainerPlacementRackScatter.chooseDatanodesInternal(SCMContainerPlacementRackScatter.java:286)
	at org.apache.hadoop.hdds.scm.SCMCommonPlacementPolicy.chooseDatanodes(SCMCommonPlacementPolicy.java:175)
	at org.apache.hadoop.hdds.scm.SCMCommonPlacementPolicy.chooseDatanodes(SCMCommonPlacementPolicy.java:117)
	at org.apache.hadoop.hdds.scm.container.replication.ECUnderReplicationHandler.getTargetDatanodes(ECUnderReplicationHandler.java:303)
	at org.apache.hadoop.hdds.scm.container.replication.ECUnderReplicationHandler.processAndCreateCommands(ECUnderReplicationHandler.java:186)
	at org.apache.hadoop.hdds.scm.container.replication.ReplicationManager.processUnderReplicatedContainer(ReplicationManager.java:483)
	at org.apache.hadoop.hdds.scm.container.replication.UnderReplicatedProcessor.processContainer(UnderReplicatedProcessor.java:99)
	at org.apache.hadoop.hdds.scm.container.replication.UnderReplicatedProcessor.processAll(UnderReplicatedProcessor.java:83)
	at org.apache.hadoop.hdds.scm.container.replication.UnderReplicatedProcessor.run(UnderReplicatedProcessor.java:144)
	at java.lang.Thread.run(Thread.java:750)
2022-11-18 13:06:08,512 [Under Replicated Processor] WARN  net.NetworkTopologyImpl (NetworkTopologyImpl.java:chooseNodeInternal(653)) - No available node in (scope="/default-rack" excludedScope="null" excludedNodes="[8ad84362-fca3-4a94-b029-55aaea538166{ip: 10.1.0.56, host: fv-az180-400.aibneqh1mxpuhl3tnnuy2ifbce.bx.internal.cloudapp.net, ports: [REPLICATION=45785, RATIS=38939, RATIS_ADMIN=38939, RATIS_SERVER=38939, STANDALONE=38791], networkLocation: /default-rack, certSerialId: null, persistedOpState: IN_SERVICE, persistedOpStateExpiryEpochSec: 0}, 1bb9cbb4-eec0-4324-8de7-fca776b53f2b{ip: 10.1.0.56, host: fv-az180-400.aibneqh1mxpuhl3tnnuy2ifbce.bx.internal.cloudapp.net, ports: [REPLICATION=45141, RATIS=44667, RATIS_ADMIN=44667, RATIS_SERVER=44667, STANDALONE=45879], networkLocation: /default-rack, certSerialId: null, persistedOpState: IN_SERVICE, persistedOpStateExpiryEpochSec: 0}, 961e98b4-0515-4e33-9a5e-b87989e0967c{ip: 10.1.0.56, host: fv-az180-400.aibneqh1mxpuhl3tnnuy2ifbce.bx.internal.cloudapp.net, ports: [REPLICATION=32803, RATIS=45547, RATIS_ADMIN=45547, RATIS_SERVER=45547, STANDALONE=33243], networkLocation: /default-rack, certSerialId: null, persistedOpState: IN_SERVICE, persistedOpStateExpiryEpochSec: 0}, a36f0c9e-34c7-41e1-90e2-5c691522fdfd{ip: 10.1.0.56, host: fv-az180-400.aibneqh1mxpuhl3tnnuy2ifbce.bx.internal.cloudapp.net, ports: [REPLICATION=43001, RATIS=35103, RATIS_ADMIN=35103, RATIS_SERVER=35103, STANDALONE=34509], networkLocation: /default-rack, certSerialId: null, persistedOpState: IN_SERVICE, persistedOpStateExpiryEpochSec: 0}, a49fbcfb-f7dc-4282-aec4-a4f9f3e2b5ab{ip: 10.1.0.56, host: fv-az180-400.aibneqh1mxpuhl3tnnuy2ifbce.bx.internal.cloudapp.net, ports: [REPLICATION=41799, RATIS=37955, RATIS_ADMIN=37955, RATIS_SERVER=37955, STANDALONE=46377], networkLocation: /default-rack, certSerialId: null, persistedOpState: null, persistedOpStateExpiryEpochSec: 0}]"  ancestorGen="0").
2022-11-18 13:06:08,512 [Under Replicated Processor] WARN  net.NetworkTopologyImpl (NetworkTopologyImpl.java:chooseNodeInternal(653)) - No available node in (scope="/default-rack" excludedScope="null" excludedNodes="[8ad84362-fca3-4a94-b029-55aaea538166{ip: 10.1.0.56, host: fv-az180-400.aibneqh1mxpuhl3tnnuy2ifbce.bx.internal.cloudapp.net, ports: [REPLICATION=45785, RATIS=38939, RATIS_ADMIN=38939, RATIS_SERVER=38939, STANDALONE=38791], networkLocation: /default-rack, certSerialId: null, persistedOpState: IN_SERVICE, persistedOpStateExpiryEpochSec: 0}, 1bb9cbb4-eec0-4324-8de7-fca776b53f2b{ip: 10.1.0.56, host: fv-az180-400.aibneqh1mxpuhl3tnnuy2ifbce.bx.internal.cloudapp.net, ports: [REPLICATION=45141, RATIS=44667, RATIS_ADMIN=44667, RATIS_SERVER=44667, STANDALONE=45879], networkLocation: /default-rack, certSerialId: null, persistedOpState: IN_SERVICE, persistedOpStateExpiryEpochSec: 0}, 961e98b4-0515-4e33-9a5e-b87989e0967c{ip: 10.1.0.56, host: fv-az180-400.aibneqh1mxpuhl3tnnuy2ifbce.bx.internal.cloudapp.net, ports: [REPLICATION=32803, RATIS=45547, RATIS_ADMIN=45547, RATIS_SERVER=45547, STANDALONE=33243], networkLocation: /default-rack, certSerialId: null, persistedOpState: IN_SERVICE, persistedOpStateExpiryEpochSec: 0}, a36f0c9e-34c7-41e1-90e2-5c691522fdfd{ip: 10.1.0.56, host: fv-az180-400.aibneqh1mxpuhl3tnnuy2ifbce.bx.internal.cloudapp.net, ports: [REPLICATION=43001, RATIS=35103, RATIS_ADMIN=35103, RATIS_SERVER=35103, STANDALONE=34509], networkLocation: /default-rack, certSerialId: null, persistedOpState: IN_SERVICE, persistedOpStateExpiryEpochSec: 0}, a49fbcfb-f7dc-4282-aec4-a4f9f3e2b5ab{ip: 10.1.0.56, host: fv-az180-400.aibneqh1mxpuhl3tnnuy2ifbce.bx.internal.cloudapp.net, ports: [REPLICATION=41799, RATIS=37955, RATIS_ADMIN=37955, RATIS_SERVER=37955, STANDALONE=46377], networkLocation: /default-rack, certSerialId: null, persistedOpState: null, persistedOpStateExpiryEpochSec: 0}]"  ancestorGen="0").
2022-11-18 13:06:08,512 [Under Replicated Processor] WARN  net.NetworkTopologyImpl (NetworkTopologyImpl.java:chooseNodeInternal(653)) - No available node in (scope="/default-rack" excludedScope="null" excludedNodes="[8ad84362-fca3-4a94-b029-55aaea538166{ip: 10.1.0.56, host: fv-az180-400.aibneqh1mxpuhl3tnnuy2ifbce.bx.internal.cloudapp.net, ports: [REPLICATION=45785, RATIS=38939, RATIS_ADMIN=38939, RATIS_SERVER=38939, STANDALONE=38791], networkLocation: /default-rack, certSerialId: null, persistedOpState: IN_SERVICE, persistedOpStateExpiryEpochSec: 0}, 1bb9cbb4-eec0-4324-8de7-fca776b53f2b{ip: 10.1.0.56, host: fv-az180-400.aibneqh1mxpuhl3tnnuy2ifbce.bx.internal.cloudapp.net, ports: [REPLICATION=45141, RATIS=44667, RATIS_ADMIN=44667, RATIS_SERVER=44667, STANDALONE=45879], networkLocation: /default-rack, certSerialId: null, persistedOpState: IN_SERVICE, persistedOpStateExpiryEpochSec: 0}, 961e98b4-0515-4e33-9a5e-b87989e0967c{ip: 10.1.0.56, host: fv-az180-400.aibneqh1mxpuhl3tnnuy2ifbce.bx.internal.cloudapp.net, ports: [REPLICATION=32803, RATIS=45547, RATIS_ADMIN=45547, RATIS_SERVER=45547, STANDALONE=33243], networkLocation: /default-rack, certSerialId: null, persistedOpState: IN_SERVICE, persistedOpStateExpiryEpochSec: 0}, a36f0c9e-34c7-41e1-90e2-5c691522fdfd{ip: 10.1.0.56, host: fv-az180-400.aibneqh1mxpuhl3tnnuy2ifbce.bx.internal.cloudapp.net, ports: [REPLICATION=43001, RATIS=35103, RATIS_ADMIN=35103, RATIS_SERVER=35103, STANDALONE=34509], networkLocation: /default-rack, certSerialId: null, persistedOpState: IN_SERVICE, persistedOpStateExpiryEpochSec: 0}, a49fbcfb-f7dc-4282-aec4-a4f9f3e2b5ab{ip: 10.1.0.56, host: fv-az180-400.aibneqh1mxpuhl3tnnuy2ifbce.bx.internal.cloudapp.net, ports: [REPLICATION=41799, RATIS=37955, RATIS_ADMIN=37955, RATIS_SERVER=37955, STANDALONE=46377], networkLocation: /default-rack, certSerialId: null, persistedOpState: null, persistedOpStateExpiryEpochSec: 0}]"  ancestorGen="0").
2022-11-18 13:06:08,512 [Under Replicated Processor] WARN  net.NetworkTopologyImpl (NetworkTopologyImpl.java:chooseNodeInternal(653)) - No available node in (scope="/default-rack" excludedScope="null" excludedNodes="[8ad84362-fca3-4a94-b029-55aaea538166{ip: 10.1.0.56, host: fv-az180-400.aibneqh1mxpuhl3tnnuy2ifbce.bx.internal.cloudapp.net, ports: [REPLICATION=45785, RATIS=38939, RATIS_ADMIN=38939, RATIS_SERVER=38939, STANDALONE=38791], networkLocation: /default-rack, certSerialId: null, persistedOpState: IN_SERVICE, persistedOpStateExpiryEpochSec: 0}, 1bb9cbb4-eec0-4324-8de7-fca776b53f2b{ip: 10.1.0.56, host: fv-az180-400.aibneqh1mxpuhl3tnnuy2ifbce.bx.internal.cloudapp.net, ports: [REPLICATION=45141, RATIS=44667, RATIS_ADMIN=44667, RATIS_SERVER=44667, STANDALONE=45879], networkLocation: /default-rack, certSerialId: null, persistedOpState: IN_SERVICE, persistedOpStateExpiryEpochSec: 0}, 961e98b4-0515-4e33-9a5e-b87989e0967c{ip: 10.1.0.56, host: fv-az180-400.aibneqh1mxpuhl3tnnuy2ifbce.bx.internal.cloudapp.net, ports: [REPLICATION=32803, RATIS=45547, RATIS_ADMIN=45547, RATIS_SERVER=45547, STANDALONE=33243], networkLocation: /default-rack, certSerialId: null, persistedOpState: IN_SERVICE, persistedOpStateExpiryEpochSec: 0}, a36f0c9e-34c7-41e1-90e2-5c691522fdfd{ip: 10.1.0.56, host: fv-az180-400.aibneqh1mxpuhl3tnnuy2ifbce.bx.internal.cloudapp.net, ports: [REPLICATION=43001, RATIS=35103, RATIS_ADMIN=35103, RATIS_SERVER=35103, STANDALONE=34509], networkLocation: /default-rack, certSerialId: null, persistedOpState: IN_SERVICE, persistedOpStateExpiryEpochSec: 0}, a49fbcfb-f7dc-4282-aec4-a4f9f3e2b5ab{ip: 10.1.0.56, host: fv-az180-400.aibneqh1mxpuhl3tnnuy2ifbce.bx.internal.cloudapp.net, ports: [REPLICATION=41799, RATIS=37955, RATIS_ADMIN=37955, RATIS_SERVER=37955, STANDALONE=46377], networkLocation: /default-rack, certSerialId: null, persistedOpState: null, persistedOpStateExpiryEpochSec: 0}]"  ancestorGen="0").
2022-11-18 13:06:08,512 [Under Replicated Processor] INFO  algorithms.SCMContainerPlacementRackScatter (SCMContainerPlacementRackScatter.java:chooseNode(379)) - No satisfied datanode to meet the constraints. Metadatadata size required: 0 Data size required: 5368709120, scope /default-rack, excluded nodes [8ad84362-fca3-4a94-b029-55aaea538166{ip: 10.1.0.56, host: fv-az180-400.aibneqh1mxpuhl3tnnuy2ifbce.bx.internal.cloudapp.net, ports: [REPLICATION=45785, RATIS=38939, RATIS_ADMIN=38939, RATIS_SERVER=38939, STANDALONE=38791], networkLocation: /default-rack, certSerialId: null, persistedOpState: IN_SERVICE, persistedOpStateExpiryEpochSec: 0}, 1bb9cbb4-eec0-4324-8de7-fca776b53f2b{ip: 10.1.0.56, host: fv-az180-400.aibneqh1mxpuhl3tnnuy2ifbce.bx.internal.cloudapp.net, ports: [REPLICATION=45141, RATIS=44667, RATIS_ADMIN=44667, RATIS_SERVER=44667, STANDALONE=45879], networkLocation: /default-rack, certSerialId: null, persistedOpState: IN_SERVICE, persistedOpStateExpiryEpochSec: 0}, 961e98b4-0515-4e33-9a5e-b87989e0967c{ip: 10.1.0.56, host: fv-az180-400.aibneqh1mxpuhl3tnnuy2ifbce.bx.internal.cloudapp.net, ports: [REPLICATION=32803, RATIS=45547, RATIS_ADMIN=45547, RATIS_SERVER=45547, STANDALONE=33243], networkLocation: /default-rack, certSerialId: null, persistedOpState: IN_SERVICE, persistedOpStateExpiryEpochSec: 0}, a36f0c9e-34c7-41e1-90e2-5c691522fdfd{ip: 10.1.0.56, host: fv-az180-400.aibneqh1mxpuhl3tnnuy2ifbce.bx.internal.cloudapp.net, ports: [REPLICATION=43001, RATIS=35103, RATIS_ADMIN=35103, RATIS_SERVER=35103, STANDALONE=34509], networkLocation: /default-rack, certSerialId: null, persistedOpState: IN_SERVICE, persistedOpStateExpiryEpochSec: 0}, a49fbcfb-f7dc-4282-aec4-a4f9f3e2b5ab{ip: 10.1.0.56, host: fv-az180-400.aibneqh1mxpuhl3tnnuy2ifbce.bx.internal.cloudapp.net, ports: [REPLICATION=41799, RATIS=37955, RATIS_ADMIN=37955, RATIS_SERVER=37955, STANDALONE=46377], networkLocation: /default-rack, certSerialId: null, persistedOpState: null, persistedOpStateExpiryEpochSec: 0}]
2022-11-18 13:06:08,512 [Under Replicated Processor] WARN  algorithms.SCMContainerPlacementRackScatter (SCMContainerPlacementRackScatter.java:chooseDatanodesInternal(281)) - Placement policy could not choose the enough nodes from available racks. Chosen nodes size from Unique Racks: 0, but required nodes to choose from Unique Racks: 1 do not match. Available racks count: 1, Excluded nodes count: 4
2022-11-18 13:06:08,512 [Under Replicated Processor] WARN  replication.ECUnderReplicationHandler (ECUnderReplicationHandler.java:processAndCreateCommands(252)) - Exception while processing for creating the EC reconstruction container commands for #8.
org.apache.hadoop.hdds.scm.exceptions.SCMException: Chosen nodes size from Unique Racks: 0, but required nodes to choose from Unique Racks: 1 do not match.
	at org.apache.hadoop.hdds.scm.container.placement.algorithms.SCMContainerPlacementRackScatter.chooseDatanodesInternal(SCMContainerPlacementRackScatter.java:286)
	at org.apache.hadoop.hdds.scm.SCMCommonPlacementPolicy.chooseDatanodes(SCMCommonPlacementPolicy.java:175)
	at org.apache.hadoop.hdds.scm.SCMCommonPlacementPolicy.chooseDatanodes(SCMCommonPlacementPolicy.java:117)
	at org.apache.hadoop.hdds.scm.container.replication.ECUnderReplicationHandler.getTargetDatanodes(ECUnderReplicationHandler.java:303)
	at org.apache.hadoop.hdds.scm.container.replication.ECUnderReplicationHandler.processAndCreateCommands(ECUnderReplicationHandler.java:186)
	at org.apache.hadoop.hdds.scm.container.replication.ReplicationManager.processUnderReplicatedContainer(ReplicationManager.java:483)
	at org.apache.hadoop.hdds.scm.container.replication.UnderReplicatedProcessor.processContainer(UnderReplicatedProcessor.java:99)
	at org.apache.hadoop.hdds.scm.container.replication.UnderReplicatedProcessor.processAll(UnderReplicatedProcessor.java:83)
	at org.apache.hadoop.hdds.scm.container.replication.UnderReplicatedProcessor.run(UnderReplicatedProcessor.java:144)
	at java.lang.Thread.run(Thread.java:750)
2022-11-18 13:06:08,512 [Under Replicated Processor] ERROR replication.UnderReplicatedProcessor (UnderReplicatedProcessor.java:processAll(86)) - Error processing under replicated container ContainerInfo{id=#8, state=CLOSED, pipelineID=PipelineID=67e84420-6fe2-43b6-bc4f-8bf4477b66f2, stateEnterTime=2022-11-18T13:05:28.764Z, owner=om1}
org.apache.hadoop.hdds.scm.exceptions.SCMException: Chosen nodes size from Unique Racks: 0, but required nodes to choose from Unique Racks: 1 do not match.
	at org.apache.hadoop.hdds.scm.container.placement.algorithms.SCMContainerPlacementRackScatter.chooseDatanodesInternal(SCMContainerPlacementRackScatter.java:286)
	at org.apache.hadoop.hdds.scm.SCMCommonPlacementPolicy.chooseDatanodes(SCMCommonPlacementPolicy.java:175)
	at org.apache.hadoop.hdds.scm.SCMCommonPlacementPolicy.chooseDatanodes(SCMCommonPlacementPolicy.java:117)
	at org.apache.hadoop.hdds.scm.container.replication.ECUnderReplicationHandler.getTargetDatanodes(ECUnderReplicationHandler.java:303)
	at org.apache.hadoop.hdds.scm.container.replication.ECUnderReplicationHandler.processAndCreateCommands(ECUnderReplicationHandler.java:186)
	at org.apache.hadoop.hdds.scm.container.replication.ReplicationManager.processUnderReplicatedContainer(ReplicationManager.java:483)
	at org.apache.hadoop.hdds.scm.container.replication.UnderReplicatedProcessor.processContainer(UnderReplicatedProcessor.java:99)
	at org.apache.hadoop.hdds.scm.container.replication.UnderReplicatedProcessor.processAll(UnderReplicatedProcessor.java:83)
	at org.apache.hadoop.hdds.scm.container.replication.UnderReplicatedProcessor.run(UnderReplicatedProcessor.java:144)
	at java.lang.Thread.run(Thread.java:750)
2022-11-18 13:06:08,513 [Under Replicated Processor] WARN  net.NetworkTopologyImpl (NetworkTopologyImpl.java:chooseNodeInternal(653)) - No available node in (scope="/default-rack" excludedScope="null" excludedNodes="[8ad84362-fca3-4a94-b029-55aaea538166{ip: 10.1.0.56, host: fv-az180-400.aibneqh1mxpuhl3tnnuy2ifbce.bx.internal.cloudapp.net, ports: [REPLICATION=45785, RATIS=38939, RATIS_ADMIN=38939, RATIS_SERVER=38939, STANDALONE=38791], networkLocation: /default-rack, certSerialId: null, persistedOpState: IN_SERVICE, persistedOpStateExpiryEpochSec: 0}, 1bb9cbb4-eec0-4324-8de7-fca776b53f2b{ip: 10.1.0.56, host: fv-az180-400.aibneqh1mxpuhl3tnnuy2ifbce.bx.internal.cloudapp.net, ports: [REPLICATION=45141, RATIS=44667, RATIS_ADMIN=44667, RATIS_SERVER=44667, STANDALONE=45879], networkLocation: /default-rack, certSerialId: null, persistedOpState: IN_SERVICE, persistedOpStateExpiryEpochSec: 0}, 961e98b4-0515-4e33-9a5e-b87989e0967c{ip: 10.1.0.56, host: fv-az180-400.aibneqh1mxpuhl3tnnuy2ifbce.bx.internal.cloudapp.net, ports: [REPLICATION=32803, RATIS=45547, RATIS_ADMIN=45547, RATIS_SERVER=45547, STANDALONE=33243], networkLocation: /default-rack, certSerialId: null, persistedOpState: IN_SERVICE, persistedOpStateExpiryEpochSec: 0}, a36f0c9e-34c7-41e1-90e2-5c691522fdfd{ip: 10.1.0.56, host: fv-az180-400.aibneqh1mxpuhl3tnnuy2ifbce.bx.internal.cloudapp.net, ports: [REPLICATION=43001, RATIS=35103, RATIS_ADMIN=35103, RATIS_SERVER=35103, STANDALONE=34509], networkLocation: /default-rack, certSerialId: null, persistedOpState: IN_SERVICE, persistedOpStateExpiryEpochSec: 0}, a49fbcfb-f7dc-4282-aec4-a4f9f3e2b5ab{ip: 10.1.0.56, host: fv-az180-400.aibneqh1mxpuhl3tnnuy2ifbce.bx.internal.cloudapp.net, ports: [REPLICATION=41799, RATIS=37955, RATIS_ADMIN=37955, RATIS_SERVER=37955, STANDALONE=46377], networkLocation: /default-rack, certSerialId: null, persistedOpState: null, persistedOpStateExpiryEpochSec: 0}]"  ancestorGen="0").
2022-11-18 13:06:08,513 [Under Replicated Processor] WARN  net.NetworkTopologyImpl (NetworkTopologyImpl.java:chooseNodeInternal(653)) - No available node in (scope="/default-rack" excludedScope="null" excludedNodes="[8ad84362-fca3-4a94-b029-55aaea538166{ip: 10.1.0.56, host: fv-az180-400.aibneqh1mxpuhl3tnnuy2ifbce.bx.internal.cloudapp.net, ports: [REPLICATION=45785, RATIS=38939, RATIS_ADMIN=38939, RATIS_SERVER=38939, STANDALONE=38791], networkLocation: /default-rack, certSerialId: null, persistedOpState: IN_SERVICE, persistedOpStateExpiryEpochSec: 0}, 1bb9cbb4-eec0-4324-8de7-fca776b53f2b{ip: 10.1.0.56, host: fv-az180-400.aibneqh1mxpuhl3tnnuy2ifbce.bx.internal.cloudapp.net, ports: [REPLICATION=45141, RATIS=44667, RATIS_ADMIN=44667, RATIS_SERVER=44667, STANDALONE=45879], networkLocation: /default-rack, certSerialId: null, persistedOpState: IN_SERVICE, persistedOpStateExpiryEpochSec: 0}, 961e98b4-0515-4e33-9a5e-b87989e0967c{ip: 10.1.0.56, host: fv-az180-400.aibneqh1mxpuhl3tnnuy2ifbce.bx.internal.cloudapp.net, ports: [REPLICATION=32803, RATIS=45547, RATIS_ADMIN=45547, RATIS_SERVER=45547, STANDALONE=33243], networkLocation: /default-rack, certSerialId: null, persistedOpState: IN_SERVICE, persistedOpStateExpiryEpochSec: 0}, a36f0c9e-34c7-41e1-90e2-5c691522fdfd{ip: 10.1.0.56, host: fv-az180-400.aibneqh1mxpuhl3tnnuy2ifbce.bx.internal.cloudapp.net, ports: [REPLICATION=43001, RATIS=35103, RATIS_ADMIN=35103, RATIS_SERVER=35103, STANDALONE=34509], networkLocation: /default-rack, certSerialId: null, persistedOpState: IN_SERVICE, persistedOpStateExpiryEpochSec: 0}, a49fbcfb-f7dc-4282-aec4-a4f9f3e2b5ab{ip: 10.1.0.56, host: fv-az180-400.aibneqh1mxpuhl3tnnuy2ifbce.bx.internal.cloudapp.net, ports: [REPLICATION=41799, RATIS=37955, RATIS_ADMIN=37955, RATIS_SERVER=37955, STANDALONE=46377], networkLocation: /default-rack, certSerialId: null, persistedOpState: null, persistedOpStateExpiryEpochSec: 0}]"  ancestorGen="0").
2022-11-18 13:06:08,513 [Under Replicated Processor] WARN  net.NetworkTopologyImpl (NetworkTopologyImpl.java:chooseNodeInternal(653)) - No available node in (scope="/default-rack" excludedScope="null" excludedNodes="[8ad84362-fca3-4a94-b029-55aaea538166{ip: 10.1.0.56, host: fv-az180-400.aibneqh1mxpuhl3tnnuy2ifbce.bx.internal.cloudapp.net, ports: [REPLICATION=45785, RATIS=38939, RATIS_ADMIN=38939, RATIS_SERVER=38939, STANDALONE=38791], networkLocation: /default-rack, certSerialId: null, persistedOpState: IN_SERVICE, persistedOpStateExpiryEpochSec: 0}, 1bb9cbb4-eec0-4324-8de7-fca776b53f2b{ip: 10.1.0.56, host: fv-az180-400.aibneqh1mxpuhl3tnnuy2ifbce.bx.internal.cloudapp.net, ports: [REPLICATION=45141, RATIS=44667, RATIS_ADMIN=44667, RATIS_SERVER=44667, STANDALONE=45879], networkLocation: /default-rack, certSerialId: null, persistedOpState: IN_SERVICE, persistedOpStateExpiryEpochSec: 0}, 961e98b4-0515-4e33-9a5e-b87989e0967c{ip: 10.1.0.56, host: fv-az180-400.aibneqh1mxpuhl3tnnuy2ifbce.bx.internal.cloudapp.net, ports: [REPLICATION=32803, RATIS=45547, RATIS_ADMIN=45547, RATIS_SERVER=45547, STANDALONE=33243], networkLocation: /default-rack, certSerialId: null, persistedOpState: IN_SERVICE, persistedOpStateExpiryEpochSec: 0}, a36f0c9e-34c7-41e1-90e2-5c691522fdfd{ip: 10.1.0.56, host: fv-az180-400.aibneqh1mxpuhl3tnnuy2ifbce.bx.internal.cloudapp.net, ports: [REPLICATION=43001, RATIS=35103, RATIS_ADMIN=35103, RATIS_SERVER=35103, STANDALONE=34509], networkLocation: /default-rack, certSerialId: null, persistedOpState: IN_SERVICE, persistedOpStateExpiryEpochSec: 0}, a49fbcfb-f7dc-4282-aec4-a4f9f3e2b5ab{ip: 10.1.0.56, host: fv-az180-400.aibneqh1mxpuhl3tnnuy2ifbce.bx.internal.cloudapp.net, ports: [REPLICATION=41799, RATIS=37955, RATIS_ADMIN=37955, RATIS_SERVER=37955, STANDALONE=46377], networkLocation: /default-rack, certSerialId: null, persistedOpState: null, persistedOpStateExpiryEpochSec: 0}]"  ancestorGen="0").
2022-11-18 13:06:08,513 [Under Replicated Processor] WARN  net.NetworkTopologyImpl (NetworkTopologyImpl.java:chooseNodeInternal(653)) - No available node in (scope="/default-rack" excludedScope="null" excludedNodes="[8ad84362-fca3-4a94-b029-55aaea538166{ip: 10.1.0.56, host: fv-az180-400.aibneqh1mxpuhl3tnnuy2ifbce.bx.internal.cloudapp.net, ports: [REPLICATION=45785, RATIS=38939, RATIS_ADMIN=38939, RATIS_SERVER=38939, STANDALONE=38791], networkLocation: /default-rack, certSerialId: null, persistedOpState: IN_SERVICE, persistedOpStateExpiryEpochSec: 0}, 1bb9cbb4-eec0-4324-8de7-fca776b53f2b{ip: 10.1.0.56, host: fv-az180-400.aibneqh1mxpuhl3tnnuy2ifbce.bx.internal.cloudapp.net, ports: [REPLICATION=45141, RATIS=44667, RATIS_ADMIN=44667, RATIS_SERVER=44667, STANDALONE=45879], networkLocation: /default-rack, certSerialId: null, persistedOpState: IN_SERVICE, persistedOpStateExpiryEpochSec: 0}, 961e98b4-0515-4e33-9a5e-b87989e0967c{ip: 10.1.0.56, host: fv-az180-400.aibneqh1mxpuhl3tnnuy2ifbce.bx.internal.cloudapp.net, ports: [REPLICATION=32803, RATIS=45547, RATIS_ADMIN=45547, RATIS_SERVER=45547, STANDALONE=33243], networkLocation: /default-rack, certSerialId: null, persistedOpState: IN_SERVICE, persistedOpStateExpiryEpochSec: 0}, a36f0c9e-34c7-41e1-90e2-5c691522fdfd{ip: 10.1.0.56, host: fv-az180-400.aibneqh1mxpuhl3tnnuy2ifbce.bx.internal.cloudapp.net, ports: [REPLICATION=43001, RATIS=35103, RATIS_ADMIN=35103, RATIS_SERVER=35103, STANDALONE=34509], networkLocation: /default-rack, certSerialId: null, persistedOpState: IN_SERVICE, persistedOpStateExpiryEpochSec: 0}, a49fbcfb-f7dc-4282-aec4-a4f9f3e2b5ab{ip: 10.1.0.56, host: fv-az180-400.aibneqh1mxpuhl3tnnuy2ifbce.bx.internal.cloudapp.net, ports: [REPLICATION=41799, RATIS=37955, RATIS_ADMIN=37955, RATIS_SERVER=37955, STANDALONE=46377], networkLocation: /default-rack, certSerialId: null, persistedOpState: null, persistedOpStateExpiryEpochSec: 0}]"  ancestorGen="0").
2022-11-18 13:06:08,513 [Under Replicated Processor] INFO  algorithms.SCMContainerPlacementRackScatter (SCMContainerPlacementRackScatter.java:chooseNode(379)) - No satisfied datanode to meet the constraints. Metadatadata size required: 0 Data size required: 5368709120, scope /default-rack, excluded nodes [8ad84362-fca3-4a94-b029-55aaea538166{ip: 10.1.0.56, host: fv-az180-400.aibneqh1mxpuhl3tnnuy2ifbce.bx.internal.cloudapp.net, ports: [REPLICATION=45785, RATIS=38939, RATIS_ADMIN=38939, RATIS_SERVER=38939, STANDALONE=38791], networkLocation: /default-rack, certSerialId: null, persistedOpState: IN_SERVICE, persistedOpStateExpiryEpochSec: 0}, 1bb9cbb4-eec0-4324-8de7-fca776b53f2b{ip: 10.1.0.56, host: fv-az180-400.aibneqh1mxpuhl3tnnuy2ifbce.bx.internal.cloudapp.net, ports: [REPLICATION=45141, RATIS=44667, RATIS_ADMIN=44667, RATIS_SERVER=44667, STANDALONE=45879], networkLocation: /default-rack, certSerialId: null, persistedOpState: IN_SERVICE, persistedOpStateExpiryEpochSec: 0}, 961e98b4-0515-4e33-9a5e-b87989e0967c{ip: 10.1.0.56, host: fv-az180-400.aibneqh1mxpuhl3tnnuy2ifbce.bx.internal.cloudapp.net, ports: [REPLICATION=32803, RATIS=45547, RATIS_ADMIN=45547, RATIS_SERVER=45547, STANDALONE=33243], networkLocation: /default-rack, certSerialId: null, persistedOpState: IN_SERVICE, persistedOpStateExpiryEpochSec: 0}, a36f0c9e-34c7-41e1-90e2-5c691522fdfd{ip: 10.1.0.56, host: fv-az180-400.aibneqh1mxpuhl3tnnuy2ifbce.bx.internal.cloudapp.net, ports: [REPLICATION=43001, RATIS=35103, RATIS_ADMIN=35103, RATIS_SERVER=35103, STANDALONE=34509], networkLocation: /default-rack, certSerialId: null, persistedOpState: IN_SERVICE, persistedOpStateExpiryEpochSec: 0}, a49fbcfb-f7dc-4282-aec4-a4f9f3e2b5ab{ip: 10.1.0.56, host: fv-az180-400.aibneqh1mxpuhl3tnnuy2ifbce.bx.internal.cloudapp.net, ports: [REPLICATION=41799, RATIS=37955, RATIS_ADMIN=37955, RATIS_SERVER=37955, STANDALONE=46377], networkLocation: /default-rack, certSerialId: null, persistedOpState: null, persistedOpStateExpiryEpochSec: 0}]
2022-11-18 13:06:08,513 [Under Replicated Processor] WARN  algorithms.SCMContainerPlacementRackScatter (SCMContainerPlacementRackScatter.java:chooseDatanodesInternal(281)) - Placement policy could not choose the enough nodes from available racks. Chosen nodes size from Unique Racks: 0, but required nodes to choose from Unique Racks: 1 do not match. Available racks count: 1, Excluded nodes count: 4
2022-11-18 13:06:08,513 [Under Replicated Processor] WARN  replication.ECUnderReplicationHandler (ECUnderReplicationHandler.java:processAndCreateCommands(252)) - Exception while processing for creating the EC reconstruction container commands for #8.
org.apache.hadoop.hdds.scm.exceptions.SCMException: Chosen nodes size from Unique Racks: 0, but required nodes to choose from Unique Racks: 1 do not match.
	at org.apache.hadoop.hdds.scm.container.placement.algorithms.SCMContainerPlacementRackScatter.chooseDatanodesInternal(SCMContainerPlacementRackScatter.java:286)
	at org.apache.hadoop.hdds.scm.SCMCommonPlacementPolicy.chooseDatanodes(SCMCommonPlacementPolicy.java:175)
	at org.apache.hadoop.hdds.scm.SCMCommonPlacementPolicy.chooseDatanodes(SCMCommonPlacementPolicy.java:117)
	at org.apache.hadoop.hdds.scm.container.replication.ECUnderReplicationHandler.getTargetDatanodes(ECUnderReplicationHandler.java:303)
	at org.apache.hadoop.hdds.scm.container.replication.ECUnderReplicationHandler.processAndCreateCommands(ECUnderReplicationHandler.java:186)
	at org.apache.hadoop.hdds.scm.container.replication.ReplicationManager.processUnderReplicatedContainer(ReplicationManager.java:483)
	at org.apache.hadoop.hdds.scm.container.replication.UnderReplicatedProcessor.processContainer(UnderReplicatedProcessor.java:99)
	at org.apache.hadoop.hdds.scm.container.replication.UnderReplicatedProcessor.processAll(UnderReplicatedProcessor.java:83)
	at org.apache.hadoop.hdds.scm.container.replication.UnderReplicatedProcessor.run(UnderReplicatedProcessor.java:144)
	at java.lang.Thread.run(Thread.java:750)
2022-11-18 13:06:08,513 [Under Replicated Processor] ERROR replication.UnderReplicatedProcessor (UnderReplicatedProcessor.java:processAll(86)) - Error processing under replicated container ContainerInfo{id=#8, state=CLOSED, pipelineID=PipelineID=67e84420-6fe2-43b6-bc4f-8bf4477b66f2, stateEnterTime=2022-11-18T13:05:28.764Z, owner=om1}
org.apache.hadoop.hdds.scm.exceptions.SCMException: Chosen nodes size from Unique Racks: 0, but required nodes to choose from Unique Racks: 1 do not match.
	at org.apache.hadoop.hdds.scm.container.placement.algorithms.SCMContainerPlacementRackScatter.chooseDatanodesInternal(SCMContainerPlacementRackScatter.java:286)
	at org.apache.hadoop.hdds.scm.SCMCommonPlacementPolicy.chooseDatanodes(SCMCommonPlacementPolicy.java:175)
	at org.apache.hadoop.hdds.scm.SCMCommonPlacementPolicy.chooseDatanodes(SCMCommonPlacementPolicy.java:117)
	at org.apache.hadoop.hdds.scm.container.replication.ECUnderReplicationHandler.getTargetDatanodes(ECUnderReplicationHandler.java:303)
	at org.apache.hadoop.hdds.scm.container.replication.ECUnderReplicationHandler.processAndCreateCommands(ECUnderReplicationHandler.java:186)
	at org.apache.hadoop.hdds.scm.container.replication.ReplicationManager.processUnderReplicatedContainer(ReplicationManager.java:483)
	at org.apache.hadoop.hdds.scm.container.replication.UnderReplicatedProcessor.processContainer(UnderReplicatedProcessor.java:99)
	at org.apache.hadoop.hdds.scm.container.replication.UnderReplicatedProcessor.processAll(UnderReplicatedProcessor.java:83)
	at org.apache.hadoop.hdds.scm.container.replication.UnderReplicatedProcessor.run(UnderReplicatedProcessor.java:144)
	at java.lang.Thread.run(Thread.java:750)
2022-11-18 13:06:08,514 [Under Replicated Processor] WARN  net.NetworkTopologyImpl (NetworkTopologyImpl.java:chooseNodeInternal(653)) - No available node in (scope="/default-rack" excludedScope="null" excludedNodes="[8ad84362-fca3-4a94-b029-55aaea538166{ip: 10.1.0.56, host: fv-az180-400.aibneqh1mxpuhl3tnnuy2ifbce.bx.internal.cloudapp.net, ports: [REPLICATION=45785, RATIS=38939, RATIS_ADMIN=38939, RATIS_SERVER=38939, STANDALONE=38791], networkLocation: /default-rack, certSerialId: null, persistedOpState: IN_SERVICE, persistedOpStateExpiryEpochSec: 0}, 1bb9cbb4-eec0-4324-8de7-fca776b53f2b{ip: 10.1.0.56, host: fv-az180-400.aibneqh1mxpuhl3tnnuy2ifbce.bx.internal.cloudapp.net, ports: [REPLICATION=45141, RATIS=44667, RATIS_ADMIN=44667, RATIS_SERVER=44667, STANDALONE=45879], networkLocation: /default-rack, certSerialId: null, persistedOpState: IN_SERVICE, persistedOpStateExpiryEpochSec: 0}, 961e98b4-0515-4e33-9a5e-b87989e0967c{ip: 10.1.0.56, host: fv-az180-400.aibneqh1mxpuhl3tnnuy2ifbce.bx.internal.cloudapp.net, ports: [REPLICATION=32803, RATIS=45547, RATIS_ADMIN=45547, RATIS_SERVER=45547, STANDALONE=33243], networkLocation: /default-rack, certSerialId: null, persistedOpState: IN_SERVICE, persistedOpStateExpiryEpochSec: 0}, a36f0c9e-34c7-41e1-90e2-5c691522fdfd{ip: 10.1.0.56, host: fv-az180-400.aibneqh1mxpuhl3tnnuy2ifbce.bx.internal.cloudapp.net, ports: [REPLICATION=43001, RATIS=35103, RATIS_ADMIN=35103, RATIS_SERVER=35103, STANDALONE=34509], networkLocation: /default-rack, certSerialId: null, persistedOpState: IN_SERVICE, persistedOpStateExpiryEpochSec: 0}, a49fbcfb-f7dc-4282-aec4-a4f9f3e2b5ab{ip: 10.1.0.56, host: fv-az180-400.aibneqh1mxpuhl3tnnuy2ifbce.bx.internal.cloudapp.net, ports: [REPLICATION=41799, RATIS=37955, RATIS_ADMIN=37955, RATIS_SERVER=37955, STANDALONE=46377], networkLocation: /default-rack, certSerialId: null, persistedOpState: null, persistedOpStateExpiryEpochSec: 0}]"  ancestorGen="0").
2022-11-18 13:06:08,514 [Under Replicated Processor] WARN  net.NetworkTopologyImpl (NetworkTopologyImpl.java:chooseNodeInternal(653)) - No available node in (scope="/default-rack" excludedScope="null" excludedNodes="[8ad84362-fca3-4a94-b029-55aaea538166{ip: 10.1.0.56, host: fv-az180-400.aibneqh1mxpuhl3tnnuy2ifbce.bx.internal.cloudapp.net, ports: [REPLICATION=45785, RATIS=38939, RATIS_ADMIN=38939, RATIS_SERVER=38939, STANDALONE=38791], networkLocation: /default-rack, certSerialId: null, persistedOpState: IN_SERVICE, persistedOpStateExpiryEpochSec: 0}, 1bb9cbb4-eec0-4324-8de7-fca776b53f2b{ip: 10.1.0.56, host: fv-az180-400.aibneqh1mxpuhl3tnnuy2ifbce.bx.internal.cloudapp.net, ports: [REPLICATION=45141, RATIS=44667, RATIS_ADMIN=44667, RATIS_SERVER=44667, STANDALONE=45879], networkLocation: /default-rack, certSerialId: null, persistedOpState: IN_SERVICE, persistedOpStateExpiryEpochSec: 0}, 961e98b4-0515-4e33-9a5e-b87989e0967c{ip: 10.1.0.56, host: fv-az180-400.aibneqh1mxpuhl3tnnuy2ifbce.bx.internal.cloudapp.net, ports: [REPLICATION=32803, RATIS=45547, RATIS_ADMIN=45547, RATIS_SERVER=45547, STANDALONE=33243], networkLocation: /default-rack, certSerialId: null, persistedOpState: IN_SERVICE, persistedOpStateExpiryEpochSec: 0}, a36f0c9e-34c7-41e1-90e2-5c691522fdfd{ip: 10.1.0.56, host: fv-az180-400.aibneqh1mxpuhl3tnnuy2ifbce.bx.internal.cloudapp.net, ports: [REPLICATION=43001, RATIS=35103, RATIS_ADMIN=35103, RATIS_SERVER=35103, STANDALONE=34509], networkLocation: /default-rack, certSerialId: null, persistedOpState: IN_SERVICE, persistedOpStateExpiryEpochSec: 0}, a49fbcfb-f7dc-4282-aec4-a4f9f3e2b5ab{ip: 10.1.0.56, host: fv-az180-400.aibneqh1mxpuhl3tnnuy2ifbce.bx.internal.cloudapp.net, ports: [REPLICATION=41799, RATIS=37955, RATIS_ADMIN=37955, RATIS_SERVER=37955, STANDALONE=46377], networkLocation: /default-rack, certSerialId: null, persistedOpState: null, persistedOpStateExpiryEpochSec: 0}]"  ancestorGen="0").
2022-11-18 13:06:08,514 [Under Replicated Processor] WARN  net.NetworkTopologyImpl (NetworkTopologyImpl.java:chooseNodeInternal(653)) - No available node in (scope="/default-rack" excludedScope="null" excludedNodes="[8ad84362-fca3-4a94-b029-55aaea538166{ip: 10.1.0.56, host: fv-az180-400.aibneqh1mxpuhl3tnnuy2ifbce.bx.internal.cloudapp.net, ports: [REPLICATION=45785, RATIS=38939, RATIS_ADMIN=38939, RATIS_SERVER=38939, STANDALONE=38791], networkLocation: /default-rack, certSerialId: null, persistedOpState: IN_SERVICE, persistedOpStateExpiryEpochSec: 0}, 1bb9cbb4-eec0-4324-8de7-fca776b53f2b{ip: 10.1.0.56, host: fv-az180-400.aibneqh1mxpuhl3tnnuy2ifbce.bx.internal.cloudapp.net, ports: [REPLICATION=45141, RATIS=44667, RATIS_ADMIN=44667, RATIS_SERVER=44667, STANDALONE=45879], networkLocation: /default-rack, certSerialId: null, persistedOpState: IN_SERVICE, persistedOpStateExpiryEpochSec: 0}, 961e98b4-0515-4e33-9a5e-b87989e0967c{ip: 10.1.0.56, host: fv-az180-400.aibneqh1mxpuhl3tnnuy2ifbce.bx.internal.cloudapp.net, ports: [REPLICATION=32803, RATIS=45547, RATIS_ADMIN=45547, RATIS_SERVER=45547, STANDALONE=33243], networkLocation: /default-rack, certSerialId: null, persistedOpState: IN_SERVICE, persistedOpStateExpiryEpochSec: 0}, a36f0c9e-34c7-41e1-90e2-5c691522fdfd{ip: 10.1.0.56, host: fv-az180-400.aibneqh1mxpuhl3tnnuy2ifbce.bx.internal.cloudapp.net, ports: [REPLICATION=43001, RATIS=35103, RATIS_ADMIN=35103, RATIS_SERVER=35103, STANDALONE=34509], networkLocation: /default-rack, certSerialId: null, persistedOpState: IN_SERVICE, persistedOpStateExpiryEpochSec: 0}, a49fbcfb-f7dc-4282-aec4-a4f9f3e2b5ab{ip: 10.1.0.56, host: fv-az180-400.aibneqh1mxpuhl3tnnuy2ifbce.bx.internal.cloudapp.net, ports: [REPLICATION=41799, RATIS=37955, RATIS_ADMIN=37955, RATIS_SERVER=37955, STANDALONE=46377], networkLocation: /default-rack, certSerialId: null, persistedOpState: null, persistedOpStateExpiryEpochSec: 0}]"  ancestorGen="0").
2022-11-18 13:06:08,514 [Under Replicated Processor] WARN  net.NetworkTopologyImpl (NetworkTopologyImpl.java:chooseNodeInternal(653)) - No available node in (scope="/default-rack" excludedScope="null" excludedNodes="[8ad84362-fca3-4a94-b029-55aaea538166{ip: 10.1.0.56, host: fv-az180-400.aibneqh1mxpuhl3tnnuy2ifbce.bx.internal.cloudapp.net, ports: [REPLICATION=45785, RATIS=38939, RATIS_ADMIN=38939, RATIS_SERVER=38939, STANDALONE=38791], networkLocation: /default-rack, certSerialId: null, persistedOpState: IN_SERVICE, persistedOpStateExpiryEpochSec: 0}, 1bb9cbb4-eec0-4324-8de7-fca776b53f2b{ip: 10.1.0.56, host: fv-az180-400.aibneqh1mxpuhl3tnnuy2ifbce.bx.internal.cloudapp.net, ports: [REPLICATION=45141, RATIS=44667, RATIS_ADMIN=44667, RATIS_SERVER=44667, STANDALONE=45879], networkLocation: /default-rack, certSerialId: null, persistedOpState: IN_SERVICE, persistedOpStateExpiryEpochSec: 0}, 961e98b4-0515-4e33-9a5e-b87989e0967c{ip: 10.1.0.56, host: fv-az180-400.aibneqh1mxpuhl3tnnuy2ifbce.bx.internal.cloudapp.net, ports: [REPLICATION=32803, RATIS=45547, RATIS_ADMIN=45547, RATIS_SERVER=45547, STANDALONE=33243], networkLocation: /default-rack, certSerialId: null, persistedOpState: IN_SERVICE, persistedOpStateExpiryEpochSec: 0}, a36f0c9e-34c7-41e1-90e2-5c691522fdfd{ip: 10.1.0.56, host: fv-az180-400.aibneqh1mxpuhl3tnnuy2ifbce.bx.internal.cloudapp.net, ports: [REPLICATION=43001, RATIS=35103, RATIS_ADMIN=35103, RATIS_SERVER=35103, STANDALONE=34509], networkLocation: /default-rack, certSerialId: null, persistedOpState: IN_SERVICE, persistedOpStateExpiryEpochSec: 0}, a49fbcfb-f7dc-4282-aec4-a4f9f3e2b5ab{ip: 10.1.0.56, host: fv-az180-400.aibneqh1mxpuhl3tnnuy2ifbce.bx.internal.cloudapp.net, ports: [REPLICATION=41799, RATIS=37955, RATIS_ADMIN=37955, RATIS_SERVER=37955, STANDALONE=46377], networkLocation: /default-rack, certSerialId: null, persistedOpState: null, persistedOpStateExpiryEpochSec: 0}]"  ancestorGen="0").
2022-11-18 13:06:08,514 [Under Replicated Processor] INFO  algorithms.SCMContainerPlacementRackScatter (SCMContainerPlacementRackScatter.java:chooseNode(379)) - No satisfied datanode to meet the constraints. Metadatadata size required: 0 Data size required: 5368709120, scope /default-rack, excluded nodes [8ad84362-fca3-4a94-b029-55aaea538166{ip: 10.1.0.56, host: fv-az180-400.aibneqh1mxpuhl3tnnuy2ifbce.bx.internal.cloudapp.net, ports: [REPLICATION=45785, RATIS=38939, RATIS_ADMIN=38939, RATIS_SERVER=38939, STANDALONE=38791], networkLocation: /default-rack, certSerialId: null, persistedOpState: IN_SERVICE, persistedOpStateExpiryEpochSec: 0}, 1bb9cbb4-eec0-4324-8de7-fca776b53f2b{ip: 10.1.0.56, host: fv-az180-400.aibneqh1mxpuhl3tnnuy2ifbce.bx.internal.cloudapp.net, ports: [REPLICATION=45141, RATIS=44667, RATIS_ADMIN=44667, RATIS_SERVER=44667, STANDALONE=45879], networkLocation: /default-rack, certSerialId: null, persistedOpState: IN_SERVICE, persistedOpStateExpiryEpochSec: 0}, 961e98b4-0515-4e33-9a5e-b87989e0967c{ip: 10.1.0.56, host: fv-az180-400.aibneqh1mxpuhl3tnnuy2ifbce.bx.internal.cloudapp.net, ports: [REPLICATION=32803, RATIS=45547, RATIS_ADMIN=45547, RATIS_SERVER=45547, STANDALONE=33243], networkLocation: /default-rack, certSerialId: null, persistedOpState: IN_SERVICE, persistedOpStateExpiryEpochSec: 0}, a36f0c9e-34c7-41e1-90e2-5c691522fdfd{ip: 10.1.0.56, host: fv-az180-400.aibneqh1mxpuhl3tnnuy2ifbce.bx.internal.cloudapp.net, ports: [REPLICATION=43001, RATIS=35103, RATIS_ADMIN=35103, RATIS_SERVER=35103, STANDALONE=34509], networkLocation: /default-rack, certSerialId: null, persistedOpState: IN_SERVICE, persistedOpStateExpiryEpochSec: 0}, a49fbcfb-f7dc-4282-aec4-a4f9f3e2b5ab{ip: 10.1.0.56, host: fv-az180-400.aibneqh1mxpuhl3tnnuy2ifbce.bx.internal.cloudapp.net, ports: [REPLICATION=41799, RATIS=37955, RATIS_ADMIN=37955, RATIS_SERVER=37955, STANDALONE=46377], networkLocation: /default-rack, certSerialId: null, persistedOpState: null, persistedOpStateExpiryEpochSec: 0}]
2022-11-18 13:06:08,514 [Under Replicated Processor] WARN  algorithms.SCMContainerPlacementRackScatter (SCMContainerPlacementRackScatter.java:chooseDatanodesInternal(281)) - Placement policy could not choose the enough nodes from available racks. Chosen nodes size from Unique Racks: 0, but required nodes to choose from Unique Racks: 1 do not match. Available racks count: 1, Excluded nodes count: 4
2022-11-18 13:06:08,515 [Under Replicated Processor] WARN  replication.ECUnderReplicationHandler (ECUnderReplicationHandler.java:processAndCreateCommands(252)) - Exception while processing for creating the EC reconstruction container commands for #8.
org.apache.hadoop.hdds.scm.exceptions.SCMException: Chosen nodes size from Unique Racks: 0, but required nodes to choose from Unique Racks: 1 do not match.
	at org.apache.hadoop.hdds.scm.container.placement.algorithms.SCMContainerPlacementRackScatter.chooseDatanodesInternal(SCMContainerPlacementRackScatter.java:286)
	at org.apache.hadoop.hdds.scm.SCMCommonPlacementPolicy.chooseDatanodes(SCMCommonPlacementPolicy.java:175)
	at org.apache.hadoop.hdds.scm.SCMCommonPlacementPolicy.chooseDatanodes(SCMCommonPlacementPolicy.java:117)
	at org.apache.hadoop.hdds.scm.container.replication.ECUnderReplicationHandler.getTargetDatanodes(ECUnderReplicationHandler.java:303)
	at org.apache.hadoop.hdds.scm.container.replication.ECUnderReplicationHandler.processAndCreateCommands(ECUnderReplicationHandler.java:186)
	at org.apache.hadoop.hdds.scm.container.replication.ReplicationManager.processUnderReplicatedContainer(ReplicationManager.java:483)
	at org.apache.hadoop.hdds.scm.container.replication.UnderReplicatedProcessor.processContainer(UnderReplicatedProcessor.java:99)
	at org.apache.hadoop.hdds.scm.container.replication.UnderReplicatedProcessor.processAll(UnderReplicatedProcessor.java:83)
	at org.apache.hadoop.hdds.scm.container.replication.UnderReplicatedProcessor.run(UnderReplicatedProcessor.java:144)
	at java.lang.Thread.run(Thread.java:750)
2022-11-18 13:06:08,516 [Under Replicated Processor] ERROR replication.UnderReplicatedProcessor (UnderReplicatedProcessor.java:processAll(86)) - Error processing under replicated container ContainerInfo{id=#8, state=CLOSED, pipelineID=PipelineID=67e84420-6fe2-43b6-bc4f-8bf4477b66f2, stateEnterTime=2022-11-18T13:05:28.764Z, owner=om1}
org.apache.hadoop.hdds.scm.exceptions.SCMException: Chosen nodes size from Unique Racks: 0, but required nodes to choose from Unique Racks: 1 do not match.
	at org.apache.hadoop.hdds.scm.container.placement.algorithms.SCMContainerPlacementRackScatter.chooseDatanodesInternal(SCMContainerPlacementRackScatter.java:286)
	at org.apache.hadoop.hdds.scm.SCMCommonPlacementPolicy.chooseDatanodes(SCMCommonPlacementPolicy.java:175)
	at org.apache.hadoop.hdds.scm.SCMCommonPlacementPolicy.chooseDatanodes(SCMCommonPlacementPolicy.java:117)
	at org.apache.hadoop.hdds.scm.container.replication.ECUnderReplicationHandler.getTargetDatanodes(ECUnderReplicationHandler.java:303)
	at org.apache.hadoop.hdds.scm.container.replication.ECUnderReplicationHandler.processAndCreateCommands(ECUnderReplicationHandler.java:186)
	at org.apache.hadoop.hdds.scm.container.replication.ReplicationManager.processUnderReplicatedContainer(ReplicationManager.java:483)
	at org.apache.hadoop.hdds.scm.container.replication.UnderReplicatedProcessor.processContainer(UnderReplicatedProcessor.java:99)
	at org.apache.hadoop.hdds.scm.container.replication.UnderReplicatedProcessor.processAll(UnderReplicatedProcessor.java:83)
	at org.apache.hadoop.hdds.scm.container.replication.UnderReplicatedProcessor.run(UnderReplicatedProcessor.java:144)
	at java.lang.Thread.run(Thread.java:750)
2022-11-18 13:06:08,516 [Under Replicated Processor] WARN  net.NetworkTopologyImpl (NetworkTopologyImpl.java:chooseNodeInternal(653)) - No available node in (scope="/default-rack" excludedScope="null" excludedNodes="[8ad84362-fca3-4a94-b029-55aaea538166{ip: 10.1.0.56, host: fv-az180-400.aibneqh1mxpuhl3tnnuy2ifbce.bx.internal.cloudapp.net, ports: [REPLICATION=45785, RATIS=38939, RATIS_ADMIN=38939, RATIS_SERVER=38939, STANDALONE=38791], networkLocation: /default-rack, certSerialId: null, persistedOpState: IN_SERVICE, persistedOpStateExpiryEpochSec: 0}, 1bb9cbb4-eec0-4324-8de7-fca776b53f2b{ip: 10.1.0.56, host: fv-az180-400.aibneqh1mxpuhl3tnnuy2ifbce.bx.internal.cloudapp.net, ports: [REPLICATION=45141, RATIS=44667, RATIS_ADMIN=44667, RATIS_SERVER=44667, STANDALONE=45879], networkLocation: /default-rack, certSerialId: null, persistedOpState: IN_SERVICE, persistedOpStateExpiryEpochSec: 0}, 961e98b4-0515-4e33-9a5e-b87989e0967c{ip: 10.1.0.56, host: fv-az180-400.aibneqh1mxpuhl3tnnuy2ifbce.bx.internal.cloudapp.net, ports: [REPLICATION=32803, RATIS=45547, RATIS_ADMIN=45547, RATIS_SERVER=45547, STANDALONE=33243], networkLocation: /default-rack, certSerialId: null, persistedOpState: IN_SERVICE, persistedOpStateExpiryEpochSec: 0}, a36f0c9e-34c7-41e1-90e2-5c691522fdfd{ip: 10.1.0.56, host: fv-az180-400.aibneqh1mxpuhl3tnnuy2ifbce.bx.internal.cloudapp.net, ports: [REPLICATION=43001, RATIS=35103, RATIS_ADMIN=35103, RATIS_SERVER=35103, STANDALONE=34509], networkLocation: /default-rack, certSerialId: null, persistedOpState: IN_SERVICE, persistedOpStateExpiryEpochSec: 0}, a49fbcfb-f7dc-4282-aec4-a4f9f3e2b5ab{ip: 10.1.0.56, host: fv-az180-400.aibneqh1mxpuhl3tnnuy2ifbce.bx.internal.cloudapp.net, ports: [REPLICATION=41799, RATIS=37955, RATIS_ADMIN=37955, RATIS_SERVER=37955, STANDALONE=46377], networkLocation: /default-rack, certSerialId: null, persistedOpState: null, persistedOpStateExpiryEpochSec: 0}]"  ancestorGen="0").
2022-11-18 13:06:08,516 [Under Replicated Processor] WARN  net.NetworkTopologyImpl (NetworkTopologyImpl.java:chooseNodeInternal(653)) - No available node in (scope="/default-rack" excludedScope="null" excludedNodes="[8ad84362-fca3-4a94-b029-55aaea538166{ip: 10.1.0.56, host: fv-az180-400.aibneqh1mxpuhl3tnnuy2ifbce.bx.internal.cloudapp.net, ports: [REPLICATION=45785, RATIS=38939, RATIS_ADMIN=38939, RATIS_SERVER=38939, STANDALONE=38791], networkLocation: /default-rack, certSerialId: null, persistedOpState: IN_SERVICE, persistedOpStateExpiryEpochSec: 0}, 1bb9cbb4-eec0-4324-8de7-fca776b53f2b{ip: 10.1.0.56, host: fv-az180-400.aibneqh1mxpuhl3tnnuy2ifbce.bx.internal.cloudapp.net, ports: [REPLICATION=45141, RATIS=44667, RATIS_ADMIN=44667, RATIS_SERVER=44667, STANDALONE=45879], networkLocation: /default-rack, certSerialId: null, persistedOpState: IN_SERVICE, persistedOpStateExpiryEpochSec: 0}, 961e98b4-0515-4e33-9a5e-b87989e0967c{ip: 10.1.0.56, host: fv-az180-400.aibneqh1mxpuhl3tnnuy2ifbce.bx.internal.cloudapp.net, ports: [REPLICATION=32803, RATIS=45547, RATIS_ADMIN=45547, RATIS_SERVER=45547, STANDALONE=33243], networkLocation: /default-rack, certSerialId: null, persistedOpState: IN_SERVICE, persistedOpStateExpiryEpochSec: 0}, a36f0c9e-34c7-41e1-90e2-5c691522fdfd{ip: 10.1.0.56, host: fv-az180-400.aibneqh1mxpuhl3tnnuy2ifbce.bx.internal.cloudapp.net, ports: [REPLICATION=43001, RATIS=35103, RATIS_ADMIN=35103, RATIS_SERVER=35103, STANDALONE=34509], networkLocation: /default-rack, certSerialId: null, persistedOpState: IN_SERVICE, persistedOpStateExpiryEpochSec: 0}, a49fbcfb-f7dc-4282-aec4-a4f9f3e2b5ab{ip: 10.1.0.56, host: fv-az180-400.aibneqh1mxpuhl3tnnuy2ifbce.bx.internal.cloudapp.net, ports: [REPLICATION=41799, RATIS=37955, RATIS_ADMIN=37955, RATIS_SERVER=37955, STANDALONE=46377], networkLocation: /default-rack, certSerialId: null, persistedOpState: null, persistedOpStateExpiryEpochSec: 0}]"  ancestorGen="0").
2022-11-18 13:06:08,516 [Under Replicated Processor] WARN  net.NetworkTopologyImpl (NetworkTopologyImpl.java:chooseNodeInternal(653)) - No available node in (scope="/default-rack" excludedScope="null" excludedNodes="[8ad84362-fca3-4a94-b029-55aaea538166{ip: 10.1.0.56, host: fv-az180-400.aibneqh1mxpuhl3tnnuy2ifbce.bx.internal.cloudapp.net, ports: [REPLICATION=45785, RATIS=38939, RATIS_ADMIN=38939, RATIS_SERVER=38939, STANDALONE=38791], networkLocation: /default-rack, certSerialId: null, persistedOpState: IN_SERVICE, persistedOpStateExpiryEpochSec: 0}, 1bb9cbb4-eec0-4324-8de7-fca776b53f2b{ip: 10.1.0.56, host: fv-az180-400.aibneqh1mxpuhl3tnnuy2ifbce.bx.internal.cloudapp.net, ports: [REPLICATION=45141, RATIS=44667, RATIS_ADMIN=44667, RATIS_SERVER=44667, STANDALONE=45879], networkLocation: /default-rack, certSerialId: null, persistedOpState: IN_SERVICE, persistedOpStateExpiryEpochSec: 0}, 961e98b4-0515-4e33-9a5e-b87989e0967c{ip: 10.1.0.56, host: fv-az180-400.aibneqh1mxpuhl3tnnuy2ifbce.bx.internal.cloudapp.net, ports: [REPLICATION=32803, RATIS=45547, RATIS_ADMIN=45547, RATIS_SERVER=45547, STANDALONE=33243], networkLocation: /default-rack, certSerialId: null, persistedOpState: IN_SERVICE, persistedOpStateExpiryEpochSec: 0}, a36f0c9e-34c7-41e1-90e2-5c691522fdfd{ip: 10.1.0.56, host: fv-az180-400.aibneqh1mxpuhl3tnnuy2ifbce.bx.internal.cloudapp.net, ports: [REPLICATION=43001, RATIS=35103, RATIS_ADMIN=35103, RATIS_SERVER=35103, STANDALONE=34509], networkLocation: /default-rack, certSerialId: null, persistedOpState: IN_SERVICE, persistedOpStateExpiryEpochSec: 0}, a49fbcfb-f7dc-4282-aec4-a4f9f3e2b5ab{ip: 10.1.0.56, host: fv-az180-400.aibneqh1mxpuhl3tnnuy2ifbce.bx.internal.cloudapp.net, ports: [REPLICATION=41799, RATIS=37955, RATIS_ADMIN=37955, RATIS_SERVER=37955, STANDALONE=46377], networkLocation: /default-rack, certSerialId: null, persistedOpState: null, persistedOpStateExpiryEpochSec: 0}]"  ancestorGen="0").
2022-11-18 13:06:08,516 [Under Replicated Processor] WARN  net.NetworkTopologyImpl (NetworkTopologyImpl.java:chooseNodeInternal(653)) - No available node in (scope="/default-rack" excludedScope="null" excludedNodes="[8ad84362-fca3-4a94-b029-55aaea538166{ip: 10.1.0.56, host: fv-az180-400.aibneqh1mxpuhl3tnnuy2ifbce.bx.internal.cloudapp.net, ports: [REPLICATION=45785, RATIS=38939, RATIS_ADMIN=38939, RATIS_SERVER=38939, STANDALONE=38791], networkLocation: /default-rack, certSerialId: null, persistedOpState: IN_SERVICE, persistedOpStateExpiryEpochSec: 0}, 1bb9cbb4-eec0-4324-8de7-fca776b53f2b{ip: 10.1.0.56, host: fv-az180-400.aibneqh1mxpuhl3tnnuy2ifbce.bx.internal.cloudapp.net, ports: [REPLICATION=45141, RATIS=44667, RATIS_ADMIN=44667, RATIS_SERVER=44667, STANDALONE=45879], networkLocation: /default-rack, certSerialId: null, persistedOpState: IN_SERVICE, persistedOpStateExpiryEpochSec: 0}, 961e98b4-0515-4e33-9a5e-b87989e0967c{ip: 10.1.0.56, host: fv-az180-400.aibneqh1mxpuhl3tnnuy2ifbce.bx.internal.cloudapp.net, ports: [REPLICATION=32803, RATIS=45547, RATIS_ADMIN=45547, RATIS_SERVER=45547, STANDALONE=33243], networkLocation: /default-rack, certSerialId: null, persistedOpState: IN_SERVICE, persistedOpStateExpiryEpochSec: 0}, a36f0c9e-34c7-41e1-90e2-5c691522fdfd{ip: 10.1.0.56, host: fv-az180-400.aibneqh1mxpuhl3tnnuy2ifbce.bx.internal.cloudapp.net, ports: [REPLICATION=43001, RATIS=35103, RATIS_ADMIN=35103, RATIS_SERVER=35103, STANDALONE=34509], networkLocation: /default-rack, certSerialId: null, persistedOpState: IN_SERVICE, persistedOpStateExpiryEpochSec: 0}, a49fbcfb-f7dc-4282-aec4-a4f9f3e2b5ab{ip: 10.1.0.56, host: fv-az180-400.aibneqh1mxpuhl3tnnuy2ifbce.bx.internal.cloudapp.net, ports: [REPLICATION=41799, RATIS=37955, RATIS_ADMIN=37955, RATIS_SERVER=37955, STANDALONE=46377], networkLocation: /default-rack, certSerialId: null, persistedOpState: null, persistedOpStateExpiryEpochSec: 0}]"  ancestorGen="0").
2022-11-18 13:06:08,516 [Under Replicated Processor] INFO  algorithms.SCMContainerPlacementRackScatter (SCMContainerPlacementRackScatter.java:chooseNode(379)) - No satisfied datanode to meet the constraints. Metadatadata size required: 0 Data size required: 5368709120, scope /default-rack, excluded nodes [8ad84362-fca3-4a94-b029-55aaea538166{ip: 10.1.0.56, host: fv-az180-400.aibneqh1mxpuhl3tnnuy2ifbce.bx.internal.cloudapp.net, ports: [REPLICATION=45785, RATIS=38939, RATIS_ADMIN=38939, RATIS_SERVER=38939, STANDALONE=38791], networkLocation: /default-rack, certSerialId: null, persistedOpState: IN_SERVICE, persistedOpStateExpiryEpochSec: 0}, 1bb9cbb4-eec0-4324-8de7-fca776b53f2b{ip: 10.1.0.56, host: fv-az180-400.aibneqh1mxpuhl3tnnuy2ifbce.bx.internal.cloudapp.net, ports: [REPLICATION=45141, RATIS=44667, RATIS_ADMIN=44667, RATIS_SERVER=44667, STANDALONE=45879], networkLocation: /default-rack, certSerialId: null, persistedOpState: IN_SERVICE, persistedOpStateExpiryEpochSec: 0}, 961e98b4-0515-4e33-9a5e-b87989e0967c{ip: 10.1.0.56, host: fv-az180-400.aibneqh1mxpuhl3tnnuy2ifbce.bx.internal.cloudapp.net, ports: [REPLICATION=32803, RATIS=45547, RATIS_ADMIN=45547, RATIS_SERVER=45547, STANDALONE=33243], networkLocation: /default-rack, certSerialId: null, persistedOpState: IN_SERVICE, persistedOpStateExpiryEpochSec: 0}, a36f0c9e-34c7-41e1-90e2-5c691522fdfd{ip: 10.1.0.56, host: fv-az180-400.aibneqh1mxpuhl3tnnuy2ifbce.bx.internal.cloudapp.net, ports: [REPLICATION=43001, RATIS=35103, RATIS_ADMIN=35103, RATIS_SERVER=35103, STANDALONE=34509], networkLocation: /default-rack, certSerialId: null, persistedOpState: IN_SERVICE, persistedOpStateExpiryEpochSec: 0}, a49fbcfb-f7dc-4282-aec4-a4f9f3e2b5ab{ip: 10.1.0.56, host: fv-az180-400.aibneqh1mxpuhl3tnnuy2ifbce.bx.internal.cloudapp.net, ports: [REPLICATION=41799, RATIS=37955, RATIS_ADMIN=37955, RATIS_SERVER=37955, STANDALONE=46377], networkLocation: /default-rack, certSerialId: null, persistedOpState: null, persistedOpStateExpiryEpochSec: 0}]
2022-11-18 13:06:08,516 [Under Replicated Processor] WARN  algorithms.SCMContainerPlacementRackScatter (SCMContainerPlacementRackScatter.java:chooseDatanodesInternal(281)) - Placement policy could not choose the enough nodes from available racks. Chosen nodes size from Unique Racks: 0, but required nodes to choose from Unique Racks: 1 do not match. Available racks count: 1, Excluded nodes count: 4
2022-11-18 13:06:08,516 [Under Replicated Processor] WARN  replication.ECUnderReplicationHandler (ECUnderReplicationHandler.java:processAndCreateCommands(252)) - Exception while processing for creating the EC reconstruction container commands for #8.
org.apache.hadoop.hdds.scm.exceptions.SCMException: Chosen nodes size from Unique Racks: 0, but required nodes to choose from Unique Racks: 1 do not match.
	at org.apache.hadoop.hdds.scm.container.placement.algorithms.SCMContainerPlacementRackScatter.chooseDatanodesInternal(SCMContainerPlacementRackScatter.java:286)
	at org.apache.hadoop.hdds.scm.SCMCommonPlacementPolicy.chooseDatanodes(SCMCommonPlacementPolicy.java:175)
	at org.apache.hadoop.hdds.scm.SCMCommonPlacementPolicy.chooseDatanodes(SCMCommonPlacementPolicy.java:117)
	at org.apache.hadoop.hdds.scm.container.replication.ECUnderReplicationHandler.getTargetDatanodes(ECUnderReplicationHandler.java:303)
	at org.apache.hadoop.hdds.scm.container.replication.ECUnderReplicationHandler.processAndCreateCommands(ECUnderReplicationHandler.java:186)
	at org.apache.hadoop.hdds.scm.container.replication.ReplicationManager.processUnderReplicatedContainer(ReplicationManager.java:483)
	at org.apache.hadoop.hdds.scm.container.replication.UnderReplicatedProcessor.processContainer(UnderReplicatedProcessor.java:99)
	at org.apache.hadoop.hdds.scm.container.replication.UnderReplicatedProcessor.processAll(UnderReplicatedProcessor.java:83)
	at org.apache.hadoop.hdds.scm.container.replication.UnderReplicatedProcessor.run(UnderReplicatedProcessor.java:144)
	at java.lang.Thread.run(Thread.java:750)
2022-11-18 13:06:08,517 [Under Replicated Processor] ERROR replication.UnderReplicatedProcessor (UnderReplicatedProcessor.java:processAll(86)) - Error processing under replicated container ContainerInfo{id=#8, state=CLOSED, pipelineID=PipelineID=67e84420-6fe2-43b6-bc4f-8bf4477b66f2, stateEnterTime=2022-11-18T13:05:28.764Z, owner=om1}
org.apache.hadoop.hdds.scm.exceptions.SCMException: Chosen nodes size from Unique Racks: 0, but required nodes to choose from Unique Racks: 1 do not match.
	at org.apache.hadoop.hdds.scm.container.placement.algorithms.SCMContainerPlacementRackScatter.chooseDatanodesInternal(SCMContainerPlacementRackScatter.java:286)
	at org.apache.hadoop.hdds.scm.SCMCommonPlacementPolicy.chooseDatanodes(SCMCommonPlacementPolicy.java:175)
	at org.apache.hadoop.hdds.scm.SCMCommonPlacementPolicy.chooseDatanodes(SCMCommonPlacementPolicy.java:117)
	at org.apache.hadoop.hdds.scm.container.replication.ECUnderReplicationHandler.getTargetDatanodes(ECUnderReplicationHandler.java:303)
	at org.apache.hadoop.hdds.scm.container.replication.ECUnderReplicationHandler.processAndCreateCommands(ECUnderReplicationHandler.java:186)
	at org.apache.hadoop.hdds.scm.container.replication.ReplicationManager.processUnderReplicatedContainer(ReplicationManager.java:483)
	at org.apache.hadoop.hdds.scm.container.replication.UnderReplicatedProcessor.processContainer(UnderReplicatedProcessor.java:99)
	at org.apache.hadoop.hdds.scm.container.replication.UnderReplicatedProcessor.processAll(UnderReplicatedProcessor.java:83)
	at org.apache.hadoop.hdds.scm.container.replication.UnderReplicatedProcessor.run(UnderReplicatedProcessor.java:144)
	at java.lang.Thread.run(Thread.java:750)
2022-11-18 13:06:08,517 [Under Replicated Processor] WARN  net.NetworkTopologyImpl (NetworkTopologyImpl.java:chooseNodeInternal(653)) - No available node in (scope="/default-rack" excludedScope="null" excludedNodes="[8ad84362-fca3-4a94-b029-55aaea538166{ip: 10.1.0.56, host: fv-az180-400.aibneqh1mxpuhl3tnnuy2ifbce.bx.internal.cloudapp.net, ports: [REPLICATION=45785, RATIS=38939, RATIS_ADMIN=38939, RATIS_SERVER=38939, STANDALONE=38791], networkLocation: /default-rack, certSerialId: null, persistedOpState: IN_SERVICE, persistedOpStateExpiryEpochSec: 0}, 1bb9cbb4-eec0-4324-8de7-fca776b53f2b{ip: 10.1.0.56, host: fv-az180-400.aibneqh1mxpuhl3tnnuy2ifbce.bx.internal.cloudapp.net, ports: [REPLICATION=45141, RATIS=44667, RATIS_ADMIN=44667, RATIS_SERVER=44667, STANDALONE=45879], networkLocation: /default-rack, certSerialId: null, persistedOpState: IN_SERVICE, persistedOpStateExpiryEpochSec: 0}, 961e98b4-0515-4e33-9a5e-b87989e0967c{ip: 10.1.0.56, host: fv-az180-400.aibneqh1mxpuhl3tnnuy2ifbce.bx.internal.cloudapp.net, ports: [REPLICATION=32803, RATIS=45547, RATIS_ADMIN=45547, RATIS_SERVER=45547, STANDALONE=33243], networkLocation: /default-rack, certSerialId: null, persistedOpState: IN_SERVICE, persistedOpStateExpiryEpochSec: 0}, a36f0c9e-34c7-41e1-90e2-5c691522fdfd{ip: 10.1.0.56, host: fv-az180-400.aibneqh1mxpuhl3tnnuy2ifbce.bx.internal.cloudapp.net, ports: [REPLICATION=43001, RATIS=35103, RATIS_ADMIN=35103, RATIS_SERVER=35103, STANDALONE=34509], networkLocation: /default-rack, certSerialId: null, persistedOpState: IN_SERVICE, persistedOpStateExpiryEpochSec: 0}, a49fbcfb-f7dc-4282-aec4-a4f9f3e2b5ab{ip: 10.1.0.56, host: fv-az180-400.aibneqh1mxpuhl3tnnuy2ifbce.bx.internal.cloudapp.net, ports: [REPLICATION=41799, RATIS=37955, RATIS_ADMIN=37955, RATIS_SERVER=37955, STANDALONE=46377], networkLocation: /default-rack, certSerialId: null, persistedOpState: null, persistedOpStateExpiryEpochSec: 0}]"  ancestorGen="0").
2022-11-18 13:06:08,517 [Under Replicated Processor] WARN  net.NetworkTopologyImpl (NetworkTopologyImpl.java:chooseNodeInternal(653)) - No available node in (scope="/default-rack" excludedScope="null" excludedNodes="[8ad84362-fca3-4a94-b029-55aaea538166{ip: 10.1.0.56, host: fv-az180-400.aibneqh1mxpuhl3tnnuy2ifbce.bx.internal.cloudapp.net, ports: [REPLICATION=45785, RATIS=38939, RATIS_ADMIN=38939, RATIS_SERVER=38939, STANDALONE=38791], networkLocation: /default-rack, certSerialId: null, persistedOpState: IN_SERVICE, persistedOpStateExpiryEpochSec: 0}, 1bb9cbb4-eec0-4324-8de7-fca776b53f2b{ip: 10.1.0.56, host: fv-az180-400.aibneqh1mxpuhl3tnnuy2ifbce.bx.internal.cloudapp.net, ports: [REPLICATION=45141, RATIS=44667, RATIS_ADMIN=44667, RATIS_SERVER=44667, STANDALONE=45879], networkLocation: /default-rack, certSerialId: null, persistedOpState: IN_SERVICE, persistedOpStateExpiryEpochSec: 0}, 961e98b4-0515-4e33-9a5e-b87989e0967c{ip: 10.1.0.56, host: fv-az180-400.aibneqh1mxpuhl3tnnuy2ifbce.bx.internal.cloudapp.net, ports: [REPLICATION=32803, RATIS=45547, RATIS_ADMIN=45547, RATIS_SERVER=45547, STANDALONE=33243], networkLocation: /default-rack, certSerialId: null, persistedOpState: IN_SERVICE, persistedOpStateExpiryEpochSec: 0}, a36f0c9e-34c7-41e1-90e2-5c691522fdfd{ip: 10.1.0.56, host: fv-az180-400.aibneqh1mxpuhl3tnnuy2ifbce.bx.internal.cloudapp.net, ports: [REPLICATION=43001, RATIS=35103, RATIS_ADMIN=35103, RATIS_SERVER=35103, STANDALONE=34509], networkLocation: /default-rack, certSerialId: null, persistedOpState: IN_SERVICE, persistedOpStateExpiryEpochSec: 0}, a49fbcfb-f7dc-4282-aec4-a4f9f3e2b5ab{ip: 10.1.0.56, host: fv-az180-400.aibneqh1mxpuhl3tnnuy2ifbce.bx.internal.cloudapp.net, ports: [REPLICATION=41799, RATIS=37955, RATIS_ADMIN=37955, RATIS_SERVER=37955, STANDALONE=46377], networkLocation: /default-rack, certSerialId: null, persistedOpState: null, persistedOpStateExpiryEpochSec: 0}]"  ancestorGen="0").
2022-11-18 13:06:08,517 [Under Replicated Processor] WARN  net.NetworkTopologyImpl (NetworkTopologyImpl.java:chooseNodeInternal(653)) - No available node in (scope="/default-rack" excludedScope="null" excludedNodes="[8ad84362-fca3-4a94-b029-55aaea538166{ip: 10.1.0.56, host: fv-az180-400.aibneqh1mxpuhl3tnnuy2ifbce.bx.internal.cloudapp.net, ports: [REPLICATION=45785, RATIS=38939, RATIS_ADMIN=38939, RATIS_SERVER=38939, STANDALONE=38791], networkLocation: /default-rack, certSerialId: null, persistedOpState: IN_SERVICE, persistedOpStateExpiryEpochSec: 0}, 1bb9cbb4-eec0-4324-8de7-fca776b53f2b{ip: 10.1.0.56, host: fv-az180-400.aibneqh1mxpuhl3tnnuy2ifbce.bx.internal.cloudapp.net, ports: [REPLICATION=45141, RATIS=44667, RATIS_ADMIN=44667, RATIS_SERVER=44667, STANDALONE=45879], networkLocation: /default-rack, certSerialId: null, persistedOpState: IN_SERVICE, persistedOpStateExpiryEpochSec: 0}, 961e98b4-0515-4e33-9a5e-b87989e0967c{ip: 10.1.0.56, host: fv-az180-400.aibneqh1mxpuhl3tnnuy2ifbce.bx.internal.cloudapp.net, ports: [REPLICATION=32803, RATIS=45547, RATIS_ADMIN=45547, RATIS_SERVER=45547, STANDALONE=33243], networkLocation: /default-rack, certSerialId: null, persistedOpState: IN_SERVICE, persistedOpStateExpiryEpochSec: 0}, a36f0c9e-34c7-41e1-90e2-5c691522fdfd{ip: 10.1.0.56, host: fv-az180-400.aibneqh1mxpuhl3tnnuy2ifbce.bx.internal.cloudapp.net, ports: [REPLICATION=43001, RATIS=35103, RATIS_ADMIN=35103, RATIS_SERVER=35103, STANDALONE=34509], networkLocation: /default-rack, certSerialId: null, persistedOpState: IN_SERVICE, persistedOpStateExpiryEpochSec: 0}, a49fbcfb-f7dc-4282-aec4-a4f9f3e2b5ab{ip: 10.1.0.56, host: fv-az180-400.aibneqh1mxpuhl3tnnuy2ifbce.bx.internal.cloudapp.net, ports: [REPLICATION=41799, RATIS=37955, RATIS_ADMIN=37955, RATIS_SERVER=37955, STANDALONE=46377], networkLocation: /default-rack, certSerialId: null, persistedOpState: null, persistedOpStateExpiryEpochSec: 0}]"  ancestorGen="0").
2022-11-18 13:06:08,517 [Under Replicated Processor] WARN  net.NetworkTopologyImpl (NetworkTopologyImpl.java:chooseNodeInternal(653)) - No available node in (scope="/default-rack" excludedScope="null" excludedNodes="[8ad84362-fca3-4a94-b029-55aaea538166{ip: 10.1.0.56, host: fv-az180-400.aibneqh1mxpuhl3tnnuy2ifbce.bx.internal.cloudapp.net, ports: [REPLICATION=45785, RATIS=38939, RATIS_ADMIN=38939, RATIS_SERVER=38939, STANDALONE=38791], networkLocation: /default-rack, certSerialId: null, persistedOpState: IN_SERVICE, persistedOpStateExpiryEpochSec: 0}, 1bb9cbb4-eec0-4324-8de7-fca776b53f2b{ip: 10.1.0.56, host: fv-az180-400.aibneqh1mxpuhl3tnnuy2ifbce.bx.internal.cloudapp.net, ports: [REPLICATION=45141, RATIS=44667, RATIS_ADMIN=44667, RATIS_SERVER=44667, STANDALONE=45879], networkLocation: /default-rack, certSerialId: null, persistedOpState: IN_SERVICE, persistedOpStateExpiryEpochSec: 0}, 961e98b4-0515-4e33-9a5e-b87989e0967c{ip: 10.1.0.56, host: fv-az180-400.aibneqh1mxpuhl3tnnuy2ifbce.bx.internal.cloudapp.net, ports: [REPLICATION=32803, RATIS=45547, RATIS_ADMIN=45547, RATIS_SERVER=45547, STANDALONE=33243], networkLocation: /default-rack, certSerialId: null, persistedOpState: IN_SERVICE, persistedOpStateExpiryEpochSec: 0}, a36f0c9e-34c7-41e1-90e2-5c691522fdfd{ip: 10.1.0.56, host: fv-az180-400.aibneqh1mxpuhl3tnnuy2ifbce.bx.internal.cloudapp.net, ports: [REPLICATION=43001, RATIS=35103, RATIS_ADMIN=35103, RATIS_SERVER=35103, STANDALONE=34509], networkLocation: /default-rack, certSerialId: null, persistedOpState: IN_SERVICE, persistedOpStateExpiryEpochSec: 0}, a49fbcfb-f7dc-4282-aec4-a4f9f3e2b5ab{ip: 10.1.0.56, host: fv-az180-400.aibneqh1mxpuhl3tnnuy2ifbce.bx.internal.cloudapp.net, ports: [REPLICATION=41799, RATIS=37955, RATIS_ADMIN=37955, RATIS_SERVER=37955, STANDALONE=46377], networkLocation: /default-rack, certSerialId: null, persistedOpState: null, persistedOpStateExpiryEpochSec: 0}]"  ancestorGen="0").
2022-11-18 13:06:08,517 [Under Replicated Processor] INFO  algorithms.SCMContainerPlacementRackScatter (SCMContainerPlacementRackScatter.java:chooseNode(379)) - No satisfied datanode to meet the constraints. Metadatadata size required: 0 Data size required: 5368709120, scope /default-rack, excluded nodes [8ad84362-fca3-4a94-b029-55aaea538166{ip: 10.1.0.56, host: fv-az180-400.aibneqh1mxpuhl3tnnuy2ifbce.bx.internal.cloudapp.net, ports: [REPLICATION=45785, RATIS=38939, RATIS_ADMIN=38939, RATIS_SERVER=38939, STANDALONE=38791], networkLocation: /default-rack, certSerialId: null, persistedOpState: IN_SERVICE, persistedOpStateExpiryEpochSec: 0}, 1bb9cbb4-eec0-4324-8de7-fca776b53f2b{ip: 10.1.0.56, host: fv-az180-400.aibneqh1mxpuhl3tnnuy2ifbce.bx.internal.cloudapp.net, ports: [REPLICATION=45141, RATIS=44667, RATIS_ADMIN=44667, RATIS_SERVER=44667, STANDALONE=45879], networkLocation: /default-rack, certSerialId: null, persistedOpState: IN_SERVICE, persistedOpStateExpiryEpochSec: 0}, 961e98b4-0515-4e33-9a5e-b87989e0967c{ip: 10.1.0.56, host: fv-az180-400.aibneqh1mxpuhl3tnnuy2ifbce.bx.internal.cloudapp.net, ports: [REPLICATION=32803, RATIS=45547, RATIS_ADMIN=45547, RATIS_SERVER=45547, STANDALONE=33243], networkLocation: /default-rack, certSerialId: null, persistedOpState: IN_SERVICE, persistedOpStateExpiryEpochSec: 0}, a36f0c9e-34c7-41e1-90e2-5c691522fdfd{ip: 10.1.0.56, host: fv-az180-400.aibneqh1mxpuhl3tnnuy2ifbce.bx.internal.cloudapp.net, ports: [REPLICATION=43001, RATIS=35103, RATIS_ADMIN=35103, RATIS_SERVER=35103, STANDALONE=34509], networkLocation: /default-rack, certSerialId: null, persistedOpState: IN_SERVICE, persistedOpStateExpiryEpochSec: 0}, a49fbcfb-f7dc-4282-aec4-a4f9f3e2b5ab{ip: 10.1.0.56, host: fv-az180-400.aibneqh1mxpuhl3tnnuy2ifbce.bx.internal.cloudapp.net, ports: [REPLICATION=41799, RATIS=37955, RATIS_ADMIN=37955, RATIS_SERVER=37955, STANDALONE=46377], networkLocation: /default-rack, certSerialId: null, persistedOpState: null, persistedOpStateExpiryEpochSec: 0}]
2022-11-18 13:06:08,517 [Under Replicated Processor] WARN  algorithms.SCMContainerPlacementRackScatter (SCMContainerPlacementRackScatter.java:chooseDatanodesInternal(281)) - Placement policy could not choose the enough nodes from available racks. Chosen nodes size from Unique Racks: 0, but required nodes to choose from Unique Racks: 1 do not match. Available racks count: 1, Excluded nodes count: 4
2022-11-18 13:06:08,517 [Under Replicated Processor] WARN  replication.ECUnderReplicationHandler (ECUnderReplicationHandler.java:processAndCreateCommands(252)) - Exception while processing for creating the EC reconstruction container commands for #8.
org.apache.hadoop.hdds.scm.exceptions.SCMException: Chosen nodes size from Unique Racks: 0, but required nodes to choose from Unique Racks: 1 do not match.
	at org.apache.hadoop.hdds.scm.container.placement.algorithms.SCMContainerPlacementRackScatter.chooseDatanodesInternal(SCMContainerPlacementRackScatter.java:286)
	at org.apache.hadoop.hdds.scm.SCMCommonPlacementPolicy.chooseDatanodes(SCMCommonPlacementPolicy.java:175)
	at org.apache.hadoop.hdds.scm.SCMCommonPlacementPolicy.chooseDatanodes(SCMCommonPlacementPolicy.java:117)
	at org.apache.hadoop.hdds.scm.container.replication.ECUnderReplicationHandler.getTargetDatanodes(ECUnderReplicationHandler.java:303)
	at org.apache.hadoop.hdds.scm.container.replication.ECUnderReplicationHandler.processAndCreateCommands(ECUnderReplicationHandler.java:186)
	at org.apache.hadoop.hdds.scm.container.replication.ReplicationManager.processUnderReplicatedContainer(ReplicationManager.java:483)
	at org.apache.hadoop.hdds.scm.container.replication.UnderReplicatedProcessor.processContainer(UnderReplicatedProcessor.java:99)
	at org.apache.hadoop.hdds.scm.container.replication.UnderReplicatedProcessor.processAll(UnderReplicatedProcessor.java:83)
	at org.apache.hadoop.hdds.scm.container.replication.UnderReplicatedProcessor.run(UnderReplicatedProcessor.java:144)
	at java.lang.Thread.run(Thread.java:750)
2022-11-18 13:06:08,517 [Under Replicated Processor] ERROR replication.UnderReplicatedProcessor (UnderReplicatedProcessor.java:processAll(86)) - Error processing under replicated container ContainerInfo{id=#8, state=CLOSED, pipelineID=PipelineID=67e84420-6fe2-43b6-bc4f-8bf4477b66f2, stateEnterTime=2022-11-18T13:05:28.764Z, owner=om1}
org.apache.hadoop.hdds.scm.exceptions.SCMException: Chosen nodes size from Unique Racks: 0, but required nodes to choose from Unique Racks: 1 do not match.
	at org.apache.hadoop.hdds.scm.container.placement.algorithms.SCMContainerPlacementRackScatter.chooseDatanodesInternal(SCMContainerPlacementRackScatter.java:286)
	at org.apache.hadoop.hdds.scm.SCMCommonPlacementPolicy.chooseDatanodes(SCMCommonPlacementPolicy.java:175)
	at org.apache.hadoop.hdds.scm.SCMCommonPlacementPolicy.chooseDatanodes(SCMCommonPlacementPolicy.java:117)
	at org.apache.hadoop.hdds.scm.container.replication.ECUnderReplicationHandler.getTargetDatanodes(ECUnderReplicationHandler.java:303)
	at org.apache.hadoop.hdds.scm.container.replication.ECUnderReplicationHandler.processAndCreateCommands(ECUnderReplicationHandler.java:186)
	at org.apache.hadoop.hdds.scm.container.replication.ReplicationManager.processUnderReplicatedContainer(ReplicationManager.java:483)
	at org.apache.hadoop.hdds.scm.container.replication.UnderReplicatedProcessor.processContainer(UnderReplicatedProcessor.java:99)
	at org.apache.hadoop.hdds.scm.container.replication.UnderReplicatedProcessor.processAll(UnderReplicatedProcessor.java:83)
	at org.apache.hadoop.hdds.scm.container.replication.UnderReplicatedProcessor.run(UnderReplicatedProcessor.java:144)
	at java.lang.Thread.run(Thread.java:750)
2022-11-18 13:06:08,518 [Under Replicated Processor] WARN  net.NetworkTopologyImpl (NetworkTopologyImpl.java:chooseNodeInternal(653)) - No available node in (scope="/default-rack" excludedScope="null" excludedNodes="[8ad84362-fca3-4a94-b029-55aaea538166{ip: 10.1.0.56, host: fv-az180-400.aibneqh1mxpuhl3tnnuy2ifbce.bx.internal.cloudapp.net, ports: [REPLICATION=45785, RATIS=38939, RATIS_ADMIN=38939, RATIS_SERVER=38939, STANDALONE=38791], networkLocation: /default-rack, certSerialId: null, persistedOpState: IN_SERVICE, persistedOpStateExpiryEpochSec: 0}, 1bb9cbb4-eec0-4324-8de7-fca776b53f2b{ip: 10.1.0.56, host: fv-az180-400.aibneqh1mxpuhl3tnnuy2ifbce.bx.internal.cloudapp.net, ports: [REPLICATION=45141, RATIS=44667, RATIS_ADMIN=44667, RATIS_SERVER=44667, STANDALONE=45879], networkLocation: /default-rack, certSerialId: null, persistedOpState: IN_SERVICE, persistedOpStateExpiryEpochSec: 0}, 961e98b4-0515-4e33-9a5e-b87989e0967c{ip: 10.1.0.56, host: fv-az180-400.aibneqh1mxpuhl3tnnuy2ifbce.bx.internal.cloudapp.net, ports: [REPLICATION=32803, RATIS=45547, RATIS_ADMIN=45547, RATIS_SERVER=45547, STANDALONE=33243], networkLocation: /default-rack, certSerialId: null, persistedOpState: IN_SERVICE, persistedOpStateExpiryEpochSec: 0}, a36f0c9e-34c7-41e1-90e2-5c691522fdfd{ip: 10.1.0.56, host: fv-az180-400.aibneqh1mxpuhl3tnnuy2ifbce.bx.internal.cloudapp.net, ports: [REPLICATION=43001, RATIS=35103, RATIS_ADMIN=35103, RATIS_SERVER=35103, STANDALONE=34509], networkLocation: /default-rack, certSerialId: null, persistedOpState: IN_SERVICE, persistedOpStateExpiryEpochSec: 0}, a49fbcfb-f7dc-4282-aec4-a4f9f3e2b5ab{ip: 10.1.0.56, host: fv-az180-400.aibneqh1mxpuhl3tnnuy2ifbce.bx.internal.cloudapp.net, ports: [REPLICATION=41799, RATIS=37955, RATIS_ADMIN=37955, RATIS_SERVER=37955, STANDALONE=46377], networkLocation: /default-rack, certSerialId: null, persistedOpState: null, persistedOpStateExpiryEpochSec: 0}]"  ancestorGen="0").
2022-11-18 13:06:08,518 [Under Replicated Processor] WARN  net.NetworkTopologyImpl (NetworkTopologyImpl.java:chooseNodeInternal(653)) - No available node in (scope="/default-rack" excludedScope="null" excludedNodes="[8ad84362-fca3-4a94-b029-55aaea538166{ip: 10.1.0.56, host: fv-az180-400.aibneqh1mxpuhl3tnnuy2ifbce.bx.internal.cloudapp.net, ports: [REPLICATION=45785, RATIS=38939, RATIS_ADMIN=38939, RATIS_SERVER=38939, STANDALONE=38791], networkLocation: /default-rack, certSerialId: null, persistedOpState: IN_SERVICE, persistedOpStateExpiryEpochSec: 0}, 1bb9cbb4-eec0-4324-8de7-fca776b53f2b{ip: 10.1.0.56, host: fv-az180-400.aibneqh1mxpuhl3tnnuy2ifbce.bx.internal.cloudapp.net, ports: [REPLICATION=45141, RATIS=44667, RATIS_ADMIN=44667, RATIS_SERVER=44667, STANDALONE=45879], networkLocation: /default-rack, certSerialId: null, persistedOpState: IN_SERVICE, persistedOpStateExpiryEpochSec: 0}, 961e98b4-0515-4e33-9a5e-b87989e0967c{ip: 10.1.0.56, host: fv-az180-400.aibneqh1mxpuhl3tnnuy2ifbce.bx.internal.cloudapp.net, ports: [REPLICATION=32803, RATIS=45547, RATIS_ADMIN=45547, RATIS_SERVER=45547, STANDALONE=33243], networkLocation: /default-rack, certSerialId: null, persistedOpState: IN_SERVICE, persistedOpStateExpiryEpochSec: 0}, a36f0c9e-34c7-41e1-90e2-5c691522fdfd{ip: 10.1.0.56, host: fv-az180-400.aibneqh1mxpuhl3tnnuy2ifbce.bx.internal.cloudapp.net, ports: [REPLICATION=43001, RATIS=35103, RATIS_ADMIN=35103, RATIS_SERVER=35103, STANDALONE=34509], networkLocation: /default-rack, certSerialId: null, persistedOpState: IN_SERVICE, persistedOpStateExpiryEpochSec: 0}, a49fbcfb-f7dc-4282-aec4-a4f9f3e2b5ab{ip: 10.1.0.56, host: fv-az180-400.aibneqh1mxpuhl3tnnuy2ifbce.bx.internal.cloudapp.net, ports: [REPLICATION=41799, RATIS=37955, RATIS_ADMIN=37955, RATIS_SERVER=37955, STANDALONE=46377], networkLocation: /default-rack, certSerialId: null, persistedOpState: null, persistedOpStateExpiryEpochSec: 0}]"  ancestorGen="0").
2022-11-18 13:06:08,518 [Under Replicated Processor] WARN  net.NetworkTopologyImpl (NetworkTopologyImpl.java:chooseNodeInternal(653)) - No available node in (scope="/default-rack" excludedScope="null" excludedNodes="[8ad84362-fca3-4a94-b029-55aaea538166{ip: 10.1.0.56, host: fv-az180-400.aibneqh1mxpuhl3tnnuy2ifbce.bx.internal.cloudapp.net, ports: [REPLICATION=45785, RATIS=38939, RATIS_ADMIN=38939, RATIS_SERVER=38939, STANDALONE=38791], networkLocation: /default-rack, certSerialId: null, persistedOpState: IN_SERVICE, persistedOpStateExpiryEpochSec: 0}, 1bb9cbb4-eec0-4324-8de7-fca776b53f2b{ip: 10.1.0.56, host: fv-az180-400.aibneqh1mxpuhl3tnnuy2ifbce.bx.internal.cloudapp.net, ports: [REPLICATION=45141, RATIS=44667, RATIS_ADMIN=44667, RATIS_SERVER=44667, STANDALONE=45879], networkLocation: /default-rack, certSerialId: null, persistedOpState: IN_SERVICE, persistedOpStateExpiryEpochSec: 0}, 961e98b4-0515-4e33-9a5e-b87989e0967c{ip: 10.1.0.56, host: fv-az180-400.aibneqh1mxpuhl3tnnuy2ifbce.bx.internal.cloudapp.net, ports: [REPLICATION=32803, RATIS=45547, RATIS_ADMIN=45547, RATIS_SERVER=45547, STANDALONE=33243], networkLocation: /default-rack, certSerialId: null, persistedOpState: IN_SERVICE, persistedOpStateExpiryEpochSec: 0}, a36f0c9e-34c7-41e1-90e2-5c691522fdfd{ip: 10.1.0.56, host: fv-az180-400.aibneqh1mxpuhl3tnnuy2ifbce.bx.internal.cloudapp.net, ports: [REPLICATION=43001, RATIS=35103, RATIS_ADMIN=35103, RATIS_SERVER=35103, STANDALONE=34509], networkLocation: /default-rack, certSerialId: null, persistedOpState: IN_SERVICE, persistedOpStateExpiryEpochSec: 0}, a49fbcfb-f7dc-4282-aec4-a4f9f3e2b5ab{ip: 10.1.0.56, host: fv-az180-400.aibneqh1mxpuhl3tnnuy2ifbce.bx.internal.cloudapp.net, ports: [REPLICATION=41799, RATIS=37955, RATIS_ADMIN=37955, RATIS_SERVER=37955, STANDALONE=46377], networkLocation: /default-rack, certSerialId: null, persistedOpState: null, persistedOpStateExpiryEpochSec: 0}]"  ancestorGen="0").
2022-11-18 13:06:08,519 [Under Replicated Processor] WARN  net.NetworkTopologyImpl (NetworkTopologyImpl.java:chooseNodeInternal(653)) - No available node in (scope="/default-rack" excludedScope="null" excludedNodes="[8ad84362-fca3-4a94-b029-55aaea538166{ip: 10.1.0.56, host: fv-az180-400.aibneqh1mxpuhl3tnnuy2ifbce.bx.internal.cloudapp.net, ports: [REPLICATION=45785, RATIS=38939, RATIS_ADMIN=38939, RATIS_SERVER=38939, STANDALONE=38791], networkLocation: /default-rack, certSerialId: null, persistedOpState: IN_SERVICE, persistedOpStateExpiryEpochSec: 0}, 1bb9cbb4-eec0-4324-8de7-fca776b53f2b{ip: 10.1.0.56, host: fv-az180-400.aibneqh1mxpuhl3tnnuy2ifbce.bx.internal.cloudapp.net, ports: [REPLICATION=45141, RATIS=44667, RATIS_ADMIN=44667, RATIS_SERVER=44667, STANDALONE=45879], networkLocation: /default-rack, certSerialId: null, persistedOpState: IN_SERVICE, persistedOpStateExpiryEpochSec: 0}, 961e98b4-0515-4e33-9a5e-b87989e0967c{ip: 10.1.0.56, host: fv-az180-400.aibneqh1mxpuhl3tnnuy2ifbce.bx.internal.cloudapp.net, ports: [REPLICATION=32803, RATIS=45547, RATIS_ADMIN=45547, RATIS_SERVER=45547, STANDALONE=33243], networkLocation: /default-rack, certSerialId: null, persistedOpState: IN_SERVICE, persistedOpStateExpiryEpochSec: 0}, a36f0c9e-34c7-41e1-90e2-5c691522fdfd{ip: 10.1.0.56, host: fv-az180-400.aibneqh1mxpuhl3tnnuy2ifbce.bx.internal.cloudapp.net, ports: [REPLICATION=43001, RATIS=35103, RATIS_ADMIN=35103, RATIS_SERVER=35103, STANDALONE=34509], networkLocation: /default-rack, certSerialId: null, persistedOpState: IN_SERVICE, persistedOpStateExpiryEpochSec: 0}, a49fbcfb-f7dc-4282-aec4-a4f9f3e2b5ab{ip: 10.1.0.56, host: fv-az180-400.aibneqh1mxpuhl3tnnuy2ifbce.bx.internal.cloudapp.net, ports: [REPLICATION=41799, RATIS=37955, RATIS_ADMIN=37955, RATIS_SERVER=37955, STANDALONE=46377], networkLocation: /default-rack, certSerialId: null, persistedOpState: null, persistedOpStateExpiryEpochSec: 0}]"  ancestorGen="0").
2022-11-18 13:06:08,519 [Under Replicated Processor] INFO  algorithms.SCMContainerPlacementRackScatter (SCMContainerPlacementRackScatter.java:chooseNode(379)) - No satisfied datanode to meet the constraints. Metadatadata size required: 0 Data size required: 5368709120, scope /default-rack, excluded nodes [8ad84362-fca3-4a94-b029-55aaea538166{ip: 10.1.0.56, host: fv-az180-400.aibneqh1mxpuhl3tnnuy2ifbce.bx.internal.cloudapp.net, ports: [REPLICATION=45785, RATIS=38939, RATIS_ADMIN=38939, RATIS_SERVER=38939, STANDALONE=38791], networkLocation: /default-rack, certSerialId: null, persistedOpState: IN_SERVICE, persistedOpStateExpiryEpochSec: 0}, 1bb9cbb4-eec0-4324-8de7-fca776b53f2b{ip: 10.1.0.56, host: fv-az180-400.aibneqh1mxpuhl3tnnuy2ifbce.bx.internal.cloudapp.net, ports: [REPLICATION=45141, RATIS=44667, RATIS_ADMIN=44667, RATIS_SERVER=44667, STANDALONE=45879], networkLocation: /default-rack, certSerialId: null, persistedOpState: IN_SERVICE, persistedOpStateExpiryEpochSec: 0}, 961e98b4-0515-4e33-9a5e-b87989e0967c{ip: 10.1.0.56, host: fv-az180-400.aibneqh1mxpuhl3tnnuy2ifbce.bx.internal.cloudapp.net, ports: [REPLICATION=32803, RATIS=45547, RATIS_ADMIN=45547, RATIS_SERVER=45547, STANDALONE=33243], networkLocation: /default-rack, certSerialId: null, persistedOpState: IN_SERVICE, persistedOpStateExpiryEpochSec: 0}, a36f0c9e-34c7-41e1-90e2-5c691522fdfd{ip: 10.1.0.56, host: fv-az180-400.aibneqh1mxpuhl3tnnuy2ifbce.bx.internal.cloudapp.net, ports: [REPLICATION=43001, RATIS=35103, RATIS_ADMIN=35103, RATIS_SERVER=35103, STANDALONE=34509], networkLocation: /default-rack, certSerialId: null, persistedOpState: IN_SERVICE, persistedOpStateExpiryEpochSec: 0}, a49fbcfb-f7dc-4282-aec4-a4f9f3e2b5ab{ip: 10.1.0.56, host: fv-az180-400.aibneqh1mxpuhl3tnnuy2ifbce.bx.internal.cloudapp.net, ports: [REPLICATION=41799, RATIS=37955, RATIS_ADMIN=37955, RATIS_SERVER=37955, STANDALONE=46377], networkLocation: /default-rack, certSerialId: null, persistedOpState: null, persistedOpStateExpiryEpochSec: 0}]
2022-11-18 13:06:08,520 [Under Replicated Processor] WARN  algorithms.SCMContainerPlacementRackScatter (SCMContainerPlacementRackScatter.java:chooseDatanodesInternal(281)) - Placement policy could not choose the enough nodes from available racks. Chosen nodes size from Unique Racks: 0, but required nodes to choose from Unique Racks: 1 do not match. Available racks count: 1, Excluded nodes count: 4
2022-11-18 13:06:08,520 [Under Replicated Processor] WARN  replication.ECUnderReplicationHandler (ECUnderReplicationHandler.java:processAndCreateCommands(252)) - Exception while processing for creating the EC reconstruction container commands for #8.
org.apache.hadoop.hdds.scm.exceptions.SCMException: Chosen nodes size from Unique Racks: 0, but required nodes to choose from Unique Racks: 1 do not match.
	at org.apache.hadoop.hdds.scm.container.placement.algorithms.SCMContainerPlacementRackScatter.chooseDatanodesInternal(SCMContainerPlacementRackScatter.java:286)
	at org.apache.hadoop.hdds.scm.SCMCommonPlacementPolicy.chooseDatanodes(SCMCommonPlacementPolicy.java:175)
	at org.apache.hadoop.hdds.scm.SCMCommonPlacementPolicy.chooseDatanodes(SCMCommonPlacementPolicy.java:117)
	at org.apache.hadoop.hdds.scm.container.replication.ECUnderReplicationHandler.getTargetDatanodes(ECUnderReplicationHandler.java:303)
	at org.apache.hadoop.hdds.scm.container.replication.ECUnderReplicationHandler.processAndCreateCommands(ECUnderReplicationHandler.java:186)
	at org.apache.hadoop.hdds.scm.container.replication.ReplicationManager.processUnderReplicatedContainer(ReplicationManager.java:483)
	at org.apache.hadoop.hdds.scm.container.replication.UnderReplicatedProcessor.processContainer(UnderReplicatedProcessor.java:99)
	at org.apache.hadoop.hdds.scm.container.replication.UnderReplicatedProcessor.processAll(UnderReplicatedProcessor.java:83)
	at org.apache.hadoop.hdds.scm.container.replication.UnderReplicatedProcessor.run(UnderReplicatedProcessor.java:144)
	at java.lang.Thread.run(Thread.java:750)
2022-11-18 13:06:08,520 [Under Replicated Processor] ERROR replication.UnderReplicatedProcessor (UnderReplicatedProcessor.java:processAll(86)) - Error processing under replicated container ContainerInfo{id=#8, state=CLOSED, pipelineID=PipelineID=67e84420-6fe2-43b6-bc4f-8bf4477b66f2, stateEnterTime=2022-11-18T13:05:28.764Z, owner=om1}
org.apache.hadoop.hdds.scm.exceptions.SCMException: Chosen nodes size from Unique Racks: 0, but required nodes to choose from Unique Racks: 1 do not match.
	at org.apache.hadoop.hdds.scm.container.placement.algorithms.SCMContainerPlacementRackScatter.chooseDatanodesInternal(SCMContainerPlacementRackScatter.java:286)
	at org.apache.hadoop.hdds.scm.SCMCommonPlacementPolicy.chooseDatanodes(SCMCommonPlacementPolicy.java:175)
	at org.apache.hadoop.hdds.scm.SCMCommonPlacementPolicy.chooseDatanodes(SCMCommonPlacementPolicy.java:117)
	at org.apache.hadoop.hdds.scm.container.replication.ECUnderReplicationHandler.getTargetDatanodes(ECUnderReplicationHandler.java:303)
	at org.apache.hadoop.hdds.scm.container.replication.ECUnderReplicationHandler.processAndCreateCommands(ECUnderReplicationHandler.java:186)
	at org.apache.hadoop.hdds.scm.container.replication.ReplicationManager.processUnderReplicatedContainer(ReplicationManager.java:483)
	at org.apache.hadoop.hdds.scm.container.replication.UnderReplicatedProcessor.processContainer(UnderReplicatedProcessor.java:99)
	at org.apache.hadoop.hdds.scm.container.replication.UnderReplicatedProcessor.processAll(UnderReplicatedProcessor.java:83)
	at org.apache.hadoop.hdds.scm.container.replication.UnderReplicatedProcessor.run(UnderReplicatedProcessor.java:144)
	at java.lang.Thread.run(Thread.java:750)
2022-11-18 13:06:08,520 [Under Replicated Processor] WARN  net.NetworkTopologyImpl (NetworkTopologyImpl.java:chooseNodeInternal(653)) - No available node in (scope="/default-rack" excludedScope="null" excludedNodes="[8ad84362-fca3-4a94-b029-55aaea538166{ip: 10.1.0.56, host: fv-az180-400.aibneqh1mxpuhl3tnnuy2ifbce.bx.internal.cloudapp.net, ports: [REPLICATION=45785, RATIS=38939, RATIS_ADMIN=38939, RATIS_SERVER=38939, STANDALONE=38791], networkLocation: /default-rack, certSerialId: null, persistedOpState: IN_SERVICE, persistedOpStateExpiryEpochSec: 0}, 1bb9cbb4-eec0-4324-8de7-fca776b53f2b{ip: 10.1.0.56, host: fv-az180-400.aibneqh1mxpuhl3tnnuy2ifbce.bx.internal.cloudapp.net, ports: [REPLICATION=45141, RATIS=44667, RATIS_ADMIN=44667, RATIS_SERVER=44667, STANDALONE=45879], networkLocation: /default-rack, certSerialId: null, persistedOpState: IN_SERVICE, persistedOpStateExpiryEpochSec: 0}, 961e98b4-0515-4e33-9a5e-b87989e0967c{ip: 10.1.0.56, host: fv-az180-400.aibneqh1mxpuhl3tnnuy2ifbce.bx.internal.cloudapp.net, ports: [REPLICATION=32803, RATIS=45547, RATIS_ADMIN=45547, RATIS_SERVER=45547, STANDALONE=33243], networkLocation: /default-rack, certSerialId: null, persistedOpState: IN_SERVICE, persistedOpStateExpiryEpochSec: 0}, a36f0c9e-34c7-41e1-90e2-5c691522fdfd{ip: 10.1.0.56, host: fv-az180-400.aibneqh1mxpuhl3tnnuy2ifbce.bx.internal.cloudapp.net, ports: [REPLICATION=43001, RATIS=35103, RATIS_ADMIN=35103, RATIS_SERVER=35103, STANDALONE=34509], networkLocation: /default-rack, certSerialId: null, persistedOpState: IN_SERVICE, persistedOpStateExpiryEpochSec: 0}, a49fbcfb-f7dc-4282-aec4-a4f9f3e2b5ab{ip: 10.1.0.56, host: fv-az180-400.aibneqh1mxpuhl3tnnuy2ifbce.bx.internal.cloudapp.net, ports: [REPLICATION=41799, RATIS=37955, RATIS_ADMIN=37955, RATIS_SERVER=37955, STANDALONE=46377], networkLocation: /default-rack, certSerialId: null, persistedOpState: null, persistedOpStateExpiryEpochSec: 0}]"  ancestorGen="0").
2022-11-18 13:06:08,520 [Under Replicated Processor] WARN  net.NetworkTopologyImpl (NetworkTopologyImpl.java:chooseNodeInternal(653)) - No available node in (scope="/default-rack" excludedScope="null" excludedNodes="[8ad84362-fca3-4a94-b029-55aaea538166{ip: 10.1.0.56, host: fv-az180-400.aibneqh1mxpuhl3tnnuy2ifbce.bx.internal.cloudapp.net, ports: [REPLICATION=45785, RATIS=38939, RATIS_ADMIN=38939, RATIS_SERVER=38939, STANDALONE=38791], networkLocation: /default-rack, certSerialId: null, persistedOpState: IN_SERVICE, persistedOpStateExpiryEpochSec: 0}, 1bb9cbb4-eec0-4324-8de7-fca776b53f2b{ip: 10.1.0.56, host: fv-az180-400.aibneqh1mxpuhl3tnnuy2ifbce.bx.internal.cloudapp.net, ports: [REPLICATION=45141, RATIS=44667, RATIS_ADMIN=44667, RATIS_SERVER=44667, STANDALONE=45879], networkLocation: /default-rack, certSerialId: null, persistedOpState: IN_SERVICE, persistedOpStateExpiryEpochSec: 0}, 961e98b4-0515-4e33-9a5e-b87989e0967c{ip: 10.1.0.56, host: fv-az180-400.aibneqh1mxpuhl3tnnuy2ifbce.bx.internal.cloudapp.net, ports: [REPLICATION=32803, RATIS=45547, RATIS_ADMIN=45547, RATIS_SERVER=45547, STANDALONE=33243], networkLocation: /default-rack, certSerialId: null, persistedOpState: IN_SERVICE, persistedOpStateExpiryEpochSec: 0}, a36f0c9e-34c7-41e1-90e2-5c691522fdfd{ip: 10.1.0.56, host: fv-az180-400.aibneqh1mxpuhl3tnnuy2ifbce.bx.internal.cloudapp.net, ports: [REPLICATION=43001, RATIS=35103, RATIS_ADMIN=35103, RATIS_SERVER=35103, STANDALONE=34509], networkLocation: /default-rack, certSerialId: null, persistedOpState: IN_SERVICE, persistedOpStateExpiryEpochSec: 0}, a49fbcfb-f7dc-4282-aec4-a4f9f3e2b5ab{ip: 10.1.0.56, host: fv-az180-400.aibneqh1mxpuhl3tnnuy2ifbce.bx.internal.cloudapp.net, ports: [REPLICATION=41799, RATIS=37955, RATIS_ADMIN=37955, RATIS_SERVER=37955, STANDALONE=46377], networkLocation: /default-rack, certSerialId: null, persistedOpState: null, persistedOpStateExpiryEpochSec: 0}]"  ancestorGen="0").
2022-11-18 13:06:08,520 [Under Replicated Processor] WARN  net.NetworkTopologyImpl (NetworkTopologyImpl.java:chooseNodeInternal(653)) - No available node in (scope="/default-rack" excludedScope="null" excludedNodes="[8ad84362-fca3-4a94-b029-55aaea538166{ip: 10.1.0.56, host: fv-az180-400.aibneqh1mxpuhl3tnnuy2ifbce.bx.internal.cloudapp.net, ports: [REPLICATION=45785, RATIS=38939, RATIS_ADMIN=38939, RATIS_SERVER=38939, STANDALONE=38791], networkLocation: /default-rack, certSerialId: null, persistedOpState: IN_SERVICE, persistedOpStateExpiryEpochSec: 0}, 1bb9cbb4-eec0-4324-8de7-fca776b53f2b{ip: 10.1.0.56, host: fv-az180-400.aibneqh1mxpuhl3tnnuy2ifbce.bx.internal.cloudapp.net, ports: [REPLICATION=45141, RATIS=44667, RATIS_ADMIN=44667, RATIS_SERVER=44667, STANDALONE=45879], networkLocation: /default-rack, certSerialId: null, persistedOpState: IN_SERVICE, persistedOpStateExpiryEpochSec: 0}, 961e98b4-0515-4e33-9a5e-b87989e0967c{ip: 10.1.0.56, host: fv-az180-400.aibneqh1mxpuhl3tnnuy2ifbce.bx.internal.cloudapp.net, ports: [REPLICATION=32803, RATIS=45547, RATIS_ADMIN=45547, RATIS_SERVER=45547, STANDALONE=33243], networkLocation: /default-rack, certSerialId: null, persistedOpState: IN_SERVICE, persistedOpStateExpiryEpochSec: 0}, a36f0c9e-34c7-41e1-90e2-5c691522fdfd{ip: 10.1.0.56, host: fv-az180-400.aibneqh1mxpuhl3tnnuy2ifbce.bx.internal.cloudapp.net, ports: [REPLICATION=43001, RATIS=35103, RATIS_ADMIN=35103, RATIS_SERVER=35103, STANDALONE=34509], networkLocation: /default-rack, certSerialId: null, persistedOpState: IN_SERVICE, persistedOpStateExpiryEpochSec: 0}, a49fbcfb-f7dc-4282-aec4-a4f9f3e2b5ab{ip: 10.1.0.56, host: fv-az180-400.aibneqh1mxpuhl3tnnuy2ifbce.bx.internal.cloudapp.net, ports: [REPLICATION=41799, RATIS=37955, RATIS_ADMIN=37955, RATIS_SERVER=37955, STANDALONE=46377], networkLocation: /default-rack, certSerialId: null, persistedOpState: null, persistedOpStateExpiryEpochSec: 0}]"  ancestorGen="0").
2022-11-18 13:06:08,520 [Under Replicated Processor] WARN  net.NetworkTopologyImpl (NetworkTopologyImpl.java:chooseNodeInternal(653)) - No available node in (scope="/default-rack" excludedScope="null" excludedNodes="[8ad84362-fca3-4a94-b029-55aaea538166{ip: 10.1.0.56, host: fv-az180-400.aibneqh1mxpuhl3tnnuy2ifbce.bx.internal.cloudapp.net, ports: [REPLICATION=45785, RATIS=38939, RATIS_ADMIN=38939, RATIS_SERVER=38939, STANDALONE=38791], networkLocation: /default-rack, certSerialId: null, persistedOpState: IN_SERVICE, persistedOpStateExpiryEpochSec: 0}, 1bb9cbb4-eec0-4324-8de7-fca776b53f2b{ip: 10.1.0.56, host: fv-az180-400.aibneqh1mxpuhl3tnnuy2ifbce.bx.internal.cloudapp.net, ports: [REPLICATION=45141, RATIS=44667, RATIS_ADMIN=44667, RATIS_SERVER=44667, STANDALONE=45879], networkLocation: /default-rack, certSerialId: null, persistedOpState: IN_SERVICE, persistedOpStateExpiryEpochSec: 0}, 961e98b4-0515-4e33-9a5e-b87989e0967c{ip: 10.1.0.56, host: fv-az180-400.aibneqh1mxpuhl3tnnuy2ifbce.bx.internal.cloudapp.net, ports: [REPLICATION=32803, RATIS=45547, RATIS_ADMIN=45547, RATIS_SERVER=45547, STANDALONE=33243], networkLocation: /default-rack, certSerialId: null, persistedOpState: IN_SERVICE, persistedOpStateExpiryEpochSec: 0}, a36f0c9e-34c7-41e1-90e2-5c691522fdfd{ip: 10.1.0.56, host: fv-az180-400.aibneqh1mxpuhl3tnnuy2ifbce.bx.internal.cloudapp.net, ports: [REPLICATION=43001, RATIS=35103, RATIS_ADMIN=35103, RATIS_SERVER=35103, STANDALONE=34509], networkLocation: /default-rack, certSerialId: null, persistedOpState: IN_SERVICE, persistedOpStateExpiryEpochSec: 0}, a49fbcfb-f7dc-4282-aec4-a4f9f3e2b5ab{ip: 10.1.0.56, host: fv-az180-400.aibneqh1mxpuhl3tnnuy2ifbce.bx.internal.cloudapp.net, ports: [REPLICATION=41799, RATIS=37955, RATIS_ADMIN=37955, RATIS_SERVER=37955, STANDALONE=46377], networkLocation: /default-rack, certSerialId: null, persistedOpState: null, persistedOpStateExpiryEpochSec: 0}]"  ancestorGen="0").
2022-11-18 13:06:08,520 [Under Replicated Processor] INFO  algorithms.SCMContainerPlacementRackScatter (SCMContainerPlacementRackScatter.java:chooseNode(379)) - No satisfied datanode to meet the constraints. Metadatadata size required: 0 Data size required: 5368709120, scope /default-rack, excluded nodes [8ad84362-fca3-4a94-b029-55aaea538166{ip: 10.1.0.56, host: fv-az180-400.aibneqh1mxpuhl3tnnuy2ifbce.bx.internal.cloudapp.net, ports: [REPLICATION=45785, RATIS=38939, RATIS_ADMIN=38939, RATIS_SERVER=38939, STANDALONE=38791], networkLocation: /default-rack, certSerialId: null, persistedOpState: IN_SERVICE, persistedOpStateExpiryEpochSec: 0}, 1bb9cbb4-eec0-4324-8de7-fca776b53f2b{ip: 10.1.0.56, host: fv-az180-400.aibneqh1mxpuhl3tnnuy2ifbce.bx.internal.cloudapp.net, ports: [REPLICATION=45141, RATIS=44667, RATIS_ADMIN=44667, RATIS_SERVER=44667, STANDALONE=45879], networkLocation: /default-rack, certSerialId: null, persistedOpState: IN_SERVICE, persistedOpStateExpiryEpochSec: 0}, 961e98b4-0515-4e33-9a5e-b87989e0967c{ip: 10.1.0.56, host: fv-az180-400.aibneqh1mxpuhl3tnnuy2ifbce.bx.internal.cloudapp.net, ports: [REPLICATION=32803, RATIS=45547, RATIS_ADMIN=45547, RATIS_SERVER=45547, STANDALONE=33243], networkLocation: /default-rack, certSerialId: null, persistedOpState: IN_SERVICE, persistedOpStateExpiryEpochSec: 0}, a36f0c9e-34c7-41e1-90e2-5c691522fdfd{ip: 10.1.0.56, host: fv-az180-400.aibneqh1mxpuhl3tnnuy2ifbce.bx.internal.cloudapp.net, ports: [REPLICATION=43001, RATIS=35103, RATIS_ADMIN=35103, RATIS_SERVER=35103, STANDALONE=34509], networkLocation: /default-rack, certSerialId: null, persistedOpState: IN_SERVICE, persistedOpStateExpiryEpochSec: 0}, a49fbcfb-f7dc-4282-aec4-a4f9f3e2b5ab{ip: 10.1.0.56, host: fv-az180-400.aibneqh1mxpuhl3tnnuy2ifbce.bx.internal.cloudapp.net, ports: [REPLICATION=41799, RATIS=37955, RATIS_ADMIN=37955, RATIS_SERVER=37955, STANDALONE=46377], networkLocation: /default-rack, certSerialId: null, persistedOpState: null, persistedOpStateExpiryEpochSec: 0}]
2022-11-18 13:06:08,520 [Under Replicated Processor] WARN  algorithms.SCMContainerPlacementRackScatter (SCMContainerPlacementRackScatter.java:chooseDatanodesInternal(281)) - Placement policy could not choose the enough nodes from available racks. Chosen nodes size from Unique Racks: 0, but required nodes to choose from Unique Racks: 1 do not match. Available racks count: 1, Excluded nodes count: 4
2022-11-18 13:06:08,521 [Under Replicated Processor] WARN  replication.ECUnderReplicationHandler (ECUnderReplicationHandler.java:processAndCreateCommands(252)) - Exception while processing for creating the EC reconstruction container commands for #8.
org.apache.hadoop.hdds.scm.exceptions.SCMException: Chosen nodes size from Unique Racks: 0, but required nodes to choose from Unique Racks: 1 do not match.
	at org.apache.hadoop.hdds.scm.container.placement.algorithms.SCMContainerPlacementRackScatter.chooseDatanodesInternal(SCMContainerPlacementRackScatter.java:286)
	at org.apache.hadoop.hdds.scm.SCMCommonPlacementPolicy.chooseDatanodes(SCMCommonPlacementPolicy.java:175)
	at org.apache.hadoop.hdds.scm.SCMCommonPlacementPolicy.chooseDatanodes(SCMCommonPlacementPolicy.java:117)
	at org.apache.hadoop.hdds.scm.container.replication.ECUnderReplicationHandler.getTargetDatanodes(ECUnderReplicationHandler.java:303)
	at org.apache.hadoop.hdds.scm.container.replication.ECUnderReplicationHandler.processAndCreateCommands(ECUnderReplicationHandler.java:186)
	at org.apache.hadoop.hdds.scm.container.replication.ReplicationManager.processUnderReplicatedContainer(ReplicationManager.java:483)
	at org.apache.hadoop.hdds.scm.container.replication.UnderReplicatedProcessor.processContainer(UnderReplicatedProcessor.java:99)
	at org.apache.hadoop.hdds.scm.container.replication.UnderReplicatedProcessor.processAll(UnderReplicatedProcessor.java:83)
	at org.apache.hadoop.hdds.scm.container.replication.UnderReplicatedProcessor.run(UnderReplicatedProcessor.java:144)
	at java.lang.Thread.run(Thread.java:750)
2022-11-18 13:06:08,521 [Under Replicated Processor] ERROR replication.UnderReplicatedProcessor (UnderReplicatedProcessor.java:processAll(86)) - Error processing under replicated container ContainerInfo{id=#8, state=CLOSED, pipelineID=PipelineID=67e84420-6fe2-43b6-bc4f-8bf4477b66f2, stateEnterTime=2022-11-18T13:05:28.764Z, owner=om1}
org.apache.hadoop.hdds.scm.exceptions.SCMException: Chosen nodes size from Unique Racks: 0, but required nodes to choose from Unique Racks: 1 do not match.
	at org.apache.hadoop.hdds.scm.container.placement.algorithms.SCMContainerPlacementRackScatter.chooseDatanodesInternal(SCMContainerPlacementRackScatter.java:286)
	at org.apache.hadoop.hdds.scm.SCMCommonPlacementPolicy.chooseDatanodes(SCMCommonPlacementPolicy.java:175)
	at org.apache.hadoop.hdds.scm.SCMCommonPlacementPolicy.chooseDatanodes(SCMCommonPlacementPolicy.java:117)
	at org.apache.hadoop.hdds.scm.container.replication.ECUnderReplicationHandler.getTargetDatanodes(ECUnderReplicationHandler.java:303)
	at org.apache.hadoop.hdds.scm.container.replication.ECUnderReplicationHandler.processAndCreateCommands(ECUnderReplicationHandler.java:186)
	at org.apache.hadoop.hdds.scm.container.replication.ReplicationManager.processUnderReplicatedContainer(ReplicationManager.java:483)
	at org.apache.hadoop.hdds.scm.container.replication.UnderReplicatedProcessor.processContainer(UnderReplicatedProcessor.java:99)
	at org.apache.hadoop.hdds.scm.container.replication.UnderReplicatedProcessor.processAll(UnderReplicatedProcessor.java:83)
	at org.apache.hadoop.hdds.scm.container.replication.UnderReplicatedProcessor.run(UnderReplicatedProcessor.java:144)
	at java.lang.Thread.run(Thread.java:750)
2022-11-18 13:06:08,521 [Under Replicated Processor] WARN  net.NetworkTopologyImpl (NetworkTopologyImpl.java:chooseNodeInternal(653)) - No available node in (scope="/default-rack" excludedScope="null" excludedNodes="[8ad84362-fca3-4a94-b029-55aaea538166{ip: 10.1.0.56, host: fv-az180-400.aibneqh1mxpuhl3tnnuy2ifbce.bx.internal.cloudapp.net, ports: [REPLICATION=45785, RATIS=38939, RATIS_ADMIN=38939, RATIS_SERVER=38939, STANDALONE=38791], networkLocation: /default-rack, certSerialId: null, persistedOpState: IN_SERVICE, persistedOpStateExpiryEpochSec: 0}, 1bb9cbb4-eec0-4324-8de7-fca776b53f2b{ip: 10.1.0.56, host: fv-az180-400.aibneqh1mxpuhl3tnnuy2ifbce.bx.internal.cloudapp.net, ports: [REPLICATION=45141, RATIS=44667, RATIS_ADMIN=44667, RATIS_SERVER=44667, STANDALONE=45879], networkLocation: /default-rack, certSerialId: null, persistedOpState: IN_SERVICE, persistedOpStateExpiryEpochSec: 0}, 961e98b4-0515-4e33-9a5e-b87989e0967c{ip: 10.1.0.56, host: fv-az180-400.aibneqh1mxpuhl3tnnuy2ifbce.bx.internal.cloudapp.net, ports: [REPLICATION=32803, RATIS=45547, RATIS_ADMIN=45547, RATIS_SERVER=45547, STANDALONE=33243], networkLocation: /default-rack, certSerialId: null, persistedOpState: IN_SERVICE, persistedOpStateExpiryEpochSec: 0}, a36f0c9e-34c7-41e1-90e2-5c691522fdfd{ip: 10.1.0.56, host: fv-az180-400.aibneqh1mxpuhl3tnnuy2ifbce.bx.internal.cloudapp.net, ports: [REPLICATION=43001, RATIS=35103, RATIS_ADMIN=35103, RATIS_SERVER=35103, STANDALONE=34509], networkLocation: /default-rack, certSerialId: null, persistedOpState: IN_SERVICE, persistedOpStateExpiryEpochSec: 0}, a49fbcfb-f7dc-4282-aec4-a4f9f3e2b5ab{ip: 10.1.0.56, host: fv-az180-400.aibneqh1mxpuhl3tnnuy2ifbce.bx.internal.cloudapp.net, ports: [REPLICATION=41799, RATIS=37955, RATIS_ADMIN=37955, RATIS_SERVER=37955, STANDALONE=46377], networkLocation: /default-rack, certSerialId: null, persistedOpState: null, persistedOpStateExpiryEpochSec: 0}]"  ancestorGen="0").
2022-11-18 13:06:08,521 [Under Replicated Processor] WARN  net.NetworkTopologyImpl (NetworkTopologyImpl.java:chooseNodeInternal(653)) - No available node in (scope="/default-rack" excludedScope="null" excludedNodes="[8ad84362-fca3-4a94-b029-55aaea538166{ip: 10.1.0.56, host: fv-az180-400.aibneqh1mxpuhl3tnnuy2ifbce.bx.internal.cloudapp.net, ports: [REPLICATION=45785, RATIS=38939, RATIS_ADMIN=38939, RATIS_SERVER=38939, STANDALONE=38791], networkLocation: /default-rack, certSerialId: null, persistedOpState: IN_SERVICE, persistedOpStateExpiryEpochSec: 0}, 1bb9cbb4-eec0-4324-8de7-fca776b53f2b{ip: 10.1.0.56, host: fv-az180-400.aibneqh1mxpuhl3tnnuy2ifbce.bx.internal.cloudapp.net, ports: [REPLICATION=45141, RATIS=44667, RATIS_ADMIN=44667, RATIS_SERVER=44667, STANDALONE=45879], networkLocation: /default-rack, certSerialId: null, persistedOpState: IN_SERVICE, persistedOpStateExpiryEpochSec: 0}, 961e98b4-0515-4e33-9a5e-b87989e0967c{ip: 10.1.0.56, host: fv-az180-400.aibneqh1mxpuhl3tnnuy2ifbce.bx.internal.cloudapp.net, ports: [REPLICATION=32803, RATIS=45547, RATIS_ADMIN=45547, RATIS_SERVER=45547, STANDALONE=33243], networkLocation: /default-rack, certSerialId: null, persistedOpState: IN_SERVICE, persistedOpStateExpiryEpochSec: 0}, a36f0c9e-34c7-41e1-90e2-5c691522fdfd{ip: 10.1.0.56, host: fv-az180-400.aibneqh1mxpuhl3tnnuy2ifbce.bx.internal.cloudapp.net, ports: [REPLICATION=43001, RATIS=35103, RATIS_ADMIN=35103, RATIS_SERVER=35103, STANDALONE=34509], networkLocation: /default-rack, certSerialId: null, persistedOpState: IN_SERVICE, persistedOpStateExpiryEpochSec: 0}, a49fbcfb-f7dc-4282-aec4-a4f9f3e2b5ab{ip: 10.1.0.56, host: fv-az180-400.aibneqh1mxpuhl3tnnuy2ifbce.bx.internal.cloudapp.net, ports: [REPLICATION=41799, RATIS=37955, RATIS_ADMIN=37955, RATIS_SERVER=37955, STANDALONE=46377], networkLocation: /default-rack, certSerialId: null, persistedOpState: null, persistedOpStateExpiryEpochSec: 0}]"  ancestorGen="0").
2022-11-18 13:06:08,521 [Under Replicated Processor] WARN  net.NetworkTopologyImpl (NetworkTopologyImpl.java:chooseNodeInternal(653)) - No available node in (scope="/default-rack" excludedScope="null" excludedNodes="[8ad84362-fca3-4a94-b029-55aaea538166{ip: 10.1.0.56, host: fv-az180-400.aibneqh1mxpuhl3tnnuy2ifbce.bx.internal.cloudapp.net, ports: [REPLICATION=45785, RATIS=38939, RATIS_ADMIN=38939, RATIS_SERVER=38939, STANDALONE=38791], networkLocation: /default-rack, certSerialId: null, persistedOpState: IN_SERVICE, persistedOpStateExpiryEpochSec: 0}, 1bb9cbb4-eec0-4324-8de7-fca776b53f2b{ip: 10.1.0.56, host: fv-az180-400.aibneqh1mxpuhl3tnnuy2ifbce.bx.internal.cloudapp.net, ports: [REPLICATION=45141, RATIS=44667, RATIS_ADMIN=44667, RATIS_SERVER=44667, STANDALONE=45879], networkLocation: /default-rack, certSerialId: null, persistedOpState: IN_SERVICE, persistedOpStateExpiryEpochSec: 0}, 961e98b4-0515-4e33-9a5e-b87989e0967c{ip: 10.1.0.56, host: fv-az180-400.aibneqh1mxpuhl3tnnuy2ifbce.bx.internal.cloudapp.net, ports: [REPLICATION=32803, RATIS=45547, RATIS_ADMIN=45547, RATIS_SERVER=45547, STANDALONE=33243], networkLocation: /default-rack, certSerialId: null, persistedOpState: IN_SERVICE, persistedOpStateExpiryEpochSec: 0}, a36f0c9e-34c7-41e1-90e2-5c691522fdfd{ip: 10.1.0.56, host: fv-az180-400.aibneqh1mxpuhl3tnnuy2ifbce.bx.internal.cloudapp.net, ports: [REPLICATION=43001, RATIS=35103, RATIS_ADMIN=35103, RATIS_SERVER=35103, STANDALONE=34509], networkLocation: /default-rack, certSerialId: null, persistedOpState: IN_SERVICE, persistedOpStateExpiryEpochSec: 0}, a49fbcfb-f7dc-4282-aec4-a4f9f3e2b5ab{ip: 10.1.0.56, host: fv-az180-400.aibneqh1mxpuhl3tnnuy2ifbce.bx.internal.cloudapp.net, ports: [REPLICATION=41799, RATIS=37955, RATIS_ADMIN=37955, RATIS_SERVER=37955, STANDALONE=46377], networkLocation: /default-rack, certSerialId: null, persistedOpState: null, persistedOpStateExpiryEpochSec: 0}]"  ancestorGen="0").
2022-11-18 13:06:08,521 [Under Replicated Processor] WARN  net.NetworkTopologyImpl (NetworkTopologyImpl.java:chooseNodeInternal(653)) - No available node in (scope="/default-rack" excludedScope="null" excludedNodes="[8ad84362-fca3-4a94-b029-55aaea538166{ip: 10.1.0.56, host: fv-az180-400.aibneqh1mxpuhl3tnnuy2ifbce.bx.internal.cloudapp.net, ports: [REPLICATION=45785, RATIS=38939, RATIS_ADMIN=38939, RATIS_SERVER=38939, STANDALONE=38791], networkLocation: /default-rack, certSerialId: null, persistedOpState: IN_SERVICE, persistedOpStateExpiryEpochSec: 0}, 1bb9cbb4-eec0-4324-8de7-fca776b53f2b{ip: 10.1.0.56, host: fv-az180-400.aibneqh1mxpuhl3tnnuy2ifbce.bx.internal.cloudapp.net, ports: [REPLICATION=45141, RATIS=44667, RATIS_ADMIN=44667, RATIS_SERVER=44667, STANDALONE=45879], networkLocation: /default-rack, certSerialId: null, persistedOpState: IN_SERVICE, persistedOpStateExpiryEpochSec: 0}, 961e98b4-0515-4e33-9a5e-b87989e0967c{ip: 10.1.0.56, host: fv-az180-400.aibneqh1mxpuhl3tnnuy2ifbce.bx.internal.cloudapp.net, ports: [REPLICATION=32803, RATIS=45547, RATIS_ADMIN=45547, RATIS_SERVER=45547, STANDALONE=33243], networkLocation: /default-rack, certSerialId: null, persistedOpState: IN_SERVICE, persistedOpStateExpiryEpochSec: 0}, a36f0c9e-34c7-41e1-90e2-5c691522fdfd{ip: 10.1.0.56, host: fv-az180-400.aibneqh1mxpuhl3tnnuy2ifbce.bx.internal.cloudapp.net, ports: [REPLICATION=43001, RATIS=35103, RATIS_ADMIN=35103, RATIS_SERVER=35103, STANDALONE=34509], networkLocation: /default-rack, certSerialId: null, persistedOpState: IN_SERVICE, persistedOpStateExpiryEpochSec: 0}, a49fbcfb-f7dc-4282-aec4-a4f9f3e2b5ab{ip: 10.1.0.56, host: fv-az180-400.aibneqh1mxpuhl3tnnuy2ifbce.bx.internal.cloudapp.net, ports: [REPLICATION=41799, RATIS=37955, RATIS_ADMIN=37955, RATIS_SERVER=37955, STANDALONE=46377], networkLocation: /default-rack, certSerialId: null, persistedOpState: null, persistedOpStateExpiryEpochSec: 0}]"  ancestorGen="0").
2022-11-18 13:06:08,521 [Under Replicated Processor] INFO  algorithms.SCMContainerPlacementRackScatter (SCMContainerPlacementRackScatter.java:chooseNode(379)) - No satisfied datanode to meet the constraints. Metadatadata size required: 0 Data size required: 5368709120, scope /default-rack, excluded nodes [8ad84362-fca3-4a94-b029-55aaea538166{ip: 10.1.0.56, host: fv-az180-400.aibneqh1mxpuhl3tnnuy2ifbce.bx.internal.cloudapp.net, ports: [REPLICATION=45785, RATIS=38939, RATIS_ADMIN=38939, RATIS_SERVER=38939, STANDALONE=38791], networkLocation: /default-rack, certSerialId: null, persistedOpState: IN_SERVICE, persistedOpStateExpiryEpochSec: 0}, 1bb9cbb4-eec0-4324-8de7-fca776b53f2b{ip: 10.1.0.56, host: fv-az180-400.aibneqh1mxpuhl3tnnuy2ifbce.bx.internal.cloudapp.net, ports: [REPLICATION=45141, RATIS=44667, RATIS_ADMIN=44667, RATIS_SERVER=44667, STANDALONE=45879], networkLocation: /default-rack, certSerialId: null, persistedOpState: IN_SERVICE, persistedOpStateExpiryEpochSec: 0}, 961e98b4-0515-4e33-9a5e-b87989e0967c{ip: 10.1.0.56, host: fv-az180-400.aibneqh1mxpuhl3tnnuy2ifbce.bx.internal.cloudapp.net, ports: [REPLICATION=32803, RATIS=45547, RATIS_ADMIN=45547, RATIS_SERVER=45547, STANDALONE=33243], networkLocation: /default-rack, certSerialId: null, persistedOpState: IN_SERVICE, persistedOpStateExpiryEpochSec: 0}, a36f0c9e-34c7-41e1-90e2-5c691522fdfd{ip: 10.1.0.56, host: fv-az180-400.aibneqh1mxpuhl3tnnuy2ifbce.bx.internal.cloudapp.net, ports: [REPLICATION=43001, RATIS=35103, RATIS_ADMIN=35103, RATIS_SERVER=35103, STANDALONE=34509], networkLocation: /default-rack, certSerialId: null, persistedOpState: IN_SERVICE, persistedOpStateExpiryEpochSec: 0}, a49fbcfb-f7dc-4282-aec4-a4f9f3e2b5ab{ip: 10.1.0.56, host: fv-az180-400.aibneqh1mxpuhl3tnnuy2ifbce.bx.internal.cloudapp.net, ports: [REPLICATION=41799, RATIS=37955, RATIS_ADMIN=37955, RATIS_SERVER=37955, STANDALONE=46377], networkLocation: /default-rack, certSerialId: null, persistedOpState: null, persistedOpStateExpiryEpochSec: 0}]
2022-11-18 13:06:08,521 [Under Replicated Processor] WARN  algorithms.SCMContainerPlacementRackScatter (SCMContainerPlacementRackScatter.java:chooseDatanodesInternal(281)) - Placement policy could not choose the enough nodes from available racks. Chosen nodes size from Unique Racks: 0, but required nodes to choose from Unique Racks: 1 do not match. Available racks count: 1, Excluded nodes count: 4
2022-11-18 13:06:08,521 [Under Replicated Processor] WARN  replication.ECUnderReplicationHandler (ECUnderReplicationHandler.java:processAndCreateCommands(252)) - Exception while processing for creating the EC reconstruction container commands for #8.
org.apache.hadoop.hdds.scm.exceptions.SCMException: Chosen nodes size from Unique Racks: 0, but required nodes to choose from Unique Racks: 1 do not match.
	at org.apache.hadoop.hdds.scm.container.placement.algorithms.SCMContainerPlacementRackScatter.chooseDatanodesInternal(SCMContainerPlacementRackScatter.java:286)
	at org.apache.hadoop.hdds.scm.SCMCommonPlacementPolicy.chooseDatanodes(SCMCommonPlacementPolicy.java:175)
	at org.apache.hadoop.hdds.scm.SCMCommonPlacementPolicy.chooseDatanodes(SCMCommonPlacementPolicy.java:117)
	at org.apache.hadoop.hdds.scm.container.replication.ECUnderReplicationHandler.getTargetDatanodes(ECUnderReplicationHandler.java:303)
	at org.apache.hadoop.hdds.scm.container.replication.ECUnderReplicationHandler.processAndCreateCommands(ECUnderReplicationHandler.java:186)
	at org.apache.hadoop.hdds.scm.container.replication.ReplicationManager.processUnderReplicatedContainer(ReplicationManager.java:483)
	at org.apache.hadoop.hdds.scm.container.replication.UnderReplicatedProcessor.processContainer(UnderReplicatedProcessor.java:99)
	at org.apache.hadoop.hdds.scm.container.replication.UnderReplicatedProcessor.processAll(UnderReplicatedProcessor.java:83)
	at org.apache.hadoop.hdds.scm.container.replication.UnderReplicatedProcessor.run(UnderReplicatedProcessor.java:144)
	at java.lang.Thread.run(Thread.java:750)
2022-11-18 13:06:08,522 [Under Replicated Processor] ERROR replication.UnderReplicatedProcessor (UnderReplicatedProcessor.java:processAll(86)) - Error processing under replicated container ContainerInfo{id=#8, state=CLOSED, pipelineID=PipelineID=67e84420-6fe2-43b6-bc4f-8bf4477b66f2, stateEnterTime=2022-11-18T13:05:28.764Z, owner=om1}
org.apache.hadoop.hdds.scm.exceptions.SCMException: Chosen nodes size from Unique Racks: 0, but required nodes to choose from Unique Racks: 1 do not match.
	at org.apache.hadoop.hdds.scm.container.placement.algorithms.SCMContainerPlacementRackScatter.chooseDatanodesInternal(SCMContainerPlacementRackScatter.java:286)
	at org.apache.hadoop.hdds.scm.SCMCommonPlacementPolicy.chooseDatanodes(SCMCommonPlacementPolicy.java:175)
	at org.apache.hadoop.hdds.scm.SCMCommonPlacementPolicy.chooseDatanodes(SCMCommonPlacementPolicy.java:117)
	at org.apache.hadoop.hdds.scm.container.replication.ECUnderReplicationHandler.getTargetDatanodes(ECUnderReplicationHandler.java:303)
	at org.apache.hadoop.hdds.scm.container.replication.ECUnderReplicationHandler.processAndCreateCommands(ECUnderReplicationHandler.java:186)
	at org.apache.hadoop.hdds.scm.container.replication.ReplicationManager.processUnderReplicatedContainer(ReplicationManager.java:483)
	at org.apache.hadoop.hdds.scm.container.replication.UnderReplicatedProcessor.processContainer(UnderReplicatedProcessor.java:99)
	at org.apache.hadoop.hdds.scm.container.replication.UnderReplicatedProcessor.processAll(UnderReplicatedProcessor.java:83)
	at org.apache.hadoop.hdds.scm.container.replication.UnderReplicatedProcessor.run(UnderReplicatedProcessor.java:144)
	at java.lang.Thread.run(Thread.java:750)
2022-11-18 13:06:08,522 [Under Replicated Processor] WARN  net.NetworkTopologyImpl (NetworkTopologyImpl.java:chooseNodeInternal(653)) - No available node in (scope="/default-rack" excludedScope="null" excludedNodes="[8ad84362-fca3-4a94-b029-55aaea538166{ip: 10.1.0.56, host: fv-az180-400.aibneqh1mxpuhl3tnnuy2ifbce.bx.internal.cloudapp.net, ports: [REPLICATION=45785, RATIS=38939, RATIS_ADMIN=38939, RATIS_SERVER=38939, STANDALONE=38791], networkLocation: /default-rack, certSerialId: null, persistedOpState: IN_SERVICE, persistedOpStateExpiryEpochSec: 0}, 1bb9cbb4-eec0-4324-8de7-fca776b53f2b{ip: 10.1.0.56, host: fv-az180-400.aibneqh1mxpuhl3tnnuy2ifbce.bx.internal.cloudapp.net, ports: [REPLICATION=45141, RATIS=44667, RATIS_ADMIN=44667, RATIS_SERVER=44667, STANDALONE=45879], networkLocation: /default-rack, certSerialId: null, persistedOpState: IN_SERVICE, persistedOpStateExpiryEpochSec: 0}, 961e98b4-0515-4e33-9a5e-b87989e0967c{ip: 10.1.0.56, host: fv-az180-400.aibneqh1mxpuhl3tnnuy2ifbce.bx.internal.cloudapp.net, ports: [REPLICATION=32803, RATIS=45547, RATIS_ADMIN=45547, RATIS_SERVER=45547, STANDALONE=33243], networkLocation: /default-rack, certSerialId: null, persistedOpState: IN_SERVICE, persistedOpStateExpiryEpochSec: 0}, a36f0c9e-34c7-41e1-90e2-5c691522fdfd{ip: 10.1.0.56, host: fv-az180-400.aibneqh1mxpuhl3tnnuy2ifbce.bx.internal.cloudapp.net, ports: [REPLICATION=43001, RATIS=35103, RATIS_ADMIN=35103, RATIS_SERVER=35103, STANDALONE=34509], networkLocation: /default-rack, certSerialId: null, persistedOpState: IN_SERVICE, persistedOpStateExpiryEpochSec: 0}, a49fbcfb-f7dc-4282-aec4-a4f9f3e2b5ab{ip: 10.1.0.56, host: fv-az180-400.aibneqh1mxpuhl3tnnuy2ifbce.bx.internal.cloudapp.net, ports: [REPLICATION=41799, RATIS=37955, RATIS_ADMIN=37955, RATIS_SERVER=37955, STANDALONE=46377], networkLocation: /default-rack, certSerialId: null, persistedOpState: null, persistedOpStateExpiryEpochSec: 0}]"  ancestorGen="0").
2022-11-18 13:06:08,522 [Under Replicated Processor] WARN  net.NetworkTopologyImpl (NetworkTopologyImpl.java:chooseNodeInternal(653)) - No available node in (scope="/default-rack" excludedScope="null" excludedNodes="[8ad84362-fca3-4a94-b029-55aaea538166{ip: 10.1.0.56, host: fv-az180-400.aibneqh1mxpuhl3tnnuy2ifbce.bx.internal.cloudapp.net, ports: [REPLICATION=45785, RATIS=38939, RATIS_ADMIN=38939, RATIS_SERVER=38939, STANDALONE=38791], networkLocation: /default-rack, certSerialId: null, persistedOpState: IN_SERVICE, persistedOpStateExpiryEpochSec: 0}, 1bb9cbb4-eec0-4324-8de7-fca776b53f2b{ip: 10.1.0.56, host: fv-az180-400.aibneqh1mxpuhl3tnnuy2ifbce.bx.internal.cloudapp.net, ports: [REPLICATION=45141, RATIS=44667, RATIS_ADMIN=44667, RATIS_SERVER=44667, STANDALONE=45879], networkLocation: /default-rack, certSerialId: null, persistedOpState: IN_SERVICE, persistedOpStateExpiryEpochSec: 0}, 961e98b4-0515-4e33-9a5e-b87989e0967c{ip: 10.1.0.56, host: fv-az180-400.aibneqh1mxpuhl3tnnuy2ifbce.bx.internal.cloudapp.net, ports: [REPLICATION=32803, RATIS=45547, RATIS_ADMIN=45547, RATIS_SERVER=45547, STANDALONE=33243], networkLocation: /default-rack, certSerialId: null, persistedOpState: IN_SERVICE, persistedOpStateExpiryEpochSec: 0}, a36f0c9e-34c7-41e1-90e2-5c691522fdfd{ip: 10.1.0.56, host: fv-az180-400.aibneqh1mxpuhl3tnnuy2ifbce.bx.internal.cloudapp.net, ports: [REPLICATION=43001, RATIS=35103, RATIS_ADMIN=35103, RATIS_SERVER=35103, STANDALONE=34509], networkLocation: /default-rack, certSerialId: null, persistedOpState: IN_SERVICE, persistedOpStateExpiryEpochSec: 0}, a49fbcfb-f7dc-4282-aec4-a4f9f3e2b5ab{ip: 10.1.0.56, host: fv-az180-400.aibneqh1mxpuhl3tnnuy2ifbce.bx.internal.cloudapp.net, ports: [REPLICATION=41799, RATIS=37955, RATIS_ADMIN=37955, RATIS_SERVER=37955, STANDALONE=46377], networkLocation: /default-rack, certSerialId: null, persistedOpState: null, persistedOpStateExpiryEpochSec: 0}]"  ancestorGen="0").
2022-11-18 13:06:08,522 [Under Replicated Processor] WARN  net.NetworkTopologyImpl (NetworkTopologyImpl.java:chooseNodeInternal(653)) - No available node in (scope="/default-rack" excludedScope="null" excludedNodes="[8ad84362-fca3-4a94-b029-55aaea538166{ip: 10.1.0.56, host: fv-az180-400.aibneqh1mxpuhl3tnnuy2ifbce.bx.internal.cloudapp.net, ports: [REPLICATION=45785, RATIS=38939, RATIS_ADMIN=38939, RATIS_SERVER=38939, STANDALONE=38791], networkLocation: /default-rack, certSerialId: null, persistedOpState: IN_SERVICE, persistedOpStateExpiryEpochSec: 0}, 1bb9cbb4-eec0-4324-8de7-fca776b53f2b{ip: 10.1.0.56, host: fv-az180-400.aibneqh1mxpuhl3tnnuy2ifbce.bx.internal.cloudapp.net, ports: [REPLICATION=45141, RATIS=44667, RATIS_ADMIN=44667, RATIS_SERVER=44667, STANDALONE=45879], networkLocation: /default-rack, certSerialId: null, persistedOpState: IN_SERVICE, persistedOpStateExpiryEpochSec: 0}, 961e98b4-0515-4e33-9a5e-b87989e0967c{ip: 10.1.0.56, host: fv-az180-400.aibneqh1mxpuhl3tnnuy2ifbce.bx.internal.cloudapp.net, ports: [REPLICATION=32803, RATIS=45547, RATIS_ADMIN=45547, RATIS_SERVER=45547, STANDALONE=33243], networkLocation: /default-rack, certSerialId: null, persistedOpState: IN_SERVICE, persistedOpStateExpiryEpochSec: 0}, a36f0c9e-34c7-41e1-90e2-5c691522fdfd{ip: 10.1.0.56, host: fv-az180-400.aibneqh1mxpuhl3tnnuy2ifbce.bx.internal.cloudapp.net, ports: [REPLICATION=43001, RATIS=35103, RATIS_ADMIN=35103, RATIS_SERVER=35103, STANDALONE=34509], networkLocation: /default-rack, certSerialId: null, persistedOpState: IN_SERVICE, persistedOpStateExpiryEpochSec: 0}, a49fbcfb-f7dc-4282-aec4-a4f9f3e2b5ab{ip: 10.1.0.56, host: fv-az180-400.aibneqh1mxpuhl3tnnuy2ifbce.bx.internal.cloudapp.net, ports: [REPLICATION=41799, RATIS=37955, RATIS_ADMIN=37955, RATIS_SERVER=37955, STANDALONE=46377], networkLocation: /default-rack, certSerialId: null, persistedOpState: null, persistedOpStateExpiryEpochSec: 0}]"  ancestorGen="0").
2022-11-18 13:06:08,522 [Under Replicated Processor] WARN  net.NetworkTopologyImpl (NetworkTopologyImpl.java:chooseNodeInternal(653)) - No available node in (scope="/default-rack" excludedScope="null" excludedNodes="[8ad84362-fca3-4a94-b029-55aaea538166{ip: 10.1.0.56, host: fv-az180-400.aibneqh1mxpuhl3tnnuy2ifbce.bx.internal.cloudapp.net, ports: [REPLICATION=45785, RATIS=38939, RATIS_ADMIN=38939, RATIS_SERVER=38939, STANDALONE=38791], networkLocation: /default-rack, certSerialId: null, persistedOpState: IN_SERVICE, persistedOpStateExpiryEpochSec: 0}, 1bb9cbb4-eec0-4324-8de7-fca776b53f2b{ip: 10.1.0.56, host: fv-az180-400.aibneqh1mxpuhl3tnnuy2ifbce.bx.internal.cloudapp.net, ports: [REPLICATION=45141, RATIS=44667, RATIS_ADMIN=44667, RATIS_SERVER=44667, STANDALONE=45879], networkLocation: /default-rack, certSerialId: null, persistedOpState: IN_SERVICE, persistedOpStateExpiryEpochSec: 0}, 961e98b4-0515-4e33-9a5e-b87989e0967c{ip: 10.1.0.56, host: fv-az180-400.aibneqh1mxpuhl3tnnuy2ifbce.bx.internal.cloudapp.net, ports: [REPLICATION=32803, RATIS=45547, RATIS_ADMIN=45547, RATIS_SERVER=45547, STANDALONE=33243], networkLocation: /default-rack, certSerialId: null, persistedOpState: IN_SERVICE, persistedOpStateExpiryEpochSec: 0}, a36f0c9e-34c7-41e1-90e2-5c691522fdfd{ip: 10.1.0.56, host: fv-az180-400.aibneqh1mxpuhl3tnnuy2ifbce.bx.internal.cloudapp.net, ports: [REPLICATION=43001, RATIS=35103, RATIS_ADMIN=35103, RATIS_SERVER=35103, STANDALONE=34509], networkLocation: /default-rack, certSerialId: null, persistedOpState: IN_SERVICE, persistedOpStateExpiryEpochSec: 0}, a49fbcfb-f7dc-4282-aec4-a4f9f3e2b5ab{ip: 10.1.0.56, host: fv-az180-400.aibneqh1mxpuhl3tnnuy2ifbce.bx.internal.cloudapp.net, ports: [REPLICATION=41799, RATIS=37955, RATIS_ADMIN=37955, RATIS_SERVER=37955, STANDALONE=46377], networkLocation: /default-rack, certSerialId: null, persistedOpState: null, persistedOpStateExpiryEpochSec: 0}]"  ancestorGen="0").
2022-11-18 13:06:08,522 [Under Replicated Processor] INFO  algorithms.SCMContainerPlacementRackScatter (SCMContainerPlacementRackScatter.java:chooseNode(379)) - No satisfied datanode to meet the constraints. Metadatadata size required: 0 Data size required: 5368709120, scope /default-rack, excluded nodes [8ad84362-fca3-4a94-b029-55aaea538166{ip: 10.1.0.56, host: fv-az180-400.aibneqh1mxpuhl3tnnuy2ifbce.bx.internal.cloudapp.net, ports: [REPLICATION=45785, RATIS=38939, RATIS_ADMIN=38939, RATIS_SERVER=38939, STANDALONE=38791], networkLocation: /default-rack, certSerialId: null, persistedOpState: IN_SERVICE, persistedOpStateExpiryEpochSec: 0}, 1bb9cbb4-eec0-4324-8de7-fca776b53f2b{ip: 10.1.0.56, host: fv-az180-400.aibneqh1mxpuhl3tnnuy2ifbce.bx.internal.cloudapp.net, ports: [REPLICATION=45141, RATIS=44667, RATIS_ADMIN=44667, RATIS_SERVER=44667, STANDALONE=45879], networkLocation: /default-rack, certSerialId: null, persistedOpState: IN_SERVICE, persistedOpStateExpiryEpochSec: 0}, 961e98b4-0515-4e33-9a5e-b87989e0967c{ip: 10.1.0.56, host: fv-az180-400.aibneqh1mxpuhl3tnnuy2ifbce.bx.internal.cloudapp.net, ports: [REPLICATION=32803, RATIS=45547, RATIS_ADMIN=45547, RATIS_SERVER=45547, STANDALONE=33243], networkLocation: /default-rack, certSerialId: null, persistedOpState: IN_SERVICE, persistedOpStateExpiryEpochSec: 0}, a36f0c9e-34c7-41e1-90e2-5c691522fdfd{ip: 10.1.0.56, host: fv-az180-400.aibneqh1mxpuhl3tnnuy2ifbce.bx.internal.cloudapp.net, ports: [REPLICATION=43001, RATIS=35103, RATIS_ADMIN=35103, RATIS_SERVER=35103, STANDALONE=34509], networkLocation: /default-rack, certSerialId: null, persistedOpState: IN_SERVICE, persistedOpStateExpiryEpochSec: 0}, a49fbcfb-f7dc-4282-aec4-a4f9f3e2b5ab{ip: 10.1.0.56, host: fv-az180-400.aibneqh1mxpuhl3tnnuy2ifbce.bx.internal.cloudapp.net, ports: [REPLICATION=41799, RATIS=37955, RATIS_ADMIN=37955, RATIS_SERVER=37955, STANDALONE=46377], networkLocation: /default-rack, certSerialId: null, persistedOpState: null, persistedOpStateExpiryEpochSec: 0}]
2022-11-18 13:06:08,522 [Under Replicated Processor] WARN  algorithms.SCMContainerPlacementRackScatter (SCMContainerPlacementRackScatter.java:chooseDatanodesInternal(281)) - Placement policy could not choose the enough nodes from available racks. Chosen nodes size from Unique Racks: 0, but required nodes to choose from Unique Racks: 1 do not match. Available racks count: 1, Excluded nodes count: 4
2022-11-18 13:06:08,522 [Under Replicated Processor] WARN  replication.ECUnderReplicationHandler (ECUnderReplicationHandler.java:processAndCreateCommands(252)) - Exception while processing for creating the EC reconstruction container commands for #8.
org.apache.hadoop.hdds.scm.exceptions.SCMException: Chosen nodes size from Unique Racks: 0, but required nodes to choose from Unique Racks: 1 do not match.
	at org.apache.hadoop.hdds.scm.container.placement.algorithms.SCMContainerPlacementRackScatter.chooseDatanodesInternal(SCMContainerPlacementRackScatter.java:286)
	at org.apache.hadoop.hdds.scm.SCMCommonPlacementPolicy.chooseDatanodes(SCMCommonPlacementPolicy.java:175)
	at org.apache.hadoop.hdds.scm.SCMCommonPlacementPolicy.chooseDatanodes(SCMCommonPlacementPolicy.java:117)
	at org.apache.hadoop.hdds.scm.container.replication.ECUnderReplicationHandler.getTargetDatanodes(ECUnderReplicationHandler.java:303)
	at org.apache.hadoop.hdds.scm.container.replication.ECUnderReplicationHandler.processAndCreateCommands(ECUnderReplicationHandler.java:186)
	at org.apache.hadoop.hdds.scm.container.replication.ReplicationManager.processUnderReplicatedContainer(ReplicationManager.java:483)
	at org.apache.hadoop.hdds.scm.container.replication.UnderReplicatedProcessor.processContainer(UnderReplicatedProcessor.java:99)
	at org.apache.hadoop.hdds.scm.container.replication.UnderReplicatedProcessor.processAll(UnderReplicatedProcessor.java:83)
	at org.apache.hadoop.hdds.scm.container.replication.UnderReplicatedProcessor.run(UnderReplicatedProcessor.java:144)
	at java.lang.Thread.run(Thread.java:750)
2022-11-18 13:06:08,524 [Under Replicated Processor] ERROR replication.UnderReplicatedProcessor (UnderReplicatedProcessor.java:processAll(86)) - Error processing under replicated container ContainerInfo{id=#8, state=CLOSED, pipelineID=PipelineID=67e84420-6fe2-43b6-bc4f-8bf4477b66f2, stateEnterTime=2022-11-18T13:05:28.764Z, owner=om1}
org.apache.hadoop.hdds.scm.exceptions.SCMException: Chosen nodes size from Unique Racks: 0, but required nodes to choose from Unique Racks: 1 do not match.
	at org.apache.hadoop.hdds.scm.container.placement.algorithms.SCMContainerPlacementRackScatter.chooseDatanodesInternal(SCMContainerPlacementRackScatter.java:286)
	at org.apache.hadoop.hdds.scm.SCMCommonPlacementPolicy.chooseDatanodes(SCMCommonPlacementPolicy.java:175)
	at org.apache.hadoop.hdds.scm.SCMCommonPlacementPolicy.chooseDatanodes(SCMCommonPlacementPolicy.java:117)
	at org.apache.hadoop.hdds.scm.container.replication.ECUnderReplicationHandler.getTargetDatanodes(ECUnderReplicationHandler.java:303)
	at org.apache.hadoop.hdds.scm.container.replication.ECUnderReplicationHandler.processAndCreateCommands(ECUnderReplicationHandler.java:186)
	at org.apache.hadoop.hdds.scm.container.replication.ReplicationManager.processUnderReplicatedContainer(ReplicationManager.java:483)
	at org.apache.hadoop.hdds.scm.container.replication.UnderReplicatedProcessor.processContainer(UnderReplicatedProcessor.java:99)
	at org.apache.hadoop.hdds.scm.container.replication.UnderReplicatedProcessor.processAll(UnderReplicatedProcessor.java:83)
	at org.apache.hadoop.hdds.scm.container.replication.UnderReplicatedProcessor.run(UnderReplicatedProcessor.java:144)
	at java.lang.Thread.run(Thread.java:750)
2022-11-18 13:06:08,524 [Under Replicated Processor] WARN  net.NetworkTopologyImpl (NetworkTopologyImpl.java:chooseNodeInternal(653)) - No available node in (scope="/default-rack" excludedScope="null" excludedNodes="[8ad84362-fca3-4a94-b029-55aaea538166{ip: 10.1.0.56, host: fv-az180-400.aibneqh1mxpuhl3tnnuy2ifbce.bx.internal.cloudapp.net, ports: [REPLICATION=45785, RATIS=38939, RATIS_ADMIN=38939, RATIS_SERVER=38939, STANDALONE=38791], networkLocation: /default-rack, certSerialId: null, persistedOpState: IN_SERVICE, persistedOpStateExpiryEpochSec: 0}, 1bb9cbb4-eec0-4324-8de7-fca776b53f2b{ip: 10.1.0.56, host: fv-az180-400.aibneqh1mxpuhl3tnnuy2ifbce.bx.internal.cloudapp.net, ports: [REPLICATION=45141, RATIS=44667, RATIS_ADMIN=44667, RATIS_SERVER=44667, STANDALONE=45879], networkLocation: /default-rack, certSerialId: null, persistedOpState: IN_SERVICE, persistedOpStateExpiryEpochSec: 0}, 961e98b4-0515-4e33-9a5e-b87989e0967c{ip: 10.1.0.56, host: fv-az180-400.aibneqh1mxpuhl3tnnuy2ifbce.bx.internal.cloudapp.net, ports: [REPLICATION=32803, RATIS=45547, RATIS_ADMIN=45547, RATIS_SERVER=45547, STANDALONE=33243], networkLocation: /default-rack, certSerialId: null, persistedOpState: IN_SERVICE, persistedOpStateExpiryEpochSec: 0}, a36f0c9e-34c7-41e1-90e2-5c691522fdfd{ip: 10.1.0.56, host: fv-az180-400.aibneqh1mxpuhl3tnnuy2ifbce.bx.internal.cloudapp.net, ports: [REPLICATION=43001, RATIS=35103, RATIS_ADMIN=35103, RATIS_SERVER=35103, STANDALONE=34509], networkLocation: /default-rack, certSerialId: null, persistedOpState: IN_SERVICE, persistedOpStateExpiryEpochSec: 0}, a49fbcfb-f7dc-4282-aec4-a4f9f3e2b5ab{ip: 10.1.0.56, host: fv-az180-400.aibneqh1mxpuhl3tnnuy2ifbce.bx.internal.cloudapp.net, ports: [REPLICATION=41799, RATIS=37955, RATIS_ADMIN=37955, RATIS_SERVER=37955, STANDALONE=46377], networkLocation: /default-rack, certSerialId: null, persistedOpState: null, persistedOpStateExpiryEpochSec: 0}]"  ancestorGen="0").
2022-11-18 13:06:08,524 [Under Replicated Processor] WARN  net.NetworkTopologyImpl (NetworkTopologyImpl.java:chooseNodeInternal(653)) - No available node in (scope="/default-rack" excludedScope="null" excludedNodes="[8ad84362-fca3-4a94-b029-55aaea538166{ip: 10.1.0.56, host: fv-az180-400.aibneqh1mxpuhl3tnnuy2ifbce.bx.internal.cloudapp.net, ports: [REPLICATION=45785, RATIS=38939, RATIS_ADMIN=38939, RATIS_SERVER=38939, STANDALONE=38791], networkLocation: /default-rack, certSerialId: null, persistedOpState: IN_SERVICE, persistedOpStateExpiryEpochSec: 0}, 1bb9cbb4-eec0-4324-8de7-fca776b53f2b{ip: 10.1.0.56, host: fv-az180-400.aibneqh1mxpuhl3tnnuy2ifbce.bx.internal.cloudapp.net, ports: [REPLICATION=45141, RATIS=44667, RATIS_ADMIN=44667, RATIS_SERVER=44667, STANDALONE=45879], networkLocation: /default-rack, certSerialId: null, persistedOpState: IN_SERVICE, persistedOpStateExpiryEpochSec: 0}, 961e98b4-0515-4e33-9a5e-b87989e0967c{ip: 10.1.0.56, host: fv-az180-400.aibneqh1mxpuhl3tnnuy2ifbce.bx.internal.cloudapp.net, ports: [REPLICATION=32803, RATIS=45547, RATIS_ADMIN=45547, RATIS_SERVER=45547, STANDALONE=33243], networkLocation: /default-rack, certSerialId: null, persistedOpState: IN_SERVICE, persistedOpStateExpiryEpochSec: 0}, a36f0c9e-34c7-41e1-90e2-5c691522fdfd{ip: 10.1.0.56, host: fv-az180-400.aibneqh1mxpuhl3tnnuy2ifbce.bx.internal.cloudapp.net, ports: [REPLICATION=43001, RATIS=35103, RATIS_ADMIN=35103, RATIS_SERVER=35103, STANDALONE=34509], networkLocation: /default-rack, certSerialId: null, persistedOpState: IN_SERVICE, persistedOpStateExpiryEpochSec: 0}, a49fbcfb-f7dc-4282-aec4-a4f9f3e2b5ab{ip: 10.1.0.56, host: fv-az180-400.aibneqh1mxpuhl3tnnuy2ifbce.bx.internal.cloudapp.net, ports: [REPLICATION=41799, RATIS=37955, RATIS_ADMIN=37955, RATIS_SERVER=37955, STANDALONE=46377], networkLocation: /default-rack, certSerialId: null, persistedOpState: null, persistedOpStateExpiryEpochSec: 0}]"  ancestorGen="0").
2022-11-18 13:06:08,524 [Under Replicated Processor] WARN  net.NetworkTopologyImpl (NetworkTopologyImpl.java:chooseNodeInternal(653)) - No available node in (scope="/default-rack" excludedScope="null" excludedNodes="[8ad84362-fca3-4a94-b029-55aaea538166{ip: 10.1.0.56, host: fv-az180-400.aibneqh1mxpuhl3tnnuy2ifbce.bx.internal.cloudapp.net, ports: [REPLICATION=45785, RATIS=38939, RATIS_ADMIN=38939, RATIS_SERVER=38939, STANDALONE=38791], networkLocation: /default-rack, certSerialId: null, persistedOpState: IN_SERVICE, persistedOpStateExpiryEpochSec: 0}, 1bb9cbb4-eec0-4324-8de7-fca776b53f2b{ip: 10.1.0.56, host: fv-az180-400.aibneqh1mxpuhl3tnnuy2ifbce.bx.internal.cloudapp.net, ports: [REPLICATION=45141, RATIS=44667, RATIS_ADMIN=44667, RATIS_SERVER=44667, STANDALONE=45879], networkLocation: /default-rack, certSerialId: null, persistedOpState: IN_SERVICE, persistedOpStateExpiryEpochSec: 0}, 961e98b4-0515-4e33-9a5e-b87989e0967c{ip: 10.1.0.56, host: fv-az180-400.aibneqh1mxpuhl3tnnuy2ifbce.bx.internal.cloudapp.net, ports: [REPLICATION=32803, RATIS=45547, RATIS_ADMIN=45547, RATIS_SERVER=45547, STANDALONE=33243], networkLocation: /default-rack, certSerialId: null, persistedOpState: IN_SERVICE, persistedOpStateExpiryEpochSec: 0}, a36f0c9e-34c7-41e1-90e2-5c691522fdfd{ip: 10.1.0.56, host: fv-az180-400.aibneqh1mxpuhl3tnnuy2ifbce.bx.internal.cloudapp.net, ports: [REPLICATION=43001, RATIS=35103, RATIS_ADMIN=35103, RATIS_SERVER=35103, STANDALONE=34509], networkLocation: /default-rack, certSerialId: null, persistedOpState: IN_SERVICE, persistedOpStateExpiryEpochSec: 0}, a49fbcfb-f7dc-4282-aec4-a4f9f3e2b5ab{ip: 10.1.0.56, host: fv-az180-400.aibneqh1mxpuhl3tnnuy2ifbce.bx.internal.cloudapp.net, ports: [REPLICATION=41799, RATIS=37955, RATIS_ADMIN=37955, RATIS_SERVER=37955, STANDALONE=46377], networkLocation: /default-rack, certSerialId: null, persistedOpState: null, persistedOpStateExpiryEpochSec: 0}]"  ancestorGen="0").
2022-11-18 13:06:08,524 [Under Replicated Processor] WARN  net.NetworkTopologyImpl (NetworkTopologyImpl.java:chooseNodeInternal(653)) - No available node in (scope="/default-rack" excludedScope="null" excludedNodes="[8ad84362-fca3-4a94-b029-55aaea538166{ip: 10.1.0.56, host: fv-az180-400.aibneqh1mxpuhl3tnnuy2ifbce.bx.internal.cloudapp.net, ports: [REPLICATION=45785, RATIS=38939, RATIS_ADMIN=38939, RATIS_SERVER=38939, STANDALONE=38791], networkLocation: /default-rack, certSerialId: null, persistedOpState: IN_SERVICE, persistedOpStateExpiryEpochSec: 0}, 1bb9cbb4-eec0-4324-8de7-fca776b53f2b{ip: 10.1.0.56, host: fv-az180-400.aibneqh1mxpuhl3tnnuy2ifbce.bx.internal.cloudapp.net, ports: [REPLICATION=45141, RATIS=44667, RATIS_ADMIN=44667, RATIS_SERVER=44667, STANDALONE=45879], networkLocation: /default-rack, certSerialId: null, persistedOpState: IN_SERVICE, persistedOpStateExpiryEpochSec: 0}, 961e98b4-0515-4e33-9a5e-b87989e0967c{ip: 10.1.0.56, host: fv-az180-400.aibneqh1mxpuhl3tnnuy2ifbce.bx.internal.cloudapp.net, ports: [REPLICATION=32803, RATIS=45547, RATIS_ADMIN=45547, RATIS_SERVER=45547, STANDALONE=33243], networkLocation: /default-rack, certSerialId: null, persistedOpState: IN_SERVICE, persistedOpStateExpiryEpochSec: 0}, a36f0c9e-34c7-41e1-90e2-5c691522fdfd{ip: 10.1.0.56, host: fv-az180-400.aibneqh1mxpuhl3tnnuy2ifbce.bx.internal.cloudapp.net, ports: [REPLICATION=43001, RATIS=35103, RATIS_ADMIN=35103, RATIS_SERVER=35103, STANDALONE=34509], networkLocation: /default-rack, certSerialId: null, persistedOpState: IN_SERVICE, persistedOpStateExpiryEpochSec: 0}, a49fbcfb-f7dc-4282-aec4-a4f9f3e2b5ab{ip: 10.1.0.56, host: fv-az180-400.aibneqh1mxpuhl3tnnuy2ifbce.bx.internal.cloudapp.net, ports: [REPLICATION=41799, RATIS=37955, RATIS_ADMIN=37955, RATIS_SERVER=37955, STANDALONE=46377], networkLocation: /default-rack, certSerialId: null, persistedOpState: null, persistedOpStateExpiryEpochSec: 0}]"  ancestorGen="0").
2022-11-18 13:06:08,524 [Under Replicated Processor] INFO  algorithms.SCMContainerPlacementRackScatter (SCMContainerPlacementRackScatter.java:chooseNode(379)) - No satisfied datanode to meet the constraints. Metadatadata size required: 0 Data size required: 5368709120, scope /default-rack, excluded nodes [8ad84362-fca3-4a94-b029-55aaea538166{ip: 10.1.0.56, host: fv-az180-400.aibneqh1mxpuhl3tnnuy2ifbce.bx.internal.cloudapp.net, ports: [REPLICATION=45785, RATIS=38939, RATIS_ADMIN=38939, RATIS_SERVER=38939, STANDALONE=38791], networkLocation: /default-rack, certSerialId: null, persistedOpState: IN_SERVICE, persistedOpStateExpiryEpochSec: 0}, 1bb9cbb4-eec0-4324-8de7-fca776b53f2b{ip: 10.1.0.56, host: fv-az180-400.aibneqh1mxpuhl3tnnuy2ifbce.bx.internal.cloudapp.net, ports: [REPLICATION=45141, RATIS=44667, RATIS_ADMIN=44667, RATIS_SERVER=44667, STANDALONE=45879], networkLocation: /default-rack, certSerialId: null, persistedOpState: IN_SERVICE, persistedOpStateExpiryEpochSec: 0}, 961e98b4-0515-4e33-9a5e-b87989e0967c{ip: 10.1.0.56, host: fv-az180-400.aibneqh1mxpuhl3tnnuy2ifbce.bx.internal.cloudapp.net, ports: [REPLICATION=32803, RATIS=45547, RATIS_ADMIN=45547, RATIS_SERVER=45547, STANDALONE=33243], networkLocation: /default-rack, certSerialId: null, persistedOpState: IN_SERVICE, persistedOpStateExpiryEpochSec: 0}, a36f0c9e-34c7-41e1-90e2-5c691522fdfd{ip: 10.1.0.56, host: fv-az180-400.aibneqh1mxpuhl3tnnuy2ifbce.bx.internal.cloudapp.net, ports: [REPLICATION=43001, RATIS=35103, RATIS_ADMIN=35103, RATIS_SERVER=35103, STANDALONE=34509], networkLocation: /default-rack, certSerialId: null, persistedOpState: IN_SERVICE, persistedOpStateExpiryEpochSec: 0}, a49fbcfb-f7dc-4282-aec4-a4f9f3e2b5ab{ip: 10.1.0.56, host: fv-az180-400.aibneqh1mxpuhl3tnnuy2ifbce.bx.internal.cloudapp.net, ports: [REPLICATION=41799, RATIS=37955, RATIS_ADMIN=37955, RATIS_SERVER=37955, STANDALONE=46377], networkLocation: /default-rack, certSerialId: null, persistedOpState: null, persistedOpStateExpiryEpochSec: 0}]
2022-11-18 13:06:08,525 [Under Replicated Processor] WARN  algorithms.SCMContainerPlacementRackScatter (SCMContainerPlacementRackScatter.java:chooseDatanodesInternal(281)) - Placement policy could not choose the enough nodes from available racks. Chosen nodes size from Unique Racks: 0, but required nodes to choose from Unique Racks: 1 do not match. Available racks count: 1, Excluded nodes count: 4
2022-11-18 13:06:08,525 [Under Replicated Processor] WARN  replication.ECUnderReplicationHandler (ECUnderReplicationHandler.java:processAndCreateCommands(252)) - Exception while processing for creating the EC reconstruction container commands for #8.
org.apache.hadoop.hdds.scm.exceptions.SCMException: Chosen nodes size from Unique Racks: 0, but required nodes to choose from Unique Racks: 1 do not match.
	at org.apache.hadoop.hdds.scm.container.placement.algorithms.SCMContainerPlacementRackScatter.chooseDatanodesInternal(SCMContainerPlacementRackScatter.java:286)
	at org.apache.hadoop.hdds.scm.SCMCommonPlacementPolicy.chooseDatanodes(SCMCommonPlacementPolicy.java:175)
	at org.apache.hadoop.hdds.scm.SCMCommonPlacementPolicy.chooseDatanodes(SCMCommonPlacementPolicy.java:117)
	at org.apache.hadoop.hdds.scm.container.replication.ECUnderReplicationHandler.getTargetDatanodes(ECUnderReplicationHandler.java:303)
	at org.apache.hadoop.hdds.scm.container.replication.ECUnderReplicationHandler.processAndCreateCommands(ECUnderReplicationHandler.java:186)
	at org.apache.hadoop.hdds.scm.container.replication.ReplicationManager.processUnderReplicatedContainer(ReplicationManager.java:483)
	at org.apache.hadoop.hdds.scm.container.replication.UnderReplicatedProcessor.processContainer(UnderReplicatedProcessor.java:99)
	at org.apache.hadoop.hdds.scm.container.replication.UnderReplicatedProcessor.processAll(UnderReplicatedProcessor.java:83)
	at org.apache.hadoop.hdds.scm.container.replication.UnderReplicatedProcessor.run(UnderReplicatedProcessor.java:144)
	at java.lang.Thread.run(Thread.java:750)
2022-11-18 13:06:08,525 [Under Replicated Processor] ERROR replication.UnderReplicatedProcessor (UnderReplicatedProcessor.java:processAll(86)) - Error processing under replicated container ContainerInfo{id=#8, state=CLOSED, pipelineID=PipelineID=67e84420-6fe2-43b6-bc4f-8bf4477b66f2, stateEnterTime=2022-11-18T13:05:28.764Z, owner=om1}
org.apache.hadoop.hdds.scm.exceptions.SCMException: Chosen nodes size from Unique Racks: 0, but required nodes to choose from Unique Racks: 1 do not match.
	at org.apache.hadoop.hdds.scm.container.placement.algorithms.SCMContainerPlacementRackScatter.chooseDatanodesInternal(SCMContainerPlacementRackScatter.java:286)
	at org.apache.hadoop.hdds.scm.SCMCommonPlacementPolicy.chooseDatanodes(SCMCommonPlacementPolicy.java:175)
	at org.apache.hadoop.hdds.scm.SCMCommonPlacementPolicy.chooseDatanodes(SCMCommonPlacementPolicy.java:117)
	at org.apache.hadoop.hdds.scm.container.replication.ECUnderReplicationHandler.getTargetDatanodes(ECUnderReplicationHandler.java:303)
	at org.apache.hadoop.hdds.scm.container.replication.ECUnderReplicationHandler.processAndCreateCommands(ECUnderReplicationHandler.java:186)
	at org.apache.hadoop.hdds.scm.container.replication.ReplicationManager.processUnderReplicatedContainer(ReplicationManager.java:483)
	at org.apache.hadoop.hdds.scm.container.replication.UnderReplicatedProcessor.processContainer(UnderReplicatedProcessor.java:99)
	at org.apache.hadoop.hdds.scm.container.replication.UnderReplicatedProcessor.processAll(UnderReplicatedProcessor.java:83)
	at org.apache.hadoop.hdds.scm.container.replication.UnderReplicatedProcessor.run(UnderReplicatedProcessor.java:144)
	at java.lang.Thread.run(Thread.java:750)
2022-11-18 13:06:08,525 [Under Replicated Processor] WARN  net.NetworkTopologyImpl (NetworkTopologyImpl.java:chooseNodeInternal(653)) - No available node in (scope="/default-rack" excludedScope="null" excludedNodes="[8ad84362-fca3-4a94-b029-55aaea538166{ip: 10.1.0.56, host: fv-az180-400.aibneqh1mxpuhl3tnnuy2ifbce.bx.internal.cloudapp.net, ports: [REPLICATION=45785, RATIS=38939, RATIS_ADMIN=38939, RATIS_SERVER=38939, STANDALONE=38791], networkLocation: /default-rack, certSerialId: null, persistedOpState: IN_SERVICE, persistedOpStateExpiryEpochSec: 0}, 1bb9cbb4-eec0-4324-8de7-fca776b53f2b{ip: 10.1.0.56, host: fv-az180-400.aibneqh1mxpuhl3tnnuy2ifbce.bx.internal.cloudapp.net, ports: [REPLICATION=45141, RATIS=44667, RATIS_ADMIN=44667, RATIS_SERVER=44667, STANDALONE=45879], networkLocation: /default-rack, certSerialId: null, persistedOpState: IN_SERVICE, persistedOpStateExpiryEpochSec: 0}, 961e98b4-0515-4e33-9a5e-b87989e0967c{ip: 10.1.0.56, host: fv-az180-400.aibneqh1mxpuhl3tnnuy2ifbce.bx.internal.cloudapp.net, ports: [REPLICATION=32803, RATIS=45547, RATIS_ADMIN=45547, RATIS_SERVER=45547, STANDALONE=33243], networkLocation: /default-rack, certSerialId: null, persistedOpState: IN_SERVICE, persistedOpStateExpiryEpochSec: 0}, a36f0c9e-34c7-41e1-90e2-5c691522fdfd{ip: 10.1.0.56, host: fv-az180-400.aibneqh1mxpuhl3tnnuy2ifbce.bx.internal.cloudapp.net, ports: [REPLICATION=43001, RATIS=35103, RATIS_ADMIN=35103, RATIS_SERVER=35103, STANDALONE=34509], networkLocation: /default-rack, certSerialId: null, persistedOpState: IN_SERVICE, persistedOpStateExpiryEpochSec: 0}, a49fbcfb-f7dc-4282-aec4-a4f9f3e2b5ab{ip: 10.1.0.56, host: fv-az180-400.aibneqh1mxpuhl3tnnuy2ifbce.bx.internal.cloudapp.net, ports: [REPLICATION=41799, RATIS=37955, RATIS_ADMIN=37955, RATIS_SERVER=37955, STANDALONE=46377], networkLocation: /default-rack, certSerialId: null, persistedOpState: null, persistedOpStateExpiryEpochSec: 0}]"  ancestorGen="0").
2022-11-18 13:06:08,525 [Under Replicated Processor] WARN  net.NetworkTopologyImpl (NetworkTopologyImpl.java:chooseNodeInternal(653)) - No available node in (scope="/default-rack" excludedScope="null" excludedNodes="[8ad84362-fca3-4a94-b029-55aaea538166{ip: 10.1.0.56, host: fv-az180-400.aibneqh1mxpuhl3tnnuy2ifbce.bx.internal.cloudapp.net, ports: [REPLICATION=45785, RATIS=38939, RATIS_ADMIN=38939, RATIS_SERVER=38939, STANDALONE=38791], networkLocation: /default-rack, certSerialId: null, persistedOpState: IN_SERVICE, persistedOpStateExpiryEpochSec: 0}, 1bb9cbb4-eec0-4324-8de7-fca776b53f2b{ip: 10.1.0.56, host: fv-az180-400.aibneqh1mxpuhl3tnnuy2ifbce.bx.internal.cloudapp.net, ports: [REPLICATION=45141, RATIS=44667, RATIS_ADMIN=44667, RATIS_SERVER=44667, STANDALONE=45879], networkLocation: /default-rack, certSerialId: null, persistedOpState: IN_SERVICE, persistedOpStateExpiryEpochSec: 0}, 961e98b4-0515-4e33-9a5e-b87989e0967c{ip: 10.1.0.56, host: fv-az180-400.aibneqh1mxpuhl3tnnuy2ifbce.bx.internal.cloudapp.net, ports: [REPLICATION=32803, RATIS=45547, RATIS_ADMIN=45547, RATIS_SERVER=45547, STANDALONE=33243], networkLocation: /default-rack, certSerialId: null, persistedOpState: IN_SERVICE, persistedOpStateExpiryEpochSec: 0}, a36f0c9e-34c7-41e1-90e2-5c691522fdfd{ip: 10.1.0.56, host: fv-az180-400.aibneqh1mxpuhl3tnnuy2ifbce.bx.internal.cloudapp.net, ports: [REPLICATION=43001, RATIS=35103, RATIS_ADMIN=35103, RATIS_SERVER=35103, STANDALONE=34509], networkLocation: /default-rack, certSerialId: null, persistedOpState: IN_SERVICE, persistedOpStateExpiryEpochSec: 0}, a49fbcfb-f7dc-4282-aec4-a4f9f3e2b5ab{ip: 10.1.0.56, host: fv-az180-400.aibneqh1mxpuhl3tnnuy2ifbce.bx.internal.cloudapp.net, ports: [REPLICATION=41799, RATIS=37955, RATIS_ADMIN=37955, RATIS_SERVER=37955, STANDALONE=46377], networkLocation: /default-rack, certSerialId: null, persistedOpState: null, persistedOpStateExpiryEpochSec: 0}]"  ancestorGen="0").
2022-11-18 13:06:08,525 [Under Replicated Processor] WARN  net.NetworkTopologyImpl (NetworkTopologyImpl.java:chooseNodeInternal(653)) - No available node in (scope="/default-rack" excludedScope="null" excludedNodes="[8ad84362-fca3-4a94-b029-55aaea538166{ip: 10.1.0.56, host: fv-az180-400.aibneqh1mxpuhl3tnnuy2ifbce.bx.internal.cloudapp.net, ports: [REPLICATION=45785, RATIS=38939, RATIS_ADMIN=38939, RATIS_SERVER=38939, STANDALONE=38791], networkLocation: /default-rack, certSerialId: null, persistedOpState: IN_SERVICE, persistedOpStateExpiryEpochSec: 0}, 1bb9cbb4-eec0-4324-8de7-fca776b53f2b{ip: 10.1.0.56, host: fv-az180-400.aibneqh1mxpuhl3tnnuy2ifbce.bx.internal.cloudapp.net, ports: [REPLICATION=45141, RATIS=44667, RATIS_ADMIN=44667, RATIS_SERVER=44667, STANDALONE=45879], networkLocation: /default-rack, certSerialId: null, persistedOpState: IN_SERVICE, persistedOpStateExpiryEpochSec: 0}, 961e98b4-0515-4e33-9a5e-b87989e0967c{ip: 10.1.0.56, host: fv-az180-400.aibneqh1mxpuhl3tnnuy2ifbce.bx.internal.cloudapp.net, ports: [REPLICATION=32803, RATIS=45547, RATIS_ADMIN=45547, RATIS_SERVER=45547, STANDALONE=33243], networkLocation: /default-rack, certSerialId: null, persistedOpState: IN_SERVICE, persistedOpStateExpiryEpochSec: 0}, a36f0c9e-34c7-41e1-90e2-5c691522fdfd{ip: 10.1.0.56, host: fv-az180-400.aibneqh1mxpuhl3tnnuy2ifbce.bx.internal.cloudapp.net, ports: [REPLICATION=43001, RATIS=35103, RATIS_ADMIN=35103, RATIS_SERVER=35103, STANDALONE=34509], networkLocation: /default-rack, certSerialId: null, persistedOpState: IN_SERVICE, persistedOpStateExpiryEpochSec: 0}, a49fbcfb-f7dc-4282-aec4-a4f9f3e2b5ab{ip: 10.1.0.56, host: fv-az180-400.aibneqh1mxpuhl3tnnuy2ifbce.bx.internal.cloudapp.net, ports: [REPLICATION=41799, RATIS=37955, RATIS_ADMIN=37955, RATIS_SERVER=37955, STANDALONE=46377], networkLocation: /default-rack, certSerialId: null, persistedOpState: null, persistedOpStateExpiryEpochSec: 0}]"  ancestorGen="0").
2022-11-18 13:06:08,525 [Under Replicated Processor] WARN  net.NetworkTopologyImpl (NetworkTopologyImpl.java:chooseNodeInternal(653)) - No available node in (scope="/default-rack" excludedScope="null" excludedNodes="[8ad84362-fca3-4a94-b029-55aaea538166{ip: 10.1.0.56, host: fv-az180-400.aibneqh1mxpuhl3tnnuy2ifbce.bx.internal.cloudapp.net, ports: [REPLICATION=45785, RATIS=38939, RATIS_ADMIN=38939, RATIS_SERVER=38939, STANDALONE=38791], networkLocation: /default-rack, certSerialId: null, persistedOpState: IN_SERVICE, persistedOpStateExpiryEpochSec: 0}, 1bb9cbb4-eec0-4324-8de7-fca776b53f2b{ip: 10.1.0.56, host: fv-az180-400.aibneqh1mxpuhl3tnnuy2ifbce.bx.internal.cloudapp.net, ports: [REPLICATION=45141, RATIS=44667, RATIS_ADMIN=44667, RATIS_SERVER=44667, STANDALONE=45879], networkLocation: /default-rack, certSerialId: null, persistedOpState: IN_SERVICE, persistedOpStateExpiryEpochSec: 0}, 961e98b4-0515-4e33-9a5e-b87989e0967c{ip: 10.1.0.56, host: fv-az180-400.aibneqh1mxpuhl3tnnuy2ifbce.bx.internal.cloudapp.net, ports: [REPLICATION=32803, RATIS=45547, RATIS_ADMIN=45547, RATIS_SERVER=45547, STANDALONE=33243], networkLocation: /default-rack, certSerialId: null, persistedOpState: IN_SERVICE, persistedOpStateExpiryEpochSec: 0}, a36f0c9e-34c7-41e1-90e2-5c691522fdfd{ip: 10.1.0.56, host: fv-az180-400.aibneqh1mxpuhl3tnnuy2ifbce.bx.internal.cloudapp.net, ports: [REPLICATION=43001, RATIS=35103, RATIS_ADMIN=35103, RATIS_SERVER=35103, STANDALONE=34509], networkLocation: /default-rack, certSerialId: null, persistedOpState: IN_SERVICE, persistedOpStateExpiryEpochSec: 0}, a49fbcfb-f7dc-4282-aec4-a4f9f3e2b5ab{ip: 10.1.0.56, host: fv-az180-400.aibneqh1mxpuhl3tnnuy2ifbce.bx.internal.cloudapp.net, ports: [REPLICATION=41799, RATIS=37955, RATIS_ADMIN=37955, RATIS_SERVER=37955, STANDALONE=46377], networkLocation: /default-rack, certSerialId: null, persistedOpState: null, persistedOpStateExpiryEpochSec: 0}]"  ancestorGen="0").
2022-11-18 13:06:08,526 [Under Replicated Processor] INFO  algorithms.SCMContainerPlacementRackScatter (SCMContainerPlacementRackScatter.java:chooseNode(379)) - No satisfied datanode to meet the constraints. Metadatadata size required: 0 Data size required: 5368709120, scope /default-rack, excluded nodes [8ad84362-fca3-4a94-b029-55aaea538166{ip: 10.1.0.56, host: fv-az180-400.aibneqh1mxpuhl3tnnuy2ifbce.bx.internal.cloudapp.net, ports: [REPLICATION=45785, RATIS=38939, RATIS_ADMIN=38939, RATIS_SERVER=38939, STANDALONE=38791], networkLocation: /default-rack, certSerialId: null, persistedOpState: IN_SERVICE, persistedOpStateExpiryEpochSec: 0}, 1bb9cbb4-eec0-4324-8de7-fca776b53f2b{ip: 10.1.0.56, host: fv-az180-400.aibneqh1mxpuhl3tnnuy2ifbce.bx.internal.cloudapp.net, ports: [REPLICATION=45141, RATIS=44667, RATIS_ADMIN=44667, RATIS_SERVER=44667, STANDALONE=45879], networkLocation: /default-rack, certSerialId: null, persistedOpState: IN_SERVICE, persistedOpStateExpiryEpochSec: 0}, 961e98b4-0515-4e33-9a5e-b87989e0967c{ip: 10.1.0.56, host: fv-az180-400.aibneqh1mxpuhl3tnnuy2ifbce.bx.internal.cloudapp.net, ports: [REPLICATION=32803, RATIS=45547, RATIS_ADMIN=45547, RATIS_SERVER=45547, STANDALONE=33243], networkLocation: /default-rack, certSerialId: null, persistedOpState: IN_SERVICE, persistedOpStateExpiryEpochSec: 0}, a36f0c9e-34c7-41e1-90e2-5c691522fdfd{ip: 10.1.0.56, host: fv-az180-400.aibneqh1mxpuhl3tnnuy2ifbce.bx.internal.cloudapp.net, ports: [REPLICATION=43001, RATIS=35103, RATIS_ADMIN=35103, RATIS_SERVER=35103, STANDALONE=34509], networkLocation: /default-rack, certSerialId: null, persistedOpState: IN_SERVICE, persistedOpStateExpiryEpochSec: 0}, a49fbcfb-f7dc-4282-aec4-a4f9f3e2b5ab{ip: 10.1.0.56, host: fv-az180-400.aibneqh1mxpuhl3tnnuy2ifbce.bx.internal.cloudapp.net, ports: [REPLICATION=41799, RATIS=37955, RATIS_ADMIN=37955, RATIS_SERVER=37955, STANDALONE=46377], networkLocation: /default-rack, certSerialId: null, persistedOpState: null, persistedOpStateExpiryEpochSec: 0}]
2022-11-18 13:06:08,526 [Under Replicated Processor] WARN  algorithms.SCMContainerPlacementRackScatter (SCMContainerPlacementRackScatter.java:chooseDatanodesInternal(281)) - Placement policy could not choose the enough nodes from available racks. Chosen nodes size from Unique Racks: 0, but required nodes to choose from Unique Racks: 1 do not match. Available racks count: 1, Excluded nodes count: 4
2022-11-18 13:06:08,526 [Under Replicated Processor] WARN  replication.ECUnderReplicationHandler (ECUnderReplicationHandler.java:processAndCreateCommands(252)) - Exception while processing for creating the EC reconstruction container commands for #8.
org.apache.hadoop.hdds.scm.exceptions.SCMException: Chosen nodes size from Unique Racks: 0, but required nodes to choose from Unique Racks: 1 do not match.
	at org.apache.hadoop.hdds.scm.container.placement.algorithms.SCMContainerPlacementRackScatter.chooseDatanodesInternal(SCMContainerPlacementRackScatter.java:286)
	at org.apache.hadoop.hdds.scm.SCMCommonPlacementPolicy.chooseDatanodes(SCMCommonPlacementPolicy.java:175)
	at org.apache.hadoop.hdds.scm.SCMCommonPlacementPolicy.chooseDatanodes(SCMCommonPlacementPolicy.java:117)
	at org.apache.hadoop.hdds.scm.container.replication.ECUnderReplicationHandler.getTargetDatanodes(ECUnderReplicationHandler.java:303)
	at org.apache.hadoop.hdds.scm.container.replication.ECUnderReplicationHandler.processAndCreateCommands(ECUnderReplicationHandler.java:186)
	at org.apache.hadoop.hdds.scm.container.replication.ReplicationManager.processUnderReplicatedContainer(ReplicationManager.java:483)
	at org.apache.hadoop.hdds.scm.container.replication.UnderReplicatedProcessor.processContainer(UnderReplicatedProcessor.java:99)
	at org.apache.hadoop.hdds.scm.container.replication.UnderReplicatedProcessor.processAll(UnderReplicatedProcessor.java:83)
	at org.apache.hadoop.hdds.scm.container.replication.UnderReplicatedProcessor.run(UnderReplicatedProcessor.java:144)
	at java.lang.Thread.run(Thread.java:750)
2022-11-18 13:06:08,526 [Under Replicated Processor] ERROR replication.UnderReplicatedProcessor (UnderReplicatedProcessor.java:processAll(86)) - Error processing under replicated container ContainerInfo{id=#8, state=CLOSED, pipelineID=PipelineID=67e84420-6fe2-43b6-bc4f-8bf4477b66f2, stateEnterTime=2022-11-18T13:05:28.764Z, owner=om1}
org.apache.hadoop.hdds.scm.exceptions.SCMException: Chosen nodes size from Unique Racks: 0, but required nodes to choose from Unique Racks: 1 do not match.
	at org.apache.hadoop.hdds.scm.container.placement.algorithms.SCMContainerPlacementRackScatter.chooseDatanodesInternal(SCMContainerPlacementRackScatter.java:286)
	at org.apache.hadoop.hdds.scm.SCMCommonPlacementPolicy.chooseDatanodes(SCMCommonPlacementPolicy.java:175)
	at org.apache.hadoop.hdds.scm.SCMCommonPlacementPolicy.chooseDatanodes(SCMCommonPlacementPolicy.java:117)
	at org.apache.hadoop.hdds.scm.container.replication.ECUnderReplicationHandler.getTargetDatanodes(ECUnderReplicationHandler.java:303)
	at org.apache.hadoop.hdds.scm.container.replication.ECUnderReplicationHandler.processAndCreateCommands(ECUnderReplicationHandler.java:186)
	at org.apache.hadoop.hdds.scm.container.replication.ReplicationManager.processUnderReplicatedContainer(ReplicationManager.java:483)
	at org.apache.hadoop.hdds.scm.container.replication.UnderReplicatedProcessor.processContainer(UnderReplicatedProcessor.java:99)
	at org.apache.hadoop.hdds.scm.container.replication.UnderReplicatedProcessor.processAll(UnderReplicatedProcessor.java:83)
	at org.apache.hadoop.hdds.scm.container.replication.UnderReplicatedProcessor.run(UnderReplicatedProcessor.java:144)
	at java.lang.Thread.run(Thread.java:750)
2022-11-18 13:06:08,526 [Under Replicated Processor] WARN  net.NetworkTopologyImpl (NetworkTopologyImpl.java:chooseNodeInternal(653)) - No available node in (scope="/default-rack" excludedScope="null" excludedNodes="[8ad84362-fca3-4a94-b029-55aaea538166{ip: 10.1.0.56, host: fv-az180-400.aibneqh1mxpuhl3tnnuy2ifbce.bx.internal.cloudapp.net, ports: [REPLICATION=45785, RATIS=38939, RATIS_ADMIN=38939, RATIS_SERVER=38939, STANDALONE=38791], networkLocation: /default-rack, certSerialId: null, persistedOpState: IN_SERVICE, persistedOpStateExpiryEpochSec: 0}, 1bb9cbb4-eec0-4324-8de7-fca776b53f2b{ip: 10.1.0.56, host: fv-az180-400.aibneqh1mxpuhl3tnnuy2ifbce.bx.internal.cloudapp.net, ports: [REPLICATION=45141, RATIS=44667, RATIS_ADMIN=44667, RATIS_SERVER=44667, STANDALONE=45879], networkLocation: /default-rack, certSerialId: null, persistedOpState: IN_SERVICE, persistedOpStateExpiryEpochSec: 0}, 961e98b4-0515-4e33-9a5e-b87989e0967c{ip: 10.1.0.56, host: fv-az180-400.aibneqh1mxpuhl3tnnuy2ifbce.bx.internal.cloudapp.net, ports: [REPLICATION=32803, RATIS=45547, RATIS_ADMIN=45547, RATIS_SERVER=45547, STANDALONE=33243], networkLocation: /default-rack, certSerialId: null, persistedOpState: IN_SERVICE, persistedOpStateExpiryEpochSec: 0}, a36f0c9e-34c7-41e1-90e2-5c691522fdfd{ip: 10.1.0.56, host: fv-az180-400.aibneqh1mxpuhl3tnnuy2ifbce.bx.internal.cloudapp.net, ports: [REPLICATION=43001, RATIS=35103, RATIS_ADMIN=35103, RATIS_SERVER=35103, STANDALONE=34509], networkLocation: /default-rack, certSerialId: null, persistedOpState: IN_SERVICE, persistedOpStateExpiryEpochSec: 0}, a49fbcfb-f7dc-4282-aec4-a4f9f3e2b5ab{ip: 10.1.0.56, host: fv-az180-400.aibneqh1mxpuhl3tnnuy2ifbce.bx.internal.cloudapp.net, ports: [REPLICATION=41799, RATIS=37955, RATIS_ADMIN=37955, RATIS_SERVER=37955, STANDALONE=46377], networkLocation: /default-rack, certSerialId: null, persistedOpState: null, persistedOpStateExpiryEpochSec: 0}]"  ancestorGen="0").
2022-11-18 13:06:08,526 [Under Replicated Processor] WARN  net.NetworkTopologyImpl (NetworkTopologyImpl.java:chooseNodeInternal(653)) - No available node in (scope="/default-rack" excludedScope="null" excludedNodes="[8ad84362-fca3-4a94-b029-55aaea538166{ip: 10.1.0.56, host: fv-az180-400.aibneqh1mxpuhl3tnnuy2ifbce.bx.internal.cloudapp.net, ports: [REPLICATION=45785, RATIS=38939, RATIS_ADMIN=38939, RATIS_SERVER=38939, STANDALONE=38791], networkLocation: /default-rack, certSerialId: null, persistedOpState: IN_SERVICE, persistedOpStateExpiryEpochSec: 0}, 1bb9cbb4-eec0-4324-8de7-fca776b53f2b{ip: 10.1.0.56, host: fv-az180-400.aibneqh1mxpuhl3tnnuy2ifbce.bx.internal.cloudapp.net, ports: [REPLICATION=45141, RATIS=44667, RATIS_ADMIN=44667, RATIS_SERVER=44667, STANDALONE=45879], networkLocation: /default-rack, certSerialId: null, persistedOpState: IN_SERVICE, persistedOpStateExpiryEpochSec: 0}, 961e98b4-0515-4e33-9a5e-b87989e0967c{ip: 10.1.0.56, host: fv-az180-400.aibneqh1mxpuhl3tnnuy2ifbce.bx.internal.cloudapp.net, ports: [REPLICATION=32803, RATIS=45547, RATIS_ADMIN=45547, RATIS_SERVER=45547, STANDALONE=33243], networkLocation: /default-rack, certSerialId: null, persistedOpState: IN_SERVICE, persistedOpStateExpiryEpochSec: 0}, a36f0c9e-34c7-41e1-90e2-5c691522fdfd{ip: 10.1.0.56, host: fv-az180-400.aibneqh1mxpuhl3tnnuy2ifbce.bx.internal.cloudapp.net, ports: [REPLICATION=43001, RATIS=35103, RATIS_ADMIN=35103, RATIS_SERVER=35103, STANDALONE=34509], networkLocation: /default-rack, certSerialId: null, persistedOpState: IN_SERVICE, persistedOpStateExpiryEpochSec: 0}, a49fbcfb-f7dc-4282-aec4-a4f9f3e2b5ab{ip: 10.1.0.56, host: fv-az180-400.aibneqh1mxpuhl3tnnuy2ifbce.bx.internal.cloudapp.net, ports: [REPLICATION=41799, RATIS=37955, RATIS_ADMIN=37955, RATIS_SERVER=37955, STANDALONE=46377], networkLocation: /default-rack, certSerialId: null, persistedOpState: null, persistedOpStateExpiryEpochSec: 0}]"  ancestorGen="0").
2022-11-18 13:06:08,526 [Under Replicated Processor] WARN  net.NetworkTopologyImpl (NetworkTopologyImpl.java:chooseNodeInternal(653)) - No available node in (scope="/default-rack" excludedScope="null" excludedNodes="[8ad84362-fca3-4a94-b029-55aaea538166{ip: 10.1.0.56, host: fv-az180-400.aibneqh1mxpuhl3tnnuy2ifbce.bx.internal.cloudapp.net, ports: [REPLICATION=45785, RATIS=38939, RATIS_ADMIN=38939, RATIS_SERVER=38939, STANDALONE=38791], networkLocation: /default-rack, certSerialId: null, persistedOpState: IN_SERVICE, persistedOpStateExpiryEpochSec: 0}, 1bb9cbb4-eec0-4324-8de7-fca776b53f2b{ip: 10.1.0.56, host: fv-az180-400.aibneqh1mxpuhl3tnnuy2ifbce.bx.internal.cloudapp.net, ports: [REPLICATION=45141, RATIS=44667, RATIS_ADMIN=44667, RATIS_SERVER=44667, STANDALONE=45879], networkLocation: /default-rack, certSerialId: null, persistedOpState: IN_SERVICE, persistedOpStateExpiryEpochSec: 0}, 961e98b4-0515-4e33-9a5e-b87989e0967c{ip: 10.1.0.56, host: fv-az180-400.aibneqh1mxpuhl3tnnuy2ifbce.bx.internal.cloudapp.net, ports: [REPLICATION=32803, RATIS=45547, RATIS_ADMIN=45547, RATIS_SERVER=45547, STANDALONE=33243], networkLocation: /default-rack, certSerialId: null, persistedOpState: IN_SERVICE, persistedOpStateExpiryEpochSec: 0}, a36f0c9e-34c7-41e1-90e2-5c691522fdfd{ip: 10.1.0.56, host: fv-az180-400.aibneqh1mxpuhl3tnnuy2ifbce.bx.internal.cloudapp.net, ports: [REPLICATION=43001, RATIS=35103, RATIS_ADMIN=35103, RATIS_SERVER=35103, STANDALONE=34509], networkLocation: /default-rack, certSerialId: null, persistedOpState: IN_SERVICE, persistedOpStateExpiryEpochSec: 0}, a49fbcfb-f7dc-4282-aec4-a4f9f3e2b5ab{ip: 10.1.0.56, host: fv-az180-400.aibneqh1mxpuhl3tnnuy2ifbce.bx.internal.cloudapp.net, ports: [REPLICATION=41799, RATIS=37955, RATIS_ADMIN=37955, RATIS_SERVER=37955, STANDALONE=46377], networkLocation: /default-rack, certSerialId: null, persistedOpState: null, persistedOpStateExpiryEpochSec: 0}]"  ancestorGen="0").
2022-11-18 13:06:08,526 [Under Replicated Processor] WARN  net.NetworkTopologyImpl (NetworkTopologyImpl.java:chooseNodeInternal(653)) - No available node in (scope="/default-rack" excludedScope="null" excludedNodes="[8ad84362-fca3-4a94-b029-55aaea538166{ip: 10.1.0.56, host: fv-az180-400.aibneqh1mxpuhl3tnnuy2ifbce.bx.internal.cloudapp.net, ports: [REPLICATION=45785, RATIS=38939, RATIS_ADMIN=38939, RATIS_SERVER=38939, STANDALONE=38791], networkLocation: /default-rack, certSerialId: null, persistedOpState: IN_SERVICE, persistedOpStateExpiryEpochSec: 0}, 1bb9cbb4-eec0-4324-8de7-fca776b53f2b{ip: 10.1.0.56, host: fv-az180-400.aibneqh1mxpuhl3tnnuy2ifbce.bx.internal.cloudapp.net, ports: [REPLICATION=45141, RATIS=44667, RATIS_ADMIN=44667, RATIS_SERVER=44667, STANDALONE=45879], networkLocation: /default-rack, certSerialId: null, persistedOpState: IN_SERVICE, persistedOpStateExpiryEpochSec: 0}, 961e98b4-0515-4e33-9a5e-b87989e0967c{ip: 10.1.0.56, host: fv-az180-400.aibneqh1mxpuhl3tnnuy2ifbce.bx.internal.cloudapp.net, ports: [REPLICATION=32803, RATIS=45547, RATIS_ADMIN=45547, RATIS_SERVER=45547, STANDALONE=33243], networkLocation: /default-rack, certSerialId: null, persistedOpState: IN_SERVICE, persistedOpStateExpiryEpochSec: 0}, a36f0c9e-34c7-41e1-90e2-5c691522fdfd{ip: 10.1.0.56, host: fv-az180-400.aibneqh1mxpuhl3tnnuy2ifbce.bx.internal.cloudapp.net, ports: [REPLICATION=43001, RATIS=35103, RATIS_ADMIN=35103, RATIS_SERVER=35103, STANDALONE=34509], networkLocation: /default-rack, certSerialId: null, persistedOpState: IN_SERVICE, persistedOpStateExpiryEpochSec: 0}, a49fbcfb-f7dc-4282-aec4-a4f9f3e2b5ab{ip: 10.1.0.56, host: fv-az180-400.aibneqh1mxpuhl3tnnuy2ifbce.bx.internal.cloudapp.net, ports: [REPLICATION=41799, RATIS=37955, RATIS_ADMIN=37955, RATIS_SERVER=37955, STANDALONE=46377], networkLocation: /default-rack, certSerialId: null, persistedOpState: null, persistedOpStateExpiryEpochSec: 0}]"  ancestorGen="0").
2022-11-18 13:06:08,526 [Under Replicated Processor] INFO  algorithms.SCMContainerPlacementRackScatter (SCMContainerPlacementRackScatter.java:chooseNode(379)) - No satisfied datanode to meet the constraints. Metadatadata size required: 0 Data size required: 5368709120, scope /default-rack, excluded nodes [8ad84362-fca3-4a94-b029-55aaea538166{ip: 10.1.0.56, host: fv-az180-400.aibneqh1mxpuhl3tnnuy2ifbce.bx.internal.cloudapp.net, ports: [REPLICATION=45785, RATIS=38939, RATIS_ADMIN=38939, RATIS_SERVER=38939, STANDALONE=38791], networkLocation: /default-rack, certSerialId: null, persistedOpState: IN_SERVICE, persistedOpStateExpiryEpochSec: 0}, 1bb9cbb4-eec0-4324-8de7-fca776b53f2b{ip: 10.1.0.56, host: fv-az180-400.aibneqh1mxpuhl3tnnuy2ifbce.bx.internal.cloudapp.net, ports: [REPLICATION=45141, RATIS=44667, RATIS_ADMIN=44667, RATIS_SERVER=44667, STANDALONE=45879], networkLocation: /default-rack, certSerialId: null, persistedOpState: IN_SERVICE, persistedOpStateExpiryEpochSec: 0}, 961e98b4-0515-4e33-9a5e-b87989e0967c{ip: 10.1.0.56, host: fv-az180-400.aibneqh1mxpuhl3tnnuy2ifbce.bx.internal.cloudapp.net, ports: [REPLICATION=32803, RATIS=45547, RATIS_ADMIN=45547, RATIS_SERVER=45547, STANDALONE=33243], networkLocation: /default-rack, certSerialId: null, persistedOpState: IN_SERVICE, persistedOpStateExpiryEpochSec: 0}, a36f0c9e-34c7-41e1-90e2-5c691522fdfd{ip: 10.1.0.56, host: fv-az180-400.aibneqh1mxpuhl3tnnuy2ifbce.bx.internal.cloudapp.net, ports: [REPLICATION=43001, RATIS=35103, RATIS_ADMIN=35103, RATIS_SERVER=35103, STANDALONE=34509], networkLocation: /default-rack, certSerialId: null, persistedOpState: IN_SERVICE, persistedOpStateExpiryEpochSec: 0}, a49fbcfb-f7dc-4282-aec4-a4f9f3e2b5ab{ip: 10.1.0.56, host: fv-az180-400.aibneqh1mxpuhl3tnnuy2ifbce.bx.internal.cloudapp.net, ports: [REPLICATION=41799, RATIS=37955, RATIS_ADMIN=37955, RATIS_SERVER=37955, STANDALONE=46377], networkLocation: /default-rack, certSerialId: null, persistedOpState: null, persistedOpStateExpiryEpochSec: 0}]
2022-11-18 13:06:08,526 [Under Replicated Processor] WARN  algorithms.SCMContainerPlacementRackScatter (SCMContainerPlacementRackScatter.java:chooseDatanodesInternal(281)) - Placement policy could not choose the enough nodes from available racks. Chosen nodes size from Unique Racks: 0, but required nodes to choose from Unique Racks: 1 do not match. Available racks count: 1, Excluded nodes count: 4
2022-11-18 13:06:08,527 [Under Replicated Processor] WARN  replication.ECUnderReplicationHandler (ECUnderReplicationHandler.java:processAndCreateCommands(252)) - Exception while processing for creating the EC reconstruction container commands for #8.
org.apache.hadoop.hdds.scm.exceptions.SCMException: Chosen nodes size from Unique Racks: 0, but required nodes to choose from Unique Racks: 1 do not match.
	at org.apache.hadoop.hdds.scm.container.placement.algorithms.SCMContainerPlacementRackScatter.chooseDatanodesInternal(SCMContainerPlacementRackScatter.java:286)
	at org.apache.hadoop.hdds.scm.SCMCommonPlacementPolicy.chooseDatanodes(SCMCommonPlacementPolicy.java:175)
	at org.apache.hadoop.hdds.scm.SCMCommonPlacementPolicy.chooseDatanodes(SCMCommonPlacementPolicy.java:117)
	at org.apache.hadoop.hdds.scm.container.replication.ECUnderReplicationHandler.getTargetDatanodes(ECUnderReplicationHandler.java:303)
	at org.apache.hadoop.hdds.scm.container.replication.ECUnderReplicationHandler.processAndCreateCommands(ECUnderReplicationHandler.java:186)
	at org.apache.hadoop.hdds.scm.container.replication.ReplicationManager.processUnderReplicatedContainer(ReplicationManager.java:483)
	at org.apache.hadoop.hdds.scm.container.replication.UnderReplicatedProcessor.processContainer(UnderReplicatedProcessor.java:99)
	at org.apache.hadoop.hdds.scm.container.replication.UnderReplicatedProcessor.processAll(UnderReplicatedProcessor.java:83)
	at org.apache.hadoop.hdds.scm.container.replication.UnderReplicatedProcessor.run(UnderReplicatedProcessor.java:144)
	at java.lang.Thread.run(Thread.java:750)
2022-11-18 13:06:08,527 [Under Replicated Processor] ERROR replication.UnderReplicatedProcessor (UnderReplicatedProcessor.java:processAll(86)) - Error processing under replicated container ContainerInfo{id=#8, state=CLOSED, pipelineID=PipelineID=67e84420-6fe2-43b6-bc4f-8bf4477b66f2, stateEnterTime=2022-11-18T13:05:28.764Z, owner=om1}
org.apache.hadoop.hdds.scm.exceptions.SCMException: Chosen nodes size from Unique Racks: 0, but required nodes to choose from Unique Racks: 1 do not match.
	at org.apache.hadoop.hdds.scm.container.placement.algorithms.SCMContainerPlacementRackScatter.chooseDatanodesInternal(SCMContainerPlacementRackScatter.java:286)
	at org.apache.hadoop.hdds.scm.SCMCommonPlacementPolicy.chooseDatanodes(SCMCommonPlacementPolicy.java:175)
	at org.apache.hadoop.hdds.scm.SCMCommonPlacementPolicy.chooseDatanodes(SCMCommonPlacementPolicy.java:117)
	at org.apache.hadoop.hdds.scm.container.replication.ECUnderReplicationHandler.getTargetDatanodes(ECUnderReplicationHandler.java:303)
	at org.apache.hadoop.hdds.scm.container.replication.ECUnderReplicationHandler.processAndCreateCommands(ECUnderReplicationHandler.java:186)
	at org.apache.hadoop.hdds.scm.container.replication.ReplicationManager.processUnderReplicatedContainer(ReplicationManager.java:483)
	at org.apache.hadoop.hdds.scm.container.replication.UnderReplicatedProcessor.processContainer(UnderReplicatedProcessor.java:99)
	at org.apache.hadoop.hdds.scm.container.replication.UnderReplicatedProcessor.processAll(UnderReplicatedProcessor.java:83)
	at org.apache.hadoop.hdds.scm.container.replication.UnderReplicatedProcessor.run(UnderReplicatedProcessor.java:144)
	at java.lang.Thread.run(Thread.java:750)
2022-11-18 13:06:08,527 [Under Replicated Processor] WARN  net.NetworkTopologyImpl (NetworkTopologyImpl.java:chooseNodeInternal(653)) - No available node in (scope="/default-rack" excludedScope="null" excludedNodes="[8ad84362-fca3-4a94-b029-55aaea538166{ip: 10.1.0.56, host: fv-az180-400.aibneqh1mxpuhl3tnnuy2ifbce.bx.internal.cloudapp.net, ports: [REPLICATION=45785, RATIS=38939, RATIS_ADMIN=38939, RATIS_SERVER=38939, STANDALONE=38791], networkLocation: /default-rack, certSerialId: null, persistedOpState: IN_SERVICE, persistedOpStateExpiryEpochSec: 0}, 1bb9cbb4-eec0-4324-8de7-fca776b53f2b{ip: 10.1.0.56, host: fv-az180-400.aibneqh1mxpuhl3tnnuy2ifbce.bx.internal.cloudapp.net, ports: [REPLICATION=45141, RATIS=44667, RATIS_ADMIN=44667, RATIS_SERVER=44667, STANDALONE=45879], networkLocation: /default-rack, certSerialId: null, persistedOpState: IN_SERVICE, persistedOpStateExpiryEpochSec: 0}, 961e98b4-0515-4e33-9a5e-b87989e0967c{ip: 10.1.0.56, host: fv-az180-400.aibneqh1mxpuhl3tnnuy2ifbce.bx.internal.cloudapp.net, ports: [REPLICATION=32803, RATIS=45547, RATIS_ADMIN=45547, RATIS_SERVER=45547, STANDALONE=33243], networkLocation: /default-rack, certSerialId: null, persistedOpState: IN_SERVICE, persistedOpStateExpiryEpochSec: 0}, a36f0c9e-34c7-41e1-90e2-5c691522fdfd{ip: 10.1.0.56, host: fv-az180-400.aibneqh1mxpuhl3tnnuy2ifbce.bx.internal.cloudapp.net, ports: [REPLICATION=43001, RATIS=35103, RATIS_ADMIN=35103, RATIS_SERVER=35103, STANDALONE=34509], networkLocation: /default-rack, certSerialId: null, persistedOpState: IN_SERVICE, persistedOpStateExpiryEpochSec: 0}, a49fbcfb-f7dc-4282-aec4-a4f9f3e2b5ab{ip: 10.1.0.56, host: fv-az180-400.aibneqh1mxpuhl3tnnuy2ifbce.bx.internal.cloudapp.net, ports: [REPLICATION=41799, RATIS=37955, RATIS_ADMIN=37955, RATIS_SERVER=37955, STANDALONE=46377], networkLocation: /default-rack, certSerialId: null, persistedOpState: null, persistedOpStateExpiryEpochSec: 0}]"  ancestorGen="0").
2022-11-18 13:06:08,527 [Under Replicated Processor] WARN  net.NetworkTopologyImpl (NetworkTopologyImpl.java:chooseNodeInternal(653)) - No available node in (scope="/default-rack" excludedScope="null" excludedNodes="[8ad84362-fca3-4a94-b029-55aaea538166{ip: 10.1.0.56, host: fv-az180-400.aibneqh1mxpuhl3tnnuy2ifbce.bx.internal.cloudapp.net, ports: [REPLICATION=45785, RATIS=38939, RATIS_ADMIN=38939, RATIS_SERVER=38939, STANDALONE=38791], networkLocation: /default-rack, certSerialId: null, persistedOpState: IN_SERVICE, persistedOpStateExpiryEpochSec: 0}, 1bb9cbb4-eec0-4324-8de7-fca776b53f2b{ip: 10.1.0.56, host: fv-az180-400.aibneqh1mxpuhl3tnnuy2ifbce.bx.internal.cloudapp.net, ports: [REPLICATION=45141, RATIS=44667, RATIS_ADMIN=44667, RATIS_SERVER=44667, STANDALONE=45879], networkLocation: /default-rack, certSerialId: null, persistedOpState: IN_SERVICE, persistedOpStateExpiryEpochSec: 0}, 961e98b4-0515-4e33-9a5e-b87989e0967c{ip: 10.1.0.56, host: fv-az180-400.aibneqh1mxpuhl3tnnuy2ifbce.bx.internal.cloudapp.net, ports: [REPLICATION=32803, RATIS=45547, RATIS_ADMIN=45547, RATIS_SERVER=45547, STANDALONE=33243], networkLocation: /default-rack, certSerialId: null, persistedOpState: IN_SERVICE, persistedOpStateExpiryEpochSec: 0}, a36f0c9e-34c7-41e1-90e2-5c691522fdfd{ip: 10.1.0.56, host: fv-az180-400.aibneqh1mxpuhl3tnnuy2ifbce.bx.internal.cloudapp.net, ports: [REPLICATION=43001, RATIS=35103, RATIS_ADMIN=35103, RATIS_SERVER=35103, STANDALONE=34509], networkLocation: /default-rack, certSerialId: null, persistedOpState: IN_SERVICE, persistedOpStateExpiryEpochSec: 0}, a49fbcfb-f7dc-4282-aec4-a4f9f3e2b5ab{ip: 10.1.0.56, host: fv-az180-400.aibneqh1mxpuhl3tnnuy2ifbce.bx.internal.cloudapp.net, ports: [REPLICATION=41799, RATIS=37955, RATIS_ADMIN=37955, RATIS_SERVER=37955, STANDALONE=46377], networkLocation: /default-rack, certSerialId: null, persistedOpState: null, persistedOpStateExpiryEpochSec: 0}]"  ancestorGen="0").
2022-11-18 13:06:08,527 [Under Replicated Processor] WARN  net.NetworkTopologyImpl (NetworkTopologyImpl.java:chooseNodeInternal(653)) - No available node in (scope="/default-rack" excludedScope="null" excludedNodes="[8ad84362-fca3-4a94-b029-55aaea538166{ip: 10.1.0.56, host: fv-az180-400.aibneqh1mxpuhl3tnnuy2ifbce.bx.internal.cloudapp.net, ports: [REPLICATION=45785, RATIS=38939, RATIS_ADMIN=38939, RATIS_SERVER=38939, STANDALONE=38791], networkLocation: /default-rack, certSerialId: null, persistedOpState: IN_SERVICE, persistedOpStateExpiryEpochSec: 0}, 1bb9cbb4-eec0-4324-8de7-fca776b53f2b{ip: 10.1.0.56, host: fv-az180-400.aibneqh1mxpuhl3tnnuy2ifbce.bx.internal.cloudapp.net, ports: [REPLICATION=45141, RATIS=44667, RATIS_ADMIN=44667, RATIS_SERVER=44667, STANDALONE=45879], networkLocation: /default-rack, certSerialId: null, persistedOpState: IN_SERVICE, persistedOpStateExpiryEpochSec: 0}, 961e98b4-0515-4e33-9a5e-b87989e0967c{ip: 10.1.0.56, host: fv-az180-400.aibneqh1mxpuhl3tnnuy2ifbce.bx.internal.cloudapp.net, ports: [REPLICATION=32803, RATIS=45547, RATIS_ADMIN=45547, RATIS_SERVER=45547, STANDALONE=33243], networkLocation: /default-rack, certSerialId: null, persistedOpState: IN_SERVICE, persistedOpStateExpiryEpochSec: 0}, a36f0c9e-34c7-41e1-90e2-5c691522fdfd{ip: 10.1.0.56, host: fv-az180-400.aibneqh1mxpuhl3tnnuy2ifbce.bx.internal.cloudapp.net, ports: [REPLICATION=43001, RATIS=35103, RATIS_ADMIN=35103, RATIS_SERVER=35103, STANDALONE=34509], networkLocation: /default-rack, certSerialId: null, persistedOpState: IN_SERVICE, persistedOpStateExpiryEpochSec: 0}, a49fbcfb-f7dc-4282-aec4-a4f9f3e2b5ab{ip: 10.1.0.56, host: fv-az180-400.aibneqh1mxpuhl3tnnuy2ifbce.bx.internal.cloudapp.net, ports: [REPLICATION=41799, RATIS=37955, RATIS_ADMIN=37955, RATIS_SERVER=37955, STANDALONE=46377], networkLocation: /default-rack, certSerialId: null, persistedOpState: null, persistedOpStateExpiryEpochSec: 0}]"  ancestorGen="0").
2022-11-18 13:06:08,528 [Under Replicated Processor] WARN  net.NetworkTopologyImpl (NetworkTopologyImpl.java:chooseNodeInternal(653)) - No available node in (scope="/default-rack" excludedScope="null" excludedNodes="[8ad84362-fca3-4a94-b029-55aaea538166{ip: 10.1.0.56, host: fv-az180-400.aibneqh1mxpuhl3tnnuy2ifbce.bx.internal.cloudapp.net, ports: [REPLICATION=45785, RATIS=38939, RATIS_ADMIN=38939, RATIS_SERVER=38939, STANDALONE=38791], networkLocation: /default-rack, certSerialId: null, persistedOpState: IN_SERVICE, persistedOpStateExpiryEpochSec: 0}, 1bb9cbb4-eec0-4324-8de7-fca776b53f2b{ip: 10.1.0.56, host: fv-az180-400.aibneqh1mxpuhl3tnnuy2ifbce.bx.internal.cloudapp.net, ports: [REPLICATION=45141, RATIS=44667, RATIS_ADMIN=44667, RATIS_SERVER=44667, STANDALONE=45879], networkLocation: /default-rack, certSerialId: null, persistedOpState: IN_SERVICE, persistedOpStateExpiryEpochSec: 0}, 961e98b4-0515-4e33-9a5e-b87989e0967c{ip: 10.1.0.56, host: fv-az180-400.aibneqh1mxpuhl3tnnuy2ifbce.bx.internal.cloudapp.net, ports: [REPLICATION=32803, RATIS=45547, RATIS_ADMIN=45547, RATIS_SERVER=45547, STANDALONE=33243], networkLocation: /default-rack, certSerialId: null, persistedOpState: IN_SERVICE, persistedOpStateExpiryEpochSec: 0}, a36f0c9e-34c7-41e1-90e2-5c691522fdfd{ip: 10.1.0.56, host: fv-az180-400.aibneqh1mxpuhl3tnnuy2ifbce.bx.internal.cloudapp.net, ports: [REPLICATION=43001, RATIS=35103, RATIS_ADMIN=35103, RATIS_SERVER=35103, STANDALONE=34509], networkLocation: /default-rack, certSerialId: null, persistedOpState: IN_SERVICE, persistedOpStateExpiryEpochSec: 0}, a49fbcfb-f7dc-4282-aec4-a4f9f3e2b5ab{ip: 10.1.0.56, host: fv-az180-400.aibneqh1mxpuhl3tnnuy2ifbce.bx.internal.cloudapp.net, ports: [REPLICATION=41799, RATIS=37955, RATIS_ADMIN=37955, RATIS_SERVER=37955, STANDALONE=46377], networkLocation: /default-rack, certSerialId: null, persistedOpState: null, persistedOpStateExpiryEpochSec: 0}]"  ancestorGen="0").
2022-11-18 13:06:08,529 [Under Replicated Processor] INFO  algorithms.SCMContainerPlacementRackScatter (SCMContainerPlacementRackScatter.java:chooseNode(379)) - No satisfied datanode to meet the constraints. Metadatadata size required: 0 Data size required: 5368709120, scope /default-rack, excluded nodes [8ad84362-fca3-4a94-b029-55aaea538166{ip: 10.1.0.56, host: fv-az180-400.aibneqh1mxpuhl3tnnuy2ifbce.bx.internal.cloudapp.net, ports: [REPLICATION=45785, RATIS=38939, RATIS_ADMIN=38939, RATIS_SERVER=38939, STANDALONE=38791], networkLocation: /default-rack, certSerialId: null, persistedOpState: IN_SERVICE, persistedOpStateExpiryEpochSec: 0}, 1bb9cbb4-eec0-4324-8de7-fca776b53f2b{ip: 10.1.0.56, host: fv-az180-400.aibneqh1mxpuhl3tnnuy2ifbce.bx.internal.cloudapp.net, ports: [REPLICATION=45141, RATIS=44667, RATIS_ADMIN=44667, RATIS_SERVER=44667, STANDALONE=45879], networkLocation: /default-rack, certSerialId: null, persistedOpState: IN_SERVICE, persistedOpStateExpiryEpochSec: 0}, 961e98b4-0515-4e33-9a5e-b87989e0967c{ip: 10.1.0.56, host: fv-az180-400.aibneqh1mxpuhl3tnnuy2ifbce.bx.internal.cloudapp.net, ports: [REPLICATION=32803, RATIS=45547, RATIS_ADMIN=45547, RATIS_SERVER=45547, STANDALONE=33243], networkLocation: /default-rack, certSerialId: null, persistedOpState: IN_SERVICE, persistedOpStateExpiryEpochSec: 0}, a36f0c9e-34c7-41e1-90e2-5c691522fdfd{ip: 10.1.0.56, host: fv-az180-400.aibneqh1mxpuhl3tnnuy2ifbce.bx.internal.cloudapp.net, ports: [REPLICATION=43001, RATIS=35103, RATIS_ADMIN=35103, RATIS_SERVER=35103, STANDALONE=34509], networkLocation: /default-rack, certSerialId: null, persistedOpState: IN_SERVICE, persistedOpStateExpiryEpochSec: 0}, a49fbcfb-f7dc-4282-aec4-a4f9f3e2b5ab{ip: 10.1.0.56, host: fv-az180-400.aibneqh1mxpuhl3tnnuy2ifbce.bx.internal.cloudapp.net, ports: [REPLICATION=41799, RATIS=37955, RATIS_ADMIN=37955, RATIS_SERVER=37955, STANDALONE=46377], networkLocation: /default-rack, certSerialId: null, persistedOpState: null, persistedOpStateExpiryEpochSec: 0}]
2022-11-18 13:06:08,529 [Under Replicated Processor] WARN  algorithms.SCMContainerPlacementRackScatter (SCMContainerPlacementRackScatter.java:chooseDatanodesInternal(281)) - Placement policy could not choose the enough nodes from available racks. Chosen nodes size from Unique Racks: 0, but required nodes to choose from Unique Racks: 1 do not match. Available racks count: 1, Excluded nodes count: 4
2022-11-18 13:06:08,529 [Under Replicated Processor] WARN  replication.ECUnderReplicationHandler (ECUnderReplicationHandler.java:processAndCreateCommands(252)) - Exception while processing for creating the EC reconstruction container commands for #8.
org.apache.hadoop.hdds.scm.exceptions.SCMException: Chosen nodes size from Unique Racks: 0, but required nodes to choose from Unique Racks: 1 do not match.
	at org.apache.hadoop.hdds.scm.container.placement.algorithms.SCMContainerPlacementRackScatter.chooseDatanodesInternal(SCMContainerPlacementRackScatter.java:286)
	at org.apache.hadoop.hdds.scm.SCMCommonPlacementPolicy.chooseDatanodes(SCMCommonPlacementPolicy.java:175)
	at org.apache.hadoop.hdds.scm.SCMCommonPlacementPolicy.chooseDatanodes(SCMCommonPlacementPolicy.java:117)
	at org.apache.hadoop.hdds.scm.container.replication.ECUnderReplicationHandler.getTargetDatanodes(ECUnderReplicationHandler.java:303)
	at org.apache.hadoop.hdds.scm.container.replication.ECUnderReplicationHandler.processAndCreateCommands(ECUnderReplicationHandler.java:186)
	at org.apache.hadoop.hdds.scm.container.replication.ReplicationManager.processUnderReplicatedContainer(ReplicationManager.java:483)
	at org.apache.hadoop.hdds.scm.container.replication.UnderReplicatedProcessor.processContainer(UnderReplicatedProcessor.java:99)
	at org.apache.hadoop.hdds.scm.container.replication.UnderReplicatedProcessor.processAll(UnderReplicatedProcessor.java:83)
	at org.apache.hadoop.hdds.scm.container.replication.UnderReplicatedProcessor.run(UnderReplicatedProcessor.java:144)
	at java.lang.Thread.run(Thread.java:750)
2022-11-18 13:06:08,529 [Under Replicated Processor] ERROR replication.UnderReplicatedProcessor (UnderReplicatedProcessor.java:processAll(86)) - Error processing under replicated container ContainerInfo{id=#8, state=CLOSED, pipelineID=PipelineID=67e84420-6fe2-43b6-bc4f-8bf4477b66f2, stateEnterTime=2022-11-18T13:05:28.764Z, owner=om1}
org.apache.hadoop.hdds.scm.exceptions.SCMException: Chosen nodes size from Unique Racks: 0, but required nodes to choose from Unique Racks: 1 do not match.
	at org.apache.hadoop.hdds.scm.container.placement.algorithms.SCMContainerPlacementRackScatter.chooseDatanodesInternal(SCMContainerPlacementRackScatter.java:286)
	at org.apache.hadoop.hdds.scm.SCMCommonPlacementPolicy.chooseDatanodes(SCMCommonPlacementPolicy.java:175)
	at org.apache.hadoop.hdds.scm.SCMCommonPlacementPolicy.chooseDatanodes(SCMCommonPlacementPolicy.java:117)
	at org.apache.hadoop.hdds.scm.container.replication.ECUnderReplicationHandler.getTargetDatanodes(ECUnderReplicationHandler.java:303)
	at org.apache.hadoop.hdds.scm.container.replication.ECUnderReplicationHandler.processAndCreateCommands(ECUnderReplicationHandler.java:186)
	at org.apache.hadoop.hdds.scm.container.replication.ReplicationManager.processUnderReplicatedContainer(ReplicationManager.java:483)
	at org.apache.hadoop.hdds.scm.container.replication.UnderReplicatedProcessor.processContainer(UnderReplicatedProcessor.java:99)
	at org.apache.hadoop.hdds.scm.container.replication.UnderReplicatedProcessor.processAll(UnderReplicatedProcessor.java:83)
	at org.apache.hadoop.hdds.scm.container.replication.UnderReplicatedProcessor.run(UnderReplicatedProcessor.java:144)
	at java.lang.Thread.run(Thread.java:750)
2022-11-18 13:06:08,529 [Under Replicated Processor] WARN  net.NetworkTopologyImpl (NetworkTopologyImpl.java:chooseNodeInternal(653)) - No available node in (scope="/default-rack" excludedScope="null" excludedNodes="[8ad84362-fca3-4a94-b029-55aaea538166{ip: 10.1.0.56, host: fv-az180-400.aibneqh1mxpuhl3tnnuy2ifbce.bx.internal.cloudapp.net, ports: [REPLICATION=45785, RATIS=38939, RATIS_ADMIN=38939, RATIS_SERVER=38939, STANDALONE=38791], networkLocation: /default-rack, certSerialId: null, persistedOpState: IN_SERVICE, persistedOpStateExpiryEpochSec: 0}, 1bb9cbb4-eec0-4324-8de7-fca776b53f2b{ip: 10.1.0.56, host: fv-az180-400.aibneqh1mxpuhl3tnnuy2ifbce.bx.internal.cloudapp.net, ports: [REPLICATION=45141, RATIS=44667, RATIS_ADMIN=44667, RATIS_SERVER=44667, STANDALONE=45879], networkLocation: /default-rack, certSerialId: null, persistedOpState: IN_SERVICE, persistedOpStateExpiryEpochSec: 0}, 961e98b4-0515-4e33-9a5e-b87989e0967c{ip: 10.1.0.56, host: fv-az180-400.aibneqh1mxpuhl3tnnuy2ifbce.bx.internal.cloudapp.net, ports: [REPLICATION=32803, RATIS=45547, RATIS_ADMIN=45547, RATIS_SERVER=45547, STANDALONE=33243], networkLocation: /default-rack, certSerialId: null, persistedOpState: IN_SERVICE, persistedOpStateExpiryEpochSec: 0}, a36f0c9e-34c7-41e1-90e2-5c691522fdfd{ip: 10.1.0.56, host: fv-az180-400.aibneqh1mxpuhl3tnnuy2ifbce.bx.internal.cloudapp.net, ports: [REPLICATION=43001, RATIS=35103, RATIS_ADMIN=35103, RATIS_SERVER=35103, STANDALONE=34509], networkLocation: /default-rack, certSerialId: null, persistedOpState: IN_SERVICE, persistedOpStateExpiryEpochSec: 0}, a49fbcfb-f7dc-4282-aec4-a4f9f3e2b5ab{ip: 10.1.0.56, host: fv-az180-400.aibneqh1mxpuhl3tnnuy2ifbce.bx.internal.cloudapp.net, ports: [REPLICATION=41799, RATIS=37955, RATIS_ADMIN=37955, RATIS_SERVER=37955, STANDALONE=46377], networkLocation: /default-rack, certSerialId: null, persistedOpState: null, persistedOpStateExpiryEpochSec: 0}]"  ancestorGen="0").
2022-11-18 13:06:08,529 [Under Replicated Processor] WARN  net.NetworkTopologyImpl (NetworkTopologyImpl.java:chooseNodeInternal(653)) - No available node in (scope="/default-rack" excludedScope="null" excludedNodes="[8ad84362-fca3-4a94-b029-55aaea538166{ip: 10.1.0.56, host: fv-az180-400.aibneqh1mxpuhl3tnnuy2ifbce.bx.internal.cloudapp.net, ports: [REPLICATION=45785, RATIS=38939, RATIS_ADMIN=38939, RATIS_SERVER=38939, STANDALONE=38791], networkLocation: /default-rack, certSerialId: null, persistedOpState: IN_SERVICE, persistedOpStateExpiryEpochSec: 0}, 1bb9cbb4-eec0-4324-8de7-fca776b53f2b{ip: 10.1.0.56, host: fv-az180-400.aibneqh1mxpuhl3tnnuy2ifbce.bx.internal.cloudapp.net, ports: [REPLICATION=45141, RATIS=44667, RATIS_ADMIN=44667, RATIS_SERVER=44667, STANDALONE=45879], networkLocation: /default-rack, certSerialId: null, persistedOpState: IN_SERVICE, persistedOpStateExpiryEpochSec: 0}, 961e98b4-0515-4e33-9a5e-b87989e0967c{ip: 10.1.0.56, host: fv-az180-400.aibneqh1mxpuhl3tnnuy2ifbce.bx.internal.cloudapp.net, ports: [REPLICATION=32803, RATIS=45547, RATIS_ADMIN=45547, RATIS_SERVER=45547, STANDALONE=33243], networkLocation: /default-rack, certSerialId: null, persistedOpState: IN_SERVICE, persistedOpStateExpiryEpochSec: 0}, a36f0c9e-34c7-41e1-90e2-5c691522fdfd{ip: 10.1.0.56, host: fv-az180-400.aibneqh1mxpuhl3tnnuy2ifbce.bx.internal.cloudapp.net, ports: [REPLICATION=43001, RATIS=35103, RATIS_ADMIN=35103, RATIS_SERVER=35103, STANDALONE=34509], networkLocation: /default-rack, certSerialId: null, persistedOpState: IN_SERVICE, persistedOpStateExpiryEpochSec: 0}, a49fbcfb-f7dc-4282-aec4-a4f9f3e2b5ab{ip: 10.1.0.56, host: fv-az180-400.aibneqh1mxpuhl3tnnuy2ifbce.bx.internal.cloudapp.net, ports: [REPLICATION=41799, RATIS=37955, RATIS_ADMIN=37955, RATIS_SERVER=37955, STANDALONE=46377], networkLocation: /default-rack, certSerialId: null, persistedOpState: null, persistedOpStateExpiryEpochSec: 0}]"  ancestorGen="0").
2022-11-18 13:06:08,529 [Under Replicated Processor] WARN  net.NetworkTopologyImpl (NetworkTopologyImpl.java:chooseNodeInternal(653)) - No available node in (scope="/default-rack" excludedScope="null" excludedNodes="[8ad84362-fca3-4a94-b029-55aaea538166{ip: 10.1.0.56, host: fv-az180-400.aibneqh1mxpuhl3tnnuy2ifbce.bx.internal.cloudapp.net, ports: [REPLICATION=45785, RATIS=38939, RATIS_ADMIN=38939, RATIS_SERVER=38939, STANDALONE=38791], networkLocation: /default-rack, certSerialId: null, persistedOpState: IN_SERVICE, persistedOpStateExpiryEpochSec: 0}, 1bb9cbb4-eec0-4324-8de7-fca776b53f2b{ip: 10.1.0.56, host: fv-az180-400.aibneqh1mxpuhl3tnnuy2ifbce.bx.internal.cloudapp.net, ports: [REPLICATION=45141, RATIS=44667, RATIS_ADMIN=44667, RATIS_SERVER=44667, STANDALONE=45879], networkLocation: /default-rack, certSerialId: null, persistedOpState: IN_SERVICE, persistedOpStateExpiryEpochSec: 0}, 961e98b4-0515-4e33-9a5e-b87989e0967c{ip: 10.1.0.56, host: fv-az180-400.aibneqh1mxpuhl3tnnuy2ifbce.bx.internal.cloudapp.net, ports: [REPLICATION=32803, RATIS=45547, RATIS_ADMIN=45547, RATIS_SERVER=45547, STANDALONE=33243], networkLocation: /default-rack, certSerialId: null, persistedOpState: IN_SERVICE, persistedOpStateExpiryEpochSec: 0}, a36f0c9e-34c7-41e1-90e2-5c691522fdfd{ip: 10.1.0.56, host: fv-az180-400.aibneqh1mxpuhl3tnnuy2ifbce.bx.internal.cloudapp.net, ports: [REPLICATION=43001, RATIS=35103, RATIS_ADMIN=35103, RATIS_SERVER=35103, STANDALONE=34509], networkLocation: /default-rack, certSerialId: null, persistedOpState: IN_SERVICE, persistedOpStateExpiryEpochSec: 0}, a49fbcfb-f7dc-4282-aec4-a4f9f3e2b5ab{ip: 10.1.0.56, host: fv-az180-400.aibneqh1mxpuhl3tnnuy2ifbce.bx.internal.cloudapp.net, ports: [REPLICATION=41799, RATIS=37955, RATIS_ADMIN=37955, RATIS_SERVER=37955, STANDALONE=46377], networkLocation: /default-rack, certSerialId: null, persistedOpState: null, persistedOpStateExpiryEpochSec: 0}]"  ancestorGen="0").
2022-11-18 13:06:08,529 [Under Replicated Processor] WARN  net.NetworkTopologyImpl (NetworkTopologyImpl.java:chooseNodeInternal(653)) - No available node in (scope="/default-rack" excludedScope="null" excludedNodes="[8ad84362-fca3-4a94-b029-55aaea538166{ip: 10.1.0.56, host: fv-az180-400.aibneqh1mxpuhl3tnnuy2ifbce.bx.internal.cloudapp.net, ports: [REPLICATION=45785, RATIS=38939, RATIS_ADMIN=38939, RATIS_SERVER=38939, STANDALONE=38791], networkLocation: /default-rack, certSerialId: null, persistedOpState: IN_SERVICE, persistedOpStateExpiryEpochSec: 0}, 1bb9cbb4-eec0-4324-8de7-fca776b53f2b{ip: 10.1.0.56, host: fv-az180-400.aibneqh1mxpuhl3tnnuy2ifbce.bx.internal.cloudapp.net, ports: [REPLICATION=45141, RATIS=44667, RATIS_ADMIN=44667, RATIS_SERVER=44667, STANDALONE=45879], networkLocation: /default-rack, certSerialId: null, persistedOpState: IN_SERVICE, persistedOpStateExpiryEpochSec: 0}, 961e98b4-0515-4e33-9a5e-b87989e0967c{ip: 10.1.0.56, host: fv-az180-400.aibneqh1mxpuhl3tnnuy2ifbce.bx.internal.cloudapp.net, ports: [REPLICATION=32803, RATIS=45547, RATIS_ADMIN=45547, RATIS_SERVER=45547, STANDALONE=33243], networkLocation: /default-rack, certSerialId: null, persistedOpState: IN_SERVICE, persistedOpStateExpiryEpochSec: 0}, a36f0c9e-34c7-41e1-90e2-5c691522fdfd{ip: 10.1.0.56, host: fv-az180-400.aibneqh1mxpuhl3tnnuy2ifbce.bx.internal.cloudapp.net, ports: [REPLICATION=43001, RATIS=35103, RATIS_ADMIN=35103, RATIS_SERVER=35103, STANDALONE=34509], networkLocation: /default-rack, certSerialId: null, persistedOpState: IN_SERVICE, persistedOpStateExpiryEpochSec: 0}, a49fbcfb-f7dc-4282-aec4-a4f9f3e2b5ab{ip: 10.1.0.56, host: fv-az180-400.aibneqh1mxpuhl3tnnuy2ifbce.bx.internal.cloudapp.net, ports: [REPLICATION=41799, RATIS=37955, RATIS_ADMIN=37955, RATIS_SERVER=37955, STANDALONE=46377], networkLocation: /default-rack, certSerialId: null, persistedOpState: null, persistedOpStateExpiryEpochSec: 0}]"  ancestorGen="0").
2022-11-18 13:06:08,533 [Under Replicated Processor] INFO  algorithms.SCMContainerPlacementRackScatter (SCMContainerPlacementRackScatter.java:chooseNode(379)) - No satisfied datanode to meet the constraints. Metadatadata size required: 0 Data size required: 5368709120, scope /default-rack, excluded nodes [8ad84362-fca3-4a94-b029-55aaea538166{ip: 10.1.0.56, host: fv-az180-400.aibneqh1mxpuhl3tnnuy2ifbce.bx.internal.cloudapp.net, ports: [REPLICATION=45785, RATIS=38939, RATIS_ADMIN=38939, RATIS_SERVER=38939, STANDALONE=38791], networkLocation: /default-rack, certSerialId: null, persistedOpState: IN_SERVICE, persistedOpStateExpiryEpochSec: 0}, 1bb9cbb4-eec0-4324-8de7-fca776b53f2b{ip: 10.1.0.56, host: fv-az180-400.aibneqh1mxpuhl3tnnuy2ifbce.bx.internal.cloudapp.net, ports: [REPLICATION=45141, RATIS=44667, RATIS_ADMIN=44667, RATIS_SERVER=44667, STANDALONE=45879], networkLocation: /default-rack, certSerialId: null, persistedOpState: IN_SERVICE, persistedOpStateExpiryEpochSec: 0}, 961e98b4-0515-4e33-9a5e-b87989e0967c{ip: 10.1.0.56, host: fv-az180-400.aibneqh1mxpuhl3tnnuy2ifbce.bx.internal.cloudapp.net, ports: [REPLICATION=32803, RATIS=45547, RATIS_ADMIN=45547, RATIS_SERVER=45547, STANDALONE=33243], networkLocation: /default-rack, certSerialId: null, persistedOpState: IN_SERVICE, persistedOpStateExpiryEpochSec: 0}, a36f0c9e-34c7-41e1-90e2-5c691522fdfd{ip: 10.1.0.56, host: fv-az180-400.aibneqh1mxpuhl3tnnuy2ifbce.bx.internal.cloudapp.net, ports: [REPLICATION=43001, RATIS=35103, RATIS_ADMIN=35103, RATIS_SERVER=35103, STANDALONE=34509], networkLocation: /default-rack, certSerialId: null, persistedOpState: IN_SERVICE, persistedOpStateExpiryEpochSec: 0}, a49fbcfb-f7dc-4282-aec4-a4f9f3e2b5ab{ip: 10.1.0.56, host: fv-az180-400.aibneqh1mxpuhl3tnnuy2ifbce.bx.internal.cloudapp.net, ports: [REPLICATION=41799, RATIS=37955, RATIS_ADMIN=37955, RATIS_SERVER=37955, STANDALONE=46377], networkLocation: /default-rack, certSerialId: null, persistedOpState: null, persistedOpStateExpiryEpochSec: 0}]
2022-11-18 13:06:08,533 [Under Replicated Processor] WARN  algorithms.SCMContainerPlacementRackScatter (SCMContainerPlacementRackScatter.java:chooseDatanodesInternal(281)) - Placement policy could not choose the enough nodes from available racks. Chosen nodes size from Unique Racks: 0, but required nodes to choose from Unique Racks: 1 do not match. Available racks count: 1, Excluded nodes count: 4
2022-11-18 13:06:08,533 [Under Replicated Processor] WARN  replication.ECUnderReplicationHandler (ECUnderReplicationHandler.java:processAndCreateCommands(252)) - Exception while processing for creating the EC reconstruction container commands for #8.
org.apache.hadoop.hdds.scm.exceptions.SCMException: Chosen nodes size from Unique Racks: 0, but required nodes to choose from Unique Racks: 1 do not match.
	at org.apache.hadoop.hdds.scm.container.placement.algorithms.SCMContainerPlacementRackScatter.chooseDatanodesInternal(SCMContainerPlacementRackScatter.java:286)
	at org.apache.hadoop.hdds.scm.SCMCommonPlacementPolicy.chooseDatanodes(SCMCommonPlacementPolicy.java:175)
	at org.apache.hadoop.hdds.scm.SCMCommonPlacementPolicy.chooseDatanodes(SCMCommonPlacementPolicy.java:117)
	at org.apache.hadoop.hdds.scm.container.replication.ECUnderReplicationHandler.getTargetDatanodes(ECUnderReplicationHandler.java:303)
	at org.apache.hadoop.hdds.scm.container.replication.ECUnderReplicationHandler.processAndCreateCommands(ECUnderReplicationHandler.java:186)
	at org.apache.hadoop.hdds.scm.container.replication.ReplicationManager.processUnderReplicatedContainer(ReplicationManager.java:483)
	at org.apache.hadoop.hdds.scm.container.replication.UnderReplicatedProcessor.processContainer(UnderReplicatedProcessor.java:99)
	at org.apache.hadoop.hdds.scm.container.replication.UnderReplicatedProcessor.processAll(UnderReplicatedProcessor.java:83)
	at org.apache.hadoop.hdds.scm.container.replication.UnderReplicatedProcessor.run(UnderReplicatedProcessor.java:144)
	at java.lang.Thread.run(Thread.java:750)
2022-11-18 13:06:08,533 [Under Replicated Processor] ERROR replication.UnderReplicatedProcessor (UnderReplicatedProcessor.java:processAll(86)) - Error processing under replicated container ContainerInfo{id=#8, state=CLOSED, pipelineID=PipelineID=67e84420-6fe2-43b6-bc4f-8bf4477b66f2, stateEnterTime=2022-11-18T13:05:28.764Z, owner=om1}
org.apache.hadoop.hdds.scm.exceptions.SCMException: Chosen nodes size from Unique Racks: 0, but required nodes to choose from Unique Racks: 1 do not match.
	at org.apache.hadoop.hdds.scm.container.placement.algorithms.SCMContainerPlacementRackScatter.chooseDatanodesInternal(SCMContainerPlacementRackScatter.java:286)
	at org.apache.hadoop.hdds.scm.SCMCommonPlacementPolicy.chooseDatanodes(SCMCommonPlacementPolicy.java:175)
	at org.apache.hadoop.hdds.scm.SCMCommonPlacementPolicy.chooseDatanodes(SCMCommonPlacementPolicy.java:117)
	at org.apache.hadoop.hdds.scm.container.replication.ECUnderReplicationHandler.getTargetDatanodes(ECUnderReplicationHandler.java:303)
	at org.apache.hadoop.hdds.scm.container.replication.ECUnderReplicationHandler.processAndCreateCommands(ECUnderReplicationHandler.java:186)
	at org.apache.hadoop.hdds.scm.container.replication.ReplicationManager.processUnderReplicatedContainer(ReplicationManager.java:483)
	at org.apache.hadoop.hdds.scm.container.replication.UnderReplicatedProcessor.processContainer(UnderReplicatedProcessor.java:99)
	at org.apache.hadoop.hdds.scm.container.replication.UnderReplicatedProcessor.processAll(UnderReplicatedProcessor.java:83)
	at org.apache.hadoop.hdds.scm.container.replication.UnderReplicatedProcessor.run(UnderReplicatedProcessor.java:144)
	at java.lang.Thread.run(Thread.java:750)
2022-11-18 13:06:08,533 [Under Replicated Processor] WARN  net.NetworkTopologyImpl (NetworkTopologyImpl.java:chooseNodeInternal(653)) - No available node in (scope="/default-rack" excludedScope="null" excludedNodes="[8ad84362-fca3-4a94-b029-55aaea538166{ip: 10.1.0.56, host: fv-az180-400.aibneqh1mxpuhl3tnnuy2ifbce.bx.internal.cloudapp.net, ports: [REPLICATION=45785, RATIS=38939, RATIS_ADMIN=38939, RATIS_SERVER=38939, STANDALONE=38791], networkLocation: /default-rack, certSerialId: null, persistedOpState: IN_SERVICE, persistedOpStateExpiryEpochSec: 0}, 1bb9cbb4-eec0-4324-8de7-fca776b53f2b{ip: 10.1.0.56, host: fv-az180-400.aibneqh1mxpuhl3tnnuy2ifbce.bx.internal.cloudapp.net, ports: [REPLICATION=45141, RATIS=44667, RATIS_ADMIN=44667, RATIS_SERVER=44667, STANDALONE=45879], networkLocation: /default-rack, certSerialId: null, persistedOpState: IN_SERVICE, persistedOpStateExpiryEpochSec: 0}, 961e98b4-0515-4e33-9a5e-b87989e0967c{ip: 10.1.0.56, host: fv-az180-400.aibneqh1mxpuhl3tnnuy2ifbce.bx.internal.cloudapp.net, ports: [REPLICATION=32803, RATIS=45547, RATIS_ADMIN=45547, RATIS_SERVER=45547, STANDALONE=33243], networkLocation: /default-rack, certSerialId: null, persistedOpState: IN_SERVICE, persistedOpStateExpiryEpochSec: 0}, a36f0c9e-34c7-41e1-90e2-5c691522fdfd{ip: 10.1.0.56, host: fv-az180-400.aibneqh1mxpuhl3tnnuy2ifbce.bx.internal.cloudapp.net, ports: [REPLICATION=43001, RATIS=35103, RATIS_ADMIN=35103, RATIS_SERVER=35103, STANDALONE=34509], networkLocation: /default-rack, certSerialId: null, persistedOpState: IN_SERVICE, persistedOpStateExpiryEpochSec: 0}, a49fbcfb-f7dc-4282-aec4-a4f9f3e2b5ab{ip: 10.1.0.56, host: fv-az180-400.aibneqh1mxpuhl3tnnuy2ifbce.bx.internal.cloudapp.net, ports: [REPLICATION=41799, RATIS=37955, RATIS_ADMIN=37955, RATIS_SERVER=37955, STANDALONE=46377], networkLocation: /default-rack, certSerialId: null, persistedOpState: null, persistedOpStateExpiryEpochSec: 0}]"  ancestorGen="0").
2022-11-18 13:06:08,535 [Under Replicated Processor] WARN  net.NetworkTopologyImpl (NetworkTopologyImpl.java:chooseNodeInternal(653)) - No available node in (scope="/default-rack" excludedScope="null" excludedNodes="[8ad84362-fca3-4a94-b029-55aaea538166{ip: 10.1.0.56, host: fv-az180-400.aibneqh1mxpuhl3tnnuy2ifbce.bx.internal.cloudapp.net, ports: [REPLICATION=45785, RATIS=38939, RATIS_ADMIN=38939, RATIS_SERVER=38939, STANDALONE=38791], networkLocation: /default-rack, certSerialId: null, persistedOpState: IN_SERVICE, persistedOpStateExpiryEpochSec: 0}, 1bb9cbb4-eec0-4324-8de7-fca776b53f2b{ip: 10.1.0.56, host: fv-az180-400.aibneqh1mxpuhl3tnnuy2ifbce.bx.internal.cloudapp.net, ports: [REPLICATION=45141, RATIS=44667, RATIS_ADMIN=44667, RATIS_SERVER=44667, STANDALONE=45879], networkLocation: /default-rack, certSerialId: null, persistedOpState: IN_SERVICE, persistedOpStateExpiryEpochSec: 0}, 961e98b4-0515-4e33-9a5e-b87989e0967c{ip: 10.1.0.56, host: fv-az180-400.aibneqh1mxpuhl3tnnuy2ifbce.bx.internal.cloudapp.net, ports: [REPLICATION=32803, RATIS=45547, RATIS_ADMIN=45547, RATIS_SERVER=45547, STANDALONE=33243], networkLocation: /default-rack, certSerialId: null, persistedOpState: IN_SERVICE, persistedOpStateExpiryEpochSec: 0}, a36f0c9e-34c7-41e1-90e2-5c691522fdfd{ip: 10.1.0.56, host: fv-az180-400.aibneqh1mxpuhl3tnnuy2ifbce.bx.internal.cloudapp.net, ports: [REPLICATION=43001, RATIS=35103, RATIS_ADMIN=35103, RATIS_SERVER=35103, STANDALONE=34509], networkLocation: /default-rack, certSerialId: null, persistedOpState: IN_SERVICE, persistedOpStateExpiryEpochSec: 0}, a49fbcfb-f7dc-4282-aec4-a4f9f3e2b5ab{ip: 10.1.0.56, host: fv-az180-400.aibneqh1mxpuhl3tnnuy2ifbce.bx.internal.cloudapp.net, ports: [REPLICATION=41799, RATIS=37955, RATIS_ADMIN=37955, RATIS_SERVER=37955, STANDALONE=46377], networkLocation: /default-rack, certSerialId: null, persistedOpState: null, persistedOpStateExpiryEpochSec: 0}]"  ancestorGen="0").
2022-11-18 13:06:08,535 [Under Replicated Processor] WARN  net.NetworkTopologyImpl (NetworkTopologyImpl.java:chooseNodeInternal(653)) - No available node in (scope="/default-rack" excludedScope="null" excludedNodes="[8ad84362-fca3-4a94-b029-55aaea538166{ip: 10.1.0.56, host: fv-az180-400.aibneqh1mxpuhl3tnnuy2ifbce.bx.internal.cloudapp.net, ports: [REPLICATION=45785, RATIS=38939, RATIS_ADMIN=38939, RATIS_SERVER=38939, STANDALONE=38791], networkLocation: /default-rack, certSerialId: null, persistedOpState: IN_SERVICE, persistedOpStateExpiryEpochSec: 0}, 1bb9cbb4-eec0-4324-8de7-fca776b53f2b{ip: 10.1.0.56, host: fv-az180-400.aibneqh1mxpuhl3tnnuy2ifbce.bx.internal.cloudapp.net, ports: [REPLICATION=45141, RATIS=44667, RATIS_ADMIN=44667, RATIS_SERVER=44667, STANDALONE=45879], networkLocation: /default-rack, certSerialId: null, persistedOpState: IN_SERVICE, persistedOpStateExpiryEpochSec: 0}, 961e98b4-0515-4e33-9a5e-b87989e0967c{ip: 10.1.0.56, host: fv-az180-400.aibneqh1mxpuhl3tnnuy2ifbce.bx.internal.cloudapp.net, ports: [REPLICATION=32803, RATIS=45547, RATIS_ADMIN=45547, RATIS_SERVER=45547, STANDALONE=33243], networkLocation: /default-rack, certSerialId: null, persistedOpState: IN_SERVICE, persistedOpStateExpiryEpochSec: 0}, a36f0c9e-34c7-41e1-90e2-5c691522fdfd{ip: 10.1.0.56, host: fv-az180-400.aibneqh1mxpuhl3tnnuy2ifbce.bx.internal.cloudapp.net, ports: [REPLICATION=43001, RATIS=35103, RATIS_ADMIN=35103, RATIS_SERVER=35103, STANDALONE=34509], networkLocation: /default-rack, certSerialId: null, persistedOpState: IN_SERVICE, persistedOpStateExpiryEpochSec: 0}, a49fbcfb-f7dc-4282-aec4-a4f9f3e2b5ab{ip: 10.1.0.56, host: fv-az180-400.aibneqh1mxpuhl3tnnuy2ifbce.bx.internal.cloudapp.net, ports: [REPLICATION=41799, RATIS=37955, RATIS_ADMIN=37955, RATIS_SERVER=37955, STANDALONE=46377], networkLocation: /default-rack, certSerialId: null, persistedOpState: null, persistedOpStateExpiryEpochSec: 0}]"  ancestorGen="0").
2022-11-18 13:06:08,535 [Under Replicated Processor] WARN  net.NetworkTopologyImpl (NetworkTopologyImpl.java:chooseNodeInternal(653)) - No available node in (scope="/default-rack" excludedScope="null" excludedNodes="[8ad84362-fca3-4a94-b029-55aaea538166{ip: 10.1.0.56, host: fv-az180-400.aibneqh1mxpuhl3tnnuy2ifbce.bx.internal.cloudapp.net, ports: [REPLICATION=45785, RATIS=38939, RATIS_ADMIN=38939, RATIS_SERVER=38939, STANDALONE=38791], networkLocation: /default-rack, certSerialId: null, persistedOpState: IN_SERVICE, persistedOpStateExpiryEpochSec: 0}, 1bb9cbb4-eec0-4324-8de7-fca776b53f2b{ip: 10.1.0.56, host: fv-az180-400.aibneqh1mxpuhl3tnnuy2ifbce.bx.internal.cloudapp.net, ports: [REPLICATION=45141, RATIS=44667, RATIS_ADMIN=44667, RATIS_SERVER=44667, STANDALONE=45879], networkLocation: /default-rack, certSerialId: null, persistedOpState: IN_SERVICE, persistedOpStateExpiryEpochSec: 0}, 961e98b4-0515-4e33-9a5e-b87989e0967c{ip: 10.1.0.56, host: fv-az180-400.aibneqh1mxpuhl3tnnuy2ifbce.bx.internal.cloudapp.net, ports: [REPLICATION=32803, RATIS=45547, RATIS_ADMIN=45547, RATIS_SERVER=45547, STANDALONE=33243], networkLocation: /default-rack, certSerialId: null, persistedOpState: IN_SERVICE, persistedOpStateExpiryEpochSec: 0}, a36f0c9e-34c7-41e1-90e2-5c691522fdfd{ip: 10.1.0.56, host: fv-az180-400.aibneqh1mxpuhl3tnnuy2ifbce.bx.internal.cloudapp.net, ports: [REPLICATION=43001, RATIS=35103, RATIS_ADMIN=35103, RATIS_SERVER=35103, STANDALONE=34509], networkLocation: /default-rack, certSerialId: null, persistedOpState: IN_SERVICE, persistedOpStateExpiryEpochSec: 0}, a49fbcfb-f7dc-4282-aec4-a4f9f3e2b5ab{ip: 10.1.0.56, host: fv-az180-400.aibneqh1mxpuhl3tnnuy2ifbce.bx.internal.cloudapp.net, ports: [REPLICATION=41799, RATIS=37955, RATIS_ADMIN=37955, RATIS_SERVER=37955, STANDALONE=46377], networkLocation: /default-rack, certSerialId: null, persistedOpState: null, persistedOpStateExpiryEpochSec: 0}]"  ancestorGen="0").
2022-11-18 13:06:08,535 [Under Replicated Processor] INFO  algorithms.SCMContainerPlacementRackScatter (SCMContainerPlacementRackScatter.java:chooseNode(379)) - No satisfied datanode to meet the constraints. Metadatadata size required: 0 Data size required: 5368709120, scope /default-rack, excluded nodes [8ad84362-fca3-4a94-b029-55aaea538166{ip: 10.1.0.56, host: fv-az180-400.aibneqh1mxpuhl3tnnuy2ifbce.bx.internal.cloudapp.net, ports: [REPLICATION=45785, RATIS=38939, RATIS_ADMIN=38939, RATIS_SERVER=38939, STANDALONE=38791], networkLocation: /default-rack, certSerialId: null, persistedOpState: IN_SERVICE, persistedOpStateExpiryEpochSec: 0}, 1bb9cbb4-eec0-4324-8de7-fca776b53f2b{ip: 10.1.0.56, host: fv-az180-400.aibneqh1mxpuhl3tnnuy2ifbce.bx.internal.cloudapp.net, ports: [REPLICATION=45141, RATIS=44667, RATIS_ADMIN=44667, RATIS_SERVER=44667, STANDALONE=45879], networkLocation: /default-rack, certSerialId: null, persistedOpState: IN_SERVICE, persistedOpStateExpiryEpochSec: 0}, 961e98b4-0515-4e33-9a5e-b87989e0967c{ip: 10.1.0.56, host: fv-az180-400.aibneqh1mxpuhl3tnnuy2ifbce.bx.internal.cloudapp.net, ports: [REPLICATION=32803, RATIS=45547, RATIS_ADMIN=45547, RATIS_SERVER=45547, STANDALONE=33243], networkLocation: /default-rack, certSerialId: null, persistedOpState: IN_SERVICE, persistedOpStateExpiryEpochSec: 0}, a36f0c9e-34c7-41e1-90e2-5c691522fdfd{ip: 10.1.0.56, host: fv-az180-400.aibneqh1mxpuhl3tnnuy2ifbce.bx.internal.cloudapp.net, ports: [REPLICATION=43001, RATIS=35103, RATIS_ADMIN=35103, RATIS_SERVER=35103, STANDALONE=34509], networkLocation: /default-rack, certSerialId: null, persistedOpState: IN_SERVICE, persistedOpStateExpiryEpochSec: 0}, a49fbcfb-f7dc-4282-aec4-a4f9f3e2b5ab{ip: 10.1.0.56, host: fv-az180-400.aibneqh1mxpuhl3tnnuy2ifbce.bx.internal.cloudapp.net, ports: [REPLICATION=41799, RATIS=37955, RATIS_ADMIN=37955, RATIS_SERVER=37955, STANDALONE=46377], networkLocation: /default-rack, certSerialId: null, persistedOpState: null, persistedOpStateExpiryEpochSec: 0}]
2022-11-18 13:06:08,535 [Under Replicated Processor] WARN  algorithms.SCMContainerPlacementRackScatter (SCMContainerPlacementRackScatter.java:chooseDatanodesInternal(281)) - Placement policy could not choose the enough nodes from available racks. Chosen nodes size from Unique Racks: 0, but required nodes to choose from Unique Racks: 1 do not match. Available racks count: 1, Excluded nodes count: 4
2022-11-18 13:06:08,535 [Under Replicated Processor] WARN  replication.ECUnderReplicationHandler (ECUnderReplicationHandler.java:processAndCreateCommands(252)) - Exception while processing for creating the EC reconstruction container commands for #8.
org.apache.hadoop.hdds.scm.exceptions.SCMException: Chosen nodes size from Unique Racks: 0, but required nodes to choose from Unique Racks: 1 do not match.
	at org.apache.hadoop.hdds.scm.container.placement.algorithms.SCMContainerPlacementRackScatter.chooseDatanodesInternal(SCMContainerPlacementRackScatter.java:286)
	at org.apache.hadoop.hdds.scm.SCMCommonPlacementPolicy.chooseDatanodes(SCMCommonPlacementPolicy.java:175)
	at org.apache.hadoop.hdds.scm.SCMCommonPlacementPolicy.chooseDatanodes(SCMCommonPlacementPolicy.java:117)
	at org.apache.hadoop.hdds.scm.container.replication.ECUnderReplicationHandler.getTargetDatanodes(ECUnderReplicationHandler.java:303)
	at org.apache.hadoop.hdds.scm.container.replication.ECUnderReplicationHandler.processAndCreateCommands(ECUnderReplicationHandler.java:186)
	at org.apache.hadoop.hdds.scm.container.replication.ReplicationManager.processUnderReplicatedContainer(ReplicationManager.java:483)
	at org.apache.hadoop.hdds.scm.container.replication.UnderReplicatedProcessor.processContainer(UnderReplicatedProcessor.java:99)
	at org.apache.hadoop.hdds.scm.container.replication.UnderReplicatedProcessor.processAll(UnderReplicatedProcessor.java:83)
	at org.apache.hadoop.hdds.scm.container.replication.UnderReplicatedProcessor.run(UnderReplicatedProcessor.java:144)
	at java.lang.Thread.run(Thread.java:750)
2022-11-18 13:06:08,535 [Under Replicated Processor] ERROR replication.UnderReplicatedProcessor (UnderReplicatedProcessor.java:processAll(86)) - Error processing under replicated container ContainerInfo{id=#8, state=CLOSED, pipelineID=PipelineID=67e84420-6fe2-43b6-bc4f-8bf4477b66f2, stateEnterTime=2022-11-18T13:05:28.764Z, owner=om1}
org.apache.hadoop.hdds.scm.exceptions.SCMException: Chosen nodes size from Unique Racks: 0, but required nodes to choose from Unique Racks: 1 do not match.
	at org.apache.hadoop.hdds.scm.container.placement.algorithms.SCMContainerPlacementRackScatter.chooseDatanodesInternal(SCMContainerPlacementRackScatter.java:286)
	at org.apache.hadoop.hdds.scm.SCMCommonPlacementPolicy.chooseDatanodes(SCMCommonPlacementPolicy.java:175)
	at org.apache.hadoop.hdds.scm.SCMCommonPlacementPolicy.chooseDatanodes(SCMCommonPlacementPolicy.java:117)
	at org.apache.hadoop.hdds.scm.container.replication.ECUnderReplicationHandler.getTargetDatanodes(ECUnderReplicationHandler.java:303)
	at org.apache.hadoop.hdds.scm.container.replication.ECUnderReplicationHandler.processAndCreateCommands(ECUnderReplicationHandler.java:186)
	at org.apache.hadoop.hdds.scm.container.replication.ReplicationManager.processUnderReplicatedContainer(ReplicationManager.java:483)
	at org.apache.hadoop.hdds.scm.container.replication.UnderReplicatedProcessor.processContainer(UnderReplicatedProcessor.java:99)
	at org.apache.hadoop.hdds.scm.container.replication.UnderReplicatedProcessor.processAll(UnderReplicatedProcessor.java:83)
	at org.apache.hadoop.hdds.scm.container.replication.UnderReplicatedProcessor.run(UnderReplicatedProcessor.java:144)
	at java.lang.Thread.run(Thread.java:750)
2022-11-18 13:06:08,536 [Under Replicated Processor] WARN  net.NetworkTopologyImpl (NetworkTopologyImpl.java:chooseNodeInternal(653)) - No available node in (scope="/default-rack" excludedScope="null" excludedNodes="[8ad84362-fca3-4a94-b029-55aaea538166{ip: 10.1.0.56, host: fv-az180-400.aibneqh1mxpuhl3tnnuy2ifbce.bx.internal.cloudapp.net, ports: [REPLICATION=45785, RATIS=38939, RATIS_ADMIN=38939, RATIS_SERVER=38939, STANDALONE=38791], networkLocation: /default-rack, certSerialId: null, persistedOpState: IN_SERVICE, persistedOpStateExpiryEpochSec: 0}, 1bb9cbb4-eec0-4324-8de7-fca776b53f2b{ip: 10.1.0.56, host: fv-az180-400.aibneqh1mxpuhl3tnnuy2ifbce.bx.internal.cloudapp.net, ports: [REPLICATION=45141, RATIS=44667, RATIS_ADMIN=44667, RATIS_SERVER=44667, STANDALONE=45879], networkLocation: /default-rack, certSerialId: null, persistedOpState: IN_SERVICE, persistedOpStateExpiryEpochSec: 0}, 961e98b4-0515-4e33-9a5e-b87989e0967c{ip: 10.1.0.56, host: fv-az180-400.aibneqh1mxpuhl3tnnuy2ifbce.bx.internal.cloudapp.net, ports: [REPLICATION=32803, RATIS=45547, RATIS_ADMIN=45547, RATIS_SERVER=45547, STANDALONE=33243], networkLocation: /default-rack, certSerialId: null, persistedOpState: IN_SERVICE, persistedOpStateExpiryEpochSec: 0}, a36f0c9e-34c7-41e1-90e2-5c691522fdfd{ip: 10.1.0.56, host: fv-az180-400.aibneqh1mxpuhl3tnnuy2ifbce.bx.internal.cloudapp.net, ports: [REPLICATION=43001, RATIS=35103, RATIS_ADMIN=35103, RATIS_SERVER=35103, STANDALONE=34509], networkLocation: /default-rack, certSerialId: null, persistedOpState: IN_SERVICE, persistedOpStateExpiryEpochSec: 0}, a49fbcfb-f7dc-4282-aec4-a4f9f3e2b5ab{ip: 10.1.0.56, host: fv-az180-400.aibneqh1mxpuhl3tnnuy2ifbce.bx.internal.cloudapp.net, ports: [REPLICATION=41799, RATIS=37955, RATIS_ADMIN=37955, RATIS_SERVER=37955, STANDALONE=46377], networkLocation: /default-rack, certSerialId: null, persistedOpState: null, persistedOpStateExpiryEpochSec: 0}]"  ancestorGen="0").
2022-11-18 13:06:08,536 [Under Replicated Processor] WARN  net.NetworkTopologyImpl (NetworkTopologyImpl.java:chooseNodeInternal(653)) - No available node in (scope="/default-rack" excludedScope="null" excludedNodes="[8ad84362-fca3-4a94-b029-55aaea538166{ip: 10.1.0.56, host: fv-az180-400.aibneqh1mxpuhl3tnnuy2ifbce.bx.internal.cloudapp.net, ports: [REPLICATION=45785, RATIS=38939, RATIS_ADMIN=38939, RATIS_SERVER=38939, STANDALONE=38791], networkLocation: /default-rack, certSerialId: null, persistedOpState: IN_SERVICE, persistedOpStateExpiryEpochSec: 0}, 1bb9cbb4-eec0-4324-8de7-fca776b53f2b{ip: 10.1.0.56, host: fv-az180-400.aibneqh1mxpuhl3tnnuy2ifbce.bx.internal.cloudapp.net, ports: [REPLICATION=45141, RATIS=44667, RATIS_ADMIN=44667, RATIS_SERVER=44667, STANDALONE=45879], networkLocation: /default-rack, certSerialId: null, persistedOpState: IN_SERVICE, persistedOpStateExpiryEpochSec: 0}, 961e98b4-0515-4e33-9a5e-b87989e0967c{ip: 10.1.0.56, host: fv-az180-400.aibneqh1mxpuhl3tnnuy2ifbce.bx.internal.cloudapp.net, ports: [REPLICATION=32803, RATIS=45547, RATIS_ADMIN=45547, RATIS_SERVER=45547, STANDALONE=33243], networkLocation: /default-rack, certSerialId: null, persistedOpState: IN_SERVICE, persistedOpStateExpiryEpochSec: 0}, a36f0c9e-34c7-41e1-90e2-5c691522fdfd{ip: 10.1.0.56, host: fv-az180-400.aibneqh1mxpuhl3tnnuy2ifbce.bx.internal.cloudapp.net, ports: [REPLICATION=43001, RATIS=35103, RATIS_ADMIN=35103, RATIS_SERVER=35103, STANDALONE=34509], networkLocation: /default-rack, certSerialId: null, persistedOpState: IN_SERVICE, persistedOpStateExpiryEpochSec: 0}, a49fbcfb-f7dc-4282-aec4-a4f9f3e2b5ab{ip: 10.1.0.56, host: fv-az180-400.aibneqh1mxpuhl3tnnuy2ifbce.bx.internal.cloudapp.net, ports: [REPLICATION=41799, RATIS=37955, RATIS_ADMIN=37955, RATIS_SERVER=37955, STANDALONE=46377], networkLocation: /default-rack, certSerialId: null, persistedOpState: null, persistedOpStateExpiryEpochSec: 0}]"  ancestorGen="0").
2022-11-18 13:06:08,536 [Under Replicated Processor] WARN  net.NetworkTopologyImpl (NetworkTopologyImpl.java:chooseNodeInternal(653)) - No available node in (scope="/default-rack" excludedScope="null" excludedNodes="[8ad84362-fca3-4a94-b029-55aaea538166{ip: 10.1.0.56, host: fv-az180-400.aibneqh1mxpuhl3tnnuy2ifbce.bx.internal.cloudapp.net, ports: [REPLICATION=45785, RATIS=38939, RATIS_ADMIN=38939, RATIS_SERVER=38939, STANDALONE=38791], networkLocation: /default-rack, certSerialId: null, persistedOpState: IN_SERVICE, persistedOpStateExpiryEpochSec: 0}, 1bb9cbb4-eec0-4324-8de7-fca776b53f2b{ip: 10.1.0.56, host: fv-az180-400.aibneqh1mxpuhl3tnnuy2ifbce.bx.internal.cloudapp.net, ports: [REPLICATION=45141, RATIS=44667, RATIS_ADMIN=44667, RATIS_SERVER=44667, STANDALONE=45879], networkLocation: /default-rack, certSerialId: null, persistedOpState: IN_SERVICE, persistedOpStateExpiryEpochSec: 0}, 961e98b4-0515-4e33-9a5e-b87989e0967c{ip: 10.1.0.56, host: fv-az180-400.aibneqh1mxpuhl3tnnuy2ifbce.bx.internal.cloudapp.net, ports: [REPLICATION=32803, RATIS=45547, RATIS_ADMIN=45547, RATIS_SERVER=45547, STANDALONE=33243], networkLocation: /default-rack, certSerialId: null, persistedOpState: IN_SERVICE, persistedOpStateExpiryEpochSec: 0}, a36f0c9e-34c7-41e1-90e2-5c691522fdfd{ip: 10.1.0.56, host: fv-az180-400.aibneqh1mxpuhl3tnnuy2ifbce.bx.internal.cloudapp.net, ports: [REPLICATION=43001, RATIS=35103, RATIS_ADMIN=35103, RATIS_SERVER=35103, STANDALONE=34509], networkLocation: /default-rack, certSerialId: null, persistedOpState: IN_SERVICE, persistedOpStateExpiryEpochSec: 0}, a49fbcfb-f7dc-4282-aec4-a4f9f3e2b5ab{ip: 10.1.0.56, host: fv-az180-400.aibneqh1mxpuhl3tnnuy2ifbce.bx.internal.cloudapp.net, ports: [REPLICATION=41799, RATIS=37955, RATIS_ADMIN=37955, RATIS_SERVER=37955, STANDALONE=46377], networkLocation: /default-rack, certSerialId: null, persistedOpState: null, persistedOpStateExpiryEpochSec: 0}]"  ancestorGen="0").
2022-11-18 13:06:08,536 [Under Replicated Processor] WARN  net.NetworkTopologyImpl (NetworkTopologyImpl.java:chooseNodeInternal(653)) - No available node in (scope="/default-rack" excludedScope="null" excludedNodes="[8ad84362-fca3-4a94-b029-55aaea538166{ip: 10.1.0.56, host: fv-az180-400.aibneqh1mxpuhl3tnnuy2ifbce.bx.internal.cloudapp.net, ports: [REPLICATION=45785, RATIS=38939, RATIS_ADMIN=38939, RATIS_SERVER=38939, STANDALONE=38791], networkLocation: /default-rack, certSerialId: null, persistedOpState: IN_SERVICE, persistedOpStateExpiryEpochSec: 0}, 1bb9cbb4-eec0-4324-8de7-fca776b53f2b{ip: 10.1.0.56, host: fv-az180-400.aibneqh1mxpuhl3tnnuy2ifbce.bx.internal.cloudapp.net, ports: [REPLICATION=45141, RATIS=44667, RATIS_ADMIN=44667, RATIS_SERVER=44667, STANDALONE=45879], networkLocation: /default-rack, certSerialId: null, persistedOpState: IN_SERVICE, persistedOpStateExpiryEpochSec: 0}, 961e98b4-0515-4e33-9a5e-b87989e0967c{ip: 10.1.0.56, host: fv-az180-400.aibneqh1mxpuhl3tnnuy2ifbce.bx.internal.cloudapp.net, ports: [REPLICATION=32803, RATIS=45547, RATIS_ADMIN=45547, RATIS_SERVER=45547, STANDALONE=33243], networkLocation: /default-rack, certSerialId: null, persistedOpState: IN_SERVICE, persistedOpStateExpiryEpochSec: 0}, a36f0c9e-34c7-41e1-90e2-5c691522fdfd{ip: 10.1.0.56, host: fv-az180-400.aibneqh1mxpuhl3tnnuy2ifbce.bx.internal.cloudapp.net, ports: [REPLICATION=43001, RATIS=35103, RATIS_ADMIN=35103, RATIS_SERVER=35103, STANDALONE=34509], networkLocation: /default-rack, certSerialId: null, persistedOpState: IN_SERVICE, persistedOpStateExpiryEpochSec: 0}, a49fbcfb-f7dc-4282-aec4-a4f9f3e2b5ab{ip: 10.1.0.56, host: fv-az180-400.aibneqh1mxpuhl3tnnuy2ifbce.bx.internal.cloudapp.net, ports: [REPLICATION=41799, RATIS=37955, RATIS_ADMIN=37955, RATIS_SERVER=37955, STANDALONE=46377], networkLocation: /default-rack, certSerialId: null, persistedOpState: null, persistedOpStateExpiryEpochSec: 0}]"  ancestorGen="0").
2022-11-18 13:06:08,537 [Under Replicated Processor] INFO  algorithms.SCMContainerPlacementRackScatter (SCMContainerPlacementRackScatter.java:chooseNode(379)) - No satisfied datanode to meet the constraints. Metadatadata size required: 0 Data size required: 5368709120, scope /default-rack, excluded nodes [8ad84362-fca3-4a94-b029-55aaea538166{ip: 10.1.0.56, host: fv-az180-400.aibneqh1mxpuhl3tnnuy2ifbce.bx.internal.cloudapp.net, ports: [REPLICATION=45785, RATIS=38939, RATIS_ADMIN=38939, RATIS_SERVER=38939, STANDALONE=38791], networkLocation: /default-rack, certSerialId: null, persistedOpState: IN_SERVICE, persistedOpStateExpiryEpochSec: 0}, 1bb9cbb4-eec0-4324-8de7-fca776b53f2b{ip: 10.1.0.56, host: fv-az180-400.aibneqh1mxpuhl3tnnuy2ifbce.bx.internal.cloudapp.net, ports: [REPLICATION=45141, RATIS=44667, RATIS_ADMIN=44667, RATIS_SERVER=44667, STANDALONE=45879], networkLocation: /default-rack, certSerialId: null, persistedOpState: IN_SERVICE, persistedOpStateExpiryEpochSec: 0}, 961e98b4-0515-4e33-9a5e-b87989e0967c{ip: 10.1.0.56, host: fv-az180-400.aibneqh1mxpuhl3tnnuy2ifbce.bx.internal.cloudapp.net, ports: [REPLICATION=32803, RATIS=45547, RATIS_ADMIN=45547, RATIS_SERVER=45547, STANDALONE=33243], networkLocation: /default-rack, certSerialId: null, persistedOpState: IN_SERVICE, persistedOpStateExpiryEpochSec: 0}, a36f0c9e-34c7-41e1-90e2-5c691522fdfd{ip: 10.1.0.56, host: fv-az180-400.aibneqh1mxpuhl3tnnuy2ifbce.bx.internal.cloudapp.net, ports: [REPLICATION=43001, RATIS=35103, RATIS_ADMIN=35103, RATIS_SERVER=35103, STANDALONE=34509], networkLocation: /default-rack, certSerialId: null, persistedOpState: IN_SERVICE, persistedOpStateExpiryEpochSec: 0}, a49fbcfb-f7dc-4282-aec4-a4f9f3e2b5ab{ip: 10.1.0.56, host: fv-az180-400.aibneqh1mxpuhl3tnnuy2ifbce.bx.internal.cloudapp.net, ports: [REPLICATION=41799, RATIS=37955, RATIS_ADMIN=37955, RATIS_SERVER=37955, STANDALONE=46377], networkLocation: /default-rack, certSerialId: null, persistedOpState: null, persistedOpStateExpiryEpochSec: 0}]
2022-11-18 13:06:08,537 [Under Replicated Processor] WARN  algorithms.SCMContainerPlacementRackScatter (SCMContainerPlacementRackScatter.java:chooseDatanodesInternal(281)) - Placement policy could not choose the enough nodes from available racks. Chosen nodes size from Unique Racks: 0, but required nodes to choose from Unique Racks: 1 do not match. Available racks count: 1, Excluded nodes count: 4
2022-11-18 13:06:08,537 [Under Replicated Processor] WARN  replication.ECUnderReplicationHandler (ECUnderReplicationHandler.java:processAndCreateCommands(252)) - Exception while processing for creating the EC reconstruction container commands for #8.
org.apache.hadoop.hdds.scm.exceptions.SCMException: Chosen nodes size from Unique Racks: 0, but required nodes to choose from Unique Racks: 1 do not match.
	at org.apache.hadoop.hdds.scm.container.placement.algorithms.SCMContainerPlacementRackScatter.chooseDatanodesInternal(SCMContainerPlacementRackScatter.java:286)
	at org.apache.hadoop.hdds.scm.SCMCommonPlacementPolicy.chooseDatanodes(SCMCommonPlacementPolicy.java:175)
	at org.apache.hadoop.hdds.scm.SCMCommonPlacementPolicy.chooseDatanodes(SCMCommonPlacementPolicy.java:117)
	at org.apache.hadoop.hdds.scm.container.replication.ECUnderReplicationHandler.getTargetDatanodes(ECUnderReplicationHandler.java:303)
	at org.apache.hadoop.hdds.scm.container.replication.ECUnderReplicationHandler.processAndCreateCommands(ECUnderReplicationHandler.java:186)
	at org.apache.hadoop.hdds.scm.container.replication.ReplicationManager.processUnderReplicatedContainer(ReplicationManager.java:483)
	at org.apache.hadoop.hdds.scm.container.replication.UnderReplicatedProcessor.processContainer(UnderReplicatedProcessor.java:99)
	at org.apache.hadoop.hdds.scm.container.replication.UnderReplicatedProcessor.processAll(UnderReplicatedProcessor.java:83)
	at org.apache.hadoop.hdds.scm.container.replication.UnderReplicatedProcessor.run(UnderReplicatedProcessor.java:144)
	at java.lang.Thread.run(Thread.java:750)
2022-11-18 13:06:08,538 [Under Replicated Processor] ERROR replication.UnderReplicatedProcessor (UnderReplicatedProcessor.java:processAll(86)) - Error processing under replicated container ContainerInfo{id=#8, state=CLOSED, pipelineID=PipelineID=67e84420-6fe2-43b6-bc4f-8bf4477b66f2, stateEnterTime=2022-11-18T13:05:28.764Z, owner=om1}
org.apache.hadoop.hdds.scm.exceptions.SCMException: Chosen nodes size from Unique Racks: 0, but required nodes to choose from Unique Racks: 1 do not match.
	at org.apache.hadoop.hdds.scm.container.placement.algorithms.SCMContainerPlacementRackScatter.chooseDatanodesInternal(SCMContainerPlacementRackScatter.java:286)
	at org.apache.hadoop.hdds.scm.SCMCommonPlacementPolicy.chooseDatanodes(SCMCommonPlacementPolicy.java:175)
	at org.apache.hadoop.hdds.scm.SCMCommonPlacementPolicy.chooseDatanodes(SCMCommonPlacementPolicy.java:117)
	at org.apache.hadoop.hdds.scm.container.replication.ECUnderReplicationHandler.getTargetDatanodes(ECUnderReplicationHandler.java:303)
	at org.apache.hadoop.hdds.scm.container.replication.ECUnderReplicationHandler.processAndCreateCommands(ECUnderReplicationHandler.java:186)
	at org.apache.hadoop.hdds.scm.container.replication.ReplicationManager.processUnderReplicatedContainer(ReplicationManager.java:483)
	at org.apache.hadoop.hdds.scm.container.replication.UnderReplicatedProcessor.processContainer(UnderReplicatedProcessor.java:99)
	at org.apache.hadoop.hdds.scm.container.replication.UnderReplicatedProcessor.processAll(UnderReplicatedProcessor.java:83)
	at org.apache.hadoop.hdds.scm.container.replication.UnderReplicatedProcessor.run(UnderReplicatedProcessor.java:144)
	at java.lang.Thread.run(Thread.java:750)
2022-11-18 13:06:08,538 [Under Replicated Processor] WARN  net.NetworkTopologyImpl (NetworkTopologyImpl.java:chooseNodeInternal(653)) - No available node in (scope="/default-rack" excludedScope="null" excludedNodes="[8ad84362-fca3-4a94-b029-55aaea538166{ip: 10.1.0.56, host: fv-az180-400.aibneqh1mxpuhl3tnnuy2ifbce.bx.internal.cloudapp.net, ports: [REPLICATION=45785, RATIS=38939, RATIS_ADMIN=38939, RATIS_SERVER=38939, STANDALONE=38791], networkLocation: /default-rack, certSerialId: null, persistedOpState: IN_SERVICE, persistedOpStateExpiryEpochSec: 0}, 1bb9cbb4-eec0-4324-8de7-fca776b53f2b{ip: 10.1.0.56, host: fv-az180-400.aibneqh1mxpuhl3tnnuy2ifbce.bx.internal.cloudapp.net, ports: [REPLICATION=45141, RATIS=44667, RATIS_ADMIN=44667, RATIS_SERVER=44667, STANDALONE=45879], networkLocation: /default-rack, certSerialId: null, persistedOpState: IN_SERVICE, persistedOpStateExpiryEpochSec: 0}, 961e98b4-0515-4e33-9a5e-b87989e0967c{ip: 10.1.0.56, host: fv-az180-400.aibneqh1mxpuhl3tnnuy2ifbce.bx.internal.cloudapp.net, ports: [REPLICATION=32803, RATIS=45547, RATIS_ADMIN=45547, RATIS_SERVER=45547, STANDALONE=33243], networkLocation: /default-rack, certSerialId: null, persistedOpState: IN_SERVICE, persistedOpStateExpiryEpochSec: 0}, a36f0c9e-34c7-41e1-90e2-5c691522fdfd{ip: 10.1.0.56, host: fv-az180-400.aibneqh1mxpuhl3tnnuy2ifbce.bx.internal.cloudapp.net, ports: [REPLICATION=43001, RATIS=35103, RATIS_ADMIN=35103, RATIS_SERVER=35103, STANDALONE=34509], networkLocation: /default-rack, certSerialId: null, persistedOpState: IN_SERVICE, persistedOpStateExpiryEpochSec: 0}, a49fbcfb-f7dc-4282-aec4-a4f9f3e2b5ab{ip: 10.1.0.56, host: fv-az180-400.aibneqh1mxpuhl3tnnuy2ifbce.bx.internal.cloudapp.net, ports: [REPLICATION=41799, RATIS=37955, RATIS_ADMIN=37955, RATIS_SERVER=37955, STANDALONE=46377], networkLocation: /default-rack, certSerialId: null, persistedOpState: null, persistedOpStateExpiryEpochSec: 0}]"  ancestorGen="0").
2022-11-18 13:06:08,539 [Under Replicated Processor] WARN  net.NetworkTopologyImpl (NetworkTopologyImpl.java:chooseNodeInternal(653)) - No available node in (scope="/default-rack" excludedScope="null" excludedNodes="[8ad84362-fca3-4a94-b029-55aaea538166{ip: 10.1.0.56, host: fv-az180-400.aibneqh1mxpuhl3tnnuy2ifbce.bx.internal.cloudapp.net, ports: [REPLICATION=45785, RATIS=38939, RATIS_ADMIN=38939, RATIS_SERVER=38939, STANDALONE=38791], networkLocation: /default-rack, certSerialId: null, persistedOpState: IN_SERVICE, persistedOpStateExpiryEpochSec: 0}, 1bb9cbb4-eec0-4324-8de7-fca776b53f2b{ip: 10.1.0.56, host: fv-az180-400.aibneqh1mxpuhl3tnnuy2ifbce.bx.internal.cloudapp.net, ports: [REPLICATION=45141, RATIS=44667, RATIS_ADMIN=44667, RATIS_SERVER=44667, STANDALONE=45879], networkLocation: /default-rack, certSerialId: null, persistedOpState: IN_SERVICE, persistedOpStateExpiryEpochSec: 0}, 961e98b4-0515-4e33-9a5e-b87989e0967c{ip: 10.1.0.56, host: fv-az180-400.aibneqh1mxpuhl3tnnuy2ifbce.bx.internal.cloudapp.net, ports: [REPLICATION=32803, RATIS=45547, RATIS_ADMIN=45547, RATIS_SERVER=45547, STANDALONE=33243], networkLocation: /default-rack, certSerialId: null, persistedOpState: IN_SERVICE, persistedOpStateExpiryEpochSec: 0}, a36f0c9e-34c7-41e1-90e2-5c691522fdfd{ip: 10.1.0.56, host: fv-az180-400.aibneqh1mxpuhl3tnnuy2ifbce.bx.internal.cloudapp.net, ports: [REPLICATION=43001, RATIS=35103, RATIS_ADMIN=35103, RATIS_SERVER=35103, STANDALONE=34509], networkLocation: /default-rack, certSerialId: null, persistedOpState: IN_SERVICE, persistedOpStateExpiryEpochSec: 0}, a49fbcfb-f7dc-4282-aec4-a4f9f3e2b5ab{ip: 10.1.0.56, host: fv-az180-400.aibneqh1mxpuhl3tnnuy2ifbce.bx.internal.cloudapp.net, ports: [REPLICATION=41799, RATIS=37955, RATIS_ADMIN=37955, RATIS_SERVER=37955, STANDALONE=46377], networkLocation: /default-rack, certSerialId: null, persistedOpState: null, persistedOpStateExpiryEpochSec: 0}]"  ancestorGen="0").
2022-11-18 13:06:08,539 [Under Replicated Processor] WARN  net.NetworkTopologyImpl (NetworkTopologyImpl.java:chooseNodeInternal(653)) - No available node in (scope="/default-rack" excludedScope="null" excludedNodes="[8ad84362-fca3-4a94-b029-55aaea538166{ip: 10.1.0.56, host: fv-az180-400.aibneqh1mxpuhl3tnnuy2ifbce.bx.internal.cloudapp.net, ports: [REPLICATION=45785, RATIS=38939, RATIS_ADMIN=38939, RATIS_SERVER=38939, STANDALONE=38791], networkLocation: /default-rack, certSerialId: null, persistedOpState: IN_SERVICE, persistedOpStateExpiryEpochSec: 0}, 1bb9cbb4-eec0-4324-8de7-fca776b53f2b{ip: 10.1.0.56, host: fv-az180-400.aibneqh1mxpuhl3tnnuy2ifbce.bx.internal.cloudapp.net, ports: [REPLICATION=45141, RATIS=44667, RATIS_ADMIN=44667, RATIS_SERVER=44667, STANDALONE=45879], networkLocation: /default-rack, certSerialId: null, persistedOpState: IN_SERVICE, persistedOpStateExpiryEpochSec: 0}, 961e98b4-0515-4e33-9a5e-b87989e0967c{ip: 10.1.0.56, host: fv-az180-400.aibneqh1mxpuhl3tnnuy2ifbce.bx.internal.cloudapp.net, ports: [REPLICATION=32803, RATIS=45547, RATIS_ADMIN=45547, RATIS_SERVER=45547, STANDALONE=33243], networkLocation: /default-rack, certSerialId: null, persistedOpState: IN_SERVICE, persistedOpStateExpiryEpochSec: 0}, a36f0c9e-34c7-41e1-90e2-5c691522fdfd{ip: 10.1.0.56, host: fv-az180-400.aibneqh1mxpuhl3tnnuy2ifbce.bx.internal.cloudapp.net, ports: [REPLICATION=43001, RATIS=35103, RATIS_ADMIN=35103, RATIS_SERVER=35103, STANDALONE=34509], networkLocation: /default-rack, certSerialId: null, persistedOpState: IN_SERVICE, persistedOpStateExpiryEpochSec: 0}, a49fbcfb-f7dc-4282-aec4-a4f9f3e2b5ab{ip: 10.1.0.56, host: fv-az180-400.aibneqh1mxpuhl3tnnuy2ifbce.bx.internal.cloudapp.net, ports: [REPLICATION=41799, RATIS=37955, RATIS_ADMIN=37955, RATIS_SERVER=37955, STANDALONE=46377], networkLocation: /default-rack, certSerialId: null, persistedOpState: null, persistedOpStateExpiryEpochSec: 0}]"  ancestorGen="0").
2022-11-18 13:06:08,539 [Under Replicated Processor] WARN  net.NetworkTopologyImpl (NetworkTopologyImpl.java:chooseNodeInternal(653)) - No available node in (scope="/default-rack" excludedScope="null" excludedNodes="[8ad84362-fca3-4a94-b029-55aaea538166{ip: 10.1.0.56, host: fv-az180-400.aibneqh1mxpuhl3tnnuy2ifbce.bx.internal.cloudapp.net, ports: [REPLICATION=45785, RATIS=38939, RATIS_ADMIN=38939, RATIS_SERVER=38939, STANDALONE=38791], networkLocation: /default-rack, certSerialId: null, persistedOpState: IN_SERVICE, persistedOpStateExpiryEpochSec: 0}, 1bb9cbb4-eec0-4324-8de7-fca776b53f2b{ip: 10.1.0.56, host: fv-az180-400.aibneqh1mxpuhl3tnnuy2ifbce.bx.internal.cloudapp.net, ports: [REPLICATION=45141, RATIS=44667, RATIS_ADMIN=44667, RATIS_SERVER=44667, STANDALONE=45879], networkLocation: /default-rack, certSerialId: null, persistedOpState: IN_SERVICE, persistedOpStateExpiryEpochSec: 0}, 961e98b4-0515-4e33-9a5e-b87989e0967c{ip: 10.1.0.56, host: fv-az180-400.aibneqh1mxpuhl3tnnuy2ifbce.bx.internal.cloudapp.net, ports: [REPLICATION=32803, RATIS=45547, RATIS_ADMIN=45547, RATIS_SERVER=45547, STANDALONE=33243], networkLocation: /default-rack, certSerialId: null, persistedOpState: IN_SERVICE, persistedOpStateExpiryEpochSec: 0}, a36f0c9e-34c7-41e1-90e2-5c691522fdfd{ip: 10.1.0.56, host: fv-az180-400.aibneqh1mxpuhl3tnnuy2ifbce.bx.internal.cloudapp.net, ports: [REPLICATION=43001, RATIS=35103, RATIS_ADMIN=35103, RATIS_SERVER=35103, STANDALONE=34509], networkLocation: /default-rack, certSerialId: null, persistedOpState: IN_SERVICE, persistedOpStateExpiryEpochSec: 0}, a49fbcfb-f7dc-4282-aec4-a4f9f3e2b5ab{ip: 10.1.0.56, host: fv-az180-400.aibneqh1mxpuhl3tnnuy2ifbce.bx.internal.cloudapp.net, ports: [REPLICATION=41799, RATIS=37955, RATIS_ADMIN=37955, RATIS_SERVER=37955, STANDALONE=46377], networkLocation: /default-rack, certSerialId: null, persistedOpState: null, persistedOpStateExpiryEpochSec: 0}]"  ancestorGen="0").
2022-11-18 13:06:08,539 [Under Replicated Processor] INFO  algorithms.SCMContainerPlacementRackScatter (SCMContainerPlacementRackScatter.java:chooseNode(379)) - No satisfied datanode to meet the constraints. Metadatadata size required: 0 Data size required: 5368709120, scope /default-rack, excluded nodes [8ad84362-fca3-4a94-b029-55aaea538166{ip: 10.1.0.56, host: fv-az180-400.aibneqh1mxpuhl3tnnuy2ifbce.bx.internal.cloudapp.net, ports: [REPLICATION=45785, RATIS=38939, RATIS_ADMIN=38939, RATIS_SERVER=38939, STANDALONE=38791], networkLocation: /default-rack, certSerialId: null, persistedOpState: IN_SERVICE, persistedOpStateExpiryEpochSec: 0}, 1bb9cbb4-eec0-4324-8de7-fca776b53f2b{ip: 10.1.0.56, host: fv-az180-400.aibneqh1mxpuhl3tnnuy2ifbce.bx.internal.cloudapp.net, ports: [REPLICATION=45141, RATIS=44667, RATIS_ADMIN=44667, RATIS_SERVER=44667, STANDALONE=45879], networkLocation: /default-rack, certSerialId: null, persistedOpState: IN_SERVICE, persistedOpStateExpiryEpochSec: 0}, 961e98b4-0515-4e33-9a5e-b87989e0967c{ip: 10.1.0.56, host: fv-az180-400.aibneqh1mxpuhl3tnnuy2ifbce.bx.internal.cloudapp.net, ports: [REPLICATION=32803, RATIS=45547, RATIS_ADMIN=45547, RATIS_SERVER=45547, STANDALONE=33243], networkLocation: /default-rack, certSerialId: null, persistedOpState: IN_SERVICE, persistedOpStateExpiryEpochSec: 0}, a36f0c9e-34c7-41e1-90e2-5c691522fdfd{ip: 10.1.0.56, host: fv-az180-400.aibneqh1mxpuhl3tnnuy2ifbce.bx.internal.cloudapp.net, ports: [REPLICATION=43001, RATIS=35103, RATIS_ADMIN=35103, RATIS_SERVER=35103, STANDALONE=34509], networkLocation: /default-rack, certSerialId: null, persistedOpState: IN_SERVICE, persistedOpStateExpiryEpochSec: 0}, a49fbcfb-f7dc-4282-aec4-a4f9f3e2b5ab{ip: 10.1.0.56, host: fv-az180-400.aibneqh1mxpuhl3tnnuy2ifbce.bx.internal.cloudapp.net, ports: [REPLICATION=41799, RATIS=37955, RATIS_ADMIN=37955, RATIS_SERVER=37955, STANDALONE=46377], networkLocation: /default-rack, certSerialId: null, persistedOpState: null, persistedOpStateExpiryEpochSec: 0}]
2022-11-18 13:06:08,539 [Under Replicated Processor] WARN  algorithms.SCMContainerPlacementRackScatter (SCMContainerPlacementRackScatter.java:chooseDatanodesInternal(281)) - Placement policy could not choose the enough nodes from available racks. Chosen nodes size from Unique Racks: 0, but required nodes to choose from Unique Racks: 1 do not match. Available racks count: 1, Excluded nodes count: 4
2022-11-18 13:06:08,539 [Under Replicated Processor] WARN  replication.ECUnderReplicationHandler (ECUnderReplicationHandler.java:processAndCreateCommands(252)) - Exception while processing for creating the EC reconstruction container commands for #8.
org.apache.hadoop.hdds.scm.exceptions.SCMException: Chosen nodes size from Unique Racks: 0, but required nodes to choose from Unique Racks: 1 do not match.
	at org.apache.hadoop.hdds.scm.container.placement.algorithms.SCMContainerPlacementRackScatter.chooseDatanodesInternal(SCMContainerPlacementRackScatter.java:286)
	at org.apache.hadoop.hdds.scm.SCMCommonPlacementPolicy.chooseDatanodes(SCMCommonPlacementPolicy.java:175)
	at org.apache.hadoop.hdds.scm.SCMCommonPlacementPolicy.chooseDatanodes(SCMCommonPlacementPolicy.java:117)
	at org.apache.hadoop.hdds.scm.container.replication.ECUnderReplicationHandler.getTargetDatanodes(ECUnderReplicationHandler.java:303)
	at org.apache.hadoop.hdds.scm.container.replication.ECUnderReplicationHandler.processAndCreateCommands(ECUnderReplicationHandler.java:186)
	at org.apache.hadoop.hdds.scm.container.replication.ReplicationManager.processUnderReplicatedContainer(ReplicationManager.java:483)
	at org.apache.hadoop.hdds.scm.container.replication.UnderReplicatedProcessor.processContainer(UnderReplicatedProcessor.java:99)
	at org.apache.hadoop.hdds.scm.container.replication.UnderReplicatedProcessor.processAll(UnderReplicatedProcessor.java:83)
	at org.apache.hadoop.hdds.scm.container.replication.UnderReplicatedProcessor.run(UnderReplicatedProcessor.java:144)
	at java.lang.Thread.run(Thread.java:750)
2022-11-18 13:06:08,539 [Under Replicated Processor] ERROR replication.UnderReplicatedProcessor (UnderReplicatedProcessor.java:processAll(86)) - Error processing under replicated container ContainerInfo{id=#8, state=CLOSED, pipelineID=PipelineID=67e84420-6fe2-43b6-bc4f-8bf4477b66f2, stateEnterTime=2022-11-18T13:05:28.764Z, owner=om1}
org.apache.hadoop.hdds.scm.exceptions.SCMException: Chosen nodes size from Unique Racks: 0, but required nodes to choose from Unique Racks: 1 do not match.
	at org.apache.hadoop.hdds.scm.container.placement.algorithms.SCMContainerPlacementRackScatter.chooseDatanodesInternal(SCMContainerPlacementRackScatter.java:286)
	at org.apache.hadoop.hdds.scm.SCMCommonPlacementPolicy.chooseDatanodes(SCMCommonPlacementPolicy.java:175)
	at org.apache.hadoop.hdds.scm.SCMCommonPlacementPolicy.chooseDatanodes(SCMCommonPlacementPolicy.java:117)
	at org.apache.hadoop.hdds.scm.container.replication.ECUnderReplicationHandler.getTargetDatanodes(ECUnderReplicationHandler.java:303)
	at org.apache.hadoop.hdds.scm.container.replication.ECUnderReplicationHandler.processAndCreateCommands(ECUnderReplicationHandler.java:186)
	at org.apache.hadoop.hdds.scm.container.replication.ReplicationManager.processUnderReplicatedContainer(ReplicationManager.java:483)
	at org.apache.hadoop.hdds.scm.container.replication.UnderReplicatedProcessor.processContainer(UnderReplicatedProcessor.java:99)
	at org.apache.hadoop.hdds.scm.container.replication.UnderReplicatedProcessor.processAll(UnderReplicatedProcessor.java:83)
	at org.apache.hadoop.hdds.scm.container.replication.UnderReplicatedProcessor.run(UnderReplicatedProcessor.java:144)
	at java.lang.Thread.run(Thread.java:750)
2022-11-18 13:06:08,540 [Under Replicated Processor] WARN  net.NetworkTopologyImpl (NetworkTopologyImpl.java:chooseNodeInternal(653)) - No available node in (scope="/default-rack" excludedScope="null" excludedNodes="[8ad84362-fca3-4a94-b029-55aaea538166{ip: 10.1.0.56, host: fv-az180-400.aibneqh1mxpuhl3tnnuy2ifbce.bx.internal.cloudapp.net, ports: [REPLICATION=45785, RATIS=38939, RATIS_ADMIN=38939, RATIS_SERVER=38939, STANDALONE=38791], networkLocation: /default-rack, certSerialId: null, persistedOpState: IN_SERVICE, persistedOpStateExpiryEpochSec: 0}, 1bb9cbb4-eec0-4324-8de7-fca776b53f2b{ip: 10.1.0.56, host: fv-az180-400.aibneqh1mxpuhl3tnnuy2ifbce.bx.internal.cloudapp.net, ports: [REPLICATION=45141, RATIS=44667, RATIS_ADMIN=44667, RATIS_SERVER=44667, STANDALONE=45879], networkLocation: /default-rack, certSerialId: null, persistedOpState: IN_SERVICE, persistedOpStateExpiryEpochSec: 0}, 961e98b4-0515-4e33-9a5e-b87989e0967c{ip: 10.1.0.56, host: fv-az180-400.aibneqh1mxpuhl3tnnuy2ifbce.bx.internal.cloudapp.net, ports: [REPLICATION=32803, RATIS=45547, RATIS_ADMIN=45547, RATIS_SERVER=45547, STANDALONE=33243], networkLocation: /default-rack, certSerialId: null, persistedOpState: IN_SERVICE, persistedOpStateExpiryEpochSec: 0}, a36f0c9e-34c7-41e1-90e2-5c691522fdfd{ip: 10.1.0.56, host: fv-az180-400.aibneqh1mxpuhl3tnnuy2ifbce.bx.internal.cloudapp.net, ports: [REPLICATION=43001, RATIS=35103, RATIS_ADMIN=35103, RATIS_SERVER=35103, STANDALONE=34509], networkLocation: /default-rack, certSerialId: null, persistedOpState: IN_SERVICE, persistedOpStateExpiryEpochSec: 0}, a49fbcfb-f7dc-4282-aec4-a4f9f3e2b5ab{ip: 10.1.0.56, host: fv-az180-400.aibneqh1mxpuhl3tnnuy2ifbce.bx.internal.cloudapp.net, ports: [REPLICATION=41799, RATIS=37955, RATIS_ADMIN=37955, RATIS_SERVER=37955, STANDALONE=46377], networkLocation: /default-rack, certSerialId: null, persistedOpState: null, persistedOpStateExpiryEpochSec: 0}]"  ancestorGen="0").
2022-11-18 13:06:08,540 [Under Replicated Processor] WARN  net.NetworkTopologyImpl (NetworkTopologyImpl.java:chooseNodeInternal(653)) - No available node in (scope="/default-rack" excludedScope="null" excludedNodes="[8ad84362-fca3-4a94-b029-55aaea538166{ip: 10.1.0.56, host: fv-az180-400.aibneqh1mxpuhl3tnnuy2ifbce.bx.internal.cloudapp.net, ports: [REPLICATION=45785, RATIS=38939, RATIS_ADMIN=38939, RATIS_SERVER=38939, STANDALONE=38791], networkLocation: /default-rack, certSerialId: null, persistedOpState: IN_SERVICE, persistedOpStateExpiryEpochSec: 0}, 1bb9cbb4-eec0-4324-8de7-fca776b53f2b{ip: 10.1.0.56, host: fv-az180-400.aibneqh1mxpuhl3tnnuy2ifbce.bx.internal.cloudapp.net, ports: [REPLICATION=45141, RATIS=44667, RATIS_ADMIN=44667, RATIS_SERVER=44667, STANDALONE=45879], networkLocation: /default-rack, certSerialId: null, persistedOpState: IN_SERVICE, persistedOpStateExpiryEpochSec: 0}, 961e98b4-0515-4e33-9a5e-b87989e0967c{ip: 10.1.0.56, host: fv-az180-400.aibneqh1mxpuhl3tnnuy2ifbce.bx.internal.cloudapp.net, ports: [REPLICATION=32803, RATIS=45547, RATIS_ADMIN=45547, RATIS_SERVER=45547, STANDALONE=33243], networkLocation: /default-rack, certSerialId: null, persistedOpState: IN_SERVICE, persistedOpStateExpiryEpochSec: 0}, a36f0c9e-34c7-41e1-90e2-5c691522fdfd{ip: 10.1.0.56, host: fv-az180-400.aibneqh1mxpuhl3tnnuy2ifbce.bx.internal.cloudapp.net, ports: [REPLICATION=43001, RATIS=35103, RATIS_ADMIN=35103, RATIS_SERVER=35103, STANDALONE=34509], networkLocation: /default-rack, certSerialId: null, persistedOpState: IN_SERVICE, persistedOpStateExpiryEpochSec: 0}, a49fbcfb-f7dc-4282-aec4-a4f9f3e2b5ab{ip: 10.1.0.56, host: fv-az180-400.aibneqh1mxpuhl3tnnuy2ifbce.bx.internal.cloudapp.net, ports: [REPLICATION=41799, RATIS=37955, RATIS_ADMIN=37955, RATIS_SERVER=37955, STANDALONE=46377], networkLocation: /default-rack, certSerialId: null, persistedOpState: null, persistedOpStateExpiryEpochSec: 0}]"  ancestorGen="0").
2022-11-18 13:06:08,540 [Under Replicated Processor] WARN  net.NetworkTopologyImpl (NetworkTopologyImpl.java:chooseNodeInternal(653)) - No available node in (scope="/default-rack" excludedScope="null" excludedNodes="[8ad84362-fca3-4a94-b029-55aaea538166{ip: 10.1.0.56, host: fv-az180-400.aibneqh1mxpuhl3tnnuy2ifbce.bx.internal.cloudapp.net, ports: [REPLICATION=45785, RATIS=38939, RATIS_ADMIN=38939, RATIS_SERVER=38939, STANDALONE=38791], networkLocation: /default-rack, certSerialId: null, persistedOpState: IN_SERVICE, persistedOpStateExpiryEpochSec: 0}, 1bb9cbb4-eec0-4324-8de7-fca776b53f2b{ip: 10.1.0.56, host: fv-az180-400.aibneqh1mxpuhl3tnnuy2ifbce.bx.internal.cloudapp.net, ports: [REPLICATION=45141, RATIS=44667, RATIS_ADMIN=44667, RATIS_SERVER=44667, STANDALONE=45879], networkLocation: /default-rack, certSerialId: null, persistedOpState: IN_SERVICE, persistedOpStateExpiryEpochSec: 0}, 961e98b4-0515-4e33-9a5e-b87989e0967c{ip: 10.1.0.56, host: fv-az180-400.aibneqh1mxpuhl3tnnuy2ifbce.bx.internal.cloudapp.net, ports: [REPLICATION=32803, RATIS=45547, RATIS_ADMIN=45547, RATIS_SERVER=45547, STANDALONE=33243], networkLocation: /default-rack, certSerialId: null, persistedOpState: IN_SERVICE, persistedOpStateExpiryEpochSec: 0}, a36f0c9e-34c7-41e1-90e2-5c691522fdfd{ip: 10.1.0.56, host: fv-az180-400.aibneqh1mxpuhl3tnnuy2ifbce.bx.internal.cloudapp.net, ports: [REPLICATION=43001, RATIS=35103, RATIS_ADMIN=35103, RATIS_SERVER=35103, STANDALONE=34509], networkLocation: /default-rack, certSerialId: null, persistedOpState: IN_SERVICE, persistedOpStateExpiryEpochSec: 0}, a49fbcfb-f7dc-4282-aec4-a4f9f3e2b5ab{ip: 10.1.0.56, host: fv-az180-400.aibneqh1mxpuhl3tnnuy2ifbce.bx.internal.cloudapp.net, ports: [REPLICATION=41799, RATIS=37955, RATIS_ADMIN=37955, RATIS_SERVER=37955, STANDALONE=46377], networkLocation: /default-rack, certSerialId: null, persistedOpState: null, persistedOpStateExpiryEpochSec: 0}]"  ancestorGen="0").
2022-11-18 13:06:08,541 [Under Replicated Processor] WARN  net.NetworkTopologyImpl (NetworkTopologyImpl.java:chooseNodeInternal(653)) - No available node in (scope="/default-rack" excludedScope="null" excludedNodes="[8ad84362-fca3-4a94-b029-55aaea538166{ip: 10.1.0.56, host: fv-az180-400.aibneqh1mxpuhl3tnnuy2ifbce.bx.internal.cloudapp.net, ports: [REPLICATION=45785, RATIS=38939, RATIS_ADMIN=38939, RATIS_SERVER=38939, STANDALONE=38791], networkLocation: /default-rack, certSerialId: null, persistedOpState: IN_SERVICE, persistedOpStateExpiryEpochSec: 0}, 1bb9cbb4-eec0-4324-8de7-fca776b53f2b{ip: 10.1.0.56, host: fv-az180-400.aibneqh1mxpuhl3tnnuy2ifbce.bx.internal.cloudapp.net, ports: [REPLICATION=45141, RATIS=44667, RATIS_ADMIN=44667, RATIS_SERVER=44667, STANDALONE=45879], networkLocation: /default-rack, certSerialId: null, persistedOpState: IN_SERVICE, persistedOpStateExpiryEpochSec: 0}, 961e98b4-0515-4e33-9a5e-b87989e0967c{ip: 10.1.0.56, host: fv-az180-400.aibneqh1mxpuhl3tnnuy2ifbce.bx.internal.cloudapp.net, ports: [REPLICATION=32803, RATIS=45547, RATIS_ADMIN=45547, RATIS_SERVER=45547, STANDALONE=33243], networkLocation: /default-rack, certSerialId: null, persistedOpState: IN_SERVICE, persistedOpStateExpiryEpochSec: 0}, a36f0c9e-34c7-41e1-90e2-5c691522fdfd{ip: 10.1.0.56, host: fv-az180-400.aibneqh1mxpuhl3tnnuy2ifbce.bx.internal.cloudapp.net, ports: [REPLICATION=43001, RATIS=35103, RATIS_ADMIN=35103, RATIS_SERVER=35103, STANDALONE=34509], networkLocation: /default-rack, certSerialId: null, persistedOpState: IN_SERVICE, persistedOpStateExpiryEpochSec: 0}, a49fbcfb-f7dc-4282-aec4-a4f9f3e2b5ab{ip: 10.1.0.56, host: fv-az180-400.aibneqh1mxpuhl3tnnuy2ifbce.bx.internal.cloudapp.net, ports: [REPLICATION=41799, RATIS=37955, RATIS_ADMIN=37955, RATIS_SERVER=37955, STANDALONE=46377], networkLocation: /default-rack, certSerialId: null, persistedOpState: null, persistedOpStateExpiryEpochSec: 0}]"  ancestorGen="0").
2022-11-18 13:06:08,541 [Under Replicated Processor] INFO  algorithms.SCMContainerPlacementRackScatter (SCMContainerPlacementRackScatter.java:chooseNode(379)) - No satisfied datanode to meet the constraints. Metadatadata size required: 0 Data size required: 5368709120, scope /default-rack, excluded nodes [8ad84362-fca3-4a94-b029-55aaea538166{ip: 10.1.0.56, host: fv-az180-400.aibneqh1mxpuhl3tnnuy2ifbce.bx.internal.cloudapp.net, ports: [REPLICATION=45785, RATIS=38939, RATIS_ADMIN=38939, RATIS_SERVER=38939, STANDALONE=38791], networkLocation: /default-rack, certSerialId: null, persistedOpState: IN_SERVICE, persistedOpStateExpiryEpochSec: 0}, 1bb9cbb4-eec0-4324-8de7-fca776b53f2b{ip: 10.1.0.56, host: fv-az180-400.aibneqh1mxpuhl3tnnuy2ifbce.bx.internal.cloudapp.net, ports: [REPLICATION=45141, RATIS=44667, RATIS_ADMIN=44667, RATIS_SERVER=44667, STANDALONE=45879], networkLocation: /default-rack, certSerialId: null, persistedOpState: IN_SERVICE, persistedOpStateExpiryEpochSec: 0}, 961e98b4-0515-4e33-9a5e-b87989e0967c{ip: 10.1.0.56, host: fv-az180-400.aibneqh1mxpuhl3tnnuy2ifbce.bx.internal.cloudapp.net, ports: [REPLICATION=32803, RATIS=45547, RATIS_ADMIN=45547, RATIS_SERVER=45547, STANDALONE=33243], networkLocation: /default-rack, certSerialId: null, persistedOpState: IN_SERVICE, persistedOpStateExpiryEpochSec: 0}, a36f0c9e-34c7-41e1-90e2-5c691522fdfd{ip: 10.1.0.56, host: fv-az180-400.aibneqh1mxpuhl3tnnuy2ifbce.bx.internal.cloudapp.net, ports: [REPLICATION=43001, RATIS=35103, RATIS_ADMIN=35103, RATIS_SERVER=35103, STANDALONE=34509], networkLocation: /default-rack, certSerialId: null, persistedOpState: IN_SERVICE, persistedOpStateExpiryEpochSec: 0}, a49fbcfb-f7dc-4282-aec4-a4f9f3e2b5ab{ip: 10.1.0.56, host: fv-az180-400.aibneqh1mxpuhl3tnnuy2ifbce.bx.internal.cloudapp.net, ports: [REPLICATION=41799, RATIS=37955, RATIS_ADMIN=37955, RATIS_SERVER=37955, STANDALONE=46377], networkLocation: /default-rack, certSerialId: null, persistedOpState: null, persistedOpStateExpiryEpochSec: 0}]
2022-11-18 13:06:08,541 [Under Replicated Processor] WARN  algorithms.SCMContainerPlacementRackScatter (SCMContainerPlacementRackScatter.java:chooseDatanodesInternal(281)) - Placement policy could not choose the enough nodes from available racks. Chosen nodes size from Unique Racks: 0, but required nodes to choose from Unique Racks: 1 do not match. Available racks count: 1, Excluded nodes count: 4
2022-11-18 13:06:08,541 [Under Replicated Processor] WARN  replication.ECUnderReplicationHandler (ECUnderReplicationHandler.java:processAndCreateCommands(252)) - Exception while processing for creating the EC reconstruction container commands for #8.
org.apache.hadoop.hdds.scm.exceptions.SCMException: Chosen nodes size from Unique Racks: 0, but required nodes to choose from Unique Racks: 1 do not match.
	at org.apache.hadoop.hdds.scm.container.placement.algorithms.SCMContainerPlacementRackScatter.chooseDatanodesInternal(SCMContainerPlacementRackScatter.java:286)
	at org.apache.hadoop.hdds.scm.SCMCommonPlacementPolicy.chooseDatanodes(SCMCommonPlacementPolicy.java:175)
	at org.apache.hadoop.hdds.scm.SCMCommonPlacementPolicy.chooseDatanodes(SCMCommonPlacementPolicy.java:117)
	at org.apache.hadoop.hdds.scm.container.replication.ECUnderReplicationHandler.getTargetDatanodes(ECUnderReplicationHandler.java:303)
	at org.apache.hadoop.hdds.scm.container.replication.ECUnderReplicationHandler.processAndCreateCommands(ECUnderReplicationHandler.java:186)
	at org.apache.hadoop.hdds.scm.container.replication.ReplicationManager.processUnderReplicatedContainer(ReplicationManager.java:483)
	at org.apache.hadoop.hdds.scm.container.replication.UnderReplicatedProcessor.processContainer(UnderReplicatedProcessor.java:99)
	at org.apache.hadoop.hdds.scm.container.replication.UnderReplicatedProcessor.processAll(UnderReplicatedProcessor.java:83)
	at org.apache.hadoop.hdds.scm.container.replication.UnderReplicatedProcessor.run(UnderReplicatedProcessor.java:144)
	at java.lang.Thread.run(Thread.java:750)
2022-11-18 13:06:08,541 [Under Replicated Processor] ERROR replication.UnderReplicatedProcessor (UnderReplicatedProcessor.java:processAll(86)) - Error processing under replicated container ContainerInfo{id=#8, state=CLOSED, pipelineID=PipelineID=67e84420-6fe2-43b6-bc4f-8bf4477b66f2, stateEnterTime=2022-11-18T13:05:28.764Z, owner=om1}
org.apache.hadoop.hdds.scm.exceptions.SCMException: Chosen nodes size from Unique Racks: 0, but required nodes to choose from Unique Racks: 1 do not match.
	at org.apache.hadoop.hdds.scm.container.placement.algorithms.SCMContainerPlacementRackScatter.chooseDatanodesInternal(SCMContainerPlacementRackScatter.java:286)
	at org.apache.hadoop.hdds.scm.SCMCommonPlacementPolicy.chooseDatanodes(SCMCommonPlacementPolicy.java:175)
	at org.apache.hadoop.hdds.scm.SCMCommonPlacementPolicy.chooseDatanodes(SCMCommonPlacementPolicy.java:117)
	at org.apache.hadoop.hdds.scm.container.replication.ECUnderReplicationHandler.getTargetDatanodes(ECUnderReplicationHandler.java:303)
	at org.apache.hadoop.hdds.scm.container.replication.ECUnderReplicationHandler.processAndCreateCommands(ECUnderReplicationHandler.java:186)
	at org.apache.hadoop.hdds.scm.container.replication.ReplicationManager.processUnderReplicatedContainer(ReplicationManager.java:483)
	at org.apache.hadoop.hdds.scm.container.replication.UnderReplicatedProcessor.processContainer(UnderReplicatedProcessor.java:99)
	at org.apache.hadoop.hdds.scm.container.replication.UnderReplicatedProcessor.processAll(UnderReplicatedProcessor.java:83)
	at org.apache.hadoop.hdds.scm.container.replication.UnderReplicatedProcessor.run(UnderReplicatedProcessor.java:144)
	at java.lang.Thread.run(Thread.java:750)
2022-11-18 13:06:08,541 [Under Replicated Processor] WARN  net.NetworkTopologyImpl (NetworkTopologyImpl.java:chooseNodeInternal(653)) - No available node in (scope="/default-rack" excludedScope="null" excludedNodes="[8ad84362-fca3-4a94-b029-55aaea538166{ip: 10.1.0.56, host: fv-az180-400.aibneqh1mxpuhl3tnnuy2ifbce.bx.internal.cloudapp.net, ports: [REPLICATION=45785, RATIS=38939, RATIS_ADMIN=38939, RATIS_SERVER=38939, STANDALONE=38791], networkLocation: /default-rack, certSerialId: null, persistedOpState: IN_SERVICE, persistedOpStateExpiryEpochSec: 0}, 1bb9cbb4-eec0-4324-8de7-fca776b53f2b{ip: 10.1.0.56, host: fv-az180-400.aibneqh1mxpuhl3tnnuy2ifbce.bx.internal.cloudapp.net, ports: [REPLICATION=45141, RATIS=44667, RATIS_ADMIN=44667, RATIS_SERVER=44667, STANDALONE=45879], networkLocation: /default-rack, certSerialId: null, persistedOpState: IN_SERVICE, persistedOpStateExpiryEpochSec: 0}, 961e98b4-0515-4e33-9a5e-b87989e0967c{ip: 10.1.0.56, host: fv-az180-400.aibneqh1mxpuhl3tnnuy2ifbce.bx.internal.cloudapp.net, ports: [REPLICATION=32803, RATIS=45547, RATIS_ADMIN=45547, RATIS_SERVER=45547, STANDALONE=33243], networkLocation: /default-rack, certSerialId: null, persistedOpState: IN_SERVICE, persistedOpStateExpiryEpochSec: 0}, a36f0c9e-34c7-41e1-90e2-5c691522fdfd{ip: 10.1.0.56, host: fv-az180-400.aibneqh1mxpuhl3tnnuy2ifbce.bx.internal.cloudapp.net, ports: [REPLICATION=43001, RATIS=35103, RATIS_ADMIN=35103, RATIS_SERVER=35103, STANDALONE=34509], networkLocation: /default-rack, certSerialId: null, persistedOpState: IN_SERVICE, persistedOpStateExpiryEpochSec: 0}, a49fbcfb-f7dc-4282-aec4-a4f9f3e2b5ab{ip: 10.1.0.56, host: fv-az180-400.aibneqh1mxpuhl3tnnuy2ifbce.bx.internal.cloudapp.net, ports: [REPLICATION=41799, RATIS=37955, RATIS_ADMIN=37955, RATIS_SERVER=37955, STANDALONE=46377], networkLocation: /default-rack, certSerialId: null, persistedOpState: null, persistedOpStateExpiryEpochSec: 0}]"  ancestorGen="0").
2022-11-18 13:06:08,542 [Under Replicated Processor] WARN  net.NetworkTopologyImpl (NetworkTopologyImpl.java:chooseNodeInternal(653)) - No available node in (scope="/default-rack" excludedScope="null" excludedNodes="[8ad84362-fca3-4a94-b029-55aaea538166{ip: 10.1.0.56, host: fv-az180-400.aibneqh1mxpuhl3tnnuy2ifbce.bx.internal.cloudapp.net, ports: [REPLICATION=45785, RATIS=38939, RATIS_ADMIN=38939, RATIS_SERVER=38939, STANDALONE=38791], networkLocation: /default-rack, certSerialId: null, persistedOpState: IN_SERVICE, persistedOpStateExpiryEpochSec: 0}, 1bb9cbb4-eec0-4324-8de7-fca776b53f2b{ip: 10.1.0.56, host: fv-az180-400.aibneqh1mxpuhl3tnnuy2ifbce.bx.internal.cloudapp.net, ports: [REPLICATION=45141, RATIS=44667, RATIS_ADMIN=44667, RATIS_SERVER=44667, STANDALONE=45879], networkLocation: /default-rack, certSerialId: null, persistedOpState: IN_SERVICE, persistedOpStateExpiryEpochSec: 0}, 961e98b4-0515-4e33-9a5e-b87989e0967c{ip: 10.1.0.56, host: fv-az180-400.aibneqh1mxpuhl3tnnuy2ifbce.bx.internal.cloudapp.net, ports: [REPLICATION=32803, RATIS=45547, RATIS_ADMIN=45547, RATIS_SERVER=45547, STANDALONE=33243], networkLocation: /default-rack, certSerialId: null, persistedOpState: IN_SERVICE, persistedOpStateExpiryEpochSec: 0}, a36f0c9e-34c7-41e1-90e2-5c691522fdfd{ip: 10.1.0.56, host: fv-az180-400.aibneqh1mxpuhl3tnnuy2ifbce.bx.internal.cloudapp.net, ports: [REPLICATION=43001, RATIS=35103, RATIS_ADMIN=35103, RATIS_SERVER=35103, STANDALONE=34509], networkLocation: /default-rack, certSerialId: null, persistedOpState: IN_SERVICE, persistedOpStateExpiryEpochSec: 0}, a49fbcfb-f7dc-4282-aec4-a4f9f3e2b5ab{ip: 10.1.0.56, host: fv-az180-400.aibneqh1mxpuhl3tnnuy2ifbce.bx.internal.cloudapp.net, ports: [REPLICATION=41799, RATIS=37955, RATIS_ADMIN=37955, RATIS_SERVER=37955, STANDALONE=46377], networkLocation: /default-rack, certSerialId: null, persistedOpState: null, persistedOpStateExpiryEpochSec: 0}]"  ancestorGen="0").
2022-11-18 13:06:08,542 [Under Replicated Processor] WARN  net.NetworkTopologyImpl (NetworkTopologyImpl.java:chooseNodeInternal(653)) - No available node in (scope="/default-rack" excludedScope="null" excludedNodes="[8ad84362-fca3-4a94-b029-55aaea538166{ip: 10.1.0.56, host: fv-az180-400.aibneqh1mxpuhl3tnnuy2ifbce.bx.internal.cloudapp.net, ports: [REPLICATION=45785, RATIS=38939, RATIS_ADMIN=38939, RATIS_SERVER=38939, STANDALONE=38791], networkLocation: /default-rack, certSerialId: null, persistedOpState: IN_SERVICE, persistedOpStateExpiryEpochSec: 0}, 1bb9cbb4-eec0-4324-8de7-fca776b53f2b{ip: 10.1.0.56, host: fv-az180-400.aibneqh1mxpuhl3tnnuy2ifbce.bx.internal.cloudapp.net, ports: [REPLICATION=45141, RATIS=44667, RATIS_ADMIN=44667, RATIS_SERVER=44667, STANDALONE=45879], networkLocation: /default-rack, certSerialId: null, persistedOpState: IN_SERVICE, persistedOpStateExpiryEpochSec: 0}, 961e98b4-0515-4e33-9a5e-b87989e0967c{ip: 10.1.0.56, host: fv-az180-400.aibneqh1mxpuhl3tnnuy2ifbce.bx.internal.cloudapp.net, ports: [REPLICATION=32803, RATIS=45547, RATIS_ADMIN=45547, RATIS_SERVER=45547, STANDALONE=33243], networkLocation: /default-rack, certSerialId: null, persistedOpState: IN_SERVICE, persistedOpStateExpiryEpochSec: 0}, a36f0c9e-34c7-41e1-90e2-5c691522fdfd{ip: 10.1.0.56, host: fv-az180-400.aibneqh1mxpuhl3tnnuy2ifbce.bx.internal.cloudapp.net, ports: [REPLICATION=43001, RATIS=35103, RATIS_ADMIN=35103, RATIS_SERVER=35103, STANDALONE=34509], networkLocation: /default-rack, certSerialId: null, persistedOpState: IN_SERVICE, persistedOpStateExpiryEpochSec: 0}, a49fbcfb-f7dc-4282-aec4-a4f9f3e2b5ab{ip: 10.1.0.56, host: fv-az180-400.aibneqh1mxpuhl3tnnuy2ifbce.bx.internal.cloudapp.net, ports: [REPLICATION=41799, RATIS=37955, RATIS_ADMIN=37955, RATIS_SERVER=37955, STANDALONE=46377], networkLocation: /default-rack, certSerialId: null, persistedOpState: null, persistedOpStateExpiryEpochSec: 0}]"  ancestorGen="0").
2022-11-18 13:06:08,542 [Under Replicated Processor] WARN  net.NetworkTopologyImpl (NetworkTopologyImpl.java:chooseNodeInternal(653)) - No available node in (scope="/default-rack" excludedScope="null" excludedNodes="[8ad84362-fca3-4a94-b029-55aaea538166{ip: 10.1.0.56, host: fv-az180-400.aibneqh1mxpuhl3tnnuy2ifbce.bx.internal.cloudapp.net, ports: [REPLICATION=45785, RATIS=38939, RATIS_ADMIN=38939, RATIS_SERVER=38939, STANDALONE=38791], networkLocation: /default-rack, certSerialId: null, persistedOpState: IN_SERVICE, persistedOpStateExpiryEpochSec: 0}, 1bb9cbb4-eec0-4324-8de7-fca776b53f2b{ip: 10.1.0.56, host: fv-az180-400.aibneqh1mxpuhl3tnnuy2ifbce.bx.internal.cloudapp.net, ports: [REPLICATION=45141, RATIS=44667, RATIS_ADMIN=44667, RATIS_SERVER=44667, STANDALONE=45879], networkLocation: /default-rack, certSerialId: null, persistedOpState: IN_SERVICE, persistedOpStateExpiryEpochSec: 0}, 961e98b4-0515-4e33-9a5e-b87989e0967c{ip: 10.1.0.56, host: fv-az180-400.aibneqh1mxpuhl3tnnuy2ifbce.bx.internal.cloudapp.net, ports: [REPLICATION=32803, RATIS=45547, RATIS_ADMIN=45547, RATIS_SERVER=45547, STANDALONE=33243], networkLocation: /default-rack, certSerialId: null, persistedOpState: IN_SERVICE, persistedOpStateExpiryEpochSec: 0}, a36f0c9e-34c7-41e1-90e2-5c691522fdfd{ip: 10.1.0.56, host: fv-az180-400.aibneqh1mxpuhl3tnnuy2ifbce.bx.internal.cloudapp.net, ports: [REPLICATION=43001, RATIS=35103, RATIS_ADMIN=35103, RATIS_SERVER=35103, STANDALONE=34509], networkLocation: /default-rack, certSerialId: null, persistedOpState: IN_SERVICE, persistedOpStateExpiryEpochSec: 0}, a49fbcfb-f7dc-4282-aec4-a4f9f3e2b5ab{ip: 10.1.0.56, host: fv-az180-400.aibneqh1mxpuhl3tnnuy2ifbce.bx.internal.cloudapp.net, ports: [REPLICATION=41799, RATIS=37955, RATIS_ADMIN=37955, RATIS_SERVER=37955, STANDALONE=46377], networkLocation: /default-rack, certSerialId: null, persistedOpState: null, persistedOpStateExpiryEpochSec: 0}]"  ancestorGen="0").
2022-11-18 13:06:08,542 [Under Replicated Processor] INFO  algorithms.SCMContainerPlacementRackScatter (SCMContainerPlacementRackScatter.java:chooseNode(379)) - No satisfied datanode to meet the constraints. Metadatadata size required: 0 Data size required: 5368709120, scope /default-rack, excluded nodes [8ad84362-fca3-4a94-b029-55aaea538166{ip: 10.1.0.56, host: fv-az180-400.aibneqh1mxpuhl3tnnuy2ifbce.bx.internal.cloudapp.net, ports: [REPLICATION=45785, RATIS=38939, RATIS_ADMIN=38939, RATIS_SERVER=38939, STANDALONE=38791], networkLocation: /default-rack, certSerialId: null, persistedOpState: IN_SERVICE, persistedOpStateExpiryEpochSec: 0}, 1bb9cbb4-eec0-4324-8de7-fca776b53f2b{ip: 10.1.0.56, host: fv-az180-400.aibneqh1mxpuhl3tnnuy2ifbce.bx.internal.cloudapp.net, ports: [REPLICATION=45141, RATIS=44667, RATIS_ADMIN=44667, RATIS_SERVER=44667, STANDALONE=45879], networkLocation: /default-rack, certSerialId: null, persistedOpState: IN_SERVICE, persistedOpStateExpiryEpochSec: 0}, 961e98b4-0515-4e33-9a5e-b87989e0967c{ip: 10.1.0.56, host: fv-az180-400.aibneqh1mxpuhl3tnnuy2ifbce.bx.internal.cloudapp.net, ports: [REPLICATION=32803, RATIS=45547, RATIS_ADMIN=45547, RATIS_SERVER=45547, STANDALONE=33243], networkLocation: /default-rack, certSerialId: null, persistedOpState: IN_SERVICE, persistedOpStateExpiryEpochSec: 0}, a36f0c9e-34c7-41e1-90e2-5c691522fdfd{ip: 10.1.0.56, host: fv-az180-400.aibneqh1mxpuhl3tnnuy2ifbce.bx.internal.cloudapp.net, ports: [REPLICATION=43001, RATIS=35103, RATIS_ADMIN=35103, RATIS_SERVER=35103, STANDALONE=34509], networkLocation: /default-rack, certSerialId: null, persistedOpState: IN_SERVICE, persistedOpStateExpiryEpochSec: 0}, a49fbcfb-f7dc-4282-aec4-a4f9f3e2b5ab{ip: 10.1.0.56, host: fv-az180-400.aibneqh1mxpuhl3tnnuy2ifbce.bx.internal.cloudapp.net, ports: [REPLICATION=41799, RATIS=37955, RATIS_ADMIN=37955, RATIS_SERVER=37955, STANDALONE=46377], networkLocation: /default-rack, certSerialId: null, persistedOpState: null, persistedOpStateExpiryEpochSec: 0}]
2022-11-18 13:06:08,542 [Under Replicated Processor] WARN  algorithms.SCMContainerPlacementRackScatter (SCMContainerPlacementRackScatter.java:chooseDatanodesInternal(281)) - Placement policy could not choose the enough nodes from available racks. Chosen nodes size from Unique Racks: 0, but required nodes to choose from Unique Racks: 1 do not match. Available racks count: 1, Excluded nodes count: 4
2022-11-18 13:06:08,542 [Under Replicated Processor] WARN  replication.ECUnderReplicationHandler (ECUnderReplicationHandler.java:processAndCreateCommands(252)) - Exception while processing for creating the EC reconstruction container commands for #8.
org.apache.hadoop.hdds.scm.exceptions.SCMException: Chosen nodes size from Unique Racks: 0, but required nodes to choose from Unique Racks: 1 do not match.
	at org.apache.hadoop.hdds.scm.container.placement.algorithms.SCMContainerPlacementRackScatter.chooseDatanodesInternal(SCMContainerPlacementRackScatter.java:286)
	at org.apache.hadoop.hdds.scm.SCMCommonPlacementPolicy.chooseDatanodes(SCMCommonPlacementPolicy.java:175)
	at org.apache.hadoop.hdds.scm.SCMCommonPlacementPolicy.chooseDatanodes(SCMCommonPlacementPolicy.java:117)
	at org.apache.hadoop.hdds.scm.container.replication.ECUnderReplicationHandler.getTargetDatanodes(ECUnderReplicationHandler.java:303)
	at org.apache.hadoop.hdds.scm.container.replication.ECUnderReplicationHandler.processAndCreateCommands(ECUnderReplicationHandler.java:186)
	at org.apache.hadoop.hdds.scm.container.replication.ReplicationManager.processUnderReplicatedContainer(ReplicationManager.java:483)
	at org.apache.hadoop.hdds.scm.container.replication.UnderReplicatedProcessor.processContainer(UnderReplicatedProcessor.java:99)
	at org.apache.hadoop.hdds.scm.container.replication.UnderReplicatedProcessor.processAll(UnderReplicatedProcessor.java:83)
	at org.apache.hadoop.hdds.scm.container.replication.UnderReplicatedProcessor.run(UnderReplicatedProcessor.java:144)
	at java.lang.Thread.run(Thread.java:750)
2022-11-18 13:06:08,542 [Under Replicated Processor] ERROR replication.UnderReplicatedProcessor (UnderReplicatedProcessor.java:processAll(86)) - Error processing under replicated container ContainerInfo{id=#8, state=CLOSED, pipelineID=PipelineID=67e84420-6fe2-43b6-bc4f-8bf4477b66f2, stateEnterTime=2022-11-18T13:05:28.764Z, owner=om1}
org.apache.hadoop.hdds.scm.exceptions.SCMException: Chosen nodes size from Unique Racks: 0, but required nodes to choose from Unique Racks: 1 do not match.
	at org.apache.hadoop.hdds.scm.container.placement.algorithms.SCMContainerPlacementRackScatter.chooseDatanodesInternal(SCMContainerPlacementRackScatter.java:286)
	at org.apache.hadoop.hdds.scm.SCMCommonPlacementPolicy.chooseDatanodes(SCMCommonPlacementPolicy.java:175)
	at org.apache.hadoop.hdds.scm.SCMCommonPlacementPolicy.chooseDatanodes(SCMCommonPlacementPolicy.java:117)
	at org.apache.hadoop.hdds.scm.container.replication.ECUnderReplicationHandler.getTargetDatanodes(ECUnderReplicationHandler.java:303)
	at org.apache.hadoop.hdds.scm.container.replication.ECUnderReplicationHandler.processAndCreateCommands(ECUnderReplicationHandler.java:186)
	at org.apache.hadoop.hdds.scm.container.replication.ReplicationManager.processUnderReplicatedContainer(ReplicationManager.java:483)
	at org.apache.hadoop.hdds.scm.container.replication.UnderReplicatedProcessor.processContainer(UnderReplicatedProcessor.java:99)
	at org.apache.hadoop.hdds.scm.container.replication.UnderReplicatedProcessor.processAll(UnderReplicatedProcessor.java:83)
	at org.apache.hadoop.hdds.scm.container.replication.UnderReplicatedProcessor.run(UnderReplicatedProcessor.java:144)
	at java.lang.Thread.run(Thread.java:750)
2022-11-18 13:06:08,542 [Under Replicated Processor] WARN  net.NetworkTopologyImpl (NetworkTopologyImpl.java:chooseNodeInternal(653)) - No available node in (scope="/default-rack" excludedScope="null" excludedNodes="[8ad84362-fca3-4a94-b029-55aaea538166{ip: 10.1.0.56, host: fv-az180-400.aibneqh1mxpuhl3tnnuy2ifbce.bx.internal.cloudapp.net, ports: [REPLICATION=45785, RATIS=38939, RATIS_ADMIN=38939, RATIS_SERVER=38939, STANDALONE=38791], networkLocation: /default-rack, certSerialId: null, persistedOpState: IN_SERVICE, persistedOpStateExpiryEpochSec: 0}, 1bb9cbb4-eec0-4324-8de7-fca776b53f2b{ip: 10.1.0.56, host: fv-az180-400.aibneqh1mxpuhl3tnnuy2ifbce.bx.internal.cloudapp.net, ports: [REPLICATION=45141, RATIS=44667, RATIS_ADMIN=44667, RATIS_SERVER=44667, STANDALONE=45879], networkLocation: /default-rack, certSerialId: null, persistedOpState: IN_SERVICE, persistedOpStateExpiryEpochSec: 0}, 961e98b4-0515-4e33-9a5e-b87989e0967c{ip: 10.1.0.56, host: fv-az180-400.aibneqh1mxpuhl3tnnuy2ifbce.bx.internal.cloudapp.net, ports: [REPLICATION=32803, RATIS=45547, RATIS_ADMIN=45547, RATIS_SERVER=45547, STANDALONE=33243], networkLocation: /default-rack, certSerialId: null, persistedOpState: IN_SERVICE, persistedOpStateExpiryEpochSec: 0}, a36f0c9e-34c7-41e1-90e2-5c691522fdfd{ip: 10.1.0.56, host: fv-az180-400.aibneqh1mxpuhl3tnnuy2ifbce.bx.internal.cloudapp.net, ports: [REPLICATION=43001, RATIS=35103, RATIS_ADMIN=35103, RATIS_SERVER=35103, STANDALONE=34509], networkLocation: /default-rack, certSerialId: null, persistedOpState: IN_SERVICE, persistedOpStateExpiryEpochSec: 0}, a49fbcfb-f7dc-4282-aec4-a4f9f3e2b5ab{ip: 10.1.0.56, host: fv-az180-400.aibneqh1mxpuhl3tnnuy2ifbce.bx.internal.cloudapp.net, ports: [REPLICATION=41799, RATIS=37955, RATIS_ADMIN=37955, RATIS_SERVER=37955, STANDALONE=46377], networkLocation: /default-rack, certSerialId: null, persistedOpState: null, persistedOpStateExpiryEpochSec: 0}]"  ancestorGen="0").
2022-11-18 13:06:08,542 [Under Replicated Processor] WARN  net.NetworkTopologyImpl (NetworkTopologyImpl.java:chooseNodeInternal(653)) - No available node in (scope="/default-rack" excludedScope="null" excludedNodes="[8ad84362-fca3-4a94-b029-55aaea538166{ip: 10.1.0.56, host: fv-az180-400.aibneqh1mxpuhl3tnnuy2ifbce.bx.internal.cloudapp.net, ports: [REPLICATION=45785, RATIS=38939, RATIS_ADMIN=38939, RATIS_SERVER=38939, STANDALONE=38791], networkLocation: /default-rack, certSerialId: null, persistedOpState: IN_SERVICE, persistedOpStateExpiryEpochSec: 0}, 1bb9cbb4-eec0-4324-8de7-fca776b53f2b{ip: 10.1.0.56, host: fv-az180-400.aibneqh1mxpuhl3tnnuy2ifbce.bx.internal.cloudapp.net, ports: [REPLICATION=45141, RATIS=44667, RATIS_ADMIN=44667, RATIS_SERVER=44667, STANDALONE=45879], networkLocation: /default-rack, certSerialId: null, persistedOpState: IN_SERVICE, persistedOpStateExpiryEpochSec: 0}, 961e98b4-0515-4e33-9a5e-b87989e0967c{ip: 10.1.0.56, host: fv-az180-400.aibneqh1mxpuhl3tnnuy2ifbce.bx.internal.cloudapp.net, ports: [REPLICATION=32803, RATIS=45547, RATIS_ADMIN=45547, RATIS_SERVER=45547, STANDALONE=33243], networkLocation: /default-rack, certSerialId: null, persistedOpState: IN_SERVICE, persistedOpStateExpiryEpochSec: 0}, a36f0c9e-34c7-41e1-90e2-5c691522fdfd{ip: 10.1.0.56, host: fv-az180-400.aibneqh1mxpuhl3tnnuy2ifbce.bx.internal.cloudapp.net, ports: [REPLICATION=43001, RATIS=35103, RATIS_ADMIN=35103, RATIS_SERVER=35103, STANDALONE=34509], networkLocation: /default-rack, certSerialId: null, persistedOpState: IN_SERVICE, persistedOpStateExpiryEpochSec: 0}, a49fbcfb-f7dc-4282-aec4-a4f9f3e2b5ab{ip: 10.1.0.56, host: fv-az180-400.aibneqh1mxpuhl3tnnuy2ifbce.bx.internal.cloudapp.net, ports: [REPLICATION=41799, RATIS=37955, RATIS_ADMIN=37955, RATIS_SERVER=37955, STANDALONE=46377], networkLocation: /default-rack, certSerialId: null, persistedOpState: null, persistedOpStateExpiryEpochSec: 0}]"  ancestorGen="0").
2022-11-18 13:06:08,543 [Under Replicated Processor] WARN  net.NetworkTopologyImpl (NetworkTopologyImpl.java:chooseNodeInternal(653)) - No available node in (scope="/default-rack" excludedScope="null" excludedNodes="[8ad84362-fca3-4a94-b029-55aaea538166{ip: 10.1.0.56, host: fv-az180-400.aibneqh1mxpuhl3tnnuy2ifbce.bx.internal.cloudapp.net, ports: [REPLICATION=45785, RATIS=38939, RATIS_ADMIN=38939, RATIS_SERVER=38939, STANDALONE=38791], networkLocation: /default-rack, certSerialId: null, persistedOpState: IN_SERVICE, persistedOpStateExpiryEpochSec: 0}, 1bb9cbb4-eec0-4324-8de7-fca776b53f2b{ip: 10.1.0.56, host: fv-az180-400.aibneqh1mxpuhl3tnnuy2ifbce.bx.internal.cloudapp.net, ports: [REPLICATION=45141, RATIS=44667, RATIS_ADMIN=44667, RATIS_SERVER=44667, STANDALONE=45879], networkLocation: /default-rack, certSerialId: null, persistedOpState: IN_SERVICE, persistedOpStateExpiryEpochSec: 0}, 961e98b4-0515-4e33-9a5e-b87989e0967c{ip: 10.1.0.56, host: fv-az180-400.aibneqh1mxpuhl3tnnuy2ifbce.bx.internal.cloudapp.net, ports: [REPLICATION=32803, RATIS=45547, RATIS_ADMIN=45547, RATIS_SERVER=45547, STANDALONE=33243], networkLocation: /default-rack, certSerialId: null, persistedOpState: IN_SERVICE, persistedOpStateExpiryEpochSec: 0}, a36f0c9e-34c7-41e1-90e2-5c691522fdfd{ip: 10.1.0.56, host: fv-az180-400.aibneqh1mxpuhl3tnnuy2ifbce.bx.internal.cloudapp.net, ports: [REPLICATION=43001, RATIS=35103, RATIS_ADMIN=35103, RATIS_SERVER=35103, STANDALONE=34509], networkLocation: /default-rack, certSerialId: null, persistedOpState: IN_SERVICE, persistedOpStateExpiryEpochSec: 0}, a49fbcfb-f7dc-4282-aec4-a4f9f3e2b5ab{ip: 10.1.0.56, host: fv-az180-400.aibneqh1mxpuhl3tnnuy2ifbce.bx.internal.cloudapp.net, ports: [REPLICATION=41799, RATIS=37955, RATIS_ADMIN=37955, RATIS_SERVER=37955, STANDALONE=46377], networkLocation: /default-rack, certSerialId: null, persistedOpState: null, persistedOpStateExpiryEpochSec: 0}]"  ancestorGen="0").
2022-11-18 13:06:08,544 [Under Replicated Processor] WARN  net.NetworkTopologyImpl (NetworkTopologyImpl.java:chooseNodeInternal(653)) - No available node in (scope="/default-rack" excludedScope="null" excludedNodes="[8ad84362-fca3-4a94-b029-55aaea538166{ip: 10.1.0.56, host: fv-az180-400.aibneqh1mxpuhl3tnnuy2ifbce.bx.internal.cloudapp.net, ports: [REPLICATION=45785, RATIS=38939, RATIS_ADMIN=38939, RATIS_SERVER=38939, STANDALONE=38791], networkLocation: /default-rack, certSerialId: null, persistedOpState: IN_SERVICE, persistedOpStateExpiryEpochSec: 0}, 1bb9cbb4-eec0-4324-8de7-fca776b53f2b{ip: 10.1.0.56, host: fv-az180-400.aibneqh1mxpuhl3tnnuy2ifbce.bx.internal.cloudapp.net, ports: [REPLICATION=45141, RATIS=44667, RATIS_ADMIN=44667, RATIS_SERVER=44667, STANDALONE=45879], networkLocation: /default-rack, certSerialId: null, persistedOpState: IN_SERVICE, persistedOpStateExpiryEpochSec: 0}, 961e98b4-0515-4e33-9a5e-b87989e0967c{ip: 10.1.0.56, host: fv-az180-400.aibneqh1mxpuhl3tnnuy2ifbce.bx.internal.cloudapp.net, ports: [REPLICATION=32803, RATIS=45547, RATIS_ADMIN=45547, RATIS_SERVER=45547, STANDALONE=33243], networkLocation: /default-rack, certSerialId: null, persistedOpState: IN_SERVICE, persistedOpStateExpiryEpochSec: 0}, a36f0c9e-34c7-41e1-90e2-5c691522fdfd{ip: 10.1.0.56, host: fv-az180-400.aibneqh1mxpuhl3tnnuy2ifbce.bx.internal.cloudapp.net, ports: [REPLICATION=43001, RATIS=35103, RATIS_ADMIN=35103, RATIS_SERVER=35103, STANDALONE=34509], networkLocation: /default-rack, certSerialId: null, persistedOpState: IN_SERVICE, persistedOpStateExpiryEpochSec: 0}, a49fbcfb-f7dc-4282-aec4-a4f9f3e2b5ab{ip: 10.1.0.56, host: fv-az180-400.aibneqh1mxpuhl3tnnuy2ifbce.bx.internal.cloudapp.net, ports: [REPLICATION=41799, RATIS=37955, RATIS_ADMIN=37955, RATIS_SERVER=37955, STANDALONE=46377], networkLocation: /default-rack, certSerialId: null, persistedOpState: null, persistedOpStateExpiryEpochSec: 0}]"  ancestorGen="0").
2022-11-18 13:06:08,544 [Under Replicated Processor] INFO  algorithms.SCMContainerPlacementRackScatter (SCMContainerPlacementRackScatter.java:chooseNode(379)) - No satisfied datanode to meet the constraints. Metadatadata size required: 0 Data size required: 5368709120, scope /default-rack, excluded nodes [8ad84362-fca3-4a94-b029-55aaea538166{ip: 10.1.0.56, host: fv-az180-400.aibneqh1mxpuhl3tnnuy2ifbce.bx.internal.cloudapp.net, ports: [REPLICATION=45785, RATIS=38939, RATIS_ADMIN=38939, RATIS_SERVER=38939, STANDALONE=38791], networkLocation: /default-rack, certSerialId: null, persistedOpState: IN_SERVICE, persistedOpStateExpiryEpochSec: 0}, 1bb9cbb4-eec0-4324-8de7-fca776b53f2b{ip: 10.1.0.56, host: fv-az180-400.aibneqh1mxpuhl3tnnuy2ifbce.bx.internal.cloudapp.net, ports: [REPLICATION=45141, RATIS=44667, RATIS_ADMIN=44667, RATIS_SERVER=44667, STANDALONE=45879], networkLocation: /default-rack, certSerialId: null, persistedOpState: IN_SERVICE, persistedOpStateExpiryEpochSec: 0}, 961e98b4-0515-4e33-9a5e-b87989e0967c{ip: 10.1.0.56, host: fv-az180-400.aibneqh1mxpuhl3tnnuy2ifbce.bx.internal.cloudapp.net, ports: [REPLICATION=32803, RATIS=45547, RATIS_ADMIN=45547, RATIS_SERVER=45547, STANDALONE=33243], networkLocation: /default-rack, certSerialId: null, persistedOpState: IN_SERVICE, persistedOpStateExpiryEpochSec: 0}, a36f0c9e-34c7-41e1-90e2-5c691522fdfd{ip: 10.1.0.56, host: fv-az180-400.aibneqh1mxpuhl3tnnuy2ifbce.bx.internal.cloudapp.net, ports: [REPLICATION=43001, RATIS=35103, RATIS_ADMIN=35103, RATIS_SERVER=35103, STANDALONE=34509], networkLocation: /default-rack, certSerialId: null, persistedOpState: IN_SERVICE, persistedOpStateExpiryEpochSec: 0}, a49fbcfb-f7dc-4282-aec4-a4f9f3e2b5ab{ip: 10.1.0.56, host: fv-az180-400.aibneqh1mxpuhl3tnnuy2ifbce.bx.internal.cloudapp.net, ports: [REPLICATION=41799, RATIS=37955, RATIS_ADMIN=37955, RATIS_SERVER=37955, STANDALONE=46377], networkLocation: /default-rack, certSerialId: null, persistedOpState: null, persistedOpStateExpiryEpochSec: 0}]
2022-11-18 13:06:08,544 [Under Replicated Processor] WARN  algorithms.SCMContainerPlacementRackScatter (SCMContainerPlacementRackScatter.java:chooseDatanodesInternal(281)) - Placement policy could not choose the enough nodes from available racks. Chosen nodes size from Unique Racks: 0, but required nodes to choose from Unique Racks: 1 do not match. Available racks count: 1, Excluded nodes count: 4
2022-11-18 13:06:08,544 [Under Replicated Processor] WARN  replication.ECUnderReplicationHandler (ECUnderReplicationHandler.java:processAndCreateCommands(252)) - Exception while processing for creating the EC reconstruction container commands for #8.
org.apache.hadoop.hdds.scm.exceptions.SCMException: Chosen nodes size from Unique Racks: 0, but required nodes to choose from Unique Racks: 1 do not match.
	at org.apache.hadoop.hdds.scm.container.placement.algorithms.SCMContainerPlacementRackScatter.chooseDatanodesInternal(SCMContainerPlacementRackScatter.java:286)
	at org.apache.hadoop.hdds.scm.SCMCommonPlacementPolicy.chooseDatanodes(SCMCommonPlacementPolicy.java:175)
	at org.apache.hadoop.hdds.scm.SCMCommonPlacementPolicy.chooseDatanodes(SCMCommonPlacementPolicy.java:117)
	at org.apache.hadoop.hdds.scm.container.replication.ECUnderReplicationHandler.getTargetDatanodes(ECUnderReplicationHandler.java:303)
	at org.apache.hadoop.hdds.scm.container.replication.ECUnderReplicationHandler.processAndCreateCommands(ECUnderReplicationHandler.java:186)
	at org.apache.hadoop.hdds.scm.container.replication.ReplicationManager.processUnderReplicatedContainer(ReplicationManager.java:483)
	at org.apache.hadoop.hdds.scm.container.replication.UnderReplicatedProcessor.processContainer(UnderReplicatedProcessor.java:99)
	at org.apache.hadoop.hdds.scm.container.replication.UnderReplicatedProcessor.processAll(UnderReplicatedProcessor.java:83)
	at org.apache.hadoop.hdds.scm.container.replication.UnderReplicatedProcessor.run(UnderReplicatedProcessor.java:144)
	at java.lang.Thread.run(Thread.java:750)
2022-11-18 13:06:08,544 [Under Replicated Processor] ERROR replication.UnderReplicatedProcessor (UnderReplicatedProcessor.java:processAll(86)) - Error processing under replicated container ContainerInfo{id=#8, state=CLOSED, pipelineID=PipelineID=67e84420-6fe2-43b6-bc4f-8bf4477b66f2, stateEnterTime=2022-11-18T13:05:28.764Z, owner=om1}
org.apache.hadoop.hdds.scm.exceptions.SCMException: Chosen nodes size from Unique Racks: 0, but required nodes to choose from Unique Racks: 1 do not match.
	at org.apache.hadoop.hdds.scm.container.placement.algorithms.SCMContainerPlacementRackScatter.chooseDatanodesInternal(SCMContainerPlacementRackScatter.java:286)
	at org.apache.hadoop.hdds.scm.SCMCommonPlacementPolicy.chooseDatanodes(SCMCommonPlacementPolicy.java:175)
	at org.apache.hadoop.hdds.scm.SCMCommonPlacementPolicy.chooseDatanodes(SCMCommonPlacementPolicy.java:117)
	at org.apache.hadoop.hdds.scm.container.replication.ECUnderReplicationHandler.getTargetDatanodes(ECUnderReplicationHandler.java:303)
	at org.apache.hadoop.hdds.scm.container.replication.ECUnderReplicationHandler.processAndCreateCommands(ECUnderReplicationHandler.java:186)
	at org.apache.hadoop.hdds.scm.container.replication.ReplicationManager.processUnderReplicatedContainer(ReplicationManager.java:483)
	at org.apache.hadoop.hdds.scm.container.replication.UnderReplicatedProcessor.processContainer(UnderReplicatedProcessor.java:99)
	at org.apache.hadoop.hdds.scm.container.replication.UnderReplicatedProcessor.processAll(UnderReplicatedProcessor.java:83)
	at org.apache.hadoop.hdds.scm.container.replication.UnderReplicatedProcessor.run(UnderReplicatedProcessor.java:144)
	at java.lang.Thread.run(Thread.java:750)
2022-11-18 13:06:08,546 [Under Replicated Processor] WARN  net.NetworkTopologyImpl (NetworkTopologyImpl.java:chooseNodeInternal(653)) - No available node in (scope="/default-rack" excludedScope="null" excludedNodes="[8ad84362-fca3-4a94-b029-55aaea538166{ip: 10.1.0.56, host: fv-az180-400.aibneqh1mxpuhl3tnnuy2ifbce.bx.internal.cloudapp.net, ports: [REPLICATION=45785, RATIS=38939, RATIS_ADMIN=38939, RATIS_SERVER=38939, STANDALONE=38791], networkLocation: /default-rack, certSerialId: null, persistedOpState: IN_SERVICE, persistedOpStateExpiryEpochSec: 0}, 1bb9cbb4-eec0-4324-8de7-fca776b53f2b{ip: 10.1.0.56, host: fv-az180-400.aibneqh1mxpuhl3tnnuy2ifbce.bx.internal.cloudapp.net, ports: [REPLICATION=45141, RATIS=44667, RATIS_ADMIN=44667, RATIS_SERVER=44667, STANDALONE=45879], networkLocation: /default-rack, certSerialId: null, persistedOpState: IN_SERVICE, persistedOpStateExpiryEpochSec: 0}, 961e98b4-0515-4e33-9a5e-b87989e0967c{ip: 10.1.0.56, host: fv-az180-400.aibneqh1mxpuhl3tnnuy2ifbce.bx.internal.cloudapp.net, ports: [REPLICATION=32803, RATIS=45547, RATIS_ADMIN=45547, RATIS_SERVER=45547, STANDALONE=33243], networkLocation: /default-rack, certSerialId: null, persistedOpState: IN_SERVICE, persistedOpStateExpiryEpochSec: 0}, a36f0c9e-34c7-41e1-90e2-5c691522fdfd{ip: 10.1.0.56, host: fv-az180-400.aibneqh1mxpuhl3tnnuy2ifbce.bx.internal.cloudapp.net, ports: [REPLICATION=43001, RATIS=35103, RATIS_ADMIN=35103, RATIS_SERVER=35103, STANDALONE=34509], networkLocation: /default-rack, certSerialId: null, persistedOpState: IN_SERVICE, persistedOpStateExpiryEpochSec: 0}, a49fbcfb-f7dc-4282-aec4-a4f9f3e2b5ab{ip: 10.1.0.56, host: fv-az180-400.aibneqh1mxpuhl3tnnuy2ifbce.bx.internal.cloudapp.net, ports: [REPLICATION=41799, RATIS=37955, RATIS_ADMIN=37955, RATIS_SERVER=37955, STANDALONE=46377], networkLocation: /default-rack, certSerialId: null, persistedOpState: null, persistedOpStateExpiryEpochSec: 0}]"  ancestorGen="0").
2022-11-18 13:06:08,546 [Under Replicated Processor] WARN  net.NetworkTopologyImpl (NetworkTopologyImpl.java:chooseNodeInternal(653)) - No available node in (scope="/default-rack" excludedScope="null" excludedNodes="[8ad84362-fca3-4a94-b029-55aaea538166{ip: 10.1.0.56, host: fv-az180-400.aibneqh1mxpuhl3tnnuy2ifbce.bx.internal.cloudapp.net, ports: [REPLICATION=45785, RATIS=38939, RATIS_ADMIN=38939, RATIS_SERVER=38939, STANDALONE=38791], networkLocation: /default-rack, certSerialId: null, persistedOpState: IN_SERVICE, persistedOpStateExpiryEpochSec: 0}, 1bb9cbb4-eec0-4324-8de7-fca776b53f2b{ip: 10.1.0.56, host: fv-az180-400.aibneqh1mxpuhl3tnnuy2ifbce.bx.internal.cloudapp.net, ports: [REPLICATION=45141, RATIS=44667, RATIS_ADMIN=44667, RATIS_SERVER=44667, STANDALONE=45879], networkLocation: /default-rack, certSerialId: null, persistedOpState: IN_SERVICE, persistedOpStateExpiryEpochSec: 0}, 961e98b4-0515-4e33-9a5e-b87989e0967c{ip: 10.1.0.56, host: fv-az180-400.aibneqh1mxpuhl3tnnuy2ifbce.bx.internal.cloudapp.net, ports: [REPLICATION=32803, RATIS=45547, RATIS_ADMIN=45547, RATIS_SERVER=45547, STANDALONE=33243], networkLocation: /default-rack, certSerialId: null, persistedOpState: IN_SERVICE, persistedOpStateExpiryEpochSec: 0}, a36f0c9e-34c7-41e1-90e2-5c691522fdfd{ip: 10.1.0.56, host: fv-az180-400.aibneqh1mxpuhl3tnnuy2ifbce.bx.internal.cloudapp.net, ports: [REPLICATION=43001, RATIS=35103, RATIS_ADMIN=35103, RATIS_SERVER=35103, STANDALONE=34509], networkLocation: /default-rack, certSerialId: null, persistedOpState: IN_SERVICE, persistedOpStateExpiryEpochSec: 0}, a49fbcfb-f7dc-4282-aec4-a4f9f3e2b5ab{ip: 10.1.0.56, host: fv-az180-400.aibneqh1mxpuhl3tnnuy2ifbce.bx.internal.cloudapp.net, ports: [REPLICATION=41799, RATIS=37955, RATIS_ADMIN=37955, RATIS_SERVER=37955, STANDALONE=46377], networkLocation: /default-rack, certSerialId: null, persistedOpState: null, persistedOpStateExpiryEpochSec: 0}]"  ancestorGen="0").
2022-11-18 13:06:08,546 [Under Replicated Processor] WARN  net.NetworkTopologyImpl (NetworkTopologyImpl.java:chooseNodeInternal(653)) - No available node in (scope="/default-rack" excludedScope="null" excludedNodes="[8ad84362-fca3-4a94-b029-55aaea538166{ip: 10.1.0.56, host: fv-az180-400.aibneqh1mxpuhl3tnnuy2ifbce.bx.internal.cloudapp.net, ports: [REPLICATION=45785, RATIS=38939, RATIS_ADMIN=38939, RATIS_SERVER=38939, STANDALONE=38791], networkLocation: /default-rack, certSerialId: null, persistedOpState: IN_SERVICE, persistedOpStateExpiryEpochSec: 0}, 1bb9cbb4-eec0-4324-8de7-fca776b53f2b{ip: 10.1.0.56, host: fv-az180-400.aibneqh1mxpuhl3tnnuy2ifbce.bx.internal.cloudapp.net, ports: [REPLICATION=45141, RATIS=44667, RATIS_ADMIN=44667, RATIS_SERVER=44667, STANDALONE=45879], networkLocation: /default-rack, certSerialId: null, persistedOpState: IN_SERVICE, persistedOpStateExpiryEpochSec: 0}, 961e98b4-0515-4e33-9a5e-b87989e0967c{ip: 10.1.0.56, host: fv-az180-400.aibneqh1mxpuhl3tnnuy2ifbce.bx.internal.cloudapp.net, ports: [REPLICATION=32803, RATIS=45547, RATIS_ADMIN=45547, RATIS_SERVER=45547, STANDALONE=33243], networkLocation: /default-rack, certSerialId: null, persistedOpState: IN_SERVICE, persistedOpStateExpiryEpochSec: 0}, a36f0c9e-34c7-41e1-90e2-5c691522fdfd{ip: 10.1.0.56, host: fv-az180-400.aibneqh1mxpuhl3tnnuy2ifbce.bx.internal.cloudapp.net, ports: [REPLICATION=43001, RATIS=35103, RATIS_ADMIN=35103, RATIS_SERVER=35103, STANDALONE=34509], networkLocation: /default-rack, certSerialId: null, persistedOpState: IN_SERVICE, persistedOpStateExpiryEpochSec: 0}, a49fbcfb-f7dc-4282-aec4-a4f9f3e2b5ab{ip: 10.1.0.56, host: fv-az180-400.aibneqh1mxpuhl3tnnuy2ifbce.bx.internal.cloudapp.net, ports: [REPLICATION=41799, RATIS=37955, RATIS_ADMIN=37955, RATIS_SERVER=37955, STANDALONE=46377], networkLocation: /default-rack, certSerialId: null, persistedOpState: null, persistedOpStateExpiryEpochSec: 0}]"  ancestorGen="0").
2022-11-18 13:06:08,546 [Under Replicated Processor] WARN  net.NetworkTopologyImpl (NetworkTopologyImpl.java:chooseNodeInternal(653)) - No available node in (scope="/default-rack" excludedScope="null" excludedNodes="[8ad84362-fca3-4a94-b029-55aaea538166{ip: 10.1.0.56, host: fv-az180-400.aibneqh1mxpuhl3tnnuy2ifbce.bx.internal.cloudapp.net, ports: [REPLICATION=45785, RATIS=38939, RATIS_ADMIN=38939, RATIS_SERVER=38939, STANDALONE=38791], networkLocation: /default-rack, certSerialId: null, persistedOpState: IN_SERVICE, persistedOpStateExpiryEpochSec: 0}, 1bb9cbb4-eec0-4324-8de7-fca776b53f2b{ip: 10.1.0.56, host: fv-az180-400.aibneqh1mxpuhl3tnnuy2ifbce.bx.internal.cloudapp.net, ports: [REPLICATION=45141, RATIS=44667, RATIS_ADMIN=44667, RATIS_SERVER=44667, STANDALONE=45879], networkLocation: /default-rack, certSerialId: null, persistedOpState: IN_SERVICE, persistedOpStateExpiryEpochSec: 0}, 961e98b4-0515-4e33-9a5e-b87989e0967c{ip: 10.1.0.56, host: fv-az180-400.aibneqh1mxpuhl3tnnuy2ifbce.bx.internal.cloudapp.net, ports: [REPLICATION=32803, RATIS=45547, RATIS_ADMIN=45547, RATIS_SERVER=45547, STANDALONE=33243], networkLocation: /default-rack, certSerialId: null, persistedOpState: IN_SERVICE, persistedOpStateExpiryEpochSec: 0}, a36f0c9e-34c7-41e1-90e2-5c691522fdfd{ip: 10.1.0.56, host: fv-az180-400.aibneqh1mxpuhl3tnnuy2ifbce.bx.internal.cloudapp.net, ports: [REPLICATION=43001, RATIS=35103, RATIS_ADMIN=35103, RATIS_SERVER=35103, STANDALONE=34509], networkLocation: /default-rack, certSerialId: null, persistedOpState: IN_SERVICE, persistedOpStateExpiryEpochSec: 0}, a49fbcfb-f7dc-4282-aec4-a4f9f3e2b5ab{ip: 10.1.0.56, host: fv-az180-400.aibneqh1mxpuhl3tnnuy2ifbce.bx.internal.cloudapp.net, ports: [REPLICATION=41799, RATIS=37955, RATIS_ADMIN=37955, RATIS_SERVER=37955, STANDALONE=46377], networkLocation: /default-rack, certSerialId: null, persistedOpState: null, persistedOpStateExpiryEpochSec: 0}]"  ancestorGen="0").
2022-11-18 13:06:08,546 [Under Replicated Processor] INFO  algorithms.SCMContainerPlacementRackScatter (SCMContainerPlacementRackScatter.java:chooseNode(379)) - No satisfied datanode to meet the constraints. Metadatadata size required: 0 Data size required: 5368709120, scope /default-rack, excluded nodes [8ad84362-fca3-4a94-b029-55aaea538166{ip: 10.1.0.56, host: fv-az180-400.aibneqh1mxpuhl3tnnuy2ifbce.bx.internal.cloudapp.net, ports: [REPLICATION=45785, RATIS=38939, RATIS_ADMIN=38939, RATIS_SERVER=38939, STANDALONE=38791], networkLocation: /default-rack, certSerialId: null, persistedOpState: IN_SERVICE, persistedOpStateExpiryEpochSec: 0}, 1bb9cbb4-eec0-4324-8de7-fca776b53f2b{ip: 10.1.0.56, host: fv-az180-400.aibneqh1mxpuhl3tnnuy2ifbce.bx.internal.cloudapp.net, ports: [REPLICATION=45141, RATIS=44667, RATIS_ADMIN=44667, RATIS_SERVER=44667, STANDALONE=45879], networkLocation: /default-rack, certSerialId: null, persistedOpState: IN_SERVICE, persistedOpStateExpiryEpochSec: 0}, 961e98b4-0515-4e33-9a5e-b87989e0967c{ip: 10.1.0.56, host: fv-az180-400.aibneqh1mxpuhl3tnnuy2ifbce.bx.internal.cloudapp.net, ports: [REPLICATION=32803, RATIS=45547, RATIS_ADMIN=45547, RATIS_SERVER=45547, STANDALONE=33243], networkLocation: /default-rack, certSerialId: null, persistedOpState: IN_SERVICE, persistedOpStateExpiryEpochSec: 0}, a36f0c9e-34c7-41e1-90e2-5c691522fdfd{ip: 10.1.0.56, host: fv-az180-400.aibneqh1mxpuhl3tnnuy2ifbce.bx.internal.cloudapp.net, ports: [REPLICATION=43001, RATIS=35103, RATIS_ADMIN=35103, RATIS_SERVER=35103, STANDALONE=34509], networkLocation: /default-rack, certSerialId: null, persistedOpState: IN_SERVICE, persistedOpStateExpiryEpochSec: 0}, a49fbcfb-f7dc-4282-aec4-a4f9f3e2b5ab{ip: 10.1.0.56, host: fv-az180-400.aibneqh1mxpuhl3tnnuy2ifbce.bx.internal.cloudapp.net, ports: [REPLICATION=41799, RATIS=37955, RATIS_ADMIN=37955, RATIS_SERVER=37955, STANDALONE=46377], networkLocation: /default-rack, certSerialId: null, persistedOpState: null, persistedOpStateExpiryEpochSec: 0}]
2022-11-18 13:06:08,547 [Under Replicated Processor] WARN  algorithms.SCMContainerPlacementRackScatter (SCMContainerPlacementRackScatter.java:chooseDatanodesInternal(281)) - Placement policy could not choose the enough nodes from available racks. Chosen nodes size from Unique Racks: 0, but required nodes to choose from Unique Racks: 1 do not match. Available racks count: 1, Excluded nodes count: 4
2022-11-18 13:06:08,547 [Under Replicated Processor] WARN  replication.ECUnderReplicationHandler (ECUnderReplicationHandler.java:processAndCreateCommands(252)) - Exception while processing for creating the EC reconstruction container commands for #8.
org.apache.hadoop.hdds.scm.exceptions.SCMException: Chosen nodes size from Unique Racks: 0, but required nodes to choose from Unique Racks: 1 do not match.
	at org.apache.hadoop.hdds.scm.container.placement.algorithms.SCMContainerPlacementRackScatter.chooseDatanodesInternal(SCMContainerPlacementRackScatter.java:286)
	at org.apache.hadoop.hdds.scm.SCMCommonPlacementPolicy.chooseDatanodes(SCMCommonPlacementPolicy.java:175)
	at org.apache.hadoop.hdds.scm.SCMCommonPlacementPolicy.chooseDatanodes(SCMCommonPlacementPolicy.java:117)
	at org.apache.hadoop.hdds.scm.container.replication.ECUnderReplicationHandler.getTargetDatanodes(ECUnderReplicationHandler.java:303)
	at org.apache.hadoop.hdds.scm.container.replication.ECUnderReplicationHandler.processAndCreateCommands(ECUnderReplicationHandler.java:186)
	at org.apache.hadoop.hdds.scm.container.replication.ReplicationManager.processUnderReplicatedContainer(ReplicationManager.java:483)
	at org.apache.hadoop.hdds.scm.container.replication.UnderReplicatedProcessor.processContainer(UnderReplicatedProcessor.java:99)
	at org.apache.hadoop.hdds.scm.container.replication.UnderReplicatedProcessor.processAll(UnderReplicatedProcessor.java:83)
	at org.apache.hadoop.hdds.scm.container.replication.UnderReplicatedProcessor.run(UnderReplicatedProcessor.java:144)
	at java.lang.Thread.run(Thread.java:750)
2022-11-18 13:06:08,547 [Under Replicated Processor] ERROR replication.UnderReplicatedProcessor (UnderReplicatedProcessor.java:processAll(86)) - Error processing under replicated container ContainerInfo{id=#8, state=CLOSED, pipelineID=PipelineID=67e84420-6fe2-43b6-bc4f-8bf4477b66f2, stateEnterTime=2022-11-18T13:05:28.764Z, owner=om1}
org.apache.hadoop.hdds.scm.exceptions.SCMException: Chosen nodes size from Unique Racks: 0, but required nodes to choose from Unique Racks: 1 do not match.
	at org.apache.hadoop.hdds.scm.container.placement.algorithms.SCMContainerPlacementRackScatter.chooseDatanodesInternal(SCMContainerPlacementRackScatter.java:286)
	at org.apache.hadoop.hdds.scm.SCMCommonPlacementPolicy.chooseDatanodes(SCMCommonPlacementPolicy.java:175)
	at org.apache.hadoop.hdds.scm.SCMCommonPlacementPolicy.chooseDatanodes(SCMCommonPlacementPolicy.java:117)
	at org.apache.hadoop.hdds.scm.container.replication.ECUnderReplicationHandler.getTargetDatanodes(ECUnderReplicationHandler.java:303)
	at org.apache.hadoop.hdds.scm.container.replication.ECUnderReplicationHandler.processAndCreateCommands(ECUnderReplicationHandler.java:186)
	at org.apache.hadoop.hdds.scm.container.replication.ReplicationManager.processUnderReplicatedContainer(ReplicationManager.java:483)
	at org.apache.hadoop.hdds.scm.container.replication.UnderReplicatedProcessor.processContainer(UnderReplicatedProcessor.java:99)
	at org.apache.hadoop.hdds.scm.container.replication.UnderReplicatedProcessor.processAll(UnderReplicatedProcessor.java:83)
	at org.apache.hadoop.hdds.scm.container.replication.UnderReplicatedProcessor.run(UnderReplicatedProcessor.java:144)
	at java.lang.Thread.run(Thread.java:750)
2022-11-18 13:06:08,547 [Under Replicated Processor] WARN  net.NetworkTopologyImpl (NetworkTopologyImpl.java:chooseNodeInternal(653)) - No available node in (scope="/default-rack" excludedScope="null" excludedNodes="[8ad84362-fca3-4a94-b029-55aaea538166{ip: 10.1.0.56, host: fv-az180-400.aibneqh1mxpuhl3tnnuy2ifbce.bx.internal.cloudapp.net, ports: [REPLICATION=45785, RATIS=38939, RATIS_ADMIN=38939, RATIS_SERVER=38939, STANDALONE=38791], networkLocation: /default-rack, certSerialId: null, persistedOpState: IN_SERVICE, persistedOpStateExpiryEpochSec: 0}, 1bb9cbb4-eec0-4324-8de7-fca776b53f2b{ip: 10.1.0.56, host: fv-az180-400.aibneqh1mxpuhl3tnnuy2ifbce.bx.internal.cloudapp.net, ports: [REPLICATION=45141, RATIS=44667, RATIS_ADMIN=44667, RATIS_SERVER=44667, STANDALONE=45879], networkLocation: /default-rack, certSerialId: null, persistedOpState: IN_SERVICE, persistedOpStateExpiryEpochSec: 0}, 961e98b4-0515-4e33-9a5e-b87989e0967c{ip: 10.1.0.56, host: fv-az180-400.aibneqh1mxpuhl3tnnuy2ifbce.bx.internal.cloudapp.net, ports: [REPLICATION=32803, RATIS=45547, RATIS_ADMIN=45547, RATIS_SERVER=45547, STANDALONE=33243], networkLocation: /default-rack, certSerialId: null, persistedOpState: IN_SERVICE, persistedOpStateExpiryEpochSec: 0}, a36f0c9e-34c7-41e1-90e2-5c691522fdfd{ip: 10.1.0.56, host: fv-az180-400.aibneqh1mxpuhl3tnnuy2ifbce.bx.internal.cloudapp.net, ports: [REPLICATION=43001, RATIS=35103, RATIS_ADMIN=35103, RATIS_SERVER=35103, STANDALONE=34509], networkLocation: /default-rack, certSerialId: null, persistedOpState: IN_SERVICE, persistedOpStateExpiryEpochSec: 0}, a49fbcfb-f7dc-4282-aec4-a4f9f3e2b5ab{ip: 10.1.0.56, host: fv-az180-400.aibneqh1mxpuhl3tnnuy2ifbce.bx.internal.cloudapp.net, ports: [REPLICATION=41799, RATIS=37955, RATIS_ADMIN=37955, RATIS_SERVER=37955, STANDALONE=46377], networkLocation: /default-rack, certSerialId: null, persistedOpState: null, persistedOpStateExpiryEpochSec: 0}]"  ancestorGen="0").
2022-11-18 13:06:08,547 [Under Replicated Processor] WARN  net.NetworkTopologyImpl (NetworkTopologyImpl.java:chooseNodeInternal(653)) - No available node in (scope="/default-rack" excludedScope="null" excludedNodes="[8ad84362-fca3-4a94-b029-55aaea538166{ip: 10.1.0.56, host: fv-az180-400.aibneqh1mxpuhl3tnnuy2ifbce.bx.internal.cloudapp.net, ports: [REPLICATION=45785, RATIS=38939, RATIS_ADMIN=38939, RATIS_SERVER=38939, STANDALONE=38791], networkLocation: /default-rack, certSerialId: null, persistedOpState: IN_SERVICE, persistedOpStateExpiryEpochSec: 0}, 1bb9cbb4-eec0-4324-8de7-fca776b53f2b{ip: 10.1.0.56, host: fv-az180-400.aibneqh1mxpuhl3tnnuy2ifbce.bx.internal.cloudapp.net, ports: [REPLICATION=45141, RATIS=44667, RATIS_ADMIN=44667, RATIS_SERVER=44667, STANDALONE=45879], networkLocation: /default-rack, certSerialId: null, persistedOpState: IN_SERVICE, persistedOpStateExpiryEpochSec: 0}, 961e98b4-0515-4e33-9a5e-b87989e0967c{ip: 10.1.0.56, host: fv-az180-400.aibneqh1mxpuhl3tnnuy2ifbce.bx.internal.cloudapp.net, ports: [REPLICATION=32803, RATIS=45547, RATIS_ADMIN=45547, RATIS_SERVER=45547, STANDALONE=33243], networkLocation: /default-rack, certSerialId: null, persistedOpState: IN_SERVICE, persistedOpStateExpiryEpochSec: 0}, a36f0c9e-34c7-41e1-90e2-5c691522fdfd{ip: 10.1.0.56, host: fv-az180-400.aibneqh1mxpuhl3tnnuy2ifbce.bx.internal.cloudapp.net, ports: [REPLICATION=43001, RATIS=35103, RATIS_ADMIN=35103, RATIS_SERVER=35103, STANDALONE=34509], networkLocation: /default-rack, certSerialId: null, persistedOpState: IN_SERVICE, persistedOpStateExpiryEpochSec: 0}, a49fbcfb-f7dc-4282-aec4-a4f9f3e2b5ab{ip: 10.1.0.56, host: fv-az180-400.aibneqh1mxpuhl3tnnuy2ifbce.bx.internal.cloudapp.net, ports: [REPLICATION=41799, RATIS=37955, RATIS_ADMIN=37955, RATIS_SERVER=37955, STANDALONE=46377], networkLocation: /default-rack, certSerialId: null, persistedOpState: null, persistedOpStateExpiryEpochSec: 0}]"  ancestorGen="0").
2022-11-18 13:06:08,547 [Under Replicated Processor] WARN  net.NetworkTopologyImpl (NetworkTopologyImpl.java:chooseNodeInternal(653)) - No available node in (scope="/default-rack" excludedScope="null" excludedNodes="[8ad84362-fca3-4a94-b029-55aaea538166{ip: 10.1.0.56, host: fv-az180-400.aibneqh1mxpuhl3tnnuy2ifbce.bx.internal.cloudapp.net, ports: [REPLICATION=45785, RATIS=38939, RATIS_ADMIN=38939, RATIS_SERVER=38939, STANDALONE=38791], networkLocation: /default-rack, certSerialId: null, persistedOpState: IN_SERVICE, persistedOpStateExpiryEpochSec: 0}, 1bb9cbb4-eec0-4324-8de7-fca776b53f2b{ip: 10.1.0.56, host: fv-az180-400.aibneqh1mxpuhl3tnnuy2ifbce.bx.internal.cloudapp.net, ports: [REPLICATION=45141, RATIS=44667, RATIS_ADMIN=44667, RATIS_SERVER=44667, STANDALONE=45879], networkLocation: /default-rack, certSerialId: null, persistedOpState: IN_SERVICE, persistedOpStateExpiryEpochSec: 0}, 961e98b4-0515-4e33-9a5e-b87989e0967c{ip: 10.1.0.56, host: fv-az180-400.aibneqh1mxpuhl3tnnuy2ifbce.bx.internal.cloudapp.net, ports: [REPLICATION=32803, RATIS=45547, RATIS_ADMIN=45547, RATIS_SERVER=45547, STANDALONE=33243], networkLocation: /default-rack, certSerialId: null, persistedOpState: IN_SERVICE, persistedOpStateExpiryEpochSec: 0}, a36f0c9e-34c7-41e1-90e2-5c691522fdfd{ip: 10.1.0.56, host: fv-az180-400.aibneqh1mxpuhl3tnnuy2ifbce.bx.internal.cloudapp.net, ports: [REPLICATION=43001, RATIS=35103, RATIS_ADMIN=35103, RATIS_SERVER=35103, STANDALONE=34509], networkLocation: /default-rack, certSerialId: null, persistedOpState: IN_SERVICE, persistedOpStateExpiryEpochSec: 0}, a49fbcfb-f7dc-4282-aec4-a4f9f3e2b5ab{ip: 10.1.0.56, host: fv-az180-400.aibneqh1mxpuhl3tnnuy2ifbce.bx.internal.cloudapp.net, ports: [REPLICATION=41799, RATIS=37955, RATIS_ADMIN=37955, RATIS_SERVER=37955, STANDALONE=46377], networkLocation: /default-rack, certSerialId: null, persistedOpState: null, persistedOpStateExpiryEpochSec: 0}]"  ancestorGen="0").
2022-11-18 13:06:08,547 [Under Replicated Processor] WARN  net.NetworkTopologyImpl (NetworkTopologyImpl.java:chooseNodeInternal(653)) - No available node in (scope="/default-rack" excludedScope="null" excludedNodes="[8ad84362-fca3-4a94-b029-55aaea538166{ip: 10.1.0.56, host: fv-az180-400.aibneqh1mxpuhl3tnnuy2ifbce.bx.internal.cloudapp.net, ports: [REPLICATION=45785, RATIS=38939, RATIS_ADMIN=38939, RATIS_SERVER=38939, STANDALONE=38791], networkLocation: /default-rack, certSerialId: null, persistedOpState: IN_SERVICE, persistedOpStateExpiryEpochSec: 0}, 1bb9cbb4-eec0-4324-8de7-fca776b53f2b{ip: 10.1.0.56, host: fv-az180-400.aibneqh1mxpuhl3tnnuy2ifbce.bx.internal.cloudapp.net, ports: [REPLICATION=45141, RATIS=44667, RATIS_ADMIN=44667, RATIS_SERVER=44667, STANDALONE=45879], networkLocation: /default-rack, certSerialId: null, persistedOpState: IN_SERVICE, persistedOpStateExpiryEpochSec: 0}, 961e98b4-0515-4e33-9a5e-b87989e0967c{ip: 10.1.0.56, host: fv-az180-400.aibneqh1mxpuhl3tnnuy2ifbce.bx.internal.cloudapp.net, ports: [REPLICATION=32803, RATIS=45547, RATIS_ADMIN=45547, RATIS_SERVER=45547, STANDALONE=33243], networkLocation: /default-rack, certSerialId: null, persistedOpState: IN_SERVICE, persistedOpStateExpiryEpochSec: 0}, a36f0c9e-34c7-41e1-90e2-5c691522fdfd{ip: 10.1.0.56, host: fv-az180-400.aibneqh1mxpuhl3tnnuy2ifbce.bx.internal.cloudapp.net, ports: [REPLICATION=43001, RATIS=35103, RATIS_ADMIN=35103, RATIS_SERVER=35103, STANDALONE=34509], networkLocation: /default-rack, certSerialId: null, persistedOpState: IN_SERVICE, persistedOpStateExpiryEpochSec: 0}, a49fbcfb-f7dc-4282-aec4-a4f9f3e2b5ab{ip: 10.1.0.56, host: fv-az180-400.aibneqh1mxpuhl3tnnuy2ifbce.bx.internal.cloudapp.net, ports: [REPLICATION=41799, RATIS=37955, RATIS_ADMIN=37955, RATIS_SERVER=37955, STANDALONE=46377], networkLocation: /default-rack, certSerialId: null, persistedOpState: null, persistedOpStateExpiryEpochSec: 0}]"  ancestorGen="0").
2022-11-18 13:06:08,548 [Under Replicated Processor] INFO  algorithms.SCMContainerPlacementRackScatter (SCMContainerPlacementRackScatter.java:chooseNode(379)) - No satisfied datanode to meet the constraints. Metadatadata size required: 0 Data size required: 5368709120, scope /default-rack, excluded nodes [8ad84362-fca3-4a94-b029-55aaea538166{ip: 10.1.0.56, host: fv-az180-400.aibneqh1mxpuhl3tnnuy2ifbce.bx.internal.cloudapp.net, ports: [REPLICATION=45785, RATIS=38939, RATIS_ADMIN=38939, RATIS_SERVER=38939, STANDALONE=38791], networkLocation: /default-rack, certSerialId: null, persistedOpState: IN_SERVICE, persistedOpStateExpiryEpochSec: 0}, 1bb9cbb4-eec0-4324-8de7-fca776b53f2b{ip: 10.1.0.56, host: fv-az180-400.aibneqh1mxpuhl3tnnuy2ifbce.bx.internal.cloudapp.net, ports: [REPLICATION=45141, RATIS=44667, RATIS_ADMIN=44667, RATIS_SERVER=44667, STANDALONE=45879], networkLocation: /default-rack, certSerialId: null, persistedOpState: IN_SERVICE, persistedOpStateExpiryEpochSec: 0}, 961e98b4-0515-4e33-9a5e-b87989e0967c{ip: 10.1.0.56, host: fv-az180-400.aibneqh1mxpuhl3tnnuy2ifbce.bx.internal.cloudapp.net, ports: [REPLICATION=32803, RATIS=45547, RATIS_ADMIN=45547, RATIS_SERVER=45547, STANDALONE=33243], networkLocation: /default-rack, certSerialId: null, persistedOpState: IN_SERVICE, persistedOpStateExpiryEpochSec: 0}, a36f0c9e-34c7-41e1-90e2-5c691522fdfd{ip: 10.1.0.56, host: fv-az180-400.aibneqh1mxpuhl3tnnuy2ifbce.bx.internal.cloudapp.net, ports: [REPLICATION=43001, RATIS=35103, RATIS_ADMIN=35103, RATIS_SERVER=35103, STANDALONE=34509], networkLocation: /default-rack, certSerialId: null, persistedOpState: IN_SERVICE, persistedOpStateExpiryEpochSec: 0}, a49fbcfb-f7dc-4282-aec4-a4f9f3e2b5ab{ip: 10.1.0.56, host: fv-az180-400.aibneqh1mxpuhl3tnnuy2ifbce.bx.internal.cloudapp.net, ports: [REPLICATION=41799, RATIS=37955, RATIS_ADMIN=37955, RATIS_SERVER=37955, STANDALONE=46377], networkLocation: /default-rack, certSerialId: null, persistedOpState: null, persistedOpStateExpiryEpochSec: 0}]
2022-11-18 13:06:08,548 [Under Replicated Processor] WARN  algorithms.SCMContainerPlacementRackScatter (SCMContainerPlacementRackScatter.java:chooseDatanodesInternal(281)) - Placement policy could not choose the enough nodes from available racks. Chosen nodes size from Unique Racks: 0, but required nodes to choose from Unique Racks: 1 do not match. Available racks count: 1, Excluded nodes count: 4
2022-11-18 13:06:08,548 [Under Replicated Processor] WARN  replication.ECUnderReplicationHandler (ECUnderReplicationHandler.java:processAndCreateCommands(252)) - Exception while processing for creating the EC reconstruction container commands for #8.
org.apache.hadoop.hdds.scm.exceptions.SCMException: Chosen nodes size from Unique Racks: 0, but required nodes to choose from Unique Racks: 1 do not match.
	at org.apache.hadoop.hdds.scm.container.placement.algorithms.SCMContainerPlacementRackScatter.chooseDatanodesInternal(SCMContainerPlacementRackScatter.java:286)
	at org.apache.hadoop.hdds.scm.SCMCommonPlacementPolicy.chooseDatanodes(SCMCommonPlacementPolicy.java:175)
	at org.apache.hadoop.hdds.scm.SCMCommonPlacementPolicy.chooseDatanodes(SCMCommonPlacementPolicy.java:117)
	at org.apache.hadoop.hdds.scm.container.replication.ECUnderReplicationHandler.getTargetDatanodes(ECUnderReplicationHandler.java:303)
	at org.apache.hadoop.hdds.scm.container.replication.ECUnderReplicationHandler.processAndCreateCommands(ECUnderReplicationHandler.java:186)
	at org.apache.hadoop.hdds.scm.container.replication.ReplicationManager.processUnderReplicatedContainer(ReplicationManager.java:483)
	at org.apache.hadoop.hdds.scm.container.replication.UnderReplicatedProcessor.processContainer(UnderReplicatedProcessor.java:99)
	at org.apache.hadoop.hdds.scm.container.replication.UnderReplicatedProcessor.processAll(UnderReplicatedProcessor.java:83)
	at org.apache.hadoop.hdds.scm.container.replication.UnderReplicatedProcessor.run(UnderReplicatedProcessor.java:144)
	at java.lang.Thread.run(Thread.java:750)
2022-11-18 13:06:08,548 [Under Replicated Processor] ERROR replication.UnderReplicatedProcessor (UnderReplicatedProcessor.java:processAll(86)) - Error processing under replicated container ContainerInfo{id=#8, state=CLOSED, pipelineID=PipelineID=67e84420-6fe2-43b6-bc4f-8bf4477b66f2, stateEnterTime=2022-11-18T13:05:28.764Z, owner=om1}
org.apache.hadoop.hdds.scm.exceptions.SCMException: Chosen nodes size from Unique Racks: 0, but required nodes to choose from Unique Racks: 1 do not match.
	at org.apache.hadoop.hdds.scm.container.placement.algorithms.SCMContainerPlacementRackScatter.chooseDatanodesInternal(SCMContainerPlacementRackScatter.java:286)
	at org.apache.hadoop.hdds.scm.SCMCommonPlacementPolicy.chooseDatanodes(SCMCommonPlacementPolicy.java:175)
	at org.apache.hadoop.hdds.scm.SCMCommonPlacementPolicy.chooseDatanodes(SCMCommonPlacementPolicy.java:117)
	at org.apache.hadoop.hdds.scm.container.replication.ECUnderReplicationHandler.getTargetDatanodes(ECUnderReplicationHandler.java:303)
	at org.apache.hadoop.hdds.scm.container.replication.ECUnderReplicationHandler.processAndCreateCommands(ECUnderReplicationHandler.java:186)
	at org.apache.hadoop.hdds.scm.container.replication.ReplicationManager.processUnderReplicatedContainer(ReplicationManager.java:483)
	at org.apache.hadoop.hdds.scm.container.replication.UnderReplicatedProcessor.processContainer(UnderReplicatedProcessor.java:99)
	at org.apache.hadoop.hdds.scm.container.replication.UnderReplicatedProcessor.processAll(UnderReplicatedProcessor.java:83)
	at org.apache.hadoop.hdds.scm.container.replication.UnderReplicatedProcessor.run(UnderReplicatedProcessor.java:144)
	at java.lang.Thread.run(Thread.java:750)
2022-11-18 13:06:08,549 [EventQueue-StaleNodeForStaleNodeHandler] INFO  node.StaleNodeHandler (StaleNodeHandler.java:onMessage(59)) - Datanode 961e98b4-0515-4e33-9a5e-b87989e0967c{ip: 10.1.0.56, host: fv-az180-400.aibneqh1mxpuhl3tnnuy2ifbce.bx.internal.cloudapp.net, ports: [REPLICATION=32803, RATIS=45547, RATIS_ADMIN=45547, RATIS_SERVER=45547, STANDALONE=33243], networkLocation: /default-rack, certSerialId: null, persistedOpState: IN_SERVICE, persistedOpStateExpiryEpochSec: 0} moved to stale state. Finalizing its pipelines [PipelineID=21506fd8-162b-43b0-9630-5f0ed8c0c77c, PipelineID=02b6e0fd-89e1-4c80-88d9-a4a895e4f75d]
2022-11-18 13:06:08,549 [EventQueue-StaleNodeForStaleNodeHandler] INFO  pipeline.PipelineManagerImpl (PipelineManagerImpl.java:closePipeline(442)) - Pipeline Pipeline[ Id: 21506fd8-162b-43b0-9630-5f0ed8c0c77c, Nodes: 961e98b4-0515-4e33-9a5e-b87989e0967c{ip: 10.1.0.56, host: fv-az180-400.aibneqh1mxpuhl3tnnuy2ifbce.bx.internal.cloudapp.net, ports: [REPLICATION=32803, RATIS=45547, RATIS_ADMIN=45547, RATIS_SERVER=45547, STANDALONE=33243], networkLocation: /default-rack, certSerialId: null, persistedOpState: IN_SERVICE, persistedOpStateExpiryEpochSec: 0}, ReplicationConfig: RATIS/ONE, State:OPEN, leaderId:961e98b4-0515-4e33-9a5e-b87989e0967c, CreationTimestamp2022-11-18T13:04:40.330Z[Etc/UTC]] moved to CLOSED state
2022-11-18 13:06:08,550 [Under Replicated Processor] WARN  net.NetworkTopologyImpl (NetworkTopologyImpl.java:chooseNodeInternal(653)) - No available node in (scope="/default-rack" excludedScope="null" excludedNodes="[8ad84362-fca3-4a94-b029-55aaea538166{ip: 10.1.0.56, host: fv-az180-400.aibneqh1mxpuhl3tnnuy2ifbce.bx.internal.cloudapp.net, ports: [REPLICATION=45785, RATIS=38939, RATIS_ADMIN=38939, RATIS_SERVER=38939, STANDALONE=38791], networkLocation: /default-rack, certSerialId: null, persistedOpState: IN_SERVICE, persistedOpStateExpiryEpochSec: 0}, 1bb9cbb4-eec0-4324-8de7-fca776b53f2b{ip: 10.1.0.56, host: fv-az180-400.aibneqh1mxpuhl3tnnuy2ifbce.bx.internal.cloudapp.net, ports: [REPLICATION=45141, RATIS=44667, RATIS_ADMIN=44667, RATIS_SERVER=44667, STANDALONE=45879], networkLocation: /default-rack, certSerialId: null, persistedOpState: IN_SERVICE, persistedOpStateExpiryEpochSec: 0}, 961e98b4-0515-4e33-9a5e-b87989e0967c{ip: 10.1.0.56, host: fv-az180-400.aibneqh1mxpuhl3tnnuy2ifbce.bx.internal.cloudapp.net, ports: [REPLICATION=32803, RATIS=45547, RATIS_ADMIN=45547, RATIS_SERVER=45547, STANDALONE=33243], networkLocation: /default-rack, certSerialId: null, persistedOpState: IN_SERVICE, persistedOpStateExpiryEpochSec: 0}, a36f0c9e-34c7-41e1-90e2-5c691522fdfd{ip: 10.1.0.56, host: fv-az180-400.aibneqh1mxpuhl3tnnuy2ifbce.bx.internal.cloudapp.net, ports: [REPLICATION=43001, RATIS=35103, RATIS_ADMIN=35103, RATIS_SERVER=35103, STANDALONE=34509], networkLocation: /default-rack, certSerialId: null, persistedOpState: IN_SERVICE, persistedOpStateExpiryEpochSec: 0}, a49fbcfb-f7dc-4282-aec4-a4f9f3e2b5ab{ip: 10.1.0.56, host: fv-az180-400.aibneqh1mxpuhl3tnnuy2ifbce.bx.internal.cloudapp.net, ports: [REPLICATION=41799, RATIS=37955, RATIS_ADMIN=37955, RATIS_SERVER=37955, STANDALONE=46377], networkLocation: /default-rack, certSerialId: null, persistedOpState: null, persistedOpStateExpiryEpochSec: 0}]"  ancestorGen="0").
2022-11-18 13:06:08,550 [Under Replicated Processor] WARN  net.NetworkTopologyImpl (NetworkTopologyImpl.java:chooseNodeInternal(653)) - No available node in (scope="/default-rack" excludedScope="null" excludedNodes="[8ad84362-fca3-4a94-b029-55aaea538166{ip: 10.1.0.56, host: fv-az180-400.aibneqh1mxpuhl3tnnuy2ifbce.bx.internal.cloudapp.net, ports: [REPLICATION=45785, RATIS=38939, RATIS_ADMIN=38939, RATIS_SERVER=38939, STANDALONE=38791], networkLocation: /default-rack, certSerialId: null, persistedOpState: IN_SERVICE, persistedOpStateExpiryEpochSec: 0}, 1bb9cbb4-eec0-4324-8de7-fca776b53f2b{ip: 10.1.0.56, host: fv-az180-400.aibneqh1mxpuhl3tnnuy2ifbce.bx.internal.cloudapp.net, ports: [REPLICATION=45141, RATIS=44667, RATIS_ADMIN=44667, RATIS_SERVER=44667, STANDALONE=45879], networkLocation: /default-rack, certSerialId: null, persistedOpState: IN_SERVICE, persistedOpStateExpiryEpochSec: 0}, 961e98b4-0515-4e33-9a5e-b87989e0967c{ip: 10.1.0.56, host: fv-az180-400.aibneqh1mxpuhl3tnnuy2ifbce.bx.internal.cloudapp.net, ports: [REPLICATION=32803, RATIS=45547, RATIS_ADMIN=45547, RATIS_SERVER=45547, STANDALONE=33243], networkLocation: /default-rack, certSerialId: null, persistedOpState: IN_SERVICE, persistedOpStateExpiryEpochSec: 0}, a36f0c9e-34c7-41e1-90e2-5c691522fdfd{ip: 10.1.0.56, host: fv-az180-400.aibneqh1mxpuhl3tnnuy2ifbce.bx.internal.cloudapp.net, ports: [REPLICATION=43001, RATIS=35103, RATIS_ADMIN=35103, RATIS_SERVER=35103, STANDALONE=34509], networkLocation: /default-rack, certSerialId: null, persistedOpState: IN_SERVICE, persistedOpStateExpiryEpochSec: 0}, a49fbcfb-f7dc-4282-aec4-a4f9f3e2b5ab{ip: 10.1.0.56, host: fv-az180-400.aibneqh1mxpuhl3tnnuy2ifbce.bx.internal.cloudapp.net, ports: [REPLICATION=41799, RATIS=37955, RATIS_ADMIN=37955, RATIS_SERVER=37955, STANDALONE=46377], networkLocation: /default-rack, certSerialId: null, persistedOpState: null, persistedOpStateExpiryEpochSec: 0}]"  ancestorGen="0").
2022-11-18 13:06:08,550 [Under Replicated Processor] WARN  net.NetworkTopologyImpl (NetworkTopologyImpl.java:chooseNodeInternal(653)) - No available node in (scope="/default-rack" excludedScope="null" excludedNodes="[8ad84362-fca3-4a94-b029-55aaea538166{ip: 10.1.0.56, host: fv-az180-400.aibneqh1mxpuhl3tnnuy2ifbce.bx.internal.cloudapp.net, ports: [REPLICATION=45785, RATIS=38939, RATIS_ADMIN=38939, RATIS_SERVER=38939, STANDALONE=38791], networkLocation: /default-rack, certSerialId: null, persistedOpState: IN_SERVICE, persistedOpStateExpiryEpochSec: 0}, 1bb9cbb4-eec0-4324-8de7-fca776b53f2b{ip: 10.1.0.56, host: fv-az180-400.aibneqh1mxpuhl3tnnuy2ifbce.bx.internal.cloudapp.net, ports: [REPLICATION=45141, RATIS=44667, RATIS_ADMIN=44667, RATIS_SERVER=44667, STANDALONE=45879], networkLocation: /default-rack, certSerialId: null, persistedOpState: IN_SERVICE, persistedOpStateExpiryEpochSec: 0}, 961e98b4-0515-4e33-9a5e-b87989e0967c{ip: 10.1.0.56, host: fv-az180-400.aibneqh1mxpuhl3tnnuy2ifbce.bx.internal.cloudapp.net, ports: [REPLICATION=32803, RATIS=45547, RATIS_ADMIN=45547, RATIS_SERVER=45547, STANDALONE=33243], networkLocation: /default-rack, certSerialId: null, persistedOpState: IN_SERVICE, persistedOpStateExpiryEpochSec: 0}, a36f0c9e-34c7-41e1-90e2-5c691522fdfd{ip: 10.1.0.56, host: fv-az180-400.aibneqh1mxpuhl3tnnuy2ifbce.bx.internal.cloudapp.net, ports: [REPLICATION=43001, RATIS=35103, RATIS_ADMIN=35103, RATIS_SERVER=35103, STANDALONE=34509], networkLocation: /default-rack, certSerialId: null, persistedOpState: IN_SERVICE, persistedOpStateExpiryEpochSec: 0}, a49fbcfb-f7dc-4282-aec4-a4f9f3e2b5ab{ip: 10.1.0.56, host: fv-az180-400.aibneqh1mxpuhl3tnnuy2ifbce.bx.internal.cloudapp.net, ports: [REPLICATION=41799, RATIS=37955, RATIS_ADMIN=37955, RATIS_SERVER=37955, STANDALONE=46377], networkLocation: /default-rack, certSerialId: null, persistedOpState: null, persistedOpStateExpiryEpochSec: 0}]"  ancestorGen="0").
2022-11-18 13:06:08,550 [Under Replicated Processor] WARN  net.NetworkTopologyImpl (NetworkTopologyImpl.java:chooseNodeInternal(653)) - No available node in (scope="/default-rack" excludedScope="null" excludedNodes="[8ad84362-fca3-4a94-b029-55aaea538166{ip: 10.1.0.56, host: fv-az180-400.aibneqh1mxpuhl3tnnuy2ifbce.bx.internal.cloudapp.net, ports: [REPLICATION=45785, RATIS=38939, RATIS_ADMIN=38939, RATIS_SERVER=38939, STANDALONE=38791], networkLocation: /default-rack, certSerialId: null, persistedOpState: IN_SERVICE, persistedOpStateExpiryEpochSec: 0}, 1bb9cbb4-eec0-4324-8de7-fca776b53f2b{ip: 10.1.0.56, host: fv-az180-400.aibneqh1mxpuhl3tnnuy2ifbce.bx.internal.cloudapp.net, ports: [REPLICATION=45141, RATIS=44667, RATIS_ADMIN=44667, RATIS_SERVER=44667, STANDALONE=45879], networkLocation: /default-rack, certSerialId: null, persistedOpState: IN_SERVICE, persistedOpStateExpiryEpochSec: 0}, 961e98b4-0515-4e33-9a5e-b87989e0967c{ip: 10.1.0.56, host: fv-az180-400.aibneqh1mxpuhl3tnnuy2ifbce.bx.internal.cloudapp.net, ports: [REPLICATION=32803, RATIS=45547, RATIS_ADMIN=45547, RATIS_SERVER=45547, STANDALONE=33243], networkLocation: /default-rack, certSerialId: null, persistedOpState: IN_SERVICE, persistedOpStateExpiryEpochSec: 0}, a36f0c9e-34c7-41e1-90e2-5c691522fdfd{ip: 10.1.0.56, host: fv-az180-400.aibneqh1mxpuhl3tnnuy2ifbce.bx.internal.cloudapp.net, ports: [REPLICATION=43001, RATIS=35103, RATIS_ADMIN=35103, RATIS_SERVER=35103, STANDALONE=34509], networkLocation: /default-rack, certSerialId: null, persistedOpState: IN_SERVICE, persistedOpStateExpiryEpochSec: 0}, a49fbcfb-f7dc-4282-aec4-a4f9f3e2b5ab{ip: 10.1.0.56, host: fv-az180-400.aibneqh1mxpuhl3tnnuy2ifbce.bx.internal.cloudapp.net, ports: [REPLICATION=41799, RATIS=37955, RATIS_ADMIN=37955, RATIS_SERVER=37955, STANDALONE=46377], networkLocation: /default-rack, certSerialId: null, persistedOpState: null, persistedOpStateExpiryEpochSec: 0}]"  ancestorGen="0").
2022-11-18 13:06:08,550 [Under Replicated Processor] INFO  algorithms.SCMContainerPlacementRackScatter (SCMContainerPlacementRackScatter.java:chooseNode(379)) - No satisfied datanode to meet the constraints. Metadatadata size required: 0 Data size required: 5368709120, scope /default-rack, excluded nodes [8ad84362-fca3-4a94-b029-55aaea538166{ip: 10.1.0.56, host: fv-az180-400.aibneqh1mxpuhl3tnnuy2ifbce.bx.internal.cloudapp.net, ports: [REPLICATION=45785, RATIS=38939, RATIS_ADMIN=38939, RATIS_SERVER=38939, STANDALONE=38791], networkLocation: /default-rack, certSerialId: null, persistedOpState: IN_SERVICE, persistedOpStateExpiryEpochSec: 0}, 1bb9cbb4-eec0-4324-8de7-fca776b53f2b{ip: 10.1.0.56, host: fv-az180-400.aibneqh1mxpuhl3tnnuy2ifbce.bx.internal.cloudapp.net, ports: [REPLICATION=45141, RATIS=44667, RATIS_ADMIN=44667, RATIS_SERVER=44667, STANDALONE=45879], networkLocation: /default-rack, certSerialId: null, persistedOpState: IN_SERVICE, persistedOpStateExpiryEpochSec: 0}, 961e98b4-0515-4e33-9a5e-b87989e0967c{ip: 10.1.0.56, host: fv-az180-400.aibneqh1mxpuhl3tnnuy2ifbce.bx.internal.cloudapp.net, ports: [REPLICATION=32803, RATIS=45547, RATIS_ADMIN=45547, RATIS_SERVER=45547, STANDALONE=33243], networkLocation: /default-rack, certSerialId: null, persistedOpState: IN_SERVICE, persistedOpStateExpiryEpochSec: 0}, a36f0c9e-34c7-41e1-90e2-5c691522fdfd{ip: 10.1.0.56, host: fv-az180-400.aibneqh1mxpuhl3tnnuy2ifbce.bx.internal.cloudapp.net, ports: [REPLICATION=43001, RATIS=35103, RATIS_ADMIN=35103, RATIS_SERVER=35103, STANDALONE=34509], networkLocation: /default-rack, certSerialId: null, persistedOpState: IN_SERVICE, persistedOpStateExpiryEpochSec: 0}, a49fbcfb-f7dc-4282-aec4-a4f9f3e2b5ab{ip: 10.1.0.56, host: fv-az180-400.aibneqh1mxpuhl3tnnuy2ifbce.bx.internal.cloudapp.net, ports: [REPLICATION=41799, RATIS=37955, RATIS_ADMIN=37955, RATIS_SERVER=37955, STANDALONE=46377], networkLocation: /default-rack, certSerialId: null, persistedOpState: null, persistedOpStateExpiryEpochSec: 0}]
2022-11-18 13:06:08,550 [Under Replicated Processor] WARN  algorithms.SCMContainerPlacementRackScatter (SCMContainerPlacementRackScatter.java:chooseDatanodesInternal(281)) - Placement policy could not choose the enough nodes from available racks. Chosen nodes size from Unique Racks: 0, but required nodes to choose from Unique Racks: 1 do not match. Available racks count: 1, Excluded nodes count: 4
2022-11-18 13:06:08,550 [Under Replicated Processor] WARN  replication.ECUnderReplicationHandler (ECUnderReplicationHandler.java:processAndCreateCommands(252)) - Exception while processing for creating the EC reconstruction container commands for #8.
org.apache.hadoop.hdds.scm.exceptions.SCMException: Chosen nodes size from Unique Racks: 0, but required nodes to choose from Unique Racks: 1 do not match.
	at org.apache.hadoop.hdds.scm.container.placement.algorithms.SCMContainerPlacementRackScatter.chooseDatanodesInternal(SCMContainerPlacementRackScatter.java:286)
	at org.apache.hadoop.hdds.scm.SCMCommonPlacementPolicy.chooseDatanodes(SCMCommonPlacementPolicy.java:175)
	at org.apache.hadoop.hdds.scm.SCMCommonPlacementPolicy.chooseDatanodes(SCMCommonPlacementPolicy.java:117)
	at org.apache.hadoop.hdds.scm.container.replication.ECUnderReplicationHandler.getTargetDatanodes(ECUnderReplicationHandler.java:303)
	at org.apache.hadoop.hdds.scm.container.replication.ECUnderReplicationHandler.processAndCreateCommands(ECUnderReplicationHandler.java:186)
	at org.apache.hadoop.hdds.scm.container.replication.ReplicationManager.processUnderReplicatedContainer(ReplicationManager.java:483)
	at org.apache.hadoop.hdds.scm.container.replication.UnderReplicatedProcessor.processContainer(UnderReplicatedProcessor.java:99)
	at org.apache.hadoop.hdds.scm.container.replication.UnderReplicatedProcessor.processAll(UnderReplicatedProcessor.java:83)
	at org.apache.hadoop.hdds.scm.container.replication.UnderReplicatedProcessor.run(UnderReplicatedProcessor.java:144)
	at java.lang.Thread.run(Thread.java:750)
2022-11-18 13:06:08,552 [Under Replicated Processor] ERROR replication.UnderReplicatedProcessor (UnderReplicatedProcessor.java:processAll(86)) - Error processing under replicated container ContainerInfo{id=#8, state=CLOSED, pipelineID=PipelineID=67e84420-6fe2-43b6-bc4f-8bf4477b66f2, stateEnterTime=2022-11-18T13:05:28.764Z, owner=om1}
org.apache.hadoop.hdds.scm.exceptions.SCMException: Chosen nodes size from Unique Racks: 0, but required nodes to choose from Unique Racks: 1 do not match.
	at org.apache.hadoop.hdds.scm.container.placement.algorithms.SCMContainerPlacementRackScatter.chooseDatanodesInternal(SCMContainerPlacementRackScatter.java:286)
	at org.apache.hadoop.hdds.scm.SCMCommonPlacementPolicy.chooseDatanodes(SCMCommonPlacementPolicy.java:175)
	at org.apache.hadoop.hdds.scm.SCMCommonPlacementPolicy.chooseDatanodes(SCMCommonPlacementPolicy.java:117)
	at org.apache.hadoop.hdds.scm.container.replication.ECUnderReplicationHandler.getTargetDatanodes(ECUnderReplicationHandler.java:303)
	at org.apache.hadoop.hdds.scm.container.replication.ECUnderReplicationHandler.processAndCreateCommands(ECUnderReplicationHandler.java:186)
	at org.apache.hadoop.hdds.scm.container.replication.ReplicationManager.processUnderReplicatedContainer(ReplicationManager.java:483)
	at org.apache.hadoop.hdds.scm.container.replication.UnderReplicatedProcessor.processContainer(UnderReplicatedProcessor.java:99)
	at org.apache.hadoop.hdds.scm.container.replication.UnderReplicatedProcessor.processAll(UnderReplicatedProcessor.java:83)
	at org.apache.hadoop.hdds.scm.container.replication.UnderReplicatedProcessor.run(UnderReplicatedProcessor.java:144)
	at java.lang.Thread.run(Thread.java:750)
2022-11-18 13:06:08,552 [Under Replicated Processor] WARN  replication.ECUnderReplicationHandler (ECUnderReplicationHandler.java:processAndCreateCommands(211)) - Cannot proceed for EC container reconstruction for #8, due to insufficient source replicas found. Number of source replicas needed: 3. Number of available source replicas are: 2. Available sources are: {1=(ContainerReplica{containerID=#8, state=CLOSED, datanodeDetails=1bb9cbb4-eec0-4324-8de7-fca776b53f2b{ip: 10.1.0.56, host: fv-az180-400.aibneqh1mxpuhl3tnnuy2ifbce.bx.internal.cloudapp.net, ports: [REPLICATION=45141, RATIS=44667, RATIS_ADMIN=44667, RATIS_SERVER=44667, STANDALONE=45879], networkLocation: /default-rack, certSerialId: null, persistedOpState: IN_SERVICE, persistedOpStateExpiryEpochSec: 0}, placeOfBirth=1bb9cbb4-eec0-4324-8de7-fca776b53f2b, sequenceId=0, keyCount=2, bytesUsed=38,replicaIndex=1},OperationalState: IN_SERVICE Health: HEALTHY OperationStateExpiry: 0), 5=(ContainerReplica{containerID=#8, state=CLOSED, datanodeDetails=8ad84362-fca3-4a94-b029-55aaea538166{ip: 10.1.0.56, host: fv-az180-400.aibneqh1mxpuhl3tnnuy2ifbce.bx.internal.cloudapp.net, ports: [REPLICATION=45785, RATIS=38939, RATIS_ADMIN=38939, RATIS_SERVER=38939, STANDALONE=38791], networkLocation: /default-rack, certSerialId: null, persistedOpState: IN_SERVICE, persistedOpStateExpiryEpochSec: 0}, placeOfBirth=8ad84362-fca3-4a94-b029-55aaea538166, sequenceId=0, keyCount=2, bytesUsed=38,replicaIndex=5},OperationalState: IN_SERVICE Health: HEALTHY OperationStateExpiry: 0)}
2022-11-18 13:06:08,552 [Under Replicated Processor] WARN  replication.ECUnderReplicationHandler (ECUnderReplicationHandler.java:processAndCreateCommands(258)) - Container #8 is under replicated, but no commands were created to correct it
2022-11-18 13:06:08,552 [Under Replicated Processor] WARN  replication.ECUnderReplicationHandler (ECUnderReplicationHandler.java:processAndCreateCommands(211)) - Cannot proceed for EC container reconstruction for #8, due to insufficient source replicas found. Number of source replicas needed: 3. Number of available source replicas are: 2. Available sources are: {1=(ContainerReplica{containerID=#8, state=CLOSED, datanodeDetails=1bb9cbb4-eec0-4324-8de7-fca776b53f2b{ip: 10.1.0.56, host: fv-az180-400.aibneqh1mxpuhl3tnnuy2ifbce.bx.internal.cloudapp.net, ports: [REPLICATION=45141, RATIS=44667, RATIS_ADMIN=44667, RATIS_SERVER=44667, STANDALONE=45879], networkLocation: /default-rack, certSerialId: null, persistedOpState: IN_SERVICE, persistedOpStateExpiryEpochSec: 0}, placeOfBirth=1bb9cbb4-eec0-4324-8de7-fca776b53f2b, sequenceId=0, keyCount=2, bytesUsed=38,replicaIndex=1},OperationalState: IN_SERVICE Health: HEALTHY OperationStateExpiry: 0), 5=(ContainerReplica{containerID=#8, state=CLOSED, datanodeDetails=8ad84362-fca3-4a94-b029-55aaea538166{ip: 10.1.0.56, host: fv-az180-400.aibneqh1mxpuhl3tnnuy2ifbce.bx.internal.cloudapp.net, ports: [REPLICATION=45785, RATIS=38939, RATIS_ADMIN=38939, RATIS_SERVER=38939, STANDALONE=38791], networkLocation: /default-rack, certSerialId: null, persistedOpState: IN_SERVICE, persistedOpStateExpiryEpochSec: 0}, placeOfBirth=8ad84362-fca3-4a94-b029-55aaea538166, sequenceId=0, keyCount=2, bytesUsed=38,replicaIndex=5},OperationalState: IN_SERVICE Health: HEALTHY OperationStateExpiry: 0)}
2022-11-18 13:06:08,552 [Under Replicated Processor] WARN  replication.ECUnderReplicationHandler (ECUnderReplicationHandler.java:processAndCreateCommands(258)) - Container #8 is under replicated, but no commands were created to correct it
2022-11-18 13:06:08,552 [Under Replicated Processor] INFO  replication.UnderReplicatedProcessor (UnderReplicatedProcessor.java:processAll(92)) - Processed 8 under replicated containers, failed processing 69
2022-11-18 13:06:08,560 [IPC Server handler 4 on default port 40433] INFO  net.NetworkTopologyImpl (NetworkTopologyImpl.java:add(112)) - Added a new node: /default-rack/ec62b457-0040-4e07-85ab-e1dde9d29779
2022-11-18 13:06:08,560 [IPC Server handler 4 on default port 40433] INFO  node.SCMNodeManager (SCMNodeManager.java:register(397)) - Registered Data node : ec62b457-0040-4e07-85ab-e1dde9d29779{ip: 10.1.0.56, host: fv-az180-400.aibneqh1mxpuhl3tnnuy2ifbce.bx.internal.cloudapp.net, ports: [REPLICATION=44127, RATIS=46203, RATIS_ADMIN=46203, RATIS_SERVER=46203, STANDALONE=45629], networkLocation: /default-rack, certSerialId: null, persistedOpState: null, persistedOpStateExpiryEpochSec: 0}
2022-11-18 13:06:08,561 [EventQueue-NewNodeForNewNodeHandler] INFO  pipeline.BackgroundPipelineCreator (BackgroundPipelineCreator.java:notifyEventTriggered(276)) - trigger a one-shot run on RatisPipelineUtilsThread.
2022-11-18 13:06:08,561 [EventQueue-NodeRegistrationContainerReportForDataNodeSafeModeRule] INFO  safemode.SCMSafeModeManager (DataNodeSafeModeRule.java:process(71)) - SCM in safe mode. 2 DataNodes registered, 3 required.
2022-11-18 13:06:08,561 [RatisPipelineUtilsThread - 0] INFO  pipeline.RatisPipelineProvider (RatisPipelineProvider.java:lambda$create$0(195)) - Sending CreatePipelineCommand for pipeline:PipelineID=574da5c7-118c-4be7-9342-a0fc867c4483 to datanode:ec62b457-0040-4e07-85ab-e1dde9d29779
2022-11-18 13:06:08,561 [RatisPipelineUtilsThread - 0] INFO  pipeline.PipelineStateManagerImpl (PipelineStateManagerImpl.java:addPipeline(103)) - Created pipeline Pipeline[ Id: 574da5c7-118c-4be7-9342-a0fc867c4483, Nodes: ec62b457-0040-4e07-85ab-e1dde9d29779{ip: 10.1.0.56, host: fv-az180-400.aibneqh1mxpuhl3tnnuy2ifbce.bx.internal.cloudapp.net, ports: [REPLICATION=44127, RATIS=46203, RATIS_ADMIN=46203, RATIS_SERVER=46203, STANDALONE=45629], networkLocation: /default-rack, certSerialId: null, persistedOpState: IN_SERVICE, persistedOpStateExpiryEpochSec: 0}, ReplicationConfig: RATIS/ONE, State:ALLOCATED, leaderId:, CreationTimestamp2022-11-18T13:06:08.561Z[Etc/UTC]].
2022-11-18 13:06:08,680 [EndpointStateMachine task thread for /0.0.0.0:36157 - 0 ] INFO  ipc.Client (Client.java:handleConnectionFailure(1010)) - Retrying connect to server: 0.0.0.0/0.0.0.0:36157. Already tried 0 time(s); retry policy is RetryUpToMaximumCountWithFixedSleep(maxRetries=15, sleepTime=1000 MILLISECONDS)
2022-11-18 13:06:08,695 [IPC Server handler 0 on default port 36157] INFO  server.SCMDatanodeHeartbeatDispatcher (SCMDatanodeHeartbeatDispatcher.java:dispatch(108)) - SCM received heartbeat from an unregistered datanode 4e9d01e2-99f3-4323-a596-366f46fa44e1{ip: 10.1.0.56, host: fv-az180-400.aibneqh1mxpuhl3tnnuy2ifbce.bx.internal.cloudapp.net, ports: [REPLICATION=35349, RATIS=45787, RATIS_ADMIN=45787, RATIS_SERVER=45787, STANDALONE=45767], networkLocation: /default-rack, certSerialId: null, persistedOpState: null, persistedOpStateExpiryEpochSec: 0}. Asking datanode to re-register.
2022-11-18 13:06:08,696 [IPC Server handler 1 on default port 36157] INFO  server.SCMDatanodeHeartbeatDispatcher (SCMDatanodeHeartbeatDispatcher.java:dispatch(108)) - SCM received heartbeat from an unregistered datanode 277e5bbd-414d-4f19-87c3-552c8f153d3d{ip: 10.1.0.56, host: fv-az180-400.aibneqh1mxpuhl3tnnuy2ifbce.bx.internal.cloudapp.net, ports: [REPLICATION=34679, RATIS=43003, RATIS_ADMIN=43003, RATIS_SERVER=43003, STANDALONE=43927], networkLocation: /default-rack, certSerialId: null, persistedOpState: null, persistedOpStateExpiryEpochSec: 0}. Asking datanode to re-register.
2022-11-18 13:06:08,698 [Listener at 127.0.0.1/39657] INFO  ozone.MiniOzoneClusterImpl (MiniOzoneClusterImpl.java:lambda$waitForClusterToBeReady$0(216)) - Waiting for nodes to be ready. Got 2 of 7 DN Heartbeats.
2022-11-18 13:06:08,698 [Listener at 127.0.0.1/39657] INFO  ozone.MiniOzoneClusterImpl (MiniOzoneClusterImpl.java:lambda$waitForClusterToBeReady$0(219)) - Waiting for cluster to exit safe mode
2022-11-18 13:06:08,698 [Listener at 127.0.0.1/39657] INFO  ozone.MiniOzoneClusterImpl (MiniOzoneClusterImpl.java:lambda$waitForClusterToBeReady$0(221)) - SCM became leader
2022-11-18 13:06:08,699 [IPC Server handler 2 on default port 36157] INFO  server.SCMDatanodeHeartbeatDispatcher (SCMDatanodeHeartbeatDispatcher.java:dispatch(108)) - SCM received heartbeat from an unregistered datanode 62944fc1-681b-46bd-93f7-2482762a7b31{ip: 10.1.0.56, host: fv-az180-400.aibneqh1mxpuhl3tnnuy2ifbce.bx.internal.cloudapp.net, ports: [REPLICATION=41933, RATIS=38905, RATIS_ADMIN=38905, RATIS_SERVER=38905, STANDALONE=35895], networkLocation: /default-rack, certSerialId: null, persistedOpState: null, persistedOpStateExpiryEpochSec: 0}. Asking datanode to re-register.
2022-11-18 13:06:08,699 [IPC Server handler 3 on default port 36157] INFO  server.SCMDatanodeHeartbeatDispatcher (SCMDatanodeHeartbeatDispatcher.java:dispatch(108)) - SCM received heartbeat from an unregistered datanode f55315c2-12b7-4bf7-9755-17bd9d593b12{ip: 10.1.0.56, host: fv-az180-400.aibneqh1mxpuhl3tnnuy2ifbce.bx.internal.cloudapp.net, ports: [REPLICATION=46321, RATIS=41975, RATIS_ADMIN=41975, RATIS_SERVER=41975, STANDALONE=41495], networkLocation: /default-rack, certSerialId: null, persistedOpState: null, persistedOpStateExpiryEpochSec: 0}. Asking datanode to re-register.
2022-11-18 13:06:08,700 [IPC Server handler 4 on default port 36157] INFO  server.SCMDatanodeHeartbeatDispatcher (SCMDatanodeHeartbeatDispatcher.java:dispatch(108)) - SCM received heartbeat from an unregistered datanode 5f7ad737-403f-4287-b3fb-a8d838b89ff3{ip: 10.1.0.56, host: fv-az180-400.aibneqh1mxpuhl3tnnuy2ifbce.bx.internal.cloudapp.net, ports: [REPLICATION=46029, RATIS=42843, RATIS_ADMIN=42843, RATIS_SERVER=42843, STANDALONE=40873], networkLocation: /default-rack, certSerialId: null, persistedOpState: null, persistedOpStateExpiryEpochSec: 0}. Asking datanode to re-register.
2022-11-18 13:06:08,700 [IPC Server handler 5 on default port 36157] INFO  server.SCMDatanodeHeartbeatDispatcher (SCMDatanodeHeartbeatDispatcher.java:dispatch(108)) - SCM received heartbeat from an unregistered datanode dba9af6d-6e82-4367-aab1-8cf42182a7ab{ip: 10.1.0.56, host: fv-az180-400.aibneqh1mxpuhl3tnnuy2ifbce.bx.internal.cloudapp.net, ports: [REPLICATION=34389, RATIS=42951, RATIS_ADMIN=42951, RATIS_SERVER=42951, STANDALONE=36151], networkLocation: /default-rack, certSerialId: null, persistedOpState: null, persistedOpStateExpiryEpochSec: 0}. Asking datanode to re-register.
2022-11-18 13:06:08,700 [IPC Server handler 6 on default port 36157] INFO  server.SCMDatanodeHeartbeatDispatcher (SCMDatanodeHeartbeatDispatcher.java:dispatch(108)) - SCM received heartbeat from an unregistered datanode cb27b585-024b-4029-854c-b46b41cc55c7{ip: 10.1.0.56, host: fv-az180-400.aibneqh1mxpuhl3tnnuy2ifbce.bx.internal.cloudapp.net, ports: [REPLICATION=34641, RATIS=45595, RATIS_ADMIN=45595, RATIS_SERVER=45595, STANDALONE=37703], networkLocation: /default-rack, certSerialId: null, persistedOpState: IN_MAINTENANCE, persistedOpStateExpiryEpochSec: 0}. Asking datanode to re-register.
2022-11-18 13:06:08,701 [IPC Server handler 7 on default port 36157] INFO  server.SCMDatanodeHeartbeatDispatcher (SCMDatanodeHeartbeatDispatcher.java:dispatch(108)) - SCM received heartbeat from an unregistered datanode 62944fc1-681b-46bd-93f7-2482762a7b31{ip: 10.1.0.56, host: fv-az180-400.aibneqh1mxpuhl3tnnuy2ifbce.bx.internal.cloudapp.net, ports: [REPLICATION=41933, RATIS=38905, RATIS_ADMIN=38905, RATIS_SERVER=38905, STANDALONE=35895], networkLocation: /default-rack, certSerialId: null, persistedOpState: null, persistedOpStateExpiryEpochSec: 0}. Asking datanode to re-register.
2022-11-18 13:06:08,701 [IPC Server handler 8 on default port 36157] INFO  server.SCMDatanodeHeartbeatDispatcher (SCMDatanodeHeartbeatDispatcher.java:dispatch(108)) - SCM received heartbeat from an unregistered datanode 62944fc1-681b-46bd-93f7-2482762a7b31{ip: 10.1.0.56, host: fv-az180-400.aibneqh1mxpuhl3tnnuy2ifbce.bx.internal.cloudapp.net, ports: [REPLICATION=41933, RATIS=38905, RATIS_ADMIN=38905, RATIS_SERVER=38905, STANDALONE=35895], networkLocation: /default-rack, certSerialId: null, persistedOpState: null, persistedOpStateExpiryEpochSec: 0}. Asking datanode to re-register.
2022-11-18 13:06:08,725 [IPC Server handler 9 on default port 36157] INFO  net.NetworkTopologyImpl (NetworkTopologyImpl.java:add(112)) - Added a new node: /default-rack/62944fc1-681b-46bd-93f7-2482762a7b31
2022-11-18 13:06:08,725 [IPC Server handler 9 on default port 36157] INFO  node.SCMNodeManager (SCMNodeManager.java:register(397)) - Registered Data node : 62944fc1-681b-46bd-93f7-2482762a7b31{ip: 10.1.0.56, host: fv-az180-400.aibneqh1mxpuhl3tnnuy2ifbce.bx.internal.cloudapp.net, ports: [REPLICATION=41933, RATIS=38905, RATIS_ADMIN=38905, RATIS_SERVER=38905, STANDALONE=35895], networkLocation: /default-rack, certSerialId: null, persistedOpState: null, persistedOpStateExpiryEpochSec: 0}
2022-11-18 13:06:08,737 [EventQueue-NodeRegistrationContainerReportForDataNodeSafeModeRule] INFO  safemode.SCMSafeModeManager (DataNodeSafeModeRule.java:process(71)) - SCM in safe mode. 1 DataNodes registered, 3 required.
2022-11-18 13:06:08,737 [EventQueue-PipelineReportForOneReplicaPipelineSafeModeRule] INFO  safemode.SCMSafeModeManager (OneReplicaPipelineSafeModeRule.java:process(120)) - SCM in safe mode. Pipelines with at least one datanode reported count is 0, required at least one datanode reported per pipeline count is 1
2022-11-18 13:06:08,742 [EndpointStateMachine task thread for /0.0.0.0:40433 - 0 ] INFO  utils.DatanodeStoreCache (DatanodeStoreCache.java:addDB(58)) - Added db /home/runner/work/ozone/ozone/hadoop-ozone/integration-test/target/test-dir/MiniOzoneClusterImpl-d3d67884-f8de-446f-8121-b5603e1f9142/datanode-6/data-0/containers/hdds/d3d67884-f8de-446f-8121-b5603e1f9142/DS-0ea8c6ab-8100-4014-9029-bb1a0deca010/container.db to cache
2022-11-18 13:06:08,742 [EndpointStateMachine task thread for /0.0.0.0:40433 - 0 ] INFO  volume.HddsVolume (HddsVolume.java:createDbStore(307)) - SchemaV3 db is created and loaded at /home/runner/work/ozone/ozone/hadoop-ozone/integration-test/target/test-dir/MiniOzoneClusterImpl-d3d67884-f8de-446f-8121-b5603e1f9142/datanode-6/data-0/containers/hdds/d3d67884-f8de-446f-8121-b5603e1f9142/DS-0ea8c6ab-8100-4014-9029-bb1a0deca010/container.db for volume DS-0ea8c6ab-8100-4014-9029-bb1a0deca010
2022-11-18 13:06:08,742 [EndpointStateMachine task thread for /0.0.0.0:40433 - 0 ] INFO  ozoneimpl.OzoneContainer (OzoneContainer.java:start(395)) - Attempting to start container services.
2022-11-18 13:06:08,742 [EndpointStateMachine task thread for /0.0.0.0:40433 - 0 ] INFO  ozoneimpl.OzoneContainer (OzoneContainer.java:startContainerScrub(312)) - Scheduled background container scanners and the on-demand container scanner have been disabled.
2022-11-18 13:06:08,742 [EndpointStateMachine task thread for /0.0.0.0:40433 - 0 ] INFO  replication.ReplicationServer (ReplicationServer.java:start(111)) - ReplicationServer is started using port 45295
2022-11-18 13:06:08,747 [EventQueue-NewNodeForNewNodeHandler] INFO  pipeline.BackgroundPipelineCreator (BackgroundPipelineCreator.java:notifyEventTriggered(276)) - trigger a one-shot run on RatisPipelineUtilsThread.
2022-11-18 13:06:08,747 [EndpointStateMachine task thread for /0.0.0.0:40433 - 0 ] INFO  ratis.XceiverServerRatis (XceiverServerRatis.java:start(481)) - Starting XceiverServerRatis 4a771e97-762c-4a8a-bccd-860d81b1b0e2
2022-11-18 13:06:08,748 [EventQueue-NodeRegistrationContainerReportForContainerSafeModeRule] INFO  safemode.SCMSafeModeManager (ContainerSafeModeRule.java:process(127)) - SCM in safe mode. 100.0 % containers have at least one reported replica.
2022-11-18 13:06:08,748 [EventQueue-NodeRegistrationContainerReportForContainerSafeModeRule] INFO  safemode.SCMSafeModeManager (SCMSafeModeManager.java:validateSafeModeExitRules(204)) - ContainerSafeModeRule rule is successfully validated
2022-11-18 13:06:08,754 [EventQueue-OpenPipelineForHealthyPipelineSafeModeRule] INFO  safemode.SCMSafeModeManager (HealthyPipelineSafeModeRule.java:process(137)) - SCM in safe mode. Healthy pipelines reported count is 0, required healthy pipeline reported count is 1
2022-11-18 13:06:08,754 [EventQueue-StaleNodeForStaleNodeHandler] INFO  node.StaleNodeHandler (StaleNodeHandler.java:onMessage(59)) - Datanode 1bb9cbb4-eec0-4324-8de7-fca776b53f2b{ip: 10.1.0.56, host: fv-az180-400.aibneqh1mxpuhl3tnnuy2ifbce.bx.internal.cloudapp.net, ports: [REPLICATION=45141, RATIS=44667, RATIS_ADMIN=44667, RATIS_SERVER=44667, STANDALONE=45879], networkLocation: /default-rack, certSerialId: null, persistedOpState: IN_SERVICE, persistedOpStateExpiryEpochSec: 0} moved to stale state. Finalizing its pipelines [PipelineID=0ed7bbab-3bd0-44f6-a8bb-485aff241f8a]
2022-11-18 13:06:08,754 [EventQueue-StaleNodeForStaleNodeHandler] INFO  pipeline.PipelineManagerImpl (PipelineManagerImpl.java:closePipeline(442)) - Pipeline Pipeline[ Id: 0ed7bbab-3bd0-44f6-a8bb-485aff241f8a, Nodes: 1bb9cbb4-eec0-4324-8de7-fca776b53f2b{ip: 10.1.0.56, host: fv-az180-400.aibneqh1mxpuhl3tnnuy2ifbce.bx.internal.cloudapp.net, ports: [REPLICATION=45141, RATIS=44667, RATIS_ADMIN=44667, RATIS_SERVER=44667, STANDALONE=45879], networkLocation: /default-rack, certSerialId: null, persistedOpState: IN_SERVICE, persistedOpStateExpiryEpochSec: 0}, ReplicationConfig: RATIS/ONE, State:OPEN, leaderId:1bb9cbb4-eec0-4324-8de7-fca776b53f2b, CreationTimestamp2022-11-18T13:04:38.432Z[Etc/UTC]] moved to CLOSED state
2022-11-18 13:06:08,759 [EndpointStateMachine task thread for /0.0.0.0:40433 - 0 ] INFO  server.RaftServer (RaftServerProxy.java:startImpl(393)) - 4a771e97-762c-4a8a-bccd-860d81b1b0e2: start RPC server
2022-11-18 13:06:08,759 [EndpointStateMachine task thread for /0.0.0.0:40433 - 0 ] INFO  server.GrpcService (GrpcService.java:startImpl(270)) - 4a771e97-762c-4a8a-bccd-860d81b1b0e2: GrpcService started, listening on 45203
2022-11-18 13:06:08,760 [EndpointStateMachine task thread for /0.0.0.0:40433 - 0 ] INFO  ratis.XceiverServerRatis (XceiverServerRatis.java:getRealPort(502)) - XceiverServerRatis 4a771e97-762c-4a8a-bccd-860d81b1b0e2 is started using port 45203 for RATIS
2022-11-18 13:06:08,760 [EndpointStateMachine task thread for /0.0.0.0:40433 - 0 ] INFO  ratis.XceiverServerRatis (XceiverServerRatis.java:getRealPort(502)) - XceiverServerRatis 4a771e97-762c-4a8a-bccd-860d81b1b0e2 is started using port 45203 for RATIS_ADMIN
2022-11-18 13:06:08,760 [JvmPauseMonitor58] INFO  util.JvmPauseMonitor (JvmPauseMonitor.java:run(105)) - JvmPauseMonitor-4a771e97-762c-4a8a-bccd-860d81b1b0e2: Started
2022-11-18 13:06:08,760 [EndpointStateMachine task thread for /0.0.0.0:40433 - 0 ] INFO  ratis.XceiverServerRatis (XceiverServerRatis.java:getRealPort(502)) - XceiverServerRatis 4a771e97-762c-4a8a-bccd-860d81b1b0e2 is started using port 45203 for RATIS_SERVER
2022-11-18 13:06:08,760 [EndpointStateMachine task thread for /0.0.0.0:40433 - 0 ] INFO  server.XceiverServerGrpc (XceiverServerGrpc.java:start(180)) - XceiverServerGrpc 4a771e97-762c-4a8a-bccd-860d81b1b0e2 is started using port 41779
2022-11-18 13:06:08,837 [ReplicationMonitor] INFO  replication.ReplicationManager (ReplicationManager.java:processAll(319)) - Replication Manager is not ready to run until 3000ms after safemode exit
2022-11-18 13:06:08,916 [ReplicationMonitor] INFO  replication.ReplicationManager (ReplicationManager.java:processAll(319)) - Replication Manager is not ready to run until 3000ms after safemode exit
2022-11-18 13:06:09,066 [IPC Server handler 0 on default port 40433] INFO  net.NetworkTopologyImpl (NetworkTopologyImpl.java:add(112)) - Added a new node: /default-rack/b56e85ee-8e41-41ba-8236-410d8ae83499
2022-11-18 13:06:09,066 [IPC Server handler 0 on default port 40433] INFO  node.SCMNodeManager (SCMNodeManager.java:register(397)) - Registered Data node : b56e85ee-8e41-41ba-8236-410d8ae83499{ip: 10.1.0.56, host: fv-az180-400.aibneqh1mxpuhl3tnnuy2ifbce.bx.internal.cloudapp.net, ports: [REPLICATION=33143, RATIS=36407, RATIS_ADMIN=36407, RATIS_SERVER=36407, STANDALONE=39211], networkLocation: /default-rack, certSerialId: null, persistedOpState: null, persistedOpStateExpiryEpochSec: 0}
2022-11-18 13:06:09,067 [EventQueue-NewNodeForNewNodeHandler] INFO  pipeline.BackgroundPipelineCreator (BackgroundPipelineCreator.java:notifyEventTriggered(276)) - trigger a one-shot run on RatisPipelineUtilsThread.
2022-11-18 13:06:09,067 [EventQueue-NodeRegistrationContainerReportForDataNodeSafeModeRule] INFO  safemode.SCMSafeModeManager (DataNodeSafeModeRule.java:process(71)) - SCM in safe mode. 3 DataNodes registered, 3 required.
2022-11-18 13:06:09,067 [EventQueue-NodeRegistrationContainerReportForDataNodeSafeModeRule] INFO  safemode.SCMSafeModeManager (SCMSafeModeManager.java:validateSafeModeExitRules(204)) - DataNodeSafeModeRule rule is successfully validated
2022-11-18 13:06:09,067 [EventQueue-NodeRegistrationContainerReportForDataNodeSafeModeRule] INFO  safemode.SCMSafeModeManager (SCMSafeModeManager.java:completePreCheck(233)) - All SCM safe mode pre check rules have passed
2022-11-18 13:06:09,067 [EventQueue-NodeRegistrationContainerReportForDataNodeSafeModeRule] WARN  events.EventQueue (EventQueue.java:fireEvent(216)) - No event handler registered for event TypedEvent{payloadType=SafeModeStatus, name='Safe mode status'}
2022-11-18 13:06:09,067 [EventQueue-NodeRegistrationContainerReportForDataNodeSafeModeRule] INFO  ha.SCMContext (SCMContext.java:updateSafeModeStatus(228)) - Update SafeModeStatus from SafeModeStatus{safeModeStatus=true, preCheckPassed=false} to SafeModeStatus{safeModeStatus=true, preCheckPassed=true}.
2022-11-18 13:06:09,067 [EventQueue-NodeRegistrationContainerReportForDataNodeSafeModeRule] INFO  pipeline.BackgroundPipelineCreator (BackgroundPipelineCreator.java:notifyEventTriggered(276)) - trigger a one-shot run on RatisPipelineUtilsThread.
2022-11-18 13:06:09,067 [RatisPipelineUtilsThread - 0] INFO  pipeline.RatisPipelineProvider (RatisPipelineProvider.java:lambda$create$0(195)) - Sending CreatePipelineCommand for pipeline:PipelineID=280b0efe-1f3b-4d9f-a1c7-b0097f026191 to datanode:b56e85ee-8e41-41ba-8236-410d8ae83499
2022-11-18 13:06:09,068 [RatisPipelineUtilsThread - 0] INFO  pipeline.PipelineStateManagerImpl (PipelineStateManagerImpl.java:addPipeline(103)) - Created pipeline Pipeline[ Id: 280b0efe-1f3b-4d9f-a1c7-b0097f026191, Nodes: b56e85ee-8e41-41ba-8236-410d8ae83499{ip: 10.1.0.56, host: fv-az180-400.aibneqh1mxpuhl3tnnuy2ifbce.bx.internal.cloudapp.net, ports: [REPLICATION=33143, RATIS=36407, RATIS_ADMIN=36407, RATIS_SERVER=36407, STANDALONE=39211], networkLocation: /default-rack, certSerialId: null, persistedOpState: IN_SERVICE, persistedOpStateExpiryEpochSec: 0}, ReplicationConfig: RATIS/ONE, State:ALLOCATED, leaderId:, CreationTimestamp2022-11-18T13:06:09.067Z[Etc/UTC]].
2022-11-18 13:06:09,068 [RatisPipelineUtilsThread - 0] INFO  pipeline.RatisPipelineProvider (RatisPipelineProvider.java:lambda$create$0(195)) - Sending CreatePipelineCommand for pipeline:PipelineID=20b526d6-12ff-4da5-a3c9-cbe126e451e1 to datanode:db052414-94b4-46f8-aca1-929beb3cfaa7
2022-11-18 13:06:09,068 [RatisPipelineUtilsThread - 0] INFO  pipeline.RatisPipelineProvider (RatisPipelineProvider.java:lambda$create$0(195)) - Sending CreatePipelineCommand for pipeline:PipelineID=20b526d6-12ff-4da5-a3c9-cbe126e451e1 to datanode:b56e85ee-8e41-41ba-8236-410d8ae83499
2022-11-18 13:06:09,068 [RatisPipelineUtilsThread - 0] INFO  pipeline.RatisPipelineProvider (RatisPipelineProvider.java:lambda$create$0(195)) - Sending CreatePipelineCommand for pipeline:PipelineID=20b526d6-12ff-4da5-a3c9-cbe126e451e1 to datanode:ec62b457-0040-4e07-85ab-e1dde9d29779
2022-11-18 13:06:09,068 [RatisPipelineUtilsThread - 0] INFO  pipeline.PipelineStateManagerImpl (PipelineStateManagerImpl.java:addPipeline(103)) - Created pipeline Pipeline[ Id: 20b526d6-12ff-4da5-a3c9-cbe126e451e1, Nodes: db052414-94b4-46f8-aca1-929beb3cfaa7{ip: 10.1.0.56, host: fv-az180-400.aibneqh1mxpuhl3tnnuy2ifbce.bx.internal.cloudapp.net, ports: [REPLICATION=36493, RATIS=35073, RATIS_ADMIN=35073, RATIS_SERVER=35073, STANDALONE=36897], networkLocation: /default-rack, certSerialId: null, persistedOpState: IN_SERVICE, persistedOpStateExpiryEpochSec: 0}b56e85ee-8e41-41ba-8236-410d8ae83499{ip: 10.1.0.56, host: fv-az180-400.aibneqh1mxpuhl3tnnuy2ifbce.bx.internal.cloudapp.net, ports: [REPLICATION=33143, RATIS=36407, RATIS_ADMIN=36407, RATIS_SERVER=36407, STANDALONE=39211], networkLocation: /default-rack, certSerialId: null, persistedOpState: IN_SERVICE, persistedOpStateExpiryEpochSec: 0}ec62b457-0040-4e07-85ab-e1dde9d29779{ip: 10.1.0.56, host: fv-az180-400.aibneqh1mxpuhl3tnnuy2ifbce.bx.internal.cloudapp.net, ports: [REPLICATION=44127, RATIS=46203, RATIS_ADMIN=46203, RATIS_SERVER=46203, STANDALONE=45629], networkLocation: /default-rack, certSerialId: null, persistedOpState: IN_SERVICE, persistedOpStateExpiryEpochSec: 0}, ReplicationConfig: RATIS/THREE, State:ALLOCATED, leaderId:, CreationTimestamp2022-11-18T13:06:09.068Z[Etc/UTC]].
2022-11-18 13:06:09,197 [Listener at 0.0.0.0/45267] INFO  ozone.MiniOzoneClusterImpl (MiniOzoneClusterImpl.java:lambda$waitForClusterToBeReady$0(216)) - Waiting for nodes to be ready. Got 1 of 7 DN Heartbeats.
2022-11-18 13:06:09,197 [Listener at 0.0.0.0/45267] INFO  ozone.MiniOzoneClusterImpl (MiniOzoneClusterImpl.java:lambda$waitForClusterToBeReady$0(219)) - Waiting for cluster to exit safe mode
2022-11-18 13:06:09,197 [Listener at 0.0.0.0/45267] INFO  ozone.MiniOzoneClusterImpl (MiniOzoneClusterImpl.java:lambda$waitForClusterToBeReady$0(221)) - SCM became leader
2022-11-18 13:06:09,439 [IPC Server handler 0 on default port 36157] INFO  net.NetworkTopologyImpl (NetworkTopologyImpl.java:add(112)) - Added a new node: /default-rack/f55315c2-12b7-4bf7-9755-17bd9d593b12
2022-11-18 13:06:09,439 [IPC Server handler 0 on default port 36157] INFO  node.SCMNodeManager (SCMNodeManager.java:register(397)) - Registered Data node : f55315c2-12b7-4bf7-9755-17bd9d593b12{ip: 10.1.0.56, host: fv-az180-400.aibneqh1mxpuhl3tnnuy2ifbce.bx.internal.cloudapp.net, ports: [REPLICATION=46321, RATIS=41975, RATIS_ADMIN=41975, RATIS_SERVER=41975, STANDALONE=41495], networkLocation: /default-rack, certSerialId: null, persistedOpState: null, persistedOpStateExpiryEpochSec: 0}
2022-11-18 13:06:09,439 [EventQueue-NewNodeForNewNodeHandler] INFO  pipeline.BackgroundPipelineCreator (BackgroundPipelineCreator.java:notifyEventTriggered(276)) - trigger a one-shot run on RatisPipelineUtilsThread.
2022-11-18 13:06:09,439 [IPC Server handler 1 on default port 36157] INFO  net.NetworkTopologyImpl (NetworkTopologyImpl.java:add(112)) - Added a new node: /default-rack/dba9af6d-6e82-4367-aab1-8cf42182a7ab
2022-11-18 13:06:09,439 [IPC Server handler 1 on default port 36157] INFO  node.SCMNodeManager (SCMNodeManager.java:register(397)) - Registered Data node : dba9af6d-6e82-4367-aab1-8cf42182a7ab{ip: 10.1.0.56, host: fv-az180-400.aibneqh1mxpuhl3tnnuy2ifbce.bx.internal.cloudapp.net, ports: [REPLICATION=34389, RATIS=42951, RATIS_ADMIN=42951, RATIS_SERVER=42951, STANDALONE=36151], networkLocation: /default-rack, certSerialId: null, persistedOpState: null, persistedOpStateExpiryEpochSec: 0}
2022-11-18 13:06:09,440 [EventQueue-NewNodeForNewNodeHandler] INFO  pipeline.BackgroundPipelineCreator (BackgroundPipelineCreator.java:notifyEventTriggered(276)) - trigger a one-shot run on RatisPipelineUtilsThread.
2022-11-18 13:06:09,440 [Over Replicated Processor] INFO  replication.OverReplicatedProcessor (OverReplicatedProcessor.java:processAll(90)) - Processed 0 over replicated containers, failed processing 0
2022-11-18 13:06:09,443 [IPC Server handler 2 on default port 36157] INFO  net.NetworkTopologyImpl (NetworkTopologyImpl.java:add(112)) - Added a new node: /default-rack/5f7ad737-403f-4287-b3fb-a8d838b89ff3
2022-11-18 13:06:09,450 [EventQueue-OpenPipelineForHealthyPipelineSafeModeRule] INFO  safemode.SCMSafeModeManager (HealthyPipelineSafeModeRule.java:process(137)) - SCM in safe mode. Healthy pipelines reported count is 0, required healthy pipeline reported count is 1
2022-11-18 13:06:09,458 [EventQueue-OpenPipelineForHealthyPipelineSafeModeRule] INFO  safemode.SCMSafeModeManager (HealthyPipelineSafeModeRule.java:process(137)) - SCM in safe mode. Healthy pipelines reported count is 0, required healthy pipeline reported count is 1
2022-11-18 13:06:09,450 [EventQueue-PipelineReportForOneReplicaPipelineSafeModeRule] INFO  safemode.SCMSafeModeManager (OneReplicaPipelineSafeModeRule.java:process(120)) - SCM in safe mode. Pipelines with at least one datanode reported count is 1, required at least one datanode reported per pipeline count is 1
2022-11-18 13:06:09,458 [EventQueue-DeadNodeForDeadNodeHandler] INFO  node.DeadNodeHandler (DeadNodeHandler.java:onMessage(81)) - A dead datanode is detected. a49fbcfb-f7dc-4282-aec4-a4f9f3e2b5ab{ip: 10.1.0.56, host: fv-az180-400.aibneqh1mxpuhl3tnnuy2ifbce.bx.internal.cloudapp.net, ports: [REPLICATION=41799, RATIS=37955, RATIS_ADMIN=37955, RATIS_SERVER=37955, STANDALONE=46377], networkLocation: /default-rack, certSerialId: null, persistedOpState: IN_SERVICE, persistedOpStateExpiryEpochSec: 0}
2022-11-18 13:06:09,458 [EventQueue-DeadNodeForDeadNodeHandler] INFO  pipeline.RatisPipelineProvider (RatisPipelineProvider.java:lambda$close$1(244)) - Send pipeline:PipelineID=02b6e0fd-89e1-4c80-88d9-a4a895e4f75d close command to datanode 961e98b4-0515-4e33-9a5e-b87989e0967c
2022-11-18 13:06:09,458 [EventQueue-DeadNodeForDeadNodeHandler] INFO  pipeline.RatisPipelineProvider (RatisPipelineProvider.java:lambda$close$1(244)) - Send pipeline:PipelineID=02b6e0fd-89e1-4c80-88d9-a4a895e4f75d close command to datanode 8ad84362-fca3-4a94-b029-55aaea538166
2022-11-18 13:06:09,458 [EventQueue-DeadNodeForDeadNodeHandler] INFO  pipeline.RatisPipelineProvider (RatisPipelineProvider.java:lambda$close$1(244)) - Send pipeline:PipelineID=02b6e0fd-89e1-4c80-88d9-a4a895e4f75d close command to datanode a49fbcfb-f7dc-4282-aec4-a4f9f3e2b5ab
2022-11-18 13:06:09,459 [EventQueue-DeadNodeForDeadNodeHandler] INFO  pipeline.PipelineStateManagerImpl (PipelineStateManagerImpl.java:removePipeline(245)) - Pipeline Pipeline[ Id: 02b6e0fd-89e1-4c80-88d9-a4a895e4f75d, Nodes: 961e98b4-0515-4e33-9a5e-b87989e0967c{ip: 10.1.0.56, host: fv-az180-400.aibneqh1mxpuhl3tnnuy2ifbce.bx.internal.cloudapp.net, ports: [REPLICATION=32803, RATIS=45547, RATIS_ADMIN=45547, RATIS_SERVER=45547, STANDALONE=33243], networkLocation: /default-rack, certSerialId: null, persistedOpState: IN_SERVICE, persistedOpStateExpiryEpochSec: 0}8ad84362-fca3-4a94-b029-55aaea538166{ip: 10.1.0.56, host: fv-az180-400.aibneqh1mxpuhl3tnnuy2ifbce.bx.internal.cloudapp.net, ports: [REPLICATION=45785, RATIS=38939, RATIS_ADMIN=38939, RATIS_SERVER=38939, STANDALONE=38791], networkLocation: /default-rack, certSerialId: null, persistedOpState: IN_SERVICE, persistedOpStateExpiryEpochSec: 0}a49fbcfb-f7dc-4282-aec4-a4f9f3e2b5ab{ip: 10.1.0.56, host: fv-az180-400.aibneqh1mxpuhl3tnnuy2ifbce.bx.internal.cloudapp.net, ports: [REPLICATION=41799, RATIS=37955, RATIS_ADMIN=37955, RATIS_SERVER=37955, STANDALONE=46377], networkLocation: /default-rack, certSerialId: null, persistedOpState: IN_SERVICE, persistedOpStateExpiryEpochSec: 0}, ReplicationConfig: RATIS/THREE, State:CLOSED, leaderId:961e98b4-0515-4e33-9a5e-b87989e0967c, CreationTimestamp2022-11-18T13:05:34.008Z[Etc/UTC]] removed.
2022-11-18 13:06:09,459 [EventQueue-DeadNodeForDeadNodeHandler] INFO  pipeline.RatisPipelineProvider (RatisPipelineProvider.java:lambda$close$1(244)) - Send pipeline:PipelineID=62ba749d-71f7-48a2-b7e0-c3a54a68271c close command to datanode a49fbcfb-f7dc-4282-aec4-a4f9f3e2b5ab
2022-11-18 13:06:09,459 [EventQueue-DeadNodeForDeadNodeHandler] INFO  pipeline.PipelineStateManagerImpl (PipelineStateManagerImpl.java:removePipeline(245)) - Pipeline Pipeline[ Id: 62ba749d-71f7-48a2-b7e0-c3a54a68271c, Nodes: a49fbcfb-f7dc-4282-aec4-a4f9f3e2b5ab{ip: 10.1.0.56, host: fv-az180-400.aibneqh1mxpuhl3tnnuy2ifbce.bx.internal.cloudapp.net, ports: [REPLICATION=41799, RATIS=37955, RATIS_ADMIN=37955, RATIS_SERVER=37955, STANDALONE=46377], networkLocation: /default-rack, certSerialId: null, persistedOpState: IN_SERVICE, persistedOpStateExpiryEpochSec: 0}, ReplicationConfig: RATIS/ONE, State:CLOSED, leaderId:a49fbcfb-f7dc-4282-aec4-a4f9f3e2b5ab, CreationTimestamp2022-11-18T13:04:39.419Z[Etc/UTC]] removed.
2022-11-18 13:06:09,459 [EventQueue-DeadNodeForDeadNodeHandler] INFO  net.NetworkTopologyImpl (NetworkTopologyImpl.java:remove(190)) - Removed a node: /default-rack/a49fbcfb-f7dc-4282-aec4-a4f9f3e2b5ab
2022-11-18 13:06:09,450 [EventQueue-NodeRegistrationContainerReportForDataNodeSafeModeRule] INFO  safemode.SCMSafeModeManager (DataNodeSafeModeRule.java:process(71)) - SCM in safe mode. 2 DataNodes registered, 3 required.
2022-11-18 13:06:09,450 [ReplicationMonitor] ERROR scm.SCMCommonPlacementPolicy (SCMCommonPlacementPolicy.java:chooseDatanodesInternal(208)) - No healthy node found to allocate container.
2022-11-18 13:06:09,459 [ReplicationMonitor] WARN  replication.LegacyReplicationManager (LegacyReplicationManager.java:handleUnderReplicatedContainer(1227)) - Exception while replicating container 2.
org.apache.hadoop.hdds.scm.exceptions.SCMException: No healthy node found to allocate container.
	at org.apache.hadoop.hdds.scm.SCMCommonPlacementPolicy.chooseDatanodesInternal(SCMCommonPlacementPolicy.java:209)
	at org.apache.hadoop.hdds.scm.container.placement.algorithms.SCMContainerPlacementRandom.chooseDatanodesInternal(SCMContainerPlacementRandom.java:81)
	at org.apache.hadoop.hdds.scm.SCMCommonPlacementPolicy.chooseDatanodes(SCMCommonPlacementPolicy.java:175)
	at org.apache.hadoop.hdds.scm.SCMCommonPlacementPolicy.chooseDatanodes(SCMCommonPlacementPolicy.java:117)
	at org.apache.hadoop.hdds.scm.container.replication.LegacyReplicationManager.handleUnderReplicatedContainer(LegacyReplicationManager.java:1191)
	at org.apache.hadoop.hdds.scm.container.replication.LegacyReplicationManager.processContainer(LegacyReplicationManager.java:538)
	at org.apache.hadoop.hdds.scm.container.replication.ReplicationManager.processAll(ReplicationManager.java:334)
	at org.apache.hadoop.hdds.scm.container.replication.ReplicationManager.run(ReplicationManager.java:601)
	at java.lang.Thread.run(Thread.java:750)
2022-11-18 13:06:09,459 [ReplicationMonitor] INFO  replication.LegacyReplicationManager (LegacyReplicationManager.java:sendCloseCommand(1511)) - Sending close container command for container #3 to datanode a36f0c9e-34c7-41e1-90e2-5c691522fdfd{ip: 10.1.0.56, host: fv-az180-400.aibneqh1mxpuhl3tnnuy2ifbce.bx.internal.cloudapp.net, ports: [REPLICATION=43001, RATIS=35103, RATIS_ADMIN=35103, RATIS_SERVER=35103, STANDALONE=34509], networkLocation: /default-rack, certSerialId: null, persistedOpState: IN_SERVICE, persistedOpStateExpiryEpochSec: 0}.
2022-11-18 13:06:09,460 [ReplicationMonitor] INFO  replication.LegacyReplicationManager (LegacyReplicationManager.java:sendCloseCommand(1511)) - Sending close container command for container #3 to datanode 1bb9cbb4-eec0-4324-8de7-fca776b53f2b{ip: 10.1.0.56, host: fv-az180-400.aibneqh1mxpuhl3tnnuy2ifbce.bx.internal.cloudapp.net, ports: [REPLICATION=45141, RATIS=44667, RATIS_ADMIN=44667, RATIS_SERVER=44667, STANDALONE=45879], networkLocation: /default-rack, certSerialId: null, persistedOpState: IN_SERVICE, persistedOpStateExpiryEpochSec: 0}.
2022-11-18 13:06:09,460 [ReplicationMonitor] ERROR scm.SCMCommonPlacementPolicy (SCMCommonPlacementPolicy.java:chooseDatanodesInternal(208)) - No healthy node found to allocate container.
2022-11-18 13:06:09,460 [ReplicationMonitor] WARN  replication.LegacyReplicationManager (LegacyReplicationManager.java:handleUnderReplicatedContainer(1227)) - Exception while replicating container 4.
org.apache.hadoop.hdds.scm.exceptions.SCMException: No healthy node found to allocate container.
	at org.apache.hadoop.hdds.scm.SCMCommonPlacementPolicy.chooseDatanodesInternal(SCMCommonPlacementPolicy.java:209)
	at org.apache.hadoop.hdds.scm.container.placement.algorithms.SCMContainerPlacementRandom.chooseDatanodesInternal(SCMContainerPlacementRandom.java:81)
	at org.apache.hadoop.hdds.scm.SCMCommonPlacementPolicy.chooseDatanodes(SCMCommonPlacementPolicy.java:175)
	at org.apache.hadoop.hdds.scm.SCMCommonPlacementPolicy.chooseDatanodes(SCMCommonPlacementPolicy.java:117)
	at org.apache.hadoop.hdds.scm.container.replication.LegacyReplicationManager.handleUnderReplicatedContainer(LegacyReplicationManager.java:1191)
	at org.apache.hadoop.hdds.scm.container.replication.LegacyReplicationManager.processContainer(LegacyReplicationManager.java:538)
	at org.apache.hadoop.hdds.scm.container.replication.ReplicationManager.processAll(ReplicationManager.java:334)
	at org.apache.hadoop.hdds.scm.container.replication.ReplicationManager.run(ReplicationManager.java:601)
	at java.lang.Thread.run(Thread.java:750)
2022-11-18 13:06:09,460 [ReplicationMonitor] INFO  replication.LegacyReplicationManager (LegacyReplicationManager.java:sendCloseCommand(1511)) - Sending close container command for container #5 to datanode a36f0c9e-34c7-41e1-90e2-5c691522fdfd{ip: 10.1.0.56, host: fv-az180-400.aibneqh1mxpuhl3tnnuy2ifbce.bx.internal.cloudapp.net, ports: [REPLICATION=43001, RATIS=35103, RATIS_ADMIN=35103, RATIS_SERVER=35103, STANDALONE=34509], networkLocation: /default-rack, certSerialId: null, persistedOpState: IN_SERVICE, persistedOpStateExpiryEpochSec: 0}.
2022-11-18 13:06:09,460 [ReplicationMonitor] INFO  replication.LegacyReplicationManager (LegacyReplicationManager.java:sendCloseCommand(1511)) - Sending close container command for container #5 to datanode 1bb9cbb4-eec0-4324-8de7-fca776b53f2b{ip: 10.1.0.56, host: fv-az180-400.aibneqh1mxpuhl3tnnuy2ifbce.bx.internal.cloudapp.net, ports: [REPLICATION=45141, RATIS=44667, RATIS_ADMIN=44667, RATIS_SERVER=44667, STANDALONE=45879], networkLocation: /default-rack, certSerialId: null, persistedOpState: IN_SERVICE, persistedOpStateExpiryEpochSec: 0}.
2022-11-18 13:06:09,460 [ReplicationMonitor] INFO  replication.LegacyReplicationManager (LegacyReplicationManager.java:sendCloseCommand(1511)) - Sending close container command for container #6 to datanode 1bb9cbb4-eec0-4324-8de7-fca776b53f2b{ip: 10.1.0.56, host: fv-az180-400.aibneqh1mxpuhl3tnnuy2ifbce.bx.internal.cloudapp.net, ports: [REPLICATION=45141, RATIS=44667, RATIS_ADMIN=44667, RATIS_SERVER=44667, STANDALONE=45879], networkLocation: /default-rack, certSerialId: null, persistedOpState: IN_SERVICE, persistedOpStateExpiryEpochSec: 0}.
2022-11-18 13:06:09,460 [ReplicationMonitor] INFO  replication.LegacyReplicationManager (LegacyReplicationManager.java:sendCloseCommand(1511)) - Sending close container command for container #6 to datanode a36f0c9e-34c7-41e1-90e2-5c691522fdfd{ip: 10.1.0.56, host: fv-az180-400.aibneqh1mxpuhl3tnnuy2ifbce.bx.internal.cloudapp.net, ports: [REPLICATION=43001, RATIS=35103, RATIS_ADMIN=35103, RATIS_SERVER=35103, STANDALONE=34509], networkLocation: /default-rack, certSerialId: null, persistedOpState: IN_SERVICE, persistedOpStateExpiryEpochSec: 0}.
2022-11-18 13:06:09,460 [ReplicationMonitor] INFO  replication.ReplicationManager (ReplicationManager.java:sendCloseContainerReplicaCommand(564)) - Sending close container command for container #11 to datanode a36f0c9e-34c7-41e1-90e2-5c691522fdfd{ip: 10.1.0.56, host: fv-az180-400.aibneqh1mxpuhl3tnnuy2ifbce.bx.internal.cloudapp.net, ports: [REPLICATION=43001, RATIS=35103, RATIS_ADMIN=35103, RATIS_SERVER=35103, STANDALONE=34509], networkLocation: /default-rack, certSerialId: null, persistedOpState: IN_SERVICE, persistedOpStateExpiryEpochSec: 0}.
2022-11-18 13:06:09,460 [ReplicationMonitor] INFO  replication.ReplicationManager (ReplicationManager.java:processAll(352)) - Replication Monitor Thread took 11 milliseconds for processing 11 containers.
2022-11-18 13:06:09,459 [EventQueue-NodeRegistrationContainerReportForDataNodeSafeModeRule] INFO  safemode.SCMSafeModeManager (DataNodeSafeModeRule.java:process(71)) - SCM in safe mode. 3 DataNodes registered, 3 required.
2022-11-18 13:06:09,458 [IPC Server handler 2 on default port 36157] INFO  node.SCMNodeManager (SCMNodeManager.java:register(397)) - Registered Data node : 5f7ad737-403f-4287-b3fb-a8d838b89ff3{ip: 10.1.0.56, host: fv-az180-400.aibneqh1mxpuhl3tnnuy2ifbce.bx.internal.cloudapp.net, ports: [REPLICATION=46029, RATIS=42843, RATIS_ADMIN=42843, RATIS_SERVER=42843, STANDALONE=40873], networkLocation: /default-rack, certSerialId: null, persistedOpState: null, persistedOpStateExpiryEpochSec: 0}
2022-11-18 13:06:09,461 [EventQueue-NewNodeForNewNodeHandler] INFO  pipeline.BackgroundPipelineCreator (BackgroundPipelineCreator.java:notifyEventTriggered(276)) - trigger a one-shot run on RatisPipelineUtilsThread.
2022-11-18 13:06:09,462 [EventQueue-OpenPipelineForHealthyPipelineSafeModeRule] INFO  safemode.SCMSafeModeManager (HealthyPipelineSafeModeRule.java:process(137)) - SCM in safe mode. Healthy pipelines reported count is 1, required healthy pipeline reported count is 1
2022-11-18 13:06:09,468 [EventQueue-PipelineReportForOneReplicaPipelineSafeModeRule] INFO  safemode.SCMSafeModeManager (SCMSafeModeManager.java:validateSafeModeExitRules(204)) - AtleastOneDatanodeReportedRule rule is successfully validated
2022-11-18 13:06:09,468 [EventQueue-NodeRegistrationContainerReportForDataNodeSafeModeRule] INFO  safemode.SCMSafeModeManager (SCMSafeModeManager.java:validateSafeModeExitRules(204)) - DataNodeSafeModeRule rule is successfully validated
2022-11-18 13:06:09,468 [EventQueue-NodeRegistrationContainerReportForDataNodeSafeModeRule] INFO  safemode.SCMSafeModeManager (SCMSafeModeManager.java:completePreCheck(233)) - All SCM safe mode pre check rules have passed
2022-11-18 13:06:09,468 [EventQueue-NodeRegistrationContainerReportForDataNodeSafeModeRule] WARN  events.EventQueue (EventQueue.java:fireEvent(216)) - No event handler registered for event TypedEvent{payloadType=SafeModeStatus, name='Safe mode status'}
2022-11-18 13:06:09,468 [EventQueue-NodeRegistrationContainerReportForDataNodeSafeModeRule] INFO  ha.SCMContext (SCMContext.java:updateSafeModeStatus(228)) - Update SafeModeStatus from SafeModeStatus{safeModeStatus=true, preCheckPassed=false} to SafeModeStatus{safeModeStatus=true, preCheckPassed=true}.
2022-11-18 13:06:09,468 [EventQueue-NodeRegistrationContainerReportForDataNodeSafeModeRule] INFO  pipeline.BackgroundPipelineCreator (BackgroundPipelineCreator.java:notifyEventTriggered(276)) - trigger a one-shot run on RatisPipelineUtilsThread.
2022-11-18 13:06:09,468 [EventQueue-OpenPipelineForHealthyPipelineSafeModeRule] INFO  safemode.SCMSafeModeManager (SCMSafeModeManager.java:validateSafeModeExitRules(204)) - HealthyPipelineSafeModeRule rule is successfully validated
2022-11-18 13:06:09,468 [EventQueue-OpenPipelineForHealthyPipelineSafeModeRule] INFO  safemode.SCMSafeModeManager (SCMSafeModeManager.java:validateSafeModeExitRules(219)) - ScmSafeModeManager, all rules are successfully validated
2022-11-18 13:06:09,468 [EventQueue-OpenPipelineForHealthyPipelineSafeModeRule] INFO  safemode.SCMSafeModeManager (SCMSafeModeManager.java:exitSafeMode(248)) - SCM exiting safe mode.
2022-11-18 13:06:09,468 [EventQueue-OpenPipelineForHealthyPipelineSafeModeRule] WARN  events.EventQueue (EventQueue.java:fireEvent(216)) - No event handler registered for event TypedEvent{payloadType=SafeModeStatus, name='Safe mode status'}
2022-11-18 13:06:09,468 [EventQueue-OpenPipelineForHealthyPipelineSafeModeRule] INFO  ha.SCMContext (SCMContext.java:updateSafeModeStatus(228)) - Update SafeModeStatus from SafeModeStatus{safeModeStatus=true, preCheckPassed=true} to SafeModeStatus{safeModeStatus=false, preCheckPassed=true}.
2022-11-18 13:06:09,468 [EventQueue-OpenPipelineForHealthyPipelineSafeModeRule] INFO  pipeline.BackgroundPipelineCreator (BackgroundPipelineCreator.java:notifyStatusChanged(254)) - Service BackgroundPipelineCreator transitions to RUNNING.
2022-11-18 13:06:09,468 [EventQueue-OpenPipelineForHealthyPipelineSafeModeRule] INFO  BackgroundPipelineScrubber (BackgroundSCMService.java:notifyStatusChanged(82)) - Service BackgroundPipelineScrubber transitions to RUNNING.
2022-11-18 13:06:09,468 [EventQueue-OpenPipelineForHealthyPipelineSafeModeRule] INFO  ExpiredContainerReplicaOpScrubber (BackgroundSCMService.java:notifyStatusChanged(82)) - Service ExpiredContainerReplicaOpScrubber transitions to RUNNING.
2022-11-18 13:06:09,468 [EventQueue-OpenPipelineForHealthyPipelineSafeModeRule] INFO  replication.ReplicationManager (ReplicationManager.java:notifyStatusChanged(825)) - Service ReplicationManager transitions to RUNNING.
2022-11-18 13:06:09,468 [EventQueue-OpenPipelineForHealthyPipelineSafeModeRule] WARN  balancer.ContainerBalancer (ContainerBalancer.java:shouldRun(131)) - Could not find persisted configuration for ContainerBalancer when checking if ContainerBalancer should run. ContainerBalancer should not run now.
2022-11-18 13:06:09,487 [Under Replicated Processor] INFO  replication.UnderReplicatedProcessor (UnderReplicatedProcessor.java:processAll(92)) - Processed 0 under replicated containers, failed processing 0
2022-11-18 13:06:09,488 [Over Replicated Processor] INFO  replication.OverReplicatedProcessor (OverReplicatedProcessor.java:processAll(90)) - Processed 0 over replicated containers, failed processing 0
2022-11-18 13:06:09,489 [ReplicationMonitor] INFO  replication.ReplicationManager (ReplicationManager.java:processAll(352)) - Replication Monitor Thread took 0 milliseconds for processing 0 containers.
2022-11-18 13:06:09,545 [IPC Server handler 4 on default port 40433] INFO  net.NetworkTopologyImpl (NetworkTopologyImpl.java:add(112)) - Added a new node: /default-rack/5dd764d2-4196-4eea-b07c-aeebc5ccca01
2022-11-18 13:06:09,546 [IPC Server handler 4 on default port 40433] INFO  node.SCMNodeManager (SCMNodeManager.java:register(397)) - Registered Data node : 5dd764d2-4196-4eea-b07c-aeebc5ccca01{ip: 10.1.0.56, host: fv-az180-400.aibneqh1mxpuhl3tnnuy2ifbce.bx.internal.cloudapp.net, ports: [REPLICATION=46033, RATIS=34919, RATIS_ADMIN=34919, RATIS_SERVER=34919, STANDALONE=41805], networkLocation: /default-rack, certSerialId: null, persistedOpState: null, persistedOpStateExpiryEpochSec: 0}
2022-11-18 13:06:09,546 [EventQueue-NewNodeForNewNodeHandler] INFO  pipeline.BackgroundPipelineCreator (BackgroundPipelineCreator.java:notifyEventTriggered(276)) - trigger a one-shot run on RatisPipelineUtilsThread.
2022-11-18 13:06:09,546 [RatisPipelineUtilsThread - 0] INFO  pipeline.RatisPipelineProvider (RatisPipelineProvider.java:lambda$create$0(195)) - Sending CreatePipelineCommand for pipeline:PipelineID=3c3e28e2-f889-49ee-82f7-3540d49ee6a3 to datanode:5dd764d2-4196-4eea-b07c-aeebc5ccca01
2022-11-18 13:06:09,546 [RatisPipelineUtilsThread - 0] INFO  pipeline.PipelineStateManagerImpl (PipelineStateManagerImpl.java:addPipeline(103)) - Created pipeline Pipeline[ Id: 3c3e28e2-f889-49ee-82f7-3540d49ee6a3, Nodes: 5dd764d2-4196-4eea-b07c-aeebc5ccca01{ip: 10.1.0.56, host: fv-az180-400.aibneqh1mxpuhl3tnnuy2ifbce.bx.internal.cloudapp.net, ports: [REPLICATION=46033, RATIS=34919, RATIS_ADMIN=34919, RATIS_SERVER=34919, STANDALONE=41805], networkLocation: /default-rack, certSerialId: null, persistedOpState: IN_SERVICE, persistedOpStateExpiryEpochSec: 0}, ReplicationConfig: RATIS/ONE, State:ALLOCATED, leaderId:, CreationTimestamp2022-11-18T13:06:09.546Z[Etc/UTC]].
2022-11-18 13:06:09,553 [Under Replicated Processor] WARN  replication.ECUnderReplicationHandler (ECUnderReplicationHandler.java:processAndCreateCommands(211)) - Cannot proceed for EC container reconstruction for #7, due to insufficient source replicas found. Number of source replicas needed: 3. Number of available source replicas are: 1. Available sources are: {1=(ContainerReplica{containerID=#7, state=CLOSED, datanodeDetails=8ad84362-fca3-4a94-b029-55aaea538166{ip: 10.1.0.56, host: fv-az180-400.aibneqh1mxpuhl3tnnuy2ifbce.bx.internal.cloudapp.net, ports: [REPLICATION=45785, RATIS=38939, RATIS_ADMIN=38939, RATIS_SERVER=38939, STANDALONE=38791], networkLocation: /default-rack, certSerialId: null, persistedOpState: IN_SERVICE, persistedOpStateExpiryEpochSec: 0}, placeOfBirth=8ad84362-fca3-4a94-b029-55aaea538166, sequenceId=0, keyCount=4, bytesUsed=76,replicaIndex=1},OperationalState: IN_SERVICE Health: HEALTHY OperationStateExpiry: 0)}
2022-11-18 13:06:09,553 [Under Replicated Processor] WARN  replication.ECUnderReplicationHandler (ECUnderReplicationHandler.java:processAndCreateCommands(258)) - Container #7 is under replicated, but no commands were created to correct it
2022-11-18 13:06:09,553 [Under Replicated Processor] WARN  replication.ECUnderReplicationHandler (ECUnderReplicationHandler.java:processAndCreateCommands(211)) - Cannot proceed for EC container reconstruction for #9, due to insufficient source replicas found. Number of source replicas needed: 3. Number of available source replicas are: 1. Available sources are: {4=(ContainerReplica{containerID=#9, state=CLOSED, datanodeDetails=8ad84362-fca3-4a94-b029-55aaea538166{ip: 10.1.0.56, host: fv-az180-400.aibneqh1mxpuhl3tnnuy2ifbce.bx.internal.cloudapp.net, ports: [REPLICATION=45785, RATIS=38939, RATIS_ADMIN=38939, RATIS_SERVER=38939, STANDALONE=38791], networkLocation: /default-rack, certSerialId: null, persistedOpState: IN_SERVICE, persistedOpStateExpiryEpochSec: 0}, placeOfBirth=8ad84362-fca3-4a94-b029-55aaea538166, sequenceId=0, keyCount=5, bytesUsed=95,replicaIndex=4},OperationalState: IN_SERVICE Health: HEALTHY OperationStateExpiry: 0)}
2022-11-18 13:06:09,553 [Under Replicated Processor] WARN  replication.ECUnderReplicationHandler (ECUnderReplicationHandler.java:processAndCreateCommands(258)) - Container #9 is under replicated, but no commands were created to correct it
2022-11-18 13:06:09,553 [Under Replicated Processor] WARN  replication.ECUnderReplicationHandler (ECUnderReplicationHandler.java:processAndCreateCommands(211)) - Cannot proceed for EC container reconstruction for #8, due to insufficient source replicas found. Number of source replicas needed: 3. Number of available source replicas are: 1. Available sources are: {5=(ContainerReplica{containerID=#8, state=CLOSED, datanodeDetails=8ad84362-fca3-4a94-b029-55aaea538166{ip: 10.1.0.56, host: fv-az180-400.aibneqh1mxpuhl3tnnuy2ifbce.bx.internal.cloudapp.net, ports: [REPLICATION=45785, RATIS=38939, RATIS_ADMIN=38939, RATIS_SERVER=38939, STANDALONE=38791], networkLocation: /default-rack, certSerialId: null, persistedOpState: IN_SERVICE, persistedOpStateExpiryEpochSec: 0}, placeOfBirth=8ad84362-fca3-4a94-b029-55aaea538166, sequenceId=0, keyCount=2, bytesUsed=38,replicaIndex=5},OperationalState: IN_SERVICE Health: HEALTHY OperationStateExpiry: 0)}
2022-11-18 13:06:09,553 [Under Replicated Processor] WARN  replication.ECUnderReplicationHandler (ECUnderReplicationHandler.java:processAndCreateCommands(258)) - Container #8 is under replicated, but no commands were created to correct it
2022-11-18 13:06:09,553 [Under Replicated Processor] INFO  replication.UnderReplicatedProcessor (UnderReplicatedProcessor.java:processAll(92)) - Processed 3 under replicated containers, failed processing 0
2022-11-18 13:06:09,573 [IPC Server handler 3 on default port 36157] INFO  net.NetworkTopologyImpl (NetworkTopologyImpl.java:add(112)) - Added a new node: /default-rack/cb27b585-024b-4029-854c-b46b41cc55c7
2022-11-18 13:06:09,573 [IPC Server handler 3 on default port 36157] INFO  node.NodeStateManager (NodeStateManager.java:newNodeStatus(338)) - Updating nodeOperationalState on registration as the datanode has a persisted state of IN_MAINTENANCE and expiry of 0
2022-11-18 13:06:09,573 [IPC Server handler 3 on default port 36157] INFO  node.SCMNodeManager (SCMNodeManager.java:register(397)) - Registered Data node : cb27b585-024b-4029-854c-b46b41cc55c7{ip: 10.1.0.56, host: fv-az180-400.aibneqh1mxpuhl3tnnuy2ifbce.bx.internal.cloudapp.net, ports: [REPLICATION=34641, RATIS=45595, RATIS_ADMIN=45595, RATIS_SERVER=45595, STANDALONE=37703], networkLocation: /default-rack, certSerialId: null, persistedOpState: IN_MAINTENANCE, persistedOpStateExpiryEpochSec: 0}
2022-11-18 13:06:09,574 [EventQueue-NewNodeForNewNodeHandler] INFO  pipeline.BackgroundPipelineCreator (BackgroundPipelineCreator.java:notifyEventTriggered(276)) - trigger a one-shot run on RatisPipelineUtilsThread.
2022-11-18 13:06:09,574 [EventQueue-NewNodeForNewNodeHandler] INFO  node.NodeDecommissionManager (NodeDecommissionManager.java:continueAdminForNode(267)) - Continue admin for datanode cb27b585-024b-4029-854c-b46b41cc55c7{ip: 10.1.0.56, host: fv-az180-400.aibneqh1mxpuhl3tnnuy2ifbce.bx.internal.cloudapp.net, ports: [REPLICATION=34641, RATIS=45595, RATIS_ADMIN=45595, RATIS_SERVER=45595, STANDALONE=37703], networkLocation: /default-rack, certSerialId: null, persistedOpState: IN_MAINTENANCE, persistedOpStateExpiryEpochSec: 0}
2022-11-18 13:06:09,619 [IPC Server handler 4 on default port 36157] INFO  net.NetworkTopologyImpl (NetworkTopologyImpl.java:add(112)) - Added a new node: /default-rack/277e5bbd-414d-4f19-87c3-552c8f153d3d
2022-11-18 13:06:09,619 [IPC Server handler 4 on default port 36157] INFO  node.SCMNodeManager (SCMNodeManager.java:register(397)) - Registered Data node : 277e5bbd-414d-4f19-87c3-552c8f153d3d{ip: 10.1.0.56, host: fv-az180-400.aibneqh1mxpuhl3tnnuy2ifbce.bx.internal.cloudapp.net, ports: [REPLICATION=34679, RATIS=43003, RATIS_ADMIN=43003, RATIS_SERVER=43003, STANDALONE=43927], networkLocation: /default-rack, certSerialId: null, persistedOpState: null, persistedOpStateExpiryEpochSec: 0}
2022-11-18 13:06:09,619 [EventQueue-NewNodeForNewNodeHandler] INFO  pipeline.BackgroundPipelineCreator (BackgroundPipelineCreator.java:notifyEventTriggered(276)) - trigger a one-shot run on RatisPipelineUtilsThread.
2022-11-18 13:06:09,644 [IPC Server handler 5 on default port 36157] INFO  net.NetworkTopologyImpl (NetworkTopologyImpl.java:add(112)) - Added a new node: /default-rack/4e9d01e2-99f3-4323-a596-366f46fa44e1
2022-11-18 13:06:09,644 [IPC Server handler 5 on default port 36157] INFO  node.SCMNodeManager (SCMNodeManager.java:register(397)) - Registered Data node : 4e9d01e2-99f3-4323-a596-366f46fa44e1{ip: 10.1.0.56, host: fv-az180-400.aibneqh1mxpuhl3tnnuy2ifbce.bx.internal.cloudapp.net, ports: [REPLICATION=35349, RATIS=45787, RATIS_ADMIN=45787, RATIS_SERVER=45787, STANDALONE=45767], networkLocation: /default-rack, certSerialId: null, persistedOpState: null, persistedOpStateExpiryEpochSec: 0}
2022-11-18 13:06:09,644 [EventQueue-NewNodeForNewNodeHandler] INFO  pipeline.BackgroundPipelineCreator (BackgroundPipelineCreator.java:notifyEventTriggered(276)) - trigger a one-shot run on RatisPipelineUtilsThread.
2022-11-18 13:06:09,658 [EventQueue-DeadNodeForDeadNodeHandler] INFO  node.DeadNodeHandler (DeadNodeHandler.java:onMessage(81)) - A dead datanode is detected. a36f0c9e-34c7-41e1-90e2-5c691522fdfd{ip: 10.1.0.56, host: fv-az180-400.aibneqh1mxpuhl3tnnuy2ifbce.bx.internal.cloudapp.net, ports: [REPLICATION=43001, RATIS=35103, RATIS_ADMIN=35103, RATIS_SERVER=35103, STANDALONE=34509], networkLocation: /default-rack, certSerialId: null, persistedOpState: IN_SERVICE, persistedOpStateExpiryEpochSec: 0}
2022-11-18 13:06:09,659 [EventQueue-DeadNodeForDeadNodeHandler] INFO  pipeline.RatisPipelineProvider (RatisPipelineProvider.java:lambda$close$1(244)) - Send pipeline:PipelineID=2ba9d191-44fb-4ca4-9325-8cdf9da4bd81 close command to datanode a36f0c9e-34c7-41e1-90e2-5c691522fdfd
2022-11-18 13:06:09,659 [EventQueue-DeadNodeForDeadNodeHandler] INFO  pipeline.PipelineStateManagerImpl (PipelineStateManagerImpl.java:removePipeline(245)) - Pipeline Pipeline[ Id: 2ba9d191-44fb-4ca4-9325-8cdf9da4bd81, Nodes: a36f0c9e-34c7-41e1-90e2-5c691522fdfd{ip: 10.1.0.56, host: fv-az180-400.aibneqh1mxpuhl3tnnuy2ifbce.bx.internal.cloudapp.net, ports: [REPLICATION=43001, RATIS=35103, RATIS_ADMIN=35103, RATIS_SERVER=35103, STANDALONE=34509], networkLocation: /default-rack, certSerialId: null, persistedOpState: IN_SERVICE, persistedOpStateExpiryEpochSec: 0}, ReplicationConfig: RATIS/ONE, State:CLOSED, leaderId:a36f0c9e-34c7-41e1-90e2-5c691522fdfd, CreationTimestamp2022-11-18T13:04:39.041Z[Etc/UTC]] removed.
2022-11-18 13:06:09,659 [EventQueue-DeadNodeForDeadNodeHandler] INFO  net.NetworkTopologyImpl (NetworkTopologyImpl.java:remove(190)) - Removed a node: /default-rack/a36f0c9e-34c7-41e1-90e2-5c691522fdfd
2022-11-18 13:06:09,698 [Listener at 127.0.0.1/39657] INFO  ozone.MiniOzoneClusterImpl (MiniOzoneClusterImpl.java:lambda$waitForClusterToBeReady$0(216)) - Waiting for nodes to be ready. Got 4 of 7 DN Heartbeats.
2022-11-18 13:06:09,699 [Listener at 127.0.0.1/39657] INFO  ozone.MiniOzoneClusterImpl (MiniOzoneClusterImpl.java:lambda$waitForClusterToBeReady$0(219)) - Waiting for cluster to exit safe mode
2022-11-18 13:06:09,699 [Listener at 127.0.0.1/39657] INFO  ozone.MiniOzoneClusterImpl (MiniOzoneClusterImpl.java:lambda$waitForClusterToBeReady$0(221)) - SCM became leader
2022-11-18 13:06:09,837 [ReplicationMonitor] INFO  replication.ReplicationManager (ReplicationManager.java:processAll(319)) - Replication Manager is not ready to run until 3000ms after safemode exit
2022-11-18 13:06:09,906 [DatanodeAdminManager-0] INFO  node.DatanodeAdminMonitorImpl (DatanodeAdminMonitorImpl.java:run(169)) - There are 1 nodes tracked for decommission and maintenance.  0 pending nodes.
2022-11-18 13:06:09,906 [EventQueue-StartAdminOnNodeForStartDatanodeAdminHandler] INFO  node.StartDatanodeAdminHandler (StartDatanodeAdminHandler.java:onMessage(57)) - Admin start on datanode cb27b585-024b-4029-854c-b46b41cc55c7{ip: 10.1.0.56, host: fv-az180-400.aibneqh1mxpuhl3tnnuy2ifbce.bx.internal.cloudapp.net, ports: [REPLICATION=34641, RATIS=45595, RATIS_ADMIN=45595, RATIS_SERVER=45595, STANDALONE=37703], networkLocation: /default-rack, certSerialId: null, persistedOpState: IN_MAINTENANCE, persistedOpStateExpiryEpochSec: 0}. Finalizing its pipelines []
2022-11-18 13:06:09,916 [ReplicationMonitor] INFO  replication.ReplicationManager (ReplicationManager.java:processAll(319)) - Replication Manager is not ready to run until 3000ms after safemode exit
2022-11-18 13:06:10,077 [IPC Server handler 1 on default port 40433] INFO  net.NetworkTopologyImpl (NetworkTopologyImpl.java:add(112)) - Added a new node: /default-rack/ea04acba-2572-4ce4-bec1-b0e6c6418c45
2022-11-18 13:06:10,077 [IPC Server handler 1 on default port 40433] INFO  node.SCMNodeManager (SCMNodeManager.java:register(397)) - Registered Data node : ea04acba-2572-4ce4-bec1-b0e6c6418c45{ip: 10.1.0.56, host: fv-az180-400.aibneqh1mxpuhl3tnnuy2ifbce.bx.internal.cloudapp.net, ports: [REPLICATION=33487, RATIS=42173, RATIS_ADMIN=42173, RATIS_SERVER=42173, STANDALONE=45995], networkLocation: /default-rack, certSerialId: null, persistedOpState: null, persistedOpStateExpiryEpochSec: 0}
2022-11-18 13:06:10,081 [EventQueue-NewNodeForNewNodeHandler] INFO  pipeline.BackgroundPipelineCreator (BackgroundPipelineCreator.java:notifyEventTriggered(276)) - trigger a one-shot run on RatisPipelineUtilsThread.
2022-11-18 13:06:10,081 [RatisPipelineUtilsThread - 0] INFO  pipeline.RatisPipelineProvider (RatisPipelineProvider.java:lambda$create$0(195)) - Sending CreatePipelineCommand for pipeline:PipelineID=30eff25f-9abb-422c-a0bc-01392e0384f1 to datanode:ea04acba-2572-4ce4-bec1-b0e6c6418c45
2022-11-18 13:06:10,082 [RatisPipelineUtilsThread - 0] INFO  pipeline.PipelineStateManagerImpl (PipelineStateManagerImpl.java:addPipeline(103)) - Created pipeline Pipeline[ Id: 30eff25f-9abb-422c-a0bc-01392e0384f1, Nodes: ea04acba-2572-4ce4-bec1-b0e6c6418c45{ip: 10.1.0.56, host: fv-az180-400.aibneqh1mxpuhl3tnnuy2ifbce.bx.internal.cloudapp.net, ports: [REPLICATION=33487, RATIS=42173, RATIS_ADMIN=42173, RATIS_SERVER=42173, STANDALONE=45995], networkLocation: /default-rack, certSerialId: null, persistedOpState: IN_SERVICE, persistedOpStateExpiryEpochSec: 0}, ReplicationConfig: RATIS/ONE, State:ALLOCATED, leaderId:, CreationTimestamp2022-11-18T13:06:10.081Z[Etc/UTC]].
2022-11-18 13:06:10,197 [Listener at 0.0.0.0/45267] INFO  ozone.MiniOzoneClusterImpl (MiniOzoneClusterImpl.java:lambda$waitForClusterToBeReady$0(216)) - Nodes are ready. Got 7 of 7 DN Heartbeats.
2022-11-18 13:06:10,198 [Listener at 0.0.0.0/45267] INFO  ozone.MiniOzoneClusterImpl (MiniOzoneClusterImpl.java:lambda$waitForClusterToBeReady$0(219)) - Cluster exits safe mode
2022-11-18 13:06:10,198 [Listener at 0.0.0.0/45267] INFO  ozone.MiniOzoneClusterImpl (MiniOzoneClusterImpl.java:lambda$waitForClusterToBeReady$0(221)) - SCM became leader
2022-11-18 13:06:10,200 [Listener at 0.0.0.0/45267] INFO  ozoneimpl.OzoneContainer (OzoneContainer.java:stop(417)) - Attempting to stop container services.
2022-11-18 13:06:10,201 [Listener at 0.0.0.0/45267] INFO  server.RaftServer (RaftServerProxy.java:lambda$close$6(409)) - cb27b585-024b-4029-854c-b46b41cc55c7: close
2022-11-18 13:06:10,201 [Listener at 0.0.0.0/45267] INFO  server.GrpcService (GrpcService.java:closeImpl(279)) - cb27b585-024b-4029-854c-b46b41cc55c7: shutdown server GrpcServerProtocolService now
2022-11-18 13:06:10,205 [Listener at 0.0.0.0/45267] INFO  server.GrpcServerProtocolClient (GrpcServerProtocolClient.java:close(111)) - 277e5bbd-414d-4f19-87c3-552c8f153d3d Close channels
2022-11-18 13:06:10,208 [Listener at 0.0.0.0/45267] INFO  server.GrpcServerProtocolClient (GrpcServerProtocolClient.java:close(111)) - 62944fc1-681b-46bd-93f7-2482762a7b31 Close channels
2022-11-18 13:06:10,209 [Listener at 0.0.0.0/45267] INFO  server.GrpcService (GrpcService.java:closeImpl(288)) - cb27b585-024b-4029-854c-b46b41cc55c7: shutdown server GrpcServerProtocolService successfully
2022-11-18 13:06:10,209 [JvmPauseMonitor37] INFO  util.JvmPauseMonitor (JvmPauseMonitor.java:run(111)) - JvmPauseMonitor-cb27b585-024b-4029-854c-b46b41cc55c7: Stopped
2022-11-18 13:06:10,220 [ForkJoinPool.commonPool-worker-1] INFO  volume.HddsVolume (HddsVolume.java:closeDbStore(338)) - SchemaV3 db is stopped at /home/runner/work/ozone/ozone/hadoop-ozone/integration-test/target/test-dir/MiniOzoneClusterImpl-d00242a6-2497-4d17-9cbb-890efb011638/datanode-5/data-0/containers/hdds/d00242a6-2497-4d17-9cbb-890efb011638/DS-1c283f9c-e4e9-4cd3-8df7-155f4b663472/container.db for volume DS-1c283f9c-e4e9-4cd3-8df7-155f4b663472
2022-11-18 13:06:10,220 [ForkJoinPool.commonPool-worker-1] INFO  utils.BackgroundService (BackgroundService.java:shutdown(141)) - Shutting down service BlockDeletingService
2022-11-18 13:06:10,220 [ForkJoinPool.commonPool-worker-1] INFO  utils.BackgroundService (BackgroundService.java:shutdown(141)) - Shutting down service StaleRecoveringContainerScrubbingService
2022-11-18 13:06:10,223 [ForkJoinPool.commonPool-worker-1] INFO  statemachine.DatanodeStateMachine (DatanodeStateMachine.java:stopDaemon(593)) - Ozone container server stopped.
2022-11-18 13:06:10,231 [ForkJoinPool.commonPool-worker-1] INFO  handler.ContextHandler (ContextHandler.java:doStop(1159)) - Stopped o.e.j.w.WebAppContext@59b65a34{hddsDatanode,/,null,STOPPED}{jar:file:/home/runner/.m2/repository/org/apache/ozone/hdds-container-service/1.3.0-SNAPSHOT/hdds-container-service-1.3.0-SNAPSHOT.jar!/webapps/hddsDatanode}
2022-11-18 13:06:10,232 [ForkJoinPool.commonPool-worker-1] INFO  server.AbstractConnector (AbstractConnector.java:doStop(383)) - Stopped ServerConnector@3c0eb88a{HTTP/1.1, (http/1.1)}{0.0.0.0:0}
2022-11-18 13:06:10,232 [ForkJoinPool.commonPool-worker-1] INFO  server.session (HouseKeeper.java:stopScavenging(149)) - node0 Stopped scavenging
2022-11-18 13:06:10,232 [ForkJoinPool.commonPool-worker-1] INFO  handler.ContextHandler (ContextHandler.java:doStop(1159)) - Stopped o.e.j.s.ServletContextHandler@69134476{static,/static,jar:file:/home/runner/.m2/repository/org/apache/ozone/hdds-container-service/1.3.0-SNAPSHOT/hdds-container-service-1.3.0-SNAPSHOT.jar!/webapps/static,STOPPED}
2022-11-18 13:06:10,232 [ForkJoinPool.commonPool-worker-1] INFO  handler.ContextHandler (ContextHandler.java:doStop(1159)) - Stopped o.e.j.s.ServletContextHandler@3938f8e1{logs,/logs,file:///home/runner/work/ozone/ozone/hadoop-ozone/integration-test/target/log,STOPPED}
2022-11-18 13:06:10,235 [Mini-Cluster-Provider-Reap] INFO  ozone.MiniOzoneClusterImpl (MiniOzoneClusterImpl.java:stopSCM(537)) - Stopping the StorageContainerManager
2022-11-18 13:06:10,235 [Mini-Cluster-Provider-Reap] INFO  server.StorageContainerManager (StorageContainerManager.java:stop(1566)) - Container Balancer is not running.
2022-11-18 13:06:10,235 [Mini-Cluster-Provider-Reap] INFO  server.StorageContainerManager (StorageContainerManager.java:stop(1573)) - Stopping Replication Manager Service.
2022-11-18 13:06:10,235 [Mini-Cluster-Provider-Reap] INFO  replication.ReplicationManager (ReplicationManager.java:stop(285)) - Stopping Replication Monitor Thread.
2022-11-18 13:06:10,235 [Under Replicated Processor] WARN  replication.UnderReplicatedProcessor (UnderReplicatedProcessor.java:run(154)) - Under Replicated Processor interrupted. Exiting...
2022-11-18 13:06:10,235 [Over Replicated Processor] WARN  replication.OverReplicatedProcessor (OverReplicatedProcessor.java:run(142)) - Over Replicated Processor interrupted. Exiting...
2022-11-18 13:06:10,237 [Mini-Cluster-Provider-Reap] INFO  server.StorageContainerManager (StorageContainerManager.java:stop(1580)) - Stopping the Datanode Admin Monitor.
2022-11-18 13:06:10,237 [ReplicationMonitor] INFO  replication.ReplicationManager (ReplicationManager.java:run(606)) - Replication Monitor Thread is stopped
2022-11-18 13:06:10,237 [Mini-Cluster-Provider-Reap] INFO  server.StorageContainerManager (StorageContainerManager.java:stop(1587)) - Stopping Lease Manager of the command watchers
2022-11-18 13:06:10,237 [Mini-Cluster-Provider-Reap] INFO  server.StorageContainerManager (StorageContainerManager.java:stop(1594)) - Stopping datanode service RPC server
2022-11-18 13:06:10,237 [Mini-Cluster-Provider-Reap] INFO  server.SCMDatanodeProtocolServer (SCMDatanodeProtocolServer.java:stop(414)) - Stopping the RPC server for DataNodes
2022-11-18 13:06:10,239 [Mini-Cluster-Provider-Reap] INFO  ipc.Server (Server.java:stop(3428)) - Stopping server on 39435
2022-11-18 13:06:10,242 [IPC Server listener on 0] INFO  ipc.Server (Server.java:run(1384)) - Stopping IPC Server listener on 0
2022-11-18 13:06:10,243 [IPC Server Responder] INFO  ipc.Server (Server.java:run(1517)) - Stopping IPC Server Responder
2022-11-18 13:06:10,259 [SCM Heartbeat Processing Thread - 0] WARN  node.NodeStateManager (NodeStateManager.java:scheduleNextHealthCheck(870)) - Current Thread is interrupted, shutting down HB processing thread for Node Manager.
2022-11-18 13:06:10,259 [Mini-Cluster-Provider-Reap] INFO  server.StorageContainerManager (StorageContainerManager.java:stop(1602)) - Stopping block service RPC server
2022-11-18 13:06:10,259 [Mini-Cluster-Provider-Reap] INFO  server.SCMBlockProtocolServer (SCMBlockProtocolServer.java:stop(161)) - Stopping the RPC server for Block Protocol
2022-11-18 13:06:10,261 [Mini-Cluster-Provider-Reap] INFO  ipc.Server (Server.java:stop(3428)) - Stopping server on 44511
2022-11-18 13:06:10,264 [IPC Server listener on 0] INFO  ipc.Server (Server.java:run(1384)) - Stopping IPC Server listener on 0
2022-11-18 13:06:10,264 [Mini-Cluster-Provider-Reap] INFO  server.StorageContainerManager (StorageContainerManager.java:stop(1609)) - Stopping the StorageContainerLocationProtocol RPC server
2022-11-18 13:06:10,264 [Mini-Cluster-Provider-Reap] INFO  server.SCMClientProtocolServer (SCMClientProtocolServer.java:stop(179)) - Stopping the RPC server for Client Protocol
2022-11-18 13:06:10,266 [Mini-Cluster-Provider-Reap] INFO  ipc.Server (Server.java:stop(3428)) - Stopping server on 34803
2022-11-18 13:06:10,271 [IPC Server listener on 0] INFO  ipc.Server (Server.java:run(1384)) - Stopping IPC Server listener on 0
2022-11-18 13:06:10,271 [IPC Server Responder] INFO  ipc.Server (Server.java:run(1517)) - Stopping IPC Server Responder
2022-11-18 13:06:10,272 [Mini-Cluster-Provider-Reap] INFO  server.StorageContainerManager (StorageContainerManager.java:stop(1616)) - Stopping Storage Container Manager HTTP server.
2022-11-18 13:06:10,272 [IPC Server Responder] INFO  ipc.Server (Server.java:run(1517)) - Stopping IPC Server Responder
2022-11-18 13:06:10,272 [Mini-Cluster-Provider-Reap] INFO  handler.ContextHandler (ContextHandler.java:doStop(1159)) - Stopped o.e.j.w.WebAppContext@6f0640c6{scm,/,null,STOPPED}{file:/home/runner/work/ozone/ozone/hadoop-ozone/integration-test/target/test-classes/webapps/scm}
2022-11-18 13:06:10,273 [Mini-Cluster-Provider-Reap] INFO  server.AbstractConnector (AbstractConnector.java:doStop(383)) - Stopped ServerConnector@330f2fae{HTTP/1.1, (http/1.1)}{0.0.0.0:0}
2022-11-18 13:06:10,273 [Mini-Cluster-Provider-Reap] INFO  server.session (HouseKeeper.java:stopScavenging(149)) - node0 Stopped scavenging
2022-11-18 13:06:10,273 [Mini-Cluster-Provider-Reap] INFO  handler.ContextHandler (ContextHandler.java:doStop(1159)) - Stopped o.e.j.s.ServletContextHandler@644082ae{static,/static,file:///home/runner/work/ozone/ozone/hadoop-ozone/integration-test/target/test-classes/webapps/static,STOPPED}
2022-11-18 13:06:10,273 [Mini-Cluster-Provider-Reap] INFO  handler.ContextHandler (ContextHandler.java:doStop(1159)) - Stopped o.e.j.s.ServletContextHandler@8986dca{logs,/logs,file:///home/runner/work/ozone/ozone/hadoop-ozone/integration-test/target/log,STOPPED}
2022-11-18 13:06:10,275 [Mini-Cluster-Provider-Reap] INFO  server.StorageContainerManager (StorageContainerManager.java:stop(1622)) - Stopping SCM LayoutVersionManager Service.
2022-11-18 13:06:10,275 [Mini-Cluster-Provider-Reap] INFO  server.StorageContainerManager (StorageContainerManager.java:stop(1630)) - Stopping Block Manager Service.
2022-11-18 13:06:10,275 [Mini-Cluster-Provider-Reap] INFO  utils.BackgroundService (BackgroundService.java:shutdown(141)) - Shutting down service SCMBlockDeletingService
2022-11-18 13:06:10,275 [Mini-Cluster-Provider-Reap] INFO  utils.BackgroundService (BackgroundService.java:shutdown(141)) - Shutting down service SCMBlockDeletingService
2022-11-18 13:06:10,275 [Mini-Cluster-Provider-Reap] INFO  server.StorageContainerManager (StorageContainerManager.java:stop(1657)) - Stopping SCM Event Queue.
2022-11-18 13:06:10,279 [Mini-Cluster-Provider-Reap] INFO  server.StorageContainerManager (StorageContainerManager.java:stop(1668)) - Stopping SCM HA services.
2022-11-18 13:06:10,279 [Mini-Cluster-Provider-Reap] INFO  pipeline.BackgroundPipelineCreator (BackgroundPipelineCreator.java:stop(149)) - Stopping RatisPipelineUtilsThread.
2022-11-18 13:06:10,279 [RatisPipelineUtilsThread - 0] WARN  pipeline.BackgroundPipelineCreator (BackgroundPipelineCreator.java:run(180)) - RatisPipelineUtilsThread is interrupted.
2022-11-18 13:06:10,279 [BackgroundPipelineScrubberThread] WARN  BackgroundPipelineScrubber (BackgroundSCMService.java:run(115)) - BackgroundPipelineScrubber is interrupted, exit
2022-11-18 13:06:10,279 [Mini-Cluster-Provider-Reap] INFO  BackgroundPipelineScrubber (BackgroundSCMService.java:stop(131)) - Stopping BackgroundPipelineScrubber Service.
2022-11-18 13:06:10,280 [Mini-Cluster-Provider-Reap] INFO  impl.MetricsSystemImpl (MetricsSystemImpl.java:stop(210)) - Stopping StorageContainerManager metrics system...
2022-11-18 13:06:10,286 [prometheus] INFO  impl.MetricsSinkAdapter (MetricsSinkAdapter.java:publishMetricsFromQueue(141)) - prometheus thread interrupted.
2022-11-18 13:06:10,287 [Mini-Cluster-Provider-Reap] INFO  impl.MetricsSystemImpl (MetricsSystemImpl.java:stop(216)) - StorageContainerManager metrics system stopped.
2022-11-18 13:06:10,287 [Mini-Cluster-Provider-Reap] WARN  pipeline.BackgroundPipelineCreator (BackgroundPipelineCreator.java:stop(145)) - RatisPipelineUtilsThread is not running, just ignore.
2022-11-18 13:06:10,287 [Mini-Cluster-Provider-Reap] INFO  BackgroundPipelineScrubber (BackgroundSCMService.java:stop(126)) - BackgroundPipelineScrubber Service is not running, skip stop.
2022-11-18 13:06:10,287 [Mini-Cluster-Provider-Reap] INFO  ExpiredContainerReplicaOpScrubber (BackgroundSCMService.java:stop(131)) - Stopping ExpiredContainerReplicaOpScrubber Service.
2022-11-18 13:06:10,287 [Mini-Cluster-Provider-Reap] INFO  utils.BackgroundService (BackgroundService.java:shutdown(141)) - Shutting down service SCMBlockDeletingService
2022-11-18 13:06:10,287 [ExpiredContainerReplicaOpScrubberThread] WARN  ExpiredContainerReplicaOpScrubber (BackgroundSCMService.java:run(115)) - ExpiredContainerReplicaOpScrubber is interrupted, exit
2022-11-18 13:06:10,287 [Mini-Cluster-Provider-Reap] INFO  replication.ReplicationManager (ReplicationManager.java:stop(293)) - Replication Monitor Thread is not running.
2022-11-18 13:06:10,287 [Mini-Cluster-Provider-Reap] WARN  balancer.ContainerBalancer (ContainerBalancer.java:stop(322)) - Cannot stop Container Balancer because it's not running or stopping
2022-11-18 13:06:10,287 [Mini-Cluster-Provider-Reap] INFO  server.StorageContainerManager (StorageContainerManager.java:stop(1686)) - Stopping SCM MetadataStore.
2022-11-18 13:06:10,370 [IPC Server handler 3 on default port 40433] INFO  net.NetworkTopologyImpl (NetworkTopologyImpl.java:add(112)) - Added a new node: /default-rack/767ffbb5-8206-4017-b2eb-6858697bfab3
2022-11-18 13:06:10,370 [IPC Server handler 3 on default port 40433] INFO  node.SCMNodeManager (SCMNodeManager.java:register(397)) - Registered Data node : 767ffbb5-8206-4017-b2eb-6858697bfab3{ip: 10.1.0.56, host: fv-az180-400.aibneqh1mxpuhl3tnnuy2ifbce.bx.internal.cloudapp.net, ports: [REPLICATION=35389, RATIS=39469, RATIS_ADMIN=39469, RATIS_SERVER=39469, STANDALONE=41359], networkLocation: /default-rack, certSerialId: null, persistedOpState: null, persistedOpStateExpiryEpochSec: 0}
2022-11-18 13:06:10,370 [EventQueue-NewNodeForNewNodeHandler] INFO  pipeline.BackgroundPipelineCreator (BackgroundPipelineCreator.java:notifyEventTriggered(276)) - trigger a one-shot run on RatisPipelineUtilsThread.
2022-11-18 13:06:10,371 [RatisPipelineUtilsThread - 0] INFO  pipeline.RatisPipelineProvider (RatisPipelineProvider.java:lambda$create$0(195)) - Sending CreatePipelineCommand for pipeline:PipelineID=17af963b-112b-4215-82dc-f6180b8797a3 to datanode:767ffbb5-8206-4017-b2eb-6858697bfab3
2022-11-18 13:06:10,371 [RatisPipelineUtilsThread - 0] INFO  pipeline.PipelineStateManagerImpl (PipelineStateManagerImpl.java:addPipeline(103)) - Created pipeline Pipeline[ Id: 17af963b-112b-4215-82dc-f6180b8797a3, Nodes: 767ffbb5-8206-4017-b2eb-6858697bfab3{ip: 10.1.0.56, host: fv-az180-400.aibneqh1mxpuhl3tnnuy2ifbce.bx.internal.cloudapp.net, ports: [REPLICATION=35389, RATIS=39469, RATIS_ADMIN=39469, RATIS_SERVER=39469, STANDALONE=41359], networkLocation: /default-rack, certSerialId: null, persistedOpState: IN_SERVICE, persistedOpStateExpiryEpochSec: 0}, ReplicationConfig: RATIS/ONE, State:ALLOCATED, leaderId:, CreationTimestamp2022-11-18T13:06:10.371Z[Etc/UTC]].
2022-11-18 13:06:10,371 [RatisPipelineUtilsThread - 0] INFO  pipeline.RatisPipelineProvider (RatisPipelineProvider.java:lambda$create$0(195)) - Sending CreatePipelineCommand for pipeline:PipelineID=fd22b1b5-350a-4033-b0f6-9c27dc43941b to datanode:5dd764d2-4196-4eea-b07c-aeebc5ccca01
2022-11-18 13:06:10,371 [RatisPipelineUtilsThread - 0] INFO  pipeline.RatisPipelineProvider (RatisPipelineProvider.java:lambda$create$0(195)) - Sending CreatePipelineCommand for pipeline:PipelineID=fd22b1b5-350a-4033-b0f6-9c27dc43941b to datanode:ea04acba-2572-4ce4-bec1-b0e6c6418c45
2022-11-18 13:06:10,371 [RatisPipelineUtilsThread - 0] INFO  pipeline.RatisPipelineProvider (RatisPipelineProvider.java:lambda$create$0(195)) - Sending CreatePipelineCommand for pipeline:PipelineID=fd22b1b5-350a-4033-b0f6-9c27dc43941b to datanode:767ffbb5-8206-4017-b2eb-6858697bfab3
2022-11-18 13:06:10,372 [RatisPipelineUtilsThread - 0] INFO  pipeline.PipelineStateManagerImpl (PipelineStateManagerImpl.java:addPipeline(103)) - Created pipeline Pipeline[ Id: fd22b1b5-350a-4033-b0f6-9c27dc43941b, Nodes: 5dd764d2-4196-4eea-b07c-aeebc5ccca01{ip: 10.1.0.56, host: fv-az180-400.aibneqh1mxpuhl3tnnuy2ifbce.bx.internal.cloudapp.net, ports: [REPLICATION=46033, RATIS=34919, RATIS_ADMIN=34919, RATIS_SERVER=34919, STANDALONE=41805], networkLocation: /default-rack, certSerialId: null, persistedOpState: IN_SERVICE, persistedOpStateExpiryEpochSec: 0}ea04acba-2572-4ce4-bec1-b0e6c6418c45{ip: 10.1.0.56, host: fv-az180-400.aibneqh1mxpuhl3tnnuy2ifbce.bx.internal.cloudapp.net, ports: [REPLICATION=33487, RATIS=42173, RATIS_ADMIN=42173, RATIS_SERVER=42173, STANDALONE=45995], networkLocation: /default-rack, certSerialId: null, persistedOpState: IN_SERVICE, persistedOpStateExpiryEpochSec: 0}767ffbb5-8206-4017-b2eb-6858697bfab3{ip: 10.1.0.56, host: fv-az180-400.aibneqh1mxpuhl3tnnuy2ifbce.bx.internal.cloudapp.net, ports: [REPLICATION=35389, RATIS=39469, RATIS_ADMIN=39469, RATIS_SERVER=39469, STANDALONE=41359], networkLocation: /default-rack, certSerialId: null, persistedOpState: IN_SERVICE, persistedOpStateExpiryEpochSec: 0}, ReplicationConfig: RATIS/THREE, State:ALLOCATED, leaderId:, CreationTimestamp2022-11-18T13:06:10.371Z[Etc/UTC]].
2022-11-18 13:06:10,488 [Under Replicated Processor] INFO  replication.UnderReplicatedProcessor (UnderReplicatedProcessor.java:processAll(92)) - Processed 0 under replicated containers, failed processing 0
2022-11-18 13:06:10,488 [Over Replicated Processor] INFO  replication.OverReplicatedProcessor (OverReplicatedProcessor.java:processAll(90)) - Processed 0 over replicated containers, failed processing 0
2022-11-18 13:06:10,489 [ReplicationMonitor] INFO  replication.ReplicationManager (ReplicationManager.java:processAll(352)) - Replication Monitor Thread took 0 milliseconds for processing 0 containers.
2022-11-18 13:06:10,699 [Listener at 127.0.0.1/39657] INFO  ozone.MiniOzoneClusterImpl (MiniOzoneClusterImpl.java:lambda$waitForClusterToBeReady$0(216)) - Waiting for nodes to be ready. Got 6 of 7 DN Heartbeats.
2022-11-18 13:06:10,699 [Listener at 127.0.0.1/39657] INFO  ozone.MiniOzoneClusterImpl (MiniOzoneClusterImpl.java:lambda$waitForClusterToBeReady$0(219)) - Waiting for cluster to exit safe mode
2022-11-18 13:06:10,699 [Listener at 127.0.0.1/39657] INFO  ozone.MiniOzoneClusterImpl (MiniOzoneClusterImpl.java:lambda$waitForClusterToBeReady$0(221)) - SCM became leader
2022-11-18 13:06:10,705 [IPC Server handler 18 on default port 40433] INFO  net.NetworkTopologyImpl (NetworkTopologyImpl.java:add(112)) - Added a new node: /default-rack/4a771e97-762c-4a8a-bccd-860d81b1b0e2
2022-11-18 13:06:10,705 [IPC Server handler 18 on default port 40433] INFO  node.SCMNodeManager (SCMNodeManager.java:register(397)) - Registered Data node : 4a771e97-762c-4a8a-bccd-860d81b1b0e2{ip: 10.1.0.56, host: fv-az180-400.aibneqh1mxpuhl3tnnuy2ifbce.bx.internal.cloudapp.net, ports: [REPLICATION=45295, RATIS=45203, RATIS_ADMIN=45203, RATIS_SERVER=45203, STANDALONE=41779], networkLocation: /default-rack, certSerialId: null, persistedOpState: null, persistedOpStateExpiryEpochSec: 0}
2022-11-18 13:06:10,705 [EventQueue-NewNodeForNewNodeHandler] INFO  pipeline.BackgroundPipelineCreator (BackgroundPipelineCreator.java:notifyEventTriggered(276)) - trigger a one-shot run on RatisPipelineUtilsThread.
2022-11-18 13:06:10,705 [RatisPipelineUtilsThread - 0] INFO  pipeline.RatisPipelineProvider (RatisPipelineProvider.java:lambda$create$0(195)) - Sending CreatePipelineCommand for pipeline:PipelineID=a3b8b967-5e29-4958-9c54-467e5d1a0786 to datanode:4a771e97-762c-4a8a-bccd-860d81b1b0e2
2022-11-18 13:06:10,706 [RatisPipelineUtilsThread - 0] INFO  pipeline.PipelineStateManagerImpl (PipelineStateManagerImpl.java:addPipeline(103)) - Created pipeline Pipeline[ Id: a3b8b967-5e29-4958-9c54-467e5d1a0786, Nodes: 4a771e97-762c-4a8a-bccd-860d81b1b0e2{ip: 10.1.0.56, host: fv-az180-400.aibneqh1mxpuhl3tnnuy2ifbce.bx.internal.cloudapp.net, ports: [REPLICATION=45295, RATIS=45203, RATIS_ADMIN=45203, RATIS_SERVER=45203, STANDALONE=41779], networkLocation: /default-rack, certSerialId: null, persistedOpState: IN_SERVICE, persistedOpStateExpiryEpochSec: 0}, ReplicationConfig: RATIS/ONE, State:ALLOCATED, leaderId:, CreationTimestamp2022-11-18T13:06:10.705Z[Etc/UTC]].
2022-11-18 13:06:10,837 [ReplicationMonitor] INFO  replication.ReplicationManager (ReplicationManager.java:processAll(319)) - Replication Manager is not ready to run until 3000ms after safemode exit
2022-11-18 13:06:10,905 [DatanodeAdminManager-0] INFO  node.DatanodeAdminMonitorImpl (DatanodeAdminMonitorImpl.java:run(169)) - There are 1 nodes tracked for decommission and maintenance.  0 pending nodes.
2022-11-18 13:06:10,917 [ReplicationMonitor] INFO  replication.ReplicationManager (ReplicationManager.java:processAll(319)) - Replication Manager is not ready to run until 3000ms after safemode exit
2022-11-18 13:06:11,185 [Command processor thread] INFO  server.RaftServer (RaftServerProxy.java:addNew(96)) - db052414-94b4-46f8-aca1-929beb3cfaa7: addNew group-B31D183E6566:[db052414-94b4-46f8-aca1-929beb3cfaa7|rpc:10.1.0.56:35073|priority:1|startupRole:FOLLOWER] returns group-B31D183E6566:java.util.concurrent.CompletableFuture@38761f88[Not completed]
2022-11-18 13:06:11,186 [pool-2424-thread-1] INFO  server.RaftServer$Division (RaftServerImpl.java:<init>(195)) - db052414-94b4-46f8-aca1-929beb3cfaa7: new RaftServerImpl for group-B31D183E6566:[db052414-94b4-46f8-aca1-929beb3cfaa7|rpc:10.1.0.56:35073|priority:1|startupRole:FOLLOWER] with ContainerStateMachine:uninitialized
2022-11-18 13:06:11,186 [pool-2424-thread-1] INFO  server.RaftServerConfigKeys (ConfUtils.java:logGet(46)) - raft.server.rpc.timeout.min = 5s (custom)
2022-11-18 13:06:11,186 [pool-2424-thread-1] INFO  server.RaftServerConfigKeys (ConfUtils.java:logGet(46)) - raft.server.rpc.timeout.max = 5200ms (custom)
2022-11-18 13:06:11,186 [pool-2424-thread-1] INFO  server.RaftServerConfigKeys (ConfUtils.java:logGet(46)) - raft.server.rpc.sleep.time = 25ms (default)
2022-11-18 13:06:11,186 [pool-2424-thread-1] INFO  server.RaftServerConfigKeys (ConfUtils.java:logGet(46)) - raft.server.rpc.slowness.timeout = 300s (custom)
2022-11-18 13:06:11,186 [pool-2424-thread-1] INFO  server.RaftServerConfigKeys (ConfUtils.java:logGet(46)) - raft.server.leaderelection.leader.step-down.wait-time = 10s (default)
2022-11-18 13:06:11,186 [pool-2424-thread-1] INFO  server.RaftServerConfigKeys (ConfUtils.java:logGet(46)) - raft.server.sleep.deviation.threshold = 300ms (default)
2022-11-18 13:06:11,186 [pool-2424-thread-1] INFO  server.RaftServer$Division (ServerState.java:<init>(118)) - db052414-94b4-46f8-aca1-929beb3cfaa7@group-B31D183E6566: ConfigurationManager, init=-1: peers:[db052414-94b4-46f8-aca1-929beb3cfaa7|rpc:10.1.0.56:35073|priority:1|startupRole:FOLLOWER]|listeners:[], old=null, confs=<EMPTY_MAP>
2022-11-18 13:06:11,186 [pool-2424-thread-1] INFO  server.RaftServerConfigKeys (ConfUtils.java:logGet(46)) - raft.server.storage.dir = [/home/runner/work/ozone/ozone/hadoop-ozone/integration-test/target/test-dir/MiniOzoneClusterImpl-d3d67884-f8de-446f-8121-b5603e1f9142/datanode-0/data/ratis] (custom)
2022-11-18 13:06:11,186 [pool-2424-thread-1] INFO  server.RaftServerConfigKeys (ConfUtils.java:logGet(46)) - raft.server.log.corruption.policy = EXCEPTION (default)
2022-11-18 13:06:11,186 [pool-2424-thread-1] INFO  server.RaftServerConfigKeys (ConfUtils.java:logGet(46)) - raft.server.storage.free-space.min = 0MB (=0) (default)
2022-11-18 13:06:11,187 [pool-2424-thread-1] INFO  server.RaftServerConfigKeys (ConfUtils.java:logGet(46)) - raft.server.notification.no-leader.timeout = 300s (custom)
2022-11-18 13:06:11,187 [pool-2424-thread-1] INFO  server.RaftServerConfigKeys (ConfUtils.java:logGet(46)) - raft.server.retrycache.expirytime = 600000ms (custom)
2022-11-18 13:06:11,187 [pool-2424-thread-1] INFO  server.RaftServerConfigKeys (ConfUtils.java:logGet(46)) - raft.server.retrycache.statistics.expirytime = 100μs (default)
2022-11-18 13:06:11,190 [pool-2424-thread-1] INFO  server.RaftServerConfigKeys (ConfUtils.java:logGet(46)) - raft.server.log.appender.install.snapshot.enabled = false (custom)
2022-11-18 13:06:11,190 [pool-2424-thread-1] INFO  server.RaftServerConfigKeys (ConfUtils.java:logGet(46)) - raft.server.threadpool.server.cached = true (default)
2022-11-18 13:06:11,190 [pool-2424-thread-1] INFO  server.RaftServerConfigKeys (ConfUtils.java:logGet(46)) - raft.server.threadpool.server.size = 0 (default)
2022-11-18 13:06:11,190 [pool-2424-thread-1] INFO  server.RaftServerConfigKeys (ConfUtils.java:logGet(46)) - raft.server.threadpool.client.cached = true (default)
2022-11-18 13:06:11,190 [pool-2424-thread-1] INFO  server.RaftServerConfigKeys (ConfUtils.java:logGet(46)) - raft.server.threadpool.client.size = 0 (default)
2022-11-18 13:06:11,190 [pool-2424-thread-1] INFO  storage.RaftStorageDirectory (RaftStorageDirectoryImpl.java:analyzeStorage(137)) - The storage directory /home/runner/work/ozone/ozone/hadoop-ozone/integration-test/target/test-dir/MiniOzoneClusterImpl-d3d67884-f8de-446f-8121-b5603e1f9142/datanode-0/data/ratis/dfc901ef-bb3c-489b-8e9d-b31d183e6566 does not exist. Creating ...
2022-11-18 13:06:11,193 [pool-2424-thread-1] INFO  storage.RaftStorageDirectory (RaftStorageDirectoryImpl.java:tryLock(231)) - Lock on /home/runner/work/ozone/ozone/hadoop-ozone/integration-test/target/test-dir/MiniOzoneClusterImpl-d3d67884-f8de-446f-8121-b5603e1f9142/datanode-0/data/ratis/dfc901ef-bb3c-489b-8e9d-b31d183e6566/in_use.lock acquired by nodename 26296@fv-az180-400
2022-11-18 13:06:11,194 [pool-2424-thread-1] INFO  storage.RaftStorage (RaftStorageImpl.java:format(96)) - Storage directory /home/runner/work/ozone/ozone/hadoop-ozone/integration-test/target/test-dir/MiniOzoneClusterImpl-d3d67884-f8de-446f-8121-b5603e1f9142/datanode-0/data/ratis/dfc901ef-bb3c-489b-8e9d-b31d183e6566 has been successfully formatted.
2022-11-18 13:06:11,195 [pool-2424-thread-1] INFO  ratis.ContainerStateMachine (ContainerStateMachine.java:loadSnapshot(236)) - group-B31D183E6566: The snapshot info is null. Setting the last applied indexto:(t:0, i:~)
2022-11-18 13:06:11,195 [pool-2424-thread-1] INFO  server.RaftServerConfigKeys (ConfUtils.java:logGet(46)) - raft.server.log.use.memory = false (default)
2022-11-18 13:06:11,195 [pool-2424-thread-1] INFO  server.RaftServerConfigKeys (ConfUtils.java:logGet(46)) - raft.server.log.purge.gap = 1000000 (custom)
2022-11-18 13:06:11,195 [pool-2424-thread-1] INFO  server.RaftServerConfigKeys (ConfUtils.java:logGet(46)) - raft.server.log.appender.buffer.byte-limit = 33554432 (custom)
2022-11-18 13:06:11,195 [pool-2424-thread-1] INFO  server.RaftServerConfigKeys (ConfUtils.java:logGet(46)) - raft.server.log.statemachine.data.read.timeout = 1000ms (default)
2022-11-18 13:06:11,195 [pool-2424-thread-1] INFO  server.RaftServerConfigKeys (ConfUtils.java:logGet(46)) - raft.server.log.purge.preservation.log.num = 0 (default)
2022-11-18 13:06:11,195 [pool-2424-thread-1] INFO  server.RaftServerConfigKeys (ConfUtils.java:logGet(46)) - raft.server.log.segment.size.max = 1048576 (custom)
2022-11-18 13:06:11,195 [EventQueue-PipelineReportForPipelineReportHandler] INFO  pipeline.PipelineManagerImpl (PipelineManagerImpl.java:openPipeline(367)) - Pipeline Pipeline[ Id: dfc901ef-bb3c-489b-8e9d-b31d183e6566, Nodes: db052414-94b4-46f8-aca1-929beb3cfaa7{ip: 10.1.0.56, host: fv-az180-400.aibneqh1mxpuhl3tnnuy2ifbce.bx.internal.cloudapp.net, ports: [REPLICATION=36493, RATIS=35073, RATIS_ADMIN=35073, RATIS_SERVER=35073, STANDALONE=36897], networkLocation: /default-rack, certSerialId: null, persistedOpState: IN_SERVICE, persistedOpStateExpiryEpochSec: 0}, ReplicationConfig: RATIS/ONE, State:ALLOCATED, leaderId:db052414-94b4-46f8-aca1-929beb3cfaa7, CreationTimestamp2022-11-18T13:06:08.210Z[Etc/UTC]] moved to OPEN state
2022-11-18 13:06:11,197 [pool-2424-thread-1] INFO  server.RaftServerConfigKeys (ConfUtils.java:logGet(46)) - raft.server.log.segment.cache.num.max = 2 (custom)
2022-11-18 13:06:11,197 [pool-2424-thread-1] INFO  server.RaftServerConfigKeys (ConfUtils.java:logGet(46)) - raft.server.log.segment.cache.size.max = 200MB (=209715200) (default)
2022-11-18 13:06:11,197 [pool-2424-thread-1] INFO  segmented.SegmentedRaftLogWorker (SegmentedRaftLogWorker.java:<init>(191)) - new db052414-94b4-46f8-aca1-929beb3cfaa7@group-B31D183E6566-SegmentedRaftLogWorker for RaftStorageImpl:Storage Directory /home/runner/work/ozone/ozone/hadoop-ozone/integration-test/target/test-dir/MiniOzoneClusterImpl-d3d67884-f8de-446f-8121-b5603e1f9142/datanode-0/data/ratis/dfc901ef-bb3c-489b-8e9d-b31d183e6566
2022-11-18 13:06:11,197 [pool-2424-thread-1] INFO  server.RaftServerConfigKeys (ConfUtils.java:logGet(46)) - raft.server.log.queue.byte-limit = 4294967296 (custom)
2022-11-18 13:06:11,197 [pool-2424-thread-1] INFO  server.RaftServerConfigKeys (ConfUtils.java:logGet(46)) - raft.server.log.queue.element-limit = 1024 (custom)
2022-11-18 13:06:11,197 [pool-2424-thread-1] INFO  server.RaftServerConfigKeys (ConfUtils.java:logGet(46)) - raft.server.log.segment.size.max = 1048576 (custom)
2022-11-18 13:06:11,197 [pool-2424-thread-1] INFO  server.RaftServerConfigKeys (ConfUtils.java:logGet(46)) - raft.server.log.preallocated.size = 16384 (custom)
2022-11-18 13:06:11,197 [pool-2424-thread-1] INFO  server.RaftServerConfigKeys (ConfUtils.java:logGet(46)) - raft.server.log.force.sync.num = 128 (default)
2022-11-18 13:06:11,197 [pool-2424-thread-1] INFO  server.RaftServerConfigKeys (ConfUtils.java:logGet(46)) - raft.server.log.statemachine.data.sync = true (default)
2022-11-18 13:06:11,197 [pool-2424-thread-1] INFO  server.RaftServerConfigKeys (ConfUtils.java:logGet(46)) - raft.server.log.statemachine.data.sync.timeout = 10s (default)
2022-11-18 13:06:11,197 [pool-2424-thread-1] INFO  server.RaftServerConfigKeys (ConfUtils.java:logGet(46)) - raft.server.log.statemachine.data.sync.timeout.retry = -1 (default)
2022-11-18 13:06:11,206 [EventQueue-OpenPipelineForHealthyPipelineSafeModeRule] INFO  safemode.SCMSafeModeManager (HealthyPipelineSafeModeRule.java:process(137)) - SCM in safe mode. Healthy pipelines reported count is 0, required healthy pipeline reported count is 1
2022-11-18 13:06:11,229 [pool-2424-thread-1] INFO  server.RaftServerConfigKeys (ConfUtils.java:logGet(46)) - raft.server.log.write.buffer.size = 1048576 (custom)
2022-11-18 13:06:11,229 [pool-2424-thread-1] INFO  server.RaftServerConfigKeys (ConfUtils.java:logGet(46)) - raft.server.log.unsafe-flush.enabled = false (default)
2022-11-18 13:06:11,229 [pool-2424-thread-1] INFO  server.RaftServerConfigKeys (ConfUtils.java:logGet(46)) - raft.server.log.async-flush.enabled = false (default)
2022-11-18 13:06:11,229 [pool-2424-thread-1] INFO  server.RaftServerConfigKeys (ConfUtils.java:logGet(46)) - raft.server.log.statemachine.data.caching.enabled = true (custom)
2022-11-18 13:06:11,230 [pool-2424-thread-1] INFO  segmented.SegmentedRaftLogWorker (SegmentedRaftLogWorker.java:lambda$new$0(136)) - db052414-94b4-46f8-aca1-929beb3cfaa7@group-B31D183E6566-SegmentedRaftLogWorker: flushIndex: setUnconditionally 0 -> -1
2022-11-18 13:06:11,230 [pool-2424-thread-1] INFO  segmented.SegmentedRaftLogWorker (SegmentedRaftLogWorker.java:lambda$new$0(136)) - db052414-94b4-46f8-aca1-929beb3cfaa7@group-B31D183E6566-SegmentedRaftLogWorker: safeCacheEvictIndex: setUnconditionally 0 -> -1
2022-11-18 13:06:11,236 [pool-2424-thread-1] INFO  server.RaftServer$Division (RaftServerImpl.java:start(334)) - db052414-94b4-46f8-aca1-929beb3cfaa7@group-B31D183E6566: start as a follower, conf=-1: peers:[db052414-94b4-46f8-aca1-929beb3cfaa7|rpc:10.1.0.56:35073|priority:1|startupRole:FOLLOWER]|listeners:[], old=null
2022-11-18 13:06:11,236 [pool-2424-thread-1] INFO  server.RaftServer$Division (RaftServerImpl.java:setRole(321)) - db052414-94b4-46f8-aca1-929beb3cfaa7@group-B31D183E6566: changes role from      null to FOLLOWER at term 0 for startAsFollower
2022-11-18 13:06:11,236 [pool-2424-thread-1] INFO  impl.RoleInfo (RoleInfo.java:updateAndGet(139)) - db052414-94b4-46f8-aca1-929beb3cfaa7: start db052414-94b4-46f8-aca1-929beb3cfaa7@group-B31D183E6566-FollowerState
2022-11-18 13:06:11,236 [pool-2424-thread-1] INFO  util.JmxRegister (JmxRegister.java:tryRegister(44)) - Successfully registered JMX Bean with object name Ratis:service=RaftServer,group=group-B31D183E6566,id=db052414-94b4-46f8-aca1-929beb3cfaa7
2022-11-18 13:06:11,236 [db052414-94b4-46f8-aca1-929beb3cfaa7@group-B31D183E6566-FollowerState] INFO  server.RaftServerConfigKeys (ConfUtils.java:logFallback(53)) - raft.server.rpc.first-election.timeout.min = 5s (fallback to raft.server.rpc.timeout.min)
2022-11-18 13:06:11,237 [db052414-94b4-46f8-aca1-929beb3cfaa7@group-B31D183E6566-FollowerState] INFO  server.RaftServerConfigKeys (ConfUtils.java:logFallback(53)) - raft.server.rpc.first-election.timeout.max = 5200ms (fallback to raft.server.rpc.timeout.max)
2022-11-18 13:06:11,236 [pool-2424-thread-1] INFO  server.RaftServerConfigKeys (ConfUtils.java:logGet(46)) - raft.server.snapshot.auto.trigger.enabled = true (custom)
2022-11-18 13:06:11,237 [pool-2424-thread-1] INFO  server.RaftServerConfigKeys (ConfUtils.java:logGet(46)) - raft.server.snapshot.auto.trigger.threshold = 10000 (custom)
2022-11-18 13:06:11,237 [pool-2424-thread-1] INFO  server.RaftServerConfigKeys (ConfUtils.java:logGet(46)) - raft.server.snapshot.retention.file.num = 5 (custom)
2022-11-18 13:06:11,237 [pool-2424-thread-1] INFO  server.RaftServerConfigKeys (ConfUtils.java:logGet(46)) - raft.server.log.purge.upto.snapshot.index = false (default)
2022-11-18 13:06:11,238 [Command processor thread] INFO  ratis.XceiverServerRatis (XceiverServerRatis.java:addGroup(765)) - Created group PipelineID=dfc901ef-bb3c-489b-8e9d-b31d183e6566
2022-11-18 13:06:11,238 [Command processor thread] INFO  commandhandler.CreatePipelineCommandHandler (CreatePipelineCommandHandler.java:handle(113)) - Created Pipeline RATIS ONE PipelineID=dfc901ef-bb3c-489b-8e9d-b31d183e6566.
2022-11-18 13:06:11,238 [Command processor thread] INFO  server.RaftServer (RaftServerProxy.java:addNew(96)) - db052414-94b4-46f8-aca1-929beb3cfaa7: addNew group-CBE126E451E1:[db052414-94b4-46f8-aca1-929beb3cfaa7|rpc:10.1.0.56:35073|priority:0|startupRole:FOLLOWER, b56e85ee-8e41-41ba-8236-410d8ae83499|rpc:10.1.0.56:36407|priority:1|startupRole:FOLLOWER, ec62b457-0040-4e07-85ab-e1dde9d29779|rpc:10.1.0.56:46203|priority:0|startupRole:FOLLOWER] returns group-CBE126E451E1:java.util.concurrent.CompletableFuture@3c499c5e[Not completed]
2022-11-18 13:06:11,238 [pool-2424-thread-1] INFO  server.RaftServer$Division (RaftServerImpl.java:<init>(195)) - db052414-94b4-46f8-aca1-929beb3cfaa7: new RaftServerImpl for group-CBE126E451E1:[db052414-94b4-46f8-aca1-929beb3cfaa7|rpc:10.1.0.56:35073|priority:0|startupRole:FOLLOWER, b56e85ee-8e41-41ba-8236-410d8ae83499|rpc:10.1.0.56:36407|priority:1|startupRole:FOLLOWER, ec62b457-0040-4e07-85ab-e1dde9d29779|rpc:10.1.0.56:46203|priority:0|startupRole:FOLLOWER] with ContainerStateMachine:uninitialized
2022-11-18 13:06:11,239 [pool-2424-thread-1] INFO  server.RaftServerConfigKeys (ConfUtils.java:logGet(46)) - raft.server.rpc.timeout.min = 5s (custom)
2022-11-18 13:06:11,239 [pool-2424-thread-1] INFO  server.RaftServerConfigKeys (ConfUtils.java:logGet(46)) - raft.server.rpc.timeout.max = 5200ms (custom)
2022-11-18 13:06:11,239 [pool-2424-thread-1] INFO  server.RaftServerConfigKeys (ConfUtils.java:logGet(46)) - raft.server.rpc.sleep.time = 25ms (default)
2022-11-18 13:06:11,239 [pool-2424-thread-1] INFO  server.RaftServerConfigKeys (ConfUtils.java:logGet(46)) - raft.server.rpc.slowness.timeout = 300s (custom)
2022-11-18 13:06:11,239 [pool-2424-thread-1] INFO  server.RaftServerConfigKeys (ConfUtils.java:logGet(46)) - raft.server.leaderelection.leader.step-down.wait-time = 10s (default)
2022-11-18 13:06:11,239 [pool-2424-thread-1] INFO  server.RaftServerConfigKeys (ConfUtils.java:logGet(46)) - raft.server.sleep.deviation.threshold = 300ms (default)
2022-11-18 13:06:11,239 [pool-2424-thread-1] INFO  server.RaftServer$Division (ServerState.java:<init>(118)) - db052414-94b4-46f8-aca1-929beb3cfaa7@group-CBE126E451E1: ConfigurationManager, init=-1: peers:[db052414-94b4-46f8-aca1-929beb3cfaa7|rpc:10.1.0.56:35073|priority:0|startupRole:FOLLOWER, b56e85ee-8e41-41ba-8236-410d8ae83499|rpc:10.1.0.56:36407|priority:1|startupRole:FOLLOWER, ec62b457-0040-4e07-85ab-e1dde9d29779|rpc:10.1.0.56:46203|priority:0|startupRole:FOLLOWER]|listeners:[], old=null, confs=<EMPTY_MAP>
2022-11-18 13:06:11,239 [pool-2424-thread-1] INFO  server.RaftServerConfigKeys (ConfUtils.java:logGet(46)) - raft.server.storage.dir = [/home/runner/work/ozone/ozone/hadoop-ozone/integration-test/target/test-dir/MiniOzoneClusterImpl-d3d67884-f8de-446f-8121-b5603e1f9142/datanode-0/data/ratis] (custom)
2022-11-18 13:06:11,239 [pool-2424-thread-1] INFO  server.RaftServerConfigKeys (ConfUtils.java:logGet(46)) - raft.server.log.corruption.policy = EXCEPTION (default)
2022-11-18 13:06:11,239 [pool-2424-thread-1] INFO  server.RaftServerConfigKeys (ConfUtils.java:logGet(46)) - raft.server.storage.free-space.min = 0MB (=0) (default)
2022-11-18 13:06:11,239 [pool-2424-thread-1] INFO  server.RaftServerConfigKeys (ConfUtils.java:logGet(46)) - raft.server.notification.no-leader.timeout = 300s (custom)
2022-11-18 13:06:11,239 [pool-2424-thread-1] INFO  server.RaftServerConfigKeys (ConfUtils.java:logGet(46)) - raft.server.retrycache.expirytime = 600000ms (custom)
2022-11-18 13:06:11,239 [pool-2424-thread-1] INFO  server.RaftServerConfigKeys (ConfUtils.java:logGet(46)) - raft.server.retrycache.statistics.expirytime = 100μs (default)
2022-11-18 13:06:11,242 [pool-2424-thread-1] INFO  server.RaftServerConfigKeys (ConfUtils.java:logGet(46)) - raft.server.log.appender.install.snapshot.enabled = false (custom)
2022-11-18 13:06:11,242 [pool-2424-thread-1] INFO  server.RaftServerConfigKeys (ConfUtils.java:logGet(46)) - raft.server.threadpool.server.cached = true (default)
2022-11-18 13:06:11,242 [pool-2424-thread-1] INFO  server.RaftServerConfigKeys (ConfUtils.java:logGet(46)) - raft.server.threadpool.server.size = 0 (default)
2022-11-18 13:06:11,242 [pool-2424-thread-1] INFO  server.RaftServerConfigKeys (ConfUtils.java:logGet(46)) - raft.server.threadpool.client.cached = true (default)
2022-11-18 13:06:11,242 [pool-2424-thread-1] INFO  server.RaftServerConfigKeys (ConfUtils.java:logGet(46)) - raft.server.threadpool.client.size = 0 (default)
2022-11-18 13:06:11,242 [pool-2424-thread-1] INFO  storage.RaftStorageDirectory (RaftStorageDirectoryImpl.java:analyzeStorage(137)) - The storage directory /home/runner/work/ozone/ozone/hadoop-ozone/integration-test/target/test-dir/MiniOzoneClusterImpl-d3d67884-f8de-446f-8121-b5603e1f9142/datanode-0/data/ratis/20b526d6-12ff-4da5-a3c9-cbe126e451e1 does not exist. Creating ...
2022-11-18 13:06:11,244 [pool-2424-thread-1] INFO  storage.RaftStorageDirectory (RaftStorageDirectoryImpl.java:tryLock(231)) - Lock on /home/runner/work/ozone/ozone/hadoop-ozone/integration-test/target/test-dir/MiniOzoneClusterImpl-d3d67884-f8de-446f-8121-b5603e1f9142/datanode-0/data/ratis/20b526d6-12ff-4da5-a3c9-cbe126e451e1/in_use.lock acquired by nodename 26296@fv-az180-400
2022-11-18 13:06:11,245 [pool-2424-thread-1] INFO  storage.RaftStorage (RaftStorageImpl.java:format(96)) - Storage directory /home/runner/work/ozone/ozone/hadoop-ozone/integration-test/target/test-dir/MiniOzoneClusterImpl-d3d67884-f8de-446f-8121-b5603e1f9142/datanode-0/data/ratis/20b526d6-12ff-4da5-a3c9-cbe126e451e1 has been successfully formatted.
2022-11-18 13:06:11,245 [pool-2424-thread-1] INFO  ratis.ContainerStateMachine (ContainerStateMachine.java:loadSnapshot(236)) - group-CBE126E451E1: The snapshot info is null. Setting the last applied indexto:(t:0, i:~)
2022-11-18 13:06:11,246 [pool-2424-thread-1] INFO  server.RaftServerConfigKeys (ConfUtils.java:logGet(46)) - raft.server.log.use.memory = false (default)
2022-11-18 13:06:11,246 [pool-2424-thread-1] INFO  server.RaftServerConfigKeys (ConfUtils.java:logGet(46)) - raft.server.log.purge.gap = 1000000 (custom)
2022-11-18 13:06:11,246 [pool-2424-thread-1] INFO  server.RaftServerConfigKeys (ConfUtils.java:logGet(46)) - raft.server.log.appender.buffer.byte-limit = 33554432 (custom)
2022-11-18 13:06:11,246 [EventQueue-OpenPipelineForHealthyPipelineSafeModeRule] INFO  safemode.SCMSafeModeManager (HealthyPipelineSafeModeRule.java:process(137)) - SCM in safe mode. Healthy pipelines reported count is 0, required healthy pipeline reported count is 1
2022-11-18 13:06:11,246 [pool-2424-thread-1] INFO  server.RaftServerConfigKeys (ConfUtils.java:logGet(46)) - raft.server.log.statemachine.data.read.timeout = 1000ms (default)
2022-11-18 13:06:11,246 [pool-2424-thread-1] INFO  server.RaftServerConfigKeys (ConfUtils.java:logGet(46)) - raft.server.log.purge.preservation.log.num = 0 (default)
2022-11-18 13:06:11,247 [pool-2424-thread-1] INFO  server.RaftServerConfigKeys (ConfUtils.java:logGet(46)) - raft.server.log.segment.size.max = 1048576 (custom)
2022-11-18 13:06:11,248 [pool-2424-thread-1] INFO  server.RaftServerConfigKeys (ConfUtils.java:logGet(46)) - raft.server.log.segment.cache.num.max = 2 (custom)
2022-11-18 13:06:11,248 [pool-2424-thread-1] INFO  server.RaftServerConfigKeys (ConfUtils.java:logGet(46)) - raft.server.log.segment.cache.size.max = 200MB (=209715200) (default)
2022-11-18 13:06:11,248 [pool-2424-thread-1] INFO  segmented.SegmentedRaftLogWorker (SegmentedRaftLogWorker.java:<init>(191)) - new db052414-94b4-46f8-aca1-929beb3cfaa7@group-CBE126E451E1-SegmentedRaftLogWorker for RaftStorageImpl:Storage Directory /home/runner/work/ozone/ozone/hadoop-ozone/integration-test/target/test-dir/MiniOzoneClusterImpl-d3d67884-f8de-446f-8121-b5603e1f9142/datanode-0/data/ratis/20b526d6-12ff-4da5-a3c9-cbe126e451e1
2022-11-18 13:06:11,248 [pool-2424-thread-1] INFO  server.RaftServerConfigKeys (ConfUtils.java:logGet(46)) - raft.server.log.queue.byte-limit = 4294967296 (custom)
2022-11-18 13:06:11,248 [pool-2424-thread-1] INFO  server.RaftServerConfigKeys (ConfUtils.java:logGet(46)) - raft.server.log.queue.element-limit = 1024 (custom)
2022-11-18 13:06:11,248 [pool-2424-thread-1] INFO  server.RaftServerConfigKeys (ConfUtils.java:logGet(46)) - raft.server.log.segment.size.max = 1048576 (custom)
2022-11-18 13:06:11,248 [pool-2424-thread-1] INFO  server.RaftServerConfigKeys (ConfUtils.java:logGet(46)) - raft.server.log.preallocated.size = 16384 (custom)
2022-11-18 13:06:11,248 [pool-2424-thread-1] INFO  server.RaftServerConfigKeys (ConfUtils.java:logGet(46)) - raft.server.log.force.sync.num = 128 (default)
2022-11-18 13:06:11,248 [pool-2424-thread-1] INFO  server.RaftServerConfigKeys (ConfUtils.java:logGet(46)) - raft.server.log.statemachine.data.sync = true (default)
2022-11-18 13:06:11,248 [pool-2424-thread-1] INFO  server.RaftServerConfigKeys (ConfUtils.java:logGet(46)) - raft.server.log.statemachine.data.sync.timeout = 10s (default)
2022-11-18 13:06:11,248 [pool-2424-thread-1] INFO  server.RaftServerConfigKeys (ConfUtils.java:logGet(46)) - raft.server.log.statemachine.data.sync.timeout.retry = -1 (default)
2022-11-18 13:06:11,250 [pool-2424-thread-1] INFO  server.RaftServerConfigKeys (ConfUtils.java:logGet(46)) - raft.server.log.write.buffer.size = 1048576 (custom)
2022-11-18 13:06:11,251 [pool-2424-thread-1] INFO  server.RaftServerConfigKeys (ConfUtils.java:logGet(46)) - raft.server.log.unsafe-flush.enabled = false (default)
2022-11-18 13:06:11,251 [pool-2424-thread-1] INFO  server.RaftServerConfigKeys (ConfUtils.java:logGet(46)) - raft.server.log.async-flush.enabled = false (default)
2022-11-18 13:06:11,251 [pool-2424-thread-1] INFO  server.RaftServerConfigKeys (ConfUtils.java:logGet(46)) - raft.server.log.statemachine.data.caching.enabled = true (custom)
2022-11-18 13:06:11,251 [pool-2424-thread-1] INFO  segmented.SegmentedRaftLogWorker (SegmentedRaftLogWorker.java:lambda$new$0(136)) - db052414-94b4-46f8-aca1-929beb3cfaa7@group-CBE126E451E1-SegmentedRaftLogWorker: flushIndex: setUnconditionally 0 -> -1
2022-11-18 13:06:11,251 [pool-2424-thread-1] INFO  segmented.SegmentedRaftLogWorker (SegmentedRaftLogWorker.java:lambda$new$0(136)) - db052414-94b4-46f8-aca1-929beb3cfaa7@group-CBE126E451E1-SegmentedRaftLogWorker: safeCacheEvictIndex: setUnconditionally 0 -> -1
2022-11-18 13:06:11,252 [pool-2424-thread-1] INFO  server.RaftServer$Division (RaftServerImpl.java:start(334)) - db052414-94b4-46f8-aca1-929beb3cfaa7@group-CBE126E451E1: start as a follower, conf=-1: peers:[db052414-94b4-46f8-aca1-929beb3cfaa7|rpc:10.1.0.56:35073|priority:0|startupRole:FOLLOWER, b56e85ee-8e41-41ba-8236-410d8ae83499|rpc:10.1.0.56:36407|priority:1|startupRole:FOLLOWER, ec62b457-0040-4e07-85ab-e1dde9d29779|rpc:10.1.0.56:46203|priority:0|startupRole:FOLLOWER]|listeners:[], old=null
2022-11-18 13:06:11,252 [pool-2424-thread-1] INFO  server.RaftServer$Division (RaftServerImpl.java:setRole(321)) - db052414-94b4-46f8-aca1-929beb3cfaa7@group-CBE126E451E1: changes role from      null to FOLLOWER at term 0 for startAsFollower
2022-11-18 13:06:11,252 [pool-2424-thread-1] INFO  impl.RoleInfo (RoleInfo.java:updateAndGet(139)) - db052414-94b4-46f8-aca1-929beb3cfaa7: start db052414-94b4-46f8-aca1-929beb3cfaa7@group-CBE126E451E1-FollowerState
2022-11-18 13:06:11,252 [pool-2424-thread-1] INFO  util.JmxRegister (JmxRegister.java:tryRegister(44)) - Successfully registered JMX Bean with object name Ratis:service=RaftServer,group=group-CBE126E451E1,id=db052414-94b4-46f8-aca1-929beb3cfaa7
2022-11-18 13:06:11,252 [pool-2424-thread-1] INFO  server.RaftServerConfigKeys (ConfUtils.java:logGet(46)) - raft.server.snapshot.auto.trigger.enabled = true (custom)
2022-11-18 13:06:11,252 [pool-2424-thread-1] INFO  server.RaftServerConfigKeys (ConfUtils.java:logGet(46)) - raft.server.snapshot.auto.trigger.threshold = 10000 (custom)
2022-11-18 13:06:11,252 [pool-2424-thread-1] INFO  server.RaftServerConfigKeys (ConfUtils.java:logGet(46)) - raft.server.snapshot.retention.file.num = 5 (custom)
2022-11-18 13:06:11,252 [pool-2424-thread-1] INFO  server.RaftServerConfigKeys (ConfUtils.java:logGet(46)) - raft.server.log.purge.upto.snapshot.index = false (default)
2022-11-18 13:06:11,253 [db052414-94b4-46f8-aca1-929beb3cfaa7@group-CBE126E451E1-FollowerState] INFO  server.RaftServerConfigKeys (ConfUtils.java:logFallback(53)) - raft.server.rpc.first-election.timeout.min = 5s (fallback to raft.server.rpc.timeout.min)
2022-11-18 13:06:11,253 [db052414-94b4-46f8-aca1-929beb3cfaa7@group-CBE126E451E1-FollowerState] INFO  server.RaftServerConfigKeys (ConfUtils.java:logFallback(53)) - raft.server.rpc.first-election.timeout.max = 5200ms (fallback to raft.server.rpc.timeout.max)
2022-11-18 13:06:11,253 [Command processor thread] INFO  ratis.XceiverServerRatis (XceiverServerRatis.java:addGroup(765)) - Created group PipelineID=20b526d6-12ff-4da5-a3c9-cbe126e451e1
2022-11-18 13:06:11,258 [grpc-default-executor-5] INFO  server.RaftServer (RaftServerProxy.java:addNew(96)) - b56e85ee-8e41-41ba-8236-410d8ae83499: addNew group-CBE126E451E1:[db052414-94b4-46f8-aca1-929beb3cfaa7|rpc:10.1.0.56:35073|dataStream:|priority:0|startupRole:FOLLOWER, b56e85ee-8e41-41ba-8236-410d8ae83499|rpc:10.1.0.56:36407|dataStream:|priority:1|startupRole:FOLLOWER, ec62b457-0040-4e07-85ab-e1dde9d29779|rpc:10.1.0.56:46203|dataStream:|priority:0|startupRole:FOLLOWER] returns group-CBE126E451E1:java.util.concurrent.CompletableFuture@6b501c70[Not completed]
2022-11-18 13:06:11,259 [pool-2470-thread-1] INFO  server.RaftServer$Division (RaftServerImpl.java:<init>(195)) - b56e85ee-8e41-41ba-8236-410d8ae83499: new RaftServerImpl for group-CBE126E451E1:[db052414-94b4-46f8-aca1-929beb3cfaa7|rpc:10.1.0.56:35073|dataStream:|priority:0|startupRole:FOLLOWER, b56e85ee-8e41-41ba-8236-410d8ae83499|rpc:10.1.0.56:36407|dataStream:|priority:1|startupRole:FOLLOWER, ec62b457-0040-4e07-85ab-e1dde9d29779|rpc:10.1.0.56:46203|dataStream:|priority:0|startupRole:FOLLOWER] with ContainerStateMachine:uninitialized
2022-11-18 13:06:11,259 [pool-2470-thread-1] INFO  server.RaftServerConfigKeys (ConfUtils.java:logGet(46)) - raft.server.rpc.timeout.min = 5s (custom)
2022-11-18 13:06:11,259 [pool-2470-thread-1] INFO  server.RaftServerConfigKeys (ConfUtils.java:logGet(46)) - raft.server.rpc.timeout.max = 5200ms (custom)
2022-11-18 13:06:11,259 [pool-2470-thread-1] INFO  server.RaftServerConfigKeys (ConfUtils.java:logGet(46)) - raft.server.rpc.sleep.time = 25ms (default)
2022-11-18 13:06:11,259 [pool-2470-thread-1] INFO  server.RaftServerConfigKeys (ConfUtils.java:logGet(46)) - raft.server.rpc.slowness.timeout = 300s (custom)
2022-11-18 13:06:11,259 [pool-2470-thread-1] INFO  server.RaftServerConfigKeys (ConfUtils.java:logGet(46)) - raft.server.leaderelection.leader.step-down.wait-time = 10s (default)
2022-11-18 13:06:11,259 [pool-2470-thread-1] INFO  server.RaftServerConfigKeys (ConfUtils.java:logGet(46)) - raft.server.sleep.deviation.threshold = 300ms (default)
2022-11-18 13:06:11,259 [pool-2470-thread-1] INFO  server.RaftServer$Division (ServerState.java:<init>(118)) - b56e85ee-8e41-41ba-8236-410d8ae83499@group-CBE126E451E1: ConfigurationManager, init=-1: peers:[db052414-94b4-46f8-aca1-929beb3cfaa7|rpc:10.1.0.56:35073|dataStream:|priority:0|startupRole:FOLLOWER, b56e85ee-8e41-41ba-8236-410d8ae83499|rpc:10.1.0.56:36407|dataStream:|priority:1|startupRole:FOLLOWER, ec62b457-0040-4e07-85ab-e1dde9d29779|rpc:10.1.0.56:46203|dataStream:|priority:0|startupRole:FOLLOWER]|listeners:[], old=null, confs=<EMPTY_MAP>
2022-11-18 13:06:11,259 [pool-2470-thread-1] INFO  server.RaftServerConfigKeys (ConfUtils.java:logGet(46)) - raft.server.storage.dir = [/home/runner/work/ozone/ozone/hadoop-ozone/integration-test/target/test-dir/MiniOzoneClusterImpl-d3d67884-f8de-446f-8121-b5603e1f9142/datanode-2/data/ratis] (custom)
2022-11-18 13:06:11,259 [pool-2470-thread-1] INFO  server.RaftServerConfigKeys (ConfUtils.java:logGet(46)) - raft.server.log.corruption.policy = EXCEPTION (default)
2022-11-18 13:06:11,260 [pool-2470-thread-1] INFO  server.RaftServerConfigKeys (ConfUtils.java:logGet(46)) - raft.server.storage.free-space.min = 0MB (=0) (default)
2022-11-18 13:06:11,260 [pool-2470-thread-1] INFO  server.RaftServerConfigKeys (ConfUtils.java:logGet(46)) - raft.server.notification.no-leader.timeout = 300s (custom)
2022-11-18 13:06:11,260 [pool-2470-thread-1] INFO  server.RaftServerConfigKeys (ConfUtils.java:logGet(46)) - raft.server.retrycache.expirytime = 600000ms (custom)
2022-11-18 13:06:11,260 [pool-2470-thread-1] INFO  server.RaftServerConfigKeys (ConfUtils.java:logGet(46)) - raft.server.retrycache.statistics.expirytime = 100μs (default)
2022-11-18 13:06:11,262 [pool-2470-thread-1] INFO  server.RaftServerConfigKeys (ConfUtils.java:logGet(46)) - raft.server.log.appender.install.snapshot.enabled = false (custom)
2022-11-18 13:06:11,262 [pool-2470-thread-1] INFO  server.RaftServerConfigKeys (ConfUtils.java:logGet(46)) - raft.server.threadpool.server.cached = true (default)
2022-11-18 13:06:11,262 [pool-2470-thread-1] INFO  server.RaftServerConfigKeys (ConfUtils.java:logGet(46)) - raft.server.threadpool.server.size = 0 (default)
2022-11-18 13:06:11,263 [pool-2470-thread-1] INFO  server.RaftServerConfigKeys (ConfUtils.java:logGet(46)) - raft.server.threadpool.client.cached = true (default)
2022-11-18 13:06:11,263 [pool-2470-thread-1] INFO  server.RaftServerConfigKeys (ConfUtils.java:logGet(46)) - raft.server.threadpool.client.size = 0 (default)
2022-11-18 13:06:11,263 [pool-2470-thread-1] INFO  storage.RaftStorageDirectory (RaftStorageDirectoryImpl.java:analyzeStorage(137)) - The storage directory /home/runner/work/ozone/ozone/hadoop-ozone/integration-test/target/test-dir/MiniOzoneClusterImpl-d3d67884-f8de-446f-8121-b5603e1f9142/datanode-2/data/ratis/20b526d6-12ff-4da5-a3c9-cbe126e451e1 does not exist. Creating ...
2022-11-18 13:06:11,264 [pool-2470-thread-1] INFO  storage.RaftStorageDirectory (RaftStorageDirectoryImpl.java:tryLock(231)) - Lock on /home/runner/work/ozone/ozone/hadoop-ozone/integration-test/target/test-dir/MiniOzoneClusterImpl-d3d67884-f8de-446f-8121-b5603e1f9142/datanode-2/data/ratis/20b526d6-12ff-4da5-a3c9-cbe126e451e1/in_use.lock acquired by nodename 26296@fv-az180-400
2022-11-18 13:06:11,265 [pool-2470-thread-1] INFO  storage.RaftStorage (RaftStorageImpl.java:format(96)) - Storage directory /home/runner/work/ozone/ozone/hadoop-ozone/integration-test/target/test-dir/MiniOzoneClusterImpl-d3d67884-f8de-446f-8121-b5603e1f9142/datanode-2/data/ratis/20b526d6-12ff-4da5-a3c9-cbe126e451e1 has been successfully formatted.
2022-11-18 13:06:11,265 [pool-2470-thread-1] INFO  ratis.ContainerStateMachine (ContainerStateMachine.java:loadSnapshot(236)) - group-CBE126E451E1: The snapshot info is null. Setting the last applied indexto:(t:0, i:~)
2022-11-18 13:06:11,265 [pool-2470-thread-1] INFO  server.RaftServerConfigKeys (ConfUtils.java:logGet(46)) - raft.server.log.use.memory = false (default)
2022-11-18 13:06:11,265 [pool-2470-thread-1] INFO  server.RaftServerConfigKeys (ConfUtils.java:logGet(46)) - raft.server.log.purge.gap = 1000000 (custom)
2022-11-18 13:06:11,265 [pool-2470-thread-1] INFO  server.RaftServerConfigKeys (ConfUtils.java:logGet(46)) - raft.server.log.appender.buffer.byte-limit = 33554432 (custom)
2022-11-18 13:06:11,265 [pool-2470-thread-1] INFO  server.RaftServerConfigKeys (ConfUtils.java:logGet(46)) - raft.server.log.statemachine.data.read.timeout = 1000ms (default)
2022-11-18 13:06:11,266 [pool-2470-thread-1] INFO  server.RaftServerConfigKeys (ConfUtils.java:logGet(46)) - raft.server.log.purge.preservation.log.num = 0 (default)
2022-11-18 13:06:11,266 [pool-2470-thread-1] INFO  server.RaftServerConfigKeys (ConfUtils.java:logGet(46)) - raft.server.log.segment.size.max = 1048576 (custom)
2022-11-18 13:06:11,267 [pool-2470-thread-1] INFO  server.RaftServerConfigKeys (ConfUtils.java:logGet(46)) - raft.server.log.segment.cache.num.max = 2 (custom)
2022-11-18 13:06:11,267 [pool-2470-thread-1] INFO  server.RaftServerConfigKeys (ConfUtils.java:logGet(46)) - raft.server.log.segment.cache.size.max = 200MB (=209715200) (default)
2022-11-18 13:06:11,267 [pool-2470-thread-1] INFO  segmented.SegmentedRaftLogWorker (SegmentedRaftLogWorker.java:<init>(191)) - new b56e85ee-8e41-41ba-8236-410d8ae83499@group-CBE126E451E1-SegmentedRaftLogWorker for RaftStorageImpl:Storage Directory /home/runner/work/ozone/ozone/hadoop-ozone/integration-test/target/test-dir/MiniOzoneClusterImpl-d3d67884-f8de-446f-8121-b5603e1f9142/datanode-2/data/ratis/20b526d6-12ff-4da5-a3c9-cbe126e451e1
2022-11-18 13:06:11,267 [pool-2470-thread-1] INFO  server.RaftServerConfigKeys (ConfUtils.java:logGet(46)) - raft.server.log.queue.byte-limit = 4294967296 (custom)
2022-11-18 13:06:11,267 [pool-2470-thread-1] INFO  server.RaftServerConfigKeys (ConfUtils.java:logGet(46)) - raft.server.log.queue.element-limit = 1024 (custom)
2022-11-18 13:06:11,267 [pool-2470-thread-1] INFO  server.RaftServerConfigKeys (ConfUtils.java:logGet(46)) - raft.server.log.segment.size.max = 1048576 (custom)
2022-11-18 13:06:11,267 [pool-2470-thread-1] INFO  server.RaftServerConfigKeys (ConfUtils.java:logGet(46)) - raft.server.log.preallocated.size = 16384 (custom)
2022-11-18 13:06:11,267 [pool-2470-thread-1] INFO  server.RaftServerConfigKeys (ConfUtils.java:logGet(46)) - raft.server.log.force.sync.num = 128 (default)
2022-11-18 13:06:11,267 [pool-2470-thread-1] INFO  server.RaftServerConfigKeys (ConfUtils.java:logGet(46)) - raft.server.log.statemachine.data.sync = true (default)
2022-11-18 13:06:11,267 [pool-2470-thread-1] INFO  server.RaftServerConfigKeys (ConfUtils.java:logGet(46)) - raft.server.log.statemachine.data.sync.timeout = 10s (default)
2022-11-18 13:06:11,267 [pool-2470-thread-1] INFO  server.RaftServerConfigKeys (ConfUtils.java:logGet(46)) - raft.server.log.statemachine.data.sync.timeout.retry = -1 (default)
2022-11-18 13:06:11,270 [pool-2470-thread-1] INFO  server.RaftServerConfigKeys (ConfUtils.java:logGet(46)) - raft.server.log.write.buffer.size = 1048576 (custom)
2022-11-18 13:06:11,270 [pool-2470-thread-1] INFO  server.RaftServerConfigKeys (ConfUtils.java:logGet(46)) - raft.server.log.unsafe-flush.enabled = false (default)
2022-11-18 13:06:11,270 [pool-2470-thread-1] INFO  server.RaftServerConfigKeys (ConfUtils.java:logGet(46)) - raft.server.log.async-flush.enabled = false (default)
2022-11-18 13:06:11,270 [pool-2470-thread-1] INFO  server.RaftServerConfigKeys (ConfUtils.java:logGet(46)) - raft.server.log.statemachine.data.caching.enabled = true (custom)
2022-11-18 13:06:11,271 [pool-2470-thread-1] INFO  segmented.SegmentedRaftLogWorker (SegmentedRaftLogWorker.java:lambda$new$0(136)) - b56e85ee-8e41-41ba-8236-410d8ae83499@group-CBE126E451E1-SegmentedRaftLogWorker: flushIndex: setUnconditionally 0 -> -1
2022-11-18 13:06:11,271 [pool-2470-thread-1] INFO  segmented.SegmentedRaftLogWorker (SegmentedRaftLogWorker.java:lambda$new$0(136)) - b56e85ee-8e41-41ba-8236-410d8ae83499@group-CBE126E451E1-SegmentedRaftLogWorker: safeCacheEvictIndex: setUnconditionally 0 -> -1
2022-11-18 13:06:11,271 [pool-2470-thread-1] INFO  server.RaftServer$Division (RaftServerImpl.java:start(334)) - b56e85ee-8e41-41ba-8236-410d8ae83499@group-CBE126E451E1: start as a follower, conf=-1: peers:[db052414-94b4-46f8-aca1-929beb3cfaa7|rpc:10.1.0.56:35073|dataStream:|priority:0|startupRole:FOLLOWER, b56e85ee-8e41-41ba-8236-410d8ae83499|rpc:10.1.0.56:36407|dataStream:|priority:1|startupRole:FOLLOWER, ec62b457-0040-4e07-85ab-e1dde9d29779|rpc:10.1.0.56:46203|dataStream:|priority:0|startupRole:FOLLOWER]|listeners:[], old=null
2022-11-18 13:06:11,271 [pool-2470-thread-1] INFO  server.RaftServer$Division (RaftServerImpl.java:setRole(321)) - b56e85ee-8e41-41ba-8236-410d8ae83499@group-CBE126E451E1: changes role from      null to FOLLOWER at term 0 for startAsFollower
2022-11-18 13:06:11,271 [pool-2470-thread-1] INFO  impl.RoleInfo (RoleInfo.java:updateAndGet(139)) - b56e85ee-8e41-41ba-8236-410d8ae83499: start b56e85ee-8e41-41ba-8236-410d8ae83499@group-CBE126E451E1-FollowerState
2022-11-18 13:06:11,271 [pool-2470-thread-1] INFO  util.JmxRegister (JmxRegister.java:tryRegister(44)) - Successfully registered JMX Bean with object name Ratis:service=RaftServer,group=group-CBE126E451E1,id=b56e85ee-8e41-41ba-8236-410d8ae83499
2022-11-18 13:06:11,271 [pool-2470-thread-1] INFO  server.RaftServerConfigKeys (ConfUtils.java:logGet(46)) - raft.server.snapshot.auto.trigger.enabled = true (custom)
2022-11-18 13:06:11,271 [pool-2470-thread-1] INFO  server.RaftServerConfigKeys (ConfUtils.java:logGet(46)) - raft.server.snapshot.auto.trigger.threshold = 10000 (custom)
2022-11-18 13:06:11,271 [pool-2470-thread-1] INFO  server.RaftServerConfigKeys (ConfUtils.java:logGet(46)) - raft.server.snapshot.retention.file.num = 5 (custom)
2022-11-18 13:06:11,271 [pool-2470-thread-1] INFO  server.RaftServerConfigKeys (ConfUtils.java:logGet(46)) - raft.server.log.purge.upto.snapshot.index = false (default)
2022-11-18 13:06:11,272 [b56e85ee-8e41-41ba-8236-410d8ae83499@group-CBE126E451E1-FollowerState] INFO  server.RaftServerConfigKeys (ConfUtils.java:logFallback(53)) - raft.server.rpc.first-election.timeout.min = 5s (fallback to raft.server.rpc.timeout.min)
2022-11-18 13:06:11,272 [b56e85ee-8e41-41ba-8236-410d8ae83499@group-CBE126E451E1-FollowerState] INFO  server.RaftServerConfigKeys (ConfUtils.java:logFallback(53)) - raft.server.rpc.first-election.timeout.max = 5200ms (fallback to raft.server.rpc.timeout.max)
2022-11-18 13:06:11,278 [grpc-default-executor-5] INFO  server.RaftServer (RaftServerProxy.java:addNew(96)) - ec62b457-0040-4e07-85ab-e1dde9d29779: addNew group-CBE126E451E1:[db052414-94b4-46f8-aca1-929beb3cfaa7|rpc:10.1.0.56:35073|dataStream:|priority:0|startupRole:FOLLOWER, b56e85ee-8e41-41ba-8236-410d8ae83499|rpc:10.1.0.56:36407|dataStream:|priority:1|startupRole:FOLLOWER, ec62b457-0040-4e07-85ab-e1dde9d29779|rpc:10.1.0.56:46203|dataStream:|priority:0|startupRole:FOLLOWER] returns group-CBE126E451E1:java.util.concurrent.CompletableFuture@5b19c7f[Not completed]
2022-11-18 13:06:11,279 [pool-2447-thread-1] INFO  server.RaftServer$Division (RaftServerImpl.java:<init>(195)) - ec62b457-0040-4e07-85ab-e1dde9d29779: new RaftServerImpl for group-CBE126E451E1:[db052414-94b4-46f8-aca1-929beb3cfaa7|rpc:10.1.0.56:35073|dataStream:|priority:0|startupRole:FOLLOWER, b56e85ee-8e41-41ba-8236-410d8ae83499|rpc:10.1.0.56:36407|dataStream:|priority:1|startupRole:FOLLOWER, ec62b457-0040-4e07-85ab-e1dde9d29779|rpc:10.1.0.56:46203|dataStream:|priority:0|startupRole:FOLLOWER] with ContainerStateMachine:uninitialized
2022-11-18 13:06:11,279 [pool-2447-thread-1] INFO  server.RaftServerConfigKeys (ConfUtils.java:logGet(46)) - raft.server.rpc.timeout.min = 5s (custom)
2022-11-18 13:06:11,279 [pool-2447-thread-1] INFO  server.RaftServerConfigKeys (ConfUtils.java:logGet(46)) - raft.server.rpc.timeout.max = 5200ms (custom)
2022-11-18 13:06:11,279 [pool-2447-thread-1] INFO  server.RaftServerConfigKeys (ConfUtils.java:logGet(46)) - raft.server.rpc.sleep.time = 25ms (default)
2022-11-18 13:06:11,279 [pool-2447-thread-1] INFO  server.RaftServerConfigKeys (ConfUtils.java:logGet(46)) - raft.server.rpc.slowness.timeout = 300s (custom)
2022-11-18 13:06:11,279 [pool-2447-thread-1] INFO  server.RaftServerConfigKeys (ConfUtils.java:logGet(46)) - raft.server.leaderelection.leader.step-down.wait-time = 10s (default)
2022-11-18 13:06:11,279 [pool-2447-thread-1] INFO  server.RaftServerConfigKeys (ConfUtils.java:logGet(46)) - raft.server.sleep.deviation.threshold = 300ms (default)
2022-11-18 13:06:11,279 [pool-2447-thread-1] INFO  server.RaftServer$Division (ServerState.java:<init>(118)) - ec62b457-0040-4e07-85ab-e1dde9d29779@group-CBE126E451E1: ConfigurationManager, init=-1: peers:[db052414-94b4-46f8-aca1-929beb3cfaa7|rpc:10.1.0.56:35073|dataStream:|priority:0|startupRole:FOLLOWER, b56e85ee-8e41-41ba-8236-410d8ae83499|rpc:10.1.0.56:36407|dataStream:|priority:1|startupRole:FOLLOWER, ec62b457-0040-4e07-85ab-e1dde9d29779|rpc:10.1.0.56:46203|dataStream:|priority:0|startupRole:FOLLOWER]|listeners:[], old=null, confs=<EMPTY_MAP>
2022-11-18 13:06:11,279 [pool-2447-thread-1] INFO  server.RaftServerConfigKeys (ConfUtils.java:logGet(46)) - raft.server.storage.dir = [/home/runner/work/ozone/ozone/hadoop-ozone/integration-test/target/test-dir/MiniOzoneClusterImpl-d3d67884-f8de-446f-8121-b5603e1f9142/datanode-1/data/ratis] (custom)
2022-11-18 13:06:11,280 [pool-2447-thread-1] INFO  server.RaftServerConfigKeys (ConfUtils.java:logGet(46)) - raft.server.log.corruption.policy = EXCEPTION (default)
2022-11-18 13:06:11,280 [pool-2447-thread-1] INFO  server.RaftServerConfigKeys (ConfUtils.java:logGet(46)) - raft.server.storage.free-space.min = 0MB (=0) (default)
2022-11-18 13:06:11,280 [pool-2447-thread-1] INFO  server.RaftServerConfigKeys (ConfUtils.java:logGet(46)) - raft.server.notification.no-leader.timeout = 300s (custom)
2022-11-18 13:06:11,280 [pool-2447-thread-1] INFO  server.RaftServerConfigKeys (ConfUtils.java:logGet(46)) - raft.server.retrycache.expirytime = 600000ms (custom)
2022-11-18 13:06:11,280 [pool-2447-thread-1] INFO  server.RaftServerConfigKeys (ConfUtils.java:logGet(46)) - raft.server.retrycache.statistics.expirytime = 100μs (default)
2022-11-18 13:06:11,282 [pool-2447-thread-1] INFO  server.RaftServerConfigKeys (ConfUtils.java:logGet(46)) - raft.server.log.appender.install.snapshot.enabled = false (custom)
2022-11-18 13:06:11,282 [pool-2447-thread-1] INFO  server.RaftServerConfigKeys (ConfUtils.java:logGet(46)) - raft.server.threadpool.server.cached = true (default)
2022-11-18 13:06:11,282 [pool-2447-thread-1] INFO  server.RaftServerConfigKeys (ConfUtils.java:logGet(46)) - raft.server.threadpool.server.size = 0 (default)
2022-11-18 13:06:11,282 [pool-2447-thread-1] INFO  server.RaftServerConfigKeys (ConfUtils.java:logGet(46)) - raft.server.threadpool.client.cached = true (default)
2022-11-18 13:06:11,282 [pool-2447-thread-1] INFO  server.RaftServerConfigKeys (ConfUtils.java:logGet(46)) - raft.server.threadpool.client.size = 0 (default)
2022-11-18 13:06:11,283 [pool-2447-thread-1] INFO  storage.RaftStorageDirectory (RaftStorageDirectoryImpl.java:analyzeStorage(137)) - The storage directory /home/runner/work/ozone/ozone/hadoop-ozone/integration-test/target/test-dir/MiniOzoneClusterImpl-d3d67884-f8de-446f-8121-b5603e1f9142/datanode-1/data/ratis/20b526d6-12ff-4da5-a3c9-cbe126e451e1 does not exist. Creating ...
2022-11-18 13:06:11,284 [pool-2447-thread-1] INFO  storage.RaftStorageDirectory (RaftStorageDirectoryImpl.java:tryLock(231)) - Lock on /home/runner/work/ozone/ozone/hadoop-ozone/integration-test/target/test-dir/MiniOzoneClusterImpl-d3d67884-f8de-446f-8121-b5603e1f9142/datanode-1/data/ratis/20b526d6-12ff-4da5-a3c9-cbe126e451e1/in_use.lock acquired by nodename 26296@fv-az180-400
2022-11-18 13:06:11,285 [pool-2447-thread-1] INFO  storage.RaftStorage (RaftStorageImpl.java:format(96)) - Storage directory /home/runner/work/ozone/ozone/hadoop-ozone/integration-test/target/test-dir/MiniOzoneClusterImpl-d3d67884-f8de-446f-8121-b5603e1f9142/datanode-1/data/ratis/20b526d6-12ff-4da5-a3c9-cbe126e451e1 has been successfully formatted.
2022-11-18 13:06:11,286 [pool-2447-thread-1] INFO  ratis.ContainerStateMachine (ContainerStateMachine.java:loadSnapshot(236)) - group-CBE126E451E1: The snapshot info is null. Setting the last applied indexto:(t:0, i:~)
2022-11-18 13:06:11,286 [pool-2447-thread-1] INFO  server.RaftServerConfigKeys (ConfUtils.java:logGet(46)) - raft.server.log.use.memory = false (default)
2022-11-18 13:06:11,286 [pool-2447-thread-1] INFO  server.RaftServerConfigKeys (ConfUtils.java:logGet(46)) - raft.server.log.purge.gap = 1000000 (custom)
2022-11-18 13:06:11,286 [pool-2447-thread-1] INFO  server.RaftServerConfigKeys (ConfUtils.java:logGet(46)) - raft.server.log.appender.buffer.byte-limit = 33554432 (custom)
2022-11-18 13:06:11,286 [pool-2447-thread-1] INFO  server.RaftServerConfigKeys (ConfUtils.java:logGet(46)) - raft.server.log.statemachine.data.read.timeout = 1000ms (default)
2022-11-18 13:06:11,286 [pool-2447-thread-1] INFO  server.RaftServerConfigKeys (ConfUtils.java:logGet(46)) - raft.server.log.purge.preservation.log.num = 0 (default)
2022-11-18 13:06:11,286 [pool-2447-thread-1] INFO  server.RaftServerConfigKeys (ConfUtils.java:logGet(46)) - raft.server.log.segment.size.max = 1048576 (custom)
2022-11-18 13:06:11,287 [pool-2447-thread-1] INFO  server.RaftServerConfigKeys (ConfUtils.java:logGet(46)) - raft.server.log.segment.cache.num.max = 2 (custom)
2022-11-18 13:06:11,287 [pool-2447-thread-1] INFO  server.RaftServerConfigKeys (ConfUtils.java:logGet(46)) - raft.server.log.segment.cache.size.max = 200MB (=209715200) (default)
2022-11-18 13:06:11,287 [pool-2447-thread-1] INFO  segmented.SegmentedRaftLogWorker (SegmentedRaftLogWorker.java:<init>(191)) - new ec62b457-0040-4e07-85ab-e1dde9d29779@group-CBE126E451E1-SegmentedRaftLogWorker for RaftStorageImpl:Storage Directory /home/runner/work/ozone/ozone/hadoop-ozone/integration-test/target/test-dir/MiniOzoneClusterImpl-d3d67884-f8de-446f-8121-b5603e1f9142/datanode-1/data/ratis/20b526d6-12ff-4da5-a3c9-cbe126e451e1
2022-11-18 13:06:11,288 [pool-2447-thread-1] INFO  server.RaftServerConfigKeys (ConfUtils.java:logGet(46)) - raft.server.log.queue.byte-limit = 4294967296 (custom)
2022-11-18 13:06:11,288 [pool-2447-thread-1] INFO  server.RaftServerConfigKeys (ConfUtils.java:logGet(46)) - raft.server.log.queue.element-limit = 1024 (custom)
2022-11-18 13:06:11,288 [pool-2447-thread-1] INFO  server.RaftServerConfigKeys (ConfUtils.java:logGet(46)) - raft.server.log.segment.size.max = 1048576 (custom)
2022-11-18 13:06:11,288 [pool-2447-thread-1] INFO  server.RaftServerConfigKeys (ConfUtils.java:logGet(46)) - raft.server.log.preallocated.size = 16384 (custom)
2022-11-18 13:06:11,288 [pool-2447-thread-1] INFO  server.RaftServerConfigKeys (ConfUtils.java:logGet(46)) - raft.server.log.force.sync.num = 128 (default)
2022-11-18 13:06:11,288 [pool-2447-thread-1] INFO  server.RaftServerConfigKeys (ConfUtils.java:logGet(46)) - raft.server.log.statemachine.data.sync = true (default)
2022-11-18 13:06:11,288 [pool-2447-thread-1] INFO  server.RaftServerConfigKeys (ConfUtils.java:logGet(46)) - raft.server.log.statemachine.data.sync.timeout = 10s (default)
2022-11-18 13:06:11,288 [pool-2447-thread-1] INFO  server.RaftServerConfigKeys (ConfUtils.java:logGet(46)) - raft.server.log.statemachine.data.sync.timeout.retry = -1 (default)
2022-11-18 13:06:11,290 [pool-2447-thread-1] INFO  server.RaftServerConfigKeys (ConfUtils.java:logGet(46)) - raft.server.log.write.buffer.size = 1048576 (custom)
2022-11-18 13:06:11,291 [pool-2447-thread-1] INFO  server.RaftServerConfigKeys (ConfUtils.java:logGet(46)) - raft.server.log.unsafe-flush.enabled = false (default)
2022-11-18 13:06:11,291 [pool-2447-thread-1] INFO  server.RaftServerConfigKeys (ConfUtils.java:logGet(46)) - raft.server.log.async-flush.enabled = false (default)
2022-11-18 13:06:11,291 [pool-2447-thread-1] INFO  server.RaftServerConfigKeys (ConfUtils.java:logGet(46)) - raft.server.log.statemachine.data.caching.enabled = true (custom)
2022-11-18 13:06:11,291 [pool-2447-thread-1] INFO  segmented.SegmentedRaftLogWorker (SegmentedRaftLogWorker.java:lambda$new$0(136)) - ec62b457-0040-4e07-85ab-e1dde9d29779@group-CBE126E451E1-SegmentedRaftLogWorker: flushIndex: setUnconditionally 0 -> -1
2022-11-18 13:06:11,291 [pool-2447-thread-1] INFO  segmented.SegmentedRaftLogWorker (SegmentedRaftLogWorker.java:lambda$new$0(136)) - ec62b457-0040-4e07-85ab-e1dde9d29779@group-CBE126E451E1-SegmentedRaftLogWorker: safeCacheEvictIndex: setUnconditionally 0 -> -1
2022-11-18 13:06:11,291 [pool-2447-thread-1] INFO  server.RaftServer$Division (RaftServerImpl.java:start(334)) - ec62b457-0040-4e07-85ab-e1dde9d29779@group-CBE126E451E1: start as a follower, conf=-1: peers:[db052414-94b4-46f8-aca1-929beb3cfaa7|rpc:10.1.0.56:35073|dataStream:|priority:0|startupRole:FOLLOWER, b56e85ee-8e41-41ba-8236-410d8ae83499|rpc:10.1.0.56:36407|dataStream:|priority:1|startupRole:FOLLOWER, ec62b457-0040-4e07-85ab-e1dde9d29779|rpc:10.1.0.56:46203|dataStream:|priority:0|startupRole:FOLLOWER]|listeners:[], old=null
2022-11-18 13:06:11,291 [pool-2447-thread-1] INFO  server.RaftServer$Division (RaftServerImpl.java:setRole(321)) - ec62b457-0040-4e07-85ab-e1dde9d29779@group-CBE126E451E1: changes role from      null to FOLLOWER at term 0 for startAsFollower
2022-11-18 13:06:11,291 [pool-2447-thread-1] INFO  impl.RoleInfo (RoleInfo.java:updateAndGet(139)) - ec62b457-0040-4e07-85ab-e1dde9d29779: start ec62b457-0040-4e07-85ab-e1dde9d29779@group-CBE126E451E1-FollowerState
2022-11-18 13:06:11,291 [pool-2447-thread-1] INFO  util.JmxRegister (JmxRegister.java:tryRegister(44)) - Successfully registered JMX Bean with object name Ratis:service=RaftServer,group=group-CBE126E451E1,id=ec62b457-0040-4e07-85ab-e1dde9d29779
2022-11-18 13:06:11,291 [ec62b457-0040-4e07-85ab-e1dde9d29779@group-CBE126E451E1-FollowerState] INFO  server.RaftServerConfigKeys (ConfUtils.java:logFallback(53)) - raft.server.rpc.first-election.timeout.min = 5s (fallback to raft.server.rpc.timeout.min)
2022-11-18 13:06:11,291 [pool-2447-thread-1] INFO  server.RaftServerConfigKeys (ConfUtils.java:logGet(46)) - raft.server.snapshot.auto.trigger.enabled = true (custom)
2022-11-18 13:06:11,291 [ec62b457-0040-4e07-85ab-e1dde9d29779@group-CBE126E451E1-FollowerState] INFO  server.RaftServerConfigKeys (ConfUtils.java:logFallback(53)) - raft.server.rpc.first-election.timeout.max = 5200ms (fallback to raft.server.rpc.timeout.max)
2022-11-18 13:06:11,292 [pool-2447-thread-1] INFO  server.RaftServerConfigKeys (ConfUtils.java:logGet(46)) - raft.server.snapshot.auto.trigger.threshold = 10000 (custom)
2022-11-18 13:06:11,292 [pool-2447-thread-1] INFO  server.RaftServerConfigKeys (ConfUtils.java:logGet(46)) - raft.server.snapshot.retention.file.num = 5 (custom)
2022-11-18 13:06:11,292 [pool-2447-thread-1] INFO  server.RaftServerConfigKeys (ConfUtils.java:logGet(46)) - raft.server.log.purge.upto.snapshot.index = false (default)
2022-11-18 13:06:11,294 [Command processor thread] INFO  commandhandler.CreatePipelineCommandHandler (CreatePipelineCommandHandler.java:handle(113)) - Created Pipeline RATIS THREE PipelineID=20b526d6-12ff-4da5-a3c9-cbe126e451e1.
2022-11-18 13:06:11,488 [Under Replicated Processor] INFO  replication.UnderReplicatedProcessor (UnderReplicatedProcessor.java:processAll(92)) - Processed 0 under replicated containers, failed processing 0
2022-11-18 13:06:11,488 [Over Replicated Processor] INFO  replication.OverReplicatedProcessor (OverReplicatedProcessor.java:processAll(90)) - Processed 0 over replicated containers, failed processing 0
2022-11-18 13:06:11,489 [ReplicationMonitor] INFO  replication.ReplicationManager (ReplicationManager.java:processAll(352)) - Replication Monitor Thread took 0 milliseconds for processing 0 containers.
2022-11-18 13:06:11,560 [Command processor thread] INFO  server.RaftServer (RaftServerProxy.java:addNew(96)) - ec62b457-0040-4e07-85ab-e1dde9d29779: addNew group-A0FC867C4483:[ec62b457-0040-4e07-85ab-e1dde9d29779|rpc:10.1.0.56:46203|priority:1|startupRole:FOLLOWER] returns group-A0FC867C4483:java.util.concurrent.CompletableFuture@60752b40[Not completed]
2022-11-18 13:06:11,561 [pool-2447-thread-1] INFO  server.RaftServer$Division (RaftServerImpl.java:<init>(195)) - ec62b457-0040-4e07-85ab-e1dde9d29779: new RaftServerImpl for group-A0FC867C4483:[ec62b457-0040-4e07-85ab-e1dde9d29779|rpc:10.1.0.56:46203|priority:1|startupRole:FOLLOWER] with ContainerStateMachine:uninitialized
2022-11-18 13:06:11,561 [pool-2447-thread-1] INFO  server.RaftServerConfigKeys (ConfUtils.java:logGet(46)) - raft.server.rpc.timeout.min = 5s (custom)
2022-11-18 13:06:11,561 [pool-2447-thread-1] INFO  server.RaftServerConfigKeys (ConfUtils.java:logGet(46)) - raft.server.rpc.timeout.max = 5200ms (custom)
2022-11-18 13:06:11,561 [pool-2447-thread-1] INFO  server.RaftServerConfigKeys (ConfUtils.java:logGet(46)) - raft.server.rpc.sleep.time = 25ms (default)
2022-11-18 13:06:11,561 [pool-2447-thread-1] INFO  server.RaftServerConfigKeys (ConfUtils.java:logGet(46)) - raft.server.rpc.slowness.timeout = 300s (custom)
2022-11-18 13:06:11,561 [pool-2447-thread-1] INFO  server.RaftServerConfigKeys (ConfUtils.java:logGet(46)) - raft.server.leaderelection.leader.step-down.wait-time = 10s (default)
2022-11-18 13:06:11,561 [pool-2447-thread-1] INFO  server.RaftServerConfigKeys (ConfUtils.java:logGet(46)) - raft.server.sleep.deviation.threshold = 300ms (default)
2022-11-18 13:06:11,561 [pool-2447-thread-1] INFO  server.RaftServer$Division (ServerState.java:<init>(118)) - ec62b457-0040-4e07-85ab-e1dde9d29779@group-A0FC867C4483: ConfigurationManager, init=-1: peers:[ec62b457-0040-4e07-85ab-e1dde9d29779|rpc:10.1.0.56:46203|priority:1|startupRole:FOLLOWER]|listeners:[], old=null, confs=<EMPTY_MAP>
2022-11-18 13:06:11,561 [pool-2447-thread-1] INFO  server.RaftServerConfigKeys (ConfUtils.java:logGet(46)) - raft.server.storage.dir = [/home/runner/work/ozone/ozone/hadoop-ozone/integration-test/target/test-dir/MiniOzoneClusterImpl-d3d67884-f8de-446f-8121-b5603e1f9142/datanode-1/data/ratis] (custom)
2022-11-18 13:06:11,562 [pool-2447-thread-1] INFO  server.RaftServerConfigKeys (ConfUtils.java:logGet(46)) - raft.server.log.corruption.policy = EXCEPTION (default)
2022-11-18 13:06:11,562 [pool-2447-thread-1] INFO  server.RaftServerConfigKeys (ConfUtils.java:logGet(46)) - raft.server.storage.free-space.min = 0MB (=0) (default)
2022-11-18 13:06:11,562 [pool-2447-thread-1] INFO  server.RaftServerConfigKeys (ConfUtils.java:logGet(46)) - raft.server.notification.no-leader.timeout = 300s (custom)
2022-11-18 13:06:11,562 [pool-2447-thread-1] INFO  server.RaftServerConfigKeys (ConfUtils.java:logGet(46)) - raft.server.retrycache.expirytime = 600000ms (custom)
2022-11-18 13:06:11,562 [pool-2447-thread-1] INFO  server.RaftServerConfigKeys (ConfUtils.java:logGet(46)) - raft.server.retrycache.statistics.expirytime = 100μs (default)
2022-11-18 13:06:11,564 [pool-2447-thread-1] INFO  server.RaftServerConfigKeys (ConfUtils.java:logGet(46)) - raft.server.log.appender.install.snapshot.enabled = false (custom)
2022-11-18 13:06:11,564 [pool-2447-thread-1] INFO  server.RaftServerConfigKeys (ConfUtils.java:logGet(46)) - raft.server.threadpool.server.cached = true (default)
2022-11-18 13:06:11,564 [pool-2447-thread-1] INFO  server.RaftServerConfigKeys (ConfUtils.java:logGet(46)) - raft.server.threadpool.server.size = 0 (default)
2022-11-18 13:06:11,565 [pool-2447-thread-1] INFO  server.RaftServerConfigKeys (ConfUtils.java:logGet(46)) - raft.server.threadpool.client.cached = true (default)
2022-11-18 13:06:11,565 [pool-2447-thread-1] INFO  server.RaftServerConfigKeys (ConfUtils.java:logGet(46)) - raft.server.threadpool.client.size = 0 (default)
2022-11-18 13:06:11,565 [pool-2447-thread-1] INFO  storage.RaftStorageDirectory (RaftStorageDirectoryImpl.java:analyzeStorage(137)) - The storage directory /home/runner/work/ozone/ozone/hadoop-ozone/integration-test/target/test-dir/MiniOzoneClusterImpl-d3d67884-f8de-446f-8121-b5603e1f9142/datanode-1/data/ratis/574da5c7-118c-4be7-9342-a0fc867c4483 does not exist. Creating ...
2022-11-18 13:06:11,566 [pool-2447-thread-1] INFO  storage.RaftStorageDirectory (RaftStorageDirectoryImpl.java:tryLock(231)) - Lock on /home/runner/work/ozone/ozone/hadoop-ozone/integration-test/target/test-dir/MiniOzoneClusterImpl-d3d67884-f8de-446f-8121-b5603e1f9142/datanode-1/data/ratis/574da5c7-118c-4be7-9342-a0fc867c4483/in_use.lock acquired by nodename 26296@fv-az180-400
2022-11-18 13:06:11,567 [pool-2447-thread-1] INFO  storage.RaftStorage (RaftStorageImpl.java:format(96)) - Storage directory /home/runner/work/ozone/ozone/hadoop-ozone/integration-test/target/test-dir/MiniOzoneClusterImpl-d3d67884-f8de-446f-8121-b5603e1f9142/datanode-1/data/ratis/574da5c7-118c-4be7-9342-a0fc867c4483 has been successfully formatted.
2022-11-18 13:06:11,567 [pool-2447-thread-1] INFO  ratis.ContainerStateMachine (ContainerStateMachine.java:loadSnapshot(236)) - group-A0FC867C4483: The snapshot info is null. Setting the last applied indexto:(t:0, i:~)
2022-11-18 13:06:11,567 [pool-2447-thread-1] INFO  server.RaftServerConfigKeys (ConfUtils.java:logGet(46)) - raft.server.log.use.memory = false (default)
2022-11-18 13:06:11,567 [pool-2447-thread-1] INFO  server.RaftServerConfigKeys (ConfUtils.java:logGet(46)) - raft.server.log.purge.gap = 1000000 (custom)
2022-11-18 13:06:11,567 [pool-2447-thread-1] INFO  server.RaftServerConfigKeys (ConfUtils.java:logGet(46)) - raft.server.log.appender.buffer.byte-limit = 33554432 (custom)
2022-11-18 13:06:11,568 [EventQueue-PipelineReportForPipelineReportHandler] INFO  pipeline.PipelineManagerImpl (PipelineManagerImpl.java:openPipeline(367)) - Pipeline Pipeline[ Id: 574da5c7-118c-4be7-9342-a0fc867c4483, Nodes: ec62b457-0040-4e07-85ab-e1dde9d29779{ip: 10.1.0.56, host: fv-az180-400.aibneqh1mxpuhl3tnnuy2ifbce.bx.internal.cloudapp.net, ports: [REPLICATION=44127, RATIS=46203, RATIS_ADMIN=46203, RATIS_SERVER=46203, STANDALONE=45629], networkLocation: /default-rack, certSerialId: null, persistedOpState: IN_SERVICE, persistedOpStateExpiryEpochSec: 0}, ReplicationConfig: RATIS/ONE, State:ALLOCATED, leaderId:ec62b457-0040-4e07-85ab-e1dde9d29779, CreationTimestamp2022-11-18T13:06:08.561Z[Etc/UTC]] moved to OPEN state
2022-11-18 13:06:11,568 [EventQueue-OpenPipelineForHealthyPipelineSafeModeRule] INFO  safemode.SCMSafeModeManager (HealthyPipelineSafeModeRule.java:process(137)) - SCM in safe mode. Healthy pipelines reported count is 0, required healthy pipeline reported count is 1
2022-11-18 13:06:11,568 [pool-2447-thread-1] INFO  server.RaftServerConfigKeys (ConfUtils.java:logGet(46)) - raft.server.log.statemachine.data.read.timeout = 1000ms (default)
2022-11-18 13:06:11,568 [pool-2447-thread-1] INFO  server.RaftServerConfigKeys (ConfUtils.java:logGet(46)) - raft.server.log.purge.preservation.log.num = 0 (default)
2022-11-18 13:06:11,568 [pool-2447-thread-1] INFO  server.RaftServerConfigKeys (ConfUtils.java:logGet(46)) - raft.server.log.segment.size.max = 1048576 (custom)
2022-11-18 13:06:11,569 [pool-2447-thread-1] INFO  server.RaftServerConfigKeys (ConfUtils.java:logGet(46)) - raft.server.log.segment.cache.num.max = 2 (custom)
2022-11-18 13:06:11,569 [pool-2447-thread-1] INFO  server.RaftServerConfigKeys (ConfUtils.java:logGet(46)) - raft.server.log.segment.cache.size.max = 200MB (=209715200) (default)
2022-11-18 13:06:11,570 [pool-2447-thread-1] INFO  segmented.SegmentedRaftLogWorker (SegmentedRaftLogWorker.java:<init>(191)) - new ec62b457-0040-4e07-85ab-e1dde9d29779@group-A0FC867C4483-SegmentedRaftLogWorker for RaftStorageImpl:Storage Directory /home/runner/work/ozone/ozone/hadoop-ozone/integration-test/target/test-dir/MiniOzoneClusterImpl-d3d67884-f8de-446f-8121-b5603e1f9142/datanode-1/data/ratis/574da5c7-118c-4be7-9342-a0fc867c4483
2022-11-18 13:06:11,570 [pool-2447-thread-1] INFO  server.RaftServerConfigKeys (ConfUtils.java:logGet(46)) - raft.server.log.queue.byte-limit = 4294967296 (custom)
2022-11-18 13:06:11,570 [pool-2447-thread-1] INFO  server.RaftServerConfigKeys (ConfUtils.java:logGet(46)) - raft.server.log.queue.element-limit = 1024 (custom)
2022-11-18 13:06:11,570 [pool-2447-thread-1] INFO  server.RaftServerConfigKeys (ConfUtils.java:logGet(46)) - raft.server.log.segment.size.max = 1048576 (custom)
2022-11-18 13:06:11,570 [pool-2447-thread-1] INFO  server.RaftServerConfigKeys (ConfUtils.java:logGet(46)) - raft.server.log.preallocated.size = 16384 (custom)
2022-11-18 13:06:11,570 [pool-2447-thread-1] INFO  server.RaftServerConfigKeys (ConfUtils.java:logGet(46)) - raft.server.log.force.sync.num = 128 (default)
2022-11-18 13:06:11,570 [pool-2447-thread-1] INFO  server.RaftServerConfigKeys (ConfUtils.java:logGet(46)) - raft.server.log.statemachine.data.sync = true (default)
2022-11-18 13:06:11,570 [pool-2447-thread-1] INFO  server.RaftServerConfigKeys (ConfUtils.java:logGet(46)) - raft.server.log.statemachine.data.sync.timeout = 10s (default)
2022-11-18 13:06:11,570 [pool-2447-thread-1] INFO  server.RaftServerConfigKeys (ConfUtils.java:logGet(46)) - raft.server.log.statemachine.data.sync.timeout.retry = -1 (default)
2022-11-18 13:06:11,572 [pool-2447-thread-1] INFO  server.RaftServerConfigKeys (ConfUtils.java:logGet(46)) - raft.server.log.write.buffer.size = 1048576 (custom)
2022-11-18 13:06:11,573 [pool-2447-thread-1] INFO  server.RaftServerConfigKeys (ConfUtils.java:logGet(46)) - raft.server.log.unsafe-flush.enabled = false (default)
2022-11-18 13:06:11,573 [pool-2447-thread-1] INFO  server.RaftServerConfigKeys (ConfUtils.java:logGet(46)) - raft.server.log.async-flush.enabled = false (default)
2022-11-18 13:06:11,573 [pool-2447-thread-1] INFO  server.RaftServerConfigKeys (ConfUtils.java:logGet(46)) - raft.server.log.statemachine.data.caching.enabled = true (custom)
2022-11-18 13:06:11,573 [pool-2447-thread-1] INFO  segmented.SegmentedRaftLogWorker (SegmentedRaftLogWorker.java:lambda$new$0(136)) - ec62b457-0040-4e07-85ab-e1dde9d29779@group-A0FC867C4483-SegmentedRaftLogWorker: flushIndex: setUnconditionally 0 -> -1
2022-11-18 13:06:11,573 [pool-2447-thread-1] INFO  segmented.SegmentedRaftLogWorker (SegmentedRaftLogWorker.java:lambda$new$0(136)) - ec62b457-0040-4e07-85ab-e1dde9d29779@group-A0FC867C4483-SegmentedRaftLogWorker: safeCacheEvictIndex: setUnconditionally 0 -> -1
2022-11-18 13:06:11,573 [pool-2447-thread-1] INFO  server.RaftServer$Division (RaftServerImpl.java:start(334)) - ec62b457-0040-4e07-85ab-e1dde9d29779@group-A0FC867C4483: start as a follower, conf=-1: peers:[ec62b457-0040-4e07-85ab-e1dde9d29779|rpc:10.1.0.56:46203|priority:1|startupRole:FOLLOWER]|listeners:[], old=null
2022-11-18 13:06:11,573 [pool-2447-thread-1] INFO  server.RaftServer$Division (RaftServerImpl.java:setRole(321)) - ec62b457-0040-4e07-85ab-e1dde9d29779@group-A0FC867C4483: changes role from      null to FOLLOWER at term 0 for startAsFollower
2022-11-18 13:06:11,573 [pool-2447-thread-1] INFO  impl.RoleInfo (RoleInfo.java:updateAndGet(139)) - ec62b457-0040-4e07-85ab-e1dde9d29779: start ec62b457-0040-4e07-85ab-e1dde9d29779@group-A0FC867C4483-FollowerState
2022-11-18 13:06:11,574 [pool-2447-thread-1] INFO  util.JmxRegister (JmxRegister.java:tryRegister(44)) - Successfully registered JMX Bean with object name Ratis:service=RaftServer,group=group-A0FC867C4483,id=ec62b457-0040-4e07-85ab-e1dde9d29779
2022-11-18 13:06:11,574 [pool-2447-thread-1] INFO  server.RaftServerConfigKeys (ConfUtils.java:logGet(46)) - raft.server.snapshot.auto.trigger.enabled = true (custom)
2022-11-18 13:06:11,574 [ec62b457-0040-4e07-85ab-e1dde9d29779@group-A0FC867C4483-FollowerState] INFO  server.RaftServerConfigKeys (ConfUtils.java:logFallback(53)) - raft.server.rpc.first-election.timeout.min = 5s (fallback to raft.server.rpc.timeout.min)
2022-11-18 13:06:11,574 [pool-2447-thread-1] INFO  server.RaftServerConfigKeys (ConfUtils.java:logGet(46)) - raft.server.snapshot.auto.trigger.threshold = 10000 (custom)
2022-11-18 13:06:11,574 [ec62b457-0040-4e07-85ab-e1dde9d29779@group-A0FC867C4483-FollowerState] INFO  server.RaftServerConfigKeys (ConfUtils.java:logFallback(53)) - raft.server.rpc.first-election.timeout.max = 5200ms (fallback to raft.server.rpc.timeout.max)
2022-11-18 13:06:11,574 [pool-2447-thread-1] INFO  server.RaftServerConfigKeys (ConfUtils.java:logGet(46)) - raft.server.snapshot.retention.file.num = 5 (custom)
2022-11-18 13:06:11,574 [pool-2447-thread-1] INFO  server.RaftServerConfigKeys (ConfUtils.java:logGet(46)) - raft.server.log.purge.upto.snapshot.index = false (default)
2022-11-18 13:06:11,575 [Command processor thread] INFO  ratis.XceiverServerRatis (XceiverServerRatis.java:addGroup(765)) - Created group PipelineID=574da5c7-118c-4be7-9342-a0fc867c4483
2022-11-18 13:06:11,575 [Command processor thread] INFO  commandhandler.CreatePipelineCommandHandler (CreatePipelineCommandHandler.java:handle(113)) - Created Pipeline RATIS ONE PipelineID=574da5c7-118c-4be7-9342-a0fc867c4483.
2022-11-18 13:06:11,699 [Listener at 127.0.0.1/39657] INFO  ozone.MiniOzoneClusterImpl (MiniOzoneClusterImpl.java:lambda$waitForClusterToBeReady$0(216)) - Nodes are ready. Got 7 of 7 DN Heartbeats.
2022-11-18 13:06:11,699 [Listener at 127.0.0.1/39657] INFO  ozone.MiniOzoneClusterImpl (MiniOzoneClusterImpl.java:lambda$waitForClusterToBeReady$0(219)) - Waiting for cluster to exit safe mode
2022-11-18 13:06:11,699 [Listener at 127.0.0.1/39657] INFO  ozone.MiniOzoneClusterImpl (MiniOzoneClusterImpl.java:lambda$waitForClusterToBeReady$0(221)) - SCM became leader
2022-11-18 13:06:11,838 [ReplicationMonitor] INFO  replication.ReplicationManager (ReplicationManager.java:processAll(319)) - Replication Manager is not ready to run until 3000ms after safemode exit
2022-11-18 13:06:11,905 [DatanodeAdminManager-0] INFO  node.DatanodeAdminMonitorImpl (DatanodeAdminMonitorImpl.java:run(169)) - There are 1 nodes tracked for decommission and maintenance.  0 pending nodes.
2022-11-18 13:06:11,917 [ReplicationMonitor] INFO  replication.ReplicationManager (ReplicationManager.java:processAll(319)) - Replication Manager is not ready to run until 3000ms after safemode exit
2022-11-18 13:06:12,066 [Command processor thread] INFO  server.RaftServer (RaftServerProxy.java:addNew(96)) - b56e85ee-8e41-41ba-8236-410d8ae83499: addNew group-B0097F026191:[b56e85ee-8e41-41ba-8236-410d8ae83499|rpc:10.1.0.56:36407|priority:1|startupRole:FOLLOWER] returns group-B0097F026191:java.util.concurrent.CompletableFuture@6b9b1c4[Not completed]
2022-11-18 13:06:12,066 [pool-2470-thread-1] INFO  server.RaftServer$Division (RaftServerImpl.java:<init>(195)) - b56e85ee-8e41-41ba-8236-410d8ae83499: new RaftServerImpl for group-B0097F026191:[b56e85ee-8e41-41ba-8236-410d8ae83499|rpc:10.1.0.56:36407|priority:1|startupRole:FOLLOWER] with ContainerStateMachine:uninitialized
2022-11-18 13:06:12,066 [pool-2470-thread-1] INFO  server.RaftServerConfigKeys (ConfUtils.java:logGet(46)) - raft.server.rpc.timeout.min = 5s (custom)
2022-11-18 13:06:12,066 [pool-2470-thread-1] INFO  server.RaftServerConfigKeys (ConfUtils.java:logGet(46)) - raft.server.rpc.timeout.max = 5200ms (custom)
2022-11-18 13:06:12,066 [pool-2470-thread-1] INFO  server.RaftServerConfigKeys (ConfUtils.java:logGet(46)) - raft.server.rpc.sleep.time = 25ms (default)
2022-11-18 13:06:12,066 [pool-2470-thread-1] INFO  server.RaftServerConfigKeys (ConfUtils.java:logGet(46)) - raft.server.rpc.slowness.timeout = 300s (custom)
2022-11-18 13:06:12,066 [pool-2470-thread-1] INFO  server.RaftServerConfigKeys (ConfUtils.java:logGet(46)) - raft.server.leaderelection.leader.step-down.wait-time = 10s (default)
2022-11-18 13:06:12,066 [pool-2470-thread-1] INFO  server.RaftServerConfigKeys (ConfUtils.java:logGet(46)) - raft.server.sleep.deviation.threshold = 300ms (default)
2022-11-18 13:06:12,066 [pool-2470-thread-1] INFO  server.RaftServer$Division (ServerState.java:<init>(118)) - b56e85ee-8e41-41ba-8236-410d8ae83499@group-B0097F026191: ConfigurationManager, init=-1: peers:[b56e85ee-8e41-41ba-8236-410d8ae83499|rpc:10.1.0.56:36407|priority:1|startupRole:FOLLOWER]|listeners:[], old=null, confs=<EMPTY_MAP>
2022-11-18 13:06:12,066 [pool-2470-thread-1] INFO  server.RaftServerConfigKeys (ConfUtils.java:logGet(46)) - raft.server.storage.dir = [/home/runner/work/ozone/ozone/hadoop-ozone/integration-test/target/test-dir/MiniOzoneClusterImpl-d3d67884-f8de-446f-8121-b5603e1f9142/datanode-2/data/ratis] (custom)
2022-11-18 13:06:12,067 [pool-2470-thread-1] INFO  server.RaftServerConfigKeys (ConfUtils.java:logGet(46)) - raft.server.log.corruption.policy = EXCEPTION (default)
2022-11-18 13:06:12,067 [pool-2470-thread-1] INFO  server.RaftServerConfigKeys (ConfUtils.java:logGet(46)) - raft.server.storage.free-space.min = 0MB (=0) (default)
2022-11-18 13:06:12,067 [pool-2470-thread-1] INFO  server.RaftServerConfigKeys (ConfUtils.java:logGet(46)) - raft.server.notification.no-leader.timeout = 300s (custom)
2022-11-18 13:06:12,067 [pool-2470-thread-1] INFO  server.RaftServerConfigKeys (ConfUtils.java:logGet(46)) - raft.server.retrycache.expirytime = 600000ms (custom)
2022-11-18 13:06:12,067 [pool-2470-thread-1] INFO  server.RaftServerConfigKeys (ConfUtils.java:logGet(46)) - raft.server.retrycache.statistics.expirytime = 100μs (default)
2022-11-18 13:06:12,069 [pool-2470-thread-1] INFO  server.RaftServerConfigKeys (ConfUtils.java:logGet(46)) - raft.server.log.appender.install.snapshot.enabled = false (custom)
2022-11-18 13:06:12,070 [pool-2470-thread-1] INFO  server.RaftServerConfigKeys (ConfUtils.java:logGet(46)) - raft.server.threadpool.server.cached = true (default)
2022-11-18 13:06:12,070 [pool-2470-thread-1] INFO  server.RaftServerConfigKeys (ConfUtils.java:logGet(46)) - raft.server.threadpool.server.size = 0 (default)
2022-11-18 13:06:12,070 [pool-2470-thread-1] INFO  server.RaftServerConfigKeys (ConfUtils.java:logGet(46)) - raft.server.threadpool.client.cached = true (default)
2022-11-18 13:06:12,070 [pool-2470-thread-1] INFO  server.RaftServerConfigKeys (ConfUtils.java:logGet(46)) - raft.server.threadpool.client.size = 0 (default)
2022-11-18 13:06:12,070 [pool-2470-thread-1] INFO  storage.RaftStorageDirectory (RaftStorageDirectoryImpl.java:analyzeStorage(137)) - The storage directory /home/runner/work/ozone/ozone/hadoop-ozone/integration-test/target/test-dir/MiniOzoneClusterImpl-d3d67884-f8de-446f-8121-b5603e1f9142/datanode-2/data/ratis/280b0efe-1f3b-4d9f-a1c7-b0097f026191 does not exist. Creating ...
2022-11-18 13:06:12,071 [pool-2470-thread-1] INFO  storage.RaftStorageDirectory (RaftStorageDirectoryImpl.java:tryLock(231)) - Lock on /home/runner/work/ozone/ozone/hadoop-ozone/integration-test/target/test-dir/MiniOzoneClusterImpl-d3d67884-f8de-446f-8121-b5603e1f9142/datanode-2/data/ratis/280b0efe-1f3b-4d9f-a1c7-b0097f026191/in_use.lock acquired by nodename 26296@fv-az180-400
2022-11-18 13:06:12,072 [pool-2470-thread-1] INFO  storage.RaftStorage (RaftStorageImpl.java:format(96)) - Storage directory /home/runner/work/ozone/ozone/hadoop-ozone/integration-test/target/test-dir/MiniOzoneClusterImpl-d3d67884-f8de-446f-8121-b5603e1f9142/datanode-2/data/ratis/280b0efe-1f3b-4d9f-a1c7-b0097f026191 has been successfully formatted.
2022-11-18 13:06:12,072 [pool-2470-thread-1] INFO  ratis.ContainerStateMachine (ContainerStateMachine.java:loadSnapshot(236)) - group-B0097F026191: The snapshot info is null. Setting the last applied indexto:(t:0, i:~)
2022-11-18 13:06:12,072 [pool-2470-thread-1] INFO  server.RaftServerConfigKeys (ConfUtils.java:logGet(46)) - raft.server.log.use.memory = false (default)
2022-11-18 13:06:12,073 [pool-2470-thread-1] INFO  server.RaftServerConfigKeys (ConfUtils.java:logGet(46)) - raft.server.log.purge.gap = 1000000 (custom)
2022-11-18 13:06:12,073 [pool-2470-thread-1] INFO  server.RaftServerConfigKeys (ConfUtils.java:logGet(46)) - raft.server.log.appender.buffer.byte-limit = 33554432 (custom)
2022-11-18 13:06:12,073 [pool-2470-thread-1] INFO  server.RaftServerConfigKeys (ConfUtils.java:logGet(46)) - raft.server.log.statemachine.data.read.timeout = 1000ms (default)
2022-11-18 13:06:12,073 [pool-2470-thread-1] INFO  server.RaftServerConfigKeys (ConfUtils.java:logGet(46)) - raft.server.log.purge.preservation.log.num = 0 (default)
2022-11-18 13:06:12,073 [EventQueue-PipelineReportForPipelineReportHandler] INFO  pipeline.PipelineManagerImpl (PipelineManagerImpl.java:openPipeline(367)) - Pipeline Pipeline[ Id: 280b0efe-1f3b-4d9f-a1c7-b0097f026191, Nodes: b56e85ee-8e41-41ba-8236-410d8ae83499{ip: 10.1.0.56, host: fv-az180-400.aibneqh1mxpuhl3tnnuy2ifbce.bx.internal.cloudapp.net, ports: [REPLICATION=33143, RATIS=36407, RATIS_ADMIN=36407, RATIS_SERVER=36407, STANDALONE=39211], networkLocation: /default-rack, certSerialId: null, persistedOpState: IN_SERVICE, persistedOpStateExpiryEpochSec: 0}, ReplicationConfig: RATIS/ONE, State:ALLOCATED, leaderId:b56e85ee-8e41-41ba-8236-410d8ae83499, CreationTimestamp2022-11-18T13:06:09.067Z[Etc/UTC]] moved to OPEN state
2022-11-18 13:06:12,074 [EventQueue-OpenPipelineForHealthyPipelineSafeModeRule] INFO  safemode.SCMSafeModeManager (HealthyPipelineSafeModeRule.java:process(137)) - SCM in safe mode. Healthy pipelines reported count is 0, required healthy pipeline reported count is 1
2022-11-18 13:06:12,074 [pool-2470-thread-1] INFO  server.RaftServerConfigKeys (ConfUtils.java:logGet(46)) - raft.server.log.segment.size.max = 1048576 (custom)
2022-11-18 13:06:12,075 [pool-2470-thread-1] INFO  server.RaftServerConfigKeys (ConfUtils.java:logGet(46)) - raft.server.log.segment.cache.num.max = 2 (custom)
2022-11-18 13:06:12,075 [pool-2470-thread-1] INFO  server.RaftServerConfigKeys (ConfUtils.java:logGet(46)) - raft.server.log.segment.cache.size.max = 200MB (=209715200) (default)
2022-11-18 13:06:12,075 [pool-2470-thread-1] INFO  segmented.SegmentedRaftLogWorker (SegmentedRaftLogWorker.java:<init>(191)) - new b56e85ee-8e41-41ba-8236-410d8ae83499@group-B0097F026191-SegmentedRaftLogWorker for RaftStorageImpl:Storage Directory /home/runner/work/ozone/ozone/hadoop-ozone/integration-test/target/test-dir/MiniOzoneClusterImpl-d3d67884-f8de-446f-8121-b5603e1f9142/datanode-2/data/ratis/280b0efe-1f3b-4d9f-a1c7-b0097f026191
2022-11-18 13:06:12,075 [pool-2470-thread-1] INFO  server.RaftServerConfigKeys (ConfUtils.java:logGet(46)) - raft.server.log.queue.byte-limit = 4294967296 (custom)
2022-11-18 13:06:12,075 [pool-2470-thread-1] INFO  server.RaftServerConfigKeys (ConfUtils.java:logGet(46)) - raft.server.log.queue.element-limit = 1024 (custom)
2022-11-18 13:06:12,075 [pool-2470-thread-1] INFO  server.RaftServerConfigKeys (ConfUtils.java:logGet(46)) - raft.server.log.segment.size.max = 1048576 (custom)
2022-11-18 13:06:12,075 [pool-2470-thread-1] INFO  server.RaftServerConfigKeys (ConfUtils.java:logGet(46)) - raft.server.log.preallocated.size = 16384 (custom)
2022-11-18 13:06:12,075 [pool-2470-thread-1] INFO  server.RaftServerConfigKeys (ConfUtils.java:logGet(46)) - raft.server.log.force.sync.num = 128 (default)
2022-11-18 13:06:12,075 [pool-2470-thread-1] INFO  server.RaftServerConfigKeys (ConfUtils.java:logGet(46)) - raft.server.log.statemachine.data.sync = true (default)
2022-11-18 13:06:12,075 [pool-2470-thread-1] INFO  server.RaftServerConfigKeys (ConfUtils.java:logGet(46)) - raft.server.log.statemachine.data.sync.timeout = 10s (default)
2022-11-18 13:06:12,075 [pool-2470-thread-1] INFO  server.RaftServerConfigKeys (ConfUtils.java:logGet(46)) - raft.server.log.statemachine.data.sync.timeout.retry = -1 (default)
2022-11-18 13:06:12,079 [pool-2470-thread-1] INFO  server.RaftServerConfigKeys (ConfUtils.java:logGet(46)) - raft.server.log.write.buffer.size = 1048576 (custom)
2022-11-18 13:06:12,080 [pool-2470-thread-1] INFO  server.RaftServerConfigKeys (ConfUtils.java:logGet(46)) - raft.server.log.unsafe-flush.enabled = false (default)
2022-11-18 13:06:12,080 [pool-2470-thread-1] INFO  server.RaftServerConfigKeys (ConfUtils.java:logGet(46)) - raft.server.log.async-flush.enabled = false (default)
2022-11-18 13:06:12,080 [pool-2470-thread-1] INFO  server.RaftServerConfigKeys (ConfUtils.java:logGet(46)) - raft.server.log.statemachine.data.caching.enabled = true (custom)
2022-11-18 13:06:12,080 [pool-2470-thread-1] INFO  segmented.SegmentedRaftLogWorker (SegmentedRaftLogWorker.java:lambda$new$0(136)) - b56e85ee-8e41-41ba-8236-410d8ae83499@group-B0097F026191-SegmentedRaftLogWorker: flushIndex: setUnconditionally 0 -> -1
2022-11-18 13:06:12,080 [pool-2470-thread-1] INFO  segmented.SegmentedRaftLogWorker (SegmentedRaftLogWorker.java:lambda$new$0(136)) - b56e85ee-8e41-41ba-8236-410d8ae83499@group-B0097F026191-SegmentedRaftLogWorker: safeCacheEvictIndex: setUnconditionally 0 -> -1
2022-11-18 13:06:12,081 [pool-2470-thread-1] INFO  server.RaftServer$Division (RaftServerImpl.java:start(334)) - b56e85ee-8e41-41ba-8236-410d8ae83499@group-B0097F026191: start as a follower, conf=-1: peers:[b56e85ee-8e41-41ba-8236-410d8ae83499|rpc:10.1.0.56:36407|priority:1|startupRole:FOLLOWER]|listeners:[], old=null
2022-11-18 13:06:12,081 [pool-2470-thread-1] INFO  server.RaftServer$Division (RaftServerImpl.java:setRole(321)) - b56e85ee-8e41-41ba-8236-410d8ae83499@group-B0097F026191: changes role from      null to FOLLOWER at term 0 for startAsFollower
2022-11-18 13:06:12,081 [pool-2470-thread-1] INFO  impl.RoleInfo (RoleInfo.java:updateAndGet(139)) - b56e85ee-8e41-41ba-8236-410d8ae83499: start b56e85ee-8e41-41ba-8236-410d8ae83499@group-B0097F026191-FollowerState
2022-11-18 13:06:12,081 [pool-2470-thread-1] INFO  util.JmxRegister (JmxRegister.java:tryRegister(44)) - Successfully registered JMX Bean with object name Ratis:service=RaftServer,group=group-B0097F026191,id=b56e85ee-8e41-41ba-8236-410d8ae83499
2022-11-18 13:06:12,081 [pool-2470-thread-1] INFO  server.RaftServerConfigKeys (ConfUtils.java:logGet(46)) - raft.server.snapshot.auto.trigger.enabled = true (custom)
2022-11-18 13:06:12,081 [b56e85ee-8e41-41ba-8236-410d8ae83499@group-B0097F026191-FollowerState] INFO  server.RaftServerConfigKeys (ConfUtils.java:logFallback(53)) - raft.server.rpc.first-election.timeout.min = 5s (fallback to raft.server.rpc.timeout.min)
2022-11-18 13:06:12,081 [pool-2470-thread-1] INFO  server.RaftServerConfigKeys (ConfUtils.java:logGet(46)) - raft.server.snapshot.auto.trigger.threshold = 10000 (custom)
2022-11-18 13:06:12,081 [b56e85ee-8e41-41ba-8236-410d8ae83499@group-B0097F026191-FollowerState] INFO  server.RaftServerConfigKeys (ConfUtils.java:logFallback(53)) - raft.server.rpc.first-election.timeout.max = 5200ms (fallback to raft.server.rpc.timeout.max)
2022-11-18 13:06:12,081 [pool-2470-thread-1] INFO  server.RaftServerConfigKeys (ConfUtils.java:logGet(46)) - raft.server.snapshot.retention.file.num = 5 (custom)
2022-11-18 13:06:12,081 [pool-2470-thread-1] INFO  server.RaftServerConfigKeys (ConfUtils.java:logGet(46)) - raft.server.log.purge.upto.snapshot.index = false (default)
2022-11-18 13:06:12,082 [Command processor thread] INFO  ratis.XceiverServerRatis (XceiverServerRatis.java:addGroup(765)) - Created group PipelineID=280b0efe-1f3b-4d9f-a1c7-b0097f026191
2022-11-18 13:06:12,082 [Command processor thread] INFO  commandhandler.CreatePipelineCommandHandler (CreatePipelineCommandHandler.java:handle(113)) - Created Pipeline RATIS ONE PipelineID=280b0efe-1f3b-4d9f-a1c7-b0097f026191.
2022-11-18 13:06:12,240 [Listener at 0.0.0.0/45267] INFO  volume.HddsVolume (HddsVolume.java:closeDbStore(338)) - SchemaV3 db is stopped at /home/runner/work/ozone/ozone/hadoop-ozone/integration-test/target/test-dir/MiniOzoneClusterImpl-20da3918-ad77-4149-a4e0-3f3018d8b094/datanode-3/data-0/containers/hdds/20da3918-ad77-4149-a4e0-3f3018d8b094/DS-dee9f503-b940-48eb-b614-17e7eed23fa8/container.db for volume DS-dee9f503-b940-48eb-b614-17e7eed23fa8
2022-11-18 13:06:12,241 [Listener at 0.0.0.0/45267] INFO  utils.BackgroundService (BackgroundService.java:shutdown(141)) - Shutting down service BlockDeletingService
2022-11-18 13:06:12,242 [Listener at 0.0.0.0/45267] INFO  utils.BackgroundService (BackgroundService.java:shutdown(141)) - Shutting down service StaleRecoveringContainerScrubbingService
2022-11-18 13:06:12,246 [Listener at 0.0.0.0/45267] INFO  statemachine.DatanodeStateMachine (DatanodeStateMachine.java:stopDaemon(593)) - Ozone container server stopped.
2022-11-18 13:06:12,255 [Listener at 0.0.0.0/45267] INFO  handler.ContextHandler (ContextHandler.java:doStop(1159)) - Stopped o.e.j.w.WebAppContext@7f742662{hddsDatanode,/,null,STOPPED}{jar:file:/home/runner/.m2/repository/org/apache/ozone/hdds-container-service/1.3.0-SNAPSHOT/hdds-container-service-1.3.0-SNAPSHOT.jar!/webapps/hddsDatanode}
2022-11-18 13:06:12,255 [Listener at 0.0.0.0/45267] INFO  server.AbstractConnector (AbstractConnector.java:doStop(383)) - Stopped ServerConnector@4e05405{HTTP/1.1, (http/1.1)}{0.0.0.0:0}
2022-11-18 13:06:12,255 [Listener at 0.0.0.0/45267] INFO  server.session (HouseKeeper.java:stopScavenging(149)) - node0 Stopped scavenging
2022-11-18 13:06:12,256 [Listener at 0.0.0.0/45267] INFO  handler.ContextHandler (ContextHandler.java:doStop(1159)) - Stopped o.e.j.s.ServletContextHandler@7a03d7e8{static,/static,jar:file:/home/runner/.m2/repository/org/apache/ozone/hdds-container-service/1.3.0-SNAPSHOT/hdds-container-service-1.3.0-SNAPSHOT.jar!/webapps/static,STOPPED}
2022-11-18 13:06:12,256 [Listener at 0.0.0.0/45267] INFO  handler.ContextHandler (ContextHandler.java:doStop(1159)) - Stopped o.e.j.s.ServletContextHandler@1775c9d3{logs,/logs,file:///home/runner/work/ozone/ozone/hadoop-ozone/integration-test/target/log,STOPPED}
2022-11-18 13:06:12,488 [Under Replicated Processor] INFO  replication.UnderReplicatedProcessor (UnderReplicatedProcessor.java:processAll(92)) - Processed 0 under replicated containers, failed processing 0
2022-11-18 13:06:12,488 [Over Replicated Processor] INFO  replication.OverReplicatedProcessor (OverReplicatedProcessor.java:processAll(90)) - Processed 0 over replicated containers, failed processing 0
2022-11-18 13:06:12,489 [ReplicationMonitor] INFO  replication.ReplicationManager (ReplicationManager.java:processAll(352)) - Replication Monitor Thread took 0 milliseconds for processing 0 containers.
2022-11-18 13:06:12,545 [Command processor thread] INFO  server.RaftServer (RaftServerProxy.java:addNew(96)) - 5dd764d2-4196-4eea-b07c-aeebc5ccca01: addNew group-3540D49EE6A3:[5dd764d2-4196-4eea-b07c-aeebc5ccca01|rpc:10.1.0.56:34919|priority:1|startupRole:FOLLOWER] returns group-3540D49EE6A3:java.util.concurrent.CompletableFuture@9dd23ea[Not completed]
2022-11-18 13:06:12,545 [pool-2493-thread-1] INFO  server.RaftServer$Division (RaftServerImpl.java:<init>(195)) - 5dd764d2-4196-4eea-b07c-aeebc5ccca01: new RaftServerImpl for group-3540D49EE6A3:[5dd764d2-4196-4eea-b07c-aeebc5ccca01|rpc:10.1.0.56:34919|priority:1|startupRole:FOLLOWER] with ContainerStateMachine:uninitialized
2022-11-18 13:06:12,546 [pool-2493-thread-1] INFO  server.RaftServerConfigKeys (ConfUtils.java:logGet(46)) - raft.server.rpc.timeout.min = 5s (custom)
2022-11-18 13:06:12,546 [pool-2493-thread-1] INFO  server.RaftServerConfigKeys (ConfUtils.java:logGet(46)) - raft.server.rpc.timeout.max = 5200ms (custom)
2022-11-18 13:06:12,546 [pool-2493-thread-1] INFO  server.RaftServerConfigKeys (ConfUtils.java:logGet(46)) - raft.server.rpc.sleep.time = 25ms (default)
2022-11-18 13:06:12,546 [pool-2493-thread-1] INFO  server.RaftServerConfigKeys (ConfUtils.java:logGet(46)) - raft.server.rpc.slowness.timeout = 300s (custom)
2022-11-18 13:06:12,546 [pool-2493-thread-1] INFO  server.RaftServerConfigKeys (ConfUtils.java:logGet(46)) - raft.server.leaderelection.leader.step-down.wait-time = 10s (default)
2022-11-18 13:06:12,546 [pool-2493-thread-1] INFO  server.RaftServerConfigKeys (ConfUtils.java:logGet(46)) - raft.server.sleep.deviation.threshold = 300ms (default)
2022-11-18 13:06:12,546 [pool-2493-thread-1] INFO  server.RaftServer$Division (ServerState.java:<init>(118)) - 5dd764d2-4196-4eea-b07c-aeebc5ccca01@group-3540D49EE6A3: ConfigurationManager, init=-1: peers:[5dd764d2-4196-4eea-b07c-aeebc5ccca01|rpc:10.1.0.56:34919|priority:1|startupRole:FOLLOWER]|listeners:[], old=null, confs=<EMPTY_MAP>
2022-11-18 13:06:12,546 [pool-2493-thread-1] INFO  server.RaftServerConfigKeys (ConfUtils.java:logGet(46)) - raft.server.storage.dir = [/home/runner/work/ozone/ozone/hadoop-ozone/integration-test/target/test-dir/MiniOzoneClusterImpl-d3d67884-f8de-446f-8121-b5603e1f9142/datanode-3/data/ratis] (custom)
2022-11-18 13:06:12,546 [pool-2493-thread-1] INFO  server.RaftServerConfigKeys (ConfUtils.java:logGet(46)) - raft.server.log.corruption.policy = EXCEPTION (default)
2022-11-18 13:06:12,546 [pool-2493-thread-1] INFO  server.RaftServerConfigKeys (ConfUtils.java:logGet(46)) - raft.server.storage.free-space.min = 0MB (=0) (default)
2022-11-18 13:06:12,546 [pool-2493-thread-1] INFO  server.RaftServerConfigKeys (ConfUtils.java:logGet(46)) - raft.server.notification.no-leader.timeout = 300s (custom)
2022-11-18 13:06:12,546 [pool-2493-thread-1] INFO  server.RaftServerConfigKeys (ConfUtils.java:logGet(46)) - raft.server.retrycache.expirytime = 600000ms (custom)
2022-11-18 13:06:12,546 [pool-2493-thread-1] INFO  server.RaftServerConfigKeys (ConfUtils.java:logGet(46)) - raft.server.retrycache.statistics.expirytime = 100μs (default)
2022-11-18 13:06:12,549 [pool-2493-thread-1] INFO  server.RaftServerConfigKeys (ConfUtils.java:logGet(46)) - raft.server.log.appender.install.snapshot.enabled = false (custom)
2022-11-18 13:06:12,550 [pool-2493-thread-1] INFO  server.RaftServerConfigKeys (ConfUtils.java:logGet(46)) - raft.server.threadpool.server.cached = true (default)
2022-11-18 13:06:12,550 [pool-2493-thread-1] INFO  server.RaftServerConfigKeys (ConfUtils.java:logGet(46)) - raft.server.threadpool.server.size = 0 (default)
2022-11-18 13:06:12,550 [pool-2493-thread-1] INFO  server.RaftServerConfigKeys (ConfUtils.java:logGet(46)) - raft.server.threadpool.client.cached = true (default)
2022-11-18 13:06:12,550 [pool-2493-thread-1] INFO  server.RaftServerConfigKeys (ConfUtils.java:logGet(46)) - raft.server.threadpool.client.size = 0 (default)
2022-11-18 13:06:12,550 [pool-2493-thread-1] INFO  storage.RaftStorageDirectory (RaftStorageDirectoryImpl.java:analyzeStorage(137)) - The storage directory /home/runner/work/ozone/ozone/hadoop-ozone/integration-test/target/test-dir/MiniOzoneClusterImpl-d3d67884-f8de-446f-8121-b5603e1f9142/datanode-3/data/ratis/3c3e28e2-f889-49ee-82f7-3540d49ee6a3 does not exist. Creating ...
2022-11-18 13:06:12,551 [pool-2493-thread-1] INFO  storage.RaftStorageDirectory (RaftStorageDirectoryImpl.java:tryLock(231)) - Lock on /home/runner/work/ozone/ozone/hadoop-ozone/integration-test/target/test-dir/MiniOzoneClusterImpl-d3d67884-f8de-446f-8121-b5603e1f9142/datanode-3/data/ratis/3c3e28e2-f889-49ee-82f7-3540d49ee6a3/in_use.lock acquired by nodename 26296@fv-az180-400
2022-11-18 13:06:12,553 [pool-2493-thread-1] INFO  storage.RaftStorage (RaftStorageImpl.java:format(96)) - Storage directory /home/runner/work/ozone/ozone/hadoop-ozone/integration-test/target/test-dir/MiniOzoneClusterImpl-d3d67884-f8de-446f-8121-b5603e1f9142/datanode-3/data/ratis/3c3e28e2-f889-49ee-82f7-3540d49ee6a3 has been successfully formatted.
2022-11-18 13:06:12,553 [pool-2493-thread-1] INFO  ratis.ContainerStateMachine (ContainerStateMachine.java:loadSnapshot(236)) - group-3540D49EE6A3: The snapshot info is null. Setting the last applied indexto:(t:0, i:~)
2022-11-18 13:06:12,553 [pool-2493-thread-1] INFO  server.RaftServerConfigKeys (ConfUtils.java:logGet(46)) - raft.server.log.use.memory = false (default)
2022-11-18 13:06:12,554 [EventQueue-PipelineReportForPipelineReportHandler] INFO  pipeline.PipelineManagerImpl (PipelineManagerImpl.java:openPipeline(367)) - Pipeline Pipeline[ Id: 3c3e28e2-f889-49ee-82f7-3540d49ee6a3, Nodes: 5dd764d2-4196-4eea-b07c-aeebc5ccca01{ip: 10.1.0.56, host: fv-az180-400.aibneqh1mxpuhl3tnnuy2ifbce.bx.internal.cloudapp.net, ports: [REPLICATION=46033, RATIS=34919, RATIS_ADMIN=34919, RATIS_SERVER=34919, STANDALONE=41805], networkLocation: /default-rack, certSerialId: null, persistedOpState: IN_SERVICE, persistedOpStateExpiryEpochSec: 0}, ReplicationConfig: RATIS/ONE, State:ALLOCATED, leaderId:5dd764d2-4196-4eea-b07c-aeebc5ccca01, CreationTimestamp2022-11-18T13:06:09.546Z[Etc/UTC]] moved to OPEN state
2022-11-18 13:06:12,554 [pool-2493-thread-1] INFO  server.RaftServerConfigKeys (ConfUtils.java:logGet(46)) - raft.server.log.purge.gap = 1000000 (custom)
2022-11-18 13:06:12,554 [pool-2493-thread-1] INFO  server.RaftServerConfigKeys (ConfUtils.java:logGet(46)) - raft.server.log.appender.buffer.byte-limit = 33554432 (custom)
2022-11-18 13:06:12,554 [pool-2493-thread-1] INFO  server.RaftServerConfigKeys (ConfUtils.java:logGet(46)) - raft.server.log.statemachine.data.read.timeout = 1000ms (default)
2022-11-18 13:06:12,554 [pool-2493-thread-1] INFO  server.RaftServerConfigKeys (ConfUtils.java:logGet(46)) - raft.server.log.purge.preservation.log.num = 0 (default)
2022-11-18 13:06:12,554 [EventQueue-OpenPipelineForHealthyPipelineSafeModeRule] INFO  safemode.SCMSafeModeManager (HealthyPipelineSafeModeRule.java:process(137)) - SCM in safe mode. Healthy pipelines reported count is 0, required healthy pipeline reported count is 1
2022-11-18 13:06:12,555 [pool-2493-thread-1] INFO  server.RaftServerConfigKeys (ConfUtils.java:logGet(46)) - raft.server.log.segment.size.max = 1048576 (custom)
2022-11-18 13:06:12,556 [pool-2493-thread-1] INFO  server.RaftServerConfigKeys (ConfUtils.java:logGet(46)) - raft.server.log.segment.cache.num.max = 2 (custom)
2022-11-18 13:06:12,556 [pool-2493-thread-1] INFO  server.RaftServerConfigKeys (ConfUtils.java:logGet(46)) - raft.server.log.segment.cache.size.max = 200MB (=209715200) (default)
2022-11-18 13:06:12,556 [pool-2493-thread-1] INFO  segmented.SegmentedRaftLogWorker (SegmentedRaftLogWorker.java:<init>(191)) - new 5dd764d2-4196-4eea-b07c-aeebc5ccca01@group-3540D49EE6A3-SegmentedRaftLogWorker for RaftStorageImpl:Storage Directory /home/runner/work/ozone/ozone/hadoop-ozone/integration-test/target/test-dir/MiniOzoneClusterImpl-d3d67884-f8de-446f-8121-b5603e1f9142/datanode-3/data/ratis/3c3e28e2-f889-49ee-82f7-3540d49ee6a3
2022-11-18 13:06:12,556 [pool-2493-thread-1] INFO  server.RaftServerConfigKeys (ConfUtils.java:logGet(46)) - raft.server.log.queue.byte-limit = 4294967296 (custom)
2022-11-18 13:06:12,556 [pool-2493-thread-1] INFO  server.RaftServerConfigKeys (ConfUtils.java:logGet(46)) - raft.server.log.queue.element-limit = 1024 (custom)
2022-11-18 13:06:12,556 [pool-2493-thread-1] INFO  server.RaftServerConfigKeys (ConfUtils.java:logGet(46)) - raft.server.log.segment.size.max = 1048576 (custom)
2022-11-18 13:06:12,556 [pool-2493-thread-1] INFO  server.RaftServerConfigKeys (ConfUtils.java:logGet(46)) - raft.server.log.preallocated.size = 16384 (custom)
2022-11-18 13:06:12,556 [pool-2493-thread-1] INFO  server.RaftServerConfigKeys (ConfUtils.java:logGet(46)) - raft.server.log.force.sync.num = 128 (default)
2022-11-18 13:06:12,556 [pool-2493-thread-1] INFO  server.RaftServerConfigKeys (ConfUtils.java:logGet(46)) - raft.server.log.statemachine.data.sync = true (default)
2022-11-18 13:06:12,556 [pool-2493-thread-1] INFO  server.RaftServerConfigKeys (ConfUtils.java:logGet(46)) - raft.server.log.statemachine.data.sync.timeout = 10s (default)
2022-11-18 13:06:12,556 [pool-2493-thread-1] INFO  server.RaftServerConfigKeys (ConfUtils.java:logGet(46)) - raft.server.log.statemachine.data.sync.timeout.retry = -1 (default)
2022-11-18 13:06:12,559 [pool-2493-thread-1] INFO  server.RaftServerConfigKeys (ConfUtils.java:logGet(46)) - raft.server.log.write.buffer.size = 1048576 (custom)
2022-11-18 13:06:12,560 [pool-2493-thread-1] INFO  server.RaftServerConfigKeys (ConfUtils.java:logGet(46)) - raft.server.log.unsafe-flush.enabled = false (default)
2022-11-18 13:06:12,560 [pool-2493-thread-1] INFO  server.RaftServerConfigKeys (ConfUtils.java:logGet(46)) - raft.server.log.async-flush.enabled = false (default)
2022-11-18 13:06:12,560 [pool-2493-thread-1] INFO  server.RaftServerConfigKeys (ConfUtils.java:logGet(46)) - raft.server.log.statemachine.data.caching.enabled = true (custom)
2022-11-18 13:06:12,560 [pool-2493-thread-1] INFO  segmented.SegmentedRaftLogWorker (SegmentedRaftLogWorker.java:lambda$new$0(136)) - 5dd764d2-4196-4eea-b07c-aeebc5ccca01@group-3540D49EE6A3-SegmentedRaftLogWorker: flushIndex: setUnconditionally 0 -> -1
2022-11-18 13:06:12,560 [pool-2493-thread-1] INFO  segmented.SegmentedRaftLogWorker (SegmentedRaftLogWorker.java:lambda$new$0(136)) - 5dd764d2-4196-4eea-b07c-aeebc5ccca01@group-3540D49EE6A3-SegmentedRaftLogWorker: safeCacheEvictIndex: setUnconditionally 0 -> -1
2022-11-18 13:06:12,561 [pool-2493-thread-1] INFO  server.RaftServer$Division (RaftServerImpl.java:start(334)) - 5dd764d2-4196-4eea-b07c-aeebc5ccca01@group-3540D49EE6A3: start as a follower, conf=-1: peers:[5dd764d2-4196-4eea-b07c-aeebc5ccca01|rpc:10.1.0.56:34919|priority:1|startupRole:FOLLOWER]|listeners:[], old=null
2022-11-18 13:06:12,561 [pool-2493-thread-1] INFO  server.RaftServer$Division (RaftServerImpl.java:setRole(321)) - 5dd764d2-4196-4eea-b07c-aeebc5ccca01@group-3540D49EE6A3: changes role from      null to FOLLOWER at term 0 for startAsFollower
2022-11-18 13:06:12,561 [pool-2493-thread-1] INFO  impl.RoleInfo (RoleInfo.java:updateAndGet(139)) - 5dd764d2-4196-4eea-b07c-aeebc5ccca01: start 5dd764d2-4196-4eea-b07c-aeebc5ccca01@group-3540D49EE6A3-FollowerState
2022-11-18 13:06:12,561 [pool-2493-thread-1] INFO  util.JmxRegister (JmxRegister.java:tryRegister(44)) - Successfully registered JMX Bean with object name Ratis:service=RaftServer,group=group-3540D49EE6A3,id=5dd764d2-4196-4eea-b07c-aeebc5ccca01
2022-11-18 13:06:12,561 [5dd764d2-4196-4eea-b07c-aeebc5ccca01@group-3540D49EE6A3-FollowerState] INFO  server.RaftServerConfigKeys (ConfUtils.java:logFallback(53)) - raft.server.rpc.first-election.timeout.min = 5s (fallback to raft.server.rpc.timeout.min)
2022-11-18 13:06:12,561 [pool-2493-thread-1] INFO  server.RaftServerConfigKeys (ConfUtils.java:logGet(46)) - raft.server.snapshot.auto.trigger.enabled = true (custom)
2022-11-18 13:06:12,561 [5dd764d2-4196-4eea-b07c-aeebc5ccca01@group-3540D49EE6A3-FollowerState] INFO  server.RaftServerConfigKeys (ConfUtils.java:logFallback(53)) - raft.server.rpc.first-election.timeout.max = 5200ms (fallback to raft.server.rpc.timeout.max)
2022-11-18 13:06:12,561 [pool-2493-thread-1] INFO  server.RaftServerConfigKeys (ConfUtils.java:logGet(46)) - raft.server.snapshot.auto.trigger.threshold = 10000 (custom)
2022-11-18 13:06:12,561 [pool-2493-thread-1] INFO  server.RaftServerConfigKeys (ConfUtils.java:logGet(46)) - raft.server.snapshot.retention.file.num = 5 (custom)
2022-11-18 13:06:12,561 [pool-2493-thread-1] INFO  server.RaftServerConfigKeys (ConfUtils.java:logGet(46)) - raft.server.log.purge.upto.snapshot.index = false (default)
2022-11-18 13:06:12,562 [Command processor thread] INFO  ratis.XceiverServerRatis (XceiverServerRatis.java:addGroup(765)) - Created group PipelineID=3c3e28e2-f889-49ee-82f7-3540d49ee6a3
2022-11-18 13:06:12,562 [Command processor thread] INFO  commandhandler.CreatePipelineCommandHandler (CreatePipelineCommandHandler.java:handle(113)) - Created Pipeline RATIS ONE PipelineID=3c3e28e2-f889-49ee-82f7-3540d49ee6a3.
2022-11-18 13:06:12,562 [Command processor thread] INFO  server.RaftServer (RaftServerProxy.java:addNew(96)) - 5dd764d2-4196-4eea-b07c-aeebc5ccca01: addNew group-9C27DC43941B:[5dd764d2-4196-4eea-b07c-aeebc5ccca01|rpc:10.1.0.56:34919|priority:0|startupRole:FOLLOWER, ea04acba-2572-4ce4-bec1-b0e6c6418c45|rpc:10.1.0.56:42173|priority:0|startupRole:FOLLOWER, 767ffbb5-8206-4017-b2eb-6858697bfab3|rpc:10.1.0.56:39469|priority:1|startupRole:FOLLOWER] returns group-9C27DC43941B:java.util.concurrent.CompletableFuture@de2b609[Not completed]
2022-11-18 13:06:12,565 [pool-2493-thread-1] INFO  server.RaftServer$Division (RaftServerImpl.java:<init>(195)) - 5dd764d2-4196-4eea-b07c-aeebc5ccca01: new RaftServerImpl for group-9C27DC43941B:[5dd764d2-4196-4eea-b07c-aeebc5ccca01|rpc:10.1.0.56:34919|priority:0|startupRole:FOLLOWER, ea04acba-2572-4ce4-bec1-b0e6c6418c45|rpc:10.1.0.56:42173|priority:0|startupRole:FOLLOWER, 767ffbb5-8206-4017-b2eb-6858697bfab3|rpc:10.1.0.56:39469|priority:1|startupRole:FOLLOWER] with ContainerStateMachine:uninitialized
2022-11-18 13:06:12,565 [pool-2493-thread-1] INFO  server.RaftServerConfigKeys (ConfUtils.java:logGet(46)) - raft.server.rpc.timeout.min = 5s (custom)
2022-11-18 13:06:12,565 [pool-2493-thread-1] INFO  server.RaftServerConfigKeys (ConfUtils.java:logGet(46)) - raft.server.rpc.timeout.max = 5200ms (custom)
2022-11-18 13:06:12,565 [pool-2493-thread-1] INFO  server.RaftServerConfigKeys (ConfUtils.java:logGet(46)) - raft.server.rpc.sleep.time = 25ms (default)
2022-11-18 13:06:12,565 [pool-2493-thread-1] INFO  server.RaftServerConfigKeys (ConfUtils.java:logGet(46)) - raft.server.rpc.slowness.timeout = 300s (custom)
2022-11-18 13:06:12,565 [pool-2493-thread-1] INFO  server.RaftServerConfigKeys (ConfUtils.java:logGet(46)) - raft.server.leaderelection.leader.step-down.wait-time = 10s (default)
2022-11-18 13:06:12,565 [pool-2493-thread-1] INFO  server.RaftServerConfigKeys (ConfUtils.java:logGet(46)) - raft.server.sleep.deviation.threshold = 300ms (default)
2022-11-18 13:06:12,565 [pool-2493-thread-1] INFO  server.RaftServer$Division (ServerState.java:<init>(118)) - 5dd764d2-4196-4eea-b07c-aeebc5ccca01@group-9C27DC43941B: ConfigurationManager, init=-1: peers:[5dd764d2-4196-4eea-b07c-aeebc5ccca01|rpc:10.1.0.56:34919|priority:0|startupRole:FOLLOWER, ea04acba-2572-4ce4-bec1-b0e6c6418c45|rpc:10.1.0.56:42173|priority:0|startupRole:FOLLOWER, 767ffbb5-8206-4017-b2eb-6858697bfab3|rpc:10.1.0.56:39469|priority:1|startupRole:FOLLOWER]|listeners:[], old=null, confs=<EMPTY_MAP>
2022-11-18 13:06:12,565 [pool-2493-thread-1] INFO  server.RaftServerConfigKeys (ConfUtils.java:logGet(46)) - raft.server.storage.dir = [/home/runner/work/ozone/ozone/hadoop-ozone/integration-test/target/test-dir/MiniOzoneClusterImpl-d3d67884-f8de-446f-8121-b5603e1f9142/datanode-3/data/ratis] (custom)
2022-11-18 13:06:12,565 [pool-2493-thread-1] INFO  server.RaftServerConfigKeys (ConfUtils.java:logGet(46)) - raft.server.log.corruption.policy = EXCEPTION (default)
2022-11-18 13:06:12,565 [pool-2493-thread-1] INFO  server.RaftServerConfigKeys (ConfUtils.java:logGet(46)) - raft.server.storage.free-space.min = 0MB (=0) (default)
2022-11-18 13:06:12,565 [pool-2493-thread-1] INFO  server.RaftServerConfigKeys (ConfUtils.java:logGet(46)) - raft.server.notification.no-leader.timeout = 300s (custom)
2022-11-18 13:06:12,565 [pool-2493-thread-1] INFO  server.RaftServerConfigKeys (ConfUtils.java:logGet(46)) - raft.server.retrycache.expirytime = 600000ms (custom)
2022-11-18 13:06:12,565 [pool-2493-thread-1] INFO  server.RaftServerConfigKeys (ConfUtils.java:logGet(46)) - raft.server.retrycache.statistics.expirytime = 100μs (default)
2022-11-18 13:06:12,567 [EventQueue-OpenPipelineForHealthyPipelineSafeModeRule] INFO  safemode.SCMSafeModeManager (HealthyPipelineSafeModeRule.java:process(137)) - SCM in safe mode. Healthy pipelines reported count is 0, required healthy pipeline reported count is 1
2022-11-18 13:06:12,568 [pool-2493-thread-1] INFO  server.RaftServerConfigKeys (ConfUtils.java:logGet(46)) - raft.server.log.appender.install.snapshot.enabled = false (custom)
2022-11-18 13:06:12,568 [pool-2493-thread-1] INFO  server.RaftServerConfigKeys (ConfUtils.java:logGet(46)) - raft.server.threadpool.server.cached = true (default)
2022-11-18 13:06:12,568 [pool-2493-thread-1] INFO  server.RaftServerConfigKeys (ConfUtils.java:logGet(46)) - raft.server.threadpool.server.size = 0 (default)
2022-11-18 13:06:12,568 [pool-2493-thread-1] INFO  server.RaftServerConfigKeys (ConfUtils.java:logGet(46)) - raft.server.threadpool.client.cached = true (default)
2022-11-18 13:06:12,568 [pool-2493-thread-1] INFO  server.RaftServerConfigKeys (ConfUtils.java:logGet(46)) - raft.server.threadpool.client.size = 0 (default)
2022-11-18 13:06:12,569 [pool-2493-thread-1] INFO  storage.RaftStorageDirectory (RaftStorageDirectoryImpl.java:analyzeStorage(137)) - The storage directory /home/runner/work/ozone/ozone/hadoop-ozone/integration-test/target/test-dir/MiniOzoneClusterImpl-d3d67884-f8de-446f-8121-b5603e1f9142/datanode-3/data/ratis/fd22b1b5-350a-4033-b0f6-9c27dc43941b does not exist. Creating ...
2022-11-18 13:06:12,569 [pool-2493-thread-1] INFO  storage.RaftStorageDirectory (RaftStorageDirectoryImpl.java:tryLock(231)) - Lock on /home/runner/work/ozone/ozone/hadoop-ozone/integration-test/target/test-dir/MiniOzoneClusterImpl-d3d67884-f8de-446f-8121-b5603e1f9142/datanode-3/data/ratis/fd22b1b5-350a-4033-b0f6-9c27dc43941b/in_use.lock acquired by nodename 26296@fv-az180-400
2022-11-18 13:06:12,570 [pool-2493-thread-1] INFO  storage.RaftStorage (RaftStorageImpl.java:format(96)) - Storage directory /home/runner/work/ozone/ozone/hadoop-ozone/integration-test/target/test-dir/MiniOzoneClusterImpl-d3d67884-f8de-446f-8121-b5603e1f9142/datanode-3/data/ratis/fd22b1b5-350a-4033-b0f6-9c27dc43941b has been successfully formatted.
2022-11-18 13:06:12,570 [pool-2493-thread-1] INFO  ratis.ContainerStateMachine (ContainerStateMachine.java:loadSnapshot(236)) - group-9C27DC43941B: The snapshot info is null. Setting the last applied indexto:(t:0, i:~)
2022-11-18 13:06:12,571 [pool-2493-thread-1] INFO  server.RaftServerConfigKeys (ConfUtils.java:logGet(46)) - raft.server.log.use.memory = false (default)
2022-11-18 13:06:12,571 [pool-2493-thread-1] INFO  server.RaftServerConfigKeys (ConfUtils.java:logGet(46)) - raft.server.log.purge.gap = 1000000 (custom)
2022-11-18 13:06:12,571 [pool-2493-thread-1] INFO  server.RaftServerConfigKeys (ConfUtils.java:logGet(46)) - raft.server.log.appender.buffer.byte-limit = 33554432 (custom)
2022-11-18 13:06:12,571 [pool-2493-thread-1] INFO  server.RaftServerConfigKeys (ConfUtils.java:logGet(46)) - raft.server.log.statemachine.data.read.timeout = 1000ms (default)
2022-11-18 13:06:12,571 [pool-2493-thread-1] INFO  server.RaftServerConfigKeys (ConfUtils.java:logGet(46)) - raft.server.log.purge.preservation.log.num = 0 (default)
2022-11-18 13:06:12,571 [pool-2493-thread-1] INFO  server.RaftServerConfigKeys (ConfUtils.java:logGet(46)) - raft.server.log.segment.size.max = 1048576 (custom)
2022-11-18 13:06:12,571 [EventQueue-OpenPipelineForHealthyPipelineSafeModeRule] INFO  safemode.SCMSafeModeManager (HealthyPipelineSafeModeRule.java:process(137)) - SCM in safe mode. Healthy pipelines reported count is 0, required healthy pipeline reported count is 1
2022-11-18 13:06:12,572 [pool-2493-thread-1] INFO  server.RaftServerConfigKeys (ConfUtils.java:logGet(46)) - raft.server.log.segment.cache.num.max = 2 (custom)
2022-11-18 13:06:12,572 [pool-2493-thread-1] INFO  server.RaftServerConfigKeys (ConfUtils.java:logGet(46)) - raft.server.log.segment.cache.size.max = 200MB (=209715200) (default)
2022-11-18 13:06:12,572 [pool-2493-thread-1] INFO  segmented.SegmentedRaftLogWorker (SegmentedRaftLogWorker.java:<init>(191)) - new 5dd764d2-4196-4eea-b07c-aeebc5ccca01@group-9C27DC43941B-SegmentedRaftLogWorker for RaftStorageImpl:Storage Directory /home/runner/work/ozone/ozone/hadoop-ozone/integration-test/target/test-dir/MiniOzoneClusterImpl-d3d67884-f8de-446f-8121-b5603e1f9142/datanode-3/data/ratis/fd22b1b5-350a-4033-b0f6-9c27dc43941b
2022-11-18 13:06:12,572 [pool-2493-thread-1] INFO  server.RaftServerConfigKeys (ConfUtils.java:logGet(46)) - raft.server.log.queue.byte-limit = 4294967296 (custom)
2022-11-18 13:06:12,572 [pool-2493-thread-1] INFO  server.RaftServerConfigKeys (ConfUtils.java:logGet(46)) - raft.server.log.queue.element-limit = 1024 (custom)
2022-11-18 13:06:12,572 [pool-2493-thread-1] INFO  server.RaftServerConfigKeys (ConfUtils.java:logGet(46)) - raft.server.log.segment.size.max = 1048576 (custom)
2022-11-18 13:06:12,572 [pool-2493-thread-1] INFO  server.RaftServerConfigKeys (ConfUtils.java:logGet(46)) - raft.server.log.preallocated.size = 16384 (custom)
2022-11-18 13:06:12,572 [pool-2493-thread-1] INFO  server.RaftServerConfigKeys (ConfUtils.java:logGet(46)) - raft.server.log.force.sync.num = 128 (default)
2022-11-18 13:06:12,572 [pool-2493-thread-1] INFO  server.RaftServerConfigKeys (ConfUtils.java:logGet(46)) - raft.server.log.statemachine.data.sync = true (default)
2022-11-18 13:06:12,572 [pool-2493-thread-1] INFO  server.RaftServerConfigKeys (ConfUtils.java:logGet(46)) - raft.server.log.statemachine.data.sync.timeout = 10s (default)
2022-11-18 13:06:12,572 [pool-2493-thread-1] INFO  server.RaftServerConfigKeys (ConfUtils.java:logGet(46)) - raft.server.log.statemachine.data.sync.timeout.retry = -1 (default)
2022-11-18 13:06:12,575 [pool-2493-thread-1] INFO  server.RaftServerConfigKeys (ConfUtils.java:logGet(46)) - raft.server.log.write.buffer.size = 1048576 (custom)
2022-11-18 13:06:12,575 [pool-2493-thread-1] INFO  server.RaftServerConfigKeys (ConfUtils.java:logGet(46)) - raft.server.log.unsafe-flush.enabled = false (default)
2022-11-18 13:06:12,575 [pool-2493-thread-1] INFO  server.RaftServerConfigKeys (ConfUtils.java:logGet(46)) - raft.server.log.async-flush.enabled = false (default)
2022-11-18 13:06:12,575 [pool-2493-thread-1] INFO  server.RaftServerConfigKeys (ConfUtils.java:logGet(46)) - raft.server.log.statemachine.data.caching.enabled = true (custom)
2022-11-18 13:06:12,576 [pool-2493-thread-1] INFO  segmented.SegmentedRaftLogWorker (SegmentedRaftLogWorker.java:lambda$new$0(136)) - 5dd764d2-4196-4eea-b07c-aeebc5ccca01@group-9C27DC43941B-SegmentedRaftLogWorker: flushIndex: setUnconditionally 0 -> -1
2022-11-18 13:06:12,576 [pool-2493-thread-1] INFO  segmented.SegmentedRaftLogWorker (SegmentedRaftLogWorker.java:lambda$new$0(136)) - 5dd764d2-4196-4eea-b07c-aeebc5ccca01@group-9C27DC43941B-SegmentedRaftLogWorker: safeCacheEvictIndex: setUnconditionally 0 -> -1
2022-11-18 13:06:12,576 [pool-2493-thread-1] INFO  server.RaftServer$Division (RaftServerImpl.java:start(334)) - 5dd764d2-4196-4eea-b07c-aeebc5ccca01@group-9C27DC43941B: start as a follower, conf=-1: peers:[5dd764d2-4196-4eea-b07c-aeebc5ccca01|rpc:10.1.0.56:34919|priority:0|startupRole:FOLLOWER, ea04acba-2572-4ce4-bec1-b0e6c6418c45|rpc:10.1.0.56:42173|priority:0|startupRole:FOLLOWER, 767ffbb5-8206-4017-b2eb-6858697bfab3|rpc:10.1.0.56:39469|priority:1|startupRole:FOLLOWER]|listeners:[], old=null
2022-11-18 13:06:12,576 [pool-2493-thread-1] INFO  server.RaftServer$Division (RaftServerImpl.java:setRole(321)) - 5dd764d2-4196-4eea-b07c-aeebc5ccca01@group-9C27DC43941B: changes role from      null to FOLLOWER at term 0 for startAsFollower
2022-11-18 13:06:12,576 [pool-2493-thread-1] INFO  impl.RoleInfo (RoleInfo.java:updateAndGet(139)) - 5dd764d2-4196-4eea-b07c-aeebc5ccca01: start 5dd764d2-4196-4eea-b07c-aeebc5ccca01@group-9C27DC43941B-FollowerState
2022-11-18 13:06:12,576 [pool-2493-thread-1] INFO  util.JmxRegister (JmxRegister.java:tryRegister(44)) - Successfully registered JMX Bean with object name Ratis:service=RaftServer,group=group-9C27DC43941B,id=5dd764d2-4196-4eea-b07c-aeebc5ccca01
2022-11-18 13:06:12,576 [pool-2493-thread-1] INFO  server.RaftServerConfigKeys (ConfUtils.java:logGet(46)) - raft.server.snapshot.auto.trigger.enabled = true (custom)
2022-11-18 13:06:12,576 [pool-2493-thread-1] INFO  server.RaftServerConfigKeys (ConfUtils.java:logGet(46)) - raft.server.snapshot.auto.trigger.threshold = 10000 (custom)
2022-11-18 13:06:12,576 [pool-2493-thread-1] INFO  server.RaftServerConfigKeys (ConfUtils.java:logGet(46)) - raft.server.snapshot.retention.file.num = 5 (custom)
2022-11-18 13:06:12,576 [pool-2493-thread-1] INFO  server.RaftServerConfigKeys (ConfUtils.java:logGet(46)) - raft.server.log.purge.upto.snapshot.index = false (default)
2022-11-18 13:06:12,577 [5dd764d2-4196-4eea-b07c-aeebc5ccca01@group-9C27DC43941B-FollowerState] INFO  server.RaftServerConfigKeys (ConfUtils.java:logFallback(53)) - raft.server.rpc.first-election.timeout.min = 5s (fallback to raft.server.rpc.timeout.min)
2022-11-18 13:06:12,577 [5dd764d2-4196-4eea-b07c-aeebc5ccca01@group-9C27DC43941B-FollowerState] INFO  server.RaftServerConfigKeys (ConfUtils.java:logFallback(53)) - raft.server.rpc.first-election.timeout.max = 5200ms (fallback to raft.server.rpc.timeout.max)
2022-11-18 13:06:12,577 [Command processor thread] INFO  ratis.XceiverServerRatis (XceiverServerRatis.java:addGroup(765)) - Created group PipelineID=fd22b1b5-350a-4033-b0f6-9c27dc43941b
2022-11-18 13:06:12,582 [grpc-default-executor-5] INFO  server.RaftServer (RaftServerProxy.java:addNew(96)) - ea04acba-2572-4ce4-bec1-b0e6c6418c45: addNew group-9C27DC43941B:[5dd764d2-4196-4eea-b07c-aeebc5ccca01|rpc:10.1.0.56:34919|dataStream:|priority:0|startupRole:FOLLOWER, ea04acba-2572-4ce4-bec1-b0e6c6418c45|rpc:10.1.0.56:42173|dataStream:|priority:0|startupRole:FOLLOWER, 767ffbb5-8206-4017-b2eb-6858697bfab3|rpc:10.1.0.56:39469|dataStream:|priority:1|startupRole:FOLLOWER] returns group-9C27DC43941B:java.util.concurrent.CompletableFuture@54c0e287[Not completed]
2022-11-18 13:06:12,583 [pool-2532-thread-1] INFO  server.RaftServer$Division (RaftServerImpl.java:<init>(195)) - ea04acba-2572-4ce4-bec1-b0e6c6418c45: new RaftServerImpl for group-9C27DC43941B:[5dd764d2-4196-4eea-b07c-aeebc5ccca01|rpc:10.1.0.56:34919|dataStream:|priority:0|startupRole:FOLLOWER, ea04acba-2572-4ce4-bec1-b0e6c6418c45|rpc:10.1.0.56:42173|dataStream:|priority:0|startupRole:FOLLOWER, 767ffbb5-8206-4017-b2eb-6858697bfab3|rpc:10.1.0.56:39469|dataStream:|priority:1|startupRole:FOLLOWER] with ContainerStateMachine:uninitialized
2022-11-18 13:06:12,583 [pool-2532-thread-1] INFO  server.RaftServerConfigKeys (ConfUtils.java:logGet(46)) - raft.server.rpc.timeout.min = 5s (custom)
2022-11-18 13:06:12,583 [pool-2532-thread-1] INFO  server.RaftServerConfigKeys (ConfUtils.java:logGet(46)) - raft.server.rpc.timeout.max = 5200ms (custom)
2022-11-18 13:06:12,583 [pool-2532-thread-1] INFO  server.RaftServerConfigKeys (ConfUtils.java:logGet(46)) - raft.server.rpc.sleep.time = 25ms (default)
2022-11-18 13:06:12,583 [pool-2532-thread-1] INFO  server.RaftServerConfigKeys (ConfUtils.java:logGet(46)) - raft.server.rpc.slowness.timeout = 300s (custom)
2022-11-18 13:06:12,583 [pool-2532-thread-1] INFO  server.RaftServerConfigKeys (ConfUtils.java:logGet(46)) - raft.server.leaderelection.leader.step-down.wait-time = 10s (default)
2022-11-18 13:06:12,583 [pool-2532-thread-1] INFO  server.RaftServerConfigKeys (ConfUtils.java:logGet(46)) - raft.server.sleep.deviation.threshold = 300ms (default)
2022-11-18 13:06:12,583 [pool-2532-thread-1] INFO  server.RaftServer$Division (ServerState.java:<init>(118)) - ea04acba-2572-4ce4-bec1-b0e6c6418c45@group-9C27DC43941B: ConfigurationManager, init=-1: peers:[5dd764d2-4196-4eea-b07c-aeebc5ccca01|rpc:10.1.0.56:34919|dataStream:|priority:0|startupRole:FOLLOWER, ea04acba-2572-4ce4-bec1-b0e6c6418c45|rpc:10.1.0.56:42173|dataStream:|priority:0|startupRole:FOLLOWER, 767ffbb5-8206-4017-b2eb-6858697bfab3|rpc:10.1.0.56:39469|dataStream:|priority:1|startupRole:FOLLOWER]|listeners:[], old=null, confs=<EMPTY_MAP>
2022-11-18 13:06:12,583 [pool-2532-thread-1] INFO  server.RaftServerConfigKeys (ConfUtils.java:logGet(46)) - raft.server.storage.dir = [/home/runner/work/ozone/ozone/hadoop-ozone/integration-test/target/test-dir/MiniOzoneClusterImpl-d3d67884-f8de-446f-8121-b5603e1f9142/datanode-4/data/ratis] (custom)
2022-11-18 13:06:12,583 [pool-2532-thread-1] INFO  server.RaftServerConfigKeys (ConfUtils.java:logGet(46)) - raft.server.log.corruption.policy = EXCEPTION (default)
2022-11-18 13:06:12,583 [pool-2532-thread-1] INFO  server.RaftServerConfigKeys (ConfUtils.java:logGet(46)) - raft.server.storage.free-space.min = 0MB (=0) (default)
2022-11-18 13:06:12,583 [pool-2532-thread-1] INFO  server.RaftServerConfigKeys (ConfUtils.java:logGet(46)) - raft.server.notification.no-leader.timeout = 300s (custom)
2022-11-18 13:06:12,583 [pool-2532-thread-1] INFO  server.RaftServerConfigKeys (ConfUtils.java:logGet(46)) - raft.server.retrycache.expirytime = 600000ms (custom)
2022-11-18 13:06:12,583 [pool-2532-thread-1] INFO  server.RaftServerConfigKeys (ConfUtils.java:logGet(46)) - raft.server.retrycache.statistics.expirytime = 100μs (default)
2022-11-18 13:06:12,586 [pool-2532-thread-1] INFO  server.RaftServerConfigKeys (ConfUtils.java:logGet(46)) - raft.server.log.appender.install.snapshot.enabled = false (custom)
2022-11-18 13:06:12,586 [pool-2532-thread-1] INFO  server.RaftServerConfigKeys (ConfUtils.java:logGet(46)) - raft.server.threadpool.server.cached = true (default)
2022-11-18 13:06:12,586 [pool-2532-thread-1] INFO  server.RaftServerConfigKeys (ConfUtils.java:logGet(46)) - raft.server.threadpool.server.size = 0 (default)
2022-11-18 13:06:12,586 [pool-2532-thread-1] INFO  server.RaftServerConfigKeys (ConfUtils.java:logGet(46)) - raft.server.threadpool.client.cached = true (default)
2022-11-18 13:06:12,587 [pool-2532-thread-1] INFO  server.RaftServerConfigKeys (ConfUtils.java:logGet(46)) - raft.server.threadpool.client.size = 0 (default)
2022-11-18 13:06:12,587 [pool-2532-thread-1] INFO  storage.RaftStorageDirectory (RaftStorageDirectoryImpl.java:analyzeStorage(137)) - The storage directory /home/runner/work/ozone/ozone/hadoop-ozone/integration-test/target/test-dir/MiniOzoneClusterImpl-d3d67884-f8de-446f-8121-b5603e1f9142/datanode-4/data/ratis/fd22b1b5-350a-4033-b0f6-9c27dc43941b does not exist. Creating ...
2022-11-18 13:06:12,588 [pool-2532-thread-1] INFO  storage.RaftStorageDirectory (RaftStorageDirectoryImpl.java:tryLock(231)) - Lock on /home/runner/work/ozone/ozone/hadoop-ozone/integration-test/target/test-dir/MiniOzoneClusterImpl-d3d67884-f8de-446f-8121-b5603e1f9142/datanode-4/data/ratis/fd22b1b5-350a-4033-b0f6-9c27dc43941b/in_use.lock acquired by nodename 26296@fv-az180-400
2022-11-18 13:06:12,589 [pool-2532-thread-1] INFO  storage.RaftStorage (RaftStorageImpl.java:format(96)) - Storage directory /home/runner/work/ozone/ozone/hadoop-ozone/integration-test/target/test-dir/MiniOzoneClusterImpl-d3d67884-f8de-446f-8121-b5603e1f9142/datanode-4/data/ratis/fd22b1b5-350a-4033-b0f6-9c27dc43941b has been successfully formatted.
2022-11-18 13:06:12,589 [pool-2532-thread-1] INFO  ratis.ContainerStateMachine (ContainerStateMachine.java:loadSnapshot(236)) - group-9C27DC43941B: The snapshot info is null. Setting the last applied indexto:(t:0, i:~)
2022-11-18 13:06:12,589 [pool-2532-thread-1] INFO  server.RaftServerConfigKeys (ConfUtils.java:logGet(46)) - raft.server.log.use.memory = false (default)
2022-11-18 13:06:12,589 [pool-2532-thread-1] INFO  server.RaftServerConfigKeys (ConfUtils.java:logGet(46)) - raft.server.log.purge.gap = 1000000 (custom)
2022-11-18 13:06:12,589 [pool-2532-thread-1] INFO  server.RaftServerConfigKeys (ConfUtils.java:logGet(46)) - raft.server.log.appender.buffer.byte-limit = 33554432 (custom)
2022-11-18 13:06:12,589 [pool-2532-thread-1] INFO  server.RaftServerConfigKeys (ConfUtils.java:logGet(46)) - raft.server.log.statemachine.data.read.timeout = 1000ms (default)
2022-11-18 13:06:12,589 [pool-2532-thread-1] INFO  server.RaftServerConfigKeys (ConfUtils.java:logGet(46)) - raft.server.log.purge.preservation.log.num = 0 (default)
2022-11-18 13:06:12,590 [pool-2532-thread-1] INFO  server.RaftServerConfigKeys (ConfUtils.java:logGet(46)) - raft.server.log.segment.size.max = 1048576 (custom)
2022-11-18 13:06:12,591 [pool-2532-thread-1] INFO  server.RaftServerConfigKeys (ConfUtils.java:logGet(46)) - raft.server.log.segment.cache.num.max = 2 (custom)
2022-11-18 13:06:12,591 [pool-2532-thread-1] INFO  server.RaftServerConfigKeys (ConfUtils.java:logGet(46)) - raft.server.log.segment.cache.size.max = 200MB (=209715200) (default)
2022-11-18 13:06:12,591 [pool-2532-thread-1] INFO  segmented.SegmentedRaftLogWorker (SegmentedRaftLogWorker.java:<init>(191)) - new ea04acba-2572-4ce4-bec1-b0e6c6418c45@group-9C27DC43941B-SegmentedRaftLogWorker for RaftStorageImpl:Storage Directory /home/runner/work/ozone/ozone/hadoop-ozone/integration-test/target/test-dir/MiniOzoneClusterImpl-d3d67884-f8de-446f-8121-b5603e1f9142/datanode-4/data/ratis/fd22b1b5-350a-4033-b0f6-9c27dc43941b
2022-11-18 13:06:12,591 [pool-2532-thread-1] INFO  server.RaftServerConfigKeys (ConfUtils.java:logGet(46)) - raft.server.log.queue.byte-limit = 4294967296 (custom)
2022-11-18 13:06:12,591 [pool-2532-thread-1] INFO  server.RaftServerConfigKeys (ConfUtils.java:logGet(46)) - raft.server.log.queue.element-limit = 1024 (custom)
2022-11-18 13:06:12,591 [pool-2532-thread-1] INFO  server.RaftServerConfigKeys (ConfUtils.java:logGet(46)) - raft.server.log.segment.size.max = 1048576 (custom)
2022-11-18 13:06:12,591 [pool-2532-thread-1] INFO  server.RaftServerConfigKeys (ConfUtils.java:logGet(46)) - raft.server.log.preallocated.size = 16384 (custom)
2022-11-18 13:06:12,591 [pool-2532-thread-1] INFO  server.RaftServerConfigKeys (ConfUtils.java:logGet(46)) - raft.server.log.force.sync.num = 128 (default)
2022-11-18 13:06:12,591 [pool-2532-thread-1] INFO  server.RaftServerConfigKeys (ConfUtils.java:logGet(46)) - raft.server.log.statemachine.data.sync = true (default)
2022-11-18 13:06:12,591 [pool-2532-thread-1] INFO  server.RaftServerConfigKeys (ConfUtils.java:logGet(46)) - raft.server.log.statemachine.data.sync.timeout = 10s (default)
2022-11-18 13:06:12,591 [pool-2532-thread-1] INFO  server.RaftServerConfigKeys (ConfUtils.java:logGet(46)) - raft.server.log.statemachine.data.sync.timeout.retry = -1 (default)
2022-11-18 13:06:12,594 [pool-2532-thread-1] INFO  server.RaftServerConfigKeys (ConfUtils.java:logGet(46)) - raft.server.log.write.buffer.size = 1048576 (custom)
2022-11-18 13:06:12,594 [pool-2532-thread-1] INFO  server.RaftServerConfigKeys (ConfUtils.java:logGet(46)) - raft.server.log.unsafe-flush.enabled = false (default)
2022-11-18 13:06:12,594 [pool-2532-thread-1] INFO  server.RaftServerConfigKeys (ConfUtils.java:logGet(46)) - raft.server.log.async-flush.enabled = false (default)
2022-11-18 13:06:12,594 [pool-2532-thread-1] INFO  server.RaftServerConfigKeys (ConfUtils.java:logGet(46)) - raft.server.log.statemachine.data.caching.enabled = true (custom)
2022-11-18 13:06:12,595 [pool-2532-thread-1] INFO  segmented.SegmentedRaftLogWorker (SegmentedRaftLogWorker.java:lambda$new$0(136)) - ea04acba-2572-4ce4-bec1-b0e6c6418c45@group-9C27DC43941B-SegmentedRaftLogWorker: flushIndex: setUnconditionally 0 -> -1
2022-11-18 13:06:12,595 [pool-2532-thread-1] INFO  segmented.SegmentedRaftLogWorker (SegmentedRaftLogWorker.java:lambda$new$0(136)) - ea04acba-2572-4ce4-bec1-b0e6c6418c45@group-9C27DC43941B-SegmentedRaftLogWorker: safeCacheEvictIndex: setUnconditionally 0 -> -1
2022-11-18 13:06:12,595 [pool-2532-thread-1] INFO  server.RaftServer$Division (RaftServerImpl.java:start(334)) - ea04acba-2572-4ce4-bec1-b0e6c6418c45@group-9C27DC43941B: start as a follower, conf=-1: peers:[5dd764d2-4196-4eea-b07c-aeebc5ccca01|rpc:10.1.0.56:34919|dataStream:|priority:0|startupRole:FOLLOWER, ea04acba-2572-4ce4-bec1-b0e6c6418c45|rpc:10.1.0.56:42173|dataStream:|priority:0|startupRole:FOLLOWER, 767ffbb5-8206-4017-b2eb-6858697bfab3|rpc:10.1.0.56:39469|dataStream:|priority:1|startupRole:FOLLOWER]|listeners:[], old=null
2022-11-18 13:06:12,595 [pool-2532-thread-1] INFO  server.RaftServer$Division (RaftServerImpl.java:setRole(321)) - ea04acba-2572-4ce4-bec1-b0e6c6418c45@group-9C27DC43941B: changes role from      null to FOLLOWER at term 0 for startAsFollower
2022-11-18 13:06:12,595 [pool-2532-thread-1] INFO  impl.RoleInfo (RoleInfo.java:updateAndGet(139)) - ea04acba-2572-4ce4-bec1-b0e6c6418c45: start ea04acba-2572-4ce4-bec1-b0e6c6418c45@group-9C27DC43941B-FollowerState
2022-11-18 13:06:12,595 [pool-2532-thread-1] INFO  util.JmxRegister (JmxRegister.java:tryRegister(44)) - Successfully registered JMX Bean with object name Ratis:service=RaftServer,group=group-9C27DC43941B,id=ea04acba-2572-4ce4-bec1-b0e6c6418c45
2022-11-18 13:06:12,595 [ea04acba-2572-4ce4-bec1-b0e6c6418c45@group-9C27DC43941B-FollowerState] INFO  server.RaftServerConfigKeys (ConfUtils.java:logFallback(53)) - raft.server.rpc.first-election.timeout.min = 5s (fallback to raft.server.rpc.timeout.min)
2022-11-18 13:06:12,595 [pool-2532-thread-1] INFO  server.RaftServerConfigKeys (ConfUtils.java:logGet(46)) - raft.server.snapshot.auto.trigger.enabled = true (custom)
2022-11-18 13:06:12,595 [ea04acba-2572-4ce4-bec1-b0e6c6418c45@group-9C27DC43941B-FollowerState] INFO  server.RaftServerConfigKeys (ConfUtils.java:logFallback(53)) - raft.server.rpc.first-election.timeout.max = 5200ms (fallback to raft.server.rpc.timeout.max)
2022-11-18 13:06:12,595 [pool-2532-thread-1] INFO  server.RaftServerConfigKeys (ConfUtils.java:logGet(46)) - raft.server.snapshot.auto.trigger.threshold = 10000 (custom)
2022-11-18 13:06:12,595 [pool-2532-thread-1] INFO  server.RaftServerConfigKeys (ConfUtils.java:logGet(46)) - raft.server.snapshot.retention.file.num = 5 (custom)
2022-11-18 13:06:12,595 [pool-2532-thread-1] INFO  server.RaftServerConfigKeys (ConfUtils.java:logGet(46)) - raft.server.log.purge.upto.snapshot.index = false (default)
2022-11-18 13:06:12,603 [grpc-default-executor-5] INFO  server.RaftServer (RaftServerProxy.java:addNew(96)) - 767ffbb5-8206-4017-b2eb-6858697bfab3: addNew group-9C27DC43941B:[5dd764d2-4196-4eea-b07c-aeebc5ccca01|rpc:10.1.0.56:34919|dataStream:|priority:0|startupRole:FOLLOWER, ea04acba-2572-4ce4-bec1-b0e6c6418c45|rpc:10.1.0.56:42173|dataStream:|priority:0|startupRole:FOLLOWER, 767ffbb5-8206-4017-b2eb-6858697bfab3|rpc:10.1.0.56:39469|dataStream:|priority:1|startupRole:FOLLOWER] returns group-9C27DC43941B:java.util.concurrent.CompletableFuture@67fd2237[Not completed]
2022-11-18 13:06:12,604 [pool-2559-thread-1] INFO  server.RaftServer$Division (RaftServerImpl.java:<init>(195)) - 767ffbb5-8206-4017-b2eb-6858697bfab3: new RaftServerImpl for group-9C27DC43941B:[5dd764d2-4196-4eea-b07c-aeebc5ccca01|rpc:10.1.0.56:34919|dataStream:|priority:0|startupRole:FOLLOWER, ea04acba-2572-4ce4-bec1-b0e6c6418c45|rpc:10.1.0.56:42173|dataStream:|priority:0|startupRole:FOLLOWER, 767ffbb5-8206-4017-b2eb-6858697bfab3|rpc:10.1.0.56:39469|dataStream:|priority:1|startupRole:FOLLOWER] with ContainerStateMachine:uninitialized
2022-11-18 13:06:12,604 [pool-2559-thread-1] INFO  server.RaftServerConfigKeys (ConfUtils.java:logGet(46)) - raft.server.rpc.timeout.min = 5s (custom)
2022-11-18 13:06:12,604 [pool-2559-thread-1] INFO  server.RaftServerConfigKeys (ConfUtils.java:logGet(46)) - raft.server.rpc.timeout.max = 5200ms (custom)
2022-11-18 13:06:12,604 [pool-2559-thread-1] INFO  server.RaftServerConfigKeys (ConfUtils.java:logGet(46)) - raft.server.rpc.sleep.time = 25ms (default)
2022-11-18 13:06:12,604 [pool-2559-thread-1] INFO  server.RaftServerConfigKeys (ConfUtils.java:logGet(46)) - raft.server.rpc.slowness.timeout = 300s (custom)
2022-11-18 13:06:12,604 [pool-2559-thread-1] INFO  server.RaftServerConfigKeys (ConfUtils.java:logGet(46)) - raft.server.leaderelection.leader.step-down.wait-time = 10s (default)
2022-11-18 13:06:12,604 [pool-2559-thread-1] INFO  server.RaftServerConfigKeys (ConfUtils.java:logGet(46)) - raft.server.sleep.deviation.threshold = 300ms (default)
2022-11-18 13:06:12,604 [pool-2559-thread-1] INFO  server.RaftServer$Division (ServerState.java:<init>(118)) - 767ffbb5-8206-4017-b2eb-6858697bfab3@group-9C27DC43941B: ConfigurationManager, init=-1: peers:[5dd764d2-4196-4eea-b07c-aeebc5ccca01|rpc:10.1.0.56:34919|dataStream:|priority:0|startupRole:FOLLOWER, ea04acba-2572-4ce4-bec1-b0e6c6418c45|rpc:10.1.0.56:42173|dataStream:|priority:0|startupRole:FOLLOWER, 767ffbb5-8206-4017-b2eb-6858697bfab3|rpc:10.1.0.56:39469|dataStream:|priority:1|startupRole:FOLLOWER]|listeners:[], old=null, confs=<EMPTY_MAP>
2022-11-18 13:06:12,604 [pool-2559-thread-1] INFO  server.RaftServerConfigKeys (ConfUtils.java:logGet(46)) - raft.server.storage.dir = [/home/runner/work/ozone/ozone/hadoop-ozone/integration-test/target/test-dir/MiniOzoneClusterImpl-d3d67884-f8de-446f-8121-b5603e1f9142/datanode-5/data/ratis] (custom)
2022-11-18 13:06:12,605 [pool-2559-thread-1] INFO  server.RaftServerConfigKeys (ConfUtils.java:logGet(46)) - raft.server.log.corruption.policy = EXCEPTION (default)
2022-11-18 13:06:12,605 [pool-2559-thread-1] INFO  server.RaftServerConfigKeys (ConfUtils.java:logGet(46)) - raft.server.storage.free-space.min = 0MB (=0) (default)
2022-11-18 13:06:12,605 [pool-2559-thread-1] INFO  server.RaftServerConfigKeys (ConfUtils.java:logGet(46)) - raft.server.notification.no-leader.timeout = 300s (custom)
2022-11-18 13:06:12,605 [pool-2559-thread-1] INFO  server.RaftServerConfigKeys (ConfUtils.java:logGet(46)) - raft.server.retrycache.expirytime = 600000ms (custom)
2022-11-18 13:06:12,605 [pool-2559-thread-1] INFO  server.RaftServerConfigKeys (ConfUtils.java:logGet(46)) - raft.server.retrycache.statistics.expirytime = 100μs (default)
2022-11-18 13:06:12,608 [pool-2559-thread-1] INFO  server.RaftServerConfigKeys (ConfUtils.java:logGet(46)) - raft.server.log.appender.install.snapshot.enabled = false (custom)
2022-11-18 13:06:12,608 [pool-2559-thread-1] INFO  server.RaftServerConfigKeys (ConfUtils.java:logGet(46)) - raft.server.threadpool.server.cached = true (default)
2022-11-18 13:06:12,608 [pool-2559-thread-1] INFO  server.RaftServerConfigKeys (ConfUtils.java:logGet(46)) - raft.server.threadpool.server.size = 0 (default)
2022-11-18 13:06:12,608 [pool-2559-thread-1] INFO  server.RaftServerConfigKeys (ConfUtils.java:logGet(46)) - raft.server.threadpool.client.cached = true (default)
2022-11-18 13:06:12,609 [pool-2559-thread-1] INFO  server.RaftServerConfigKeys (ConfUtils.java:logGet(46)) - raft.server.threadpool.client.size = 0 (default)
2022-11-18 13:06:12,609 [pool-2559-thread-1] INFO  storage.RaftStorageDirectory (RaftStorageDirectoryImpl.java:analyzeStorage(137)) - The storage directory /home/runner/work/ozone/ozone/hadoop-ozone/integration-test/target/test-dir/MiniOzoneClusterImpl-d3d67884-f8de-446f-8121-b5603e1f9142/datanode-5/data/ratis/fd22b1b5-350a-4033-b0f6-9c27dc43941b does not exist. Creating ...
2022-11-18 13:06:12,608 [EventQueue-StaleNodeForStaleNodeHandler] INFO  node.StaleNodeHandler (StaleNodeHandler.java:onMessage(59)) - Datanode cb27b585-024b-4029-854c-b46b41cc55c7{ip: 10.1.0.56, host: fv-az180-400.aibneqh1mxpuhl3tnnuy2ifbce.bx.internal.cloudapp.net, ports: [REPLICATION=34641, RATIS=45595, RATIS_ADMIN=45595, RATIS_SERVER=45595, STANDALONE=37703], networkLocation: /default-rack, certSerialId: null, persistedOpState: IN_MAINTENANCE, persistedOpStateExpiryEpochSec: 0} moved to stale state. Finalizing its pipelines []
2022-11-18 13:06:12,610 [pool-2559-thread-1] INFO  storage.RaftStorageDirectory (RaftStorageDirectoryImpl.java:tryLock(231)) - Lock on /home/runner/work/ozone/ozone/hadoop-ozone/integration-test/target/test-dir/MiniOzoneClusterImpl-d3d67884-f8de-446f-8121-b5603e1f9142/datanode-5/data/ratis/fd22b1b5-350a-4033-b0f6-9c27dc43941b/in_use.lock acquired by nodename 26296@fv-az180-400
2022-11-18 13:06:12,611 [pool-2559-thread-1] INFO  storage.RaftStorage (RaftStorageImpl.java:format(96)) - Storage directory /home/runner/work/ozone/ozone/hadoop-ozone/integration-test/target/test-dir/MiniOzoneClusterImpl-d3d67884-f8de-446f-8121-b5603e1f9142/datanode-5/data/ratis/fd22b1b5-350a-4033-b0f6-9c27dc43941b has been successfully formatted.
2022-11-18 13:06:12,612 [pool-2559-thread-1] INFO  ratis.ContainerStateMachine (ContainerStateMachine.java:loadSnapshot(236)) - group-9C27DC43941B: The snapshot info is null. Setting the last applied indexto:(t:0, i:~)
2022-11-18 13:06:12,612 [pool-2559-thread-1] INFO  server.RaftServerConfigKeys (ConfUtils.java:logGet(46)) - raft.server.log.use.memory = false (default)
2022-11-18 13:06:12,612 [pool-2559-thread-1] INFO  server.RaftServerConfigKeys (ConfUtils.java:logGet(46)) - raft.server.log.purge.gap = 1000000 (custom)
2022-11-18 13:06:12,612 [pool-2559-thread-1] INFO  server.RaftServerConfigKeys (ConfUtils.java:logGet(46)) - raft.server.log.appender.buffer.byte-limit = 33554432 (custom)
2022-11-18 13:06:12,612 [pool-2559-thread-1] INFO  server.RaftServerConfigKeys (ConfUtils.java:logGet(46)) - raft.server.log.statemachine.data.read.timeout = 1000ms (default)
2022-11-18 13:06:12,612 [pool-2559-thread-1] INFO  server.RaftServerConfigKeys (ConfUtils.java:logGet(46)) - raft.server.log.purge.preservation.log.num = 0 (default)
2022-11-18 13:06:12,612 [pool-2559-thread-1] INFO  server.RaftServerConfigKeys (ConfUtils.java:logGet(46)) - raft.server.log.segment.size.max = 1048576 (custom)
2022-11-18 13:06:12,613 [pool-2559-thread-1] INFO  server.RaftServerConfigKeys (ConfUtils.java:logGet(46)) - raft.server.log.segment.cache.num.max = 2 (custom)
2022-11-18 13:06:12,613 [pool-2559-thread-1] INFO  server.RaftServerConfigKeys (ConfUtils.java:logGet(46)) - raft.server.log.segment.cache.size.max = 200MB (=209715200) (default)
2022-11-18 13:06:12,613 [pool-2559-thread-1] INFO  segmented.SegmentedRaftLogWorker (SegmentedRaftLogWorker.java:<init>(191)) - new 767ffbb5-8206-4017-b2eb-6858697bfab3@group-9C27DC43941B-SegmentedRaftLogWorker for RaftStorageImpl:Storage Directory /home/runner/work/ozone/ozone/hadoop-ozone/integration-test/target/test-dir/MiniOzoneClusterImpl-d3d67884-f8de-446f-8121-b5603e1f9142/datanode-5/data/ratis/fd22b1b5-350a-4033-b0f6-9c27dc43941b
2022-11-18 13:06:12,613 [pool-2559-thread-1] INFO  server.RaftServerConfigKeys (ConfUtils.java:logGet(46)) - raft.server.log.queue.byte-limit = 4294967296 (custom)
2022-11-18 13:06:12,614 [pool-2559-thread-1] INFO  server.RaftServerConfigKeys (ConfUtils.java:logGet(46)) - raft.server.log.queue.element-limit = 1024 (custom)
2022-11-18 13:06:12,614 [pool-2559-thread-1] INFO  server.RaftServerConfigKeys (ConfUtils.java:logGet(46)) - raft.server.log.segment.size.max = 1048576 (custom)
2022-11-18 13:06:12,614 [pool-2559-thread-1] INFO  server.RaftServerConfigKeys (ConfUtils.java:logGet(46)) - raft.server.log.preallocated.size = 16384 (custom)
2022-11-18 13:06:12,614 [pool-2559-thread-1] INFO  server.RaftServerConfigKeys (ConfUtils.java:logGet(46)) - raft.server.log.force.sync.num = 128 (default)
2022-11-18 13:06:12,614 [pool-2559-thread-1] INFO  server.RaftServerConfigKeys (ConfUtils.java:logGet(46)) - raft.server.log.statemachine.data.sync = true (default)
2022-11-18 13:06:12,614 [pool-2559-thread-1] INFO  server.RaftServerConfigKeys (ConfUtils.java:logGet(46)) - raft.server.log.statemachine.data.sync.timeout = 10s (default)
2022-11-18 13:06:12,614 [pool-2559-thread-1] INFO  server.RaftServerConfigKeys (ConfUtils.java:logGet(46)) - raft.server.log.statemachine.data.sync.timeout.retry = -1 (default)
2022-11-18 13:06:12,617 [pool-2559-thread-1] INFO  server.RaftServerConfigKeys (ConfUtils.java:logGet(46)) - raft.server.log.write.buffer.size = 1048576 (custom)
2022-11-18 13:06:12,618 [pool-2559-thread-1] INFO  server.RaftServerConfigKeys (ConfUtils.java:logGet(46)) - raft.server.log.unsafe-flush.enabled = false (default)
2022-11-18 13:06:12,618 [pool-2559-thread-1] INFO  server.RaftServerConfigKeys (ConfUtils.java:logGet(46)) - raft.server.log.async-flush.enabled = false (default)
2022-11-18 13:06:12,618 [pool-2559-thread-1] INFO  server.RaftServerConfigKeys (ConfUtils.java:logGet(46)) - raft.server.log.statemachine.data.caching.enabled = true (custom)
2022-11-18 13:06:12,618 [pool-2559-thread-1] INFO  segmented.SegmentedRaftLogWorker (SegmentedRaftLogWorker.java:lambda$new$0(136)) - 767ffbb5-8206-4017-b2eb-6858697bfab3@group-9C27DC43941B-SegmentedRaftLogWorker: flushIndex: setUnconditionally 0 -> -1
2022-11-18 13:06:12,618 [pool-2559-thread-1] INFO  segmented.SegmentedRaftLogWorker (SegmentedRaftLogWorker.java:lambda$new$0(136)) - 767ffbb5-8206-4017-b2eb-6858697bfab3@group-9C27DC43941B-SegmentedRaftLogWorker: safeCacheEvictIndex: setUnconditionally 0 -> -1
2022-11-18 13:06:12,618 [pool-2559-thread-1] INFO  server.RaftServer$Division (RaftServerImpl.java:start(334)) - 767ffbb5-8206-4017-b2eb-6858697bfab3@group-9C27DC43941B: start as a follower, conf=-1: peers:[5dd764d2-4196-4eea-b07c-aeebc5ccca01|rpc:10.1.0.56:34919|dataStream:|priority:0|startupRole:FOLLOWER, ea04acba-2572-4ce4-bec1-b0e6c6418c45|rpc:10.1.0.56:42173|dataStream:|priority:0|startupRole:FOLLOWER, 767ffbb5-8206-4017-b2eb-6858697bfab3|rpc:10.1.0.56:39469|dataStream:|priority:1|startupRole:FOLLOWER]|listeners:[], old=null
2022-11-18 13:06:12,618 [pool-2559-thread-1] INFO  server.RaftServer$Division (RaftServerImpl.java:setRole(321)) - 767ffbb5-8206-4017-b2eb-6858697bfab3@group-9C27DC43941B: changes role from      null to FOLLOWER at term 0 for startAsFollower
2022-11-18 13:06:12,618 [pool-2559-thread-1] INFO  impl.RoleInfo (RoleInfo.java:updateAndGet(139)) - 767ffbb5-8206-4017-b2eb-6858697bfab3: start 767ffbb5-8206-4017-b2eb-6858697bfab3@group-9C27DC43941B-FollowerState
2022-11-18 13:06:12,618 [pool-2559-thread-1] INFO  util.JmxRegister (JmxRegister.java:tryRegister(44)) - Successfully registered JMX Bean with object name Ratis:service=RaftServer,group=group-9C27DC43941B,id=767ffbb5-8206-4017-b2eb-6858697bfab3
2022-11-18 13:06:12,619 [767ffbb5-8206-4017-b2eb-6858697bfab3@group-9C27DC43941B-FollowerState] INFO  server.RaftServerConfigKeys (ConfUtils.java:logFallback(53)) - raft.server.rpc.first-election.timeout.min = 5s (fallback to raft.server.rpc.timeout.min)
2022-11-18 13:06:12,619 [pool-2559-thread-1] INFO  server.RaftServerConfigKeys (ConfUtils.java:logGet(46)) - raft.server.snapshot.auto.trigger.enabled = true (custom)
2022-11-18 13:06:12,619 [767ffbb5-8206-4017-b2eb-6858697bfab3@group-9C27DC43941B-FollowerState] INFO  server.RaftServerConfigKeys (ConfUtils.java:logFallback(53)) - raft.server.rpc.first-election.timeout.max = 5200ms (fallback to raft.server.rpc.timeout.max)
2022-11-18 13:06:12,619 [pool-2559-thread-1] INFO  server.RaftServerConfigKeys (ConfUtils.java:logGet(46)) - raft.server.snapshot.auto.trigger.threshold = 10000 (custom)
2022-11-18 13:06:12,619 [pool-2559-thread-1] INFO  server.RaftServerConfigKeys (ConfUtils.java:logGet(46)) - raft.server.snapshot.retention.file.num = 5 (custom)
2022-11-18 13:06:12,619 [pool-2559-thread-1] INFO  server.RaftServerConfigKeys (ConfUtils.java:logGet(46)) - raft.server.log.purge.upto.snapshot.index = false (default)
2022-11-18 13:06:12,622 [Command processor thread] INFO  commandhandler.CreatePipelineCommandHandler (CreatePipelineCommandHandler.java:handle(113)) - Created Pipeline RATIS THREE PipelineID=fd22b1b5-350a-4033-b0f6-9c27dc43941b.
2022-11-18 13:06:12,699 [Listener at 127.0.0.1/39657] INFO  ozone.MiniOzoneClusterImpl (MiniOzoneClusterImpl.java:lambda$waitForClusterToBeReady$0(216)) - Nodes are ready. Got 7 of 7 DN Heartbeats.
2022-11-18 13:06:12,700 [Listener at 127.0.0.1/39657] INFO  ozone.MiniOzoneClusterImpl (MiniOzoneClusterImpl.java:lambda$waitForClusterToBeReady$0(219)) - Waiting for cluster to exit safe mode
2022-11-18 13:06:12,700 [Listener at 127.0.0.1/39657] INFO  ozone.MiniOzoneClusterImpl (MiniOzoneClusterImpl.java:lambda$waitForClusterToBeReady$0(221)) - SCM became leader
2022-11-18 13:06:12,720 [277e5bbd-414d-4f19-87c3-552c8f153d3d@group-AE848D27C9F4-FollowerState] INFO  impl.FollowerState (FollowerState.java:run(143)) - 277e5bbd-414d-4f19-87c3-552c8f153d3d@group-AE848D27C9F4-FollowerState: change to CANDIDATE, lastRpcElapsedTime:5094675406ns, electionTimeout:5093ms
2022-11-18 13:06:12,720 [277e5bbd-414d-4f19-87c3-552c8f153d3d@group-AE848D27C9F4-FollowerState] INFO  impl.RoleInfo (RoleInfo.java:shutdownFollowerState(110)) - 277e5bbd-414d-4f19-87c3-552c8f153d3d: shutdown 277e5bbd-414d-4f19-87c3-552c8f153d3d@group-AE848D27C9F4-FollowerState
2022-11-18 13:06:12,720 [277e5bbd-414d-4f19-87c3-552c8f153d3d@group-AE848D27C9F4-FollowerState] INFO  server.RaftServer$Division (RaftServerImpl.java:setRole(321)) - 277e5bbd-414d-4f19-87c3-552c8f153d3d@group-AE848D27C9F4: changes role from  FOLLOWER to CANDIDATE at term 0 for changeToCandidate
2022-11-18 13:06:12,721 [277e5bbd-414d-4f19-87c3-552c8f153d3d@group-AE848D27C9F4-FollowerState] INFO  server.RaftServerConfigKeys (ConfUtils.java:logGet(46)) - raft.server.leaderelection.pre-vote = false (custom)
2022-11-18 13:06:12,721 [277e5bbd-414d-4f19-87c3-552c8f153d3d@group-AE848D27C9F4-FollowerState] INFO  impl.RoleInfo (RoleInfo.java:updateAndGet(139)) - 277e5bbd-414d-4f19-87c3-552c8f153d3d: start 277e5bbd-414d-4f19-87c3-552c8f153d3d@group-AE848D27C9F4-LeaderElection112
2022-11-18 13:06:12,723 [277e5bbd-414d-4f19-87c3-552c8f153d3d@group-AE848D27C9F4-LeaderElection112] INFO  impl.LeaderElection (LeaderElection.java:askForVotes(312)) - 277e5bbd-414d-4f19-87c3-552c8f153d3d@group-AE848D27C9F4-LeaderElection112 ELECTION round 0: submit vote requests at term 1 for -1: peers:[4e9d01e2-99f3-4323-a596-366f46fa44e1|rpc:10.1.0.56:45787|priority:0|startupRole:FOLLOWER, 277e5bbd-414d-4f19-87c3-552c8f153d3d|rpc:10.1.0.56:43003|priority:1|startupRole:FOLLOWER, 62944fc1-681b-46bd-93f7-2482762a7b31|rpc:10.1.0.56:38905|priority:0|startupRole:FOLLOWER]|listeners:[], old=null
2022-11-18 13:06:12,723 [277e5bbd-414d-4f19-87c3-552c8f153d3d@group-AE848D27C9F4-LeaderElection112] INFO  server.RaftServerConfigKeys (ConfUtils.java:logFallback(53)) - raft.server.rpc.first-election.timeout.min = 5s (fallback to raft.server.rpc.timeout.min)
2022-11-18 13:06:12,723 [277e5bbd-414d-4f19-87c3-552c8f153d3d@group-AE848D27C9F4-LeaderElection112] INFO  server.RaftServerConfigKeys (ConfUtils.java:logFallback(53)) - raft.server.rpc.first-election.timeout.max = 5200ms (fallback to raft.server.rpc.timeout.max)
2022-11-18 13:06:12,723 [277e5bbd-414d-4f19-87c3-552c8f153d3d@group-AE848D27C9F4-LeaderElection112-1] INFO  server.GrpcServerProtocolClient (GrpcServerProtocolClient.java:<init>(63)) - Build channel for 4e9d01e2-99f3-4323-a596-366f46fa44e1
2022-11-18 13:06:12,725 [grpc-default-executor-5] INFO  server.RaftServer$Division (RaftServerImpl.java:requestVote(1218)) - 62944fc1-681b-46bd-93f7-2482762a7b31@group-AE848D27C9F4: receive requestVote(ELECTION, 277e5bbd-414d-4f19-87c3-552c8f153d3d, group-AE848D27C9F4, 1, (t:0, i:0))
2022-11-18 13:06:12,725 [grpc-default-executor-5] INFO  impl.VoteContext (VoteContext.java:log(48)) - 62944fc1-681b-46bd-93f7-2482762a7b31@group-AE848D27C9F4-FOLLOWER: accept ELECTION from 277e5bbd-414d-4f19-87c3-552c8f153d3d: our priority 0 <= candidate's priority 1
2022-11-18 13:06:12,725 [grpc-default-executor-5] INFO  server.RaftServer$Division (RaftServerImpl.java:setRole(321)) - 62944fc1-681b-46bd-93f7-2482762a7b31@group-AE848D27C9F4: changes role from  FOLLOWER to FOLLOWER at term 1 for candidate:277e5bbd-414d-4f19-87c3-552c8f153d3d
2022-11-18 13:06:12,725 [grpc-default-executor-5] INFO  impl.RoleInfo (RoleInfo.java:shutdownFollowerState(110)) - 62944fc1-681b-46bd-93f7-2482762a7b31: shutdown 62944fc1-681b-46bd-93f7-2482762a7b31@group-AE848D27C9F4-FollowerState
2022-11-18 13:06:12,725 [grpc-default-executor-5] INFO  impl.RoleInfo (RoleInfo.java:updateAndGet(139)) - 62944fc1-681b-46bd-93f7-2482762a7b31: start 62944fc1-681b-46bd-93f7-2482762a7b31@group-AE848D27C9F4-FollowerState
2022-11-18 13:06:12,725 [62944fc1-681b-46bd-93f7-2482762a7b31@group-AE848D27C9F4-FollowerState] INFO  impl.FollowerState (FollowerState.java:run(152)) - 62944fc1-681b-46bd-93f7-2482762a7b31@group-AE848D27C9F4-FollowerState was interrupted
2022-11-18 13:06:12,726 [62944fc1-681b-46bd-93f7-2482762a7b31@group-AE848D27C9F4-FollowerState] INFO  server.RaftServerConfigKeys (ConfUtils.java:logFallback(53)) - raft.server.rpc.first-election.timeout.min = 5s (fallback to raft.server.rpc.timeout.min)
2022-11-18 13:06:12,726 [62944fc1-681b-46bd-93f7-2482762a7b31@group-AE848D27C9F4-FollowerState] INFO  server.RaftServerConfigKeys (ConfUtils.java:logFallback(53)) - raft.server.rpc.first-election.timeout.max = 5200ms (fallback to raft.server.rpc.timeout.max)
2022-11-18 13:06:12,727 [grpc-default-executor-5] INFO  server.RaftServer$Division (RaftServerImpl.java:requestVote(1251)) - 62944fc1-681b-46bd-93f7-2482762a7b31@group-AE848D27C9F4 replies to ELECTION vote request: 277e5bbd-414d-4f19-87c3-552c8f153d3d<-62944fc1-681b-46bd-93f7-2482762a7b31#0:OK-t1. Peer's state: 62944fc1-681b-46bd-93f7-2482762a7b31@group-AE848D27C9F4:t1, leader=null, voted=277e5bbd-414d-4f19-87c3-552c8f153d3d, raftlog=Memoized:62944fc1-681b-46bd-93f7-2482762a7b31@group-AE848D27C9F4-SegmentedRaftLog:OPENED:c-1, conf=-1: peers:[4e9d01e2-99f3-4323-a596-366f46fa44e1|rpc:10.1.0.56:45787|priority:0|startupRole:FOLLOWER, 277e5bbd-414d-4f19-87c3-552c8f153d3d|rpc:10.1.0.56:43003|priority:1|startupRole:FOLLOWER, 62944fc1-681b-46bd-93f7-2482762a7b31|rpc:10.1.0.56:38905|priority:0|startupRole:FOLLOWER]|listeners:[], old=null
2022-11-18 13:06:12,727 [277e5bbd-414d-4f19-87c3-552c8f153d3d@group-AE848D27C9F4-LeaderElection112] INFO  impl.LeaderElection (LeaderElection.java:logAndReturn(90)) - 277e5bbd-414d-4f19-87c3-552c8f153d3d@group-AE848D27C9F4-LeaderElection112: ELECTION PASSED received 1 response(s) and 0 exception(s):
2022-11-18 13:06:12,728 [277e5bbd-414d-4f19-87c3-552c8f153d3d@group-AE848D27C9F4-LeaderElection112] INFO  impl.LeaderElection (LeaderElection.java:logAndReturn(94)) -   Response 0: 277e5bbd-414d-4f19-87c3-552c8f153d3d<-62944fc1-681b-46bd-93f7-2482762a7b31#0:OK-t1
2022-11-18 13:06:12,728 [277e5bbd-414d-4f19-87c3-552c8f153d3d@group-AE848D27C9F4-LeaderElection112] INFO  impl.LeaderElection (LeaderElection.java:askForVotes(314)) - 277e5bbd-414d-4f19-87c3-552c8f153d3d@group-AE848D27C9F4-LeaderElection112 ELECTION round 0: result PASSED
2022-11-18 13:06:12,728 [277e5bbd-414d-4f19-87c3-552c8f153d3d@group-AE848D27C9F4-LeaderElection112] INFO  impl.RoleInfo (RoleInfo.java:shutdownLeaderElection(130)) - 277e5bbd-414d-4f19-87c3-552c8f153d3d: shutdown 277e5bbd-414d-4f19-87c3-552c8f153d3d@group-AE848D27C9F4-LeaderElection112
2022-11-18 13:06:12,728 [277e5bbd-414d-4f19-87c3-552c8f153d3d@group-AE848D27C9F4-LeaderElection112] INFO  server.RaftServer$Division (RaftServerImpl.java:setRole(321)) - 277e5bbd-414d-4f19-87c3-552c8f153d3d@group-AE848D27C9F4: changes role from CANDIDATE to LEADER at term 1 for changeToLeader
2022-11-18 13:06:12,728 [277e5bbd-414d-4f19-87c3-552c8f153d3d@group-AE848D27C9F4-LeaderElection112] INFO  ratis.XceiverServerRatis (XceiverServerRatis.java:handleLeaderChangedNotification(863)) - Leader change notification received for group: group-AE848D27C9F4 with new leaderId: 277e5bbd-414d-4f19-87c3-552c8f153d3d
2022-11-18 13:06:12,728 [277e5bbd-414d-4f19-87c3-552c8f153d3d@group-AE848D27C9F4-LeaderElection112] INFO  server.RaftServer$Division (ServerState.java:setLeader(313)) - 277e5bbd-414d-4f19-87c3-552c8f153d3d@group-AE848D27C9F4: change Leader from null to 277e5bbd-414d-4f19-87c3-552c8f153d3d at term 1 for becomeLeader, leader elected after 5119ms
2022-11-18 13:06:12,728 [277e5bbd-414d-4f19-87c3-552c8f153d3d@group-AE848D27C9F4-LeaderElection112] INFO  server.RaftServerConfigKeys (ConfUtils.java:logGet(46)) - raft.server.staging.catchup.gap = 1000 (default)
2022-11-18 13:06:12,728 [277e5bbd-414d-4f19-87c3-552c8f153d3d@group-AE848D27C9F4-LeaderElection112] INFO  server.RaftServerConfigKeys (ConfUtils.java:logGet(46)) - raft.server.write.element-limit = 1024 (custom)
2022-11-18 13:06:12,728 [277e5bbd-414d-4f19-87c3-552c8f153d3d@group-AE848D27C9F4-LeaderElection112] INFO  server.RaftServerConfigKeys (ConfUtils.java:logGet(46)) - raft.server.write.byte-limit = 1024 M (=1073741824) (custom)
2022-11-18 13:06:12,729 [277e5bbd-414d-4f19-87c3-552c8f153d3d@group-AE848D27C9F4-LeaderElection112] INFO  server.RaftServerConfigKeys (ConfUtils.java:logGet(46)) - raft.server.watch.timeout = 180s (custom)
2022-11-18 13:06:12,729 [277e5bbd-414d-4f19-87c3-552c8f153d3d@group-AE848D27C9F4-LeaderElection112] INFO  server.RaftServerConfigKeys (ConfUtils.java:logGet(46)) - raft.server.watch.timeout.denomination = 1s (default)
2022-11-18 13:06:12,729 [277e5bbd-414d-4f19-87c3-552c8f153d3d@group-AE848D27C9F4-LeaderElection112] INFO  server.RaftServerConfigKeys (ConfUtils.java:logGet(46)) - raft.server.watch.element-limit = 65536 (default)
2022-11-18 13:06:12,729 [277e5bbd-414d-4f19-87c3-552c8f153d3d@group-AE848D27C9F4-LeaderElection112] INFO  server.RaftServerConfigKeys (ConfUtils.java:logGet(46)) - raft.server.write.element-limit = 1024 (custom)
2022-11-18 13:06:12,729 [277e5bbd-414d-4f19-87c3-552c8f153d3d@group-AE848D27C9F4-LeaderElection112] INFO  server.RaftServerConfigKeys (ConfUtils.java:logGet(46)) - raft.server.write.follower.gap.ratio.max = -1.0 (default)
2022-11-18 13:06:12,731 [277e5bbd-414d-4f19-87c3-552c8f153d3d@group-AE848D27C9F4-LeaderElection112] INFO  server.RaftServerConfigKeys (ConfUtils.java:logGet(46)) - raft.server.log.appender.snapshot.chunk.size.max = 16MB (=16777216) (default)
2022-11-18 13:06:12,731 [277e5bbd-414d-4f19-87c3-552c8f153d3d@group-AE848D27C9F4-LeaderElection112] INFO  server.RaftServerConfigKeys (ConfUtils.java:logGet(46)) - raft.server.log.appender.buffer.byte-limit = 33554432 (custom)
2022-11-18 13:06:12,731 [277e5bbd-414d-4f19-87c3-552c8f153d3d@group-AE848D27C9F4-LeaderElection112] INFO  server.RaftServerConfigKeys (ConfUtils.java:logGet(46)) - raft.server.log.appender.buffer.element-limit = 1 (custom)
2022-11-18 13:06:12,731 [277e5bbd-414d-4f19-87c3-552c8f153d3d@group-AE848D27C9F4-LeaderElection112] INFO  grpc.GrpcConfigKeys (ConfUtils.java:logGet(46)) - raft.grpc.server.leader.outstanding.appends.max = 128 (default)
2022-11-18 13:06:12,731 [277e5bbd-414d-4f19-87c3-552c8f153d3d@group-AE848D27C9F4-LeaderElection112] INFO  server.RaftServerConfigKeys (ConfUtils.java:logGet(46)) - raft.server.rpc.request.timeout = 60s (custom)
2022-11-18 13:06:12,731 [277e5bbd-414d-4f19-87c3-552c8f153d3d@group-AE848D27C9F4-LeaderElection112] INFO  server.RaftServerConfigKeys (ConfUtils.java:logGet(46)) - raft.server.log.appender.install.snapshot.enabled = false (custom)
2022-11-18 13:06:12,731 [277e5bbd-414d-4f19-87c3-552c8f153d3d@group-AE848D27C9F4-LeaderElection112] INFO  grpc.GrpcConfigKeys (ConfUtils.java:logGet(46)) - raft.grpc.server.heartbeat.channel = true (default)
2022-11-18 13:06:12,731 [277e5bbd-414d-4f19-87c3-552c8f153d3d@group-AE848D27C9F4-LeaderElection112] INFO  server.RaftServerConfigKeys (ConfUtils.java:logGet(46)) - raft.server.log.appender.wait-time.min = 10ms (default)
2022-11-18 13:06:12,732 [EventQueue-PipelineReportForPipelineReportHandler] INFO  pipeline.PipelineManagerImpl (PipelineManagerImpl.java:openPipeline(367)) - Pipeline Pipeline[ Id: eb5d11c1-c61d-418b-a25f-ae848d27c9f4, Nodes: 4e9d01e2-99f3-4323-a596-366f46fa44e1{ip: 10.1.0.56, host: fv-az180-400.aibneqh1mxpuhl3tnnuy2ifbce.bx.internal.cloudapp.net, ports: [REPLICATION=35349, RATIS=45787, RATIS_ADMIN=45787, RATIS_SERVER=45787, STANDALONE=45767], networkLocation: /default-rack, certSerialId: null, persistedOpState: IN_SERVICE, persistedOpStateExpiryEpochSec: 0}62944fc1-681b-46bd-93f7-2482762a7b31{ip: 10.1.0.56, host: fv-az180-400.aibneqh1mxpuhl3tnnuy2ifbce.bx.internal.cloudapp.net, ports: [REPLICATION=41933, RATIS=38905, RATIS_ADMIN=38905, RATIS_SERVER=38905, STANDALONE=35895], networkLocation: /default-rack, certSerialId: null, persistedOpState: IN_SERVICE, persistedOpStateExpiryEpochSec: 0}277e5bbd-414d-4f19-87c3-552c8f153d3d{ip: 10.1.0.56, host: fv-az180-400.aibneqh1mxpuhl3tnnuy2ifbce.bx.internal.cloudapp.net, ports: [REPLICATION=34679, RATIS=43003, RATIS_ADMIN=43003, RATIS_SERVER=43003, STANDALONE=43927], networkLocation: /default-rack, certSerialId: null, persistedOpState: IN_SERVICE, persistedOpStateExpiryEpochSec: 0}, ReplicationConfig: RATIS/THREE, State:ALLOCATED, leaderId:277e5bbd-414d-4f19-87c3-552c8f153d3d, CreationTimestamp2022-11-18T13:06:07.890Z[Etc/UTC]] moved to OPEN state
2022-11-18 13:06:12,737 [277e5bbd-414d-4f19-87c3-552c8f153d3d@group-AE848D27C9F4-LeaderElection112] INFO  server.RaftServerConfigKeys (ConfUtils.java:logGet(46)) - raft.server.log.appender.snapshot.chunk.size.max = 16MB (=16777216) (default)
2022-11-18 13:06:12,737 [277e5bbd-414d-4f19-87c3-552c8f153d3d@group-AE848D27C9F4-LeaderElection112] INFO  server.RaftServerConfigKeys (ConfUtils.java:logGet(46)) - raft.server.log.appender.buffer.byte-limit = 33554432 (custom)
2022-11-18 13:06:12,737 [277e5bbd-414d-4f19-87c3-552c8f153d3d@group-AE848D27C9F4-LeaderElection112] INFO  server.RaftServerConfigKeys (ConfUtils.java:logGet(46)) - raft.server.log.appender.buffer.element-limit = 1 (custom)
2022-11-18 13:06:12,737 [277e5bbd-414d-4f19-87c3-552c8f153d3d@group-AE848D27C9F4-LeaderElection112] INFO  grpc.GrpcConfigKeys (ConfUtils.java:logGet(46)) - raft.grpc.server.leader.outstanding.appends.max = 128 (default)
2022-11-18 13:06:12,737 [277e5bbd-414d-4f19-87c3-552c8f153d3d@group-AE848D27C9F4-LeaderElection112] INFO  server.RaftServerConfigKeys (ConfUtils.java:logGet(46)) - raft.server.rpc.request.timeout = 60s (custom)
2022-11-18 13:06:12,737 [277e5bbd-414d-4f19-87c3-552c8f153d3d@group-AE848D27C9F4-LeaderElection112] INFO  server.RaftServerConfigKeys (ConfUtils.java:logGet(46)) - raft.server.log.appender.install.snapshot.enabled = false (custom)
2022-11-18 13:06:12,737 [277e5bbd-414d-4f19-87c3-552c8f153d3d@group-AE848D27C9F4-LeaderElection112] INFO  grpc.GrpcConfigKeys (ConfUtils.java:logGet(46)) - raft.grpc.server.heartbeat.channel = true (default)
2022-11-18 13:06:12,737 [277e5bbd-414d-4f19-87c3-552c8f153d3d@group-AE848D27C9F4-LeaderElection112] INFO  server.RaftServerConfigKeys (ConfUtils.java:logGet(46)) - raft.server.log.appender.wait-time.min = 10ms (default)
2022-11-18 13:06:12,738 [277e5bbd-414d-4f19-87c3-552c8f153d3d@group-AE848D27C9F4-LeaderElection112] INFO  impl.RoleInfo (RoleInfo.java:updateAndGet(139)) - 277e5bbd-414d-4f19-87c3-552c8f153d3d: start 277e5bbd-414d-4f19-87c3-552c8f153d3d@group-AE848D27C9F4-LeaderStateImpl
2022-11-18 13:06:12,739 [277e5bbd-414d-4f19-87c3-552c8f153d3d@group-AE848D27C9F4-LeaderElection112] INFO  segmented.SegmentedRaftLogWorker (SegmentedRaftLogWorker.java:startLogSegment(452)) - 277e5bbd-414d-4f19-87c3-552c8f153d3d@group-AE848D27C9F4-SegmentedRaftLogWorker: Starting segment from index:0
2022-11-18 13:06:12,746 [277e5bbd-414d-4f19-87c3-552c8f153d3d@group-AE848D27C9F4-LeaderElection112] INFO  server.RaftServer$Division (ServerState.java:setRaftConf(430)) - 277e5bbd-414d-4f19-87c3-552c8f153d3d@group-AE848D27C9F4: set configuration 0: peers:[4e9d01e2-99f3-4323-a596-366f46fa44e1|rpc:10.1.0.56:45787|dataStream:|priority:0|startupRole:FOLLOWER, 277e5bbd-414d-4f19-87c3-552c8f153d3d|rpc:10.1.0.56:43003|dataStream:|priority:1|startupRole:FOLLOWER, 62944fc1-681b-46bd-93f7-2482762a7b31|rpc:10.1.0.56:38905|dataStream:|priority:0|startupRole:FOLLOWER]|listeners:[], old=null
2022-11-18 13:06:12,747 [grpc-default-executor-5] INFO  server.RaftServer$Division (RaftServerImpl.java:requestVote(1218)) - 4e9d01e2-99f3-4323-a596-366f46fa44e1@group-AE848D27C9F4: receive requestVote(ELECTION, 277e5bbd-414d-4f19-87c3-552c8f153d3d, group-AE848D27C9F4, 1, (t:0, i:0))
2022-11-18 13:06:12,747 [grpc-default-executor-5] INFO  impl.VoteContext (VoteContext.java:log(48)) - 4e9d01e2-99f3-4323-a596-366f46fa44e1@group-AE848D27C9F4-FOLLOWER: accept ELECTION from 277e5bbd-414d-4f19-87c3-552c8f153d3d: our priority 0 <= candidate's priority 1
2022-11-18 13:06:12,747 [grpc-default-executor-5] INFO  server.RaftServer$Division (RaftServerImpl.java:setRole(321)) - 4e9d01e2-99f3-4323-a596-366f46fa44e1@group-AE848D27C9F4: changes role from  FOLLOWER to FOLLOWER at term 1 for candidate:277e5bbd-414d-4f19-87c3-552c8f153d3d
2022-11-18 13:06:12,747 [grpc-default-executor-5] INFO  impl.RoleInfo (RoleInfo.java:shutdownFollowerState(110)) - 4e9d01e2-99f3-4323-a596-366f46fa44e1: shutdown 4e9d01e2-99f3-4323-a596-366f46fa44e1@group-AE848D27C9F4-FollowerState
2022-11-18 13:06:12,748 [grpc-default-executor-5] INFO  impl.RoleInfo (RoleInfo.java:updateAndGet(139)) - 4e9d01e2-99f3-4323-a596-366f46fa44e1: start 4e9d01e2-99f3-4323-a596-366f46fa44e1@group-AE848D27C9F4-FollowerState
2022-11-18 13:06:12,748 [4e9d01e2-99f3-4323-a596-366f46fa44e1@group-AE848D27C9F4-FollowerState] INFO  impl.FollowerState (FollowerState.java:run(152)) - 4e9d01e2-99f3-4323-a596-366f46fa44e1@group-AE848D27C9F4-FollowerState was interrupted
2022-11-18 13:06:12,749 [4e9d01e2-99f3-4323-a596-366f46fa44e1@group-AE848D27C9F4-FollowerState] INFO  server.RaftServerConfigKeys (ConfUtils.java:logFallback(53)) - raft.server.rpc.first-election.timeout.min = 5s (fallback to raft.server.rpc.timeout.min)
2022-11-18 13:06:12,749 [4e9d01e2-99f3-4323-a596-366f46fa44e1@group-AE848D27C9F4-FollowerState] INFO  server.RaftServerConfigKeys (ConfUtils.java:logFallback(53)) - raft.server.rpc.first-election.timeout.max = 5200ms (fallback to raft.server.rpc.timeout.max)
2022-11-18 13:06:12,749 [277e5bbd-414d-4f19-87c3-552c8f153d3d@group-AE848D27C9F4-SegmentedRaftLogWorker] INFO  segmented.SegmentedRaftLogWorker (SegmentedRaftLogWorker.java:execute(656)) - 277e5bbd-414d-4f19-87c3-552c8f153d3d@group-AE848D27C9F4-SegmentedRaftLogWorker: created new log segment /home/runner/work/ozone/ozone/hadoop-ozone/integration-test/target/test-dir/MiniOzoneClusterImpl-20da3918-ad77-4149-a4e0-3f3018d8b094/datanode-5/data/ratis/eb5d11c1-c61d-418b-a25f-ae848d27c9f4/current/log_inprogress_0
2022-11-18 13:06:12,749 [grpc-default-executor-5] INFO  server.RaftServer$Division (RaftServerImpl.java:requestVote(1251)) - 4e9d01e2-99f3-4323-a596-366f46fa44e1@group-AE848D27C9F4 replies to ELECTION vote request: 277e5bbd-414d-4f19-87c3-552c8f153d3d<-4e9d01e2-99f3-4323-a596-366f46fa44e1#0:OK-t1. Peer's state: 4e9d01e2-99f3-4323-a596-366f46fa44e1@group-AE848D27C9F4:t1, leader=null, voted=277e5bbd-414d-4f19-87c3-552c8f153d3d, raftlog=Memoized:4e9d01e2-99f3-4323-a596-366f46fa44e1@group-AE848D27C9F4-SegmentedRaftLog:OPENED:c-1, conf=-1: peers:[4e9d01e2-99f3-4323-a596-366f46fa44e1|rpc:10.1.0.56:45787|dataStream:|priority:0|startupRole:FOLLOWER, 277e5bbd-414d-4f19-87c3-552c8f153d3d|rpc:10.1.0.56:43003|dataStream:|priority:1|startupRole:FOLLOWER, 62944fc1-681b-46bd-93f7-2482762a7b31|rpc:10.1.0.56:38905|dataStream:|priority:0|startupRole:FOLLOWER]|listeners:[], old=null
2022-11-18 13:06:12,763 [62944fc1-681b-46bd-93f7-2482762a7b31-server-thread1] INFO  ratis.XceiverServerRatis (XceiverServerRatis.java:handleLeaderChangedNotification(863)) - Leader change notification received for group: group-AE848D27C9F4 with new leaderId: 277e5bbd-414d-4f19-87c3-552c8f153d3d
2022-11-18 13:06:12,763 [62944fc1-681b-46bd-93f7-2482762a7b31-server-thread1] INFO  server.RaftServer$Division (ServerState.java:setLeader(313)) - 62944fc1-681b-46bd-93f7-2482762a7b31@group-AE848D27C9F4: change Leader from null to 277e5bbd-414d-4f19-87c3-552c8f153d3d at term 1 for appendEntries, leader elected after 5071ms
2022-11-18 13:06:12,764 [4e9d01e2-99f3-4323-a596-366f46fa44e1-server-thread1] INFO  ratis.XceiverServerRatis (XceiverServerRatis.java:handleLeaderChangedNotification(863)) - Leader change notification received for group: group-AE848D27C9F4 with new leaderId: 277e5bbd-414d-4f19-87c3-552c8f153d3d
2022-11-18 13:06:12,764 [4e9d01e2-99f3-4323-a596-366f46fa44e1-server-thread1] INFO  server.RaftServer$Division (ServerState.java:setLeader(313)) - 4e9d01e2-99f3-4323-a596-366f46fa44e1@group-AE848D27C9F4: change Leader from null to 277e5bbd-414d-4f19-87c3-552c8f153d3d at term 1 for appendEntries, leader elected after 5129ms
2022-11-18 13:06:12,771 [62944fc1-681b-46bd-93f7-2482762a7b31-server-thread2] INFO  server.RaftServer$Division (ServerState.java:setRaftConf(430)) - 62944fc1-681b-46bd-93f7-2482762a7b31@group-AE848D27C9F4: set configuration 0: peers:[4e9d01e2-99f3-4323-a596-366f46fa44e1|rpc:10.1.0.56:45787|dataStream:|priority:0|startupRole:FOLLOWER, 277e5bbd-414d-4f19-87c3-552c8f153d3d|rpc:10.1.0.56:43003|dataStream:|priority:1|startupRole:FOLLOWER, 62944fc1-681b-46bd-93f7-2482762a7b31|rpc:10.1.0.56:38905|dataStream:|priority:0|startupRole:FOLLOWER]|listeners:[], old=null
2022-11-18 13:06:12,771 [62944fc1-681b-46bd-93f7-2482762a7b31-server-thread2] INFO  segmented.SegmentedRaftLogWorker (SegmentedRaftLogWorker.java:startLogSegment(452)) - 62944fc1-681b-46bd-93f7-2482762a7b31@group-AE848D27C9F4-SegmentedRaftLogWorker: Starting segment from index:0
2022-11-18 13:06:12,776 [4e9d01e2-99f3-4323-a596-366f46fa44e1-server-thread2] INFO  server.RaftServer$Division (ServerState.java:setRaftConf(430)) - 4e9d01e2-99f3-4323-a596-366f46fa44e1@group-AE848D27C9F4: set configuration 0: peers:[4e9d01e2-99f3-4323-a596-366f46fa44e1|rpc:10.1.0.56:45787|dataStream:|priority:0|startupRole:FOLLOWER, 277e5bbd-414d-4f19-87c3-552c8f153d3d|rpc:10.1.0.56:43003|dataStream:|priority:1|startupRole:FOLLOWER, 62944fc1-681b-46bd-93f7-2482762a7b31|rpc:10.1.0.56:38905|dataStream:|priority:0|startupRole:FOLLOWER]|listeners:[], old=null
2022-11-18 13:06:12,776 [62944fc1-681b-46bd-93f7-2482762a7b31@group-AE848D27C9F4-SegmentedRaftLogWorker] INFO  segmented.SegmentedRaftLogWorker (SegmentedRaftLogWorker.java:execute(656)) - 62944fc1-681b-46bd-93f7-2482762a7b31@group-AE848D27C9F4-SegmentedRaftLogWorker: created new log segment /home/runner/work/ozone/ozone/hadoop-ozone/integration-test/target/test-dir/MiniOzoneClusterImpl-20da3918-ad77-4149-a4e0-3f3018d8b094/datanode-4/data/ratis/eb5d11c1-c61d-418b-a25f-ae848d27c9f4/current/log_inprogress_0
2022-11-18 13:06:12,778 [4e9d01e2-99f3-4323-a596-366f46fa44e1-server-thread2] INFO  segmented.SegmentedRaftLogWorker (SegmentedRaftLogWorker.java:startLogSegment(452)) - 4e9d01e2-99f3-4323-a596-366f46fa44e1@group-AE848D27C9F4-SegmentedRaftLogWorker: Starting segment from index:0
2022-11-18 13:06:12,780 [4e9d01e2-99f3-4323-a596-366f46fa44e1@group-AE848D27C9F4-SegmentedRaftLogWorker] INFO  segmented.SegmentedRaftLogWorker (SegmentedRaftLogWorker.java:execute(656)) - 4e9d01e2-99f3-4323-a596-366f46fa44e1@group-AE848D27C9F4-SegmentedRaftLogWorker: created new log segment /home/runner/work/ozone/ozone/hadoop-ozone/integration-test/target/test-dir/MiniOzoneClusterImpl-20da3918-ad77-4149-a4e0-3f3018d8b094/datanode-6/data/ratis/eb5d11c1-c61d-418b-a25f-ae848d27c9f4/current/log_inprogress_0
2022-11-18 13:06:12,838 [ReplicationMonitor] INFO  replication.ReplicationManager (ReplicationManager.java:processAll(319)) - Replication Manager is not ready to run until 3000ms after safemode exit
2022-11-18 13:06:12,901 [Under Replicated Processor] INFO  replication.UnderReplicatedProcessor (UnderReplicatedProcessor.java:processAll(92)) - Processed 0 under replicated containers, failed processing 0
2022-11-18 13:06:12,905 [DatanodeAdminManager-0] INFO  node.DatanodeAdminMonitorImpl (DatanodeAdminMonitorImpl.java:run(169)) - There are 1 nodes tracked for decommission and maintenance.  0 pending nodes.
2022-11-18 13:06:12,911 [Over Replicated Processor] INFO  replication.OverReplicatedProcessor (OverReplicatedProcessor.java:processAll(90)) - Processed 0 over replicated containers, failed processing 0
2022-11-18 13:06:12,917 [ReplicationMonitor] INFO  replication.ReplicationManager (ReplicationManager.java:processAll(352)) - Replication Monitor Thread took 1 milliseconds for processing 6 containers.
2022-11-18 13:06:13,073 [EventQueue-OpenPipelineForHealthyPipelineSafeModeRule] INFO  safemode.SCMSafeModeManager (HealthyPipelineSafeModeRule.java:process(137)) - SCM in safe mode. Healthy pipelines reported count is 0, required healthy pipeline reported count is 1
2022-11-18 13:06:13,077 [Command processor thread] INFO  server.RaftServer (RaftServerProxy.java:addNew(96)) - ea04acba-2572-4ce4-bec1-b0e6c6418c45: addNew group-01392E0384F1:[ea04acba-2572-4ce4-bec1-b0e6c6418c45|rpc:10.1.0.56:42173|priority:1|startupRole:FOLLOWER] returns group-01392E0384F1:java.util.concurrent.CompletableFuture@2591dc2e[Not completed]
2022-11-18 13:06:13,077 [pool-2532-thread-1] INFO  server.RaftServer$Division (RaftServerImpl.java:<init>(195)) - ea04acba-2572-4ce4-bec1-b0e6c6418c45: new RaftServerImpl for group-01392E0384F1:[ea04acba-2572-4ce4-bec1-b0e6c6418c45|rpc:10.1.0.56:42173|priority:1|startupRole:FOLLOWER] with ContainerStateMachine:uninitialized
2022-11-18 13:06:13,078 [pool-2532-thread-1] INFO  server.RaftServerConfigKeys (ConfUtils.java:logGet(46)) - raft.server.rpc.timeout.min = 5s (custom)
2022-11-18 13:06:13,078 [pool-2532-thread-1] INFO  server.RaftServerConfigKeys (ConfUtils.java:logGet(46)) - raft.server.rpc.timeout.max = 5200ms (custom)
2022-11-18 13:06:13,078 [pool-2532-thread-1] INFO  server.RaftServerConfigKeys (ConfUtils.java:logGet(46)) - raft.server.rpc.sleep.time = 25ms (default)
2022-11-18 13:06:13,078 [pool-2532-thread-1] INFO  server.RaftServerConfigKeys (ConfUtils.java:logGet(46)) - raft.server.rpc.slowness.timeout = 300s (custom)
2022-11-18 13:06:13,078 [pool-2532-thread-1] INFO  server.RaftServerConfigKeys (ConfUtils.java:logGet(46)) - raft.server.leaderelection.leader.step-down.wait-time = 10s (default)
2022-11-18 13:06:13,078 [pool-2532-thread-1] INFO  server.RaftServerConfigKeys (ConfUtils.java:logGet(46)) - raft.server.sleep.deviation.threshold = 300ms (default)
2022-11-18 13:06:13,078 [pool-2532-thread-1] INFO  server.RaftServer$Division (ServerState.java:<init>(118)) - ea04acba-2572-4ce4-bec1-b0e6c6418c45@group-01392E0384F1: ConfigurationManager, init=-1: peers:[ea04acba-2572-4ce4-bec1-b0e6c6418c45|rpc:10.1.0.56:42173|priority:1|startupRole:FOLLOWER]|listeners:[], old=null, confs=<EMPTY_MAP>
2022-11-18 13:06:13,078 [pool-2532-thread-1] INFO  server.RaftServerConfigKeys (ConfUtils.java:logGet(46)) - raft.server.storage.dir = [/home/runner/work/ozone/ozone/hadoop-ozone/integration-test/target/test-dir/MiniOzoneClusterImpl-d3d67884-f8de-446f-8121-b5603e1f9142/datanode-4/data/ratis] (custom)
2022-11-18 13:06:13,078 [pool-2532-thread-1] INFO  server.RaftServerConfigKeys (ConfUtils.java:logGet(46)) - raft.server.log.corruption.policy = EXCEPTION (default)
2022-11-18 13:06:13,078 [pool-2532-thread-1] INFO  server.RaftServerConfigKeys (ConfUtils.java:logGet(46)) - raft.server.storage.free-space.min = 0MB (=0) (default)
2022-11-18 13:06:13,078 [pool-2532-thread-1] INFO  server.RaftServerConfigKeys (ConfUtils.java:logGet(46)) - raft.server.notification.no-leader.timeout = 300s (custom)
2022-11-18 13:06:13,078 [pool-2532-thread-1] INFO  server.RaftServerConfigKeys (ConfUtils.java:logGet(46)) - raft.server.retrycache.expirytime = 600000ms (custom)
2022-11-18 13:06:13,078 [pool-2532-thread-1] INFO  server.RaftServerConfigKeys (ConfUtils.java:logGet(46)) - raft.server.retrycache.statistics.expirytime = 100μs (default)
2022-11-18 13:06:13,081 [pool-2532-thread-1] INFO  server.RaftServerConfigKeys (ConfUtils.java:logGet(46)) - raft.server.log.appender.install.snapshot.enabled = false (custom)
2022-11-18 13:06:13,081 [pool-2532-thread-1] INFO  server.RaftServerConfigKeys (ConfUtils.java:logGet(46)) - raft.server.threadpool.server.cached = true (default)
2022-11-18 13:06:13,081 [pool-2532-thread-1] INFO  server.RaftServerConfigKeys (ConfUtils.java:logGet(46)) - raft.server.threadpool.server.size = 0 (default)
2022-11-18 13:06:13,081 [pool-2532-thread-1] INFO  server.RaftServerConfigKeys (ConfUtils.java:logGet(46)) - raft.server.threadpool.client.cached = true (default)
2022-11-18 13:06:13,081 [pool-2532-thread-1] INFO  server.RaftServerConfigKeys (ConfUtils.java:logGet(46)) - raft.server.threadpool.client.size = 0 (default)
2022-11-18 13:06:13,081 [pool-2532-thread-1] INFO  storage.RaftStorageDirectory (RaftStorageDirectoryImpl.java:analyzeStorage(137)) - The storage directory /home/runner/work/ozone/ozone/hadoop-ozone/integration-test/target/test-dir/MiniOzoneClusterImpl-d3d67884-f8de-446f-8121-b5603e1f9142/datanode-4/data/ratis/30eff25f-9abb-422c-a0bc-01392e0384f1 does not exist. Creating ...
2022-11-18 13:06:13,082 [pool-2532-thread-1] INFO  storage.RaftStorageDirectory (RaftStorageDirectoryImpl.java:tryLock(231)) - Lock on /home/runner/work/ozone/ozone/hadoop-ozone/integration-test/target/test-dir/MiniOzoneClusterImpl-d3d67884-f8de-446f-8121-b5603e1f9142/datanode-4/data/ratis/30eff25f-9abb-422c-a0bc-01392e0384f1/in_use.lock acquired by nodename 26296@fv-az180-400
2022-11-18 13:06:13,083 [pool-2532-thread-1] INFO  storage.RaftStorage (RaftStorageImpl.java:format(96)) - Storage directory /home/runner/work/ozone/ozone/hadoop-ozone/integration-test/target/test-dir/MiniOzoneClusterImpl-d3d67884-f8de-446f-8121-b5603e1f9142/datanode-4/data/ratis/30eff25f-9abb-422c-a0bc-01392e0384f1 has been successfully formatted.
2022-11-18 13:06:13,084 [pool-2532-thread-1] INFO  ratis.ContainerStateMachine (ContainerStateMachine.java:loadSnapshot(236)) - group-01392E0384F1: The snapshot info is null. Setting the last applied indexto:(t:0, i:~)
2022-11-18 13:06:13,084 [pool-2532-thread-1] INFO  server.RaftServerConfigKeys (ConfUtils.java:logGet(46)) - raft.server.log.use.memory = false (default)
2022-11-18 13:06:13,084 [pool-2532-thread-1] INFO  server.RaftServerConfigKeys (ConfUtils.java:logGet(46)) - raft.server.log.purge.gap = 1000000 (custom)
2022-11-18 13:06:13,084 [pool-2532-thread-1] INFO  server.RaftServerConfigKeys (ConfUtils.java:logGet(46)) - raft.server.log.appender.buffer.byte-limit = 33554432 (custom)
2022-11-18 13:06:13,084 [pool-2532-thread-1] INFO  server.RaftServerConfigKeys (ConfUtils.java:logGet(46)) - raft.server.log.statemachine.data.read.timeout = 1000ms (default)
2022-11-18 13:06:13,084 [pool-2532-thread-1] INFO  server.RaftServerConfigKeys (ConfUtils.java:logGet(46)) - raft.server.log.purge.preservation.log.num = 0 (default)
2022-11-18 13:06:13,084 [pool-2532-thread-1] INFO  server.RaftServerConfigKeys (ConfUtils.java:logGet(46)) - raft.server.log.segment.size.max = 1048576 (custom)
2022-11-18 13:06:13,084 [EventQueue-PipelineReportForPipelineReportHandler] INFO  pipeline.PipelineManagerImpl (PipelineManagerImpl.java:openPipeline(367)) - Pipeline Pipeline[ Id: 30eff25f-9abb-422c-a0bc-01392e0384f1, Nodes: ea04acba-2572-4ce4-bec1-b0e6c6418c45{ip: 10.1.0.56, host: fv-az180-400.aibneqh1mxpuhl3tnnuy2ifbce.bx.internal.cloudapp.net, ports: [REPLICATION=33487, RATIS=42173, RATIS_ADMIN=42173, RATIS_SERVER=42173, STANDALONE=45995], networkLocation: /default-rack, certSerialId: null, persistedOpState: IN_SERVICE, persistedOpStateExpiryEpochSec: 0}, ReplicationConfig: RATIS/ONE, State:ALLOCATED, leaderId:ea04acba-2572-4ce4-bec1-b0e6c6418c45, CreationTimestamp2022-11-18T13:06:10.081Z[Etc/UTC]] moved to OPEN state
2022-11-18 13:06:13,085 [EventQueue-OpenPipelineForHealthyPipelineSafeModeRule] INFO  safemode.SCMSafeModeManager (HealthyPipelineSafeModeRule.java:process(137)) - SCM in safe mode. Healthy pipelines reported count is 0, required healthy pipeline reported count is 1
2022-11-18 13:06:13,085 [pool-2532-thread-1] INFO  server.RaftServerConfigKeys (ConfUtils.java:logGet(46)) - raft.server.log.segment.cache.num.max = 2 (custom)
2022-11-18 13:06:13,085 [pool-2532-thread-1] INFO  server.RaftServerConfigKeys (ConfUtils.java:logGet(46)) - raft.server.log.segment.cache.size.max = 200MB (=209715200) (default)
2022-11-18 13:06:13,085 [pool-2532-thread-1] INFO  segmented.SegmentedRaftLogWorker (SegmentedRaftLogWorker.java:<init>(191)) - new ea04acba-2572-4ce4-bec1-b0e6c6418c45@group-01392E0384F1-SegmentedRaftLogWorker for RaftStorageImpl:Storage Directory /home/runner/work/ozone/ozone/hadoop-ozone/integration-test/target/test-dir/MiniOzoneClusterImpl-d3d67884-f8de-446f-8121-b5603e1f9142/datanode-4/data/ratis/30eff25f-9abb-422c-a0bc-01392e0384f1
2022-11-18 13:06:13,085 [pool-2532-thread-1] INFO  server.RaftServerConfigKeys (ConfUtils.java:logGet(46)) - raft.server.log.queue.byte-limit = 4294967296 (custom)
2022-11-18 13:06:13,085 [pool-2532-thread-1] INFO  server.RaftServerConfigKeys (ConfUtils.java:logGet(46)) - raft.server.log.queue.element-limit = 1024 (custom)
2022-11-18 13:06:13,086 [pool-2532-thread-1] INFO  server.RaftServerConfigKeys (ConfUtils.java:logGet(46)) - raft.server.log.segment.size.max = 1048576 (custom)
2022-11-18 13:06:13,086 [pool-2532-thread-1] INFO  server.RaftServerConfigKeys (ConfUtils.java:logGet(46)) - raft.server.log.preallocated.size = 16384 (custom)
2022-11-18 13:06:13,086 [pool-2532-thread-1] INFO  server.RaftServerConfigKeys (ConfUtils.java:logGet(46)) - raft.server.log.force.sync.num = 128 (default)
2022-11-18 13:06:13,086 [pool-2532-thread-1] INFO  server.RaftServerConfigKeys (ConfUtils.java:logGet(46)) - raft.server.log.statemachine.data.sync = true (default)
2022-11-18 13:06:13,086 [pool-2532-thread-1] INFO  server.RaftServerConfigKeys (ConfUtils.java:logGet(46)) - raft.server.log.statemachine.data.sync.timeout = 10s (default)
2022-11-18 13:06:13,086 [pool-2532-thread-1] INFO  server.RaftServerConfigKeys (ConfUtils.java:logGet(46)) - raft.server.log.statemachine.data.sync.timeout.retry = -1 (default)
2022-11-18 13:06:13,088 [pool-2532-thread-1] INFO  server.RaftServerConfigKeys (ConfUtils.java:logGet(46)) - raft.server.log.write.buffer.size = 1048576 (custom)
2022-11-18 13:06:13,089 [pool-2532-thread-1] INFO  server.RaftServerConfigKeys (ConfUtils.java:logGet(46)) - raft.server.log.unsafe-flush.enabled = false (default)
2022-11-18 13:06:13,089 [pool-2532-thread-1] INFO  server.RaftServerConfigKeys (ConfUtils.java:logGet(46)) - raft.server.log.async-flush.enabled = false (default)
2022-11-18 13:06:13,089 [pool-2532-thread-1] INFO  server.RaftServerConfigKeys (ConfUtils.java:logGet(46)) - raft.server.log.statemachine.data.caching.enabled = true (custom)
2022-11-18 13:06:13,089 [pool-2532-thread-1] INFO  segmented.SegmentedRaftLogWorker (SegmentedRaftLogWorker.java:lambda$new$0(136)) - ea04acba-2572-4ce4-bec1-b0e6c6418c45@group-01392E0384F1-SegmentedRaftLogWorker: flushIndex: setUnconditionally 0 -> -1
2022-11-18 13:06:13,089 [pool-2532-thread-1] INFO  segmented.SegmentedRaftLogWorker (SegmentedRaftLogWorker.java:lambda$new$0(136)) - ea04acba-2572-4ce4-bec1-b0e6c6418c45@group-01392E0384F1-SegmentedRaftLogWorker: safeCacheEvictIndex: setUnconditionally 0 -> -1
2022-11-18 13:06:13,089 [pool-2532-thread-1] INFO  server.RaftServer$Division (RaftServerImpl.java:start(334)) - ea04acba-2572-4ce4-bec1-b0e6c6418c45@group-01392E0384F1: start as a follower, conf=-1: peers:[ea04acba-2572-4ce4-bec1-b0e6c6418c45|rpc:10.1.0.56:42173|priority:1|startupRole:FOLLOWER]|listeners:[], old=null
2022-11-18 13:06:13,089 [pool-2532-thread-1] INFO  server.RaftServer$Division (RaftServerImpl.java:setRole(321)) - ea04acba-2572-4ce4-bec1-b0e6c6418c45@group-01392E0384F1: changes role from      null to FOLLOWER at term 0 for startAsFollower
2022-11-18 13:06:13,089 [pool-2532-thread-1] INFO  impl.RoleInfo (RoleInfo.java:updateAndGet(139)) - ea04acba-2572-4ce4-bec1-b0e6c6418c45: start ea04acba-2572-4ce4-bec1-b0e6c6418c45@group-01392E0384F1-FollowerState
2022-11-18 13:06:13,090 [pool-2532-thread-1] INFO  util.JmxRegister (JmxRegister.java:tryRegister(44)) - Successfully registered JMX Bean with object name Ratis:service=RaftServer,group=group-01392E0384F1,id=ea04acba-2572-4ce4-bec1-b0e6c6418c45
2022-11-18 13:06:13,090 [pool-2532-thread-1] INFO  server.RaftServerConfigKeys (ConfUtils.java:logGet(46)) - raft.server.snapshot.auto.trigger.enabled = true (custom)
2022-11-18 13:06:13,090 [pool-2532-thread-1] INFO  server.RaftServerConfigKeys (ConfUtils.java:logGet(46)) - raft.server.snapshot.auto.trigger.threshold = 10000 (custom)
2022-11-18 13:06:13,090 [pool-2532-thread-1] INFO  server.RaftServerConfigKeys (ConfUtils.java:logGet(46)) - raft.server.snapshot.retention.file.num = 5 (custom)
2022-11-18 13:06:13,090 [ea04acba-2572-4ce4-bec1-b0e6c6418c45@group-01392E0384F1-FollowerState] INFO  server.RaftServerConfigKeys (ConfUtils.java:logFallback(53)) - raft.server.rpc.first-election.timeout.min = 5s (fallback to raft.server.rpc.timeout.min)
2022-11-18 13:06:13,090 [ea04acba-2572-4ce4-bec1-b0e6c6418c45@group-01392E0384F1-FollowerState] INFO  server.RaftServerConfigKeys (ConfUtils.java:logFallback(53)) - raft.server.rpc.first-election.timeout.max = 5200ms (fallback to raft.server.rpc.timeout.max)
2022-11-18 13:06:13,090 [pool-2532-thread-1] INFO  server.RaftServerConfigKeys (ConfUtils.java:logGet(46)) - raft.server.log.purge.upto.snapshot.index = false (default)
2022-11-18 13:06:13,091 [Command processor thread] INFO  ratis.XceiverServerRatis (XceiverServerRatis.java:addGroup(765)) - Created group PipelineID=30eff25f-9abb-422c-a0bc-01392e0384f1
2022-11-18 13:06:13,091 [Command processor thread] INFO  commandhandler.CreatePipelineCommandHandler (CreatePipelineCommandHandler.java:handle(113)) - Created Pipeline RATIS ONE PipelineID=30eff25f-9abb-422c-a0bc-01392e0384f1.
2022-11-18 13:06:13,246 [EventQueue-OpenPipelineForHealthyPipelineSafeModeRule] INFO  safemode.SCMSafeModeManager (HealthyPipelineSafeModeRule.java:process(137)) - SCM in safe mode. Healthy pipelines reported count is 0, required healthy pipeline reported count is 1
2022-11-18 13:06:13,370 [Command processor thread] INFO  server.RaftServer (RaftServerProxy.java:addNew(96)) - 767ffbb5-8206-4017-b2eb-6858697bfab3: addNew group-F6180B8797A3:[767ffbb5-8206-4017-b2eb-6858697bfab3|rpc:10.1.0.56:39469|priority:1|startupRole:FOLLOWER] returns group-F6180B8797A3:java.util.concurrent.CompletableFuture@1ea30766[Not completed]
2022-11-18 13:06:13,371 [pool-2559-thread-1] INFO  server.RaftServer$Division (RaftServerImpl.java:<init>(195)) - 767ffbb5-8206-4017-b2eb-6858697bfab3: new RaftServerImpl for group-F6180B8797A3:[767ffbb5-8206-4017-b2eb-6858697bfab3|rpc:10.1.0.56:39469|priority:1|startupRole:FOLLOWER] with ContainerStateMachine:uninitialized
2022-11-18 13:06:13,371 [pool-2559-thread-1] INFO  server.RaftServerConfigKeys (ConfUtils.java:logGet(46)) - raft.server.rpc.timeout.min = 5s (custom)
2022-11-18 13:06:13,371 [pool-2559-thread-1] INFO  server.RaftServerConfigKeys (ConfUtils.java:logGet(46)) - raft.server.rpc.timeout.max = 5200ms (custom)
2022-11-18 13:06:13,371 [pool-2559-thread-1] INFO  server.RaftServerConfigKeys (ConfUtils.java:logGet(46)) - raft.server.rpc.sleep.time = 25ms (default)
2022-11-18 13:06:13,371 [pool-2559-thread-1] INFO  server.RaftServerConfigKeys (ConfUtils.java:logGet(46)) - raft.server.rpc.slowness.timeout = 300s (custom)
2022-11-18 13:06:13,371 [pool-2559-thread-1] INFO  server.RaftServerConfigKeys (ConfUtils.java:logGet(46)) - raft.server.leaderelection.leader.step-down.wait-time = 10s (default)
2022-11-18 13:06:13,371 [pool-2559-thread-1] INFO  server.RaftServerConfigKeys (ConfUtils.java:logGet(46)) - raft.server.sleep.deviation.threshold = 300ms (default)
2022-11-18 13:06:13,371 [pool-2559-thread-1] INFO  server.RaftServer$Division (ServerState.java:<init>(118)) - 767ffbb5-8206-4017-b2eb-6858697bfab3@group-F6180B8797A3: ConfigurationManager, init=-1: peers:[767ffbb5-8206-4017-b2eb-6858697bfab3|rpc:10.1.0.56:39469|priority:1|startupRole:FOLLOWER]|listeners:[], old=null, confs=<EMPTY_MAP>
2022-11-18 13:06:13,371 [pool-2559-thread-1] INFO  server.RaftServerConfigKeys (ConfUtils.java:logGet(46)) - raft.server.storage.dir = [/home/runner/work/ozone/ozone/hadoop-ozone/integration-test/target/test-dir/MiniOzoneClusterImpl-d3d67884-f8de-446f-8121-b5603e1f9142/datanode-5/data/ratis] (custom)
2022-11-18 13:06:13,371 [pool-2559-thread-1] INFO  server.RaftServerConfigKeys (ConfUtils.java:logGet(46)) - raft.server.log.corruption.policy = EXCEPTION (default)
2022-11-18 13:06:13,371 [pool-2559-thread-1] INFO  server.RaftServerConfigKeys (ConfUtils.java:logGet(46)) - raft.server.storage.free-space.min = 0MB (=0) (default)
2022-11-18 13:06:13,371 [pool-2559-thread-1] INFO  server.RaftServerConfigKeys (ConfUtils.java:logGet(46)) - raft.server.notification.no-leader.timeout = 300s (custom)
2022-11-18 13:06:13,371 [pool-2559-thread-1] INFO  server.RaftServerConfigKeys (ConfUtils.java:logGet(46)) - raft.server.retrycache.expirytime = 600000ms (custom)
2022-11-18 13:06:13,371 [pool-2559-thread-1] INFO  server.RaftServerConfigKeys (ConfUtils.java:logGet(46)) - raft.server.retrycache.statistics.expirytime = 100μs (default)
2022-11-18 13:06:13,374 [pool-2559-thread-1] INFO  server.RaftServerConfigKeys (ConfUtils.java:logGet(46)) - raft.server.log.appender.install.snapshot.enabled = false (custom)
2022-11-18 13:06:13,374 [pool-2559-thread-1] INFO  server.RaftServerConfigKeys (ConfUtils.java:logGet(46)) - raft.server.threadpool.server.cached = true (default)
2022-11-18 13:06:13,374 [pool-2559-thread-1] INFO  server.RaftServerConfigKeys (ConfUtils.java:logGet(46)) - raft.server.threadpool.server.size = 0 (default)
2022-11-18 13:06:13,375 [pool-2559-thread-1] INFO  server.RaftServerConfigKeys (ConfUtils.java:logGet(46)) - raft.server.threadpool.client.cached = true (default)
2022-11-18 13:06:13,375 [pool-2559-thread-1] INFO  server.RaftServerConfigKeys (ConfUtils.java:logGet(46)) - raft.server.threadpool.client.size = 0 (default)
2022-11-18 13:06:13,375 [pool-2559-thread-1] INFO  storage.RaftStorageDirectory (RaftStorageDirectoryImpl.java:analyzeStorage(137)) - The storage directory /home/runner/work/ozone/ozone/hadoop-ozone/integration-test/target/test-dir/MiniOzoneClusterImpl-d3d67884-f8de-446f-8121-b5603e1f9142/datanode-5/data/ratis/17af963b-112b-4215-82dc-f6180b8797a3 does not exist. Creating ...
2022-11-18 13:06:13,375 [pool-2559-thread-1] INFO  storage.RaftStorageDirectory (RaftStorageDirectoryImpl.java:tryLock(231)) - Lock on /home/runner/work/ozone/ozone/hadoop-ozone/integration-test/target/test-dir/MiniOzoneClusterImpl-d3d67884-f8de-446f-8121-b5603e1f9142/datanode-5/data/ratis/17af963b-112b-4215-82dc-f6180b8797a3/in_use.lock acquired by nodename 26296@fv-az180-400
2022-11-18 13:06:13,376 [pool-2559-thread-1] INFO  storage.RaftStorage (RaftStorageImpl.java:format(96)) - Storage directory /home/runner/work/ozone/ozone/hadoop-ozone/integration-test/target/test-dir/MiniOzoneClusterImpl-d3d67884-f8de-446f-8121-b5603e1f9142/datanode-5/data/ratis/17af963b-112b-4215-82dc-f6180b8797a3 has been successfully formatted.
2022-11-18 13:06:13,377 [pool-2559-thread-1] INFO  ratis.ContainerStateMachine (ContainerStateMachine.java:loadSnapshot(236)) - group-F6180B8797A3: The snapshot info is null. Setting the last applied indexto:(t:0, i:~)
2022-11-18 13:06:13,377 [pool-2559-thread-1] INFO  server.RaftServerConfigKeys (ConfUtils.java:logGet(46)) - raft.server.log.use.memory = false (default)
2022-11-18 13:06:13,377 [pool-2559-thread-1] INFO  server.RaftServerConfigKeys (ConfUtils.java:logGet(46)) - raft.server.log.purge.gap = 1000000 (custom)
2022-11-18 13:06:13,377 [pool-2559-thread-1] INFO  server.RaftServerConfigKeys (ConfUtils.java:logGet(46)) - raft.server.log.appender.buffer.byte-limit = 33554432 (custom)
2022-11-18 13:06:13,377 [pool-2559-thread-1] INFO  server.RaftServerConfigKeys (ConfUtils.java:logGet(46)) - raft.server.log.statemachine.data.read.timeout = 1000ms (default)
2022-11-18 13:06:13,377 [pool-2559-thread-1] INFO  server.RaftServerConfigKeys (ConfUtils.java:logGet(46)) - raft.server.log.purge.preservation.log.num = 0 (default)
2022-11-18 13:06:13,377 [EventQueue-PipelineReportForPipelineReportHandler] INFO  pipeline.PipelineManagerImpl (PipelineManagerImpl.java:openPipeline(367)) - Pipeline Pipeline[ Id: 17af963b-112b-4215-82dc-f6180b8797a3, Nodes: 767ffbb5-8206-4017-b2eb-6858697bfab3{ip: 10.1.0.56, host: fv-az180-400.aibneqh1mxpuhl3tnnuy2ifbce.bx.internal.cloudapp.net, ports: [REPLICATION=35389, RATIS=39469, RATIS_ADMIN=39469, RATIS_SERVER=39469, STANDALONE=41359], networkLocation: /default-rack, certSerialId: null, persistedOpState: IN_SERVICE, persistedOpStateExpiryEpochSec: 0}, ReplicationConfig: RATIS/ONE, State:ALLOCATED, leaderId:767ffbb5-8206-4017-b2eb-6858697bfab3, CreationTimestamp2022-11-18T13:06:10.371Z[Etc/UTC]] moved to OPEN state
2022-11-18 13:06:13,378 [pool-2559-thread-1] INFO  server.RaftServerConfigKeys (ConfUtils.java:logGet(46)) - raft.server.log.segment.size.max = 1048576 (custom)
2022-11-18 13:06:13,378 [EventQueue-OpenPipelineForHealthyPipelineSafeModeRule] INFO  safemode.SCMSafeModeManager (HealthyPipelineSafeModeRule.java:process(137)) - SCM in safe mode. Healthy pipelines reported count is 0, required healthy pipeline reported count is 1
2022-11-18 13:06:13,379 [pool-2559-thread-1] INFO  server.RaftServerConfigKeys (ConfUtils.java:logGet(46)) - raft.server.log.segment.cache.num.max = 2 (custom)
2022-11-18 13:06:13,379 [pool-2559-thread-1] INFO  server.RaftServerConfigKeys (ConfUtils.java:logGet(46)) - raft.server.log.segment.cache.size.max = 200MB (=209715200) (default)
2022-11-18 13:06:13,379 [pool-2559-thread-1] INFO  segmented.SegmentedRaftLogWorker (SegmentedRaftLogWorker.java:<init>(191)) - new 767ffbb5-8206-4017-b2eb-6858697bfab3@group-F6180B8797A3-SegmentedRaftLogWorker for RaftStorageImpl:Storage Directory /home/runner/work/ozone/ozone/hadoop-ozone/integration-test/target/test-dir/MiniOzoneClusterImpl-d3d67884-f8de-446f-8121-b5603e1f9142/datanode-5/data/ratis/17af963b-112b-4215-82dc-f6180b8797a3
2022-11-18 13:06:13,379 [pool-2559-thread-1] INFO  server.RaftServerConfigKeys (ConfUtils.java:logGet(46)) - raft.server.log.queue.byte-limit = 4294967296 (custom)
2022-11-18 13:06:13,379 [pool-2559-thread-1] INFO  server.RaftServerConfigKeys (ConfUtils.java:logGet(46)) - raft.server.log.queue.element-limit = 1024 (custom)
2022-11-18 13:06:13,379 [pool-2559-thread-1] INFO  server.RaftServerConfigKeys (ConfUtils.java:logGet(46)) - raft.server.log.segment.size.max = 1048576 (custom)
2022-11-18 13:06:13,379 [pool-2559-thread-1] INFO  server.RaftServerConfigKeys (ConfUtils.java:logGet(46)) - raft.server.log.preallocated.size = 16384 (custom)
2022-11-18 13:06:13,379 [pool-2559-thread-1] INFO  server.RaftServerConfigKeys (ConfUtils.java:logGet(46)) - raft.server.log.force.sync.num = 128 (default)
2022-11-18 13:06:13,379 [pool-2559-thread-1] INFO  server.RaftServerConfigKeys (ConfUtils.java:logGet(46)) - raft.server.log.statemachine.data.sync = true (default)
2022-11-18 13:06:13,379 [pool-2559-thread-1] INFO  server.RaftServerConfigKeys (ConfUtils.java:logGet(46)) - raft.server.log.statemachine.data.sync.timeout = 10s (default)
2022-11-18 13:06:13,379 [pool-2559-thread-1] INFO  server.RaftServerConfigKeys (ConfUtils.java:logGet(46)) - raft.server.log.statemachine.data.sync.timeout.retry = -1 (default)
2022-11-18 13:06:13,382 [pool-2559-thread-1] INFO  server.RaftServerConfigKeys (ConfUtils.java:logGet(46)) - raft.server.log.write.buffer.size = 1048576 (custom)
2022-11-18 13:06:13,383 [pool-2559-thread-1] INFO  server.RaftServerConfigKeys (ConfUtils.java:logGet(46)) - raft.server.log.unsafe-flush.enabled = false (default)
2022-11-18 13:06:13,383 [pool-2559-thread-1] INFO  server.RaftServerConfigKeys (ConfUtils.java:logGet(46)) - raft.server.log.async-flush.enabled = false (default)
2022-11-18 13:06:13,383 [pool-2559-thread-1] INFO  server.RaftServerConfigKeys (ConfUtils.java:logGet(46)) - raft.server.log.statemachine.data.caching.enabled = true (custom)
2022-11-18 13:06:13,384 [pool-2559-thread-1] INFO  segmented.SegmentedRaftLogWorker (SegmentedRaftLogWorker.java:lambda$new$0(136)) - 767ffbb5-8206-4017-b2eb-6858697bfab3@group-F6180B8797A3-SegmentedRaftLogWorker: flushIndex: setUnconditionally 0 -> -1
2022-11-18 13:06:13,384 [pool-2559-thread-1] INFO  segmented.SegmentedRaftLogWorker (SegmentedRaftLogWorker.java:lambda$new$0(136)) - 767ffbb5-8206-4017-b2eb-6858697bfab3@group-F6180B8797A3-SegmentedRaftLogWorker: safeCacheEvictIndex: setUnconditionally 0 -> -1
2022-11-18 13:06:13,384 [pool-2559-thread-1] INFO  server.RaftServer$Division (RaftServerImpl.java:start(334)) - 767ffbb5-8206-4017-b2eb-6858697bfab3@group-F6180B8797A3: start as a follower, conf=-1: peers:[767ffbb5-8206-4017-b2eb-6858697bfab3|rpc:10.1.0.56:39469|priority:1|startupRole:FOLLOWER]|listeners:[], old=null
2022-11-18 13:06:13,384 [pool-2559-thread-1] INFO  server.RaftServer$Division (RaftServerImpl.java:setRole(321)) - 767ffbb5-8206-4017-b2eb-6858697bfab3@group-F6180B8797A3: changes role from      null to FOLLOWER at term 0 for startAsFollower
2022-11-18 13:06:13,384 [pool-2559-thread-1] INFO  impl.RoleInfo (RoleInfo.java:updateAndGet(139)) - 767ffbb5-8206-4017-b2eb-6858697bfab3: start 767ffbb5-8206-4017-b2eb-6858697bfab3@group-F6180B8797A3-FollowerState
2022-11-18 13:06:13,389 [pool-2559-thread-1] INFO  util.JmxRegister (JmxRegister.java:tryRegister(44)) - Successfully registered JMX Bean with object name Ratis:service=RaftServer,group=group-F6180B8797A3,id=767ffbb5-8206-4017-b2eb-6858697bfab3
2022-11-18 13:06:13,389 [pool-2559-thread-1] INFO  server.RaftServerConfigKeys (ConfUtils.java:logGet(46)) - raft.server.snapshot.auto.trigger.enabled = true (custom)
2022-11-18 13:06:13,389 [pool-2559-thread-1] INFO  server.RaftServerConfigKeys (ConfUtils.java:logGet(46)) - raft.server.snapshot.auto.trigger.threshold = 10000 (custom)
2022-11-18 13:06:13,389 [pool-2559-thread-1] INFO  server.RaftServerConfigKeys (ConfUtils.java:logGet(46)) - raft.server.snapshot.retention.file.num = 5 (custom)
2022-11-18 13:06:13,389 [pool-2559-thread-1] INFO  server.RaftServerConfigKeys (ConfUtils.java:logGet(46)) - raft.server.log.purge.upto.snapshot.index = false (default)
2022-11-18 13:06:13,390 [767ffbb5-8206-4017-b2eb-6858697bfab3@group-F6180B8797A3-FollowerState] INFO  server.RaftServerConfigKeys (ConfUtils.java:logFallback(53)) - raft.server.rpc.first-election.timeout.min = 5s (fallback to raft.server.rpc.timeout.min)
2022-11-18 13:06:13,390 [767ffbb5-8206-4017-b2eb-6858697bfab3@group-F6180B8797A3-FollowerState] INFO  server.RaftServerConfigKeys (ConfUtils.java:logFallback(53)) - raft.server.rpc.first-election.timeout.max = 5200ms (fallback to raft.server.rpc.timeout.max)
2022-11-18 13:06:13,391 [Command processor thread] INFO  ratis.XceiverServerRatis (XceiverServerRatis.java:addGroup(765)) - Created group PipelineID=17af963b-112b-4215-82dc-f6180b8797a3
2022-11-18 13:06:13,391 [Command processor thread] INFO  commandhandler.CreatePipelineCommandHandler (CreatePipelineCommandHandler.java:handle(113)) - Created Pipeline RATIS ONE PipelineID=17af963b-112b-4215-82dc-f6180b8797a3.
2022-11-18 13:06:13,488 [Under Replicated Processor] INFO  replication.UnderReplicatedProcessor (UnderReplicatedProcessor.java:processAll(92)) - Processed 0 under replicated containers, failed processing 0
2022-11-18 13:06:13,488 [Over Replicated Processor] INFO  replication.OverReplicatedProcessor (OverReplicatedProcessor.java:processAll(90)) - Processed 0 over replicated containers, failed processing 0
2022-11-18 13:06:13,490 [ReplicationMonitor] INFO  replication.ReplicationManager (ReplicationManager.java:processAll(352)) - Replication Monitor Thread took 0 milliseconds for processing 0 containers.
2022-11-18 13:06:13,567 [EventQueue-OpenPipelineForHealthyPipelineSafeModeRule] INFO  safemode.SCMSafeModeManager (HealthyPipelineSafeModeRule.java:process(137)) - SCM in safe mode. Healthy pipelines reported count is 0, required healthy pipeline reported count is 1
2022-11-18 13:06:13,571 [EventQueue-OpenPipelineForHealthyPipelineSafeModeRule] INFO  safemode.SCMSafeModeManager (HealthyPipelineSafeModeRule.java:process(137)) - SCM in safe mode. Healthy pipelines reported count is 0, required healthy pipeline reported count is 1
2022-11-18 13:06:13,700 [Listener at 127.0.0.1/39657] INFO  ozone.MiniOzoneClusterImpl (MiniOzoneClusterImpl.java:lambda$waitForClusterToBeReady$0(216)) - Nodes are ready. Got 7 of 7 DN Heartbeats.
2022-11-18 13:06:13,700 [Listener at 127.0.0.1/39657] INFO  ozone.MiniOzoneClusterImpl (MiniOzoneClusterImpl.java:lambda$waitForClusterToBeReady$0(219)) - Waiting for cluster to exit safe mode
2022-11-18 13:06:13,700 [Listener at 127.0.0.1/39657] INFO  ozone.MiniOzoneClusterImpl (MiniOzoneClusterImpl.java:lambda$waitForClusterToBeReady$0(221)) - SCM became leader
2022-11-18 13:06:13,704 [Command processor thread] INFO  server.RaftServer (RaftServerProxy.java:addNew(96)) - 4a771e97-762c-4a8a-bccd-860d81b1b0e2: addNew group-467E5D1A0786:[4a771e97-762c-4a8a-bccd-860d81b1b0e2|rpc:10.1.0.56:45203|priority:1|startupRole:FOLLOWER] returns group-467E5D1A0786:java.util.concurrent.CompletableFuture@7418a973[Not completed]
2022-11-18 13:06:13,705 [pool-2586-thread-1] INFO  server.RaftServer$Division (RaftServerImpl.java:<init>(195)) - 4a771e97-762c-4a8a-bccd-860d81b1b0e2: new RaftServerImpl for group-467E5D1A0786:[4a771e97-762c-4a8a-bccd-860d81b1b0e2|rpc:10.1.0.56:45203|priority:1|startupRole:FOLLOWER] with ContainerStateMachine:uninitialized
2022-11-18 13:06:13,705 [pool-2586-thread-1] INFO  server.RaftServerConfigKeys (ConfUtils.java:logGet(46)) - raft.server.rpc.timeout.min = 5s (custom)
2022-11-18 13:06:13,705 [pool-2586-thread-1] INFO  server.RaftServerConfigKeys (ConfUtils.java:logGet(46)) - raft.server.rpc.timeout.max = 5200ms (custom)
2022-11-18 13:06:13,705 [pool-2586-thread-1] INFO  server.RaftServerConfigKeys (ConfUtils.java:logGet(46)) - raft.server.rpc.sleep.time = 25ms (default)
2022-11-18 13:06:13,705 [pool-2586-thread-1] INFO  server.RaftServerConfigKeys (ConfUtils.java:logGet(46)) - raft.server.rpc.slowness.timeout = 300s (custom)
2022-11-18 13:06:13,705 [pool-2586-thread-1] INFO  server.RaftServerConfigKeys (ConfUtils.java:logGet(46)) - raft.server.leaderelection.leader.step-down.wait-time = 10s (default)
2022-11-18 13:06:13,705 [pool-2586-thread-1] INFO  server.RaftServerConfigKeys (ConfUtils.java:logGet(46)) - raft.server.sleep.deviation.threshold = 300ms (default)
2022-11-18 13:06:13,706 [pool-2586-thread-1] INFO  server.RaftServer$Division (ServerState.java:<init>(118)) - 4a771e97-762c-4a8a-bccd-860d81b1b0e2@group-467E5D1A0786: ConfigurationManager, init=-1: peers:[4a771e97-762c-4a8a-bccd-860d81b1b0e2|rpc:10.1.0.56:45203|priority:1|startupRole:FOLLOWER]|listeners:[], old=null, confs=<EMPTY_MAP>
2022-11-18 13:06:13,706 [pool-2586-thread-1] INFO  server.RaftServerConfigKeys (ConfUtils.java:logGet(46)) - raft.server.storage.dir = [/home/runner/work/ozone/ozone/hadoop-ozone/integration-test/target/test-dir/MiniOzoneClusterImpl-d3d67884-f8de-446f-8121-b5603e1f9142/datanode-6/data/ratis] (custom)
2022-11-18 13:06:13,706 [pool-2586-thread-1] INFO  server.RaftServerConfigKeys (ConfUtils.java:logGet(46)) - raft.server.log.corruption.policy = EXCEPTION (default)
2022-11-18 13:06:13,706 [pool-2586-thread-1] INFO  server.RaftServerConfigKeys (ConfUtils.java:logGet(46)) - raft.server.storage.free-space.min = 0MB (=0) (default)
2022-11-18 13:06:13,706 [pool-2586-thread-1] INFO  server.RaftServerConfigKeys (ConfUtils.java:logGet(46)) - raft.server.notification.no-leader.timeout = 300s (custom)
2022-11-18 13:06:13,706 [pool-2586-thread-1] INFO  server.RaftServerConfigKeys (ConfUtils.java:logGet(46)) - raft.server.retrycache.expirytime = 600000ms (custom)
2022-11-18 13:06:13,706 [pool-2586-thread-1] INFO  server.RaftServerConfigKeys (ConfUtils.java:logGet(46)) - raft.server.retrycache.statistics.expirytime = 100μs (default)
2022-11-18 13:06:13,709 [pool-2586-thread-1] INFO  server.RaftServerConfigKeys (ConfUtils.java:logGet(46)) - raft.server.log.appender.install.snapshot.enabled = false (custom)
2022-11-18 13:06:13,709 [pool-2586-thread-1] INFO  server.RaftServerConfigKeys (ConfUtils.java:logGet(46)) - raft.server.threadpool.server.cached = true (default)
2022-11-18 13:06:13,709 [pool-2586-thread-1] INFO  server.RaftServerConfigKeys (ConfUtils.java:logGet(46)) - raft.server.threadpool.server.size = 0 (default)
2022-11-18 13:06:13,709 [pool-2586-thread-1] INFO  server.RaftServerConfigKeys (ConfUtils.java:logGet(46)) - raft.server.threadpool.client.cached = true (default)
2022-11-18 13:06:13,709 [pool-2586-thread-1] INFO  server.RaftServerConfigKeys (ConfUtils.java:logGet(46)) - raft.server.threadpool.client.size = 0 (default)
2022-11-18 13:06:13,709 [pool-2586-thread-1] INFO  storage.RaftStorageDirectory (RaftStorageDirectoryImpl.java:analyzeStorage(137)) - The storage directory /home/runner/work/ozone/ozone/hadoop-ozone/integration-test/target/test-dir/MiniOzoneClusterImpl-d3d67884-f8de-446f-8121-b5603e1f9142/datanode-6/data/ratis/a3b8b967-5e29-4958-9c54-467e5d1a0786 does not exist. Creating ...
2022-11-18 13:06:13,711 [pool-2586-thread-1] INFO  storage.RaftStorageDirectory (RaftStorageDirectoryImpl.java:tryLock(231)) - Lock on /home/runner/work/ozone/ozone/hadoop-ozone/integration-test/target/test-dir/MiniOzoneClusterImpl-d3d67884-f8de-446f-8121-b5603e1f9142/datanode-6/data/ratis/a3b8b967-5e29-4958-9c54-467e5d1a0786/in_use.lock acquired by nodename 26296@fv-az180-400
2022-11-18 13:06:13,712 [pool-2586-thread-1] INFO  storage.RaftStorage (RaftStorageImpl.java:format(96)) - Storage directory /home/runner/work/ozone/ozone/hadoop-ozone/integration-test/target/test-dir/MiniOzoneClusterImpl-d3d67884-f8de-446f-8121-b5603e1f9142/datanode-6/data/ratis/a3b8b967-5e29-4958-9c54-467e5d1a0786 has been successfully formatted.
2022-11-18 13:06:13,712 [pool-2586-thread-1] INFO  ratis.ContainerStateMachine (ContainerStateMachine.java:loadSnapshot(236)) - group-467E5D1A0786: The snapshot info is null. Setting the last applied indexto:(t:0, i:~)
2022-11-18 13:06:13,712 [pool-2586-thread-1] INFO  server.RaftServerConfigKeys (ConfUtils.java:logGet(46)) - raft.server.log.use.memory = false (default)
2022-11-18 13:06:13,712 [pool-2586-thread-1] INFO  server.RaftServerConfigKeys (ConfUtils.java:logGet(46)) - raft.server.log.purge.gap = 1000000 (custom)
2022-11-18 13:06:13,712 [pool-2586-thread-1] INFO  server.RaftServerConfigKeys (ConfUtils.java:logGet(46)) - raft.server.log.appender.buffer.byte-limit = 33554432 (custom)
2022-11-18 13:06:13,712 [EventQueue-PipelineReportForPipelineReportHandler] INFO  pipeline.PipelineManagerImpl (PipelineManagerImpl.java:openPipeline(367)) - Pipeline Pipeline[ Id: a3b8b967-5e29-4958-9c54-467e5d1a0786, Nodes: 4a771e97-762c-4a8a-bccd-860d81b1b0e2{ip: 10.1.0.56, host: fv-az180-400.aibneqh1mxpuhl3tnnuy2ifbce.bx.internal.cloudapp.net, ports: [REPLICATION=45295, RATIS=45203, RATIS_ADMIN=45203, RATIS_SERVER=45203, STANDALONE=41779], networkLocation: /default-rack, certSerialId: null, persistedOpState: IN_SERVICE, persistedOpStateExpiryEpochSec: 0}, ReplicationConfig: RATIS/ONE, State:ALLOCATED, leaderId:4a771e97-762c-4a8a-bccd-860d81b1b0e2, CreationTimestamp2022-11-18T13:06:10.705Z[Etc/UTC]] moved to OPEN state
2022-11-18 13:06:13,713 [EventQueue-OpenPipelineForHealthyPipelineSafeModeRule] INFO  safemode.SCMSafeModeManager (HealthyPipelineSafeModeRule.java:process(137)) - SCM in safe mode. Healthy pipelines reported count is 0, required healthy pipeline reported count is 1
2022-11-18 13:06:13,713 [pool-2586-thread-1] INFO  server.RaftServerConfigKeys (ConfUtils.java:logGet(46)) - raft.server.log.statemachine.data.read.timeout = 1000ms (default)
2022-11-18 13:06:13,713 [pool-2586-thread-1] INFO  server.RaftServerConfigKeys (ConfUtils.java:logGet(46)) - raft.server.log.purge.preservation.log.num = 0 (default)
2022-11-18 13:06:13,713 [pool-2586-thread-1] INFO  server.RaftServerConfigKeys (ConfUtils.java:logGet(46)) - raft.server.log.segment.size.max = 1048576 (custom)
2022-11-18 13:06:13,714 [pool-2586-thread-1] INFO  server.RaftServerConfigKeys (ConfUtils.java:logGet(46)) - raft.server.log.segment.cache.num.max = 2 (custom)
2022-11-18 13:06:13,714 [pool-2586-thread-1] INFO  server.RaftServerConfigKeys (ConfUtils.java:logGet(46)) - raft.server.log.segment.cache.size.max = 200MB (=209715200) (default)
2022-11-18 13:06:13,714 [pool-2586-thread-1] INFO  segmented.SegmentedRaftLogWorker (SegmentedRaftLogWorker.java:<init>(191)) - new 4a771e97-762c-4a8a-bccd-860d81b1b0e2@group-467E5D1A0786-SegmentedRaftLogWorker for RaftStorageImpl:Storage Directory /home/runner/work/ozone/ozone/hadoop-ozone/integration-test/target/test-dir/MiniOzoneClusterImpl-d3d67884-f8de-446f-8121-b5603e1f9142/datanode-6/data/ratis/a3b8b967-5e29-4958-9c54-467e5d1a0786
2022-11-18 13:06:13,714 [pool-2586-thread-1] INFO  server.RaftServerConfigKeys (ConfUtils.java:logGet(46)) - raft.server.log.queue.byte-limit = 4294967296 (custom)
2022-11-18 13:06:13,714 [pool-2586-thread-1] INFO  server.RaftServerConfigKeys (ConfUtils.java:logGet(46)) - raft.server.log.queue.element-limit = 1024 (custom)
2022-11-18 13:06:13,714 [pool-2586-thread-1] INFO  server.RaftServerConfigKeys (ConfUtils.java:logGet(46)) - raft.server.log.segment.size.max = 1048576 (custom)
2022-11-18 13:06:13,714 [pool-2586-thread-1] INFO  server.RaftServerConfigKeys (ConfUtils.java:logGet(46)) - raft.server.log.preallocated.size = 16384 (custom)
2022-11-18 13:06:13,714 [pool-2586-thread-1] INFO  server.RaftServerConfigKeys (ConfUtils.java:logGet(46)) - raft.server.log.force.sync.num = 128 (default)
2022-11-18 13:06:13,714 [pool-2586-thread-1] INFO  server.RaftServerConfigKeys (ConfUtils.java:logGet(46)) - raft.server.log.statemachine.data.sync = true (default)
2022-11-18 13:06:13,714 [pool-2586-thread-1] INFO  server.RaftServerConfigKeys (ConfUtils.java:logGet(46)) - raft.server.log.statemachine.data.sync.timeout = 10s (default)
2022-11-18 13:06:13,714 [pool-2586-thread-1] INFO  server.RaftServerConfigKeys (ConfUtils.java:logGet(46)) - raft.server.log.statemachine.data.sync.timeout.retry = -1 (default)
2022-11-18 13:06:13,717 [pool-2586-thread-1] INFO  server.RaftServerConfigKeys (ConfUtils.java:logGet(46)) - raft.server.log.write.buffer.size = 1048576 (custom)
2022-11-18 13:06:13,717 [pool-2586-thread-1] INFO  server.RaftServerConfigKeys (ConfUtils.java:logGet(46)) - raft.server.log.unsafe-flush.enabled = false (default)
2022-11-18 13:06:13,717 [pool-2586-thread-1] INFO  server.RaftServerConfigKeys (ConfUtils.java:logGet(46)) - raft.server.log.async-flush.enabled = false (default)
2022-11-18 13:06:13,717 [pool-2586-thread-1] INFO  server.RaftServerConfigKeys (ConfUtils.java:logGet(46)) - raft.server.log.statemachine.data.caching.enabled = true (custom)
2022-11-18 13:06:13,718 [pool-2586-thread-1] INFO  segmented.SegmentedRaftLogWorker (SegmentedRaftLogWorker.java:lambda$new$0(136)) - 4a771e97-762c-4a8a-bccd-860d81b1b0e2@group-467E5D1A0786-SegmentedRaftLogWorker: flushIndex: setUnconditionally 0 -> -1
2022-11-18 13:06:13,718 [pool-2586-thread-1] INFO  segmented.SegmentedRaftLogWorker (SegmentedRaftLogWorker.java:lambda$new$0(136)) - 4a771e97-762c-4a8a-bccd-860d81b1b0e2@group-467E5D1A0786-SegmentedRaftLogWorker: safeCacheEvictIndex: setUnconditionally 0 -> -1
2022-11-18 13:06:13,718 [pool-2586-thread-1] INFO  server.RaftServer$Division (RaftServerImpl.java:start(334)) - 4a771e97-762c-4a8a-bccd-860d81b1b0e2@group-467E5D1A0786: start as a follower, conf=-1: peers:[4a771e97-762c-4a8a-bccd-860d81b1b0e2|rpc:10.1.0.56:45203|priority:1|startupRole:FOLLOWER]|listeners:[], old=null
2022-11-18 13:06:13,718 [pool-2586-thread-1] INFO  server.RaftServer$Division (RaftServerImpl.java:setRole(321)) - 4a771e97-762c-4a8a-bccd-860d81b1b0e2@group-467E5D1A0786: changes role from      null to FOLLOWER at term 0 for startAsFollower
2022-11-18 13:06:13,718 [pool-2586-thread-1] INFO  impl.RoleInfo (RoleInfo.java:updateAndGet(139)) - 4a771e97-762c-4a8a-bccd-860d81b1b0e2: start 4a771e97-762c-4a8a-bccd-860d81b1b0e2@group-467E5D1A0786-FollowerState
2022-11-18 13:06:13,718 [pool-2586-thread-1] INFO  util.JmxRegister (JmxRegister.java:tryRegister(44)) - Successfully registered JMX Bean with object name Ratis:service=RaftServer,group=group-467E5D1A0786,id=4a771e97-762c-4a8a-bccd-860d81b1b0e2
2022-11-18 13:06:13,718 [pool-2586-thread-1] INFO  server.RaftServerConfigKeys (ConfUtils.java:logGet(46)) - raft.server.snapshot.auto.trigger.enabled = true (custom)
2022-11-18 13:06:13,718 [pool-2586-thread-1] INFO  server.RaftServerConfigKeys (ConfUtils.java:logGet(46)) - raft.server.snapshot.auto.trigger.threshold = 10000 (custom)
2022-11-18 13:06:13,718 [pool-2586-thread-1] INFO  server.RaftServerConfigKeys (ConfUtils.java:logGet(46)) - raft.server.snapshot.retention.file.num = 5 (custom)
2022-11-18 13:06:13,718 [pool-2586-thread-1] INFO  server.RaftServerConfigKeys (ConfUtils.java:logGet(46)) - raft.server.log.purge.upto.snapshot.index = false (default)
2022-11-18 13:06:13,719 [4a771e97-762c-4a8a-bccd-860d81b1b0e2@group-467E5D1A0786-FollowerState] INFO  server.RaftServerConfigKeys (ConfUtils.java:logFallback(53)) - raft.server.rpc.first-election.timeout.min = 5s (fallback to raft.server.rpc.timeout.min)
2022-11-18 13:06:13,719 [Command processor thread] INFO  ratis.XceiverServerRatis (XceiverServerRatis.java:addGroup(765)) - Created group PipelineID=a3b8b967-5e29-4958-9c54-467e5d1a0786
2022-11-18 13:06:13,719 [4a771e97-762c-4a8a-bccd-860d81b1b0e2@group-467E5D1A0786-FollowerState] INFO  server.RaftServerConfigKeys (ConfUtils.java:logFallback(53)) - raft.server.rpc.first-election.timeout.max = 5200ms (fallback to raft.server.rpc.timeout.max)
2022-11-18 13:06:13,719 [Command processor thread] INFO  commandhandler.CreatePipelineCommandHandler (CreatePipelineCommandHandler.java:handle(113)) - Created Pipeline RATIS ONE PipelineID=a3b8b967-5e29-4958-9c54-467e5d1a0786.
2022-11-18 13:06:13,838 [ReplicationMonitor] INFO  replication.ReplicationManager (ReplicationManager.java:processAll(319)) - Replication Manager is not ready to run until 3000ms after safemode exit
2022-11-18 13:06:13,901 [Under Replicated Processor] INFO  replication.UnderReplicatedProcessor (UnderReplicatedProcessor.java:processAll(92)) - Processed 0 under replicated containers, failed processing 0
2022-11-18 13:06:13,905 [DatanodeAdminManager-0] INFO  node.DatanodeAdminMonitorImpl (DatanodeAdminMonitorImpl.java:run(169)) - There are 1 nodes tracked for decommission and maintenance.  0 pending nodes.
2022-11-18 13:06:13,912 [Over Replicated Processor] INFO  replication.OverReplicatedProcessor (OverReplicatedProcessor.java:processAll(90)) - Processed 0 over replicated containers, failed processing 0
2022-11-18 13:06:13,918 [ReplicationMonitor] INFO  replication.ReplicationManager (ReplicationManager.java:processAll(352)) - Replication Monitor Thread took 0 milliseconds for processing 6 containers.
2022-11-18 13:06:14,084 [EventQueue-OpenPipelineForHealthyPipelineSafeModeRule] INFO  safemode.SCMSafeModeManager (HealthyPipelineSafeModeRule.java:process(137)) - SCM in safe mode. Healthy pipelines reported count is 0, required healthy pipeline reported count is 1
2022-11-18 13:06:14,246 [EventQueue-OpenPipelineForHealthyPipelineSafeModeRule] INFO  safemode.SCMSafeModeManager (HealthyPipelineSafeModeRule.java:process(137)) - SCM in safe mode. Healthy pipelines reported count is 0, required healthy pipeline reported count is 1
2022-11-18 13:06:14,378 [EventQueue-OpenPipelineForHealthyPipelineSafeModeRule] INFO  safemode.SCMSafeModeManager (HealthyPipelineSafeModeRule.java:process(137)) - SCM in safe mode. Healthy pipelines reported count is 0, required healthy pipeline reported count is 1
2022-11-18 13:06:14,488 [Under Replicated Processor] INFO  replication.UnderReplicatedProcessor (UnderReplicatedProcessor.java:processAll(92)) - Processed 0 under replicated containers, failed processing 0
2022-11-18 13:06:14,489 [Over Replicated Processor] INFO  replication.OverReplicatedProcessor (OverReplicatedProcessor.java:processAll(90)) - Processed 0 over replicated containers, failed processing 0
2022-11-18 13:06:14,490 [ReplicationMonitor] INFO  replication.ReplicationManager (ReplicationManager.java:processAll(352)) - Replication Monitor Thread took 0 milliseconds for processing 0 containers.
2022-11-18 13:06:14,700 [Listener at 127.0.0.1/39657] INFO  ozone.MiniOzoneClusterImpl (MiniOzoneClusterImpl.java:lambda$waitForClusterToBeReady$0(216)) - Nodes are ready. Got 7 of 7 DN Heartbeats.
2022-11-18 13:06:14,700 [Listener at 127.0.0.1/39657] INFO  ozone.MiniOzoneClusterImpl (MiniOzoneClusterImpl.java:lambda$waitForClusterToBeReady$0(219)) - Waiting for cluster to exit safe mode
2022-11-18 13:06:14,700 [Listener at 127.0.0.1/39657] INFO  ozone.MiniOzoneClusterImpl (MiniOzoneClusterImpl.java:lambda$waitForClusterToBeReady$0(221)) - SCM became leader
2022-11-18 13:06:14,838 [ReplicationMonitor] INFO  replication.ReplicationManager (ReplicationManager.java:processAll(319)) - Replication Manager is not ready to run until 3000ms after safemode exit
2022-11-18 13:06:14,901 [Under Replicated Processor] INFO  replication.UnderReplicatedProcessor (UnderReplicatedProcessor.java:processAll(92)) - Processed 0 under replicated containers, failed processing 0
2022-11-18 13:06:14,905 [DatanodeAdminManager-0] INFO  node.DatanodeAdminMonitorImpl (DatanodeAdminMonitorImpl.java:run(169)) - There are 1 nodes tracked for decommission and maintenance.  0 pending nodes.
2022-11-18 13:06:14,912 [Over Replicated Processor] INFO  replication.OverReplicatedProcessor (OverReplicatedProcessor.java:processAll(90)) - Processed 0 over replicated containers, failed processing 0
2022-11-18 13:06:14,918 [ReplicationMonitor] INFO  replication.ReplicationManager (ReplicationManager.java:processAll(352)) - Replication Monitor Thread took 0 milliseconds for processing 6 containers.
2022-11-18 13:06:15,074 [EventQueue-OpenPipelineForHealthyPipelineSafeModeRule] INFO  safemode.SCMSafeModeManager (HealthyPipelineSafeModeRule.java:process(137)) - SCM in safe mode. Healthy pipelines reported count is 0, required healthy pipeline reported count is 1
2022-11-18 13:06:15,246 [EventQueue-OpenPipelineForHealthyPipelineSafeModeRule] INFO  safemode.SCMSafeModeManager (HealthyPipelineSafeModeRule.java:process(137)) - SCM in safe mode. Healthy pipelines reported count is 0, required healthy pipeline reported count is 1
2022-11-18 13:06:15,378 [EventQueue-OpenPipelineForHealthyPipelineSafeModeRule] INFO  safemode.SCMSafeModeManager (HealthyPipelineSafeModeRule.java:process(137)) - SCM in safe mode. Healthy pipelines reported count is 0, required healthy pipeline reported count is 1
2022-11-18 13:06:15,489 [Under Replicated Processor] INFO  replication.UnderReplicatedProcessor (UnderReplicatedProcessor.java:processAll(92)) - Processed 0 under replicated containers, failed processing 0
2022-11-18 13:06:15,489 [Over Replicated Processor] INFO  replication.OverReplicatedProcessor (OverReplicatedProcessor.java:processAll(90)) - Processed 0 over replicated containers, failed processing 0
2022-11-18 13:06:15,490 [ReplicationMonitor] INFO  replication.ReplicationManager (ReplicationManager.java:processAll(352)) - Replication Monitor Thread took 0 milliseconds for processing 0 containers.
2022-11-18 13:06:15,568 [EventQueue-OpenPipelineForHealthyPipelineSafeModeRule] INFO  safemode.SCMSafeModeManager (HealthyPipelineSafeModeRule.java:process(137)) - SCM in safe mode. Healthy pipelines reported count is 0, required healthy pipeline reported count is 1
2022-11-18 13:06:15,572 [EventQueue-OpenPipelineForHealthyPipelineSafeModeRule] INFO  safemode.SCMSafeModeManager (HealthyPipelineSafeModeRule.java:process(137)) - SCM in safe mode. Healthy pipelines reported count is 0, required healthy pipeline reported count is 1
2022-11-18 13:06:15,610 [EventQueue-DeadNodeForDeadNodeHandler] INFO  node.DeadNodeHandler (DeadNodeHandler.java:onMessage(81)) - A dead datanode is detected. cb27b585-024b-4029-854c-b46b41cc55c7{ip: 10.1.0.56, host: fv-az180-400.aibneqh1mxpuhl3tnnuy2ifbce.bx.internal.cloudapp.net, ports: [REPLICATION=34641, RATIS=45595, RATIS_ADMIN=45595, RATIS_SERVER=45595, STANDALONE=37703], networkLocation: /default-rack, certSerialId: null, persistedOpState: IN_MAINTENANCE, persistedOpStateExpiryEpochSec: 0}
2022-11-18 13:06:15,610 [EventQueue-DeadNodeForDeadNodeHandler] INFO  net.NetworkTopologyImpl (NetworkTopologyImpl.java:remove(190)) - Removed a node: /default-rack/cb27b585-024b-4029-854c-b46b41cc55c7
2022-11-18 13:06:15,659 [Listener at 0.0.0.0/45267] INFO  ozone.MiniOzoneClusterImpl (MiniOzoneClusterImpl.java:restartStorageContainerManager(349)) - Restarting SCM in cluster class org.apache.hadoop.ozone.MiniOzoneClusterImpl
2022-11-18 13:06:15,659 [Listener at 0.0.0.0/45267] INFO  server.StorageContainerManager (StorageContainerManager.java:stop(1566)) - Container Balancer is not running.
2022-11-18 13:06:15,659 [Listener at 0.0.0.0/45267] INFO  server.StorageContainerManager (StorageContainerManager.java:stop(1573)) - Stopping Replication Manager Service.
2022-11-18 13:06:15,659 [Listener at 0.0.0.0/45267] INFO  replication.ReplicationManager (ReplicationManager.java:stop(285)) - Stopping Replication Monitor Thread.
2022-11-18 13:06:15,659 [Listener at 0.0.0.0/45267] INFO  server.StorageContainerManager (StorageContainerManager.java:stop(1580)) - Stopping the Datanode Admin Monitor.
2022-11-18 13:06:15,660 [Listener at 0.0.0.0/45267] INFO  server.StorageContainerManager (StorageContainerManager.java:stop(1587)) - Stopping Lease Manager of the command watchers
2022-11-18 13:06:15,660 [Listener at 0.0.0.0/45267] INFO  server.StorageContainerManager (StorageContainerManager.java:stop(1594)) - Stopping datanode service RPC server
2022-11-18 13:06:15,660 [Listener at 0.0.0.0/45267] INFO  server.SCMDatanodeProtocolServer (SCMDatanodeProtocolServer.java:stop(414)) - Stopping the RPC server for DataNodes
2022-11-18 13:06:15,660 [Listener at 0.0.0.0/45267] INFO  ipc.Server (Server.java:stop(3428)) - Stopping server on 36157
2022-11-18 13:06:15,660 [Over Replicated Processor] WARN  replication.OverReplicatedProcessor (OverReplicatedProcessor.java:run(142)) - Over Replicated Processor interrupted. Exiting...
2022-11-18 13:06:15,660 [ReplicationMonitor] INFO  replication.ReplicationManager (ReplicationManager.java:run(606)) - Replication Monitor Thread is stopped
2022-11-18 13:06:15,661 [Under Replicated Processor] WARN  replication.UnderReplicatedProcessor (UnderReplicatedProcessor.java:run(154)) - Under Replicated Processor interrupted. Exiting...
2022-11-18 13:06:15,673 [IPC Server listener on 36157] INFO  ipc.Server (Server.java:run(1384)) - Stopping IPC Server listener on 36157
2022-11-18 13:06:15,676 [IPC Server Responder] INFO  ipc.Server (Server.java:run(1517)) - Stopping IPC Server Responder
2022-11-18 13:06:15,701 [Listener at 127.0.0.1/39657] INFO  ozone.MiniOzoneClusterImpl (MiniOzoneClusterImpl.java:lambda$waitForClusterToBeReady$0(216)) - Nodes are ready. Got 7 of 7 DN Heartbeats.
2022-11-18 13:06:15,701 [Listener at 127.0.0.1/39657] INFO  ozone.MiniOzoneClusterImpl (MiniOzoneClusterImpl.java:lambda$waitForClusterToBeReady$0(219)) - Waiting for cluster to exit safe mode
2022-11-18 13:06:15,701 [Listener at 127.0.0.1/39657] INFO  ozone.MiniOzoneClusterImpl (MiniOzoneClusterImpl.java:lambda$waitForClusterToBeReady$0(221)) - SCM became leader
2022-11-18 13:06:15,710 [SCM Heartbeat Processing Thread - 0] WARN  node.NodeStateManager (NodeStateManager.java:scheduleNextHealthCheck(870)) - Current Thread is interrupted, shutting down HB processing thread for Node Manager.
2022-11-18 13:06:15,710 [Listener at 0.0.0.0/45267] INFO  server.StorageContainerManager (StorageContainerManager.java:stop(1602)) - Stopping block service RPC server
2022-11-18 13:06:15,711 [Listener at 0.0.0.0/45267] INFO  server.SCMBlockProtocolServer (SCMBlockProtocolServer.java:stop(161)) - Stopping the RPC server for Block Protocol
2022-11-18 13:06:15,711 [Listener at 0.0.0.0/45267] INFO  ipc.Server (Server.java:stop(3428)) - Stopping server on 34529
2022-11-18 13:06:15,714 [IPC Server listener on 34529] INFO  ipc.Server (Server.java:run(1384)) - Stopping IPC Server listener on 34529
2022-11-18 13:06:15,724 [Listener at 0.0.0.0/45267] INFO  server.StorageContainerManager (StorageContainerManager.java:stop(1609)) - Stopping the StorageContainerLocationProtocol RPC server
2022-11-18 13:06:15,724 [Listener at 0.0.0.0/45267] INFO  server.SCMClientProtocolServer (SCMClientProtocolServer.java:stop(179)) - Stopping the RPC server for Client Protocol
2022-11-18 13:06:15,724 [IPC Server Responder] INFO  ipc.Server (Server.java:run(1517)) - Stopping IPC Server Responder
2022-11-18 13:06:15,724 [Listener at 0.0.0.0/45267] INFO  ipc.Server (Server.java:stop(3428)) - Stopping server on 45267
2022-11-18 13:06:15,727 [IPC Server listener on 45267] INFO  ipc.Server (Server.java:run(1384)) - Stopping IPC Server listener on 45267
2022-11-18 13:06:15,737 [EventQueue-OpenPipelineForHealthyPipelineSafeModeRule] INFO  safemode.SCMSafeModeManager (HealthyPipelineSafeModeRule.java:process(137)) - SCM in safe mode. Healthy pipelines reported count is 0, required healthy pipeline reported count is 1
2022-11-18 13:06:15,737 [Listener at 0.0.0.0/45267] INFO  server.StorageContainerManager (StorageContainerManager.java:stop(1616)) - Stopping Storage Container Manager HTTP server.
2022-11-18 13:06:15,737 [IPC Server Responder] INFO  ipc.Server (Server.java:run(1517)) - Stopping IPC Server Responder
2022-11-18 13:06:15,738 [Listener at 0.0.0.0/45267] INFO  handler.ContextHandler (ContextHandler.java:doStop(1159)) - Stopped o.e.j.w.WebAppContext@59509393{scm,/,null,STOPPED}{file:/home/runner/work/ozone/ozone/hadoop-ozone/integration-test/target/test-classes/webapps/scm}
2022-11-18 13:06:15,738 [EndpointStateMachine task thread for /0.0.0.0:36157 - 0 ] WARN  statemachine.EndpointStateMachine (EndpointStateMachine.java:logIfNeeded(242)) - Unable to communicate to SCM server at 0.0.0.0:36157 for past 0 seconds.
java.io.EOFException: End of File Exception between local host is: "fv-az180-400/10.1.0.56"; destination host is: "0.0.0.0":36157; : java.io.EOFException; For more details see:  http://wiki.apache.org/hadoop/EOFException
	at sun.reflect.NativeConstructorAccessorImpl.newInstance0(Native Method)
	at sun.reflect.NativeConstructorAccessorImpl.newInstance(NativeConstructorAccessorImpl.java:62)
	at sun.reflect.DelegatingConstructorAccessorImpl.newInstance(DelegatingConstructorAccessorImpl.java:45)
	at java.lang.reflect.Constructor.newInstance(Constructor.java:423)
	at org.apache.hadoop.net.NetUtils.wrapWithMessage(NetUtils.java:913)
	at org.apache.hadoop.net.NetUtils.wrapException(NetUtils.java:862)
	at org.apache.hadoop.ipc.Client.getRpcResponse(Client.java:1616)
	at org.apache.hadoop.ipc.Client.call(Client.java:1558)
	at org.apache.hadoop.ipc.Client.call(Client.java:1455)
	at org.apache.hadoop.ipc.ProtobufRpcEngine$Invoker.invoke(ProtobufRpcEngine.java:235)
	at org.apache.hadoop.ipc.ProtobufRpcEngine$Invoker.invoke(ProtobufRpcEngine.java:122)
	at com.sun.proxy.$Proxy54.submitRequest(Unknown Source)
	at org.apache.hadoop.ozone.protocolPB.StorageContainerDatanodeProtocolClientSideTranslatorPB.submitRequest(StorageContainerDatanodeProtocolClientSideTranslatorPB.java:117)
	at org.apache.hadoop.ozone.protocolPB.StorageContainerDatanodeProtocolClientSideTranslatorPB.sendHeartbeat(StorageContainerDatanodeProtocolClientSideTranslatorPB.java:149)
	at org.apache.hadoop.ozone.container.common.states.endpoint.HeartbeatEndpointTask.call(HeartbeatEndpointTask.java:185)
	at org.apache.hadoop.ozone.container.common.states.endpoint.HeartbeatEndpointTask.call(HeartbeatEndpointTask.java:87)
	at java.util.concurrent.FutureTask.run(FutureTask.java:266)
	at java.util.concurrent.ThreadPoolExecutor.runWorker(ThreadPoolExecutor.java:1149)
	at java.util.concurrent.ThreadPoolExecutor$Worker.run(ThreadPoolExecutor.java:624)
	at java.lang.Thread.run(Thread.java:750)
Caused by: java.io.EOFException
	at java.io.DataInputStream.readInt(DataInputStream.java:392)
	at org.apache.hadoop.ipc.Client$IpcStreams.readResponse(Client.java:1922)
	at org.apache.hadoop.ipc.Client$Connection.receiveRpcResponse(Client.java:1238)
	at org.apache.hadoop.ipc.Client$Connection.run(Client.java:1134)
2022-11-18 13:06:15,741 [Listener at 0.0.0.0/45267] INFO  server.AbstractConnector (AbstractConnector.java:doStop(383)) - Stopped ServerConnector@22cf1808{HTTP/1.1, (http/1.1)}{0.0.0.0:46579}
2022-11-18 13:06:15,741 [Listener at 0.0.0.0/45267] INFO  server.session (HouseKeeper.java:stopScavenging(149)) - node0 Stopped scavenging
2022-11-18 13:06:15,741 [Listener at 0.0.0.0/45267] INFO  handler.ContextHandler (ContextHandler.java:doStop(1159)) - Stopped o.e.j.s.ServletContextHandler@423d662a{static,/static,file:///home/runner/work/ozone/ozone/hadoop-ozone/integration-test/target/test-classes/webapps/static,STOPPED}
2022-11-18 13:06:15,741 [Listener at 0.0.0.0/45267] INFO  handler.ContextHandler (ContextHandler.java:doStop(1159)) - Stopped o.e.j.s.ServletContextHandler@2eb73a42{logs,/logs,file:///home/runner/work/ozone/ozone/hadoop-ozone/integration-test/target/log,STOPPED}
2022-11-18 13:06:15,742 [Listener at 0.0.0.0/45267] INFO  server.StorageContainerManager (StorageContainerManager.java:stop(1622)) - Stopping SCM LayoutVersionManager Service.
2022-11-18 13:06:15,742 [Listener at 0.0.0.0/45267] INFO  server.StorageContainerManager (StorageContainerManager.java:stop(1630)) - Stopping Block Manager Service.
2022-11-18 13:06:15,742 [Listener at 0.0.0.0/45267] INFO  utils.BackgroundService (BackgroundService.java:shutdown(141)) - Shutting down service SCMBlockDeletingService
2022-11-18 13:06:15,742 [Listener at 0.0.0.0/45267] INFO  utils.BackgroundService (BackgroundService.java:shutdown(141)) - Shutting down service SCMBlockDeletingService
2022-11-18 13:06:15,742 [Listener at 0.0.0.0/45267] INFO  server.StorageContainerManager (StorageContainerManager.java:stop(1657)) - Stopping SCM Event Queue.
2022-11-18 13:06:15,749 [Listener at 0.0.0.0/45267] INFO  server.StorageContainerManager (StorageContainerManager.java:stop(1668)) - Stopping SCM HA services.
2022-11-18 13:06:15,749 [Listener at 0.0.0.0/45267] INFO  pipeline.BackgroundPipelineCreator (BackgroundPipelineCreator.java:stop(149)) - Stopping RatisPipelineUtilsThread.
2022-11-18 13:06:15,749 [RatisPipelineUtilsThread - 0] WARN  pipeline.BackgroundPipelineCreator (BackgroundPipelineCreator.java:run(180)) - RatisPipelineUtilsThread is interrupted.
2022-11-18 13:06:15,749 [Listener at 0.0.0.0/45267] INFO  BackgroundPipelineScrubber (BackgroundSCMService.java:stop(131)) - Stopping BackgroundPipelineScrubber Service.
2022-11-18 13:06:15,749 [BackgroundPipelineScrubberThread] WARN  BackgroundPipelineScrubber (BackgroundSCMService.java:run(115)) - BackgroundPipelineScrubber is interrupted, exit
2022-11-18 13:06:15,749 [Listener at 0.0.0.0/45267] INFO  impl.MetricsSystemImpl (MetricsSystemImpl.java:stop(205)) - StorageContainerManager metrics system stopped (again)
2022-11-18 13:06:15,749 [Listener at 0.0.0.0/45267] WARN  pipeline.BackgroundPipelineCreator (BackgroundPipelineCreator.java:stop(145)) - RatisPipelineUtilsThread is not running, just ignore.
2022-11-18 13:06:15,750 [Listener at 0.0.0.0/45267] INFO  BackgroundPipelineScrubber (BackgroundSCMService.java:stop(126)) - BackgroundPipelineScrubber Service is not running, skip stop.
2022-11-18 13:06:15,750 [Listener at 0.0.0.0/45267] INFO  ExpiredContainerReplicaOpScrubber (BackgroundSCMService.java:stop(131)) - Stopping ExpiredContainerReplicaOpScrubber Service.
2022-11-18 13:06:15,750 [ExpiredContainerReplicaOpScrubberThread] WARN  ExpiredContainerReplicaOpScrubber (BackgroundSCMService.java:run(115)) - ExpiredContainerReplicaOpScrubber is interrupted, exit
2022-11-18 13:06:15,750 [Listener at 0.0.0.0/45267] INFO  utils.BackgroundService (BackgroundService.java:shutdown(141)) - Shutting down service SCMBlockDeletingService
2022-11-18 13:06:15,750 [Listener at 0.0.0.0/45267] INFO  replication.ReplicationManager (ReplicationManager.java:stop(293)) - Replication Monitor Thread is not running.
2022-11-18 13:06:15,750 [Listener at 0.0.0.0/45267] WARN  balancer.ContainerBalancer (ContainerBalancer.java:stop(322)) - Cannot stop Container Balancer because it's not running or stopping
2022-11-18 13:06:15,750 [Listener at 0.0.0.0/45267] INFO  server.StorageContainerManager (StorageContainerManager.java:stop(1686)) - Stopping SCM MetadataStore.
2022-11-18 13:06:15,752 [Listener at 0.0.0.0/45267] WARN  server.ServerUtils (ServerUtils.java:getScmDbDir(148)) - ozone.scm.db.dirs is not configured. We recommend adding this setting. Falling back to ozone.metadata.dirs instead.
2022-11-18 13:06:15,752 [Listener at 0.0.0.0/45267] INFO  ha.SCMHANodeDetails (SCMHANodeDetails.java:loadSCMHAConfig(209)) - ServiceID for StorageContainerManager is null
2022-11-18 13:06:15,752 [Listener at 0.0.0.0/45267] INFO  ha.SCMHANodeDetails (SCMHANodeDetails.java:loadSCMHAConfig(214)) - ozone.scm.default.service.id is not defined, falling back to ozone.scm.service.ids to find serviceID for StorageContainerManager if it is HA enabled cluster
2022-11-18 13:06:15,753 [Listener at 0.0.0.0/45267] WARN  utils.HAUtils (HAUtils.java:getMetaDir(342)) - ozone.scm.db.dirs is not configured. We recommend adding this setting. Falling back to ozone.metadata.dirs instead.
2022-11-18 13:06:15,753 [Listener at 0.0.0.0/45267] WARN  db.DBStoreBuilder (DBStoreBuilder.java:applyDBDefinition(144)) - ozone.scm.db.dirs is not configured. We recommend adding this setting. Falling back to ozone.metadata.dirs instead.
2022-11-18 13:06:15,781 [Listener at 0.0.0.0/45267] INFO  net.NodeSchemaLoader (NodeSchemaLoader.java:loadSchemaFromFile(129)) - Loading schema from [jar:file:/home/runner/.m2/repository/org/apache/ozone/hdds-common/1.3.0-SNAPSHOT/hdds-common-1.3.0-SNAPSHOT.jar!/network-topology-default.xml]
2022-11-18 13:06:15,781 [Listener at 0.0.0.0/45267] INFO  net.NodeSchemaLoader (NodeSchemaLoader.java:loadSchema(176)) - Loading network topology layer schema file
2022-11-18 13:06:15,790 [Listener at 0.0.0.0/45267] INFO  upgrade.AbstractLayoutVersionManager (AbstractLayoutVersionManager.java:init(83)) - Initializing Layout version manager with metadata layout = DATANODE_SCHEMA_V3 (version = 4), software layout = DATANODE_SCHEMA_V3 (version = 4)
2022-11-18 13:06:15,833 [Listener at 0.0.0.0/45267] INFO  reflections.Reflections (Reflections.java:scan(232)) - Reflections took 42 ms to scan 7 urls, producing 140 keys and 342 values 
2022-11-18 13:06:15,835 [Listener at 0.0.0.0/45267] INFO  ha.SequenceIdGenerator (SequenceIdGenerator.java:<init>(220)) - Init the HA SequenceIdGenerator.
2022-11-18 13:06:15,835 [Listener at 0.0.0.0/45267] INFO  node.SCMNodeManager (SCMNodeManager.java:<init>(149)) - Entering startup safe mode.
2022-11-18 13:06:15,835 [Listener at 0.0.0.0/45267] INFO  algorithms.ContainerPlacementPolicyFactory (ContainerPlacementPolicyFactory.java:getPolicyInternal(86)) - Create container placement policy of type org.apache.hadoop.hdds.scm.container.placement.algorithms.SCMContainerPlacementRandom
2022-11-18 13:06:15,835 [Listener at 0.0.0.0/45267] INFO  algorithms.ContainerPlacementPolicyFactory (ContainerPlacementPolicyFactory.java:getPolicyInternal(86)) - Create container placement policy of type org.apache.hadoop.hdds.scm.container.placement.algorithms.SCMContainerPlacementRackScatter
2022-11-18 13:06:15,836 [Listener at 0.0.0.0/45267] INFO  algorithms.LeaderChoosePolicyFactory (LeaderChoosePolicyFactory.java:getPolicy(57)) - Create leader choose policy of type org.apache.hadoop.hdds.scm.pipeline.leader.choose.algorithms.MinLeaderCountChoosePolicy
2022-11-18 13:06:15,836 [Listener at 0.0.0.0/45267] INFO  algorithms.ContainerPlacementPolicyFactory (ContainerPlacementPolicyFactory.java:getPolicyInternal(86)) - Create container placement policy of type org.apache.hadoop.hdds.scm.container.placement.algorithms.SCMContainerPlacementRackScatter
2022-11-18 13:06:15,837 [Listener at 0.0.0.0/45267] INFO  ha.SCMServiceManager (SCMServiceManager.java:register(42)) - Registering service BackgroundPipelineCreator.
2022-11-18 13:06:15,837 [Listener at 0.0.0.0/45267] INFO  pipeline.BackgroundPipelineCreator (BackgroundPipelineCreator.java:start(124)) - Starting RatisPipelineUtilsThread.
2022-11-18 13:06:15,839 [ReplicationMonitor] INFO  replication.ReplicationManager (ReplicationManager.java:processAll(319)) - Replication Manager is not ready to run until 3000ms after safemode exit
2022-11-18 13:06:15,844 [Listener at 0.0.0.0/45267] INFO  BackgroundPipelineScrubber (BackgroundSCMService.java:start(68)) - Starting BackgroundPipelineScrubber Service.
2022-11-18 13:06:15,849 [Listener at 0.0.0.0/45267] INFO  ha.SCMServiceManager (SCMServiceManager.java:register(42)) - Registering service BackgroundPipelineScrubber.
2022-11-18 13:06:15,849 [Listener at 0.0.0.0/45267] INFO  ExpiredContainerReplicaOpScrubber (BackgroundSCMService.java:start(68)) - Starting ExpiredContainerReplicaOpScrubber Service.
2022-11-18 13:06:15,849 [Listener at 0.0.0.0/45267] INFO  ha.SCMServiceManager (SCMServiceManager.java:register(42)) - Registering service ExpiredContainerReplicaOpScrubber.
2022-11-18 13:06:15,851 [Listener at 0.0.0.0/45267] INFO  algorithms.PipelineChoosePolicyFactory (PipelineChoosePolicyFactory.java:createPipelineChoosePolicyFromClass(73)) - Create pipeline choose policy of type org.apache.hadoop.hdds.scm.pipeline.choose.algorithms.RandomPipelineChoosePolicy
2022-11-18 13:06:15,851 [Listener at 0.0.0.0/45267] INFO  ha.SCMServiceManager (SCMServiceManager.java:register(42)) - Registering service SCMBlockDeletingService.
2022-11-18 13:06:15,851 [Listener at 0.0.0.0/45267] INFO  replication.ReplicationManager (ReplicationManager.java:start(250)) - Starting Replication Monitor Thread.
2022-11-18 13:06:15,858 [ReplicationMonitor] INFO  replication.ReplicationManager (ReplicationManager.java:processAll(319)) - Replication Manager is not ready to run until 3000ms after safemode exit
2022-11-18 13:06:15,858 [Listener at 0.0.0.0/45267] INFO  ha.SCMServiceManager (SCMServiceManager.java:register(42)) - Registering service ReplicationManager.
2022-11-18 13:06:15,859 [Listener at 0.0.0.0/45267] INFO  safemode.ContainerSafeModeRule (ContainerSafeModeRule.java:<init>(89)) - containers with one replica threshold count 3
2022-11-18 13:06:15,859 [Listener at 0.0.0.0/45267] INFO  safemode.HealthyPipelineSafeModeRule (HealthyPipelineSafeModeRule.java:initializeRule(169)) - Total pipeline count is 2, healthy pipeline threshold count is 1
2022-11-18 13:06:15,859 [Listener at 0.0.0.0/45267] INFO  safemode.OneReplicaPipelineSafeModeRule (OneReplicaPipelineSafeModeRule.java:initializeRule(180)) - Total pipeline count is 2, pipeline's with at least one datanode reported threshold count is 2
2022-11-18 13:06:15,859 [Listener at 0.0.0.0/45267] INFO  ipc.CallQueueManager (CallQueueManager.java:<init>(90)) - Using callQueue: class java.util.concurrent.LinkedBlockingQueue, queueCapacity: 2000, scheduler: class org.apache.hadoop.ipc.DefaultRpcScheduler, ipcBackoff: false.
2022-11-18 13:06:15,860 [Listener at 0.0.0.0/36157] INFO  ipc.CallQueueManager (CallQueueManager.java:<init>(90)) - Using callQueue: class java.util.concurrent.LinkedBlockingQueue, queueCapacity: 2000, scheduler: class org.apache.hadoop.ipc.DefaultRpcScheduler, ipcBackoff: false.
2022-11-18 13:06:15,861 [Socket Reader #1 for port 34529] INFO  ipc.Server (Server.java:run(1273)) - Starting Socket Reader #1 for port 34529
2022-11-18 13:06:15,864 [Socket Reader #1 for port 36157] INFO  ipc.Server (Server.java:run(1273)) - Starting Socket Reader #1 for port 36157
2022-11-18 13:06:15,866 [Listener at 0.0.0.0/34529] INFO  ipc.CallQueueManager (CallQueueManager.java:<init>(90)) - Using callQueue: class java.util.concurrent.LinkedBlockingQueue, queueCapacity: 2000, scheduler: class org.apache.hadoop.ipc.DefaultRpcScheduler, ipcBackoff: false.
2022-11-18 13:06:15,866 [Socket Reader #1 for port 45267] INFO  ipc.Server (Server.java:run(1273)) - Starting Socket Reader #1 for port 45267
2022-11-18 13:06:15,876 [Listener at 0.0.0.0/45267] INFO  ha.SCMServiceManager (SCMServiceManager.java:register(42)) - Registering service ContainerBalancer.
2022-11-18 13:06:15,876 [Listener at 0.0.0.0/45267] INFO  server.StorageContainerManager (StorageContainerManager.java:<init>(417)) - 
Container Balancer status:
Key                            Value
Running                        true
Container Balancer Configuration values:
Key                                                Value
Threshold                                          10
Max Datanodes to Involve per Iteration(percent)    20
Max Size to Move per Iteration                     500GB
Max Size Entering Target per Iteration             26GB
Max Size Leaving Source per Iteration              26GB

2022-11-18 13:06:15,876 [Listener at 0.0.0.0/45267] WARN  events.EventQueue (EventQueue.java:fireEvent(216)) - No event handler registered for event TypedEvent{payloadType=SafeModeStatus, name='Safe mode status'}
2022-11-18 13:06:15,876 [Listener at 0.0.0.0/45267] INFO  ha.SCMContext (SCMContext.java:updateSafeModeStatus(228)) - Update SafeModeStatus from SafeModeStatus{safeModeStatus=true, preCheckPassed=false} to SafeModeStatus{safeModeStatus=true, preCheckPassed=false}.
2022-11-18 13:06:15,876 [Listener at 0.0.0.0/45267] INFO  server.StorageContainerManager (StorageContainerManager.java:start(1470)) - StorageContainerLocationProtocol RPC server is listening at /0.0.0.0:45267
2022-11-18 13:06:15,878 [Listener at 0.0.0.0/45267] WARN  impl.MetricsConfig (MetricsConfig.java:loadFirst(136)) - Cannot locate configuration: tried hadoop-metrics2-storagecontainermanager.properties,hadoop-metrics2.properties
2022-11-18 13:06:15,878 [Listener at 0.0.0.0/45267] INFO  impl.MetricsSystemImpl (MetricsSystemImpl.java:startTimer(378)) - Scheduled Metric snapshot period at 10 second(s).
2022-11-18 13:06:15,878 [Listener at 0.0.0.0/45267] INFO  impl.MetricsSystemImpl (MetricsSystemImpl.java:start(191)) - StorageContainerManager metrics system started
2022-11-18 13:06:15,903 [Listener at 0.0.0.0/45267] INFO  impl.MetricsSinkAdapter (MetricsSinkAdapter.java:start(204)) - Sink prometheus started
2022-11-18 13:06:15,903 [Listener at 0.0.0.0/45267] INFO  impl.MetricsSystemImpl (MetricsSystemImpl.java:registerSink(305)) - Registered sink prometheus
2022-11-18 13:06:15,945 [Listener at 0.0.0.0/45267] INFO  server.SCMClientProtocolServer (SCMClientProtocolServer.java:start(170)) - RPC server for Client  is listening at /0.0.0.0:45267
2022-11-18 13:06:15,945 [IPC Server Responder] INFO  ipc.Server (Server.java:run(1512)) - IPC Server Responder: starting
2022-11-18 13:06:15,958 [IPC Server listener on 45267] INFO  ipc.Server (Server.java:run(1352)) - IPC Server listener on 45267: starting
2022-11-18 13:06:15,964 [Listener at 0.0.0.0/45267] INFO  server.StorageContainerManager (StorageContainerManager.java:start(1485)) - ScmBlockLocationProtocol RPC server is listening at /0.0.0.0:34529
2022-11-18 13:06:15,965 [Listener at 0.0.0.0/45267] INFO  server.SCMBlockProtocolServer (SCMBlockProtocolServer.java:start(152)) - RPC server for Block Protocol is listening at /0.0.0.0:34529
2022-11-18 13:06:15,965 [IPC Server Responder] INFO  ipc.Server (Server.java:run(1512)) - IPC Server Responder: starting
2022-11-18 13:06:15,965 [IPC Server listener on 34529] INFO  ipc.Server (Server.java:run(1352)) - IPC Server listener on 34529: starting
2022-11-18 13:06:15,967 [Listener at 0.0.0.0/45267] INFO  server.SCMDatanodeProtocolServer (SCMDatanodeProtocolServer.java:start(186)) - ScmDatanodeProtocol RPC server for DataNodes is listening at /0.0.0.0:36157
2022-11-18 13:06:15,967 [IPC Server Responder] INFO  ipc.Server (Server.java:run(1512)) - IPC Server Responder: starting
2022-11-18 13:06:15,967 [IPC Server listener on 36157] INFO  ipc.Server (Server.java:run(1352)) - IPC Server listener on 36157: starting
2022-11-18 13:06:15,980 [org.apache.hadoop.util.JvmPauseMonitor$Monitor@1f3f0d25] INFO  util.JvmPauseMonitor (JvmPauseMonitor.java:run(188)) - Starting JVM pause monitor
2022-11-18 13:06:15,983 [Listener at 0.0.0.0/45267] INFO  http.BaseHttpServer (BaseHttpServer.java:newHttpServer2BuilderForOzone(213)) - Starting Web-server for scm at: http://0.0.0.0:46579
2022-11-18 13:06:15,983 [Listener at 0.0.0.0/45267] INFO  http.BaseHttpServer (BaseHttpServer.java:<init>(108)) - Hadoop Security Enabled: false Ozone Security Enabled: false Ozone HTTP Security Enabled: false 
2022-11-18 13:06:15,984 [Listener at 0.0.0.0/45267] WARN  server.AuthenticationFilter (AuthenticationFilter.java:constructSecretProvider(240)) - Unable to initialize FileSignerSecretProvider, falling back to use random secrets. Reason: Could not read signature secret file: /home/runner/hadoop-http-auth-signature-secret
2022-11-18 13:06:15,985 [Listener at 0.0.0.0/45267] WARN  http.HttpRequestLog (HttpRequestLog.java:getRequestLog(103)) - Jetty request log can only be enabled using Log4j
2022-11-18 13:06:15,986 [Listener at 0.0.0.0/45267] INFO  http.HttpServer2 (HttpServer2.java:addGlobalFilter(1031)) - Added global filter 'safety' (class=org.apache.hadoop.hdds.server.http.HttpServer2$QuotingInputFilter)
2022-11-18 13:06:15,986 [Listener at 0.0.0.0/45267] INFO  http.HttpServer2 (HttpServer2.java:addFilter(1007)) - Added filter static_user_filter (class=org.apache.hadoop.http.lib.StaticUserWebFilter$StaticUserFilter) to context scm
2022-11-18 13:06:15,986 [Listener at 0.0.0.0/45267] INFO  http.HttpServer2 (HttpServer2.java:addFilter(1015)) - Added filter static_user_filter (class=org.apache.hadoop.http.lib.StaticUserWebFilter$StaticUserFilter) to context static
2022-11-18 13:06:15,986 [Listener at 0.0.0.0/45267] INFO  http.HttpServer2 (HttpServer2.java:addFilter(1015)) - Added filter static_user_filter (class=org.apache.hadoop.http.lib.StaticUserWebFilter$StaticUserFilter) to context logs
2022-11-18 13:06:15,986 [Listener at 0.0.0.0/45267] INFO  http.HttpServer2 (HttpServer2.java:bindListener(1250)) - Jetty bound to port 46579
2022-11-18 13:06:15,987 [Listener at 0.0.0.0/45267] INFO  server.Server (Server.java:doStart(375)) - jetty-9.4.49.v20220914; built: 2022-09-14T01:07:36.601Z; git: 4231a3b2e4cb8548a412a789936d640a97b1aa0a; jvm 1.8.0_345-b01
2022-11-18 13:06:15,988 [Listener at 0.0.0.0/45267] INFO  server.session (DefaultSessionIdManager.java:doStart(334)) - DefaultSessionIdManager workerName=node0
2022-11-18 13:06:15,988 [Listener at 0.0.0.0/45267] INFO  server.session (DefaultSessionIdManager.java:doStart(339)) - No SessionScavenger set, using defaults
2022-11-18 13:06:15,988 [Listener at 0.0.0.0/45267] INFO  server.session (HouseKeeper.java:startScavenging(132)) - node0 Scavenging every 660000ms
2022-11-18 13:06:15,988 [Listener at 0.0.0.0/45267] INFO  handler.ContextHandler (ContextHandler.java:doStart(921)) - Started o.e.j.s.ServletContextHandler@32029cd{logs,/logs,file:///home/runner/work/ozone/ozone/hadoop-ozone/integration-test/target/log,AVAILABLE}
2022-11-18 13:06:15,989 [Listener at 0.0.0.0/45267] INFO  handler.ContextHandler (ContextHandler.java:doStart(921)) - Started o.e.j.s.ServletContextHandler@55bafbc1{static,/static,file:///home/runner/work/ozone/ozone/hadoop-ozone/integration-test/target/test-classes/webapps/static,AVAILABLE}
2022-11-18 13:06:15,991 [Listener at 0.0.0.0/45267] INFO  handler.ContextHandler (ContextHandler.java:doStart(921)) - Started o.e.j.w.WebAppContext@41d8ac75{scm,/,file:///home/runner/work/ozone/ozone/hadoop-ozone/integration-test/target/test-classes/webapps/scm/,AVAILABLE}{file:/home/runner/work/ozone/ozone/hadoop-ozone/integration-test/target/test-classes/webapps/scm}
2022-11-18 13:06:16,006 [Listener at 0.0.0.0/45267] INFO  server.AbstractConnector (AbstractConnector.java:doStart(333)) - Started ServerConnector@45e68fac{HTTP/1.1, (http/1.1)}{0.0.0.0:46579}
2022-11-18 13:06:16,006 [Listener at 0.0.0.0/45267] INFO  server.Server (Server.java:doStart(415)) - Started @169499ms
2022-11-18 13:06:16,006 [Listener at 0.0.0.0/45267] WARN  impl.MetricsSystemImpl (MetricsSystemImpl.java:register(279)) - Sink prometheus already exists!
2022-11-18 13:06:16,007 [Listener at 0.0.0.0/45267] INFO  http.BaseHttpServer (BaseHttpServer.java:updateConnectorAddress(333)) - HTTP server of scm listening at http://0.0.0.0:46579
2022-11-18 13:06:16,073 [EventQueue-OpenPipelineForHealthyPipelineSafeModeRule] INFO  safemode.SCMSafeModeManager (HealthyPipelineSafeModeRule.java:process(137)) - SCM in safe mode. Healthy pipelines reported count is 0, required healthy pipeline reported count is 1
2022-11-18 13:06:16,084 [EventQueue-OpenPipelineForHealthyPipelineSafeModeRule] INFO  safemode.SCMSafeModeManager (HealthyPipelineSafeModeRule.java:process(137)) - SCM in safe mode. Healthy pipelines reported count is 0, required healthy pipeline reported count is 1
2022-11-18 13:06:16,271 [db052414-94b4-46f8-aca1-929beb3cfaa7@group-B31D183E6566-FollowerState] INFO  impl.FollowerState (FollowerState.java:run(143)) - db052414-94b4-46f8-aca1-929beb3cfaa7@group-B31D183E6566-FollowerState: change to CANDIDATE, lastRpcElapsedTime:5034407840ns, electionTimeout:5034ms
2022-11-18 13:06:16,271 [db052414-94b4-46f8-aca1-929beb3cfaa7@group-B31D183E6566-FollowerState] INFO  impl.RoleInfo (RoleInfo.java:shutdownFollowerState(110)) - db052414-94b4-46f8-aca1-929beb3cfaa7: shutdown db052414-94b4-46f8-aca1-929beb3cfaa7@group-B31D183E6566-FollowerState
2022-11-18 13:06:16,271 [db052414-94b4-46f8-aca1-929beb3cfaa7@group-B31D183E6566-FollowerState] INFO  server.RaftServer$Division (RaftServerImpl.java:setRole(321)) - db052414-94b4-46f8-aca1-929beb3cfaa7@group-B31D183E6566: changes role from  FOLLOWER to CANDIDATE at term 0 for changeToCandidate
2022-11-18 13:06:16,271 [db052414-94b4-46f8-aca1-929beb3cfaa7@group-B31D183E6566-FollowerState] INFO  server.RaftServerConfigKeys (ConfUtils.java:logGet(46)) - raft.server.leaderelection.pre-vote = false (custom)
2022-11-18 13:06:16,271 [db052414-94b4-46f8-aca1-929beb3cfaa7@group-B31D183E6566-FollowerState] INFO  impl.RoleInfo (RoleInfo.java:updateAndGet(139)) - db052414-94b4-46f8-aca1-929beb3cfaa7: start db052414-94b4-46f8-aca1-929beb3cfaa7@group-B31D183E6566-LeaderElection113
2022-11-18 13:06:16,274 [db052414-94b4-46f8-aca1-929beb3cfaa7@group-B31D183E6566-LeaderElection113] INFO  impl.LeaderElection (LeaderElection.java:askForVotes(312)) - db052414-94b4-46f8-aca1-929beb3cfaa7@group-B31D183E6566-LeaderElection113 ELECTION round 0: submit vote requests at term 1 for -1: peers:[db052414-94b4-46f8-aca1-929beb3cfaa7|rpc:10.1.0.56:35073|priority:1|startupRole:FOLLOWER]|listeners:[], old=null
2022-11-18 13:06:16,274 [db052414-94b4-46f8-aca1-929beb3cfaa7@group-B31D183E6566-LeaderElection113] INFO  impl.LeaderElection (LeaderElection.java:askForVotes(314)) - db052414-94b4-46f8-aca1-929beb3cfaa7@group-B31D183E6566-LeaderElection113 ELECTION round 0: result PASSED (term=1)
2022-11-18 13:06:16,274 [db052414-94b4-46f8-aca1-929beb3cfaa7@group-B31D183E6566-LeaderElection113] INFO  impl.RoleInfo (RoleInfo.java:shutdownLeaderElection(130)) - db052414-94b4-46f8-aca1-929beb3cfaa7: shutdown db052414-94b4-46f8-aca1-929beb3cfaa7@group-B31D183E6566-LeaderElection113
2022-11-18 13:06:16,274 [db052414-94b4-46f8-aca1-929beb3cfaa7@group-B31D183E6566-LeaderElection113] INFO  server.RaftServer$Division (RaftServerImpl.java:setRole(321)) - db052414-94b4-46f8-aca1-929beb3cfaa7@group-B31D183E6566: changes role from CANDIDATE to LEADER at term 1 for changeToLeader
2022-11-18 13:06:16,274 [db052414-94b4-46f8-aca1-929beb3cfaa7@group-B31D183E6566-LeaderElection113] INFO  ratis.XceiverServerRatis (XceiverServerRatis.java:handleLeaderChangedNotification(863)) - Leader change notification received for group: group-B31D183E6566 with new leaderId: db052414-94b4-46f8-aca1-929beb3cfaa7
2022-11-18 13:06:16,274 [db052414-94b4-46f8-aca1-929beb3cfaa7@group-B31D183E6566-LeaderElection113] INFO  server.RaftServer$Division (ServerState.java:setLeader(313)) - db052414-94b4-46f8-aca1-929beb3cfaa7@group-B31D183E6566: change Leader from null to db052414-94b4-46f8-aca1-929beb3cfaa7 at term 1 for becomeLeader, leader elected after 5087ms
2022-11-18 13:06:16,274 [db052414-94b4-46f8-aca1-929beb3cfaa7@group-B31D183E6566-LeaderElection113] INFO  server.RaftServerConfigKeys (ConfUtils.java:logGet(46)) - raft.server.staging.catchup.gap = 1000 (default)
2022-11-18 13:06:16,274 [db052414-94b4-46f8-aca1-929beb3cfaa7@group-B31D183E6566-LeaderElection113] INFO  server.RaftServerConfigKeys (ConfUtils.java:logGet(46)) - raft.server.write.element-limit = 1024 (custom)
2022-11-18 13:06:16,275 [EventQueue-OpenPipelineForHealthyPipelineSafeModeRule] INFO  safemode.SCMSafeModeManager (HealthyPipelineSafeModeRule.java:process(137)) - SCM in safe mode. Healthy pipelines reported count is 0, required healthy pipeline reported count is 1
2022-11-18 13:06:16,274 [db052414-94b4-46f8-aca1-929beb3cfaa7@group-CBE126E451E1-FollowerState] INFO  impl.FollowerState (FollowerState.java:run(143)) - db052414-94b4-46f8-aca1-929beb3cfaa7@group-CBE126E451E1-FollowerState: change to CANDIDATE, lastRpcElapsedTime:5022427657ns, electionTimeout:5021ms
2022-11-18 13:06:16,275 [db052414-94b4-46f8-aca1-929beb3cfaa7@group-B31D183E6566-LeaderElection113] INFO  server.RaftServerConfigKeys (ConfUtils.java:logGet(46)) - raft.server.write.byte-limit = 1024 M (=1073741824) (custom)
2022-11-18 13:06:16,276 [db052414-94b4-46f8-aca1-929beb3cfaa7@group-CBE126E451E1-FollowerState] INFO  impl.RoleInfo (RoleInfo.java:shutdownFollowerState(110)) - db052414-94b4-46f8-aca1-929beb3cfaa7: shutdown db052414-94b4-46f8-aca1-929beb3cfaa7@group-CBE126E451E1-FollowerState
2022-11-18 13:06:16,276 [db052414-94b4-46f8-aca1-929beb3cfaa7@group-CBE126E451E1-FollowerState] INFO  server.RaftServer$Division (RaftServerImpl.java:setRole(321)) - db052414-94b4-46f8-aca1-929beb3cfaa7@group-CBE126E451E1: changes role from  FOLLOWER to CANDIDATE at term 0 for changeToCandidate
2022-11-18 13:06:16,276 [db052414-94b4-46f8-aca1-929beb3cfaa7@group-CBE126E451E1-FollowerState] INFO  server.RaftServerConfigKeys (ConfUtils.java:logGet(46)) - raft.server.leaderelection.pre-vote = false (custom)
2022-11-18 13:06:16,277 [db052414-94b4-46f8-aca1-929beb3cfaa7@group-CBE126E451E1-FollowerState] INFO  impl.RoleInfo (RoleInfo.java:updateAndGet(139)) - db052414-94b4-46f8-aca1-929beb3cfaa7: start db052414-94b4-46f8-aca1-929beb3cfaa7@group-CBE126E451E1-LeaderElection114
2022-11-18 13:06:16,279 [db052414-94b4-46f8-aca1-929beb3cfaa7@group-B31D183E6566-LeaderElection113] INFO  server.RaftServerConfigKeys (ConfUtils.java:logGet(46)) - raft.server.watch.timeout = 180s (custom)
2022-11-18 13:06:16,279 [db052414-94b4-46f8-aca1-929beb3cfaa7@group-B31D183E6566-LeaderElection113] INFO  server.RaftServerConfigKeys (ConfUtils.java:logGet(46)) - raft.server.watch.timeout.denomination = 1s (default)
2022-11-18 13:06:16,279 [db052414-94b4-46f8-aca1-929beb3cfaa7@group-B31D183E6566-LeaderElection113] INFO  server.RaftServerConfigKeys (ConfUtils.java:logGet(46)) - raft.server.watch.element-limit = 65536 (default)
2022-11-18 13:06:16,279 [db052414-94b4-46f8-aca1-929beb3cfaa7@group-B31D183E6566-LeaderElection113] INFO  server.RaftServerConfigKeys (ConfUtils.java:logGet(46)) - raft.server.write.element-limit = 1024 (custom)
2022-11-18 13:06:16,279 [db052414-94b4-46f8-aca1-929beb3cfaa7@group-B31D183E6566-LeaderElection113] INFO  server.RaftServerConfigKeys (ConfUtils.java:logGet(46)) - raft.server.write.follower.gap.ratio.max = -1.0 (default)
2022-11-18 13:06:16,279 [db052414-94b4-46f8-aca1-929beb3cfaa7@group-B31D183E6566-LeaderElection113] INFO  impl.RoleInfo (RoleInfo.java:updateAndGet(139)) - db052414-94b4-46f8-aca1-929beb3cfaa7: start db052414-94b4-46f8-aca1-929beb3cfaa7@group-B31D183E6566-LeaderStateImpl
2022-11-18 13:06:16,280 [db052414-94b4-46f8-aca1-929beb3cfaa7@group-B31D183E6566-LeaderElection113] INFO  segmented.SegmentedRaftLogWorker (SegmentedRaftLogWorker.java:startLogSegment(452)) - db052414-94b4-46f8-aca1-929beb3cfaa7@group-B31D183E6566-SegmentedRaftLogWorker: Starting segment from index:0
2022-11-18 13:06:16,280 [db052414-94b4-46f8-aca1-929beb3cfaa7@group-CBE126E451E1-LeaderElection114] INFO  impl.LeaderElection (LeaderElection.java:askForVotes(312)) - db052414-94b4-46f8-aca1-929beb3cfaa7@group-CBE126E451E1-LeaderElection114 ELECTION round 0: submit vote requests at term 1 for -1: peers:[db052414-94b4-46f8-aca1-929beb3cfaa7|rpc:10.1.0.56:35073|priority:0|startupRole:FOLLOWER, b56e85ee-8e41-41ba-8236-410d8ae83499|rpc:10.1.0.56:36407|priority:1|startupRole:FOLLOWER, ec62b457-0040-4e07-85ab-e1dde9d29779|rpc:10.1.0.56:46203|priority:0|startupRole:FOLLOWER]|listeners:[], old=null
2022-11-18 13:06:16,281 [db052414-94b4-46f8-aca1-929beb3cfaa7@group-CBE126E451E1-LeaderElection114-1] INFO  server.GrpcServerProtocolClient (GrpcServerProtocolClient.java:<init>(63)) - Build channel for b56e85ee-8e41-41ba-8236-410d8ae83499
2022-11-18 13:06:16,281 [db052414-94b4-46f8-aca1-929beb3cfaa7@group-B31D183E6566-SegmentedRaftLogWorker] INFO  segmented.SegmentedRaftLogWorker (SegmentedRaftLogWorker.java:execute(656)) - db052414-94b4-46f8-aca1-929beb3cfaa7@group-B31D183E6566-SegmentedRaftLogWorker: created new log segment /home/runner/work/ozone/ozone/hadoop-ozone/integration-test/target/test-dir/MiniOzoneClusterImpl-d3d67884-f8de-446f-8121-b5603e1f9142/datanode-0/data/ratis/dfc901ef-bb3c-489b-8e9d-b31d183e6566/current/log_inprogress_0
2022-11-18 13:06:16,284 [db052414-94b4-46f8-aca1-929beb3cfaa7@group-CBE126E451E1-LeaderElection114] INFO  server.RaftServerConfigKeys (ConfUtils.java:logFallback(53)) - raft.server.rpc.first-election.timeout.min = 5s (fallback to raft.server.rpc.timeout.min)
2022-11-18 13:06:16,284 [db052414-94b4-46f8-aca1-929beb3cfaa7@group-CBE126E451E1-LeaderElection114] INFO  server.RaftServerConfigKeys (ConfUtils.java:logFallback(53)) - raft.server.rpc.first-election.timeout.max = 5200ms (fallback to raft.server.rpc.timeout.max)
2022-11-18 13:06:16,294 [db052414-94b4-46f8-aca1-929beb3cfaa7@group-B31D183E6566-LeaderElection113] INFO  server.RaftServer$Division (ServerState.java:setRaftConf(430)) - db052414-94b4-46f8-aca1-929beb3cfaa7@group-B31D183E6566: set configuration 0: peers:[db052414-94b4-46f8-aca1-929beb3cfaa7|rpc:10.1.0.56:35073|dataStream:|priority:1|startupRole:FOLLOWER]|listeners:[], old=null
2022-11-18 13:06:16,299 [db052414-94b4-46f8-aca1-929beb3cfaa7@group-CBE126E451E1-LeaderElection114-2] INFO  server.GrpcServerProtocolClient (GrpcServerProtocolClient.java:<init>(63)) - Build channel for ec62b457-0040-4e07-85ab-e1dde9d29779
2022-11-18 13:06:16,301 [grpc-default-executor-5] INFO  server.RaftServer$Division (RaftServerImpl.java:requestVote(1218)) - b56e85ee-8e41-41ba-8236-410d8ae83499@group-CBE126E451E1: receive requestVote(ELECTION, db052414-94b4-46f8-aca1-929beb3cfaa7, group-CBE126E451E1, 1, (t:0, i:0))
2022-11-18 13:06:16,301 [grpc-default-executor-5] INFO  impl.VoteContext (VoteContext.java:log(48)) - b56e85ee-8e41-41ba-8236-410d8ae83499@group-CBE126E451E1-FOLLOWER: reject ELECTION from db052414-94b4-46f8-aca1-929beb3cfaa7: our priority 1 > candidate's priority 0
2022-11-18 13:06:16,301 [grpc-default-executor-5] INFO  server.RaftServer$Division (RaftServerImpl.java:setRole(321)) - b56e85ee-8e41-41ba-8236-410d8ae83499@group-CBE126E451E1: changes role from  FOLLOWER to FOLLOWER at term 1 for candidate:db052414-94b4-46f8-aca1-929beb3cfaa7
2022-11-18 13:06:16,301 [grpc-default-executor-5] INFO  impl.RoleInfo (RoleInfo.java:shutdownFollowerState(110)) - b56e85ee-8e41-41ba-8236-410d8ae83499: shutdown b56e85ee-8e41-41ba-8236-410d8ae83499@group-CBE126E451E1-FollowerState
2022-11-18 13:06:16,301 [grpc-default-executor-5] INFO  impl.RoleInfo (RoleInfo.java:updateAndGet(139)) - b56e85ee-8e41-41ba-8236-410d8ae83499: start b56e85ee-8e41-41ba-8236-410d8ae83499@group-CBE126E451E1-FollowerState
2022-11-18 13:06:16,303 [b56e85ee-8e41-41ba-8236-410d8ae83499@group-CBE126E451E1-FollowerState] INFO  server.RaftServerConfigKeys (ConfUtils.java:logFallback(53)) - raft.server.rpc.first-election.timeout.min = 5s (fallback to raft.server.rpc.timeout.min)
2022-11-18 13:06:16,303 [b56e85ee-8e41-41ba-8236-410d8ae83499@group-CBE126E451E1-FollowerState] INFO  server.RaftServerConfigKeys (ConfUtils.java:logFallback(53)) - raft.server.rpc.first-election.timeout.max = 5200ms (fallback to raft.server.rpc.timeout.max)
2022-11-18 13:06:16,307 [grpc-default-executor-6] INFO  server.RaftServer$Division (RaftServerImpl.java:requestVote(1218)) - ec62b457-0040-4e07-85ab-e1dde9d29779@group-CBE126E451E1: receive requestVote(ELECTION, db052414-94b4-46f8-aca1-929beb3cfaa7, group-CBE126E451E1, 1, (t:0, i:0))
2022-11-18 13:06:16,307 [grpc-default-executor-6] INFO  impl.VoteContext (VoteContext.java:log(48)) - ec62b457-0040-4e07-85ab-e1dde9d29779@group-CBE126E451E1-FOLLOWER: accept ELECTION from db052414-94b4-46f8-aca1-929beb3cfaa7: our priority 0 <= candidate's priority 0
2022-11-18 13:06:16,307 [grpc-default-executor-6] INFO  server.RaftServer$Division (RaftServerImpl.java:setRole(321)) - ec62b457-0040-4e07-85ab-e1dde9d29779@group-CBE126E451E1: changes role from  FOLLOWER to FOLLOWER at term 1 for candidate:db052414-94b4-46f8-aca1-929beb3cfaa7
2022-11-18 13:06:16,307 [grpc-default-executor-6] INFO  impl.RoleInfo (RoleInfo.java:shutdownFollowerState(110)) - ec62b457-0040-4e07-85ab-e1dde9d29779: shutdown ec62b457-0040-4e07-85ab-e1dde9d29779@group-CBE126E451E1-FollowerState
2022-11-18 13:06:16,307 [grpc-default-executor-6] INFO  impl.RoleInfo (RoleInfo.java:updateAndGet(139)) - ec62b457-0040-4e07-85ab-e1dde9d29779: start ec62b457-0040-4e07-85ab-e1dde9d29779@group-CBE126E451E1-FollowerState
2022-11-18 13:06:16,307 [ec62b457-0040-4e07-85ab-e1dde9d29779@group-CBE126E451E1-FollowerState] INFO  impl.FollowerState (FollowerState.java:run(152)) - ec62b457-0040-4e07-85ab-e1dde9d29779@group-CBE126E451E1-FollowerState was interrupted
2022-11-18 13:06:16,308 [grpc-default-executor-5] INFO  server.RaftServer$Division (RaftServerImpl.java:requestVote(1251)) - b56e85ee-8e41-41ba-8236-410d8ae83499@group-CBE126E451E1 replies to ELECTION vote request: db052414-94b4-46f8-aca1-929beb3cfaa7<-b56e85ee-8e41-41ba-8236-410d8ae83499#0:FAIL-t1. Peer's state: b56e85ee-8e41-41ba-8236-410d8ae83499@group-CBE126E451E1:t1, leader=null, voted=null, raftlog=Memoized:b56e85ee-8e41-41ba-8236-410d8ae83499@group-CBE126E451E1-SegmentedRaftLog:OPENED:c-1, conf=-1: peers:[db052414-94b4-46f8-aca1-929beb3cfaa7|rpc:10.1.0.56:35073|dataStream:|priority:0|startupRole:FOLLOWER, b56e85ee-8e41-41ba-8236-410d8ae83499|rpc:10.1.0.56:36407|dataStream:|priority:1|startupRole:FOLLOWER, ec62b457-0040-4e07-85ab-e1dde9d29779|rpc:10.1.0.56:46203|dataStream:|priority:0|startupRole:FOLLOWER]|listeners:[], old=null
2022-11-18 13:06:16,309 [grpc-default-executor-6] INFO  server.RaftServer$Division (RaftServerImpl.java:requestVote(1251)) - ec62b457-0040-4e07-85ab-e1dde9d29779@group-CBE126E451E1 replies to ELECTION vote request: db052414-94b4-46f8-aca1-929beb3cfaa7<-ec62b457-0040-4e07-85ab-e1dde9d29779#0:OK-t1. Peer's state: ec62b457-0040-4e07-85ab-e1dde9d29779@group-CBE126E451E1:t1, leader=null, voted=db052414-94b4-46f8-aca1-929beb3cfaa7, raftlog=Memoized:ec62b457-0040-4e07-85ab-e1dde9d29779@group-CBE126E451E1-SegmentedRaftLog:OPENED:c-1, conf=-1: peers:[db052414-94b4-46f8-aca1-929beb3cfaa7|rpc:10.1.0.56:35073|dataStream:|priority:0|startupRole:FOLLOWER, b56e85ee-8e41-41ba-8236-410d8ae83499|rpc:10.1.0.56:36407|dataStream:|priority:1|startupRole:FOLLOWER, ec62b457-0040-4e07-85ab-e1dde9d29779|rpc:10.1.0.56:46203|dataStream:|priority:0|startupRole:FOLLOWER]|listeners:[], old=null
2022-11-18 13:06:16,309 [b56e85ee-8e41-41ba-8236-410d8ae83499@group-CBE126E451E1-FollowerState] INFO  impl.FollowerState (FollowerState.java:shouldRun(117)) - b56e85ee-8e41-41ba-8236-410d8ae83499@group-CBE126E451E1-FollowerState: Stopping now (isRunning? false, role = FOLLOWER)
2022-11-18 13:06:16,308 [ec62b457-0040-4e07-85ab-e1dde9d29779@group-CBE126E451E1-FollowerState] INFO  server.RaftServerConfigKeys (ConfUtils.java:logFallback(53)) - raft.server.rpc.first-election.timeout.min = 5s (fallback to raft.server.rpc.timeout.min)
2022-11-18 13:06:16,310 [ec62b457-0040-4e07-85ab-e1dde9d29779@group-CBE126E451E1-FollowerState] INFO  server.RaftServerConfigKeys (ConfUtils.java:logFallback(53)) - raft.server.rpc.first-election.timeout.max = 5200ms (fallback to raft.server.rpc.timeout.max)
2022-11-18 13:06:16,311 [db052414-94b4-46f8-aca1-929beb3cfaa7@group-CBE126E451E1-LeaderElection114] INFO  impl.LeaderElection (LeaderElection.java:logAndReturn(90)) - db052414-94b4-46f8-aca1-929beb3cfaa7@group-CBE126E451E1-LeaderElection114: ELECTION REJECTED received 1 response(s) and 0 exception(s):
2022-11-18 13:06:16,311 [db052414-94b4-46f8-aca1-929beb3cfaa7@group-CBE126E451E1-LeaderElection114] INFO  impl.LeaderElection (LeaderElection.java:logAndReturn(94)) -   Response 0: db052414-94b4-46f8-aca1-929beb3cfaa7<-b56e85ee-8e41-41ba-8236-410d8ae83499#0:FAIL-t1
2022-11-18 13:06:16,311 [db052414-94b4-46f8-aca1-929beb3cfaa7@group-CBE126E451E1-LeaderElection114] INFO  impl.LeaderElection (LeaderElection.java:askForVotes(314)) - db052414-94b4-46f8-aca1-929beb3cfaa7@group-CBE126E451E1-LeaderElection114 ELECTION round 0: result REJECTED
2022-11-18 13:06:16,312 [db052414-94b4-46f8-aca1-929beb3cfaa7@group-CBE126E451E1-LeaderElection114] INFO  server.RaftServer$Division (RaftServerImpl.java:setRole(321)) - db052414-94b4-46f8-aca1-929beb3cfaa7@group-CBE126E451E1: changes role from CANDIDATE to FOLLOWER at term 1 for REJECTED
2022-11-18 13:06:16,312 [db052414-94b4-46f8-aca1-929beb3cfaa7@group-CBE126E451E1-LeaderElection114] INFO  impl.RoleInfo (RoleInfo.java:shutdownLeaderElection(130)) - db052414-94b4-46f8-aca1-929beb3cfaa7: shutdown db052414-94b4-46f8-aca1-929beb3cfaa7@group-CBE126E451E1-LeaderElection114
2022-11-18 13:06:16,312 [db052414-94b4-46f8-aca1-929beb3cfaa7@group-CBE126E451E1-LeaderElection114] INFO  impl.RoleInfo (RoleInfo.java:updateAndGet(139)) - db052414-94b4-46f8-aca1-929beb3cfaa7: start db052414-94b4-46f8-aca1-929beb3cfaa7@group-CBE126E451E1-FollowerState
2022-11-18 13:06:16,312 [db052414-94b4-46f8-aca1-929beb3cfaa7@group-CBE126E451E1-FollowerState] INFO  server.RaftServerConfigKeys (ConfUtils.java:logFallback(53)) - raft.server.rpc.first-election.timeout.min = 5s (fallback to raft.server.rpc.timeout.min)
2022-11-18 13:06:16,312 [db052414-94b4-46f8-aca1-929beb3cfaa7@group-CBE126E451E1-FollowerState] INFO  server.RaftServerConfigKeys (ConfUtils.java:logFallback(53)) - raft.server.rpc.first-election.timeout.max = 5200ms (fallback to raft.server.rpc.timeout.max)
2022-11-18 13:06:16,378 [EventQueue-OpenPipelineForHealthyPipelineSafeModeRule] INFO  safemode.SCMSafeModeManager (HealthyPipelineSafeModeRule.java:process(137)) - SCM in safe mode. Healthy pipelines reported count is 0, required healthy pipeline reported count is 1
2022-11-18 13:06:16,489 [Under Replicated Processor] INFO  replication.UnderReplicatedProcessor (UnderReplicatedProcessor.java:processAll(92)) - Processed 0 under replicated containers, failed processing 0
2022-11-18 13:06:16,489 [Over Replicated Processor] INFO  replication.OverReplicatedProcessor (OverReplicatedProcessor.java:processAll(90)) - Processed 0 over replicated containers, failed processing 0
2022-11-18 13:06:16,490 [ReplicationMonitor] INFO  replication.ReplicationManager (ReplicationManager.java:processAll(352)) - Replication Monitor Thread took 0 milliseconds for processing 0 containers.
2022-11-18 13:06:16,568 [EventQueue-OpenPipelineForHealthyPipelineSafeModeRule] INFO  safemode.SCMSafeModeManager (HealthyPipelineSafeModeRule.java:process(137)) - SCM in safe mode. Healthy pipelines reported count is 0, required healthy pipeline reported count is 1
2022-11-18 13:06:16,572 [EventQueue-OpenPipelineForHealthyPipelineSafeModeRule] INFO  safemode.SCMSafeModeManager (HealthyPipelineSafeModeRule.java:process(137)) - SCM in safe mode. Healthy pipelines reported count is 0, required healthy pipeline reported count is 1
2022-11-18 13:06:16,591 [ec62b457-0040-4e07-85ab-e1dde9d29779@group-A0FC867C4483-FollowerState] INFO  impl.FollowerState (FollowerState.java:run(143)) - ec62b457-0040-4e07-85ab-e1dde9d29779@group-A0FC867C4483-FollowerState: change to CANDIDATE, lastRpcElapsedTime:5017556400ns, electionTimeout:5017ms
2022-11-18 13:06:16,591 [ec62b457-0040-4e07-85ab-e1dde9d29779@group-A0FC867C4483-FollowerState] INFO  impl.RoleInfo (RoleInfo.java:shutdownFollowerState(110)) - ec62b457-0040-4e07-85ab-e1dde9d29779: shutdown ec62b457-0040-4e07-85ab-e1dde9d29779@group-A0FC867C4483-FollowerState
2022-11-18 13:06:16,591 [ec62b457-0040-4e07-85ab-e1dde9d29779@group-A0FC867C4483-FollowerState] INFO  server.RaftServer$Division (RaftServerImpl.java:setRole(321)) - ec62b457-0040-4e07-85ab-e1dde9d29779@group-A0FC867C4483: changes role from  FOLLOWER to CANDIDATE at term 0 for changeToCandidate
2022-11-18 13:06:16,591 [ec62b457-0040-4e07-85ab-e1dde9d29779@group-A0FC867C4483-FollowerState] INFO  server.RaftServerConfigKeys (ConfUtils.java:logGet(46)) - raft.server.leaderelection.pre-vote = false (custom)
2022-11-18 13:06:16,592 [ec62b457-0040-4e07-85ab-e1dde9d29779@group-A0FC867C4483-FollowerState] INFO  impl.RoleInfo (RoleInfo.java:updateAndGet(139)) - ec62b457-0040-4e07-85ab-e1dde9d29779: start ec62b457-0040-4e07-85ab-e1dde9d29779@group-A0FC867C4483-LeaderElection115
2022-11-18 13:06:16,594 [ec62b457-0040-4e07-85ab-e1dde9d29779@group-A0FC867C4483-LeaderElection115] INFO  impl.LeaderElection (LeaderElection.java:askForVotes(312)) - ec62b457-0040-4e07-85ab-e1dde9d29779@group-A0FC867C4483-LeaderElection115 ELECTION round 0: submit vote requests at term 1 for -1: peers:[ec62b457-0040-4e07-85ab-e1dde9d29779|rpc:10.1.0.56:46203|priority:1|startupRole:FOLLOWER]|listeners:[], old=null
2022-11-18 13:06:16,594 [ec62b457-0040-4e07-85ab-e1dde9d29779@group-A0FC867C4483-LeaderElection115] INFO  impl.LeaderElection (LeaderElection.java:askForVotes(314)) - ec62b457-0040-4e07-85ab-e1dde9d29779@group-A0FC867C4483-LeaderElection115 ELECTION round 0: result PASSED (term=1)
2022-11-18 13:06:16,594 [ec62b457-0040-4e07-85ab-e1dde9d29779@group-A0FC867C4483-LeaderElection115] INFO  impl.RoleInfo (RoleInfo.java:shutdownLeaderElection(130)) - ec62b457-0040-4e07-85ab-e1dde9d29779: shutdown ec62b457-0040-4e07-85ab-e1dde9d29779@group-A0FC867C4483-LeaderElection115
2022-11-18 13:06:16,594 [ec62b457-0040-4e07-85ab-e1dde9d29779@group-A0FC867C4483-LeaderElection115] INFO  server.RaftServer$Division (RaftServerImpl.java:setRole(321)) - ec62b457-0040-4e07-85ab-e1dde9d29779@group-A0FC867C4483: changes role from CANDIDATE to LEADER at term 1 for changeToLeader
2022-11-18 13:06:16,594 [ec62b457-0040-4e07-85ab-e1dde9d29779@group-A0FC867C4483-LeaderElection115] INFO  ratis.XceiverServerRatis (XceiverServerRatis.java:handleLeaderChangedNotification(863)) - Leader change notification received for group: group-A0FC867C4483 with new leaderId: ec62b457-0040-4e07-85ab-e1dde9d29779
2022-11-18 13:06:16,594 [ec62b457-0040-4e07-85ab-e1dde9d29779@group-A0FC867C4483-LeaderElection115] INFO  server.RaftServer$Division (ServerState.java:setLeader(313)) - ec62b457-0040-4e07-85ab-e1dde9d29779@group-A0FC867C4483: change Leader from null to ec62b457-0040-4e07-85ab-e1dde9d29779 at term 1 for becomeLeader, leader elected after 5032ms
2022-11-18 13:06:16,594 [ec62b457-0040-4e07-85ab-e1dde9d29779@group-A0FC867C4483-LeaderElection115] INFO  server.RaftServerConfigKeys (ConfUtils.java:logGet(46)) - raft.server.staging.catchup.gap = 1000 (default)
2022-11-18 13:06:16,594 [ec62b457-0040-4e07-85ab-e1dde9d29779@group-A0FC867C4483-LeaderElection115] INFO  server.RaftServerConfigKeys (ConfUtils.java:logGet(46)) - raft.server.write.element-limit = 1024 (custom)
2022-11-18 13:06:16,594 [ec62b457-0040-4e07-85ab-e1dde9d29779@group-A0FC867C4483-LeaderElection115] INFO  server.RaftServerConfigKeys (ConfUtils.java:logGet(46)) - raft.server.write.byte-limit = 1024 M (=1073741824) (custom)
2022-11-18 13:06:16,594 [EventQueue-OpenPipelineForHealthyPipelineSafeModeRule] INFO  safemode.SCMSafeModeManager (HealthyPipelineSafeModeRule.java:process(137)) - SCM in safe mode. Healthy pipelines reported count is 0, required healthy pipeline reported count is 1
2022-11-18 13:06:16,595 [ec62b457-0040-4e07-85ab-e1dde9d29779@group-A0FC867C4483-LeaderElection115] INFO  server.RaftServerConfigKeys (ConfUtils.java:logGet(46)) - raft.server.watch.timeout = 180s (custom)
2022-11-18 13:06:16,595 [ec62b457-0040-4e07-85ab-e1dde9d29779@group-A0FC867C4483-LeaderElection115] INFO  server.RaftServerConfigKeys (ConfUtils.java:logGet(46)) - raft.server.watch.timeout.denomination = 1s (default)
2022-11-18 13:06:16,595 [ec62b457-0040-4e07-85ab-e1dde9d29779@group-A0FC867C4483-LeaderElection115] INFO  server.RaftServerConfigKeys (ConfUtils.java:logGet(46)) - raft.server.watch.element-limit = 65536 (default)
2022-11-18 13:06:16,595 [ec62b457-0040-4e07-85ab-e1dde9d29779@group-A0FC867C4483-LeaderElection115] INFO  server.RaftServerConfigKeys (ConfUtils.java:logGet(46)) - raft.server.write.element-limit = 1024 (custom)
2022-11-18 13:06:16,595 [ec62b457-0040-4e07-85ab-e1dde9d29779@group-A0FC867C4483-LeaderElection115] INFO  server.RaftServerConfigKeys (ConfUtils.java:logGet(46)) - raft.server.write.follower.gap.ratio.max = -1.0 (default)
2022-11-18 13:06:16,595 [ec62b457-0040-4e07-85ab-e1dde9d29779@group-A0FC867C4483-LeaderElection115] INFO  impl.RoleInfo (RoleInfo.java:updateAndGet(139)) - ec62b457-0040-4e07-85ab-e1dde9d29779: start ec62b457-0040-4e07-85ab-e1dde9d29779@group-A0FC867C4483-LeaderStateImpl
2022-11-18 13:06:16,596 [ec62b457-0040-4e07-85ab-e1dde9d29779@group-A0FC867C4483-LeaderElection115] INFO  segmented.SegmentedRaftLogWorker (SegmentedRaftLogWorker.java:startLogSegment(452)) - ec62b457-0040-4e07-85ab-e1dde9d29779@group-A0FC867C4483-SegmentedRaftLogWorker: Starting segment from index:0
2022-11-18 13:06:16,600 [ec62b457-0040-4e07-85ab-e1dde9d29779@group-A0FC867C4483-LeaderElection115] INFO  server.RaftServer$Division (ServerState.java:setRaftConf(430)) - ec62b457-0040-4e07-85ab-e1dde9d29779@group-A0FC867C4483: set configuration 0: peers:[ec62b457-0040-4e07-85ab-e1dde9d29779|rpc:10.1.0.56:46203|dataStream:|priority:1|startupRole:FOLLOWER]|listeners:[], old=null
2022-11-18 13:06:16,601 [ec62b457-0040-4e07-85ab-e1dde9d29779@group-A0FC867C4483-SegmentedRaftLogWorker] INFO  segmented.SegmentedRaftLogWorker (SegmentedRaftLogWorker.java:execute(656)) - ec62b457-0040-4e07-85ab-e1dde9d29779@group-A0FC867C4483-SegmentedRaftLogWorker: created new log segment /home/runner/work/ozone/ozone/hadoop-ozone/integration-test/target/test-dir/MiniOzoneClusterImpl-d3d67884-f8de-446f-8121-b5603e1f9142/datanode-1/data/ratis/574da5c7-118c-4be7-9342-a0fc867c4483/current/log_inprogress_0
2022-11-18 13:06:16,701 [Listener at 127.0.0.1/39657] INFO  ozone.MiniOzoneClusterImpl (MiniOzoneClusterImpl.java:lambda$waitForClusterToBeReady$0(216)) - Nodes are ready. Got 7 of 7 DN Heartbeats.
2022-11-18 13:06:16,701 [Listener at 127.0.0.1/39657] INFO  ozone.MiniOzoneClusterImpl (MiniOzoneClusterImpl.java:lambda$waitForClusterToBeReady$0(219)) - Waiting for cluster to exit safe mode
2022-11-18 13:06:16,701 [Listener at 127.0.0.1/39657] INFO  ozone.MiniOzoneClusterImpl (MiniOzoneClusterImpl.java:lambda$waitForClusterToBeReady$0(221)) - SCM became leader
2022-11-18 13:06:16,723 [EventQueue-OpenPipelineForHealthyPipelineSafeModeRule] INFO  safemode.SCMSafeModeManager (HealthyPipelineSafeModeRule.java:process(137)) - SCM in safe mode. Healthy pipelines reported count is 0, required healthy pipeline reported count is 1
2022-11-18 13:06:16,741 [EndpointStateMachine task thread for /0.0.0.0:36157 - 0 ] INFO  ipc.Client (Client.java:handleConnectionFailure(1010)) - Retrying connect to server: 0.0.0.0/0.0.0.0:36157. Already tried 0 time(s); retry policy is RetryUpToMaximumCountWithFixedSleep(maxRetries=15, sleepTime=1000 MILLISECONDS)
2022-11-18 13:06:16,754 [IPC Server handler 0 on default port 36157] INFO  server.SCMDatanodeHeartbeatDispatcher (SCMDatanodeHeartbeatDispatcher.java:dispatch(108)) - SCM received heartbeat from an unregistered datanode 277e5bbd-414d-4f19-87c3-552c8f153d3d{ip: 10.1.0.56, host: fv-az180-400.aibneqh1mxpuhl3tnnuy2ifbce.bx.internal.cloudapp.net, ports: [REPLICATION=34679, RATIS=43003, RATIS_ADMIN=43003, RATIS_SERVER=43003, STANDALONE=43927], networkLocation: /default-rack, certSerialId: null, persistedOpState: null, persistedOpStateExpiryEpochSec: 0}. Asking datanode to re-register.
2022-11-18 13:06:16,757 [IPC Server handler 1 on default port 36157] INFO  server.SCMDatanodeHeartbeatDispatcher (SCMDatanodeHeartbeatDispatcher.java:dispatch(108)) - SCM received heartbeat from an unregistered datanode 62944fc1-681b-46bd-93f7-2482762a7b31{ip: 10.1.0.56, host: fv-az180-400.aibneqh1mxpuhl3tnnuy2ifbce.bx.internal.cloudapp.net, ports: [REPLICATION=41933, RATIS=38905, RATIS_ADMIN=38905, RATIS_SERVER=38905, STANDALONE=35895], networkLocation: /default-rack, certSerialId: null, persistedOpState: null, persistedOpStateExpiryEpochSec: 0}. Asking datanode to re-register.
2022-11-18 13:06:16,759 [IPC Server handler 2 on default port 36157] INFO  server.SCMDatanodeHeartbeatDispatcher (SCMDatanodeHeartbeatDispatcher.java:dispatch(108)) - SCM received heartbeat from an unregistered datanode f55315c2-12b7-4bf7-9755-17bd9d593b12{ip: 10.1.0.56, host: fv-az180-400.aibneqh1mxpuhl3tnnuy2ifbce.bx.internal.cloudapp.net, ports: [REPLICATION=46321, RATIS=41975, RATIS_ADMIN=41975, RATIS_SERVER=41975, STANDALONE=41495], networkLocation: /default-rack, certSerialId: null, persistedOpState: null, persistedOpStateExpiryEpochSec: 0}. Asking datanode to re-register.
2022-11-18 13:06:16,760 [IPC Server handler 3 on default port 36157] INFO  server.SCMDatanodeHeartbeatDispatcher (SCMDatanodeHeartbeatDispatcher.java:dispatch(108)) - SCM received heartbeat from an unregistered datanode 5f7ad737-403f-4287-b3fb-a8d838b89ff3{ip: 10.1.0.56, host: fv-az180-400.aibneqh1mxpuhl3tnnuy2ifbce.bx.internal.cloudapp.net, ports: [REPLICATION=46029, RATIS=42843, RATIS_ADMIN=42843, RATIS_SERVER=42843, STANDALONE=40873], networkLocation: /default-rack, certSerialId: null, persistedOpState: null, persistedOpStateExpiryEpochSec: 0}. Asking datanode to re-register.
2022-11-18 13:06:16,760 [IPC Server handler 3 on default port 36157] INFO  server.SCMDatanodeHeartbeatDispatcher (SCMDatanodeHeartbeatDispatcher.java:dispatch(108)) - SCM received heartbeat from an unregistered datanode dba9af6d-6e82-4367-aab1-8cf42182a7ab{ip: 10.1.0.56, host: fv-az180-400.aibneqh1mxpuhl3tnnuy2ifbce.bx.internal.cloudapp.net, ports: [REPLICATION=34389, RATIS=42951, RATIS_ADMIN=42951, RATIS_SERVER=42951, STANDALONE=36151], networkLocation: /default-rack, certSerialId: null, persistedOpState: null, persistedOpStateExpiryEpochSec: 0}. Asking datanode to re-register.
2022-11-18 13:06:16,761 [IPC Server handler 5 on default port 36157] INFO  server.SCMDatanodeHeartbeatDispatcher (SCMDatanodeHeartbeatDispatcher.java:dispatch(108)) - SCM received heartbeat from an unregistered datanode 4e9d01e2-99f3-4323-a596-366f46fa44e1{ip: 10.1.0.56, host: fv-az180-400.aibneqh1mxpuhl3tnnuy2ifbce.bx.internal.cloudapp.net, ports: [REPLICATION=35349, RATIS=45787, RATIS_ADMIN=45787, RATIS_SERVER=45787, STANDALONE=45767], networkLocation: /default-rack, certSerialId: null, persistedOpState: null, persistedOpStateExpiryEpochSec: 0}. Asking datanode to re-register.
2022-11-18 13:06:16,761 [IPC Server handler 6 on default port 36157] INFO  server.SCMDatanodeHeartbeatDispatcher (SCMDatanodeHeartbeatDispatcher.java:dispatch(108)) - SCM received heartbeat from an unregistered datanode 277e5bbd-414d-4f19-87c3-552c8f153d3d{ip: 10.1.0.56, host: fv-az180-400.aibneqh1mxpuhl3tnnuy2ifbce.bx.internal.cloudapp.net, ports: [REPLICATION=34679, RATIS=43003, RATIS_ADMIN=43003, RATIS_SERVER=43003, STANDALONE=43927], networkLocation: /default-rack, certSerialId: null, persistedOpState: null, persistedOpStateExpiryEpochSec: 0}. Asking datanode to re-register.
2022-11-18 13:06:16,839 [ReplicationMonitor] INFO  replication.ReplicationManager (ReplicationManager.java:processAll(319)) - Replication Manager is not ready to run until 3000ms after safemode exit
2022-11-18 13:06:16,858 [ReplicationMonitor] INFO  replication.ReplicationManager (ReplicationManager.java:processAll(319)) - Replication Manager is not ready to run until 3000ms after safemode exit
2022-11-18 13:06:17,085 [EventQueue-OpenPipelineForHealthyPipelineSafeModeRule] INFO  safemode.SCMSafeModeManager (HealthyPipelineSafeModeRule.java:process(137)) - SCM in safe mode. Healthy pipelines reported count is 0, required healthy pipeline reported count is 1
2022-11-18 13:06:17,215 [b56e85ee-8e41-41ba-8236-410d8ae83499@group-B0097F026191-FollowerState] INFO  impl.FollowerState (FollowerState.java:run(143)) - b56e85ee-8e41-41ba-8236-410d8ae83499@group-B0097F026191-FollowerState: change to CANDIDATE, lastRpcElapsedTime:5134546721ns, electionTimeout:5134ms
2022-11-18 13:06:17,216 [b56e85ee-8e41-41ba-8236-410d8ae83499@group-B0097F026191-FollowerState] INFO  impl.RoleInfo (RoleInfo.java:shutdownFollowerState(110)) - b56e85ee-8e41-41ba-8236-410d8ae83499: shutdown b56e85ee-8e41-41ba-8236-410d8ae83499@group-B0097F026191-FollowerState
2022-11-18 13:06:17,216 [b56e85ee-8e41-41ba-8236-410d8ae83499@group-B0097F026191-FollowerState] INFO  server.RaftServer$Division (RaftServerImpl.java:setRole(321)) - b56e85ee-8e41-41ba-8236-410d8ae83499@group-B0097F026191: changes role from  FOLLOWER to CANDIDATE at term 0 for changeToCandidate
2022-11-18 13:06:17,216 [b56e85ee-8e41-41ba-8236-410d8ae83499@group-B0097F026191-FollowerState] INFO  server.RaftServerConfigKeys (ConfUtils.java:logGet(46)) - raft.server.leaderelection.pre-vote = false (custom)
2022-11-18 13:06:17,216 [b56e85ee-8e41-41ba-8236-410d8ae83499@group-B0097F026191-FollowerState] INFO  impl.RoleInfo (RoleInfo.java:updateAndGet(139)) - b56e85ee-8e41-41ba-8236-410d8ae83499: start b56e85ee-8e41-41ba-8236-410d8ae83499@group-B0097F026191-LeaderElection116
2022-11-18 13:06:17,218 [b56e85ee-8e41-41ba-8236-410d8ae83499@group-B0097F026191-LeaderElection116] INFO  impl.LeaderElection (LeaderElection.java:askForVotes(312)) - b56e85ee-8e41-41ba-8236-410d8ae83499@group-B0097F026191-LeaderElection116 ELECTION round 0: submit vote requests at term 1 for -1: peers:[b56e85ee-8e41-41ba-8236-410d8ae83499|rpc:10.1.0.56:36407|priority:1|startupRole:FOLLOWER]|listeners:[], old=null
2022-11-18 13:06:17,218 [b56e85ee-8e41-41ba-8236-410d8ae83499@group-B0097F026191-LeaderElection116] INFO  impl.LeaderElection (LeaderElection.java:askForVotes(314)) - b56e85ee-8e41-41ba-8236-410d8ae83499@group-B0097F026191-LeaderElection116 ELECTION round 0: result PASSED (term=1)
2022-11-18 13:06:17,218 [b56e85ee-8e41-41ba-8236-410d8ae83499@group-B0097F026191-LeaderElection116] INFO  impl.RoleInfo (RoleInfo.java:shutdownLeaderElection(130)) - b56e85ee-8e41-41ba-8236-410d8ae83499: shutdown b56e85ee-8e41-41ba-8236-410d8ae83499@group-B0097F026191-LeaderElection116
2022-11-18 13:06:17,218 [b56e85ee-8e41-41ba-8236-410d8ae83499@group-B0097F026191-LeaderElection116] INFO  server.RaftServer$Division (RaftServerImpl.java:setRole(321)) - b56e85ee-8e41-41ba-8236-410d8ae83499@group-B0097F026191: changes role from CANDIDATE to LEADER at term 1 for changeToLeader
2022-11-18 13:06:17,218 [b56e85ee-8e41-41ba-8236-410d8ae83499@group-B0097F026191-LeaderElection116] INFO  ratis.XceiverServerRatis (XceiverServerRatis.java:handleLeaderChangedNotification(863)) - Leader change notification received for group: group-B0097F026191 with new leaderId: b56e85ee-8e41-41ba-8236-410d8ae83499
2022-11-18 13:06:17,218 [b56e85ee-8e41-41ba-8236-410d8ae83499@group-B0097F026191-LeaderElection116] INFO  server.RaftServer$Division (ServerState.java:setLeader(313)) - b56e85ee-8e41-41ba-8236-410d8ae83499@group-B0097F026191: change Leader from null to b56e85ee-8e41-41ba-8236-410d8ae83499 at term 1 for becomeLeader, leader elected after 5151ms
2022-11-18 13:06:17,218 [b56e85ee-8e41-41ba-8236-410d8ae83499@group-B0097F026191-LeaderElection116] INFO  server.RaftServerConfigKeys (ConfUtils.java:logGet(46)) - raft.server.staging.catchup.gap = 1000 (default)
2022-11-18 13:06:17,219 [b56e85ee-8e41-41ba-8236-410d8ae83499@group-B0097F026191-LeaderElection116] INFO  server.RaftServerConfigKeys (ConfUtils.java:logGet(46)) - raft.server.write.element-limit = 1024 (custom)
2022-11-18 13:06:17,219 [EventQueue-OpenPipelineForHealthyPipelineSafeModeRule] INFO  safemode.SCMSafeModeManager (HealthyPipelineSafeModeRule.java:process(137)) - SCM in safe mode. Healthy pipelines reported count is 0, required healthy pipeline reported count is 1
2022-11-18 13:06:17,219 [b56e85ee-8e41-41ba-8236-410d8ae83499@group-B0097F026191-LeaderElection116] INFO  server.RaftServerConfigKeys (ConfUtils.java:logGet(46)) - raft.server.write.byte-limit = 1024 M (=1073741824) (custom)
2022-11-18 13:06:17,220 [b56e85ee-8e41-41ba-8236-410d8ae83499@group-B0097F026191-LeaderElection116] INFO  server.RaftServerConfigKeys (ConfUtils.java:logGet(46)) - raft.server.watch.timeout = 180s (custom)
2022-11-18 13:06:17,220 [b56e85ee-8e41-41ba-8236-410d8ae83499@group-B0097F026191-LeaderElection116] INFO  server.RaftServerConfigKeys (ConfUtils.java:logGet(46)) - raft.server.watch.timeout.denomination = 1s (default)
2022-11-18 13:06:17,220 [b56e85ee-8e41-41ba-8236-410d8ae83499@group-B0097F026191-LeaderElection116] INFO  server.RaftServerConfigKeys (ConfUtils.java:logGet(46)) - raft.server.watch.element-limit = 65536 (default)
2022-11-18 13:06:17,220 [b56e85ee-8e41-41ba-8236-410d8ae83499@group-B0097F026191-LeaderElection116] INFO  server.RaftServerConfigKeys (ConfUtils.java:logGet(46)) - raft.server.write.element-limit = 1024 (custom)
2022-11-18 13:06:17,220 [b56e85ee-8e41-41ba-8236-410d8ae83499@group-B0097F026191-LeaderElection116] INFO  server.RaftServerConfigKeys (ConfUtils.java:logGet(46)) - raft.server.write.follower.gap.ratio.max = -1.0 (default)
2022-11-18 13:06:17,220 [b56e85ee-8e41-41ba-8236-410d8ae83499@group-B0097F026191-LeaderElection116] INFO  impl.RoleInfo (RoleInfo.java:updateAndGet(139)) - b56e85ee-8e41-41ba-8236-410d8ae83499: start b56e85ee-8e41-41ba-8236-410d8ae83499@group-B0097F026191-LeaderStateImpl
2022-11-18 13:06:17,221 [b56e85ee-8e41-41ba-8236-410d8ae83499@group-B0097F026191-LeaderElection116] INFO  segmented.SegmentedRaftLogWorker (SegmentedRaftLogWorker.java:startLogSegment(452)) - b56e85ee-8e41-41ba-8236-410d8ae83499@group-B0097F026191-SegmentedRaftLogWorker: Starting segment from index:0
2022-11-18 13:06:17,225 [b56e85ee-8e41-41ba-8236-410d8ae83499@group-B0097F026191-LeaderElection116] INFO  server.RaftServer$Division (ServerState.java:setRaftConf(430)) - b56e85ee-8e41-41ba-8236-410d8ae83499@group-B0097F026191: set configuration 0: peers:[b56e85ee-8e41-41ba-8236-410d8ae83499|rpc:10.1.0.56:36407|dataStream:|priority:1|startupRole:FOLLOWER]|listeners:[], old=null
2022-11-18 13:06:17,225 [b56e85ee-8e41-41ba-8236-410d8ae83499@group-B0097F026191-SegmentedRaftLogWorker] INFO  segmented.SegmentedRaftLogWorker (SegmentedRaftLogWorker.java:execute(656)) - b56e85ee-8e41-41ba-8236-410d8ae83499@group-B0097F026191-SegmentedRaftLogWorker: created new log segment /home/runner/work/ozone/ozone/hadoop-ozone/integration-test/target/test-dir/MiniOzoneClusterImpl-d3d67884-f8de-446f-8121-b5603e1f9142/datanode-2/data/ratis/280b0efe-1f3b-4d9f-a1c7-b0097f026191/current/log_inprogress_0
2022-11-18 13:06:17,274 [EventQueue-OpenPipelineForHealthyPipelineSafeModeRule] INFO  safemode.SCMSafeModeManager (HealthyPipelineSafeModeRule.java:process(137)) - SCM in safe mode. Healthy pipelines reported count is 0, required healthy pipeline reported count is 1
2022-11-18 13:06:17,378 [EventQueue-OpenPipelineForHealthyPipelineSafeModeRule] INFO  safemode.SCMSafeModeManager (HealthyPipelineSafeModeRule.java:process(137)) - SCM in safe mode. Healthy pipelines reported count is 0, required healthy pipeline reported count is 1
2022-11-18 13:06:17,440 [IPC Server handler 0 on default port 36157] INFO  net.NetworkTopologyImpl (NetworkTopologyImpl.java:add(112)) - Added a new node: /default-rack/f55315c2-12b7-4bf7-9755-17bd9d593b12
2022-11-18 13:06:17,441 [IPC Server handler 0 on default port 36157] INFO  node.SCMNodeManager (SCMNodeManager.java:register(397)) - Registered Data node : f55315c2-12b7-4bf7-9755-17bd9d593b12{ip: 10.1.0.56, host: fv-az180-400.aibneqh1mxpuhl3tnnuy2ifbce.bx.internal.cloudapp.net, ports: [REPLICATION=46321, RATIS=41975, RATIS_ADMIN=41975, RATIS_SERVER=41975, STANDALONE=41495], networkLocation: /default-rack, certSerialId: null, persistedOpState: null, persistedOpStateExpiryEpochSec: 0}
2022-11-18 13:06:17,448 [EventQueue-NodeRegistrationContainerReportForDataNodeSafeModeRule] INFO  safemode.SCMSafeModeManager (DataNodeSafeModeRule.java:process(71)) - SCM in safe mode. 1 DataNodes registered, 3 required.
2022-11-18 13:06:17,448 [EventQueue-NodeRegistrationContainerReportForContainerSafeModeRule] INFO  safemode.SCMSafeModeManager (ContainerSafeModeRule.java:process(127)) - SCM in safe mode. 0.0 % containers have at least one reported replica.
2022-11-18 13:06:17,449 [IPC Server handler 1 on default port 36157] INFO  net.NetworkTopologyImpl (NetworkTopologyImpl.java:add(112)) - Added a new node: /default-rack/dba9af6d-6e82-4367-aab1-8cf42182a7ab
2022-11-18 13:06:17,449 [IPC Server handler 1 on default port 36157] INFO  node.SCMNodeManager (SCMNodeManager.java:register(397)) - Registered Data node : dba9af6d-6e82-4367-aab1-8cf42182a7ab{ip: 10.1.0.56, host: fv-az180-400.aibneqh1mxpuhl3tnnuy2ifbce.bx.internal.cloudapp.net, ports: [REPLICATION=34389, RATIS=42951, RATIS_ADMIN=42951, RATIS_SERVER=42951, STANDALONE=36151], networkLocation: /default-rack, certSerialId: null, persistedOpState: null, persistedOpStateExpiryEpochSec: 0}
2022-11-18 13:06:17,449 [IPC Server handler 2 on default port 36157] INFO  net.NetworkTopologyImpl (NetworkTopologyImpl.java:add(112)) - Added a new node: /default-rack/5f7ad737-403f-4287-b3fb-a8d838b89ff3
2022-11-18 13:06:17,449 [IPC Server handler 2 on default port 36157] INFO  node.SCMNodeManager (SCMNodeManager.java:register(397)) - Registered Data node : 5f7ad737-403f-4287-b3fb-a8d838b89ff3{ip: 10.1.0.56, host: fv-az180-400.aibneqh1mxpuhl3tnnuy2ifbce.bx.internal.cloudapp.net, ports: [REPLICATION=46029, RATIS=42843, RATIS_ADMIN=42843, RATIS_SERVER=42843, STANDALONE=40873], networkLocation: /default-rack, certSerialId: null, persistedOpState: null, persistedOpStateExpiryEpochSec: 0}
2022-11-18 13:06:17,450 [EventQueue-PipelineReportForOneReplicaPipelineSafeModeRule] INFO  safemode.SCMSafeModeManager (OneReplicaPipelineSafeModeRule.java:process(120)) - SCM in safe mode. Pipelines with at least one datanode reported count is 1, required at least one datanode reported per pipeline count is 2
2022-11-18 13:06:17,455 [EventQueue-NodeRegistrationContainerReportForDataNodeSafeModeRule] INFO  safemode.SCMSafeModeManager (DataNodeSafeModeRule.java:process(71)) - SCM in safe mode. 2 DataNodes registered, 3 required.
2022-11-18 13:06:17,455 [EventQueue-NodeRegistrationContainerReportForContainerSafeModeRule] INFO  safemode.SCMSafeModeManager (ContainerSafeModeRule.java:process(127)) - SCM in safe mode. 0.0 % containers have at least one reported replica.
2022-11-18 13:06:17,457 [EventQueue-NodeRegistrationContainerReportForDataNodeSafeModeRule] INFO  safemode.SCMSafeModeManager (DataNodeSafeModeRule.java:process(71)) - SCM in safe mode. 3 DataNodes registered, 3 required.
2022-11-18 13:06:17,457 [EventQueue-PipelineReportForOneReplicaPipelineSafeModeRule] INFO  safemode.SCMSafeModeManager (OneReplicaPipelineSafeModeRule.java:process(120)) - SCM in safe mode. Pipelines with at least one datanode reported count is 1, required at least one datanode reported per pipeline count is 2
2022-11-18 13:06:17,457 [EventQueue-NewNodeForNewNodeHandler] INFO  pipeline.BackgroundPipelineCreator (BackgroundPipelineCreator.java:notifyEventTriggered(276)) - trigger a one-shot run on RatisPipelineUtilsThread.
2022-11-18 13:06:17,457 [EventQueue-PipelineReportForOneReplicaPipelineSafeModeRule] INFO  safemode.SCMSafeModeManager (OneReplicaPipelineSafeModeRule.java:process(120)) - SCM in safe mode. Pipelines with at least one datanode reported count is 1, required at least one datanode reported per pipeline count is 2
2022-11-18 13:06:17,457 [EventQueue-NewNodeForNewNodeHandler] INFO  pipeline.BackgroundPipelineCreator (BackgroundPipelineCreator.java:notifyEventTriggered(276)) - trigger a one-shot run on RatisPipelineUtilsThread.
2022-11-18 13:06:17,457 [EventQueue-NodeRegistrationContainerReportForDataNodeSafeModeRule] INFO  safemode.SCMSafeModeManager (SCMSafeModeManager.java:validateSafeModeExitRules(204)) - DataNodeSafeModeRule rule is successfully validated
2022-11-18 13:06:17,475 [EventQueue-NodeRegistrationContainerReportForDataNodeSafeModeRule] INFO  safemode.SCMSafeModeManager (SCMSafeModeManager.java:completePreCheck(233)) - All SCM safe mode pre check rules have passed
2022-11-18 13:06:17,475 [EventQueue-NodeRegistrationContainerReportForDataNodeSafeModeRule] WARN  events.EventQueue (EventQueue.java:fireEvent(216)) - No event handler registered for event TypedEvent{payloadType=SafeModeStatus, name='Safe mode status'}
2022-11-18 13:06:17,475 [EventQueue-NodeRegistrationContainerReportForDataNodeSafeModeRule] INFO  ha.SCMContext (SCMContext.java:updateSafeModeStatus(228)) - Update SafeModeStatus from SafeModeStatus{safeModeStatus=true, preCheckPassed=false} to SafeModeStatus{safeModeStatus=true, preCheckPassed=true}.
2022-11-18 13:06:17,475 [EventQueue-NewNodeForNewNodeHandler] INFO  pipeline.BackgroundPipelineCreator (BackgroundPipelineCreator.java:notifyEventTriggered(276)) - trigger a one-shot run on RatisPipelineUtilsThread.
2022-11-18 13:06:17,475 [EventQueue-NodeRegistrationContainerReportForDataNodeSafeModeRule] INFO  pipeline.BackgroundPipelineCreator (BackgroundPipelineCreator.java:notifyEventTriggered(276)) - trigger a one-shot run on RatisPipelineUtilsThread.
2022-11-18 13:06:17,474 [EventQueue-NodeRegistrationContainerReportForContainerSafeModeRule] INFO  safemode.SCMSafeModeManager (ContainerSafeModeRule.java:process(127)) - SCM in safe mode. 0.0 % containers have at least one reported replica.
2022-11-18 13:06:17,482 [EventQueue-OpenPipelineForHealthyPipelineSafeModeRule] INFO  safemode.SCMSafeModeManager (HealthyPipelineSafeModeRule.java:process(137)) - SCM in safe mode. Healthy pipelines reported count is 0, required healthy pipeline reported count is 1
2022-11-18 13:06:17,482 [EventQueue-OpenPipelineForHealthyPipelineSafeModeRule] INFO  safemode.SCMSafeModeManager (HealthyPipelineSafeModeRule.java:process(137)) - SCM in safe mode. Healthy pipelines reported count is 0, required healthy pipeline reported count is 1
2022-11-18 13:06:17,482 [EventQueue-OpenPipelineForHealthyPipelineSafeModeRule] INFO  safemode.SCMSafeModeManager (HealthyPipelineSafeModeRule.java:process(137)) - SCM in safe mode. Healthy pipelines reported count is 1, required healthy pipeline reported count is 1
2022-11-18 13:06:17,483 [EventQueue-OpenPipelineForHealthyPipelineSafeModeRule] INFO  safemode.SCMSafeModeManager (SCMSafeModeManager.java:validateSafeModeExitRules(204)) - HealthyPipelineSafeModeRule rule is successfully validated
2022-11-18 13:06:17,489 [Under Replicated Processor] INFO  replication.UnderReplicatedProcessor (UnderReplicatedProcessor.java:processAll(92)) - Processed 0 under replicated containers, failed processing 0
2022-11-18 13:06:17,489 [Over Replicated Processor] INFO  replication.OverReplicatedProcessor (OverReplicatedProcessor.java:processAll(90)) - Processed 0 over replicated containers, failed processing 0
2022-11-18 13:06:17,490 [ReplicationMonitor] INFO  replication.ReplicationManager (ReplicationManager.java:processAll(352)) - Replication Monitor Thread took 0 milliseconds for processing 0 containers.
2022-11-18 13:06:17,594 [EventQueue-OpenPipelineForHealthyPipelineSafeModeRule] INFO  safemode.SCMSafeModeManager (HealthyPipelineSafeModeRule.java:process(137)) - SCM in safe mode. Healthy pipelines reported count is 0, required healthy pipeline reported count is 1
2022-11-18 13:06:17,645 [IPC Server handler 3 on default port 36157] INFO  net.NetworkTopologyImpl (NetworkTopologyImpl.java:add(112)) - Added a new node: /default-rack/4e9d01e2-99f3-4323-a596-366f46fa44e1
2022-11-18 13:06:17,645 [IPC Server handler 3 on default port 36157] INFO  node.SCMNodeManager (SCMNodeManager.java:register(397)) - Registered Data node : 4e9d01e2-99f3-4323-a596-366f46fa44e1{ip: 10.1.0.56, host: fv-az180-400.aibneqh1mxpuhl3tnnuy2ifbce.bx.internal.cloudapp.net, ports: [REPLICATION=35349, RATIS=45787, RATIS_ADMIN=45787, RATIS_SERVER=45787, STANDALONE=45767], networkLocation: /default-rack, certSerialId: null, persistedOpState: null, persistedOpStateExpiryEpochSec: 0}
2022-11-18 13:06:17,645 [EventQueue-NewNodeForNewNodeHandler] INFO  pipeline.BackgroundPipelineCreator (BackgroundPipelineCreator.java:notifyEventTriggered(276)) - trigger a one-shot run on RatisPipelineUtilsThread.
2022-11-18 13:06:17,645 [EventQueue-NodeRegistrationContainerReportForContainerSafeModeRule] INFO  safemode.SCMSafeModeManager (ContainerSafeModeRule.java:process(127)) - SCM in safe mode. 0.0 % containers have at least one reported replica.
2022-11-18 13:06:17,645 [EventQueue-PipelineReportForOneReplicaPipelineSafeModeRule] INFO  safemode.SCMSafeModeManager (OneReplicaPipelineSafeModeRule.java:process(120)) - SCM in safe mode. Pipelines with at least one datanode reported count is 2, required at least one datanode reported per pipeline count is 2
2022-11-18 13:06:17,645 [EventQueue-PipelineReportForOneReplicaPipelineSafeModeRule] INFO  safemode.SCMSafeModeManager (SCMSafeModeManager.java:validateSafeModeExitRules(204)) - AtleastOneDatanodeReportedRule rule is successfully validated
2022-11-18 13:06:17,658 [5dd764d2-4196-4eea-b07c-aeebc5ccca01@group-3540D49EE6A3-FollowerState] INFO  impl.FollowerState (FollowerState.java:run(143)) - 5dd764d2-4196-4eea-b07c-aeebc5ccca01@group-3540D49EE6A3-FollowerState: change to CANDIDATE, lastRpcElapsedTime:5097447123ns, electionTimeout:5097ms
2022-11-18 13:06:17,658 [5dd764d2-4196-4eea-b07c-aeebc5ccca01@group-3540D49EE6A3-FollowerState] INFO  impl.RoleInfo (RoleInfo.java:shutdownFollowerState(110)) - 5dd764d2-4196-4eea-b07c-aeebc5ccca01: shutdown 5dd764d2-4196-4eea-b07c-aeebc5ccca01@group-3540D49EE6A3-FollowerState
2022-11-18 13:06:17,658 [5dd764d2-4196-4eea-b07c-aeebc5ccca01@group-3540D49EE6A3-FollowerState] INFO  server.RaftServer$Division (RaftServerImpl.java:setRole(321)) - 5dd764d2-4196-4eea-b07c-aeebc5ccca01@group-3540D49EE6A3: changes role from  FOLLOWER to CANDIDATE at term 0 for changeToCandidate
2022-11-18 13:06:17,659 [5dd764d2-4196-4eea-b07c-aeebc5ccca01@group-3540D49EE6A3-FollowerState] INFO  server.RaftServerConfigKeys (ConfUtils.java:logGet(46)) - raft.server.leaderelection.pre-vote = false (custom)
2022-11-18 13:06:17,659 [5dd764d2-4196-4eea-b07c-aeebc5ccca01@group-3540D49EE6A3-FollowerState] INFO  impl.RoleInfo (RoleInfo.java:updateAndGet(139)) - 5dd764d2-4196-4eea-b07c-aeebc5ccca01: start 5dd764d2-4196-4eea-b07c-aeebc5ccca01@group-3540D49EE6A3-LeaderElection117
2022-11-18 13:06:17,660 [5dd764d2-4196-4eea-b07c-aeebc5ccca01@group-3540D49EE6A3-LeaderElection117] INFO  impl.LeaderElection (LeaderElection.java:askForVotes(312)) - 5dd764d2-4196-4eea-b07c-aeebc5ccca01@group-3540D49EE6A3-LeaderElection117 ELECTION round 0: submit vote requests at term 1 for -1: peers:[5dd764d2-4196-4eea-b07c-aeebc5ccca01|rpc:10.1.0.56:34919|priority:1|startupRole:FOLLOWER]|listeners:[], old=null
2022-11-18 13:06:17,661 [5dd764d2-4196-4eea-b07c-aeebc5ccca01@group-3540D49EE6A3-LeaderElection117] INFO  impl.LeaderElection (LeaderElection.java:askForVotes(314)) - 5dd764d2-4196-4eea-b07c-aeebc5ccca01@group-3540D49EE6A3-LeaderElection117 ELECTION round 0: result PASSED (term=1)
2022-11-18 13:06:17,661 [5dd764d2-4196-4eea-b07c-aeebc5ccca01@group-3540D49EE6A3-LeaderElection117] INFO  impl.RoleInfo (RoleInfo.java:shutdownLeaderElection(130)) - 5dd764d2-4196-4eea-b07c-aeebc5ccca01: shutdown 5dd764d2-4196-4eea-b07c-aeebc5ccca01@group-3540D49EE6A3-LeaderElection117
2022-11-18 13:06:17,661 [5dd764d2-4196-4eea-b07c-aeebc5ccca01@group-3540D49EE6A3-LeaderElection117] INFO  server.RaftServer$Division (RaftServerImpl.java:setRole(321)) - 5dd764d2-4196-4eea-b07c-aeebc5ccca01@group-3540D49EE6A3: changes role from CANDIDATE to LEADER at term 1 for changeToLeader
2022-11-18 13:06:17,661 [5dd764d2-4196-4eea-b07c-aeebc5ccca01@group-3540D49EE6A3-LeaderElection117] INFO  ratis.XceiverServerRatis (XceiverServerRatis.java:handleLeaderChangedNotification(863)) - Leader change notification received for group: group-3540D49EE6A3 with new leaderId: 5dd764d2-4196-4eea-b07c-aeebc5ccca01
2022-11-18 13:06:17,661 [5dd764d2-4196-4eea-b07c-aeebc5ccca01@group-3540D49EE6A3-LeaderElection117] INFO  server.RaftServer$Division (ServerState.java:setLeader(313)) - 5dd764d2-4196-4eea-b07c-aeebc5ccca01@group-3540D49EE6A3: change Leader from null to 5dd764d2-4196-4eea-b07c-aeebc5ccca01 at term 1 for becomeLeader, leader elected after 5114ms
2022-11-18 13:06:17,661 [5dd764d2-4196-4eea-b07c-aeebc5ccca01@group-3540D49EE6A3-LeaderElection117] INFO  server.RaftServerConfigKeys (ConfUtils.java:logGet(46)) - raft.server.staging.catchup.gap = 1000 (default)
2022-11-18 13:06:17,661 [5dd764d2-4196-4eea-b07c-aeebc5ccca01@group-3540D49EE6A3-LeaderElection117] INFO  server.RaftServerConfigKeys (ConfUtils.java:logGet(46)) - raft.server.write.element-limit = 1024 (custom)
2022-11-18 13:06:17,661 [EventQueue-OpenPipelineForHealthyPipelineSafeModeRule] INFO  safemode.SCMSafeModeManager (HealthyPipelineSafeModeRule.java:process(137)) - SCM in safe mode. Healthy pipelines reported count is 0, required healthy pipeline reported count is 1
2022-11-18 13:06:17,661 [5dd764d2-4196-4eea-b07c-aeebc5ccca01@group-3540D49EE6A3-LeaderElection117] INFO  server.RaftServerConfigKeys (ConfUtils.java:logGet(46)) - raft.server.write.byte-limit = 1024 M (=1073741824) (custom)
2022-11-18 13:06:17,662 [5dd764d2-4196-4eea-b07c-aeebc5ccca01@group-3540D49EE6A3-LeaderElection117] INFO  server.RaftServerConfigKeys (ConfUtils.java:logGet(46)) - raft.server.watch.timeout = 180s (custom)
2022-11-18 13:06:17,662 [5dd764d2-4196-4eea-b07c-aeebc5ccca01@group-3540D49EE6A3-LeaderElection117] INFO  server.RaftServerConfigKeys (ConfUtils.java:logGet(46)) - raft.server.watch.timeout.denomination = 1s (default)
2022-11-18 13:06:17,662 [5dd764d2-4196-4eea-b07c-aeebc5ccca01@group-3540D49EE6A3-LeaderElection117] INFO  server.RaftServerConfigKeys (ConfUtils.java:logGet(46)) - raft.server.watch.element-limit = 65536 (default)
2022-11-18 13:06:17,662 [5dd764d2-4196-4eea-b07c-aeebc5ccca01@group-3540D49EE6A3-LeaderElection117] INFO  server.RaftServerConfigKeys (ConfUtils.java:logGet(46)) - raft.server.write.element-limit = 1024 (custom)
2022-11-18 13:06:17,662 [5dd764d2-4196-4eea-b07c-aeebc5ccca01@group-3540D49EE6A3-LeaderElection117] INFO  server.RaftServerConfigKeys (ConfUtils.java:logGet(46)) - raft.server.write.follower.gap.ratio.max = -1.0 (default)
2022-11-18 13:06:17,663 [5dd764d2-4196-4eea-b07c-aeebc5ccca01@group-3540D49EE6A3-LeaderElection117] INFO  impl.RoleInfo (RoleInfo.java:updateAndGet(139)) - 5dd764d2-4196-4eea-b07c-aeebc5ccca01: start 5dd764d2-4196-4eea-b07c-aeebc5ccca01@group-3540D49EE6A3-LeaderStateImpl
2022-11-18 13:06:17,663 [5dd764d2-4196-4eea-b07c-aeebc5ccca01@group-3540D49EE6A3-LeaderElection117] INFO  segmented.SegmentedRaftLogWorker (SegmentedRaftLogWorker.java:startLogSegment(452)) - 5dd764d2-4196-4eea-b07c-aeebc5ccca01@group-3540D49EE6A3-SegmentedRaftLogWorker: Starting segment from index:0
2022-11-18 13:06:17,673 [5dd764d2-4196-4eea-b07c-aeebc5ccca01@group-3540D49EE6A3-LeaderElection117] INFO  server.RaftServer$Division (ServerState.java:setRaftConf(430)) - 5dd764d2-4196-4eea-b07c-aeebc5ccca01@group-3540D49EE6A3: set configuration 0: peers:[5dd764d2-4196-4eea-b07c-aeebc5ccca01|rpc:10.1.0.56:34919|dataStream:|priority:1|startupRole:FOLLOWER]|listeners:[], old=null
2022-11-18 13:06:17,675 [5dd764d2-4196-4eea-b07c-aeebc5ccca01@group-3540D49EE6A3-SegmentedRaftLogWorker] INFO  segmented.SegmentedRaftLogWorker (SegmentedRaftLogWorker.java:execute(656)) - 5dd764d2-4196-4eea-b07c-aeebc5ccca01@group-3540D49EE6A3-SegmentedRaftLogWorker: created new log segment /home/runner/work/ozone/ozone/hadoop-ozone/integration-test/target/test-dir/MiniOzoneClusterImpl-d3d67884-f8de-446f-8121-b5603e1f9142/datanode-3/data/ratis/3c3e28e2-f889-49ee-82f7-3540d49ee6a3/current/log_inprogress_0
2022-11-18 13:06:17,691 [767ffbb5-8206-4017-b2eb-6858697bfab3@group-9C27DC43941B-FollowerState] INFO  impl.FollowerState (FollowerState.java:run(143)) - 767ffbb5-8206-4017-b2eb-6858697bfab3@group-9C27DC43941B-FollowerState: change to CANDIDATE, lastRpcElapsedTime:5072464735ns, electionTimeout:5072ms
2022-11-18 13:06:17,691 [767ffbb5-8206-4017-b2eb-6858697bfab3@group-9C27DC43941B-FollowerState] INFO  impl.RoleInfo (RoleInfo.java:shutdownFollowerState(110)) - 767ffbb5-8206-4017-b2eb-6858697bfab3: shutdown 767ffbb5-8206-4017-b2eb-6858697bfab3@group-9C27DC43941B-FollowerState
2022-11-18 13:06:17,691 [767ffbb5-8206-4017-b2eb-6858697bfab3@group-9C27DC43941B-FollowerState] INFO  server.RaftServer$Division (RaftServerImpl.java:setRole(321)) - 767ffbb5-8206-4017-b2eb-6858697bfab3@group-9C27DC43941B: changes role from  FOLLOWER to CANDIDATE at term 0 for changeToCandidate
2022-11-18 13:06:17,691 [767ffbb5-8206-4017-b2eb-6858697bfab3@group-9C27DC43941B-FollowerState] INFO  server.RaftServerConfigKeys (ConfUtils.java:logGet(46)) - raft.server.leaderelection.pre-vote = false (custom)
2022-11-18 13:06:17,691 [767ffbb5-8206-4017-b2eb-6858697bfab3@group-9C27DC43941B-FollowerState] INFO  impl.RoleInfo (RoleInfo.java:updateAndGet(139)) - 767ffbb5-8206-4017-b2eb-6858697bfab3: start 767ffbb5-8206-4017-b2eb-6858697bfab3@group-9C27DC43941B-LeaderElection118
2022-11-18 13:06:17,694 [767ffbb5-8206-4017-b2eb-6858697bfab3@group-9C27DC43941B-LeaderElection118] INFO  impl.LeaderElection (LeaderElection.java:askForVotes(312)) - 767ffbb5-8206-4017-b2eb-6858697bfab3@group-9C27DC43941B-LeaderElection118 ELECTION round 0: submit vote requests at term 1 for -1: peers:[5dd764d2-4196-4eea-b07c-aeebc5ccca01|rpc:10.1.0.56:34919|dataStream:|priority:0|startupRole:FOLLOWER, ea04acba-2572-4ce4-bec1-b0e6c6418c45|rpc:10.1.0.56:42173|dataStream:|priority:0|startupRole:FOLLOWER, 767ffbb5-8206-4017-b2eb-6858697bfab3|rpc:10.1.0.56:39469|dataStream:|priority:1|startupRole:FOLLOWER]|listeners:[], old=null
2022-11-18 13:06:17,695 [767ffbb5-8206-4017-b2eb-6858697bfab3@group-9C27DC43941B-LeaderElection118] INFO  server.RaftServerConfigKeys (ConfUtils.java:logFallback(53)) - raft.server.rpc.first-election.timeout.min = 5s (fallback to raft.server.rpc.timeout.min)
2022-11-18 13:06:17,695 [767ffbb5-8206-4017-b2eb-6858697bfab3@group-9C27DC43941B-LeaderElection118-1] INFO  server.GrpcServerProtocolClient (GrpcServerProtocolClient.java:<init>(63)) - Build channel for 5dd764d2-4196-4eea-b07c-aeebc5ccca01
2022-11-18 13:06:17,695 [767ffbb5-8206-4017-b2eb-6858697bfab3@group-9C27DC43941B-LeaderElection118] INFO  server.RaftServerConfigKeys (ConfUtils.java:logFallback(53)) - raft.server.rpc.first-election.timeout.max = 5200ms (fallback to raft.server.rpc.timeout.max)
2022-11-18 13:06:17,695 [767ffbb5-8206-4017-b2eb-6858697bfab3@group-9C27DC43941B-LeaderElection118-2] INFO  server.GrpcServerProtocolClient (GrpcServerProtocolClient.java:<init>(63)) - Build channel for ea04acba-2572-4ce4-bec1-b0e6c6418c45
2022-11-18 13:06:17,715 [Listener at 127.0.0.1/39657] INFO  ozone.MiniOzoneClusterImpl (MiniOzoneClusterImpl.java:lambda$waitForClusterToBeReady$0(216)) - Nodes are ready. Got 7 of 7 DN Heartbeats.
2022-11-18 13:06:17,715 [Listener at 127.0.0.1/39657] INFO  ozone.MiniOzoneClusterImpl (MiniOzoneClusterImpl.java:lambda$waitForClusterToBeReady$0(219)) - Waiting for cluster to exit safe mode
2022-11-18 13:06:17,715 [Listener at 127.0.0.1/39657] INFO  ozone.MiniOzoneClusterImpl (MiniOzoneClusterImpl.java:lambda$waitForClusterToBeReady$0(221)) - SCM became leader
2022-11-18 13:06:17,715 [grpc-default-executor-6] INFO  server.RaftServer$Division (RaftServerImpl.java:requestVote(1218)) - ea04acba-2572-4ce4-bec1-b0e6c6418c45@group-9C27DC43941B: receive requestVote(ELECTION, 767ffbb5-8206-4017-b2eb-6858697bfab3, group-9C27DC43941B, 1, (t:0, i:0))
2022-11-18 13:06:17,715 [grpc-default-executor-6] INFO  impl.VoteContext (VoteContext.java:log(48)) - ea04acba-2572-4ce4-bec1-b0e6c6418c45@group-9C27DC43941B-FOLLOWER: accept ELECTION from 767ffbb5-8206-4017-b2eb-6858697bfab3: our priority 0 <= candidate's priority 1
2022-11-18 13:06:17,715 [grpc-default-executor-6] INFO  server.RaftServer$Division (RaftServerImpl.java:setRole(321)) - ea04acba-2572-4ce4-bec1-b0e6c6418c45@group-9C27DC43941B: changes role from  FOLLOWER to FOLLOWER at term 1 for candidate:767ffbb5-8206-4017-b2eb-6858697bfab3
2022-11-18 13:06:17,715 [grpc-default-executor-6] INFO  impl.RoleInfo (RoleInfo.java:shutdownFollowerState(110)) - ea04acba-2572-4ce4-bec1-b0e6c6418c45: shutdown ea04acba-2572-4ce4-bec1-b0e6c6418c45@group-9C27DC43941B-FollowerState
2022-11-18 13:06:17,715 [grpc-default-executor-6] INFO  impl.RoleInfo (RoleInfo.java:updateAndGet(139)) - ea04acba-2572-4ce4-bec1-b0e6c6418c45: start ea04acba-2572-4ce4-bec1-b0e6c6418c45@group-9C27DC43941B-FollowerState
2022-11-18 13:06:17,715 [ea04acba-2572-4ce4-bec1-b0e6c6418c45@group-9C27DC43941B-FollowerState] INFO  impl.FollowerState (FollowerState.java:run(152)) - ea04acba-2572-4ce4-bec1-b0e6c6418c45@group-9C27DC43941B-FollowerState was interrupted
2022-11-18 13:06:17,716 [ea04acba-2572-4ce4-bec1-b0e6c6418c45@group-9C27DC43941B-FollowerState] INFO  server.RaftServerConfigKeys (ConfUtils.java:logFallback(53)) - raft.server.rpc.first-election.timeout.min = 5s (fallback to raft.server.rpc.timeout.min)
2022-11-18 13:06:17,716 [ea04acba-2572-4ce4-bec1-b0e6c6418c45@group-9C27DC43941B-FollowerState] INFO  server.RaftServerConfigKeys (ConfUtils.java:logFallback(53)) - raft.server.rpc.first-election.timeout.max = 5200ms (fallback to raft.server.rpc.timeout.max)
2022-11-18 13:06:17,718 [grpc-default-executor-5] INFO  server.RaftServer$Division (RaftServerImpl.java:requestVote(1218)) - 5dd764d2-4196-4eea-b07c-aeebc5ccca01@group-9C27DC43941B: receive requestVote(ELECTION, 767ffbb5-8206-4017-b2eb-6858697bfab3, group-9C27DC43941B, 1, (t:0, i:0))
2022-11-18 13:06:17,718 [grpc-default-executor-5] INFO  impl.VoteContext (VoteContext.java:log(48)) - 5dd764d2-4196-4eea-b07c-aeebc5ccca01@group-9C27DC43941B-FOLLOWER: accept ELECTION from 767ffbb5-8206-4017-b2eb-6858697bfab3: our priority 0 <= candidate's priority 1
2022-11-18 13:06:17,718 [grpc-default-executor-5] INFO  server.RaftServer$Division (RaftServerImpl.java:setRole(321)) - 5dd764d2-4196-4eea-b07c-aeebc5ccca01@group-9C27DC43941B: changes role from  FOLLOWER to FOLLOWER at term 1 for candidate:767ffbb5-8206-4017-b2eb-6858697bfab3
2022-11-18 13:06:17,718 [grpc-default-executor-5] INFO  impl.RoleInfo (RoleInfo.java:shutdownFollowerState(110)) - 5dd764d2-4196-4eea-b07c-aeebc5ccca01: shutdown 5dd764d2-4196-4eea-b07c-aeebc5ccca01@group-9C27DC43941B-FollowerState
2022-11-18 13:06:17,719 [grpc-default-executor-5] INFO  impl.RoleInfo (RoleInfo.java:updateAndGet(139)) - 5dd764d2-4196-4eea-b07c-aeebc5ccca01: start 5dd764d2-4196-4eea-b07c-aeebc5ccca01@group-9C27DC43941B-FollowerState
2022-11-18 13:06:17,719 [5dd764d2-4196-4eea-b07c-aeebc5ccca01@group-9C27DC43941B-FollowerState] INFO  impl.FollowerState (FollowerState.java:run(152)) - 5dd764d2-4196-4eea-b07c-aeebc5ccca01@group-9C27DC43941B-FollowerState was interrupted
2022-11-18 13:06:17,719 [5dd764d2-4196-4eea-b07c-aeebc5ccca01@group-9C27DC43941B-FollowerState] INFO  server.RaftServerConfigKeys (ConfUtils.java:logFallback(53)) - raft.server.rpc.first-election.timeout.min = 5s (fallback to raft.server.rpc.timeout.min)
2022-11-18 13:06:17,719 [5dd764d2-4196-4eea-b07c-aeebc5ccca01@group-9C27DC43941B-FollowerState] INFO  server.RaftServerConfigKeys (ConfUtils.java:logFallback(53)) - raft.server.rpc.first-election.timeout.max = 5200ms (fallback to raft.server.rpc.timeout.max)
2022-11-18 13:06:17,719 [grpc-default-executor-6] INFO  server.RaftServer$Division (RaftServerImpl.java:requestVote(1251)) - ea04acba-2572-4ce4-bec1-b0e6c6418c45@group-9C27DC43941B replies to ELECTION vote request: 767ffbb5-8206-4017-b2eb-6858697bfab3<-ea04acba-2572-4ce4-bec1-b0e6c6418c45#0:OK-t1. Peer's state: ea04acba-2572-4ce4-bec1-b0e6c6418c45@group-9C27DC43941B:t1, leader=null, voted=767ffbb5-8206-4017-b2eb-6858697bfab3, raftlog=Memoized:ea04acba-2572-4ce4-bec1-b0e6c6418c45@group-9C27DC43941B-SegmentedRaftLog:OPENED:c-1, conf=-1: peers:[5dd764d2-4196-4eea-b07c-aeebc5ccca01|rpc:10.1.0.56:34919|dataStream:|priority:0|startupRole:FOLLOWER, ea04acba-2572-4ce4-bec1-b0e6c6418c45|rpc:10.1.0.56:42173|dataStream:|priority:0|startupRole:FOLLOWER, 767ffbb5-8206-4017-b2eb-6858697bfab3|rpc:10.1.0.56:39469|dataStream:|priority:1|startupRole:FOLLOWER]|listeners:[], old=null
2022-11-18 13:06:17,720 [grpc-default-executor-5] INFO  server.RaftServer$Division (RaftServerImpl.java:requestVote(1251)) - 5dd764d2-4196-4eea-b07c-aeebc5ccca01@group-9C27DC43941B replies to ELECTION vote request: 767ffbb5-8206-4017-b2eb-6858697bfab3<-5dd764d2-4196-4eea-b07c-aeebc5ccca01#0:OK-t1. Peer's state: 5dd764d2-4196-4eea-b07c-aeebc5ccca01@group-9C27DC43941B:t1, leader=null, voted=767ffbb5-8206-4017-b2eb-6858697bfab3, raftlog=Memoized:5dd764d2-4196-4eea-b07c-aeebc5ccca01@group-9C27DC43941B-SegmentedRaftLog:OPENED:c-1, conf=-1: peers:[5dd764d2-4196-4eea-b07c-aeebc5ccca01|rpc:10.1.0.56:34919|priority:0|startupRole:FOLLOWER, ea04acba-2572-4ce4-bec1-b0e6c6418c45|rpc:10.1.0.56:42173|priority:0|startupRole:FOLLOWER, 767ffbb5-8206-4017-b2eb-6858697bfab3|rpc:10.1.0.56:39469|priority:1|startupRole:FOLLOWER]|listeners:[], old=null
2022-11-18 13:06:17,721 [767ffbb5-8206-4017-b2eb-6858697bfab3@group-9C27DC43941B-LeaderElection118] INFO  impl.LeaderElection (LeaderElection.java:logAndReturn(90)) - 767ffbb5-8206-4017-b2eb-6858697bfab3@group-9C27DC43941B-LeaderElection118: ELECTION PASSED received 1 response(s) and 0 exception(s):
2022-11-18 13:06:17,721 [767ffbb5-8206-4017-b2eb-6858697bfab3@group-9C27DC43941B-LeaderElection118] INFO  impl.LeaderElection (LeaderElection.java:logAndReturn(94)) -   Response 0: 767ffbb5-8206-4017-b2eb-6858697bfab3<-ea04acba-2572-4ce4-bec1-b0e6c6418c45#0:OK-t1
2022-11-18 13:06:17,721 [767ffbb5-8206-4017-b2eb-6858697bfab3@group-9C27DC43941B-LeaderElection118] INFO  impl.LeaderElection (LeaderElection.java:askForVotes(314)) - 767ffbb5-8206-4017-b2eb-6858697bfab3@group-9C27DC43941B-LeaderElection118 ELECTION round 0: result PASSED
2022-11-18 13:06:17,721 [767ffbb5-8206-4017-b2eb-6858697bfab3@group-9C27DC43941B-LeaderElection118] INFO  impl.RoleInfo (RoleInfo.java:shutdownLeaderElection(130)) - 767ffbb5-8206-4017-b2eb-6858697bfab3: shutdown 767ffbb5-8206-4017-b2eb-6858697bfab3@group-9C27DC43941B-LeaderElection118
2022-11-18 13:06:17,721 [767ffbb5-8206-4017-b2eb-6858697bfab3@group-9C27DC43941B-LeaderElection118] INFO  server.RaftServer$Division (RaftServerImpl.java:setRole(321)) - 767ffbb5-8206-4017-b2eb-6858697bfab3@group-9C27DC43941B: changes role from CANDIDATE to LEADER at term 1 for changeToLeader
2022-11-18 13:06:17,721 [767ffbb5-8206-4017-b2eb-6858697bfab3@group-9C27DC43941B-LeaderElection118] INFO  ratis.XceiverServerRatis (XceiverServerRatis.java:handleLeaderChangedNotification(863)) - Leader change notification received for group: group-9C27DC43941B with new leaderId: 767ffbb5-8206-4017-b2eb-6858697bfab3
2022-11-18 13:06:17,721 [767ffbb5-8206-4017-b2eb-6858697bfab3@group-9C27DC43941B-LeaderElection118] INFO  server.RaftServer$Division (ServerState.java:setLeader(313)) - 767ffbb5-8206-4017-b2eb-6858697bfab3@group-9C27DC43941B: change Leader from null to 767ffbb5-8206-4017-b2eb-6858697bfab3 at term 1 for becomeLeader, leader elected after 5116ms
2022-11-18 13:06:17,721 [767ffbb5-8206-4017-b2eb-6858697bfab3@group-9C27DC43941B-LeaderElection118] INFO  server.RaftServerConfigKeys (ConfUtils.java:logGet(46)) - raft.server.staging.catchup.gap = 1000 (default)
2022-11-18 13:06:17,721 [767ffbb5-8206-4017-b2eb-6858697bfab3@group-9C27DC43941B-LeaderElection118] INFO  server.RaftServerConfigKeys (ConfUtils.java:logGet(46)) - raft.server.write.element-limit = 1024 (custom)
2022-11-18 13:06:17,721 [767ffbb5-8206-4017-b2eb-6858697bfab3@group-9C27DC43941B-LeaderElection118] INFO  server.RaftServerConfigKeys (ConfUtils.java:logGet(46)) - raft.server.write.byte-limit = 1024 M (=1073741824) (custom)
2022-11-18 13:06:17,722 [767ffbb5-8206-4017-b2eb-6858697bfab3@group-9C27DC43941B-LeaderElection118] INFO  server.RaftServerConfigKeys (ConfUtils.java:logGet(46)) - raft.server.watch.timeout = 180s (custom)
2022-11-18 13:06:17,722 [767ffbb5-8206-4017-b2eb-6858697bfab3@group-9C27DC43941B-LeaderElection118] INFO  server.RaftServerConfigKeys (ConfUtils.java:logGet(46)) - raft.server.watch.timeout.denomination = 1s (default)
2022-11-18 13:06:17,722 [767ffbb5-8206-4017-b2eb-6858697bfab3@group-9C27DC43941B-LeaderElection118] INFO  server.RaftServerConfigKeys (ConfUtils.java:logGet(46)) - raft.server.watch.element-limit = 65536 (default)
2022-11-18 13:06:17,722 [767ffbb5-8206-4017-b2eb-6858697bfab3@group-9C27DC43941B-LeaderElection118] INFO  server.RaftServerConfigKeys (ConfUtils.java:logGet(46)) - raft.server.write.element-limit = 1024 (custom)
2022-11-18 13:06:17,722 [767ffbb5-8206-4017-b2eb-6858697bfab3@group-9C27DC43941B-LeaderElection118] INFO  server.RaftServerConfigKeys (ConfUtils.java:logGet(46)) - raft.server.write.follower.gap.ratio.max = -1.0 (default)
2022-11-18 13:06:17,724 [EventQueue-PipelineReportForPipelineReportHandler] INFO  pipeline.PipelineManagerImpl (PipelineManagerImpl.java:openPipeline(367)) - Pipeline Pipeline[ Id: fd22b1b5-350a-4033-b0f6-9c27dc43941b, Nodes: 5dd764d2-4196-4eea-b07c-aeebc5ccca01{ip: 10.1.0.56, host: fv-az180-400.aibneqh1mxpuhl3tnnuy2ifbce.bx.internal.cloudapp.net, ports: [REPLICATION=46033, RATIS=34919, RATIS_ADMIN=34919, RATIS_SERVER=34919, STANDALONE=41805], networkLocation: /default-rack, certSerialId: null, persistedOpState: IN_SERVICE, persistedOpStateExpiryEpochSec: 0}ea04acba-2572-4ce4-bec1-b0e6c6418c45{ip: 10.1.0.56, host: fv-az180-400.aibneqh1mxpuhl3tnnuy2ifbce.bx.internal.cloudapp.net, ports: [REPLICATION=33487, RATIS=42173, RATIS_ADMIN=42173, RATIS_SERVER=42173, STANDALONE=45995], networkLocation: /default-rack, certSerialId: null, persistedOpState: IN_SERVICE, persistedOpStateExpiryEpochSec: 0}767ffbb5-8206-4017-b2eb-6858697bfab3{ip: 10.1.0.56, host: fv-az180-400.aibneqh1mxpuhl3tnnuy2ifbce.bx.internal.cloudapp.net, ports: [REPLICATION=35389, RATIS=39469, RATIS_ADMIN=39469, RATIS_SERVER=39469, STANDALONE=41359], networkLocation: /default-rack, certSerialId: null, persistedOpState: IN_SERVICE, persistedOpStateExpiryEpochSec: 0}, ReplicationConfig: RATIS/THREE, State:ALLOCATED, leaderId:767ffbb5-8206-4017-b2eb-6858697bfab3, CreationTimestamp2022-11-18T13:06:10.371Z[Etc/UTC]] moved to OPEN state
2022-11-18 13:06:17,725 [EventQueue-OpenPipelineForHealthyPipelineSafeModeRule] INFO  safemode.SCMSafeModeManager (HealthyPipelineSafeModeRule.java:process(137)) - SCM in safe mode. Healthy pipelines reported count is 1, required healthy pipeline reported count is 1
2022-11-18 13:06:17,725 [EventQueue-OpenPipelineForHealthyPipelineSafeModeRule] INFO  safemode.SCMSafeModeManager (SCMSafeModeManager.java:validateSafeModeExitRules(204)) - HealthyPipelineSafeModeRule rule is successfully validated
2022-11-18 13:06:17,725 [EventQueue-OpenPipelineForHealthyPipelineSafeModeRule] INFO  safemode.SCMSafeModeManager (SCMSafeModeManager.java:validateSafeModeExitRules(219)) - ScmSafeModeManager, all rules are successfully validated
2022-11-18 13:06:17,725 [EventQueue-OpenPipelineForHealthyPipelineSafeModeRule] INFO  safemode.SCMSafeModeManager (SCMSafeModeManager.java:exitSafeMode(248)) - SCM exiting safe mode.
2022-11-18 13:06:17,725 [EventQueue-OpenPipelineForHealthyPipelineSafeModeRule] WARN  events.EventQueue (EventQueue.java:fireEvent(216)) - No event handler registered for event TypedEvent{payloadType=SafeModeStatus, name='Safe mode status'}
2022-11-18 13:06:17,725 [767ffbb5-8206-4017-b2eb-6858697bfab3@group-9C27DC43941B-LeaderElection118] INFO  server.RaftServerConfigKeys (ConfUtils.java:logGet(46)) - raft.server.log.appender.snapshot.chunk.size.max = 16MB (=16777216) (default)
2022-11-18 13:06:17,725 [767ffbb5-8206-4017-b2eb-6858697bfab3@group-9C27DC43941B-LeaderElection118] INFO  server.RaftServerConfigKeys (ConfUtils.java:logGet(46)) - raft.server.log.appender.buffer.byte-limit = 33554432 (custom)
2022-11-18 13:06:17,725 [EventQueue-OpenPipelineForHealthyPipelineSafeModeRule] INFO  ha.SCMContext (SCMContext.java:updateSafeModeStatus(228)) - Update SafeModeStatus from SafeModeStatus{safeModeStatus=true, preCheckPassed=true} to SafeModeStatus{safeModeStatus=false, preCheckPassed=true}.
2022-11-18 13:06:17,725 [767ffbb5-8206-4017-b2eb-6858697bfab3@group-9C27DC43941B-LeaderElection118] INFO  server.RaftServerConfigKeys (ConfUtils.java:logGet(46)) - raft.server.log.appender.buffer.element-limit = 1 (custom)
2022-11-18 13:06:17,725 [EventQueue-OpenPipelineForHealthyPipelineSafeModeRule] INFO  pipeline.BackgroundPipelineCreator (BackgroundPipelineCreator.java:notifyStatusChanged(254)) - Service BackgroundPipelineCreator transitions to RUNNING.
2022-11-18 13:06:17,725 [767ffbb5-8206-4017-b2eb-6858697bfab3@group-9C27DC43941B-LeaderElection118] INFO  grpc.GrpcConfigKeys (ConfUtils.java:logGet(46)) - raft.grpc.server.leader.outstanding.appends.max = 128 (default)
2022-11-18 13:06:17,725 [767ffbb5-8206-4017-b2eb-6858697bfab3@group-9C27DC43941B-LeaderElection118] INFO  server.RaftServerConfigKeys (ConfUtils.java:logGet(46)) - raft.server.rpc.request.timeout = 60s (custom)
2022-11-18 13:06:17,725 [EventQueue-OpenPipelineForHealthyPipelineSafeModeRule] INFO  BackgroundPipelineScrubber (BackgroundSCMService.java:notifyStatusChanged(82)) - Service BackgroundPipelineScrubber transitions to RUNNING.
2022-11-18 13:06:17,725 [EventQueue-OpenPipelineForHealthyPipelineSafeModeRule] INFO  ExpiredContainerReplicaOpScrubber (BackgroundSCMService.java:notifyStatusChanged(82)) - Service ExpiredContainerReplicaOpScrubber transitions to RUNNING.
2022-11-18 13:06:17,725 [767ffbb5-8206-4017-b2eb-6858697bfab3@group-9C27DC43941B-LeaderElection118] INFO  server.RaftServerConfigKeys (ConfUtils.java:logGet(46)) - raft.server.log.appender.install.snapshot.enabled = false (custom)
2022-11-18 13:06:17,725 [EventQueue-OpenPipelineForHealthyPipelineSafeModeRule] INFO  replication.ReplicationManager (ReplicationManager.java:notifyStatusChanged(825)) - Service ReplicationManager transitions to RUNNING.
2022-11-18 13:06:17,725 [767ffbb5-8206-4017-b2eb-6858697bfab3@group-9C27DC43941B-LeaderElection118] INFO  grpc.GrpcConfigKeys (ConfUtils.java:logGet(46)) - raft.grpc.server.heartbeat.channel = true (default)
2022-11-18 13:06:17,726 [767ffbb5-8206-4017-b2eb-6858697bfab3@group-9C27DC43941B-LeaderElection118] INFO  server.RaftServerConfigKeys (ConfUtils.java:logGet(46)) - raft.server.log.appender.wait-time.min = 10ms (default)
2022-11-18 13:06:17,726 [EventQueue-OpenPipelineForHealthyPipelineSafeModeRule] WARN  balancer.ContainerBalancer (ContainerBalancer.java:shouldRun(131)) - Could not find persisted configuration for ContainerBalancer when checking if ContainerBalancer should run. ContainerBalancer should not run now.
2022-11-18 13:06:17,728 [767ffbb5-8206-4017-b2eb-6858697bfab3@group-9C27DC43941B-LeaderElection118] INFO  server.RaftServerConfigKeys (ConfUtils.java:logGet(46)) - raft.server.log.appender.snapshot.chunk.size.max = 16MB (=16777216) (default)
2022-11-18 13:06:17,728 [767ffbb5-8206-4017-b2eb-6858697bfab3@group-9C27DC43941B-LeaderElection118] INFO  server.RaftServerConfigKeys (ConfUtils.java:logGet(46)) - raft.server.log.appender.buffer.byte-limit = 33554432 (custom)
2022-11-18 13:06:17,728 [767ffbb5-8206-4017-b2eb-6858697bfab3@group-9C27DC43941B-LeaderElection118] INFO  server.RaftServerConfigKeys (ConfUtils.java:logGet(46)) - raft.server.log.appender.buffer.element-limit = 1 (custom)
2022-11-18 13:06:17,728 [767ffbb5-8206-4017-b2eb-6858697bfab3@group-9C27DC43941B-LeaderElection118] INFO  grpc.GrpcConfigKeys (ConfUtils.java:logGet(46)) - raft.grpc.server.leader.outstanding.appends.max = 128 (default)
2022-11-18 13:06:17,728 [767ffbb5-8206-4017-b2eb-6858697bfab3@group-9C27DC43941B-LeaderElection118] INFO  server.RaftServerConfigKeys (ConfUtils.java:logGet(46)) - raft.server.rpc.request.timeout = 60s (custom)
2022-11-18 13:06:17,728 [767ffbb5-8206-4017-b2eb-6858697bfab3@group-9C27DC43941B-LeaderElection118] INFO  server.RaftServerConfigKeys (ConfUtils.java:logGet(46)) - raft.server.log.appender.install.snapshot.enabled = false (custom)
2022-11-18 13:06:17,728 [767ffbb5-8206-4017-b2eb-6858697bfab3@group-9C27DC43941B-LeaderElection118] INFO  grpc.GrpcConfigKeys (ConfUtils.java:logGet(46)) - raft.grpc.server.heartbeat.channel = true (default)
2022-11-18 13:06:17,728 [767ffbb5-8206-4017-b2eb-6858697bfab3@group-9C27DC43941B-LeaderElection118] INFO  server.RaftServerConfigKeys (ConfUtils.java:logGet(46)) - raft.server.log.appender.wait-time.min = 10ms (default)
2022-11-18 13:06:17,729 [767ffbb5-8206-4017-b2eb-6858697bfab3@group-9C27DC43941B-LeaderElection118] INFO  impl.RoleInfo (RoleInfo.java:updateAndGet(139)) - 767ffbb5-8206-4017-b2eb-6858697bfab3: start 767ffbb5-8206-4017-b2eb-6858697bfab3@group-9C27DC43941B-LeaderStateImpl
2022-11-18 13:06:17,729 [767ffbb5-8206-4017-b2eb-6858697bfab3@group-9C27DC43941B-LeaderElection118] INFO  segmented.SegmentedRaftLogWorker (SegmentedRaftLogWorker.java:startLogSegment(452)) - 767ffbb5-8206-4017-b2eb-6858697bfab3@group-9C27DC43941B-SegmentedRaftLogWorker: Starting segment from index:0
2022-11-18 13:06:17,734 [767ffbb5-8206-4017-b2eb-6858697bfab3@group-9C27DC43941B-LeaderElection118] INFO  server.RaftServer$Division (ServerState.java:setRaftConf(430)) - 767ffbb5-8206-4017-b2eb-6858697bfab3@group-9C27DC43941B: set configuration 0: peers:[5dd764d2-4196-4eea-b07c-aeebc5ccca01|rpc:10.1.0.56:34919|dataStream:|priority:0|startupRole:FOLLOWER, ea04acba-2572-4ce4-bec1-b0e6c6418c45|rpc:10.1.0.56:42173|dataStream:|priority:0|startupRole:FOLLOWER, 767ffbb5-8206-4017-b2eb-6858697bfab3|rpc:10.1.0.56:39469|dataStream:|priority:1|startupRole:FOLLOWER]|listeners:[], old=null
2022-11-18 13:06:17,735 [767ffbb5-8206-4017-b2eb-6858697bfab3@group-9C27DC43941B-SegmentedRaftLogWorker] INFO  segmented.SegmentedRaftLogWorker (SegmentedRaftLogWorker.java:execute(656)) - 767ffbb5-8206-4017-b2eb-6858697bfab3@group-9C27DC43941B-SegmentedRaftLogWorker: created new log segment /home/runner/work/ozone/ozone/hadoop-ozone/integration-test/target/test-dir/MiniOzoneClusterImpl-d3d67884-f8de-446f-8121-b5603e1f9142/datanode-5/data/ratis/fd22b1b5-350a-4033-b0f6-9c27dc43941b/current/log_inprogress_0
2022-11-18 13:06:17,737 [IPC Server handler 5 on default port 36157] INFO  net.NetworkTopologyImpl (NetworkTopologyImpl.java:add(112)) - Added a new node: /default-rack/62944fc1-681b-46bd-93f7-2482762a7b31
2022-11-18 13:06:17,737 [IPC Server handler 5 on default port 36157] INFO  node.SCMNodeManager (SCMNodeManager.java:register(397)) - Registered Data node : 62944fc1-681b-46bd-93f7-2482762a7b31{ip: 10.1.0.56, host: fv-az180-400.aibneqh1mxpuhl3tnnuy2ifbce.bx.internal.cloudapp.net, ports: [REPLICATION=41933, RATIS=38905, RATIS_ADMIN=38905, RATIS_SERVER=38905, STANDALONE=35895], networkLocation: /default-rack, certSerialId: null, persistedOpState: null, persistedOpStateExpiryEpochSec: 0}
2022-11-18 13:06:17,738 [EventQueue-NewNodeForNewNodeHandler] INFO  pipeline.BackgroundPipelineCreator (BackgroundPipelineCreator.java:notifyEventTriggered(276)) - trigger a one-shot run on RatisPipelineUtilsThread.
2022-11-18 13:06:17,738 [EventQueue-NodeRegistrationContainerReportForContainerSafeModeRule] INFO  safemode.SCMSafeModeManager (ContainerSafeModeRule.java:process(127)) - SCM in safe mode. 100.0 % containers have at least one reported replica.
2022-11-18 13:06:17,738 [EventQueue-NodeRegistrationContainerReportForContainerSafeModeRule] INFO  safemode.SCMSafeModeManager (SCMSafeModeManager.java:validateSafeModeExitRules(204)) - ContainerSafeModeRule rule is successfully validated
2022-11-18 13:06:17,738 [EventQueue-NodeRegistrationContainerReportForContainerSafeModeRule] INFO  safemode.SCMSafeModeManager (SCMSafeModeManager.java:validateSafeModeExitRules(219)) - ScmSafeModeManager, all rules are successfully validated
2022-11-18 13:06:17,738 [EventQueue-NodeRegistrationContainerReportForContainerSafeModeRule] INFO  safemode.SCMSafeModeManager (SCMSafeModeManager.java:exitSafeMode(248)) - SCM exiting safe mode.
2022-11-18 13:06:17,738 [EventQueue-NodeRegistrationContainerReportForContainerSafeModeRule] WARN  events.EventQueue (EventQueue.java:fireEvent(216)) - No event handler registered for event TypedEvent{payloadType=SafeModeStatus, name='Safe mode status'}
2022-11-18 13:06:17,738 [EventQueue-NodeRegistrationContainerReportForContainerSafeModeRule] INFO  ha.SCMContext (SCMContext.java:updateSafeModeStatus(228)) - Update SafeModeStatus from SafeModeStatus{safeModeStatus=true, preCheckPassed=true} to SafeModeStatus{safeModeStatus=false, preCheckPassed=true}.
2022-11-18 13:06:17,738 [EventQueue-NodeRegistrationContainerReportForContainerSafeModeRule] INFO  pipeline.BackgroundPipelineCreator (BackgroundPipelineCreator.java:notifyStatusChanged(254)) - Service BackgroundPipelineCreator transitions to RUNNING.
2022-11-18 13:06:17,738 [EventQueue-NodeRegistrationContainerReportForContainerSafeModeRule] INFO  BackgroundPipelineScrubber (BackgroundSCMService.java:notifyStatusChanged(82)) - Service BackgroundPipelineScrubber transitions to RUNNING.
2022-11-18 13:06:17,738 [EventQueue-NodeRegistrationContainerReportForContainerSafeModeRule] INFO  ExpiredContainerReplicaOpScrubber (BackgroundSCMService.java:notifyStatusChanged(82)) - Service ExpiredContainerReplicaOpScrubber transitions to RUNNING.
2022-11-18 13:06:17,738 [EventQueue-NodeRegistrationContainerReportForContainerSafeModeRule] INFO  replication.ReplicationManager (ReplicationManager.java:notifyStatusChanged(825)) - Service ReplicationManager transitions to RUNNING.
2022-11-18 13:06:17,738 [EventQueue-NodeRegistrationContainerReportForContainerSafeModeRule] WARN  balancer.ContainerBalancer (ContainerBalancer.java:shouldRun(131)) - Could not find persisted configuration for ContainerBalancer when checking if ContainerBalancer should run. ContainerBalancer should not run now.
2022-11-18 13:06:17,741 [IPC Server handler 6 on default port 36157] INFO  net.NetworkTopologyImpl (NetworkTopologyImpl.java:add(112)) - Added a new node: /default-rack/277e5bbd-414d-4f19-87c3-552c8f153d3d
2022-11-18 13:06:17,741 [IPC Server handler 6 on default port 36157] INFO  node.SCMNodeManager (SCMNodeManager.java:register(397)) - Registered Data node : 277e5bbd-414d-4f19-87c3-552c8f153d3d{ip: 10.1.0.56, host: fv-az180-400.aibneqh1mxpuhl3tnnuy2ifbce.bx.internal.cloudapp.net, ports: [REPLICATION=34679, RATIS=43003, RATIS_ADMIN=43003, RATIS_SERVER=43003, STANDALONE=43927], networkLocation: /default-rack, certSerialId: null, persistedOpState: null, persistedOpStateExpiryEpochSec: 0}
2022-11-18 13:06:17,748 [EventQueue-NewNodeForNewNodeHandler] INFO  pipeline.BackgroundPipelineCreator (BackgroundPipelineCreator.java:notifyEventTriggered(276)) - trigger a one-shot run on RatisPipelineUtilsThread.
2022-11-18 13:06:17,753 [5dd764d2-4196-4eea-b07c-aeebc5ccca01-server-thread1] INFO  ratis.XceiverServerRatis (XceiverServerRatis.java:handleLeaderChangedNotification(863)) - Leader change notification received for group: group-9C27DC43941B with new leaderId: 767ffbb5-8206-4017-b2eb-6858697bfab3
2022-11-18 13:06:17,754 [5dd764d2-4196-4eea-b07c-aeebc5ccca01-server-thread1] INFO  server.RaftServer$Division (ServerState.java:setLeader(313)) - 5dd764d2-4196-4eea-b07c-aeebc5ccca01@group-9C27DC43941B: change Leader from null to 767ffbb5-8206-4017-b2eb-6858697bfab3 at term 1 for appendEntries, leader elected after 5188ms
2022-11-18 13:06:17,765 [ea04acba-2572-4ce4-bec1-b0e6c6418c45-server-thread1] INFO  ratis.XceiverServerRatis (XceiverServerRatis.java:handleLeaderChangedNotification(863)) - Leader change notification received for group: group-9C27DC43941B with new leaderId: 767ffbb5-8206-4017-b2eb-6858697bfab3
2022-11-18 13:06:17,765 [ea04acba-2572-4ce4-bec1-b0e6c6418c45-server-thread1] INFO  server.RaftServer$Division (ServerState.java:setLeader(313)) - ea04acba-2572-4ce4-bec1-b0e6c6418c45@group-9C27DC43941B: change Leader from null to 767ffbb5-8206-4017-b2eb-6858697bfab3 at term 1 for appendEntries, leader elected after 5181ms
2022-11-18 13:06:17,773 [5dd764d2-4196-4eea-b07c-aeebc5ccca01-server-thread1] INFO  server.RaftServer$Division (ServerState.java:setRaftConf(430)) - 5dd764d2-4196-4eea-b07c-aeebc5ccca01@group-9C27DC43941B: set configuration 0: peers:[5dd764d2-4196-4eea-b07c-aeebc5ccca01|rpc:10.1.0.56:34919|dataStream:|priority:0|startupRole:FOLLOWER, ea04acba-2572-4ce4-bec1-b0e6c6418c45|rpc:10.1.0.56:42173|dataStream:|priority:0|startupRole:FOLLOWER, 767ffbb5-8206-4017-b2eb-6858697bfab3|rpc:10.1.0.56:39469|dataStream:|priority:1|startupRole:FOLLOWER]|listeners:[], old=null
2022-11-18 13:06:17,774 [5dd764d2-4196-4eea-b07c-aeebc5ccca01-server-thread1] INFO  segmented.SegmentedRaftLogWorker (SegmentedRaftLogWorker.java:startLogSegment(452)) - 5dd764d2-4196-4eea-b07c-aeebc5ccca01@group-9C27DC43941B-SegmentedRaftLogWorker: Starting segment from index:0
2022-11-18 13:06:17,777 [5dd764d2-4196-4eea-b07c-aeebc5ccca01@group-9C27DC43941B-SegmentedRaftLogWorker] INFO  segmented.SegmentedRaftLogWorker (SegmentedRaftLogWorker.java:execute(656)) - 5dd764d2-4196-4eea-b07c-aeebc5ccca01@group-9C27DC43941B-SegmentedRaftLogWorker: created new log segment /home/runner/work/ozone/ozone/hadoop-ozone/integration-test/target/test-dir/MiniOzoneClusterImpl-d3d67884-f8de-446f-8121-b5603e1f9142/datanode-3/data/ratis/fd22b1b5-350a-4033-b0f6-9c27dc43941b/current/log_inprogress_0
2022-11-18 13:06:17,777 [ea04acba-2572-4ce4-bec1-b0e6c6418c45-server-thread2] INFO  server.RaftServer$Division (ServerState.java:setRaftConf(430)) - ea04acba-2572-4ce4-bec1-b0e6c6418c45@group-9C27DC43941B: set configuration 0: peers:[5dd764d2-4196-4eea-b07c-aeebc5ccca01|rpc:10.1.0.56:34919|dataStream:|priority:0|startupRole:FOLLOWER, ea04acba-2572-4ce4-bec1-b0e6c6418c45|rpc:10.1.0.56:42173|dataStream:|priority:0|startupRole:FOLLOWER, 767ffbb5-8206-4017-b2eb-6858697bfab3|rpc:10.1.0.56:39469|dataStream:|priority:1|startupRole:FOLLOWER]|listeners:[], old=null
2022-11-18 13:06:17,780 [ea04acba-2572-4ce4-bec1-b0e6c6418c45-server-thread2] INFO  segmented.SegmentedRaftLogWorker (SegmentedRaftLogWorker.java:startLogSegment(452)) - ea04acba-2572-4ce4-bec1-b0e6c6418c45@group-9C27DC43941B-SegmentedRaftLogWorker: Starting segment from index:0
2022-11-18 13:06:17,782 [ea04acba-2572-4ce4-bec1-b0e6c6418c45@group-9C27DC43941B-SegmentedRaftLogWorker] INFO  segmented.SegmentedRaftLogWorker (SegmentedRaftLogWorker.java:execute(656)) - ea04acba-2572-4ce4-bec1-b0e6c6418c45@group-9C27DC43941B-SegmentedRaftLogWorker: created new log segment /home/runner/work/ozone/ozone/hadoop-ozone/integration-test/target/test-dir/MiniOzoneClusterImpl-d3d67884-f8de-446f-8121-b5603e1f9142/datanode-4/data/ratis/fd22b1b5-350a-4033-b0f6-9c27dc43941b/current/log_inprogress_0
2022-11-18 13:06:17,839 [ReplicationMonitor] INFO  replication.ReplicationManager (ReplicationManager.java:processAll(319)) - Replication Manager is not ready to run until 3000ms after safemode exit
2022-11-18 13:06:17,858 [ReplicationMonitor] INFO  replication.ReplicationManager (ReplicationManager.java:processAll(319)) - Replication Manager is not ready to run until 3000ms after safemode exit
2022-11-18 13:06:18,157 [ea04acba-2572-4ce4-bec1-b0e6c6418c45@group-01392E0384F1-FollowerState] INFO  impl.FollowerState (FollowerState.java:run(143)) - ea04acba-2572-4ce4-bec1-b0e6c6418c45@group-01392E0384F1-FollowerState: change to CANDIDATE, lastRpcElapsedTime:5067545493ns, electionTimeout:5067ms
2022-11-18 13:06:18,157 [ea04acba-2572-4ce4-bec1-b0e6c6418c45@group-01392E0384F1-FollowerState] INFO  impl.RoleInfo (RoleInfo.java:shutdownFollowerState(110)) - ea04acba-2572-4ce4-bec1-b0e6c6418c45: shutdown ea04acba-2572-4ce4-bec1-b0e6c6418c45@group-01392E0384F1-FollowerState
2022-11-18 13:06:18,157 [ea04acba-2572-4ce4-bec1-b0e6c6418c45@group-01392E0384F1-FollowerState] INFO  server.RaftServer$Division (RaftServerImpl.java:setRole(321)) - ea04acba-2572-4ce4-bec1-b0e6c6418c45@group-01392E0384F1: changes role from  FOLLOWER to CANDIDATE at term 0 for changeToCandidate
2022-11-18 13:06:18,157 [ea04acba-2572-4ce4-bec1-b0e6c6418c45@group-01392E0384F1-FollowerState] INFO  server.RaftServerConfigKeys (ConfUtils.java:logGet(46)) - raft.server.leaderelection.pre-vote = false (custom)
2022-11-18 13:06:18,158 [ea04acba-2572-4ce4-bec1-b0e6c6418c45@group-01392E0384F1-FollowerState] INFO  impl.RoleInfo (RoleInfo.java:updateAndGet(139)) - ea04acba-2572-4ce4-bec1-b0e6c6418c45: start ea04acba-2572-4ce4-bec1-b0e6c6418c45@group-01392E0384F1-LeaderElection119
2022-11-18 13:06:18,159 [ea04acba-2572-4ce4-bec1-b0e6c6418c45@group-01392E0384F1-LeaderElection119] INFO  impl.LeaderElection (LeaderElection.java:askForVotes(312)) - ea04acba-2572-4ce4-bec1-b0e6c6418c45@group-01392E0384F1-LeaderElection119 ELECTION round 0: submit vote requests at term 1 for -1: peers:[ea04acba-2572-4ce4-bec1-b0e6c6418c45|rpc:10.1.0.56:42173|priority:1|startupRole:FOLLOWER]|listeners:[], old=null
2022-11-18 13:06:18,159 [ea04acba-2572-4ce4-bec1-b0e6c6418c45@group-01392E0384F1-LeaderElection119] INFO  impl.LeaderElection (LeaderElection.java:askForVotes(314)) - ea04acba-2572-4ce4-bec1-b0e6c6418c45@group-01392E0384F1-LeaderElection119 ELECTION round 0: result PASSED (term=1)
2022-11-18 13:06:18,159 [ea04acba-2572-4ce4-bec1-b0e6c6418c45@group-01392E0384F1-LeaderElection119] INFO  impl.RoleInfo (RoleInfo.java:shutdownLeaderElection(130)) - ea04acba-2572-4ce4-bec1-b0e6c6418c45: shutdown ea04acba-2572-4ce4-bec1-b0e6c6418c45@group-01392E0384F1-LeaderElection119
2022-11-18 13:06:18,159 [ea04acba-2572-4ce4-bec1-b0e6c6418c45@group-01392E0384F1-LeaderElection119] INFO  server.RaftServer$Division (RaftServerImpl.java:setRole(321)) - ea04acba-2572-4ce4-bec1-b0e6c6418c45@group-01392E0384F1: changes role from CANDIDATE to LEADER at term 1 for changeToLeader
2022-11-18 13:06:18,159 [ea04acba-2572-4ce4-bec1-b0e6c6418c45@group-01392E0384F1-LeaderElection119] INFO  ratis.XceiverServerRatis (XceiverServerRatis.java:handleLeaderChangedNotification(863)) - Leader change notification received for group: group-01392E0384F1 with new leaderId: ea04acba-2572-4ce4-bec1-b0e6c6418c45
2022-11-18 13:06:18,160 [ea04acba-2572-4ce4-bec1-b0e6c6418c45@group-01392E0384F1-LeaderElection119] INFO  server.RaftServer$Division (ServerState.java:setLeader(313)) - ea04acba-2572-4ce4-bec1-b0e6c6418c45@group-01392E0384F1: change Leader from null to ea04acba-2572-4ce4-bec1-b0e6c6418c45 at term 1 for becomeLeader, leader elected after 5081ms
2022-11-18 13:06:18,160 [ea04acba-2572-4ce4-bec1-b0e6c6418c45@group-01392E0384F1-LeaderElection119] INFO  server.RaftServerConfigKeys (ConfUtils.java:logGet(46)) - raft.server.staging.catchup.gap = 1000 (default)
2022-11-18 13:06:18,160 [ea04acba-2572-4ce4-bec1-b0e6c6418c45@group-01392E0384F1-LeaderElection119] INFO  server.RaftServerConfigKeys (ConfUtils.java:logGet(46)) - raft.server.write.element-limit = 1024 (custom)
2022-11-18 13:06:18,160 [ea04acba-2572-4ce4-bec1-b0e6c6418c45@group-01392E0384F1-LeaderElection119] INFO  server.RaftServerConfigKeys (ConfUtils.java:logGet(46)) - raft.server.write.byte-limit = 1024 M (=1073741824) (custom)
2022-11-18 13:06:18,161 [ea04acba-2572-4ce4-bec1-b0e6c6418c45@group-01392E0384F1-LeaderElection119] INFO  server.RaftServerConfigKeys (ConfUtils.java:logGet(46)) - raft.server.watch.timeout = 180s (custom)
2022-11-18 13:06:18,161 [ea04acba-2572-4ce4-bec1-b0e6c6418c45@group-01392E0384F1-LeaderElection119] INFO  server.RaftServerConfigKeys (ConfUtils.java:logGet(46)) - raft.server.watch.timeout.denomination = 1s (default)
2022-11-18 13:06:18,161 [ea04acba-2572-4ce4-bec1-b0e6c6418c45@group-01392E0384F1-LeaderElection119] INFO  server.RaftServerConfigKeys (ConfUtils.java:logGet(46)) - raft.server.watch.element-limit = 65536 (default)
2022-11-18 13:06:18,161 [ea04acba-2572-4ce4-bec1-b0e6c6418c45@group-01392E0384F1-LeaderElection119] INFO  server.RaftServerConfigKeys (ConfUtils.java:logGet(46)) - raft.server.write.element-limit = 1024 (custom)
2022-11-18 13:06:18,161 [ea04acba-2572-4ce4-bec1-b0e6c6418c45@group-01392E0384F1-LeaderElection119] INFO  server.RaftServerConfigKeys (ConfUtils.java:logGet(46)) - raft.server.write.follower.gap.ratio.max = -1.0 (default)
2022-11-18 13:06:18,161 [ea04acba-2572-4ce4-bec1-b0e6c6418c45@group-01392E0384F1-LeaderElection119] INFO  impl.RoleInfo (RoleInfo.java:updateAndGet(139)) - ea04acba-2572-4ce4-bec1-b0e6c6418c45: start ea04acba-2572-4ce4-bec1-b0e6c6418c45@group-01392E0384F1-LeaderStateImpl
2022-11-18 13:06:18,162 [ea04acba-2572-4ce4-bec1-b0e6c6418c45@group-01392E0384F1-LeaderElection119] INFO  segmented.SegmentedRaftLogWorker (SegmentedRaftLogWorker.java:startLogSegment(452)) - ea04acba-2572-4ce4-bec1-b0e6c6418c45@group-01392E0384F1-SegmentedRaftLogWorker: Starting segment from index:0
2022-11-18 13:06:18,166 [ea04acba-2572-4ce4-bec1-b0e6c6418c45@group-01392E0384F1-LeaderElection119] INFO  server.RaftServer$Division (ServerState.java:setRaftConf(430)) - ea04acba-2572-4ce4-bec1-b0e6c6418c45@group-01392E0384F1: set configuration 0: peers:[ea04acba-2572-4ce4-bec1-b0e6c6418c45|rpc:10.1.0.56:42173|dataStream:|priority:1|startupRole:FOLLOWER]|listeners:[], old=null
2022-11-18 13:06:18,168 [ea04acba-2572-4ce4-bec1-b0e6c6418c45@group-01392E0384F1-SegmentedRaftLogWorker] INFO  segmented.SegmentedRaftLogWorker (SegmentedRaftLogWorker.java:execute(656)) - ea04acba-2572-4ce4-bec1-b0e6c6418c45@group-01392E0384F1-SegmentedRaftLogWorker: created new log segment /home/runner/work/ozone/ozone/hadoop-ozone/integration-test/target/test-dir/MiniOzoneClusterImpl-d3d67884-f8de-446f-8121-b5603e1f9142/datanode-4/data/ratis/30eff25f-9abb-422c-a0bc-01392e0384f1/current/log_inprogress_0
2022-11-18 13:06:18,489 [Under Replicated Processor] INFO  replication.UnderReplicatedProcessor (UnderReplicatedProcessor.java:processAll(92)) - Processed 0 under replicated containers, failed processing 0
2022-11-18 13:06:18,489 [Over Replicated Processor] INFO  replication.OverReplicatedProcessor (OverReplicatedProcessor.java:processAll(90)) - Processed 0 over replicated containers, failed processing 0
2022-11-18 13:06:18,491 [ReplicationMonitor] INFO  replication.ReplicationManager (ReplicationManager.java:processAll(352)) - Replication Monitor Thread took 0 milliseconds for processing 0 containers.
2022-11-18 13:06:18,566 [767ffbb5-8206-4017-b2eb-6858697bfab3@group-F6180B8797A3-FollowerState] INFO  impl.FollowerState (FollowerState.java:run(143)) - 767ffbb5-8206-4017-b2eb-6858697bfab3@group-F6180B8797A3-FollowerState: change to CANDIDATE, lastRpcElapsedTime:5182455897ns, electionTimeout:5176ms
2022-11-18 13:06:18,567 [767ffbb5-8206-4017-b2eb-6858697bfab3@group-F6180B8797A3-FollowerState] INFO  impl.RoleInfo (RoleInfo.java:shutdownFollowerState(110)) - 767ffbb5-8206-4017-b2eb-6858697bfab3: shutdown 767ffbb5-8206-4017-b2eb-6858697bfab3@group-F6180B8797A3-FollowerState
2022-11-18 13:06:18,567 [767ffbb5-8206-4017-b2eb-6858697bfab3@group-F6180B8797A3-FollowerState] INFO  server.RaftServer$Division (RaftServerImpl.java:setRole(321)) - 767ffbb5-8206-4017-b2eb-6858697bfab3@group-F6180B8797A3: changes role from  FOLLOWER to CANDIDATE at term 0 for changeToCandidate
2022-11-18 13:06:18,567 [767ffbb5-8206-4017-b2eb-6858697bfab3@group-F6180B8797A3-FollowerState] INFO  server.RaftServerConfigKeys (ConfUtils.java:logGet(46)) - raft.server.leaderelection.pre-vote = false (custom)
2022-11-18 13:06:18,567 [767ffbb5-8206-4017-b2eb-6858697bfab3@group-F6180B8797A3-FollowerState] INFO  impl.RoleInfo (RoleInfo.java:updateAndGet(139)) - 767ffbb5-8206-4017-b2eb-6858697bfab3: start 767ffbb5-8206-4017-b2eb-6858697bfab3@group-F6180B8797A3-LeaderElection120
2022-11-18 13:06:18,569 [767ffbb5-8206-4017-b2eb-6858697bfab3@group-F6180B8797A3-LeaderElection120] INFO  impl.LeaderElection (LeaderElection.java:askForVotes(312)) - 767ffbb5-8206-4017-b2eb-6858697bfab3@group-F6180B8797A3-LeaderElection120 ELECTION round 0: submit vote requests at term 1 for -1: peers:[767ffbb5-8206-4017-b2eb-6858697bfab3|rpc:10.1.0.56:39469|priority:1|startupRole:FOLLOWER]|listeners:[], old=null
2022-11-18 13:06:18,569 [767ffbb5-8206-4017-b2eb-6858697bfab3@group-F6180B8797A3-LeaderElection120] INFO  impl.LeaderElection (LeaderElection.java:askForVotes(314)) - 767ffbb5-8206-4017-b2eb-6858697bfab3@group-F6180B8797A3-LeaderElection120 ELECTION round 0: result PASSED (term=1)
2022-11-18 13:06:18,569 [767ffbb5-8206-4017-b2eb-6858697bfab3@group-F6180B8797A3-LeaderElection120] INFO  impl.RoleInfo (RoleInfo.java:shutdownLeaderElection(130)) - 767ffbb5-8206-4017-b2eb-6858697bfab3: shutdown 767ffbb5-8206-4017-b2eb-6858697bfab3@group-F6180B8797A3-LeaderElection120
2022-11-18 13:06:18,569 [767ffbb5-8206-4017-b2eb-6858697bfab3@group-F6180B8797A3-LeaderElection120] INFO  server.RaftServer$Division (RaftServerImpl.java:setRole(321)) - 767ffbb5-8206-4017-b2eb-6858697bfab3@group-F6180B8797A3: changes role from CANDIDATE to LEADER at term 1 for changeToLeader
2022-11-18 13:06:18,569 [767ffbb5-8206-4017-b2eb-6858697bfab3@group-F6180B8797A3-LeaderElection120] INFO  ratis.XceiverServerRatis (XceiverServerRatis.java:handleLeaderChangedNotification(863)) - Leader change notification received for group: group-F6180B8797A3 with new leaderId: 767ffbb5-8206-4017-b2eb-6858697bfab3
2022-11-18 13:06:18,569 [767ffbb5-8206-4017-b2eb-6858697bfab3@group-F6180B8797A3-LeaderElection120] INFO  server.RaftServer$Division (ServerState.java:setLeader(313)) - 767ffbb5-8206-4017-b2eb-6858697bfab3@group-F6180B8797A3: change Leader from null to 767ffbb5-8206-4017-b2eb-6858697bfab3 at term 1 for becomeLeader, leader elected after 5197ms
2022-11-18 13:06:18,569 [767ffbb5-8206-4017-b2eb-6858697bfab3@group-F6180B8797A3-LeaderElection120] INFO  server.RaftServerConfigKeys (ConfUtils.java:logGet(46)) - raft.server.staging.catchup.gap = 1000 (default)
2022-11-18 13:06:18,569 [767ffbb5-8206-4017-b2eb-6858697bfab3@group-F6180B8797A3-LeaderElection120] INFO  server.RaftServerConfigKeys (ConfUtils.java:logGet(46)) - raft.server.write.element-limit = 1024 (custom)
2022-11-18 13:06:18,569 [767ffbb5-8206-4017-b2eb-6858697bfab3@group-F6180B8797A3-LeaderElection120] INFO  server.RaftServerConfigKeys (ConfUtils.java:logGet(46)) - raft.server.write.byte-limit = 1024 M (=1073741824) (custom)
2022-11-18 13:06:18,570 [767ffbb5-8206-4017-b2eb-6858697bfab3@group-F6180B8797A3-LeaderElection120] INFO  server.RaftServerConfigKeys (ConfUtils.java:logGet(46)) - raft.server.watch.timeout = 180s (custom)
2022-11-18 13:06:18,570 [767ffbb5-8206-4017-b2eb-6858697bfab3@group-F6180B8797A3-LeaderElection120] INFO  server.RaftServerConfigKeys (ConfUtils.java:logGet(46)) - raft.server.watch.timeout.denomination = 1s (default)
2022-11-18 13:06:18,570 [767ffbb5-8206-4017-b2eb-6858697bfab3@group-F6180B8797A3-LeaderElection120] INFO  server.RaftServerConfigKeys (ConfUtils.java:logGet(46)) - raft.server.watch.element-limit = 65536 (default)
2022-11-18 13:06:18,571 [767ffbb5-8206-4017-b2eb-6858697bfab3@group-F6180B8797A3-LeaderElection120] INFO  server.RaftServerConfigKeys (ConfUtils.java:logGet(46)) - raft.server.write.element-limit = 1024 (custom)
2022-11-18 13:06:18,571 [767ffbb5-8206-4017-b2eb-6858697bfab3@group-F6180B8797A3-LeaderElection120] INFO  server.RaftServerConfigKeys (ConfUtils.java:logGet(46)) - raft.server.write.follower.gap.ratio.max = -1.0 (default)
2022-11-18 13:06:18,572 [767ffbb5-8206-4017-b2eb-6858697bfab3@group-F6180B8797A3-LeaderElection120] INFO  impl.RoleInfo (RoleInfo.java:updateAndGet(139)) - 767ffbb5-8206-4017-b2eb-6858697bfab3: start 767ffbb5-8206-4017-b2eb-6858697bfab3@group-F6180B8797A3-LeaderStateImpl
2022-11-18 13:06:18,572 [767ffbb5-8206-4017-b2eb-6858697bfab3@group-F6180B8797A3-LeaderElection120] INFO  segmented.SegmentedRaftLogWorker (SegmentedRaftLogWorker.java:startLogSegment(452)) - 767ffbb5-8206-4017-b2eb-6858697bfab3@group-F6180B8797A3-SegmentedRaftLogWorker: Starting segment from index:0
2022-11-18 13:06:18,582 [767ffbb5-8206-4017-b2eb-6858697bfab3@group-F6180B8797A3-LeaderElection120] INFO  server.RaftServer$Division (ServerState.java:setRaftConf(430)) - 767ffbb5-8206-4017-b2eb-6858697bfab3@group-F6180B8797A3: set configuration 0: peers:[767ffbb5-8206-4017-b2eb-6858697bfab3|rpc:10.1.0.56:39469|dataStream:|priority:1|startupRole:FOLLOWER]|listeners:[], old=null
2022-11-18 13:06:18,582 [767ffbb5-8206-4017-b2eb-6858697bfab3@group-F6180B8797A3-SegmentedRaftLogWorker] INFO  segmented.SegmentedRaftLogWorker (SegmentedRaftLogWorker.java:execute(656)) - 767ffbb5-8206-4017-b2eb-6858697bfab3@group-F6180B8797A3-SegmentedRaftLogWorker: created new log segment /home/runner/work/ozone/ozone/hadoop-ozone/integration-test/target/test-dir/MiniOzoneClusterImpl-d3d67884-f8de-446f-8121-b5603e1f9142/datanode-5/data/ratis/17af963b-112b-4215-82dc-f6180b8797a3/current/log_inprogress_0
2022-11-18 13:06:18,715 [Listener at 127.0.0.1/39657] INFO  ozone.MiniOzoneClusterImpl (MiniOzoneClusterImpl.java:lambda$waitForClusterToBeReady$0(216)) - Nodes are ready. Got 7 of 7 DN Heartbeats.
2022-11-18 13:06:18,715 [Listener at 127.0.0.1/39657] INFO  ozone.MiniOzoneClusterImpl (MiniOzoneClusterImpl.java:lambda$waitForClusterToBeReady$0(219)) - Cluster exits safe mode
2022-11-18 13:06:18,715 [Listener at 127.0.0.1/39657] INFO  ozone.MiniOzoneClusterImpl (MiniOzoneClusterImpl.java:lambda$waitForClusterToBeReady$0(221)) - SCM became leader
2022-11-18 13:06:18,805 [4a771e97-762c-4a8a-bccd-860d81b1b0e2@group-467E5D1A0786-FollowerState] INFO  impl.FollowerState (FollowerState.java:run(143)) - 4a771e97-762c-4a8a-bccd-860d81b1b0e2@group-467E5D1A0786-FollowerState: change to CANDIDATE, lastRpcElapsedTime:5087603607ns, electionTimeout:5086ms
2022-11-18 13:06:18,806 [4a771e97-762c-4a8a-bccd-860d81b1b0e2@group-467E5D1A0786-FollowerState] INFO  impl.RoleInfo (RoleInfo.java:shutdownFollowerState(110)) - 4a771e97-762c-4a8a-bccd-860d81b1b0e2: shutdown 4a771e97-762c-4a8a-bccd-860d81b1b0e2@group-467E5D1A0786-FollowerState
2022-11-18 13:06:18,806 [4a771e97-762c-4a8a-bccd-860d81b1b0e2@group-467E5D1A0786-FollowerState] INFO  server.RaftServer$Division (RaftServerImpl.java:setRole(321)) - 4a771e97-762c-4a8a-bccd-860d81b1b0e2@group-467E5D1A0786: changes role from  FOLLOWER to CANDIDATE at term 0 for changeToCandidate
2022-11-18 13:06:18,806 [4a771e97-762c-4a8a-bccd-860d81b1b0e2@group-467E5D1A0786-FollowerState] INFO  server.RaftServerConfigKeys (ConfUtils.java:logGet(46)) - raft.server.leaderelection.pre-vote = false (custom)
2022-11-18 13:06:18,806 [4a771e97-762c-4a8a-bccd-860d81b1b0e2@group-467E5D1A0786-FollowerState] INFO  impl.RoleInfo (RoleInfo.java:updateAndGet(139)) - 4a771e97-762c-4a8a-bccd-860d81b1b0e2: start 4a771e97-762c-4a8a-bccd-860d81b1b0e2@group-467E5D1A0786-LeaderElection121
2022-11-18 13:06:18,808 [4a771e97-762c-4a8a-bccd-860d81b1b0e2@group-467E5D1A0786-LeaderElection121] INFO  impl.LeaderElection (LeaderElection.java:askForVotes(312)) - 4a771e97-762c-4a8a-bccd-860d81b1b0e2@group-467E5D1A0786-LeaderElection121 ELECTION round 0: submit vote requests at term 1 for -1: peers:[4a771e97-762c-4a8a-bccd-860d81b1b0e2|rpc:10.1.0.56:45203|priority:1|startupRole:FOLLOWER]|listeners:[], old=null
2022-11-18 13:06:18,808 [4a771e97-762c-4a8a-bccd-860d81b1b0e2@group-467E5D1A0786-LeaderElection121] INFO  impl.LeaderElection (LeaderElection.java:askForVotes(314)) - 4a771e97-762c-4a8a-bccd-860d81b1b0e2@group-467E5D1A0786-LeaderElection121 ELECTION round 0: result PASSED (term=1)
2022-11-18 13:06:18,808 [4a771e97-762c-4a8a-bccd-860d81b1b0e2@group-467E5D1A0786-LeaderElection121] INFO  impl.RoleInfo (RoleInfo.java:shutdownLeaderElection(130)) - 4a771e97-762c-4a8a-bccd-860d81b1b0e2: shutdown 4a771e97-762c-4a8a-bccd-860d81b1b0e2@group-467E5D1A0786-LeaderElection121
2022-11-18 13:06:18,808 [4a771e97-762c-4a8a-bccd-860d81b1b0e2@group-467E5D1A0786-LeaderElection121] INFO  server.RaftServer$Division (RaftServerImpl.java:setRole(321)) - 4a771e97-762c-4a8a-bccd-860d81b1b0e2@group-467E5D1A0786: changes role from CANDIDATE to LEADER at term 1 for changeToLeader
2022-11-18 13:06:18,808 [4a771e97-762c-4a8a-bccd-860d81b1b0e2@group-467E5D1A0786-LeaderElection121] INFO  ratis.XceiverServerRatis (XceiverServerRatis.java:handleLeaderChangedNotification(863)) - Leader change notification received for group: group-467E5D1A0786 with new leaderId: 4a771e97-762c-4a8a-bccd-860d81b1b0e2
2022-11-18 13:06:18,808 [4a771e97-762c-4a8a-bccd-860d81b1b0e2@group-467E5D1A0786-LeaderElection121] INFO  server.RaftServer$Division (ServerState.java:setLeader(313)) - 4a771e97-762c-4a8a-bccd-860d81b1b0e2@group-467E5D1A0786: change Leader from null to 4a771e97-762c-4a8a-bccd-860d81b1b0e2 at term 1 for becomeLeader, leader elected after 5101ms
2022-11-18 13:06:18,808 [4a771e97-762c-4a8a-bccd-860d81b1b0e2@group-467E5D1A0786-LeaderElection121] INFO  server.RaftServerConfigKeys (ConfUtils.java:logGet(46)) - raft.server.staging.catchup.gap = 1000 (default)
2022-11-18 13:06:18,809 [4a771e97-762c-4a8a-bccd-860d81b1b0e2@group-467E5D1A0786-LeaderElection121] INFO  server.RaftServerConfigKeys (ConfUtils.java:logGet(46)) - raft.server.write.element-limit = 1024 (custom)
2022-11-18 13:06:18,809 [4a771e97-762c-4a8a-bccd-860d81b1b0e2@group-467E5D1A0786-LeaderElection121] INFO  server.RaftServerConfigKeys (ConfUtils.java:logGet(46)) - raft.server.write.byte-limit = 1024 M (=1073741824) (custom)
2022-11-18 13:06:18,809 [4a771e97-762c-4a8a-bccd-860d81b1b0e2@group-467E5D1A0786-LeaderElection121] INFO  server.RaftServerConfigKeys (ConfUtils.java:logGet(46)) - raft.server.watch.timeout = 180s (custom)
2022-11-18 13:06:18,809 [4a771e97-762c-4a8a-bccd-860d81b1b0e2@group-467E5D1A0786-LeaderElection121] INFO  server.RaftServerConfigKeys (ConfUtils.java:logGet(46)) - raft.server.watch.timeout.denomination = 1s (default)
2022-11-18 13:06:18,810 [4a771e97-762c-4a8a-bccd-860d81b1b0e2@group-467E5D1A0786-LeaderElection121] INFO  server.RaftServerConfigKeys (ConfUtils.java:logGet(46)) - raft.server.watch.element-limit = 65536 (default)
2022-11-18 13:06:18,810 [4a771e97-762c-4a8a-bccd-860d81b1b0e2@group-467E5D1A0786-LeaderElection121] INFO  server.RaftServerConfigKeys (ConfUtils.java:logGet(46)) - raft.server.write.element-limit = 1024 (custom)
2022-11-18 13:06:18,810 [4a771e97-762c-4a8a-bccd-860d81b1b0e2@group-467E5D1A0786-LeaderElection121] INFO  server.RaftServerConfigKeys (ConfUtils.java:logGet(46)) - raft.server.write.follower.gap.ratio.max = -1.0 (default)
2022-11-18 13:06:18,810 [4a771e97-762c-4a8a-bccd-860d81b1b0e2@group-467E5D1A0786-LeaderElection121] INFO  impl.RoleInfo (RoleInfo.java:updateAndGet(139)) - 4a771e97-762c-4a8a-bccd-860d81b1b0e2: start 4a771e97-762c-4a8a-bccd-860d81b1b0e2@group-467E5D1A0786-LeaderStateImpl
2022-11-18 13:06:18,810 [4a771e97-762c-4a8a-bccd-860d81b1b0e2@group-467E5D1A0786-LeaderElection121] INFO  segmented.SegmentedRaftLogWorker (SegmentedRaftLogWorker.java:startLogSegment(452)) - 4a771e97-762c-4a8a-bccd-860d81b1b0e2@group-467E5D1A0786-SegmentedRaftLogWorker: Starting segment from index:0
2022-11-18 13:06:18,814 [4a771e97-762c-4a8a-bccd-860d81b1b0e2@group-467E5D1A0786-LeaderElection121] INFO  server.RaftServer$Division (ServerState.java:setRaftConf(430)) - 4a771e97-762c-4a8a-bccd-860d81b1b0e2@group-467E5D1A0786: set configuration 0: peers:[4a771e97-762c-4a8a-bccd-860d81b1b0e2|rpc:10.1.0.56:45203|dataStream:|priority:1|startupRole:FOLLOWER]|listeners:[], old=null
2022-11-18 13:06:18,816 [4a771e97-762c-4a8a-bccd-860d81b1b0e2@group-467E5D1A0786-SegmentedRaftLogWorker] INFO  segmented.SegmentedRaftLogWorker (SegmentedRaftLogWorker.java:execute(656)) - 4a771e97-762c-4a8a-bccd-860d81b1b0e2@group-467E5D1A0786-SegmentedRaftLogWorker: created new log segment /home/runner/work/ozone/ozone/hadoop-ozone/integration-test/target/test-dir/MiniOzoneClusterImpl-d3d67884-f8de-446f-8121-b5603e1f9142/datanode-6/data/ratis/a3b8b967-5e29-4958-9c54-467e5d1a0786/current/log_inprogress_0
2022-11-18 13:06:18,839 [ReplicationMonitor] INFO  replication.ReplicationManager (ReplicationManager.java:processAll(319)) - Replication Manager is not ready to run until 3000ms after safemode exit
2022-11-18 13:06:18,859 [ReplicationMonitor] INFO  replication.ReplicationManager (ReplicationManager.java:processAll(319)) - Replication Manager is not ready to run until 3000ms after safemode exit
2022-11-18 13:06:19,490 [Under Replicated Processor] INFO  replication.UnderReplicatedProcessor (UnderReplicatedProcessor.java:processAll(92)) - Processed 0 under replicated containers, failed processing 0
2022-11-18 13:06:19,490 [Over Replicated Processor] INFO  replication.OverReplicatedProcessor (OverReplicatedProcessor.java:processAll(90)) - Processed 0 over replicated containers, failed processing 0
2022-11-18 13:06:19,491 [ReplicationMonitor] INFO  replication.ReplicationManager (ReplicationManager.java:processAll(352)) - Replication Monitor Thread took 0 milliseconds for processing 0 containers.
2022-11-18 13:06:19,839 [ReplicationMonitor] INFO  replication.ReplicationManager (ReplicationManager.java:processAll(319)) - Replication Manager is not ready to run until 3000ms after safemode exit
2022-11-18 13:06:19,859 [ReplicationMonitor] INFO  replication.ReplicationManager (ReplicationManager.java:processAll(319)) - Replication Manager is not ready to run until 3000ms after safemode exit
2022-11-18 13:06:20,490 [Under Replicated Processor] INFO  replication.UnderReplicatedProcessor (UnderReplicatedProcessor.java:processAll(92)) - Processed 0 under replicated containers, failed processing 0
2022-11-18 13:06:20,490 [Over Replicated Processor] INFO  replication.OverReplicatedProcessor (OverReplicatedProcessor.java:processAll(90)) - Processed 0 over replicated containers, failed processing 0
2022-11-18 13:06:20,491 [ReplicationMonitor] INFO  replication.ReplicationManager (ReplicationManager.java:processAll(352)) - Replication Monitor Thread took 0 milliseconds for processing 0 containers.
2022-11-18 13:06:20,791 [Under Replicated Processor] INFO  replication.UnderReplicatedProcessor (UnderReplicatedProcessor.java:processAll(92)) - Processed 0 under replicated containers, failed processing 0
2022-11-18 13:06:20,838 [Over Replicated Processor] INFO  replication.OverReplicatedProcessor (OverReplicatedProcessor.java:processAll(90)) - Processed 0 over replicated containers, failed processing 0
2022-11-18 13:06:20,839 [ReplicationMonitor] INFO  replication.ReplicationManager (ReplicationManager.java:processAll(352)) - Replication Monitor Thread took 0 milliseconds for processing 0 containers.
2022-11-18 13:06:20,859 [Under Replicated Processor] INFO  replication.UnderReplicatedProcessor (UnderReplicatedProcessor.java:processAll(92)) - Processed 0 under replicated containers, failed processing 0
2022-11-18 13:06:20,859 [ReplicationMonitor] INFO  replication.LegacyReplicationManager (LegacyReplicationManager.java:handleUnderReplicatedContainer(1194)) - Container #1 is under replicated. Expected replica count is 3, but found 2.
2022-11-18 13:06:20,859 [ReplicationMonitor] INFO  replication.LegacyReplicationManager (LegacyReplicationManager.java:sendReplicateCommand(1558)) - Sending replicate container command for container #1 to datanode f55315c2-12b7-4bf7-9755-17bd9d593b12{ip: 10.1.0.56, host: fv-az180-400.aibneqh1mxpuhl3tnnuy2ifbce.bx.internal.cloudapp.net, ports: [REPLICATION=46321, RATIS=41975, RATIS_ADMIN=41975, RATIS_SERVER=41975, STANDALONE=41495], networkLocation: /default-rack, certSerialId: null, persistedOpState: IN_SERVICE, persistedOpStateExpiryEpochSec: 0} from datanodes [277e5bbd-414d-4f19-87c3-552c8f153d3d{ip: 10.1.0.56, host: fv-az180-400.aibneqh1mxpuhl3tnnuy2ifbce.bx.internal.cloudapp.net, ports: [REPLICATION=34679, RATIS=43003, RATIS_ADMIN=43003, RATIS_SERVER=43003, STANDALONE=43927], networkLocation: /default-rack, certSerialId: null, persistedOpState: IN_SERVICE, persistedOpStateExpiryEpochSec: 0}, 62944fc1-681b-46bd-93f7-2482762a7b31{ip: 10.1.0.56, host: fv-az180-400.aibneqh1mxpuhl3tnnuy2ifbce.bx.internal.cloudapp.net, ports: [REPLICATION=41933, RATIS=38905, RATIS_ADMIN=38905, RATIS_SERVER=38905, STANDALONE=35895], networkLocation: /default-rack, certSerialId: null, persistedOpState: IN_SERVICE, persistedOpStateExpiryEpochSec: 0}]
2022-11-18 13:06:20,860 [ReplicationMonitor] INFO  replication.LegacyReplicationManager (LegacyReplicationManager.java:handleUnderReplicatedContainer(1194)) - Container #5 is under replicated. Expected replica count is 3, but found 2.
2022-11-18 13:06:20,860 [ReplicationMonitor] INFO  replication.LegacyReplicationManager (LegacyReplicationManager.java:sendReplicateCommand(1558)) - Sending replicate container command for container #5 to datanode dba9af6d-6e82-4367-aab1-8cf42182a7ab{ip: 10.1.0.56, host: fv-az180-400.aibneqh1mxpuhl3tnnuy2ifbce.bx.internal.cloudapp.net, ports: [REPLICATION=34389, RATIS=42951, RATIS_ADMIN=42951, RATIS_SERVER=42951, STANDALONE=36151], networkLocation: /default-rack, certSerialId: null, persistedOpState: IN_SERVICE, persistedOpStateExpiryEpochSec: 0} from datanodes [62944fc1-681b-46bd-93f7-2482762a7b31{ip: 10.1.0.56, host: fv-az180-400.aibneqh1mxpuhl3tnnuy2ifbce.bx.internal.cloudapp.net, ports: [REPLICATION=41933, RATIS=38905, RATIS_ADMIN=38905, RATIS_SERVER=38905, STANDALONE=35895], networkLocation: /default-rack, certSerialId: null, persistedOpState: IN_SERVICE, persistedOpStateExpiryEpochSec: 0}, 277e5bbd-414d-4f19-87c3-552c8f153d3d{ip: 10.1.0.56, host: fv-az180-400.aibneqh1mxpuhl3tnnuy2ifbce.bx.internal.cloudapp.net, ports: [REPLICATION=34679, RATIS=43003, RATIS_ADMIN=43003, RATIS_SERVER=43003, STANDALONE=43927], networkLocation: /default-rack, certSerialId: null, persistedOpState: IN_SERVICE, persistedOpStateExpiryEpochSec: 0}]
2022-11-18 13:06:20,860 [ReplicationMonitor] INFO  replication.LegacyReplicationManager (LegacyReplicationManager.java:handleUnderReplicatedContainer(1194)) - Container #6 is under replicated. Expected replica count is 3, but found 2.
2022-11-18 13:06:20,860 [ReplicationMonitor] INFO  replication.LegacyReplicationManager (LegacyReplicationManager.java:sendReplicateCommand(1558)) - Sending replicate container command for container #6 to datanode f55315c2-12b7-4bf7-9755-17bd9d593b12{ip: 10.1.0.56, host: fv-az180-400.aibneqh1mxpuhl3tnnuy2ifbce.bx.internal.cloudapp.net, ports: [REPLICATION=46321, RATIS=41975, RATIS_ADMIN=41975, RATIS_SERVER=41975, STANDALONE=41495], networkLocation: /default-rack, certSerialId: null, persistedOpState: IN_SERVICE, persistedOpStateExpiryEpochSec: 0} from datanodes [277e5bbd-414d-4f19-87c3-552c8f153d3d{ip: 10.1.0.56, host: fv-az180-400.aibneqh1mxpuhl3tnnuy2ifbce.bx.internal.cloudapp.net, ports: [REPLICATION=34679, RATIS=43003, RATIS_ADMIN=43003, RATIS_SERVER=43003, STANDALONE=43927], networkLocation: /default-rack, certSerialId: null, persistedOpState: IN_SERVICE, persistedOpStateExpiryEpochSec: 0}, 62944fc1-681b-46bd-93f7-2482762a7b31{ip: 10.1.0.56, host: fv-az180-400.aibneqh1mxpuhl3tnnuy2ifbce.bx.internal.cloudapp.net, ports: [REPLICATION=41933, RATIS=38905, RATIS_ADMIN=38905, RATIS_SERVER=38905, STANDALONE=35895], networkLocation: /default-rack, certSerialId: null, persistedOpState: IN_SERVICE, persistedOpStateExpiryEpochSec: 0}]
2022-11-18 13:06:20,860 [ReplicationMonitor] INFO  replication.ReplicationManager (ReplicationManager.java:processAll(352)) - Replication Monitor Thread took 1 milliseconds for processing 6 containers.
2022-11-18 13:06:20,865 [Over Replicated Processor] INFO  replication.OverReplicatedProcessor (OverReplicatedProcessor.java:processAll(90)) - Processed 0 over replicated containers, failed processing 0
2022-11-18 13:06:21,318 [b56e85ee-8e41-41ba-8236-410d8ae83499@group-CBE126E451E1-FollowerState] INFO  impl.FollowerState (FollowerState.java:run(143)) - b56e85ee-8e41-41ba-8236-410d8ae83499@group-CBE126E451E1-FollowerState: change to CANDIDATE, lastRpcElapsedTime:5016370251ns, electionTimeout:5015ms
2022-11-18 13:06:21,318 [b56e85ee-8e41-41ba-8236-410d8ae83499@group-CBE126E451E1-FollowerState] INFO  impl.RoleInfo (RoleInfo.java:shutdownFollowerState(110)) - b56e85ee-8e41-41ba-8236-410d8ae83499: shutdown b56e85ee-8e41-41ba-8236-410d8ae83499@group-CBE126E451E1-FollowerState
2022-11-18 13:06:21,318 [b56e85ee-8e41-41ba-8236-410d8ae83499@group-CBE126E451E1-FollowerState] INFO  server.RaftServer$Division (RaftServerImpl.java:setRole(321)) - b56e85ee-8e41-41ba-8236-410d8ae83499@group-CBE126E451E1: changes role from  FOLLOWER to CANDIDATE at term 1 for changeToCandidate
2022-11-18 13:06:21,318 [b56e85ee-8e41-41ba-8236-410d8ae83499@group-CBE126E451E1-FollowerState] INFO  server.RaftServerConfigKeys (ConfUtils.java:logGet(46)) - raft.server.leaderelection.pre-vote = false (custom)
2022-11-18 13:06:21,318 [b56e85ee-8e41-41ba-8236-410d8ae83499@group-CBE126E451E1-FollowerState] INFO  impl.RoleInfo (RoleInfo.java:updateAndGet(139)) - b56e85ee-8e41-41ba-8236-410d8ae83499: start b56e85ee-8e41-41ba-8236-410d8ae83499@group-CBE126E451E1-LeaderElection122
2022-11-18 13:06:21,320 [b56e85ee-8e41-41ba-8236-410d8ae83499@group-CBE126E451E1-LeaderElection122] INFO  impl.LeaderElection (LeaderElection.java:askForVotes(312)) - b56e85ee-8e41-41ba-8236-410d8ae83499@group-CBE126E451E1-LeaderElection122 ELECTION round 0: submit vote requests at term 2 for -1: peers:[db052414-94b4-46f8-aca1-929beb3cfaa7|rpc:10.1.0.56:35073|dataStream:|priority:0|startupRole:FOLLOWER, b56e85ee-8e41-41ba-8236-410d8ae83499|rpc:10.1.0.56:36407|dataStream:|priority:1|startupRole:FOLLOWER, ec62b457-0040-4e07-85ab-e1dde9d29779|rpc:10.1.0.56:46203|dataStream:|priority:0|startupRole:FOLLOWER]|listeners:[], old=null
2022-11-18 13:06:21,321 [b56e85ee-8e41-41ba-8236-410d8ae83499@group-CBE126E451E1-LeaderElection122-1] INFO  server.GrpcServerProtocolClient (GrpcServerProtocolClient.java:<init>(63)) - Build channel for db052414-94b4-46f8-aca1-929beb3cfaa7
2022-11-18 13:06:21,321 [b56e85ee-8e41-41ba-8236-410d8ae83499@group-CBE126E451E1-LeaderElection122] INFO  server.RaftServerConfigKeys (ConfUtils.java:logFallback(53)) - raft.server.rpc.first-election.timeout.min = 5s (fallback to raft.server.rpc.timeout.min)
2022-11-18 13:06:21,321 [b56e85ee-8e41-41ba-8236-410d8ae83499@group-CBE126E451E1-LeaderElection122] INFO  server.RaftServerConfigKeys (ConfUtils.java:logFallback(53)) - raft.server.rpc.first-election.timeout.max = 5200ms (fallback to raft.server.rpc.timeout.max)
2022-11-18 13:06:21,322 [b56e85ee-8e41-41ba-8236-410d8ae83499@group-CBE126E451E1-LeaderElection122-2] INFO  server.GrpcServerProtocolClient (GrpcServerProtocolClient.java:<init>(63)) - Build channel for ec62b457-0040-4e07-85ab-e1dde9d29779
2022-11-18 13:06:21,326 [grpc-default-executor-5] INFO  server.RaftServer$Division (RaftServerImpl.java:requestVote(1218)) - db052414-94b4-46f8-aca1-929beb3cfaa7@group-CBE126E451E1: receive requestVote(ELECTION, b56e85ee-8e41-41ba-8236-410d8ae83499, group-CBE126E451E1, 2, (t:0, i:0))
2022-11-18 13:06:21,326 [grpc-default-executor-5] INFO  impl.VoteContext (VoteContext.java:log(48)) - db052414-94b4-46f8-aca1-929beb3cfaa7@group-CBE126E451E1-FOLLOWER: accept ELECTION from b56e85ee-8e41-41ba-8236-410d8ae83499: our priority 0 <= candidate's priority 1
2022-11-18 13:06:21,326 [grpc-default-executor-5] INFO  server.RaftServer$Division (RaftServerImpl.java:setRole(321)) - db052414-94b4-46f8-aca1-929beb3cfaa7@group-CBE126E451E1: changes role from  FOLLOWER to FOLLOWER at term 2 for candidate:b56e85ee-8e41-41ba-8236-410d8ae83499
2022-11-18 13:06:21,326 [grpc-default-executor-5] INFO  impl.RoleInfo (RoleInfo.java:shutdownFollowerState(110)) - db052414-94b4-46f8-aca1-929beb3cfaa7: shutdown db052414-94b4-46f8-aca1-929beb3cfaa7@group-CBE126E451E1-FollowerState
2022-11-18 13:06:21,326 [grpc-default-executor-5] INFO  impl.RoleInfo (RoleInfo.java:updateAndGet(139)) - db052414-94b4-46f8-aca1-929beb3cfaa7: start db052414-94b4-46f8-aca1-929beb3cfaa7@group-CBE126E451E1-FollowerState
2022-11-18 13:06:21,327 [db052414-94b4-46f8-aca1-929beb3cfaa7@group-CBE126E451E1-FollowerState] INFO  impl.FollowerState (FollowerState.java:run(152)) - db052414-94b4-46f8-aca1-929beb3cfaa7@group-CBE126E451E1-FollowerState was interrupted
2022-11-18 13:06:21,328 [db052414-94b4-46f8-aca1-929beb3cfaa7@group-CBE126E451E1-FollowerState] INFO  server.RaftServerConfigKeys (ConfUtils.java:logFallback(53)) - raft.server.rpc.first-election.timeout.min = 5s (fallback to raft.server.rpc.timeout.min)
2022-11-18 13:06:21,328 [db052414-94b4-46f8-aca1-929beb3cfaa7@group-CBE126E451E1-FollowerState] INFO  server.RaftServerConfigKeys (ConfUtils.java:logFallback(53)) - raft.server.rpc.first-election.timeout.max = 5200ms (fallback to raft.server.rpc.timeout.max)
2022-11-18 13:06:21,329 [grpc-default-executor-0] INFO  server.RaftServer$Division (RaftServerImpl.java:requestVote(1218)) - ec62b457-0040-4e07-85ab-e1dde9d29779@group-CBE126E451E1: receive requestVote(ELECTION, b56e85ee-8e41-41ba-8236-410d8ae83499, group-CBE126E451E1, 2, (t:0, i:0))
2022-11-18 13:06:21,330 [grpc-default-executor-0] INFO  impl.VoteContext (VoteContext.java:log(48)) - ec62b457-0040-4e07-85ab-e1dde9d29779@group-CBE126E451E1-FOLLOWER: accept ELECTION from b56e85ee-8e41-41ba-8236-410d8ae83499: our priority 0 <= candidate's priority 1
2022-11-18 13:06:21,330 [grpc-default-executor-0] INFO  server.RaftServer$Division (RaftServerImpl.java:setRole(321)) - ec62b457-0040-4e07-85ab-e1dde9d29779@group-CBE126E451E1: changes role from  FOLLOWER to FOLLOWER at term 2 for candidate:b56e85ee-8e41-41ba-8236-410d8ae83499
2022-11-18 13:06:21,330 [grpc-default-executor-0] INFO  impl.RoleInfo (RoleInfo.java:shutdownFollowerState(110)) - ec62b457-0040-4e07-85ab-e1dde9d29779: shutdown ec62b457-0040-4e07-85ab-e1dde9d29779@group-CBE126E451E1-FollowerState
2022-11-18 13:06:21,330 [grpc-default-executor-0] INFO  impl.RoleInfo (RoleInfo.java:updateAndGet(139)) - ec62b457-0040-4e07-85ab-e1dde9d29779: start ec62b457-0040-4e07-85ab-e1dde9d29779@group-CBE126E451E1-FollowerState
2022-11-18 13:06:21,330 [ec62b457-0040-4e07-85ab-e1dde9d29779@group-CBE126E451E1-FollowerState] INFO  impl.FollowerState (FollowerState.java:run(152)) - ec62b457-0040-4e07-85ab-e1dde9d29779@group-CBE126E451E1-FollowerState was interrupted
2022-11-18 13:06:21,330 [grpc-default-executor-5] INFO  server.RaftServer$Division (RaftServerImpl.java:requestVote(1251)) - db052414-94b4-46f8-aca1-929beb3cfaa7@group-CBE126E451E1 replies to ELECTION vote request: b56e85ee-8e41-41ba-8236-410d8ae83499<-db052414-94b4-46f8-aca1-929beb3cfaa7#0:OK-t2. Peer's state: db052414-94b4-46f8-aca1-929beb3cfaa7@group-CBE126E451E1:t2, leader=null, voted=b56e85ee-8e41-41ba-8236-410d8ae83499, raftlog=Memoized:db052414-94b4-46f8-aca1-929beb3cfaa7@group-CBE126E451E1-SegmentedRaftLog:OPENED:c-1, conf=-1: peers:[db052414-94b4-46f8-aca1-929beb3cfaa7|rpc:10.1.0.56:35073|priority:0|startupRole:FOLLOWER, b56e85ee-8e41-41ba-8236-410d8ae83499|rpc:10.1.0.56:36407|priority:1|startupRole:FOLLOWER, ec62b457-0040-4e07-85ab-e1dde9d29779|rpc:10.1.0.56:46203|priority:0|startupRole:FOLLOWER]|listeners:[], old=null
2022-11-18 13:06:21,331 [ec62b457-0040-4e07-85ab-e1dde9d29779@group-CBE126E451E1-FollowerState] INFO  server.RaftServerConfigKeys (ConfUtils.java:logFallback(53)) - raft.server.rpc.first-election.timeout.min = 5s (fallback to raft.server.rpc.timeout.min)
2022-11-18 13:06:21,331 [ec62b457-0040-4e07-85ab-e1dde9d29779@group-CBE126E451E1-FollowerState] INFO  server.RaftServerConfigKeys (ConfUtils.java:logFallback(53)) - raft.server.rpc.first-election.timeout.max = 5200ms (fallback to raft.server.rpc.timeout.max)
2022-11-18 13:06:21,331 [b56e85ee-8e41-41ba-8236-410d8ae83499@group-CBE126E451E1-LeaderElection122] INFO  impl.LeaderElection (LeaderElection.java:logAndReturn(90)) - b56e85ee-8e41-41ba-8236-410d8ae83499@group-CBE126E451E1-LeaderElection122: ELECTION PASSED received 1 response(s) and 0 exception(s):
2022-11-18 13:06:21,331 [b56e85ee-8e41-41ba-8236-410d8ae83499@group-CBE126E451E1-LeaderElection122] INFO  impl.LeaderElection (LeaderElection.java:logAndReturn(94)) -   Response 0: b56e85ee-8e41-41ba-8236-410d8ae83499<-db052414-94b4-46f8-aca1-929beb3cfaa7#0:OK-t2
2022-11-18 13:06:21,331 [b56e85ee-8e41-41ba-8236-410d8ae83499@group-CBE126E451E1-LeaderElection122] INFO  impl.LeaderElection (LeaderElection.java:askForVotes(314)) - b56e85ee-8e41-41ba-8236-410d8ae83499@group-CBE126E451E1-LeaderElection122 ELECTION round 0: result PASSED
2022-11-18 13:06:21,331 [b56e85ee-8e41-41ba-8236-410d8ae83499@group-CBE126E451E1-LeaderElection122] INFO  impl.RoleInfo (RoleInfo.java:shutdownLeaderElection(130)) - b56e85ee-8e41-41ba-8236-410d8ae83499: shutdown b56e85ee-8e41-41ba-8236-410d8ae83499@group-CBE126E451E1-LeaderElection122
2022-11-18 13:06:21,332 [b56e85ee-8e41-41ba-8236-410d8ae83499@group-CBE126E451E1-LeaderElection122] INFO  server.RaftServer$Division (RaftServerImpl.java:setRole(321)) - b56e85ee-8e41-41ba-8236-410d8ae83499@group-CBE126E451E1: changes role from CANDIDATE to LEADER at term 2 for changeToLeader
2022-11-18 13:06:21,332 [b56e85ee-8e41-41ba-8236-410d8ae83499@group-CBE126E451E1-LeaderElection122] INFO  ratis.XceiverServerRatis (XceiverServerRatis.java:handleLeaderChangedNotification(863)) - Leader change notification received for group: group-CBE126E451E1 with new leaderId: b56e85ee-8e41-41ba-8236-410d8ae83499
2022-11-18 13:06:21,332 [b56e85ee-8e41-41ba-8236-410d8ae83499@group-CBE126E451E1-LeaderElection122] INFO  server.RaftServer$Division (ServerState.java:setLeader(313)) - b56e85ee-8e41-41ba-8236-410d8ae83499@group-CBE126E451E1: change Leader from null to b56e85ee-8e41-41ba-8236-410d8ae83499 at term 2 for becomeLeader, leader elected after 10072ms
2022-11-18 13:06:21,332 [b56e85ee-8e41-41ba-8236-410d8ae83499@group-CBE126E451E1-LeaderElection122] INFO  server.RaftServerConfigKeys (ConfUtils.java:logGet(46)) - raft.server.staging.catchup.gap = 1000 (default)
2022-11-18 13:06:21,332 [b56e85ee-8e41-41ba-8236-410d8ae83499@group-CBE126E451E1-LeaderElection122] INFO  server.RaftServerConfigKeys (ConfUtils.java:logGet(46)) - raft.server.write.element-limit = 1024 (custom)
2022-11-18 13:06:21,332 [b56e85ee-8e41-41ba-8236-410d8ae83499@group-CBE126E451E1-LeaderElection122] INFO  server.RaftServerConfigKeys (ConfUtils.java:logGet(46)) - raft.server.write.byte-limit = 1024 M (=1073741824) (custom)
2022-11-18 13:06:21,333 [b56e85ee-8e41-41ba-8236-410d8ae83499@group-CBE126E451E1-LeaderElection122] INFO  server.RaftServerConfigKeys (ConfUtils.java:logGet(46)) - raft.server.watch.timeout = 180s (custom)
2022-11-18 13:06:21,333 [b56e85ee-8e41-41ba-8236-410d8ae83499@group-CBE126E451E1-LeaderElection122] INFO  server.RaftServerConfigKeys (ConfUtils.java:logGet(46)) - raft.server.watch.timeout.denomination = 1s (default)
2022-11-18 13:06:21,333 [b56e85ee-8e41-41ba-8236-410d8ae83499@group-CBE126E451E1-LeaderElection122] INFO  server.RaftServerConfigKeys (ConfUtils.java:logGet(46)) - raft.server.watch.element-limit = 65536 (default)
2022-11-18 13:06:21,333 [b56e85ee-8e41-41ba-8236-410d8ae83499@group-CBE126E451E1-LeaderElection122] INFO  server.RaftServerConfigKeys (ConfUtils.java:logGet(46)) - raft.server.write.element-limit = 1024 (custom)
2022-11-18 13:06:21,333 [b56e85ee-8e41-41ba-8236-410d8ae83499@group-CBE126E451E1-LeaderElection122] INFO  server.RaftServerConfigKeys (ConfUtils.java:logGet(46)) - raft.server.write.follower.gap.ratio.max = -1.0 (default)
2022-11-18 13:06:21,335 [grpc-default-executor-0] INFO  server.RaftServer$Division (RaftServerImpl.java:requestVote(1251)) - ec62b457-0040-4e07-85ab-e1dde9d29779@group-CBE126E451E1 replies to ELECTION vote request: b56e85ee-8e41-41ba-8236-410d8ae83499<-ec62b457-0040-4e07-85ab-e1dde9d29779#0:OK-t2. Peer's state: ec62b457-0040-4e07-85ab-e1dde9d29779@group-CBE126E451E1:t2, leader=null, voted=b56e85ee-8e41-41ba-8236-410d8ae83499, raftlog=Memoized:ec62b457-0040-4e07-85ab-e1dde9d29779@group-CBE126E451E1-SegmentedRaftLog:OPENED:c-1, conf=-1: peers:[db052414-94b4-46f8-aca1-929beb3cfaa7|rpc:10.1.0.56:35073|dataStream:|priority:0|startupRole:FOLLOWER, b56e85ee-8e41-41ba-8236-410d8ae83499|rpc:10.1.0.56:36407|dataStream:|priority:1|startupRole:FOLLOWER, ec62b457-0040-4e07-85ab-e1dde9d29779|rpc:10.1.0.56:46203|dataStream:|priority:0|startupRole:FOLLOWER]|listeners:[], old=null
2022-11-18 13:06:21,335 [EventQueue-PipelineReportForPipelineReportHandler] INFO  pipeline.PipelineManagerImpl (PipelineManagerImpl.java:openPipeline(367)) - Pipeline Pipeline[ Id: 20b526d6-12ff-4da5-a3c9-cbe126e451e1, Nodes: db052414-94b4-46f8-aca1-929beb3cfaa7{ip: 10.1.0.56, host: fv-az180-400.aibneqh1mxpuhl3tnnuy2ifbce.bx.internal.cloudapp.net, ports: [REPLICATION=36493, RATIS=35073, RATIS_ADMIN=35073, RATIS_SERVER=35073, STANDALONE=36897], networkLocation: /default-rack, certSerialId: null, persistedOpState: IN_SERVICE, persistedOpStateExpiryEpochSec: 0}b56e85ee-8e41-41ba-8236-410d8ae83499{ip: 10.1.0.56, host: fv-az180-400.aibneqh1mxpuhl3tnnuy2ifbce.bx.internal.cloudapp.net, ports: [REPLICATION=33143, RATIS=36407, RATIS_ADMIN=36407, RATIS_SERVER=36407, STANDALONE=39211], networkLocation: /default-rack, certSerialId: null, persistedOpState: IN_SERVICE, persistedOpStateExpiryEpochSec: 0}ec62b457-0040-4e07-85ab-e1dde9d29779{ip: 10.1.0.56, host: fv-az180-400.aibneqh1mxpuhl3tnnuy2ifbce.bx.internal.cloudapp.net, ports: [REPLICATION=44127, RATIS=46203, RATIS_ADMIN=46203, RATIS_SERVER=46203, STANDALONE=45629], networkLocation: /default-rack, certSerialId: null, persistedOpState: IN_SERVICE, persistedOpStateExpiryEpochSec: 0}, ReplicationConfig: RATIS/THREE, State:ALLOCATED, leaderId:b56e85ee-8e41-41ba-8236-410d8ae83499, CreationTimestamp2022-11-18T13:06:09.068Z[Etc/UTC]] moved to OPEN state
2022-11-18 13:06:21,335 [b56e85ee-8e41-41ba-8236-410d8ae83499@group-CBE126E451E1-LeaderElection122] INFO  server.RaftServerConfigKeys (ConfUtils.java:logGet(46)) - raft.server.log.appender.snapshot.chunk.size.max = 16MB (=16777216) (default)
2022-11-18 13:06:21,336 [b56e85ee-8e41-41ba-8236-410d8ae83499@group-CBE126E451E1-LeaderElection122] INFO  server.RaftServerConfigKeys (ConfUtils.java:logGet(46)) - raft.server.log.appender.buffer.byte-limit = 33554432 (custom)
2022-11-18 13:06:21,336 [b56e85ee-8e41-41ba-8236-410d8ae83499@group-CBE126E451E1-LeaderElection122] INFO  server.RaftServerConfigKeys (ConfUtils.java:logGet(46)) - raft.server.log.appender.buffer.element-limit = 1 (custom)
2022-11-18 13:06:21,336 [b56e85ee-8e41-41ba-8236-410d8ae83499@group-CBE126E451E1-LeaderElection122] INFO  grpc.GrpcConfigKeys (ConfUtils.java:logGet(46)) - raft.grpc.server.leader.outstanding.appends.max = 128 (default)
2022-11-18 13:06:21,336 [b56e85ee-8e41-41ba-8236-410d8ae83499@group-CBE126E451E1-LeaderElection122] INFO  server.RaftServerConfigKeys (ConfUtils.java:logGet(46)) - raft.server.rpc.request.timeout = 60s (custom)
2022-11-18 13:06:21,336 [b56e85ee-8e41-41ba-8236-410d8ae83499@group-CBE126E451E1-LeaderElection122] INFO  server.RaftServerConfigKeys (ConfUtils.java:logGet(46)) - raft.server.log.appender.install.snapshot.enabled = false (custom)
2022-11-18 13:06:21,336 [b56e85ee-8e41-41ba-8236-410d8ae83499@group-CBE126E451E1-LeaderElection122] INFO  grpc.GrpcConfigKeys (ConfUtils.java:logGet(46)) - raft.grpc.server.heartbeat.channel = true (default)
2022-11-18 13:06:21,336 [b56e85ee-8e41-41ba-8236-410d8ae83499@group-CBE126E451E1-LeaderElection122] INFO  server.RaftServerConfigKeys (ConfUtils.java:logGet(46)) - raft.server.log.appender.wait-time.min = 10ms (default)
2022-11-18 13:06:21,339 [b56e85ee-8e41-41ba-8236-410d8ae83499@group-CBE126E451E1-LeaderElection122] INFO  server.RaftServerConfigKeys (ConfUtils.java:logGet(46)) - raft.server.log.appender.snapshot.chunk.size.max = 16MB (=16777216) (default)
2022-11-18 13:06:21,339 [b56e85ee-8e41-41ba-8236-410d8ae83499@group-CBE126E451E1-LeaderElection122] INFO  server.RaftServerConfigKeys (ConfUtils.java:logGet(46)) - raft.server.log.appender.buffer.byte-limit = 33554432 (custom)
2022-11-18 13:06:21,339 [b56e85ee-8e41-41ba-8236-410d8ae83499@group-CBE126E451E1-LeaderElection122] INFO  server.RaftServerConfigKeys (ConfUtils.java:logGet(46)) - raft.server.log.appender.buffer.element-limit = 1 (custom)
2022-11-18 13:06:21,339 [b56e85ee-8e41-41ba-8236-410d8ae83499@group-CBE126E451E1-LeaderElection122] INFO  grpc.GrpcConfigKeys (ConfUtils.java:logGet(46)) - raft.grpc.server.leader.outstanding.appends.max = 128 (default)
2022-11-18 13:06:21,339 [b56e85ee-8e41-41ba-8236-410d8ae83499@group-CBE126E451E1-LeaderElection122] INFO  server.RaftServerConfigKeys (ConfUtils.java:logGet(46)) - raft.server.rpc.request.timeout = 60s (custom)
2022-11-18 13:06:21,339 [b56e85ee-8e41-41ba-8236-410d8ae83499@group-CBE126E451E1-LeaderElection122] INFO  server.RaftServerConfigKeys (ConfUtils.java:logGet(46)) - raft.server.log.appender.install.snapshot.enabled = false (custom)
2022-11-18 13:06:21,339 [b56e85ee-8e41-41ba-8236-410d8ae83499@group-CBE126E451E1-LeaderElection122] INFO  grpc.GrpcConfigKeys (ConfUtils.java:logGet(46)) - raft.grpc.server.heartbeat.channel = true (default)
2022-11-18 13:06:21,339 [b56e85ee-8e41-41ba-8236-410d8ae83499@group-CBE126E451E1-LeaderElection122] INFO  server.RaftServerConfigKeys (ConfUtils.java:logGet(46)) - raft.server.log.appender.wait-time.min = 10ms (default)
2022-11-18 13:06:21,340 [b56e85ee-8e41-41ba-8236-410d8ae83499@group-CBE126E451E1-LeaderElection122] INFO  impl.RoleInfo (RoleInfo.java:updateAndGet(139)) - b56e85ee-8e41-41ba-8236-410d8ae83499: start b56e85ee-8e41-41ba-8236-410d8ae83499@group-CBE126E451E1-LeaderStateImpl
2022-11-18 13:06:21,340 [b56e85ee-8e41-41ba-8236-410d8ae83499@group-CBE126E451E1-LeaderElection122] INFO  segmented.SegmentedRaftLogWorker (SegmentedRaftLogWorker.java:startLogSegment(452)) - b56e85ee-8e41-41ba-8236-410d8ae83499@group-CBE126E451E1-SegmentedRaftLogWorker: Starting segment from index:0
2022-11-18 13:06:21,341 [b56e85ee-8e41-41ba-8236-410d8ae83499@group-CBE126E451E1-SegmentedRaftLogWorker] INFO  segmented.SegmentedRaftLogWorker (SegmentedRaftLogWorker.java:execute(656)) - b56e85ee-8e41-41ba-8236-410d8ae83499@group-CBE126E451E1-SegmentedRaftLogWorker: created new log segment /home/runner/work/ozone/ozone/hadoop-ozone/integration-test/target/test-dir/MiniOzoneClusterImpl-d3d67884-f8de-446f-8121-b5603e1f9142/datanode-2/data/ratis/20b526d6-12ff-4da5-a3c9-cbe126e451e1/current/log_inprogress_0
2022-11-18 13:06:21,358 [b56e85ee-8e41-41ba-8236-410d8ae83499@group-CBE126E451E1-LeaderElection122] INFO  server.RaftServer$Division (ServerState.java:setRaftConf(430)) - b56e85ee-8e41-41ba-8236-410d8ae83499@group-CBE126E451E1: set configuration 0: peers:[db052414-94b4-46f8-aca1-929beb3cfaa7|rpc:10.1.0.56:35073|dataStream:|priority:0|startupRole:FOLLOWER, b56e85ee-8e41-41ba-8236-410d8ae83499|rpc:10.1.0.56:36407|dataStream:|priority:1|startupRole:FOLLOWER, ec62b457-0040-4e07-85ab-e1dde9d29779|rpc:10.1.0.56:46203|dataStream:|priority:0|startupRole:FOLLOWER]|listeners:[], old=null
2022-11-18 13:06:21,378 [db052414-94b4-46f8-aca1-929beb3cfaa7-server-thread1] INFO  ratis.XceiverServerRatis (XceiverServerRatis.java:handleLeaderChangedNotification(863)) - Leader change notification received for group: group-CBE126E451E1 with new leaderId: b56e85ee-8e41-41ba-8236-410d8ae83499
2022-11-18 13:06:21,379 [db052414-94b4-46f8-aca1-929beb3cfaa7-server-thread1] INFO  server.RaftServer$Division (ServerState.java:setLeader(313)) - db052414-94b4-46f8-aca1-929beb3cfaa7@group-CBE126E451E1: change Leader from null to b56e85ee-8e41-41ba-8236-410d8ae83499 at term 2 for appendEntries, leader elected after 10139ms
2022-11-18 13:06:21,386 [ec62b457-0040-4e07-85ab-e1dde9d29779-server-thread1] INFO  ratis.XceiverServerRatis (XceiverServerRatis.java:handleLeaderChangedNotification(863)) - Leader change notification received for group: group-CBE126E451E1 with new leaderId: b56e85ee-8e41-41ba-8236-410d8ae83499
2022-11-18 13:06:21,386 [ec62b457-0040-4e07-85ab-e1dde9d29779-server-thread1] INFO  server.RaftServer$Division (ServerState.java:setLeader(313)) - ec62b457-0040-4e07-85ab-e1dde9d29779@group-CBE126E451E1: change Leader from null to b56e85ee-8e41-41ba-8236-410d8ae83499 at term 2 for appendEntries, leader elected after 10106ms
2022-11-18 13:06:21,386 [db052414-94b4-46f8-aca1-929beb3cfaa7-server-thread2] INFO  server.RaftServer$Division (ServerState.java:setRaftConf(430)) - db052414-94b4-46f8-aca1-929beb3cfaa7@group-CBE126E451E1: set configuration 0: peers:[db052414-94b4-46f8-aca1-929beb3cfaa7|rpc:10.1.0.56:35073|dataStream:|priority:0|startupRole:FOLLOWER, b56e85ee-8e41-41ba-8236-410d8ae83499|rpc:10.1.0.56:36407|dataStream:|priority:1|startupRole:FOLLOWER, ec62b457-0040-4e07-85ab-e1dde9d29779|rpc:10.1.0.56:46203|dataStream:|priority:0|startupRole:FOLLOWER]|listeners:[], old=null
2022-11-18 13:06:21,387 [db052414-94b4-46f8-aca1-929beb3cfaa7-server-thread2] INFO  segmented.SegmentedRaftLogWorker (SegmentedRaftLogWorker.java:startLogSegment(452)) - db052414-94b4-46f8-aca1-929beb3cfaa7@group-CBE126E451E1-SegmentedRaftLogWorker: Starting segment from index:0
2022-11-18 13:06:21,389 [db052414-94b4-46f8-aca1-929beb3cfaa7@group-CBE126E451E1-SegmentedRaftLogWorker] INFO  segmented.SegmentedRaftLogWorker (SegmentedRaftLogWorker.java:execute(656)) - db052414-94b4-46f8-aca1-929beb3cfaa7@group-CBE126E451E1-SegmentedRaftLogWorker: created new log segment /home/runner/work/ozone/ozone/hadoop-ozone/integration-test/target/test-dir/MiniOzoneClusterImpl-d3d67884-f8de-446f-8121-b5603e1f9142/datanode-0/data/ratis/20b526d6-12ff-4da5-a3c9-cbe126e451e1/current/log_inprogress_0
2022-11-18 13:06:21,393 [ec62b457-0040-4e07-85ab-e1dde9d29779-server-thread2] INFO  server.RaftServer$Division (ServerState.java:setRaftConf(430)) - ec62b457-0040-4e07-85ab-e1dde9d29779@group-CBE126E451E1: set configuration 0: peers:[db052414-94b4-46f8-aca1-929beb3cfaa7|rpc:10.1.0.56:35073|dataStream:|priority:0|startupRole:FOLLOWER, b56e85ee-8e41-41ba-8236-410d8ae83499|rpc:10.1.0.56:36407|dataStream:|priority:1|startupRole:FOLLOWER, ec62b457-0040-4e07-85ab-e1dde9d29779|rpc:10.1.0.56:46203|dataStream:|priority:0|startupRole:FOLLOWER]|listeners:[], old=null
2022-11-18 13:06:21,396 [ec62b457-0040-4e07-85ab-e1dde9d29779-server-thread2] INFO  segmented.SegmentedRaftLogWorker (SegmentedRaftLogWorker.java:startLogSegment(452)) - ec62b457-0040-4e07-85ab-e1dde9d29779@group-CBE126E451E1-SegmentedRaftLogWorker: Starting segment from index:0
2022-11-18 13:06:21,397 [ec62b457-0040-4e07-85ab-e1dde9d29779@group-CBE126E451E1-SegmentedRaftLogWorker] INFO  segmented.SegmentedRaftLogWorker (SegmentedRaftLogWorker.java:execute(656)) - ec62b457-0040-4e07-85ab-e1dde9d29779@group-CBE126E451E1-SegmentedRaftLogWorker: created new log segment /home/runner/work/ozone/ozone/hadoop-ozone/integration-test/target/test-dir/MiniOzoneClusterImpl-d3d67884-f8de-446f-8121-b5603e1f9142/datanode-1/data/ratis/20b526d6-12ff-4da5-a3c9-cbe126e451e1/current/log_inprogress_0
2022-11-18 13:06:21,490 [Under Replicated Processor] INFO  replication.UnderReplicatedProcessor (UnderReplicatedProcessor.java:processAll(92)) - Processed 0 under replicated containers, failed processing 0
2022-11-18 13:06:21,490 [Over Replicated Processor] INFO  replication.OverReplicatedProcessor (OverReplicatedProcessor.java:processAll(90)) - Processed 0 over replicated containers, failed processing 0
2022-11-18 13:06:21,491 [ReplicationMonitor] INFO  replication.ReplicationManager (ReplicationManager.java:processAll(352)) - Replication Monitor Thread took 0 milliseconds for processing 0 containers.
2022-11-18 13:06:21,791 [Under Replicated Processor] INFO  replication.UnderReplicatedProcessor (UnderReplicatedProcessor.java:processAll(92)) - Processed 0 under replicated containers, failed processing 0
2022-11-18 13:06:21,838 [Over Replicated Processor] INFO  replication.OverReplicatedProcessor (OverReplicatedProcessor.java:processAll(90)) - Processed 0 over replicated containers, failed processing 0
2022-11-18 13:06:21,839 [ReplicationMonitor] INFO  replication.ReplicationManager (ReplicationManager.java:processAll(352)) - Replication Monitor Thread took 0 milliseconds for processing 0 containers.
2022-11-18 13:06:21,859 [Under Replicated Processor] INFO  replication.UnderReplicatedProcessor (UnderReplicatedProcessor.java:processAll(92)) - Processed 0 under replicated containers, failed processing 0
2022-11-18 13:06:21,860 [ReplicationMonitor] INFO  replication.ReplicationManager (ReplicationManager.java:processAll(352)) - Replication Monitor Thread took 1 milliseconds for processing 6 containers.
2022-11-18 13:06:21,865 [Over Replicated Processor] INFO  replication.OverReplicatedProcessor (OverReplicatedProcessor.java:processAll(90)) - Processed 0 over replicated containers, failed processing 0
2022-11-18 13:06:22,441 [ContainerReplicationThread-0] INFO  replication.DownloadAndImportReplicator (DownloadAndImportReplicator.java:replicate(105)) - Starting replication of container 1 from [277e5bbd-414d-4f19-87c3-552c8f153d3d{ip: 10.1.0.56, host: fv-az180-400.aibneqh1mxpuhl3tnnuy2ifbce.bx.internal.cloudapp.net, ports: [REPLICATION=34679, RATIS=43003, RATIS_ADMIN=43003, RATIS_SERVER=43003, STANDALONE=43927], networkLocation: /default-rack, certSerialId: null, persistedOpState: IN_SERVICE, persistedOpStateExpiryEpochSec: 0}, 62944fc1-681b-46bd-93f7-2482762a7b31{ip: 10.1.0.56, host: fv-az180-400.aibneqh1mxpuhl3tnnuy2ifbce.bx.internal.cloudapp.net, ports: [REPLICATION=41933, RATIS=38905, RATIS_ADMIN=38905, RATIS_SERVER=38905, STANDALONE=35895], networkLocation: /default-rack, certSerialId: null, persistedOpState: IN_SERVICE, persistedOpStateExpiryEpochSec: 0}]
2022-11-18 13:06:22,441 [ContainerReplicationThread-1] INFO  replication.DownloadAndImportReplicator (DownloadAndImportReplicator.java:replicate(105)) - Starting replication of container 6 from [277e5bbd-414d-4f19-87c3-552c8f153d3d{ip: 10.1.0.56, host: fv-az180-400.aibneqh1mxpuhl3tnnuy2ifbce.bx.internal.cloudapp.net, ports: [REPLICATION=34679, RATIS=43003, RATIS_ADMIN=43003, RATIS_SERVER=43003, STANDALONE=43927], networkLocation: /default-rack, certSerialId: null, persistedOpState: IN_SERVICE, persistedOpStateExpiryEpochSec: 0}, 62944fc1-681b-46bd-93f7-2482762a7b31{ip: 10.1.0.56, host: fv-az180-400.aibneqh1mxpuhl3tnnuy2ifbce.bx.internal.cloudapp.net, ports: [REPLICATION=41933, RATIS=38905, RATIS_ADMIN=38905, RATIS_SERVER=38905, STANDALONE=35895], networkLocation: /default-rack, certSerialId: null, persistedOpState: IN_SERVICE, persistedOpStateExpiryEpochSec: 0}]
2022-11-18 13:06:22,450 [grpc-default-executor-0] INFO  replication.GrpcReplicationService (GrpcReplicationService.java:download(52)) - Streaming container data (6) to other datanode
2022-11-18 13:06:22,454 [grpc-default-executor-6] INFO  replication.GrpcReplicationService (GrpcReplicationService.java:download(52)) - Streaming container data (1) to other datanode
2022-11-18 13:06:22,470 [grpc-default-executor-0] INFO  replication.GrpcOutputStream (GrpcOutputStream.java:close(104)) - Sent 1717 bytes for container 6
2022-11-18 13:06:22,474 [grpc-default-executor-5] INFO  replication.GrpcReplicationClient (GrpcReplicationClient.java:onCompleted(197)) - Container 6 is downloaded to /home/runner/work/ozone/ozone/hadoop-ozone/integration-test/target/test-dir/MiniOzoneClusterImpl-20da3918-ad77-4149-a4e0-3f3018d8b094/datanode-0/data/replication/work/container-6.tar.gz
2022-11-18 13:06:22,481 [ContainerReplicationThread-1] INFO  replication.DownloadAndImportReplicator (DownloadAndImportReplicator.java:replicate(117)) - Container 6 is downloaded with size 1717, starting to import.
2022-11-18 13:06:22,490 [Under Replicated Processor] INFO  replication.UnderReplicatedProcessor (UnderReplicatedProcessor.java:processAll(92)) - Processed 0 under replicated containers, failed processing 0
2022-11-18 13:06:22,490 [Over Replicated Processor] INFO  replication.OverReplicatedProcessor (OverReplicatedProcessor.java:processAll(90)) - Processed 0 over replicated containers, failed processing 0
2022-11-18 13:06:22,492 [ReplicationMonitor] INFO  replication.ReplicationManager (ReplicationManager.java:processAll(352)) - Replication Monitor Thread took 0 milliseconds for processing 0 containers.
2022-11-18 13:06:22,500 [grpc-default-executor-6] INFO  replication.GrpcOutputStream (GrpcOutputStream.java:close(104)) - Sent 1760 bytes for container 1
2022-11-18 13:06:22,501 [grpc-default-executor-6] INFO  replication.GrpcReplicationClient (GrpcReplicationClient.java:onCompleted(197)) - Container 1 is downloaded to /home/runner/work/ozone/ozone/hadoop-ozone/integration-test/target/test-dir/MiniOzoneClusterImpl-20da3918-ad77-4149-a4e0-3f3018d8b094/datanode-0/data/replication/work/container-1.tar.gz
2022-11-18 13:06:22,502 [ContainerReplicationThread-0] INFO  replication.DownloadAndImportReplicator (DownloadAndImportReplicator.java:replicate(117)) - Container 1 is downloaded with size 1760, starting to import.
2022-11-18 13:06:22,538 [ContainerReplicationThread-0] INFO  replication.DownloadAndImportReplicator (DownloadAndImportReplicator.java:replicate(122)) - Container 1 is replicated successfully
2022-11-18 13:06:22,539 [ContainerReplicationThread-0] INFO  replication.ReplicationSupervisor (ReplicationSupervisor.java:run(176)) - Container 1 is replicated.
2022-11-18 13:06:22,538 [ContainerReplicationThread-1] INFO  replication.DownloadAndImportReplicator (DownloadAndImportReplicator.java:replicate(122)) - Container 6 is replicated successfully
2022-11-18 13:06:22,539 [ContainerReplicationThread-1] INFO  replication.ReplicationSupervisor (ReplicationSupervisor.java:run(176)) - Container 6 is replicated.
2022-11-18 13:06:22,791 [Under Replicated Processor] INFO  replication.UnderReplicatedProcessor (UnderReplicatedProcessor.java:processAll(92)) - Processed 0 under replicated containers, failed processing 0
2022-11-18 13:06:22,838 [Over Replicated Processor] INFO  replication.OverReplicatedProcessor (OverReplicatedProcessor.java:processAll(90)) - Processed 0 over replicated containers, failed processing 0
2022-11-18 13:06:22,840 [ReplicationMonitor] INFO  replication.ReplicationManager (ReplicationManager.java:processAll(352)) - Replication Monitor Thread took 0 milliseconds for processing 0 containers.
2022-11-18 13:06:22,859 [Under Replicated Processor] INFO  replication.UnderReplicatedProcessor (UnderReplicatedProcessor.java:processAll(92)) - Processed 0 under replicated containers, failed processing 0
2022-11-18 13:06:22,861 [ReplicationMonitor] INFO  replication.ReplicationManager (ReplicationManager.java:processAll(352)) - Replication Monitor Thread took 0 milliseconds for processing 6 containers.
2022-11-18 13:06:22,865 [Over Replicated Processor] INFO  replication.OverReplicatedProcessor (OverReplicatedProcessor.java:processAll(90)) - Processed 0 over replicated containers, failed processing 0
2022-11-18 13:06:23,449 [ContainerReplicationThread-0] INFO  replication.DownloadAndImportReplicator (DownloadAndImportReplicator.java:replicate(105)) - Starting replication of container 5 from [62944fc1-681b-46bd-93f7-2482762a7b31{ip: 10.1.0.56, host: fv-az180-400.aibneqh1mxpuhl3tnnuy2ifbce.bx.internal.cloudapp.net, ports: [REPLICATION=41933, RATIS=38905, RATIS_ADMIN=38905, RATIS_SERVER=38905, STANDALONE=35895], networkLocation: /default-rack, certSerialId: null, persistedOpState: IN_SERVICE, persistedOpStateExpiryEpochSec: 0}, 277e5bbd-414d-4f19-87c3-552c8f153d3d{ip: 10.1.0.56, host: fv-az180-400.aibneqh1mxpuhl3tnnuy2ifbce.bx.internal.cloudapp.net, ports: [REPLICATION=34679, RATIS=43003, RATIS_ADMIN=43003, RATIS_SERVER=43003, STANDALONE=43927], networkLocation: /default-rack, certSerialId: null, persistedOpState: IN_SERVICE, persistedOpStateExpiryEpochSec: 0}]
2022-11-18 13:06:23,453 [grpc-default-executor-0] INFO  replication.GrpcReplicationService (GrpcReplicationService.java:download(52)) - Streaming container data (5) to other datanode
2022-11-18 13:06:23,458 [grpc-default-executor-0] INFO  replication.GrpcOutputStream (GrpcOutputStream.java:close(104)) - Sent 1713 bytes for container 5
2022-11-18 13:06:23,462 [grpc-default-executor-5] INFO  replication.GrpcReplicationClient (GrpcReplicationClient.java:onCompleted(197)) - Container 5 is downloaded to /home/runner/work/ozone/ozone/hadoop-ozone/integration-test/target/test-dir/MiniOzoneClusterImpl-20da3918-ad77-4149-a4e0-3f3018d8b094/datanode-1/data/replication/work/container-5.tar.gz
2022-11-18 13:06:23,463 [ContainerReplicationThread-0] INFO  replication.DownloadAndImportReplicator (DownloadAndImportReplicator.java:replicate(117)) - Container 5 is downloaded with size 1713, starting to import.
2022-11-18 13:06:23,485 [ContainerReplicationThread-0] INFO  replication.DownloadAndImportReplicator (DownloadAndImportReplicator.java:replicate(122)) - Container 5 is replicated successfully
2022-11-18 13:06:23,485 [ContainerReplicationThread-0] INFO  replication.ReplicationSupervisor (ReplicationSupervisor.java:run(176)) - Container 5 is replicated.
2022-11-18 13:06:23,490 [Under Replicated Processor] INFO  replication.UnderReplicatedProcessor (UnderReplicatedProcessor.java:processAll(92)) - Processed 0 under replicated containers, failed processing 0
2022-11-18 13:06:23,490 [Over Replicated Processor] INFO  replication.OverReplicatedProcessor (OverReplicatedProcessor.java:processAll(90)) - Processed 0 over replicated containers, failed processing 0
2022-11-18 13:06:23,492 [ReplicationMonitor] INFO  replication.ReplicationManager (ReplicationManager.java:processAll(352)) - Replication Monitor Thread took 0 milliseconds for processing 0 containers.
2022-11-18 13:06:23,791 [Under Replicated Processor] INFO  replication.UnderReplicatedProcessor (UnderReplicatedProcessor.java:processAll(92)) - Processed 0 under replicated containers, failed processing 0
2022-11-18 13:06:23,838 [Over Replicated Processor] INFO  replication.OverReplicatedProcessor (OverReplicatedProcessor.java:processAll(90)) - Processed 0 over replicated containers, failed processing 0
2022-11-18 13:06:23,840 [ReplicationMonitor] INFO  replication.ReplicationManager (ReplicationManager.java:processAll(352)) - Replication Monitor Thread took 0 milliseconds for processing 0 containers.
2022-11-18 13:06:23,859 [Under Replicated Processor] INFO  replication.UnderReplicatedProcessor (UnderReplicatedProcessor.java:processAll(92)) - Processed 0 under replicated containers, failed processing 0
2022-11-18 13:06:23,861 [ReplicationMonitor] INFO  replication.ReplicationManager (ReplicationManager.java:processAll(352)) - Replication Monitor Thread took 0 milliseconds for processing 6 containers.
2022-11-18 13:06:23,865 [Over Replicated Processor] INFO  replication.OverReplicatedProcessor (OverReplicatedProcessor.java:processAll(90)) - Processed 0 over replicated containers, failed processing 0
2022-11-18 13:06:24,491 [Under Replicated Processor] INFO  replication.UnderReplicatedProcessor (UnderReplicatedProcessor.java:processAll(92)) - Processed 0 under replicated containers, failed processing 0
2022-11-18 13:06:24,491 [Over Replicated Processor] INFO  replication.OverReplicatedProcessor (OverReplicatedProcessor.java:processAll(90)) - Processed 0 over replicated containers, failed processing 0
2022-11-18 13:06:24,492 [ReplicationMonitor] INFO  replication.ReplicationManager (ReplicationManager.java:processAll(352)) - Replication Monitor Thread took 0 milliseconds for processing 0 containers.
2022-11-18 13:06:24,791 [Under Replicated Processor] INFO  replication.UnderReplicatedProcessor (UnderReplicatedProcessor.java:processAll(92)) - Processed 0 under replicated containers, failed processing 0
2022-11-18 13:06:24,839 [Over Replicated Processor] INFO  replication.OverReplicatedProcessor (OverReplicatedProcessor.java:processAll(90)) - Processed 0 over replicated containers, failed processing 0
2022-11-18 13:06:24,840 [ReplicationMonitor] INFO  replication.ReplicationManager (ReplicationManager.java:processAll(352)) - Replication Monitor Thread took 0 milliseconds for processing 0 containers.
2022-11-18 13:06:24,859 [Under Replicated Processor] INFO  replication.UnderReplicatedProcessor (UnderReplicatedProcessor.java:processAll(92)) - Processed 0 under replicated containers, failed processing 0
2022-11-18 13:06:24,861 [ReplicationMonitor] INFO  replication.ReplicationManager (ReplicationManager.java:processAll(352)) - Replication Monitor Thread took 0 milliseconds for processing 6 containers.
2022-11-18 13:06:24,865 [Over Replicated Processor] INFO  replication.OverReplicatedProcessor (OverReplicatedProcessor.java:processAll(90)) - Processed 0 over replicated containers, failed processing 0
2022-11-18 13:06:25,491 [Under Replicated Processor] INFO  replication.UnderReplicatedProcessor (UnderReplicatedProcessor.java:processAll(92)) - Processed 0 under replicated containers, failed processing 0
2022-11-18 13:06:25,491 [Over Replicated Processor] INFO  replication.OverReplicatedProcessor (OverReplicatedProcessor.java:processAll(90)) - Processed 0 over replicated containers, failed processing 0
2022-11-18 13:06:25,492 [ReplicationMonitor] INFO  replication.ReplicationManager (ReplicationManager.java:processAll(352)) - Replication Monitor Thread took 0 milliseconds for processing 0 containers.
2022-11-18 13:06:25,792 [Under Replicated Processor] INFO  replication.UnderReplicatedProcessor (UnderReplicatedProcessor.java:processAll(92)) - Processed 0 under replicated containers, failed processing 0
2022-11-18 13:06:25,839 [Over Replicated Processor] INFO  replication.OverReplicatedProcessor (OverReplicatedProcessor.java:processAll(90)) - Processed 0 over replicated containers, failed processing 0
2022-11-18 13:06:25,840 [ReplicationMonitor] INFO  replication.ReplicationManager (ReplicationManager.java:processAll(352)) - Replication Monitor Thread took 0 milliseconds for processing 0 containers.
2022-11-18 13:06:25,860 [Under Replicated Processor] INFO  replication.UnderReplicatedProcessor (UnderReplicatedProcessor.java:processAll(92)) - Processed 0 under replicated containers, failed processing 0
2022-11-18 13:06:25,862 [ReplicationMonitor] INFO  replication.ReplicationManager (ReplicationManager.java:processAll(352)) - Replication Monitor Thread took 0 milliseconds for processing 6 containers.
2022-11-18 13:06:25,865 [Over Replicated Processor] INFO  replication.OverReplicatedProcessor (OverReplicatedProcessor.java:processAll(90)) - Processed 0 over replicated containers, failed processing 0
2022-11-18 13:06:26,491 [Under Replicated Processor] INFO  replication.UnderReplicatedProcessor (UnderReplicatedProcessor.java:processAll(92)) - Processed 0 under replicated containers, failed processing 0
2022-11-18 13:06:26,491 [Over Replicated Processor] INFO  replication.OverReplicatedProcessor (OverReplicatedProcessor.java:processAll(90)) - Processed 0 over replicated containers, failed processing 0
2022-11-18 13:06:26,492 [ReplicationMonitor] INFO  replication.ReplicationManager (ReplicationManager.java:processAll(352)) - Replication Monitor Thread took 0 milliseconds for processing 0 containers.
2022-11-18 13:06:26,792 [Under Replicated Processor] INFO  replication.UnderReplicatedProcessor (UnderReplicatedProcessor.java:processAll(92)) - Processed 0 under replicated containers, failed processing 0
2022-11-18 13:06:26,839 [Over Replicated Processor] INFO  replication.OverReplicatedProcessor (OverReplicatedProcessor.java:processAll(90)) - Processed 0 over replicated containers, failed processing 0
2022-11-18 13:06:26,840 [ReplicationMonitor] INFO  replication.ReplicationManager (ReplicationManager.java:processAll(352)) - Replication Monitor Thread took 0 milliseconds for processing 0 containers.
2022-11-18 13:06:26,860 [Under Replicated Processor] INFO  replication.UnderReplicatedProcessor (UnderReplicatedProcessor.java:processAll(92)) - Processed 0 under replicated containers, failed processing 0
2022-11-18 13:06:26,862 [ReplicationMonitor] INFO  replication.ReplicationManager (ReplicationManager.java:processAll(352)) - Replication Monitor Thread took 0 milliseconds for processing 6 containers.
2022-11-18 13:06:26,866 [Over Replicated Processor] INFO  replication.OverReplicatedProcessor (OverReplicatedProcessor.java:processAll(90)) - Processed 0 over replicated containers, failed processing 0
2022-11-18 13:06:27,491 [Under Replicated Processor] INFO  replication.UnderReplicatedProcessor (UnderReplicatedProcessor.java:processAll(92)) - Processed 0 under replicated containers, failed processing 0
2022-11-18 13:06:27,492 [Over Replicated Processor] INFO  replication.OverReplicatedProcessor (OverReplicatedProcessor.java:processAll(90)) - Processed 0 over replicated containers, failed processing 0
2022-11-18 13:06:27,492 [ReplicationMonitor] INFO  replication.ReplicationManager (ReplicationManager.java:processAll(352)) - Replication Monitor Thread took 0 milliseconds for processing 0 containers.
2022-11-18 13:06:27,792 [Under Replicated Processor] INFO  replication.UnderReplicatedProcessor (UnderReplicatedProcessor.java:processAll(92)) - Processed 0 under replicated containers, failed processing 0
2022-11-18 13:06:27,839 [Over Replicated Processor] INFO  replication.OverReplicatedProcessor (OverReplicatedProcessor.java:processAll(90)) - Processed 0 over replicated containers, failed processing 0
2022-11-18 13:06:27,840 [ReplicationMonitor] INFO  replication.ReplicationManager (ReplicationManager.java:processAll(352)) - Replication Monitor Thread took 0 milliseconds for processing 0 containers.
2022-11-18 13:06:27,860 [Under Replicated Processor] INFO  replication.UnderReplicatedProcessor (UnderReplicatedProcessor.java:processAll(92)) - Processed 0 under replicated containers, failed processing 0
2022-11-18 13:06:27,862 [ReplicationMonitor] INFO  replication.ReplicationManager (ReplicationManager.java:processAll(352)) - Replication Monitor Thread took 1 milliseconds for processing 6 containers.
2022-11-18 13:06:27,866 [Over Replicated Processor] INFO  replication.OverReplicatedProcessor (OverReplicatedProcessor.java:processAll(90)) - Processed 0 over replicated containers, failed processing 0
2022-11-18 13:06:28,492 [Under Replicated Processor] INFO  replication.UnderReplicatedProcessor (UnderReplicatedProcessor.java:processAll(92)) - Processed 0 under replicated containers, failed processing 0
2022-11-18 13:06:28,492 [Over Replicated Processor] INFO  replication.OverReplicatedProcessor (OverReplicatedProcessor.java:processAll(90)) - Processed 0 over replicated containers, failed processing 0
2022-11-18 13:06:28,492 [ReplicationMonitor] INFO  replication.ReplicationManager (ReplicationManager.java:processAll(352)) - Replication Monitor Thread took 0 milliseconds for processing 0 containers.
2022-11-18 13:06:28,792 [Under Replicated Processor] INFO  replication.UnderReplicatedProcessor (UnderReplicatedProcessor.java:processAll(92)) - Processed 0 under replicated containers, failed processing 0
2022-11-18 13:06:28,839 [Over Replicated Processor] INFO  replication.OverReplicatedProcessor (OverReplicatedProcessor.java:processAll(90)) - Processed 0 over replicated containers, failed processing 0
2022-11-18 13:06:28,841 [ReplicationMonitor] INFO  replication.ReplicationManager (ReplicationManager.java:processAll(352)) - Replication Monitor Thread took 0 milliseconds for processing 0 containers.
2022-11-18 13:06:28,860 [Under Replicated Processor] INFO  replication.UnderReplicatedProcessor (UnderReplicatedProcessor.java:processAll(92)) - Processed 0 under replicated containers, failed processing 0
2022-11-18 13:06:28,863 [ReplicationMonitor] INFO  replication.ReplicationManager (ReplicationManager.java:processAll(352)) - Replication Monitor Thread took 0 milliseconds for processing 6 containers.
2022-11-18 13:06:28,866 [Over Replicated Processor] INFO  replication.OverReplicatedProcessor (OverReplicatedProcessor.java:processAll(90)) - Processed 0 over replicated containers, failed processing 0
2022-11-18 13:06:29,492 [Under Replicated Processor] INFO  replication.UnderReplicatedProcessor (UnderReplicatedProcessor.java:processAll(92)) - Processed 0 under replicated containers, failed processing 0
2022-11-18 13:06:29,492 [Over Replicated Processor] INFO  replication.OverReplicatedProcessor (OverReplicatedProcessor.java:processAll(90)) - Processed 0 over replicated containers, failed processing 0
2022-11-18 13:06:29,493 [ReplicationMonitor] INFO  replication.ReplicationManager (ReplicationManager.java:processAll(352)) - Replication Monitor Thread took 0 milliseconds for processing 0 containers.
2022-11-18 13:06:29,792 [Under Replicated Processor] INFO  replication.UnderReplicatedProcessor (UnderReplicatedProcessor.java:processAll(92)) - Processed 0 under replicated containers, failed processing 0
2022-11-18 13:06:29,839 [Over Replicated Processor] INFO  replication.OverReplicatedProcessor (OverReplicatedProcessor.java:processAll(90)) - Processed 0 over replicated containers, failed processing 0
2022-11-18 13:06:29,841 [ReplicationMonitor] INFO  replication.ReplicationManager (ReplicationManager.java:processAll(352)) - Replication Monitor Thread took 0 milliseconds for processing 0 containers.
2022-11-18 13:06:29,860 [Under Replicated Processor] INFO  replication.UnderReplicatedProcessor (UnderReplicatedProcessor.java:processAll(92)) - Processed 0 under replicated containers, failed processing 0
2022-11-18 13:06:29,863 [ReplicationMonitor] INFO  replication.ReplicationManager (ReplicationManager.java:processAll(352)) - Replication Monitor Thread took 1 milliseconds for processing 6 containers.
2022-11-18 13:06:29,866 [Over Replicated Processor] INFO  replication.OverReplicatedProcessor (OverReplicatedProcessor.java:processAll(90)) - Processed 0 over replicated containers, failed processing 0
2022-11-18 13:06:30,492 [Under Replicated Processor] INFO  replication.UnderReplicatedProcessor (UnderReplicatedProcessor.java:processAll(92)) - Processed 0 under replicated containers, failed processing 0
2022-11-18 13:06:30,492 [Over Replicated Processor] INFO  replication.OverReplicatedProcessor (OverReplicatedProcessor.java:processAll(90)) - Processed 0 over replicated containers, failed processing 0
2022-11-18 13:06:30,493 [ReplicationMonitor] INFO  replication.ReplicationManager (ReplicationManager.java:processAll(352)) - Replication Monitor Thread took 0 milliseconds for processing 0 containers.
2022-11-18 13:06:30,793 [Under Replicated Processor] INFO  replication.UnderReplicatedProcessor (UnderReplicatedProcessor.java:processAll(92)) - Processed 0 under replicated containers, failed processing 0
2022-11-18 13:06:30,840 [Over Replicated Processor] INFO  replication.OverReplicatedProcessor (OverReplicatedProcessor.java:processAll(90)) - Processed 0 over replicated containers, failed processing 0
2022-11-18 13:06:30,841 [ReplicationMonitor] INFO  replication.ReplicationManager (ReplicationManager.java:processAll(352)) - Replication Monitor Thread took 0 milliseconds for processing 0 containers.
2022-11-18 13:06:30,860 [Under Replicated Processor] INFO  replication.UnderReplicatedProcessor (UnderReplicatedProcessor.java:processAll(92)) - Processed 0 under replicated containers, failed processing 0
2022-11-18 13:06:30,863 [ReplicationMonitor] INFO  replication.ReplicationManager (ReplicationManager.java:processAll(352)) - Replication Monitor Thread took 0 milliseconds for processing 6 containers.
2022-11-18 13:06:30,866 [Over Replicated Processor] INFO  replication.OverReplicatedProcessor (OverReplicatedProcessor.java:processAll(90)) - Processed 0 over replicated containers, failed processing 0
2022-11-18 13:06:31,501 [ReplicationMonitor] INFO  replication.ReplicationManager (ReplicationManager.java:processAll(352)) - Replication Monitor Thread took 0 milliseconds for processing 0 containers.
2022-11-18 13:06:31,501 [Over Replicated Processor] INFO  replication.OverReplicatedProcessor (OverReplicatedProcessor.java:processAll(90)) - Processed 0 over replicated containers, failed processing 0
2022-11-18 13:06:31,501 [Under Replicated Processor] INFO  replication.UnderReplicatedProcessor (UnderReplicatedProcessor.java:processAll(92)) - Processed 0 under replicated containers, failed processing 0
2022-11-18 13:06:31,793 [Under Replicated Processor] INFO  replication.UnderReplicatedProcessor (UnderReplicatedProcessor.java:processAll(92)) - Processed 0 under replicated containers, failed processing 0
2022-11-18 13:06:31,840 [Over Replicated Processor] INFO  replication.OverReplicatedProcessor (OverReplicatedProcessor.java:processAll(90)) - Processed 0 over replicated containers, failed processing 0
2022-11-18 13:06:31,841 [ReplicationMonitor] INFO  replication.ReplicationManager (ReplicationManager.java:processAll(352)) - Replication Monitor Thread took 0 milliseconds for processing 0 containers.
2022-11-18 13:06:31,860 [Under Replicated Processor] INFO  replication.UnderReplicatedProcessor (UnderReplicatedProcessor.java:processAll(92)) - Processed 0 under replicated containers, failed processing 0
2022-11-18 13:06:31,864 [ReplicationMonitor] INFO  replication.ReplicationManager (ReplicationManager.java:processAll(352)) - Replication Monitor Thread took 0 milliseconds for processing 6 containers.
2022-11-18 13:06:31,866 [Over Replicated Processor] INFO  replication.OverReplicatedProcessor (OverReplicatedProcessor.java:processAll(90)) - Processed 0 over replicated containers, failed processing 0
2022-11-18 13:06:32,501 [ReplicationMonitor] INFO  replication.ReplicationManager (ReplicationManager.java:processAll(352)) - Replication Monitor Thread took 0 milliseconds for processing 0 containers.
2022-11-18 13:06:32,501 [Under Replicated Processor] INFO  replication.UnderReplicatedProcessor (UnderReplicatedProcessor.java:processAll(92)) - Processed 0 under replicated containers, failed processing 0
2022-11-18 13:06:32,501 [Over Replicated Processor] INFO  replication.OverReplicatedProcessor (OverReplicatedProcessor.java:processAll(90)) - Processed 0 over replicated containers, failed processing 0
2022-11-18 13:06:32,793 [Under Replicated Processor] INFO  replication.UnderReplicatedProcessor (UnderReplicatedProcessor.java:processAll(92)) - Processed 0 under replicated containers, failed processing 0
2022-11-18 13:06:32,840 [Over Replicated Processor] INFO  replication.OverReplicatedProcessor (OverReplicatedProcessor.java:processAll(90)) - Processed 0 over replicated containers, failed processing 0
2022-11-18 13:06:32,842 [ReplicationMonitor] INFO  replication.ReplicationManager (ReplicationManager.java:processAll(352)) - Replication Monitor Thread took 0 milliseconds for processing 0 containers.
2022-11-18 13:06:32,861 [Under Replicated Processor] INFO  replication.UnderReplicatedProcessor (UnderReplicatedProcessor.java:processAll(92)) - Processed 0 under replicated containers, failed processing 0
2022-11-18 13:06:32,864 [ReplicationMonitor] INFO  replication.ReplicationManager (ReplicationManager.java:processAll(352)) - Replication Monitor Thread took 0 milliseconds for processing 6 containers.
2022-11-18 13:06:32,866 [Over Replicated Processor] INFO  replication.OverReplicatedProcessor (OverReplicatedProcessor.java:processAll(90)) - Processed 0 over replicated containers, failed processing 0
2022-11-18 13:06:33,502 [Under Replicated Processor] INFO  replication.UnderReplicatedProcessor (UnderReplicatedProcessor.java:processAll(92)) - Processed 0 under replicated containers, failed processing 0
2022-11-18 13:06:33,502 [Over Replicated Processor] INFO  replication.OverReplicatedProcessor (OverReplicatedProcessor.java:processAll(90)) - Processed 0 over replicated containers, failed processing 0
2022-11-18 13:06:33,502 [ReplicationMonitor] INFO  replication.ReplicationManager (ReplicationManager.java:processAll(352)) - Replication Monitor Thread took 0 milliseconds for processing 0 containers.
2022-11-18 13:06:33,793 [Under Replicated Processor] INFO  replication.UnderReplicatedProcessor (UnderReplicatedProcessor.java:processAll(92)) - Processed 0 under replicated containers, failed processing 0
2022-11-18 13:06:33,840 [Over Replicated Processor] INFO  replication.OverReplicatedProcessor (OverReplicatedProcessor.java:processAll(90)) - Processed 0 over replicated containers, failed processing 0
2022-11-18 13:06:33,842 [ReplicationMonitor] INFO  replication.ReplicationManager (ReplicationManager.java:processAll(352)) - Replication Monitor Thread took 0 milliseconds for processing 0 containers.
2022-11-18 13:06:33,861 [Under Replicated Processor] INFO  replication.UnderReplicatedProcessor (UnderReplicatedProcessor.java:processAll(92)) - Processed 0 under replicated containers, failed processing 0
2022-11-18 13:06:33,865 [ReplicationMonitor] INFO  replication.ReplicationManager (ReplicationManager.java:processAll(352)) - Replication Monitor Thread took 0 milliseconds for processing 6 containers.
2022-11-18 13:06:33,867 [Over Replicated Processor] INFO  replication.OverReplicatedProcessor (OverReplicatedProcessor.java:processAll(90)) - Processed 0 over replicated containers, failed processing 0
2022-11-18 13:06:34,502 [Under Replicated Processor] INFO  replication.UnderReplicatedProcessor (UnderReplicatedProcessor.java:processAll(92)) - Processed 0 under replicated containers, failed processing 0
2022-11-18 13:06:34,502 [Over Replicated Processor] INFO  replication.OverReplicatedProcessor (OverReplicatedProcessor.java:processAll(90)) - Processed 0 over replicated containers, failed processing 0
2022-11-18 13:06:34,502 [ReplicationMonitor] INFO  replication.ReplicationManager (ReplicationManager.java:processAll(352)) - Replication Monitor Thread took 0 milliseconds for processing 0 containers.
2022-11-18 13:06:34,793 [Under Replicated Processor] INFO  replication.UnderReplicatedProcessor (UnderReplicatedProcessor.java:processAll(92)) - Processed 0 under replicated containers, failed processing 0
2022-11-18 13:06:34,840 [Over Replicated Processor] INFO  replication.OverReplicatedProcessor (OverReplicatedProcessor.java:processAll(90)) - Processed 0 over replicated containers, failed processing 0
2022-11-18 13:06:34,842 [ReplicationMonitor] INFO  replication.ReplicationManager (ReplicationManager.java:processAll(352)) - Replication Monitor Thread took 0 milliseconds for processing 0 containers.
2022-11-18 13:06:34,861 [Under Replicated Processor] INFO  replication.UnderReplicatedProcessor (UnderReplicatedProcessor.java:processAll(92)) - Processed 0 under replicated containers, failed processing 0
2022-11-18 13:06:34,865 [ReplicationMonitor] INFO  replication.ReplicationManager (ReplicationManager.java:processAll(352)) - Replication Monitor Thread took 0 milliseconds for processing 6 containers.
2022-11-18 13:06:34,867 [Over Replicated Processor] INFO  replication.OverReplicatedProcessor (OverReplicatedProcessor.java:processAll(90)) - Processed 0 over replicated containers, failed processing 0
2022-11-18 13:06:35,502 [Under Replicated Processor] INFO  replication.UnderReplicatedProcessor (UnderReplicatedProcessor.java:processAll(92)) - Processed 0 under replicated containers, failed processing 0
2022-11-18 13:06:35,503 [ReplicationMonitor] INFO  replication.ReplicationManager (ReplicationManager.java:processAll(352)) - Replication Monitor Thread took 0 milliseconds for processing 0 containers.
2022-11-18 13:06:35,504 [Over Replicated Processor] INFO  replication.OverReplicatedProcessor (OverReplicatedProcessor.java:processAll(90)) - Processed 0 over replicated containers, failed processing 0
2022-11-18 13:06:35,793 [Under Replicated Processor] INFO  replication.UnderReplicatedProcessor (UnderReplicatedProcessor.java:processAll(92)) - Processed 0 under replicated containers, failed processing 0
2022-11-18 13:06:35,841 [Over Replicated Processor] INFO  replication.OverReplicatedProcessor (OverReplicatedProcessor.java:processAll(90)) - Processed 0 over replicated containers, failed processing 0
2022-11-18 13:06:35,842 [ReplicationMonitor] INFO  replication.ReplicationManager (ReplicationManager.java:processAll(352)) - Replication Monitor Thread took 0 milliseconds for processing 0 containers.
2022-11-18 13:06:35,861 [Under Replicated Processor] INFO  replication.UnderReplicatedProcessor (UnderReplicatedProcessor.java:processAll(92)) - Processed 0 under replicated containers, failed processing 0
2022-11-18 13:06:35,865 [ReplicationMonitor] INFO  replication.ReplicationManager (ReplicationManager.java:processAll(352)) - Replication Monitor Thread took 0 milliseconds for processing 6 containers.
2022-11-18 13:06:35,867 [Over Replicated Processor] INFO  replication.OverReplicatedProcessor (OverReplicatedProcessor.java:processAll(90)) - Processed 0 over replicated containers, failed processing 0
2022-11-18 13:06:36,503 [Under Replicated Processor] INFO  replication.UnderReplicatedProcessor (UnderReplicatedProcessor.java:processAll(92)) - Processed 0 under replicated containers, failed processing 0
2022-11-18 13:06:36,503 [ReplicationMonitor] INFO  replication.ReplicationManager (ReplicationManager.java:processAll(352)) - Replication Monitor Thread took 0 milliseconds for processing 0 containers.
2022-11-18 13:06:36,504 [Over Replicated Processor] INFO  replication.OverReplicatedProcessor (OverReplicatedProcessor.java:processAll(90)) - Processed 0 over replicated containers, failed processing 0
2022-11-18 13:06:36,794 [Under Replicated Processor] INFO  replication.UnderReplicatedProcessor (UnderReplicatedProcessor.java:processAll(92)) - Processed 0 under replicated containers, failed processing 0
2022-11-18 13:06:36,841 [Over Replicated Processor] INFO  replication.OverReplicatedProcessor (OverReplicatedProcessor.java:processAll(90)) - Processed 0 over replicated containers, failed processing 0
2022-11-18 13:06:36,843 [ReplicationMonitor] INFO  replication.ReplicationManager (ReplicationManager.java:processAll(352)) - Replication Monitor Thread took 0 milliseconds for processing 0 containers.
2022-11-18 13:06:36,861 [Under Replicated Processor] INFO  replication.UnderReplicatedProcessor (UnderReplicatedProcessor.java:processAll(92)) - Processed 0 under replicated containers, failed processing 0
2022-11-18 13:06:36,865 [ReplicationMonitor] INFO  replication.ReplicationManager (ReplicationManager.java:processAll(352)) - Replication Monitor Thread took 0 milliseconds for processing 6 containers.
2022-11-18 13:06:36,867 [Over Replicated Processor] INFO  replication.OverReplicatedProcessor (OverReplicatedProcessor.java:processAll(90)) - Processed 0 over replicated containers, failed processing 0
2022-11-18 13:06:37,503 [Under Replicated Processor] INFO  replication.UnderReplicatedProcessor (UnderReplicatedProcessor.java:processAll(92)) - Processed 0 under replicated containers, failed processing 0
2022-11-18 13:06:37,503 [ReplicationMonitor] INFO  replication.ReplicationManager (ReplicationManager.java:processAll(352)) - Replication Monitor Thread took 0 milliseconds for processing 0 containers.
2022-11-18 13:06:37,504 [Over Replicated Processor] INFO  replication.OverReplicatedProcessor (OverReplicatedProcessor.java:processAll(90)) - Processed 0 over replicated containers, failed processing 0
2022-11-18 13:06:37,794 [Under Replicated Processor] INFO  replication.UnderReplicatedProcessor (UnderReplicatedProcessor.java:processAll(92)) - Processed 0 under replicated containers, failed processing 0
2022-11-18 13:06:37,841 [Over Replicated Processor] INFO  replication.OverReplicatedProcessor (OverReplicatedProcessor.java:processAll(90)) - Processed 0 over replicated containers, failed processing 0
2022-11-18 13:06:37,843 [ReplicationMonitor] INFO  replication.ReplicationManager (ReplicationManager.java:processAll(352)) - Replication Monitor Thread took 0 milliseconds for processing 0 containers.
2022-11-18 13:06:37,862 [Under Replicated Processor] INFO  replication.UnderReplicatedProcessor (UnderReplicatedProcessor.java:processAll(92)) - Processed 0 under replicated containers, failed processing 0
2022-11-18 13:06:37,866 [ReplicationMonitor] INFO  replication.ReplicationManager (ReplicationManager.java:processAll(352)) - Replication Monitor Thread took 0 milliseconds for processing 6 containers.
2022-11-18 13:06:37,867 [Over Replicated Processor] INFO  replication.OverReplicatedProcessor (OverReplicatedProcessor.java:processAll(90)) - Processed 0 over replicated containers, failed processing 0
2022-11-18 13:06:38,503 [Under Replicated Processor] INFO  replication.UnderReplicatedProcessor (UnderReplicatedProcessor.java:processAll(92)) - Processed 0 under replicated containers, failed processing 0
2022-11-18 13:06:38,503 [ReplicationMonitor] INFO  replication.ReplicationManager (ReplicationManager.java:processAll(352)) - Replication Monitor Thread took 0 milliseconds for processing 0 containers.
2022-11-18 13:06:38,504 [Over Replicated Processor] INFO  replication.OverReplicatedProcessor (OverReplicatedProcessor.java:processAll(90)) - Processed 0 over replicated containers, failed processing 0
2022-11-18 13:06:38,794 [Under Replicated Processor] INFO  replication.UnderReplicatedProcessor (UnderReplicatedProcessor.java:processAll(92)) - Processed 0 under replicated containers, failed processing 0
2022-11-18 13:06:38,841 [Over Replicated Processor] INFO  replication.OverReplicatedProcessor (OverReplicatedProcessor.java:processAll(90)) - Processed 0 over replicated containers, failed processing 0
2022-11-18 13:06:38,843 [ReplicationMonitor] INFO  replication.ReplicationManager (ReplicationManager.java:processAll(352)) - Replication Monitor Thread took 0 milliseconds for processing 0 containers.
2022-11-18 13:06:38,862 [Under Replicated Processor] INFO  replication.UnderReplicatedProcessor (UnderReplicatedProcessor.java:processAll(92)) - Processed 0 under replicated containers, failed processing 0
2022-11-18 13:06:38,866 [ReplicationMonitor] INFO  replication.ReplicationManager (ReplicationManager.java:processAll(352)) - Replication Monitor Thread took 0 milliseconds for processing 6 containers.
2022-11-18 13:06:38,867 [Over Replicated Processor] INFO  replication.OverReplicatedProcessor (OverReplicatedProcessor.java:processAll(90)) - Processed 0 over replicated containers, failed processing 0
2022-11-18 13:06:39,503 [Under Replicated Processor] INFO  replication.UnderReplicatedProcessor (UnderReplicatedProcessor.java:processAll(92)) - Processed 0 under replicated containers, failed processing 0
2022-11-18 13:06:39,503 [ReplicationMonitor] INFO  replication.ReplicationManager (ReplicationManager.java:processAll(352)) - Replication Monitor Thread took 0 milliseconds for processing 0 containers.
2022-11-18 13:06:39,504 [Over Replicated Processor] INFO  replication.OverReplicatedProcessor (OverReplicatedProcessor.java:processAll(90)) - Processed 0 over replicated containers, failed processing 0
2022-11-18 13:06:39,794 [Under Replicated Processor] INFO  replication.UnderReplicatedProcessor (UnderReplicatedProcessor.java:processAll(92)) - Processed 0 under replicated containers, failed processing 0
2022-11-18 13:06:39,841 [Over Replicated Processor] INFO  replication.OverReplicatedProcessor (OverReplicatedProcessor.java:processAll(90)) - Processed 0 over replicated containers, failed processing 0
2022-11-18 13:06:39,843 [ReplicationMonitor] INFO  replication.ReplicationManager (ReplicationManager.java:processAll(352)) - Replication Monitor Thread took 1 milliseconds for processing 0 containers.
2022-11-18 13:06:39,862 [Under Replicated Processor] INFO  replication.UnderReplicatedProcessor (UnderReplicatedProcessor.java:processAll(92)) - Processed 0 under replicated containers, failed processing 0
2022-11-18 13:06:39,866 [ReplicationMonitor] INFO  replication.ReplicationManager (ReplicationManager.java:processAll(352)) - Replication Monitor Thread took 0 milliseconds for processing 6 containers.
2022-11-18 13:06:39,867 [Over Replicated Processor] INFO  replication.OverReplicatedProcessor (OverReplicatedProcessor.java:processAll(90)) - Processed 0 over replicated containers, failed processing 0
2022-11-18 13:06:40,503 [Under Replicated Processor] INFO  replication.UnderReplicatedProcessor (UnderReplicatedProcessor.java:processAll(92)) - Processed 0 under replicated containers, failed processing 0
2022-11-18 13:06:40,504 [ReplicationMonitor] INFO  replication.ReplicationManager (ReplicationManager.java:processAll(352)) - Replication Monitor Thread took 0 milliseconds for processing 0 containers.
2022-11-18 13:06:40,504 [Over Replicated Processor] INFO  replication.OverReplicatedProcessor (OverReplicatedProcessor.java:processAll(90)) - Processed 0 over replicated containers, failed processing 0
2022-11-18 13:06:40,794 [Under Replicated Processor] INFO  replication.UnderReplicatedProcessor (UnderReplicatedProcessor.java:processAll(92)) - Processed 0 under replicated containers, failed processing 0
2022-11-18 13:06:40,841 [Over Replicated Processor] INFO  replication.OverReplicatedProcessor (OverReplicatedProcessor.java:processAll(90)) - Processed 0 over replicated containers, failed processing 0
2022-11-18 13:06:40,843 [ReplicationMonitor] INFO  replication.ReplicationManager (ReplicationManager.java:processAll(352)) - Replication Monitor Thread took 0 milliseconds for processing 0 containers.
2022-11-18 13:06:40,862 [Under Replicated Processor] INFO  replication.UnderReplicatedProcessor (UnderReplicatedProcessor.java:processAll(92)) - Processed 0 under replicated containers, failed processing 0
2022-11-18 13:06:40,866 [ReplicationMonitor] INFO  replication.ReplicationManager (ReplicationManager.java:processAll(352)) - Replication Monitor Thread took 0 milliseconds for processing 6 containers.
2022-11-18 13:06:40,867 [Over Replicated Processor] INFO  replication.OverReplicatedProcessor (OverReplicatedProcessor.java:processAll(90)) - Processed 0 over replicated containers, failed processing 0
2022-11-18 13:06:41,504 [Under Replicated Processor] INFO  replication.UnderReplicatedProcessor (UnderReplicatedProcessor.java:processAll(92)) - Processed 0 under replicated containers, failed processing 0
2022-11-18 13:06:41,504 [ReplicationMonitor] INFO  replication.ReplicationManager (ReplicationManager.java:processAll(352)) - Replication Monitor Thread took 0 milliseconds for processing 0 containers.
2022-11-18 13:06:41,505 [Over Replicated Processor] INFO  replication.OverReplicatedProcessor (OverReplicatedProcessor.java:processAll(90)) - Processed 0 over replicated containers, failed processing 0
2022-11-18 13:06:41,795 [Under Replicated Processor] INFO  replication.UnderReplicatedProcessor (UnderReplicatedProcessor.java:processAll(92)) - Processed 0 under replicated containers, failed processing 0
2022-11-18 13:06:41,842 [Over Replicated Processor] INFO  replication.OverReplicatedProcessor (OverReplicatedProcessor.java:processAll(90)) - Processed 0 over replicated containers, failed processing 0
2022-11-18 13:06:41,844 [ReplicationMonitor] INFO  replication.ReplicationManager (ReplicationManager.java:processAll(352)) - Replication Monitor Thread took 0 milliseconds for processing 0 containers.
2022-11-18 13:06:41,862 [Under Replicated Processor] INFO  replication.UnderReplicatedProcessor (UnderReplicatedProcessor.java:processAll(92)) - Processed 0 under replicated containers, failed processing 0
2022-11-18 13:06:41,867 [ReplicationMonitor] INFO  replication.ReplicationManager (ReplicationManager.java:processAll(352)) - Replication Monitor Thread took 0 milliseconds for processing 6 containers.
2022-11-18 13:06:41,868 [Over Replicated Processor] INFO  replication.OverReplicatedProcessor (OverReplicatedProcessor.java:processAll(90)) - Processed 0 over replicated containers, failed processing 0
2022-11-18 13:06:42,504 [Under Replicated Processor] INFO  replication.UnderReplicatedProcessor (UnderReplicatedProcessor.java:processAll(92)) - Processed 0 under replicated containers, failed processing 0
2022-11-18 13:06:42,504 [ReplicationMonitor] INFO  replication.ReplicationManager (ReplicationManager.java:processAll(352)) - Replication Monitor Thread took 0 milliseconds for processing 0 containers.
2022-11-18 13:06:42,505 [Over Replicated Processor] INFO  replication.OverReplicatedProcessor (OverReplicatedProcessor.java:processAll(90)) - Processed 0 over replicated containers, failed processing 0
2022-11-18 13:06:42,795 [Under Replicated Processor] INFO  replication.UnderReplicatedProcessor (UnderReplicatedProcessor.java:processAll(92)) - Processed 0 under replicated containers, failed processing 0
2022-11-18 13:06:42,842 [Over Replicated Processor] INFO  replication.OverReplicatedProcessor (OverReplicatedProcessor.java:processAll(90)) - Processed 0 over replicated containers, failed processing 0
2022-11-18 13:06:42,844 [ReplicationMonitor] INFO  replication.ReplicationManager (ReplicationManager.java:processAll(352)) - Replication Monitor Thread took 0 milliseconds for processing 0 containers.
2022-11-18 13:06:42,862 [Under Replicated Processor] INFO  replication.UnderReplicatedProcessor (UnderReplicatedProcessor.java:processAll(92)) - Processed 0 under replicated containers, failed processing 0
2022-11-18 13:06:42,867 [ReplicationMonitor] INFO  replication.ReplicationManager (ReplicationManager.java:processAll(352)) - Replication Monitor Thread took 0 milliseconds for processing 6 containers.
2022-11-18 13:06:42,868 [Over Replicated Processor] INFO  replication.OverReplicatedProcessor (OverReplicatedProcessor.java:processAll(90)) - Processed 0 over replicated containers, failed processing 0
2022-11-18 13:06:43,504 [Under Replicated Processor] INFO  replication.UnderReplicatedProcessor (UnderReplicatedProcessor.java:processAll(92)) - Processed 0 under replicated containers, failed processing 0
2022-11-18 13:06:43,504 [ReplicationMonitor] INFO  replication.ReplicationManager (ReplicationManager.java:processAll(352)) - Replication Monitor Thread took 0 milliseconds for processing 0 containers.
2022-11-18 13:06:43,505 [Over Replicated Processor] INFO  replication.OverReplicatedProcessor (OverReplicatedProcessor.java:processAll(90)) - Processed 0 over replicated containers, failed processing 0
2022-11-18 13:06:43,795 [Under Replicated Processor] INFO  replication.UnderReplicatedProcessor (UnderReplicatedProcessor.java:processAll(92)) - Processed 0 under replicated containers, failed processing 0
2022-11-18 13:06:43,842 [Over Replicated Processor] INFO  replication.OverReplicatedProcessor (OverReplicatedProcessor.java:processAll(90)) - Processed 0 over replicated containers, failed processing 0
2022-11-18 13:06:43,844 [ReplicationMonitor] INFO  replication.ReplicationManager (ReplicationManager.java:processAll(352)) - Replication Monitor Thread took 0 milliseconds for processing 0 containers.
2022-11-18 13:06:43,863 [Under Replicated Processor] INFO  replication.UnderReplicatedProcessor (UnderReplicatedProcessor.java:processAll(92)) - Processed 0 under replicated containers, failed processing 0
2022-11-18 13:06:43,867 [ReplicationMonitor] INFO  replication.ReplicationManager (ReplicationManager.java:processAll(352)) - Replication Monitor Thread took 1 milliseconds for processing 6 containers.
2022-11-18 13:06:43,868 [Over Replicated Processor] INFO  replication.OverReplicatedProcessor (OverReplicatedProcessor.java:processAll(90)) - Processed 0 over replicated containers, failed processing 0
2022-11-18 13:06:44,504 [Under Replicated Processor] INFO  replication.UnderReplicatedProcessor (UnderReplicatedProcessor.java:processAll(92)) - Processed 0 under replicated containers, failed processing 0
2022-11-18 13:06:44,504 [ReplicationMonitor] INFO  replication.ReplicationManager (ReplicationManager.java:processAll(352)) - Replication Monitor Thread took 0 milliseconds for processing 0 containers.
2022-11-18 13:06:44,505 [Over Replicated Processor] INFO  replication.OverReplicatedProcessor (OverReplicatedProcessor.java:processAll(90)) - Processed 0 over replicated containers, failed processing 0
2022-11-18 13:06:44,795 [Under Replicated Processor] INFO  replication.UnderReplicatedProcessor (UnderReplicatedProcessor.java:processAll(92)) - Processed 0 under replicated containers, failed processing 0
2022-11-18 13:06:44,842 [Over Replicated Processor] INFO  replication.OverReplicatedProcessor (OverReplicatedProcessor.java:processAll(90)) - Processed 0 over replicated containers, failed processing 0
2022-11-18 13:06:44,844 [ReplicationMonitor] INFO  replication.ReplicationManager (ReplicationManager.java:processAll(352)) - Replication Monitor Thread took 0 milliseconds for processing 0 containers.
2022-11-18 13:06:44,863 [Under Replicated Processor] INFO  replication.UnderReplicatedProcessor (UnderReplicatedProcessor.java:processAll(92)) - Processed 0 under replicated containers, failed processing 0
2022-11-18 13:06:44,867 [ReplicationMonitor] INFO  replication.ReplicationManager (ReplicationManager.java:processAll(352)) - Replication Monitor Thread took 0 milliseconds for processing 6 containers.
2022-11-18 13:06:44,868 [Over Replicated Processor] INFO  replication.OverReplicatedProcessor (OverReplicatedProcessor.java:processAll(90)) - Processed 0 over replicated containers, failed processing 0
2022-11-18 13:06:45,504 [Under Replicated Processor] INFO  replication.UnderReplicatedProcessor (UnderReplicatedProcessor.java:processAll(92)) - Processed 0 under replicated containers, failed processing 0
2022-11-18 13:06:45,505 [ReplicationMonitor] INFO  replication.ReplicationManager (ReplicationManager.java:processAll(352)) - Replication Monitor Thread took 0 milliseconds for processing 0 containers.
2022-11-18 13:06:45,505 [Over Replicated Processor] INFO  replication.OverReplicatedProcessor (OverReplicatedProcessor.java:processAll(90)) - Processed 0 over replicated containers, failed processing 0
2022-11-18 13:06:45,795 [Under Replicated Processor] INFO  replication.UnderReplicatedProcessor (UnderReplicatedProcessor.java:processAll(92)) - Processed 0 under replicated containers, failed processing 0
2022-11-18 13:06:45,843 [Over Replicated Processor] INFO  replication.OverReplicatedProcessor (OverReplicatedProcessor.java:processAll(90)) - Processed 0 over replicated containers, failed processing 0
2022-11-18 13:06:45,845 [ReplicationMonitor] INFO  replication.ReplicationManager (ReplicationManager.java:processAll(352)) - Replication Monitor Thread took 0 milliseconds for processing 0 containers.
2022-11-18 13:06:45,863 [Under Replicated Processor] INFO  replication.UnderReplicatedProcessor (UnderReplicatedProcessor.java:processAll(92)) - Processed 0 under replicated containers, failed processing 0
2022-11-18 13:06:45,868 [ReplicationMonitor] INFO  replication.ReplicationManager (ReplicationManager.java:processAll(352)) - Replication Monitor Thread took 0 milliseconds for processing 6 containers.
2022-11-18 13:06:45,868 [Over Replicated Processor] INFO  replication.OverReplicatedProcessor (OverReplicatedProcessor.java:processAll(90)) - Processed 0 over replicated containers, failed processing 0
2022-11-18 13:06:46,140 [Mini-Cluster-Provider-Reap] INFO  ozone.MiniOzoneClusterImpl (MiniOzoneClusterImpl.java:shutdown(448)) - Shutting down the Mini Ozone Cluster
2022-11-18 13:06:46,140 [Mini-Cluster-Provider-Reap] INFO  ozone.MiniOzoneClusterImpl (MiniOzoneClusterImpl.java:stop(463)) - Stopping the Mini Ozone Cluster
2022-11-18 13:06:46,140 [Mini-Cluster-Provider-Reap] INFO  ozone.MiniOzoneClusterImpl (MiniOzoneClusterImpl.java:stopOM(545)) - Stopping the OzoneManager
2022-11-18 13:06:46,140 [Mini-Cluster-Provider-Reap] INFO  om.OzoneManager (OzoneManager.java:stop(2036)) - om1[localhost:0]: Stopping Ozone Manager
2022-11-18 13:06:46,148 [Mini-Cluster-Provider-Reap] INFO  ipc.Server (Server.java:stop(3428)) - Stopping server on 45833
2022-11-18 13:06:46,151 [IPC Server Responder] INFO  ipc.Server (Server.java:run(1517)) - Stopping IPC Server Responder
2022-11-18 13:06:46,151 [IPC Server listener on 0] INFO  ipc.Server (Server.java:run(1384)) - Stopping IPC Server listener on 0
2022-11-18 13:06:46,152 [Mini-Cluster-Provider-Reap] INFO  server.RaftServer (RaftServerProxy.java:lambda$close$6(409)) - om1: close
2022-11-18 13:06:46,152 [Mini-Cluster-Provider-Reap] INFO  server.GrpcService (GrpcService.java:closeImpl(279)) - om1: shutdown server GrpcServerProtocolService now
2022-11-18 13:06:46,155 [Mini-Cluster-Provider-Reap] INFO  server.GrpcService (GrpcService.java:closeImpl(288)) - om1: shutdown server GrpcServerProtocolService successfully
2022-11-18 13:06:46,158 [om1-impl-thread2] INFO  server.RaftServer$Division (RaftServerImpl.java:lambda$close$4(458)) - om1@group-C5BA1605619E: shutdown
2022-11-18 13:06:46,158 [om1-impl-thread2] INFO  util.JmxRegister (JmxRegister.java:unregister(73)) - Successfully un-registered JMX Bean with object name Ratis:service=RaftServer,group=group-C5BA1605619E,id="om1"
2022-11-18 13:06:46,160 [om1-impl-thread2] INFO  impl.RoleInfo (RoleInfo.java:shutdownLeaderState(93)) - om1: shutdown om1@group-C5BA1605619E-LeaderStateImpl
2022-11-18 13:06:46,161 [om1-impl-thread2] INFO  impl.PendingRequests (PendingRequests.java:sendNotLeaderResponses(282)) - om1@group-C5BA1605619E-PendingRequests: sendNotLeaderResponses
2022-11-18 13:06:46,171 [om1-impl-thread2] INFO  impl.StateMachineUpdater (StateMachineUpdater.java:stopAndJoin(153)) - om1@group-C5BA1605619E-StateMachineUpdater: set stopIndex = 86
2022-11-18 13:06:46,172 [om1@group-C5BA1605619E-StateMachineUpdater] INFO  ratis.OzoneManagerStateMachine (OzoneManagerStateMachine.java:takeSnapshot(445)) - Current Snapshot Index (t:1, i:86)
2022-11-18 13:06:46,172 [om1@group-C5BA1605619E-StateMachineUpdater] INFO  impl.StateMachineUpdater (StateMachineUpdater.java:takeSnapshot(287)) - om1@group-C5BA1605619E-StateMachineUpdater: Took a snapshot at index 86
2022-11-18 13:06:46,173 [om1@group-C5BA1605619E-StateMachineUpdater] INFO  impl.StateMachineUpdater (StateMachineUpdater.java:lambda$new$0(92)) - om1@group-C5BA1605619E-StateMachineUpdater: snapshotIndex: updateIncreasingly -1 -> 86
2022-11-18 13:06:46,173 [om1@group-C5BA1605619E-StateMachineUpdater] INFO  ratis.OzoneManagerStateMachine (OzoneManagerStateMachine.java:close(499)) - StateMachine has shutdown. Shutdown OzoneManager if not already shutdown.
2022-11-18 13:06:46,173 [om1@group-C5BA1605619E-StateMachineUpdater] INFO  ratis.OzoneManagerDoubleBuffer (OzoneManagerDoubleBuffer.java:stop(466)) - Stopping OMDoubleBuffer flush thread
2022-11-18 13:06:46,173 [OMDoubleBufferFlushThread] INFO  ratis.OzoneManagerDoubleBuffer (OzoneManagerDoubleBuffer.java:flushTransactions(385)) - OMDoubleBuffer flush thread OMDoubleBufferFlushThread is interrupted and will exit.
2022-11-18 13:06:46,173 [om1-impl-thread2] INFO  server.RaftServer$Division (ServerState.java:close(466)) - om1@group-C5BA1605619E: closes. applyIndex: 86
2022-11-18 13:06:46,173 [om1@group-C5BA1605619E-SegmentedRaftLogWorker] INFO  segmented.SegmentedRaftLogWorker (SegmentedRaftLogWorker.java:run(345)) - om1@group-C5BA1605619E-SegmentedRaftLogWorker was interrupted, exiting. There are 0 tasks remaining in the queue.
2022-11-18 13:06:46,174 [om1-impl-thread2] INFO  segmented.SegmentedRaftLogWorker (SegmentedRaftLogWorker.java:close(255)) - om1@group-C5BA1605619E-SegmentedRaftLogWorker close()
2022-11-18 13:06:46,175 [JvmPauseMonitor33] INFO  util.JvmPauseMonitor (JvmPauseMonitor.java:run(111)) - JvmPauseMonitor-om1: Stopped
2022-11-18 13:06:46,175 [Mini-Cluster-Provider-Reap] INFO  ratis.OzoneManagerStateMachine (OzoneManagerStateMachine.java:close(499)) - StateMachine has shutdown. Shutdown OzoneManager if not already shutdown.
2022-11-18 13:06:46,175 [Mini-Cluster-Provider-Reap] INFO  ratis.OzoneManagerDoubleBuffer (OzoneManagerDoubleBuffer.java:stop(478)) - OMDoubleBuffer flush thread is not running.
2022-11-18 13:06:46,175 [Mini-Cluster-Provider-Reap] INFO  utils.BackgroundService (BackgroundService.java:shutdown(141)) - Shutting down service KeyDeletingService
2022-11-18 13:06:46,175 [Mini-Cluster-Provider-Reap] INFO  utils.BackgroundService (BackgroundService.java:shutdown(141)) - Shutting down service DirectoryDeletingService
2022-11-18 13:06:46,175 [Mini-Cluster-Provider-Reap] INFO  utils.BackgroundService (BackgroundService.java:shutdown(141)) - Shutting down service OpenKeyCleanupService
2022-11-18 13:06:46,176 [Mini-Cluster-Provider-Reap] INFO  handler.ContextHandler (ContextHandler.java:doStop(1159)) - Stopped o.e.j.w.WebAppContext@27508b03{ozoneManager,/,null,STOPPED}{file:/home/runner/work/ozone/ozone/hadoop-ozone/integration-test/target/test-classes/webapps/ozoneManager}
2022-11-18 13:06:46,177 [Mini-Cluster-Provider-Reap] INFO  server.AbstractConnector (AbstractConnector.java:doStop(383)) - Stopped ServerConnector@7f5d2797{HTTP/1.1, (http/1.1)}{0.0.0.0:0}
2022-11-18 13:06:46,177 [Mini-Cluster-Provider-Reap] INFO  server.session (HouseKeeper.java:stopScavenging(149)) - node0 Stopped scavenging
2022-11-18 13:06:46,177 [Mini-Cluster-Provider-Reap] INFO  handler.ContextHandler (ContextHandler.java:doStop(1159)) - Stopped o.e.j.s.ServletContextHandler@1b971873{static,/static,file:///home/runner/work/ozone/ozone/hadoop-ozone/integration-test/target/test-classes/webapps/static,STOPPED}
2022-11-18 13:06:46,177 [Mini-Cluster-Provider-Reap] INFO  handler.ContextHandler (ContextHandler.java:doStop(1159)) - Stopped o.e.j.s.ServletContextHandler@1f359899{logs,/logs,file:///home/runner/work/ozone/ozone/hadoop-ozone/integration-test/target/log,STOPPED}
2022-11-18 13:06:46,182 [Mini-Cluster-Provider-Reap] INFO  ozone.MiniOzoneClusterImpl (MiniOzoneClusterImpl.java:stopDatanodes(522)) - Stopping the HddsDatanodes
2022-11-18 13:06:46,188 [Mini-Cluster-Provider-Reap] INFO  ozoneimpl.OzoneContainer (OzoneContainer.java:stop(417)) - Attempting to stop container services.
2022-11-18 13:06:46,197 [Mini-Cluster-Provider-Reap] INFO  server.RaftServer (RaftServerProxy.java:lambda$close$6(409)) - 62944fc1-681b-46bd-93f7-2482762a7b31: close
2022-11-18 13:06:46,200 [Mini-Cluster-Provider-Reap] INFO  server.GrpcService (GrpcService.java:closeImpl(279)) - 62944fc1-681b-46bd-93f7-2482762a7b31: shutdown server GrpcServerProtocolService now
2022-11-18 13:06:46,207 [Mini-Cluster-Provider-Reap] INFO  server.GrpcServerProtocolClient (GrpcServerProtocolClient.java:close(111)) - cb27b585-024b-4029-854c-b46b41cc55c7 Close channels
2022-11-18 13:06:46,209 [Mini-Cluster-Provider-Reap] INFO  server.GrpcServerProtocolClient (GrpcServerProtocolClient.java:close(111)) - 277e5bbd-414d-4f19-87c3-552c8f153d3d Close channels
2022-11-18 13:06:46,210 [grpc-default-executor-0] WARN  server.GrpcServerProtocolService (LogUtils.java:warn(122)) - 62944fc1-681b-46bd-93f7-2482762a7b31: installSnapshot onError, lastRequest: null: org.apache.ratis.thirdparty.io.grpc.StatusRuntimeException: CANCELLED: client cancelled
2022-11-18 13:06:46,210 [grpc-default-executor-2] WARN  server.GrpcLogAppender (LogUtils.java:warn(122)) - 277e5bbd-414d-4f19-87c3-552c8f153d3d@group-AE848D27C9F4->62944fc1-681b-46bd-93f7-2482762a7b31-AppendLogResponseHandler: Failed appendEntries: org.apache.ratis.thirdparty.io.grpc.StatusRuntimeException: CANCELLED: RST_STREAM closed stream. HTTP/2 error code: CANCEL
2022-11-18 13:06:46,210 [Mini-Cluster-Provider-Reap] INFO  server.GrpcService (GrpcService.java:closeImpl(288)) - 62944fc1-681b-46bd-93f7-2482762a7b31: shutdown server GrpcServerProtocolService successfully
2022-11-18 13:06:46,211 [grpc-default-executor-2] WARN  server.GrpcLogAppender (GrpcLogAppender.java:resetClient(131)) - 277e5bbd-414d-4f19-87c3-552c8f153d3d@group-AE848D27C9F4->62944fc1-681b-46bd-93f7-2482762a7b31-GrpcLogAppender: Leader has not got in touch with Follower 277e5bbd-414d-4f19-87c3-552c8f153d3d@group-AE848D27C9F4->62944fc1-681b-46bd-93f7-2482762a7b31(c0,m0,n1, attendVote=true, lastRpcSendTime=907, lastRpcResponseTime=907) yet, just keep nextIndex unchanged and retry.
2022-11-18 13:06:46,211 [grpc-default-executor-4] WARN  server.GrpcServerProtocolService (LogUtils.java:warn(122)) - 62944fc1-681b-46bd-93f7-2482762a7b31: installSnapshot onError, lastRequest: 277e5bbd-414d-4f19-87c3-552c8f153d3d->62944fc1-681b-46bd-93f7-2482762a7b31#1-t1,previous=(t:0, i:0),leaderCommit=0,initializing? true,entries: size=1, first=(t:1, i:0), CONFIGURATIONENTRY(current:id: "4e9d01e2-99f3-4323-a596-366f46fa44e1"
address: "10.1.0.56:45787"
clientAddress: "10.1.0.56:45787"
adminAddress: "10.1.0.56:45787"
startupRole: FOLLOWER
,id: "277e5bbd-414d-4f19-87c3-552c8f153d3d"
address: "10.1.0.56:43003"
priority: 1
clientAddress: "10.1.0.56:43003"
adminAddress: "10.1.0.56:43003"
startupRole: FOLLOWER
,id: "62944fc1-681b-46bd-93f7-2482762a7b31"
address: "10.1.0.56:38905"
clientAddress: "10.1.0.56:38905"
adminAddress: "10.1.0.56:38905"
startupRole: FOLLOWER
, old:): org.apache.ratis.thirdparty.io.grpc.StatusRuntimeException: CANCELLED: client cancelled
2022-11-18 13:06:46,220 [grpc-default-executor-4] WARN  server.GrpcLogAppender (LogUtils.java:warn(122)) - 277e5bbd-414d-4f19-87c3-552c8f153d3d@group-AE848D27C9F4->62944fc1-681b-46bd-93f7-2482762a7b31-AppendLogResponseHandler: Failed appendEntries: org.apache.ratis.thirdparty.io.grpc.StatusRuntimeException: CANCELLED: RST_STREAM closed stream. HTTP/2 error code: CANCEL
2022-11-18 13:06:46,220 [62944fc1-681b-46bd-93f7-2482762a7b31-impl-thread3] INFO  server.RaftServer$Division (RaftServerImpl.java:lambda$close$4(458)) - 62944fc1-681b-46bd-93f7-2482762a7b31@group-859DF10AAA8F: shutdown
2022-11-18 13:06:46,220 [62944fc1-681b-46bd-93f7-2482762a7b31-impl-thread3] INFO  util.JmxRegister (JmxRegister.java:unregister(73)) - Successfully un-registered JMX Bean with object name Ratis:service=RaftServer,group=group-859DF10AAA8F,id=62944fc1-681b-46bd-93f7-2482762a7b31
2022-11-18 13:06:46,220 [62944fc1-681b-46bd-93f7-2482762a7b31-impl-thread3] INFO  impl.RoleInfo (RoleInfo.java:shutdownLeaderState(93)) - 62944fc1-681b-46bd-93f7-2482762a7b31: shutdown 62944fc1-681b-46bd-93f7-2482762a7b31@group-859DF10AAA8F-LeaderStateImpl
2022-11-18 13:06:46,221 [62944fc1-681b-46bd-93f7-2482762a7b31-impl-thread3] INFO  impl.PendingRequests (PendingRequests.java:sendNotLeaderResponses(282)) - 62944fc1-681b-46bd-93f7-2482762a7b31@group-859DF10AAA8F-PendingRequests: sendNotLeaderResponses
2022-11-18 13:06:46,221 [62944fc1-681b-46bd-93f7-2482762a7b31-impl-thread3] INFO  impl.StateMachineUpdater (StateMachineUpdater.java:stopAndJoin(153)) - 62944fc1-681b-46bd-93f7-2482762a7b31@group-859DF10AAA8F-StateMachineUpdater: set stopIndex = 0
2022-11-18 13:06:46,221 [62944fc1-681b-46bd-93f7-2482762a7b31@group-859DF10AAA8F-StateMachineUpdater] INFO  ratis.ContainerStateMachine (ContainerStateMachine.java:takeSnapshot(304)) - group-859DF10AAA8F: Taking a snapshot at:(t:1, i:0) file /home/runner/work/ozone/ozone/hadoop-ozone/integration-test/target/test-dir/MiniOzoneClusterImpl-20da3918-ad77-4149-a4e0-3f3018d8b094/datanode-4/data/ratis/330d799d-8b72-49e0-9d23-859df10aaa8f/sm/snapshot.1_0
2022-11-18 13:06:46,222 [62944fc1-681b-46bd-93f7-2482762a7b31-impl-thread2] INFO  server.RaftServer$Division (RaftServerImpl.java:lambda$close$4(458)) - 62944fc1-681b-46bd-93f7-2482762a7b31@group-AE848D27C9F4: shutdown
2022-11-18 13:06:46,222 [62944fc1-681b-46bd-93f7-2482762a7b31-impl-thread2] INFO  util.JmxRegister (JmxRegister.java:unregister(73)) - Successfully un-registered JMX Bean with object name Ratis:service=RaftServer,group=group-AE848D27C9F4,id=62944fc1-681b-46bd-93f7-2482762a7b31
2022-11-18 13:06:46,222 [62944fc1-681b-46bd-93f7-2482762a7b31-impl-thread2] INFO  impl.RoleInfo (RoleInfo.java:shutdownFollowerState(110)) - 62944fc1-681b-46bd-93f7-2482762a7b31: shutdown 62944fc1-681b-46bd-93f7-2482762a7b31@group-AE848D27C9F4-FollowerState
2022-11-18 13:06:46,223 [62944fc1-681b-46bd-93f7-2482762a7b31@group-859DF10AAA8F-StateMachineUpdater] INFO  ratis.ContainerStateMachine (ContainerStateMachine.java:takeSnapshot(315)) - group-859DF10AAA8F: Finished taking a snapshot at:(t:1, i:0) file:/home/runner/work/ozone/ozone/hadoop-ozone/integration-test/target/test-dir/MiniOzoneClusterImpl-20da3918-ad77-4149-a4e0-3f3018d8b094/datanode-4/data/ratis/330d799d-8b72-49e0-9d23-859df10aaa8f/sm/snapshot.1_0 took: 1 ms
2022-11-18 13:06:46,223 [62944fc1-681b-46bd-93f7-2482762a7b31@group-AE848D27C9F4-FollowerState] INFO  impl.FollowerState (FollowerState.java:run(152)) - 62944fc1-681b-46bd-93f7-2482762a7b31@group-AE848D27C9F4-FollowerState was interrupted
2022-11-18 13:06:46,223 [62944fc1-681b-46bd-93f7-2482762a7b31@group-859DF10AAA8F-StateMachineUpdater] INFO  impl.StateMachineUpdater (StateMachineUpdater.java:takeSnapshot(287)) - 62944fc1-681b-46bd-93f7-2482762a7b31@group-859DF10AAA8F-StateMachineUpdater: Took a snapshot at index 0
2022-11-18 13:06:46,223 [62944fc1-681b-46bd-93f7-2482762a7b31@group-859DF10AAA8F-StateMachineUpdater] INFO  impl.StateMachineUpdater (StateMachineUpdater.java:lambda$new$0(92)) - 62944fc1-681b-46bd-93f7-2482762a7b31@group-859DF10AAA8F-StateMachineUpdater: snapshotIndex: updateIncreasingly -1 -> 0
2022-11-18 13:06:46,223 [62944fc1-681b-46bd-93f7-2482762a7b31@group-AE848D27C9F4-StateMachineUpdater] INFO  ratis.ContainerStateMachine (ContainerStateMachine.java:takeSnapshot(304)) - group-AE848D27C9F4: Taking a snapshot at:(t:1, i:0) file /home/runner/work/ozone/ozone/hadoop-ozone/integration-test/target/test-dir/MiniOzoneClusterImpl-20da3918-ad77-4149-a4e0-3f3018d8b094/datanode-4/data/ratis/eb5d11c1-c61d-418b-a25f-ae848d27c9f4/sm/snapshot.1_0
2022-11-18 13:06:46,223 [62944fc1-681b-46bd-93f7-2482762a7b31-impl-thread3] INFO  server.RaftServer$Division (ServerState.java:close(466)) - 62944fc1-681b-46bd-93f7-2482762a7b31@group-859DF10AAA8F: closes. applyIndex: 0
2022-11-18 13:06:46,224 [62944fc1-681b-46bd-93f7-2482762a7b31-impl-thread2] INFO  impl.StateMachineUpdater (StateMachineUpdater.java:stopAndJoin(153)) - 62944fc1-681b-46bd-93f7-2482762a7b31@group-AE848D27C9F4-StateMachineUpdater: set stopIndex = 0
2022-11-18 13:06:46,224 [ForkJoinPool.commonPool-worker-1] INFO  ozoneimpl.OzoneContainer (OzoneContainer.java:stop(417)) - Attempting to stop container services.
2022-11-18 13:06:46,224 [62944fc1-681b-46bd-93f7-2482762a7b31@group-AE848D27C9F4-StateMachineUpdater] INFO  ratis.ContainerStateMachine (ContainerStateMachine.java:takeSnapshot(315)) - group-AE848D27C9F4: Finished taking a snapshot at:(t:1, i:0) file:/home/runner/work/ozone/ozone/hadoop-ozone/integration-test/target/test-dir/MiniOzoneClusterImpl-20da3918-ad77-4149-a4e0-3f3018d8b094/datanode-4/data/ratis/eb5d11c1-c61d-418b-a25f-ae848d27c9f4/sm/snapshot.1_0 took: 1 ms
2022-11-18 13:06:46,224 [62944fc1-681b-46bd-93f7-2482762a7b31@group-859DF10AAA8F-SegmentedRaftLogWorker] INFO  segmented.SegmentedRaftLogWorker (SegmentedRaftLogWorker.java:run(345)) - 62944fc1-681b-46bd-93f7-2482762a7b31@group-859DF10AAA8F-SegmentedRaftLogWorker was interrupted, exiting. There are 0 tasks remaining in the queue.
2022-11-18 13:06:46,225 [62944fc1-681b-46bd-93f7-2482762a7b31@group-AE848D27C9F4-StateMachineUpdater] INFO  impl.StateMachineUpdater (StateMachineUpdater.java:takeSnapshot(287)) - 62944fc1-681b-46bd-93f7-2482762a7b31@group-AE848D27C9F4-StateMachineUpdater: Took a snapshot at index 0
2022-11-18 13:06:46,225 [62944fc1-681b-46bd-93f7-2482762a7b31@group-AE848D27C9F4-StateMachineUpdater] INFO  impl.StateMachineUpdater (StateMachineUpdater.java:lambda$new$0(92)) - 62944fc1-681b-46bd-93f7-2482762a7b31@group-AE848D27C9F4-StateMachineUpdater: snapshotIndex: updateIncreasingly -1 -> 0
2022-11-18 13:06:46,225 [62944fc1-681b-46bd-93f7-2482762a7b31-impl-thread3] INFO  segmented.SegmentedRaftLogWorker (SegmentedRaftLogWorker.java:close(255)) - 62944fc1-681b-46bd-93f7-2482762a7b31@group-859DF10AAA8F-SegmentedRaftLogWorker close()
2022-11-18 13:06:46,225 [62944fc1-681b-46bd-93f7-2482762a7b31-impl-thread2] INFO  server.RaftServer$Division (ServerState.java:close(466)) - 62944fc1-681b-46bd-93f7-2482762a7b31@group-AE848D27C9F4: closes. applyIndex: 0
2022-11-18 13:06:46,225 [ForkJoinPool.commonPool-worker-1] INFO  server.RaftServer (RaftServerProxy.java:lambda$close$6(409)) - dba9af6d-6e82-4367-aab1-8cf42182a7ab: close
2022-11-18 13:06:46,227 [dba9af6d-6e82-4367-aab1-8cf42182a7ab-impl-thread2] INFO  server.RaftServer$Division (RaftServerImpl.java:lambda$close$4(458)) - dba9af6d-6e82-4367-aab1-8cf42182a7ab@group-223230AB0900: shutdown
2022-11-18 13:06:46,227 [dba9af6d-6e82-4367-aab1-8cf42182a7ab-impl-thread2] INFO  util.JmxRegister (JmxRegister.java:unregister(73)) - Successfully un-registered JMX Bean with object name Ratis:service=RaftServer,group=group-223230AB0900,id=dba9af6d-6e82-4367-aab1-8cf42182a7ab
2022-11-18 13:06:46,227 [dba9af6d-6e82-4367-aab1-8cf42182a7ab-impl-thread2] INFO  impl.RoleInfo (RoleInfo.java:shutdownLeaderState(93)) - dba9af6d-6e82-4367-aab1-8cf42182a7ab: shutdown dba9af6d-6e82-4367-aab1-8cf42182a7ab@group-223230AB0900-LeaderStateImpl
2022-11-18 13:06:46,227 [dba9af6d-6e82-4367-aab1-8cf42182a7ab-impl-thread2] INFO  impl.PendingRequests (PendingRequests.java:sendNotLeaderResponses(282)) - dba9af6d-6e82-4367-aab1-8cf42182a7ab@group-223230AB0900-PendingRequests: sendNotLeaderResponses
2022-11-18 13:06:46,228 [dba9af6d-6e82-4367-aab1-8cf42182a7ab-impl-thread2] INFO  impl.StateMachineUpdater (StateMachineUpdater.java:stopAndJoin(153)) - dba9af6d-6e82-4367-aab1-8cf42182a7ab@group-223230AB0900-StateMachineUpdater: set stopIndex = 0
2022-11-18 13:06:46,228 [ForkJoinPool.commonPool-worker-1] INFO  server.GrpcService (GrpcService.java:closeImpl(279)) - dba9af6d-6e82-4367-aab1-8cf42182a7ab: shutdown server GrpcServerProtocolService now
2022-11-18 13:06:46,229 [grpc-default-executor-2] WARN  server.GrpcServerProtocolService (LogUtils.java:warn(122)) - dba9af6d-6e82-4367-aab1-8cf42182a7ab: installSnapshot onError, lastRequest: null: org.apache.ratis.thirdparty.io.grpc.StatusRuntimeException: CANCELLED: client cancelled
2022-11-18 13:06:46,229 [grpc-default-executor-6] WARN  server.GrpcServerProtocolService (LogUtils.java:warn(122)) - dba9af6d-6e82-4367-aab1-8cf42182a7ab: installSnapshot onError, lastRequest: f55315c2-12b7-4bf7-9755-17bd9d593b12->dba9af6d-6e82-4367-aab1-8cf42182a7ab#160-t1,previous=(t:1, i:39),leaderCommit=39,initializing? true,entries: size=1, first=(t:1, i:40), METADATAENTRY(c:39): org.apache.ratis.thirdparty.io.grpc.StatusRuntimeException: CANCELLED: client cancelled
2022-11-18 13:06:46,230 [grpc-default-executor-5] WARN  server.GrpcLogAppender (LogUtils.java:warn(122)) - f55315c2-12b7-4bf7-9755-17bd9d593b12@group-2D1F402832AD->dba9af6d-6e82-4367-aab1-8cf42182a7ab-AppendLogResponseHandler: Failed appendEntries: org.apache.ratis.thirdparty.io.grpc.StatusRuntimeException: CANCELLED: RST_STREAM closed stream. HTTP/2 error code: CANCEL
2022-11-18 13:06:46,230 [grpc-default-executor-5] INFO  leader.FollowerInfo (FollowerInfoImpl.java:lambda$new$0(48)) - f55315c2-12b7-4bf7-9755-17bd9d593b12@group-2D1F402832AD->dba9af6d-6e82-4367-aab1-8cf42182a7ab: nextIndex: updateUnconditionally 41 -> 40
2022-11-18 13:06:46,230 [ForkJoinPool.commonPool-worker-1] INFO  server.GrpcService (GrpcService.java:closeImpl(288)) - dba9af6d-6e82-4367-aab1-8cf42182a7ab: shutdown server GrpcServerProtocolService successfully
2022-11-18 13:06:46,230 [grpc-default-executor-5] WARN  server.GrpcLogAppender (LogUtils.java:warn(122)) - f55315c2-12b7-4bf7-9755-17bd9d593b12@group-2D1F402832AD->dba9af6d-6e82-4367-aab1-8cf42182a7ab-AppendLogResponseHandler: Failed appendEntries: org.apache.ratis.thirdparty.io.grpc.StatusRuntimeException: CANCELLED: RST_STREAM closed stream. HTTP/2 error code: CANCEL
2022-11-18 13:06:46,230 [grpc-default-executor-5] INFO  leader.FollowerInfo (FollowerInfoImpl.java:lambda$new$0(48)) - f55315c2-12b7-4bf7-9755-17bd9d593b12@group-2D1F402832AD->dba9af6d-6e82-4367-aab1-8cf42182a7ab: nextIndex: updateUnconditionally 40 -> 39
2022-11-18 13:06:46,232 [dba9af6d-6e82-4367-aab1-8cf42182a7ab@group-223230AB0900-StateMachineUpdater] INFO  ratis.ContainerStateMachine (ContainerStateMachine.java:takeSnapshot(304)) - group-223230AB0900: Taking a snapshot at:(t:1, i:0) file /home/runner/work/ozone/ozone/hadoop-ozone/integration-test/target/test-dir/MiniOzoneClusterImpl-20da3918-ad77-4149-a4e0-3f3018d8b094/datanode-1/data/ratis/4d459f8e-fa3a-4c84-852e-223230ab0900/sm/snapshot.1_0
2022-11-18 13:06:46,233 [62944fc1-681b-46bd-93f7-2482762a7b31@group-AE848D27C9F4-SegmentedRaftLogWorker] INFO  segmented.SegmentedRaftLogWorker (SegmentedRaftLogWorker.java:run(345)) - 62944fc1-681b-46bd-93f7-2482762a7b31@group-AE848D27C9F4-SegmentedRaftLogWorker was interrupted, exiting. There are 0 tasks remaining in the queue.
2022-11-18 13:06:46,233 [dba9af6d-6e82-4367-aab1-8cf42182a7ab@group-223230AB0900-StateMachineUpdater] INFO  ratis.ContainerStateMachine (ContainerStateMachine.java:takeSnapshot(315)) - group-223230AB0900: Finished taking a snapshot at:(t:1, i:0) file:/home/runner/work/ozone/ozone/hadoop-ozone/integration-test/target/test-dir/MiniOzoneClusterImpl-20da3918-ad77-4149-a4e0-3f3018d8b094/datanode-1/data/ratis/4d459f8e-fa3a-4c84-852e-223230ab0900/sm/snapshot.1_0 took: 1 ms
2022-11-18 13:06:46,233 [dba9af6d-6e82-4367-aab1-8cf42182a7ab@group-223230AB0900-StateMachineUpdater] INFO  impl.StateMachineUpdater (StateMachineUpdater.java:takeSnapshot(287)) - dba9af6d-6e82-4367-aab1-8cf42182a7ab@group-223230AB0900-StateMachineUpdater: Took a snapshot at index 0
2022-11-18 13:06:46,233 [dba9af6d-6e82-4367-aab1-8cf42182a7ab@group-223230AB0900-StateMachineUpdater] INFO  impl.StateMachineUpdater (StateMachineUpdater.java:lambda$new$0(92)) - dba9af6d-6e82-4367-aab1-8cf42182a7ab@group-223230AB0900-StateMachineUpdater: snapshotIndex: updateIncreasingly -1 -> 0
2022-11-18 13:06:46,233 [dba9af6d-6e82-4367-aab1-8cf42182a7ab-impl-thread2] INFO  server.RaftServer$Division (ServerState.java:close(466)) - dba9af6d-6e82-4367-aab1-8cf42182a7ab@group-223230AB0900: closes. applyIndex: 0
2022-11-18 13:06:46,233 [62944fc1-681b-46bd-93f7-2482762a7b31-impl-thread2] INFO  segmented.SegmentedRaftLogWorker (SegmentedRaftLogWorker.java:close(255)) - 62944fc1-681b-46bd-93f7-2482762a7b31@group-AE848D27C9F4-SegmentedRaftLogWorker close()
2022-11-18 13:06:46,233 [dba9af6d-6e82-4367-aab1-8cf42182a7ab@group-223230AB0900-SegmentedRaftLogWorker] INFO  segmented.SegmentedRaftLogWorker (SegmentedRaftLogWorker.java:run(345)) - dba9af6d-6e82-4367-aab1-8cf42182a7ab@group-223230AB0900-SegmentedRaftLogWorker was interrupted, exiting. There are 0 tasks remaining in the queue.
2022-11-18 13:06:46,234 [dba9af6d-6e82-4367-aab1-8cf42182a7ab-impl-thread2] INFO  segmented.SegmentedRaftLogWorker (SegmentedRaftLogWorker.java:close(255)) - dba9af6d-6e82-4367-aab1-8cf42182a7ab@group-223230AB0900-SegmentedRaftLogWorker close()
2022-11-18 13:06:46,240 [JvmPauseMonitor38] INFO  util.JvmPauseMonitor (JvmPauseMonitor.java:run(111)) - JvmPauseMonitor-62944fc1-681b-46bd-93f7-2482762a7b31: Stopped
2022-11-18 13:06:46,240 [grpc-default-executor-4] WARN  server.GrpcLogAppender (GrpcLogAppender.java:resetClient(131)) - 277e5bbd-414d-4f19-87c3-552c8f153d3d@group-AE848D27C9F4->62944fc1-681b-46bd-93f7-2482762a7b31-GrpcLogAppender: Leader has not got in touch with Follower 277e5bbd-414d-4f19-87c3-552c8f153d3d@group-AE848D27C9F4->62944fc1-681b-46bd-93f7-2482762a7b31(c0,m0,n1, attendVote=true, lastRpcSendTime=937, lastRpcResponseTime=936) yet, just keep nextIndex unchanged and retry.
2022-11-18 13:06:46,245 [grpc-default-executor-5] WARN  server.GrpcLogAppender (LogUtils.java:warn(122)) - f55315c2-12b7-4bf7-9755-17bd9d593b12@group-2D1F402832AD->dba9af6d-6e82-4367-aab1-8cf42182a7ab-AppendLogResponseHandler: Failed appendEntries: org.apache.ratis.thirdparty.io.grpc.StatusRuntimeException: UNAVAILABLE: io exception
2022-11-18 13:06:46,246 [grpc-default-executor-5] INFO  leader.FollowerInfo (FollowerInfoImpl.java:lambda$new$0(48)) - f55315c2-12b7-4bf7-9755-17bd9d593b12@group-2D1F402832AD->dba9af6d-6e82-4367-aab1-8cf42182a7ab: nextIndex: updateUnconditionally 40 -> 39
2022-11-18 13:06:46,246 [grpc-default-executor-4] WARN  server.GrpcLogAppender (LogUtils.java:warn(122)) - f55315c2-12b7-4bf7-9755-17bd9d593b12@group-2D1F402832AD->dba9af6d-6e82-4367-aab1-8cf42182a7ab-AppendLogResponseHandler: Failed appendEntries: org.apache.ratis.thirdparty.io.grpc.StatusRuntimeException: UNAVAILABLE: io exception
2022-11-18 13:06:46,246 [dba9af6d-6e82-4367-aab1-8cf42182a7ab-impl-thread3] INFO  server.RaftServer$Division (RaftServerImpl.java:lambda$close$4(458)) - dba9af6d-6e82-4367-aab1-8cf42182a7ab@group-2D1F402832AD: shutdown
2022-11-18 13:06:46,246 [dba9af6d-6e82-4367-aab1-8cf42182a7ab-impl-thread3] INFO  util.JmxRegister (JmxRegister.java:unregister(73)) - Successfully un-registered JMX Bean with object name Ratis:service=RaftServer,group=group-2D1F402832AD,id=dba9af6d-6e82-4367-aab1-8cf42182a7ab
2022-11-18 13:06:46,246 [dba9af6d-6e82-4367-aab1-8cf42182a7ab-impl-thread3] INFO  impl.RoleInfo (RoleInfo.java:shutdownFollowerState(110)) - dba9af6d-6e82-4367-aab1-8cf42182a7ab: shutdown dba9af6d-6e82-4367-aab1-8cf42182a7ab@group-2D1F402832AD-FollowerState
2022-11-18 13:06:46,246 [dba9af6d-6e82-4367-aab1-8cf42182a7ab-impl-thread3] INFO  impl.StateMachineUpdater (StateMachineUpdater.java:stopAndJoin(153)) - dba9af6d-6e82-4367-aab1-8cf42182a7ab@group-2D1F402832AD-StateMachineUpdater: set stopIndex = 40
2022-11-18 13:06:46,246 [dba9af6d-6e82-4367-aab1-8cf42182a7ab@group-2D1F402832AD-FollowerState] INFO  impl.FollowerState (FollowerState.java:run(152)) - dba9af6d-6e82-4367-aab1-8cf42182a7ab@group-2D1F402832AD-FollowerState was interrupted
2022-11-18 13:06:46,247 [dba9af6d-6e82-4367-aab1-8cf42182a7ab@group-2D1F402832AD-StateMachineUpdater] INFO  ratis.ContainerStateMachine (ContainerStateMachine.java:takeSnapshot(304)) - group-2D1F402832AD: Taking a snapshot at:(t:1, i:40) file /home/runner/work/ozone/ozone/hadoop-ozone/integration-test/target/test-dir/MiniOzoneClusterImpl-20da3918-ad77-4149-a4e0-3f3018d8b094/datanode-1/data/ratis/d03e4836-7d8d-4de7-87bd-2d1f402832ad/sm/snapshot.1_40
2022-11-18 13:06:46,246 [grpc-default-executor-4] INFO  leader.FollowerInfo (FollowerInfoImpl.java:lambda$new$0(48)) - f55315c2-12b7-4bf7-9755-17bd9d593b12@group-2D1F402832AD->dba9af6d-6e82-4367-aab1-8cf42182a7ab: nextIndex: updateUnconditionally 39 -> 38
2022-11-18 13:06:46,249 [dba9af6d-6e82-4367-aab1-8cf42182a7ab@group-2D1F402832AD-StateMachineUpdater] INFO  ratis.ContainerStateMachine (ContainerStateMachine.java:takeSnapshot(315)) - group-2D1F402832AD: Finished taking a snapshot at:(t:1, i:40) file:/home/runner/work/ozone/ozone/hadoop-ozone/integration-test/target/test-dir/MiniOzoneClusterImpl-20da3918-ad77-4149-a4e0-3f3018d8b094/datanode-1/data/ratis/d03e4836-7d8d-4de7-87bd-2d1f402832ad/sm/snapshot.1_40 took: 2 ms
2022-11-18 13:06:46,249 [dba9af6d-6e82-4367-aab1-8cf42182a7ab@group-2D1F402832AD-StateMachineUpdater] INFO  impl.StateMachineUpdater (StateMachineUpdater.java:takeSnapshot(287)) - dba9af6d-6e82-4367-aab1-8cf42182a7ab@group-2D1F402832AD-StateMachineUpdater: Took a snapshot at index 40
2022-11-18 13:06:46,249 [dba9af6d-6e82-4367-aab1-8cf42182a7ab@group-2D1F402832AD-StateMachineUpdater] INFO  impl.StateMachineUpdater (StateMachineUpdater.java:lambda$new$0(92)) - dba9af6d-6e82-4367-aab1-8cf42182a7ab@group-2D1F402832AD-StateMachineUpdater: snapshotIndex: updateIncreasingly -1 -> 40
2022-11-18 13:06:46,249 [dba9af6d-6e82-4367-aab1-8cf42182a7ab-impl-thread3] INFO  server.RaftServer$Division (ServerState.java:close(466)) - dba9af6d-6e82-4367-aab1-8cf42182a7ab@group-2D1F402832AD: closes. applyIndex: 40
2022-11-18 13:06:46,250 [dba9af6d-6e82-4367-aab1-8cf42182a7ab@group-2D1F402832AD-SegmentedRaftLogWorker] INFO  segmented.SegmentedRaftLogWorker (SegmentedRaftLogWorker.java:run(345)) - dba9af6d-6e82-4367-aab1-8cf42182a7ab@group-2D1F402832AD-SegmentedRaftLogWorker was interrupted, exiting. There are 0 tasks remaining in the queue.
2022-11-18 13:06:46,250 [dba9af6d-6e82-4367-aab1-8cf42182a7ab-impl-thread3] INFO  segmented.SegmentedRaftLogWorker (SegmentedRaftLogWorker.java:close(255)) - dba9af6d-6e82-4367-aab1-8cf42182a7ab@group-2D1F402832AD-SegmentedRaftLogWorker close()
2022-11-18 13:06:46,251 [JvmPauseMonitor35] INFO  util.JvmPauseMonitor (JvmPauseMonitor.java:run(111)) - JvmPauseMonitor-dba9af6d-6e82-4367-aab1-8cf42182a7ab: Stopped
]]></system-out>
    <system-err><![CDATA[Nov 18, 2022 1:06:03 PM org.apache.ratis.thirdparty.io.grpc.internal.ManagedChannelOrphanWrapper$ManagedChannelReference cleanQueue
SEVERE: *~*~*~ Channel ManagedChannelImpl{logId=1470, target=10.1.0.56:42547} was not shutdown properly!!! ~*~*~*
    Make sure to call shutdown()/shutdownNow() and wait until awaitTermination() returns true.
java.lang.RuntimeException: ManagedChannel allocation site
	at org.apache.ratis.thirdparty.io.grpc.internal.ManagedChannelOrphanWrapper$ManagedChannelReference.<init>(ManagedChannelOrphanWrapper.java:93)
	at org.apache.ratis.thirdparty.io.grpc.internal.ManagedChannelOrphanWrapper.<init>(ManagedChannelOrphanWrapper.java:53)
	at org.apache.ratis.thirdparty.io.grpc.internal.ManagedChannelOrphanWrapper.<init>(ManagedChannelOrphanWrapper.java:44)
	at org.apache.ratis.thirdparty.io.grpc.internal.ManagedChannelImplBuilder.build(ManagedChannelImplBuilder.java:630)
	at org.apache.ratis.thirdparty.io.grpc.internal.AbstractManagedChannelImplBuilder.build(AbstractManagedChannelImplBuilder.java:297)
	at org.apache.hadoop.hdds.scm.XceiverClientGrpc.connectToDatanode(XceiverClientGrpc.java:205)
	at org.apache.hadoop.hdds.scm.XceiverClientGrpc.connect(XceiverClientGrpc.java:158)
	at org.apache.hadoop.hdds.scm.XceiverClientManager$2.call(XceiverClientManager.java:243)
	at org.apache.hadoop.hdds.scm.XceiverClientManager$2.call(XceiverClientManager.java:224)
	at com.google.common.cache.LocalCache$LocalManualCache$1.load(LocalCache.java:4868)
	at com.google.common.cache.LocalCache$LoadingValueReference.loadFuture(LocalCache.java:3533)
	at com.google.common.cache.LocalCache$Segment.loadSync(LocalCache.java:2282)
	at com.google.common.cache.LocalCache$Segment.lockedGetOrLoad(LocalCache.java:2159)
	at com.google.common.cache.LocalCache$Segment.get(LocalCache.java:2049)
	at com.google.common.cache.LocalCache.get(LocalCache.java:3966)
	at com.google.common.cache.LocalCache$LocalManualCache.get(LocalCache.java:4863)
	at org.apache.hadoop.hdds.scm.XceiverClientManager.getClient(XceiverClientManager.java:224)
	at org.apache.hadoop.hdds.scm.XceiverClientManager.acquireClient(XceiverClientManager.java:168)
	at org.apache.hadoop.hdds.scm.XceiverClientManager.acquireClient(XceiverClientManager.java:141)
	at org.apache.hadoop.hdds.scm.storage.BlockOutputStream.<init>(BlockOutputStream.java:161)
	at org.apache.hadoop.hdds.scm.storage.ECBlockOutputStream.<init>(ECBlockOutputStream.java:78)
	at org.apache.hadoop.ozone.client.io.ECBlockOutputStreamEntry.checkStream(ECBlockOutputStreamEntry.java:101)
	at org.apache.hadoop.ozone.client.io.BlockOutputStreamEntry.write(BlockOutputStreamEntry.java:123)
	at org.apache.hadoop.ozone.client.io.ECKeyOutputStream.writeToOutputStream(ECKeyOutputStream.java:408)
	at org.apache.hadoop.ozone.client.io.ECKeyOutputStream.handleOutputStreamWrite(ECKeyOutputStream.java:392)
	at org.apache.hadoop.ozone.client.io.ECKeyOutputStream.close(ECKeyOutputStream.java:490)
	at org.apache.hadoop.ozone.client.io.OzoneOutputStream.close(OzoneOutputStream.java:61)
	at org.apache.hadoop.ozone.TestDataUtil.createKey(TestDataUtil.java:115)
	at org.apache.hadoop.ozone.scm.node.TestDecommissionAndMaintenance.generateData(TestDecommissionAndMaintenance.java:621)
	at org.apache.hadoop.ozone.scm.node.TestDecommissionAndMaintenance.testSingleNodeWithOpenPipelineCanGotoMaintenance(TestDecommissionAndMaintenance.java:313)
	at sun.reflect.NativeMethodAccessorImpl.invoke0(Native Method)
	at sun.reflect.NativeMethodAccessorImpl.invoke(NativeMethodAccessorImpl.java:62)
	at sun.reflect.DelegatingMethodAccessorImpl.invoke(DelegatingMethodAccessorImpl.java:43)
	at java.lang.reflect.Method.invoke(Method.java:498)
	at org.junit.platform.commons.util.ReflectionUtils.invokeMethod(ReflectionUtils.java:725)
	at org.junit.jupiter.engine.execution.MethodInvocation.proceed(MethodInvocation.java:60)
	at org.junit.jupiter.engine.execution.InvocationInterceptorChain$ValidatingInvocation.proceed(InvocationInterceptorChain.java:131)
	at org.junit.jupiter.engine.extension.TimeoutExtension.intercept(TimeoutExtension.java:149)
	at org.junit.jupiter.engine.extension.TimeoutExtension.interceptTestableMethod(TimeoutExtension.java:140)
	at org.junit.jupiter.engine.extension.TimeoutExtension.interceptTestMethod(TimeoutExtension.java:84)
	at org.junit.jupiter.engine.execution.ExecutableInvoker$ReflectiveInterceptorCall.lambda$ofVoidMethod$0(ExecutableInvoker.java:115)
	at org.junit.jupiter.engine.execution.ExecutableInvoker.lambda$invoke$0(ExecutableInvoker.java:105)
	at org.junit.jupiter.engine.execution.InvocationInterceptorChain$InterceptedInvocation.proceed(InvocationInterceptorChain.java:106)
	at org.junit.jupiter.engine.execution.InvocationInterceptorChain.proceed(InvocationInterceptorChain.java:64)
	at org.junit.jupiter.engine.execution.InvocationInterceptorChain.chainAndInvoke(InvocationInterceptorChain.java:45)
	at org.junit.jupiter.engine.execution.InvocationInterceptorChain.invoke(InvocationInterceptorChain.java:37)
	at org.junit.jupiter.engine.execution.ExecutableInvoker.invoke(ExecutableInvoker.java:104)
	at org.junit.jupiter.engine.execution.ExecutableInvoker.invoke(ExecutableInvoker.java:98)
	at org.junit.jupiter.engine.descriptor.TestMethodTestDescriptor.lambda$invokeTestMethod$7(TestMethodTestDescriptor.java:214)
	at org.junit.platform.engine.support.hierarchical.ThrowableCollector.execute(ThrowableCollector.java:73)
	at org.junit.jupiter.engine.descriptor.TestMethodTestDescriptor.invokeTestMethod(TestMethodTestDescriptor.java:210)
	at org.junit.jupiter.engine.descriptor.TestMethodTestDescriptor.execute(TestMethodTestDescriptor.java:135)
	at org.junit.jupiter.engine.descriptor.TestMethodTestDescriptor.execute(TestMethodTestDescriptor.java:66)
	at org.junit.platform.engine.support.hierarchical.NodeTestTask.lambda$executeRecursively$6(NodeTestTask.java:151)
	at org.junit.platform.engine.support.hierarchical.ThrowableCollector.execute(ThrowableCollector.java:73)
	at org.junit.platform.engine.support.hierarchical.NodeTestTask.lambda$executeRecursively$8(NodeTestTask.java:141)
	at org.junit.platform.engine.support.hierarchical.Node.around(Node.java:137)
	at org.junit.platform.engine.support.hierarchical.NodeTestTask.lambda$executeRecursively$9(NodeTestTask.java:139)
	at org.junit.platform.engine.support.hierarchical.ThrowableCollector.execute(ThrowableCollector.java:73)
	at org.junit.platform.engine.support.hierarchical.NodeTestTask.executeRecursively(NodeTestTask.java:138)
	at org.junit.platform.engine.support.hierarchical.NodeTestTask.execute(NodeTestTask.java:95)
	at java.util.ArrayList.forEach(ArrayList.java:1259)
	at org.junit.platform.engine.support.hierarchical.SameThreadHierarchicalTestExecutorService.invokeAll(SameThreadHierarchicalTestExecutorService.java:41)
	at org.junit.platform.engine.support.hierarchical.NodeTestTask.lambda$executeRecursively$6(NodeTestTask.java:155)
	at org.junit.platform.engine.support.hierarchical.ThrowableCollector.execute(ThrowableCollector.java:73)
	at org.junit.platform.engine.support.hierarchical.NodeTestTask.lambda$executeRecursively$8(NodeTestTask.java:141)
	at org.junit.platform.engine.support.hierarchical.Node.around(Node.java:137)
	at org.junit.platform.engine.support.hierarchical.NodeTestTask.lambda$executeRecursively$9(NodeTestTask.java:139)
	at org.junit.platform.engine.support.hierarchical.ThrowableCollector.execute(ThrowableCollector.java:73)
	at org.junit.platform.engine.support.hierarchical.NodeTestTask.executeRecursively(NodeTestTask.java:138)
	at org.junit.platform.engine.support.hierarchical.NodeTestTask.execute(NodeTestTask.java:95)
	at java.util.ArrayList.forEach(ArrayList.java:1259)
	at org.junit.platform.engine.support.hierarchical.SameThreadHierarchicalTestExecutorService.invokeAll(SameThreadHierarchicalTestExecutorService.java:41)
	at org.junit.platform.engine.support.hierarchical.NodeTestTask.lambda$executeRecursively$6(NodeTestTask.java:155)
	at org.junit.platform.engine.support.hierarchical.ThrowableCollector.execute(ThrowableCollector.java:73)
	at org.junit.platform.engine.support.hierarchical.NodeTestTask.lambda$executeRecursively$8(NodeTestTask.java:141)
	at org.junit.platform.engine.support.hierarchical.Node.around(Node.java:137)
	at org.junit.platform.engine.support.hierarchical.NodeTestTask.lambda$executeRecursively$9(NodeTestTask.java:139)
	at org.junit.platform.engine.support.hierarchical.ThrowableCollector.execute(ThrowableCollector.java:73)
	at org.junit.platform.engine.support.hierarchical.NodeTestTask.executeRecursively(NodeTestTask.java:138)
	at org.junit.platform.engine.support.hierarchical.NodeTestTask.execute(NodeTestTask.java:95)
	at org.junit.platform.engine.support.hierarchical.SameThreadHierarchicalTestExecutorService.submit(SameThreadHierarchicalTestExecutorService.java:35)
	at org.junit.platform.engine.support.hierarchical.HierarchicalTestExecutor.execute(HierarchicalTestExecutor.java:57)
	at org.junit.platform.engine.support.hierarchical.HierarchicalTestEngine.execute(HierarchicalTestEngine.java:54)
	at org.junit.platform.launcher.core.EngineExecutionOrchestrator.execute(EngineExecutionOrchestrator.java:107)
	at org.junit.platform.launcher.core.EngineExecutionOrchestrator.execute(EngineExecutionOrchestrator.java:88)
	at org.junit.platform.launcher.core.EngineExecutionOrchestrator.lambda$execute$0(EngineExecutionOrchestrator.java:54)
	at org.junit.platform.launcher.core.EngineExecutionOrchestrator.withInterceptedStreams(EngineExecutionOrchestrator.java:67)
	at org.junit.platform.launcher.core.EngineExecutionOrchestrator.execute(EngineExecutionOrchestrator.java:52)
	at org.junit.platform.launcher.core.DefaultLauncher.execute(DefaultLauncher.java:114)
	at org.junit.platform.launcher.core.DefaultLauncher.execute(DefaultLauncher.java:86)
	at org.junit.platform.launcher.core.DefaultLauncherSession$DelegatingLauncher.execute(DefaultLauncherSession.java:86)
	at org.junit.platform.launcher.core.SessionPerRequestLauncher.execute(SessionPerRequestLauncher.java:53)
	at org.apache.maven.surefire.junitplatform.JUnitPlatformProvider.execute(JUnitPlatformProvider.java:188)
	at org.apache.maven.surefire.junitplatform.JUnitPlatformProvider.invokeAllTests(JUnitPlatformProvider.java:154)
	at org.apache.maven.surefire.junitplatform.JUnitPlatformProvider.invoke(JUnitPlatformProvider.java:124)
	at org.apache.maven.surefire.booter.ForkedBooter.runSuitesInProcess(ForkedBooter.java:428)
	at org.apache.maven.surefire.booter.ForkedBooter.execute(ForkedBooter.java:162)
	at org.apache.maven.surefire.booter.ForkedBooter.run(ForkedBooter.java:562)
	at org.apache.maven.surefire.booter.ForkedBooter.main(ForkedBooter.java:548)

Nov 18, 2022 1:06:03 PM org.apache.ratis.thirdparty.io.grpc.internal.ManagedChannelOrphanWrapper$ManagedChannelReference cleanQueue
SEVERE: *~*~*~ Channel ManagedChannelImpl{logId=1441, target=10.1.0.56:42547} was not shutdown properly!!! ~*~*~*
    Make sure to call shutdown()/shutdownNow() and wait until awaitTermination() returns true.
java.lang.RuntimeException: ManagedChannel allocation site
	at org.apache.ratis.thirdparty.io.grpc.internal.ManagedChannelOrphanWrapper$ManagedChannelReference.<init>(ManagedChannelOrphanWrapper.java:93)
	at org.apache.ratis.thirdparty.io.grpc.internal.ManagedChannelOrphanWrapper.<init>(ManagedChannelOrphanWrapper.java:53)
	at org.apache.ratis.thirdparty.io.grpc.internal.ManagedChannelOrphanWrapper.<init>(ManagedChannelOrphanWrapper.java:44)
	at org.apache.ratis.thirdparty.io.grpc.internal.ManagedChannelImplBuilder.build(ManagedChannelImplBuilder.java:630)
	at org.apache.ratis.thirdparty.io.grpc.internal.AbstractManagedChannelImplBuilder.build(AbstractManagedChannelImplBuilder.java:297)
	at org.apache.hadoop.hdds.scm.XceiverClientGrpc.connectToDatanode(XceiverClientGrpc.java:205)
	at org.apache.hadoop.hdds.scm.XceiverClientGrpc.connect(XceiverClientGrpc.java:158)
	at org.apache.hadoop.hdds.scm.XceiverClientManager$2.call(XceiverClientManager.java:243)
	at org.apache.hadoop.hdds.scm.XceiverClientManager$2.call(XceiverClientManager.java:224)
	at com.google.common.cache.LocalCache$LocalManualCache$1.load(LocalCache.java:4868)
	at com.google.common.cache.LocalCache$LoadingValueReference.loadFuture(LocalCache.java:3533)
	at com.google.common.cache.LocalCache$Segment.loadSync(LocalCache.java:2282)
	at com.google.common.cache.LocalCache$Segment.lockedGetOrLoad(LocalCache.java:2159)
	at com.google.common.cache.LocalCache$Segment.get(LocalCache.java:2049)
	at com.google.common.cache.LocalCache.get(LocalCache.java:3966)
	at com.google.common.cache.LocalCache$LocalManualCache.get(LocalCache.java:4863)
	at org.apache.hadoop.hdds.scm.XceiverClientManager.getClient(XceiverClientManager.java:224)
	at org.apache.hadoop.hdds.scm.XceiverClientManager.acquireClient(XceiverClientManager.java:168)
	at org.apache.hadoop.hdds.scm.XceiverClientManager.acquireClient(XceiverClientManager.java:141)
	at org.apache.hadoop.hdds.scm.storage.BlockOutputStream.<init>(BlockOutputStream.java:161)
	at org.apache.hadoop.hdds.scm.storage.ECBlockOutputStream.<init>(ECBlockOutputStream.java:78)
	at org.apache.hadoop.ozone.client.io.ECBlockOutputStreamEntry.checkStream(ECBlockOutputStreamEntry.java:101)
	at org.apache.hadoop.ozone.client.io.BlockOutputStreamEntry.write(BlockOutputStreamEntry.java:123)
	at org.apache.hadoop.ozone.client.io.ECKeyOutputStream.writeToOutputStream(ECKeyOutputStream.java:408)
	at org.apache.hadoop.ozone.client.io.ECKeyOutputStream.handleOutputStreamWrite(ECKeyOutputStream.java:392)
	at org.apache.hadoop.ozone.client.io.ECKeyOutputStream.close(ECKeyOutputStream.java:490)
	at org.apache.hadoop.ozone.client.io.OzoneOutputStream.close(OzoneOutputStream.java:61)
	at org.apache.hadoop.ozone.TestDataUtil.createKey(TestDataUtil.java:115)
	at org.apache.hadoop.ozone.scm.node.TestDecommissionAndMaintenance.generateData(TestDecommissionAndMaintenance.java:621)
	at org.apache.hadoop.ozone.scm.node.TestDecommissionAndMaintenance.testSingleNodeWithOpenPipelineCanGotoMaintenance(TestDecommissionAndMaintenance.java:313)
	at sun.reflect.NativeMethodAccessorImpl.invoke0(Native Method)
	at sun.reflect.NativeMethodAccessorImpl.invoke(NativeMethodAccessorImpl.java:62)
	at sun.reflect.DelegatingMethodAccessorImpl.invoke(DelegatingMethodAccessorImpl.java:43)
	at java.lang.reflect.Method.invoke(Method.java:498)
	at org.junit.platform.commons.util.ReflectionUtils.invokeMethod(ReflectionUtils.java:725)
	at org.junit.jupiter.engine.execution.MethodInvocation.proceed(MethodInvocation.java:60)
	at org.junit.jupiter.engine.execution.InvocationInterceptorChain$ValidatingInvocation.proceed(InvocationInterceptorChain.java:131)
	at org.junit.jupiter.engine.extension.TimeoutExtension.intercept(TimeoutExtension.java:149)
	at org.junit.jupiter.engine.extension.TimeoutExtension.interceptTestableMethod(TimeoutExtension.java:140)
	at org.junit.jupiter.engine.extension.TimeoutExtension.interceptTestMethod(TimeoutExtension.java:84)
	at org.junit.jupiter.engine.execution.ExecutableInvoker$ReflectiveInterceptorCall.lambda$ofVoidMethod$0(ExecutableInvoker.java:115)
	at org.junit.jupiter.engine.execution.ExecutableInvoker.lambda$invoke$0(ExecutableInvoker.java:105)
	at org.junit.jupiter.engine.execution.InvocationInterceptorChain$InterceptedInvocation.proceed(InvocationInterceptorChain.java:106)
	at org.junit.jupiter.engine.execution.InvocationInterceptorChain.proceed(InvocationInterceptorChain.java:64)
	at org.junit.jupiter.engine.execution.InvocationInterceptorChain.chainAndInvoke(InvocationInterceptorChain.java:45)
	at org.junit.jupiter.engine.execution.InvocationInterceptorChain.invoke(InvocationInterceptorChain.java:37)
	at org.junit.jupiter.engine.execution.ExecutableInvoker.invoke(ExecutableInvoker.java:104)
	at org.junit.jupiter.engine.execution.ExecutableInvoker.invoke(ExecutableInvoker.java:98)
	at org.junit.jupiter.engine.descriptor.TestMethodTestDescriptor.lambda$invokeTestMethod$7(TestMethodTestDescriptor.java:214)
	at org.junit.platform.engine.support.hierarchical.ThrowableCollector.execute(ThrowableCollector.java:73)
	at org.junit.jupiter.engine.descriptor.TestMethodTestDescriptor.invokeTestMethod(TestMethodTestDescriptor.java:210)
	at org.junit.jupiter.engine.descriptor.TestMethodTestDescriptor.execute(TestMethodTestDescriptor.java:135)
	at org.junit.jupiter.engine.descriptor.TestMethodTestDescriptor.execute(TestMethodTestDescriptor.java:66)
	at org.junit.platform.engine.support.hierarchical.NodeTestTask.lambda$executeRecursively$6(NodeTestTask.java:151)
	at org.junit.platform.engine.support.hierarchical.ThrowableCollector.execute(ThrowableCollector.java:73)
	at org.junit.platform.engine.support.hierarchical.NodeTestTask.lambda$executeRecursively$8(NodeTestTask.java:141)
	at org.junit.platform.engine.support.hierarchical.Node.around(Node.java:137)
	at org.junit.platform.engine.support.hierarchical.NodeTestTask.lambda$executeRecursively$9(NodeTestTask.java:139)
	at org.junit.platform.engine.support.hierarchical.ThrowableCollector.execute(ThrowableCollector.java:73)
	at org.junit.platform.engine.support.hierarchical.NodeTestTask.executeRecursively(NodeTestTask.java:138)
	at org.junit.platform.engine.support.hierarchical.NodeTestTask.execute(NodeTestTask.java:95)
	at java.util.ArrayList.forEach(ArrayList.java:1259)
	at org.junit.platform.engine.support.hierarchical.SameThreadHierarchicalTestExecutorService.invokeAll(SameThreadHierarchicalTestExecutorService.java:41)
	at org.junit.platform.engine.support.hierarchical.NodeTestTask.lambda$executeRecursively$6(NodeTestTask.java:155)
	at org.junit.platform.engine.support.hierarchical.ThrowableCollector.execute(ThrowableCollector.java:73)
	at org.junit.platform.engine.support.hierarchical.NodeTestTask.lambda$executeRecursively$8(NodeTestTask.java:141)
	at org.junit.platform.engine.support.hierarchical.Node.around(Node.java:137)
	at org.junit.platform.engine.support.hierarchical.NodeTestTask.lambda$executeRecursively$9(NodeTestTask.java:139)
	at org.junit.platform.engine.support.hierarchical.ThrowableCollector.execute(ThrowableCollector.java:73)
	at org.junit.platform.engine.support.hierarchical.NodeTestTask.executeRecursively(NodeTestTask.java:138)
	at org.junit.platform.engine.support.hierarchical.NodeTestTask.execute(NodeTestTask.java:95)
	at java.util.ArrayList.forEach(ArrayList.java:1259)
	at org.junit.platform.engine.support.hierarchical.SameThreadHierarchicalTestExecutorService.invokeAll(SameThreadHierarchicalTestExecutorService.java:41)
	at org.junit.platform.engine.support.hierarchical.NodeTestTask.lambda$executeRecursively$6(NodeTestTask.java:155)
	at org.junit.platform.engine.support.hierarchical.ThrowableCollector.execute(ThrowableCollector.java:73)
	at org.junit.platform.engine.support.hierarchical.NodeTestTask.lambda$executeRecursively$8(NodeTestTask.java:141)
	at org.junit.platform.engine.support.hierarchical.Node.around(Node.java:137)
	at org.junit.platform.engine.support.hierarchical.NodeTestTask.lambda$executeRecursively$9(NodeTestTask.java:139)
	at org.junit.platform.engine.support.hierarchical.ThrowableCollector.execute(ThrowableCollector.java:73)
	at org.junit.platform.engine.support.hierarchical.NodeTestTask.executeRecursively(NodeTestTask.java:138)
	at org.junit.platform.engine.support.hierarchical.NodeTestTask.execute(NodeTestTask.java:95)
	at org.junit.platform.engine.support.hierarchical.SameThreadHierarchicalTestExecutorService.submit(SameThreadHierarchicalTestExecutorService.java:35)
	at org.junit.platform.engine.support.hierarchical.HierarchicalTestExecutor.execute(HierarchicalTestExecutor.java:57)
	at org.junit.platform.engine.support.hierarchical.HierarchicalTestEngine.execute(HierarchicalTestEngine.java:54)
	at org.junit.platform.launcher.core.EngineExecutionOrchestrator.execute(EngineExecutionOrchestrator.java:107)
	at org.junit.platform.launcher.core.EngineExecutionOrchestrator.execute(EngineExecutionOrchestrator.java:88)
	at org.junit.platform.launcher.core.EngineExecutionOrchestrator.lambda$execute$0(EngineExecutionOrchestrator.java:54)
	at org.junit.platform.launcher.core.EngineExecutionOrchestrator.withInterceptedStreams(EngineExecutionOrchestrator.java:67)
	at org.junit.platform.launcher.core.EngineExecutionOrchestrator.execute(EngineExecutionOrchestrator.java:52)
	at org.junit.platform.launcher.core.DefaultLauncher.execute(DefaultLauncher.java:114)
	at org.junit.platform.launcher.core.DefaultLauncher.execute(DefaultLauncher.java:86)
	at org.junit.platform.launcher.core.DefaultLauncherSession$DelegatingLauncher.execute(DefaultLauncherSession.java:86)
	at org.junit.platform.launcher.core.SessionPerRequestLauncher.execute(SessionPerRequestLauncher.java:53)
	at org.apache.maven.surefire.junitplatform.JUnitPlatformProvider.execute(JUnitPlatformProvider.java:188)
	at org.apache.maven.surefire.junitplatform.JUnitPlatformProvider.invokeAllTests(JUnitPlatformProvider.java:154)
	at org.apache.maven.surefire.junitplatform.JUnitPlatformProvider.invoke(JUnitPlatformProvider.java:124)
	at org.apache.maven.surefire.booter.ForkedBooter.runSuitesInProcess(ForkedBooter.java:428)
	at org.apache.maven.surefire.booter.ForkedBooter.execute(ForkedBooter.java:162)
	at org.apache.maven.surefire.booter.ForkedBooter.run(ForkedBooter.java:562)
	at org.apache.maven.surefire.booter.ForkedBooter.main(ForkedBooter.java:548)

Nov 18, 2022 1:06:03 PM org.apache.ratis.thirdparty.io.grpc.internal.ManagedChannelOrphanWrapper$ManagedChannelReference cleanQueue
SEVERE: *~*~*~ Channel ManagedChannelImpl{logId=1466, target=10.1.0.56:45879} was not shutdown properly!!! ~*~*~*
    Make sure to call shutdown()/shutdownNow() and wait until awaitTermination() returns true.
java.lang.RuntimeException: ManagedChannel allocation site
	at org.apache.ratis.thirdparty.io.grpc.internal.ManagedChannelOrphanWrapper$ManagedChannelReference.<init>(ManagedChannelOrphanWrapper.java:93)
	at org.apache.ratis.thirdparty.io.grpc.internal.ManagedChannelOrphanWrapper.<init>(ManagedChannelOrphanWrapper.java:53)
	at org.apache.ratis.thirdparty.io.grpc.internal.ManagedChannelOrphanWrapper.<init>(ManagedChannelOrphanWrapper.java:44)
	at org.apache.ratis.thirdparty.io.grpc.internal.ManagedChannelImplBuilder.build(ManagedChannelImplBuilder.java:630)
	at org.apache.ratis.thirdparty.io.grpc.internal.AbstractManagedChannelImplBuilder.build(AbstractManagedChannelImplBuilder.java:297)
	at org.apache.hadoop.hdds.scm.XceiverClientGrpc.connectToDatanode(XceiverClientGrpc.java:205)
	at org.apache.hadoop.hdds.scm.XceiverClientGrpc.connect(XceiverClientGrpc.java:158)
	at org.apache.hadoop.hdds.scm.XceiverClientManager$2.call(XceiverClientManager.java:243)
	at org.apache.hadoop.hdds.scm.XceiverClientManager$2.call(XceiverClientManager.java:224)
	at com.google.common.cache.LocalCache$LocalManualCache$1.load(LocalCache.java:4868)
	at com.google.common.cache.LocalCache$LoadingValueReference.loadFuture(LocalCache.java:3533)
	at com.google.common.cache.LocalCache$Segment.loadSync(LocalCache.java:2282)
	at com.google.common.cache.LocalCache$Segment.lockedGetOrLoad(LocalCache.java:2159)
	at com.google.common.cache.LocalCache$Segment.get(LocalCache.java:2049)
	at com.google.common.cache.LocalCache.get(LocalCache.java:3966)
	at com.google.common.cache.LocalCache$LocalManualCache.get(LocalCache.java:4863)
	at org.apache.hadoop.hdds.scm.XceiverClientManager.getClient(XceiverClientManager.java:224)
	at org.apache.hadoop.hdds.scm.XceiverClientManager.acquireClient(XceiverClientManager.java:168)
	at org.apache.hadoop.hdds.scm.XceiverClientManager.acquireClient(XceiverClientManager.java:141)
	at org.apache.hadoop.hdds.scm.storage.BlockOutputStream.<init>(BlockOutputStream.java:161)
	at org.apache.hadoop.hdds.scm.storage.ECBlockOutputStream.<init>(ECBlockOutputStream.java:78)
	at org.apache.hadoop.ozone.client.io.ECBlockOutputStreamEntry.checkStream(ECBlockOutputStreamEntry.java:101)
	at org.apache.hadoop.ozone.client.io.BlockOutputStreamEntry.write(BlockOutputStreamEntry.java:123)
	at org.apache.hadoop.ozone.client.io.ECKeyOutputStream.writeToOutputStream(ECKeyOutputStream.java:408)
	at org.apache.hadoop.ozone.client.io.ECKeyOutputStream.handleOutputStreamWrite(ECKeyOutputStream.java:392)
	at org.apache.hadoop.ozone.client.io.ECKeyOutputStream.close(ECKeyOutputStream.java:490)
	at org.apache.hadoop.ozone.client.io.OzoneOutputStream.close(OzoneOutputStream.java:61)
	at org.apache.hadoop.ozone.TestDataUtil.createKey(TestDataUtil.java:115)
	at org.apache.hadoop.ozone.scm.node.TestDecommissionAndMaintenance.generateData(TestDecommissionAndMaintenance.java:621)
	at org.apache.hadoop.ozone.scm.node.TestDecommissionAndMaintenance.testSingleNodeWithOpenPipelineCanGotoMaintenance(TestDecommissionAndMaintenance.java:313)
	at sun.reflect.NativeMethodAccessorImpl.invoke0(Native Method)
	at sun.reflect.NativeMethodAccessorImpl.invoke(NativeMethodAccessorImpl.java:62)
	at sun.reflect.DelegatingMethodAccessorImpl.invoke(DelegatingMethodAccessorImpl.java:43)
	at java.lang.reflect.Method.invoke(Method.java:498)
	at org.junit.platform.commons.util.ReflectionUtils.invokeMethod(ReflectionUtils.java:725)
	at org.junit.jupiter.engine.execution.MethodInvocation.proceed(MethodInvocation.java:60)
	at org.junit.jupiter.engine.execution.InvocationInterceptorChain$ValidatingInvocation.proceed(InvocationInterceptorChain.java:131)
	at org.junit.jupiter.engine.extension.TimeoutExtension.intercept(TimeoutExtension.java:149)
	at org.junit.jupiter.engine.extension.TimeoutExtension.interceptTestableMethod(TimeoutExtension.java:140)
	at org.junit.jupiter.engine.extension.TimeoutExtension.interceptTestMethod(TimeoutExtension.java:84)
	at org.junit.jupiter.engine.execution.ExecutableInvoker$ReflectiveInterceptorCall.lambda$ofVoidMethod$0(ExecutableInvoker.java:115)
	at org.junit.jupiter.engine.execution.ExecutableInvoker.lambda$invoke$0(ExecutableInvoker.java:105)
	at org.junit.jupiter.engine.execution.InvocationInterceptorChain$InterceptedInvocation.proceed(InvocationInterceptorChain.java:106)
	at org.junit.jupiter.engine.execution.InvocationInterceptorChain.proceed(InvocationInterceptorChain.java:64)
	at org.junit.jupiter.engine.execution.InvocationInterceptorChain.chainAndInvoke(InvocationInterceptorChain.java:45)
	at org.junit.jupiter.engine.execution.InvocationInterceptorChain.invoke(InvocationInterceptorChain.java:37)
	at org.junit.jupiter.engine.execution.ExecutableInvoker.invoke(ExecutableInvoker.java:104)
	at org.junit.jupiter.engine.execution.ExecutableInvoker.invoke(ExecutableInvoker.java:98)
	at org.junit.jupiter.engine.descriptor.TestMethodTestDescriptor.lambda$invokeTestMethod$7(TestMethodTestDescriptor.java:214)
	at org.junit.platform.engine.support.hierarchical.ThrowableCollector.execute(ThrowableCollector.java:73)
	at org.junit.jupiter.engine.descriptor.TestMethodTestDescriptor.invokeTestMethod(TestMethodTestDescriptor.java:210)
	at org.junit.jupiter.engine.descriptor.TestMethodTestDescriptor.execute(TestMethodTestDescriptor.java:135)
	at org.junit.jupiter.engine.descriptor.TestMethodTestDescriptor.execute(TestMethodTestDescriptor.java:66)
	at org.junit.platform.engine.support.hierarchical.NodeTestTask.lambda$executeRecursively$6(NodeTestTask.java:151)
	at org.junit.platform.engine.support.hierarchical.ThrowableCollector.execute(ThrowableCollector.java:73)
	at org.junit.platform.engine.support.hierarchical.NodeTestTask.lambda$executeRecursively$8(NodeTestTask.java:141)
	at org.junit.platform.engine.support.hierarchical.Node.around(Node.java:137)
	at org.junit.platform.engine.support.hierarchical.NodeTestTask.lambda$executeRecursively$9(NodeTestTask.java:139)
	at org.junit.platform.engine.support.hierarchical.ThrowableCollector.execute(ThrowableCollector.java:73)
	at org.junit.platform.engine.support.hierarchical.NodeTestTask.executeRecursively(NodeTestTask.java:138)
	at org.junit.platform.engine.support.hierarchical.NodeTestTask.execute(NodeTestTask.java:95)
	at java.util.ArrayList.forEach(ArrayList.java:1259)
	at org.junit.platform.engine.support.hierarchical.SameThreadHierarchicalTestExecutorService.invokeAll(SameThreadHierarchicalTestExecutorService.java:41)
	at org.junit.platform.engine.support.hierarchical.NodeTestTask.lambda$executeRecursively$6(NodeTestTask.java:155)
	at org.junit.platform.engine.support.hierarchical.ThrowableCollector.execute(ThrowableCollector.java:73)
	at org.junit.platform.engine.support.hierarchical.NodeTestTask.lambda$executeRecursively$8(NodeTestTask.java:141)
	at org.junit.platform.engine.support.hierarchical.Node.around(Node.java:137)
	at org.junit.platform.engine.support.hierarchical.NodeTestTask.lambda$executeRecursively$9(NodeTestTask.java:139)
	at org.junit.platform.engine.support.hierarchical.ThrowableCollector.execute(ThrowableCollector.java:73)
	at org.junit.platform.engine.support.hierarchical.NodeTestTask.executeRecursively(NodeTestTask.java:138)
	at org.junit.platform.engine.support.hierarchical.NodeTestTask.execute(NodeTestTask.java:95)
	at java.util.ArrayList.forEach(ArrayList.java:1259)
	at org.junit.platform.engine.support.hierarchical.SameThreadHierarchicalTestExecutorService.invokeAll(SameThreadHierarchicalTestExecutorService.java:41)
	at org.junit.platform.engine.support.hierarchical.NodeTestTask.lambda$executeRecursively$6(NodeTestTask.java:155)
	at org.junit.platform.engine.support.hierarchical.ThrowableCollector.execute(ThrowableCollector.java:73)
	at org.junit.platform.engine.support.hierarchical.NodeTestTask.lambda$executeRecursively$8(NodeTestTask.java:141)
	at org.junit.platform.engine.support.hierarchical.Node.around(Node.java:137)
	at org.junit.platform.engine.support.hierarchical.NodeTestTask.lambda$executeRecursively$9(NodeTestTask.java:139)
	at org.junit.platform.engine.support.hierarchical.ThrowableCollector.execute(ThrowableCollector.java:73)
	at org.junit.platform.engine.support.hierarchical.NodeTestTask.executeRecursively(NodeTestTask.java:138)
	at org.junit.platform.engine.support.hierarchical.NodeTestTask.execute(NodeTestTask.java:95)
	at org.junit.platform.engine.support.hierarchical.SameThreadHierarchicalTestExecutorService.submit(SameThreadHierarchicalTestExecutorService.java:35)
	at org.junit.platform.engine.support.hierarchical.HierarchicalTestExecutor.execute(HierarchicalTestExecutor.java:57)
	at org.junit.platform.engine.support.hierarchical.HierarchicalTestEngine.execute(HierarchicalTestEngine.java:54)
	at org.junit.platform.launcher.core.EngineExecutionOrchestrator.execute(EngineExecutionOrchestrator.java:107)
	at org.junit.platform.launcher.core.EngineExecutionOrchestrator.execute(EngineExecutionOrchestrator.java:88)
	at org.junit.platform.launcher.core.EngineExecutionOrchestrator.lambda$execute$0(EngineExecutionOrchestrator.java:54)
	at org.junit.platform.launcher.core.EngineExecutionOrchestrator.withInterceptedStreams(EngineExecutionOrchestrator.java:67)
	at org.junit.platform.launcher.core.EngineExecutionOrchestrator.execute(EngineExecutionOrchestrator.java:52)
	at org.junit.platform.launcher.core.DefaultLauncher.execute(DefaultLauncher.java:114)
	at org.junit.platform.launcher.core.DefaultLauncher.execute(DefaultLauncher.java:86)
	at org.junit.platform.launcher.core.DefaultLauncherSession$DelegatingLauncher.execute(DefaultLauncherSession.java:86)
	at org.junit.platform.launcher.core.SessionPerRequestLauncher.execute(SessionPerRequestLauncher.java:53)
	at org.apache.maven.surefire.junitplatform.JUnitPlatformProvider.execute(JUnitPlatformProvider.java:188)
	at org.apache.maven.surefire.junitplatform.JUnitPlatformProvider.invokeAllTests(JUnitPlatformProvider.java:154)
	at org.apache.maven.surefire.junitplatform.JUnitPlatformProvider.invoke(JUnitPlatformProvider.java:124)
	at org.apache.maven.surefire.booter.ForkedBooter.runSuitesInProcess(ForkedBooter.java:428)
	at org.apache.maven.surefire.booter.ForkedBooter.execute(ForkedBooter.java:162)
	at org.apache.maven.surefire.booter.ForkedBooter.run(ForkedBooter.java:562)
	at org.apache.maven.surefire.booter.ForkedBooter.main(ForkedBooter.java:548)

Nov 18, 2022 1:06:03 PM org.apache.ratis.thirdparty.io.grpc.internal.ManagedChannelOrphanWrapper$ManagedChannelReference cleanQueue
SEVERE: *~*~*~ Channel ManagedChannelImpl{logId=1525, target=10.1.0.56:33695} was not shutdown properly!!! ~*~*~*
    Make sure to call shutdown()/shutdownNow() and wait until awaitTermination() returns true.
java.lang.RuntimeException: ManagedChannel allocation site
	at org.apache.ratis.thirdparty.io.grpc.internal.ManagedChannelOrphanWrapper$ManagedChannelReference.<init>(ManagedChannelOrphanWrapper.java:93)
	at org.apache.ratis.thirdparty.io.grpc.internal.ManagedChannelOrphanWrapper.<init>(ManagedChannelOrphanWrapper.java:53)
	at org.apache.ratis.thirdparty.io.grpc.internal.ManagedChannelOrphanWrapper.<init>(ManagedChannelOrphanWrapper.java:44)
	at org.apache.ratis.thirdparty.io.grpc.internal.ManagedChannelImplBuilder.build(ManagedChannelImplBuilder.java:630)
	at org.apache.ratis.thirdparty.io.grpc.internal.AbstractManagedChannelImplBuilder.build(AbstractManagedChannelImplBuilder.java:297)
	at org.apache.hadoop.hdds.scm.XceiverClientGrpc.connectToDatanode(XceiverClientGrpc.java:205)
	at org.apache.hadoop.hdds.scm.XceiverClientGrpc.connect(XceiverClientGrpc.java:158)
	at org.apache.hadoop.hdds.scm.XceiverClientManager$2.call(XceiverClientManager.java:243)
	at org.apache.hadoop.hdds.scm.XceiverClientManager$2.call(XceiverClientManager.java:224)
	at com.google.common.cache.LocalCache$LocalManualCache$1.load(LocalCache.java:4868)
	at com.google.common.cache.LocalCache$LoadingValueReference.loadFuture(LocalCache.java:3533)
	at com.google.common.cache.LocalCache$Segment.loadSync(LocalCache.java:2282)
	at com.google.common.cache.LocalCache$Segment.lockedGetOrLoad(LocalCache.java:2159)
	at com.google.common.cache.LocalCache$Segment.get(LocalCache.java:2049)
	at com.google.common.cache.LocalCache.get(LocalCache.java:3966)
	at com.google.common.cache.LocalCache$LocalManualCache.get(LocalCache.java:4863)
	at org.apache.hadoop.hdds.scm.XceiverClientManager.getClient(XceiverClientManager.java:224)
	at org.apache.hadoop.hdds.scm.XceiverClientManager.acquireClient(XceiverClientManager.java:168)
	at org.apache.hadoop.hdds.scm.XceiverClientManager.acquireClient(XceiverClientManager.java:141)
	at org.apache.hadoop.hdds.scm.storage.BlockOutputStream.<init>(BlockOutputStream.java:161)
	at org.apache.hadoop.hdds.scm.storage.ECBlockOutputStream.<init>(ECBlockOutputStream.java:78)
	at org.apache.hadoop.ozone.client.io.ECBlockOutputStreamEntry.checkStream(ECBlockOutputStreamEntry.java:101)
	at org.apache.hadoop.ozone.client.io.BlockOutputStreamEntry.write(BlockOutputStreamEntry.java:123)
	at org.apache.hadoop.ozone.client.io.ECKeyOutputStream.writeToOutputStream(ECKeyOutputStream.java:408)
	at org.apache.hadoop.ozone.client.io.ECKeyOutputStream.handleOutputStreamWrite(ECKeyOutputStream.java:392)
	at org.apache.hadoop.ozone.client.io.ECKeyOutputStream.close(ECKeyOutputStream.java:490)
	at org.apache.hadoop.ozone.client.io.OzoneOutputStream.close(OzoneOutputStream.java:61)
	at org.apache.hadoop.ozone.TestDataUtil.createKey(TestDataUtil.java:115)
	at org.apache.hadoop.ozone.scm.node.TestDecommissionAndMaintenance.generateData(TestDecommissionAndMaintenance.java:621)
	at org.apache.hadoop.ozone.scm.node.TestDecommissionAndMaintenance.testSingleNodeWithOpenPipelineCanGotoMaintenance(TestDecommissionAndMaintenance.java:313)
	at sun.reflect.NativeMethodAccessorImpl.invoke0(Native Method)
	at sun.reflect.NativeMethodAccessorImpl.invoke(NativeMethodAccessorImpl.java:62)
	at sun.reflect.DelegatingMethodAccessorImpl.invoke(DelegatingMethodAccessorImpl.java:43)
	at java.lang.reflect.Method.invoke(Method.java:498)
	at org.junit.platform.commons.util.ReflectionUtils.invokeMethod(ReflectionUtils.java:725)
	at org.junit.jupiter.engine.execution.MethodInvocation.proceed(MethodInvocation.java:60)
	at org.junit.jupiter.engine.execution.InvocationInterceptorChain$ValidatingInvocation.proceed(InvocationInterceptorChain.java:131)
	at org.junit.jupiter.engine.extension.TimeoutExtension.intercept(TimeoutExtension.java:149)
	at org.junit.jupiter.engine.extension.TimeoutExtension.interceptTestableMethod(TimeoutExtension.java:140)
	at org.junit.jupiter.engine.extension.TimeoutExtension.interceptTestMethod(TimeoutExtension.java:84)
	at org.junit.jupiter.engine.execution.ExecutableInvoker$ReflectiveInterceptorCall.lambda$ofVoidMethod$0(ExecutableInvoker.java:115)
	at org.junit.jupiter.engine.execution.ExecutableInvoker.lambda$invoke$0(ExecutableInvoker.java:105)
	at org.junit.jupiter.engine.execution.InvocationInterceptorChain$InterceptedInvocation.proceed(InvocationInterceptorChain.java:106)
	at org.junit.jupiter.engine.execution.InvocationInterceptorChain.proceed(InvocationInterceptorChain.java:64)
	at org.junit.jupiter.engine.execution.InvocationInterceptorChain.chainAndInvoke(InvocationInterceptorChain.java:45)
	at org.junit.jupiter.engine.execution.InvocationInterceptorChain.invoke(InvocationInterceptorChain.java:37)
	at org.junit.jupiter.engine.execution.ExecutableInvoker.invoke(ExecutableInvoker.java:104)
	at org.junit.jupiter.engine.execution.ExecutableInvoker.invoke(ExecutableInvoker.java:98)
	at org.junit.jupiter.engine.descriptor.TestMethodTestDescriptor.lambda$invokeTestMethod$7(TestMethodTestDescriptor.java:214)
	at org.junit.platform.engine.support.hierarchical.ThrowableCollector.execute(ThrowableCollector.java:73)
	at org.junit.jupiter.engine.descriptor.TestMethodTestDescriptor.invokeTestMethod(TestMethodTestDescriptor.java:210)
	at org.junit.jupiter.engine.descriptor.TestMethodTestDescriptor.execute(TestMethodTestDescriptor.java:135)
	at org.junit.jupiter.engine.descriptor.TestMethodTestDescriptor.execute(TestMethodTestDescriptor.java:66)
	at org.junit.platform.engine.support.hierarchical.NodeTestTask.lambda$executeRecursively$6(NodeTestTask.java:151)
	at org.junit.platform.engine.support.hierarchical.ThrowableCollector.execute(ThrowableCollector.java:73)
	at org.junit.platform.engine.support.hierarchical.NodeTestTask.lambda$executeRecursively$8(NodeTestTask.java:141)
	at org.junit.platform.engine.support.hierarchical.Node.around(Node.java:137)
	at org.junit.platform.engine.support.hierarchical.NodeTestTask.lambda$executeRecursively$9(NodeTestTask.java:139)
	at org.junit.platform.engine.support.hierarchical.ThrowableCollector.execute(ThrowableCollector.java:73)
	at org.junit.platform.engine.support.hierarchical.NodeTestTask.executeRecursively(NodeTestTask.java:138)
	at org.junit.platform.engine.support.hierarchical.NodeTestTask.execute(NodeTestTask.java:95)
	at java.util.ArrayList.forEach(ArrayList.java:1259)
	at org.junit.platform.engine.support.hierarchical.SameThreadHierarchicalTestExecutorService.invokeAll(SameThreadHierarchicalTestExecutorService.java:41)
	at org.junit.platform.engine.support.hierarchical.NodeTestTask.lambda$executeRecursively$6(NodeTestTask.java:155)
	at org.junit.platform.engine.support.hierarchical.ThrowableCollector.execute(ThrowableCollector.java:73)
	at org.junit.platform.engine.support.hierarchical.NodeTestTask.lambda$executeRecursively$8(NodeTestTask.java:141)
	at org.junit.platform.engine.support.hierarchical.Node.around(Node.java:137)
	at org.junit.platform.engine.support.hierarchical.NodeTestTask.lambda$executeRecursively$9(NodeTestTask.java:139)
	at org.junit.platform.engine.support.hierarchical.ThrowableCollector.execute(ThrowableCollector.java:73)
	at org.junit.platform.engine.support.hierarchical.NodeTestTask.executeRecursively(NodeTestTask.java:138)
	at org.junit.platform.engine.support.hierarchical.NodeTestTask.execute(NodeTestTask.java:95)
	at java.util.ArrayList.forEach(ArrayList.java:1259)
	at org.junit.platform.engine.support.hierarchical.SameThreadHierarchicalTestExecutorService.invokeAll(SameThreadHierarchicalTestExecutorService.java:41)
	at org.junit.platform.engine.support.hierarchical.NodeTestTask.lambda$executeRecursively$6(NodeTestTask.java:155)
	at org.junit.platform.engine.support.hierarchical.ThrowableCollector.execute(ThrowableCollector.java:73)
	at org.junit.platform.engine.support.hierarchical.NodeTestTask.lambda$executeRecursively$8(NodeTestTask.java:141)
	at org.junit.platform.engine.support.hierarchical.Node.around(Node.java:137)
	at org.junit.platform.engine.support.hierarchical.NodeTestTask.lambda$executeRecursively$9(NodeTestTask.java:139)
	at org.junit.platform.engine.support.hierarchical.ThrowableCollector.execute(ThrowableCollector.java:73)
	at org.junit.platform.engine.support.hierarchical.NodeTestTask.executeRecursively(NodeTestTask.java:138)
	at org.junit.platform.engine.support.hierarchical.NodeTestTask.execute(NodeTestTask.java:95)
	at org.junit.platform.engine.support.hierarchical.SameThreadHierarchicalTestExecutorService.submit(SameThreadHierarchicalTestExecutorService.java:35)
	at org.junit.platform.engine.support.hierarchical.HierarchicalTestExecutor.execute(HierarchicalTestExecutor.java:57)
	at org.junit.platform.engine.support.hierarchical.HierarchicalTestEngine.execute(HierarchicalTestEngine.java:54)
	at org.junit.platform.launcher.core.EngineExecutionOrchestrator.execute(EngineExecutionOrchestrator.java:107)
	at org.junit.platform.launcher.core.EngineExecutionOrchestrator.execute(EngineExecutionOrchestrator.java:88)
	at org.junit.platform.launcher.core.EngineExecutionOrchestrator.lambda$execute$0(EngineExecutionOrchestrator.java:54)
	at org.junit.platform.launcher.core.EngineExecutionOrchestrator.withInterceptedStreams(EngineExecutionOrchestrator.java:67)
	at org.junit.platform.launcher.core.EngineExecutionOrchestrator.execute(EngineExecutionOrchestrator.java:52)
	at org.junit.platform.launcher.core.DefaultLauncher.execute(DefaultLauncher.java:114)
	at org.junit.platform.launcher.core.DefaultLauncher.execute(DefaultLauncher.java:86)
	at org.junit.platform.launcher.core.DefaultLauncherSession$DelegatingLauncher.execute(DefaultLauncherSession.java:86)
	at org.junit.platform.launcher.core.SessionPerRequestLauncher.execute(SessionPerRequestLauncher.java:53)
	at org.apache.maven.surefire.junitplatform.JUnitPlatformProvider.execute(JUnitPlatformProvider.java:188)
	at org.apache.maven.surefire.junitplatform.JUnitPlatformProvider.invokeAllTests(JUnitPlatformProvider.java:154)
	at org.apache.maven.surefire.junitplatform.JUnitPlatformProvider.invoke(JUnitPlatformProvider.java:124)
	at org.apache.maven.surefire.booter.ForkedBooter.runSuitesInProcess(ForkedBooter.java:428)
	at org.apache.maven.surefire.booter.ForkedBooter.execute(ForkedBooter.java:162)
	at org.apache.maven.surefire.booter.ForkedBooter.run(ForkedBooter.java:562)
	at org.apache.maven.surefire.booter.ForkedBooter.main(ForkedBooter.java:548)

Nov 18, 2022 1:06:03 PM org.apache.ratis.thirdparty.io.grpc.internal.ManagedChannelOrphanWrapper$ManagedChannelReference cleanQueue
SEVERE: *~*~*~ Channel ManagedChannelImpl{logId=1474, target=10.1.0.56:38791} was not shutdown properly!!! ~*~*~*
    Make sure to call shutdown()/shutdownNow() and wait until awaitTermination() returns true.
java.lang.RuntimeException: ManagedChannel allocation site
	at org.apache.ratis.thirdparty.io.grpc.internal.ManagedChannelOrphanWrapper$ManagedChannelReference.<init>(ManagedChannelOrphanWrapper.java:93)
	at org.apache.ratis.thirdparty.io.grpc.internal.ManagedChannelOrphanWrapper.<init>(ManagedChannelOrphanWrapper.java:53)
	at org.apache.ratis.thirdparty.io.grpc.internal.ManagedChannelOrphanWrapper.<init>(ManagedChannelOrphanWrapper.java:44)
	at org.apache.ratis.thirdparty.io.grpc.internal.ManagedChannelImplBuilder.build(ManagedChannelImplBuilder.java:630)
	at org.apache.ratis.thirdparty.io.grpc.internal.AbstractManagedChannelImplBuilder.build(AbstractManagedChannelImplBuilder.java:297)
	at org.apache.hadoop.hdds.scm.XceiverClientGrpc.connectToDatanode(XceiverClientGrpc.java:205)
	at org.apache.hadoop.hdds.scm.XceiverClientGrpc.connect(XceiverClientGrpc.java:158)
	at org.apache.hadoop.hdds.scm.XceiverClientManager$2.call(XceiverClientManager.java:243)
	at org.apache.hadoop.hdds.scm.XceiverClientManager$2.call(XceiverClientManager.java:224)
	at com.google.common.cache.LocalCache$LocalManualCache$1.load(LocalCache.java:4868)
	at com.google.common.cache.LocalCache$LoadingValueReference.loadFuture(LocalCache.java:3533)
	at com.google.common.cache.LocalCache$Segment.loadSync(LocalCache.java:2282)
	at com.google.common.cache.LocalCache$Segment.lockedGetOrLoad(LocalCache.java:2159)
	at com.google.common.cache.LocalCache$Segment.get(LocalCache.java:2049)
	at com.google.common.cache.LocalCache.get(LocalCache.java:3966)
	at com.google.common.cache.LocalCache$LocalManualCache.get(LocalCache.java:4863)
	at org.apache.hadoop.hdds.scm.XceiverClientManager.getClient(XceiverClientManager.java:224)
	at org.apache.hadoop.hdds.scm.XceiverClientManager.acquireClient(XceiverClientManager.java:168)
	at org.apache.hadoop.hdds.scm.XceiverClientManager.acquireClient(XceiverClientManager.java:141)
	at org.apache.hadoop.hdds.scm.storage.BlockOutputStream.<init>(BlockOutputStream.java:161)
	at org.apache.hadoop.hdds.scm.storage.ECBlockOutputStream.<init>(ECBlockOutputStream.java:78)
	at org.apache.hadoop.ozone.client.io.ECBlockOutputStreamEntry.checkStream(ECBlockOutputStreamEntry.java:101)
	at org.apache.hadoop.ozone.client.io.BlockOutputStreamEntry.write(BlockOutputStreamEntry.java:123)
	at org.apache.hadoop.ozone.client.io.ECKeyOutputStream.writeToOutputStream(ECKeyOutputStream.java:408)
	at org.apache.hadoop.ozone.client.io.ECKeyOutputStream.handleOutputStreamWrite(ECKeyOutputStream.java:392)
	at org.apache.hadoop.ozone.client.io.ECKeyOutputStream.close(ECKeyOutputStream.java:490)
	at org.apache.hadoop.ozone.client.io.OzoneOutputStream.close(OzoneOutputStream.java:61)
	at org.apache.hadoop.ozone.TestDataUtil.createKey(TestDataUtil.java:115)
	at org.apache.hadoop.ozone.scm.node.TestDecommissionAndMaintenance.generateData(TestDecommissionAndMaintenance.java:621)
	at org.apache.hadoop.ozone.scm.node.TestDecommissionAndMaintenance.testSingleNodeWithOpenPipelineCanGotoMaintenance(TestDecommissionAndMaintenance.java:313)
	at sun.reflect.NativeMethodAccessorImpl.invoke0(Native Method)
	at sun.reflect.NativeMethodAccessorImpl.invoke(NativeMethodAccessorImpl.java:62)
	at sun.reflect.DelegatingMethodAccessorImpl.invoke(DelegatingMethodAccessorImpl.java:43)
	at java.lang.reflect.Method.invoke(Method.java:498)
	at org.junit.platform.commons.util.ReflectionUtils.invokeMethod(ReflectionUtils.java:725)
	at org.junit.jupiter.engine.execution.MethodInvocation.proceed(MethodInvocation.java:60)
	at org.junit.jupiter.engine.execution.InvocationInterceptorChain$ValidatingInvocation.proceed(InvocationInterceptorChain.java:131)
	at org.junit.jupiter.engine.extension.TimeoutExtension.intercept(TimeoutExtension.java:149)
	at org.junit.jupiter.engine.extension.TimeoutExtension.interceptTestableMethod(TimeoutExtension.java:140)
	at org.junit.jupiter.engine.extension.TimeoutExtension.interceptTestMethod(TimeoutExtension.java:84)
	at org.junit.jupiter.engine.execution.ExecutableInvoker$ReflectiveInterceptorCall.lambda$ofVoidMethod$0(ExecutableInvoker.java:115)
	at org.junit.jupiter.engine.execution.ExecutableInvoker.lambda$invoke$0(ExecutableInvoker.java:105)
	at org.junit.jupiter.engine.execution.InvocationInterceptorChain$InterceptedInvocation.proceed(InvocationInterceptorChain.java:106)
	at org.junit.jupiter.engine.execution.InvocationInterceptorChain.proceed(InvocationInterceptorChain.java:64)
	at org.junit.jupiter.engine.execution.InvocationInterceptorChain.chainAndInvoke(InvocationInterceptorChain.java:45)
	at org.junit.jupiter.engine.execution.InvocationInterceptorChain.invoke(InvocationInterceptorChain.java:37)
	at org.junit.jupiter.engine.execution.ExecutableInvoker.invoke(ExecutableInvoker.java:104)
	at org.junit.jupiter.engine.execution.ExecutableInvoker.invoke(ExecutableInvoker.java:98)
	at org.junit.jupiter.engine.descriptor.TestMethodTestDescriptor.lambda$invokeTestMethod$7(TestMethodTestDescriptor.java:214)
	at org.junit.platform.engine.support.hierarchical.ThrowableCollector.execute(ThrowableCollector.java:73)
	at org.junit.jupiter.engine.descriptor.TestMethodTestDescriptor.invokeTestMethod(TestMethodTestDescriptor.java:210)
	at org.junit.jupiter.engine.descriptor.TestMethodTestDescriptor.execute(TestMethodTestDescriptor.java:135)
	at org.junit.jupiter.engine.descriptor.TestMethodTestDescriptor.execute(TestMethodTestDescriptor.java:66)
	at org.junit.platform.engine.support.hierarchical.NodeTestTask.lambda$executeRecursively$6(NodeTestTask.java:151)
	at org.junit.platform.engine.support.hierarchical.ThrowableCollector.execute(ThrowableCollector.java:73)
	at org.junit.platform.engine.support.hierarchical.NodeTestTask.lambda$executeRecursively$8(NodeTestTask.java:141)
	at org.junit.platform.engine.support.hierarchical.Node.around(Node.java:137)
	at org.junit.platform.engine.support.hierarchical.NodeTestTask.lambda$executeRecursively$9(NodeTestTask.java:139)
	at org.junit.platform.engine.support.hierarchical.ThrowableCollector.execute(ThrowableCollector.java:73)
	at org.junit.platform.engine.support.hierarchical.NodeTestTask.executeRecursively(NodeTestTask.java:138)
	at org.junit.platform.engine.support.hierarchical.NodeTestTask.execute(NodeTestTask.java:95)
	at java.util.ArrayList.forEach(ArrayList.java:1259)
	at org.junit.platform.engine.support.hierarchical.SameThreadHierarchicalTestExecutorService.invokeAll(SameThreadHierarchicalTestExecutorService.java:41)
	at org.junit.platform.engine.support.hierarchical.NodeTestTask.lambda$executeRecursively$6(NodeTestTask.java:155)
	at org.junit.platform.engine.support.hierarchical.ThrowableCollector.execute(ThrowableCollector.java:73)
	at org.junit.platform.engine.support.hierarchical.NodeTestTask.lambda$executeRecursively$8(NodeTestTask.java:141)
	at org.junit.platform.engine.support.hierarchical.Node.around(Node.java:137)
	at org.junit.platform.engine.support.hierarchical.NodeTestTask.lambda$executeRecursively$9(NodeTestTask.java:139)
	at org.junit.platform.engine.support.hierarchical.ThrowableCollector.execute(ThrowableCollector.java:73)
	at org.junit.platform.engine.support.hierarchical.NodeTestTask.executeRecursively(NodeTestTask.java:138)
	at org.junit.platform.engine.support.hierarchical.NodeTestTask.execute(NodeTestTask.java:95)
	at java.util.ArrayList.forEach(ArrayList.java:1259)
	at org.junit.platform.engine.support.hierarchical.SameThreadHierarchicalTestExecutorService.invokeAll(SameThreadHierarchicalTestExecutorService.java:41)
	at org.junit.platform.engine.support.hierarchical.NodeTestTask.lambda$executeRecursively$6(NodeTestTask.java:155)
	at org.junit.platform.engine.support.hierarchical.ThrowableCollector.execute(ThrowableCollector.java:73)
	at org.junit.platform.engine.support.hierarchical.NodeTestTask.lambda$executeRecursively$8(NodeTestTask.java:141)
	at org.junit.platform.engine.support.hierarchical.Node.around(Node.java:137)
	at org.junit.platform.engine.support.hierarchical.NodeTestTask.lambda$executeRecursively$9(NodeTestTask.java:139)
	at org.junit.platform.engine.support.hierarchical.ThrowableCollector.execute(ThrowableCollector.java:73)
	at org.junit.platform.engine.support.hierarchical.NodeTestTask.executeRecursively(NodeTestTask.java:138)
	at org.junit.platform.engine.support.hierarchical.NodeTestTask.execute(NodeTestTask.java:95)
	at org.junit.platform.engine.support.hierarchical.SameThreadHierarchicalTestExecutorService.submit(SameThreadHierarchicalTestExecutorService.java:35)
	at org.junit.platform.engine.support.hierarchical.HierarchicalTestExecutor.execute(HierarchicalTestExecutor.java:57)
	at org.junit.platform.engine.support.hierarchical.HierarchicalTestEngine.execute(HierarchicalTestEngine.java:54)
	at org.junit.platform.launcher.core.EngineExecutionOrchestrator.execute(EngineExecutionOrchestrator.java:107)
	at org.junit.platform.launcher.core.EngineExecutionOrchestrator.execute(EngineExecutionOrchestrator.java:88)
	at org.junit.platform.launcher.core.EngineExecutionOrchestrator.lambda$execute$0(EngineExecutionOrchestrator.java:54)
	at org.junit.platform.launcher.core.EngineExecutionOrchestrator.withInterceptedStreams(EngineExecutionOrchestrator.java:67)
	at org.junit.platform.launcher.core.EngineExecutionOrchestrator.execute(EngineExecutionOrchestrator.java:52)
	at org.junit.platform.launcher.core.DefaultLauncher.execute(DefaultLauncher.java:114)
	at org.junit.platform.launcher.core.DefaultLauncher.execute(DefaultLauncher.java:86)
	at org.junit.platform.launcher.core.DefaultLauncherSession$DelegatingLauncher.execute(DefaultLauncherSession.java:86)
	at org.junit.platform.launcher.core.SessionPerRequestLauncher.execute(SessionPerRequestLauncher.java:53)
	at org.apache.maven.surefire.junitplatform.JUnitPlatformProvider.execute(JUnitPlatformProvider.java:188)
	at org.apache.maven.surefire.junitplatform.JUnitPlatformProvider.invokeAllTests(JUnitPlatformProvider.java:154)
	at org.apache.maven.surefire.junitplatform.JUnitPlatformProvider.invoke(JUnitPlatformProvider.java:124)
	at org.apache.maven.surefire.booter.ForkedBooter.runSuitesInProcess(ForkedBooter.java:428)
	at org.apache.maven.surefire.booter.ForkedBooter.execute(ForkedBooter.java:162)
	at org.apache.maven.surefire.booter.ForkedBooter.run(ForkedBooter.java:562)
	at org.apache.maven.surefire.booter.ForkedBooter.main(ForkedBooter.java:548)

Nov 18, 2022 1:06:03 PM org.apache.ratis.thirdparty.io.grpc.internal.ManagedChannelOrphanWrapper$ManagedChannelReference cleanQueue
SEVERE: *~*~*~ Channel ManagedChannelImpl{logId=1521, target=10.1.0.56:33243} was not shutdown properly!!! ~*~*~*
    Make sure to call shutdown()/shutdownNow() and wait until awaitTermination() returns true.
java.lang.RuntimeException: ManagedChannel allocation site
	at org.apache.ratis.thirdparty.io.grpc.internal.ManagedChannelOrphanWrapper$ManagedChannelReference.<init>(ManagedChannelOrphanWrapper.java:93)
	at org.apache.ratis.thirdparty.io.grpc.internal.ManagedChannelOrphanWrapper.<init>(ManagedChannelOrphanWrapper.java:53)
	at org.apache.ratis.thirdparty.io.grpc.internal.ManagedChannelOrphanWrapper.<init>(ManagedChannelOrphanWrapper.java:44)
	at org.apache.ratis.thirdparty.io.grpc.internal.ManagedChannelImplBuilder.build(ManagedChannelImplBuilder.java:630)
	at org.apache.ratis.thirdparty.io.grpc.internal.AbstractManagedChannelImplBuilder.build(AbstractManagedChannelImplBuilder.java:297)
	at org.apache.hadoop.hdds.scm.XceiverClientGrpc.connectToDatanode(XceiverClientGrpc.java:205)
	at org.apache.hadoop.hdds.scm.XceiverClientGrpc.connect(XceiverClientGrpc.java:158)
	at org.apache.hadoop.hdds.scm.XceiverClientManager$2.call(XceiverClientManager.java:243)
	at org.apache.hadoop.hdds.scm.XceiverClientManager$2.call(XceiverClientManager.java:224)
	at com.google.common.cache.LocalCache$LocalManualCache$1.load(LocalCache.java:4868)
	at com.google.common.cache.LocalCache$LoadingValueReference.loadFuture(LocalCache.java:3533)
	at com.google.common.cache.LocalCache$Segment.loadSync(LocalCache.java:2282)
	at com.google.common.cache.LocalCache$Segment.lockedGetOrLoad(LocalCache.java:2159)
	at com.google.common.cache.LocalCache$Segment.get(LocalCache.java:2049)
	at com.google.common.cache.LocalCache.get(LocalCache.java:3966)
	at com.google.common.cache.LocalCache$LocalManualCache.get(LocalCache.java:4863)
	at org.apache.hadoop.hdds.scm.XceiverClientManager.getClient(XceiverClientManager.java:224)
	at org.apache.hadoop.hdds.scm.XceiverClientManager.acquireClient(XceiverClientManager.java:168)
	at org.apache.hadoop.hdds.scm.XceiverClientManager.acquireClient(XceiverClientManager.java:141)
	at org.apache.hadoop.hdds.scm.storage.BlockOutputStream.<init>(BlockOutputStream.java:161)
	at org.apache.hadoop.hdds.scm.storage.ECBlockOutputStream.<init>(ECBlockOutputStream.java:78)
	at org.apache.hadoop.ozone.client.io.ECBlockOutputStreamEntry.checkStream(ECBlockOutputStreamEntry.java:101)
	at org.apache.hadoop.ozone.client.io.BlockOutputStreamEntry.write(BlockOutputStreamEntry.java:123)
	at org.apache.hadoop.ozone.client.io.ECKeyOutputStream.writeToOutputStream(ECKeyOutputStream.java:408)
	at org.apache.hadoop.ozone.client.io.ECKeyOutputStream.handleOutputStreamWrite(ECKeyOutputStream.java:392)
	at org.apache.hadoop.ozone.client.io.ECKeyOutputStream.close(ECKeyOutputStream.java:490)
	at org.apache.hadoop.ozone.client.io.OzoneOutputStream.close(OzoneOutputStream.java:61)
	at org.apache.hadoop.ozone.TestDataUtil.createKey(TestDataUtil.java:115)
	at org.apache.hadoop.ozone.scm.node.TestDecommissionAndMaintenance.generateData(TestDecommissionAndMaintenance.java:621)
	at org.apache.hadoop.ozone.scm.node.TestDecommissionAndMaintenance.testSingleNodeWithOpenPipelineCanGotoMaintenance(TestDecommissionAndMaintenance.java:313)
	at sun.reflect.NativeMethodAccessorImpl.invoke0(Native Method)
	at sun.reflect.NativeMethodAccessorImpl.invoke(NativeMethodAccessorImpl.java:62)
	at sun.reflect.DelegatingMethodAccessorImpl.invoke(DelegatingMethodAccessorImpl.java:43)
	at java.lang.reflect.Method.invoke(Method.java:498)
	at org.junit.platform.commons.util.ReflectionUtils.invokeMethod(ReflectionUtils.java:725)
	at org.junit.jupiter.engine.execution.MethodInvocation.proceed(MethodInvocation.java:60)
	at org.junit.jupiter.engine.execution.InvocationInterceptorChain$ValidatingInvocation.proceed(InvocationInterceptorChain.java:131)
	at org.junit.jupiter.engine.extension.TimeoutExtension.intercept(TimeoutExtension.java:149)
	at org.junit.jupiter.engine.extension.TimeoutExtension.interceptTestableMethod(TimeoutExtension.java:140)
	at org.junit.jupiter.engine.extension.TimeoutExtension.interceptTestMethod(TimeoutExtension.java:84)
	at org.junit.jupiter.engine.execution.ExecutableInvoker$ReflectiveInterceptorCall.lambda$ofVoidMethod$0(ExecutableInvoker.java:115)
	at org.junit.jupiter.engine.execution.ExecutableInvoker.lambda$invoke$0(ExecutableInvoker.java:105)
	at org.junit.jupiter.engine.execution.InvocationInterceptorChain$InterceptedInvocation.proceed(InvocationInterceptorChain.java:106)
	at org.junit.jupiter.engine.execution.InvocationInterceptorChain.proceed(InvocationInterceptorChain.java:64)
	at org.junit.jupiter.engine.execution.InvocationInterceptorChain.chainAndInvoke(InvocationInterceptorChain.java:45)
	at org.junit.jupiter.engine.execution.InvocationInterceptorChain.invoke(InvocationInterceptorChain.java:37)
	at org.junit.jupiter.engine.execution.ExecutableInvoker.invoke(ExecutableInvoker.java:104)
	at org.junit.jupiter.engine.execution.ExecutableInvoker.invoke(ExecutableInvoker.java:98)
	at org.junit.jupiter.engine.descriptor.TestMethodTestDescriptor.lambda$invokeTestMethod$7(TestMethodTestDescriptor.java:214)
	at org.junit.platform.engine.support.hierarchical.ThrowableCollector.execute(ThrowableCollector.java:73)
	at org.junit.jupiter.engine.descriptor.TestMethodTestDescriptor.invokeTestMethod(TestMethodTestDescriptor.java:210)
	at org.junit.jupiter.engine.descriptor.TestMethodTestDescriptor.execute(TestMethodTestDescriptor.java:135)
	at org.junit.jupiter.engine.descriptor.TestMethodTestDescriptor.execute(TestMethodTestDescriptor.java:66)
	at org.junit.platform.engine.support.hierarchical.NodeTestTask.lambda$executeRecursively$6(NodeTestTask.java:151)
	at org.junit.platform.engine.support.hierarchical.ThrowableCollector.execute(ThrowableCollector.java:73)
	at org.junit.platform.engine.support.hierarchical.NodeTestTask.lambda$executeRecursively$8(NodeTestTask.java:141)
	at org.junit.platform.engine.support.hierarchical.Node.around(Node.java:137)
	at org.junit.platform.engine.support.hierarchical.NodeTestTask.lambda$executeRecursively$9(NodeTestTask.java:139)
	at org.junit.platform.engine.support.hierarchical.ThrowableCollector.execute(ThrowableCollector.java:73)
	at org.junit.platform.engine.support.hierarchical.NodeTestTask.executeRecursively(NodeTestTask.java:138)
	at org.junit.platform.engine.support.hierarchical.NodeTestTask.execute(NodeTestTask.java:95)
	at java.util.ArrayList.forEach(ArrayList.java:1259)
	at org.junit.platform.engine.support.hierarchical.SameThreadHierarchicalTestExecutorService.invokeAll(SameThreadHierarchicalTestExecutorService.java:41)
	at org.junit.platform.engine.support.hierarchical.NodeTestTask.lambda$executeRecursively$6(NodeTestTask.java:155)
	at org.junit.platform.engine.support.hierarchical.ThrowableCollector.execute(ThrowableCollector.java:73)
	at org.junit.platform.engine.support.hierarchical.NodeTestTask.lambda$executeRecursively$8(NodeTestTask.java:141)
	at org.junit.platform.engine.support.hierarchical.Node.around(Node.java:137)
	at org.junit.platform.engine.support.hierarchical.NodeTestTask.lambda$executeRecursively$9(NodeTestTask.java:139)
	at org.junit.platform.engine.support.hierarchical.ThrowableCollector.execute(ThrowableCollector.java:73)
	at org.junit.platform.engine.support.hierarchical.NodeTestTask.executeRecursively(NodeTestTask.java:138)
	at org.junit.platform.engine.support.hierarchical.NodeTestTask.execute(NodeTestTask.java:95)
	at java.util.ArrayList.forEach(ArrayList.java:1259)
	at org.junit.platform.engine.support.hierarchical.SameThreadHierarchicalTestExecutorService.invokeAll(SameThreadHierarchicalTestExecutorService.java:41)
	at org.junit.platform.engine.support.hierarchical.NodeTestTask.lambda$executeRecursively$6(NodeTestTask.java:155)
	at org.junit.platform.engine.support.hierarchical.ThrowableCollector.execute(ThrowableCollector.java:73)
	at org.junit.platform.engine.support.hierarchical.NodeTestTask.lambda$executeRecursively$8(NodeTestTask.java:141)
	at org.junit.platform.engine.support.hierarchical.Node.around(Node.java:137)
	at org.junit.platform.engine.support.hierarchical.NodeTestTask.lambda$executeRecursively$9(NodeTestTask.java:139)
	at org.junit.platform.engine.support.hierarchical.ThrowableCollector.execute(ThrowableCollector.java:73)
	at org.junit.platform.engine.support.hierarchical.NodeTestTask.executeRecursively(NodeTestTask.java:138)
	at org.junit.platform.engine.support.hierarchical.NodeTestTask.execute(NodeTestTask.java:95)
	at org.junit.platform.engine.support.hierarchical.SameThreadHierarchicalTestExecutorService.submit(SameThreadHierarchicalTestExecutorService.java:35)
	at org.junit.platform.engine.support.hierarchical.HierarchicalTestExecutor.execute(HierarchicalTestExecutor.java:57)
	at org.junit.platform.engine.support.hierarchical.HierarchicalTestEngine.execute(HierarchicalTestEngine.java:54)
	at org.junit.platform.launcher.core.EngineExecutionOrchestrator.execute(EngineExecutionOrchestrator.java:107)
	at org.junit.platform.launcher.core.EngineExecutionOrchestrator.execute(EngineExecutionOrchestrator.java:88)
	at org.junit.platform.launcher.core.EngineExecutionOrchestrator.lambda$execute$0(EngineExecutionOrchestrator.java:54)
	at org.junit.platform.launcher.core.EngineExecutionOrchestrator.withInterceptedStreams(EngineExecutionOrchestrator.java:67)
	at org.junit.platform.launcher.core.EngineExecutionOrchestrator.execute(EngineExecutionOrchestrator.java:52)
	at org.junit.platform.launcher.core.DefaultLauncher.execute(DefaultLauncher.java:114)
	at org.junit.platform.launcher.core.DefaultLauncher.execute(DefaultLauncher.java:86)
	at org.junit.platform.launcher.core.DefaultLauncherSession$DelegatingLauncher.execute(DefaultLauncherSession.java:86)
	at org.junit.platform.launcher.core.SessionPerRequestLauncher.execute(SessionPerRequestLauncher.java:53)
	at org.apache.maven.surefire.junitplatform.JUnitPlatformProvider.execute(JUnitPlatformProvider.java:188)
	at org.apache.maven.surefire.junitplatform.JUnitPlatformProvider.invokeAllTests(JUnitPlatformProvider.java:154)
	at org.apache.maven.surefire.junitplatform.JUnitPlatformProvider.invoke(JUnitPlatformProvider.java:124)
	at org.apache.maven.surefire.booter.ForkedBooter.runSuitesInProcess(ForkedBooter.java:428)
	at org.apache.maven.surefire.booter.ForkedBooter.execute(ForkedBooter.java:162)
	at org.apache.maven.surefire.booter.ForkedBooter.run(ForkedBooter.java:562)
	at org.apache.maven.surefire.booter.ForkedBooter.main(ForkedBooter.java:548)

Nov 18, 2022 1:06:03 PM org.apache.ratis.thirdparty.io.grpc.internal.ManagedChannelOrphanWrapper$ManagedChannelReference cleanQueue
SEVERE: *~*~*~ Channel ManagedChannelImpl{logId=1447, target=10.1.0.56:33695} was not shutdown properly!!! ~*~*~*
    Make sure to call shutdown()/shutdownNow() and wait until awaitTermination() returns true.
java.lang.RuntimeException: ManagedChannel allocation site
	at org.apache.ratis.thirdparty.io.grpc.internal.ManagedChannelOrphanWrapper$ManagedChannelReference.<init>(ManagedChannelOrphanWrapper.java:93)
	at org.apache.ratis.thirdparty.io.grpc.internal.ManagedChannelOrphanWrapper.<init>(ManagedChannelOrphanWrapper.java:53)
	at org.apache.ratis.thirdparty.io.grpc.internal.ManagedChannelOrphanWrapper.<init>(ManagedChannelOrphanWrapper.java:44)
	at org.apache.ratis.thirdparty.io.grpc.internal.ManagedChannelImplBuilder.build(ManagedChannelImplBuilder.java:630)
	at org.apache.ratis.thirdparty.io.grpc.internal.AbstractManagedChannelImplBuilder.build(AbstractManagedChannelImplBuilder.java:297)
	at org.apache.hadoop.hdds.scm.XceiverClientGrpc.connectToDatanode(XceiverClientGrpc.java:205)
	at org.apache.hadoop.hdds.scm.XceiverClientGrpc.connect(XceiverClientGrpc.java:158)
	at org.apache.hadoop.hdds.scm.XceiverClientManager$2.call(XceiverClientManager.java:243)
	at org.apache.hadoop.hdds.scm.XceiverClientManager$2.call(XceiverClientManager.java:224)
	at com.google.common.cache.LocalCache$LocalManualCache$1.load(LocalCache.java:4868)
	at com.google.common.cache.LocalCache$LoadingValueReference.loadFuture(LocalCache.java:3533)
	at com.google.common.cache.LocalCache$Segment.loadSync(LocalCache.java:2282)
	at com.google.common.cache.LocalCache$Segment.lockedGetOrLoad(LocalCache.java:2159)
	at com.google.common.cache.LocalCache$Segment.get(LocalCache.java:2049)
	at com.google.common.cache.LocalCache.get(LocalCache.java:3966)
	at com.google.common.cache.LocalCache$LocalManualCache.get(LocalCache.java:4863)
	at org.apache.hadoop.hdds.scm.XceiverClientManager.getClient(XceiverClientManager.java:224)
	at org.apache.hadoop.hdds.scm.XceiverClientManager.acquireClient(XceiverClientManager.java:168)
	at org.apache.hadoop.hdds.scm.XceiverClientManager.acquireClient(XceiverClientManager.java:141)
	at org.apache.hadoop.hdds.scm.storage.BlockOutputStream.<init>(BlockOutputStream.java:161)
	at org.apache.hadoop.hdds.scm.storage.ECBlockOutputStream.<init>(ECBlockOutputStream.java:78)
	at org.apache.hadoop.ozone.client.io.ECBlockOutputStreamEntry.checkStream(ECBlockOutputStreamEntry.java:101)
	at org.apache.hadoop.ozone.client.io.BlockOutputStreamEntry.write(BlockOutputStreamEntry.java:123)
	at org.apache.hadoop.ozone.client.io.ECKeyOutputStream.writeToOutputStream(ECKeyOutputStream.java:408)
	at org.apache.hadoop.ozone.client.io.ECKeyOutputStream.handleOutputStreamWrite(ECKeyOutputStream.java:392)
	at org.apache.hadoop.ozone.client.io.ECKeyOutputStream.close(ECKeyOutputStream.java:490)
	at org.apache.hadoop.ozone.client.io.OzoneOutputStream.close(OzoneOutputStream.java:61)
	at org.apache.hadoop.ozone.TestDataUtil.createKey(TestDataUtil.java:115)
	at org.apache.hadoop.ozone.scm.node.TestDecommissionAndMaintenance.generateData(TestDecommissionAndMaintenance.java:621)
	at org.apache.hadoop.ozone.scm.node.TestDecommissionAndMaintenance.testSingleNodeWithOpenPipelineCanGotoMaintenance(TestDecommissionAndMaintenance.java:313)
	at sun.reflect.NativeMethodAccessorImpl.invoke0(Native Method)
	at sun.reflect.NativeMethodAccessorImpl.invoke(NativeMethodAccessorImpl.java:62)
	at sun.reflect.DelegatingMethodAccessorImpl.invoke(DelegatingMethodAccessorImpl.java:43)
	at java.lang.reflect.Method.invoke(Method.java:498)
	at org.junit.platform.commons.util.ReflectionUtils.invokeMethod(ReflectionUtils.java:725)
	at org.junit.jupiter.engine.execution.MethodInvocation.proceed(MethodInvocation.java:60)
	at org.junit.jupiter.engine.execution.InvocationInterceptorChain$ValidatingInvocation.proceed(InvocationInterceptorChain.java:131)
	at org.junit.jupiter.engine.extension.TimeoutExtension.intercept(TimeoutExtension.java:149)
	at org.junit.jupiter.engine.extension.TimeoutExtension.interceptTestableMethod(TimeoutExtension.java:140)
	at org.junit.jupiter.engine.extension.TimeoutExtension.interceptTestMethod(TimeoutExtension.java:84)
	at org.junit.jupiter.engine.execution.ExecutableInvoker$ReflectiveInterceptorCall.lambda$ofVoidMethod$0(ExecutableInvoker.java:115)
	at org.junit.jupiter.engine.execution.ExecutableInvoker.lambda$invoke$0(ExecutableInvoker.java:105)
	at org.junit.jupiter.engine.execution.InvocationInterceptorChain$InterceptedInvocation.proceed(InvocationInterceptorChain.java:106)
	at org.junit.jupiter.engine.execution.InvocationInterceptorChain.proceed(InvocationInterceptorChain.java:64)
	at org.junit.jupiter.engine.execution.InvocationInterceptorChain.chainAndInvoke(InvocationInterceptorChain.java:45)
	at org.junit.jupiter.engine.execution.InvocationInterceptorChain.invoke(InvocationInterceptorChain.java:37)
	at org.junit.jupiter.engine.execution.ExecutableInvoker.invoke(ExecutableInvoker.java:104)
	at org.junit.jupiter.engine.execution.ExecutableInvoker.invoke(ExecutableInvoker.java:98)
	at org.junit.jupiter.engine.descriptor.TestMethodTestDescriptor.lambda$invokeTestMethod$7(TestMethodTestDescriptor.java:214)
	at org.junit.platform.engine.support.hierarchical.ThrowableCollector.execute(ThrowableCollector.java:73)
	at org.junit.jupiter.engine.descriptor.TestMethodTestDescriptor.invokeTestMethod(TestMethodTestDescriptor.java:210)
	at org.junit.jupiter.engine.descriptor.TestMethodTestDescriptor.execute(TestMethodTestDescriptor.java:135)
	at org.junit.jupiter.engine.descriptor.TestMethodTestDescriptor.execute(TestMethodTestDescriptor.java:66)
	at org.junit.platform.engine.support.hierarchical.NodeTestTask.lambda$executeRecursively$6(NodeTestTask.java:151)
	at org.junit.platform.engine.support.hierarchical.ThrowableCollector.execute(ThrowableCollector.java:73)
	at org.junit.platform.engine.support.hierarchical.NodeTestTask.lambda$executeRecursively$8(NodeTestTask.java:141)
	at org.junit.platform.engine.support.hierarchical.Node.around(Node.java:137)
	at org.junit.platform.engine.support.hierarchical.NodeTestTask.lambda$executeRecursively$9(NodeTestTask.java:139)
	at org.junit.platform.engine.support.hierarchical.ThrowableCollector.execute(ThrowableCollector.java:73)
	at org.junit.platform.engine.support.hierarchical.NodeTestTask.executeRecursively(NodeTestTask.java:138)
	at org.junit.platform.engine.support.hierarchical.NodeTestTask.execute(NodeTestTask.java:95)
	at java.util.ArrayList.forEach(ArrayList.java:1259)
	at org.junit.platform.engine.support.hierarchical.SameThreadHierarchicalTestExecutorService.invokeAll(SameThreadHierarchicalTestExecutorService.java:41)
	at org.junit.platform.engine.support.hierarchical.NodeTestTask.lambda$executeRecursively$6(NodeTestTask.java:155)
	at org.junit.platform.engine.support.hierarchical.ThrowableCollector.execute(ThrowableCollector.java:73)
	at org.junit.platform.engine.support.hierarchical.NodeTestTask.lambda$executeRecursively$8(NodeTestTask.java:141)
	at org.junit.platform.engine.support.hierarchical.Node.around(Node.java:137)
	at org.junit.platform.engine.support.hierarchical.NodeTestTask.lambda$executeRecursively$9(NodeTestTask.java:139)
	at org.junit.platform.engine.support.hierarchical.ThrowableCollector.execute(ThrowableCollector.java:73)
	at org.junit.platform.engine.support.hierarchical.NodeTestTask.executeRecursively(NodeTestTask.java:138)
	at org.junit.platform.engine.support.hierarchical.NodeTestTask.execute(NodeTestTask.java:95)
	at java.util.ArrayList.forEach(ArrayList.java:1259)
	at org.junit.platform.engine.support.hierarchical.SameThreadHierarchicalTestExecutorService.invokeAll(SameThreadHierarchicalTestExecutorService.java:41)
	at org.junit.platform.engine.support.hierarchical.NodeTestTask.lambda$executeRecursively$6(NodeTestTask.java:155)
	at org.junit.platform.engine.support.hierarchical.ThrowableCollector.execute(ThrowableCollector.java:73)
	at org.junit.platform.engine.support.hierarchical.NodeTestTask.lambda$executeRecursively$8(NodeTestTask.java:141)
	at org.junit.platform.engine.support.hierarchical.Node.around(Node.java:137)
	at org.junit.platform.engine.support.hierarchical.NodeTestTask.lambda$executeRecursively$9(NodeTestTask.java:139)
	at org.junit.platform.engine.support.hierarchical.ThrowableCollector.execute(ThrowableCollector.java:73)
	at org.junit.platform.engine.support.hierarchical.NodeTestTask.executeRecursively(NodeTestTask.java:138)
	at org.junit.platform.engine.support.hierarchical.NodeTestTask.execute(NodeTestTask.java:95)
	at org.junit.platform.engine.support.hierarchical.SameThreadHierarchicalTestExecutorService.submit(SameThreadHierarchicalTestExecutorService.java:35)
	at org.junit.platform.engine.support.hierarchical.HierarchicalTestExecutor.execute(HierarchicalTestExecutor.java:57)
	at org.junit.platform.engine.support.hierarchical.HierarchicalTestEngine.execute(HierarchicalTestEngine.java:54)
	at org.junit.platform.launcher.core.EngineExecutionOrchestrator.execute(EngineExecutionOrchestrator.java:107)
	at org.junit.platform.launcher.core.EngineExecutionOrchestrator.execute(EngineExecutionOrchestrator.java:88)
	at org.junit.platform.launcher.core.EngineExecutionOrchestrator.lambda$execute$0(EngineExecutionOrchestrator.java:54)
	at org.junit.platform.launcher.core.EngineExecutionOrchestrator.withInterceptedStreams(EngineExecutionOrchestrator.java:67)
	at org.junit.platform.launcher.core.EngineExecutionOrchestrator.execute(EngineExecutionOrchestrator.java:52)
	at org.junit.platform.launcher.core.DefaultLauncher.execute(DefaultLauncher.java:114)
	at org.junit.platform.launcher.core.DefaultLauncher.execute(DefaultLauncher.java:86)
	at org.junit.platform.launcher.core.DefaultLauncherSession$DelegatingLauncher.execute(DefaultLauncherSession.java:86)
	at org.junit.platform.launcher.core.SessionPerRequestLauncher.execute(SessionPerRequestLauncher.java:53)
	at org.apache.maven.surefire.junitplatform.JUnitPlatformProvider.execute(JUnitPlatformProvider.java:188)
	at org.apache.maven.surefire.junitplatform.JUnitPlatformProvider.invokeAllTests(JUnitPlatformProvider.java:154)
	at org.apache.maven.surefire.junitplatform.JUnitPlatformProvider.invoke(JUnitPlatformProvider.java:124)
	at org.apache.maven.surefire.booter.ForkedBooter.runSuitesInProcess(ForkedBooter.java:428)
	at org.apache.maven.surefire.booter.ForkedBooter.execute(ForkedBooter.java:162)
	at org.apache.maven.surefire.booter.ForkedBooter.run(ForkedBooter.java:562)
	at org.apache.maven.surefire.booter.ForkedBooter.main(ForkedBooter.java:548)

Nov 18, 2022 1:06:03 PM org.apache.ratis.thirdparty.io.grpc.internal.ManagedChannelOrphanWrapper$ManagedChannelReference cleanQueue
SEVERE: *~*~*~ Channel ManagedChannelImpl{logId=1550, target=10.1.0.56:33695} was not shutdown properly!!! ~*~*~*
    Make sure to call shutdown()/shutdownNow() and wait until awaitTermination() returns true.
java.lang.RuntimeException: ManagedChannel allocation site
	at org.apache.ratis.thirdparty.io.grpc.internal.ManagedChannelOrphanWrapper$ManagedChannelReference.<init>(ManagedChannelOrphanWrapper.java:93)
	at org.apache.ratis.thirdparty.io.grpc.internal.ManagedChannelOrphanWrapper.<init>(ManagedChannelOrphanWrapper.java:53)
	at org.apache.ratis.thirdparty.io.grpc.internal.ManagedChannelOrphanWrapper.<init>(ManagedChannelOrphanWrapper.java:44)
	at org.apache.ratis.thirdparty.io.grpc.internal.ManagedChannelImplBuilder.build(ManagedChannelImplBuilder.java:630)
	at org.apache.ratis.thirdparty.io.grpc.internal.AbstractManagedChannelImplBuilder.build(AbstractManagedChannelImplBuilder.java:297)
	at org.apache.hadoop.hdds.scm.XceiverClientGrpc.connectToDatanode(XceiverClientGrpc.java:205)
	at org.apache.hadoop.hdds.scm.XceiverClientGrpc.connect(XceiverClientGrpc.java:158)
	at org.apache.hadoop.hdds.scm.XceiverClientManager$2.call(XceiverClientManager.java:243)
	at org.apache.hadoop.hdds.scm.XceiverClientManager$2.call(XceiverClientManager.java:224)
	at com.google.common.cache.LocalCache$LocalManualCache$1.load(LocalCache.java:4868)
	at com.google.common.cache.LocalCache$LoadingValueReference.loadFuture(LocalCache.java:3533)
	at com.google.common.cache.LocalCache$Segment.loadSync(LocalCache.java:2282)
	at com.google.common.cache.LocalCache$Segment.lockedGetOrLoad(LocalCache.java:2159)
	at com.google.common.cache.LocalCache$Segment.get(LocalCache.java:2049)
	at com.google.common.cache.LocalCache.get(LocalCache.java:3966)
	at com.google.common.cache.LocalCache$LocalManualCache.get(LocalCache.java:4863)
	at org.apache.hadoop.hdds.scm.XceiverClientManager.getClient(XceiverClientManager.java:224)
	at org.apache.hadoop.hdds.scm.XceiverClientManager.acquireClient(XceiverClientManager.java:168)
	at org.apache.hadoop.hdds.scm.XceiverClientManager.acquireClient(XceiverClientManager.java:141)
	at org.apache.hadoop.hdds.scm.storage.BlockOutputStream.<init>(BlockOutputStream.java:161)
	at org.apache.hadoop.hdds.scm.storage.ECBlockOutputStream.<init>(ECBlockOutputStream.java:78)
	at org.apache.hadoop.ozone.client.io.ECBlockOutputStreamEntry.checkStream(ECBlockOutputStreamEntry.java:101)
	at org.apache.hadoop.ozone.client.io.BlockOutputStreamEntry.write(BlockOutputStreamEntry.java:123)
	at org.apache.hadoop.ozone.client.io.ECKeyOutputStream.writeToOutputStream(ECKeyOutputStream.java:408)
	at org.apache.hadoop.ozone.client.io.ECKeyOutputStream.handleOutputStreamWrite(ECKeyOutputStream.java:392)
	at org.apache.hadoop.ozone.client.io.ECKeyOutputStream.close(ECKeyOutputStream.java:490)
	at org.apache.hadoop.ozone.client.io.OzoneOutputStream.close(OzoneOutputStream.java:61)
	at org.apache.hadoop.ozone.TestDataUtil.createKey(TestDataUtil.java:115)
	at org.apache.hadoop.ozone.scm.node.TestDecommissionAndMaintenance.generateData(TestDecommissionAndMaintenance.java:621)
	at org.apache.hadoop.ozone.scm.node.TestDecommissionAndMaintenance.testSingleNodeWithOpenPipelineCanGotoMaintenance(TestDecommissionAndMaintenance.java:313)
	at sun.reflect.NativeMethodAccessorImpl.invoke0(Native Method)
	at sun.reflect.NativeMethodAccessorImpl.invoke(NativeMethodAccessorImpl.java:62)
	at sun.reflect.DelegatingMethodAccessorImpl.invoke(DelegatingMethodAccessorImpl.java:43)
	at java.lang.reflect.Method.invoke(Method.java:498)
	at org.junit.platform.commons.util.ReflectionUtils.invokeMethod(ReflectionUtils.java:725)
	at org.junit.jupiter.engine.execution.MethodInvocation.proceed(MethodInvocation.java:60)
	at org.junit.jupiter.engine.execution.InvocationInterceptorChain$ValidatingInvocation.proceed(InvocationInterceptorChain.java:131)
	at org.junit.jupiter.engine.extension.TimeoutExtension.intercept(TimeoutExtension.java:149)
	at org.junit.jupiter.engine.extension.TimeoutExtension.interceptTestableMethod(TimeoutExtension.java:140)
	at org.junit.jupiter.engine.extension.TimeoutExtension.interceptTestMethod(TimeoutExtension.java:84)
	at org.junit.jupiter.engine.execution.ExecutableInvoker$ReflectiveInterceptorCall.lambda$ofVoidMethod$0(ExecutableInvoker.java:115)
	at org.junit.jupiter.engine.execution.ExecutableInvoker.lambda$invoke$0(ExecutableInvoker.java:105)
	at org.junit.jupiter.engine.execution.InvocationInterceptorChain$InterceptedInvocation.proceed(InvocationInterceptorChain.java:106)
	at org.junit.jupiter.engine.execution.InvocationInterceptorChain.proceed(InvocationInterceptorChain.java:64)
	at org.junit.jupiter.engine.execution.InvocationInterceptorChain.chainAndInvoke(InvocationInterceptorChain.java:45)
	at org.junit.jupiter.engine.execution.InvocationInterceptorChain.invoke(InvocationInterceptorChain.java:37)
	at org.junit.jupiter.engine.execution.ExecutableInvoker.invoke(ExecutableInvoker.java:104)
	at org.junit.jupiter.engine.execution.ExecutableInvoker.invoke(ExecutableInvoker.java:98)
	at org.junit.jupiter.engine.descriptor.TestMethodTestDescriptor.lambda$invokeTestMethod$7(TestMethodTestDescriptor.java:214)
	at org.junit.platform.engine.support.hierarchical.ThrowableCollector.execute(ThrowableCollector.java:73)
	at org.junit.jupiter.engine.descriptor.TestMethodTestDescriptor.invokeTestMethod(TestMethodTestDescriptor.java:210)
	at org.junit.jupiter.engine.descriptor.TestMethodTestDescriptor.execute(TestMethodTestDescriptor.java:135)
	at org.junit.jupiter.engine.descriptor.TestMethodTestDescriptor.execute(TestMethodTestDescriptor.java:66)
	at org.junit.platform.engine.support.hierarchical.NodeTestTask.lambda$executeRecursively$6(NodeTestTask.java:151)
	at org.junit.platform.engine.support.hierarchical.ThrowableCollector.execute(ThrowableCollector.java:73)
	at org.junit.platform.engine.support.hierarchical.NodeTestTask.lambda$executeRecursively$8(NodeTestTask.java:141)
	at org.junit.platform.engine.support.hierarchical.Node.around(Node.java:137)
	at org.junit.platform.engine.support.hierarchical.NodeTestTask.lambda$executeRecursively$9(NodeTestTask.java:139)
	at org.junit.platform.engine.support.hierarchical.ThrowableCollector.execute(ThrowableCollector.java:73)
	at org.junit.platform.engine.support.hierarchical.NodeTestTask.executeRecursively(NodeTestTask.java:138)
	at org.junit.platform.engine.support.hierarchical.NodeTestTask.execute(NodeTestTask.java:95)
	at java.util.ArrayList.forEach(ArrayList.java:1259)
	at org.junit.platform.engine.support.hierarchical.SameThreadHierarchicalTestExecutorService.invokeAll(SameThreadHierarchicalTestExecutorService.java:41)
	at org.junit.platform.engine.support.hierarchical.NodeTestTask.lambda$executeRecursively$6(NodeTestTask.java:155)
	at org.junit.platform.engine.support.hierarchical.ThrowableCollector.execute(ThrowableCollector.java:73)
	at org.junit.platform.engine.support.hierarchical.NodeTestTask.lambda$executeRecursively$8(NodeTestTask.java:141)
	at org.junit.platform.engine.support.hierarchical.Node.around(Node.java:137)
	at org.junit.platform.engine.support.hierarchical.NodeTestTask.lambda$executeRecursively$9(NodeTestTask.java:139)
	at org.junit.platform.engine.support.hierarchical.ThrowableCollector.execute(ThrowableCollector.java:73)
	at org.junit.platform.engine.support.hierarchical.NodeTestTask.executeRecursively(NodeTestTask.java:138)
	at org.junit.platform.engine.support.hierarchical.NodeTestTask.execute(NodeTestTask.java:95)
	at java.util.ArrayList.forEach(ArrayList.java:1259)
	at org.junit.platform.engine.support.hierarchical.SameThreadHierarchicalTestExecutorService.invokeAll(SameThreadHierarchicalTestExecutorService.java:41)
	at org.junit.platform.engine.support.hierarchical.NodeTestTask.lambda$executeRecursively$6(NodeTestTask.java:155)
	at org.junit.platform.engine.support.hierarchical.ThrowableCollector.execute(ThrowableCollector.java:73)
	at org.junit.platform.engine.support.hierarchical.NodeTestTask.lambda$executeRecursively$8(NodeTestTask.java:141)
	at org.junit.platform.engine.support.hierarchical.Node.around(Node.java:137)
	at org.junit.platform.engine.support.hierarchical.NodeTestTask.lambda$executeRecursively$9(NodeTestTask.java:139)
	at org.junit.platform.engine.support.hierarchical.ThrowableCollector.execute(ThrowableCollector.java:73)
	at org.junit.platform.engine.support.hierarchical.NodeTestTask.executeRecursively(NodeTestTask.java:138)
	at org.junit.platform.engine.support.hierarchical.NodeTestTask.execute(NodeTestTask.java:95)
	at org.junit.platform.engine.support.hierarchical.SameThreadHierarchicalTestExecutorService.submit(SameThreadHierarchicalTestExecutorService.java:35)
	at org.junit.platform.engine.support.hierarchical.HierarchicalTestExecutor.execute(HierarchicalTestExecutor.java:57)
	at org.junit.platform.engine.support.hierarchical.HierarchicalTestEngine.execute(HierarchicalTestEngine.java:54)
	at org.junit.platform.launcher.core.EngineExecutionOrchestrator.execute(EngineExecutionOrchestrator.java:107)
	at org.junit.platform.launcher.core.EngineExecutionOrchestrator.execute(EngineExecutionOrchestrator.java:88)
	at org.junit.platform.launcher.core.EngineExecutionOrchestrator.lambda$execute$0(EngineExecutionOrchestrator.java:54)
	at org.junit.platform.launcher.core.EngineExecutionOrchestrator.withInterceptedStreams(EngineExecutionOrchestrator.java:67)
	at org.junit.platform.launcher.core.EngineExecutionOrchestrator.execute(EngineExecutionOrchestrator.java:52)
	at org.junit.platform.launcher.core.DefaultLauncher.execute(DefaultLauncher.java:114)
	at org.junit.platform.launcher.core.DefaultLauncher.execute(DefaultLauncher.java:86)
	at org.junit.platform.launcher.core.DefaultLauncherSession$DelegatingLauncher.execute(DefaultLauncherSession.java:86)
	at org.junit.platform.launcher.core.SessionPerRequestLauncher.execute(SessionPerRequestLauncher.java:53)
	at org.apache.maven.surefire.junitplatform.JUnitPlatformProvider.execute(JUnitPlatformProvider.java:188)
	at org.apache.maven.surefire.junitplatform.JUnitPlatformProvider.invokeAllTests(JUnitPlatformProvider.java:154)
	at org.apache.maven.surefire.junitplatform.JUnitPlatformProvider.invoke(JUnitPlatformProvider.java:124)
	at org.apache.maven.surefire.booter.ForkedBooter.runSuitesInProcess(ForkedBooter.java:428)
	at org.apache.maven.surefire.booter.ForkedBooter.execute(ForkedBooter.java:162)
	at org.apache.maven.surefire.booter.ForkedBooter.run(ForkedBooter.java:562)
	at org.apache.maven.surefire.booter.ForkedBooter.main(ForkedBooter.java:548)

Nov 18, 2022 1:06:03 PM org.apache.ratis.thirdparty.io.grpc.internal.ManagedChannelOrphanWrapper$ManagedChannelReference cleanQueue
SEVERE: *~*~*~ Channel ManagedChannelImpl{logId=1491, target=10.1.0.56:42547} was not shutdown properly!!! ~*~*~*
    Make sure to call shutdown()/shutdownNow() and wait until awaitTermination() returns true.
java.lang.RuntimeException: ManagedChannel allocation site
	at org.apache.ratis.thirdparty.io.grpc.internal.ManagedChannelOrphanWrapper$ManagedChannelReference.<init>(ManagedChannelOrphanWrapper.java:93)
	at org.apache.ratis.thirdparty.io.grpc.internal.ManagedChannelOrphanWrapper.<init>(ManagedChannelOrphanWrapper.java:53)
	at org.apache.ratis.thirdparty.io.grpc.internal.ManagedChannelOrphanWrapper.<init>(ManagedChannelOrphanWrapper.java:44)
	at org.apache.ratis.thirdparty.io.grpc.internal.ManagedChannelImplBuilder.build(ManagedChannelImplBuilder.java:630)
	at org.apache.ratis.thirdparty.io.grpc.internal.AbstractManagedChannelImplBuilder.build(AbstractManagedChannelImplBuilder.java:297)
	at org.apache.hadoop.hdds.scm.XceiverClientGrpc.connectToDatanode(XceiverClientGrpc.java:205)
	at org.apache.hadoop.hdds.scm.XceiverClientGrpc.connect(XceiverClientGrpc.java:158)
	at org.apache.hadoop.hdds.scm.XceiverClientManager$2.call(XceiverClientManager.java:243)
	at org.apache.hadoop.hdds.scm.XceiverClientManager$2.call(XceiverClientManager.java:224)
	at com.google.common.cache.LocalCache$LocalManualCache$1.load(LocalCache.java:4868)
	at com.google.common.cache.LocalCache$LoadingValueReference.loadFuture(LocalCache.java:3533)
	at com.google.common.cache.LocalCache$Segment.loadSync(LocalCache.java:2282)
	at com.google.common.cache.LocalCache$Segment.lockedGetOrLoad(LocalCache.java:2159)
	at com.google.common.cache.LocalCache$Segment.get(LocalCache.java:2049)
	at com.google.common.cache.LocalCache.get(LocalCache.java:3966)
	at com.google.common.cache.LocalCache$LocalManualCache.get(LocalCache.java:4863)
	at org.apache.hadoop.hdds.scm.XceiverClientManager.getClient(XceiverClientManager.java:224)
	at org.apache.hadoop.hdds.scm.XceiverClientManager.acquireClient(XceiverClientManager.java:168)
	at org.apache.hadoop.hdds.scm.XceiverClientManager.acquireClient(XceiverClientManager.java:141)
	at org.apache.hadoop.hdds.scm.storage.BlockOutputStream.<init>(BlockOutputStream.java:161)
	at org.apache.hadoop.hdds.scm.storage.ECBlockOutputStream.<init>(ECBlockOutputStream.java:78)
	at org.apache.hadoop.ozone.client.io.ECBlockOutputStreamEntry.checkStream(ECBlockOutputStreamEntry.java:101)
	at org.apache.hadoop.ozone.client.io.BlockOutputStreamEntry.write(BlockOutputStreamEntry.java:123)
	at org.apache.hadoop.ozone.client.io.ECKeyOutputStream.writeToOutputStream(ECKeyOutputStream.java:408)
	at org.apache.hadoop.ozone.client.io.ECKeyOutputStream.handleOutputStreamWrite(ECKeyOutputStream.java:392)
	at org.apache.hadoop.ozone.client.io.ECKeyOutputStream.close(ECKeyOutputStream.java:490)
	at org.apache.hadoop.ozone.client.io.OzoneOutputStream.close(OzoneOutputStream.java:61)
	at org.apache.hadoop.ozone.TestDataUtil.createKey(TestDataUtil.java:115)
	at org.apache.hadoop.ozone.scm.node.TestDecommissionAndMaintenance.generateData(TestDecommissionAndMaintenance.java:621)
	at org.apache.hadoop.ozone.scm.node.TestDecommissionAndMaintenance.testSingleNodeWithOpenPipelineCanGotoMaintenance(TestDecommissionAndMaintenance.java:313)
	at sun.reflect.NativeMethodAccessorImpl.invoke0(Native Method)
	at sun.reflect.NativeMethodAccessorImpl.invoke(NativeMethodAccessorImpl.java:62)
	at sun.reflect.DelegatingMethodAccessorImpl.invoke(DelegatingMethodAccessorImpl.java:43)
	at java.lang.reflect.Method.invoke(Method.java:498)
	at org.junit.platform.commons.util.ReflectionUtils.invokeMethod(ReflectionUtils.java:725)
	at org.junit.jupiter.engine.execution.MethodInvocation.proceed(MethodInvocation.java:60)
	at org.junit.jupiter.engine.execution.InvocationInterceptorChain$ValidatingInvocation.proceed(InvocationInterceptorChain.java:131)
	at org.junit.jupiter.engine.extension.TimeoutExtension.intercept(TimeoutExtension.java:149)
	at org.junit.jupiter.engine.extension.TimeoutExtension.interceptTestableMethod(TimeoutExtension.java:140)
	at org.junit.jupiter.engine.extension.TimeoutExtension.interceptTestMethod(TimeoutExtension.java:84)
	at org.junit.jupiter.engine.execution.ExecutableInvoker$ReflectiveInterceptorCall.lambda$ofVoidMethod$0(ExecutableInvoker.java:115)
	at org.junit.jupiter.engine.execution.ExecutableInvoker.lambda$invoke$0(ExecutableInvoker.java:105)
	at org.junit.jupiter.engine.execution.InvocationInterceptorChain$InterceptedInvocation.proceed(InvocationInterceptorChain.java:106)
	at org.junit.jupiter.engine.execution.InvocationInterceptorChain.proceed(InvocationInterceptorChain.java:64)
	at org.junit.jupiter.engine.execution.InvocationInterceptorChain.chainAndInvoke(InvocationInterceptorChain.java:45)
	at org.junit.jupiter.engine.execution.InvocationInterceptorChain.invoke(InvocationInterceptorChain.java:37)
	at org.junit.jupiter.engine.execution.ExecutableInvoker.invoke(ExecutableInvoker.java:104)
	at org.junit.jupiter.engine.execution.ExecutableInvoker.invoke(ExecutableInvoker.java:98)
	at org.junit.jupiter.engine.descriptor.TestMethodTestDescriptor.lambda$invokeTestMethod$7(TestMethodTestDescriptor.java:214)
	at org.junit.platform.engine.support.hierarchical.ThrowableCollector.execute(ThrowableCollector.java:73)
	at org.junit.jupiter.engine.descriptor.TestMethodTestDescriptor.invokeTestMethod(TestMethodTestDescriptor.java:210)
	at org.junit.jupiter.engine.descriptor.TestMethodTestDescriptor.execute(TestMethodTestDescriptor.java:135)
	at org.junit.jupiter.engine.descriptor.TestMethodTestDescriptor.execute(TestMethodTestDescriptor.java:66)
	at org.junit.platform.engine.support.hierarchical.NodeTestTask.lambda$executeRecursively$6(NodeTestTask.java:151)
	at org.junit.platform.engine.support.hierarchical.ThrowableCollector.execute(ThrowableCollector.java:73)
	at org.junit.platform.engine.support.hierarchical.NodeTestTask.lambda$executeRecursively$8(NodeTestTask.java:141)
	at org.junit.platform.engine.support.hierarchical.Node.around(Node.java:137)
	at org.junit.platform.engine.support.hierarchical.NodeTestTask.lambda$executeRecursively$9(NodeTestTask.java:139)
	at org.junit.platform.engine.support.hierarchical.ThrowableCollector.execute(ThrowableCollector.java:73)
	at org.junit.platform.engine.support.hierarchical.NodeTestTask.executeRecursively(NodeTestTask.java:138)
	at org.junit.platform.engine.support.hierarchical.NodeTestTask.execute(NodeTestTask.java:95)
	at java.util.ArrayList.forEach(ArrayList.java:1259)
	at org.junit.platform.engine.support.hierarchical.SameThreadHierarchicalTestExecutorService.invokeAll(SameThreadHierarchicalTestExecutorService.java:41)
	at org.junit.platform.engine.support.hierarchical.NodeTestTask.lambda$executeRecursively$6(NodeTestTask.java:155)
	at org.junit.platform.engine.support.hierarchical.ThrowableCollector.execute(ThrowableCollector.java:73)
	at org.junit.platform.engine.support.hierarchical.NodeTestTask.lambda$executeRecursively$8(NodeTestTask.java:141)
	at org.junit.platform.engine.support.hierarchical.Node.around(Node.java:137)
	at org.junit.platform.engine.support.hierarchical.NodeTestTask.lambda$executeRecursively$9(NodeTestTask.java:139)
	at org.junit.platform.engine.support.hierarchical.ThrowableCollector.execute(ThrowableCollector.java:73)
	at org.junit.platform.engine.support.hierarchical.NodeTestTask.executeRecursively(NodeTestTask.java:138)
	at org.junit.platform.engine.support.hierarchical.NodeTestTask.execute(NodeTestTask.java:95)
	at java.util.ArrayList.forEach(ArrayList.java:1259)
	at org.junit.platform.engine.support.hierarchical.SameThreadHierarchicalTestExecutorService.invokeAll(SameThreadHierarchicalTestExecutorService.java:41)
	at org.junit.platform.engine.support.hierarchical.NodeTestTask.lambda$executeRecursively$6(NodeTestTask.java:155)
	at org.junit.platform.engine.support.hierarchical.ThrowableCollector.execute(ThrowableCollector.java:73)
	at org.junit.platform.engine.support.hierarchical.NodeTestTask.lambda$executeRecursively$8(NodeTestTask.java:141)
	at org.junit.platform.engine.support.hierarchical.Node.around(Node.java:137)
	at org.junit.platform.engine.support.hierarchical.NodeTestTask.lambda$executeRecursively$9(NodeTestTask.java:139)
	at org.junit.platform.engine.support.hierarchical.ThrowableCollector.execute(ThrowableCollector.java:73)
	at org.junit.platform.engine.support.hierarchical.NodeTestTask.executeRecursively(NodeTestTask.java:138)
	at org.junit.platform.engine.support.hierarchical.NodeTestTask.execute(NodeTestTask.java:95)
	at org.junit.platform.engine.support.hierarchical.SameThreadHierarchicalTestExecutorService.submit(SameThreadHierarchicalTestExecutorService.java:35)
	at org.junit.platform.engine.support.hierarchical.HierarchicalTestExecutor.execute(HierarchicalTestExecutor.java:57)
	at org.junit.platform.engine.support.hierarchical.HierarchicalTestEngine.execute(HierarchicalTestEngine.java:54)
	at org.junit.platform.launcher.core.EngineExecutionOrchestrator.execute(EngineExecutionOrchestrator.java:107)
	at org.junit.platform.launcher.core.EngineExecutionOrchestrator.execute(EngineExecutionOrchestrator.java:88)
	at org.junit.platform.launcher.core.EngineExecutionOrchestrator.lambda$execute$0(EngineExecutionOrchestrator.java:54)
	at org.junit.platform.launcher.core.EngineExecutionOrchestrator.withInterceptedStreams(EngineExecutionOrchestrator.java:67)
	at org.junit.platform.launcher.core.EngineExecutionOrchestrator.execute(EngineExecutionOrchestrator.java:52)
	at org.junit.platform.launcher.core.DefaultLauncher.execute(DefaultLauncher.java:114)
	at org.junit.platform.launcher.core.DefaultLauncher.execute(DefaultLauncher.java:86)
	at org.junit.platform.launcher.core.DefaultLauncherSession$DelegatingLauncher.execute(DefaultLauncherSession.java:86)
	at org.junit.platform.launcher.core.SessionPerRequestLauncher.execute(SessionPerRequestLauncher.java:53)
	at org.apache.maven.surefire.junitplatform.JUnitPlatformProvider.execute(JUnitPlatformProvider.java:188)
	at org.apache.maven.surefire.junitplatform.JUnitPlatformProvider.invokeAllTests(JUnitPlatformProvider.java:154)
	at org.apache.maven.surefire.junitplatform.JUnitPlatformProvider.invoke(JUnitPlatformProvider.java:124)
	at org.apache.maven.surefire.booter.ForkedBooter.runSuitesInProcess(ForkedBooter.java:428)
	at org.apache.maven.surefire.booter.ForkedBooter.execute(ForkedBooter.java:162)
	at org.apache.maven.surefire.booter.ForkedBooter.run(ForkedBooter.java:562)
	at org.apache.maven.surefire.booter.ForkedBooter.main(ForkedBooter.java:548)

Nov 18, 2022 1:06:03 PM org.apache.ratis.thirdparty.io.grpc.internal.ManagedChannelOrphanWrapper$ManagedChannelReference cleanQueue
SEVERE: *~*~*~ Channel ManagedChannelImpl{logId=1497, target=10.1.0.56:38791} was not shutdown properly!!! ~*~*~*
    Make sure to call shutdown()/shutdownNow() and wait until awaitTermination() returns true.
java.lang.RuntimeException: ManagedChannel allocation site
	at org.apache.ratis.thirdparty.io.grpc.internal.ManagedChannelOrphanWrapper$ManagedChannelReference.<init>(ManagedChannelOrphanWrapper.java:93)
	at org.apache.ratis.thirdparty.io.grpc.internal.ManagedChannelOrphanWrapper.<init>(ManagedChannelOrphanWrapper.java:53)
	at org.apache.ratis.thirdparty.io.grpc.internal.ManagedChannelOrphanWrapper.<init>(ManagedChannelOrphanWrapper.java:44)
	at org.apache.ratis.thirdparty.io.grpc.internal.ManagedChannelImplBuilder.build(ManagedChannelImplBuilder.java:630)
	at org.apache.ratis.thirdparty.io.grpc.internal.AbstractManagedChannelImplBuilder.build(AbstractManagedChannelImplBuilder.java:297)
	at org.apache.hadoop.hdds.scm.XceiverClientGrpc.connectToDatanode(XceiverClientGrpc.java:205)
	at org.apache.hadoop.hdds.scm.XceiverClientGrpc.connect(XceiverClientGrpc.java:158)
	at org.apache.hadoop.hdds.scm.XceiverClientManager$2.call(XceiverClientManager.java:243)
	at org.apache.hadoop.hdds.scm.XceiverClientManager$2.call(XceiverClientManager.java:224)
	at com.google.common.cache.LocalCache$LocalManualCache$1.load(LocalCache.java:4868)
	at com.google.common.cache.LocalCache$LoadingValueReference.loadFuture(LocalCache.java:3533)
	at com.google.common.cache.LocalCache$Segment.loadSync(LocalCache.java:2282)
	at com.google.common.cache.LocalCache$Segment.lockedGetOrLoad(LocalCache.java:2159)
	at com.google.common.cache.LocalCache$Segment.get(LocalCache.java:2049)
	at com.google.common.cache.LocalCache.get(LocalCache.java:3966)
	at com.google.common.cache.LocalCache$LocalManualCache.get(LocalCache.java:4863)
	at org.apache.hadoop.hdds.scm.XceiverClientManager.getClient(XceiverClientManager.java:224)
	at org.apache.hadoop.hdds.scm.XceiverClientManager.acquireClient(XceiverClientManager.java:168)
	at org.apache.hadoop.hdds.scm.XceiverClientManager.acquireClient(XceiverClientManager.java:141)
	at org.apache.hadoop.hdds.scm.storage.BlockOutputStream.<init>(BlockOutputStream.java:161)
	at org.apache.hadoop.hdds.scm.storage.ECBlockOutputStream.<init>(ECBlockOutputStream.java:78)
	at org.apache.hadoop.ozone.client.io.ECBlockOutputStreamEntry.checkStream(ECBlockOutputStreamEntry.java:101)
	at org.apache.hadoop.ozone.client.io.BlockOutputStreamEntry.write(BlockOutputStreamEntry.java:123)
	at org.apache.hadoop.ozone.client.io.ECKeyOutputStream.writeToOutputStream(ECKeyOutputStream.java:408)
	at org.apache.hadoop.ozone.client.io.ECKeyOutputStream.handleOutputStreamWrite(ECKeyOutputStream.java:392)
	at org.apache.hadoop.ozone.client.io.ECKeyOutputStream.close(ECKeyOutputStream.java:490)
	at org.apache.hadoop.ozone.client.io.OzoneOutputStream.close(OzoneOutputStream.java:61)
	at org.apache.hadoop.ozone.TestDataUtil.createKey(TestDataUtil.java:115)
	at org.apache.hadoop.ozone.scm.node.TestDecommissionAndMaintenance.generateData(TestDecommissionAndMaintenance.java:621)
	at org.apache.hadoop.ozone.scm.node.TestDecommissionAndMaintenance.testSingleNodeWithOpenPipelineCanGotoMaintenance(TestDecommissionAndMaintenance.java:313)
	at sun.reflect.NativeMethodAccessorImpl.invoke0(Native Method)
	at sun.reflect.NativeMethodAccessorImpl.invoke(NativeMethodAccessorImpl.java:62)
	at sun.reflect.DelegatingMethodAccessorImpl.invoke(DelegatingMethodAccessorImpl.java:43)
	at java.lang.reflect.Method.invoke(Method.java:498)
	at org.junit.platform.commons.util.ReflectionUtils.invokeMethod(ReflectionUtils.java:725)
	at org.junit.jupiter.engine.execution.MethodInvocation.proceed(MethodInvocation.java:60)
	at org.junit.jupiter.engine.execution.InvocationInterceptorChain$ValidatingInvocation.proceed(InvocationInterceptorChain.java:131)
	at org.junit.jupiter.engine.extension.TimeoutExtension.intercept(TimeoutExtension.java:149)
	at org.junit.jupiter.engine.extension.TimeoutExtension.interceptTestableMethod(TimeoutExtension.java:140)
	at org.junit.jupiter.engine.extension.TimeoutExtension.interceptTestMethod(TimeoutExtension.java:84)
	at org.junit.jupiter.engine.execution.ExecutableInvoker$ReflectiveInterceptorCall.lambda$ofVoidMethod$0(ExecutableInvoker.java:115)
	at org.junit.jupiter.engine.execution.ExecutableInvoker.lambda$invoke$0(ExecutableInvoker.java:105)
	at org.junit.jupiter.engine.execution.InvocationInterceptorChain$InterceptedInvocation.proceed(InvocationInterceptorChain.java:106)
	at org.junit.jupiter.engine.execution.InvocationInterceptorChain.proceed(InvocationInterceptorChain.java:64)
	at org.junit.jupiter.engine.execution.InvocationInterceptorChain.chainAndInvoke(InvocationInterceptorChain.java:45)
	at org.junit.jupiter.engine.execution.InvocationInterceptorChain.invoke(InvocationInterceptorChain.java:37)
	at org.junit.jupiter.engine.execution.ExecutableInvoker.invoke(ExecutableInvoker.java:104)
	at org.junit.jupiter.engine.execution.ExecutableInvoker.invoke(ExecutableInvoker.java:98)
	at org.junit.jupiter.engine.descriptor.TestMethodTestDescriptor.lambda$invokeTestMethod$7(TestMethodTestDescriptor.java:214)
	at org.junit.platform.engine.support.hierarchical.ThrowableCollector.execute(ThrowableCollector.java:73)
	at org.junit.jupiter.engine.descriptor.TestMethodTestDescriptor.invokeTestMethod(TestMethodTestDescriptor.java:210)
	at org.junit.jupiter.engine.descriptor.TestMethodTestDescriptor.execute(TestMethodTestDescriptor.java:135)
	at org.junit.jupiter.engine.descriptor.TestMethodTestDescriptor.execute(TestMethodTestDescriptor.java:66)
	at org.junit.platform.engine.support.hierarchical.NodeTestTask.lambda$executeRecursively$6(NodeTestTask.java:151)
	at org.junit.platform.engine.support.hierarchical.ThrowableCollector.execute(ThrowableCollector.java:73)
	at org.junit.platform.engine.support.hierarchical.NodeTestTask.lambda$executeRecursively$8(NodeTestTask.java:141)
	at org.junit.platform.engine.support.hierarchical.Node.around(Node.java:137)
	at org.junit.platform.engine.support.hierarchical.NodeTestTask.lambda$executeRecursively$9(NodeTestTask.java:139)
	at org.junit.platform.engine.support.hierarchical.ThrowableCollector.execute(ThrowableCollector.java:73)
	at org.junit.platform.engine.support.hierarchical.NodeTestTask.executeRecursively(NodeTestTask.java:138)
	at org.junit.platform.engine.support.hierarchical.NodeTestTask.execute(NodeTestTask.java:95)
	at java.util.ArrayList.forEach(ArrayList.java:1259)
	at org.junit.platform.engine.support.hierarchical.SameThreadHierarchicalTestExecutorService.invokeAll(SameThreadHierarchicalTestExecutorService.java:41)
	at org.junit.platform.engine.support.hierarchical.NodeTestTask.lambda$executeRecursively$6(NodeTestTask.java:155)
	at org.junit.platform.engine.support.hierarchical.ThrowableCollector.execute(ThrowableCollector.java:73)
	at org.junit.platform.engine.support.hierarchical.NodeTestTask.lambda$executeRecursively$8(NodeTestTask.java:141)
	at org.junit.platform.engine.support.hierarchical.Node.around(Node.java:137)
	at org.junit.platform.engine.support.hierarchical.NodeTestTask.lambda$executeRecursively$9(NodeTestTask.java:139)
	at org.junit.platform.engine.support.hierarchical.ThrowableCollector.execute(ThrowableCollector.java:73)
	at org.junit.platform.engine.support.hierarchical.NodeTestTask.executeRecursively(NodeTestTask.java:138)
	at org.junit.platform.engine.support.hierarchical.NodeTestTask.execute(NodeTestTask.java:95)
	at java.util.ArrayList.forEach(ArrayList.java:1259)
	at org.junit.platform.engine.support.hierarchical.SameThreadHierarchicalTestExecutorService.invokeAll(SameThreadHierarchicalTestExecutorService.java:41)
	at org.junit.platform.engine.support.hierarchical.NodeTestTask.lambda$executeRecursively$6(NodeTestTask.java:155)
	at org.junit.platform.engine.support.hierarchical.ThrowableCollector.execute(ThrowableCollector.java:73)
	at org.junit.platform.engine.support.hierarchical.NodeTestTask.lambda$executeRecursively$8(NodeTestTask.java:141)
	at org.junit.platform.engine.support.hierarchical.Node.around(Node.java:137)
	at org.junit.platform.engine.support.hierarchical.NodeTestTask.lambda$executeRecursively$9(NodeTestTask.java:139)
	at org.junit.platform.engine.support.hierarchical.ThrowableCollector.execute(ThrowableCollector.java:73)
	at org.junit.platform.engine.support.hierarchical.NodeTestTask.executeRecursively(NodeTestTask.java:138)
	at org.junit.platform.engine.support.hierarchical.NodeTestTask.execute(NodeTestTask.java:95)
	at org.junit.platform.engine.support.hierarchical.SameThreadHierarchicalTestExecutorService.submit(SameThreadHierarchicalTestExecutorService.java:35)
	at org.junit.platform.engine.support.hierarchical.HierarchicalTestExecutor.execute(HierarchicalTestExecutor.java:57)
	at org.junit.platform.engine.support.hierarchical.HierarchicalTestEngine.execute(HierarchicalTestEngine.java:54)
	at org.junit.platform.launcher.core.EngineExecutionOrchestrator.execute(EngineExecutionOrchestrator.java:107)
	at org.junit.platform.launcher.core.EngineExecutionOrchestrator.execute(EngineExecutionOrchestrator.java:88)
	at org.junit.platform.launcher.core.EngineExecutionOrchestrator.lambda$execute$0(EngineExecutionOrchestrator.java:54)
	at org.junit.platform.launcher.core.EngineExecutionOrchestrator.withInterceptedStreams(EngineExecutionOrchestrator.java:67)
	at org.junit.platform.launcher.core.EngineExecutionOrchestrator.execute(EngineExecutionOrchestrator.java:52)
	at org.junit.platform.launcher.core.DefaultLauncher.execute(DefaultLauncher.java:114)
	at org.junit.platform.launcher.core.DefaultLauncher.execute(DefaultLauncher.java:86)
	at org.junit.platform.launcher.core.DefaultLauncherSession$DelegatingLauncher.execute(DefaultLauncherSession.java:86)
	at org.junit.platform.launcher.core.SessionPerRequestLauncher.execute(SessionPerRequestLauncher.java:53)
	at org.apache.maven.surefire.junitplatform.JUnitPlatformProvider.execute(JUnitPlatformProvider.java:188)
	at org.apache.maven.surefire.junitplatform.JUnitPlatformProvider.invokeAllTests(JUnitPlatformProvider.java:154)
	at org.apache.maven.surefire.junitplatform.JUnitPlatformProvider.invoke(JUnitPlatformProvider.java:124)
	at org.apache.maven.surefire.booter.ForkedBooter.runSuitesInProcess(ForkedBooter.java:428)
	at org.apache.maven.surefire.booter.ForkedBooter.execute(ForkedBooter.java:162)
	at org.apache.maven.surefire.booter.ForkedBooter.run(ForkedBooter.java:562)
	at org.apache.maven.surefire.booter.ForkedBooter.main(ForkedBooter.java:548)

Nov 18, 2022 1:06:03 PM org.apache.ratis.thirdparty.io.grpc.internal.ManagedChannelOrphanWrapper$ManagedChannelReference cleanQueue
SEVERE: *~*~*~ Channel ManagedChannelImpl{logId=1523, target=10.1.0.56:34509} was not shutdown properly!!! ~*~*~*
    Make sure to call shutdown()/shutdownNow() and wait until awaitTermination() returns true.
java.lang.RuntimeException: ManagedChannel allocation site
	at org.apache.ratis.thirdparty.io.grpc.internal.ManagedChannelOrphanWrapper$ManagedChannelReference.<init>(ManagedChannelOrphanWrapper.java:93)
	at org.apache.ratis.thirdparty.io.grpc.internal.ManagedChannelOrphanWrapper.<init>(ManagedChannelOrphanWrapper.java:53)
	at org.apache.ratis.thirdparty.io.grpc.internal.ManagedChannelOrphanWrapper.<init>(ManagedChannelOrphanWrapper.java:44)
	at org.apache.ratis.thirdparty.io.grpc.internal.ManagedChannelImplBuilder.build(ManagedChannelImplBuilder.java:630)
	at org.apache.ratis.thirdparty.io.grpc.internal.AbstractManagedChannelImplBuilder.build(AbstractManagedChannelImplBuilder.java:297)
	at org.apache.hadoop.hdds.scm.XceiverClientGrpc.connectToDatanode(XceiverClientGrpc.java:205)
	at org.apache.hadoop.hdds.scm.XceiverClientGrpc.connect(XceiverClientGrpc.java:158)
	at org.apache.hadoop.hdds.scm.XceiverClientManager$2.call(XceiverClientManager.java:243)
	at org.apache.hadoop.hdds.scm.XceiverClientManager$2.call(XceiverClientManager.java:224)
	at com.google.common.cache.LocalCache$LocalManualCache$1.load(LocalCache.java:4868)
	at com.google.common.cache.LocalCache$LoadingValueReference.loadFuture(LocalCache.java:3533)
	at com.google.common.cache.LocalCache$Segment.loadSync(LocalCache.java:2282)
	at com.google.common.cache.LocalCache$Segment.lockedGetOrLoad(LocalCache.java:2159)
	at com.google.common.cache.LocalCache$Segment.get(LocalCache.java:2049)
	at com.google.common.cache.LocalCache.get(LocalCache.java:3966)
	at com.google.common.cache.LocalCache$LocalManualCache.get(LocalCache.java:4863)
	at org.apache.hadoop.hdds.scm.XceiverClientManager.getClient(XceiverClientManager.java:224)
	at org.apache.hadoop.hdds.scm.XceiverClientManager.acquireClient(XceiverClientManager.java:168)
	at org.apache.hadoop.hdds.scm.XceiverClientManager.acquireClient(XceiverClientManager.java:141)
	at org.apache.hadoop.hdds.scm.storage.BlockOutputStream.<init>(BlockOutputStream.java:161)
	at org.apache.hadoop.hdds.scm.storage.ECBlockOutputStream.<init>(ECBlockOutputStream.java:78)
	at org.apache.hadoop.ozone.client.io.ECBlockOutputStreamEntry.checkStream(ECBlockOutputStreamEntry.java:101)
	at org.apache.hadoop.ozone.client.io.BlockOutputStreamEntry.write(BlockOutputStreamEntry.java:123)
	at org.apache.hadoop.ozone.client.io.ECKeyOutputStream.writeToOutputStream(ECKeyOutputStream.java:408)
	at org.apache.hadoop.ozone.client.io.ECKeyOutputStream.handleOutputStreamWrite(ECKeyOutputStream.java:392)
	at org.apache.hadoop.ozone.client.io.ECKeyOutputStream.close(ECKeyOutputStream.java:490)
	at org.apache.hadoop.ozone.client.io.OzoneOutputStream.close(OzoneOutputStream.java:61)
	at org.apache.hadoop.ozone.TestDataUtil.createKey(TestDataUtil.java:115)
	at org.apache.hadoop.ozone.scm.node.TestDecommissionAndMaintenance.generateData(TestDecommissionAndMaintenance.java:621)
	at org.apache.hadoop.ozone.scm.node.TestDecommissionAndMaintenance.testSingleNodeWithOpenPipelineCanGotoMaintenance(TestDecommissionAndMaintenance.java:313)
	at sun.reflect.NativeMethodAccessorImpl.invoke0(Native Method)
	at sun.reflect.NativeMethodAccessorImpl.invoke(NativeMethodAccessorImpl.java:62)
	at sun.reflect.DelegatingMethodAccessorImpl.invoke(DelegatingMethodAccessorImpl.java:43)
	at java.lang.reflect.Method.invoke(Method.java:498)
	at org.junit.platform.commons.util.ReflectionUtils.invokeMethod(ReflectionUtils.java:725)
	at org.junit.jupiter.engine.execution.MethodInvocation.proceed(MethodInvocation.java:60)
	at org.junit.jupiter.engine.execution.InvocationInterceptorChain$ValidatingInvocation.proceed(InvocationInterceptorChain.java:131)
	at org.junit.jupiter.engine.extension.TimeoutExtension.intercept(TimeoutExtension.java:149)
	at org.junit.jupiter.engine.extension.TimeoutExtension.interceptTestableMethod(TimeoutExtension.java:140)
	at org.junit.jupiter.engine.extension.TimeoutExtension.interceptTestMethod(TimeoutExtension.java:84)
	at org.junit.jupiter.engine.execution.ExecutableInvoker$ReflectiveInterceptorCall.lambda$ofVoidMethod$0(ExecutableInvoker.java:115)
	at org.junit.jupiter.engine.execution.ExecutableInvoker.lambda$invoke$0(ExecutableInvoker.java:105)
	at org.junit.jupiter.engine.execution.InvocationInterceptorChain$InterceptedInvocation.proceed(InvocationInterceptorChain.java:106)
	at org.junit.jupiter.engine.execution.InvocationInterceptorChain.proceed(InvocationInterceptorChain.java:64)
	at org.junit.jupiter.engine.execution.InvocationInterceptorChain.chainAndInvoke(InvocationInterceptorChain.java:45)
	at org.junit.jupiter.engine.execution.InvocationInterceptorChain.invoke(InvocationInterceptorChain.java:37)
	at org.junit.jupiter.engine.execution.ExecutableInvoker.invoke(ExecutableInvoker.java:104)
	at org.junit.jupiter.engine.execution.ExecutableInvoker.invoke(ExecutableInvoker.java:98)
	at org.junit.jupiter.engine.descriptor.TestMethodTestDescriptor.lambda$invokeTestMethod$7(TestMethodTestDescriptor.java:214)
	at org.junit.platform.engine.support.hierarchical.ThrowableCollector.execute(ThrowableCollector.java:73)
	at org.junit.jupiter.engine.descriptor.TestMethodTestDescriptor.invokeTestMethod(TestMethodTestDescriptor.java:210)
	at org.junit.jupiter.engine.descriptor.TestMethodTestDescriptor.execute(TestMethodTestDescriptor.java:135)
	at org.junit.jupiter.engine.descriptor.TestMethodTestDescriptor.execute(TestMethodTestDescriptor.java:66)
	at org.junit.platform.engine.support.hierarchical.NodeTestTask.lambda$executeRecursively$6(NodeTestTask.java:151)
	at org.junit.platform.engine.support.hierarchical.ThrowableCollector.execute(ThrowableCollector.java:73)
	at org.junit.platform.engine.support.hierarchical.NodeTestTask.lambda$executeRecursively$8(NodeTestTask.java:141)
	at org.junit.platform.engine.support.hierarchical.Node.around(Node.java:137)
	at org.junit.platform.engine.support.hierarchical.NodeTestTask.lambda$executeRecursively$9(NodeTestTask.java:139)
	at org.junit.platform.engine.support.hierarchical.ThrowableCollector.execute(ThrowableCollector.java:73)
	at org.junit.platform.engine.support.hierarchical.NodeTestTask.executeRecursively(NodeTestTask.java:138)
	at org.junit.platform.engine.support.hierarchical.NodeTestTask.execute(NodeTestTask.java:95)
	at java.util.ArrayList.forEach(ArrayList.java:1259)
	at org.junit.platform.engine.support.hierarchical.SameThreadHierarchicalTestExecutorService.invokeAll(SameThreadHierarchicalTestExecutorService.java:41)
	at org.junit.platform.engine.support.hierarchical.NodeTestTask.lambda$executeRecursively$6(NodeTestTask.java:155)
	at org.junit.platform.engine.support.hierarchical.ThrowableCollector.execute(ThrowableCollector.java:73)
	at org.junit.platform.engine.support.hierarchical.NodeTestTask.lambda$executeRecursively$8(NodeTestTask.java:141)
	at org.junit.platform.engine.support.hierarchical.Node.around(Node.java:137)
	at org.junit.platform.engine.support.hierarchical.NodeTestTask.lambda$executeRecursively$9(NodeTestTask.java:139)
	at org.junit.platform.engine.support.hierarchical.ThrowableCollector.execute(ThrowableCollector.java:73)
	at org.junit.platform.engine.support.hierarchical.NodeTestTask.executeRecursively(NodeTestTask.java:138)
	at org.junit.platform.engine.support.hierarchical.NodeTestTask.execute(NodeTestTask.java:95)
	at java.util.ArrayList.forEach(ArrayList.java:1259)
	at org.junit.platform.engine.support.hierarchical.SameThreadHierarchicalTestExecutorService.invokeAll(SameThreadHierarchicalTestExecutorService.java:41)
	at org.junit.platform.engine.support.hierarchical.NodeTestTask.lambda$executeRecursively$6(NodeTestTask.java:155)
	at org.junit.platform.engine.support.hierarchical.ThrowableCollector.execute(ThrowableCollector.java:73)
	at org.junit.platform.engine.support.hierarchical.NodeTestTask.lambda$executeRecursively$8(NodeTestTask.java:141)
	at org.junit.platform.engine.support.hierarchical.Node.around(Node.java:137)
	at org.junit.platform.engine.support.hierarchical.NodeTestTask.lambda$executeRecursively$9(NodeTestTask.java:139)
	at org.junit.platform.engine.support.hierarchical.ThrowableCollector.execute(ThrowableCollector.java:73)
	at org.junit.platform.engine.support.hierarchical.NodeTestTask.executeRecursively(NodeTestTask.java:138)
	at org.junit.platform.engine.support.hierarchical.NodeTestTask.execute(NodeTestTask.java:95)
	at org.junit.platform.engine.support.hierarchical.SameThreadHierarchicalTestExecutorService.submit(SameThreadHierarchicalTestExecutorService.java:35)
	at org.junit.platform.engine.support.hierarchical.HierarchicalTestExecutor.execute(HierarchicalTestExecutor.java:57)
	at org.junit.platform.engine.support.hierarchical.HierarchicalTestEngine.execute(HierarchicalTestEngine.java:54)
	at org.junit.platform.launcher.core.EngineExecutionOrchestrator.execute(EngineExecutionOrchestrator.java:107)
	at org.junit.platform.launcher.core.EngineExecutionOrchestrator.execute(EngineExecutionOrchestrator.java:88)
	at org.junit.platform.launcher.core.EngineExecutionOrchestrator.lambda$execute$0(EngineExecutionOrchestrator.java:54)
	at org.junit.platform.launcher.core.EngineExecutionOrchestrator.withInterceptedStreams(EngineExecutionOrchestrator.java:67)
	at org.junit.platform.launcher.core.EngineExecutionOrchestrator.execute(EngineExecutionOrchestrator.java:52)
	at org.junit.platform.launcher.core.DefaultLauncher.execute(DefaultLauncher.java:114)
	at org.junit.platform.launcher.core.DefaultLauncher.execute(DefaultLauncher.java:86)
	at org.junit.platform.launcher.core.DefaultLauncherSession$DelegatingLauncher.execute(DefaultLauncherSession.java:86)
	at org.junit.platform.launcher.core.SessionPerRequestLauncher.execute(SessionPerRequestLauncher.java:53)
	at org.apache.maven.surefire.junitplatform.JUnitPlatformProvider.execute(JUnitPlatformProvider.java:188)
	at org.apache.maven.surefire.junitplatform.JUnitPlatformProvider.invokeAllTests(JUnitPlatformProvider.java:154)
	at org.apache.maven.surefire.junitplatform.JUnitPlatformProvider.invoke(JUnitPlatformProvider.java:124)
	at org.apache.maven.surefire.booter.ForkedBooter.runSuitesInProcess(ForkedBooter.java:428)
	at org.apache.maven.surefire.booter.ForkedBooter.execute(ForkedBooter.java:162)
	at org.apache.maven.surefire.booter.ForkedBooter.run(ForkedBooter.java:562)
	at org.apache.maven.surefire.booter.ForkedBooter.main(ForkedBooter.java:548)

Nov 18, 2022 1:06:03 PM org.apache.ratis.thirdparty.io.grpc.internal.ManagedChannelOrphanWrapper$ManagedChannelReference cleanQueue
SEVERE: *~*~*~ Channel ManagedChannelImpl{logId=1443, target=10.1.0.56:33243} was not shutdown properly!!! ~*~*~*
    Make sure to call shutdown()/shutdownNow() and wait until awaitTermination() returns true.
java.lang.RuntimeException: ManagedChannel allocation site
	at org.apache.ratis.thirdparty.io.grpc.internal.ManagedChannelOrphanWrapper$ManagedChannelReference.<init>(ManagedChannelOrphanWrapper.java:93)
	at org.apache.ratis.thirdparty.io.grpc.internal.ManagedChannelOrphanWrapper.<init>(ManagedChannelOrphanWrapper.java:53)
	at org.apache.ratis.thirdparty.io.grpc.internal.ManagedChannelOrphanWrapper.<init>(ManagedChannelOrphanWrapper.java:44)
	at org.apache.ratis.thirdparty.io.grpc.internal.ManagedChannelImplBuilder.build(ManagedChannelImplBuilder.java:630)
	at org.apache.ratis.thirdparty.io.grpc.internal.AbstractManagedChannelImplBuilder.build(AbstractManagedChannelImplBuilder.java:297)
	at org.apache.hadoop.hdds.scm.XceiverClientGrpc.connectToDatanode(XceiverClientGrpc.java:205)
	at org.apache.hadoop.hdds.scm.XceiverClientGrpc.connect(XceiverClientGrpc.java:158)
	at org.apache.hadoop.hdds.scm.XceiverClientManager$2.call(XceiverClientManager.java:243)
	at org.apache.hadoop.hdds.scm.XceiverClientManager$2.call(XceiverClientManager.java:224)
	at com.google.common.cache.LocalCache$LocalManualCache$1.load(LocalCache.java:4868)
	at com.google.common.cache.LocalCache$LoadingValueReference.loadFuture(LocalCache.java:3533)
	at com.google.common.cache.LocalCache$Segment.loadSync(LocalCache.java:2282)
	at com.google.common.cache.LocalCache$Segment.lockedGetOrLoad(LocalCache.java:2159)
	at com.google.common.cache.LocalCache$Segment.get(LocalCache.java:2049)
	at com.google.common.cache.LocalCache.get(LocalCache.java:3966)
	at com.google.common.cache.LocalCache$LocalManualCache.get(LocalCache.java:4863)
	at org.apache.hadoop.hdds.scm.XceiverClientManager.getClient(XceiverClientManager.java:224)
	at org.apache.hadoop.hdds.scm.XceiverClientManager.acquireClient(XceiverClientManager.java:168)
	at org.apache.hadoop.hdds.scm.XceiverClientManager.acquireClient(XceiverClientManager.java:141)
	at org.apache.hadoop.hdds.scm.storage.BlockOutputStream.<init>(BlockOutputStream.java:161)
	at org.apache.hadoop.hdds.scm.storage.ECBlockOutputStream.<init>(ECBlockOutputStream.java:78)
	at org.apache.hadoop.ozone.client.io.ECBlockOutputStreamEntry.checkStream(ECBlockOutputStreamEntry.java:101)
	at org.apache.hadoop.ozone.client.io.BlockOutputStreamEntry.write(BlockOutputStreamEntry.java:123)
	at org.apache.hadoop.ozone.client.io.ECKeyOutputStream.writeToOutputStream(ECKeyOutputStream.java:408)
	at org.apache.hadoop.ozone.client.io.ECKeyOutputStream.handleOutputStreamWrite(ECKeyOutputStream.java:392)
	at org.apache.hadoop.ozone.client.io.ECKeyOutputStream.close(ECKeyOutputStream.java:490)
	at org.apache.hadoop.ozone.client.io.OzoneOutputStream.close(OzoneOutputStream.java:61)
	at org.apache.hadoop.ozone.TestDataUtil.createKey(TestDataUtil.java:115)
	at org.apache.hadoop.ozone.scm.node.TestDecommissionAndMaintenance.generateData(TestDecommissionAndMaintenance.java:621)
	at org.apache.hadoop.ozone.scm.node.TestDecommissionAndMaintenance.testSingleNodeWithOpenPipelineCanGotoMaintenance(TestDecommissionAndMaintenance.java:313)
	at sun.reflect.NativeMethodAccessorImpl.invoke0(Native Method)
	at sun.reflect.NativeMethodAccessorImpl.invoke(NativeMethodAccessorImpl.java:62)
	at sun.reflect.DelegatingMethodAccessorImpl.invoke(DelegatingMethodAccessorImpl.java:43)
	at java.lang.reflect.Method.invoke(Method.java:498)
	at org.junit.platform.commons.util.ReflectionUtils.invokeMethod(ReflectionUtils.java:725)
	at org.junit.jupiter.engine.execution.MethodInvocation.proceed(MethodInvocation.java:60)
	at org.junit.jupiter.engine.execution.InvocationInterceptorChain$ValidatingInvocation.proceed(InvocationInterceptorChain.java:131)
	at org.junit.jupiter.engine.extension.TimeoutExtension.intercept(TimeoutExtension.java:149)
	at org.junit.jupiter.engine.extension.TimeoutExtension.interceptTestableMethod(TimeoutExtension.java:140)
	at org.junit.jupiter.engine.extension.TimeoutExtension.interceptTestMethod(TimeoutExtension.java:84)
	at org.junit.jupiter.engine.execution.ExecutableInvoker$ReflectiveInterceptorCall.lambda$ofVoidMethod$0(ExecutableInvoker.java:115)
	at org.junit.jupiter.engine.execution.ExecutableInvoker.lambda$invoke$0(ExecutableInvoker.java:105)
	at org.junit.jupiter.engine.execution.InvocationInterceptorChain$InterceptedInvocation.proceed(InvocationInterceptorChain.java:106)
	at org.junit.jupiter.engine.execution.InvocationInterceptorChain.proceed(InvocationInterceptorChain.java:64)
	at org.junit.jupiter.engine.execution.InvocationInterceptorChain.chainAndInvoke(InvocationInterceptorChain.java:45)
	at org.junit.jupiter.engine.execution.InvocationInterceptorChain.invoke(InvocationInterceptorChain.java:37)
	at org.junit.jupiter.engine.execution.ExecutableInvoker.invoke(ExecutableInvoker.java:104)
	at org.junit.jupiter.engine.execution.ExecutableInvoker.invoke(ExecutableInvoker.java:98)
	at org.junit.jupiter.engine.descriptor.TestMethodTestDescriptor.lambda$invokeTestMethod$7(TestMethodTestDescriptor.java:214)
	at org.junit.platform.engine.support.hierarchical.ThrowableCollector.execute(ThrowableCollector.java:73)
	at org.junit.jupiter.engine.descriptor.TestMethodTestDescriptor.invokeTestMethod(TestMethodTestDescriptor.java:210)
	at org.junit.jupiter.engine.descriptor.TestMethodTestDescriptor.execute(TestMethodTestDescriptor.java:135)
	at org.junit.jupiter.engine.descriptor.TestMethodTestDescriptor.execute(TestMethodTestDescriptor.java:66)
	at org.junit.platform.engine.support.hierarchical.NodeTestTask.lambda$executeRecursively$6(NodeTestTask.java:151)
	at org.junit.platform.engine.support.hierarchical.ThrowableCollector.execute(ThrowableCollector.java:73)
	at org.junit.platform.engine.support.hierarchical.NodeTestTask.lambda$executeRecursively$8(NodeTestTask.java:141)
	at org.junit.platform.engine.support.hierarchical.Node.around(Node.java:137)
	at org.junit.platform.engine.support.hierarchical.NodeTestTask.lambda$executeRecursively$9(NodeTestTask.java:139)
	at org.junit.platform.engine.support.hierarchical.ThrowableCollector.execute(ThrowableCollector.java:73)
	at org.junit.platform.engine.support.hierarchical.NodeTestTask.executeRecursively(NodeTestTask.java:138)
	at org.junit.platform.engine.support.hierarchical.NodeTestTask.execute(NodeTestTask.java:95)
	at java.util.ArrayList.forEach(ArrayList.java:1259)
	at org.junit.platform.engine.support.hierarchical.SameThreadHierarchicalTestExecutorService.invokeAll(SameThreadHierarchicalTestExecutorService.java:41)
	at org.junit.platform.engine.support.hierarchical.NodeTestTask.lambda$executeRecursively$6(NodeTestTask.java:155)
	at org.junit.platform.engine.support.hierarchical.ThrowableCollector.execute(ThrowableCollector.java:73)
	at org.junit.platform.engine.support.hierarchical.NodeTestTask.lambda$executeRecursively$8(NodeTestTask.java:141)
	at org.junit.platform.engine.support.hierarchical.Node.around(Node.java:137)
	at org.junit.platform.engine.support.hierarchical.NodeTestTask.lambda$executeRecursively$9(NodeTestTask.java:139)
	at org.junit.platform.engine.support.hierarchical.ThrowableCollector.execute(ThrowableCollector.java:73)
	at org.junit.platform.engine.support.hierarchical.NodeTestTask.executeRecursively(NodeTestTask.java:138)
	at org.junit.platform.engine.support.hierarchical.NodeTestTask.execute(NodeTestTask.java:95)
	at java.util.ArrayList.forEach(ArrayList.java:1259)
	at org.junit.platform.engine.support.hierarchical.SameThreadHierarchicalTestExecutorService.invokeAll(SameThreadHierarchicalTestExecutorService.java:41)
	at org.junit.platform.engine.support.hierarchical.NodeTestTask.lambda$executeRecursively$6(NodeTestTask.java:155)
	at org.junit.platform.engine.support.hierarchical.ThrowableCollector.execute(ThrowableCollector.java:73)
	at org.junit.platform.engine.support.hierarchical.NodeTestTask.lambda$executeRecursively$8(NodeTestTask.java:141)
	at org.junit.platform.engine.support.hierarchical.Node.around(Node.java:137)
	at org.junit.platform.engine.support.hierarchical.NodeTestTask.lambda$executeRecursively$9(NodeTestTask.java:139)
	at org.junit.platform.engine.support.hierarchical.ThrowableCollector.execute(ThrowableCollector.java:73)
	at org.junit.platform.engine.support.hierarchical.NodeTestTask.executeRecursively(NodeTestTask.java:138)
	at org.junit.platform.engine.support.hierarchical.NodeTestTask.execute(NodeTestTask.java:95)
	at org.junit.platform.engine.support.hierarchical.SameThreadHierarchicalTestExecutorService.submit(SameThreadHierarchicalTestExecutorService.java:35)
	at org.junit.platform.engine.support.hierarchical.HierarchicalTestExecutor.execute(HierarchicalTestExecutor.java:57)
	at org.junit.platform.engine.support.hierarchical.HierarchicalTestEngine.execute(HierarchicalTestEngine.java:54)
	at org.junit.platform.launcher.core.EngineExecutionOrchestrator.execute(EngineExecutionOrchestrator.java:107)
	at org.junit.platform.launcher.core.EngineExecutionOrchestrator.execute(EngineExecutionOrchestrator.java:88)
	at org.junit.platform.launcher.core.EngineExecutionOrchestrator.lambda$execute$0(EngineExecutionOrchestrator.java:54)
	at org.junit.platform.launcher.core.EngineExecutionOrchestrator.withInterceptedStreams(EngineExecutionOrchestrator.java:67)
	at org.junit.platform.launcher.core.EngineExecutionOrchestrator.execute(EngineExecutionOrchestrator.java:52)
	at org.junit.platform.launcher.core.DefaultLauncher.execute(DefaultLauncher.java:114)
	at org.junit.platform.launcher.core.DefaultLauncher.execute(DefaultLauncher.java:86)
	at org.junit.platform.launcher.core.DefaultLauncherSession$DelegatingLauncher.execute(DefaultLauncherSession.java:86)
	at org.junit.platform.launcher.core.SessionPerRequestLauncher.execute(SessionPerRequestLauncher.java:53)
	at org.apache.maven.surefire.junitplatform.JUnitPlatformProvider.execute(JUnitPlatformProvider.java:188)
	at org.apache.maven.surefire.junitplatform.JUnitPlatformProvider.invokeAllTests(JUnitPlatformProvider.java:154)
	at org.apache.maven.surefire.junitplatform.JUnitPlatformProvider.invoke(JUnitPlatformProvider.java:124)
	at org.apache.maven.surefire.booter.ForkedBooter.runSuitesInProcess(ForkedBooter.java:428)
	at org.apache.maven.surefire.booter.ForkedBooter.execute(ForkedBooter.java:162)
	at org.apache.maven.surefire.booter.ForkedBooter.run(ForkedBooter.java:562)
	at org.apache.maven.surefire.booter.ForkedBooter.main(ForkedBooter.java:548)

Nov 18, 2022 1:06:03 PM org.apache.ratis.thirdparty.io.grpc.internal.ManagedChannelOrphanWrapper$ManagedChannelReference cleanQueue
SEVERE: *~*~*~ Channel ManagedChannelImpl{logId=1519, target=10.1.0.56:42547} was not shutdown properly!!! ~*~*~*
    Make sure to call shutdown()/shutdownNow() and wait until awaitTermination() returns true.
java.lang.RuntimeException: ManagedChannel allocation site
	at org.apache.ratis.thirdparty.io.grpc.internal.ManagedChannelOrphanWrapper$ManagedChannelReference.<init>(ManagedChannelOrphanWrapper.java:93)
	at org.apache.ratis.thirdparty.io.grpc.internal.ManagedChannelOrphanWrapper.<init>(ManagedChannelOrphanWrapper.java:53)
	at org.apache.ratis.thirdparty.io.grpc.internal.ManagedChannelOrphanWrapper.<init>(ManagedChannelOrphanWrapper.java:44)
	at org.apache.ratis.thirdparty.io.grpc.internal.ManagedChannelImplBuilder.build(ManagedChannelImplBuilder.java:630)
	at org.apache.ratis.thirdparty.io.grpc.internal.AbstractManagedChannelImplBuilder.build(AbstractManagedChannelImplBuilder.java:297)
	at org.apache.hadoop.hdds.scm.XceiverClientGrpc.connectToDatanode(XceiverClientGrpc.java:205)
	at org.apache.hadoop.hdds.scm.XceiverClientGrpc.connect(XceiverClientGrpc.java:158)
	at org.apache.hadoop.hdds.scm.XceiverClientManager$2.call(XceiverClientManager.java:243)
	at org.apache.hadoop.hdds.scm.XceiverClientManager$2.call(XceiverClientManager.java:224)
	at com.google.common.cache.LocalCache$LocalManualCache$1.load(LocalCache.java:4868)
	at com.google.common.cache.LocalCache$LoadingValueReference.loadFuture(LocalCache.java:3533)
	at com.google.common.cache.LocalCache$Segment.loadSync(LocalCache.java:2282)
	at com.google.common.cache.LocalCache$Segment.lockedGetOrLoad(LocalCache.java:2159)
	at com.google.common.cache.LocalCache$Segment.get(LocalCache.java:2049)
	at com.google.common.cache.LocalCache.get(LocalCache.java:3966)
	at com.google.common.cache.LocalCache$LocalManualCache.get(LocalCache.java:4863)
	at org.apache.hadoop.hdds.scm.XceiverClientManager.getClient(XceiverClientManager.java:224)
	at org.apache.hadoop.hdds.scm.XceiverClientManager.acquireClient(XceiverClientManager.java:168)
	at org.apache.hadoop.hdds.scm.XceiverClientManager.acquireClient(XceiverClientManager.java:141)
	at org.apache.hadoop.hdds.scm.storage.BlockOutputStream.<init>(BlockOutputStream.java:161)
	at org.apache.hadoop.hdds.scm.storage.ECBlockOutputStream.<init>(ECBlockOutputStream.java:78)
	at org.apache.hadoop.ozone.client.io.ECBlockOutputStreamEntry.checkStream(ECBlockOutputStreamEntry.java:101)
	at org.apache.hadoop.ozone.client.io.BlockOutputStreamEntry.write(BlockOutputStreamEntry.java:123)
	at org.apache.hadoop.ozone.client.io.ECKeyOutputStream.writeToOutputStream(ECKeyOutputStream.java:408)
	at org.apache.hadoop.ozone.client.io.ECKeyOutputStream.handleOutputStreamWrite(ECKeyOutputStream.java:392)
	at org.apache.hadoop.ozone.client.io.ECKeyOutputStream.close(ECKeyOutputStream.java:490)
	at org.apache.hadoop.ozone.client.io.OzoneOutputStream.close(OzoneOutputStream.java:61)
	at org.apache.hadoop.ozone.TestDataUtil.createKey(TestDataUtil.java:115)
	at org.apache.hadoop.ozone.scm.node.TestDecommissionAndMaintenance.generateData(TestDecommissionAndMaintenance.java:621)
	at org.apache.hadoop.ozone.scm.node.TestDecommissionAndMaintenance.testSingleNodeWithOpenPipelineCanGotoMaintenance(TestDecommissionAndMaintenance.java:313)
	at sun.reflect.NativeMethodAccessorImpl.invoke0(Native Method)
	at sun.reflect.NativeMethodAccessorImpl.invoke(NativeMethodAccessorImpl.java:62)
	at sun.reflect.DelegatingMethodAccessorImpl.invoke(DelegatingMethodAccessorImpl.java:43)
	at java.lang.reflect.Method.invoke(Method.java:498)
	at org.junit.platform.commons.util.ReflectionUtils.invokeMethod(ReflectionUtils.java:725)
	at org.junit.jupiter.engine.execution.MethodInvocation.proceed(MethodInvocation.java:60)
	at org.junit.jupiter.engine.execution.InvocationInterceptorChain$ValidatingInvocation.proceed(InvocationInterceptorChain.java:131)
	at org.junit.jupiter.engine.extension.TimeoutExtension.intercept(TimeoutExtension.java:149)
	at org.junit.jupiter.engine.extension.TimeoutExtension.interceptTestableMethod(TimeoutExtension.java:140)
	at org.junit.jupiter.engine.extension.TimeoutExtension.interceptTestMethod(TimeoutExtension.java:84)
	at org.junit.jupiter.engine.execution.ExecutableInvoker$ReflectiveInterceptorCall.lambda$ofVoidMethod$0(ExecutableInvoker.java:115)
	at org.junit.jupiter.engine.execution.ExecutableInvoker.lambda$invoke$0(ExecutableInvoker.java:105)
	at org.junit.jupiter.engine.execution.InvocationInterceptorChain$InterceptedInvocation.proceed(InvocationInterceptorChain.java:106)
	at org.junit.jupiter.engine.execution.InvocationInterceptorChain.proceed(InvocationInterceptorChain.java:64)
	at org.junit.jupiter.engine.execution.InvocationInterceptorChain.chainAndInvoke(InvocationInterceptorChain.java:45)
	at org.junit.jupiter.engine.execution.InvocationInterceptorChain.invoke(InvocationInterceptorChain.java:37)
	at org.junit.jupiter.engine.execution.ExecutableInvoker.invoke(ExecutableInvoker.java:104)
	at org.junit.jupiter.engine.execution.ExecutableInvoker.invoke(ExecutableInvoker.java:98)
	at org.junit.jupiter.engine.descriptor.TestMethodTestDescriptor.lambda$invokeTestMethod$7(TestMethodTestDescriptor.java:214)
	at org.junit.platform.engine.support.hierarchical.ThrowableCollector.execute(ThrowableCollector.java:73)
	at org.junit.jupiter.engine.descriptor.TestMethodTestDescriptor.invokeTestMethod(TestMethodTestDescriptor.java:210)
	at org.junit.jupiter.engine.descriptor.TestMethodTestDescriptor.execute(TestMethodTestDescriptor.java:135)
	at org.junit.jupiter.engine.descriptor.TestMethodTestDescriptor.execute(TestMethodTestDescriptor.java:66)
	at org.junit.platform.engine.support.hierarchical.NodeTestTask.lambda$executeRecursively$6(NodeTestTask.java:151)
	at org.junit.platform.engine.support.hierarchical.ThrowableCollector.execute(ThrowableCollector.java:73)
	at org.junit.platform.engine.support.hierarchical.NodeTestTask.lambda$executeRecursively$8(NodeTestTask.java:141)
	at org.junit.platform.engine.support.hierarchical.Node.around(Node.java:137)
	at org.junit.platform.engine.support.hierarchical.NodeTestTask.lambda$executeRecursively$9(NodeTestTask.java:139)
	at org.junit.platform.engine.support.hierarchical.ThrowableCollector.execute(ThrowableCollector.java:73)
	at org.junit.platform.engine.support.hierarchical.NodeTestTask.executeRecursively(NodeTestTask.java:138)
	at org.junit.platform.engine.support.hierarchical.NodeTestTask.execute(NodeTestTask.java:95)
	at java.util.ArrayList.forEach(ArrayList.java:1259)
	at org.junit.platform.engine.support.hierarchical.SameThreadHierarchicalTestExecutorService.invokeAll(SameThreadHierarchicalTestExecutorService.java:41)
	at org.junit.platform.engine.support.hierarchical.NodeTestTask.lambda$executeRecursively$6(NodeTestTask.java:155)
	at org.junit.platform.engine.support.hierarchical.ThrowableCollector.execute(ThrowableCollector.java:73)
	at org.junit.platform.engine.support.hierarchical.NodeTestTask.lambda$executeRecursively$8(NodeTestTask.java:141)
	at org.junit.platform.engine.support.hierarchical.Node.around(Node.java:137)
	at org.junit.platform.engine.support.hierarchical.NodeTestTask.lambda$executeRecursively$9(NodeTestTask.java:139)
	at org.junit.platform.engine.support.hierarchical.ThrowableCollector.execute(ThrowableCollector.java:73)
	at org.junit.platform.engine.support.hierarchical.NodeTestTask.executeRecursively(NodeTestTask.java:138)
	at org.junit.platform.engine.support.hierarchical.NodeTestTask.execute(NodeTestTask.java:95)
	at java.util.ArrayList.forEach(ArrayList.java:1259)
	at org.junit.platform.engine.support.hierarchical.SameThreadHierarchicalTestExecutorService.invokeAll(SameThreadHierarchicalTestExecutorService.java:41)
	at org.junit.platform.engine.support.hierarchical.NodeTestTask.lambda$executeRecursively$6(NodeTestTask.java:155)
	at org.junit.platform.engine.support.hierarchical.ThrowableCollector.execute(ThrowableCollector.java:73)
	at org.junit.platform.engine.support.hierarchical.NodeTestTask.lambda$executeRecursively$8(NodeTestTask.java:141)
	at org.junit.platform.engine.support.hierarchical.Node.around(Node.java:137)
	at org.junit.platform.engine.support.hierarchical.NodeTestTask.lambda$executeRecursively$9(NodeTestTask.java:139)
	at org.junit.platform.engine.support.hierarchical.ThrowableCollector.execute(ThrowableCollector.java:73)
	at org.junit.platform.engine.support.hierarchical.NodeTestTask.executeRecursively(NodeTestTask.java:138)
	at org.junit.platform.engine.support.hierarchical.NodeTestTask.execute(NodeTestTask.java:95)
	at org.junit.platform.engine.support.hierarchical.SameThreadHierarchicalTestExecutorService.submit(SameThreadHierarchicalTestExecutorService.java:35)
	at org.junit.platform.engine.support.hierarchical.HierarchicalTestExecutor.execute(HierarchicalTestExecutor.java:57)
	at org.junit.platform.engine.support.hierarchical.HierarchicalTestEngine.execute(HierarchicalTestEngine.java:54)
	at org.junit.platform.launcher.core.EngineExecutionOrchestrator.execute(EngineExecutionOrchestrator.java:107)
	at org.junit.platform.launcher.core.EngineExecutionOrchestrator.execute(EngineExecutionOrchestrator.java:88)
	at org.junit.platform.launcher.core.EngineExecutionOrchestrator.lambda$execute$0(EngineExecutionOrchestrator.java:54)
	at org.junit.platform.launcher.core.EngineExecutionOrchestrator.withInterceptedStreams(EngineExecutionOrchestrator.java:67)
	at org.junit.platform.launcher.core.EngineExecutionOrchestrator.execute(EngineExecutionOrchestrator.java:52)
	at org.junit.platform.launcher.core.DefaultLauncher.execute(DefaultLauncher.java:114)
	at org.junit.platform.launcher.core.DefaultLauncher.execute(DefaultLauncher.java:86)
	at org.junit.platform.launcher.core.DefaultLauncherSession$DelegatingLauncher.execute(DefaultLauncherSession.java:86)
	at org.junit.platform.launcher.core.SessionPerRequestLauncher.execute(SessionPerRequestLauncher.java:53)
	at org.apache.maven.surefire.junitplatform.JUnitPlatformProvider.execute(JUnitPlatformProvider.java:188)
	at org.apache.maven.surefire.junitplatform.JUnitPlatformProvider.invokeAllTests(JUnitPlatformProvider.java:154)
	at org.apache.maven.surefire.junitplatform.JUnitPlatformProvider.invoke(JUnitPlatformProvider.java:124)
	at org.apache.maven.surefire.booter.ForkedBooter.runSuitesInProcess(ForkedBooter.java:428)
	at org.apache.maven.surefire.booter.ForkedBooter.execute(ForkedBooter.java:162)
	at org.apache.maven.surefire.booter.ForkedBooter.run(ForkedBooter.java:562)
	at org.apache.maven.surefire.booter.ForkedBooter.main(ForkedBooter.java:548)

Nov 18, 2022 1:06:03 PM org.apache.ratis.thirdparty.io.grpc.internal.ManagedChannelOrphanWrapper$ManagedChannelReference cleanQueue
SEVERE: *~*~*~ Channel ManagedChannelImpl{logId=1548, target=10.1.0.56:38791} was not shutdown properly!!! ~*~*~*
    Make sure to call shutdown()/shutdownNow() and wait until awaitTermination() returns true.
java.lang.RuntimeException: ManagedChannel allocation site
	at org.apache.ratis.thirdparty.io.grpc.internal.ManagedChannelOrphanWrapper$ManagedChannelReference.<init>(ManagedChannelOrphanWrapper.java:93)
	at org.apache.ratis.thirdparty.io.grpc.internal.ManagedChannelOrphanWrapper.<init>(ManagedChannelOrphanWrapper.java:53)
	at org.apache.ratis.thirdparty.io.grpc.internal.ManagedChannelOrphanWrapper.<init>(ManagedChannelOrphanWrapper.java:44)
	at org.apache.ratis.thirdparty.io.grpc.internal.ManagedChannelImplBuilder.build(ManagedChannelImplBuilder.java:630)
	at org.apache.ratis.thirdparty.io.grpc.internal.AbstractManagedChannelImplBuilder.build(AbstractManagedChannelImplBuilder.java:297)
	at org.apache.hadoop.hdds.scm.XceiverClientGrpc.connectToDatanode(XceiverClientGrpc.java:205)
	at org.apache.hadoop.hdds.scm.XceiverClientGrpc.connect(XceiverClientGrpc.java:158)
	at org.apache.hadoop.hdds.scm.XceiverClientManager$2.call(XceiverClientManager.java:243)
	at org.apache.hadoop.hdds.scm.XceiverClientManager$2.call(XceiverClientManager.java:224)
	at com.google.common.cache.LocalCache$LocalManualCache$1.load(LocalCache.java:4868)
	at com.google.common.cache.LocalCache$LoadingValueReference.loadFuture(LocalCache.java:3533)
	at com.google.common.cache.LocalCache$Segment.loadSync(LocalCache.java:2282)
	at com.google.common.cache.LocalCache$Segment.lockedGetOrLoad(LocalCache.java:2159)
	at com.google.common.cache.LocalCache$Segment.get(LocalCache.java:2049)
	at com.google.common.cache.LocalCache.get(LocalCache.java:3966)
	at com.google.common.cache.LocalCache$LocalManualCache.get(LocalCache.java:4863)
	at org.apache.hadoop.hdds.scm.XceiverClientManager.getClient(XceiverClientManager.java:224)
	at org.apache.hadoop.hdds.scm.XceiverClientManager.acquireClient(XceiverClientManager.java:168)
	at org.apache.hadoop.hdds.scm.XceiverClientManager.acquireClient(XceiverClientManager.java:141)
	at org.apache.hadoop.hdds.scm.storage.BlockOutputStream.<init>(BlockOutputStream.java:161)
	at org.apache.hadoop.hdds.scm.storage.ECBlockOutputStream.<init>(ECBlockOutputStream.java:78)
	at org.apache.hadoop.ozone.client.io.ECBlockOutputStreamEntry.checkStream(ECBlockOutputStreamEntry.java:101)
	at org.apache.hadoop.ozone.client.io.BlockOutputStreamEntry.write(BlockOutputStreamEntry.java:123)
	at org.apache.hadoop.ozone.client.io.ECKeyOutputStream.writeToOutputStream(ECKeyOutputStream.java:408)
	at org.apache.hadoop.ozone.client.io.ECKeyOutputStream.handleOutputStreamWrite(ECKeyOutputStream.java:392)
	at org.apache.hadoop.ozone.client.io.ECKeyOutputStream.close(ECKeyOutputStream.java:490)
	at org.apache.hadoop.ozone.client.io.OzoneOutputStream.close(OzoneOutputStream.java:61)
	at org.apache.hadoop.ozone.TestDataUtil.createKey(TestDataUtil.java:115)
	at org.apache.hadoop.ozone.scm.node.TestDecommissionAndMaintenance.generateData(TestDecommissionAndMaintenance.java:621)
	at org.apache.hadoop.ozone.scm.node.TestDecommissionAndMaintenance.testSingleNodeWithOpenPipelineCanGotoMaintenance(TestDecommissionAndMaintenance.java:313)
	at sun.reflect.NativeMethodAccessorImpl.invoke0(Native Method)
	at sun.reflect.NativeMethodAccessorImpl.invoke(NativeMethodAccessorImpl.java:62)
	at sun.reflect.DelegatingMethodAccessorImpl.invoke(DelegatingMethodAccessorImpl.java:43)
	at java.lang.reflect.Method.invoke(Method.java:498)
	at org.junit.platform.commons.util.ReflectionUtils.invokeMethod(ReflectionUtils.java:725)
	at org.junit.jupiter.engine.execution.MethodInvocation.proceed(MethodInvocation.java:60)
	at org.junit.jupiter.engine.execution.InvocationInterceptorChain$ValidatingInvocation.proceed(InvocationInterceptorChain.java:131)
	at org.junit.jupiter.engine.extension.TimeoutExtension.intercept(TimeoutExtension.java:149)
	at org.junit.jupiter.engine.extension.TimeoutExtension.interceptTestableMethod(TimeoutExtension.java:140)
	at org.junit.jupiter.engine.extension.TimeoutExtension.interceptTestMethod(TimeoutExtension.java:84)
	at org.junit.jupiter.engine.execution.ExecutableInvoker$ReflectiveInterceptorCall.lambda$ofVoidMethod$0(ExecutableInvoker.java:115)
	at org.junit.jupiter.engine.execution.ExecutableInvoker.lambda$invoke$0(ExecutableInvoker.java:105)
	at org.junit.jupiter.engine.execution.InvocationInterceptorChain$InterceptedInvocation.proceed(InvocationInterceptorChain.java:106)
	at org.junit.jupiter.engine.execution.InvocationInterceptorChain.proceed(InvocationInterceptorChain.java:64)
	at org.junit.jupiter.engine.execution.InvocationInterceptorChain.chainAndInvoke(InvocationInterceptorChain.java:45)
	at org.junit.jupiter.engine.execution.InvocationInterceptorChain.invoke(InvocationInterceptorChain.java:37)
	at org.junit.jupiter.engine.execution.ExecutableInvoker.invoke(ExecutableInvoker.java:104)
	at org.junit.jupiter.engine.execution.ExecutableInvoker.invoke(ExecutableInvoker.java:98)
	at org.junit.jupiter.engine.descriptor.TestMethodTestDescriptor.lambda$invokeTestMethod$7(TestMethodTestDescriptor.java:214)
	at org.junit.platform.engine.support.hierarchical.ThrowableCollector.execute(ThrowableCollector.java:73)
	at org.junit.jupiter.engine.descriptor.TestMethodTestDescriptor.invokeTestMethod(TestMethodTestDescriptor.java:210)
	at org.junit.jupiter.engine.descriptor.TestMethodTestDescriptor.execute(TestMethodTestDescriptor.java:135)
	at org.junit.jupiter.engine.descriptor.TestMethodTestDescriptor.execute(TestMethodTestDescriptor.java:66)
	at org.junit.platform.engine.support.hierarchical.NodeTestTask.lambda$executeRecursively$6(NodeTestTask.java:151)
	at org.junit.platform.engine.support.hierarchical.ThrowableCollector.execute(ThrowableCollector.java:73)
	at org.junit.platform.engine.support.hierarchical.NodeTestTask.lambda$executeRecursively$8(NodeTestTask.java:141)
	at org.junit.platform.engine.support.hierarchical.Node.around(Node.java:137)
	at org.junit.platform.engine.support.hierarchical.NodeTestTask.lambda$executeRecursively$9(NodeTestTask.java:139)
	at org.junit.platform.engine.support.hierarchical.ThrowableCollector.execute(ThrowableCollector.java:73)
	at org.junit.platform.engine.support.hierarchical.NodeTestTask.executeRecursively(NodeTestTask.java:138)
	at org.junit.platform.engine.support.hierarchical.NodeTestTask.execute(NodeTestTask.java:95)
	at java.util.ArrayList.forEach(ArrayList.java:1259)
	at org.junit.platform.engine.support.hierarchical.SameThreadHierarchicalTestExecutorService.invokeAll(SameThreadHierarchicalTestExecutorService.java:41)
	at org.junit.platform.engine.support.hierarchical.NodeTestTask.lambda$executeRecursively$6(NodeTestTask.java:155)
	at org.junit.platform.engine.support.hierarchical.ThrowableCollector.execute(ThrowableCollector.java:73)
	at org.junit.platform.engine.support.hierarchical.NodeTestTask.lambda$executeRecursively$8(NodeTestTask.java:141)
	at org.junit.platform.engine.support.hierarchical.Node.around(Node.java:137)
	at org.junit.platform.engine.support.hierarchical.NodeTestTask.lambda$executeRecursively$9(NodeTestTask.java:139)
	at org.junit.platform.engine.support.hierarchical.ThrowableCollector.execute(ThrowableCollector.java:73)
	at org.junit.platform.engine.support.hierarchical.NodeTestTask.executeRecursively(NodeTestTask.java:138)
	at org.junit.platform.engine.support.hierarchical.NodeTestTask.execute(NodeTestTask.java:95)
	at java.util.ArrayList.forEach(ArrayList.java:1259)
	at org.junit.platform.engine.support.hierarchical.SameThreadHierarchicalTestExecutorService.invokeAll(SameThreadHierarchicalTestExecutorService.java:41)
	at org.junit.platform.engine.support.hierarchical.NodeTestTask.lambda$executeRecursively$6(NodeTestTask.java:155)
	at org.junit.platform.engine.support.hierarchical.ThrowableCollector.execute(ThrowableCollector.java:73)
	at org.junit.platform.engine.support.hierarchical.NodeTestTask.lambda$executeRecursively$8(NodeTestTask.java:141)
	at org.junit.platform.engine.support.hierarchical.Node.around(Node.java:137)
	at org.junit.platform.engine.support.hierarchical.NodeTestTask.lambda$executeRecursively$9(NodeTestTask.java:139)
	at org.junit.platform.engine.support.hierarchical.ThrowableCollector.execute(ThrowableCollector.java:73)
	at org.junit.platform.engine.support.hierarchical.NodeTestTask.executeRecursively(NodeTestTask.java:138)
	at org.junit.platform.engine.support.hierarchical.NodeTestTask.execute(NodeTestTask.java:95)
	at org.junit.platform.engine.support.hierarchical.SameThreadHierarchicalTestExecutorService.submit(SameThreadHierarchicalTestExecutorService.java:35)
	at org.junit.platform.engine.support.hierarchical.HierarchicalTestExecutor.execute(HierarchicalTestExecutor.java:57)
	at org.junit.platform.engine.support.hierarchical.HierarchicalTestEngine.execute(HierarchicalTestEngine.java:54)
	at org.junit.platform.launcher.core.EngineExecutionOrchestrator.execute(EngineExecutionOrchestrator.java:107)
	at org.junit.platform.launcher.core.EngineExecutionOrchestrator.execute(EngineExecutionOrchestrator.java:88)
	at org.junit.platform.launcher.core.EngineExecutionOrchestrator.lambda$execute$0(EngineExecutionOrchestrator.java:54)
	at org.junit.platform.launcher.core.EngineExecutionOrchestrator.withInterceptedStreams(EngineExecutionOrchestrator.java:67)
	at org.junit.platform.launcher.core.EngineExecutionOrchestrator.execute(EngineExecutionOrchestrator.java:52)
	at org.junit.platform.launcher.core.DefaultLauncher.execute(DefaultLauncher.java:114)
	at org.junit.platform.launcher.core.DefaultLauncher.execute(DefaultLauncher.java:86)
	at org.junit.platform.launcher.core.DefaultLauncherSession$DelegatingLauncher.execute(DefaultLauncherSession.java:86)
	at org.junit.platform.launcher.core.SessionPerRequestLauncher.execute(SessionPerRequestLauncher.java:53)
	at org.apache.maven.surefire.junitplatform.JUnitPlatformProvider.execute(JUnitPlatformProvider.java:188)
	at org.apache.maven.surefire.junitplatform.JUnitPlatformProvider.invokeAllTests(JUnitPlatformProvider.java:154)
	at org.apache.maven.surefire.junitplatform.JUnitPlatformProvider.invoke(JUnitPlatformProvider.java:124)
	at org.apache.maven.surefire.booter.ForkedBooter.runSuitesInProcess(ForkedBooter.java:428)
	at org.apache.maven.surefire.booter.ForkedBooter.execute(ForkedBooter.java:162)
	at org.apache.maven.surefire.booter.ForkedBooter.run(ForkedBooter.java:562)
	at org.apache.maven.surefire.booter.ForkedBooter.main(ForkedBooter.java:548)

Nov 18, 2022 1:06:03 PM org.apache.ratis.thirdparty.io.grpc.internal.ManagedChannelOrphanWrapper$ManagedChannelReference cleanQueue
SEVERE: *~*~*~ Channel ManagedChannelImpl{logId=1499, target=10.1.0.56:45879} was not shutdown properly!!! ~*~*~*
    Make sure to call shutdown()/shutdownNow() and wait until awaitTermination() returns true.
java.lang.RuntimeException: ManagedChannel allocation site
	at org.apache.ratis.thirdparty.io.grpc.internal.ManagedChannelOrphanWrapper$ManagedChannelReference.<init>(ManagedChannelOrphanWrapper.java:93)
	at org.apache.ratis.thirdparty.io.grpc.internal.ManagedChannelOrphanWrapper.<init>(ManagedChannelOrphanWrapper.java:53)
	at org.apache.ratis.thirdparty.io.grpc.internal.ManagedChannelOrphanWrapper.<init>(ManagedChannelOrphanWrapper.java:44)
	at org.apache.ratis.thirdparty.io.grpc.internal.ManagedChannelImplBuilder.build(ManagedChannelImplBuilder.java:630)
	at org.apache.ratis.thirdparty.io.grpc.internal.AbstractManagedChannelImplBuilder.build(AbstractManagedChannelImplBuilder.java:297)
	at org.apache.hadoop.hdds.scm.XceiverClientGrpc.connectToDatanode(XceiverClientGrpc.java:205)
	at org.apache.hadoop.hdds.scm.XceiverClientGrpc.connect(XceiverClientGrpc.java:158)
	at org.apache.hadoop.hdds.scm.XceiverClientManager$2.call(XceiverClientManager.java:243)
	at org.apache.hadoop.hdds.scm.XceiverClientManager$2.call(XceiverClientManager.java:224)
	at com.google.common.cache.LocalCache$LocalManualCache$1.load(LocalCache.java:4868)
	at com.google.common.cache.LocalCache$LoadingValueReference.loadFuture(LocalCache.java:3533)
	at com.google.common.cache.LocalCache$Segment.loadSync(LocalCache.java:2282)
	at com.google.common.cache.LocalCache$Segment.lockedGetOrLoad(LocalCache.java:2159)
	at com.google.common.cache.LocalCache$Segment.get(LocalCache.java:2049)
	at com.google.common.cache.LocalCache.get(LocalCache.java:3966)
	at com.google.common.cache.LocalCache$LocalManualCache.get(LocalCache.java:4863)
	at org.apache.hadoop.hdds.scm.XceiverClientManager.getClient(XceiverClientManager.java:224)
	at org.apache.hadoop.hdds.scm.XceiverClientManager.acquireClient(XceiverClientManager.java:168)
	at org.apache.hadoop.hdds.scm.XceiverClientManager.acquireClient(XceiverClientManager.java:141)
	at org.apache.hadoop.hdds.scm.storage.BlockOutputStream.<init>(BlockOutputStream.java:161)
	at org.apache.hadoop.hdds.scm.storage.ECBlockOutputStream.<init>(ECBlockOutputStream.java:78)
	at org.apache.hadoop.ozone.client.io.ECBlockOutputStreamEntry.checkStream(ECBlockOutputStreamEntry.java:101)
	at org.apache.hadoop.ozone.client.io.BlockOutputStreamEntry.write(BlockOutputStreamEntry.java:123)
	at org.apache.hadoop.ozone.client.io.ECKeyOutputStream.writeToOutputStream(ECKeyOutputStream.java:408)
	at org.apache.hadoop.ozone.client.io.ECKeyOutputStream.handleOutputStreamWrite(ECKeyOutputStream.java:392)
	at org.apache.hadoop.ozone.client.io.ECKeyOutputStream.close(ECKeyOutputStream.java:490)
	at org.apache.hadoop.ozone.client.io.OzoneOutputStream.close(OzoneOutputStream.java:61)
	at org.apache.hadoop.ozone.TestDataUtil.createKey(TestDataUtil.java:115)
	at org.apache.hadoop.ozone.scm.node.TestDecommissionAndMaintenance.generateData(TestDecommissionAndMaintenance.java:621)
	at org.apache.hadoop.ozone.scm.node.TestDecommissionAndMaintenance.testSingleNodeWithOpenPipelineCanGotoMaintenance(TestDecommissionAndMaintenance.java:313)
	at sun.reflect.NativeMethodAccessorImpl.invoke0(Native Method)
	at sun.reflect.NativeMethodAccessorImpl.invoke(NativeMethodAccessorImpl.java:62)
	at sun.reflect.DelegatingMethodAccessorImpl.invoke(DelegatingMethodAccessorImpl.java:43)
	at java.lang.reflect.Method.invoke(Method.java:498)
	at org.junit.platform.commons.util.ReflectionUtils.invokeMethod(ReflectionUtils.java:725)
	at org.junit.jupiter.engine.execution.MethodInvocation.proceed(MethodInvocation.java:60)
	at org.junit.jupiter.engine.execution.InvocationInterceptorChain$ValidatingInvocation.proceed(InvocationInterceptorChain.java:131)
	at org.junit.jupiter.engine.extension.TimeoutExtension.intercept(TimeoutExtension.java:149)
	at org.junit.jupiter.engine.extension.TimeoutExtension.interceptTestableMethod(TimeoutExtension.java:140)
	at org.junit.jupiter.engine.extension.TimeoutExtension.interceptTestMethod(TimeoutExtension.java:84)
	at org.junit.jupiter.engine.execution.ExecutableInvoker$ReflectiveInterceptorCall.lambda$ofVoidMethod$0(ExecutableInvoker.java:115)
	at org.junit.jupiter.engine.execution.ExecutableInvoker.lambda$invoke$0(ExecutableInvoker.java:105)
	at org.junit.jupiter.engine.execution.InvocationInterceptorChain$InterceptedInvocation.proceed(InvocationInterceptorChain.java:106)
	at org.junit.jupiter.engine.execution.InvocationInterceptorChain.proceed(InvocationInterceptorChain.java:64)
	at org.junit.jupiter.engine.execution.InvocationInterceptorChain.chainAndInvoke(InvocationInterceptorChain.java:45)
	at org.junit.jupiter.engine.execution.InvocationInterceptorChain.invoke(InvocationInterceptorChain.java:37)
	at org.junit.jupiter.engine.execution.ExecutableInvoker.invoke(ExecutableInvoker.java:104)
	at org.junit.jupiter.engine.execution.ExecutableInvoker.invoke(ExecutableInvoker.java:98)
	at org.junit.jupiter.engine.descriptor.TestMethodTestDescriptor.lambda$invokeTestMethod$7(TestMethodTestDescriptor.java:214)
	at org.junit.platform.engine.support.hierarchical.ThrowableCollector.execute(ThrowableCollector.java:73)
	at org.junit.jupiter.engine.descriptor.TestMethodTestDescriptor.invokeTestMethod(TestMethodTestDescriptor.java:210)
	at org.junit.jupiter.engine.descriptor.TestMethodTestDescriptor.execute(TestMethodTestDescriptor.java:135)
	at org.junit.jupiter.engine.descriptor.TestMethodTestDescriptor.execute(TestMethodTestDescriptor.java:66)
	at org.junit.platform.engine.support.hierarchical.NodeTestTask.lambda$executeRecursively$6(NodeTestTask.java:151)
	at org.junit.platform.engine.support.hierarchical.ThrowableCollector.execute(ThrowableCollector.java:73)
	at org.junit.platform.engine.support.hierarchical.NodeTestTask.lambda$executeRecursively$8(NodeTestTask.java:141)
	at org.junit.platform.engine.support.hierarchical.Node.around(Node.java:137)
	at org.junit.platform.engine.support.hierarchical.NodeTestTask.lambda$executeRecursively$9(NodeTestTask.java:139)
	at org.junit.platform.engine.support.hierarchical.ThrowableCollector.execute(ThrowableCollector.java:73)
	at org.junit.platform.engine.support.hierarchical.NodeTestTask.executeRecursively(NodeTestTask.java:138)
	at org.junit.platform.engine.support.hierarchical.NodeTestTask.execute(NodeTestTask.java:95)
	at java.util.ArrayList.forEach(ArrayList.java:1259)
	at org.junit.platform.engine.support.hierarchical.SameThreadHierarchicalTestExecutorService.invokeAll(SameThreadHierarchicalTestExecutorService.java:41)
	at org.junit.platform.engine.support.hierarchical.NodeTestTask.lambda$executeRecursively$6(NodeTestTask.java:155)
	at org.junit.platform.engine.support.hierarchical.ThrowableCollector.execute(ThrowableCollector.java:73)
	at org.junit.platform.engine.support.hierarchical.NodeTestTask.lambda$executeRecursively$8(NodeTestTask.java:141)
	at org.junit.platform.engine.support.hierarchical.Node.around(Node.java:137)
	at org.junit.platform.engine.support.hierarchical.NodeTestTask.lambda$executeRecursively$9(NodeTestTask.java:139)
	at org.junit.platform.engine.support.hierarchical.ThrowableCollector.execute(ThrowableCollector.java:73)
	at org.junit.platform.engine.support.hierarchical.NodeTestTask.executeRecursively(NodeTestTask.java:138)
	at org.junit.platform.engine.support.hierarchical.NodeTestTask.execute(NodeTestTask.java:95)
	at java.util.ArrayList.forEach(ArrayList.java:1259)
	at org.junit.platform.engine.support.hierarchical.SameThreadHierarchicalTestExecutorService.invokeAll(SameThreadHierarchicalTestExecutorService.java:41)
	at org.junit.platform.engine.support.hierarchical.NodeTestTask.lambda$executeRecursively$6(NodeTestTask.java:155)
	at org.junit.platform.engine.support.hierarchical.ThrowableCollector.execute(ThrowableCollector.java:73)
	at org.junit.platform.engine.support.hierarchical.NodeTestTask.lambda$executeRecursively$8(NodeTestTask.java:141)
	at org.junit.platform.engine.support.hierarchical.Node.around(Node.java:137)
	at org.junit.platform.engine.support.hierarchical.NodeTestTask.lambda$executeRecursively$9(NodeTestTask.java:139)
	at org.junit.platform.engine.support.hierarchical.ThrowableCollector.execute(ThrowableCollector.java:73)
	at org.junit.platform.engine.support.hierarchical.NodeTestTask.executeRecursively(NodeTestTask.java:138)
	at org.junit.platform.engine.support.hierarchical.NodeTestTask.execute(NodeTestTask.java:95)
	at org.junit.platform.engine.support.hierarchical.SameThreadHierarchicalTestExecutorService.submit(SameThreadHierarchicalTestExecutorService.java:35)
	at org.junit.platform.engine.support.hierarchical.HierarchicalTestExecutor.execute(HierarchicalTestExecutor.java:57)
	at org.junit.platform.engine.support.hierarchical.HierarchicalTestEngine.execute(HierarchicalTestEngine.java:54)
	at org.junit.platform.launcher.core.EngineExecutionOrchestrator.execute(EngineExecutionOrchestrator.java:107)
	at org.junit.platform.launcher.core.EngineExecutionOrchestrator.execute(EngineExecutionOrchestrator.java:88)
	at org.junit.platform.launcher.core.EngineExecutionOrchestrator.lambda$execute$0(EngineExecutionOrchestrator.java:54)
	at org.junit.platform.launcher.core.EngineExecutionOrchestrator.withInterceptedStreams(EngineExecutionOrchestrator.java:67)
	at org.junit.platform.launcher.core.EngineExecutionOrchestrator.execute(EngineExecutionOrchestrator.java:52)
	at org.junit.platform.launcher.core.DefaultLauncher.execute(DefaultLauncher.java:114)
	at org.junit.platform.launcher.core.DefaultLauncher.execute(DefaultLauncher.java:86)
	at org.junit.platform.launcher.core.DefaultLauncherSession$DelegatingLauncher.execute(DefaultLauncherSession.java:86)
	at org.junit.platform.launcher.core.SessionPerRequestLauncher.execute(SessionPerRequestLauncher.java:53)
	at org.apache.maven.surefire.junitplatform.JUnitPlatformProvider.execute(JUnitPlatformProvider.java:188)
	at org.apache.maven.surefire.junitplatform.JUnitPlatformProvider.invokeAllTests(JUnitPlatformProvider.java:154)
	at org.apache.maven.surefire.junitplatform.JUnitPlatformProvider.invoke(JUnitPlatformProvider.java:124)
	at org.apache.maven.surefire.booter.ForkedBooter.runSuitesInProcess(ForkedBooter.java:428)
	at org.apache.maven.surefire.booter.ForkedBooter.execute(ForkedBooter.java:162)
	at org.apache.maven.surefire.booter.ForkedBooter.run(ForkedBooter.java:562)
	at org.apache.maven.surefire.booter.ForkedBooter.main(ForkedBooter.java:548)

Nov 18, 2022 1:06:03 PM org.apache.ratis.thirdparty.io.grpc.internal.ManagedChannelOrphanWrapper$ManagedChannelReference cleanQueue
SEVERE: *~*~*~ Channel ManagedChannelImpl{logId=1472, target=10.1.0.56:34509} was not shutdown properly!!! ~*~*~*
    Make sure to call shutdown()/shutdownNow() and wait until awaitTermination() returns true.
java.lang.RuntimeException: ManagedChannel allocation site
	at org.apache.ratis.thirdparty.io.grpc.internal.ManagedChannelOrphanWrapper$ManagedChannelReference.<init>(ManagedChannelOrphanWrapper.java:93)
	at org.apache.ratis.thirdparty.io.grpc.internal.ManagedChannelOrphanWrapper.<init>(ManagedChannelOrphanWrapper.java:53)
	at org.apache.ratis.thirdparty.io.grpc.internal.ManagedChannelOrphanWrapper.<init>(ManagedChannelOrphanWrapper.java:44)
	at org.apache.ratis.thirdparty.io.grpc.internal.ManagedChannelImplBuilder.build(ManagedChannelImplBuilder.java:630)
	at org.apache.ratis.thirdparty.io.grpc.internal.AbstractManagedChannelImplBuilder.build(AbstractManagedChannelImplBuilder.java:297)
	at org.apache.hadoop.hdds.scm.XceiverClientGrpc.connectToDatanode(XceiverClientGrpc.java:205)
	at org.apache.hadoop.hdds.scm.XceiverClientGrpc.connect(XceiverClientGrpc.java:158)
	at org.apache.hadoop.hdds.scm.XceiverClientManager$2.call(XceiverClientManager.java:243)
	at org.apache.hadoop.hdds.scm.XceiverClientManager$2.call(XceiverClientManager.java:224)
	at com.google.common.cache.LocalCache$LocalManualCache$1.load(LocalCache.java:4868)
	at com.google.common.cache.LocalCache$LoadingValueReference.loadFuture(LocalCache.java:3533)
	at com.google.common.cache.LocalCache$Segment.loadSync(LocalCache.java:2282)
	at com.google.common.cache.LocalCache$Segment.lockedGetOrLoad(LocalCache.java:2159)
	at com.google.common.cache.LocalCache$Segment.get(LocalCache.java:2049)
	at com.google.common.cache.LocalCache.get(LocalCache.java:3966)
	at com.google.common.cache.LocalCache$LocalManualCache.get(LocalCache.java:4863)
	at org.apache.hadoop.hdds.scm.XceiverClientManager.getClient(XceiverClientManager.java:224)
	at org.apache.hadoop.hdds.scm.XceiverClientManager.acquireClient(XceiverClientManager.java:168)
	at org.apache.hadoop.hdds.scm.XceiverClientManager.acquireClient(XceiverClientManager.java:141)
	at org.apache.hadoop.hdds.scm.storage.BlockOutputStream.<init>(BlockOutputStream.java:161)
	at org.apache.hadoop.hdds.scm.storage.ECBlockOutputStream.<init>(ECBlockOutputStream.java:78)
	at org.apache.hadoop.ozone.client.io.ECBlockOutputStreamEntry.checkStream(ECBlockOutputStreamEntry.java:101)
	at org.apache.hadoop.ozone.client.io.BlockOutputStreamEntry.write(BlockOutputStreamEntry.java:123)
	at org.apache.hadoop.ozone.client.io.ECKeyOutputStream.writeToOutputStream(ECKeyOutputStream.java:408)
	at org.apache.hadoop.ozone.client.io.ECKeyOutputStream.handleOutputStreamWrite(ECKeyOutputStream.java:392)
	at org.apache.hadoop.ozone.client.io.ECKeyOutputStream.close(ECKeyOutputStream.java:490)
	at org.apache.hadoop.ozone.client.io.OzoneOutputStream.close(OzoneOutputStream.java:61)
	at org.apache.hadoop.ozone.TestDataUtil.createKey(TestDataUtil.java:115)
	at org.apache.hadoop.ozone.scm.node.TestDecommissionAndMaintenance.generateData(TestDecommissionAndMaintenance.java:621)
	at org.apache.hadoop.ozone.scm.node.TestDecommissionAndMaintenance.testSingleNodeWithOpenPipelineCanGotoMaintenance(TestDecommissionAndMaintenance.java:313)
	at sun.reflect.NativeMethodAccessorImpl.invoke0(Native Method)
	at sun.reflect.NativeMethodAccessorImpl.invoke(NativeMethodAccessorImpl.java:62)
	at sun.reflect.DelegatingMethodAccessorImpl.invoke(DelegatingMethodAccessorImpl.java:43)
	at java.lang.reflect.Method.invoke(Method.java:498)
	at org.junit.platform.commons.util.ReflectionUtils.invokeMethod(ReflectionUtils.java:725)
	at org.junit.jupiter.engine.execution.MethodInvocation.proceed(MethodInvocation.java:60)
	at org.junit.jupiter.engine.execution.InvocationInterceptorChain$ValidatingInvocation.proceed(InvocationInterceptorChain.java:131)
	at org.junit.jupiter.engine.extension.TimeoutExtension.intercept(TimeoutExtension.java:149)
	at org.junit.jupiter.engine.extension.TimeoutExtension.interceptTestableMethod(TimeoutExtension.java:140)
	at org.junit.jupiter.engine.extension.TimeoutExtension.interceptTestMethod(TimeoutExtension.java:84)
	at org.junit.jupiter.engine.execution.ExecutableInvoker$ReflectiveInterceptorCall.lambda$ofVoidMethod$0(ExecutableInvoker.java:115)
	at org.junit.jupiter.engine.execution.ExecutableInvoker.lambda$invoke$0(ExecutableInvoker.java:105)
	at org.junit.jupiter.engine.execution.InvocationInterceptorChain$InterceptedInvocation.proceed(InvocationInterceptorChain.java:106)
	at org.junit.jupiter.engine.execution.InvocationInterceptorChain.proceed(InvocationInterceptorChain.java:64)
	at org.junit.jupiter.engine.execution.InvocationInterceptorChain.chainAndInvoke(InvocationInterceptorChain.java:45)
	at org.junit.jupiter.engine.execution.InvocationInterceptorChain.invoke(InvocationInterceptorChain.java:37)
	at org.junit.jupiter.engine.execution.ExecutableInvoker.invoke(ExecutableInvoker.java:104)
	at org.junit.jupiter.engine.execution.ExecutableInvoker.invoke(ExecutableInvoker.java:98)
	at org.junit.jupiter.engine.descriptor.TestMethodTestDescriptor.lambda$invokeTestMethod$7(TestMethodTestDescriptor.java:214)
	at org.junit.platform.engine.support.hierarchical.ThrowableCollector.execute(ThrowableCollector.java:73)
	at org.junit.jupiter.engine.descriptor.TestMethodTestDescriptor.invokeTestMethod(TestMethodTestDescriptor.java:210)
	at org.junit.jupiter.engine.descriptor.TestMethodTestDescriptor.execute(TestMethodTestDescriptor.java:135)
	at org.junit.jupiter.engine.descriptor.TestMethodTestDescriptor.execute(TestMethodTestDescriptor.java:66)
	at org.junit.platform.engine.support.hierarchical.NodeTestTask.lambda$executeRecursively$6(NodeTestTask.java:151)
	at org.junit.platform.engine.support.hierarchical.ThrowableCollector.execute(ThrowableCollector.java:73)
	at org.junit.platform.engine.support.hierarchical.NodeTestTask.lambda$executeRecursively$8(NodeTestTask.java:141)
	at org.junit.platform.engine.support.hierarchical.Node.around(Node.java:137)
	at org.junit.platform.engine.support.hierarchical.NodeTestTask.lambda$executeRecursively$9(NodeTestTask.java:139)
	at org.junit.platform.engine.support.hierarchical.ThrowableCollector.execute(ThrowableCollector.java:73)
	at org.junit.platform.engine.support.hierarchical.NodeTestTask.executeRecursively(NodeTestTask.java:138)
	at org.junit.platform.engine.support.hierarchical.NodeTestTask.execute(NodeTestTask.java:95)
	at java.util.ArrayList.forEach(ArrayList.java:1259)
	at org.junit.platform.engine.support.hierarchical.SameThreadHierarchicalTestExecutorService.invokeAll(SameThreadHierarchicalTestExecutorService.java:41)
	at org.junit.platform.engine.support.hierarchical.NodeTestTask.lambda$executeRecursively$6(NodeTestTask.java:155)
	at org.junit.platform.engine.support.hierarchical.ThrowableCollector.execute(ThrowableCollector.java:73)
	at org.junit.platform.engine.support.hierarchical.NodeTestTask.lambda$executeRecursively$8(NodeTestTask.java:141)
	at org.junit.platform.engine.support.hierarchical.Node.around(Node.java:137)
	at org.junit.platform.engine.support.hierarchical.NodeTestTask.lambda$executeRecursively$9(NodeTestTask.java:139)
	at org.junit.platform.engine.support.hierarchical.ThrowableCollector.execute(ThrowableCollector.java:73)
	at org.junit.platform.engine.support.hierarchical.NodeTestTask.executeRecursively(NodeTestTask.java:138)
	at org.junit.platform.engine.support.hierarchical.NodeTestTask.execute(NodeTestTask.java:95)
	at java.util.ArrayList.forEach(ArrayList.java:1259)
	at org.junit.platform.engine.support.hierarchical.SameThreadHierarchicalTestExecutorService.invokeAll(SameThreadHierarchicalTestExecutorService.java:41)
	at org.junit.platform.engine.support.hierarchical.NodeTestTask.lambda$executeRecursively$6(NodeTestTask.java:155)
	at org.junit.platform.engine.support.hierarchical.ThrowableCollector.execute(ThrowableCollector.java:73)
	at org.junit.platform.engine.support.hierarchical.NodeTestTask.lambda$executeRecursively$8(NodeTestTask.java:141)
	at org.junit.platform.engine.support.hierarchical.Node.around(Node.java:137)
	at org.junit.platform.engine.support.hierarchical.NodeTestTask.lambda$executeRecursively$9(NodeTestTask.java:139)
	at org.junit.platform.engine.support.hierarchical.ThrowableCollector.execute(ThrowableCollector.java:73)
	at org.junit.platform.engine.support.hierarchical.NodeTestTask.executeRecursively(NodeTestTask.java:138)
	at org.junit.platform.engine.support.hierarchical.NodeTestTask.execute(NodeTestTask.java:95)
	at org.junit.platform.engine.support.hierarchical.SameThreadHierarchicalTestExecutorService.submit(SameThreadHierarchicalTestExecutorService.java:35)
	at org.junit.platform.engine.support.hierarchical.HierarchicalTestExecutor.execute(HierarchicalTestExecutor.java:57)
	at org.junit.platform.engine.support.hierarchical.HierarchicalTestEngine.execute(HierarchicalTestEngine.java:54)
	at org.junit.platform.launcher.core.EngineExecutionOrchestrator.execute(EngineExecutionOrchestrator.java:107)
	at org.junit.platform.launcher.core.EngineExecutionOrchestrator.execute(EngineExecutionOrchestrator.java:88)
	at org.junit.platform.launcher.core.EngineExecutionOrchestrator.lambda$execute$0(EngineExecutionOrchestrator.java:54)
	at org.junit.platform.launcher.core.EngineExecutionOrchestrator.withInterceptedStreams(EngineExecutionOrchestrator.java:67)
	at org.junit.platform.launcher.core.EngineExecutionOrchestrator.execute(EngineExecutionOrchestrator.java:52)
	at org.junit.platform.launcher.core.DefaultLauncher.execute(DefaultLauncher.java:114)
	at org.junit.platform.launcher.core.DefaultLauncher.execute(DefaultLauncher.java:86)
	at org.junit.platform.launcher.core.DefaultLauncherSession$DelegatingLauncher.execute(DefaultLauncherSession.java:86)
	at org.junit.platform.launcher.core.SessionPerRequestLauncher.execute(SessionPerRequestLauncher.java:53)
	at org.apache.maven.surefire.junitplatform.JUnitPlatformProvider.execute(JUnitPlatformProvider.java:188)
	at org.apache.maven.surefire.junitplatform.JUnitPlatformProvider.invokeAllTests(JUnitPlatformProvider.java:154)
	at org.apache.maven.surefire.junitplatform.JUnitPlatformProvider.invoke(JUnitPlatformProvider.java:124)
	at org.apache.maven.surefire.booter.ForkedBooter.runSuitesInProcess(ForkedBooter.java:428)
	at org.apache.maven.surefire.booter.ForkedBooter.execute(ForkedBooter.java:162)
	at org.apache.maven.surefire.booter.ForkedBooter.run(ForkedBooter.java:562)
	at org.apache.maven.surefire.booter.ForkedBooter.main(ForkedBooter.java:548)

Nov 18, 2022 1:06:03 PM org.apache.ratis.thirdparty.io.grpc.internal.ManagedChannelOrphanWrapper$ManagedChannelReference cleanQueue
SEVERE: *~*~*~ Channel ManagedChannelImpl{logId=1495, target=10.1.0.56:33695} was not shutdown properly!!! ~*~*~*
    Make sure to call shutdown()/shutdownNow() and wait until awaitTermination() returns true.
java.lang.RuntimeException: ManagedChannel allocation site
	at org.apache.ratis.thirdparty.io.grpc.internal.ManagedChannelOrphanWrapper$ManagedChannelReference.<init>(ManagedChannelOrphanWrapper.java:93)
	at org.apache.ratis.thirdparty.io.grpc.internal.ManagedChannelOrphanWrapper.<init>(ManagedChannelOrphanWrapper.java:53)
	at org.apache.ratis.thirdparty.io.grpc.internal.ManagedChannelOrphanWrapper.<init>(ManagedChannelOrphanWrapper.java:44)
	at org.apache.ratis.thirdparty.io.grpc.internal.ManagedChannelImplBuilder.build(ManagedChannelImplBuilder.java:630)
	at org.apache.ratis.thirdparty.io.grpc.internal.AbstractManagedChannelImplBuilder.build(AbstractManagedChannelImplBuilder.java:297)
	at org.apache.hadoop.hdds.scm.XceiverClientGrpc.connectToDatanode(XceiverClientGrpc.java:205)
	at org.apache.hadoop.hdds.scm.XceiverClientGrpc.connect(XceiverClientGrpc.java:158)
	at org.apache.hadoop.hdds.scm.XceiverClientManager$2.call(XceiverClientManager.java:243)
	at org.apache.hadoop.hdds.scm.XceiverClientManager$2.call(XceiverClientManager.java:224)
	at com.google.common.cache.LocalCache$LocalManualCache$1.load(LocalCache.java:4868)
	at com.google.common.cache.LocalCache$LoadingValueReference.loadFuture(LocalCache.java:3533)
	at com.google.common.cache.LocalCache$Segment.loadSync(LocalCache.java:2282)
	at com.google.common.cache.LocalCache$Segment.lockedGetOrLoad(LocalCache.java:2159)
	at com.google.common.cache.LocalCache$Segment.get(LocalCache.java:2049)
	at com.google.common.cache.LocalCache.get(LocalCache.java:3966)
	at com.google.common.cache.LocalCache$LocalManualCache.get(LocalCache.java:4863)
	at org.apache.hadoop.hdds.scm.XceiverClientManager.getClient(XceiverClientManager.java:224)
	at org.apache.hadoop.hdds.scm.XceiverClientManager.acquireClient(XceiverClientManager.java:168)
	at org.apache.hadoop.hdds.scm.XceiverClientManager.acquireClient(XceiverClientManager.java:141)
	at org.apache.hadoop.hdds.scm.storage.BlockOutputStream.<init>(BlockOutputStream.java:161)
	at org.apache.hadoop.hdds.scm.storage.ECBlockOutputStream.<init>(ECBlockOutputStream.java:78)
	at org.apache.hadoop.ozone.client.io.ECBlockOutputStreamEntry.checkStream(ECBlockOutputStreamEntry.java:101)
	at org.apache.hadoop.ozone.client.io.BlockOutputStreamEntry.write(BlockOutputStreamEntry.java:123)
	at org.apache.hadoop.ozone.client.io.ECKeyOutputStream.writeToOutputStream(ECKeyOutputStream.java:408)
	at org.apache.hadoop.ozone.client.io.ECKeyOutputStream.handleOutputStreamWrite(ECKeyOutputStream.java:392)
	at org.apache.hadoop.ozone.client.io.ECKeyOutputStream.close(ECKeyOutputStream.java:490)
	at org.apache.hadoop.ozone.client.io.OzoneOutputStream.close(OzoneOutputStream.java:61)
	at org.apache.hadoop.ozone.TestDataUtil.createKey(TestDataUtil.java:115)
	at org.apache.hadoop.ozone.scm.node.TestDecommissionAndMaintenance.generateData(TestDecommissionAndMaintenance.java:621)
	at org.apache.hadoop.ozone.scm.node.TestDecommissionAndMaintenance.testSingleNodeWithOpenPipelineCanGotoMaintenance(TestDecommissionAndMaintenance.java:313)
	at sun.reflect.NativeMethodAccessorImpl.invoke0(Native Method)
	at sun.reflect.NativeMethodAccessorImpl.invoke(NativeMethodAccessorImpl.java:62)
	at sun.reflect.DelegatingMethodAccessorImpl.invoke(DelegatingMethodAccessorImpl.java:43)
	at java.lang.reflect.Method.invoke(Method.java:498)
	at org.junit.platform.commons.util.ReflectionUtils.invokeMethod(ReflectionUtils.java:725)
	at org.junit.jupiter.engine.execution.MethodInvocation.proceed(MethodInvocation.java:60)
	at org.junit.jupiter.engine.execution.InvocationInterceptorChain$ValidatingInvocation.proceed(InvocationInterceptorChain.java:131)
	at org.junit.jupiter.engine.extension.TimeoutExtension.intercept(TimeoutExtension.java:149)
	at org.junit.jupiter.engine.extension.TimeoutExtension.interceptTestableMethod(TimeoutExtension.java:140)
	at org.junit.jupiter.engine.extension.TimeoutExtension.interceptTestMethod(TimeoutExtension.java:84)
	at org.junit.jupiter.engine.execution.ExecutableInvoker$ReflectiveInterceptorCall.lambda$ofVoidMethod$0(ExecutableInvoker.java:115)
	at org.junit.jupiter.engine.execution.ExecutableInvoker.lambda$invoke$0(ExecutableInvoker.java:105)
	at org.junit.jupiter.engine.execution.InvocationInterceptorChain$InterceptedInvocation.proceed(InvocationInterceptorChain.java:106)
	at org.junit.jupiter.engine.execution.InvocationInterceptorChain.proceed(InvocationInterceptorChain.java:64)
	at org.junit.jupiter.engine.execution.InvocationInterceptorChain.chainAndInvoke(InvocationInterceptorChain.java:45)
	at org.junit.jupiter.engine.execution.InvocationInterceptorChain.invoke(InvocationInterceptorChain.java:37)
	at org.junit.jupiter.engine.execution.ExecutableInvoker.invoke(ExecutableInvoker.java:104)
	at org.junit.jupiter.engine.execution.ExecutableInvoker.invoke(ExecutableInvoker.java:98)
	at org.junit.jupiter.engine.descriptor.TestMethodTestDescriptor.lambda$invokeTestMethod$7(TestMethodTestDescriptor.java:214)
	at org.junit.platform.engine.support.hierarchical.ThrowableCollector.execute(ThrowableCollector.java:73)
	at org.junit.jupiter.engine.descriptor.TestMethodTestDescriptor.invokeTestMethod(TestMethodTestDescriptor.java:210)
	at org.junit.jupiter.engine.descriptor.TestMethodTestDescriptor.execute(TestMethodTestDescriptor.java:135)
	at org.junit.jupiter.engine.descriptor.TestMethodTestDescriptor.execute(TestMethodTestDescriptor.java:66)
	at org.junit.platform.engine.support.hierarchical.NodeTestTask.lambda$executeRecursively$6(NodeTestTask.java:151)
	at org.junit.platform.engine.support.hierarchical.ThrowableCollector.execute(ThrowableCollector.java:73)
	at org.junit.platform.engine.support.hierarchical.NodeTestTask.lambda$executeRecursively$8(NodeTestTask.java:141)
	at org.junit.platform.engine.support.hierarchical.Node.around(Node.java:137)
	at org.junit.platform.engine.support.hierarchical.NodeTestTask.lambda$executeRecursively$9(NodeTestTask.java:139)
	at org.junit.platform.engine.support.hierarchical.ThrowableCollector.execute(ThrowableCollector.java:73)
	at org.junit.platform.engine.support.hierarchical.NodeTestTask.executeRecursively(NodeTestTask.java:138)
	at org.junit.platform.engine.support.hierarchical.NodeTestTask.execute(NodeTestTask.java:95)
	at java.util.ArrayList.forEach(ArrayList.java:1259)
	at org.junit.platform.engine.support.hierarchical.SameThreadHierarchicalTestExecutorService.invokeAll(SameThreadHierarchicalTestExecutorService.java:41)
	at org.junit.platform.engine.support.hierarchical.NodeTestTask.lambda$executeRecursively$6(NodeTestTask.java:155)
	at org.junit.platform.engine.support.hierarchical.ThrowableCollector.execute(ThrowableCollector.java:73)
	at org.junit.platform.engine.support.hierarchical.NodeTestTask.lambda$executeRecursively$8(NodeTestTask.java:141)
	at org.junit.platform.engine.support.hierarchical.Node.around(Node.java:137)
	at org.junit.platform.engine.support.hierarchical.NodeTestTask.lambda$executeRecursively$9(NodeTestTask.java:139)
	at org.junit.platform.engine.support.hierarchical.ThrowableCollector.execute(ThrowableCollector.java:73)
	at org.junit.platform.engine.support.hierarchical.NodeTestTask.executeRecursively(NodeTestTask.java:138)
	at org.junit.platform.engine.support.hierarchical.NodeTestTask.execute(NodeTestTask.java:95)
	at java.util.ArrayList.forEach(ArrayList.java:1259)
	at org.junit.platform.engine.support.hierarchical.SameThreadHierarchicalTestExecutorService.invokeAll(SameThreadHierarchicalTestExecutorService.java:41)
	at org.junit.platform.engine.support.hierarchical.NodeTestTask.lambda$executeRecursively$6(NodeTestTask.java:155)
	at org.junit.platform.engine.support.hierarchical.ThrowableCollector.execute(ThrowableCollector.java:73)
	at org.junit.platform.engine.support.hierarchical.NodeTestTask.lambda$executeRecursively$8(NodeTestTask.java:141)
	at org.junit.platform.engine.support.hierarchical.Node.around(Node.java:137)
	at org.junit.platform.engine.support.hierarchical.NodeTestTask.lambda$executeRecursively$9(NodeTestTask.java:139)
	at org.junit.platform.engine.support.hierarchical.ThrowableCollector.execute(ThrowableCollector.java:73)
	at org.junit.platform.engine.support.hierarchical.NodeTestTask.executeRecursively(NodeTestTask.java:138)
	at org.junit.platform.engine.support.hierarchical.NodeTestTask.execute(NodeTestTask.java:95)
	at org.junit.platform.engine.support.hierarchical.SameThreadHierarchicalTestExecutorService.submit(SameThreadHierarchicalTestExecutorService.java:35)
	at org.junit.platform.engine.support.hierarchical.HierarchicalTestExecutor.execute(HierarchicalTestExecutor.java:57)
	at org.junit.platform.engine.support.hierarchical.HierarchicalTestEngine.execute(HierarchicalTestEngine.java:54)
	at org.junit.platform.launcher.core.EngineExecutionOrchestrator.execute(EngineExecutionOrchestrator.java:107)
	at org.junit.platform.launcher.core.EngineExecutionOrchestrator.execute(EngineExecutionOrchestrator.java:88)
	at org.junit.platform.launcher.core.EngineExecutionOrchestrator.lambda$execute$0(EngineExecutionOrchestrator.java:54)
	at org.junit.platform.launcher.core.EngineExecutionOrchestrator.withInterceptedStreams(EngineExecutionOrchestrator.java:67)
	at org.junit.platform.launcher.core.EngineExecutionOrchestrator.execute(EngineExecutionOrchestrator.java:52)
	at org.junit.platform.launcher.core.DefaultLauncher.execute(DefaultLauncher.java:114)
	at org.junit.platform.launcher.core.DefaultLauncher.execute(DefaultLauncher.java:86)
	at org.junit.platform.launcher.core.DefaultLauncherSession$DelegatingLauncher.execute(DefaultLauncherSession.java:86)
	at org.junit.platform.launcher.core.SessionPerRequestLauncher.execute(SessionPerRequestLauncher.java:53)
	at org.apache.maven.surefire.junitplatform.JUnitPlatformProvider.execute(JUnitPlatformProvider.java:188)
	at org.apache.maven.surefire.junitplatform.JUnitPlatformProvider.invokeAllTests(JUnitPlatformProvider.java:154)
	at org.apache.maven.surefire.junitplatform.JUnitPlatformProvider.invoke(JUnitPlatformProvider.java:124)
	at org.apache.maven.surefire.booter.ForkedBooter.runSuitesInProcess(ForkedBooter.java:428)
	at org.apache.maven.surefire.booter.ForkedBooter.execute(ForkedBooter.java:162)
	at org.apache.maven.surefire.booter.ForkedBooter.run(ForkedBooter.java:562)
	at org.apache.maven.surefire.booter.ForkedBooter.main(ForkedBooter.java:548)

Nov 18, 2022 1:06:03 PM org.apache.ratis.thirdparty.io.grpc.internal.ManagedChannelOrphanWrapper$ManagedChannelReference cleanQueue
SEVERE: *~*~*~ Channel ManagedChannelImpl{logId=1445, target=10.1.0.56:34509} was not shutdown properly!!! ~*~*~*
    Make sure to call shutdown()/shutdownNow() and wait until awaitTermination() returns true.
java.lang.RuntimeException: ManagedChannel allocation site
	at org.apache.ratis.thirdparty.io.grpc.internal.ManagedChannelOrphanWrapper$ManagedChannelReference.<init>(ManagedChannelOrphanWrapper.java:93)
	at org.apache.ratis.thirdparty.io.grpc.internal.ManagedChannelOrphanWrapper.<init>(ManagedChannelOrphanWrapper.java:53)
	at org.apache.ratis.thirdparty.io.grpc.internal.ManagedChannelOrphanWrapper.<init>(ManagedChannelOrphanWrapper.java:44)
	at org.apache.ratis.thirdparty.io.grpc.internal.ManagedChannelImplBuilder.build(ManagedChannelImplBuilder.java:630)
	at org.apache.ratis.thirdparty.io.grpc.internal.AbstractManagedChannelImplBuilder.build(AbstractManagedChannelImplBuilder.java:297)
	at org.apache.hadoop.hdds.scm.XceiverClientGrpc.connectToDatanode(XceiverClientGrpc.java:205)
	at org.apache.hadoop.hdds.scm.XceiverClientGrpc.connect(XceiverClientGrpc.java:158)
	at org.apache.hadoop.hdds.scm.XceiverClientManager$2.call(XceiverClientManager.java:243)
	at org.apache.hadoop.hdds.scm.XceiverClientManager$2.call(XceiverClientManager.java:224)
	at com.google.common.cache.LocalCache$LocalManualCache$1.load(LocalCache.java:4868)
	at com.google.common.cache.LocalCache$LoadingValueReference.loadFuture(LocalCache.java:3533)
	at com.google.common.cache.LocalCache$Segment.loadSync(LocalCache.java:2282)
	at com.google.common.cache.LocalCache$Segment.lockedGetOrLoad(LocalCache.java:2159)
	at com.google.common.cache.LocalCache$Segment.get(LocalCache.java:2049)
	at com.google.common.cache.LocalCache.get(LocalCache.java:3966)
	at com.google.common.cache.LocalCache$LocalManualCache.get(LocalCache.java:4863)
	at org.apache.hadoop.hdds.scm.XceiverClientManager.getClient(XceiverClientManager.java:224)
	at org.apache.hadoop.hdds.scm.XceiverClientManager.acquireClient(XceiverClientManager.java:168)
	at org.apache.hadoop.hdds.scm.XceiverClientManager.acquireClient(XceiverClientManager.java:141)
	at org.apache.hadoop.hdds.scm.storage.BlockOutputStream.<init>(BlockOutputStream.java:161)
	at org.apache.hadoop.hdds.scm.storage.ECBlockOutputStream.<init>(ECBlockOutputStream.java:78)
	at org.apache.hadoop.ozone.client.io.ECBlockOutputStreamEntry.checkStream(ECBlockOutputStreamEntry.java:101)
	at org.apache.hadoop.ozone.client.io.BlockOutputStreamEntry.write(BlockOutputStreamEntry.java:123)
	at org.apache.hadoop.ozone.client.io.ECKeyOutputStream.writeToOutputStream(ECKeyOutputStream.java:408)
	at org.apache.hadoop.ozone.client.io.ECKeyOutputStream.handleOutputStreamWrite(ECKeyOutputStream.java:392)
	at org.apache.hadoop.ozone.client.io.ECKeyOutputStream.close(ECKeyOutputStream.java:490)
	at org.apache.hadoop.ozone.client.io.OzoneOutputStream.close(OzoneOutputStream.java:61)
	at org.apache.hadoop.ozone.TestDataUtil.createKey(TestDataUtil.java:115)
	at org.apache.hadoop.ozone.scm.node.TestDecommissionAndMaintenance.generateData(TestDecommissionAndMaintenance.java:621)
	at org.apache.hadoop.ozone.scm.node.TestDecommissionAndMaintenance.testSingleNodeWithOpenPipelineCanGotoMaintenance(TestDecommissionAndMaintenance.java:313)
	at sun.reflect.NativeMethodAccessorImpl.invoke0(Native Method)
	at sun.reflect.NativeMethodAccessorImpl.invoke(NativeMethodAccessorImpl.java:62)
	at sun.reflect.DelegatingMethodAccessorImpl.invoke(DelegatingMethodAccessorImpl.java:43)
	at java.lang.reflect.Method.invoke(Method.java:498)
	at org.junit.platform.commons.util.ReflectionUtils.invokeMethod(ReflectionUtils.java:725)
	at org.junit.jupiter.engine.execution.MethodInvocation.proceed(MethodInvocation.java:60)
	at org.junit.jupiter.engine.execution.InvocationInterceptorChain$ValidatingInvocation.proceed(InvocationInterceptorChain.java:131)
	at org.junit.jupiter.engine.extension.TimeoutExtension.intercept(TimeoutExtension.java:149)
	at org.junit.jupiter.engine.extension.TimeoutExtension.interceptTestableMethod(TimeoutExtension.java:140)
	at org.junit.jupiter.engine.extension.TimeoutExtension.interceptTestMethod(TimeoutExtension.java:84)
	at org.junit.jupiter.engine.execution.ExecutableInvoker$ReflectiveInterceptorCall.lambda$ofVoidMethod$0(ExecutableInvoker.java:115)
	at org.junit.jupiter.engine.execution.ExecutableInvoker.lambda$invoke$0(ExecutableInvoker.java:105)
	at org.junit.jupiter.engine.execution.InvocationInterceptorChain$InterceptedInvocation.proceed(InvocationInterceptorChain.java:106)
	at org.junit.jupiter.engine.execution.InvocationInterceptorChain.proceed(InvocationInterceptorChain.java:64)
	at org.junit.jupiter.engine.execution.InvocationInterceptorChain.chainAndInvoke(InvocationInterceptorChain.java:45)
	at org.junit.jupiter.engine.execution.InvocationInterceptorChain.invoke(InvocationInterceptorChain.java:37)
	at org.junit.jupiter.engine.execution.ExecutableInvoker.invoke(ExecutableInvoker.java:104)
	at org.junit.jupiter.engine.execution.ExecutableInvoker.invoke(ExecutableInvoker.java:98)
	at org.junit.jupiter.engine.descriptor.TestMethodTestDescriptor.lambda$invokeTestMethod$7(TestMethodTestDescriptor.java:214)
	at org.junit.platform.engine.support.hierarchical.ThrowableCollector.execute(ThrowableCollector.java:73)
	at org.junit.jupiter.engine.descriptor.TestMethodTestDescriptor.invokeTestMethod(TestMethodTestDescriptor.java:210)
	at org.junit.jupiter.engine.descriptor.TestMethodTestDescriptor.execute(TestMethodTestDescriptor.java:135)
	at org.junit.jupiter.engine.descriptor.TestMethodTestDescriptor.execute(TestMethodTestDescriptor.java:66)
	at org.junit.platform.engine.support.hierarchical.NodeTestTask.lambda$executeRecursively$6(NodeTestTask.java:151)
	at org.junit.platform.engine.support.hierarchical.ThrowableCollector.execute(ThrowableCollector.java:73)
	at org.junit.platform.engine.support.hierarchical.NodeTestTask.lambda$executeRecursively$8(NodeTestTask.java:141)
	at org.junit.platform.engine.support.hierarchical.Node.around(Node.java:137)
	at org.junit.platform.engine.support.hierarchical.NodeTestTask.lambda$executeRecursively$9(NodeTestTask.java:139)
	at org.junit.platform.engine.support.hierarchical.ThrowableCollector.execute(ThrowableCollector.java:73)
	at org.junit.platform.engine.support.hierarchical.NodeTestTask.executeRecursively(NodeTestTask.java:138)
	at org.junit.platform.engine.support.hierarchical.NodeTestTask.execute(NodeTestTask.java:95)
	at java.util.ArrayList.forEach(ArrayList.java:1259)
	at org.junit.platform.engine.support.hierarchical.SameThreadHierarchicalTestExecutorService.invokeAll(SameThreadHierarchicalTestExecutorService.java:41)
	at org.junit.platform.engine.support.hierarchical.NodeTestTask.lambda$executeRecursively$6(NodeTestTask.java:155)
	at org.junit.platform.engine.support.hierarchical.ThrowableCollector.execute(ThrowableCollector.java:73)
	at org.junit.platform.engine.support.hierarchical.NodeTestTask.lambda$executeRecursively$8(NodeTestTask.java:141)
	at org.junit.platform.engine.support.hierarchical.Node.around(Node.java:137)
	at org.junit.platform.engine.support.hierarchical.NodeTestTask.lambda$executeRecursively$9(NodeTestTask.java:139)
	at org.junit.platform.engine.support.hierarchical.ThrowableCollector.execute(ThrowableCollector.java:73)
	at org.junit.platform.engine.support.hierarchical.NodeTestTask.executeRecursively(NodeTestTask.java:138)
	at org.junit.platform.engine.support.hierarchical.NodeTestTask.execute(NodeTestTask.java:95)
	at java.util.ArrayList.forEach(ArrayList.java:1259)
	at org.junit.platform.engine.support.hierarchical.SameThreadHierarchicalTestExecutorService.invokeAll(SameThreadHierarchicalTestExecutorService.java:41)
	at org.junit.platform.engine.support.hierarchical.NodeTestTask.lambda$executeRecursively$6(NodeTestTask.java:155)
	at org.junit.platform.engine.support.hierarchical.ThrowableCollector.execute(ThrowableCollector.java:73)
	at org.junit.platform.engine.support.hierarchical.NodeTestTask.lambda$executeRecursively$8(NodeTestTask.java:141)
	at org.junit.platform.engine.support.hierarchical.Node.around(Node.java:137)
	at org.junit.platform.engine.support.hierarchical.NodeTestTask.lambda$executeRecursively$9(NodeTestTask.java:139)
	at org.junit.platform.engine.support.hierarchical.ThrowableCollector.execute(ThrowableCollector.java:73)
	at org.junit.platform.engine.support.hierarchical.NodeTestTask.executeRecursively(NodeTestTask.java:138)
	at org.junit.platform.engine.support.hierarchical.NodeTestTask.execute(NodeTestTask.java:95)
	at org.junit.platform.engine.support.hierarchical.SameThreadHierarchicalTestExecutorService.submit(SameThreadHierarchicalTestExecutorService.java:35)
	at org.junit.platform.engine.support.hierarchical.HierarchicalTestExecutor.execute(HierarchicalTestExecutor.java:57)
	at org.junit.platform.engine.support.hierarchical.HierarchicalTestEngine.execute(HierarchicalTestEngine.java:54)
	at org.junit.platform.launcher.core.EngineExecutionOrchestrator.execute(EngineExecutionOrchestrator.java:107)
	at org.junit.platform.launcher.core.EngineExecutionOrchestrator.execute(EngineExecutionOrchestrator.java:88)
	at org.junit.platform.launcher.core.EngineExecutionOrchestrator.lambda$execute$0(EngineExecutionOrchestrator.java:54)
	at org.junit.platform.launcher.core.EngineExecutionOrchestrator.withInterceptedStreams(EngineExecutionOrchestrator.java:67)
	at org.junit.platform.launcher.core.EngineExecutionOrchestrator.execute(EngineExecutionOrchestrator.java:52)
	at org.junit.platform.launcher.core.DefaultLauncher.execute(DefaultLauncher.java:114)
	at org.junit.platform.launcher.core.DefaultLauncher.execute(DefaultLauncher.java:86)
	at org.junit.platform.launcher.core.DefaultLauncherSession$DelegatingLauncher.execute(DefaultLauncherSession.java:86)
	at org.junit.platform.launcher.core.SessionPerRequestLauncher.execute(SessionPerRequestLauncher.java:53)
	at org.apache.maven.surefire.junitplatform.JUnitPlatformProvider.execute(JUnitPlatformProvider.java:188)
	at org.apache.maven.surefire.junitplatform.JUnitPlatformProvider.invokeAllTests(JUnitPlatformProvider.java:154)
	at org.apache.maven.surefire.junitplatform.JUnitPlatformProvider.invoke(JUnitPlatformProvider.java:124)
	at org.apache.maven.surefire.booter.ForkedBooter.runSuitesInProcess(ForkedBooter.java:428)
	at org.apache.maven.surefire.booter.ForkedBooter.execute(ForkedBooter.java:162)
	at org.apache.maven.surefire.booter.ForkedBooter.run(ForkedBooter.java:562)
	at org.apache.maven.surefire.booter.ForkedBooter.main(ForkedBooter.java:548)

Nov 18, 2022 1:06:03 PM org.apache.ratis.thirdparty.io.grpc.internal.ManagedChannelOrphanWrapper$ManagedChannelReference cleanQueue
SEVERE: *~*~*~ Channel ManagedChannelImpl{logId=1468, target=10.1.0.56:33243} was not shutdown properly!!! ~*~*~*
    Make sure to call shutdown()/shutdownNow() and wait until awaitTermination() returns true.
java.lang.RuntimeException: ManagedChannel allocation site
	at org.apache.ratis.thirdparty.io.grpc.internal.ManagedChannelOrphanWrapper$ManagedChannelReference.<init>(ManagedChannelOrphanWrapper.java:93)
	at org.apache.ratis.thirdparty.io.grpc.internal.ManagedChannelOrphanWrapper.<init>(ManagedChannelOrphanWrapper.java:53)
	at org.apache.ratis.thirdparty.io.grpc.internal.ManagedChannelOrphanWrapper.<init>(ManagedChannelOrphanWrapper.java:44)
	at org.apache.ratis.thirdparty.io.grpc.internal.ManagedChannelImplBuilder.build(ManagedChannelImplBuilder.java:630)
	at org.apache.ratis.thirdparty.io.grpc.internal.AbstractManagedChannelImplBuilder.build(AbstractManagedChannelImplBuilder.java:297)
	at org.apache.hadoop.hdds.scm.XceiverClientGrpc.connectToDatanode(XceiverClientGrpc.java:205)
	at org.apache.hadoop.hdds.scm.XceiverClientGrpc.connect(XceiverClientGrpc.java:158)
	at org.apache.hadoop.hdds.scm.XceiverClientManager$2.call(XceiverClientManager.java:243)
	at org.apache.hadoop.hdds.scm.XceiverClientManager$2.call(XceiverClientManager.java:224)
	at com.google.common.cache.LocalCache$LocalManualCache$1.load(LocalCache.java:4868)
	at com.google.common.cache.LocalCache$LoadingValueReference.loadFuture(LocalCache.java:3533)
	at com.google.common.cache.LocalCache$Segment.loadSync(LocalCache.java:2282)
	at com.google.common.cache.LocalCache$Segment.lockedGetOrLoad(LocalCache.java:2159)
	at com.google.common.cache.LocalCache$Segment.get(LocalCache.java:2049)
	at com.google.common.cache.LocalCache.get(LocalCache.java:3966)
	at com.google.common.cache.LocalCache$LocalManualCache.get(LocalCache.java:4863)
	at org.apache.hadoop.hdds.scm.XceiverClientManager.getClient(XceiverClientManager.java:224)
	at org.apache.hadoop.hdds.scm.XceiverClientManager.acquireClient(XceiverClientManager.java:168)
	at org.apache.hadoop.hdds.scm.XceiverClientManager.acquireClient(XceiverClientManager.java:141)
	at org.apache.hadoop.hdds.scm.storage.BlockOutputStream.<init>(BlockOutputStream.java:161)
	at org.apache.hadoop.hdds.scm.storage.ECBlockOutputStream.<init>(ECBlockOutputStream.java:78)
	at org.apache.hadoop.ozone.client.io.ECBlockOutputStreamEntry.checkStream(ECBlockOutputStreamEntry.java:101)
	at org.apache.hadoop.ozone.client.io.BlockOutputStreamEntry.write(BlockOutputStreamEntry.java:123)
	at org.apache.hadoop.ozone.client.io.ECKeyOutputStream.writeToOutputStream(ECKeyOutputStream.java:408)
	at org.apache.hadoop.ozone.client.io.ECKeyOutputStream.handleOutputStreamWrite(ECKeyOutputStream.java:392)
	at org.apache.hadoop.ozone.client.io.ECKeyOutputStream.close(ECKeyOutputStream.java:490)
	at org.apache.hadoop.ozone.client.io.OzoneOutputStream.close(OzoneOutputStream.java:61)
	at org.apache.hadoop.ozone.TestDataUtil.createKey(TestDataUtil.java:115)
	at org.apache.hadoop.ozone.scm.node.TestDecommissionAndMaintenance.generateData(TestDecommissionAndMaintenance.java:621)
	at org.apache.hadoop.ozone.scm.node.TestDecommissionAndMaintenance.testSingleNodeWithOpenPipelineCanGotoMaintenance(TestDecommissionAndMaintenance.java:313)
	at sun.reflect.NativeMethodAccessorImpl.invoke0(Native Method)
	at sun.reflect.NativeMethodAccessorImpl.invoke(NativeMethodAccessorImpl.java:62)
	at sun.reflect.DelegatingMethodAccessorImpl.invoke(DelegatingMethodAccessorImpl.java:43)
	at java.lang.reflect.Method.invoke(Method.java:498)
	at org.junit.platform.commons.util.ReflectionUtils.invokeMethod(ReflectionUtils.java:725)
	at org.junit.jupiter.engine.execution.MethodInvocation.proceed(MethodInvocation.java:60)
	at org.junit.jupiter.engine.execution.InvocationInterceptorChain$ValidatingInvocation.proceed(InvocationInterceptorChain.java:131)
	at org.junit.jupiter.engine.extension.TimeoutExtension.intercept(TimeoutExtension.java:149)
	at org.junit.jupiter.engine.extension.TimeoutExtension.interceptTestableMethod(TimeoutExtension.java:140)
	at org.junit.jupiter.engine.extension.TimeoutExtension.interceptTestMethod(TimeoutExtension.java:84)
	at org.junit.jupiter.engine.execution.ExecutableInvoker$ReflectiveInterceptorCall.lambda$ofVoidMethod$0(ExecutableInvoker.java:115)
	at org.junit.jupiter.engine.execution.ExecutableInvoker.lambda$invoke$0(ExecutableInvoker.java:105)
	at org.junit.jupiter.engine.execution.InvocationInterceptorChain$InterceptedInvocation.proceed(InvocationInterceptorChain.java:106)
	at org.junit.jupiter.engine.execution.InvocationInterceptorChain.proceed(InvocationInterceptorChain.java:64)
	at org.junit.jupiter.engine.execution.InvocationInterceptorChain.chainAndInvoke(InvocationInterceptorChain.java:45)
	at org.junit.jupiter.engine.execution.InvocationInterceptorChain.invoke(InvocationInterceptorChain.java:37)
	at org.junit.jupiter.engine.execution.ExecutableInvoker.invoke(ExecutableInvoker.java:104)
	at org.junit.jupiter.engine.execution.ExecutableInvoker.invoke(ExecutableInvoker.java:98)
	at org.junit.jupiter.engine.descriptor.TestMethodTestDescriptor.lambda$invokeTestMethod$7(TestMethodTestDescriptor.java:214)
	at org.junit.platform.engine.support.hierarchical.ThrowableCollector.execute(ThrowableCollector.java:73)
	at org.junit.jupiter.engine.descriptor.TestMethodTestDescriptor.invokeTestMethod(TestMethodTestDescriptor.java:210)
	at org.junit.jupiter.engine.descriptor.TestMethodTestDescriptor.execute(TestMethodTestDescriptor.java:135)
	at org.junit.jupiter.engine.descriptor.TestMethodTestDescriptor.execute(TestMethodTestDescriptor.java:66)
	at org.junit.platform.engine.support.hierarchical.NodeTestTask.lambda$executeRecursively$6(NodeTestTask.java:151)
	at org.junit.platform.engine.support.hierarchical.ThrowableCollector.execute(ThrowableCollector.java:73)
	at org.junit.platform.engine.support.hierarchical.NodeTestTask.lambda$executeRecursively$8(NodeTestTask.java:141)
	at org.junit.platform.engine.support.hierarchical.Node.around(Node.java:137)
	at org.junit.platform.engine.support.hierarchical.NodeTestTask.lambda$executeRecursively$9(NodeTestTask.java:139)
	at org.junit.platform.engine.support.hierarchical.ThrowableCollector.execute(ThrowableCollector.java:73)
	at org.junit.platform.engine.support.hierarchical.NodeTestTask.executeRecursively(NodeTestTask.java:138)
	at org.junit.platform.engine.support.hierarchical.NodeTestTask.execute(NodeTestTask.java:95)
	at java.util.ArrayList.forEach(ArrayList.java:1259)
	at org.junit.platform.engine.support.hierarchical.SameThreadHierarchicalTestExecutorService.invokeAll(SameThreadHierarchicalTestExecutorService.java:41)
	at org.junit.platform.engine.support.hierarchical.NodeTestTask.lambda$executeRecursively$6(NodeTestTask.java:155)
	at org.junit.platform.engine.support.hierarchical.ThrowableCollector.execute(ThrowableCollector.java:73)
	at org.junit.platform.engine.support.hierarchical.NodeTestTask.lambda$executeRecursively$8(NodeTestTask.java:141)
	at org.junit.platform.engine.support.hierarchical.Node.around(Node.java:137)
	at org.junit.platform.engine.support.hierarchical.NodeTestTask.lambda$executeRecursively$9(NodeTestTask.java:139)
	at org.junit.platform.engine.support.hierarchical.ThrowableCollector.execute(ThrowableCollector.java:73)
	at org.junit.platform.engine.support.hierarchical.NodeTestTask.executeRecursively(NodeTestTask.java:138)
	at org.junit.platform.engine.support.hierarchical.NodeTestTask.execute(NodeTestTask.java:95)
	at java.util.ArrayList.forEach(ArrayList.java:1259)
	at org.junit.platform.engine.support.hierarchical.SameThreadHierarchicalTestExecutorService.invokeAll(SameThreadHierarchicalTestExecutorService.java:41)
	at org.junit.platform.engine.support.hierarchical.NodeTestTask.lambda$executeRecursively$6(NodeTestTask.java:155)
	at org.junit.platform.engine.support.hierarchical.ThrowableCollector.execute(ThrowableCollector.java:73)
	at org.junit.platform.engine.support.hierarchical.NodeTestTask.lambda$executeRecursively$8(NodeTestTask.java:141)
	at org.junit.platform.engine.support.hierarchical.Node.around(Node.java:137)
	at org.junit.platform.engine.support.hierarchical.NodeTestTask.lambda$executeRecursively$9(NodeTestTask.java:139)
	at org.junit.platform.engine.support.hierarchical.ThrowableCollector.execute(ThrowableCollector.java:73)
	at org.junit.platform.engine.support.hierarchical.NodeTestTask.executeRecursively(NodeTestTask.java:138)
	at org.junit.platform.engine.support.hierarchical.NodeTestTask.execute(NodeTestTask.java:95)
	at org.junit.platform.engine.support.hierarchical.SameThreadHierarchicalTestExecutorService.submit(SameThreadHierarchicalTestExecutorService.java:35)
	at org.junit.platform.engine.support.hierarchical.HierarchicalTestExecutor.execute(HierarchicalTestExecutor.java:57)
	at org.junit.platform.engine.support.hierarchical.HierarchicalTestEngine.execute(HierarchicalTestEngine.java:54)
	at org.junit.platform.launcher.core.EngineExecutionOrchestrator.execute(EngineExecutionOrchestrator.java:107)
	at org.junit.platform.launcher.core.EngineExecutionOrchestrator.execute(EngineExecutionOrchestrator.java:88)
	at org.junit.platform.launcher.core.EngineExecutionOrchestrator.lambda$execute$0(EngineExecutionOrchestrator.java:54)
	at org.junit.platform.launcher.core.EngineExecutionOrchestrator.withInterceptedStreams(EngineExecutionOrchestrator.java:67)
	at org.junit.platform.launcher.core.EngineExecutionOrchestrator.execute(EngineExecutionOrchestrator.java:52)
	at org.junit.platform.launcher.core.DefaultLauncher.execute(DefaultLauncher.java:114)
	at org.junit.platform.launcher.core.DefaultLauncher.execute(DefaultLauncher.java:86)
	at org.junit.platform.launcher.core.DefaultLauncherSession$DelegatingLauncher.execute(DefaultLauncherSession.java:86)
	at org.junit.platform.launcher.core.SessionPerRequestLauncher.execute(SessionPerRequestLauncher.java:53)
	at org.apache.maven.surefire.junitplatform.JUnitPlatformProvider.execute(JUnitPlatformProvider.java:188)
	at org.apache.maven.surefire.junitplatform.JUnitPlatformProvider.invokeAllTests(JUnitPlatformProvider.java:154)
	at org.apache.maven.surefire.junitplatform.JUnitPlatformProvider.invoke(JUnitPlatformProvider.java:124)
	at org.apache.maven.surefire.booter.ForkedBooter.runSuitesInProcess(ForkedBooter.java:428)
	at org.apache.maven.surefire.booter.ForkedBooter.execute(ForkedBooter.java:162)
	at org.apache.maven.surefire.booter.ForkedBooter.run(ForkedBooter.java:562)
	at org.apache.maven.surefire.booter.ForkedBooter.main(ForkedBooter.java:548)

Nov 18, 2022 1:06:03 PM org.apache.ratis.thirdparty.io.grpc.internal.ManagedChannelOrphanWrapper$ManagedChannelReference cleanQueue
SEVERE: *~*~*~ Channel ManagedChannelImpl{logId=1546, target=10.1.0.56:45879} was not shutdown properly!!! ~*~*~*
    Make sure to call shutdown()/shutdownNow() and wait until awaitTermination() returns true.
java.lang.RuntimeException: ManagedChannel allocation site
	at org.apache.ratis.thirdparty.io.grpc.internal.ManagedChannelOrphanWrapper$ManagedChannelReference.<init>(ManagedChannelOrphanWrapper.java:93)
	at org.apache.ratis.thirdparty.io.grpc.internal.ManagedChannelOrphanWrapper.<init>(ManagedChannelOrphanWrapper.java:53)
	at org.apache.ratis.thirdparty.io.grpc.internal.ManagedChannelOrphanWrapper.<init>(ManagedChannelOrphanWrapper.java:44)
	at org.apache.ratis.thirdparty.io.grpc.internal.ManagedChannelImplBuilder.build(ManagedChannelImplBuilder.java:630)
	at org.apache.ratis.thirdparty.io.grpc.internal.AbstractManagedChannelImplBuilder.build(AbstractManagedChannelImplBuilder.java:297)
	at org.apache.hadoop.hdds.scm.XceiverClientGrpc.connectToDatanode(XceiverClientGrpc.java:205)
	at org.apache.hadoop.hdds.scm.XceiverClientGrpc.connect(XceiverClientGrpc.java:158)
	at org.apache.hadoop.hdds.scm.XceiverClientManager$2.call(XceiverClientManager.java:243)
	at org.apache.hadoop.hdds.scm.XceiverClientManager$2.call(XceiverClientManager.java:224)
	at com.google.common.cache.LocalCache$LocalManualCache$1.load(LocalCache.java:4868)
	at com.google.common.cache.LocalCache$LoadingValueReference.loadFuture(LocalCache.java:3533)
	at com.google.common.cache.LocalCache$Segment.loadSync(LocalCache.java:2282)
	at com.google.common.cache.LocalCache$Segment.lockedGetOrLoad(LocalCache.java:2159)
	at com.google.common.cache.LocalCache$Segment.get(LocalCache.java:2049)
	at com.google.common.cache.LocalCache.get(LocalCache.java:3966)
	at com.google.common.cache.LocalCache$LocalManualCache.get(LocalCache.java:4863)
	at org.apache.hadoop.hdds.scm.XceiverClientManager.getClient(XceiverClientManager.java:224)
	at org.apache.hadoop.hdds.scm.XceiverClientManager.acquireClient(XceiverClientManager.java:168)
	at org.apache.hadoop.hdds.scm.XceiverClientManager.acquireClient(XceiverClientManager.java:141)
	at org.apache.hadoop.hdds.scm.storage.BlockOutputStream.<init>(BlockOutputStream.java:161)
	at org.apache.hadoop.hdds.scm.storage.ECBlockOutputStream.<init>(ECBlockOutputStream.java:78)
	at org.apache.hadoop.ozone.client.io.ECBlockOutputStreamEntry.checkStream(ECBlockOutputStreamEntry.java:101)
	at org.apache.hadoop.ozone.client.io.BlockOutputStreamEntry.write(BlockOutputStreamEntry.java:123)
	at org.apache.hadoop.ozone.client.io.ECKeyOutputStream.writeToOutputStream(ECKeyOutputStream.java:408)
	at org.apache.hadoop.ozone.client.io.ECKeyOutputStream.handleOutputStreamWrite(ECKeyOutputStream.java:392)
	at org.apache.hadoop.ozone.client.io.ECKeyOutputStream.close(ECKeyOutputStream.java:490)
	at org.apache.hadoop.ozone.client.io.OzoneOutputStream.close(OzoneOutputStream.java:61)
	at org.apache.hadoop.ozone.TestDataUtil.createKey(TestDataUtil.java:115)
	at org.apache.hadoop.ozone.scm.node.TestDecommissionAndMaintenance.generateData(TestDecommissionAndMaintenance.java:621)
	at org.apache.hadoop.ozone.scm.node.TestDecommissionAndMaintenance.testSingleNodeWithOpenPipelineCanGotoMaintenance(TestDecommissionAndMaintenance.java:313)
	at sun.reflect.NativeMethodAccessorImpl.invoke0(Native Method)
	at sun.reflect.NativeMethodAccessorImpl.invoke(NativeMethodAccessorImpl.java:62)
	at sun.reflect.DelegatingMethodAccessorImpl.invoke(DelegatingMethodAccessorImpl.java:43)
	at java.lang.reflect.Method.invoke(Method.java:498)
	at org.junit.platform.commons.util.ReflectionUtils.invokeMethod(ReflectionUtils.java:725)
	at org.junit.jupiter.engine.execution.MethodInvocation.proceed(MethodInvocation.java:60)
	at org.junit.jupiter.engine.execution.InvocationInterceptorChain$ValidatingInvocation.proceed(InvocationInterceptorChain.java:131)
	at org.junit.jupiter.engine.extension.TimeoutExtension.intercept(TimeoutExtension.java:149)
	at org.junit.jupiter.engine.extension.TimeoutExtension.interceptTestableMethod(TimeoutExtension.java:140)
	at org.junit.jupiter.engine.extension.TimeoutExtension.interceptTestMethod(TimeoutExtension.java:84)
	at org.junit.jupiter.engine.execution.ExecutableInvoker$ReflectiveInterceptorCall.lambda$ofVoidMethod$0(ExecutableInvoker.java:115)
	at org.junit.jupiter.engine.execution.ExecutableInvoker.lambda$invoke$0(ExecutableInvoker.java:105)
	at org.junit.jupiter.engine.execution.InvocationInterceptorChain$InterceptedInvocation.proceed(InvocationInterceptorChain.java:106)
	at org.junit.jupiter.engine.execution.InvocationInterceptorChain.proceed(InvocationInterceptorChain.java:64)
	at org.junit.jupiter.engine.execution.InvocationInterceptorChain.chainAndInvoke(InvocationInterceptorChain.java:45)
	at org.junit.jupiter.engine.execution.InvocationInterceptorChain.invoke(InvocationInterceptorChain.java:37)
	at org.junit.jupiter.engine.execution.ExecutableInvoker.invoke(ExecutableInvoker.java:104)
	at org.junit.jupiter.engine.execution.ExecutableInvoker.invoke(ExecutableInvoker.java:98)
	at org.junit.jupiter.engine.descriptor.TestMethodTestDescriptor.lambda$invokeTestMethod$7(TestMethodTestDescriptor.java:214)
	at org.junit.platform.engine.support.hierarchical.ThrowableCollector.execute(ThrowableCollector.java:73)
	at org.junit.jupiter.engine.descriptor.TestMethodTestDescriptor.invokeTestMethod(TestMethodTestDescriptor.java:210)
	at org.junit.jupiter.engine.descriptor.TestMethodTestDescriptor.execute(TestMethodTestDescriptor.java:135)
	at org.junit.jupiter.engine.descriptor.TestMethodTestDescriptor.execute(TestMethodTestDescriptor.java:66)
	at org.junit.platform.engine.support.hierarchical.NodeTestTask.lambda$executeRecursively$6(NodeTestTask.java:151)
	at org.junit.platform.engine.support.hierarchical.ThrowableCollector.execute(ThrowableCollector.java:73)
	at org.junit.platform.engine.support.hierarchical.NodeTestTask.lambda$executeRecursively$8(NodeTestTask.java:141)
	at org.junit.platform.engine.support.hierarchical.Node.around(Node.java:137)
	at org.junit.platform.engine.support.hierarchical.NodeTestTask.lambda$executeRecursively$9(NodeTestTask.java:139)
	at org.junit.platform.engine.support.hierarchical.ThrowableCollector.execute(ThrowableCollector.java:73)
	at org.junit.platform.engine.support.hierarchical.NodeTestTask.executeRecursively(NodeTestTask.java:138)
	at org.junit.platform.engine.support.hierarchical.NodeTestTask.execute(NodeTestTask.java:95)
	at java.util.ArrayList.forEach(ArrayList.java:1259)
	at org.junit.platform.engine.support.hierarchical.SameThreadHierarchicalTestExecutorService.invokeAll(SameThreadHierarchicalTestExecutorService.java:41)
	at org.junit.platform.engine.support.hierarchical.NodeTestTask.lambda$executeRecursively$6(NodeTestTask.java:155)
	at org.junit.platform.engine.support.hierarchical.ThrowableCollector.execute(ThrowableCollector.java:73)
	at org.junit.platform.engine.support.hierarchical.NodeTestTask.lambda$executeRecursively$8(NodeTestTask.java:141)
	at org.junit.platform.engine.support.hierarchical.Node.around(Node.java:137)
	at org.junit.platform.engine.support.hierarchical.NodeTestTask.lambda$executeRecursively$9(NodeTestTask.java:139)
	at org.junit.platform.engine.support.hierarchical.ThrowableCollector.execute(ThrowableCollector.java:73)
	at org.junit.platform.engine.support.hierarchical.NodeTestTask.executeRecursively(NodeTestTask.java:138)
	at org.junit.platform.engine.support.hierarchical.NodeTestTask.execute(NodeTestTask.java:95)
	at java.util.ArrayList.forEach(ArrayList.java:1259)
	at org.junit.platform.engine.support.hierarchical.SameThreadHierarchicalTestExecutorService.invokeAll(SameThreadHierarchicalTestExecutorService.java:41)
	at org.junit.platform.engine.support.hierarchical.NodeTestTask.lambda$executeRecursively$6(NodeTestTask.java:155)
	at org.junit.platform.engine.support.hierarchical.ThrowableCollector.execute(ThrowableCollector.java:73)
	at org.junit.platform.engine.support.hierarchical.NodeTestTask.lambda$executeRecursively$8(NodeTestTask.java:141)
	at org.junit.platform.engine.support.hierarchical.Node.around(Node.java:137)
	at org.junit.platform.engine.support.hierarchical.NodeTestTask.lambda$executeRecursively$9(NodeTestTask.java:139)
	at org.junit.platform.engine.support.hierarchical.ThrowableCollector.execute(ThrowableCollector.java:73)
	at org.junit.platform.engine.support.hierarchical.NodeTestTask.executeRecursively(NodeTestTask.java:138)
	at org.junit.platform.engine.support.hierarchical.NodeTestTask.execute(NodeTestTask.java:95)
	at org.junit.platform.engine.support.hierarchical.SameThreadHierarchicalTestExecutorService.submit(SameThreadHierarchicalTestExecutorService.java:35)
	at org.junit.platform.engine.support.hierarchical.HierarchicalTestExecutor.execute(HierarchicalTestExecutor.java:57)
	at org.junit.platform.engine.support.hierarchical.HierarchicalTestEngine.execute(HierarchicalTestEngine.java:54)
	at org.junit.platform.launcher.core.EngineExecutionOrchestrator.execute(EngineExecutionOrchestrator.java:107)
	at org.junit.platform.launcher.core.EngineExecutionOrchestrator.execute(EngineExecutionOrchestrator.java:88)
	at org.junit.platform.launcher.core.EngineExecutionOrchestrator.lambda$execute$0(EngineExecutionOrchestrator.java:54)
	at org.junit.platform.launcher.core.EngineExecutionOrchestrator.withInterceptedStreams(EngineExecutionOrchestrator.java:67)
	at org.junit.platform.launcher.core.EngineExecutionOrchestrator.execute(EngineExecutionOrchestrator.java:52)
	at org.junit.platform.launcher.core.DefaultLauncher.execute(DefaultLauncher.java:114)
	at org.junit.platform.launcher.core.DefaultLauncher.execute(DefaultLauncher.java:86)
	at org.junit.platform.launcher.core.DefaultLauncherSession$DelegatingLauncher.execute(DefaultLauncherSession.java:86)
	at org.junit.platform.launcher.core.SessionPerRequestLauncher.execute(SessionPerRequestLauncher.java:53)
	at org.apache.maven.surefire.junitplatform.JUnitPlatformProvider.execute(JUnitPlatformProvider.java:188)
	at org.apache.maven.surefire.junitplatform.JUnitPlatformProvider.invokeAllTests(JUnitPlatformProvider.java:154)
	at org.apache.maven.surefire.junitplatform.JUnitPlatformProvider.invoke(JUnitPlatformProvider.java:124)
	at org.apache.maven.surefire.booter.ForkedBooter.runSuitesInProcess(ForkedBooter.java:428)
	at org.apache.maven.surefire.booter.ForkedBooter.execute(ForkedBooter.java:162)
	at org.apache.maven.surefire.booter.ForkedBooter.run(ForkedBooter.java:562)
	at org.apache.maven.surefire.booter.ForkedBooter.main(ForkedBooter.java:548)

Nov 18, 2022 1:06:03 PM org.apache.ratis.thirdparty.io.grpc.internal.ManagedChannelOrphanWrapper$ManagedChannelReference cleanQueue
SEVERE: *~*~*~ Channel ManagedChannelImpl{logId=1542, target=10.1.0.56:33243} was not shutdown properly!!! ~*~*~*
    Make sure to call shutdown()/shutdownNow() and wait until awaitTermination() returns true.
java.lang.RuntimeException: ManagedChannel allocation site
	at org.apache.ratis.thirdparty.io.grpc.internal.ManagedChannelOrphanWrapper$ManagedChannelReference.<init>(ManagedChannelOrphanWrapper.java:93)
	at org.apache.ratis.thirdparty.io.grpc.internal.ManagedChannelOrphanWrapper.<init>(ManagedChannelOrphanWrapper.java:53)
	at org.apache.ratis.thirdparty.io.grpc.internal.ManagedChannelOrphanWrapper.<init>(ManagedChannelOrphanWrapper.java:44)
	at org.apache.ratis.thirdparty.io.grpc.internal.ManagedChannelImplBuilder.build(ManagedChannelImplBuilder.java:630)
	at org.apache.ratis.thirdparty.io.grpc.internal.AbstractManagedChannelImplBuilder.build(AbstractManagedChannelImplBuilder.java:297)
	at org.apache.hadoop.hdds.scm.XceiverClientGrpc.connectToDatanode(XceiverClientGrpc.java:205)
	at org.apache.hadoop.hdds.scm.XceiverClientGrpc.connect(XceiverClientGrpc.java:158)
	at org.apache.hadoop.hdds.scm.XceiverClientManager$2.call(XceiverClientManager.java:243)
	at org.apache.hadoop.hdds.scm.XceiverClientManager$2.call(XceiverClientManager.java:224)
	at com.google.common.cache.LocalCache$LocalManualCache$1.load(LocalCache.java:4868)
	at com.google.common.cache.LocalCache$LoadingValueReference.loadFuture(LocalCache.java:3533)
	at com.google.common.cache.LocalCache$Segment.loadSync(LocalCache.java:2282)
	at com.google.common.cache.LocalCache$Segment.lockedGetOrLoad(LocalCache.java:2159)
	at com.google.common.cache.LocalCache$Segment.get(LocalCache.java:2049)
	at com.google.common.cache.LocalCache.get(LocalCache.java:3966)
	at com.google.common.cache.LocalCache$LocalManualCache.get(LocalCache.java:4863)
	at org.apache.hadoop.hdds.scm.XceiverClientManager.getClient(XceiverClientManager.java:224)
	at org.apache.hadoop.hdds.scm.XceiverClientManager.acquireClient(XceiverClientManager.java:168)
	at org.apache.hadoop.hdds.scm.XceiverClientManager.acquireClient(XceiverClientManager.java:141)
	at org.apache.hadoop.hdds.scm.storage.BlockOutputStream.<init>(BlockOutputStream.java:161)
	at org.apache.hadoop.hdds.scm.storage.ECBlockOutputStream.<init>(ECBlockOutputStream.java:78)
	at org.apache.hadoop.ozone.client.io.ECBlockOutputStreamEntry.checkStream(ECBlockOutputStreamEntry.java:101)
	at org.apache.hadoop.ozone.client.io.BlockOutputStreamEntry.write(BlockOutputStreamEntry.java:123)
	at org.apache.hadoop.ozone.client.io.ECKeyOutputStream.writeToOutputStream(ECKeyOutputStream.java:408)
	at org.apache.hadoop.ozone.client.io.ECKeyOutputStream.handleOutputStreamWrite(ECKeyOutputStream.java:392)
	at org.apache.hadoop.ozone.client.io.ECKeyOutputStream.close(ECKeyOutputStream.java:490)
	at org.apache.hadoop.ozone.client.io.OzoneOutputStream.close(OzoneOutputStream.java:61)
	at org.apache.hadoop.ozone.TestDataUtil.createKey(TestDataUtil.java:115)
	at org.apache.hadoop.ozone.scm.node.TestDecommissionAndMaintenance.generateData(TestDecommissionAndMaintenance.java:621)
	at org.apache.hadoop.ozone.scm.node.TestDecommissionAndMaintenance.testSingleNodeWithOpenPipelineCanGotoMaintenance(TestDecommissionAndMaintenance.java:313)
	at sun.reflect.NativeMethodAccessorImpl.invoke0(Native Method)
	at sun.reflect.NativeMethodAccessorImpl.invoke(NativeMethodAccessorImpl.java:62)
	at sun.reflect.DelegatingMethodAccessorImpl.invoke(DelegatingMethodAccessorImpl.java:43)
	at java.lang.reflect.Method.invoke(Method.java:498)
	at org.junit.platform.commons.util.ReflectionUtils.invokeMethod(ReflectionUtils.java:725)
	at org.junit.jupiter.engine.execution.MethodInvocation.proceed(MethodInvocation.java:60)
	at org.junit.jupiter.engine.execution.InvocationInterceptorChain$ValidatingInvocation.proceed(InvocationInterceptorChain.java:131)
	at org.junit.jupiter.engine.extension.TimeoutExtension.intercept(TimeoutExtension.java:149)
	at org.junit.jupiter.engine.extension.TimeoutExtension.interceptTestableMethod(TimeoutExtension.java:140)
	at org.junit.jupiter.engine.extension.TimeoutExtension.interceptTestMethod(TimeoutExtension.java:84)
	at org.junit.jupiter.engine.execution.ExecutableInvoker$ReflectiveInterceptorCall.lambda$ofVoidMethod$0(ExecutableInvoker.java:115)
	at org.junit.jupiter.engine.execution.ExecutableInvoker.lambda$invoke$0(ExecutableInvoker.java:105)
	at org.junit.jupiter.engine.execution.InvocationInterceptorChain$InterceptedInvocation.proceed(InvocationInterceptorChain.java:106)
	at org.junit.jupiter.engine.execution.InvocationInterceptorChain.proceed(InvocationInterceptorChain.java:64)
	at org.junit.jupiter.engine.execution.InvocationInterceptorChain.chainAndInvoke(InvocationInterceptorChain.java:45)
	at org.junit.jupiter.engine.execution.InvocationInterceptorChain.invoke(InvocationInterceptorChain.java:37)
	at org.junit.jupiter.engine.execution.ExecutableInvoker.invoke(ExecutableInvoker.java:104)
	at org.junit.jupiter.engine.execution.ExecutableInvoker.invoke(ExecutableInvoker.java:98)
	at org.junit.jupiter.engine.descriptor.TestMethodTestDescriptor.lambda$invokeTestMethod$7(TestMethodTestDescriptor.java:214)
	at org.junit.platform.engine.support.hierarchical.ThrowableCollector.execute(ThrowableCollector.java:73)
	at org.junit.jupiter.engine.descriptor.TestMethodTestDescriptor.invokeTestMethod(TestMethodTestDescriptor.java:210)
	at org.junit.jupiter.engine.descriptor.TestMethodTestDescriptor.execute(TestMethodTestDescriptor.java:135)
	at org.junit.jupiter.engine.descriptor.TestMethodTestDescriptor.execute(TestMethodTestDescriptor.java:66)
	at org.junit.platform.engine.support.hierarchical.NodeTestTask.lambda$executeRecursively$6(NodeTestTask.java:151)
	at org.junit.platform.engine.support.hierarchical.ThrowableCollector.execute(ThrowableCollector.java:73)
	at org.junit.platform.engine.support.hierarchical.NodeTestTask.lambda$executeRecursively$8(NodeTestTask.java:141)
	at org.junit.platform.engine.support.hierarchical.Node.around(Node.java:137)
	at org.junit.platform.engine.support.hierarchical.NodeTestTask.lambda$executeRecursively$9(NodeTestTask.java:139)
	at org.junit.platform.engine.support.hierarchical.ThrowableCollector.execute(ThrowableCollector.java:73)
	at org.junit.platform.engine.support.hierarchical.NodeTestTask.executeRecursively(NodeTestTask.java:138)
	at org.junit.platform.engine.support.hierarchical.NodeTestTask.execute(NodeTestTask.java:95)
	at java.util.ArrayList.forEach(ArrayList.java:1259)
	at org.junit.platform.engine.support.hierarchical.SameThreadHierarchicalTestExecutorService.invokeAll(SameThreadHierarchicalTestExecutorService.java:41)
	at org.junit.platform.engine.support.hierarchical.NodeTestTask.lambda$executeRecursively$6(NodeTestTask.java:155)
	at org.junit.platform.engine.support.hierarchical.ThrowableCollector.execute(ThrowableCollector.java:73)
	at org.junit.platform.engine.support.hierarchical.NodeTestTask.lambda$executeRecursively$8(NodeTestTask.java:141)
	at org.junit.platform.engine.support.hierarchical.Node.around(Node.java:137)
	at org.junit.platform.engine.support.hierarchical.NodeTestTask.lambda$executeRecursively$9(NodeTestTask.java:139)
	at org.junit.platform.engine.support.hierarchical.ThrowableCollector.execute(ThrowableCollector.java:73)
	at org.junit.platform.engine.support.hierarchical.NodeTestTask.executeRecursively(NodeTestTask.java:138)
	at org.junit.platform.engine.support.hierarchical.NodeTestTask.execute(NodeTestTask.java:95)
	at java.util.ArrayList.forEach(ArrayList.java:1259)
	at org.junit.platform.engine.support.hierarchical.SameThreadHierarchicalTestExecutorService.invokeAll(SameThreadHierarchicalTestExecutorService.java:41)
	at org.junit.platform.engine.support.hierarchical.NodeTestTask.lambda$executeRecursively$6(NodeTestTask.java:155)
	at org.junit.platform.engine.support.hierarchical.ThrowableCollector.execute(ThrowableCollector.java:73)
	at org.junit.platform.engine.support.hierarchical.NodeTestTask.lambda$executeRecursively$8(NodeTestTask.java:141)
	at org.junit.platform.engine.support.hierarchical.Node.around(Node.java:137)
	at org.junit.platform.engine.support.hierarchical.NodeTestTask.lambda$executeRecursively$9(NodeTestTask.java:139)
	at org.junit.platform.engine.support.hierarchical.ThrowableCollector.execute(ThrowableCollector.java:73)
	at org.junit.platform.engine.support.hierarchical.NodeTestTask.executeRecursively(NodeTestTask.java:138)
	at org.junit.platform.engine.support.hierarchical.NodeTestTask.execute(NodeTestTask.java:95)
	at org.junit.platform.engine.support.hierarchical.SameThreadHierarchicalTestExecutorService.submit(SameThreadHierarchicalTestExecutorService.java:35)
	at org.junit.platform.engine.support.hierarchical.HierarchicalTestExecutor.execute(HierarchicalTestExecutor.java:57)
	at org.junit.platform.engine.support.hierarchical.HierarchicalTestEngine.execute(HierarchicalTestEngine.java:54)
	at org.junit.platform.launcher.core.EngineExecutionOrchestrator.execute(EngineExecutionOrchestrator.java:107)
	at org.junit.platform.launcher.core.EngineExecutionOrchestrator.execute(EngineExecutionOrchestrator.java:88)
	at org.junit.platform.launcher.core.EngineExecutionOrchestrator.lambda$execute$0(EngineExecutionOrchestrator.java:54)
	at org.junit.platform.launcher.core.EngineExecutionOrchestrator.withInterceptedStreams(EngineExecutionOrchestrator.java:67)
	at org.junit.platform.launcher.core.EngineExecutionOrchestrator.execute(EngineExecutionOrchestrator.java:52)
	at org.junit.platform.launcher.core.DefaultLauncher.execute(DefaultLauncher.java:114)
	at org.junit.platform.launcher.core.DefaultLauncher.execute(DefaultLauncher.java:86)
	at org.junit.platform.launcher.core.DefaultLauncherSession$DelegatingLauncher.execute(DefaultLauncherSession.java:86)
	at org.junit.platform.launcher.core.SessionPerRequestLauncher.execute(SessionPerRequestLauncher.java:53)
	at org.apache.maven.surefire.junitplatform.JUnitPlatformProvider.execute(JUnitPlatformProvider.java:188)
	at org.apache.maven.surefire.junitplatform.JUnitPlatformProvider.invokeAllTests(JUnitPlatformProvider.java:154)
	at org.apache.maven.surefire.junitplatform.JUnitPlatformProvider.invoke(JUnitPlatformProvider.java:124)
	at org.apache.maven.surefire.booter.ForkedBooter.runSuitesInProcess(ForkedBooter.java:428)
	at org.apache.maven.surefire.booter.ForkedBooter.execute(ForkedBooter.java:162)
	at org.apache.maven.surefire.booter.ForkedBooter.run(ForkedBooter.java:562)
	at org.apache.maven.surefire.booter.ForkedBooter.main(ForkedBooter.java:548)

Nov 18, 2022 1:06:03 PM org.apache.ratis.thirdparty.io.grpc.internal.ManagedChannelOrphanWrapper$ManagedChannelReference cleanQueue
SEVERE: *~*~*~ Channel ManagedChannelImpl{logId=1493, target=10.1.0.56:34509} was not shutdown properly!!! ~*~*~*
    Make sure to call shutdown()/shutdownNow() and wait until awaitTermination() returns true.
java.lang.RuntimeException: ManagedChannel allocation site
	at org.apache.ratis.thirdparty.io.grpc.internal.ManagedChannelOrphanWrapper$ManagedChannelReference.<init>(ManagedChannelOrphanWrapper.java:93)
	at org.apache.ratis.thirdparty.io.grpc.internal.ManagedChannelOrphanWrapper.<init>(ManagedChannelOrphanWrapper.java:53)
	at org.apache.ratis.thirdparty.io.grpc.internal.ManagedChannelOrphanWrapper.<init>(ManagedChannelOrphanWrapper.java:44)
	at org.apache.ratis.thirdparty.io.grpc.internal.ManagedChannelImplBuilder.build(ManagedChannelImplBuilder.java:630)
	at org.apache.ratis.thirdparty.io.grpc.internal.AbstractManagedChannelImplBuilder.build(AbstractManagedChannelImplBuilder.java:297)
	at org.apache.hadoop.hdds.scm.XceiverClientGrpc.connectToDatanode(XceiverClientGrpc.java:205)
	at org.apache.hadoop.hdds.scm.XceiverClientGrpc.connect(XceiverClientGrpc.java:158)
	at org.apache.hadoop.hdds.scm.XceiverClientManager$2.call(XceiverClientManager.java:243)
	at org.apache.hadoop.hdds.scm.XceiverClientManager$2.call(XceiverClientManager.java:224)
	at com.google.common.cache.LocalCache$LocalManualCache$1.load(LocalCache.java:4868)
	at com.google.common.cache.LocalCache$LoadingValueReference.loadFuture(LocalCache.java:3533)
	at com.google.common.cache.LocalCache$Segment.loadSync(LocalCache.java:2282)
	at com.google.common.cache.LocalCache$Segment.lockedGetOrLoad(LocalCache.java:2159)
	at com.google.common.cache.LocalCache$Segment.get(LocalCache.java:2049)
	at com.google.common.cache.LocalCache.get(LocalCache.java:3966)
	at com.google.common.cache.LocalCache$LocalManualCache.get(LocalCache.java:4863)
	at org.apache.hadoop.hdds.scm.XceiverClientManager.getClient(XceiverClientManager.java:224)
	at org.apache.hadoop.hdds.scm.XceiverClientManager.acquireClient(XceiverClientManager.java:168)
	at org.apache.hadoop.hdds.scm.XceiverClientManager.acquireClient(XceiverClientManager.java:141)
	at org.apache.hadoop.hdds.scm.storage.BlockOutputStream.<init>(BlockOutputStream.java:161)
	at org.apache.hadoop.hdds.scm.storage.ECBlockOutputStream.<init>(ECBlockOutputStream.java:78)
	at org.apache.hadoop.ozone.client.io.ECBlockOutputStreamEntry.checkStream(ECBlockOutputStreamEntry.java:101)
	at org.apache.hadoop.ozone.client.io.BlockOutputStreamEntry.write(BlockOutputStreamEntry.java:123)
	at org.apache.hadoop.ozone.client.io.ECKeyOutputStream.writeToOutputStream(ECKeyOutputStream.java:408)
	at org.apache.hadoop.ozone.client.io.ECKeyOutputStream.handleOutputStreamWrite(ECKeyOutputStream.java:392)
	at org.apache.hadoop.ozone.client.io.ECKeyOutputStream.close(ECKeyOutputStream.java:490)
	at org.apache.hadoop.ozone.client.io.OzoneOutputStream.close(OzoneOutputStream.java:61)
	at org.apache.hadoop.ozone.TestDataUtil.createKey(TestDataUtil.java:115)
	at org.apache.hadoop.ozone.scm.node.TestDecommissionAndMaintenance.generateData(TestDecommissionAndMaintenance.java:621)
	at org.apache.hadoop.ozone.scm.node.TestDecommissionAndMaintenance.testSingleNodeWithOpenPipelineCanGotoMaintenance(TestDecommissionAndMaintenance.java:313)
	at sun.reflect.NativeMethodAccessorImpl.invoke0(Native Method)
	at sun.reflect.NativeMethodAccessorImpl.invoke(NativeMethodAccessorImpl.java:62)
	at sun.reflect.DelegatingMethodAccessorImpl.invoke(DelegatingMethodAccessorImpl.java:43)
	at java.lang.reflect.Method.invoke(Method.java:498)
	at org.junit.platform.commons.util.ReflectionUtils.invokeMethod(ReflectionUtils.java:725)
	at org.junit.jupiter.engine.execution.MethodInvocation.proceed(MethodInvocation.java:60)
	at org.junit.jupiter.engine.execution.InvocationInterceptorChain$ValidatingInvocation.proceed(InvocationInterceptorChain.java:131)
	at org.junit.jupiter.engine.extension.TimeoutExtension.intercept(TimeoutExtension.java:149)
	at org.junit.jupiter.engine.extension.TimeoutExtension.interceptTestableMethod(TimeoutExtension.java:140)
	at org.junit.jupiter.engine.extension.TimeoutExtension.interceptTestMethod(TimeoutExtension.java:84)
	at org.junit.jupiter.engine.execution.ExecutableInvoker$ReflectiveInterceptorCall.lambda$ofVoidMethod$0(ExecutableInvoker.java:115)
	at org.junit.jupiter.engine.execution.ExecutableInvoker.lambda$invoke$0(ExecutableInvoker.java:105)
	at org.junit.jupiter.engine.execution.InvocationInterceptorChain$InterceptedInvocation.proceed(InvocationInterceptorChain.java:106)
	at org.junit.jupiter.engine.execution.InvocationInterceptorChain.proceed(InvocationInterceptorChain.java:64)
	at org.junit.jupiter.engine.execution.InvocationInterceptorChain.chainAndInvoke(InvocationInterceptorChain.java:45)
	at org.junit.jupiter.engine.execution.InvocationInterceptorChain.invoke(InvocationInterceptorChain.java:37)
	at org.junit.jupiter.engine.execution.ExecutableInvoker.invoke(ExecutableInvoker.java:104)
	at org.junit.jupiter.engine.execution.ExecutableInvoker.invoke(ExecutableInvoker.java:98)
	at org.junit.jupiter.engine.descriptor.TestMethodTestDescriptor.lambda$invokeTestMethod$7(TestMethodTestDescriptor.java:214)
	at org.junit.platform.engine.support.hierarchical.ThrowableCollector.execute(ThrowableCollector.java:73)
	at org.junit.jupiter.engine.descriptor.TestMethodTestDescriptor.invokeTestMethod(TestMethodTestDescriptor.java:210)
	at org.junit.jupiter.engine.descriptor.TestMethodTestDescriptor.execute(TestMethodTestDescriptor.java:135)
	at org.junit.jupiter.engine.descriptor.TestMethodTestDescriptor.execute(TestMethodTestDescriptor.java:66)
	at org.junit.platform.engine.support.hierarchical.NodeTestTask.lambda$executeRecursively$6(NodeTestTask.java:151)
	at org.junit.platform.engine.support.hierarchical.ThrowableCollector.execute(ThrowableCollector.java:73)
	at org.junit.platform.engine.support.hierarchical.NodeTestTask.lambda$executeRecursively$8(NodeTestTask.java:141)
	at org.junit.platform.engine.support.hierarchical.Node.around(Node.java:137)
	at org.junit.platform.engine.support.hierarchical.NodeTestTask.lambda$executeRecursively$9(NodeTestTask.java:139)
	at org.junit.platform.engine.support.hierarchical.ThrowableCollector.execute(ThrowableCollector.java:73)
	at org.junit.platform.engine.support.hierarchical.NodeTestTask.executeRecursively(NodeTestTask.java:138)
	at org.junit.platform.engine.support.hierarchical.NodeTestTask.execute(NodeTestTask.java:95)
	at java.util.ArrayList.forEach(ArrayList.java:1259)
	at org.junit.platform.engine.support.hierarchical.SameThreadHierarchicalTestExecutorService.invokeAll(SameThreadHierarchicalTestExecutorService.java:41)
	at org.junit.platform.engine.support.hierarchical.NodeTestTask.lambda$executeRecursively$6(NodeTestTask.java:155)
	at org.junit.platform.engine.support.hierarchical.ThrowableCollector.execute(ThrowableCollector.java:73)
	at org.junit.platform.engine.support.hierarchical.NodeTestTask.lambda$executeRecursively$8(NodeTestTask.java:141)
	at org.junit.platform.engine.support.hierarchical.Node.around(Node.java:137)
	at org.junit.platform.engine.support.hierarchical.NodeTestTask.lambda$executeRecursively$9(NodeTestTask.java:139)
	at org.junit.platform.engine.support.hierarchical.ThrowableCollector.execute(ThrowableCollector.java:73)
	at org.junit.platform.engine.support.hierarchical.NodeTestTask.executeRecursively(NodeTestTask.java:138)
	at org.junit.platform.engine.support.hierarchical.NodeTestTask.execute(NodeTestTask.java:95)
	at java.util.ArrayList.forEach(ArrayList.java:1259)
	at org.junit.platform.engine.support.hierarchical.SameThreadHierarchicalTestExecutorService.invokeAll(SameThreadHierarchicalTestExecutorService.java:41)
	at org.junit.platform.engine.support.hierarchical.NodeTestTask.lambda$executeRecursively$6(NodeTestTask.java:155)
	at org.junit.platform.engine.support.hierarchical.ThrowableCollector.execute(ThrowableCollector.java:73)
	at org.junit.platform.engine.support.hierarchical.NodeTestTask.lambda$executeRecursively$8(NodeTestTask.java:141)
	at org.junit.platform.engine.support.hierarchical.Node.around(Node.java:137)
	at org.junit.platform.engine.support.hierarchical.NodeTestTask.lambda$executeRecursively$9(NodeTestTask.java:139)
	at org.junit.platform.engine.support.hierarchical.ThrowableCollector.execute(ThrowableCollector.java:73)
	at org.junit.platform.engine.support.hierarchical.NodeTestTask.executeRecursively(NodeTestTask.java:138)
	at org.junit.platform.engine.support.hierarchical.NodeTestTask.execute(NodeTestTask.java:95)
	at org.junit.platform.engine.support.hierarchical.SameThreadHierarchicalTestExecutorService.submit(SameThreadHierarchicalTestExecutorService.java:35)
	at org.junit.platform.engine.support.hierarchical.HierarchicalTestExecutor.execute(HierarchicalTestExecutor.java:57)
	at org.junit.platform.engine.support.hierarchical.HierarchicalTestEngine.execute(HierarchicalTestEngine.java:54)
	at org.junit.platform.launcher.core.EngineExecutionOrchestrator.execute(EngineExecutionOrchestrator.java:107)
	at org.junit.platform.launcher.core.EngineExecutionOrchestrator.execute(EngineExecutionOrchestrator.java:88)
	at org.junit.platform.launcher.core.EngineExecutionOrchestrator.lambda$execute$0(EngineExecutionOrchestrator.java:54)
	at org.junit.platform.launcher.core.EngineExecutionOrchestrator.withInterceptedStreams(EngineExecutionOrchestrator.java:67)
	at org.junit.platform.launcher.core.EngineExecutionOrchestrator.execute(EngineExecutionOrchestrator.java:52)
	at org.junit.platform.launcher.core.DefaultLauncher.execute(DefaultLauncher.java:114)
	at org.junit.platform.launcher.core.DefaultLauncher.execute(DefaultLauncher.java:86)
	at org.junit.platform.launcher.core.DefaultLauncherSession$DelegatingLauncher.execute(DefaultLauncherSession.java:86)
	at org.junit.platform.launcher.core.SessionPerRequestLauncher.execute(SessionPerRequestLauncher.java:53)
	at org.apache.maven.surefire.junitplatform.JUnitPlatformProvider.execute(JUnitPlatformProvider.java:188)
	at org.apache.maven.surefire.junitplatform.JUnitPlatformProvider.invokeAllTests(JUnitPlatformProvider.java:154)
	at org.apache.maven.surefire.junitplatform.JUnitPlatformProvider.invoke(JUnitPlatformProvider.java:124)
	at org.apache.maven.surefire.booter.ForkedBooter.runSuitesInProcess(ForkedBooter.java:428)
	at org.apache.maven.surefire.booter.ForkedBooter.execute(ForkedBooter.java:162)
	at org.apache.maven.surefire.booter.ForkedBooter.run(ForkedBooter.java:562)
	at org.apache.maven.surefire.booter.ForkedBooter.main(ForkedBooter.java:548)

Nov 18, 2022 1:06:03 PM org.apache.ratis.thirdparty.io.grpc.internal.ManagedChannelOrphanWrapper$ManagedChannelReference cleanQueue
SEVERE: *~*~*~ Channel ManagedChannelImpl{logId=1449, target=10.1.0.56:46377} was not shutdown properly!!! ~*~*~*
    Make sure to call shutdown()/shutdownNow() and wait until awaitTermination() returns true.
java.lang.RuntimeException: ManagedChannel allocation site
	at org.apache.ratis.thirdparty.io.grpc.internal.ManagedChannelOrphanWrapper$ManagedChannelReference.<init>(ManagedChannelOrphanWrapper.java:93)
	at org.apache.ratis.thirdparty.io.grpc.internal.ManagedChannelOrphanWrapper.<init>(ManagedChannelOrphanWrapper.java:53)
	at org.apache.ratis.thirdparty.io.grpc.internal.ManagedChannelOrphanWrapper.<init>(ManagedChannelOrphanWrapper.java:44)
	at org.apache.ratis.thirdparty.io.grpc.internal.ManagedChannelImplBuilder.build(ManagedChannelImplBuilder.java:630)
	at org.apache.ratis.thirdparty.io.grpc.internal.AbstractManagedChannelImplBuilder.build(AbstractManagedChannelImplBuilder.java:297)
	at org.apache.hadoop.hdds.scm.XceiverClientGrpc.connectToDatanode(XceiverClientGrpc.java:205)
	at org.apache.hadoop.hdds.scm.XceiverClientGrpc.connect(XceiverClientGrpc.java:158)
	at org.apache.hadoop.hdds.scm.XceiverClientManager$2.call(XceiverClientManager.java:243)
	at org.apache.hadoop.hdds.scm.XceiverClientManager$2.call(XceiverClientManager.java:224)
	at com.google.common.cache.LocalCache$LocalManualCache$1.load(LocalCache.java:4868)
	at com.google.common.cache.LocalCache$LoadingValueReference.loadFuture(LocalCache.java:3533)
	at com.google.common.cache.LocalCache$Segment.loadSync(LocalCache.java:2282)
	at com.google.common.cache.LocalCache$Segment.lockedGetOrLoad(LocalCache.java:2159)
	at com.google.common.cache.LocalCache$Segment.get(LocalCache.java:2049)
	at com.google.common.cache.LocalCache.get(LocalCache.java:3966)
	at com.google.common.cache.LocalCache$LocalManualCache.get(LocalCache.java:4863)
	at org.apache.hadoop.hdds.scm.XceiverClientManager.getClient(XceiverClientManager.java:224)
	at org.apache.hadoop.hdds.scm.XceiverClientManager.acquireClient(XceiverClientManager.java:168)
	at org.apache.hadoop.hdds.scm.XceiverClientManager.acquireClient(XceiverClientManager.java:141)
	at org.apache.hadoop.hdds.scm.storage.BlockOutputStream.<init>(BlockOutputStream.java:161)
	at org.apache.hadoop.hdds.scm.storage.ECBlockOutputStream.<init>(ECBlockOutputStream.java:78)
	at org.apache.hadoop.ozone.client.io.ECBlockOutputStreamEntry.checkStream(ECBlockOutputStreamEntry.java:101)
	at org.apache.hadoop.ozone.client.io.BlockOutputStreamEntry.write(BlockOutputStreamEntry.java:123)
	at org.apache.hadoop.ozone.client.io.ECKeyOutputStream.writeToOutputStream(ECKeyOutputStream.java:408)
	at org.apache.hadoop.ozone.client.io.ECKeyOutputStream.handleOutputStreamWrite(ECKeyOutputStream.java:392)
	at org.apache.hadoop.ozone.client.io.ECKeyOutputStream.close(ECKeyOutputStream.java:490)
	at org.apache.hadoop.ozone.client.io.OzoneOutputStream.close(OzoneOutputStream.java:61)
	at org.apache.hadoop.ozone.TestDataUtil.createKey(TestDataUtil.java:115)
	at org.apache.hadoop.ozone.scm.node.TestDecommissionAndMaintenance.generateData(TestDecommissionAndMaintenance.java:621)
	at org.apache.hadoop.ozone.scm.node.TestDecommissionAndMaintenance.testSingleNodeWithOpenPipelineCanGotoMaintenance(TestDecommissionAndMaintenance.java:313)
	at sun.reflect.NativeMethodAccessorImpl.invoke0(Native Method)
	at sun.reflect.NativeMethodAccessorImpl.invoke(NativeMethodAccessorImpl.java:62)
	at sun.reflect.DelegatingMethodAccessorImpl.invoke(DelegatingMethodAccessorImpl.java:43)
	at java.lang.reflect.Method.invoke(Method.java:498)
	at org.junit.platform.commons.util.ReflectionUtils.invokeMethod(ReflectionUtils.java:725)
	at org.junit.jupiter.engine.execution.MethodInvocation.proceed(MethodInvocation.java:60)
	at org.junit.jupiter.engine.execution.InvocationInterceptorChain$ValidatingInvocation.proceed(InvocationInterceptorChain.java:131)
	at org.junit.jupiter.engine.extension.TimeoutExtension.intercept(TimeoutExtension.java:149)
	at org.junit.jupiter.engine.extension.TimeoutExtension.interceptTestableMethod(TimeoutExtension.java:140)
	at org.junit.jupiter.engine.extension.TimeoutExtension.interceptTestMethod(TimeoutExtension.java:84)
	at org.junit.jupiter.engine.execution.ExecutableInvoker$ReflectiveInterceptorCall.lambda$ofVoidMethod$0(ExecutableInvoker.java:115)
	at org.junit.jupiter.engine.execution.ExecutableInvoker.lambda$invoke$0(ExecutableInvoker.java:105)
	at org.junit.jupiter.engine.execution.InvocationInterceptorChain$InterceptedInvocation.proceed(InvocationInterceptorChain.java:106)
	at org.junit.jupiter.engine.execution.InvocationInterceptorChain.proceed(InvocationInterceptorChain.java:64)
	at org.junit.jupiter.engine.execution.InvocationInterceptorChain.chainAndInvoke(InvocationInterceptorChain.java:45)
	at org.junit.jupiter.engine.execution.InvocationInterceptorChain.invoke(InvocationInterceptorChain.java:37)
	at org.junit.jupiter.engine.execution.ExecutableInvoker.invoke(ExecutableInvoker.java:104)
	at org.junit.jupiter.engine.execution.ExecutableInvoker.invoke(ExecutableInvoker.java:98)
	at org.junit.jupiter.engine.descriptor.TestMethodTestDescriptor.lambda$invokeTestMethod$7(TestMethodTestDescriptor.java:214)
	at org.junit.platform.engine.support.hierarchical.ThrowableCollector.execute(ThrowableCollector.java:73)
	at org.junit.jupiter.engine.descriptor.TestMethodTestDescriptor.invokeTestMethod(TestMethodTestDescriptor.java:210)
	at org.junit.jupiter.engine.descriptor.TestMethodTestDescriptor.execute(TestMethodTestDescriptor.java:135)
	at org.junit.jupiter.engine.descriptor.TestMethodTestDescriptor.execute(TestMethodTestDescriptor.java:66)
	at org.junit.platform.engine.support.hierarchical.NodeTestTask.lambda$executeRecursively$6(NodeTestTask.java:151)
	at org.junit.platform.engine.support.hierarchical.ThrowableCollector.execute(ThrowableCollector.java:73)
	at org.junit.platform.engine.support.hierarchical.NodeTestTask.lambda$executeRecursively$8(NodeTestTask.java:141)
	at org.junit.platform.engine.support.hierarchical.Node.around(Node.java:137)
	at org.junit.platform.engine.support.hierarchical.NodeTestTask.lambda$executeRecursively$9(NodeTestTask.java:139)
	at org.junit.platform.engine.support.hierarchical.ThrowableCollector.execute(ThrowableCollector.java:73)
	at org.junit.platform.engine.support.hierarchical.NodeTestTask.executeRecursively(NodeTestTask.java:138)
	at org.junit.platform.engine.support.hierarchical.NodeTestTask.execute(NodeTestTask.java:95)
	at java.util.ArrayList.forEach(ArrayList.java:1259)
	at org.junit.platform.engine.support.hierarchical.SameThreadHierarchicalTestExecutorService.invokeAll(SameThreadHierarchicalTestExecutorService.java:41)
	at org.junit.platform.engine.support.hierarchical.NodeTestTask.lambda$executeRecursively$6(NodeTestTask.java:155)
	at org.junit.platform.engine.support.hierarchical.ThrowableCollector.execute(ThrowableCollector.java:73)
	at org.junit.platform.engine.support.hierarchical.NodeTestTask.lambda$executeRecursively$8(NodeTestTask.java:141)
	at org.junit.platform.engine.support.hierarchical.Node.around(Node.java:137)
	at org.junit.platform.engine.support.hierarchical.NodeTestTask.lambda$executeRecursively$9(NodeTestTask.java:139)
	at org.junit.platform.engine.support.hierarchical.ThrowableCollector.execute(ThrowableCollector.java:73)
	at org.junit.platform.engine.support.hierarchical.NodeTestTask.executeRecursively(NodeTestTask.java:138)
	at org.junit.platform.engine.support.hierarchical.NodeTestTask.execute(NodeTestTask.java:95)
	at java.util.ArrayList.forEach(ArrayList.java:1259)
	at org.junit.platform.engine.support.hierarchical.SameThreadHierarchicalTestExecutorService.invokeAll(SameThreadHierarchicalTestExecutorService.java:41)
	at org.junit.platform.engine.support.hierarchical.NodeTestTask.lambda$executeRecursively$6(NodeTestTask.java:155)
	at org.junit.platform.engine.support.hierarchical.ThrowableCollector.execute(ThrowableCollector.java:73)
	at org.junit.platform.engine.support.hierarchical.NodeTestTask.lambda$executeRecursively$8(NodeTestTask.java:141)
	at org.junit.platform.engine.support.hierarchical.Node.around(Node.java:137)
	at org.junit.platform.engine.support.hierarchical.NodeTestTask.lambda$executeRecursively$9(NodeTestTask.java:139)
	at org.junit.platform.engine.support.hierarchical.ThrowableCollector.execute(ThrowableCollector.java:73)
	at org.junit.platform.engine.support.hierarchical.NodeTestTask.executeRecursively(NodeTestTask.java:138)
	at org.junit.platform.engine.support.hierarchical.NodeTestTask.execute(NodeTestTask.java:95)
	at org.junit.platform.engine.support.hierarchical.SameThreadHierarchicalTestExecutorService.submit(SameThreadHierarchicalTestExecutorService.java:35)
	at org.junit.platform.engine.support.hierarchical.HierarchicalTestExecutor.execute(HierarchicalTestExecutor.java:57)
	at org.junit.platform.engine.support.hierarchical.HierarchicalTestEngine.execute(HierarchicalTestEngine.java:54)
	at org.junit.platform.launcher.core.EngineExecutionOrchestrator.execute(EngineExecutionOrchestrator.java:107)
	at org.junit.platform.launcher.core.EngineExecutionOrchestrator.execute(EngineExecutionOrchestrator.java:88)
	at org.junit.platform.launcher.core.EngineExecutionOrchestrator.lambda$execute$0(EngineExecutionOrchestrator.java:54)
	at org.junit.platform.launcher.core.EngineExecutionOrchestrator.withInterceptedStreams(EngineExecutionOrchestrator.java:67)
	at org.junit.platform.launcher.core.EngineExecutionOrchestrator.execute(EngineExecutionOrchestrator.java:52)
	at org.junit.platform.launcher.core.DefaultLauncher.execute(DefaultLauncher.java:114)
	at org.junit.platform.launcher.core.DefaultLauncher.execute(DefaultLauncher.java:86)
	at org.junit.platform.launcher.core.DefaultLauncherSession$DelegatingLauncher.execute(DefaultLauncherSession.java:86)
	at org.junit.platform.launcher.core.SessionPerRequestLauncher.execute(SessionPerRequestLauncher.java:53)
	at org.apache.maven.surefire.junitplatform.JUnitPlatformProvider.execute(JUnitPlatformProvider.java:188)
	at org.apache.maven.surefire.junitplatform.JUnitPlatformProvider.invokeAllTests(JUnitPlatformProvider.java:154)
	at org.apache.maven.surefire.junitplatform.JUnitPlatformProvider.invoke(JUnitPlatformProvider.java:124)
	at org.apache.maven.surefire.booter.ForkedBooter.runSuitesInProcess(ForkedBooter.java:428)
	at org.apache.maven.surefire.booter.ForkedBooter.execute(ForkedBooter.java:162)
	at org.apache.maven.surefire.booter.ForkedBooter.run(ForkedBooter.java:562)
	at org.apache.maven.surefire.booter.ForkedBooter.main(ForkedBooter.java:548)

Nov 18, 2022 1:06:03 PM org.apache.ratis.thirdparty.io.grpc.internal.ManagedChannelOrphanWrapper$ManagedChannelReference cleanQueue
SEVERE: *~*~*~ Channel ManagedChannelImpl{logId=1517, target=10.1.0.56:46377} was not shutdown properly!!! ~*~*~*
    Make sure to call shutdown()/shutdownNow() and wait until awaitTermination() returns true.
java.lang.RuntimeException: ManagedChannel allocation site
	at org.apache.ratis.thirdparty.io.grpc.internal.ManagedChannelOrphanWrapper$ManagedChannelReference.<init>(ManagedChannelOrphanWrapper.java:93)
	at org.apache.ratis.thirdparty.io.grpc.internal.ManagedChannelOrphanWrapper.<init>(ManagedChannelOrphanWrapper.java:53)
	at org.apache.ratis.thirdparty.io.grpc.internal.ManagedChannelOrphanWrapper.<init>(ManagedChannelOrphanWrapper.java:44)
	at org.apache.ratis.thirdparty.io.grpc.internal.ManagedChannelImplBuilder.build(ManagedChannelImplBuilder.java:630)
	at org.apache.ratis.thirdparty.io.grpc.internal.AbstractManagedChannelImplBuilder.build(AbstractManagedChannelImplBuilder.java:297)
	at org.apache.hadoop.hdds.scm.XceiverClientGrpc.connectToDatanode(XceiverClientGrpc.java:205)
	at org.apache.hadoop.hdds.scm.XceiverClientGrpc.connect(XceiverClientGrpc.java:158)
	at org.apache.hadoop.hdds.scm.XceiverClientManager$2.call(XceiverClientManager.java:243)
	at org.apache.hadoop.hdds.scm.XceiverClientManager$2.call(XceiverClientManager.java:224)
	at com.google.common.cache.LocalCache$LocalManualCache$1.load(LocalCache.java:4868)
	at com.google.common.cache.LocalCache$LoadingValueReference.loadFuture(LocalCache.java:3533)
	at com.google.common.cache.LocalCache$Segment.loadSync(LocalCache.java:2282)
	at com.google.common.cache.LocalCache$Segment.lockedGetOrLoad(LocalCache.java:2159)
	at com.google.common.cache.LocalCache$Segment.get(LocalCache.java:2049)
	at com.google.common.cache.LocalCache.get(LocalCache.java:3966)
	at com.google.common.cache.LocalCache$LocalManualCache.get(LocalCache.java:4863)
	at org.apache.hadoop.hdds.scm.XceiverClientManager.getClient(XceiverClientManager.java:224)
	at org.apache.hadoop.hdds.scm.XceiverClientManager.acquireClient(XceiverClientManager.java:168)
	at org.apache.hadoop.hdds.scm.XceiverClientManager.acquireClient(XceiverClientManager.java:141)
	at org.apache.hadoop.hdds.scm.storage.BlockOutputStream.<init>(BlockOutputStream.java:161)
	at org.apache.hadoop.hdds.scm.storage.ECBlockOutputStream.<init>(ECBlockOutputStream.java:78)
	at org.apache.hadoop.ozone.client.io.ECBlockOutputStreamEntry.checkStream(ECBlockOutputStreamEntry.java:101)
	at org.apache.hadoop.ozone.client.io.BlockOutputStreamEntry.write(BlockOutputStreamEntry.java:123)
	at org.apache.hadoop.ozone.client.io.ECKeyOutputStream.writeToOutputStream(ECKeyOutputStream.java:408)
	at org.apache.hadoop.ozone.client.io.ECKeyOutputStream.handleOutputStreamWrite(ECKeyOutputStream.java:392)
	at org.apache.hadoop.ozone.client.io.ECKeyOutputStream.close(ECKeyOutputStream.java:490)
	at org.apache.hadoop.ozone.client.io.OzoneOutputStream.close(OzoneOutputStream.java:61)
	at org.apache.hadoop.ozone.TestDataUtil.createKey(TestDataUtil.java:115)
	at org.apache.hadoop.ozone.scm.node.TestDecommissionAndMaintenance.generateData(TestDecommissionAndMaintenance.java:621)
	at org.apache.hadoop.ozone.scm.node.TestDecommissionAndMaintenance.testSingleNodeWithOpenPipelineCanGotoMaintenance(TestDecommissionAndMaintenance.java:313)
	at sun.reflect.NativeMethodAccessorImpl.invoke0(Native Method)
	at sun.reflect.NativeMethodAccessorImpl.invoke(NativeMethodAccessorImpl.java:62)
	at sun.reflect.DelegatingMethodAccessorImpl.invoke(DelegatingMethodAccessorImpl.java:43)
	at java.lang.reflect.Method.invoke(Method.java:498)
	at org.junit.platform.commons.util.ReflectionUtils.invokeMethod(ReflectionUtils.java:725)
	at org.junit.jupiter.engine.execution.MethodInvocation.proceed(MethodInvocation.java:60)
	at org.junit.jupiter.engine.execution.InvocationInterceptorChain$ValidatingInvocation.proceed(InvocationInterceptorChain.java:131)
	at org.junit.jupiter.engine.extension.TimeoutExtension.intercept(TimeoutExtension.java:149)
	at org.junit.jupiter.engine.extension.TimeoutExtension.interceptTestableMethod(TimeoutExtension.java:140)
	at org.junit.jupiter.engine.extension.TimeoutExtension.interceptTestMethod(TimeoutExtension.java:84)
	at org.junit.jupiter.engine.execution.ExecutableInvoker$ReflectiveInterceptorCall.lambda$ofVoidMethod$0(ExecutableInvoker.java:115)
	at org.junit.jupiter.engine.execution.ExecutableInvoker.lambda$invoke$0(ExecutableInvoker.java:105)
	at org.junit.jupiter.engine.execution.InvocationInterceptorChain$InterceptedInvocation.proceed(InvocationInterceptorChain.java:106)
	at org.junit.jupiter.engine.execution.InvocationInterceptorChain.proceed(InvocationInterceptorChain.java:64)
	at org.junit.jupiter.engine.execution.InvocationInterceptorChain.chainAndInvoke(InvocationInterceptorChain.java:45)
	at org.junit.jupiter.engine.execution.InvocationInterceptorChain.invoke(InvocationInterceptorChain.java:37)
	at org.junit.jupiter.engine.execution.ExecutableInvoker.invoke(ExecutableInvoker.java:104)
	at org.junit.jupiter.engine.execution.ExecutableInvoker.invoke(ExecutableInvoker.java:98)
	at org.junit.jupiter.engine.descriptor.TestMethodTestDescriptor.lambda$invokeTestMethod$7(TestMethodTestDescriptor.java:214)
	at org.junit.platform.engine.support.hierarchical.ThrowableCollector.execute(ThrowableCollector.java:73)
	at org.junit.jupiter.engine.descriptor.TestMethodTestDescriptor.invokeTestMethod(TestMethodTestDescriptor.java:210)
	at org.junit.jupiter.engine.descriptor.TestMethodTestDescriptor.execute(TestMethodTestDescriptor.java:135)
	at org.junit.jupiter.engine.descriptor.TestMethodTestDescriptor.execute(TestMethodTestDescriptor.java:66)
	at org.junit.platform.engine.support.hierarchical.NodeTestTask.lambda$executeRecursively$6(NodeTestTask.java:151)
	at org.junit.platform.engine.support.hierarchical.ThrowableCollector.execute(ThrowableCollector.java:73)
	at org.junit.platform.engine.support.hierarchical.NodeTestTask.lambda$executeRecursively$8(NodeTestTask.java:141)
	at org.junit.platform.engine.support.hierarchical.Node.around(Node.java:137)
	at org.junit.platform.engine.support.hierarchical.NodeTestTask.lambda$executeRecursively$9(NodeTestTask.java:139)
	at org.junit.platform.engine.support.hierarchical.ThrowableCollector.execute(ThrowableCollector.java:73)
	at org.junit.platform.engine.support.hierarchical.NodeTestTask.executeRecursively(NodeTestTask.java:138)
	at org.junit.platform.engine.support.hierarchical.NodeTestTask.execute(NodeTestTask.java:95)
	at java.util.ArrayList.forEach(ArrayList.java:1259)
	at org.junit.platform.engine.support.hierarchical.SameThreadHierarchicalTestExecutorService.invokeAll(SameThreadHierarchicalTestExecutorService.java:41)
	at org.junit.platform.engine.support.hierarchical.NodeTestTask.lambda$executeRecursively$6(NodeTestTask.java:155)
	at org.junit.platform.engine.support.hierarchical.ThrowableCollector.execute(ThrowableCollector.java:73)
	at org.junit.platform.engine.support.hierarchical.NodeTestTask.lambda$executeRecursively$8(NodeTestTask.java:141)
	at org.junit.platform.engine.support.hierarchical.Node.around(Node.java:137)
	at org.junit.platform.engine.support.hierarchical.NodeTestTask.lambda$executeRecursively$9(NodeTestTask.java:139)
	at org.junit.platform.engine.support.hierarchical.ThrowableCollector.execute(ThrowableCollector.java:73)
	at org.junit.platform.engine.support.hierarchical.NodeTestTask.executeRecursively(NodeTestTask.java:138)
	at org.junit.platform.engine.support.hierarchical.NodeTestTask.execute(NodeTestTask.java:95)
	at java.util.ArrayList.forEach(ArrayList.java:1259)
	at org.junit.platform.engine.support.hierarchical.SameThreadHierarchicalTestExecutorService.invokeAll(SameThreadHierarchicalTestExecutorService.java:41)
	at org.junit.platform.engine.support.hierarchical.NodeTestTask.lambda$executeRecursively$6(NodeTestTask.java:155)
	at org.junit.platform.engine.support.hierarchical.ThrowableCollector.execute(ThrowableCollector.java:73)
	at org.junit.platform.engine.support.hierarchical.NodeTestTask.lambda$executeRecursively$8(NodeTestTask.java:141)
	at org.junit.platform.engine.support.hierarchical.Node.around(Node.java:137)
	at org.junit.platform.engine.support.hierarchical.NodeTestTask.lambda$executeRecursively$9(NodeTestTask.java:139)
	at org.junit.platform.engine.support.hierarchical.ThrowableCollector.execute(ThrowableCollector.java:73)
	at org.junit.platform.engine.support.hierarchical.NodeTestTask.executeRecursively(NodeTestTask.java:138)
	at org.junit.platform.engine.support.hierarchical.NodeTestTask.execute(NodeTestTask.java:95)
	at org.junit.platform.engine.support.hierarchical.SameThreadHierarchicalTestExecutorService.submit(SameThreadHierarchicalTestExecutorService.java:35)
	at org.junit.platform.engine.support.hierarchical.HierarchicalTestExecutor.execute(HierarchicalTestExecutor.java:57)
	at org.junit.platform.engine.support.hierarchical.HierarchicalTestEngine.execute(HierarchicalTestEngine.java:54)
	at org.junit.platform.launcher.core.EngineExecutionOrchestrator.execute(EngineExecutionOrchestrator.java:107)
	at org.junit.platform.launcher.core.EngineExecutionOrchestrator.execute(EngineExecutionOrchestrator.java:88)
	at org.junit.platform.launcher.core.EngineExecutionOrchestrator.lambda$execute$0(EngineExecutionOrchestrator.java:54)
	at org.junit.platform.launcher.core.EngineExecutionOrchestrator.withInterceptedStreams(EngineExecutionOrchestrator.java:67)
	at org.junit.platform.launcher.core.EngineExecutionOrchestrator.execute(EngineExecutionOrchestrator.java:52)
	at org.junit.platform.launcher.core.DefaultLauncher.execute(DefaultLauncher.java:114)
	at org.junit.platform.launcher.core.DefaultLauncher.execute(DefaultLauncher.java:86)
	at org.junit.platform.launcher.core.DefaultLauncherSession$DelegatingLauncher.execute(DefaultLauncherSession.java:86)
	at org.junit.platform.launcher.core.SessionPerRequestLauncher.execute(SessionPerRequestLauncher.java:53)
	at org.apache.maven.surefire.junitplatform.JUnitPlatformProvider.execute(JUnitPlatformProvider.java:188)
	at org.apache.maven.surefire.junitplatform.JUnitPlatformProvider.invokeAllTests(JUnitPlatformProvider.java:154)
	at org.apache.maven.surefire.junitplatform.JUnitPlatformProvider.invoke(JUnitPlatformProvider.java:124)
	at org.apache.maven.surefire.booter.ForkedBooter.runSuitesInProcess(ForkedBooter.java:428)
	at org.apache.maven.surefire.booter.ForkedBooter.execute(ForkedBooter.java:162)
	at org.apache.maven.surefire.booter.ForkedBooter.run(ForkedBooter.java:562)
	at org.apache.maven.surefire.booter.ForkedBooter.main(ForkedBooter.java:548)

Nov 18, 2022 1:06:03 PM org.apache.ratis.thirdparty.io.grpc.internal.ManagedChannelOrphanWrapper$ManagedChannelReference cleanQueue
SEVERE: *~*~*~ Channel ManagedChannelImpl{logId=1544, target=10.1.0.56:34509} was not shutdown properly!!! ~*~*~*
    Make sure to call shutdown()/shutdownNow() and wait until awaitTermination() returns true.
java.lang.RuntimeException: ManagedChannel allocation site
	at org.apache.ratis.thirdparty.io.grpc.internal.ManagedChannelOrphanWrapper$ManagedChannelReference.<init>(ManagedChannelOrphanWrapper.java:93)
	at org.apache.ratis.thirdparty.io.grpc.internal.ManagedChannelOrphanWrapper.<init>(ManagedChannelOrphanWrapper.java:53)
	at org.apache.ratis.thirdparty.io.grpc.internal.ManagedChannelOrphanWrapper.<init>(ManagedChannelOrphanWrapper.java:44)
	at org.apache.ratis.thirdparty.io.grpc.internal.ManagedChannelImplBuilder.build(ManagedChannelImplBuilder.java:630)
	at org.apache.ratis.thirdparty.io.grpc.internal.AbstractManagedChannelImplBuilder.build(AbstractManagedChannelImplBuilder.java:297)
	at org.apache.hadoop.hdds.scm.XceiverClientGrpc.connectToDatanode(XceiverClientGrpc.java:205)
	at org.apache.hadoop.hdds.scm.XceiverClientGrpc.connect(XceiverClientGrpc.java:158)
	at org.apache.hadoop.hdds.scm.XceiverClientManager$2.call(XceiverClientManager.java:243)
	at org.apache.hadoop.hdds.scm.XceiverClientManager$2.call(XceiverClientManager.java:224)
	at com.google.common.cache.LocalCache$LocalManualCache$1.load(LocalCache.java:4868)
	at com.google.common.cache.LocalCache$LoadingValueReference.loadFuture(LocalCache.java:3533)
	at com.google.common.cache.LocalCache$Segment.loadSync(LocalCache.java:2282)
	at com.google.common.cache.LocalCache$Segment.lockedGetOrLoad(LocalCache.java:2159)
	at com.google.common.cache.LocalCache$Segment.get(LocalCache.java:2049)
	at com.google.common.cache.LocalCache.get(LocalCache.java:3966)
	at com.google.common.cache.LocalCache$LocalManualCache.get(LocalCache.java:4863)
	at org.apache.hadoop.hdds.scm.XceiverClientManager.getClient(XceiverClientManager.java:224)
	at org.apache.hadoop.hdds.scm.XceiverClientManager.acquireClient(XceiverClientManager.java:168)
	at org.apache.hadoop.hdds.scm.XceiverClientManager.acquireClient(XceiverClientManager.java:141)
	at org.apache.hadoop.hdds.scm.storage.BlockOutputStream.<init>(BlockOutputStream.java:161)
	at org.apache.hadoop.hdds.scm.storage.ECBlockOutputStream.<init>(ECBlockOutputStream.java:78)
	at org.apache.hadoop.ozone.client.io.ECBlockOutputStreamEntry.checkStream(ECBlockOutputStreamEntry.java:101)
	at org.apache.hadoop.ozone.client.io.BlockOutputStreamEntry.write(BlockOutputStreamEntry.java:123)
	at org.apache.hadoop.ozone.client.io.ECKeyOutputStream.writeToOutputStream(ECKeyOutputStream.java:408)
	at org.apache.hadoop.ozone.client.io.ECKeyOutputStream.handleOutputStreamWrite(ECKeyOutputStream.java:392)
	at org.apache.hadoop.ozone.client.io.ECKeyOutputStream.close(ECKeyOutputStream.java:490)
	at org.apache.hadoop.ozone.client.io.OzoneOutputStream.close(OzoneOutputStream.java:61)
	at org.apache.hadoop.ozone.TestDataUtil.createKey(TestDataUtil.java:115)
	at org.apache.hadoop.ozone.scm.node.TestDecommissionAndMaintenance.generateData(TestDecommissionAndMaintenance.java:621)
	at org.apache.hadoop.ozone.scm.node.TestDecommissionAndMaintenance.testSingleNodeWithOpenPipelineCanGotoMaintenance(TestDecommissionAndMaintenance.java:313)
	at sun.reflect.NativeMethodAccessorImpl.invoke0(Native Method)
	at sun.reflect.NativeMethodAccessorImpl.invoke(NativeMethodAccessorImpl.java:62)
	at sun.reflect.DelegatingMethodAccessorImpl.invoke(DelegatingMethodAccessorImpl.java:43)
	at java.lang.reflect.Method.invoke(Method.java:498)
	at org.junit.platform.commons.util.ReflectionUtils.invokeMethod(ReflectionUtils.java:725)
	at org.junit.jupiter.engine.execution.MethodInvocation.proceed(MethodInvocation.java:60)
	at org.junit.jupiter.engine.execution.InvocationInterceptorChain$ValidatingInvocation.proceed(InvocationInterceptorChain.java:131)
	at org.junit.jupiter.engine.extension.TimeoutExtension.intercept(TimeoutExtension.java:149)
	at org.junit.jupiter.engine.extension.TimeoutExtension.interceptTestableMethod(TimeoutExtension.java:140)
	at org.junit.jupiter.engine.extension.TimeoutExtension.interceptTestMethod(TimeoutExtension.java:84)
	at org.junit.jupiter.engine.execution.ExecutableInvoker$ReflectiveInterceptorCall.lambda$ofVoidMethod$0(ExecutableInvoker.java:115)
	at org.junit.jupiter.engine.execution.ExecutableInvoker.lambda$invoke$0(ExecutableInvoker.java:105)
	at org.junit.jupiter.engine.execution.InvocationInterceptorChain$InterceptedInvocation.proceed(InvocationInterceptorChain.java:106)
	at org.junit.jupiter.engine.execution.InvocationInterceptorChain.proceed(InvocationInterceptorChain.java:64)
	at org.junit.jupiter.engine.execution.InvocationInterceptorChain.chainAndInvoke(InvocationInterceptorChain.java:45)
	at org.junit.jupiter.engine.execution.InvocationInterceptorChain.invoke(InvocationInterceptorChain.java:37)
	at org.junit.jupiter.engine.execution.ExecutableInvoker.invoke(ExecutableInvoker.java:104)
	at org.junit.jupiter.engine.execution.ExecutableInvoker.invoke(ExecutableInvoker.java:98)
	at org.junit.jupiter.engine.descriptor.TestMethodTestDescriptor.lambda$invokeTestMethod$7(TestMethodTestDescriptor.java:214)
	at org.junit.platform.engine.support.hierarchical.ThrowableCollector.execute(ThrowableCollector.java:73)
	at org.junit.jupiter.engine.descriptor.TestMethodTestDescriptor.invokeTestMethod(TestMethodTestDescriptor.java:210)
	at org.junit.jupiter.engine.descriptor.TestMethodTestDescriptor.execute(TestMethodTestDescriptor.java:135)
	at org.junit.jupiter.engine.descriptor.TestMethodTestDescriptor.execute(TestMethodTestDescriptor.java:66)
	at org.junit.platform.engine.support.hierarchical.NodeTestTask.lambda$executeRecursively$6(NodeTestTask.java:151)
	at org.junit.platform.engine.support.hierarchical.ThrowableCollector.execute(ThrowableCollector.java:73)
	at org.junit.platform.engine.support.hierarchical.NodeTestTask.lambda$executeRecursively$8(NodeTestTask.java:141)
	at org.junit.platform.engine.support.hierarchical.Node.around(Node.java:137)
	at org.junit.platform.engine.support.hierarchical.NodeTestTask.lambda$executeRecursively$9(NodeTestTask.java:139)
	at org.junit.platform.engine.support.hierarchical.ThrowableCollector.execute(ThrowableCollector.java:73)
	at org.junit.platform.engine.support.hierarchical.NodeTestTask.executeRecursively(NodeTestTask.java:138)
	at org.junit.platform.engine.support.hierarchical.NodeTestTask.execute(NodeTestTask.java:95)
	at java.util.ArrayList.forEach(ArrayList.java:1259)
	at org.junit.platform.engine.support.hierarchical.SameThreadHierarchicalTestExecutorService.invokeAll(SameThreadHierarchicalTestExecutorService.java:41)
	at org.junit.platform.engine.support.hierarchical.NodeTestTask.lambda$executeRecursively$6(NodeTestTask.java:155)
	at org.junit.platform.engine.support.hierarchical.ThrowableCollector.execute(ThrowableCollector.java:73)
	at org.junit.platform.engine.support.hierarchical.NodeTestTask.lambda$executeRecursively$8(NodeTestTask.java:141)
	at org.junit.platform.engine.support.hierarchical.Node.around(Node.java:137)
	at org.junit.platform.engine.support.hierarchical.NodeTestTask.lambda$executeRecursively$9(NodeTestTask.java:139)
	at org.junit.platform.engine.support.hierarchical.ThrowableCollector.execute(ThrowableCollector.java:73)
	at org.junit.platform.engine.support.hierarchical.NodeTestTask.executeRecursively(NodeTestTask.java:138)
	at org.junit.platform.engine.support.hierarchical.NodeTestTask.execute(NodeTestTask.java:95)
	at java.util.ArrayList.forEach(ArrayList.java:1259)
	at org.junit.platform.engine.support.hierarchical.SameThreadHierarchicalTestExecutorService.invokeAll(SameThreadHierarchicalTestExecutorService.java:41)
	at org.junit.platform.engine.support.hierarchical.NodeTestTask.lambda$executeRecursively$6(NodeTestTask.java:155)
	at org.junit.platform.engine.support.hierarchical.ThrowableCollector.execute(ThrowableCollector.java:73)
	at org.junit.platform.engine.support.hierarchical.NodeTestTask.lambda$executeRecursively$8(NodeTestTask.java:141)
	at org.junit.platform.engine.support.hierarchical.Node.around(Node.java:137)
	at org.junit.platform.engine.support.hierarchical.NodeTestTask.lambda$executeRecursively$9(NodeTestTask.java:139)
	at org.junit.platform.engine.support.hierarchical.ThrowableCollector.execute(ThrowableCollector.java:73)
	at org.junit.platform.engine.support.hierarchical.NodeTestTask.executeRecursively(NodeTestTask.java:138)
	at org.junit.platform.engine.support.hierarchical.NodeTestTask.execute(NodeTestTask.java:95)
	at org.junit.platform.engine.support.hierarchical.SameThreadHierarchicalTestExecutorService.submit(SameThreadHierarchicalTestExecutorService.java:35)
	at org.junit.platform.engine.support.hierarchical.HierarchicalTestExecutor.execute(HierarchicalTestExecutor.java:57)
	at org.junit.platform.engine.support.hierarchical.HierarchicalTestEngine.execute(HierarchicalTestEngine.java:54)
	at org.junit.platform.launcher.core.EngineExecutionOrchestrator.execute(EngineExecutionOrchestrator.java:107)
	at org.junit.platform.launcher.core.EngineExecutionOrchestrator.execute(EngineExecutionOrchestrator.java:88)
	at org.junit.platform.launcher.core.EngineExecutionOrchestrator.lambda$execute$0(EngineExecutionOrchestrator.java:54)
	at org.junit.platform.launcher.core.EngineExecutionOrchestrator.withInterceptedStreams(EngineExecutionOrchestrator.java:67)
	at org.junit.platform.launcher.core.EngineExecutionOrchestrator.execute(EngineExecutionOrchestrator.java:52)
	at org.junit.platform.launcher.core.DefaultLauncher.execute(DefaultLauncher.java:114)
	at org.junit.platform.launcher.core.DefaultLauncher.execute(DefaultLauncher.java:86)
	at org.junit.platform.launcher.core.DefaultLauncherSession$DelegatingLauncher.execute(DefaultLauncherSession.java:86)
	at org.junit.platform.launcher.core.SessionPerRequestLauncher.execute(SessionPerRequestLauncher.java:53)
	at org.apache.maven.surefire.junitplatform.JUnitPlatformProvider.execute(JUnitPlatformProvider.java:188)
	at org.apache.maven.surefire.junitplatform.JUnitPlatformProvider.invokeAllTests(JUnitPlatformProvider.java:154)
	at org.apache.maven.surefire.junitplatform.JUnitPlatformProvider.invoke(JUnitPlatformProvider.java:124)
	at org.apache.maven.surefire.booter.ForkedBooter.runSuitesInProcess(ForkedBooter.java:428)
	at org.apache.maven.surefire.booter.ForkedBooter.execute(ForkedBooter.java:162)
	at org.apache.maven.surefire.booter.ForkedBooter.run(ForkedBooter.java:562)
	at org.apache.maven.surefire.booter.ForkedBooter.main(ForkedBooter.java:548)

Nov 18, 2022 1:06:03 PM org.apache.ratis.thirdparty.io.grpc.internal.ManagedChannelOrphanWrapper$ManagedChannelReference cleanQueue
SEVERE: *~*~*~ Channel ManagedChannelImpl{logId=181, target=10.1.0.56:42141} was not shutdown properly!!! ~*~*~*
    Make sure to call shutdown()/shutdownNow() and wait until awaitTermination() returns true.
java.lang.RuntimeException: ManagedChannel allocation site
	at org.apache.ratis.thirdparty.io.grpc.internal.ManagedChannelOrphanWrapper$ManagedChannelReference.<init>(ManagedChannelOrphanWrapper.java:93)
	at org.apache.ratis.thirdparty.io.grpc.internal.ManagedChannelOrphanWrapper.<init>(ManagedChannelOrphanWrapper.java:53)
	at org.apache.ratis.thirdparty.io.grpc.internal.ManagedChannelOrphanWrapper.<init>(ManagedChannelOrphanWrapper.java:44)
	at org.apache.ratis.thirdparty.io.grpc.internal.ManagedChannelImplBuilder.build(ManagedChannelImplBuilder.java:630)
	at org.apache.ratis.thirdparty.io.grpc.internal.AbstractManagedChannelImplBuilder.build(AbstractManagedChannelImplBuilder.java:297)
	at org.apache.hadoop.hdds.scm.XceiverClientGrpc.connectToDatanode(XceiverClientGrpc.java:205)
	at org.apache.hadoop.hdds.scm.XceiverClientGrpc.connect(XceiverClientGrpc.java:158)
	at org.apache.hadoop.hdds.scm.XceiverClientManager$2.call(XceiverClientManager.java:243)
	at org.apache.hadoop.hdds.scm.XceiverClientManager$2.call(XceiverClientManager.java:224)
	at com.google.common.cache.LocalCache$LocalManualCache$1.load(LocalCache.java:4868)
	at com.google.common.cache.LocalCache$LoadingValueReference.loadFuture(LocalCache.java:3533)
	at com.google.common.cache.LocalCache$Segment.loadSync(LocalCache.java:2282)
	at com.google.common.cache.LocalCache$Segment.lockedGetOrLoad(LocalCache.java:2159)
	at com.google.common.cache.LocalCache$Segment.get(LocalCache.java:2049)
	at com.google.common.cache.LocalCache.get(LocalCache.java:3966)
	at com.google.common.cache.LocalCache$LocalManualCache.get(LocalCache.java:4863)
	at org.apache.hadoop.hdds.scm.XceiverClientManager.getClient(XceiverClientManager.java:224)
	at org.apache.hadoop.hdds.scm.XceiverClientManager.acquireClient(XceiverClientManager.java:168)
	at org.apache.hadoop.hdds.scm.XceiverClientManager.acquireClient(XceiverClientManager.java:141)
	at org.apache.hadoop.hdds.scm.storage.BlockOutputStream.<init>(BlockOutputStream.java:161)
	at org.apache.hadoop.hdds.scm.storage.ECBlockOutputStream.<init>(ECBlockOutputStream.java:78)
	at org.apache.hadoop.ozone.client.io.ECBlockOutputStreamEntry.checkStream(ECBlockOutputStreamEntry.java:101)
	at org.apache.hadoop.ozone.client.io.BlockOutputStreamEntry.write(BlockOutputStreamEntry.java:123)
	at org.apache.hadoop.ozone.client.io.ECKeyOutputStream.writeToOutputStream(ECKeyOutputStream.java:408)
	at org.apache.hadoop.ozone.client.io.ECKeyOutputStream.handleOutputStreamWrite(ECKeyOutputStream.java:392)
	at org.apache.hadoop.ozone.client.io.ECKeyOutputStream.close(ECKeyOutputStream.java:490)
	at org.apache.hadoop.ozone.client.io.OzoneOutputStream.close(OzoneOutputStream.java:61)
	at org.apache.hadoop.ozone.TestDataUtil.createKey(TestDataUtil.java:115)
	at org.apache.hadoop.ozone.scm.node.TestDecommissionAndMaintenance.generateData(TestDecommissionAndMaintenance.java:621)
	at org.apache.hadoop.ozone.scm.node.TestDecommissionAndMaintenance.testNodeWithOpenPipelineCanBeDecommissionedAndRecommissioned(TestDecommissionAndMaintenance.java:181)
	at sun.reflect.NativeMethodAccessorImpl.invoke0(Native Method)
	at sun.reflect.NativeMethodAccessorImpl.invoke(NativeMethodAccessorImpl.java:62)
	at sun.reflect.DelegatingMethodAccessorImpl.invoke(DelegatingMethodAccessorImpl.java:43)
	at java.lang.reflect.Method.invoke(Method.java:498)
	at org.junit.platform.commons.util.ReflectionUtils.invokeMethod(ReflectionUtils.java:725)
	at org.junit.jupiter.engine.execution.MethodInvocation.proceed(MethodInvocation.java:60)
	at org.junit.jupiter.engine.execution.InvocationInterceptorChain$ValidatingInvocation.proceed(InvocationInterceptorChain.java:131)
	at org.junit.jupiter.engine.extension.TimeoutExtension.intercept(TimeoutExtension.java:149)
	at org.junit.jupiter.engine.extension.TimeoutExtension.interceptTestableMethod(TimeoutExtension.java:140)
	at org.junit.jupiter.engine.extension.TimeoutExtension.interceptTestMethod(TimeoutExtension.java:84)
	at org.junit.jupiter.engine.execution.ExecutableInvoker$ReflectiveInterceptorCall.lambda$ofVoidMethod$0(ExecutableInvoker.java:115)
	at org.junit.jupiter.engine.execution.ExecutableInvoker.lambda$invoke$0(ExecutableInvoker.java:105)
	at org.junit.jupiter.engine.execution.InvocationInterceptorChain$InterceptedInvocation.proceed(InvocationInterceptorChain.java:106)
	at org.junit.jupiter.engine.execution.InvocationInterceptorChain.proceed(InvocationInterceptorChain.java:64)
	at org.junit.jupiter.engine.execution.InvocationInterceptorChain.chainAndInvoke(InvocationInterceptorChain.java:45)
	at org.junit.jupiter.engine.execution.InvocationInterceptorChain.invoke(InvocationInterceptorChain.java:37)
	at org.junit.jupiter.engine.execution.ExecutableInvoker.invoke(ExecutableInvoker.java:104)
	at org.junit.jupiter.engine.execution.ExecutableInvoker.invoke(ExecutableInvoker.java:98)
	at org.junit.jupiter.engine.descriptor.TestMethodTestDescriptor.lambda$invokeTestMethod$7(TestMethodTestDescriptor.java:214)
	at org.junit.platform.engine.support.hierarchical.ThrowableCollector.execute(ThrowableCollector.java:73)
	at org.junit.jupiter.engine.descriptor.TestMethodTestDescriptor.invokeTestMethod(TestMethodTestDescriptor.java:210)
	at org.junit.jupiter.engine.descriptor.TestMethodTestDescriptor.execute(TestMethodTestDescriptor.java:135)
	at org.junit.jupiter.engine.descriptor.TestMethodTestDescriptor.execute(TestMethodTestDescriptor.java:66)
	at org.junit.platform.engine.support.hierarchical.NodeTestTask.lambda$executeRecursively$6(NodeTestTask.java:151)
	at org.junit.platform.engine.support.hierarchical.ThrowableCollector.execute(ThrowableCollector.java:73)
	at org.junit.platform.engine.support.hierarchical.NodeTestTask.lambda$executeRecursively$8(NodeTestTask.java:141)
	at org.junit.platform.engine.support.hierarchical.Node.around(Node.java:137)
	at org.junit.platform.engine.support.hierarchical.NodeTestTask.lambda$executeRecursively$9(NodeTestTask.java:139)
	at org.junit.platform.engine.support.hierarchical.ThrowableCollector.execute(ThrowableCollector.java:73)
	at org.junit.platform.engine.support.hierarchical.NodeTestTask.executeRecursively(NodeTestTask.java:138)
	at org.junit.platform.engine.support.hierarchical.NodeTestTask.execute(NodeTestTask.java:95)
	at java.util.ArrayList.forEach(ArrayList.java:1259)
	at org.junit.platform.engine.support.hierarchical.SameThreadHierarchicalTestExecutorService.invokeAll(SameThreadHierarchicalTestExecutorService.java:41)
	at org.junit.platform.engine.support.hierarchical.NodeTestTask.lambda$executeRecursively$6(NodeTestTask.java:155)
	at org.junit.platform.engine.support.hierarchical.ThrowableCollector.execute(ThrowableCollector.java:73)
	at org.junit.platform.engine.support.hierarchical.NodeTestTask.lambda$executeRecursively$8(NodeTestTask.java:141)
	at org.junit.platform.engine.support.hierarchical.Node.around(Node.java:137)
	at org.junit.platform.engine.support.hierarchical.NodeTestTask.lambda$executeRecursively$9(NodeTestTask.java:139)
	at org.junit.platform.engine.support.hierarchical.ThrowableCollector.execute(ThrowableCollector.java:73)
	at org.junit.platform.engine.support.hierarchical.NodeTestTask.executeRecursively(NodeTestTask.java:138)
	at org.junit.platform.engine.support.hierarchical.NodeTestTask.execute(NodeTestTask.java:95)
	at java.util.ArrayList.forEach(ArrayList.java:1259)
	at org.junit.platform.engine.support.hierarchical.SameThreadHierarchicalTestExecutorService.invokeAll(SameThreadHierarchicalTestExecutorService.java:41)
	at org.junit.platform.engine.support.hierarchical.NodeTestTask.lambda$executeRecursively$6(NodeTestTask.java:155)
	at org.junit.platform.engine.support.hierarchical.ThrowableCollector.execute(ThrowableCollector.java:73)
	at org.junit.platform.engine.support.hierarchical.NodeTestTask.lambda$executeRecursively$8(NodeTestTask.java:141)
	at org.junit.platform.engine.support.hierarchical.Node.around(Node.java:137)
	at org.junit.platform.engine.support.hierarchical.NodeTestTask.lambda$executeRecursively$9(NodeTestTask.java:139)
	at org.junit.platform.engine.support.hierarchical.ThrowableCollector.execute(ThrowableCollector.java:73)
	at org.junit.platform.engine.support.hierarchical.NodeTestTask.executeRecursively(NodeTestTask.java:138)
	at org.junit.platform.engine.support.hierarchical.NodeTestTask.execute(NodeTestTask.java:95)
	at org.junit.platform.engine.support.hierarchical.SameThreadHierarchicalTestExecutorService.submit(SameThreadHierarchicalTestExecutorService.java:35)
	at org.junit.platform.engine.support.hierarchical.HierarchicalTestExecutor.execute(HierarchicalTestExecutor.java:57)
	at org.junit.platform.engine.support.hierarchical.HierarchicalTestEngine.execute(HierarchicalTestEngine.java:54)
	at org.junit.platform.launcher.core.EngineExecutionOrchestrator.execute(EngineExecutionOrchestrator.java:107)
	at org.junit.platform.launcher.core.EngineExecutionOrchestrator.execute(EngineExecutionOrchestrator.java:88)
	at org.junit.platform.launcher.core.EngineExecutionOrchestrator.lambda$execute$0(EngineExecutionOrchestrator.java:54)
	at org.junit.platform.launcher.core.EngineExecutionOrchestrator.withInterceptedStreams(EngineExecutionOrchestrator.java:67)
	at org.junit.platform.launcher.core.EngineExecutionOrchestrator.execute(EngineExecutionOrchestrator.java:52)
	at org.junit.platform.launcher.core.DefaultLauncher.execute(DefaultLauncher.java:114)
	at org.junit.platform.launcher.core.DefaultLauncher.execute(DefaultLauncher.java:86)
	at org.junit.platform.launcher.core.DefaultLauncherSession$DelegatingLauncher.execute(DefaultLauncherSession.java:86)
	at org.junit.platform.launcher.core.SessionPerRequestLauncher.execute(SessionPerRequestLauncher.java:53)
	at org.apache.maven.surefire.junitplatform.JUnitPlatformProvider.execute(JUnitPlatformProvider.java:188)
	at org.apache.maven.surefire.junitplatform.JUnitPlatformProvider.invokeAllTests(JUnitPlatformProvider.java:154)
	at org.apache.maven.surefire.junitplatform.JUnitPlatformProvider.invoke(JUnitPlatformProvider.java:124)
	at org.apache.maven.surefire.booter.ForkedBooter.runSuitesInProcess(ForkedBooter.java:428)
	at org.apache.maven.surefire.booter.ForkedBooter.execute(ForkedBooter.java:162)
	at org.apache.maven.surefire.booter.ForkedBooter.run(ForkedBooter.java:562)
	at org.apache.maven.surefire.booter.ForkedBooter.main(ForkedBooter.java:548)

Nov 18, 2022 1:06:03 PM org.apache.ratis.thirdparty.io.grpc.internal.ManagedChannelOrphanWrapper$ManagedChannelReference cleanQueue
SEVERE: *~*~*~ Channel ManagedChannelImpl{logId=229, target=10.1.0.56:32969} was not shutdown properly!!! ~*~*~*
    Make sure to call shutdown()/shutdownNow() and wait until awaitTermination() returns true.
java.lang.RuntimeException: ManagedChannel allocation site
	at org.apache.ratis.thirdparty.io.grpc.internal.ManagedChannelOrphanWrapper$ManagedChannelReference.<init>(ManagedChannelOrphanWrapper.java:93)
	at org.apache.ratis.thirdparty.io.grpc.internal.ManagedChannelOrphanWrapper.<init>(ManagedChannelOrphanWrapper.java:53)
	at org.apache.ratis.thirdparty.io.grpc.internal.ManagedChannelOrphanWrapper.<init>(ManagedChannelOrphanWrapper.java:44)
	at org.apache.ratis.thirdparty.io.grpc.internal.ManagedChannelImplBuilder.build(ManagedChannelImplBuilder.java:630)
	at org.apache.ratis.thirdparty.io.grpc.internal.AbstractManagedChannelImplBuilder.build(AbstractManagedChannelImplBuilder.java:297)
	at org.apache.hadoop.hdds.scm.XceiverClientGrpc.connectToDatanode(XceiverClientGrpc.java:205)
	at org.apache.hadoop.hdds.scm.XceiverClientGrpc.connect(XceiverClientGrpc.java:158)
	at org.apache.hadoop.hdds.scm.XceiverClientManager$2.call(XceiverClientManager.java:243)
	at org.apache.hadoop.hdds.scm.XceiverClientManager$2.call(XceiverClientManager.java:224)
	at com.google.common.cache.LocalCache$LocalManualCache$1.load(LocalCache.java:4868)
	at com.google.common.cache.LocalCache$LoadingValueReference.loadFuture(LocalCache.java:3533)
	at com.google.common.cache.LocalCache$Segment.loadSync(LocalCache.java:2282)
	at com.google.common.cache.LocalCache$Segment.lockedGetOrLoad(LocalCache.java:2159)
	at com.google.common.cache.LocalCache$Segment.get(LocalCache.java:2049)
	at com.google.common.cache.LocalCache.get(LocalCache.java:3966)
	at com.google.common.cache.LocalCache$LocalManualCache.get(LocalCache.java:4863)
	at org.apache.hadoop.hdds.scm.XceiverClientManager.getClient(XceiverClientManager.java:224)
	at org.apache.hadoop.hdds.scm.XceiverClientManager.acquireClient(XceiverClientManager.java:168)
	at org.apache.hadoop.hdds.scm.XceiverClientManager.acquireClient(XceiverClientManager.java:141)
	at org.apache.hadoop.hdds.scm.storage.BlockOutputStream.<init>(BlockOutputStream.java:161)
	at org.apache.hadoop.hdds.scm.storage.ECBlockOutputStream.<init>(ECBlockOutputStream.java:78)
	at org.apache.hadoop.ozone.client.io.ECBlockOutputStreamEntry.checkStream(ECBlockOutputStreamEntry.java:101)
	at org.apache.hadoop.ozone.client.io.BlockOutputStreamEntry.write(BlockOutputStreamEntry.java:123)
	at org.apache.hadoop.ozone.client.io.ECKeyOutputStream.writeToOutputStream(ECKeyOutputStream.java:408)
	at org.apache.hadoop.ozone.client.io.ECKeyOutputStream.handleOutputStreamWrite(ECKeyOutputStream.java:392)
	at org.apache.hadoop.ozone.client.io.ECKeyOutputStream.close(ECKeyOutputStream.java:490)
	at org.apache.hadoop.ozone.client.io.OzoneOutputStream.close(OzoneOutputStream.java:61)
	at org.apache.hadoop.ozone.TestDataUtil.createKey(TestDataUtil.java:115)
	at org.apache.hadoop.ozone.scm.node.TestDecommissionAndMaintenance.generateData(TestDecommissionAndMaintenance.java:621)
	at org.apache.hadoop.ozone.scm.node.TestDecommissionAndMaintenance.testNodeWithOpenPipelineCanBeDecommissionedAndRecommissioned(TestDecommissionAndMaintenance.java:181)
	at sun.reflect.NativeMethodAccessorImpl.invoke0(Native Method)
	at sun.reflect.NativeMethodAccessorImpl.invoke(NativeMethodAccessorImpl.java:62)
	at sun.reflect.DelegatingMethodAccessorImpl.invoke(DelegatingMethodAccessorImpl.java:43)
	at java.lang.reflect.Method.invoke(Method.java:498)
	at org.junit.platform.commons.util.ReflectionUtils.invokeMethod(ReflectionUtils.java:725)
	at org.junit.jupiter.engine.execution.MethodInvocation.proceed(MethodInvocation.java:60)
	at org.junit.jupiter.engine.execution.InvocationInterceptorChain$ValidatingInvocation.proceed(InvocationInterceptorChain.java:131)
	at org.junit.jupiter.engine.extension.TimeoutExtension.intercept(TimeoutExtension.java:149)
	at org.junit.jupiter.engine.extension.TimeoutExtension.interceptTestableMethod(TimeoutExtension.java:140)
	at org.junit.jupiter.engine.extension.TimeoutExtension.interceptTestMethod(TimeoutExtension.java:84)
	at org.junit.jupiter.engine.execution.ExecutableInvoker$ReflectiveInterceptorCall.lambda$ofVoidMethod$0(ExecutableInvoker.java:115)
	at org.junit.jupiter.engine.execution.ExecutableInvoker.lambda$invoke$0(ExecutableInvoker.java:105)
	at org.junit.jupiter.engine.execution.InvocationInterceptorChain$InterceptedInvocation.proceed(InvocationInterceptorChain.java:106)
	at org.junit.jupiter.engine.execution.InvocationInterceptorChain.proceed(InvocationInterceptorChain.java:64)
	at org.junit.jupiter.engine.execution.InvocationInterceptorChain.chainAndInvoke(InvocationInterceptorChain.java:45)
	at org.junit.jupiter.engine.execution.InvocationInterceptorChain.invoke(InvocationInterceptorChain.java:37)
	at org.junit.jupiter.engine.execution.ExecutableInvoker.invoke(ExecutableInvoker.java:104)
	at org.junit.jupiter.engine.execution.ExecutableInvoker.invoke(ExecutableInvoker.java:98)
	at org.junit.jupiter.engine.descriptor.TestMethodTestDescriptor.lambda$invokeTestMethod$7(TestMethodTestDescriptor.java:214)
	at org.junit.platform.engine.support.hierarchical.ThrowableCollector.execute(ThrowableCollector.java:73)
	at org.junit.jupiter.engine.descriptor.TestMethodTestDescriptor.invokeTestMethod(TestMethodTestDescriptor.java:210)
	at org.junit.jupiter.engine.descriptor.TestMethodTestDescriptor.execute(TestMethodTestDescriptor.java:135)
	at org.junit.jupiter.engine.descriptor.TestMethodTestDescriptor.execute(TestMethodTestDescriptor.java:66)
	at org.junit.platform.engine.support.hierarchical.NodeTestTask.lambda$executeRecursively$6(NodeTestTask.java:151)
	at org.junit.platform.engine.support.hierarchical.ThrowableCollector.execute(ThrowableCollector.java:73)
	at org.junit.platform.engine.support.hierarchical.NodeTestTask.lambda$executeRecursively$8(NodeTestTask.java:141)
	at org.junit.platform.engine.support.hierarchical.Node.around(Node.java:137)
	at org.junit.platform.engine.support.hierarchical.NodeTestTask.lambda$executeRecursively$9(NodeTestTask.java:139)
	at org.junit.platform.engine.support.hierarchical.ThrowableCollector.execute(ThrowableCollector.java:73)
	at org.junit.platform.engine.support.hierarchical.NodeTestTask.executeRecursively(NodeTestTask.java:138)
	at org.junit.platform.engine.support.hierarchical.NodeTestTask.execute(NodeTestTask.java:95)
	at java.util.ArrayList.forEach(ArrayList.java:1259)
	at org.junit.platform.engine.support.hierarchical.SameThreadHierarchicalTestExecutorService.invokeAll(SameThreadHierarchicalTestExecutorService.java:41)
	at org.junit.platform.engine.support.hierarchical.NodeTestTask.lambda$executeRecursively$6(NodeTestTask.java:155)
	at org.junit.platform.engine.support.hierarchical.ThrowableCollector.execute(ThrowableCollector.java:73)
	at org.junit.platform.engine.support.hierarchical.NodeTestTask.lambda$executeRecursively$8(NodeTestTask.java:141)
	at org.junit.platform.engine.support.hierarchical.Node.around(Node.java:137)
	at org.junit.platform.engine.support.hierarchical.NodeTestTask.lambda$executeRecursively$9(NodeTestTask.java:139)
	at org.junit.platform.engine.support.hierarchical.ThrowableCollector.execute(ThrowableCollector.java:73)
	at org.junit.platform.engine.support.hierarchical.NodeTestTask.executeRecursively(NodeTestTask.java:138)
	at org.junit.platform.engine.support.hierarchical.NodeTestTask.execute(NodeTestTask.java:95)
	at java.util.ArrayList.forEach(ArrayList.java:1259)
	at org.junit.platform.engine.support.hierarchical.SameThreadHierarchicalTestExecutorService.invokeAll(SameThreadHierarchicalTestExecutorService.java:41)
	at org.junit.platform.engine.support.hierarchical.NodeTestTask.lambda$executeRecursively$6(NodeTestTask.java:155)
	at org.junit.platform.engine.support.hierarchical.ThrowableCollector.execute(ThrowableCollector.java:73)
	at org.junit.platform.engine.support.hierarchical.NodeTestTask.lambda$executeRecursively$8(NodeTestTask.java:141)
	at org.junit.platform.engine.support.hierarchical.Node.around(Node.java:137)
	at org.junit.platform.engine.support.hierarchical.NodeTestTask.lambda$executeRecursively$9(NodeTestTask.java:139)
	at org.junit.platform.engine.support.hierarchical.ThrowableCollector.execute(ThrowableCollector.java:73)
	at org.junit.platform.engine.support.hierarchical.NodeTestTask.executeRecursively(NodeTestTask.java:138)
	at org.junit.platform.engine.support.hierarchical.NodeTestTask.execute(NodeTestTask.java:95)
	at org.junit.platform.engine.support.hierarchical.SameThreadHierarchicalTestExecutorService.submit(SameThreadHierarchicalTestExecutorService.java:35)
	at org.junit.platform.engine.support.hierarchical.HierarchicalTestExecutor.execute(HierarchicalTestExecutor.java:57)
	at org.junit.platform.engine.support.hierarchical.HierarchicalTestEngine.execute(HierarchicalTestEngine.java:54)
	at org.junit.platform.launcher.core.EngineExecutionOrchestrator.execute(EngineExecutionOrchestrator.java:107)
	at org.junit.platform.launcher.core.EngineExecutionOrchestrator.execute(EngineExecutionOrchestrator.java:88)
	at org.junit.platform.launcher.core.EngineExecutionOrchestrator.lambda$execute$0(EngineExecutionOrchestrator.java:54)
	at org.junit.platform.launcher.core.EngineExecutionOrchestrator.withInterceptedStreams(EngineExecutionOrchestrator.java:67)
	at org.junit.platform.launcher.core.EngineExecutionOrchestrator.execute(EngineExecutionOrchestrator.java:52)
	at org.junit.platform.launcher.core.DefaultLauncher.execute(DefaultLauncher.java:114)
	at org.junit.platform.launcher.core.DefaultLauncher.execute(DefaultLauncher.java:86)
	at org.junit.platform.launcher.core.DefaultLauncherSession$DelegatingLauncher.execute(DefaultLauncherSession.java:86)
	at org.junit.platform.launcher.core.SessionPerRequestLauncher.execute(SessionPerRequestLauncher.java:53)
	at org.apache.maven.surefire.junitplatform.JUnitPlatformProvider.execute(JUnitPlatformProvider.java:188)
	at org.apache.maven.surefire.junitplatform.JUnitPlatformProvider.invokeAllTests(JUnitPlatformProvider.java:154)
	at org.apache.maven.surefire.junitplatform.JUnitPlatformProvider.invoke(JUnitPlatformProvider.java:124)
	at org.apache.maven.surefire.booter.ForkedBooter.runSuitesInProcess(ForkedBooter.java:428)
	at org.apache.maven.surefire.booter.ForkedBooter.execute(ForkedBooter.java:162)
	at org.apache.maven.surefire.booter.ForkedBooter.run(ForkedBooter.java:562)
	at org.apache.maven.surefire.booter.ForkedBooter.main(ForkedBooter.java:548)

Nov 18, 2022 1:06:03 PM org.apache.ratis.thirdparty.io.grpc.internal.ManagedChannelOrphanWrapper$ManagedChannelReference cleanQueue
SEVERE: *~*~*~ Channel ManagedChannelImpl{logId=254, target=10.1.0.56:32969} was not shutdown properly!!! ~*~*~*
    Make sure to call shutdown()/shutdownNow() and wait until awaitTermination() returns true.
java.lang.RuntimeException: ManagedChannel allocation site
	at org.apache.ratis.thirdparty.io.grpc.internal.ManagedChannelOrphanWrapper$ManagedChannelReference.<init>(ManagedChannelOrphanWrapper.java:93)
	at org.apache.ratis.thirdparty.io.grpc.internal.ManagedChannelOrphanWrapper.<init>(ManagedChannelOrphanWrapper.java:53)
	at org.apache.ratis.thirdparty.io.grpc.internal.ManagedChannelOrphanWrapper.<init>(ManagedChannelOrphanWrapper.java:44)
	at org.apache.ratis.thirdparty.io.grpc.internal.ManagedChannelImplBuilder.build(ManagedChannelImplBuilder.java:630)
	at org.apache.ratis.thirdparty.io.grpc.internal.AbstractManagedChannelImplBuilder.build(AbstractManagedChannelImplBuilder.java:297)
	at org.apache.hadoop.hdds.scm.XceiverClientGrpc.connectToDatanode(XceiverClientGrpc.java:205)
	at org.apache.hadoop.hdds.scm.XceiverClientGrpc.connect(XceiverClientGrpc.java:158)
	at org.apache.hadoop.hdds.scm.XceiverClientManager$2.call(XceiverClientManager.java:243)
	at org.apache.hadoop.hdds.scm.XceiverClientManager$2.call(XceiverClientManager.java:224)
	at com.google.common.cache.LocalCache$LocalManualCache$1.load(LocalCache.java:4868)
	at com.google.common.cache.LocalCache$LoadingValueReference.loadFuture(LocalCache.java:3533)
	at com.google.common.cache.LocalCache$Segment.loadSync(LocalCache.java:2282)
	at com.google.common.cache.LocalCache$Segment.lockedGetOrLoad(LocalCache.java:2159)
	at com.google.common.cache.LocalCache$Segment.get(LocalCache.java:2049)
	at com.google.common.cache.LocalCache.get(LocalCache.java:3966)
	at com.google.common.cache.LocalCache$LocalManualCache.get(LocalCache.java:4863)
	at org.apache.hadoop.hdds.scm.XceiverClientManager.getClient(XceiverClientManager.java:224)
	at org.apache.hadoop.hdds.scm.XceiverClientManager.acquireClient(XceiverClientManager.java:168)
	at org.apache.hadoop.hdds.scm.XceiverClientManager.acquireClient(XceiverClientManager.java:141)
	at org.apache.hadoop.hdds.scm.storage.BlockOutputStream.<init>(BlockOutputStream.java:161)
	at org.apache.hadoop.hdds.scm.storage.ECBlockOutputStream.<init>(ECBlockOutputStream.java:78)
	at org.apache.hadoop.ozone.client.io.ECBlockOutputStreamEntry.checkStream(ECBlockOutputStreamEntry.java:101)
	at org.apache.hadoop.ozone.client.io.BlockOutputStreamEntry.write(BlockOutputStreamEntry.java:123)
	at org.apache.hadoop.ozone.client.io.ECKeyOutputStream.writeToOutputStream(ECKeyOutputStream.java:408)
	at org.apache.hadoop.ozone.client.io.ECKeyOutputStream.handleOutputStreamWrite(ECKeyOutputStream.java:392)
	at org.apache.hadoop.ozone.client.io.ECKeyOutputStream.close(ECKeyOutputStream.java:490)
	at org.apache.hadoop.ozone.client.io.OzoneOutputStream.close(OzoneOutputStream.java:61)
	at org.apache.hadoop.ozone.TestDataUtil.createKey(TestDataUtil.java:115)
	at org.apache.hadoop.ozone.scm.node.TestDecommissionAndMaintenance.generateData(TestDecommissionAndMaintenance.java:621)
	at org.apache.hadoop.ozone.scm.node.TestDecommissionAndMaintenance.testNodeWithOpenPipelineCanBeDecommissionedAndRecommissioned(TestDecommissionAndMaintenance.java:181)
	at sun.reflect.NativeMethodAccessorImpl.invoke0(Native Method)
	at sun.reflect.NativeMethodAccessorImpl.invoke(NativeMethodAccessorImpl.java:62)
	at sun.reflect.DelegatingMethodAccessorImpl.invoke(DelegatingMethodAccessorImpl.java:43)
	at java.lang.reflect.Method.invoke(Method.java:498)
	at org.junit.platform.commons.util.ReflectionUtils.invokeMethod(ReflectionUtils.java:725)
	at org.junit.jupiter.engine.execution.MethodInvocation.proceed(MethodInvocation.java:60)
	at org.junit.jupiter.engine.execution.InvocationInterceptorChain$ValidatingInvocation.proceed(InvocationInterceptorChain.java:131)
	at org.junit.jupiter.engine.extension.TimeoutExtension.intercept(TimeoutExtension.java:149)
	at org.junit.jupiter.engine.extension.TimeoutExtension.interceptTestableMethod(TimeoutExtension.java:140)
	at org.junit.jupiter.engine.extension.TimeoutExtension.interceptTestMethod(TimeoutExtension.java:84)
	at org.junit.jupiter.engine.execution.ExecutableInvoker$ReflectiveInterceptorCall.lambda$ofVoidMethod$0(ExecutableInvoker.java:115)
	at org.junit.jupiter.engine.execution.ExecutableInvoker.lambda$invoke$0(ExecutableInvoker.java:105)
	at org.junit.jupiter.engine.execution.InvocationInterceptorChain$InterceptedInvocation.proceed(InvocationInterceptorChain.java:106)
	at org.junit.jupiter.engine.execution.InvocationInterceptorChain.proceed(InvocationInterceptorChain.java:64)
	at org.junit.jupiter.engine.execution.InvocationInterceptorChain.chainAndInvoke(InvocationInterceptorChain.java:45)
	at org.junit.jupiter.engine.execution.InvocationInterceptorChain.invoke(InvocationInterceptorChain.java:37)
	at org.junit.jupiter.engine.execution.ExecutableInvoker.invoke(ExecutableInvoker.java:104)
	at org.junit.jupiter.engine.execution.ExecutableInvoker.invoke(ExecutableInvoker.java:98)
	at org.junit.jupiter.engine.descriptor.TestMethodTestDescriptor.lambda$invokeTestMethod$7(TestMethodTestDescriptor.java:214)
	at org.junit.platform.engine.support.hierarchical.ThrowableCollector.execute(ThrowableCollector.java:73)
	at org.junit.jupiter.engine.descriptor.TestMethodTestDescriptor.invokeTestMethod(TestMethodTestDescriptor.java:210)
	at org.junit.jupiter.engine.descriptor.TestMethodTestDescriptor.execute(TestMethodTestDescriptor.java:135)
	at org.junit.jupiter.engine.descriptor.TestMethodTestDescriptor.execute(TestMethodTestDescriptor.java:66)
	at org.junit.platform.engine.support.hierarchical.NodeTestTask.lambda$executeRecursively$6(NodeTestTask.java:151)
	at org.junit.platform.engine.support.hierarchical.ThrowableCollector.execute(ThrowableCollector.java:73)
	at org.junit.platform.engine.support.hierarchical.NodeTestTask.lambda$executeRecursively$8(NodeTestTask.java:141)
	at org.junit.platform.engine.support.hierarchical.Node.around(Node.java:137)
	at org.junit.platform.engine.support.hierarchical.NodeTestTask.lambda$executeRecursively$9(NodeTestTask.java:139)
	at org.junit.platform.engine.support.hierarchical.ThrowableCollector.execute(ThrowableCollector.java:73)
	at org.junit.platform.engine.support.hierarchical.NodeTestTask.executeRecursively(NodeTestTask.java:138)
	at org.junit.platform.engine.support.hierarchical.NodeTestTask.execute(NodeTestTask.java:95)
	at java.util.ArrayList.forEach(ArrayList.java:1259)
	at org.junit.platform.engine.support.hierarchical.SameThreadHierarchicalTestExecutorService.invokeAll(SameThreadHierarchicalTestExecutorService.java:41)
	at org.junit.platform.engine.support.hierarchical.NodeTestTask.lambda$executeRecursively$6(NodeTestTask.java:155)
	at org.junit.platform.engine.support.hierarchical.ThrowableCollector.execute(ThrowableCollector.java:73)
	at org.junit.platform.engine.support.hierarchical.NodeTestTask.lambda$executeRecursively$8(NodeTestTask.java:141)
	at org.junit.platform.engine.support.hierarchical.Node.around(Node.java:137)
	at org.junit.platform.engine.support.hierarchical.NodeTestTask.lambda$executeRecursively$9(NodeTestTask.java:139)
	at org.junit.platform.engine.support.hierarchical.ThrowableCollector.execute(ThrowableCollector.java:73)
	at org.junit.platform.engine.support.hierarchical.NodeTestTask.executeRecursively(NodeTestTask.java:138)
	at org.junit.platform.engine.support.hierarchical.NodeTestTask.execute(NodeTestTask.java:95)
	at java.util.ArrayList.forEach(ArrayList.java:1259)
	at org.junit.platform.engine.support.hierarchical.SameThreadHierarchicalTestExecutorService.invokeAll(SameThreadHierarchicalTestExecutorService.java:41)
	at org.junit.platform.engine.support.hierarchical.NodeTestTask.lambda$executeRecursively$6(NodeTestTask.java:155)
	at org.junit.platform.engine.support.hierarchical.ThrowableCollector.execute(ThrowableCollector.java:73)
	at org.junit.platform.engine.support.hierarchical.NodeTestTask.lambda$executeRecursively$8(NodeTestTask.java:141)
	at org.junit.platform.engine.support.hierarchical.Node.around(Node.java:137)
	at org.junit.platform.engine.support.hierarchical.NodeTestTask.lambda$executeRecursively$9(NodeTestTask.java:139)
	at org.junit.platform.engine.support.hierarchical.ThrowableCollector.execute(ThrowableCollector.java:73)
	at org.junit.platform.engine.support.hierarchical.NodeTestTask.executeRecursively(NodeTestTask.java:138)
	at org.junit.platform.engine.support.hierarchical.NodeTestTask.execute(NodeTestTask.java:95)
	at org.junit.platform.engine.support.hierarchical.SameThreadHierarchicalTestExecutorService.submit(SameThreadHierarchicalTestExecutorService.java:35)
	at org.junit.platform.engine.support.hierarchical.HierarchicalTestExecutor.execute(HierarchicalTestExecutor.java:57)
	at org.junit.platform.engine.support.hierarchical.HierarchicalTestEngine.execute(HierarchicalTestEngine.java:54)
	at org.junit.platform.launcher.core.EngineExecutionOrchestrator.execute(EngineExecutionOrchestrator.java:107)
	at org.junit.platform.launcher.core.EngineExecutionOrchestrator.execute(EngineExecutionOrchestrator.java:88)
	at org.junit.platform.launcher.core.EngineExecutionOrchestrator.lambda$execute$0(EngineExecutionOrchestrator.java:54)
	at org.junit.platform.launcher.core.EngineExecutionOrchestrator.withInterceptedStreams(EngineExecutionOrchestrator.java:67)
	at org.junit.platform.launcher.core.EngineExecutionOrchestrator.execute(EngineExecutionOrchestrator.java:52)
	at org.junit.platform.launcher.core.DefaultLauncher.execute(DefaultLauncher.java:114)
	at org.junit.platform.launcher.core.DefaultLauncher.execute(DefaultLauncher.java:86)
	at org.junit.platform.launcher.core.DefaultLauncherSession$DelegatingLauncher.execute(DefaultLauncherSession.java:86)
	at org.junit.platform.launcher.core.SessionPerRequestLauncher.execute(SessionPerRequestLauncher.java:53)
	at org.apache.maven.surefire.junitplatform.JUnitPlatformProvider.execute(JUnitPlatformProvider.java:188)
	at org.apache.maven.surefire.junitplatform.JUnitPlatformProvider.invokeAllTests(JUnitPlatformProvider.java:154)
	at org.apache.maven.surefire.junitplatform.JUnitPlatformProvider.invoke(JUnitPlatformProvider.java:124)
	at org.apache.maven.surefire.booter.ForkedBooter.runSuitesInProcess(ForkedBooter.java:428)
	at org.apache.maven.surefire.booter.ForkedBooter.execute(ForkedBooter.java:162)
	at org.apache.maven.surefire.booter.ForkedBooter.run(ForkedBooter.java:562)
	at org.apache.maven.surefire.booter.ForkedBooter.main(ForkedBooter.java:548)

Nov 18, 2022 1:06:03 PM org.apache.ratis.thirdparty.io.grpc.internal.ManagedChannelOrphanWrapper$ManagedChannelReference cleanQueue
SEVERE: *~*~*~ Channel ManagedChannelImpl{logId=206, target=10.1.0.56:43263} was not shutdown properly!!! ~*~*~*
    Make sure to call shutdown()/shutdownNow() and wait until awaitTermination() returns true.
java.lang.RuntimeException: ManagedChannel allocation site
	at org.apache.ratis.thirdparty.io.grpc.internal.ManagedChannelOrphanWrapper$ManagedChannelReference.<init>(ManagedChannelOrphanWrapper.java:93)
	at org.apache.ratis.thirdparty.io.grpc.internal.ManagedChannelOrphanWrapper.<init>(ManagedChannelOrphanWrapper.java:53)
	at org.apache.ratis.thirdparty.io.grpc.internal.ManagedChannelOrphanWrapper.<init>(ManagedChannelOrphanWrapper.java:44)
	at org.apache.ratis.thirdparty.io.grpc.internal.ManagedChannelImplBuilder.build(ManagedChannelImplBuilder.java:630)
	at org.apache.ratis.thirdparty.io.grpc.internal.AbstractManagedChannelImplBuilder.build(AbstractManagedChannelImplBuilder.java:297)
	at org.apache.hadoop.hdds.scm.XceiverClientGrpc.connectToDatanode(XceiverClientGrpc.java:205)
	at org.apache.hadoop.hdds.scm.XceiverClientGrpc.connect(XceiverClientGrpc.java:158)
	at org.apache.hadoop.hdds.scm.XceiverClientManager$2.call(XceiverClientManager.java:243)
	at org.apache.hadoop.hdds.scm.XceiverClientManager$2.call(XceiverClientManager.java:224)
	at com.google.common.cache.LocalCache$LocalManualCache$1.load(LocalCache.java:4868)
	at com.google.common.cache.LocalCache$LoadingValueReference.loadFuture(LocalCache.java:3533)
	at com.google.common.cache.LocalCache$Segment.loadSync(LocalCache.java:2282)
	at com.google.common.cache.LocalCache$Segment.lockedGetOrLoad(LocalCache.java:2159)
	at com.google.common.cache.LocalCache$Segment.get(LocalCache.java:2049)
	at com.google.common.cache.LocalCache.get(LocalCache.java:3966)
	at com.google.common.cache.LocalCache$LocalManualCache.get(LocalCache.java:4863)
	at org.apache.hadoop.hdds.scm.XceiverClientManager.getClient(XceiverClientManager.java:224)
	at org.apache.hadoop.hdds.scm.XceiverClientManager.acquireClient(XceiverClientManager.java:168)
	at org.apache.hadoop.hdds.scm.XceiverClientManager.acquireClient(XceiverClientManager.java:141)
	at org.apache.hadoop.hdds.scm.storage.BlockOutputStream.<init>(BlockOutputStream.java:161)
	at org.apache.hadoop.hdds.scm.storage.ECBlockOutputStream.<init>(ECBlockOutputStream.java:78)
	at org.apache.hadoop.ozone.client.io.ECBlockOutputStreamEntry.checkStream(ECBlockOutputStreamEntry.java:101)
	at org.apache.hadoop.ozone.client.io.BlockOutputStreamEntry.write(BlockOutputStreamEntry.java:123)
	at org.apache.hadoop.ozone.client.io.ECKeyOutputStream.writeToOutputStream(ECKeyOutputStream.java:408)
	at org.apache.hadoop.ozone.client.io.ECKeyOutputStream.handleOutputStreamWrite(ECKeyOutputStream.java:392)
	at org.apache.hadoop.ozone.client.io.ECKeyOutputStream.close(ECKeyOutputStream.java:490)
	at org.apache.hadoop.ozone.client.io.OzoneOutputStream.close(OzoneOutputStream.java:61)
	at org.apache.hadoop.ozone.TestDataUtil.createKey(TestDataUtil.java:115)
	at org.apache.hadoop.ozone.scm.node.TestDecommissionAndMaintenance.generateData(TestDecommissionAndMaintenance.java:621)
	at org.apache.hadoop.ozone.scm.node.TestDecommissionAndMaintenance.testNodeWithOpenPipelineCanBeDecommissionedAndRecommissioned(TestDecommissionAndMaintenance.java:181)
	at sun.reflect.NativeMethodAccessorImpl.invoke0(Native Method)
	at sun.reflect.NativeMethodAccessorImpl.invoke(NativeMethodAccessorImpl.java:62)
	at sun.reflect.DelegatingMethodAccessorImpl.invoke(DelegatingMethodAccessorImpl.java:43)
	at java.lang.reflect.Method.invoke(Method.java:498)
	at org.junit.platform.commons.util.ReflectionUtils.invokeMethod(ReflectionUtils.java:725)
	at org.junit.jupiter.engine.execution.MethodInvocation.proceed(MethodInvocation.java:60)
	at org.junit.jupiter.engine.execution.InvocationInterceptorChain$ValidatingInvocation.proceed(InvocationInterceptorChain.java:131)
	at org.junit.jupiter.engine.extension.TimeoutExtension.intercept(TimeoutExtension.java:149)
	at org.junit.jupiter.engine.extension.TimeoutExtension.interceptTestableMethod(TimeoutExtension.java:140)
	at org.junit.jupiter.engine.extension.TimeoutExtension.interceptTestMethod(TimeoutExtension.java:84)
	at org.junit.jupiter.engine.execution.ExecutableInvoker$ReflectiveInterceptorCall.lambda$ofVoidMethod$0(ExecutableInvoker.java:115)
	at org.junit.jupiter.engine.execution.ExecutableInvoker.lambda$invoke$0(ExecutableInvoker.java:105)
	at org.junit.jupiter.engine.execution.InvocationInterceptorChain$InterceptedInvocation.proceed(InvocationInterceptorChain.java:106)
	at org.junit.jupiter.engine.execution.InvocationInterceptorChain.proceed(InvocationInterceptorChain.java:64)
	at org.junit.jupiter.engine.execution.InvocationInterceptorChain.chainAndInvoke(InvocationInterceptorChain.java:45)
	at org.junit.jupiter.engine.execution.InvocationInterceptorChain.invoke(InvocationInterceptorChain.java:37)
	at org.junit.jupiter.engine.execution.ExecutableInvoker.invoke(ExecutableInvoker.java:104)
	at org.junit.jupiter.engine.execution.ExecutableInvoker.invoke(ExecutableInvoker.java:98)
	at org.junit.jupiter.engine.descriptor.TestMethodTestDescriptor.lambda$invokeTestMethod$7(TestMethodTestDescriptor.java:214)
	at org.junit.platform.engine.support.hierarchical.ThrowableCollector.execute(ThrowableCollector.java:73)
	at org.junit.jupiter.engine.descriptor.TestMethodTestDescriptor.invokeTestMethod(TestMethodTestDescriptor.java:210)
	at org.junit.jupiter.engine.descriptor.TestMethodTestDescriptor.execute(TestMethodTestDescriptor.java:135)
	at org.junit.jupiter.engine.descriptor.TestMethodTestDescriptor.execute(TestMethodTestDescriptor.java:66)
	at org.junit.platform.engine.support.hierarchical.NodeTestTask.lambda$executeRecursively$6(NodeTestTask.java:151)
	at org.junit.platform.engine.support.hierarchical.ThrowableCollector.execute(ThrowableCollector.java:73)
	at org.junit.platform.engine.support.hierarchical.NodeTestTask.lambda$executeRecursively$8(NodeTestTask.java:141)
	at org.junit.platform.engine.support.hierarchical.Node.around(Node.java:137)
	at org.junit.platform.engine.support.hierarchical.NodeTestTask.lambda$executeRecursively$9(NodeTestTask.java:139)
	at org.junit.platform.engine.support.hierarchical.ThrowableCollector.execute(ThrowableCollector.java:73)
	at org.junit.platform.engine.support.hierarchical.NodeTestTask.executeRecursively(NodeTestTask.java:138)
	at org.junit.platform.engine.support.hierarchical.NodeTestTask.execute(NodeTestTask.java:95)
	at java.util.ArrayList.forEach(ArrayList.java:1259)
	at org.junit.platform.engine.support.hierarchical.SameThreadHierarchicalTestExecutorService.invokeAll(SameThreadHierarchicalTestExecutorService.java:41)
	at org.junit.platform.engine.support.hierarchical.NodeTestTask.lambda$executeRecursively$6(NodeTestTask.java:155)
	at org.junit.platform.engine.support.hierarchical.ThrowableCollector.execute(ThrowableCollector.java:73)
	at org.junit.platform.engine.support.hierarchical.NodeTestTask.lambda$executeRecursively$8(NodeTestTask.java:141)
	at org.junit.platform.engine.support.hierarchical.Node.around(Node.java:137)
	at org.junit.platform.engine.support.hierarchical.NodeTestTask.lambda$executeRecursively$9(NodeTestTask.java:139)
	at org.junit.platform.engine.support.hierarchical.ThrowableCollector.execute(ThrowableCollector.java:73)
	at org.junit.platform.engine.support.hierarchical.NodeTestTask.executeRecursively(NodeTestTask.java:138)
	at org.junit.platform.engine.support.hierarchical.NodeTestTask.execute(NodeTestTask.java:95)
	at java.util.ArrayList.forEach(ArrayList.java:1259)
	at org.junit.platform.engine.support.hierarchical.SameThreadHierarchicalTestExecutorService.invokeAll(SameThreadHierarchicalTestExecutorService.java:41)
	at org.junit.platform.engine.support.hierarchical.NodeTestTask.lambda$executeRecursively$6(NodeTestTask.java:155)
	at org.junit.platform.engine.support.hierarchical.ThrowableCollector.execute(ThrowableCollector.java:73)
	at org.junit.platform.engine.support.hierarchical.NodeTestTask.lambda$executeRecursively$8(NodeTestTask.java:141)
	at org.junit.platform.engine.support.hierarchical.Node.around(Node.java:137)
	at org.junit.platform.engine.support.hierarchical.NodeTestTask.lambda$executeRecursively$9(NodeTestTask.java:139)
	at org.junit.platform.engine.support.hierarchical.ThrowableCollector.execute(ThrowableCollector.java:73)
	at org.junit.platform.engine.support.hierarchical.NodeTestTask.executeRecursively(NodeTestTask.java:138)
	at org.junit.platform.engine.support.hierarchical.NodeTestTask.execute(NodeTestTask.java:95)
	at org.junit.platform.engine.support.hierarchical.SameThreadHierarchicalTestExecutorService.submit(SameThreadHierarchicalTestExecutorService.java:35)
	at org.junit.platform.engine.support.hierarchical.HierarchicalTestExecutor.execute(HierarchicalTestExecutor.java:57)
	at org.junit.platform.engine.support.hierarchical.HierarchicalTestEngine.execute(HierarchicalTestEngine.java:54)
	at org.junit.platform.launcher.core.EngineExecutionOrchestrator.execute(EngineExecutionOrchestrator.java:107)
	at org.junit.platform.launcher.core.EngineExecutionOrchestrator.execute(EngineExecutionOrchestrator.java:88)
	at org.junit.platform.launcher.core.EngineExecutionOrchestrator.lambda$execute$0(EngineExecutionOrchestrator.java:54)
	at org.junit.platform.launcher.core.EngineExecutionOrchestrator.withInterceptedStreams(EngineExecutionOrchestrator.java:67)
	at org.junit.platform.launcher.core.EngineExecutionOrchestrator.execute(EngineExecutionOrchestrator.java:52)
	at org.junit.platform.launcher.core.DefaultLauncher.execute(DefaultLauncher.java:114)
	at org.junit.platform.launcher.core.DefaultLauncher.execute(DefaultLauncher.java:86)
	at org.junit.platform.launcher.core.DefaultLauncherSession$DelegatingLauncher.execute(DefaultLauncherSession.java:86)
	at org.junit.platform.launcher.core.SessionPerRequestLauncher.execute(SessionPerRequestLauncher.java:53)
	at org.apache.maven.surefire.junitplatform.JUnitPlatformProvider.execute(JUnitPlatformProvider.java:188)
	at org.apache.maven.surefire.junitplatform.JUnitPlatformProvider.invokeAllTests(JUnitPlatformProvider.java:154)
	at org.apache.maven.surefire.junitplatform.JUnitPlatformProvider.invoke(JUnitPlatformProvider.java:124)
	at org.apache.maven.surefire.booter.ForkedBooter.runSuitesInProcess(ForkedBooter.java:428)
	at org.apache.maven.surefire.booter.ForkedBooter.execute(ForkedBooter.java:162)
	at org.apache.maven.surefire.booter.ForkedBooter.run(ForkedBooter.java:562)
	at org.apache.maven.surefire.booter.ForkedBooter.main(ForkedBooter.java:548)

Nov 18, 2022 1:06:03 PM org.apache.ratis.thirdparty.io.grpc.internal.ManagedChannelOrphanWrapper$ManagedChannelReference cleanQueue
SEVERE: *~*~*~ Channel ManagedChannelImpl{logId=260, target=10.1.0.56:44139} was not shutdown properly!!! ~*~*~*
    Make sure to call shutdown()/shutdownNow() and wait until awaitTermination() returns true.
java.lang.RuntimeException: ManagedChannel allocation site
	at org.apache.ratis.thirdparty.io.grpc.internal.ManagedChannelOrphanWrapper$ManagedChannelReference.<init>(ManagedChannelOrphanWrapper.java:93)
	at org.apache.ratis.thirdparty.io.grpc.internal.ManagedChannelOrphanWrapper.<init>(ManagedChannelOrphanWrapper.java:53)
	at org.apache.ratis.thirdparty.io.grpc.internal.ManagedChannelOrphanWrapper.<init>(ManagedChannelOrphanWrapper.java:44)
	at org.apache.ratis.thirdparty.io.grpc.internal.ManagedChannelImplBuilder.build(ManagedChannelImplBuilder.java:630)
	at org.apache.ratis.thirdparty.io.grpc.internal.AbstractManagedChannelImplBuilder.build(AbstractManagedChannelImplBuilder.java:297)
	at org.apache.hadoop.hdds.scm.XceiverClientGrpc.connectToDatanode(XceiverClientGrpc.java:205)
	at org.apache.hadoop.hdds.scm.XceiverClientGrpc.connect(XceiverClientGrpc.java:158)
	at org.apache.hadoop.hdds.scm.XceiverClientManager$2.call(XceiverClientManager.java:243)
	at org.apache.hadoop.hdds.scm.XceiverClientManager$2.call(XceiverClientManager.java:224)
	at com.google.common.cache.LocalCache$LocalManualCache$1.load(LocalCache.java:4868)
	at com.google.common.cache.LocalCache$LoadingValueReference.loadFuture(LocalCache.java:3533)
	at com.google.common.cache.LocalCache$Segment.loadSync(LocalCache.java:2282)
	at com.google.common.cache.LocalCache$Segment.lockedGetOrLoad(LocalCache.java:2159)
	at com.google.common.cache.LocalCache$Segment.get(LocalCache.java:2049)
	at com.google.common.cache.LocalCache.get(LocalCache.java:3966)
	at com.google.common.cache.LocalCache$LocalManualCache.get(LocalCache.java:4863)
	at org.apache.hadoop.hdds.scm.XceiverClientManager.getClient(XceiverClientManager.java:224)
	at org.apache.hadoop.hdds.scm.XceiverClientManager.acquireClient(XceiverClientManager.java:168)
	at org.apache.hadoop.hdds.scm.XceiverClientManager.acquireClient(XceiverClientManager.java:141)
	at org.apache.hadoop.hdds.scm.storage.BlockOutputStream.<init>(BlockOutputStream.java:161)
	at org.apache.hadoop.hdds.scm.storage.ECBlockOutputStream.<init>(ECBlockOutputStream.java:78)
	at org.apache.hadoop.ozone.client.io.ECBlockOutputStreamEntry.checkStream(ECBlockOutputStreamEntry.java:101)
	at org.apache.hadoop.ozone.client.io.BlockOutputStreamEntry.write(BlockOutputStreamEntry.java:123)
	at org.apache.hadoop.ozone.client.io.ECKeyOutputStream.writeToOutputStream(ECKeyOutputStream.java:408)
	at org.apache.hadoop.ozone.client.io.ECKeyOutputStream.handleOutputStreamWrite(ECKeyOutputStream.java:392)
	at org.apache.hadoop.ozone.client.io.ECKeyOutputStream.close(ECKeyOutputStream.java:490)
	at org.apache.hadoop.ozone.client.io.OzoneOutputStream.close(OzoneOutputStream.java:61)
	at org.apache.hadoop.ozone.TestDataUtil.createKey(TestDataUtil.java:115)
	at org.apache.hadoop.ozone.scm.node.TestDecommissionAndMaintenance.generateData(TestDecommissionAndMaintenance.java:621)
	at org.apache.hadoop.ozone.scm.node.TestDecommissionAndMaintenance.testNodeWithOpenPipelineCanBeDecommissionedAndRecommissioned(TestDecommissionAndMaintenance.java:181)
	at sun.reflect.NativeMethodAccessorImpl.invoke0(Native Method)
	at sun.reflect.NativeMethodAccessorImpl.invoke(NativeMethodAccessorImpl.java:62)
	at sun.reflect.DelegatingMethodAccessorImpl.invoke(DelegatingMethodAccessorImpl.java:43)
	at java.lang.reflect.Method.invoke(Method.java:498)
	at org.junit.platform.commons.util.ReflectionUtils.invokeMethod(ReflectionUtils.java:725)
	at org.junit.jupiter.engine.execution.MethodInvocation.proceed(MethodInvocation.java:60)
	at org.junit.jupiter.engine.execution.InvocationInterceptorChain$ValidatingInvocation.proceed(InvocationInterceptorChain.java:131)
	at org.junit.jupiter.engine.extension.TimeoutExtension.intercept(TimeoutExtension.java:149)
	at org.junit.jupiter.engine.extension.TimeoutExtension.interceptTestableMethod(TimeoutExtension.java:140)
	at org.junit.jupiter.engine.extension.TimeoutExtension.interceptTestMethod(TimeoutExtension.java:84)
	at org.junit.jupiter.engine.execution.ExecutableInvoker$ReflectiveInterceptorCall.lambda$ofVoidMethod$0(ExecutableInvoker.java:115)
	at org.junit.jupiter.engine.execution.ExecutableInvoker.lambda$invoke$0(ExecutableInvoker.java:105)
	at org.junit.jupiter.engine.execution.InvocationInterceptorChain$InterceptedInvocation.proceed(InvocationInterceptorChain.java:106)
	at org.junit.jupiter.engine.execution.InvocationInterceptorChain.proceed(InvocationInterceptorChain.java:64)
	at org.junit.jupiter.engine.execution.InvocationInterceptorChain.chainAndInvoke(InvocationInterceptorChain.java:45)
	at org.junit.jupiter.engine.execution.InvocationInterceptorChain.invoke(InvocationInterceptorChain.java:37)
	at org.junit.jupiter.engine.execution.ExecutableInvoker.invoke(ExecutableInvoker.java:104)
	at org.junit.jupiter.engine.execution.ExecutableInvoker.invoke(ExecutableInvoker.java:98)
	at org.junit.jupiter.engine.descriptor.TestMethodTestDescriptor.lambda$invokeTestMethod$7(TestMethodTestDescriptor.java:214)
	at org.junit.platform.engine.support.hierarchical.ThrowableCollector.execute(ThrowableCollector.java:73)
	at org.junit.jupiter.engine.descriptor.TestMethodTestDescriptor.invokeTestMethod(TestMethodTestDescriptor.java:210)
	at org.junit.jupiter.engine.descriptor.TestMethodTestDescriptor.execute(TestMethodTestDescriptor.java:135)
	at org.junit.jupiter.engine.descriptor.TestMethodTestDescriptor.execute(TestMethodTestDescriptor.java:66)
	at org.junit.platform.engine.support.hierarchical.NodeTestTask.lambda$executeRecursively$6(NodeTestTask.java:151)
	at org.junit.platform.engine.support.hierarchical.ThrowableCollector.execute(ThrowableCollector.java:73)
	at org.junit.platform.engine.support.hierarchical.NodeTestTask.lambda$executeRecursively$8(NodeTestTask.java:141)
	at org.junit.platform.engine.support.hierarchical.Node.around(Node.java:137)
	at org.junit.platform.engine.support.hierarchical.NodeTestTask.lambda$executeRecursively$9(NodeTestTask.java:139)
	at org.junit.platform.engine.support.hierarchical.ThrowableCollector.execute(ThrowableCollector.java:73)
	at org.junit.platform.engine.support.hierarchical.NodeTestTask.executeRecursively(NodeTestTask.java:138)
	at org.junit.platform.engine.support.hierarchical.NodeTestTask.execute(NodeTestTask.java:95)
	at java.util.ArrayList.forEach(ArrayList.java:1259)
	at org.junit.platform.engine.support.hierarchical.SameThreadHierarchicalTestExecutorService.invokeAll(SameThreadHierarchicalTestExecutorService.java:41)
	at org.junit.platform.engine.support.hierarchical.NodeTestTask.lambda$executeRecursively$6(NodeTestTask.java:155)
	at org.junit.platform.engine.support.hierarchical.ThrowableCollector.execute(ThrowableCollector.java:73)
	at org.junit.platform.engine.support.hierarchical.NodeTestTask.lambda$executeRecursively$8(NodeTestTask.java:141)
	at org.junit.platform.engine.support.hierarchical.Node.around(Node.java:137)
	at org.junit.platform.engine.support.hierarchical.NodeTestTask.lambda$executeRecursively$9(NodeTestTask.java:139)
	at org.junit.platform.engine.support.hierarchical.ThrowableCollector.execute(ThrowableCollector.java:73)
	at org.junit.platform.engine.support.hierarchical.NodeTestTask.executeRecursively(NodeTestTask.java:138)
	at org.junit.platform.engine.support.hierarchical.NodeTestTask.execute(NodeTestTask.java:95)
	at java.util.ArrayList.forEach(ArrayList.java:1259)
	at org.junit.platform.engine.support.hierarchical.SameThreadHierarchicalTestExecutorService.invokeAll(SameThreadHierarchicalTestExecutorService.java:41)
	at org.junit.platform.engine.support.hierarchical.NodeTestTask.lambda$executeRecursively$6(NodeTestTask.java:155)
	at org.junit.platform.engine.support.hierarchical.ThrowableCollector.execute(ThrowableCollector.java:73)
	at org.junit.platform.engine.support.hierarchical.NodeTestTask.lambda$executeRecursively$8(NodeTestTask.java:141)
	at org.junit.platform.engine.support.hierarchical.Node.around(Node.java:137)
	at org.junit.platform.engine.support.hierarchical.NodeTestTask.lambda$executeRecursively$9(NodeTestTask.java:139)
	at org.junit.platform.engine.support.hierarchical.ThrowableCollector.execute(ThrowableCollector.java:73)
	at org.junit.platform.engine.support.hierarchical.NodeTestTask.executeRecursively(NodeTestTask.java:138)
	at org.junit.platform.engine.support.hierarchical.NodeTestTask.execute(NodeTestTask.java:95)
	at org.junit.platform.engine.support.hierarchical.SameThreadHierarchicalTestExecutorService.submit(SameThreadHierarchicalTestExecutorService.java:35)
	at org.junit.platform.engine.support.hierarchical.HierarchicalTestExecutor.execute(HierarchicalTestExecutor.java:57)
	at org.junit.platform.engine.support.hierarchical.HierarchicalTestEngine.execute(HierarchicalTestEngine.java:54)
	at org.junit.platform.launcher.core.EngineExecutionOrchestrator.execute(EngineExecutionOrchestrator.java:107)
	at org.junit.platform.launcher.core.EngineExecutionOrchestrator.execute(EngineExecutionOrchestrator.java:88)
	at org.junit.platform.launcher.core.EngineExecutionOrchestrator.lambda$execute$0(EngineExecutionOrchestrator.java:54)
	at org.junit.platform.launcher.core.EngineExecutionOrchestrator.withInterceptedStreams(EngineExecutionOrchestrator.java:67)
	at org.junit.platform.launcher.core.EngineExecutionOrchestrator.execute(EngineExecutionOrchestrator.java:52)
	at org.junit.platform.launcher.core.DefaultLauncher.execute(DefaultLauncher.java:114)
	at org.junit.platform.launcher.core.DefaultLauncher.execute(DefaultLauncher.java:86)
	at org.junit.platform.launcher.core.DefaultLauncherSession$DelegatingLauncher.execute(DefaultLauncherSession.java:86)
	at org.junit.platform.launcher.core.SessionPerRequestLauncher.execute(SessionPerRequestLauncher.java:53)
	at org.apache.maven.surefire.junitplatform.JUnitPlatformProvider.execute(JUnitPlatformProvider.java:188)
	at org.apache.maven.surefire.junitplatform.JUnitPlatformProvider.invokeAllTests(JUnitPlatformProvider.java:154)
	at org.apache.maven.surefire.junitplatform.JUnitPlatformProvider.invoke(JUnitPlatformProvider.java:124)
	at org.apache.maven.surefire.booter.ForkedBooter.runSuitesInProcess(ForkedBooter.java:428)
	at org.apache.maven.surefire.booter.ForkedBooter.execute(ForkedBooter.java:162)
	at org.apache.maven.surefire.booter.ForkedBooter.run(ForkedBooter.java:562)
	at org.apache.maven.surefire.booter.ForkedBooter.main(ForkedBooter.java:548)

Nov 18, 2022 1:06:03 PM org.apache.ratis.thirdparty.io.grpc.internal.ManagedChannelOrphanWrapper$ManagedChannelReference cleanQueue
SEVERE: *~*~*~ Channel ManagedChannelImpl{logId=281, target=10.1.0.56:38047} was not shutdown properly!!! ~*~*~*
    Make sure to call shutdown()/shutdownNow() and wait until awaitTermination() returns true.
java.lang.RuntimeException: ManagedChannel allocation site
	at org.apache.ratis.thirdparty.io.grpc.internal.ManagedChannelOrphanWrapper$ManagedChannelReference.<init>(ManagedChannelOrphanWrapper.java:93)
	at org.apache.ratis.thirdparty.io.grpc.internal.ManagedChannelOrphanWrapper.<init>(ManagedChannelOrphanWrapper.java:53)
	at org.apache.ratis.thirdparty.io.grpc.internal.ManagedChannelOrphanWrapper.<init>(ManagedChannelOrphanWrapper.java:44)
	at org.apache.ratis.thirdparty.io.grpc.internal.ManagedChannelImplBuilder.build(ManagedChannelImplBuilder.java:630)
	at org.apache.ratis.thirdparty.io.grpc.internal.AbstractManagedChannelImplBuilder.build(AbstractManagedChannelImplBuilder.java:297)
	at org.apache.hadoop.hdds.scm.XceiverClientGrpc.connectToDatanode(XceiverClientGrpc.java:205)
	at org.apache.hadoop.hdds.scm.XceiverClientGrpc.connect(XceiverClientGrpc.java:158)
	at org.apache.hadoop.hdds.scm.XceiverClientManager$2.call(XceiverClientManager.java:243)
	at org.apache.hadoop.hdds.scm.XceiverClientManager$2.call(XceiverClientManager.java:224)
	at com.google.common.cache.LocalCache$LocalManualCache$1.load(LocalCache.java:4868)
	at com.google.common.cache.LocalCache$LoadingValueReference.loadFuture(LocalCache.java:3533)
	at com.google.common.cache.LocalCache$Segment.loadSync(LocalCache.java:2282)
	at com.google.common.cache.LocalCache$Segment.lockedGetOrLoad(LocalCache.java:2159)
	at com.google.common.cache.LocalCache$Segment.get(LocalCache.java:2049)
	at com.google.common.cache.LocalCache.get(LocalCache.java:3966)
	at com.google.common.cache.LocalCache$LocalManualCache.get(LocalCache.java:4863)
	at org.apache.hadoop.hdds.scm.XceiverClientManager.getClient(XceiverClientManager.java:224)
	at org.apache.hadoop.hdds.scm.XceiverClientManager.acquireClient(XceiverClientManager.java:168)
	at org.apache.hadoop.hdds.scm.XceiverClientManager.acquireClient(XceiverClientManager.java:141)
	at org.apache.hadoop.hdds.scm.storage.BlockOutputStream.<init>(BlockOutputStream.java:161)
	at org.apache.hadoop.hdds.scm.storage.ECBlockOutputStream.<init>(ECBlockOutputStream.java:78)
	at org.apache.hadoop.ozone.client.io.ECBlockOutputStreamEntry.checkStream(ECBlockOutputStreamEntry.java:101)
	at org.apache.hadoop.ozone.client.io.BlockOutputStreamEntry.write(BlockOutputStreamEntry.java:123)
	at org.apache.hadoop.ozone.client.io.ECKeyOutputStream.writeToOutputStream(ECKeyOutputStream.java:408)
	at org.apache.hadoop.ozone.client.io.ECKeyOutputStream.handleOutputStreamWrite(ECKeyOutputStream.java:392)
	at org.apache.hadoop.ozone.client.io.ECKeyOutputStream.close(ECKeyOutputStream.java:490)
	at org.apache.hadoop.ozone.client.io.OzoneOutputStream.close(OzoneOutputStream.java:61)
	at org.apache.hadoop.ozone.TestDataUtil.createKey(TestDataUtil.java:115)
	at org.apache.hadoop.ozone.scm.node.TestDecommissionAndMaintenance.generateData(TestDecommissionAndMaintenance.java:621)
	at org.apache.hadoop.ozone.scm.node.TestDecommissionAndMaintenance.testNodeWithOpenPipelineCanBeDecommissionedAndRecommissioned(TestDecommissionAndMaintenance.java:181)
	at sun.reflect.NativeMethodAccessorImpl.invoke0(Native Method)
	at sun.reflect.NativeMethodAccessorImpl.invoke(NativeMethodAccessorImpl.java:62)
	at sun.reflect.DelegatingMethodAccessorImpl.invoke(DelegatingMethodAccessorImpl.java:43)
	at java.lang.reflect.Method.invoke(Method.java:498)
	at org.junit.platform.commons.util.ReflectionUtils.invokeMethod(ReflectionUtils.java:725)
	at org.junit.jupiter.engine.execution.MethodInvocation.proceed(MethodInvocation.java:60)
	at org.junit.jupiter.engine.execution.InvocationInterceptorChain$ValidatingInvocation.proceed(InvocationInterceptorChain.java:131)
	at org.junit.jupiter.engine.extension.TimeoutExtension.intercept(TimeoutExtension.java:149)
	at org.junit.jupiter.engine.extension.TimeoutExtension.interceptTestableMethod(TimeoutExtension.java:140)
	at org.junit.jupiter.engine.extension.TimeoutExtension.interceptTestMethod(TimeoutExtension.java:84)
	at org.junit.jupiter.engine.execution.ExecutableInvoker$ReflectiveInterceptorCall.lambda$ofVoidMethod$0(ExecutableInvoker.java:115)
	at org.junit.jupiter.engine.execution.ExecutableInvoker.lambda$invoke$0(ExecutableInvoker.java:105)
	at org.junit.jupiter.engine.execution.InvocationInterceptorChain$InterceptedInvocation.proceed(InvocationInterceptorChain.java:106)
	at org.junit.jupiter.engine.execution.InvocationInterceptorChain.proceed(InvocationInterceptorChain.java:64)
	at org.junit.jupiter.engine.execution.InvocationInterceptorChain.chainAndInvoke(InvocationInterceptorChain.java:45)
	at org.junit.jupiter.engine.execution.InvocationInterceptorChain.invoke(InvocationInterceptorChain.java:37)
	at org.junit.jupiter.engine.execution.ExecutableInvoker.invoke(ExecutableInvoker.java:104)
	at org.junit.jupiter.engine.execution.ExecutableInvoker.invoke(ExecutableInvoker.java:98)
	at org.junit.jupiter.engine.descriptor.TestMethodTestDescriptor.lambda$invokeTestMethod$7(TestMethodTestDescriptor.java:214)
	at org.junit.platform.engine.support.hierarchical.ThrowableCollector.execute(ThrowableCollector.java:73)
	at org.junit.jupiter.engine.descriptor.TestMethodTestDescriptor.invokeTestMethod(TestMethodTestDescriptor.java:210)
	at org.junit.jupiter.engine.descriptor.TestMethodTestDescriptor.execute(TestMethodTestDescriptor.java:135)
	at org.junit.jupiter.engine.descriptor.TestMethodTestDescriptor.execute(TestMethodTestDescriptor.java:66)
	at org.junit.platform.engine.support.hierarchical.NodeTestTask.lambda$executeRecursively$6(NodeTestTask.java:151)
	at org.junit.platform.engine.support.hierarchical.ThrowableCollector.execute(ThrowableCollector.java:73)
	at org.junit.platform.engine.support.hierarchical.NodeTestTask.lambda$executeRecursively$8(NodeTestTask.java:141)
	at org.junit.platform.engine.support.hierarchical.Node.around(Node.java:137)
	at org.junit.platform.engine.support.hierarchical.NodeTestTask.lambda$executeRecursively$9(NodeTestTask.java:139)
	at org.junit.platform.engine.support.hierarchical.ThrowableCollector.execute(ThrowableCollector.java:73)
	at org.junit.platform.engine.support.hierarchical.NodeTestTask.executeRecursively(NodeTestTask.java:138)
	at org.junit.platform.engine.support.hierarchical.NodeTestTask.execute(NodeTestTask.java:95)
	at java.util.ArrayList.forEach(ArrayList.java:1259)
	at org.junit.platform.engine.support.hierarchical.SameThreadHierarchicalTestExecutorService.invokeAll(SameThreadHierarchicalTestExecutorService.java:41)
	at org.junit.platform.engine.support.hierarchical.NodeTestTask.lambda$executeRecursively$6(NodeTestTask.java:155)
	at org.junit.platform.engine.support.hierarchical.ThrowableCollector.execute(ThrowableCollector.java:73)
	at org.junit.platform.engine.support.hierarchical.NodeTestTask.lambda$executeRecursively$8(NodeTestTask.java:141)
	at org.junit.platform.engine.support.hierarchical.Node.around(Node.java:137)
	at org.junit.platform.engine.support.hierarchical.NodeTestTask.lambda$executeRecursively$9(NodeTestTask.java:139)
	at org.junit.platform.engine.support.hierarchical.ThrowableCollector.execute(ThrowableCollector.java:73)
	at org.junit.platform.engine.support.hierarchical.NodeTestTask.executeRecursively(NodeTestTask.java:138)
	at org.junit.platform.engine.support.hierarchical.NodeTestTask.execute(NodeTestTask.java:95)
	at java.util.ArrayList.forEach(ArrayList.java:1259)
	at org.junit.platform.engine.support.hierarchical.SameThreadHierarchicalTestExecutorService.invokeAll(SameThreadHierarchicalTestExecutorService.java:41)
	at org.junit.platform.engine.support.hierarchical.NodeTestTask.lambda$executeRecursively$6(NodeTestTask.java:155)
	at org.junit.platform.engine.support.hierarchical.ThrowableCollector.execute(ThrowableCollector.java:73)
	at org.junit.platform.engine.support.hierarchical.NodeTestTask.lambda$executeRecursively$8(NodeTestTask.java:141)
	at org.junit.platform.engine.support.hierarchical.Node.around(Node.java:137)
	at org.junit.platform.engine.support.hierarchical.NodeTestTask.lambda$executeRecursively$9(NodeTestTask.java:139)
	at org.junit.platform.engine.support.hierarchical.ThrowableCollector.execute(ThrowableCollector.java:73)
	at org.junit.platform.engine.support.hierarchical.NodeTestTask.executeRecursively(NodeTestTask.java:138)
	at org.junit.platform.engine.support.hierarchical.NodeTestTask.execute(NodeTestTask.java:95)
	at org.junit.platform.engine.support.hierarchical.SameThreadHierarchicalTestExecutorService.submit(SameThreadHierarchicalTestExecutorService.java:35)
	at org.junit.platform.engine.support.hierarchical.HierarchicalTestExecutor.execute(HierarchicalTestExecutor.java:57)
	at org.junit.platform.engine.support.hierarchical.HierarchicalTestEngine.execute(HierarchicalTestEngine.java:54)
	at org.junit.platform.launcher.core.EngineExecutionOrchestrator.execute(EngineExecutionOrchestrator.java:107)
	at org.junit.platform.launcher.core.EngineExecutionOrchestrator.execute(EngineExecutionOrchestrator.java:88)
	at org.junit.platform.launcher.core.EngineExecutionOrchestrator.lambda$execute$0(EngineExecutionOrchestrator.java:54)
	at org.junit.platform.launcher.core.EngineExecutionOrchestrator.withInterceptedStreams(EngineExecutionOrchestrator.java:67)
	at org.junit.platform.launcher.core.EngineExecutionOrchestrator.execute(EngineExecutionOrchestrator.java:52)
	at org.junit.platform.launcher.core.DefaultLauncher.execute(DefaultLauncher.java:114)
	at org.junit.platform.launcher.core.DefaultLauncher.execute(DefaultLauncher.java:86)
	at org.junit.platform.launcher.core.DefaultLauncherSession$DelegatingLauncher.execute(DefaultLauncherSession.java:86)
	at org.junit.platform.launcher.core.SessionPerRequestLauncher.execute(SessionPerRequestLauncher.java:53)
	at org.apache.maven.surefire.junitplatform.JUnitPlatformProvider.execute(JUnitPlatformProvider.java:188)
	at org.apache.maven.surefire.junitplatform.JUnitPlatformProvider.invokeAllTests(JUnitPlatformProvider.java:154)
	at org.apache.maven.surefire.junitplatform.JUnitPlatformProvider.invoke(JUnitPlatformProvider.java:124)
	at org.apache.maven.surefire.booter.ForkedBooter.runSuitesInProcess(ForkedBooter.java:428)
	at org.apache.maven.surefire.booter.ForkedBooter.execute(ForkedBooter.java:162)
	at org.apache.maven.surefire.booter.ForkedBooter.run(ForkedBooter.java:562)
	at org.apache.maven.surefire.booter.ForkedBooter.main(ForkedBooter.java:548)

Nov 18, 2022 1:06:03 PM org.apache.ratis.thirdparty.io.grpc.internal.ManagedChannelOrphanWrapper$ManagedChannelReference cleanQueue
SEVERE: *~*~*~ Channel ManagedChannelImpl{logId=177, target=10.1.0.56:40423} was not shutdown properly!!! ~*~*~*
    Make sure to call shutdown()/shutdownNow() and wait until awaitTermination() returns true.
java.lang.RuntimeException: ManagedChannel allocation site
	at org.apache.ratis.thirdparty.io.grpc.internal.ManagedChannelOrphanWrapper$ManagedChannelReference.<init>(ManagedChannelOrphanWrapper.java:93)
	at org.apache.ratis.thirdparty.io.grpc.internal.ManagedChannelOrphanWrapper.<init>(ManagedChannelOrphanWrapper.java:53)
	at org.apache.ratis.thirdparty.io.grpc.internal.ManagedChannelOrphanWrapper.<init>(ManagedChannelOrphanWrapper.java:44)
	at org.apache.ratis.thirdparty.io.grpc.internal.ManagedChannelImplBuilder.build(ManagedChannelImplBuilder.java:630)
	at org.apache.ratis.thirdparty.io.grpc.internal.AbstractManagedChannelImplBuilder.build(AbstractManagedChannelImplBuilder.java:297)
	at org.apache.hadoop.hdds.scm.XceiverClientGrpc.connectToDatanode(XceiverClientGrpc.java:205)
	at org.apache.hadoop.hdds.scm.XceiverClientGrpc.connect(XceiverClientGrpc.java:158)
	at org.apache.hadoop.hdds.scm.XceiverClientManager$2.call(XceiverClientManager.java:243)
	at org.apache.hadoop.hdds.scm.XceiverClientManager$2.call(XceiverClientManager.java:224)
	at com.google.common.cache.LocalCache$LocalManualCache$1.load(LocalCache.java:4868)
	at com.google.common.cache.LocalCache$LoadingValueReference.loadFuture(LocalCache.java:3533)
	at com.google.common.cache.LocalCache$Segment.loadSync(LocalCache.java:2282)
	at com.google.common.cache.LocalCache$Segment.lockedGetOrLoad(LocalCache.java:2159)
	at com.google.common.cache.LocalCache$Segment.get(LocalCache.java:2049)
	at com.google.common.cache.LocalCache.get(LocalCache.java:3966)
	at com.google.common.cache.LocalCache$LocalManualCache.get(LocalCache.java:4863)
	at org.apache.hadoop.hdds.scm.XceiverClientManager.getClient(XceiverClientManager.java:224)
	at org.apache.hadoop.hdds.scm.XceiverClientManager.acquireClient(XceiverClientManager.java:168)
	at org.apache.hadoop.hdds.scm.XceiverClientManager.acquireClient(XceiverClientManager.java:141)
	at org.apache.hadoop.hdds.scm.storage.BlockOutputStream.<init>(BlockOutputStream.java:161)
	at org.apache.hadoop.hdds.scm.storage.ECBlockOutputStream.<init>(ECBlockOutputStream.java:78)
	at org.apache.hadoop.ozone.client.io.ECBlockOutputStreamEntry.checkStream(ECBlockOutputStreamEntry.java:101)
	at org.apache.hadoop.ozone.client.io.BlockOutputStreamEntry.write(BlockOutputStreamEntry.java:123)
	at org.apache.hadoop.ozone.client.io.ECKeyOutputStream.writeToOutputStream(ECKeyOutputStream.java:408)
	at org.apache.hadoop.ozone.client.io.ECKeyOutputStream.handleOutputStreamWrite(ECKeyOutputStream.java:392)
	at org.apache.hadoop.ozone.client.io.ECKeyOutputStream.close(ECKeyOutputStream.java:490)
	at org.apache.hadoop.ozone.client.io.OzoneOutputStream.close(OzoneOutputStream.java:61)
	at org.apache.hadoop.ozone.TestDataUtil.createKey(TestDataUtil.java:115)
	at org.apache.hadoop.ozone.scm.node.TestDecommissionAndMaintenance.generateData(TestDecommissionAndMaintenance.java:621)
	at org.apache.hadoop.ozone.scm.node.TestDecommissionAndMaintenance.testNodeWithOpenPipelineCanBeDecommissionedAndRecommissioned(TestDecommissionAndMaintenance.java:181)
	at sun.reflect.NativeMethodAccessorImpl.invoke0(Native Method)
	at sun.reflect.NativeMethodAccessorImpl.invoke(NativeMethodAccessorImpl.java:62)
	at sun.reflect.DelegatingMethodAccessorImpl.invoke(DelegatingMethodAccessorImpl.java:43)
	at java.lang.reflect.Method.invoke(Method.java:498)
	at org.junit.platform.commons.util.ReflectionUtils.invokeMethod(ReflectionUtils.java:725)
	at org.junit.jupiter.engine.execution.MethodInvocation.proceed(MethodInvocation.java:60)
	at org.junit.jupiter.engine.execution.InvocationInterceptorChain$ValidatingInvocation.proceed(InvocationInterceptorChain.java:131)
	at org.junit.jupiter.engine.extension.TimeoutExtension.intercept(TimeoutExtension.java:149)
	at org.junit.jupiter.engine.extension.TimeoutExtension.interceptTestableMethod(TimeoutExtension.java:140)
	at org.junit.jupiter.engine.extension.TimeoutExtension.interceptTestMethod(TimeoutExtension.java:84)
	at org.junit.jupiter.engine.execution.ExecutableInvoker$ReflectiveInterceptorCall.lambda$ofVoidMethod$0(ExecutableInvoker.java:115)
	at org.junit.jupiter.engine.execution.ExecutableInvoker.lambda$invoke$0(ExecutableInvoker.java:105)
	at org.junit.jupiter.engine.execution.InvocationInterceptorChain$InterceptedInvocation.proceed(InvocationInterceptorChain.java:106)
	at org.junit.jupiter.engine.execution.InvocationInterceptorChain.proceed(InvocationInterceptorChain.java:64)
	at org.junit.jupiter.engine.execution.InvocationInterceptorChain.chainAndInvoke(InvocationInterceptorChain.java:45)
	at org.junit.jupiter.engine.execution.InvocationInterceptorChain.invoke(InvocationInterceptorChain.java:37)
	at org.junit.jupiter.engine.execution.ExecutableInvoker.invoke(ExecutableInvoker.java:104)
	at org.junit.jupiter.engine.execution.ExecutableInvoker.invoke(ExecutableInvoker.java:98)
	at org.junit.jupiter.engine.descriptor.TestMethodTestDescriptor.lambda$invokeTestMethod$7(TestMethodTestDescriptor.java:214)
	at org.junit.platform.engine.support.hierarchical.ThrowableCollector.execute(ThrowableCollector.java:73)
	at org.junit.jupiter.engine.descriptor.TestMethodTestDescriptor.invokeTestMethod(TestMethodTestDescriptor.java:210)
	at org.junit.jupiter.engine.descriptor.TestMethodTestDescriptor.execute(TestMethodTestDescriptor.java:135)
	at org.junit.jupiter.engine.descriptor.TestMethodTestDescriptor.execute(TestMethodTestDescriptor.java:66)
	at org.junit.platform.engine.support.hierarchical.NodeTestTask.lambda$executeRecursively$6(NodeTestTask.java:151)
	at org.junit.platform.engine.support.hierarchical.ThrowableCollector.execute(ThrowableCollector.java:73)
	at org.junit.platform.engine.support.hierarchical.NodeTestTask.lambda$executeRecursively$8(NodeTestTask.java:141)
	at org.junit.platform.engine.support.hierarchical.Node.around(Node.java:137)
	at org.junit.platform.engine.support.hierarchical.NodeTestTask.lambda$executeRecursively$9(NodeTestTask.java:139)
	at org.junit.platform.engine.support.hierarchical.ThrowableCollector.execute(ThrowableCollector.java:73)
	at org.junit.platform.engine.support.hierarchical.NodeTestTask.executeRecursively(NodeTestTask.java:138)
	at org.junit.platform.engine.support.hierarchical.NodeTestTask.execute(NodeTestTask.java:95)
	at java.util.ArrayList.forEach(ArrayList.java:1259)
	at org.junit.platform.engine.support.hierarchical.SameThreadHierarchicalTestExecutorService.invokeAll(SameThreadHierarchicalTestExecutorService.java:41)
	at org.junit.platform.engine.support.hierarchical.NodeTestTask.lambda$executeRecursively$6(NodeTestTask.java:155)
	at org.junit.platform.engine.support.hierarchical.ThrowableCollector.execute(ThrowableCollector.java:73)
	at org.junit.platform.engine.support.hierarchical.NodeTestTask.lambda$executeRecursively$8(NodeTestTask.java:141)
	at org.junit.platform.engine.support.hierarchical.Node.around(Node.java:137)
	at org.junit.platform.engine.support.hierarchical.NodeTestTask.lambda$executeRecursively$9(NodeTestTask.java:139)
	at org.junit.platform.engine.support.hierarchical.ThrowableCollector.execute(ThrowableCollector.java:73)
	at org.junit.platform.engine.support.hierarchical.NodeTestTask.executeRecursively(NodeTestTask.java:138)
	at org.junit.platform.engine.support.hierarchical.NodeTestTask.execute(NodeTestTask.java:95)
	at java.util.ArrayList.forEach(ArrayList.java:1259)
	at org.junit.platform.engine.support.hierarchical.SameThreadHierarchicalTestExecutorService.invokeAll(SameThreadHierarchicalTestExecutorService.java:41)
	at org.junit.platform.engine.support.hierarchical.NodeTestTask.lambda$executeRecursively$6(NodeTestTask.java:155)
	at org.junit.platform.engine.support.hierarchical.ThrowableCollector.execute(ThrowableCollector.java:73)
	at org.junit.platform.engine.support.hierarchical.NodeTestTask.lambda$executeRecursively$8(NodeTestTask.java:141)
	at org.junit.platform.engine.support.hierarchical.Node.around(Node.java:137)
	at org.junit.platform.engine.support.hierarchical.NodeTestTask.lambda$executeRecursively$9(NodeTestTask.java:139)
	at org.junit.platform.engine.support.hierarchical.ThrowableCollector.execute(ThrowableCollector.java:73)
	at org.junit.platform.engine.support.hierarchical.NodeTestTask.executeRecursively(NodeTestTask.java:138)
	at org.junit.platform.engine.support.hierarchical.NodeTestTask.execute(NodeTestTask.java:95)
	at org.junit.platform.engine.support.hierarchical.SameThreadHierarchicalTestExecutorService.submit(SameThreadHierarchicalTestExecutorService.java:35)
	at org.junit.platform.engine.support.hierarchical.HierarchicalTestExecutor.execute(HierarchicalTestExecutor.java:57)
	at org.junit.platform.engine.support.hierarchical.HierarchicalTestEngine.execute(HierarchicalTestEngine.java:54)
	at org.junit.platform.launcher.core.EngineExecutionOrchestrator.execute(EngineExecutionOrchestrator.java:107)
	at org.junit.platform.launcher.core.EngineExecutionOrchestrator.execute(EngineExecutionOrchestrator.java:88)
	at org.junit.platform.launcher.core.EngineExecutionOrchestrator.lambda$execute$0(EngineExecutionOrchestrator.java:54)
	at org.junit.platform.launcher.core.EngineExecutionOrchestrator.withInterceptedStreams(EngineExecutionOrchestrator.java:67)
	at org.junit.platform.launcher.core.EngineExecutionOrchestrator.execute(EngineExecutionOrchestrator.java:52)
	at org.junit.platform.launcher.core.DefaultLauncher.execute(DefaultLauncher.java:114)
	at org.junit.platform.launcher.core.DefaultLauncher.execute(DefaultLauncher.java:86)
	at org.junit.platform.launcher.core.DefaultLauncherSession$DelegatingLauncher.execute(DefaultLauncherSession.java:86)
	at org.junit.platform.launcher.core.SessionPerRequestLauncher.execute(SessionPerRequestLauncher.java:53)
	at org.apache.maven.surefire.junitplatform.JUnitPlatformProvider.execute(JUnitPlatformProvider.java:188)
	at org.apache.maven.surefire.junitplatform.JUnitPlatformProvider.invokeAllTests(JUnitPlatformProvider.java:154)
	at org.apache.maven.surefire.junitplatform.JUnitPlatformProvider.invoke(JUnitPlatformProvider.java:124)
	at org.apache.maven.surefire.booter.ForkedBooter.runSuitesInProcess(ForkedBooter.java:428)
	at org.apache.maven.surefire.booter.ForkedBooter.execute(ForkedBooter.java:162)
	at org.apache.maven.surefire.booter.ForkedBooter.run(ForkedBooter.java:562)
	at org.apache.maven.surefire.booter.ForkedBooter.main(ForkedBooter.java:548)

Nov 18, 2022 1:06:03 PM org.apache.ratis.thirdparty.io.grpc.internal.ManagedChannelOrphanWrapper$ManagedChannelReference cleanQueue
SEVERE: *~*~*~ Channel ManagedChannelImpl{logId=173, target=10.1.0.56:38047} was not shutdown properly!!! ~*~*~*
    Make sure to call shutdown()/shutdownNow() and wait until awaitTermination() returns true.
java.lang.RuntimeException: ManagedChannel allocation site
	at org.apache.ratis.thirdparty.io.grpc.internal.ManagedChannelOrphanWrapper$ManagedChannelReference.<init>(ManagedChannelOrphanWrapper.java:93)
	at org.apache.ratis.thirdparty.io.grpc.internal.ManagedChannelOrphanWrapper.<init>(ManagedChannelOrphanWrapper.java:53)
	at org.apache.ratis.thirdparty.io.grpc.internal.ManagedChannelOrphanWrapper.<init>(ManagedChannelOrphanWrapper.java:44)
	at org.apache.ratis.thirdparty.io.grpc.internal.ManagedChannelImplBuilder.build(ManagedChannelImplBuilder.java:630)
	at org.apache.ratis.thirdparty.io.grpc.internal.AbstractManagedChannelImplBuilder.build(AbstractManagedChannelImplBuilder.java:297)
	at org.apache.hadoop.hdds.scm.XceiverClientGrpc.connectToDatanode(XceiverClientGrpc.java:205)
	at org.apache.hadoop.hdds.scm.XceiverClientGrpc.connect(XceiverClientGrpc.java:158)
	at org.apache.hadoop.hdds.scm.XceiverClientManager$2.call(XceiverClientManager.java:243)
	at org.apache.hadoop.hdds.scm.XceiverClientManager$2.call(XceiverClientManager.java:224)
	at com.google.common.cache.LocalCache$LocalManualCache$1.load(LocalCache.java:4868)
	at com.google.common.cache.LocalCache$LoadingValueReference.loadFuture(LocalCache.java:3533)
	at com.google.common.cache.LocalCache$Segment.loadSync(LocalCache.java:2282)
	at com.google.common.cache.LocalCache$Segment.lockedGetOrLoad(LocalCache.java:2159)
	at com.google.common.cache.LocalCache$Segment.get(LocalCache.java:2049)
	at com.google.common.cache.LocalCache.get(LocalCache.java:3966)
	at com.google.common.cache.LocalCache$LocalManualCache.get(LocalCache.java:4863)
	at org.apache.hadoop.hdds.scm.XceiverClientManager.getClient(XceiverClientManager.java:224)
	at org.apache.hadoop.hdds.scm.XceiverClientManager.acquireClient(XceiverClientManager.java:168)
	at org.apache.hadoop.hdds.scm.XceiverClientManager.acquireClient(XceiverClientManager.java:141)
	at org.apache.hadoop.hdds.scm.storage.BlockOutputStream.<init>(BlockOutputStream.java:161)
	at org.apache.hadoop.hdds.scm.storage.ECBlockOutputStream.<init>(ECBlockOutputStream.java:78)
	at org.apache.hadoop.ozone.client.io.ECBlockOutputStreamEntry.checkStream(ECBlockOutputStreamEntry.java:101)
	at org.apache.hadoop.ozone.client.io.BlockOutputStreamEntry.write(BlockOutputStreamEntry.java:123)
	at org.apache.hadoop.ozone.client.io.ECKeyOutputStream.writeToOutputStream(ECKeyOutputStream.java:408)
	at org.apache.hadoop.ozone.client.io.ECKeyOutputStream.handleOutputStreamWrite(ECKeyOutputStream.java:392)
	at org.apache.hadoop.ozone.client.io.ECKeyOutputStream.close(ECKeyOutputStream.java:490)
	at org.apache.hadoop.ozone.client.io.OzoneOutputStream.close(OzoneOutputStream.java:61)
	at org.apache.hadoop.ozone.TestDataUtil.createKey(TestDataUtil.java:115)
	at org.apache.hadoop.ozone.scm.node.TestDecommissionAndMaintenance.generateData(TestDecommissionAndMaintenance.java:621)
	at org.apache.hadoop.ozone.scm.node.TestDecommissionAndMaintenance.testNodeWithOpenPipelineCanBeDecommissionedAndRecommissioned(TestDecommissionAndMaintenance.java:181)
	at sun.reflect.NativeMethodAccessorImpl.invoke0(Native Method)
	at sun.reflect.NativeMethodAccessorImpl.invoke(NativeMethodAccessorImpl.java:62)
	at sun.reflect.DelegatingMethodAccessorImpl.invoke(DelegatingMethodAccessorImpl.java:43)
	at java.lang.reflect.Method.invoke(Method.java:498)
	at org.junit.platform.commons.util.ReflectionUtils.invokeMethod(ReflectionUtils.java:725)
	at org.junit.jupiter.engine.execution.MethodInvocation.proceed(MethodInvocation.java:60)
	at org.junit.jupiter.engine.execution.InvocationInterceptorChain$ValidatingInvocation.proceed(InvocationInterceptorChain.java:131)
	at org.junit.jupiter.engine.extension.TimeoutExtension.intercept(TimeoutExtension.java:149)
	at org.junit.jupiter.engine.extension.TimeoutExtension.interceptTestableMethod(TimeoutExtension.java:140)
	at org.junit.jupiter.engine.extension.TimeoutExtension.interceptTestMethod(TimeoutExtension.java:84)
	at org.junit.jupiter.engine.execution.ExecutableInvoker$ReflectiveInterceptorCall.lambda$ofVoidMethod$0(ExecutableInvoker.java:115)
	at org.junit.jupiter.engine.execution.ExecutableInvoker.lambda$invoke$0(ExecutableInvoker.java:105)
	at org.junit.jupiter.engine.execution.InvocationInterceptorChain$InterceptedInvocation.proceed(InvocationInterceptorChain.java:106)
	at org.junit.jupiter.engine.execution.InvocationInterceptorChain.proceed(InvocationInterceptorChain.java:64)
	at org.junit.jupiter.engine.execution.InvocationInterceptorChain.chainAndInvoke(InvocationInterceptorChain.java:45)
	at org.junit.jupiter.engine.execution.InvocationInterceptorChain.invoke(InvocationInterceptorChain.java:37)
	at org.junit.jupiter.engine.execution.ExecutableInvoker.invoke(ExecutableInvoker.java:104)
	at org.junit.jupiter.engine.execution.ExecutableInvoker.invoke(ExecutableInvoker.java:98)
	at org.junit.jupiter.engine.descriptor.TestMethodTestDescriptor.lambda$invokeTestMethod$7(TestMethodTestDescriptor.java:214)
	at org.junit.platform.engine.support.hierarchical.ThrowableCollector.execute(ThrowableCollector.java:73)
	at org.junit.jupiter.engine.descriptor.TestMethodTestDescriptor.invokeTestMethod(TestMethodTestDescriptor.java:210)
	at org.junit.jupiter.engine.descriptor.TestMethodTestDescriptor.execute(TestMethodTestDescriptor.java:135)
	at org.junit.jupiter.engine.descriptor.TestMethodTestDescriptor.execute(TestMethodTestDescriptor.java:66)
	at org.junit.platform.engine.support.hierarchical.NodeTestTask.lambda$executeRecursively$6(NodeTestTask.java:151)
	at org.junit.platform.engine.support.hierarchical.ThrowableCollector.execute(ThrowableCollector.java:73)
	at org.junit.platform.engine.support.hierarchical.NodeTestTask.lambda$executeRecursively$8(NodeTestTask.java:141)
	at org.junit.platform.engine.support.hierarchical.Node.around(Node.java:137)
	at org.junit.platform.engine.support.hierarchical.NodeTestTask.lambda$executeRecursively$9(NodeTestTask.java:139)
	at org.junit.platform.engine.support.hierarchical.ThrowableCollector.execute(ThrowableCollector.java:73)
	at org.junit.platform.engine.support.hierarchical.NodeTestTask.executeRecursively(NodeTestTask.java:138)
	at org.junit.platform.engine.support.hierarchical.NodeTestTask.execute(NodeTestTask.java:95)
	at java.util.ArrayList.forEach(ArrayList.java:1259)
	at org.junit.platform.engine.support.hierarchical.SameThreadHierarchicalTestExecutorService.invokeAll(SameThreadHierarchicalTestExecutorService.java:41)
	at org.junit.platform.engine.support.hierarchical.NodeTestTask.lambda$executeRecursively$6(NodeTestTask.java:155)
	at org.junit.platform.engine.support.hierarchical.ThrowableCollector.execute(ThrowableCollector.java:73)
	at org.junit.platform.engine.support.hierarchical.NodeTestTask.lambda$executeRecursively$8(NodeTestTask.java:141)
	at org.junit.platform.engine.support.hierarchical.Node.around(Node.java:137)
	at org.junit.platform.engine.support.hierarchical.NodeTestTask.lambda$executeRecursively$9(NodeTestTask.java:139)
	at org.junit.platform.engine.support.hierarchical.ThrowableCollector.execute(ThrowableCollector.java:73)
	at org.junit.platform.engine.support.hierarchical.NodeTestTask.executeRecursively(NodeTestTask.java:138)
	at org.junit.platform.engine.support.hierarchical.NodeTestTask.execute(NodeTestTask.java:95)
	at java.util.ArrayList.forEach(ArrayList.java:1259)
	at org.junit.platform.engine.support.hierarchical.SameThreadHierarchicalTestExecutorService.invokeAll(SameThreadHierarchicalTestExecutorService.java:41)
	at org.junit.platform.engine.support.hierarchical.NodeTestTask.lambda$executeRecursively$6(NodeTestTask.java:155)
	at org.junit.platform.engine.support.hierarchical.ThrowableCollector.execute(ThrowableCollector.java:73)
	at org.junit.platform.engine.support.hierarchical.NodeTestTask.lambda$executeRecursively$8(NodeTestTask.java:141)
	at org.junit.platform.engine.support.hierarchical.Node.around(Node.java:137)
	at org.junit.platform.engine.support.hierarchical.NodeTestTask.lambda$executeRecursively$9(NodeTestTask.java:139)
	at org.junit.platform.engine.support.hierarchical.ThrowableCollector.execute(ThrowableCollector.java:73)
	at org.junit.platform.engine.support.hierarchical.NodeTestTask.executeRecursively(NodeTestTask.java:138)
	at org.junit.platform.engine.support.hierarchical.NodeTestTask.execute(NodeTestTask.java:95)
	at org.junit.platform.engine.support.hierarchical.SameThreadHierarchicalTestExecutorService.submit(SameThreadHierarchicalTestExecutorService.java:35)
	at org.junit.platform.engine.support.hierarchical.HierarchicalTestExecutor.execute(HierarchicalTestExecutor.java:57)
	at org.junit.platform.engine.support.hierarchical.HierarchicalTestEngine.execute(HierarchicalTestEngine.java:54)
	at org.junit.platform.launcher.core.EngineExecutionOrchestrator.execute(EngineExecutionOrchestrator.java:107)
	at org.junit.platform.launcher.core.EngineExecutionOrchestrator.execute(EngineExecutionOrchestrator.java:88)
	at org.junit.platform.launcher.core.EngineExecutionOrchestrator.lambda$execute$0(EngineExecutionOrchestrator.java:54)
	at org.junit.platform.launcher.core.EngineExecutionOrchestrator.withInterceptedStreams(EngineExecutionOrchestrator.java:67)
	at org.junit.platform.launcher.core.EngineExecutionOrchestrator.execute(EngineExecutionOrchestrator.java:52)
	at org.junit.platform.launcher.core.DefaultLauncher.execute(DefaultLauncher.java:114)
	at org.junit.platform.launcher.core.DefaultLauncher.execute(DefaultLauncher.java:86)
	at org.junit.platform.launcher.core.DefaultLauncherSession$DelegatingLauncher.execute(DefaultLauncherSession.java:86)
	at org.junit.platform.launcher.core.SessionPerRequestLauncher.execute(SessionPerRequestLauncher.java:53)
	at org.apache.maven.surefire.junitplatform.JUnitPlatformProvider.execute(JUnitPlatformProvider.java:188)
	at org.apache.maven.surefire.junitplatform.JUnitPlatformProvider.invokeAllTests(JUnitPlatformProvider.java:154)
	at org.apache.maven.surefire.junitplatform.JUnitPlatformProvider.invoke(JUnitPlatformProvider.java:124)
	at org.apache.maven.surefire.booter.ForkedBooter.runSuitesInProcess(ForkedBooter.java:428)
	at org.apache.maven.surefire.booter.ForkedBooter.execute(ForkedBooter.java:162)
	at org.apache.maven.surefire.booter.ForkedBooter.run(ForkedBooter.java:562)
	at org.apache.maven.surefire.booter.ForkedBooter.main(ForkedBooter.java:548)

Nov 18, 2022 1:06:03 PM org.apache.ratis.thirdparty.io.grpc.internal.ManagedChannelOrphanWrapper$ManagedChannelReference cleanQueue
SEVERE: *~*~*~ Channel ManagedChannelImpl{logId=262, target=10.1.0.56:38047} was not shutdown properly!!! ~*~*~*
    Make sure to call shutdown()/shutdownNow() and wait until awaitTermination() returns true.
java.lang.RuntimeException: ManagedChannel allocation site
	at org.apache.ratis.thirdparty.io.grpc.internal.ManagedChannelOrphanWrapper$ManagedChannelReference.<init>(ManagedChannelOrphanWrapper.java:93)
	at org.apache.ratis.thirdparty.io.grpc.internal.ManagedChannelOrphanWrapper.<init>(ManagedChannelOrphanWrapper.java:53)
	at org.apache.ratis.thirdparty.io.grpc.internal.ManagedChannelOrphanWrapper.<init>(ManagedChannelOrphanWrapper.java:44)
	at org.apache.ratis.thirdparty.io.grpc.internal.ManagedChannelImplBuilder.build(ManagedChannelImplBuilder.java:630)
	at org.apache.ratis.thirdparty.io.grpc.internal.AbstractManagedChannelImplBuilder.build(AbstractManagedChannelImplBuilder.java:297)
	at org.apache.hadoop.hdds.scm.XceiverClientGrpc.connectToDatanode(XceiverClientGrpc.java:205)
	at org.apache.hadoop.hdds.scm.XceiverClientGrpc.connect(XceiverClientGrpc.java:158)
	at org.apache.hadoop.hdds.scm.XceiverClientManager$2.call(XceiverClientManager.java:243)
	at org.apache.hadoop.hdds.scm.XceiverClientManager$2.call(XceiverClientManager.java:224)
	at com.google.common.cache.LocalCache$LocalManualCache$1.load(LocalCache.java:4868)
	at com.google.common.cache.LocalCache$LoadingValueReference.loadFuture(LocalCache.java:3533)
	at com.google.common.cache.LocalCache$Segment.loadSync(LocalCache.java:2282)
	at com.google.common.cache.LocalCache$Segment.lockedGetOrLoad(LocalCache.java:2159)
	at com.google.common.cache.LocalCache$Segment.get(LocalCache.java:2049)
	at com.google.common.cache.LocalCache.get(LocalCache.java:3966)
	at com.google.common.cache.LocalCache$LocalManualCache.get(LocalCache.java:4863)
	at org.apache.hadoop.hdds.scm.XceiverClientManager.getClient(XceiverClientManager.java:224)
	at org.apache.hadoop.hdds.scm.XceiverClientManager.acquireClient(XceiverClientManager.java:168)
	at org.apache.hadoop.hdds.scm.XceiverClientManager.acquireClient(XceiverClientManager.java:141)
	at org.apache.hadoop.hdds.scm.storage.BlockOutputStream.<init>(BlockOutputStream.java:161)
	at org.apache.hadoop.hdds.scm.storage.ECBlockOutputStream.<init>(ECBlockOutputStream.java:78)
	at org.apache.hadoop.ozone.client.io.ECBlockOutputStreamEntry.checkStream(ECBlockOutputStreamEntry.java:101)
	at org.apache.hadoop.ozone.client.io.BlockOutputStreamEntry.write(BlockOutputStreamEntry.java:123)
	at org.apache.hadoop.ozone.client.io.ECKeyOutputStream.writeToOutputStream(ECKeyOutputStream.java:408)
	at org.apache.hadoop.ozone.client.io.ECKeyOutputStream.handleOutputStreamWrite(ECKeyOutputStream.java:392)
	at org.apache.hadoop.ozone.client.io.ECKeyOutputStream.close(ECKeyOutputStream.java:490)
	at org.apache.hadoop.ozone.client.io.OzoneOutputStream.close(OzoneOutputStream.java:61)
	at org.apache.hadoop.ozone.TestDataUtil.createKey(TestDataUtil.java:115)
	at org.apache.hadoop.ozone.scm.node.TestDecommissionAndMaintenance.generateData(TestDecommissionAndMaintenance.java:621)
	at org.apache.hadoop.ozone.scm.node.TestDecommissionAndMaintenance.testNodeWithOpenPipelineCanBeDecommissionedAndRecommissioned(TestDecommissionAndMaintenance.java:181)
	at sun.reflect.NativeMethodAccessorImpl.invoke0(Native Method)
	at sun.reflect.NativeMethodAccessorImpl.invoke(NativeMethodAccessorImpl.java:62)
	at sun.reflect.DelegatingMethodAccessorImpl.invoke(DelegatingMethodAccessorImpl.java:43)
	at java.lang.reflect.Method.invoke(Method.java:498)
	at org.junit.platform.commons.util.ReflectionUtils.invokeMethod(ReflectionUtils.java:725)
	at org.junit.jupiter.engine.execution.MethodInvocation.proceed(MethodInvocation.java:60)
	at org.junit.jupiter.engine.execution.InvocationInterceptorChain$ValidatingInvocation.proceed(InvocationInterceptorChain.java:131)
	at org.junit.jupiter.engine.extension.TimeoutExtension.intercept(TimeoutExtension.java:149)
	at org.junit.jupiter.engine.extension.TimeoutExtension.interceptTestableMethod(TimeoutExtension.java:140)
	at org.junit.jupiter.engine.extension.TimeoutExtension.interceptTestMethod(TimeoutExtension.java:84)
	at org.junit.jupiter.engine.execution.ExecutableInvoker$ReflectiveInterceptorCall.lambda$ofVoidMethod$0(ExecutableInvoker.java:115)
	at org.junit.jupiter.engine.execution.ExecutableInvoker.lambda$invoke$0(ExecutableInvoker.java:105)
	at org.junit.jupiter.engine.execution.InvocationInterceptorChain$InterceptedInvocation.proceed(InvocationInterceptorChain.java:106)
	at org.junit.jupiter.engine.execution.InvocationInterceptorChain.proceed(InvocationInterceptorChain.java:64)
	at org.junit.jupiter.engine.execution.InvocationInterceptorChain.chainAndInvoke(InvocationInterceptorChain.java:45)
	at org.junit.jupiter.engine.execution.InvocationInterceptorChain.invoke(InvocationInterceptorChain.java:37)
	at org.junit.jupiter.engine.execution.ExecutableInvoker.invoke(ExecutableInvoker.java:104)
	at org.junit.jupiter.engine.execution.ExecutableInvoker.invoke(ExecutableInvoker.java:98)
	at org.junit.jupiter.engine.descriptor.TestMethodTestDescriptor.lambda$invokeTestMethod$7(TestMethodTestDescriptor.java:214)
	at org.junit.platform.engine.support.hierarchical.ThrowableCollector.execute(ThrowableCollector.java:73)
	at org.junit.jupiter.engine.descriptor.TestMethodTestDescriptor.invokeTestMethod(TestMethodTestDescriptor.java:210)
	at org.junit.jupiter.engine.descriptor.TestMethodTestDescriptor.execute(TestMethodTestDescriptor.java:135)
	at org.junit.jupiter.engine.descriptor.TestMethodTestDescriptor.execute(TestMethodTestDescriptor.java:66)
	at org.junit.platform.engine.support.hierarchical.NodeTestTask.lambda$executeRecursively$6(NodeTestTask.java:151)
	at org.junit.platform.engine.support.hierarchical.ThrowableCollector.execute(ThrowableCollector.java:73)
	at org.junit.platform.engine.support.hierarchical.NodeTestTask.lambda$executeRecursively$8(NodeTestTask.java:141)
	at org.junit.platform.engine.support.hierarchical.Node.around(Node.java:137)
	at org.junit.platform.engine.support.hierarchical.NodeTestTask.lambda$executeRecursively$9(NodeTestTask.java:139)
	at org.junit.platform.engine.support.hierarchical.ThrowableCollector.execute(ThrowableCollector.java:73)
	at org.junit.platform.engine.support.hierarchical.NodeTestTask.executeRecursively(NodeTestTask.java:138)
	at org.junit.platform.engine.support.hierarchical.NodeTestTask.execute(NodeTestTask.java:95)
	at java.util.ArrayList.forEach(ArrayList.java:1259)
	at org.junit.platform.engine.support.hierarchical.SameThreadHierarchicalTestExecutorService.invokeAll(SameThreadHierarchicalTestExecutorService.java:41)
	at org.junit.platform.engine.support.hierarchical.NodeTestTask.lambda$executeRecursively$6(NodeTestTask.java:155)
	at org.junit.platform.engine.support.hierarchical.ThrowableCollector.execute(ThrowableCollector.java:73)
	at org.junit.platform.engine.support.hierarchical.NodeTestTask.lambda$executeRecursively$8(NodeTestTask.java:141)
	at org.junit.platform.engine.support.hierarchical.Node.around(Node.java:137)
	at org.junit.platform.engine.support.hierarchical.NodeTestTask.lambda$executeRecursively$9(NodeTestTask.java:139)
	at org.junit.platform.engine.support.hierarchical.ThrowableCollector.execute(ThrowableCollector.java:73)
	at org.junit.platform.engine.support.hierarchical.NodeTestTask.executeRecursively(NodeTestTask.java:138)
	at org.junit.platform.engine.support.hierarchical.NodeTestTask.execute(NodeTestTask.java:95)
	at java.util.ArrayList.forEach(ArrayList.java:1259)
	at org.junit.platform.engine.support.hierarchical.SameThreadHierarchicalTestExecutorService.invokeAll(SameThreadHierarchicalTestExecutorService.java:41)
	at org.junit.platform.engine.support.hierarchical.NodeTestTask.lambda$executeRecursively$6(NodeTestTask.java:155)
	at org.junit.platform.engine.support.hierarchical.ThrowableCollector.execute(ThrowableCollector.java:73)
	at org.junit.platform.engine.support.hierarchical.NodeTestTask.lambda$executeRecursively$8(NodeTestTask.java:141)
	at org.junit.platform.engine.support.hierarchical.Node.around(Node.java:137)
	at org.junit.platform.engine.support.hierarchical.NodeTestTask.lambda$executeRecursively$9(NodeTestTask.java:139)
	at org.junit.platform.engine.support.hierarchical.ThrowableCollector.execute(ThrowableCollector.java:73)
	at org.junit.platform.engine.support.hierarchical.NodeTestTask.executeRecursively(NodeTestTask.java:138)
	at org.junit.platform.engine.support.hierarchical.NodeTestTask.execute(NodeTestTask.java:95)
	at org.junit.platform.engine.support.hierarchical.SameThreadHierarchicalTestExecutorService.submit(SameThreadHierarchicalTestExecutorService.java:35)
	at org.junit.platform.engine.support.hierarchical.HierarchicalTestExecutor.execute(HierarchicalTestExecutor.java:57)
	at org.junit.platform.engine.support.hierarchical.HierarchicalTestEngine.execute(HierarchicalTestEngine.java:54)
	at org.junit.platform.launcher.core.EngineExecutionOrchestrator.execute(EngineExecutionOrchestrator.java:107)
	at org.junit.platform.launcher.core.EngineExecutionOrchestrator.execute(EngineExecutionOrchestrator.java:88)
	at org.junit.platform.launcher.core.EngineExecutionOrchestrator.lambda$execute$0(EngineExecutionOrchestrator.java:54)
	at org.junit.platform.launcher.core.EngineExecutionOrchestrator.withInterceptedStreams(EngineExecutionOrchestrator.java:67)
	at org.junit.platform.launcher.core.EngineExecutionOrchestrator.execute(EngineExecutionOrchestrator.java:52)
	at org.junit.platform.launcher.core.DefaultLauncher.execute(DefaultLauncher.java:114)
	at org.junit.platform.launcher.core.DefaultLauncher.execute(DefaultLauncher.java:86)
	at org.junit.platform.launcher.core.DefaultLauncherSession$DelegatingLauncher.execute(DefaultLauncherSession.java:86)
	at org.junit.platform.launcher.core.SessionPerRequestLauncher.execute(SessionPerRequestLauncher.java:53)
	at org.apache.maven.surefire.junitplatform.JUnitPlatformProvider.execute(JUnitPlatformProvider.java:188)
	at org.apache.maven.surefire.junitplatform.JUnitPlatformProvider.invokeAllTests(JUnitPlatformProvider.java:154)
	at org.apache.maven.surefire.junitplatform.JUnitPlatformProvider.invoke(JUnitPlatformProvider.java:124)
	at org.apache.maven.surefire.booter.ForkedBooter.runSuitesInProcess(ForkedBooter.java:428)
	at org.apache.maven.surefire.booter.ForkedBooter.execute(ForkedBooter.java:162)
	at org.apache.maven.surefire.booter.ForkedBooter.run(ForkedBooter.java:562)
	at org.apache.maven.surefire.booter.ForkedBooter.main(ForkedBooter.java:548)

Nov 18, 2022 1:06:03 PM org.apache.ratis.thirdparty.io.grpc.internal.ManagedChannelOrphanWrapper$ManagedChannelReference cleanQueue
SEVERE: *~*~*~ Channel ManagedChannelImpl{logId=204, target=10.1.0.56:44139} was not shutdown properly!!! ~*~*~*
    Make sure to call shutdown()/shutdownNow() and wait until awaitTermination() returns true.
java.lang.RuntimeException: ManagedChannel allocation site
	at org.apache.ratis.thirdparty.io.grpc.internal.ManagedChannelOrphanWrapper$ManagedChannelReference.<init>(ManagedChannelOrphanWrapper.java:93)
	at org.apache.ratis.thirdparty.io.grpc.internal.ManagedChannelOrphanWrapper.<init>(ManagedChannelOrphanWrapper.java:53)
	at org.apache.ratis.thirdparty.io.grpc.internal.ManagedChannelOrphanWrapper.<init>(ManagedChannelOrphanWrapper.java:44)
	at org.apache.ratis.thirdparty.io.grpc.internal.ManagedChannelImplBuilder.build(ManagedChannelImplBuilder.java:630)
	at org.apache.ratis.thirdparty.io.grpc.internal.AbstractManagedChannelImplBuilder.build(AbstractManagedChannelImplBuilder.java:297)
	at org.apache.hadoop.hdds.scm.XceiverClientGrpc.connectToDatanode(XceiverClientGrpc.java:205)
	at org.apache.hadoop.hdds.scm.XceiverClientGrpc.connect(XceiverClientGrpc.java:158)
	at org.apache.hadoop.hdds.scm.XceiverClientManager$2.call(XceiverClientManager.java:243)
	at org.apache.hadoop.hdds.scm.XceiverClientManager$2.call(XceiverClientManager.java:224)
	at com.google.common.cache.LocalCache$LocalManualCache$1.load(LocalCache.java:4868)
	at com.google.common.cache.LocalCache$LoadingValueReference.loadFuture(LocalCache.java:3533)
	at com.google.common.cache.LocalCache$Segment.loadSync(LocalCache.java:2282)
	at com.google.common.cache.LocalCache$Segment.lockedGetOrLoad(LocalCache.java:2159)
	at com.google.common.cache.LocalCache$Segment.get(LocalCache.java:2049)
	at com.google.common.cache.LocalCache.get(LocalCache.java:3966)
	at com.google.common.cache.LocalCache$LocalManualCache.get(LocalCache.java:4863)
	at org.apache.hadoop.hdds.scm.XceiverClientManager.getClient(XceiverClientManager.java:224)
	at org.apache.hadoop.hdds.scm.XceiverClientManager.acquireClient(XceiverClientManager.java:168)
	at org.apache.hadoop.hdds.scm.XceiverClientManager.acquireClient(XceiverClientManager.java:141)
	at org.apache.hadoop.hdds.scm.storage.BlockOutputStream.<init>(BlockOutputStream.java:161)
	at org.apache.hadoop.hdds.scm.storage.ECBlockOutputStream.<init>(ECBlockOutputStream.java:78)
	at org.apache.hadoop.ozone.client.io.ECBlockOutputStreamEntry.checkStream(ECBlockOutputStreamEntry.java:101)
	at org.apache.hadoop.ozone.client.io.BlockOutputStreamEntry.write(BlockOutputStreamEntry.java:123)
	at org.apache.hadoop.ozone.client.io.ECKeyOutputStream.writeToOutputStream(ECKeyOutputStream.java:408)
	at org.apache.hadoop.ozone.client.io.ECKeyOutputStream.handleOutputStreamWrite(ECKeyOutputStream.java:392)
	at org.apache.hadoop.ozone.client.io.ECKeyOutputStream.close(ECKeyOutputStream.java:490)
	at org.apache.hadoop.ozone.client.io.OzoneOutputStream.close(OzoneOutputStream.java:61)
	at org.apache.hadoop.ozone.TestDataUtil.createKey(TestDataUtil.java:115)
	at org.apache.hadoop.ozone.scm.node.TestDecommissionAndMaintenance.generateData(TestDecommissionAndMaintenance.java:621)
	at org.apache.hadoop.ozone.scm.node.TestDecommissionAndMaintenance.testNodeWithOpenPipelineCanBeDecommissionedAndRecommissioned(TestDecommissionAndMaintenance.java:181)
	at sun.reflect.NativeMethodAccessorImpl.invoke0(Native Method)
	at sun.reflect.NativeMethodAccessorImpl.invoke(NativeMethodAccessorImpl.java:62)
	at sun.reflect.DelegatingMethodAccessorImpl.invoke(DelegatingMethodAccessorImpl.java:43)
	at java.lang.reflect.Method.invoke(Method.java:498)
	at org.junit.platform.commons.util.ReflectionUtils.invokeMethod(ReflectionUtils.java:725)
	at org.junit.jupiter.engine.execution.MethodInvocation.proceed(MethodInvocation.java:60)
	at org.junit.jupiter.engine.execution.InvocationInterceptorChain$ValidatingInvocation.proceed(InvocationInterceptorChain.java:131)
	at org.junit.jupiter.engine.extension.TimeoutExtension.intercept(TimeoutExtension.java:149)
	at org.junit.jupiter.engine.extension.TimeoutExtension.interceptTestableMethod(TimeoutExtension.java:140)
	at org.junit.jupiter.engine.extension.TimeoutExtension.interceptTestMethod(TimeoutExtension.java:84)
	at org.junit.jupiter.engine.execution.ExecutableInvoker$ReflectiveInterceptorCall.lambda$ofVoidMethod$0(ExecutableInvoker.java:115)
	at org.junit.jupiter.engine.execution.ExecutableInvoker.lambda$invoke$0(ExecutableInvoker.java:105)
	at org.junit.jupiter.engine.execution.InvocationInterceptorChain$InterceptedInvocation.proceed(InvocationInterceptorChain.java:106)
	at org.junit.jupiter.engine.execution.InvocationInterceptorChain.proceed(InvocationInterceptorChain.java:64)
	at org.junit.jupiter.engine.execution.InvocationInterceptorChain.chainAndInvoke(InvocationInterceptorChain.java:45)
	at org.junit.jupiter.engine.execution.InvocationInterceptorChain.invoke(InvocationInterceptorChain.java:37)
	at org.junit.jupiter.engine.execution.ExecutableInvoker.invoke(ExecutableInvoker.java:104)
	at org.junit.jupiter.engine.execution.ExecutableInvoker.invoke(ExecutableInvoker.java:98)
	at org.junit.jupiter.engine.descriptor.TestMethodTestDescriptor.lambda$invokeTestMethod$7(TestMethodTestDescriptor.java:214)
	at org.junit.platform.engine.support.hierarchical.ThrowableCollector.execute(ThrowableCollector.java:73)
	at org.junit.jupiter.engine.descriptor.TestMethodTestDescriptor.invokeTestMethod(TestMethodTestDescriptor.java:210)
	at org.junit.jupiter.engine.descriptor.TestMethodTestDescriptor.execute(TestMethodTestDescriptor.java:135)
	at org.junit.jupiter.engine.descriptor.TestMethodTestDescriptor.execute(TestMethodTestDescriptor.java:66)
	at org.junit.platform.engine.support.hierarchical.NodeTestTask.lambda$executeRecursively$6(NodeTestTask.java:151)
	at org.junit.platform.engine.support.hierarchical.ThrowableCollector.execute(ThrowableCollector.java:73)
	at org.junit.platform.engine.support.hierarchical.NodeTestTask.lambda$executeRecursively$8(NodeTestTask.java:141)
	at org.junit.platform.engine.support.hierarchical.Node.around(Node.java:137)
	at org.junit.platform.engine.support.hierarchical.NodeTestTask.lambda$executeRecursively$9(NodeTestTask.java:139)
	at org.junit.platform.engine.support.hierarchical.ThrowableCollector.execute(ThrowableCollector.java:73)
	at org.junit.platform.engine.support.hierarchical.NodeTestTask.executeRecursively(NodeTestTask.java:138)
	at org.junit.platform.engine.support.hierarchical.NodeTestTask.execute(NodeTestTask.java:95)
	at java.util.ArrayList.forEach(ArrayList.java:1259)
	at org.junit.platform.engine.support.hierarchical.SameThreadHierarchicalTestExecutorService.invokeAll(SameThreadHierarchicalTestExecutorService.java:41)
	at org.junit.platform.engine.support.hierarchical.NodeTestTask.lambda$executeRecursively$6(NodeTestTask.java:155)
	at org.junit.platform.engine.support.hierarchical.ThrowableCollector.execute(ThrowableCollector.java:73)
	at org.junit.platform.engine.support.hierarchical.NodeTestTask.lambda$executeRecursively$8(NodeTestTask.java:141)
	at org.junit.platform.engine.support.hierarchical.Node.around(Node.java:137)
	at org.junit.platform.engine.support.hierarchical.NodeTestTask.lambda$executeRecursively$9(NodeTestTask.java:139)
	at org.junit.platform.engine.support.hierarchical.ThrowableCollector.execute(ThrowableCollector.java:73)
	at org.junit.platform.engine.support.hierarchical.NodeTestTask.executeRecursively(NodeTestTask.java:138)
	at org.junit.platform.engine.support.hierarchical.NodeTestTask.execute(NodeTestTask.java:95)
	at java.util.ArrayList.forEach(ArrayList.java:1259)
	at org.junit.platform.engine.support.hierarchical.SameThreadHierarchicalTestExecutorService.invokeAll(SameThreadHierarchicalTestExecutorService.java:41)
	at org.junit.platform.engine.support.hierarchical.NodeTestTask.lambda$executeRecursively$6(NodeTestTask.java:155)
	at org.junit.platform.engine.support.hierarchical.ThrowableCollector.execute(ThrowableCollector.java:73)
	at org.junit.platform.engine.support.hierarchical.NodeTestTask.lambda$executeRecursively$8(NodeTestTask.java:141)
	at org.junit.platform.engine.support.hierarchical.Node.around(Node.java:137)
	at org.junit.platform.engine.support.hierarchical.NodeTestTask.lambda$executeRecursively$9(NodeTestTask.java:139)
	at org.junit.platform.engine.support.hierarchical.ThrowableCollector.execute(ThrowableCollector.java:73)
	at org.junit.platform.engine.support.hierarchical.NodeTestTask.executeRecursively(NodeTestTask.java:138)
	at org.junit.platform.engine.support.hierarchical.NodeTestTask.execute(NodeTestTask.java:95)
	at org.junit.platform.engine.support.hierarchical.SameThreadHierarchicalTestExecutorService.submit(SameThreadHierarchicalTestExecutorService.java:35)
	at org.junit.platform.engine.support.hierarchical.HierarchicalTestExecutor.execute(HierarchicalTestExecutor.java:57)
	at org.junit.platform.engine.support.hierarchical.HierarchicalTestEngine.execute(HierarchicalTestEngine.java:54)
	at org.junit.platform.launcher.core.EngineExecutionOrchestrator.execute(EngineExecutionOrchestrator.java:107)
	at org.junit.platform.launcher.core.EngineExecutionOrchestrator.execute(EngineExecutionOrchestrator.java:88)
	at org.junit.platform.launcher.core.EngineExecutionOrchestrator.lambda$execute$0(EngineExecutionOrchestrator.java:54)
	at org.junit.platform.launcher.core.EngineExecutionOrchestrator.withInterceptedStreams(EngineExecutionOrchestrator.java:67)
	at org.junit.platform.launcher.core.EngineExecutionOrchestrator.execute(EngineExecutionOrchestrator.java:52)
	at org.junit.platform.launcher.core.DefaultLauncher.execute(DefaultLauncher.java:114)
	at org.junit.platform.launcher.core.DefaultLauncher.execute(DefaultLauncher.java:86)
	at org.junit.platform.launcher.core.DefaultLauncherSession$DelegatingLauncher.execute(DefaultLauncherSession.java:86)
	at org.junit.platform.launcher.core.SessionPerRequestLauncher.execute(SessionPerRequestLauncher.java:53)
	at org.apache.maven.surefire.junitplatform.JUnitPlatformProvider.execute(JUnitPlatformProvider.java:188)
	at org.apache.maven.surefire.junitplatform.JUnitPlatformProvider.invokeAllTests(JUnitPlatformProvider.java:154)
	at org.apache.maven.surefire.junitplatform.JUnitPlatformProvider.invoke(JUnitPlatformProvider.java:124)
	at org.apache.maven.surefire.booter.ForkedBooter.runSuitesInProcess(ForkedBooter.java:428)
	at org.apache.maven.surefire.booter.ForkedBooter.execute(ForkedBooter.java:162)
	at org.apache.maven.surefire.booter.ForkedBooter.run(ForkedBooter.java:562)
	at org.apache.maven.surefire.booter.ForkedBooter.main(ForkedBooter.java:548)

Nov 18, 2022 1:06:03 PM org.apache.ratis.thirdparty.io.grpc.internal.ManagedChannelOrphanWrapper$ManagedChannelReference cleanQueue
SEVERE: *~*~*~ Channel ManagedChannelImpl{logId=256, target=10.1.0.56:43263} was not shutdown properly!!! ~*~*~*
    Make sure to call shutdown()/shutdownNow() and wait until awaitTermination() returns true.
java.lang.RuntimeException: ManagedChannel allocation site
	at org.apache.ratis.thirdparty.io.grpc.internal.ManagedChannelOrphanWrapper$ManagedChannelReference.<init>(ManagedChannelOrphanWrapper.java:93)
	at org.apache.ratis.thirdparty.io.grpc.internal.ManagedChannelOrphanWrapper.<init>(ManagedChannelOrphanWrapper.java:53)
	at org.apache.ratis.thirdparty.io.grpc.internal.ManagedChannelOrphanWrapper.<init>(ManagedChannelOrphanWrapper.java:44)
	at org.apache.ratis.thirdparty.io.grpc.internal.ManagedChannelImplBuilder.build(ManagedChannelImplBuilder.java:630)
	at org.apache.ratis.thirdparty.io.grpc.internal.AbstractManagedChannelImplBuilder.build(AbstractManagedChannelImplBuilder.java:297)
	at org.apache.hadoop.hdds.scm.XceiverClientGrpc.connectToDatanode(XceiverClientGrpc.java:205)
	at org.apache.hadoop.hdds.scm.XceiverClientGrpc.connect(XceiverClientGrpc.java:158)
	at org.apache.hadoop.hdds.scm.XceiverClientManager$2.call(XceiverClientManager.java:243)
	at org.apache.hadoop.hdds.scm.XceiverClientManager$2.call(XceiverClientManager.java:224)
	at com.google.common.cache.LocalCache$LocalManualCache$1.load(LocalCache.java:4868)
	at com.google.common.cache.LocalCache$LoadingValueReference.loadFuture(LocalCache.java:3533)
	at com.google.common.cache.LocalCache$Segment.loadSync(LocalCache.java:2282)
	at com.google.common.cache.LocalCache$Segment.lockedGetOrLoad(LocalCache.java:2159)
	at com.google.common.cache.LocalCache$Segment.get(LocalCache.java:2049)
	at com.google.common.cache.LocalCache.get(LocalCache.java:3966)
	at com.google.common.cache.LocalCache$LocalManualCache.get(LocalCache.java:4863)
	at org.apache.hadoop.hdds.scm.XceiverClientManager.getClient(XceiverClientManager.java:224)
	at org.apache.hadoop.hdds.scm.XceiverClientManager.acquireClient(XceiverClientManager.java:168)
	at org.apache.hadoop.hdds.scm.XceiverClientManager.acquireClient(XceiverClientManager.java:141)
	at org.apache.hadoop.hdds.scm.storage.BlockOutputStream.<init>(BlockOutputStream.java:161)
	at org.apache.hadoop.hdds.scm.storage.ECBlockOutputStream.<init>(ECBlockOutputStream.java:78)
	at org.apache.hadoop.ozone.client.io.ECBlockOutputStreamEntry.checkStream(ECBlockOutputStreamEntry.java:101)
	at org.apache.hadoop.ozone.client.io.BlockOutputStreamEntry.write(BlockOutputStreamEntry.java:123)
	at org.apache.hadoop.ozone.client.io.ECKeyOutputStream.writeToOutputStream(ECKeyOutputStream.java:408)
	at org.apache.hadoop.ozone.client.io.ECKeyOutputStream.handleOutputStreamWrite(ECKeyOutputStream.java:392)
	at org.apache.hadoop.ozone.client.io.ECKeyOutputStream.close(ECKeyOutputStream.java:490)
	at org.apache.hadoop.ozone.client.io.OzoneOutputStream.close(OzoneOutputStream.java:61)
	at org.apache.hadoop.ozone.TestDataUtil.createKey(TestDataUtil.java:115)
	at org.apache.hadoop.ozone.scm.node.TestDecommissionAndMaintenance.generateData(TestDecommissionAndMaintenance.java:621)
	at org.apache.hadoop.ozone.scm.node.TestDecommissionAndMaintenance.testNodeWithOpenPipelineCanBeDecommissionedAndRecommissioned(TestDecommissionAndMaintenance.java:181)
	at sun.reflect.NativeMethodAccessorImpl.invoke0(Native Method)
	at sun.reflect.NativeMethodAccessorImpl.invoke(NativeMethodAccessorImpl.java:62)
	at sun.reflect.DelegatingMethodAccessorImpl.invoke(DelegatingMethodAccessorImpl.java:43)
	at java.lang.reflect.Method.invoke(Method.java:498)
	at org.junit.platform.commons.util.ReflectionUtils.invokeMethod(ReflectionUtils.java:725)
	at org.junit.jupiter.engine.execution.MethodInvocation.proceed(MethodInvocation.java:60)
	at org.junit.jupiter.engine.execution.InvocationInterceptorChain$ValidatingInvocation.proceed(InvocationInterceptorChain.java:131)
	at org.junit.jupiter.engine.extension.TimeoutExtension.intercept(TimeoutExtension.java:149)
	at org.junit.jupiter.engine.extension.TimeoutExtension.interceptTestableMethod(TimeoutExtension.java:140)
	at org.junit.jupiter.engine.extension.TimeoutExtension.interceptTestMethod(TimeoutExtension.java:84)
	at org.junit.jupiter.engine.execution.ExecutableInvoker$ReflectiveInterceptorCall.lambda$ofVoidMethod$0(ExecutableInvoker.java:115)
	at org.junit.jupiter.engine.execution.ExecutableInvoker.lambda$invoke$0(ExecutableInvoker.java:105)
	at org.junit.jupiter.engine.execution.InvocationInterceptorChain$InterceptedInvocation.proceed(InvocationInterceptorChain.java:106)
	at org.junit.jupiter.engine.execution.InvocationInterceptorChain.proceed(InvocationInterceptorChain.java:64)
	at org.junit.jupiter.engine.execution.InvocationInterceptorChain.chainAndInvoke(InvocationInterceptorChain.java:45)
	at org.junit.jupiter.engine.execution.InvocationInterceptorChain.invoke(InvocationInterceptorChain.java:37)
	at org.junit.jupiter.engine.execution.ExecutableInvoker.invoke(ExecutableInvoker.java:104)
	at org.junit.jupiter.engine.execution.ExecutableInvoker.invoke(ExecutableInvoker.java:98)
	at org.junit.jupiter.engine.descriptor.TestMethodTestDescriptor.lambda$invokeTestMethod$7(TestMethodTestDescriptor.java:214)
	at org.junit.platform.engine.support.hierarchical.ThrowableCollector.execute(ThrowableCollector.java:73)
	at org.junit.jupiter.engine.descriptor.TestMethodTestDescriptor.invokeTestMethod(TestMethodTestDescriptor.java:210)
	at org.junit.jupiter.engine.descriptor.TestMethodTestDescriptor.execute(TestMethodTestDescriptor.java:135)
	at org.junit.jupiter.engine.descriptor.TestMethodTestDescriptor.execute(TestMethodTestDescriptor.java:66)
	at org.junit.platform.engine.support.hierarchical.NodeTestTask.lambda$executeRecursively$6(NodeTestTask.java:151)
	at org.junit.platform.engine.support.hierarchical.ThrowableCollector.execute(ThrowableCollector.java:73)
	at org.junit.platform.engine.support.hierarchical.NodeTestTask.lambda$executeRecursively$8(NodeTestTask.java:141)
	at org.junit.platform.engine.support.hierarchical.Node.around(Node.java:137)
	at org.junit.platform.engine.support.hierarchical.NodeTestTask.lambda$executeRecursively$9(NodeTestTask.java:139)
	at org.junit.platform.engine.support.hierarchical.ThrowableCollector.execute(ThrowableCollector.java:73)
	at org.junit.platform.engine.support.hierarchical.NodeTestTask.executeRecursively(NodeTestTask.java:138)
	at org.junit.platform.engine.support.hierarchical.NodeTestTask.execute(NodeTestTask.java:95)
	at java.util.ArrayList.forEach(ArrayList.java:1259)
	at org.junit.platform.engine.support.hierarchical.SameThreadHierarchicalTestExecutorService.invokeAll(SameThreadHierarchicalTestExecutorService.java:41)
	at org.junit.platform.engine.support.hierarchical.NodeTestTask.lambda$executeRecursively$6(NodeTestTask.java:155)
	at org.junit.platform.engine.support.hierarchical.ThrowableCollector.execute(ThrowableCollector.java:73)
	at org.junit.platform.engine.support.hierarchical.NodeTestTask.lambda$executeRecursively$8(NodeTestTask.java:141)
	at org.junit.platform.engine.support.hierarchical.Node.around(Node.java:137)
	at org.junit.platform.engine.support.hierarchical.NodeTestTask.lambda$executeRecursively$9(NodeTestTask.java:139)
	at org.junit.platform.engine.support.hierarchical.ThrowableCollector.execute(ThrowableCollector.java:73)
	at org.junit.platform.engine.support.hierarchical.NodeTestTask.executeRecursively(NodeTestTask.java:138)
	at org.junit.platform.engine.support.hierarchical.NodeTestTask.execute(NodeTestTask.java:95)
	at java.util.ArrayList.forEach(ArrayList.java:1259)
	at org.junit.platform.engine.support.hierarchical.SameThreadHierarchicalTestExecutorService.invokeAll(SameThreadHierarchicalTestExecutorService.java:41)
	at org.junit.platform.engine.support.hierarchical.NodeTestTask.lambda$executeRecursively$6(NodeTestTask.java:155)
	at org.junit.platform.engine.support.hierarchical.ThrowableCollector.execute(ThrowableCollector.java:73)
	at org.junit.platform.engine.support.hierarchical.NodeTestTask.lambda$executeRecursively$8(NodeTestTask.java:141)
	at org.junit.platform.engine.support.hierarchical.Node.around(Node.java:137)
	at org.junit.platform.engine.support.hierarchical.NodeTestTask.lambda$executeRecursively$9(NodeTestTask.java:139)
	at org.junit.platform.engine.support.hierarchical.ThrowableCollector.execute(ThrowableCollector.java:73)
	at org.junit.platform.engine.support.hierarchical.NodeTestTask.executeRecursively(NodeTestTask.java:138)
	at org.junit.platform.engine.support.hierarchical.NodeTestTask.execute(NodeTestTask.java:95)
	at org.junit.platform.engine.support.hierarchical.SameThreadHierarchicalTestExecutorService.submit(SameThreadHierarchicalTestExecutorService.java:35)
	at org.junit.platform.engine.support.hierarchical.HierarchicalTestExecutor.execute(HierarchicalTestExecutor.java:57)
	at org.junit.platform.engine.support.hierarchical.HierarchicalTestEngine.execute(HierarchicalTestEngine.java:54)
	at org.junit.platform.launcher.core.EngineExecutionOrchestrator.execute(EngineExecutionOrchestrator.java:107)
	at org.junit.platform.launcher.core.EngineExecutionOrchestrator.execute(EngineExecutionOrchestrator.java:88)
	at org.junit.platform.launcher.core.EngineExecutionOrchestrator.lambda$execute$0(EngineExecutionOrchestrator.java:54)
	at org.junit.platform.launcher.core.EngineExecutionOrchestrator.withInterceptedStreams(EngineExecutionOrchestrator.java:67)
	at org.junit.platform.launcher.core.EngineExecutionOrchestrator.execute(EngineExecutionOrchestrator.java:52)
	at org.junit.platform.launcher.core.DefaultLauncher.execute(DefaultLauncher.java:114)
	at org.junit.platform.launcher.core.DefaultLauncher.execute(DefaultLauncher.java:86)
	at org.junit.platform.launcher.core.DefaultLauncherSession$DelegatingLauncher.execute(DefaultLauncherSession.java:86)
	at org.junit.platform.launcher.core.SessionPerRequestLauncher.execute(SessionPerRequestLauncher.java:53)
	at org.apache.maven.surefire.junitplatform.JUnitPlatformProvider.execute(JUnitPlatformProvider.java:188)
	at org.apache.maven.surefire.junitplatform.JUnitPlatformProvider.invokeAllTests(JUnitPlatformProvider.java:154)
	at org.apache.maven.surefire.junitplatform.JUnitPlatformProvider.invoke(JUnitPlatformProvider.java:124)
	at org.apache.maven.surefire.booter.ForkedBooter.runSuitesInProcess(ForkedBooter.java:428)
	at org.apache.maven.surefire.booter.ForkedBooter.execute(ForkedBooter.java:162)
	at org.apache.maven.surefire.booter.ForkedBooter.run(ForkedBooter.java:562)
	at org.apache.maven.surefire.booter.ForkedBooter.main(ForkedBooter.java:548)

Nov 18, 2022 1:06:03 PM org.apache.ratis.thirdparty.io.grpc.internal.ManagedChannelOrphanWrapper$ManagedChannelReference cleanQueue
SEVERE: *~*~*~ Channel ManagedChannelImpl{logId=285, target=10.1.0.56:42141} was not shutdown properly!!! ~*~*~*
    Make sure to call shutdown()/shutdownNow() and wait until awaitTermination() returns true.
java.lang.RuntimeException: ManagedChannel allocation site
	at org.apache.ratis.thirdparty.io.grpc.internal.ManagedChannelOrphanWrapper$ManagedChannelReference.<init>(ManagedChannelOrphanWrapper.java:93)
	at org.apache.ratis.thirdparty.io.grpc.internal.ManagedChannelOrphanWrapper.<init>(ManagedChannelOrphanWrapper.java:53)
	at org.apache.ratis.thirdparty.io.grpc.internal.ManagedChannelOrphanWrapper.<init>(ManagedChannelOrphanWrapper.java:44)
	at org.apache.ratis.thirdparty.io.grpc.internal.ManagedChannelImplBuilder.build(ManagedChannelImplBuilder.java:630)
	at org.apache.ratis.thirdparty.io.grpc.internal.AbstractManagedChannelImplBuilder.build(AbstractManagedChannelImplBuilder.java:297)
	at org.apache.hadoop.hdds.scm.XceiverClientGrpc.connectToDatanode(XceiverClientGrpc.java:205)
	at org.apache.hadoop.hdds.scm.XceiverClientGrpc.connect(XceiverClientGrpc.java:158)
	at org.apache.hadoop.hdds.scm.XceiverClientManager$2.call(XceiverClientManager.java:243)
	at org.apache.hadoop.hdds.scm.XceiverClientManager$2.call(XceiverClientManager.java:224)
	at com.google.common.cache.LocalCache$LocalManualCache$1.load(LocalCache.java:4868)
	at com.google.common.cache.LocalCache$LoadingValueReference.loadFuture(LocalCache.java:3533)
	at com.google.common.cache.LocalCache$Segment.loadSync(LocalCache.java:2282)
	at com.google.common.cache.LocalCache$Segment.lockedGetOrLoad(LocalCache.java:2159)
	at com.google.common.cache.LocalCache$Segment.get(LocalCache.java:2049)
	at com.google.common.cache.LocalCache.get(LocalCache.java:3966)
	at com.google.common.cache.LocalCache$LocalManualCache.get(LocalCache.java:4863)
	at org.apache.hadoop.hdds.scm.XceiverClientManager.getClient(XceiverClientManager.java:224)
	at org.apache.hadoop.hdds.scm.XceiverClientManager.acquireClient(XceiverClientManager.java:168)
	at org.apache.hadoop.hdds.scm.XceiverClientManager.acquireClient(XceiverClientManager.java:141)
	at org.apache.hadoop.hdds.scm.storage.BlockOutputStream.<init>(BlockOutputStream.java:161)
	at org.apache.hadoop.hdds.scm.storage.ECBlockOutputStream.<init>(ECBlockOutputStream.java:78)
	at org.apache.hadoop.ozone.client.io.ECBlockOutputStreamEntry.checkStream(ECBlockOutputStreamEntry.java:101)
	at org.apache.hadoop.ozone.client.io.BlockOutputStreamEntry.write(BlockOutputStreamEntry.java:123)
	at org.apache.hadoop.ozone.client.io.ECKeyOutputStream.writeToOutputStream(ECKeyOutputStream.java:408)
	at org.apache.hadoop.ozone.client.io.ECKeyOutputStream.handleOutputStreamWrite(ECKeyOutputStream.java:392)
	at org.apache.hadoop.ozone.client.io.ECKeyOutputStream.close(ECKeyOutputStream.java:490)
	at org.apache.hadoop.ozone.client.io.OzoneOutputStream.close(OzoneOutputStream.java:61)
	at org.apache.hadoop.ozone.TestDataUtil.createKey(TestDataUtil.java:115)
	at org.apache.hadoop.ozone.scm.node.TestDecommissionAndMaintenance.generateData(TestDecommissionAndMaintenance.java:621)
	at org.apache.hadoop.ozone.scm.node.TestDecommissionAndMaintenance.testNodeWithOpenPipelineCanBeDecommissionedAndRecommissioned(TestDecommissionAndMaintenance.java:181)
	at sun.reflect.NativeMethodAccessorImpl.invoke0(Native Method)
	at sun.reflect.NativeMethodAccessorImpl.invoke(NativeMethodAccessorImpl.java:62)
	at sun.reflect.DelegatingMethodAccessorImpl.invoke(DelegatingMethodAccessorImpl.java:43)
	at java.lang.reflect.Method.invoke(Method.java:498)
	at org.junit.platform.commons.util.ReflectionUtils.invokeMethod(ReflectionUtils.java:725)
	at org.junit.jupiter.engine.execution.MethodInvocation.proceed(MethodInvocation.java:60)
	at org.junit.jupiter.engine.execution.InvocationInterceptorChain$ValidatingInvocation.proceed(InvocationInterceptorChain.java:131)
	at org.junit.jupiter.engine.extension.TimeoutExtension.intercept(TimeoutExtension.java:149)
	at org.junit.jupiter.engine.extension.TimeoutExtension.interceptTestableMethod(TimeoutExtension.java:140)
	at org.junit.jupiter.engine.extension.TimeoutExtension.interceptTestMethod(TimeoutExtension.java:84)
	at org.junit.jupiter.engine.execution.ExecutableInvoker$ReflectiveInterceptorCall.lambda$ofVoidMethod$0(ExecutableInvoker.java:115)
	at org.junit.jupiter.engine.execution.ExecutableInvoker.lambda$invoke$0(ExecutableInvoker.java:105)
	at org.junit.jupiter.engine.execution.InvocationInterceptorChain$InterceptedInvocation.proceed(InvocationInterceptorChain.java:106)
	at org.junit.jupiter.engine.execution.InvocationInterceptorChain.proceed(InvocationInterceptorChain.java:64)
	at org.junit.jupiter.engine.execution.InvocationInterceptorChain.chainAndInvoke(InvocationInterceptorChain.java:45)
	at org.junit.jupiter.engine.execution.InvocationInterceptorChain.invoke(InvocationInterceptorChain.java:37)
	at org.junit.jupiter.engine.execution.ExecutableInvoker.invoke(ExecutableInvoker.java:104)
	at org.junit.jupiter.engine.execution.ExecutableInvoker.invoke(ExecutableInvoker.java:98)
	at org.junit.jupiter.engine.descriptor.TestMethodTestDescriptor.lambda$invokeTestMethod$7(TestMethodTestDescriptor.java:214)
	at org.junit.platform.engine.support.hierarchical.ThrowableCollector.execute(ThrowableCollector.java:73)
	at org.junit.jupiter.engine.descriptor.TestMethodTestDescriptor.invokeTestMethod(TestMethodTestDescriptor.java:210)
	at org.junit.jupiter.engine.descriptor.TestMethodTestDescriptor.execute(TestMethodTestDescriptor.java:135)
	at org.junit.jupiter.engine.descriptor.TestMethodTestDescriptor.execute(TestMethodTestDescriptor.java:66)
	at org.junit.platform.engine.support.hierarchical.NodeTestTask.lambda$executeRecursively$6(NodeTestTask.java:151)
	at org.junit.platform.engine.support.hierarchical.ThrowableCollector.execute(ThrowableCollector.java:73)
	at org.junit.platform.engine.support.hierarchical.NodeTestTask.lambda$executeRecursively$8(NodeTestTask.java:141)
	at org.junit.platform.engine.support.hierarchical.Node.around(Node.java:137)
	at org.junit.platform.engine.support.hierarchical.NodeTestTask.lambda$executeRecursively$9(NodeTestTask.java:139)
	at org.junit.platform.engine.support.hierarchical.ThrowableCollector.execute(ThrowableCollector.java:73)
	at org.junit.platform.engine.support.hierarchical.NodeTestTask.executeRecursively(NodeTestTask.java:138)
	at org.junit.platform.engine.support.hierarchical.NodeTestTask.execute(NodeTestTask.java:95)
	at java.util.ArrayList.forEach(ArrayList.java:1259)
	at org.junit.platform.engine.support.hierarchical.SameThreadHierarchicalTestExecutorService.invokeAll(SameThreadHierarchicalTestExecutorService.java:41)
	at org.junit.platform.engine.support.hierarchical.NodeTestTask.lambda$executeRecursively$6(NodeTestTask.java:155)
	at org.junit.platform.engine.support.hierarchical.ThrowableCollector.execute(ThrowableCollector.java:73)
	at org.junit.platform.engine.support.hierarchical.NodeTestTask.lambda$executeRecursively$8(NodeTestTask.java:141)
	at org.junit.platform.engine.support.hierarchical.Node.around(Node.java:137)
	at org.junit.platform.engine.support.hierarchical.NodeTestTask.lambda$executeRecursively$9(NodeTestTask.java:139)
	at org.junit.platform.engine.support.hierarchical.ThrowableCollector.execute(ThrowableCollector.java:73)
	at org.junit.platform.engine.support.hierarchical.NodeTestTask.executeRecursively(NodeTestTask.java:138)
	at org.junit.platform.engine.support.hierarchical.NodeTestTask.execute(NodeTestTask.java:95)
	at java.util.ArrayList.forEach(ArrayList.java:1259)
	at org.junit.platform.engine.support.hierarchical.SameThreadHierarchicalTestExecutorService.invokeAll(SameThreadHierarchicalTestExecutorService.java:41)
	at org.junit.platform.engine.support.hierarchical.NodeTestTask.lambda$executeRecursively$6(NodeTestTask.java:155)
	at org.junit.platform.engine.support.hierarchical.ThrowableCollector.execute(ThrowableCollector.java:73)
	at org.junit.platform.engine.support.hierarchical.NodeTestTask.lambda$executeRecursively$8(NodeTestTask.java:141)
	at org.junit.platform.engine.support.hierarchical.Node.around(Node.java:137)
	at org.junit.platform.engine.support.hierarchical.NodeTestTask.lambda$executeRecursively$9(NodeTestTask.java:139)
	at org.junit.platform.engine.support.hierarchical.ThrowableCollector.execute(ThrowableCollector.java:73)
	at org.junit.platform.engine.support.hierarchical.NodeTestTask.executeRecursively(NodeTestTask.java:138)
	at org.junit.platform.engine.support.hierarchical.NodeTestTask.execute(NodeTestTask.java:95)
	at org.junit.platform.engine.support.hierarchical.SameThreadHierarchicalTestExecutorService.submit(SameThreadHierarchicalTestExecutorService.java:35)
	at org.junit.platform.engine.support.hierarchical.HierarchicalTestExecutor.execute(HierarchicalTestExecutor.java:57)
	at org.junit.platform.engine.support.hierarchical.HierarchicalTestEngine.execute(HierarchicalTestEngine.java:54)
	at org.junit.platform.launcher.core.EngineExecutionOrchestrator.execute(EngineExecutionOrchestrator.java:107)
	at org.junit.platform.launcher.core.EngineExecutionOrchestrator.execute(EngineExecutionOrchestrator.java:88)
	at org.junit.platform.launcher.core.EngineExecutionOrchestrator.lambda$execute$0(EngineExecutionOrchestrator.java:54)
	at org.junit.platform.launcher.core.EngineExecutionOrchestrator.withInterceptedStreams(EngineExecutionOrchestrator.java:67)
	at org.junit.platform.launcher.core.EngineExecutionOrchestrator.execute(EngineExecutionOrchestrator.java:52)
	at org.junit.platform.launcher.core.DefaultLauncher.execute(DefaultLauncher.java:114)
	at org.junit.platform.launcher.core.DefaultLauncher.execute(DefaultLauncher.java:86)
	at org.junit.platform.launcher.core.DefaultLauncherSession$DelegatingLauncher.execute(DefaultLauncherSession.java:86)
	at org.junit.platform.launcher.core.SessionPerRequestLauncher.execute(SessionPerRequestLauncher.java:53)
	at org.apache.maven.surefire.junitplatform.JUnitPlatformProvider.execute(JUnitPlatformProvider.java:188)
	at org.apache.maven.surefire.junitplatform.JUnitPlatformProvider.invokeAllTests(JUnitPlatformProvider.java:154)
	at org.apache.maven.surefire.junitplatform.JUnitPlatformProvider.invoke(JUnitPlatformProvider.java:124)
	at org.apache.maven.surefire.booter.ForkedBooter.runSuitesInProcess(ForkedBooter.java:428)
	at org.apache.maven.surefire.booter.ForkedBooter.execute(ForkedBooter.java:162)
	at org.apache.maven.surefire.booter.ForkedBooter.run(ForkedBooter.java:562)
	at org.apache.maven.surefire.booter.ForkedBooter.main(ForkedBooter.java:548)

Nov 18, 2022 1:06:03 PM org.apache.ratis.thirdparty.io.grpc.internal.ManagedChannelOrphanWrapper$ManagedChannelReference cleanQueue
SEVERE: *~*~*~ Channel ManagedChannelImpl{logId=212, target=10.1.0.56:42141} was not shutdown properly!!! ~*~*~*
    Make sure to call shutdown()/shutdownNow() and wait until awaitTermination() returns true.
java.lang.RuntimeException: ManagedChannel allocation site
	at org.apache.ratis.thirdparty.io.grpc.internal.ManagedChannelOrphanWrapper$ManagedChannelReference.<init>(ManagedChannelOrphanWrapper.java:93)
	at org.apache.ratis.thirdparty.io.grpc.internal.ManagedChannelOrphanWrapper.<init>(ManagedChannelOrphanWrapper.java:53)
	at org.apache.ratis.thirdparty.io.grpc.internal.ManagedChannelOrphanWrapper.<init>(ManagedChannelOrphanWrapper.java:44)
	at org.apache.ratis.thirdparty.io.grpc.internal.ManagedChannelImplBuilder.build(ManagedChannelImplBuilder.java:630)
	at org.apache.ratis.thirdparty.io.grpc.internal.AbstractManagedChannelImplBuilder.build(AbstractManagedChannelImplBuilder.java:297)
	at org.apache.hadoop.hdds.scm.XceiverClientGrpc.connectToDatanode(XceiverClientGrpc.java:205)
	at org.apache.hadoop.hdds.scm.XceiverClientGrpc.connect(XceiverClientGrpc.java:158)
	at org.apache.hadoop.hdds.scm.XceiverClientManager$2.call(XceiverClientManager.java:243)
	at org.apache.hadoop.hdds.scm.XceiverClientManager$2.call(XceiverClientManager.java:224)
	at com.google.common.cache.LocalCache$LocalManualCache$1.load(LocalCache.java:4868)
	at com.google.common.cache.LocalCache$LoadingValueReference.loadFuture(LocalCache.java:3533)
	at com.google.common.cache.LocalCache$Segment.loadSync(LocalCache.java:2282)
	at com.google.common.cache.LocalCache$Segment.lockedGetOrLoad(LocalCache.java:2159)
	at com.google.common.cache.LocalCache$Segment.get(LocalCache.java:2049)
	at com.google.common.cache.LocalCache.get(LocalCache.java:3966)
	at com.google.common.cache.LocalCache$LocalManualCache.get(LocalCache.java:4863)
	at org.apache.hadoop.hdds.scm.XceiverClientManager.getClient(XceiverClientManager.java:224)
	at org.apache.hadoop.hdds.scm.XceiverClientManager.acquireClient(XceiverClientManager.java:168)
	at org.apache.hadoop.hdds.scm.XceiverClientManager.acquireClient(XceiverClientManager.java:141)
	at org.apache.hadoop.hdds.scm.storage.BlockOutputStream.<init>(BlockOutputStream.java:161)
	at org.apache.hadoop.hdds.scm.storage.ECBlockOutputStream.<init>(ECBlockOutputStream.java:78)
	at org.apache.hadoop.ozone.client.io.ECBlockOutputStreamEntry.checkStream(ECBlockOutputStreamEntry.java:101)
	at org.apache.hadoop.ozone.client.io.BlockOutputStreamEntry.write(BlockOutputStreamEntry.java:123)
	at org.apache.hadoop.ozone.client.io.ECKeyOutputStream.writeToOutputStream(ECKeyOutputStream.java:408)
	at org.apache.hadoop.ozone.client.io.ECKeyOutputStream.handleOutputStreamWrite(ECKeyOutputStream.java:392)
	at org.apache.hadoop.ozone.client.io.ECKeyOutputStream.close(ECKeyOutputStream.java:490)
	at org.apache.hadoop.ozone.client.io.OzoneOutputStream.close(OzoneOutputStream.java:61)
	at org.apache.hadoop.ozone.TestDataUtil.createKey(TestDataUtil.java:115)
	at org.apache.hadoop.ozone.scm.node.TestDecommissionAndMaintenance.generateData(TestDecommissionAndMaintenance.java:621)
	at org.apache.hadoop.ozone.scm.node.TestDecommissionAndMaintenance.testNodeWithOpenPipelineCanBeDecommissionedAndRecommissioned(TestDecommissionAndMaintenance.java:181)
	at sun.reflect.NativeMethodAccessorImpl.invoke0(Native Method)
	at sun.reflect.NativeMethodAccessorImpl.invoke(NativeMethodAccessorImpl.java:62)
	at sun.reflect.DelegatingMethodAccessorImpl.invoke(DelegatingMethodAccessorImpl.java:43)
	at java.lang.reflect.Method.invoke(Method.java:498)
	at org.junit.platform.commons.util.ReflectionUtils.invokeMethod(ReflectionUtils.java:725)
	at org.junit.jupiter.engine.execution.MethodInvocation.proceed(MethodInvocation.java:60)
	at org.junit.jupiter.engine.execution.InvocationInterceptorChain$ValidatingInvocation.proceed(InvocationInterceptorChain.java:131)
	at org.junit.jupiter.engine.extension.TimeoutExtension.intercept(TimeoutExtension.java:149)
	at org.junit.jupiter.engine.extension.TimeoutExtension.interceptTestableMethod(TimeoutExtension.java:140)
	at org.junit.jupiter.engine.extension.TimeoutExtension.interceptTestMethod(TimeoutExtension.java:84)
	at org.junit.jupiter.engine.execution.ExecutableInvoker$ReflectiveInterceptorCall.lambda$ofVoidMethod$0(ExecutableInvoker.java:115)
	at org.junit.jupiter.engine.execution.ExecutableInvoker.lambda$invoke$0(ExecutableInvoker.java:105)
	at org.junit.jupiter.engine.execution.InvocationInterceptorChain$InterceptedInvocation.proceed(InvocationInterceptorChain.java:106)
	at org.junit.jupiter.engine.execution.InvocationInterceptorChain.proceed(InvocationInterceptorChain.java:64)
	at org.junit.jupiter.engine.execution.InvocationInterceptorChain.chainAndInvoke(InvocationInterceptorChain.java:45)
	at org.junit.jupiter.engine.execution.InvocationInterceptorChain.invoke(InvocationInterceptorChain.java:37)
	at org.junit.jupiter.engine.execution.ExecutableInvoker.invoke(ExecutableInvoker.java:104)
	at org.junit.jupiter.engine.execution.ExecutableInvoker.invoke(ExecutableInvoker.java:98)
	at org.junit.jupiter.engine.descriptor.TestMethodTestDescriptor.lambda$invokeTestMethod$7(TestMethodTestDescriptor.java:214)
	at org.junit.platform.engine.support.hierarchical.ThrowableCollector.execute(ThrowableCollector.java:73)
	at org.junit.jupiter.engine.descriptor.TestMethodTestDescriptor.invokeTestMethod(TestMethodTestDescriptor.java:210)
	at org.junit.jupiter.engine.descriptor.TestMethodTestDescriptor.execute(TestMethodTestDescriptor.java:135)
	at org.junit.jupiter.engine.descriptor.TestMethodTestDescriptor.execute(TestMethodTestDescriptor.java:66)
	at org.junit.platform.engine.support.hierarchical.NodeTestTask.lambda$executeRecursively$6(NodeTestTask.java:151)
	at org.junit.platform.engine.support.hierarchical.ThrowableCollector.execute(ThrowableCollector.java:73)
	at org.junit.platform.engine.support.hierarchical.NodeTestTask.lambda$executeRecursively$8(NodeTestTask.java:141)
	at org.junit.platform.engine.support.hierarchical.Node.around(Node.java:137)
	at org.junit.platform.engine.support.hierarchical.NodeTestTask.lambda$executeRecursively$9(NodeTestTask.java:139)
	at org.junit.platform.engine.support.hierarchical.ThrowableCollector.execute(ThrowableCollector.java:73)
	at org.junit.platform.engine.support.hierarchical.NodeTestTask.executeRecursively(NodeTestTask.java:138)
	at org.junit.platform.engine.support.hierarchical.NodeTestTask.execute(NodeTestTask.java:95)
	at java.util.ArrayList.forEach(ArrayList.java:1259)
	at org.junit.platform.engine.support.hierarchical.SameThreadHierarchicalTestExecutorService.invokeAll(SameThreadHierarchicalTestExecutorService.java:41)
	at org.junit.platform.engine.support.hierarchical.NodeTestTask.lambda$executeRecursively$6(NodeTestTask.java:155)
	at org.junit.platform.engine.support.hierarchical.ThrowableCollector.execute(ThrowableCollector.java:73)
	at org.junit.platform.engine.support.hierarchical.NodeTestTask.lambda$executeRecursively$8(NodeTestTask.java:141)
	at org.junit.platform.engine.support.hierarchical.Node.around(Node.java:137)
	at org.junit.platform.engine.support.hierarchical.NodeTestTask.lambda$executeRecursively$9(NodeTestTask.java:139)
	at org.junit.platform.engine.support.hierarchical.ThrowableCollector.execute(ThrowableCollector.java:73)
	at org.junit.platform.engine.support.hierarchical.NodeTestTask.executeRecursively(NodeTestTask.java:138)
	at org.junit.platform.engine.support.hierarchical.NodeTestTask.execute(NodeTestTask.java:95)
	at java.util.ArrayList.forEach(ArrayList.java:1259)
	at org.junit.platform.engine.support.hierarchical.SameThreadHierarchicalTestExecutorService.invokeAll(SameThreadHierarchicalTestExecutorService.java:41)
	at org.junit.platform.engine.support.hierarchical.NodeTestTask.lambda$executeRecursively$6(NodeTestTask.java:155)
	at org.junit.platform.engine.support.hierarchical.ThrowableCollector.execute(ThrowableCollector.java:73)
	at org.junit.platform.engine.support.hierarchical.NodeTestTask.lambda$executeRecursively$8(NodeTestTask.java:141)
	at org.junit.platform.engine.support.hierarchical.Node.around(Node.java:137)
	at org.junit.platform.engine.support.hierarchical.NodeTestTask.lambda$executeRecursively$9(NodeTestTask.java:139)
	at org.junit.platform.engine.support.hierarchical.ThrowableCollector.execute(ThrowableCollector.java:73)
	at org.junit.platform.engine.support.hierarchical.NodeTestTask.executeRecursively(NodeTestTask.java:138)
	at org.junit.platform.engine.support.hierarchical.NodeTestTask.execute(NodeTestTask.java:95)
	at org.junit.platform.engine.support.hierarchical.SameThreadHierarchicalTestExecutorService.submit(SameThreadHierarchicalTestExecutorService.java:35)
	at org.junit.platform.engine.support.hierarchical.HierarchicalTestExecutor.execute(HierarchicalTestExecutor.java:57)
	at org.junit.platform.engine.support.hierarchical.HierarchicalTestEngine.execute(HierarchicalTestEngine.java:54)
	at org.junit.platform.launcher.core.EngineExecutionOrchestrator.execute(EngineExecutionOrchestrator.java:107)
	at org.junit.platform.launcher.core.EngineExecutionOrchestrator.execute(EngineExecutionOrchestrator.java:88)
	at org.junit.platform.launcher.core.EngineExecutionOrchestrator.lambda$execute$0(EngineExecutionOrchestrator.java:54)
	at org.junit.platform.launcher.core.EngineExecutionOrchestrator.withInterceptedStreams(EngineExecutionOrchestrator.java:67)
	at org.junit.platform.launcher.core.EngineExecutionOrchestrator.execute(EngineExecutionOrchestrator.java:52)
	at org.junit.platform.launcher.core.DefaultLauncher.execute(DefaultLauncher.java:114)
	at org.junit.platform.launcher.core.DefaultLauncher.execute(DefaultLauncher.java:86)
	at org.junit.platform.launcher.core.DefaultLauncherSession$DelegatingLauncher.execute(DefaultLauncherSession.java:86)
	at org.junit.platform.launcher.core.SessionPerRequestLauncher.execute(SessionPerRequestLauncher.java:53)
	at org.apache.maven.surefire.junitplatform.JUnitPlatformProvider.execute(JUnitPlatformProvider.java:188)
	at org.apache.maven.surefire.junitplatform.JUnitPlatformProvider.invokeAllTests(JUnitPlatformProvider.java:154)
	at org.apache.maven.surefire.junitplatform.JUnitPlatformProvider.invoke(JUnitPlatformProvider.java:124)
	at org.apache.maven.surefire.booter.ForkedBooter.runSuitesInProcess(ForkedBooter.java:428)
	at org.apache.maven.surefire.booter.ForkedBooter.execute(ForkedBooter.java:162)
	at org.apache.maven.surefire.booter.ForkedBooter.run(ForkedBooter.java:562)
	at org.apache.maven.surefire.booter.ForkedBooter.main(ForkedBooter.java:548)

Nov 18, 2022 1:06:03 PM org.apache.ratis.thirdparty.io.grpc.internal.ManagedChannelOrphanWrapper$ManagedChannelReference cleanQueue
SEVERE: *~*~*~ Channel ManagedChannelImpl{logId=175, target=10.1.0.56:39913} was not shutdown properly!!! ~*~*~*
    Make sure to call shutdown()/shutdownNow() and wait until awaitTermination() returns true.
java.lang.RuntimeException: ManagedChannel allocation site
	at org.apache.ratis.thirdparty.io.grpc.internal.ManagedChannelOrphanWrapper$ManagedChannelReference.<init>(ManagedChannelOrphanWrapper.java:93)
	at org.apache.ratis.thirdparty.io.grpc.internal.ManagedChannelOrphanWrapper.<init>(ManagedChannelOrphanWrapper.java:53)
	at org.apache.ratis.thirdparty.io.grpc.internal.ManagedChannelOrphanWrapper.<init>(ManagedChannelOrphanWrapper.java:44)
	at org.apache.ratis.thirdparty.io.grpc.internal.ManagedChannelImplBuilder.build(ManagedChannelImplBuilder.java:630)
	at org.apache.ratis.thirdparty.io.grpc.internal.AbstractManagedChannelImplBuilder.build(AbstractManagedChannelImplBuilder.java:297)
	at org.apache.hadoop.hdds.scm.XceiverClientGrpc.connectToDatanode(XceiverClientGrpc.java:205)
	at org.apache.hadoop.hdds.scm.XceiverClientGrpc.connect(XceiverClientGrpc.java:158)
	at org.apache.hadoop.hdds.scm.XceiverClientManager$2.call(XceiverClientManager.java:243)
	at org.apache.hadoop.hdds.scm.XceiverClientManager$2.call(XceiverClientManager.java:224)
	at com.google.common.cache.LocalCache$LocalManualCache$1.load(LocalCache.java:4868)
	at com.google.common.cache.LocalCache$LoadingValueReference.loadFuture(LocalCache.java:3533)
	at com.google.common.cache.LocalCache$Segment.loadSync(LocalCache.java:2282)
	at com.google.common.cache.LocalCache$Segment.lockedGetOrLoad(LocalCache.java:2159)
	at com.google.common.cache.LocalCache$Segment.get(LocalCache.java:2049)
	at com.google.common.cache.LocalCache.get(LocalCache.java:3966)
	at com.google.common.cache.LocalCache$LocalManualCache.get(LocalCache.java:4863)
	at org.apache.hadoop.hdds.scm.XceiverClientManager.getClient(XceiverClientManager.java:224)
	at org.apache.hadoop.hdds.scm.XceiverClientManager.acquireClient(XceiverClientManager.java:168)
	at org.apache.hadoop.hdds.scm.XceiverClientManager.acquireClient(XceiverClientManager.java:141)
	at org.apache.hadoop.hdds.scm.storage.BlockOutputStream.<init>(BlockOutputStream.java:161)
	at org.apache.hadoop.hdds.scm.storage.ECBlockOutputStream.<init>(ECBlockOutputStream.java:78)
	at org.apache.hadoop.ozone.client.io.ECBlockOutputStreamEntry.checkStream(ECBlockOutputStreamEntry.java:101)
	at org.apache.hadoop.ozone.client.io.BlockOutputStreamEntry.write(BlockOutputStreamEntry.java:123)
	at org.apache.hadoop.ozone.client.io.ECKeyOutputStream.writeToOutputStream(ECKeyOutputStream.java:408)
	at org.apache.hadoop.ozone.client.io.ECKeyOutputStream.handleOutputStreamWrite(ECKeyOutputStream.java:392)
	at org.apache.hadoop.ozone.client.io.ECKeyOutputStream.close(ECKeyOutputStream.java:490)
	at org.apache.hadoop.ozone.client.io.OzoneOutputStream.close(OzoneOutputStream.java:61)
	at org.apache.hadoop.ozone.TestDataUtil.createKey(TestDataUtil.java:115)
	at org.apache.hadoop.ozone.scm.node.TestDecommissionAndMaintenance.generateData(TestDecommissionAndMaintenance.java:621)
	at org.apache.hadoop.ozone.scm.node.TestDecommissionAndMaintenance.testNodeWithOpenPipelineCanBeDecommissionedAndRecommissioned(TestDecommissionAndMaintenance.java:181)
	at sun.reflect.NativeMethodAccessorImpl.invoke0(Native Method)
	at sun.reflect.NativeMethodAccessorImpl.invoke(NativeMethodAccessorImpl.java:62)
	at sun.reflect.DelegatingMethodAccessorImpl.invoke(DelegatingMethodAccessorImpl.java:43)
	at java.lang.reflect.Method.invoke(Method.java:498)
	at org.junit.platform.commons.util.ReflectionUtils.invokeMethod(ReflectionUtils.java:725)
	at org.junit.jupiter.engine.execution.MethodInvocation.proceed(MethodInvocation.java:60)
	at org.junit.jupiter.engine.execution.InvocationInterceptorChain$ValidatingInvocation.proceed(InvocationInterceptorChain.java:131)
	at org.junit.jupiter.engine.extension.TimeoutExtension.intercept(TimeoutExtension.java:149)
	at org.junit.jupiter.engine.extension.TimeoutExtension.interceptTestableMethod(TimeoutExtension.java:140)
	at org.junit.jupiter.engine.extension.TimeoutExtension.interceptTestMethod(TimeoutExtension.java:84)
	at org.junit.jupiter.engine.execution.ExecutableInvoker$ReflectiveInterceptorCall.lambda$ofVoidMethod$0(ExecutableInvoker.java:115)
	at org.junit.jupiter.engine.execution.ExecutableInvoker.lambda$invoke$0(ExecutableInvoker.java:105)
	at org.junit.jupiter.engine.execution.InvocationInterceptorChain$InterceptedInvocation.proceed(InvocationInterceptorChain.java:106)
	at org.junit.jupiter.engine.execution.InvocationInterceptorChain.proceed(InvocationInterceptorChain.java:64)
	at org.junit.jupiter.engine.execution.InvocationInterceptorChain.chainAndInvoke(InvocationInterceptorChain.java:45)
	at org.junit.jupiter.engine.execution.InvocationInterceptorChain.invoke(InvocationInterceptorChain.java:37)
	at org.junit.jupiter.engine.execution.ExecutableInvoker.invoke(ExecutableInvoker.java:104)
	at org.junit.jupiter.engine.execution.ExecutableInvoker.invoke(ExecutableInvoker.java:98)
	at org.junit.jupiter.engine.descriptor.TestMethodTestDescriptor.lambda$invokeTestMethod$7(TestMethodTestDescriptor.java:214)
	at org.junit.platform.engine.support.hierarchical.ThrowableCollector.execute(ThrowableCollector.java:73)
	at org.junit.jupiter.engine.descriptor.TestMethodTestDescriptor.invokeTestMethod(TestMethodTestDescriptor.java:210)
	at org.junit.jupiter.engine.descriptor.TestMethodTestDescriptor.execute(TestMethodTestDescriptor.java:135)
	at org.junit.jupiter.engine.descriptor.TestMethodTestDescriptor.execute(TestMethodTestDescriptor.java:66)
	at org.junit.platform.engine.support.hierarchical.NodeTestTask.lambda$executeRecursively$6(NodeTestTask.java:151)
	at org.junit.platform.engine.support.hierarchical.ThrowableCollector.execute(ThrowableCollector.java:73)
	at org.junit.platform.engine.support.hierarchical.NodeTestTask.lambda$executeRecursively$8(NodeTestTask.java:141)
	at org.junit.platform.engine.support.hierarchical.Node.around(Node.java:137)
	at org.junit.platform.engine.support.hierarchical.NodeTestTask.lambda$executeRecursively$9(NodeTestTask.java:139)
	at org.junit.platform.engine.support.hierarchical.ThrowableCollector.execute(ThrowableCollector.java:73)
	at org.junit.platform.engine.support.hierarchical.NodeTestTask.executeRecursively(NodeTestTask.java:138)
	at org.junit.platform.engine.support.hierarchical.NodeTestTask.execute(NodeTestTask.java:95)
	at java.util.ArrayList.forEach(ArrayList.java:1259)
	at org.junit.platform.engine.support.hierarchical.SameThreadHierarchicalTestExecutorService.invokeAll(SameThreadHierarchicalTestExecutorService.java:41)
	at org.junit.platform.engine.support.hierarchical.NodeTestTask.lambda$executeRecursively$6(NodeTestTask.java:155)
	at org.junit.platform.engine.support.hierarchical.ThrowableCollector.execute(ThrowableCollector.java:73)
	at org.junit.platform.engine.support.hierarchical.NodeTestTask.lambda$executeRecursively$8(NodeTestTask.java:141)
	at org.junit.platform.engine.support.hierarchical.Node.around(Node.java:137)
	at org.junit.platform.engine.support.hierarchical.NodeTestTask.lambda$executeRecursively$9(NodeTestTask.java:139)
	at org.junit.platform.engine.support.hierarchical.ThrowableCollector.execute(ThrowableCollector.java:73)
	at org.junit.platform.engine.support.hierarchical.NodeTestTask.executeRecursively(NodeTestTask.java:138)
	at org.junit.platform.engine.support.hierarchical.NodeTestTask.execute(NodeTestTask.java:95)
	at java.util.ArrayList.forEach(ArrayList.java:1259)
	at org.junit.platform.engine.support.hierarchical.SameThreadHierarchicalTestExecutorService.invokeAll(SameThreadHierarchicalTestExecutorService.java:41)
	at org.junit.platform.engine.support.hierarchical.NodeTestTask.lambda$executeRecursively$6(NodeTestTask.java:155)
	at org.junit.platform.engine.support.hierarchical.ThrowableCollector.execute(ThrowableCollector.java:73)
	at org.junit.platform.engine.support.hierarchical.NodeTestTask.lambda$executeRecursively$8(NodeTestTask.java:141)
	at org.junit.platform.engine.support.hierarchical.Node.around(Node.java:137)
	at org.junit.platform.engine.support.hierarchical.NodeTestTask.lambda$executeRecursively$9(NodeTestTask.java:139)
	at org.junit.platform.engine.support.hierarchical.ThrowableCollector.execute(ThrowableCollector.java:73)
	at org.junit.platform.engine.support.hierarchical.NodeTestTask.executeRecursively(NodeTestTask.java:138)
	at org.junit.platform.engine.support.hierarchical.NodeTestTask.execute(NodeTestTask.java:95)
	at org.junit.platform.engine.support.hierarchical.SameThreadHierarchicalTestExecutorService.submit(SameThreadHierarchicalTestExecutorService.java:35)
	at org.junit.platform.engine.support.hierarchical.HierarchicalTestExecutor.execute(HierarchicalTestExecutor.java:57)
	at org.junit.platform.engine.support.hierarchical.HierarchicalTestEngine.execute(HierarchicalTestEngine.java:54)
	at org.junit.platform.launcher.core.EngineExecutionOrchestrator.execute(EngineExecutionOrchestrator.java:107)
	at org.junit.platform.launcher.core.EngineExecutionOrchestrator.execute(EngineExecutionOrchestrator.java:88)
	at org.junit.platform.launcher.core.EngineExecutionOrchestrator.lambda$execute$0(EngineExecutionOrchestrator.java:54)
	at org.junit.platform.launcher.core.EngineExecutionOrchestrator.withInterceptedStreams(EngineExecutionOrchestrator.java:67)
	at org.junit.platform.launcher.core.EngineExecutionOrchestrator.execute(EngineExecutionOrchestrator.java:52)
	at org.junit.platform.launcher.core.DefaultLauncher.execute(DefaultLauncher.java:114)
	at org.junit.platform.launcher.core.DefaultLauncher.execute(DefaultLauncher.java:86)
	at org.junit.platform.launcher.core.DefaultLauncherSession$DelegatingLauncher.execute(DefaultLauncherSession.java:86)
	at org.junit.platform.launcher.core.SessionPerRequestLauncher.execute(SessionPerRequestLauncher.java:53)
	at org.apache.maven.surefire.junitplatform.JUnitPlatformProvider.execute(JUnitPlatformProvider.java:188)
	at org.apache.maven.surefire.junitplatform.JUnitPlatformProvider.invokeAllTests(JUnitPlatformProvider.java:154)
	at org.apache.maven.surefire.junitplatform.JUnitPlatformProvider.invoke(JUnitPlatformProvider.java:124)
	at org.apache.maven.surefire.booter.ForkedBooter.runSuitesInProcess(ForkedBooter.java:428)
	at org.apache.maven.surefire.booter.ForkedBooter.execute(ForkedBooter.java:162)
	at org.apache.maven.surefire.booter.ForkedBooter.run(ForkedBooter.java:562)
	at org.apache.maven.surefire.booter.ForkedBooter.main(ForkedBooter.java:548)

Nov 18, 2022 1:06:03 PM org.apache.ratis.thirdparty.io.grpc.internal.ManagedChannelOrphanWrapper$ManagedChannelReference cleanQueue
SEVERE: *~*~*~ Channel ManagedChannelImpl{logId=237, target=10.1.0.56:38047} was not shutdown properly!!! ~*~*~*
    Make sure to call shutdown()/shutdownNow() and wait until awaitTermination() returns true.
java.lang.RuntimeException: ManagedChannel allocation site
	at org.apache.ratis.thirdparty.io.grpc.internal.ManagedChannelOrphanWrapper$ManagedChannelReference.<init>(ManagedChannelOrphanWrapper.java:93)
	at org.apache.ratis.thirdparty.io.grpc.internal.ManagedChannelOrphanWrapper.<init>(ManagedChannelOrphanWrapper.java:53)
	at org.apache.ratis.thirdparty.io.grpc.internal.ManagedChannelOrphanWrapper.<init>(ManagedChannelOrphanWrapper.java:44)
	at org.apache.ratis.thirdparty.io.grpc.internal.ManagedChannelImplBuilder.build(ManagedChannelImplBuilder.java:630)
	at org.apache.ratis.thirdparty.io.grpc.internal.AbstractManagedChannelImplBuilder.build(AbstractManagedChannelImplBuilder.java:297)
	at org.apache.hadoop.hdds.scm.XceiverClientGrpc.connectToDatanode(XceiverClientGrpc.java:205)
	at org.apache.hadoop.hdds.scm.XceiverClientGrpc.connect(XceiverClientGrpc.java:158)
	at org.apache.hadoop.hdds.scm.XceiverClientManager$2.call(XceiverClientManager.java:243)
	at org.apache.hadoop.hdds.scm.XceiverClientManager$2.call(XceiverClientManager.java:224)
	at com.google.common.cache.LocalCache$LocalManualCache$1.load(LocalCache.java:4868)
	at com.google.common.cache.LocalCache$LoadingValueReference.loadFuture(LocalCache.java:3533)
	at com.google.common.cache.LocalCache$Segment.loadSync(LocalCache.java:2282)
	at com.google.common.cache.LocalCache$Segment.lockedGetOrLoad(LocalCache.java:2159)
	at com.google.common.cache.LocalCache$Segment.get(LocalCache.java:2049)
	at com.google.common.cache.LocalCache.get(LocalCache.java:3966)
	at com.google.common.cache.LocalCache$LocalManualCache.get(LocalCache.java:4863)
	at org.apache.hadoop.hdds.scm.XceiverClientManager.getClient(XceiverClientManager.java:224)
	at org.apache.hadoop.hdds.scm.XceiverClientManager.acquireClient(XceiverClientManager.java:168)
	at org.apache.hadoop.hdds.scm.XceiverClientManager.acquireClient(XceiverClientManager.java:141)
	at org.apache.hadoop.hdds.scm.storage.BlockOutputStream.<init>(BlockOutputStream.java:161)
	at org.apache.hadoop.hdds.scm.storage.ECBlockOutputStream.<init>(ECBlockOutputStream.java:78)
	at org.apache.hadoop.ozone.client.io.ECBlockOutputStreamEntry.checkStream(ECBlockOutputStreamEntry.java:101)
	at org.apache.hadoop.ozone.client.io.BlockOutputStreamEntry.write(BlockOutputStreamEntry.java:123)
	at org.apache.hadoop.ozone.client.io.ECKeyOutputStream.writeToOutputStream(ECKeyOutputStream.java:408)
	at org.apache.hadoop.ozone.client.io.ECKeyOutputStream.handleOutputStreamWrite(ECKeyOutputStream.java:392)
	at org.apache.hadoop.ozone.client.io.ECKeyOutputStream.close(ECKeyOutputStream.java:490)
	at org.apache.hadoop.ozone.client.io.OzoneOutputStream.close(OzoneOutputStream.java:61)
	at org.apache.hadoop.ozone.TestDataUtil.createKey(TestDataUtil.java:115)
	at org.apache.hadoop.ozone.scm.node.TestDecommissionAndMaintenance.generateData(TestDecommissionAndMaintenance.java:621)
	at org.apache.hadoop.ozone.scm.node.TestDecommissionAndMaintenance.testNodeWithOpenPipelineCanBeDecommissionedAndRecommissioned(TestDecommissionAndMaintenance.java:181)
	at sun.reflect.NativeMethodAccessorImpl.invoke0(Native Method)
	at sun.reflect.NativeMethodAccessorImpl.invoke(NativeMethodAccessorImpl.java:62)
	at sun.reflect.DelegatingMethodAccessorImpl.invoke(DelegatingMethodAccessorImpl.java:43)
	at java.lang.reflect.Method.invoke(Method.java:498)
	at org.junit.platform.commons.util.ReflectionUtils.invokeMethod(ReflectionUtils.java:725)
	at org.junit.jupiter.engine.execution.MethodInvocation.proceed(MethodInvocation.java:60)
	at org.junit.jupiter.engine.execution.InvocationInterceptorChain$ValidatingInvocation.proceed(InvocationInterceptorChain.java:131)
	at org.junit.jupiter.engine.extension.TimeoutExtension.intercept(TimeoutExtension.java:149)
	at org.junit.jupiter.engine.extension.TimeoutExtension.interceptTestableMethod(TimeoutExtension.java:140)
	at org.junit.jupiter.engine.extension.TimeoutExtension.interceptTestMethod(TimeoutExtension.java:84)
	at org.junit.jupiter.engine.execution.ExecutableInvoker$ReflectiveInterceptorCall.lambda$ofVoidMethod$0(ExecutableInvoker.java:115)
	at org.junit.jupiter.engine.execution.ExecutableInvoker.lambda$invoke$0(ExecutableInvoker.java:105)
	at org.junit.jupiter.engine.execution.InvocationInterceptorChain$InterceptedInvocation.proceed(InvocationInterceptorChain.java:106)
	at org.junit.jupiter.engine.execution.InvocationInterceptorChain.proceed(InvocationInterceptorChain.java:64)
	at org.junit.jupiter.engine.execution.InvocationInterceptorChain.chainAndInvoke(InvocationInterceptorChain.java:45)
	at org.junit.jupiter.engine.execution.InvocationInterceptorChain.invoke(InvocationInterceptorChain.java:37)
	at org.junit.jupiter.engine.execution.ExecutableInvoker.invoke(ExecutableInvoker.java:104)
	at org.junit.jupiter.engine.execution.ExecutableInvoker.invoke(ExecutableInvoker.java:98)
	at org.junit.jupiter.engine.descriptor.TestMethodTestDescriptor.lambda$invokeTestMethod$7(TestMethodTestDescriptor.java:214)
	at org.junit.platform.engine.support.hierarchical.ThrowableCollector.execute(ThrowableCollector.java:73)
	at org.junit.jupiter.engine.descriptor.TestMethodTestDescriptor.invokeTestMethod(TestMethodTestDescriptor.java:210)
	at org.junit.jupiter.engine.descriptor.TestMethodTestDescriptor.execute(TestMethodTestDescriptor.java:135)
	at org.junit.jupiter.engine.descriptor.TestMethodTestDescriptor.execute(TestMethodTestDescriptor.java:66)
	at org.junit.platform.engine.support.hierarchical.NodeTestTask.lambda$executeRecursively$6(NodeTestTask.java:151)
	at org.junit.platform.engine.support.hierarchical.ThrowableCollector.execute(ThrowableCollector.java:73)
	at org.junit.platform.engine.support.hierarchical.NodeTestTask.lambda$executeRecursively$8(NodeTestTask.java:141)
	at org.junit.platform.engine.support.hierarchical.Node.around(Node.java:137)
	at org.junit.platform.engine.support.hierarchical.NodeTestTask.lambda$executeRecursively$9(NodeTestTask.java:139)
	at org.junit.platform.engine.support.hierarchical.ThrowableCollector.execute(ThrowableCollector.java:73)
	at org.junit.platform.engine.support.hierarchical.NodeTestTask.executeRecursively(NodeTestTask.java:138)
	at org.junit.platform.engine.support.hierarchical.NodeTestTask.execute(NodeTestTask.java:95)
	at java.util.ArrayList.forEach(ArrayList.java:1259)
	at org.junit.platform.engine.support.hierarchical.SameThreadHierarchicalTestExecutorService.invokeAll(SameThreadHierarchicalTestExecutorService.java:41)
	at org.junit.platform.engine.support.hierarchical.NodeTestTask.lambda$executeRecursively$6(NodeTestTask.java:155)
	at org.junit.platform.engine.support.hierarchical.ThrowableCollector.execute(ThrowableCollector.java:73)
	at org.junit.platform.engine.support.hierarchical.NodeTestTask.lambda$executeRecursively$8(NodeTestTask.java:141)
	at org.junit.platform.engine.support.hierarchical.Node.around(Node.java:137)
	at org.junit.platform.engine.support.hierarchical.NodeTestTask.lambda$executeRecursively$9(NodeTestTask.java:139)
	at org.junit.platform.engine.support.hierarchical.ThrowableCollector.execute(ThrowableCollector.java:73)
	at org.junit.platform.engine.support.hierarchical.NodeTestTask.executeRecursively(NodeTestTask.java:138)
	at org.junit.platform.engine.support.hierarchical.NodeTestTask.execute(NodeTestTask.java:95)
	at java.util.ArrayList.forEach(ArrayList.java:1259)
	at org.junit.platform.engine.support.hierarchical.SameThreadHierarchicalTestExecutorService.invokeAll(SameThreadHierarchicalTestExecutorService.java:41)
	at org.junit.platform.engine.support.hierarchical.NodeTestTask.lambda$executeRecursively$6(NodeTestTask.java:155)
	at org.junit.platform.engine.support.hierarchical.ThrowableCollector.execute(ThrowableCollector.java:73)
	at org.junit.platform.engine.support.hierarchical.NodeTestTask.lambda$executeRecursively$8(NodeTestTask.java:141)
	at org.junit.platform.engine.support.hierarchical.Node.around(Node.java:137)
	at org.junit.platform.engine.support.hierarchical.NodeTestTask.lambda$executeRecursively$9(NodeTestTask.java:139)
	at org.junit.platform.engine.support.hierarchical.ThrowableCollector.execute(ThrowableCollector.java:73)
	at org.junit.platform.engine.support.hierarchical.NodeTestTask.executeRecursively(NodeTestTask.java:138)
	at org.junit.platform.engine.support.hierarchical.NodeTestTask.execute(NodeTestTask.java:95)
	at org.junit.platform.engine.support.hierarchical.SameThreadHierarchicalTestExecutorService.submit(SameThreadHierarchicalTestExecutorService.java:35)
	at org.junit.platform.engine.support.hierarchical.HierarchicalTestExecutor.execute(HierarchicalTestExecutor.java:57)
	at org.junit.platform.engine.support.hierarchical.HierarchicalTestEngine.execute(HierarchicalTestEngine.java:54)
	at org.junit.platform.launcher.core.EngineExecutionOrchestrator.execute(EngineExecutionOrchestrator.java:107)
	at org.junit.platform.launcher.core.EngineExecutionOrchestrator.execute(EngineExecutionOrchestrator.java:88)
	at org.junit.platform.launcher.core.EngineExecutionOrchestrator.lambda$execute$0(EngineExecutionOrchestrator.java:54)
	at org.junit.platform.launcher.core.EngineExecutionOrchestrator.withInterceptedStreams(EngineExecutionOrchestrator.java:67)
	at org.junit.platform.launcher.core.EngineExecutionOrchestrator.execute(EngineExecutionOrchestrator.java:52)
	at org.junit.platform.launcher.core.DefaultLauncher.execute(DefaultLauncher.java:114)
	at org.junit.platform.launcher.core.DefaultLauncher.execute(DefaultLauncher.java:86)
	at org.junit.platform.launcher.core.DefaultLauncherSession$DelegatingLauncher.execute(DefaultLauncherSession.java:86)
	at org.junit.platform.launcher.core.SessionPerRequestLauncher.execute(SessionPerRequestLauncher.java:53)
	at org.apache.maven.surefire.junitplatform.JUnitPlatformProvider.execute(JUnitPlatformProvider.java:188)
	at org.apache.maven.surefire.junitplatform.JUnitPlatformProvider.invokeAllTests(JUnitPlatformProvider.java:154)
	at org.apache.maven.surefire.junitplatform.JUnitPlatformProvider.invoke(JUnitPlatformProvider.java:124)
	at org.apache.maven.surefire.booter.ForkedBooter.runSuitesInProcess(ForkedBooter.java:428)
	at org.apache.maven.surefire.booter.ForkedBooter.execute(ForkedBooter.java:162)
	at org.apache.maven.surefire.booter.ForkedBooter.run(ForkedBooter.java:562)
	at org.apache.maven.surefire.booter.ForkedBooter.main(ForkedBooter.java:548)

Nov 18, 2022 1:06:03 PM org.apache.ratis.thirdparty.io.grpc.internal.ManagedChannelOrphanWrapper$ManagedChannelReference cleanQueue
SEVERE: *~*~*~ Channel ManagedChannelImpl{logId=179, target=10.1.0.56:43263} was not shutdown properly!!! ~*~*~*
    Make sure to call shutdown()/shutdownNow() and wait until awaitTermination() returns true.
java.lang.RuntimeException: ManagedChannel allocation site
	at org.apache.ratis.thirdparty.io.grpc.internal.ManagedChannelOrphanWrapper$ManagedChannelReference.<init>(ManagedChannelOrphanWrapper.java:93)
	at org.apache.ratis.thirdparty.io.grpc.internal.ManagedChannelOrphanWrapper.<init>(ManagedChannelOrphanWrapper.java:53)
	at org.apache.ratis.thirdparty.io.grpc.internal.ManagedChannelOrphanWrapper.<init>(ManagedChannelOrphanWrapper.java:44)
	at org.apache.ratis.thirdparty.io.grpc.internal.ManagedChannelImplBuilder.build(ManagedChannelImplBuilder.java:630)
	at org.apache.ratis.thirdparty.io.grpc.internal.AbstractManagedChannelImplBuilder.build(AbstractManagedChannelImplBuilder.java:297)
	at org.apache.hadoop.hdds.scm.XceiverClientGrpc.connectToDatanode(XceiverClientGrpc.java:205)
	at org.apache.hadoop.hdds.scm.XceiverClientGrpc.connect(XceiverClientGrpc.java:158)
	at org.apache.hadoop.hdds.scm.XceiverClientManager$2.call(XceiverClientManager.java:243)
	at org.apache.hadoop.hdds.scm.XceiverClientManager$2.call(XceiverClientManager.java:224)
	at com.google.common.cache.LocalCache$LocalManualCache$1.load(LocalCache.java:4868)
	at com.google.common.cache.LocalCache$LoadingValueReference.loadFuture(LocalCache.java:3533)
	at com.google.common.cache.LocalCache$Segment.loadSync(LocalCache.java:2282)
	at com.google.common.cache.LocalCache$Segment.lockedGetOrLoad(LocalCache.java:2159)
	at com.google.common.cache.LocalCache$Segment.get(LocalCache.java:2049)
	at com.google.common.cache.LocalCache.get(LocalCache.java:3966)
	at com.google.common.cache.LocalCache$LocalManualCache.get(LocalCache.java:4863)
	at org.apache.hadoop.hdds.scm.XceiverClientManager.getClient(XceiverClientManager.java:224)
	at org.apache.hadoop.hdds.scm.XceiverClientManager.acquireClient(XceiverClientManager.java:168)
	at org.apache.hadoop.hdds.scm.XceiverClientManager.acquireClient(XceiverClientManager.java:141)
	at org.apache.hadoop.hdds.scm.storage.BlockOutputStream.<init>(BlockOutputStream.java:161)
	at org.apache.hadoop.hdds.scm.storage.ECBlockOutputStream.<init>(ECBlockOutputStream.java:78)
	at org.apache.hadoop.ozone.client.io.ECBlockOutputStreamEntry.checkStream(ECBlockOutputStreamEntry.java:101)
	at org.apache.hadoop.ozone.client.io.BlockOutputStreamEntry.write(BlockOutputStreamEntry.java:123)
	at org.apache.hadoop.ozone.client.io.ECKeyOutputStream.writeToOutputStream(ECKeyOutputStream.java:408)
	at org.apache.hadoop.ozone.client.io.ECKeyOutputStream.handleOutputStreamWrite(ECKeyOutputStream.java:392)
	at org.apache.hadoop.ozone.client.io.ECKeyOutputStream.close(ECKeyOutputStream.java:490)
	at org.apache.hadoop.ozone.client.io.OzoneOutputStream.close(OzoneOutputStream.java:61)
	at org.apache.hadoop.ozone.TestDataUtil.createKey(TestDataUtil.java:115)
	at org.apache.hadoop.ozone.scm.node.TestDecommissionAndMaintenance.generateData(TestDecommissionAndMaintenance.java:621)
	at org.apache.hadoop.ozone.scm.node.TestDecommissionAndMaintenance.testNodeWithOpenPipelineCanBeDecommissionedAndRecommissioned(TestDecommissionAndMaintenance.java:181)
	at sun.reflect.NativeMethodAccessorImpl.invoke0(Native Method)
	at sun.reflect.NativeMethodAccessorImpl.invoke(NativeMethodAccessorImpl.java:62)
	at sun.reflect.DelegatingMethodAccessorImpl.invoke(DelegatingMethodAccessorImpl.java:43)
	at java.lang.reflect.Method.invoke(Method.java:498)
	at org.junit.platform.commons.util.ReflectionUtils.invokeMethod(ReflectionUtils.java:725)
	at org.junit.jupiter.engine.execution.MethodInvocation.proceed(MethodInvocation.java:60)
	at org.junit.jupiter.engine.execution.InvocationInterceptorChain$ValidatingInvocation.proceed(InvocationInterceptorChain.java:131)
	at org.junit.jupiter.engine.extension.TimeoutExtension.intercept(TimeoutExtension.java:149)
	at org.junit.jupiter.engine.extension.TimeoutExtension.interceptTestableMethod(TimeoutExtension.java:140)
	at org.junit.jupiter.engine.extension.TimeoutExtension.interceptTestMethod(TimeoutExtension.java:84)
	at org.junit.jupiter.engine.execution.ExecutableInvoker$ReflectiveInterceptorCall.lambda$ofVoidMethod$0(ExecutableInvoker.java:115)
	at org.junit.jupiter.engine.execution.ExecutableInvoker.lambda$invoke$0(ExecutableInvoker.java:105)
	at org.junit.jupiter.engine.execution.InvocationInterceptorChain$InterceptedInvocation.proceed(InvocationInterceptorChain.java:106)
	at org.junit.jupiter.engine.execution.InvocationInterceptorChain.proceed(InvocationInterceptorChain.java:64)
	at org.junit.jupiter.engine.execution.InvocationInterceptorChain.chainAndInvoke(InvocationInterceptorChain.java:45)
	at org.junit.jupiter.engine.execution.InvocationInterceptorChain.invoke(InvocationInterceptorChain.java:37)
	at org.junit.jupiter.engine.execution.ExecutableInvoker.invoke(ExecutableInvoker.java:104)
	at org.junit.jupiter.engine.execution.ExecutableInvoker.invoke(ExecutableInvoker.java:98)
	at org.junit.jupiter.engine.descriptor.TestMethodTestDescriptor.lambda$invokeTestMethod$7(TestMethodTestDescriptor.java:214)
	at org.junit.platform.engine.support.hierarchical.ThrowableCollector.execute(ThrowableCollector.java:73)
	at org.junit.jupiter.engine.descriptor.TestMethodTestDescriptor.invokeTestMethod(TestMethodTestDescriptor.java:210)
	at org.junit.jupiter.engine.descriptor.TestMethodTestDescriptor.execute(TestMethodTestDescriptor.java:135)
	at org.junit.jupiter.engine.descriptor.TestMethodTestDescriptor.execute(TestMethodTestDescriptor.java:66)
	at org.junit.platform.engine.support.hierarchical.NodeTestTask.lambda$executeRecursively$6(NodeTestTask.java:151)
	at org.junit.platform.engine.support.hierarchical.ThrowableCollector.execute(ThrowableCollector.java:73)
	at org.junit.platform.engine.support.hierarchical.NodeTestTask.lambda$executeRecursively$8(NodeTestTask.java:141)
	at org.junit.platform.engine.support.hierarchical.Node.around(Node.java:137)
	at org.junit.platform.engine.support.hierarchical.NodeTestTask.lambda$executeRecursively$9(NodeTestTask.java:139)
	at org.junit.platform.engine.support.hierarchical.ThrowableCollector.execute(ThrowableCollector.java:73)
	at org.junit.platform.engine.support.hierarchical.NodeTestTask.executeRecursively(NodeTestTask.java:138)
	at org.junit.platform.engine.support.hierarchical.NodeTestTask.execute(NodeTestTask.java:95)
	at java.util.ArrayList.forEach(ArrayList.java:1259)
	at org.junit.platform.engine.support.hierarchical.SameThreadHierarchicalTestExecutorService.invokeAll(SameThreadHierarchicalTestExecutorService.java:41)
	at org.junit.platform.engine.support.hierarchical.NodeTestTask.lambda$executeRecursively$6(NodeTestTask.java:155)
	at org.junit.platform.engine.support.hierarchical.ThrowableCollector.execute(ThrowableCollector.java:73)
	at org.junit.platform.engine.support.hierarchical.NodeTestTask.lambda$executeRecursively$8(NodeTestTask.java:141)
	at org.junit.platform.engine.support.hierarchical.Node.around(Node.java:137)
	at org.junit.platform.engine.support.hierarchical.NodeTestTask.lambda$executeRecursively$9(NodeTestTask.java:139)
	at org.junit.platform.engine.support.hierarchical.ThrowableCollector.execute(ThrowableCollector.java:73)
	at org.junit.platform.engine.support.hierarchical.NodeTestTask.executeRecursively(NodeTestTask.java:138)
	at org.junit.platform.engine.support.hierarchical.NodeTestTask.execute(NodeTestTask.java:95)
	at java.util.ArrayList.forEach(ArrayList.java:1259)
	at org.junit.platform.engine.support.hierarchical.SameThreadHierarchicalTestExecutorService.invokeAll(SameThreadHierarchicalTestExecutorService.java:41)
	at org.junit.platform.engine.support.hierarchical.NodeTestTask.lambda$executeRecursively$6(NodeTestTask.java:155)
	at org.junit.platform.engine.support.hierarchical.ThrowableCollector.execute(ThrowableCollector.java:73)
	at org.junit.platform.engine.support.hierarchical.NodeTestTask.lambda$executeRecursively$8(NodeTestTask.java:141)
	at org.junit.platform.engine.support.hierarchical.Node.around(Node.java:137)
	at org.junit.platform.engine.support.hierarchical.NodeTestTask.lambda$executeRecursively$9(NodeTestTask.java:139)
	at org.junit.platform.engine.support.hierarchical.ThrowableCollector.execute(ThrowableCollector.java:73)
	at org.junit.platform.engine.support.hierarchical.NodeTestTask.executeRecursively(NodeTestTask.java:138)
	at org.junit.platform.engine.support.hierarchical.NodeTestTask.execute(NodeTestTask.java:95)
	at org.junit.platform.engine.support.hierarchical.SameThreadHierarchicalTestExecutorService.submit(SameThreadHierarchicalTestExecutorService.java:35)
	at org.junit.platform.engine.support.hierarchical.HierarchicalTestExecutor.execute(HierarchicalTestExecutor.java:57)
	at org.junit.platform.engine.support.hierarchical.HierarchicalTestEngine.execute(HierarchicalTestEngine.java:54)
	at org.junit.platform.launcher.core.EngineExecutionOrchestrator.execute(EngineExecutionOrchestrator.java:107)
	at org.junit.platform.launcher.core.EngineExecutionOrchestrator.execute(EngineExecutionOrchestrator.java:88)
	at org.junit.platform.launcher.core.EngineExecutionOrchestrator.lambda$execute$0(EngineExecutionOrchestrator.java:54)
	at org.junit.platform.launcher.core.EngineExecutionOrchestrator.withInterceptedStreams(EngineExecutionOrchestrator.java:67)
	at org.junit.platform.launcher.core.EngineExecutionOrchestrator.execute(EngineExecutionOrchestrator.java:52)
	at org.junit.platform.launcher.core.DefaultLauncher.execute(DefaultLauncher.java:114)
	at org.junit.platform.launcher.core.DefaultLauncher.execute(DefaultLauncher.java:86)
	at org.junit.platform.launcher.core.DefaultLauncherSession$DelegatingLauncher.execute(DefaultLauncherSession.java:86)
	at org.junit.platform.launcher.core.SessionPerRequestLauncher.execute(SessionPerRequestLauncher.java:53)
	at org.apache.maven.surefire.junitplatform.JUnitPlatformProvider.execute(JUnitPlatformProvider.java:188)
	at org.apache.maven.surefire.junitplatform.JUnitPlatformProvider.invokeAllTests(JUnitPlatformProvider.java:154)
	at org.apache.maven.surefire.junitplatform.JUnitPlatformProvider.invoke(JUnitPlatformProvider.java:124)
	at org.apache.maven.surefire.booter.ForkedBooter.runSuitesInProcess(ForkedBooter.java:428)
	at org.apache.maven.surefire.booter.ForkedBooter.execute(ForkedBooter.java:162)
	at org.apache.maven.surefire.booter.ForkedBooter.run(ForkedBooter.java:562)
	at org.apache.maven.surefire.booter.ForkedBooter.main(ForkedBooter.java:548)

Nov 18, 2022 1:06:03 PM org.apache.ratis.thirdparty.io.grpc.internal.ManagedChannelOrphanWrapper$ManagedChannelReference cleanQueue
SEVERE: *~*~*~ Channel ManagedChannelImpl{logId=208, target=10.1.0.56:39913} was not shutdown properly!!! ~*~*~*
    Make sure to call shutdown()/shutdownNow() and wait until awaitTermination() returns true.
java.lang.RuntimeException: ManagedChannel allocation site
	at org.apache.ratis.thirdparty.io.grpc.internal.ManagedChannelOrphanWrapper$ManagedChannelReference.<init>(ManagedChannelOrphanWrapper.java:93)
	at org.apache.ratis.thirdparty.io.grpc.internal.ManagedChannelOrphanWrapper.<init>(ManagedChannelOrphanWrapper.java:53)
	at org.apache.ratis.thirdparty.io.grpc.internal.ManagedChannelOrphanWrapper.<init>(ManagedChannelOrphanWrapper.java:44)
	at org.apache.ratis.thirdparty.io.grpc.internal.ManagedChannelImplBuilder.build(ManagedChannelImplBuilder.java:630)
	at org.apache.ratis.thirdparty.io.grpc.internal.AbstractManagedChannelImplBuilder.build(AbstractManagedChannelImplBuilder.java:297)
	at org.apache.hadoop.hdds.scm.XceiverClientGrpc.connectToDatanode(XceiverClientGrpc.java:205)
	at org.apache.hadoop.hdds.scm.XceiverClientGrpc.connect(XceiverClientGrpc.java:158)
	at org.apache.hadoop.hdds.scm.XceiverClientManager$2.call(XceiverClientManager.java:243)
	at org.apache.hadoop.hdds.scm.XceiverClientManager$2.call(XceiverClientManager.java:224)
	at com.google.common.cache.LocalCache$LocalManualCache$1.load(LocalCache.java:4868)
	at com.google.common.cache.LocalCache$LoadingValueReference.loadFuture(LocalCache.java:3533)
	at com.google.common.cache.LocalCache$Segment.loadSync(LocalCache.java:2282)
	at com.google.common.cache.LocalCache$Segment.lockedGetOrLoad(LocalCache.java:2159)
	at com.google.common.cache.LocalCache$Segment.get(LocalCache.java:2049)
	at com.google.common.cache.LocalCache.get(LocalCache.java:3966)
	at com.google.common.cache.LocalCache$LocalManualCache.get(LocalCache.java:4863)
	at org.apache.hadoop.hdds.scm.XceiverClientManager.getClient(XceiverClientManager.java:224)
	at org.apache.hadoop.hdds.scm.XceiverClientManager.acquireClient(XceiverClientManager.java:168)
	at org.apache.hadoop.hdds.scm.XceiverClientManager.acquireClient(XceiverClientManager.java:141)
	at org.apache.hadoop.hdds.scm.storage.BlockOutputStream.<init>(BlockOutputStream.java:161)
	at org.apache.hadoop.hdds.scm.storage.ECBlockOutputStream.<init>(ECBlockOutputStream.java:78)
	at org.apache.hadoop.ozone.client.io.ECBlockOutputStreamEntry.checkStream(ECBlockOutputStreamEntry.java:101)
	at org.apache.hadoop.ozone.client.io.BlockOutputStreamEntry.write(BlockOutputStreamEntry.java:123)
	at org.apache.hadoop.ozone.client.io.ECKeyOutputStream.writeToOutputStream(ECKeyOutputStream.java:408)
	at org.apache.hadoop.ozone.client.io.ECKeyOutputStream.handleOutputStreamWrite(ECKeyOutputStream.java:392)
	at org.apache.hadoop.ozone.client.io.ECKeyOutputStream.close(ECKeyOutputStream.java:490)
	at org.apache.hadoop.ozone.client.io.OzoneOutputStream.close(OzoneOutputStream.java:61)
	at org.apache.hadoop.ozone.TestDataUtil.createKey(TestDataUtil.java:115)
	at org.apache.hadoop.ozone.scm.node.TestDecommissionAndMaintenance.generateData(TestDecommissionAndMaintenance.java:621)
	at org.apache.hadoop.ozone.scm.node.TestDecommissionAndMaintenance.testNodeWithOpenPipelineCanBeDecommissionedAndRecommissioned(TestDecommissionAndMaintenance.java:181)
	at sun.reflect.NativeMethodAccessorImpl.invoke0(Native Method)
	at sun.reflect.NativeMethodAccessorImpl.invoke(NativeMethodAccessorImpl.java:62)
	at sun.reflect.DelegatingMethodAccessorImpl.invoke(DelegatingMethodAccessorImpl.java:43)
	at java.lang.reflect.Method.invoke(Method.java:498)
	at org.junit.platform.commons.util.ReflectionUtils.invokeMethod(ReflectionUtils.java:725)
	at org.junit.jupiter.engine.execution.MethodInvocation.proceed(MethodInvocation.java:60)
	at org.junit.jupiter.engine.execution.InvocationInterceptorChain$ValidatingInvocation.proceed(InvocationInterceptorChain.java:131)
	at org.junit.jupiter.engine.extension.TimeoutExtension.intercept(TimeoutExtension.java:149)
	at org.junit.jupiter.engine.extension.TimeoutExtension.interceptTestableMethod(TimeoutExtension.java:140)
	at org.junit.jupiter.engine.extension.TimeoutExtension.interceptTestMethod(TimeoutExtension.java:84)
	at org.junit.jupiter.engine.execution.ExecutableInvoker$ReflectiveInterceptorCall.lambda$ofVoidMethod$0(ExecutableInvoker.java:115)
	at org.junit.jupiter.engine.execution.ExecutableInvoker.lambda$invoke$0(ExecutableInvoker.java:105)
	at org.junit.jupiter.engine.execution.InvocationInterceptorChain$InterceptedInvocation.proceed(InvocationInterceptorChain.java:106)
	at org.junit.jupiter.engine.execution.InvocationInterceptorChain.proceed(InvocationInterceptorChain.java:64)
	at org.junit.jupiter.engine.execution.InvocationInterceptorChain.chainAndInvoke(InvocationInterceptorChain.java:45)
	at org.junit.jupiter.engine.execution.InvocationInterceptorChain.invoke(InvocationInterceptorChain.java:37)
	at org.junit.jupiter.engine.execution.ExecutableInvoker.invoke(ExecutableInvoker.java:104)
	at org.junit.jupiter.engine.execution.ExecutableInvoker.invoke(ExecutableInvoker.java:98)
	at org.junit.jupiter.engine.descriptor.TestMethodTestDescriptor.lambda$invokeTestMethod$7(TestMethodTestDescriptor.java:214)
	at org.junit.platform.engine.support.hierarchical.ThrowableCollector.execute(ThrowableCollector.java:73)
	at org.junit.jupiter.engine.descriptor.TestMethodTestDescriptor.invokeTestMethod(TestMethodTestDescriptor.java:210)
	at org.junit.jupiter.engine.descriptor.TestMethodTestDescriptor.execute(TestMethodTestDescriptor.java:135)
	at org.junit.jupiter.engine.descriptor.TestMethodTestDescriptor.execute(TestMethodTestDescriptor.java:66)
	at org.junit.platform.engine.support.hierarchical.NodeTestTask.lambda$executeRecursively$6(NodeTestTask.java:151)
	at org.junit.platform.engine.support.hierarchical.ThrowableCollector.execute(ThrowableCollector.java:73)
	at org.junit.platform.engine.support.hierarchical.NodeTestTask.lambda$executeRecursively$8(NodeTestTask.java:141)
	at org.junit.platform.engine.support.hierarchical.Node.around(Node.java:137)
	at org.junit.platform.engine.support.hierarchical.NodeTestTask.lambda$executeRecursively$9(NodeTestTask.java:139)
	at org.junit.platform.engine.support.hierarchical.ThrowableCollector.execute(ThrowableCollector.java:73)
	at org.junit.platform.engine.support.hierarchical.NodeTestTask.executeRecursively(NodeTestTask.java:138)
	at org.junit.platform.engine.support.hierarchical.NodeTestTask.execute(NodeTestTask.java:95)
	at java.util.ArrayList.forEach(ArrayList.java:1259)
	at org.junit.platform.engine.support.hierarchical.SameThreadHierarchicalTestExecutorService.invokeAll(SameThreadHierarchicalTestExecutorService.java:41)
	at org.junit.platform.engine.support.hierarchical.NodeTestTask.lambda$executeRecursively$6(NodeTestTask.java:155)
	at org.junit.platform.engine.support.hierarchical.ThrowableCollector.execute(ThrowableCollector.java:73)
	at org.junit.platform.engine.support.hierarchical.NodeTestTask.lambda$executeRecursively$8(NodeTestTask.java:141)
	at org.junit.platform.engine.support.hierarchical.Node.around(Node.java:137)
	at org.junit.platform.engine.support.hierarchical.NodeTestTask.lambda$executeRecursively$9(NodeTestTask.java:139)
	at org.junit.platform.engine.support.hierarchical.ThrowableCollector.execute(ThrowableCollector.java:73)
	at org.junit.platform.engine.support.hierarchical.NodeTestTask.executeRecursively(NodeTestTask.java:138)
	at org.junit.platform.engine.support.hierarchical.NodeTestTask.execute(NodeTestTask.java:95)
	at java.util.ArrayList.forEach(ArrayList.java:1259)
	at org.junit.platform.engine.support.hierarchical.SameThreadHierarchicalTestExecutorService.invokeAll(SameThreadHierarchicalTestExecutorService.java:41)
	at org.junit.platform.engine.support.hierarchical.NodeTestTask.lambda$executeRecursively$6(NodeTestTask.java:155)
	at org.junit.platform.engine.support.hierarchical.ThrowableCollector.execute(ThrowableCollector.java:73)
	at org.junit.platform.engine.support.hierarchical.NodeTestTask.lambda$executeRecursively$8(NodeTestTask.java:141)
	at org.junit.platform.engine.support.hierarchical.Node.around(Node.java:137)
	at org.junit.platform.engine.support.hierarchical.NodeTestTask.lambda$executeRecursively$9(NodeTestTask.java:139)
	at org.junit.platform.engine.support.hierarchical.ThrowableCollector.execute(ThrowableCollector.java:73)
	at org.junit.platform.engine.support.hierarchical.NodeTestTask.executeRecursively(NodeTestTask.java:138)
	at org.junit.platform.engine.support.hierarchical.NodeTestTask.execute(NodeTestTask.java:95)
	at org.junit.platform.engine.support.hierarchical.SameThreadHierarchicalTestExecutorService.submit(SameThreadHierarchicalTestExecutorService.java:35)
	at org.junit.platform.engine.support.hierarchical.HierarchicalTestExecutor.execute(HierarchicalTestExecutor.java:57)
	at org.junit.platform.engine.support.hierarchical.HierarchicalTestEngine.execute(HierarchicalTestEngine.java:54)
	at org.junit.platform.launcher.core.EngineExecutionOrchestrator.execute(EngineExecutionOrchestrator.java:107)
	at org.junit.platform.launcher.core.EngineExecutionOrchestrator.execute(EngineExecutionOrchestrator.java:88)
	at org.junit.platform.launcher.core.EngineExecutionOrchestrator.lambda$execute$0(EngineExecutionOrchestrator.java:54)
	at org.junit.platform.launcher.core.EngineExecutionOrchestrator.withInterceptedStreams(EngineExecutionOrchestrator.java:67)
	at org.junit.platform.launcher.core.EngineExecutionOrchestrator.execute(EngineExecutionOrchestrator.java:52)
	at org.junit.platform.launcher.core.DefaultLauncher.execute(DefaultLauncher.java:114)
	at org.junit.platform.launcher.core.DefaultLauncher.execute(DefaultLauncher.java:86)
	at org.junit.platform.launcher.core.DefaultLauncherSession$DelegatingLauncher.execute(DefaultLauncherSession.java:86)
	at org.junit.platform.launcher.core.SessionPerRequestLauncher.execute(SessionPerRequestLauncher.java:53)
	at org.apache.maven.surefire.junitplatform.JUnitPlatformProvider.execute(JUnitPlatformProvider.java:188)
	at org.apache.maven.surefire.junitplatform.JUnitPlatformProvider.invokeAllTests(JUnitPlatformProvider.java:154)
	at org.apache.maven.surefire.junitplatform.JUnitPlatformProvider.invoke(JUnitPlatformProvider.java:124)
	at org.apache.maven.surefire.booter.ForkedBooter.runSuitesInProcess(ForkedBooter.java:428)
	at org.apache.maven.surefire.booter.ForkedBooter.execute(ForkedBooter.java:162)
	at org.apache.maven.surefire.booter.ForkedBooter.run(ForkedBooter.java:562)
	at org.apache.maven.surefire.booter.ForkedBooter.main(ForkedBooter.java:548)

Nov 18, 2022 1:06:03 PM org.apache.ratis.thirdparty.io.grpc.internal.ManagedChannelOrphanWrapper$ManagedChannelReference cleanQueue
SEVERE: *~*~*~ Channel ManagedChannelImpl{logId=210, target=10.1.0.56:38047} was not shutdown properly!!! ~*~*~*
    Make sure to call shutdown()/shutdownNow() and wait until awaitTermination() returns true.
java.lang.RuntimeException: ManagedChannel allocation site
	at org.apache.ratis.thirdparty.io.grpc.internal.ManagedChannelOrphanWrapper$ManagedChannelReference.<init>(ManagedChannelOrphanWrapper.java:93)
	at org.apache.ratis.thirdparty.io.grpc.internal.ManagedChannelOrphanWrapper.<init>(ManagedChannelOrphanWrapper.java:53)
	at org.apache.ratis.thirdparty.io.grpc.internal.ManagedChannelOrphanWrapper.<init>(ManagedChannelOrphanWrapper.java:44)
	at org.apache.ratis.thirdparty.io.grpc.internal.ManagedChannelImplBuilder.build(ManagedChannelImplBuilder.java:630)
	at org.apache.ratis.thirdparty.io.grpc.internal.AbstractManagedChannelImplBuilder.build(AbstractManagedChannelImplBuilder.java:297)
	at org.apache.hadoop.hdds.scm.XceiverClientGrpc.connectToDatanode(XceiverClientGrpc.java:205)
	at org.apache.hadoop.hdds.scm.XceiverClientGrpc.connect(XceiverClientGrpc.java:158)
	at org.apache.hadoop.hdds.scm.XceiverClientManager$2.call(XceiverClientManager.java:243)
	at org.apache.hadoop.hdds.scm.XceiverClientManager$2.call(XceiverClientManager.java:224)
	at com.google.common.cache.LocalCache$LocalManualCache$1.load(LocalCache.java:4868)
	at com.google.common.cache.LocalCache$LoadingValueReference.loadFuture(LocalCache.java:3533)
	at com.google.common.cache.LocalCache$Segment.loadSync(LocalCache.java:2282)
	at com.google.common.cache.LocalCache$Segment.lockedGetOrLoad(LocalCache.java:2159)
	at com.google.common.cache.LocalCache$Segment.get(LocalCache.java:2049)
	at com.google.common.cache.LocalCache.get(LocalCache.java:3966)
	at com.google.common.cache.LocalCache$LocalManualCache.get(LocalCache.java:4863)
	at org.apache.hadoop.hdds.scm.XceiverClientManager.getClient(XceiverClientManager.java:224)
	at org.apache.hadoop.hdds.scm.XceiverClientManager.acquireClient(XceiverClientManager.java:168)
	at org.apache.hadoop.hdds.scm.XceiverClientManager.acquireClient(XceiverClientManager.java:141)
	at org.apache.hadoop.hdds.scm.storage.BlockOutputStream.<init>(BlockOutputStream.java:161)
	at org.apache.hadoop.hdds.scm.storage.ECBlockOutputStream.<init>(ECBlockOutputStream.java:78)
	at org.apache.hadoop.ozone.client.io.ECBlockOutputStreamEntry.checkStream(ECBlockOutputStreamEntry.java:101)
	at org.apache.hadoop.ozone.client.io.BlockOutputStreamEntry.write(BlockOutputStreamEntry.java:123)
	at org.apache.hadoop.ozone.client.io.ECKeyOutputStream.writeToOutputStream(ECKeyOutputStream.java:408)
	at org.apache.hadoop.ozone.client.io.ECKeyOutputStream.handleOutputStreamWrite(ECKeyOutputStream.java:392)
	at org.apache.hadoop.ozone.client.io.ECKeyOutputStream.close(ECKeyOutputStream.java:490)
	at org.apache.hadoop.ozone.client.io.OzoneOutputStream.close(OzoneOutputStream.java:61)
	at org.apache.hadoop.ozone.TestDataUtil.createKey(TestDataUtil.java:115)
	at org.apache.hadoop.ozone.scm.node.TestDecommissionAndMaintenance.generateData(TestDecommissionAndMaintenance.java:621)
	at org.apache.hadoop.ozone.scm.node.TestDecommissionAndMaintenance.testNodeWithOpenPipelineCanBeDecommissionedAndRecommissioned(TestDecommissionAndMaintenance.java:181)
	at sun.reflect.NativeMethodAccessorImpl.invoke0(Native Method)
	at sun.reflect.NativeMethodAccessorImpl.invoke(NativeMethodAccessorImpl.java:62)
	at sun.reflect.DelegatingMethodAccessorImpl.invoke(DelegatingMethodAccessorImpl.java:43)
	at java.lang.reflect.Method.invoke(Method.java:498)
	at org.junit.platform.commons.util.ReflectionUtils.invokeMethod(ReflectionUtils.java:725)
	at org.junit.jupiter.engine.execution.MethodInvocation.proceed(MethodInvocation.java:60)
	at org.junit.jupiter.engine.execution.InvocationInterceptorChain$ValidatingInvocation.proceed(InvocationInterceptorChain.java:131)
	at org.junit.jupiter.engine.extension.TimeoutExtension.intercept(TimeoutExtension.java:149)
	at org.junit.jupiter.engine.extension.TimeoutExtension.interceptTestableMethod(TimeoutExtension.java:140)
	at org.junit.jupiter.engine.extension.TimeoutExtension.interceptTestMethod(TimeoutExtension.java:84)
	at org.junit.jupiter.engine.execution.ExecutableInvoker$ReflectiveInterceptorCall.lambda$ofVoidMethod$0(ExecutableInvoker.java:115)
	at org.junit.jupiter.engine.execution.ExecutableInvoker.lambda$invoke$0(ExecutableInvoker.java:105)
	at org.junit.jupiter.engine.execution.InvocationInterceptorChain$InterceptedInvocation.proceed(InvocationInterceptorChain.java:106)
	at org.junit.jupiter.engine.execution.InvocationInterceptorChain.proceed(InvocationInterceptorChain.java:64)
	at org.junit.jupiter.engine.execution.InvocationInterceptorChain.chainAndInvoke(InvocationInterceptorChain.java:45)
	at org.junit.jupiter.engine.execution.InvocationInterceptorChain.invoke(InvocationInterceptorChain.java:37)
	at org.junit.jupiter.engine.execution.ExecutableInvoker.invoke(ExecutableInvoker.java:104)
	at org.junit.jupiter.engine.execution.ExecutableInvoker.invoke(ExecutableInvoker.java:98)
	at org.junit.jupiter.engine.descriptor.TestMethodTestDescriptor.lambda$invokeTestMethod$7(TestMethodTestDescriptor.java:214)
	at org.junit.platform.engine.support.hierarchical.ThrowableCollector.execute(ThrowableCollector.java:73)
	at org.junit.jupiter.engine.descriptor.TestMethodTestDescriptor.invokeTestMethod(TestMethodTestDescriptor.java:210)
	at org.junit.jupiter.engine.descriptor.TestMethodTestDescriptor.execute(TestMethodTestDescriptor.java:135)
	at org.junit.jupiter.engine.descriptor.TestMethodTestDescriptor.execute(TestMethodTestDescriptor.java:66)
	at org.junit.platform.engine.support.hierarchical.NodeTestTask.lambda$executeRecursively$6(NodeTestTask.java:151)
	at org.junit.platform.engine.support.hierarchical.ThrowableCollector.execute(ThrowableCollector.java:73)
	at org.junit.platform.engine.support.hierarchical.NodeTestTask.lambda$executeRecursively$8(NodeTestTask.java:141)
	at org.junit.platform.engine.support.hierarchical.Node.around(Node.java:137)
	at org.junit.platform.engine.support.hierarchical.NodeTestTask.lambda$executeRecursively$9(NodeTestTask.java:139)
	at org.junit.platform.engine.support.hierarchical.ThrowableCollector.execute(ThrowableCollector.java:73)
	at org.junit.platform.engine.support.hierarchical.NodeTestTask.executeRecursively(NodeTestTask.java:138)
	at org.junit.platform.engine.support.hierarchical.NodeTestTask.execute(NodeTestTask.java:95)
	at java.util.ArrayList.forEach(ArrayList.java:1259)
	at org.junit.platform.engine.support.hierarchical.SameThreadHierarchicalTestExecutorService.invokeAll(SameThreadHierarchicalTestExecutorService.java:41)
	at org.junit.platform.engine.support.hierarchical.NodeTestTask.lambda$executeRecursively$6(NodeTestTask.java:155)
	at org.junit.platform.engine.support.hierarchical.ThrowableCollector.execute(ThrowableCollector.java:73)
	at org.junit.platform.engine.support.hierarchical.NodeTestTask.lambda$executeRecursively$8(NodeTestTask.java:141)
	at org.junit.platform.engine.support.hierarchical.Node.around(Node.java:137)
	at org.junit.platform.engine.support.hierarchical.NodeTestTask.lambda$executeRecursively$9(NodeTestTask.java:139)
	at org.junit.platform.engine.support.hierarchical.ThrowableCollector.execute(ThrowableCollector.java:73)
	at org.junit.platform.engine.support.hierarchical.NodeTestTask.executeRecursively(NodeTestTask.java:138)
	at org.junit.platform.engine.support.hierarchical.NodeTestTask.execute(NodeTestTask.java:95)
	at java.util.ArrayList.forEach(ArrayList.java:1259)
	at org.junit.platform.engine.support.hierarchical.SameThreadHierarchicalTestExecutorService.invokeAll(SameThreadHierarchicalTestExecutorService.java:41)
	at org.junit.platform.engine.support.hierarchical.NodeTestTask.lambda$executeRecursively$6(NodeTestTask.java:155)
	at org.junit.platform.engine.support.hierarchical.ThrowableCollector.execute(ThrowableCollector.java:73)
	at org.junit.platform.engine.support.hierarchical.NodeTestTask.lambda$executeRecursively$8(NodeTestTask.java:141)
	at org.junit.platform.engine.support.hierarchical.Node.around(Node.java:137)
	at org.junit.platform.engine.support.hierarchical.NodeTestTask.lambda$executeRecursively$9(NodeTestTask.java:139)
	at org.junit.platform.engine.support.hierarchical.ThrowableCollector.execute(ThrowableCollector.java:73)
	at org.junit.platform.engine.support.hierarchical.NodeTestTask.executeRecursively(NodeTestTask.java:138)
	at org.junit.platform.engine.support.hierarchical.NodeTestTask.execute(NodeTestTask.java:95)
	at org.junit.platform.engine.support.hierarchical.SameThreadHierarchicalTestExecutorService.submit(SameThreadHierarchicalTestExecutorService.java:35)
	at org.junit.platform.engine.support.hierarchical.HierarchicalTestExecutor.execute(HierarchicalTestExecutor.java:57)
	at org.junit.platform.engine.support.hierarchical.HierarchicalTestEngine.execute(HierarchicalTestEngine.java:54)
	at org.junit.platform.launcher.core.EngineExecutionOrchestrator.execute(EngineExecutionOrchestrator.java:107)
	at org.junit.platform.launcher.core.EngineExecutionOrchestrator.execute(EngineExecutionOrchestrator.java:88)
	at org.junit.platform.launcher.core.EngineExecutionOrchestrator.lambda$execute$0(EngineExecutionOrchestrator.java:54)
	at org.junit.platform.launcher.core.EngineExecutionOrchestrator.withInterceptedStreams(EngineExecutionOrchestrator.java:67)
	at org.junit.platform.launcher.core.EngineExecutionOrchestrator.execute(EngineExecutionOrchestrator.java:52)
	at org.junit.platform.launcher.core.DefaultLauncher.execute(DefaultLauncher.java:114)
	at org.junit.platform.launcher.core.DefaultLauncher.execute(DefaultLauncher.java:86)
	at org.junit.platform.launcher.core.DefaultLauncherSession$DelegatingLauncher.execute(DefaultLauncherSession.java:86)
	at org.junit.platform.launcher.core.SessionPerRequestLauncher.execute(SessionPerRequestLauncher.java:53)
	at org.apache.maven.surefire.junitplatform.JUnitPlatformProvider.execute(JUnitPlatformProvider.java:188)
	at org.apache.maven.surefire.junitplatform.JUnitPlatformProvider.invokeAllTests(JUnitPlatformProvider.java:154)
	at org.apache.maven.surefire.junitplatform.JUnitPlatformProvider.invoke(JUnitPlatformProvider.java:124)
	at org.apache.maven.surefire.booter.ForkedBooter.runSuitesInProcess(ForkedBooter.java:428)
	at org.apache.maven.surefire.booter.ForkedBooter.execute(ForkedBooter.java:162)
	at org.apache.maven.surefire.booter.ForkedBooter.run(ForkedBooter.java:562)
	at org.apache.maven.surefire.booter.ForkedBooter.main(ForkedBooter.java:548)

Nov 18, 2022 1:06:03 PM org.apache.ratis.thirdparty.io.grpc.internal.ManagedChannelOrphanWrapper$ManagedChannelReference cleanQueue
SEVERE: *~*~*~ Channel ManagedChannelImpl{logId=283, target=10.1.0.56:44139} was not shutdown properly!!! ~*~*~*
    Make sure to call shutdown()/shutdownNow() and wait until awaitTermination() returns true.
java.lang.RuntimeException: ManagedChannel allocation site
	at org.apache.ratis.thirdparty.io.grpc.internal.ManagedChannelOrphanWrapper$ManagedChannelReference.<init>(ManagedChannelOrphanWrapper.java:93)
	at org.apache.ratis.thirdparty.io.grpc.internal.ManagedChannelOrphanWrapper.<init>(ManagedChannelOrphanWrapper.java:53)
	at org.apache.ratis.thirdparty.io.grpc.internal.ManagedChannelOrphanWrapper.<init>(ManagedChannelOrphanWrapper.java:44)
	at org.apache.ratis.thirdparty.io.grpc.internal.ManagedChannelImplBuilder.build(ManagedChannelImplBuilder.java:630)
	at org.apache.ratis.thirdparty.io.grpc.internal.AbstractManagedChannelImplBuilder.build(AbstractManagedChannelImplBuilder.java:297)
	at org.apache.hadoop.hdds.scm.XceiverClientGrpc.connectToDatanode(XceiverClientGrpc.java:205)
	at org.apache.hadoop.hdds.scm.XceiverClientGrpc.connect(XceiverClientGrpc.java:158)
	at org.apache.hadoop.hdds.scm.XceiverClientManager$2.call(XceiverClientManager.java:243)
	at org.apache.hadoop.hdds.scm.XceiverClientManager$2.call(XceiverClientManager.java:224)
	at com.google.common.cache.LocalCache$LocalManualCache$1.load(LocalCache.java:4868)
	at com.google.common.cache.LocalCache$LoadingValueReference.loadFuture(LocalCache.java:3533)
	at com.google.common.cache.LocalCache$Segment.loadSync(LocalCache.java:2282)
	at com.google.common.cache.LocalCache$Segment.lockedGetOrLoad(LocalCache.java:2159)
	at com.google.common.cache.LocalCache$Segment.get(LocalCache.java:2049)
	at com.google.common.cache.LocalCache.get(LocalCache.java:3966)
	at com.google.common.cache.LocalCache$LocalManualCache.get(LocalCache.java:4863)
	at org.apache.hadoop.hdds.scm.XceiverClientManager.getClient(XceiverClientManager.java:224)
	at org.apache.hadoop.hdds.scm.XceiverClientManager.acquireClient(XceiverClientManager.java:168)
	at org.apache.hadoop.hdds.scm.XceiverClientManager.acquireClient(XceiverClientManager.java:141)
	at org.apache.hadoop.hdds.scm.storage.BlockOutputStream.<init>(BlockOutputStream.java:161)
	at org.apache.hadoop.hdds.scm.storage.ECBlockOutputStream.<init>(ECBlockOutputStream.java:78)
	at org.apache.hadoop.ozone.client.io.ECBlockOutputStreamEntry.checkStream(ECBlockOutputStreamEntry.java:101)
	at org.apache.hadoop.ozone.client.io.BlockOutputStreamEntry.write(BlockOutputStreamEntry.java:123)
	at org.apache.hadoop.ozone.client.io.ECKeyOutputStream.writeToOutputStream(ECKeyOutputStream.java:408)
	at org.apache.hadoop.ozone.client.io.ECKeyOutputStream.handleOutputStreamWrite(ECKeyOutputStream.java:392)
	at org.apache.hadoop.ozone.client.io.ECKeyOutputStream.close(ECKeyOutputStream.java:490)
	at org.apache.hadoop.ozone.client.io.OzoneOutputStream.close(OzoneOutputStream.java:61)
	at org.apache.hadoop.ozone.TestDataUtil.createKey(TestDataUtil.java:115)
	at org.apache.hadoop.ozone.scm.node.TestDecommissionAndMaintenance.generateData(TestDecommissionAndMaintenance.java:621)
	at org.apache.hadoop.ozone.scm.node.TestDecommissionAndMaintenance.testNodeWithOpenPipelineCanBeDecommissionedAndRecommissioned(TestDecommissionAndMaintenance.java:181)
	at sun.reflect.NativeMethodAccessorImpl.invoke0(Native Method)
	at sun.reflect.NativeMethodAccessorImpl.invoke(NativeMethodAccessorImpl.java:62)
	at sun.reflect.DelegatingMethodAccessorImpl.invoke(DelegatingMethodAccessorImpl.java:43)
	at java.lang.reflect.Method.invoke(Method.java:498)
	at org.junit.platform.commons.util.ReflectionUtils.invokeMethod(ReflectionUtils.java:725)
	at org.junit.jupiter.engine.execution.MethodInvocation.proceed(MethodInvocation.java:60)
	at org.junit.jupiter.engine.execution.InvocationInterceptorChain$ValidatingInvocation.proceed(InvocationInterceptorChain.java:131)
	at org.junit.jupiter.engine.extension.TimeoutExtension.intercept(TimeoutExtension.java:149)
	at org.junit.jupiter.engine.extension.TimeoutExtension.interceptTestableMethod(TimeoutExtension.java:140)
	at org.junit.jupiter.engine.extension.TimeoutExtension.interceptTestMethod(TimeoutExtension.java:84)
	at org.junit.jupiter.engine.execution.ExecutableInvoker$ReflectiveInterceptorCall.lambda$ofVoidMethod$0(ExecutableInvoker.java:115)
	at org.junit.jupiter.engine.execution.ExecutableInvoker.lambda$invoke$0(ExecutableInvoker.java:105)
	at org.junit.jupiter.engine.execution.InvocationInterceptorChain$InterceptedInvocation.proceed(InvocationInterceptorChain.java:106)
	at org.junit.jupiter.engine.execution.InvocationInterceptorChain.proceed(InvocationInterceptorChain.java:64)
	at org.junit.jupiter.engine.execution.InvocationInterceptorChain.chainAndInvoke(InvocationInterceptorChain.java:45)
	at org.junit.jupiter.engine.execution.InvocationInterceptorChain.invoke(InvocationInterceptorChain.java:37)
	at org.junit.jupiter.engine.execution.ExecutableInvoker.invoke(ExecutableInvoker.java:104)
	at org.junit.jupiter.engine.execution.ExecutableInvoker.invoke(ExecutableInvoker.java:98)
	at org.junit.jupiter.engine.descriptor.TestMethodTestDescriptor.lambda$invokeTestMethod$7(TestMethodTestDescriptor.java:214)
	at org.junit.platform.engine.support.hierarchical.ThrowableCollector.execute(ThrowableCollector.java:73)
	at org.junit.jupiter.engine.descriptor.TestMethodTestDescriptor.invokeTestMethod(TestMethodTestDescriptor.java:210)
	at org.junit.jupiter.engine.descriptor.TestMethodTestDescriptor.execute(TestMethodTestDescriptor.java:135)
	at org.junit.jupiter.engine.descriptor.TestMethodTestDescriptor.execute(TestMethodTestDescriptor.java:66)
	at org.junit.platform.engine.support.hierarchical.NodeTestTask.lambda$executeRecursively$6(NodeTestTask.java:151)
	at org.junit.platform.engine.support.hierarchical.ThrowableCollector.execute(ThrowableCollector.java:73)
	at org.junit.platform.engine.support.hierarchical.NodeTestTask.lambda$executeRecursively$8(NodeTestTask.java:141)
	at org.junit.platform.engine.support.hierarchical.Node.around(Node.java:137)
	at org.junit.platform.engine.support.hierarchical.NodeTestTask.lambda$executeRecursively$9(NodeTestTask.java:139)
	at org.junit.platform.engine.support.hierarchical.ThrowableCollector.execute(ThrowableCollector.java:73)
	at org.junit.platform.engine.support.hierarchical.NodeTestTask.executeRecursively(NodeTestTask.java:138)
	at org.junit.platform.engine.support.hierarchical.NodeTestTask.execute(NodeTestTask.java:95)
	at java.util.ArrayList.forEach(ArrayList.java:1259)
	at org.junit.platform.engine.support.hierarchical.SameThreadHierarchicalTestExecutorService.invokeAll(SameThreadHierarchicalTestExecutorService.java:41)
	at org.junit.platform.engine.support.hierarchical.NodeTestTask.lambda$executeRecursively$6(NodeTestTask.java:155)
	at org.junit.platform.engine.support.hierarchical.ThrowableCollector.execute(ThrowableCollector.java:73)
	at org.junit.platform.engine.support.hierarchical.NodeTestTask.lambda$executeRecursively$8(NodeTestTask.java:141)
	at org.junit.platform.engine.support.hierarchical.Node.around(Node.java:137)
	at org.junit.platform.engine.support.hierarchical.NodeTestTask.lambda$executeRecursively$9(NodeTestTask.java:139)
	at org.junit.platform.engine.support.hierarchical.ThrowableCollector.execute(ThrowableCollector.java:73)
	at org.junit.platform.engine.support.hierarchical.NodeTestTask.executeRecursively(NodeTestTask.java:138)
	at org.junit.platform.engine.support.hierarchical.NodeTestTask.execute(NodeTestTask.java:95)
	at java.util.ArrayList.forEach(ArrayList.java:1259)
	at org.junit.platform.engine.support.hierarchical.SameThreadHierarchicalTestExecutorService.invokeAll(SameThreadHierarchicalTestExecutorService.java:41)
	at org.junit.platform.engine.support.hierarchical.NodeTestTask.lambda$executeRecursively$6(NodeTestTask.java:155)
	at org.junit.platform.engine.support.hierarchical.ThrowableCollector.execute(ThrowableCollector.java:73)
	at org.junit.platform.engine.support.hierarchical.NodeTestTask.lambda$executeRecursively$8(NodeTestTask.java:141)
	at org.junit.platform.engine.support.hierarchical.Node.around(Node.java:137)
	at org.junit.platform.engine.support.hierarchical.NodeTestTask.lambda$executeRecursively$9(NodeTestTask.java:139)
	at org.junit.platform.engine.support.hierarchical.ThrowableCollector.execute(ThrowableCollector.java:73)
	at org.junit.platform.engine.support.hierarchical.NodeTestTask.executeRecursively(NodeTestTask.java:138)
	at org.junit.platform.engine.support.hierarchical.NodeTestTask.execute(NodeTestTask.java:95)
	at org.junit.platform.engine.support.hierarchical.SameThreadHierarchicalTestExecutorService.submit(SameThreadHierarchicalTestExecutorService.java:35)
	at org.junit.platform.engine.support.hierarchical.HierarchicalTestExecutor.execute(HierarchicalTestExecutor.java:57)
	at org.junit.platform.engine.support.hierarchical.HierarchicalTestEngine.execute(HierarchicalTestEngine.java:54)
	at org.junit.platform.launcher.core.EngineExecutionOrchestrator.execute(EngineExecutionOrchestrator.java:107)
	at org.junit.platform.launcher.core.EngineExecutionOrchestrator.execute(EngineExecutionOrchestrator.java:88)
	at org.junit.platform.launcher.core.EngineExecutionOrchestrator.lambda$execute$0(EngineExecutionOrchestrator.java:54)
	at org.junit.platform.launcher.core.EngineExecutionOrchestrator.withInterceptedStreams(EngineExecutionOrchestrator.java:67)
	at org.junit.platform.launcher.core.EngineExecutionOrchestrator.execute(EngineExecutionOrchestrator.java:52)
	at org.junit.platform.launcher.core.DefaultLauncher.execute(DefaultLauncher.java:114)
	at org.junit.platform.launcher.core.DefaultLauncher.execute(DefaultLauncher.java:86)
	at org.junit.platform.launcher.core.DefaultLauncherSession$DelegatingLauncher.execute(DefaultLauncherSession.java:86)
	at org.junit.platform.launcher.core.SessionPerRequestLauncher.execute(SessionPerRequestLauncher.java:53)
	at org.apache.maven.surefire.junitplatform.JUnitPlatformProvider.execute(JUnitPlatformProvider.java:188)
	at org.apache.maven.surefire.junitplatform.JUnitPlatformProvider.invokeAllTests(JUnitPlatformProvider.java:154)
	at org.apache.maven.surefire.junitplatform.JUnitPlatformProvider.invoke(JUnitPlatformProvider.java:124)
	at org.apache.maven.surefire.booter.ForkedBooter.runSuitesInProcess(ForkedBooter.java:428)
	at org.apache.maven.surefire.booter.ForkedBooter.execute(ForkedBooter.java:162)
	at org.apache.maven.surefire.booter.ForkedBooter.run(ForkedBooter.java:562)
	at org.apache.maven.surefire.booter.ForkedBooter.main(ForkedBooter.java:548)

Nov 18, 2022 1:06:03 PM org.apache.ratis.thirdparty.io.grpc.internal.ManagedChannelOrphanWrapper$ManagedChannelReference cleanQueue
SEVERE: *~*~*~ Channel ManagedChannelImpl{logId=233, target=10.1.0.56:39913} was not shutdown properly!!! ~*~*~*
    Make sure to call shutdown()/shutdownNow() and wait until awaitTermination() returns true.
java.lang.RuntimeException: ManagedChannel allocation site
	at org.apache.ratis.thirdparty.io.grpc.internal.ManagedChannelOrphanWrapper$ManagedChannelReference.<init>(ManagedChannelOrphanWrapper.java:93)
	at org.apache.ratis.thirdparty.io.grpc.internal.ManagedChannelOrphanWrapper.<init>(ManagedChannelOrphanWrapper.java:53)
	at org.apache.ratis.thirdparty.io.grpc.internal.ManagedChannelOrphanWrapper.<init>(ManagedChannelOrphanWrapper.java:44)
	at org.apache.ratis.thirdparty.io.grpc.internal.ManagedChannelImplBuilder.build(ManagedChannelImplBuilder.java:630)
	at org.apache.ratis.thirdparty.io.grpc.internal.AbstractManagedChannelImplBuilder.build(AbstractManagedChannelImplBuilder.java:297)
	at org.apache.hadoop.hdds.scm.XceiverClientGrpc.connectToDatanode(XceiverClientGrpc.java:205)
	at org.apache.hadoop.hdds.scm.XceiverClientGrpc.connect(XceiverClientGrpc.java:158)
	at org.apache.hadoop.hdds.scm.XceiverClientManager$2.call(XceiverClientManager.java:243)
	at org.apache.hadoop.hdds.scm.XceiverClientManager$2.call(XceiverClientManager.java:224)
	at com.google.common.cache.LocalCache$LocalManualCache$1.load(LocalCache.java:4868)
	at com.google.common.cache.LocalCache$LoadingValueReference.loadFuture(LocalCache.java:3533)
	at com.google.common.cache.LocalCache$Segment.loadSync(LocalCache.java:2282)
	at com.google.common.cache.LocalCache$Segment.lockedGetOrLoad(LocalCache.java:2159)
	at com.google.common.cache.LocalCache$Segment.get(LocalCache.java:2049)
	at com.google.common.cache.LocalCache.get(LocalCache.java:3966)
	at com.google.common.cache.LocalCache$LocalManualCache.get(LocalCache.java:4863)
	at org.apache.hadoop.hdds.scm.XceiverClientManager.getClient(XceiverClientManager.java:224)
	at org.apache.hadoop.hdds.scm.XceiverClientManager.acquireClient(XceiverClientManager.java:168)
	at org.apache.hadoop.hdds.scm.XceiverClientManager.acquireClient(XceiverClientManager.java:141)
	at org.apache.hadoop.hdds.scm.storage.BlockOutputStream.<init>(BlockOutputStream.java:161)
	at org.apache.hadoop.hdds.scm.storage.ECBlockOutputStream.<init>(ECBlockOutputStream.java:78)
	at org.apache.hadoop.ozone.client.io.ECBlockOutputStreamEntry.checkStream(ECBlockOutputStreamEntry.java:101)
	at org.apache.hadoop.ozone.client.io.BlockOutputStreamEntry.write(BlockOutputStreamEntry.java:123)
	at org.apache.hadoop.ozone.client.io.ECKeyOutputStream.writeToOutputStream(ECKeyOutputStream.java:408)
	at org.apache.hadoop.ozone.client.io.ECKeyOutputStream.handleOutputStreamWrite(ECKeyOutputStream.java:392)
	at org.apache.hadoop.ozone.client.io.ECKeyOutputStream.close(ECKeyOutputStream.java:490)
	at org.apache.hadoop.ozone.client.io.OzoneOutputStream.close(OzoneOutputStream.java:61)
	at org.apache.hadoop.ozone.TestDataUtil.createKey(TestDataUtil.java:115)
	at org.apache.hadoop.ozone.scm.node.TestDecommissionAndMaintenance.generateData(TestDecommissionAndMaintenance.java:621)
	at org.apache.hadoop.ozone.scm.node.TestDecommissionAndMaintenance.testNodeWithOpenPipelineCanBeDecommissionedAndRecommissioned(TestDecommissionAndMaintenance.java:181)
	at sun.reflect.NativeMethodAccessorImpl.invoke0(Native Method)
	at sun.reflect.NativeMethodAccessorImpl.invoke(NativeMethodAccessorImpl.java:62)
	at sun.reflect.DelegatingMethodAccessorImpl.invoke(DelegatingMethodAccessorImpl.java:43)
	at java.lang.reflect.Method.invoke(Method.java:498)
	at org.junit.platform.commons.util.ReflectionUtils.invokeMethod(ReflectionUtils.java:725)
	at org.junit.jupiter.engine.execution.MethodInvocation.proceed(MethodInvocation.java:60)
	at org.junit.jupiter.engine.execution.InvocationInterceptorChain$ValidatingInvocation.proceed(InvocationInterceptorChain.java:131)
	at org.junit.jupiter.engine.extension.TimeoutExtension.intercept(TimeoutExtension.java:149)
	at org.junit.jupiter.engine.extension.TimeoutExtension.interceptTestableMethod(TimeoutExtension.java:140)
	at org.junit.jupiter.engine.extension.TimeoutExtension.interceptTestMethod(TimeoutExtension.java:84)
	at org.junit.jupiter.engine.execution.ExecutableInvoker$ReflectiveInterceptorCall.lambda$ofVoidMethod$0(ExecutableInvoker.java:115)
	at org.junit.jupiter.engine.execution.ExecutableInvoker.lambda$invoke$0(ExecutableInvoker.java:105)
	at org.junit.jupiter.engine.execution.InvocationInterceptorChain$InterceptedInvocation.proceed(InvocationInterceptorChain.java:106)
	at org.junit.jupiter.engine.execution.InvocationInterceptorChain.proceed(InvocationInterceptorChain.java:64)
	at org.junit.jupiter.engine.execution.InvocationInterceptorChain.chainAndInvoke(InvocationInterceptorChain.java:45)
	at org.junit.jupiter.engine.execution.InvocationInterceptorChain.invoke(InvocationInterceptorChain.java:37)
	at org.junit.jupiter.engine.execution.ExecutableInvoker.invoke(ExecutableInvoker.java:104)
	at org.junit.jupiter.engine.execution.ExecutableInvoker.invoke(ExecutableInvoker.java:98)
	at org.junit.jupiter.engine.descriptor.TestMethodTestDescriptor.lambda$invokeTestMethod$7(TestMethodTestDescriptor.java:214)
	at org.junit.platform.engine.support.hierarchical.ThrowableCollector.execute(ThrowableCollector.java:73)
	at org.junit.jupiter.engine.descriptor.TestMethodTestDescriptor.invokeTestMethod(TestMethodTestDescriptor.java:210)
	at org.junit.jupiter.engine.descriptor.TestMethodTestDescriptor.execute(TestMethodTestDescriptor.java:135)
	at org.junit.jupiter.engine.descriptor.TestMethodTestDescriptor.execute(TestMethodTestDescriptor.java:66)
	at org.junit.platform.engine.support.hierarchical.NodeTestTask.lambda$executeRecursively$6(NodeTestTask.java:151)
	at org.junit.platform.engine.support.hierarchical.ThrowableCollector.execute(ThrowableCollector.java:73)
	at org.junit.platform.engine.support.hierarchical.NodeTestTask.lambda$executeRecursively$8(NodeTestTask.java:141)
	at org.junit.platform.engine.support.hierarchical.Node.around(Node.java:137)
	at org.junit.platform.engine.support.hierarchical.NodeTestTask.lambda$executeRecursively$9(NodeTestTask.java:139)
	at org.junit.platform.engine.support.hierarchical.ThrowableCollector.execute(ThrowableCollector.java:73)
	at org.junit.platform.engine.support.hierarchical.NodeTestTask.executeRecursively(NodeTestTask.java:138)
	at org.junit.platform.engine.support.hierarchical.NodeTestTask.execute(NodeTestTask.java:95)
	at java.util.ArrayList.forEach(ArrayList.java:1259)
	at org.junit.platform.engine.support.hierarchical.SameThreadHierarchicalTestExecutorService.invokeAll(SameThreadHierarchicalTestExecutorService.java:41)
	at org.junit.platform.engine.support.hierarchical.NodeTestTask.lambda$executeRecursively$6(NodeTestTask.java:155)
	at org.junit.platform.engine.support.hierarchical.ThrowableCollector.execute(ThrowableCollector.java:73)
	at org.junit.platform.engine.support.hierarchical.NodeTestTask.lambda$executeRecursively$8(NodeTestTask.java:141)
	at org.junit.platform.engine.support.hierarchical.Node.around(Node.java:137)
	at org.junit.platform.engine.support.hierarchical.NodeTestTask.lambda$executeRecursively$9(NodeTestTask.java:139)
	at org.junit.platform.engine.support.hierarchical.ThrowableCollector.execute(ThrowableCollector.java:73)
	at org.junit.platform.engine.support.hierarchical.NodeTestTask.executeRecursively(NodeTestTask.java:138)
	at org.junit.platform.engine.support.hierarchical.NodeTestTask.execute(NodeTestTask.java:95)
	at java.util.ArrayList.forEach(ArrayList.java:1259)
	at org.junit.platform.engine.support.hierarchical.SameThreadHierarchicalTestExecutorService.invokeAll(SameThreadHierarchicalTestExecutorService.java:41)
	at org.junit.platform.engine.support.hierarchical.NodeTestTask.lambda$executeRecursively$6(NodeTestTask.java:155)
	at org.junit.platform.engine.support.hierarchical.ThrowableCollector.execute(ThrowableCollector.java:73)
	at org.junit.platform.engine.support.hierarchical.NodeTestTask.lambda$executeRecursively$8(NodeTestTask.java:141)
	at org.junit.platform.engine.support.hierarchical.Node.around(Node.java:137)
	at org.junit.platform.engine.support.hierarchical.NodeTestTask.lambda$executeRecursively$9(NodeTestTask.java:139)
	at org.junit.platform.engine.support.hierarchical.ThrowableCollector.execute(ThrowableCollector.java:73)
	at org.junit.platform.engine.support.hierarchical.NodeTestTask.executeRecursively(NodeTestTask.java:138)
	at org.junit.platform.engine.support.hierarchical.NodeTestTask.execute(NodeTestTask.java:95)
	at org.junit.platform.engine.support.hierarchical.SameThreadHierarchicalTestExecutorService.submit(SameThreadHierarchicalTestExecutorService.java:35)
	at org.junit.platform.engine.support.hierarchical.HierarchicalTestExecutor.execute(HierarchicalTestExecutor.java:57)
	at org.junit.platform.engine.support.hierarchical.HierarchicalTestEngine.execute(HierarchicalTestEngine.java:54)
	at org.junit.platform.launcher.core.EngineExecutionOrchestrator.execute(EngineExecutionOrchestrator.java:107)
	at org.junit.platform.launcher.core.EngineExecutionOrchestrator.execute(EngineExecutionOrchestrator.java:88)
	at org.junit.platform.launcher.core.EngineExecutionOrchestrator.lambda$execute$0(EngineExecutionOrchestrator.java:54)
	at org.junit.platform.launcher.core.EngineExecutionOrchestrator.withInterceptedStreams(EngineExecutionOrchestrator.java:67)
	at org.junit.platform.launcher.core.EngineExecutionOrchestrator.execute(EngineExecutionOrchestrator.java:52)
	at org.junit.platform.launcher.core.DefaultLauncher.execute(DefaultLauncher.java:114)
	at org.junit.platform.launcher.core.DefaultLauncher.execute(DefaultLauncher.java:86)
	at org.junit.platform.launcher.core.DefaultLauncherSession$DelegatingLauncher.execute(DefaultLauncherSession.java:86)
	at org.junit.platform.launcher.core.SessionPerRequestLauncher.execute(SessionPerRequestLauncher.java:53)
	at org.apache.maven.surefire.junitplatform.JUnitPlatformProvider.execute(JUnitPlatformProvider.java:188)
	at org.apache.maven.surefire.junitplatform.JUnitPlatformProvider.invokeAllTests(JUnitPlatformProvider.java:154)
	at org.apache.maven.surefire.junitplatform.JUnitPlatformProvider.invoke(JUnitPlatformProvider.java:124)
	at org.apache.maven.surefire.booter.ForkedBooter.runSuitesInProcess(ForkedBooter.java:428)
	at org.apache.maven.surefire.booter.ForkedBooter.execute(ForkedBooter.java:162)
	at org.apache.maven.surefire.booter.ForkedBooter.run(ForkedBooter.java:562)
	at org.apache.maven.surefire.booter.ForkedBooter.main(ForkedBooter.java:548)

Nov 18, 2022 1:06:03 PM org.apache.ratis.thirdparty.io.grpc.internal.ManagedChannelOrphanWrapper$ManagedChannelReference cleanQueue
SEVERE: *~*~*~ Channel ManagedChannelImpl{logId=279, target=10.1.0.56:32969} was not shutdown properly!!! ~*~*~*
    Make sure to call shutdown()/shutdownNow() and wait until awaitTermination() returns true.
java.lang.RuntimeException: ManagedChannel allocation site
	at org.apache.ratis.thirdparty.io.grpc.internal.ManagedChannelOrphanWrapper$ManagedChannelReference.<init>(ManagedChannelOrphanWrapper.java:93)
	at org.apache.ratis.thirdparty.io.grpc.internal.ManagedChannelOrphanWrapper.<init>(ManagedChannelOrphanWrapper.java:53)
	at org.apache.ratis.thirdparty.io.grpc.internal.ManagedChannelOrphanWrapper.<init>(ManagedChannelOrphanWrapper.java:44)
	at org.apache.ratis.thirdparty.io.grpc.internal.ManagedChannelImplBuilder.build(ManagedChannelImplBuilder.java:630)
	at org.apache.ratis.thirdparty.io.grpc.internal.AbstractManagedChannelImplBuilder.build(AbstractManagedChannelImplBuilder.java:297)
	at org.apache.hadoop.hdds.scm.XceiverClientGrpc.connectToDatanode(XceiverClientGrpc.java:205)
	at org.apache.hadoop.hdds.scm.XceiverClientGrpc.connect(XceiverClientGrpc.java:158)
	at org.apache.hadoop.hdds.scm.XceiverClientManager$2.call(XceiverClientManager.java:243)
	at org.apache.hadoop.hdds.scm.XceiverClientManager$2.call(XceiverClientManager.java:224)
	at com.google.common.cache.LocalCache$LocalManualCache$1.load(LocalCache.java:4868)
	at com.google.common.cache.LocalCache$LoadingValueReference.loadFuture(LocalCache.java:3533)
	at com.google.common.cache.LocalCache$Segment.loadSync(LocalCache.java:2282)
	at com.google.common.cache.LocalCache$Segment.lockedGetOrLoad(LocalCache.java:2159)
	at com.google.common.cache.LocalCache$Segment.get(LocalCache.java:2049)
	at com.google.common.cache.LocalCache.get(LocalCache.java:3966)
	at com.google.common.cache.LocalCache$LocalManualCache.get(LocalCache.java:4863)
	at org.apache.hadoop.hdds.scm.XceiverClientManager.getClient(XceiverClientManager.java:224)
	at org.apache.hadoop.hdds.scm.XceiverClientManager.acquireClient(XceiverClientManager.java:168)
	at org.apache.hadoop.hdds.scm.XceiverClientManager.acquireClient(XceiverClientManager.java:141)
	at org.apache.hadoop.hdds.scm.storage.BlockOutputStream.<init>(BlockOutputStream.java:161)
	at org.apache.hadoop.hdds.scm.storage.ECBlockOutputStream.<init>(ECBlockOutputStream.java:78)
	at org.apache.hadoop.ozone.client.io.ECBlockOutputStreamEntry.checkStream(ECBlockOutputStreamEntry.java:101)
	at org.apache.hadoop.ozone.client.io.BlockOutputStreamEntry.write(BlockOutputStreamEntry.java:123)
	at org.apache.hadoop.ozone.client.io.ECKeyOutputStream.writeToOutputStream(ECKeyOutputStream.java:408)
	at org.apache.hadoop.ozone.client.io.ECKeyOutputStream.handleOutputStreamWrite(ECKeyOutputStream.java:392)
	at org.apache.hadoop.ozone.client.io.ECKeyOutputStream.close(ECKeyOutputStream.java:490)
	at org.apache.hadoop.ozone.client.io.OzoneOutputStream.close(OzoneOutputStream.java:61)
	at org.apache.hadoop.ozone.TestDataUtil.createKey(TestDataUtil.java:115)
	at org.apache.hadoop.ozone.scm.node.TestDecommissionAndMaintenance.generateData(TestDecommissionAndMaintenance.java:621)
	at org.apache.hadoop.ozone.scm.node.TestDecommissionAndMaintenance.testNodeWithOpenPipelineCanBeDecommissionedAndRecommissioned(TestDecommissionAndMaintenance.java:181)
	at sun.reflect.NativeMethodAccessorImpl.invoke0(Native Method)
	at sun.reflect.NativeMethodAccessorImpl.invoke(NativeMethodAccessorImpl.java:62)
	at sun.reflect.DelegatingMethodAccessorImpl.invoke(DelegatingMethodAccessorImpl.java:43)
	at java.lang.reflect.Method.invoke(Method.java:498)
	at org.junit.platform.commons.util.ReflectionUtils.invokeMethod(ReflectionUtils.java:725)
	at org.junit.jupiter.engine.execution.MethodInvocation.proceed(MethodInvocation.java:60)
	at org.junit.jupiter.engine.execution.InvocationInterceptorChain$ValidatingInvocation.proceed(InvocationInterceptorChain.java:131)
	at org.junit.jupiter.engine.extension.TimeoutExtension.intercept(TimeoutExtension.java:149)
	at org.junit.jupiter.engine.extension.TimeoutExtension.interceptTestableMethod(TimeoutExtension.java:140)
	at org.junit.jupiter.engine.extension.TimeoutExtension.interceptTestMethod(TimeoutExtension.java:84)
	at org.junit.jupiter.engine.execution.ExecutableInvoker$ReflectiveInterceptorCall.lambda$ofVoidMethod$0(ExecutableInvoker.java:115)
	at org.junit.jupiter.engine.execution.ExecutableInvoker.lambda$invoke$0(ExecutableInvoker.java:105)
	at org.junit.jupiter.engine.execution.InvocationInterceptorChain$InterceptedInvocation.proceed(InvocationInterceptorChain.java:106)
	at org.junit.jupiter.engine.execution.InvocationInterceptorChain.proceed(InvocationInterceptorChain.java:64)
	at org.junit.jupiter.engine.execution.InvocationInterceptorChain.chainAndInvoke(InvocationInterceptorChain.java:45)
	at org.junit.jupiter.engine.execution.InvocationInterceptorChain.invoke(InvocationInterceptorChain.java:37)
	at org.junit.jupiter.engine.execution.ExecutableInvoker.invoke(ExecutableInvoker.java:104)
	at org.junit.jupiter.engine.execution.ExecutableInvoker.invoke(ExecutableInvoker.java:98)
	at org.junit.jupiter.engine.descriptor.TestMethodTestDescriptor.lambda$invokeTestMethod$7(TestMethodTestDescriptor.java:214)
	at org.junit.platform.engine.support.hierarchical.ThrowableCollector.execute(ThrowableCollector.java:73)
	at org.junit.jupiter.engine.descriptor.TestMethodTestDescriptor.invokeTestMethod(TestMethodTestDescriptor.java:210)
	at org.junit.jupiter.engine.descriptor.TestMethodTestDescriptor.execute(TestMethodTestDescriptor.java:135)
	at org.junit.jupiter.engine.descriptor.TestMethodTestDescriptor.execute(TestMethodTestDescriptor.java:66)
	at org.junit.platform.engine.support.hierarchical.NodeTestTask.lambda$executeRecursively$6(NodeTestTask.java:151)
	at org.junit.platform.engine.support.hierarchical.ThrowableCollector.execute(ThrowableCollector.java:73)
	at org.junit.platform.engine.support.hierarchical.NodeTestTask.lambda$executeRecursively$8(NodeTestTask.java:141)
	at org.junit.platform.engine.support.hierarchical.Node.around(Node.java:137)
	at org.junit.platform.engine.support.hierarchical.NodeTestTask.lambda$executeRecursively$9(NodeTestTask.java:139)
	at org.junit.platform.engine.support.hierarchical.ThrowableCollector.execute(ThrowableCollector.java:73)
	at org.junit.platform.engine.support.hierarchical.NodeTestTask.executeRecursively(NodeTestTask.java:138)
	at org.junit.platform.engine.support.hierarchical.NodeTestTask.execute(NodeTestTask.java:95)
	at java.util.ArrayList.forEach(ArrayList.java:1259)
	at org.junit.platform.engine.support.hierarchical.SameThreadHierarchicalTestExecutorService.invokeAll(SameThreadHierarchicalTestExecutorService.java:41)
	at org.junit.platform.engine.support.hierarchical.NodeTestTask.lambda$executeRecursively$6(NodeTestTask.java:155)
	at org.junit.platform.engine.support.hierarchical.ThrowableCollector.execute(ThrowableCollector.java:73)
	at org.junit.platform.engine.support.hierarchical.NodeTestTask.lambda$executeRecursively$8(NodeTestTask.java:141)
	at org.junit.platform.engine.support.hierarchical.Node.around(Node.java:137)
	at org.junit.platform.engine.support.hierarchical.NodeTestTask.lambda$executeRecursively$9(NodeTestTask.java:139)
	at org.junit.platform.engine.support.hierarchical.ThrowableCollector.execute(ThrowableCollector.java:73)
	at org.junit.platform.engine.support.hierarchical.NodeTestTask.executeRecursively(NodeTestTask.java:138)
	at org.junit.platform.engine.support.hierarchical.NodeTestTask.execute(NodeTestTask.java:95)
	at java.util.ArrayList.forEach(ArrayList.java:1259)
	at org.junit.platform.engine.support.hierarchical.SameThreadHierarchicalTestExecutorService.invokeAll(SameThreadHierarchicalTestExecutorService.java:41)
	at org.junit.platform.engine.support.hierarchical.NodeTestTask.lambda$executeRecursively$6(NodeTestTask.java:155)
	at org.junit.platform.engine.support.hierarchical.ThrowableCollector.execute(ThrowableCollector.java:73)
	at org.junit.platform.engine.support.hierarchical.NodeTestTask.lambda$executeRecursively$8(NodeTestTask.java:141)
	at org.junit.platform.engine.support.hierarchical.Node.around(Node.java:137)
	at org.junit.platform.engine.support.hierarchical.NodeTestTask.lambda$executeRecursively$9(NodeTestTask.java:139)
	at org.junit.platform.engine.support.hierarchical.ThrowableCollector.execute(ThrowableCollector.java:73)
	at org.junit.platform.engine.support.hierarchical.NodeTestTask.executeRecursively(NodeTestTask.java:138)
	at org.junit.platform.engine.support.hierarchical.NodeTestTask.execute(NodeTestTask.java:95)
	at org.junit.platform.engine.support.hierarchical.SameThreadHierarchicalTestExecutorService.submit(SameThreadHierarchicalTestExecutorService.java:35)
	at org.junit.platform.engine.support.hierarchical.HierarchicalTestExecutor.execute(HierarchicalTestExecutor.java:57)
	at org.junit.platform.engine.support.hierarchical.HierarchicalTestEngine.execute(HierarchicalTestEngine.java:54)
	at org.junit.platform.launcher.core.EngineExecutionOrchestrator.execute(EngineExecutionOrchestrator.java:107)
	at org.junit.platform.launcher.core.EngineExecutionOrchestrator.execute(EngineExecutionOrchestrator.java:88)
	at org.junit.platform.launcher.core.EngineExecutionOrchestrator.lambda$execute$0(EngineExecutionOrchestrator.java:54)
	at org.junit.platform.launcher.core.EngineExecutionOrchestrator.withInterceptedStreams(EngineExecutionOrchestrator.java:67)
	at org.junit.platform.launcher.core.EngineExecutionOrchestrator.execute(EngineExecutionOrchestrator.java:52)
	at org.junit.platform.launcher.core.DefaultLauncher.execute(DefaultLauncher.java:114)
	at org.junit.platform.launcher.core.DefaultLauncher.execute(DefaultLauncher.java:86)
	at org.junit.platform.launcher.core.DefaultLauncherSession$DelegatingLauncher.execute(DefaultLauncherSession.java:86)
	at org.junit.platform.launcher.core.SessionPerRequestLauncher.execute(SessionPerRequestLauncher.java:53)
	at org.apache.maven.surefire.junitplatform.JUnitPlatformProvider.execute(JUnitPlatformProvider.java:188)
	at org.apache.maven.surefire.junitplatform.JUnitPlatformProvider.invokeAllTests(JUnitPlatformProvider.java:154)
	at org.apache.maven.surefire.junitplatform.JUnitPlatformProvider.invoke(JUnitPlatformProvider.java:124)
	at org.apache.maven.surefire.booter.ForkedBooter.runSuitesInProcess(ForkedBooter.java:428)
	at org.apache.maven.surefire.booter.ForkedBooter.execute(ForkedBooter.java:162)
	at org.apache.maven.surefire.booter.ForkedBooter.run(ForkedBooter.java:562)
	at org.apache.maven.surefire.booter.ForkedBooter.main(ForkedBooter.java:548)

Nov 18, 2022 1:06:03 PM org.apache.ratis.thirdparty.io.grpc.internal.ManagedChannelOrphanWrapper$ManagedChannelReference cleanQueue
SEVERE: *~*~*~ Channel ManagedChannelImpl{logId=235, target=10.1.0.56:44139} was not shutdown properly!!! ~*~*~*
    Make sure to call shutdown()/shutdownNow() and wait until awaitTermination() returns true.
java.lang.RuntimeException: ManagedChannel allocation site
	at org.apache.ratis.thirdparty.io.grpc.internal.ManagedChannelOrphanWrapper$ManagedChannelReference.<init>(ManagedChannelOrphanWrapper.java:93)
	at org.apache.ratis.thirdparty.io.grpc.internal.ManagedChannelOrphanWrapper.<init>(ManagedChannelOrphanWrapper.java:53)
	at org.apache.ratis.thirdparty.io.grpc.internal.ManagedChannelOrphanWrapper.<init>(ManagedChannelOrphanWrapper.java:44)
	at org.apache.ratis.thirdparty.io.grpc.internal.ManagedChannelImplBuilder.build(ManagedChannelImplBuilder.java:630)
	at org.apache.ratis.thirdparty.io.grpc.internal.AbstractManagedChannelImplBuilder.build(AbstractManagedChannelImplBuilder.java:297)
	at org.apache.hadoop.hdds.scm.XceiverClientGrpc.connectToDatanode(XceiverClientGrpc.java:205)
	at org.apache.hadoop.hdds.scm.XceiverClientGrpc.connect(XceiverClientGrpc.java:158)
	at org.apache.hadoop.hdds.scm.XceiverClientManager$2.call(XceiverClientManager.java:243)
	at org.apache.hadoop.hdds.scm.XceiverClientManager$2.call(XceiverClientManager.java:224)
	at com.google.common.cache.LocalCache$LocalManualCache$1.load(LocalCache.java:4868)
	at com.google.common.cache.LocalCache$LoadingValueReference.loadFuture(LocalCache.java:3533)
	at com.google.common.cache.LocalCache$Segment.loadSync(LocalCache.java:2282)
	at com.google.common.cache.LocalCache$Segment.lockedGetOrLoad(LocalCache.java:2159)
	at com.google.common.cache.LocalCache$Segment.get(LocalCache.java:2049)
	at com.google.common.cache.LocalCache.get(LocalCache.java:3966)
	at com.google.common.cache.LocalCache$LocalManualCache.get(LocalCache.java:4863)
	at org.apache.hadoop.hdds.scm.XceiverClientManager.getClient(XceiverClientManager.java:224)
	at org.apache.hadoop.hdds.scm.XceiverClientManager.acquireClient(XceiverClientManager.java:168)
	at org.apache.hadoop.hdds.scm.XceiverClientManager.acquireClient(XceiverClientManager.java:141)
	at org.apache.hadoop.hdds.scm.storage.BlockOutputStream.<init>(BlockOutputStream.java:161)
	at org.apache.hadoop.hdds.scm.storage.ECBlockOutputStream.<init>(ECBlockOutputStream.java:78)
	at org.apache.hadoop.ozone.client.io.ECBlockOutputStreamEntry.checkStream(ECBlockOutputStreamEntry.java:101)
	at org.apache.hadoop.ozone.client.io.BlockOutputStreamEntry.write(BlockOutputStreamEntry.java:123)
	at org.apache.hadoop.ozone.client.io.ECKeyOutputStream.writeToOutputStream(ECKeyOutputStream.java:408)
	at org.apache.hadoop.ozone.client.io.ECKeyOutputStream.handleOutputStreamWrite(ECKeyOutputStream.java:392)
	at org.apache.hadoop.ozone.client.io.ECKeyOutputStream.close(ECKeyOutputStream.java:490)
	at org.apache.hadoop.ozone.client.io.OzoneOutputStream.close(OzoneOutputStream.java:61)
	at org.apache.hadoop.ozone.TestDataUtil.createKey(TestDataUtil.java:115)
	at org.apache.hadoop.ozone.scm.node.TestDecommissionAndMaintenance.generateData(TestDecommissionAndMaintenance.java:621)
	at org.apache.hadoop.ozone.scm.node.TestDecommissionAndMaintenance.testNodeWithOpenPipelineCanBeDecommissionedAndRecommissioned(TestDecommissionAndMaintenance.java:181)
	at sun.reflect.NativeMethodAccessorImpl.invoke0(Native Method)
	at sun.reflect.NativeMethodAccessorImpl.invoke(NativeMethodAccessorImpl.java:62)
	at sun.reflect.DelegatingMethodAccessorImpl.invoke(DelegatingMethodAccessorImpl.java:43)
	at java.lang.reflect.Method.invoke(Method.java:498)
	at org.junit.platform.commons.util.ReflectionUtils.invokeMethod(ReflectionUtils.java:725)
	at org.junit.jupiter.engine.execution.MethodInvocation.proceed(MethodInvocation.java:60)
	at org.junit.jupiter.engine.execution.InvocationInterceptorChain$ValidatingInvocation.proceed(InvocationInterceptorChain.java:131)
	at org.junit.jupiter.engine.extension.TimeoutExtension.intercept(TimeoutExtension.java:149)
	at org.junit.jupiter.engine.extension.TimeoutExtension.interceptTestableMethod(TimeoutExtension.java:140)
	at org.junit.jupiter.engine.extension.TimeoutExtension.interceptTestMethod(TimeoutExtension.java:84)
	at org.junit.jupiter.engine.execution.ExecutableInvoker$ReflectiveInterceptorCall.lambda$ofVoidMethod$0(ExecutableInvoker.java:115)
	at org.junit.jupiter.engine.execution.ExecutableInvoker.lambda$invoke$0(ExecutableInvoker.java:105)
	at org.junit.jupiter.engine.execution.InvocationInterceptorChain$InterceptedInvocation.proceed(InvocationInterceptorChain.java:106)
	at org.junit.jupiter.engine.execution.InvocationInterceptorChain.proceed(InvocationInterceptorChain.java:64)
	at org.junit.jupiter.engine.execution.InvocationInterceptorChain.chainAndInvoke(InvocationInterceptorChain.java:45)
	at org.junit.jupiter.engine.execution.InvocationInterceptorChain.invoke(InvocationInterceptorChain.java:37)
	at org.junit.jupiter.engine.execution.ExecutableInvoker.invoke(ExecutableInvoker.java:104)
	at org.junit.jupiter.engine.execution.ExecutableInvoker.invoke(ExecutableInvoker.java:98)
	at org.junit.jupiter.engine.descriptor.TestMethodTestDescriptor.lambda$invokeTestMethod$7(TestMethodTestDescriptor.java:214)
	at org.junit.platform.engine.support.hierarchical.ThrowableCollector.execute(ThrowableCollector.java:73)
	at org.junit.jupiter.engine.descriptor.TestMethodTestDescriptor.invokeTestMethod(TestMethodTestDescriptor.java:210)
	at org.junit.jupiter.engine.descriptor.TestMethodTestDescriptor.execute(TestMethodTestDescriptor.java:135)
	at org.junit.jupiter.engine.descriptor.TestMethodTestDescriptor.execute(TestMethodTestDescriptor.java:66)
	at org.junit.platform.engine.support.hierarchical.NodeTestTask.lambda$executeRecursively$6(NodeTestTask.java:151)
	at org.junit.platform.engine.support.hierarchical.ThrowableCollector.execute(ThrowableCollector.java:73)
	at org.junit.platform.engine.support.hierarchical.NodeTestTask.lambda$executeRecursively$8(NodeTestTask.java:141)
	at org.junit.platform.engine.support.hierarchical.Node.around(Node.java:137)
	at org.junit.platform.engine.support.hierarchical.NodeTestTask.lambda$executeRecursively$9(NodeTestTask.java:139)
	at org.junit.platform.engine.support.hierarchical.ThrowableCollector.execute(ThrowableCollector.java:73)
	at org.junit.platform.engine.support.hierarchical.NodeTestTask.executeRecursively(NodeTestTask.java:138)
	at org.junit.platform.engine.support.hierarchical.NodeTestTask.execute(NodeTestTask.java:95)
	at java.util.ArrayList.forEach(ArrayList.java:1259)
	at org.junit.platform.engine.support.hierarchical.SameThreadHierarchicalTestExecutorService.invokeAll(SameThreadHierarchicalTestExecutorService.java:41)
	at org.junit.platform.engine.support.hierarchical.NodeTestTask.lambda$executeRecursively$6(NodeTestTask.java:155)
	at org.junit.platform.engine.support.hierarchical.ThrowableCollector.execute(ThrowableCollector.java:73)
	at org.junit.platform.engine.support.hierarchical.NodeTestTask.lambda$executeRecursively$8(NodeTestTask.java:141)
	at org.junit.platform.engine.support.hierarchical.Node.around(Node.java:137)
	at org.junit.platform.engine.support.hierarchical.NodeTestTask.lambda$executeRecursively$9(NodeTestTask.java:139)
	at org.junit.platform.engine.support.hierarchical.ThrowableCollector.execute(ThrowableCollector.java:73)
	at org.junit.platform.engine.support.hierarchical.NodeTestTask.executeRecursively(NodeTestTask.java:138)
	at org.junit.platform.engine.support.hierarchical.NodeTestTask.execute(NodeTestTask.java:95)
	at java.util.ArrayList.forEach(ArrayList.java:1259)
	at org.junit.platform.engine.support.hierarchical.SameThreadHierarchicalTestExecutorService.invokeAll(SameThreadHierarchicalTestExecutorService.java:41)
	at org.junit.platform.engine.support.hierarchical.NodeTestTask.lambda$executeRecursively$6(NodeTestTask.java:155)
	at org.junit.platform.engine.support.hierarchical.ThrowableCollector.execute(ThrowableCollector.java:73)
	at org.junit.platform.engine.support.hierarchical.NodeTestTask.lambda$executeRecursively$8(NodeTestTask.java:141)
	at org.junit.platform.engine.support.hierarchical.Node.around(Node.java:137)
	at org.junit.platform.engine.support.hierarchical.NodeTestTask.lambda$executeRecursively$9(NodeTestTask.java:139)
	at org.junit.platform.engine.support.hierarchical.ThrowableCollector.execute(ThrowableCollector.java:73)
	at org.junit.platform.engine.support.hierarchical.NodeTestTask.executeRecursively(NodeTestTask.java:138)
	at org.junit.platform.engine.support.hierarchical.NodeTestTask.execute(NodeTestTask.java:95)
	at org.junit.platform.engine.support.hierarchical.SameThreadHierarchicalTestExecutorService.submit(SameThreadHierarchicalTestExecutorService.java:35)
	at org.junit.platform.engine.support.hierarchical.HierarchicalTestExecutor.execute(HierarchicalTestExecutor.java:57)
	at org.junit.platform.engine.support.hierarchical.HierarchicalTestEngine.execute(HierarchicalTestEngine.java:54)
	at org.junit.platform.launcher.core.EngineExecutionOrchestrator.execute(EngineExecutionOrchestrator.java:107)
	at org.junit.platform.launcher.core.EngineExecutionOrchestrator.execute(EngineExecutionOrchestrator.java:88)
	at org.junit.platform.launcher.core.EngineExecutionOrchestrator.lambda$execute$0(EngineExecutionOrchestrator.java:54)
	at org.junit.platform.launcher.core.EngineExecutionOrchestrator.withInterceptedStreams(EngineExecutionOrchestrator.java:67)
	at org.junit.platform.launcher.core.EngineExecutionOrchestrator.execute(EngineExecutionOrchestrator.java:52)
	at org.junit.platform.launcher.core.DefaultLauncher.execute(DefaultLauncher.java:114)
	at org.junit.platform.launcher.core.DefaultLauncher.execute(DefaultLauncher.java:86)
	at org.junit.platform.launcher.core.DefaultLauncherSession$DelegatingLauncher.execute(DefaultLauncherSession.java:86)
	at org.junit.platform.launcher.core.SessionPerRequestLauncher.execute(SessionPerRequestLauncher.java:53)
	at org.apache.maven.surefire.junitplatform.JUnitPlatformProvider.execute(JUnitPlatformProvider.java:188)
	at org.apache.maven.surefire.junitplatform.JUnitPlatformProvider.invokeAllTests(JUnitPlatformProvider.java:154)
	at org.apache.maven.surefire.junitplatform.JUnitPlatformProvider.invoke(JUnitPlatformProvider.java:124)
	at org.apache.maven.surefire.booter.ForkedBooter.runSuitesInProcess(ForkedBooter.java:428)
	at org.apache.maven.surefire.booter.ForkedBooter.execute(ForkedBooter.java:162)
	at org.apache.maven.surefire.booter.ForkedBooter.run(ForkedBooter.java:562)
	at org.apache.maven.surefire.booter.ForkedBooter.main(ForkedBooter.java:548)

Nov 18, 2022 1:06:03 PM org.apache.ratis.thirdparty.io.grpc.internal.ManagedChannelOrphanWrapper$ManagedChannelReference cleanQueue
SEVERE: *~*~*~ Channel ManagedChannelImpl{logId=287, target=10.1.0.56:40423} was not shutdown properly!!! ~*~*~*
    Make sure to call shutdown()/shutdownNow() and wait until awaitTermination() returns true.
java.lang.RuntimeException: ManagedChannel allocation site
	at org.apache.ratis.thirdparty.io.grpc.internal.ManagedChannelOrphanWrapper$ManagedChannelReference.<init>(ManagedChannelOrphanWrapper.java:93)
	at org.apache.ratis.thirdparty.io.grpc.internal.ManagedChannelOrphanWrapper.<init>(ManagedChannelOrphanWrapper.java:53)
	at org.apache.ratis.thirdparty.io.grpc.internal.ManagedChannelOrphanWrapper.<init>(ManagedChannelOrphanWrapper.java:44)
	at org.apache.ratis.thirdparty.io.grpc.internal.ManagedChannelImplBuilder.build(ManagedChannelImplBuilder.java:630)
	at org.apache.ratis.thirdparty.io.grpc.internal.AbstractManagedChannelImplBuilder.build(AbstractManagedChannelImplBuilder.java:297)
	at org.apache.hadoop.hdds.scm.XceiverClientGrpc.connectToDatanode(XceiverClientGrpc.java:205)
	at org.apache.hadoop.hdds.scm.XceiverClientGrpc.connect(XceiverClientGrpc.java:158)
	at org.apache.hadoop.hdds.scm.XceiverClientManager$2.call(XceiverClientManager.java:243)
	at org.apache.hadoop.hdds.scm.XceiverClientManager$2.call(XceiverClientManager.java:224)
	at com.google.common.cache.LocalCache$LocalManualCache$1.load(LocalCache.java:4868)
	at com.google.common.cache.LocalCache$LoadingValueReference.loadFuture(LocalCache.java:3533)
	at com.google.common.cache.LocalCache$Segment.loadSync(LocalCache.java:2282)
	at com.google.common.cache.LocalCache$Segment.lockedGetOrLoad(LocalCache.java:2159)
	at com.google.common.cache.LocalCache$Segment.get(LocalCache.java:2049)
	at com.google.common.cache.LocalCache.get(LocalCache.java:3966)
	at com.google.common.cache.LocalCache$LocalManualCache.get(LocalCache.java:4863)
	at org.apache.hadoop.hdds.scm.XceiverClientManager.getClient(XceiverClientManager.java:224)
	at org.apache.hadoop.hdds.scm.XceiverClientManager.acquireClient(XceiverClientManager.java:168)
	at org.apache.hadoop.hdds.scm.XceiverClientManager.acquireClient(XceiverClientManager.java:141)
	at org.apache.hadoop.hdds.scm.storage.BlockOutputStream.<init>(BlockOutputStream.java:161)
	at org.apache.hadoop.hdds.scm.storage.ECBlockOutputStream.<init>(ECBlockOutputStream.java:78)
	at org.apache.hadoop.ozone.client.io.ECBlockOutputStreamEntry.checkStream(ECBlockOutputStreamEntry.java:101)
	at org.apache.hadoop.ozone.client.io.BlockOutputStreamEntry.write(BlockOutputStreamEntry.java:123)
	at org.apache.hadoop.ozone.client.io.ECKeyOutputStream.writeToOutputStream(ECKeyOutputStream.java:408)
	at org.apache.hadoop.ozone.client.io.ECKeyOutputStream.handleOutputStreamWrite(ECKeyOutputStream.java:392)
	at org.apache.hadoop.ozone.client.io.ECKeyOutputStream.close(ECKeyOutputStream.java:490)
	at org.apache.hadoop.ozone.client.io.OzoneOutputStream.close(OzoneOutputStream.java:61)
	at org.apache.hadoop.ozone.TestDataUtil.createKey(TestDataUtil.java:115)
	at org.apache.hadoop.ozone.scm.node.TestDecommissionAndMaintenance.generateData(TestDecommissionAndMaintenance.java:621)
	at org.apache.hadoop.ozone.scm.node.TestDecommissionAndMaintenance.testNodeWithOpenPipelineCanBeDecommissionedAndRecommissioned(TestDecommissionAndMaintenance.java:181)
	at sun.reflect.NativeMethodAccessorImpl.invoke0(Native Method)
	at sun.reflect.NativeMethodAccessorImpl.invoke(NativeMethodAccessorImpl.java:62)
	at sun.reflect.DelegatingMethodAccessorImpl.invoke(DelegatingMethodAccessorImpl.java:43)
	at java.lang.reflect.Method.invoke(Method.java:498)
	at org.junit.platform.commons.util.ReflectionUtils.invokeMethod(ReflectionUtils.java:725)
	at org.junit.jupiter.engine.execution.MethodInvocation.proceed(MethodInvocation.java:60)
	at org.junit.jupiter.engine.execution.InvocationInterceptorChain$ValidatingInvocation.proceed(InvocationInterceptorChain.java:131)
	at org.junit.jupiter.engine.extension.TimeoutExtension.intercept(TimeoutExtension.java:149)
	at org.junit.jupiter.engine.extension.TimeoutExtension.interceptTestableMethod(TimeoutExtension.java:140)
	at org.junit.jupiter.engine.extension.TimeoutExtension.interceptTestMethod(TimeoutExtension.java:84)
	at org.junit.jupiter.engine.execution.ExecutableInvoker$ReflectiveInterceptorCall.lambda$ofVoidMethod$0(ExecutableInvoker.java:115)
	at org.junit.jupiter.engine.execution.ExecutableInvoker.lambda$invoke$0(ExecutableInvoker.java:105)
	at org.junit.jupiter.engine.execution.InvocationInterceptorChain$InterceptedInvocation.proceed(InvocationInterceptorChain.java:106)
	at org.junit.jupiter.engine.execution.InvocationInterceptorChain.proceed(InvocationInterceptorChain.java:64)
	at org.junit.jupiter.engine.execution.InvocationInterceptorChain.chainAndInvoke(InvocationInterceptorChain.java:45)
	at org.junit.jupiter.engine.execution.InvocationInterceptorChain.invoke(InvocationInterceptorChain.java:37)
	at org.junit.jupiter.engine.execution.ExecutableInvoker.invoke(ExecutableInvoker.java:104)
	at org.junit.jupiter.engine.execution.ExecutableInvoker.invoke(ExecutableInvoker.java:98)
	at org.junit.jupiter.engine.descriptor.TestMethodTestDescriptor.lambda$invokeTestMethod$7(TestMethodTestDescriptor.java:214)
	at org.junit.platform.engine.support.hierarchical.ThrowableCollector.execute(ThrowableCollector.java:73)
	at org.junit.jupiter.engine.descriptor.TestMethodTestDescriptor.invokeTestMethod(TestMethodTestDescriptor.java:210)
	at org.junit.jupiter.engine.descriptor.TestMethodTestDescriptor.execute(TestMethodTestDescriptor.java:135)
	at org.junit.jupiter.engine.descriptor.TestMethodTestDescriptor.execute(TestMethodTestDescriptor.java:66)
	at org.junit.platform.engine.support.hierarchical.NodeTestTask.lambda$executeRecursively$6(NodeTestTask.java:151)
	at org.junit.platform.engine.support.hierarchical.ThrowableCollector.execute(ThrowableCollector.java:73)
	at org.junit.platform.engine.support.hierarchical.NodeTestTask.lambda$executeRecursively$8(NodeTestTask.java:141)
	at org.junit.platform.engine.support.hierarchical.Node.around(Node.java:137)
	at org.junit.platform.engine.support.hierarchical.NodeTestTask.lambda$executeRecursively$9(NodeTestTask.java:139)
	at org.junit.platform.engine.support.hierarchical.ThrowableCollector.execute(ThrowableCollector.java:73)
	at org.junit.platform.engine.support.hierarchical.NodeTestTask.executeRecursively(NodeTestTask.java:138)
	at org.junit.platform.engine.support.hierarchical.NodeTestTask.execute(NodeTestTask.java:95)
	at java.util.ArrayList.forEach(ArrayList.java:1259)
	at org.junit.platform.engine.support.hierarchical.SameThreadHierarchicalTestExecutorService.invokeAll(SameThreadHierarchicalTestExecutorService.java:41)
	at org.junit.platform.engine.support.hierarchical.NodeTestTask.lambda$executeRecursively$6(NodeTestTask.java:155)
	at org.junit.platform.engine.support.hierarchical.ThrowableCollector.execute(ThrowableCollector.java:73)
	at org.junit.platform.engine.support.hierarchical.NodeTestTask.lambda$executeRecursively$8(NodeTestTask.java:141)
	at org.junit.platform.engine.support.hierarchical.Node.around(Node.java:137)
	at org.junit.platform.engine.support.hierarchical.NodeTestTask.lambda$executeRecursively$9(NodeTestTask.java:139)
	at org.junit.platform.engine.support.hierarchical.ThrowableCollector.execute(ThrowableCollector.java:73)
	at org.junit.platform.engine.support.hierarchical.NodeTestTask.executeRecursively(NodeTestTask.java:138)
	at org.junit.platform.engine.support.hierarchical.NodeTestTask.execute(NodeTestTask.java:95)
	at java.util.ArrayList.forEach(ArrayList.java:1259)
	at org.junit.platform.engine.support.hierarchical.SameThreadHierarchicalTestExecutorService.invokeAll(SameThreadHierarchicalTestExecutorService.java:41)
	at org.junit.platform.engine.support.hierarchical.NodeTestTask.lambda$executeRecursively$6(NodeTestTask.java:155)
	at org.junit.platform.engine.support.hierarchical.ThrowableCollector.execute(ThrowableCollector.java:73)
	at org.junit.platform.engine.support.hierarchical.NodeTestTask.lambda$executeRecursively$8(NodeTestTask.java:141)
	at org.junit.platform.engine.support.hierarchical.Node.around(Node.java:137)
	at org.junit.platform.engine.support.hierarchical.NodeTestTask.lambda$executeRecursively$9(NodeTestTask.java:139)
	at org.junit.platform.engine.support.hierarchical.ThrowableCollector.execute(ThrowableCollector.java:73)
	at org.junit.platform.engine.support.hierarchical.NodeTestTask.executeRecursively(NodeTestTask.java:138)
	at org.junit.platform.engine.support.hierarchical.NodeTestTask.execute(NodeTestTask.java:95)
	at org.junit.platform.engine.support.hierarchical.SameThreadHierarchicalTestExecutorService.submit(SameThreadHierarchicalTestExecutorService.java:35)
	at org.junit.platform.engine.support.hierarchical.HierarchicalTestExecutor.execute(HierarchicalTestExecutor.java:57)
	at org.junit.platform.engine.support.hierarchical.HierarchicalTestEngine.execute(HierarchicalTestEngine.java:54)
	at org.junit.platform.launcher.core.EngineExecutionOrchestrator.execute(EngineExecutionOrchestrator.java:107)
	at org.junit.platform.launcher.core.EngineExecutionOrchestrator.execute(EngineExecutionOrchestrator.java:88)
	at org.junit.platform.launcher.core.EngineExecutionOrchestrator.lambda$execute$0(EngineExecutionOrchestrator.java:54)
	at org.junit.platform.launcher.core.EngineExecutionOrchestrator.withInterceptedStreams(EngineExecutionOrchestrator.java:67)
	at org.junit.platform.launcher.core.EngineExecutionOrchestrator.execute(EngineExecutionOrchestrator.java:52)
	at org.junit.platform.launcher.core.DefaultLauncher.execute(DefaultLauncher.java:114)
	at org.junit.platform.launcher.core.DefaultLauncher.execute(DefaultLauncher.java:86)
	at org.junit.platform.launcher.core.DefaultLauncherSession$DelegatingLauncher.execute(DefaultLauncherSession.java:86)
	at org.junit.platform.launcher.core.SessionPerRequestLauncher.execute(SessionPerRequestLauncher.java:53)
	at org.apache.maven.surefire.junitplatform.JUnitPlatformProvider.execute(JUnitPlatformProvider.java:188)
	at org.apache.maven.surefire.junitplatform.JUnitPlatformProvider.invokeAllTests(JUnitPlatformProvider.java:154)
	at org.apache.maven.surefire.junitplatform.JUnitPlatformProvider.invoke(JUnitPlatformProvider.java:124)
	at org.apache.maven.surefire.booter.ForkedBooter.runSuitesInProcess(ForkedBooter.java:428)
	at org.apache.maven.surefire.booter.ForkedBooter.execute(ForkedBooter.java:162)
	at org.apache.maven.surefire.booter.ForkedBooter.run(ForkedBooter.java:562)
	at org.apache.maven.surefire.booter.ForkedBooter.main(ForkedBooter.java:548)

Nov 18, 2022 1:06:03 PM org.apache.ratis.thirdparty.io.grpc.internal.ManagedChannelOrphanWrapper$ManagedChannelReference cleanQueue
SEVERE: *~*~*~ Channel ManagedChannelImpl{logId=258, target=10.1.0.56:42141} was not shutdown properly!!! ~*~*~*
    Make sure to call shutdown()/shutdownNow() and wait until awaitTermination() returns true.
java.lang.RuntimeException: ManagedChannel allocation site
	at org.apache.ratis.thirdparty.io.grpc.internal.ManagedChannelOrphanWrapper$ManagedChannelReference.<init>(ManagedChannelOrphanWrapper.java:93)
	at org.apache.ratis.thirdparty.io.grpc.internal.ManagedChannelOrphanWrapper.<init>(ManagedChannelOrphanWrapper.java:53)
	at org.apache.ratis.thirdparty.io.grpc.internal.ManagedChannelOrphanWrapper.<init>(ManagedChannelOrphanWrapper.java:44)
	at org.apache.ratis.thirdparty.io.grpc.internal.ManagedChannelImplBuilder.build(ManagedChannelImplBuilder.java:630)
	at org.apache.ratis.thirdparty.io.grpc.internal.AbstractManagedChannelImplBuilder.build(AbstractManagedChannelImplBuilder.java:297)
	at org.apache.hadoop.hdds.scm.XceiverClientGrpc.connectToDatanode(XceiverClientGrpc.java:205)
	at org.apache.hadoop.hdds.scm.XceiverClientGrpc.connect(XceiverClientGrpc.java:158)
	at org.apache.hadoop.hdds.scm.XceiverClientManager$2.call(XceiverClientManager.java:243)
	at org.apache.hadoop.hdds.scm.XceiverClientManager$2.call(XceiverClientManager.java:224)
	at com.google.common.cache.LocalCache$LocalManualCache$1.load(LocalCache.java:4868)
	at com.google.common.cache.LocalCache$LoadingValueReference.loadFuture(LocalCache.java:3533)
	at com.google.common.cache.LocalCache$Segment.loadSync(LocalCache.java:2282)
	at com.google.common.cache.LocalCache$Segment.lockedGetOrLoad(LocalCache.java:2159)
	at com.google.common.cache.LocalCache$Segment.get(LocalCache.java:2049)
	at com.google.common.cache.LocalCache.get(LocalCache.java:3966)
	at com.google.common.cache.LocalCache$LocalManualCache.get(LocalCache.java:4863)
	at org.apache.hadoop.hdds.scm.XceiverClientManager.getClient(XceiverClientManager.java:224)
	at org.apache.hadoop.hdds.scm.XceiverClientManager.acquireClient(XceiverClientManager.java:168)
	at org.apache.hadoop.hdds.scm.XceiverClientManager.acquireClient(XceiverClientManager.java:141)
	at org.apache.hadoop.hdds.scm.storage.BlockOutputStream.<init>(BlockOutputStream.java:161)
	at org.apache.hadoop.hdds.scm.storage.ECBlockOutputStream.<init>(ECBlockOutputStream.java:78)
	at org.apache.hadoop.ozone.client.io.ECBlockOutputStreamEntry.checkStream(ECBlockOutputStreamEntry.java:101)
	at org.apache.hadoop.ozone.client.io.BlockOutputStreamEntry.write(BlockOutputStreamEntry.java:123)
	at org.apache.hadoop.ozone.client.io.ECKeyOutputStream.writeToOutputStream(ECKeyOutputStream.java:408)
	at org.apache.hadoop.ozone.client.io.ECKeyOutputStream.handleOutputStreamWrite(ECKeyOutputStream.java:392)
	at org.apache.hadoop.ozone.client.io.ECKeyOutputStream.close(ECKeyOutputStream.java:490)
	at org.apache.hadoop.ozone.client.io.OzoneOutputStream.close(OzoneOutputStream.java:61)
	at org.apache.hadoop.ozone.TestDataUtil.createKey(TestDataUtil.java:115)
	at org.apache.hadoop.ozone.scm.node.TestDecommissionAndMaintenance.generateData(TestDecommissionAndMaintenance.java:621)
	at org.apache.hadoop.ozone.scm.node.TestDecommissionAndMaintenance.testNodeWithOpenPipelineCanBeDecommissionedAndRecommissioned(TestDecommissionAndMaintenance.java:181)
	at sun.reflect.NativeMethodAccessorImpl.invoke0(Native Method)
	at sun.reflect.NativeMethodAccessorImpl.invoke(NativeMethodAccessorImpl.java:62)
	at sun.reflect.DelegatingMethodAccessorImpl.invoke(DelegatingMethodAccessorImpl.java:43)
	at java.lang.reflect.Method.invoke(Method.java:498)
	at org.junit.platform.commons.util.ReflectionUtils.invokeMethod(ReflectionUtils.java:725)
	at org.junit.jupiter.engine.execution.MethodInvocation.proceed(MethodInvocation.java:60)
	at org.junit.jupiter.engine.execution.InvocationInterceptorChain$ValidatingInvocation.proceed(InvocationInterceptorChain.java:131)
	at org.junit.jupiter.engine.extension.TimeoutExtension.intercept(TimeoutExtension.java:149)
	at org.junit.jupiter.engine.extension.TimeoutExtension.interceptTestableMethod(TimeoutExtension.java:140)
	at org.junit.jupiter.engine.extension.TimeoutExtension.interceptTestMethod(TimeoutExtension.java:84)
	at org.junit.jupiter.engine.execution.ExecutableInvoker$ReflectiveInterceptorCall.lambda$ofVoidMethod$0(ExecutableInvoker.java:115)
	at org.junit.jupiter.engine.execution.ExecutableInvoker.lambda$invoke$0(ExecutableInvoker.java:105)
	at org.junit.jupiter.engine.execution.InvocationInterceptorChain$InterceptedInvocation.proceed(InvocationInterceptorChain.java:106)
	at org.junit.jupiter.engine.execution.InvocationInterceptorChain.proceed(InvocationInterceptorChain.java:64)
	at org.junit.jupiter.engine.execution.InvocationInterceptorChain.chainAndInvoke(InvocationInterceptorChain.java:45)
	at org.junit.jupiter.engine.execution.InvocationInterceptorChain.invoke(InvocationInterceptorChain.java:37)
	at org.junit.jupiter.engine.execution.ExecutableInvoker.invoke(ExecutableInvoker.java:104)
	at org.junit.jupiter.engine.execution.ExecutableInvoker.invoke(ExecutableInvoker.java:98)
	at org.junit.jupiter.engine.descriptor.TestMethodTestDescriptor.lambda$invokeTestMethod$7(TestMethodTestDescriptor.java:214)
	at org.junit.platform.engine.support.hierarchical.ThrowableCollector.execute(ThrowableCollector.java:73)
	at org.junit.jupiter.engine.descriptor.TestMethodTestDescriptor.invokeTestMethod(TestMethodTestDescriptor.java:210)
	at org.junit.jupiter.engine.descriptor.TestMethodTestDescriptor.execute(TestMethodTestDescriptor.java:135)
	at org.junit.jupiter.engine.descriptor.TestMethodTestDescriptor.execute(TestMethodTestDescriptor.java:66)
	at org.junit.platform.engine.support.hierarchical.NodeTestTask.lambda$executeRecursively$6(NodeTestTask.java:151)
	at org.junit.platform.engine.support.hierarchical.ThrowableCollector.execute(ThrowableCollector.java:73)
	at org.junit.platform.engine.support.hierarchical.NodeTestTask.lambda$executeRecursively$8(NodeTestTask.java:141)
	at org.junit.platform.engine.support.hierarchical.Node.around(Node.java:137)
	at org.junit.platform.engine.support.hierarchical.NodeTestTask.lambda$executeRecursively$9(NodeTestTask.java:139)
	at org.junit.platform.engine.support.hierarchical.ThrowableCollector.execute(ThrowableCollector.java:73)
	at org.junit.platform.engine.support.hierarchical.NodeTestTask.executeRecursively(NodeTestTask.java:138)
	at org.junit.platform.engine.support.hierarchical.NodeTestTask.execute(NodeTestTask.java:95)
	at java.util.ArrayList.forEach(ArrayList.java:1259)
	at org.junit.platform.engine.support.hierarchical.SameThreadHierarchicalTestExecutorService.invokeAll(SameThreadHierarchicalTestExecutorService.java:41)
	at org.junit.platform.engine.support.hierarchical.NodeTestTask.lambda$executeRecursively$6(NodeTestTask.java:155)
	at org.junit.platform.engine.support.hierarchical.ThrowableCollector.execute(ThrowableCollector.java:73)
	at org.junit.platform.engine.support.hierarchical.NodeTestTask.lambda$executeRecursively$8(NodeTestTask.java:141)
	at org.junit.platform.engine.support.hierarchical.Node.around(Node.java:137)
	at org.junit.platform.engine.support.hierarchical.NodeTestTask.lambda$executeRecursively$9(NodeTestTask.java:139)
	at org.junit.platform.engine.support.hierarchical.ThrowableCollector.execute(ThrowableCollector.java:73)
	at org.junit.platform.engine.support.hierarchical.NodeTestTask.executeRecursively(NodeTestTask.java:138)
	at org.junit.platform.engine.support.hierarchical.NodeTestTask.execute(NodeTestTask.java:95)
	at java.util.ArrayList.forEach(ArrayList.java:1259)
	at org.junit.platform.engine.support.hierarchical.SameThreadHierarchicalTestExecutorService.invokeAll(SameThreadHierarchicalTestExecutorService.java:41)
	at org.junit.platform.engine.support.hierarchical.NodeTestTask.lambda$executeRecursively$6(NodeTestTask.java:155)
	at org.junit.platform.engine.support.hierarchical.ThrowableCollector.execute(ThrowableCollector.java:73)
	at org.junit.platform.engine.support.hierarchical.NodeTestTask.lambda$executeRecursively$8(NodeTestTask.java:141)
	at org.junit.platform.engine.support.hierarchical.Node.around(Node.java:137)
	at org.junit.platform.engine.support.hierarchical.NodeTestTask.lambda$executeRecursively$9(NodeTestTask.java:139)
	at org.junit.platform.engine.support.hierarchical.ThrowableCollector.execute(ThrowableCollector.java:73)
	at org.junit.platform.engine.support.hierarchical.NodeTestTask.executeRecursively(NodeTestTask.java:138)
	at org.junit.platform.engine.support.hierarchical.NodeTestTask.execute(NodeTestTask.java:95)
	at org.junit.platform.engine.support.hierarchical.SameThreadHierarchicalTestExecutorService.submit(SameThreadHierarchicalTestExecutorService.java:35)
	at org.junit.platform.engine.support.hierarchical.HierarchicalTestExecutor.execute(HierarchicalTestExecutor.java:57)
	at org.junit.platform.engine.support.hierarchical.HierarchicalTestEngine.execute(HierarchicalTestEngine.java:54)
	at org.junit.platform.launcher.core.EngineExecutionOrchestrator.execute(EngineExecutionOrchestrator.java:107)
	at org.junit.platform.launcher.core.EngineExecutionOrchestrator.execute(EngineExecutionOrchestrator.java:88)
	at org.junit.platform.launcher.core.EngineExecutionOrchestrator.lambda$execute$0(EngineExecutionOrchestrator.java:54)
	at org.junit.platform.launcher.core.EngineExecutionOrchestrator.withInterceptedStreams(EngineExecutionOrchestrator.java:67)
	at org.junit.platform.launcher.core.EngineExecutionOrchestrator.execute(EngineExecutionOrchestrator.java:52)
	at org.junit.platform.launcher.core.DefaultLauncher.execute(DefaultLauncher.java:114)
	at org.junit.platform.launcher.core.DefaultLauncher.execute(DefaultLauncher.java:86)
	at org.junit.platform.launcher.core.DefaultLauncherSession$DelegatingLauncher.execute(DefaultLauncherSession.java:86)
	at org.junit.platform.launcher.core.SessionPerRequestLauncher.execute(SessionPerRequestLauncher.java:53)
	at org.apache.maven.surefire.junitplatform.JUnitPlatformProvider.execute(JUnitPlatformProvider.java:188)
	at org.apache.maven.surefire.junitplatform.JUnitPlatformProvider.invokeAllTests(JUnitPlatformProvider.java:154)
	at org.apache.maven.surefire.junitplatform.JUnitPlatformProvider.invoke(JUnitPlatformProvider.java:124)
	at org.apache.maven.surefire.booter.ForkedBooter.runSuitesInProcess(ForkedBooter.java:428)
	at org.apache.maven.surefire.booter.ForkedBooter.execute(ForkedBooter.java:162)
	at org.apache.maven.surefire.booter.ForkedBooter.run(ForkedBooter.java:562)
	at org.apache.maven.surefire.booter.ForkedBooter.main(ForkedBooter.java:548)

Nov 18, 2022 1:06:03 PM org.apache.ratis.thirdparty.io.grpc.internal.ManagedChannelOrphanWrapper$ManagedChannelReference cleanQueue
SEVERE: *~*~*~ Channel ManagedChannelImpl{logId=231, target=10.1.0.56:42141} was not shutdown properly!!! ~*~*~*
    Make sure to call shutdown()/shutdownNow() and wait until awaitTermination() returns true.
java.lang.RuntimeException: ManagedChannel allocation site
	at org.apache.ratis.thirdparty.io.grpc.internal.ManagedChannelOrphanWrapper$ManagedChannelReference.<init>(ManagedChannelOrphanWrapper.java:93)
	at org.apache.ratis.thirdparty.io.grpc.internal.ManagedChannelOrphanWrapper.<init>(ManagedChannelOrphanWrapper.java:53)
	at org.apache.ratis.thirdparty.io.grpc.internal.ManagedChannelOrphanWrapper.<init>(ManagedChannelOrphanWrapper.java:44)
	at org.apache.ratis.thirdparty.io.grpc.internal.ManagedChannelImplBuilder.build(ManagedChannelImplBuilder.java:630)
	at org.apache.ratis.thirdparty.io.grpc.internal.AbstractManagedChannelImplBuilder.build(AbstractManagedChannelImplBuilder.java:297)
	at org.apache.hadoop.hdds.scm.XceiverClientGrpc.connectToDatanode(XceiverClientGrpc.java:205)
	at org.apache.hadoop.hdds.scm.XceiverClientGrpc.connect(XceiverClientGrpc.java:158)
	at org.apache.hadoop.hdds.scm.XceiverClientManager$2.call(XceiverClientManager.java:243)
	at org.apache.hadoop.hdds.scm.XceiverClientManager$2.call(XceiverClientManager.java:224)
	at com.google.common.cache.LocalCache$LocalManualCache$1.load(LocalCache.java:4868)
	at com.google.common.cache.LocalCache$LoadingValueReference.loadFuture(LocalCache.java:3533)
	at com.google.common.cache.LocalCache$Segment.loadSync(LocalCache.java:2282)
	at com.google.common.cache.LocalCache$Segment.lockedGetOrLoad(LocalCache.java:2159)
	at com.google.common.cache.LocalCache$Segment.get(LocalCache.java:2049)
	at com.google.common.cache.LocalCache.get(LocalCache.java:3966)
	at com.google.common.cache.LocalCache$LocalManualCache.get(LocalCache.java:4863)
	at org.apache.hadoop.hdds.scm.XceiverClientManager.getClient(XceiverClientManager.java:224)
	at org.apache.hadoop.hdds.scm.XceiverClientManager.acquireClient(XceiverClientManager.java:168)
	at org.apache.hadoop.hdds.scm.XceiverClientManager.acquireClient(XceiverClientManager.java:141)
	at org.apache.hadoop.hdds.scm.storage.BlockOutputStream.<init>(BlockOutputStream.java:161)
	at org.apache.hadoop.hdds.scm.storage.ECBlockOutputStream.<init>(ECBlockOutputStream.java:78)
	at org.apache.hadoop.ozone.client.io.ECBlockOutputStreamEntry.checkStream(ECBlockOutputStreamEntry.java:101)
	at org.apache.hadoop.ozone.client.io.BlockOutputStreamEntry.write(BlockOutputStreamEntry.java:123)
	at org.apache.hadoop.ozone.client.io.ECKeyOutputStream.writeToOutputStream(ECKeyOutputStream.java:408)
	at org.apache.hadoop.ozone.client.io.ECKeyOutputStream.handleOutputStreamWrite(ECKeyOutputStream.java:392)
	at org.apache.hadoop.ozone.client.io.ECKeyOutputStream.close(ECKeyOutputStream.java:490)
	at org.apache.hadoop.ozone.client.io.OzoneOutputStream.close(OzoneOutputStream.java:61)
	at org.apache.hadoop.ozone.TestDataUtil.createKey(TestDataUtil.java:115)
	at org.apache.hadoop.ozone.scm.node.TestDecommissionAndMaintenance.generateData(TestDecommissionAndMaintenance.java:621)
	at org.apache.hadoop.ozone.scm.node.TestDecommissionAndMaintenance.testNodeWithOpenPipelineCanBeDecommissionedAndRecommissioned(TestDecommissionAndMaintenance.java:181)
	at sun.reflect.NativeMethodAccessorImpl.invoke0(Native Method)
	at sun.reflect.NativeMethodAccessorImpl.invoke(NativeMethodAccessorImpl.java:62)
	at sun.reflect.DelegatingMethodAccessorImpl.invoke(DelegatingMethodAccessorImpl.java:43)
	at java.lang.reflect.Method.invoke(Method.java:498)
	at org.junit.platform.commons.util.ReflectionUtils.invokeMethod(ReflectionUtils.java:725)
	at org.junit.jupiter.engine.execution.MethodInvocation.proceed(MethodInvocation.java:60)
	at org.junit.jupiter.engine.execution.InvocationInterceptorChain$ValidatingInvocation.proceed(InvocationInterceptorChain.java:131)
	at org.junit.jupiter.engine.extension.TimeoutExtension.intercept(TimeoutExtension.java:149)
	at org.junit.jupiter.engine.extension.TimeoutExtension.interceptTestableMethod(TimeoutExtension.java:140)
	at org.junit.jupiter.engine.extension.TimeoutExtension.interceptTestMethod(TimeoutExtension.java:84)
	at org.junit.jupiter.engine.execution.ExecutableInvoker$ReflectiveInterceptorCall.lambda$ofVoidMethod$0(ExecutableInvoker.java:115)
	at org.junit.jupiter.engine.execution.ExecutableInvoker.lambda$invoke$0(ExecutableInvoker.java:105)
	at org.junit.jupiter.engine.execution.InvocationInterceptorChain$InterceptedInvocation.proceed(InvocationInterceptorChain.java:106)
	at org.junit.jupiter.engine.execution.InvocationInterceptorChain.proceed(InvocationInterceptorChain.java:64)
	at org.junit.jupiter.engine.execution.InvocationInterceptorChain.chainAndInvoke(InvocationInterceptorChain.java:45)
	at org.junit.jupiter.engine.execution.InvocationInterceptorChain.invoke(InvocationInterceptorChain.java:37)
	at org.junit.jupiter.engine.execution.ExecutableInvoker.invoke(ExecutableInvoker.java:104)
	at org.junit.jupiter.engine.execution.ExecutableInvoker.invoke(ExecutableInvoker.java:98)
	at org.junit.jupiter.engine.descriptor.TestMethodTestDescriptor.lambda$invokeTestMethod$7(TestMethodTestDescriptor.java:214)
	at org.junit.platform.engine.support.hierarchical.ThrowableCollector.execute(ThrowableCollector.java:73)
	at org.junit.jupiter.engine.descriptor.TestMethodTestDescriptor.invokeTestMethod(TestMethodTestDescriptor.java:210)
	at org.junit.jupiter.engine.descriptor.TestMethodTestDescriptor.execute(TestMethodTestDescriptor.java:135)
	at org.junit.jupiter.engine.descriptor.TestMethodTestDescriptor.execute(TestMethodTestDescriptor.java:66)
	at org.junit.platform.engine.support.hierarchical.NodeTestTask.lambda$executeRecursively$6(NodeTestTask.java:151)
	at org.junit.platform.engine.support.hierarchical.ThrowableCollector.execute(ThrowableCollector.java:73)
	at org.junit.platform.engine.support.hierarchical.NodeTestTask.lambda$executeRecursively$8(NodeTestTask.java:141)
	at org.junit.platform.engine.support.hierarchical.Node.around(Node.java:137)
	at org.junit.platform.engine.support.hierarchical.NodeTestTask.lambda$executeRecursively$9(NodeTestTask.java:139)
	at org.junit.platform.engine.support.hierarchical.ThrowableCollector.execute(ThrowableCollector.java:73)
	at org.junit.platform.engine.support.hierarchical.NodeTestTask.executeRecursively(NodeTestTask.java:138)
	at org.junit.platform.engine.support.hierarchical.NodeTestTask.execute(NodeTestTask.java:95)
	at java.util.ArrayList.forEach(ArrayList.java:1259)
	at org.junit.platform.engine.support.hierarchical.SameThreadHierarchicalTestExecutorService.invokeAll(SameThreadHierarchicalTestExecutorService.java:41)
	at org.junit.platform.engine.support.hierarchical.NodeTestTask.lambda$executeRecursively$6(NodeTestTask.java:155)
	at org.junit.platform.engine.support.hierarchical.ThrowableCollector.execute(ThrowableCollector.java:73)
	at org.junit.platform.engine.support.hierarchical.NodeTestTask.lambda$executeRecursively$8(NodeTestTask.java:141)
	at org.junit.platform.engine.support.hierarchical.Node.around(Node.java:137)
	at org.junit.platform.engine.support.hierarchical.NodeTestTask.lambda$executeRecursively$9(NodeTestTask.java:139)
	at org.junit.platform.engine.support.hierarchical.ThrowableCollector.execute(ThrowableCollector.java:73)
	at org.junit.platform.engine.support.hierarchical.NodeTestTask.executeRecursively(NodeTestTask.java:138)
	at org.junit.platform.engine.support.hierarchical.NodeTestTask.execute(NodeTestTask.java:95)
	at java.util.ArrayList.forEach(ArrayList.java:1259)
	at org.junit.platform.engine.support.hierarchical.SameThreadHierarchicalTestExecutorService.invokeAll(SameThreadHierarchicalTestExecutorService.java:41)
	at org.junit.platform.engine.support.hierarchical.NodeTestTask.lambda$executeRecursively$6(NodeTestTask.java:155)
	at org.junit.platform.engine.support.hierarchical.ThrowableCollector.execute(ThrowableCollector.java:73)
	at org.junit.platform.engine.support.hierarchical.NodeTestTask.lambda$executeRecursively$8(NodeTestTask.java:141)
	at org.junit.platform.engine.support.hierarchical.Node.around(Node.java:137)
	at org.junit.platform.engine.support.hierarchical.NodeTestTask.lambda$executeRecursively$9(NodeTestTask.java:139)
	at org.junit.platform.engine.support.hierarchical.ThrowableCollector.execute(ThrowableCollector.java:73)
	at org.junit.platform.engine.support.hierarchical.NodeTestTask.executeRecursively(NodeTestTask.java:138)
	at org.junit.platform.engine.support.hierarchical.NodeTestTask.execute(NodeTestTask.java:95)
	at org.junit.platform.engine.support.hierarchical.SameThreadHierarchicalTestExecutorService.submit(SameThreadHierarchicalTestExecutorService.java:35)
	at org.junit.platform.engine.support.hierarchical.HierarchicalTestExecutor.execute(HierarchicalTestExecutor.java:57)
	at org.junit.platform.engine.support.hierarchical.HierarchicalTestEngine.execute(HierarchicalTestEngine.java:54)
	at org.junit.platform.launcher.core.EngineExecutionOrchestrator.execute(EngineExecutionOrchestrator.java:107)
	at org.junit.platform.launcher.core.EngineExecutionOrchestrator.execute(EngineExecutionOrchestrator.java:88)
	at org.junit.platform.launcher.core.EngineExecutionOrchestrator.lambda$execute$0(EngineExecutionOrchestrator.java:54)
	at org.junit.platform.launcher.core.EngineExecutionOrchestrator.withInterceptedStreams(EngineExecutionOrchestrator.java:67)
	at org.junit.platform.launcher.core.EngineExecutionOrchestrator.execute(EngineExecutionOrchestrator.java:52)
	at org.junit.platform.launcher.core.DefaultLauncher.execute(DefaultLauncher.java:114)
	at org.junit.platform.launcher.core.DefaultLauncher.execute(DefaultLauncher.java:86)
	at org.junit.platform.launcher.core.DefaultLauncherSession$DelegatingLauncher.execute(DefaultLauncherSession.java:86)
	at org.junit.platform.launcher.core.SessionPerRequestLauncher.execute(SessionPerRequestLauncher.java:53)
	at org.apache.maven.surefire.junitplatform.JUnitPlatformProvider.execute(JUnitPlatformProvider.java:188)
	at org.apache.maven.surefire.junitplatform.JUnitPlatformProvider.invokeAllTests(JUnitPlatformProvider.java:154)
	at org.apache.maven.surefire.junitplatform.JUnitPlatformProvider.invoke(JUnitPlatformProvider.java:124)
	at org.apache.maven.surefire.booter.ForkedBooter.runSuitesInProcess(ForkedBooter.java:428)
	at org.apache.maven.surefire.booter.ForkedBooter.execute(ForkedBooter.java:162)
	at org.apache.maven.surefire.booter.ForkedBooter.run(ForkedBooter.java:562)
	at org.apache.maven.surefire.booter.ForkedBooter.main(ForkedBooter.java:548)

]]></system-err>
  </testcase>
  <testcase name="testEnteringMaintenanceNodeCompletesAfterSCMRestart" classname="org.apache.hadoop.ozone.scm.node.TestDecommissionAndMaintenance" time="14.194"/>
  <testcase name="testDecommissioningNodesCompleteDecommissionOnSCMRestart" classname="org.apache.hadoop.ozone.scm.node.TestDecommissionAndMaintenance" time="33.577"/>
</testsuite>