<?xml version="1.0" encoding="UTF-8"?>
<testsuite xmlns:xsi="http://www.w3.org/2001/XMLSchema-instance" xsi:noNamespaceSchemaLocation="https://maven.apache.org/surefire/maven-surefire-plugin/xsd/surefire-test-report-3.0.xsd" version="3.0" name="org.apache.hadoop.hdds.scm.container.balancer.TestContainerBalancerDatanodeNodeLimit" time="43.409" tests="304" errors="0" skipped="0" failures="1">
  <properties>
    <property name="java.specification.version" value="17"/>
    <property name="sun.jnu.encoding" value="UTF-8"/>
    <property name="java.class.path" value="/home/runner/work/ozone/ozone/hadoop-hdds/server-scm/target/test-classes:/home/runner/work/ozone/ozone/hadoop-hdds/server-scm/target/classes:/home/runner/.m2/repository/com/google/protobuf/protobuf-java/2.5.0/protobuf-java-2.5.0.jar:/home/runner/work/ozone/ozone/hadoop-hdds/common/target/hdds-common-2.0.0-SNAPSHOT.jar:/home/runner/work/ozone/ozone/hadoop-hdds/hadoop-dependency-client/target/hdds-hadoop-dependency-client-2.0.0-SNAPSHOT.jar:/home/runner/.m2/repository/com/github/stephenc/jcip/jcip-annotations/1.0-1/jcip-annotations-1.0-1.jar:/home/runner/.m2/repository/com/fasterxml/jackson/datatype/jackson-datatype-jsr310/2.16.2/jackson-datatype-jsr310-2.16.2.jar:/home/runner/work/ozone/ozone/hadoop-hdds/annotations/target/hdds-annotation-processing-2.0.0-SNAPSHOT.jar:/home/runner/.m2/repository/javax/annotation/javax.annotation-api/1.3.2/javax.annotation-api-1.3.2.jar:/home/runner/.m2/repository/jakarta/xml/bind/jakarta.xml.bind-api/2.3.3/jakarta.xml.bind-api-2.3.3.jar:/home/runner/.m2/repository/jakarta/activation/jakarta.activation-api/1.2.2/jakarta.activation-api-1.2.2.jar:/home/runner/.m2/repository/org/apache/ratis/ratis-metrics-dropwizard3/3.1.2/ratis-metrics-dropwizard3-3.1.2.jar:/home/runner/.m2/repository/org/bouncycastle/bcutil-jdk18on/1.79/bcutil-jdk18on-1.79.jar:/home/runner/.m2/repository/commons-validator/commons-validator/1.6/commons-validator-1.6.jar:/home/runner/.m2/repository/commons-beanutils/commons-beanutils/1.9.4/commons-beanutils-1.9.4.jar:/home/runner/.m2/repository/commons-digester/commons-digester/1.8.1/commons-digester-1.8.1.jar:/home/runner/.m2/repository/io/jaegertracing/jaeger-client/1.8.1/jaeger-client-1.8.1.jar:/home/runner/.m2/repository/io/jaegertracing/jaeger-thrift/1.8.1/jaeger-thrift-1.8.1.jar:/home/runner/.m2/repository/org/apache/thrift/libthrift/0.15.0/libthrift-0.15.0.jar:/home/runner/.m2/repository/com/squareup/okhttp3/okhttp/4.12.0/okhttp-4.12.0.jar:/home/runner/.m2/repository/com/squareup/okio/okio/3.6.0/okio-3.6.0.jar:/home/runner/.m2/repository/com/squareup/okio/okio-jvm/3.6.0/okio-jvm-3.6.0.jar:/home/runner/.m2/repository/org/jetbrains/kotlin/kotlin-stdlib-common/1.9.25/kotlin-stdlib-common-1.9.25.jar:/home/runner/.m2/repository/org/jetbrains/kotlin/kotlin-stdlib-jdk8/1.9.25/kotlin-stdlib-jdk8-1.9.25.jar:/home/runner/.m2/repository/org/jetbrains/kotlin/kotlin-stdlib-jdk7/1.9.25/kotlin-stdlib-jdk7-1.9.25.jar:/home/runner/.m2/repository/io/jaegertracing/jaeger-tracerresolver/1.8.1/jaeger-tracerresolver-1.8.1.jar:/home/runner/.m2/repository/io/opentracing/contrib/opentracing-tracerresolver/0.1.8/opentracing-tracerresolver-0.1.8.jar:/home/runner/.m2/repository/io/jaegertracing/jaeger-core/1.8.1/jaeger-core-1.8.1.jar:/home/runner/.m2/repository/org/jetbrains/kotlin/kotlin-stdlib/1.9.25/kotlin-stdlib-1.9.25.jar:/home/runner/.m2/repository/org/jetbrains/annotations/13.0/annotations-13.0.jar:/home/runner/.m2/repository/io/opentracing/opentracing-api/0.33.0/opentracing-api-0.33.0.jar:/home/runner/.m2/repository/io/opentracing/opentracing-util/0.33.0/opentracing-util-0.33.0.jar:/home/runner/.m2/repository/io/opentracing/opentracing-noop/0.33.0/opentracing-noop-0.33.0.jar:/home/runner/.m2/repository/org/yaml/snakeyaml/2.0/snakeyaml-2.0.jar:/home/runner/.m2/repository/org/reflections/reflections/0.10.2/reflections-0.10.2.jar:/home/runner/.m2/repository/org/javassist/javassist/3.30.2-GA/javassist-3.30.2-GA.jar:/home/runner/.m2/repository/io/grpc/grpc-api/1.58.0/grpc-api-1.58.0.jar:/home/runner/work/ozone/ozone/hadoop-hdds/config/target/hdds-config-2.0.0-SNAPSHOT.jar:/home/runner/work/ozone/ozone/hadoop-hdds/container-service/target/hdds-container-service-2.0.0-SNAPSHOT.jar:/home/runner/work/ozone/ozone/hadoop-hdds/managed-rocksdb/target/hdds-managed-rocksdb-2.0.0-SNAPSHOT.jar:/home/runner/.m2/repository/org/apache/logging/log4j/log4j-api/2.24.2/log4j-api-2.24.2.jar:/home/runner/.m2/repository/com/github/luben/zstd-jni/1.5.6-8/zstd-jni-1.5.6-8.jar:/home/runner/.m2/repository/commons-codec/commons-codec/1.17.1/commons-codec-1.17.1.jar:/home/runner/.m2/repository/org/glassfish/jaxb/jaxb-runtime/2.3.9/jaxb-runtime-2.3.9.jar:/home/runner/.m2/repository/org/glassfish/jaxb/txw2/2.3.9/txw2-2.3.9.jar:/home/runner/.m2/repository/com/sun/istack/istack-commons-runtime/3.0.12/istack-commons-runtime-3.0.12.jar:/home/runner/.m2/repository/com/sun/activation/jakarta.activation/1.2.2/jakarta.activation-1.2.2.jar:/home/runner/.m2/repository/io/netty/netty-transport/4.1.109.Final/netty-transport-4.1.109.Final.jar:/home/runner/.m2/repository/io/netty/netty-resolver/4.1.109.Final/netty-resolver-4.1.109.Final.jar:/home/runner/.m2/repository/io/netty/netty-buffer/4.1.109.Final/netty-buffer-4.1.109.Final.jar:/home/runner/.m2/repository/io/netty/netty-common/4.1.109.Final/netty-common-4.1.109.Final.jar:/home/runner/.m2/repository/io/netty/netty-codec/4.1.109.Final/netty-codec-4.1.109.Final.jar:/home/runner/.m2/repository/io/netty/netty-handler/4.1.109.Final/netty-handler-4.1.109.Final.jar:/home/runner/.m2/repository/io/netty/netty-transport-native-unix-common/4.1.109.Final/netty-transport-native-unix-common-4.1.109.Final.jar:/home/runner/.m2/repository/org/rocksdb/rocksdbjni/7.7.3/rocksdbjni-7.7.3.jar:/home/runner/work/ozone/ozone/hadoop-hdds/client/target/hdds-client-2.0.0-SNAPSHOT.jar:/home/runner/work/ozone/ozone/hadoop-hdds/erasurecode/target/hdds-erasurecode-2.0.0-SNAPSHOT.jar:/home/runner/work/ozone/ozone/hadoop-hdds/hadoop-dependency-server/target/hdds-hadoop-dependency-server-2.0.0-SNAPSHOT.jar:/home/runner/.m2/repository/org/apache/hadoop/hadoop-annotations/3.4.1/hadoop-annotations-3.4.1.jar:/home/runner/.m2/repository/org/apache/hadoop/hadoop-common/3.4.1/hadoop-common-3.4.1.jar:/home/runner/.m2/repository/org/apache/hadoop/thirdparty/hadoop-shaded-guava/1.3.0/hadoop-shaded-guava-1.3.0.jar:/home/runner/.m2/repository/commons-net/commons-net/3.11.1/commons-net-3.11.1.jar:/home/runner/.m2/repository/javax/servlet/jsp/jsp-api/2.1/jsp-api-2.1.jar:/home/runner/.m2/repository/org/codehaus/jettison/jettison/1.5.4/jettison-1.5.4.jar:/home/runner/.m2/repository/com/google/re2j/re2j/1.7/re2j-1.7.jar:/home/runner/.m2/repository/com/jcraft/jsch/0.1.55/jsch-0.1.55.jar:/home/runner/.m2/repository/io/netty/netty-transport-native-epoll/4.1.109.Final/netty-transport-native-epoll-4.1.109.Final.jar:/home/runner/.m2/repository/io/netty/netty-transport-classes-epoll/4.1.109.Final/netty-transport-classes-epoll-4.1.109.Final.jar:/home/runner/.m2/repository/org/codehaus/woodstox/stax2-api/4.2.2/stax2-api-4.2.2.jar:/home/runner/.m2/repository/com/fasterxml/woodstox/woodstox-core/5.4.0/woodstox-core-5.4.0.jar:/home/runner/.m2/repository/dnsjava/dnsjava/3.6.1/dnsjava-3.6.1.jar:/home/runner/.m2/repository/org/apache/hadoop/hadoop-auth/3.4.1/hadoop-auth-3.4.1.jar:/home/runner/.m2/repository/com/nimbusds/nimbus-jose-jwt/9.40/nimbus-jose-jwt-9.40.jar:/home/runner/.m2/repository/commons-cli/commons-cli/1.8.0/commons-cli-1.8.0.jar:/home/runner/.m2/repository/org/apache/hadoop/hadoop-hdfs/3.4.1/hadoop-hdfs-3.4.1.jar:/home/runner/.m2/repository/org/eclipse/jetty/jetty-util-ajax/9.4.56.v20240826/jetty-util-ajax-9.4.56.v20240826.jar:/home/runner/.m2/repository/commons-daemon/commons-daemon/1.4.0/commons-daemon-1.4.0.jar:/home/runner/.m2/repository/org/apache/kerby/kerb-core/1.0.1/kerb-core-1.0.1.jar:/home/runner/.m2/repository/org/apache/kerby/kerby-pkix/1.0.1/kerby-pkix-1.0.1.jar:/home/runner/.m2/repository/org/apache/kerby/kerby-asn1/1.0.1/kerby-asn1-1.0.1.jar:/home/runner/.m2/repository/org/apache/kerby/kerby-util/1.0.1/kerby-util-1.0.1.jar:/home/runner/.m2/repository/org/apache/kerby/kerb-util/1.0.1/kerb-util-1.0.1.jar:/home/runner/.m2/repository/org/apache/kerby/kerby-config/1.0.1/kerby-config-1.0.1.jar:/home/runner/.m2/repository/org/apache/kerby/kerb-crypto/1.0.1/kerb-crypto-1.0.1.jar:/home/runner/.m2/repository/org/xerial/snappy/snappy-java/1.1.10.7/snappy-java-1.1.10.7.jar:/home/runner/work/ozone/ozone/hadoop-hdds/interface-admin/target/hdds-interface-admin-2.0.0-SNAPSHOT.jar:/home/runner/work/ozone/ozone/hadoop-hdds/interface-client/target/hdds-interface-client-2.0.0-SNAPSHOT.jar:/home/runner/.m2/repository/org/apache/hadoop/thirdparty/hadoop-shaded-protobuf_3_25/1.3.0/hadoop-shaded-protobuf_3_25-1.3.0.jar:/home/runner/work/ozone/ozone/hadoop-hdds/interface-server/target/hdds-interface-server-2.0.0-SNAPSHOT.jar:/home/runner/work/ozone/ozone/hadoop-hdds/framework/target/hdds-server-framework-2.0.0-SNAPSHOT.jar:/home/runner/.m2/repository/ch/qos/reload4j/reload4j/1.2.25/reload4j-1.2.25.jar:/home/runner/.m2/repository/org/slf4j/slf4j-reload4j/2.0.16/slf4j-reload4j-2.0.16.jar:/home/runner/.m2/repository/org/apache/commons/commons-configuration2/2.11.0/commons-configuration2-2.11.0.jar:/home/runner/.m2/repository/commons-fileupload/commons-fileupload/1.5/commons-fileupload-1.5.jar:/home/runner/.m2/repository/commons-logging/commons-logging/1.2/commons-logging-1.2.jar:/home/runner/.m2/repository/org/apache/logging/log4j/log4j-core/2.24.2/log4j-core-2.24.2.jar:/home/runner/.m2/repository/com/lmax/disruptor/3.4.4/disruptor-3.4.4.jar:/home/runner/.m2/repository/org/eclipse/jetty/jetty-http/9.4.56.v20240826/jetty-http-9.4.56.v20240826.jar:/home/runner/.m2/repository/org/eclipse/jetty/jetty-io/9.4.56.v20240826/jetty-io-9.4.56.v20240826.jar:/home/runner/.m2/repository/org/eclipse/jetty/jetty-util/9.4.56.v20240826/jetty-util-9.4.56.v20240826.jar:/home/runner/.m2/repository/org/eclipse/jetty/jetty-server/9.4.56.v20240826/jetty-server-9.4.56.v20240826.jar:/home/runner/.m2/repository/org/eclipse/jetty/jetty-servlet/9.4.56.v20240826/jetty-servlet-9.4.56.v20240826.jar:/home/runner/.m2/repository/org/eclipse/jetty/jetty-security/9.4.56.v20240826/jetty-security-9.4.56.v20240826.jar:/home/runner/.m2/repository/org/glassfish/jersey/core/jersey-server/2.45/jersey-server-2.45.jar:/home/runner/.m2/repository/org/glassfish/jersey/core/jersey-common/2.45/jersey-common-2.45.jar:/home/runner/.m2/repository/org/glassfish/hk2/osgi-resource-locator/1.0.3/osgi-resource-locator-1.0.3.jar:/home/runner/.m2/repository/org/glassfish/jersey/core/jersey-client/2.45/jersey-client-2.45.jar:/home/runner/.m2/repository/org/glassfish/hk2/external/jakarta.inject/2.6.1/jakarta.inject-2.6.1.jar:/home/runner/.m2/repository/jakarta/validation/jakarta.validation-api/2.0.2/jakarta.validation-api-2.0.2.jar:/home/runner/.m2/repository/org/glassfish/jersey/containers/jersey-container-servlet-core/2.45/jersey-container-servlet-core-2.45.jar:/home/runner/.m2/repository/org/apache/ratis/ratis-metrics-api/3.1.2/ratis-metrics-api-3.1.2.jar:/home/runner/.m2/repository/io/prometheus/simpleclient/0.16.0/simpleclient-0.16.0.jar:/home/runner/.m2/repository/io/prometheus/simpleclient_dropwizard/0.16.0/simpleclient_dropwizard-0.16.0.jar:/home/runner/.m2/repository/io/prometheus/simpleclient_common/0.16.0/simpleclient_common-0.16.0.jar:/home/runner/.m2/repository/com/github/jnr/jnr-constants/0.10.4/jnr-constants-0.10.4.jar:/home/runner/.m2/repository/com/github/jnr/jnr-posix/3.1.20/jnr-posix-3.1.20.jar:/home/runner/.m2/repository/com/github/jnr/jnr-ffi/2.2.17/jnr-ffi-2.2.17.jar:/home/runner/.m2/repository/com/github/jnr/jffi/1.3.13/jffi-1.3.13.jar:/home/runner/.m2/repository/com/github/jnr/jffi/1.3.13/jffi-1.3.13-native.jar:/home/runner/.m2/repository/org/ow2/asm/asm/9.7.1/asm-9.7.1.jar:/home/runner/.m2/repository/org/ow2/asm/asm-commons/9.7.1/asm-commons-9.7.1.jar:/home/runner/.m2/repository/org/ow2/asm/asm-analysis/9.7.1/asm-analysis-9.7.1.jar:/home/runner/.m2/repository/org/ow2/asm/asm-tree/9.7.1/asm-tree-9.7.1.jar:/home/runner/.m2/repository/org/ow2/asm/asm-util/9.7.1/asm-util-9.7.1.jar:/home/runner/.m2/repository/com/github/jnr/jnr-a64asm/1.0.0/jnr-a64asm-1.0.0.jar:/home/runner/.m2/repository/com/github/jnr/jnr-x86asm/1.0.2/jnr-x86asm-1.0.2.jar:/home/runner/.m2/repository/com/google/code/gson/gson/2.10.1/gson-2.10.1.jar:/home/runner/work/ozone/ozone/hadoop-hdds/rocksdb-checkpoint-differ/target/rocksdb-checkpoint-differ-2.0.0-SNAPSHOT.jar:/home/runner/work/ozone/ozone/hadoop-hdds/rocks-native/target/hdds-rocks-native-2.0.0-SNAPSHOT.jar:/home/runner/.m2/repository/org/jgrapht/jgrapht-core/1.4.0/jgrapht-core-1.4.0.jar:/home/runner/.m2/repository/org/jheaps/jheaps/0.11/jheaps-0.11.jar:/home/runner/.m2/repository/org/jgrapht/jgrapht-ext/1.4.0/jgrapht-ext-1.4.0.jar:/home/runner/.m2/repository/com/github/vlsi/mxgraph/jgraphx/3.9.12/jgraphx-3.9.12.jar:/home/runner/.m2/repository/jakarta/ws/rs/jakarta.ws.rs-api/2.1.6/jakarta.ws.rs-api-2.1.6.jar:/home/runner/work/ozone/ozone/hadoop-hdds/docs/target/hdds-docs-2.0.0-SNAPSHOT.jar:/home/runner/.m2/repository/org/apache/ratis/ratis-client/3.1.2/ratis-client-3.1.2.jar:/home/runner/.m2/repository/org/apache/ratis/ratis-common/3.1.2/ratis-common-3.1.2.jar:/home/runner/.m2/repository/org/apache/ratis/ratis-grpc/3.1.2/ratis-grpc-3.1.2.jar:/home/runner/.m2/repository/org/apache/ratis/ratis-netty/3.1.2/ratis-netty-3.1.2.jar:/home/runner/.m2/repository/org/apache/ratis/ratis-proto/3.1.2/ratis-proto-3.1.2.jar:/home/runner/.m2/repository/org/apache/ratis/ratis-server-api/3.1.2/ratis-server-api-3.1.2.jar:/home/runner/.m2/repository/org/apache/ratis/ratis-server/3.1.2/ratis-server-3.1.2.jar:/home/runner/.m2/repository/org/apache/ratis/ratis-thirdparty-misc/1.0.6/ratis-thirdparty-misc-1.0.6.jar:/home/runner/.m2/repository/org/bouncycastle/bcpkix-jdk18on/1.79/bcpkix-jdk18on-1.79.jar:/home/runner/.m2/repository/org/bouncycastle/bcprov-jdk18on/1.79/bcprov-jdk18on-1.79.jar:/home/runner/.m2/repository/io/dropwizard/metrics/metrics-core/3.2.6/metrics-core-3.2.6.jar:/home/runner/.m2/repository/org/apache/commons/commons-compress/1.27.1/commons-compress-1.27.1.jar:/home/runner/.m2/repository/org/apache/commons/commons-lang3/3.17.0/commons-lang3-3.17.0.jar:/home/runner/.m2/repository/org/apache/commons/commons-text/1.12.0/commons-text-1.12.0.jar:/home/runner/.m2/repository/org/apache/hadoop/hadoop-hdfs-client/3.4.1/hadoop-hdfs-client-3.4.1.jar:/home/runner/.m2/repository/org/apache/httpcomponents/httpclient/4.5.14/httpclient-4.5.14.jar:/home/runner/.m2/repository/org/apache/httpcomponents/httpcore/4.4.16/httpcore-4.4.16.jar:/home/runner/.m2/repository/org/eclipse/jetty/jetty-webapp/9.4.56.v20240826/jetty-webapp-9.4.56.v20240826.jar:/home/runner/.m2/repository/org/eclipse/jetty/jetty-xml/9.4.56.v20240826/jetty-xml-9.4.56.v20240826.jar:/home/runner/.m2/repository/org/slf4j/slf4j-api/2.0.16/slf4j-api-2.0.16.jar:/home/runner/.m2/repository/com/fasterxml/jackson/core/jackson-annotations/2.16.2/jackson-annotations-2.16.2.jar:/home/runner/.m2/repository/com/fasterxml/jackson/core/jackson-core/2.16.2/jackson-core-2.16.2.jar:/home/runner/.m2/repository/com/fasterxml/jackson/core/jackson-databind/2.16.2/jackson-databind-2.16.2.jar:/home/runner/.m2/repository/com/google/guava/guava/32.1.3-jre/guava-32.1.3-jre.jar:/home/runner/.m2/repository/com/google/guava/failureaccess/1.0.1/failureaccess-1.0.1.jar:/home/runner/.m2/repository/com/google/guava/listenablefuture/9999.0-empty-to-avoid-conflict-with-guava/listenablefuture-9999.0-empty-to-avoid-conflict-with-guava.jar:/home/runner/.m2/repository/org/checkerframework/checker-qual/3.37.0/checker-qual-3.37.0.jar:/home/runner/.m2/repository/com/google/errorprone/error_prone_annotations/2.29.2/error_prone_annotations-2.29.2.jar:/home/runner/.m2/repository/com/google/j2objc/j2objc-annotations/2.8/j2objc-annotations-2.8.jar:/home/runner/.m2/repository/info/picocli/picocli/4.7.5/picocli-4.7.5.jar:/home/runner/.m2/repository/jakarta/annotation/jakarta.annotation-api/2.1.1/jakarta.annotation-api-2.1.1.jar:/home/runner/.m2/repository/javax/servlet/javax.servlet-api/3.1.0/javax.servlet-api-3.1.0.jar:/home/runner/.m2/repository/commons-collections/commons-collections/3.2.2/commons-collections-3.2.2.jar:/home/runner/.m2/repository/commons-io/commons-io/2.18.0/commons-io-2.18.0.jar:/home/runner/.m2/repository/org/apache/commons/commons-math3/3.6.1/commons-math3-3.6.1.jar:/home/runner/work/ozone/ozone/hadoop-hdds/common/target/hdds-common-2.0.0-SNAPSHOT-tests.jar:/home/runner/work/ozone/ozone/hadoop-hdds/hadoop-dependency-test/target/hdds-hadoop-dependency-test-2.0.0-SNAPSHOT.jar:/home/runner/.m2/repository/org/apache/hadoop/hadoop-common/3.4.1/hadoop-common-3.4.1-tests.jar:/home/runner/.m2/repository/org/apache/hadoop/hadoop-hdfs/3.4.1/hadoop-hdfs-3.4.1-tests.jar:/home/runner/.m2/repository/org/assertj/assertj-core/3.26.3/assertj-core-3.26.3.jar:/home/runner/.m2/repository/net/bytebuddy/byte-buddy/1.14.18/byte-buddy-1.14.18.jar:/home/runner/.m2/repository/org/junit/jupiter/junit-jupiter-api/5.11.3/junit-jupiter-api-5.11.3.jar:/home/runner/.m2/repository/org/opentest4j/opentest4j/1.3.0/opentest4j-1.3.0.jar:/home/runner/.m2/repository/org/junit/platform/junit-platform-commons/1.11.3/junit-platform-commons-1.11.3.jar:/home/runner/.m2/repository/org/apiguardian/apiguardian-api/1.1.2/apiguardian-api-1.1.2.jar:/home/runner/.m2/repository/org/junit/jupiter/junit-jupiter-engine/5.11.3/junit-jupiter-engine-5.11.3.jar:/home/runner/.m2/repository/org/junit/platform/junit-platform-engine/1.11.3/junit-platform-engine-1.11.3.jar:/home/runner/.m2/repository/org/junit/jupiter/junit-jupiter-params/5.11.3/junit-jupiter-params-5.11.3.jar:/home/runner/.m2/repository/org/mockito/mockito-core/4.11.0/mockito-core-4.11.0.jar:/home/runner/.m2/repository/net/bytebuddy/byte-buddy-agent/1.12.19/byte-buddy-agent-1.12.19.jar:/home/runner/.m2/repository/org/objenesis/objenesis/3.3/objenesis-3.3.jar:/home/runner/.m2/repository/org/mockito/mockito-inline/4.11.0/mockito-inline-4.11.0.jar:/home/runner/.m2/repository/org/mockito/mockito-junit-jupiter/4.11.0/mockito-junit-jupiter-4.11.0.jar:/home/runner/work/ozone/ozone/hadoop-hdds/container-service/target/hdds-container-service-2.0.0-SNAPSHOT-tests.jar:/home/runner/work/ozone/ozone/hadoop-hdds/test-utils/target/hdds-test-utils-2.0.0-SNAPSHOT.jar:/home/runner/work/ozone/ozone/hadoop-hdds/server-scm/target/gradle-enterprise/test-listeners.jar:"/>
    <property name="java.vm.vendor" value="Eclipse Adoptium"/>
    <property name="sun.arch.data.model" value="64"/>
    <property name="test.build.dir" value="/home/runner/work/ozone/ozone/hadoop-hdds/server-scm/target/test-dir"/>
    <property name="test.cache.data" value=""/>
    <property name="java.vendor.url" value="https://adoptium.net/"/>
    <property name="user.timezone" value="Etc/UTC"/>
    <property name="maven-surefire-plugin.argLineAccessArgs" value=" --add-opens java.management/com.sun.jmx.mbeanserver=ALL-UNNAMED --add-exports java.management/com.sun.jmx.mbeanserver=ALL-UNNAMED --add-opens java.base/java.nio=ALL-UNNAMED --add-opens java.base/java.lang=ALL-UNNAMED --add-opens java.base/java.lang.reflect=ALL-UNNAMED"/>
    <property name="os.name" value="Linux"/>
    <property name="java.vm.specification.version" value="17"/>
    <property name="test.build.data" value="/home/runner/work/ozone/ozone/hadoop-hdds/server-scm/target/test-dir"/>
    <property name="sun.java.launcher" value="SUN_STANDARD"/>
    <property name="sun.boot.library.path" value="/usr/lib/jvm/temurin-17-jdk-amd64/lib"/>
    <property name="sun.java.command" value="/home/runner/work/ozone/ozone/hadoop-hdds/server-scm/target/surefire/surefirebooter12693230572432431032.jar /home/runner/work/ozone/ozone/hadoop-hdds/server-scm/target/surefire 2024-12-04T01-38-52_742-jvmRun1 surefire8525384434875653434tmp surefire_966513244558062513521tmp"/>
    <property name="jdk.debug" value="release"/>
    <property name="native.lib.tmp.dir" value="/tmp"/>
    <property name="surefire.test.class.path" value="/home/runner/work/ozone/ozone/hadoop-hdds/server-scm/target/test-classes:/home/runner/work/ozone/ozone/hadoop-hdds/server-scm/target/classes:/home/runner/.m2/repository/com/google/protobuf/protobuf-java/2.5.0/protobuf-java-2.5.0.jar:/home/runner/work/ozone/ozone/hadoop-hdds/common/target/hdds-common-2.0.0-SNAPSHOT.jar:/home/runner/work/ozone/ozone/hadoop-hdds/hadoop-dependency-client/target/hdds-hadoop-dependency-client-2.0.0-SNAPSHOT.jar:/home/runner/.m2/repository/com/github/stephenc/jcip/jcip-annotations/1.0-1/jcip-annotations-1.0-1.jar:/home/runner/.m2/repository/com/fasterxml/jackson/datatype/jackson-datatype-jsr310/2.16.2/jackson-datatype-jsr310-2.16.2.jar:/home/runner/work/ozone/ozone/hadoop-hdds/annotations/target/hdds-annotation-processing-2.0.0-SNAPSHOT.jar:/home/runner/.m2/repository/javax/annotation/javax.annotation-api/1.3.2/javax.annotation-api-1.3.2.jar:/home/runner/.m2/repository/jakarta/xml/bind/jakarta.xml.bind-api/2.3.3/jakarta.xml.bind-api-2.3.3.jar:/home/runner/.m2/repository/jakarta/activation/jakarta.activation-api/1.2.2/jakarta.activation-api-1.2.2.jar:/home/runner/.m2/repository/org/apache/ratis/ratis-metrics-dropwizard3/3.1.2/ratis-metrics-dropwizard3-3.1.2.jar:/home/runner/.m2/repository/org/bouncycastle/bcutil-jdk18on/1.79/bcutil-jdk18on-1.79.jar:/home/runner/.m2/repository/commons-validator/commons-validator/1.6/commons-validator-1.6.jar:/home/runner/.m2/repository/commons-beanutils/commons-beanutils/1.9.4/commons-beanutils-1.9.4.jar:/home/runner/.m2/repository/commons-digester/commons-digester/1.8.1/commons-digester-1.8.1.jar:/home/runner/.m2/repository/io/jaegertracing/jaeger-client/1.8.1/jaeger-client-1.8.1.jar:/home/runner/.m2/repository/io/jaegertracing/jaeger-thrift/1.8.1/jaeger-thrift-1.8.1.jar:/home/runner/.m2/repository/org/apache/thrift/libthrift/0.15.0/libthrift-0.15.0.jar:/home/runner/.m2/repository/com/squareup/okhttp3/okhttp/4.12.0/okhttp-4.12.0.jar:/home/runner/.m2/repository/com/squareup/okio/okio/3.6.0/okio-3.6.0.jar:/home/runner/.m2/repository/com/squareup/okio/okio-jvm/3.6.0/okio-jvm-3.6.0.jar:/home/runner/.m2/repository/org/jetbrains/kotlin/kotlin-stdlib-common/1.9.25/kotlin-stdlib-common-1.9.25.jar:/home/runner/.m2/repository/org/jetbrains/kotlin/kotlin-stdlib-jdk8/1.9.25/kotlin-stdlib-jdk8-1.9.25.jar:/home/runner/.m2/repository/org/jetbrains/kotlin/kotlin-stdlib-jdk7/1.9.25/kotlin-stdlib-jdk7-1.9.25.jar:/home/runner/.m2/repository/io/jaegertracing/jaeger-tracerresolver/1.8.1/jaeger-tracerresolver-1.8.1.jar:/home/runner/.m2/repository/io/opentracing/contrib/opentracing-tracerresolver/0.1.8/opentracing-tracerresolver-0.1.8.jar:/home/runner/.m2/repository/io/jaegertracing/jaeger-core/1.8.1/jaeger-core-1.8.1.jar:/home/runner/.m2/repository/org/jetbrains/kotlin/kotlin-stdlib/1.9.25/kotlin-stdlib-1.9.25.jar:/home/runner/.m2/repository/org/jetbrains/annotations/13.0/annotations-13.0.jar:/home/runner/.m2/repository/io/opentracing/opentracing-api/0.33.0/opentracing-api-0.33.0.jar:/home/runner/.m2/repository/io/opentracing/opentracing-util/0.33.0/opentracing-util-0.33.0.jar:/home/runner/.m2/repository/io/opentracing/opentracing-noop/0.33.0/opentracing-noop-0.33.0.jar:/home/runner/.m2/repository/org/yaml/snakeyaml/2.0/snakeyaml-2.0.jar:/home/runner/.m2/repository/org/reflections/reflections/0.10.2/reflections-0.10.2.jar:/home/runner/.m2/repository/org/javassist/javassist/3.30.2-GA/javassist-3.30.2-GA.jar:/home/runner/.m2/repository/io/grpc/grpc-api/1.58.0/grpc-api-1.58.0.jar:/home/runner/work/ozone/ozone/hadoop-hdds/config/target/hdds-config-2.0.0-SNAPSHOT.jar:/home/runner/work/ozone/ozone/hadoop-hdds/container-service/target/hdds-container-service-2.0.0-SNAPSHOT.jar:/home/runner/work/ozone/ozone/hadoop-hdds/managed-rocksdb/target/hdds-managed-rocksdb-2.0.0-SNAPSHOT.jar:/home/runner/.m2/repository/org/apache/logging/log4j/log4j-api/2.24.2/log4j-api-2.24.2.jar:/home/runner/.m2/repository/com/github/luben/zstd-jni/1.5.6-8/zstd-jni-1.5.6-8.jar:/home/runner/.m2/repository/commons-codec/commons-codec/1.17.1/commons-codec-1.17.1.jar:/home/runner/.m2/repository/org/glassfish/jaxb/jaxb-runtime/2.3.9/jaxb-runtime-2.3.9.jar:/home/runner/.m2/repository/org/glassfish/jaxb/txw2/2.3.9/txw2-2.3.9.jar:/home/runner/.m2/repository/com/sun/istack/istack-commons-runtime/3.0.12/istack-commons-runtime-3.0.12.jar:/home/runner/.m2/repository/com/sun/activation/jakarta.activation/1.2.2/jakarta.activation-1.2.2.jar:/home/runner/.m2/repository/io/netty/netty-transport/4.1.109.Final/netty-transport-4.1.109.Final.jar:/home/runner/.m2/repository/io/netty/netty-resolver/4.1.109.Final/netty-resolver-4.1.109.Final.jar:/home/runner/.m2/repository/io/netty/netty-buffer/4.1.109.Final/netty-buffer-4.1.109.Final.jar:/home/runner/.m2/repository/io/netty/netty-common/4.1.109.Final/netty-common-4.1.109.Final.jar:/home/runner/.m2/repository/io/netty/netty-codec/4.1.109.Final/netty-codec-4.1.109.Final.jar:/home/runner/.m2/repository/io/netty/netty-handler/4.1.109.Final/netty-handler-4.1.109.Final.jar:/home/runner/.m2/repository/io/netty/netty-transport-native-unix-common/4.1.109.Final/netty-transport-native-unix-common-4.1.109.Final.jar:/home/runner/.m2/repository/org/rocksdb/rocksdbjni/7.7.3/rocksdbjni-7.7.3.jar:/home/runner/work/ozone/ozone/hadoop-hdds/client/target/hdds-client-2.0.0-SNAPSHOT.jar:/home/runner/work/ozone/ozone/hadoop-hdds/erasurecode/target/hdds-erasurecode-2.0.0-SNAPSHOT.jar:/home/runner/work/ozone/ozone/hadoop-hdds/hadoop-dependency-server/target/hdds-hadoop-dependency-server-2.0.0-SNAPSHOT.jar:/home/runner/.m2/repository/org/apache/hadoop/hadoop-annotations/3.4.1/hadoop-annotations-3.4.1.jar:/home/runner/.m2/repository/org/apache/hadoop/hadoop-common/3.4.1/hadoop-common-3.4.1.jar:/home/runner/.m2/repository/org/apache/hadoop/thirdparty/hadoop-shaded-guava/1.3.0/hadoop-shaded-guava-1.3.0.jar:/home/runner/.m2/repository/commons-net/commons-net/3.11.1/commons-net-3.11.1.jar:/home/runner/.m2/repository/javax/servlet/jsp/jsp-api/2.1/jsp-api-2.1.jar:/home/runner/.m2/repository/org/codehaus/jettison/jettison/1.5.4/jettison-1.5.4.jar:/home/runner/.m2/repository/com/google/re2j/re2j/1.7/re2j-1.7.jar:/home/runner/.m2/repository/com/jcraft/jsch/0.1.55/jsch-0.1.55.jar:/home/runner/.m2/repository/io/netty/netty-transport-native-epoll/4.1.109.Final/netty-transport-native-epoll-4.1.109.Final.jar:/home/runner/.m2/repository/io/netty/netty-transport-classes-epoll/4.1.109.Final/netty-transport-classes-epoll-4.1.109.Final.jar:/home/runner/.m2/repository/org/codehaus/woodstox/stax2-api/4.2.2/stax2-api-4.2.2.jar:/home/runner/.m2/repository/com/fasterxml/woodstox/woodstox-core/5.4.0/woodstox-core-5.4.0.jar:/home/runner/.m2/repository/dnsjava/dnsjava/3.6.1/dnsjava-3.6.1.jar:/home/runner/.m2/repository/org/apache/hadoop/hadoop-auth/3.4.1/hadoop-auth-3.4.1.jar:/home/runner/.m2/repository/com/nimbusds/nimbus-jose-jwt/9.40/nimbus-jose-jwt-9.40.jar:/home/runner/.m2/repository/commons-cli/commons-cli/1.8.0/commons-cli-1.8.0.jar:/home/runner/.m2/repository/org/apache/hadoop/hadoop-hdfs/3.4.1/hadoop-hdfs-3.4.1.jar:/home/runner/.m2/repository/org/eclipse/jetty/jetty-util-ajax/9.4.56.v20240826/jetty-util-ajax-9.4.56.v20240826.jar:/home/runner/.m2/repository/commons-daemon/commons-daemon/1.4.0/commons-daemon-1.4.0.jar:/home/runner/.m2/repository/org/apache/kerby/kerb-core/1.0.1/kerb-core-1.0.1.jar:/home/runner/.m2/repository/org/apache/kerby/kerby-pkix/1.0.1/kerby-pkix-1.0.1.jar:/home/runner/.m2/repository/org/apache/kerby/kerby-asn1/1.0.1/kerby-asn1-1.0.1.jar:/home/runner/.m2/repository/org/apache/kerby/kerby-util/1.0.1/kerby-util-1.0.1.jar:/home/runner/.m2/repository/org/apache/kerby/kerb-util/1.0.1/kerb-util-1.0.1.jar:/home/runner/.m2/repository/org/apache/kerby/kerby-config/1.0.1/kerby-config-1.0.1.jar:/home/runner/.m2/repository/org/apache/kerby/kerb-crypto/1.0.1/kerb-crypto-1.0.1.jar:/home/runner/.m2/repository/org/xerial/snappy/snappy-java/1.1.10.7/snappy-java-1.1.10.7.jar:/home/runner/work/ozone/ozone/hadoop-hdds/interface-admin/target/hdds-interface-admin-2.0.0-SNAPSHOT.jar:/home/runner/work/ozone/ozone/hadoop-hdds/interface-client/target/hdds-interface-client-2.0.0-SNAPSHOT.jar:/home/runner/.m2/repository/org/apache/hadoop/thirdparty/hadoop-shaded-protobuf_3_25/1.3.0/hadoop-shaded-protobuf_3_25-1.3.0.jar:/home/runner/work/ozone/ozone/hadoop-hdds/interface-server/target/hdds-interface-server-2.0.0-SNAPSHOT.jar:/home/runner/work/ozone/ozone/hadoop-hdds/framework/target/hdds-server-framework-2.0.0-SNAPSHOT.jar:/home/runner/.m2/repository/ch/qos/reload4j/reload4j/1.2.25/reload4j-1.2.25.jar:/home/runner/.m2/repository/org/slf4j/slf4j-reload4j/2.0.16/slf4j-reload4j-2.0.16.jar:/home/runner/.m2/repository/org/apache/commons/commons-configuration2/2.11.0/commons-configuration2-2.11.0.jar:/home/runner/.m2/repository/commons-fileupload/commons-fileupload/1.5/commons-fileupload-1.5.jar:/home/runner/.m2/repository/commons-logging/commons-logging/1.2/commons-logging-1.2.jar:/home/runner/.m2/repository/org/apache/logging/log4j/log4j-core/2.24.2/log4j-core-2.24.2.jar:/home/runner/.m2/repository/com/lmax/disruptor/3.4.4/disruptor-3.4.4.jar:/home/runner/.m2/repository/org/eclipse/jetty/jetty-http/9.4.56.v20240826/jetty-http-9.4.56.v20240826.jar:/home/runner/.m2/repository/org/eclipse/jetty/jetty-io/9.4.56.v20240826/jetty-io-9.4.56.v20240826.jar:/home/runner/.m2/repository/org/eclipse/jetty/jetty-util/9.4.56.v20240826/jetty-util-9.4.56.v20240826.jar:/home/runner/.m2/repository/org/eclipse/jetty/jetty-server/9.4.56.v20240826/jetty-server-9.4.56.v20240826.jar:/home/runner/.m2/repository/org/eclipse/jetty/jetty-servlet/9.4.56.v20240826/jetty-servlet-9.4.56.v20240826.jar:/home/runner/.m2/repository/org/eclipse/jetty/jetty-security/9.4.56.v20240826/jetty-security-9.4.56.v20240826.jar:/home/runner/.m2/repository/org/glassfish/jersey/core/jersey-server/2.45/jersey-server-2.45.jar:/home/runner/.m2/repository/org/glassfish/jersey/core/jersey-common/2.45/jersey-common-2.45.jar:/home/runner/.m2/repository/org/glassfish/hk2/osgi-resource-locator/1.0.3/osgi-resource-locator-1.0.3.jar:/home/runner/.m2/repository/org/glassfish/jersey/core/jersey-client/2.45/jersey-client-2.45.jar:/home/runner/.m2/repository/org/glassfish/hk2/external/jakarta.inject/2.6.1/jakarta.inject-2.6.1.jar:/home/runner/.m2/repository/jakarta/validation/jakarta.validation-api/2.0.2/jakarta.validation-api-2.0.2.jar:/home/runner/.m2/repository/org/glassfish/jersey/containers/jersey-container-servlet-core/2.45/jersey-container-servlet-core-2.45.jar:/home/runner/.m2/repository/org/apache/ratis/ratis-metrics-api/3.1.2/ratis-metrics-api-3.1.2.jar:/home/runner/.m2/repository/io/prometheus/simpleclient/0.16.0/simpleclient-0.16.0.jar:/home/runner/.m2/repository/io/prometheus/simpleclient_dropwizard/0.16.0/simpleclient_dropwizard-0.16.0.jar:/home/runner/.m2/repository/io/prometheus/simpleclient_common/0.16.0/simpleclient_common-0.16.0.jar:/home/runner/.m2/repository/com/github/jnr/jnr-constants/0.10.4/jnr-constants-0.10.4.jar:/home/runner/.m2/repository/com/github/jnr/jnr-posix/3.1.20/jnr-posix-3.1.20.jar:/home/runner/.m2/repository/com/github/jnr/jnr-ffi/2.2.17/jnr-ffi-2.2.17.jar:/home/runner/.m2/repository/com/github/jnr/jffi/1.3.13/jffi-1.3.13.jar:/home/runner/.m2/repository/com/github/jnr/jffi/1.3.13/jffi-1.3.13-native.jar:/home/runner/.m2/repository/org/ow2/asm/asm/9.7.1/asm-9.7.1.jar:/home/runner/.m2/repository/org/ow2/asm/asm-commons/9.7.1/asm-commons-9.7.1.jar:/home/runner/.m2/repository/org/ow2/asm/asm-analysis/9.7.1/asm-analysis-9.7.1.jar:/home/runner/.m2/repository/org/ow2/asm/asm-tree/9.7.1/asm-tree-9.7.1.jar:/home/runner/.m2/repository/org/ow2/asm/asm-util/9.7.1/asm-util-9.7.1.jar:/home/runner/.m2/repository/com/github/jnr/jnr-a64asm/1.0.0/jnr-a64asm-1.0.0.jar:/home/runner/.m2/repository/com/github/jnr/jnr-x86asm/1.0.2/jnr-x86asm-1.0.2.jar:/home/runner/.m2/repository/com/google/code/gson/gson/2.10.1/gson-2.10.1.jar:/home/runner/work/ozone/ozone/hadoop-hdds/rocksdb-checkpoint-differ/target/rocksdb-checkpoint-differ-2.0.0-SNAPSHOT.jar:/home/runner/work/ozone/ozone/hadoop-hdds/rocks-native/target/hdds-rocks-native-2.0.0-SNAPSHOT.jar:/home/runner/.m2/repository/org/jgrapht/jgrapht-core/1.4.0/jgrapht-core-1.4.0.jar:/home/runner/.m2/repository/org/jheaps/jheaps/0.11/jheaps-0.11.jar:/home/runner/.m2/repository/org/jgrapht/jgrapht-ext/1.4.0/jgrapht-ext-1.4.0.jar:/home/runner/.m2/repository/com/github/vlsi/mxgraph/jgraphx/3.9.12/jgraphx-3.9.12.jar:/home/runner/.m2/repository/jakarta/ws/rs/jakarta.ws.rs-api/2.1.6/jakarta.ws.rs-api-2.1.6.jar:/home/runner/work/ozone/ozone/hadoop-hdds/docs/target/hdds-docs-2.0.0-SNAPSHOT.jar:/home/runner/.m2/repository/org/apache/ratis/ratis-client/3.1.2/ratis-client-3.1.2.jar:/home/runner/.m2/repository/org/apache/ratis/ratis-common/3.1.2/ratis-common-3.1.2.jar:/home/runner/.m2/repository/org/apache/ratis/ratis-grpc/3.1.2/ratis-grpc-3.1.2.jar:/home/runner/.m2/repository/org/apache/ratis/ratis-netty/3.1.2/ratis-netty-3.1.2.jar:/home/runner/.m2/repository/org/apache/ratis/ratis-proto/3.1.2/ratis-proto-3.1.2.jar:/home/runner/.m2/repository/org/apache/ratis/ratis-server-api/3.1.2/ratis-server-api-3.1.2.jar:/home/runner/.m2/repository/org/apache/ratis/ratis-server/3.1.2/ratis-server-3.1.2.jar:/home/runner/.m2/repository/org/apache/ratis/ratis-thirdparty-misc/1.0.6/ratis-thirdparty-misc-1.0.6.jar:/home/runner/.m2/repository/org/bouncycastle/bcpkix-jdk18on/1.79/bcpkix-jdk18on-1.79.jar:/home/runner/.m2/repository/org/bouncycastle/bcprov-jdk18on/1.79/bcprov-jdk18on-1.79.jar:/home/runner/.m2/repository/io/dropwizard/metrics/metrics-core/3.2.6/metrics-core-3.2.6.jar:/home/runner/.m2/repository/org/apache/commons/commons-compress/1.27.1/commons-compress-1.27.1.jar:/home/runner/.m2/repository/org/apache/commons/commons-lang3/3.17.0/commons-lang3-3.17.0.jar:/home/runner/.m2/repository/org/apache/commons/commons-text/1.12.0/commons-text-1.12.0.jar:/home/runner/.m2/repository/org/apache/hadoop/hadoop-hdfs-client/3.4.1/hadoop-hdfs-client-3.4.1.jar:/home/runner/.m2/repository/org/apache/httpcomponents/httpclient/4.5.14/httpclient-4.5.14.jar:/home/runner/.m2/repository/org/apache/httpcomponents/httpcore/4.4.16/httpcore-4.4.16.jar:/home/runner/.m2/repository/org/eclipse/jetty/jetty-webapp/9.4.56.v20240826/jetty-webapp-9.4.56.v20240826.jar:/home/runner/.m2/repository/org/eclipse/jetty/jetty-xml/9.4.56.v20240826/jetty-xml-9.4.56.v20240826.jar:/home/runner/.m2/repository/org/slf4j/slf4j-api/2.0.16/slf4j-api-2.0.16.jar:/home/runner/.m2/repository/com/fasterxml/jackson/core/jackson-annotations/2.16.2/jackson-annotations-2.16.2.jar:/home/runner/.m2/repository/com/fasterxml/jackson/core/jackson-core/2.16.2/jackson-core-2.16.2.jar:/home/runner/.m2/repository/com/fasterxml/jackson/core/jackson-databind/2.16.2/jackson-databind-2.16.2.jar:/home/runner/.m2/repository/com/google/guava/guava/32.1.3-jre/guava-32.1.3-jre.jar:/home/runner/.m2/repository/com/google/guava/failureaccess/1.0.1/failureaccess-1.0.1.jar:/home/runner/.m2/repository/com/google/guava/listenablefuture/9999.0-empty-to-avoid-conflict-with-guava/listenablefuture-9999.0-empty-to-avoid-conflict-with-guava.jar:/home/runner/.m2/repository/org/checkerframework/checker-qual/3.37.0/checker-qual-3.37.0.jar:/home/runner/.m2/repository/com/google/errorprone/error_prone_annotations/2.29.2/error_prone_annotations-2.29.2.jar:/home/runner/.m2/repository/com/google/j2objc/j2objc-annotations/2.8/j2objc-annotations-2.8.jar:/home/runner/.m2/repository/info/picocli/picocli/4.7.5/picocli-4.7.5.jar:/home/runner/.m2/repository/jakarta/annotation/jakarta.annotation-api/2.1.1/jakarta.annotation-api-2.1.1.jar:/home/runner/.m2/repository/javax/servlet/javax.servlet-api/3.1.0/javax.servlet-api-3.1.0.jar:/home/runner/.m2/repository/commons-collections/commons-collections/3.2.2/commons-collections-3.2.2.jar:/home/runner/.m2/repository/commons-io/commons-io/2.18.0/commons-io-2.18.0.jar:/home/runner/.m2/repository/org/apache/commons/commons-math3/3.6.1/commons-math3-3.6.1.jar:/home/runner/work/ozone/ozone/hadoop-hdds/common/target/hdds-common-2.0.0-SNAPSHOT-tests.jar:/home/runner/work/ozone/ozone/hadoop-hdds/hadoop-dependency-test/target/hdds-hadoop-dependency-test-2.0.0-SNAPSHOT.jar:/home/runner/.m2/repository/org/apache/hadoop/hadoop-common/3.4.1/hadoop-common-3.4.1-tests.jar:/home/runner/.m2/repository/org/apache/hadoop/hadoop-hdfs/3.4.1/hadoop-hdfs-3.4.1-tests.jar:/home/runner/.m2/repository/org/assertj/assertj-core/3.26.3/assertj-core-3.26.3.jar:/home/runner/.m2/repository/net/bytebuddy/byte-buddy/1.14.18/byte-buddy-1.14.18.jar:/home/runner/.m2/repository/org/junit/jupiter/junit-jupiter-api/5.11.3/junit-jupiter-api-5.11.3.jar:/home/runner/.m2/repository/org/opentest4j/opentest4j/1.3.0/opentest4j-1.3.0.jar:/home/runner/.m2/repository/org/junit/platform/junit-platform-commons/1.11.3/junit-platform-commons-1.11.3.jar:/home/runner/.m2/repository/org/apiguardian/apiguardian-api/1.1.2/apiguardian-api-1.1.2.jar:/home/runner/.m2/repository/org/junit/jupiter/junit-jupiter-engine/5.11.3/junit-jupiter-engine-5.11.3.jar:/home/runner/.m2/repository/org/junit/platform/junit-platform-engine/1.11.3/junit-platform-engine-1.11.3.jar:/home/runner/.m2/repository/org/junit/jupiter/junit-jupiter-params/5.11.3/junit-jupiter-params-5.11.3.jar:/home/runner/.m2/repository/org/mockito/mockito-core/4.11.0/mockito-core-4.11.0.jar:/home/runner/.m2/repository/net/bytebuddy/byte-buddy-agent/1.12.19/byte-buddy-agent-1.12.19.jar:/home/runner/.m2/repository/org/objenesis/objenesis/3.3/objenesis-3.3.jar:/home/runner/.m2/repository/org/mockito/mockito-inline/4.11.0/mockito-inline-4.11.0.jar:/home/runner/.m2/repository/org/mockito/mockito-junit-jupiter/4.11.0/mockito-junit-jupiter-4.11.0.jar:/home/runner/work/ozone/ozone/hadoop-hdds/container-service/target/hdds-container-service-2.0.0-SNAPSHOT-tests.jar:/home/runner/work/ozone/ozone/hadoop-hdds/test-utils/target/hdds-test-utils-2.0.0-SNAPSHOT.jar:/home/runner/work/ozone/ozone/hadoop-hdds/server-scm/target/gradle-enterprise/test-listeners.jar:"/>
    <property name="sun.cpu.endian" value="little"/>
    <property name="user.home" value="/home/runner"/>
    <property name="user.language" value="en"/>
    <property name="java.specification.vendor" value="Oracle Corporation"/>
    <property name="skipRecon" value="true"/>
    <property name="java.version.date" value="2024-10-15"/>
    <property name="java.home" value="/usr/lib/jvm/temurin-17-jdk-amd64"/>
    <property name="java.security.krb5.conf" value="/home/runner/work/ozone/ozone/hadoop-hdds/server-scm/target/test-classes/krb5.conf"/>
    <property name="file.separator" value="/"/>
    <property name="basedir" value="/home/runner/work/ozone/ozone/hadoop-hdds/server-scm"/>
    <property name="java.vm.compressedOopsMode" value="Zero based"/>
    <property name="line.separator" value="&#10;"/>
    <property name="java.vm.specification.vendor" value="Oracle Corporation"/>
    <property name="java.specification.name" value="Java Platform API Specification"/>
    <property name="surefire.real.class.path" value="/home/runner/work/ozone/ozone/hadoop-hdds/server-scm/target/surefire/surefirebooter12693230572432431032.jar"/>
    <property name="hadoop.log.dir" value="/home/runner/work/ozone/ozone/hadoop-hdds/server-scm/target/log"/>
    <property name="sun.management.compiler" value="HotSpot 64-Bit Tiered Compilers"/>
    <property name="skipShade" value="true"/>
    <property name="java.runtime.version" value="17.0.13+11"/>
    <property name="user.name" value="runner"/>
    <property name="java.net.preferIPv4Stack" value="true"/>
    <property name="path.separator" value=":"/>
    <property name="java.security.egd" value="file:///dev/urandom"/>
    <property name="os.version" value="5.15.0-1074-azure"/>
    <property name="java.runtime.name" value="OpenJDK Runtime Environment"/>
    <property name="com.gradle.maven.scan.extension.test.listener.junitplatform.NestedExecutionSafeDelegatingTestExecutionListener" value="2898ac89"/>
    <property name="file.encoding" value="UTF-8"/>
    <property name="java.vm.name" value="OpenJDK 64-Bit Server VM"/>
    <property name="java.vendor.version" value="Temurin-17.0.13+11"/>
    <property name="test.build.webapps" value=""/>
    <property name="develocity.listener.surefire.forkId" value="1"/>
    <property name="localRepository" value="/home/runner/.m2/repository"/>
    <property name="java.vendor.url.bug" value="https://github.com/adoptium/adoptium-support/issues"/>
    <property name="java.io.tmpdir" value="/tmp"/>
    <property name="require.test.libhadoop" value=""/>
    <property name="java.version" value="17.0.13"/>
    <property name="user.dir" value="/home/runner/work/ozone/ozone/hadoop-hdds/server-scm"/>
    <property name="os.arch" value="amd64"/>
    <property name="java.vm.specification.name" value="Java Virtual Machine Specification"/>
    <property name="test.build.classes" value="/home/runner/work/ozone/ozone/hadoop-hdds/server-scm/target/test-classes"/>
    <property name="native.encoding" value="UTF-8"/>
    <property name="hadoop.tmp.dir" value="/home/runner/work/ozone/ozone/hadoop-hdds/server-scm/target/tmp"/>
    <property name="java.library.path" value="/usr/java/packages/lib:/usr/lib64:/lib64:/lib:/usr/lib"/>
    <property name="java.vm.info" value="mixed mode, sharing"/>
    <property name="java.vendor" value="Eclipse Adoptium"/>
    <property name="java.vm.version" value="17.0.13+11"/>
    <property name="java.specification.maintenance.version" value="1"/>
    <property name="sun.io.unicode.encoding" value="UnicodeLittle"/>
    <property name="develocity.listener.port" value="46123"/>
    <property name="java.class.version" value="61.0"/>
  </properties>
  <testcase name="containerBalancerShouldObeyMaxSizeToMoveLimit(MockedSCM)[1]" classname="org.apache.hadoop.hdds.scm.container.balancer.TestContainerBalancerDatanodeNodeLimit" time="0.368"/>
  <testcase name="containerBalancerShouldObeyMaxSizeToMoveLimit(MockedSCM)[2]" classname="org.apache.hadoop.hdds.scm.container.balancer.TestContainerBalancerDatanodeNodeLimit" time="0.069"/>
  <testcase name="containerBalancerShouldObeyMaxSizeToMoveLimit(MockedSCM)[3]" classname="org.apache.hadoop.hdds.scm.container.balancer.TestContainerBalancerDatanodeNodeLimit" time="0.054"/>
  <testcase name="containerBalancerShouldObeyMaxSizeToMoveLimit(MockedSCM)[4]" classname="org.apache.hadoop.hdds.scm.container.balancer.TestContainerBalancerDatanodeNodeLimit" time="0.066"/>
  <testcase name="containerBalancerShouldObeyMaxSizeToMoveLimit(MockedSCM)[5]" classname="org.apache.hadoop.hdds.scm.container.balancer.TestContainerBalancerDatanodeNodeLimit" time="0.067"/>
  <testcase name="containerBalancerShouldObeyMaxSizeToMoveLimit(MockedSCM)[6]" classname="org.apache.hadoop.hdds.scm.container.balancer.TestContainerBalancerDatanodeNodeLimit" time="0.067"/>
  <testcase name="containerBalancerShouldObeyMaxSizeToMoveLimit(MockedSCM)[7]" classname="org.apache.hadoop.hdds.scm.container.balancer.TestContainerBalancerDatanodeNodeLimit" time="0.066"/>
  <testcase name="containerBalancerShouldObeyMaxSizeToMoveLimit(MockedSCM)[8]" classname="org.apache.hadoop.hdds.scm.container.balancer.TestContainerBalancerDatanodeNodeLimit" time="0.069"/>
  <testcase name="containerBalancerShouldObeyMaxSizeToMoveLimit(MockedSCM)[9]" classname="org.apache.hadoop.hdds.scm.container.balancer.TestContainerBalancerDatanodeNodeLimit" time="0.066"/>
  <testcase name="containerBalancerShouldObeyMaxSizeToMoveLimit(MockedSCM)[10]" classname="org.apache.hadoop.hdds.scm.container.balancer.TestContainerBalancerDatanodeNodeLimit" time="0.07"/>
  <testcase name="containerBalancerShouldObeyMaxSizeToMoveLimit(MockedSCM)[11]" classname="org.apache.hadoop.hdds.scm.container.balancer.TestContainerBalancerDatanodeNodeLimit" time="0.067"/>
  <testcase name="containerBalancerShouldObeyMaxSizeToMoveLimit(MockedSCM)[12]" classname="org.apache.hadoop.hdds.scm.container.balancer.TestContainerBalancerDatanodeNodeLimit" time="0.058"/>
  <testcase name="containerBalancerShouldObeyMaxSizeToMoveLimit(MockedSCM)[13]" classname="org.apache.hadoop.hdds.scm.container.balancer.TestContainerBalancerDatanodeNodeLimit" time="0.052"/>
  <testcase name="containerBalancerShouldObeyMaxSizeToMoveLimit(MockedSCM)[14]" classname="org.apache.hadoop.hdds.scm.container.balancer.TestContainerBalancerDatanodeNodeLimit" time="0.317"/>
  <testcase name="containerBalancerShouldObeyMaxSizeToMoveLimit(MockedSCM)[15]" classname="org.apache.hadoop.hdds.scm.container.balancer.TestContainerBalancerDatanodeNodeLimit" time="0.053"/>
  <testcase name="containerBalancerShouldObeyMaxSizeToMoveLimit(MockedSCM)[16]" classname="org.apache.hadoop.hdds.scm.container.balancer.TestContainerBalancerDatanodeNodeLimit" time="0.074"/>
  <testcase name="unBalancedNodesListShouldBeEmptyWhenClusterIsBalanced(MockedSCM)[1]" classname="org.apache.hadoop.hdds.scm.container.balancer.TestContainerBalancerDatanodeNodeLimit" time="0.027"/>
  <testcase name="unBalancedNodesListShouldBeEmptyWhenClusterIsBalanced(MockedSCM)[2]" classname="org.apache.hadoop.hdds.scm.container.balancer.TestContainerBalancerDatanodeNodeLimit" time="0.021"/>
  <testcase name="unBalancedNodesListShouldBeEmptyWhenClusterIsBalanced(MockedSCM)[3]" classname="org.apache.hadoop.hdds.scm.container.balancer.TestContainerBalancerDatanodeNodeLimit" time="0.022"/>
  <testcase name="unBalancedNodesListShouldBeEmptyWhenClusterIsBalanced(MockedSCM)[4]" classname="org.apache.hadoop.hdds.scm.container.balancer.TestContainerBalancerDatanodeNodeLimit" time="0.023"/>
  <testcase name="unBalancedNodesListShouldBeEmptyWhenClusterIsBalanced(MockedSCM)[5]" classname="org.apache.hadoop.hdds.scm.container.balancer.TestContainerBalancerDatanodeNodeLimit" time="0.04"/>
  <testcase name="unBalancedNodesListShouldBeEmptyWhenClusterIsBalanced(MockedSCM)[6]" classname="org.apache.hadoop.hdds.scm.container.balancer.TestContainerBalancerDatanodeNodeLimit" time="0.022"/>
  <testcase name="unBalancedNodesListShouldBeEmptyWhenClusterIsBalanced(MockedSCM)[7]" classname="org.apache.hadoop.hdds.scm.container.balancer.TestContainerBalancerDatanodeNodeLimit" time="0.023"/>
  <testcase name="unBalancedNodesListShouldBeEmptyWhenClusterIsBalanced(MockedSCM)[8]" classname="org.apache.hadoop.hdds.scm.container.balancer.TestContainerBalancerDatanodeNodeLimit" time="0.026"/>
  <testcase name="unBalancedNodesListShouldBeEmptyWhenClusterIsBalanced(MockedSCM)[9]" classname="org.apache.hadoop.hdds.scm.container.balancer.TestContainerBalancerDatanodeNodeLimit" time="0.023"/>
  <testcase name="unBalancedNodesListShouldBeEmptyWhenClusterIsBalanced(MockedSCM)[10]" classname="org.apache.hadoop.hdds.scm.container.balancer.TestContainerBalancerDatanodeNodeLimit" time="0.023"/>
  <testcase name="unBalancedNodesListShouldBeEmptyWhenClusterIsBalanced(MockedSCM)[11]" classname="org.apache.hadoop.hdds.scm.container.balancer.TestContainerBalancerDatanodeNodeLimit" time="0.022"/>
  <testcase name="unBalancedNodesListShouldBeEmptyWhenClusterIsBalanced(MockedSCM)[12]" classname="org.apache.hadoop.hdds.scm.container.balancer.TestContainerBalancerDatanodeNodeLimit" time="0.023"/>
  <testcase name="unBalancedNodesListShouldBeEmptyWhenClusterIsBalanced(MockedSCM)[13]" classname="org.apache.hadoop.hdds.scm.container.balancer.TestContainerBalancerDatanodeNodeLimit" time="0.024"/>
  <testcase name="unBalancedNodesListShouldBeEmptyWhenClusterIsBalanced(MockedSCM)[14]" classname="org.apache.hadoop.hdds.scm.container.balancer.TestContainerBalancerDatanodeNodeLimit" time="0.024"/>
  <testcase name="unBalancedNodesListShouldBeEmptyWhenClusterIsBalanced(MockedSCM)[15]" classname="org.apache.hadoop.hdds.scm.container.balancer.TestContainerBalancerDatanodeNodeLimit" time="0.023"/>
  <testcase name="unBalancedNodesListShouldBeEmptyWhenClusterIsBalanced(MockedSCM)[16]" classname="org.apache.hadoop.hdds.scm.container.balancer.TestContainerBalancerDatanodeNodeLimit" time="0.027"/>
  <testcase name="containerMoveSelectionShouldFollowPlacementPolicy(MockedSCM)[1]" classname="org.apache.hadoop.hdds.scm.container.balancer.TestContainerBalancerDatanodeNodeLimit" time="0.032"/>
  <testcase name="containerMoveSelectionShouldFollowPlacementPolicy(MockedSCM)[2]" classname="org.apache.hadoop.hdds.scm.container.balancer.TestContainerBalancerDatanodeNodeLimit" time="0.03"/>
  <testcase name="containerMoveSelectionShouldFollowPlacementPolicy(MockedSCM)[3]" classname="org.apache.hadoop.hdds.scm.container.balancer.TestContainerBalancerDatanodeNodeLimit" time="0.043"/>
  <testcase name="containerMoveSelectionShouldFollowPlacementPolicy(MockedSCM)[4]" classname="org.apache.hadoop.hdds.scm.container.balancer.TestContainerBalancerDatanodeNodeLimit" time="0.053"/>
  <testcase name="containerMoveSelectionShouldFollowPlacementPolicy(MockedSCM)[5]" classname="org.apache.hadoop.hdds.scm.container.balancer.TestContainerBalancerDatanodeNodeLimit" time="0.05"/>
  <testcase name="containerMoveSelectionShouldFollowPlacementPolicy(MockedSCM)[6]" classname="org.apache.hadoop.hdds.scm.container.balancer.TestContainerBalancerDatanodeNodeLimit" time="0.046"/>
  <testcase name="containerMoveSelectionShouldFollowPlacementPolicy(MockedSCM)[7]" classname="org.apache.hadoop.hdds.scm.container.balancer.TestContainerBalancerDatanodeNodeLimit" time="0.042"/>
  <testcase name="containerMoveSelectionShouldFollowPlacementPolicy(MockedSCM)[8]" classname="org.apache.hadoop.hdds.scm.container.balancer.TestContainerBalancerDatanodeNodeLimit" time="0.045"/>
  <testcase name="containerMoveSelectionShouldFollowPlacementPolicy(MockedSCM)[9]" classname="org.apache.hadoop.hdds.scm.container.balancer.TestContainerBalancerDatanodeNodeLimit" time="0.043"/>
  <testcase name="containerMoveSelectionShouldFollowPlacementPolicy(MockedSCM)[10]" classname="org.apache.hadoop.hdds.scm.container.balancer.TestContainerBalancerDatanodeNodeLimit" time="0.042"/>
  <testcase name="containerMoveSelectionShouldFollowPlacementPolicy(MockedSCM)[11]" classname="org.apache.hadoop.hdds.scm.container.balancer.TestContainerBalancerDatanodeNodeLimit" time="0.054"/>
  <testcase name="containerMoveSelectionShouldFollowPlacementPolicy(MockedSCM)[12]" classname="org.apache.hadoop.hdds.scm.container.balancer.TestContainerBalancerDatanodeNodeLimit" time="0.111"/>
  <testcase name="containerMoveSelectionShouldFollowPlacementPolicy(MockedSCM)[13]" classname="org.apache.hadoop.hdds.scm.container.balancer.TestContainerBalancerDatanodeNodeLimit" time="0.068"/>
  <testcase name="containerMoveSelectionShouldFollowPlacementPolicy(MockedSCM)[14]" classname="org.apache.hadoop.hdds.scm.container.balancer.TestContainerBalancerDatanodeNodeLimit" time="0.172"/>
  <testcase name="containerMoveSelectionShouldFollowPlacementPolicy(MockedSCM)[15]" classname="org.apache.hadoop.hdds.scm.container.balancer.TestContainerBalancerDatanodeNodeLimit" time="0.062"/>
  <testcase name="containerMoveSelectionShouldFollowPlacementPolicy(MockedSCM)[16]" classname="org.apache.hadoop.hdds.scm.container.balancer.TestContainerBalancerDatanodeNodeLimit" time="0.055"/>
  <testcase name="checkIterationResultTimeoutFromReplicationManager(MockedSCM)[1]" classname="org.apache.hadoop.hdds.scm.container.balancer.TestContainerBalancerDatanodeNodeLimit" time="0.054"/>
  <testcase name="checkIterationResultTimeoutFromReplicationManager(MockedSCM)[2]" classname="org.apache.hadoop.hdds.scm.container.balancer.TestContainerBalancerDatanodeNodeLimit" time="0.045"/>
  <testcase name="checkIterationResultTimeoutFromReplicationManager(MockedSCM)[3]" classname="org.apache.hadoop.hdds.scm.container.balancer.TestContainerBalancerDatanodeNodeLimit" time="0.053"/>
  <testcase name="checkIterationResultTimeoutFromReplicationManager(MockedSCM)[4]" classname="org.apache.hadoop.hdds.scm.container.balancer.TestContainerBalancerDatanodeNodeLimit" time="0.048"/>
  <testcase name="checkIterationResultTimeoutFromReplicationManager(MockedSCM)[5]" classname="org.apache.hadoop.hdds.scm.container.balancer.TestContainerBalancerDatanodeNodeLimit" time="0.05"/>
  <testcase name="checkIterationResultTimeoutFromReplicationManager(MockedSCM)[6]" classname="org.apache.hadoop.hdds.scm.container.balancer.TestContainerBalancerDatanodeNodeLimit" time="0.053"/>
  <testcase name="checkIterationResultTimeoutFromReplicationManager(MockedSCM)[7]" classname="org.apache.hadoop.hdds.scm.container.balancer.TestContainerBalancerDatanodeNodeLimit" time="0.051"/>
  <testcase name="checkIterationResultTimeoutFromReplicationManager(MockedSCM)[8]" classname="org.apache.hadoop.hdds.scm.container.balancer.TestContainerBalancerDatanodeNodeLimit" time="0.052"/>
  <testcase name="checkIterationResultTimeoutFromReplicationManager(MockedSCM)[9]" classname="org.apache.hadoop.hdds.scm.container.balancer.TestContainerBalancerDatanodeNodeLimit" time="0.074"/>
  <testcase name="checkIterationResultTimeoutFromReplicationManager(MockedSCM)[10]" classname="org.apache.hadoop.hdds.scm.container.balancer.TestContainerBalancerDatanodeNodeLimit" time="0.081"/>
  <testcase name="checkIterationResultTimeoutFromReplicationManager(MockedSCM)[11]" classname="org.apache.hadoop.hdds.scm.container.balancer.TestContainerBalancerDatanodeNodeLimit" time="0.085"/>
  <testcase name="checkIterationResultTimeoutFromReplicationManager(MockedSCM)[12]" classname="org.apache.hadoop.hdds.scm.container.balancer.TestContainerBalancerDatanodeNodeLimit" time="0.1"/>
  <testcase name="checkIterationResultTimeoutFromReplicationManager(MockedSCM)[13]" classname="org.apache.hadoop.hdds.scm.container.balancer.TestContainerBalancerDatanodeNodeLimit" time="0.078"/>
  <testcase name="checkIterationResultTimeoutFromReplicationManager(MockedSCM)[14]" classname="org.apache.hadoop.hdds.scm.container.balancer.TestContainerBalancerDatanodeNodeLimit" time="0.099"/>
  <testcase name="checkIterationResultTimeoutFromReplicationManager(MockedSCM)[15]" classname="org.apache.hadoop.hdds.scm.container.balancer.TestContainerBalancerDatanodeNodeLimit" time="0.081"/>
  <testcase name="checkIterationResultTimeoutFromReplicationManager(MockedSCM)[16]" classname="org.apache.hadoop.hdds.scm.container.balancer.TestContainerBalancerDatanodeNodeLimit" time="0.169"/>
  <testcase name="checkIterationResultTimeout(MockedSCM)[1]" classname="org.apache.hadoop.hdds.scm.container.balancer.TestContainerBalancerDatanodeNodeLimit" time="0.143"/>
  <testcase name="checkIterationResultTimeout(MockedSCM)[2]" classname="org.apache.hadoop.hdds.scm.container.balancer.TestContainerBalancerDatanodeNodeLimit" time="0.141"/>
  <testcase name="checkIterationResultTimeout(MockedSCM)[3]" classname="org.apache.hadoop.hdds.scm.container.balancer.TestContainerBalancerDatanodeNodeLimit" time="0.149"/>
  <testcase name="checkIterationResultTimeout(MockedSCM)[4]" classname="org.apache.hadoop.hdds.scm.container.balancer.TestContainerBalancerDatanodeNodeLimit" time="0.163"/>
  <testcase name="checkIterationResultTimeout(MockedSCM)[5]" classname="org.apache.hadoop.hdds.scm.container.balancer.TestContainerBalancerDatanodeNodeLimit" time="0.164"/>
  <testcase name="checkIterationResultTimeout(MockedSCM)[6]" classname="org.apache.hadoop.hdds.scm.container.balancer.TestContainerBalancerDatanodeNodeLimit" time="0.182"/>
  <testcase name="checkIterationResultTimeout(MockedSCM)[7]" classname="org.apache.hadoop.hdds.scm.container.balancer.TestContainerBalancerDatanodeNodeLimit" time="0.189"/>
  <testcase name="checkIterationResultTimeout(MockedSCM)[8]" classname="org.apache.hadoop.hdds.scm.container.balancer.TestContainerBalancerDatanodeNodeLimit" time="0.201"/>
  <testcase name="checkIterationResultTimeout(MockedSCM)[9]" classname="org.apache.hadoop.hdds.scm.container.balancer.TestContainerBalancerDatanodeNodeLimit" time="0.18"/>
  <testcase name="checkIterationResultTimeout(MockedSCM)[10]" classname="org.apache.hadoop.hdds.scm.container.balancer.TestContainerBalancerDatanodeNodeLimit" time="0.193"/>
  <testcase name="checkIterationResultTimeout(MockedSCM)[11]" classname="org.apache.hadoop.hdds.scm.container.balancer.TestContainerBalancerDatanodeNodeLimit" time="0.184"/>
  <testcase name="checkIterationResultTimeout(MockedSCM)[12]" classname="org.apache.hadoop.hdds.scm.container.balancer.TestContainerBalancerDatanodeNodeLimit" time="0.196"/>
  <testcase name="checkIterationResultTimeout(MockedSCM)[13]" classname="org.apache.hadoop.hdds.scm.container.balancer.TestContainerBalancerDatanodeNodeLimit" time="0.194"/>
  <testcase name="checkIterationResultTimeout(MockedSCM)[14]" classname="org.apache.hadoop.hdds.scm.container.balancer.TestContainerBalancerDatanodeNodeLimit" time="0.194"/>
  <testcase name="checkIterationResultTimeout(MockedSCM)[15]" classname="org.apache.hadoop.hdds.scm.container.balancer.TestContainerBalancerDatanodeNodeLimit" time="0.192"/>
  <testcase name="checkIterationResultTimeout(MockedSCM)[16]" classname="org.apache.hadoop.hdds.scm.container.balancer.TestContainerBalancerDatanodeNodeLimit" time="0.211"/>
  <testcase name="targetDatanodeShouldNotAlreadyContainSelectedContainer(MockedSCM)[1]" classname="org.apache.hadoop.hdds.scm.container.balancer.TestContainerBalancerDatanodeNodeLimit" time="0.022"/>
  <testcase name="targetDatanodeShouldNotAlreadyContainSelectedContainer(MockedSCM)[2]" classname="org.apache.hadoop.hdds.scm.container.balancer.TestContainerBalancerDatanodeNodeLimit" time="0.024"/>
  <testcase name="targetDatanodeShouldNotAlreadyContainSelectedContainer(MockedSCM)[3]" classname="org.apache.hadoop.hdds.scm.container.balancer.TestContainerBalancerDatanodeNodeLimit" time="0.041"/>
  <testcase name="targetDatanodeShouldNotAlreadyContainSelectedContainer(MockedSCM)[4]" classname="org.apache.hadoop.hdds.scm.container.balancer.TestContainerBalancerDatanodeNodeLimit" time="0.034"/>
  <testcase name="targetDatanodeShouldNotAlreadyContainSelectedContainer(MockedSCM)[5]" classname="org.apache.hadoop.hdds.scm.container.balancer.TestContainerBalancerDatanodeNodeLimit" time="0.029"/>
  <testcase name="targetDatanodeShouldNotAlreadyContainSelectedContainer(MockedSCM)[6]" classname="org.apache.hadoop.hdds.scm.container.balancer.TestContainerBalancerDatanodeNodeLimit" time="0.028"/>
  <testcase name="targetDatanodeShouldNotAlreadyContainSelectedContainer(MockedSCM)[7]" classname="org.apache.hadoop.hdds.scm.container.balancer.TestContainerBalancerDatanodeNodeLimit" time="0.027"/>
  <testcase name="targetDatanodeShouldNotAlreadyContainSelectedContainer(MockedSCM)[8]" classname="org.apache.hadoop.hdds.scm.container.balancer.TestContainerBalancerDatanodeNodeLimit" time="0.026"/>
  <testcase name="targetDatanodeShouldNotAlreadyContainSelectedContainer(MockedSCM)[9]" classname="org.apache.hadoop.hdds.scm.container.balancer.TestContainerBalancerDatanodeNodeLimit" time="0.03"/>
  <testcase name="targetDatanodeShouldNotAlreadyContainSelectedContainer(MockedSCM)[10]" classname="org.apache.hadoop.hdds.scm.container.balancer.TestContainerBalancerDatanodeNodeLimit" time="0.034"/>
  <testcase name="targetDatanodeShouldNotAlreadyContainSelectedContainer(MockedSCM)[11]" classname="org.apache.hadoop.hdds.scm.container.balancer.TestContainerBalancerDatanodeNodeLimit" time="0.03"/>
  <testcase name="targetDatanodeShouldNotAlreadyContainSelectedContainer(MockedSCM)[12]" classname="org.apache.hadoop.hdds.scm.container.balancer.TestContainerBalancerDatanodeNodeLimit" time="0.039"/>
  <testcase name="targetDatanodeShouldNotAlreadyContainSelectedContainer(MockedSCM)[13]" classname="org.apache.hadoop.hdds.scm.container.balancer.TestContainerBalancerDatanodeNodeLimit" time="0.055"/>
  <testcase name="targetDatanodeShouldNotAlreadyContainSelectedContainer(MockedSCM)[14]" classname="org.apache.hadoop.hdds.scm.container.balancer.TestContainerBalancerDatanodeNodeLimit" time="0.032"/>
  <testcase name="targetDatanodeShouldNotAlreadyContainSelectedContainer(MockedSCM)[15]" classname="org.apache.hadoop.hdds.scm.container.balancer.TestContainerBalancerDatanodeNodeLimit" time="0.03"/>
  <testcase name="targetDatanodeShouldNotAlreadyContainSelectedContainer(MockedSCM)[16]" classname="org.apache.hadoop.hdds.scm.container.balancer.TestContainerBalancerDatanodeNodeLimit" time="0.039"/>
  <testcase name="balancerShouldNotSelectNonClosedContainerReplicas(MockedSCM)[1]" classname="org.apache.hadoop.hdds.scm.container.balancer.TestContainerBalancerDatanodeNodeLimit" time="0.03"/>
  <testcase name="balancerShouldNotSelectNonClosedContainerReplicas(MockedSCM)[2]" classname="org.apache.hadoop.hdds.scm.container.balancer.TestContainerBalancerDatanodeNodeLimit" time="0.022"/>
  <testcase name="balancerShouldNotSelectNonClosedContainerReplicas(MockedSCM)[3]" classname="org.apache.hadoop.hdds.scm.container.balancer.TestContainerBalancerDatanodeNodeLimit" time="0.023"/>
  <testcase name="balancerShouldNotSelectNonClosedContainerReplicas(MockedSCM)[4]" classname="org.apache.hadoop.hdds.scm.container.balancer.TestContainerBalancerDatanodeNodeLimit" time="0.024"/>
  <testcase name="balancerShouldNotSelectNonClosedContainerReplicas(MockedSCM)[5]" classname="org.apache.hadoop.hdds.scm.container.balancer.TestContainerBalancerDatanodeNodeLimit" time="0.034"/>
  <testcase name="balancerShouldNotSelectNonClosedContainerReplicas(MockedSCM)[6]" classname="org.apache.hadoop.hdds.scm.container.balancer.TestContainerBalancerDatanodeNodeLimit" time="0.029"/>
  <testcase name="balancerShouldNotSelectNonClosedContainerReplicas(MockedSCM)[7]" classname="org.apache.hadoop.hdds.scm.container.balancer.TestContainerBalancerDatanodeNodeLimit" time="0.026"/>
  <testcase name="balancerShouldNotSelectNonClosedContainerReplicas(MockedSCM)[8]" classname="org.apache.hadoop.hdds.scm.container.balancer.TestContainerBalancerDatanodeNodeLimit" time="0.027"/>
  <testcase name="balancerShouldNotSelectNonClosedContainerReplicas(MockedSCM)[9]" classname="org.apache.hadoop.hdds.scm.container.balancer.TestContainerBalancerDatanodeNodeLimit" time="0.027"/>
  <testcase name="balancerShouldNotSelectNonClosedContainerReplicas(MockedSCM)[10]" classname="org.apache.hadoop.hdds.scm.container.balancer.TestContainerBalancerDatanodeNodeLimit" time="0.027"/>
  <testcase name="balancerShouldNotSelectNonClosedContainerReplicas(MockedSCM)[11]" classname="org.apache.hadoop.hdds.scm.container.balancer.TestContainerBalancerDatanodeNodeLimit" time="0.032"/>
  <testcase name="balancerShouldNotSelectNonClosedContainerReplicas(MockedSCM)[12]" classname="org.apache.hadoop.hdds.scm.container.balancer.TestContainerBalancerDatanodeNodeLimit" time="0.03"/>
  <testcase name="balancerShouldNotSelectNonClosedContainerReplicas(MockedSCM)[13]" classname="org.apache.hadoop.hdds.scm.container.balancer.TestContainerBalancerDatanodeNodeLimit" time="0.036"/>
  <testcase name="balancerShouldNotSelectNonClosedContainerReplicas(MockedSCM)[14]" classname="org.apache.hadoop.hdds.scm.container.balancer.TestContainerBalancerDatanodeNodeLimit" time="0.052"/>
  <testcase name="balancerShouldNotSelectNonClosedContainerReplicas(MockedSCM)[15]" classname="org.apache.hadoop.hdds.scm.container.balancer.TestContainerBalancerDatanodeNodeLimit" time="0.064"/>
  <testcase name="balancerShouldNotSelectNonClosedContainerReplicas(MockedSCM)[16]" classname="org.apache.hadoop.hdds.scm.container.balancer.TestContainerBalancerDatanodeNodeLimit" time="0.095"/>
  <testcase name="checkIterationResultException(MockedSCM)[1]" classname="org.apache.hadoop.hdds.scm.container.balancer.TestContainerBalancerDatanodeNodeLimit" time="1.052"/>
  <testcase name="checkIterationResultException(MockedSCM)[2]" classname="org.apache.hadoop.hdds.scm.container.balancer.TestContainerBalancerDatanodeNodeLimit" time="1.057"/>
  <testcase name="checkIterationResultException(MockedSCM)[3]" classname="org.apache.hadoop.hdds.scm.container.balancer.TestContainerBalancerDatanodeNodeLimit" time="1.043"/>
  <testcase name="checkIterationResultException(MockedSCM)[4]" classname="org.apache.hadoop.hdds.scm.container.balancer.TestContainerBalancerDatanodeNodeLimit" time="1.043"/>
  <testcase name="checkIterationResultException(MockedSCM)[5]" classname="org.apache.hadoop.hdds.scm.container.balancer.TestContainerBalancerDatanodeNodeLimit" time="1.049"/>
  <testcase name="checkIterationResultException(MockedSCM)[6]" classname="org.apache.hadoop.hdds.scm.container.balancer.TestContainerBalancerDatanodeNodeLimit" time="1.052"/>
  <testcase name="checkIterationResultException(MockedSCM)[7]" classname="org.apache.hadoop.hdds.scm.container.balancer.TestContainerBalancerDatanodeNodeLimit" time="1.052"/>
  <testcase name="checkIterationResultException(MockedSCM)[8]" classname="org.apache.hadoop.hdds.scm.container.balancer.TestContainerBalancerDatanodeNodeLimit" time="1.065"/>
  <testcase name="checkIterationResultException(MockedSCM)[9]" classname="org.apache.hadoop.hdds.scm.container.balancer.TestContainerBalancerDatanodeNodeLimit" time="1.056"/>
  <testcase name="checkIterationResultException(MockedSCM)[10]" classname="org.apache.hadoop.hdds.scm.container.balancer.TestContainerBalancerDatanodeNodeLimit" time="1.062"/>
  <testcase name="checkIterationResultException(MockedSCM)[11]" classname="org.apache.hadoop.hdds.scm.container.balancer.TestContainerBalancerDatanodeNodeLimit" time="1.064"/>
  <testcase name="checkIterationResultException(MockedSCM)[12]" classname="org.apache.hadoop.hdds.scm.container.balancer.TestContainerBalancerDatanodeNodeLimit" time="1.078"/>
  <testcase name="checkIterationResultException(MockedSCM)[13]" classname="org.apache.hadoop.hdds.scm.container.balancer.TestContainerBalancerDatanodeNodeLimit" time="0.564">
    <failure type="java.lang.AssertionError"><![CDATA[java.lang.AssertionError: 

Expecting actual:
  0L
to be greater than or equal to:
  3L

	at org.apache.hadoop.hdds.scm.container.balancer.TestContainerBalancerDatanodeNodeLimit.checkIterationResultException(TestContainerBalancerDatanodeNodeLimit.java:612)
	at java.base/java.lang.reflect.Method.invoke(Method.java:569)
	at java.base/java.util.stream.ForEachOps$ForEachOp$OfRef.accept(ForEachOps.java:183)
	at java.base/java.util.stream.ReferencePipeline$3$1.accept(ReferencePipeline.java:197)
	at java.base/java.util.stream.ReferencePipeline$2$1.accept(ReferencePipeline.java:179)
	at java.base/java.util.stream.ReferencePipeline$3$1.accept(ReferencePipeline.java:197)
	at java.base/java.util.stream.ForEachOps$ForEachOp$OfRef.accept(ForEachOps.java:183)
	at java.base/java.util.stream.ReferencePipeline$3$1.accept(ReferencePipeline.java:197)
	at java.base/java.util.stream.ForEachOps$ForEachOp$OfRef.accept(ForEachOps.java:183)
	at java.base/java.util.stream.ForEachOps$ForEachOp$OfRef.accept(ForEachOps.java:183)
	at java.base/java.util.stream.ReferencePipeline$3$1.accept(ReferencePipeline.java:197)
	at java.base/java.util.Spliterators$ArraySpliterator.forEachRemaining(Spliterators.java:992)
	at java.base/java.util.stream.ReferencePipeline$Head.forEach(ReferencePipeline.java:762)
	at java.base/java.util.stream.ReferencePipeline$7$1.accept(ReferencePipeline.java:276)
	at java.base/java.util.stream.ReferencePipeline$3$1.accept(ReferencePipeline.java:197)
	at java.base/java.util.stream.ReferencePipeline$3$1.accept(ReferencePipeline.java:197)
	at java.base/java.util.stream.ReferencePipeline$3$1.accept(ReferencePipeline.java:197)
	at java.base/java.util.Spliterators$ArraySpliterator.forEachRemaining(Spliterators.java:992)
	at java.base/java.util.stream.AbstractPipeline.copyInto(AbstractPipeline.java:509)
	at java.base/java.util.stream.AbstractPipeline.wrapAndCopyInto(AbstractPipeline.java:499)
	at java.base/java.util.stream.ForEachOps$ForEachOp.evaluateSequential(ForEachOps.java:150)
	at java.base/java.util.stream.ForEachOps$ForEachOp$OfRef.evaluateSequential(ForEachOps.java:173)
	at java.base/java.util.stream.AbstractPipeline.evaluate(AbstractPipeline.java:234)
	at java.base/java.util.stream.ReferencePipeline.forEach(ReferencePipeline.java:596)
	at java.base/java.util.stream.ReferencePipeline$7$1.accept(ReferencePipeline.java:276)
	at java.base/java.util.ArrayList$ArrayListSpliterator.forEachRemaining(ArrayList.java:1625)
	at java.base/java.util.stream.AbstractPipeline.copyInto(AbstractPipeline.java:509)
	at java.base/java.util.stream.AbstractPipeline.wrapAndCopyInto(AbstractPipeline.java:499)
	at java.base/java.util.stream.ForEachOps$ForEachOp.evaluateSequential(ForEachOps.java:150)
	at java.base/java.util.stream.ForEachOps$ForEachOp$OfRef.evaluateSequential(ForEachOps.java:173)
	at java.base/java.util.stream.AbstractPipeline.evaluate(AbstractPipeline.java:234)
	at java.base/java.util.stream.ReferencePipeline.forEach(ReferencePipeline.java:596)
	at java.base/java.util.stream.ReferencePipeline$7$1.accept(ReferencePipeline.java:276)
	at java.base/java.util.stream.ReferencePipeline$3$1.accept(ReferencePipeline.java:197)
	at java.base/java.util.stream.ReferencePipeline$3$1.accept(ReferencePipeline.java:197)
	at java.base/java.util.stream.ReferencePipeline$3$1.accept(ReferencePipeline.java:197)
	at java.base/java.util.ArrayList$ArrayListSpliterator.forEachRemaining(ArrayList.java:1625)
	at java.base/java.util.stream.AbstractPipeline.copyInto(AbstractPipeline.java:509)
	at java.base/java.util.stream.AbstractPipeline.wrapAndCopyInto(AbstractPipeline.java:499)
	at java.base/java.util.stream.ForEachOps$ForEachOp.evaluateSequential(ForEachOps.java:150)
	at java.base/java.util.stream.ForEachOps$ForEachOp$OfRef.evaluateSequential(ForEachOps.java:173)
	at java.base/java.util.stream.AbstractPipeline.evaluate(AbstractPipeline.java:234)
	at java.base/java.util.stream.ReferencePipeline.forEach(ReferencePipeline.java:596)
	at java.base/java.util.stream.ReferencePipeline$7$1.accept(ReferencePipeline.java:276)
	at java.base/java.util.ArrayList$ArrayListSpliterator.forEachRemaining(ArrayList.java:1625)
	at java.base/java.util.stream.AbstractPipeline.copyInto(AbstractPipeline.java:509)
	at java.base/java.util.stream.AbstractPipeline.wrapAndCopyInto(AbstractPipeline.java:499)
	at java.base/java.util.stream.ForEachOps$ForEachOp.evaluateSequential(ForEachOps.java:150)
	at java.base/java.util.stream.ForEachOps$ForEachOp$OfRef.evaluateSequential(ForEachOps.java:173)
	at java.base/java.util.stream.AbstractPipeline.evaluate(AbstractPipeline.java:234)
	at java.base/java.util.stream.ReferencePipeline.forEach(ReferencePipeline.java:596)
	at java.base/java.util.ArrayList.forEach(ArrayList.java:1511)
	at java.base/java.util.ArrayList.forEach(ArrayList.java:1511)
]]></failure>
    <system-out><![CDATA[2024-12-04 01:49:02,561 [main] INFO  algorithms.ContainerPlacementPolicyFactory (ContainerPlacementPolicyFactory.java:getPolicyInternal(86)) - Create container placement policy of type org.apache.hadoop.hdds.scm.container.placement.algorithms.SCMContainerPlacementRackAware
2024-12-04 01:49:02,561 [main] INFO  algorithms.ContainerPlacementPolicyFactory (ContainerPlacementPolicyFactory.java:getPolicyInternal(86)) - Create container placement policy of type org.apache.hadoop.hdds.scm.container.placement.algorithms.SCMContainerPlacementRackScatter
2024-12-04 01:49:02,562 [main] DEBUG balancer.ContainerBalancerTask (ContainerBalancerTask.java:initializeIteration(452)) - Average utilization of the cluster is 0.3191742499891033
2024-12-04 01:49:02,562 [main] DEBUG balancer.ContainerBalancerTask (ContainerBalancerTask.java:initializeIteration(462)) - Lower limit for utilization is 0.21917424998910331 and Upper limit for utilization is 0.41917424998910335
2024-12-04 01:49:02,563 [main] DEBUG balancer.ContainerBalancerTask (ContainerBalancerTask.java:initializeIteration(473)) - Utilization for node d0fefd61-2daa-4595-815c-41c6e2490a3f with capacity 128916127744B, used 121332826112B, and remaining 7583301632B is 0.9411764705882353
2024-12-04 01:49:02,563 [main] DEBUG balancer.ContainerBalancerTask (ContainerBalancerTask.java:initializeIteration(473)) - Utilization for node f6d39626-845d-4e19-8a26-6d0557f3f00a with capacity 101003314244B, used 89120571392B, and remaining 11882742852B is 0.8823529411788001
2024-12-04 01:49:02,563 [main] DEBUG balancer.ContainerBalancerTask (ContainerBalancerTask.java:initializeIteration(473)) - Utilization for node 343fff00-8b64-42f5-87de-1b4664fb1888 with capacity 126471447698B, used 104152956928B, and remaining 22318490770B is 0.8235294117665664
2024-12-04 01:49:02,563 [main] DEBUG balancer.ContainerBalancerTask (ContainerBalancerTask.java:initializeIteration(473)) - Utilization for node f6518c67-755f-4543-b935-3bf7cf38662f with capacity 130583524903B, used 99857989632B, and remaining 30725535271B is 0.7647058823551935
2024-12-04 01:49:02,563 [main] DEBUG balancer.ContainerBalancerTask (ContainerBalancerTask.java:initializeIteration(473)) - Utilization for node 628f8875-22c6-45ca-b1a7-7ebff5ccb89c with capacity 167324767573B, used 118111600640B, and remaining 49213166933B is 0.7058823529425827
2024-12-04 01:49:02,563 [main] DEBUG balancer.ContainerBalancerTask (ContainerBalancerTask.java:initializeIteration(473)) - Utilization for node 8b4e8ecb-6ef1-4d27-bfe5-3beab7112357 with capacity 122797019508B, used 79456894976B, and remaining 43340124532B is 0.6470588235313279
2024-12-04 01:49:02,563 [main] DEBUG balancer.ContainerBalancerTask (ContainerBalancerTask.java:initializeIteration(473)) - Utilization for node 835d4d29-aabd-45fc-a4c2-b2c085c3733b with capacity 149679610265B, used 88046829568B, and remaining 61632780697B is 0.5882352941200051
2024-12-04 01:49:02,563 [main] DEBUG balancer.ContainerBalancerTask (ContainerBalancerTask.java:initializeIteration(473)) - Utilization for node 8d63e076-8e52-4e11-9c97-5a614d469a8b with capacity 154141604067B, used 81604378624B, and remaining 72537225443B is 0.5294117647077905
2024-12-04 01:49:02,563 [main] DEBUG balancer.ContainerBalancerTask (ContainerBalancerTask.java:initializeIteration(473)) - Utilization for node b8d83394-70cf-4527-afd4-cbe4b9881ef8 with capacity 157437394944B, used 74088185856B, and remaining 83349209088B is 0.47058823529411764
2024-12-04 01:49:02,563 [main] DEBUG balancer.ContainerBalancerTask (ContainerBalancerTask.java:initializeIteration(473)) - Utilization for node 34bb054c-e003-46d4-a4f9-d95fa5d3ba41 with capacity 182536110080B, used 75161927680B, and remaining 107374182400B is 0.4117647058823529
2024-12-04 01:49:02,563 [main] DEBUG balancer.ContainerBalancerTask (ContainerBalancerTask.java:initializeIteration(473)) - Utilization for node 7d4981ec-06d5-44ba-a1a8-283ea1bca646 with capacity 328564998144B, used 115964116992B, and remaining 212600881152B is 0.35294117647058826
2024-12-04 01:49:02,564 [main] DEBUG balancer.ContainerBalancerTask (ContainerBalancerTask.java:initializeIteration(473)) - Utilization for node b2f9255d-f987-4fc9-b3d0-f9f29c487c7f with capacity 284756331724B, used 83751862272B, and remaining 201004469452B is 0.2941176470596498
2024-12-04 01:49:02,564 [main] DEBUG balancer.ContainerBalancerTask (ContainerBalancerTask.java:initializeIteration(473)) - Utilization for node fce7c45e-31b9-4d01-851b-9a53135f05d6 with capacity 237296943104B, used 55834574848B, and remaining 181462368256B is 0.23529411764705882
2024-12-04 01:49:02,564 [main] DEBUG balancer.ContainerBalancerTask (ContainerBalancerTask.java:initializeIteration(473)) - Utilization for node bbf69769-efae-4292-b400-dc99f2110be5 with capacity 523270182229B, used 92341796864B, and remaining 430928385365B is 0.17647058823540654
2024-12-04 01:49:02,564 [main] DEBUG balancer.ContainerBalancerTask (ContainerBalancerTask.java:initializeIteration(473)) - Utilization for node 7391734c-5bc4-451e-9a0c-eefe744d39d5 with capacity 574988746752B, used 67645734912B, and remaining 507343011840B is 0.11764705882352941
2024-12-04 01:49:02,564 [main] DEBUG balancer.ContainerBalancerTask (ContainerBalancerTask.java:initializeIteration(473)) - Utilization for node 07618136-e386-45f5-bf6a-2f4b705d1049 with capacity 1022202216448B, used 60129542144B, and remaining 962072674304B is 0.058823529411764705
2024-12-04 01:49:02,564 [main] DEBUG balancer.ContainerBalancerTask (ContainerBalancerTask.java:initializeIteration(473)) - Utilization for node 239acab3-0027-4ee5-86d6-f2886cd88611 with capacity 15032385536B, used 0B, and remaining 15032385536B is 0.0
2024-12-04 01:49:02,564 [main] INFO  balancer.ContainerBalancerTask (ContainerBalancerTask.java:initializeIteration(517)) - Container Balancer has identified 9 Over-Utilized and 4 Under-Utilized Datanodes that need to be balanced.
2024-12-04 01:49:02,564 [main] DEBUG balancer.ContainerBalancerTask (ContainerBalancerTask.java:lambda$initializeIteration$13(523)) - Datanode localhost-50.8.76.222 d0fefd61-2daa-4595-815c-41c6e2490a3f is Over-Utilized.
2024-12-04 01:49:02,564 [main] DEBUG balancer.ContainerBalancerTask (ContainerBalancerTask.java:lambda$initializeIteration$13(523)) - Datanode localhost-154.170.154.143 f6d39626-845d-4e19-8a26-6d0557f3f00a is Over-Utilized.
2024-12-04 01:49:02,564 [main] DEBUG balancer.ContainerBalancerTask (ContainerBalancerTask.java:lambda$initializeIteration$13(523)) - Datanode localhost-125.132.126.48 343fff00-8b64-42f5-87de-1b4664fb1888 is Over-Utilized.
2024-12-04 01:49:02,564 [main] DEBUG balancer.ContainerBalancerTask (ContainerBalancerTask.java:lambda$initializeIteration$13(523)) - Datanode localhost-174.80.217.29 f6518c67-755f-4543-b935-3bf7cf38662f is Over-Utilized.
2024-12-04 01:49:02,565 [main] DEBUG balancer.ContainerBalancerTask (ContainerBalancerTask.java:lambda$initializeIteration$13(523)) - Datanode localhost-113.184.98.111 628f8875-22c6-45ca-b1a7-7ebff5ccb89c is Over-Utilized.
2024-12-04 01:49:02,565 [main] DEBUG balancer.ContainerBalancerTask (ContainerBalancerTask.java:lambda$initializeIteration$13(523)) - Datanode localhost-126.84.238.170 8b4e8ecb-6ef1-4d27-bfe5-3beab7112357 is Over-Utilized.
2024-12-04 01:49:02,565 [main] DEBUG balancer.ContainerBalancerTask (ContainerBalancerTask.java:lambda$initializeIteration$13(523)) - Datanode localhost-249.63.152.98 835d4d29-aabd-45fc-a4c2-b2c085c3733b is Over-Utilized.
2024-12-04 01:49:02,565 [main] DEBUG balancer.ContainerBalancerTask (ContainerBalancerTask.java:lambda$initializeIteration$13(523)) - Datanode localhost-138.10.172.255 8d63e076-8e52-4e11-9c97-5a614d469a8b is Over-Utilized.
2024-12-04 01:49:02,565 [main] DEBUG balancer.ContainerBalancerTask (ContainerBalancerTask.java:lambda$initializeIteration$13(523)) - Datanode localhost-167.246.65.161 b8d83394-70cf-4527-afd4-cbe4b9881ef8 is Over-Utilized.
2024-12-04 01:49:02,565 [main] DEBUG balancer.ContainerBalancerTask (ContainerBalancerTask.java:lambda$initializeIteration$14(529)) - Datanode localhost-142.88.9.61 239acab3-0027-4ee5-86d6-f2886cd88611 is Under-Utilized.
2024-12-04 01:49:02,565 [main] DEBUG balancer.ContainerBalancerTask (ContainerBalancerTask.java:lambda$initializeIteration$14(529)) - Datanode localhost-164.14.153.167 07618136-e386-45f5-bf6a-2f4b705d1049 is Under-Utilized.
2024-12-04 01:49:02,565 [main] DEBUG balancer.ContainerBalancerTask (ContainerBalancerTask.java:lambda$initializeIteration$14(529)) - Datanode localhost-115.23.187.77 7391734c-5bc4-451e-9a0c-eefe744d39d5 is Under-Utilized.
2024-12-04 01:49:02,565 [main] DEBUG balancer.ContainerBalancerTask (ContainerBalancerTask.java:lambda$initializeIteration$14(529)) - Datanode localhost-124.47.238.45 bbf69769-efae-4292-b400-dc99f2110be5 is Under-Utilized.
2024-12-04 01:49:02,567 [main] DEBUG balancer.ContainerBalancerTask (ContainerBalancerTask.java:matchSourceWithTarget(790)) - ContainerBalancer is finding suitable target for source datanode d0fefd61-2daa-4595-815c-41c6e2490a3f
2024-12-04 01:49:02,567 [main] INFO  balancer.ContainerBalancerTask (ContainerBalancerTask.java:matchSourceWithTarget(818)) - ContainerBalancer matched source datanode d0fefd61-2daa-4595-815c-41c6e2490a3f with target datanode 239acab3-0027-4ee5-86d6-f2886cd88611 for container move.
2024-12-04 01:49:02,567 [main] INFO  balancer.ContainerBalancerTask (ContainerBalancerTask.java:processMoveSelection(648)) - ContainerBalancer is trying to move container #270 with size 5368709120B from source datanode d0fefd61-2daa-4595-815c-41c6e2490a3f to target datanode 239acab3-0027-4ee5-86d6-f2886cd88611
2024-12-04 01:49:02,567 [main] DEBUG balancer.ContainerBalancerTask (ContainerBalancerTask.java:adaptWhenNearingIterationLimits(852)) - Approaching max datanodes to involve limit. 2 datanodes have already been selected for balancing and the limit is 3. Only already selected targets can be selected as targets now.
2024-12-04 01:49:02,567 [main] DEBUG balancer.ContainerBalancerTask (ContainerBalancerTask.java:matchSourceWithTarget(790)) - ContainerBalancer is finding suitable target for source datanode d0fefd61-2daa-4595-815c-41c6e2490a3f
2024-12-04 01:49:02,567 [main] INFO  balancer.FindTargetGreedyByUsageInfo (AbstractFindTargetGreedy.java:findTargetForContainerMove(131)) - Container Balancer could not find a target for source datanode d0fefd61-2daa-4595-815c-41c6e2490a3f
2024-12-04 01:49:02,568 [main] INFO  balancer.FindTargetGreedyByUsageInfo (AbstractFindTargetGreedy.java:findTargetForContainerMove(131)) - Container Balancer could not find a target for source datanode d0fefd61-2daa-4595-815c-41c6e2490a3f
2024-12-04 01:49:02,568 [main] INFO  balancer.FindTargetGreedyByUsageInfo (AbstractFindTargetGreedy.java:findTargetForContainerMove(131)) - Container Balancer could not find a target for source datanode d0fefd61-2daa-4595-815c-41c6e2490a3f
2024-12-04 01:49:02,568 [main] INFO  balancer.FindTargetGreedyByUsageInfo (AbstractFindTargetGreedy.java:findTargetForContainerMove(131)) - Container Balancer could not find a target for source datanode d0fefd61-2daa-4595-815c-41c6e2490a3f
2024-12-04 01:49:02,568 [main] INFO  balancer.FindTargetGreedyByUsageInfo (AbstractFindTargetGreedy.java:findTargetForContainerMove(131)) - Container Balancer could not find a target for source datanode d0fefd61-2daa-4595-815c-41c6e2490a3f
2024-12-04 01:49:02,568 [main] INFO  balancer.FindTargetGreedyByUsageInfo (AbstractFindTargetGreedy.java:findTargetForContainerMove(131)) - Container Balancer could not find a target for source datanode d0fefd61-2daa-4595-815c-41c6e2490a3f
2024-12-04 01:49:02,569 [main] INFO  balancer.FindTargetGreedyByUsageInfo (AbstractFindTargetGreedy.java:findTargetForContainerMove(131)) - Container Balancer could not find a target for source datanode d0fefd61-2daa-4595-815c-41c6e2490a3f
2024-12-04 01:49:02,569 [main] INFO  balancer.FindTargetGreedyByUsageInfo (AbstractFindTargetGreedy.java:findTargetForContainerMove(131)) - Container Balancer could not find a target for source datanode d0fefd61-2daa-4595-815c-41c6e2490a3f
2024-12-04 01:49:02,569 [main] INFO  balancer.FindTargetGreedyByUsageInfo (AbstractFindTargetGreedy.java:findTargetForContainerMove(131)) - Container Balancer could not find a target for source datanode d0fefd61-2daa-4595-815c-41c6e2490a3f
2024-12-04 01:49:02,569 [main] INFO  balancer.FindTargetGreedyByUsageInfo (AbstractFindTargetGreedy.java:findTargetForContainerMove(131)) - Container Balancer could not find a target for source datanode d0fefd61-2daa-4595-815c-41c6e2490a3f
2024-12-04 01:49:02,569 [main] INFO  balancer.FindTargetGreedyByUsageInfo (AbstractFindTargetGreedy.java:findTargetForContainerMove(131)) - Container Balancer could not find a target for source datanode d0fefd61-2daa-4595-815c-41c6e2490a3f
2024-12-04 01:49:02,570 [main] INFO  balancer.FindTargetGreedyByUsageInfo (AbstractFindTargetGreedy.java:findTargetForContainerMove(131)) - Container Balancer could not find a target for source datanode d0fefd61-2daa-4595-815c-41c6e2490a3f
2024-12-04 01:49:02,570 [main] INFO  balancer.FindTargetGreedyByUsageInfo (AbstractFindTargetGreedy.java:findTargetForContainerMove(131)) - Container Balancer could not find a target for source datanode d0fefd61-2daa-4595-815c-41c6e2490a3f
2024-12-04 01:49:02,570 [main] DEBUG balancer.ContainerBalancerTask (ContainerBalancerTask.java:matchSourceWithTarget(813)) - ContainerBalancer could not find a suitable target for source node d0fefd61-2daa-4595-815c-41c6e2490a3f.
2024-12-04 01:49:02,571 [main] DEBUG balancer.ContainerBalancerTask (ContainerBalancerTask.java:matchSourceWithTarget(790)) - ContainerBalancer is finding suitable target for source datanode f6d39626-845d-4e19-8a26-6d0557f3f00a
2024-12-04 01:49:02,572 [main] INFO  balancer.FindTargetGreedyByUsageInfo (AbstractFindTargetGreedy.java:findTargetForContainerMove(131)) - Container Balancer could not find a target for source datanode f6d39626-845d-4e19-8a26-6d0557f3f00a
2024-12-04 01:49:02,572 [main] INFO  balancer.FindTargetGreedyByUsageInfo (AbstractFindTargetGreedy.java:findTargetForContainerMove(131)) - Container Balancer could not find a target for source datanode f6d39626-845d-4e19-8a26-6d0557f3f00a
2024-12-04 01:49:02,572 [main] INFO  balancer.FindTargetGreedyByUsageInfo (AbstractFindTargetGreedy.java:findTargetForContainerMove(131)) - Container Balancer could not find a target for source datanode f6d39626-845d-4e19-8a26-6d0557f3f00a
2024-12-04 01:49:02,572 [main] INFO  balancer.FindTargetGreedyByUsageInfo (AbstractFindTargetGreedy.java:findTargetForContainerMove(131)) - Container Balancer could not find a target for source datanode f6d39626-845d-4e19-8a26-6d0557f3f00a
2024-12-04 01:49:02,572 [main] INFO  balancer.FindTargetGreedyByUsageInfo (AbstractFindTargetGreedy.java:findTargetForContainerMove(131)) - Container Balancer could not find a target for source datanode f6d39626-845d-4e19-8a26-6d0557f3f00a
2024-12-04 01:49:02,573 [main] INFO  balancer.FindTargetGreedyByUsageInfo (AbstractFindTargetGreedy.java:findTargetForContainerMove(131)) - Container Balancer could not find a target for source datanode f6d39626-845d-4e19-8a26-6d0557f3f00a
2024-12-04 01:49:02,573 [main] INFO  balancer.FindTargetGreedyByUsageInfo (AbstractFindTargetGreedy.java:findTargetForContainerMove(131)) - Container Balancer could not find a target for source datanode f6d39626-845d-4e19-8a26-6d0557f3f00a
2024-12-04 01:49:02,573 [main] INFO  balancer.FindTargetGreedyByUsageInfo (AbstractFindTargetGreedy.java:findTargetForContainerMove(131)) - Container Balancer could not find a target for source datanode f6d39626-845d-4e19-8a26-6d0557f3f00a
2024-12-04 01:49:02,573 [main] INFO  balancer.FindTargetGreedyByUsageInfo (AbstractFindTargetGreedy.java:findTargetForContainerMove(131)) - Container Balancer could not find a target for source datanode f6d39626-845d-4e19-8a26-6d0557f3f00a
2024-12-04 01:49:02,573 [main] INFO  balancer.FindTargetGreedyByUsageInfo (AbstractFindTargetGreedy.java:findTargetForContainerMove(131)) - Container Balancer could not find a target for source datanode f6d39626-845d-4e19-8a26-6d0557f3f00a
2024-12-04 01:49:02,574 [main] INFO  balancer.FindTargetGreedyByUsageInfo (AbstractFindTargetGreedy.java:findTargetForContainerMove(131)) - Container Balancer could not find a target for source datanode f6d39626-845d-4e19-8a26-6d0557f3f00a
2024-12-04 01:49:02,574 [main] INFO  balancer.FindTargetGreedyByUsageInfo (AbstractFindTargetGreedy.java:findTargetForContainerMove(131)) - Container Balancer could not find a target for source datanode f6d39626-845d-4e19-8a26-6d0557f3f00a
2024-12-04 01:49:02,574 [main] DEBUG balancer.ContainerBalancerTask (ContainerBalancerTask.java:matchSourceWithTarget(813)) - ContainerBalancer could not find a suitable target for source node f6d39626-845d-4e19-8a26-6d0557f3f00a.
2024-12-04 01:49:02,575 [main] DEBUG balancer.ContainerBalancerTask (ContainerBalancerTask.java:matchSourceWithTarget(790)) - ContainerBalancer is finding suitable target for source datanode 343fff00-8b64-42f5-87de-1b4664fb1888
2024-12-04 01:49:02,576 [main] INFO  balancer.FindTargetGreedyByUsageInfo (AbstractFindTargetGreedy.java:findTargetForContainerMove(131)) - Container Balancer could not find a target for source datanode 343fff00-8b64-42f5-87de-1b4664fb1888
2024-12-04 01:49:02,576 [main] INFO  balancer.FindTargetGreedyByUsageInfo (AbstractFindTargetGreedy.java:findTargetForContainerMove(131)) - Container Balancer could not find a target for source datanode 343fff00-8b64-42f5-87de-1b4664fb1888
2024-12-04 01:49:02,576 [main] INFO  balancer.FindTargetGreedyByUsageInfo (AbstractFindTargetGreedy.java:findTargetForContainerMove(131)) - Container Balancer could not find a target for source datanode 343fff00-8b64-42f5-87de-1b4664fb1888
2024-12-04 01:49:02,576 [main] INFO  balancer.FindTargetGreedyByUsageInfo (AbstractFindTargetGreedy.java:findTargetForContainerMove(131)) - Container Balancer could not find a target for source datanode 343fff00-8b64-42f5-87de-1b4664fb1888
2024-12-04 01:49:02,576 [main] INFO  balancer.FindTargetGreedyByUsageInfo (AbstractFindTargetGreedy.java:findTargetForContainerMove(131)) - Container Balancer could not find a target for source datanode 343fff00-8b64-42f5-87de-1b4664fb1888
2024-12-04 01:49:02,576 [main] INFO  balancer.FindTargetGreedyByUsageInfo (AbstractFindTargetGreedy.java:findTargetForContainerMove(131)) - Container Balancer could not find a target for source datanode 343fff00-8b64-42f5-87de-1b4664fb1888
2024-12-04 01:49:02,577 [main] INFO  balancer.FindTargetGreedyByUsageInfo (AbstractFindTargetGreedy.java:findTargetForContainerMove(131)) - Container Balancer could not find a target for source datanode 343fff00-8b64-42f5-87de-1b4664fb1888
2024-12-04 01:49:02,577 [main] INFO  balancer.FindTargetGreedyByUsageInfo (AbstractFindTargetGreedy.java:findTargetForContainerMove(131)) - Container Balancer could not find a target for source datanode 343fff00-8b64-42f5-87de-1b4664fb1888
2024-12-04 01:49:02,577 [main] INFO  balancer.FindTargetGreedyByUsageInfo (AbstractFindTargetGreedy.java:findTargetForContainerMove(131)) - Container Balancer could not find a target for source datanode 343fff00-8b64-42f5-87de-1b4664fb1888
2024-12-04 01:49:02,577 [main] INFO  balancer.FindTargetGreedyByUsageInfo (AbstractFindTargetGreedy.java:findTargetForContainerMove(131)) - Container Balancer could not find a target for source datanode 343fff00-8b64-42f5-87de-1b4664fb1888
2024-12-04 01:49:02,577 [main] INFO  balancer.FindTargetGreedyByUsageInfo (AbstractFindTargetGreedy.java:findTargetForContainerMove(131)) - Container Balancer could not find a target for source datanode 343fff00-8b64-42f5-87de-1b4664fb1888
2024-12-04 01:49:02,578 [main] INFO  balancer.FindTargetGreedyByUsageInfo (AbstractFindTargetGreedy.java:findTargetForContainerMove(131)) - Container Balancer could not find a target for source datanode 343fff00-8b64-42f5-87de-1b4664fb1888
2024-12-04 01:49:02,578 [main] INFO  balancer.FindTargetGreedyByUsageInfo (AbstractFindTargetGreedy.java:findTargetForContainerMove(131)) - Container Balancer could not find a target for source datanode 343fff00-8b64-42f5-87de-1b4664fb1888
2024-12-04 01:49:02,578 [main] INFO  balancer.FindTargetGreedyByUsageInfo (AbstractFindTargetGreedy.java:findTargetForContainerMove(131)) - Container Balancer could not find a target for source datanode 343fff00-8b64-42f5-87de-1b4664fb1888
2024-12-04 01:49:02,578 [main] INFO  balancer.FindTargetGreedyByUsageInfo (AbstractFindTargetGreedy.java:findTargetForContainerMove(131)) - Container Balancer could not find a target for source datanode 343fff00-8b64-42f5-87de-1b4664fb1888
2024-12-04 01:49:02,579 [main] DEBUG balancer.ContainerBalancerTask (ContainerBalancerTask.java:matchSourceWithTarget(813)) - ContainerBalancer could not find a suitable target for source node 343fff00-8b64-42f5-87de-1b4664fb1888.
2024-12-04 01:49:02,580 [main] DEBUG balancer.ContainerBalancerTask (ContainerBalancerTask.java:matchSourceWithTarget(790)) - ContainerBalancer is finding suitable target for source datanode f6518c67-755f-4543-b935-3bf7cf38662f
2024-12-04 01:49:02,580 [main] INFO  balancer.FindTargetGreedyByUsageInfo (AbstractFindTargetGreedy.java:findTargetForContainerMove(131)) - Container Balancer could not find a target for source datanode f6518c67-755f-4543-b935-3bf7cf38662f
2024-12-04 01:49:02,580 [main] INFO  balancer.FindTargetGreedyByUsageInfo (AbstractFindTargetGreedy.java:findTargetForContainerMove(131)) - Container Balancer could not find a target for source datanode f6518c67-755f-4543-b935-3bf7cf38662f
2024-12-04 01:49:02,580 [main] INFO  balancer.FindTargetGreedyByUsageInfo (AbstractFindTargetGreedy.java:findTargetForContainerMove(131)) - Container Balancer could not find a target for source datanode f6518c67-755f-4543-b935-3bf7cf38662f
2024-12-04 01:49:02,581 [main] INFO  balancer.FindTargetGreedyByUsageInfo (AbstractFindTargetGreedy.java:findTargetForContainerMove(131)) - Container Balancer could not find a target for source datanode f6518c67-755f-4543-b935-3bf7cf38662f
2024-12-04 01:49:02,581 [main] INFO  balancer.FindTargetGreedyByUsageInfo (AbstractFindTargetGreedy.java:findTargetForContainerMove(131)) - Container Balancer could not find a target for source datanode f6518c67-755f-4543-b935-3bf7cf38662f
2024-12-04 01:49:02,581 [main] INFO  balancer.FindTargetGreedyByUsageInfo (AbstractFindTargetGreedy.java:findTargetForContainerMove(131)) - Container Balancer could not find a target for source datanode f6518c67-755f-4543-b935-3bf7cf38662f
2024-12-04 01:49:02,581 [main] INFO  balancer.FindTargetGreedyByUsageInfo (AbstractFindTargetGreedy.java:findTargetForContainerMove(131)) - Container Balancer could not find a target for source datanode f6518c67-755f-4543-b935-3bf7cf38662f
2024-12-04 01:49:02,581 [main] INFO  balancer.FindTargetGreedyByUsageInfo (AbstractFindTargetGreedy.java:findTargetForContainerMove(131)) - Container Balancer could not find a target for source datanode f6518c67-755f-4543-b935-3bf7cf38662f
2024-12-04 01:49:02,582 [main] INFO  balancer.FindTargetGreedyByUsageInfo (AbstractFindTargetGreedy.java:findTargetForContainerMove(131)) - Container Balancer could not find a target for source datanode f6518c67-755f-4543-b935-3bf7cf38662f
2024-12-04 01:49:02,582 [main] DEBUG balancer.ContainerBalancerTask (ContainerBalancerTask.java:matchSourceWithTarget(813)) - ContainerBalancer could not find a suitable target for source node f6518c67-755f-4543-b935-3bf7cf38662f.
2024-12-04 01:49:02,583 [main] DEBUG balancer.ContainerBalancerTask (ContainerBalancerTask.java:matchSourceWithTarget(790)) - ContainerBalancer is finding suitable target for source datanode 628f8875-22c6-45ca-b1a7-7ebff5ccb89c
2024-12-04 01:49:02,584 [main] INFO  balancer.FindTargetGreedyByUsageInfo (AbstractFindTargetGreedy.java:findTargetForContainerMove(131)) - Container Balancer could not find a target for source datanode 628f8875-22c6-45ca-b1a7-7ebff5ccb89c
2024-12-04 01:49:02,584 [main] INFO  balancer.FindTargetGreedyByUsageInfo (AbstractFindTargetGreedy.java:findTargetForContainerMove(131)) - Container Balancer could not find a target for source datanode 628f8875-22c6-45ca-b1a7-7ebff5ccb89c
2024-12-04 01:49:02,584 [main] INFO  balancer.FindTargetGreedyByUsageInfo (AbstractFindTargetGreedy.java:findTargetForContainerMove(131)) - Container Balancer could not find a target for source datanode 628f8875-22c6-45ca-b1a7-7ebff5ccb89c
2024-12-04 01:49:02,584 [main] INFO  balancer.FindTargetGreedyByUsageInfo (AbstractFindTargetGreedy.java:findTargetForContainerMove(131)) - Container Balancer could not find a target for source datanode 628f8875-22c6-45ca-b1a7-7ebff5ccb89c
2024-12-04 01:49:02,584 [main] INFO  balancer.FindTargetGreedyByUsageInfo (AbstractFindTargetGreedy.java:findTargetForContainerMove(131)) - Container Balancer could not find a target for source datanode 628f8875-22c6-45ca-b1a7-7ebff5ccb89c
2024-12-04 01:49:02,585 [main] INFO  balancer.FindTargetGreedyByUsageInfo (AbstractFindTargetGreedy.java:findTargetForContainerMove(131)) - Container Balancer could not find a target for source datanode 628f8875-22c6-45ca-b1a7-7ebff5ccb89c
2024-12-04 01:49:02,585 [main] INFO  balancer.FindTargetGreedyByUsageInfo (AbstractFindTargetGreedy.java:findTargetForContainerMove(131)) - Container Balancer could not find a target for source datanode 628f8875-22c6-45ca-b1a7-7ebff5ccb89c
2024-12-04 01:49:02,585 [main] INFO  balancer.FindTargetGreedyByUsageInfo (AbstractFindTargetGreedy.java:findTargetForContainerMove(131)) - Container Balancer could not find a target for source datanode 628f8875-22c6-45ca-b1a7-7ebff5ccb89c
2024-12-04 01:49:02,585 [main] INFO  balancer.FindTargetGreedyByUsageInfo (AbstractFindTargetGreedy.java:findTargetForContainerMove(131)) - Container Balancer could not find a target for source datanode 628f8875-22c6-45ca-b1a7-7ebff5ccb89c
2024-12-04 01:49:02,585 [main] INFO  balancer.FindTargetGreedyByUsageInfo (AbstractFindTargetGreedy.java:findTargetForContainerMove(131)) - Container Balancer could not find a target for source datanode 628f8875-22c6-45ca-b1a7-7ebff5ccb89c
2024-12-04 01:49:02,586 [main] INFO  balancer.FindTargetGreedyByUsageInfo (AbstractFindTargetGreedy.java:findTargetForContainerMove(131)) - Container Balancer could not find a target for source datanode 628f8875-22c6-45ca-b1a7-7ebff5ccb89c
2024-12-04 01:49:02,586 [main] INFO  balancer.FindTargetGreedyByUsageInfo (AbstractFindTargetGreedy.java:findTargetForContainerMove(131)) - Container Balancer could not find a target for source datanode 628f8875-22c6-45ca-b1a7-7ebff5ccb89c
2024-12-04 01:49:02,586 [main] INFO  balancer.FindTargetGreedyByUsageInfo (AbstractFindTargetGreedy.java:findTargetForContainerMove(131)) - Container Balancer could not find a target for source datanode 628f8875-22c6-45ca-b1a7-7ebff5ccb89c
2024-12-04 01:49:02,586 [main] INFO  balancer.FindTargetGreedyByUsageInfo (AbstractFindTargetGreedy.java:findTargetForContainerMove(131)) - Container Balancer could not find a target for source datanode 628f8875-22c6-45ca-b1a7-7ebff5ccb89c
2024-12-04 01:49:02,586 [main] INFO  balancer.FindTargetGreedyByUsageInfo (AbstractFindTargetGreedy.java:findTargetForContainerMove(131)) - Container Balancer could not find a target for source datanode 628f8875-22c6-45ca-b1a7-7ebff5ccb89c
2024-12-04 01:49:02,587 [main] INFO  balancer.FindTargetGreedyByUsageInfo (AbstractFindTargetGreedy.java:findTargetForContainerMove(131)) - Container Balancer could not find a target for source datanode 628f8875-22c6-45ca-b1a7-7ebff5ccb89c
2024-12-04 01:49:02,587 [main] INFO  balancer.FindTargetGreedyByUsageInfo (AbstractFindTargetGreedy.java:findTargetForContainerMove(131)) - Container Balancer could not find a target for source datanode 628f8875-22c6-45ca-b1a7-7ebff5ccb89c
2024-12-04 01:49:02,587 [main] DEBUG balancer.ContainerBalancerTask (ContainerBalancerTask.java:matchSourceWithTarget(813)) - ContainerBalancer could not find a suitable target for source node 628f8875-22c6-45ca-b1a7-7ebff5ccb89c.
2024-12-04 01:49:02,588 [main] DEBUG balancer.ContainerBalancerTask (ContainerBalancerTask.java:matchSourceWithTarget(790)) - ContainerBalancer is finding suitable target for source datanode 8b4e8ecb-6ef1-4d27-bfe5-3beab7112357
2024-12-04 01:49:02,589 [main] INFO  balancer.FindTargetGreedyByUsageInfo (AbstractFindTargetGreedy.java:findTargetForContainerMove(131)) - Container Balancer could not find a target for source datanode 8b4e8ecb-6ef1-4d27-bfe5-3beab7112357
2024-12-04 01:49:02,589 [main] INFO  balancer.FindTargetGreedyByUsageInfo (AbstractFindTargetGreedy.java:findTargetForContainerMove(131)) - Container Balancer could not find a target for source datanode 8b4e8ecb-6ef1-4d27-bfe5-3beab7112357
2024-12-04 01:49:02,589 [main] INFO  balancer.FindTargetGreedyByUsageInfo (AbstractFindTargetGreedy.java:findTargetForContainerMove(131)) - Container Balancer could not find a target for source datanode 8b4e8ecb-6ef1-4d27-bfe5-3beab7112357
2024-12-04 01:49:02,589 [main] INFO  balancer.FindTargetGreedyByUsageInfo (AbstractFindTargetGreedy.java:findTargetForContainerMove(131)) - Container Balancer could not find a target for source datanode 8b4e8ecb-6ef1-4d27-bfe5-3beab7112357
2024-12-04 01:49:02,589 [main] INFO  balancer.FindTargetGreedyByUsageInfo (AbstractFindTargetGreedy.java:findTargetForContainerMove(131)) - Container Balancer could not find a target for source datanode 8b4e8ecb-6ef1-4d27-bfe5-3beab7112357
2024-12-04 01:49:02,589 [main] INFO  balancer.FindTargetGreedyByUsageInfo (AbstractFindTargetGreedy.java:findTargetForContainerMove(131)) - Container Balancer could not find a target for source datanode 8b4e8ecb-6ef1-4d27-bfe5-3beab7112357
2024-12-04 01:49:02,590 [main] INFO  balancer.FindTargetGreedyByUsageInfo (AbstractFindTargetGreedy.java:findTargetForContainerMove(131)) - Container Balancer could not find a target for source datanode 8b4e8ecb-6ef1-4d27-bfe5-3beab7112357
2024-12-04 01:49:02,590 [main] INFO  balancer.FindTargetGreedyByUsageInfo (AbstractFindTargetGreedy.java:findTargetForContainerMove(131)) - Container Balancer could not find a target for source datanode 8b4e8ecb-6ef1-4d27-bfe5-3beab7112357
2024-12-04 01:49:02,590 [main] INFO  balancer.FindTargetGreedyByUsageInfo (AbstractFindTargetGreedy.java:findTargetForContainerMove(131)) - Container Balancer could not find a target for source datanode 8b4e8ecb-6ef1-4d27-bfe5-3beab7112357
2024-12-04 01:49:02,590 [main] INFO  balancer.FindTargetGreedyByUsageInfo (AbstractFindTargetGreedy.java:findTargetForContainerMove(131)) - Container Balancer could not find a target for source datanode 8b4e8ecb-6ef1-4d27-bfe5-3beab7112357
2024-12-04 01:49:02,590 [main] INFO  balancer.FindTargetGreedyByUsageInfo (AbstractFindTargetGreedy.java:findTargetForContainerMove(131)) - Container Balancer could not find a target for source datanode 8b4e8ecb-6ef1-4d27-bfe5-3beab7112357
2024-12-04 01:49:02,591 [main] DEBUG balancer.ContainerBalancerTask (ContainerBalancerTask.java:matchSourceWithTarget(813)) - ContainerBalancer could not find a suitable target for source node 8b4e8ecb-6ef1-4d27-bfe5-3beab7112357.
2024-12-04 01:49:02,592 [main] DEBUG balancer.ContainerBalancerTask (ContainerBalancerTask.java:matchSourceWithTarget(790)) - ContainerBalancer is finding suitable target for source datanode 835d4d29-aabd-45fc-a4c2-b2c085c3733b
2024-12-04 01:49:02,592 [main] INFO  balancer.FindTargetGreedyByUsageInfo (AbstractFindTargetGreedy.java:findTargetForContainerMove(131)) - Container Balancer could not find a target for source datanode 835d4d29-aabd-45fc-a4c2-b2c085c3733b
2024-12-04 01:49:02,592 [main] INFO  balancer.FindTargetGreedyByUsageInfo (AbstractFindTargetGreedy.java:findTargetForContainerMove(131)) - Container Balancer could not find a target for source datanode 835d4d29-aabd-45fc-a4c2-b2c085c3733b
2024-12-04 01:49:02,592 [main] INFO  balancer.FindTargetGreedyByUsageInfo (AbstractFindTargetGreedy.java:findTargetForContainerMove(131)) - Container Balancer could not find a target for source datanode 835d4d29-aabd-45fc-a4c2-b2c085c3733b
2024-12-04 01:49:02,593 [main] INFO  balancer.FindTargetGreedyByUsageInfo (AbstractFindTargetGreedy.java:findTargetForContainerMove(131)) - Container Balancer could not find a target for source datanode 835d4d29-aabd-45fc-a4c2-b2c085c3733b
2024-12-04 01:49:02,593 [main] INFO  balancer.FindTargetGreedyByUsageInfo (AbstractFindTargetGreedy.java:findTargetForContainerMove(131)) - Container Balancer could not find a target for source datanode 835d4d29-aabd-45fc-a4c2-b2c085c3733b
2024-12-04 01:49:02,593 [main] INFO  balancer.FindTargetGreedyByUsageInfo (AbstractFindTargetGreedy.java:findTargetForContainerMove(131)) - Container Balancer could not find a target for source datanode 835d4d29-aabd-45fc-a4c2-b2c085c3733b
2024-12-04 01:49:02,593 [main] INFO  balancer.FindTargetGreedyByUsageInfo (AbstractFindTargetGreedy.java:findTargetForContainerMove(131)) - Container Balancer could not find a target for source datanode 835d4d29-aabd-45fc-a4c2-b2c085c3733b
2024-12-04 01:49:02,593 [main] INFO  balancer.FindTargetGreedyByUsageInfo (AbstractFindTargetGreedy.java:findTargetForContainerMove(131)) - Container Balancer could not find a target for source datanode 835d4d29-aabd-45fc-a4c2-b2c085c3733b
2024-12-04 01:49:02,594 [main] INFO  balancer.FindTargetGreedyByUsageInfo (AbstractFindTargetGreedy.java:findTargetForContainerMove(131)) - Container Balancer could not find a target for source datanode 835d4d29-aabd-45fc-a4c2-b2c085c3733b
2024-12-04 01:49:02,594 [main] INFO  balancer.FindTargetGreedyByUsageInfo (AbstractFindTargetGreedy.java:findTargetForContainerMove(131)) - Container Balancer could not find a target for source datanode 835d4d29-aabd-45fc-a4c2-b2c085c3733b
2024-12-04 01:49:02,594 [main] DEBUG balancer.ContainerBalancerTask (ContainerBalancerTask.java:matchSourceWithTarget(813)) - ContainerBalancer could not find a suitable target for source node 835d4d29-aabd-45fc-a4c2-b2c085c3733b.
2024-12-04 01:49:02,595 [main] DEBUG balancer.ContainerBalancerTask (ContainerBalancerTask.java:matchSourceWithTarget(790)) - ContainerBalancer is finding suitable target for source datanode 8d63e076-8e52-4e11-9c97-5a614d469a8b
2024-12-04 01:49:02,595 [main] INFO  balancer.FindTargetGreedyByUsageInfo (AbstractFindTargetGreedy.java:findTargetForContainerMove(131)) - Container Balancer could not find a target for source datanode 8d63e076-8e52-4e11-9c97-5a614d469a8b
2024-12-04 01:49:02,596 [main] INFO  balancer.FindTargetGreedyByUsageInfo (AbstractFindTargetGreedy.java:findTargetForContainerMove(131)) - Container Balancer could not find a target for source datanode 8d63e076-8e52-4e11-9c97-5a614d469a8b
2024-12-04 01:49:02,596 [main] INFO  balancer.FindTargetGreedyByUsageInfo (AbstractFindTargetGreedy.java:findTargetForContainerMove(131)) - Container Balancer could not find a target for source datanode 8d63e076-8e52-4e11-9c97-5a614d469a8b
2024-12-04 01:49:02,596 [main] INFO  balancer.FindTargetGreedyByUsageInfo (AbstractFindTargetGreedy.java:findTargetForContainerMove(131)) - Container Balancer could not find a target for source datanode 8d63e076-8e52-4e11-9c97-5a614d469a8b
2024-12-04 01:49:02,596 [main] INFO  balancer.FindTargetGreedyByUsageInfo (AbstractFindTargetGreedy.java:findTargetForContainerMove(131)) - Container Balancer could not find a target for source datanode 8d63e076-8e52-4e11-9c97-5a614d469a8b
2024-12-04 01:49:02,596 [main] INFO  balancer.FindTargetGreedyByUsageInfo (AbstractFindTargetGreedy.java:findTargetForContainerMove(131)) - Container Balancer could not find a target for source datanode 8d63e076-8e52-4e11-9c97-5a614d469a8b
2024-12-04 01:49:02,597 [main] INFO  balancer.FindTargetGreedyByUsageInfo (AbstractFindTargetGreedy.java:findTargetForContainerMove(131)) - Container Balancer could not find a target for source datanode 8d63e076-8e52-4e11-9c97-5a614d469a8b
2024-12-04 01:49:02,597 [main] INFO  balancer.FindTargetGreedyByUsageInfo (AbstractFindTargetGreedy.java:findTargetForContainerMove(131)) - Container Balancer could not find a target for source datanode 8d63e076-8e52-4e11-9c97-5a614d469a8b
2024-12-04 01:49:02,597 [main] INFO  balancer.FindTargetGreedyByUsageInfo (AbstractFindTargetGreedy.java:findTargetForContainerMove(131)) - Container Balancer could not find a target for source datanode 8d63e076-8e52-4e11-9c97-5a614d469a8b
2024-12-04 01:49:02,597 [main] DEBUG balancer.ContainerBalancerTask (ContainerBalancerTask.java:matchSourceWithTarget(813)) - ContainerBalancer could not find a suitable target for source node 8d63e076-8e52-4e11-9c97-5a614d469a8b.
2024-12-04 01:49:02,598 [main] DEBUG balancer.ContainerBalancerTask (ContainerBalancerTask.java:matchSourceWithTarget(790)) - ContainerBalancer is finding suitable target for source datanode b8d83394-70cf-4527-afd4-cbe4b9881ef8
2024-12-04 01:49:02,598 [main] INFO  balancer.FindTargetGreedyByUsageInfo (AbstractFindTargetGreedy.java:findTargetForContainerMove(131)) - Container Balancer could not find a target for source datanode b8d83394-70cf-4527-afd4-cbe4b9881ef8
2024-12-04 01:49:02,599 [main] INFO  balancer.FindTargetGreedyByUsageInfo (AbstractFindTargetGreedy.java:findTargetForContainerMove(131)) - Container Balancer could not find a target for source datanode b8d83394-70cf-4527-afd4-cbe4b9881ef8
2024-12-04 01:49:02,599 [main] INFO  balancer.FindTargetGreedyByUsageInfo (AbstractFindTargetGreedy.java:findTargetForContainerMove(131)) - Container Balancer could not find a target for source datanode b8d83394-70cf-4527-afd4-cbe4b9881ef8
2024-12-04 01:49:02,599 [main] INFO  balancer.FindTargetGreedyByUsageInfo (AbstractFindTargetGreedy.java:findTargetForContainerMove(131)) - Container Balancer could not find a target for source datanode b8d83394-70cf-4527-afd4-cbe4b9881ef8
2024-12-04 01:49:02,599 [main] INFO  balancer.FindTargetGreedyByUsageInfo (AbstractFindTargetGreedy.java:findTargetForContainerMove(131)) - Container Balancer could not find a target for source datanode b8d83394-70cf-4527-afd4-cbe4b9881ef8
2024-12-04 01:49:02,599 [main] INFO  balancer.FindTargetGreedyByUsageInfo (AbstractFindTargetGreedy.java:findTargetForContainerMove(131)) - Container Balancer could not find a target for source datanode b8d83394-70cf-4527-afd4-cbe4b9881ef8
2024-12-04 01:49:02,600 [main] INFO  balancer.FindTargetGreedyByUsageInfo (AbstractFindTargetGreedy.java:findTargetForContainerMove(131)) - Container Balancer could not find a target for source datanode b8d83394-70cf-4527-afd4-cbe4b9881ef8
2024-12-04 01:49:02,600 [main] INFO  balancer.FindTargetGreedyByUsageInfo (AbstractFindTargetGreedy.java:findTargetForContainerMove(131)) - Container Balancer could not find a target for source datanode b8d83394-70cf-4527-afd4-cbe4b9881ef8
2024-12-04 01:49:02,600 [main] INFO  balancer.FindTargetGreedyByUsageInfo (AbstractFindTargetGreedy.java:findTargetForContainerMove(131)) - Container Balancer could not find a target for source datanode b8d83394-70cf-4527-afd4-cbe4b9881ef8
2024-12-04 01:49:02,600 [main] DEBUG balancer.ContainerBalancerTask (ContainerBalancerTask.java:matchSourceWithTarget(813)) - ContainerBalancer could not find a suitable target for source node b8d83394-70cf-4527-afd4-cbe4b9881ef8.
2024-12-04 01:49:02,600 [main] INFO  balancer.FindSourceGreedy (FindSourceGreedy.java:getNextCandidateSourceDataNode(126)) - no more candidate source data node
2024-12-04 01:49:03,101 [main] WARN  balancer.ContainerBalancerTask (ContainerBalancerTask.java:cancelMovesThatExceedTimeoutDuration(757)) - Container move timed out for container #270 from source d0fefd61-2daa-4595-815c-41c6e2490a3f to target 239acab3-0027-4ee5-86d6-f2886cd88611.
2024-12-04 01:49:03,101 [main] WARN  balancer.ContainerBalancerTask (ContainerBalancerTask.java:checkIterationMoveResults(701)) - 1 Container moves are canceled.
2024-12-04 01:49:03,101 [main] INFO  balancer.ContainerBalancerTask (ContainerBalancerTask.java:checkIterationMoveResults(725)) - Iteration Summary. Number of Datanodes involved: 2. Size moved: 0 B (0 Bytes). Number of Container moves completed: 0.
2024-12-04 01:49:03,101 [main] INFO  balancer.ContainerBalancerTask (ContainerBalancerTask.java:balance(269)) - Result of this iteration of Container Balancer: ITERATION_COMPLETED
2024-12-04 01:49:03,101 [main] INFO  balancer.ContainerBalancerTask (ContainerBalancerTask.java:tryStopWithSaveConfiguration(394)) - Save Configuration for stopping. Reason: Completed all iterations.
]]></system-out>
  </testcase>
  <testcase name="checkIterationResultException(MockedSCM)[14]" classname="org.apache.hadoop.hdds.scm.container.balancer.TestContainerBalancerDatanodeNodeLimit" time="1.099"/>
  <testcase name="checkIterationResultException(MockedSCM)[15]" classname="org.apache.hadoop.hdds.scm.container.balancer.TestContainerBalancerDatanodeNodeLimit" time="1.105"/>
  <testcase name="checkIterationResultException(MockedSCM)[16]" classname="org.apache.hadoop.hdds.scm.container.balancer.TestContainerBalancerDatanodeNodeLimit" time="1.179"/>
  <testcase name="balancerShouldObeyMaxSizeLeavingSourceLimit(MockedSCM)[1]" classname="org.apache.hadoop.hdds.scm.container.balancer.TestContainerBalancerDatanodeNodeLimit" time="0.033"/>
  <testcase name="balancerShouldObeyMaxSizeLeavingSourceLimit(MockedSCM)[2]" classname="org.apache.hadoop.hdds.scm.container.balancer.TestContainerBalancerDatanodeNodeLimit" time="0.033"/>
  <testcase name="balancerShouldObeyMaxSizeLeavingSourceLimit(MockedSCM)[3]" classname="org.apache.hadoop.hdds.scm.container.balancer.TestContainerBalancerDatanodeNodeLimit" time="0.054"/>
  <testcase name="balancerShouldObeyMaxSizeLeavingSourceLimit(MockedSCM)[4]" classname="org.apache.hadoop.hdds.scm.container.balancer.TestContainerBalancerDatanodeNodeLimit" time="0.05"/>
  <testcase name="balancerShouldObeyMaxSizeLeavingSourceLimit(MockedSCM)[5]" classname="org.apache.hadoop.hdds.scm.container.balancer.TestContainerBalancerDatanodeNodeLimit" time="0.052"/>
  <testcase name="balancerShouldObeyMaxSizeLeavingSourceLimit(MockedSCM)[6]" classname="org.apache.hadoop.hdds.scm.container.balancer.TestContainerBalancerDatanodeNodeLimit" time="0.045"/>
  <testcase name="balancerShouldObeyMaxSizeLeavingSourceLimit(MockedSCM)[7]" classname="org.apache.hadoop.hdds.scm.container.balancer.TestContainerBalancerDatanodeNodeLimit" time="0.043"/>
  <testcase name="balancerShouldObeyMaxSizeLeavingSourceLimit(MockedSCM)[8]" classname="org.apache.hadoop.hdds.scm.container.balancer.TestContainerBalancerDatanodeNodeLimit" time="0.045"/>
  <testcase name="balancerShouldObeyMaxSizeLeavingSourceLimit(MockedSCM)[9]" classname="org.apache.hadoop.hdds.scm.container.balancer.TestContainerBalancerDatanodeNodeLimit" time="0.052"/>
  <testcase name="balancerShouldObeyMaxSizeLeavingSourceLimit(MockedSCM)[10]" classname="org.apache.hadoop.hdds.scm.container.balancer.TestContainerBalancerDatanodeNodeLimit" time="0.076"/>
  <testcase name="balancerShouldObeyMaxSizeLeavingSourceLimit(MockedSCM)[11]" classname="org.apache.hadoop.hdds.scm.container.balancer.TestContainerBalancerDatanodeNodeLimit" time="0.077"/>
  <testcase name="balancerShouldObeyMaxSizeLeavingSourceLimit(MockedSCM)[12]" classname="org.apache.hadoop.hdds.scm.container.balancer.TestContainerBalancerDatanodeNodeLimit" time="0.083"/>
  <testcase name="balancerShouldObeyMaxSizeLeavingSourceLimit(MockedSCM)[13]" classname="org.apache.hadoop.hdds.scm.container.balancer.TestContainerBalancerDatanodeNodeLimit" time="0.076"/>
  <testcase name="balancerShouldObeyMaxSizeLeavingSourceLimit(MockedSCM)[14]" classname="org.apache.hadoop.hdds.scm.container.balancer.TestContainerBalancerDatanodeNodeLimit" time="0.093"/>
  <testcase name="balancerShouldObeyMaxSizeLeavingSourceLimit(MockedSCM)[15]" classname="org.apache.hadoop.hdds.scm.container.balancer.TestContainerBalancerDatanodeNodeLimit" time="0.084"/>
  <testcase name="balancerShouldObeyMaxSizeLeavingSourceLimit(MockedSCM)[16]" classname="org.apache.hadoop.hdds.scm.container.balancer.TestContainerBalancerDatanodeNodeLimit" time="0.126"/>
  <testcase name="checkIterationResult(MockedSCM)[1]" classname="org.apache.hadoop.hdds.scm.container.balancer.TestContainerBalancerDatanodeNodeLimit" time="0.049"/>
  <testcase name="checkIterationResult(MockedSCM)[2]" classname="org.apache.hadoop.hdds.scm.container.balancer.TestContainerBalancerDatanodeNodeLimit" time="0.047"/>
  <testcase name="checkIterationResult(MockedSCM)[3]" classname="org.apache.hadoop.hdds.scm.container.balancer.TestContainerBalancerDatanodeNodeLimit" time="0.048"/>
  <testcase name="checkIterationResult(MockedSCM)[4]" classname="org.apache.hadoop.hdds.scm.container.balancer.TestContainerBalancerDatanodeNodeLimit" time="0.053"/>
  <testcase name="checkIterationResult(MockedSCM)[5]" classname="org.apache.hadoop.hdds.scm.container.balancer.TestContainerBalancerDatanodeNodeLimit" time="0.054"/>
  <testcase name="checkIterationResult(MockedSCM)[6]" classname="org.apache.hadoop.hdds.scm.container.balancer.TestContainerBalancerDatanodeNodeLimit" time="0.06"/>
  <testcase name="checkIterationResult(MockedSCM)[7]" classname="org.apache.hadoop.hdds.scm.container.balancer.TestContainerBalancerDatanodeNodeLimit" time="0.061"/>
  <testcase name="checkIterationResult(MockedSCM)[8]" classname="org.apache.hadoop.hdds.scm.container.balancer.TestContainerBalancerDatanodeNodeLimit" time="0.068"/>
  <testcase name="checkIterationResult(MockedSCM)[9]" classname="org.apache.hadoop.hdds.scm.container.balancer.TestContainerBalancerDatanodeNodeLimit" time="0.089"/>
  <testcase name="checkIterationResult(MockedSCM)[10]" classname="org.apache.hadoop.hdds.scm.container.balancer.TestContainerBalancerDatanodeNodeLimit" time="0.076"/>
  <testcase name="checkIterationResult(MockedSCM)[11]" classname="org.apache.hadoop.hdds.scm.container.balancer.TestContainerBalancerDatanodeNodeLimit" time="0.113"/>
  <testcase name="checkIterationResult(MockedSCM)[12]" classname="org.apache.hadoop.hdds.scm.container.balancer.TestContainerBalancerDatanodeNodeLimit" time="0.112"/>
  <testcase name="checkIterationResult(MockedSCM)[13]" classname="org.apache.hadoop.hdds.scm.container.balancer.TestContainerBalancerDatanodeNodeLimit" time="0.149"/>
  <testcase name="checkIterationResult(MockedSCM)[14]" classname="org.apache.hadoop.hdds.scm.container.balancer.TestContainerBalancerDatanodeNodeLimit" time="0.122"/>
  <testcase name="checkIterationResult(MockedSCM)[15]" classname="org.apache.hadoop.hdds.scm.container.balancer.TestContainerBalancerDatanodeNodeLimit" time="0.126"/>
  <testcase name="checkIterationResult(MockedSCM)[16]" classname="org.apache.hadoop.hdds.scm.container.balancer.TestContainerBalancerDatanodeNodeLimit" time="0.136"/>
  <testcase name="targetDatanodeShouldBeInServiceHealthy(MockedSCM)[1]" classname="org.apache.hadoop.hdds.scm.container.balancer.TestContainerBalancerDatanodeNodeLimit" time="0.023"/>
  <testcase name="targetDatanodeShouldBeInServiceHealthy(MockedSCM)[2]" classname="org.apache.hadoop.hdds.scm.container.balancer.TestContainerBalancerDatanodeNodeLimit" time="0.025"/>
  <testcase name="targetDatanodeShouldBeInServiceHealthy(MockedSCM)[3]" classname="org.apache.hadoop.hdds.scm.container.balancer.TestContainerBalancerDatanodeNodeLimit" time="0.025"/>
  <testcase name="targetDatanodeShouldBeInServiceHealthy(MockedSCM)[4]" classname="org.apache.hadoop.hdds.scm.container.balancer.TestContainerBalancerDatanodeNodeLimit" time="0.028"/>
  <testcase name="targetDatanodeShouldBeInServiceHealthy(MockedSCM)[5]" classname="org.apache.hadoop.hdds.scm.container.balancer.TestContainerBalancerDatanodeNodeLimit" time="0.028"/>
  <testcase name="targetDatanodeShouldBeInServiceHealthy(MockedSCM)[6]" classname="org.apache.hadoop.hdds.scm.container.balancer.TestContainerBalancerDatanodeNodeLimit" time="0.029"/>
  <testcase name="targetDatanodeShouldBeInServiceHealthy(MockedSCM)[7]" classname="org.apache.hadoop.hdds.scm.container.balancer.TestContainerBalancerDatanodeNodeLimit" time="0.028"/>
  <testcase name="targetDatanodeShouldBeInServiceHealthy(MockedSCM)[8]" classname="org.apache.hadoop.hdds.scm.container.balancer.TestContainerBalancerDatanodeNodeLimit" time="0.03"/>
  <testcase name="targetDatanodeShouldBeInServiceHealthy(MockedSCM)[9]" classname="org.apache.hadoop.hdds.scm.container.balancer.TestContainerBalancerDatanodeNodeLimit" time="0.028"/>
  <testcase name="targetDatanodeShouldBeInServiceHealthy(MockedSCM)[10]" classname="org.apache.hadoop.hdds.scm.container.balancer.TestContainerBalancerDatanodeNodeLimit" time="0.037"/>
  <testcase name="targetDatanodeShouldBeInServiceHealthy(MockedSCM)[11]" classname="org.apache.hadoop.hdds.scm.container.balancer.TestContainerBalancerDatanodeNodeLimit" time="0.048"/>
  <testcase name="targetDatanodeShouldBeInServiceHealthy(MockedSCM)[12]" classname="org.apache.hadoop.hdds.scm.container.balancer.TestContainerBalancerDatanodeNodeLimit" time="0.062"/>
  <testcase name="targetDatanodeShouldBeInServiceHealthy(MockedSCM)[13]" classname="org.apache.hadoop.hdds.scm.container.balancer.TestContainerBalancerDatanodeNodeLimit" time="0.035"/>
  <testcase name="targetDatanodeShouldBeInServiceHealthy(MockedSCM)[14]" classname="org.apache.hadoop.hdds.scm.container.balancer.TestContainerBalancerDatanodeNodeLimit" time="0.049"/>
  <testcase name="targetDatanodeShouldBeInServiceHealthy(MockedSCM)[15]" classname="org.apache.hadoop.hdds.scm.container.balancer.TestContainerBalancerDatanodeNodeLimit" time="0.037"/>
  <testcase name="targetDatanodeShouldBeInServiceHealthy(MockedSCM)[16]" classname="org.apache.hadoop.hdds.scm.container.balancer.TestContainerBalancerDatanodeNodeLimit" time="0.036"/>
  <testcase name="containerBalancerShouldObeyMaxDatanodesToInvolveLimit(MockedSCM)[1]" classname="org.apache.hadoop.hdds.scm.container.balancer.TestContainerBalancerDatanodeNodeLimit" time="0.023"/>
  <testcase name="containerBalancerShouldObeyMaxDatanodesToInvolveLimit(MockedSCM)[2]" classname="org.apache.hadoop.hdds.scm.container.balancer.TestContainerBalancerDatanodeNodeLimit" time="0.024"/>
  <testcase name="containerBalancerShouldObeyMaxDatanodesToInvolveLimit(MockedSCM)[3]" classname="org.apache.hadoop.hdds.scm.container.balancer.TestContainerBalancerDatanodeNodeLimit" time="0.027"/>
  <testcase name="containerBalancerShouldObeyMaxDatanodesToInvolveLimit(MockedSCM)[4]" classname="org.apache.hadoop.hdds.scm.container.balancer.TestContainerBalancerDatanodeNodeLimit" time="0.031"/>
  <testcase name="containerBalancerShouldObeyMaxDatanodesToInvolveLimit(MockedSCM)[5]" classname="org.apache.hadoop.hdds.scm.container.balancer.TestContainerBalancerDatanodeNodeLimit" time="0.028"/>
  <testcase name="containerBalancerShouldObeyMaxDatanodesToInvolveLimit(MockedSCM)[6]" classname="org.apache.hadoop.hdds.scm.container.balancer.TestContainerBalancerDatanodeNodeLimit" time="0.027"/>
  <testcase name="containerBalancerShouldObeyMaxDatanodesToInvolveLimit(MockedSCM)[7]" classname="org.apache.hadoop.hdds.scm.container.balancer.TestContainerBalancerDatanodeNodeLimit" time="0.027"/>
  <testcase name="containerBalancerShouldObeyMaxDatanodesToInvolveLimit(MockedSCM)[8]" classname="org.apache.hadoop.hdds.scm.container.balancer.TestContainerBalancerDatanodeNodeLimit" time="0.025"/>
  <testcase name="containerBalancerShouldObeyMaxDatanodesToInvolveLimit(MockedSCM)[9]" classname="org.apache.hadoop.hdds.scm.container.balancer.TestContainerBalancerDatanodeNodeLimit" time="0.032"/>
  <testcase name="containerBalancerShouldObeyMaxDatanodesToInvolveLimit(MockedSCM)[10]" classname="org.apache.hadoop.hdds.scm.container.balancer.TestContainerBalancerDatanodeNodeLimit" time="0.027"/>
  <testcase name="containerBalancerShouldObeyMaxDatanodesToInvolveLimit(MockedSCM)[11]" classname="org.apache.hadoop.hdds.scm.container.balancer.TestContainerBalancerDatanodeNodeLimit" time="0.05"/>
  <testcase name="containerBalancerShouldObeyMaxDatanodesToInvolveLimit(MockedSCM)[12]" classname="org.apache.hadoop.hdds.scm.container.balancer.TestContainerBalancerDatanodeNodeLimit" time="0.074"/>
  <testcase name="containerBalancerShouldObeyMaxDatanodesToInvolveLimit(MockedSCM)[13]" classname="org.apache.hadoop.hdds.scm.container.balancer.TestContainerBalancerDatanodeNodeLimit" time="0.044"/>
  <testcase name="containerBalancerShouldObeyMaxDatanodesToInvolveLimit(MockedSCM)[14]" classname="org.apache.hadoop.hdds.scm.container.balancer.TestContainerBalancerDatanodeNodeLimit" time="0.099"/>
  <testcase name="containerBalancerShouldObeyMaxDatanodesToInvolveLimit(MockedSCM)[15]" classname="org.apache.hadoop.hdds.scm.container.balancer.TestContainerBalancerDatanodeNodeLimit" time="0.034"/>
  <testcase name="containerBalancerShouldObeyMaxDatanodesToInvolveLimit(MockedSCM)[16]" classname="org.apache.hadoop.hdds.scm.container.balancer.TestContainerBalancerDatanodeNodeLimit" time="0.037"/>
  <testcase name="testBalancerWithMoveManager(MockedSCM)[1]" classname="org.apache.hadoop.hdds.scm.container.balancer.TestContainerBalancerDatanodeNodeLimit" time="0.028"/>
  <testcase name="testBalancerWithMoveManager(MockedSCM)[2]" classname="org.apache.hadoop.hdds.scm.container.balancer.TestContainerBalancerDatanodeNodeLimit" time="0.025"/>
  <testcase name="testBalancerWithMoveManager(MockedSCM)[3]" classname="org.apache.hadoop.hdds.scm.container.balancer.TestContainerBalancerDatanodeNodeLimit" time="0.031"/>
  <testcase name="testBalancerWithMoveManager(MockedSCM)[4]" classname="org.apache.hadoop.hdds.scm.container.balancer.TestContainerBalancerDatanodeNodeLimit" time="0.038"/>
  <testcase name="testBalancerWithMoveManager(MockedSCM)[5]" classname="org.apache.hadoop.hdds.scm.container.balancer.TestContainerBalancerDatanodeNodeLimit" time="0.033"/>
  <testcase name="testBalancerWithMoveManager(MockedSCM)[6]" classname="org.apache.hadoop.hdds.scm.container.balancer.TestContainerBalancerDatanodeNodeLimit" time="0.032"/>
  <testcase name="testBalancerWithMoveManager(MockedSCM)[7]" classname="org.apache.hadoop.hdds.scm.container.balancer.TestContainerBalancerDatanodeNodeLimit" time="0.052"/>
  <testcase name="testBalancerWithMoveManager(MockedSCM)[8]" classname="org.apache.hadoop.hdds.scm.container.balancer.TestContainerBalancerDatanodeNodeLimit" time="0.029"/>
  <testcase name="testBalancerWithMoveManager(MockedSCM)[9]" classname="org.apache.hadoop.hdds.scm.container.balancer.TestContainerBalancerDatanodeNodeLimit" time="0.028"/>
  <testcase name="testBalancerWithMoveManager(MockedSCM)[10]" classname="org.apache.hadoop.hdds.scm.container.balancer.TestContainerBalancerDatanodeNodeLimit" time="0.029"/>
  <testcase name="testBalancerWithMoveManager(MockedSCM)[11]" classname="org.apache.hadoop.hdds.scm.container.balancer.TestContainerBalancerDatanodeNodeLimit" time="0.029"/>
  <testcase name="testBalancerWithMoveManager(MockedSCM)[12]" classname="org.apache.hadoop.hdds.scm.container.balancer.TestContainerBalancerDatanodeNodeLimit" time="0.033"/>
  <testcase name="testBalancerWithMoveManager(MockedSCM)[13]" classname="org.apache.hadoop.hdds.scm.container.balancer.TestContainerBalancerDatanodeNodeLimit" time="0.034"/>
  <testcase name="testBalancerWithMoveManager(MockedSCM)[14]" classname="org.apache.hadoop.hdds.scm.container.balancer.TestContainerBalancerDatanodeNodeLimit" time="0.109"/>
  <testcase name="testBalancerWithMoveManager(MockedSCM)[15]" classname="org.apache.hadoop.hdds.scm.container.balancer.TestContainerBalancerDatanodeNodeLimit" time="0.044"/>
  <testcase name="testBalancerWithMoveManager(MockedSCM)[16]" classname="org.apache.hadoop.hdds.scm.container.balancer.TestContainerBalancerDatanodeNodeLimit" time="0.047"/>
  <testcase name="balancerShouldNotSelectConfiguredExcludeContainers(MockedSCM)[1]" classname="org.apache.hadoop.hdds.scm.container.balancer.TestContainerBalancerDatanodeNodeLimit" time="0.026"/>
  <testcase name="balancerShouldNotSelectConfiguredExcludeContainers(MockedSCM)[2]" classname="org.apache.hadoop.hdds.scm.container.balancer.TestContainerBalancerDatanodeNodeLimit" time="0.023"/>
  <testcase name="balancerShouldNotSelectConfiguredExcludeContainers(MockedSCM)[3]" classname="org.apache.hadoop.hdds.scm.container.balancer.TestContainerBalancerDatanodeNodeLimit" time="0.026"/>
  <testcase name="balancerShouldNotSelectConfiguredExcludeContainers(MockedSCM)[4]" classname="org.apache.hadoop.hdds.scm.container.balancer.TestContainerBalancerDatanodeNodeLimit" time="0.029"/>
  <testcase name="balancerShouldNotSelectConfiguredExcludeContainers(MockedSCM)[5]" classname="org.apache.hadoop.hdds.scm.container.balancer.TestContainerBalancerDatanodeNodeLimit" time="0.029"/>
  <testcase name="balancerShouldNotSelectConfiguredExcludeContainers(MockedSCM)[6]" classname="org.apache.hadoop.hdds.scm.container.balancer.TestContainerBalancerDatanodeNodeLimit" time="0.025"/>
  <testcase name="balancerShouldNotSelectConfiguredExcludeContainers(MockedSCM)[7]" classname="org.apache.hadoop.hdds.scm.container.balancer.TestContainerBalancerDatanodeNodeLimit" time="0.03"/>
  <testcase name="balancerShouldNotSelectConfiguredExcludeContainers(MockedSCM)[8]" classname="org.apache.hadoop.hdds.scm.container.balancer.TestContainerBalancerDatanodeNodeLimit" time="0.029"/>
  <testcase name="balancerShouldNotSelectConfiguredExcludeContainers(MockedSCM)[9]" classname="org.apache.hadoop.hdds.scm.container.balancer.TestContainerBalancerDatanodeNodeLimit" time="0.029"/>
  <testcase name="balancerShouldNotSelectConfiguredExcludeContainers(MockedSCM)[10]" classname="org.apache.hadoop.hdds.scm.container.balancer.TestContainerBalancerDatanodeNodeLimit" time="0.026"/>
  <testcase name="balancerShouldNotSelectConfiguredExcludeContainers(MockedSCM)[11]" classname="org.apache.hadoop.hdds.scm.container.balancer.TestContainerBalancerDatanodeNodeLimit" time="0.027"/>
  <testcase name="balancerShouldNotSelectConfiguredExcludeContainers(MockedSCM)[12]" classname="org.apache.hadoop.hdds.scm.container.balancer.TestContainerBalancerDatanodeNodeLimit" time="0.069"/>
  <testcase name="balancerShouldNotSelectConfiguredExcludeContainers(MockedSCM)[13]" classname="org.apache.hadoop.hdds.scm.container.balancer.TestContainerBalancerDatanodeNodeLimit" time="0.103"/>
  <testcase name="balancerShouldNotSelectConfiguredExcludeContainers(MockedSCM)[14]" classname="org.apache.hadoop.hdds.scm.container.balancer.TestContainerBalancerDatanodeNodeLimit" time="0.036"/>
  <testcase name="balancerShouldNotSelectConfiguredExcludeContainers(MockedSCM)[15]" classname="org.apache.hadoop.hdds.scm.container.balancer.TestContainerBalancerDatanodeNodeLimit" time="0.032"/>
  <testcase name="balancerShouldNotSelectConfiguredExcludeContainers(MockedSCM)[16]" classname="org.apache.hadoop.hdds.scm.container.balancer.TestContainerBalancerDatanodeNodeLimit" time="0.041"/>
  <testcase name="testCalculationOfUtilization(MockedSCM)[1]" classname="org.apache.hadoop.hdds.scm.container.balancer.TestContainerBalancerDatanodeNodeLimit" time="0.001"/>
  <testcase name="testCalculationOfUtilization(MockedSCM)[2]" classname="org.apache.hadoop.hdds.scm.container.balancer.TestContainerBalancerDatanodeNodeLimit" time="0.001"/>
  <testcase name="testCalculationOfUtilization(MockedSCM)[3]" classname="org.apache.hadoop.hdds.scm.container.balancer.TestContainerBalancerDatanodeNodeLimit" time="0"/>
  <testcase name="testCalculationOfUtilization(MockedSCM)[4]" classname="org.apache.hadoop.hdds.scm.container.balancer.TestContainerBalancerDatanodeNodeLimit" time="0"/>
  <testcase name="testCalculationOfUtilization(MockedSCM)[5]" classname="org.apache.hadoop.hdds.scm.container.balancer.TestContainerBalancerDatanodeNodeLimit" time="0"/>
  <testcase name="testCalculationOfUtilization(MockedSCM)[6]" classname="org.apache.hadoop.hdds.scm.container.balancer.TestContainerBalancerDatanodeNodeLimit" time="0.001"/>
  <testcase name="testCalculationOfUtilization(MockedSCM)[7]" classname="org.apache.hadoop.hdds.scm.container.balancer.TestContainerBalancerDatanodeNodeLimit" time="0"/>
  <testcase name="testCalculationOfUtilization(MockedSCM)[8]" classname="org.apache.hadoop.hdds.scm.container.balancer.TestContainerBalancerDatanodeNodeLimit" time="0"/>
  <testcase name="testCalculationOfUtilization(MockedSCM)[9]" classname="org.apache.hadoop.hdds.scm.container.balancer.TestContainerBalancerDatanodeNodeLimit" time="0"/>
  <testcase name="testCalculationOfUtilization(MockedSCM)[10]" classname="org.apache.hadoop.hdds.scm.container.balancer.TestContainerBalancerDatanodeNodeLimit" time="0.001"/>
  <testcase name="testCalculationOfUtilization(MockedSCM)[11]" classname="org.apache.hadoop.hdds.scm.container.balancer.TestContainerBalancerDatanodeNodeLimit" time="0.001"/>
  <testcase name="testCalculationOfUtilization(MockedSCM)[12]" classname="org.apache.hadoop.hdds.scm.container.balancer.TestContainerBalancerDatanodeNodeLimit" time="0"/>
  <testcase name="testCalculationOfUtilization(MockedSCM)[13]" classname="org.apache.hadoop.hdds.scm.container.balancer.TestContainerBalancerDatanodeNodeLimit" time="0"/>
  <testcase name="testCalculationOfUtilization(MockedSCM)[14]" classname="org.apache.hadoop.hdds.scm.container.balancer.TestContainerBalancerDatanodeNodeLimit" time="0"/>
  <testcase name="testCalculationOfUtilization(MockedSCM)[15]" classname="org.apache.hadoop.hdds.scm.container.balancer.TestContainerBalancerDatanodeNodeLimit" time="0.001"/>
  <testcase name="testCalculationOfUtilization(MockedSCM)[16]" classname="org.apache.hadoop.hdds.scm.container.balancer.TestContainerBalancerDatanodeNodeLimit" time="0.001"/>
  <testcase name="initializeIterationShouldUpdateUnBalancedNodesWhenThresholdChanges(MockedSCM)[1]" classname="org.apache.hadoop.hdds.scm.container.balancer.TestContainerBalancerDatanodeNodeLimit" time="0.119"/>
  <testcase name="initializeIterationShouldUpdateUnBalancedNodesWhenThresholdChanges(MockedSCM)[2]" classname="org.apache.hadoop.hdds.scm.container.balancer.TestContainerBalancerDatanodeNodeLimit" time="0.117"/>
  <testcase name="initializeIterationShouldUpdateUnBalancedNodesWhenThresholdChanges(MockedSCM)[3]" classname="org.apache.hadoop.hdds.scm.container.balancer.TestContainerBalancerDatanodeNodeLimit" time="0.147"/>
  <testcase name="initializeIterationShouldUpdateUnBalancedNodesWhenThresholdChanges(MockedSCM)[4]" classname="org.apache.hadoop.hdds.scm.container.balancer.TestContainerBalancerDatanodeNodeLimit" time="0.17"/>
  <testcase name="initializeIterationShouldUpdateUnBalancedNodesWhenThresholdChanges(MockedSCM)[5]" classname="org.apache.hadoop.hdds.scm.container.balancer.TestContainerBalancerDatanodeNodeLimit" time="0.164"/>
  <testcase name="initializeIterationShouldUpdateUnBalancedNodesWhenThresholdChanges(MockedSCM)[6]" classname="org.apache.hadoop.hdds.scm.container.balancer.TestContainerBalancerDatanodeNodeLimit" time="0.173"/>
  <testcase name="initializeIterationShouldUpdateUnBalancedNodesWhenThresholdChanges(MockedSCM)[7]" classname="org.apache.hadoop.hdds.scm.container.balancer.TestContainerBalancerDatanodeNodeLimit" time="0.161"/>
  <testcase name="initializeIterationShouldUpdateUnBalancedNodesWhenThresholdChanges(MockedSCM)[8]" classname="org.apache.hadoop.hdds.scm.container.balancer.TestContainerBalancerDatanodeNodeLimit" time="0.183"/>
  <testcase name="initializeIterationShouldUpdateUnBalancedNodesWhenThresholdChanges(MockedSCM)[9]" classname="org.apache.hadoop.hdds.scm.container.balancer.TestContainerBalancerDatanodeNodeLimit" time="0.22"/>
  <testcase name="initializeIterationShouldUpdateUnBalancedNodesWhenThresholdChanges(MockedSCM)[10]" classname="org.apache.hadoop.hdds.scm.container.balancer.TestContainerBalancerDatanodeNodeLimit" time="0.191"/>
  <testcase name="initializeIterationShouldUpdateUnBalancedNodesWhenThresholdChanges(MockedSCM)[11]" classname="org.apache.hadoop.hdds.scm.container.balancer.TestContainerBalancerDatanodeNodeLimit" time="0.19"/>
  <testcase name="initializeIterationShouldUpdateUnBalancedNodesWhenThresholdChanges(MockedSCM)[12]" classname="org.apache.hadoop.hdds.scm.container.balancer.TestContainerBalancerDatanodeNodeLimit" time="0.181"/>
  <testcase name="initializeIterationShouldUpdateUnBalancedNodesWhenThresholdChanges(MockedSCM)[13]" classname="org.apache.hadoop.hdds.scm.container.balancer.TestContainerBalancerDatanodeNodeLimit" time="0.183"/>
  <testcase name="initializeIterationShouldUpdateUnBalancedNodesWhenThresholdChanges(MockedSCM)[14]" classname="org.apache.hadoop.hdds.scm.container.balancer.TestContainerBalancerDatanodeNodeLimit" time="0.381"/>
  <testcase name="initializeIterationShouldUpdateUnBalancedNodesWhenThresholdChanges(MockedSCM)[15]" classname="org.apache.hadoop.hdds.scm.container.balancer.TestContainerBalancerDatanodeNodeLimit" time="0.283"/>
  <testcase name="initializeIterationShouldUpdateUnBalancedNodesWhenThresholdChanges(MockedSCM)[16]" classname="org.apache.hadoop.hdds.scm.container.balancer.TestContainerBalancerDatanodeNodeLimit" time="0.894"/>
  <testcase name="balancerShouldObeyMaxSizeEnteringTargetLimit(MockedSCM)[1]" classname="org.apache.hadoop.hdds.scm.container.balancer.TestContainerBalancerDatanodeNodeLimit" time="0.039"/>
  <testcase name="balancerShouldObeyMaxSizeEnteringTargetLimit(MockedSCM)[2]" classname="org.apache.hadoop.hdds.scm.container.balancer.TestContainerBalancerDatanodeNodeLimit" time="0.046"/>
  <testcase name="balancerShouldObeyMaxSizeEnteringTargetLimit(MockedSCM)[3]" classname="org.apache.hadoop.hdds.scm.container.balancer.TestContainerBalancerDatanodeNodeLimit" time="0.05"/>
  <testcase name="balancerShouldObeyMaxSizeEnteringTargetLimit(MockedSCM)[4]" classname="org.apache.hadoop.hdds.scm.container.balancer.TestContainerBalancerDatanodeNodeLimit" time="0.059"/>
  <testcase name="balancerShouldObeyMaxSizeEnteringTargetLimit(MockedSCM)[5]" classname="org.apache.hadoop.hdds.scm.container.balancer.TestContainerBalancerDatanodeNodeLimit" time="0.061"/>
  <testcase name="balancerShouldObeyMaxSizeEnteringTargetLimit(MockedSCM)[6]" classname="org.apache.hadoop.hdds.scm.container.balancer.TestContainerBalancerDatanodeNodeLimit" time="0.091"/>
  <testcase name="balancerShouldObeyMaxSizeEnteringTargetLimit(MockedSCM)[7]" classname="org.apache.hadoop.hdds.scm.container.balancer.TestContainerBalancerDatanodeNodeLimit" time="0.065"/>
  <testcase name="balancerShouldObeyMaxSizeEnteringTargetLimit(MockedSCM)[8]" classname="org.apache.hadoop.hdds.scm.container.balancer.TestContainerBalancerDatanodeNodeLimit" time="0.063"/>
  <testcase name="balancerShouldObeyMaxSizeEnteringTargetLimit(MockedSCM)[9]" classname="org.apache.hadoop.hdds.scm.container.balancer.TestContainerBalancerDatanodeNodeLimit" time="0.076"/>
  <testcase name="balancerShouldObeyMaxSizeEnteringTargetLimit(MockedSCM)[10]" classname="org.apache.hadoop.hdds.scm.container.balancer.TestContainerBalancerDatanodeNodeLimit" time="0.077"/>
  <testcase name="balancerShouldObeyMaxSizeEnteringTargetLimit(MockedSCM)[11]" classname="org.apache.hadoop.hdds.scm.container.balancer.TestContainerBalancerDatanodeNodeLimit" time="0.101"/>
  <testcase name="balancerShouldObeyMaxSizeEnteringTargetLimit(MockedSCM)[12]" classname="org.apache.hadoop.hdds.scm.container.balancer.TestContainerBalancerDatanodeNodeLimit" time="0.096"/>
  <testcase name="balancerShouldObeyMaxSizeEnteringTargetLimit(MockedSCM)[13]" classname="org.apache.hadoop.hdds.scm.container.balancer.TestContainerBalancerDatanodeNodeLimit" time="0.116"/>
  <testcase name="balancerShouldObeyMaxSizeEnteringTargetLimit(MockedSCM)[14]" classname="org.apache.hadoop.hdds.scm.container.balancer.TestContainerBalancerDatanodeNodeLimit" time="0.25"/>
  <testcase name="balancerShouldObeyMaxSizeEnteringTargetLimit(MockedSCM)[15]" classname="org.apache.hadoop.hdds.scm.container.balancer.TestContainerBalancerDatanodeNodeLimit" time="0.172"/>
  <testcase name="balancerShouldObeyMaxSizeEnteringTargetLimit(MockedSCM)[16]" classname="org.apache.hadoop.hdds.scm.container.balancer.TestContainerBalancerDatanodeNodeLimit" time="0.382"/>
  <testcase name="selectedContainerShouldNotAlreadyHaveBeenSelected(MockedSCM)[1]" classname="org.apache.hadoop.hdds.scm.container.balancer.TestContainerBalancerDatanodeNodeLimit" time="0.049"/>
  <testcase name="selectedContainerShouldNotAlreadyHaveBeenSelected(MockedSCM)[2]" classname="org.apache.hadoop.hdds.scm.container.balancer.TestContainerBalancerDatanodeNodeLimit" time="0.053"/>
  <testcase name="selectedContainerShouldNotAlreadyHaveBeenSelected(MockedSCM)[3]" classname="org.apache.hadoop.hdds.scm.container.balancer.TestContainerBalancerDatanodeNodeLimit" time="0.126"/>
  <testcase name="selectedContainerShouldNotAlreadyHaveBeenSelected(MockedSCM)[4]" classname="org.apache.hadoop.hdds.scm.container.balancer.TestContainerBalancerDatanodeNodeLimit" time="0.052"/>
  <testcase name="selectedContainerShouldNotAlreadyHaveBeenSelected(MockedSCM)[5]" classname="org.apache.hadoop.hdds.scm.container.balancer.TestContainerBalancerDatanodeNodeLimit" time="0.053"/>
  <testcase name="selectedContainerShouldNotAlreadyHaveBeenSelected(MockedSCM)[6]" classname="org.apache.hadoop.hdds.scm.container.balancer.TestContainerBalancerDatanodeNodeLimit" time="0.058"/>
  <testcase name="selectedContainerShouldNotAlreadyHaveBeenSelected(MockedSCM)[7]" classname="org.apache.hadoop.hdds.scm.container.balancer.TestContainerBalancerDatanodeNodeLimit" time="0.058"/>
  <testcase name="selectedContainerShouldNotAlreadyHaveBeenSelected(MockedSCM)[8]" classname="org.apache.hadoop.hdds.scm.container.balancer.TestContainerBalancerDatanodeNodeLimit" time="0.058"/>
  <testcase name="selectedContainerShouldNotAlreadyHaveBeenSelected(MockedSCM)[9]" classname="org.apache.hadoop.hdds.scm.container.balancer.TestContainerBalancerDatanodeNodeLimit" time="0.05"/>
  <testcase name="selectedContainerShouldNotAlreadyHaveBeenSelected(MockedSCM)[10]" classname="org.apache.hadoop.hdds.scm.container.balancer.TestContainerBalancerDatanodeNodeLimit" time="0.048"/>
  <testcase name="selectedContainerShouldNotAlreadyHaveBeenSelected(MockedSCM)[11]" classname="org.apache.hadoop.hdds.scm.container.balancer.TestContainerBalancerDatanodeNodeLimit" time="0.046"/>
  <testcase name="selectedContainerShouldNotAlreadyHaveBeenSelected(MockedSCM)[12]" classname="org.apache.hadoop.hdds.scm.container.balancer.TestContainerBalancerDatanodeNodeLimit" time="0.057"/>
  <testcase name="selectedContainerShouldNotAlreadyHaveBeenSelected(MockedSCM)[13]" classname="org.apache.hadoop.hdds.scm.container.balancer.TestContainerBalancerDatanodeNodeLimit" time="0.119"/>
  <testcase name="selectedContainerShouldNotAlreadyHaveBeenSelected(MockedSCM)[14]" classname="org.apache.hadoop.hdds.scm.container.balancer.TestContainerBalancerDatanodeNodeLimit" time="0.065"/>
  <testcase name="selectedContainerShouldNotAlreadyHaveBeenSelected(MockedSCM)[15]" classname="org.apache.hadoop.hdds.scm.container.balancer.TestContainerBalancerDatanodeNodeLimit" time="0.053"/>
  <testcase name="selectedContainerShouldNotAlreadyHaveBeenSelected(MockedSCM)[16]" classname="org.apache.hadoop.hdds.scm.container.balancer.TestContainerBalancerDatanodeNodeLimit" time="0.072"/>
  <testcase name="containerBalancerShouldSelectOnlyClosedContainers(MockedSCM)[1]" classname="org.apache.hadoop.hdds.scm.container.balancer.TestContainerBalancerDatanodeNodeLimit" time="0.037"/>
  <testcase name="containerBalancerShouldSelectOnlyClosedContainers(MockedSCM)[2]" classname="org.apache.hadoop.hdds.scm.container.balancer.TestContainerBalancerDatanodeNodeLimit" time="0.034"/>
  <testcase name="containerBalancerShouldSelectOnlyClosedContainers(MockedSCM)[3]" classname="org.apache.hadoop.hdds.scm.container.balancer.TestContainerBalancerDatanodeNodeLimit" time="0.039"/>
  <testcase name="containerBalancerShouldSelectOnlyClosedContainers(MockedSCM)[4]" classname="org.apache.hadoop.hdds.scm.container.balancer.TestContainerBalancerDatanodeNodeLimit" time="0.045"/>
  <testcase name="containerBalancerShouldSelectOnlyClosedContainers(MockedSCM)[5]" classname="org.apache.hadoop.hdds.scm.container.balancer.TestContainerBalancerDatanodeNodeLimit" time="0.043"/>
  <testcase name="containerBalancerShouldSelectOnlyClosedContainers(MockedSCM)[6]" classname="org.apache.hadoop.hdds.scm.container.balancer.TestContainerBalancerDatanodeNodeLimit" time="0.04"/>
  <testcase name="containerBalancerShouldSelectOnlyClosedContainers(MockedSCM)[7]" classname="org.apache.hadoop.hdds.scm.container.balancer.TestContainerBalancerDatanodeNodeLimit" time="0.045"/>
  <testcase name="containerBalancerShouldSelectOnlyClosedContainers(MockedSCM)[8]" classname="org.apache.hadoop.hdds.scm.container.balancer.TestContainerBalancerDatanodeNodeLimit" time="0.046"/>
  <testcase name="containerBalancerShouldSelectOnlyClosedContainers(MockedSCM)[9]" classname="org.apache.hadoop.hdds.scm.container.balancer.TestContainerBalancerDatanodeNodeLimit" time="0.046"/>
  <testcase name="containerBalancerShouldSelectOnlyClosedContainers(MockedSCM)[10]" classname="org.apache.hadoop.hdds.scm.container.balancer.TestContainerBalancerDatanodeNodeLimit" time="0.045"/>
  <testcase name="containerBalancerShouldSelectOnlyClosedContainers(MockedSCM)[11]" classname="org.apache.hadoop.hdds.scm.container.balancer.TestContainerBalancerDatanodeNodeLimit" time="0.046"/>
  <testcase name="containerBalancerShouldSelectOnlyClosedContainers(MockedSCM)[12]" classname="org.apache.hadoop.hdds.scm.container.balancer.TestContainerBalancerDatanodeNodeLimit" time="0.059"/>
  <testcase name="containerBalancerShouldSelectOnlyClosedContainers(MockedSCM)[13]" classname="org.apache.hadoop.hdds.scm.container.balancer.TestContainerBalancerDatanodeNodeLimit" time="0.071"/>
  <testcase name="containerBalancerShouldSelectOnlyClosedContainers(MockedSCM)[14]" classname="org.apache.hadoop.hdds.scm.container.balancer.TestContainerBalancerDatanodeNodeLimit" time="0.148"/>
  <testcase name="containerBalancerShouldSelectOnlyClosedContainers(MockedSCM)[15]" classname="org.apache.hadoop.hdds.scm.container.balancer.TestContainerBalancerDatanodeNodeLimit" time="0.067"/>
  <testcase name="containerBalancerShouldSelectOnlyClosedContainers(MockedSCM)[16]" classname="org.apache.hadoop.hdds.scm.container.balancer.TestContainerBalancerDatanodeNodeLimit" time="0.125"/>
</testsuite>