<?xml version="1.0" encoding="UTF-8"?>
<testsuite xmlns:xsi="http://www.w3.org/2001/XMLSchema-instance" xsi:noNamespaceSchemaLocation="https://maven.apache.org/surefire/maven-surefire-plugin/xsd/surefire-test-report-3.0.xsd" version="3.0" name="org.apache.hadoop.ozone.om.TestOzoneManagerPrepare" time="150.504" tests="1" errors="1" skipped="0" failures="0">
  <properties>
    <property name="awt.toolkit" value="sun.awt.X11.XToolkit"/>
    <property name="file.encoding.pkg" value="sun.io"/>
    <property name="java.specification.version" value="1.8"/>
    <property name="sun.cpu.isalist" value=""/>
    <property name="sun.jnu.encoding" value="UTF-8"/>
    <property name="gradle.enterprise.listener.surefire.forkId" value="1"/>
    <property name="java.class.path" value="/home/runner/work/ozone/ozone/hadoop-ozone/integration-test/target/test-classes:/home/runner/work/ozone/ozone/hadoop-ozone/integration-test/target/classes:/home/runner/.m2/repository/org/apache/ozone/ozone-common/1.5.0-SNAPSHOT/ozone-common-1.5.0-SNAPSHOT.jar:/home/runner/.m2/repository/io/grpc/grpc-netty/1.58.0/grpc-netty-1.58.0.jar:/home/runner/.m2/repository/io/grpc/grpc-core/1.58.0/grpc-core-1.58.0.jar:/home/runner/.m2/repository/com/google/android/annotations/4.1.1.4/annotations-4.1.1.4.jar:/home/runner/.m2/repository/org/codehaus/mojo/animal-sniffer-annotations/1.23/animal-sniffer-annotations-1.23.jar:/home/runner/.m2/repository/io/grpc/grpc-context/1.58.0/grpc-context-1.58.0.jar:/home/runner/.m2/repository/io/grpc/grpc-util/1.58.0/grpc-util-1.58.0.jar:/home/runner/.m2/repository/com/google/errorprone/error_prone_annotations/2.2.0/error_prone_annotations-2.2.0.jar:/home/runner/.m2/repository/io/perfmark/perfmark-api/0.26.0/perfmark-api-0.26.0.jar:/home/runner/.m2/repository/io/netty/netty-codec-http2/4.1.100.Final/netty-codec-http2-4.1.100.Final.jar:/home/runner/.m2/repository/io/netty/netty-common/4.1.100.Final/netty-common-4.1.100.Final.jar:/home/runner/.m2/repository/io/netty/netty-buffer/4.1.100.Final/netty-buffer-4.1.100.Final.jar:/home/runner/.m2/repository/io/netty/netty-codec-http/4.1.100.Final/netty-codec-http-4.1.100.Final.jar:/home/runner/.m2/repository/io/netty/netty-handler-proxy/4.1.100.Final/netty-handler-proxy-4.1.100.Final.jar:/home/runner/.m2/repository/io/netty/netty-codec-socks/4.1.100.Final/netty-codec-socks-4.1.100.Final.jar:/home/runner/.m2/repository/io/netty/netty-tcnative-boringssl-static/2.0.61.Final/netty-tcnative-boringssl-static-2.0.61.Final.jar:/home/runner/.m2/repository/io/netty/netty-tcnative-classes/2.0.61.Final/netty-tcnative-classes-2.0.61.Final.jar:/home/runner/.m2/repository/io/netty/netty-tcnative-boringssl-static/2.0.61.Final/netty-tcnative-boringssl-static-2.0.61.Final-linux-x86_64.jar:/home/runner/.m2/repository/io/netty/netty-tcnative-boringssl-static/2.0.61.Final/netty-tcnative-boringssl-static-2.0.61.Final-linux-aarch_64.jar:/home/runner/.m2/repository/io/netty/netty-tcnative-boringssl-static/2.0.61.Final/netty-tcnative-boringssl-static-2.0.61.Final-osx-x86_64.jar:/home/runner/.m2/repository/io/netty/netty-tcnative-boringssl-static/2.0.61.Final/netty-tcnative-boringssl-static-2.0.61.Final-osx-aarch_64.jar:/home/runner/.m2/repository/io/netty/netty-tcnative-boringssl-static/2.0.61.Final/netty-tcnative-boringssl-static-2.0.61.Final-windows-x86_64.jar:/home/runner/.m2/repository/org/apache/commons/commons-compress/1.26.0/commons-compress-1.26.0.jar:/home/runner/.m2/repository/org/apache/ozone/hdds-common/1.5.0-SNAPSHOT/hdds-common-1.5.0-SNAPSHOT.jar:/home/runner/.m2/repository/org/apache/ozone/hdds-client/1.5.0-SNAPSHOT/hdds-client-1.5.0-SNAPSHOT.jar:/home/runner/.m2/repository/org/apache/ozone/ozone-interface-client/1.5.0-SNAPSHOT/ozone-interface-client-1.5.0-SNAPSHOT.jar:/home/runner/.m2/repository/org/apache/hadoop/hadoop-hdfs-client/3.3.6/hadoop-hdfs-client-3.3.6.jar:/home/runner/.m2/repository/com/squareup/okhttp3/okhttp/4.12.0/okhttp-4.12.0.jar:/home/runner/.m2/repository/com/squareup/okio/okio/3.6.0/okio-3.6.0.jar:/home/runner/.m2/repository/com/squareup/okio/okio-jvm/3.6.0/okio-jvm-3.6.0.jar:/home/runner/.m2/repository/org/jetbrains/kotlin/kotlin-stdlib-jdk8/1.9.22/kotlin-stdlib-jdk8-1.9.22.jar:/home/runner/.m2/repository/org/jetbrains/kotlin/kotlin-stdlib-jdk7/1.9.22/kotlin-stdlib-jdk7-1.9.22.jar:/home/runner/.m2/repository/org/jetbrains/kotlin/kotlin-stdlib-common/1.9.22/kotlin-stdlib-common-1.9.22.jar:/home/runner/.m2/repository/org/apache/ozone/hdds-test-utils/1.5.0-SNAPSHOT/hdds-test-utils-1.5.0-SNAPSHOT.jar:/home/runner/.m2/repository/org/assertj/assertj-core/3.12.2/assertj-core-3.12.2.jar:/home/runner/.m2/repository/com/google/guava/guava/32.0.0-jre/guava-32.0.0-jre.jar:/home/runner/.m2/repository/com/google/guava/failureaccess/1.0.1/failureaccess-1.0.1.jar:/home/runner/.m2/repository/com/google/guava/listenablefuture/9999.0-empty-to-avoid-conflict-with-guava/listenablefuture-9999.0-empty-to-avoid-conflict-with-guava.jar:/home/runner/.m2/repository/org/checkerframework/checker-qual/3.33.0/checker-qual-3.33.0.jar:/home/runner/.m2/repository/com/google/j2objc/j2objc-annotations/2.8/j2objc-annotations-2.8.jar:/home/runner/.m2/repository/commons-io/commons-io/2.15.1/commons-io-2.15.1.jar:/home/runner/.m2/repository/commons-logging/commons-logging/1.2/commons-logging-1.2.jar:/home/runner/.m2/repository/org/junit/jupiter/junit-jupiter-api/5.10.1/junit-jupiter-api-5.10.1.jar:/home/runner/.m2/repository/org/opentest4j/opentest4j/1.3.0/opentest4j-1.3.0.jar:/home/runner/.m2/repository/org/junit/platform/junit-platform-commons/1.10.1/junit-platform-commons-1.10.1.jar:/home/runner/.m2/repository/ch/qos/reload4j/reload4j/1.2.25/reload4j-1.2.25.jar:/home/runner/.m2/repository/jakarta/annotation/jakarta.annotation-api/2.1.1/jakarta.annotation-api-2.1.1.jar:/home/runner/.m2/repository/org/slf4j/slf4j-api/2.0.12/slf4j-api-2.0.12.jar:/home/runner/.m2/repository/org/apache/logging/log4j/log4j-api/2.17.1/log4j-api-2.17.1.jar:/home/runner/.m2/repository/org/apache/ozone/hdds-server-scm/1.5.0-SNAPSHOT/hdds-server-scm-1.5.0-SNAPSHOT.jar:/home/runner/.m2/repository/com/google/protobuf/protobuf-java/2.5.0/protobuf-java-2.5.0.jar:/home/runner/.m2/repository/org/apache/ozone/hdds-container-service/1.5.0-SNAPSHOT/hdds-container-service-1.5.0-SNAPSHOT.jar:/home/runner/.m2/repository/org/apache/ozone/hdds-hadoop-dependency-server/1.5.0-SNAPSHOT/hdds-hadoop-dependency-server-1.5.0-SNAPSHOT.jar:/home/runner/.m2/repository/org/apache/hadoop/hadoop-hdfs/3.3.6/hadoop-hdfs-3.3.6.jar:/home/runner/.m2/repository/commons-daemon/commons-daemon/1.0.13/commons-daemon-1.0.13.jar:/home/runner/.m2/repository/org/apache/ozone/hdds-server-framework/1.5.0-SNAPSHOT/hdds-server-framework-1.5.0-SNAPSHOT.jar:/home/runner/.m2/repository/org/bouncycastle/bcprov-jdk18on/1.77/bcprov-jdk18on-1.77.jar:/home/runner/.m2/repository/io/dropwizard/metrics/metrics-core/3.2.4/metrics-core-3.2.4.jar:/home/runner/.m2/repository/org/apache/commons/commons-text/1.11.0/commons-text-1.11.0.jar:/home/runner/.m2/repository/org/apache/ozone/hdds-server-framework/1.5.0-SNAPSHOT/hdds-server-framework-1.5.0-SNAPSHOT-tests.jar:/home/runner/.m2/repository/org/apache/ozone/hdds-interface-server/1.5.0-SNAPSHOT/hdds-interface-server-1.5.0-SNAPSHOT.jar:/home/runner/.m2/repository/org/apache/ozone/hdds-interface-admin/1.5.0-SNAPSHOT/hdds-interface-admin-1.5.0-SNAPSHOT.jar:/home/runner/.m2/repository/org/apache/ozone/hdds-managed-rocksdb/1.5.0-SNAPSHOT/hdds-managed-rocksdb-1.5.0-SNAPSHOT.jar:/home/runner/.m2/repository/org/rocksdb/rocksdbjni/7.7.3/rocksdbjni-7.7.3.jar:/home/runner/.m2/repository/org/slf4j/slf4j-reload4j/2.0.12/slf4j-reload4j-2.0.12.jar:/home/runner/.m2/repository/org/apache/commons/commons-configuration2/2.8.0/commons-configuration2-2.8.0.jar:/home/runner/.m2/repository/commons-fileupload/commons-fileupload/1.5/commons-fileupload-1.5.jar:/home/runner/.m2/repository/org/apache/logging/log4j/log4j-core/2.17.1/log4j-core-2.17.1.jar:/home/runner/.m2/repository/com/lmax/disruptor/3.4.2/disruptor-3.4.2.jar:/home/runner/.m2/repository/org/eclipse/jetty/jetty-util/9.4.53.v20231009/jetty-util-9.4.53.v20231009.jar:/home/runner/.m2/repository/org/eclipse/jetty/jetty-server/9.4.53.v20231009/jetty-server-9.4.53.v20231009.jar:/home/runner/.m2/repository/org/eclipse/jetty/jetty-http/9.4.53.v20231009/jetty-http-9.4.53.v20231009.jar:/home/runner/.m2/repository/org/eclipse/jetty/jetty-io/9.4.53.v20231009/jetty-io-9.4.53.v20231009.jar:/home/runner/.m2/repository/org/eclipse/jetty/jetty-servlet/9.4.53.v20231009/jetty-servlet-9.4.53.v20231009.jar:/home/runner/.m2/repository/org/eclipse/jetty/jetty-security/9.4.53.v20231009/jetty-security-9.4.53.v20231009.jar:/home/runner/.m2/repository/org/eclipse/jetty/jetty-util-ajax/9.4.53.v20231009/jetty-util-ajax-9.4.53.v20231009.jar:/home/runner/.m2/repository/org/eclipse/jetty/jetty-webapp/9.4.53.v20231009/jetty-webapp-9.4.53.v20231009.jar:/home/runner/.m2/repository/org/eclipse/jetty/jetty-xml/9.4.53.v20231009/jetty-xml-9.4.53.v20231009.jar:/home/runner/.m2/repository/org/apache/ratis/ratis-server/3.0.1/ratis-server-3.0.1.jar:/home/runner/.m2/repository/org/apache/ratis/ratis-thirdparty-misc/1.0.5/ratis-thirdparty-misc-1.0.5.jar:/home/runner/.m2/repository/org/apache/ratis/ratis-proto/3.0.1/ratis-proto-3.0.1.jar:/home/runner/.m2/repository/org/apache/ratis/ratis-common/3.0.1/ratis-common-3.0.1.jar:/home/runner/.m2/repository/org/apache/ratis/ratis-client/3.0.1/ratis-client-3.0.1.jar:/home/runner/.m2/repository/org/apache/ratis/ratis-server-api/3.0.1/ratis-server-api-3.0.1.jar:/home/runner/.m2/repository/org/apache/ratis/ratis-metrics-api/3.0.1/ratis-metrics-api-3.0.1.jar:/home/runner/.m2/repository/org/apache/ratis/ratis-metrics-dropwizard3/3.0.1/ratis-metrics-dropwizard3-3.0.1.jar:/home/runner/.m2/repository/io/prometheus/simpleclient_dropwizard/0.16.0/simpleclient_dropwizard-0.16.0.jar:/home/runner/.m2/repository/io/prometheus/simpleclient/0.16.0/simpleclient-0.16.0.jar:/home/runner/.m2/repository/io/prometheus/simpleclient_common/0.16.0/simpleclient_common-0.16.0.jar:/home/runner/.m2/repository/com/fasterxml/jackson/datatype/jackson-datatype-jsr310/2.13.4/jackson-datatype-jsr310-2.13.4.jar:/home/runner/.m2/repository/com/fasterxml/jackson/core/jackson-core/2.13.4/jackson-core-2.13.4.jar:/home/runner/.m2/repository/org/apache/ozone/rocksdb-checkpoint-differ/1.5.0-SNAPSHOT/rocksdb-checkpoint-differ-1.5.0-SNAPSHOT.jar:/home/runner/.m2/repository/org/jgrapht/jgrapht-core/1.0.1/jgrapht-core-1.0.1.jar:/home/runner/.m2/repository/org/jgrapht/jgrapht-ext/1.0.1/jgrapht-ext-1.0.1.jar:/home/runner/.m2/repository/org/tinyjee/jgraphx/jgraphx/2.0.0.1/jgraphx-2.0.0.1.jar:/home/runner/.m2/repository/jgraph/jgraph/5.13.0.0/jgraph-5.13.0.0.jar:/home/runner/.m2/repository/org/antlr/antlr4-runtime/4.5.3/antlr4-runtime-4.5.3.jar:/home/runner/.m2/repository/org/apache/ozone/ozone-manager/1.5.0-SNAPSHOT/ozone-manager-1.5.0-SNAPSHOT.jar:/home/runner/.m2/repository/org/aspectj/aspectjrt/1.9.7/aspectjrt-1.9.7.jar:/home/runner/.m2/repository/org/aspectj/aspectjweaver/1.9.7/aspectjweaver-1.9.7.jar:/home/runner/.m2/repository/org/apache/ozone/hdds-interface-client/1.5.0-SNAPSHOT/hdds-interface-client-1.5.0-SNAPSHOT.jar:/home/runner/.m2/repository/org/apache/hadoop/thirdparty/hadoop-shaded-protobuf_3_7/1.1.1/hadoop-shaded-protobuf_3_7-1.1.1.jar:/home/runner/.m2/repository/org/apache/ozone/ozone-interface-storage/1.5.0-SNAPSHOT/ozone-interface-storage-1.5.0-SNAPSHOT.jar:/home/runner/.m2/repository/org/reflections/reflections/0.9.11/reflections-0.9.11.jar:/home/runner/.m2/repository/com/sun/jersey/jersey-client/1.19.4/jersey-client-1.19.4.jar:/home/runner/.m2/repository/org/codehaus/jackson/jackson-core-asl/1.9.13/jackson-core-asl-1.9.13.jar:/home/runner/.m2/repository/org/codehaus/jackson/jackson-mapper-asl/1.9.13/jackson-mapper-asl-1.9.13.jar:/home/runner/.m2/repository/org/codehaus/jackson/jackson-jaxrs/1.9.13/jackson-jaxrs-1.9.13.jar:/home/runner/.m2/repository/org/apache/ranger/ranger-intg/2.3.0/ranger-intg-2.3.0.jar:/home/runner/.m2/repository/org/apache/ranger/ranger-plugins-common/2.3.0/ranger-plugins-common-2.3.0.jar:/home/runner/.m2/repository/commons-lang/commons-lang/2.6/commons-lang-2.6.jar:/home/runner/.m2/repository/org/apache/ranger/ranger-plugins-cred/2.3.0/ranger-plugins-cred-2.3.0.jar:/home/runner/.m2/repository/org/apache/ranger/ranger-plugins-audit/2.3.0/ranger-plugins-audit-2.3.0.jar:/home/runner/.m2/repository/org/eclipse/jetty/jetty-client/9.4.53.v20231009/jetty-client-9.4.53.v20231009.jar:/home/runner/.m2/repository/org/apache/httpcomponents/httpmime/4.5.6/httpmime-4.5.6.jar:/home/runner/.m2/repository/org/apache/httpcomponents/httpcore-nio/4.4.16/httpcore-nio-4.4.16.jar:/home/runner/.m2/repository/org/apache/httpcomponents/httpasyncclient/4.1.3/httpasyncclient-4.1.3.jar:/home/runner/.m2/repository/com/carrotsearch/hppc/0.8.0/hppc-0.8.0.jar:/home/runner/.m2/repository/org/apache/orc/orc-core/1.5.8/orc-core-1.5.8.jar:/home/runner/.m2/repository/net/java/dev/jna/jna/5.2.0/jna-5.2.0.jar:/home/runner/.m2/repository/net/java/dev/jna/jna-platform/5.2.0/jna-platform-5.2.0.jar:/home/runner/.m2/repository/com/kstruct/gethostname4j/0.0.2/gethostname4j-0.0.2.jar:/home/runner/.m2/repository/org/apache/ranger/ranger-plugin-classloader/2.3.0/ranger-plugin-classloader-2.3.0.jar:/home/runner/.m2/repository/org/apache/ozone/hdds-rocks-native/1.5.0-SNAPSHOT/hdds-rocks-native-1.5.0-SNAPSHOT.jar:/home/runner/.m2/repository/org/apache/hadoop/hadoop-minikdc/3.3.6/hadoop-minikdc-3.3.6.jar:/home/runner/.m2/repository/org/apache/kerby/kerb-simplekdc/1.0.1/kerb-simplekdc-1.0.1.jar:/home/runner/.m2/repository/org/apache/kerby/kerb-client/1.0.1/kerb-client-1.0.1.jar:/home/runner/.m2/repository/org/apache/kerby/kerby-config/1.0.1/kerby-config-1.0.1.jar:/home/runner/.m2/repository/org/apache/kerby/kerb-common/1.0.1/kerb-common-1.0.1.jar:/home/runner/.m2/repository/org/apache/kerby/kerb-crypto/1.0.1/kerb-crypto-1.0.1.jar:/home/runner/.m2/repository/org/apache/kerby/kerb-util/1.0.1/kerb-util-1.0.1.jar:/home/runner/.m2/repository/org/apache/kerby/token-provider/1.0.1/token-provider-1.0.1.jar:/home/runner/.m2/repository/org/apache/kerby/kerb-admin/1.0.1/kerb-admin-1.0.1.jar:/home/runner/.m2/repository/org/apache/kerby/kerb-server/1.0.1/kerb-server-1.0.1.jar:/home/runner/.m2/repository/org/apache/kerby/kerb-identity/1.0.1/kerb-identity-1.0.1.jar:/home/runner/.m2/repository/org/apache/kerby/kerby-xdr/1.0.1/kerby-xdr-1.0.1.jar:/home/runner/.m2/repository/junit/junit/4.13.2/junit-4.13.2.jar:/home/runner/.m2/repository/org/hamcrest/hamcrest-core/1.3/hamcrest-core-1.3.jar:/home/runner/.m2/repository/org/apache/ozone/ozone-s3gateway/1.5.0-SNAPSHOT/ozone-s3gateway-1.5.0-SNAPSHOT.jar:/home/runner/.m2/repository/org/javassist/javassist/3.21.0-GA/javassist-3.21.0-GA.jar:/home/runner/.m2/repository/org/jboss/weld/servlet/weld-servlet-shaded/3.1.9.Final/weld-servlet-shaded-3.1.9.Final.jar:/home/runner/.m2/repository/org/glassfish/jersey/containers/jersey-container-servlet-core/2.41/jersey-container-servlet-core-2.41.jar:/home/runner/.m2/repository/org/glassfish/hk2/external/jakarta.inject/2.6.1/jakarta.inject-2.6.1.jar:/home/runner/.m2/repository/org/glassfish/jersey/core/jersey-common/2.41/jersey-common-2.41.jar:/home/runner/.m2/repository/jakarta/ws/rs/jakarta.ws.rs-api/2.1.6/jakarta.ws.rs-api-2.1.6.jar:/home/runner/.m2/repository/org/glassfish/jersey/ext/cdi/jersey-cdi1x/2.41/jersey-cdi1x-2.41.jar:/home/runner/.m2/repository/org/glassfish/jersey/inject/jersey-hk2/2.41/jersey-hk2-2.41.jar:/home/runner/.m2/repository/org/glassfish/hk2/hk2-locator/2.6.1/hk2-locator-2.6.1.jar:/home/runner/.m2/repository/org/glassfish/jersey/media/jersey-media-jaxb/2.41/jersey-media-jaxb-2.41.jar:/home/runner/.m2/repository/org/glassfish/hk2/osgi-resource-locator/1.0.3/osgi-resource-locator-1.0.3.jar:/home/runner/.m2/repository/org/glassfish/hk2/hk2-api/2.6.1/hk2-api-2.6.1.jar:/home/runner/.m2/repository/org/glassfish/hk2/hk2-utils/2.6.1/hk2-utils-2.6.1.jar:/home/runner/.m2/repository/org/glassfish/hk2/external/aopalliance-repackaged/2.6.1/aopalliance-repackaged-2.6.1.jar:/home/runner/.m2/repository/com/fasterxml/jackson/dataformat/jackson-dataformat-xml/2.13.4/jackson-dataformat-xml-2.13.4.jar:/home/runner/.m2/repository/org/codehaus/woodstox/stax2-api/4.2.2/stax2-api-4.2.2.jar:/home/runner/.m2/repository/com/fasterxml/woodstox/woodstox-core/5.4.0/woodstox-core-5.4.0.jar:/home/runner/.m2/repository/com/fasterxml/jackson/module/jackson-module-jaxb-annotations/2.13.4/jackson-module-jaxb-annotations-2.13.4.jar:/home/runner/.m2/repository/javax/enterprise/cdi-api/2.0/cdi-api-2.0.jar:/home/runner/.m2/repository/javax/el/javax.el-api/3.0.0/javax.el-api-3.0.0.jar:/home/runner/.m2/repository/javax/interceptor/javax.interceptor-api/1.2/javax.interceptor-api-1.2.jar:/home/runner/.m2/repository/javax/inject/javax.inject/1/javax.inject-1.jar:/home/runner/.m2/repository/jakarta/xml/bind/jakarta.xml.bind-api/2.3.3/jakarta.xml.bind-api-2.3.3.jar:/home/runner/.m2/repository/org/glassfish/jaxb/jaxb-runtime/2.3.9/jaxb-runtime-2.3.9.jar:/home/runner/.m2/repository/org/glassfish/jaxb/txw2/2.3.9/txw2-2.3.9.jar:/home/runner/.m2/repository/com/sun/istack/istack-commons-runtime/3.0.12/istack-commons-runtime-3.0.12.jar:/home/runner/.m2/repository/com/sun/activation/jakarta.activation/1.2.2/jakarta.activation-1.2.2.jar:/home/runner/.m2/repository/jakarta/activation/jakarta.activation-api/1.2.2/jakarta.activation-api-1.2.2.jar:/home/runner/.m2/repository/io/grpc/grpc-protobuf/1.58.0/grpc-protobuf-1.58.0.jar:/home/runner/.m2/repository/com/google/api/grpc/proto-google-common-protos/2.22.0/proto-google-common-protos-2.22.0.jar:/home/runner/.m2/repository/io/grpc/grpc-protobuf-lite/1.58.0/grpc-protobuf-lite-1.58.0.jar:/home/runner/.m2/repository/io/grpc/grpc-stub/1.58.0/grpc-stub-1.58.0.jar:/home/runner/.m2/repository/io/netty/netty-transport/4.1.100.Final/netty-transport-4.1.100.Final.jar:/home/runner/.m2/repository/io/netty/netty-resolver/4.1.100.Final/netty-resolver-4.1.100.Final.jar:/home/runner/.m2/repository/org/apache/ozone/ozone-csi/1.5.0-SNAPSHOT/ozone-csi-1.5.0-SNAPSHOT.jar:/home/runner/.m2/repository/com/google/protobuf/protobuf-java-util/3.19.6/protobuf-java-util-3.19.6.jar:/home/runner/.m2/repository/com/google/code/gson/gson/2.9.0/gson-2.9.0.jar:/home/runner/.m2/repository/org/apache/ozone/hdds-config/1.5.0-SNAPSHOT/hdds-config-1.5.0-SNAPSHOT.jar:/home/runner/.m2/repository/io/netty/netty-transport-native-epoll/4.1.100.Final/netty-transport-native-epoll-4.1.100.Final-linux-x86_64.jar:/home/runner/.m2/repository/io/netty/netty-transport-classes-epoll/4.1.100.Final/netty-transport-classes-epoll-4.1.100.Final.jar:/home/runner/.m2/repository/io/netty/netty-transport-native-unix-common/4.1.100.Final/netty-transport-native-unix-common-4.1.100.Final.jar:/home/runner/.m2/repository/org/apache/ozone/ozone-recon/1.5.0-SNAPSHOT/ozone-recon-1.5.0-SNAPSHOT.jar:/home/runner/.m2/repository/org/apache/ozone/ozone-reconcodegen/1.5.0-SNAPSHOT/ozone-reconcodegen-1.5.0-SNAPSHOT.jar:/home/runner/.m2/repository/com/google/inject/guice/6.0.0/guice-6.0.0.jar:/home/runner/.m2/repository/jakarta/inject/jakarta.inject-api/2.0.1/jakarta.inject-api-2.0.1.jar:/home/runner/.m2/repository/aopalliance/aopalliance/1.0/aopalliance-1.0.jar:/home/runner/.m2/repository/com/google/inject/extensions/guice-assistedinject/6.0.0/guice-assistedinject-6.0.0.jar:/home/runner/.m2/repository/com/google/inject/extensions/guice-servlet/6.0.0/guice-servlet-6.0.0.jar:/home/runner/.m2/repository/org/glassfish/jersey/containers/jersey-container-servlet/2.41/jersey-container-servlet-2.41.jar:/home/runner/.m2/repository/org/glassfish/hk2/guice-bridge/2.6.1/guice-bridge-2.6.1.jar:/home/runner/.m2/repository/org/glassfish/jersey/core/jersey-server/2.41/jersey-server-2.41.jar:/home/runner/.m2/repository/org/glassfish/jersey/core/jersey-client/2.41/jersey-client-2.41.jar:/home/runner/.m2/repository/jakarta/validation/jakarta.validation-api/2.0.2/jakarta.validation-api-2.0.2.jar:/home/runner/.m2/repository/org/glassfish/jersey/media/jersey-media-json-jackson/2.41/jersey-media-json-jackson-2.41.jar:/home/runner/.m2/repository/org/glassfish/jersey/ext/jersey-entity-filtering/2.41/jersey-entity-filtering-2.41.jar:/home/runner/.m2/repository/org/jooq/jooq/3.11.10/jooq-3.11.10.jar:/home/runner/.m2/repository/org/jooq/jooq-meta/3.11.10/jooq-meta-3.11.10.jar:/home/runner/.m2/repository/org/jooq/jooq-codegen/3.11.10/jooq-codegen-3.11.10.jar:/home/runner/.m2/repository/com/jolbox/bonecp/0.8.0.RELEASE/bonecp-0.8.0.RELEASE.jar:/home/runner/.m2/repository/org/apache/derby/derby/10.14.2.0/derby-10.14.2.0.jar:/home/runner/.m2/repository/org/xerial/sqlite-jdbc/3.44.1.0/sqlite-jdbc-3.44.1.0.jar:/home/runner/.m2/repository/org/springframework/spring-jdbc/5.3.27/spring-jdbc-5.3.27.jar:/home/runner/.m2/repository/org/springframework/spring-beans/5.3.27/spring-beans-5.3.27.jar:/home/runner/.m2/repository/org/springframework/spring-core/5.3.27/spring-core-5.3.27.jar:/home/runner/.m2/repository/org/springframework/spring-tx/5.3.27/spring-tx-5.3.27.jar:/home/runner/.m2/repository/org/apache/ozone/ozone-client/1.5.0-SNAPSHOT/ozone-client-1.5.0-SNAPSHOT.jar:/home/runner/.m2/repository/org/apache/ozone/hdds-erasurecode/1.5.0-SNAPSHOT/hdds-erasurecode-1.5.0-SNAPSHOT.jar:/home/runner/.m2/repository/org/apache/ozone/ozone-filesystem/1.5.0-SNAPSHOT/ozone-filesystem-1.5.0-SNAPSHOT.jar:/home/runner/.m2/repository/org/apache/ozone/ozone-filesystem-common/1.5.0-SNAPSHOT/ozone-filesystem-common-1.5.0-SNAPSHOT.jar:/home/runner/.m2/repository/org/apache/ozone/ozone-tools/1.5.0-SNAPSHOT/ozone-tools-1.5.0-SNAPSHOT.jar:/home/runner/.m2/repository/com/amazonaws/aws-java-sdk-core/1.12.661/aws-java-sdk-core-1.12.661.jar:/home/runner/.m2/repository/org/apache/httpcomponents/httpclient/4.5.14/httpclient-4.5.14.jar:/home/runner/.m2/repository/org/apache/httpcomponents/httpcore/4.4.16/httpcore-4.4.16.jar:/home/runner/.m2/repository/com/fasterxml/jackson/dataformat/jackson-dataformat-cbor/2.13.4/jackson-dataformat-cbor-2.13.4.jar:/home/runner/.m2/repository/joda-time/joda-time/2.12.7/joda-time-2.12.7.jar:/home/runner/.m2/repository/com/amazonaws/aws-java-sdk-s3/1.12.661/aws-java-sdk-s3-1.12.661.jar:/home/runner/.m2/repository/com/amazonaws/aws-java-sdk-kms/1.12.661/aws-java-sdk-kms-1.12.661.jar:/home/runner/.m2/repository/com/amazonaws/jmespath-java/1.12.661/jmespath-java-1.12.661.jar:/home/runner/.m2/repository/org/kohsuke/metainf-services/metainf-services/1.8/metainf-services-1.8.jar:/home/runner/.m2/repository/org/apache/ozone/hdds-tools/1.5.0-SNAPSHOT/hdds-tools-1.5.0-SNAPSHOT.jar:/home/runner/.m2/repository/org/apache/ratis/ratis-tools/3.0.1/ratis-tools-3.0.1.jar:/home/runner/.m2/repository/commons-cli/commons-cli/1.6.0/commons-cli-1.6.0.jar:/home/runner/.m2/repository/org/apache/commons/commons-lang3/3.14.0/commons-lang3-3.14.0.jar:/home/runner/.m2/repository/org/apache/ozone/ozone-manager/1.5.0-SNAPSHOT/ozone-manager-1.5.0-SNAPSHOT-tests.jar:/home/runner/.m2/repository/org/apache/ozone/hdds-common/1.5.0-SNAPSHOT/hdds-common-1.5.0-SNAPSHOT-tests.jar:/home/runner/.m2/repository/org/apache/ozone/hdds-hadoop-dependency-client/1.5.0-SNAPSHOT/hdds-hadoop-dependency-client-1.5.0-SNAPSHOT.jar:/home/runner/.m2/repository/info/picocli/picocli/4.7.5/picocli-4.7.5.jar:/home/runner/.m2/repository/com/fasterxml/jackson/core/jackson-annotations/2.13.4/jackson-annotations-2.13.4.jar:/home/runner/.m2/repository/org/apache/ozone/hdds-annotation-processing/1.5.0-SNAPSHOT/hdds-annotation-processing-1.5.0-SNAPSHOT.jar:/home/runner/.m2/repository/javax/annotation/javax.annotation-api/1.3.2/javax.annotation-api-1.3.2.jar:/home/runner/.m2/repository/org/apache/ratis/ratis-netty/3.0.1/ratis-netty-3.0.1.jar:/home/runner/.m2/repository/org/apache/ratis/ratis-grpc/3.0.1/ratis-grpc-3.0.1.jar:/home/runner/.m2/repository/org/apache/commons/commons-pool2/2.6.0/commons-pool2-2.6.0.jar:/home/runner/.m2/repository/org/bouncycastle/bcpkix-jdk18on/1.77/bcpkix-jdk18on-1.77.jar:/home/runner/.m2/repository/org/bouncycastle/bcutil-jdk18on/1.77/bcutil-jdk18on-1.77.jar:/home/runner/.m2/repository/commons-validator/commons-validator/1.6/commons-validator-1.6.jar:/home/runner/.m2/repository/commons-beanutils/commons-beanutils/1.9.4/commons-beanutils-1.9.4.jar:/home/runner/.m2/repository/commons-digester/commons-digester/1.8.1/commons-digester-1.8.1.jar:/home/runner/.m2/repository/commons-collections/commons-collections/3.2.2/commons-collections-3.2.2.jar:/home/runner/.m2/repository/io/jaegertracing/jaeger-client/1.8.1/jaeger-client-1.8.1.jar:/home/runner/.m2/repository/io/jaegertracing/jaeger-thrift/1.8.1/jaeger-thrift-1.8.1.jar:/home/runner/.m2/repository/org/apache/thrift/libthrift/0.15.0/libthrift-0.15.0.jar:/home/runner/.m2/repository/io/jaegertracing/jaeger-core/1.8.1/jaeger-core-1.8.1.jar:/home/runner/.m2/repository/io/jaegertracing/jaeger-tracerresolver/1.8.1/jaeger-tracerresolver-1.8.1.jar:/home/runner/.m2/repository/io/opentracing/contrib/opentracing-tracerresolver/0.1.8/opentracing-tracerresolver-0.1.8.jar:/home/runner/.m2/repository/org/jetbrains/kotlin/kotlin-stdlib/1.9.22/kotlin-stdlib-1.9.22.jar:/home/runner/.m2/repository/org/jetbrains/annotations/13.0/annotations-13.0.jar:/home/runner/.m2/repository/io/opentracing/opentracing-util/0.33.0/opentracing-util-0.33.0.jar:/home/runner/.m2/repository/io/opentracing/opentracing-api/0.33.0/opentracing-api-0.33.0.jar:/home/runner/.m2/repository/io/opentracing/opentracing-noop/0.33.0/opentracing-noop-0.33.0.jar:/home/runner/.m2/repository/org/yaml/snakeyaml/2.0/snakeyaml-2.0.jar:/home/runner/.m2/repository/io/grpc/grpc-api/1.58.0/grpc-api-1.58.0.jar:/home/runner/.m2/repository/org/junit/jupiter/junit-jupiter-engine/5.10.1/junit-jupiter-engine-5.10.1.jar:/home/runner/.m2/repository/org/junit/platform/junit-platform-engine/1.10.1/junit-platform-engine-1.10.1.jar:/home/runner/.m2/repository/org/apiguardian/apiguardian-api/1.1.2/apiguardian-api-1.1.2.jar:/home/runner/.m2/repository/org/junit/platform/junit-platform-launcher/1.10.1/junit-platform-launcher-1.10.1.jar:/home/runner/.m2/repository/org/apache/hadoop/hadoop-kms/3.3.6/hadoop-kms-3.3.6.jar:/home/runner/.m2/repository/org/apache/hadoop/hadoop-auth/3.3.6/hadoop-auth-3.3.6.jar:/home/runner/.m2/repository/com/nimbusds/nimbus-jose-jwt/9.8.1/nimbus-jose-jwt-9.8.1.jar:/home/runner/.m2/repository/com/github/stephenc/jcip/jcip-annotations/1.0-1/jcip-annotations-1.0-1.jar:/home/runner/.m2/repository/org/apache/zookeeper/zookeeper/3.7.2/zookeeper-3.7.2.jar:/home/runner/.m2/repository/org/apache/zookeeper/zookeeper-jute/3.7.2/zookeeper-jute-3.7.2.jar:/home/runner/.m2/repository/org/apache/yetus/audience-annotations/0.12.0/audience-annotations-0.12.0.jar:/home/runner/.m2/repository/org/apache/curator/curator-framework/4.2.0/curator-framework-4.2.0.jar:/home/runner/.m2/repository/org/apache/hadoop/thirdparty/hadoop-shaded-guava/1.1.1/hadoop-shaded-guava-1.1.1.jar:/home/runner/.m2/repository/com/sun/jersey/jersey-core/1.19.4/jersey-core-1.19.4.jar:/home/runner/.m2/repository/javax/ws/rs/jsr311-api/1.1.1/jsr311-api-1.1.1.jar:/home/runner/.m2/repository/com/sun/jersey/jersey-server/1.19.4/jersey-server-1.19.4.jar:/home/runner/.m2/repository/javax/servlet/javax.servlet-api/3.1.0/javax.servlet-api-3.1.0.jar:/home/runner/.m2/repository/org/apache/hadoop/hadoop-common/3.3.6/hadoop-common-3.3.6.jar:/home/runner/.m2/repository/org/apache/commons/commons-math3/3.6.1/commons-math3-3.6.1.jar:/home/runner/.m2/repository/commons-net/commons-net/3.10.0/commons-net-3.10.0.jar:/home/runner/.m2/repository/com/sun/jersey/jersey-servlet/1.19.4/jersey-servlet-1.19.4.jar:/home/runner/.m2/repository/com/github/pjfanning/jersey-json/1.20/jersey-json-1.20.jar:/home/runner/.m2/repository/org/codehaus/jettison/jettison/1.1/jettison-1.1.jar:/home/runner/.m2/repository/com/sun/xml/bind/jaxb-impl/2.2.3-1/jaxb-impl-2.2.3-1.jar:/home/runner/.m2/repository/com/google/re2j/re2j/1.7/re2j-1.7.jar:/home/runner/.m2/repository/com/jcraft/jsch/0.1.54/jsch-0.1.54.jar:/home/runner/.m2/repository/org/apache/curator/curator-client/4.2.0/curator-client-4.2.0.jar:/home/runner/.m2/repository/org/apache/curator/curator-recipes/5.2.0/curator-recipes-5.2.0.jar:/home/runner/.m2/repository/com/google/code/findbugs/jsr305/3.0.2/jsr305-3.0.2.jar:/home/runner/.m2/repository/org/apache/kerby/kerb-core/1.0.1/kerb-core-1.0.1.jar:/home/runner/.m2/repository/org/apache/kerby/kerby-pkix/1.0.1/kerby-pkix-1.0.1.jar:/home/runner/.m2/repository/org/apache/kerby/kerby-asn1/1.0.1/kerby-asn1-1.0.1.jar:/home/runner/.m2/repository/org/apache/kerby/kerby-util/1.0.1/kerby-util-1.0.1.jar:/home/runner/.m2/repository/dnsjava/dnsjava/2.1.7/dnsjava-2.1.7.jar:/home/runner/.m2/repository/org/xerial/snappy/snappy-java/1.1.8.2/snappy-java-1.1.8.2.jar:/home/runner/.m2/repository/com/fasterxml/jackson/core/jackson-databind/2.13.4.2/jackson-databind-2.13.4.2.jar:/home/runner/.m2/repository/org/apache/hadoop/hadoop-kms/3.3.6/hadoop-kms-3.3.6-tests.jar:/home/runner/.m2/repository/org/apache/ozone/hdds-server-scm/1.5.0-SNAPSHOT/hdds-server-scm-1.5.0-SNAPSHOT-tests.jar:/home/runner/.m2/repository/org/apache/ozone/hdds-container-service/1.5.0-SNAPSHOT/hdds-container-service-1.5.0-SNAPSHOT-tests.jar:/home/runner/.m2/repository/com/github/luben/zstd-jni/1.5.2-5/zstd-jni-1.5.2-5.jar:/home/runner/.m2/repository/commons-codec/commons-codec/1.15/commons-codec-1.15.jar:/home/runner/.m2/repository/io/netty/netty-codec/4.1.100.Final/netty-codec-4.1.100.Final.jar:/home/runner/.m2/repository/io/netty/netty-handler/4.1.100.Final/netty-handler-4.1.100.Final.jar:/home/runner/.m2/repository/org/apache/ozone/hdds-hadoop-dependency-test/1.5.0-SNAPSHOT/hdds-hadoop-dependency-test-1.5.0-SNAPSHOT.jar:/home/runner/.m2/repository/org/apache/hadoop/hadoop-common/3.3.6/hadoop-common-3.3.6-tests.jar:/home/runner/.m2/repository/org/apache/hadoop/hadoop-hdfs/3.3.6/hadoop-hdfs-3.3.6-tests.jar:/home/runner/.m2/repository/org/junit/jupiter/junit-jupiter-params/5.10.1/junit-jupiter-params-5.10.1.jar:/home/runner/.m2/repository/org/mockito/mockito-core/4.11.0/mockito-core-4.11.0.jar:/home/runner/.m2/repository/net/bytebuddy/byte-buddy/1.12.19/byte-buddy-1.12.19.jar:/home/runner/.m2/repository/net/bytebuddy/byte-buddy-agent/1.12.19/byte-buddy-agent-1.12.19.jar:/home/runner/.m2/repository/org/objenesis/objenesis/1.0/objenesis-1.0.jar:/home/runner/.m2/repository/org/mockito/mockito-junit-jupiter/4.11.0/mockito-junit-jupiter-4.11.0.jar:/home/runner/.m2/repository/org/apache/hadoop/hadoop-distcp/3.3.6/hadoop-distcp-3.3.6.jar:/home/runner/.m2/repository/org/apache/hadoop/hadoop-mapreduce-client-jobclient/3.3.6/hadoop-mapreduce-client-jobclient-3.3.6.jar:/home/runner/.m2/repository/org/apache/hadoop/hadoop-mapreduce-client-common/3.3.6/hadoop-mapreduce-client-common-3.3.6.jar:/home/runner/.m2/repository/org/apache/hadoop/hadoop-yarn-common/3.3.6/hadoop-yarn-common-3.3.6.jar:/home/runner/.m2/repository/org/apache/hadoop/hadoop-yarn-api/3.3.6/hadoop-yarn-api-3.3.6.jar:/home/runner/.m2/repository/javax/xml/bind/jaxb-api/2.2.11/jaxb-api-2.2.11.jar:/home/runner/.m2/repository/com/sun/jersey/contribs/jersey-guice/1.19.4/jersey-guice-1.19.4.jar:/home/runner/.m2/repository/com/fasterxml/jackson/jaxrs/jackson-jaxrs-json-provider/2.13.4/jackson-jaxrs-json-provider-2.13.4.jar:/home/runner/.m2/repository/com/fasterxml/jackson/jaxrs/jackson-jaxrs-base/2.13.4/jackson-jaxrs-base-2.13.4.jar:/home/runner/.m2/repository/org/apache/hadoop/hadoop-yarn-client/3.3.6/hadoop-yarn-client-3.3.6.jar:/home/runner/.m2/repository/org/eclipse/jetty/websocket/websocket-client/9.4.51.v20230217/websocket-client-9.4.51.v20230217.jar:/home/runner/.m2/repository/org/eclipse/jetty/websocket/websocket-common/9.4.51.v20230217/websocket-common-9.4.51.v20230217.jar:/home/runner/.m2/repository/org/eclipse/jetty/websocket/websocket-api/9.4.51.v20230217/websocket-api-9.4.51.v20230217.jar:/home/runner/.m2/repository/org/jline/jline/3.9.0/jline-3.9.0.jar:/home/runner/.m2/repository/org/apache/hadoop/hadoop-mapreduce-client-core/3.3.6/hadoop-mapreduce-client-core-3.3.6.jar:/home/runner/.m2/repository/org/apache/avro/avro/1.7.7/avro-1.7.7.jar:/home/runner/.m2/repository/com/thoughtworks/paranamer/paranamer/2.3/paranamer-2.3.jar:/home/runner/.m2/repository/org/apache/hadoop/hadoop-annotations/3.3.6/hadoop-annotations-3.3.6.jar:/usr/lib/jvm/temurin-8-jdk-amd64/jre/../lib/tools.jar:/home/runner/.m2/repository/io/netty/netty/3.10.6.Final/netty-3.10.6.Final.jar:/home/runner/.m2/repository/org/apache/hadoop/hadoop-distcp/3.3.6/hadoop-distcp-3.3.6-tests.jar:/home/runner/.m2/repository/org/hamcrest/hamcrest/2.2/hamcrest-2.2.jar:/home/runner/.m2/repository/org/slf4j/jul-to-slf4j/2.0.12/jul-to-slf4j-2.0.12.jar:/home/runner/work/ozone/ozone/hadoop-ozone/integration-test/target/gradle-enterprise/test-listeners.jar:"/>
    <property name="java.vm.vendor" value="Temurin"/>
    <property name="sun.arch.data.model" value="64"/>
    <property name="test.build.dir" value="/home/runner/work/ozone/ozone/hadoop-ozone/integration-test/target/test-dir"/>
    <property name="test.cache.data" value=""/>
    <property name="java.vendor.url" value="https://adoptium.net/"/>
    <property name="user.timezone" value="Etc/UTC"/>
    <property name="maven-surefire-plugin.argLineAccessArgs" value=""/>
    <property name="os.name" value="Linux"/>
    <property name="java.vm.specification.version" value="1.8"/>
    <property name="test.build.data" value="/home/runner/work/ozone/ozone/hadoop-ozone/integration-test/target/test-dir"/>
    <property name="sun.java.launcher" value="SUN_STANDARD"/>
    <property name="sun.boot.library.path" value="/usr/lib/jvm/temurin-8-jdk-amd64/jre/lib/amd64"/>
    <property name="sun.java.command" value="/home/runner/work/ozone/ozone/hadoop-ozone/integration-test/target/surefire/surefirebooter7288280638245680943.jar /home/runner/work/ozone/ozone/hadoop-ozone/integration-test/target/surefire 2024-03-04T12-40-52_076-jvmRun1 surefire7843028005640820071tmp surefire_55402690833051461726tmp"/>
    <property name="native.lib.tmp.dir" value="/tmp"/>
    <property name="surefire.test.class.path" value="/home/runner/work/ozone/ozone/hadoop-ozone/integration-test/target/test-classes:/home/runner/work/ozone/ozone/hadoop-ozone/integration-test/target/classes:/home/runner/.m2/repository/org/apache/ozone/ozone-common/1.5.0-SNAPSHOT/ozone-common-1.5.0-SNAPSHOT.jar:/home/runner/.m2/repository/io/grpc/grpc-netty/1.58.0/grpc-netty-1.58.0.jar:/home/runner/.m2/repository/io/grpc/grpc-core/1.58.0/grpc-core-1.58.0.jar:/home/runner/.m2/repository/com/google/android/annotations/4.1.1.4/annotations-4.1.1.4.jar:/home/runner/.m2/repository/org/codehaus/mojo/animal-sniffer-annotations/1.23/animal-sniffer-annotations-1.23.jar:/home/runner/.m2/repository/io/grpc/grpc-context/1.58.0/grpc-context-1.58.0.jar:/home/runner/.m2/repository/io/grpc/grpc-util/1.58.0/grpc-util-1.58.0.jar:/home/runner/.m2/repository/com/google/errorprone/error_prone_annotations/2.2.0/error_prone_annotations-2.2.0.jar:/home/runner/.m2/repository/io/perfmark/perfmark-api/0.26.0/perfmark-api-0.26.0.jar:/home/runner/.m2/repository/io/netty/netty-codec-http2/4.1.100.Final/netty-codec-http2-4.1.100.Final.jar:/home/runner/.m2/repository/io/netty/netty-common/4.1.100.Final/netty-common-4.1.100.Final.jar:/home/runner/.m2/repository/io/netty/netty-buffer/4.1.100.Final/netty-buffer-4.1.100.Final.jar:/home/runner/.m2/repository/io/netty/netty-codec-http/4.1.100.Final/netty-codec-http-4.1.100.Final.jar:/home/runner/.m2/repository/io/netty/netty-handler-proxy/4.1.100.Final/netty-handler-proxy-4.1.100.Final.jar:/home/runner/.m2/repository/io/netty/netty-codec-socks/4.1.100.Final/netty-codec-socks-4.1.100.Final.jar:/home/runner/.m2/repository/io/netty/netty-tcnative-boringssl-static/2.0.61.Final/netty-tcnative-boringssl-static-2.0.61.Final.jar:/home/runner/.m2/repository/io/netty/netty-tcnative-classes/2.0.61.Final/netty-tcnative-classes-2.0.61.Final.jar:/home/runner/.m2/repository/io/netty/netty-tcnative-boringssl-static/2.0.61.Final/netty-tcnative-boringssl-static-2.0.61.Final-linux-x86_64.jar:/home/runner/.m2/repository/io/netty/netty-tcnative-boringssl-static/2.0.61.Final/netty-tcnative-boringssl-static-2.0.61.Final-linux-aarch_64.jar:/home/runner/.m2/repository/io/netty/netty-tcnative-boringssl-static/2.0.61.Final/netty-tcnative-boringssl-static-2.0.61.Final-osx-x86_64.jar:/home/runner/.m2/repository/io/netty/netty-tcnative-boringssl-static/2.0.61.Final/netty-tcnative-boringssl-static-2.0.61.Final-osx-aarch_64.jar:/home/runner/.m2/repository/io/netty/netty-tcnative-boringssl-static/2.0.61.Final/netty-tcnative-boringssl-static-2.0.61.Final-windows-x86_64.jar:/home/runner/.m2/repository/org/apache/commons/commons-compress/1.26.0/commons-compress-1.26.0.jar:/home/runner/.m2/repository/org/apache/ozone/hdds-common/1.5.0-SNAPSHOT/hdds-common-1.5.0-SNAPSHOT.jar:/home/runner/.m2/repository/org/apache/ozone/hdds-client/1.5.0-SNAPSHOT/hdds-client-1.5.0-SNAPSHOT.jar:/home/runner/.m2/repository/org/apache/ozone/ozone-interface-client/1.5.0-SNAPSHOT/ozone-interface-client-1.5.0-SNAPSHOT.jar:/home/runner/.m2/repository/org/apache/hadoop/hadoop-hdfs-client/3.3.6/hadoop-hdfs-client-3.3.6.jar:/home/runner/.m2/repository/com/squareup/okhttp3/okhttp/4.12.0/okhttp-4.12.0.jar:/home/runner/.m2/repository/com/squareup/okio/okio/3.6.0/okio-3.6.0.jar:/home/runner/.m2/repository/com/squareup/okio/okio-jvm/3.6.0/okio-jvm-3.6.0.jar:/home/runner/.m2/repository/org/jetbrains/kotlin/kotlin-stdlib-jdk8/1.9.22/kotlin-stdlib-jdk8-1.9.22.jar:/home/runner/.m2/repository/org/jetbrains/kotlin/kotlin-stdlib-jdk7/1.9.22/kotlin-stdlib-jdk7-1.9.22.jar:/home/runner/.m2/repository/org/jetbrains/kotlin/kotlin-stdlib-common/1.9.22/kotlin-stdlib-common-1.9.22.jar:/home/runner/.m2/repository/org/apache/ozone/hdds-test-utils/1.5.0-SNAPSHOT/hdds-test-utils-1.5.0-SNAPSHOT.jar:/home/runner/.m2/repository/org/assertj/assertj-core/3.12.2/assertj-core-3.12.2.jar:/home/runner/.m2/repository/com/google/guava/guava/32.0.0-jre/guava-32.0.0-jre.jar:/home/runner/.m2/repository/com/google/guava/failureaccess/1.0.1/failureaccess-1.0.1.jar:/home/runner/.m2/repository/com/google/guava/listenablefuture/9999.0-empty-to-avoid-conflict-with-guava/listenablefuture-9999.0-empty-to-avoid-conflict-with-guava.jar:/home/runner/.m2/repository/org/checkerframework/checker-qual/3.33.0/checker-qual-3.33.0.jar:/home/runner/.m2/repository/com/google/j2objc/j2objc-annotations/2.8/j2objc-annotations-2.8.jar:/home/runner/.m2/repository/commons-io/commons-io/2.15.1/commons-io-2.15.1.jar:/home/runner/.m2/repository/commons-logging/commons-logging/1.2/commons-logging-1.2.jar:/home/runner/.m2/repository/org/junit/jupiter/junit-jupiter-api/5.10.1/junit-jupiter-api-5.10.1.jar:/home/runner/.m2/repository/org/opentest4j/opentest4j/1.3.0/opentest4j-1.3.0.jar:/home/runner/.m2/repository/org/junit/platform/junit-platform-commons/1.10.1/junit-platform-commons-1.10.1.jar:/home/runner/.m2/repository/ch/qos/reload4j/reload4j/1.2.25/reload4j-1.2.25.jar:/home/runner/.m2/repository/jakarta/annotation/jakarta.annotation-api/2.1.1/jakarta.annotation-api-2.1.1.jar:/home/runner/.m2/repository/org/slf4j/slf4j-api/2.0.12/slf4j-api-2.0.12.jar:/home/runner/.m2/repository/org/apache/logging/log4j/log4j-api/2.17.1/log4j-api-2.17.1.jar:/home/runner/.m2/repository/org/apache/ozone/hdds-server-scm/1.5.0-SNAPSHOT/hdds-server-scm-1.5.0-SNAPSHOT.jar:/home/runner/.m2/repository/com/google/protobuf/protobuf-java/2.5.0/protobuf-java-2.5.0.jar:/home/runner/.m2/repository/org/apache/ozone/hdds-container-service/1.5.0-SNAPSHOT/hdds-container-service-1.5.0-SNAPSHOT.jar:/home/runner/.m2/repository/org/apache/ozone/hdds-hadoop-dependency-server/1.5.0-SNAPSHOT/hdds-hadoop-dependency-server-1.5.0-SNAPSHOT.jar:/home/runner/.m2/repository/org/apache/hadoop/hadoop-hdfs/3.3.6/hadoop-hdfs-3.3.6.jar:/home/runner/.m2/repository/commons-daemon/commons-daemon/1.0.13/commons-daemon-1.0.13.jar:/home/runner/.m2/repository/org/apache/ozone/hdds-server-framework/1.5.0-SNAPSHOT/hdds-server-framework-1.5.0-SNAPSHOT.jar:/home/runner/.m2/repository/org/bouncycastle/bcprov-jdk18on/1.77/bcprov-jdk18on-1.77.jar:/home/runner/.m2/repository/io/dropwizard/metrics/metrics-core/3.2.4/metrics-core-3.2.4.jar:/home/runner/.m2/repository/org/apache/commons/commons-text/1.11.0/commons-text-1.11.0.jar:/home/runner/.m2/repository/org/apache/ozone/hdds-server-framework/1.5.0-SNAPSHOT/hdds-server-framework-1.5.0-SNAPSHOT-tests.jar:/home/runner/.m2/repository/org/apache/ozone/hdds-interface-server/1.5.0-SNAPSHOT/hdds-interface-server-1.5.0-SNAPSHOT.jar:/home/runner/.m2/repository/org/apache/ozone/hdds-interface-admin/1.5.0-SNAPSHOT/hdds-interface-admin-1.5.0-SNAPSHOT.jar:/home/runner/.m2/repository/org/apache/ozone/hdds-managed-rocksdb/1.5.0-SNAPSHOT/hdds-managed-rocksdb-1.5.0-SNAPSHOT.jar:/home/runner/.m2/repository/org/rocksdb/rocksdbjni/7.7.3/rocksdbjni-7.7.3.jar:/home/runner/.m2/repository/org/slf4j/slf4j-reload4j/2.0.12/slf4j-reload4j-2.0.12.jar:/home/runner/.m2/repository/org/apache/commons/commons-configuration2/2.8.0/commons-configuration2-2.8.0.jar:/home/runner/.m2/repository/commons-fileupload/commons-fileupload/1.5/commons-fileupload-1.5.jar:/home/runner/.m2/repository/org/apache/logging/log4j/log4j-core/2.17.1/log4j-core-2.17.1.jar:/home/runner/.m2/repository/com/lmax/disruptor/3.4.2/disruptor-3.4.2.jar:/home/runner/.m2/repository/org/eclipse/jetty/jetty-util/9.4.53.v20231009/jetty-util-9.4.53.v20231009.jar:/home/runner/.m2/repository/org/eclipse/jetty/jetty-server/9.4.53.v20231009/jetty-server-9.4.53.v20231009.jar:/home/runner/.m2/repository/org/eclipse/jetty/jetty-http/9.4.53.v20231009/jetty-http-9.4.53.v20231009.jar:/home/runner/.m2/repository/org/eclipse/jetty/jetty-io/9.4.53.v20231009/jetty-io-9.4.53.v20231009.jar:/home/runner/.m2/repository/org/eclipse/jetty/jetty-servlet/9.4.53.v20231009/jetty-servlet-9.4.53.v20231009.jar:/home/runner/.m2/repository/org/eclipse/jetty/jetty-security/9.4.53.v20231009/jetty-security-9.4.53.v20231009.jar:/home/runner/.m2/repository/org/eclipse/jetty/jetty-util-ajax/9.4.53.v20231009/jetty-util-ajax-9.4.53.v20231009.jar:/home/runner/.m2/repository/org/eclipse/jetty/jetty-webapp/9.4.53.v20231009/jetty-webapp-9.4.53.v20231009.jar:/home/runner/.m2/repository/org/eclipse/jetty/jetty-xml/9.4.53.v20231009/jetty-xml-9.4.53.v20231009.jar:/home/runner/.m2/repository/org/apache/ratis/ratis-server/3.0.1/ratis-server-3.0.1.jar:/home/runner/.m2/repository/org/apache/ratis/ratis-thirdparty-misc/1.0.5/ratis-thirdparty-misc-1.0.5.jar:/home/runner/.m2/repository/org/apache/ratis/ratis-proto/3.0.1/ratis-proto-3.0.1.jar:/home/runner/.m2/repository/org/apache/ratis/ratis-common/3.0.1/ratis-common-3.0.1.jar:/home/runner/.m2/repository/org/apache/ratis/ratis-client/3.0.1/ratis-client-3.0.1.jar:/home/runner/.m2/repository/org/apache/ratis/ratis-server-api/3.0.1/ratis-server-api-3.0.1.jar:/home/runner/.m2/repository/org/apache/ratis/ratis-metrics-api/3.0.1/ratis-metrics-api-3.0.1.jar:/home/runner/.m2/repository/org/apache/ratis/ratis-metrics-dropwizard3/3.0.1/ratis-metrics-dropwizard3-3.0.1.jar:/home/runner/.m2/repository/io/prometheus/simpleclient_dropwizard/0.16.0/simpleclient_dropwizard-0.16.0.jar:/home/runner/.m2/repository/io/prometheus/simpleclient/0.16.0/simpleclient-0.16.0.jar:/home/runner/.m2/repository/io/prometheus/simpleclient_common/0.16.0/simpleclient_common-0.16.0.jar:/home/runner/.m2/repository/com/fasterxml/jackson/datatype/jackson-datatype-jsr310/2.13.4/jackson-datatype-jsr310-2.13.4.jar:/home/runner/.m2/repository/com/fasterxml/jackson/core/jackson-core/2.13.4/jackson-core-2.13.4.jar:/home/runner/.m2/repository/org/apache/ozone/rocksdb-checkpoint-differ/1.5.0-SNAPSHOT/rocksdb-checkpoint-differ-1.5.0-SNAPSHOT.jar:/home/runner/.m2/repository/org/jgrapht/jgrapht-core/1.0.1/jgrapht-core-1.0.1.jar:/home/runner/.m2/repository/org/jgrapht/jgrapht-ext/1.0.1/jgrapht-ext-1.0.1.jar:/home/runner/.m2/repository/org/tinyjee/jgraphx/jgraphx/2.0.0.1/jgraphx-2.0.0.1.jar:/home/runner/.m2/repository/jgraph/jgraph/5.13.0.0/jgraph-5.13.0.0.jar:/home/runner/.m2/repository/org/antlr/antlr4-runtime/4.5.3/antlr4-runtime-4.5.3.jar:/home/runner/.m2/repository/org/apache/ozone/ozone-manager/1.5.0-SNAPSHOT/ozone-manager-1.5.0-SNAPSHOT.jar:/home/runner/.m2/repository/org/aspectj/aspectjrt/1.9.7/aspectjrt-1.9.7.jar:/home/runner/.m2/repository/org/aspectj/aspectjweaver/1.9.7/aspectjweaver-1.9.7.jar:/home/runner/.m2/repository/org/apache/ozone/hdds-interface-client/1.5.0-SNAPSHOT/hdds-interface-client-1.5.0-SNAPSHOT.jar:/home/runner/.m2/repository/org/apache/hadoop/thirdparty/hadoop-shaded-protobuf_3_7/1.1.1/hadoop-shaded-protobuf_3_7-1.1.1.jar:/home/runner/.m2/repository/org/apache/ozone/ozone-interface-storage/1.5.0-SNAPSHOT/ozone-interface-storage-1.5.0-SNAPSHOT.jar:/home/runner/.m2/repository/org/reflections/reflections/0.9.11/reflections-0.9.11.jar:/home/runner/.m2/repository/com/sun/jersey/jersey-client/1.19.4/jersey-client-1.19.4.jar:/home/runner/.m2/repository/org/codehaus/jackson/jackson-core-asl/1.9.13/jackson-core-asl-1.9.13.jar:/home/runner/.m2/repository/org/codehaus/jackson/jackson-mapper-asl/1.9.13/jackson-mapper-asl-1.9.13.jar:/home/runner/.m2/repository/org/codehaus/jackson/jackson-jaxrs/1.9.13/jackson-jaxrs-1.9.13.jar:/home/runner/.m2/repository/org/apache/ranger/ranger-intg/2.3.0/ranger-intg-2.3.0.jar:/home/runner/.m2/repository/org/apache/ranger/ranger-plugins-common/2.3.0/ranger-plugins-common-2.3.0.jar:/home/runner/.m2/repository/commons-lang/commons-lang/2.6/commons-lang-2.6.jar:/home/runner/.m2/repository/org/apache/ranger/ranger-plugins-cred/2.3.0/ranger-plugins-cred-2.3.0.jar:/home/runner/.m2/repository/org/apache/ranger/ranger-plugins-audit/2.3.0/ranger-plugins-audit-2.3.0.jar:/home/runner/.m2/repository/org/eclipse/jetty/jetty-client/9.4.53.v20231009/jetty-client-9.4.53.v20231009.jar:/home/runner/.m2/repository/org/apache/httpcomponents/httpmime/4.5.6/httpmime-4.5.6.jar:/home/runner/.m2/repository/org/apache/httpcomponents/httpcore-nio/4.4.16/httpcore-nio-4.4.16.jar:/home/runner/.m2/repository/org/apache/httpcomponents/httpasyncclient/4.1.3/httpasyncclient-4.1.3.jar:/home/runner/.m2/repository/com/carrotsearch/hppc/0.8.0/hppc-0.8.0.jar:/home/runner/.m2/repository/org/apache/orc/orc-core/1.5.8/orc-core-1.5.8.jar:/home/runner/.m2/repository/net/java/dev/jna/jna/5.2.0/jna-5.2.0.jar:/home/runner/.m2/repository/net/java/dev/jna/jna-platform/5.2.0/jna-platform-5.2.0.jar:/home/runner/.m2/repository/com/kstruct/gethostname4j/0.0.2/gethostname4j-0.0.2.jar:/home/runner/.m2/repository/org/apache/ranger/ranger-plugin-classloader/2.3.0/ranger-plugin-classloader-2.3.0.jar:/home/runner/.m2/repository/org/apache/ozone/hdds-rocks-native/1.5.0-SNAPSHOT/hdds-rocks-native-1.5.0-SNAPSHOT.jar:/home/runner/.m2/repository/org/apache/hadoop/hadoop-minikdc/3.3.6/hadoop-minikdc-3.3.6.jar:/home/runner/.m2/repository/org/apache/kerby/kerb-simplekdc/1.0.1/kerb-simplekdc-1.0.1.jar:/home/runner/.m2/repository/org/apache/kerby/kerb-client/1.0.1/kerb-client-1.0.1.jar:/home/runner/.m2/repository/org/apache/kerby/kerby-config/1.0.1/kerby-config-1.0.1.jar:/home/runner/.m2/repository/org/apache/kerby/kerb-common/1.0.1/kerb-common-1.0.1.jar:/home/runner/.m2/repository/org/apache/kerby/kerb-crypto/1.0.1/kerb-crypto-1.0.1.jar:/home/runner/.m2/repository/org/apache/kerby/kerb-util/1.0.1/kerb-util-1.0.1.jar:/home/runner/.m2/repository/org/apache/kerby/token-provider/1.0.1/token-provider-1.0.1.jar:/home/runner/.m2/repository/org/apache/kerby/kerb-admin/1.0.1/kerb-admin-1.0.1.jar:/home/runner/.m2/repository/org/apache/kerby/kerb-server/1.0.1/kerb-server-1.0.1.jar:/home/runner/.m2/repository/org/apache/kerby/kerb-identity/1.0.1/kerb-identity-1.0.1.jar:/home/runner/.m2/repository/org/apache/kerby/kerby-xdr/1.0.1/kerby-xdr-1.0.1.jar:/home/runner/.m2/repository/junit/junit/4.13.2/junit-4.13.2.jar:/home/runner/.m2/repository/org/hamcrest/hamcrest-core/1.3/hamcrest-core-1.3.jar:/home/runner/.m2/repository/org/apache/ozone/ozone-s3gateway/1.5.0-SNAPSHOT/ozone-s3gateway-1.5.0-SNAPSHOT.jar:/home/runner/.m2/repository/org/javassist/javassist/3.21.0-GA/javassist-3.21.0-GA.jar:/home/runner/.m2/repository/org/jboss/weld/servlet/weld-servlet-shaded/3.1.9.Final/weld-servlet-shaded-3.1.9.Final.jar:/home/runner/.m2/repository/org/glassfish/jersey/containers/jersey-container-servlet-core/2.41/jersey-container-servlet-core-2.41.jar:/home/runner/.m2/repository/org/glassfish/hk2/external/jakarta.inject/2.6.1/jakarta.inject-2.6.1.jar:/home/runner/.m2/repository/org/glassfish/jersey/core/jersey-common/2.41/jersey-common-2.41.jar:/home/runner/.m2/repository/jakarta/ws/rs/jakarta.ws.rs-api/2.1.6/jakarta.ws.rs-api-2.1.6.jar:/home/runner/.m2/repository/org/glassfish/jersey/ext/cdi/jersey-cdi1x/2.41/jersey-cdi1x-2.41.jar:/home/runner/.m2/repository/org/glassfish/jersey/inject/jersey-hk2/2.41/jersey-hk2-2.41.jar:/home/runner/.m2/repository/org/glassfish/hk2/hk2-locator/2.6.1/hk2-locator-2.6.1.jar:/home/runner/.m2/repository/org/glassfish/jersey/media/jersey-media-jaxb/2.41/jersey-media-jaxb-2.41.jar:/home/runner/.m2/repository/org/glassfish/hk2/osgi-resource-locator/1.0.3/osgi-resource-locator-1.0.3.jar:/home/runner/.m2/repository/org/glassfish/hk2/hk2-api/2.6.1/hk2-api-2.6.1.jar:/home/runner/.m2/repository/org/glassfish/hk2/hk2-utils/2.6.1/hk2-utils-2.6.1.jar:/home/runner/.m2/repository/org/glassfish/hk2/external/aopalliance-repackaged/2.6.1/aopalliance-repackaged-2.6.1.jar:/home/runner/.m2/repository/com/fasterxml/jackson/dataformat/jackson-dataformat-xml/2.13.4/jackson-dataformat-xml-2.13.4.jar:/home/runner/.m2/repository/org/codehaus/woodstox/stax2-api/4.2.2/stax2-api-4.2.2.jar:/home/runner/.m2/repository/com/fasterxml/woodstox/woodstox-core/5.4.0/woodstox-core-5.4.0.jar:/home/runner/.m2/repository/com/fasterxml/jackson/module/jackson-module-jaxb-annotations/2.13.4/jackson-module-jaxb-annotations-2.13.4.jar:/home/runner/.m2/repository/javax/enterprise/cdi-api/2.0/cdi-api-2.0.jar:/home/runner/.m2/repository/javax/el/javax.el-api/3.0.0/javax.el-api-3.0.0.jar:/home/runner/.m2/repository/javax/interceptor/javax.interceptor-api/1.2/javax.interceptor-api-1.2.jar:/home/runner/.m2/repository/javax/inject/javax.inject/1/javax.inject-1.jar:/home/runner/.m2/repository/jakarta/xml/bind/jakarta.xml.bind-api/2.3.3/jakarta.xml.bind-api-2.3.3.jar:/home/runner/.m2/repository/org/glassfish/jaxb/jaxb-runtime/2.3.9/jaxb-runtime-2.3.9.jar:/home/runner/.m2/repository/org/glassfish/jaxb/txw2/2.3.9/txw2-2.3.9.jar:/home/runner/.m2/repository/com/sun/istack/istack-commons-runtime/3.0.12/istack-commons-runtime-3.0.12.jar:/home/runner/.m2/repository/com/sun/activation/jakarta.activation/1.2.2/jakarta.activation-1.2.2.jar:/home/runner/.m2/repository/jakarta/activation/jakarta.activation-api/1.2.2/jakarta.activation-api-1.2.2.jar:/home/runner/.m2/repository/io/grpc/grpc-protobuf/1.58.0/grpc-protobuf-1.58.0.jar:/home/runner/.m2/repository/com/google/api/grpc/proto-google-common-protos/2.22.0/proto-google-common-protos-2.22.0.jar:/home/runner/.m2/repository/io/grpc/grpc-protobuf-lite/1.58.0/grpc-protobuf-lite-1.58.0.jar:/home/runner/.m2/repository/io/grpc/grpc-stub/1.58.0/grpc-stub-1.58.0.jar:/home/runner/.m2/repository/io/netty/netty-transport/4.1.100.Final/netty-transport-4.1.100.Final.jar:/home/runner/.m2/repository/io/netty/netty-resolver/4.1.100.Final/netty-resolver-4.1.100.Final.jar:/home/runner/.m2/repository/org/apache/ozone/ozone-csi/1.5.0-SNAPSHOT/ozone-csi-1.5.0-SNAPSHOT.jar:/home/runner/.m2/repository/com/google/protobuf/protobuf-java-util/3.19.6/protobuf-java-util-3.19.6.jar:/home/runner/.m2/repository/com/google/code/gson/gson/2.9.0/gson-2.9.0.jar:/home/runner/.m2/repository/org/apache/ozone/hdds-config/1.5.0-SNAPSHOT/hdds-config-1.5.0-SNAPSHOT.jar:/home/runner/.m2/repository/io/netty/netty-transport-native-epoll/4.1.100.Final/netty-transport-native-epoll-4.1.100.Final-linux-x86_64.jar:/home/runner/.m2/repository/io/netty/netty-transport-classes-epoll/4.1.100.Final/netty-transport-classes-epoll-4.1.100.Final.jar:/home/runner/.m2/repository/io/netty/netty-transport-native-unix-common/4.1.100.Final/netty-transport-native-unix-common-4.1.100.Final.jar:/home/runner/.m2/repository/org/apache/ozone/ozone-recon/1.5.0-SNAPSHOT/ozone-recon-1.5.0-SNAPSHOT.jar:/home/runner/.m2/repository/org/apache/ozone/ozone-reconcodegen/1.5.0-SNAPSHOT/ozone-reconcodegen-1.5.0-SNAPSHOT.jar:/home/runner/.m2/repository/com/google/inject/guice/6.0.0/guice-6.0.0.jar:/home/runner/.m2/repository/jakarta/inject/jakarta.inject-api/2.0.1/jakarta.inject-api-2.0.1.jar:/home/runner/.m2/repository/aopalliance/aopalliance/1.0/aopalliance-1.0.jar:/home/runner/.m2/repository/com/google/inject/extensions/guice-assistedinject/6.0.0/guice-assistedinject-6.0.0.jar:/home/runner/.m2/repository/com/google/inject/extensions/guice-servlet/6.0.0/guice-servlet-6.0.0.jar:/home/runner/.m2/repository/org/glassfish/jersey/containers/jersey-container-servlet/2.41/jersey-container-servlet-2.41.jar:/home/runner/.m2/repository/org/glassfish/hk2/guice-bridge/2.6.1/guice-bridge-2.6.1.jar:/home/runner/.m2/repository/org/glassfish/jersey/core/jersey-server/2.41/jersey-server-2.41.jar:/home/runner/.m2/repository/org/glassfish/jersey/core/jersey-client/2.41/jersey-client-2.41.jar:/home/runner/.m2/repository/jakarta/validation/jakarta.validation-api/2.0.2/jakarta.validation-api-2.0.2.jar:/home/runner/.m2/repository/org/glassfish/jersey/media/jersey-media-json-jackson/2.41/jersey-media-json-jackson-2.41.jar:/home/runner/.m2/repository/org/glassfish/jersey/ext/jersey-entity-filtering/2.41/jersey-entity-filtering-2.41.jar:/home/runner/.m2/repository/org/jooq/jooq/3.11.10/jooq-3.11.10.jar:/home/runner/.m2/repository/org/jooq/jooq-meta/3.11.10/jooq-meta-3.11.10.jar:/home/runner/.m2/repository/org/jooq/jooq-codegen/3.11.10/jooq-codegen-3.11.10.jar:/home/runner/.m2/repository/com/jolbox/bonecp/0.8.0.RELEASE/bonecp-0.8.0.RELEASE.jar:/home/runner/.m2/repository/org/apache/derby/derby/10.14.2.0/derby-10.14.2.0.jar:/home/runner/.m2/repository/org/xerial/sqlite-jdbc/3.44.1.0/sqlite-jdbc-3.44.1.0.jar:/home/runner/.m2/repository/org/springframework/spring-jdbc/5.3.27/spring-jdbc-5.3.27.jar:/home/runner/.m2/repository/org/springframework/spring-beans/5.3.27/spring-beans-5.3.27.jar:/home/runner/.m2/repository/org/springframework/spring-core/5.3.27/spring-core-5.3.27.jar:/home/runner/.m2/repository/org/springframework/spring-tx/5.3.27/spring-tx-5.3.27.jar:/home/runner/.m2/repository/org/apache/ozone/ozone-client/1.5.0-SNAPSHOT/ozone-client-1.5.0-SNAPSHOT.jar:/home/runner/.m2/repository/org/apache/ozone/hdds-erasurecode/1.5.0-SNAPSHOT/hdds-erasurecode-1.5.0-SNAPSHOT.jar:/home/runner/.m2/repository/org/apache/ozone/ozone-filesystem/1.5.0-SNAPSHOT/ozone-filesystem-1.5.0-SNAPSHOT.jar:/home/runner/.m2/repository/org/apache/ozone/ozone-filesystem-common/1.5.0-SNAPSHOT/ozone-filesystem-common-1.5.0-SNAPSHOT.jar:/home/runner/.m2/repository/org/apache/ozone/ozone-tools/1.5.0-SNAPSHOT/ozone-tools-1.5.0-SNAPSHOT.jar:/home/runner/.m2/repository/com/amazonaws/aws-java-sdk-core/1.12.661/aws-java-sdk-core-1.12.661.jar:/home/runner/.m2/repository/org/apache/httpcomponents/httpclient/4.5.14/httpclient-4.5.14.jar:/home/runner/.m2/repository/org/apache/httpcomponents/httpcore/4.4.16/httpcore-4.4.16.jar:/home/runner/.m2/repository/com/fasterxml/jackson/dataformat/jackson-dataformat-cbor/2.13.4/jackson-dataformat-cbor-2.13.4.jar:/home/runner/.m2/repository/joda-time/joda-time/2.12.7/joda-time-2.12.7.jar:/home/runner/.m2/repository/com/amazonaws/aws-java-sdk-s3/1.12.661/aws-java-sdk-s3-1.12.661.jar:/home/runner/.m2/repository/com/amazonaws/aws-java-sdk-kms/1.12.661/aws-java-sdk-kms-1.12.661.jar:/home/runner/.m2/repository/com/amazonaws/jmespath-java/1.12.661/jmespath-java-1.12.661.jar:/home/runner/.m2/repository/org/kohsuke/metainf-services/metainf-services/1.8/metainf-services-1.8.jar:/home/runner/.m2/repository/org/apache/ozone/hdds-tools/1.5.0-SNAPSHOT/hdds-tools-1.5.0-SNAPSHOT.jar:/home/runner/.m2/repository/org/apache/ratis/ratis-tools/3.0.1/ratis-tools-3.0.1.jar:/home/runner/.m2/repository/commons-cli/commons-cli/1.6.0/commons-cli-1.6.0.jar:/home/runner/.m2/repository/org/apache/commons/commons-lang3/3.14.0/commons-lang3-3.14.0.jar:/home/runner/.m2/repository/org/apache/ozone/ozone-manager/1.5.0-SNAPSHOT/ozone-manager-1.5.0-SNAPSHOT-tests.jar:/home/runner/.m2/repository/org/apache/ozone/hdds-common/1.5.0-SNAPSHOT/hdds-common-1.5.0-SNAPSHOT-tests.jar:/home/runner/.m2/repository/org/apache/ozone/hdds-hadoop-dependency-client/1.5.0-SNAPSHOT/hdds-hadoop-dependency-client-1.5.0-SNAPSHOT.jar:/home/runner/.m2/repository/info/picocli/picocli/4.7.5/picocli-4.7.5.jar:/home/runner/.m2/repository/com/fasterxml/jackson/core/jackson-annotations/2.13.4/jackson-annotations-2.13.4.jar:/home/runner/.m2/repository/org/apache/ozone/hdds-annotation-processing/1.5.0-SNAPSHOT/hdds-annotation-processing-1.5.0-SNAPSHOT.jar:/home/runner/.m2/repository/javax/annotation/javax.annotation-api/1.3.2/javax.annotation-api-1.3.2.jar:/home/runner/.m2/repository/org/apache/ratis/ratis-netty/3.0.1/ratis-netty-3.0.1.jar:/home/runner/.m2/repository/org/apache/ratis/ratis-grpc/3.0.1/ratis-grpc-3.0.1.jar:/home/runner/.m2/repository/org/apache/commons/commons-pool2/2.6.0/commons-pool2-2.6.0.jar:/home/runner/.m2/repository/org/bouncycastle/bcpkix-jdk18on/1.77/bcpkix-jdk18on-1.77.jar:/home/runner/.m2/repository/org/bouncycastle/bcutil-jdk18on/1.77/bcutil-jdk18on-1.77.jar:/home/runner/.m2/repository/commons-validator/commons-validator/1.6/commons-validator-1.6.jar:/home/runner/.m2/repository/commons-beanutils/commons-beanutils/1.9.4/commons-beanutils-1.9.4.jar:/home/runner/.m2/repository/commons-digester/commons-digester/1.8.1/commons-digester-1.8.1.jar:/home/runner/.m2/repository/commons-collections/commons-collections/3.2.2/commons-collections-3.2.2.jar:/home/runner/.m2/repository/io/jaegertracing/jaeger-client/1.8.1/jaeger-client-1.8.1.jar:/home/runner/.m2/repository/io/jaegertracing/jaeger-thrift/1.8.1/jaeger-thrift-1.8.1.jar:/home/runner/.m2/repository/org/apache/thrift/libthrift/0.15.0/libthrift-0.15.0.jar:/home/runner/.m2/repository/io/jaegertracing/jaeger-core/1.8.1/jaeger-core-1.8.1.jar:/home/runner/.m2/repository/io/jaegertracing/jaeger-tracerresolver/1.8.1/jaeger-tracerresolver-1.8.1.jar:/home/runner/.m2/repository/io/opentracing/contrib/opentracing-tracerresolver/0.1.8/opentracing-tracerresolver-0.1.8.jar:/home/runner/.m2/repository/org/jetbrains/kotlin/kotlin-stdlib/1.9.22/kotlin-stdlib-1.9.22.jar:/home/runner/.m2/repository/org/jetbrains/annotations/13.0/annotations-13.0.jar:/home/runner/.m2/repository/io/opentracing/opentracing-util/0.33.0/opentracing-util-0.33.0.jar:/home/runner/.m2/repository/io/opentracing/opentracing-api/0.33.0/opentracing-api-0.33.0.jar:/home/runner/.m2/repository/io/opentracing/opentracing-noop/0.33.0/opentracing-noop-0.33.0.jar:/home/runner/.m2/repository/org/yaml/snakeyaml/2.0/snakeyaml-2.0.jar:/home/runner/.m2/repository/io/grpc/grpc-api/1.58.0/grpc-api-1.58.0.jar:/home/runner/.m2/repository/org/junit/jupiter/junit-jupiter-engine/5.10.1/junit-jupiter-engine-5.10.1.jar:/home/runner/.m2/repository/org/junit/platform/junit-platform-engine/1.10.1/junit-platform-engine-1.10.1.jar:/home/runner/.m2/repository/org/apiguardian/apiguardian-api/1.1.2/apiguardian-api-1.1.2.jar:/home/runner/.m2/repository/org/junit/platform/junit-platform-launcher/1.10.1/junit-platform-launcher-1.10.1.jar:/home/runner/.m2/repository/org/apache/hadoop/hadoop-kms/3.3.6/hadoop-kms-3.3.6.jar:/home/runner/.m2/repository/org/apache/hadoop/hadoop-auth/3.3.6/hadoop-auth-3.3.6.jar:/home/runner/.m2/repository/com/nimbusds/nimbus-jose-jwt/9.8.1/nimbus-jose-jwt-9.8.1.jar:/home/runner/.m2/repository/com/github/stephenc/jcip/jcip-annotations/1.0-1/jcip-annotations-1.0-1.jar:/home/runner/.m2/repository/org/apache/zookeeper/zookeeper/3.7.2/zookeeper-3.7.2.jar:/home/runner/.m2/repository/org/apache/zookeeper/zookeeper-jute/3.7.2/zookeeper-jute-3.7.2.jar:/home/runner/.m2/repository/org/apache/yetus/audience-annotations/0.12.0/audience-annotations-0.12.0.jar:/home/runner/.m2/repository/org/apache/curator/curator-framework/4.2.0/curator-framework-4.2.0.jar:/home/runner/.m2/repository/org/apache/hadoop/thirdparty/hadoop-shaded-guava/1.1.1/hadoop-shaded-guava-1.1.1.jar:/home/runner/.m2/repository/com/sun/jersey/jersey-core/1.19.4/jersey-core-1.19.4.jar:/home/runner/.m2/repository/javax/ws/rs/jsr311-api/1.1.1/jsr311-api-1.1.1.jar:/home/runner/.m2/repository/com/sun/jersey/jersey-server/1.19.4/jersey-server-1.19.4.jar:/home/runner/.m2/repository/javax/servlet/javax.servlet-api/3.1.0/javax.servlet-api-3.1.0.jar:/home/runner/.m2/repository/org/apache/hadoop/hadoop-common/3.3.6/hadoop-common-3.3.6.jar:/home/runner/.m2/repository/org/apache/commons/commons-math3/3.6.1/commons-math3-3.6.1.jar:/home/runner/.m2/repository/commons-net/commons-net/3.10.0/commons-net-3.10.0.jar:/home/runner/.m2/repository/com/sun/jersey/jersey-servlet/1.19.4/jersey-servlet-1.19.4.jar:/home/runner/.m2/repository/com/github/pjfanning/jersey-json/1.20/jersey-json-1.20.jar:/home/runner/.m2/repository/org/codehaus/jettison/jettison/1.1/jettison-1.1.jar:/home/runner/.m2/repository/com/sun/xml/bind/jaxb-impl/2.2.3-1/jaxb-impl-2.2.3-1.jar:/home/runner/.m2/repository/com/google/re2j/re2j/1.7/re2j-1.7.jar:/home/runner/.m2/repository/com/jcraft/jsch/0.1.54/jsch-0.1.54.jar:/home/runner/.m2/repository/org/apache/curator/curator-client/4.2.0/curator-client-4.2.0.jar:/home/runner/.m2/repository/org/apache/curator/curator-recipes/5.2.0/curator-recipes-5.2.0.jar:/home/runner/.m2/repository/com/google/code/findbugs/jsr305/3.0.2/jsr305-3.0.2.jar:/home/runner/.m2/repository/org/apache/kerby/kerb-core/1.0.1/kerb-core-1.0.1.jar:/home/runner/.m2/repository/org/apache/kerby/kerby-pkix/1.0.1/kerby-pkix-1.0.1.jar:/home/runner/.m2/repository/org/apache/kerby/kerby-asn1/1.0.1/kerby-asn1-1.0.1.jar:/home/runner/.m2/repository/org/apache/kerby/kerby-util/1.0.1/kerby-util-1.0.1.jar:/home/runner/.m2/repository/dnsjava/dnsjava/2.1.7/dnsjava-2.1.7.jar:/home/runner/.m2/repository/org/xerial/snappy/snappy-java/1.1.8.2/snappy-java-1.1.8.2.jar:/home/runner/.m2/repository/com/fasterxml/jackson/core/jackson-databind/2.13.4.2/jackson-databind-2.13.4.2.jar:/home/runner/.m2/repository/org/apache/hadoop/hadoop-kms/3.3.6/hadoop-kms-3.3.6-tests.jar:/home/runner/.m2/repository/org/apache/ozone/hdds-server-scm/1.5.0-SNAPSHOT/hdds-server-scm-1.5.0-SNAPSHOT-tests.jar:/home/runner/.m2/repository/org/apache/ozone/hdds-container-service/1.5.0-SNAPSHOT/hdds-container-service-1.5.0-SNAPSHOT-tests.jar:/home/runner/.m2/repository/com/github/luben/zstd-jni/1.5.2-5/zstd-jni-1.5.2-5.jar:/home/runner/.m2/repository/commons-codec/commons-codec/1.15/commons-codec-1.15.jar:/home/runner/.m2/repository/io/netty/netty-codec/4.1.100.Final/netty-codec-4.1.100.Final.jar:/home/runner/.m2/repository/io/netty/netty-handler/4.1.100.Final/netty-handler-4.1.100.Final.jar:/home/runner/.m2/repository/org/apache/ozone/hdds-hadoop-dependency-test/1.5.0-SNAPSHOT/hdds-hadoop-dependency-test-1.5.0-SNAPSHOT.jar:/home/runner/.m2/repository/org/apache/hadoop/hadoop-common/3.3.6/hadoop-common-3.3.6-tests.jar:/home/runner/.m2/repository/org/apache/hadoop/hadoop-hdfs/3.3.6/hadoop-hdfs-3.3.6-tests.jar:/home/runner/.m2/repository/org/junit/jupiter/junit-jupiter-params/5.10.1/junit-jupiter-params-5.10.1.jar:/home/runner/.m2/repository/org/mockito/mockito-core/4.11.0/mockito-core-4.11.0.jar:/home/runner/.m2/repository/net/bytebuddy/byte-buddy/1.12.19/byte-buddy-1.12.19.jar:/home/runner/.m2/repository/net/bytebuddy/byte-buddy-agent/1.12.19/byte-buddy-agent-1.12.19.jar:/home/runner/.m2/repository/org/objenesis/objenesis/1.0/objenesis-1.0.jar:/home/runner/.m2/repository/org/mockito/mockito-junit-jupiter/4.11.0/mockito-junit-jupiter-4.11.0.jar:/home/runner/.m2/repository/org/apache/hadoop/hadoop-distcp/3.3.6/hadoop-distcp-3.3.6.jar:/home/runner/.m2/repository/org/apache/hadoop/hadoop-mapreduce-client-jobclient/3.3.6/hadoop-mapreduce-client-jobclient-3.3.6.jar:/home/runner/.m2/repository/org/apache/hadoop/hadoop-mapreduce-client-common/3.3.6/hadoop-mapreduce-client-common-3.3.6.jar:/home/runner/.m2/repository/org/apache/hadoop/hadoop-yarn-common/3.3.6/hadoop-yarn-common-3.3.6.jar:/home/runner/.m2/repository/org/apache/hadoop/hadoop-yarn-api/3.3.6/hadoop-yarn-api-3.3.6.jar:/home/runner/.m2/repository/javax/xml/bind/jaxb-api/2.2.11/jaxb-api-2.2.11.jar:/home/runner/.m2/repository/com/sun/jersey/contribs/jersey-guice/1.19.4/jersey-guice-1.19.4.jar:/home/runner/.m2/repository/com/fasterxml/jackson/jaxrs/jackson-jaxrs-json-provider/2.13.4/jackson-jaxrs-json-provider-2.13.4.jar:/home/runner/.m2/repository/com/fasterxml/jackson/jaxrs/jackson-jaxrs-base/2.13.4/jackson-jaxrs-base-2.13.4.jar:/home/runner/.m2/repository/org/apache/hadoop/hadoop-yarn-client/3.3.6/hadoop-yarn-client-3.3.6.jar:/home/runner/.m2/repository/org/eclipse/jetty/websocket/websocket-client/9.4.51.v20230217/websocket-client-9.4.51.v20230217.jar:/home/runner/.m2/repository/org/eclipse/jetty/websocket/websocket-common/9.4.51.v20230217/websocket-common-9.4.51.v20230217.jar:/home/runner/.m2/repository/org/eclipse/jetty/websocket/websocket-api/9.4.51.v20230217/websocket-api-9.4.51.v20230217.jar:/home/runner/.m2/repository/org/jline/jline/3.9.0/jline-3.9.0.jar:/home/runner/.m2/repository/org/apache/hadoop/hadoop-mapreduce-client-core/3.3.6/hadoop-mapreduce-client-core-3.3.6.jar:/home/runner/.m2/repository/org/apache/avro/avro/1.7.7/avro-1.7.7.jar:/home/runner/.m2/repository/com/thoughtworks/paranamer/paranamer/2.3/paranamer-2.3.jar:/home/runner/.m2/repository/org/apache/hadoop/hadoop-annotations/3.3.6/hadoop-annotations-3.3.6.jar:/usr/lib/jvm/temurin-8-jdk-amd64/jre/../lib/tools.jar:/home/runner/.m2/repository/io/netty/netty/3.10.6.Final/netty-3.10.6.Final.jar:/home/runner/.m2/repository/org/apache/hadoop/hadoop-distcp/3.3.6/hadoop-distcp-3.3.6-tests.jar:/home/runner/.m2/repository/org/hamcrest/hamcrest/2.2/hamcrest-2.2.jar:/home/runner/.m2/repository/org/slf4j/jul-to-slf4j/2.0.12/jul-to-slf4j-2.0.12.jar:/home/runner/work/ozone/ozone/hadoop-ozone/integration-test/target/gradle-enterprise/test-listeners.jar:"/>
    <property name="sun.cpu.endian" value="little"/>
    <property name="user.home" value="/home/runner"/>
    <property name="user.language" value="en"/>
    <property name="java.specification.vendor" value="Oracle Corporation"/>
    <property name="java.home" value="/usr/lib/jvm/temurin-8-jdk-amd64/jre"/>
    <property name="java.security.krb5.conf" value="/home/runner/work/ozone/ozone/hadoop-ozone/integration-test/target/test-classes/krb5.conf"/>
    <property name="file.separator" value="/"/>
    <property name="basedir" value="/home/runner/work/ozone/ozone/hadoop-ozone/integration-test"/>
    <property name="line.separator" value="&#10;"/>
    <property name="java.vm.specification.vendor" value="Oracle Corporation"/>
    <property name="java.specification.name" value="Java Platform API Specification"/>
    <property name="skip.installnpx" value="true"/>
    <property name="java.awt.graphicsenv" value="sun.awt.X11GraphicsEnvironment"/>
    <property name="surefire.fork.timeout" value="3600"/>
    <property name="surefire.real.class.path" value="/home/runner/work/ozone/ozone/hadoop-ozone/integration-test/target/surefire/surefirebooter7288280638245680943.jar:/home/runner/.m2/repository/org/jacoco/org.jacoco.agent/0.8.11/org.jacoco.agent-0.8.11-runtime.jar"/>
    <property name="sun.boot.class.path" value="/usr/lib/jvm/temurin-8-jdk-amd64/jre/lib/resources.jar:/usr/lib/jvm/temurin-8-jdk-amd64/jre/lib/rt.jar:/usr/lib/jvm/temurin-8-jdk-amd64/jre/lib/sunrsasign.jar:/usr/lib/jvm/temurin-8-jdk-amd64/jre/lib/jsse.jar:/usr/lib/jvm/temurin-8-jdk-amd64/jre/lib/jce.jar:/usr/lib/jvm/temurin-8-jdk-amd64/jre/lib/charsets.jar:/usr/lib/jvm/temurin-8-jdk-amd64/jre/lib/jfr.jar:/usr/lib/jvm/temurin-8-jdk-amd64/jre/classes"/>
    <property name="hadoop.log.dir" value="/home/runner/work/ozone/ozone/hadoop-ozone/integration-test/target/log"/>
    <property name="sun.management.compiler" value="HotSpot 64-Bit Tiered Compilers"/>
    <property name="java.runtime.version" value="1.8.0_402-b06"/>
    <property name="skip.npx" value="true"/>
    <property name="user.name" value="runner"/>
    <property name="java.net.preferIPv4Stack" value="true"/>
    <property name="path.separator" value=":"/>
    <property name="java.security.egd" value="file:///dev/urandom"/>
    <property name="os.version" value="5.15.0-1057-azure"/>
    <property name="java.endorsed.dirs" value="/usr/lib/jvm/temurin-8-jdk-amd64/jre/lib/endorsed"/>
    <property name="java.runtime.name" value="OpenJDK Runtime Environment"/>
    <property name="com.gradle.maven.scan.extension.test.listener.junitplatform.NestedExecutionSafeDelegatingTestExecutionListener" value="3d019f69"/>
    <property name="file.encoding" value="UTF-8"/>
    <property name="java.vm.name" value="OpenJDK 64-Bit Server VM"/>
    <property name="test.build.webapps" value=""/>
    <property name="localRepository" value="/home/runner/.m2/repository"/>
    <property name="gradle.enterprise.listener.port" value="46257"/>
    <property name="jetty.git.hash" value="27bde00a0b95a1d5bbee0eae7984f891d2d0f8c9"/>
    <property name="java.vendor.url.bug" value="https://github.com/adoptium/adoptium-support/issues"/>
    <property name="require.test.libhadoop" value=""/>
    <property name="java.io.tmpdir" value="/tmp"/>
    <property name="java.version" value="1.8.0_402"/>
    <property name="surefire.rerunFailingTestsCount" value="5"/>
    <property name="user.dir" value="/home/runner/work/ozone/ozone/hadoop-ozone/integration-test"/>
    <property name="os.arch" value="amd64"/>
    <property name="test.build.classes" value="/home/runner/work/ozone/ozone/hadoop-ozone/integration-test/target/test-classes"/>
    <property name="java.vm.specification.name" value="Java Virtual Machine Specification"/>
    <property name="java.awt.printerjob" value="sun.print.PSPrinterJob"/>
    <property name="sun.os.patch.level" value="unknown"/>
    <property name="org.apache.ratis.thirdparty.io.netty.allocator.useCacheForAllThreads" value="false"/>
    <property name="hadoop.tmp.dir" value="/home/runner/work/ozone/ozone/hadoop-ozone/integration-test/target/tmp"/>
    <property name="java.library.path" value="/usr/java/packages/lib/amd64:/usr/lib64:/lib64:/lib:/usr/lib"/>
    <property name="java.vendor" value="Temurin"/>
    <property name="java.vm.info" value="mixed mode"/>
    <property name="java.vm.version" value="25.402-b06"/>
    <property name="java.specification.maintenance.version" value="5"/>
    <property name="sun.io.unicode.encoding" value="UnicodeLittle"/>
    <property name="java.ext.dirs" value="/usr/lib/jvm/temurin-8-jdk-amd64/jre/lib/ext:/usr/java/packages/lib/ext"/>
    <property name="java.class.version" value="52.0"/>
  </properties>
  <testcase name="testPrepareWithMultipleThreads" classname="org.apache.hadoop.ozone.om.TestOzoneManagerPrepare" time="10.289"/>
  <testcase name="testCancelPrepare" classname="org.apache.hadoop.ozone.om.TestOzoneManagerPrepare" time="125.376">
    <error type="PREPARE_FAILED org.apache.hadoop.ozone.om.exceptions.OMException"><![CDATA[PREPARE_FAILED org.apache.hadoop.ozone.om.exceptions.OMException: java.io.IOException: After waiting for 120 seconds, Ratis state machine applied index 67 which is less than the minimum required index 69.
	at org.apache.hadoop.ozone.om.protocolPB.OzoneManagerProtocolClientSideTranslatorPB.handleError(OzoneManagerProtocolClientSideTranslatorPB.java:752)
	at org.apache.hadoop.ozone.om.protocolPB.OzoneManagerProtocolClientSideTranslatorPB.prepareOzoneManager(OzoneManagerProtocolClientSideTranslatorPB.java:2466)
	at org.apache.hadoop.ozone.om.TestOzoneManagerPrepare.submitPrepareRequest(TestOzoneManagerPrepare.java:445)
	at org.apache.hadoop.ozone.om.TestOzoneManagerPrepare.testCancelPrepare(TestOzoneManagerPrepare.java:314)
	at java.lang.reflect.Method.invoke(Method.java:498)
	at java.util.ArrayList.forEach(ArrayList.java:1259)
	at java.util.ArrayList.forEach(ArrayList.java:1259)
]]></error>
    <system-out><![CDATA[2024-03-04 12:52:17,062 [main] INFO  om.TestOzoneManagerPrepare (TestOzoneManagerPrepare.java:setup(101)) - Waiting for OM leader election
2024-03-04 12:52:17,219 [omNode-3@group-523986131536-FollowerState] INFO  impl.FollowerState (FollowerState.java:run(143)) - omNode-3@group-523986131536-FollowerState: change to CANDIDATE, lastRpcElapsedTime:1113633655ns, electionTimeout:1113ms
2024-03-04 12:52:17,220 [omNode-3@group-523986131536-FollowerState] INFO  impl.RoleInfo (RoleInfo.java:shutdownFollowerState(110)) - omNode-3: shutdown omNode-3@group-523986131536-FollowerState
2024-03-04 12:52:17,220 [omNode-3@group-523986131536-FollowerState] INFO  server.RaftServer$Division (RaftServerImpl.java:setRole(383)) - omNode-3@group-523986131536: changes role from  FOLLOWER to CANDIDATE at term 1 for changeToCandidate
2024-03-04 12:52:17,220 [omNode-3@group-523986131536-FollowerState] INFO  server.RaftServerConfigKeys (ConfUtils.java:logGet(46)) - raft.server.leaderelection.pre-vote = true (default)
2024-03-04 12:52:17,220 [omNode-3@group-523986131536-FollowerState] INFO  impl.RoleInfo (RoleInfo.java:updateAndGet(139)) - omNode-3: start omNode-3@group-523986131536-LeaderElection8
2024-03-04 12:52:17,221 [omNode-3@group-523986131536-LeaderElection8] INFO  impl.LeaderElection (LeaderElection.java:askForVotes(321)) - omNode-3@group-523986131536-LeaderElection8 PRE_VOTE round 0: submit vote requests at term 1 for 0: peers:[omNode-3|localhost:15015, omNode-1|localhost:15007, omNode-2|localhost:15011]|listeners:[], old=null
2024-03-04 12:52:17,222 [omNode-3@group-523986131536-LeaderElection8-1] INFO  server.GrpcServerProtocolClient (GrpcServerProtocolClient.java:<init>(65)) - Build channel for omNode-1|localhost:15007
2024-03-04 12:52:17,222 [omNode-3@group-523986131536-LeaderElection8-2] INFO  server.GrpcServerProtocolClient (GrpcServerProtocolClient.java:<init>(65)) - Build channel for omNode-2|localhost:15011
2024-03-04 12:52:17,222 [omNode-3@group-523986131536-LeaderElection8] INFO  server.RaftServerConfigKeys (ConfUtils.java:logFallback(53)) - raft.server.rpc.first-election.timeout.min = 1s (fallback to raft.server.rpc.timeout.min)
2024-03-04 12:52:17,222 [omNode-3@group-523986131536-LeaderElection8] INFO  server.RaftServerConfigKeys (ConfUtils.java:logFallback(53)) - raft.server.rpc.first-election.timeout.max = 1200ms (fallback to raft.server.rpc.timeout.max)
2024-03-04 12:52:17,229 [grpc-default-executor-7] INFO  server.RaftServer$Division (RaftServerImpl.java:requestVote(1389)) - omNode-2@group-523986131536: receive requestVote(PRE_VOTE, omNode-3, group-523986131536, 1, (t:1, i:15))
2024-03-04 12:52:17,229 [grpc-default-executor-4] INFO  server.RaftServer$Division (RaftServerImpl.java:requestVote(1389)) - omNode-1@group-523986131536: receive requestVote(PRE_VOTE, omNode-3, group-523986131536, 1, (t:1, i:15))
2024-03-04 12:52:17,229 [grpc-default-executor-7] INFO  impl.VoteContext (VoteContext.java:log(49)) - omNode-2@group-523986131536-FOLLOWER: accept PRE_VOTE from omNode-3: our priority 0 <= candidate's priority 0
2024-03-04 12:52:17,229 [grpc-default-executor-4] INFO  impl.VoteContext (VoteContext.java:log(49)) - omNode-1@group-523986131536-FOLLOWER: accept PRE_VOTE from omNode-3: our priority 0 <= candidate's priority 0
2024-03-04 12:52:17,229 [grpc-default-executor-4] INFO  server.RaftServer$Division (RaftServerImpl.java:requestVote(1422)) - omNode-1@group-523986131536 replies to PRE_VOTE vote request: omNode-3<-omNode-1#0:OK-t1. Peer's state: omNode-1@group-523986131536:t1, leader=null, voted=omNode-1, raftlog=Memoized:omNode-1@group-523986131536-SegmentedRaftLog:OPENED:c15, conf=0: peers:[omNode-3|localhost:15015, omNode-1|localhost:15007, omNode-2|localhost:15011]|listeners:[], old=null
2024-03-04 12:52:17,229 [grpc-default-executor-7] INFO  server.RaftServer$Division (RaftServerImpl.java:requestVote(1422)) - omNode-2@group-523986131536 replies to PRE_VOTE vote request: omNode-3<-omNode-2#0:OK-t1. Peer's state: omNode-2@group-523986131536:t1, leader=null, voted=omNode-1, raftlog=Memoized:omNode-2@group-523986131536-SegmentedRaftLog:OPENED:c15, conf=0: peers:[omNode-3|localhost:15015, omNode-1|localhost:15007, omNode-2|localhost:15011]|listeners:[], old=null
2024-03-04 12:52:17,231 [omNode-3@group-523986131536-LeaderElection8] INFO  impl.LeaderElection (LeaderElection.java:logAndReturn(89)) - omNode-3@group-523986131536-LeaderElection8: PRE_VOTE PASSED received 1 response(s) and 0 exception(s):
2024-03-04 12:52:17,231 [omNode-3@group-523986131536-LeaderElection8] INFO  impl.LeaderElection (LeaderElection.java:logAndReturn(93)) -   Response 0: omNode-3<-omNode-2#0:OK-t1
2024-03-04 12:52:17,231 [omNode-3@group-523986131536-LeaderElection8] INFO  impl.LeaderElection (LeaderElection.java:askForVotes(323)) - omNode-3@group-523986131536-LeaderElection8 PRE_VOTE round 0: result PASSED
2024-03-04 12:52:17,233 [omNode-3@group-523986131536-LeaderElection8] INFO  impl.LeaderElection (LeaderElection.java:askForVotes(321)) - omNode-3@group-523986131536-LeaderElection8 ELECTION round 0: submit vote requests at term 2 for 0: peers:[omNode-3|localhost:15015, omNode-1|localhost:15007, omNode-2|localhost:15011]|listeners:[], old=null
2024-03-04 12:52:17,234 [omNode-3@group-523986131536-LeaderElection8] INFO  server.RaftServerConfigKeys (ConfUtils.java:logFallback(53)) - raft.server.rpc.first-election.timeout.min = 1s (fallback to raft.server.rpc.timeout.min)
2024-03-04 12:52:17,234 [omNode-3@group-523986131536-LeaderElection8] INFO  server.RaftServerConfigKeys (ConfUtils.java:logFallback(53)) - raft.server.rpc.first-election.timeout.max = 1200ms (fallback to raft.server.rpc.timeout.max)
2024-03-04 12:52:17,235 [grpc-default-executor-4] INFO  server.RaftServer$Division (RaftServerImpl.java:requestVote(1389)) - omNode-1@group-523986131536: receive requestVote(ELECTION, omNode-3, group-523986131536, 2, (t:1, i:15))
2024-03-04 12:52:17,235 [grpc-default-executor-4] INFO  impl.VoteContext (VoteContext.java:log(49)) - omNode-1@group-523986131536-FOLLOWER: accept ELECTION from omNode-3: our priority 0 <= candidate's priority 0
2024-03-04 12:52:17,236 [grpc-default-executor-4] INFO  server.RaftServer$Division (RaftServerImpl.java:setRole(383)) - omNode-1@group-523986131536: changes role from  FOLLOWER to FOLLOWER at term 2 for candidate:omNode-3
2024-03-04 12:52:17,236 [grpc-default-executor-4] INFO  impl.RoleInfo (RoleInfo.java:shutdownFollowerState(110)) - omNode-1: shutdown omNode-1@group-523986131536-FollowerState
2024-03-04 12:52:17,236 [grpc-default-executor-7] INFO  server.RaftServer$Division (RaftServerImpl.java:requestVote(1389)) - omNode-2@group-523986131536: receive requestVote(ELECTION, omNode-3, group-523986131536, 2, (t:1, i:15))
2024-03-04 12:52:17,236 [omNode-1@group-523986131536-FollowerState] INFO  impl.FollowerState (FollowerState.java:run(152)) - omNode-1@group-523986131536-FollowerState was interrupted
2024-03-04 12:52:17,236 [grpc-default-executor-4] INFO  impl.RoleInfo (RoleInfo.java:updateAndGet(139)) - omNode-1: start omNode-1@group-523986131536-FollowerState
2024-03-04 12:52:17,236 [grpc-default-executor-7] INFO  impl.VoteContext (VoteContext.java:log(49)) - omNode-2@group-523986131536-FOLLOWER: accept ELECTION from omNode-3: our priority 0 <= candidate's priority 0
2024-03-04 12:52:17,237 [grpc-default-executor-7] INFO  server.RaftServer$Division (RaftServerImpl.java:setRole(383)) - omNode-2@group-523986131536: changes role from  FOLLOWER to FOLLOWER at term 2 for candidate:omNode-3
2024-03-04 12:52:17,237 [grpc-default-executor-7] INFO  impl.RoleInfo (RoleInfo.java:shutdownFollowerState(110)) - omNode-2: shutdown omNode-2@group-523986131536-FollowerState
2024-03-04 12:52:17,237 [grpc-default-executor-7] INFO  impl.RoleInfo (RoleInfo.java:updateAndGet(139)) - omNode-2: start omNode-2@group-523986131536-FollowerState
2024-03-04 12:52:17,237 [grpc-default-executor-4] INFO  server.RaftServer$Division (RaftServerImpl.java:setFirstElection(574)) - omNode-1@group-523986131536: set firstElectionSinceStartup to false for candidate:omNode-3
2024-03-04 12:52:17,237 [omNode-2@group-523986131536-FollowerState] INFO  impl.FollowerState (FollowerState.java:run(152)) - omNode-2@group-523986131536-FollowerState was interrupted
2024-03-04 12:52:17,238 [grpc-default-executor-7] INFO  server.RaftServer$Division (RaftServerImpl.java:setFirstElection(574)) - omNode-2@group-523986131536: set firstElectionSinceStartup to false for candidate:omNode-3
2024-03-04 12:52:17,239 [grpc-default-executor-4] INFO  server.RaftServer$Division (RaftServerImpl.java:requestVote(1422)) - omNode-1@group-523986131536 replies to ELECTION vote request: omNode-3<-omNode-1#0:OK-t2. Peer's state: omNode-1@group-523986131536:t2, leader=null, voted=omNode-3, raftlog=Memoized:omNode-1@group-523986131536-SegmentedRaftLog:OPENED:c15, conf=0: peers:[omNode-3|localhost:15015, omNode-1|localhost:15007, omNode-2|localhost:15011]|listeners:[], old=null
2024-03-04 12:52:17,242 [grpc-default-executor-7] INFO  server.RaftServer$Division (RaftServerImpl.java:requestVote(1422)) - omNode-2@group-523986131536 replies to ELECTION vote request: omNode-3<-omNode-2#0:OK-t2. Peer's state: omNode-2@group-523986131536:t2, leader=null, voted=omNode-3, raftlog=Memoized:omNode-2@group-523986131536-SegmentedRaftLog:OPENED:c15, conf=0: peers:[omNode-3|localhost:15015, omNode-1|localhost:15007, omNode-2|localhost:15011]|listeners:[], old=null
2024-03-04 12:52:17,242 [omNode-3@group-523986131536-LeaderElection8] INFO  impl.LeaderElection (LeaderElection.java:logAndReturn(89)) - omNode-3@group-523986131536-LeaderElection8: ELECTION PASSED received 1 response(s) and 0 exception(s):
2024-03-04 12:52:17,242 [omNode-3@group-523986131536-LeaderElection8] INFO  impl.LeaderElection (LeaderElection.java:logAndReturn(93)) -   Response 0: omNode-3<-omNode-1#0:OK-t2
2024-03-04 12:52:17,242 [omNode-3@group-523986131536-LeaderElection8] INFO  impl.LeaderElection (LeaderElection.java:askForVotes(323)) - omNode-3@group-523986131536-LeaderElection8 ELECTION round 0: result PASSED
2024-03-04 12:52:17,242 [omNode-3@group-523986131536-LeaderElection8] INFO  impl.RoleInfo (RoleInfo.java:shutdownLeaderElection(130)) - omNode-3: shutdown omNode-3@group-523986131536-LeaderElection8
2024-03-04 12:52:17,242 [omNode-3@group-523986131536-LeaderElection8] INFO  server.RaftServer$Division (RaftServerImpl.java:setRole(383)) - omNode-3@group-523986131536: changes role from CANDIDATE to LEADER at term 2 for changeToLeader
2024-03-04 12:52:17,243 [omNode-3@group-523986131536-LeaderElection8] INFO  server.RaftServerConfigKeys (ConfUtils.java:logGet(46)) - raft.server.staging.catchup.gap = 1000 (default)
2024-03-04 12:52:17,243 [omNode-3@group-523986131536-LeaderElection8] INFO  server.RaftServerConfigKeys (ConfUtils.java:logGet(46)) - raft.server.write.element-limit = 4096 (default)
2024-03-04 12:52:17,243 [omNode-3@group-523986131536-LeaderElection8] INFO  server.RaftServerConfigKeys (ConfUtils.java:logGet(46)) - raft.server.write.byte-limit = 64MB (=67108864) (default)
2024-03-04 12:52:17,243 [omNode-3@group-523986131536-LeaderElection8] INFO  server.RaftServerConfigKeys (ConfUtils.java:logGet(46)) - raft.server.watch.timeout = 10s (default)
2024-03-04 12:52:17,243 [omNode-3@group-523986131536-LeaderElection8] INFO  server.RaftServerConfigKeys (ConfUtils.java:logGet(46)) - raft.server.watch.timeout.denomination = 1s (default)
2024-03-04 12:52:17,243 [omNode-3@group-523986131536-LeaderElection8] INFO  server.RaftServerConfigKeys (ConfUtils.java:logGet(46)) - raft.server.watch.element-limit = 65536 (default)
2024-03-04 12:52:17,243 [omNode-3@group-523986131536-LeaderElection8] INFO  server.RaftServerConfigKeys (ConfUtils.java:logGet(46)) - raft.server.read.leader.lease.enabled = false (default)
2024-03-04 12:52:17,243 [omNode-3@group-523986131536-LeaderElection8] INFO  server.RaftServerConfigKeys (ConfUtils.java:logGet(46)) - raft.server.read.leader.lease.timeout.ratio = 0.9 (default)
2024-03-04 12:52:17,244 [omNode-3@group-523986131536-LeaderElection8] INFO  server.RaftServerConfigKeys (ConfUtils.java:logGet(46)) - raft.server.rpc.timeout.min = 1s (custom)
2024-03-04 12:52:17,244 [omNode-3@group-523986131536-LeaderElection8] INFO  server.RaftServerConfigKeys (ConfUtils.java:logGet(46)) - raft.server.write.element-limit = 4096 (default)
2024-03-04 12:52:17,244 [omNode-3@group-523986131536-LeaderElection8] INFO  server.RaftServerConfigKeys (ConfUtils.java:logGet(46)) - raft.server.write.follower.gap.ratio.max = -1.0 (default)
2024-03-04 12:52:17,245 [omNode-3@group-523986131536-LeaderElection8] INFO  server.RaftServerConfigKeys (ConfUtils.java:logGet(46)) - raft.server.log.appender.snapshot.chunk.size.max = 16MB (=16777216) (default)
2024-03-04 12:52:17,245 [omNode-3@group-523986131536-LeaderElection8] INFO  server.RaftServerConfigKeys (ConfUtils.java:logGet(46)) - raft.server.log.appender.buffer.byte-limit = 4194304 (custom)
2024-03-04 12:52:17,245 [omNode-3@group-523986131536-LeaderElection8] INFO  server.RaftServerConfigKeys (ConfUtils.java:logGet(46)) - raft.server.log.appender.buffer.element-limit = 1024 (custom)
2024-03-04 12:52:17,245 [omNode-3@group-523986131536-LeaderElection8] INFO  server.RaftServerConfigKeys (ConfUtils.java:logGet(46)) - raft.server.log.appender.wait-time.min = 0ms (custom)
2024-03-04 12:52:17,245 [omNode-3@group-523986131536-LeaderElection8] INFO  grpc.GrpcConfigKeys (ConfUtils.java:logGet(46)) - raft.grpc.server.leader.outstanding.appends.max = 8 (default)
2024-03-04 12:52:17,245 [omNode-3@group-523986131536-LeaderElection8] INFO  server.RaftServerConfigKeys (ConfUtils.java:logGet(46)) - raft.server.rpc.request.timeout = 3000ms (default)
2024-03-04 12:52:17,246 [omNode-3@group-523986131536-LeaderElection8] INFO  grpc.GrpcConfigKeys (ConfUtils.java:logGet(46)) - raft.grpc.server.install_snapshot.request.element-limit = 8 (default)
2024-03-04 12:52:17,246 [omNode-3@group-523986131536-LeaderElection8] INFO  grpc.GrpcConfigKeys (ConfUtils.java:logGet(46)) - raft.grpc.server.install_snapshot.request.timeout = 3000ms (default)
2024-03-04 12:52:17,246 [omNode-3@group-523986131536-LeaderElection8] INFO  grpc.GrpcConfigKeys (ConfUtils.java:logGet(46)) - raft.grpc.server.log-message.batch.duration = 5s (default)
2024-03-04 12:52:17,246 [omNode-3@group-523986131536-LeaderElection8] INFO  server.RaftServerConfigKeys (ConfUtils.java:logGet(46)) - raft.server.log.appender.install.snapshot.enabled = false (custom)
2024-03-04 12:52:17,246 [omNode-3@group-523986131536-LeaderElection8] INFO  grpc.GrpcConfigKeys (ConfUtils.java:logGet(46)) - raft.grpc.server.heartbeat.channel = true (default)
2024-03-04 12:52:17,247 [omNode-3@group-523986131536-LeaderElection8] INFO  server.RaftServerConfigKeys (ConfUtils.java:logGet(46)) - raft.server.log.appender.snapshot.chunk.size.max = 16MB (=16777216) (default)
2024-03-04 12:52:17,247 [omNode-3@group-523986131536-LeaderElection8] INFO  server.RaftServerConfigKeys (ConfUtils.java:logGet(46)) - raft.server.log.appender.buffer.byte-limit = 4194304 (custom)
2024-03-04 12:52:17,247 [omNode-3@group-523986131536-LeaderElection8] INFO  server.RaftServerConfigKeys (ConfUtils.java:logGet(46)) - raft.server.log.appender.buffer.element-limit = 1024 (custom)
2024-03-04 12:52:17,247 [omNode-3@group-523986131536-LeaderElection8] INFO  server.RaftServerConfigKeys (ConfUtils.java:logGet(46)) - raft.server.log.appender.wait-time.min = 0ms (custom)
2024-03-04 12:52:17,247 [omNode-3@group-523986131536-LeaderElection8] INFO  grpc.GrpcConfigKeys (ConfUtils.java:logGet(46)) - raft.grpc.server.leader.outstanding.appends.max = 8 (default)
2024-03-04 12:52:17,247 [omNode-3@group-523986131536-LeaderElection8] INFO  server.RaftServerConfigKeys (ConfUtils.java:logGet(46)) - raft.server.rpc.request.timeout = 3000ms (default)
2024-03-04 12:52:17,247 [omNode-3@group-523986131536-LeaderElection8] INFO  grpc.GrpcConfigKeys (ConfUtils.java:logGet(46)) - raft.grpc.server.install_snapshot.request.element-limit = 8 (default)
2024-03-04 12:52:17,247 [omNode-3@group-523986131536-LeaderElection8] INFO  grpc.GrpcConfigKeys (ConfUtils.java:logGet(46)) - raft.grpc.server.install_snapshot.request.timeout = 3000ms (default)
2024-03-04 12:52:17,247 [omNode-3@group-523986131536-LeaderElection8] INFO  grpc.GrpcConfigKeys (ConfUtils.java:logGet(46)) - raft.grpc.server.log-message.batch.duration = 5s (default)
2024-03-04 12:52:17,247 [omNode-3@group-523986131536-LeaderElection8] INFO  server.RaftServerConfigKeys (ConfUtils.java:logGet(46)) - raft.server.log.appender.install.snapshot.enabled = false (custom)
2024-03-04 12:52:17,247 [omNode-3@group-523986131536-LeaderElection8] INFO  grpc.GrpcConfigKeys (ConfUtils.java:logGet(46)) - raft.grpc.server.heartbeat.channel = true (default)
2024-03-04 12:52:17,248 [omNode-3@group-523986131536-LeaderElection8] INFO  impl.RoleInfo (RoleInfo.java:updateAndGet(139)) - omNode-3: start omNode-3@group-523986131536-LeaderStateImpl
2024-03-04 12:52:17,248 [omNode-3@group-523986131536-LeaderElection8] INFO  server.RaftServer$Division (RaftServerImpl.java:setFirstElection(574)) - omNode-3@group-523986131536: set firstElectionSinceStartup to false for becomeLeader
2024-03-04 12:52:17,248 [omNode-3@group-523986131536-LeaderElection8] INFO  server.RaftServer$Division (ServerState.java:setLeader(269)) - omNode-3@group-523986131536: change Leader from null to omNode-3 at term 2 for becomeLeader, leader elected after 1154ms
2024-03-04 12:52:17,248 [omNode-3@group-523986131536-LeaderElection8] INFO  segmented.SegmentedRaftLogWorker (SegmentedRaftLogWorker.java:startLogSegment(430)) - omNode-3@group-523986131536-SegmentedRaftLogWorker: Starting segment from index:16
2024-03-04 12:52:17,249 [omNode-3@group-523986131536-LeaderElection8] INFO  server.RaftServer$Division (ServerState.java:setRaftConf(386)) - omNode-3@group-523986131536: set configuration 16: peers:[omNode-3|localhost:15015, omNode-1|localhost:15007, omNode-2|localhost:15011]|listeners:[], old=null
2024-03-04 12:52:17,249 [omNode-3@group-523986131536-SegmentedRaftLogWorker] INFO  segmented.BufferedWriteChannel (BufferedWriteChannel.java:open(62)) - open log_inprogress_16 at position 0
2024-03-04 12:52:17,257 [omNode-3@group-523986131536-SegmentedRaftLogWorker] INFO  segmented.SegmentedRaftLogWorker (SegmentedRaftLogWorker.java:execute(634)) - omNode-3@group-523986131536-SegmentedRaftLogWorker: created new log segment /home/runner/work/ozone/ozone/hadoop-ozone/integration-test/target/test-dir/MiniOzoneClusterImpl-fd608c45-4a56-4c9e-a7d8-2ca674675983/omNode-3/ratis/c9bc4cf4-3bc3-3c60-a66b-523986131536/current/log_inprogress_16
2024-03-04 12:52:17,271 [omNode-2-server-thread2] INFO  server.RaftServer$Division (ServerState.java:setLeader(269)) - omNode-2@group-523986131536: change Leader from null to omNode-3 at term 2 for appendEntries, leader elected after 462ms
2024-03-04 12:52:17,272 [omNode-1-server-thread1] INFO  server.RaftServer$Division (ServerState.java:setLeader(269)) - omNode-1@group-523986131536: change Leader from null to omNode-3 at term 2 for appendEntries, leader elected after 777ms
2024-03-04 12:52:17,272 [omNode-2-server-thread2] INFO  server.RaftServer$Division (ServerState.java:setRaftConf(386)) - omNode-2@group-523986131536: set configuration 16: peers:[omNode-3|localhost:15015, omNode-1|localhost:15007, omNode-2|localhost:15011]|listeners:[], old=null
2024-03-04 12:52:17,272 [omNode-2-server-thread2] INFO  segmented.SegmentedRaftLogWorker (SegmentedRaftLogWorker.java:startLogSegment(430)) - omNode-2@group-523986131536-SegmentedRaftLogWorker: Starting segment from index:16
2024-03-04 12:52:17,272 [omNode-1-server-thread2] INFO  server.RaftServer$Division (ServerState.java:setRaftConf(386)) - omNode-1@group-523986131536: set configuration 16: peers:[omNode-3|localhost:15015, omNode-1|localhost:15007, omNode-2|localhost:15011]|listeners:[], old=null
2024-03-04 12:52:17,272 [omNode-1-server-thread2] INFO  segmented.SegmentedRaftLogWorker (SegmentedRaftLogWorker.java:startLogSegment(430)) - omNode-1@group-523986131536-SegmentedRaftLogWorker: Starting segment from index:16
2024-03-04 12:52:17,273 [omNode-1@group-523986131536-SegmentedRaftLogWorker] INFO  segmented.BufferedWriteChannel (BufferedWriteChannel.java:open(62)) - open log_inprogress_16 at position 0
2024-03-04 12:52:17,276 [omNode-2@group-523986131536-SegmentedRaftLogWorker] INFO  segmented.BufferedWriteChannel (BufferedWriteChannel.java:open(62)) - open log_inprogress_16 at position 0
2024-03-04 12:52:17,281 [omNode-1@group-523986131536-SegmentedRaftLogWorker] INFO  segmented.SegmentedRaftLogWorker (SegmentedRaftLogWorker.java:execute(634)) - omNode-1@group-523986131536-SegmentedRaftLogWorker: created new log segment /home/runner/work/ozone/ozone/hadoop-ozone/integration-test/target/test-dir/MiniOzoneClusterImpl-fd608c45-4a56-4c9e-a7d8-2ca674675983/omNode-1/ratis/c9bc4cf4-3bc3-3c60-a66b-523986131536/current/log_inprogress_16
2024-03-04 12:52:17,285 [omNode-2@group-523986131536-SegmentedRaftLogWorker] INFO  segmented.SegmentedRaftLogWorker (SegmentedRaftLogWorker.java:execute(634)) - omNode-2@group-523986131536-SegmentedRaftLogWorker: created new log segment /home/runner/work/ozone/ozone/hadoop-ozone/integration-test/target/test-dir/MiniOzoneClusterImpl-fd608c45-4a56-4c9e-a7d8-2ca674675983/omNode-2/ratis/c9bc4cf4-3bc3-3c60-a66b-523986131536/current/log_inprogress_16
2024-03-04 12:52:17,286 [omNode-3@group-523986131536-StateMachineUpdater] INFO  ratis.OzoneManagerStateMachine (OzoneManagerStateMachine.java:notifyConfigurationChanged(198)) - Received Configuration change notification from Ratis. New Peer list:
[id: "omNode-3"
address: "localhost:15015"
startupRole: FOLLOWER
, id: "omNode-1"
address: "localhost:15007"
startupRole: FOLLOWER
, id: "omNode-2"
address: "localhost:15011"
startupRole: FOLLOWER
]
2024-03-04 12:52:17,287 [omNode-3@group-523986131536-StateMachineUpdater] INFO  server.RaftServer$Division (LeaderStateImpl.java:isApplied(320)) - leader is ready since appliedIndex == 16 >= startIndex == 16
2024-03-04 12:52:17,290 [omNode-1@group-523986131536-StateMachineUpdater] INFO  ratis.OzoneManagerStateMachine (OzoneManagerStateMachine.java:notifyConfigurationChanged(198)) - Received Configuration change notification from Ratis. New Peer list:
[id: "omNode-3"
address: "localhost:15015"
startupRole: FOLLOWER
, id: "omNode-1"
address: "localhost:15007"
startupRole: FOLLOWER
, id: "omNode-2"
address: "localhost:15011"
startupRole: FOLLOWER
]
2024-03-04 12:52:17,294 [omNode-2@group-523986131536-StateMachineUpdater] INFO  ratis.OzoneManagerStateMachine (OzoneManagerStateMachine.java:notifyConfigurationChanged(198)) - Received Configuration change notification from Ratis. New Peer list:
[id: "omNode-3"
address: "localhost:15015"
startupRole: FOLLOWER
, id: "omNode-1"
address: "localhost:15007"
startupRole: FOLLOWER
, id: "omNode-2"
address: "localhost:15011"
startupRole: FOLLOWER
]
2024-03-04 12:52:17,469 [main] INFO  retry.RetryInvocationHandler (RetryInvocationHandler.java:log(422)) - com.google.protobuf.ServiceException: java.io.EOFException: End of File Exception between local host is: "fv-az571-795/10.1.0.12"; destination host is: "localhost":15004; : java.io.EOFException; For more details see:  http://wiki.apache.org/hadoop/EOFException, while invoking $Proxy59.submitRequest over nodeId=omNode-1,nodeAddress=127.0.0.1:15004. Trying to failover immediately. Current retry count: 0.
2024-03-04 12:52:17,476 [main] INFO  retry.RetryInvocationHandler (RetryInvocationHandler.java:log(422)) - com.google.protobuf.ServiceException: org.apache.hadoop.ipc.RemoteException(org.apache.hadoop.ozone.om.exceptions.OMNotLeaderException): OM:omNode-2 is not the leader. Suggested leader is OM:omNode-3[localhost/127.0.0.1].
	at org.apache.hadoop.ozone.om.ratis.OzoneManagerRatisServer.newOMNotLeaderException(OzoneManagerRatisServer.java:785)
	at org.apache.hadoop.ozone.om.OzoneManager.checkLeaderStatus(OzoneManager.java:4119)
	at org.apache.hadoop.ozone.om.ratis.utils.OzoneManagerRatisUtils.checkLeaderStatus(OzoneManagerRatisUtils.java:488)
	at org.apache.hadoop.ozone.protocolPB.OzoneManagerProtocolServerSideTranslatorPB.internalProcessRequest(OzoneManagerProtocolServerSideTranslatorPB.java:204)
	at org.apache.hadoop.ozone.protocolPB.OzoneManagerProtocolServerSideTranslatorPB.processRequest(OzoneManagerProtocolServerSideTranslatorPB.java:158)
	at org.apache.hadoop.hdds.server.OzoneProtocolMessageDispatcher.processRequest(OzoneProtocolMessageDispatcher.java:89)
	at org.apache.hadoop.ozone.protocolPB.OzoneManagerProtocolServerSideTranslatorPB.submitRequest(OzoneManagerProtocolServerSideTranslatorPB.java:149)
	at org.apache.hadoop.ozone.protocol.proto.OzoneManagerProtocolProtos$OzoneManagerService$2.callBlockingMethod(OzoneManagerProtocolProtos.java)
	at org.apache.hadoop.ipc.ProtobufRpcEngine$Server.processCall(ProtobufRpcEngine.java:484)
	at org.apache.hadoop.ipc.ProtobufRpcEngine2$Server$ProtoBufRpcInvoker.call(ProtobufRpcEngine2.java:595)
	at org.apache.hadoop.ipc.ProtobufRpcEngine2$Server$ProtoBufRpcInvoker.call(ProtobufRpcEngine2.java:573)
	at org.apache.hadoop.ipc.RPC$Server.call(RPC.java:1227)
	at org.apache.hadoop.ipc.Server$RpcCall.run(Server.java:1094)
	at org.apache.hadoop.ipc.Server$RpcCall.run(Server.java:1017)
	at java.security.AccessController.doPrivileged(Native Method)
	at javax.security.auth.Subject.doAs(Subject.java:422)
	at org.apache.hadoop.security.UserGroupInformation.doAs(UserGroupInformation.java:1899)
	at org.apache.hadoop.ipc.Server$Handler.run(Server.java:3048)
, while invoking $Proxy59.submitRequest over nodeId=omNode-2,nodeAddress=127.0.0.1:15008 after 1 failover attempts. Trying to failover immediately. Current retry count: 1.
2024-03-04 12:52:17,485 [omNode-3-OMStateMachineApplyTransactionThread - 0] INFO  upgrade.OMCancelPrepareRequest (OMCancelPrepareRequest.java:validateAndUpdateCache(54)) - OM omNode-3 Received cancel prepare request with log (t:2, i:18)
2024-03-04 12:52:17,486 [omNode-3-OMStateMachineApplyTransactionThread - 0] INFO  om.OzoneManagerPrepareState (OzoneManagerPrepareState.java:deletePrepareMarkerFile(271)) - Deleted prepare marker file: /home/runner/work/ozone/ozone/hadoop-ozone/integration-test/target/test-dir/MiniOzoneClusterImpl-fd608c45-4a56-4c9e-a7d8-2ca674675983/omNode-3/current/prepareMarker
2024-03-04 12:52:17,486 [omNode-3-OMStateMachineApplyTransactionThread - 0] INFO  upgrade.OMCancelPrepareRequest (OMCancelPrepareRequest.java:validateAndUpdateCache(82)) - OM omNode-3 prepare state cancelled at log (t:2, i:18). Returning response 
2024-03-04 12:52:17,487 [omNode-1-OMStateMachineApplyTransactionThread - 0] INFO  upgrade.OMCancelPrepareRequest (OMCancelPrepareRequest.java:validateAndUpdateCache(54)) - OM omNode-1 Received cancel prepare request with log (t:2, i:18)
2024-03-04 12:52:17,488 [omNode-1-OMStateMachineApplyTransactionThread - 0] INFO  om.OzoneManagerPrepareState (OzoneManagerPrepareState.java:deletePrepareMarkerFile(271)) - Deleted prepare marker file: /home/runner/work/ozone/ozone/hadoop-ozone/integration-test/target/test-dir/MiniOzoneClusterImpl-fd608c45-4a56-4c9e-a7d8-2ca674675983/omNode-1/current/prepareMarker
2024-03-04 12:52:17,488 [omNode-1-OMStateMachineApplyTransactionThread - 0] INFO  upgrade.OMCancelPrepareRequest (OMCancelPrepareRequest.java:validateAndUpdateCache(82)) - OM omNode-1 prepare state cancelled at log (t:2, i:18). Returning response 
2024-03-04 12:52:17,489 [omNode-2-OMStateMachineApplyTransactionThread - 0] INFO  upgrade.OMCancelPrepareRequest (OMCancelPrepareRequest.java:validateAndUpdateCache(54)) - OM omNode-2 Received cancel prepare request with log (t:2, i:18)
2024-03-04 12:52:17,490 [omNode-2-OMStateMachineApplyTransactionThread - 0] INFO  om.OzoneManagerPrepareState (OzoneManagerPrepareState.java:deletePrepareMarkerFile(271)) - Deleted prepare marker file: /home/runner/work/ozone/ozone/hadoop-ozone/integration-test/target/test-dir/MiniOzoneClusterImpl-fd608c45-4a56-4c9e-a7d8-2ca674675983/omNode-2/current/prepareMarker
2024-03-04 12:52:17,490 [omNode-2-OMStateMachineApplyTransactionThread - 0] INFO  upgrade.OMCancelPrepareRequest (OMCancelPrepareRequest.java:validateAndUpdateCache(82)) - OM omNode-2 prepare state cancelled at log (t:2, i:18). Returning response 
2024-03-04 12:52:18,023 [timer6] WARN  server.GrpcLogAppender (LogUtils.java:warn(121)) - omNode-1@group-523986131536->omNode-3-AppendLogResponseHandler: Failed appendEntries (Repeated 9 times in the last 5.002s): org.apache.ratis.thirdparty.io.grpc.StatusRuntimeException: UNAVAILABLE: io exception
2024-03-04 12:52:18,023 [timer7] WARN  server.GrpcLogAppender (GrpcLogAppender.java:lambda$resetClient$1(217)) - omNode-1@group-523986131536->omNode-3-GrpcLogAppender: Follower failed (request=null, errorCount=9); keep nextIndex (16) unchanged and retry. (Repeated 9 times in the last 5.000s)
2024-03-04 12:52:18,492 [main] INFO  rpc.RpcClient (RpcClient.java:createVolume(466)) - Creating Volume: vol, with runner as owner and space quota set to -1 bytes, counts quota set to -1
2024-03-04 12:52:18,498 [omNode-3-OMStateMachineApplyTransactionThread - 0] INFO  volume.OMVolumeCreateRequest (OMVolumeCreateRequest.java:validateAndUpdateCache(198)) - created volume:vol for user:runner
2024-03-04 12:52:18,500 [omNode-2-OMStateMachineApplyTransactionThread - 0] INFO  volume.OMVolumeCreateRequest (OMVolumeCreateRequest.java:validateAndUpdateCache(198)) - created volume:vol for user:runner
2024-03-04 12:52:18,506 [omNode-1-OMStateMachineApplyTransactionThread - 0] INFO  volume.OMVolumeCreateRequest (OMVolumeCreateRequest.java:validateAndUpdateCache(198)) - created volume:vol for user:runner
2024-03-04 12:52:18,509 [main] INFO  rpc.RpcClient (RpcClient.java:createVolume(466)) - Creating Volume: volume9b41fde5-8c60-4d03-a53b-8d498db4f4ce, with runner as owner and space quota set to -1 bytes, counts quota set to -1
2024-03-04 12:52:18,514 [omNode-3-OMStateMachineApplyTransactionThread - 0] INFO  volume.OMVolumeCreateRequest (OMVolumeCreateRequest.java:validateAndUpdateCache(198)) - created volume:volume9b41fde5-8c60-4d03-a53b-8d498db4f4ce for user:runner
2024-03-04 12:52:18,519 [omNode-2-OMStateMachineApplyTransactionThread - 0] INFO  volume.OMVolumeCreateRequest (OMVolumeCreateRequest.java:validateAndUpdateCache(198)) - created volume:volume9b41fde5-8c60-4d03-a53b-8d498db4f4ce for user:runner
2024-03-04 12:52:18,525 [omNode-1-OMStateMachineApplyTransactionThread - 0] INFO  volume.OMVolumeCreateRequest (OMVolumeCreateRequest.java:validateAndUpdateCache(198)) - created volume:volume9b41fde5-8c60-4d03-a53b-8d498db4f4ce for user:runner
2024-03-04 12:52:18,528 [main] INFO  rpc.RpcClient (RpcClient.java:createBucket(692)) - Creating Bucket: volume9b41fde5-8c60-4d03-a53b-8d498db4f4ce/bucket, with server-side default bucket layout, runner as owner, Versioning false, Storage Type set to DISK and Encryption set to false, Replication Type set to server-side default replication type, Namespace Quota set to -1, Space Quota set to -1 
2024-03-04 12:52:18,541 [omNode-3-OMStateMachineApplyTransactionThread - 0] INFO  bucket.OMBucketCreateRequest (OMBucketCreateRequest.java:validateAndUpdateCache(292)) - created bucket: bucket of layout OBJECT_STORE in volume: volume9b41fde5-8c60-4d03-a53b-8d498db4f4ce
2024-03-04 12:52:18,543 [omNode-2-OMStateMachineApplyTransactionThread - 0] INFO  bucket.OMBucketCreateRequest (OMBucketCreateRequest.java:validateAndUpdateCache(292)) - created bucket: bucket of layout OBJECT_STORE in volume: volume9b41fde5-8c60-4d03-a53b-8d498db4f4ce
2024-03-04 12:52:18,543 [omNode-1-OMStateMachineApplyTransactionThread - 0] INFO  bucket.OMBucketCreateRequest (OMBucketCreateRequest.java:validateAndUpdateCache(292)) - created bucket: bucket of layout OBJECT_STORE in volume: volume9b41fde5-8c60-4d03-a53b-8d498db4f4ce
2024-03-04 12:52:18,717 [IPC Server handler 0 on default port 15001] INFO  ha.SequenceIdGenerator (SequenceIdGenerator.java:getNextId(145)) - Allocate a batch for containerId, change lastId from 0 to 1000.
2024-03-04 12:52:18,724 [IPC Server handler 0 on default port 15001] WARN  ha.SequenceIdGenerator (SequenceIdGenerator.java:allocateBatch(258)) - Failed to allocate a batch for localId, expected lastId is 0, actual lastId is 113750153625600000.
2024-03-04 12:52:18,724 [IPC Server handler 0 on default port 15001] INFO  ha.SequenceIdGenerator (SequenceIdGenerator.java:getNextId(145)) - Allocate a batch for localId, change lastId from 113750153625600000 to 113750153625601000.
2024-03-04 12:52:18,791 [main] INFO  impl.MetricsSystemImpl (MetricsSystemImpl.java:init(158)) - XceiverClientMetrics metrics system started (again)
2024-03-04 12:52:18,791 [main] INFO  lib.Interns (Interns.java:removeEldestEntry(50)) - Metrics intern cache overflow at 2011 for MetricsSystem={MetricsSystem=MetricsInfoImpl{name=MetricsSystem, description=MetricsSystem}, MetricsSystem record=MetricsInfoImpl{name=MetricsSystem, description=MetricsSystem record}}
2024-03-04 12:52:19,343 [omNode-1@group-523986131536-StateMachineUpdater] INFO  ratis.OzoneManagerStateMachine (OzoneManagerStateMachine.java:takeSnapshotImpl(467)) -  applied = (t:2, i:66)
2024-03-04 12:52:19,343 [omNode-1@group-523986131536-StateMachineUpdater] INFO  ratis.OzoneManagerStateMachine (OzoneManagerStateMachine.java:takeSnapshotImpl(468)) -  skipped = 66
2024-03-04 12:52:19,343 [omNode-1@group-523986131536-StateMachineUpdater] INFO  ratis.OzoneManagerStateMachine (OzoneManagerStateMachine.java:takeSnapshotImpl(469)) - notified = (t:2, i:67)
2024-03-04 12:52:19,343 [omNode-1@group-523986131536-StateMachineUpdater] INFO  ratis.OzoneManagerStateMachine (OzoneManagerStateMachine.java:takeSnapshotImpl(470)) - snapshot = (t:2, i:67)
2024-03-04 12:52:19,344 [omNode-3-OMStateMachineApplyTransactionThread - 0] INFO  upgrade.OMPrepareRequest (OMPrepareRequest.java:validateAndUpdateCache(69)) - OM omNode-3 Received prepare request with log (t:2, i:68)
2024-03-04 12:52:19,344 [omNode-3-OMStateMachineApplyTransactionThread - 0] INFO  upgrade.OMPrepareRequest (OMPrepareRequest.java:waitForLogIndex(184)) - omNode-3 waiting for index 68 to flush to OM DB and index 69 to flush to Ratis state machine.
2024-03-04 12:52:19,343 [omNode-2@group-523986131536-StateMachineUpdater] INFO  ratis.OzoneManagerStateMachine (OzoneManagerStateMachine.java:takeSnapshotImpl(467)) -  applied = (t:2, i:66)
2024-03-04 12:52:19,344 [omNode-2@group-523986131536-StateMachineUpdater] INFO  ratis.OzoneManagerStateMachine (OzoneManagerStateMachine.java:takeSnapshotImpl(468)) -  skipped = 66
2024-03-04 12:52:19,344 [omNode-2@group-523986131536-StateMachineUpdater] INFO  ratis.OzoneManagerStateMachine (OzoneManagerStateMachine.java:takeSnapshotImpl(469)) - notified = (t:2, i:67)
2024-03-04 12:52:19,345 [omNode-2@group-523986131536-StateMachineUpdater] INFO  ratis.OzoneManagerStateMachine (OzoneManagerStateMachine.java:takeSnapshotImpl(470)) - snapshot = (t:2, i:67)
2024-03-04 12:52:19,358 [omNode-1@group-523986131536-StateMachineUpdater] INFO  impl.StateMachineUpdater (StateMachineUpdater.java:takeSnapshot(295)) - omNode-1@group-523986131536-StateMachineUpdater: Took a snapshot at index 67
2024-03-04 12:52:19,358 [omNode-1@group-523986131536-StateMachineUpdater] INFO  impl.StateMachineUpdater (StateMachineUpdater.java:lambda$new$0(98)) - omNode-1@group-523986131536-StateMachineUpdater: snapshotIndex: updateIncreasingly 15 -> 67
2024-03-04 12:52:19,358 [omNode-1@group-523986131536-StateMachineUpdater] INFO  raftlog.RaftLog (RaftLogBase.java:purge(330)) - omNode-1@group-523986131536-SegmentedRaftLog: purge 67
2024-03-04 12:52:19,358 [omNode-1@group-523986131536-StateMachineUpdater] INFO  raftlog.RaftLog (RaftLogBase.java:lambda$new$0(54)) - omNode-1@group-523986131536-SegmentedRaftLog: snapshotIndex: updateIncreasingly 15 -> 67
2024-03-04 12:52:19,359 [omNode-2@group-523986131536-StateMachineUpdater] INFO  impl.StateMachineUpdater (StateMachineUpdater.java:takeSnapshot(295)) - omNode-2@group-523986131536-StateMachineUpdater: Took a snapshot at index 67
2024-03-04 12:52:19,359 [omNode-2@group-523986131536-StateMachineUpdater] INFO  impl.StateMachineUpdater (StateMachineUpdater.java:lambda$new$0(98)) - omNode-2@group-523986131536-StateMachineUpdater: snapshotIndex: updateIncreasingly 15 -> 67
2024-03-04 12:52:19,359 [omNode-2@group-523986131536-StateMachineUpdater] INFO  raftlog.RaftLog (RaftLogBase.java:purge(330)) - omNode-2@group-523986131536-SegmentedRaftLog: purge 67
2024-03-04 12:52:19,359 [omNode-2@group-523986131536-StateMachineUpdater] INFO  raftlog.RaftLog (RaftLogBase.java:lambda$new$0(54)) - omNode-2@group-523986131536-SegmentedRaftLog: snapshotIndex: updateIncreasingly 15 -> 67
2024-03-04 12:52:19,359 [omNode-1@group-523986131536-StateMachineUpdater] INFO  raftlog.RaftLog (RaftLogBase.java:lambda$new$0(54)) - omNode-1@group-523986131536-SegmentedRaftLog: purgeIndex: updateToMax old=-1, new=67, updated? true
2024-03-04 12:52:19,359 [omNode-2@group-523986131536-StateMachineUpdater] INFO  raftlog.RaftLog (RaftLogBase.java:lambda$new$0(54)) - omNode-2@group-523986131536-SegmentedRaftLog: purgeIndex: updateToMax old=-1, new=67, updated? true
2024-03-04 12:52:19,359 [omNode-1-OMStateMachineApplyTransactionThread - 0] INFO  upgrade.OMPrepareRequest (OMPrepareRequest.java:validateAndUpdateCache(69)) - OM omNode-1 Received prepare request with log (t:2, i:68)
2024-03-04 12:52:19,359 [omNode-2-OMStateMachineApplyTransactionThread - 0] INFO  upgrade.OMPrepareRequest (OMPrepareRequest.java:validateAndUpdateCache(69)) - OM omNode-2 Received prepare request with log (t:2, i:68)
2024-03-04 12:52:19,359 [omNode-1-OMStateMachineApplyTransactionThread - 0] INFO  upgrade.OMPrepareRequest (OMPrepareRequest.java:waitForLogIndex(184)) - omNode-1 waiting for index 68 to flush to OM DB and index 69 to flush to Ratis state machine.
2024-03-04 12:52:19,359 [omNode-2-OMStateMachineApplyTransactionThread - 0] INFO  upgrade.OMPrepareRequest (OMPrepareRequest.java:waitForLogIndex(184)) - omNode-2 waiting for index 68 to flush to OM DB and index 69 to flush to Ratis state machine.
2024-03-04 12:52:24,360 [omNode-2-OMStateMachineApplyTransactionThread - 0] INFO  ratis.OzoneManagerStateMachine (OzoneManagerStateMachine.java:takeSnapshotImpl(467)) -  applied = (t:2, i:68)
2024-03-04 12:52:24,360 [omNode-2-OMStateMachineApplyTransactionThread - 0] INFO  ratis.OzoneManagerStateMachine (OzoneManagerStateMachine.java:takeSnapshotImpl(468)) -  skipped = 68
2024-03-04 12:52:24,360 [omNode-2-OMStateMachineApplyTransactionThread - 0] INFO  ratis.OzoneManagerStateMachine (OzoneManagerStateMachine.java:takeSnapshotImpl(469)) - notified = (t:2, i:69)
2024-03-04 12:52:24,360 [omNode-2-OMStateMachineApplyTransactionThread - 0] INFO  ratis.OzoneManagerStateMachine (OzoneManagerStateMachine.java:takeSnapshotImpl(470)) - snapshot = (t:2, i:69)
2024-03-04 12:52:24,360 [omNode-1-OMStateMachineApplyTransactionThread - 0] INFO  ratis.OzoneManagerStateMachine (OzoneManagerStateMachine.java:takeSnapshotImpl(467)) -  applied = (t:2, i:68)
2024-03-04 12:52:24,361 [omNode-1-OMStateMachineApplyTransactionThread - 0] INFO  ratis.OzoneManagerStateMachine (OzoneManagerStateMachine.java:takeSnapshotImpl(468)) -  skipped = 68
2024-03-04 12:52:24,362 [omNode-1-OMStateMachineApplyTransactionThread - 0] INFO  ratis.OzoneManagerStateMachine (OzoneManagerStateMachine.java:takeSnapshotImpl(469)) - notified = (t:2, i:69)
2024-03-04 12:52:24,362 [omNode-1-OMStateMachineApplyTransactionThread - 0] INFO  ratis.OzoneManagerStateMachine (OzoneManagerStateMachine.java:takeSnapshotImpl(470)) - snapshot = (t:2, i:69)
2024-03-04 12:52:24,365 [omNode-1-OMStateMachineApplyTransactionThread - 0] INFO  upgrade.OMPrepareRequest (OMPrepareRequest.java:takeSnapshotAndPurgeLogs(238)) - takeSnapshot at 69 for prepareIndex 69
2024-03-04 12:52:24,365 [omNode-1-OMStateMachineApplyTransactionThread - 0] INFO  raftlog.RaftLog (RaftLogBase.java:lambda$new$0(54)) - omNode-1@group-523986131536-SegmentedRaftLog: snapshotIndex: updateIncreasingly 67 -> 69
2024-03-04 12:52:24,365 [omNode-1-OMStateMachineApplyTransactionThread - 0] INFO  segmented.SegmentedRaftLogWorker (SegmentedRaftLogWorker.java:lambda$new$0(134)) - omNode-1@group-523986131536-SegmentedRaftLogWorker: safeCacheEvictIndex: setUnconditionally -1 -> 69
2024-03-04 12:52:24,365 [omNode-1-OMStateMachineApplyTransactionThread - 0] INFO  segmented.SegmentedRaftLogWorker (SegmentedRaftLogWorker.java:closeLogSegment(451)) - omNode-1@group-523986131536-SegmentedRaftLogWorker: Closing segment log_inprogress_16 to index: 69
2024-03-04 12:52:24,367 [omNode-1@group-523986131536-SegmentedRaftLogWorker] INFO  segmented.SegmentedRaftLogWorker (SegmentedRaftLogWorker.java:execute(591)) - omNode-1@group-523986131536-SegmentedRaftLogWorker: Rolled log segment from /home/runner/work/ozone/ozone/hadoop-ozone/integration-test/target/test-dir/MiniOzoneClusterImpl-fd608c45-4a56-4c9e-a7d8-2ca674675983/omNode-1/ratis/c9bc4cf4-3bc3-3c60-a66b-523986131536/current/log_inprogress_16 to /home/runner/work/ozone/ozone/hadoop-ozone/integration-test/target/test-dir/MiniOzoneClusterImpl-fd608c45-4a56-4c9e-a7d8-2ca674675983/omNode-1/ratis/c9bc4cf4-3bc3-3c60-a66b-523986131536/current/log_16-69
2024-03-04 12:52:24,367 [omNode-2-OMStateMachineApplyTransactionThread - 0] INFO  upgrade.OMPrepareRequest (OMPrepareRequest.java:takeSnapshotAndPurgeLogs(238)) - takeSnapshot at 69 for prepareIndex 69
2024-03-04 12:52:24,367 [omNode-2-OMStateMachineApplyTransactionThread - 0] INFO  raftlog.RaftLog (RaftLogBase.java:lambda$new$0(54)) - omNode-2@group-523986131536-SegmentedRaftLog: snapshotIndex: updateIncreasingly 67 -> 69
2024-03-04 12:52:24,367 [omNode-2-OMStateMachineApplyTransactionThread - 0] INFO  segmented.SegmentedRaftLogWorker (SegmentedRaftLogWorker.java:lambda$new$0(134)) - omNode-2@group-523986131536-SegmentedRaftLogWorker: safeCacheEvictIndex: setUnconditionally -1 -> 69
2024-03-04 12:52:24,367 [omNode-2-OMStateMachineApplyTransactionThread - 0] INFO  segmented.SegmentedRaftLogWorker (SegmentedRaftLogWorker.java:closeLogSegment(451)) - omNode-2@group-523986131536-SegmentedRaftLogWorker: Closing segment log_inprogress_16 to index: 69
2024-03-04 12:52:24,367 [omNode-1-OMStateMachineApplyTransactionThread - 0] INFO  om.OzoneManagerPrepareState (OzoneManagerPrepareState.java:writePrepareMarkerFile(262)) - Prepare marker file written with log index 68 to file /home/runner/work/ozone/ozone/hadoop-ozone/integration-test/target/test-dir/MiniOzoneClusterImpl-fd608c45-4a56-4c9e-a7d8-2ca674675983/omNode-1/current/prepareMarker
2024-03-04 12:52:24,368 [omNode-1-OMStateMachineApplyTransactionThread - 0] INFO  upgrade.OMPrepareRequest (OMPrepareRequest.java:validateAndUpdateCache(122)) - OM omNode-1 prepared at log index 68. Returning response txnID: 68
 with log index 68
2024-03-04 12:52:24,368 [omNode-2@group-523986131536-SegmentedRaftLogWorker] INFO  segmented.SegmentedRaftLogWorker (SegmentedRaftLogWorker.java:execute(591)) - omNode-2@group-523986131536-SegmentedRaftLogWorker: Rolled log segment from /home/runner/work/ozone/ozone/hadoop-ozone/integration-test/target/test-dir/MiniOzoneClusterImpl-fd608c45-4a56-4c9e-a7d8-2ca674675983/omNode-2/ratis/c9bc4cf4-3bc3-3c60-a66b-523986131536/current/log_inprogress_16 to /home/runner/work/ozone/ozone/hadoop-ozone/integration-test/target/test-dir/MiniOzoneClusterImpl-fd608c45-4a56-4c9e-a7d8-2ca674675983/omNode-2/ratis/c9bc4cf4-3bc3-3c60-a66b-523986131536/current/log_16-69
2024-03-04 12:52:24,369 [omNode-2-OMStateMachineApplyTransactionThread - 0] INFO  om.OzoneManagerPrepareState (OzoneManagerPrepareState.java:writePrepareMarkerFile(262)) - Prepare marker file written with log index 68 to file /home/runner/work/ozone/ozone/hadoop-ozone/integration-test/target/test-dir/MiniOzoneClusterImpl-fd608c45-4a56-4c9e-a7d8-2ca674675983/omNode-2/current/prepareMarker
2024-03-04 12:52:24,369 [omNode-2-OMStateMachineApplyTransactionThread - 0] INFO  upgrade.OMPrepareRequest (OMPrepareRequest.java:validateAndUpdateCache(122)) - OM omNode-2 prepared at log index 68. Returning response txnID: 68
 with log index 68
2024-03-04 12:52:55,192 [4bbbd664-54a3-4341-a2b1-78dad400ff0b-BlockDeletingService#0] INFO  interfaces.ContainerDeletionChoosingPolicyTemplate (ContainerDeletionChoosingPolicyTemplate.java:chooseContainerForBlockDeletion(85)) - Chosen 0/5000 blocks from 0 candidate containers.
2024-03-04 12:52:55,278 [9c16246b-dc76-4ea2-93d6-7de375a6f95b-BlockDeletingService#0] INFO  interfaces.ContainerDeletionChoosingPolicyTemplate (ContainerDeletionChoosingPolicyTemplate.java:chooseContainerForBlockDeletion(85)) - Chosen 0/5000 blocks from 0 candidate containers.
2024-03-04 12:52:55,397 [95d07b67-7df8-4e72-a5ab-9fbb131dae1f-BlockDeletingService#0] INFO  interfaces.ContainerDeletionChoosingPolicyTemplate (ContainerDeletionChoosingPolicyTemplate.java:chooseContainerForBlockDeletion(85)) - Chosen 0/5000 blocks from 0 candidate containers.
2024-03-04 12:53:55,193 [4bbbd664-54a3-4341-a2b1-78dad400ff0b-BlockDeletingService#1] INFO  interfaces.ContainerDeletionChoosingPolicyTemplate (ContainerDeletionChoosingPolicyTemplate.java:chooseContainerForBlockDeletion(85)) - Chosen 0/5000 blocks from 0 candidate containers.
2024-03-04 12:53:55,279 [9c16246b-dc76-4ea2-93d6-7de375a6f95b-BlockDeletingService#1] INFO  interfaces.ContainerDeletionChoosingPolicyTemplate (ContainerDeletionChoosingPolicyTemplate.java:chooseContainerForBlockDeletion(85)) - Chosen 0/5000 blocks from 0 candidate containers.
2024-03-04 12:53:55,398 [95d07b67-7df8-4e72-a5ab-9fbb131dae1f-BlockDeletingService#1] INFO  interfaces.ContainerDeletionChoosingPolicyTemplate (ContainerDeletionChoosingPolicyTemplate.java:chooseContainerForBlockDeletion(85)) - Chosen 0/5000 blocks from 0 candidate containers.
2024-03-04 12:54:19,353 [omNode-3-OMStateMachineApplyTransactionThread - 0] ERROR upgrade.OMPrepareRequest (OMPrepareRequest.java:validateAndUpdateCache(133)) - Prepare Request Apply failed in omNode-3. 
java.io.IOException: After waiting for 120 seconds, Ratis state machine applied index 67 which is less than the minimum required index 69.
	at org.apache.hadoop.ozone.om.request.upgrade.OMPrepareRequest.waitForLogIndex(OMPrepareRequest.java:216)
	at org.apache.hadoop.ozone.om.request.upgrade.OMPrepareRequest.validateAndUpdateCache(OMPrepareRequest.java:112)
	at org.apache.hadoop.ozone.protocolPB.OzoneManagerRequestHandler.lambda$0(OzoneManagerRequestHandler.java:397)
	at org.apache.hadoop.util.MetricUtil.captureLatencyNs(MetricUtil.java:45)
	at org.apache.hadoop.ozone.protocolPB.OzoneManagerRequestHandler.handleWriteRequestImpl(OzoneManagerRequestHandler.java:395)
	at org.apache.hadoop.ozone.protocolPB.RequestHandler.handleWriteRequest(RequestHandler.java:63)
	at org.apache.hadoop.ozone.om.ratis.OzoneManagerStateMachine.runCommand(OzoneManagerStateMachine.java:525)
	at org.apache.hadoop.ozone.om.ratis.OzoneManagerStateMachine.lambda$1(OzoneManagerStateMachine.java:343)
	at java.util.concurrent.CompletableFuture$AsyncSupply.run(CompletableFuture.java:1604)
	at java.util.concurrent.ThreadPoolExecutor.runWorker(ThreadPoolExecutor.java:1149)
	at java.util.concurrent.ThreadPoolExecutor$Worker.run(ThreadPoolExecutor.java:624)
	at java.lang.Thread.run(Thread.java:750)
2024-03-04 12:54:19,354 [omNode-3@group-523986131536-StateMachineUpdater] INFO  ratis.OzoneManagerStateMachine (OzoneManagerStateMachine.java:takeSnapshotImpl(467)) -  applied = (t:2, i:68)
2024-03-04 12:54:19,354 [omNode-3@group-523986131536-StateMachineUpdater] INFO  ratis.OzoneManagerStateMachine (OzoneManagerStateMachine.java:takeSnapshotImpl(468)) -  skipped = 66
2024-03-04 12:54:19,354 [omNode-3@group-523986131536-StateMachineUpdater] INFO  ratis.OzoneManagerStateMachine (OzoneManagerStateMachine.java:takeSnapshotImpl(469)) - notified = (t:2, i:67)
2024-03-04 12:54:19,354 [omNode-3@group-523986131536-StateMachineUpdater] INFO  ratis.OzoneManagerStateMachine (OzoneManagerStateMachine.java:takeSnapshotImpl(470)) - snapshot = (t:2, i:68)
2024-03-04 12:54:19,358 [main] INFO  om.OzoneManager (OzoneManager.java:stop(2204)) - omNode-3[localhost:15012]: Stopping Ozone Manager
2024-03-04 12:54:19,358 [main] INFO  ipc.Server (Server.java:stop(3523)) - Stopping server on 15012
2024-03-04 12:54:19,360 [IPC Server listener on 15012] INFO  ipc.Server (Server.java:run(1434)) - Stopping IPC Server listener on 15012
2024-03-04 12:54:19,361 [IPC Server Responder] INFO  ipc.Server (Server.java:run(1567)) - Stopping IPC Server Responder
2024-03-04 12:54:19,365 [main] INFO  ratis.OzoneManagerRatisServer (OzoneManagerRatisServer.java:stop(594)) - Stopping org.apache.hadoop.ozone.om.ratis.OzoneManagerRatisServer@35accf84 at port 15015
2024-03-04 12:54:19,366 [main] INFO  server.RaftServer (RaftServerProxy.java:lambda$close$9(416)) - omNode-3: close
2024-03-04 12:54:19,366 [main] INFO  server.GrpcService (GrpcService.java:closeImpl(311)) - omNode-3: shutdown server GrpcServerProtocolService now
2024-03-04 12:54:19,366 [omNode-3-impl-thread2] INFO  server.RaftServer$Division (RaftServerImpl.java:lambda$close$3(526)) - omNode-3@group-523986131536: shutdown
2024-03-04 12:54:19,366 [omNode-3-impl-thread2] INFO  util.JmxRegister (JmxRegister.java:unregister(73)) - Successfully un-registered JMX Bean with object name Ratis:service=RaftServer,group=group-523986131536,id=omNode-3
2024-03-04 12:54:19,366 [omNode-3-impl-thread2] INFO  impl.RoleInfo (RoleInfo.java:shutdownLeaderState(94)) - omNode-3: shutdown omNode-3@group-523986131536-LeaderStateImpl
2024-03-04 12:54:19,367 [omNode-3-impl-thread2] INFO  impl.PendingRequests (PendingRequests.java:sendNotLeaderResponses(289)) - omNode-3@group-523986131536-PendingRequests: sendNotLeaderResponses
2024-03-04 12:54:19,367 [omNode-3@group-523986131536->omNode-1-GrpcLogAppender-LogAppenderDaemon] WARN  server.GrpcLogAppender (GrpcLogAppender.java:mayWait(289)) - omNode-3@group-523986131536->omNode-1-GrpcLogAppender: Wait interrupted by java.lang.InterruptedException
2024-03-04 12:54:19,367 [omNode-3@group-523986131536->omNode-2-GrpcLogAppender-LogAppenderDaemon] WARN  server.GrpcLogAppender (GrpcLogAppender.java:mayWait(289)) - omNode-3@group-523986131536->omNode-2-GrpcLogAppender: Wait interrupted by java.lang.InterruptedException
2024-03-04 12:54:19,367 [grpc-default-executor-4] INFO  server.GrpcServerProtocolService (GrpcServerProtocolService.java:onCompleted(157)) - omNode-1: Completed APPEND_ENTRIES, lastRequest: omNode-3->omNode-1#118-t2,previous=(t:2, i:68),leaderCommit=68,initializing? false,entries: size=1, first=(t:2, i:69), METADATAENTRY(c:68)
2024-03-04 12:54:19,367 [grpc-default-executor-4] INFO  server.GrpcServerProtocolService (GrpcServerProtocolService.java:lambda$onCompleted$5(159)) - omNode-1: Completed APPEND_ENTRIES, lastReply: null
2024-03-04 12:54:19,368 [grpc-default-executor-3] INFO  server.GrpcServerProtocolService (GrpcServerProtocolService.java:onCompleted(157)) - omNode-2: Completed APPEND_ENTRIES, lastRequest: omNode-3->omNode-2#134-t2,previous=(t:2, i:68),leaderCommit=68,initializing? false,entries: size=1, first=(t:2, i:69), METADATAENTRY(c:68)
2024-03-04 12:54:19,368 [grpc-default-executor-3] INFO  server.GrpcServerProtocolService (GrpcServerProtocolService.java:lambda$onCompleted$5(159)) - omNode-2: Completed APPEND_ENTRIES, lastReply: null
2024-03-04 12:54:19,368 [grpc-default-executor-8] INFO  server.GrpcServerProtocolService (GrpcServerProtocolService.java:onCompleted(157)) - omNode-2: Completed APPEND_ENTRIES, lastRequest: null
2024-03-04 12:54:19,368 [grpc-default-executor-9] INFO  server.GrpcServerProtocolService (GrpcServerProtocolService.java:onCompleted(157)) - omNode-1: Completed APPEND_ENTRIES, lastRequest: null
2024-03-04 12:54:19,370 [grpc-default-executor-10] INFO  server.GrpcLogAppender (GrpcLogAppender.java:onCompleted(546)) - omNode-3@group-523986131536->omNode-2-AppendLogResponseHandler: follower responses appendEntries COMPLETED
2024-03-04 12:54:19,370 [grpc-default-executor-9] INFO  server.GrpcServerProtocolService (GrpcServerProtocolService.java:lambda$onCompleted$5(159)) - omNode-1: Completed APPEND_ENTRIES, lastReply: serverReply {
  requestorId: "omNode-3"
  replyId: "omNode-1"
  raftGroupId {
    id: "\311\274L\364;\303<`\246kR9\206\023\0256"
  }
  callId: 360
  success: true
}
term: 2
nextIndex: 70
followerCommit: 69
matchIndex: 18446744073709551615
isHearbeat: true

2024-03-04 12:54:19,371 [grpc-default-executor-3] INFO  server.GrpcLogAppender (GrpcLogAppender.java:onCompleted(546)) - omNode-3@group-523986131536->omNode-1-AppendLogResponseHandler: follower responses appendEntries COMPLETED
2024-03-04 12:54:19,373 [grpc-default-executor-8] INFO  server.GrpcServerProtocolService (GrpcServerProtocolService.java:lambda$onCompleted$5(159)) - omNode-2: Completed APPEND_ENTRIES, lastReply: serverReply {
  requestorId: "omNode-3"
  replyId: "omNode-2"
  raftGroupId {
    id: "\311\274L\364;\303<`\246kR9\206\023\0256"
  }
  callId: 376
  success: true
}
term: 2
nextIndex: 70
followerCommit: 69
matchIndex: 18446744073709551615
isHearbeat: true

2024-03-04 12:54:19,373 [omNode-3-impl-thread2] INFO  impl.StateMachineUpdater (StateMachineUpdater.java:stopAndJoin(157)) - omNode-3@group-523986131536-StateMachineUpdater: set stopIndex = 69
2024-03-04 12:54:19,378 [grpc-default-executor-4] INFO  server.GrpcLogAppender (GrpcLogAppender.java:onCompleted(546)) - omNode-3@group-523986131536->omNode-1-AppendLogResponseHandler: follower responses appendEntries COMPLETED
2024-03-04 12:54:19,378 [Thread-1303] INFO  server.GrpcServerProtocolClient (GrpcServerProtocolClient.java:close(103)) - omNode-1 Close channels
2024-03-04 12:54:19,378 [Thread-1304] INFO  server.GrpcServerProtocolClient (GrpcServerProtocolClient.java:close(103)) - omNode-2 Close channels
2024-03-04 12:54:19,380 [grpc-default-executor-11] INFO  server.GrpcLogAppender (GrpcLogAppender.java:onCompleted(546)) - omNode-3@group-523986131536->omNode-2-AppendLogResponseHandler: follower responses appendEntries COMPLETED
2024-03-04 12:54:19,380 [grpc-default-executor-4] WARN  server.GrpcLogAppender (GrpcLogAppender.java:resetClient(226)) - omNode-3@group-523986131536->omNode-1-GrpcLogAppender: Failed to getClient for omNode-1
org.apache.ratis.protocol.exceptions.AlreadyClosedException: omNode-3 is already CLOSED
	at org.apache.ratis.util.PeerProxyMap$PeerAndProxy.getProxy(PeerProxyMap.java:65)
	at org.apache.ratis.util.PeerProxyMap.getProxy(PeerProxyMap.java:114)
	at org.apache.ratis.grpc.server.GrpcLogAppender.getClient(GrpcLogAppender.java:196)
	at org.apache.ratis.grpc.server.GrpcLogAppender.resetClient(GrpcLogAppender.java:201)
	at org.apache.ratis.grpc.server.GrpcLogAppender.access$800(GrpcLogAppender.java:62)
	at org.apache.ratis.grpc.server.GrpcLogAppender$AppendLogResponseHandler.onCompleted(GrpcLogAppender.java:547)
	at org.apache.ratis.thirdparty.io.grpc.stub.ClientCalls$StreamObserverToCallListenerAdapter.onClose(ClientCalls.java:479)
	at org.apache.ratis.thirdparty.io.grpc.internal.DelayedClientCall$DelayedListener$3.run(DelayedClientCall.java:489)
	at org.apache.ratis.thirdparty.io.grpc.internal.DelayedClientCall$DelayedListener.delayOrExecute(DelayedClientCall.java:453)
	at org.apache.ratis.thirdparty.io.grpc.internal.DelayedClientCall$DelayedListener.onClose(DelayedClientCall.java:486)
	at org.apache.ratis.thirdparty.io.grpc.internal.ClientCallImpl.closeObserver(ClientCallImpl.java:567)
	at org.apache.ratis.thirdparty.io.grpc.internal.ClientCallImpl.access$300(ClientCallImpl.java:71)
	at org.apache.ratis.thirdparty.io.grpc.internal.ClientCallImpl$ClientStreamListenerImpl$1StreamClosed.runInternal(ClientCallImpl.java:735)
	at org.apache.ratis.thirdparty.io.grpc.internal.ClientCallImpl$ClientStreamListenerImpl$1StreamClosed.runInContext(ClientCallImpl.java:716)
	at org.apache.ratis.thirdparty.io.grpc.internal.ContextRunnable.run(ContextRunnable.java:37)
	at org.apache.ratis.thirdparty.io.grpc.internal.SerializingExecutor.run(SerializingExecutor.java:133)
	at java.util.concurrent.ThreadPoolExecutor.runWorker(ThreadPoolExecutor.java:1149)
	at java.util.concurrent.ThreadPoolExecutor$Worker.run(ThreadPoolExecutor.java:624)
	at java.lang.Thread.run(Thread.java:750)
2024-03-04 12:54:19,381 [main] INFO  server.GrpcService (GrpcService.java:closeImpl(320)) - omNode-3: shutdown server GrpcServerProtocolService successfully
2024-03-04 12:54:19,381 [omNode-3@group-523986131536-StateMachineUpdater] INFO  impl.StateMachineUpdater (StateMachineUpdater.java:takeSnapshot(295)) - omNode-3@group-523986131536-StateMachineUpdater: Took a snapshot at index 68
2024-03-04 12:54:19,381 [omNode-3@group-523986131536-StateMachineUpdater] INFO  impl.StateMachineUpdater (StateMachineUpdater.java:lambda$new$0(98)) - omNode-3@group-523986131536-StateMachineUpdater: snapshotIndex: updateIncreasingly 15 -> 68
2024-03-04 12:54:19,381 [omNode-3@group-523986131536-StateMachineUpdater] INFO  raftlog.RaftLog (RaftLogBase.java:purge(330)) - omNode-3@group-523986131536-SegmentedRaftLog: purge 68
2024-03-04 12:54:19,381 [omNode-3@group-523986131536-StateMachineUpdater] INFO  raftlog.RaftLog (RaftLogBase.java:lambda$new$0(54)) - omNode-3@group-523986131536-SegmentedRaftLog: snapshotIndex: updateIncreasingly 15 -> 68
2024-03-04 12:54:19,381 [omNode-3@group-523986131536-StateMachineUpdater] INFO  raftlog.RaftLog (RaftLogBase.java:lambda$new$0(54)) - omNode-3@group-523986131536-SegmentedRaftLog: purgeIndex: updateToMax old=-1, new=68, updated? true
2024-03-04 12:54:19,381 [omNode-3@group-523986131536-StateMachineUpdater] INFO  ratis.OzoneManagerStateMachine (OzoneManagerStateMachine.java:takeSnapshotImpl(467)) -  applied = (t:2, i:68)
2024-03-04 12:54:19,381 [omNode-3@group-523986131536-StateMachineUpdater] INFO  ratis.OzoneManagerStateMachine (OzoneManagerStateMachine.java:takeSnapshotImpl(468)) -  skipped = 68
2024-03-04 12:54:19,382 [omNode-3@group-523986131536-StateMachineUpdater] INFO  ratis.OzoneManagerStateMachine (OzoneManagerStateMachine.java:takeSnapshotImpl(469)) - notified = (t:2, i:69)
2024-03-04 12:54:19,382 [omNode-3@group-523986131536-StateMachineUpdater] INFO  ratis.OzoneManagerStateMachine (OzoneManagerStateMachine.java:takeSnapshotImpl(470)) - snapshot = (t:2, i:69)
2024-03-04 12:54:19,385 [omNode-3@group-523986131536-StateMachineUpdater] INFO  impl.StateMachineUpdater (StateMachineUpdater.java:takeSnapshot(295)) - omNode-3@group-523986131536-StateMachineUpdater: Took a snapshot at index 69
2024-03-04 12:54:19,385 [omNode-3@group-523986131536-StateMachineUpdater] INFO  impl.StateMachineUpdater (StateMachineUpdater.java:lambda$new$0(98)) - omNode-3@group-523986131536-StateMachineUpdater: snapshotIndex: updateIncreasingly 68 -> 69
2024-03-04 12:54:19,385 [omNode-3@group-523986131536-StateMachineUpdater] INFO  ratis.OzoneManagerStateMachine (OzoneManagerStateMachine.java:close(513)) - Stopping OzoneManagerStateMachine:omNode-3:group-523986131536.
2024-03-04 12:54:19,385 [omNode-3@group-523986131536-StateMachineUpdater] INFO  ratis.OzoneManagerDoubleBuffer (OzoneManagerDoubleBuffer.java:stopDaemon(518)) - Stopping OMDoubleBuffer flush thread
2024-03-04 12:54:19,385 [omNode-3-OMDoubleBufferFlushThread] INFO  ratis.OzoneManagerDoubleBuffer (OzoneManagerDoubleBuffer.java:canFlush(582)) - OMDoubleBuffer flush thread omNode-3-OMDoubleBufferFlushThread is interrupted and will exit.
2024-03-04 12:54:19,381 [grpc-default-executor-11] WARN  server.GrpcLogAppender (GrpcLogAppender.java:resetClient(226)) - omNode-3@group-523986131536->omNode-2-GrpcLogAppender: Failed to getClient for omNode-2
org.apache.ratis.protocol.exceptions.AlreadyClosedException: omNode-3 is already CLOSED
	at org.apache.ratis.util.PeerProxyMap$PeerAndProxy.getProxy(PeerProxyMap.java:65)
	at org.apache.ratis.util.PeerProxyMap.getProxy(PeerProxyMap.java:114)
	at org.apache.ratis.grpc.server.GrpcLogAppender.getClient(GrpcLogAppender.java:196)
	at org.apache.ratis.grpc.server.GrpcLogAppender.resetClient(GrpcLogAppender.java:201)
	at org.apache.ratis.grpc.server.GrpcLogAppender.access$800(GrpcLogAppender.java:62)
	at org.apache.ratis.grpc.server.GrpcLogAppender$AppendLogResponseHandler.onCompleted(GrpcLogAppender.java:547)
	at org.apache.ratis.thirdparty.io.grpc.stub.ClientCalls$StreamObserverToCallListenerAdapter.onClose(ClientCalls.java:479)
	at org.apache.ratis.thirdparty.io.grpc.internal.DelayedClientCall$DelayedListener$3.run(DelayedClientCall.java:489)
	at org.apache.ratis.thirdparty.io.grpc.internal.DelayedClientCall$DelayedListener.delayOrExecute(DelayedClientCall.java:453)
	at org.apache.ratis.thirdparty.io.grpc.internal.DelayedClientCall$DelayedListener.onClose(DelayedClientCall.java:486)
	at org.apache.ratis.thirdparty.io.grpc.internal.ClientCallImpl.closeObserver(ClientCallImpl.java:567)
	at org.apache.ratis.thirdparty.io.grpc.internal.ClientCallImpl.access$300(ClientCallImpl.java:71)
	at org.apache.ratis.thirdparty.io.grpc.internal.ClientCallImpl$ClientStreamListenerImpl$1StreamClosed.runInternal(ClientCallImpl.java:735)
	at org.apache.ratis.thirdparty.io.grpc.internal.ClientCallImpl$ClientStreamListenerImpl$1StreamClosed.runInContext(ClientCallImpl.java:716)
	at org.apache.ratis.thirdparty.io.grpc.internal.ContextRunnable.run(ContextRunnable.java:37)
	at org.apache.ratis.thirdparty.io.grpc.internal.SerializingExecutor.run(SerializingExecutor.java:133)
	at java.util.concurrent.ThreadPoolExecutor.runWorker(ThreadPoolExecutor.java:1149)
	at java.util.concurrent.ThreadPoolExecutor$Worker.run(ThreadPoolExecutor.java:624)
	at java.lang.Thread.run(Thread.java:750)
2024-03-04 12:54:19,387 [omNode-3-impl-thread2] INFO  server.RaftServer$Division (ServerState.java:close(427)) - omNode-3@group-523986131536: applyIndex: 68
2024-03-04 12:54:19,387 [omNode-3@group-523986131536-cacheEviction-AwaitToRun] INFO  util.AwaitToRun (AwaitToRun.java:run(49)) - omNode-3@group-523986131536-cacheEviction-AwaitToRun-AwaitForSignal is interrupted
2024-03-04 12:54:20,353 [omNode-3-impl-thread2] INFO  segmented.SegmentedRaftLogWorker (SegmentedRaftLogWorker.java:close(245)) - omNode-3@group-523986131536-SegmentedRaftLogWorker close()
2024-03-04 12:54:20,354 [JvmPauseMonitor7] INFO  util.JvmPauseMonitor (JvmPauseMonitor.java:run(152)) - JvmPauseMonitor-omNode-3: Stopped
2024-03-04 12:54:20,355 [main] INFO  utils.BackgroundService (BackgroundService.java:shutdown(160)) - Shutting down service KeyDeletingService
2024-03-04 12:54:20,355 [main] INFO  utils.BackgroundService (BackgroundService.java:shutdown(160)) - Shutting down service DirectoryDeletingService
2024-03-04 12:54:20,356 [main] INFO  utils.BackgroundService (BackgroundService.java:shutdown(160)) - Shutting down service OpenKeyCleanupService
2024-03-04 12:54:20,356 [main] INFO  utils.BackgroundService (BackgroundService.java:shutdown(160)) - Shutting down service SstFilteringService
2024-03-04 12:54:20,356 [main] INFO  utils.BackgroundService (BackgroundService.java:shutdown(160)) - Shutting down service SnapshotDeletingService
2024-03-04 12:54:20,356 [main] INFO  utils.BackgroundService (BackgroundService.java:shutdown(160)) - Shutting down service MultipartUploadCleanupService
2024-03-04 12:54:20,356 [main] INFO  utils.BackgroundService (BackgroundService.java:shutdown(160)) - Shutting down service SnapshotDirectoryCleaningService
2024-03-04 12:54:20,357 [main] INFO  handler.ContextHandler (ContextHandler.java:doStop(1159)) - Stopped o.e.j.w.WebAppContext@442ac743{ozoneManager,/,null,STOPPED}{file:/home/runner/work/ozone/ozone/hadoop-ozone/integration-test/target/test-classes/webapps/ozoneManager}
2024-03-04 12:54:20,358 [main] INFO  server.AbstractConnector (AbstractConnector.java:doStop(383)) - Stopped ServerConnector@32a2d058{HTTP/1.1, (http/1.1)}{0.0.0.0:15013}
2024-03-04 12:54:20,358 [main] INFO  server.session (HouseKeeper.java:stopScavenging(149)) - node0 Stopped scavenging
2024-03-04 12:54:20,358 [main] INFO  handler.ContextHandler (ContextHandler.java:doStop(1159)) - Stopped o.e.j.s.ServletContextHandler@193176e9{static,/static,file:///home/runner/work/ozone/ozone/hadoop-ozone/integration-test/target/test-classes/webapps/static,STOPPED}
2024-03-04 12:54:20,358 [main] INFO  handler.ContextHandler (ContextHandler.java:doStop(1159)) - Stopped o.e.j.s.ServletContextHandler@24aa4c33{logs,/logs,file:///home/runner/work/ozone/ozone/hadoop-ozone/integration-test/target/log,STOPPED}
2024-03-04 12:54:20,359 [main] INFO  rocksdiff.RocksDBCheckpointDiffer (RocksDBCheckpointDiffer.java:close(310)) - Shutting down CompactionDagPruningService.
2024-03-04 12:54:20,361 [main] INFO  snapshot.SnapshotDiffManager (SnapshotDiffManager.java:closeExecutorService(1657)) - Shutting down executorService: 'SnapDiffExecutor'
2024-03-04 12:54:20,361 [main] INFO  utils.BackgroundService (BackgroundService.java:shutdown(160)) - Shutting down service SnapshotDiffCleanupService
2024-03-04 12:54:20,361 [main] INFO  om.OzoneManager (OzoneManager.java:stop(2204)) - omNode-1[localhost:15004]: Stopping Ozone Manager
2024-03-04 12:54:20,362 [main] INFO  ipc.Server (Server.java:stop(3523)) - Stopping server on 15004
2024-03-04 12:54:20,364 [IPC Server listener on 15004] INFO  ipc.Server (Server.java:run(1434)) - Stopping IPC Server listener on 15004
2024-03-04 12:54:20,364 [IPC Server Responder] INFO  ipc.Server (Server.java:run(1567)) - Stopping IPC Server Responder
2024-03-04 12:54:20,365 [main] INFO  ratis.OzoneManagerRatisServer (OzoneManagerRatisServer.java:stop(594)) - Stopping org.apache.hadoop.ozone.om.ratis.OzoneManagerRatisServer@554d8d87 at port 15007
2024-03-04 12:54:20,365 [main] INFO  server.RaftServer (RaftServerProxy.java:lambda$close$9(416)) - omNode-1: close
2024-03-04 12:54:20,365 [main] INFO  server.GrpcService (GrpcService.java:closeImpl(311)) - omNode-1: shutdown server GrpcServerProtocolService now
2024-03-04 12:54:20,365 [omNode-1-impl-thread2] INFO  server.RaftServer$Division (RaftServerImpl.java:lambda$close$3(526)) - omNode-1@group-523986131536: shutdown
2024-03-04 12:54:20,367 [omNode-1-impl-thread2] INFO  util.JmxRegister (JmxRegister.java:unregister(73)) - Successfully un-registered JMX Bean with object name Ratis:service=RaftServer,group=group-523986131536,id=omNode-1
2024-03-04 12:54:20,367 [omNode-1-impl-thread2] INFO  impl.RoleInfo (RoleInfo.java:shutdownFollowerState(110)) - omNode-1: shutdown omNode-1@group-523986131536-FollowerState
2024-03-04 12:54:20,367 [main] INFO  server.GrpcService (GrpcService.java:closeImpl(320)) - omNode-1: shutdown server GrpcServerProtocolService successfully
2024-03-04 12:54:20,367 [omNode-1-impl-thread2] INFO  impl.StateMachineUpdater (StateMachineUpdater.java:stopAndJoin(157)) - omNode-1@group-523986131536-StateMachineUpdater: set stopIndex = 69
2024-03-04 12:54:20,367 [omNode-1@group-523986131536-FollowerState] INFO  impl.FollowerState (FollowerState.java:run(152)) - omNode-1@group-523986131536-FollowerState was interrupted
2024-03-04 12:54:20,368 [omNode-1@group-523986131536-StateMachineUpdater] INFO  ratis.OzoneManagerStateMachine (OzoneManagerStateMachine.java:takeSnapshotImpl(467)) -  applied = (t:2, i:68)
2024-03-04 12:54:20,368 [omNode-1@group-523986131536-StateMachineUpdater] INFO  ratis.OzoneManagerStateMachine (OzoneManagerStateMachine.java:takeSnapshotImpl(468)) -  skipped = 68
2024-03-04 12:54:20,368 [omNode-1@group-523986131536-StateMachineUpdater] INFO  ratis.OzoneManagerStateMachine (OzoneManagerStateMachine.java:takeSnapshotImpl(469)) - notified = (t:2, i:69)
2024-03-04 12:54:20,368 [omNode-1@group-523986131536-StateMachineUpdater] INFO  ratis.OzoneManagerStateMachine (OzoneManagerStateMachine.java:takeSnapshotImpl(470)) - snapshot = (t:2, i:69)
2024-03-04 12:54:20,372 [omNode-1@group-523986131536-StateMachineUpdater] INFO  impl.StateMachineUpdater (StateMachineUpdater.java:takeSnapshot(295)) - omNode-1@group-523986131536-StateMachineUpdater: Took a snapshot at index 69
2024-03-04 12:54:20,372 [omNode-1@group-523986131536-StateMachineUpdater] INFO  impl.StateMachineUpdater (StateMachineUpdater.java:lambda$new$0(98)) - omNode-1@group-523986131536-StateMachineUpdater: snapshotIndex: updateIncreasingly 67 -> 69
2024-03-04 12:54:20,372 [omNode-1@group-523986131536-StateMachineUpdater] INFO  ratis.OzoneManagerStateMachine (OzoneManagerStateMachine.java:close(513)) - Stopping OzoneManagerStateMachine:omNode-1:group-523986131536.
2024-03-04 12:54:20,372 [omNode-1@group-523986131536-StateMachineUpdater] INFO  ratis.OzoneManagerDoubleBuffer (OzoneManagerDoubleBuffer.java:stopDaemon(518)) - Stopping OMDoubleBuffer flush thread
2024-03-04 12:54:20,372 [omNode-1-OMDoubleBufferFlushThread] INFO  ratis.OzoneManagerDoubleBuffer (OzoneManagerDoubleBuffer.java:canFlush(582)) - OMDoubleBuffer flush thread omNode-1-OMDoubleBufferFlushThread is interrupted and will exit.
2024-03-04 12:54:20,373 [omNode-1-impl-thread2] INFO  server.RaftServer$Division (ServerState.java:close(427)) - omNode-1@group-523986131536: applyIndex: 68
2024-03-04 12:54:20,373 [omNode-1@group-523986131536-cacheEviction-AwaitToRun] INFO  util.AwaitToRun (AwaitToRun.java:run(49)) - omNode-1@group-523986131536-cacheEviction-AwaitToRun-AwaitForSignal is interrupted
2024-03-04 12:54:20,378 [omNode-1-impl-thread2] INFO  segmented.SegmentedRaftLogWorker (SegmentedRaftLogWorker.java:close(245)) - omNode-1@group-523986131536-SegmentedRaftLogWorker close()
2024-03-04 12:54:20,379 [JvmPauseMonitor8] INFO  util.JvmPauseMonitor (JvmPauseMonitor.java:run(152)) - JvmPauseMonitor-omNode-1: Stopped
2024-03-04 12:54:20,380 [main] INFO  utils.BackgroundService (BackgroundService.java:shutdown(160)) - Shutting down service KeyDeletingService
2024-03-04 12:54:20,380 [main] INFO  utils.BackgroundService (BackgroundService.java:shutdown(160)) - Shutting down service DirectoryDeletingService
2024-03-04 12:54:20,380 [main] INFO  utils.BackgroundService (BackgroundService.java:shutdown(160)) - Shutting down service OpenKeyCleanupService
2024-03-04 12:54:20,380 [main] INFO  utils.BackgroundService (BackgroundService.java:shutdown(160)) - Shutting down service SstFilteringService
2024-03-04 12:54:20,381 [main] INFO  utils.BackgroundService (BackgroundService.java:shutdown(160)) - Shutting down service SnapshotDeletingService
2024-03-04 12:54:20,381 [main] INFO  utils.BackgroundService (BackgroundService.java:shutdown(160)) - Shutting down service MultipartUploadCleanupService
2024-03-04 12:54:20,381 [main] INFO  utils.BackgroundService (BackgroundService.java:shutdown(160)) - Shutting down service SnapshotDirectoryCleaningService
2024-03-04 12:54:20,382 [main] INFO  handler.ContextHandler (ContextHandler.java:doStop(1159)) - Stopped o.e.j.w.WebAppContext@1d1c44a{ozoneManager,/,null,STOPPED}{file:/home/runner/work/ozone/ozone/hadoop-ozone/integration-test/target/test-classes/webapps/ozoneManager}
2024-03-04 12:54:20,383 [main] INFO  server.AbstractConnector (AbstractConnector.java:doStop(383)) - Stopped ServerConnector@141fede7{HTTP/1.1, (http/1.1)}{0.0.0.0:15005}
2024-03-04 12:54:20,383 [main] INFO  server.session (HouseKeeper.java:stopScavenging(149)) - node0 Stopped scavenging
2024-03-04 12:54:20,383 [main] INFO  handler.ContextHandler (ContextHandler.java:doStop(1159)) - Stopped o.e.j.s.ServletContextHandler@3e01b9e8{static,/static,file:///home/runner/work/ozone/ozone/hadoop-ozone/integration-test/target/test-classes/webapps/static,STOPPED}
2024-03-04 12:54:20,383 [main] INFO  handler.ContextHandler (ContextHandler.java:doStop(1159)) - Stopped o.e.j.s.ServletContextHandler@3d3e574{logs,/logs,file:///home/runner/work/ozone/ozone/hadoop-ozone/integration-test/target/log,STOPPED}
2024-03-04 12:54:20,384 [main] INFO  rocksdiff.RocksDBCheckpointDiffer (RocksDBCheckpointDiffer.java:close(310)) - Shutting down CompactionDagPruningService.
2024-03-04 12:54:20,385 [main] INFO  snapshot.SnapshotDiffManager (SnapshotDiffManager.java:closeExecutorService(1657)) - Shutting down executorService: 'SnapDiffExecutor'
2024-03-04 12:54:20,385 [main] INFO  utils.BackgroundService (BackgroundService.java:shutdown(160)) - Shutting down service SnapshotDiffCleanupService
2024-03-04 12:54:20,386 [main] INFO  om.OzoneManager (OzoneManager.java:stop(2204)) - omNode-2[localhost:15008]: Stopping Ozone Manager
2024-03-04 12:54:20,386 [main] INFO  ipc.Server (Server.java:stop(3523)) - Stopping server on 15008
2024-03-04 12:54:20,387 [IPC Server listener on 15008] INFO  ipc.Server (Server.java:run(1434)) - Stopping IPC Server listener on 15008
2024-03-04 12:54:20,387 [IPC Server Responder] INFO  ipc.Server (Server.java:run(1567)) - Stopping IPC Server Responder
2024-03-04 12:54:20,388 [main] INFO  ratis.OzoneManagerRatisServer (OzoneManagerRatisServer.java:stop(594)) - Stopping org.apache.hadoop.ozone.om.ratis.OzoneManagerRatisServer@52206882 at port 15011
2024-03-04 12:54:20,389 [main] INFO  server.RaftServer (RaftServerProxy.java:lambda$close$9(416)) - omNode-2: close
2024-03-04 12:54:20,389 [main] INFO  server.GrpcService (GrpcService.java:closeImpl(311)) - omNode-2: shutdown server GrpcServerProtocolService now
2024-03-04 12:54:20,389 [omNode-2-impl-thread2] INFO  server.RaftServer$Division (RaftServerImpl.java:lambda$close$3(526)) - omNode-2@group-523986131536: shutdown
2024-03-04 12:54:20,389 [omNode-2-impl-thread2] INFO  util.JmxRegister (JmxRegister.java:unregister(73)) - Successfully un-registered JMX Bean with object name Ratis:service=RaftServer,group=group-523986131536,id=omNode-2
2024-03-04 12:54:20,390 [omNode-2-impl-thread2] INFO  impl.RoleInfo (RoleInfo.java:shutdownFollowerState(110)) - omNode-2: shutdown omNode-2@group-523986131536-FollowerState
2024-03-04 12:54:20,390 [omNode-2@group-523986131536-FollowerState] INFO  impl.FollowerState (FollowerState.java:run(152)) - omNode-2@group-523986131536-FollowerState was interrupted
2024-03-04 12:54:20,390 [omNode-2-impl-thread2] INFO  impl.StateMachineUpdater (StateMachineUpdater.java:stopAndJoin(157)) - omNode-2@group-523986131536-StateMachineUpdater: set stopIndex = 69
2024-03-04 12:54:20,390 [omNode-2@group-523986131536-StateMachineUpdater] INFO  ratis.OzoneManagerStateMachine (OzoneManagerStateMachine.java:takeSnapshotImpl(467)) -  applied = (t:2, i:68)
2024-03-04 12:54:20,390 [omNode-2@group-523986131536-StateMachineUpdater] INFO  ratis.OzoneManagerStateMachine (OzoneManagerStateMachine.java:takeSnapshotImpl(468)) -  skipped = 68
2024-03-04 12:54:20,390 [omNode-2@group-523986131536-StateMachineUpdater] INFO  ratis.OzoneManagerStateMachine (OzoneManagerStateMachine.java:takeSnapshotImpl(469)) - notified = (t:2, i:69)
2024-03-04 12:54:20,390 [omNode-2@group-523986131536-StateMachineUpdater] INFO  ratis.OzoneManagerStateMachine (OzoneManagerStateMachine.java:takeSnapshotImpl(470)) - snapshot = (t:2, i:69)
2024-03-04 12:54:20,392 [main] INFO  server.GrpcService (GrpcService.java:closeImpl(320)) - omNode-2: shutdown server GrpcServerProtocolService successfully
2024-03-04 12:54:20,394 [omNode-2@group-523986131536-StateMachineUpdater] INFO  impl.StateMachineUpdater (StateMachineUpdater.java:takeSnapshot(295)) - omNode-2@group-523986131536-StateMachineUpdater: Took a snapshot at index 69
2024-03-04 12:54:20,394 [omNode-2@group-523986131536-StateMachineUpdater] INFO  impl.StateMachineUpdater (StateMachineUpdater.java:lambda$new$0(98)) - omNode-2@group-523986131536-StateMachineUpdater: snapshotIndex: updateIncreasingly 67 -> 69
2024-03-04 12:54:20,394 [omNode-2@group-523986131536-StateMachineUpdater] INFO  ratis.OzoneManagerStateMachine (OzoneManagerStateMachine.java:close(513)) - Stopping OzoneManagerStateMachine:omNode-2:group-523986131536.
2024-03-04 12:54:20,394 [omNode-2@group-523986131536-StateMachineUpdater] INFO  ratis.OzoneManagerDoubleBuffer (OzoneManagerDoubleBuffer.java:stopDaemon(518)) - Stopping OMDoubleBuffer flush thread
2024-03-04 12:54:20,395 [omNode-2-OMDoubleBufferFlushThread] INFO  ratis.OzoneManagerDoubleBuffer (OzoneManagerDoubleBuffer.java:canFlush(582)) - OMDoubleBuffer flush thread omNode-2-OMDoubleBufferFlushThread is interrupted and will exit.
2024-03-04 12:54:20,395 [omNode-2-impl-thread2] INFO  server.RaftServer$Division (ServerState.java:close(427)) - omNode-2@group-523986131536: applyIndex: 68
2024-03-04 12:54:20,395 [omNode-2@group-523986131536-cacheEviction-AwaitToRun] INFO  util.AwaitToRun (AwaitToRun.java:run(49)) - omNode-2@group-523986131536-cacheEviction-AwaitToRun-AwaitForSignal is interrupted
2024-03-04 12:54:21,378 [omNode-2-impl-thread2] INFO  segmented.SegmentedRaftLogWorker (SegmentedRaftLogWorker.java:close(245)) - omNode-2@group-523986131536-SegmentedRaftLogWorker close()
2024-03-04 12:54:21,380 [JvmPauseMonitor9] INFO  util.JvmPauseMonitor (JvmPauseMonitor.java:run(152)) - JvmPauseMonitor-omNode-2: Stopped
2024-03-04 12:54:21,380 [main] INFO  utils.BackgroundService (BackgroundService.java:shutdown(160)) - Shutting down service KeyDeletingService
2024-03-04 12:54:21,380 [main] INFO  utils.BackgroundService (BackgroundService.java:shutdown(160)) - Shutting down service DirectoryDeletingService
2024-03-04 12:54:21,381 [main] INFO  utils.BackgroundService (BackgroundService.java:shutdown(160)) - Shutting down service OpenKeyCleanupService
2024-03-04 12:54:21,381 [main] INFO  utils.BackgroundService (BackgroundService.java:shutdown(160)) - Shutting down service SstFilteringService
2024-03-04 12:54:21,381 [main] INFO  utils.BackgroundService (BackgroundService.java:shutdown(160)) - Shutting down service SnapshotDeletingService
2024-03-04 12:54:21,382 [main] INFO  utils.BackgroundService (BackgroundService.java:shutdown(160)) - Shutting down service MultipartUploadCleanupService
2024-03-04 12:54:21,382 [main] INFO  utils.BackgroundService (BackgroundService.java:shutdown(160)) - Shutting down service SnapshotDirectoryCleaningService
2024-03-04 12:54:21,383 [main] INFO  handler.ContextHandler (ContextHandler.java:doStop(1159)) - Stopped o.e.j.w.WebAppContext@64b5742a{ozoneManager,/,null,STOPPED}{file:/home/runner/work/ozone/ozone/hadoop-ozone/integration-test/target/test-classes/webapps/ozoneManager}
2024-03-04 12:54:21,384 [main] INFO  server.AbstractConnector (AbstractConnector.java:doStop(383)) - Stopped ServerConnector@1b655c9{HTTP/1.1, (http/1.1)}{0.0.0.0:15009}
2024-03-04 12:54:21,384 [main] INFO  server.session (HouseKeeper.java:stopScavenging(149)) - node0 Stopped scavenging
2024-03-04 12:54:21,384 [main] INFO  handler.ContextHandler (ContextHandler.java:doStop(1159)) - Stopped o.e.j.s.ServletContextHandler@74c08828{static,/static,file:///home/runner/work/ozone/ozone/hadoop-ozone/integration-test/target/test-classes/webapps/static,STOPPED}
2024-03-04 12:54:21,384 [main] INFO  handler.ContextHandler (ContextHandler.java:doStop(1159)) - Stopped o.e.j.s.ServletContextHandler@585c49c8{logs,/logs,file:///home/runner/work/ozone/ozone/hadoop-ozone/integration-test/target/log,STOPPED}
2024-03-04 12:54:21,385 [main] INFO  rocksdiff.RocksDBCheckpointDiffer (RocksDBCheckpointDiffer.java:close(310)) - Shutting down CompactionDagPruningService.
2024-03-04 12:54:21,386 [main] INFO  snapshot.SnapshotDiffManager (SnapshotDiffManager.java:closeExecutorService(1657)) - Shutting down executorService: 'SnapDiffExecutor'
2024-03-04 12:54:21,387 [main] INFO  utils.BackgroundService (BackgroundService.java:shutdown(160)) - Shutting down service SnapshotDiffCleanupService
2024-03-04 12:54:21,387 [main] INFO  om.OzoneManager (OzoneManager.java:restart(1710)) - OzoneManager RPC server is listening at localhost/127.0.0.1:15012
2024-03-04 12:54:21,387 [main] INFO  impl.MetricsSystemImpl (MetricsSystemImpl.java:init(158)) - OzoneManager metrics system started (again)
2024-03-04 12:54:21,396 [main] WARN  server.ServerUtils (ServerUtils.java:getDBPath(299)) - ozone.om.db.dirs is not configured. We recommend adding this setting. Falling back to ozone.metadata.dirs instead.
2024-03-04 12:54:21,397 [main] INFO  helpers.OmKeyInfo (OmKeyInfo.java:getCodec(71)) - OmKeyInfo.getCodec ignorePipeline = true
2024-03-04 12:54:21,438 [main] INFO  om.OzoneManager (OzoneManager.java:instantiateServices(804)) - S3 Multi-Tenancy is disabled
2024-03-04 12:54:21,438 [main] INFO  om.OmSnapshotManager (OmSnapshotManager.java:<init>(177)) - Ozone filesystem snapshot feature is enabled.
2024-03-04 12:54:21,439 [main] WARN  server.ServerUtils (ServerUtils.java:getDBPath(299)) - ozone.om.snapshot.diff.db.dir is not configured. We recommend adding this setting. Falling back to ozone.metadata.dirs instead.
2024-03-04 12:54:21,447 [main] INFO  utils.NativeLibraryLoader (NativeLibraryLoader.java:loadLibrary(108)) - Loading Library: ozone_rocksdb_tools
2024-03-04 12:54:21,447 [main] ERROR snapshot.SnapshotDiffManager (SnapshotDiffManager.java:initNativeLibraryForEfficientDiff(287)) - Native Library for raw sst file reading loading failed.
org.apache.hadoop.hdds.utils.NativeLibraryNotLoadedException: Unable to load library ozone_rocksdb_tools from both java.library.path & resource file libozone_rocksdb_tools.so from jar.
	at org.apache.hadoop.hdds.utils.db.managed.ManagedRawSSTFileReader.loadLibrary(ManagedRawSSTFileReader.java:38)
	at org.apache.hadoop.ozone.om.snapshot.SnapshotDiffManager.initNativeLibraryForEfficientDiff(SnapshotDiffManager.java:285)
	at org.apache.hadoop.ozone.om.snapshot.SnapshotDiffManager.<init>(SnapshotDiffManager.java:259)
	at org.apache.hadoop.ozone.om.OmSnapshotManager.<init>(OmSnapshotManager.java:279)
	at org.apache.hadoop.ozone.om.OzoneManager.instantiateServices(OzoneManager.java:856)
	at org.apache.hadoop.ozone.om.OzoneManager.restart(OzoneManager.java:1715)
	at org.apache.hadoop.ozone.MiniOzoneHAClusterImpl.restartOzoneManager(MiniOzoneHAClusterImpl.java:211)
	at org.apache.hadoop.ozone.om.TestOzoneManagerPrepare.resetCluster(TestOzoneManagerPrepare.java:113)
	at sun.reflect.NativeMethodAccessorImpl.invoke0(Native Method)
	at sun.reflect.NativeMethodAccessorImpl.invoke(NativeMethodAccessorImpl.java:62)
	at sun.reflect.DelegatingMethodAccessorImpl.invoke(DelegatingMethodAccessorImpl.java:43)
	at java.lang.reflect.Method.invoke(Method.java:498)
	at org.junit.platform.commons.util.ReflectionUtils.invokeMethod(ReflectionUtils.java:728)
	at org.junit.jupiter.engine.execution.MethodInvocation.proceed(MethodInvocation.java:60)
	at org.junit.jupiter.engine.execution.InvocationInterceptorChain$ValidatingInvocation.proceed(InvocationInterceptorChain.java:131)
	at org.junit.jupiter.engine.extension.TimeoutExtension.intercept(TimeoutExtension.java:156)
	at org.junit.jupiter.engine.extension.TimeoutExtension.interceptLifecycleMethod(TimeoutExtension.java:128)
	at org.junit.jupiter.engine.extension.TimeoutExtension.interceptAfterEachMethod(TimeoutExtension.java:110)
	at org.junit.jupiter.engine.execution.InterceptingExecutableInvoker$ReflectiveInterceptorCall.lambda$ofVoidMethod$0(InterceptingExecutableInvoker.java:103)
	at org.junit.jupiter.engine.execution.InterceptingExecutableInvoker.lambda$invoke$0(InterceptingExecutableInvoker.java:93)
	at org.junit.jupiter.engine.execution.InvocationInterceptorChain$InterceptedInvocation.proceed(InvocationInterceptorChain.java:106)
	at org.junit.jupiter.engine.execution.InvocationInterceptorChain.proceed(InvocationInterceptorChain.java:64)
	at org.junit.jupiter.engine.execution.InvocationInterceptorChain.chainAndInvoke(InvocationInterceptorChain.java:45)
	at org.junit.jupiter.engine.execution.InvocationInterceptorChain.invoke(InvocationInterceptorChain.java:37)
	at org.junit.jupiter.engine.execution.InterceptingExecutableInvoker.invoke(InterceptingExecutableInvoker.java:92)
	at org.junit.jupiter.engine.execution.InterceptingExecutableInvoker.invoke(InterceptingExecutableInvoker.java:86)
	at org.junit.jupiter.engine.descriptor.ClassBasedTestDescriptor.invokeMethodInExtensionContext(ClassBasedTestDescriptor.java:521)
	at org.junit.jupiter.engine.descriptor.ClassBasedTestDescriptor.lambda$synthesizeAfterEachMethodAdapter$24(ClassBasedTestDescriptor.java:511)
	at org.junit.jupiter.engine.descriptor.TestMethodTestDescriptor.lambda$invokeAfterEachMethods$10(TestMethodTestDescriptor.java:244)
	at org.junit.jupiter.engine.descriptor.TestMethodTestDescriptor.lambda$invokeAllAfterMethodsOrCallbacks$13(TestMethodTestDescriptor.java:277)
	at org.junit.platform.engine.support.hierarchical.ThrowableCollector.execute(ThrowableCollector.java:73)
	at org.junit.jupiter.engine.descriptor.TestMethodTestDescriptor.lambda$invokeAllAfterMethodsOrCallbacks$14(TestMethodTestDescriptor.java:277)
	at org.junit.platform.commons.util.CollectionUtils.forEachInReverseOrder(CollectionUtils.java:217)
	at org.junit.jupiter.engine.descriptor.TestMethodTestDescriptor.invokeAllAfterMethodsOrCallbacks(TestMethodTestDescriptor.java:276)
	at org.junit.jupiter.engine.descriptor.TestMethodTestDescriptor.invokeAfterEachMethods(TestMethodTestDescriptor.java:242)
	at org.junit.jupiter.engine.descriptor.TestMethodTestDescriptor.execute(TestMethodTestDescriptor.java:143)
	at org.junit.jupiter.engine.descriptor.TestMethodTestDescriptor.execute(TestMethodTestDescriptor.java:69)
	at org.junit.platform.engine.support.hierarchical.NodeTestTask.lambda$executeRecursively$6(NodeTestTask.java:151)
	at org.junit.platform.engine.support.hierarchical.ThrowableCollector.execute(ThrowableCollector.java:73)
	at org.junit.platform.engine.support.hierarchical.NodeTestTask.lambda$executeRecursively$8(NodeTestTask.java:141)
	at org.junit.platform.engine.support.hierarchical.Node.around(Node.java:137)
	at org.junit.platform.engine.support.hierarchical.NodeTestTask.lambda$executeRecursively$9(NodeTestTask.java:139)
	at org.junit.platform.engine.support.hierarchical.ThrowableCollector.execute(ThrowableCollector.java:73)
	at org.junit.platform.engine.support.hierarchical.NodeTestTask.executeRecursively(NodeTestTask.java:138)
	at org.junit.platform.engine.support.hierarchical.NodeTestTask.execute(NodeTestTask.java:95)
	at java.util.ArrayList.forEach(ArrayList.java:1259)
	at org.junit.platform.engine.support.hierarchical.SameThreadHierarchicalTestExecutorService.invokeAll(SameThreadHierarchicalTestExecutorService.java:41)
	at org.junit.platform.engine.support.hierarchical.NodeTestTask.lambda$executeRecursively$6(NodeTestTask.java:155)
	at org.junit.platform.engine.support.hierarchical.ThrowableCollector.execute(ThrowableCollector.java:73)
	at org.junit.platform.engine.support.hierarchical.NodeTestTask.lambda$executeRecursively$8(NodeTestTask.java:141)
	at org.junit.platform.engine.support.hierarchical.Node.around(Node.java:137)
	at org.junit.platform.engine.support.hierarchical.NodeTestTask.lambda$executeRecursively$9(NodeTestTask.java:139)
	at org.junit.platform.engine.support.hierarchical.ThrowableCollector.execute(ThrowableCollector.java:73)
	at org.junit.platform.engine.support.hierarchical.NodeTestTask.executeRecursively(NodeTestTask.java:138)
	at org.junit.platform.engine.support.hierarchical.NodeTestTask.execute(NodeTestTask.java:95)
	at java.util.ArrayList.forEach(ArrayList.java:1259)
	at org.junit.platform.engine.support.hierarchical.SameThreadHierarchicalTestExecutorService.invokeAll(SameThreadHierarchicalTestExecutorService.java:41)
	at org.junit.platform.engine.support.hierarchical.NodeTestTask.lambda$executeRecursively$6(NodeTestTask.java:155)
	at org.junit.platform.engine.support.hierarchical.ThrowableCollector.execute(ThrowableCollector.java:73)
	at org.junit.platform.engine.support.hierarchical.NodeTestTask.lambda$executeRecursively$8(NodeTestTask.java:141)
	at org.junit.platform.engine.support.hierarchical.Node.around(Node.java:137)
	at org.junit.platform.engine.support.hierarchical.NodeTestTask.lambda$executeRecursively$9(NodeTestTask.java:139)
	at org.junit.platform.engine.support.hierarchical.ThrowableCollector.execute(ThrowableCollector.java:73)
	at org.junit.platform.engine.support.hierarchical.NodeTestTask.executeRecursively(NodeTestTask.java:138)
	at org.junit.platform.engine.support.hierarchical.NodeTestTask.execute(NodeTestTask.java:95)
	at org.junit.platform.engine.support.hierarchical.SameThreadHierarchicalTestExecutorService.submit(SameThreadHierarchicalTestExecutorService.java:35)
	at org.junit.platform.engine.support.hierarchical.HierarchicalTestExecutor.execute(HierarchicalTestExecutor.java:57)
	at org.junit.platform.engine.support.hierarchical.HierarchicalTestEngine.execute(HierarchicalTestEngine.java:54)
	at org.junit.platform.launcher.core.EngineExecutionOrchestrator.execute(EngineExecutionOrchestrator.java:198)
	at org.junit.platform.launcher.core.EngineExecutionOrchestrator.execute(EngineExecutionOrchestrator.java:169)
	at org.junit.platform.launcher.core.EngineExecutionOrchestrator.execute(EngineExecutionOrchestrator.java:93)
	at org.junit.platform.launcher.core.EngineExecutionOrchestrator.lambda$execute$0(EngineExecutionOrchestrator.java:58)
	at org.junit.platform.launcher.core.EngineExecutionOrchestrator.withInterceptedStreams(EngineExecutionOrchestrator.java:141)
	at org.junit.platform.launcher.core.EngineExecutionOrchestrator.execute(EngineExecutionOrchestrator.java:57)
	at org.junit.platform.launcher.core.DefaultLauncher.execute(DefaultLauncher.java:103)
	at org.junit.platform.launcher.core.DefaultLauncher.execute(DefaultLauncher.java:85)
	at org.junit.platform.launcher.core.DelegatingLauncher.execute(DelegatingLauncher.java:47)
	at org.junit.platform.launcher.core.SessionPerRequestLauncher.execute(SessionPerRequestLauncher.java:63)
	at org.apache.maven.surefire.junitplatform.JUnitPlatformProvider.execute(JUnitPlatformProvider.java:188)
	at org.apache.maven.surefire.junitplatform.JUnitPlatformProvider.invokeAllTests(JUnitPlatformProvider.java:154)
	at org.apache.maven.surefire.junitplatform.JUnitPlatformProvider.invoke(JUnitPlatformProvider.java:124)
	at org.apache.maven.surefire.booter.ForkedBooter.runSuitesInProcess(ForkedBooter.java:428)
	at org.apache.maven.surefire.booter.ForkedBooter.execute(ForkedBooter.java:162)
	at org.apache.maven.surefire.booter.ForkedBooter.run(ForkedBooter.java:562)
	at org.apache.maven.surefire.booter.ForkedBooter.main(ForkedBooter.java:548)
2024-03-04 12:54:21,453 [main] WARN  server.ServerUtils (ServerUtils.java:getDefaultRatisDirectory(311)) - Storage directory for Ratis is not configured. It is a good idea to map this to an SSD disk. Falling back to ozone.metadata.dirs
2024-03-04 12:54:21,454 [main] INFO  ratis.OzoneManagerRatisServer (OzoneManagerRatisServer.java:<init>(167)) - Instantiating OM Ratis server with groupID: om-service-test1 and peers: localhost:15015, localhost:15007, localhost:15011
2024-03-04 12:54:21,455 [main] INFO  ratis.OzoneManagerStateMachine (OzoneManagerStateMachine.java:loadSnapshotInfoFromDB(573)) - LastAppliedIndex is set from TransactionInfo from OM DB as (t:2, i:69)
2024-03-04 12:54:21,455 [main] INFO  server.RaftServer (ConfUtils.java:logGet(46)) - raft.rpc.type = GRPC (default)
2024-03-04 12:54:21,456 [main] INFO  grpc.GrpcConfigKeys (ConfUtils.java:logFallback(53)) - raft.grpc.admin.host = null (fallback to raft.grpc.server.host)
2024-03-04 12:54:21,456 [main] INFO  grpc.GrpcConfigKeys (ConfUtils.java:logFallback(53)) - raft.grpc.admin.port = 15015 (fallback to raft.grpc.server.port)
2024-03-04 12:54:21,456 [main] INFO  grpc.GrpcConfigKeys (ConfUtils.java:logFallback(53)) - raft.grpc.client.host = null (fallback to raft.grpc.server.host)
2024-03-04 12:54:21,456 [main] INFO  grpc.GrpcConfigKeys (ConfUtils.java:logFallback(53)) - raft.grpc.client.port = 15015 (fallback to raft.grpc.server.port)
2024-03-04 12:54:21,456 [main] INFO  grpc.GrpcConfigKeys (ConfUtils.java:logGet(46)) - raft.grpc.server.host = null (default)
2024-03-04 12:54:21,457 [main] INFO  grpc.GrpcConfigKeys (ConfUtils.java:logGet(46)) - raft.grpc.server.port = 15015 (custom)
2024-03-04 12:54:21,457 [main] INFO  server.GrpcService (ConfUtils.java:logGet(46)) - raft.grpc.message.size.max = 4194304 (custom)
2024-03-04 12:54:21,457 [main] INFO  server.RaftServerConfigKeys (ConfUtils.java:logGet(46)) - raft.server.log.appender.buffer.byte-limit = 4194304 (custom)
2024-03-04 12:54:21,457 [main] INFO  server.GrpcService (ConfUtils.java:logGet(46)) - raft.grpc.flow.control.window = 1MB (=1048576) (default)
2024-03-04 12:54:21,457 [main] INFO  server.RaftServerConfigKeys (ConfUtils.java:logGet(46)) - raft.server.rpc.request.timeout = 3000ms (default)
2024-03-04 12:54:21,458 [main] INFO  grpc.GrpcConfigKeys (ConfUtils.java:logGet(46)) - raft.grpc.server.heartbeat.channel = true (default)
2024-03-04 12:54:21,458 [main] INFO  grpc.GrpcConfigKeys (ConfUtils.java:logGet(46)) - raft.grpc.server.async.request.thread.pool.cached = true (default)
2024-03-04 12:54:21,458 [main] INFO  grpc.GrpcConfigKeys (ConfUtils.java:logGet(46)) - raft.grpc.server.async.request.thread.pool.size = 32 (default)
2024-03-04 12:54:21,459 [main] INFO  impl.DataStreamServerImpl (ConfUtils.java:logGet(46)) - raft.datastream.type = DISABLED (default)
2024-03-04 12:54:21,459 [main] INFO  server.RaftServerConfigKeys (ConfUtils.java:logGet(46)) - raft.server.sleep.deviation.threshold = 300ms (default)
2024-03-04 12:54:21,460 [main] INFO  server.RaftServerConfigKeys (ConfUtils.java:logGet(46)) - raft.server.close.threshold = 60s (default)
2024-03-04 12:54:21,460 [main] INFO  server.RaftServerConfigKeys (ConfUtils.java:logGet(46)) - raft.server.leaderelection.leader.step-down.wait-time = 10s (default)
2024-03-04 12:54:21,460 [main] INFO  server.RaftServerConfigKeys (ConfUtils.java:logGet(46)) - raft.server.storage.dir = [/home/runner/work/ozone/ozone/hadoop-ozone/integration-test/target/test-dir/MiniOzoneClusterImpl-fd608c45-4a56-4c9e-a7d8-2ca674675983/omNode-3/ratis] (custom)
2024-03-04 12:54:21,460 [main] INFO  server.RaftServerConfigKeys (ConfUtils.java:logGet(46)) - raft.server.threadpool.proxy.cached = true (default)
2024-03-04 12:54:21,460 [main] INFO  server.RaftServerConfigKeys (ConfUtils.java:logGet(46)) - raft.server.threadpool.proxy.size = 0 (default)
2024-03-04 12:54:21,461 [omNode-3-impl-thread1] INFO  server.RaftServer (RaftServerProxy.java:initGroupDir(264)) - omNode-3: found a subdirectory /home/runner/work/ozone/ozone/hadoop-ozone/integration-test/target/test-dir/MiniOzoneClusterImpl-fd608c45-4a56-4c9e-a7d8-2ca674675983/omNode-3/ratis/c9bc4cf4-3bc3-3c60-a66b-523986131536
2024-03-04 12:54:21,461 [main] INFO  server.RaftServer (RaftServerProxy.java:addNew(100)) - omNode-3: addNew group-523986131536:[omNode-3|localhost:15015, omNode-1|localhost:15007, omNode-2|localhost:15011] returns group-523986131536:java.util.concurrent.CompletableFuture@ebad17c[Not completed]
2024-03-04 12:54:21,461 [omNode-3-groupManagement] INFO  server.RaftServer$Division (RaftServerImpl.java:<init>(256)) - omNode-3: new RaftServerImpl for group-523986131536:[omNode-3|localhost:15015, omNode-1|localhost:15007, omNode-2|localhost:15011] with OzoneManagerStateMachine:uninitialized
2024-03-04 12:54:21,461 [omNode-3-groupManagement] INFO  server.RaftServerConfigKeys (ConfUtils.java:logGet(46)) - raft.server.rpc.timeout.min = 1s (custom)
2024-03-04 12:54:21,461 [omNode-3-groupManagement] INFO  server.RaftServerConfigKeys (ConfUtils.java:logGet(46)) - raft.server.rpc.timeout.max = 1200ms (custom)
2024-03-04 12:54:21,461 [omNode-3-groupManagement] INFO  server.RaftServerConfigKeys (ConfUtils.java:logGet(46)) - raft.server.rpc.sleep.time = 25ms (default)
2024-03-04 12:54:21,461 [omNode-3-groupManagement] INFO  server.RaftServerConfigKeys (ConfUtils.java:logGet(46)) - raft.server.rpc.slowness.timeout = 2s (custom)
2024-03-04 12:54:21,462 [omNode-3-groupManagement] INFO  server.RaftServerConfigKeys (ConfUtils.java:logGet(46)) - raft.server.leaderelection.leader.step-down.wait-time = 10s (default)
2024-03-04 12:54:21,462 [omNode-3-groupManagement] INFO  server.RaftServerConfigKeys (ConfUtils.java:logGet(46)) - raft.server.leaderelection.member.majority-add = false (default)
2024-03-04 12:54:21,462 [omNode-3-groupManagement] INFO  server.RaftServerConfigKeys (ConfUtils.java:logGet(46)) - raft.server.sleep.deviation.threshold = 300ms (default)
2024-03-04 12:54:21,461 [main] INFO  om.OzoneManager (OzoneManager.java:initializeRatisServer(2140)) - OzoneManager Ratis server initialized at port 15015
2024-03-04 12:54:21,462 [omNode-3-groupManagement] INFO  server.RaftServer$Division (ServerState.java:<init>(113)) - omNode-3@group-523986131536: ConfigurationManager, init=-1: peers:[omNode-3|localhost:15015, omNode-1|localhost:15007, omNode-2|localhost:15011]|listeners:[], old=null, confs=<EMPTY_MAP>
2024-03-04 12:54:21,462 [omNode-3-groupManagement] INFO  server.RaftServerConfigKeys (ConfUtils.java:logGet(46)) - raft.server.notification.no-leader.timeout = 2s (custom)
2024-03-04 12:54:21,462 [omNode-3-groupManagement] INFO  server.RaftServerConfigKeys (ConfUtils.java:logGet(46)) - raft.server.read.timeout = 10s (default)
2024-03-04 12:54:21,462 [omNode-3-groupManagement] INFO  server.RaftServerConfigKeys (ConfUtils.java:logGet(46)) - raft.server.retrycache.expirytime = 30000ms (custom)
2024-03-04 12:54:21,462 [omNode-3-groupManagement] INFO  server.RaftServerConfigKeys (ConfUtils.java:logGet(46)) - raft.server.retrycache.statistics.expirytime = 100ms (default)
2024-03-04 12:54:21,462 [main] INFO  ratis.OzoneManagerRatisServer (OzoneManagerRatisServer.java:start(588)) - Starting OzoneManagerRatisServer omNode-3 at port 15015
2024-03-04 12:54:21,462 [omNode-3-groupManagement] INFO  server.RaftServerConfigKeys (ConfUtils.java:logGet(46)) - raft.server.read.option = DEFAULT (default)
2024-03-04 12:54:21,463 [omNode-3-groupManagement] INFO  server.RaftServerConfigKeys (ConfUtils.java:logGet(46)) - raft.server.read.read-after-write-consistent.write-index-cache.expiry-time = 60s (default)
2024-03-04 12:54:21,464 [omNode-3-groupManagement] INFO  server.RaftServerConfigKeys (ConfUtils.java:logGet(46)) - raft.server.rpc.request.timeout = 3000ms (default)
2024-03-04 12:54:21,464 [omNode-3-groupManagement] INFO  server.RaftServerConfigKeys (ConfUtils.java:logGet(46)) - raft.server.log.appender.install.snapshot.enabled = false (custom)
2024-03-04 12:54:21,464 [omNode-3-groupManagement] INFO  server.RaftServerConfigKeys (ConfUtils.java:logGet(46)) - raft.server.threadpool.server.cached = true (default)
2024-03-04 12:54:21,464 [omNode-3-groupManagement] INFO  server.RaftServerConfigKeys (ConfUtils.java:logGet(46)) - raft.server.threadpool.server.size = 0 (default)
2024-03-04 12:54:21,464 [omNode-3-groupManagement] INFO  server.RaftServerConfigKeys (ConfUtils.java:logGet(46)) - raft.server.threadpool.client.cached = true (default)
2024-03-04 12:54:21,464 [omNode-3-groupManagement] INFO  server.RaftServerConfigKeys (ConfUtils.java:logGet(46)) - raft.server.threadpool.client.size = 0 (default)
2024-03-04 12:54:21,464 [omNode-3-impl-thread1] INFO  server.RaftServerConfigKeys (ConfUtils.java:logGet(46)) - raft.server.storage.free-space.min = 0MB (=0) (default)
2024-03-04 12:54:21,464 [omNode-3-impl-thread1] INFO  server.RaftServerConfigKeys (ConfUtils.java:logGet(46)) - raft.server.log.corruption.policy = EXCEPTION (default)
2024-03-04 12:54:21,464 [omNode-3-impl-thread1] INFO  server.RaftServerConfigKeys (ConfUtils.java:logGet(46)) - raft.server.storage.dir = [/home/runner/work/ozone/ozone/hadoop-ozone/integration-test/target/test-dir/MiniOzoneClusterImpl-fd608c45-4a56-4c9e-a7d8-2ca674675983/omNode-3/ratis] (custom)
2024-03-04 12:54:21,465 [omNode-3-impl-thread1] INFO  storage.RaftStorageDirectory (RaftStorageDirectoryImpl.java:tryLock(228)) - Lock on /home/runner/work/ozone/ozone/hadoop-ozone/integration-test/target/test-dir/MiniOzoneClusterImpl-fd608c45-4a56-4c9e-a7d8-2ca674675983/omNode-3/ratis/c9bc4cf4-3bc3-3c60-a66b-523986131536/in_use.lock acquired by nodename 41993@fv-az571-795
2024-03-04 12:54:21,466 [omNode-3-impl-thread1] INFO  storage.RaftStorage (RaftStorageImpl.java:analyzeAndRecoverStorage(119)) - Read RaftStorageMetadata{term=2, votedFor=omNode-3} from /home/runner/work/ozone/ozone/hadoop-ozone/integration-test/target/test-dir/MiniOzoneClusterImpl-fd608c45-4a56-4c9e-a7d8-2ca674675983/omNode-3/ratis/c9bc4cf4-3bc3-3c60-a66b-523986131536/current/raft-meta
2024-03-04 12:54:21,467 [omNode-3-impl-thread1] INFO  server.RaftServer$Division (ServerState.java:setRaftConf(386)) - omNode-3@group-523986131536: set configuration 16: peers:[omNode-3|localhost:15015, omNode-1|localhost:15007, omNode-2|localhost:15011]|listeners:[], old=null
2024-03-04 12:54:21,467 [omNode-3-impl-thread1] INFO  server.RaftServerConfigKeys (ConfUtils.java:logGet(46)) - raft.server.log.use.memory = false (default)
2024-03-04 12:54:21,467 [omNode-3-impl-thread1] INFO  server.RaftServerConfigKeys (ConfUtils.java:logGet(46)) - raft.server.log.purge.gap = 50 (custom)
2024-03-04 12:54:21,467 [omNode-3-impl-thread1] INFO  server.RaftServerConfigKeys (ConfUtils.java:logGet(46)) - raft.server.log.appender.buffer.byte-limit = 4194304 (custom)
2024-03-04 12:54:21,467 [omNode-3-impl-thread1] INFO  server.RaftServerConfigKeys (ConfUtils.java:logGet(46)) - raft.server.log.statemachine.data.read.timeout = 1000ms (default)
2024-03-04 12:54:21,467 [omNode-3-impl-thread1] INFO  server.RaftServerConfigKeys (ConfUtils.java:logGet(46)) - raft.server.log.purge.preservation.log.num = 0 (default)
2024-03-04 12:54:21,468 [omNode-3-impl-thread1] INFO  server.RaftServerConfigKeys (ConfUtils.java:logGet(46)) - raft.server.log.segment.size.max = 4194304 (custom)
2024-03-04 12:54:21,468 [omNode-3-impl-thread1] INFO  server.RaftServerConfigKeys (ConfUtils.java:logGet(46)) - raft.server.log.segment.cache.num.max = 2 (custom)
2024-03-04 12:54:21,468 [omNode-3-impl-thread1] INFO  server.RaftServerConfigKeys (ConfUtils.java:logGet(46)) - raft.server.log.segment.cache.size.max = 200MB (=209715200) (default)
2024-03-04 12:54:21,468 [omNode-3-impl-thread1] INFO  server.RaftServerConfigKeys (ConfUtils.java:logGet(46)) - raft.server.log.appender.buffer.byte-limit = 4194304 (custom)
2024-03-04 12:54:21,468 [omNode-3-impl-thread1] INFO  util.AwaitToRun (AwaitToRun.java:start(81)) - Thread[omNode-3@group-523986131536-cacheEviction-AwaitToRun,5,main] started
2024-03-04 12:54:21,468 [omNode-3-impl-thread1] INFO  segmented.SegmentedRaftLogWorker (SegmentedRaftLogWorker.java:<init>(182)) - new omNode-3@group-523986131536-SegmentedRaftLogWorker for RaftStorageImpl:Storage Directory /home/runner/work/ozone/ozone/hadoop-ozone/integration-test/target/test-dir/MiniOzoneClusterImpl-fd608c45-4a56-4c9e-a7d8-2ca674675983/omNode-3/ratis/c9bc4cf4-3bc3-3c60-a66b-523986131536
2024-03-04 12:54:21,468 [omNode-3-impl-thread1] INFO  server.RaftServerConfigKeys (ConfUtils.java:logGet(46)) - raft.server.log.queue.byte-limit = 64MB (=67108864) (default)
2024-03-04 12:54:21,469 [omNode-3-impl-thread1] INFO  server.RaftServerConfigKeys (ConfUtils.java:logGet(46)) - raft.server.log.queue.element-limit = 4096 (default)
2024-03-04 12:54:21,469 [omNode-3-impl-thread1] INFO  server.RaftServerConfigKeys (ConfUtils.java:logGet(46)) - raft.server.log.segment.size.max = 4194304 (custom)
2024-03-04 12:54:21,469 [omNode-3-impl-thread1] INFO  server.RaftServerConfigKeys (ConfUtils.java:logGet(46)) - raft.server.log.preallocated.size = 4194304 (custom)
2024-03-04 12:54:21,469 [omNode-3-impl-thread1] INFO  server.RaftServerConfigKeys (ConfUtils.java:logGet(46)) - raft.server.log.force.sync.num = 128 (default)
2024-03-04 12:54:21,469 [omNode-3-impl-thread1] INFO  server.RaftServerConfigKeys (ConfUtils.java:logGet(46)) - raft.server.log.statemachine.data.sync = true (default)
2024-03-04 12:54:21,469 [omNode-3-impl-thread1] INFO  server.RaftServerConfigKeys (ConfUtils.java:logGet(46)) - raft.server.log.statemachine.data.sync.timeout = 10s (default)
2024-03-04 12:54:21,469 [omNode-3-impl-thread1] INFO  server.RaftServerConfigKeys (ConfUtils.java:logGet(46)) - raft.server.log.statemachine.data.sync.timeout.retry = -1 (default)
2024-03-04 12:54:21,469 [omNode-3-impl-thread1] INFO  server.RaftServerConfigKeys (ConfUtils.java:logGet(46)) - raft.server.log.write.buffer.size = 4194312 (custom)
2024-03-04 12:54:21,470 [omNode-3-impl-thread1] INFO  server.RaftServerConfigKeys (ConfUtils.java:logGet(46)) - raft.server.log.appender.buffer.byte-limit = 4194304 (custom)
2024-03-04 12:54:21,470 [omNode-3-impl-thread1] INFO  server.RaftServerConfigKeys (ConfUtils.java:logGet(46)) - raft.server.log.unsafe-flush.enabled = false (default)
2024-03-04 12:54:21,471 [omNode-3-impl-thread1] INFO  server.RaftServerConfigKeys (ConfUtils.java:logGet(46)) - raft.server.log.async-flush.enabled = false (default)
2024-03-04 12:54:21,471 [omNode-3-impl-thread1] INFO  server.RaftServerConfigKeys (ConfUtils.java:logGet(46)) - raft.server.log.statemachine.data.caching.enabled = false (default)
2024-03-04 12:54:21,475 [omNode-3-impl-thread1] INFO  server.RaftServer$Division (ServerState.java:setRaftConf(386)) - omNode-3@group-523986131536: set configuration 16: peers:[omNode-3|localhost:15015, omNode-1|localhost:15007, omNode-2|localhost:15011]|listeners:[], old=null
2024-03-04 12:54:21,477 [omNode-3-impl-thread1] INFO  segmented.LogSegment (LogSegment.java:loadSegment(170)) - Successfully read 54 entries from segment file /home/runner/work/ozone/ozone/hadoop-ozone/integration-test/target/test-dir/MiniOzoneClusterImpl-fd608c45-4a56-4c9e-a7d8-2ca674675983/omNode-3/ratis/c9bc4cf4-3bc3-3c60-a66b-523986131536/current/log_inprogress_16
2024-03-04 12:54:21,478 [omNode-3-impl-thread1] INFO  segmented.SegmentedRaftLogWorker (SegmentedRaftLogWorker.java:lambda$new$0(134)) - omNode-3@group-523986131536-SegmentedRaftLogWorker: flushIndex: setUnconditionally 0 -> 69
2024-03-04 12:54:21,478 [omNode-3-impl-thread1] INFO  segmented.SegmentedRaftLogWorker (SegmentedRaftLogWorker.java:lambda$new$0(134)) - omNode-3@group-523986131536-SegmentedRaftLogWorker: safeCacheEvictIndex: setUnconditionally 0 -> -1
2024-03-04 12:54:21,478 [omNode-3-impl-thread1] INFO  segmented.BufferedWriteChannel (BufferedWriteChannel.java:open(62)) - open log_inprogress_16 (append) at position 16822
2024-03-04 12:54:21,480 [omNode-3-impl-thread1] INFO  raftlog.RaftLog (RaftLogBase.java:lambda$new$0(54)) - omNode-3@group-523986131536-SegmentedRaftLog: purgeIndex: updateIncreasingly -1 -> 15
2024-03-04 12:54:21,480 [omNode-3-impl-thread1] INFO  server.RaftServer$Division (RaftServerImpl.java:start(396)) - omNode-3@group-523986131536: start as a follower, conf=16: peers:[omNode-3|localhost:15015, omNode-1|localhost:15007, omNode-2|localhost:15011]|listeners:[], old=null
2024-03-04 12:54:21,480 [omNode-3-impl-thread1] INFO  server.RaftServer$Division (RaftServerImpl.java:setRole(383)) - omNode-3@group-523986131536: changes role from      null to FOLLOWER at term 2 for startAsFollower
2024-03-04 12:54:21,480 [omNode-3-impl-thread1] INFO  impl.RoleInfo (RoleInfo.java:updateAndGet(139)) - omNode-3: start omNode-3@group-523986131536-FollowerState
2024-03-04 12:54:21,480 [omNode-3-impl-thread1] INFO  util.JmxRegister (JmxRegister.java:tryRegister(44)) - Successfully registered JMX Bean with object name Ratis:service=RaftServer,group=group-523986131536,id=omNode-3
2024-03-04 12:54:21,480 [omNode-3@group-523986131536-FollowerState] INFO  server.RaftServerConfigKeys (ConfUtils.java:logFallback(53)) - raft.server.rpc.first-election.timeout.min = 1s (fallback to raft.server.rpc.timeout.min)
2024-03-04 12:54:21,481 [omNode-3@group-523986131536-FollowerState] INFO  server.RaftServerConfigKeys (ConfUtils.java:logFallback(53)) - raft.server.rpc.first-election.timeout.max = 1200ms (fallback to raft.server.rpc.timeout.max)
2024-03-04 12:54:21,480 [omNode-3-impl-thread1] INFO  server.RaftServerConfigKeys (ConfUtils.java:logGet(46)) - raft.server.snapshot.trigger-when-stop.enabled = true (default)
2024-03-04 12:54:21,481 [omNode-3-impl-thread1] INFO  server.RaftServerConfigKeys (ConfUtils.java:logGet(46)) - raft.server.snapshot.auto.trigger.enabled = true (custom)
2024-03-04 12:54:21,481 [omNode-3-impl-thread1] INFO  server.RaftServerConfigKeys (ConfUtils.java:logGet(46)) - raft.server.snapshot.auto.trigger.threshold = 50 (custom)
2024-03-04 12:54:21,481 [omNode-3-impl-thread1] INFO  server.RaftServerConfigKeys (ConfUtils.java:logGet(46)) - raft.server.snapshot.retention.file.num = -1 (default)
2024-03-04 12:54:21,482 [omNode-3-impl-thread1] INFO  server.RaftServerConfigKeys (ConfUtils.java:logGet(46)) - raft.server.log.purge.upto.snapshot.index = true (custom)
2024-03-04 12:54:21,484 [main] INFO  server.RaftServer (RaftServerProxy.java:startImpl(406)) - omNode-3: start RPC server
2024-03-04 12:54:21,486 [main] INFO  server.GrpcService (GrpcService.java:startImpl(302)) - omNode-3: GrpcService started, listening on 15015
2024-03-04 12:54:21,488 [main] INFO  om.OzoneManager (OzoneManager.java:getRpcServer(1206)) - Creating RPC Server
2024-03-04 12:54:21,488 [JvmPauseMonitor10] INFO  util.JvmPauseMonitor (JvmPauseMonitor.java:run(146)) - JvmPauseMonitor-omNode-3: Started
2024-03-04 12:54:21,695 [main] INFO  ipc.CallQueueManager (CallQueueManager.java:<init>(90)) - Using callQueue: class java.util.concurrent.LinkedBlockingQueue, queueCapacity: 2000, scheduler: class org.apache.hadoop.ipc.DefaultRpcScheduler, ipcBackoff: false.
2024-03-04 12:54:21,696 [main] INFO  ipc.Server (Server.java:<init>(1287)) - Listener at localhost:15012
2024-03-04 12:54:21,697 [Socket Reader #1 for port 15012] INFO  ipc.Server (Server.java:run(1323)) - Starting Socket Reader #1 for port 15012
2024-03-04 12:54:21,700 [main] INFO  http.BaseHttpServer (BaseHttpServer.java:newHttpServer2BuilderForOzone(223)) - Starting Web-server for ozoneManager at: http://0.0.0.0:15013
2024-03-04 12:54:21,700 [main] INFO  http.BaseHttpServer (BaseHttpServer.java:<init>(110)) - Hadoop Security Enabled: false Ozone Security Enabled: false Ozone HTTP Security Enabled: false 
2024-03-04 12:54:21,701 [main] WARN  server.AuthenticationFilter (AuthenticationFilter.java:constructSecretProvider(240)) - Unable to initialize FileSignerSecretProvider, falling back to use random secrets. Reason: Could not read signature secret file: /home/runner/hadoop-http-auth-signature-secret
2024-03-04 12:54:21,702 [main] INFO  http.HttpRequestLog (HttpRequestLog.java:getRequestLog(86)) - Http request log for http.requests.ozoneManager is not defined
2024-03-04 12:54:21,703 [main] INFO  http.HttpServer2 (HttpServer2.java:addGlobalFilter(1036)) - Added global filter 'safety' (class=org.apache.hadoop.hdds.server.http.HttpServer2$QuotingInputFilter)
2024-03-04 12:54:21,704 [main] INFO  http.HttpServer2 (HttpServer2.java:addFilter(1012)) - Added filter static_user_filter (class=org.apache.hadoop.http.lib.StaticUserWebFilter$StaticUserFilter) to context ozoneManager
2024-03-04 12:54:21,704 [main] INFO  http.HttpServer2 (HttpServer2.java:addFilter(1020)) - Added filter static_user_filter (class=org.apache.hadoop.http.lib.StaticUserWebFilter$StaticUserFilter) to context logs
2024-03-04 12:54:21,704 [main] INFO  http.HttpServer2 (HttpServer2.java:addFilter(1020)) - Added filter static_user_filter (class=org.apache.hadoop.http.lib.StaticUserWebFilter$StaticUserFilter) to context static
2024-03-04 12:54:21,705 [main] INFO  http.BaseHttpServer (BaseHttpServer.java:<init>(189)) - HTTP server of ozoneManager uses base directory /home/runner/work/ozone/ozone/hadoop-ozone/integration-test/target/test-dir/MiniOzoneClusterImpl-fd608c45-4a56-4c9e-a7d8-2ca674675983/omNode-3/webserver
2024-03-04 12:54:21,705 [main] INFO  http.HttpServer2 (HttpServer2.java:bindListener(1236)) - Jetty bound to port 15013
2024-03-04 12:54:21,705 [main] INFO  server.Server (Server.java:doStart(375)) - jetty-9.4.53.v20231009; built: 2023-10-09T12:29:09.265Z; git: 27bde00a0b95a1d5bbee0eae7984f891d2d0f8c9; jvm 1.8.0_402-b06
2024-03-04 12:54:21,706 [main] INFO  server.session (DefaultSessionIdManager.java:doStart(334)) - DefaultSessionIdManager workerName=node0
2024-03-04 12:54:21,706 [main] INFO  server.session (DefaultSessionIdManager.java:doStart(339)) - No SessionScavenger set, using defaults
2024-03-04 12:54:21,707 [main] INFO  server.session (HouseKeeper.java:startScavenging(132)) - node0 Scavenging every 660000ms
2024-03-04 12:54:21,707 [main] INFO  handler.ContextHandler (ContextHandler.java:doStart(921)) - Started o.e.j.s.ServletContextHandler@588ee108{logs,/logs,file:///home/runner/work/ozone/ozone/hadoop-ozone/integration-test/target/log,AVAILABLE}
2024-03-04 12:54:21,708 [main] INFO  handler.ContextHandler (ContextHandler.java:doStart(921)) - Started o.e.j.s.ServletContextHandler@63f19248{static,/static,file:///home/runner/work/ozone/ozone/hadoop-ozone/integration-test/target/test-classes/webapps/static,AVAILABLE}
2024-03-04 12:54:21,712 [main] INFO  handler.ContextHandler (ContextHandler.java:doStart(921)) - Started o.e.j.w.WebAppContext@4ac7dcca{ozoneManager,/,file:///home/runner/work/ozone/ozone/hadoop-ozone/integration-test/target/test-classes/webapps/ozoneManager/,AVAILABLE}{file:/home/runner/work/ozone/ozone/hadoop-ozone/integration-test/target/test-classes/webapps/ozoneManager}
2024-03-04 12:54:21,717 [main] INFO  server.AbstractConnector (AbstractConnector.java:doStart(333)) - Started ServerConnector@4b0cf1db{HTTP/1.1, (http/1.1)}{0.0.0.0:15013}
2024-03-04 12:54:21,717 [main] INFO  server.Server (Server.java:doStart(415)) - Started @157301ms
2024-03-04 12:54:21,717 [main] WARN  impl.MetricsSystemImpl (MetricsSystemImpl.java:register(279)) - Sink prometheus already exists!
2024-03-04 12:54:21,718 [main] INFO  http.BaseHttpServer (BaseHttpServer.java:updateConnectorAddress(354)) - HTTP server of ozoneManager listening at http://0.0.0.0:15013
2024-03-04 12:54:21,718 [IPC Server listener on 15012] INFO  ipc.Server (Server.java:run(1402)) - IPC Server listener on 15012: starting
2024-03-04 12:54:21,718 [IPC Server Responder] INFO  ipc.Server (Server.java:run(1562)) - IPC Server Responder: starting
2024-03-04 12:54:21,721 [main] INFO  om.OzoneManager (OzoneManager.java:startTrashEmptier(2093)) - Trash Interval set to 0. Files deleted won't move to trash
2024-03-04 12:54:21,721 [main] INFO  om.OzoneManager (OzoneManager.java:restart(1710)) - OzoneManager RPC server is listening at localhost/127.0.0.1:15004
2024-03-04 12:54:21,722 [main] INFO  impl.MetricsSystemImpl (MetricsSystemImpl.java:init(158)) - OzoneManager metrics system started (again)
2024-03-04 12:54:21,730 [main] WARN  server.ServerUtils (ServerUtils.java:getDBPath(299)) - ozone.om.db.dirs is not configured. We recommend adding this setting. Falling back to ozone.metadata.dirs instead.
2024-03-04 12:54:21,731 [main] INFO  helpers.OmKeyInfo (OmKeyInfo.java:getCodec(71)) - OmKeyInfo.getCodec ignorePipeline = true
2024-03-04 12:54:21,785 [main] INFO  om.OzoneManager (OzoneManager.java:instantiateServices(804)) - S3 Multi-Tenancy is disabled
2024-03-04 12:54:21,786 [main] INFO  om.OmSnapshotManager (OmSnapshotManager.java:<init>(177)) - Ozone filesystem snapshot feature is enabled.
2024-03-04 12:54:21,786 [main] WARN  server.ServerUtils (ServerUtils.java:getDBPath(299)) - ozone.om.snapshot.diff.db.dir is not configured. We recommend adding this setting. Falling back to ozone.metadata.dirs instead.
2024-03-04 12:54:21,800 [main] INFO  utils.NativeLibraryLoader (NativeLibraryLoader.java:loadLibrary(108)) - Loading Library: ozone_rocksdb_tools
2024-03-04 12:54:21,801 [main] ERROR snapshot.SnapshotDiffManager (SnapshotDiffManager.java:initNativeLibraryForEfficientDiff(287)) - Native Library for raw sst file reading loading failed.
org.apache.hadoop.hdds.utils.NativeLibraryNotLoadedException: Unable to load library ozone_rocksdb_tools from both java.library.path & resource file libozone_rocksdb_tools.so from jar.
	at org.apache.hadoop.hdds.utils.db.managed.ManagedRawSSTFileReader.loadLibrary(ManagedRawSSTFileReader.java:38)
	at org.apache.hadoop.ozone.om.snapshot.SnapshotDiffManager.initNativeLibraryForEfficientDiff(SnapshotDiffManager.java:285)
	at org.apache.hadoop.ozone.om.snapshot.SnapshotDiffManager.<init>(SnapshotDiffManager.java:259)
	at org.apache.hadoop.ozone.om.OmSnapshotManager.<init>(OmSnapshotManager.java:279)
	at org.apache.hadoop.ozone.om.OzoneManager.instantiateServices(OzoneManager.java:856)
	at org.apache.hadoop.ozone.om.OzoneManager.restart(OzoneManager.java:1715)
	at org.apache.hadoop.ozone.MiniOzoneHAClusterImpl.restartOzoneManager(MiniOzoneHAClusterImpl.java:211)
	at org.apache.hadoop.ozone.om.TestOzoneManagerPrepare.resetCluster(TestOzoneManagerPrepare.java:113)
	at sun.reflect.NativeMethodAccessorImpl.invoke0(Native Method)
	at sun.reflect.NativeMethodAccessorImpl.invoke(NativeMethodAccessorImpl.java:62)
	at sun.reflect.DelegatingMethodAccessorImpl.invoke(DelegatingMethodAccessorImpl.java:43)
	at java.lang.reflect.Method.invoke(Method.java:498)
	at org.junit.platform.commons.util.ReflectionUtils.invokeMethod(ReflectionUtils.java:728)
	at org.junit.jupiter.engine.execution.MethodInvocation.proceed(MethodInvocation.java:60)
	at org.junit.jupiter.engine.execution.InvocationInterceptorChain$ValidatingInvocation.proceed(InvocationInterceptorChain.java:131)
	at org.junit.jupiter.engine.extension.TimeoutExtension.intercept(TimeoutExtension.java:156)
	at org.junit.jupiter.engine.extension.TimeoutExtension.interceptLifecycleMethod(TimeoutExtension.java:128)
	at org.junit.jupiter.engine.extension.TimeoutExtension.interceptAfterEachMethod(TimeoutExtension.java:110)
	at org.junit.jupiter.engine.execution.InterceptingExecutableInvoker$ReflectiveInterceptorCall.lambda$ofVoidMethod$0(InterceptingExecutableInvoker.java:103)
	at org.junit.jupiter.engine.execution.InterceptingExecutableInvoker.lambda$invoke$0(InterceptingExecutableInvoker.java:93)
	at org.junit.jupiter.engine.execution.InvocationInterceptorChain$InterceptedInvocation.proceed(InvocationInterceptorChain.java:106)
	at org.junit.jupiter.engine.execution.InvocationInterceptorChain.proceed(InvocationInterceptorChain.java:64)
	at org.junit.jupiter.engine.execution.InvocationInterceptorChain.chainAndInvoke(InvocationInterceptorChain.java:45)
	at org.junit.jupiter.engine.execution.InvocationInterceptorChain.invoke(InvocationInterceptorChain.java:37)
	at org.junit.jupiter.engine.execution.InterceptingExecutableInvoker.invoke(InterceptingExecutableInvoker.java:92)
	at org.junit.jupiter.engine.execution.InterceptingExecutableInvoker.invoke(InterceptingExecutableInvoker.java:86)
	at org.junit.jupiter.engine.descriptor.ClassBasedTestDescriptor.invokeMethodInExtensionContext(ClassBasedTestDescriptor.java:521)
	at org.junit.jupiter.engine.descriptor.ClassBasedTestDescriptor.lambda$synthesizeAfterEachMethodAdapter$24(ClassBasedTestDescriptor.java:511)
	at org.junit.jupiter.engine.descriptor.TestMethodTestDescriptor.lambda$invokeAfterEachMethods$10(TestMethodTestDescriptor.java:244)
	at org.junit.jupiter.engine.descriptor.TestMethodTestDescriptor.lambda$invokeAllAfterMethodsOrCallbacks$13(TestMethodTestDescriptor.java:277)
	at org.junit.platform.engine.support.hierarchical.ThrowableCollector.execute(ThrowableCollector.java:73)
	at org.junit.jupiter.engine.descriptor.TestMethodTestDescriptor.lambda$invokeAllAfterMethodsOrCallbacks$14(TestMethodTestDescriptor.java:277)
	at org.junit.platform.commons.util.CollectionUtils.forEachInReverseOrder(CollectionUtils.java:217)
	at org.junit.jupiter.engine.descriptor.TestMethodTestDescriptor.invokeAllAfterMethodsOrCallbacks(TestMethodTestDescriptor.java:276)
	at org.junit.jupiter.engine.descriptor.TestMethodTestDescriptor.invokeAfterEachMethods(TestMethodTestDescriptor.java:242)
	at org.junit.jupiter.engine.descriptor.TestMethodTestDescriptor.execute(TestMethodTestDescriptor.java:143)
	at org.junit.jupiter.engine.descriptor.TestMethodTestDescriptor.execute(TestMethodTestDescriptor.java:69)
	at org.junit.platform.engine.support.hierarchical.NodeTestTask.lambda$executeRecursively$6(NodeTestTask.java:151)
	at org.junit.platform.engine.support.hierarchical.ThrowableCollector.execute(ThrowableCollector.java:73)
	at org.junit.platform.engine.support.hierarchical.NodeTestTask.lambda$executeRecursively$8(NodeTestTask.java:141)
	at org.junit.platform.engine.support.hierarchical.Node.around(Node.java:137)
	at org.junit.platform.engine.support.hierarchical.NodeTestTask.lambda$executeRecursively$9(NodeTestTask.java:139)
	at org.junit.platform.engine.support.hierarchical.ThrowableCollector.execute(ThrowableCollector.java:73)
	at org.junit.platform.engine.support.hierarchical.NodeTestTask.executeRecursively(NodeTestTask.java:138)
	at org.junit.platform.engine.support.hierarchical.NodeTestTask.execute(NodeTestTask.java:95)
	at java.util.ArrayList.forEach(ArrayList.java:1259)
	at org.junit.platform.engine.support.hierarchical.SameThreadHierarchicalTestExecutorService.invokeAll(SameThreadHierarchicalTestExecutorService.java:41)
	at org.junit.platform.engine.support.hierarchical.NodeTestTask.lambda$executeRecursively$6(NodeTestTask.java:155)
	at org.junit.platform.engine.support.hierarchical.ThrowableCollector.execute(ThrowableCollector.java:73)
	at org.junit.platform.engine.support.hierarchical.NodeTestTask.lambda$executeRecursively$8(NodeTestTask.java:141)
	at org.junit.platform.engine.support.hierarchical.Node.around(Node.java:137)
	at org.junit.platform.engine.support.hierarchical.NodeTestTask.lambda$executeRecursively$9(NodeTestTask.java:139)
	at org.junit.platform.engine.support.hierarchical.ThrowableCollector.execute(ThrowableCollector.java:73)
	at org.junit.platform.engine.support.hierarchical.NodeTestTask.executeRecursively(NodeTestTask.java:138)
	at org.junit.platform.engine.support.hierarchical.NodeTestTask.execute(NodeTestTask.java:95)
	at java.util.ArrayList.forEach(ArrayList.java:1259)
	at org.junit.platform.engine.support.hierarchical.SameThreadHierarchicalTestExecutorService.invokeAll(SameThreadHierarchicalTestExecutorService.java:41)
	at org.junit.platform.engine.support.hierarchical.NodeTestTask.lambda$executeRecursively$6(NodeTestTask.java:155)
	at org.junit.platform.engine.support.hierarchical.ThrowableCollector.execute(ThrowableCollector.java:73)
	at org.junit.platform.engine.support.hierarchical.NodeTestTask.lambda$executeRecursively$8(NodeTestTask.java:141)
	at org.junit.platform.engine.support.hierarchical.Node.around(Node.java:137)
	at org.junit.platform.engine.support.hierarchical.NodeTestTask.lambda$executeRecursively$9(NodeTestTask.java:139)
	at org.junit.platform.engine.support.hierarchical.ThrowableCollector.execute(ThrowableCollector.java:73)
	at org.junit.platform.engine.support.hierarchical.NodeTestTask.executeRecursively(NodeTestTask.java:138)
	at org.junit.platform.engine.support.hierarchical.NodeTestTask.execute(NodeTestTask.java:95)
	at org.junit.platform.engine.support.hierarchical.SameThreadHierarchicalTestExecutorService.submit(SameThreadHierarchicalTestExecutorService.java:35)
	at org.junit.platform.engine.support.hierarchical.HierarchicalTestExecutor.execute(HierarchicalTestExecutor.java:57)
	at org.junit.platform.engine.support.hierarchical.HierarchicalTestEngine.execute(HierarchicalTestEngine.java:54)
	at org.junit.platform.launcher.core.EngineExecutionOrchestrator.execute(EngineExecutionOrchestrator.java:198)
	at org.junit.platform.launcher.core.EngineExecutionOrchestrator.execute(EngineExecutionOrchestrator.java:169)
	at org.junit.platform.launcher.core.EngineExecutionOrchestrator.execute(EngineExecutionOrchestrator.java:93)
	at org.junit.platform.launcher.core.EngineExecutionOrchestrator.lambda$execute$0(EngineExecutionOrchestrator.java:58)
	at org.junit.platform.launcher.core.EngineExecutionOrchestrator.withInterceptedStreams(EngineExecutionOrchestrator.java:141)
	at org.junit.platform.launcher.core.EngineExecutionOrchestrator.execute(EngineExecutionOrchestrator.java:57)
	at org.junit.platform.launcher.core.DefaultLauncher.execute(DefaultLauncher.java:103)
	at org.junit.platform.launcher.core.DefaultLauncher.execute(DefaultLauncher.java:85)
	at org.junit.platform.launcher.core.DelegatingLauncher.execute(DelegatingLauncher.java:47)
	at org.junit.platform.launcher.core.SessionPerRequestLauncher.execute(SessionPerRequestLauncher.java:63)
	at org.apache.maven.surefire.junitplatform.JUnitPlatformProvider.execute(JUnitPlatformProvider.java:188)
	at org.apache.maven.surefire.junitplatform.JUnitPlatformProvider.invokeAllTests(JUnitPlatformProvider.java:154)
	at org.apache.maven.surefire.junitplatform.JUnitPlatformProvider.invoke(JUnitPlatformProvider.java:124)
	at org.apache.maven.surefire.booter.ForkedBooter.runSuitesInProcess(ForkedBooter.java:428)
	at org.apache.maven.surefire.booter.ForkedBooter.execute(ForkedBooter.java:162)
	at org.apache.maven.surefire.booter.ForkedBooter.run(ForkedBooter.java:562)
	at org.apache.maven.surefire.booter.ForkedBooter.main(ForkedBooter.java:548)
2024-03-04 12:54:21,804 [main] WARN  om.OzoneManager (OzoneManager.java:instantiatePrepareStateOnStartup(4511)) - Prepare marker file index 69 does not match DB prepare index 68. Writing DB index to prepare file and maintaining prepared state.
2024-03-04 12:54:21,805 [main] INFO  om.OzoneManagerPrepareState (OzoneManagerPrepareState.java:writePrepareMarkerFile(262)) - Prepare marker file written with log index 68 to file /home/runner/work/ozone/ozone/hadoop-ozone/integration-test/target/test-dir/MiniOzoneClusterImpl-fd608c45-4a56-4c9e-a7d8-2ca674675983/omNode-1/current/prepareMarker
2024-03-04 12:54:21,808 [main] WARN  dropwizard3.Dm3MetricRegistriesImpl (Dm3MetricRegistriesImpl.java:addReporterRegistration(113)) - New reporters are added after registries were created. Some metrics will be missing from the reporter. Please add reporter before adding any new registry.
2024-03-04 12:54:21,809 [main] WARN  dropwizard3.Dm3MetricRegistriesImpl (Dm3MetricRegistriesImpl.java:addReporterRegistration(113)) - New reporters are added after registries were created. Some metrics will be missing from the reporter. Please add reporter before adding any new registry.
2024-03-04 12:54:21,809 [main] WARN  server.ServerUtils (ServerUtils.java:getDefaultRatisDirectory(311)) - Storage directory for Ratis is not configured. It is a good idea to map this to an SSD disk. Falling back to ozone.metadata.dirs
2024-03-04 12:54:21,810 [main] INFO  ratis.OzoneManagerRatisServer (OzoneManagerRatisServer.java:<init>(167)) - Instantiating OM Ratis server with groupID: om-service-test1 and peers: localhost:15007, localhost:15015, localhost:15011
2024-03-04 12:54:21,811 [main] INFO  ratis.OzoneManagerStateMachine (OzoneManagerStateMachine.java:loadSnapshotInfoFromDB(573)) - LastAppliedIndex is set from TransactionInfo from OM DB as (t:2, i:69)
2024-03-04 12:54:21,811 [main] INFO  server.RaftServer (ConfUtils.java:logGet(46)) - raft.rpc.type = GRPC (default)
2024-03-04 12:54:21,811 [main] INFO  grpc.GrpcConfigKeys (ConfUtils.java:logFallback(53)) - raft.grpc.admin.host = null (fallback to raft.grpc.server.host)
2024-03-04 12:54:21,812 [main] INFO  grpc.GrpcConfigKeys (ConfUtils.java:logFallback(53)) - raft.grpc.admin.port = 15007 (fallback to raft.grpc.server.port)
2024-03-04 12:54:21,812 [main] INFO  grpc.GrpcConfigKeys (ConfUtils.java:logFallback(53)) - raft.grpc.client.host = null (fallback to raft.grpc.server.host)
2024-03-04 12:54:21,812 [main] INFO  grpc.GrpcConfigKeys (ConfUtils.java:logFallback(53)) - raft.grpc.client.port = 15007 (fallback to raft.grpc.server.port)
2024-03-04 12:54:21,812 [main] INFO  grpc.GrpcConfigKeys (ConfUtils.java:logGet(46)) - raft.grpc.server.host = null (default)
2024-03-04 12:54:21,812 [main] INFO  grpc.GrpcConfigKeys (ConfUtils.java:logGet(46)) - raft.grpc.server.port = 15007 (custom)
2024-03-04 12:54:21,813 [main] INFO  server.GrpcService (ConfUtils.java:logGet(46)) - raft.grpc.message.size.max = 4194304 (custom)
2024-03-04 12:54:21,813 [main] INFO  server.RaftServerConfigKeys (ConfUtils.java:logGet(46)) - raft.server.log.appender.buffer.byte-limit = 4194304 (custom)
2024-03-04 12:54:21,813 [main] INFO  server.GrpcService (ConfUtils.java:logGet(46)) - raft.grpc.flow.control.window = 1MB (=1048576) (default)
2024-03-04 12:54:21,813 [main] INFO  server.RaftServerConfigKeys (ConfUtils.java:logGet(46)) - raft.server.rpc.request.timeout = 3000ms (default)
2024-03-04 12:54:21,813 [main] INFO  grpc.GrpcConfigKeys (ConfUtils.java:logGet(46)) - raft.grpc.server.heartbeat.channel = true (default)
2024-03-04 12:54:21,814 [main] INFO  grpc.GrpcConfigKeys (ConfUtils.java:logGet(46)) - raft.grpc.server.async.request.thread.pool.cached = true (default)
2024-03-04 12:54:21,814 [main] INFO  grpc.GrpcConfigKeys (ConfUtils.java:logGet(46)) - raft.grpc.server.async.request.thread.pool.size = 32 (default)
2024-03-04 12:54:21,815 [main] INFO  impl.DataStreamServerImpl (ConfUtils.java:logGet(46)) - raft.datastream.type = DISABLED (default)
2024-03-04 12:54:21,815 [main] INFO  server.RaftServerConfigKeys (ConfUtils.java:logGet(46)) - raft.server.sleep.deviation.threshold = 300ms (default)
2024-03-04 12:54:21,816 [main] INFO  server.RaftServerConfigKeys (ConfUtils.java:logGet(46)) - raft.server.close.threshold = 60s (default)
2024-03-04 12:54:21,816 [main] INFO  server.RaftServerConfigKeys (ConfUtils.java:logGet(46)) - raft.server.leaderelection.leader.step-down.wait-time = 10s (default)
2024-03-04 12:54:21,816 [main] INFO  server.RaftServerConfigKeys (ConfUtils.java:logGet(46)) - raft.server.storage.dir = [/home/runner/work/ozone/ozone/hadoop-ozone/integration-test/target/test-dir/MiniOzoneClusterImpl-fd608c45-4a56-4c9e-a7d8-2ca674675983/omNode-1/ratis] (custom)
2024-03-04 12:54:21,816 [main] INFO  server.RaftServerConfigKeys (ConfUtils.java:logGet(46)) - raft.server.threadpool.proxy.cached = true (default)
2024-03-04 12:54:21,816 [main] INFO  server.RaftServerConfigKeys (ConfUtils.java:logGet(46)) - raft.server.threadpool.proxy.size = 0 (default)
2024-03-04 12:54:21,817 [omNode-1-impl-thread1] INFO  server.RaftServer (RaftServerProxy.java:initGroupDir(264)) - omNode-1: found a subdirectory /home/runner/work/ozone/ozone/hadoop-ozone/integration-test/target/test-dir/MiniOzoneClusterImpl-fd608c45-4a56-4c9e-a7d8-2ca674675983/omNode-1/ratis/c9bc4cf4-3bc3-3c60-a66b-523986131536
2024-03-04 12:54:21,817 [main] INFO  server.RaftServer (RaftServerProxy.java:addNew(100)) - omNode-1: addNew group-523986131536:[omNode-3|localhost:15015, omNode-1|localhost:15007, omNode-2|localhost:15011] returns group-523986131536:java.util.concurrent.CompletableFuture@25a30529[Not completed]
2024-03-04 12:54:21,817 [main] INFO  om.OzoneManager (OzoneManager.java:initializeRatisServer(2140)) - OzoneManager Ratis server initialized at port 15007
2024-03-04 12:54:21,817 [main] INFO  ratis.OzoneManagerRatisServer (OzoneManagerRatisServer.java:start(588)) - Starting OzoneManagerRatisServer omNode-1 at port 15007
2024-03-04 12:54:21,817 [omNode-1-groupManagement] INFO  server.RaftServer$Division (RaftServerImpl.java:<init>(256)) - omNode-1: new RaftServerImpl for group-523986131536:[omNode-3|localhost:15015, omNode-1|localhost:15007, omNode-2|localhost:15011] with OzoneManagerStateMachine:uninitialized
2024-03-04 12:54:21,818 [omNode-1-groupManagement] INFO  server.RaftServerConfigKeys (ConfUtils.java:logGet(46)) - raft.server.rpc.timeout.min = 1s (custom)
2024-03-04 12:54:21,818 [omNode-1-groupManagement] INFO  server.RaftServerConfigKeys (ConfUtils.java:logGet(46)) - raft.server.rpc.timeout.max = 1200ms (custom)
2024-03-04 12:54:21,818 [omNode-1-groupManagement] INFO  server.RaftServerConfigKeys (ConfUtils.java:logGet(46)) - raft.server.rpc.sleep.time = 25ms (default)
2024-03-04 12:54:21,818 [omNode-1-groupManagement] INFO  server.RaftServerConfigKeys (ConfUtils.java:logGet(46)) - raft.server.rpc.slowness.timeout = 2s (custom)
2024-03-04 12:54:21,818 [omNode-1-groupManagement] INFO  server.RaftServerConfigKeys (ConfUtils.java:logGet(46)) - raft.server.leaderelection.leader.step-down.wait-time = 10s (default)
2024-03-04 12:54:21,818 [omNode-1-groupManagement] INFO  server.RaftServerConfigKeys (ConfUtils.java:logGet(46)) - raft.server.leaderelection.member.majority-add = false (default)
2024-03-04 12:54:21,818 [omNode-1-groupManagement] INFO  server.RaftServerConfigKeys (ConfUtils.java:logGet(46)) - raft.server.sleep.deviation.threshold = 300ms (default)
2024-03-04 12:54:21,818 [omNode-1-groupManagement] INFO  server.RaftServer$Division (ServerState.java:<init>(113)) - omNode-1@group-523986131536: ConfigurationManager, init=-1: peers:[omNode-3|localhost:15015, omNode-1|localhost:15007, omNode-2|localhost:15011]|listeners:[], old=null, confs=<EMPTY_MAP>
2024-03-04 12:54:21,818 [omNode-1-groupManagement] INFO  server.RaftServerConfigKeys (ConfUtils.java:logGet(46)) - raft.server.notification.no-leader.timeout = 2s (custom)
2024-03-04 12:54:21,818 [omNode-1-groupManagement] INFO  server.RaftServerConfigKeys (ConfUtils.java:logGet(46)) - raft.server.read.timeout = 10s (default)
2024-03-04 12:54:21,818 [omNode-1-groupManagement] INFO  server.RaftServerConfigKeys (ConfUtils.java:logGet(46)) - raft.server.retrycache.expirytime = 30000ms (custom)
2024-03-04 12:54:21,818 [omNode-1-groupManagement] INFO  server.RaftServerConfigKeys (ConfUtils.java:logGet(46)) - raft.server.retrycache.statistics.expirytime = 100ms (default)
2024-03-04 12:54:21,818 [omNode-1-groupManagement] INFO  server.RaftServerConfigKeys (ConfUtils.java:logGet(46)) - raft.server.read.option = DEFAULT (default)
2024-03-04 12:54:21,818 [omNode-1-groupManagement] INFO  server.RaftServerConfigKeys (ConfUtils.java:logGet(46)) - raft.server.read.read-after-write-consistent.write-index-cache.expiry-time = 60s (default)
2024-03-04 12:54:21,819 [omNode-1-groupManagement] INFO  server.RaftServerConfigKeys (ConfUtils.java:logGet(46)) - raft.server.rpc.request.timeout = 3000ms (default)
2024-03-04 12:54:21,820 [omNode-1-groupManagement] INFO  server.RaftServerConfigKeys (ConfUtils.java:logGet(46)) - raft.server.log.appender.install.snapshot.enabled = false (custom)
2024-03-04 12:54:21,820 [omNode-1-groupManagement] INFO  server.RaftServerConfigKeys (ConfUtils.java:logGet(46)) - raft.server.threadpool.server.cached = true (default)
2024-03-04 12:54:21,820 [omNode-1-groupManagement] INFO  server.RaftServerConfigKeys (ConfUtils.java:logGet(46)) - raft.server.threadpool.server.size = 0 (default)
2024-03-04 12:54:21,820 [omNode-1-groupManagement] INFO  server.RaftServerConfigKeys (ConfUtils.java:logGet(46)) - raft.server.threadpool.client.cached = true (default)
2024-03-04 12:54:21,820 [omNode-1-groupManagement] INFO  server.RaftServerConfigKeys (ConfUtils.java:logGet(46)) - raft.server.threadpool.client.size = 0 (default)
2024-03-04 12:54:21,820 [omNode-1-impl-thread1] INFO  server.RaftServerConfigKeys (ConfUtils.java:logGet(46)) - raft.server.storage.free-space.min = 0MB (=0) (default)
2024-03-04 12:54:21,820 [omNode-1-impl-thread1] INFO  server.RaftServerConfigKeys (ConfUtils.java:logGet(46)) - raft.server.log.corruption.policy = EXCEPTION (default)
2024-03-04 12:54:21,820 [omNode-1-impl-thread1] INFO  server.RaftServerConfigKeys (ConfUtils.java:logGet(46)) - raft.server.storage.dir = [/home/runner/work/ozone/ozone/hadoop-ozone/integration-test/target/test-dir/MiniOzoneClusterImpl-fd608c45-4a56-4c9e-a7d8-2ca674675983/omNode-1/ratis] (custom)
2024-03-04 12:54:21,821 [omNode-1-impl-thread1] INFO  storage.RaftStorageDirectory (RaftStorageDirectoryImpl.java:tryLock(228)) - Lock on /home/runner/work/ozone/ozone/hadoop-ozone/integration-test/target/test-dir/MiniOzoneClusterImpl-fd608c45-4a56-4c9e-a7d8-2ca674675983/omNode-1/ratis/c9bc4cf4-3bc3-3c60-a66b-523986131536/in_use.lock acquired by nodename 41993@fv-az571-795
2024-03-04 12:54:21,821 [omNode-1-impl-thread1] INFO  storage.RaftStorage (RaftStorageImpl.java:analyzeAndRecoverStorage(119)) - Read RaftStorageMetadata{term=2, votedFor=omNode-3} from /home/runner/work/ozone/ozone/hadoop-ozone/integration-test/target/test-dir/MiniOzoneClusterImpl-fd608c45-4a56-4c9e-a7d8-2ca674675983/omNode-1/ratis/c9bc4cf4-3bc3-3c60-a66b-523986131536/current/raft-meta
2024-03-04 12:54:21,822 [omNode-1-impl-thread1] INFO  server.RaftServer$Division (ServerState.java:setRaftConf(386)) - omNode-1@group-523986131536: set configuration 16: peers:[omNode-3|localhost:15015, omNode-1|localhost:15007, omNode-2|localhost:15011]|listeners:[], old=null
2024-03-04 12:54:21,822 [omNode-1-impl-thread1] INFO  server.RaftServerConfigKeys (ConfUtils.java:logGet(46)) - raft.server.log.use.memory = false (default)
2024-03-04 12:54:21,822 [omNode-1-impl-thread1] INFO  server.RaftServerConfigKeys (ConfUtils.java:logGet(46)) - raft.server.log.purge.gap = 50 (custom)
2024-03-04 12:54:21,822 [omNode-1-impl-thread1] INFO  server.RaftServerConfigKeys (ConfUtils.java:logGet(46)) - raft.server.log.appender.buffer.byte-limit = 4194304 (custom)
2024-03-04 12:54:21,822 [omNode-1-impl-thread1] INFO  server.RaftServerConfigKeys (ConfUtils.java:logGet(46)) - raft.server.log.statemachine.data.read.timeout = 1000ms (default)
2024-03-04 12:54:21,822 [omNode-1-impl-thread1] INFO  server.RaftServerConfigKeys (ConfUtils.java:logGet(46)) - raft.server.log.purge.preservation.log.num = 0 (default)
2024-03-04 12:54:21,823 [omNode-1-impl-thread1] INFO  server.RaftServerConfigKeys (ConfUtils.java:logGet(46)) - raft.server.log.segment.size.max = 4194304 (custom)
2024-03-04 12:54:21,823 [omNode-1-impl-thread1] INFO  server.RaftServerConfigKeys (ConfUtils.java:logGet(46)) - raft.server.log.segment.cache.num.max = 2 (custom)
2024-03-04 12:54:21,823 [omNode-1-impl-thread1] INFO  server.RaftServerConfigKeys (ConfUtils.java:logGet(46)) - raft.server.log.segment.cache.size.max = 200MB (=209715200) (default)
2024-03-04 12:54:21,823 [omNode-1-impl-thread1] INFO  server.RaftServerConfigKeys (ConfUtils.java:logGet(46)) - raft.server.log.appender.buffer.byte-limit = 4194304 (custom)
2024-03-04 12:54:21,823 [omNode-1-impl-thread1] INFO  util.AwaitToRun (AwaitToRun.java:start(81)) - Thread[omNode-1@group-523986131536-cacheEviction-AwaitToRun,5,main] started
2024-03-04 12:54:21,823 [omNode-1-impl-thread1] INFO  segmented.SegmentedRaftLogWorker (SegmentedRaftLogWorker.java:<init>(182)) - new omNode-1@group-523986131536-SegmentedRaftLogWorker for RaftStorageImpl:Storage Directory /home/runner/work/ozone/ozone/hadoop-ozone/integration-test/target/test-dir/MiniOzoneClusterImpl-fd608c45-4a56-4c9e-a7d8-2ca674675983/omNode-1/ratis/c9bc4cf4-3bc3-3c60-a66b-523986131536
2024-03-04 12:54:21,823 [omNode-1-impl-thread1] INFO  server.RaftServerConfigKeys (ConfUtils.java:logGet(46)) - raft.server.log.queue.byte-limit = 64MB (=67108864) (default)
2024-03-04 12:54:21,824 [omNode-1-impl-thread1] INFO  server.RaftServerConfigKeys (ConfUtils.java:logGet(46)) - raft.server.log.queue.element-limit = 4096 (default)
2024-03-04 12:54:21,824 [omNode-1-impl-thread1] INFO  server.RaftServerConfigKeys (ConfUtils.java:logGet(46)) - raft.server.log.segment.size.max = 4194304 (custom)
2024-03-04 12:54:21,824 [omNode-1-impl-thread1] INFO  server.RaftServerConfigKeys (ConfUtils.java:logGet(46)) - raft.server.log.preallocated.size = 4194304 (custom)
2024-03-04 12:54:21,824 [omNode-1-impl-thread1] INFO  server.RaftServerConfigKeys (ConfUtils.java:logGet(46)) - raft.server.log.force.sync.num = 128 (default)
2024-03-04 12:54:21,824 [omNode-1-impl-thread1] INFO  server.RaftServerConfigKeys (ConfUtils.java:logGet(46)) - raft.server.log.statemachine.data.sync = true (default)
2024-03-04 12:54:21,824 [omNode-1-impl-thread1] INFO  server.RaftServerConfigKeys (ConfUtils.java:logGet(46)) - raft.server.log.statemachine.data.sync.timeout = 10s (default)
2024-03-04 12:54:21,824 [omNode-1-impl-thread1] INFO  server.RaftServerConfigKeys (ConfUtils.java:logGet(46)) - raft.server.log.statemachine.data.sync.timeout.retry = -1 (default)
2024-03-04 12:54:21,824 [omNode-1-impl-thread1] INFO  server.RaftServerConfigKeys (ConfUtils.java:logGet(46)) - raft.server.log.write.buffer.size = 4194312 (custom)
2024-03-04 12:54:21,825 [omNode-1-impl-thread1] INFO  server.RaftServerConfigKeys (ConfUtils.java:logGet(46)) - raft.server.log.appender.buffer.byte-limit = 4194304 (custom)
2024-03-04 12:54:21,825 [omNode-1-impl-thread1] INFO  server.RaftServerConfigKeys (ConfUtils.java:logGet(46)) - raft.server.log.unsafe-flush.enabled = false (default)
2024-03-04 12:54:21,825 [omNode-1-impl-thread1] INFO  server.RaftServerConfigKeys (ConfUtils.java:logGet(46)) - raft.server.log.async-flush.enabled = false (default)
2024-03-04 12:54:21,825 [omNode-1-impl-thread1] INFO  server.RaftServerConfigKeys (ConfUtils.java:logGet(46)) - raft.server.log.statemachine.data.caching.enabled = false (default)
2024-03-04 12:54:21,825 [omNode-1-impl-thread1] INFO  segmented.SegmentedRaftLogWorker (SegmentedRaftLogWorker.java:lambda$new$0(134)) - omNode-1@group-523986131536-SegmentedRaftLogWorker: flushIndex: setUnconditionally 0 -> 69
2024-03-04 12:54:21,825 [omNode-1-impl-thread1] INFO  segmented.SegmentedRaftLogWorker (SegmentedRaftLogWorker.java:lambda$new$0(134)) - omNode-1@group-523986131536-SegmentedRaftLogWorker: safeCacheEvictIndex: setUnconditionally 0 -> -1
2024-03-04 12:54:21,825 [omNode-1-impl-thread1] INFO  server.RaftServer$Division (RaftServerImpl.java:start(396)) - omNode-1@group-523986131536: start as a follower, conf=16: peers:[omNode-3|localhost:15015, omNode-1|localhost:15007, omNode-2|localhost:15011]|listeners:[], old=null
2024-03-04 12:54:21,825 [omNode-1-impl-thread1] INFO  server.RaftServer$Division (RaftServerImpl.java:setRole(383)) - omNode-1@group-523986131536: changes role from      null to FOLLOWER at term 2 for startAsFollower
2024-03-04 12:54:21,825 [omNode-1-impl-thread1] INFO  impl.RoleInfo (RoleInfo.java:updateAndGet(139)) - omNode-1: start omNode-1@group-523986131536-FollowerState
2024-03-04 12:54:21,826 [omNode-1-impl-thread1] INFO  util.JmxRegister (JmxRegister.java:tryRegister(44)) - Successfully registered JMX Bean with object name Ratis:service=RaftServer,group=group-523986131536,id=omNode-1
2024-03-04 12:54:21,826 [omNode-1@group-523986131536-FollowerState] INFO  server.RaftServerConfigKeys (ConfUtils.java:logFallback(53)) - raft.server.rpc.first-election.timeout.min = 1s (fallback to raft.server.rpc.timeout.min)
2024-03-04 12:54:21,826 [omNode-1-impl-thread1] INFO  server.RaftServerConfigKeys (ConfUtils.java:logGet(46)) - raft.server.snapshot.trigger-when-stop.enabled = true (default)
2024-03-04 12:54:21,826 [omNode-1@group-523986131536-FollowerState] INFO  server.RaftServerConfigKeys (ConfUtils.java:logFallback(53)) - raft.server.rpc.first-election.timeout.max = 1200ms (fallback to raft.server.rpc.timeout.max)
2024-03-04 12:54:21,826 [omNode-1-impl-thread1] INFO  server.RaftServerConfigKeys (ConfUtils.java:logGet(46)) - raft.server.snapshot.auto.trigger.enabled = true (custom)
2024-03-04 12:54:21,826 [omNode-1-impl-thread1] INFO  server.RaftServerConfigKeys (ConfUtils.java:logGet(46)) - raft.server.snapshot.auto.trigger.threshold = 50 (custom)
2024-03-04 12:54:21,826 [omNode-1-impl-thread1] INFO  server.RaftServerConfigKeys (ConfUtils.java:logGet(46)) - raft.server.snapshot.retention.file.num = -1 (default)
2024-03-04 12:54:21,826 [omNode-1-impl-thread1] INFO  server.RaftServerConfigKeys (ConfUtils.java:logGet(46)) - raft.server.log.purge.upto.snapshot.index = true (custom)
2024-03-04 12:54:21,826 [main] INFO  server.RaftServer (RaftServerProxy.java:startImpl(406)) - omNode-1: start RPC server
2024-03-04 12:54:21,827 [main] INFO  server.GrpcService (GrpcService.java:startImpl(302)) - omNode-1: GrpcService started, listening on 15007
2024-03-04 12:54:21,828 [main] INFO  om.OzoneManager (OzoneManager.java:getRpcServer(1206)) - Creating RPC Server
2024-03-04 12:54:21,828 [JvmPauseMonitor11] INFO  util.JvmPauseMonitor (JvmPauseMonitor.java:run(146)) - JvmPauseMonitor-omNode-1: Started
2024-03-04 12:54:22,019 [main] INFO  ipc.CallQueueManager (CallQueueManager.java:<init>(90)) - Using callQueue: class java.util.concurrent.LinkedBlockingQueue, queueCapacity: 2000, scheduler: class org.apache.hadoop.ipc.DefaultRpcScheduler, ipcBackoff: false.
2024-03-04 12:54:22,020 [main] INFO  ipc.Server (Server.java:<init>(1287)) - Listener at localhost:15004
2024-03-04 12:54:22,020 [Socket Reader #1 for port 15004] INFO  ipc.Server (Server.java:run(1323)) - Starting Socket Reader #1 for port 15004
2024-03-04 12:54:22,022 [main] INFO  http.BaseHttpServer (BaseHttpServer.java:newHttpServer2BuilderForOzone(223)) - Starting Web-server for ozoneManager at: http://0.0.0.0:15005
2024-03-04 12:54:22,022 [main] INFO  http.BaseHttpServer (BaseHttpServer.java:<init>(110)) - Hadoop Security Enabled: false Ozone Security Enabled: false Ozone HTTP Security Enabled: false 
2024-03-04 12:54:22,024 [main] WARN  server.AuthenticationFilter (AuthenticationFilter.java:constructSecretProvider(240)) - Unable to initialize FileSignerSecretProvider, falling back to use random secrets. Reason: Could not read signature secret file: /home/runner/hadoop-http-auth-signature-secret
2024-03-04 12:54:22,025 [main] INFO  http.HttpRequestLog (HttpRequestLog.java:getRequestLog(86)) - Http request log for http.requests.ozoneManager is not defined
2024-03-04 12:54:22,026 [main] INFO  http.HttpServer2 (HttpServer2.java:addGlobalFilter(1036)) - Added global filter 'safety' (class=org.apache.hadoop.hdds.server.http.HttpServer2$QuotingInputFilter)
2024-03-04 12:54:22,027 [main] INFO  http.HttpServer2 (HttpServer2.java:addFilter(1012)) - Added filter static_user_filter (class=org.apache.hadoop.http.lib.StaticUserWebFilter$StaticUserFilter) to context ozoneManager
2024-03-04 12:54:22,027 [main] INFO  http.HttpServer2 (HttpServer2.java:addFilter(1020)) - Added filter static_user_filter (class=org.apache.hadoop.http.lib.StaticUserWebFilter$StaticUserFilter) to context logs
2024-03-04 12:54:22,027 [main] INFO  http.HttpServer2 (HttpServer2.java:addFilter(1020)) - Added filter static_user_filter (class=org.apache.hadoop.http.lib.StaticUserWebFilter$StaticUserFilter) to context static
2024-03-04 12:54:22,028 [main] INFO  http.BaseHttpServer (BaseHttpServer.java:<init>(189)) - HTTP server of ozoneManager uses base directory /home/runner/work/ozone/ozone/hadoop-ozone/integration-test/target/test-dir/MiniOzoneClusterImpl-fd608c45-4a56-4c9e-a7d8-2ca674675983/omNode-1/webserver
2024-03-04 12:54:22,028 [main] INFO  http.HttpServer2 (HttpServer2.java:bindListener(1236)) - Jetty bound to port 15005
2024-03-04 12:54:22,028 [main] INFO  server.Server (Server.java:doStart(375)) - jetty-9.4.53.v20231009; built: 2023-10-09T12:29:09.265Z; git: 27bde00a0b95a1d5bbee0eae7984f891d2d0f8c9; jvm 1.8.0_402-b06
2024-03-04 12:54:22,032 [main] INFO  server.session (DefaultSessionIdManager.java:doStart(334)) - DefaultSessionIdManager workerName=node0
2024-03-04 12:54:22,033 [main] INFO  server.session (DefaultSessionIdManager.java:doStart(339)) - No SessionScavenger set, using defaults
2024-03-04 12:54:22,033 [main] INFO  server.session (HouseKeeper.java:startScavenging(132)) - node0 Scavenging every 600000ms
2024-03-04 12:54:22,033 [main] INFO  handler.ContextHandler (ContextHandler.java:doStart(921)) - Started o.e.j.s.ServletContextHandler@52c171f6{logs,/logs,file:///home/runner/work/ozone/ozone/hadoop-ozone/integration-test/target/log,AVAILABLE}
2024-03-04 12:54:22,034 [main] INFO  handler.ContextHandler (ContextHandler.java:doStart(921)) - Started o.e.j.s.ServletContextHandler@225cd367{static,/static,file:///home/runner/work/ozone/ozone/hadoop-ozone/integration-test/target/test-classes/webapps/static,AVAILABLE}
2024-03-04 12:54:22,036 [main] INFO  handler.ContextHandler (ContextHandler.java:doStart(921)) - Started o.e.j.w.WebAppContext@3f26d961{ozoneManager,/,file:///home/runner/work/ozone/ozone/hadoop-ozone/integration-test/target/test-classes/webapps/ozoneManager/,AVAILABLE}{file:/home/runner/work/ozone/ozone/hadoop-ozone/integration-test/target/test-classes/webapps/ozoneManager}
2024-03-04 12:54:22,038 [main] INFO  server.AbstractConnector (AbstractConnector.java:doStart(333)) - Started ServerConnector@19cdfd93{HTTP/1.1, (http/1.1)}{0.0.0.0:15005}
2024-03-04 12:54:22,038 [main] INFO  server.Server (Server.java:doStart(415)) - Started @157622ms
2024-03-04 12:54:22,038 [main] WARN  impl.MetricsSystemImpl (MetricsSystemImpl.java:register(279)) - Sink prometheus already exists!
2024-03-04 12:54:22,039 [main] INFO  http.BaseHttpServer (BaseHttpServer.java:updateConnectorAddress(354)) - HTTP server of ozoneManager listening at http://0.0.0.0:15005
2024-03-04 12:54:22,039 [IPC Server Responder] INFO  ipc.Server (Server.java:run(1562)) - IPC Server Responder: starting
2024-03-04 12:54:22,040 [IPC Server listener on 15004] INFO  ipc.Server (Server.java:run(1402)) - IPC Server listener on 15004: starting
2024-03-04 12:54:22,045 [main] INFO  om.OzoneManager (OzoneManager.java:startTrashEmptier(2093)) - Trash Interval set to 0. Files deleted won't move to trash
2024-03-04 12:54:22,046 [main] INFO  om.OzoneManager (OzoneManager.java:restart(1710)) - OzoneManager RPC server is listening at localhost/127.0.0.1:15008
2024-03-04 12:54:22,046 [main] INFO  impl.MetricsSystemImpl (MetricsSystemImpl.java:init(158)) - OzoneManager metrics system started (again)
2024-03-04 12:54:22,055 [main] WARN  server.ServerUtils (ServerUtils.java:getDBPath(299)) - ozone.om.db.dirs is not configured. We recommend adding this setting. Falling back to ozone.metadata.dirs instead.
2024-03-04 12:54:22,055 [main] INFO  helpers.OmKeyInfo (OmKeyInfo.java:getCodec(71)) - OmKeyInfo.getCodec ignorePipeline = true
2024-03-04 12:54:22,099 [main] INFO  om.OzoneManager (OzoneManager.java:instantiateServices(804)) - S3 Multi-Tenancy is disabled
2024-03-04 12:54:22,100 [main] INFO  om.OmSnapshotManager (OmSnapshotManager.java:<init>(177)) - Ozone filesystem snapshot feature is enabled.
2024-03-04 12:54:22,101 [main] WARN  server.ServerUtils (ServerUtils.java:getDBPath(299)) - ozone.om.snapshot.diff.db.dir is not configured. We recommend adding this setting. Falling back to ozone.metadata.dirs instead.
2024-03-04 12:54:22,113 [main] INFO  utils.NativeLibraryLoader (NativeLibraryLoader.java:loadLibrary(108)) - Loading Library: ozone_rocksdb_tools
2024-03-04 12:54:22,114 [main] ERROR snapshot.SnapshotDiffManager (SnapshotDiffManager.java:initNativeLibraryForEfficientDiff(287)) - Native Library for raw sst file reading loading failed.
org.apache.hadoop.hdds.utils.NativeLibraryNotLoadedException: Unable to load library ozone_rocksdb_tools from both java.library.path & resource file libozone_rocksdb_tools.so from jar.
	at org.apache.hadoop.hdds.utils.db.managed.ManagedRawSSTFileReader.loadLibrary(ManagedRawSSTFileReader.java:38)
	at org.apache.hadoop.ozone.om.snapshot.SnapshotDiffManager.initNativeLibraryForEfficientDiff(SnapshotDiffManager.java:285)
	at org.apache.hadoop.ozone.om.snapshot.SnapshotDiffManager.<init>(SnapshotDiffManager.java:259)
	at org.apache.hadoop.ozone.om.OmSnapshotManager.<init>(OmSnapshotManager.java:279)
	at org.apache.hadoop.ozone.om.OzoneManager.instantiateServices(OzoneManager.java:856)
	at org.apache.hadoop.ozone.om.OzoneManager.restart(OzoneManager.java:1715)
	at org.apache.hadoop.ozone.MiniOzoneHAClusterImpl.restartOzoneManager(MiniOzoneHAClusterImpl.java:211)
	at org.apache.hadoop.ozone.om.TestOzoneManagerPrepare.resetCluster(TestOzoneManagerPrepare.java:113)
	at sun.reflect.NativeMethodAccessorImpl.invoke0(Native Method)
	at sun.reflect.NativeMethodAccessorImpl.invoke(NativeMethodAccessorImpl.java:62)
	at sun.reflect.DelegatingMethodAccessorImpl.invoke(DelegatingMethodAccessorImpl.java:43)
	at java.lang.reflect.Method.invoke(Method.java:498)
	at org.junit.platform.commons.util.ReflectionUtils.invokeMethod(ReflectionUtils.java:728)
	at org.junit.jupiter.engine.execution.MethodInvocation.proceed(MethodInvocation.java:60)
	at org.junit.jupiter.engine.execution.InvocationInterceptorChain$ValidatingInvocation.proceed(InvocationInterceptorChain.java:131)
	at org.junit.jupiter.engine.extension.TimeoutExtension.intercept(TimeoutExtension.java:156)
	at org.junit.jupiter.engine.extension.TimeoutExtension.interceptLifecycleMethod(TimeoutExtension.java:128)
	at org.junit.jupiter.engine.extension.TimeoutExtension.interceptAfterEachMethod(TimeoutExtension.java:110)
	at org.junit.jupiter.engine.execution.InterceptingExecutableInvoker$ReflectiveInterceptorCall.lambda$ofVoidMethod$0(InterceptingExecutableInvoker.java:103)
	at org.junit.jupiter.engine.execution.InterceptingExecutableInvoker.lambda$invoke$0(InterceptingExecutableInvoker.java:93)
	at org.junit.jupiter.engine.execution.InvocationInterceptorChain$InterceptedInvocation.proceed(InvocationInterceptorChain.java:106)
	at org.junit.jupiter.engine.execution.InvocationInterceptorChain.proceed(InvocationInterceptorChain.java:64)
	at org.junit.jupiter.engine.execution.InvocationInterceptorChain.chainAndInvoke(InvocationInterceptorChain.java:45)
	at org.junit.jupiter.engine.execution.InvocationInterceptorChain.invoke(InvocationInterceptorChain.java:37)
	at org.junit.jupiter.engine.execution.InterceptingExecutableInvoker.invoke(InterceptingExecutableInvoker.java:92)
	at org.junit.jupiter.engine.execution.InterceptingExecutableInvoker.invoke(InterceptingExecutableInvoker.java:86)
	at org.junit.jupiter.engine.descriptor.ClassBasedTestDescriptor.invokeMethodInExtensionContext(ClassBasedTestDescriptor.java:521)
	at org.junit.jupiter.engine.descriptor.ClassBasedTestDescriptor.lambda$synthesizeAfterEachMethodAdapter$24(ClassBasedTestDescriptor.java:511)
	at org.junit.jupiter.engine.descriptor.TestMethodTestDescriptor.lambda$invokeAfterEachMethods$10(TestMethodTestDescriptor.java:244)
	at org.junit.jupiter.engine.descriptor.TestMethodTestDescriptor.lambda$invokeAllAfterMethodsOrCallbacks$13(TestMethodTestDescriptor.java:277)
	at org.junit.platform.engine.support.hierarchical.ThrowableCollector.execute(ThrowableCollector.java:73)
	at org.junit.jupiter.engine.descriptor.TestMethodTestDescriptor.lambda$invokeAllAfterMethodsOrCallbacks$14(TestMethodTestDescriptor.java:277)
	at org.junit.platform.commons.util.CollectionUtils.forEachInReverseOrder(CollectionUtils.java:217)
	at org.junit.jupiter.engine.descriptor.TestMethodTestDescriptor.invokeAllAfterMethodsOrCallbacks(TestMethodTestDescriptor.java:276)
	at org.junit.jupiter.engine.descriptor.TestMethodTestDescriptor.invokeAfterEachMethods(TestMethodTestDescriptor.java:242)
	at org.junit.jupiter.engine.descriptor.TestMethodTestDescriptor.execute(TestMethodTestDescriptor.java:143)
	at org.junit.jupiter.engine.descriptor.TestMethodTestDescriptor.execute(TestMethodTestDescriptor.java:69)
	at org.junit.platform.engine.support.hierarchical.NodeTestTask.lambda$executeRecursively$6(NodeTestTask.java:151)
	at org.junit.platform.engine.support.hierarchical.ThrowableCollector.execute(ThrowableCollector.java:73)
	at org.junit.platform.engine.support.hierarchical.NodeTestTask.lambda$executeRecursively$8(NodeTestTask.java:141)
	at org.junit.platform.engine.support.hierarchical.Node.around(Node.java:137)
	at org.junit.platform.engine.support.hierarchical.NodeTestTask.lambda$executeRecursively$9(NodeTestTask.java:139)
	at org.junit.platform.engine.support.hierarchical.ThrowableCollector.execute(ThrowableCollector.java:73)
	at org.junit.platform.engine.support.hierarchical.NodeTestTask.executeRecursively(NodeTestTask.java:138)
	at org.junit.platform.engine.support.hierarchical.NodeTestTask.execute(NodeTestTask.java:95)
	at java.util.ArrayList.forEach(ArrayList.java:1259)
	at org.junit.platform.engine.support.hierarchical.SameThreadHierarchicalTestExecutorService.invokeAll(SameThreadHierarchicalTestExecutorService.java:41)
	at org.junit.platform.engine.support.hierarchical.NodeTestTask.lambda$executeRecursively$6(NodeTestTask.java:155)
	at org.junit.platform.engine.support.hierarchical.ThrowableCollector.execute(ThrowableCollector.java:73)
	at org.junit.platform.engine.support.hierarchical.NodeTestTask.lambda$executeRecursively$8(NodeTestTask.java:141)
	at org.junit.platform.engine.support.hierarchical.Node.around(Node.java:137)
	at org.junit.platform.engine.support.hierarchical.NodeTestTask.lambda$executeRecursively$9(NodeTestTask.java:139)
	at org.junit.platform.engine.support.hierarchical.ThrowableCollector.execute(ThrowableCollector.java:73)
	at org.junit.platform.engine.support.hierarchical.NodeTestTask.executeRecursively(NodeTestTask.java:138)
	at org.junit.platform.engine.support.hierarchical.NodeTestTask.execute(NodeTestTask.java:95)
	at java.util.ArrayList.forEach(ArrayList.java:1259)
	at org.junit.platform.engine.support.hierarchical.SameThreadHierarchicalTestExecutorService.invokeAll(SameThreadHierarchicalTestExecutorService.java:41)
	at org.junit.platform.engine.support.hierarchical.NodeTestTask.lambda$executeRecursively$6(NodeTestTask.java:155)
	at org.junit.platform.engine.support.hierarchical.ThrowableCollector.execute(ThrowableCollector.java:73)
	at org.junit.platform.engine.support.hierarchical.NodeTestTask.lambda$executeRecursively$8(NodeTestTask.java:141)
	at org.junit.platform.engine.support.hierarchical.Node.around(Node.java:137)
	at org.junit.platform.engine.support.hierarchical.NodeTestTask.lambda$executeRecursively$9(NodeTestTask.java:139)
	at org.junit.platform.engine.support.hierarchical.ThrowableCollector.execute(ThrowableCollector.java:73)
	at org.junit.platform.engine.support.hierarchical.NodeTestTask.executeRecursively(NodeTestTask.java:138)
	at org.junit.platform.engine.support.hierarchical.NodeTestTask.execute(NodeTestTask.java:95)
	at org.junit.platform.engine.support.hierarchical.SameThreadHierarchicalTestExecutorService.submit(SameThreadHierarchicalTestExecutorService.java:35)
	at org.junit.platform.engine.support.hierarchical.HierarchicalTestExecutor.execute(HierarchicalTestExecutor.java:57)
	at org.junit.platform.engine.support.hierarchical.HierarchicalTestEngine.execute(HierarchicalTestEngine.java:54)
	at org.junit.platform.launcher.core.EngineExecutionOrchestrator.execute(EngineExecutionOrchestrator.java:198)
	at org.junit.platform.launcher.core.EngineExecutionOrchestrator.execute(EngineExecutionOrchestrator.java:169)
	at org.junit.platform.launcher.core.EngineExecutionOrchestrator.execute(EngineExecutionOrchestrator.java:93)
	at org.junit.platform.launcher.core.EngineExecutionOrchestrator.lambda$execute$0(EngineExecutionOrchestrator.java:58)
	at org.junit.platform.launcher.core.EngineExecutionOrchestrator.withInterceptedStreams(EngineExecutionOrchestrator.java:141)
	at org.junit.platform.launcher.core.EngineExecutionOrchestrator.execute(EngineExecutionOrchestrator.java:57)
	at org.junit.platform.launcher.core.DefaultLauncher.execute(DefaultLauncher.java:103)
	at org.junit.platform.launcher.core.DefaultLauncher.execute(DefaultLauncher.java:85)
	at org.junit.platform.launcher.core.DelegatingLauncher.execute(DelegatingLauncher.java:47)
	at org.junit.platform.launcher.core.SessionPerRequestLauncher.execute(SessionPerRequestLauncher.java:63)
	at org.apache.maven.surefire.junitplatform.JUnitPlatformProvider.execute(JUnitPlatformProvider.java:188)
	at org.apache.maven.surefire.junitplatform.JUnitPlatformProvider.invokeAllTests(JUnitPlatformProvider.java:154)
	at org.apache.maven.surefire.junitplatform.JUnitPlatformProvider.invoke(JUnitPlatformProvider.java:124)
	at org.apache.maven.surefire.booter.ForkedBooter.runSuitesInProcess(ForkedBooter.java:428)
	at org.apache.maven.surefire.booter.ForkedBooter.execute(ForkedBooter.java:162)
	at org.apache.maven.surefire.booter.ForkedBooter.run(ForkedBooter.java:562)
	at org.apache.maven.surefire.booter.ForkedBooter.main(ForkedBooter.java:548)
2024-03-04 12:54:22,116 [main] WARN  om.OzoneManager (OzoneManager.java:instantiatePrepareStateOnStartup(4511)) - Prepare marker file index 69 does not match DB prepare index 68. Writing DB index to prepare file and maintaining prepared state.
2024-03-04 12:54:22,116 [main] INFO  om.OzoneManagerPrepareState (OzoneManagerPrepareState.java:writePrepareMarkerFile(262)) - Prepare marker file written with log index 68 to file /home/runner/work/ozone/ozone/hadoop-ozone/integration-test/target/test-dir/MiniOzoneClusterImpl-fd608c45-4a56-4c9e-a7d8-2ca674675983/omNode-2/current/prepareMarker
2024-03-04 12:54:22,120 [main] WARN  dropwizard3.Dm3MetricRegistriesImpl (Dm3MetricRegistriesImpl.java:addReporterRegistration(113)) - New reporters are added after registries were created. Some metrics will be missing from the reporter. Please add reporter before adding any new registry.
2024-03-04 12:54:22,120 [main] WARN  dropwizard3.Dm3MetricRegistriesImpl (Dm3MetricRegistriesImpl.java:addReporterRegistration(113)) - New reporters are added after registries were created. Some metrics will be missing from the reporter. Please add reporter before adding any new registry.
2024-03-04 12:54:22,121 [main] WARN  server.ServerUtils (ServerUtils.java:getDefaultRatisDirectory(311)) - Storage directory for Ratis is not configured. It is a good idea to map this to an SSD disk. Falling back to ozone.metadata.dirs
2024-03-04 12:54:22,122 [main] INFO  ratis.OzoneManagerRatisServer (OzoneManagerRatisServer.java:<init>(167)) - Instantiating OM Ratis server with groupID: om-service-test1 and peers: localhost:15011, localhost:15015, localhost:15007
2024-03-04 12:54:22,122 [main] INFO  ratis.OzoneManagerStateMachine (OzoneManagerStateMachine.java:loadSnapshotInfoFromDB(573)) - LastAppliedIndex is set from TransactionInfo from OM DB as (t:2, i:69)
2024-03-04 12:54:22,125 [main] INFO  server.RaftServer (ConfUtils.java:logGet(46)) - raft.rpc.type = GRPC (default)
2024-03-04 12:54:22,125 [main] INFO  grpc.GrpcConfigKeys (ConfUtils.java:logFallback(53)) - raft.grpc.admin.host = null (fallback to raft.grpc.server.host)
2024-03-04 12:54:22,126 [main] INFO  grpc.GrpcConfigKeys (ConfUtils.java:logFallback(53)) - raft.grpc.admin.port = 15011 (fallback to raft.grpc.server.port)
2024-03-04 12:54:22,126 [main] INFO  grpc.GrpcConfigKeys (ConfUtils.java:logFallback(53)) - raft.grpc.client.host = null (fallback to raft.grpc.server.host)
2024-03-04 12:54:22,126 [main] INFO  grpc.GrpcConfigKeys (ConfUtils.java:logFallback(53)) - raft.grpc.client.port = 15011 (fallback to raft.grpc.server.port)
2024-03-04 12:54:22,126 [main] INFO  grpc.GrpcConfigKeys (ConfUtils.java:logGet(46)) - raft.grpc.server.host = null (default)
2024-03-04 12:54:22,126 [main] INFO  grpc.GrpcConfigKeys (ConfUtils.java:logGet(46)) - raft.grpc.server.port = 15011 (custom)
2024-03-04 12:54:22,127 [main] INFO  server.GrpcService (ConfUtils.java:logGet(46)) - raft.grpc.message.size.max = 4194304 (custom)
2024-03-04 12:54:22,127 [main] INFO  server.RaftServerConfigKeys (ConfUtils.java:logGet(46)) - raft.server.log.appender.buffer.byte-limit = 4194304 (custom)
2024-03-04 12:54:22,127 [main] INFO  server.GrpcService (ConfUtils.java:logGet(46)) - raft.grpc.flow.control.window = 1MB (=1048576) (default)
2024-03-04 12:54:22,127 [main] INFO  server.RaftServerConfigKeys (ConfUtils.java:logGet(46)) - raft.server.rpc.request.timeout = 3000ms (default)
2024-03-04 12:54:22,127 [main] INFO  grpc.GrpcConfigKeys (ConfUtils.java:logGet(46)) - raft.grpc.server.heartbeat.channel = true (default)
2024-03-04 12:54:22,128 [main] INFO  grpc.GrpcConfigKeys (ConfUtils.java:logGet(46)) - raft.grpc.server.async.request.thread.pool.cached = true (default)
2024-03-04 12:54:22,128 [main] INFO  grpc.GrpcConfigKeys (ConfUtils.java:logGet(46)) - raft.grpc.server.async.request.thread.pool.size = 32 (default)
2024-03-04 12:54:22,130 [main] INFO  impl.DataStreamServerImpl (ConfUtils.java:logGet(46)) - raft.datastream.type = DISABLED (default)
2024-03-04 12:54:22,131 [main] INFO  server.RaftServerConfigKeys (ConfUtils.java:logGet(46)) - raft.server.sleep.deviation.threshold = 300ms (default)
2024-03-04 12:54:22,131 [main] INFO  server.RaftServerConfigKeys (ConfUtils.java:logGet(46)) - raft.server.close.threshold = 60s (default)
2024-03-04 12:54:22,131 [main] INFO  server.RaftServerConfigKeys (ConfUtils.java:logGet(46)) - raft.server.leaderelection.leader.step-down.wait-time = 10s (default)
2024-03-04 12:54:22,131 [main] INFO  server.RaftServerConfigKeys (ConfUtils.java:logGet(46)) - raft.server.storage.dir = [/home/runner/work/ozone/ozone/hadoop-ozone/integration-test/target/test-dir/MiniOzoneClusterImpl-fd608c45-4a56-4c9e-a7d8-2ca674675983/omNode-2/ratis] (custom)
2024-03-04 12:54:22,131 [main] INFO  server.RaftServerConfigKeys (ConfUtils.java:logGet(46)) - raft.server.threadpool.proxy.cached = true (default)
2024-03-04 12:54:22,132 [main] INFO  server.RaftServerConfigKeys (ConfUtils.java:logGet(46)) - raft.server.threadpool.proxy.size = 0 (default)
2024-03-04 12:54:22,132 [omNode-2-impl-thread1] INFO  server.RaftServer (RaftServerProxy.java:initGroupDir(264)) - omNode-2: found a subdirectory /home/runner/work/ozone/ozone/hadoop-ozone/integration-test/target/test-dir/MiniOzoneClusterImpl-fd608c45-4a56-4c9e-a7d8-2ca674675983/omNode-2/ratis/c9bc4cf4-3bc3-3c60-a66b-523986131536
2024-03-04 12:54:22,132 [main] INFO  server.RaftServer (RaftServerProxy.java:addNew(100)) - omNode-2: addNew group-523986131536:[omNode-3|localhost:15015, omNode-1|localhost:15007, omNode-2|localhost:15011] returns group-523986131536:java.util.concurrent.CompletableFuture@daac320[Not completed]
2024-03-04 12:54:22,132 [main] INFO  om.OzoneManager (OzoneManager.java:initializeRatisServer(2140)) - OzoneManager Ratis server initialized at port 15011
2024-03-04 12:54:22,133 [main] INFO  ratis.OzoneManagerRatisServer (OzoneManagerRatisServer.java:start(588)) - Starting OzoneManagerRatisServer omNode-2 at port 15011
2024-03-04 12:54:22,133 [omNode-2-groupManagement] INFO  server.RaftServer$Division (RaftServerImpl.java:<init>(256)) - omNode-2: new RaftServerImpl for group-523986131536:[omNode-3|localhost:15015, omNode-1|localhost:15007, omNode-2|localhost:15011] with OzoneManagerStateMachine:uninitialized
2024-03-04 12:54:22,133 [omNode-2-groupManagement] INFO  server.RaftServerConfigKeys (ConfUtils.java:logGet(46)) - raft.server.rpc.timeout.min = 1s (custom)
2024-03-04 12:54:22,133 [omNode-2-groupManagement] INFO  server.RaftServerConfigKeys (ConfUtils.java:logGet(46)) - raft.server.rpc.timeout.max = 1200ms (custom)
2024-03-04 12:54:22,133 [omNode-2-groupManagement] INFO  server.RaftServerConfigKeys (ConfUtils.java:logGet(46)) - raft.server.rpc.sleep.time = 25ms (default)
2024-03-04 12:54:22,133 [omNode-2-groupManagement] INFO  server.RaftServerConfigKeys (ConfUtils.java:logGet(46)) - raft.server.rpc.slowness.timeout = 2s (custom)
2024-03-04 12:54:22,133 [omNode-2-groupManagement] INFO  server.RaftServerConfigKeys (ConfUtils.java:logGet(46)) - raft.server.leaderelection.leader.step-down.wait-time = 10s (default)
2024-03-04 12:54:22,133 [omNode-2-groupManagement] INFO  server.RaftServerConfigKeys (ConfUtils.java:logGet(46)) - raft.server.leaderelection.member.majority-add = false (default)
2024-03-04 12:54:22,133 [omNode-2-groupManagement] INFO  server.RaftServerConfigKeys (ConfUtils.java:logGet(46)) - raft.server.sleep.deviation.threshold = 300ms (default)
2024-03-04 12:54:22,133 [omNode-2-groupManagement] INFO  server.RaftServer$Division (ServerState.java:<init>(113)) - omNode-2@group-523986131536: ConfigurationManager, init=-1: peers:[omNode-3|localhost:15015, omNode-1|localhost:15007, omNode-2|localhost:15011]|listeners:[], old=null, confs=<EMPTY_MAP>
2024-03-04 12:54:22,134 [omNode-2-groupManagement] INFO  server.RaftServerConfigKeys (ConfUtils.java:logGet(46)) - raft.server.notification.no-leader.timeout = 2s (custom)
2024-03-04 12:54:22,134 [omNode-2-groupManagement] INFO  server.RaftServerConfigKeys (ConfUtils.java:logGet(46)) - raft.server.read.timeout = 10s (default)
2024-03-04 12:54:22,134 [omNode-2-groupManagement] INFO  server.RaftServerConfigKeys (ConfUtils.java:logGet(46)) - raft.server.retrycache.expirytime = 30000ms (custom)
2024-03-04 12:54:22,134 [omNode-2-groupManagement] INFO  server.RaftServerConfigKeys (ConfUtils.java:logGet(46)) - raft.server.retrycache.statistics.expirytime = 100ms (default)
2024-03-04 12:54:22,134 [omNode-2-groupManagement] INFO  server.RaftServerConfigKeys (ConfUtils.java:logGet(46)) - raft.server.read.option = DEFAULT (default)
2024-03-04 12:54:22,134 [omNode-2-groupManagement] INFO  server.RaftServerConfigKeys (ConfUtils.java:logGet(46)) - raft.server.read.read-after-write-consistent.write-index-cache.expiry-time = 60s (default)
2024-03-04 12:54:22,136 [omNode-2-groupManagement] INFO  server.RaftServerConfigKeys (ConfUtils.java:logGet(46)) - raft.server.rpc.request.timeout = 3000ms (default)
2024-03-04 12:54:22,136 [omNode-2-groupManagement] INFO  server.RaftServerConfigKeys (ConfUtils.java:logGet(46)) - raft.server.log.appender.install.snapshot.enabled = false (custom)
2024-03-04 12:54:22,136 [omNode-2-groupManagement] INFO  server.RaftServerConfigKeys (ConfUtils.java:logGet(46)) - raft.server.threadpool.server.cached = true (default)
2024-03-04 12:54:22,136 [omNode-2-groupManagement] INFO  server.RaftServerConfigKeys (ConfUtils.java:logGet(46)) - raft.server.threadpool.server.size = 0 (default)
2024-03-04 12:54:22,136 [omNode-2-groupManagement] INFO  server.RaftServerConfigKeys (ConfUtils.java:logGet(46)) - raft.server.threadpool.client.cached = true (default)
2024-03-04 12:54:22,136 [omNode-2-groupManagement] INFO  server.RaftServerConfigKeys (ConfUtils.java:logGet(46)) - raft.server.threadpool.client.size = 0 (default)
2024-03-04 12:54:22,136 [omNode-2-impl-thread1] INFO  server.RaftServerConfigKeys (ConfUtils.java:logGet(46)) - raft.server.storage.free-space.min = 0MB (=0) (default)
2024-03-04 12:54:22,136 [omNode-2-impl-thread1] INFO  server.RaftServerConfigKeys (ConfUtils.java:logGet(46)) - raft.server.log.corruption.policy = EXCEPTION (default)
2024-03-04 12:54:22,136 [omNode-2-impl-thread1] INFO  server.RaftServerConfigKeys (ConfUtils.java:logGet(46)) - raft.server.storage.dir = [/home/runner/work/ozone/ozone/hadoop-ozone/integration-test/target/test-dir/MiniOzoneClusterImpl-fd608c45-4a56-4c9e-a7d8-2ca674675983/omNode-2/ratis] (custom)
2024-03-04 12:54:22,138 [omNode-2-impl-thread1] INFO  storage.RaftStorageDirectory (RaftStorageDirectoryImpl.java:tryLock(228)) - Lock on /home/runner/work/ozone/ozone/hadoop-ozone/integration-test/target/test-dir/MiniOzoneClusterImpl-fd608c45-4a56-4c9e-a7d8-2ca674675983/omNode-2/ratis/c9bc4cf4-3bc3-3c60-a66b-523986131536/in_use.lock acquired by nodename 41993@fv-az571-795
2024-03-04 12:54:22,138 [omNode-2-impl-thread1] INFO  storage.RaftStorage (RaftStorageImpl.java:analyzeAndRecoverStorage(119)) - Read RaftStorageMetadata{term=2, votedFor=omNode-3} from /home/runner/work/ozone/ozone/hadoop-ozone/integration-test/target/test-dir/MiniOzoneClusterImpl-fd608c45-4a56-4c9e-a7d8-2ca674675983/omNode-2/ratis/c9bc4cf4-3bc3-3c60-a66b-523986131536/current/raft-meta
2024-03-04 12:54:22,139 [omNode-2-impl-thread1] INFO  server.RaftServer$Division (ServerState.java:setRaftConf(386)) - omNode-2@group-523986131536: set configuration 16: peers:[omNode-3|localhost:15015, omNode-1|localhost:15007, omNode-2|localhost:15011]|listeners:[], old=null
2024-03-04 12:54:22,139 [omNode-2-impl-thread1] INFO  server.RaftServerConfigKeys (ConfUtils.java:logGet(46)) - raft.server.log.use.memory = false (default)
2024-03-04 12:54:22,139 [omNode-2-impl-thread1] INFO  server.RaftServerConfigKeys (ConfUtils.java:logGet(46)) - raft.server.log.purge.gap = 50 (custom)
2024-03-04 12:54:22,140 [omNode-2-impl-thread1] INFO  server.RaftServerConfigKeys (ConfUtils.java:logGet(46)) - raft.server.log.appender.buffer.byte-limit = 4194304 (custom)
2024-03-04 12:54:22,140 [omNode-2-impl-thread1] INFO  server.RaftServerConfigKeys (ConfUtils.java:logGet(46)) - raft.server.log.statemachine.data.read.timeout = 1000ms (default)
2024-03-04 12:54:22,140 [omNode-2-impl-thread1] INFO  server.RaftServerConfigKeys (ConfUtils.java:logGet(46)) - raft.server.log.purge.preservation.log.num = 0 (default)
2024-03-04 12:54:22,142 [omNode-2-impl-thread1] INFO  server.RaftServerConfigKeys (ConfUtils.java:logGet(46)) - raft.server.log.segment.size.max = 4194304 (custom)
2024-03-04 12:54:22,143 [omNode-2-impl-thread1] INFO  server.RaftServerConfigKeys (ConfUtils.java:logGet(46)) - raft.server.log.segment.cache.num.max = 2 (custom)
2024-03-04 12:54:22,143 [omNode-2-impl-thread1] INFO  server.RaftServerConfigKeys (ConfUtils.java:logGet(46)) - raft.server.log.segment.cache.size.max = 200MB (=209715200) (default)
2024-03-04 12:54:22,143 [omNode-2-impl-thread1] INFO  server.RaftServerConfigKeys (ConfUtils.java:logGet(46)) - raft.server.log.appender.buffer.byte-limit = 4194304 (custom)
2024-03-04 12:54:22,143 [omNode-2-impl-thread1] INFO  util.AwaitToRun (AwaitToRun.java:start(81)) - Thread[omNode-2@group-523986131536-cacheEviction-AwaitToRun,5,main] started
2024-03-04 12:54:22,143 [omNode-2-impl-thread1] INFO  segmented.SegmentedRaftLogWorker (SegmentedRaftLogWorker.java:<init>(182)) - new omNode-2@group-523986131536-SegmentedRaftLogWorker for RaftStorageImpl:Storage Directory /home/runner/work/ozone/ozone/hadoop-ozone/integration-test/target/test-dir/MiniOzoneClusterImpl-fd608c45-4a56-4c9e-a7d8-2ca674675983/omNode-2/ratis/c9bc4cf4-3bc3-3c60-a66b-523986131536
2024-03-04 12:54:22,143 [omNode-2-impl-thread1] INFO  server.RaftServerConfigKeys (ConfUtils.java:logGet(46)) - raft.server.log.queue.byte-limit = 64MB (=67108864) (default)
2024-03-04 12:54:22,143 [omNode-2-impl-thread1] INFO  server.RaftServerConfigKeys (ConfUtils.java:logGet(46)) - raft.server.log.queue.element-limit = 4096 (default)
2024-03-04 12:54:22,143 [omNode-2-impl-thread1] INFO  server.RaftServerConfigKeys (ConfUtils.java:logGet(46)) - raft.server.log.segment.size.max = 4194304 (custom)
2024-03-04 12:54:22,144 [omNode-2-impl-thread1] INFO  server.RaftServerConfigKeys (ConfUtils.java:logGet(46)) - raft.server.log.preallocated.size = 4194304 (custom)
2024-03-04 12:54:22,144 [omNode-2-impl-thread1] INFO  server.RaftServerConfigKeys (ConfUtils.java:logGet(46)) - raft.server.log.force.sync.num = 128 (default)
2024-03-04 12:54:22,144 [omNode-2-impl-thread1] INFO  server.RaftServerConfigKeys (ConfUtils.java:logGet(46)) - raft.server.log.statemachine.data.sync = true (default)
2024-03-04 12:54:22,144 [omNode-2-impl-thread1] INFO  server.RaftServerConfigKeys (ConfUtils.java:logGet(46)) - raft.server.log.statemachine.data.sync.timeout = 10s (default)
2024-03-04 12:54:22,144 [omNode-2-impl-thread1] INFO  server.RaftServerConfigKeys (ConfUtils.java:logGet(46)) - raft.server.log.statemachine.data.sync.timeout.retry = -1 (default)
2024-03-04 12:54:22,144 [omNode-2-impl-thread1] INFO  server.RaftServerConfigKeys (ConfUtils.java:logGet(46)) - raft.server.log.write.buffer.size = 4194312 (custom)
2024-03-04 12:54:22,145 [omNode-2-impl-thread1] INFO  server.RaftServerConfigKeys (ConfUtils.java:logGet(46)) - raft.server.log.appender.buffer.byte-limit = 4194304 (custom)
2024-03-04 12:54:22,145 [omNode-2-impl-thread1] INFO  server.RaftServerConfigKeys (ConfUtils.java:logGet(46)) - raft.server.log.unsafe-flush.enabled = false (default)
2024-03-04 12:54:22,145 [omNode-2-impl-thread1] INFO  server.RaftServerConfigKeys (ConfUtils.java:logGet(46)) - raft.server.log.async-flush.enabled = false (default)
2024-03-04 12:54:22,145 [omNode-2-impl-thread1] INFO  server.RaftServerConfigKeys (ConfUtils.java:logGet(46)) - raft.server.log.statemachine.data.caching.enabled = false (default)
2024-03-04 12:54:22,145 [omNode-2-impl-thread1] INFO  segmented.SegmentedRaftLogWorker (SegmentedRaftLogWorker.java:lambda$new$0(134)) - omNode-2@group-523986131536-SegmentedRaftLogWorker: flushIndex: setUnconditionally 0 -> 69
2024-03-04 12:54:22,146 [omNode-2-impl-thread1] INFO  segmented.SegmentedRaftLogWorker (SegmentedRaftLogWorker.java:lambda$new$0(134)) - omNode-2@group-523986131536-SegmentedRaftLogWorker: safeCacheEvictIndex: setUnconditionally 0 -> -1
2024-03-04 12:54:22,146 [omNode-2-impl-thread1] INFO  server.RaftServer$Division (RaftServerImpl.java:start(396)) - omNode-2@group-523986131536: start as a follower, conf=16: peers:[omNode-3|localhost:15015, omNode-1|localhost:15007, omNode-2|localhost:15011]|listeners:[], old=null
2024-03-04 12:54:22,146 [omNode-2-impl-thread1] INFO  server.RaftServer$Division (RaftServerImpl.java:setRole(383)) - omNode-2@group-523986131536: changes role from      null to FOLLOWER at term 2 for startAsFollower
2024-03-04 12:54:22,146 [omNode-2-impl-thread1] INFO  impl.RoleInfo (RoleInfo.java:updateAndGet(139)) - omNode-2: start omNode-2@group-523986131536-FollowerState
2024-03-04 12:54:22,146 [omNode-2@group-523986131536-FollowerState] INFO  server.RaftServerConfigKeys (ConfUtils.java:logFallback(53)) - raft.server.rpc.first-election.timeout.min = 1s (fallback to raft.server.rpc.timeout.min)
2024-03-04 12:54:22,146 [omNode-2-impl-thread1] INFO  util.JmxRegister (JmxRegister.java:tryRegister(44)) - Successfully registered JMX Bean with object name Ratis:service=RaftServer,group=group-523986131536,id=omNode-2
2024-03-04 12:54:22,146 [omNode-2-impl-thread1] INFO  server.RaftServerConfigKeys (ConfUtils.java:logGet(46)) - raft.server.snapshot.trigger-when-stop.enabled = true (default)
2024-03-04 12:54:22,146 [omNode-2-impl-thread1] INFO  server.RaftServerConfigKeys (ConfUtils.java:logGet(46)) - raft.server.snapshot.auto.trigger.enabled = true (custom)
2024-03-04 12:54:22,147 [omNode-2-impl-thread1] INFO  server.RaftServerConfigKeys (ConfUtils.java:logGet(46)) - raft.server.snapshot.auto.trigger.threshold = 50 (custom)
2024-03-04 12:54:22,147 [omNode-2-impl-thread1] INFO  server.RaftServerConfigKeys (ConfUtils.java:logGet(46)) - raft.server.snapshot.retention.file.num = -1 (default)
2024-03-04 12:54:22,147 [omNode-2-impl-thread1] INFO  server.RaftServerConfigKeys (ConfUtils.java:logGet(46)) - raft.server.log.purge.upto.snapshot.index = true (custom)
2024-03-04 12:54:22,146 [omNode-2@group-523986131536-FollowerState] INFO  server.RaftServerConfigKeys (ConfUtils.java:logFallback(53)) - raft.server.rpc.first-election.timeout.max = 1200ms (fallback to raft.server.rpc.timeout.max)
2024-03-04 12:54:22,147 [main] INFO  server.RaftServer (RaftServerProxy.java:startImpl(406)) - omNode-2: start RPC server
2024-03-04 12:54:22,149 [main] INFO  server.GrpcService (GrpcService.java:startImpl(302)) - omNode-2: GrpcService started, listening on 15011
2024-03-04 12:54:22,149 [main] INFO  om.OzoneManager (OzoneManager.java:getRpcServer(1206)) - Creating RPC Server
2024-03-04 12:54:22,149 [JvmPauseMonitor12] INFO  util.JvmPauseMonitor (JvmPauseMonitor.java:run(146)) - JvmPauseMonitor-omNode-2: Started
2024-03-04 12:54:22,402 [main] INFO  ipc.CallQueueManager (CallQueueManager.java:<init>(90)) - Using callQueue: class java.util.concurrent.LinkedBlockingQueue, queueCapacity: 2000, scheduler: class org.apache.hadoop.ipc.DefaultRpcScheduler, ipcBackoff: false.
2024-03-04 12:54:22,402 [main] INFO  ipc.Server (Server.java:<init>(1287)) - Listener at localhost:15008
2024-03-04 12:54:22,402 [Socket Reader #1 for port 15008] INFO  ipc.Server (Server.java:run(1323)) - Starting Socket Reader #1 for port 15008
2024-03-04 12:54:22,405 [main] INFO  http.BaseHttpServer (BaseHttpServer.java:newHttpServer2BuilderForOzone(223)) - Starting Web-server for ozoneManager at: http://0.0.0.0:15009
2024-03-04 12:54:22,405 [main] INFO  http.BaseHttpServer (BaseHttpServer.java:<init>(110)) - Hadoop Security Enabled: false Ozone Security Enabled: false Ozone HTTP Security Enabled: false 
2024-03-04 12:54:22,406 [main] WARN  server.AuthenticationFilter (AuthenticationFilter.java:constructSecretProvider(240)) - Unable to initialize FileSignerSecretProvider, falling back to use random secrets. Reason: Could not read signature secret file: /home/runner/hadoop-http-auth-signature-secret
2024-03-04 12:54:22,407 [main] INFO  http.HttpRequestLog (HttpRequestLog.java:getRequestLog(86)) - Http request log for http.requests.ozoneManager is not defined
2024-03-04 12:54:22,409 [main] INFO  http.HttpServer2 (HttpServer2.java:addGlobalFilter(1036)) - Added global filter 'safety' (class=org.apache.hadoop.hdds.server.http.HttpServer2$QuotingInputFilter)
2024-03-04 12:54:22,410 [main] INFO  http.HttpServer2 (HttpServer2.java:addFilter(1012)) - Added filter static_user_filter (class=org.apache.hadoop.http.lib.StaticUserWebFilter$StaticUserFilter) to context ozoneManager
2024-03-04 12:54:22,410 [main] INFO  http.HttpServer2 (HttpServer2.java:addFilter(1020)) - Added filter static_user_filter (class=org.apache.hadoop.http.lib.StaticUserWebFilter$StaticUserFilter) to context static
2024-03-04 12:54:22,410 [main] INFO  http.HttpServer2 (HttpServer2.java:addFilter(1020)) - Added filter static_user_filter (class=org.apache.hadoop.http.lib.StaticUserWebFilter$StaticUserFilter) to context logs
2024-03-04 12:54:22,411 [main] INFO  http.BaseHttpServer (BaseHttpServer.java:<init>(189)) - HTTP server of ozoneManager uses base directory /home/runner/work/ozone/ozone/hadoop-ozone/integration-test/target/test-dir/MiniOzoneClusterImpl-fd608c45-4a56-4c9e-a7d8-2ca674675983/omNode-2/webserver
2024-03-04 12:54:22,411 [main] INFO  http.HttpServer2 (HttpServer2.java:bindListener(1236)) - Jetty bound to port 15009
2024-03-04 12:54:22,411 [main] INFO  server.Server (Server.java:doStart(375)) - jetty-9.4.53.v20231009; built: 2023-10-09T12:29:09.265Z; git: 27bde00a0b95a1d5bbee0eae7984f891d2d0f8c9; jvm 1.8.0_402-b06
2024-03-04 12:54:22,417 [main] INFO  server.session (DefaultSessionIdManager.java:doStart(334)) - DefaultSessionIdManager workerName=node0
2024-03-04 12:54:22,418 [main] INFO  server.session (DefaultSessionIdManager.java:doStart(339)) - No SessionScavenger set, using defaults
2024-03-04 12:54:22,418 [main] INFO  server.session (HouseKeeper.java:startScavenging(132)) - node0 Scavenging every 660000ms
2024-03-04 12:54:22,419 [main] INFO  handler.ContextHandler (ContextHandler.java:doStart(921)) - Started o.e.j.s.ServletContextHandler@614018{logs,/logs,file:///home/runner/work/ozone/ozone/hadoop-ozone/integration-test/target/log,AVAILABLE}
2024-03-04 12:54:22,419 [main] INFO  handler.ContextHandler (ContextHandler.java:doStart(921)) - Started o.e.j.s.ServletContextHandler@157c5e38{static,/static,file:///home/runner/work/ozone/ozone/hadoop-ozone/integration-test/target/test-classes/webapps/static,AVAILABLE}
2024-03-04 12:54:22,425 [main] INFO  handler.ContextHandler (ContextHandler.java:doStart(921)) - Started o.e.j.w.WebAppContext@16593c1d{ozoneManager,/,file:///home/runner/work/ozone/ozone/hadoop-ozone/integration-test/target/test-classes/webapps/ozoneManager/,AVAILABLE}{file:/home/runner/work/ozone/ozone/hadoop-ozone/integration-test/target/test-classes/webapps/ozoneManager}
2024-03-04 12:54:22,428 [main] INFO  server.AbstractConnector (AbstractConnector.java:doStart(333)) - Started ServerConnector@2c69af89{HTTP/1.1, (http/1.1)}{0.0.0.0:15009}
2024-03-04 12:54:22,428 [main] INFO  server.Server (Server.java:doStart(415)) - Started @158012ms
2024-03-04 12:54:22,428 [main] WARN  impl.MetricsSystemImpl (MetricsSystemImpl.java:register(279)) - Sink prometheus already exists!
2024-03-04 12:54:22,430 [main] INFO  http.BaseHttpServer (BaseHttpServer.java:updateConnectorAddress(354)) - HTTP server of ozoneManager listening at http://0.0.0.0:15009
2024-03-04 12:54:22,431 [IPC Server Responder] INFO  ipc.Server (Server.java:run(1562)) - IPC Server Responder: starting
2024-03-04 12:54:22,432 [IPC Server listener on 15008] INFO  ipc.Server (Server.java:run(1402)) - IPC Server listener on 15008: starting
2024-03-04 12:54:22,434 [main] INFO  om.OzoneManager (OzoneManager.java:startTrashEmptier(2093)) - Trash Interval set to 0. Files deleted won't move to trash
]]></system-out>
    <rerunError type="java.util.concurrent.TimeoutException">
      <stackTrace><![CDATA[java.util.concurrent.TimeoutException: timeout: after 120000 millis
	at org.apache.ozone.test.LambdaTestUtils$GenerateTimeout.evaluate(LambdaTestUtils.java:290)
	at org.apache.ozone.test.LambdaTestUtils.await(LambdaTestUtils.java:142)
	at org.apache.ozone.test.LambdaTestUtils.await(LambdaTestUtils.java:180)
	at org.apache.hadoop.ozone.om.TestOzoneManagerPrepare.assertClusterPrepared(TestOzoneManagerPrepare.java:465)
	at org.apache.hadoop.ozone.om.TestOzoneManagerPrepare.assertClusterPrepared(TestOzoneManagerPrepare.java:455)
	at org.apache.hadoop.ozone.om.TestOzoneManagerPrepare.testCancelPrepare(TestOzoneManagerPrepare.java:317)
	at java.lang.reflect.Method.invoke(Method.java:498)
	at java.util.ArrayList.forEach(ArrayList.java:1259)
	at java.util.ArrayList.forEach(ArrayList.java:1259)
]]></stackTrace>
      <system-out><![CDATA[2024-03-04 12:55:31,967 [main] WARN  server.ServerUtils (ServerUtils.java:getScmDbDir(143)) - ozone.scm.db.dirs is not configured. We recommend adding this setting. Falling back to ozone.metadata.dirs instead.
2024-03-04 12:55:31,973 [main] WARN  server.ServerUtils (ServerUtils.java:getScmDbDir(143)) - ozone.scm.db.dirs is not configured. We recommend adding this setting. Falling back to ozone.metadata.dirs instead.
2024-03-04 12:55:31,974 [main] INFO  ha.SCMHANodeDetails (SCMHANodeDetails.java:loadSCMHAConfig(207)) - ServiceID for StorageContainerManager is null
2024-03-04 12:55:31,974 [main] INFO  ha.SCMHANodeDetails (SCMHANodeDetails.java:loadSCMHAConfig(212)) - ozone.scm.default.service.id is not defined, falling back to ozone.scm.service.ids to find serviceID for StorageContainerManager if it is HA enabled cluster
2024-03-04 12:55:31,974 [main] WARN  utils.HAUtils (HAUtils.java:getMetaDir(339)) - ozone.scm.db.dirs is not configured. We recommend adding this setting. Falling back to ozone.metadata.dirs instead.
2024-03-04 12:55:31,975 [main] WARN  db.DBStoreBuilder (DBStoreBuilder.java:applyDBDefinition(171)) - ozone.scm.db.dirs is not configured. We recommend adding this setting. Falling back to ozone.metadata.dirs instead.
2024-03-04 12:55:32,042 [main] INFO  net.NodeSchemaLoader (NodeSchemaLoader.java:loadSchemaFromFile(129)) - Loading schema from [jar:file:/home/runner/.m2/repository/org/apache/ozone/hdds-common/1.5.0-SNAPSHOT/hdds-common-1.5.0-SNAPSHOT.jar!/network-topology-default.xml]
2024-03-04 12:55:32,043 [main] INFO  net.NodeSchemaLoader (NodeSchemaLoader.java:loadSchema(176)) - Loading network topology layer schema file
2024-03-04 12:55:32,046 [main] INFO  upgrade.AbstractLayoutVersionManager (AbstractLayoutVersionManager.java:init(83)) - Initializing Layout version manager with metadata layout = HADOOP_PRC_PORTS_IN_DATANODEDETAILS (version = 7), software layout = HADOOP_PRC_PORTS_IN_DATANODEDETAILS (version = 7)
2024-03-04 12:55:32,047 [main] INFO  ha.SequenceIdGenerator (SequenceIdGenerator.java:upgradeToSequenceId(370)) - upgrade localId to 113750153625600000
2024-03-04 12:55:32,048 [main] INFO  ha.SequenceIdGenerator (SequenceIdGenerator.java:upgradeToSequenceId(380)) - upgrade delTxnId to 0
2024-03-04 12:55:32,049 [main] INFO  ha.SequenceIdGenerator (SequenceIdGenerator.java:upgradeToSequenceId(397)) - upgrade containerId to 0
2024-03-04 12:55:32,050 [main] INFO  ha.SequenceIdGenerator (SequenceIdGenerator.java:upgradeToCertificateSequenceId(444)) - upgrade CertificateId to 2
2024-03-04 12:55:32,050 [main] INFO  ha.SequenceIdGenerator (SequenceIdGenerator.java:<init>(241)) - Init the HA SequenceIdGenerator.
2024-03-04 12:55:32,051 [main] WARN  server.ServerUtils (ServerUtils.java:sanitizeUserArgs(79)) - ozone.scm.stale.node.interval value = 300000 is larger than max = 100000 based on the key value of ozone.scm.heartbeat.thread.interval, reset to the max value 100000.
2024-03-04 12:55:32,051 [main] WARN  server.ServerUtils (ServerUtils.java:sanitizeUserArgs(79)) - ozone.scm.stale.node.interval value = 300000 is larger than max = 100000 based on the key value of ozone.scm.heartbeat.thread.interval, reset to the max value 100000.
2024-03-04 12:55:32,051 [main] INFO  node.SCMNodeManager (SCMNodeManager.java:<init>(177)) - Entering startup safe mode.
2024-03-04 12:55:32,051 [main] INFO  algorithms.ContainerPlacementPolicyFactory (ContainerPlacementPolicyFactory.java:getPolicyInternal(86)) - Create container placement policy of type org.apache.hadoop.hdds.scm.container.placement.algorithms.SCMContainerPlacementRackAware
2024-03-04 12:55:32,051 [main] INFO  algorithms.ContainerPlacementPolicyFactory (ContainerPlacementPolicyFactory.java:getPolicyInternal(86)) - Create container placement policy of type org.apache.hadoop.hdds.scm.container.placement.algorithms.SCMContainerPlacementRackScatter
2024-03-04 12:55:32,052 [main] INFO  pipeline.PipelineStateManagerImpl (PipelineStateManagerImpl.java:initialize(78)) - No pipeline exists in current db
2024-03-04 12:55:32,052 [main] INFO  algorithms.LeaderChoosePolicyFactory (LeaderChoosePolicyFactory.java:getPolicy(57)) - Create leader choose policy of type org.apache.hadoop.hdds.scm.pipeline.leader.choose.algorithms.MinLeaderCountChoosePolicy
2024-03-04 12:55:32,052 [main] INFO  algorithms.ContainerPlacementPolicyFactory (ContainerPlacementPolicyFactory.java:getPolicyInternal(86)) - Create container placement policy of type org.apache.hadoop.hdds.scm.container.placement.algorithms.SCMContainerPlacementRackScatter
2024-03-04 12:55:32,052 [main] INFO  ha.SCMServiceManager (SCMServiceManager.java:register(42)) - Registering service BackgroundPipelineCreator.
2024-03-04 12:55:32,053 [main] INFO  pipeline.BackgroundPipelineCreator (BackgroundPipelineCreator.java:start(127)) - Starting RatisPipelineUtilsThread.
2024-03-04 12:55:32,053 [main] INFO  BackgroundPipelineScrubber (BackgroundSCMService.java:start(65)) - Starting BackgroundPipelineScrubber Service.
2024-03-04 12:55:32,053 [main] INFO  ha.SCMServiceManager (SCMServiceManager.java:register(42)) - Registering service BackgroundPipelineScrubber.
2024-03-04 12:55:32,053 [main] INFO  ExpiredContainerReplicaOpScrubber (BackgroundSCMService.java:start(65)) - Starting ExpiredContainerReplicaOpScrubber Service.
2024-03-04 12:55:32,053 [main] INFO  ha.SCMServiceManager (SCMServiceManager.java:register(42)) - Registering service ExpiredContainerReplicaOpScrubber.
2024-03-04 12:55:32,054 [main] INFO  algorithms.PipelineChoosePolicyFactory (PipelineChoosePolicyFactory.java:createPipelineChoosePolicyFromClass(80)) - Create pipeline choose policy of type org.apache.hadoop.hdds.scm.pipeline.choose.algorithms.RandomPipelineChoosePolicy
2024-03-04 12:55:32,054 [main] INFO  algorithms.PipelineChoosePolicyFactory (PipelineChoosePolicyFactory.java:createPipelineChoosePolicyFromClass(80)) - Create pipeline choose policy of type org.apache.hadoop.hdds.scm.pipeline.choose.algorithms.RandomPipelineChoosePolicy
2024-03-04 12:55:32,055 [main] INFO  ha.SCMServiceManager (SCMServiceManager.java:register(42)) - Registering service SCMBlockDeletingService.
2024-03-04 12:55:32,056 [main] INFO  replication.ReplicationManager (ReplicationManager.java:start(295)) - Starting Replication Monitor Thread.
2024-03-04 12:55:32,058 [main] INFO  ha.SCMServiceManager (SCMServiceManager.java:register(42)) - Registering service ReplicationManager.
2024-03-04 12:55:32,058 [ReplicationMonitor] INFO  replication.ReplicationManager (ReplicationManager.java:processAll(371)) - Replication Manager is not ready to run until 3000ms after safemode exit
2024-03-04 12:55:32,058 [main] INFO  safemode.ContainerSafeModeRule (ContainerSafeModeRule.java:<init>(91)) - containers with one replica threshold count 0
2024-03-04 12:55:32,058 [main] INFO  safemode.HealthyPipelineSafeModeRule (HealthyPipelineSafeModeRule.java:initializeRule(176)) - Total pipeline count is 0, healthy pipeline threshold count is 1
2024-03-04 12:55:32,059 [main] INFO  safemode.OneReplicaPipelineSafeModeRule (OneReplicaPipelineSafeModeRule.java:initializeRule(193)) - Total pipeline count is 0, pipeline's with at least one datanode reported threshold count is 0
2024-03-04 12:55:32,059 [main] INFO  server.StorageContainerManager (StorageContainerManager.java:<init>(440)) - SCM start with adminUsers: [*, runner]
2024-03-04 12:55:32,059 [main] INFO  ipc.CallQueueManager (CallQueueManager.java:<init>(90)) - Using callQueue: class java.util.concurrent.LinkedBlockingQueue, queueCapacity: 10000, scheduler: class org.apache.hadoop.ipc.DefaultRpcScheduler, ipcBackoff: false.
2024-03-04 12:55:32,059 [main] INFO  ipc.Server (Server.java:<init>(1287)) - Listener at 0.0.0.0:15088
2024-03-04 12:55:32,060 [Socket Reader #1 for port 15088] INFO  ipc.Server (Server.java:run(1323)) - Starting Socket Reader #1 for port 15088
2024-03-04 12:55:32,060 [main] INFO  ipc.CallQueueManager (CallQueueManager.java:<init>(90)) - Using callQueue: class java.util.concurrent.LinkedBlockingQueue, queueCapacity: 10000, scheduler: class org.apache.hadoop.ipc.DefaultRpcScheduler, ipcBackoff: false.
2024-03-04 12:55:32,060 [main] INFO  ipc.Server (Server.java:<init>(1287)) - Listener at 0.0.0.0:15087
2024-03-04 12:55:32,061 [Socket Reader #1 for port 15087] INFO  ipc.Server (Server.java:run(1323)) - Starting Socket Reader #1 for port 15087
2024-03-04 12:55:32,061 [main] INFO  ipc.CallQueueManager (CallQueueManager.java:<init>(90)) - Using callQueue: class java.util.concurrent.LinkedBlockingQueue, queueCapacity: 10000, scheduler: class org.apache.hadoop.ipc.DefaultRpcScheduler, ipcBackoff: false.
2024-03-04 12:55:32,061 [main] INFO  ipc.Server (Server.java:<init>(1287)) - Listener at 0.0.0.0:15086
2024-03-04 12:55:32,062 [Socket Reader #1 for port 15086] INFO  ipc.Server (Server.java:run(1323)) - Starting Socket Reader #1 for port 15086
2024-03-04 12:55:32,065 [main] INFO  ha.SCMServiceManager (SCMServiceManager.java:register(42)) - Registering service ContainerBalancer.
2024-03-04 12:55:32,065 [main] INFO  ha.SCMContext (SCMContext.java:updateSafeModeStatus(225)) - Update SafeModeStatus from SafeModeStatus{safeModeStatus=true, preCheckPassed=false} to SafeModeStatus{safeModeStatus=true, preCheckPassed=false}.
2024-03-04 12:55:32,065 [main] INFO  server.StorageContainerManager (StorageContainerManager.java:start(1545)) - StorageContainerLocationProtocol RPC server is listening at /0.0.0.0:15086
2024-03-04 12:55:32,066 [main] WARN  impl.MetricsConfig (MetricsConfig.java:loadFirst(136)) - Cannot locate configuration: tried hadoop-metrics2-storagecontainermanager.properties,hadoop-metrics2.properties
2024-03-04 12:55:32,067 [main] INFO  impl.MetricsSystemImpl (MetricsSystemImpl.java:startTimer(378)) - Scheduled Metric snapshot period at 10 second(s).
2024-03-04 12:55:32,067 [main] INFO  impl.MetricsSystemImpl (MetricsSystemImpl.java:start(191)) - StorageContainerManager metrics system started
2024-03-04 12:55:32,076 [main] INFO  impl.MetricsSinkAdapter (MetricsSinkAdapter.java:start(204)) - Sink prometheus started
2024-03-04 12:55:32,076 [main] INFO  impl.MetricsSystemImpl (MetricsSystemImpl.java:registerSink(305)) - Registered sink prometheus
2024-03-04 12:55:32,086 [main] INFO  server.SCMClientProtocolServer (SCMClientProtocolServer.java:start(204)) - RPC server for Client  is listening at /0.0.0.0:15086
2024-03-04 12:55:32,089 [IPC Server Responder] INFO  ipc.Server (Server.java:run(1562)) - IPC Server Responder: starting
2024-03-04 12:55:32,097 [IPC Server listener on 15086] INFO  ipc.Server (Server.java:run(1402)) - IPC Server listener on 15086: starting
2024-03-04 12:55:32,114 [main] INFO  server.StorageContainerManager (StorageContainerManager.java:start(1558)) - ScmBlockLocationProtocol RPC server is listening at /0.0.0.0:15087
2024-03-04 12:55:32,114 [main] INFO  server.SCMBlockProtocolServer (SCMBlockProtocolServer.java:start(160)) - RPC server for Block Protocol is listening at /0.0.0.0:15087
2024-03-04 12:55:32,115 [IPC Server Responder] INFO  ipc.Server (Server.java:run(1562)) - IPC Server Responder: starting
2024-03-04 12:55:32,115 [IPC Server listener on 15087] INFO  ipc.Server (Server.java:run(1402)) - IPC Server listener on 15087: starting
2024-03-04 12:55:32,127 [main] INFO  server.SCMDatanodeProtocolServer (SCMDatanodeProtocolServer.java:start(194)) - ScmDatanodeProtocol RPC server for DataNodes is listening at /0.0.0.0:15088
2024-03-04 12:55:32,127 [IPC Server Responder] INFO  ipc.Server (Server.java:run(1562)) - IPC Server Responder: starting
2024-03-04 12:55:32,128 [IPC Server listener on 15088] INFO  ipc.Server (Server.java:run(1402)) - IPC Server listener on 15088: starting
2024-03-04 12:55:32,134 [JvmPauseMonitor29] INFO  util.JvmPauseMonitor (JvmPauseMonitor.java:run(146)) - JvmPauseMonitor-68fd3297-9ee3-4311-8d08-19a4e42448f0: Started
2024-03-04 12:55:32,135 [main] INFO  http.BaseHttpServer (BaseHttpServer.java:newHttpServer2BuilderForOzone(223)) - Starting Web-server for scm at: http://0.0.0.0:15089
2024-03-04 12:55:32,135 [main] INFO  http.BaseHttpServer (BaseHttpServer.java:<init>(110)) - Hadoop Security Enabled: false Ozone Security Enabled: false Ozone HTTP Security Enabled: false 
2024-03-04 12:55:32,137 [main] WARN  server.AuthenticationFilter (AuthenticationFilter.java:constructSecretProvider(240)) - Unable to initialize FileSignerSecretProvider, falling back to use random secrets. Reason: Could not read signature secret file: /home/runner/hadoop-http-auth-signature-secret
2024-03-04 12:55:32,137 [main] INFO  http.HttpRequestLog (HttpRequestLog.java:getRequestLog(86)) - Http request log for http.requests.scm is not defined
2024-03-04 12:55:32,139 [main] INFO  http.HttpServer2 (HttpServer2.java:addGlobalFilter(1036)) - Added global filter 'safety' (class=org.apache.hadoop.hdds.server.http.HttpServer2$QuotingInputFilter)
2024-03-04 12:55:32,140 [main] INFO  http.HttpServer2 (HttpServer2.java:addFilter(1012)) - Added filter static_user_filter (class=org.apache.hadoop.http.lib.StaticUserWebFilter$StaticUserFilter) to context scm
2024-03-04 12:55:32,140 [main] INFO  http.HttpServer2 (HttpServer2.java:addFilter(1020)) - Added filter static_user_filter (class=org.apache.hadoop.http.lib.StaticUserWebFilter$StaticUserFilter) to context static
2024-03-04 12:55:32,141 [main] INFO  http.HttpServer2 (HttpServer2.java:addFilter(1020)) - Added filter static_user_filter (class=org.apache.hadoop.http.lib.StaticUserWebFilter$StaticUserFilter) to context logs
2024-03-04 12:55:32,141 [main] INFO  http.BaseHttpServer (BaseHttpServer.java:<init>(189)) - HTTP server of scm uses base directory /home/runner/work/ozone/ozone/hadoop-ozone/integration-test/target/test-dir/MiniOzoneClusterImpl-5dfaf9ee-e84d-4a0a-b307-fdee3dcb636e/ozone-meta/webserver
2024-03-04 12:55:32,142 [main] INFO  http.HttpServer2 (HttpServer2.java:bindListener(1236)) - Jetty bound to port 15089
2024-03-04 12:55:32,142 [main] INFO  server.Server (Server.java:doStart(375)) - jetty-9.4.53.v20231009; built: 2023-10-09T12:29:09.265Z; git: 27bde00a0b95a1d5bbee0eae7984f891d2d0f8c9; jvm 1.8.0_402-b06
2024-03-04 12:55:32,144 [main] INFO  server.session (DefaultSessionIdManager.java:doStart(334)) - DefaultSessionIdManager workerName=node0
2024-03-04 12:55:32,144 [main] INFO  server.session (DefaultSessionIdManager.java:doStart(339)) - No SessionScavenger set, using defaults
2024-03-04 12:55:32,144 [main] INFO  server.session (HouseKeeper.java:startScavenging(132)) - node0 Scavenging every 660000ms
2024-03-04 12:55:32,145 [main] INFO  handler.ContextHandler (ContextHandler.java:doStart(921)) - Started o.e.j.s.ServletContextHandler@6f97729f{logs,/logs,file:///home/runner/work/ozone/ozone/hadoop-ozone/integration-test/target/log,AVAILABLE}
2024-03-04 12:55:32,146 [main] INFO  handler.ContextHandler (ContextHandler.java:doStart(921)) - Started o.e.j.s.ServletContextHandler@60262e71{static,/static,file:///home/runner/work/ozone/ozone/hadoop-ozone/integration-test/target/test-classes/webapps/static,AVAILABLE}
2024-03-04 12:55:32,149 [main] INFO  handler.ContextHandler (ContextHandler.java:doStart(921)) - Started o.e.j.w.WebAppContext@28b71fce{scm,/,file:///home/runner/work/ozone/ozone/hadoop-ozone/integration-test/target/test-classes/webapps/scm/,AVAILABLE}{file:/home/runner/work/ozone/ozone/hadoop-ozone/integration-test/target/test-classes/webapps/scm}
2024-03-04 12:55:32,152 [main] INFO  server.AbstractConnector (AbstractConnector.java:doStart(333)) - Started ServerConnector@93686b5{HTTP/1.1, (http/1.1)}{0.0.0.0:15089}
2024-03-04 12:55:32,152 [main] INFO  server.Server (Server.java:doStart(415)) - Started @227736ms
2024-03-04 12:55:32,152 [main] WARN  impl.MetricsSystemImpl (MetricsSystemImpl.java:register(279)) - Sink prometheus already exists!
2024-03-04 12:55:32,153 [main] INFO  http.BaseHttpServer (BaseHttpServer.java:updateConnectorAddress(354)) - HTTP server of scm listening at http://0.0.0.0:15089
2024-03-04 12:55:32,154 [main] INFO  ha.OMHANodeDetails (OMHANodeDetails.java:loadOMHAConfig(121)) - ServiceID for OzoneManager is om-service-test1
2024-03-04 12:55:32,155 [main] INFO  ha.OMHANodeDetails (OMHANodeDetails.java:loadOMHAConfig(201)) - Found matching OM address with OMServiceId: om-service-test1, OMNodeId: omNode-1, RPC Address: localhost:15090 and Ratis port: 15093
2024-03-04 12:55:32,155 [main] INFO  ha.OMHANodeDetails (ConfUtils.java:setNodeSpecificConfigs(97)) - Setting configuration key ozone.om.http-address with value of key ozone.om.http-address.om-service-test1.omNode-1: 127.0.0.1:15091
2024-03-04 12:55:32,156 [main] INFO  ha.OMHANodeDetails (ConfUtils.java:setNodeSpecificConfigs(97)) - Setting configuration key ozone.om.https-address with value of key ozone.om.https-address.om-service-test1.omNode-1: 127.0.0.1:15092
2024-03-04 12:55:32,156 [main] INFO  ha.OMHANodeDetails (ConfUtils.java:setNodeSpecificConfigs(97)) - Setting configuration key ozone.om.address with value of key ozone.om.address.om-service-test1.omNode-1: 127.0.0.1:15090
2024-03-04 12:55:32,156 [main] WARN  server.ServerUtils (ServerUtils.java:getDBPath(299)) - ozone.om.db.dirs is not configured. We recommend adding this setting. Falling back to ozone.metadata.dirs instead.
2024-03-04 12:55:32,158 [main] INFO  proxy.SCMBlockLocationFailoverProxyProvider (SCMBlockLocationFailoverProxyProvider.java:<init>(115)) - Created block location fail-over proxy with 1 nodes: [nodeId=scmNodeId,nodeAddress=/0.0.0.0:15087]
OM initialization succeeded.Current cluster id for sd=/home/runner/work/ozone/ozone/hadoop-ozone/integration-test/target/test-dir/MiniOzoneClusterImpl-5dfaf9ee-e84d-4a0a-b307-fdee3dcb636e/omNode-1/om;cid=5dfaf9ee-e84d-4a0a-b307-fdee3dcb636e;layoutVersion=6
2024-03-04 12:55:32,170 [main] INFO  ha.OMHANodeDetails (OMHANodeDetails.java:loadOMHAConfig(121)) - ServiceID for OzoneManager is om-service-test1
2024-03-04 12:55:32,170 [main] INFO  ha.OMHANodeDetails (OMHANodeDetails.java:loadOMHAConfig(201)) - Found matching OM address with OMServiceId: om-service-test1, OMNodeId: omNode-1, RPC Address: localhost:15090 and Ratis port: 15093
2024-03-04 12:55:32,170 [main] INFO  ha.OMHANodeDetails (ConfUtils.java:setNodeSpecificConfigs(97)) - Setting configuration key ozone.om.http-address with value of key ozone.om.http-address.om-service-test1.omNode-1: 127.0.0.1:15091
2024-03-04 12:55:32,170 [main] INFO  ha.OMHANodeDetails (ConfUtils.java:setNodeSpecificConfigs(97)) - Setting configuration key ozone.om.https-address with value of key ozone.om.https-address.om-service-test1.omNode-1: 127.0.0.1:15092
2024-03-04 12:55:32,170 [main] INFO  ha.OMHANodeDetails (ConfUtils.java:setNodeSpecificConfigs(97)) - Setting configuration key ozone.om.address with value of key ozone.om.address.om-service-test1.omNode-1: 127.0.0.1:15090
2024-03-04 12:55:32,171 [main] WARN  server.ServerUtils (ServerUtils.java:getDBPath(299)) - ozone.om.db.dirs is not configured. We recommend adding this setting. Falling back to ozone.metadata.dirs instead.
2024-03-04 12:55:32,171 [main] INFO  upgrade.AbstractLayoutVersionManager (AbstractLayoutVersionManager.java:init(83)) - Initializing Layout version manager with metadata layout = QUOTA (version = 6), software layout = QUOTA (version = 6)
2024-03-04 12:55:32,202 [main] INFO  upgrade.OMLayoutVersionManager (OMLayoutVersionManager.java:lambda$0(113)) - Skipping Upgrade Action QuotaRepairUpgradeAction since it has been finalized.
2024-03-04 12:55:32,202 [main] INFO  upgrade.OMLayoutVersionManager (OMLayoutVersionManager.java:lambda$0(113)) - Skipping Upgrade Action MockOmUpgradeAction since it has been finalized.
2024-03-04 12:55:32,202 [main] WARN  server.ServerUtils (ServerUtils.java:getDBPath(299)) - ozone.om.db.dirs is not configured. We recommend adding this setting. Falling back to ozone.metadata.dirs instead.
2024-03-04 12:55:32,203 [main] INFO  proxy.SCMBlockLocationFailoverProxyProvider (SCMBlockLocationFailoverProxyProvider.java:<init>(115)) - Created block location fail-over proxy with 1 nodes: [nodeId=scmNodeId,nodeAddress=/0.0.0.0:15087]
2024-03-04 12:55:32,204 [main] INFO  proxy.SCMBlockLocationFailoverProxyProvider (SCMBlockLocationFailoverProxyProvider.java:<init>(115)) - Created block location fail-over proxy with 1 nodes: [nodeId=scmNodeId,nodeAddress=/0.0.0.0:15087]
2024-03-04 12:55:32,208 [main] INFO  om.OzoneManager (OzoneManager.java:<init>(672)) - OM start with adminUsers: [*, runner]
2024-03-04 12:55:32,209 [main] WARN  server.ServerUtils (ServerUtils.java:getDBPath(299)) - ozone.om.db.dirs is not configured. We recommend adding this setting. Falling back to ozone.metadata.dirs instead.
2024-03-04 12:55:32,209 [main] INFO  helpers.OmKeyInfo (OmKeyInfo.java:getCodec(71)) - OmKeyInfo.getCodec ignorePipeline = true
2024-03-04 12:55:32,341 [main] INFO  om.OzoneManager (OzoneManager.java:instantiateServices(804)) - S3 Multi-Tenancy is disabled
2024-03-04 12:55:32,341 [main] INFO  om.OmSnapshotManager (OmSnapshotManager.java:<init>(177)) - Ozone filesystem snapshot feature is enabled.
2024-03-04 12:55:32,341 [main] WARN  server.ServerUtils (ServerUtils.java:getDBPath(299)) - ozone.om.snapshot.diff.db.dir is not configured. We recommend adding this setting. Falling back to ozone.metadata.dirs instead.
2024-03-04 12:55:32,354 [main] INFO  utils.NativeLibraryLoader (NativeLibraryLoader.java:loadLibrary(108)) - Loading Library: ozone_rocksdb_tools
2024-03-04 12:55:32,355 [main] ERROR snapshot.SnapshotDiffManager (SnapshotDiffManager.java:initNativeLibraryForEfficientDiff(287)) - Native Library for raw sst file reading loading failed.
org.apache.hadoop.hdds.utils.NativeLibraryNotLoadedException: Unable to load library ozone_rocksdb_tools from both java.library.path & resource file libozone_rocksdb_tools.so from jar.
	at org.apache.hadoop.hdds.utils.db.managed.ManagedRawSSTFileReader.loadLibrary(ManagedRawSSTFileReader.java:38)
	at org.apache.hadoop.ozone.om.snapshot.SnapshotDiffManager.initNativeLibraryForEfficientDiff(SnapshotDiffManager.java:285)
	at org.apache.hadoop.ozone.om.snapshot.SnapshotDiffManager.<init>(SnapshotDiffManager.java:259)
	at org.apache.hadoop.ozone.om.OmSnapshotManager.<init>(OmSnapshotManager.java:279)
	at org.apache.hadoop.ozone.om.OzoneManager.instantiateServices(OzoneManager.java:856)
	at org.apache.hadoop.ozone.om.OzoneManager.<init>(OzoneManager.java:682)
	at org.apache.hadoop.ozone.om.OzoneManager.createOm(OzoneManager.java:767)
	at org.apache.hadoop.ozone.MiniOzoneHAClusterImpl$Builder.createOMService(MiniOzoneHAClusterImpl.java:509)
	at org.apache.hadoop.ozone.MiniOzoneHAClusterImpl$Builder.build(MiniOzoneHAClusterImpl.java:425)
	at org.apache.hadoop.ozone.om.TestOzoneManagerHA.init(TestOzoneManagerHA.java:179)
	at sun.reflect.NativeMethodAccessorImpl.invoke0(Native Method)
	at sun.reflect.NativeMethodAccessorImpl.invoke(NativeMethodAccessorImpl.java:62)
	at sun.reflect.DelegatingMethodAccessorImpl.invoke(DelegatingMethodAccessorImpl.java:43)
	at java.lang.reflect.Method.invoke(Method.java:498)
	at org.junit.platform.commons.util.ReflectionUtils.invokeMethod(ReflectionUtils.java:728)
	at org.junit.jupiter.engine.execution.MethodInvocation.proceed(MethodInvocation.java:60)
	at org.junit.jupiter.engine.execution.InvocationInterceptorChain$ValidatingInvocation.proceed(InvocationInterceptorChain.java:131)
	at org.junit.jupiter.engine.extension.TimeoutExtension.intercept(TimeoutExtension.java:156)
	at org.junit.jupiter.engine.extension.TimeoutExtension.interceptLifecycleMethod(TimeoutExtension.java:128)
	at org.junit.jupiter.engine.extension.TimeoutExtension.interceptBeforeAllMethod(TimeoutExtension.java:70)
	at org.junit.jupiter.engine.execution.InterceptingExecutableInvoker$ReflectiveInterceptorCall.lambda$ofVoidMethod$0(InterceptingExecutableInvoker.java:103)
	at org.junit.jupiter.engine.execution.InterceptingExecutableInvoker.lambda$invoke$0(InterceptingExecutableInvoker.java:93)
	at org.junit.jupiter.engine.execution.InvocationInterceptorChain$InterceptedInvocation.proceed(InvocationInterceptorChain.java:106)
	at org.junit.jupiter.engine.execution.InvocationInterceptorChain.proceed(InvocationInterceptorChain.java:64)
	at org.junit.jupiter.engine.execution.InvocationInterceptorChain.chainAndInvoke(InvocationInterceptorChain.java:45)
	at org.junit.jupiter.engine.execution.InvocationInterceptorChain.invoke(InvocationInterceptorChain.java:37)
	at org.junit.jupiter.engine.execution.InterceptingExecutableInvoker.invoke(InterceptingExecutableInvoker.java:92)
	at org.junit.jupiter.engine.execution.InterceptingExecutableInvoker.invoke(InterceptingExecutableInvoker.java:86)
	at org.junit.jupiter.engine.descriptor.ClassBasedTestDescriptor.lambda$invokeBeforeAllMethods$13(ClassBasedTestDescriptor.java:412)
	at org.junit.platform.engine.support.hierarchical.ThrowableCollector.execute(ThrowableCollector.java:73)
	at org.junit.jupiter.engine.descriptor.ClassBasedTestDescriptor.invokeBeforeAllMethods(ClassBasedTestDescriptor.java:410)
	at org.junit.jupiter.engine.descriptor.ClassBasedTestDescriptor.before(ClassBasedTestDescriptor.java:216)
	at org.junit.jupiter.engine.descriptor.ClassBasedTestDescriptor.before(ClassBasedTestDescriptor.java:85)
	at org.junit.platform.engine.support.hierarchical.NodeTestTask.lambda$executeRecursively$6(NodeTestTask.java:148)
	at org.junit.platform.engine.support.hierarchical.ThrowableCollector.execute(ThrowableCollector.java:73)
	at org.junit.platform.engine.support.hierarchical.NodeTestTask.lambda$executeRecursively$8(NodeTestTask.java:141)
	at org.junit.platform.engine.support.hierarchical.Node.around(Node.java:137)
	at org.junit.platform.engine.support.hierarchical.NodeTestTask.lambda$executeRecursively$9(NodeTestTask.java:139)
	at org.junit.platform.engine.support.hierarchical.ThrowableCollector.execute(ThrowableCollector.java:73)
	at org.junit.platform.engine.support.hierarchical.NodeTestTask.executeRecursively(NodeTestTask.java:138)
	at org.junit.platform.engine.support.hierarchical.NodeTestTask.execute(NodeTestTask.java:95)
	at java.util.ArrayList.forEach(ArrayList.java:1259)
	at org.junit.platform.engine.support.hierarchical.SameThreadHierarchicalTestExecutorService.invokeAll(SameThreadHierarchicalTestExecutorService.java:41)
	at org.junit.platform.engine.support.hierarchical.NodeTestTask.lambda$executeRecursively$6(NodeTestTask.java:155)
	at org.junit.platform.engine.support.hierarchical.ThrowableCollector.execute(ThrowableCollector.java:73)
	at org.junit.platform.engine.support.hierarchical.NodeTestTask.lambda$executeRecursively$8(NodeTestTask.java:141)
	at org.junit.platform.engine.support.hierarchical.Node.around(Node.java:137)
	at org.junit.platform.engine.support.hierarchical.NodeTestTask.lambda$executeRecursively$9(NodeTestTask.java:139)
	at org.junit.platform.engine.support.hierarchical.ThrowableCollector.execute(ThrowableCollector.java:73)
	at org.junit.platform.engine.support.hierarchical.NodeTestTask.executeRecursively(NodeTestTask.java:138)
	at org.junit.platform.engine.support.hierarchical.NodeTestTask.execute(NodeTestTask.java:95)
	at org.junit.platform.engine.support.hierarchical.SameThreadHierarchicalTestExecutorService.submit(SameThreadHierarchicalTestExecutorService.java:35)
	at org.junit.platform.engine.support.hierarchical.HierarchicalTestExecutor.execute(HierarchicalTestExecutor.java:57)
	at org.junit.platform.engine.support.hierarchical.HierarchicalTestEngine.execute(HierarchicalTestEngine.java:54)
	at org.junit.platform.launcher.core.EngineExecutionOrchestrator.execute(EngineExecutionOrchestrator.java:198)
	at org.junit.platform.launcher.core.EngineExecutionOrchestrator.execute(EngineExecutionOrchestrator.java:169)
	at org.junit.platform.launcher.core.EngineExecutionOrchestrator.execute(EngineExecutionOrchestrator.java:93)
	at org.junit.platform.launcher.core.EngineExecutionOrchestrator.lambda$execute$0(EngineExecutionOrchestrator.java:58)
	at org.junit.platform.launcher.core.EngineExecutionOrchestrator.withInterceptedStreams(EngineExecutionOrchestrator.java:141)
	at org.junit.platform.launcher.core.EngineExecutionOrchestrator.execute(EngineExecutionOrchestrator.java:57)
	at org.junit.platform.launcher.core.DefaultLauncher.execute(DefaultLauncher.java:103)
	at org.junit.platform.launcher.core.DefaultLauncher.execute(DefaultLauncher.java:85)
	at org.junit.platform.launcher.core.DelegatingLauncher.execute(DelegatingLauncher.java:47)
	at org.junit.platform.launcher.core.SessionPerRequestLauncher.execute(SessionPerRequestLauncher.java:63)
	at org.apache.maven.surefire.junitplatform.JUnitPlatformProvider.invokeAllTests(JUnitPlatformProvider.java:165)
	at org.apache.maven.surefire.junitplatform.JUnitPlatformProvider.invoke(JUnitPlatformProvider.java:124)
	at org.apache.maven.surefire.booter.ForkedBooter.runSuitesInProcess(ForkedBooter.java:428)
	at org.apache.maven.surefire.booter.ForkedBooter.execute(ForkedBooter.java:162)
	at org.apache.maven.surefire.booter.ForkedBooter.run(ForkedBooter.java:562)
	at org.apache.maven.surefire.booter.ForkedBooter.main(ForkedBooter.java:548)
2024-03-04 12:55:32,357 [main] INFO  om.OzoneManager (OzoneManager.java:addS3GVolumeToDB(4426)) - Created Volume s3v With Owner runner required for S3Gateway operations.
2024-03-04 12:55:32,357 [main] WARN  server.ServerUtils (ServerUtils.java:getDefaultRatisDirectory(311)) - Storage directory for Ratis is not configured. It is a good idea to map this to an SSD disk. Falling back to ozone.metadata.dirs
2024-03-04 12:55:32,358 [main] WARN  utils.OzoneManagerRatisUtils (OzoneManagerRatisUtils.java:getOMRatisSnapshotDirectory(476)) - ozone.om.ratis.snapshot.dir is not configured. Falling back to ozone.metadata.dirs config
2024-03-04 12:55:32,358 [main] INFO  utils.RDBSnapshotProvider (RDBSnapshotProvider.java:init(87)) - Cleaning up the candidate dir: /home/runner/work/ozone/ozone/hadoop-ozone/integration-test/target/test-dir/MiniOzoneClusterImpl-5dfaf9ee-e84d-4a0a-b307-fdee3dcb636e/omNode-1/snapshot/om.db.candidate
2024-03-04 12:55:32,358 [main] INFO  ratis_snapshot.OmRatisSnapshotProvider (OmRatisSnapshotProvider.java:<init>(99)) - Initializing OM Snapshot Provider
2024-03-04 12:55:32,359 [main] WARN  server.ServerUtils (ServerUtils.java:getDefaultRatisDirectory(311)) - Storage directory for Ratis is not configured. It is a good idea to map this to an SSD disk. Falling back to ozone.metadata.dirs
2024-03-04 12:55:32,360 [main] INFO  ratis.OzoneManagerRatisServer (OzoneManagerRatisServer.java:<init>(167)) - Instantiating OM Ratis server with groupID: om-service-test1 and peers: localhost:15093, localhost:15101, localhost:15097
2024-03-04 12:55:32,360 [main] INFO  ratis.OzoneManagerStateMachine (OzoneManagerStateMachine.java:loadSnapshotInfoFromDB(575)) - TransactionInfo not found in OM DB.
2024-03-04 12:55:32,361 [main] INFO  server.RaftServer (ConfUtils.java:logGet(46)) - raft.rpc.type = GRPC (default)
2024-03-04 12:55:32,361 [main] INFO  grpc.GrpcConfigKeys (ConfUtils.java:logFallback(53)) - raft.grpc.admin.host = null (fallback to raft.grpc.server.host)
2024-03-04 12:55:32,361 [main] INFO  grpc.GrpcConfigKeys (ConfUtils.java:logFallback(53)) - raft.grpc.admin.port = 15093 (fallback to raft.grpc.server.port)
2024-03-04 12:55:32,361 [main] INFO  grpc.GrpcConfigKeys (ConfUtils.java:logFallback(53)) - raft.grpc.client.host = null (fallback to raft.grpc.server.host)
2024-03-04 12:55:32,361 [main] INFO  grpc.GrpcConfigKeys (ConfUtils.java:logFallback(53)) - raft.grpc.client.port = 15093 (fallback to raft.grpc.server.port)
2024-03-04 12:55:32,362 [main] INFO  grpc.GrpcConfigKeys (ConfUtils.java:logGet(46)) - raft.grpc.server.host = null (default)
2024-03-04 12:55:32,362 [main] INFO  grpc.GrpcConfigKeys (ConfUtils.java:logGet(46)) - raft.grpc.server.port = 15093 (custom)
2024-03-04 12:55:32,362 [main] INFO  server.GrpcService (ConfUtils.java:logGet(46)) - raft.grpc.message.size.max = 4194304 (custom)
2024-03-04 12:55:32,362 [main] INFO  server.RaftServerConfigKeys (ConfUtils.java:logGet(46)) - raft.server.log.appender.buffer.byte-limit = 4194304 (custom)
2024-03-04 12:55:32,362 [main] INFO  server.GrpcService (ConfUtils.java:logGet(46)) - raft.grpc.flow.control.window = 1MB (=1048576) (default)
2024-03-04 12:55:32,362 [main] INFO  server.RaftServerConfigKeys (ConfUtils.java:logGet(46)) - raft.server.rpc.request.timeout = 3000ms (default)
2024-03-04 12:55:32,363 [main] INFO  grpc.GrpcConfigKeys (ConfUtils.java:logGet(46)) - raft.grpc.server.heartbeat.channel = true (default)
2024-03-04 12:55:32,363 [main] INFO  grpc.GrpcConfigKeys (ConfUtils.java:logGet(46)) - raft.grpc.server.async.request.thread.pool.cached = true (default)
2024-03-04 12:55:32,363 [main] INFO  grpc.GrpcConfigKeys (ConfUtils.java:logGet(46)) - raft.grpc.server.async.request.thread.pool.size = 32 (default)
2024-03-04 12:55:32,364 [main] INFO  impl.DataStreamServerImpl (ConfUtils.java:logGet(46)) - raft.datastream.type = DISABLED (default)
2024-03-04 12:55:32,364 [main] INFO  server.RaftServerConfigKeys (ConfUtils.java:logGet(46)) - raft.server.sleep.deviation.threshold = 300ms (default)
2024-03-04 12:55:32,364 [main] INFO  server.RaftServerConfigKeys (ConfUtils.java:logGet(46)) - raft.server.close.threshold = 60s (default)
2024-03-04 12:55:32,365 [main] INFO  server.RaftServerConfigKeys (ConfUtils.java:logGet(46)) - raft.server.leaderelection.leader.step-down.wait-time = 10s (default)
2024-03-04 12:55:32,365 [main] INFO  server.RaftServerConfigKeys (ConfUtils.java:logGet(46)) - raft.server.storage.dir = [/home/runner/work/ozone/ozone/hadoop-ozone/integration-test/target/test-dir/MiniOzoneClusterImpl-5dfaf9ee-e84d-4a0a-b307-fdee3dcb636e/omNode-1/ratis] (custom)
2024-03-04 12:55:32,365 [main] INFO  server.RaftServerConfigKeys (ConfUtils.java:logGet(46)) - raft.server.threadpool.proxy.cached = true (default)
2024-03-04 12:55:32,365 [main] INFO  server.RaftServerConfigKeys (ConfUtils.java:logGet(46)) - raft.server.threadpool.proxy.size = 0 (default)
2024-03-04 12:55:32,366 [main] INFO  server.RaftServer (RaftServerProxy.java:addNew(100)) - omNode-1: addNew group-523986131536:[omNode-3|localhost:15101, omNode-1|localhost:15093, omNode-2|localhost:15097] returns group-523986131536:java.util.concurrent.CompletableFuture@4d05de1a[Not completed]
2024-03-04 12:55:32,366 [main] INFO  om.OzoneManager (OzoneManager.java:initializeRatisServer(2140)) - OzoneManager Ratis server initialized at port 15093
2024-03-04 12:55:32,366 [omNode-1-groupManagement] INFO  server.RaftServer$Division (RaftServerImpl.java:<init>(256)) - omNode-1: new RaftServerImpl for group-523986131536:[omNode-3|localhost:15101, omNode-1|localhost:15093, omNode-2|localhost:15097] with OzoneManagerStateMachine:uninitialized
2024-03-04 12:55:32,366 [main] INFO  om.OzoneManager (OzoneManager.java:getRpcServer(1206)) - Creating RPC Server
2024-03-04 12:55:32,366 [omNode-1-groupManagement] INFO  server.RaftServerConfigKeys (ConfUtils.java:logGet(46)) - raft.server.rpc.timeout.min = 1s (custom)
2024-03-04 12:55:32,366 [omNode-1-groupManagement] INFO  server.RaftServerConfigKeys (ConfUtils.java:logGet(46)) - raft.server.rpc.timeout.max = 1200ms (custom)
2024-03-04 12:55:32,366 [omNode-1-groupManagement] INFO  server.RaftServerConfigKeys (ConfUtils.java:logGet(46)) - raft.server.rpc.sleep.time = 25ms (default)
2024-03-04 12:55:32,367 [omNode-1-groupManagement] INFO  server.RaftServerConfigKeys (ConfUtils.java:logGet(46)) - raft.server.rpc.slowness.timeout = 2s (custom)
2024-03-04 12:55:32,367 [omNode-1-groupManagement] INFO  server.RaftServerConfigKeys (ConfUtils.java:logGet(46)) - raft.server.leaderelection.leader.step-down.wait-time = 10s (default)
2024-03-04 12:55:32,367 [omNode-1-groupManagement] INFO  server.RaftServerConfigKeys (ConfUtils.java:logGet(46)) - raft.server.leaderelection.member.majority-add = false (default)
2024-03-04 12:55:32,367 [omNode-1-groupManagement] INFO  server.RaftServerConfigKeys (ConfUtils.java:logGet(46)) - raft.server.sleep.deviation.threshold = 300ms (default)
2024-03-04 12:55:32,367 [omNode-1-groupManagement] INFO  server.RaftServer$Division (ServerState.java:<init>(113)) - omNode-1@group-523986131536: ConfigurationManager, init=-1: peers:[omNode-3|localhost:15101, omNode-1|localhost:15093, omNode-2|localhost:15097]|listeners:[], old=null, confs=<EMPTY_MAP>
2024-03-04 12:55:32,367 [omNode-1-groupManagement] INFO  server.RaftServerConfigKeys (ConfUtils.java:logGet(46)) - raft.server.notification.no-leader.timeout = 2s (custom)
2024-03-04 12:55:32,367 [omNode-1-groupManagement] INFO  server.RaftServerConfigKeys (ConfUtils.java:logGet(46)) - raft.server.read.timeout = 10s (default)
2024-03-04 12:55:32,367 [omNode-1-groupManagement] INFO  server.RaftServerConfigKeys (ConfUtils.java:logGet(46)) - raft.server.retrycache.expirytime = 30000ms (custom)
2024-03-04 12:55:32,367 [omNode-1-groupManagement] INFO  server.RaftServerConfigKeys (ConfUtils.java:logGet(46)) - raft.server.retrycache.statistics.expirytime = 100ms (default)
2024-03-04 12:55:32,367 [omNode-1-groupManagement] INFO  server.RaftServerConfigKeys (ConfUtils.java:logGet(46)) - raft.server.read.option = DEFAULT (default)
2024-03-04 12:55:32,367 [omNode-1-groupManagement] INFO  server.RaftServerConfigKeys (ConfUtils.java:logGet(46)) - raft.server.read.read-after-write-consistent.write-index-cache.expiry-time = 60s (default)
2024-03-04 12:55:32,368 [omNode-1-groupManagement] INFO  server.RaftServerConfigKeys (ConfUtils.java:logGet(46)) - raft.server.rpc.request.timeout = 3000ms (default)
2024-03-04 12:55:32,368 [omNode-1-groupManagement] INFO  server.RaftServerConfigKeys (ConfUtils.java:logGet(46)) - raft.server.log.appender.install.snapshot.enabled = false (custom)
2024-03-04 12:55:32,368 [omNode-1-groupManagement] INFO  server.RaftServerConfigKeys (ConfUtils.java:logGet(46)) - raft.server.threadpool.server.cached = true (default)
2024-03-04 12:55:32,368 [omNode-1-groupManagement] INFO  server.RaftServerConfigKeys (ConfUtils.java:logGet(46)) - raft.server.threadpool.server.size = 0 (default)
2024-03-04 12:55:32,368 [omNode-1-groupManagement] INFO  server.RaftServerConfigKeys (ConfUtils.java:logGet(46)) - raft.server.threadpool.client.cached = true (default)
2024-03-04 12:55:32,368 [omNode-1-groupManagement] INFO  server.RaftServerConfigKeys (ConfUtils.java:logGet(46)) - raft.server.threadpool.client.size = 0 (default)
2024-03-04 12:55:32,557 [main] INFO  ipc.CallQueueManager (CallQueueManager.java:<init>(90)) - Using callQueue: class java.util.concurrent.LinkedBlockingQueue, queueCapacity: 2000, scheduler: class org.apache.hadoop.ipc.DefaultRpcScheduler, ipcBackoff: false.
2024-03-04 12:55:32,557 [main] INFO  ipc.Server (Server.java:<init>(1287)) - Listener at 127.0.0.1:15090
2024-03-04 12:55:32,558 [Socket Reader #1 for port 15090] INFO  ipc.Server (Server.java:run(1323)) - Starting Socket Reader #1 for port 15090
2024-03-04 12:55:32,575 [main] INFO  impl.MetricsSystemImpl (MetricsSystemImpl.java:init(158)) - OzoneManager metrics system started (again)
2024-03-04 12:55:32,581 [main] INFO  om.OzoneManager (OzoneManager.java:start(1628)) - OzoneManager RPC server is listening at localhost/127.0.0.1:15090
2024-03-04 12:55:32,582 [main] INFO  ratis.OzoneManagerRatisServer (OzoneManagerRatisServer.java:start(588)) - Starting OzoneManagerRatisServer omNode-1 at port 15093
2024-03-04 12:55:32,582 [omNode-1-impl-thread1] INFO  server.RaftServerConfigKeys (ConfUtils.java:logGet(46)) - raft.server.storage.free-space.min = 0MB (=0) (default)
2024-03-04 12:55:32,582 [omNode-1-impl-thread1] INFO  server.RaftServerConfigKeys (ConfUtils.java:logGet(46)) - raft.server.log.corruption.policy = EXCEPTION (default)
2024-03-04 12:55:32,582 [omNode-1-impl-thread1] INFO  server.RaftServerConfigKeys (ConfUtils.java:logGet(46)) - raft.server.storage.dir = [/home/runner/work/ozone/ozone/hadoop-ozone/integration-test/target/test-dir/MiniOzoneClusterImpl-5dfaf9ee-e84d-4a0a-b307-fdee3dcb636e/omNode-1/ratis] (custom)
2024-03-04 12:55:32,582 [omNode-1-impl-thread1] INFO  storage.RaftStorageDirectory (RaftStorageDirectoryImpl.java:analyzeStorage(138)) - The storage directory /home/runner/work/ozone/ozone/hadoop-ozone/integration-test/target/test-dir/MiniOzoneClusterImpl-5dfaf9ee-e84d-4a0a-b307-fdee3dcb636e/omNode-1/ratis/c9bc4cf4-3bc3-3c60-a66b-523986131536 does not exist. Creating ...
2024-03-04 12:55:32,583 [omNode-1-impl-thread1] INFO  storage.RaftStorageDirectory (RaftStorageDirectoryImpl.java:tryLock(228)) - Lock on /home/runner/work/ozone/ozone/hadoop-ozone/integration-test/target/test-dir/MiniOzoneClusterImpl-5dfaf9ee-e84d-4a0a-b307-fdee3dcb636e/omNode-1/ratis/c9bc4cf4-3bc3-3c60-a66b-523986131536/in_use.lock acquired by nodename 41993@fv-az571-795
2024-03-04 12:55:32,584 [omNode-1-impl-thread1] INFO  storage.RaftStorage (RaftStorageImpl.java:format(99)) - Storage directory /home/runner/work/ozone/ozone/hadoop-ozone/integration-test/target/test-dir/MiniOzoneClusterImpl-5dfaf9ee-e84d-4a0a-b307-fdee3dcb636e/omNode-1/ratis/c9bc4cf4-3bc3-3c60-a66b-523986131536 has been successfully formatted.
2024-03-04 12:55:32,584 [omNode-1-impl-thread1] WARN  util.FileUtils (LogUtils.java:supplyAndLog(63)) - Failed to Files.newInputStream /home/runner/work/ozone/ozone/hadoop-ozone/integration-test/target/test-dir/MiniOzoneClusterImpl-5dfaf9ee-e84d-4a0a-b307-fdee3dcb636e/omNode-1/ratis/c9bc4cf4-3bc3-3c60-a66b-523986131536/current/raft-meta.conf with options []: java.nio.file.NoSuchFileException: /home/runner/work/ozone/ozone/hadoop-ozone/integration-test/target/test-dir/MiniOzoneClusterImpl-5dfaf9ee-e84d-4a0a-b307-fdee3dcb636e/omNode-1/ratis/c9bc4cf4-3bc3-3c60-a66b-523986131536/current/raft-meta.conf
2024-03-04 12:55:32,584 [omNode-1-impl-thread1] INFO  server.RaftServerConfigKeys (ConfUtils.java:logGet(46)) - raft.server.log.use.memory = false (default)
2024-03-04 12:55:32,584 [omNode-1-impl-thread1] INFO  server.RaftServerConfigKeys (ConfUtils.java:logGet(46)) - raft.server.log.purge.gap = 50 (custom)
2024-03-04 12:55:32,584 [omNode-1-impl-thread1] INFO  server.RaftServerConfigKeys (ConfUtils.java:logGet(46)) - raft.server.log.appender.buffer.byte-limit = 4194304 (custom)
2024-03-04 12:55:32,584 [omNode-1-impl-thread1] INFO  server.RaftServerConfigKeys (ConfUtils.java:logGet(46)) - raft.server.log.statemachine.data.read.timeout = 1000ms (default)
2024-03-04 12:55:32,585 [omNode-1-impl-thread1] INFO  server.RaftServerConfigKeys (ConfUtils.java:logGet(46)) - raft.server.log.purge.preservation.log.num = 0 (default)
2024-03-04 12:55:32,585 [omNode-1-impl-thread1] INFO  server.RaftServerConfigKeys (ConfUtils.java:logGet(46)) - raft.server.log.segment.size.max = 4194304 (custom)
2024-03-04 12:55:32,585 [omNode-1-impl-thread1] INFO  server.RaftServerConfigKeys (ConfUtils.java:logGet(46)) - raft.server.log.segment.cache.num.max = 2 (custom)
2024-03-04 12:55:32,585 [omNode-1-impl-thread1] INFO  server.RaftServerConfigKeys (ConfUtils.java:logGet(46)) - raft.server.log.segment.cache.size.max = 200MB (=209715200) (default)
2024-03-04 12:55:32,585 [omNode-1-impl-thread1] INFO  server.RaftServerConfigKeys (ConfUtils.java:logGet(46)) - raft.server.log.appender.buffer.byte-limit = 4194304 (custom)
2024-03-04 12:55:32,585 [omNode-1-impl-thread1] INFO  util.AwaitToRun (AwaitToRun.java:start(81)) - Thread[omNode-1@group-523986131536-cacheEviction-AwaitToRun,5,main] started
2024-03-04 12:55:32,586 [omNode-1-impl-thread1] INFO  segmented.SegmentedRaftLogWorker (SegmentedRaftLogWorker.java:<init>(182)) - new omNode-1@group-523986131536-SegmentedRaftLogWorker for RaftStorageImpl:Storage Directory /home/runner/work/ozone/ozone/hadoop-ozone/integration-test/target/test-dir/MiniOzoneClusterImpl-5dfaf9ee-e84d-4a0a-b307-fdee3dcb636e/omNode-1/ratis/c9bc4cf4-3bc3-3c60-a66b-523986131536
2024-03-04 12:55:32,586 [omNode-1-impl-thread1] INFO  server.RaftServerConfigKeys (ConfUtils.java:logGet(46)) - raft.server.log.queue.byte-limit = 64MB (=67108864) (default)
2024-03-04 12:55:32,586 [omNode-1-impl-thread1] INFO  server.RaftServerConfigKeys (ConfUtils.java:logGet(46)) - raft.server.log.queue.element-limit = 4096 (default)
2024-03-04 12:55:32,586 [omNode-1-impl-thread1] INFO  server.RaftServerConfigKeys (ConfUtils.java:logGet(46)) - raft.server.log.segment.size.max = 4194304 (custom)
2024-03-04 12:55:32,586 [omNode-1-impl-thread1] INFO  server.RaftServerConfigKeys (ConfUtils.java:logGet(46)) - raft.server.log.preallocated.size = 4194304 (custom)
2024-03-04 12:55:32,586 [omNode-1-impl-thread1] INFO  server.RaftServerConfigKeys (ConfUtils.java:logGet(46)) - raft.server.log.force.sync.num = 128 (default)
2024-03-04 12:55:32,586 [omNode-1-impl-thread1] INFO  server.RaftServerConfigKeys (ConfUtils.java:logGet(46)) - raft.server.log.statemachine.data.sync = true (default)
2024-03-04 12:55:32,586 [omNode-1-impl-thread1] INFO  server.RaftServerConfigKeys (ConfUtils.java:logGet(46)) - raft.server.log.statemachine.data.sync.timeout = 10s (default)
2024-03-04 12:55:32,586 [omNode-1-impl-thread1] INFO  server.RaftServerConfigKeys (ConfUtils.java:logGet(46)) - raft.server.log.statemachine.data.sync.timeout.retry = -1 (default)
2024-03-04 12:55:32,586 [omNode-1-impl-thread1] INFO  server.RaftServerConfigKeys (ConfUtils.java:logGet(46)) - raft.server.log.write.buffer.size = 4194312 (custom)
2024-03-04 12:55:32,587 [omNode-1-impl-thread1] INFO  server.RaftServerConfigKeys (ConfUtils.java:logGet(46)) - raft.server.log.appender.buffer.byte-limit = 4194304 (custom)
2024-03-04 12:55:32,587 [omNode-1-impl-thread1] INFO  server.RaftServerConfigKeys (ConfUtils.java:logGet(46)) - raft.server.log.unsafe-flush.enabled = false (default)
2024-03-04 12:55:32,587 [omNode-1-impl-thread1] INFO  server.RaftServerConfigKeys (ConfUtils.java:logGet(46)) - raft.server.log.async-flush.enabled = false (default)
2024-03-04 12:55:32,587 [omNode-1-impl-thread1] INFO  server.RaftServerConfigKeys (ConfUtils.java:logGet(46)) - raft.server.log.statemachine.data.caching.enabled = false (default)
2024-03-04 12:55:32,587 [omNode-1-impl-thread1] INFO  segmented.SegmentedRaftLogWorker (SegmentedRaftLogWorker.java:lambda$new$0(134)) - omNode-1@group-523986131536-SegmentedRaftLogWorker: flushIndex: setUnconditionally 0 -> -1
2024-03-04 12:55:32,587 [omNode-1-impl-thread1] INFO  segmented.SegmentedRaftLogWorker (SegmentedRaftLogWorker.java:lambda$new$0(134)) - omNode-1@group-523986131536-SegmentedRaftLogWorker: safeCacheEvictIndex: setUnconditionally 0 -> -1
2024-03-04 12:55:32,587 [omNode-1-impl-thread1] INFO  server.RaftServer$Division (RaftServerImpl.java:start(396)) - omNode-1@group-523986131536: start as a follower, conf=-1: peers:[omNode-3|localhost:15101, omNode-1|localhost:15093, omNode-2|localhost:15097]|listeners:[], old=null
2024-03-04 12:55:32,587 [omNode-1-impl-thread1] INFO  server.RaftServer$Division (RaftServerImpl.java:setRole(383)) - omNode-1@group-523986131536: changes role from      null to FOLLOWER at term 0 for startAsFollower
2024-03-04 12:55:32,587 [omNode-1-impl-thread1] INFO  impl.RoleInfo (RoleInfo.java:updateAndGet(139)) - omNode-1: start omNode-1@group-523986131536-FollowerState
2024-03-04 12:55:32,587 [omNode-1@group-523986131536-FollowerState] INFO  server.RaftServerConfigKeys (ConfUtils.java:logFallback(53)) - raft.server.rpc.first-election.timeout.min = 1s (fallback to raft.server.rpc.timeout.min)
2024-03-04 12:55:32,587 [omNode-1-impl-thread1] INFO  util.JmxRegister (JmxRegister.java:tryRegister(44)) - Successfully registered JMX Bean with object name Ratis:service=RaftServer,group=group-523986131536,id=omNode-1
2024-03-04 12:55:32,588 [omNode-1-impl-thread1] INFO  server.RaftServerConfigKeys (ConfUtils.java:logGet(46)) - raft.server.snapshot.trigger-when-stop.enabled = true (default)
2024-03-04 12:55:32,588 [omNode-1-impl-thread1] INFO  server.RaftServerConfigKeys (ConfUtils.java:logGet(46)) - raft.server.snapshot.auto.trigger.enabled = true (custom)
2024-03-04 12:55:32,588 [omNode-1-impl-thread1] INFO  server.RaftServerConfigKeys (ConfUtils.java:logGet(46)) - raft.server.snapshot.auto.trigger.threshold = 50 (custom)
2024-03-04 12:55:32,588 [omNode-1-impl-thread1] INFO  server.RaftServerConfigKeys (ConfUtils.java:logGet(46)) - raft.server.snapshot.retention.file.num = -1 (default)
2024-03-04 12:55:32,588 [omNode-1-impl-thread1] INFO  server.RaftServerConfigKeys (ConfUtils.java:logGet(46)) - raft.server.log.purge.upto.snapshot.index = true (custom)
2024-03-04 12:55:32,588 [omNode-1@group-523986131536-FollowerState] INFO  server.RaftServerConfigKeys (ConfUtils.java:logFallback(53)) - raft.server.rpc.first-election.timeout.max = 1200ms (fallback to raft.server.rpc.timeout.max)
2024-03-04 12:55:32,589 [main] INFO  server.RaftServer (RaftServerProxy.java:startImpl(406)) - omNode-1: start RPC server
2024-03-04 12:55:32,590 [main] INFO  server.GrpcService (GrpcService.java:startImpl(302)) - omNode-1: GrpcService started, listening on 15093
2024-03-04 12:55:32,591 [JvmPauseMonitor30] INFO  util.JvmPauseMonitor (JvmPauseMonitor.java:run(146)) - JvmPauseMonitor-omNode-1: Started
2024-03-04 12:55:32,591 [main] INFO  om.OzoneManager (OzoneManager.java:start(1644)) - Version File has different layout version (6) than OM DB (null). That is expected if this OM has never been finalized to a newer layout version.
2024-03-04 12:55:32,593 [main] INFO  http.BaseHttpServer (BaseHttpServer.java:newHttpServer2BuilderForOzone(223)) - Starting Web-server for ozoneManager at: http://0.0.0.0:15091
2024-03-04 12:55:32,593 [main] INFO  http.BaseHttpServer (BaseHttpServer.java:<init>(110)) - Hadoop Security Enabled: false Ozone Security Enabled: false Ozone HTTP Security Enabled: false 
2024-03-04 12:55:32,594 [main] WARN  server.AuthenticationFilter (AuthenticationFilter.java:constructSecretProvider(240)) - Unable to initialize FileSignerSecretProvider, falling back to use random secrets. Reason: Could not read signature secret file: /home/runner/hadoop-http-auth-signature-secret
2024-03-04 12:55:32,595 [main] INFO  http.HttpRequestLog (HttpRequestLog.java:getRequestLog(86)) - Http request log for http.requests.ozoneManager is not defined
2024-03-04 12:55:32,596 [main] INFO  http.HttpServer2 (HttpServer2.java:addGlobalFilter(1036)) - Added global filter 'safety' (class=org.apache.hadoop.hdds.server.http.HttpServer2$QuotingInputFilter)
2024-03-04 12:55:32,596 [main] INFO  http.HttpServer2 (HttpServer2.java:addFilter(1012)) - Added filter static_user_filter (class=org.apache.hadoop.http.lib.StaticUserWebFilter$StaticUserFilter) to context ozoneManager
2024-03-04 12:55:32,596 [main] INFO  http.HttpServer2 (HttpServer2.java:addFilter(1020)) - Added filter static_user_filter (class=org.apache.hadoop.http.lib.StaticUserWebFilter$StaticUserFilter) to context static
2024-03-04 12:55:32,596 [main] INFO  http.HttpServer2 (HttpServer2.java:addFilter(1020)) - Added filter static_user_filter (class=org.apache.hadoop.http.lib.StaticUserWebFilter$StaticUserFilter) to context logs
2024-03-04 12:55:32,597 [main] INFO  http.BaseHttpServer (BaseHttpServer.java:<init>(189)) - HTTP server of ozoneManager uses base directory /home/runner/work/ozone/ozone/hadoop-ozone/integration-test/target/test-dir/MiniOzoneClusterImpl-5dfaf9ee-e84d-4a0a-b307-fdee3dcb636e/omNode-1/webserver
2024-03-04 12:55:32,597 [main] INFO  http.HttpServer2 (HttpServer2.java:bindListener(1236)) - Jetty bound to port 15091
2024-03-04 12:55:32,597 [main] INFO  server.Server (Server.java:doStart(375)) - jetty-9.4.53.v20231009; built: 2023-10-09T12:29:09.265Z; git: 27bde00a0b95a1d5bbee0eae7984f891d2d0f8c9; jvm 1.8.0_402-b06
2024-03-04 12:55:32,598 [main] INFO  server.session (DefaultSessionIdManager.java:doStart(334)) - DefaultSessionIdManager workerName=node0
2024-03-04 12:55:32,598 [main] INFO  server.session (DefaultSessionIdManager.java:doStart(339)) - No SessionScavenger set, using defaults
2024-03-04 12:55:32,598 [main] INFO  server.session (HouseKeeper.java:startScavenging(132)) - node0 Scavenging every 660000ms
2024-03-04 12:55:32,599 [main] INFO  handler.ContextHandler (ContextHandler.java:doStart(921)) - Started o.e.j.s.ServletContextHandler@79fdb977{logs,/logs,file:///home/runner/work/ozone/ozone/hadoop-ozone/integration-test/target/log,AVAILABLE}
2024-03-04 12:55:32,599 [main] INFO  handler.ContextHandler (ContextHandler.java:doStart(921)) - Started o.e.j.s.ServletContextHandler@45a0f205{static,/static,file:///home/runner/work/ozone/ozone/hadoop-ozone/integration-test/target/test-classes/webapps/static,AVAILABLE}
2024-03-04 12:55:32,601 [main] INFO  handler.ContextHandler (ContextHandler.java:doStart(921)) - Started o.e.j.w.WebAppContext@26b83aba{ozoneManager,/,file:///home/runner/work/ozone/ozone/hadoop-ozone/integration-test/target/test-classes/webapps/ozoneManager/,AVAILABLE}{file:/home/runner/work/ozone/ozone/hadoop-ozone/integration-test/target/test-classes/webapps/ozoneManager}
2024-03-04 12:55:32,602 [main] INFO  server.AbstractConnector (AbstractConnector.java:doStart(333)) - Started ServerConnector@2ea1c01{HTTP/1.1, (http/1.1)}{0.0.0.0:15091}
2024-03-04 12:55:32,602 [main] INFO  server.Server (Server.java:doStart(415)) - Started @228186ms
2024-03-04 12:55:32,602 [main] WARN  impl.MetricsSystemImpl (MetricsSystemImpl.java:register(279)) - Sink prometheus already exists!
2024-03-04 12:55:32,602 [main] INFO  http.BaseHttpServer (BaseHttpServer.java:updateConnectorAddress(354)) - HTTP server of ozoneManager listening at http://0.0.0.0:15091
2024-03-04 12:55:32,603 [IPC Server Responder] INFO  ipc.Server (Server.java:run(1562)) - IPC Server Responder: starting
2024-03-04 12:55:32,603 [IPC Server listener on 15090] INFO  ipc.Server (Server.java:run(1402)) - IPC Server listener on 15090: starting
2024-03-04 12:55:32,607 [main] INFO  om.OzoneManager (OzoneManager.java:startTrashEmptier(2093)) - Trash Interval set to 0. Files deleted won't move to trash
2024-03-04 12:55:32,607 [main] INFO  ozone.MiniOzoneHAClusterImpl (MiniOzoneHAClusterImpl.java:createOMService(516)) - Started OzoneManager omNode-1 RPC server at localhost/127.0.0.1:15090
2024-03-04 12:55:32,608 [main] INFO  ha.OMHANodeDetails (OMHANodeDetails.java:loadOMHAConfig(121)) - ServiceID for OzoneManager is om-service-test1
2024-03-04 12:55:32,608 [main] INFO  ha.OMHANodeDetails (OMHANodeDetails.java:loadOMHAConfig(201)) - Found matching OM address with OMServiceId: om-service-test1, OMNodeId: omNode-2, RPC Address: localhost:15094 and Ratis port: 15097
2024-03-04 12:55:32,608 [main] INFO  ha.OMHANodeDetails (ConfUtils.java:setNodeSpecificConfigs(97)) - Setting configuration key ozone.om.http-address with value of key ozone.om.http-address.om-service-test1.omNode-2: 127.0.0.1:15095
2024-03-04 12:55:32,609 [main] INFO  ha.OMHANodeDetails (ConfUtils.java:setNodeSpecificConfigs(97)) - Setting configuration key ozone.om.https-address with value of key ozone.om.https-address.om-service-test1.omNode-2: 127.0.0.1:15096
2024-03-04 12:55:32,609 [main] INFO  ha.OMHANodeDetails (ConfUtils.java:setNodeSpecificConfigs(97)) - Setting configuration key ozone.om.address with value of key ozone.om.address.om-service-test1.omNode-2: 127.0.0.1:15094
2024-03-04 12:55:32,609 [main] WARN  server.ServerUtils (ServerUtils.java:getDBPath(299)) - ozone.om.db.dirs is not configured. We recommend adding this setting. Falling back to ozone.metadata.dirs instead.
2024-03-04 12:55:32,610 [main] INFO  proxy.SCMBlockLocationFailoverProxyProvider (SCMBlockLocationFailoverProxyProvider.java:<init>(115)) - Created block location fail-over proxy with 1 nodes: [nodeId=scmNodeId,nodeAddress=/0.0.0.0:15087]
OM initialization succeeded.Current cluster id for sd=/home/runner/work/ozone/ozone/hadoop-ozone/integration-test/target/test-dir/MiniOzoneClusterImpl-5dfaf9ee-e84d-4a0a-b307-fdee3dcb636e/omNode-2/om;cid=5dfaf9ee-e84d-4a0a-b307-fdee3dcb636e;layoutVersion=6
2024-03-04 12:55:32,615 [main] INFO  ha.OMHANodeDetails (OMHANodeDetails.java:loadOMHAConfig(121)) - ServiceID for OzoneManager is om-service-test1
2024-03-04 12:55:32,615 [main] INFO  ha.OMHANodeDetails (OMHANodeDetails.java:loadOMHAConfig(201)) - Found matching OM address with OMServiceId: om-service-test1, OMNodeId: omNode-2, RPC Address: localhost:15094 and Ratis port: 15097
2024-03-04 12:55:32,615 [main] INFO  ha.OMHANodeDetails (ConfUtils.java:setNodeSpecificConfigs(97)) - Setting configuration key ozone.om.http-address with value of key ozone.om.http-address.om-service-test1.omNode-2: 127.0.0.1:15095
2024-03-04 12:55:32,616 [main] INFO  ha.OMHANodeDetails (ConfUtils.java:setNodeSpecificConfigs(97)) - Setting configuration key ozone.om.https-address with value of key ozone.om.https-address.om-service-test1.omNode-2: 127.0.0.1:15096
2024-03-04 12:55:32,616 [main] INFO  ha.OMHANodeDetails (ConfUtils.java:setNodeSpecificConfigs(97)) - Setting configuration key ozone.om.address with value of key ozone.om.address.om-service-test1.omNode-2: 127.0.0.1:15094
2024-03-04 12:55:32,616 [main] WARN  server.ServerUtils (ServerUtils.java:getDBPath(299)) - ozone.om.db.dirs is not configured. We recommend adding this setting. Falling back to ozone.metadata.dirs instead.
2024-03-04 12:55:32,616 [main] INFO  upgrade.AbstractLayoutVersionManager (AbstractLayoutVersionManager.java:init(83)) - Initializing Layout version manager with metadata layout = QUOTA (version = 6), software layout = QUOTA (version = 6)
2024-03-04 12:55:32,653 [main] INFO  upgrade.OMLayoutVersionManager (OMLayoutVersionManager.java:lambda$0(113)) - Skipping Upgrade Action QuotaRepairUpgradeAction since it has been finalized.
2024-03-04 12:55:32,654 [main] INFO  upgrade.OMLayoutVersionManager (OMLayoutVersionManager.java:lambda$0(113)) - Skipping Upgrade Action MockOmUpgradeAction since it has been finalized.
2024-03-04 12:55:32,654 [main] WARN  server.ServerUtils (ServerUtils.java:getDBPath(299)) - ozone.om.db.dirs is not configured. We recommend adding this setting. Falling back to ozone.metadata.dirs instead.
2024-03-04 12:55:32,655 [main] INFO  proxy.SCMBlockLocationFailoverProxyProvider (SCMBlockLocationFailoverProxyProvider.java:<init>(115)) - Created block location fail-over proxy with 1 nodes: [nodeId=scmNodeId,nodeAddress=/0.0.0.0:15087]
2024-03-04 12:55:32,656 [main] INFO  proxy.SCMBlockLocationFailoverProxyProvider (SCMBlockLocationFailoverProxyProvider.java:<init>(115)) - Created block location fail-over proxy with 1 nodes: [nodeId=scmNodeId,nodeAddress=/0.0.0.0:15087]
2024-03-04 12:55:32,664 [main] INFO  om.OzoneManager (OzoneManager.java:<init>(672)) - OM start with adminUsers: [*, runner]
2024-03-04 12:55:32,665 [main] WARN  server.ServerUtils (ServerUtils.java:getDBPath(299)) - ozone.om.db.dirs is not configured. We recommend adding this setting. Falling back to ozone.metadata.dirs instead.
2024-03-04 12:55:32,665 [main] INFO  helpers.OmKeyInfo (OmKeyInfo.java:getCodec(71)) - OmKeyInfo.getCodec ignorePipeline = true
2024-03-04 12:55:32,795 [main] INFO  om.OzoneManager (OzoneManager.java:instantiateServices(804)) - S3 Multi-Tenancy is disabled
2024-03-04 12:55:32,796 [main] INFO  om.OmSnapshotManager (OmSnapshotManager.java:<init>(177)) - Ozone filesystem snapshot feature is enabled.
2024-03-04 12:55:32,796 [main] WARN  server.ServerUtils (ServerUtils.java:getDBPath(299)) - ozone.om.snapshot.diff.db.dir is not configured. We recommend adding this setting. Falling back to ozone.metadata.dirs instead.
2024-03-04 12:55:32,813 [main] INFO  utils.NativeLibraryLoader (NativeLibraryLoader.java:loadLibrary(108)) - Loading Library: ozone_rocksdb_tools
2024-03-04 12:55:32,814 [main] ERROR snapshot.SnapshotDiffManager (SnapshotDiffManager.java:initNativeLibraryForEfficientDiff(287)) - Native Library for raw sst file reading loading failed.
org.apache.hadoop.hdds.utils.NativeLibraryNotLoadedException: Unable to load library ozone_rocksdb_tools from both java.library.path & resource file libozone_rocksdb_tools.so from jar.
	at org.apache.hadoop.hdds.utils.db.managed.ManagedRawSSTFileReader.loadLibrary(ManagedRawSSTFileReader.java:38)
	at org.apache.hadoop.ozone.om.snapshot.SnapshotDiffManager.initNativeLibraryForEfficientDiff(SnapshotDiffManager.java:285)
	at org.apache.hadoop.ozone.om.snapshot.SnapshotDiffManager.<init>(SnapshotDiffManager.java:259)
	at org.apache.hadoop.ozone.om.OmSnapshotManager.<init>(OmSnapshotManager.java:279)
	at org.apache.hadoop.ozone.om.OzoneManager.instantiateServices(OzoneManager.java:856)
	at org.apache.hadoop.ozone.om.OzoneManager.<init>(OzoneManager.java:682)
	at org.apache.hadoop.ozone.om.OzoneManager.createOm(OzoneManager.java:767)
	at org.apache.hadoop.ozone.MiniOzoneHAClusterImpl$Builder.createOMService(MiniOzoneHAClusterImpl.java:509)
	at org.apache.hadoop.ozone.MiniOzoneHAClusterImpl$Builder.build(MiniOzoneHAClusterImpl.java:425)
	at org.apache.hadoop.ozone.om.TestOzoneManagerHA.init(TestOzoneManagerHA.java:179)
	at sun.reflect.NativeMethodAccessorImpl.invoke0(Native Method)
	at sun.reflect.NativeMethodAccessorImpl.invoke(NativeMethodAccessorImpl.java:62)
	at sun.reflect.DelegatingMethodAccessorImpl.invoke(DelegatingMethodAccessorImpl.java:43)
	at java.lang.reflect.Method.invoke(Method.java:498)
	at org.junit.platform.commons.util.ReflectionUtils.invokeMethod(ReflectionUtils.java:728)
	at org.junit.jupiter.engine.execution.MethodInvocation.proceed(MethodInvocation.java:60)
	at org.junit.jupiter.engine.execution.InvocationInterceptorChain$ValidatingInvocation.proceed(InvocationInterceptorChain.java:131)
	at org.junit.jupiter.engine.extension.TimeoutExtension.intercept(TimeoutExtension.java:156)
	at org.junit.jupiter.engine.extension.TimeoutExtension.interceptLifecycleMethod(TimeoutExtension.java:128)
	at org.junit.jupiter.engine.extension.TimeoutExtension.interceptBeforeAllMethod(TimeoutExtension.java:70)
	at org.junit.jupiter.engine.execution.InterceptingExecutableInvoker$ReflectiveInterceptorCall.lambda$ofVoidMethod$0(InterceptingExecutableInvoker.java:103)
	at org.junit.jupiter.engine.execution.InterceptingExecutableInvoker.lambda$invoke$0(InterceptingExecutableInvoker.java:93)
	at org.junit.jupiter.engine.execution.InvocationInterceptorChain$InterceptedInvocation.proceed(InvocationInterceptorChain.java:106)
	at org.junit.jupiter.engine.execution.InvocationInterceptorChain.proceed(InvocationInterceptorChain.java:64)
	at org.junit.jupiter.engine.execution.InvocationInterceptorChain.chainAndInvoke(InvocationInterceptorChain.java:45)
	at org.junit.jupiter.engine.execution.InvocationInterceptorChain.invoke(InvocationInterceptorChain.java:37)
	at org.junit.jupiter.engine.execution.InterceptingExecutableInvoker.invoke(InterceptingExecutableInvoker.java:92)
	at org.junit.jupiter.engine.execution.InterceptingExecutableInvoker.invoke(InterceptingExecutableInvoker.java:86)
	at org.junit.jupiter.engine.descriptor.ClassBasedTestDescriptor.lambda$invokeBeforeAllMethods$13(ClassBasedTestDescriptor.java:412)
	at org.junit.platform.engine.support.hierarchical.ThrowableCollector.execute(ThrowableCollector.java:73)
	at org.junit.jupiter.engine.descriptor.ClassBasedTestDescriptor.invokeBeforeAllMethods(ClassBasedTestDescriptor.java:410)
	at org.junit.jupiter.engine.descriptor.ClassBasedTestDescriptor.before(ClassBasedTestDescriptor.java:216)
	at org.junit.jupiter.engine.descriptor.ClassBasedTestDescriptor.before(ClassBasedTestDescriptor.java:85)
	at org.junit.platform.engine.support.hierarchical.NodeTestTask.lambda$executeRecursively$6(NodeTestTask.java:148)
	at org.junit.platform.engine.support.hierarchical.ThrowableCollector.execute(ThrowableCollector.java:73)
	at org.junit.platform.engine.support.hierarchical.NodeTestTask.lambda$executeRecursively$8(NodeTestTask.java:141)
	at org.junit.platform.engine.support.hierarchical.Node.around(Node.java:137)
	at org.junit.platform.engine.support.hierarchical.NodeTestTask.lambda$executeRecursively$9(NodeTestTask.java:139)
	at org.junit.platform.engine.support.hierarchical.ThrowableCollector.execute(ThrowableCollector.java:73)
	at org.junit.platform.engine.support.hierarchical.NodeTestTask.executeRecursively(NodeTestTask.java:138)
	at org.junit.platform.engine.support.hierarchical.NodeTestTask.execute(NodeTestTask.java:95)
	at java.util.ArrayList.forEach(ArrayList.java:1259)
	at org.junit.platform.engine.support.hierarchical.SameThreadHierarchicalTestExecutorService.invokeAll(SameThreadHierarchicalTestExecutorService.java:41)
	at org.junit.platform.engine.support.hierarchical.NodeTestTask.lambda$executeRecursively$6(NodeTestTask.java:155)
	at org.junit.platform.engine.support.hierarchical.ThrowableCollector.execute(ThrowableCollector.java:73)
	at org.junit.platform.engine.support.hierarchical.NodeTestTask.lambda$executeRecursively$8(NodeTestTask.java:141)
	at org.junit.platform.engine.support.hierarchical.Node.around(Node.java:137)
	at org.junit.platform.engine.support.hierarchical.NodeTestTask.lambda$executeRecursively$9(NodeTestTask.java:139)
	at org.junit.platform.engine.support.hierarchical.ThrowableCollector.execute(ThrowableCollector.java:73)
	at org.junit.platform.engine.support.hierarchical.NodeTestTask.executeRecursively(NodeTestTask.java:138)
	at org.junit.platform.engine.support.hierarchical.NodeTestTask.execute(NodeTestTask.java:95)
	at org.junit.platform.engine.support.hierarchical.SameThreadHierarchicalTestExecutorService.submit(SameThreadHierarchicalTestExecutorService.java:35)
	at org.junit.platform.engine.support.hierarchical.HierarchicalTestExecutor.execute(HierarchicalTestExecutor.java:57)
	at org.junit.platform.engine.support.hierarchical.HierarchicalTestEngine.execute(HierarchicalTestEngine.java:54)
	at org.junit.platform.launcher.core.EngineExecutionOrchestrator.execute(EngineExecutionOrchestrator.java:198)
	at org.junit.platform.launcher.core.EngineExecutionOrchestrator.execute(EngineExecutionOrchestrator.java:169)
	at org.junit.platform.launcher.core.EngineExecutionOrchestrator.execute(EngineExecutionOrchestrator.java:93)
	at org.junit.platform.launcher.core.EngineExecutionOrchestrator.lambda$execute$0(EngineExecutionOrchestrator.java:58)
	at org.junit.platform.launcher.core.EngineExecutionOrchestrator.withInterceptedStreams(EngineExecutionOrchestrator.java:141)
	at org.junit.platform.launcher.core.EngineExecutionOrchestrator.execute(EngineExecutionOrchestrator.java:57)
	at org.junit.platform.launcher.core.DefaultLauncher.execute(DefaultLauncher.java:103)
	at org.junit.platform.launcher.core.DefaultLauncher.execute(DefaultLauncher.java:85)
	at org.junit.platform.launcher.core.DelegatingLauncher.execute(DelegatingLauncher.java:47)
	at org.junit.platform.launcher.core.SessionPerRequestLauncher.execute(SessionPerRequestLauncher.java:63)
	at org.apache.maven.surefire.junitplatform.JUnitPlatformProvider.invokeAllTests(JUnitPlatformProvider.java:165)
	at org.apache.maven.surefire.junitplatform.JUnitPlatformProvider.invoke(JUnitPlatformProvider.java:124)
	at org.apache.maven.surefire.booter.ForkedBooter.runSuitesInProcess(ForkedBooter.java:428)
	at org.apache.maven.surefire.booter.ForkedBooter.execute(ForkedBooter.java:162)
	at org.apache.maven.surefire.booter.ForkedBooter.run(ForkedBooter.java:562)
	at org.apache.maven.surefire.booter.ForkedBooter.main(ForkedBooter.java:548)
2024-03-04 12:55:32,816 [main] INFO  om.OzoneManager (OzoneManager.java:addS3GVolumeToDB(4426)) - Created Volume s3v With Owner runner required for S3Gateway operations.
2024-03-04 12:55:32,816 [main] WARN  server.ServerUtils (ServerUtils.java:getDefaultRatisDirectory(311)) - Storage directory for Ratis is not configured. It is a good idea to map this to an SSD disk. Falling back to ozone.metadata.dirs
2024-03-04 12:55:32,817 [main] WARN  utils.OzoneManagerRatisUtils (OzoneManagerRatisUtils.java:getOMRatisSnapshotDirectory(476)) - ozone.om.ratis.snapshot.dir is not configured. Falling back to ozone.metadata.dirs config
2024-03-04 12:55:32,817 [main] INFO  utils.RDBSnapshotProvider (RDBSnapshotProvider.java:init(87)) - Cleaning up the candidate dir: /home/runner/work/ozone/ozone/hadoop-ozone/integration-test/target/test-dir/MiniOzoneClusterImpl-5dfaf9ee-e84d-4a0a-b307-fdee3dcb636e/omNode-2/snapshot/om.db.candidate
2024-03-04 12:55:32,817 [main] INFO  ratis_snapshot.OmRatisSnapshotProvider (OmRatisSnapshotProvider.java:<init>(99)) - Initializing OM Snapshot Provider
2024-03-04 12:55:32,818 [main] WARN  dropwizard3.Dm3MetricRegistriesImpl (Dm3MetricRegistriesImpl.java:addReporterRegistration(113)) - New reporters are added after registries were created. Some metrics will be missing from the reporter. Please add reporter before adding any new registry.
2024-03-04 12:55:32,818 [main] WARN  dropwizard3.Dm3MetricRegistriesImpl (Dm3MetricRegistriesImpl.java:addReporterRegistration(113)) - New reporters are added after registries were created. Some metrics will be missing from the reporter. Please add reporter before adding any new registry.
2024-03-04 12:55:32,818 [main] WARN  server.ServerUtils (ServerUtils.java:getDefaultRatisDirectory(311)) - Storage directory for Ratis is not configured. It is a good idea to map this to an SSD disk. Falling back to ozone.metadata.dirs
2024-03-04 12:55:32,819 [main] INFO  ratis.OzoneManagerRatisServer (OzoneManagerRatisServer.java:<init>(167)) - Instantiating OM Ratis server with groupID: om-service-test1 and peers: localhost:15097, localhost:15101, localhost:15093
2024-03-04 12:55:32,819 [main] INFO  ratis.OzoneManagerStateMachine (OzoneManagerStateMachine.java:loadSnapshotInfoFromDB(575)) - TransactionInfo not found in OM DB.
2024-03-04 12:55:32,820 [main] INFO  server.RaftServer (ConfUtils.java:logGet(46)) - raft.rpc.type = GRPC (default)
2024-03-04 12:55:32,820 [main] INFO  grpc.GrpcConfigKeys (ConfUtils.java:logFallback(53)) - raft.grpc.admin.host = null (fallback to raft.grpc.server.host)
2024-03-04 12:55:32,820 [main] INFO  grpc.GrpcConfigKeys (ConfUtils.java:logFallback(53)) - raft.grpc.admin.port = 15097 (fallback to raft.grpc.server.port)
2024-03-04 12:55:32,820 [main] INFO  grpc.GrpcConfigKeys (ConfUtils.java:logFallback(53)) - raft.grpc.client.host = null (fallback to raft.grpc.server.host)
2024-03-04 12:55:32,820 [main] INFO  grpc.GrpcConfigKeys (ConfUtils.java:logFallback(53)) - raft.grpc.client.port = 15097 (fallback to raft.grpc.server.port)
2024-03-04 12:55:32,820 [main] INFO  grpc.GrpcConfigKeys (ConfUtils.java:logGet(46)) - raft.grpc.server.host = null (default)
2024-03-04 12:55:32,821 [main] INFO  grpc.GrpcConfigKeys (ConfUtils.java:logGet(46)) - raft.grpc.server.port = 15097 (custom)
2024-03-04 12:55:32,821 [main] INFO  server.GrpcService (ConfUtils.java:logGet(46)) - raft.grpc.message.size.max = 4194304 (custom)
2024-03-04 12:55:32,821 [main] INFO  server.RaftServerConfigKeys (ConfUtils.java:logGet(46)) - raft.server.log.appender.buffer.byte-limit = 4194304 (custom)
2024-03-04 12:55:32,821 [main] INFO  server.GrpcService (ConfUtils.java:logGet(46)) - raft.grpc.flow.control.window = 1MB (=1048576) (default)
2024-03-04 12:55:32,821 [main] INFO  server.RaftServerConfigKeys (ConfUtils.java:logGet(46)) - raft.server.rpc.request.timeout = 3000ms (default)
2024-03-04 12:55:32,821 [main] INFO  grpc.GrpcConfigKeys (ConfUtils.java:logGet(46)) - raft.grpc.server.heartbeat.channel = true (default)
2024-03-04 12:55:32,822 [main] INFO  grpc.GrpcConfigKeys (ConfUtils.java:logGet(46)) - raft.grpc.server.async.request.thread.pool.cached = true (default)
2024-03-04 12:55:32,822 [main] INFO  grpc.GrpcConfigKeys (ConfUtils.java:logGet(46)) - raft.grpc.server.async.request.thread.pool.size = 32 (default)
2024-03-04 12:55:32,823 [main] INFO  impl.DataStreamServerImpl (ConfUtils.java:logGet(46)) - raft.datastream.type = DISABLED (default)
2024-03-04 12:55:32,823 [main] INFO  server.RaftServerConfigKeys (ConfUtils.java:logGet(46)) - raft.server.sleep.deviation.threshold = 300ms (default)
2024-03-04 12:55:32,823 [main] INFO  server.RaftServerConfigKeys (ConfUtils.java:logGet(46)) - raft.server.close.threshold = 60s (default)
2024-03-04 12:55:32,823 [main] INFO  server.RaftServerConfigKeys (ConfUtils.java:logGet(46)) - raft.server.leaderelection.leader.step-down.wait-time = 10s (default)
2024-03-04 12:55:32,823 [main] INFO  server.RaftServerConfigKeys (ConfUtils.java:logGet(46)) - raft.server.storage.dir = [/home/runner/work/ozone/ozone/hadoop-ozone/integration-test/target/test-dir/MiniOzoneClusterImpl-5dfaf9ee-e84d-4a0a-b307-fdee3dcb636e/omNode-2/ratis] (custom)
2024-03-04 12:55:32,824 [main] INFO  server.RaftServerConfigKeys (ConfUtils.java:logGet(46)) - raft.server.threadpool.proxy.cached = true (default)
2024-03-04 12:55:32,824 [main] INFO  server.RaftServerConfigKeys (ConfUtils.java:logGet(46)) - raft.server.threadpool.proxy.size = 0 (default)
2024-03-04 12:55:32,824 [main] INFO  server.RaftServer (RaftServerProxy.java:addNew(100)) - omNode-2: addNew group-523986131536:[omNode-3|localhost:15101, omNode-1|localhost:15093, omNode-2|localhost:15097] returns group-523986131536:java.util.concurrent.CompletableFuture@1f7c53ea[Not completed]
2024-03-04 12:55:32,824 [main] INFO  om.OzoneManager (OzoneManager.java:initializeRatisServer(2140)) - OzoneManager Ratis server initialized at port 15097
2024-03-04 12:55:32,824 [omNode-2-groupManagement] INFO  server.RaftServer$Division (RaftServerImpl.java:<init>(256)) - omNode-2: new RaftServerImpl for group-523986131536:[omNode-3|localhost:15101, omNode-1|localhost:15093, omNode-2|localhost:15097] with OzoneManagerStateMachine:uninitialized
2024-03-04 12:55:32,825 [main] INFO  om.OzoneManager (OzoneManager.java:getRpcServer(1206)) - Creating RPC Server
2024-03-04 12:55:32,825 [omNode-2-groupManagement] INFO  server.RaftServerConfigKeys (ConfUtils.java:logGet(46)) - raft.server.rpc.timeout.min = 1s (custom)
2024-03-04 12:55:32,826 [omNode-2-groupManagement] INFO  server.RaftServerConfigKeys (ConfUtils.java:logGet(46)) - raft.server.rpc.timeout.max = 1200ms (custom)
2024-03-04 12:55:32,827 [omNode-2-groupManagement] INFO  server.RaftServerConfigKeys (ConfUtils.java:logGet(46)) - raft.server.rpc.sleep.time = 25ms (default)
2024-03-04 12:55:32,827 [omNode-2-groupManagement] INFO  server.RaftServerConfigKeys (ConfUtils.java:logGet(46)) - raft.server.rpc.slowness.timeout = 2s (custom)
2024-03-04 12:55:32,827 [omNode-2-groupManagement] INFO  server.RaftServerConfigKeys (ConfUtils.java:logGet(46)) - raft.server.leaderelection.leader.step-down.wait-time = 10s (default)
2024-03-04 12:55:32,827 [omNode-2-groupManagement] INFO  server.RaftServerConfigKeys (ConfUtils.java:logGet(46)) - raft.server.leaderelection.member.majority-add = false (default)
2024-03-04 12:55:32,827 [omNode-2-groupManagement] INFO  server.RaftServerConfigKeys (ConfUtils.java:logGet(46)) - raft.server.sleep.deviation.threshold = 300ms (default)
2024-03-04 12:55:32,827 [omNode-2-groupManagement] INFO  server.RaftServer$Division (ServerState.java:<init>(113)) - omNode-2@group-523986131536: ConfigurationManager, init=-1: peers:[omNode-3|localhost:15101, omNode-1|localhost:15093, omNode-2|localhost:15097]|listeners:[], old=null, confs=<EMPTY_MAP>
2024-03-04 12:55:32,827 [omNode-2-groupManagement] INFO  server.RaftServerConfigKeys (ConfUtils.java:logGet(46)) - raft.server.notification.no-leader.timeout = 2s (custom)
2024-03-04 12:55:32,827 [omNode-2-groupManagement] INFO  server.RaftServerConfigKeys (ConfUtils.java:logGet(46)) - raft.server.read.timeout = 10s (default)
2024-03-04 12:55:32,827 [omNode-2-groupManagement] INFO  server.RaftServerConfigKeys (ConfUtils.java:logGet(46)) - raft.server.retrycache.expirytime = 30000ms (custom)
2024-03-04 12:55:32,827 [omNode-2-groupManagement] INFO  server.RaftServerConfigKeys (ConfUtils.java:logGet(46)) - raft.server.retrycache.statistics.expirytime = 100ms (default)
2024-03-04 12:55:32,827 [omNode-2-groupManagement] INFO  server.RaftServerConfigKeys (ConfUtils.java:logGet(46)) - raft.server.read.option = DEFAULT (default)
2024-03-04 12:55:32,827 [omNode-2-groupManagement] INFO  server.RaftServerConfigKeys (ConfUtils.java:logGet(46)) - raft.server.read.read-after-write-consistent.write-index-cache.expiry-time = 60s (default)
2024-03-04 12:55:32,828 [omNode-2-groupManagement] INFO  server.RaftServerConfigKeys (ConfUtils.java:logGet(46)) - raft.server.rpc.request.timeout = 3000ms (default)
2024-03-04 12:55:32,828 [omNode-2-groupManagement] INFO  server.RaftServerConfigKeys (ConfUtils.java:logGet(46)) - raft.server.log.appender.install.snapshot.enabled = false (custom)
2024-03-04 12:55:32,829 [omNode-2-groupManagement] INFO  server.RaftServerConfigKeys (ConfUtils.java:logGet(46)) - raft.server.threadpool.server.cached = true (default)
2024-03-04 12:55:32,829 [omNode-2-groupManagement] INFO  server.RaftServerConfigKeys (ConfUtils.java:logGet(46)) - raft.server.threadpool.server.size = 0 (default)
2024-03-04 12:55:32,829 [omNode-2-groupManagement] INFO  server.RaftServerConfigKeys (ConfUtils.java:logGet(46)) - raft.server.threadpool.client.cached = true (default)
2024-03-04 12:55:32,829 [omNode-2-groupManagement] INFO  server.RaftServerConfigKeys (ConfUtils.java:logGet(46)) - raft.server.threadpool.client.size = 0 (default)
2024-03-04 12:55:32,999 [main] INFO  ipc.CallQueueManager (CallQueueManager.java:<init>(90)) - Using callQueue: class java.util.concurrent.LinkedBlockingQueue, queueCapacity: 2000, scheduler: class org.apache.hadoop.ipc.DefaultRpcScheduler, ipcBackoff: false.
2024-03-04 12:55:33,000 [main] INFO  ipc.Server (Server.java:<init>(1287)) - Listener at 127.0.0.1:15094
2024-03-04 12:55:33,000 [Socket Reader #1 for port 15094] INFO  ipc.Server (Server.java:run(1323)) - Starting Socket Reader #1 for port 15094
2024-03-04 12:55:33,013 [main] INFO  impl.MetricsSystemImpl (MetricsSystemImpl.java:init(158)) - OzoneManager metrics system started (again)
2024-03-04 12:55:33,020 [main] INFO  om.OzoneManager (OzoneManager.java:start(1628)) - OzoneManager RPC server is listening at localhost/127.0.0.1:15094
2024-03-04 12:55:33,020 [main] INFO  ratis.OzoneManagerRatisServer (OzoneManagerRatisServer.java:start(588)) - Starting OzoneManagerRatisServer omNode-2 at port 15097
2024-03-04 12:55:33,020 [omNode-2-impl-thread1] INFO  server.RaftServerConfigKeys (ConfUtils.java:logGet(46)) - raft.server.storage.free-space.min = 0MB (=0) (default)
2024-03-04 12:55:33,021 [omNode-2-impl-thread1] INFO  server.RaftServerConfigKeys (ConfUtils.java:logGet(46)) - raft.server.log.corruption.policy = EXCEPTION (default)
2024-03-04 12:55:33,021 [omNode-2-impl-thread1] INFO  server.RaftServerConfigKeys (ConfUtils.java:logGet(46)) - raft.server.storage.dir = [/home/runner/work/ozone/ozone/hadoop-ozone/integration-test/target/test-dir/MiniOzoneClusterImpl-5dfaf9ee-e84d-4a0a-b307-fdee3dcb636e/omNode-2/ratis] (custom)
2024-03-04 12:55:33,021 [omNode-2-impl-thread1] INFO  storage.RaftStorageDirectory (RaftStorageDirectoryImpl.java:analyzeStorage(138)) - The storage directory /home/runner/work/ozone/ozone/hadoop-ozone/integration-test/target/test-dir/MiniOzoneClusterImpl-5dfaf9ee-e84d-4a0a-b307-fdee3dcb636e/omNode-2/ratis/c9bc4cf4-3bc3-3c60-a66b-523986131536 does not exist. Creating ...
2024-03-04 12:55:33,022 [omNode-2-impl-thread1] INFO  storage.RaftStorageDirectory (RaftStorageDirectoryImpl.java:tryLock(228)) - Lock on /home/runner/work/ozone/ozone/hadoop-ozone/integration-test/target/test-dir/MiniOzoneClusterImpl-5dfaf9ee-e84d-4a0a-b307-fdee3dcb636e/omNode-2/ratis/c9bc4cf4-3bc3-3c60-a66b-523986131536/in_use.lock acquired by nodename 41993@fv-az571-795
2024-03-04 12:55:33,023 [omNode-2-impl-thread1] INFO  storage.RaftStorage (RaftStorageImpl.java:format(99)) - Storage directory /home/runner/work/ozone/ozone/hadoop-ozone/integration-test/target/test-dir/MiniOzoneClusterImpl-5dfaf9ee-e84d-4a0a-b307-fdee3dcb636e/omNode-2/ratis/c9bc4cf4-3bc3-3c60-a66b-523986131536 has been successfully formatted.
2024-03-04 12:55:33,023 [omNode-2-impl-thread1] WARN  util.FileUtils (LogUtils.java:supplyAndLog(63)) - Failed to Files.newInputStream /home/runner/work/ozone/ozone/hadoop-ozone/integration-test/target/test-dir/MiniOzoneClusterImpl-5dfaf9ee-e84d-4a0a-b307-fdee3dcb636e/omNode-2/ratis/c9bc4cf4-3bc3-3c60-a66b-523986131536/current/raft-meta.conf with options []: java.nio.file.NoSuchFileException: /home/runner/work/ozone/ozone/hadoop-ozone/integration-test/target/test-dir/MiniOzoneClusterImpl-5dfaf9ee-e84d-4a0a-b307-fdee3dcb636e/omNode-2/ratis/c9bc4cf4-3bc3-3c60-a66b-523986131536/current/raft-meta.conf
2024-03-04 12:55:33,023 [omNode-2-impl-thread1] INFO  server.RaftServerConfigKeys (ConfUtils.java:logGet(46)) - raft.server.log.use.memory = false (default)
2024-03-04 12:55:33,023 [omNode-2-impl-thread1] INFO  server.RaftServerConfigKeys (ConfUtils.java:logGet(46)) - raft.server.log.purge.gap = 50 (custom)
2024-03-04 12:55:33,023 [omNode-2-impl-thread1] INFO  server.RaftServerConfigKeys (ConfUtils.java:logGet(46)) - raft.server.log.appender.buffer.byte-limit = 4194304 (custom)
2024-03-04 12:55:33,023 [omNode-2-impl-thread1] INFO  server.RaftServerConfigKeys (ConfUtils.java:logGet(46)) - raft.server.log.statemachine.data.read.timeout = 1000ms (default)
2024-03-04 12:55:33,023 [omNode-2-impl-thread1] INFO  server.RaftServerConfigKeys (ConfUtils.java:logGet(46)) - raft.server.log.purge.preservation.log.num = 0 (default)
2024-03-04 12:55:33,024 [omNode-2-impl-thread1] INFO  server.RaftServerConfigKeys (ConfUtils.java:logGet(46)) - raft.server.log.segment.size.max = 4194304 (custom)
2024-03-04 12:55:33,024 [omNode-2-impl-thread1] INFO  server.RaftServerConfigKeys (ConfUtils.java:logGet(46)) - raft.server.log.segment.cache.num.max = 2 (custom)
2024-03-04 12:55:33,024 [omNode-2-impl-thread1] INFO  server.RaftServerConfigKeys (ConfUtils.java:logGet(46)) - raft.server.log.segment.cache.size.max = 200MB (=209715200) (default)
2024-03-04 12:55:33,024 [omNode-2-impl-thread1] INFO  server.RaftServerConfigKeys (ConfUtils.java:logGet(46)) - raft.server.log.appender.buffer.byte-limit = 4194304 (custom)
2024-03-04 12:55:33,024 [omNode-2-impl-thread1] INFO  util.AwaitToRun (AwaitToRun.java:start(81)) - Thread[omNode-2@group-523986131536-cacheEviction-AwaitToRun,5,main] started
2024-03-04 12:55:33,024 [omNode-2-impl-thread1] INFO  segmented.SegmentedRaftLogWorker (SegmentedRaftLogWorker.java:<init>(182)) - new omNode-2@group-523986131536-SegmentedRaftLogWorker for RaftStorageImpl:Storage Directory /home/runner/work/ozone/ozone/hadoop-ozone/integration-test/target/test-dir/MiniOzoneClusterImpl-5dfaf9ee-e84d-4a0a-b307-fdee3dcb636e/omNode-2/ratis/c9bc4cf4-3bc3-3c60-a66b-523986131536
2024-03-04 12:55:33,024 [omNode-2-impl-thread1] INFO  server.RaftServerConfigKeys (ConfUtils.java:logGet(46)) - raft.server.log.queue.byte-limit = 64MB (=67108864) (default)
2024-03-04 12:55:33,024 [omNode-2-impl-thread1] INFO  server.RaftServerConfigKeys (ConfUtils.java:logGet(46)) - raft.server.log.queue.element-limit = 4096 (default)
2024-03-04 12:55:33,024 [omNode-2-impl-thread1] INFO  server.RaftServerConfigKeys (ConfUtils.java:logGet(46)) - raft.server.log.segment.size.max = 4194304 (custom)
2024-03-04 12:55:33,024 [omNode-2-impl-thread1] INFO  server.RaftServerConfigKeys (ConfUtils.java:logGet(46)) - raft.server.log.preallocated.size = 4194304 (custom)
2024-03-04 12:55:33,024 [omNode-2-impl-thread1] INFO  server.RaftServerConfigKeys (ConfUtils.java:logGet(46)) - raft.server.log.force.sync.num = 128 (default)
2024-03-04 12:55:33,024 [omNode-2-impl-thread1] INFO  server.RaftServerConfigKeys (ConfUtils.java:logGet(46)) - raft.server.log.statemachine.data.sync = true (default)
2024-03-04 12:55:33,024 [omNode-2-impl-thread1] INFO  server.RaftServerConfigKeys (ConfUtils.java:logGet(46)) - raft.server.log.statemachine.data.sync.timeout = 10s (default)
2024-03-04 12:55:33,024 [omNode-2-impl-thread1] INFO  server.RaftServerConfigKeys (ConfUtils.java:logGet(46)) - raft.server.log.statemachine.data.sync.timeout.retry = -1 (default)
2024-03-04 12:55:33,025 [omNode-2-impl-thread1] INFO  server.RaftServerConfigKeys (ConfUtils.java:logGet(46)) - raft.server.log.write.buffer.size = 4194312 (custom)
2024-03-04 12:55:33,025 [omNode-2-impl-thread1] INFO  server.RaftServerConfigKeys (ConfUtils.java:logGet(46)) - raft.server.log.appender.buffer.byte-limit = 4194304 (custom)
2024-03-04 12:55:33,025 [omNode-2-impl-thread1] INFO  server.RaftServerConfigKeys (ConfUtils.java:logGet(46)) - raft.server.log.unsafe-flush.enabled = false (default)
2024-03-04 12:55:33,026 [omNode-2-impl-thread1] INFO  server.RaftServerConfigKeys (ConfUtils.java:logGet(46)) - raft.server.log.async-flush.enabled = false (default)
2024-03-04 12:55:33,026 [omNode-2-impl-thread1] INFO  server.RaftServerConfigKeys (ConfUtils.java:logGet(46)) - raft.server.log.statemachine.data.caching.enabled = false (default)
2024-03-04 12:55:33,026 [omNode-2-impl-thread1] INFO  segmented.SegmentedRaftLogWorker (SegmentedRaftLogWorker.java:lambda$new$0(134)) - omNode-2@group-523986131536-SegmentedRaftLogWorker: flushIndex: setUnconditionally 0 -> -1
2024-03-04 12:55:33,026 [omNode-2-impl-thread1] INFO  segmented.SegmentedRaftLogWorker (SegmentedRaftLogWorker.java:lambda$new$0(134)) - omNode-2@group-523986131536-SegmentedRaftLogWorker: safeCacheEvictIndex: setUnconditionally 0 -> -1
2024-03-04 12:55:33,026 [omNode-2-impl-thread1] INFO  server.RaftServer$Division (RaftServerImpl.java:start(396)) - omNode-2@group-523986131536: start as a follower, conf=-1: peers:[omNode-3|localhost:15101, omNode-1|localhost:15093, omNode-2|localhost:15097]|listeners:[], old=null
2024-03-04 12:55:33,026 [omNode-2-impl-thread1] INFO  server.RaftServer$Division (RaftServerImpl.java:setRole(383)) - omNode-2@group-523986131536: changes role from      null to FOLLOWER at term 0 for startAsFollower
2024-03-04 12:55:33,026 [omNode-2-impl-thread1] INFO  impl.RoleInfo (RoleInfo.java:updateAndGet(139)) - omNode-2: start omNode-2@group-523986131536-FollowerState
2024-03-04 12:55:33,026 [omNode-2-impl-thread1] INFO  util.JmxRegister (JmxRegister.java:tryRegister(44)) - Successfully registered JMX Bean with object name Ratis:service=RaftServer,group=group-523986131536,id=omNode-2
2024-03-04 12:55:33,026 [omNode-2@group-523986131536-FollowerState] INFO  server.RaftServerConfigKeys (ConfUtils.java:logFallback(53)) - raft.server.rpc.first-election.timeout.min = 1s (fallback to raft.server.rpc.timeout.min)
2024-03-04 12:55:33,026 [omNode-2@group-523986131536-FollowerState] INFO  server.RaftServerConfigKeys (ConfUtils.java:logFallback(53)) - raft.server.rpc.first-election.timeout.max = 1200ms (fallback to raft.server.rpc.timeout.max)
2024-03-04 12:55:33,026 [omNode-2-impl-thread1] INFO  server.RaftServerConfigKeys (ConfUtils.java:logGet(46)) - raft.server.snapshot.trigger-when-stop.enabled = true (default)
2024-03-04 12:55:33,028 [omNode-2-impl-thread1] INFO  server.RaftServerConfigKeys (ConfUtils.java:logGet(46)) - raft.server.snapshot.auto.trigger.enabled = true (custom)
2024-03-04 12:55:33,028 [omNode-2-impl-thread1] INFO  server.RaftServerConfigKeys (ConfUtils.java:logGet(46)) - raft.server.snapshot.auto.trigger.threshold = 50 (custom)
2024-03-04 12:55:33,028 [omNode-2-impl-thread1] INFO  server.RaftServerConfigKeys (ConfUtils.java:logGet(46)) - raft.server.snapshot.retention.file.num = -1 (default)
2024-03-04 12:55:33,028 [omNode-2-impl-thread1] INFO  server.RaftServerConfigKeys (ConfUtils.java:logGet(46)) - raft.server.log.purge.upto.snapshot.index = true (custom)
2024-03-04 12:55:33,028 [main] INFO  server.RaftServer (RaftServerProxy.java:startImpl(406)) - omNode-2: start RPC server
2024-03-04 12:55:33,029 [main] INFO  server.GrpcService (GrpcService.java:startImpl(302)) - omNode-2: GrpcService started, listening on 15097
2024-03-04 12:55:33,029 [JvmPauseMonitor31] INFO  util.JvmPauseMonitor (JvmPauseMonitor.java:run(146)) - JvmPauseMonitor-omNode-2: Started
2024-03-04 12:55:33,030 [main] INFO  om.OzoneManager (OzoneManager.java:start(1644)) - Version File has different layout version (6) than OM DB (null). That is expected if this OM has never been finalized to a newer layout version.
2024-03-04 12:55:33,032 [main] INFO  http.BaseHttpServer (BaseHttpServer.java:newHttpServer2BuilderForOzone(223)) - Starting Web-server for ozoneManager at: http://0.0.0.0:15095
2024-03-04 12:55:33,032 [main] INFO  http.BaseHttpServer (BaseHttpServer.java:<init>(110)) - Hadoop Security Enabled: false Ozone Security Enabled: false Ozone HTTP Security Enabled: false 
2024-03-04 12:55:33,033 [main] WARN  server.AuthenticationFilter (AuthenticationFilter.java:constructSecretProvider(240)) - Unable to initialize FileSignerSecretProvider, falling back to use random secrets. Reason: Could not read signature secret file: /home/runner/hadoop-http-auth-signature-secret
2024-03-04 12:55:33,033 [main] INFO  http.HttpRequestLog (HttpRequestLog.java:getRequestLog(86)) - Http request log for http.requests.ozoneManager is not defined
2024-03-04 12:55:33,034 [main] INFO  http.HttpServer2 (HttpServer2.java:addGlobalFilter(1036)) - Added global filter 'safety' (class=org.apache.hadoop.hdds.server.http.HttpServer2$QuotingInputFilter)
2024-03-04 12:55:33,034 [main] INFO  http.HttpServer2 (HttpServer2.java:addFilter(1012)) - Added filter static_user_filter (class=org.apache.hadoop.http.lib.StaticUserWebFilter$StaticUserFilter) to context ozoneManager
2024-03-04 12:55:33,034 [main] INFO  http.HttpServer2 (HttpServer2.java:addFilter(1020)) - Added filter static_user_filter (class=org.apache.hadoop.http.lib.StaticUserWebFilter$StaticUserFilter) to context static
2024-03-04 12:55:33,034 [main] INFO  http.HttpServer2 (HttpServer2.java:addFilter(1020)) - Added filter static_user_filter (class=org.apache.hadoop.http.lib.StaticUserWebFilter$StaticUserFilter) to context logs
2024-03-04 12:55:33,035 [main] INFO  http.BaseHttpServer (BaseHttpServer.java:<init>(189)) - HTTP server of ozoneManager uses base directory /home/runner/work/ozone/ozone/hadoop-ozone/integration-test/target/test-dir/MiniOzoneClusterImpl-5dfaf9ee-e84d-4a0a-b307-fdee3dcb636e/omNode-2/webserver
2024-03-04 12:55:33,035 [main] INFO  http.HttpServer2 (HttpServer2.java:bindListener(1236)) - Jetty bound to port 15095
2024-03-04 12:55:33,035 [main] INFO  server.Server (Server.java:doStart(375)) - jetty-9.4.53.v20231009; built: 2023-10-09T12:29:09.265Z; git: 27bde00a0b95a1d5bbee0eae7984f891d2d0f8c9; jvm 1.8.0_402-b06
2024-03-04 12:55:33,036 [main] INFO  server.session (DefaultSessionIdManager.java:doStart(334)) - DefaultSessionIdManager workerName=node0
2024-03-04 12:55:33,036 [main] INFO  server.session (DefaultSessionIdManager.java:doStart(339)) - No SessionScavenger set, using defaults
2024-03-04 12:55:33,037 [main] INFO  server.session (HouseKeeper.java:startScavenging(132)) - node0 Scavenging every 600000ms
2024-03-04 12:55:33,037 [main] INFO  handler.ContextHandler (ContextHandler.java:doStart(921)) - Started o.e.j.s.ServletContextHandler@4af3ef1e{logs,/logs,file:///home/runner/work/ozone/ozone/hadoop-ozone/integration-test/target/log,AVAILABLE}
2024-03-04 12:55:33,037 [main] INFO  handler.ContextHandler (ContextHandler.java:doStart(921)) - Started o.e.j.s.ServletContextHandler@10e58da9{static,/static,file:///home/runner/work/ozone/ozone/hadoop-ozone/integration-test/target/test-classes/webapps/static,AVAILABLE}
2024-03-04 12:55:33,040 [main] INFO  handler.ContextHandler (ContextHandler.java:doStart(921)) - Started o.e.j.w.WebAppContext@6d2f58d0{ozoneManager,/,file:///home/runner/work/ozone/ozone/hadoop-ozone/integration-test/target/test-classes/webapps/ozoneManager/,AVAILABLE}{file:/home/runner/work/ozone/ozone/hadoop-ozone/integration-test/target/test-classes/webapps/ozoneManager}
2024-03-04 12:55:33,042 [main] INFO  server.AbstractConnector (AbstractConnector.java:doStart(333)) - Started ServerConnector@1456519e{HTTP/1.1, (http/1.1)}{0.0.0.0:15095}
2024-03-04 12:55:33,042 [main] INFO  server.Server (Server.java:doStart(415)) - Started @228626ms
2024-03-04 12:55:33,042 [main] WARN  impl.MetricsSystemImpl (MetricsSystemImpl.java:register(279)) - Sink prometheus already exists!
2024-03-04 12:55:33,043 [main] INFO  http.BaseHttpServer (BaseHttpServer.java:updateConnectorAddress(354)) - HTTP server of ozoneManager listening at http://0.0.0.0:15095
2024-03-04 12:55:33,043 [IPC Server Responder] INFO  ipc.Server (Server.java:run(1562)) - IPC Server Responder: starting
2024-03-04 12:55:33,043 [IPC Server listener on 15094] INFO  ipc.Server (Server.java:run(1402)) - IPC Server listener on 15094: starting
2024-03-04 12:55:33,047 [main] INFO  om.OzoneManager (OzoneManager.java:startTrashEmptier(2093)) - Trash Interval set to 0. Files deleted won't move to trash
2024-03-04 12:55:33,047 [main] INFO  ozone.MiniOzoneHAClusterImpl (MiniOzoneHAClusterImpl.java:createOMService(516)) - Started OzoneManager omNode-2 RPC server at localhost/127.0.0.1:15094
2024-03-04 12:55:33,048 [main] INFO  ha.OMHANodeDetails (OMHANodeDetails.java:loadOMHAConfig(121)) - ServiceID for OzoneManager is om-service-test1
2024-03-04 12:55:33,048 [main] INFO  ha.OMHANodeDetails (OMHANodeDetails.java:loadOMHAConfig(201)) - Found matching OM address with OMServiceId: om-service-test1, OMNodeId: omNode-3, RPC Address: localhost:15098 and Ratis port: 15101
2024-03-04 12:55:33,048 [main] INFO  ha.OMHANodeDetails (ConfUtils.java:setNodeSpecificConfigs(97)) - Setting configuration key ozone.om.http-address with value of key ozone.om.http-address.om-service-test1.omNode-3: 127.0.0.1:15099
2024-03-04 12:55:33,048 [main] INFO  ha.OMHANodeDetails (ConfUtils.java:setNodeSpecificConfigs(97)) - Setting configuration key ozone.om.https-address with value of key ozone.om.https-address.om-service-test1.omNode-3: 127.0.0.1:15100
2024-03-04 12:55:33,048 [main] INFO  ha.OMHANodeDetails (ConfUtils.java:setNodeSpecificConfigs(97)) - Setting configuration key ozone.om.address with value of key ozone.om.address.om-service-test1.omNode-3: 127.0.0.1:15098
2024-03-04 12:55:33,049 [main] WARN  server.ServerUtils (ServerUtils.java:getDBPath(299)) - ozone.om.db.dirs is not configured. We recommend adding this setting. Falling back to ozone.metadata.dirs instead.
2024-03-04 12:55:33,049 [main] INFO  proxy.SCMBlockLocationFailoverProxyProvider (SCMBlockLocationFailoverProxyProvider.java:<init>(115)) - Created block location fail-over proxy with 1 nodes: [nodeId=scmNodeId,nodeAddress=/0.0.0.0:15087]
OM initialization succeeded.Current cluster id for sd=/home/runner/work/ozone/ozone/hadoop-ozone/integration-test/target/test-dir/MiniOzoneClusterImpl-5dfaf9ee-e84d-4a0a-b307-fdee3dcb636e/omNode-3/om;cid=5dfaf9ee-e84d-4a0a-b307-fdee3dcb636e;layoutVersion=6
2024-03-04 12:55:33,056 [main] INFO  ha.OMHANodeDetails (OMHANodeDetails.java:loadOMHAConfig(121)) - ServiceID for OzoneManager is om-service-test1
2024-03-04 12:55:33,056 [main] INFO  ha.OMHANodeDetails (OMHANodeDetails.java:loadOMHAConfig(201)) - Found matching OM address with OMServiceId: om-service-test1, OMNodeId: omNode-3, RPC Address: localhost:15098 and Ratis port: 15101
2024-03-04 12:55:33,056 [main] INFO  ha.OMHANodeDetails (ConfUtils.java:setNodeSpecificConfigs(97)) - Setting configuration key ozone.om.http-address with value of key ozone.om.http-address.om-service-test1.omNode-3: 127.0.0.1:15099
2024-03-04 12:55:33,056 [main] INFO  ha.OMHANodeDetails (ConfUtils.java:setNodeSpecificConfigs(97)) - Setting configuration key ozone.om.https-address with value of key ozone.om.https-address.om-service-test1.omNode-3: 127.0.0.1:15100
2024-03-04 12:55:33,057 [main] INFO  ha.OMHANodeDetails (ConfUtils.java:setNodeSpecificConfigs(97)) - Setting configuration key ozone.om.address with value of key ozone.om.address.om-service-test1.omNode-3: 127.0.0.1:15098
2024-03-04 12:55:33,057 [main] WARN  server.ServerUtils (ServerUtils.java:getDBPath(299)) - ozone.om.db.dirs is not configured. We recommend adding this setting. Falling back to ozone.metadata.dirs instead.
2024-03-04 12:55:33,057 [main] INFO  upgrade.AbstractLayoutVersionManager (AbstractLayoutVersionManager.java:init(83)) - Initializing Layout version manager with metadata layout = QUOTA (version = 6), software layout = QUOTA (version = 6)
2024-03-04 12:55:33,090 [main] INFO  upgrade.OMLayoutVersionManager (OMLayoutVersionManager.java:lambda$0(113)) - Skipping Upgrade Action QuotaRepairUpgradeAction since it has been finalized.
2024-03-04 12:55:33,090 [main] INFO  upgrade.OMLayoutVersionManager (OMLayoutVersionManager.java:lambda$0(113)) - Skipping Upgrade Action MockOmUpgradeAction since it has been finalized.
2024-03-04 12:55:33,090 [main] WARN  server.ServerUtils (ServerUtils.java:getDBPath(299)) - ozone.om.db.dirs is not configured. We recommend adding this setting. Falling back to ozone.metadata.dirs instead.
2024-03-04 12:55:33,091 [main] INFO  proxy.SCMBlockLocationFailoverProxyProvider (SCMBlockLocationFailoverProxyProvider.java:<init>(115)) - Created block location fail-over proxy with 1 nodes: [nodeId=scmNodeId,nodeAddress=/0.0.0.0:15087]
2024-03-04 12:55:33,092 [main] INFO  proxy.SCMBlockLocationFailoverProxyProvider (SCMBlockLocationFailoverProxyProvider.java:<init>(115)) - Created block location fail-over proxy with 1 nodes: [nodeId=scmNodeId,nodeAddress=/0.0.0.0:15087]
2024-03-04 12:55:33,096 [main] INFO  om.OzoneManager (OzoneManager.java:<init>(672)) - OM start with adminUsers: [*, runner]
2024-03-04 12:55:33,096 [main] WARN  server.ServerUtils (ServerUtils.java:getDBPath(299)) - ozone.om.db.dirs is not configured. We recommend adding this setting. Falling back to ozone.metadata.dirs instead.
2024-03-04 12:55:33,097 [main] INFO  helpers.OmKeyInfo (OmKeyInfo.java:getCodec(71)) - OmKeyInfo.getCodec ignorePipeline = true
2024-03-04 12:55:33,221 [main] INFO  om.OzoneManager (OzoneManager.java:instantiateServices(804)) - S3 Multi-Tenancy is disabled
2024-03-04 12:55:33,221 [main] INFO  om.OmSnapshotManager (OmSnapshotManager.java:<init>(177)) - Ozone filesystem snapshot feature is enabled.
2024-03-04 12:55:33,221 [main] WARN  server.ServerUtils (ServerUtils.java:getDBPath(299)) - ozone.om.snapshot.diff.db.dir is not configured. We recommend adding this setting. Falling back to ozone.metadata.dirs instead.
2024-03-04 12:55:33,234 [main] INFO  utils.NativeLibraryLoader (NativeLibraryLoader.java:loadLibrary(108)) - Loading Library: ozone_rocksdb_tools
2024-03-04 12:55:33,235 [main] ERROR snapshot.SnapshotDiffManager (SnapshotDiffManager.java:initNativeLibraryForEfficientDiff(287)) - Native Library for raw sst file reading loading failed.
org.apache.hadoop.hdds.utils.NativeLibraryNotLoadedException: Unable to load library ozone_rocksdb_tools from both java.library.path & resource file libozone_rocksdb_tools.so from jar.
	at org.apache.hadoop.hdds.utils.db.managed.ManagedRawSSTFileReader.loadLibrary(ManagedRawSSTFileReader.java:38)
	at org.apache.hadoop.ozone.om.snapshot.SnapshotDiffManager.initNativeLibraryForEfficientDiff(SnapshotDiffManager.java:285)
	at org.apache.hadoop.ozone.om.snapshot.SnapshotDiffManager.<init>(SnapshotDiffManager.java:259)
	at org.apache.hadoop.ozone.om.OmSnapshotManager.<init>(OmSnapshotManager.java:279)
	at org.apache.hadoop.ozone.om.OzoneManager.instantiateServices(OzoneManager.java:856)
	at org.apache.hadoop.ozone.om.OzoneManager.<init>(OzoneManager.java:682)
	at org.apache.hadoop.ozone.om.OzoneManager.createOm(OzoneManager.java:767)
	at org.apache.hadoop.ozone.MiniOzoneHAClusterImpl$Builder.createOMService(MiniOzoneHAClusterImpl.java:509)
	at org.apache.hadoop.ozone.MiniOzoneHAClusterImpl$Builder.build(MiniOzoneHAClusterImpl.java:425)
	at org.apache.hadoop.ozone.om.TestOzoneManagerHA.init(TestOzoneManagerHA.java:179)
	at sun.reflect.NativeMethodAccessorImpl.invoke0(Native Method)
	at sun.reflect.NativeMethodAccessorImpl.invoke(NativeMethodAccessorImpl.java:62)
	at sun.reflect.DelegatingMethodAccessorImpl.invoke(DelegatingMethodAccessorImpl.java:43)
	at java.lang.reflect.Method.invoke(Method.java:498)
	at org.junit.platform.commons.util.ReflectionUtils.invokeMethod(ReflectionUtils.java:728)
	at org.junit.jupiter.engine.execution.MethodInvocation.proceed(MethodInvocation.java:60)
	at org.junit.jupiter.engine.execution.InvocationInterceptorChain$ValidatingInvocation.proceed(InvocationInterceptorChain.java:131)
	at org.junit.jupiter.engine.extension.TimeoutExtension.intercept(TimeoutExtension.java:156)
	at org.junit.jupiter.engine.extension.TimeoutExtension.interceptLifecycleMethod(TimeoutExtension.java:128)
	at org.junit.jupiter.engine.extension.TimeoutExtension.interceptBeforeAllMethod(TimeoutExtension.java:70)
	at org.junit.jupiter.engine.execution.InterceptingExecutableInvoker$ReflectiveInterceptorCall.lambda$ofVoidMethod$0(InterceptingExecutableInvoker.java:103)
	at org.junit.jupiter.engine.execution.InterceptingExecutableInvoker.lambda$invoke$0(InterceptingExecutableInvoker.java:93)
	at org.junit.jupiter.engine.execution.InvocationInterceptorChain$InterceptedInvocation.proceed(InvocationInterceptorChain.java:106)
	at org.junit.jupiter.engine.execution.InvocationInterceptorChain.proceed(InvocationInterceptorChain.java:64)
	at org.junit.jupiter.engine.execution.InvocationInterceptorChain.chainAndInvoke(InvocationInterceptorChain.java:45)
	at org.junit.jupiter.engine.execution.InvocationInterceptorChain.invoke(InvocationInterceptorChain.java:37)
	at org.junit.jupiter.engine.execution.InterceptingExecutableInvoker.invoke(InterceptingExecutableInvoker.java:92)
	at org.junit.jupiter.engine.execution.InterceptingExecutableInvoker.invoke(InterceptingExecutableInvoker.java:86)
	at org.junit.jupiter.engine.descriptor.ClassBasedTestDescriptor.lambda$invokeBeforeAllMethods$13(ClassBasedTestDescriptor.java:412)
	at org.junit.platform.engine.support.hierarchical.ThrowableCollector.execute(ThrowableCollector.java:73)
	at org.junit.jupiter.engine.descriptor.ClassBasedTestDescriptor.invokeBeforeAllMethods(ClassBasedTestDescriptor.java:410)
	at org.junit.jupiter.engine.descriptor.ClassBasedTestDescriptor.before(ClassBasedTestDescriptor.java:216)
	at org.junit.jupiter.engine.descriptor.ClassBasedTestDescriptor.before(ClassBasedTestDescriptor.java:85)
	at org.junit.platform.engine.support.hierarchical.NodeTestTask.lambda$executeRecursively$6(NodeTestTask.java:148)
	at org.junit.platform.engine.support.hierarchical.ThrowableCollector.execute(ThrowableCollector.java:73)
	at org.junit.platform.engine.support.hierarchical.NodeTestTask.lambda$executeRecursively$8(NodeTestTask.java:141)
	at org.junit.platform.engine.support.hierarchical.Node.around(Node.java:137)
	at org.junit.platform.engine.support.hierarchical.NodeTestTask.lambda$executeRecursively$9(NodeTestTask.java:139)
	at org.junit.platform.engine.support.hierarchical.ThrowableCollector.execute(ThrowableCollector.java:73)
	at org.junit.platform.engine.support.hierarchical.NodeTestTask.executeRecursively(NodeTestTask.java:138)
	at org.junit.platform.engine.support.hierarchical.NodeTestTask.execute(NodeTestTask.java:95)
	at java.util.ArrayList.forEach(ArrayList.java:1259)
	at org.junit.platform.engine.support.hierarchical.SameThreadHierarchicalTestExecutorService.invokeAll(SameThreadHierarchicalTestExecutorService.java:41)
	at org.junit.platform.engine.support.hierarchical.NodeTestTask.lambda$executeRecursively$6(NodeTestTask.java:155)
	at org.junit.platform.engine.support.hierarchical.ThrowableCollector.execute(ThrowableCollector.java:73)
	at org.junit.platform.engine.support.hierarchical.NodeTestTask.lambda$executeRecursively$8(NodeTestTask.java:141)
	at org.junit.platform.engine.support.hierarchical.Node.around(Node.java:137)
	at org.junit.platform.engine.support.hierarchical.NodeTestTask.lambda$executeRecursively$9(NodeTestTask.java:139)
	at org.junit.platform.engine.support.hierarchical.ThrowableCollector.execute(ThrowableCollector.java:73)
	at org.junit.platform.engine.support.hierarchical.NodeTestTask.executeRecursively(NodeTestTask.java:138)
	at org.junit.platform.engine.support.hierarchical.NodeTestTask.execute(NodeTestTask.java:95)
	at org.junit.platform.engine.support.hierarchical.SameThreadHierarchicalTestExecutorService.submit(SameThreadHierarchicalTestExecutorService.java:35)
	at org.junit.platform.engine.support.hierarchical.HierarchicalTestExecutor.execute(HierarchicalTestExecutor.java:57)
	at org.junit.platform.engine.support.hierarchical.HierarchicalTestEngine.execute(HierarchicalTestEngine.java:54)
	at org.junit.platform.launcher.core.EngineExecutionOrchestrator.execute(EngineExecutionOrchestrator.java:198)
	at org.junit.platform.launcher.core.EngineExecutionOrchestrator.execute(EngineExecutionOrchestrator.java:169)
	at org.junit.platform.launcher.core.EngineExecutionOrchestrator.execute(EngineExecutionOrchestrator.java:93)
	at org.junit.platform.launcher.core.EngineExecutionOrchestrator.lambda$execute$0(EngineExecutionOrchestrator.java:58)
	at org.junit.platform.launcher.core.EngineExecutionOrchestrator.withInterceptedStreams(EngineExecutionOrchestrator.java:141)
	at org.junit.platform.launcher.core.EngineExecutionOrchestrator.execute(EngineExecutionOrchestrator.java:57)
	at org.junit.platform.launcher.core.DefaultLauncher.execute(DefaultLauncher.java:103)
	at org.junit.platform.launcher.core.DefaultLauncher.execute(DefaultLauncher.java:85)
	at org.junit.platform.launcher.core.DelegatingLauncher.execute(DelegatingLauncher.java:47)
	at org.junit.platform.launcher.core.SessionPerRequestLauncher.execute(SessionPerRequestLauncher.java:63)
	at org.apache.maven.surefire.junitplatform.JUnitPlatformProvider.invokeAllTests(JUnitPlatformProvider.java:165)
	at org.apache.maven.surefire.junitplatform.JUnitPlatformProvider.invoke(JUnitPlatformProvider.java:124)
	at org.apache.maven.surefire.booter.ForkedBooter.runSuitesInProcess(ForkedBooter.java:428)
	at org.apache.maven.surefire.booter.ForkedBooter.execute(ForkedBooter.java:162)
	at org.apache.maven.surefire.booter.ForkedBooter.run(ForkedBooter.java:562)
	at org.apache.maven.surefire.booter.ForkedBooter.main(ForkedBooter.java:548)
2024-03-04 12:55:33,237 [main] INFO  om.OzoneManager (OzoneManager.java:addS3GVolumeToDB(4426)) - Created Volume s3v With Owner runner required for S3Gateway operations.
2024-03-04 12:55:33,237 [main] WARN  server.ServerUtils (ServerUtils.java:getDefaultRatisDirectory(311)) - Storage directory for Ratis is not configured. It is a good idea to map this to an SSD disk. Falling back to ozone.metadata.dirs
2024-03-04 12:55:33,237 [main] WARN  utils.OzoneManagerRatisUtils (OzoneManagerRatisUtils.java:getOMRatisSnapshotDirectory(476)) - ozone.om.ratis.snapshot.dir is not configured. Falling back to ozone.metadata.dirs config
2024-03-04 12:55:33,238 [main] INFO  utils.RDBSnapshotProvider (RDBSnapshotProvider.java:init(87)) - Cleaning up the candidate dir: /home/runner/work/ozone/ozone/hadoop-ozone/integration-test/target/test-dir/MiniOzoneClusterImpl-5dfaf9ee-e84d-4a0a-b307-fdee3dcb636e/omNode-3/snapshot/om.db.candidate
2024-03-04 12:55:33,238 [main] INFO  ratis_snapshot.OmRatisSnapshotProvider (OmRatisSnapshotProvider.java:<init>(99)) - Initializing OM Snapshot Provider
2024-03-04 12:55:33,239 [main] WARN  dropwizard3.Dm3MetricRegistriesImpl (Dm3MetricRegistriesImpl.java:addReporterRegistration(113)) - New reporters are added after registries were created. Some metrics will be missing from the reporter. Please add reporter before adding any new registry.
2024-03-04 12:55:33,239 [main] WARN  dropwizard3.Dm3MetricRegistriesImpl (Dm3MetricRegistriesImpl.java:addReporterRegistration(113)) - New reporters are added after registries were created. Some metrics will be missing from the reporter. Please add reporter before adding any new registry.
2024-03-04 12:55:33,239 [main] WARN  server.ServerUtils (ServerUtils.java:getDefaultRatisDirectory(311)) - Storage directory for Ratis is not configured. It is a good idea to map this to an SSD disk. Falling back to ozone.metadata.dirs
2024-03-04 12:55:33,240 [main] INFO  ratis.OzoneManagerRatisServer (OzoneManagerRatisServer.java:<init>(167)) - Instantiating OM Ratis server with groupID: om-service-test1 and peers: localhost:15101, localhost:15093, localhost:15097
2024-03-04 12:55:33,240 [main] INFO  ratis.OzoneManagerStateMachine (OzoneManagerStateMachine.java:loadSnapshotInfoFromDB(575)) - TransactionInfo not found in OM DB.
2024-03-04 12:55:33,240 [main] INFO  server.RaftServer (ConfUtils.java:logGet(46)) - raft.rpc.type = GRPC (default)
2024-03-04 12:55:33,241 [main] INFO  grpc.GrpcConfigKeys (ConfUtils.java:logFallback(53)) - raft.grpc.admin.host = null (fallback to raft.grpc.server.host)
2024-03-04 12:55:33,241 [main] INFO  grpc.GrpcConfigKeys (ConfUtils.java:logFallback(53)) - raft.grpc.admin.port = 15101 (fallback to raft.grpc.server.port)
2024-03-04 12:55:33,241 [main] INFO  grpc.GrpcConfigKeys (ConfUtils.java:logFallback(53)) - raft.grpc.client.host = null (fallback to raft.grpc.server.host)
2024-03-04 12:55:33,241 [main] INFO  grpc.GrpcConfigKeys (ConfUtils.java:logFallback(53)) - raft.grpc.client.port = 15101 (fallback to raft.grpc.server.port)
2024-03-04 12:55:33,241 [main] INFO  grpc.GrpcConfigKeys (ConfUtils.java:logGet(46)) - raft.grpc.server.host = null (default)
2024-03-04 12:55:33,241 [main] INFO  grpc.GrpcConfigKeys (ConfUtils.java:logGet(46)) - raft.grpc.server.port = 15101 (custom)
2024-03-04 12:55:33,242 [main] INFO  server.GrpcService (ConfUtils.java:logGet(46)) - raft.grpc.message.size.max = 4194304 (custom)
2024-03-04 12:55:33,242 [main] INFO  server.RaftServerConfigKeys (ConfUtils.java:logGet(46)) - raft.server.log.appender.buffer.byte-limit = 4194304 (custom)
2024-03-04 12:55:33,242 [main] INFO  server.GrpcService (ConfUtils.java:logGet(46)) - raft.grpc.flow.control.window = 1MB (=1048576) (default)
2024-03-04 12:55:33,242 [main] INFO  server.RaftServerConfigKeys (ConfUtils.java:logGet(46)) - raft.server.rpc.request.timeout = 3000ms (default)
2024-03-04 12:55:33,242 [main] INFO  grpc.GrpcConfigKeys (ConfUtils.java:logGet(46)) - raft.grpc.server.heartbeat.channel = true (default)
2024-03-04 12:55:33,242 [main] INFO  grpc.GrpcConfigKeys (ConfUtils.java:logGet(46)) - raft.grpc.server.async.request.thread.pool.cached = true (default)
2024-03-04 12:55:33,243 [main] INFO  grpc.GrpcConfigKeys (ConfUtils.java:logGet(46)) - raft.grpc.server.async.request.thread.pool.size = 32 (default)
2024-03-04 12:55:33,244 [main] INFO  impl.DataStreamServerImpl (ConfUtils.java:logGet(46)) - raft.datastream.type = DISABLED (default)
2024-03-04 12:55:33,244 [main] INFO  server.RaftServerConfigKeys (ConfUtils.java:logGet(46)) - raft.server.sleep.deviation.threshold = 300ms (default)
2024-03-04 12:55:33,244 [main] INFO  server.RaftServerConfigKeys (ConfUtils.java:logGet(46)) - raft.server.close.threshold = 60s (default)
2024-03-04 12:55:33,244 [main] INFO  server.RaftServerConfigKeys (ConfUtils.java:logGet(46)) - raft.server.leaderelection.leader.step-down.wait-time = 10s (default)
2024-03-04 12:55:33,244 [main] INFO  server.RaftServerConfigKeys (ConfUtils.java:logGet(46)) - raft.server.storage.dir = [/home/runner/work/ozone/ozone/hadoop-ozone/integration-test/target/test-dir/MiniOzoneClusterImpl-5dfaf9ee-e84d-4a0a-b307-fdee3dcb636e/omNode-3/ratis] (custom)
2024-03-04 12:55:33,244 [main] INFO  server.RaftServerConfigKeys (ConfUtils.java:logGet(46)) - raft.server.threadpool.proxy.cached = true (default)
2024-03-04 12:55:33,244 [main] INFO  server.RaftServerConfigKeys (ConfUtils.java:logGet(46)) - raft.server.threadpool.proxy.size = 0 (default)
2024-03-04 12:55:33,245 [main] INFO  server.RaftServer (RaftServerProxy.java:addNew(100)) - omNode-3: addNew group-523986131536:[omNode-3|localhost:15101, omNode-1|localhost:15093, omNode-2|localhost:15097] returns group-523986131536:java.util.concurrent.CompletableFuture@42f494b0[Not completed]
2024-03-04 12:55:33,245 [omNode-3-groupManagement] INFO  server.RaftServer$Division (RaftServerImpl.java:<init>(256)) - omNode-3: new RaftServerImpl for group-523986131536:[omNode-3|localhost:15101, omNode-1|localhost:15093, omNode-2|localhost:15097] with OzoneManagerStateMachine:uninitialized
2024-03-04 12:55:33,245 [main] INFO  om.OzoneManager (OzoneManager.java:initializeRatisServer(2140)) - OzoneManager Ratis server initialized at port 15101
2024-03-04 12:55:33,245 [omNode-3-groupManagement] INFO  server.RaftServerConfigKeys (ConfUtils.java:logGet(46)) - raft.server.rpc.timeout.min = 1s (custom)
2024-03-04 12:55:33,245 [omNode-3-groupManagement] INFO  server.RaftServerConfigKeys (ConfUtils.java:logGet(46)) - raft.server.rpc.timeout.max = 1200ms (custom)
2024-03-04 12:55:33,245 [omNode-3-groupManagement] INFO  server.RaftServerConfigKeys (ConfUtils.java:logGet(46)) - raft.server.rpc.sleep.time = 25ms (default)
2024-03-04 12:55:33,245 [omNode-3-groupManagement] INFO  server.RaftServerConfigKeys (ConfUtils.java:logGet(46)) - raft.server.rpc.slowness.timeout = 2s (custom)
2024-03-04 12:55:33,245 [omNode-3-groupManagement] INFO  server.RaftServerConfigKeys (ConfUtils.java:logGet(46)) - raft.server.leaderelection.leader.step-down.wait-time = 10s (default)
2024-03-04 12:55:33,245 [omNode-3-groupManagement] INFO  server.RaftServerConfigKeys (ConfUtils.java:logGet(46)) - raft.server.leaderelection.member.majority-add = false (default)
2024-03-04 12:55:33,245 [omNode-3-groupManagement] INFO  server.RaftServerConfigKeys (ConfUtils.java:logGet(46)) - raft.server.sleep.deviation.threshold = 300ms (default)
2024-03-04 12:55:33,245 [omNode-3-groupManagement] INFO  server.RaftServer$Division (ServerState.java:<init>(113)) - omNode-3@group-523986131536: ConfigurationManager, init=-1: peers:[omNode-3|localhost:15101, omNode-1|localhost:15093, omNode-2|localhost:15097]|listeners:[], old=null, confs=<EMPTY_MAP>
2024-03-04 12:55:33,246 [omNode-3-groupManagement] INFO  server.RaftServerConfigKeys (ConfUtils.java:logGet(46)) - raft.server.notification.no-leader.timeout = 2s (custom)
2024-03-04 12:55:33,245 [main] INFO  om.OzoneManager (OzoneManager.java:getRpcServer(1206)) - Creating RPC Server
2024-03-04 12:55:33,246 [omNode-3-groupManagement] INFO  server.RaftServerConfigKeys (ConfUtils.java:logGet(46)) - raft.server.read.timeout = 10s (default)
2024-03-04 12:55:33,246 [omNode-3-groupManagement] INFO  server.RaftServerConfigKeys (ConfUtils.java:logGet(46)) - raft.server.retrycache.expirytime = 30000ms (custom)
2024-03-04 12:55:33,247 [omNode-3-groupManagement] INFO  server.RaftServerConfigKeys (ConfUtils.java:logGet(46)) - raft.server.retrycache.statistics.expirytime = 100ms (default)
2024-03-04 12:55:33,247 [omNode-3-groupManagement] INFO  server.RaftServerConfigKeys (ConfUtils.java:logGet(46)) - raft.server.read.option = DEFAULT (default)
2024-03-04 12:55:33,247 [omNode-3-groupManagement] INFO  server.RaftServerConfigKeys (ConfUtils.java:logGet(46)) - raft.server.read.read-after-write-consistent.write-index-cache.expiry-time = 60s (default)
2024-03-04 12:55:33,247 [omNode-3-groupManagement] INFO  server.RaftServerConfigKeys (ConfUtils.java:logGet(46)) - raft.server.rpc.request.timeout = 3000ms (default)
2024-03-04 12:55:33,247 [omNode-3-groupManagement] INFO  server.RaftServerConfigKeys (ConfUtils.java:logGet(46)) - raft.server.log.appender.install.snapshot.enabled = false (custom)
2024-03-04 12:55:33,248 [omNode-3-groupManagement] INFO  server.RaftServerConfigKeys (ConfUtils.java:logGet(46)) - raft.server.threadpool.server.cached = true (default)
2024-03-04 12:55:33,248 [omNode-3-groupManagement] INFO  server.RaftServerConfigKeys (ConfUtils.java:logGet(46)) - raft.server.threadpool.server.size = 0 (default)
2024-03-04 12:55:33,248 [omNode-3-groupManagement] INFO  server.RaftServerConfigKeys (ConfUtils.java:logGet(46)) - raft.server.threadpool.client.cached = true (default)
2024-03-04 12:55:33,248 [omNode-3-groupManagement] INFO  server.RaftServerConfigKeys (ConfUtils.java:logGet(46)) - raft.server.threadpool.client.size = 0 (default)
2024-03-04 12:55:33,450 [main] INFO  ipc.CallQueueManager (CallQueueManager.java:<init>(90)) - Using callQueue: class java.util.concurrent.LinkedBlockingQueue, queueCapacity: 2000, scheduler: class org.apache.hadoop.ipc.DefaultRpcScheduler, ipcBackoff: false.
2024-03-04 12:55:33,450 [main] INFO  ipc.Server (Server.java:<init>(1287)) - Listener at 127.0.0.1:15098
2024-03-04 12:55:33,451 [Socket Reader #1 for port 15098] INFO  ipc.Server (Server.java:run(1323)) - Starting Socket Reader #1 for port 15098
2024-03-04 12:55:33,464 [main] INFO  impl.MetricsSystemImpl (MetricsSystemImpl.java:init(158)) - OzoneManager metrics system started (again)
2024-03-04 12:55:33,472 [main] INFO  om.OzoneManager (OzoneManager.java:start(1628)) - OzoneManager RPC server is listening at localhost/127.0.0.1:15098
2024-03-04 12:55:33,472 [main] INFO  ratis.OzoneManagerRatisServer (OzoneManagerRatisServer.java:start(588)) - Starting OzoneManagerRatisServer omNode-3 at port 15101
2024-03-04 12:55:33,472 [omNode-3-impl-thread1] INFO  server.RaftServerConfigKeys (ConfUtils.java:logGet(46)) - raft.server.storage.free-space.min = 0MB (=0) (default)
2024-03-04 12:55:33,472 [omNode-3-impl-thread1] INFO  server.RaftServerConfigKeys (ConfUtils.java:logGet(46)) - raft.server.log.corruption.policy = EXCEPTION (default)
2024-03-04 12:55:33,472 [omNode-3-impl-thread1] INFO  server.RaftServerConfigKeys (ConfUtils.java:logGet(46)) - raft.server.storage.dir = [/home/runner/work/ozone/ozone/hadoop-ozone/integration-test/target/test-dir/MiniOzoneClusterImpl-5dfaf9ee-e84d-4a0a-b307-fdee3dcb636e/omNode-3/ratis] (custom)
2024-03-04 12:55:33,473 [omNode-3-impl-thread1] INFO  storage.RaftStorageDirectory (RaftStorageDirectoryImpl.java:analyzeStorage(138)) - The storage directory /home/runner/work/ozone/ozone/hadoop-ozone/integration-test/target/test-dir/MiniOzoneClusterImpl-5dfaf9ee-e84d-4a0a-b307-fdee3dcb636e/omNode-3/ratis/c9bc4cf4-3bc3-3c60-a66b-523986131536 does not exist. Creating ...
2024-03-04 12:55:33,473 [omNode-3-impl-thread1] INFO  storage.RaftStorageDirectory (RaftStorageDirectoryImpl.java:tryLock(228)) - Lock on /home/runner/work/ozone/ozone/hadoop-ozone/integration-test/target/test-dir/MiniOzoneClusterImpl-5dfaf9ee-e84d-4a0a-b307-fdee3dcb636e/omNode-3/ratis/c9bc4cf4-3bc3-3c60-a66b-523986131536/in_use.lock acquired by nodename 41993@fv-az571-795
2024-03-04 12:55:33,474 [omNode-3-impl-thread1] INFO  storage.RaftStorage (RaftStorageImpl.java:format(99)) - Storage directory /home/runner/work/ozone/ozone/hadoop-ozone/integration-test/target/test-dir/MiniOzoneClusterImpl-5dfaf9ee-e84d-4a0a-b307-fdee3dcb636e/omNode-3/ratis/c9bc4cf4-3bc3-3c60-a66b-523986131536 has been successfully formatted.
2024-03-04 12:55:33,474 [omNode-3-impl-thread1] WARN  util.FileUtils (LogUtils.java:supplyAndLog(63)) - Failed to Files.newInputStream /home/runner/work/ozone/ozone/hadoop-ozone/integration-test/target/test-dir/MiniOzoneClusterImpl-5dfaf9ee-e84d-4a0a-b307-fdee3dcb636e/omNode-3/ratis/c9bc4cf4-3bc3-3c60-a66b-523986131536/current/raft-meta.conf with options []: java.nio.file.NoSuchFileException: /home/runner/work/ozone/ozone/hadoop-ozone/integration-test/target/test-dir/MiniOzoneClusterImpl-5dfaf9ee-e84d-4a0a-b307-fdee3dcb636e/omNode-3/ratis/c9bc4cf4-3bc3-3c60-a66b-523986131536/current/raft-meta.conf
2024-03-04 12:55:33,475 [omNode-3-impl-thread1] INFO  server.RaftServerConfigKeys (ConfUtils.java:logGet(46)) - raft.server.log.use.memory = false (default)
2024-03-04 12:55:33,475 [omNode-3-impl-thread1] INFO  server.RaftServerConfigKeys (ConfUtils.java:logGet(46)) - raft.server.log.purge.gap = 50 (custom)
2024-03-04 12:55:33,475 [omNode-3-impl-thread1] INFO  server.RaftServerConfigKeys (ConfUtils.java:logGet(46)) - raft.server.log.appender.buffer.byte-limit = 4194304 (custom)
2024-03-04 12:55:33,475 [omNode-3-impl-thread1] INFO  server.RaftServerConfigKeys (ConfUtils.java:logGet(46)) - raft.server.log.statemachine.data.read.timeout = 1000ms (default)
2024-03-04 12:55:33,475 [omNode-3-impl-thread1] INFO  server.RaftServerConfigKeys (ConfUtils.java:logGet(46)) - raft.server.log.purge.preservation.log.num = 0 (default)
2024-03-04 12:55:33,476 [omNode-3-impl-thread1] INFO  server.RaftServerConfigKeys (ConfUtils.java:logGet(46)) - raft.server.log.segment.size.max = 4194304 (custom)
2024-03-04 12:55:33,476 [omNode-3-impl-thread1] INFO  server.RaftServerConfigKeys (ConfUtils.java:logGet(46)) - raft.server.log.segment.cache.num.max = 2 (custom)
2024-03-04 12:55:33,476 [omNode-3-impl-thread1] INFO  server.RaftServerConfigKeys (ConfUtils.java:logGet(46)) - raft.server.log.segment.cache.size.max = 200MB (=209715200) (default)
2024-03-04 12:55:33,476 [omNode-3-impl-thread1] INFO  server.RaftServerConfigKeys (ConfUtils.java:logGet(46)) - raft.server.log.appender.buffer.byte-limit = 4194304 (custom)
2024-03-04 12:55:33,476 [omNode-3-impl-thread1] INFO  util.AwaitToRun (AwaitToRun.java:start(81)) - Thread[omNode-3@group-523986131536-cacheEviction-AwaitToRun,5,main] started
2024-03-04 12:55:33,476 [omNode-3-impl-thread1] INFO  segmented.SegmentedRaftLogWorker (SegmentedRaftLogWorker.java:<init>(182)) - new omNode-3@group-523986131536-SegmentedRaftLogWorker for RaftStorageImpl:Storage Directory /home/runner/work/ozone/ozone/hadoop-ozone/integration-test/target/test-dir/MiniOzoneClusterImpl-5dfaf9ee-e84d-4a0a-b307-fdee3dcb636e/omNode-3/ratis/c9bc4cf4-3bc3-3c60-a66b-523986131536
2024-03-04 12:55:33,476 [omNode-3-impl-thread1] INFO  server.RaftServerConfigKeys (ConfUtils.java:logGet(46)) - raft.server.log.queue.byte-limit = 64MB (=67108864) (default)
2024-03-04 12:55:33,476 [omNode-3-impl-thread1] INFO  server.RaftServerConfigKeys (ConfUtils.java:logGet(46)) - raft.server.log.queue.element-limit = 4096 (default)
2024-03-04 12:55:33,476 [omNode-3-impl-thread1] INFO  server.RaftServerConfigKeys (ConfUtils.java:logGet(46)) - raft.server.log.segment.size.max = 4194304 (custom)
2024-03-04 12:55:33,476 [omNode-3-impl-thread1] INFO  server.RaftServerConfigKeys (ConfUtils.java:logGet(46)) - raft.server.log.preallocated.size = 4194304 (custom)
2024-03-04 12:55:33,476 [omNode-3-impl-thread1] INFO  server.RaftServerConfigKeys (ConfUtils.java:logGet(46)) - raft.server.log.force.sync.num = 128 (default)
2024-03-04 12:55:33,476 [omNode-3-impl-thread1] INFO  server.RaftServerConfigKeys (ConfUtils.java:logGet(46)) - raft.server.log.statemachine.data.sync = true (default)
2024-03-04 12:55:33,477 [omNode-3-impl-thread1] INFO  server.RaftServerConfigKeys (ConfUtils.java:logGet(46)) - raft.server.log.statemachine.data.sync.timeout = 10s (default)
2024-03-04 12:55:33,477 [omNode-3-impl-thread1] INFO  server.RaftServerConfigKeys (ConfUtils.java:logGet(46)) - raft.server.log.statemachine.data.sync.timeout.retry = -1 (default)
2024-03-04 12:55:33,477 [omNode-3-impl-thread1] INFO  server.RaftServerConfigKeys (ConfUtils.java:logGet(46)) - raft.server.log.write.buffer.size = 4194312 (custom)
2024-03-04 12:55:33,478 [omNode-3-impl-thread1] INFO  server.RaftServerConfigKeys (ConfUtils.java:logGet(46)) - raft.server.log.appender.buffer.byte-limit = 4194304 (custom)
2024-03-04 12:55:33,478 [omNode-3-impl-thread1] INFO  server.RaftServerConfigKeys (ConfUtils.java:logGet(46)) - raft.server.log.unsafe-flush.enabled = false (default)
2024-03-04 12:55:33,478 [omNode-3-impl-thread1] INFO  server.RaftServerConfigKeys (ConfUtils.java:logGet(46)) - raft.server.log.async-flush.enabled = false (default)
2024-03-04 12:55:33,478 [omNode-3-impl-thread1] INFO  server.RaftServerConfigKeys (ConfUtils.java:logGet(46)) - raft.server.log.statemachine.data.caching.enabled = false (default)
2024-03-04 12:55:33,478 [omNode-3-impl-thread1] INFO  segmented.SegmentedRaftLogWorker (SegmentedRaftLogWorker.java:lambda$new$0(134)) - omNode-3@group-523986131536-SegmentedRaftLogWorker: flushIndex: setUnconditionally 0 -> -1
2024-03-04 12:55:33,478 [omNode-3-impl-thread1] INFO  segmented.SegmentedRaftLogWorker (SegmentedRaftLogWorker.java:lambda$new$0(134)) - omNode-3@group-523986131536-SegmentedRaftLogWorker: safeCacheEvictIndex: setUnconditionally 0 -> -1
2024-03-04 12:55:33,478 [omNode-3-impl-thread1] INFO  server.RaftServer$Division (RaftServerImpl.java:start(396)) - omNode-3@group-523986131536: start as a follower, conf=-1: peers:[omNode-3|localhost:15101, omNode-1|localhost:15093, omNode-2|localhost:15097]|listeners:[], old=null
2024-03-04 12:55:33,479 [omNode-3-impl-thread1] INFO  server.RaftServer$Division (RaftServerImpl.java:setRole(383)) - omNode-3@group-523986131536: changes role from      null to FOLLOWER at term 0 for startAsFollower
2024-03-04 12:55:33,479 [omNode-3-impl-thread1] INFO  impl.RoleInfo (RoleInfo.java:updateAndGet(139)) - omNode-3: start omNode-3@group-523986131536-FollowerState
2024-03-04 12:55:33,479 [omNode-3-impl-thread1] INFO  util.JmxRegister (JmxRegister.java:tryRegister(44)) - Successfully registered JMX Bean with object name Ratis:service=RaftServer,group=group-523986131536,id=omNode-3
2024-03-04 12:55:33,479 [omNode-3-impl-thread1] INFO  server.RaftServerConfigKeys (ConfUtils.java:logGet(46)) - raft.server.snapshot.trigger-when-stop.enabled = true (default)
2024-03-04 12:55:33,479 [omNode-3-impl-thread1] INFO  server.RaftServerConfigKeys (ConfUtils.java:logGet(46)) - raft.server.snapshot.auto.trigger.enabled = true (custom)
2024-03-04 12:55:33,479 [omNode-3-impl-thread1] INFO  server.RaftServerConfigKeys (ConfUtils.java:logGet(46)) - raft.server.snapshot.auto.trigger.threshold = 50 (custom)
2024-03-04 12:55:33,479 [omNode-3-impl-thread1] INFO  server.RaftServerConfigKeys (ConfUtils.java:logGet(46)) - raft.server.snapshot.retention.file.num = -1 (default)
2024-03-04 12:55:33,479 [omNode-3-impl-thread1] INFO  server.RaftServerConfigKeys (ConfUtils.java:logGet(46)) - raft.server.log.purge.upto.snapshot.index = true (custom)
2024-03-04 12:55:33,479 [main] INFO  server.RaftServer (RaftServerProxy.java:startImpl(406)) - omNode-3: start RPC server
2024-03-04 12:55:33,480 [omNode-3@group-523986131536-FollowerState] INFO  server.RaftServerConfigKeys (ConfUtils.java:logFallback(53)) - raft.server.rpc.first-election.timeout.min = 1s (fallback to raft.server.rpc.timeout.min)
2024-03-04 12:55:33,480 [omNode-3@group-523986131536-FollowerState] INFO  server.RaftServerConfigKeys (ConfUtils.java:logFallback(53)) - raft.server.rpc.first-election.timeout.max = 1200ms (fallback to raft.server.rpc.timeout.max)
2024-03-04 12:55:33,481 [main] INFO  server.GrpcService (GrpcService.java:startImpl(302)) - omNode-3: GrpcService started, listening on 15101
2024-03-04 12:55:33,481 [JvmPauseMonitor32] INFO  util.JvmPauseMonitor (JvmPauseMonitor.java:run(146)) - JvmPauseMonitor-omNode-3: Started
2024-03-04 12:55:33,481 [main] INFO  om.OzoneManager (OzoneManager.java:start(1644)) - Version File has different layout version (6) than OM DB (null). That is expected if this OM has never been finalized to a newer layout version.
2024-03-04 12:55:33,484 [main] INFO  http.BaseHttpServer (BaseHttpServer.java:newHttpServer2BuilderForOzone(223)) - Starting Web-server for ozoneManager at: http://0.0.0.0:15099
2024-03-04 12:55:33,484 [main] INFO  http.BaseHttpServer (BaseHttpServer.java:<init>(110)) - Hadoop Security Enabled: false Ozone Security Enabled: false Ozone HTTP Security Enabled: false 
2024-03-04 12:55:33,484 [main] WARN  server.AuthenticationFilter (AuthenticationFilter.java:constructSecretProvider(240)) - Unable to initialize FileSignerSecretProvider, falling back to use random secrets. Reason: Could not read signature secret file: /home/runner/hadoop-http-auth-signature-secret
2024-03-04 12:55:33,485 [main] INFO  http.HttpRequestLog (HttpRequestLog.java:getRequestLog(86)) - Http request log for http.requests.ozoneManager is not defined
2024-03-04 12:55:33,486 [main] INFO  http.HttpServer2 (HttpServer2.java:addGlobalFilter(1036)) - Added global filter 'safety' (class=org.apache.hadoop.hdds.server.http.HttpServer2$QuotingInputFilter)
2024-03-04 12:55:33,486 [main] INFO  http.HttpServer2 (HttpServer2.java:addFilter(1012)) - Added filter static_user_filter (class=org.apache.hadoop.http.lib.StaticUserWebFilter$StaticUserFilter) to context ozoneManager
2024-03-04 12:55:33,486 [main] INFO  http.HttpServer2 (HttpServer2.java:addFilter(1020)) - Added filter static_user_filter (class=org.apache.hadoop.http.lib.StaticUserWebFilter$StaticUserFilter) to context logs
2024-03-04 12:55:33,486 [main] INFO  http.HttpServer2 (HttpServer2.java:addFilter(1020)) - Added filter static_user_filter (class=org.apache.hadoop.http.lib.StaticUserWebFilter$StaticUserFilter) to context static
2024-03-04 12:55:33,486 [main] INFO  http.BaseHttpServer (BaseHttpServer.java:<init>(189)) - HTTP server of ozoneManager uses base directory /home/runner/work/ozone/ozone/hadoop-ozone/integration-test/target/test-dir/MiniOzoneClusterImpl-5dfaf9ee-e84d-4a0a-b307-fdee3dcb636e/omNode-3/webserver
2024-03-04 12:55:33,487 [main] INFO  http.HttpServer2 (HttpServer2.java:bindListener(1236)) - Jetty bound to port 15099
2024-03-04 12:55:33,487 [main] INFO  server.Server (Server.java:doStart(375)) - jetty-9.4.53.v20231009; built: 2023-10-09T12:29:09.265Z; git: 27bde00a0b95a1d5bbee0eae7984f891d2d0f8c9; jvm 1.8.0_402-b06
2024-03-04 12:55:33,490 [main] INFO  server.session (DefaultSessionIdManager.java:doStart(334)) - DefaultSessionIdManager workerName=node0
2024-03-04 12:55:33,490 [main] INFO  server.session (DefaultSessionIdManager.java:doStart(339)) - No SessionScavenger set, using defaults
2024-03-04 12:55:33,490 [main] INFO  server.session (HouseKeeper.java:startScavenging(132)) - node0 Scavenging every 660000ms
2024-03-04 12:55:33,490 [main] INFO  handler.ContextHandler (ContextHandler.java:doStart(921)) - Started o.e.j.s.ServletContextHandler@331a3110{logs,/logs,file:///home/runner/work/ozone/ozone/hadoop-ozone/integration-test/target/log,AVAILABLE}
2024-03-04 12:55:33,491 [main] INFO  handler.ContextHandler (ContextHandler.java:doStart(921)) - Started o.e.j.s.ServletContextHandler@38bcf0d3{static,/static,file:///home/runner/work/ozone/ozone/hadoop-ozone/integration-test/target/test-classes/webapps/static,AVAILABLE}
2024-03-04 12:55:33,492 [main] INFO  handler.ContextHandler (ContextHandler.java:doStart(921)) - Started o.e.j.w.WebAppContext@68aa6165{ozoneManager,/,file:///home/runner/work/ozone/ozone/hadoop-ozone/integration-test/target/test-classes/webapps/ozoneManager/,AVAILABLE}{file:/home/runner/work/ozone/ozone/hadoop-ozone/integration-test/target/test-classes/webapps/ozoneManager}
2024-03-04 12:55:33,494 [main] INFO  server.AbstractConnector (AbstractConnector.java:doStart(333)) - Started ServerConnector@272a5bc6{HTTP/1.1, (http/1.1)}{0.0.0.0:15099}
2024-03-04 12:55:33,494 [main] INFO  server.Server (Server.java:doStart(415)) - Started @229078ms
2024-03-04 12:55:33,494 [main] WARN  impl.MetricsSystemImpl (MetricsSystemImpl.java:register(279)) - Sink prometheus already exists!
2024-03-04 12:55:33,495 [main] INFO  http.BaseHttpServer (BaseHttpServer.java:updateConnectorAddress(354)) - HTTP server of ozoneManager listening at http://0.0.0.0:15099
2024-03-04 12:55:33,495 [IPC Server Responder] INFO  ipc.Server (Server.java:run(1562)) - IPC Server Responder: starting
2024-03-04 12:55:33,495 [IPC Server listener on 15098] INFO  ipc.Server (Server.java:run(1402)) - IPC Server listener on 15098: starting
2024-03-04 12:55:33,497 [main] INFO  om.OzoneManager (OzoneManager.java:startTrashEmptier(2093)) - Trash Interval set to 0. Files deleted won't move to trash
2024-03-04 12:55:33,498 [main] INFO  ozone.MiniOzoneHAClusterImpl (MiniOzoneHAClusterImpl.java:createOMService(516)) - Started OzoneManager omNode-3 RPC server at localhost/127.0.0.1:15098
2024-03-04 12:55:33,506 [main] WARN  dropwizard3.Dm3MetricRegistriesImpl (Dm3MetricRegistriesImpl.java:addReporterRegistration(113)) - New reporters are added after registries were created. Some metrics will be missing from the reporter. Please add reporter before adding any new registry.
2024-03-04 12:55:33,507 [main] WARN  dropwizard3.Dm3MetricRegistriesImpl (Dm3MetricRegistriesImpl.java:addReporterRegistration(113)) - New reporters are added after registries were created. Some metrics will be missing from the reporter. Please add reporter before adding any new registry.
2024-03-04 12:55:33,507 [main] INFO  impl.MetricsSystemImpl (MetricsSystemImpl.java:init(158)) - HddsDatanode metrics system started (again)
2024-03-04 12:55:33,515 [main] INFO  ozone.HddsDatanodeService (HddsDatanodeService.java:start(240)) - HddsDatanodeService host:fv-az571-795.sssw3dgiwi1e5jwxh1zizygaca.bx.internal.cloudapp.net ip:10.1.0.12
2024-03-04 12:55:33,530 [main] INFO  upgrade.AbstractLayoutVersionManager (AbstractLayoutVersionManager.java:init(83)) - Initializing Layout version manager with metadata layout = HADOOP_PRC_PORTS_IN_DATANODEDETAILS (version = 7), software layout = HADOOP_PRC_PORTS_IN_DATANODEDETAILS (version = 7)
2024-03-04 12:55:33,531 [main] INFO  statemachine.DatanodeStateMachine (DatanodeStateMachine.java:getEndPointTaskThreadPoolSize(299)) - Datanode State Machine Task Thread Pool size 2
2024-03-04 12:55:33,532 [main] INFO  volume.HddsVolume (HddsVolume.java:<init>(125)) - Creating HddsVolume: /home/runner/work/ozone/ozone/hadoop-ozone/integration-test/target/test-dir/MiniOzoneClusterImpl-5dfaf9ee-e84d-4a0a-b307-fdee3dcb636e/ozone-meta/datanode-1/data-0/hdds of storage type : DISK capacity : 9223372036854775807
2024-03-04 12:55:33,532 [main] INFO  volume.MutableVolumeSet (MutableVolumeSet.java:initializeVolumeSet(173)) - Added Volume : /home/runner/work/ozone/ozone/hadoop-ozone/integration-test/target/test-dir/MiniOzoneClusterImpl-5dfaf9ee-e84d-4a0a-b307-fdee3dcb636e/ozone-meta/datanode-1/data-0/hdds to VolumeSet
2024-03-04 12:55:33,533 [main] INFO  volume.MutableVolumeSet (MutableVolumeSet.java:initializeVolumeSet(173)) - Added Volume : /home/runner/work/ozone/ozone/hadoop-ozone/integration-test/target/test-dir/MiniOzoneClusterImpl-5dfaf9ee-e84d-4a0a-b307-fdee3dcb636e/ozone-meta/datanode-1/ratis to VolumeSet
2024-03-04 12:55:33,534 [main] INFO  ozoneimpl.OzoneContainer (HddsVolumeUtil.java:loadAllHddsVolumeDbStore(103)) - Load 1 volumes DbStore cost: 1ms
2024-03-04 12:55:33,536 [main] INFO  server.RaftServer (ConfUtils.java:logGet(46)) - raft.rpc.type = GRPC (default)
2024-03-04 12:55:33,537 [main] INFO  grpc.GrpcConfigKeys (ConfUtils.java:logFallback(53)) - raft.grpc.admin.host = null (fallback to raft.grpc.server.host)
2024-03-04 12:55:33,537 [main] INFO  grpc.GrpcConfigKeys (ConfUtils.java:logGet(46)) - raft.grpc.admin.port = 15107 (custom)
2024-03-04 12:55:33,537 [main] INFO  grpc.GrpcConfigKeys (ConfUtils.java:logFallback(53)) - raft.grpc.client.host = null (fallback to raft.grpc.server.host)
2024-03-04 12:55:33,538 [main] INFO  grpc.GrpcConfigKeys (ConfUtils.java:logGet(46)) - raft.grpc.client.port = 15106 (custom)
2024-03-04 12:55:33,538 [main] INFO  grpc.GrpcConfigKeys (ConfUtils.java:logGet(46)) - raft.grpc.server.host = null (default)
2024-03-04 12:55:33,538 [main] INFO  grpc.GrpcConfigKeys (ConfUtils.java:logGet(46)) - raft.grpc.server.port = 15108 (custom)
2024-03-04 12:55:33,538 [main] INFO  server.GrpcService (ConfUtils.java:logGet(46)) - raft.grpc.message.size.max = 32MB (=33554432) (custom)
2024-03-04 12:55:33,538 [main] INFO  server.RaftServerConfigKeys (ConfUtils.java:logGet(46)) - raft.server.log.appender.buffer.byte-limit = 8388608 (custom)
2024-03-04 12:55:33,538 [main] INFO  server.GrpcService (ConfUtils.java:logGet(46)) - raft.grpc.flow.control.window = 5MB (=5242880) (custom)
2024-03-04 12:55:33,539 [main] INFO  server.RaftServerConfigKeys (ConfUtils.java:logGet(46)) - raft.server.rpc.request.timeout = 60s (custom)
2024-03-04 12:55:33,539 [main] INFO  grpc.GrpcConfigKeys (ConfUtils.java:logGet(46)) - raft.grpc.server.heartbeat.channel = true (default)
2024-03-04 12:55:33,539 [main] INFO  grpc.GrpcConfigKeys (ConfUtils.java:logGet(46)) - raft.grpc.server.async.request.thread.pool.cached = true (default)
2024-03-04 12:55:33,539 [main] INFO  grpc.GrpcConfigKeys (ConfUtils.java:logGet(46)) - raft.grpc.server.async.request.thread.pool.size = 32 (default)
2024-03-04 12:55:33,541 [main] INFO  impl.DataStreamServerImpl (ConfUtils.java:logGet(46)) - raft.datastream.type = NETTY (custom)
2024-03-04 12:55:33,542 [main] INFO  server.RaftServerConfigKeys (ConfUtils.java:logGet(46)) - raft.server.data-stream.async.request.thread.pool.cached = false (default)
2024-03-04 12:55:33,542 [main] INFO  server.RaftServerConfigKeys (ConfUtils.java:logGet(46)) - raft.server.data-stream.async.request.thread.pool.size = 20 (custom)
2024-03-04 12:55:33,542 [main] INFO  server.RaftServerConfigKeys (ConfUtils.java:logGet(46)) - raft.server.data-stream.async.write.thread.pool.size = 16 (default)
2024-03-04 12:55:33,542 [main] INFO  netty.NettyConfigKeys$DataStream (ConfUtils.java:logGet(46)) - raft.netty.dataStream.server.channel.inactive.grace-period = 10min (default)
2024-03-04 12:55:33,543 [main] INFO  server.RaftServerConfigKeys (ConfUtils.java:logGet(46)) - raft.server.data-stream.client.pool.size = 10 (default)
2024-03-04 12:55:33,543 [main] INFO  netty.NettyConfigKeys$DataStream (ConfUtils.java:logGet(46)) - raft.netty.dataStream.server.use-epoll = true (default)
2024-03-04 12:55:33,543 [main] INFO  netty.NettyConfigKeys$DataStream (ConfUtils.java:logGet(46)) - raft.netty.dataStream.server.boss-group.size = 0 (default)
2024-03-04 12:55:33,543 [main] INFO  netty.NettyUtils (NettyUtils.java:newEventLoopGroup(69)) - Create EpollEventLoopGroup for b3e6aaac-f754-418b-8ee3-735c124d2005-NettyServerStreamRpc-bossGroup; Thread size is 0.
2024-03-04 12:55:33,543 [main] INFO  netty.NettyConfigKeys$DataStream (ConfUtils.java:logGet(46)) - raft.netty.dataStream.server.worker-group.size = 0 (default)
2024-03-04 12:55:33,544 [main] INFO  netty.NettyUtils (NettyUtils.java:newEventLoopGroup(69)) - Create EpollEventLoopGroup for b3e6aaac-f754-418b-8ee3-735c124d2005-NettyServerStreamRpc-workerGroup; Thread size is 0.
2024-03-04 12:55:33,544 [main] INFO  netty.NettyConfigKeys$DataStream (ConfUtils.java:logGet(46)) - raft.netty.dataStream.server.tls.conf = null (default)
2024-03-04 12:55:33,544 [main] INFO  netty.NettyConfigKeys$DataStream (ConfUtils.java:logGet(46)) - raft.netty.dataStream.host = null (default)
2024-03-04 12:55:33,544 [main] INFO  netty.NettyConfigKeys$DataStream (ConfUtils.java:logGet(46)) - raft.netty.dataStream.port = 15109 (custom)
2024-03-04 12:55:33,545 [main] INFO  server.RaftServerConfigKeys (ConfUtils.java:logGet(46)) - raft.server.sleep.deviation.threshold = 300ms (default)
2024-03-04 12:55:33,545 [b3e6aaac-f754-418b-8ee3-735c124d2005-NettyServerStreamRpc-bossGroup--thread1] INFO  logging.LoggingHandler (AbstractInternalLogger.java:log(148)) - [id: 0x82be6ce8] REGISTERED
2024-03-04 12:55:33,545 [main] INFO  server.RaftServerConfigKeys (ConfUtils.java:logGet(46)) - raft.server.close.threshold = 60s (default)
2024-03-04 12:55:33,545 [main] INFO  server.RaftServerConfigKeys (ConfUtils.java:logGet(46)) - raft.server.leaderelection.leader.step-down.wait-time = 10s (default)
2024-03-04 12:55:33,545 [b3e6aaac-f754-418b-8ee3-735c124d2005-NettyServerStreamRpc-bossGroup--thread1] INFO  logging.LoggingHandler (AbstractInternalLogger.java:log(148)) - [id: 0x82be6ce8] BIND: 0.0.0.0/0.0.0.0:15109
2024-03-04 12:55:33,546 [main] INFO  server.RaftServerConfigKeys (ConfUtils.java:logGet(46)) - raft.server.storage.dir = [/home/runner/work/ozone/ozone/hadoop-ozone/integration-test/target/test-dir/MiniOzoneClusterImpl-5dfaf9ee-e84d-4a0a-b307-fdee3dcb636e/ozone-meta/datanode-1/ratis] (custom)
2024-03-04 12:55:33,546 [b3e6aaac-f754-418b-8ee3-735c124d2005-NettyServerStreamRpc-bossGroup--thread1] INFO  logging.LoggingHandler (AbstractInternalLogger.java:log(148)) - [id: 0x82be6ce8, L:/0.0.0.0:15109] ACTIVE
2024-03-04 12:55:33,546 [main] INFO  server.RaftServerConfigKeys (ConfUtils.java:logGet(46)) - raft.server.threadpool.proxy.cached = true (default)
2024-03-04 12:55:33,546 [main] INFO  server.RaftServerConfigKeys (ConfUtils.java:logGet(46)) - raft.server.threadpool.proxy.size = 0 (default)
2024-03-04 12:55:33,549 [b3e6aaac-f754-418b-8ee3-735c124d2005-impl-thread1] INFO  server.RaftServer (RaftServerProxy.java:initGroupDir(264)) - b3e6aaac-f754-418b-8ee3-735c124d2005: found a subdirectory /home/runner/work/ozone/ozone/hadoop-ozone/integration-test/target/test-dir/MiniOzoneClusterImpl-5dfaf9ee-e84d-4a0a-b307-fdee3dcb636e/ozone-meta/datanode-1/ratis/tmp
2024-03-04 12:55:33,549 [b3e6aaac-f754-418b-8ee3-735c124d2005-impl-thread1] INFO  server.RaftServer (RaftServerProxy.java:initGroupDir(269)) - b3e6aaac-f754-418b-8ee3-735c124d2005: The directory /home/runner/work/ozone/ozone/hadoop-ozone/integration-test/target/test-dir/MiniOzoneClusterImpl-5dfaf9ee-e84d-4a0a-b307-fdee3dcb636e/ozone-meta/datanode-1/ratis/tmp is not a group directory; ignoring it. 
2024-03-04 12:55:33,550 [main] INFO  replication.ReplicationServer (ReplicationServer.java:<init>(86)) - Initializing replication server with thread count = 10 queue length = 4096
2024-03-04 12:55:33,551 [main] INFO  server.XceiverServerGrpc (XceiverServerGrpc.java:<init>(141)) - GrpcServer channel type EpollServerSocketChannel
2024-03-04 12:55:33,553 [main] INFO  replication.ReplicationSupervisor (ReplicationSupervisor.java:build(163)) - Initializing replication supervisor with thread count = 10
2024-03-04 12:55:33,553 [main] INFO  replication.ReplicationSupervisor (ReplicationSupervisor.java:nodeStateUpdated(317)) - Node state updated to IN_SERVICE, scaling executor pool size to 10
2024-03-04 12:55:33,555 [main] INFO  http.BaseHttpServer (BaseHttpServer.java:newHttpServer2BuilderForOzone(223)) - Starting Web-server for hddsDatanode at: http://0.0.0.0:15103
2024-03-04 12:55:33,555 [main] INFO  http.BaseHttpServer (BaseHttpServer.java:<init>(110)) - Hadoop Security Enabled: false Ozone Security Enabled: false Ozone HTTP Security Enabled: false 
2024-03-04 12:55:33,556 [main] WARN  server.AuthenticationFilter (AuthenticationFilter.java:constructSecretProvider(240)) - Unable to initialize FileSignerSecretProvider, falling back to use random secrets. Reason: Could not read signature secret file: /home/runner/hadoop-http-auth-signature-secret
2024-03-04 12:55:33,556 [main] INFO  http.HttpRequestLog (HttpRequestLog.java:getRequestLog(86)) - Http request log for http.requests.hddsDatanode is not defined
2024-03-04 12:55:33,557 [main] INFO  http.HttpServer2 (HttpServer2.java:addGlobalFilter(1036)) - Added global filter 'safety' (class=org.apache.hadoop.hdds.server.http.HttpServer2$QuotingInputFilter)
2024-03-04 12:55:33,557 [main] INFO  http.HttpServer2 (HttpServer2.java:addFilter(1012)) - Added filter static_user_filter (class=org.apache.hadoop.http.lib.StaticUserWebFilter$StaticUserFilter) to context hddsDatanode
2024-03-04 12:55:33,557 [main] INFO  http.HttpServer2 (HttpServer2.java:addFilter(1020)) - Added filter static_user_filter (class=org.apache.hadoop.http.lib.StaticUserWebFilter$StaticUserFilter) to context logs
2024-03-04 12:55:33,557 [main] INFO  http.HttpServer2 (HttpServer2.java:addFilter(1020)) - Added filter static_user_filter (class=org.apache.hadoop.http.lib.StaticUserWebFilter$StaticUserFilter) to context static
2024-03-04 12:55:33,558 [main] INFO  http.BaseHttpServer (BaseHttpServer.java:<init>(189)) - HTTP server of hddsDatanode uses base directory /home/runner/work/ozone/ozone/hadoop-ozone/integration-test/target/test-dir/MiniOzoneClusterImpl-5dfaf9ee-e84d-4a0a-b307-fdee3dcb636e/ozone-meta/datanode-1/meta/webserver
2024-03-04 12:55:33,558 [main] INFO  http.HttpServer2 (HttpServer2.java:bindListener(1236)) - Jetty bound to port 15103
2024-03-04 12:55:33,558 [main] INFO  server.Server (Server.java:doStart(375)) - jetty-9.4.53.v20231009; built: 2023-10-09T12:29:09.265Z; git: 27bde00a0b95a1d5bbee0eae7984f891d2d0f8c9; jvm 1.8.0_402-b06
2024-03-04 12:55:33,562 [main] INFO  server.session (DefaultSessionIdManager.java:doStart(334)) - DefaultSessionIdManager workerName=node0
2024-03-04 12:55:33,562 [main] INFO  server.session (DefaultSessionIdManager.java:doStart(339)) - No SessionScavenger set, using defaults
2024-03-04 12:55:33,562 [main] INFO  server.session (HouseKeeper.java:startScavenging(132)) - node0 Scavenging every 660000ms
2024-03-04 12:55:33,563 [main] INFO  handler.ContextHandler (ContextHandler.java:doStart(921)) - Started o.e.j.s.ServletContextHandler@7b4da2c8{logs,/logs,file:///home/runner/work/ozone/ozone/hadoop-ozone/integration-test/target/log,AVAILABLE}
2024-03-04 12:55:33,563 [main] INFO  handler.ContextHandler (ContextHandler.java:doStart(921)) - Started o.e.j.s.ServletContextHandler@7ce73cb0{static,/static,jar:file:/home/runner/.m2/repository/org/apache/ozone/hdds-container-service/1.5.0-SNAPSHOT/hdds-container-service-1.5.0-SNAPSHOT.jar!/webapps/static,AVAILABLE}
2024-03-04 12:55:33,596 [main] INFO  handler.ContextHandler (ContextHandler.java:doStart(921)) - Started o.e.j.w.WebAppContext@25a55890{hddsDatanode,/,file:///home/runner/work/ozone/ozone/hadoop-ozone/integration-test/target/test-dir/MiniOzoneClusterImpl-5dfaf9ee-e84d-4a0a-b307-fdee3dcb636e/ozone-meta/datanode-1/meta/webserver/jetty-0_0_0_0-15103-hdds-container-service-1_5_0-SNAPSHOT_jar-_-any-2714559066785200701/webapp/,AVAILABLE}{jar:file:/home/runner/.m2/repository/org/apache/ozone/hdds-container-service/1.5.0-SNAPSHOT/hdds-container-service-1.5.0-SNAPSHOT.jar!/webapps/hddsDatanode}
2024-03-04 12:55:33,598 [main] INFO  server.AbstractConnector (AbstractConnector.java:doStart(333)) - Started ServerConnector@65f5912f{HTTP/1.1, (http/1.1)}{0.0.0.0:15103}
2024-03-04 12:55:33,598 [main] INFO  server.Server (Server.java:doStart(415)) - Started @229181ms
2024-03-04 12:55:33,598 [main] WARN  impl.MetricsSystemImpl (MetricsSystemImpl.java:register(279)) - Sink prometheus already exists!
2024-03-04 12:55:33,598 [main] INFO  http.BaseHttpServer (BaseHttpServer.java:updateConnectorAddress(354)) - HTTP server of hddsDatanode listening at http://0.0.0.0:15103
2024-03-04 12:55:33,599 [main] INFO  ipc.CallQueueManager (CallQueueManager.java:<init>(90)) - Using callQueue: class java.util.concurrent.LinkedBlockingQueue, queueCapacity: 100, scheduler: class org.apache.hadoop.ipc.DefaultRpcScheduler, ipcBackoff: false.
2024-03-04 12:55:33,599 [main] INFO  ipc.Server (Server.java:<init>(1287)) - Listener at 0.0.0.0:15104
2024-03-04 12:55:33,599 [Socket Reader #1 for port 15104] INFO  ipc.Server (Server.java:run(1323)) - Starting Socket Reader #1 for port 15104
2024-03-04 12:55:33,604 [main] INFO  ozone.HddsDatanodeService (HddsDatanodeService.java:start(327)) - Datanode start with admins: [*, runner]
2024-03-04 12:55:33,604 [main] INFO  ozone.HddsDatanodeClientProtocolServer (HddsDatanodeClientProtocolServer.java:start(77)) - RPC server for Client /0.0.0.0:15104
2024-03-04 12:55:33,605 [IPC Server Responder] INFO  ipc.Server (Server.java:run(1562)) - IPC Server Responder: starting
2024-03-04 12:55:33,605 [IPC Server listener on 15104] INFO  ipc.Server (Server.java:run(1402)) - IPC Server listener on 15104: starting
2024-03-04 12:55:33,606 [b3e6aaac-f754-418b-8ee3-735c124d2005-DatanodeStateMachineDaemonThread] INFO  statemachine.DatanodeStateMachine (DatanodeStateMachine.java:lambda$startDaemon$1(555)) - Ozone container server started.
2024-03-04 12:55:33,607 [main] WARN  dropwizard3.Dm3MetricRegistriesImpl (Dm3MetricRegistriesImpl.java:addReporterRegistration(113)) - New reporters are added after registries were created. Some metrics will be missing from the reporter. Please add reporter before adding any new registry.
2024-03-04 12:55:33,608 [main] WARN  dropwizard3.Dm3MetricRegistriesImpl (Dm3MetricRegistriesImpl.java:addReporterRegistration(113)) - New reporters are added after registries were created. Some metrics will be missing from the reporter. Please add reporter before adding any new registry.
2024-03-04 12:55:33,608 [main] INFO  impl.MetricsSystemImpl (MetricsSystemImpl.java:init(158)) - HddsDatanode metrics system started (again)
2024-03-04 12:55:33,610 [b3e6aaac-f754-418b-8ee3-735c124d2005-DatanodeStateMachineTaskThread-0] INFO  datanode.InitDatanodeState (InitDatanodeState.java:persistContainerDatanodeDetails(139)) - DatanodeDetails is persisted to /home/runner/work/ozone/ozone/hadoop-ozone/integration-test/target/test-dir/MiniOzoneClusterImpl-5dfaf9ee-e84d-4a0a-b307-fdee3dcb636e/ozone-meta/datanode-1/meta/datanode.id
2024-03-04 12:55:33,617 [main] INFO  ozone.HddsDatanodeService (HddsDatanodeService.java:start(240)) - HddsDatanodeService host:fv-az571-795.sssw3dgiwi1e5jwxh1zizygaca.bx.internal.cloudapp.net ip:10.1.0.12
2024-03-04 12:55:33,633 [main] INFO  upgrade.AbstractLayoutVersionManager (AbstractLayoutVersionManager.java:init(83)) - Initializing Layout version manager with metadata layout = HADOOP_PRC_PORTS_IN_DATANODEDETAILS (version = 7), software layout = HADOOP_PRC_PORTS_IN_DATANODEDETAILS (version = 7)
2024-03-04 12:55:33,633 [main] INFO  statemachine.DatanodeStateMachine (DatanodeStateMachine.java:getEndPointTaskThreadPoolSize(299)) - Datanode State Machine Task Thread Pool size 2
2024-03-04 12:55:33,634 [main] INFO  volume.HddsVolume (HddsVolume.java:<init>(125)) - Creating HddsVolume: /home/runner/work/ozone/ozone/hadoop-ozone/integration-test/target/test-dir/MiniOzoneClusterImpl-5dfaf9ee-e84d-4a0a-b307-fdee3dcb636e/ozone-meta/datanode-2/data-0/hdds of storage type : DISK capacity : 9223372036854775807
2024-03-04 12:55:33,635 [main] INFO  volume.MutableVolumeSet (MutableVolumeSet.java:initializeVolumeSet(173)) - Added Volume : /home/runner/work/ozone/ozone/hadoop-ozone/integration-test/target/test-dir/MiniOzoneClusterImpl-5dfaf9ee-e84d-4a0a-b307-fdee3dcb636e/ozone-meta/datanode-2/data-0/hdds to VolumeSet
2024-03-04 12:55:33,636 [main] INFO  volume.MutableVolumeSet (MutableVolumeSet.java:initializeVolumeSet(173)) - Added Volume : /home/runner/work/ozone/ozone/hadoop-ozone/integration-test/target/test-dir/MiniOzoneClusterImpl-5dfaf9ee-e84d-4a0a-b307-fdee3dcb636e/ozone-meta/datanode-2/ratis to VolumeSet
2024-03-04 12:55:33,636 [main] INFO  ozoneimpl.OzoneContainer (HddsVolumeUtil.java:loadAllHddsVolumeDbStore(103)) - Load 1 volumes DbStore cost: 0ms
2024-03-04 12:55:33,638 [main] INFO  server.RaftServer (ConfUtils.java:logGet(46)) - raft.rpc.type = GRPC (default)
2024-03-04 12:55:33,638 [main] INFO  grpc.GrpcConfigKeys (ConfUtils.java:logFallback(53)) - raft.grpc.admin.host = null (fallback to raft.grpc.server.host)
2024-03-04 12:55:33,639 [main] INFO  grpc.GrpcConfigKeys (ConfUtils.java:logGet(46)) - raft.grpc.admin.port = 15116 (custom)
2024-03-04 12:55:33,639 [main] INFO  grpc.GrpcConfigKeys (ConfUtils.java:logFallback(53)) - raft.grpc.client.host = null (fallback to raft.grpc.server.host)
2024-03-04 12:55:33,639 [main] INFO  grpc.GrpcConfigKeys (ConfUtils.java:logGet(46)) - raft.grpc.client.port = 15115 (custom)
2024-03-04 12:55:33,639 [main] INFO  grpc.GrpcConfigKeys (ConfUtils.java:logGet(46)) - raft.grpc.server.host = null (default)
2024-03-04 12:55:33,639 [main] INFO  grpc.GrpcConfigKeys (ConfUtils.java:logGet(46)) - raft.grpc.server.port = 15117 (custom)
2024-03-04 12:55:33,639 [main] INFO  server.GrpcService (ConfUtils.java:logGet(46)) - raft.grpc.message.size.max = 32MB (=33554432) (custom)
2024-03-04 12:55:33,639 [main] INFO  server.RaftServerConfigKeys (ConfUtils.java:logGet(46)) - raft.server.log.appender.buffer.byte-limit = 8388608 (custom)
2024-03-04 12:55:33,639 [main] INFO  server.GrpcService (ConfUtils.java:logGet(46)) - raft.grpc.flow.control.window = 5MB (=5242880) (custom)
2024-03-04 12:55:33,639 [main] INFO  server.RaftServerConfigKeys (ConfUtils.java:logGet(46)) - raft.server.rpc.request.timeout = 60s (custom)
2024-03-04 12:55:33,639 [main] INFO  grpc.GrpcConfigKeys (ConfUtils.java:logGet(46)) - raft.grpc.server.heartbeat.channel = true (default)
2024-03-04 12:55:33,639 [main] INFO  grpc.GrpcConfigKeys (ConfUtils.java:logGet(46)) - raft.grpc.server.async.request.thread.pool.cached = true (default)
2024-03-04 12:55:33,640 [main] INFO  grpc.GrpcConfigKeys (ConfUtils.java:logGet(46)) - raft.grpc.server.async.request.thread.pool.size = 32 (default)
2024-03-04 12:55:33,641 [main] INFO  impl.DataStreamServerImpl (ConfUtils.java:logGet(46)) - raft.datastream.type = NETTY (custom)
2024-03-04 12:55:33,642 [main] INFO  server.RaftServerConfigKeys (ConfUtils.java:logGet(46)) - raft.server.data-stream.async.request.thread.pool.cached = false (default)
2024-03-04 12:55:33,642 [main] INFO  server.RaftServerConfigKeys (ConfUtils.java:logGet(46)) - raft.server.data-stream.async.request.thread.pool.size = 20 (custom)
2024-03-04 12:55:33,642 [main] INFO  server.RaftServerConfigKeys (ConfUtils.java:logGet(46)) - raft.server.data-stream.async.write.thread.pool.size = 16 (default)
2024-03-04 12:55:33,642 [main] INFO  netty.NettyConfigKeys$DataStream (ConfUtils.java:logGet(46)) - raft.netty.dataStream.server.channel.inactive.grace-period = 10min (default)
2024-03-04 12:55:33,642 [main] INFO  server.RaftServerConfigKeys (ConfUtils.java:logGet(46)) - raft.server.data-stream.client.pool.size = 10 (default)
2024-03-04 12:55:33,642 [main] INFO  netty.NettyConfigKeys$DataStream (ConfUtils.java:logGet(46)) - raft.netty.dataStream.server.use-epoll = true (default)
2024-03-04 12:55:33,642 [main] INFO  netty.NettyConfigKeys$DataStream (ConfUtils.java:logGet(46)) - raft.netty.dataStream.server.boss-group.size = 0 (default)
2024-03-04 12:55:33,642 [main] INFO  netty.NettyUtils (NettyUtils.java:newEventLoopGroup(69)) - Create EpollEventLoopGroup for da245a40-dab6-49b3-9cd4-dfd962afc5b6-NettyServerStreamRpc-bossGroup; Thread size is 0.
2024-03-04 12:55:33,643 [main] INFO  netty.NettyConfigKeys$DataStream (ConfUtils.java:logGet(46)) - raft.netty.dataStream.server.worker-group.size = 0 (default)
2024-03-04 12:55:33,643 [main] INFO  netty.NettyUtils (NettyUtils.java:newEventLoopGroup(69)) - Create EpollEventLoopGroup for da245a40-dab6-49b3-9cd4-dfd962afc5b6-NettyServerStreamRpc-workerGroup; Thread size is 0.
2024-03-04 12:55:33,643 [main] INFO  netty.NettyConfigKeys$DataStream (ConfUtils.java:logGet(46)) - raft.netty.dataStream.server.tls.conf = null (default)
2024-03-04 12:55:33,643 [main] INFO  netty.NettyConfigKeys$DataStream (ConfUtils.java:logGet(46)) - raft.netty.dataStream.host = null (default)
2024-03-04 12:55:33,643 [main] INFO  netty.NettyConfigKeys$DataStream (ConfUtils.java:logGet(46)) - raft.netty.dataStream.port = 15118 (custom)
2024-03-04 12:55:33,643 [main] INFO  server.RaftServerConfigKeys (ConfUtils.java:logGet(46)) - raft.server.sleep.deviation.threshold = 300ms (default)
2024-03-04 12:55:33,644 [main] INFO  server.RaftServerConfigKeys (ConfUtils.java:logGet(46)) - raft.server.close.threshold = 60s (default)
2024-03-04 12:55:33,644 [da245a40-dab6-49b3-9cd4-dfd962afc5b6-NettyServerStreamRpc-bossGroup--thread1] INFO  logging.LoggingHandler (AbstractInternalLogger.java:log(148)) - [id: 0x05d41f97] REGISTERED
2024-03-04 12:55:33,644 [main] INFO  server.RaftServerConfigKeys (ConfUtils.java:logGet(46)) - raft.server.leaderelection.leader.step-down.wait-time = 10s (default)
2024-03-04 12:55:33,644 [da245a40-dab6-49b3-9cd4-dfd962afc5b6-NettyServerStreamRpc-bossGroup--thread1] INFO  logging.LoggingHandler (AbstractInternalLogger.java:log(148)) - [id: 0x05d41f97] BIND: 0.0.0.0/0.0.0.0:15118
2024-03-04 12:55:33,644 [main] INFO  server.RaftServerConfigKeys (ConfUtils.java:logGet(46)) - raft.server.storage.dir = [/home/runner/work/ozone/ozone/hadoop-ozone/integration-test/target/test-dir/MiniOzoneClusterImpl-5dfaf9ee-e84d-4a0a-b307-fdee3dcb636e/ozone-meta/datanode-2/ratis] (custom)
2024-03-04 12:55:33,644 [da245a40-dab6-49b3-9cd4-dfd962afc5b6-NettyServerStreamRpc-bossGroup--thread1] INFO  logging.LoggingHandler (AbstractInternalLogger.java:log(148)) - [id: 0x05d41f97, L:/0.0.0.0:15118] ACTIVE
2024-03-04 12:55:33,644 [main] INFO  server.RaftServerConfigKeys (ConfUtils.java:logGet(46)) - raft.server.threadpool.proxy.cached = true (default)
2024-03-04 12:55:33,644 [main] INFO  server.RaftServerConfigKeys (ConfUtils.java:logGet(46)) - raft.server.threadpool.proxy.size = 0 (default)
2024-03-04 12:55:33,645 [da245a40-dab6-49b3-9cd4-dfd962afc5b6-impl-thread1] INFO  server.RaftServer (RaftServerProxy.java:initGroupDir(264)) - da245a40-dab6-49b3-9cd4-dfd962afc5b6: found a subdirectory /home/runner/work/ozone/ozone/hadoop-ozone/integration-test/target/test-dir/MiniOzoneClusterImpl-5dfaf9ee-e84d-4a0a-b307-fdee3dcb636e/ozone-meta/datanode-2/ratis/tmp
2024-03-04 12:55:33,645 [da245a40-dab6-49b3-9cd4-dfd962afc5b6-impl-thread1] INFO  server.RaftServer (RaftServerProxy.java:initGroupDir(269)) - da245a40-dab6-49b3-9cd4-dfd962afc5b6: The directory /home/runner/work/ozone/ozone/hadoop-ozone/integration-test/target/test-dir/MiniOzoneClusterImpl-5dfaf9ee-e84d-4a0a-b307-fdee3dcb636e/ozone-meta/datanode-2/ratis/tmp is not a group directory; ignoring it. 
2024-03-04 12:55:33,645 [main] INFO  replication.ReplicationServer (ReplicationServer.java:<init>(86)) - Initializing replication server with thread count = 10 queue length = 4096
2024-03-04 12:55:33,646 [main] INFO  server.XceiverServerGrpc (XceiverServerGrpc.java:<init>(141)) - GrpcServer channel type EpollServerSocketChannel
2024-03-04 12:55:33,647 [main] INFO  replication.ReplicationSupervisor (ReplicationSupervisor.java:build(163)) - Initializing replication supervisor with thread count = 10
2024-03-04 12:55:33,647 [main] INFO  replication.ReplicationSupervisor (ReplicationSupervisor.java:nodeStateUpdated(317)) - Node state updated to IN_SERVICE, scaling executor pool size to 10
2024-03-04 12:55:33,648 [main] INFO  http.BaseHttpServer (BaseHttpServer.java:newHttpServer2BuilderForOzone(223)) - Starting Web-server for hddsDatanode at: http://0.0.0.0:15112
2024-03-04 12:55:33,649 [main] INFO  http.BaseHttpServer (BaseHttpServer.java:<init>(110)) - Hadoop Security Enabled: false Ozone Security Enabled: false Ozone HTTP Security Enabled: false 
2024-03-04 12:55:33,649 [main] WARN  server.AuthenticationFilter (AuthenticationFilter.java:constructSecretProvider(240)) - Unable to initialize FileSignerSecretProvider, falling back to use random secrets. Reason: Could not read signature secret file: /home/runner/hadoop-http-auth-signature-secret
2024-03-04 12:55:33,653 [main] INFO  http.HttpRequestLog (HttpRequestLog.java:getRequestLog(86)) - Http request log for http.requests.hddsDatanode is not defined
2024-03-04 12:55:33,654 [main] INFO  http.HttpServer2 (HttpServer2.java:addGlobalFilter(1036)) - Added global filter 'safety' (class=org.apache.hadoop.hdds.server.http.HttpServer2$QuotingInputFilter)
2024-03-04 12:55:33,655 [main] INFO  http.HttpServer2 (HttpServer2.java:addFilter(1012)) - Added filter static_user_filter (class=org.apache.hadoop.http.lib.StaticUserWebFilter$StaticUserFilter) to context hddsDatanode
2024-03-04 12:55:33,655 [main] INFO  http.HttpServer2 (HttpServer2.java:addFilter(1020)) - Added filter static_user_filter (class=org.apache.hadoop.http.lib.StaticUserWebFilter$StaticUserFilter) to context logs
2024-03-04 12:55:33,655 [main] INFO  http.HttpServer2 (HttpServer2.java:addFilter(1020)) - Added filter static_user_filter (class=org.apache.hadoop.http.lib.StaticUserWebFilter$StaticUserFilter) to context static
2024-03-04 12:55:33,655 [main] INFO  http.BaseHttpServer (BaseHttpServer.java:<init>(189)) - HTTP server of hddsDatanode uses base directory /home/runner/work/ozone/ozone/hadoop-ozone/integration-test/target/test-dir/MiniOzoneClusterImpl-5dfaf9ee-e84d-4a0a-b307-fdee3dcb636e/ozone-meta/datanode-2/meta/webserver
2024-03-04 12:55:33,656 [main] INFO  http.HttpServer2 (HttpServer2.java:bindListener(1236)) - Jetty bound to port 15112
2024-03-04 12:55:33,656 [main] INFO  server.Server (Server.java:doStart(375)) - jetty-9.4.53.v20231009; built: 2023-10-09T12:29:09.265Z; git: 27bde00a0b95a1d5bbee0eae7984f891d2d0f8c9; jvm 1.8.0_402-b06
2024-03-04 12:55:33,658 [omNode-1@group-523986131536-FollowerState] INFO  impl.FollowerState (FollowerState.java:run(143)) - omNode-1@group-523986131536-FollowerState: change to CANDIDATE, lastRpcElapsedTime:1071021848ns, electionTimeout:1070ms
2024-03-04 12:55:33,658 [omNode-1@group-523986131536-FollowerState] INFO  impl.RoleInfo (RoleInfo.java:shutdownFollowerState(110)) - omNode-1: shutdown omNode-1@group-523986131536-FollowerState
2024-03-04 12:55:33,658 [omNode-1@group-523986131536-FollowerState] INFO  server.RaftServer$Division (RaftServerImpl.java:setRole(383)) - omNode-1@group-523986131536: changes role from  FOLLOWER to CANDIDATE at term 0 for changeToCandidate
2024-03-04 12:55:33,659 [omNode-1@group-523986131536-FollowerState] INFO  server.RaftServerConfigKeys (ConfUtils.java:logGet(46)) - raft.server.leaderelection.pre-vote = true (default)
2024-03-04 12:55:33,659 [omNode-1@group-523986131536-FollowerState] INFO  impl.RoleInfo (RoleInfo.java:updateAndGet(139)) - omNode-1: start omNode-1@group-523986131536-LeaderElection23
2024-03-04 12:55:33,659 [main] INFO  server.session (DefaultSessionIdManager.java:doStart(334)) - DefaultSessionIdManager workerName=node0
2024-03-04 12:55:33,660 [main] INFO  server.session (DefaultSessionIdManager.java:doStart(339)) - No SessionScavenger set, using defaults
2024-03-04 12:55:33,660 [main] INFO  server.session (HouseKeeper.java:startScavenging(132)) - node0 Scavenging every 660000ms
2024-03-04 12:55:33,661 [main] INFO  handler.ContextHandler (ContextHandler.java:doStart(921)) - Started o.e.j.s.ServletContextHandler@6f0fbfdf{logs,/logs,file:///home/runner/work/ozone/ozone/hadoop-ozone/integration-test/target/log,AVAILABLE}
2024-03-04 12:55:33,661 [main] INFO  handler.ContextHandler (ContextHandler.java:doStart(921)) - Started o.e.j.s.ServletContextHandler@2444b810{static,/static,jar:file:/home/runner/.m2/repository/org/apache/ozone/hdds-container-service/1.5.0-SNAPSHOT/hdds-container-service-1.5.0-SNAPSHOT.jar!/webapps/static,AVAILABLE}
2024-03-04 12:55:33,668 [omNode-1@group-523986131536-LeaderElection23] INFO  impl.LeaderElection (LeaderElection.java:askForVotes(321)) - omNode-1@group-523986131536-LeaderElection23 PRE_VOTE round 0: submit vote requests at term 0 for -1: peers:[omNode-3|localhost:15101, omNode-1|localhost:15093, omNode-2|localhost:15097]|listeners:[], old=null
2024-03-04 12:55:33,669 [omNode-1@group-523986131536-LeaderElection23-1] INFO  server.GrpcServerProtocolClient (GrpcServerProtocolClient.java:<init>(65)) - Build channel for omNode-3|localhost:15101
2024-03-04 12:55:33,671 [omNode-1@group-523986131536-LeaderElection23] INFO  server.RaftServerConfigKeys (ConfUtils.java:logFallback(53)) - raft.server.rpc.first-election.timeout.min = 1s (fallback to raft.server.rpc.timeout.min)
2024-03-04 12:55:33,671 [omNode-1@group-523986131536-LeaderElection23] INFO  server.RaftServerConfigKeys (ConfUtils.java:logFallback(53)) - raft.server.rpc.first-election.timeout.max = 1200ms (fallback to raft.server.rpc.timeout.max)
2024-03-04 12:55:33,671 [omNode-1@group-523986131536-LeaderElection23-2] INFO  server.GrpcServerProtocolClient (GrpcServerProtocolClient.java:<init>(65)) - Build channel for omNode-2|localhost:15097
2024-03-04 12:55:33,679 [grpc-default-executor-1] INFO  server.RaftServer$Division (RaftServerImpl.java:requestVote(1389)) - omNode-3@group-523986131536: receive requestVote(PRE_VOTE, omNode-1, group-523986131536, 0, (t:0, i:~))
2024-03-04 12:55:33,679 [grpc-default-executor-1] INFO  impl.VoteContext (VoteContext.java:log(49)) - omNode-3@group-523986131536-FOLLOWER: accept PRE_VOTE from omNode-1: our priority 0 <= candidate's priority 0
2024-03-04 12:55:33,680 [grpc-default-executor-1] INFO  server.RaftServer$Division (RaftServerImpl.java:requestVote(1422)) - omNode-3@group-523986131536 replies to PRE_VOTE vote request: omNode-1<-omNode-3#0:OK-t0. Peer's state: omNode-3@group-523986131536:t0, leader=null, voted=, raftlog=Memoized:omNode-3@group-523986131536-SegmentedRaftLog:OPENED:c-1, conf=-1: peers:[omNode-3|localhost:15101, omNode-1|localhost:15093, omNode-2|localhost:15097]|listeners:[], old=null
2024-03-04 12:55:33,680 [omNode-1@group-523986131536-LeaderElection23] INFO  impl.LeaderElection (LeaderElection.java:logAndReturn(89)) - omNode-1@group-523986131536-LeaderElection23: PRE_VOTE PASSED received 1 response(s) and 0 exception(s):
2024-03-04 12:55:33,680 [omNode-1@group-523986131536-LeaderElection23] INFO  impl.LeaderElection (LeaderElection.java:logAndReturn(93)) -   Response 0: omNode-1<-omNode-3#0:OK-t0
2024-03-04 12:55:33,680 [omNode-1@group-523986131536-LeaderElection23] INFO  impl.LeaderElection (LeaderElection.java:askForVotes(323)) - omNode-1@group-523986131536-LeaderElection23 PRE_VOTE round 0: result PASSED
2024-03-04 12:55:33,682 [omNode-1@group-523986131536-LeaderElection23] INFO  impl.LeaderElection (LeaderElection.java:askForVotes(321)) - omNode-1@group-523986131536-LeaderElection23 ELECTION round 0: submit vote requests at term 1 for -1: peers:[omNode-3|localhost:15101, omNode-1|localhost:15093, omNode-2|localhost:15097]|listeners:[], old=null
2024-03-04 12:55:33,682 [grpc-default-executor-0] INFO  server.RaftServer$Division (RaftServerImpl.java:requestVote(1389)) - omNode-2@group-523986131536: receive requestVote(PRE_VOTE, omNode-1, group-523986131536, 0, (t:0, i:~))
2024-03-04 12:55:33,682 [grpc-default-executor-0] INFO  impl.VoteContext (VoteContext.java:log(49)) - omNode-2@group-523986131536-FOLLOWER: accept PRE_VOTE from omNode-1: our priority 0 <= candidate's priority 0
2024-03-04 12:55:33,682 [grpc-default-executor-0] INFO  server.RaftServer$Division (RaftServerImpl.java:requestVote(1422)) - omNode-2@group-523986131536 replies to PRE_VOTE vote request: omNode-1<-omNode-2#0:OK-t0. Peer's state: omNode-2@group-523986131536:t0, leader=null, voted=, raftlog=Memoized:omNode-2@group-523986131536-SegmentedRaftLog:OPENED:c-1, conf=-1: peers:[omNode-3|localhost:15101, omNode-1|localhost:15093, omNode-2|localhost:15097]|listeners:[], old=null
2024-03-04 12:55:33,689 [grpc-default-executor-0] INFO  server.RaftServer$Division (RaftServerImpl.java:requestVote(1389)) - omNode-3@group-523986131536: receive requestVote(ELECTION, omNode-1, group-523986131536, 1, (t:0, i:~))
2024-03-04 12:55:33,690 [omNode-1@group-523986131536-LeaderElection23] INFO  server.RaftServerConfigKeys (ConfUtils.java:logFallback(53)) - raft.server.rpc.first-election.timeout.min = 1s (fallback to raft.server.rpc.timeout.min)
2024-03-04 12:55:33,691 [grpc-default-executor-0] INFO  impl.VoteContext (VoteContext.java:log(49)) - omNode-3@group-523986131536-FOLLOWER: accept ELECTION from omNode-1: our priority 0 <= candidate's priority 0
2024-03-04 12:55:33,691 [omNode-1@group-523986131536-LeaderElection23] INFO  server.RaftServerConfigKeys (ConfUtils.java:logFallback(53)) - raft.server.rpc.first-election.timeout.max = 1200ms (fallback to raft.server.rpc.timeout.max)
2024-03-04 12:55:33,691 [grpc-default-executor-0] INFO  server.RaftServer$Division (RaftServerImpl.java:setRole(383)) - omNode-3@group-523986131536: changes role from  FOLLOWER to FOLLOWER at term 1 for candidate:omNode-1
2024-03-04 12:55:33,691 [grpc-default-executor-0] INFO  impl.RoleInfo (RoleInfo.java:shutdownFollowerState(110)) - omNode-3: shutdown omNode-3@group-523986131536-FollowerState
2024-03-04 12:55:33,691 [grpc-default-executor-0] INFO  impl.RoleInfo (RoleInfo.java:updateAndGet(139)) - omNode-3: start omNode-3@group-523986131536-FollowerState
2024-03-04 12:55:33,691 [omNode-3@group-523986131536-FollowerState] INFO  impl.FollowerState (FollowerState.java:run(152)) - omNode-3@group-523986131536-FollowerState was interrupted
2024-03-04 12:55:33,693 [grpc-default-executor-0] INFO  server.RaftServer$Division (RaftServerImpl.java:setFirstElection(574)) - omNode-3@group-523986131536: set firstElectionSinceStartup to false for candidate:omNode-1
2024-03-04 12:55:33,697 [grpc-default-executor-0] INFO  server.RaftServer$Division (RaftServerImpl.java:requestVote(1422)) - omNode-3@group-523986131536 replies to ELECTION vote request: omNode-1<-omNode-3#0:OK-t1. Peer's state: omNode-3@group-523986131536:t1, leader=null, voted=omNode-1, raftlog=Memoized:omNode-3@group-523986131536-SegmentedRaftLog:OPENED:c-1, conf=-1: peers:[omNode-3|localhost:15101, omNode-1|localhost:15093, omNode-2|localhost:15097]|listeners:[], old=null
2024-03-04 12:55:33,698 [omNode-1@group-523986131536-LeaderElection23] INFO  impl.LeaderElection (LeaderElection.java:logAndReturn(89)) - omNode-1@group-523986131536-LeaderElection23: ELECTION PASSED received 1 response(s) and 0 exception(s):
2024-03-04 12:55:33,698 [omNode-1@group-523986131536-LeaderElection23] INFO  impl.LeaderElection (LeaderElection.java:logAndReturn(93)) -   Response 0: omNode-1<-omNode-3#0:OK-t1
2024-03-04 12:55:33,698 [omNode-1@group-523986131536-LeaderElection23] INFO  impl.LeaderElection (LeaderElection.java:askForVotes(323)) - omNode-1@group-523986131536-LeaderElection23 ELECTION round 0: result PASSED
2024-03-04 12:55:33,698 [omNode-1@group-523986131536-LeaderElection23] INFO  impl.RoleInfo (RoleInfo.java:shutdownLeaderElection(130)) - omNode-1: shutdown omNode-1@group-523986131536-LeaderElection23
2024-03-04 12:55:33,698 [omNode-1@group-523986131536-LeaderElection23] INFO  server.RaftServer$Division (RaftServerImpl.java:setRole(383)) - omNode-1@group-523986131536: changes role from CANDIDATE to LEADER at term 1 for changeToLeader
2024-03-04 12:55:33,698 [omNode-1@group-523986131536-LeaderElection23] INFO  server.RaftServerConfigKeys (ConfUtils.java:logGet(46)) - raft.server.staging.catchup.gap = 1000 (default)
2024-03-04 12:55:33,698 [omNode-1@group-523986131536-LeaderElection23] INFO  server.RaftServerConfigKeys (ConfUtils.java:logGet(46)) - raft.server.write.element-limit = 4096 (default)
2024-03-04 12:55:33,698 [omNode-1@group-523986131536-LeaderElection23] INFO  server.RaftServerConfigKeys (ConfUtils.java:logGet(46)) - raft.server.write.byte-limit = 64MB (=67108864) (default)
2024-03-04 12:55:33,698 [omNode-1@group-523986131536-LeaderElection23] INFO  server.RaftServerConfigKeys (ConfUtils.java:logGet(46)) - raft.server.watch.timeout = 10s (default)
2024-03-04 12:55:33,698 [omNode-1@group-523986131536-LeaderElection23] INFO  server.RaftServerConfigKeys (ConfUtils.java:logGet(46)) - raft.server.watch.timeout.denomination = 1s (default)
2024-03-04 12:55:33,698 [omNode-1@group-523986131536-LeaderElection23] INFO  server.RaftServerConfigKeys (ConfUtils.java:logGet(46)) - raft.server.watch.element-limit = 65536 (default)
2024-03-04 12:55:33,699 [omNode-1@group-523986131536-LeaderElection23] INFO  server.RaftServerConfigKeys (ConfUtils.java:logGet(46)) - raft.server.read.leader.lease.enabled = false (default)
2024-03-04 12:55:33,699 [omNode-1@group-523986131536-LeaderElection23] INFO  server.RaftServerConfigKeys (ConfUtils.java:logGet(46)) - raft.server.read.leader.lease.timeout.ratio = 0.9 (default)
2024-03-04 12:55:33,699 [omNode-1@group-523986131536-LeaderElection23] INFO  server.RaftServerConfigKeys (ConfUtils.java:logGet(46)) - raft.server.rpc.timeout.min = 1s (custom)
2024-03-04 12:55:33,699 [omNode-1@group-523986131536-LeaderElection23] INFO  server.RaftServerConfigKeys (ConfUtils.java:logGet(46)) - raft.server.write.element-limit = 4096 (default)
2024-03-04 12:55:33,699 [omNode-1@group-523986131536-LeaderElection23] INFO  server.RaftServerConfigKeys (ConfUtils.java:logGet(46)) - raft.server.write.follower.gap.ratio.max = -1.0 (default)
2024-03-04 12:55:33,699 [omNode-1@group-523986131536-LeaderElection23] INFO  server.RaftServerConfigKeys (ConfUtils.java:logGet(46)) - raft.server.log.appender.snapshot.chunk.size.max = 16MB (=16777216) (default)
2024-03-04 12:55:33,699 [omNode-1@group-523986131536-LeaderElection23] INFO  server.RaftServerConfigKeys (ConfUtils.java:logGet(46)) - raft.server.log.appender.buffer.byte-limit = 4194304 (custom)
2024-03-04 12:55:33,699 [omNode-1@group-523986131536-LeaderElection23] INFO  server.RaftServerConfigKeys (ConfUtils.java:logGet(46)) - raft.server.log.appender.buffer.element-limit = 1024 (custom)
2024-03-04 12:55:33,699 [omNode-1@group-523986131536-LeaderElection23] INFO  server.RaftServerConfigKeys (ConfUtils.java:logGet(46)) - raft.server.log.appender.wait-time.min = 0ms (custom)
2024-03-04 12:55:33,699 [omNode-1@group-523986131536-LeaderElection23] INFO  grpc.GrpcConfigKeys (ConfUtils.java:logGet(46)) - raft.grpc.server.leader.outstanding.appends.max = 8 (default)
2024-03-04 12:55:33,700 [omNode-1@group-523986131536-LeaderElection23] INFO  server.RaftServerConfigKeys (ConfUtils.java:logGet(46)) - raft.server.rpc.request.timeout = 3000ms (default)
2024-03-04 12:55:33,700 [omNode-1@group-523986131536-LeaderElection23] INFO  grpc.GrpcConfigKeys (ConfUtils.java:logGet(46)) - raft.grpc.server.install_snapshot.request.element-limit = 8 (default)
2024-03-04 12:55:33,700 [omNode-1@group-523986131536-LeaderElection23] INFO  grpc.GrpcConfigKeys (ConfUtils.java:logGet(46)) - raft.grpc.server.install_snapshot.request.timeout = 3000ms (default)
2024-03-04 12:55:33,700 [omNode-1@group-523986131536-LeaderElection23] INFO  grpc.GrpcConfigKeys (ConfUtils.java:logGet(46)) - raft.grpc.server.log-message.batch.duration = 5s (default)
2024-03-04 12:55:33,700 [omNode-1@group-523986131536-LeaderElection23] INFO  server.RaftServerConfigKeys (ConfUtils.java:logGet(46)) - raft.server.log.appender.install.snapshot.enabled = false (custom)
2024-03-04 12:55:33,700 [omNode-1@group-523986131536-LeaderElection23] INFO  grpc.GrpcConfigKeys (ConfUtils.java:logGet(46)) - raft.grpc.server.heartbeat.channel = true (default)
2024-03-04 12:55:33,700 [omNode-1@group-523986131536-LeaderElection23] INFO  server.RaftServerConfigKeys (ConfUtils.java:logGet(46)) - raft.server.log.appender.snapshot.chunk.size.max = 16MB (=16777216) (default)
2024-03-04 12:55:33,700 [omNode-1@group-523986131536-LeaderElection23] INFO  server.RaftServerConfigKeys (ConfUtils.java:logGet(46)) - raft.server.log.appender.buffer.byte-limit = 4194304 (custom)
2024-03-04 12:55:33,701 [omNode-1@group-523986131536-LeaderElection23] INFO  server.RaftServerConfigKeys (ConfUtils.java:logGet(46)) - raft.server.log.appender.buffer.element-limit = 1024 (custom)
2024-03-04 12:55:33,701 [omNode-1@group-523986131536-LeaderElection23] INFO  server.RaftServerConfigKeys (ConfUtils.java:logGet(46)) - raft.server.log.appender.wait-time.min = 0ms (custom)
2024-03-04 12:55:33,701 [omNode-1@group-523986131536-LeaderElection23] INFO  grpc.GrpcConfigKeys (ConfUtils.java:logGet(46)) - raft.grpc.server.leader.outstanding.appends.max = 8 (default)
2024-03-04 12:55:33,701 [omNode-1@group-523986131536-LeaderElection23] INFO  server.RaftServerConfigKeys (ConfUtils.java:logGet(46)) - raft.server.rpc.request.timeout = 3000ms (default)
2024-03-04 12:55:33,701 [omNode-1@group-523986131536-LeaderElection23] INFO  grpc.GrpcConfigKeys (ConfUtils.java:logGet(46)) - raft.grpc.server.install_snapshot.request.element-limit = 8 (default)
2024-03-04 12:55:33,701 [omNode-1@group-523986131536-LeaderElection23] INFO  grpc.GrpcConfigKeys (ConfUtils.java:logGet(46)) - raft.grpc.server.install_snapshot.request.timeout = 3000ms (default)
2024-03-04 12:55:33,701 [omNode-1@group-523986131536-LeaderElection23] INFO  grpc.GrpcConfigKeys (ConfUtils.java:logGet(46)) - raft.grpc.server.log-message.batch.duration = 5s (default)
2024-03-04 12:55:33,701 [omNode-1@group-523986131536-LeaderElection23] INFO  server.RaftServerConfigKeys (ConfUtils.java:logGet(46)) - raft.server.log.appender.install.snapshot.enabled = false (custom)
2024-03-04 12:55:33,701 [omNode-1@group-523986131536-LeaderElection23] INFO  grpc.GrpcConfigKeys (ConfUtils.java:logGet(46)) - raft.grpc.server.heartbeat.channel = true (default)
2024-03-04 12:55:33,701 [omNode-1@group-523986131536-LeaderElection23] INFO  impl.RoleInfo (RoleInfo.java:updateAndGet(139)) - omNode-1: start omNode-1@group-523986131536-LeaderStateImpl
2024-03-04 12:55:33,701 [omNode-1@group-523986131536-LeaderElection23] INFO  server.RaftServer$Division (RaftServerImpl.java:setFirstElection(574)) - omNode-1@group-523986131536: set firstElectionSinceStartup to false for becomeLeader
2024-03-04 12:55:33,702 [omNode-1@group-523986131536-LeaderElection23] INFO  server.RaftServer$Division (ServerState.java:setLeader(269)) - omNode-1@group-523986131536: change Leader from null to omNode-1 at term 1 for becomeLeader, leader elected after 1334ms
2024-03-04 12:55:33,702 [omNode-1@group-523986131536-LeaderElection23] INFO  segmented.SegmentedRaftLogWorker (SegmentedRaftLogWorker.java:startLogSegment(430)) - omNode-1@group-523986131536-SegmentedRaftLogWorker: Starting segment from index:0
2024-03-04 12:55:33,702 [grpc-default-executor-0] INFO  server.RaftServer$Division (RaftServerImpl.java:requestVote(1389)) - omNode-2@group-523986131536: receive requestVote(ELECTION, omNode-1, group-523986131536, 1, (t:0, i:~))
2024-03-04 12:55:33,702 [grpc-default-executor-0] INFO  impl.VoteContext (VoteContext.java:log(49)) - omNode-2@group-523986131536-FOLLOWER: accept ELECTION from omNode-1: our priority 0 <= candidate's priority 0
2024-03-04 12:55:33,702 [grpc-default-executor-0] INFO  server.RaftServer$Division (RaftServerImpl.java:setRole(383)) - omNode-2@group-523986131536: changes role from  FOLLOWER to FOLLOWER at term 1 for candidate:omNode-1
2024-03-04 12:55:33,702 [grpc-default-executor-0] INFO  impl.RoleInfo (RoleInfo.java:shutdownFollowerState(110)) - omNode-2: shutdown omNode-2@group-523986131536-FollowerState
2024-03-04 12:55:33,702 [grpc-default-executor-0] INFO  impl.RoleInfo (RoleInfo.java:updateAndGet(139)) - omNode-2: start omNode-2@group-523986131536-FollowerState
2024-03-04 12:55:33,702 [omNode-2@group-523986131536-FollowerState] INFO  impl.FollowerState (FollowerState.java:run(152)) - omNode-2@group-523986131536-FollowerState was interrupted
2024-03-04 12:55:33,703 [omNode-1@group-523986131536-SegmentedRaftLogWorker] INFO  segmented.BufferedWriteChannel (BufferedWriteChannel.java:open(62)) - open log_inprogress_0 at position 0
2024-03-04 12:55:33,705 [grpc-default-executor-0] INFO  server.RaftServer$Division (RaftServerImpl.java:setFirstElection(574)) - omNode-2@group-523986131536: set firstElectionSinceStartup to false for candidate:omNode-1
2024-03-04 12:55:33,707 [omNode-1@group-523986131536-LeaderElection23] INFO  server.RaftServer$Division (ServerState.java:setRaftConf(386)) - omNode-1@group-523986131536: set configuration 0: peers:[omNode-3|localhost:15101, omNode-1|localhost:15093, omNode-2|localhost:15097]|listeners:[], old=null
2024-03-04 12:55:33,707 [grpc-default-executor-0] INFO  server.RaftServer$Division (RaftServerImpl.java:requestVote(1422)) - omNode-2@group-523986131536 replies to ELECTION vote request: omNode-1<-omNode-2#0:OK-t1. Peer's state: omNode-2@group-523986131536:t1, leader=null, voted=omNode-1, raftlog=Memoized:omNode-2@group-523986131536-SegmentedRaftLog:OPENED:c-1, conf=-1: peers:[omNode-3|localhost:15101, omNode-1|localhost:15093, omNode-2|localhost:15097]|listeners:[], old=null
2024-03-04 12:55:33,712 [omNode-1@group-523986131536-SegmentedRaftLogWorker] INFO  segmented.SegmentedRaftLogWorker (SegmentedRaftLogWorker.java:execute(634)) - omNode-1@group-523986131536-SegmentedRaftLogWorker: created new log segment /home/runner/work/ozone/ozone/hadoop-ozone/integration-test/target/test-dir/MiniOzoneClusterImpl-5dfaf9ee-e84d-4a0a-b307-fdee3dcb636e/omNode-1/ratis/c9bc4cf4-3bc3-3c60-a66b-523986131536/current/log_inprogress_0
2024-03-04 12:55:33,717 [main] INFO  handler.ContextHandler (ContextHandler.java:doStart(921)) - Started o.e.j.w.WebAppContext@13bd2f20{hddsDatanode,/,file:///home/runner/work/ozone/ozone/hadoop-ozone/integration-test/target/test-dir/MiniOzoneClusterImpl-5dfaf9ee-e84d-4a0a-b307-fdee3dcb636e/ozone-meta/datanode-2/meta/webserver/jetty-0_0_0_0-15112-hdds-container-service-1_5_0-SNAPSHOT_jar-_-any-1154939428328869229/webapp/,AVAILABLE}{jar:file:/home/runner/.m2/repository/org/apache/ozone/hdds-container-service/1.5.0-SNAPSHOT/hdds-container-service-1.5.0-SNAPSHOT.jar!/webapps/hddsDatanode}
2024-03-04 12:55:33,723 [main] INFO  server.AbstractConnector (AbstractConnector.java:doStart(333)) - Started ServerConnector@7f5d07f6{HTTP/1.1, (http/1.1)}{0.0.0.0:15112}
2024-03-04 12:55:33,724 [main] INFO  server.Server (Server.java:doStart(415)) - Started @229307ms
2024-03-04 12:55:33,724 [omNode-3-server-thread2] INFO  server.RaftServer$Division (ServerState.java:setLeader(269)) - omNode-3@group-523986131536: change Leader from null to omNode-1 at term 1 for appendEntries, leader elected after 476ms
2024-03-04 12:55:33,724 [main] WARN  impl.MetricsSystemImpl (MetricsSystemImpl.java:register(279)) - Sink prometheus already exists!
2024-03-04 12:55:33,725 [main] INFO  http.BaseHttpServer (BaseHttpServer.java:updateConnectorAddress(354)) - HTTP server of hddsDatanode listening at http://0.0.0.0:15112
2024-03-04 12:55:33,726 [main] INFO  ipc.CallQueueManager (CallQueueManager.java:<init>(90)) - Using callQueue: class java.util.concurrent.LinkedBlockingQueue, queueCapacity: 100, scheduler: class org.apache.hadoop.ipc.DefaultRpcScheduler, ipcBackoff: false.
2024-03-04 12:55:33,725 [omNode-2-server-thread2] INFO  server.RaftServer$Division (ServerState.java:setLeader(269)) - omNode-2@group-523986131536: change Leader from null to omNode-1 at term 1 for appendEntries, leader elected after 896ms
2024-03-04 12:55:33,725 [omNode-3-server-thread2] INFO  server.RaftServer$Division (ServerState.java:setRaftConf(386)) - omNode-3@group-523986131536: set configuration 0: peers:[omNode-3|localhost:15101, omNode-1|localhost:15093, omNode-2|localhost:15097]|listeners:[], old=null
2024-03-04 12:55:33,726 [main] INFO  ipc.Server (Server.java:<init>(1287)) - Listener at 0.0.0.0:15113
2024-03-04 12:55:33,726 [omNode-3-server-thread2] INFO  segmented.SegmentedRaftLogWorker (SegmentedRaftLogWorker.java:startLogSegment(430)) - omNode-3@group-523986131536-SegmentedRaftLogWorker: Starting segment from index:0
2024-03-04 12:55:33,726 [Socket Reader #1 for port 15113] INFO  ipc.Server (Server.java:run(1323)) - Starting Socket Reader #1 for port 15113
2024-03-04 12:55:33,727 [omNode-2-server-thread2] INFO  server.RaftServer$Division (ServerState.java:setRaftConf(386)) - omNode-2@group-523986131536: set configuration 0: peers:[omNode-3|localhost:15101, omNode-1|localhost:15093, omNode-2|localhost:15097]|listeners:[], old=null
2024-03-04 12:55:33,727 [omNode-2-server-thread2] INFO  segmented.SegmentedRaftLogWorker (SegmentedRaftLogWorker.java:startLogSegment(430)) - omNode-2@group-523986131536-SegmentedRaftLogWorker: Starting segment from index:0
2024-03-04 12:55:33,728 [omNode-3@group-523986131536-SegmentedRaftLogWorker] INFO  segmented.BufferedWriteChannel (BufferedWriteChannel.java:open(62)) - open log_inprogress_0 at position 0
2024-03-04 12:55:33,728 [omNode-2@group-523986131536-SegmentedRaftLogWorker] INFO  segmented.BufferedWriteChannel (BufferedWriteChannel.java:open(62)) - open log_inprogress_0 at position 0
2024-03-04 12:55:33,736 [main] INFO  ozone.HddsDatanodeService (HddsDatanodeService.java:start(327)) - Datanode start with admins: [*, runner]
2024-03-04 12:55:33,736 [main] INFO  ozone.HddsDatanodeClientProtocolServer (HddsDatanodeClientProtocolServer.java:start(77)) - RPC server for Client /0.0.0.0:15113
2024-03-04 12:55:33,737 [IPC Server Responder] INFO  ipc.Server (Server.java:run(1562)) - IPC Server Responder: starting
2024-03-04 12:55:33,737 [IPC Server listener on 15113] INFO  ipc.Server (Server.java:run(1402)) - IPC Server listener on 15113: starting
2024-03-04 12:55:33,738 [main] WARN  dropwizard3.Dm3MetricRegistriesImpl (Dm3MetricRegistriesImpl.java:addReporterRegistration(113)) - New reporters are added after registries were created. Some metrics will be missing from the reporter. Please add reporter before adding any new registry.
2024-03-04 12:55:33,738 [main] WARN  dropwizard3.Dm3MetricRegistriesImpl (Dm3MetricRegistriesImpl.java:addReporterRegistration(113)) - New reporters are added after registries were created. Some metrics will be missing from the reporter. Please add reporter before adding any new registry.
2024-03-04 12:55:33,738 [main] INFO  impl.MetricsSystemImpl (MetricsSystemImpl.java:init(158)) - HddsDatanode metrics system started (again)
2024-03-04 12:55:33,741 [omNode-3@group-523986131536-SegmentedRaftLogWorker] INFO  segmented.SegmentedRaftLogWorker (SegmentedRaftLogWorker.java:execute(634)) - omNode-3@group-523986131536-SegmentedRaftLogWorker: created new log segment /home/runner/work/ozone/ozone/hadoop-ozone/integration-test/target/test-dir/MiniOzoneClusterImpl-5dfaf9ee-e84d-4a0a-b307-fdee3dcb636e/omNode-3/ratis/c9bc4cf4-3bc3-3c60-a66b-523986131536/current/log_inprogress_0
2024-03-04 12:55:33,741 [da245a40-dab6-49b3-9cd4-dfd962afc5b6-DatanodeStateMachineDaemonThread] INFO  statemachine.DatanodeStateMachine (DatanodeStateMachine.java:lambda$startDaemon$1(555)) - Ozone container server started.
2024-03-04 12:55:33,741 [omNode-2@group-523986131536-SegmentedRaftLogWorker] INFO  segmented.SegmentedRaftLogWorker (SegmentedRaftLogWorker.java:execute(634)) - omNode-2@group-523986131536-SegmentedRaftLogWorker: created new log segment /home/runner/work/ozone/ozone/hadoop-ozone/integration-test/target/test-dir/MiniOzoneClusterImpl-5dfaf9ee-e84d-4a0a-b307-fdee3dcb636e/omNode-2/ratis/c9bc4cf4-3bc3-3c60-a66b-523986131536/current/log_inprogress_0
2024-03-04 12:55:33,744 [omNode-1@group-523986131536-StateMachineUpdater] INFO  ratis.OzoneManagerStateMachine (OzoneManagerStateMachine.java:notifyConfigurationChanged(198)) - Received Configuration change notification from Ratis. New Peer list:
[id: "omNode-3"
address: "localhost:15101"
startupRole: FOLLOWER
, id: "omNode-1"
address: "localhost:15093"
startupRole: FOLLOWER
, id: "omNode-2"
address: "localhost:15097"
startupRole: FOLLOWER
]
2024-03-04 12:55:33,744 [omNode-1@group-523986131536-StateMachineUpdater] INFO  server.RaftServer$Division (LeaderStateImpl.java:isApplied(320)) - leader is ready since appliedIndex == 0 >= startIndex == 0
2024-03-04 12:55:33,748 [da245a40-dab6-49b3-9cd4-dfd962afc5b6-DatanodeStateMachineTaskThread-0] INFO  datanode.InitDatanodeState (InitDatanodeState.java:persistContainerDatanodeDetails(139)) - DatanodeDetails is persisted to /home/runner/work/ozone/ozone/hadoop-ozone/integration-test/target/test-dir/MiniOzoneClusterImpl-5dfaf9ee-e84d-4a0a-b307-fdee3dcb636e/ozone-meta/datanode-2/meta/datanode.id
2024-03-04 12:55:33,750 [main] INFO  ozone.HddsDatanodeService (HddsDatanodeService.java:start(240)) - HddsDatanodeService host:fv-az571-795.sssw3dgiwi1e5jwxh1zizygaca.bx.internal.cloudapp.net ip:10.1.0.12
2024-03-04 12:55:33,763 [main] INFO  upgrade.AbstractLayoutVersionManager (AbstractLayoutVersionManager.java:init(83)) - Initializing Layout version manager with metadata layout = HADOOP_PRC_PORTS_IN_DATANODEDETAILS (version = 7), software layout = HADOOP_PRC_PORTS_IN_DATANODEDETAILS (version = 7)
2024-03-04 12:55:33,763 [main] INFO  statemachine.DatanodeStateMachine (DatanodeStateMachine.java:getEndPointTaskThreadPoolSize(299)) - Datanode State Machine Task Thread Pool size 2
2024-03-04 12:55:33,764 [main] INFO  volume.HddsVolume (HddsVolume.java:<init>(125)) - Creating HddsVolume: /home/runner/work/ozone/ozone/hadoop-ozone/integration-test/target/test-dir/MiniOzoneClusterImpl-5dfaf9ee-e84d-4a0a-b307-fdee3dcb636e/ozone-meta/datanode-3/data-0/hdds of storage type : DISK capacity : 9223372036854775807
2024-03-04 12:55:33,765 [main] INFO  volume.MutableVolumeSet (MutableVolumeSet.java:initializeVolumeSet(173)) - Added Volume : /home/runner/work/ozone/ozone/hadoop-ozone/integration-test/target/test-dir/MiniOzoneClusterImpl-5dfaf9ee-e84d-4a0a-b307-fdee3dcb636e/ozone-meta/datanode-3/data-0/hdds to VolumeSet
2024-03-04 12:55:33,765 [main] INFO  volume.MutableVolumeSet (MutableVolumeSet.java:initializeVolumeSet(173)) - Added Volume : /home/runner/work/ozone/ozone/hadoop-ozone/integration-test/target/test-dir/MiniOzoneClusterImpl-5dfaf9ee-e84d-4a0a-b307-fdee3dcb636e/ozone-meta/datanode-3/ratis to VolumeSet
2024-03-04 12:55:33,766 [main] INFO  ozoneimpl.OzoneContainer (HddsVolumeUtil.java:loadAllHddsVolumeDbStore(103)) - Load 1 volumes DbStore cost: 1ms
2024-03-04 12:55:33,767 [main] INFO  server.RaftServer (ConfUtils.java:logGet(46)) - raft.rpc.type = GRPC (default)
2024-03-04 12:55:33,767 [main] INFO  grpc.GrpcConfigKeys (ConfUtils.java:logFallback(53)) - raft.grpc.admin.host = null (fallback to raft.grpc.server.host)
2024-03-04 12:55:33,767 [main] INFO  grpc.GrpcConfigKeys (ConfUtils.java:logGet(46)) - raft.grpc.admin.port = 15125 (custom)
2024-03-04 12:55:33,768 [main] INFO  grpc.GrpcConfigKeys (ConfUtils.java:logFallback(53)) - raft.grpc.client.host = null (fallback to raft.grpc.server.host)
2024-03-04 12:55:33,768 [main] INFO  grpc.GrpcConfigKeys (ConfUtils.java:logGet(46)) - raft.grpc.client.port = 15124 (custom)
2024-03-04 12:55:33,768 [main] INFO  grpc.GrpcConfigKeys (ConfUtils.java:logGet(46)) - raft.grpc.server.host = null (default)
2024-03-04 12:55:33,768 [main] INFO  grpc.GrpcConfigKeys (ConfUtils.java:logGet(46)) - raft.grpc.server.port = 15126 (custom)
2024-03-04 12:55:33,768 [main] INFO  server.GrpcService (ConfUtils.java:logGet(46)) - raft.grpc.message.size.max = 32MB (=33554432) (custom)
2024-03-04 12:55:33,768 [main] INFO  server.RaftServerConfigKeys (ConfUtils.java:logGet(46)) - raft.server.log.appender.buffer.byte-limit = 8388608 (custom)
2024-03-04 12:55:33,769 [main] INFO  server.GrpcService (ConfUtils.java:logGet(46)) - raft.grpc.flow.control.window = 5MB (=5242880) (custom)
2024-03-04 12:55:33,769 [main] INFO  server.RaftServerConfigKeys (ConfUtils.java:logGet(46)) - raft.server.rpc.request.timeout = 60s (custom)
2024-03-04 12:55:33,769 [main] INFO  grpc.GrpcConfigKeys (ConfUtils.java:logGet(46)) - raft.grpc.server.heartbeat.channel = true (default)
2024-03-04 12:55:33,769 [main] INFO  grpc.GrpcConfigKeys (ConfUtils.java:logGet(46)) - raft.grpc.server.async.request.thread.pool.cached = true (default)
2024-03-04 12:55:33,769 [main] INFO  grpc.GrpcConfigKeys (ConfUtils.java:logGet(46)) - raft.grpc.server.async.request.thread.pool.size = 32 (default)
2024-03-04 12:55:33,771 [main] INFO  impl.DataStreamServerImpl (ConfUtils.java:logGet(46)) - raft.datastream.type = NETTY (custom)
2024-03-04 12:55:33,771 [main] INFO  server.RaftServerConfigKeys (ConfUtils.java:logGet(46)) - raft.server.data-stream.async.request.thread.pool.cached = false (default)
2024-03-04 12:55:33,771 [main] INFO  server.RaftServerConfigKeys (ConfUtils.java:logGet(46)) - raft.server.data-stream.async.request.thread.pool.size = 20 (custom)
2024-03-04 12:55:33,771 [main] INFO  server.RaftServerConfigKeys (ConfUtils.java:logGet(46)) - raft.server.data-stream.async.write.thread.pool.size = 16 (default)
2024-03-04 12:55:33,772 [main] INFO  netty.NettyConfigKeys$DataStream (ConfUtils.java:logGet(46)) - raft.netty.dataStream.server.channel.inactive.grace-period = 10min (default)
2024-03-04 12:55:33,772 [main] INFO  server.RaftServerConfigKeys (ConfUtils.java:logGet(46)) - raft.server.data-stream.client.pool.size = 10 (default)
2024-03-04 12:55:33,772 [main] INFO  netty.NettyConfigKeys$DataStream (ConfUtils.java:logGet(46)) - raft.netty.dataStream.server.use-epoll = true (default)
2024-03-04 12:55:33,772 [main] INFO  netty.NettyConfigKeys$DataStream (ConfUtils.java:logGet(46)) - raft.netty.dataStream.server.boss-group.size = 0 (default)
2024-03-04 12:55:33,772 [main] INFO  netty.NettyUtils (NettyUtils.java:newEventLoopGroup(69)) - Create EpollEventLoopGroup for 00bce28b-f3a7-4d13-8bf8-b8e0995a094e-NettyServerStreamRpc-bossGroup; Thread size is 0.
2024-03-04 12:55:33,773 [main] INFO  netty.NettyConfigKeys$DataStream (ConfUtils.java:logGet(46)) - raft.netty.dataStream.server.worker-group.size = 0 (default)
2024-03-04 12:55:33,773 [main] INFO  netty.NettyUtils (NettyUtils.java:newEventLoopGroup(69)) - Create EpollEventLoopGroup for 00bce28b-f3a7-4d13-8bf8-b8e0995a094e-NettyServerStreamRpc-workerGroup; Thread size is 0.
2024-03-04 12:55:33,773 [main] INFO  netty.NettyConfigKeys$DataStream (ConfUtils.java:logGet(46)) - raft.netty.dataStream.server.tls.conf = null (default)
2024-03-04 12:55:33,773 [main] INFO  netty.NettyConfigKeys$DataStream (ConfUtils.java:logGet(46)) - raft.netty.dataStream.host = null (default)
2024-03-04 12:55:33,774 [main] INFO  netty.NettyConfigKeys$DataStream (ConfUtils.java:logGet(46)) - raft.netty.dataStream.port = 15127 (custom)
2024-03-04 12:55:33,774 [main] INFO  server.RaftServerConfigKeys (ConfUtils.java:logGet(46)) - raft.server.sleep.deviation.threshold = 300ms (default)
2024-03-04 12:55:33,774 [main] INFO  server.RaftServerConfigKeys (ConfUtils.java:logGet(46)) - raft.server.close.threshold = 60s (default)
2024-03-04 12:55:33,774 [00bce28b-f3a7-4d13-8bf8-b8e0995a094e-NettyServerStreamRpc-bossGroup--thread1] INFO  logging.LoggingHandler (AbstractInternalLogger.java:log(148)) - [id: 0xd8b0299b] REGISTERED
2024-03-04 12:55:33,774 [main] INFO  server.RaftServerConfigKeys (ConfUtils.java:logGet(46)) - raft.server.leaderelection.leader.step-down.wait-time = 10s (default)
2024-03-04 12:55:33,775 [00bce28b-f3a7-4d13-8bf8-b8e0995a094e-NettyServerStreamRpc-bossGroup--thread1] INFO  logging.LoggingHandler (AbstractInternalLogger.java:log(148)) - [id: 0xd8b0299b] BIND: 0.0.0.0/0.0.0.0:15127
2024-03-04 12:55:33,775 [main] INFO  server.RaftServerConfigKeys (ConfUtils.java:logGet(46)) - raft.server.storage.dir = [/home/runner/work/ozone/ozone/hadoop-ozone/integration-test/target/test-dir/MiniOzoneClusterImpl-5dfaf9ee-e84d-4a0a-b307-fdee3dcb636e/ozone-meta/datanode-3/ratis] (custom)
2024-03-04 12:55:33,775 [00bce28b-f3a7-4d13-8bf8-b8e0995a094e-NettyServerStreamRpc-bossGroup--thread1] INFO  logging.LoggingHandler (AbstractInternalLogger.java:log(148)) - [id: 0xd8b0299b, L:/0.0.0.0:15127] ACTIVE
2024-03-04 12:55:33,775 [main] INFO  server.RaftServerConfigKeys (ConfUtils.java:logGet(46)) - raft.server.threadpool.proxy.cached = true (default)
2024-03-04 12:55:33,775 [main] INFO  server.RaftServerConfigKeys (ConfUtils.java:logGet(46)) - raft.server.threadpool.proxy.size = 0 (default)
2024-03-04 12:55:33,775 [00bce28b-f3a7-4d13-8bf8-b8e0995a094e-impl-thread1] INFO  server.RaftServer (RaftServerProxy.java:initGroupDir(264)) - 00bce28b-f3a7-4d13-8bf8-b8e0995a094e: found a subdirectory /home/runner/work/ozone/ozone/hadoop-ozone/integration-test/target/test-dir/MiniOzoneClusterImpl-5dfaf9ee-e84d-4a0a-b307-fdee3dcb636e/ozone-meta/datanode-3/ratis/tmp
2024-03-04 12:55:33,775 [00bce28b-f3a7-4d13-8bf8-b8e0995a094e-impl-thread1] INFO  server.RaftServer (RaftServerProxy.java:initGroupDir(269)) - 00bce28b-f3a7-4d13-8bf8-b8e0995a094e: The directory /home/runner/work/ozone/ozone/hadoop-ozone/integration-test/target/test-dir/MiniOzoneClusterImpl-5dfaf9ee-e84d-4a0a-b307-fdee3dcb636e/ozone-meta/datanode-3/ratis/tmp is not a group directory; ignoring it. 
2024-03-04 12:55:33,776 [main] INFO  replication.ReplicationServer (ReplicationServer.java:<init>(86)) - Initializing replication server with thread count = 10 queue length = 4096
2024-03-04 12:55:33,777 [main] INFO  server.XceiverServerGrpc (XceiverServerGrpc.java:<init>(141)) - GrpcServer channel type EpollServerSocketChannel
2024-03-04 12:55:33,778 [main] INFO  replication.ReplicationSupervisor (ReplicationSupervisor.java:build(163)) - Initializing replication supervisor with thread count = 10
2024-03-04 12:55:33,778 [main] INFO  replication.ReplicationSupervisor (ReplicationSupervisor.java:nodeStateUpdated(317)) - Node state updated to IN_SERVICE, scaling executor pool size to 10
2024-03-04 12:55:33,781 [main] INFO  http.BaseHttpServer (BaseHttpServer.java:newHttpServer2BuilderForOzone(223)) - Starting Web-server for hddsDatanode at: http://0.0.0.0:15121
2024-03-04 12:55:33,781 [main] INFO  http.BaseHttpServer (BaseHttpServer.java:<init>(110)) - Hadoop Security Enabled: false Ozone Security Enabled: false Ozone HTTP Security Enabled: false 
2024-03-04 12:55:33,782 [main] WARN  server.AuthenticationFilter (AuthenticationFilter.java:constructSecretProvider(240)) - Unable to initialize FileSignerSecretProvider, falling back to use random secrets. Reason: Could not read signature secret file: /home/runner/hadoop-http-auth-signature-secret
2024-03-04 12:55:33,782 [main] INFO  http.HttpRequestLog (HttpRequestLog.java:getRequestLog(86)) - Http request log for http.requests.hddsDatanode is not defined
2024-03-04 12:55:33,783 [main] INFO  http.HttpServer2 (HttpServer2.java:addGlobalFilter(1036)) - Added global filter 'safety' (class=org.apache.hadoop.hdds.server.http.HttpServer2$QuotingInputFilter)
2024-03-04 12:55:33,783 [main] INFO  http.HttpServer2 (HttpServer2.java:addFilter(1012)) - Added filter static_user_filter (class=org.apache.hadoop.http.lib.StaticUserWebFilter$StaticUserFilter) to context hddsDatanode
2024-03-04 12:55:33,783 [main] INFO  http.HttpServer2 (HttpServer2.java:addFilter(1020)) - Added filter static_user_filter (class=org.apache.hadoop.http.lib.StaticUserWebFilter$StaticUserFilter) to context logs
2024-03-04 12:55:33,783 [main] INFO  http.HttpServer2 (HttpServer2.java:addFilter(1020)) - Added filter static_user_filter (class=org.apache.hadoop.http.lib.StaticUserWebFilter$StaticUserFilter) to context static
2024-03-04 12:55:33,784 [main] INFO  http.BaseHttpServer (BaseHttpServer.java:<init>(189)) - HTTP server of hddsDatanode uses base directory /home/runner/work/ozone/ozone/hadoop-ozone/integration-test/target/test-dir/MiniOzoneClusterImpl-5dfaf9ee-e84d-4a0a-b307-fdee3dcb636e/ozone-meta/datanode-3/meta/webserver
2024-03-04 12:55:33,784 [main] INFO  http.HttpServer2 (HttpServer2.java:bindListener(1236)) - Jetty bound to port 15121
2024-03-04 12:55:33,784 [main] INFO  server.Server (Server.java:doStart(375)) - jetty-9.4.53.v20231009; built: 2023-10-09T12:29:09.265Z; git: 27bde00a0b95a1d5bbee0eae7984f891d2d0f8c9; jvm 1.8.0_402-b06
2024-03-04 12:55:33,785 [main] INFO  server.session (DefaultSessionIdManager.java:doStart(334)) - DefaultSessionIdManager workerName=node0
2024-03-04 12:55:33,785 [main] INFO  server.session (DefaultSessionIdManager.java:doStart(339)) - No SessionScavenger set, using defaults
2024-03-04 12:55:33,785 [main] INFO  server.session (HouseKeeper.java:startScavenging(132)) - node0 Scavenging every 600000ms
2024-03-04 12:55:33,785 [main] INFO  handler.ContextHandler (ContextHandler.java:doStart(921)) - Started o.e.j.s.ServletContextHandler@6d899de1{logs,/logs,file:///home/runner/work/ozone/ozone/hadoop-ozone/integration-test/target/log,AVAILABLE}
2024-03-04 12:55:33,786 [main] INFO  handler.ContextHandler (ContextHandler.java:doStart(921)) - Started o.e.j.s.ServletContextHandler@6a8f232{static,/static,jar:file:/home/runner/.m2/repository/org/apache/ozone/hdds-container-service/1.5.0-SNAPSHOT/hdds-container-service-1.5.0-SNAPSHOT.jar!/webapps/static,AVAILABLE}
2024-03-04 12:55:33,819 [main] INFO  handler.ContextHandler (ContextHandler.java:doStart(921)) - Started o.e.j.w.WebAppContext@aa0cf7{hddsDatanode,/,file:///home/runner/work/ozone/ozone/hadoop-ozone/integration-test/target/test-dir/MiniOzoneClusterImpl-5dfaf9ee-e84d-4a0a-b307-fdee3dcb636e/ozone-meta/datanode-3/meta/webserver/jetty-0_0_0_0-15121-hdds-container-service-1_5_0-SNAPSHOT_jar-_-any-3532416737869680189/webapp/,AVAILABLE}{jar:file:/home/runner/.m2/repository/org/apache/ozone/hdds-container-service/1.5.0-SNAPSHOT/hdds-container-service-1.5.0-SNAPSHOT.jar!/webapps/hddsDatanode}
2024-03-04 12:55:33,822 [main] INFO  server.AbstractConnector (AbstractConnector.java:doStart(333)) - Started ServerConnector@466ab661{HTTP/1.1, (http/1.1)}{0.0.0.0:15121}
2024-03-04 12:55:33,823 [main] INFO  server.Server (Server.java:doStart(415)) - Started @229406ms
2024-03-04 12:55:33,823 [main] WARN  impl.MetricsSystemImpl (MetricsSystemImpl.java:register(279)) - Sink prometheus already exists!
2024-03-04 12:55:33,823 [main] INFO  http.BaseHttpServer (BaseHttpServer.java:updateConnectorAddress(354)) - HTTP server of hddsDatanode listening at http://0.0.0.0:15121
2024-03-04 12:55:33,824 [main] INFO  ipc.CallQueueManager (CallQueueManager.java:<init>(90)) - Using callQueue: class java.util.concurrent.LinkedBlockingQueue, queueCapacity: 100, scheduler: class org.apache.hadoop.ipc.DefaultRpcScheduler, ipcBackoff: false.
2024-03-04 12:55:33,824 [main] INFO  ipc.Server (Server.java:<init>(1287)) - Listener at 0.0.0.0:15122
2024-03-04 12:55:33,824 [Socket Reader #1 for port 15122] INFO  ipc.Server (Server.java:run(1323)) - Starting Socket Reader #1 for port 15122
2024-03-04 12:55:33,826 [main] INFO  ozone.HddsDatanodeService (HddsDatanodeService.java:start(327)) - Datanode start with admins: [*, runner]
2024-03-04 12:55:33,826 [main] INFO  ozone.HddsDatanodeClientProtocolServer (HddsDatanodeClientProtocolServer.java:start(77)) - RPC server for Client /0.0.0.0:15122
2024-03-04 12:55:33,826 [IPC Server Responder] INFO  ipc.Server (Server.java:run(1562)) - IPC Server Responder: starting
2024-03-04 12:55:33,826 [IPC Server listener on 15122] INFO  ipc.Server (Server.java:run(1402)) - IPC Server listener on 15122: starting
2024-03-04 12:55:33,828 [00bce28b-f3a7-4d13-8bf8-b8e0995a094e-DatanodeStateMachineDaemonThread] INFO  statemachine.DatanodeStateMachine (DatanodeStateMachine.java:lambda$startDaemon$1(555)) - Ozone container server started.
2024-03-04 12:55:33,828 [main] INFO  ozone.MiniOzoneClusterImpl (MiniOzoneClusterImpl.java:lambda$waitForClusterToBeReady$0(194)) - Waiting for nodes to be ready. Got 0 of 3 DN Heartbeats.
2024-03-04 12:55:33,829 [main] INFO  ozone.MiniOzoneClusterImpl (MiniOzoneClusterImpl.java:lambda$waitForClusterToBeReady$0(197)) - Waiting for cluster to exit safe mode
2024-03-04 12:55:33,829 [main] INFO  ozone.MiniOzoneClusterImpl (MiniOzoneClusterImpl.java:lambda$waitForClusterToBeReady$0(199)) - SCM became leader
2024-03-04 12:55:33,832 [00bce28b-f3a7-4d13-8bf8-b8e0995a094e-DatanodeStateMachineTaskThread-0] INFO  datanode.InitDatanodeState (InitDatanodeState.java:persistContainerDatanodeDetails(139)) - DatanodeDetails is persisted to /home/runner/work/ozone/ozone/hadoop-ozone/integration-test/target/test-dir/MiniOzoneClusterImpl-5dfaf9ee-e84d-4a0a-b307-fdee3dcb636e/ozone-meta/datanode-3/meta/datanode.id
2024-03-04 12:55:34,246 [omNode-3@group-523986131536-StateMachineUpdater] INFO  ratis.OzoneManagerStateMachine (OzoneManagerStateMachine.java:notifyConfigurationChanged(198)) - Received Configuration change notification from Ratis. New Peer list:
[id: "omNode-3"
address: "localhost:15101"
startupRole: FOLLOWER
, id: "omNode-1"
address: "localhost:15093"
startupRole: FOLLOWER
, id: "omNode-2"
address: "localhost:15097"
startupRole: FOLLOWER
]
2024-03-04 12:55:34,246 [omNode-2@group-523986131536-StateMachineUpdater] INFO  ratis.OzoneManagerStateMachine (OzoneManagerStateMachine.java:notifyConfigurationChanged(198)) - Received Configuration change notification from Ratis. New Peer list:
[id: "omNode-3"
address: "localhost:15101"
startupRole: FOLLOWER
, id: "omNode-1"
address: "localhost:15093"
startupRole: FOLLOWER
, id: "omNode-2"
address: "localhost:15097"
startupRole: FOLLOWER
]
2024-03-04 12:55:34,830 [main] INFO  ozone.MiniOzoneClusterImpl (MiniOzoneClusterImpl.java:lambda$waitForClusterToBeReady$0(194)) - Waiting for nodes to be ready. Got 0 of 3 DN Heartbeats.
2024-03-04 12:55:34,830 [main] INFO  ozone.MiniOzoneClusterImpl (MiniOzoneClusterImpl.java:lambda$waitForClusterToBeReady$0(197)) - Waiting for cluster to exit safe mode
2024-03-04 12:55:34,830 [main] INFO  ozone.MiniOzoneClusterImpl (MiniOzoneClusterImpl.java:lambda$waitForClusterToBeReady$0(199)) - SCM became leader
2024-03-04 12:55:35,628 [b3e6aaac-f754-418b-8ee3-735c124d2005-EndpointStateMachineTaskThread-/0.0.0.0:15088-0 ] INFO  utils.DatanodeStoreCache (DatanodeStoreCache.java:addDB(72)) - Added db /home/runner/work/ozone/ozone/hadoop-ozone/integration-test/target/test-dir/MiniOzoneClusterImpl-5dfaf9ee-e84d-4a0a-b307-fdee3dcb636e/ozone-meta/datanode-1/data-0/hdds/5dfaf9ee-e84d-4a0a-b307-fdee3dcb636e/DS-89fa4e48-db37-43b2-b1a0-647822ba7ff2/container.db to cache
2024-03-04 12:55:35,628 [b3e6aaac-f754-418b-8ee3-735c124d2005-EndpointStateMachineTaskThread-/0.0.0.0:15088-0 ] INFO  volume.HddsVolume (HddsVolume.java:createDbStore(420)) - SchemaV3 db is created and loaded at /home/runner/work/ozone/ozone/hadoop-ozone/integration-test/target/test-dir/MiniOzoneClusterImpl-5dfaf9ee-e84d-4a0a-b307-fdee3dcb636e/ozone-meta/datanode-1/data-0/hdds/5dfaf9ee-e84d-4a0a-b307-fdee3dcb636e/DS-89fa4e48-db37-43b2-b1a0-647822ba7ff2/container.db for volume DS-89fa4e48-db37-43b2-b1a0-647822ba7ff2
2024-03-04 12:55:35,630 [b3e6aaac-f754-418b-8ee3-735c124d2005-ContainerReader-0] INFO  ozoneimpl.ContainerReader (ContainerReader.java:readVolume(148)) - Start to verify containers on volume /home/runner/work/ozone/ozone/hadoop-ozone/integration-test/target/test-dir/MiniOzoneClusterImpl-5dfaf9ee-e84d-4a0a-b307-fdee3dcb636e/ozone-meta/datanode-1/data-0/hdds
2024-03-04 12:55:35,630 [b3e6aaac-f754-418b-8ee3-735c124d2005-ContainerReader-0] INFO  ozoneimpl.ContainerReader (ContainerReader.java:readVolume(178)) - Finish verifying containers on volume /home/runner/work/ozone/ozone/hadoop-ozone/integration-test/target/test-dir/MiniOzoneClusterImpl-5dfaf9ee-e84d-4a0a-b307-fdee3dcb636e/ozone-meta/datanode-1/data-0/hdds
2024-03-04 12:55:35,631 [b3e6aaac-f754-418b-8ee3-735c124d2005-EndpointStateMachineTaskThread-/0.0.0.0:15088-0 ] INFO  ozoneimpl.OzoneContainer (OzoneContainer.java:buildContainerSet(328)) - Build ContainerSet costs 0s
2024-03-04 12:55:35,632 [b3e6aaac-f754-418b-8ee3-735c124d2005-EndpointStateMachineTaskThread-/0.0.0.0:15088-0 ] INFO  volume.ThrottledAsyncChecker (ThrottledAsyncChecker.java:schedule(141)) - Scheduling a check for /home/runner/work/ozone/ozone/hadoop-ozone/integration-test/target/test-dir/MiniOzoneClusterImpl-5dfaf9ee-e84d-4a0a-b307-fdee3dcb636e/ozone-meta/datanode-1/data-0/hdds
2024-03-04 12:55:35,633 [b3e6aaac-f754-418b-8ee3-735c124d2005-EndpointStateMachineTaskThread-/0.0.0.0:15088-0 ] INFO  volume.StorageVolumeChecker (StorageVolumeChecker.java:checkAllVolumes(218)) - Scheduled health check for volume /home/runner/work/ozone/ozone/hadoop-ozone/integration-test/target/test-dir/MiniOzoneClusterImpl-5dfaf9ee-e84d-4a0a-b307-fdee3dcb636e/ozone-meta/datanode-1/data-0/hdds
2024-03-04 12:55:35,635 [b3e6aaac-f754-418b-8ee3-735c124d2005-EndpointStateMachineTaskThread-/0.0.0.0:15088-0 ] INFO  volume.ThrottledAsyncChecker (ThrottledAsyncChecker.java:schedule(141)) - Scheduling a check for /home/runner/work/ozone/ozone/hadoop-ozone/integration-test/target/test-dir/MiniOzoneClusterImpl-5dfaf9ee-e84d-4a0a-b307-fdee3dcb636e/ozone-meta/datanode-1/ratis
2024-03-04 12:55:35,635 [b3e6aaac-f754-418b-8ee3-735c124d2005-EndpointStateMachineTaskThread-/0.0.0.0:15088-0 ] INFO  volume.StorageVolumeChecker (StorageVolumeChecker.java:checkAllVolumes(218)) - Scheduled health check for volume /home/runner/work/ozone/ozone/hadoop-ozone/integration-test/target/test-dir/MiniOzoneClusterImpl-5dfaf9ee-e84d-4a0a-b307-fdee3dcb636e/ozone-meta/datanode-1/ratis
2024-03-04 12:55:35,638 [b3e6aaac-f754-418b-8ee3-735c124d2005-EndpointStateMachineTaskThread-/0.0.0.0:15088-0 ] INFO  ozoneimpl.OzoneContainer (OzoneContainer.java:start(459)) - Attempting to start container services.
2024-03-04 12:55:35,638 [b3e6aaac-f754-418b-8ee3-735c124d2005-EndpointStateMachineTaskThread-/0.0.0.0:15088-0 ] INFO  ozoneimpl.OzoneContainer (OzoneContainer.java:startContainerScrub(339)) - Scheduled background container scanners and the on-demand container scanner have been disabled.
2024-03-04 12:55:35,639 [b3e6aaac-f754-418b-8ee3-735c124d2005-EndpointStateMachineTaskThread-/0.0.0.0:15088-0 ] INFO  replication.ReplicationServer (ReplicationServer.java:start(142)) - ReplicationServer is started using port 15110
2024-03-04 12:55:35,639 [b3e6aaac-f754-418b-8ee3-735c124d2005-EndpointStateMachineTaskThread-/0.0.0.0:15088-0 ] INFO  ratis.XceiverServerRatis (XceiverServerRatis.java:start(566)) - Starting XceiverServerRatis b3e6aaac-f754-418b-8ee3-735c124d2005
2024-03-04 12:55:35,641 [b3e6aaac-f754-418b-8ee3-735c124d2005-EndpointStateMachineTaskThread-/0.0.0.0:15088-0 ] INFO  server.RaftServer (RaftServerProxy.java:startImpl(406)) - b3e6aaac-f754-418b-8ee3-735c124d2005: start RPC server
2024-03-04 12:55:35,642 [b3e6aaac-f754-418b-8ee3-735c124d2005-EndpointStateMachineTaskThread-/0.0.0.0:15088-0 ] INFO  server.GrpcService (GrpcService.java:startImpl(302)) - b3e6aaac-f754-418b-8ee3-735c124d2005: GrpcService started, listening on 15106
2024-03-04 12:55:35,643 [b3e6aaac-f754-418b-8ee3-735c124d2005-EndpointStateMachineTaskThread-/0.0.0.0:15088-0 ] INFO  server.GrpcService (GrpcService.java:startImpl(302)) - b3e6aaac-f754-418b-8ee3-735c124d2005: GrpcService started, listening on 15108
2024-03-04 12:55:35,643 [b3e6aaac-f754-418b-8ee3-735c124d2005-EndpointStateMachineTaskThread-/0.0.0.0:15088-0 ] INFO  server.GrpcService (GrpcService.java:startImpl(302)) - b3e6aaac-f754-418b-8ee3-735c124d2005: GrpcService started, listening on 15107
2024-03-04 12:55:35,644 [b3e6aaac-f754-418b-8ee3-735c124d2005-EndpointStateMachineTaskThread-/0.0.0.0:15088-0 ] INFO  ratis.XceiverServerRatis (XceiverServerRatis.java:getRealPort(592)) - XceiverServerRatis b3e6aaac-f754-418b-8ee3-735c124d2005 is started using port 15106 for RATIS
2024-03-04 12:55:35,644 [b3e6aaac-f754-418b-8ee3-735c124d2005-EndpointStateMachineTaskThread-/0.0.0.0:15088-0 ] INFO  ratis.XceiverServerRatis (XceiverServerRatis.java:getRealPort(592)) - XceiverServerRatis b3e6aaac-f754-418b-8ee3-735c124d2005 is started using port 15107 for RATIS_ADMIN
2024-03-04 12:55:35,644 [b3e6aaac-f754-418b-8ee3-735c124d2005-EndpointStateMachineTaskThread-/0.0.0.0:15088-0 ] INFO  ratis.XceiverServerRatis (XceiverServerRatis.java:getRealPort(592)) - XceiverServerRatis b3e6aaac-f754-418b-8ee3-735c124d2005 is started using port 15108 for RATIS_SERVER
2024-03-04 12:55:35,644 [b3e6aaac-f754-418b-8ee3-735c124d2005-EndpointStateMachineTaskThread-/0.0.0.0:15088-0 ] INFO  ratis.XceiverServerRatis (XceiverServerRatis.java:getRealPort(592)) - XceiverServerRatis b3e6aaac-f754-418b-8ee3-735c124d2005 is started using port 15109 for RATIS_DATASTREAM
2024-03-04 12:55:35,644 [JvmPauseMonitor33] INFO  util.JvmPauseMonitor (JvmPauseMonitor.java:run(146)) - JvmPauseMonitor-b3e6aaac-f754-418b-8ee3-735c124d2005: Started
2024-03-04 12:55:35,649 [b3e6aaac-f754-418b-8ee3-735c124d2005-BlockDeletingService#0] INFO  interfaces.ContainerDeletionChoosingPolicyTemplate (ContainerDeletionChoosingPolicyTemplate.java:chooseContainerForBlockDeletion(85)) - Chosen 0/5000 blocks from 0 candidate containers.
2024-03-04 12:55:35,764 [da245a40-dab6-49b3-9cd4-dfd962afc5b6-EndpointStateMachineTaskThread-/0.0.0.0:15088-0 ] INFO  utils.DatanodeStoreCache (DatanodeStoreCache.java:addDB(72)) - Added db /home/runner/work/ozone/ozone/hadoop-ozone/integration-test/target/test-dir/MiniOzoneClusterImpl-5dfaf9ee-e84d-4a0a-b307-fdee3dcb636e/ozone-meta/datanode-2/data-0/hdds/5dfaf9ee-e84d-4a0a-b307-fdee3dcb636e/DS-037a3211-fad1-4283-b399-dca149b09603/container.db to cache
2024-03-04 12:55:35,764 [da245a40-dab6-49b3-9cd4-dfd962afc5b6-EndpointStateMachineTaskThread-/0.0.0.0:15088-0 ] INFO  volume.HddsVolume (HddsVolume.java:createDbStore(420)) - SchemaV3 db is created and loaded at /home/runner/work/ozone/ozone/hadoop-ozone/integration-test/target/test-dir/MiniOzoneClusterImpl-5dfaf9ee-e84d-4a0a-b307-fdee3dcb636e/ozone-meta/datanode-2/data-0/hdds/5dfaf9ee-e84d-4a0a-b307-fdee3dcb636e/DS-037a3211-fad1-4283-b399-dca149b09603/container.db for volume DS-037a3211-fad1-4283-b399-dca149b09603
2024-03-04 12:55:35,765 [da245a40-dab6-49b3-9cd4-dfd962afc5b6-ContainerReader-0] INFO  ozoneimpl.ContainerReader (ContainerReader.java:readVolume(148)) - Start to verify containers on volume /home/runner/work/ozone/ozone/hadoop-ozone/integration-test/target/test-dir/MiniOzoneClusterImpl-5dfaf9ee-e84d-4a0a-b307-fdee3dcb636e/ozone-meta/datanode-2/data-0/hdds
2024-03-04 12:55:35,765 [da245a40-dab6-49b3-9cd4-dfd962afc5b6-ContainerReader-0] INFO  ozoneimpl.ContainerReader (ContainerReader.java:readVolume(178)) - Finish verifying containers on volume /home/runner/work/ozone/ozone/hadoop-ozone/integration-test/target/test-dir/MiniOzoneClusterImpl-5dfaf9ee-e84d-4a0a-b307-fdee3dcb636e/ozone-meta/datanode-2/data-0/hdds
2024-03-04 12:55:35,766 [da245a40-dab6-49b3-9cd4-dfd962afc5b6-EndpointStateMachineTaskThread-/0.0.0.0:15088-0 ] INFO  ozoneimpl.OzoneContainer (OzoneContainer.java:buildContainerSet(328)) - Build ContainerSet costs 0s
2024-03-04 12:55:35,766 [da245a40-dab6-49b3-9cd4-dfd962afc5b6-EndpointStateMachineTaskThread-/0.0.0.0:15088-0 ] INFO  volume.ThrottledAsyncChecker (ThrottledAsyncChecker.java:schedule(141)) - Scheduling a check for /home/runner/work/ozone/ozone/hadoop-ozone/integration-test/target/test-dir/MiniOzoneClusterImpl-5dfaf9ee-e84d-4a0a-b307-fdee3dcb636e/ozone-meta/datanode-2/data-0/hdds
2024-03-04 12:55:35,770 [da245a40-dab6-49b3-9cd4-dfd962afc5b6-EndpointStateMachineTaskThread-/0.0.0.0:15088-0 ] INFO  volume.StorageVolumeChecker (StorageVolumeChecker.java:checkAllVolumes(218)) - Scheduled health check for volume /home/runner/work/ozone/ozone/hadoop-ozone/integration-test/target/test-dir/MiniOzoneClusterImpl-5dfaf9ee-e84d-4a0a-b307-fdee3dcb636e/ozone-meta/datanode-2/data-0/hdds
2024-03-04 12:55:35,770 [da245a40-dab6-49b3-9cd4-dfd962afc5b6-EndpointStateMachineTaskThread-/0.0.0.0:15088-0 ] INFO  volume.ThrottledAsyncChecker (ThrottledAsyncChecker.java:schedule(141)) - Scheduling a check for /home/runner/work/ozone/ozone/hadoop-ozone/integration-test/target/test-dir/MiniOzoneClusterImpl-5dfaf9ee-e84d-4a0a-b307-fdee3dcb636e/ozone-meta/datanode-2/ratis
2024-03-04 12:55:35,770 [da245a40-dab6-49b3-9cd4-dfd962afc5b6-EndpointStateMachineTaskThread-/0.0.0.0:15088-0 ] INFO  volume.StorageVolumeChecker (StorageVolumeChecker.java:checkAllVolumes(218)) - Scheduled health check for volume /home/runner/work/ozone/ozone/hadoop-ozone/integration-test/target/test-dir/MiniOzoneClusterImpl-5dfaf9ee-e84d-4a0a-b307-fdee3dcb636e/ozone-meta/datanode-2/ratis
2024-03-04 12:55:35,771 [da245a40-dab6-49b3-9cd4-dfd962afc5b6-EndpointStateMachineTaskThread-/0.0.0.0:15088-0 ] INFO  ozoneimpl.OzoneContainer (OzoneContainer.java:start(459)) - Attempting to start container services.
2024-03-04 12:55:35,771 [da245a40-dab6-49b3-9cd4-dfd962afc5b6-EndpointStateMachineTaskThread-/0.0.0.0:15088-0 ] INFO  ozoneimpl.OzoneContainer (OzoneContainer.java:startContainerScrub(339)) - Scheduled background container scanners and the on-demand container scanner have been disabled.
2024-03-04 12:55:35,772 [da245a40-dab6-49b3-9cd4-dfd962afc5b6-EndpointStateMachineTaskThread-/0.0.0.0:15088-0 ] INFO  replication.ReplicationServer (ReplicationServer.java:start(142)) - ReplicationServer is started using port 15119
2024-03-04 12:55:35,772 [da245a40-dab6-49b3-9cd4-dfd962afc5b6-EndpointStateMachineTaskThread-/0.0.0.0:15088-0 ] INFO  ratis.XceiverServerRatis (XceiverServerRatis.java:start(566)) - Starting XceiverServerRatis da245a40-dab6-49b3-9cd4-dfd962afc5b6
2024-03-04 12:55:35,773 [da245a40-dab6-49b3-9cd4-dfd962afc5b6-EndpointStateMachineTaskThread-/0.0.0.0:15088-0 ] INFO  server.RaftServer (RaftServerProxy.java:startImpl(406)) - da245a40-dab6-49b3-9cd4-dfd962afc5b6: start RPC server
2024-03-04 12:55:35,773 [da245a40-dab6-49b3-9cd4-dfd962afc5b6-EndpointStateMachineTaskThread-/0.0.0.0:15088-0 ] INFO  server.GrpcService (GrpcService.java:startImpl(302)) - da245a40-dab6-49b3-9cd4-dfd962afc5b6: GrpcService started, listening on 15115
2024-03-04 12:55:35,774 [da245a40-dab6-49b3-9cd4-dfd962afc5b6-EndpointStateMachineTaskThread-/0.0.0.0:15088-0 ] INFO  server.GrpcService (GrpcService.java:startImpl(302)) - da245a40-dab6-49b3-9cd4-dfd962afc5b6: GrpcService started, listening on 15117
2024-03-04 12:55:35,775 [da245a40-dab6-49b3-9cd4-dfd962afc5b6-EndpointStateMachineTaskThread-/0.0.0.0:15088-0 ] INFO  server.GrpcService (GrpcService.java:startImpl(302)) - da245a40-dab6-49b3-9cd4-dfd962afc5b6: GrpcService started, listening on 15116
2024-03-04 12:55:35,775 [da245a40-dab6-49b3-9cd4-dfd962afc5b6-EndpointStateMachineTaskThread-/0.0.0.0:15088-0 ] INFO  ratis.XceiverServerRatis (XceiverServerRatis.java:getRealPort(592)) - XceiverServerRatis da245a40-dab6-49b3-9cd4-dfd962afc5b6 is started using port 15115 for RATIS
2024-03-04 12:55:35,775 [da245a40-dab6-49b3-9cd4-dfd962afc5b6-EndpointStateMachineTaskThread-/0.0.0.0:15088-0 ] INFO  ratis.XceiverServerRatis (XceiverServerRatis.java:getRealPort(592)) - XceiverServerRatis da245a40-dab6-49b3-9cd4-dfd962afc5b6 is started using port 15116 for RATIS_ADMIN
2024-03-04 12:55:35,775 [JvmPauseMonitor34] INFO  util.JvmPauseMonitor (JvmPauseMonitor.java:run(146)) - JvmPauseMonitor-da245a40-dab6-49b3-9cd4-dfd962afc5b6: Started
2024-03-04 12:55:35,775 [da245a40-dab6-49b3-9cd4-dfd962afc5b6-EndpointStateMachineTaskThread-/0.0.0.0:15088-0 ] INFO  ratis.XceiverServerRatis (XceiverServerRatis.java:getRealPort(592)) - XceiverServerRatis da245a40-dab6-49b3-9cd4-dfd962afc5b6 is started using port 15117 for RATIS_SERVER
2024-03-04 12:55:35,776 [da245a40-dab6-49b3-9cd4-dfd962afc5b6-EndpointStateMachineTaskThread-/0.0.0.0:15088-0 ] INFO  ratis.XceiverServerRatis (XceiverServerRatis.java:getRealPort(592)) - XceiverServerRatis da245a40-dab6-49b3-9cd4-dfd962afc5b6 is started using port 15118 for RATIS_DATASTREAM
2024-03-04 12:55:35,777 [da245a40-dab6-49b3-9cd4-dfd962afc5b6-BlockDeletingService#0] INFO  interfaces.ContainerDeletionChoosingPolicyTemplate (ContainerDeletionChoosingPolicyTemplate.java:chooseContainerForBlockDeletion(85)) - Chosen 0/5000 blocks from 0 candidate containers.
2024-03-04 12:55:35,830 [main] INFO  ozone.MiniOzoneClusterImpl (MiniOzoneClusterImpl.java:lambda$waitForClusterToBeReady$0(194)) - Waiting for nodes to be ready. Got 0 of 3 DN Heartbeats.
2024-03-04 12:55:35,830 [main] INFO  ozone.MiniOzoneClusterImpl (MiniOzoneClusterImpl.java:lambda$waitForClusterToBeReady$0(197)) - Waiting for cluster to exit safe mode
2024-03-04 12:55:35,830 [main] INFO  ozone.MiniOzoneClusterImpl (MiniOzoneClusterImpl.java:lambda$waitForClusterToBeReady$0(199)) - SCM became leader
2024-03-04 12:55:35,849 [00bce28b-f3a7-4d13-8bf8-b8e0995a094e-EndpointStateMachineTaskThread-/0.0.0.0:15088-0 ] INFO  utils.DatanodeStoreCache (DatanodeStoreCache.java:addDB(72)) - Added db /home/runner/work/ozone/ozone/hadoop-ozone/integration-test/target/test-dir/MiniOzoneClusterImpl-5dfaf9ee-e84d-4a0a-b307-fdee3dcb636e/ozone-meta/datanode-3/data-0/hdds/5dfaf9ee-e84d-4a0a-b307-fdee3dcb636e/DS-48e79419-21d5-422d-aae4-6a026f27b698/container.db to cache
2024-03-04 12:55:35,849 [00bce28b-f3a7-4d13-8bf8-b8e0995a094e-EndpointStateMachineTaskThread-/0.0.0.0:15088-0 ] INFO  volume.HddsVolume (HddsVolume.java:createDbStore(420)) - SchemaV3 db is created and loaded at /home/runner/work/ozone/ozone/hadoop-ozone/integration-test/target/test-dir/MiniOzoneClusterImpl-5dfaf9ee-e84d-4a0a-b307-fdee3dcb636e/ozone-meta/datanode-3/data-0/hdds/5dfaf9ee-e84d-4a0a-b307-fdee3dcb636e/DS-48e79419-21d5-422d-aae4-6a026f27b698/container.db for volume DS-48e79419-21d5-422d-aae4-6a026f27b698
2024-03-04 12:55:35,851 [00bce28b-f3a7-4d13-8bf8-b8e0995a094e-ContainerReader-0] INFO  ozoneimpl.ContainerReader (ContainerReader.java:readVolume(148)) - Start to verify containers on volume /home/runner/work/ozone/ozone/hadoop-ozone/integration-test/target/test-dir/MiniOzoneClusterImpl-5dfaf9ee-e84d-4a0a-b307-fdee3dcb636e/ozone-meta/datanode-3/data-0/hdds
2024-03-04 12:55:35,851 [00bce28b-f3a7-4d13-8bf8-b8e0995a094e-ContainerReader-0] INFO  ozoneimpl.ContainerReader (ContainerReader.java:readVolume(178)) - Finish verifying containers on volume /home/runner/work/ozone/ozone/hadoop-ozone/integration-test/target/test-dir/MiniOzoneClusterImpl-5dfaf9ee-e84d-4a0a-b307-fdee3dcb636e/ozone-meta/datanode-3/data-0/hdds
2024-03-04 12:55:35,851 [00bce28b-f3a7-4d13-8bf8-b8e0995a094e-EndpointStateMachineTaskThread-/0.0.0.0:15088-0 ] INFO  ozoneimpl.OzoneContainer (OzoneContainer.java:buildContainerSet(328)) - Build ContainerSet costs 0s
2024-03-04 12:55:35,851 [00bce28b-f3a7-4d13-8bf8-b8e0995a094e-EndpointStateMachineTaskThread-/0.0.0.0:15088-0 ] INFO  volume.ThrottledAsyncChecker (ThrottledAsyncChecker.java:schedule(141)) - Scheduling a check for /home/runner/work/ozone/ozone/hadoop-ozone/integration-test/target/test-dir/MiniOzoneClusterImpl-5dfaf9ee-e84d-4a0a-b307-fdee3dcb636e/ozone-meta/datanode-3/data-0/hdds
2024-03-04 12:55:35,852 [00bce28b-f3a7-4d13-8bf8-b8e0995a094e-EndpointStateMachineTaskThread-/0.0.0.0:15088-0 ] INFO  volume.StorageVolumeChecker (StorageVolumeChecker.java:checkAllVolumes(218)) - Scheduled health check for volume /home/runner/work/ozone/ozone/hadoop-ozone/integration-test/target/test-dir/MiniOzoneClusterImpl-5dfaf9ee-e84d-4a0a-b307-fdee3dcb636e/ozone-meta/datanode-3/data-0/hdds
2024-03-04 12:55:35,853 [00bce28b-f3a7-4d13-8bf8-b8e0995a094e-EndpointStateMachineTaskThread-/0.0.0.0:15088-0 ] INFO  volume.ThrottledAsyncChecker (ThrottledAsyncChecker.java:schedule(141)) - Scheduling a check for /home/runner/work/ozone/ozone/hadoop-ozone/integration-test/target/test-dir/MiniOzoneClusterImpl-5dfaf9ee-e84d-4a0a-b307-fdee3dcb636e/ozone-meta/datanode-3/ratis
2024-03-04 12:55:35,853 [00bce28b-f3a7-4d13-8bf8-b8e0995a094e-EndpointStateMachineTaskThread-/0.0.0.0:15088-0 ] INFO  volume.StorageVolumeChecker (StorageVolumeChecker.java:checkAllVolumes(218)) - Scheduled health check for volume /home/runner/work/ozone/ozone/hadoop-ozone/integration-test/target/test-dir/MiniOzoneClusterImpl-5dfaf9ee-e84d-4a0a-b307-fdee3dcb636e/ozone-meta/datanode-3/ratis
2024-03-04 12:55:35,855 [00bce28b-f3a7-4d13-8bf8-b8e0995a094e-EndpointStateMachineTaskThread-/0.0.0.0:15088-0 ] INFO  ozoneimpl.OzoneContainer (OzoneContainer.java:start(459)) - Attempting to start container services.
2024-03-04 12:55:35,855 [00bce28b-f3a7-4d13-8bf8-b8e0995a094e-EndpointStateMachineTaskThread-/0.0.0.0:15088-0 ] INFO  ozoneimpl.OzoneContainer (OzoneContainer.java:startContainerScrub(339)) - Scheduled background container scanners and the on-demand container scanner have been disabled.
2024-03-04 12:55:35,856 [00bce28b-f3a7-4d13-8bf8-b8e0995a094e-EndpointStateMachineTaskThread-/0.0.0.0:15088-0 ] INFO  replication.ReplicationServer (ReplicationServer.java:start(142)) - ReplicationServer is started using port 15128
2024-03-04 12:55:35,857 [00bce28b-f3a7-4d13-8bf8-b8e0995a094e-EndpointStateMachineTaskThread-/0.0.0.0:15088-0 ] INFO  ratis.XceiverServerRatis (XceiverServerRatis.java:start(566)) - Starting XceiverServerRatis 00bce28b-f3a7-4d13-8bf8-b8e0995a094e
2024-03-04 12:55:35,857 [00bce28b-f3a7-4d13-8bf8-b8e0995a094e-EndpointStateMachineTaskThread-/0.0.0.0:15088-0 ] INFO  server.RaftServer (RaftServerProxy.java:startImpl(406)) - 00bce28b-f3a7-4d13-8bf8-b8e0995a094e: start RPC server
2024-03-04 12:55:35,858 [00bce28b-f3a7-4d13-8bf8-b8e0995a094e-EndpointStateMachineTaskThread-/0.0.0.0:15088-0 ] INFO  server.GrpcService (GrpcService.java:startImpl(302)) - 00bce28b-f3a7-4d13-8bf8-b8e0995a094e: GrpcService started, listening on 15124
2024-03-04 12:55:35,863 [00bce28b-f3a7-4d13-8bf8-b8e0995a094e-EndpointStateMachineTaskThread-/0.0.0.0:15088-0 ] INFO  server.GrpcService (GrpcService.java:startImpl(302)) - 00bce28b-f3a7-4d13-8bf8-b8e0995a094e: GrpcService started, listening on 15126
2024-03-04 12:55:35,864 [00bce28b-f3a7-4d13-8bf8-b8e0995a094e-EndpointStateMachineTaskThread-/0.0.0.0:15088-0 ] INFO  server.GrpcService (GrpcService.java:startImpl(302)) - 00bce28b-f3a7-4d13-8bf8-b8e0995a094e: GrpcService started, listening on 15125
2024-03-04 12:55:35,864 [00bce28b-f3a7-4d13-8bf8-b8e0995a094e-EndpointStateMachineTaskThread-/0.0.0.0:15088-0 ] INFO  ratis.XceiverServerRatis (XceiverServerRatis.java:getRealPort(592)) - XceiverServerRatis 00bce28b-f3a7-4d13-8bf8-b8e0995a094e is started using port 15124 for RATIS
2024-03-04 12:55:35,864 [JvmPauseMonitor35] INFO  util.JvmPauseMonitor (JvmPauseMonitor.java:run(146)) - JvmPauseMonitor-00bce28b-f3a7-4d13-8bf8-b8e0995a094e: Started
2024-03-04 12:55:35,864 [00bce28b-f3a7-4d13-8bf8-b8e0995a094e-EndpointStateMachineTaskThread-/0.0.0.0:15088-0 ] INFO  ratis.XceiverServerRatis (XceiverServerRatis.java:getRealPort(592)) - XceiverServerRatis 00bce28b-f3a7-4d13-8bf8-b8e0995a094e is started using port 15125 for RATIS_ADMIN
2024-03-04 12:55:35,864 [00bce28b-f3a7-4d13-8bf8-b8e0995a094e-EndpointStateMachineTaskThread-/0.0.0.0:15088-0 ] INFO  ratis.XceiverServerRatis (XceiverServerRatis.java:getRealPort(592)) - XceiverServerRatis 00bce28b-f3a7-4d13-8bf8-b8e0995a094e is started using port 15126 for RATIS_SERVER
2024-03-04 12:55:35,865 [00bce28b-f3a7-4d13-8bf8-b8e0995a094e-EndpointStateMachineTaskThread-/0.0.0.0:15088-0 ] INFO  ratis.XceiverServerRatis (XceiverServerRatis.java:getRealPort(592)) - XceiverServerRatis 00bce28b-f3a7-4d13-8bf8-b8e0995a094e is started using port 15127 for RATIS_DATASTREAM
2024-03-04 12:55:35,869 [00bce28b-f3a7-4d13-8bf8-b8e0995a094e-BlockDeletingService#0] INFO  interfaces.ContainerDeletionChoosingPolicyTemplate (ContainerDeletionChoosingPolicyTemplate.java:chooseContainerForBlockDeletion(85)) - Chosen 0/5000 blocks from 0 candidate containers.
2024-03-04 12:55:36,831 [main] INFO  ozone.MiniOzoneClusterImpl (MiniOzoneClusterImpl.java:lambda$waitForClusterToBeReady$0(194)) - Waiting for nodes to be ready. Got 0 of 3 DN Heartbeats.
2024-03-04 12:55:36,831 [main] INFO  ozone.MiniOzoneClusterImpl (MiniOzoneClusterImpl.java:lambda$waitForClusterToBeReady$0(197)) - Waiting for cluster to exit safe mode
2024-03-04 12:55:36,831 [main] INFO  ozone.MiniOzoneClusterImpl (MiniOzoneClusterImpl.java:lambda$waitForClusterToBeReady$0(199)) - SCM became leader
2024-03-04 12:55:37,609 [IPC Server handler 0 on default port 15088] INFO  net.NetworkTopologyImpl (NetworkTopologyImpl.java:add(124)) - Added a new node: /default-rack/b3e6aaac-f754-418b-8ee3-735c124d2005
2024-03-04 12:55:37,609 [IPC Server handler 0 on default port 15088] INFO  node.SCMNodeManager (SCMNodeManager.java:register(421)) - Registered datanode: b3e6aaac-f754-418b-8ee3-735c124d2005{ip: 10.1.0.12, host: fv-az571-795.sssw3dgiwi1e5jwxh1zizygaca.bx.internal.cloudapp.net, ports: [HTTP=15103, CLIENT_RPC=15104, REPLICATION=15110, RATIS=15106, RATIS_ADMIN=15107, RATIS_SERVER=15108, RATIS_DATASTREAM=15109, STANDALONE=15105], networkLocation: /default-rack, certSerialId: null, persistedOpState: null, persistedOpStateExpiryEpochSec: 0}
2024-03-04 12:55:37,612 [EventQueue-NewNodeForNewNodeHandler] INFO  pipeline.BackgroundPipelineCreator (BackgroundPipelineCreator.java:notifyEventTriggered(280)) - trigger a one-shot run on RatisPipelineUtilsThread.
2024-03-04 12:55:37,612 [EventQueue-NodeRegistrationContainerReportForContainerSafeModeRule] INFO  safemode.SCMSafeModeManager (SCMSafeModeManager.java:validateSafeModeExitRules(200)) - ContainerSafeModeRule rule is successfully validated
2024-03-04 12:55:37,612 [RatisPipelineUtilsThread-0] INFO  pipeline.RatisPipelineProvider (RatisPipelineProvider.java:lambda$create$0(205)) - Sending CreatePipelineCommand for pipeline:PipelineID=535080ae-8e9f-4dc0-907a-677284420da1 to datanode:b3e6aaac-f754-418b-8ee3-735c124d2005
2024-03-04 12:55:37,612 [EventQueue-NodeRegistrationContainerReportForDataNodeSafeModeRule] INFO  safemode.SCMSafeModeManager (DataNodeSafeModeRule.java:process(71)) - SCM in safe mode. 1 DataNodes registered, 3 required.
2024-03-04 12:55:37,613 [EventQueue-PipelineReportForOneReplicaPipelineSafeModeRule] INFO  safemode.SCMSafeModeManager (SCMSafeModeManager.java:validateSafeModeExitRules(200)) - AtleastOneDatanodeReportedRule rule is successfully validated
2024-03-04 12:55:37,614 [RatisPipelineUtilsThread-0] INFO  pipeline.BackgroundPipelineCreator (BackgroundPipelineCreator.java:createPipelines(236)) - Created new pipeline Pipeline[ Id: 535080ae-8e9f-4dc0-907a-677284420da1, Nodes: b3e6aaac-f754-418b-8ee3-735c124d2005(fv-az571-795.sssw3dgiwi1e5jwxh1zizygaca.bx.internal.cloudapp.net/10.1.0.12), ReplicationConfig: RATIS/ONE, State:ALLOCATED, leaderId:, CreationTimestamp2024-03-04T12:55:37.612Z[Etc/UTC]]
2024-03-04 12:55:37,747 [IPC Server handler 2 on default port 15088] INFO  net.NetworkTopologyImpl (NetworkTopologyImpl.java:add(124)) - Added a new node: /default-rack/da245a40-dab6-49b3-9cd4-dfd962afc5b6
2024-03-04 12:55:37,747 [IPC Server handler 2 on default port 15088] INFO  node.SCMNodeManager (SCMNodeManager.java:register(421)) - Registered datanode: da245a40-dab6-49b3-9cd4-dfd962afc5b6{ip: 10.1.0.12, host: fv-az571-795.sssw3dgiwi1e5jwxh1zizygaca.bx.internal.cloudapp.net, ports: [HTTP=15112, CLIENT_RPC=15113, REPLICATION=15119, RATIS=15115, RATIS_ADMIN=15116, RATIS_SERVER=15117, RATIS_DATASTREAM=15118, STANDALONE=15114], networkLocation: /default-rack, certSerialId: null, persistedOpState: null, persistedOpStateExpiryEpochSec: 0}
2024-03-04 12:55:37,747 [EventQueue-NewNodeForNewNodeHandler] INFO  pipeline.BackgroundPipelineCreator (BackgroundPipelineCreator.java:notifyEventTriggered(280)) - trigger a one-shot run on RatisPipelineUtilsThread.
2024-03-04 12:55:37,747 [EventQueue-NodeRegistrationContainerReportForDataNodeSafeModeRule] INFO  safemode.SCMSafeModeManager (DataNodeSafeModeRule.java:process(71)) - SCM in safe mode. 2 DataNodes registered, 3 required.
2024-03-04 12:55:37,748 [RatisPipelineUtilsThread-0] INFO  pipeline.RatisPipelineProvider (RatisPipelineProvider.java:lambda$create$0(205)) - Sending CreatePipelineCommand for pipeline:PipelineID=2063775f-89cb-4c11-98e0-ac597f898ec4 to datanode:da245a40-dab6-49b3-9cd4-dfd962afc5b6
2024-03-04 12:55:37,748 [RatisPipelineUtilsThread-0] INFO  pipeline.BackgroundPipelineCreator (BackgroundPipelineCreator.java:createPipelines(236)) - Created new pipeline Pipeline[ Id: 2063775f-89cb-4c11-98e0-ac597f898ec4, Nodes: da245a40-dab6-49b3-9cd4-dfd962afc5b6(fv-az571-795.sssw3dgiwi1e5jwxh1zizygaca.bx.internal.cloudapp.net/10.1.0.12), ReplicationConfig: RATIS/ONE, State:ALLOCATED, leaderId:, CreationTimestamp2024-03-04T12:55:37.747Z[Etc/UTC]]
2024-03-04 12:55:37,830 [IPC Server handler 3 on default port 15088] INFO  net.NetworkTopologyImpl (NetworkTopologyImpl.java:add(124)) - Added a new node: /default-rack/00bce28b-f3a7-4d13-8bf8-b8e0995a094e
2024-03-04 12:55:37,831 [IPC Server handler 3 on default port 15088] INFO  node.SCMNodeManager (SCMNodeManager.java:register(421)) - Registered datanode: 00bce28b-f3a7-4d13-8bf8-b8e0995a094e{ip: 10.1.0.12, host: fv-az571-795.sssw3dgiwi1e5jwxh1zizygaca.bx.internal.cloudapp.net, ports: [HTTP=15121, CLIENT_RPC=15122, REPLICATION=15128, RATIS=15124, RATIS_ADMIN=15125, RATIS_SERVER=15126, RATIS_DATASTREAM=15127, STANDALONE=15123], networkLocation: /default-rack, certSerialId: null, persistedOpState: null, persistedOpStateExpiryEpochSec: 0}
2024-03-04 12:55:37,832 [main] INFO  ozone.MiniOzoneClusterImpl (MiniOzoneClusterImpl.java:lambda$waitForClusterToBeReady$0(194)) - Nodes are ready. Got 3 of 3 DN Heartbeats.
2024-03-04 12:55:37,832 [main] INFO  ozone.MiniOzoneClusterImpl (MiniOzoneClusterImpl.java:lambda$waitForClusterToBeReady$0(197)) - Waiting for cluster to exit safe mode
2024-03-04 12:55:37,832 [main] INFO  ozone.MiniOzoneClusterImpl (MiniOzoneClusterImpl.java:lambda$waitForClusterToBeReady$0(199)) - SCM became leader
2024-03-04 12:55:37,832 [EventQueue-NodeRegistrationContainerReportForDataNodeSafeModeRule] INFO  safemode.SCMSafeModeManager (DataNodeSafeModeRule.java:process(71)) - SCM in safe mode. 3 DataNodes registered, 3 required.
2024-03-04 12:55:37,832 [EventQueue-NodeRegistrationContainerReportForDataNodeSafeModeRule] INFO  safemode.SCMSafeModeManager (SCMSafeModeManager.java:validateSafeModeExitRules(200)) - DataNodeSafeModeRule rule is successfully validated
2024-03-04 12:55:37,832 [EventQueue-NewNodeForNewNodeHandler] INFO  pipeline.BackgroundPipelineCreator (BackgroundPipelineCreator.java:notifyEventTriggered(280)) - trigger a one-shot run on RatisPipelineUtilsThread.
2024-03-04 12:55:37,833 [EventQueue-NodeRegistrationContainerReportForDataNodeSafeModeRule] INFO  safemode.SCMSafeModeManager (SCMSafeModeManager.java:completePreCheck(229)) - All SCM safe mode pre check rules have passed
2024-03-04 12:55:37,833 [EventQueue-NodeRegistrationContainerReportForDataNodeSafeModeRule] INFO  ha.SCMContext (SCMContext.java:updateSafeModeStatus(225)) - Update SafeModeStatus from SafeModeStatus{safeModeStatus=true, preCheckPassed=false} to SafeModeStatus{safeModeStatus=true, preCheckPassed=true}.
2024-03-04 12:55:37,833 [EventQueue-NodeRegistrationContainerReportForDataNodeSafeModeRule] INFO  pipeline.BackgroundPipelineCreator (BackgroundPipelineCreator.java:notifyEventTriggered(280)) - trigger a one-shot run on RatisPipelineUtilsThread.
2024-03-04 12:55:37,834 [RatisPipelineUtilsThread-0] INFO  pipeline.RatisPipelineProvider (RatisPipelineProvider.java:lambda$create$0(205)) - Sending CreatePipelineCommand for pipeline:PipelineID=4b10d254-4f84-4f63-a75e-396cc7340946 to datanode:00bce28b-f3a7-4d13-8bf8-b8e0995a094e
2024-03-04 12:55:37,835 [RatisPipelineUtilsThread-0] INFO  pipeline.BackgroundPipelineCreator (BackgroundPipelineCreator.java:createPipelines(236)) - Created new pipeline Pipeline[ Id: 4b10d254-4f84-4f63-a75e-396cc7340946, Nodes: 00bce28b-f3a7-4d13-8bf8-b8e0995a094e(fv-az571-795.sssw3dgiwi1e5jwxh1zizygaca.bx.internal.cloudapp.net/10.1.0.12), ReplicationConfig: RATIS/ONE, State:ALLOCATED, leaderId:, CreationTimestamp2024-03-04T12:55:37.834Z[Etc/UTC]]
2024-03-04 12:55:37,835 [RatisPipelineUtilsThread-0] INFO  pipeline.RatisPipelineProvider (RatisPipelineProvider.java:lambda$create$0(205)) - Sending CreatePipelineCommand for pipeline:PipelineID=e07c6d33-a80f-4e2b-b14b-f9904fd1cc47 to datanode:da245a40-dab6-49b3-9cd4-dfd962afc5b6
2024-03-04 12:55:37,835 [RatisPipelineUtilsThread-0] INFO  pipeline.RatisPipelineProvider (RatisPipelineProvider.java:lambda$create$0(205)) - Sending CreatePipelineCommand for pipeline:PipelineID=e07c6d33-a80f-4e2b-b14b-f9904fd1cc47 to datanode:b3e6aaac-f754-418b-8ee3-735c124d2005
2024-03-04 12:55:37,835 [RatisPipelineUtilsThread-0] INFO  pipeline.RatisPipelineProvider (RatisPipelineProvider.java:lambda$create$0(205)) - Sending CreatePipelineCommand for pipeline:PipelineID=e07c6d33-a80f-4e2b-b14b-f9904fd1cc47 to datanode:00bce28b-f3a7-4d13-8bf8-b8e0995a094e
2024-03-04 12:55:37,836 [RatisPipelineUtilsThread-0] INFO  pipeline.BackgroundPipelineCreator (BackgroundPipelineCreator.java:createPipelines(236)) - Created new pipeline Pipeline[ Id: e07c6d33-a80f-4e2b-b14b-f9904fd1cc47, Nodes: da245a40-dab6-49b3-9cd4-dfd962afc5b6(fv-az571-795.sssw3dgiwi1e5jwxh1zizygaca.bx.internal.cloudapp.net/10.1.0.12)b3e6aaac-f754-418b-8ee3-735c124d2005(fv-az571-795.sssw3dgiwi1e5jwxh1zizygaca.bx.internal.cloudapp.net/10.1.0.12)00bce28b-f3a7-4d13-8bf8-b8e0995a094e(fv-az571-795.sssw3dgiwi1e5jwxh1zizygaca.bx.internal.cloudapp.net/10.1.0.12), ReplicationConfig: RATIS/THREE, State:ALLOCATED, leaderId:, CreationTimestamp2024-03-04T12:55:37.835Z[Etc/UTC]]
2024-03-04 12:55:37,837 [RatisPipelineUtilsThread-0] INFO  pipeline.RatisPipelineProvider (RatisPipelineProvider.java:lambda$create$0(205)) - Sending CreatePipelineCommand for pipeline:PipelineID=53ed1d05-7418-4fed-919e-7c7a0eceae05 to datanode:b3e6aaac-f754-418b-8ee3-735c124d2005
2024-03-04 12:55:37,837 [RatisPipelineUtilsThread-0] INFO  pipeline.RatisPipelineProvider (RatisPipelineProvider.java:lambda$create$0(205)) - Sending CreatePipelineCommand for pipeline:PipelineID=53ed1d05-7418-4fed-919e-7c7a0eceae05 to datanode:00bce28b-f3a7-4d13-8bf8-b8e0995a094e
2024-03-04 12:55:37,837 [RatisPipelineUtilsThread-0] INFO  pipeline.RatisPipelineProvider (RatisPipelineProvider.java:lambda$create$0(205)) - Sending CreatePipelineCommand for pipeline:PipelineID=53ed1d05-7418-4fed-919e-7c7a0eceae05 to datanode:da245a40-dab6-49b3-9cd4-dfd962afc5b6
2024-03-04 12:55:37,838 [RatisPipelineUtilsThread-0] INFO  pipeline.PipelineManagerImpl (PipelineManagerImpl.java:recordMetricsForPipeline(916)) - Pipeline: PipelineID=53ed1d05-7418-4fed-919e-7c7a0eceae05 contains same datanodes as previous pipelines: PipelineID=e07c6d33-a80f-4e2b-b14b-f9904fd1cc47 nodeIds: b3e6aaac-f754-418b-8ee3-735c124d2005, 00bce28b-f3a7-4d13-8bf8-b8e0995a094e, da245a40-dab6-49b3-9cd4-dfd962afc5b6
2024-03-04 12:55:37,838 [RatisPipelineUtilsThread-0] INFO  pipeline.BackgroundPipelineCreator (BackgroundPipelineCreator.java:createPipelines(236)) - Created new pipeline Pipeline[ Id: 53ed1d05-7418-4fed-919e-7c7a0eceae05, Nodes: b3e6aaac-f754-418b-8ee3-735c124d2005(fv-az571-795.sssw3dgiwi1e5jwxh1zizygaca.bx.internal.cloudapp.net/10.1.0.12)00bce28b-f3a7-4d13-8bf8-b8e0995a094e(fv-az571-795.sssw3dgiwi1e5jwxh1zizygaca.bx.internal.cloudapp.net/10.1.0.12)da245a40-dab6-49b3-9cd4-dfd962afc5b6(fv-az571-795.sssw3dgiwi1e5jwxh1zizygaca.bx.internal.cloudapp.net/10.1.0.12), ReplicationConfig: RATIS/THREE, State:ALLOCATED, leaderId:, CreationTimestamp2024-03-04T12:55:37.837Z[Etc/UTC]]
2024-03-04 12:55:38,832 [main] INFO  ozone.MiniOzoneClusterImpl (MiniOzoneClusterImpl.java:lambda$waitForClusterToBeReady$0(194)) - Nodes are ready. Got 3 of 3 DN Heartbeats.
2024-03-04 12:55:38,833 [main] INFO  ozone.MiniOzoneClusterImpl (MiniOzoneClusterImpl.java:lambda$waitForClusterToBeReady$0(197)) - Waiting for cluster to exit safe mode
2024-03-04 12:55:38,833 [main] INFO  ozone.MiniOzoneClusterImpl (MiniOzoneClusterImpl.java:lambda$waitForClusterToBeReady$0(199)) - SCM became leader
2024-03-04 12:55:39,833 [main] INFO  ozone.MiniOzoneClusterImpl (MiniOzoneClusterImpl.java:lambda$waitForClusterToBeReady$0(194)) - Nodes are ready. Got 3 of 3 DN Heartbeats.
2024-03-04 12:55:39,833 [main] INFO  ozone.MiniOzoneClusterImpl (MiniOzoneClusterImpl.java:lambda$waitForClusterToBeReady$0(197)) - Waiting for cluster to exit safe mode
2024-03-04 12:55:39,833 [main] INFO  ozone.MiniOzoneClusterImpl (MiniOzoneClusterImpl.java:lambda$waitForClusterToBeReady$0(199)) - SCM became leader
2024-03-04 12:55:40,610 [b3e6aaac-f754-418b-8ee3-735c124d2005-PipelineCommandHandlerThread-0] INFO  server.RaftServer (RaftServerProxy.java:addNew(100)) - b3e6aaac-f754-418b-8ee3-735c124d2005: addNew group-677284420DA1:[b3e6aaac-f754-418b-8ee3-735c124d2005|10.1.0.12:15108] returns group-677284420DA1:java.util.concurrent.CompletableFuture@195eb5c2[Not completed]
2024-03-04 12:55:40,610 [b3e6aaac-f754-418b-8ee3-735c124d2005-groupManagement] INFO  server.RaftServer$Division (RaftServerImpl.java:<init>(256)) - b3e6aaac-f754-418b-8ee3-735c124d2005: new RaftServerImpl for group-677284420DA1:[b3e6aaac-f754-418b-8ee3-735c124d2005|10.1.0.12:15108] with ContainerStateMachine:uninitialized
2024-03-04 12:55:40,611 [b3e6aaac-f754-418b-8ee3-735c124d2005-groupManagement] INFO  server.RaftServerConfigKeys (ConfUtils.java:logGet(46)) - raft.server.rpc.timeout.min = 5s (custom)
2024-03-04 12:55:40,611 [b3e6aaac-f754-418b-8ee3-735c124d2005-groupManagement] INFO  server.RaftServerConfigKeys (ConfUtils.java:logGet(46)) - raft.server.rpc.timeout.max = 5200ms (custom)
2024-03-04 12:55:40,611 [b3e6aaac-f754-418b-8ee3-735c124d2005-groupManagement] INFO  server.RaftServerConfigKeys (ConfUtils.java:logGet(46)) - raft.server.rpc.sleep.time = 25ms (default)
2024-03-04 12:55:40,611 [b3e6aaac-f754-418b-8ee3-735c124d2005-groupManagement] INFO  server.RaftServerConfigKeys (ConfUtils.java:logGet(46)) - raft.server.rpc.slowness.timeout = 300s (custom)
2024-03-04 12:55:40,611 [b3e6aaac-f754-418b-8ee3-735c124d2005-groupManagement] INFO  server.RaftServerConfigKeys (ConfUtils.java:logGet(46)) - raft.server.leaderelection.leader.step-down.wait-time = 10s (default)
2024-03-04 12:55:40,611 [b3e6aaac-f754-418b-8ee3-735c124d2005-groupManagement] INFO  server.RaftServerConfigKeys (ConfUtils.java:logGet(46)) - raft.server.leaderelection.member.majority-add = false (default)
2024-03-04 12:55:40,611 [b3e6aaac-f754-418b-8ee3-735c124d2005-groupManagement] INFO  server.RaftServerConfigKeys (ConfUtils.java:logGet(46)) - raft.server.sleep.deviation.threshold = 300ms (default)
2024-03-04 12:55:40,611 [b3e6aaac-f754-418b-8ee3-735c124d2005-groupManagement] INFO  server.RaftServer$Division (ServerState.java:<init>(113)) - b3e6aaac-f754-418b-8ee3-735c124d2005@group-677284420DA1: ConfigurationManager, init=-1: peers:[b3e6aaac-f754-418b-8ee3-735c124d2005|10.1.0.12:15108]|listeners:[], old=null, confs=<EMPTY_MAP>
2024-03-04 12:55:40,611 [b3e6aaac-f754-418b-8ee3-735c124d2005-groupManagement] INFO  server.RaftServerConfigKeys (ConfUtils.java:logGet(46)) - raft.server.notification.no-leader.timeout = 300s (custom)
2024-03-04 12:55:40,611 [b3e6aaac-f754-418b-8ee3-735c124d2005-groupManagement] INFO  server.RaftServerConfigKeys (ConfUtils.java:logGet(46)) - raft.server.read.timeout = 10s (default)
2024-03-04 12:55:40,611 [b3e6aaac-f754-418b-8ee3-735c124d2005-groupManagement] INFO  server.RaftServerConfigKeys (ConfUtils.java:logGet(46)) - raft.server.retrycache.expirytime = 600000ms (custom)
2024-03-04 12:55:40,611 [b3e6aaac-f754-418b-8ee3-735c124d2005-groupManagement] INFO  server.RaftServerConfigKeys (ConfUtils.java:logGet(46)) - raft.server.retrycache.statistics.expirytime = 100ms (default)
2024-03-04 12:55:40,611 [b3e6aaac-f754-418b-8ee3-735c124d2005-groupManagement] INFO  server.RaftServerConfigKeys (ConfUtils.java:logGet(46)) - raft.server.read.option = DEFAULT (default)
2024-03-04 12:55:40,611 [b3e6aaac-f754-418b-8ee3-735c124d2005-groupManagement] INFO  server.RaftServerConfigKeys (ConfUtils.java:logGet(46)) - raft.server.read.read-after-write-consistent.write-index-cache.expiry-time = 60s (default)
2024-03-04 12:55:40,613 [b3e6aaac-f754-418b-8ee3-735c124d2005-groupManagement] INFO  server.RaftServerConfigKeys (ConfUtils.java:logGet(46)) - raft.server.rpc.request.timeout = 60s (custom)
2024-03-04 12:55:40,613 [b3e6aaac-f754-418b-8ee3-735c124d2005-groupManagement] INFO  server.RaftServerConfigKeys (ConfUtils.java:logGet(46)) - raft.server.log.appender.install.snapshot.enabled = false (custom)
2024-03-04 12:55:40,613 [b3e6aaac-f754-418b-8ee3-735c124d2005-groupManagement] INFO  server.RaftServerConfigKeys (ConfUtils.java:logGet(46)) - raft.server.threadpool.server.cached = true (default)
2024-03-04 12:55:40,613 [b3e6aaac-f754-418b-8ee3-735c124d2005-groupManagement] INFO  server.RaftServerConfigKeys (ConfUtils.java:logGet(46)) - raft.server.threadpool.server.size = 0 (default)
2024-03-04 12:55:40,613 [b3e6aaac-f754-418b-8ee3-735c124d2005-groupManagement] INFO  server.RaftServerConfigKeys (ConfUtils.java:logGet(46)) - raft.server.threadpool.client.cached = true (default)
2024-03-04 12:55:40,613 [b3e6aaac-f754-418b-8ee3-735c124d2005-groupManagement] INFO  server.RaftServerConfigKeys (ConfUtils.java:logGet(46)) - raft.server.threadpool.client.size = 0 (default)
2024-03-04 12:55:40,613 [b3e6aaac-f754-418b-8ee3-735c124d2005-groupManagement] INFO  server.RaftServerConfigKeys (ConfUtils.java:logGet(46)) - raft.server.storage.free-space.min = 0MB (=0) (default)
2024-03-04 12:55:40,613 [b3e6aaac-f754-418b-8ee3-735c124d2005-groupManagement] INFO  server.RaftServerConfigKeys (ConfUtils.java:logGet(46)) - raft.server.log.corruption.policy = EXCEPTION (default)
2024-03-04 12:55:40,613 [b3e6aaac-f754-418b-8ee3-735c124d2005-groupManagement] INFO  server.RaftServerConfigKeys (ConfUtils.java:logGet(46)) - raft.server.storage.dir = [/home/runner/work/ozone/ozone/hadoop-ozone/integration-test/target/test-dir/MiniOzoneClusterImpl-5dfaf9ee-e84d-4a0a-b307-fdee3dcb636e/ozone-meta/datanode-1/ratis] (custom)
2024-03-04 12:55:40,613 [b3e6aaac-f754-418b-8ee3-735c124d2005-groupManagement] INFO  storage.RaftStorageDirectory (RaftStorageDirectoryImpl.java:analyzeStorage(138)) - The storage directory /home/runner/work/ozone/ozone/hadoop-ozone/integration-test/target/test-dir/MiniOzoneClusterImpl-5dfaf9ee-e84d-4a0a-b307-fdee3dcb636e/ozone-meta/datanode-1/ratis/535080ae-8e9f-4dc0-907a-677284420da1 does not exist. Creating ...
2024-03-04 12:55:40,614 [b3e6aaac-f754-418b-8ee3-735c124d2005-groupManagement] INFO  storage.RaftStorageDirectory (RaftStorageDirectoryImpl.java:tryLock(228)) - Lock on /home/runner/work/ozone/ozone/hadoop-ozone/integration-test/target/test-dir/MiniOzoneClusterImpl-5dfaf9ee-e84d-4a0a-b307-fdee3dcb636e/ozone-meta/datanode-1/ratis/535080ae-8e9f-4dc0-907a-677284420da1/in_use.lock acquired by nodename 41993@fv-az571-795
2024-03-04 12:55:40,615 [b3e6aaac-f754-418b-8ee3-735c124d2005-groupManagement] INFO  storage.RaftStorage (RaftStorageImpl.java:format(99)) - Storage directory /home/runner/work/ozone/ozone/hadoop-ozone/integration-test/target/test-dir/MiniOzoneClusterImpl-5dfaf9ee-e84d-4a0a-b307-fdee3dcb636e/ozone-meta/datanode-1/ratis/535080ae-8e9f-4dc0-907a-677284420da1 has been successfully formatted.
2024-03-04 12:55:40,615 [b3e6aaac-f754-418b-8ee3-735c124d2005-groupManagement] WARN  util.FileUtils (LogUtils.java:supplyAndLog(63)) - Failed to Files.newInputStream /home/runner/work/ozone/ozone/hadoop-ozone/integration-test/target/test-dir/MiniOzoneClusterImpl-5dfaf9ee-e84d-4a0a-b307-fdee3dcb636e/ozone-meta/datanode-1/ratis/535080ae-8e9f-4dc0-907a-677284420da1/current/raft-meta.conf with options []: java.nio.file.NoSuchFileException: /home/runner/work/ozone/ozone/hadoop-ozone/integration-test/target/test-dir/MiniOzoneClusterImpl-5dfaf9ee-e84d-4a0a-b307-fdee3dcb636e/ozone-meta/datanode-1/ratis/535080ae-8e9f-4dc0-907a-677284420da1/current/raft-meta.conf
2024-03-04 12:55:40,616 [b3e6aaac-f754-418b-8ee3-735c124d2005-groupManagement] INFO  ratis.ContainerStateMachine (ContainerStateMachine.java:loadSnapshot(287)) - group-677284420DA1: The snapshot info is null. Setting the last applied index to:(t:0, i:~)
2024-03-04 12:55:40,616 [b3e6aaac-f754-418b-8ee3-735c124d2005-groupManagement] INFO  server.RaftServerConfigKeys (ConfUtils.java:logGet(46)) - raft.server.log.use.memory = false (default)
2024-03-04 12:55:40,616 [b3e6aaac-f754-418b-8ee3-735c124d2005-groupManagement] INFO  server.RaftServerConfigKeys (ConfUtils.java:logGet(46)) - raft.server.log.purge.gap = 1000000 (custom)
2024-03-04 12:55:40,616 [b3e6aaac-f754-418b-8ee3-735c124d2005-groupManagement] INFO  server.RaftServerConfigKeys (ConfUtils.java:logGet(46)) - raft.server.log.appender.buffer.byte-limit = 8388608 (custom)
2024-03-04 12:55:40,616 [b3e6aaac-f754-418b-8ee3-735c124d2005-groupManagement] INFO  server.RaftServerConfigKeys (ConfUtils.java:logGet(46)) - raft.server.log.statemachine.data.read.timeout = 1000ms (default)
2024-03-04 12:55:40,616 [b3e6aaac-f754-418b-8ee3-735c124d2005-groupManagement] INFO  server.RaftServerConfigKeys (ConfUtils.java:logGet(46)) - raft.server.log.purge.preservation.log.num = 0 (default)
2024-03-04 12:55:40,617 [EventQueue-PipelineReportForPipelineReportHandler] INFO  pipeline.PipelineReportHandler (PipelineReportHandler.java:processPipelineReport(136)) - Opened pipeline PipelineID=535080ae-8e9f-4dc0-907a-677284420da1
2024-03-04 12:55:40,618 [b3e6aaac-f754-418b-8ee3-735c124d2005-groupManagement] INFO  server.RaftServerConfigKeys (ConfUtils.java:logGet(46)) - raft.server.log.segment.size.max = 67108864 (custom)
2024-03-04 12:55:40,619 [EventQueue-OpenPipelineForHealthyPipelineSafeModeRule] INFO  safemode.SCMSafeModeManager (HealthyPipelineSafeModeRule.java:process(140)) - SCM in safe mode. Healthy pipelines reported count is 0, required healthy pipeline reported count is 1
2024-03-04 12:55:40,619 [b3e6aaac-f754-418b-8ee3-735c124d2005-groupManagement] INFO  server.RaftServerConfigKeys (ConfUtils.java:logGet(46)) - raft.server.log.segment.cache.num.max = 2 (custom)
2024-03-04 12:55:40,619 [b3e6aaac-f754-418b-8ee3-735c124d2005-groupManagement] INFO  server.RaftServerConfigKeys (ConfUtils.java:logGet(46)) - raft.server.log.segment.cache.size.max = 200MB (=209715200) (default)
2024-03-04 12:55:40,619 [b3e6aaac-f754-418b-8ee3-735c124d2005-groupManagement] INFO  server.RaftServerConfigKeys (ConfUtils.java:logGet(46)) - raft.server.log.appender.buffer.byte-limit = 8388608 (custom)
2024-03-04 12:55:40,619 [b3e6aaac-f754-418b-8ee3-735c124d2005-groupManagement] INFO  util.AwaitToRun (AwaitToRun.java:start(81)) - Thread[b3e6aaac-f754-418b-8ee3-735c124d2005@group-677284420DA1-cacheEviction-AwaitToRun,5,main] started
2024-03-04 12:55:40,619 [b3e6aaac-f754-418b-8ee3-735c124d2005-groupManagement] INFO  segmented.SegmentedRaftLogWorker (SegmentedRaftLogWorker.java:<init>(182)) - new b3e6aaac-f754-418b-8ee3-735c124d2005@group-677284420DA1-SegmentedRaftLogWorker for RaftStorageImpl:Storage Directory /home/runner/work/ozone/ozone/hadoop-ozone/integration-test/target/test-dir/MiniOzoneClusterImpl-5dfaf9ee-e84d-4a0a-b307-fdee3dcb636e/ozone-meta/datanode-1/ratis/535080ae-8e9f-4dc0-907a-677284420da1
2024-03-04 12:55:40,619 [b3e6aaac-f754-418b-8ee3-735c124d2005-groupManagement] INFO  server.RaftServerConfigKeys (ConfUtils.java:logGet(46)) - raft.server.log.queue.byte-limit = 4294967296 (custom)
2024-03-04 12:55:40,619 [b3e6aaac-f754-418b-8ee3-735c124d2005-groupManagement] INFO  server.RaftServerConfigKeys (ConfUtils.java:logGet(46)) - raft.server.log.queue.element-limit = 1024 (custom)
2024-03-04 12:55:40,619 [b3e6aaac-f754-418b-8ee3-735c124d2005-groupManagement] INFO  server.RaftServerConfigKeys (ConfUtils.java:logGet(46)) - raft.server.log.segment.size.max = 67108864 (custom)
2024-03-04 12:55:40,619 [b3e6aaac-f754-418b-8ee3-735c124d2005-groupManagement] INFO  server.RaftServerConfigKeys (ConfUtils.java:logGet(46)) - raft.server.log.preallocated.size = 4194304 (custom)
2024-03-04 12:55:40,619 [b3e6aaac-f754-418b-8ee3-735c124d2005-groupManagement] INFO  server.RaftServerConfigKeys (ConfUtils.java:logGet(46)) - raft.server.log.force.sync.num = 128 (default)
2024-03-04 12:55:40,619 [b3e6aaac-f754-418b-8ee3-735c124d2005-groupManagement] INFO  server.RaftServerConfigKeys (ConfUtils.java:logGet(46)) - raft.server.log.statemachine.data.sync = true (default)
2024-03-04 12:55:40,620 [b3e6aaac-f754-418b-8ee3-735c124d2005-groupManagement] INFO  server.RaftServerConfigKeys (ConfUtils.java:logGet(46)) - raft.server.log.statemachine.data.sync.timeout = 10s (default)
2024-03-04 12:55:40,620 [b3e6aaac-f754-418b-8ee3-735c124d2005-groupManagement] INFO  server.RaftServerConfigKeys (ConfUtils.java:logGet(46)) - raft.server.log.statemachine.data.sync.timeout.retry = 0 (custom)
2024-03-04 12:55:40,620 [b3e6aaac-f754-418b-8ee3-735c124d2005-groupManagement] INFO  server.RaftServerConfigKeys (ConfUtils.java:logGet(46)) - raft.server.log.write.buffer.size = 8388616 (custom)
2024-03-04 12:55:40,621 [b3e6aaac-f754-418b-8ee3-735c124d2005-groupManagement] INFO  server.RaftServerConfigKeys (ConfUtils.java:logGet(46)) - raft.server.log.appender.buffer.byte-limit = 8388608 (custom)
2024-03-04 12:55:40,621 [b3e6aaac-f754-418b-8ee3-735c124d2005-groupManagement] INFO  server.RaftServerConfigKeys (ConfUtils.java:logGet(46)) - raft.server.log.unsafe-flush.enabled = false (default)
2024-03-04 12:55:40,621 [b3e6aaac-f754-418b-8ee3-735c124d2005-groupManagement] INFO  server.RaftServerConfigKeys (ConfUtils.java:logGet(46)) - raft.server.log.async-flush.enabled = false (default)
2024-03-04 12:55:40,621 [b3e6aaac-f754-418b-8ee3-735c124d2005-groupManagement] INFO  server.RaftServerConfigKeys (ConfUtils.java:logGet(46)) - raft.server.log.statemachine.data.caching.enabled = true (custom)
2024-03-04 12:55:40,621 [b3e6aaac-f754-418b-8ee3-735c124d2005-groupManagement] INFO  segmented.SegmentedRaftLogWorker (SegmentedRaftLogWorker.java:lambda$new$0(134)) - b3e6aaac-f754-418b-8ee3-735c124d2005@group-677284420DA1-SegmentedRaftLogWorker: flushIndex: setUnconditionally 0 -> -1
2024-03-04 12:55:40,621 [b3e6aaac-f754-418b-8ee3-735c124d2005-groupManagement] INFO  segmented.SegmentedRaftLogWorker (SegmentedRaftLogWorker.java:lambda$new$0(134)) - b3e6aaac-f754-418b-8ee3-735c124d2005@group-677284420DA1-SegmentedRaftLogWorker: safeCacheEvictIndex: setUnconditionally 0 -> -1
2024-03-04 12:55:40,622 [b3e6aaac-f754-418b-8ee3-735c124d2005-groupManagement] INFO  server.RaftServer$Division (RaftServerImpl.java:start(396)) - b3e6aaac-f754-418b-8ee3-735c124d2005@group-677284420DA1: start as a follower, conf=-1: peers:[b3e6aaac-f754-418b-8ee3-735c124d2005|10.1.0.12:15108]|listeners:[], old=null
2024-03-04 12:55:40,622 [b3e6aaac-f754-418b-8ee3-735c124d2005-groupManagement] INFO  server.RaftServer$Division (RaftServerImpl.java:setRole(383)) - b3e6aaac-f754-418b-8ee3-735c124d2005@group-677284420DA1: changes role from      null to FOLLOWER at term 0 for startAsFollower
2024-03-04 12:55:40,622 [b3e6aaac-f754-418b-8ee3-735c124d2005-groupManagement] INFO  impl.RoleInfo (RoleInfo.java:updateAndGet(139)) - b3e6aaac-f754-418b-8ee3-735c124d2005: start b3e6aaac-f754-418b-8ee3-735c124d2005@group-677284420DA1-FollowerState
2024-03-04 12:55:40,622 [b3e6aaac-f754-418b-8ee3-735c124d2005@group-677284420DA1-FollowerState] INFO  server.RaftServerConfigKeys (ConfUtils.java:logFallback(53)) - raft.server.rpc.first-election.timeout.min = 5s (fallback to raft.server.rpc.timeout.min)
2024-03-04 12:55:40,622 [b3e6aaac-f754-418b-8ee3-735c124d2005-groupManagement] INFO  util.JmxRegister (JmxRegister.java:tryRegister(44)) - Successfully registered JMX Bean with object name Ratis:service=RaftServer,group=group-677284420DA1,id=b3e6aaac-f754-418b-8ee3-735c124d2005
2024-03-04 12:55:40,622 [b3e6aaac-f754-418b-8ee3-735c124d2005@group-677284420DA1-FollowerState] INFO  server.RaftServerConfigKeys (ConfUtils.java:logFallback(53)) - raft.server.rpc.first-election.timeout.max = 5200ms (fallback to raft.server.rpc.timeout.max)
2024-03-04 12:55:40,622 [b3e6aaac-f754-418b-8ee3-735c124d2005-groupManagement] INFO  server.RaftServerConfigKeys (ConfUtils.java:logGet(46)) - raft.server.snapshot.trigger-when-stop.enabled = true (default)
2024-03-04 12:55:40,622 [b3e6aaac-f754-418b-8ee3-735c124d2005-groupManagement] INFO  server.RaftServerConfigKeys (ConfUtils.java:logGet(46)) - raft.server.snapshot.auto.trigger.enabled = true (custom)
2024-03-04 12:55:40,622 [b3e6aaac-f754-418b-8ee3-735c124d2005-groupManagement] INFO  server.RaftServerConfigKeys (ConfUtils.java:logGet(46)) - raft.server.snapshot.auto.trigger.threshold = 10000 (custom)
2024-03-04 12:55:40,622 [b3e6aaac-f754-418b-8ee3-735c124d2005-groupManagement] INFO  server.RaftServerConfigKeys (ConfUtils.java:logGet(46)) - raft.server.snapshot.retention.file.num = 5 (custom)
2024-03-04 12:55:40,622 [b3e6aaac-f754-418b-8ee3-735c124d2005-groupManagement] INFO  server.RaftServerConfigKeys (ConfUtils.java:logGet(46)) - raft.server.log.purge.upto.snapshot.index = false (default)
2024-03-04 12:55:40,623 [b3e6aaac-f754-418b-8ee3-735c124d2005-PipelineCommandHandlerThread-0] INFO  ratis.XceiverServerRatis (XceiverServerRatis.java:addGroup(864)) - Created group PipelineID=535080ae-8e9f-4dc0-907a-677284420da1
2024-03-04 12:55:40,623 [b3e6aaac-f754-418b-8ee3-735c124d2005-PipelineCommandHandlerThread-0] INFO  commandhandler.CreatePipelineCommandHandler (CreatePipelineCommandHandler.java:lambda$handle$2(124)) - Created Pipeline RATIS ONE PipelineID=535080ae-8e9f-4dc0-907a-677284420da1.
2024-03-04 12:55:40,623 [b3e6aaac-f754-418b-8ee3-735c124d2005-PipelineCommandHandlerThread-0] INFO  server.RaftServer (RaftServerProxy.java:addNew(100)) - b3e6aaac-f754-418b-8ee3-735c124d2005: addNew group-F9904FD1CC47:[b3e6aaac-f754-418b-8ee3-735c124d2005|10.1.0.12:15108, da245a40-dab6-49b3-9cd4-dfd962afc5b6|10.1.0.12:15117, 00bce28b-f3a7-4d13-8bf8-b8e0995a094e|10.1.0.12:15126] returns group-F9904FD1CC47:java.util.concurrent.CompletableFuture@1d612231[Not completed]
2024-03-04 12:55:40,624 [b3e6aaac-f754-418b-8ee3-735c124d2005-groupManagement] INFO  server.RaftServer$Division (RaftServerImpl.java:<init>(256)) - b3e6aaac-f754-418b-8ee3-735c124d2005: new RaftServerImpl for group-F9904FD1CC47:[b3e6aaac-f754-418b-8ee3-735c124d2005|10.1.0.12:15108, da245a40-dab6-49b3-9cd4-dfd962afc5b6|10.1.0.12:15117, 00bce28b-f3a7-4d13-8bf8-b8e0995a094e|10.1.0.12:15126] with ContainerStateMachine:uninitialized
2024-03-04 12:55:40,624 [b3e6aaac-f754-418b-8ee3-735c124d2005-groupManagement] INFO  server.RaftServerConfigKeys (ConfUtils.java:logGet(46)) - raft.server.rpc.timeout.min = 5s (custom)
2024-03-04 12:55:40,624 [b3e6aaac-f754-418b-8ee3-735c124d2005-groupManagement] INFO  server.RaftServerConfigKeys (ConfUtils.java:logGet(46)) - raft.server.rpc.timeout.max = 5200ms (custom)
2024-03-04 12:55:40,624 [b3e6aaac-f754-418b-8ee3-735c124d2005-groupManagement] INFO  server.RaftServerConfigKeys (ConfUtils.java:logGet(46)) - raft.server.rpc.sleep.time = 25ms (default)
2024-03-04 12:55:40,624 [b3e6aaac-f754-418b-8ee3-735c124d2005-groupManagement] INFO  server.RaftServerConfigKeys (ConfUtils.java:logGet(46)) - raft.server.rpc.slowness.timeout = 300s (custom)
2024-03-04 12:55:40,624 [b3e6aaac-f754-418b-8ee3-735c124d2005-groupManagement] INFO  server.RaftServerConfigKeys (ConfUtils.java:logGet(46)) - raft.server.leaderelection.leader.step-down.wait-time = 10s (default)
2024-03-04 12:55:40,624 [b3e6aaac-f754-418b-8ee3-735c124d2005-groupManagement] INFO  server.RaftServerConfigKeys (ConfUtils.java:logGet(46)) - raft.server.leaderelection.member.majority-add = false (default)
2024-03-04 12:55:40,624 [b3e6aaac-f754-418b-8ee3-735c124d2005-groupManagement] INFO  server.RaftServerConfigKeys (ConfUtils.java:logGet(46)) - raft.server.sleep.deviation.threshold = 300ms (default)
2024-03-04 12:55:40,624 [b3e6aaac-f754-418b-8ee3-735c124d2005-groupManagement] INFO  server.RaftServer$Division (ServerState.java:<init>(113)) - b3e6aaac-f754-418b-8ee3-735c124d2005@group-F9904FD1CC47: ConfigurationManager, init=-1: peers:[b3e6aaac-f754-418b-8ee3-735c124d2005|10.1.0.12:15108, da245a40-dab6-49b3-9cd4-dfd962afc5b6|10.1.0.12:15117, 00bce28b-f3a7-4d13-8bf8-b8e0995a094e|10.1.0.12:15126]|listeners:[], old=null, confs=<EMPTY_MAP>
2024-03-04 12:55:40,624 [b3e6aaac-f754-418b-8ee3-735c124d2005-groupManagement] INFO  server.RaftServerConfigKeys (ConfUtils.java:logGet(46)) - raft.server.notification.no-leader.timeout = 300s (custom)
2024-03-04 12:55:40,624 [b3e6aaac-f754-418b-8ee3-735c124d2005-groupManagement] INFO  server.RaftServerConfigKeys (ConfUtils.java:logGet(46)) - raft.server.read.timeout = 10s (default)
2024-03-04 12:55:40,624 [b3e6aaac-f754-418b-8ee3-735c124d2005-groupManagement] INFO  server.RaftServerConfigKeys (ConfUtils.java:logGet(46)) - raft.server.retrycache.expirytime = 600000ms (custom)
2024-03-04 12:55:40,624 [b3e6aaac-f754-418b-8ee3-735c124d2005-groupManagement] INFO  server.RaftServerConfigKeys (ConfUtils.java:logGet(46)) - raft.server.retrycache.statistics.expirytime = 100ms (default)
2024-03-04 12:55:40,624 [b3e6aaac-f754-418b-8ee3-735c124d2005-groupManagement] INFO  server.RaftServerConfigKeys (ConfUtils.java:logGet(46)) - raft.server.read.option = DEFAULT (default)
2024-03-04 12:55:40,624 [b3e6aaac-f754-418b-8ee3-735c124d2005-groupManagement] INFO  server.RaftServerConfigKeys (ConfUtils.java:logGet(46)) - raft.server.read.read-after-write-consistent.write-index-cache.expiry-time = 60s (default)
2024-03-04 12:55:40,625 [b3e6aaac-f754-418b-8ee3-735c124d2005-groupManagement] INFO  server.RaftServerConfigKeys (ConfUtils.java:logGet(46)) - raft.server.rpc.request.timeout = 60s (custom)
2024-03-04 12:55:40,625 [b3e6aaac-f754-418b-8ee3-735c124d2005-groupManagement] INFO  server.RaftServerConfigKeys (ConfUtils.java:logGet(46)) - raft.server.log.appender.install.snapshot.enabled = false (custom)
2024-03-04 12:55:40,625 [b3e6aaac-f754-418b-8ee3-735c124d2005-groupManagement] INFO  server.RaftServerConfigKeys (ConfUtils.java:logGet(46)) - raft.server.threadpool.server.cached = true (default)
2024-03-04 12:55:40,626 [b3e6aaac-f754-418b-8ee3-735c124d2005-groupManagement] INFO  server.RaftServerConfigKeys (ConfUtils.java:logGet(46)) - raft.server.threadpool.server.size = 0 (default)
2024-03-04 12:55:40,626 [b3e6aaac-f754-418b-8ee3-735c124d2005-groupManagement] INFO  server.RaftServerConfigKeys (ConfUtils.java:logGet(46)) - raft.server.threadpool.client.cached = true (default)
2024-03-04 12:55:40,626 [b3e6aaac-f754-418b-8ee3-735c124d2005-groupManagement] INFO  server.RaftServerConfigKeys (ConfUtils.java:logGet(46)) - raft.server.threadpool.client.size = 0 (default)
2024-03-04 12:55:40,626 [b3e6aaac-f754-418b-8ee3-735c124d2005-groupManagement] INFO  server.RaftServerConfigKeys (ConfUtils.java:logGet(46)) - raft.server.storage.free-space.min = 0MB (=0) (default)
2024-03-04 12:55:40,626 [b3e6aaac-f754-418b-8ee3-735c124d2005-groupManagement] INFO  server.RaftServerConfigKeys (ConfUtils.java:logGet(46)) - raft.server.log.corruption.policy = EXCEPTION (default)
2024-03-04 12:55:40,626 [b3e6aaac-f754-418b-8ee3-735c124d2005-groupManagement] INFO  server.RaftServerConfigKeys (ConfUtils.java:logGet(46)) - raft.server.storage.dir = [/home/runner/work/ozone/ozone/hadoop-ozone/integration-test/target/test-dir/MiniOzoneClusterImpl-5dfaf9ee-e84d-4a0a-b307-fdee3dcb636e/ozone-meta/datanode-1/ratis] (custom)
2024-03-04 12:55:40,626 [b3e6aaac-f754-418b-8ee3-735c124d2005-groupManagement] INFO  storage.RaftStorageDirectory (RaftStorageDirectoryImpl.java:analyzeStorage(138)) - The storage directory /home/runner/work/ozone/ozone/hadoop-ozone/integration-test/target/test-dir/MiniOzoneClusterImpl-5dfaf9ee-e84d-4a0a-b307-fdee3dcb636e/ozone-meta/datanode-1/ratis/e07c6d33-a80f-4e2b-b14b-f9904fd1cc47 does not exist. Creating ...
2024-03-04 12:55:40,627 [b3e6aaac-f754-418b-8ee3-735c124d2005-groupManagement] INFO  storage.RaftStorageDirectory (RaftStorageDirectoryImpl.java:tryLock(228)) - Lock on /home/runner/work/ozone/ozone/hadoop-ozone/integration-test/target/test-dir/MiniOzoneClusterImpl-5dfaf9ee-e84d-4a0a-b307-fdee3dcb636e/ozone-meta/datanode-1/ratis/e07c6d33-a80f-4e2b-b14b-f9904fd1cc47/in_use.lock acquired by nodename 41993@fv-az571-795
2024-03-04 12:55:40,628 [b3e6aaac-f754-418b-8ee3-735c124d2005-groupManagement] INFO  storage.RaftStorage (RaftStorageImpl.java:format(99)) - Storage directory /home/runner/work/ozone/ozone/hadoop-ozone/integration-test/target/test-dir/MiniOzoneClusterImpl-5dfaf9ee-e84d-4a0a-b307-fdee3dcb636e/ozone-meta/datanode-1/ratis/e07c6d33-a80f-4e2b-b14b-f9904fd1cc47 has been successfully formatted.
2024-03-04 12:55:40,628 [b3e6aaac-f754-418b-8ee3-735c124d2005-groupManagement] WARN  util.FileUtils (LogUtils.java:supplyAndLog(63)) - Failed to Files.newInputStream /home/runner/work/ozone/ozone/hadoop-ozone/integration-test/target/test-dir/MiniOzoneClusterImpl-5dfaf9ee-e84d-4a0a-b307-fdee3dcb636e/ozone-meta/datanode-1/ratis/e07c6d33-a80f-4e2b-b14b-f9904fd1cc47/current/raft-meta.conf with options []: java.nio.file.NoSuchFileException: /home/runner/work/ozone/ozone/hadoop-ozone/integration-test/target/test-dir/MiniOzoneClusterImpl-5dfaf9ee-e84d-4a0a-b307-fdee3dcb636e/ozone-meta/datanode-1/ratis/e07c6d33-a80f-4e2b-b14b-f9904fd1cc47/current/raft-meta.conf
2024-03-04 12:55:40,628 [b3e6aaac-f754-418b-8ee3-735c124d2005-groupManagement] INFO  ratis.ContainerStateMachine (ContainerStateMachine.java:loadSnapshot(287)) - group-F9904FD1CC47: The snapshot info is null. Setting the last applied index to:(t:0, i:~)
2024-03-04 12:55:40,628 [b3e6aaac-f754-418b-8ee3-735c124d2005-groupManagement] INFO  server.RaftServerConfigKeys (ConfUtils.java:logGet(46)) - raft.server.log.use.memory = false (default)
2024-03-04 12:55:40,628 [b3e6aaac-f754-418b-8ee3-735c124d2005-groupManagement] INFO  server.RaftServerConfigKeys (ConfUtils.java:logGet(46)) - raft.server.log.purge.gap = 1000000 (custom)
2024-03-04 12:55:40,629 [b3e6aaac-f754-418b-8ee3-735c124d2005-groupManagement] INFO  server.RaftServerConfigKeys (ConfUtils.java:logGet(46)) - raft.server.log.appender.buffer.byte-limit = 8388608 (custom)
2024-03-04 12:55:40,629 [b3e6aaac-f754-418b-8ee3-735c124d2005-groupManagement] INFO  server.RaftServerConfigKeys (ConfUtils.java:logGet(46)) - raft.server.log.statemachine.data.read.timeout = 1000ms (default)
2024-03-04 12:55:40,629 [b3e6aaac-f754-418b-8ee3-735c124d2005-groupManagement] INFO  server.RaftServerConfigKeys (ConfUtils.java:logGet(46)) - raft.server.log.purge.preservation.log.num = 0 (default)
2024-03-04 12:55:40,629 [EventQueue-OpenPipelineForHealthyPipelineSafeModeRule] INFO  safemode.SCMSafeModeManager (HealthyPipelineSafeModeRule.java:process(140)) - SCM in safe mode. Healthy pipelines reported count is 0, required healthy pipeline reported count is 1
2024-03-04 12:55:40,630 [b3e6aaac-f754-418b-8ee3-735c124d2005-groupManagement] INFO  server.RaftServerConfigKeys (ConfUtils.java:logGet(46)) - raft.server.log.segment.size.max = 67108864 (custom)
2024-03-04 12:55:40,630 [b3e6aaac-f754-418b-8ee3-735c124d2005-groupManagement] INFO  server.RaftServerConfigKeys (ConfUtils.java:logGet(46)) - raft.server.log.segment.cache.num.max = 2 (custom)
2024-03-04 12:55:40,630 [b3e6aaac-f754-418b-8ee3-735c124d2005-groupManagement] INFO  server.RaftServerConfigKeys (ConfUtils.java:logGet(46)) - raft.server.log.segment.cache.size.max = 200MB (=209715200) (default)
2024-03-04 12:55:40,630 [b3e6aaac-f754-418b-8ee3-735c124d2005-groupManagement] INFO  server.RaftServerConfigKeys (ConfUtils.java:logGet(46)) - raft.server.log.appender.buffer.byte-limit = 8388608 (custom)
2024-03-04 12:55:40,630 [b3e6aaac-f754-418b-8ee3-735c124d2005-groupManagement] INFO  util.AwaitToRun (AwaitToRun.java:start(81)) - Thread[b3e6aaac-f754-418b-8ee3-735c124d2005@group-F9904FD1CC47-cacheEviction-AwaitToRun,5,main] started
2024-03-04 12:55:40,630 [b3e6aaac-f754-418b-8ee3-735c124d2005-groupManagement] INFO  segmented.SegmentedRaftLogWorker (SegmentedRaftLogWorker.java:<init>(182)) - new b3e6aaac-f754-418b-8ee3-735c124d2005@group-F9904FD1CC47-SegmentedRaftLogWorker for RaftStorageImpl:Storage Directory /home/runner/work/ozone/ozone/hadoop-ozone/integration-test/target/test-dir/MiniOzoneClusterImpl-5dfaf9ee-e84d-4a0a-b307-fdee3dcb636e/ozone-meta/datanode-1/ratis/e07c6d33-a80f-4e2b-b14b-f9904fd1cc47
2024-03-04 12:55:40,631 [b3e6aaac-f754-418b-8ee3-735c124d2005-groupManagement] INFO  server.RaftServerConfigKeys (ConfUtils.java:logGet(46)) - raft.server.log.queue.byte-limit = 4294967296 (custom)
2024-03-04 12:55:40,631 [b3e6aaac-f754-418b-8ee3-735c124d2005-groupManagement] INFO  server.RaftServerConfigKeys (ConfUtils.java:logGet(46)) - raft.server.log.queue.element-limit = 1024 (custom)
2024-03-04 12:55:40,631 [b3e6aaac-f754-418b-8ee3-735c124d2005-groupManagement] INFO  server.RaftServerConfigKeys (ConfUtils.java:logGet(46)) - raft.server.log.segment.size.max = 67108864 (custom)
2024-03-04 12:55:40,631 [b3e6aaac-f754-418b-8ee3-735c124d2005-groupManagement] INFO  server.RaftServerConfigKeys (ConfUtils.java:logGet(46)) - raft.server.log.preallocated.size = 4194304 (custom)
2024-03-04 12:55:40,631 [b3e6aaac-f754-418b-8ee3-735c124d2005-groupManagement] INFO  server.RaftServerConfigKeys (ConfUtils.java:logGet(46)) - raft.server.log.force.sync.num = 128 (default)
2024-03-04 12:55:40,631 [b3e6aaac-f754-418b-8ee3-735c124d2005-groupManagement] INFO  server.RaftServerConfigKeys (ConfUtils.java:logGet(46)) - raft.server.log.statemachine.data.sync = true (default)
2024-03-04 12:55:40,631 [b3e6aaac-f754-418b-8ee3-735c124d2005-groupManagement] INFO  server.RaftServerConfigKeys (ConfUtils.java:logGet(46)) - raft.server.log.statemachine.data.sync.timeout = 10s (default)
2024-03-04 12:55:40,631 [b3e6aaac-f754-418b-8ee3-735c124d2005-groupManagement] INFO  server.RaftServerConfigKeys (ConfUtils.java:logGet(46)) - raft.server.log.statemachine.data.sync.timeout.retry = 0 (custom)
2024-03-04 12:55:40,631 [b3e6aaac-f754-418b-8ee3-735c124d2005-groupManagement] INFO  server.RaftServerConfigKeys (ConfUtils.java:logGet(46)) - raft.server.log.write.buffer.size = 8388616 (custom)
2024-03-04 12:55:40,632 [b3e6aaac-f754-418b-8ee3-735c124d2005-groupManagement] INFO  server.RaftServerConfigKeys (ConfUtils.java:logGet(46)) - raft.server.log.appender.buffer.byte-limit = 8388608 (custom)
2024-03-04 12:55:40,632 [b3e6aaac-f754-418b-8ee3-735c124d2005-groupManagement] INFO  server.RaftServerConfigKeys (ConfUtils.java:logGet(46)) - raft.server.log.unsafe-flush.enabled = false (default)
2024-03-04 12:55:40,632 [b3e6aaac-f754-418b-8ee3-735c124d2005-groupManagement] INFO  server.RaftServerConfigKeys (ConfUtils.java:logGet(46)) - raft.server.log.async-flush.enabled = false (default)
2024-03-04 12:55:40,633 [b3e6aaac-f754-418b-8ee3-735c124d2005-groupManagement] INFO  server.RaftServerConfigKeys (ConfUtils.java:logGet(46)) - raft.server.log.statemachine.data.caching.enabled = true (custom)
2024-03-04 12:55:40,633 [b3e6aaac-f754-418b-8ee3-735c124d2005-groupManagement] INFO  segmented.SegmentedRaftLogWorker (SegmentedRaftLogWorker.java:lambda$new$0(134)) - b3e6aaac-f754-418b-8ee3-735c124d2005@group-F9904FD1CC47-SegmentedRaftLogWorker: flushIndex: setUnconditionally 0 -> -1
2024-03-04 12:55:40,633 [b3e6aaac-f754-418b-8ee3-735c124d2005-groupManagement] INFO  segmented.SegmentedRaftLogWorker (SegmentedRaftLogWorker.java:lambda$new$0(134)) - b3e6aaac-f754-418b-8ee3-735c124d2005@group-F9904FD1CC47-SegmentedRaftLogWorker: safeCacheEvictIndex: setUnconditionally 0 -> -1
2024-03-04 12:55:40,633 [b3e6aaac-f754-418b-8ee3-735c124d2005-groupManagement] INFO  server.RaftServer$Division (RaftServerImpl.java:start(396)) - b3e6aaac-f754-418b-8ee3-735c124d2005@group-F9904FD1CC47: start as a follower, conf=-1: peers:[b3e6aaac-f754-418b-8ee3-735c124d2005|10.1.0.12:15108, da245a40-dab6-49b3-9cd4-dfd962afc5b6|10.1.0.12:15117, 00bce28b-f3a7-4d13-8bf8-b8e0995a094e|10.1.0.12:15126]|listeners:[], old=null
2024-03-04 12:55:40,633 [b3e6aaac-f754-418b-8ee3-735c124d2005-groupManagement] INFO  server.RaftServer$Division (RaftServerImpl.java:setRole(383)) - b3e6aaac-f754-418b-8ee3-735c124d2005@group-F9904FD1CC47: changes role from      null to FOLLOWER at term 0 for startAsFollower
2024-03-04 12:55:40,633 [b3e6aaac-f754-418b-8ee3-735c124d2005-groupManagement] INFO  impl.RoleInfo (RoleInfo.java:updateAndGet(139)) - b3e6aaac-f754-418b-8ee3-735c124d2005: start b3e6aaac-f754-418b-8ee3-735c124d2005@group-F9904FD1CC47-FollowerState
2024-03-04 12:55:40,633 [b3e6aaac-f754-418b-8ee3-735c124d2005-groupManagement] INFO  util.JmxRegister (JmxRegister.java:tryRegister(44)) - Successfully registered JMX Bean with object name Ratis:service=RaftServer,group=group-F9904FD1CC47,id=b3e6aaac-f754-418b-8ee3-735c124d2005
2024-03-04 12:55:40,633 [b3e6aaac-f754-418b-8ee3-735c124d2005@group-F9904FD1CC47-FollowerState] INFO  server.RaftServerConfigKeys (ConfUtils.java:logFallback(53)) - raft.server.rpc.first-election.timeout.min = 5s (fallback to raft.server.rpc.timeout.min)
2024-03-04 12:55:40,633 [b3e6aaac-f754-418b-8ee3-735c124d2005-groupManagement] INFO  server.RaftServerConfigKeys (ConfUtils.java:logGet(46)) - raft.server.snapshot.trigger-when-stop.enabled = true (default)
2024-03-04 12:55:40,633 [b3e6aaac-f754-418b-8ee3-735c124d2005@group-F9904FD1CC47-FollowerState] INFO  server.RaftServerConfigKeys (ConfUtils.java:logFallback(53)) - raft.server.rpc.first-election.timeout.max = 5200ms (fallback to raft.server.rpc.timeout.max)
2024-03-04 12:55:40,634 [b3e6aaac-f754-418b-8ee3-735c124d2005-groupManagement] INFO  server.RaftServerConfigKeys (ConfUtils.java:logGet(46)) - raft.server.snapshot.auto.trigger.enabled = true (custom)
2024-03-04 12:55:40,634 [b3e6aaac-f754-418b-8ee3-735c124d2005-groupManagement] INFO  server.RaftServerConfigKeys (ConfUtils.java:logGet(46)) - raft.server.snapshot.auto.trigger.threshold = 10000 (custom)
2024-03-04 12:55:40,634 [b3e6aaac-f754-418b-8ee3-735c124d2005-groupManagement] INFO  server.RaftServerConfigKeys (ConfUtils.java:logGet(46)) - raft.server.snapshot.retention.file.num = 5 (custom)
2024-03-04 12:55:40,634 [b3e6aaac-f754-418b-8ee3-735c124d2005-groupManagement] INFO  server.RaftServerConfigKeys (ConfUtils.java:logGet(46)) - raft.server.log.purge.upto.snapshot.index = false (default)
2024-03-04 12:55:40,634 [b3e6aaac-f754-418b-8ee3-735c124d2005-PipelineCommandHandlerThread-0] INFO  ratis.XceiverServerRatis (XceiverServerRatis.java:addGroup(864)) - Created group PipelineID=e07c6d33-a80f-4e2b-b14b-f9904fd1cc47
2024-03-04 12:55:40,641 [grpc-default-executor-2] INFO  server.RaftServer (RaftServerProxy.java:addNew(100)) - da245a40-dab6-49b3-9cd4-dfd962afc5b6: addNew group-F9904FD1CC47:[b3e6aaac-f754-418b-8ee3-735c124d2005|10.1.0.12:15108, da245a40-dab6-49b3-9cd4-dfd962afc5b6|10.1.0.12:15117, 00bce28b-f3a7-4d13-8bf8-b8e0995a094e|10.1.0.12:15126] returns group-F9904FD1CC47:java.util.concurrent.CompletableFuture@385b3fd[Not completed]
2024-03-04 12:55:40,641 [da245a40-dab6-49b3-9cd4-dfd962afc5b6-groupManagement] INFO  server.RaftServer$Division (RaftServerImpl.java:<init>(256)) - da245a40-dab6-49b3-9cd4-dfd962afc5b6: new RaftServerImpl for group-F9904FD1CC47:[b3e6aaac-f754-418b-8ee3-735c124d2005|10.1.0.12:15108, da245a40-dab6-49b3-9cd4-dfd962afc5b6|10.1.0.12:15117, 00bce28b-f3a7-4d13-8bf8-b8e0995a094e|10.1.0.12:15126] with ContainerStateMachine:uninitialized
2024-03-04 12:55:40,641 [da245a40-dab6-49b3-9cd4-dfd962afc5b6-groupManagement] INFO  server.RaftServerConfigKeys (ConfUtils.java:logGet(46)) - raft.server.rpc.timeout.min = 5s (custom)
2024-03-04 12:55:40,641 [da245a40-dab6-49b3-9cd4-dfd962afc5b6-groupManagement] INFO  server.RaftServerConfigKeys (ConfUtils.java:logGet(46)) - raft.server.rpc.timeout.max = 5200ms (custom)
2024-03-04 12:55:40,642 [da245a40-dab6-49b3-9cd4-dfd962afc5b6-groupManagement] INFO  server.RaftServerConfigKeys (ConfUtils.java:logGet(46)) - raft.server.rpc.sleep.time = 25ms (default)
2024-03-04 12:55:40,642 [da245a40-dab6-49b3-9cd4-dfd962afc5b6-groupManagement] INFO  server.RaftServerConfigKeys (ConfUtils.java:logGet(46)) - raft.server.rpc.slowness.timeout = 300s (custom)
2024-03-04 12:55:40,642 [da245a40-dab6-49b3-9cd4-dfd962afc5b6-groupManagement] INFO  server.RaftServerConfigKeys (ConfUtils.java:logGet(46)) - raft.server.leaderelection.leader.step-down.wait-time = 10s (default)
2024-03-04 12:55:40,642 [da245a40-dab6-49b3-9cd4-dfd962afc5b6-groupManagement] INFO  server.RaftServerConfigKeys (ConfUtils.java:logGet(46)) - raft.server.leaderelection.member.majority-add = false (default)
2024-03-04 12:55:40,642 [da245a40-dab6-49b3-9cd4-dfd962afc5b6-groupManagement] INFO  server.RaftServerConfigKeys (ConfUtils.java:logGet(46)) - raft.server.sleep.deviation.threshold = 300ms (default)
2024-03-04 12:55:40,642 [da245a40-dab6-49b3-9cd4-dfd962afc5b6-groupManagement] INFO  server.RaftServer$Division (ServerState.java:<init>(113)) - da245a40-dab6-49b3-9cd4-dfd962afc5b6@group-F9904FD1CC47: ConfigurationManager, init=-1: peers:[b3e6aaac-f754-418b-8ee3-735c124d2005|10.1.0.12:15108, da245a40-dab6-49b3-9cd4-dfd962afc5b6|10.1.0.12:15117, 00bce28b-f3a7-4d13-8bf8-b8e0995a094e|10.1.0.12:15126]|listeners:[], old=null, confs=<EMPTY_MAP>
2024-03-04 12:55:40,642 [da245a40-dab6-49b3-9cd4-dfd962afc5b6-groupManagement] INFO  server.RaftServerConfigKeys (ConfUtils.java:logGet(46)) - raft.server.notification.no-leader.timeout = 300s (custom)
2024-03-04 12:55:40,642 [da245a40-dab6-49b3-9cd4-dfd962afc5b6-groupManagement] INFO  server.RaftServerConfigKeys (ConfUtils.java:logGet(46)) - raft.server.read.timeout = 10s (default)
2024-03-04 12:55:40,642 [da245a40-dab6-49b3-9cd4-dfd962afc5b6-groupManagement] INFO  server.RaftServerConfigKeys (ConfUtils.java:logGet(46)) - raft.server.retrycache.expirytime = 600000ms (custom)
2024-03-04 12:55:40,642 [da245a40-dab6-49b3-9cd4-dfd962afc5b6-groupManagement] INFO  server.RaftServerConfigKeys (ConfUtils.java:logGet(46)) - raft.server.retrycache.statistics.expirytime = 100ms (default)
2024-03-04 12:55:40,642 [da245a40-dab6-49b3-9cd4-dfd962afc5b6-groupManagement] INFO  server.RaftServerConfigKeys (ConfUtils.java:logGet(46)) - raft.server.read.option = DEFAULT (default)
2024-03-04 12:55:40,642 [da245a40-dab6-49b3-9cd4-dfd962afc5b6-groupManagement] INFO  server.RaftServerConfigKeys (ConfUtils.java:logGet(46)) - raft.server.read.read-after-write-consistent.write-index-cache.expiry-time = 60s (default)
2024-03-04 12:55:40,644 [da245a40-dab6-49b3-9cd4-dfd962afc5b6-groupManagement] INFO  server.RaftServerConfigKeys (ConfUtils.java:logGet(46)) - raft.server.rpc.request.timeout = 60s (custom)
2024-03-04 12:55:40,644 [da245a40-dab6-49b3-9cd4-dfd962afc5b6-groupManagement] INFO  server.RaftServerConfigKeys (ConfUtils.java:logGet(46)) - raft.server.log.appender.install.snapshot.enabled = false (custom)
2024-03-04 12:55:40,644 [da245a40-dab6-49b3-9cd4-dfd962afc5b6-groupManagement] INFO  server.RaftServerConfigKeys (ConfUtils.java:logGet(46)) - raft.server.threadpool.server.cached = true (default)
2024-03-04 12:55:40,645 [da245a40-dab6-49b3-9cd4-dfd962afc5b6-groupManagement] INFO  server.RaftServerConfigKeys (ConfUtils.java:logGet(46)) - raft.server.threadpool.server.size = 0 (default)
2024-03-04 12:55:40,645 [da245a40-dab6-49b3-9cd4-dfd962afc5b6-groupManagement] INFO  server.RaftServerConfigKeys (ConfUtils.java:logGet(46)) - raft.server.threadpool.client.cached = true (default)
2024-03-04 12:55:40,645 [da245a40-dab6-49b3-9cd4-dfd962afc5b6-groupManagement] INFO  server.RaftServerConfigKeys (ConfUtils.java:logGet(46)) - raft.server.threadpool.client.size = 0 (default)
2024-03-04 12:55:40,645 [da245a40-dab6-49b3-9cd4-dfd962afc5b6-groupManagement] INFO  server.RaftServerConfigKeys (ConfUtils.java:logGet(46)) - raft.server.storage.free-space.min = 0MB (=0) (default)
2024-03-04 12:55:40,645 [da245a40-dab6-49b3-9cd4-dfd962afc5b6-groupManagement] INFO  server.RaftServerConfigKeys (ConfUtils.java:logGet(46)) - raft.server.log.corruption.policy = EXCEPTION (default)
2024-03-04 12:55:40,645 [da245a40-dab6-49b3-9cd4-dfd962afc5b6-groupManagement] INFO  server.RaftServerConfigKeys (ConfUtils.java:logGet(46)) - raft.server.storage.dir = [/home/runner/work/ozone/ozone/hadoop-ozone/integration-test/target/test-dir/MiniOzoneClusterImpl-5dfaf9ee-e84d-4a0a-b307-fdee3dcb636e/ozone-meta/datanode-2/ratis] (custom)
2024-03-04 12:55:40,645 [da245a40-dab6-49b3-9cd4-dfd962afc5b6-groupManagement] INFO  storage.RaftStorageDirectory (RaftStorageDirectoryImpl.java:analyzeStorage(138)) - The storage directory /home/runner/work/ozone/ozone/hadoop-ozone/integration-test/target/test-dir/MiniOzoneClusterImpl-5dfaf9ee-e84d-4a0a-b307-fdee3dcb636e/ozone-meta/datanode-2/ratis/e07c6d33-a80f-4e2b-b14b-f9904fd1cc47 does not exist. Creating ...
2024-03-04 12:55:40,646 [da245a40-dab6-49b3-9cd4-dfd962afc5b6-groupManagement] INFO  storage.RaftStorageDirectory (RaftStorageDirectoryImpl.java:tryLock(228)) - Lock on /home/runner/work/ozone/ozone/hadoop-ozone/integration-test/target/test-dir/MiniOzoneClusterImpl-5dfaf9ee-e84d-4a0a-b307-fdee3dcb636e/ozone-meta/datanode-2/ratis/e07c6d33-a80f-4e2b-b14b-f9904fd1cc47/in_use.lock acquired by nodename 41993@fv-az571-795
2024-03-04 12:55:40,647 [da245a40-dab6-49b3-9cd4-dfd962afc5b6-groupManagement] INFO  storage.RaftStorage (RaftStorageImpl.java:format(99)) - Storage directory /home/runner/work/ozone/ozone/hadoop-ozone/integration-test/target/test-dir/MiniOzoneClusterImpl-5dfaf9ee-e84d-4a0a-b307-fdee3dcb636e/ozone-meta/datanode-2/ratis/e07c6d33-a80f-4e2b-b14b-f9904fd1cc47 has been successfully formatted.
2024-03-04 12:55:40,647 [da245a40-dab6-49b3-9cd4-dfd962afc5b6-groupManagement] WARN  util.FileUtils (LogUtils.java:supplyAndLog(63)) - Failed to Files.newInputStream /home/runner/work/ozone/ozone/hadoop-ozone/integration-test/target/test-dir/MiniOzoneClusterImpl-5dfaf9ee-e84d-4a0a-b307-fdee3dcb636e/ozone-meta/datanode-2/ratis/e07c6d33-a80f-4e2b-b14b-f9904fd1cc47/current/raft-meta.conf with options []: java.nio.file.NoSuchFileException: /home/runner/work/ozone/ozone/hadoop-ozone/integration-test/target/test-dir/MiniOzoneClusterImpl-5dfaf9ee-e84d-4a0a-b307-fdee3dcb636e/ozone-meta/datanode-2/ratis/e07c6d33-a80f-4e2b-b14b-f9904fd1cc47/current/raft-meta.conf
2024-03-04 12:55:40,649 [da245a40-dab6-49b3-9cd4-dfd962afc5b6-groupManagement] INFO  ratis.ContainerStateMachine (ContainerStateMachine.java:loadSnapshot(287)) - group-F9904FD1CC47: The snapshot info is null. Setting the last applied index to:(t:0, i:~)
2024-03-04 12:55:40,649 [da245a40-dab6-49b3-9cd4-dfd962afc5b6-groupManagement] INFO  server.RaftServerConfigKeys (ConfUtils.java:logGet(46)) - raft.server.log.use.memory = false (default)
2024-03-04 12:55:40,649 [da245a40-dab6-49b3-9cd4-dfd962afc5b6-groupManagement] INFO  server.RaftServerConfigKeys (ConfUtils.java:logGet(46)) - raft.server.log.purge.gap = 1000000 (custom)
2024-03-04 12:55:40,649 [da245a40-dab6-49b3-9cd4-dfd962afc5b6-groupManagement] INFO  server.RaftServerConfigKeys (ConfUtils.java:logGet(46)) - raft.server.log.appender.buffer.byte-limit = 8388608 (custom)
2024-03-04 12:55:40,649 [da245a40-dab6-49b3-9cd4-dfd962afc5b6-groupManagement] INFO  server.RaftServerConfigKeys (ConfUtils.java:logGet(46)) - raft.server.log.statemachine.data.read.timeout = 1000ms (default)
2024-03-04 12:55:40,649 [da245a40-dab6-49b3-9cd4-dfd962afc5b6-groupManagement] INFO  server.RaftServerConfigKeys (ConfUtils.java:logGet(46)) - raft.server.log.purge.preservation.log.num = 0 (default)
2024-03-04 12:55:40,650 [da245a40-dab6-49b3-9cd4-dfd962afc5b6-groupManagement] INFO  server.RaftServerConfigKeys (ConfUtils.java:logGet(46)) - raft.server.log.segment.size.max = 67108864 (custom)
2024-03-04 12:55:40,650 [da245a40-dab6-49b3-9cd4-dfd962afc5b6-groupManagement] INFO  server.RaftServerConfigKeys (ConfUtils.java:logGet(46)) - raft.server.log.segment.cache.num.max = 2 (custom)
2024-03-04 12:55:40,650 [da245a40-dab6-49b3-9cd4-dfd962afc5b6-groupManagement] INFO  server.RaftServerConfigKeys (ConfUtils.java:logGet(46)) - raft.server.log.segment.cache.size.max = 200MB (=209715200) (default)
2024-03-04 12:55:40,650 [da245a40-dab6-49b3-9cd4-dfd962afc5b6-groupManagement] INFO  server.RaftServerConfigKeys (ConfUtils.java:logGet(46)) - raft.server.log.appender.buffer.byte-limit = 8388608 (custom)
2024-03-04 12:55:40,650 [da245a40-dab6-49b3-9cd4-dfd962afc5b6-groupManagement] INFO  util.AwaitToRun (AwaitToRun.java:start(81)) - Thread[da245a40-dab6-49b3-9cd4-dfd962afc5b6@group-F9904FD1CC47-cacheEviction-AwaitToRun,5,main] started
2024-03-04 12:55:40,650 [da245a40-dab6-49b3-9cd4-dfd962afc5b6-groupManagement] INFO  segmented.SegmentedRaftLogWorker (SegmentedRaftLogWorker.java:<init>(182)) - new da245a40-dab6-49b3-9cd4-dfd962afc5b6@group-F9904FD1CC47-SegmentedRaftLogWorker for RaftStorageImpl:Storage Directory /home/runner/work/ozone/ozone/hadoop-ozone/integration-test/target/test-dir/MiniOzoneClusterImpl-5dfaf9ee-e84d-4a0a-b307-fdee3dcb636e/ozone-meta/datanode-2/ratis/e07c6d33-a80f-4e2b-b14b-f9904fd1cc47
2024-03-04 12:55:40,651 [da245a40-dab6-49b3-9cd4-dfd962afc5b6-groupManagement] INFO  server.RaftServerConfigKeys (ConfUtils.java:logGet(46)) - raft.server.log.queue.byte-limit = 4294967296 (custom)
2024-03-04 12:55:40,651 [da245a40-dab6-49b3-9cd4-dfd962afc5b6-groupManagement] INFO  server.RaftServerConfigKeys (ConfUtils.java:logGet(46)) - raft.server.log.queue.element-limit = 1024 (custom)
2024-03-04 12:55:40,651 [da245a40-dab6-49b3-9cd4-dfd962afc5b6-groupManagement] INFO  server.RaftServerConfigKeys (ConfUtils.java:logGet(46)) - raft.server.log.segment.size.max = 67108864 (custom)
2024-03-04 12:55:40,651 [da245a40-dab6-49b3-9cd4-dfd962afc5b6-groupManagement] INFO  server.RaftServerConfigKeys (ConfUtils.java:logGet(46)) - raft.server.log.preallocated.size = 4194304 (custom)
2024-03-04 12:55:40,651 [da245a40-dab6-49b3-9cd4-dfd962afc5b6-groupManagement] INFO  server.RaftServerConfigKeys (ConfUtils.java:logGet(46)) - raft.server.log.force.sync.num = 128 (default)
2024-03-04 12:55:40,651 [da245a40-dab6-49b3-9cd4-dfd962afc5b6-groupManagement] INFO  server.RaftServerConfigKeys (ConfUtils.java:logGet(46)) - raft.server.log.statemachine.data.sync = true (default)
2024-03-04 12:55:40,651 [da245a40-dab6-49b3-9cd4-dfd962afc5b6-groupManagement] INFO  server.RaftServerConfigKeys (ConfUtils.java:logGet(46)) - raft.server.log.statemachine.data.sync.timeout = 10s (default)
2024-03-04 12:55:40,651 [da245a40-dab6-49b3-9cd4-dfd962afc5b6-groupManagement] INFO  server.RaftServerConfigKeys (ConfUtils.java:logGet(46)) - raft.server.log.statemachine.data.sync.timeout.retry = 0 (custom)
2024-03-04 12:55:40,651 [da245a40-dab6-49b3-9cd4-dfd962afc5b6-groupManagement] INFO  server.RaftServerConfigKeys (ConfUtils.java:logGet(46)) - raft.server.log.write.buffer.size = 8388616 (custom)
2024-03-04 12:55:40,653 [da245a40-dab6-49b3-9cd4-dfd962afc5b6-groupManagement] INFO  server.RaftServerConfigKeys (ConfUtils.java:logGet(46)) - raft.server.log.appender.buffer.byte-limit = 8388608 (custom)
2024-03-04 12:55:40,653 [da245a40-dab6-49b3-9cd4-dfd962afc5b6-groupManagement] INFO  server.RaftServerConfigKeys (ConfUtils.java:logGet(46)) - raft.server.log.unsafe-flush.enabled = false (default)
2024-03-04 12:55:40,653 [da245a40-dab6-49b3-9cd4-dfd962afc5b6-groupManagement] INFO  server.RaftServerConfigKeys (ConfUtils.java:logGet(46)) - raft.server.log.async-flush.enabled = false (default)
2024-03-04 12:55:40,653 [da245a40-dab6-49b3-9cd4-dfd962afc5b6-groupManagement] INFO  server.RaftServerConfigKeys (ConfUtils.java:logGet(46)) - raft.server.log.statemachine.data.caching.enabled = true (custom)
2024-03-04 12:55:40,653 [da245a40-dab6-49b3-9cd4-dfd962afc5b6-groupManagement] INFO  segmented.SegmentedRaftLogWorker (SegmentedRaftLogWorker.java:lambda$new$0(134)) - da245a40-dab6-49b3-9cd4-dfd962afc5b6@group-F9904FD1CC47-SegmentedRaftLogWorker: flushIndex: setUnconditionally 0 -> -1
2024-03-04 12:55:40,653 [da245a40-dab6-49b3-9cd4-dfd962afc5b6-groupManagement] INFO  segmented.SegmentedRaftLogWorker (SegmentedRaftLogWorker.java:lambda$new$0(134)) - da245a40-dab6-49b3-9cd4-dfd962afc5b6@group-F9904FD1CC47-SegmentedRaftLogWorker: safeCacheEvictIndex: setUnconditionally 0 -> -1
2024-03-04 12:55:40,653 [da245a40-dab6-49b3-9cd4-dfd962afc5b6-groupManagement] INFO  server.RaftServer$Division (RaftServerImpl.java:start(396)) - da245a40-dab6-49b3-9cd4-dfd962afc5b6@group-F9904FD1CC47: start as a follower, conf=-1: peers:[b3e6aaac-f754-418b-8ee3-735c124d2005|10.1.0.12:15108, da245a40-dab6-49b3-9cd4-dfd962afc5b6|10.1.0.12:15117, 00bce28b-f3a7-4d13-8bf8-b8e0995a094e|10.1.0.12:15126]|listeners:[], old=null
2024-03-04 12:55:40,654 [da245a40-dab6-49b3-9cd4-dfd962afc5b6-groupManagement] INFO  server.RaftServer$Division (RaftServerImpl.java:setRole(383)) - da245a40-dab6-49b3-9cd4-dfd962afc5b6@group-F9904FD1CC47: changes role from      null to FOLLOWER at term 0 for startAsFollower
2024-03-04 12:55:40,654 [da245a40-dab6-49b3-9cd4-dfd962afc5b6-groupManagement] INFO  impl.RoleInfo (RoleInfo.java:updateAndGet(139)) - da245a40-dab6-49b3-9cd4-dfd962afc5b6: start da245a40-dab6-49b3-9cd4-dfd962afc5b6@group-F9904FD1CC47-FollowerState
2024-03-04 12:55:40,654 [da245a40-dab6-49b3-9cd4-dfd962afc5b6@group-F9904FD1CC47-FollowerState] INFO  server.RaftServerConfigKeys (ConfUtils.java:logFallback(53)) - raft.server.rpc.first-election.timeout.min = 5s (fallback to raft.server.rpc.timeout.min)
2024-03-04 12:55:40,654 [da245a40-dab6-49b3-9cd4-dfd962afc5b6@group-F9904FD1CC47-FollowerState] INFO  server.RaftServerConfigKeys (ConfUtils.java:logFallback(53)) - raft.server.rpc.first-election.timeout.max = 5200ms (fallback to raft.server.rpc.timeout.max)
2024-03-04 12:55:40,654 [da245a40-dab6-49b3-9cd4-dfd962afc5b6-groupManagement] INFO  util.JmxRegister (JmxRegister.java:tryRegister(44)) - Successfully registered JMX Bean with object name Ratis:service=RaftServer,group=group-F9904FD1CC47,id=da245a40-dab6-49b3-9cd4-dfd962afc5b6
2024-03-04 12:55:40,654 [da245a40-dab6-49b3-9cd4-dfd962afc5b6-groupManagement] INFO  server.RaftServerConfigKeys (ConfUtils.java:logGet(46)) - raft.server.snapshot.trigger-when-stop.enabled = true (default)
2024-03-04 12:55:40,654 [da245a40-dab6-49b3-9cd4-dfd962afc5b6-groupManagement] INFO  server.RaftServerConfigKeys (ConfUtils.java:logGet(46)) - raft.server.snapshot.auto.trigger.enabled = true (custom)
2024-03-04 12:55:40,654 [da245a40-dab6-49b3-9cd4-dfd962afc5b6-groupManagement] INFO  server.RaftServerConfigKeys (ConfUtils.java:logGet(46)) - raft.server.snapshot.auto.trigger.threshold = 10000 (custom)
2024-03-04 12:55:40,654 [da245a40-dab6-49b3-9cd4-dfd962afc5b6-groupManagement] INFO  server.RaftServerConfigKeys (ConfUtils.java:logGet(46)) - raft.server.snapshot.retention.file.num = 5 (custom)
2024-03-04 12:55:40,654 [da245a40-dab6-49b3-9cd4-dfd962afc5b6-groupManagement] INFO  server.RaftServerConfigKeys (ConfUtils.java:logGet(46)) - raft.server.log.purge.upto.snapshot.index = false (default)
2024-03-04 12:55:40,669 [grpc-default-executor-2] INFO  server.RaftServer (RaftServerProxy.java:addNew(100)) - 00bce28b-f3a7-4d13-8bf8-b8e0995a094e: addNew group-F9904FD1CC47:[b3e6aaac-f754-418b-8ee3-735c124d2005|10.1.0.12:15108, da245a40-dab6-49b3-9cd4-dfd962afc5b6|10.1.0.12:15117, 00bce28b-f3a7-4d13-8bf8-b8e0995a094e|10.1.0.12:15126] returns group-F9904FD1CC47:java.util.concurrent.CompletableFuture@31b28023[Not completed]
2024-03-04 12:55:40,669 [00bce28b-f3a7-4d13-8bf8-b8e0995a094e-groupManagement] INFO  server.RaftServer$Division (RaftServerImpl.java:<init>(256)) - 00bce28b-f3a7-4d13-8bf8-b8e0995a094e: new RaftServerImpl for group-F9904FD1CC47:[b3e6aaac-f754-418b-8ee3-735c124d2005|10.1.0.12:15108, da245a40-dab6-49b3-9cd4-dfd962afc5b6|10.1.0.12:15117, 00bce28b-f3a7-4d13-8bf8-b8e0995a094e|10.1.0.12:15126] with ContainerStateMachine:uninitialized
2024-03-04 12:55:40,669 [00bce28b-f3a7-4d13-8bf8-b8e0995a094e-groupManagement] INFO  server.RaftServerConfigKeys (ConfUtils.java:logGet(46)) - raft.server.rpc.timeout.min = 5s (custom)
2024-03-04 12:55:40,670 [00bce28b-f3a7-4d13-8bf8-b8e0995a094e-groupManagement] INFO  server.RaftServerConfigKeys (ConfUtils.java:logGet(46)) - raft.server.rpc.timeout.max = 5200ms (custom)
2024-03-04 12:55:40,670 [00bce28b-f3a7-4d13-8bf8-b8e0995a094e-groupManagement] INFO  server.RaftServerConfigKeys (ConfUtils.java:logGet(46)) - raft.server.rpc.sleep.time = 25ms (default)
2024-03-04 12:55:40,670 [00bce28b-f3a7-4d13-8bf8-b8e0995a094e-groupManagement] INFO  server.RaftServerConfigKeys (ConfUtils.java:logGet(46)) - raft.server.rpc.slowness.timeout = 300s (custom)
2024-03-04 12:55:40,670 [00bce28b-f3a7-4d13-8bf8-b8e0995a094e-groupManagement] INFO  server.RaftServerConfigKeys (ConfUtils.java:logGet(46)) - raft.server.leaderelection.leader.step-down.wait-time = 10s (default)
2024-03-04 12:55:40,670 [00bce28b-f3a7-4d13-8bf8-b8e0995a094e-groupManagement] INFO  server.RaftServerConfigKeys (ConfUtils.java:logGet(46)) - raft.server.leaderelection.member.majority-add = false (default)
2024-03-04 12:55:40,670 [00bce28b-f3a7-4d13-8bf8-b8e0995a094e-groupManagement] INFO  server.RaftServerConfigKeys (ConfUtils.java:logGet(46)) - raft.server.sleep.deviation.threshold = 300ms (default)
2024-03-04 12:55:40,670 [00bce28b-f3a7-4d13-8bf8-b8e0995a094e-groupManagement] INFO  server.RaftServer$Division (ServerState.java:<init>(113)) - 00bce28b-f3a7-4d13-8bf8-b8e0995a094e@group-F9904FD1CC47: ConfigurationManager, init=-1: peers:[b3e6aaac-f754-418b-8ee3-735c124d2005|10.1.0.12:15108, da245a40-dab6-49b3-9cd4-dfd962afc5b6|10.1.0.12:15117, 00bce28b-f3a7-4d13-8bf8-b8e0995a094e|10.1.0.12:15126]|listeners:[], old=null, confs=<EMPTY_MAP>
2024-03-04 12:55:40,670 [00bce28b-f3a7-4d13-8bf8-b8e0995a094e-groupManagement] INFO  server.RaftServerConfigKeys (ConfUtils.java:logGet(46)) - raft.server.notification.no-leader.timeout = 300s (custom)
2024-03-04 12:55:40,670 [00bce28b-f3a7-4d13-8bf8-b8e0995a094e-groupManagement] INFO  server.RaftServerConfigKeys (ConfUtils.java:logGet(46)) - raft.server.read.timeout = 10s (default)
2024-03-04 12:55:40,670 [00bce28b-f3a7-4d13-8bf8-b8e0995a094e-groupManagement] INFO  server.RaftServerConfigKeys (ConfUtils.java:logGet(46)) - raft.server.retrycache.expirytime = 600000ms (custom)
2024-03-04 12:55:40,670 [00bce28b-f3a7-4d13-8bf8-b8e0995a094e-groupManagement] INFO  server.RaftServerConfigKeys (ConfUtils.java:logGet(46)) - raft.server.retrycache.statistics.expirytime = 100ms (default)
2024-03-04 12:55:40,670 [00bce28b-f3a7-4d13-8bf8-b8e0995a094e-groupManagement] INFO  server.RaftServerConfigKeys (ConfUtils.java:logGet(46)) - raft.server.read.option = DEFAULT (default)
2024-03-04 12:55:40,670 [00bce28b-f3a7-4d13-8bf8-b8e0995a094e-groupManagement] INFO  server.RaftServerConfigKeys (ConfUtils.java:logGet(46)) - raft.server.read.read-after-write-consistent.write-index-cache.expiry-time = 60s (default)
2024-03-04 12:55:40,672 [00bce28b-f3a7-4d13-8bf8-b8e0995a094e-groupManagement] INFO  server.RaftServerConfigKeys (ConfUtils.java:logGet(46)) - raft.server.rpc.request.timeout = 60s (custom)
2024-03-04 12:55:40,672 [00bce28b-f3a7-4d13-8bf8-b8e0995a094e-groupManagement] INFO  server.RaftServerConfigKeys (ConfUtils.java:logGet(46)) - raft.server.log.appender.install.snapshot.enabled = false (custom)
2024-03-04 12:55:40,672 [00bce28b-f3a7-4d13-8bf8-b8e0995a094e-groupManagement] INFO  server.RaftServerConfigKeys (ConfUtils.java:logGet(46)) - raft.server.threadpool.server.cached = true (default)
2024-03-04 12:55:40,672 [00bce28b-f3a7-4d13-8bf8-b8e0995a094e-groupManagement] INFO  server.RaftServerConfigKeys (ConfUtils.java:logGet(46)) - raft.server.threadpool.server.size = 0 (default)
2024-03-04 12:55:40,672 [00bce28b-f3a7-4d13-8bf8-b8e0995a094e-groupManagement] INFO  server.RaftServerConfigKeys (ConfUtils.java:logGet(46)) - raft.server.threadpool.client.cached = true (default)
2024-03-04 12:55:40,672 [00bce28b-f3a7-4d13-8bf8-b8e0995a094e-groupManagement] INFO  server.RaftServerConfigKeys (ConfUtils.java:logGet(46)) - raft.server.threadpool.client.size = 0 (default)
2024-03-04 12:55:40,672 [00bce28b-f3a7-4d13-8bf8-b8e0995a094e-groupManagement] INFO  server.RaftServerConfigKeys (ConfUtils.java:logGet(46)) - raft.server.storage.free-space.min = 0MB (=0) (default)
2024-03-04 12:55:40,672 [00bce28b-f3a7-4d13-8bf8-b8e0995a094e-groupManagement] INFO  server.RaftServerConfigKeys (ConfUtils.java:logGet(46)) - raft.server.log.corruption.policy = EXCEPTION (default)
2024-03-04 12:55:40,672 [00bce28b-f3a7-4d13-8bf8-b8e0995a094e-groupManagement] INFO  server.RaftServerConfigKeys (ConfUtils.java:logGet(46)) - raft.server.storage.dir = [/home/runner/work/ozone/ozone/hadoop-ozone/integration-test/target/test-dir/MiniOzoneClusterImpl-5dfaf9ee-e84d-4a0a-b307-fdee3dcb636e/ozone-meta/datanode-3/ratis] (custom)
2024-03-04 12:55:40,673 [00bce28b-f3a7-4d13-8bf8-b8e0995a094e-groupManagement] INFO  storage.RaftStorageDirectory (RaftStorageDirectoryImpl.java:analyzeStorage(138)) - The storage directory /home/runner/work/ozone/ozone/hadoop-ozone/integration-test/target/test-dir/MiniOzoneClusterImpl-5dfaf9ee-e84d-4a0a-b307-fdee3dcb636e/ozone-meta/datanode-3/ratis/e07c6d33-a80f-4e2b-b14b-f9904fd1cc47 does not exist. Creating ...
2024-03-04 12:55:40,673 [00bce28b-f3a7-4d13-8bf8-b8e0995a094e-groupManagement] INFO  storage.RaftStorageDirectory (RaftStorageDirectoryImpl.java:tryLock(228)) - Lock on /home/runner/work/ozone/ozone/hadoop-ozone/integration-test/target/test-dir/MiniOzoneClusterImpl-5dfaf9ee-e84d-4a0a-b307-fdee3dcb636e/ozone-meta/datanode-3/ratis/e07c6d33-a80f-4e2b-b14b-f9904fd1cc47/in_use.lock acquired by nodename 41993@fv-az571-795
2024-03-04 12:55:40,674 [00bce28b-f3a7-4d13-8bf8-b8e0995a094e-groupManagement] INFO  storage.RaftStorage (RaftStorageImpl.java:format(99)) - Storage directory /home/runner/work/ozone/ozone/hadoop-ozone/integration-test/target/test-dir/MiniOzoneClusterImpl-5dfaf9ee-e84d-4a0a-b307-fdee3dcb636e/ozone-meta/datanode-3/ratis/e07c6d33-a80f-4e2b-b14b-f9904fd1cc47 has been successfully formatted.
2024-03-04 12:55:40,674 [00bce28b-f3a7-4d13-8bf8-b8e0995a094e-groupManagement] WARN  util.FileUtils (LogUtils.java:supplyAndLog(63)) - Failed to Files.newInputStream /home/runner/work/ozone/ozone/hadoop-ozone/integration-test/target/test-dir/MiniOzoneClusterImpl-5dfaf9ee-e84d-4a0a-b307-fdee3dcb636e/ozone-meta/datanode-3/ratis/e07c6d33-a80f-4e2b-b14b-f9904fd1cc47/current/raft-meta.conf with options []: java.nio.file.NoSuchFileException: /home/runner/work/ozone/ozone/hadoop-ozone/integration-test/target/test-dir/MiniOzoneClusterImpl-5dfaf9ee-e84d-4a0a-b307-fdee3dcb636e/ozone-meta/datanode-3/ratis/e07c6d33-a80f-4e2b-b14b-f9904fd1cc47/current/raft-meta.conf
2024-03-04 12:55:40,676 [00bce28b-f3a7-4d13-8bf8-b8e0995a094e-groupManagement] INFO  ratis.ContainerStateMachine (ContainerStateMachine.java:loadSnapshot(287)) - group-F9904FD1CC47: The snapshot info is null. Setting the last applied index to:(t:0, i:~)
2024-03-04 12:55:40,676 [00bce28b-f3a7-4d13-8bf8-b8e0995a094e-groupManagement] INFO  server.RaftServerConfigKeys (ConfUtils.java:logGet(46)) - raft.server.log.use.memory = false (default)
2024-03-04 12:55:40,676 [00bce28b-f3a7-4d13-8bf8-b8e0995a094e-groupManagement] INFO  server.RaftServerConfigKeys (ConfUtils.java:logGet(46)) - raft.server.log.purge.gap = 1000000 (custom)
2024-03-04 12:55:40,676 [00bce28b-f3a7-4d13-8bf8-b8e0995a094e-groupManagement] INFO  server.RaftServerConfigKeys (ConfUtils.java:logGet(46)) - raft.server.log.appender.buffer.byte-limit = 8388608 (custom)
2024-03-04 12:55:40,676 [00bce28b-f3a7-4d13-8bf8-b8e0995a094e-groupManagement] INFO  server.RaftServerConfigKeys (ConfUtils.java:logGet(46)) - raft.server.log.statemachine.data.read.timeout = 1000ms (default)
2024-03-04 12:55:40,677 [00bce28b-f3a7-4d13-8bf8-b8e0995a094e-groupManagement] INFO  server.RaftServerConfigKeys (ConfUtils.java:logGet(46)) - raft.server.log.purge.preservation.log.num = 0 (default)
2024-03-04 12:55:40,677 [00bce28b-f3a7-4d13-8bf8-b8e0995a094e-groupManagement] INFO  server.RaftServerConfigKeys (ConfUtils.java:logGet(46)) - raft.server.log.segment.size.max = 67108864 (custom)
2024-03-04 12:55:40,678 [00bce28b-f3a7-4d13-8bf8-b8e0995a094e-groupManagement] INFO  server.RaftServerConfigKeys (ConfUtils.java:logGet(46)) - raft.server.log.segment.cache.num.max = 2 (custom)
2024-03-04 12:55:40,678 [00bce28b-f3a7-4d13-8bf8-b8e0995a094e-groupManagement] INFO  server.RaftServerConfigKeys (ConfUtils.java:logGet(46)) - raft.server.log.segment.cache.size.max = 200MB (=209715200) (default)
2024-03-04 12:55:40,678 [00bce28b-f3a7-4d13-8bf8-b8e0995a094e-groupManagement] INFO  server.RaftServerConfigKeys (ConfUtils.java:logGet(46)) - raft.server.log.appender.buffer.byte-limit = 8388608 (custom)
2024-03-04 12:55:40,678 [00bce28b-f3a7-4d13-8bf8-b8e0995a094e-groupManagement] INFO  util.AwaitToRun (AwaitToRun.java:start(81)) - Thread[00bce28b-f3a7-4d13-8bf8-b8e0995a094e@group-F9904FD1CC47-cacheEviction-AwaitToRun,5,main] started
2024-03-04 12:55:40,678 [00bce28b-f3a7-4d13-8bf8-b8e0995a094e-groupManagement] INFO  segmented.SegmentedRaftLogWorker (SegmentedRaftLogWorker.java:<init>(182)) - new 00bce28b-f3a7-4d13-8bf8-b8e0995a094e@group-F9904FD1CC47-SegmentedRaftLogWorker for RaftStorageImpl:Storage Directory /home/runner/work/ozone/ozone/hadoop-ozone/integration-test/target/test-dir/MiniOzoneClusterImpl-5dfaf9ee-e84d-4a0a-b307-fdee3dcb636e/ozone-meta/datanode-3/ratis/e07c6d33-a80f-4e2b-b14b-f9904fd1cc47
2024-03-04 12:55:40,678 [00bce28b-f3a7-4d13-8bf8-b8e0995a094e-groupManagement] INFO  server.RaftServerConfigKeys (ConfUtils.java:logGet(46)) - raft.server.log.queue.byte-limit = 4294967296 (custom)
2024-03-04 12:55:40,678 [00bce28b-f3a7-4d13-8bf8-b8e0995a094e-groupManagement] INFO  server.RaftServerConfigKeys (ConfUtils.java:logGet(46)) - raft.server.log.queue.element-limit = 1024 (custom)
2024-03-04 12:55:40,678 [00bce28b-f3a7-4d13-8bf8-b8e0995a094e-groupManagement] INFO  server.RaftServerConfigKeys (ConfUtils.java:logGet(46)) - raft.server.log.segment.size.max = 67108864 (custom)
2024-03-04 12:55:40,679 [00bce28b-f3a7-4d13-8bf8-b8e0995a094e-groupManagement] INFO  server.RaftServerConfigKeys (ConfUtils.java:logGet(46)) - raft.server.log.preallocated.size = 4194304 (custom)
2024-03-04 12:55:40,679 [00bce28b-f3a7-4d13-8bf8-b8e0995a094e-groupManagement] INFO  server.RaftServerConfigKeys (ConfUtils.java:logGet(46)) - raft.server.log.force.sync.num = 128 (default)
2024-03-04 12:55:40,679 [00bce28b-f3a7-4d13-8bf8-b8e0995a094e-groupManagement] INFO  server.RaftServerConfigKeys (ConfUtils.java:logGet(46)) - raft.server.log.statemachine.data.sync = true (default)
2024-03-04 12:55:40,679 [00bce28b-f3a7-4d13-8bf8-b8e0995a094e-groupManagement] INFO  server.RaftServerConfigKeys (ConfUtils.java:logGet(46)) - raft.server.log.statemachine.data.sync.timeout = 10s (default)
2024-03-04 12:55:40,679 [00bce28b-f3a7-4d13-8bf8-b8e0995a094e-groupManagement] INFO  server.RaftServerConfigKeys (ConfUtils.java:logGet(46)) - raft.server.log.statemachine.data.sync.timeout.retry = 0 (custom)
2024-03-04 12:55:40,679 [00bce28b-f3a7-4d13-8bf8-b8e0995a094e-groupManagement] INFO  server.RaftServerConfigKeys (ConfUtils.java:logGet(46)) - raft.server.log.write.buffer.size = 8388616 (custom)
2024-03-04 12:55:40,681 [00bce28b-f3a7-4d13-8bf8-b8e0995a094e-groupManagement] INFO  server.RaftServerConfigKeys (ConfUtils.java:logGet(46)) - raft.server.log.appender.buffer.byte-limit = 8388608 (custom)
2024-03-04 12:55:40,681 [00bce28b-f3a7-4d13-8bf8-b8e0995a094e-groupManagement] INFO  server.RaftServerConfigKeys (ConfUtils.java:logGet(46)) - raft.server.log.unsafe-flush.enabled = false (default)
2024-03-04 12:55:40,681 [00bce28b-f3a7-4d13-8bf8-b8e0995a094e-groupManagement] INFO  server.RaftServerConfigKeys (ConfUtils.java:logGet(46)) - raft.server.log.async-flush.enabled = false (default)
2024-03-04 12:55:40,681 [00bce28b-f3a7-4d13-8bf8-b8e0995a094e-groupManagement] INFO  server.RaftServerConfigKeys (ConfUtils.java:logGet(46)) - raft.server.log.statemachine.data.caching.enabled = true (custom)
2024-03-04 12:55:40,681 [00bce28b-f3a7-4d13-8bf8-b8e0995a094e-groupManagement] INFO  segmented.SegmentedRaftLogWorker (SegmentedRaftLogWorker.java:lambda$new$0(134)) - 00bce28b-f3a7-4d13-8bf8-b8e0995a094e@group-F9904FD1CC47-SegmentedRaftLogWorker: flushIndex: setUnconditionally 0 -> -1
2024-03-04 12:55:40,681 [00bce28b-f3a7-4d13-8bf8-b8e0995a094e-groupManagement] INFO  segmented.SegmentedRaftLogWorker (SegmentedRaftLogWorker.java:lambda$new$0(134)) - 00bce28b-f3a7-4d13-8bf8-b8e0995a094e@group-F9904FD1CC47-SegmentedRaftLogWorker: safeCacheEvictIndex: setUnconditionally 0 -> -1
2024-03-04 12:55:40,681 [00bce28b-f3a7-4d13-8bf8-b8e0995a094e-groupManagement] INFO  server.RaftServer$Division (RaftServerImpl.java:start(396)) - 00bce28b-f3a7-4d13-8bf8-b8e0995a094e@group-F9904FD1CC47: start as a follower, conf=-1: peers:[b3e6aaac-f754-418b-8ee3-735c124d2005|10.1.0.12:15108, da245a40-dab6-49b3-9cd4-dfd962afc5b6|10.1.0.12:15117, 00bce28b-f3a7-4d13-8bf8-b8e0995a094e|10.1.0.12:15126]|listeners:[], old=null
2024-03-04 12:55:40,681 [00bce28b-f3a7-4d13-8bf8-b8e0995a094e-groupManagement] INFO  server.RaftServer$Division (RaftServerImpl.java:setRole(383)) - 00bce28b-f3a7-4d13-8bf8-b8e0995a094e@group-F9904FD1CC47: changes role from      null to FOLLOWER at term 0 for startAsFollower
2024-03-04 12:55:40,681 [00bce28b-f3a7-4d13-8bf8-b8e0995a094e-groupManagement] INFO  impl.RoleInfo (RoleInfo.java:updateAndGet(139)) - 00bce28b-f3a7-4d13-8bf8-b8e0995a094e: start 00bce28b-f3a7-4d13-8bf8-b8e0995a094e@group-F9904FD1CC47-FollowerState
2024-03-04 12:55:40,682 [00bce28b-f3a7-4d13-8bf8-b8e0995a094e@group-F9904FD1CC47-FollowerState] INFO  server.RaftServerConfigKeys (ConfUtils.java:logFallback(53)) - raft.server.rpc.first-election.timeout.min = 5s (fallback to raft.server.rpc.timeout.min)
2024-03-04 12:55:40,682 [00bce28b-f3a7-4d13-8bf8-b8e0995a094e-groupManagement] INFO  util.JmxRegister (JmxRegister.java:tryRegister(44)) - Successfully registered JMX Bean with object name Ratis:service=RaftServer,group=group-F9904FD1CC47,id=00bce28b-f3a7-4d13-8bf8-b8e0995a094e
2024-03-04 12:55:40,682 [00bce28b-f3a7-4d13-8bf8-b8e0995a094e-groupManagement] INFO  server.RaftServerConfigKeys (ConfUtils.java:logGet(46)) - raft.server.snapshot.trigger-when-stop.enabled = true (default)
2024-03-04 12:55:40,682 [00bce28b-f3a7-4d13-8bf8-b8e0995a094e-groupManagement] INFO  server.RaftServerConfigKeys (ConfUtils.java:logGet(46)) - raft.server.snapshot.auto.trigger.enabled = true (custom)
2024-03-04 12:55:40,682 [00bce28b-f3a7-4d13-8bf8-b8e0995a094e-groupManagement] INFO  server.RaftServerConfigKeys (ConfUtils.java:logGet(46)) - raft.server.snapshot.auto.trigger.threshold = 10000 (custom)
2024-03-04 12:55:40,683 [00bce28b-f3a7-4d13-8bf8-b8e0995a094e-groupManagement] INFO  server.RaftServerConfigKeys (ConfUtils.java:logGet(46)) - raft.server.snapshot.retention.file.num = 5 (custom)
2024-03-04 12:55:40,683 [00bce28b-f3a7-4d13-8bf8-b8e0995a094e-groupManagement] INFO  server.RaftServerConfigKeys (ConfUtils.java:logGet(46)) - raft.server.log.purge.upto.snapshot.index = false (default)
2024-03-04 12:55:40,682 [00bce28b-f3a7-4d13-8bf8-b8e0995a094e@group-F9904FD1CC47-FollowerState] INFO  server.RaftServerConfigKeys (ConfUtils.java:logFallback(53)) - raft.server.rpc.first-election.timeout.max = 5200ms (fallback to raft.server.rpc.timeout.max)
2024-03-04 12:55:40,693 [b3e6aaac-f754-418b-8ee3-735c124d2005-PipelineCommandHandlerThread-0] INFO  commandhandler.CreatePipelineCommandHandler (CreatePipelineCommandHandler.java:lambda$handle$2(124)) - Created Pipeline RATIS THREE PipelineID=e07c6d33-a80f-4e2b-b14b-f9904fd1cc47.
2024-03-04 12:55:40,693 [b3e6aaac-f754-418b-8ee3-735c124d2005-PipelineCommandHandlerThread-0] INFO  server.RaftServer (RaftServerProxy.java:addNew(100)) - b3e6aaac-f754-418b-8ee3-735c124d2005: addNew group-7C7A0ECEAE05:[b3e6aaac-f754-418b-8ee3-735c124d2005|10.1.0.12:15108, da245a40-dab6-49b3-9cd4-dfd962afc5b6|10.1.0.12:15117, 00bce28b-f3a7-4d13-8bf8-b8e0995a094e|10.1.0.12:15126] returns group-7C7A0ECEAE05:java.util.concurrent.CompletableFuture@64bfb5d5[Not completed]
2024-03-04 12:55:40,694 [b3e6aaac-f754-418b-8ee3-735c124d2005-groupManagement] INFO  server.RaftServer$Division (RaftServerImpl.java:<init>(256)) - b3e6aaac-f754-418b-8ee3-735c124d2005: new RaftServerImpl for group-7C7A0ECEAE05:[b3e6aaac-f754-418b-8ee3-735c124d2005|10.1.0.12:15108, da245a40-dab6-49b3-9cd4-dfd962afc5b6|10.1.0.12:15117, 00bce28b-f3a7-4d13-8bf8-b8e0995a094e|10.1.0.12:15126] with ContainerStateMachine:uninitialized
2024-03-04 12:55:40,694 [b3e6aaac-f754-418b-8ee3-735c124d2005-groupManagement] INFO  server.RaftServerConfigKeys (ConfUtils.java:logGet(46)) - raft.server.rpc.timeout.min = 5s (custom)
2024-03-04 12:55:40,694 [b3e6aaac-f754-418b-8ee3-735c124d2005-groupManagement] INFO  server.RaftServerConfigKeys (ConfUtils.java:logGet(46)) - raft.server.rpc.timeout.max = 5200ms (custom)
2024-03-04 12:55:40,694 [b3e6aaac-f754-418b-8ee3-735c124d2005-groupManagement] INFO  server.RaftServerConfigKeys (ConfUtils.java:logGet(46)) - raft.server.rpc.sleep.time = 25ms (default)
2024-03-04 12:55:40,694 [b3e6aaac-f754-418b-8ee3-735c124d2005-groupManagement] INFO  server.RaftServerConfigKeys (ConfUtils.java:logGet(46)) - raft.server.rpc.slowness.timeout = 300s (custom)
2024-03-04 12:55:40,694 [b3e6aaac-f754-418b-8ee3-735c124d2005-groupManagement] INFO  server.RaftServerConfigKeys (ConfUtils.java:logGet(46)) - raft.server.leaderelection.leader.step-down.wait-time = 10s (default)
2024-03-04 12:55:40,694 [b3e6aaac-f754-418b-8ee3-735c124d2005-groupManagement] INFO  server.RaftServerConfigKeys (ConfUtils.java:logGet(46)) - raft.server.leaderelection.member.majority-add = false (default)
2024-03-04 12:55:40,694 [b3e6aaac-f754-418b-8ee3-735c124d2005-groupManagement] INFO  server.RaftServerConfigKeys (ConfUtils.java:logGet(46)) - raft.server.sleep.deviation.threshold = 300ms (default)
2024-03-04 12:55:40,695 [b3e6aaac-f754-418b-8ee3-735c124d2005-groupManagement] INFO  server.RaftServer$Division (ServerState.java:<init>(113)) - b3e6aaac-f754-418b-8ee3-735c124d2005@group-7C7A0ECEAE05: ConfigurationManager, init=-1: peers:[b3e6aaac-f754-418b-8ee3-735c124d2005|10.1.0.12:15108, da245a40-dab6-49b3-9cd4-dfd962afc5b6|10.1.0.12:15117, 00bce28b-f3a7-4d13-8bf8-b8e0995a094e|10.1.0.12:15126]|listeners:[], old=null, confs=<EMPTY_MAP>
2024-03-04 12:55:40,695 [b3e6aaac-f754-418b-8ee3-735c124d2005-groupManagement] INFO  server.RaftServerConfigKeys (ConfUtils.java:logGet(46)) - raft.server.notification.no-leader.timeout = 300s (custom)
2024-03-04 12:55:40,695 [b3e6aaac-f754-418b-8ee3-735c124d2005-groupManagement] INFO  server.RaftServerConfigKeys (ConfUtils.java:logGet(46)) - raft.server.read.timeout = 10s (default)
2024-03-04 12:55:40,695 [b3e6aaac-f754-418b-8ee3-735c124d2005-groupManagement] INFO  server.RaftServerConfigKeys (ConfUtils.java:logGet(46)) - raft.server.retrycache.expirytime = 600000ms (custom)
2024-03-04 12:55:40,695 [b3e6aaac-f754-418b-8ee3-735c124d2005-groupManagement] INFO  server.RaftServerConfigKeys (ConfUtils.java:logGet(46)) - raft.server.retrycache.statistics.expirytime = 100ms (default)
2024-03-04 12:55:40,695 [b3e6aaac-f754-418b-8ee3-735c124d2005-groupManagement] INFO  server.RaftServerConfigKeys (ConfUtils.java:logGet(46)) - raft.server.read.option = DEFAULT (default)
2024-03-04 12:55:40,695 [b3e6aaac-f754-418b-8ee3-735c124d2005-groupManagement] INFO  server.RaftServerConfigKeys (ConfUtils.java:logGet(46)) - raft.server.read.read-after-write-consistent.write-index-cache.expiry-time = 60s (default)
2024-03-04 12:55:40,696 [b3e6aaac-f754-418b-8ee3-735c124d2005-groupManagement] INFO  server.RaftServerConfigKeys (ConfUtils.java:logGet(46)) - raft.server.rpc.request.timeout = 60s (custom)
2024-03-04 12:55:40,696 [b3e6aaac-f754-418b-8ee3-735c124d2005-groupManagement] INFO  server.RaftServerConfigKeys (ConfUtils.java:logGet(46)) - raft.server.log.appender.install.snapshot.enabled = false (custom)
2024-03-04 12:55:40,696 [b3e6aaac-f754-418b-8ee3-735c124d2005-groupManagement] INFO  server.RaftServerConfigKeys (ConfUtils.java:logGet(46)) - raft.server.threadpool.server.cached = true (default)
2024-03-04 12:55:40,696 [b3e6aaac-f754-418b-8ee3-735c124d2005-groupManagement] INFO  server.RaftServerConfigKeys (ConfUtils.java:logGet(46)) - raft.server.threadpool.server.size = 0 (default)
2024-03-04 12:55:40,697 [b3e6aaac-f754-418b-8ee3-735c124d2005-groupManagement] INFO  server.RaftServerConfigKeys (ConfUtils.java:logGet(46)) - raft.server.threadpool.client.cached = true (default)
2024-03-04 12:55:40,697 [b3e6aaac-f754-418b-8ee3-735c124d2005-groupManagement] INFO  server.RaftServerConfigKeys (ConfUtils.java:logGet(46)) - raft.server.threadpool.client.size = 0 (default)
2024-03-04 12:55:40,697 [b3e6aaac-f754-418b-8ee3-735c124d2005-groupManagement] INFO  server.RaftServerConfigKeys (ConfUtils.java:logGet(46)) - raft.server.storage.free-space.min = 0MB (=0) (default)
2024-03-04 12:55:40,697 [b3e6aaac-f754-418b-8ee3-735c124d2005-groupManagement] INFO  server.RaftServerConfigKeys (ConfUtils.java:logGet(46)) - raft.server.log.corruption.policy = EXCEPTION (default)
2024-03-04 12:55:40,697 [b3e6aaac-f754-418b-8ee3-735c124d2005-groupManagement] INFO  server.RaftServerConfigKeys (ConfUtils.java:logGet(46)) - raft.server.storage.dir = [/home/runner/work/ozone/ozone/hadoop-ozone/integration-test/target/test-dir/MiniOzoneClusterImpl-5dfaf9ee-e84d-4a0a-b307-fdee3dcb636e/ozone-meta/datanode-1/ratis] (custom)
2024-03-04 12:55:40,697 [b3e6aaac-f754-418b-8ee3-735c124d2005-groupManagement] INFO  storage.RaftStorageDirectory (RaftStorageDirectoryImpl.java:analyzeStorage(138)) - The storage directory /home/runner/work/ozone/ozone/hadoop-ozone/integration-test/target/test-dir/MiniOzoneClusterImpl-5dfaf9ee-e84d-4a0a-b307-fdee3dcb636e/ozone-meta/datanode-1/ratis/53ed1d05-7418-4fed-919e-7c7a0eceae05 does not exist. Creating ...
2024-03-04 12:55:40,698 [b3e6aaac-f754-418b-8ee3-735c124d2005-groupManagement] INFO  storage.RaftStorageDirectory (RaftStorageDirectoryImpl.java:tryLock(228)) - Lock on /home/runner/work/ozone/ozone/hadoop-ozone/integration-test/target/test-dir/MiniOzoneClusterImpl-5dfaf9ee-e84d-4a0a-b307-fdee3dcb636e/ozone-meta/datanode-1/ratis/53ed1d05-7418-4fed-919e-7c7a0eceae05/in_use.lock acquired by nodename 41993@fv-az571-795
2024-03-04 12:55:40,698 [b3e6aaac-f754-418b-8ee3-735c124d2005-groupManagement] INFO  storage.RaftStorage (RaftStorageImpl.java:format(99)) - Storage directory /home/runner/work/ozone/ozone/hadoop-ozone/integration-test/target/test-dir/MiniOzoneClusterImpl-5dfaf9ee-e84d-4a0a-b307-fdee3dcb636e/ozone-meta/datanode-1/ratis/53ed1d05-7418-4fed-919e-7c7a0eceae05 has been successfully formatted.
2024-03-04 12:55:40,699 [b3e6aaac-f754-418b-8ee3-735c124d2005-groupManagement] WARN  util.FileUtils (LogUtils.java:supplyAndLog(63)) - Failed to Files.newInputStream /home/runner/work/ozone/ozone/hadoop-ozone/integration-test/target/test-dir/MiniOzoneClusterImpl-5dfaf9ee-e84d-4a0a-b307-fdee3dcb636e/ozone-meta/datanode-1/ratis/53ed1d05-7418-4fed-919e-7c7a0eceae05/current/raft-meta.conf with options []: java.nio.file.NoSuchFileException: /home/runner/work/ozone/ozone/hadoop-ozone/integration-test/target/test-dir/MiniOzoneClusterImpl-5dfaf9ee-e84d-4a0a-b307-fdee3dcb636e/ozone-meta/datanode-1/ratis/53ed1d05-7418-4fed-919e-7c7a0eceae05/current/raft-meta.conf
2024-03-04 12:55:40,699 [b3e6aaac-f754-418b-8ee3-735c124d2005-groupManagement] INFO  ratis.ContainerStateMachine (ContainerStateMachine.java:loadSnapshot(287)) - group-7C7A0ECEAE05: The snapshot info is null. Setting the last applied index to:(t:0, i:~)
2024-03-04 12:55:40,699 [b3e6aaac-f754-418b-8ee3-735c124d2005-groupManagement] INFO  server.RaftServerConfigKeys (ConfUtils.java:logGet(46)) - raft.server.log.use.memory = false (default)
2024-03-04 12:55:40,699 [b3e6aaac-f754-418b-8ee3-735c124d2005-groupManagement] INFO  server.RaftServerConfigKeys (ConfUtils.java:logGet(46)) - raft.server.log.purge.gap = 1000000 (custom)
2024-03-04 12:55:40,699 [b3e6aaac-f754-418b-8ee3-735c124d2005-groupManagement] INFO  server.RaftServerConfigKeys (ConfUtils.java:logGet(46)) - raft.server.log.appender.buffer.byte-limit = 8388608 (custom)
2024-03-04 12:55:40,699 [b3e6aaac-f754-418b-8ee3-735c124d2005-groupManagement] INFO  server.RaftServerConfigKeys (ConfUtils.java:logGet(46)) - raft.server.log.statemachine.data.read.timeout = 1000ms (default)
2024-03-04 12:55:40,699 [b3e6aaac-f754-418b-8ee3-735c124d2005-groupManagement] INFO  server.RaftServerConfigKeys (ConfUtils.java:logGet(46)) - raft.server.log.purge.preservation.log.num = 0 (default)
2024-03-04 12:55:40,700 [EventQueue-OpenPipelineForHealthyPipelineSafeModeRule] INFO  safemode.SCMSafeModeManager (HealthyPipelineSafeModeRule.java:process(140)) - SCM in safe mode. Healthy pipelines reported count is 0, required healthy pipeline reported count is 1
2024-03-04 12:55:40,700 [b3e6aaac-f754-418b-8ee3-735c124d2005-groupManagement] INFO  server.RaftServerConfigKeys (ConfUtils.java:logGet(46)) - raft.server.log.segment.size.max = 67108864 (custom)
2024-03-04 12:55:40,700 [b3e6aaac-f754-418b-8ee3-735c124d2005-groupManagement] INFO  server.RaftServerConfigKeys (ConfUtils.java:logGet(46)) - raft.server.log.segment.cache.num.max = 2 (custom)
2024-03-04 12:55:40,700 [b3e6aaac-f754-418b-8ee3-735c124d2005-groupManagement] INFO  server.RaftServerConfigKeys (ConfUtils.java:logGet(46)) - raft.server.log.segment.cache.size.max = 200MB (=209715200) (default)
2024-03-04 12:55:40,701 [b3e6aaac-f754-418b-8ee3-735c124d2005-groupManagement] INFO  server.RaftServerConfigKeys (ConfUtils.java:logGet(46)) - raft.server.log.appender.buffer.byte-limit = 8388608 (custom)
2024-03-04 12:55:40,701 [b3e6aaac-f754-418b-8ee3-735c124d2005-groupManagement] INFO  util.AwaitToRun (AwaitToRun.java:start(81)) - Thread[b3e6aaac-f754-418b-8ee3-735c124d2005@group-7C7A0ECEAE05-cacheEviction-AwaitToRun,5,main] started
2024-03-04 12:55:40,701 [b3e6aaac-f754-418b-8ee3-735c124d2005-groupManagement] INFO  segmented.SegmentedRaftLogWorker (SegmentedRaftLogWorker.java:<init>(182)) - new b3e6aaac-f754-418b-8ee3-735c124d2005@group-7C7A0ECEAE05-SegmentedRaftLogWorker for RaftStorageImpl:Storage Directory /home/runner/work/ozone/ozone/hadoop-ozone/integration-test/target/test-dir/MiniOzoneClusterImpl-5dfaf9ee-e84d-4a0a-b307-fdee3dcb636e/ozone-meta/datanode-1/ratis/53ed1d05-7418-4fed-919e-7c7a0eceae05
2024-03-04 12:55:40,701 [b3e6aaac-f754-418b-8ee3-735c124d2005-groupManagement] INFO  server.RaftServerConfigKeys (ConfUtils.java:logGet(46)) - raft.server.log.queue.byte-limit = 4294967296 (custom)
2024-03-04 12:55:40,701 [b3e6aaac-f754-418b-8ee3-735c124d2005-groupManagement] INFO  server.RaftServerConfigKeys (ConfUtils.java:logGet(46)) - raft.server.log.queue.element-limit = 1024 (custom)
2024-03-04 12:55:40,701 [b3e6aaac-f754-418b-8ee3-735c124d2005-groupManagement] INFO  server.RaftServerConfigKeys (ConfUtils.java:logGet(46)) - raft.server.log.segment.size.max = 67108864 (custom)
2024-03-04 12:55:40,701 [b3e6aaac-f754-418b-8ee3-735c124d2005-groupManagement] INFO  server.RaftServerConfigKeys (ConfUtils.java:logGet(46)) - raft.server.log.preallocated.size = 4194304 (custom)
2024-03-04 12:55:40,701 [b3e6aaac-f754-418b-8ee3-735c124d2005-groupManagement] INFO  server.RaftServerConfigKeys (ConfUtils.java:logGet(46)) - raft.server.log.force.sync.num = 128 (default)
2024-03-04 12:55:40,701 [b3e6aaac-f754-418b-8ee3-735c124d2005-groupManagement] INFO  server.RaftServerConfigKeys (ConfUtils.java:logGet(46)) - raft.server.log.statemachine.data.sync = true (default)
2024-03-04 12:55:40,701 [b3e6aaac-f754-418b-8ee3-735c124d2005-groupManagement] INFO  server.RaftServerConfigKeys (ConfUtils.java:logGet(46)) - raft.server.log.statemachine.data.sync.timeout = 10s (default)
2024-03-04 12:55:40,701 [b3e6aaac-f754-418b-8ee3-735c124d2005-groupManagement] INFO  server.RaftServerConfigKeys (ConfUtils.java:logGet(46)) - raft.server.log.statemachine.data.sync.timeout.retry = 0 (custom)
2024-03-04 12:55:40,702 [b3e6aaac-f754-418b-8ee3-735c124d2005-groupManagement] INFO  server.RaftServerConfigKeys (ConfUtils.java:logGet(46)) - raft.server.log.write.buffer.size = 8388616 (custom)
2024-03-04 12:55:40,703 [b3e6aaac-f754-418b-8ee3-735c124d2005-groupManagement] INFO  server.RaftServerConfigKeys (ConfUtils.java:logGet(46)) - raft.server.log.appender.buffer.byte-limit = 8388608 (custom)
2024-03-04 12:55:40,703 [b3e6aaac-f754-418b-8ee3-735c124d2005-groupManagement] INFO  server.RaftServerConfigKeys (ConfUtils.java:logGet(46)) - raft.server.log.unsafe-flush.enabled = false (default)
2024-03-04 12:55:40,703 [b3e6aaac-f754-418b-8ee3-735c124d2005-groupManagement] INFO  server.RaftServerConfigKeys (ConfUtils.java:logGet(46)) - raft.server.log.async-flush.enabled = false (default)
2024-03-04 12:55:40,703 [b3e6aaac-f754-418b-8ee3-735c124d2005-groupManagement] INFO  server.RaftServerConfigKeys (ConfUtils.java:logGet(46)) - raft.server.log.statemachine.data.caching.enabled = true (custom)
2024-03-04 12:55:40,703 [b3e6aaac-f754-418b-8ee3-735c124d2005-groupManagement] INFO  segmented.SegmentedRaftLogWorker (SegmentedRaftLogWorker.java:lambda$new$0(134)) - b3e6aaac-f754-418b-8ee3-735c124d2005@group-7C7A0ECEAE05-SegmentedRaftLogWorker: flushIndex: setUnconditionally 0 -> -1
2024-03-04 12:55:40,703 [b3e6aaac-f754-418b-8ee3-735c124d2005-groupManagement] INFO  segmented.SegmentedRaftLogWorker (SegmentedRaftLogWorker.java:lambda$new$0(134)) - b3e6aaac-f754-418b-8ee3-735c124d2005@group-7C7A0ECEAE05-SegmentedRaftLogWorker: safeCacheEvictIndex: setUnconditionally 0 -> -1
2024-03-04 12:55:40,703 [b3e6aaac-f754-418b-8ee3-735c124d2005-groupManagement] INFO  server.RaftServer$Division (RaftServerImpl.java:start(396)) - b3e6aaac-f754-418b-8ee3-735c124d2005@group-7C7A0ECEAE05: start as a follower, conf=-1: peers:[b3e6aaac-f754-418b-8ee3-735c124d2005|10.1.0.12:15108, da245a40-dab6-49b3-9cd4-dfd962afc5b6|10.1.0.12:15117, 00bce28b-f3a7-4d13-8bf8-b8e0995a094e|10.1.0.12:15126]|listeners:[], old=null
2024-03-04 12:55:40,703 [b3e6aaac-f754-418b-8ee3-735c124d2005-groupManagement] INFO  server.RaftServer$Division (RaftServerImpl.java:setRole(383)) - b3e6aaac-f754-418b-8ee3-735c124d2005@group-7C7A0ECEAE05: changes role from      null to FOLLOWER at term 0 for startAsFollower
2024-03-04 12:55:40,703 [b3e6aaac-f754-418b-8ee3-735c124d2005-groupManagement] INFO  impl.RoleInfo (RoleInfo.java:updateAndGet(139)) - b3e6aaac-f754-418b-8ee3-735c124d2005: start b3e6aaac-f754-418b-8ee3-735c124d2005@group-7C7A0ECEAE05-FollowerState
2024-03-04 12:55:40,704 [b3e6aaac-f754-418b-8ee3-735c124d2005-groupManagement] INFO  util.JmxRegister (JmxRegister.java:tryRegister(44)) - Successfully registered JMX Bean with object name Ratis:service=RaftServer,group=group-7C7A0ECEAE05,id=b3e6aaac-f754-418b-8ee3-735c124d2005
2024-03-04 12:55:40,704 [b3e6aaac-f754-418b-8ee3-735c124d2005@group-7C7A0ECEAE05-FollowerState] INFO  server.RaftServerConfigKeys (ConfUtils.java:logFallback(53)) - raft.server.rpc.first-election.timeout.min = 5s (fallback to raft.server.rpc.timeout.min)
2024-03-04 12:55:40,704 [b3e6aaac-f754-418b-8ee3-735c124d2005-groupManagement] INFO  server.RaftServerConfigKeys (ConfUtils.java:logGet(46)) - raft.server.snapshot.trigger-when-stop.enabled = true (default)
2024-03-04 12:55:40,704 [b3e6aaac-f754-418b-8ee3-735c124d2005@group-7C7A0ECEAE05-FollowerState] INFO  server.RaftServerConfigKeys (ConfUtils.java:logFallback(53)) - raft.server.rpc.first-election.timeout.max = 5200ms (fallback to raft.server.rpc.timeout.max)
2024-03-04 12:55:40,704 [b3e6aaac-f754-418b-8ee3-735c124d2005-groupManagement] INFO  server.RaftServerConfigKeys (ConfUtils.java:logGet(46)) - raft.server.snapshot.auto.trigger.enabled = true (custom)
2024-03-04 12:55:40,704 [b3e6aaac-f754-418b-8ee3-735c124d2005-groupManagement] INFO  server.RaftServerConfigKeys (ConfUtils.java:logGet(46)) - raft.server.snapshot.auto.trigger.threshold = 10000 (custom)
2024-03-04 12:55:40,704 [b3e6aaac-f754-418b-8ee3-735c124d2005-groupManagement] INFO  server.RaftServerConfigKeys (ConfUtils.java:logGet(46)) - raft.server.snapshot.retention.file.num = 5 (custom)
2024-03-04 12:55:40,704 [b3e6aaac-f754-418b-8ee3-735c124d2005-groupManagement] INFO  server.RaftServerConfigKeys (ConfUtils.java:logGet(46)) - raft.server.log.purge.upto.snapshot.index = false (default)
2024-03-04 12:55:40,704 [b3e6aaac-f754-418b-8ee3-735c124d2005-PipelineCommandHandlerThread-0] INFO  ratis.XceiverServerRatis (XceiverServerRatis.java:addGroup(864)) - Created group PipelineID=53ed1d05-7418-4fed-919e-7c7a0eceae05
2024-03-04 12:55:40,709 [grpc-default-executor-2] INFO  server.RaftServer (RaftServerProxy.java:addNew(100)) - 00bce28b-f3a7-4d13-8bf8-b8e0995a094e: addNew group-7C7A0ECEAE05:[b3e6aaac-f754-418b-8ee3-735c124d2005|10.1.0.12:15108, da245a40-dab6-49b3-9cd4-dfd962afc5b6|10.1.0.12:15117, 00bce28b-f3a7-4d13-8bf8-b8e0995a094e|10.1.0.12:15126] returns group-7C7A0ECEAE05:java.util.concurrent.CompletableFuture@69d5c34d[Not completed]
2024-03-04 12:55:40,709 [00bce28b-f3a7-4d13-8bf8-b8e0995a094e-groupManagement] INFO  server.RaftServer$Division (RaftServerImpl.java:<init>(256)) - 00bce28b-f3a7-4d13-8bf8-b8e0995a094e: new RaftServerImpl for group-7C7A0ECEAE05:[b3e6aaac-f754-418b-8ee3-735c124d2005|10.1.0.12:15108, da245a40-dab6-49b3-9cd4-dfd962afc5b6|10.1.0.12:15117, 00bce28b-f3a7-4d13-8bf8-b8e0995a094e|10.1.0.12:15126] with ContainerStateMachine:uninitialized
2024-03-04 12:55:40,709 [00bce28b-f3a7-4d13-8bf8-b8e0995a094e-groupManagement] INFO  server.RaftServerConfigKeys (ConfUtils.java:logGet(46)) - raft.server.rpc.timeout.min = 5s (custom)
2024-03-04 12:55:40,710 [00bce28b-f3a7-4d13-8bf8-b8e0995a094e-groupManagement] INFO  server.RaftServerConfigKeys (ConfUtils.java:logGet(46)) - raft.server.rpc.timeout.max = 5200ms (custom)
2024-03-04 12:55:40,710 [00bce28b-f3a7-4d13-8bf8-b8e0995a094e-groupManagement] INFO  server.RaftServerConfigKeys (ConfUtils.java:logGet(46)) - raft.server.rpc.sleep.time = 25ms (default)
2024-03-04 12:55:40,710 [00bce28b-f3a7-4d13-8bf8-b8e0995a094e-groupManagement] INFO  server.RaftServerConfigKeys (ConfUtils.java:logGet(46)) - raft.server.rpc.slowness.timeout = 300s (custom)
2024-03-04 12:55:40,710 [00bce28b-f3a7-4d13-8bf8-b8e0995a094e-groupManagement] INFO  server.RaftServerConfigKeys (ConfUtils.java:logGet(46)) - raft.server.leaderelection.leader.step-down.wait-time = 10s (default)
2024-03-04 12:55:40,710 [00bce28b-f3a7-4d13-8bf8-b8e0995a094e-groupManagement] INFO  server.RaftServerConfigKeys (ConfUtils.java:logGet(46)) - raft.server.leaderelection.member.majority-add = false (default)
2024-03-04 12:55:40,710 [00bce28b-f3a7-4d13-8bf8-b8e0995a094e-groupManagement] INFO  server.RaftServerConfigKeys (ConfUtils.java:logGet(46)) - raft.server.sleep.deviation.threshold = 300ms (default)
2024-03-04 12:55:40,710 [00bce28b-f3a7-4d13-8bf8-b8e0995a094e-groupManagement] INFO  server.RaftServer$Division (ServerState.java:<init>(113)) - 00bce28b-f3a7-4d13-8bf8-b8e0995a094e@group-7C7A0ECEAE05: ConfigurationManager, init=-1: peers:[b3e6aaac-f754-418b-8ee3-735c124d2005|10.1.0.12:15108, da245a40-dab6-49b3-9cd4-dfd962afc5b6|10.1.0.12:15117, 00bce28b-f3a7-4d13-8bf8-b8e0995a094e|10.1.0.12:15126]|listeners:[], old=null, confs=<EMPTY_MAP>
2024-03-04 12:55:40,710 [00bce28b-f3a7-4d13-8bf8-b8e0995a094e-groupManagement] INFO  server.RaftServerConfigKeys (ConfUtils.java:logGet(46)) - raft.server.notification.no-leader.timeout = 300s (custom)
2024-03-04 12:55:40,710 [00bce28b-f3a7-4d13-8bf8-b8e0995a094e-groupManagement] INFO  server.RaftServerConfigKeys (ConfUtils.java:logGet(46)) - raft.server.read.timeout = 10s (default)
2024-03-04 12:55:40,710 [00bce28b-f3a7-4d13-8bf8-b8e0995a094e-groupManagement] INFO  server.RaftServerConfigKeys (ConfUtils.java:logGet(46)) - raft.server.retrycache.expirytime = 600000ms (custom)
2024-03-04 12:55:40,710 [00bce28b-f3a7-4d13-8bf8-b8e0995a094e-groupManagement] INFO  server.RaftServerConfigKeys (ConfUtils.java:logGet(46)) - raft.server.retrycache.statistics.expirytime = 100ms (default)
2024-03-04 12:55:40,710 [00bce28b-f3a7-4d13-8bf8-b8e0995a094e-groupManagement] INFO  server.RaftServerConfigKeys (ConfUtils.java:logGet(46)) - raft.server.read.option = DEFAULT (default)
2024-03-04 12:55:40,710 [00bce28b-f3a7-4d13-8bf8-b8e0995a094e-groupManagement] INFO  server.RaftServerConfigKeys (ConfUtils.java:logGet(46)) - raft.server.read.read-after-write-consistent.write-index-cache.expiry-time = 60s (default)
2024-03-04 12:55:40,711 [00bce28b-f3a7-4d13-8bf8-b8e0995a094e-groupManagement] INFO  server.RaftServerConfigKeys (ConfUtils.java:logGet(46)) - raft.server.rpc.request.timeout = 60s (custom)
2024-03-04 12:55:40,711 [00bce28b-f3a7-4d13-8bf8-b8e0995a094e-groupManagement] INFO  server.RaftServerConfigKeys (ConfUtils.java:logGet(46)) - raft.server.log.appender.install.snapshot.enabled = false (custom)
2024-03-04 12:55:40,711 [00bce28b-f3a7-4d13-8bf8-b8e0995a094e-groupManagement] INFO  server.RaftServerConfigKeys (ConfUtils.java:logGet(46)) - raft.server.threadpool.server.cached = true (default)
2024-03-04 12:55:40,711 [00bce28b-f3a7-4d13-8bf8-b8e0995a094e-groupManagement] INFO  server.RaftServerConfigKeys (ConfUtils.java:logGet(46)) - raft.server.threadpool.server.size = 0 (default)
2024-03-04 12:55:40,712 [00bce28b-f3a7-4d13-8bf8-b8e0995a094e-groupManagement] INFO  server.RaftServerConfigKeys (ConfUtils.java:logGet(46)) - raft.server.threadpool.client.cached = true (default)
2024-03-04 12:55:40,712 [00bce28b-f3a7-4d13-8bf8-b8e0995a094e-groupManagement] INFO  server.RaftServerConfigKeys (ConfUtils.java:logGet(46)) - raft.server.threadpool.client.size = 0 (default)
2024-03-04 12:55:40,712 [00bce28b-f3a7-4d13-8bf8-b8e0995a094e-groupManagement] INFO  server.RaftServerConfigKeys (ConfUtils.java:logGet(46)) - raft.server.storage.free-space.min = 0MB (=0) (default)
2024-03-04 12:55:40,712 [00bce28b-f3a7-4d13-8bf8-b8e0995a094e-groupManagement] INFO  server.RaftServerConfigKeys (ConfUtils.java:logGet(46)) - raft.server.log.corruption.policy = EXCEPTION (default)
2024-03-04 12:55:40,712 [00bce28b-f3a7-4d13-8bf8-b8e0995a094e-groupManagement] INFO  server.RaftServerConfigKeys (ConfUtils.java:logGet(46)) - raft.server.storage.dir = [/home/runner/work/ozone/ozone/hadoop-ozone/integration-test/target/test-dir/MiniOzoneClusterImpl-5dfaf9ee-e84d-4a0a-b307-fdee3dcb636e/ozone-meta/datanode-3/ratis] (custom)
2024-03-04 12:55:40,712 [00bce28b-f3a7-4d13-8bf8-b8e0995a094e-groupManagement] INFO  storage.RaftStorageDirectory (RaftStorageDirectoryImpl.java:analyzeStorage(138)) - The storage directory /home/runner/work/ozone/ozone/hadoop-ozone/integration-test/target/test-dir/MiniOzoneClusterImpl-5dfaf9ee-e84d-4a0a-b307-fdee3dcb636e/ozone-meta/datanode-3/ratis/53ed1d05-7418-4fed-919e-7c7a0eceae05 does not exist. Creating ...
2024-03-04 12:55:40,713 [00bce28b-f3a7-4d13-8bf8-b8e0995a094e-groupManagement] INFO  storage.RaftStorageDirectory (RaftStorageDirectoryImpl.java:tryLock(228)) - Lock on /home/runner/work/ozone/ozone/hadoop-ozone/integration-test/target/test-dir/MiniOzoneClusterImpl-5dfaf9ee-e84d-4a0a-b307-fdee3dcb636e/ozone-meta/datanode-3/ratis/53ed1d05-7418-4fed-919e-7c7a0eceae05/in_use.lock acquired by nodename 41993@fv-az571-795
2024-03-04 12:55:40,713 [00bce28b-f3a7-4d13-8bf8-b8e0995a094e-groupManagement] INFO  storage.RaftStorage (RaftStorageImpl.java:format(99)) - Storage directory /home/runner/work/ozone/ozone/hadoop-ozone/integration-test/target/test-dir/MiniOzoneClusterImpl-5dfaf9ee-e84d-4a0a-b307-fdee3dcb636e/ozone-meta/datanode-3/ratis/53ed1d05-7418-4fed-919e-7c7a0eceae05 has been successfully formatted.
2024-03-04 12:55:40,714 [00bce28b-f3a7-4d13-8bf8-b8e0995a094e-groupManagement] WARN  util.FileUtils (LogUtils.java:supplyAndLog(63)) - Failed to Files.newInputStream /home/runner/work/ozone/ozone/hadoop-ozone/integration-test/target/test-dir/MiniOzoneClusterImpl-5dfaf9ee-e84d-4a0a-b307-fdee3dcb636e/ozone-meta/datanode-3/ratis/53ed1d05-7418-4fed-919e-7c7a0eceae05/current/raft-meta.conf with options []: java.nio.file.NoSuchFileException: /home/runner/work/ozone/ozone/hadoop-ozone/integration-test/target/test-dir/MiniOzoneClusterImpl-5dfaf9ee-e84d-4a0a-b307-fdee3dcb636e/ozone-meta/datanode-3/ratis/53ed1d05-7418-4fed-919e-7c7a0eceae05/current/raft-meta.conf
2024-03-04 12:55:40,714 [00bce28b-f3a7-4d13-8bf8-b8e0995a094e-groupManagement] INFO  ratis.ContainerStateMachine (ContainerStateMachine.java:loadSnapshot(287)) - group-7C7A0ECEAE05: The snapshot info is null. Setting the last applied index to:(t:0, i:~)
2024-03-04 12:55:40,714 [00bce28b-f3a7-4d13-8bf8-b8e0995a094e-groupManagement] INFO  server.RaftServerConfigKeys (ConfUtils.java:logGet(46)) - raft.server.log.use.memory = false (default)
2024-03-04 12:55:40,714 [00bce28b-f3a7-4d13-8bf8-b8e0995a094e-groupManagement] INFO  server.RaftServerConfigKeys (ConfUtils.java:logGet(46)) - raft.server.log.purge.gap = 1000000 (custom)
2024-03-04 12:55:40,715 [00bce28b-f3a7-4d13-8bf8-b8e0995a094e-groupManagement] INFO  server.RaftServerConfigKeys (ConfUtils.java:logGet(46)) - raft.server.log.appender.buffer.byte-limit = 8388608 (custom)
2024-03-04 12:55:40,715 [00bce28b-f3a7-4d13-8bf8-b8e0995a094e-groupManagement] INFO  server.RaftServerConfigKeys (ConfUtils.java:logGet(46)) - raft.server.log.statemachine.data.read.timeout = 1000ms (default)
2024-03-04 12:55:40,715 [00bce28b-f3a7-4d13-8bf8-b8e0995a094e-groupManagement] INFO  server.RaftServerConfigKeys (ConfUtils.java:logGet(46)) - raft.server.log.purge.preservation.log.num = 0 (default)
2024-03-04 12:55:40,716 [00bce28b-f3a7-4d13-8bf8-b8e0995a094e-groupManagement] INFO  server.RaftServerConfigKeys (ConfUtils.java:logGet(46)) - raft.server.log.segment.size.max = 67108864 (custom)
2024-03-04 12:55:40,716 [00bce28b-f3a7-4d13-8bf8-b8e0995a094e-groupManagement] INFO  server.RaftServerConfigKeys (ConfUtils.java:logGet(46)) - raft.server.log.segment.cache.num.max = 2 (custom)
2024-03-04 12:55:40,716 [00bce28b-f3a7-4d13-8bf8-b8e0995a094e-groupManagement] INFO  server.RaftServerConfigKeys (ConfUtils.java:logGet(46)) - raft.server.log.segment.cache.size.max = 200MB (=209715200) (default)
2024-03-04 12:55:40,717 [00bce28b-f3a7-4d13-8bf8-b8e0995a094e-groupManagement] INFO  server.RaftServerConfigKeys (ConfUtils.java:logGet(46)) - raft.server.log.appender.buffer.byte-limit = 8388608 (custom)
2024-03-04 12:55:40,717 [00bce28b-f3a7-4d13-8bf8-b8e0995a094e-groupManagement] INFO  util.AwaitToRun (AwaitToRun.java:start(81)) - Thread[00bce28b-f3a7-4d13-8bf8-b8e0995a094e@group-7C7A0ECEAE05-cacheEviction-AwaitToRun,5,main] started
2024-03-04 12:55:40,717 [00bce28b-f3a7-4d13-8bf8-b8e0995a094e-groupManagement] INFO  segmented.SegmentedRaftLogWorker (SegmentedRaftLogWorker.java:<init>(182)) - new 00bce28b-f3a7-4d13-8bf8-b8e0995a094e@group-7C7A0ECEAE05-SegmentedRaftLogWorker for RaftStorageImpl:Storage Directory /home/runner/work/ozone/ozone/hadoop-ozone/integration-test/target/test-dir/MiniOzoneClusterImpl-5dfaf9ee-e84d-4a0a-b307-fdee3dcb636e/ozone-meta/datanode-3/ratis/53ed1d05-7418-4fed-919e-7c7a0eceae05
2024-03-04 12:55:40,717 [00bce28b-f3a7-4d13-8bf8-b8e0995a094e-groupManagement] INFO  server.RaftServerConfigKeys (ConfUtils.java:logGet(46)) - raft.server.log.queue.byte-limit = 4294967296 (custom)
2024-03-04 12:55:40,717 [00bce28b-f3a7-4d13-8bf8-b8e0995a094e-groupManagement] INFO  server.RaftServerConfigKeys (ConfUtils.java:logGet(46)) - raft.server.log.queue.element-limit = 1024 (custom)
2024-03-04 12:55:40,717 [00bce28b-f3a7-4d13-8bf8-b8e0995a094e-groupManagement] INFO  server.RaftServerConfigKeys (ConfUtils.java:logGet(46)) - raft.server.log.segment.size.max = 67108864 (custom)
2024-03-04 12:55:40,717 [00bce28b-f3a7-4d13-8bf8-b8e0995a094e-groupManagement] INFO  server.RaftServerConfigKeys (ConfUtils.java:logGet(46)) - raft.server.log.preallocated.size = 4194304 (custom)
2024-03-04 12:55:40,718 [00bce28b-f3a7-4d13-8bf8-b8e0995a094e-groupManagement] INFO  server.RaftServerConfigKeys (ConfUtils.java:logGet(46)) - raft.server.log.force.sync.num = 128 (default)
2024-03-04 12:55:40,718 [00bce28b-f3a7-4d13-8bf8-b8e0995a094e-groupManagement] INFO  server.RaftServerConfigKeys (ConfUtils.java:logGet(46)) - raft.server.log.statemachine.data.sync = true (default)
2024-03-04 12:55:40,718 [00bce28b-f3a7-4d13-8bf8-b8e0995a094e-groupManagement] INFO  server.RaftServerConfigKeys (ConfUtils.java:logGet(46)) - raft.server.log.statemachine.data.sync.timeout = 10s (default)
2024-03-04 12:55:40,718 [00bce28b-f3a7-4d13-8bf8-b8e0995a094e-groupManagement] INFO  server.RaftServerConfigKeys (ConfUtils.java:logGet(46)) - raft.server.log.statemachine.data.sync.timeout.retry = 0 (custom)
2024-03-04 12:55:40,718 [00bce28b-f3a7-4d13-8bf8-b8e0995a094e-groupManagement] INFO  server.RaftServerConfigKeys (ConfUtils.java:logGet(46)) - raft.server.log.write.buffer.size = 8388616 (custom)
2024-03-04 12:55:40,720 [00bce28b-f3a7-4d13-8bf8-b8e0995a094e-groupManagement] INFO  server.RaftServerConfigKeys (ConfUtils.java:logGet(46)) - raft.server.log.appender.buffer.byte-limit = 8388608 (custom)
2024-03-04 12:55:40,720 [00bce28b-f3a7-4d13-8bf8-b8e0995a094e-groupManagement] INFO  server.RaftServerConfigKeys (ConfUtils.java:logGet(46)) - raft.server.log.unsafe-flush.enabled = false (default)
2024-03-04 12:55:40,720 [00bce28b-f3a7-4d13-8bf8-b8e0995a094e-groupManagement] INFO  server.RaftServerConfigKeys (ConfUtils.java:logGet(46)) - raft.server.log.async-flush.enabled = false (default)
2024-03-04 12:55:40,720 [00bce28b-f3a7-4d13-8bf8-b8e0995a094e-groupManagement] INFO  server.RaftServerConfigKeys (ConfUtils.java:logGet(46)) - raft.server.log.statemachine.data.caching.enabled = true (custom)
2024-03-04 12:55:40,720 [00bce28b-f3a7-4d13-8bf8-b8e0995a094e-groupManagement] INFO  segmented.SegmentedRaftLogWorker (SegmentedRaftLogWorker.java:lambda$new$0(134)) - 00bce28b-f3a7-4d13-8bf8-b8e0995a094e@group-7C7A0ECEAE05-SegmentedRaftLogWorker: flushIndex: setUnconditionally 0 -> -1
2024-03-04 12:55:40,721 [00bce28b-f3a7-4d13-8bf8-b8e0995a094e-groupManagement] INFO  segmented.SegmentedRaftLogWorker (SegmentedRaftLogWorker.java:lambda$new$0(134)) - 00bce28b-f3a7-4d13-8bf8-b8e0995a094e@group-7C7A0ECEAE05-SegmentedRaftLogWorker: safeCacheEvictIndex: setUnconditionally 0 -> -1
2024-03-04 12:55:40,721 [00bce28b-f3a7-4d13-8bf8-b8e0995a094e-groupManagement] INFO  server.RaftServer$Division (RaftServerImpl.java:start(396)) - 00bce28b-f3a7-4d13-8bf8-b8e0995a094e@group-7C7A0ECEAE05: start as a follower, conf=-1: peers:[b3e6aaac-f754-418b-8ee3-735c124d2005|10.1.0.12:15108, da245a40-dab6-49b3-9cd4-dfd962afc5b6|10.1.0.12:15117, 00bce28b-f3a7-4d13-8bf8-b8e0995a094e|10.1.0.12:15126]|listeners:[], old=null
2024-03-04 12:55:40,721 [00bce28b-f3a7-4d13-8bf8-b8e0995a094e-groupManagement] INFO  server.RaftServer$Division (RaftServerImpl.java:setRole(383)) - 00bce28b-f3a7-4d13-8bf8-b8e0995a094e@group-7C7A0ECEAE05: changes role from      null to FOLLOWER at term 0 for startAsFollower
2024-03-04 12:55:40,721 [00bce28b-f3a7-4d13-8bf8-b8e0995a094e-groupManagement] INFO  impl.RoleInfo (RoleInfo.java:updateAndGet(139)) - 00bce28b-f3a7-4d13-8bf8-b8e0995a094e: start 00bce28b-f3a7-4d13-8bf8-b8e0995a094e@group-7C7A0ECEAE05-FollowerState
2024-03-04 12:55:40,721 [00bce28b-f3a7-4d13-8bf8-b8e0995a094e-groupManagement] INFO  util.JmxRegister (JmxRegister.java:tryRegister(44)) - Successfully registered JMX Bean with object name Ratis:service=RaftServer,group=group-7C7A0ECEAE05,id=00bce28b-f3a7-4d13-8bf8-b8e0995a094e
2024-03-04 12:55:40,721 [00bce28b-f3a7-4d13-8bf8-b8e0995a094e-groupManagement] INFO  server.RaftServerConfigKeys (ConfUtils.java:logGet(46)) - raft.server.snapshot.trigger-when-stop.enabled = true (default)
2024-03-04 12:55:40,721 [00bce28b-f3a7-4d13-8bf8-b8e0995a094e-groupManagement] INFO  server.RaftServerConfigKeys (ConfUtils.java:logGet(46)) - raft.server.snapshot.auto.trigger.enabled = true (custom)
2024-03-04 12:55:40,721 [00bce28b-f3a7-4d13-8bf8-b8e0995a094e-groupManagement] INFO  server.RaftServerConfigKeys (ConfUtils.java:logGet(46)) - raft.server.snapshot.auto.trigger.threshold = 10000 (custom)
2024-03-04 12:55:40,722 [00bce28b-f3a7-4d13-8bf8-b8e0995a094e-groupManagement] INFO  server.RaftServerConfigKeys (ConfUtils.java:logGet(46)) - raft.server.snapshot.retention.file.num = 5 (custom)
2024-03-04 12:55:40,722 [00bce28b-f3a7-4d13-8bf8-b8e0995a094e-groupManagement] INFO  server.RaftServerConfigKeys (ConfUtils.java:logGet(46)) - raft.server.log.purge.upto.snapshot.index = false (default)
2024-03-04 12:55:40,722 [00bce28b-f3a7-4d13-8bf8-b8e0995a094e@group-7C7A0ECEAE05-FollowerState] INFO  server.RaftServerConfigKeys (ConfUtils.java:logFallback(53)) - raft.server.rpc.first-election.timeout.min = 5s (fallback to raft.server.rpc.timeout.min)
2024-03-04 12:55:40,722 [00bce28b-f3a7-4d13-8bf8-b8e0995a094e@group-7C7A0ECEAE05-FollowerState] INFO  server.RaftServerConfigKeys (ConfUtils.java:logFallback(53)) - raft.server.rpc.first-election.timeout.max = 5200ms (fallback to raft.server.rpc.timeout.max)
2024-03-04 12:55:40,732 [grpc-default-executor-2] INFO  server.RaftServer (RaftServerProxy.java:addNew(100)) - da245a40-dab6-49b3-9cd4-dfd962afc5b6: addNew group-7C7A0ECEAE05:[b3e6aaac-f754-418b-8ee3-735c124d2005|10.1.0.12:15108, da245a40-dab6-49b3-9cd4-dfd962afc5b6|10.1.0.12:15117, 00bce28b-f3a7-4d13-8bf8-b8e0995a094e|10.1.0.12:15126] returns group-7C7A0ECEAE05:java.util.concurrent.CompletableFuture@354d8cc5[Not completed]
2024-03-04 12:55:40,733 [da245a40-dab6-49b3-9cd4-dfd962afc5b6-groupManagement] INFO  server.RaftServer$Division (RaftServerImpl.java:<init>(256)) - da245a40-dab6-49b3-9cd4-dfd962afc5b6: new RaftServerImpl for group-7C7A0ECEAE05:[b3e6aaac-f754-418b-8ee3-735c124d2005|10.1.0.12:15108, da245a40-dab6-49b3-9cd4-dfd962afc5b6|10.1.0.12:15117, 00bce28b-f3a7-4d13-8bf8-b8e0995a094e|10.1.0.12:15126] with ContainerStateMachine:uninitialized
2024-03-04 12:55:40,733 [da245a40-dab6-49b3-9cd4-dfd962afc5b6-groupManagement] INFO  server.RaftServerConfigKeys (ConfUtils.java:logGet(46)) - raft.server.rpc.timeout.min = 5s (custom)
2024-03-04 12:55:40,733 [da245a40-dab6-49b3-9cd4-dfd962afc5b6-groupManagement] INFO  server.RaftServerConfigKeys (ConfUtils.java:logGet(46)) - raft.server.rpc.timeout.max = 5200ms (custom)
2024-03-04 12:55:40,733 [da245a40-dab6-49b3-9cd4-dfd962afc5b6-groupManagement] INFO  server.RaftServerConfigKeys (ConfUtils.java:logGet(46)) - raft.server.rpc.sleep.time = 25ms (default)
2024-03-04 12:55:40,733 [da245a40-dab6-49b3-9cd4-dfd962afc5b6-groupManagement] INFO  server.RaftServerConfigKeys (ConfUtils.java:logGet(46)) - raft.server.rpc.slowness.timeout = 300s (custom)
2024-03-04 12:55:40,733 [da245a40-dab6-49b3-9cd4-dfd962afc5b6-groupManagement] INFO  server.RaftServerConfigKeys (ConfUtils.java:logGet(46)) - raft.server.leaderelection.leader.step-down.wait-time = 10s (default)
2024-03-04 12:55:40,733 [da245a40-dab6-49b3-9cd4-dfd962afc5b6-groupManagement] INFO  server.RaftServerConfigKeys (ConfUtils.java:logGet(46)) - raft.server.leaderelection.member.majority-add = false (default)
2024-03-04 12:55:40,733 [da245a40-dab6-49b3-9cd4-dfd962afc5b6-groupManagement] INFO  server.RaftServerConfigKeys (ConfUtils.java:logGet(46)) - raft.server.sleep.deviation.threshold = 300ms (default)
2024-03-04 12:55:40,733 [da245a40-dab6-49b3-9cd4-dfd962afc5b6-groupManagement] INFO  server.RaftServer$Division (ServerState.java:<init>(113)) - da245a40-dab6-49b3-9cd4-dfd962afc5b6@group-7C7A0ECEAE05: ConfigurationManager, init=-1: peers:[b3e6aaac-f754-418b-8ee3-735c124d2005|10.1.0.12:15108, da245a40-dab6-49b3-9cd4-dfd962afc5b6|10.1.0.12:15117, 00bce28b-f3a7-4d13-8bf8-b8e0995a094e|10.1.0.12:15126]|listeners:[], old=null, confs=<EMPTY_MAP>
2024-03-04 12:55:40,733 [da245a40-dab6-49b3-9cd4-dfd962afc5b6-groupManagement] INFO  server.RaftServerConfigKeys (ConfUtils.java:logGet(46)) - raft.server.notification.no-leader.timeout = 300s (custom)
2024-03-04 12:55:40,733 [da245a40-dab6-49b3-9cd4-dfd962afc5b6-groupManagement] INFO  server.RaftServerConfigKeys (ConfUtils.java:logGet(46)) - raft.server.read.timeout = 10s (default)
2024-03-04 12:55:40,733 [da245a40-dab6-49b3-9cd4-dfd962afc5b6-groupManagement] INFO  server.RaftServerConfigKeys (ConfUtils.java:logGet(46)) - raft.server.retrycache.expirytime = 600000ms (custom)
2024-03-04 12:55:40,733 [da245a40-dab6-49b3-9cd4-dfd962afc5b6-groupManagement] INFO  server.RaftServerConfigKeys (ConfUtils.java:logGet(46)) - raft.server.retrycache.statistics.expirytime = 100ms (default)
2024-03-04 12:55:40,733 [da245a40-dab6-49b3-9cd4-dfd962afc5b6-groupManagement] INFO  server.RaftServerConfigKeys (ConfUtils.java:logGet(46)) - raft.server.read.option = DEFAULT (default)
2024-03-04 12:55:40,733 [da245a40-dab6-49b3-9cd4-dfd962afc5b6-groupManagement] INFO  server.RaftServerConfigKeys (ConfUtils.java:logGet(46)) - raft.server.read.read-after-write-consistent.write-index-cache.expiry-time = 60s (default)
2024-03-04 12:55:40,735 [da245a40-dab6-49b3-9cd4-dfd962afc5b6-groupManagement] INFO  server.RaftServerConfigKeys (ConfUtils.java:logGet(46)) - raft.server.rpc.request.timeout = 60s (custom)
2024-03-04 12:55:40,735 [da245a40-dab6-49b3-9cd4-dfd962afc5b6-groupManagement] INFO  server.RaftServerConfigKeys (ConfUtils.java:logGet(46)) - raft.server.log.appender.install.snapshot.enabled = false (custom)
2024-03-04 12:55:40,735 [da245a40-dab6-49b3-9cd4-dfd962afc5b6-groupManagement] INFO  server.RaftServerConfigKeys (ConfUtils.java:logGet(46)) - raft.server.threadpool.server.cached = true (default)
2024-03-04 12:55:40,735 [da245a40-dab6-49b3-9cd4-dfd962afc5b6-groupManagement] INFO  server.RaftServerConfigKeys (ConfUtils.java:logGet(46)) - raft.server.threadpool.server.size = 0 (default)
2024-03-04 12:55:40,735 [da245a40-dab6-49b3-9cd4-dfd962afc5b6-groupManagement] INFO  server.RaftServerConfigKeys (ConfUtils.java:logGet(46)) - raft.server.threadpool.client.cached = true (default)
2024-03-04 12:55:40,735 [da245a40-dab6-49b3-9cd4-dfd962afc5b6-groupManagement] INFO  server.RaftServerConfigKeys (ConfUtils.java:logGet(46)) - raft.server.threadpool.client.size = 0 (default)
2024-03-04 12:55:40,735 [da245a40-dab6-49b3-9cd4-dfd962afc5b6-groupManagement] INFO  server.RaftServerConfigKeys (ConfUtils.java:logGet(46)) - raft.server.storage.free-space.min = 0MB (=0) (default)
2024-03-04 12:55:40,735 [da245a40-dab6-49b3-9cd4-dfd962afc5b6-groupManagement] INFO  server.RaftServerConfigKeys (ConfUtils.java:logGet(46)) - raft.server.log.corruption.policy = EXCEPTION (default)
2024-03-04 12:55:40,735 [da245a40-dab6-49b3-9cd4-dfd962afc5b6-groupManagement] INFO  server.RaftServerConfigKeys (ConfUtils.java:logGet(46)) - raft.server.storage.dir = [/home/runner/work/ozone/ozone/hadoop-ozone/integration-test/target/test-dir/MiniOzoneClusterImpl-5dfaf9ee-e84d-4a0a-b307-fdee3dcb636e/ozone-meta/datanode-2/ratis] (custom)
2024-03-04 12:55:40,735 [da245a40-dab6-49b3-9cd4-dfd962afc5b6-groupManagement] INFO  storage.RaftStorageDirectory (RaftStorageDirectoryImpl.java:analyzeStorage(138)) - The storage directory /home/runner/work/ozone/ozone/hadoop-ozone/integration-test/target/test-dir/MiniOzoneClusterImpl-5dfaf9ee-e84d-4a0a-b307-fdee3dcb636e/ozone-meta/datanode-2/ratis/53ed1d05-7418-4fed-919e-7c7a0eceae05 does not exist. Creating ...
2024-03-04 12:55:40,736 [da245a40-dab6-49b3-9cd4-dfd962afc5b6-groupManagement] INFO  storage.RaftStorageDirectory (RaftStorageDirectoryImpl.java:tryLock(228)) - Lock on /home/runner/work/ozone/ozone/hadoop-ozone/integration-test/target/test-dir/MiniOzoneClusterImpl-5dfaf9ee-e84d-4a0a-b307-fdee3dcb636e/ozone-meta/datanode-2/ratis/53ed1d05-7418-4fed-919e-7c7a0eceae05/in_use.lock acquired by nodename 41993@fv-az571-795
2024-03-04 12:55:40,737 [da245a40-dab6-49b3-9cd4-dfd962afc5b6-groupManagement] INFO  storage.RaftStorage (RaftStorageImpl.java:format(99)) - Storage directory /home/runner/work/ozone/ozone/hadoop-ozone/integration-test/target/test-dir/MiniOzoneClusterImpl-5dfaf9ee-e84d-4a0a-b307-fdee3dcb636e/ozone-meta/datanode-2/ratis/53ed1d05-7418-4fed-919e-7c7a0eceae05 has been successfully formatted.
2024-03-04 12:55:40,737 [da245a40-dab6-49b3-9cd4-dfd962afc5b6-groupManagement] WARN  util.FileUtils (LogUtils.java:supplyAndLog(63)) - Failed to Files.newInputStream /home/runner/work/ozone/ozone/hadoop-ozone/integration-test/target/test-dir/MiniOzoneClusterImpl-5dfaf9ee-e84d-4a0a-b307-fdee3dcb636e/ozone-meta/datanode-2/ratis/53ed1d05-7418-4fed-919e-7c7a0eceae05/current/raft-meta.conf with options []: java.nio.file.NoSuchFileException: /home/runner/work/ozone/ozone/hadoop-ozone/integration-test/target/test-dir/MiniOzoneClusterImpl-5dfaf9ee-e84d-4a0a-b307-fdee3dcb636e/ozone-meta/datanode-2/ratis/53ed1d05-7418-4fed-919e-7c7a0eceae05/current/raft-meta.conf
2024-03-04 12:55:40,738 [da245a40-dab6-49b3-9cd4-dfd962afc5b6-groupManagement] INFO  ratis.ContainerStateMachine (ContainerStateMachine.java:loadSnapshot(287)) - group-7C7A0ECEAE05: The snapshot info is null. Setting the last applied index to:(t:0, i:~)
2024-03-04 12:55:40,738 [da245a40-dab6-49b3-9cd4-dfd962afc5b6-groupManagement] INFO  server.RaftServerConfigKeys (ConfUtils.java:logGet(46)) - raft.server.log.use.memory = false (default)
2024-03-04 12:55:40,738 [da245a40-dab6-49b3-9cd4-dfd962afc5b6-groupManagement] INFO  server.RaftServerConfigKeys (ConfUtils.java:logGet(46)) - raft.server.log.purge.gap = 1000000 (custom)
2024-03-04 12:55:40,738 [da245a40-dab6-49b3-9cd4-dfd962afc5b6-groupManagement] INFO  server.RaftServerConfigKeys (ConfUtils.java:logGet(46)) - raft.server.log.appender.buffer.byte-limit = 8388608 (custom)
2024-03-04 12:55:40,738 [da245a40-dab6-49b3-9cd4-dfd962afc5b6-groupManagement] INFO  server.RaftServerConfigKeys (ConfUtils.java:logGet(46)) - raft.server.log.statemachine.data.read.timeout = 1000ms (default)
2024-03-04 12:55:40,738 [da245a40-dab6-49b3-9cd4-dfd962afc5b6-groupManagement] INFO  server.RaftServerConfigKeys (ConfUtils.java:logGet(46)) - raft.server.log.purge.preservation.log.num = 0 (default)
2024-03-04 12:55:40,739 [da245a40-dab6-49b3-9cd4-dfd962afc5b6-groupManagement] INFO  server.RaftServerConfigKeys (ConfUtils.java:logGet(46)) - raft.server.log.segment.size.max = 67108864 (custom)
2024-03-04 12:55:40,739 [da245a40-dab6-49b3-9cd4-dfd962afc5b6-groupManagement] INFO  server.RaftServerConfigKeys (ConfUtils.java:logGet(46)) - raft.server.log.segment.cache.num.max = 2 (custom)
2024-03-04 12:55:40,739 [da245a40-dab6-49b3-9cd4-dfd962afc5b6-groupManagement] INFO  server.RaftServerConfigKeys (ConfUtils.java:logGet(46)) - raft.server.log.segment.cache.size.max = 200MB (=209715200) (default)
2024-03-04 12:55:40,740 [da245a40-dab6-49b3-9cd4-dfd962afc5b6-groupManagement] INFO  server.RaftServerConfigKeys (ConfUtils.java:logGet(46)) - raft.server.log.appender.buffer.byte-limit = 8388608 (custom)
2024-03-04 12:55:40,740 [da245a40-dab6-49b3-9cd4-dfd962afc5b6-groupManagement] INFO  util.AwaitToRun (AwaitToRun.java:start(81)) - Thread[da245a40-dab6-49b3-9cd4-dfd962afc5b6@group-7C7A0ECEAE05-cacheEviction-AwaitToRun,5,main] started
2024-03-04 12:55:40,740 [da245a40-dab6-49b3-9cd4-dfd962afc5b6-groupManagement] INFO  segmented.SegmentedRaftLogWorker (SegmentedRaftLogWorker.java:<init>(182)) - new da245a40-dab6-49b3-9cd4-dfd962afc5b6@group-7C7A0ECEAE05-SegmentedRaftLogWorker for RaftStorageImpl:Storage Directory /home/runner/work/ozone/ozone/hadoop-ozone/integration-test/target/test-dir/MiniOzoneClusterImpl-5dfaf9ee-e84d-4a0a-b307-fdee3dcb636e/ozone-meta/datanode-2/ratis/53ed1d05-7418-4fed-919e-7c7a0eceae05
2024-03-04 12:55:40,740 [da245a40-dab6-49b3-9cd4-dfd962afc5b6-groupManagement] INFO  server.RaftServerConfigKeys (ConfUtils.java:logGet(46)) - raft.server.log.queue.byte-limit = 4294967296 (custom)
2024-03-04 12:55:40,740 [da245a40-dab6-49b3-9cd4-dfd962afc5b6-groupManagement] INFO  server.RaftServerConfigKeys (ConfUtils.java:logGet(46)) - raft.server.log.queue.element-limit = 1024 (custom)
2024-03-04 12:55:40,740 [da245a40-dab6-49b3-9cd4-dfd962afc5b6-groupManagement] INFO  server.RaftServerConfigKeys (ConfUtils.java:logGet(46)) - raft.server.log.segment.size.max = 67108864 (custom)
2024-03-04 12:55:40,740 [da245a40-dab6-49b3-9cd4-dfd962afc5b6-groupManagement] INFO  server.RaftServerConfigKeys (ConfUtils.java:logGet(46)) - raft.server.log.preallocated.size = 4194304 (custom)
2024-03-04 12:55:40,741 [da245a40-dab6-49b3-9cd4-dfd962afc5b6-groupManagement] INFO  server.RaftServerConfigKeys (ConfUtils.java:logGet(46)) - raft.server.log.force.sync.num = 128 (default)
2024-03-04 12:55:40,741 [da245a40-dab6-49b3-9cd4-dfd962afc5b6-groupManagement] INFO  server.RaftServerConfigKeys (ConfUtils.java:logGet(46)) - raft.server.log.statemachine.data.sync = true (default)
2024-03-04 12:55:40,741 [da245a40-dab6-49b3-9cd4-dfd962afc5b6-groupManagement] INFO  server.RaftServerConfigKeys (ConfUtils.java:logGet(46)) - raft.server.log.statemachine.data.sync.timeout = 10s (default)
2024-03-04 12:55:40,741 [da245a40-dab6-49b3-9cd4-dfd962afc5b6-groupManagement] INFO  server.RaftServerConfigKeys (ConfUtils.java:logGet(46)) - raft.server.log.statemachine.data.sync.timeout.retry = 0 (custom)
2024-03-04 12:55:40,741 [da245a40-dab6-49b3-9cd4-dfd962afc5b6-groupManagement] INFO  server.RaftServerConfigKeys (ConfUtils.java:logGet(46)) - raft.server.log.write.buffer.size = 8388616 (custom)
2024-03-04 12:55:40,742 [da245a40-dab6-49b3-9cd4-dfd962afc5b6-groupManagement] INFO  server.RaftServerConfigKeys (ConfUtils.java:logGet(46)) - raft.server.log.appender.buffer.byte-limit = 8388608 (custom)
2024-03-04 12:55:40,743 [da245a40-dab6-49b3-9cd4-dfd962afc5b6-groupManagement] INFO  server.RaftServerConfigKeys (ConfUtils.java:logGet(46)) - raft.server.log.unsafe-flush.enabled = false (default)
2024-03-04 12:55:40,743 [da245a40-dab6-49b3-9cd4-dfd962afc5b6-groupManagement] INFO  server.RaftServerConfigKeys (ConfUtils.java:logGet(46)) - raft.server.log.async-flush.enabled = false (default)
2024-03-04 12:55:40,743 [da245a40-dab6-49b3-9cd4-dfd962afc5b6-groupManagement] INFO  server.RaftServerConfigKeys (ConfUtils.java:logGet(46)) - raft.server.log.statemachine.data.caching.enabled = true (custom)
2024-03-04 12:55:40,743 [da245a40-dab6-49b3-9cd4-dfd962afc5b6-groupManagement] INFO  segmented.SegmentedRaftLogWorker (SegmentedRaftLogWorker.java:lambda$new$0(134)) - da245a40-dab6-49b3-9cd4-dfd962afc5b6@group-7C7A0ECEAE05-SegmentedRaftLogWorker: flushIndex: setUnconditionally 0 -> -1
2024-03-04 12:55:40,743 [da245a40-dab6-49b3-9cd4-dfd962afc5b6-groupManagement] INFO  segmented.SegmentedRaftLogWorker (SegmentedRaftLogWorker.java:lambda$new$0(134)) - da245a40-dab6-49b3-9cd4-dfd962afc5b6@group-7C7A0ECEAE05-SegmentedRaftLogWorker: safeCacheEvictIndex: setUnconditionally 0 -> -1
2024-03-04 12:55:40,743 [da245a40-dab6-49b3-9cd4-dfd962afc5b6-groupManagement] INFO  server.RaftServer$Division (RaftServerImpl.java:start(396)) - da245a40-dab6-49b3-9cd4-dfd962afc5b6@group-7C7A0ECEAE05: start as a follower, conf=-1: peers:[b3e6aaac-f754-418b-8ee3-735c124d2005|10.1.0.12:15108, da245a40-dab6-49b3-9cd4-dfd962afc5b6|10.1.0.12:15117, 00bce28b-f3a7-4d13-8bf8-b8e0995a094e|10.1.0.12:15126]|listeners:[], old=null
2024-03-04 12:55:40,743 [da245a40-dab6-49b3-9cd4-dfd962afc5b6-groupManagement] INFO  server.RaftServer$Division (RaftServerImpl.java:setRole(383)) - da245a40-dab6-49b3-9cd4-dfd962afc5b6@group-7C7A0ECEAE05: changes role from      null to FOLLOWER at term 0 for startAsFollower
2024-03-04 12:55:40,744 [da245a40-dab6-49b3-9cd4-dfd962afc5b6-groupManagement] INFO  impl.RoleInfo (RoleInfo.java:updateAndGet(139)) - da245a40-dab6-49b3-9cd4-dfd962afc5b6: start da245a40-dab6-49b3-9cd4-dfd962afc5b6@group-7C7A0ECEAE05-FollowerState
2024-03-04 12:55:40,744 [da245a40-dab6-49b3-9cd4-dfd962afc5b6@group-7C7A0ECEAE05-FollowerState] INFO  server.RaftServerConfigKeys (ConfUtils.java:logFallback(53)) - raft.server.rpc.first-election.timeout.min = 5s (fallback to raft.server.rpc.timeout.min)
2024-03-04 12:55:40,744 [da245a40-dab6-49b3-9cd4-dfd962afc5b6@group-7C7A0ECEAE05-FollowerState] INFO  server.RaftServerConfigKeys (ConfUtils.java:logFallback(53)) - raft.server.rpc.first-election.timeout.max = 5200ms (fallback to raft.server.rpc.timeout.max)
2024-03-04 12:55:40,744 [da245a40-dab6-49b3-9cd4-dfd962afc5b6-groupManagement] INFO  util.JmxRegister (JmxRegister.java:tryRegister(44)) - Successfully registered JMX Bean with object name Ratis:service=RaftServer,group=group-7C7A0ECEAE05,id=da245a40-dab6-49b3-9cd4-dfd962afc5b6
2024-03-04 12:55:40,744 [da245a40-dab6-49b3-9cd4-dfd962afc5b6-groupManagement] INFO  server.RaftServerConfigKeys (ConfUtils.java:logGet(46)) - raft.server.snapshot.trigger-when-stop.enabled = true (default)
2024-03-04 12:55:40,744 [da245a40-dab6-49b3-9cd4-dfd962afc5b6-groupManagement] INFO  server.RaftServerConfigKeys (ConfUtils.java:logGet(46)) - raft.server.snapshot.auto.trigger.enabled = true (custom)
2024-03-04 12:55:40,744 [da245a40-dab6-49b3-9cd4-dfd962afc5b6-groupManagement] INFO  server.RaftServerConfigKeys (ConfUtils.java:logGet(46)) - raft.server.snapshot.auto.trigger.threshold = 10000 (custom)
2024-03-04 12:55:40,744 [da245a40-dab6-49b3-9cd4-dfd962afc5b6-groupManagement] INFO  server.RaftServerConfigKeys (ConfUtils.java:logGet(46)) - raft.server.snapshot.retention.file.num = 5 (custom)
2024-03-04 12:55:40,745 [da245a40-dab6-49b3-9cd4-dfd962afc5b6-groupManagement] INFO  server.RaftServerConfigKeys (ConfUtils.java:logGet(46)) - raft.server.log.purge.upto.snapshot.index = false (default)
2024-03-04 12:55:40,746 [da245a40-dab6-49b3-9cd4-dfd962afc5b6-PipelineCommandHandlerThread-0] INFO  server.RaftServer (RaftServerProxy.java:addNew(100)) - da245a40-dab6-49b3-9cd4-dfd962afc5b6: addNew group-AC597F898EC4:[da245a40-dab6-49b3-9cd4-dfd962afc5b6|10.1.0.12:15117] returns group-AC597F898EC4:java.util.concurrent.CompletableFuture@55897ba0[Not completed]
2024-03-04 12:55:40,746 [da245a40-dab6-49b3-9cd4-dfd962afc5b6-groupManagement] INFO  server.RaftServer$Division (RaftServerImpl.java:<init>(256)) - da245a40-dab6-49b3-9cd4-dfd962afc5b6: new RaftServerImpl for group-AC597F898EC4:[da245a40-dab6-49b3-9cd4-dfd962afc5b6|10.1.0.12:15117] with ContainerStateMachine:uninitialized
2024-03-04 12:55:40,747 [da245a40-dab6-49b3-9cd4-dfd962afc5b6-groupManagement] INFO  server.RaftServerConfigKeys (ConfUtils.java:logGet(46)) - raft.server.rpc.timeout.min = 5s (custom)
2024-03-04 12:55:40,749 [da245a40-dab6-49b3-9cd4-dfd962afc5b6-groupManagement] INFO  server.RaftServerConfigKeys (ConfUtils.java:logGet(46)) - raft.server.rpc.timeout.max = 5200ms (custom)
2024-03-04 12:55:40,749 [da245a40-dab6-49b3-9cd4-dfd962afc5b6-groupManagement] INFO  server.RaftServerConfigKeys (ConfUtils.java:logGet(46)) - raft.server.rpc.sleep.time = 25ms (default)
2024-03-04 12:55:40,750 [b3e6aaac-f754-418b-8ee3-735c124d2005-PipelineCommandHandlerThread-0] INFO  commandhandler.CreatePipelineCommandHandler (CreatePipelineCommandHandler.java:lambda$handle$2(124)) - Created Pipeline RATIS THREE PipelineID=53ed1d05-7418-4fed-919e-7c7a0eceae05.
2024-03-04 12:55:40,750 [da245a40-dab6-49b3-9cd4-dfd962afc5b6-groupManagement] INFO  server.RaftServerConfigKeys (ConfUtils.java:logGet(46)) - raft.server.rpc.slowness.timeout = 300s (custom)
2024-03-04 12:55:40,751 [da245a40-dab6-49b3-9cd4-dfd962afc5b6-groupManagement] INFO  server.RaftServerConfigKeys (ConfUtils.java:logGet(46)) - raft.server.leaderelection.leader.step-down.wait-time = 10s (default)
2024-03-04 12:55:40,751 [da245a40-dab6-49b3-9cd4-dfd962afc5b6-groupManagement] INFO  server.RaftServerConfigKeys (ConfUtils.java:logGet(46)) - raft.server.leaderelection.member.majority-add = false (default)
2024-03-04 12:55:40,751 [da245a40-dab6-49b3-9cd4-dfd962afc5b6-groupManagement] INFO  server.RaftServerConfigKeys (ConfUtils.java:logGet(46)) - raft.server.sleep.deviation.threshold = 300ms (default)
2024-03-04 12:55:40,751 [da245a40-dab6-49b3-9cd4-dfd962afc5b6-groupManagement] INFO  server.RaftServer$Division (ServerState.java:<init>(113)) - da245a40-dab6-49b3-9cd4-dfd962afc5b6@group-AC597F898EC4: ConfigurationManager, init=-1: peers:[da245a40-dab6-49b3-9cd4-dfd962afc5b6|10.1.0.12:15117]|listeners:[], old=null, confs=<EMPTY_MAP>
2024-03-04 12:55:40,751 [da245a40-dab6-49b3-9cd4-dfd962afc5b6-groupManagement] INFO  server.RaftServerConfigKeys (ConfUtils.java:logGet(46)) - raft.server.notification.no-leader.timeout = 300s (custom)
2024-03-04 12:55:40,751 [da245a40-dab6-49b3-9cd4-dfd962afc5b6-groupManagement] INFO  server.RaftServerConfigKeys (ConfUtils.java:logGet(46)) - raft.server.read.timeout = 10s (default)
2024-03-04 12:55:40,752 [da245a40-dab6-49b3-9cd4-dfd962afc5b6-groupManagement] INFO  server.RaftServerConfigKeys (ConfUtils.java:logGet(46)) - raft.server.retrycache.expirytime = 600000ms (custom)
2024-03-04 12:55:40,752 [da245a40-dab6-49b3-9cd4-dfd962afc5b6-groupManagement] INFO  server.RaftServerConfigKeys (ConfUtils.java:logGet(46)) - raft.server.retrycache.statistics.expirytime = 100ms (default)
2024-03-04 12:55:40,752 [da245a40-dab6-49b3-9cd4-dfd962afc5b6-groupManagement] INFO  server.RaftServerConfigKeys (ConfUtils.java:logGet(46)) - raft.server.read.option = DEFAULT (default)
2024-03-04 12:55:40,752 [da245a40-dab6-49b3-9cd4-dfd962afc5b6-groupManagement] INFO  server.RaftServerConfigKeys (ConfUtils.java:logGet(46)) - raft.server.read.read-after-write-consistent.write-index-cache.expiry-time = 60s (default)
2024-03-04 12:55:40,753 [da245a40-dab6-49b3-9cd4-dfd962afc5b6-groupManagement] INFO  server.RaftServerConfigKeys (ConfUtils.java:logGet(46)) - raft.server.rpc.request.timeout = 60s (custom)
2024-03-04 12:55:40,753 [da245a40-dab6-49b3-9cd4-dfd962afc5b6-groupManagement] INFO  server.RaftServerConfigKeys (ConfUtils.java:logGet(46)) - raft.server.log.appender.install.snapshot.enabled = false (custom)
2024-03-04 12:55:40,753 [da245a40-dab6-49b3-9cd4-dfd962afc5b6-groupManagement] INFO  server.RaftServerConfigKeys (ConfUtils.java:logGet(46)) - raft.server.threadpool.server.cached = true (default)
2024-03-04 12:55:40,753 [da245a40-dab6-49b3-9cd4-dfd962afc5b6-groupManagement] INFO  server.RaftServerConfigKeys (ConfUtils.java:logGet(46)) - raft.server.threadpool.server.size = 0 (default)
2024-03-04 12:55:40,753 [da245a40-dab6-49b3-9cd4-dfd962afc5b6-groupManagement] INFO  server.RaftServerConfigKeys (ConfUtils.java:logGet(46)) - raft.server.threadpool.client.cached = true (default)
2024-03-04 12:55:40,753 [da245a40-dab6-49b3-9cd4-dfd962afc5b6-groupManagement] INFO  server.RaftServerConfigKeys (ConfUtils.java:logGet(46)) - raft.server.threadpool.client.size = 0 (default)
2024-03-04 12:55:40,754 [da245a40-dab6-49b3-9cd4-dfd962afc5b6-groupManagement] INFO  server.RaftServerConfigKeys (ConfUtils.java:logGet(46)) - raft.server.storage.free-space.min = 0MB (=0) (default)
2024-03-04 12:55:40,754 [da245a40-dab6-49b3-9cd4-dfd962afc5b6-groupManagement] INFO  server.RaftServerConfigKeys (ConfUtils.java:logGet(46)) - raft.server.log.corruption.policy = EXCEPTION (default)
2024-03-04 12:55:40,754 [da245a40-dab6-49b3-9cd4-dfd962afc5b6-groupManagement] INFO  server.RaftServerConfigKeys (ConfUtils.java:logGet(46)) - raft.server.storage.dir = [/home/runner/work/ozone/ozone/hadoop-ozone/integration-test/target/test-dir/MiniOzoneClusterImpl-5dfaf9ee-e84d-4a0a-b307-fdee3dcb636e/ozone-meta/datanode-2/ratis] (custom)
2024-03-04 12:55:40,754 [da245a40-dab6-49b3-9cd4-dfd962afc5b6-groupManagement] INFO  storage.RaftStorageDirectory (RaftStorageDirectoryImpl.java:analyzeStorage(138)) - The storage directory /home/runner/work/ozone/ozone/hadoop-ozone/integration-test/target/test-dir/MiniOzoneClusterImpl-5dfaf9ee-e84d-4a0a-b307-fdee3dcb636e/ozone-meta/datanode-2/ratis/2063775f-89cb-4c11-98e0-ac597f898ec4 does not exist. Creating ...
2024-03-04 12:55:40,755 [da245a40-dab6-49b3-9cd4-dfd962afc5b6-groupManagement] INFO  storage.RaftStorageDirectory (RaftStorageDirectoryImpl.java:tryLock(228)) - Lock on /home/runner/work/ozone/ozone/hadoop-ozone/integration-test/target/test-dir/MiniOzoneClusterImpl-5dfaf9ee-e84d-4a0a-b307-fdee3dcb636e/ozone-meta/datanode-2/ratis/2063775f-89cb-4c11-98e0-ac597f898ec4/in_use.lock acquired by nodename 41993@fv-az571-795
2024-03-04 12:55:40,756 [da245a40-dab6-49b3-9cd4-dfd962afc5b6-groupManagement] INFO  storage.RaftStorage (RaftStorageImpl.java:format(99)) - Storage directory /home/runner/work/ozone/ozone/hadoop-ozone/integration-test/target/test-dir/MiniOzoneClusterImpl-5dfaf9ee-e84d-4a0a-b307-fdee3dcb636e/ozone-meta/datanode-2/ratis/2063775f-89cb-4c11-98e0-ac597f898ec4 has been successfully formatted.
2024-03-04 12:55:40,756 [da245a40-dab6-49b3-9cd4-dfd962afc5b6-groupManagement] WARN  util.FileUtils (LogUtils.java:supplyAndLog(63)) - Failed to Files.newInputStream /home/runner/work/ozone/ozone/hadoop-ozone/integration-test/target/test-dir/MiniOzoneClusterImpl-5dfaf9ee-e84d-4a0a-b307-fdee3dcb636e/ozone-meta/datanode-2/ratis/2063775f-89cb-4c11-98e0-ac597f898ec4/current/raft-meta.conf with options []: java.nio.file.NoSuchFileException: /home/runner/work/ozone/ozone/hadoop-ozone/integration-test/target/test-dir/MiniOzoneClusterImpl-5dfaf9ee-e84d-4a0a-b307-fdee3dcb636e/ozone-meta/datanode-2/ratis/2063775f-89cb-4c11-98e0-ac597f898ec4/current/raft-meta.conf
2024-03-04 12:55:40,756 [da245a40-dab6-49b3-9cd4-dfd962afc5b6-groupManagement] INFO  ratis.ContainerStateMachine (ContainerStateMachine.java:loadSnapshot(287)) - group-AC597F898EC4: The snapshot info is null. Setting the last applied index to:(t:0, i:~)
2024-03-04 12:55:40,756 [da245a40-dab6-49b3-9cd4-dfd962afc5b6-groupManagement] INFO  server.RaftServerConfigKeys (ConfUtils.java:logGet(46)) - raft.server.log.use.memory = false (default)
2024-03-04 12:55:40,756 [da245a40-dab6-49b3-9cd4-dfd962afc5b6-groupManagement] INFO  server.RaftServerConfigKeys (ConfUtils.java:logGet(46)) - raft.server.log.purge.gap = 1000000 (custom)
2024-03-04 12:55:40,756 [da245a40-dab6-49b3-9cd4-dfd962afc5b6-groupManagement] INFO  server.RaftServerConfigKeys (ConfUtils.java:logGet(46)) - raft.server.log.appender.buffer.byte-limit = 8388608 (custom)
2024-03-04 12:55:40,756 [da245a40-dab6-49b3-9cd4-dfd962afc5b6-groupManagement] INFO  server.RaftServerConfigKeys (ConfUtils.java:logGet(46)) - raft.server.log.statemachine.data.read.timeout = 1000ms (default)
2024-03-04 12:55:40,756 [da245a40-dab6-49b3-9cd4-dfd962afc5b6-groupManagement] INFO  server.RaftServerConfigKeys (ConfUtils.java:logGet(46)) - raft.server.log.purge.preservation.log.num = 0 (default)
2024-03-04 12:55:40,757 [EventQueue-PipelineReportForPipelineReportHandler] INFO  pipeline.PipelineReportHandler (PipelineReportHandler.java:processPipelineReport(136)) - Opened pipeline PipelineID=2063775f-89cb-4c11-98e0-ac597f898ec4
2024-03-04 12:55:40,757 [EventQueue-OpenPipelineForHealthyPipelineSafeModeRule] INFO  safemode.SCMSafeModeManager (HealthyPipelineSafeModeRule.java:process(140)) - SCM in safe mode. Healthy pipelines reported count is 0, required healthy pipeline reported count is 1
2024-03-04 12:55:40,757 [da245a40-dab6-49b3-9cd4-dfd962afc5b6-groupManagement] INFO  server.RaftServerConfigKeys (ConfUtils.java:logGet(46)) - raft.server.log.segment.size.max = 67108864 (custom)
2024-03-04 12:55:40,758 [da245a40-dab6-49b3-9cd4-dfd962afc5b6-groupManagement] INFO  server.RaftServerConfigKeys (ConfUtils.java:logGet(46)) - raft.server.log.segment.cache.num.max = 2 (custom)
2024-03-04 12:55:40,758 [da245a40-dab6-49b3-9cd4-dfd962afc5b6-groupManagement] INFO  server.RaftServerConfigKeys (ConfUtils.java:logGet(46)) - raft.server.log.segment.cache.size.max = 200MB (=209715200) (default)
2024-03-04 12:55:40,758 [da245a40-dab6-49b3-9cd4-dfd962afc5b6-groupManagement] INFO  server.RaftServerConfigKeys (ConfUtils.java:logGet(46)) - raft.server.log.appender.buffer.byte-limit = 8388608 (custom)
2024-03-04 12:55:40,758 [da245a40-dab6-49b3-9cd4-dfd962afc5b6-groupManagement] INFO  util.AwaitToRun (AwaitToRun.java:start(81)) - Thread[da245a40-dab6-49b3-9cd4-dfd962afc5b6@group-AC597F898EC4-cacheEviction-AwaitToRun,5,main] started
2024-03-04 12:55:40,758 [da245a40-dab6-49b3-9cd4-dfd962afc5b6-groupManagement] INFO  segmented.SegmentedRaftLogWorker (SegmentedRaftLogWorker.java:<init>(182)) - new da245a40-dab6-49b3-9cd4-dfd962afc5b6@group-AC597F898EC4-SegmentedRaftLogWorker for RaftStorageImpl:Storage Directory /home/runner/work/ozone/ozone/hadoop-ozone/integration-test/target/test-dir/MiniOzoneClusterImpl-5dfaf9ee-e84d-4a0a-b307-fdee3dcb636e/ozone-meta/datanode-2/ratis/2063775f-89cb-4c11-98e0-ac597f898ec4
2024-03-04 12:55:40,758 [da245a40-dab6-49b3-9cd4-dfd962afc5b6-groupManagement] INFO  server.RaftServerConfigKeys (ConfUtils.java:logGet(46)) - raft.server.log.queue.byte-limit = 4294967296 (custom)
2024-03-04 12:55:40,758 [da245a40-dab6-49b3-9cd4-dfd962afc5b6-groupManagement] INFO  server.RaftServerConfigKeys (ConfUtils.java:logGet(46)) - raft.server.log.queue.element-limit = 1024 (custom)
2024-03-04 12:55:40,758 [da245a40-dab6-49b3-9cd4-dfd962afc5b6-groupManagement] INFO  server.RaftServerConfigKeys (ConfUtils.java:logGet(46)) - raft.server.log.segment.size.max = 67108864 (custom)
2024-03-04 12:55:40,758 [da245a40-dab6-49b3-9cd4-dfd962afc5b6-groupManagement] INFO  server.RaftServerConfigKeys (ConfUtils.java:logGet(46)) - raft.server.log.preallocated.size = 4194304 (custom)
2024-03-04 12:55:40,759 [da245a40-dab6-49b3-9cd4-dfd962afc5b6-groupManagement] INFO  server.RaftServerConfigKeys (ConfUtils.java:logGet(46)) - raft.server.log.force.sync.num = 128 (default)
2024-03-04 12:55:40,759 [da245a40-dab6-49b3-9cd4-dfd962afc5b6-groupManagement] INFO  server.RaftServerConfigKeys (ConfUtils.java:logGet(46)) - raft.server.log.statemachine.data.sync = true (default)
2024-03-04 12:55:40,759 [da245a40-dab6-49b3-9cd4-dfd962afc5b6-groupManagement] INFO  server.RaftServerConfigKeys (ConfUtils.java:logGet(46)) - raft.server.log.statemachine.data.sync.timeout = 10s (default)
2024-03-04 12:55:40,759 [da245a40-dab6-49b3-9cd4-dfd962afc5b6-groupManagement] INFO  server.RaftServerConfigKeys (ConfUtils.java:logGet(46)) - raft.server.log.statemachine.data.sync.timeout.retry = 0 (custom)
2024-03-04 12:55:40,759 [da245a40-dab6-49b3-9cd4-dfd962afc5b6-groupManagement] INFO  server.RaftServerConfigKeys (ConfUtils.java:logGet(46)) - raft.server.log.write.buffer.size = 8388616 (custom)
2024-03-04 12:55:40,762 [da245a40-dab6-49b3-9cd4-dfd962afc5b6-groupManagement] INFO  server.RaftServerConfigKeys (ConfUtils.java:logGet(46)) - raft.server.log.appender.buffer.byte-limit = 8388608 (custom)
2024-03-04 12:55:40,762 [da245a40-dab6-49b3-9cd4-dfd962afc5b6-groupManagement] INFO  server.RaftServerConfigKeys (ConfUtils.java:logGet(46)) - raft.server.log.unsafe-flush.enabled = false (default)
2024-03-04 12:55:40,762 [da245a40-dab6-49b3-9cd4-dfd962afc5b6-groupManagement] INFO  server.RaftServerConfigKeys (ConfUtils.java:logGet(46)) - raft.server.log.async-flush.enabled = false (default)
2024-03-04 12:55:40,763 [da245a40-dab6-49b3-9cd4-dfd962afc5b6-groupManagement] INFO  server.RaftServerConfigKeys (ConfUtils.java:logGet(46)) - raft.server.log.statemachine.data.caching.enabled = true (custom)
2024-03-04 12:55:40,763 [da245a40-dab6-49b3-9cd4-dfd962afc5b6-groupManagement] INFO  segmented.SegmentedRaftLogWorker (SegmentedRaftLogWorker.java:lambda$new$0(134)) - da245a40-dab6-49b3-9cd4-dfd962afc5b6@group-AC597F898EC4-SegmentedRaftLogWorker: flushIndex: setUnconditionally 0 -> -1
2024-03-04 12:55:40,763 [da245a40-dab6-49b3-9cd4-dfd962afc5b6-groupManagement] INFO  segmented.SegmentedRaftLogWorker (SegmentedRaftLogWorker.java:lambda$new$0(134)) - da245a40-dab6-49b3-9cd4-dfd962afc5b6@group-AC597F898EC4-SegmentedRaftLogWorker: safeCacheEvictIndex: setUnconditionally 0 -> -1
2024-03-04 12:55:40,764 [da245a40-dab6-49b3-9cd4-dfd962afc5b6-groupManagement] INFO  server.RaftServer$Division (RaftServerImpl.java:start(396)) - da245a40-dab6-49b3-9cd4-dfd962afc5b6@group-AC597F898EC4: start as a follower, conf=-1: peers:[da245a40-dab6-49b3-9cd4-dfd962afc5b6|10.1.0.12:15117]|listeners:[], old=null
2024-03-04 12:55:40,764 [da245a40-dab6-49b3-9cd4-dfd962afc5b6-groupManagement] INFO  server.RaftServer$Division (RaftServerImpl.java:setRole(383)) - da245a40-dab6-49b3-9cd4-dfd962afc5b6@group-AC597F898EC4: changes role from      null to FOLLOWER at term 0 for startAsFollower
2024-03-04 12:55:40,764 [da245a40-dab6-49b3-9cd4-dfd962afc5b6-groupManagement] INFO  impl.RoleInfo (RoleInfo.java:updateAndGet(139)) - da245a40-dab6-49b3-9cd4-dfd962afc5b6: start da245a40-dab6-49b3-9cd4-dfd962afc5b6@group-AC597F898EC4-FollowerState
2024-03-04 12:55:40,765 [da245a40-dab6-49b3-9cd4-dfd962afc5b6-groupManagement] INFO  util.JmxRegister (JmxRegister.java:tryRegister(44)) - Successfully registered JMX Bean with object name Ratis:service=RaftServer,group=group-AC597F898EC4,id=da245a40-dab6-49b3-9cd4-dfd962afc5b6
2024-03-04 12:55:40,765 [da245a40-dab6-49b3-9cd4-dfd962afc5b6-groupManagement] INFO  server.RaftServerConfigKeys (ConfUtils.java:logGet(46)) - raft.server.snapshot.trigger-when-stop.enabled = true (default)
2024-03-04 12:55:40,765 [da245a40-dab6-49b3-9cd4-dfd962afc5b6-groupManagement] INFO  server.RaftServerConfigKeys (ConfUtils.java:logGet(46)) - raft.server.snapshot.auto.trigger.enabled = true (custom)
2024-03-04 12:55:40,765 [da245a40-dab6-49b3-9cd4-dfd962afc5b6-groupManagement] INFO  server.RaftServerConfigKeys (ConfUtils.java:logGet(46)) - raft.server.snapshot.auto.trigger.threshold = 10000 (custom)
2024-03-04 12:55:40,765 [da245a40-dab6-49b3-9cd4-dfd962afc5b6-groupManagement] INFO  server.RaftServerConfigKeys (ConfUtils.java:logGet(46)) - raft.server.snapshot.retention.file.num = 5 (custom)
2024-03-04 12:55:40,766 [da245a40-dab6-49b3-9cd4-dfd962afc5b6-groupManagement] INFO  server.RaftServerConfigKeys (ConfUtils.java:logGet(46)) - raft.server.log.purge.upto.snapshot.index = false (default)
2024-03-04 12:55:40,766 [da245a40-dab6-49b3-9cd4-dfd962afc5b6@group-AC597F898EC4-FollowerState] INFO  server.RaftServerConfigKeys (ConfUtils.java:logFallback(53)) - raft.server.rpc.first-election.timeout.min = 5s (fallback to raft.server.rpc.timeout.min)
2024-03-04 12:55:40,766 [da245a40-dab6-49b3-9cd4-dfd962afc5b6@group-AC597F898EC4-FollowerState] INFO  server.RaftServerConfigKeys (ConfUtils.java:logFallback(53)) - raft.server.rpc.first-election.timeout.max = 5200ms (fallback to raft.server.rpc.timeout.max)
2024-03-04 12:55:40,766 [da245a40-dab6-49b3-9cd4-dfd962afc5b6-PipelineCommandHandlerThread-0] INFO  ratis.XceiverServerRatis (XceiverServerRatis.java:addGroup(864)) - Created group PipelineID=2063775f-89cb-4c11-98e0-ac597f898ec4
2024-03-04 12:55:40,766 [da245a40-dab6-49b3-9cd4-dfd962afc5b6-PipelineCommandHandlerThread-0] INFO  commandhandler.CreatePipelineCommandHandler (CreatePipelineCommandHandler.java:lambda$handle$2(124)) - Created Pipeline RATIS ONE PipelineID=2063775f-89cb-4c11-98e0-ac597f898ec4.
2024-03-04 12:55:40,830 [00bce28b-f3a7-4d13-8bf8-b8e0995a094e-PipelineCommandHandlerThread-0] INFO  server.RaftServer (RaftServerProxy.java:addNew(100)) - 00bce28b-f3a7-4d13-8bf8-b8e0995a094e: addNew group-396CC7340946:[00bce28b-f3a7-4d13-8bf8-b8e0995a094e|10.1.0.12:15126] returns group-396CC7340946:java.util.concurrent.CompletableFuture@55caa9a2[Not completed]
2024-03-04 12:55:40,830 [00bce28b-f3a7-4d13-8bf8-b8e0995a094e-groupManagement] INFO  server.RaftServer$Division (RaftServerImpl.java:<init>(256)) - 00bce28b-f3a7-4d13-8bf8-b8e0995a094e: new RaftServerImpl for group-396CC7340946:[00bce28b-f3a7-4d13-8bf8-b8e0995a094e|10.1.0.12:15126] with ContainerStateMachine:uninitialized
2024-03-04 12:55:40,831 [00bce28b-f3a7-4d13-8bf8-b8e0995a094e-groupManagement] INFO  server.RaftServerConfigKeys (ConfUtils.java:logGet(46)) - raft.server.rpc.timeout.min = 5s (custom)
2024-03-04 12:55:40,831 [00bce28b-f3a7-4d13-8bf8-b8e0995a094e-groupManagement] INFO  server.RaftServerConfigKeys (ConfUtils.java:logGet(46)) - raft.server.rpc.timeout.max = 5200ms (custom)
2024-03-04 12:55:40,831 [00bce28b-f3a7-4d13-8bf8-b8e0995a094e-groupManagement] INFO  server.RaftServerConfigKeys (ConfUtils.java:logGet(46)) - raft.server.rpc.sleep.time = 25ms (default)
2024-03-04 12:55:40,831 [00bce28b-f3a7-4d13-8bf8-b8e0995a094e-groupManagement] INFO  server.RaftServerConfigKeys (ConfUtils.java:logGet(46)) - raft.server.rpc.slowness.timeout = 300s (custom)
2024-03-04 12:55:40,831 [00bce28b-f3a7-4d13-8bf8-b8e0995a094e-groupManagement] INFO  server.RaftServerConfigKeys (ConfUtils.java:logGet(46)) - raft.server.leaderelection.leader.step-down.wait-time = 10s (default)
2024-03-04 12:55:40,831 [00bce28b-f3a7-4d13-8bf8-b8e0995a094e-groupManagement] INFO  server.RaftServerConfigKeys (ConfUtils.java:logGet(46)) - raft.server.leaderelection.member.majority-add = false (default)
2024-03-04 12:55:40,831 [00bce28b-f3a7-4d13-8bf8-b8e0995a094e-groupManagement] INFO  server.RaftServerConfigKeys (ConfUtils.java:logGet(46)) - raft.server.sleep.deviation.threshold = 300ms (default)
2024-03-04 12:55:40,831 [00bce28b-f3a7-4d13-8bf8-b8e0995a094e-groupManagement] INFO  server.RaftServer$Division (ServerState.java:<init>(113)) - 00bce28b-f3a7-4d13-8bf8-b8e0995a094e@group-396CC7340946: ConfigurationManager, init=-1: peers:[00bce28b-f3a7-4d13-8bf8-b8e0995a094e|10.1.0.12:15126]|listeners:[], old=null, confs=<EMPTY_MAP>
2024-03-04 12:55:40,831 [00bce28b-f3a7-4d13-8bf8-b8e0995a094e-groupManagement] INFO  server.RaftServerConfigKeys (ConfUtils.java:logGet(46)) - raft.server.notification.no-leader.timeout = 300s (custom)
2024-03-04 12:55:40,831 [00bce28b-f3a7-4d13-8bf8-b8e0995a094e-groupManagement] INFO  server.RaftServerConfigKeys (ConfUtils.java:logGet(46)) - raft.server.read.timeout = 10s (default)
2024-03-04 12:55:40,831 [00bce28b-f3a7-4d13-8bf8-b8e0995a094e-groupManagement] INFO  server.RaftServerConfigKeys (ConfUtils.java:logGet(46)) - raft.server.retrycache.expirytime = 600000ms (custom)
2024-03-04 12:55:40,831 [00bce28b-f3a7-4d13-8bf8-b8e0995a094e-groupManagement] INFO  server.RaftServerConfigKeys (ConfUtils.java:logGet(46)) - raft.server.retrycache.statistics.expirytime = 100ms (default)
2024-03-04 12:55:40,831 [00bce28b-f3a7-4d13-8bf8-b8e0995a094e-groupManagement] INFO  server.RaftServerConfigKeys (ConfUtils.java:logGet(46)) - raft.server.read.option = DEFAULT (default)
2024-03-04 12:55:40,831 [00bce28b-f3a7-4d13-8bf8-b8e0995a094e-groupManagement] INFO  server.RaftServerConfigKeys (ConfUtils.java:logGet(46)) - raft.server.read.read-after-write-consistent.write-index-cache.expiry-time = 60s (default)
2024-03-04 12:55:40,833 [00bce28b-f3a7-4d13-8bf8-b8e0995a094e-groupManagement] INFO  server.RaftServerConfigKeys (ConfUtils.java:logGet(46)) - raft.server.rpc.request.timeout = 60s (custom)
2024-03-04 12:55:40,833 [00bce28b-f3a7-4d13-8bf8-b8e0995a094e-groupManagement] INFO  server.RaftServerConfigKeys (ConfUtils.java:logGet(46)) - raft.server.log.appender.install.snapshot.enabled = false (custom)
2024-03-04 12:55:40,833 [00bce28b-f3a7-4d13-8bf8-b8e0995a094e-groupManagement] INFO  server.RaftServerConfigKeys (ConfUtils.java:logGet(46)) - raft.server.threadpool.server.cached = true (default)
2024-03-04 12:55:40,833 [00bce28b-f3a7-4d13-8bf8-b8e0995a094e-groupManagement] INFO  server.RaftServerConfigKeys (ConfUtils.java:logGet(46)) - raft.server.threadpool.server.size = 0 (default)
2024-03-04 12:55:40,833 [00bce28b-f3a7-4d13-8bf8-b8e0995a094e-groupManagement] INFO  server.RaftServerConfigKeys (ConfUtils.java:logGet(46)) - raft.server.threadpool.client.cached = true (default)
2024-03-04 12:55:40,833 [00bce28b-f3a7-4d13-8bf8-b8e0995a094e-groupManagement] INFO  server.RaftServerConfigKeys (ConfUtils.java:logGet(46)) - raft.server.threadpool.client.size = 0 (default)
2024-03-04 12:55:40,833 [00bce28b-f3a7-4d13-8bf8-b8e0995a094e-groupManagement] INFO  server.RaftServerConfigKeys (ConfUtils.java:logGet(46)) - raft.server.storage.free-space.min = 0MB (=0) (default)
2024-03-04 12:55:40,833 [00bce28b-f3a7-4d13-8bf8-b8e0995a094e-groupManagement] INFO  server.RaftServerConfigKeys (ConfUtils.java:logGet(46)) - raft.server.log.corruption.policy = EXCEPTION (default)
2024-03-04 12:55:40,833 [00bce28b-f3a7-4d13-8bf8-b8e0995a094e-groupManagement] INFO  server.RaftServerConfigKeys (ConfUtils.java:logGet(46)) - raft.server.storage.dir = [/home/runner/work/ozone/ozone/hadoop-ozone/integration-test/target/test-dir/MiniOzoneClusterImpl-5dfaf9ee-e84d-4a0a-b307-fdee3dcb636e/ozone-meta/datanode-3/ratis] (custom)
2024-03-04 12:55:40,833 [00bce28b-f3a7-4d13-8bf8-b8e0995a094e-groupManagement] INFO  storage.RaftStorageDirectory (RaftStorageDirectoryImpl.java:analyzeStorage(138)) - The storage directory /home/runner/work/ozone/ozone/hadoop-ozone/integration-test/target/test-dir/MiniOzoneClusterImpl-5dfaf9ee-e84d-4a0a-b307-fdee3dcb636e/ozone-meta/datanode-3/ratis/4b10d254-4f84-4f63-a75e-396cc7340946 does not exist. Creating ...
2024-03-04 12:55:40,834 [main] INFO  ozone.MiniOzoneClusterImpl (MiniOzoneClusterImpl.java:lambda$waitForClusterToBeReady$0(194)) - Nodes are ready. Got 3 of 3 DN Heartbeats.
2024-03-04 12:55:40,834 [main] INFO  ozone.MiniOzoneClusterImpl (MiniOzoneClusterImpl.java:lambda$waitForClusterToBeReady$0(197)) - Waiting for cluster to exit safe mode
2024-03-04 12:55:40,834 [main] INFO  ozone.MiniOzoneClusterImpl (MiniOzoneClusterImpl.java:lambda$waitForClusterToBeReady$0(199)) - SCM became leader
2024-03-04 12:55:40,834 [00bce28b-f3a7-4d13-8bf8-b8e0995a094e-groupManagement] INFO  storage.RaftStorageDirectory (RaftStorageDirectoryImpl.java:tryLock(228)) - Lock on /home/runner/work/ozone/ozone/hadoop-ozone/integration-test/target/test-dir/MiniOzoneClusterImpl-5dfaf9ee-e84d-4a0a-b307-fdee3dcb636e/ozone-meta/datanode-3/ratis/4b10d254-4f84-4f63-a75e-396cc7340946/in_use.lock acquired by nodename 41993@fv-az571-795
2024-03-04 12:55:40,835 [00bce28b-f3a7-4d13-8bf8-b8e0995a094e-groupManagement] INFO  storage.RaftStorage (RaftStorageImpl.java:format(99)) - Storage directory /home/runner/work/ozone/ozone/hadoop-ozone/integration-test/target/test-dir/MiniOzoneClusterImpl-5dfaf9ee-e84d-4a0a-b307-fdee3dcb636e/ozone-meta/datanode-3/ratis/4b10d254-4f84-4f63-a75e-396cc7340946 has been successfully formatted.
2024-03-04 12:55:40,835 [00bce28b-f3a7-4d13-8bf8-b8e0995a094e-groupManagement] WARN  util.FileUtils (LogUtils.java:supplyAndLog(63)) - Failed to Files.newInputStream /home/runner/work/ozone/ozone/hadoop-ozone/integration-test/target/test-dir/MiniOzoneClusterImpl-5dfaf9ee-e84d-4a0a-b307-fdee3dcb636e/ozone-meta/datanode-3/ratis/4b10d254-4f84-4f63-a75e-396cc7340946/current/raft-meta.conf with options []: java.nio.file.NoSuchFileException: /home/runner/work/ozone/ozone/hadoop-ozone/integration-test/target/test-dir/MiniOzoneClusterImpl-5dfaf9ee-e84d-4a0a-b307-fdee3dcb636e/ozone-meta/datanode-3/ratis/4b10d254-4f84-4f63-a75e-396cc7340946/current/raft-meta.conf
2024-03-04 12:55:40,835 [00bce28b-f3a7-4d13-8bf8-b8e0995a094e-groupManagement] INFO  ratis.ContainerStateMachine (ContainerStateMachine.java:loadSnapshot(287)) - group-396CC7340946: The snapshot info is null. Setting the last applied index to:(t:0, i:~)
2024-03-04 12:55:40,835 [00bce28b-f3a7-4d13-8bf8-b8e0995a094e-groupManagement] INFO  server.RaftServerConfigKeys (ConfUtils.java:logGet(46)) - raft.server.log.use.memory = false (default)
2024-03-04 12:55:40,836 [00bce28b-f3a7-4d13-8bf8-b8e0995a094e-groupManagement] INFO  server.RaftServerConfigKeys (ConfUtils.java:logGet(46)) - raft.server.log.purge.gap = 1000000 (custom)
2024-03-04 12:55:40,836 [00bce28b-f3a7-4d13-8bf8-b8e0995a094e-groupManagement] INFO  server.RaftServerConfigKeys (ConfUtils.java:logGet(46)) - raft.server.log.appender.buffer.byte-limit = 8388608 (custom)
2024-03-04 12:55:40,836 [00bce28b-f3a7-4d13-8bf8-b8e0995a094e-groupManagement] INFO  server.RaftServerConfigKeys (ConfUtils.java:logGet(46)) - raft.server.log.statemachine.data.read.timeout = 1000ms (default)
2024-03-04 12:55:40,837 [00bce28b-f3a7-4d13-8bf8-b8e0995a094e-groupManagement] INFO  server.RaftServerConfigKeys (ConfUtils.java:logGet(46)) - raft.server.log.purge.preservation.log.num = 0 (default)
2024-03-04 12:55:40,837 [EventQueue-PipelineReportForPipelineReportHandler] INFO  pipeline.PipelineReportHandler (PipelineReportHandler.java:processPipelineReport(136)) - Opened pipeline PipelineID=4b10d254-4f84-4f63-a75e-396cc7340946
2024-03-04 12:55:40,837 [EventQueue-OpenPipelineForHealthyPipelineSafeModeRule] INFO  safemode.SCMSafeModeManager (HealthyPipelineSafeModeRule.java:process(140)) - SCM in safe mode. Healthy pipelines reported count is 0, required healthy pipeline reported count is 1
2024-03-04 12:55:40,838 [00bce28b-f3a7-4d13-8bf8-b8e0995a094e-groupManagement] INFO  server.RaftServerConfigKeys (ConfUtils.java:logGet(46)) - raft.server.log.segment.size.max = 67108864 (custom)
2024-03-04 12:55:40,838 [00bce28b-f3a7-4d13-8bf8-b8e0995a094e-groupManagement] INFO  server.RaftServerConfigKeys (ConfUtils.java:logGet(46)) - raft.server.log.segment.cache.num.max = 2 (custom)
2024-03-04 12:55:40,838 [00bce28b-f3a7-4d13-8bf8-b8e0995a094e-groupManagement] INFO  server.RaftServerConfigKeys (ConfUtils.java:logGet(46)) - raft.server.log.segment.cache.size.max = 200MB (=209715200) (default)
2024-03-04 12:55:40,838 [00bce28b-f3a7-4d13-8bf8-b8e0995a094e-groupManagement] INFO  server.RaftServerConfigKeys (ConfUtils.java:logGet(46)) - raft.server.log.appender.buffer.byte-limit = 8388608 (custom)
2024-03-04 12:55:40,838 [00bce28b-f3a7-4d13-8bf8-b8e0995a094e-groupManagement] INFO  util.AwaitToRun (AwaitToRun.java:start(81)) - Thread[00bce28b-f3a7-4d13-8bf8-b8e0995a094e@group-396CC7340946-cacheEviction-AwaitToRun,5,main] started
2024-03-04 12:55:40,838 [00bce28b-f3a7-4d13-8bf8-b8e0995a094e-groupManagement] INFO  segmented.SegmentedRaftLogWorker (SegmentedRaftLogWorker.java:<init>(182)) - new 00bce28b-f3a7-4d13-8bf8-b8e0995a094e@group-396CC7340946-SegmentedRaftLogWorker for RaftStorageImpl:Storage Directory /home/runner/work/ozone/ozone/hadoop-ozone/integration-test/target/test-dir/MiniOzoneClusterImpl-5dfaf9ee-e84d-4a0a-b307-fdee3dcb636e/ozone-meta/datanode-3/ratis/4b10d254-4f84-4f63-a75e-396cc7340946
2024-03-04 12:55:40,838 [00bce28b-f3a7-4d13-8bf8-b8e0995a094e-groupManagement] INFO  server.RaftServerConfigKeys (ConfUtils.java:logGet(46)) - raft.server.log.queue.byte-limit = 4294967296 (custom)
2024-03-04 12:55:40,838 [00bce28b-f3a7-4d13-8bf8-b8e0995a094e-groupManagement] INFO  server.RaftServerConfigKeys (ConfUtils.java:logGet(46)) - raft.server.log.queue.element-limit = 1024 (custom)
2024-03-04 12:55:40,838 [00bce28b-f3a7-4d13-8bf8-b8e0995a094e-groupManagement] INFO  server.RaftServerConfigKeys (ConfUtils.java:logGet(46)) - raft.server.log.segment.size.max = 67108864 (custom)
2024-03-04 12:55:40,838 [00bce28b-f3a7-4d13-8bf8-b8e0995a094e-groupManagement] INFO  server.RaftServerConfigKeys (ConfUtils.java:logGet(46)) - raft.server.log.preallocated.size = 4194304 (custom)
2024-03-04 12:55:40,839 [00bce28b-f3a7-4d13-8bf8-b8e0995a094e-groupManagement] INFO  server.RaftServerConfigKeys (ConfUtils.java:logGet(46)) - raft.server.log.force.sync.num = 128 (default)
2024-03-04 12:55:40,839 [00bce28b-f3a7-4d13-8bf8-b8e0995a094e-groupManagement] INFO  server.RaftServerConfigKeys (ConfUtils.java:logGet(46)) - raft.server.log.statemachine.data.sync = true (default)
2024-03-04 12:55:40,839 [00bce28b-f3a7-4d13-8bf8-b8e0995a094e-groupManagement] INFO  server.RaftServerConfigKeys (ConfUtils.java:logGet(46)) - raft.server.log.statemachine.data.sync.timeout = 10s (default)
2024-03-04 12:55:40,839 [00bce28b-f3a7-4d13-8bf8-b8e0995a094e-groupManagement] INFO  server.RaftServerConfigKeys (ConfUtils.java:logGet(46)) - raft.server.log.statemachine.data.sync.timeout.retry = 0 (custom)
2024-03-04 12:55:40,839 [00bce28b-f3a7-4d13-8bf8-b8e0995a094e-groupManagement] INFO  server.RaftServerConfigKeys (ConfUtils.java:logGet(46)) - raft.server.log.write.buffer.size = 8388616 (custom)
2024-03-04 12:55:40,841 [00bce28b-f3a7-4d13-8bf8-b8e0995a094e-groupManagement] INFO  server.RaftServerConfigKeys (ConfUtils.java:logGet(46)) - raft.server.log.appender.buffer.byte-limit = 8388608 (custom)
2024-03-04 12:55:40,841 [00bce28b-f3a7-4d13-8bf8-b8e0995a094e-groupManagement] INFO  server.RaftServerConfigKeys (ConfUtils.java:logGet(46)) - raft.server.log.unsafe-flush.enabled = false (default)
2024-03-04 12:55:40,841 [00bce28b-f3a7-4d13-8bf8-b8e0995a094e-groupManagement] INFO  server.RaftServerConfigKeys (ConfUtils.java:logGet(46)) - raft.server.log.async-flush.enabled = false (default)
2024-03-04 12:55:40,841 [00bce28b-f3a7-4d13-8bf8-b8e0995a094e-groupManagement] INFO  server.RaftServerConfigKeys (ConfUtils.java:logGet(46)) - raft.server.log.statemachine.data.caching.enabled = true (custom)
2024-03-04 12:55:40,841 [00bce28b-f3a7-4d13-8bf8-b8e0995a094e-groupManagement] INFO  segmented.SegmentedRaftLogWorker (SegmentedRaftLogWorker.java:lambda$new$0(134)) - 00bce28b-f3a7-4d13-8bf8-b8e0995a094e@group-396CC7340946-SegmentedRaftLogWorker: flushIndex: setUnconditionally 0 -> -1
2024-03-04 12:55:40,841 [00bce28b-f3a7-4d13-8bf8-b8e0995a094e-groupManagement] INFO  segmented.SegmentedRaftLogWorker (SegmentedRaftLogWorker.java:lambda$new$0(134)) - 00bce28b-f3a7-4d13-8bf8-b8e0995a094e@group-396CC7340946-SegmentedRaftLogWorker: safeCacheEvictIndex: setUnconditionally 0 -> -1
2024-03-04 12:55:40,841 [00bce28b-f3a7-4d13-8bf8-b8e0995a094e-groupManagement] INFO  server.RaftServer$Division (RaftServerImpl.java:start(396)) - 00bce28b-f3a7-4d13-8bf8-b8e0995a094e@group-396CC7340946: start as a follower, conf=-1: peers:[00bce28b-f3a7-4d13-8bf8-b8e0995a094e|10.1.0.12:15126]|listeners:[], old=null
2024-03-04 12:55:40,841 [00bce28b-f3a7-4d13-8bf8-b8e0995a094e-groupManagement] INFO  server.RaftServer$Division (RaftServerImpl.java:setRole(383)) - 00bce28b-f3a7-4d13-8bf8-b8e0995a094e@group-396CC7340946: changes role from      null to FOLLOWER at term 0 for startAsFollower
2024-03-04 12:55:40,841 [00bce28b-f3a7-4d13-8bf8-b8e0995a094e-groupManagement] INFO  impl.RoleInfo (RoleInfo.java:updateAndGet(139)) - 00bce28b-f3a7-4d13-8bf8-b8e0995a094e: start 00bce28b-f3a7-4d13-8bf8-b8e0995a094e@group-396CC7340946-FollowerState
2024-03-04 12:55:40,842 [00bce28b-f3a7-4d13-8bf8-b8e0995a094e@group-396CC7340946-FollowerState] INFO  server.RaftServerConfigKeys (ConfUtils.java:logFallback(53)) - raft.server.rpc.first-election.timeout.min = 5s (fallback to raft.server.rpc.timeout.min)
2024-03-04 12:55:40,842 [00bce28b-f3a7-4d13-8bf8-b8e0995a094e-groupManagement] INFO  util.JmxRegister (JmxRegister.java:tryRegister(44)) - Successfully registered JMX Bean with object name Ratis:service=RaftServer,group=group-396CC7340946,id=00bce28b-f3a7-4d13-8bf8-b8e0995a094e
2024-03-04 12:55:40,842 [00bce28b-f3a7-4d13-8bf8-b8e0995a094e-groupManagement] INFO  server.RaftServerConfigKeys (ConfUtils.java:logGet(46)) - raft.server.snapshot.trigger-when-stop.enabled = true (default)
2024-03-04 12:55:40,842 [00bce28b-f3a7-4d13-8bf8-b8e0995a094e-groupManagement] INFO  server.RaftServerConfigKeys (ConfUtils.java:logGet(46)) - raft.server.snapshot.auto.trigger.enabled = true (custom)
2024-03-04 12:55:40,842 [00bce28b-f3a7-4d13-8bf8-b8e0995a094e-groupManagement] INFO  server.RaftServerConfigKeys (ConfUtils.java:logGet(46)) - raft.server.snapshot.auto.trigger.threshold = 10000 (custom)
2024-03-04 12:55:40,842 [00bce28b-f3a7-4d13-8bf8-b8e0995a094e-groupManagement] INFO  server.RaftServerConfigKeys (ConfUtils.java:logGet(46)) - raft.server.snapshot.retention.file.num = 5 (custom)
2024-03-04 12:55:40,842 [00bce28b-f3a7-4d13-8bf8-b8e0995a094e-groupManagement] INFO  server.RaftServerConfigKeys (ConfUtils.java:logGet(46)) - raft.server.log.purge.upto.snapshot.index = false (default)
2024-03-04 12:55:40,843 [00bce28b-f3a7-4d13-8bf8-b8e0995a094e@group-396CC7340946-FollowerState] INFO  server.RaftServerConfigKeys (ConfUtils.java:logFallback(53)) - raft.server.rpc.first-election.timeout.max = 5200ms (fallback to raft.server.rpc.timeout.max)
2024-03-04 12:55:40,843 [00bce28b-f3a7-4d13-8bf8-b8e0995a094e-PipelineCommandHandlerThread-0] INFO  ratis.XceiverServerRatis (XceiverServerRatis.java:addGroup(864)) - Created group PipelineID=4b10d254-4f84-4f63-a75e-396cc7340946
2024-03-04 12:55:40,843 [00bce28b-f3a7-4d13-8bf8-b8e0995a094e-PipelineCommandHandlerThread-0] INFO  commandhandler.CreatePipelineCommandHandler (CreatePipelineCommandHandler.java:lambda$handle$2(124)) - Created Pipeline RATIS ONE PipelineID=4b10d254-4f84-4f63-a75e-396cc7340946.
2024-03-04 12:55:41,834 [main] INFO  ozone.MiniOzoneClusterImpl (MiniOzoneClusterImpl.java:lambda$waitForClusterToBeReady$0(194)) - Nodes are ready. Got 3 of 3 DN Heartbeats.
2024-03-04 12:55:41,834 [main] INFO  ozone.MiniOzoneClusterImpl (MiniOzoneClusterImpl.java:lambda$waitForClusterToBeReady$0(197)) - Waiting for cluster to exit safe mode
2024-03-04 12:55:41,835 [main] INFO  ozone.MiniOzoneClusterImpl (MiniOzoneClusterImpl.java:lambda$waitForClusterToBeReady$0(199)) - SCM became leader
2024-03-04 12:55:42,835 [main] INFO  ozone.MiniOzoneClusterImpl (MiniOzoneClusterImpl.java:lambda$waitForClusterToBeReady$0(194)) - Nodes are ready. Got 3 of 3 DN Heartbeats.
2024-03-04 12:55:42,835 [main] INFO  ozone.MiniOzoneClusterImpl (MiniOzoneClusterImpl.java:lambda$waitForClusterToBeReady$0(197)) - Waiting for cluster to exit safe mode
2024-03-04 12:55:42,835 [main] INFO  ozone.MiniOzoneClusterImpl (MiniOzoneClusterImpl.java:lambda$waitForClusterToBeReady$0(199)) - SCM became leader
2024-03-04 12:55:43,835 [main] INFO  ozone.MiniOzoneClusterImpl (MiniOzoneClusterImpl.java:lambda$waitForClusterToBeReady$0(194)) - Nodes are ready. Got 3 of 3 DN Heartbeats.
2024-03-04 12:55:43,836 [main] INFO  ozone.MiniOzoneClusterImpl (MiniOzoneClusterImpl.java:lambda$waitForClusterToBeReady$0(197)) - Waiting for cluster to exit safe mode
2024-03-04 12:55:43,836 [main] INFO  ozone.MiniOzoneClusterImpl (MiniOzoneClusterImpl.java:lambda$waitForClusterToBeReady$0(199)) - SCM became leader
2024-03-04 12:55:44,836 [main] INFO  ozone.MiniOzoneClusterImpl (MiniOzoneClusterImpl.java:lambda$waitForClusterToBeReady$0(194)) - Nodes are ready. Got 3 of 3 DN Heartbeats.
2024-03-04 12:55:44,836 [main] INFO  ozone.MiniOzoneClusterImpl (MiniOzoneClusterImpl.java:lambda$waitForClusterToBeReady$0(197)) - Waiting for cluster to exit safe mode
2024-03-04 12:55:44,836 [main] INFO  ozone.MiniOzoneClusterImpl (MiniOzoneClusterImpl.java:lambda$waitForClusterToBeReady$0(199)) - SCM became leader
2024-03-04 12:55:45,673 [b3e6aaac-f754-418b-8ee3-735c124d2005@group-677284420DA1-FollowerState] INFO  impl.FollowerState (FollowerState.java:run(143)) - b3e6aaac-f754-418b-8ee3-735c124d2005@group-677284420DA1-FollowerState: change to CANDIDATE, lastRpcElapsedTime:5051472938ns, electionTimeout:5051ms
2024-03-04 12:55:45,673 [b3e6aaac-f754-418b-8ee3-735c124d2005@group-677284420DA1-FollowerState] INFO  impl.RoleInfo (RoleInfo.java:shutdownFollowerState(110)) - b3e6aaac-f754-418b-8ee3-735c124d2005: shutdown b3e6aaac-f754-418b-8ee3-735c124d2005@group-677284420DA1-FollowerState
2024-03-04 12:55:45,673 [b3e6aaac-f754-418b-8ee3-735c124d2005@group-677284420DA1-FollowerState] INFO  server.RaftServer$Division (RaftServerImpl.java:setRole(383)) - b3e6aaac-f754-418b-8ee3-735c124d2005@group-677284420DA1: changes role from  FOLLOWER to CANDIDATE at term 0 for changeToCandidate
2024-03-04 12:55:45,673 [b3e6aaac-f754-418b-8ee3-735c124d2005@group-677284420DA1-FollowerState] INFO  server.RaftServerConfigKeys (ConfUtils.java:logGet(46)) - raft.server.leaderelection.pre-vote = true (default)
2024-03-04 12:55:45,674 [b3e6aaac-f754-418b-8ee3-735c124d2005@group-677284420DA1-FollowerState] INFO  impl.RoleInfo (RoleInfo.java:updateAndGet(139)) - b3e6aaac-f754-418b-8ee3-735c124d2005: start b3e6aaac-f754-418b-8ee3-735c124d2005@group-677284420DA1-LeaderElection24
2024-03-04 12:55:45,675 [b3e6aaac-f754-418b-8ee3-735c124d2005@group-677284420DA1-LeaderElection24] INFO  impl.LeaderElection (LeaderElection.java:askForVotes(321)) - b3e6aaac-f754-418b-8ee3-735c124d2005@group-677284420DA1-LeaderElection24 PRE_VOTE round 0: submit vote requests at term 0 for -1: peers:[b3e6aaac-f754-418b-8ee3-735c124d2005|10.1.0.12:15108]|listeners:[], old=null
2024-03-04 12:55:45,675 [b3e6aaac-f754-418b-8ee3-735c124d2005@group-677284420DA1-LeaderElection24] INFO  impl.LeaderElection (LeaderElection.java:askForVotes(323)) - b3e6aaac-f754-418b-8ee3-735c124d2005@group-677284420DA1-LeaderElection24 PRE_VOTE round 0: result PASSED (term=0)
2024-03-04 12:55:45,676 [b3e6aaac-f754-418b-8ee3-735c124d2005@group-677284420DA1-LeaderElection24] INFO  impl.LeaderElection (LeaderElection.java:askForVotes(321)) - b3e6aaac-f754-418b-8ee3-735c124d2005@group-677284420DA1-LeaderElection24 ELECTION round 0: submit vote requests at term 1 for -1: peers:[b3e6aaac-f754-418b-8ee3-735c124d2005|10.1.0.12:15108]|listeners:[], old=null
2024-03-04 12:55:45,677 [b3e6aaac-f754-418b-8ee3-735c124d2005@group-677284420DA1-LeaderElection24] INFO  impl.LeaderElection (LeaderElection.java:askForVotes(323)) - b3e6aaac-f754-418b-8ee3-735c124d2005@group-677284420DA1-LeaderElection24 ELECTION round 0: result PASSED (term=1)
2024-03-04 12:55:45,677 [b3e6aaac-f754-418b-8ee3-735c124d2005@group-677284420DA1-LeaderElection24] INFO  impl.RoleInfo (RoleInfo.java:shutdownLeaderElection(130)) - b3e6aaac-f754-418b-8ee3-735c124d2005: shutdown b3e6aaac-f754-418b-8ee3-735c124d2005@group-677284420DA1-LeaderElection24
2024-03-04 12:55:45,677 [b3e6aaac-f754-418b-8ee3-735c124d2005@group-677284420DA1-LeaderElection24] INFO  server.RaftServer$Division (RaftServerImpl.java:setRole(383)) - b3e6aaac-f754-418b-8ee3-735c124d2005@group-677284420DA1: changes role from CANDIDATE to LEADER at term 1 for changeToLeader
2024-03-04 12:55:45,677 [b3e6aaac-f754-418b-8ee3-735c124d2005@group-677284420DA1-LeaderElection24] INFO  server.RaftServerConfigKeys (ConfUtils.java:logGet(46)) - raft.server.staging.catchup.gap = 1000 (default)
2024-03-04 12:55:45,677 [b3e6aaac-f754-418b-8ee3-735c124d2005@group-677284420DA1-LeaderElection24] INFO  server.RaftServerConfigKeys (ConfUtils.java:logGet(46)) - raft.server.write.element-limit = 1024 (custom)
2024-03-04 12:55:45,677 [b3e6aaac-f754-418b-8ee3-735c124d2005@group-677284420DA1-LeaderElection24] INFO  server.RaftServerConfigKeys (ConfUtils.java:logGet(46)) - raft.server.write.byte-limit = 1024 M (=1073741824) (custom)
2024-03-04 12:55:45,677 [b3e6aaac-f754-418b-8ee3-735c124d2005@group-677284420DA1-LeaderElection24] INFO  server.RaftServerConfigKeys (ConfUtils.java:logGet(46)) - raft.server.watch.timeout = 180s (custom)
2024-03-04 12:55:45,677 [b3e6aaac-f754-418b-8ee3-735c124d2005@group-677284420DA1-LeaderElection24] INFO  server.RaftServerConfigKeys (ConfUtils.java:logGet(46)) - raft.server.watch.timeout.denomination = 1s (default)
2024-03-04 12:55:45,677 [b3e6aaac-f754-418b-8ee3-735c124d2005@group-677284420DA1-LeaderElection24] INFO  server.RaftServerConfigKeys (ConfUtils.java:logGet(46)) - raft.server.watch.element-limit = 65536 (default)
2024-03-04 12:55:45,677 [b3e6aaac-f754-418b-8ee3-735c124d2005@group-677284420DA1-LeaderElection24] INFO  server.RaftServerConfigKeys (ConfUtils.java:logGet(46)) - raft.server.read.leader.lease.enabled = false (default)
2024-03-04 12:55:45,677 [b3e6aaac-f754-418b-8ee3-735c124d2005@group-677284420DA1-LeaderElection24] INFO  server.RaftServerConfigKeys (ConfUtils.java:logGet(46)) - raft.server.read.leader.lease.timeout.ratio = 0.9 (default)
2024-03-04 12:55:45,677 [b3e6aaac-f754-418b-8ee3-735c124d2005@group-677284420DA1-LeaderElection24] INFO  server.RaftServerConfigKeys (ConfUtils.java:logGet(46)) - raft.server.rpc.timeout.min = 5s (custom)
2024-03-04 12:55:45,678 [b3e6aaac-f754-418b-8ee3-735c124d2005@group-677284420DA1-LeaderElection24] INFO  server.RaftServerConfigKeys (ConfUtils.java:logGet(46)) - raft.server.write.element-limit = 1024 (custom)
2024-03-04 12:55:45,678 [b3e6aaac-f754-418b-8ee3-735c124d2005@group-677284420DA1-LeaderElection24] INFO  server.RaftServerConfigKeys (ConfUtils.java:logGet(46)) - raft.server.write.follower.gap.ratio.max = -1.0 (default)
2024-03-04 12:55:45,678 [b3e6aaac-f754-418b-8ee3-735c124d2005@group-677284420DA1-LeaderElection24] INFO  impl.RoleInfo (RoleInfo.java:updateAndGet(139)) - b3e6aaac-f754-418b-8ee3-735c124d2005: start b3e6aaac-f754-418b-8ee3-735c124d2005@group-677284420DA1-LeaderStateImpl
2024-03-04 12:55:45,678 [b3e6aaac-f754-418b-8ee3-735c124d2005@group-677284420DA1-LeaderElection24] INFO  server.RaftServer$Division (RaftServerImpl.java:setFirstElection(574)) - b3e6aaac-f754-418b-8ee3-735c124d2005@group-677284420DA1: set firstElectionSinceStartup to false for becomeLeader
2024-03-04 12:55:45,678 [b3e6aaac-f754-418b-8ee3-735c124d2005@group-677284420DA1-LeaderElection24] INFO  ratis.XceiverServerRatis (XceiverServerRatis.java:handleLeaderChangedNotification(966)) - Leader change notification received for group: group-677284420DA1 with new leaderId: b3e6aaac-f754-418b-8ee3-735c124d2005
2024-03-04 12:55:45,678 [b3e6aaac-f754-418b-8ee3-735c124d2005@group-677284420DA1-LeaderElection24] INFO  server.RaftServer$Division (ServerState.java:setLeader(269)) - b3e6aaac-f754-418b-8ee3-735c124d2005@group-677284420DA1: change Leader from null to b3e6aaac-f754-418b-8ee3-735c124d2005 at term 1 for becomeLeader, leader elected after 5066ms
2024-03-04 12:55:45,678 [b3e6aaac-f754-418b-8ee3-735c124d2005@group-677284420DA1-LeaderElection24] INFO  segmented.SegmentedRaftLogWorker (SegmentedRaftLogWorker.java:startLogSegment(430)) - b3e6aaac-f754-418b-8ee3-735c124d2005@group-677284420DA1-SegmentedRaftLogWorker: Starting segment from index:0
2024-03-04 12:55:45,678 [b3e6aaac-f754-418b-8ee3-735c124d2005@group-677284420DA1-SegmentedRaftLogWorker] INFO  segmented.BufferedWriteChannel (BufferedWriteChannel.java:open(62)) - open log_inprogress_0 at position 0
2024-03-04 12:55:45,679 [EventQueue-OpenPipelineForHealthyPipelineSafeModeRule] INFO  safemode.SCMSafeModeManager (HealthyPipelineSafeModeRule.java:process(140)) - SCM in safe mode. Healthy pipelines reported count is 0, required healthy pipeline reported count is 1
2024-03-04 12:55:45,682 [b3e6aaac-f754-418b-8ee3-735c124d2005@group-677284420DA1-LeaderElection24] INFO  server.RaftServer$Division (ServerState.java:setRaftConf(386)) - b3e6aaac-f754-418b-8ee3-735c124d2005@group-677284420DA1: set configuration 0: peers:[b3e6aaac-f754-418b-8ee3-735c124d2005|10.1.0.12:15108]|listeners:[], old=null
2024-03-04 12:55:45,686 [b3e6aaac-f754-418b-8ee3-735c124d2005@group-677284420DA1-SegmentedRaftLogWorker] INFO  segmented.SegmentedRaftLogWorker (SegmentedRaftLogWorker.java:execute(634)) - b3e6aaac-f754-418b-8ee3-735c124d2005@group-677284420DA1-SegmentedRaftLogWorker: created new log segment /home/runner/work/ozone/ozone/hadoop-ozone/integration-test/target/test-dir/MiniOzoneClusterImpl-5dfaf9ee-e84d-4a0a-b307-fdee3dcb636e/ozone-meta/datanode-1/ratis/535080ae-8e9f-4dc0-907a-677284420da1/current/log_inprogress_0
2024-03-04 12:55:45,687 [b3e6aaac-f754-418b-8ee3-735c124d2005@group-677284420DA1-StateMachineUpdater] INFO  server.RaftServer$Division (LeaderStateImpl.java:isApplied(320)) - leader is ready since appliedIndex == 0 >= startIndex == 0
2024-03-04 12:55:45,752 [da245a40-dab6-49b3-9cd4-dfd962afc5b6@group-F9904FD1CC47-FollowerState] INFO  impl.FollowerState (FollowerState.java:run(143)) - da245a40-dab6-49b3-9cd4-dfd962afc5b6@group-F9904FD1CC47-FollowerState: change to CANDIDATE, lastRpcElapsedTime:5098410026ns, electionTimeout:5098ms
2024-03-04 12:55:45,752 [da245a40-dab6-49b3-9cd4-dfd962afc5b6@group-F9904FD1CC47-FollowerState] INFO  impl.RoleInfo (RoleInfo.java:shutdownFollowerState(110)) - da245a40-dab6-49b3-9cd4-dfd962afc5b6: shutdown da245a40-dab6-49b3-9cd4-dfd962afc5b6@group-F9904FD1CC47-FollowerState
2024-03-04 12:55:45,752 [da245a40-dab6-49b3-9cd4-dfd962afc5b6@group-F9904FD1CC47-FollowerState] INFO  server.RaftServer$Division (RaftServerImpl.java:setRole(383)) - da245a40-dab6-49b3-9cd4-dfd962afc5b6@group-F9904FD1CC47: changes role from  FOLLOWER to CANDIDATE at term 0 for changeToCandidate
2024-03-04 12:55:45,752 [da245a40-dab6-49b3-9cd4-dfd962afc5b6@group-F9904FD1CC47-FollowerState] INFO  server.RaftServerConfigKeys (ConfUtils.java:logGet(46)) - raft.server.leaderelection.pre-vote = true (default)
2024-03-04 12:55:45,752 [da245a40-dab6-49b3-9cd4-dfd962afc5b6@group-F9904FD1CC47-FollowerState] INFO  impl.RoleInfo (RoleInfo.java:updateAndGet(139)) - da245a40-dab6-49b3-9cd4-dfd962afc5b6: start da245a40-dab6-49b3-9cd4-dfd962afc5b6@group-F9904FD1CC47-LeaderElection25
2024-03-04 12:55:45,754 [da245a40-dab6-49b3-9cd4-dfd962afc5b6@group-F9904FD1CC47-LeaderElection25] INFO  impl.LeaderElection (LeaderElection.java:askForVotes(321)) - da245a40-dab6-49b3-9cd4-dfd962afc5b6@group-F9904FD1CC47-LeaderElection25 PRE_VOTE round 0: submit vote requests at term 0 for -1: peers:[b3e6aaac-f754-418b-8ee3-735c124d2005|10.1.0.12:15108, da245a40-dab6-49b3-9cd4-dfd962afc5b6|10.1.0.12:15117, 00bce28b-f3a7-4d13-8bf8-b8e0995a094e|10.1.0.12:15126]|listeners:[], old=null
2024-03-04 12:55:45,754 [da245a40-dab6-49b3-9cd4-dfd962afc5b6@group-F9904FD1CC47-LeaderElection25-1] INFO  server.GrpcServerProtocolClient (GrpcServerProtocolClient.java:<init>(65)) - Build channel for b3e6aaac-f754-418b-8ee3-735c124d2005|10.1.0.12:15108
2024-03-04 12:55:45,754 [da245a40-dab6-49b3-9cd4-dfd962afc5b6@group-F9904FD1CC47-LeaderElection25-2] INFO  server.GrpcServerProtocolClient (GrpcServerProtocolClient.java:<init>(65)) - Build channel for 00bce28b-f3a7-4d13-8bf8-b8e0995a094e|10.1.0.12:15126
2024-03-04 12:55:45,754 [da245a40-dab6-49b3-9cd4-dfd962afc5b6@group-F9904FD1CC47-LeaderElection25] INFO  server.RaftServerConfigKeys (ConfUtils.java:logFallback(53)) - raft.server.rpc.first-election.timeout.min = 5s (fallback to raft.server.rpc.timeout.min)
2024-03-04 12:55:45,755 [da245a40-dab6-49b3-9cd4-dfd962afc5b6@group-F9904FD1CC47-LeaderElection25] INFO  server.RaftServerConfigKeys (ConfUtils.java:logFallback(53)) - raft.server.rpc.first-election.timeout.max = 5200ms (fallback to raft.server.rpc.timeout.max)
2024-03-04 12:55:45,760 [grpc-default-executor-4] INFO  server.RaftServer$Division (RaftServerImpl.java:requestVote(1389)) - 00bce28b-f3a7-4d13-8bf8-b8e0995a094e@group-F9904FD1CC47: receive requestVote(PRE_VOTE, da245a40-dab6-49b3-9cd4-dfd962afc5b6, group-F9904FD1CC47, 0, (t:0, i:0))
2024-03-04 12:55:45,760 [grpc-default-executor-4] INFO  impl.VoteContext (VoteContext.java:log(49)) - 00bce28b-f3a7-4d13-8bf8-b8e0995a094e@group-F9904FD1CC47-FOLLOWER: accept PRE_VOTE from da245a40-dab6-49b3-9cd4-dfd962afc5b6: our priority 0 <= candidate's priority 0
2024-03-04 12:55:45,760 [grpc-default-executor-4] INFO  server.RaftServer$Division (RaftServerImpl.java:requestVote(1422)) - 00bce28b-f3a7-4d13-8bf8-b8e0995a094e@group-F9904FD1CC47 replies to PRE_VOTE vote request: da245a40-dab6-49b3-9cd4-dfd962afc5b6<-00bce28b-f3a7-4d13-8bf8-b8e0995a094e#0:OK-t0. Peer's state: 00bce28b-f3a7-4d13-8bf8-b8e0995a094e@group-F9904FD1CC47:t0, leader=null, voted=, raftlog=Memoized:00bce28b-f3a7-4d13-8bf8-b8e0995a094e@group-F9904FD1CC47-SegmentedRaftLog:OPENED:c-1, conf=-1: peers:[b3e6aaac-f754-418b-8ee3-735c124d2005|10.1.0.12:15108, da245a40-dab6-49b3-9cd4-dfd962afc5b6|10.1.0.12:15117, 00bce28b-f3a7-4d13-8bf8-b8e0995a094e|10.1.0.12:15126]|listeners:[], old=null
2024-03-04 12:55:45,763 [grpc-default-executor-2] INFO  server.RaftServer$Division (RaftServerImpl.java:requestVote(1389)) - b3e6aaac-f754-418b-8ee3-735c124d2005@group-F9904FD1CC47: receive requestVote(PRE_VOTE, da245a40-dab6-49b3-9cd4-dfd962afc5b6, group-F9904FD1CC47, 0, (t:0, i:0))
2024-03-04 12:55:45,763 [grpc-default-executor-2] INFO  impl.VoteContext (VoteContext.java:log(49)) - b3e6aaac-f754-418b-8ee3-735c124d2005@group-F9904FD1CC47-FOLLOWER: reject PRE_VOTE from da245a40-dab6-49b3-9cd4-dfd962afc5b6: our priority 1 > candidate's priority 0
2024-03-04 12:55:45,763 [grpc-default-executor-2] INFO  server.RaftServer$Division (RaftServerImpl.java:requestVote(1422)) - b3e6aaac-f754-418b-8ee3-735c124d2005@group-F9904FD1CC47 replies to PRE_VOTE vote request: da245a40-dab6-49b3-9cd4-dfd962afc5b6<-b3e6aaac-f754-418b-8ee3-735c124d2005#0:FAIL-t0. Peer's state: b3e6aaac-f754-418b-8ee3-735c124d2005@group-F9904FD1CC47:t0, leader=null, voted=, raftlog=Memoized:b3e6aaac-f754-418b-8ee3-735c124d2005@group-F9904FD1CC47-SegmentedRaftLog:OPENED:c-1, conf=-1: peers:[b3e6aaac-f754-418b-8ee3-735c124d2005|10.1.0.12:15108, da245a40-dab6-49b3-9cd4-dfd962afc5b6|10.1.0.12:15117, 00bce28b-f3a7-4d13-8bf8-b8e0995a094e|10.1.0.12:15126]|listeners:[], old=null
2024-03-04 12:55:45,764 [da245a40-dab6-49b3-9cd4-dfd962afc5b6@group-F9904FD1CC47-LeaderElection25] INFO  impl.LeaderElection (LeaderElection.java:logAndReturn(89)) - da245a40-dab6-49b3-9cd4-dfd962afc5b6@group-F9904FD1CC47-LeaderElection25: PRE_VOTE REJECTED received 2 response(s) and 0 exception(s):
2024-03-04 12:55:45,764 [da245a40-dab6-49b3-9cd4-dfd962afc5b6@group-F9904FD1CC47-LeaderElection25] INFO  impl.LeaderElection (LeaderElection.java:logAndReturn(93)) -   Response 0: da245a40-dab6-49b3-9cd4-dfd962afc5b6<-b3e6aaac-f754-418b-8ee3-735c124d2005#0:FAIL-t0
2024-03-04 12:55:45,764 [da245a40-dab6-49b3-9cd4-dfd962afc5b6@group-F9904FD1CC47-LeaderElection25] INFO  impl.LeaderElection (LeaderElection.java:logAndReturn(93)) -   Response 1: da245a40-dab6-49b3-9cd4-dfd962afc5b6<-00bce28b-f3a7-4d13-8bf8-b8e0995a094e#0:OK-t0
2024-03-04 12:55:45,764 [da245a40-dab6-49b3-9cd4-dfd962afc5b6@group-F9904FD1CC47-LeaderElection25] INFO  impl.LeaderElection (LeaderElection.java:askForVotes(323)) - da245a40-dab6-49b3-9cd4-dfd962afc5b6@group-F9904FD1CC47-LeaderElection25 PRE_VOTE round 0: result REJECTED
2024-03-04 12:55:45,764 [da245a40-dab6-49b3-9cd4-dfd962afc5b6@group-F9904FD1CC47-LeaderElection25] INFO  server.RaftServer$Division (RaftServerImpl.java:setRole(383)) - da245a40-dab6-49b3-9cd4-dfd962afc5b6@group-F9904FD1CC47: changes role from CANDIDATE to FOLLOWER at term 0 for REJECTED
2024-03-04 12:55:45,764 [da245a40-dab6-49b3-9cd4-dfd962afc5b6@group-F9904FD1CC47-LeaderElection25] INFO  impl.RoleInfo (RoleInfo.java:shutdownLeaderElection(130)) - da245a40-dab6-49b3-9cd4-dfd962afc5b6: shutdown da245a40-dab6-49b3-9cd4-dfd962afc5b6@group-F9904FD1CC47-LeaderElection25
2024-03-04 12:55:45,764 [da245a40-dab6-49b3-9cd4-dfd962afc5b6@group-F9904FD1CC47-LeaderElection25] INFO  impl.RoleInfo (RoleInfo.java:updateAndGet(139)) - da245a40-dab6-49b3-9cd4-dfd962afc5b6: start da245a40-dab6-49b3-9cd4-dfd962afc5b6@group-F9904FD1CC47-FollowerState
2024-03-04 12:55:45,764 [da245a40-dab6-49b3-9cd4-dfd962afc5b6@group-F9904FD1CC47-LeaderElection25] INFO  server.RaftServer$Division (RaftServerImpl.java:setFirstElection(574)) - da245a40-dab6-49b3-9cd4-dfd962afc5b6@group-F9904FD1CC47: set firstElectionSinceStartup to false for REJECTED
2024-03-04 12:55:45,785 [b3e6aaac-f754-418b-8ee3-735c124d2005@group-F9904FD1CC47-FollowerState] INFO  impl.FollowerState (FollowerState.java:run(143)) - b3e6aaac-f754-418b-8ee3-735c124d2005@group-F9904FD1CC47-FollowerState: change to CANDIDATE, lastRpcElapsedTime:5151564892ns, electionTimeout:5150ms
2024-03-04 12:55:45,785 [b3e6aaac-f754-418b-8ee3-735c124d2005@group-F9904FD1CC47-FollowerState] INFO  impl.RoleInfo (RoleInfo.java:shutdownFollowerState(110)) - b3e6aaac-f754-418b-8ee3-735c124d2005: shutdown b3e6aaac-f754-418b-8ee3-735c124d2005@group-F9904FD1CC47-FollowerState
2024-03-04 12:55:45,785 [b3e6aaac-f754-418b-8ee3-735c124d2005@group-F9904FD1CC47-FollowerState] INFO  server.RaftServer$Division (RaftServerImpl.java:setRole(383)) - b3e6aaac-f754-418b-8ee3-735c124d2005@group-F9904FD1CC47: changes role from  FOLLOWER to CANDIDATE at term 0 for changeToCandidate
2024-03-04 12:55:45,785 [b3e6aaac-f754-418b-8ee3-735c124d2005@group-F9904FD1CC47-FollowerState] INFO  server.RaftServerConfigKeys (ConfUtils.java:logGet(46)) - raft.server.leaderelection.pre-vote = true (default)
2024-03-04 12:55:45,785 [b3e6aaac-f754-418b-8ee3-735c124d2005@group-F9904FD1CC47-FollowerState] INFO  impl.RoleInfo (RoleInfo.java:updateAndGet(139)) - b3e6aaac-f754-418b-8ee3-735c124d2005: start b3e6aaac-f754-418b-8ee3-735c124d2005@group-F9904FD1CC47-LeaderElection26
2024-03-04 12:55:45,785 [b3e6aaac-f754-418b-8ee3-735c124d2005@group-F9904FD1CC47-LeaderElection26] INFO  impl.LeaderElection (LeaderElection.java:askForVotes(321)) - b3e6aaac-f754-418b-8ee3-735c124d2005@group-F9904FD1CC47-LeaderElection26 PRE_VOTE round 0: submit vote requests at term 0 for -1: peers:[b3e6aaac-f754-418b-8ee3-735c124d2005|10.1.0.12:15108, da245a40-dab6-49b3-9cd4-dfd962afc5b6|10.1.0.12:15117, 00bce28b-f3a7-4d13-8bf8-b8e0995a094e|10.1.0.12:15126]|listeners:[], old=null
2024-03-04 12:55:45,785 [b3e6aaac-f754-418b-8ee3-735c124d2005@group-F9904FD1CC47-LeaderElection26-1] INFO  server.GrpcServerProtocolClient (GrpcServerProtocolClient.java:<init>(65)) - Build channel for da245a40-dab6-49b3-9cd4-dfd962afc5b6|10.1.0.12:15117
2024-03-04 12:55:45,786 [b3e6aaac-f754-418b-8ee3-735c124d2005@group-F9904FD1CC47-LeaderElection26-2] INFO  server.GrpcServerProtocolClient (GrpcServerProtocolClient.java:<init>(65)) - Build channel for 00bce28b-f3a7-4d13-8bf8-b8e0995a094e|10.1.0.12:15126
2024-03-04 12:55:45,785 [b3e6aaac-f754-418b-8ee3-735c124d2005@group-F9904FD1CC47-LeaderElection26] INFO  server.RaftServerConfigKeys (ConfUtils.java:logFallback(53)) - raft.server.rpc.first-election.timeout.min = 5s (fallback to raft.server.rpc.timeout.min)
2024-03-04 12:55:45,786 [b3e6aaac-f754-418b-8ee3-735c124d2005@group-F9904FD1CC47-LeaderElection26] INFO  server.RaftServerConfigKeys (ConfUtils.java:logFallback(53)) - raft.server.rpc.first-election.timeout.max = 5200ms (fallback to raft.server.rpc.timeout.max)
2024-03-04 12:55:45,790 [grpc-default-executor-2] INFO  server.RaftServer$Division (RaftServerImpl.java:requestVote(1389)) - da245a40-dab6-49b3-9cd4-dfd962afc5b6@group-F9904FD1CC47: receive requestVote(PRE_VOTE, b3e6aaac-f754-418b-8ee3-735c124d2005, group-F9904FD1CC47, 0, (t:0, i:0))
2024-03-04 12:55:45,791 [grpc-default-executor-2] INFO  impl.VoteContext (VoteContext.java:log(49)) - da245a40-dab6-49b3-9cd4-dfd962afc5b6@group-F9904FD1CC47-FOLLOWER: accept PRE_VOTE from b3e6aaac-f754-418b-8ee3-735c124d2005: our priority 0 <= candidate's priority 1
2024-03-04 12:55:45,791 [grpc-default-executor-2] INFO  server.RaftServer$Division (RaftServerImpl.java:requestVote(1422)) - da245a40-dab6-49b3-9cd4-dfd962afc5b6@group-F9904FD1CC47 replies to PRE_VOTE vote request: b3e6aaac-f754-418b-8ee3-735c124d2005<-da245a40-dab6-49b3-9cd4-dfd962afc5b6#0:OK-t0. Peer's state: da245a40-dab6-49b3-9cd4-dfd962afc5b6@group-F9904FD1CC47:t0, leader=null, voted=, raftlog=Memoized:da245a40-dab6-49b3-9cd4-dfd962afc5b6@group-F9904FD1CC47-SegmentedRaftLog:OPENED:c-1, conf=-1: peers:[b3e6aaac-f754-418b-8ee3-735c124d2005|10.1.0.12:15108, da245a40-dab6-49b3-9cd4-dfd962afc5b6|10.1.0.12:15117, 00bce28b-f3a7-4d13-8bf8-b8e0995a094e|10.1.0.12:15126]|listeners:[], old=null
2024-03-04 12:55:45,791 [b3e6aaac-f754-418b-8ee3-735c124d2005@group-F9904FD1CC47-LeaderElection26] INFO  impl.LeaderElection (LeaderElection.java:logAndReturn(89)) - b3e6aaac-f754-418b-8ee3-735c124d2005@group-F9904FD1CC47-LeaderElection26: PRE_VOTE PASSED received 1 response(s) and 0 exception(s):
2024-03-04 12:55:45,791 [b3e6aaac-f754-418b-8ee3-735c124d2005@group-F9904FD1CC47-LeaderElection26] INFO  impl.LeaderElection (LeaderElection.java:logAndReturn(93)) -   Response 0: b3e6aaac-f754-418b-8ee3-735c124d2005<-da245a40-dab6-49b3-9cd4-dfd962afc5b6#0:OK-t0
2024-03-04 12:55:45,791 [b3e6aaac-f754-418b-8ee3-735c124d2005@group-F9904FD1CC47-LeaderElection26] INFO  impl.LeaderElection (LeaderElection.java:askForVotes(323)) - b3e6aaac-f754-418b-8ee3-735c124d2005@group-F9904FD1CC47-LeaderElection26 PRE_VOTE round 0: result PASSED
2024-03-04 12:55:45,792 [da245a40-dab6-49b3-9cd4-dfd962afc5b6@group-7C7A0ECEAE05-FollowerState] INFO  impl.FollowerState (FollowerState.java:run(143)) - da245a40-dab6-49b3-9cd4-dfd962afc5b6@group-7C7A0ECEAE05-FollowerState: change to CANDIDATE, lastRpcElapsedTime:5048445688ns, electionTimeout:5048ms
2024-03-04 12:55:45,792 [da245a40-dab6-49b3-9cd4-dfd962afc5b6@group-7C7A0ECEAE05-FollowerState] INFO  impl.RoleInfo (RoleInfo.java:shutdownFollowerState(110)) - da245a40-dab6-49b3-9cd4-dfd962afc5b6: shutdown da245a40-dab6-49b3-9cd4-dfd962afc5b6@group-7C7A0ECEAE05-FollowerState
2024-03-04 12:55:45,792 [da245a40-dab6-49b3-9cd4-dfd962afc5b6@group-7C7A0ECEAE05-FollowerState] INFO  server.RaftServer$Division (RaftServerImpl.java:setRole(383)) - da245a40-dab6-49b3-9cd4-dfd962afc5b6@group-7C7A0ECEAE05: changes role from  FOLLOWER to CANDIDATE at term 0 for changeToCandidate
2024-03-04 12:55:45,792 [da245a40-dab6-49b3-9cd4-dfd962afc5b6@group-7C7A0ECEAE05-FollowerState] INFO  server.RaftServerConfigKeys (ConfUtils.java:logGet(46)) - raft.server.leaderelection.pre-vote = true (default)
2024-03-04 12:55:45,792 [da245a40-dab6-49b3-9cd4-dfd962afc5b6@group-7C7A0ECEAE05-FollowerState] INFO  impl.RoleInfo (RoleInfo.java:updateAndGet(139)) - da245a40-dab6-49b3-9cd4-dfd962afc5b6: start da245a40-dab6-49b3-9cd4-dfd962afc5b6@group-7C7A0ECEAE05-LeaderElection27
2024-03-04 12:55:45,794 [grpc-default-executor-2] INFO  server.RaftServer$Division (RaftServerImpl.java:requestVote(1389)) - 00bce28b-f3a7-4d13-8bf8-b8e0995a094e@group-F9904FD1CC47: receive requestVote(PRE_VOTE, b3e6aaac-f754-418b-8ee3-735c124d2005, group-F9904FD1CC47, 0, (t:0, i:0))
2024-03-04 12:55:45,794 [b3e6aaac-f754-418b-8ee3-735c124d2005@group-F9904FD1CC47-LeaderElection26] INFO  impl.LeaderElection (LeaderElection.java:askForVotes(321)) - b3e6aaac-f754-418b-8ee3-735c124d2005@group-F9904FD1CC47-LeaderElection26 ELECTION round 0: submit vote requests at term 1 for -1: peers:[b3e6aaac-f754-418b-8ee3-735c124d2005|10.1.0.12:15108, da245a40-dab6-49b3-9cd4-dfd962afc5b6|10.1.0.12:15117, 00bce28b-f3a7-4d13-8bf8-b8e0995a094e|10.1.0.12:15126]|listeners:[], old=null
2024-03-04 12:55:45,795 [grpc-default-executor-2] INFO  impl.VoteContext (VoteContext.java:log(49)) - 00bce28b-f3a7-4d13-8bf8-b8e0995a094e@group-F9904FD1CC47-FOLLOWER: accept PRE_VOTE from b3e6aaac-f754-418b-8ee3-735c124d2005: our priority 0 <= candidate's priority 1
2024-03-04 12:55:45,795 [grpc-default-executor-2] INFO  server.RaftServer$Division (RaftServerImpl.java:requestVote(1422)) - 00bce28b-f3a7-4d13-8bf8-b8e0995a094e@group-F9904FD1CC47 replies to PRE_VOTE vote request: b3e6aaac-f754-418b-8ee3-735c124d2005<-00bce28b-f3a7-4d13-8bf8-b8e0995a094e#0:OK-t0. Peer's state: 00bce28b-f3a7-4d13-8bf8-b8e0995a094e@group-F9904FD1CC47:t0, leader=null, voted=, raftlog=Memoized:00bce28b-f3a7-4d13-8bf8-b8e0995a094e@group-F9904FD1CC47-SegmentedRaftLog:OPENED:c-1, conf=-1: peers:[b3e6aaac-f754-418b-8ee3-735c124d2005|10.1.0.12:15108, da245a40-dab6-49b3-9cd4-dfd962afc5b6|10.1.0.12:15117, 00bce28b-f3a7-4d13-8bf8-b8e0995a094e|10.1.0.12:15126]|listeners:[], old=null
2024-03-04 12:55:45,794 [da245a40-dab6-49b3-9cd4-dfd962afc5b6@group-7C7A0ECEAE05-LeaderElection27] INFO  impl.LeaderElection (LeaderElection.java:askForVotes(321)) - da245a40-dab6-49b3-9cd4-dfd962afc5b6@group-7C7A0ECEAE05-LeaderElection27 PRE_VOTE round 0: submit vote requests at term 0 for -1: peers:[b3e6aaac-f754-418b-8ee3-735c124d2005|10.1.0.12:15108, da245a40-dab6-49b3-9cd4-dfd962afc5b6|10.1.0.12:15117, 00bce28b-f3a7-4d13-8bf8-b8e0995a094e|10.1.0.12:15126]|listeners:[], old=null
2024-03-04 12:55:45,796 [b3e6aaac-f754-418b-8ee3-735c124d2005@group-F9904FD1CC47-LeaderElection26] INFO  server.RaftServerConfigKeys (ConfUtils.java:logFallback(53)) - raft.server.rpc.first-election.timeout.min = 5s (fallback to raft.server.rpc.timeout.min)
2024-03-04 12:55:45,796 [b3e6aaac-f754-418b-8ee3-735c124d2005@group-F9904FD1CC47-LeaderElection26] INFO  server.RaftServerConfigKeys (ConfUtils.java:logFallback(53)) - raft.server.rpc.first-election.timeout.max = 5200ms (fallback to raft.server.rpc.timeout.max)
2024-03-04 12:55:45,796 [da245a40-dab6-49b3-9cd4-dfd962afc5b6@group-7C7A0ECEAE05-LeaderElection27] INFO  server.RaftServerConfigKeys (ConfUtils.java:logFallback(53)) - raft.server.rpc.first-election.timeout.min = 5s (fallback to raft.server.rpc.timeout.min)
2024-03-04 12:55:45,797 [grpc-default-executor-0] INFO  server.RaftServer$Division (RaftServerImpl.java:requestVote(1389)) - b3e6aaac-f754-418b-8ee3-735c124d2005@group-7C7A0ECEAE05: receive requestVote(PRE_VOTE, da245a40-dab6-49b3-9cd4-dfd962afc5b6, group-7C7A0ECEAE05, 0, (t:0, i:0))
2024-03-04 12:55:45,797 [00bce28b-f3a7-4d13-8bf8-b8e0995a094e@group-7C7A0ECEAE05-FollowerState] INFO  impl.FollowerState (FollowerState.java:run(143)) - 00bce28b-f3a7-4d13-8bf8-b8e0995a094e@group-7C7A0ECEAE05-FollowerState: change to CANDIDATE, lastRpcElapsedTime:5076087132ns, electionTimeout:5074ms
2024-03-04 12:55:45,797 [00bce28b-f3a7-4d13-8bf8-b8e0995a094e@group-7C7A0ECEAE05-FollowerState] INFO  impl.RoleInfo (RoleInfo.java:shutdownFollowerState(110)) - 00bce28b-f3a7-4d13-8bf8-b8e0995a094e: shutdown 00bce28b-f3a7-4d13-8bf8-b8e0995a094e@group-7C7A0ECEAE05-FollowerState
2024-03-04 12:55:45,797 [grpc-default-executor-2] INFO  server.RaftServer$Division (RaftServerImpl.java:requestVote(1389)) - 00bce28b-f3a7-4d13-8bf8-b8e0995a094e@group-F9904FD1CC47: receive requestVote(ELECTION, b3e6aaac-f754-418b-8ee3-735c124d2005, group-F9904FD1CC47, 1, (t:0, i:0))
2024-03-04 12:55:45,797 [00bce28b-f3a7-4d13-8bf8-b8e0995a094e@group-7C7A0ECEAE05-FollowerState] INFO  server.RaftServer$Division (RaftServerImpl.java:setRole(383)) - 00bce28b-f3a7-4d13-8bf8-b8e0995a094e@group-7C7A0ECEAE05: changes role from  FOLLOWER to CANDIDATE at term 0 for changeToCandidate
2024-03-04 12:55:45,797 [grpc-default-executor-0] INFO  impl.VoteContext (VoteContext.java:log(49)) - b3e6aaac-f754-418b-8ee3-735c124d2005@group-7C7A0ECEAE05-FOLLOWER: accept PRE_VOTE from da245a40-dab6-49b3-9cd4-dfd962afc5b6: our priority 0 <= candidate's priority 1
2024-03-04 12:55:45,797 [da245a40-dab6-49b3-9cd4-dfd962afc5b6@group-7C7A0ECEAE05-LeaderElection27] INFO  server.RaftServerConfigKeys (ConfUtils.java:logFallback(53)) - raft.server.rpc.first-election.timeout.max = 5200ms (fallback to raft.server.rpc.timeout.max)
2024-03-04 12:55:45,798 [grpc-default-executor-0] INFO  server.RaftServer$Division (RaftServerImpl.java:requestVote(1422)) - b3e6aaac-f754-418b-8ee3-735c124d2005@group-7C7A0ECEAE05 replies to PRE_VOTE vote request: da245a40-dab6-49b3-9cd4-dfd962afc5b6<-b3e6aaac-f754-418b-8ee3-735c124d2005#0:OK-t0. Peer's state: b3e6aaac-f754-418b-8ee3-735c124d2005@group-7C7A0ECEAE05:t0, leader=null, voted=, raftlog=Memoized:b3e6aaac-f754-418b-8ee3-735c124d2005@group-7C7A0ECEAE05-SegmentedRaftLog:OPENED:c-1, conf=-1: peers:[b3e6aaac-f754-418b-8ee3-735c124d2005|10.1.0.12:15108, da245a40-dab6-49b3-9cd4-dfd962afc5b6|10.1.0.12:15117, 00bce28b-f3a7-4d13-8bf8-b8e0995a094e|10.1.0.12:15126]|listeners:[], old=null
2024-03-04 12:55:45,798 [00bce28b-f3a7-4d13-8bf8-b8e0995a094e@group-7C7A0ECEAE05-FollowerState] INFO  server.RaftServerConfigKeys (ConfUtils.java:logGet(46)) - raft.server.leaderelection.pre-vote = true (default)
2024-03-04 12:55:45,798 [grpc-default-executor-2] INFO  impl.VoteContext (VoteContext.java:log(49)) - 00bce28b-f3a7-4d13-8bf8-b8e0995a094e@group-F9904FD1CC47-FOLLOWER: accept ELECTION from b3e6aaac-f754-418b-8ee3-735c124d2005: our priority 0 <= candidate's priority 1
2024-03-04 12:55:45,798 [grpc-default-executor-2] INFO  server.RaftServer$Division (RaftServerImpl.java:setRole(383)) - 00bce28b-f3a7-4d13-8bf8-b8e0995a094e@group-F9904FD1CC47: changes role from  FOLLOWER to FOLLOWER at term 1 for candidate:b3e6aaac-f754-418b-8ee3-735c124d2005
2024-03-04 12:55:45,798 [grpc-default-executor-2] INFO  impl.RoleInfo (RoleInfo.java:shutdownFollowerState(110)) - 00bce28b-f3a7-4d13-8bf8-b8e0995a094e: shutdown 00bce28b-f3a7-4d13-8bf8-b8e0995a094e@group-F9904FD1CC47-FollowerState
2024-03-04 12:55:45,798 [grpc-default-executor-2] INFO  impl.RoleInfo (RoleInfo.java:updateAndGet(139)) - 00bce28b-f3a7-4d13-8bf8-b8e0995a094e: start 00bce28b-f3a7-4d13-8bf8-b8e0995a094e@group-F9904FD1CC47-FollowerState
2024-03-04 12:55:45,798 [00bce28b-f3a7-4d13-8bf8-b8e0995a094e@group-F9904FD1CC47-FollowerState] INFO  impl.FollowerState (FollowerState.java:run(152)) - 00bce28b-f3a7-4d13-8bf8-b8e0995a094e@group-F9904FD1CC47-FollowerState was interrupted
2024-03-04 12:55:45,798 [grpc-default-executor-3] INFO  server.RaftServer$Division (RaftServerImpl.java:requestVote(1389)) - da245a40-dab6-49b3-9cd4-dfd962afc5b6@group-F9904FD1CC47: receive requestVote(ELECTION, b3e6aaac-f754-418b-8ee3-735c124d2005, group-F9904FD1CC47, 1, (t:0, i:0))
2024-03-04 12:55:45,798 [grpc-default-executor-4] INFO  server.RaftServer$Division (RaftServerImpl.java:requestVote(1389)) - 00bce28b-f3a7-4d13-8bf8-b8e0995a094e@group-7C7A0ECEAE05: receive requestVote(PRE_VOTE, da245a40-dab6-49b3-9cd4-dfd962afc5b6, group-7C7A0ECEAE05, 0, (t:0, i:0))
2024-03-04 12:55:45,799 [grpc-default-executor-3] INFO  impl.VoteContext (VoteContext.java:log(49)) - da245a40-dab6-49b3-9cd4-dfd962afc5b6@group-F9904FD1CC47-FOLLOWER: accept ELECTION from b3e6aaac-f754-418b-8ee3-735c124d2005: our priority 0 <= candidate's priority 1
2024-03-04 12:55:45,800 [grpc-default-executor-3] INFO  server.RaftServer$Division (RaftServerImpl.java:setRole(383)) - da245a40-dab6-49b3-9cd4-dfd962afc5b6@group-F9904FD1CC47: changes role from  FOLLOWER to FOLLOWER at term 1 for candidate:b3e6aaac-f754-418b-8ee3-735c124d2005
2024-03-04 12:55:45,800 [grpc-default-executor-3] INFO  impl.RoleInfo (RoleInfo.java:shutdownFollowerState(110)) - da245a40-dab6-49b3-9cd4-dfd962afc5b6: shutdown da245a40-dab6-49b3-9cd4-dfd962afc5b6@group-F9904FD1CC47-FollowerState
2024-03-04 12:55:45,800 [grpc-default-executor-3] INFO  impl.RoleInfo (RoleInfo.java:updateAndGet(139)) - da245a40-dab6-49b3-9cd4-dfd962afc5b6: start da245a40-dab6-49b3-9cd4-dfd962afc5b6@group-F9904FD1CC47-FollowerState
2024-03-04 12:55:45,798 [00bce28b-f3a7-4d13-8bf8-b8e0995a094e@group-7C7A0ECEAE05-FollowerState] INFO  impl.RoleInfo (RoleInfo.java:updateAndGet(139)) - 00bce28b-f3a7-4d13-8bf8-b8e0995a094e: start 00bce28b-f3a7-4d13-8bf8-b8e0995a094e@group-7C7A0ECEAE05-LeaderElection28
2024-03-04 12:55:45,800 [da245a40-dab6-49b3-9cd4-dfd962afc5b6@group-F9904FD1CC47-FollowerState] INFO  impl.FollowerState (FollowerState.java:run(152)) - da245a40-dab6-49b3-9cd4-dfd962afc5b6@group-F9904FD1CC47-FollowerState was interrupted
2024-03-04 12:55:45,800 [da245a40-dab6-49b3-9cd4-dfd962afc5b6@group-7C7A0ECEAE05-LeaderElection27] INFO  impl.LeaderElection (LeaderElection.java:logAndReturn(89)) - da245a40-dab6-49b3-9cd4-dfd962afc5b6@group-7C7A0ECEAE05-LeaderElection27: PRE_VOTE PASSED received 1 response(s) and 0 exception(s):
2024-03-04 12:55:45,798 [grpc-default-executor-2] INFO  server.RaftServer$Division (RaftServerImpl.java:setFirstElection(574)) - 00bce28b-f3a7-4d13-8bf8-b8e0995a094e@group-F9904FD1CC47: set firstElectionSinceStartup to false for candidate:b3e6aaac-f754-418b-8ee3-735c124d2005
2024-03-04 12:55:45,806 [grpc-default-executor-4] INFO  impl.VoteContext (VoteContext.java:log(49)) - 00bce28b-f3a7-4d13-8bf8-b8e0995a094e@group-7C7A0ECEAE05-CANDIDATE: accept PRE_VOTE from da245a40-dab6-49b3-9cd4-dfd962afc5b6: our priority 0 <= candidate's priority 1
2024-03-04 12:55:45,806 [da245a40-dab6-49b3-9cd4-dfd962afc5b6@group-7C7A0ECEAE05-LeaderElection27] INFO  impl.LeaderElection (LeaderElection.java:logAndReturn(93)) -   Response 0: da245a40-dab6-49b3-9cd4-dfd962afc5b6<-b3e6aaac-f754-418b-8ee3-735c124d2005#0:OK-t0
2024-03-04 12:55:45,801 [grpc-default-executor-3] INFO  server.RaftServer$Division (RaftServerImpl.java:requestVote(1422)) - da245a40-dab6-49b3-9cd4-dfd962afc5b6@group-F9904FD1CC47 replies to ELECTION vote request: b3e6aaac-f754-418b-8ee3-735c124d2005<-da245a40-dab6-49b3-9cd4-dfd962afc5b6#0:OK-t1. Peer's state: da245a40-dab6-49b3-9cd4-dfd962afc5b6@group-F9904FD1CC47:t1, leader=null, voted=b3e6aaac-f754-418b-8ee3-735c124d2005, raftlog=Memoized:da245a40-dab6-49b3-9cd4-dfd962afc5b6@group-F9904FD1CC47-SegmentedRaftLog:OPENED:c-1, conf=-1: peers:[b3e6aaac-f754-418b-8ee3-735c124d2005|10.1.0.12:15108, da245a40-dab6-49b3-9cd4-dfd962afc5b6|10.1.0.12:15117, 00bce28b-f3a7-4d13-8bf8-b8e0995a094e|10.1.0.12:15126]|listeners:[], old=null
2024-03-04 12:55:45,807 [da245a40-dab6-49b3-9cd4-dfd962afc5b6@group-7C7A0ECEAE05-LeaderElection27] INFO  impl.LeaderElection (LeaderElection.java:askForVotes(323)) - da245a40-dab6-49b3-9cd4-dfd962afc5b6@group-7C7A0ECEAE05-LeaderElection27 PRE_VOTE round 0: result PASSED
2024-03-04 12:55:45,807 [grpc-default-executor-4] INFO  server.RaftServer$Division (RaftServerImpl.java:requestVote(1422)) - 00bce28b-f3a7-4d13-8bf8-b8e0995a094e@group-7C7A0ECEAE05 replies to PRE_VOTE vote request: da245a40-dab6-49b3-9cd4-dfd962afc5b6<-00bce28b-f3a7-4d13-8bf8-b8e0995a094e#0:OK-t0. Peer's state: 00bce28b-f3a7-4d13-8bf8-b8e0995a094e@group-7C7A0ECEAE05:t0, leader=null, voted=, raftlog=Memoized:00bce28b-f3a7-4d13-8bf8-b8e0995a094e@group-7C7A0ECEAE05-SegmentedRaftLog:OPENED:c-1, conf=-1: peers:[b3e6aaac-f754-418b-8ee3-735c124d2005|10.1.0.12:15108, da245a40-dab6-49b3-9cd4-dfd962afc5b6|10.1.0.12:15117, 00bce28b-f3a7-4d13-8bf8-b8e0995a094e|10.1.0.12:15126]|listeners:[], old=null
2024-03-04 12:55:45,807 [00bce28b-f3a7-4d13-8bf8-b8e0995a094e@group-7C7A0ECEAE05-LeaderElection28] INFO  impl.LeaderElection (LeaderElection.java:askForVotes(321)) - 00bce28b-f3a7-4d13-8bf8-b8e0995a094e@group-7C7A0ECEAE05-LeaderElection28 PRE_VOTE round 0: submit vote requests at term 0 for -1: peers:[b3e6aaac-f754-418b-8ee3-735c124d2005|10.1.0.12:15108, da245a40-dab6-49b3-9cd4-dfd962afc5b6|10.1.0.12:15117, 00bce28b-f3a7-4d13-8bf8-b8e0995a094e|10.1.0.12:15126]|listeners:[], old=null
2024-03-04 12:55:45,807 [00bce28b-f3a7-4d13-8bf8-b8e0995a094e@group-7C7A0ECEAE05-LeaderElection28] INFO  server.RaftServerConfigKeys (ConfUtils.java:logFallback(53)) - raft.server.rpc.first-election.timeout.min = 5s (fallback to raft.server.rpc.timeout.min)
2024-03-04 12:55:45,807 [00bce28b-f3a7-4d13-8bf8-b8e0995a094e@group-7C7A0ECEAE05-LeaderElection28] INFO  server.RaftServerConfigKeys (ConfUtils.java:logFallback(53)) - raft.server.rpc.first-election.timeout.max = 5200ms (fallback to raft.server.rpc.timeout.max)
2024-03-04 12:55:45,807 [00bce28b-f3a7-4d13-8bf8-b8e0995a094e@group-7C7A0ECEAE05-LeaderElection28-1] INFO  server.GrpcServerProtocolClient (GrpcServerProtocolClient.java:<init>(65)) - Build channel for b3e6aaac-f754-418b-8ee3-735c124d2005|10.1.0.12:15108
2024-03-04 12:55:45,808 [00bce28b-f3a7-4d13-8bf8-b8e0995a094e@group-7C7A0ECEAE05-LeaderElection28-2] INFO  server.GrpcServerProtocolClient (GrpcServerProtocolClient.java:<init>(65)) - Build channel for da245a40-dab6-49b3-9cd4-dfd962afc5b6|10.1.0.12:15117
2024-03-04 12:55:45,808 [grpc-default-executor-2] INFO  server.RaftServer$Division (RaftServerImpl.java:requestVote(1422)) - 00bce28b-f3a7-4d13-8bf8-b8e0995a094e@group-F9904FD1CC47 replies to ELECTION vote request: b3e6aaac-f754-418b-8ee3-735c124d2005<-00bce28b-f3a7-4d13-8bf8-b8e0995a094e#0:OK-t1. Peer's state: 00bce28b-f3a7-4d13-8bf8-b8e0995a094e@group-F9904FD1CC47:t1, leader=null, voted=b3e6aaac-f754-418b-8ee3-735c124d2005, raftlog=Memoized:00bce28b-f3a7-4d13-8bf8-b8e0995a094e@group-F9904FD1CC47-SegmentedRaftLog:OPENED:c-1, conf=-1: peers:[b3e6aaac-f754-418b-8ee3-735c124d2005|10.1.0.12:15108, da245a40-dab6-49b3-9cd4-dfd962afc5b6|10.1.0.12:15117, 00bce28b-f3a7-4d13-8bf8-b8e0995a094e|10.1.0.12:15126]|listeners:[], old=null
2024-03-04 12:55:45,808 [da245a40-dab6-49b3-9cd4-dfd962afc5b6@group-7C7A0ECEAE05-LeaderElection27] INFO  impl.LeaderElection (LeaderElection.java:askForVotes(321)) - da245a40-dab6-49b3-9cd4-dfd962afc5b6@group-7C7A0ECEAE05-LeaderElection27 ELECTION round 0: submit vote requests at term 1 for -1: peers:[b3e6aaac-f754-418b-8ee3-735c124d2005|10.1.0.12:15108, da245a40-dab6-49b3-9cd4-dfd962afc5b6|10.1.0.12:15117, 00bce28b-f3a7-4d13-8bf8-b8e0995a094e|10.1.0.12:15126]|listeners:[], old=null
2024-03-04 12:55:45,808 [b3e6aaac-f754-418b-8ee3-735c124d2005@group-F9904FD1CC47-LeaderElection26] INFO  impl.LeaderElection (LeaderElection.java:logAndReturn(89)) - b3e6aaac-f754-418b-8ee3-735c124d2005@group-F9904FD1CC47-LeaderElection26: ELECTION PASSED received 1 response(s) and 0 exception(s):
2024-03-04 12:55:45,808 [b3e6aaac-f754-418b-8ee3-735c124d2005@group-F9904FD1CC47-LeaderElection26] INFO  impl.LeaderElection (LeaderElection.java:logAndReturn(93)) -   Response 0: b3e6aaac-f754-418b-8ee3-735c124d2005<-da245a40-dab6-49b3-9cd4-dfd962afc5b6#0:OK-t1
2024-03-04 12:55:45,814 [b3e6aaac-f754-418b-8ee3-735c124d2005@group-F9904FD1CC47-LeaderElection26] INFO  impl.LeaderElection (LeaderElection.java:askForVotes(323)) - b3e6aaac-f754-418b-8ee3-735c124d2005@group-F9904FD1CC47-LeaderElection26 ELECTION round 0: result PASSED
2024-03-04 12:55:45,814 [b3e6aaac-f754-418b-8ee3-735c124d2005@group-7C7A0ECEAE05-FollowerState] INFO  server.RaftServerConfigKeys (ConfUtils.java:logFallback(53)) - raft.server.rpc.first-election.timeout.min = 5s (fallback to raft.server.rpc.timeout.min)
2024-03-04 12:55:45,814 [b3e6aaac-f754-418b-8ee3-735c124d2005@group-7C7A0ECEAE05-FollowerState] INFO  server.RaftServerConfigKeys (ConfUtils.java:logFallback(53)) - raft.server.rpc.first-election.timeout.max = 5200ms (fallback to raft.server.rpc.timeout.max)
2024-03-04 12:55:45,814 [b3e6aaac-f754-418b-8ee3-735c124d2005@group-F9904FD1CC47-LeaderElection26] INFO  impl.RoleInfo (RoleInfo.java:shutdownLeaderElection(130)) - b3e6aaac-f754-418b-8ee3-735c124d2005: shutdown b3e6aaac-f754-418b-8ee3-735c124d2005@group-F9904FD1CC47-LeaderElection26
2024-03-04 12:55:45,814 [b3e6aaac-f754-418b-8ee3-735c124d2005@group-F9904FD1CC47-LeaderElection26] INFO  server.RaftServer$Division (RaftServerImpl.java:setRole(383)) - b3e6aaac-f754-418b-8ee3-735c124d2005@group-F9904FD1CC47: changes role from CANDIDATE to LEADER at term 1 for changeToLeader
2024-03-04 12:55:45,814 [da245a40-dab6-49b3-9cd4-dfd962afc5b6@group-7C7A0ECEAE05-LeaderElection27] INFO  server.RaftServerConfigKeys (ConfUtils.java:logFallback(53)) - raft.server.rpc.first-election.timeout.min = 5s (fallback to raft.server.rpc.timeout.min)
2024-03-04 12:55:45,814 [b3e6aaac-f754-418b-8ee3-735c124d2005@group-F9904FD1CC47-LeaderElection26] INFO  server.RaftServerConfigKeys (ConfUtils.java:logGet(46)) - raft.server.staging.catchup.gap = 1000 (default)
2024-03-04 12:55:45,814 [da245a40-dab6-49b3-9cd4-dfd962afc5b6@group-7C7A0ECEAE05-LeaderElection27] INFO  server.RaftServerConfigKeys (ConfUtils.java:logFallback(53)) - raft.server.rpc.first-election.timeout.max = 5200ms (fallback to raft.server.rpc.timeout.max)
2024-03-04 12:55:45,814 [b3e6aaac-f754-418b-8ee3-735c124d2005@group-F9904FD1CC47-LeaderElection26] INFO  server.RaftServerConfigKeys (ConfUtils.java:logGet(46)) - raft.server.write.element-limit = 1024 (custom)
2024-03-04 12:55:45,814 [b3e6aaac-f754-418b-8ee3-735c124d2005@group-F9904FD1CC47-LeaderElection26] INFO  server.RaftServerConfigKeys (ConfUtils.java:logGet(46)) - raft.server.write.byte-limit = 1024 M (=1073741824) (custom)
2024-03-04 12:55:45,815 [b3e6aaac-f754-418b-8ee3-735c124d2005@group-F9904FD1CC47-LeaderElection26] INFO  server.RaftServerConfigKeys (ConfUtils.java:logGet(46)) - raft.server.watch.timeout = 180s (custom)
2024-03-04 12:55:45,815 [b3e6aaac-f754-418b-8ee3-735c124d2005@group-F9904FD1CC47-LeaderElection26] INFO  server.RaftServerConfigKeys (ConfUtils.java:logGet(46)) - raft.server.watch.timeout.denomination = 1s (default)
2024-03-04 12:55:45,815 [b3e6aaac-f754-418b-8ee3-735c124d2005@group-F9904FD1CC47-LeaderElection26] INFO  server.RaftServerConfigKeys (ConfUtils.java:logGet(46)) - raft.server.watch.element-limit = 65536 (default)
2024-03-04 12:55:45,815 [b3e6aaac-f754-418b-8ee3-735c124d2005@group-F9904FD1CC47-LeaderElection26] INFO  server.RaftServerConfigKeys (ConfUtils.java:logGet(46)) - raft.server.read.leader.lease.enabled = false (default)
2024-03-04 12:55:45,815 [b3e6aaac-f754-418b-8ee3-735c124d2005@group-F9904FD1CC47-LeaderElection26] INFO  server.RaftServerConfigKeys (ConfUtils.java:logGet(46)) - raft.server.read.leader.lease.timeout.ratio = 0.9 (default)
2024-03-04 12:55:45,815 [b3e6aaac-f754-418b-8ee3-735c124d2005@group-F9904FD1CC47-LeaderElection26] INFO  server.RaftServerConfigKeys (ConfUtils.java:logGet(46)) - raft.server.rpc.timeout.min = 5s (custom)
2024-03-04 12:55:45,815 [b3e6aaac-f754-418b-8ee3-735c124d2005@group-F9904FD1CC47-LeaderElection26] INFO  server.RaftServerConfigKeys (ConfUtils.java:logGet(46)) - raft.server.write.element-limit = 1024 (custom)
2024-03-04 12:55:45,815 [b3e6aaac-f754-418b-8ee3-735c124d2005@group-F9904FD1CC47-LeaderElection26] INFO  server.RaftServerConfigKeys (ConfUtils.java:logGet(46)) - raft.server.write.follower.gap.ratio.max = -1.0 (default)
2024-03-04 12:55:45,815 [grpc-default-executor-2] INFO  server.RaftServer$Division (RaftServerImpl.java:requestVote(1389)) - 00bce28b-f3a7-4d13-8bf8-b8e0995a094e@group-7C7A0ECEAE05: receive requestVote(ELECTION, da245a40-dab6-49b3-9cd4-dfd962afc5b6, group-7C7A0ECEAE05, 1, (t:0, i:0))
2024-03-04 12:55:45,815 [b3e6aaac-f754-418b-8ee3-735c124d2005@group-F9904FD1CC47-LeaderElection26] INFO  server.RaftServerConfigKeys (ConfUtils.java:logGet(46)) - raft.server.log.appender.snapshot.chunk.size.max = 16MB (=16777216) (default)
2024-03-04 12:55:45,815 [grpc-default-executor-2] INFO  impl.VoteContext (VoteContext.java:log(49)) - 00bce28b-f3a7-4d13-8bf8-b8e0995a094e@group-7C7A0ECEAE05-CANDIDATE: accept ELECTION from da245a40-dab6-49b3-9cd4-dfd962afc5b6: our priority 0 <= candidate's priority 1
2024-03-04 12:55:45,815 [b3e6aaac-f754-418b-8ee3-735c124d2005@group-F9904FD1CC47-LeaderElection26] INFO  server.RaftServerConfigKeys (ConfUtils.java:logGet(46)) - raft.server.log.appender.buffer.byte-limit = 8388608 (custom)
2024-03-04 12:55:45,815 [b3e6aaac-f754-418b-8ee3-735c124d2005@group-F9904FD1CC47-LeaderElection26] INFO  server.RaftServerConfigKeys (ConfUtils.java:logGet(46)) - raft.server.log.appender.buffer.element-limit = 1 (custom)
2024-03-04 12:55:45,815 [b3e6aaac-f754-418b-8ee3-735c124d2005@group-F9904FD1CC47-LeaderElection26] INFO  server.RaftServerConfigKeys (ConfUtils.java:logGet(46)) - raft.server.log.appender.wait-time.min = 0μs (custom)
2024-03-04 12:55:45,816 [b3e6aaac-f754-418b-8ee3-735c124d2005@group-F9904FD1CC47-LeaderElection26] INFO  grpc.GrpcConfigKeys (ConfUtils.java:logGet(46)) - raft.grpc.server.leader.outstanding.appends.max = 8 (default)
2024-03-04 12:55:45,816 [b3e6aaac-f754-418b-8ee3-735c124d2005@group-F9904FD1CC47-LeaderElection26] INFO  server.RaftServerConfigKeys (ConfUtils.java:logGet(46)) - raft.server.rpc.request.timeout = 60s (custom)
2024-03-04 12:55:45,816 [b3e6aaac-f754-418b-8ee3-735c124d2005@group-F9904FD1CC47-LeaderElection26] INFO  grpc.GrpcConfigKeys (ConfUtils.java:logGet(46)) - raft.grpc.server.install_snapshot.request.element-limit = 8 (default)
2024-03-04 12:55:45,816 [b3e6aaac-f754-418b-8ee3-735c124d2005@group-F9904FD1CC47-LeaderElection26] INFO  grpc.GrpcConfigKeys (ConfUtils.java:logGet(46)) - raft.grpc.server.install_snapshot.request.timeout = 3000ms (default)
2024-03-04 12:55:45,816 [b3e6aaac-f754-418b-8ee3-735c124d2005@group-F9904FD1CC47-LeaderElection26] INFO  grpc.GrpcConfigKeys (ConfUtils.java:logGet(46)) - raft.grpc.server.log-message.batch.duration = 5s (default)
2024-03-04 12:55:45,816 [b3e6aaac-f754-418b-8ee3-735c124d2005@group-F9904FD1CC47-LeaderElection26] INFO  server.RaftServerConfigKeys (ConfUtils.java:logGet(46)) - raft.server.log.appender.install.snapshot.enabled = false (custom)
2024-03-04 12:55:45,816 [b3e6aaac-f754-418b-8ee3-735c124d2005@group-F9904FD1CC47-LeaderElection26] INFO  grpc.GrpcConfigKeys (ConfUtils.java:logGet(46)) - raft.grpc.server.heartbeat.channel = true (default)
2024-03-04 12:55:45,815 [grpc-default-executor-2] INFO  server.RaftServer$Division (RaftServerImpl.java:setRole(383)) - 00bce28b-f3a7-4d13-8bf8-b8e0995a094e@group-7C7A0ECEAE05: changes role from CANDIDATE to FOLLOWER at term 1 for candidate:da245a40-dab6-49b3-9cd4-dfd962afc5b6
2024-03-04 12:55:45,816 [grpc-default-executor-2] INFO  impl.RoleInfo (RoleInfo.java:shutdownLeaderElection(130)) - 00bce28b-f3a7-4d13-8bf8-b8e0995a094e: shutdown 00bce28b-f3a7-4d13-8bf8-b8e0995a094e@group-7C7A0ECEAE05-LeaderElection28
2024-03-04 12:55:45,816 [grpc-default-executor-2] INFO  impl.RoleInfo (RoleInfo.java:updateAndGet(139)) - 00bce28b-f3a7-4d13-8bf8-b8e0995a094e: start 00bce28b-f3a7-4d13-8bf8-b8e0995a094e@group-7C7A0ECEAE05-FollowerState
2024-03-04 12:55:45,816 [b3e6aaac-f754-418b-8ee3-735c124d2005@group-F9904FD1CC47-LeaderElection26] INFO  server.RaftServerConfigKeys (ConfUtils.java:logGet(46)) - raft.server.log.appender.snapshot.chunk.size.max = 16MB (=16777216) (default)
2024-03-04 12:55:45,817 [b3e6aaac-f754-418b-8ee3-735c124d2005@group-F9904FD1CC47-LeaderElection26] INFO  server.RaftServerConfigKeys (ConfUtils.java:logGet(46)) - raft.server.log.appender.buffer.byte-limit = 8388608 (custom)
2024-03-04 12:55:45,817 [b3e6aaac-f754-418b-8ee3-735c124d2005@group-F9904FD1CC47-LeaderElection26] INFO  server.RaftServerConfigKeys (ConfUtils.java:logGet(46)) - raft.server.log.appender.buffer.element-limit = 1 (custom)
2024-03-04 12:55:45,817 [grpc-default-executor-4] INFO  server.RaftServer$Division (RaftServerImpl.java:requestVote(1389)) - b3e6aaac-f754-418b-8ee3-735c124d2005@group-7C7A0ECEAE05: receive requestVote(ELECTION, da245a40-dab6-49b3-9cd4-dfd962afc5b6, group-7C7A0ECEAE05, 1, (t:0, i:0))
2024-03-04 12:55:45,817 [grpc-default-executor-4] INFO  impl.VoteContext (VoteContext.java:log(49)) - b3e6aaac-f754-418b-8ee3-735c124d2005@group-7C7A0ECEAE05-FOLLOWER: accept ELECTION from da245a40-dab6-49b3-9cd4-dfd962afc5b6: our priority 0 <= candidate's priority 1
2024-03-04 12:55:45,817 [grpc-default-executor-4] INFO  server.RaftServer$Division (RaftServerImpl.java:setRole(383)) - b3e6aaac-f754-418b-8ee3-735c124d2005@group-7C7A0ECEAE05: changes role from  FOLLOWER to FOLLOWER at term 1 for candidate:da245a40-dab6-49b3-9cd4-dfd962afc5b6
2024-03-04 12:55:45,817 [grpc-default-executor-4] INFO  impl.RoleInfo (RoleInfo.java:shutdownFollowerState(110)) - b3e6aaac-f754-418b-8ee3-735c124d2005: shutdown b3e6aaac-f754-418b-8ee3-735c124d2005@group-7C7A0ECEAE05-FollowerState
2024-03-04 12:55:45,818 [grpc-default-executor-2] INFO  server.RaftServer$Division (RaftServerImpl.java:setFirstElection(574)) - 00bce28b-f3a7-4d13-8bf8-b8e0995a094e@group-7C7A0ECEAE05: set firstElectionSinceStartup to false for candidate:da245a40-dab6-49b3-9cd4-dfd962afc5b6
2024-03-04 12:55:45,818 [grpc-default-executor-4] INFO  impl.RoleInfo (RoleInfo.java:updateAndGet(139)) - b3e6aaac-f754-418b-8ee3-735c124d2005: start b3e6aaac-f754-418b-8ee3-735c124d2005@group-7C7A0ECEAE05-FollowerState
2024-03-04 12:55:45,819 [b3e6aaac-f754-418b-8ee3-735c124d2005@group-7C7A0ECEAE05-FollowerState] INFO  impl.FollowerState (FollowerState.java:run(152)) - b3e6aaac-f754-418b-8ee3-735c124d2005@group-7C7A0ECEAE05-FollowerState was interrupted
2024-03-04 12:55:45,819 [grpc-default-executor-2] INFO  server.RaftServer$Division (RaftServerImpl.java:requestVote(1422)) - 00bce28b-f3a7-4d13-8bf8-b8e0995a094e@group-7C7A0ECEAE05 replies to ELECTION vote request: da245a40-dab6-49b3-9cd4-dfd962afc5b6<-00bce28b-f3a7-4d13-8bf8-b8e0995a094e#0:OK-t1. Peer's state: 00bce28b-f3a7-4d13-8bf8-b8e0995a094e@group-7C7A0ECEAE05:t1, leader=null, voted=da245a40-dab6-49b3-9cd4-dfd962afc5b6, raftlog=Memoized:00bce28b-f3a7-4d13-8bf8-b8e0995a094e@group-7C7A0ECEAE05-SegmentedRaftLog:OPENED:c-1, conf=-1: peers:[b3e6aaac-f754-418b-8ee3-735c124d2005|10.1.0.12:15108, da245a40-dab6-49b3-9cd4-dfd962afc5b6|10.1.0.12:15117, 00bce28b-f3a7-4d13-8bf8-b8e0995a094e|10.1.0.12:15126]|listeners:[], old=null
2024-03-04 12:55:45,820 [grpc-default-executor-4] INFO  server.RaftServer$Division (RaftServerImpl.java:setFirstElection(574)) - b3e6aaac-f754-418b-8ee3-735c124d2005@group-7C7A0ECEAE05: set firstElectionSinceStartup to false for candidate:da245a40-dab6-49b3-9cd4-dfd962afc5b6
2024-03-04 12:55:45,820 [b3e6aaac-f754-418b-8ee3-735c124d2005@group-F9904FD1CC47-LeaderElection26] INFO  server.RaftServerConfigKeys (ConfUtils.java:logGet(46)) - raft.server.log.appender.wait-time.min = 0μs (custom)
2024-03-04 12:55:45,822 [b3e6aaac-f754-418b-8ee3-735c124d2005@group-F9904FD1CC47-LeaderElection26] INFO  grpc.GrpcConfigKeys (ConfUtils.java:logGet(46)) - raft.grpc.server.leader.outstanding.appends.max = 8 (default)
2024-03-04 12:55:45,822 [b3e6aaac-f754-418b-8ee3-735c124d2005@group-F9904FD1CC47-LeaderElection26] INFO  server.RaftServerConfigKeys (ConfUtils.java:logGet(46)) - raft.server.rpc.request.timeout = 60s (custom)
2024-03-04 12:55:45,822 [b3e6aaac-f754-418b-8ee3-735c124d2005@group-F9904FD1CC47-LeaderElection26] INFO  grpc.GrpcConfigKeys (ConfUtils.java:logGet(46)) - raft.grpc.server.install_snapshot.request.element-limit = 8 (default)
2024-03-04 12:55:45,822 [b3e6aaac-f754-418b-8ee3-735c124d2005@group-F9904FD1CC47-LeaderElection26] INFO  grpc.GrpcConfigKeys (ConfUtils.java:logGet(46)) - raft.grpc.server.install_snapshot.request.timeout = 3000ms (default)
2024-03-04 12:55:45,822 [grpc-default-executor-2] INFO  server.RaftServer$Division (RaftServerImpl.java:requestVote(1389)) - da245a40-dab6-49b3-9cd4-dfd962afc5b6@group-7C7A0ECEAE05: receive requestVote(PRE_VOTE, 00bce28b-f3a7-4d13-8bf8-b8e0995a094e, group-7C7A0ECEAE05, 0, (t:0, i:0))
2024-03-04 12:55:45,823 [grpc-default-executor-2] INFO  impl.VoteContext (VoteContext.java:log(49)) - da245a40-dab6-49b3-9cd4-dfd962afc5b6@group-7C7A0ECEAE05-CANDIDATE: reject PRE_VOTE from 00bce28b-f3a7-4d13-8bf8-b8e0995a094e: our priority 1 > candidate's priority 0
2024-03-04 12:55:45,823 [grpc-default-executor-2] INFO  server.RaftServer$Division (RaftServerImpl.java:requestVote(1422)) - da245a40-dab6-49b3-9cd4-dfd962afc5b6@group-7C7A0ECEAE05 replies to PRE_VOTE vote request: 00bce28b-f3a7-4d13-8bf8-b8e0995a094e<-da245a40-dab6-49b3-9cd4-dfd962afc5b6#0:FAIL-t1. Peer's state: da245a40-dab6-49b3-9cd4-dfd962afc5b6@group-7C7A0ECEAE05:t1, leader=null, voted=da245a40-dab6-49b3-9cd4-dfd962afc5b6, raftlog=Memoized:da245a40-dab6-49b3-9cd4-dfd962afc5b6@group-7C7A0ECEAE05-SegmentedRaftLog:OPENED:c-1, conf=-1: peers:[b3e6aaac-f754-418b-8ee3-735c124d2005|10.1.0.12:15108, da245a40-dab6-49b3-9cd4-dfd962afc5b6|10.1.0.12:15117, 00bce28b-f3a7-4d13-8bf8-b8e0995a094e|10.1.0.12:15126]|listeners:[], old=null
2024-03-04 12:55:45,822 [b3e6aaac-f754-418b-8ee3-735c124d2005@group-F9904FD1CC47-LeaderElection26] INFO  grpc.GrpcConfigKeys (ConfUtils.java:logGet(46)) - raft.grpc.server.log-message.batch.duration = 5s (default)
2024-03-04 12:55:45,823 [b3e6aaac-f754-418b-8ee3-735c124d2005@group-F9904FD1CC47-LeaderElection26] INFO  server.RaftServerConfigKeys (ConfUtils.java:logGet(46)) - raft.server.log.appender.install.snapshot.enabled = false (custom)
2024-03-04 12:55:45,823 [b3e6aaac-f754-418b-8ee3-735c124d2005@group-F9904FD1CC47-LeaderElection26] INFO  grpc.GrpcConfigKeys (ConfUtils.java:logGet(46)) - raft.grpc.server.heartbeat.channel = true (default)
2024-03-04 12:55:45,823 [grpc-default-executor-4] INFO  server.RaftServer$Division (RaftServerImpl.java:requestVote(1422)) - b3e6aaac-f754-418b-8ee3-735c124d2005@group-7C7A0ECEAE05 replies to ELECTION vote request: da245a40-dab6-49b3-9cd4-dfd962afc5b6<-b3e6aaac-f754-418b-8ee3-735c124d2005#0:OK-t1. Peer's state: b3e6aaac-f754-418b-8ee3-735c124d2005@group-7C7A0ECEAE05:t1, leader=null, voted=da245a40-dab6-49b3-9cd4-dfd962afc5b6, raftlog=Memoized:b3e6aaac-f754-418b-8ee3-735c124d2005@group-7C7A0ECEAE05-SegmentedRaftLog:OPENED:c-1, conf=-1: peers:[b3e6aaac-f754-418b-8ee3-735c124d2005|10.1.0.12:15108, da245a40-dab6-49b3-9cd4-dfd962afc5b6|10.1.0.12:15117, 00bce28b-f3a7-4d13-8bf8-b8e0995a094e|10.1.0.12:15126]|listeners:[], old=null
2024-03-04 12:55:45,823 [00bce28b-f3a7-4d13-8bf8-b8e0995a094e@group-7C7A0ECEAE05-LeaderElection28] INFO  impl.LeaderElection (LeaderElection.java:logAndReturn(89)) - 00bce28b-f3a7-4d13-8bf8-b8e0995a094e@group-7C7A0ECEAE05-LeaderElection28: PRE_VOTE DISCOVERED_A_NEW_TERM (term=1) received 1 response(s) and 0 exception(s):
2024-03-04 12:55:45,823 [b3e6aaac-f754-418b-8ee3-735c124d2005@group-F9904FD1CC47-LeaderElection26] INFO  impl.RoleInfo (RoleInfo.java:updateAndGet(139)) - b3e6aaac-f754-418b-8ee3-735c124d2005: start b3e6aaac-f754-418b-8ee3-735c124d2005@group-F9904FD1CC47-LeaderStateImpl
2024-03-04 12:55:45,823 [b3e6aaac-f754-418b-8ee3-735c124d2005@group-F9904FD1CC47-LeaderElection26] INFO  server.RaftServer$Division (RaftServerImpl.java:setFirstElection(574)) - b3e6aaac-f754-418b-8ee3-735c124d2005@group-F9904FD1CC47: set firstElectionSinceStartup to false for becomeLeader
2024-03-04 12:55:45,823 [00bce28b-f3a7-4d13-8bf8-b8e0995a094e@group-7C7A0ECEAE05-LeaderElection28] INFO  impl.LeaderElection (LeaderElection.java:logAndReturn(93)) -   Response 0: 00bce28b-f3a7-4d13-8bf8-b8e0995a094e<-da245a40-dab6-49b3-9cd4-dfd962afc5b6#0:FAIL-t1
2024-03-04 12:55:45,823 [00bce28b-f3a7-4d13-8bf8-b8e0995a094e@group-7C7A0ECEAE05-LeaderElection28] INFO  impl.LeaderElection (LeaderElection.java:askForVotes(323)) - 00bce28b-f3a7-4d13-8bf8-b8e0995a094e@group-7C7A0ECEAE05-LeaderElection28 PRE_VOTE round 0: result DISCOVERED_A_NEW_TERM (term=1)
2024-03-04 12:55:45,823 [b3e6aaac-f754-418b-8ee3-735c124d2005@group-F9904FD1CC47-LeaderElection26] INFO  ratis.XceiverServerRatis (XceiverServerRatis.java:handleLeaderChangedNotification(966)) - Leader change notification received for group: group-F9904FD1CC47 with new leaderId: b3e6aaac-f754-418b-8ee3-735c124d2005
2024-03-04 12:55:45,824 [grpc-default-executor-4] INFO  server.RaftServer$Division (RaftServerImpl.java:requestVote(1389)) - b3e6aaac-f754-418b-8ee3-735c124d2005@group-7C7A0ECEAE05: receive requestVote(PRE_VOTE, 00bce28b-f3a7-4d13-8bf8-b8e0995a094e, group-7C7A0ECEAE05, 0, (t:0, i:0))
2024-03-04 12:55:45,824 [b3e6aaac-f754-418b-8ee3-735c124d2005@group-F9904FD1CC47-LeaderElection26] INFO  server.RaftServer$Division (ServerState.java:setLeader(269)) - b3e6aaac-f754-418b-8ee3-735c124d2005@group-F9904FD1CC47: change Leader from null to b3e6aaac-f754-418b-8ee3-735c124d2005 at term 1 for becomeLeader, leader elected after 5199ms
2024-03-04 12:55:45,824 [grpc-default-executor-4] INFO  impl.VoteContext (VoteContext.java:log(49)) - b3e6aaac-f754-418b-8ee3-735c124d2005@group-7C7A0ECEAE05-FOLLOWER: accept PRE_VOTE from 00bce28b-f3a7-4d13-8bf8-b8e0995a094e: our priority 0 <= candidate's priority 0
2024-03-04 12:55:45,824 [grpc-default-executor-4] INFO  server.RaftServer$Division (RaftServerImpl.java:requestVote(1422)) - b3e6aaac-f754-418b-8ee3-735c124d2005@group-7C7A0ECEAE05 replies to PRE_VOTE vote request: 00bce28b-f3a7-4d13-8bf8-b8e0995a094e<-b3e6aaac-f754-418b-8ee3-735c124d2005#0:OK-t1. Peer's state: b3e6aaac-f754-418b-8ee3-735c124d2005@group-7C7A0ECEAE05:t1, leader=null, voted=da245a40-dab6-49b3-9cd4-dfd962afc5b6, raftlog=Memoized:b3e6aaac-f754-418b-8ee3-735c124d2005@group-7C7A0ECEAE05-SegmentedRaftLog:OPENED:c-1, conf=-1: peers:[b3e6aaac-f754-418b-8ee3-735c124d2005|10.1.0.12:15108, da245a40-dab6-49b3-9cd4-dfd962afc5b6|10.1.0.12:15117, 00bce28b-f3a7-4d13-8bf8-b8e0995a094e|10.1.0.12:15126]|listeners:[], old=null
2024-03-04 12:55:45,824 [b3e6aaac-f754-418b-8ee3-735c124d2005@group-F9904FD1CC47-LeaderElection26] INFO  segmented.SegmentedRaftLogWorker (SegmentedRaftLogWorker.java:startLogSegment(430)) - b3e6aaac-f754-418b-8ee3-735c124d2005@group-F9904FD1CC47-SegmentedRaftLogWorker: Starting segment from index:0
2024-03-04 12:55:45,825 [b3e6aaac-f754-418b-8ee3-735c124d2005@group-F9904FD1CC47-LeaderElection26] INFO  server.RaftServer$Division (ServerState.java:setRaftConf(386)) - b3e6aaac-f754-418b-8ee3-735c124d2005@group-F9904FD1CC47: set configuration 0: peers:[b3e6aaac-f754-418b-8ee3-735c124d2005|10.1.0.12:15108, da245a40-dab6-49b3-9cd4-dfd962afc5b6|10.1.0.12:15117, 00bce28b-f3a7-4d13-8bf8-b8e0995a094e|10.1.0.12:15126]|listeners:[], old=null
2024-03-04 12:55:45,825 [da245a40-dab6-49b3-9cd4-dfd962afc5b6@group-7C7A0ECEAE05-LeaderElection27] INFO  impl.LeaderElection (LeaderElection.java:logAndReturn(89)) - da245a40-dab6-49b3-9cd4-dfd962afc5b6@group-7C7A0ECEAE05-LeaderElection27: ELECTION PASSED received 1 response(s) and 0 exception(s):
2024-03-04 12:55:45,825 [da245a40-dab6-49b3-9cd4-dfd962afc5b6@group-7C7A0ECEAE05-LeaderElection27] INFO  impl.LeaderElection (LeaderElection.java:logAndReturn(93)) -   Response 0: da245a40-dab6-49b3-9cd4-dfd962afc5b6<-00bce28b-f3a7-4d13-8bf8-b8e0995a094e#0:OK-t1
2024-03-04 12:55:45,826 [b3e6aaac-f754-418b-8ee3-735c124d2005@group-F9904FD1CC47-SegmentedRaftLogWorker] INFO  segmented.BufferedWriteChannel (BufferedWriteChannel.java:open(62)) - open log_inprogress_0 at position 0
2024-03-04 12:55:45,826 [da245a40-dab6-49b3-9cd4-dfd962afc5b6@group-7C7A0ECEAE05-LeaderElection27] INFO  impl.LeaderElection (LeaderElection.java:askForVotes(323)) - da245a40-dab6-49b3-9cd4-dfd962afc5b6@group-7C7A0ECEAE05-LeaderElection27 ELECTION round 0: result PASSED
2024-03-04 12:55:45,827 [da245a40-dab6-49b3-9cd4-dfd962afc5b6@group-7C7A0ECEAE05-LeaderElection27] INFO  impl.RoleInfo (RoleInfo.java:shutdownLeaderElection(130)) - da245a40-dab6-49b3-9cd4-dfd962afc5b6: shutdown da245a40-dab6-49b3-9cd4-dfd962afc5b6@group-7C7A0ECEAE05-LeaderElection27
2024-03-04 12:55:45,827 [da245a40-dab6-49b3-9cd4-dfd962afc5b6@group-7C7A0ECEAE05-LeaderElection27] INFO  server.RaftServer$Division (RaftServerImpl.java:setRole(383)) - da245a40-dab6-49b3-9cd4-dfd962afc5b6@group-7C7A0ECEAE05: changes role from CANDIDATE to LEADER at term 1 for changeToLeader
2024-03-04 12:55:45,827 [da245a40-dab6-49b3-9cd4-dfd962afc5b6@group-7C7A0ECEAE05-LeaderElection27] INFO  server.RaftServerConfigKeys (ConfUtils.java:logGet(46)) - raft.server.staging.catchup.gap = 1000 (default)
2024-03-04 12:55:45,827 [da245a40-dab6-49b3-9cd4-dfd962afc5b6@group-7C7A0ECEAE05-LeaderElection27] INFO  server.RaftServerConfigKeys (ConfUtils.java:logGet(46)) - raft.server.write.element-limit = 1024 (custom)
2024-03-04 12:55:45,827 [da245a40-dab6-49b3-9cd4-dfd962afc5b6@group-7C7A0ECEAE05-LeaderElection27] INFO  server.RaftServerConfigKeys (ConfUtils.java:logGet(46)) - raft.server.write.byte-limit = 1024 M (=1073741824) (custom)
2024-03-04 12:55:45,827 [da245a40-dab6-49b3-9cd4-dfd962afc5b6@group-7C7A0ECEAE05-LeaderElection27] INFO  server.RaftServerConfigKeys (ConfUtils.java:logGet(46)) - raft.server.watch.timeout = 180s (custom)
2024-03-04 12:55:45,827 [da245a40-dab6-49b3-9cd4-dfd962afc5b6@group-7C7A0ECEAE05-LeaderElection27] INFO  server.RaftServerConfigKeys (ConfUtils.java:logGet(46)) - raft.server.watch.timeout.denomination = 1s (default)
2024-03-04 12:55:45,827 [da245a40-dab6-49b3-9cd4-dfd962afc5b6@group-7C7A0ECEAE05-LeaderElection27] INFO  server.RaftServerConfigKeys (ConfUtils.java:logGet(46)) - raft.server.watch.element-limit = 65536 (default)
2024-03-04 12:55:45,827 [da245a40-dab6-49b3-9cd4-dfd962afc5b6@group-7C7A0ECEAE05-LeaderElection27] INFO  server.RaftServerConfigKeys (ConfUtils.java:logGet(46)) - raft.server.read.leader.lease.enabled = false (default)
2024-03-04 12:55:45,827 [da245a40-dab6-49b3-9cd4-dfd962afc5b6@group-7C7A0ECEAE05-LeaderElection27] INFO  server.RaftServerConfigKeys (ConfUtils.java:logGet(46)) - raft.server.read.leader.lease.timeout.ratio = 0.9 (default)
2024-03-04 12:55:45,827 [da245a40-dab6-49b3-9cd4-dfd962afc5b6@group-7C7A0ECEAE05-LeaderElection27] INFO  server.RaftServerConfigKeys (ConfUtils.java:logGet(46)) - raft.server.rpc.timeout.min = 5s (custom)
2024-03-04 12:55:45,828 [da245a40-dab6-49b3-9cd4-dfd962afc5b6@group-7C7A0ECEAE05-LeaderElection27] INFO  server.RaftServerConfigKeys (ConfUtils.java:logGet(46)) - raft.server.write.element-limit = 1024 (custom)
2024-03-04 12:55:45,828 [da245a40-dab6-49b3-9cd4-dfd962afc5b6@group-7C7A0ECEAE05-LeaderElection27] INFO  server.RaftServerConfigKeys (ConfUtils.java:logGet(46)) - raft.server.write.follower.gap.ratio.max = -1.0 (default)
2024-03-04 12:55:45,828 [da245a40-dab6-49b3-9cd4-dfd962afc5b6@group-7C7A0ECEAE05-LeaderElection27] INFO  server.RaftServerConfigKeys (ConfUtils.java:logGet(46)) - raft.server.log.appender.snapshot.chunk.size.max = 16MB (=16777216) (default)
2024-03-04 12:55:45,828 [da245a40-dab6-49b3-9cd4-dfd962afc5b6@group-7C7A0ECEAE05-LeaderElection27] INFO  server.RaftServerConfigKeys (ConfUtils.java:logGet(46)) - raft.server.log.appender.buffer.byte-limit = 8388608 (custom)
2024-03-04 12:55:45,828 [da245a40-dab6-49b3-9cd4-dfd962afc5b6@group-7C7A0ECEAE05-LeaderElection27] INFO  server.RaftServerConfigKeys (ConfUtils.java:logGet(46)) - raft.server.log.appender.buffer.element-limit = 1 (custom)
2024-03-04 12:55:45,828 [da245a40-dab6-49b3-9cd4-dfd962afc5b6@group-7C7A0ECEAE05-LeaderElection27] INFO  server.RaftServerConfigKeys (ConfUtils.java:logGet(46)) - raft.server.log.appender.wait-time.min = 0μs (custom)
2024-03-04 12:55:45,828 [da245a40-dab6-49b3-9cd4-dfd962afc5b6@group-7C7A0ECEAE05-LeaderElection27] INFO  grpc.GrpcConfigKeys (ConfUtils.java:logGet(46)) - raft.grpc.server.leader.outstanding.appends.max = 8 (default)
2024-03-04 12:55:45,829 [da245a40-dab6-49b3-9cd4-dfd962afc5b6@group-7C7A0ECEAE05-LeaderElection27] INFO  server.RaftServerConfigKeys (ConfUtils.java:logGet(46)) - raft.server.rpc.request.timeout = 60s (custom)
2024-03-04 12:55:45,829 [da245a40-dab6-49b3-9cd4-dfd962afc5b6@group-7C7A0ECEAE05-LeaderElection27] INFO  grpc.GrpcConfigKeys (ConfUtils.java:logGet(46)) - raft.grpc.server.install_snapshot.request.element-limit = 8 (default)
2024-03-04 12:55:45,829 [da245a40-dab6-49b3-9cd4-dfd962afc5b6@group-7C7A0ECEAE05-LeaderElection27] INFO  grpc.GrpcConfigKeys (ConfUtils.java:logGet(46)) - raft.grpc.server.install_snapshot.request.timeout = 3000ms (default)
2024-03-04 12:55:45,829 [da245a40-dab6-49b3-9cd4-dfd962afc5b6@group-7C7A0ECEAE05-LeaderElection27] INFO  grpc.GrpcConfigKeys (ConfUtils.java:logGet(46)) - raft.grpc.server.log-message.batch.duration = 5s (default)
2024-03-04 12:55:45,829 [da245a40-dab6-49b3-9cd4-dfd962afc5b6@group-7C7A0ECEAE05-LeaderElection27] INFO  server.RaftServerConfigKeys (ConfUtils.java:logGet(46)) - raft.server.log.appender.install.snapshot.enabled = false (custom)
2024-03-04 12:55:45,829 [da245a40-dab6-49b3-9cd4-dfd962afc5b6@group-7C7A0ECEAE05-LeaderElection27] INFO  grpc.GrpcConfigKeys (ConfUtils.java:logGet(46)) - raft.grpc.server.heartbeat.channel = true (default)
2024-03-04 12:55:45,832 [da245a40-dab6-49b3-9cd4-dfd962afc5b6-server-thread1] INFO  ratis.XceiverServerRatis (XceiverServerRatis.java:handleLeaderChangedNotification(966)) - Leader change notification received for group: group-F9904FD1CC47 with new leaderId: b3e6aaac-f754-418b-8ee3-735c124d2005
2024-03-04 12:55:45,832 [da245a40-dab6-49b3-9cd4-dfd962afc5b6-server-thread1] INFO  server.RaftServer$Division (ServerState.java:setLeader(269)) - da245a40-dab6-49b3-9cd4-dfd962afc5b6@group-F9904FD1CC47: change Leader from null to b3e6aaac-f754-418b-8ee3-735c124d2005 at term 1 for appendEntries, leader elected after 5189ms
2024-03-04 12:55:45,832 [00bce28b-f3a7-4d13-8bf8-b8e0995a094e-server-thread1] INFO  ratis.XceiverServerRatis (XceiverServerRatis.java:handleLeaderChangedNotification(966)) - Leader change notification received for group: group-F9904FD1CC47 with new leaderId: b3e6aaac-f754-418b-8ee3-735c124d2005
2024-03-04 12:55:45,832 [00bce28b-f3a7-4d13-8bf8-b8e0995a094e-server-thread1] INFO  server.RaftServer$Division (ServerState.java:setLeader(269)) - 00bce28b-f3a7-4d13-8bf8-b8e0995a094e@group-F9904FD1CC47: change Leader from null to b3e6aaac-f754-418b-8ee3-735c124d2005 at term 1 for appendEntries, leader elected after 5162ms
2024-03-04 12:55:45,833 [da245a40-dab6-49b3-9cd4-dfd962afc5b6@group-7C7A0ECEAE05-LeaderElection27] INFO  server.RaftServerConfigKeys (ConfUtils.java:logGet(46)) - raft.server.log.appender.snapshot.chunk.size.max = 16MB (=16777216) (default)
2024-03-04 12:55:45,833 [EventQueue-PipelineReportForPipelineReportHandler] INFO  pipeline.PipelineReportHandler (PipelineReportHandler.java:processPipelineReport(136)) - Opened pipeline PipelineID=e07c6d33-a80f-4e2b-b14b-f9904fd1cc47
2024-03-04 12:55:45,833 [da245a40-dab6-49b3-9cd4-dfd962afc5b6@group-7C7A0ECEAE05-LeaderElection27] INFO  server.RaftServerConfigKeys (ConfUtils.java:logGet(46)) - raft.server.log.appender.buffer.byte-limit = 8388608 (custom)
2024-03-04 12:55:45,833 [EventQueue-OpenPipelineForHealthyPipelineSafeModeRule] INFO  safemode.SCMSafeModeManager (HealthyPipelineSafeModeRule.java:process(140)) - SCM in safe mode. Healthy pipelines reported count is 1, required healthy pipeline reported count is 1
2024-03-04 12:55:45,833 [da245a40-dab6-49b3-9cd4-dfd962afc5b6@group-7C7A0ECEAE05-LeaderElection27] INFO  server.RaftServerConfigKeys (ConfUtils.java:logGet(46)) - raft.server.log.appender.buffer.element-limit = 1 (custom)
2024-03-04 12:55:45,833 [EventQueue-OpenPipelineForHealthyPipelineSafeModeRule] INFO  safemode.SCMSafeModeManager (SCMSafeModeManager.java:validateSafeModeExitRules(200)) - HealthyPipelineSafeModeRule rule is successfully validated
2024-03-04 12:55:45,833 [da245a40-dab6-49b3-9cd4-dfd962afc5b6@group-7C7A0ECEAE05-LeaderElection27] INFO  server.RaftServerConfigKeys (ConfUtils.java:logGet(46)) - raft.server.log.appender.wait-time.min = 0μs (custom)
2024-03-04 12:55:45,833 [EventQueue-OpenPipelineForHealthyPipelineSafeModeRule] INFO  safemode.SCMSafeModeManager (SCMSafeModeManager.java:validateSafeModeExitRules(215)) - ScmSafeModeManager, all rules are successfully validated
2024-03-04 12:55:45,833 [EventQueue-OpenPipelineForHealthyPipelineSafeModeRule] INFO  safemode.SCMSafeModeManager (SCMSafeModeManager.java:exitSafeMode(244)) - SCM exiting safe mode.
2024-03-04 12:55:45,833 [EventQueue-OpenPipelineForHealthyPipelineSafeModeRule] INFO  ha.SCMContext (SCMContext.java:updateSafeModeStatus(225)) - Update SafeModeStatus from SafeModeStatus{safeModeStatus=true, preCheckPassed=true} to SafeModeStatus{safeModeStatus=false, preCheckPassed=true}.
2024-03-04 12:55:45,833 [EventQueue-OpenPipelineForHealthyPipelineSafeModeRule] INFO  pipeline.BackgroundPipelineCreator (BackgroundPipelineCreator.java:notifyStatusChanged(258)) - Service BackgroundPipelineCreator transitions to RUNNING.
2024-03-04 12:55:45,834 [EventQueue-OpenPipelineForHealthyPipelineSafeModeRule] INFO  BackgroundPipelineScrubber (BackgroundSCMService.java:notifyStatusChanged(79)) - Service BackgroundPipelineScrubber transitions to RUNNING.
2024-03-04 12:55:45,834 [EventQueue-OpenPipelineForHealthyPipelineSafeModeRule] INFO  ExpiredContainerReplicaOpScrubber (BackgroundSCMService.java:notifyStatusChanged(79)) - Service ExpiredContainerReplicaOpScrubber transitions to RUNNING.
2024-03-04 12:55:45,834 [EventQueue-OpenPipelineForHealthyPipelineSafeModeRule] INFO  block.SCMBlockDeletingService (SCMBlockDeletingService.java:notifyStatusChanged(247)) - notifyStatusChanged:RUNNING
2024-03-04 12:55:45,834 [EventQueue-OpenPipelineForHealthyPipelineSafeModeRule] INFO  replication.ReplicationManager (ReplicationManager.java:notifyStatusChanged(1403)) - Service ReplicationManager transitions to RUNNING.
2024-03-04 12:55:45,833 [da245a40-dab6-49b3-9cd4-dfd962afc5b6@group-7C7A0ECEAE05-LeaderElection27] INFO  grpc.GrpcConfigKeys (ConfUtils.java:logGet(46)) - raft.grpc.server.leader.outstanding.appends.max = 8 (default)
2024-03-04 12:55:45,834 [da245a40-dab6-49b3-9cd4-dfd962afc5b6@group-7C7A0ECEAE05-LeaderElection27] INFO  server.RaftServerConfigKeys (ConfUtils.java:logGet(46)) - raft.server.rpc.request.timeout = 60s (custom)
2024-03-04 12:55:45,834 [da245a40-dab6-49b3-9cd4-dfd962afc5b6@group-7C7A0ECEAE05-LeaderElection27] INFO  grpc.GrpcConfigKeys (ConfUtils.java:logGet(46)) - raft.grpc.server.install_snapshot.request.element-limit = 8 (default)
2024-03-04 12:55:45,834 [da245a40-dab6-49b3-9cd4-dfd962afc5b6@group-7C7A0ECEAE05-LeaderElection27] INFO  grpc.GrpcConfigKeys (ConfUtils.java:logGet(46)) - raft.grpc.server.install_snapshot.request.timeout = 3000ms (default)
2024-03-04 12:55:45,834 [da245a40-dab6-49b3-9cd4-dfd962afc5b6@group-7C7A0ECEAE05-LeaderElection27] INFO  grpc.GrpcConfigKeys (ConfUtils.java:logGet(46)) - raft.grpc.server.log-message.batch.duration = 5s (default)
2024-03-04 12:55:45,834 [da245a40-dab6-49b3-9cd4-dfd962afc5b6@group-7C7A0ECEAE05-LeaderElection27] INFO  server.RaftServerConfigKeys (ConfUtils.java:logGet(46)) - raft.server.log.appender.install.snapshot.enabled = false (custom)
2024-03-04 12:55:45,834 [da245a40-dab6-49b3-9cd4-dfd962afc5b6@group-7C7A0ECEAE05-LeaderElection27] INFO  grpc.GrpcConfigKeys (ConfUtils.java:logGet(46)) - raft.grpc.server.heartbeat.channel = true (default)
2024-03-04 12:55:45,834 [da245a40-dab6-49b3-9cd4-dfd962afc5b6@group-7C7A0ECEAE05-LeaderElection27] INFO  impl.RoleInfo (RoleInfo.java:updateAndGet(139)) - da245a40-dab6-49b3-9cd4-dfd962afc5b6: start da245a40-dab6-49b3-9cd4-dfd962afc5b6@group-7C7A0ECEAE05-LeaderStateImpl
2024-03-04 12:55:45,835 [da245a40-dab6-49b3-9cd4-dfd962afc5b6@group-7C7A0ECEAE05-LeaderElection27] INFO  server.RaftServer$Division (RaftServerImpl.java:setFirstElection(574)) - da245a40-dab6-49b3-9cd4-dfd962afc5b6@group-7C7A0ECEAE05: set firstElectionSinceStartup to false for becomeLeader
2024-03-04 12:55:45,835 [da245a40-dab6-49b3-9cd4-dfd962afc5b6@group-7C7A0ECEAE05-LeaderElection27] INFO  ratis.XceiverServerRatis (XceiverServerRatis.java:handleLeaderChangedNotification(966)) - Leader change notification received for group: group-7C7A0ECEAE05 with new leaderId: da245a40-dab6-49b3-9cd4-dfd962afc5b6
2024-03-04 12:55:45,835 [EventQueue-OpenPipelineForHealthyPipelineSafeModeRule] WARN  balancer.ContainerBalancer (ContainerBalancer.java:shouldRun(134)) - Could not find persisted configuration for ContainerBalancer when checking if ContainerBalancer should run. ContainerBalancer should not run now.
2024-03-04 12:55:45,838 [da245a40-dab6-49b3-9cd4-dfd962afc5b6-server-thread1] INFO  server.RaftServer$Division (ServerState.java:setRaftConf(386)) - da245a40-dab6-49b3-9cd4-dfd962afc5b6@group-F9904FD1CC47: set configuration 0: peers:[b3e6aaac-f754-418b-8ee3-735c124d2005|10.1.0.12:15108, da245a40-dab6-49b3-9cd4-dfd962afc5b6|10.1.0.12:15117, 00bce28b-f3a7-4d13-8bf8-b8e0995a094e|10.1.0.12:15126]|listeners:[], old=null
2024-03-04 12:55:45,838 [main] INFO  ozone.MiniOzoneClusterImpl (MiniOzoneClusterImpl.java:lambda$waitForClusterToBeReady$0(194)) - Nodes are ready. Got 3 of 3 DN Heartbeats.
2024-03-04 12:55:45,842 [main] INFO  ozone.MiniOzoneClusterImpl (MiniOzoneClusterImpl.java:lambda$waitForClusterToBeReady$0(197)) - Cluster exits safe mode
2024-03-04 12:55:45,842 [main] INFO  ozone.MiniOzoneClusterImpl (MiniOzoneClusterImpl.java:lambda$waitForClusterToBeReady$0(199)) - SCM became leader
2024-03-04 12:55:45,843 [main] INFO  protocolPB.OmTransportFactory (OmTransportFactory.java:createFactory(62)) - Loading OM transport implementation org.apache.hadoop.ozone.om.protocolPB.Hadoop3OmTransportFactory as specified by configuration.
2024-03-04 12:55:45,842 [da245a40-dab6-49b3-9cd4-dfd962afc5b6@group-7C7A0ECEAE05-LeaderElection27] INFO  server.RaftServer$Division (ServerState.java:setLeader(269)) - da245a40-dab6-49b3-9cd4-dfd962afc5b6@group-7C7A0ECEAE05: change Leader from null to da245a40-dab6-49b3-9cd4-dfd962afc5b6 at term 1 for becomeLeader, leader elected after 5101ms
2024-03-04 12:55:45,842 [00bce28b-f3a7-4d13-8bf8-b8e0995a094e-server-thread3] INFO  server.RaftServer$Division (ServerState.java:setRaftConf(386)) - 00bce28b-f3a7-4d13-8bf8-b8e0995a094e@group-F9904FD1CC47: set configuration 0: peers:[b3e6aaac-f754-418b-8ee3-735c124d2005|10.1.0.12:15108, da245a40-dab6-49b3-9cd4-dfd962afc5b6|10.1.0.12:15117, 00bce28b-f3a7-4d13-8bf8-b8e0995a094e|10.1.0.12:15126]|listeners:[], old=null
2024-03-04 12:55:45,844 [da245a40-dab6-49b3-9cd4-dfd962afc5b6@group-7C7A0ECEAE05-LeaderElection27] INFO  segmented.SegmentedRaftLogWorker (SegmentedRaftLogWorker.java:startLogSegment(430)) - da245a40-dab6-49b3-9cd4-dfd962afc5b6@group-7C7A0ECEAE05-SegmentedRaftLogWorker: Starting segment from index:0
2024-03-04 12:55:45,844 [00bce28b-f3a7-4d13-8bf8-b8e0995a094e-server-thread3] INFO  segmented.SegmentedRaftLogWorker (SegmentedRaftLogWorker.java:startLogSegment(430)) - 00bce28b-f3a7-4d13-8bf8-b8e0995a094e@group-F9904FD1CC47-SegmentedRaftLogWorker: Starting segment from index:0
2024-03-04 12:55:45,842 [b3e6aaac-f754-418b-8ee3-735c124d2005@group-F9904FD1CC47-SegmentedRaftLogWorker] INFO  segmented.SegmentedRaftLogWorker (SegmentedRaftLogWorker.java:execute(634)) - b3e6aaac-f754-418b-8ee3-735c124d2005@group-F9904FD1CC47-SegmentedRaftLogWorker: created new log segment /home/runner/work/ozone/ozone/hadoop-ozone/integration-test/target/test-dir/MiniOzoneClusterImpl-5dfaf9ee-e84d-4a0a-b307-fdee3dcb636e/ozone-meta/datanode-1/ratis/e07c6d33-a80f-4e2b-b14b-f9904fd1cc47/current/log_inprogress_0
2024-03-04 12:55:45,838 [da245a40-dab6-49b3-9cd4-dfd962afc5b6-server-thread1] INFO  segmented.SegmentedRaftLogWorker (SegmentedRaftLogWorker.java:startLogSegment(430)) - da245a40-dab6-49b3-9cd4-dfd962afc5b6@group-F9904FD1CC47-SegmentedRaftLogWorker: Starting segment from index:0
2024-03-04 12:55:45,846 [00bce28b-f3a7-4d13-8bf8-b8e0995a094e@group-F9904FD1CC47-SegmentedRaftLogWorker] INFO  segmented.BufferedWriteChannel (BufferedWriteChannel.java:open(62)) - open log_inprogress_0 at position 0
2024-03-04 12:55:45,847 [da245a40-dab6-49b3-9cd4-dfd962afc5b6@group-7C7A0ECEAE05-LeaderElection27] INFO  server.RaftServer$Division (ServerState.java:setRaftConf(386)) - da245a40-dab6-49b3-9cd4-dfd962afc5b6@group-7C7A0ECEAE05: set configuration 0: peers:[b3e6aaac-f754-418b-8ee3-735c124d2005|10.1.0.12:15108, da245a40-dab6-49b3-9cd4-dfd962afc5b6|10.1.0.12:15117, 00bce28b-f3a7-4d13-8bf8-b8e0995a094e|10.1.0.12:15126]|listeners:[], old=null
2024-03-04 12:55:45,854 [00bce28b-f3a7-4d13-8bf8-b8e0995a094e@group-F9904FD1CC47-SegmentedRaftLogWorker] INFO  segmented.SegmentedRaftLogWorker (SegmentedRaftLogWorker.java:execute(634)) - 00bce28b-f3a7-4d13-8bf8-b8e0995a094e@group-F9904FD1CC47-SegmentedRaftLogWorker: created new log segment /home/runner/work/ozone/ozone/hadoop-ozone/integration-test/target/test-dir/MiniOzoneClusterImpl-5dfaf9ee-e84d-4a0a-b307-fdee3dcb636e/ozone-meta/datanode-3/ratis/e07c6d33-a80f-4e2b-b14b-f9904fd1cc47/current/log_inprogress_0
2024-03-04 12:55:45,855 [da245a40-dab6-49b3-9cd4-dfd962afc5b6@group-7C7A0ECEAE05-SegmentedRaftLogWorker] INFO  segmented.BufferedWriteChannel (BufferedWriteChannel.java:open(62)) - open log_inprogress_0 at position 0
2024-03-04 12:55:45,857 [EventQueue-PipelineReportForPipelineReportHandler] INFO  pipeline.PipelineReportHandler (PipelineReportHandler.java:processPipelineReport(136)) - Opened pipeline PipelineID=53ed1d05-7418-4fed-919e-7c7a0eceae05
2024-03-04 12:55:45,859 [da245a40-dab6-49b3-9cd4-dfd962afc5b6@group-F9904FD1CC47-SegmentedRaftLogWorker] INFO  segmented.BufferedWriteChannel (BufferedWriteChannel.java:open(62)) - open log_inprogress_0 at position 0
2024-03-04 12:55:45,864 [da245a40-dab6-49b3-9cd4-dfd962afc5b6@group-7C7A0ECEAE05-SegmentedRaftLogWorker] INFO  segmented.SegmentedRaftLogWorker (SegmentedRaftLogWorker.java:execute(634)) - da245a40-dab6-49b3-9cd4-dfd962afc5b6@group-7C7A0ECEAE05-SegmentedRaftLogWorker: created new log segment /home/runner/work/ozone/ozone/hadoop-ozone/integration-test/target/test-dir/MiniOzoneClusterImpl-5dfaf9ee-e84d-4a0a-b307-fdee3dcb636e/ozone-meta/datanode-2/ratis/53ed1d05-7418-4fed-919e-7c7a0eceae05/current/log_inprogress_0
2024-03-04 12:55:45,867 [da245a40-dab6-49b3-9cd4-dfd962afc5b6@group-F9904FD1CC47-SegmentedRaftLogWorker] INFO  segmented.SegmentedRaftLogWorker (SegmentedRaftLogWorker.java:execute(634)) - da245a40-dab6-49b3-9cd4-dfd962afc5b6@group-F9904FD1CC47-SegmentedRaftLogWorker: created new log segment /home/runner/work/ozone/ozone/hadoop-ozone/integration-test/target/test-dir/MiniOzoneClusterImpl-5dfaf9ee-e84d-4a0a-b307-fdee3dcb636e/ozone-meta/datanode-2/ratis/e07c6d33-a80f-4e2b-b14b-f9904fd1cc47/current/log_inprogress_0
2024-03-04 12:55:45,868 [b3e6aaac-f754-418b-8ee3-735c124d2005@group-F9904FD1CC47-StateMachineUpdater] INFO  server.RaftServer$Division (LeaderStateImpl.java:isApplied(320)) - leader is ready since appliedIndex == 0 >= startIndex == 0
2024-03-04 12:55:45,870 [main] INFO  om.TestOzoneManagerPrepare (TestOzoneManagerPrepare.java:setup(101)) - Waiting for OM leader election
2024-03-04 12:55:45,872 [b3e6aaac-f754-418b-8ee3-735c124d2005-server-thread1] INFO  ratis.XceiverServerRatis (XceiverServerRatis.java:handleLeaderChangedNotification(966)) - Leader change notification received for group: group-7C7A0ECEAE05 with new leaderId: da245a40-dab6-49b3-9cd4-dfd962afc5b6
2024-03-04 12:55:45,872 [b3e6aaac-f754-418b-8ee3-735c124d2005-server-thread1] INFO  server.RaftServer$Division (ServerState.java:setLeader(269)) - b3e6aaac-f754-418b-8ee3-735c124d2005@group-7C7A0ECEAE05: change Leader from null to da245a40-dab6-49b3-9cd4-dfd962afc5b6 at term 1 for appendEntries, leader elected after 5176ms
2024-03-04 12:55:45,874 [00bce28b-f3a7-4d13-8bf8-b8e0995a094e-server-thread1] INFO  ratis.XceiverServerRatis (XceiverServerRatis.java:handleLeaderChangedNotification(966)) - Leader change notification received for group: group-7C7A0ECEAE05 with new leaderId: da245a40-dab6-49b3-9cd4-dfd962afc5b6
2024-03-04 12:55:45,874 [00bce28b-f3a7-4d13-8bf8-b8e0995a094e-server-thread1] INFO  server.RaftServer$Division (ServerState.java:setLeader(269)) - 00bce28b-f3a7-4d13-8bf8-b8e0995a094e@group-7C7A0ECEAE05: change Leader from null to da245a40-dab6-49b3-9cd4-dfd962afc5b6 at term 1 for appendEntries, leader elected after 5163ms
2024-03-04 12:55:45,879 [b3e6aaac-f754-418b-8ee3-735c124d2005-server-thread2] INFO  server.RaftServer$Division (ServerState.java:setRaftConf(386)) - b3e6aaac-f754-418b-8ee3-735c124d2005@group-7C7A0ECEAE05: set configuration 0: peers:[b3e6aaac-f754-418b-8ee3-735c124d2005|10.1.0.12:15108, da245a40-dab6-49b3-9cd4-dfd962afc5b6|10.1.0.12:15117, 00bce28b-f3a7-4d13-8bf8-b8e0995a094e|10.1.0.12:15126]|listeners:[], old=null
2024-03-04 12:55:45,879 [b3e6aaac-f754-418b-8ee3-735c124d2005-server-thread2] INFO  segmented.SegmentedRaftLogWorker (SegmentedRaftLogWorker.java:startLogSegment(430)) - b3e6aaac-f754-418b-8ee3-735c124d2005@group-7C7A0ECEAE05-SegmentedRaftLogWorker: Starting segment from index:0
2024-03-04 12:55:45,879 [b3e6aaac-f754-418b-8ee3-735c124d2005@group-7C7A0ECEAE05-SegmentedRaftLogWorker] INFO  segmented.BufferedWriteChannel (BufferedWriteChannel.java:open(62)) - open log_inprogress_0 at position 0
2024-03-04 12:55:45,882 [00bce28b-f3a7-4d13-8bf8-b8e0995a094e-server-thread2] INFO  server.RaftServer$Division (ServerState.java:setRaftConf(386)) - 00bce28b-f3a7-4d13-8bf8-b8e0995a094e@group-7C7A0ECEAE05: set configuration 0: peers:[b3e6aaac-f754-418b-8ee3-735c124d2005|10.1.0.12:15108, da245a40-dab6-49b3-9cd4-dfd962afc5b6|10.1.0.12:15117, 00bce28b-f3a7-4d13-8bf8-b8e0995a094e|10.1.0.12:15126]|listeners:[], old=null
2024-03-04 12:55:45,883 [00bce28b-f3a7-4d13-8bf8-b8e0995a094e-server-thread2] INFO  segmented.SegmentedRaftLogWorker (SegmentedRaftLogWorker.java:startLogSegment(430)) - 00bce28b-f3a7-4d13-8bf8-b8e0995a094e@group-7C7A0ECEAE05-SegmentedRaftLogWorker: Starting segment from index:0
2024-03-04 12:55:45,883 [00bce28b-f3a7-4d13-8bf8-b8e0995a094e@group-7C7A0ECEAE05-SegmentedRaftLogWorker] INFO  segmented.BufferedWriteChannel (BufferedWriteChannel.java:open(62)) - open log_inprogress_0 at position 0
2024-03-04 12:55:45,887 [omNode-1-OMStateMachineApplyTransactionThread - 0] INFO  upgrade.OMCancelPrepareRequest (OMCancelPrepareRequest.java:validateAndUpdateCache(54)) - OM omNode-1 Received cancel prepare request with log (t:1, i:1)
2024-03-04 12:55:45,888 [omNode-1-OMStateMachineApplyTransactionThread - 0] INFO  upgrade.OMCancelPrepareRequest (OMCancelPrepareRequest.java:validateAndUpdateCache(82)) - OM omNode-1 prepare state cancelled at log (t:1, i:1). Returning response 
2024-03-04 12:55:45,888 [da245a40-dab6-49b3-9cd4-dfd962afc5b6@group-AC597F898EC4-FollowerState] INFO  impl.FollowerState (FollowerState.java:run(143)) - da245a40-dab6-49b3-9cd4-dfd962afc5b6@group-AC597F898EC4-FollowerState: change to CANDIDATE, lastRpcElapsedTime:5123918504ns, electionTimeout:5122ms
2024-03-04 12:55:45,888 [da245a40-dab6-49b3-9cd4-dfd962afc5b6@group-AC597F898EC4-FollowerState] INFO  impl.RoleInfo (RoleInfo.java:shutdownFollowerState(110)) - da245a40-dab6-49b3-9cd4-dfd962afc5b6: shutdown da245a40-dab6-49b3-9cd4-dfd962afc5b6@group-AC597F898EC4-FollowerState
2024-03-04 12:55:45,888 [da245a40-dab6-49b3-9cd4-dfd962afc5b6@group-AC597F898EC4-FollowerState] INFO  server.RaftServer$Division (RaftServerImpl.java:setRole(383)) - da245a40-dab6-49b3-9cd4-dfd962afc5b6@group-AC597F898EC4: changes role from  FOLLOWER to CANDIDATE at term 0 for changeToCandidate
2024-03-04 12:55:45,889 [da245a40-dab6-49b3-9cd4-dfd962afc5b6@group-AC597F898EC4-FollowerState] INFO  server.RaftServerConfigKeys (ConfUtils.java:logGet(46)) - raft.server.leaderelection.pre-vote = true (default)
2024-03-04 12:55:45,889 [da245a40-dab6-49b3-9cd4-dfd962afc5b6@group-AC597F898EC4-FollowerState] INFO  impl.RoleInfo (RoleInfo.java:updateAndGet(139)) - da245a40-dab6-49b3-9cd4-dfd962afc5b6: start da245a40-dab6-49b3-9cd4-dfd962afc5b6@group-AC597F898EC4-LeaderElection29
2024-03-04 12:55:45,889 [b3e6aaac-f754-418b-8ee3-735c124d2005@group-7C7A0ECEAE05-SegmentedRaftLogWorker] INFO  segmented.SegmentedRaftLogWorker (SegmentedRaftLogWorker.java:execute(634)) - b3e6aaac-f754-418b-8ee3-735c124d2005@group-7C7A0ECEAE05-SegmentedRaftLogWorker: created new log segment /home/runner/work/ozone/ozone/hadoop-ozone/integration-test/target/test-dir/MiniOzoneClusterImpl-5dfaf9ee-e84d-4a0a-b307-fdee3dcb636e/ozone-meta/datanode-1/ratis/53ed1d05-7418-4fed-919e-7c7a0eceae05/current/log_inprogress_0
2024-03-04 12:55:45,891 [00bce28b-f3a7-4d13-8bf8-b8e0995a094e@group-7C7A0ECEAE05-SegmentedRaftLogWorker] INFO  segmented.SegmentedRaftLogWorker (SegmentedRaftLogWorker.java:execute(634)) - 00bce28b-f3a7-4d13-8bf8-b8e0995a094e@group-7C7A0ECEAE05-SegmentedRaftLogWorker: created new log segment /home/runner/work/ozone/ozone/hadoop-ozone/integration-test/target/test-dir/MiniOzoneClusterImpl-5dfaf9ee-e84d-4a0a-b307-fdee3dcb636e/ozone-meta/datanode-3/ratis/53ed1d05-7418-4fed-919e-7c7a0eceae05/current/log_inprogress_0
2024-03-04 12:55:45,892 [omNode-2-OMStateMachineApplyTransactionThread - 0] INFO  upgrade.OMCancelPrepareRequest (OMCancelPrepareRequest.java:validateAndUpdateCache(54)) - OM omNode-2 Received cancel prepare request with log (t:1, i:1)
2024-03-04 12:55:45,897 [main] INFO  rpc.RpcClient (RpcClient.java:createVolume(466)) - Creating Volume: vol, with runner as owner and space quota set to -1 bytes, counts quota set to -1
2024-03-04 12:55:45,894 [da245a40-dab6-49b3-9cd4-dfd962afc5b6@group-7C7A0ECEAE05-StateMachineUpdater] INFO  server.RaftServer$Division (LeaderStateImpl.java:isApplied(320)) - leader is ready since appliedIndex == 0 >= startIndex == 0
2024-03-04 12:55:45,906 [da245a40-dab6-49b3-9cd4-dfd962afc5b6@group-AC597F898EC4-LeaderElection29] INFO  impl.LeaderElection (LeaderElection.java:askForVotes(321)) - da245a40-dab6-49b3-9cd4-dfd962afc5b6@group-AC597F898EC4-LeaderElection29 PRE_VOTE round 0: submit vote requests at term 0 for -1: peers:[da245a40-dab6-49b3-9cd4-dfd962afc5b6|10.1.0.12:15117]|listeners:[], old=null
2024-03-04 12:55:45,906 [da245a40-dab6-49b3-9cd4-dfd962afc5b6@group-AC597F898EC4-LeaderElection29] INFO  impl.LeaderElection (LeaderElection.java:askForVotes(323)) - da245a40-dab6-49b3-9cd4-dfd962afc5b6@group-AC597F898EC4-LeaderElection29 PRE_VOTE round 0: result PASSED (term=0)
2024-03-04 12:55:45,906 [omNode-3-OMStateMachineApplyTransactionThread - 0] INFO  upgrade.OMCancelPrepareRequest (OMCancelPrepareRequest.java:validateAndUpdateCache(54)) - OM omNode-3 Received cancel prepare request with log (t:1, i:1)
2024-03-04 12:55:45,909 [da245a40-dab6-49b3-9cd4-dfd962afc5b6@group-AC597F898EC4-LeaderElection29] INFO  impl.LeaderElection (LeaderElection.java:askForVotes(321)) - da245a40-dab6-49b3-9cd4-dfd962afc5b6@group-AC597F898EC4-LeaderElection29 ELECTION round 0: submit vote requests at term 1 for -1: peers:[da245a40-dab6-49b3-9cd4-dfd962afc5b6|10.1.0.12:15117]|listeners:[], old=null
2024-03-04 12:55:45,911 [omNode-1-OMStateMachineApplyTransactionThread - 0] INFO  volume.OMVolumeCreateRequest (OMVolumeCreateRequest.java:validateAndUpdateCache(198)) - created volume:vol for user:runner
2024-03-04 12:55:45,908 [omNode-2-OMStateMachineApplyTransactionThread - 0] INFO  upgrade.OMCancelPrepareRequest (OMCancelPrepareRequest.java:validateAndUpdateCache(82)) - OM omNode-2 prepare state cancelled at log (t:1, i:1). Returning response 
2024-03-04 12:55:45,914 [omNode-3-OMStateMachineApplyTransactionThread - 0] INFO  upgrade.OMCancelPrepareRequest (OMCancelPrepareRequest.java:validateAndUpdateCache(82)) - OM omNode-3 prepare state cancelled at log (t:1, i:1). Returning response 
2024-03-04 12:55:45,916 [omNode-2-OMStateMachineApplyTransactionThread - 0] INFO  volume.OMVolumeCreateRequest (OMVolumeCreateRequest.java:validateAndUpdateCache(198)) - created volume:vol for user:runner
2024-03-04 12:55:45,911 [da245a40-dab6-49b3-9cd4-dfd962afc5b6@group-AC597F898EC4-LeaderElection29] INFO  impl.LeaderElection (LeaderElection.java:askForVotes(323)) - da245a40-dab6-49b3-9cd4-dfd962afc5b6@group-AC597F898EC4-LeaderElection29 ELECTION round 0: result PASSED (term=1)
2024-03-04 12:55:45,917 [omNode-3-OMStateMachineApplyTransactionThread - 0] INFO  volume.OMVolumeCreateRequest (OMVolumeCreateRequest.java:validateAndUpdateCache(198)) - created volume:vol for user:runner
2024-03-04 12:55:45,918 [da245a40-dab6-49b3-9cd4-dfd962afc5b6@group-AC597F898EC4-LeaderElection29] INFO  impl.RoleInfo (RoleInfo.java:shutdownLeaderElection(130)) - da245a40-dab6-49b3-9cd4-dfd962afc5b6: shutdown da245a40-dab6-49b3-9cd4-dfd962afc5b6@group-AC597F898EC4-LeaderElection29
2024-03-04 12:55:45,922 [da245a40-dab6-49b3-9cd4-dfd962afc5b6@group-AC597F898EC4-LeaderElection29] INFO  server.RaftServer$Division (RaftServerImpl.java:setRole(383)) - da245a40-dab6-49b3-9cd4-dfd962afc5b6@group-AC597F898EC4: changes role from CANDIDATE to LEADER at term 1 for changeToLeader
2024-03-04 12:55:45,922 [da245a40-dab6-49b3-9cd4-dfd962afc5b6@group-AC597F898EC4-LeaderElection29] INFO  server.RaftServerConfigKeys (ConfUtils.java:logGet(46)) - raft.server.staging.catchup.gap = 1000 (default)
2024-03-04 12:55:45,922 [da245a40-dab6-49b3-9cd4-dfd962afc5b6@group-AC597F898EC4-LeaderElection29] INFO  server.RaftServerConfigKeys (ConfUtils.java:logGet(46)) - raft.server.write.element-limit = 1024 (custom)
2024-03-04 12:55:45,922 [da245a40-dab6-49b3-9cd4-dfd962afc5b6@group-AC597F898EC4-LeaderElection29] INFO  server.RaftServerConfigKeys (ConfUtils.java:logGet(46)) - raft.server.write.byte-limit = 1024 M (=1073741824) (custom)
2024-03-04 12:55:45,922 [da245a40-dab6-49b3-9cd4-dfd962afc5b6@group-AC597F898EC4-LeaderElection29] INFO  server.RaftServerConfigKeys (ConfUtils.java:logGet(46)) - raft.server.watch.timeout = 180s (custom)
2024-03-04 12:55:45,922 [da245a40-dab6-49b3-9cd4-dfd962afc5b6@group-AC597F898EC4-LeaderElection29] INFO  server.RaftServerConfigKeys (ConfUtils.java:logGet(46)) - raft.server.watch.timeout.denomination = 1s (default)
2024-03-04 12:55:45,922 [da245a40-dab6-49b3-9cd4-dfd962afc5b6@group-AC597F898EC4-LeaderElection29] INFO  server.RaftServerConfigKeys (ConfUtils.java:logGet(46)) - raft.server.watch.element-limit = 65536 (default)
2024-03-04 12:55:45,922 [da245a40-dab6-49b3-9cd4-dfd962afc5b6@group-AC597F898EC4-LeaderElection29] INFO  server.RaftServerConfigKeys (ConfUtils.java:logGet(46)) - raft.server.read.leader.lease.enabled = false (default)
2024-03-04 12:55:45,922 [da245a40-dab6-49b3-9cd4-dfd962afc5b6@group-AC597F898EC4-LeaderElection29] INFO  server.RaftServerConfigKeys (ConfUtils.java:logGet(46)) - raft.server.read.leader.lease.timeout.ratio = 0.9 (default)
2024-03-04 12:55:45,923 [da245a40-dab6-49b3-9cd4-dfd962afc5b6@group-AC597F898EC4-LeaderElection29] INFO  server.RaftServerConfigKeys (ConfUtils.java:logGet(46)) - raft.server.rpc.timeout.min = 5s (custom)
2024-03-04 12:55:45,923 [da245a40-dab6-49b3-9cd4-dfd962afc5b6@group-AC597F898EC4-LeaderElection29] INFO  server.RaftServerConfigKeys (ConfUtils.java:logGet(46)) - raft.server.write.element-limit = 1024 (custom)
2024-03-04 12:55:45,923 [da245a40-dab6-49b3-9cd4-dfd962afc5b6@group-AC597F898EC4-LeaderElection29] INFO  server.RaftServerConfigKeys (ConfUtils.java:logGet(46)) - raft.server.write.follower.gap.ratio.max = -1.0 (default)
2024-03-04 12:55:45,923 [da245a40-dab6-49b3-9cd4-dfd962afc5b6@group-AC597F898EC4-LeaderElection29] INFO  impl.RoleInfo (RoleInfo.java:updateAndGet(139)) - da245a40-dab6-49b3-9cd4-dfd962afc5b6: start da245a40-dab6-49b3-9cd4-dfd962afc5b6@group-AC597F898EC4-LeaderStateImpl
2024-03-04 12:55:45,923 [da245a40-dab6-49b3-9cd4-dfd962afc5b6@group-AC597F898EC4-LeaderElection29] INFO  server.RaftServer$Division (RaftServerImpl.java:setFirstElection(574)) - da245a40-dab6-49b3-9cd4-dfd962afc5b6@group-AC597F898EC4: set firstElectionSinceStartup to false for becomeLeader
2024-03-04 12:55:45,923 [da245a40-dab6-49b3-9cd4-dfd962afc5b6@group-AC597F898EC4-LeaderElection29] INFO  ratis.XceiverServerRatis (XceiverServerRatis.java:handleLeaderChangedNotification(966)) - Leader change notification received for group: group-AC597F898EC4 with new leaderId: da245a40-dab6-49b3-9cd4-dfd962afc5b6
2024-03-04 12:55:45,923 [da245a40-dab6-49b3-9cd4-dfd962afc5b6@group-AC597F898EC4-LeaderElection29] INFO  server.RaftServer$Division (ServerState.java:setLeader(269)) - da245a40-dab6-49b3-9cd4-dfd962afc5b6@group-AC597F898EC4: change Leader from null to da245a40-dab6-49b3-9cd4-dfd962afc5b6 at term 1 for becomeLeader, leader elected after 5171ms
2024-03-04 12:55:45,923 [da245a40-dab6-49b3-9cd4-dfd962afc5b6@group-AC597F898EC4-LeaderElection29] INFO  segmented.SegmentedRaftLogWorker (SegmentedRaftLogWorker.java:startLogSegment(430)) - da245a40-dab6-49b3-9cd4-dfd962afc5b6@group-AC597F898EC4-SegmentedRaftLogWorker: Starting segment from index:0
2024-03-04 12:55:45,925 [da245a40-dab6-49b3-9cd4-dfd962afc5b6@group-AC597F898EC4-LeaderElection29] INFO  server.RaftServer$Division (ServerState.java:setRaftConf(386)) - da245a40-dab6-49b3-9cd4-dfd962afc5b6@group-AC597F898EC4: set configuration 0: peers:[da245a40-dab6-49b3-9cd4-dfd962afc5b6|10.1.0.12:15117]|listeners:[], old=null
2024-03-04 12:55:45,925 [da245a40-dab6-49b3-9cd4-dfd962afc5b6@group-AC597F898EC4-SegmentedRaftLogWorker] INFO  segmented.BufferedWriteChannel (BufferedWriteChannel.java:open(62)) - open log_inprogress_0 at position 0
2024-03-04 12:55:45,932 [da245a40-dab6-49b3-9cd4-dfd962afc5b6@group-AC597F898EC4-SegmentedRaftLogWorker] INFO  segmented.SegmentedRaftLogWorker (SegmentedRaftLogWorker.java:execute(634)) - da245a40-dab6-49b3-9cd4-dfd962afc5b6@group-AC597F898EC4-SegmentedRaftLogWorker: created new log segment /home/runner/work/ozone/ozone/hadoop-ozone/integration-test/target/test-dir/MiniOzoneClusterImpl-5dfaf9ee-e84d-4a0a-b307-fdee3dcb636e/ozone-meta/datanode-2/ratis/2063775f-89cb-4c11-98e0-ac597f898ec4/current/log_inprogress_0
2024-03-04 12:55:45,935 [da245a40-dab6-49b3-9cd4-dfd962afc5b6@group-AC597F898EC4-StateMachineUpdater] INFO  server.RaftServer$Division (LeaderStateImpl.java:isApplied(320)) - leader is ready since appliedIndex == 0 >= startIndex == 0
2024-03-04 12:55:45,936 [00bce28b-f3a7-4d13-8bf8-b8e0995a094e@group-396CC7340946-FollowerState] INFO  impl.FollowerState (FollowerState.java:run(143)) - 00bce28b-f3a7-4d13-8bf8-b8e0995a094e@group-396CC7340946-FollowerState: change to CANDIDATE, lastRpcElapsedTime:5094246550ns, electionTimeout:5093ms
2024-03-04 12:55:45,936 [00bce28b-f3a7-4d13-8bf8-b8e0995a094e@group-396CC7340946-FollowerState] INFO  impl.RoleInfo (RoleInfo.java:shutdownFollowerState(110)) - 00bce28b-f3a7-4d13-8bf8-b8e0995a094e: shutdown 00bce28b-f3a7-4d13-8bf8-b8e0995a094e@group-396CC7340946-FollowerState
2024-03-04 12:55:45,936 [00bce28b-f3a7-4d13-8bf8-b8e0995a094e@group-396CC7340946-FollowerState] INFO  server.RaftServer$Division (RaftServerImpl.java:setRole(383)) - 00bce28b-f3a7-4d13-8bf8-b8e0995a094e@group-396CC7340946: changes role from  FOLLOWER to CANDIDATE at term 0 for changeToCandidate
2024-03-04 12:55:45,942 [main] INFO  rpc.RpcClient (RpcClient.java:createVolume(466)) - Creating Volume: volume0b15fdb0-8fcb-454e-be92-9dfac1056da7, with runner as owner and space quota set to -1 bytes, counts quota set to -1
2024-03-04 12:55:45,943 [00bce28b-f3a7-4d13-8bf8-b8e0995a094e@group-396CC7340946-FollowerState] INFO  server.RaftServerConfigKeys (ConfUtils.java:logGet(46)) - raft.server.leaderelection.pre-vote = true (default)
2024-03-04 12:55:45,945 [00bce28b-f3a7-4d13-8bf8-b8e0995a094e@group-396CC7340946-FollowerState] INFO  impl.RoleInfo (RoleInfo.java:updateAndGet(139)) - 00bce28b-f3a7-4d13-8bf8-b8e0995a094e: start 00bce28b-f3a7-4d13-8bf8-b8e0995a094e@group-396CC7340946-LeaderElection30
2024-03-04 12:55:45,951 [00bce28b-f3a7-4d13-8bf8-b8e0995a094e@group-396CC7340946-LeaderElection30] INFO  impl.LeaderElection (LeaderElection.java:askForVotes(321)) - 00bce28b-f3a7-4d13-8bf8-b8e0995a094e@group-396CC7340946-LeaderElection30 PRE_VOTE round 0: submit vote requests at term 0 for -1: peers:[00bce28b-f3a7-4d13-8bf8-b8e0995a094e|10.1.0.12:15126]|listeners:[], old=null
2024-03-04 12:55:45,952 [00bce28b-f3a7-4d13-8bf8-b8e0995a094e@group-396CC7340946-LeaderElection30] INFO  impl.LeaderElection (LeaderElection.java:askForVotes(323)) - 00bce28b-f3a7-4d13-8bf8-b8e0995a094e@group-396CC7340946-LeaderElection30 PRE_VOTE round 0: result PASSED (term=0)
2024-03-04 12:55:45,953 [omNode-1-OMStateMachineApplyTransactionThread - 0] INFO  volume.OMVolumeCreateRequest (OMVolumeCreateRequest.java:validateAndUpdateCache(198)) - created volume:volume0b15fdb0-8fcb-454e-be92-9dfac1056da7 for user:runner
2024-03-04 12:55:45,953 [omNode-3-OMStateMachineApplyTransactionThread - 0] INFO  volume.OMVolumeCreateRequest (OMVolumeCreateRequest.java:validateAndUpdateCache(198)) - created volume:volume0b15fdb0-8fcb-454e-be92-9dfac1056da7 for user:runner
2024-03-04 12:55:45,955 [00bce28b-f3a7-4d13-8bf8-b8e0995a094e@group-396CC7340946-LeaderElection30] INFO  impl.LeaderElection (LeaderElection.java:askForVotes(321)) - 00bce28b-f3a7-4d13-8bf8-b8e0995a094e@group-396CC7340946-LeaderElection30 ELECTION round 0: submit vote requests at term 1 for -1: peers:[00bce28b-f3a7-4d13-8bf8-b8e0995a094e|10.1.0.12:15126]|listeners:[], old=null
2024-03-04 12:55:45,955 [omNode-2-OMStateMachineApplyTransactionThread - 0] INFO  volume.OMVolumeCreateRequest (OMVolumeCreateRequest.java:validateAndUpdateCache(198)) - created volume:volume0b15fdb0-8fcb-454e-be92-9dfac1056da7 for user:runner
2024-03-04 12:55:45,955 [00bce28b-f3a7-4d13-8bf8-b8e0995a094e@group-396CC7340946-LeaderElection30] INFO  impl.LeaderElection (LeaderElection.java:askForVotes(323)) - 00bce28b-f3a7-4d13-8bf8-b8e0995a094e@group-396CC7340946-LeaderElection30 ELECTION round 0: result PASSED (term=1)
2024-03-04 12:55:45,955 [00bce28b-f3a7-4d13-8bf8-b8e0995a094e@group-396CC7340946-LeaderElection30] INFO  impl.RoleInfo (RoleInfo.java:shutdownLeaderElection(130)) - 00bce28b-f3a7-4d13-8bf8-b8e0995a094e: shutdown 00bce28b-f3a7-4d13-8bf8-b8e0995a094e@group-396CC7340946-LeaderElection30
2024-03-04 12:55:45,955 [00bce28b-f3a7-4d13-8bf8-b8e0995a094e@group-396CC7340946-LeaderElection30] INFO  server.RaftServer$Division (RaftServerImpl.java:setRole(383)) - 00bce28b-f3a7-4d13-8bf8-b8e0995a094e@group-396CC7340946: changes role from CANDIDATE to LEADER at term 1 for changeToLeader
2024-03-04 12:55:45,955 [00bce28b-f3a7-4d13-8bf8-b8e0995a094e@group-396CC7340946-LeaderElection30] INFO  server.RaftServerConfigKeys (ConfUtils.java:logGet(46)) - raft.server.staging.catchup.gap = 1000 (default)
2024-03-04 12:55:45,955 [00bce28b-f3a7-4d13-8bf8-b8e0995a094e@group-396CC7340946-LeaderElection30] INFO  server.RaftServerConfigKeys (ConfUtils.java:logGet(46)) - raft.server.write.element-limit = 1024 (custom)
2024-03-04 12:55:45,955 [00bce28b-f3a7-4d13-8bf8-b8e0995a094e@group-396CC7340946-LeaderElection30] INFO  server.RaftServerConfigKeys (ConfUtils.java:logGet(46)) - raft.server.write.byte-limit = 1024 M (=1073741824) (custom)
2024-03-04 12:55:45,956 [00bce28b-f3a7-4d13-8bf8-b8e0995a094e@group-396CC7340946-LeaderElection30] INFO  server.RaftServerConfigKeys (ConfUtils.java:logGet(46)) - raft.server.watch.timeout = 180s (custom)
2024-03-04 12:55:45,956 [00bce28b-f3a7-4d13-8bf8-b8e0995a094e@group-396CC7340946-LeaderElection30] INFO  server.RaftServerConfigKeys (ConfUtils.java:logGet(46)) - raft.server.watch.timeout.denomination = 1s (default)
2024-03-04 12:55:45,956 [00bce28b-f3a7-4d13-8bf8-b8e0995a094e@group-396CC7340946-LeaderElection30] INFO  server.RaftServerConfigKeys (ConfUtils.java:logGet(46)) - raft.server.watch.element-limit = 65536 (default)
2024-03-04 12:55:45,956 [00bce28b-f3a7-4d13-8bf8-b8e0995a094e@group-396CC7340946-LeaderElection30] INFO  server.RaftServerConfigKeys (ConfUtils.java:logGet(46)) - raft.server.read.leader.lease.enabled = false (default)
2024-03-04 12:55:45,956 [00bce28b-f3a7-4d13-8bf8-b8e0995a094e@group-396CC7340946-LeaderElection30] INFO  server.RaftServerConfigKeys (ConfUtils.java:logGet(46)) - raft.server.read.leader.lease.timeout.ratio = 0.9 (default)
2024-03-04 12:55:45,956 [00bce28b-f3a7-4d13-8bf8-b8e0995a094e@group-396CC7340946-LeaderElection30] INFO  server.RaftServerConfigKeys (ConfUtils.java:logGet(46)) - raft.server.rpc.timeout.min = 5s (custom)
2024-03-04 12:55:45,956 [00bce28b-f3a7-4d13-8bf8-b8e0995a094e@group-396CC7340946-LeaderElection30] INFO  server.RaftServerConfigKeys (ConfUtils.java:logGet(46)) - raft.server.write.element-limit = 1024 (custom)
2024-03-04 12:55:45,956 [00bce28b-f3a7-4d13-8bf8-b8e0995a094e@group-396CC7340946-LeaderElection30] INFO  server.RaftServerConfigKeys (ConfUtils.java:logGet(46)) - raft.server.write.follower.gap.ratio.max = -1.0 (default)
2024-03-04 12:55:45,956 [00bce28b-f3a7-4d13-8bf8-b8e0995a094e@group-396CC7340946-LeaderElection30] INFO  impl.RoleInfo (RoleInfo.java:updateAndGet(139)) - 00bce28b-f3a7-4d13-8bf8-b8e0995a094e: start 00bce28b-f3a7-4d13-8bf8-b8e0995a094e@group-396CC7340946-LeaderStateImpl
2024-03-04 12:55:45,956 [00bce28b-f3a7-4d13-8bf8-b8e0995a094e@group-396CC7340946-LeaderElection30] INFO  server.RaftServer$Division (RaftServerImpl.java:setFirstElection(574)) - 00bce28b-f3a7-4d13-8bf8-b8e0995a094e@group-396CC7340946: set firstElectionSinceStartup to false for becomeLeader
2024-03-04 12:55:45,956 [00bce28b-f3a7-4d13-8bf8-b8e0995a094e@group-396CC7340946-LeaderElection30] INFO  ratis.XceiverServerRatis (XceiverServerRatis.java:handleLeaderChangedNotification(966)) - Leader change notification received for group: group-396CC7340946 with new leaderId: 00bce28b-f3a7-4d13-8bf8-b8e0995a094e
2024-03-04 12:55:45,956 [00bce28b-f3a7-4d13-8bf8-b8e0995a094e@group-396CC7340946-LeaderElection30] INFO  server.RaftServer$Division (ServerState.java:setLeader(269)) - 00bce28b-f3a7-4d13-8bf8-b8e0995a094e@group-396CC7340946: change Leader from null to 00bce28b-f3a7-4d13-8bf8-b8e0995a094e at term 1 for becomeLeader, leader elected after 5125ms
2024-03-04 12:55:45,956 [00bce28b-f3a7-4d13-8bf8-b8e0995a094e@group-396CC7340946-LeaderElection30] INFO  segmented.SegmentedRaftLogWorker (SegmentedRaftLogWorker.java:startLogSegment(430)) - 00bce28b-f3a7-4d13-8bf8-b8e0995a094e@group-396CC7340946-SegmentedRaftLogWorker: Starting segment from index:0
2024-03-04 12:55:45,957 [00bce28b-f3a7-4d13-8bf8-b8e0995a094e@group-396CC7340946-SegmentedRaftLogWorker] INFO  segmented.BufferedWriteChannel (BufferedWriteChannel.java:open(62)) - open log_inprogress_0 at position 0
2024-03-04 12:55:45,958 [00bce28b-f3a7-4d13-8bf8-b8e0995a094e@group-396CC7340946-LeaderElection30] INFO  server.RaftServer$Division (ServerState.java:setRaftConf(386)) - 00bce28b-f3a7-4d13-8bf8-b8e0995a094e@group-396CC7340946: set configuration 0: peers:[00bce28b-f3a7-4d13-8bf8-b8e0995a094e|10.1.0.12:15126]|listeners:[], old=null
2024-03-04 12:55:45,961 [main] INFO  rpc.RpcClient (RpcClient.java:createBucket(692)) - Creating Bucket: volume0b15fdb0-8fcb-454e-be92-9dfac1056da7/bucket, with server-side default bucket layout, runner as owner, Versioning false, Storage Type set to DISK and Encryption set to false, Replication Type set to server-side default replication type, Namespace Quota set to -1, Space Quota set to -1 
2024-03-04 12:55:45,965 [omNode-1-OMStateMachineApplyTransactionThread - 0] INFO  bucket.OMBucketCreateRequest (OMBucketCreateRequest.java:validateAndUpdateCache(292)) - created bucket: bucket of layout OBJECT_STORE in volume: volume0b15fdb0-8fcb-454e-be92-9dfac1056da7
2024-03-04 12:55:45,966 [00bce28b-f3a7-4d13-8bf8-b8e0995a094e@group-396CC7340946-SegmentedRaftLogWorker] INFO  segmented.SegmentedRaftLogWorker (SegmentedRaftLogWorker.java:execute(634)) - 00bce28b-f3a7-4d13-8bf8-b8e0995a094e@group-396CC7340946-SegmentedRaftLogWorker: created new log segment /home/runner/work/ozone/ozone/hadoop-ozone/integration-test/target/test-dir/MiniOzoneClusterImpl-5dfaf9ee-e84d-4a0a-b307-fdee3dcb636e/ozone-meta/datanode-3/ratis/4b10d254-4f84-4f63-a75e-396cc7340946/current/log_inprogress_0
2024-03-04 12:55:45,966 [omNode-3-OMStateMachineApplyTransactionThread - 0] INFO  bucket.OMBucketCreateRequest (OMBucketCreateRequest.java:validateAndUpdateCache(292)) - created bucket: bucket of layout OBJECT_STORE in volume: volume0b15fdb0-8fcb-454e-be92-9dfac1056da7
2024-03-04 12:55:45,966 [omNode-2-OMStateMachineApplyTransactionThread - 0] INFO  bucket.OMBucketCreateRequest (OMBucketCreateRequest.java:validateAndUpdateCache(292)) - created bucket: bucket of layout OBJECT_STORE in volume: volume0b15fdb0-8fcb-454e-be92-9dfac1056da7
2024-03-04 12:55:45,970 [00bce28b-f3a7-4d13-8bf8-b8e0995a094e@group-396CC7340946-StateMachineUpdater] INFO  server.RaftServer$Division (LeaderStateImpl.java:isApplied(320)) - leader is ready since appliedIndex == 0 >= startIndex == 0
2024-03-04 12:55:45,980 [IPC Server handler 4 on default port 15087] INFO  ha.SequenceIdGenerator (SequenceIdGenerator.java:getNextId(145)) - Allocate a batch for containerId, change lastId from 0 to 1000.
2024-03-04 12:55:45,980 [IPC Server handler 4 on default port 15087] WARN  ha.SequenceIdGenerator (SequenceIdGenerator.java:allocateBatch(258)) - Failed to allocate a batch for localId, expected lastId is 0, actual lastId is 113750153625600000.
2024-03-04 12:55:45,981 [IPC Server handler 4 on default port 15087] INFO  ha.SequenceIdGenerator (SequenceIdGenerator.java:getNextId(145)) - Allocate a batch for localId, change lastId from 113750153625600000 to 113750153625601000.
2024-03-04 12:55:46,245 [omNode-1@group-523986131536-StateMachineUpdater] INFO  ratis.OzoneManagerStateMachine (OzoneManagerStateMachine.java:takeSnapshotImpl(467)) -  applied = (t:1, i:49)
2024-03-04 12:55:46,246 [omNode-1@group-523986131536-StateMachineUpdater] INFO  ratis.OzoneManagerStateMachine (OzoneManagerStateMachine.java:takeSnapshotImpl(468)) -  skipped = 49
2024-03-04 12:55:46,246 [omNode-1@group-523986131536-StateMachineUpdater] INFO  ratis.OzoneManagerStateMachine (OzoneManagerStateMachine.java:takeSnapshotImpl(469)) - notified = (t:1, i:50)
2024-03-04 12:55:46,246 [omNode-1@group-523986131536-StateMachineUpdater] INFO  ratis.OzoneManagerStateMachine (OzoneManagerStateMachine.java:takeSnapshotImpl(470)) - snapshot = (t:1, i:50)
2024-03-04 12:55:46,247 [omNode-3-OMStateMachineApplyTransactionThread - 0] INFO  upgrade.OMPrepareRequest (OMPrepareRequest.java:validateAndUpdateCache(69)) - OM omNode-3 Received prepare request with log (t:1, i:51)
2024-03-04 12:55:46,247 [omNode-3-OMStateMachineApplyTransactionThread - 0] INFO  upgrade.OMPrepareRequest (OMPrepareRequest.java:waitForLogIndex(184)) - omNode-3 waiting for index 51 to flush to OM DB and index 52 to flush to Ratis state machine.
2024-03-04 12:55:46,247 [omNode-2-OMStateMachineApplyTransactionThread - 0] INFO  upgrade.OMPrepareRequest (OMPrepareRequest.java:validateAndUpdateCache(69)) - OM omNode-2 Received prepare request with log (t:1, i:51)
2024-03-04 12:55:46,248 [omNode-2-OMStateMachineApplyTransactionThread - 0] INFO  upgrade.OMPrepareRequest (OMPrepareRequest.java:waitForLogIndex(184)) - omNode-2 waiting for index 51 to flush to OM DB and index 52 to flush to Ratis state machine.
2024-03-04 12:55:46,272 [omNode-1@group-523986131536-StateMachineUpdater] INFO  impl.StateMachineUpdater (StateMachineUpdater.java:takeSnapshot(295)) - omNode-1@group-523986131536-StateMachineUpdater: Took a snapshot at index 50
2024-03-04 12:55:46,273 [omNode-1@group-523986131536-StateMachineUpdater] INFO  impl.StateMachineUpdater (StateMachineUpdater.java:lambda$new$0(98)) - omNode-1@group-523986131536-StateMachineUpdater: snapshotIndex: updateIncreasingly -1 -> 50
2024-03-04 12:55:46,273 [omNode-1@group-523986131536-StateMachineUpdater] INFO  raftlog.RaftLog (RaftLogBase.java:purge(330)) - omNode-1@group-523986131536-SegmentedRaftLog: purge 50
2024-03-04 12:55:46,273 [omNode-1@group-523986131536-StateMachineUpdater] INFO  raftlog.RaftLog (RaftLogBase.java:lambda$new$0(54)) - omNode-1@group-523986131536-SegmentedRaftLog: snapshotIndex: updateIncreasingly -1 -> 50
2024-03-04 12:55:46,273 [omNode-1@group-523986131536-StateMachineUpdater] INFO  raftlog.RaftLog (RaftLogBase.java:lambda$new$0(54)) - omNode-1@group-523986131536-SegmentedRaftLog: purgeIndex: updateToMax old=-1, new=50, updated? true
2024-03-04 12:55:46,273 [omNode-1-OMStateMachineApplyTransactionThread - 0] INFO  upgrade.OMPrepareRequest (OMPrepareRequest.java:validateAndUpdateCache(69)) - OM omNode-1 Received prepare request with log (t:1, i:51)
2024-03-04 12:55:46,273 [omNode-1-OMStateMachineApplyTransactionThread - 0] INFO  upgrade.OMPrepareRequest (OMPrepareRequest.java:waitForLogIndex(184)) - omNode-1 waiting for index 51 to flush to OM DB and index 52 to flush to Ratis state machine.
2024-03-04 12:55:51,273 [omNode-1-OMStateMachineApplyTransactionThread - 0] INFO  ratis.OzoneManagerStateMachine (OzoneManagerStateMachine.java:takeSnapshotImpl(467)) -  applied = (t:1, i:51)
2024-03-04 12:55:51,273 [omNode-1-OMStateMachineApplyTransactionThread - 0] INFO  ratis.OzoneManagerStateMachine (OzoneManagerStateMachine.java:takeSnapshotImpl(468)) -  skipped = 51
2024-03-04 12:55:51,273 [omNode-1-OMStateMachineApplyTransactionThread - 0] INFO  ratis.OzoneManagerStateMachine (OzoneManagerStateMachine.java:takeSnapshotImpl(469)) - notified = (t:1, i:52)
2024-03-04 12:55:51,273 [omNode-1-OMStateMachineApplyTransactionThread - 0] INFO  ratis.OzoneManagerStateMachine (OzoneManagerStateMachine.java:takeSnapshotImpl(470)) - snapshot = (t:1, i:52)
2024-03-04 12:55:51,277 [omNode-1-OMStateMachineApplyTransactionThread - 0] INFO  upgrade.OMPrepareRequest (OMPrepareRequest.java:takeSnapshotAndPurgeLogs(238)) - takeSnapshot at 52 for prepareIndex 52
2024-03-04 12:55:51,277 [omNode-1-OMStateMachineApplyTransactionThread - 0] INFO  raftlog.RaftLog (RaftLogBase.java:lambda$new$0(54)) - omNode-1@group-523986131536-SegmentedRaftLog: snapshotIndex: updateIncreasingly 50 -> 52
2024-03-04 12:55:51,277 [omNode-1-OMStateMachineApplyTransactionThread - 0] INFO  segmented.SegmentedRaftLogWorker (SegmentedRaftLogWorker.java:lambda$new$0(134)) - omNode-1@group-523986131536-SegmentedRaftLogWorker: safeCacheEvictIndex: setUnconditionally -1 -> 52
2024-03-04 12:55:51,277 [omNode-1-OMStateMachineApplyTransactionThread - 0] INFO  segmented.SegmentedRaftLogWorker (SegmentedRaftLogWorker.java:closeLogSegment(451)) - omNode-1@group-523986131536-SegmentedRaftLogWorker: Closing segment log_inprogress_0 to index: 52
2024-03-04 12:55:51,278 [omNode-1@group-523986131536-SegmentedRaftLogWorker] INFO  segmented.SegmentedRaftLogWorker (SegmentedRaftLogWorker.java:execute(591)) - omNode-1@group-523986131536-SegmentedRaftLogWorker: Rolled log segment from /home/runner/work/ozone/ozone/hadoop-ozone/integration-test/target/test-dir/MiniOzoneClusterImpl-5dfaf9ee-e84d-4a0a-b307-fdee3dcb636e/omNode-1/ratis/c9bc4cf4-3bc3-3c60-a66b-523986131536/current/log_inprogress_0 to /home/runner/work/ozone/ozone/hadoop-ozone/integration-test/target/test-dir/MiniOzoneClusterImpl-5dfaf9ee-e84d-4a0a-b307-fdee3dcb636e/omNode-1/ratis/c9bc4cf4-3bc3-3c60-a66b-523986131536/current/log_0-52
2024-03-04 12:55:51,278 [omNode-1-OMStateMachineApplyTransactionThread - 0] INFO  om.OzoneManagerPrepareState (OzoneManagerPrepareState.java:writePrepareMarkerFile(262)) - Prepare marker file written with log index 51 to file /home/runner/work/ozone/ozone/hadoop-ozone/integration-test/target/test-dir/MiniOzoneClusterImpl-5dfaf9ee-e84d-4a0a-b307-fdee3dcb636e/omNode-1/current/prepareMarker
2024-03-04 12:55:51,279 [omNode-1-OMStateMachineApplyTransactionThread - 0] INFO  upgrade.OMPrepareRequest (OMPrepareRequest.java:validateAndUpdateCache(122)) - OM omNode-1 prepared at log index 51. Returning response txnID: 51
 with log index 51
2024-03-04 12:55:51,279 [main] INFO  om.TestOzoneManagerPrepare (TestOzoneManagerPrepare.java:lambda$assertClusterPrepared$6(474)) - omNode-3 has prepare status: NOT_PREPARED prepare index: -1.
2024-03-04 12:55:52,279 [main] INFO  om.TestOzoneManagerPrepare (TestOzoneManagerPrepare.java:lambda$assertClusterPrepared$6(474)) - omNode-3 has prepare status: NOT_PREPARED prepare index: -1.
2024-03-04 12:55:53,280 [main] INFO  om.TestOzoneManagerPrepare (TestOzoneManagerPrepare.java:lambda$assertClusterPrepared$6(474)) - omNode-3 has prepare status: NOT_PREPARED prepare index: -1.
2024-03-04 12:55:54,280 [main] INFO  om.TestOzoneManagerPrepare (TestOzoneManagerPrepare.java:lambda$assertClusterPrepared$6(474)) - omNode-3 has prepare status: NOT_PREPARED prepare index: -1.
2024-03-04 12:55:55,280 [main] INFO  om.TestOzoneManagerPrepare (TestOzoneManagerPrepare.java:lambda$assertClusterPrepared$6(474)) - omNode-3 has prepare status: NOT_PREPARED prepare index: -1.
2024-03-04 12:55:56,281 [main] INFO  om.TestOzoneManagerPrepare (TestOzoneManagerPrepare.java:lambda$assertClusterPrepared$6(474)) - omNode-3 has prepare status: NOT_PREPARED prepare index: -1.
2024-03-04 12:55:57,281 [main] INFO  om.TestOzoneManagerPrepare (TestOzoneManagerPrepare.java:lambda$assertClusterPrepared$6(474)) - omNode-3 has prepare status: NOT_PREPARED prepare index: -1.
2024-03-04 12:55:58,281 [main] INFO  om.TestOzoneManagerPrepare (TestOzoneManagerPrepare.java:lambda$assertClusterPrepared$6(474)) - omNode-3 has prepare status: NOT_PREPARED prepare index: -1.
2024-03-04 12:55:59,282 [main] INFO  om.TestOzoneManagerPrepare (TestOzoneManagerPrepare.java:lambda$assertClusterPrepared$6(474)) - omNode-3 has prepare status: NOT_PREPARED prepare index: -1.
2024-03-04 12:56:00,282 [main] INFO  om.TestOzoneManagerPrepare (TestOzoneManagerPrepare.java:lambda$assertClusterPrepared$6(474)) - omNode-3 has prepare status: NOT_PREPARED prepare index: -1.
2024-03-04 12:56:01,282 [main] INFO  om.TestOzoneManagerPrepare (TestOzoneManagerPrepare.java:lambda$assertClusterPrepared$6(474)) - omNode-3 has prepare status: NOT_PREPARED prepare index: -1.
2024-03-04 12:56:02,283 [main] INFO  om.TestOzoneManagerPrepare (TestOzoneManagerPrepare.java:lambda$assertClusterPrepared$6(474)) - omNode-3 has prepare status: NOT_PREPARED prepare index: -1.
2024-03-04 12:56:03,283 [main] INFO  om.TestOzoneManagerPrepare (TestOzoneManagerPrepare.java:lambda$assertClusterPrepared$6(474)) - omNode-3 has prepare status: NOT_PREPARED prepare index: -1.
2024-03-04 12:56:04,283 [main] INFO  om.TestOzoneManagerPrepare (TestOzoneManagerPrepare.java:lambda$assertClusterPrepared$6(474)) - omNode-3 has prepare status: NOT_PREPARED prepare index: -1.
2024-03-04 12:56:05,284 [main] INFO  om.TestOzoneManagerPrepare (TestOzoneManagerPrepare.java:lambda$assertClusterPrepared$6(474)) - omNode-3 has prepare status: NOT_PREPARED prepare index: -1.
2024-03-04 12:56:06,284 [main] INFO  om.TestOzoneManagerPrepare (TestOzoneManagerPrepare.java:lambda$assertClusterPrepared$6(474)) - omNode-3 has prepare status: NOT_PREPARED prepare index: -1.
2024-03-04 12:56:07,284 [main] INFO  om.TestOzoneManagerPrepare (TestOzoneManagerPrepare.java:lambda$assertClusterPrepared$6(474)) - omNode-3 has prepare status: NOT_PREPARED prepare index: -1.
2024-03-04 12:56:08,285 [main] INFO  om.TestOzoneManagerPrepare (TestOzoneManagerPrepare.java:lambda$assertClusterPrepared$6(474)) - omNode-3 has prepare status: NOT_PREPARED prepare index: -1.
2024-03-04 12:56:09,285 [main] INFO  om.TestOzoneManagerPrepare (TestOzoneManagerPrepare.java:lambda$assertClusterPrepared$6(474)) - omNode-3 has prepare status: NOT_PREPARED prepare index: -1.
2024-03-04 12:56:10,285 [main] INFO  om.TestOzoneManagerPrepare (TestOzoneManagerPrepare.java:lambda$assertClusterPrepared$6(474)) - omNode-3 has prepare status: NOT_PREPARED prepare index: -1.
2024-03-04 12:56:11,286 [main] INFO  om.TestOzoneManagerPrepare (TestOzoneManagerPrepare.java:lambda$assertClusterPrepared$6(474)) - omNode-3 has prepare status: NOT_PREPARED prepare index: -1.
2024-03-04 12:56:12,286 [main] INFO  om.TestOzoneManagerPrepare (TestOzoneManagerPrepare.java:lambda$assertClusterPrepared$6(474)) - omNode-3 has prepare status: NOT_PREPARED prepare index: -1.
2024-03-04 12:56:13,286 [main] INFO  om.TestOzoneManagerPrepare (TestOzoneManagerPrepare.java:lambda$assertClusterPrepared$6(474)) - omNode-3 has prepare status: NOT_PREPARED prepare index: -1.
2024-03-04 12:56:14,287 [main] INFO  om.TestOzoneManagerPrepare (TestOzoneManagerPrepare.java:lambda$assertClusterPrepared$6(474)) - omNode-3 has prepare status: NOT_PREPARED prepare index: -1.
2024-03-04 12:56:15,287 [main] INFO  om.TestOzoneManagerPrepare (TestOzoneManagerPrepare.java:lambda$assertClusterPrepared$6(474)) - omNode-3 has prepare status: NOT_PREPARED prepare index: -1.
2024-03-04 12:56:16,287 [main] INFO  om.TestOzoneManagerPrepare (TestOzoneManagerPrepare.java:lambda$assertClusterPrepared$6(474)) - omNode-3 has prepare status: NOT_PREPARED prepare index: -1.
2024-03-04 12:56:17,288 [main] INFO  om.TestOzoneManagerPrepare (TestOzoneManagerPrepare.java:lambda$assertClusterPrepared$6(474)) - omNode-3 has prepare status: NOT_PREPARED prepare index: -1.
2024-03-04 12:56:18,288 [main] INFO  om.TestOzoneManagerPrepare (TestOzoneManagerPrepare.java:lambda$assertClusterPrepared$6(474)) - omNode-3 has prepare status: NOT_PREPARED prepare index: -1.
2024-03-04 12:56:19,288 [main] INFO  om.TestOzoneManagerPrepare (TestOzoneManagerPrepare.java:lambda$assertClusterPrepared$6(474)) - omNode-3 has prepare status: NOT_PREPARED prepare index: -1.
2024-03-04 12:56:20,289 [main] INFO  om.TestOzoneManagerPrepare (TestOzoneManagerPrepare.java:lambda$assertClusterPrepared$6(474)) - omNode-3 has prepare status: NOT_PREPARED prepare index: -1.
2024-03-04 12:56:21,289 [main] INFO  om.TestOzoneManagerPrepare (TestOzoneManagerPrepare.java:lambda$assertClusterPrepared$6(474)) - omNode-3 has prepare status: NOT_PREPARED prepare index: -1.
2024-03-04 12:56:22,289 [main] INFO  om.TestOzoneManagerPrepare (TestOzoneManagerPrepare.java:lambda$assertClusterPrepared$6(474)) - omNode-3 has prepare status: NOT_PREPARED prepare index: -1.
2024-03-04 12:56:23,290 [main] INFO  om.TestOzoneManagerPrepare (TestOzoneManagerPrepare.java:lambda$assertClusterPrepared$6(474)) - omNode-3 has prepare status: NOT_PREPARED prepare index: -1.
2024-03-04 12:56:24,290 [main] INFO  om.TestOzoneManagerPrepare (TestOzoneManagerPrepare.java:lambda$assertClusterPrepared$6(474)) - omNode-3 has prepare status: NOT_PREPARED prepare index: -1.
2024-03-04 12:56:25,290 [main] INFO  om.TestOzoneManagerPrepare (TestOzoneManagerPrepare.java:lambda$assertClusterPrepared$6(474)) - omNode-3 has prepare status: NOT_PREPARED prepare index: -1.
2024-03-04 12:56:26,291 [main] INFO  om.TestOzoneManagerPrepare (TestOzoneManagerPrepare.java:lambda$assertClusterPrepared$6(474)) - omNode-3 has prepare status: NOT_PREPARED prepare index: -1.
2024-03-04 12:56:27,291 [main] INFO  om.TestOzoneManagerPrepare (TestOzoneManagerPrepare.java:lambda$assertClusterPrepared$6(474)) - omNode-3 has prepare status: NOT_PREPARED prepare index: -1.
2024-03-04 12:56:28,291 [main] INFO  om.TestOzoneManagerPrepare (TestOzoneManagerPrepare.java:lambda$assertClusterPrepared$6(474)) - omNode-3 has prepare status: NOT_PREPARED prepare index: -1.
2024-03-04 12:56:29,292 [main] INFO  om.TestOzoneManagerPrepare (TestOzoneManagerPrepare.java:lambda$assertClusterPrepared$6(474)) - omNode-3 has prepare status: NOT_PREPARED prepare index: -1.
2024-03-04 12:56:30,292 [main] INFO  om.TestOzoneManagerPrepare (TestOzoneManagerPrepare.java:lambda$assertClusterPrepared$6(474)) - omNode-3 has prepare status: NOT_PREPARED prepare index: -1.
2024-03-04 12:56:31,292 [main] INFO  om.TestOzoneManagerPrepare (TestOzoneManagerPrepare.java:lambda$assertClusterPrepared$6(474)) - omNode-3 has prepare status: NOT_PREPARED prepare index: -1.
2024-03-04 12:56:32,293 [main] INFO  om.TestOzoneManagerPrepare (TestOzoneManagerPrepare.java:lambda$assertClusterPrepared$6(474)) - omNode-3 has prepare status: NOT_PREPARED prepare index: -1.
2024-03-04 12:56:33,293 [main] INFO  om.TestOzoneManagerPrepare (TestOzoneManagerPrepare.java:lambda$assertClusterPrepared$6(474)) - omNode-3 has prepare status: NOT_PREPARED prepare index: -1.
2024-03-04 12:56:34,293 [main] INFO  om.TestOzoneManagerPrepare (TestOzoneManagerPrepare.java:lambda$assertClusterPrepared$6(474)) - omNode-3 has prepare status: NOT_PREPARED prepare index: -1.
2024-03-04 12:56:35,294 [main] INFO  om.TestOzoneManagerPrepare (TestOzoneManagerPrepare.java:lambda$assertClusterPrepared$6(474)) - omNode-3 has prepare status: NOT_PREPARED prepare index: -1.
2024-03-04 12:56:35,649 [b3e6aaac-f754-418b-8ee3-735c124d2005-BlockDeletingService#0] INFO  interfaces.ContainerDeletionChoosingPolicyTemplate (ContainerDeletionChoosingPolicyTemplate.java:chooseContainerForBlockDeletion(85)) - Chosen 0/5000 blocks from 0 candidate containers.
2024-03-04 12:56:35,777 [da245a40-dab6-49b3-9cd4-dfd962afc5b6-BlockDeletingService#0] INFO  interfaces.ContainerDeletionChoosingPolicyTemplate (ContainerDeletionChoosingPolicyTemplate.java:chooseContainerForBlockDeletion(85)) - Chosen 0/5000 blocks from 0 candidate containers.
2024-03-04 12:56:35,870 [00bce28b-f3a7-4d13-8bf8-b8e0995a094e-BlockDeletingService#0] INFO  interfaces.ContainerDeletionChoosingPolicyTemplate (ContainerDeletionChoosingPolicyTemplate.java:chooseContainerForBlockDeletion(85)) - Chosen 0/5000 blocks from 0 candidate containers.
2024-03-04 12:56:36,294 [main] INFO  om.TestOzoneManagerPrepare (TestOzoneManagerPrepare.java:lambda$assertClusterPrepared$6(474)) - omNode-3 has prepare status: NOT_PREPARED prepare index: -1.
2024-03-04 12:56:37,294 [main] INFO  om.TestOzoneManagerPrepare (TestOzoneManagerPrepare.java:lambda$assertClusterPrepared$6(474)) - omNode-3 has prepare status: NOT_PREPARED prepare index: -1.
2024-03-04 12:56:38,295 [main] INFO  om.TestOzoneManagerPrepare (TestOzoneManagerPrepare.java:lambda$assertClusterPrepared$6(474)) - omNode-3 has prepare status: NOT_PREPARED prepare index: -1.
2024-03-04 12:56:39,295 [main] INFO  om.TestOzoneManagerPrepare (TestOzoneManagerPrepare.java:lambda$assertClusterPrepared$6(474)) - omNode-3 has prepare status: NOT_PREPARED prepare index: -1.
2024-03-04 12:56:40,295 [main] INFO  om.TestOzoneManagerPrepare (TestOzoneManagerPrepare.java:lambda$assertClusterPrepared$6(474)) - omNode-3 has prepare status: NOT_PREPARED prepare index: -1.
2024-03-04 12:56:41,296 [main] INFO  om.TestOzoneManagerPrepare (TestOzoneManagerPrepare.java:lambda$assertClusterPrepared$6(474)) - omNode-3 has prepare status: NOT_PREPARED prepare index: -1.
2024-03-04 12:56:42,296 [main] INFO  om.TestOzoneManagerPrepare (TestOzoneManagerPrepare.java:lambda$assertClusterPrepared$6(474)) - omNode-3 has prepare status: NOT_PREPARED prepare index: -1.
2024-03-04 12:56:43,296 [main] INFO  om.TestOzoneManagerPrepare (TestOzoneManagerPrepare.java:lambda$assertClusterPrepared$6(474)) - omNode-3 has prepare status: NOT_PREPARED prepare index: -1.
2024-03-04 12:56:44,297 [main] INFO  om.TestOzoneManagerPrepare (TestOzoneManagerPrepare.java:lambda$assertClusterPrepared$6(474)) - omNode-3 has prepare status: NOT_PREPARED prepare index: -1.
2024-03-04 12:56:45,297 [main] INFO  om.TestOzoneManagerPrepare (TestOzoneManagerPrepare.java:lambda$assertClusterPrepared$6(474)) - omNode-3 has prepare status: NOT_PREPARED prepare index: -1.
2024-03-04 12:56:46,297 [main] INFO  om.TestOzoneManagerPrepare (TestOzoneManagerPrepare.java:lambda$assertClusterPrepared$6(474)) - omNode-3 has prepare status: NOT_PREPARED prepare index: -1.
2024-03-04 12:56:47,298 [main] INFO  om.TestOzoneManagerPrepare (TestOzoneManagerPrepare.java:lambda$assertClusterPrepared$6(474)) - omNode-3 has prepare status: NOT_PREPARED prepare index: -1.
2024-03-04 12:56:48,298 [main] INFO  om.TestOzoneManagerPrepare (TestOzoneManagerPrepare.java:lambda$assertClusterPrepared$6(474)) - omNode-3 has prepare status: NOT_PREPARED prepare index: -1.
2024-03-04 12:56:49,298 [main] INFO  om.TestOzoneManagerPrepare (TestOzoneManagerPrepare.java:lambda$assertClusterPrepared$6(474)) - omNode-3 has prepare status: NOT_PREPARED prepare index: -1.
2024-03-04 12:56:50,299 [main] INFO  om.TestOzoneManagerPrepare (TestOzoneManagerPrepare.java:lambda$assertClusterPrepared$6(474)) - omNode-3 has prepare status: NOT_PREPARED prepare index: -1.
2024-03-04 12:56:51,299 [main] INFO  om.TestOzoneManagerPrepare (TestOzoneManagerPrepare.java:lambda$assertClusterPrepared$6(474)) - omNode-3 has prepare status: NOT_PREPARED prepare index: -1.
2024-03-04 12:56:52,299 [main] INFO  om.TestOzoneManagerPrepare (TestOzoneManagerPrepare.java:lambda$assertClusterPrepared$6(474)) - omNode-3 has prepare status: NOT_PREPARED prepare index: -1.
2024-03-04 12:56:53,300 [main] INFO  om.TestOzoneManagerPrepare (TestOzoneManagerPrepare.java:lambda$assertClusterPrepared$6(474)) - omNode-3 has prepare status: NOT_PREPARED prepare index: -1.
2024-03-04 12:56:54,300 [main] INFO  om.TestOzoneManagerPrepare (TestOzoneManagerPrepare.java:lambda$assertClusterPrepared$6(474)) - omNode-3 has prepare status: NOT_PREPARED prepare index: -1.
2024-03-04 12:56:55,300 [main] INFO  om.TestOzoneManagerPrepare (TestOzoneManagerPrepare.java:lambda$assertClusterPrepared$6(474)) - omNode-3 has prepare status: NOT_PREPARED prepare index: -1.
2024-03-04 12:56:56,301 [main] INFO  om.TestOzoneManagerPrepare (TestOzoneManagerPrepare.java:lambda$assertClusterPrepared$6(474)) - omNode-3 has prepare status: NOT_PREPARED prepare index: -1.
2024-03-04 12:56:57,301 [main] INFO  om.TestOzoneManagerPrepare (TestOzoneManagerPrepare.java:lambda$assertClusterPrepared$6(474)) - omNode-3 has prepare status: NOT_PREPARED prepare index: -1.
2024-03-04 12:56:58,301 [main] INFO  om.TestOzoneManagerPrepare (TestOzoneManagerPrepare.java:lambda$assertClusterPrepared$6(474)) - omNode-3 has prepare status: NOT_PREPARED prepare index: -1.
2024-03-04 12:56:59,302 [main] INFO  om.TestOzoneManagerPrepare (TestOzoneManagerPrepare.java:lambda$assertClusterPrepared$6(474)) - omNode-3 has prepare status: NOT_PREPARED prepare index: -1.
2024-03-04 12:57:00,302 [main] INFO  om.TestOzoneManagerPrepare (TestOzoneManagerPrepare.java:lambda$assertClusterPrepared$6(474)) - omNode-3 has prepare status: NOT_PREPARED prepare index: -1.
2024-03-04 12:57:01,302 [main] INFO  om.TestOzoneManagerPrepare (TestOzoneManagerPrepare.java:lambda$assertClusterPrepared$6(474)) - omNode-3 has prepare status: NOT_PREPARED prepare index: -1.
2024-03-04 12:57:02,303 [main] INFO  om.TestOzoneManagerPrepare (TestOzoneManagerPrepare.java:lambda$assertClusterPrepared$6(474)) - omNode-3 has prepare status: NOT_PREPARED prepare index: -1.
2024-03-04 12:57:03,303 [main] INFO  om.TestOzoneManagerPrepare (TestOzoneManagerPrepare.java:lambda$assertClusterPrepared$6(474)) - omNode-3 has prepare status: NOT_PREPARED prepare index: -1.
2024-03-04 12:57:04,303 [main] INFO  om.TestOzoneManagerPrepare (TestOzoneManagerPrepare.java:lambda$assertClusterPrepared$6(474)) - omNode-3 has prepare status: NOT_PREPARED prepare index: -1.
2024-03-04 12:57:05,304 [main] INFO  om.TestOzoneManagerPrepare (TestOzoneManagerPrepare.java:lambda$assertClusterPrepared$6(474)) - omNode-3 has prepare status: NOT_PREPARED prepare index: -1.
2024-03-04 12:57:06,304 [main] INFO  om.TestOzoneManagerPrepare (TestOzoneManagerPrepare.java:lambda$assertClusterPrepared$6(474)) - omNode-3 has prepare status: NOT_PREPARED prepare index: -1.
2024-03-04 12:57:07,304 [main] INFO  om.TestOzoneManagerPrepare (TestOzoneManagerPrepare.java:lambda$assertClusterPrepared$6(474)) - omNode-3 has prepare status: NOT_PREPARED prepare index: -1.
2024-03-04 12:57:08,305 [main] INFO  om.TestOzoneManagerPrepare (TestOzoneManagerPrepare.java:lambda$assertClusterPrepared$6(474)) - omNode-3 has prepare status: NOT_PREPARED prepare index: -1.
2024-03-04 12:57:09,305 [main] INFO  om.TestOzoneManagerPrepare (TestOzoneManagerPrepare.java:lambda$assertClusterPrepared$6(474)) - omNode-3 has prepare status: NOT_PREPARED prepare index: -1.
2024-03-04 12:57:10,305 [main] INFO  om.TestOzoneManagerPrepare (TestOzoneManagerPrepare.java:lambda$assertClusterPrepared$6(474)) - omNode-3 has prepare status: NOT_PREPARED prepare index: -1.
2024-03-04 12:57:11,306 [main] INFO  om.TestOzoneManagerPrepare (TestOzoneManagerPrepare.java:lambda$assertClusterPrepared$6(474)) - omNode-3 has prepare status: NOT_PREPARED prepare index: -1.
2024-03-04 12:57:12,306 [main] INFO  om.TestOzoneManagerPrepare (TestOzoneManagerPrepare.java:lambda$assertClusterPrepared$6(474)) - omNode-3 has prepare status: NOT_PREPARED prepare index: -1.
2024-03-04 12:57:13,306 [main] INFO  om.TestOzoneManagerPrepare (TestOzoneManagerPrepare.java:lambda$assertClusterPrepared$6(474)) - omNode-3 has prepare status: NOT_PREPARED prepare index: -1.
2024-03-04 12:57:14,307 [main] INFO  om.TestOzoneManagerPrepare (TestOzoneManagerPrepare.java:lambda$assertClusterPrepared$6(474)) - omNode-3 has prepare status: NOT_PREPARED prepare index: -1.
2024-03-04 12:57:15,307 [main] INFO  om.TestOzoneManagerPrepare (TestOzoneManagerPrepare.java:lambda$assertClusterPrepared$6(474)) - omNode-3 has prepare status: NOT_PREPARED prepare index: -1.
2024-03-04 12:57:16,307 [main] INFO  om.TestOzoneManagerPrepare (TestOzoneManagerPrepare.java:lambda$assertClusterPrepared$6(474)) - omNode-3 has prepare status: NOT_PREPARED prepare index: -1.
2024-03-04 12:57:17,308 [main] INFO  om.TestOzoneManagerPrepare (TestOzoneManagerPrepare.java:lambda$assertClusterPrepared$6(474)) - omNode-3 has prepare status: NOT_PREPARED prepare index: -1.
2024-03-04 12:57:18,308 [main] INFO  om.TestOzoneManagerPrepare (TestOzoneManagerPrepare.java:lambda$assertClusterPrepared$6(474)) - omNode-3 has prepare status: NOT_PREPARED prepare index: -1.
2024-03-04 12:57:19,308 [main] INFO  om.TestOzoneManagerPrepare (TestOzoneManagerPrepare.java:lambda$assertClusterPrepared$6(474)) - omNode-3 has prepare status: NOT_PREPARED prepare index: -1.
2024-03-04 12:57:20,309 [main] INFO  om.TestOzoneManagerPrepare (TestOzoneManagerPrepare.java:lambda$assertClusterPrepared$6(474)) - omNode-3 has prepare status: NOT_PREPARED prepare index: -1.
2024-03-04 12:57:21,309 [main] INFO  om.TestOzoneManagerPrepare (TestOzoneManagerPrepare.java:lambda$assertClusterPrepared$6(474)) - omNode-3 has prepare status: NOT_PREPARED prepare index: -1.
2024-03-04 12:57:22,309 [main] INFO  om.TestOzoneManagerPrepare (TestOzoneManagerPrepare.java:lambda$assertClusterPrepared$6(474)) - omNode-3 has prepare status: NOT_PREPARED prepare index: -1.
2024-03-04 12:57:23,310 [main] INFO  om.TestOzoneManagerPrepare (TestOzoneManagerPrepare.java:lambda$assertClusterPrepared$6(474)) - omNode-3 has prepare status: NOT_PREPARED prepare index: -1.
2024-03-04 12:57:24,310 [main] INFO  om.TestOzoneManagerPrepare (TestOzoneManagerPrepare.java:lambda$assertClusterPrepared$6(474)) - omNode-3 has prepare status: NOT_PREPARED prepare index: -1.
2024-03-04 12:57:25,310 [main] INFO  om.TestOzoneManagerPrepare (TestOzoneManagerPrepare.java:lambda$assertClusterPrepared$6(474)) - omNode-3 has prepare status: NOT_PREPARED prepare index: -1.
2024-03-04 12:57:26,311 [main] INFO  om.TestOzoneManagerPrepare (TestOzoneManagerPrepare.java:lambda$assertClusterPrepared$6(474)) - omNode-3 has prepare status: NOT_PREPARED prepare index: -1.
2024-03-04 12:57:27,311 [main] INFO  om.TestOzoneManagerPrepare (TestOzoneManagerPrepare.java:lambda$assertClusterPrepared$6(474)) - omNode-3 has prepare status: NOT_PREPARED prepare index: -1.
2024-03-04 12:57:28,311 [main] INFO  om.TestOzoneManagerPrepare (TestOzoneManagerPrepare.java:lambda$assertClusterPrepared$6(474)) - omNode-3 has prepare status: NOT_PREPARED prepare index: -1.
2024-03-04 12:57:29,312 [main] INFO  om.TestOzoneManagerPrepare (TestOzoneManagerPrepare.java:lambda$assertClusterPrepared$6(474)) - omNode-3 has prepare status: NOT_PREPARED prepare index: -1.
2024-03-04 12:57:30,312 [main] INFO  om.TestOzoneManagerPrepare (TestOzoneManagerPrepare.java:lambda$assertClusterPrepared$6(474)) - omNode-3 has prepare status: NOT_PREPARED prepare index: -1.
2024-03-04 12:57:31,312 [main] INFO  om.TestOzoneManagerPrepare (TestOzoneManagerPrepare.java:lambda$assertClusterPrepared$6(474)) - omNode-3 has prepare status: NOT_PREPARED prepare index: -1.
2024-03-04 12:57:32,313 [main] INFO  om.TestOzoneManagerPrepare (TestOzoneManagerPrepare.java:lambda$assertClusterPrepared$6(474)) - omNode-3 has prepare status: NOT_PREPARED prepare index: -1.
2024-03-04 12:57:33,313 [main] INFO  om.TestOzoneManagerPrepare (TestOzoneManagerPrepare.java:lambda$assertClusterPrepared$6(474)) - omNode-3 has prepare status: NOT_PREPARED prepare index: -1.
2024-03-04 12:57:34,313 [main] INFO  om.TestOzoneManagerPrepare (TestOzoneManagerPrepare.java:lambda$assertClusterPrepared$6(474)) - omNode-3 has prepare status: NOT_PREPARED prepare index: -1.
2024-03-04 12:57:35,314 [main] INFO  om.TestOzoneManagerPrepare (TestOzoneManagerPrepare.java:lambda$assertClusterPrepared$6(474)) - omNode-3 has prepare status: NOT_PREPARED prepare index: -1.
2024-03-04 12:57:35,650 [b3e6aaac-f754-418b-8ee3-735c124d2005-BlockDeletingService#1] INFO  interfaces.ContainerDeletionChoosingPolicyTemplate (ContainerDeletionChoosingPolicyTemplate.java:chooseContainerForBlockDeletion(85)) - Chosen 0/5000 blocks from 0 candidate containers.
2024-03-04 12:57:35,779 [da245a40-dab6-49b3-9cd4-dfd962afc5b6-BlockDeletingService#1] INFO  interfaces.ContainerDeletionChoosingPolicyTemplate (ContainerDeletionChoosingPolicyTemplate.java:chooseContainerForBlockDeletion(85)) - Chosen 0/5000 blocks from 0 candidate containers.
2024-03-04 12:57:35,872 [00bce28b-f3a7-4d13-8bf8-b8e0995a094e-BlockDeletingService#1] INFO  interfaces.ContainerDeletionChoosingPolicyTemplate (ContainerDeletionChoosingPolicyTemplate.java:chooseContainerForBlockDeletion(85)) - Chosen 0/5000 blocks from 0 candidate containers.
2024-03-04 12:57:36,314 [main] INFO  om.TestOzoneManagerPrepare (TestOzoneManagerPrepare.java:lambda$assertClusterPrepared$6(474)) - omNode-3 has prepare status: NOT_PREPARED prepare index: -1.
2024-03-04 12:57:37,314 [main] INFO  om.TestOzoneManagerPrepare (TestOzoneManagerPrepare.java:lambda$assertClusterPrepared$6(474)) - omNode-3 has prepare status: NOT_PREPARED prepare index: -1.
2024-03-04 12:57:38,315 [main] INFO  om.TestOzoneManagerPrepare (TestOzoneManagerPrepare.java:lambda$assertClusterPrepared$6(474)) - omNode-3 has prepare status: NOT_PREPARED prepare index: -1.
2024-03-04 12:57:39,315 [main] INFO  om.TestOzoneManagerPrepare (TestOzoneManagerPrepare.java:lambda$assertClusterPrepared$6(474)) - omNode-3 has prepare status: NOT_PREPARED prepare index: -1.
2024-03-04 12:57:40,315 [main] INFO  om.TestOzoneManagerPrepare (TestOzoneManagerPrepare.java:lambda$assertClusterPrepared$6(474)) - omNode-3 has prepare status: NOT_PREPARED prepare index: -1.
2024-03-04 12:57:41,316 [main] INFO  om.TestOzoneManagerPrepare (TestOzoneManagerPrepare.java:lambda$assertClusterPrepared$6(474)) - omNode-3 has prepare status: NOT_PREPARED prepare index: -1.
2024-03-04 12:57:42,316 [main] INFO  om.TestOzoneManagerPrepare (TestOzoneManagerPrepare.java:lambda$assertClusterPrepared$6(474)) - omNode-3 has prepare status: NOT_PREPARED prepare index: -1.
2024-03-04 12:57:43,317 [main] INFO  om.TestOzoneManagerPrepare (TestOzoneManagerPrepare.java:lambda$assertClusterPrepared$6(474)) - omNode-3 has prepare status: NOT_PREPARED prepare index: -1.
2024-03-04 12:57:44,317 [main] INFO  om.TestOzoneManagerPrepare (TestOzoneManagerPrepare.java:lambda$assertClusterPrepared$6(474)) - omNode-3 has prepare status: NOT_PREPARED prepare index: -1.
2024-03-04 12:57:45,317 [main] INFO  om.TestOzoneManagerPrepare (TestOzoneManagerPrepare.java:lambda$assertClusterPrepared$6(474)) - omNode-3 has prepare status: NOT_PREPARED prepare index: -1.
2024-03-04 12:57:46,254 [omNode-3-OMStateMachineApplyTransactionThread - 0] ERROR upgrade.OMPrepareRequest (OMPrepareRequest.java:validateAndUpdateCache(133)) - Prepare Request Apply failed in omNode-3. 
java.io.IOException: After waiting for 120 seconds, Ratis state machine applied index 50 which is less than the minimum required index 52.
	at org.apache.hadoop.ozone.om.request.upgrade.OMPrepareRequest.waitForLogIndex(OMPrepareRequest.java:216)
	at org.apache.hadoop.ozone.om.request.upgrade.OMPrepareRequest.validateAndUpdateCache(OMPrepareRequest.java:112)
	at org.apache.hadoop.ozone.protocolPB.OzoneManagerRequestHandler.lambda$0(OzoneManagerRequestHandler.java:397)
	at org.apache.hadoop.util.MetricUtil.captureLatencyNs(MetricUtil.java:45)
	at org.apache.hadoop.ozone.protocolPB.OzoneManagerRequestHandler.handleWriteRequestImpl(OzoneManagerRequestHandler.java:395)
	at org.apache.hadoop.ozone.protocolPB.RequestHandler.handleWriteRequest(RequestHandler.java:63)
	at org.apache.hadoop.ozone.om.ratis.OzoneManagerStateMachine.runCommand(OzoneManagerStateMachine.java:525)
	at org.apache.hadoop.ozone.om.ratis.OzoneManagerStateMachine.lambda$1(OzoneManagerStateMachine.java:343)
	at java.util.concurrent.CompletableFuture$AsyncSupply.run(CompletableFuture.java:1604)
	at java.util.concurrent.ThreadPoolExecutor.runWorker(ThreadPoolExecutor.java:1149)
	at java.util.concurrent.ThreadPoolExecutor$Worker.run(ThreadPoolExecutor.java:624)
	at java.lang.Thread.run(Thread.java:750)
2024-03-04 12:57:46,254 [omNode-2-OMStateMachineApplyTransactionThread - 0] ERROR upgrade.OMPrepareRequest (OMPrepareRequest.java:validateAndUpdateCache(133)) - Prepare Request Apply failed in omNode-2. 
java.io.IOException: After waiting for 120 seconds, Ratis state machine applied index 50 which is less than the minimum required index 52.
	at org.apache.hadoop.ozone.om.request.upgrade.OMPrepareRequest.waitForLogIndex(OMPrepareRequest.java:216)
	at org.apache.hadoop.ozone.om.request.upgrade.OMPrepareRequest.validateAndUpdateCache(OMPrepareRequest.java:112)
	at org.apache.hadoop.ozone.protocolPB.OzoneManagerRequestHandler.lambda$0(OzoneManagerRequestHandler.java:397)
	at org.apache.hadoop.util.MetricUtil.captureLatencyNs(MetricUtil.java:45)
	at org.apache.hadoop.ozone.protocolPB.OzoneManagerRequestHandler.handleWriteRequestImpl(OzoneManagerRequestHandler.java:395)
	at org.apache.hadoop.ozone.protocolPB.RequestHandler.handleWriteRequest(RequestHandler.java:63)
	at org.apache.hadoop.ozone.om.ratis.OzoneManagerStateMachine.runCommand(OzoneManagerStateMachine.java:525)
	at org.apache.hadoop.ozone.om.ratis.OzoneManagerStateMachine.lambda$1(OzoneManagerStateMachine.java:343)
	at java.util.concurrent.CompletableFuture$AsyncSupply.run(CompletableFuture.java:1604)
	at java.util.concurrent.ThreadPoolExecutor.runWorker(ThreadPoolExecutor.java:1149)
	at java.util.concurrent.ThreadPoolExecutor$Worker.run(ThreadPoolExecutor.java:624)
	at java.lang.Thread.run(Thread.java:750)
2024-03-04 12:57:46,254 [omNode-3@group-523986131536-StateMachineUpdater] INFO  ratis.OzoneManagerStateMachine (OzoneManagerStateMachine.java:takeSnapshotImpl(467)) -  applied = (t:1, i:51)
2024-03-04 12:57:46,254 [omNode-3@group-523986131536-StateMachineUpdater] INFO  ratis.OzoneManagerStateMachine (OzoneManagerStateMachine.java:takeSnapshotImpl(468)) -  skipped = 49
2024-03-04 12:57:46,254 [omNode-3@group-523986131536-StateMachineUpdater] INFO  ratis.OzoneManagerStateMachine (OzoneManagerStateMachine.java:takeSnapshotImpl(469)) - notified = (t:1, i:50)
2024-03-04 12:57:46,254 [omNode-3@group-523986131536-StateMachineUpdater] INFO  ratis.OzoneManagerStateMachine (OzoneManagerStateMachine.java:takeSnapshotImpl(470)) - snapshot = (t:1, i:51)
2024-03-04 12:57:46,255 [omNode-2@group-523986131536-StateMachineUpdater] INFO  ratis.OzoneManagerStateMachine (OzoneManagerStateMachine.java:takeSnapshotImpl(467)) -  applied = (t:1, i:51)
2024-03-04 12:57:46,255 [omNode-2@group-523986131536-StateMachineUpdater] INFO  ratis.OzoneManagerStateMachine (OzoneManagerStateMachine.java:takeSnapshotImpl(468)) -  skipped = 49
2024-03-04 12:57:46,255 [omNode-2@group-523986131536-StateMachineUpdater] INFO  ratis.OzoneManagerStateMachine (OzoneManagerStateMachine.java:takeSnapshotImpl(469)) - notified = (t:1, i:50)
2024-03-04 12:57:46,255 [omNode-2@group-523986131536-StateMachineUpdater] INFO  ratis.OzoneManagerStateMachine (OzoneManagerStateMachine.java:takeSnapshotImpl(470)) - snapshot = (t:1, i:51)
2024-03-04 12:57:46,267 [omNode-2@group-523986131536-StateMachineUpdater] INFO  impl.StateMachineUpdater (StateMachineUpdater.java:takeSnapshot(295)) - omNode-2@group-523986131536-StateMachineUpdater: Took a snapshot at index 51
2024-03-04 12:57:46,267 [omNode-2@group-523986131536-StateMachineUpdater] INFO  impl.StateMachineUpdater (StateMachineUpdater.java:lambda$new$0(98)) - omNode-2@group-523986131536-StateMachineUpdater: snapshotIndex: updateIncreasingly -1 -> 51
2024-03-04 12:57:46,267 [omNode-2@group-523986131536-StateMachineUpdater] INFO  raftlog.RaftLog (RaftLogBase.java:purge(330)) - omNode-2@group-523986131536-SegmentedRaftLog: purge 51
2024-03-04 12:57:46,267 [omNode-2@group-523986131536-StateMachineUpdater] INFO  raftlog.RaftLog (RaftLogBase.java:lambda$new$0(54)) - omNode-2@group-523986131536-SegmentedRaftLog: snapshotIndex: updateIncreasingly -1 -> 51
2024-03-04 12:57:46,268 [omNode-2@group-523986131536-StateMachineUpdater] INFO  raftlog.RaftLog (RaftLogBase.java:lambda$new$0(54)) - omNode-2@group-523986131536-SegmentedRaftLog: purgeIndex: updateToMax old=-1, new=51, updated? true
2024-03-04 12:57:46,268 [omNode-3@group-523986131536-StateMachineUpdater] INFO  impl.StateMachineUpdater (StateMachineUpdater.java:takeSnapshot(295)) - omNode-3@group-523986131536-StateMachineUpdater: Took a snapshot at index 51
2024-03-04 12:57:46,268 [omNode-3@group-523986131536-StateMachineUpdater] INFO  impl.StateMachineUpdater (StateMachineUpdater.java:lambda$new$0(98)) - omNode-3@group-523986131536-StateMachineUpdater: snapshotIndex: updateIncreasingly -1 -> 51
2024-03-04 12:57:46,268 [omNode-3@group-523986131536-StateMachineUpdater] INFO  raftlog.RaftLog (RaftLogBase.java:purge(330)) - omNode-3@group-523986131536-SegmentedRaftLog: purge 51
2024-03-04 12:57:46,268 [omNode-3@group-523986131536-StateMachineUpdater] INFO  raftlog.RaftLog (RaftLogBase.java:lambda$new$0(54)) - omNode-3@group-523986131536-SegmentedRaftLog: snapshotIndex: updateIncreasingly -1 -> 51
2024-03-04 12:57:46,268 [omNode-3@group-523986131536-StateMachineUpdater] INFO  raftlog.RaftLog (RaftLogBase.java:lambda$new$0(54)) - omNode-3@group-523986131536-SegmentedRaftLog: purgeIndex: updateToMax old=-1, new=51, updated? true
2024-03-04 12:57:46,318 [main] INFO  om.TestOzoneManagerPrepare (TestOzoneManagerPrepare.java:lambda$assertClusterPrepared$6(474)) - omNode-3 has prepare status: NOT_PREPARED prepare index: -1.
2024-03-04 12:57:47,318 [main] INFO  om.TestOzoneManagerPrepare (TestOzoneManagerPrepare.java:lambda$assertClusterPrepared$6(474)) - omNode-3 has prepare status: NOT_PREPARED prepare index: -1.
2024-03-04 12:57:48,318 [main] INFO  om.TestOzoneManagerPrepare (TestOzoneManagerPrepare.java:lambda$assertClusterPrepared$6(474)) - omNode-3 has prepare status: NOT_PREPARED prepare index: -1.
2024-03-04 12:57:49,319 [main] INFO  om.TestOzoneManagerPrepare (TestOzoneManagerPrepare.java:lambda$assertClusterPrepared$6(474)) - omNode-3 has prepare status: NOT_PREPARED prepare index: -1.
2024-03-04 12:57:50,319 [main] INFO  om.TestOzoneManagerPrepare (TestOzoneManagerPrepare.java:lambda$assertClusterPrepared$6(474)) - omNode-3 has prepare status: NOT_PREPARED prepare index: -1.
2024-03-04 12:57:51,319 [main] INFO  om.TestOzoneManagerPrepare (TestOzoneManagerPrepare.java:lambda$assertClusterPrepared$6(474)) - omNode-3 has prepare status: NOT_PREPARED prepare index: -1.
2024-03-04 12:57:51,320 [main] INFO  om.OzoneManager (OzoneManager.java:stop(2204)) - omNode-3[localhost:15098]: Stopping Ozone Manager
2024-03-04 12:57:51,320 [main] INFO  ipc.Server (Server.java:stop(3523)) - Stopping server on 15098
2024-03-04 12:57:51,322 [IPC Server listener on 15098] INFO  ipc.Server (Server.java:run(1434)) - Stopping IPC Server listener on 15098
2024-03-04 12:57:51,322 [IPC Server Responder] INFO  ipc.Server (Server.java:run(1567)) - Stopping IPC Server Responder
2024-03-04 12:57:51,322 [main] INFO  ratis.OzoneManagerRatisServer (OzoneManagerRatisServer.java:stop(594)) - Stopping org.apache.hadoop.ozone.om.ratis.OzoneManagerRatisServer@522a508a at port 15101
2024-03-04 12:57:51,323 [main] INFO  server.RaftServer (RaftServerProxy.java:lambda$close$9(416)) - omNode-3: close
2024-03-04 12:57:51,324 [main] INFO  server.GrpcService (GrpcService.java:closeImpl(311)) - omNode-3: shutdown server GrpcServerProtocolService now
2024-03-04 12:57:51,324 [omNode-3-impl-thread2] INFO  server.RaftServer$Division (RaftServerImpl.java:lambda$close$3(526)) - omNode-3@group-523986131536: shutdown
2024-03-04 12:57:51,325 [omNode-3-impl-thread2] INFO  util.JmxRegister (JmxRegister.java:unregister(73)) - Successfully un-registered JMX Bean with object name Ratis:service=RaftServer,group=group-523986131536,id=omNode-3
2024-03-04 12:57:51,325 [omNode-3-impl-thread2] INFO  impl.RoleInfo (RoleInfo.java:shutdownFollowerState(110)) - omNode-3: shutdown omNode-3@group-523986131536-FollowerState
2024-03-04 12:57:51,325 [omNode-3@group-523986131536-FollowerState] INFO  impl.FollowerState (FollowerState.java:run(152)) - omNode-3@group-523986131536-FollowerState was interrupted
2024-03-04 12:57:51,325 [omNode-3-impl-thread2] INFO  impl.StateMachineUpdater (StateMachineUpdater.java:stopAndJoin(157)) - omNode-3@group-523986131536-StateMachineUpdater: set stopIndex = 52
2024-03-04 12:57:51,330 [omNode-3@group-523986131536-StateMachineUpdater] INFO  ratis.OzoneManagerStateMachine (OzoneManagerStateMachine.java:takeSnapshotImpl(467)) -  applied = (t:1, i:51)
2024-03-04 12:57:51,330 [omNode-3@group-523986131536-StateMachineUpdater] INFO  ratis.OzoneManagerStateMachine (OzoneManagerStateMachine.java:takeSnapshotImpl(468)) -  skipped = 51
2024-03-04 12:57:51,330 [omNode-3@group-523986131536-StateMachineUpdater] INFO  ratis.OzoneManagerStateMachine (OzoneManagerStateMachine.java:takeSnapshotImpl(469)) - notified = (t:1, i:52)
2024-03-04 12:57:51,330 [omNode-3@group-523986131536-StateMachineUpdater] INFO  ratis.OzoneManagerStateMachine (OzoneManagerStateMachine.java:takeSnapshotImpl(470)) - snapshot = (t:1, i:52)
2024-03-04 12:57:51,330 [grpc-default-executor-7] WARN  server.GrpcServerProtocolService (LogUtils.java:warn(121)) - omNode-3: APPEND_ENTRIES onError, lastRequest: omNode-1->omNode-3#152-t1,previous=(t:1, i:51),leaderCommit=51,initializing? false,entries: size=1, first=(t:1, i:52), METADATAENTRY(c:51): org.apache.ratis.thirdparty.io.grpc.StatusRuntimeException: CANCELLED: client cancelled
2024-03-04 12:57:51,330 [main] INFO  server.GrpcService (GrpcService.java:closeImpl(320)) - omNode-3: shutdown server GrpcServerProtocolService successfully
2024-03-04 12:57:51,330 [grpc-default-executor-6] WARN  server.GrpcServerProtocolService (LogUtils.java:warn(121)) - omNode-3: APPEND_ENTRIES onError, lastRequest: null: org.apache.ratis.thirdparty.io.grpc.StatusRuntimeException: CANCELLED: client cancelled
2024-03-04 12:57:51,332 [grpc-default-executor-5] WARN  server.GrpcLogAppender (GrpcLogAppender.java:lambda$resetClient$1(217)) - omNode-1@group-523986131536->omNode-3-GrpcLogAppender: Follower failed (request=null, errorCount=1); keep nextIndex (53) unchanged and retry.
2024-03-04 12:57:51,330 [grpc-default-executor-1] WARN  server.GrpcLogAppender (LogUtils.java:warn(121)) - omNode-1@group-523986131536->omNode-3-AppendLogResponseHandler: Failed appendEntries: org.apache.ratis.thirdparty.io.grpc.StatusRuntimeException: CANCELLED: RST_STREAM closed stream. HTTP/2 error code: CANCEL
2024-03-04 12:57:51,335 [omNode-3@group-523986131536-StateMachineUpdater] INFO  impl.StateMachineUpdater (StateMachineUpdater.java:takeSnapshot(295)) - omNode-3@group-523986131536-StateMachineUpdater: Took a snapshot at index 52
2024-03-04 12:57:51,335 [omNode-3@group-523986131536-StateMachineUpdater] INFO  impl.StateMachineUpdater (StateMachineUpdater.java:lambda$new$0(98)) - omNode-3@group-523986131536-StateMachineUpdater: snapshotIndex: updateIncreasingly 51 -> 52
2024-03-04 12:57:51,335 [omNode-3@group-523986131536-StateMachineUpdater] INFO  ratis.OzoneManagerStateMachine (OzoneManagerStateMachine.java:close(513)) - Stopping OzoneManagerStateMachine:omNode-3:group-523986131536.
2024-03-04 12:57:51,335 [omNode-3@group-523986131536-StateMachineUpdater] INFO  ratis.OzoneManagerDoubleBuffer (OzoneManagerDoubleBuffer.java:stopDaemon(518)) - Stopping OMDoubleBuffer flush thread
2024-03-04 12:57:51,336 [omNode-3-OMDoubleBufferFlushThread] INFO  ratis.OzoneManagerDoubleBuffer (OzoneManagerDoubleBuffer.java:canFlush(582)) - OMDoubleBuffer flush thread omNode-3-OMDoubleBufferFlushThread is interrupted and will exit.
2024-03-04 12:57:51,338 [omNode-3-impl-thread2] INFO  server.RaftServer$Division (ServerState.java:close(427)) - omNode-3@group-523986131536: applyIndex: 51
2024-03-04 12:57:51,338 [omNode-3@group-523986131536-cacheEviction-AwaitToRun] INFO  util.AwaitToRun (AwaitToRun.java:run(49)) - omNode-3@group-523986131536-cacheEviction-AwaitToRun-AwaitForSignal is interrupted
2024-03-04 12:57:52,255 [omNode-3-impl-thread2] INFO  segmented.SegmentedRaftLogWorker (SegmentedRaftLogWorker.java:close(245)) - omNode-3@group-523986131536-SegmentedRaftLogWorker close()
2024-03-04 12:57:52,257 [JvmPauseMonitor32] INFO  util.JvmPauseMonitor (JvmPauseMonitor.java:run(152)) - JvmPauseMonitor-omNode-3: Stopped
2024-03-04 12:57:52,257 [main] INFO  utils.BackgroundService (BackgroundService.java:shutdown(160)) - Shutting down service KeyDeletingService
2024-03-04 12:57:52,258 [main] INFO  utils.BackgroundService (BackgroundService.java:shutdown(160)) - Shutting down service DirectoryDeletingService
2024-03-04 12:57:52,258 [main] INFO  utils.BackgroundService (BackgroundService.java:shutdown(160)) - Shutting down service OpenKeyCleanupService
2024-03-04 12:57:52,258 [main] INFO  utils.BackgroundService (BackgroundService.java:shutdown(160)) - Shutting down service SstFilteringService
2024-03-04 12:57:52,258 [main] INFO  utils.BackgroundService (BackgroundService.java:shutdown(160)) - Shutting down service SnapshotDeletingService
2024-03-04 12:57:52,258 [main] INFO  utils.BackgroundService (BackgroundService.java:shutdown(160)) - Shutting down service MultipartUploadCleanupService
2024-03-04 12:57:52,259 [main] INFO  utils.BackgroundService (BackgroundService.java:shutdown(160)) - Shutting down service SnapshotDirectoryCleaningService
2024-03-04 12:57:52,259 [main] INFO  handler.ContextHandler (ContextHandler.java:doStop(1159)) - Stopped o.e.j.w.WebAppContext@68aa6165{ozoneManager,/,null,STOPPED}{file:/home/runner/work/ozone/ozone/hadoop-ozone/integration-test/target/test-classes/webapps/ozoneManager}
2024-03-04 12:57:52,260 [main] INFO  server.AbstractConnector (AbstractConnector.java:doStop(383)) - Stopped ServerConnector@272a5bc6{HTTP/1.1, (http/1.1)}{0.0.0.0:15099}
2024-03-04 12:57:52,260 [main] INFO  server.session (HouseKeeper.java:stopScavenging(149)) - node0 Stopped scavenging
2024-03-04 12:57:52,260 [main] INFO  handler.ContextHandler (ContextHandler.java:doStop(1159)) - Stopped o.e.j.s.ServletContextHandler@38bcf0d3{static,/static,file:///home/runner/work/ozone/ozone/hadoop-ozone/integration-test/target/test-classes/webapps/static,STOPPED}
2024-03-04 12:57:52,260 [main] INFO  handler.ContextHandler (ContextHandler.java:doStop(1159)) - Stopped o.e.j.s.ServletContextHandler@331a3110{logs,/logs,file:///home/runner/work/ozone/ozone/hadoop-ozone/integration-test/target/log,STOPPED}
2024-03-04 12:57:52,261 [main] INFO  rocksdiff.RocksDBCheckpointDiffer (RocksDBCheckpointDiffer.java:close(310)) - Shutting down CompactionDagPruningService.
2024-03-04 12:57:52,262 [main] INFO  snapshot.SnapshotDiffManager (SnapshotDiffManager.java:closeExecutorService(1657)) - Shutting down executorService: 'SnapDiffExecutor'
2024-03-04 12:57:52,262 [main] INFO  utils.BackgroundService (BackgroundService.java:shutdown(160)) - Shutting down service SnapshotDiffCleanupService
2024-03-04 12:57:52,263 [main] INFO  om.OzoneManager (OzoneManager.java:stop(2204)) - omNode-1[localhost:15090]: Stopping Ozone Manager
2024-03-04 12:57:52,264 [main] INFO  ipc.Server (Server.java:stop(3523)) - Stopping server on 15090
2024-03-04 12:57:52,265 [IPC Server Responder] INFO  ipc.Server (Server.java:run(1567)) - Stopping IPC Server Responder
2024-03-04 12:57:52,265 [main] INFO  ratis.OzoneManagerRatisServer (OzoneManagerRatisServer.java:stop(594)) - Stopping org.apache.hadoop.ozone.om.ratis.OzoneManagerRatisServer@26daadd at port 15093
2024-03-04 12:57:52,266 [main] INFO  server.RaftServer (RaftServerProxy.java:lambda$close$9(416)) - omNode-1: close
2024-03-04 12:57:52,266 [main] INFO  server.GrpcService (GrpcService.java:closeImpl(311)) - omNode-1: shutdown server GrpcServerProtocolService now
2024-03-04 12:57:52,266 [IPC Server listener on 15090] INFO  ipc.Server (Server.java:run(1434)) - Stopping IPC Server listener on 15090
2024-03-04 12:57:52,266 [omNode-1-impl-thread2] INFO  server.RaftServer$Division (RaftServerImpl.java:lambda$close$3(526)) - omNode-1@group-523986131536: shutdown
2024-03-04 12:57:52,268 [Thread-6058] INFO  server.GrpcServerProtocolClient (GrpcServerProtocolClient.java:close(103)) - omNode-2 Close channels
2024-03-04 12:57:52,268 [Thread-6056] INFO  server.GrpcServerProtocolClient (GrpcServerProtocolClient.java:close(103)) - omNode-3 Close channels
2024-03-04 12:57:52,268 [omNode-1-impl-thread2] INFO  util.JmxRegister (JmxRegister.java:unregister(73)) - Successfully un-registered JMX Bean with object name Ratis:service=RaftServer,group=group-523986131536,id=omNode-1
2024-03-04 12:57:52,269 [omNode-1-impl-thread2] INFO  impl.RoleInfo (RoleInfo.java:shutdownLeaderState(94)) - omNode-1: shutdown omNode-1@group-523986131536-LeaderStateImpl
2024-03-04 12:57:52,269 [omNode-1-impl-thread2] INFO  impl.PendingRequests (PendingRequests.java:sendNotLeaderResponses(289)) - omNode-1@group-523986131536-PendingRequests: sendNotLeaderResponses
2024-03-04 12:57:52,269 [omNode-1@group-523986131536->omNode-3-GrpcLogAppender-LogAppenderDaemon] WARN  server.GrpcLogAppender (GrpcLogAppender.java:mayWait(289)) - omNode-1@group-523986131536->omNode-3-GrpcLogAppender: Wait interrupted by java.lang.InterruptedException
2024-03-04 12:57:52,270 [omNode-1@group-523986131536->omNode-2-GrpcLogAppender-LogAppenderDaemon] WARN  server.GrpcLogAppender (GrpcLogAppender.java:mayWait(289)) - omNode-1@group-523986131536->omNode-2-GrpcLogAppender: Wait interrupted by java.lang.InterruptedException
2024-03-04 12:57:52,271 [omNode-1-impl-thread2] INFO  impl.StateMachineUpdater (StateMachineUpdater.java:stopAndJoin(157)) - omNode-1@group-523986131536-StateMachineUpdater: set stopIndex = 52
2024-03-04 12:57:52,272 [grpc-default-executor-6] INFO  server.GrpcServerProtocolService (GrpcServerProtocolService.java:onCompleted(157)) - omNode-2: Completed APPEND_ENTRIES, lastRequest: null
2024-03-04 12:57:52,272 [omNode-1@group-523986131536-StateMachineUpdater] INFO  ratis.OzoneManagerStateMachine (OzoneManagerStateMachine.java:takeSnapshotImpl(467)) -  applied = (t:1, i:51)
2024-03-04 12:57:52,272 [omNode-1@group-523986131536-StateMachineUpdater] INFO  ratis.OzoneManagerStateMachine (OzoneManagerStateMachine.java:takeSnapshotImpl(468)) -  skipped = 51
2024-03-04 12:57:52,272 [omNode-1@group-523986131536-StateMachineUpdater] INFO  ratis.OzoneManagerStateMachine (OzoneManagerStateMachine.java:takeSnapshotImpl(469)) - notified = (t:1, i:52)
2024-03-04 12:57:52,272 [omNode-1@group-523986131536-StateMachineUpdater] INFO  ratis.OzoneManagerStateMachine (OzoneManagerStateMachine.java:takeSnapshotImpl(470)) - snapshot = (t:1, i:52)
2024-03-04 12:57:52,272 [grpc-default-executor-6] INFO  server.GrpcServerProtocolService (GrpcServerProtocolService.java:lambda$onCompleted$5(159)) - omNode-2: Completed APPEND_ENTRIES, lastReply: serverReply {
  requestorId: "omNode-1"
  replyId: "omNode-2"
  raftGroupId {
    id: "\311\274L\364;\303<`\246kR9\206\023\0256"
  }
  callId: 395
  success: true
}
term: 1
nextIndex: 53
followerCommit: 52
matchIndex: 18446744073709551615
isHearbeat: true

2024-03-04 12:57:52,272 [grpc-default-executor-5] INFO  server.GrpcServerProtocolService (GrpcServerProtocolService.java:onCompleted(157)) - omNode-2: Completed APPEND_ENTRIES, lastRequest: omNode-1->omNode-2#142-t1,previous=(t:1, i:51),leaderCommit=51,initializing? false,entries: size=1, first=(t:1, i:52), METADATAENTRY(c:51)
2024-03-04 12:57:52,272 [grpc-default-executor-5] INFO  server.GrpcServerProtocolService (GrpcServerProtocolService.java:lambda$onCompleted$5(159)) - omNode-2: Completed APPEND_ENTRIES, lastReply: null
2024-03-04 12:57:52,273 [grpc-default-executor-5] INFO  server.GrpcLogAppender (GrpcLogAppender.java:onCompleted(546)) - omNode-1@group-523986131536->omNode-2-AppendLogResponseHandler: follower responses appendEntries COMPLETED
2024-03-04 12:57:52,273 [grpc-default-executor-6] INFO  server.GrpcLogAppender (GrpcLogAppender.java:onCompleted(546)) - omNode-1@group-523986131536->omNode-2-AppendLogResponseHandler: follower responses appendEntries COMPLETED
2024-03-04 12:57:52,274 [grpc-default-executor-5] WARN  server.GrpcLogAppender (GrpcLogAppender.java:resetClient(226)) - omNode-1@group-523986131536->omNode-2-GrpcLogAppender: Failed to getClient for omNode-2
org.apache.ratis.protocol.exceptions.AlreadyClosedException: omNode-1 is already CLOSED
	at org.apache.ratis.util.PeerProxyMap$PeerAndProxy.getProxy(PeerProxyMap.java:65)
	at org.apache.ratis.util.PeerProxyMap.getProxy(PeerProxyMap.java:114)
	at org.apache.ratis.grpc.server.GrpcLogAppender.getClient(GrpcLogAppender.java:196)
	at org.apache.ratis.grpc.server.GrpcLogAppender.resetClient(GrpcLogAppender.java:201)
	at org.apache.ratis.grpc.server.GrpcLogAppender.access$800(GrpcLogAppender.java:62)
	at org.apache.ratis.grpc.server.GrpcLogAppender$AppendLogResponseHandler.onCompleted(GrpcLogAppender.java:547)
	at org.apache.ratis.thirdparty.io.grpc.stub.ClientCalls$StreamObserverToCallListenerAdapter.onClose(ClientCalls.java:479)
	at org.apache.ratis.thirdparty.io.grpc.internal.ClientCallImpl.closeObserver(ClientCallImpl.java:567)
	at org.apache.ratis.thirdparty.io.grpc.internal.ClientCallImpl.access$300(ClientCallImpl.java:71)
	at org.apache.ratis.thirdparty.io.grpc.internal.ClientCallImpl$ClientStreamListenerImpl$1StreamClosed.runInternal(ClientCallImpl.java:735)
	at org.apache.ratis.thirdparty.io.grpc.internal.ClientCallImpl$ClientStreamListenerImpl$1StreamClosed.runInContext(ClientCallImpl.java:716)
	at org.apache.ratis.thirdparty.io.grpc.internal.ContextRunnable.run(ContextRunnable.java:37)
	at org.apache.ratis.thirdparty.io.grpc.internal.SerializingExecutor.run(SerializingExecutor.java:133)
	at java.util.concurrent.ThreadPoolExecutor.runWorker(ThreadPoolExecutor.java:1149)
	at java.util.concurrent.ThreadPoolExecutor$Worker.run(ThreadPoolExecutor.java:624)
	at java.lang.Thread.run(Thread.java:750)
2024-03-04 12:57:52,275 [main] INFO  server.GrpcService (GrpcService.java:closeImpl(320)) - omNode-1: shutdown server GrpcServerProtocolService successfully
2024-03-04 12:57:52,275 [grpc-default-executor-6] WARN  server.GrpcLogAppender (GrpcLogAppender.java:resetClient(226)) - omNode-1@group-523986131536->omNode-2-GrpcLogAppender: Failed to getClient for omNode-2
org.apache.ratis.protocol.exceptions.AlreadyClosedException: omNode-1 is already CLOSED
	at org.apache.ratis.util.PeerProxyMap$PeerAndProxy.getProxy(PeerProxyMap.java:65)
	at org.apache.ratis.util.PeerProxyMap.getProxy(PeerProxyMap.java:114)
	at org.apache.ratis.grpc.server.GrpcLogAppender.getClient(GrpcLogAppender.java:196)
	at org.apache.ratis.grpc.server.GrpcLogAppender.resetClient(GrpcLogAppender.java:201)
	at org.apache.ratis.grpc.server.GrpcLogAppender.access$800(GrpcLogAppender.java:62)
	at org.apache.ratis.grpc.server.GrpcLogAppender$AppendLogResponseHandler.onCompleted(GrpcLogAppender.java:547)
	at org.apache.ratis.thirdparty.io.grpc.stub.ClientCalls$StreamObserverToCallListenerAdapter.onClose(ClientCalls.java:479)
	at org.apache.ratis.thirdparty.io.grpc.internal.ClientCallImpl.closeObserver(ClientCallImpl.java:567)
	at org.apache.ratis.thirdparty.io.grpc.internal.ClientCallImpl.access$300(ClientCallImpl.java:71)
	at org.apache.ratis.thirdparty.io.grpc.internal.ClientCallImpl$ClientStreamListenerImpl$1StreamClosed.runInternal(ClientCallImpl.java:735)
	at org.apache.ratis.thirdparty.io.grpc.internal.ClientCallImpl$ClientStreamListenerImpl$1StreamClosed.runInContext(ClientCallImpl.java:716)
	at org.apache.ratis.thirdparty.io.grpc.internal.ContextRunnable.run(ContextRunnable.java:37)
	at org.apache.ratis.thirdparty.io.grpc.internal.SerializingExecutor.run(SerializingExecutor.java:133)
	at java.util.concurrent.ThreadPoolExecutor.runWorker(ThreadPoolExecutor.java:1149)
	at java.util.concurrent.ThreadPoolExecutor$Worker.run(ThreadPoolExecutor.java:624)
	at java.lang.Thread.run(Thread.java:750)
2024-03-04 12:57:52,277 [omNode-1@group-523986131536-StateMachineUpdater] INFO  impl.StateMachineUpdater (StateMachineUpdater.java:takeSnapshot(295)) - omNode-1@group-523986131536-StateMachineUpdater: Took a snapshot at index 52
2024-03-04 12:57:52,277 [omNode-1@group-523986131536-StateMachineUpdater] INFO  impl.StateMachineUpdater (StateMachineUpdater.java:lambda$new$0(98)) - omNode-1@group-523986131536-StateMachineUpdater: snapshotIndex: updateIncreasingly 50 -> 52
2024-03-04 12:57:52,277 [omNode-1@group-523986131536-StateMachineUpdater] INFO  ratis.OzoneManagerStateMachine (OzoneManagerStateMachine.java:close(513)) - Stopping OzoneManagerStateMachine:omNode-1:group-523986131536.
2024-03-04 12:57:52,277 [omNode-1@group-523986131536-StateMachineUpdater] INFO  ratis.OzoneManagerDoubleBuffer (OzoneManagerDoubleBuffer.java:stopDaemon(518)) - Stopping OMDoubleBuffer flush thread
2024-03-04 12:57:52,277 [omNode-1-OMDoubleBufferFlushThread] INFO  ratis.OzoneManagerDoubleBuffer (OzoneManagerDoubleBuffer.java:canFlush(582)) - OMDoubleBuffer flush thread omNode-1-OMDoubleBufferFlushThread is interrupted and will exit.
2024-03-04 12:57:52,277 [omNode-1-impl-thread2] INFO  server.RaftServer$Division (ServerState.java:close(427)) - omNode-1@group-523986131536: applyIndex: 51
2024-03-04 12:57:52,278 [omNode-1@group-523986131536-cacheEviction-AwaitToRun] INFO  util.AwaitToRun (AwaitToRun.java:run(49)) - omNode-1@group-523986131536-cacheEviction-AwaitToRun-AwaitForSignal is interrupted
2024-03-04 12:57:52,286 [omNode-1-impl-thread2] INFO  segmented.SegmentedRaftLogWorker (SegmentedRaftLogWorker.java:close(245)) - omNode-1@group-523986131536-SegmentedRaftLogWorker close()
2024-03-04 12:57:52,286 [JvmPauseMonitor30] INFO  util.JvmPauseMonitor (JvmPauseMonitor.java:run(152)) - JvmPauseMonitor-omNode-1: Stopped
2024-03-04 12:57:52,286 [main] INFO  utils.BackgroundService (BackgroundService.java:shutdown(160)) - Shutting down service KeyDeletingService
2024-03-04 12:57:52,287 [main] INFO  utils.BackgroundService (BackgroundService.java:shutdown(160)) - Shutting down service DirectoryDeletingService
2024-03-04 12:57:52,287 [main] INFO  utils.BackgroundService (BackgroundService.java:shutdown(160)) - Shutting down service OpenKeyCleanupService
2024-03-04 12:57:52,287 [main] INFO  utils.BackgroundService (BackgroundService.java:shutdown(160)) - Shutting down service SstFilteringService
2024-03-04 12:57:52,287 [main] INFO  utils.BackgroundService (BackgroundService.java:shutdown(160)) - Shutting down service SnapshotDeletingService
2024-03-04 12:57:52,287 [main] INFO  utils.BackgroundService (BackgroundService.java:shutdown(160)) - Shutting down service MultipartUploadCleanupService
2024-03-04 12:57:52,288 [main] INFO  utils.BackgroundService (BackgroundService.java:shutdown(160)) - Shutting down service SnapshotDirectoryCleaningService
2024-03-04 12:57:52,288 [main] INFO  handler.ContextHandler (ContextHandler.java:doStop(1159)) - Stopped o.e.j.w.WebAppContext@26b83aba{ozoneManager,/,null,STOPPED}{file:/home/runner/work/ozone/ozone/hadoop-ozone/integration-test/target/test-classes/webapps/ozoneManager}
2024-03-04 12:57:52,289 [main] INFO  server.AbstractConnector (AbstractConnector.java:doStop(383)) - Stopped ServerConnector@2ea1c01{HTTP/1.1, (http/1.1)}{0.0.0.0:15091}
2024-03-04 12:57:52,289 [main] INFO  server.session (HouseKeeper.java:stopScavenging(149)) - node0 Stopped scavenging
2024-03-04 12:57:52,289 [main] INFO  handler.ContextHandler (ContextHandler.java:doStop(1159)) - Stopped o.e.j.s.ServletContextHandler@45a0f205{static,/static,file:///home/runner/work/ozone/ozone/hadoop-ozone/integration-test/target/test-classes/webapps/static,STOPPED}
2024-03-04 12:57:52,289 [main] INFO  handler.ContextHandler (ContextHandler.java:doStop(1159)) - Stopped o.e.j.s.ServletContextHandler@79fdb977{logs,/logs,file:///home/runner/work/ozone/ozone/hadoop-ozone/integration-test/target/log,STOPPED}
2024-03-04 12:57:52,290 [main] INFO  rocksdiff.RocksDBCheckpointDiffer (RocksDBCheckpointDiffer.java:close(310)) - Shutting down CompactionDagPruningService.
2024-03-04 12:57:52,291 [main] INFO  snapshot.SnapshotDiffManager (SnapshotDiffManager.java:closeExecutorService(1657)) - Shutting down executorService: 'SnapDiffExecutor'
2024-03-04 12:57:52,291 [main] INFO  utils.BackgroundService (BackgroundService.java:shutdown(160)) - Shutting down service SnapshotDiffCleanupService
2024-03-04 12:57:52,292 [main] INFO  om.OzoneManager (OzoneManager.java:stop(2204)) - omNode-2[localhost:15094]: Stopping Ozone Manager
2024-03-04 12:57:52,292 [main] INFO  ipc.Server (Server.java:stop(3523)) - Stopping server on 15094
2024-03-04 12:57:52,294 [IPC Server listener on 15094] INFO  ipc.Server (Server.java:run(1434)) - Stopping IPC Server listener on 15094
2024-03-04 12:57:52,294 [IPC Server Responder] INFO  ipc.Server (Server.java:run(1567)) - Stopping IPC Server Responder
2024-03-04 12:57:52,295 [main] INFO  ratis.OzoneManagerRatisServer (OzoneManagerRatisServer.java:stop(594)) - Stopping org.apache.hadoop.ozone.om.ratis.OzoneManagerRatisServer@5230368b at port 15097
2024-03-04 12:57:52,295 [main] INFO  server.RaftServer (RaftServerProxy.java:lambda$close$9(416)) - omNode-2: close
2024-03-04 12:57:52,295 [main] INFO  server.GrpcService (GrpcService.java:closeImpl(311)) - omNode-2: shutdown server GrpcServerProtocolService now
2024-03-04 12:57:52,295 [omNode-2-impl-thread2] INFO  server.RaftServer$Division (RaftServerImpl.java:lambda$close$3(526)) - omNode-2@group-523986131536: shutdown
2024-03-04 12:57:52,296 [omNode-2-impl-thread2] INFO  util.JmxRegister (JmxRegister.java:unregister(73)) - Successfully un-registered JMX Bean with object name Ratis:service=RaftServer,group=group-523986131536,id=omNode-2
2024-03-04 12:57:52,296 [omNode-2-impl-thread2] INFO  impl.RoleInfo (RoleInfo.java:shutdownFollowerState(110)) - omNode-2: shutdown omNode-2@group-523986131536-FollowerState
2024-03-04 12:57:52,296 [omNode-2-impl-thread2] INFO  impl.StateMachineUpdater (StateMachineUpdater.java:stopAndJoin(157)) - omNode-2@group-523986131536-StateMachineUpdater: set stopIndex = 52
2024-03-04 12:57:52,296 [omNode-2@group-523986131536-StateMachineUpdater] INFO  ratis.OzoneManagerStateMachine (OzoneManagerStateMachine.java:takeSnapshotImpl(467)) -  applied = (t:1, i:51)
2024-03-04 12:57:52,296 [omNode-2@group-523986131536-StateMachineUpdater] INFO  ratis.OzoneManagerStateMachine (OzoneManagerStateMachine.java:takeSnapshotImpl(468)) -  skipped = 51
2024-03-04 12:57:52,296 [omNode-2@group-523986131536-FollowerState] INFO  impl.FollowerState (FollowerState.java:run(152)) - omNode-2@group-523986131536-FollowerState was interrupted
2024-03-04 12:57:52,296 [omNode-2@group-523986131536-StateMachineUpdater] INFO  ratis.OzoneManagerStateMachine (OzoneManagerStateMachine.java:takeSnapshotImpl(469)) - notified = (t:1, i:52)
2024-03-04 12:57:52,296 [omNode-2@group-523986131536-StateMachineUpdater] INFO  ratis.OzoneManagerStateMachine (OzoneManagerStateMachine.java:takeSnapshotImpl(470)) - snapshot = (t:1, i:52)
2024-03-04 12:57:52,298 [main] INFO  server.GrpcService (GrpcService.java:closeImpl(320)) - omNode-2: shutdown server GrpcServerProtocolService successfully
2024-03-04 12:57:52,310 [omNode-2@group-523986131536-StateMachineUpdater] INFO  impl.StateMachineUpdater (StateMachineUpdater.java:takeSnapshot(295)) - omNode-2@group-523986131536-StateMachineUpdater: Took a snapshot at index 52
2024-03-04 12:57:52,310 [omNode-2@group-523986131536-StateMachineUpdater] INFO  impl.StateMachineUpdater (StateMachineUpdater.java:lambda$new$0(98)) - omNode-2@group-523986131536-StateMachineUpdater: snapshotIndex: updateIncreasingly 51 -> 52
2024-03-04 12:57:52,310 [omNode-2@group-523986131536-StateMachineUpdater] INFO  ratis.OzoneManagerStateMachine (OzoneManagerStateMachine.java:close(513)) - Stopping OzoneManagerStateMachine:omNode-2:group-523986131536.
2024-03-04 12:57:52,310 [omNode-2@group-523986131536-StateMachineUpdater] INFO  ratis.OzoneManagerDoubleBuffer (OzoneManagerDoubleBuffer.java:stopDaemon(518)) - Stopping OMDoubleBuffer flush thread
2024-03-04 12:57:52,310 [omNode-2-OMDoubleBufferFlushThread] INFO  ratis.OzoneManagerDoubleBuffer (OzoneManagerDoubleBuffer.java:canFlush(582)) - OMDoubleBuffer flush thread omNode-2-OMDoubleBufferFlushThread is interrupted and will exit.
2024-03-04 12:57:52,311 [omNode-2-impl-thread2] INFO  server.RaftServer$Division (ServerState.java:close(427)) - omNode-2@group-523986131536: applyIndex: 51
2024-03-04 12:57:52,311 [omNode-2@group-523986131536-cacheEviction-AwaitToRun] INFO  util.AwaitToRun (AwaitToRun.java:run(49)) - omNode-2@group-523986131536-cacheEviction-AwaitToRun-AwaitForSignal is interrupted
2024-03-04 12:57:53,255 [omNode-2-impl-thread2] INFO  segmented.SegmentedRaftLogWorker (SegmentedRaftLogWorker.java:close(245)) - omNode-2@group-523986131536-SegmentedRaftLogWorker close()
2024-03-04 12:57:53,257 [JvmPauseMonitor31] INFO  util.JvmPauseMonitor (JvmPauseMonitor.java:run(152)) - JvmPauseMonitor-omNode-2: Stopped
2024-03-04 12:57:53,257 [main] INFO  utils.BackgroundService (BackgroundService.java:shutdown(160)) - Shutting down service KeyDeletingService
2024-03-04 12:57:53,257 [main] INFO  utils.BackgroundService (BackgroundService.java:shutdown(160)) - Shutting down service DirectoryDeletingService
2024-03-04 12:57:53,257 [main] INFO  utils.BackgroundService (BackgroundService.java:shutdown(160)) - Shutting down service OpenKeyCleanupService
2024-03-04 12:57:53,258 [main] INFO  utils.BackgroundService (BackgroundService.java:shutdown(160)) - Shutting down service SstFilteringService
2024-03-04 12:57:53,258 [main] INFO  utils.BackgroundService (BackgroundService.java:shutdown(160)) - Shutting down service SnapshotDeletingService
2024-03-04 12:57:53,258 [main] INFO  utils.BackgroundService (BackgroundService.java:shutdown(160)) - Shutting down service MultipartUploadCleanupService
2024-03-04 12:57:53,258 [main] INFO  utils.BackgroundService (BackgroundService.java:shutdown(160)) - Shutting down service SnapshotDirectoryCleaningService
2024-03-04 12:57:53,259 [main] INFO  handler.ContextHandler (ContextHandler.java:doStop(1159)) - Stopped o.e.j.w.WebAppContext@6d2f58d0{ozoneManager,/,null,STOPPED}{file:/home/runner/work/ozone/ozone/hadoop-ozone/integration-test/target/test-classes/webapps/ozoneManager}
2024-03-04 12:57:53,259 [main] INFO  server.AbstractConnector (AbstractConnector.java:doStop(383)) - Stopped ServerConnector@1456519e{HTTP/1.1, (http/1.1)}{0.0.0.0:15095}
2024-03-04 12:57:53,259 [main] INFO  server.session (HouseKeeper.java:stopScavenging(149)) - node0 Stopped scavenging
2024-03-04 12:57:53,260 [main] INFO  handler.ContextHandler (ContextHandler.java:doStop(1159)) - Stopped o.e.j.s.ServletContextHandler@10e58da9{static,/static,file:///home/runner/work/ozone/ozone/hadoop-ozone/integration-test/target/test-classes/webapps/static,STOPPED}
2024-03-04 12:57:53,260 [main] INFO  handler.ContextHandler (ContextHandler.java:doStop(1159)) - Stopped o.e.j.s.ServletContextHandler@4af3ef1e{logs,/logs,file:///home/runner/work/ozone/ozone/hadoop-ozone/integration-test/target/log,STOPPED}
2024-03-04 12:57:53,261 [main] INFO  rocksdiff.RocksDBCheckpointDiffer (RocksDBCheckpointDiffer.java:close(310)) - Shutting down CompactionDagPruningService.
2024-03-04 12:57:53,263 [main] INFO  snapshot.SnapshotDiffManager (SnapshotDiffManager.java:closeExecutorService(1657)) - Shutting down executorService: 'SnapDiffExecutor'
2024-03-04 12:57:53,263 [main] INFO  utils.BackgroundService (BackgroundService.java:shutdown(160)) - Shutting down service SnapshotDiffCleanupService
2024-03-04 12:57:53,264 [main] INFO  om.OzoneManager (OzoneManager.java:restart(1710)) - OzoneManager RPC server is listening at localhost/127.0.0.1:15098
2024-03-04 12:57:53,264 [main] INFO  impl.MetricsSystemImpl (MetricsSystemImpl.java:init(158)) - OzoneManager metrics system started (again)
2024-03-04 12:57:53,272 [main] WARN  server.ServerUtils (ServerUtils.java:getDBPath(299)) - ozone.om.db.dirs is not configured. We recommend adding this setting. Falling back to ozone.metadata.dirs instead.
2024-03-04 12:57:53,273 [main] INFO  helpers.OmKeyInfo (OmKeyInfo.java:getCodec(71)) - OmKeyInfo.getCodec ignorePipeline = true
2024-03-04 12:57:53,314 [main] INFO  om.OzoneManager (OzoneManager.java:instantiateServices(804)) - S3 Multi-Tenancy is disabled
2024-03-04 12:57:53,315 [main] INFO  om.OmSnapshotManager (OmSnapshotManager.java:<init>(177)) - Ozone filesystem snapshot feature is enabled.
2024-03-04 12:57:53,316 [main] WARN  server.ServerUtils (ServerUtils.java:getDBPath(299)) - ozone.om.snapshot.diff.db.dir is not configured. We recommend adding this setting. Falling back to ozone.metadata.dirs instead.
2024-03-04 12:57:53,334 [main] INFO  utils.NativeLibraryLoader (NativeLibraryLoader.java:loadLibrary(108)) - Loading Library: ozone_rocksdb_tools
2024-03-04 12:57:53,335 [main] ERROR snapshot.SnapshotDiffManager (SnapshotDiffManager.java:initNativeLibraryForEfficientDiff(287)) - Native Library for raw sst file reading loading failed.
org.apache.hadoop.hdds.utils.NativeLibraryNotLoadedException: Unable to load library ozone_rocksdb_tools from both java.library.path & resource file libozone_rocksdb_tools.so from jar.
	at org.apache.hadoop.hdds.utils.db.managed.ManagedRawSSTFileReader.loadLibrary(ManagedRawSSTFileReader.java:38)
	at org.apache.hadoop.ozone.om.snapshot.SnapshotDiffManager.initNativeLibraryForEfficientDiff(SnapshotDiffManager.java:285)
	at org.apache.hadoop.ozone.om.snapshot.SnapshotDiffManager.<init>(SnapshotDiffManager.java:259)
	at org.apache.hadoop.ozone.om.OmSnapshotManager.<init>(OmSnapshotManager.java:279)
	at org.apache.hadoop.ozone.om.OzoneManager.instantiateServices(OzoneManager.java:856)
	at org.apache.hadoop.ozone.om.OzoneManager.restart(OzoneManager.java:1715)
	at org.apache.hadoop.ozone.MiniOzoneHAClusterImpl.restartOzoneManager(MiniOzoneHAClusterImpl.java:211)
	at org.apache.hadoop.ozone.om.TestOzoneManagerPrepare.resetCluster(TestOzoneManagerPrepare.java:113)
	at sun.reflect.NativeMethodAccessorImpl.invoke0(Native Method)
	at sun.reflect.NativeMethodAccessorImpl.invoke(NativeMethodAccessorImpl.java:62)
	at sun.reflect.DelegatingMethodAccessorImpl.invoke(DelegatingMethodAccessorImpl.java:43)
	at java.lang.reflect.Method.invoke(Method.java:498)
	at org.junit.platform.commons.util.ReflectionUtils.invokeMethod(ReflectionUtils.java:728)
	at org.junit.jupiter.engine.execution.MethodInvocation.proceed(MethodInvocation.java:60)
	at org.junit.jupiter.engine.execution.InvocationInterceptorChain$ValidatingInvocation.proceed(InvocationInterceptorChain.java:131)
	at org.junit.jupiter.engine.extension.TimeoutExtension.intercept(TimeoutExtension.java:156)
	at org.junit.jupiter.engine.extension.TimeoutExtension.interceptLifecycleMethod(TimeoutExtension.java:128)
	at org.junit.jupiter.engine.extension.TimeoutExtension.interceptAfterEachMethod(TimeoutExtension.java:110)
	at org.junit.jupiter.engine.execution.InterceptingExecutableInvoker$ReflectiveInterceptorCall.lambda$ofVoidMethod$0(InterceptingExecutableInvoker.java:103)
	at org.junit.jupiter.engine.execution.InterceptingExecutableInvoker.lambda$invoke$0(InterceptingExecutableInvoker.java:93)
	at org.junit.jupiter.engine.execution.InvocationInterceptorChain$InterceptedInvocation.proceed(InvocationInterceptorChain.java:106)
	at org.junit.jupiter.engine.execution.InvocationInterceptorChain.proceed(InvocationInterceptorChain.java:64)
	at org.junit.jupiter.engine.execution.InvocationInterceptorChain.chainAndInvoke(InvocationInterceptorChain.java:45)
	at org.junit.jupiter.engine.execution.InvocationInterceptorChain.invoke(InvocationInterceptorChain.java:37)
	at org.junit.jupiter.engine.execution.InterceptingExecutableInvoker.invoke(InterceptingExecutableInvoker.java:92)
	at org.junit.jupiter.engine.execution.InterceptingExecutableInvoker.invoke(InterceptingExecutableInvoker.java:86)
	at org.junit.jupiter.engine.descriptor.ClassBasedTestDescriptor.invokeMethodInExtensionContext(ClassBasedTestDescriptor.java:521)
	at org.junit.jupiter.engine.descriptor.ClassBasedTestDescriptor.lambda$synthesizeAfterEachMethodAdapter$24(ClassBasedTestDescriptor.java:511)
	at org.junit.jupiter.engine.descriptor.TestMethodTestDescriptor.lambda$invokeAfterEachMethods$10(TestMethodTestDescriptor.java:244)
	at org.junit.jupiter.engine.descriptor.TestMethodTestDescriptor.lambda$invokeAllAfterMethodsOrCallbacks$13(TestMethodTestDescriptor.java:277)
	at org.junit.platform.engine.support.hierarchical.ThrowableCollector.execute(ThrowableCollector.java:73)
	at org.junit.jupiter.engine.descriptor.TestMethodTestDescriptor.lambda$invokeAllAfterMethodsOrCallbacks$14(TestMethodTestDescriptor.java:277)
	at org.junit.platform.commons.util.CollectionUtils.forEachInReverseOrder(CollectionUtils.java:217)
	at org.junit.jupiter.engine.descriptor.TestMethodTestDescriptor.invokeAllAfterMethodsOrCallbacks(TestMethodTestDescriptor.java:276)
	at org.junit.jupiter.engine.descriptor.TestMethodTestDescriptor.invokeAfterEachMethods(TestMethodTestDescriptor.java:242)
	at org.junit.jupiter.engine.descriptor.TestMethodTestDescriptor.execute(TestMethodTestDescriptor.java:143)
	at org.junit.jupiter.engine.descriptor.TestMethodTestDescriptor.execute(TestMethodTestDescriptor.java:69)
	at org.junit.platform.engine.support.hierarchical.NodeTestTask.lambda$executeRecursively$6(NodeTestTask.java:151)
	at org.junit.platform.engine.support.hierarchical.ThrowableCollector.execute(ThrowableCollector.java:73)
	at org.junit.platform.engine.support.hierarchical.NodeTestTask.lambda$executeRecursively$8(NodeTestTask.java:141)
	at org.junit.platform.engine.support.hierarchical.Node.around(Node.java:137)
	at org.junit.platform.engine.support.hierarchical.NodeTestTask.lambda$executeRecursively$9(NodeTestTask.java:139)
	at org.junit.platform.engine.support.hierarchical.ThrowableCollector.execute(ThrowableCollector.java:73)
	at org.junit.platform.engine.support.hierarchical.NodeTestTask.executeRecursively(NodeTestTask.java:138)
	at org.junit.platform.engine.support.hierarchical.NodeTestTask.execute(NodeTestTask.java:95)
	at java.util.ArrayList.forEach(ArrayList.java:1259)
	at org.junit.platform.engine.support.hierarchical.SameThreadHierarchicalTestExecutorService.invokeAll(SameThreadHierarchicalTestExecutorService.java:41)
	at org.junit.platform.engine.support.hierarchical.NodeTestTask.lambda$executeRecursively$6(NodeTestTask.java:155)
	at org.junit.platform.engine.support.hierarchical.ThrowableCollector.execute(ThrowableCollector.java:73)
	at org.junit.platform.engine.support.hierarchical.NodeTestTask.lambda$executeRecursively$8(NodeTestTask.java:141)
	at org.junit.platform.engine.support.hierarchical.Node.around(Node.java:137)
	at org.junit.platform.engine.support.hierarchical.NodeTestTask.lambda$executeRecursively$9(NodeTestTask.java:139)
	at org.junit.platform.engine.support.hierarchical.ThrowableCollector.execute(ThrowableCollector.java:73)
	at org.junit.platform.engine.support.hierarchical.NodeTestTask.executeRecursively(NodeTestTask.java:138)
	at org.junit.platform.engine.support.hierarchical.NodeTestTask.execute(NodeTestTask.java:95)
	at java.util.ArrayList.forEach(ArrayList.java:1259)
	at org.junit.platform.engine.support.hierarchical.SameThreadHierarchicalTestExecutorService.invokeAll(SameThreadHierarchicalTestExecutorService.java:41)
	at org.junit.platform.engine.support.hierarchical.NodeTestTask.lambda$executeRecursively$6(NodeTestTask.java:155)
	at org.junit.platform.engine.support.hierarchical.ThrowableCollector.execute(ThrowableCollector.java:73)
	at org.junit.platform.engine.support.hierarchical.NodeTestTask.lambda$executeRecursively$8(NodeTestTask.java:141)
	at org.junit.platform.engine.support.hierarchical.Node.around(Node.java:137)
	at org.junit.platform.engine.support.hierarchical.NodeTestTask.lambda$executeRecursively$9(NodeTestTask.java:139)
	at org.junit.platform.engine.support.hierarchical.ThrowableCollector.execute(ThrowableCollector.java:73)
	at org.junit.platform.engine.support.hierarchical.NodeTestTask.executeRecursively(NodeTestTask.java:138)
	at org.junit.platform.engine.support.hierarchical.NodeTestTask.execute(NodeTestTask.java:95)
	at org.junit.platform.engine.support.hierarchical.SameThreadHierarchicalTestExecutorService.submit(SameThreadHierarchicalTestExecutorService.java:35)
	at org.junit.platform.engine.support.hierarchical.HierarchicalTestExecutor.execute(HierarchicalTestExecutor.java:57)
	at org.junit.platform.engine.support.hierarchical.HierarchicalTestEngine.execute(HierarchicalTestEngine.java:54)
	at org.junit.platform.launcher.core.EngineExecutionOrchestrator.execute(EngineExecutionOrchestrator.java:198)
	at org.junit.platform.launcher.core.EngineExecutionOrchestrator.execute(EngineExecutionOrchestrator.java:169)
	at org.junit.platform.launcher.core.EngineExecutionOrchestrator.execute(EngineExecutionOrchestrator.java:93)
	at org.junit.platform.launcher.core.EngineExecutionOrchestrator.lambda$execute$0(EngineExecutionOrchestrator.java:58)
	at org.junit.platform.launcher.core.EngineExecutionOrchestrator.withInterceptedStreams(EngineExecutionOrchestrator.java:141)
	at org.junit.platform.launcher.core.EngineExecutionOrchestrator.execute(EngineExecutionOrchestrator.java:57)
	at org.junit.platform.launcher.core.DefaultLauncher.execute(DefaultLauncher.java:103)
	at org.junit.platform.launcher.core.DefaultLauncher.execute(DefaultLauncher.java:85)
	at org.junit.platform.launcher.core.DelegatingLauncher.execute(DelegatingLauncher.java:47)
	at org.junit.platform.launcher.core.SessionPerRequestLauncher.execute(SessionPerRequestLauncher.java:63)
	at org.apache.maven.surefire.junitplatform.JUnitPlatformProvider.invokeAllTests(JUnitPlatformProvider.java:165)
	at org.apache.maven.surefire.junitplatform.JUnitPlatformProvider.invoke(JUnitPlatformProvider.java:124)
	at org.apache.maven.surefire.booter.ForkedBooter.runSuitesInProcess(ForkedBooter.java:428)
	at org.apache.maven.surefire.booter.ForkedBooter.execute(ForkedBooter.java:162)
	at org.apache.maven.surefire.booter.ForkedBooter.run(ForkedBooter.java:562)
	at org.apache.maven.surefire.booter.ForkedBooter.main(ForkedBooter.java:548)
2024-03-04 12:57:53,347 [main] WARN  server.ServerUtils (ServerUtils.java:getDefaultRatisDirectory(311)) - Storage directory for Ratis is not configured. It is a good idea to map this to an SSD disk. Falling back to ozone.metadata.dirs
2024-03-04 12:57:53,348 [main] INFO  ratis.OzoneManagerRatisServer (OzoneManagerRatisServer.java:<init>(167)) - Instantiating OM Ratis server with groupID: om-service-test1 and peers: localhost:15101, localhost:15093, localhost:15097
2024-03-04 12:57:53,348 [main] INFO  ratis.OzoneManagerStateMachine (OzoneManagerStateMachine.java:loadSnapshotInfoFromDB(573)) - LastAppliedIndex is set from TransactionInfo from OM DB as (t:1, i:52)
2024-03-04 12:57:53,349 [main] INFO  server.RaftServer (ConfUtils.java:logGet(46)) - raft.rpc.type = GRPC (default)
2024-03-04 12:57:53,349 [main] INFO  grpc.GrpcConfigKeys (ConfUtils.java:logFallback(53)) - raft.grpc.admin.host = null (fallback to raft.grpc.server.host)
2024-03-04 12:57:53,349 [main] INFO  grpc.GrpcConfigKeys (ConfUtils.java:logFallback(53)) - raft.grpc.admin.port = 15101 (fallback to raft.grpc.server.port)
2024-03-04 12:57:53,349 [main] INFO  grpc.GrpcConfigKeys (ConfUtils.java:logFallback(53)) - raft.grpc.client.host = null (fallback to raft.grpc.server.host)
2024-03-04 12:57:53,349 [main] INFO  grpc.GrpcConfigKeys (ConfUtils.java:logFallback(53)) - raft.grpc.client.port = 15101 (fallback to raft.grpc.server.port)
2024-03-04 12:57:53,349 [main] INFO  grpc.GrpcConfigKeys (ConfUtils.java:logGet(46)) - raft.grpc.server.host = null (default)
2024-03-04 12:57:53,350 [main] INFO  grpc.GrpcConfigKeys (ConfUtils.java:logGet(46)) - raft.grpc.server.port = 15101 (custom)
2024-03-04 12:57:53,350 [main] INFO  server.GrpcService (ConfUtils.java:logGet(46)) - raft.grpc.message.size.max = 4194304 (custom)
2024-03-04 12:57:53,350 [main] INFO  server.RaftServerConfigKeys (ConfUtils.java:logGet(46)) - raft.server.log.appender.buffer.byte-limit = 4194304 (custom)
2024-03-04 12:57:53,350 [main] INFO  server.GrpcService (ConfUtils.java:logGet(46)) - raft.grpc.flow.control.window = 1MB (=1048576) (default)
2024-03-04 12:57:53,350 [main] INFO  server.RaftServerConfigKeys (ConfUtils.java:logGet(46)) - raft.server.rpc.request.timeout = 3000ms (default)
2024-03-04 12:57:53,350 [main] INFO  grpc.GrpcConfigKeys (ConfUtils.java:logGet(46)) - raft.grpc.server.heartbeat.channel = true (default)
2024-03-04 12:57:53,350 [main] INFO  grpc.GrpcConfigKeys (ConfUtils.java:logGet(46)) - raft.grpc.server.async.request.thread.pool.cached = true (default)
2024-03-04 12:57:53,351 [main] INFO  grpc.GrpcConfigKeys (ConfUtils.java:logGet(46)) - raft.grpc.server.async.request.thread.pool.size = 32 (default)
2024-03-04 12:57:53,352 [main] INFO  impl.DataStreamServerImpl (ConfUtils.java:logGet(46)) - raft.datastream.type = DISABLED (default)
2024-03-04 12:57:53,352 [main] INFO  server.RaftServerConfigKeys (ConfUtils.java:logGet(46)) - raft.server.sleep.deviation.threshold = 300ms (default)
2024-03-04 12:57:53,352 [main] INFO  server.RaftServerConfigKeys (ConfUtils.java:logGet(46)) - raft.server.close.threshold = 60s (default)
2024-03-04 12:57:53,352 [main] INFO  server.RaftServerConfigKeys (ConfUtils.java:logGet(46)) - raft.server.leaderelection.leader.step-down.wait-time = 10s (default)
2024-03-04 12:57:53,352 [main] INFO  server.RaftServerConfigKeys (ConfUtils.java:logGet(46)) - raft.server.storage.dir = [/home/runner/work/ozone/ozone/hadoop-ozone/integration-test/target/test-dir/MiniOzoneClusterImpl-5dfaf9ee-e84d-4a0a-b307-fdee3dcb636e/omNode-3/ratis] (custom)
2024-03-04 12:57:53,353 [main] INFO  server.RaftServerConfigKeys (ConfUtils.java:logGet(46)) - raft.server.threadpool.proxy.cached = true (default)
2024-03-04 12:57:53,353 [main] INFO  server.RaftServerConfigKeys (ConfUtils.java:logGet(46)) - raft.server.threadpool.proxy.size = 0 (default)
2024-03-04 12:57:53,353 [omNode-3-impl-thread1] INFO  server.RaftServer (RaftServerProxy.java:initGroupDir(264)) - omNode-3: found a subdirectory /home/runner/work/ozone/ozone/hadoop-ozone/integration-test/target/test-dir/MiniOzoneClusterImpl-5dfaf9ee-e84d-4a0a-b307-fdee3dcb636e/omNode-3/ratis/c9bc4cf4-3bc3-3c60-a66b-523986131536
2024-03-04 12:57:53,353 [main] INFO  server.RaftServer (RaftServerProxy.java:addNew(100)) - omNode-3: addNew group-523986131536:[omNode-3|localhost:15101, omNode-1|localhost:15093, omNode-2|localhost:15097] returns group-523986131536:java.util.concurrent.CompletableFuture@55a56590[Not completed]
2024-03-04 12:57:53,353 [omNode-3-groupManagement] INFO  server.RaftServer$Division (RaftServerImpl.java:<init>(256)) - omNode-3: new RaftServerImpl for group-523986131536:[omNode-3|localhost:15101, omNode-1|localhost:15093, omNode-2|localhost:15097] with OzoneManagerStateMachine:uninitialized
2024-03-04 12:57:53,354 [main] INFO  om.OzoneManager (OzoneManager.java:initializeRatisServer(2140)) - OzoneManager Ratis server initialized at port 15101
2024-03-04 12:57:53,354 [main] INFO  ratis.OzoneManagerRatisServer (OzoneManagerRatisServer.java:start(588)) - Starting OzoneManagerRatisServer omNode-3 at port 15101
2024-03-04 12:57:53,354 [omNode-3-groupManagement] INFO  server.RaftServerConfigKeys (ConfUtils.java:logGet(46)) - raft.server.rpc.timeout.min = 1s (custom)
2024-03-04 12:57:53,354 [omNode-3-groupManagement] INFO  server.RaftServerConfigKeys (ConfUtils.java:logGet(46)) - raft.server.rpc.timeout.max = 1200ms (custom)
2024-03-04 12:57:53,354 [omNode-3-groupManagement] INFO  server.RaftServerConfigKeys (ConfUtils.java:logGet(46)) - raft.server.rpc.sleep.time = 25ms (default)
2024-03-04 12:57:53,354 [omNode-3-groupManagement] INFO  server.RaftServerConfigKeys (ConfUtils.java:logGet(46)) - raft.server.rpc.slowness.timeout = 2s (custom)
2024-03-04 12:57:53,354 [omNode-3-groupManagement] INFO  server.RaftServerConfigKeys (ConfUtils.java:logGet(46)) - raft.server.leaderelection.leader.step-down.wait-time = 10s (default)
2024-03-04 12:57:53,354 [omNode-3-groupManagement] INFO  server.RaftServerConfigKeys (ConfUtils.java:logGet(46)) - raft.server.leaderelection.member.majority-add = false (default)
2024-03-04 12:57:53,354 [omNode-3-groupManagement] INFO  server.RaftServerConfigKeys (ConfUtils.java:logGet(46)) - raft.server.sleep.deviation.threshold = 300ms (default)
2024-03-04 12:57:53,354 [omNode-3-groupManagement] INFO  server.RaftServer$Division (ServerState.java:<init>(113)) - omNode-3@group-523986131536: ConfigurationManager, init=-1: peers:[omNode-3|localhost:15101, omNode-1|localhost:15093, omNode-2|localhost:15097]|listeners:[], old=null, confs=<EMPTY_MAP>
2024-03-04 12:57:53,354 [omNode-3-groupManagement] INFO  server.RaftServerConfigKeys (ConfUtils.java:logGet(46)) - raft.server.notification.no-leader.timeout = 2s (custom)
2024-03-04 12:57:53,354 [omNode-3-groupManagement] INFO  server.RaftServerConfigKeys (ConfUtils.java:logGet(46)) - raft.server.read.timeout = 10s (default)
2024-03-04 12:57:53,354 [omNode-3-groupManagement] INFO  server.RaftServerConfigKeys (ConfUtils.java:logGet(46)) - raft.server.retrycache.expirytime = 30000ms (custom)
2024-03-04 12:57:53,354 [omNode-3-groupManagement] INFO  server.RaftServerConfigKeys (ConfUtils.java:logGet(46)) - raft.server.retrycache.statistics.expirytime = 100ms (default)
2024-03-04 12:57:53,355 [omNode-3-groupManagement] INFO  server.RaftServerConfigKeys (ConfUtils.java:logGet(46)) - raft.server.read.option = DEFAULT (default)
2024-03-04 12:57:53,355 [omNode-3-groupManagement] INFO  server.RaftServerConfigKeys (ConfUtils.java:logGet(46)) - raft.server.read.read-after-write-consistent.write-index-cache.expiry-time = 60s (default)
2024-03-04 12:57:53,356 [omNode-3-groupManagement] INFO  server.RaftServerConfigKeys (ConfUtils.java:logGet(46)) - raft.server.rpc.request.timeout = 3000ms (default)
2024-03-04 12:57:53,356 [omNode-3-groupManagement] INFO  server.RaftServerConfigKeys (ConfUtils.java:logGet(46)) - raft.server.log.appender.install.snapshot.enabled = false (custom)
2024-03-04 12:57:53,356 [omNode-3-groupManagement] INFO  server.RaftServerConfigKeys (ConfUtils.java:logGet(46)) - raft.server.threadpool.server.cached = true (default)
2024-03-04 12:57:53,356 [omNode-3-groupManagement] INFO  server.RaftServerConfigKeys (ConfUtils.java:logGet(46)) - raft.server.threadpool.server.size = 0 (default)
2024-03-04 12:57:53,356 [omNode-3-groupManagement] INFO  server.RaftServerConfigKeys (ConfUtils.java:logGet(46)) - raft.server.threadpool.client.cached = true (default)
2024-03-04 12:57:53,356 [omNode-3-groupManagement] INFO  server.RaftServerConfigKeys (ConfUtils.java:logGet(46)) - raft.server.threadpool.client.size = 0 (default)
2024-03-04 12:57:53,356 [omNode-3-impl-thread1] INFO  server.RaftServerConfigKeys (ConfUtils.java:logGet(46)) - raft.server.storage.free-space.min = 0MB (=0) (default)
2024-03-04 12:57:53,356 [omNode-3-impl-thread1] INFO  server.RaftServerConfigKeys (ConfUtils.java:logGet(46)) - raft.server.log.corruption.policy = EXCEPTION (default)
2024-03-04 12:57:53,356 [omNode-3-impl-thread1] INFO  server.RaftServerConfigKeys (ConfUtils.java:logGet(46)) - raft.server.storage.dir = [/home/runner/work/ozone/ozone/hadoop-ozone/integration-test/target/test-dir/MiniOzoneClusterImpl-5dfaf9ee-e84d-4a0a-b307-fdee3dcb636e/omNode-3/ratis] (custom)
2024-03-04 12:57:53,357 [omNode-3-impl-thread1] INFO  storage.RaftStorageDirectory (RaftStorageDirectoryImpl.java:tryLock(228)) - Lock on /home/runner/work/ozone/ozone/hadoop-ozone/integration-test/target/test-dir/MiniOzoneClusterImpl-5dfaf9ee-e84d-4a0a-b307-fdee3dcb636e/omNode-3/ratis/c9bc4cf4-3bc3-3c60-a66b-523986131536/in_use.lock acquired by nodename 41993@fv-az571-795
2024-03-04 12:57:53,357 [omNode-3-impl-thread1] INFO  storage.RaftStorage (RaftStorageImpl.java:analyzeAndRecoverStorage(119)) - Read RaftStorageMetadata{term=1, votedFor=omNode-1} from /home/runner/work/ozone/ozone/hadoop-ozone/integration-test/target/test-dir/MiniOzoneClusterImpl-5dfaf9ee-e84d-4a0a-b307-fdee3dcb636e/omNode-3/ratis/c9bc4cf4-3bc3-3c60-a66b-523986131536/current/raft-meta
2024-03-04 12:57:53,358 [omNode-3-impl-thread1] INFO  server.RaftServer$Division (ServerState.java:setRaftConf(386)) - omNode-3@group-523986131536: set configuration 0: peers:[omNode-3|localhost:15101, omNode-1|localhost:15093, omNode-2|localhost:15097]|listeners:[], old=null
2024-03-04 12:57:53,359 [omNode-3-impl-thread1] INFO  server.RaftServerConfigKeys (ConfUtils.java:logGet(46)) - raft.server.log.use.memory = false (default)
2024-03-04 12:57:53,359 [omNode-3-impl-thread1] INFO  server.RaftServerConfigKeys (ConfUtils.java:logGet(46)) - raft.server.log.purge.gap = 50 (custom)
2024-03-04 12:57:53,359 [omNode-3-impl-thread1] INFO  server.RaftServerConfigKeys (ConfUtils.java:logGet(46)) - raft.server.log.appender.buffer.byte-limit = 4194304 (custom)
2024-03-04 12:57:53,359 [omNode-3-impl-thread1] INFO  server.RaftServerConfigKeys (ConfUtils.java:logGet(46)) - raft.server.log.statemachine.data.read.timeout = 1000ms (default)
2024-03-04 12:57:53,359 [omNode-3-impl-thread1] INFO  server.RaftServerConfigKeys (ConfUtils.java:logGet(46)) - raft.server.log.purge.preservation.log.num = 0 (default)
2024-03-04 12:57:53,360 [omNode-3-impl-thread1] INFO  server.RaftServerConfigKeys (ConfUtils.java:logGet(46)) - raft.server.log.segment.size.max = 4194304 (custom)
2024-03-04 12:57:53,360 [omNode-3-impl-thread1] INFO  server.RaftServerConfigKeys (ConfUtils.java:logGet(46)) - raft.server.log.segment.cache.num.max = 2 (custom)
2024-03-04 12:57:53,360 [omNode-3-impl-thread1] INFO  server.RaftServerConfigKeys (ConfUtils.java:logGet(46)) - raft.server.log.segment.cache.size.max = 200MB (=209715200) (default)
2024-03-04 12:57:53,360 [omNode-3-impl-thread1] INFO  server.RaftServerConfigKeys (ConfUtils.java:logGet(46)) - raft.server.log.appender.buffer.byte-limit = 4194304 (custom)
2024-03-04 12:57:53,360 [omNode-3-impl-thread1] INFO  util.AwaitToRun (AwaitToRun.java:start(81)) - Thread[omNode-3@group-523986131536-cacheEviction-AwaitToRun,5,main] started
2024-03-04 12:57:53,360 [omNode-3-impl-thread1] INFO  segmented.SegmentedRaftLogWorker (SegmentedRaftLogWorker.java:<init>(182)) - new omNode-3@group-523986131536-SegmentedRaftLogWorker for RaftStorageImpl:Storage Directory /home/runner/work/ozone/ozone/hadoop-ozone/integration-test/target/test-dir/MiniOzoneClusterImpl-5dfaf9ee-e84d-4a0a-b307-fdee3dcb636e/omNode-3/ratis/c9bc4cf4-3bc3-3c60-a66b-523986131536
2024-03-04 12:57:53,360 [omNode-3-impl-thread1] INFO  server.RaftServerConfigKeys (ConfUtils.java:logGet(46)) - raft.server.log.queue.byte-limit = 64MB (=67108864) (default)
2024-03-04 12:57:53,360 [omNode-3-impl-thread1] INFO  server.RaftServerConfigKeys (ConfUtils.java:logGet(46)) - raft.server.log.queue.element-limit = 4096 (default)
2024-03-04 12:57:53,360 [omNode-3-impl-thread1] INFO  server.RaftServerConfigKeys (ConfUtils.java:logGet(46)) - raft.server.log.segment.size.max = 4194304 (custom)
2024-03-04 12:57:53,360 [omNode-3-impl-thread1] INFO  server.RaftServerConfigKeys (ConfUtils.java:logGet(46)) - raft.server.log.preallocated.size = 4194304 (custom)
2024-03-04 12:57:53,360 [omNode-3-impl-thread1] INFO  server.RaftServerConfigKeys (ConfUtils.java:logGet(46)) - raft.server.log.force.sync.num = 128 (default)
2024-03-04 12:57:53,360 [omNode-3-impl-thread1] INFO  server.RaftServerConfigKeys (ConfUtils.java:logGet(46)) - raft.server.log.statemachine.data.sync = true (default)
2024-03-04 12:57:53,360 [omNode-3-impl-thread1] INFO  server.RaftServerConfigKeys (ConfUtils.java:logGet(46)) - raft.server.log.statemachine.data.sync.timeout = 10s (default)
2024-03-04 12:57:53,361 [omNode-3-impl-thread1] INFO  server.RaftServerConfigKeys (ConfUtils.java:logGet(46)) - raft.server.log.statemachine.data.sync.timeout.retry = -1 (default)
2024-03-04 12:57:53,361 [omNode-3-impl-thread1] INFO  server.RaftServerConfigKeys (ConfUtils.java:logGet(46)) - raft.server.log.write.buffer.size = 4194312 (custom)
2024-03-04 12:57:53,361 [omNode-3-impl-thread1] INFO  server.RaftServerConfigKeys (ConfUtils.java:logGet(46)) - raft.server.log.appender.buffer.byte-limit = 4194304 (custom)
2024-03-04 12:57:53,361 [omNode-3-impl-thread1] INFO  server.RaftServerConfigKeys (ConfUtils.java:logGet(46)) - raft.server.log.unsafe-flush.enabled = false (default)
2024-03-04 12:57:53,361 [omNode-3-impl-thread1] INFO  server.RaftServerConfigKeys (ConfUtils.java:logGet(46)) - raft.server.log.async-flush.enabled = false (default)
2024-03-04 12:57:53,361 [omNode-3-impl-thread1] INFO  server.RaftServerConfigKeys (ConfUtils.java:logGet(46)) - raft.server.log.statemachine.data.caching.enabled = false (default)
2024-03-04 12:57:53,362 [omNode-3-impl-thread1] INFO  server.RaftServer$Division (ServerState.java:setRaftConf(386)) - omNode-3@group-523986131536: set configuration 0: peers:[omNode-3|localhost:15101, omNode-1|localhost:15093, omNode-2|localhost:15097]|listeners:[], old=null
2024-03-04 12:57:53,363 [omNode-3-impl-thread1] INFO  segmented.LogSegment (LogSegment.java:loadSegment(170)) - Successfully read 53 entries from segment file /home/runner/work/ozone/ozone/hadoop-ozone/integration-test/target/test-dir/MiniOzoneClusterImpl-5dfaf9ee-e84d-4a0a-b307-fdee3dcb636e/omNode-3/ratis/c9bc4cf4-3bc3-3c60-a66b-523986131536/current/log_inprogress_0
2024-03-04 12:57:53,363 [omNode-3-impl-thread1] INFO  segmented.SegmentedRaftLogWorker (SegmentedRaftLogWorker.java:lambda$new$0(134)) - omNode-3@group-523986131536-SegmentedRaftLogWorker: flushIndex: setUnconditionally 0 -> 52
2024-03-04 12:57:53,363 [omNode-3-impl-thread1] INFO  segmented.SegmentedRaftLogWorker (SegmentedRaftLogWorker.java:lambda$new$0(134)) - omNode-3@group-523986131536-SegmentedRaftLogWorker: safeCacheEvictIndex: setUnconditionally 0 -> -1
2024-03-04 12:57:53,363 [omNode-3-impl-thread1] INFO  segmented.BufferedWriteChannel (BufferedWriteChannel.java:open(62)) - open log_inprogress_0 (append) at position 16783
2024-03-04 12:57:53,363 [omNode-3-impl-thread1] INFO  server.RaftServer$Division (RaftServerImpl.java:start(396)) - omNode-3@group-523986131536: start as a follower, conf=0: peers:[omNode-3|localhost:15101, omNode-1|localhost:15093, omNode-2|localhost:15097]|listeners:[], old=null
2024-03-04 12:57:53,364 [omNode-3-impl-thread1] INFO  server.RaftServer$Division (RaftServerImpl.java:setRole(383)) - omNode-3@group-523986131536: changes role from      null to FOLLOWER at term 1 for startAsFollower
2024-03-04 12:57:53,364 [omNode-3-impl-thread1] INFO  impl.RoleInfo (RoleInfo.java:updateAndGet(139)) - omNode-3: start omNode-3@group-523986131536-FollowerState
2024-03-04 12:57:53,364 [omNode-3-impl-thread1] INFO  util.JmxRegister (JmxRegister.java:tryRegister(44)) - Successfully registered JMX Bean with object name Ratis:service=RaftServer,group=group-523986131536,id=omNode-3
2024-03-04 12:57:53,364 [omNode-3-impl-thread1] INFO  server.RaftServerConfigKeys (ConfUtils.java:logGet(46)) - raft.server.snapshot.trigger-when-stop.enabled = true (default)
2024-03-04 12:57:53,364 [omNode-3-impl-thread1] INFO  server.RaftServerConfigKeys (ConfUtils.java:logGet(46)) - raft.server.snapshot.auto.trigger.enabled = true (custom)
2024-03-04 12:57:53,364 [omNode-3-impl-thread1] INFO  server.RaftServerConfigKeys (ConfUtils.java:logGet(46)) - raft.server.snapshot.auto.trigger.threshold = 50 (custom)
2024-03-04 12:57:53,364 [omNode-3-impl-thread1] INFO  server.RaftServerConfigKeys (ConfUtils.java:logGet(46)) - raft.server.snapshot.retention.file.num = -1 (default)
2024-03-04 12:57:53,364 [omNode-3-impl-thread1] INFO  server.RaftServerConfigKeys (ConfUtils.java:logGet(46)) - raft.server.log.purge.upto.snapshot.index = true (custom)
2024-03-04 12:57:53,364 [omNode-3@group-523986131536-FollowerState] INFO  server.RaftServerConfigKeys (ConfUtils.java:logFallback(53)) - raft.server.rpc.first-election.timeout.min = 1s (fallback to raft.server.rpc.timeout.min)
2024-03-04 12:57:53,365 [main] INFO  server.RaftServer (RaftServerProxy.java:startImpl(406)) - omNode-3: start RPC server
2024-03-04 12:57:53,365 [omNode-3@group-523986131536-FollowerState] INFO  server.RaftServerConfigKeys (ConfUtils.java:logFallback(53)) - raft.server.rpc.first-election.timeout.max = 1200ms (fallback to raft.server.rpc.timeout.max)
2024-03-04 12:57:53,366 [main] INFO  server.GrpcService (GrpcService.java:startImpl(302)) - omNode-3: GrpcService started, listening on 15101
2024-03-04 12:57:53,367 [main] INFO  om.OzoneManager (OzoneManager.java:getRpcServer(1206)) - Creating RPC Server
2024-03-04 12:57:53,367 [JvmPauseMonitor36] INFO  util.JvmPauseMonitor (JvmPauseMonitor.java:run(146)) - JvmPauseMonitor-omNode-3: Started
2024-03-04 12:57:53,536 [main] INFO  ipc.CallQueueManager (CallQueueManager.java:<init>(90)) - Using callQueue: class java.util.concurrent.LinkedBlockingQueue, queueCapacity: 2000, scheduler: class org.apache.hadoop.ipc.DefaultRpcScheduler, ipcBackoff: false.
2024-03-04 12:57:53,537 [main] INFO  ipc.Server (Server.java:<init>(1287)) - Listener at localhost:15098
2024-03-04 12:57:53,537 [Socket Reader #1 for port 15098] INFO  ipc.Server (Server.java:run(1323)) - Starting Socket Reader #1 for port 15098
2024-03-04 12:57:53,539 [main] INFO  http.BaseHttpServer (BaseHttpServer.java:newHttpServer2BuilderForOzone(223)) - Starting Web-server for ozoneManager at: http://0.0.0.0:15099
2024-03-04 12:57:53,540 [main] INFO  http.BaseHttpServer (BaseHttpServer.java:<init>(110)) - Hadoop Security Enabled: false Ozone Security Enabled: false Ozone HTTP Security Enabled: false 
2024-03-04 12:57:53,540 [main] WARN  server.AuthenticationFilter (AuthenticationFilter.java:constructSecretProvider(240)) - Unable to initialize FileSignerSecretProvider, falling back to use random secrets. Reason: Could not read signature secret file: /home/runner/hadoop-http-auth-signature-secret
2024-03-04 12:57:53,541 [main] INFO  http.HttpRequestLog (HttpRequestLog.java:getRequestLog(86)) - Http request log for http.requests.ozoneManager is not defined
2024-03-04 12:57:53,542 [main] INFO  http.HttpServer2 (HttpServer2.java:addGlobalFilter(1036)) - Added global filter 'safety' (class=org.apache.hadoop.hdds.server.http.HttpServer2$QuotingInputFilter)
2024-03-04 12:57:53,542 [main] INFO  http.HttpServer2 (HttpServer2.java:addFilter(1012)) - Added filter static_user_filter (class=org.apache.hadoop.http.lib.StaticUserWebFilter$StaticUserFilter) to context ozoneManager
2024-03-04 12:57:53,542 [main] INFO  http.HttpServer2 (HttpServer2.java:addFilter(1020)) - Added filter static_user_filter (class=org.apache.hadoop.http.lib.StaticUserWebFilter$StaticUserFilter) to context logs
2024-03-04 12:57:53,542 [main] INFO  http.HttpServer2 (HttpServer2.java:addFilter(1020)) - Added filter static_user_filter (class=org.apache.hadoop.http.lib.StaticUserWebFilter$StaticUserFilter) to context static
2024-03-04 12:57:53,543 [main] INFO  http.BaseHttpServer (BaseHttpServer.java:<init>(189)) - HTTP server of ozoneManager uses base directory /home/runner/work/ozone/ozone/hadoop-ozone/integration-test/target/test-dir/MiniOzoneClusterImpl-5dfaf9ee-e84d-4a0a-b307-fdee3dcb636e/omNode-3/webserver
2024-03-04 12:57:53,543 [main] INFO  http.HttpServer2 (HttpServer2.java:bindListener(1236)) - Jetty bound to port 15099
2024-03-04 12:57:53,543 [main] INFO  server.Server (Server.java:doStart(375)) - jetty-9.4.53.v20231009; built: 2023-10-09T12:29:09.265Z; git: 27bde00a0b95a1d5bbee0eae7984f891d2d0f8c9; jvm 1.8.0_402-b06
2024-03-04 12:57:53,544 [main] INFO  server.session (DefaultSessionIdManager.java:doStart(334)) - DefaultSessionIdManager workerName=node0
2024-03-04 12:57:53,544 [main] INFO  server.session (DefaultSessionIdManager.java:doStart(339)) - No SessionScavenger set, using defaults
2024-03-04 12:57:53,544 [main] INFO  server.session (HouseKeeper.java:startScavenging(132)) - node0 Scavenging every 660000ms
2024-03-04 12:57:53,545 [main] INFO  handler.ContextHandler (ContextHandler.java:doStart(921)) - Started o.e.j.s.ServletContextHandler@32ccb288{logs,/logs,file:///home/runner/work/ozone/ozone/hadoop-ozone/integration-test/target/log,AVAILABLE}
2024-03-04 12:57:53,545 [main] INFO  handler.ContextHandler (ContextHandler.java:doStart(921)) - Started o.e.j.s.ServletContextHandler@a297301{static,/static,file:///home/runner/work/ozone/ozone/hadoop-ozone/integration-test/target/test-classes/webapps/static,AVAILABLE}
2024-03-04 12:57:53,547 [main] INFO  handler.ContextHandler (ContextHandler.java:doStart(921)) - Started o.e.j.w.WebAppContext@7ab571c3{ozoneManager,/,file:///home/runner/work/ozone/ozone/hadoop-ozone/integration-test/target/test-classes/webapps/ozoneManager/,AVAILABLE}{file:/home/runner/work/ozone/ozone/hadoop-ozone/integration-test/target/test-classes/webapps/ozoneManager}
2024-03-04 12:57:53,547 [main] INFO  server.AbstractConnector (AbstractConnector.java:doStart(333)) - Started ServerConnector@41646ddd{HTTP/1.1, (http/1.1)}{0.0.0.0:15099}
2024-03-04 12:57:53,548 [main] INFO  server.Server (Server.java:doStart(415)) - Started @369131ms
2024-03-04 12:57:53,548 [main] WARN  impl.MetricsSystemImpl (MetricsSystemImpl.java:register(279)) - Sink prometheus already exists!
2024-03-04 12:57:53,548 [main] INFO  http.BaseHttpServer (BaseHttpServer.java:updateConnectorAddress(354)) - HTTP server of ozoneManager listening at http://0.0.0.0:15099
2024-03-04 12:57:53,549 [IPC Server Responder] INFO  ipc.Server (Server.java:run(1562)) - IPC Server Responder: starting
2024-03-04 12:57:53,551 [IPC Server listener on 15098] INFO  ipc.Server (Server.java:run(1402)) - IPC Server listener on 15098: starting
2024-03-04 12:57:53,552 [main] INFO  om.OzoneManager (OzoneManager.java:startTrashEmptier(2093)) - Trash Interval set to 0. Files deleted won't move to trash
2024-03-04 12:57:53,552 [main] INFO  om.OzoneManager (OzoneManager.java:restart(1710)) - OzoneManager RPC server is listening at localhost/127.0.0.1:15090
2024-03-04 12:57:53,552 [main] INFO  impl.MetricsSystemImpl (MetricsSystemImpl.java:init(158)) - OzoneManager metrics system started (again)
2024-03-04 12:57:53,561 [main] WARN  server.ServerUtils (ServerUtils.java:getDBPath(299)) - ozone.om.db.dirs is not configured. We recommend adding this setting. Falling back to ozone.metadata.dirs instead.
2024-03-04 12:57:53,562 [main] INFO  helpers.OmKeyInfo (OmKeyInfo.java:getCodec(71)) - OmKeyInfo.getCodec ignorePipeline = true
2024-03-04 12:57:53,603 [main] INFO  om.OzoneManager (OzoneManager.java:instantiateServices(804)) - S3 Multi-Tenancy is disabled
2024-03-04 12:57:53,604 [main] INFO  om.OmSnapshotManager (OmSnapshotManager.java:<init>(177)) - Ozone filesystem snapshot feature is enabled.
2024-03-04 12:57:53,604 [main] WARN  server.ServerUtils (ServerUtils.java:getDBPath(299)) - ozone.om.snapshot.diff.db.dir is not configured. We recommend adding this setting. Falling back to ozone.metadata.dirs instead.
2024-03-04 12:57:53,612 [main] INFO  utils.NativeLibraryLoader (NativeLibraryLoader.java:loadLibrary(108)) - Loading Library: ozone_rocksdb_tools
2024-03-04 12:57:53,613 [main] ERROR snapshot.SnapshotDiffManager (SnapshotDiffManager.java:initNativeLibraryForEfficientDiff(287)) - Native Library for raw sst file reading loading failed.
org.apache.hadoop.hdds.utils.NativeLibraryNotLoadedException: Unable to load library ozone_rocksdb_tools from both java.library.path & resource file libozone_rocksdb_tools.so from jar.
	at org.apache.hadoop.hdds.utils.db.managed.ManagedRawSSTFileReader.loadLibrary(ManagedRawSSTFileReader.java:38)
	at org.apache.hadoop.ozone.om.snapshot.SnapshotDiffManager.initNativeLibraryForEfficientDiff(SnapshotDiffManager.java:285)
	at org.apache.hadoop.ozone.om.snapshot.SnapshotDiffManager.<init>(SnapshotDiffManager.java:259)
	at org.apache.hadoop.ozone.om.OmSnapshotManager.<init>(OmSnapshotManager.java:279)
	at org.apache.hadoop.ozone.om.OzoneManager.instantiateServices(OzoneManager.java:856)
	at org.apache.hadoop.ozone.om.OzoneManager.restart(OzoneManager.java:1715)
	at org.apache.hadoop.ozone.MiniOzoneHAClusterImpl.restartOzoneManager(MiniOzoneHAClusterImpl.java:211)
	at org.apache.hadoop.ozone.om.TestOzoneManagerPrepare.resetCluster(TestOzoneManagerPrepare.java:113)
	at sun.reflect.NativeMethodAccessorImpl.invoke0(Native Method)
	at sun.reflect.NativeMethodAccessorImpl.invoke(NativeMethodAccessorImpl.java:62)
	at sun.reflect.DelegatingMethodAccessorImpl.invoke(DelegatingMethodAccessorImpl.java:43)
	at java.lang.reflect.Method.invoke(Method.java:498)
	at org.junit.platform.commons.util.ReflectionUtils.invokeMethod(ReflectionUtils.java:728)
	at org.junit.jupiter.engine.execution.MethodInvocation.proceed(MethodInvocation.java:60)
	at org.junit.jupiter.engine.execution.InvocationInterceptorChain$ValidatingInvocation.proceed(InvocationInterceptorChain.java:131)
	at org.junit.jupiter.engine.extension.TimeoutExtension.intercept(TimeoutExtension.java:156)
	at org.junit.jupiter.engine.extension.TimeoutExtension.interceptLifecycleMethod(TimeoutExtension.java:128)
	at org.junit.jupiter.engine.extension.TimeoutExtension.interceptAfterEachMethod(TimeoutExtension.java:110)
	at org.junit.jupiter.engine.execution.InterceptingExecutableInvoker$ReflectiveInterceptorCall.lambda$ofVoidMethod$0(InterceptingExecutableInvoker.java:103)
	at org.junit.jupiter.engine.execution.InterceptingExecutableInvoker.lambda$invoke$0(InterceptingExecutableInvoker.java:93)
	at org.junit.jupiter.engine.execution.InvocationInterceptorChain$InterceptedInvocation.proceed(InvocationInterceptorChain.java:106)
	at org.junit.jupiter.engine.execution.InvocationInterceptorChain.proceed(InvocationInterceptorChain.java:64)
	at org.junit.jupiter.engine.execution.InvocationInterceptorChain.chainAndInvoke(InvocationInterceptorChain.java:45)
	at org.junit.jupiter.engine.execution.InvocationInterceptorChain.invoke(InvocationInterceptorChain.java:37)
	at org.junit.jupiter.engine.execution.InterceptingExecutableInvoker.invoke(InterceptingExecutableInvoker.java:92)
	at org.junit.jupiter.engine.execution.InterceptingExecutableInvoker.invoke(InterceptingExecutableInvoker.java:86)
	at org.junit.jupiter.engine.descriptor.ClassBasedTestDescriptor.invokeMethodInExtensionContext(ClassBasedTestDescriptor.java:521)
	at org.junit.jupiter.engine.descriptor.ClassBasedTestDescriptor.lambda$synthesizeAfterEachMethodAdapter$24(ClassBasedTestDescriptor.java:511)
	at org.junit.jupiter.engine.descriptor.TestMethodTestDescriptor.lambda$invokeAfterEachMethods$10(TestMethodTestDescriptor.java:244)
	at org.junit.jupiter.engine.descriptor.TestMethodTestDescriptor.lambda$invokeAllAfterMethodsOrCallbacks$13(TestMethodTestDescriptor.java:277)
	at org.junit.platform.engine.support.hierarchical.ThrowableCollector.execute(ThrowableCollector.java:73)
	at org.junit.jupiter.engine.descriptor.TestMethodTestDescriptor.lambda$invokeAllAfterMethodsOrCallbacks$14(TestMethodTestDescriptor.java:277)
	at org.junit.platform.commons.util.CollectionUtils.forEachInReverseOrder(CollectionUtils.java:217)
	at org.junit.jupiter.engine.descriptor.TestMethodTestDescriptor.invokeAllAfterMethodsOrCallbacks(TestMethodTestDescriptor.java:276)
	at org.junit.jupiter.engine.descriptor.TestMethodTestDescriptor.invokeAfterEachMethods(TestMethodTestDescriptor.java:242)
	at org.junit.jupiter.engine.descriptor.TestMethodTestDescriptor.execute(TestMethodTestDescriptor.java:143)
	at org.junit.jupiter.engine.descriptor.TestMethodTestDescriptor.execute(TestMethodTestDescriptor.java:69)
	at org.junit.platform.engine.support.hierarchical.NodeTestTask.lambda$executeRecursively$6(NodeTestTask.java:151)
	at org.junit.platform.engine.support.hierarchical.ThrowableCollector.execute(ThrowableCollector.java:73)
	at org.junit.platform.engine.support.hierarchical.NodeTestTask.lambda$executeRecursively$8(NodeTestTask.java:141)
	at org.junit.platform.engine.support.hierarchical.Node.around(Node.java:137)
	at org.junit.platform.engine.support.hierarchical.NodeTestTask.lambda$executeRecursively$9(NodeTestTask.java:139)
	at org.junit.platform.engine.support.hierarchical.ThrowableCollector.execute(ThrowableCollector.java:73)
	at org.junit.platform.engine.support.hierarchical.NodeTestTask.executeRecursively(NodeTestTask.java:138)
	at org.junit.platform.engine.support.hierarchical.NodeTestTask.execute(NodeTestTask.java:95)
	at java.util.ArrayList.forEach(ArrayList.java:1259)
	at org.junit.platform.engine.support.hierarchical.SameThreadHierarchicalTestExecutorService.invokeAll(SameThreadHierarchicalTestExecutorService.java:41)
	at org.junit.platform.engine.support.hierarchical.NodeTestTask.lambda$executeRecursively$6(NodeTestTask.java:155)
	at org.junit.platform.engine.support.hierarchical.ThrowableCollector.execute(ThrowableCollector.java:73)
	at org.junit.platform.engine.support.hierarchical.NodeTestTask.lambda$executeRecursively$8(NodeTestTask.java:141)
	at org.junit.platform.engine.support.hierarchical.Node.around(Node.java:137)
	at org.junit.platform.engine.support.hierarchical.NodeTestTask.lambda$executeRecursively$9(NodeTestTask.java:139)
	at org.junit.platform.engine.support.hierarchical.ThrowableCollector.execute(ThrowableCollector.java:73)
	at org.junit.platform.engine.support.hierarchical.NodeTestTask.executeRecursively(NodeTestTask.java:138)
	at org.junit.platform.engine.support.hierarchical.NodeTestTask.execute(NodeTestTask.java:95)
	at java.util.ArrayList.forEach(ArrayList.java:1259)
	at org.junit.platform.engine.support.hierarchical.SameThreadHierarchicalTestExecutorService.invokeAll(SameThreadHierarchicalTestExecutorService.java:41)
	at org.junit.platform.engine.support.hierarchical.NodeTestTask.lambda$executeRecursively$6(NodeTestTask.java:155)
	at org.junit.platform.engine.support.hierarchical.ThrowableCollector.execute(ThrowableCollector.java:73)
	at org.junit.platform.engine.support.hierarchical.NodeTestTask.lambda$executeRecursively$8(NodeTestTask.java:141)
	at org.junit.platform.engine.support.hierarchical.Node.around(Node.java:137)
	at org.junit.platform.engine.support.hierarchical.NodeTestTask.lambda$executeRecursively$9(NodeTestTask.java:139)
	at org.junit.platform.engine.support.hierarchical.ThrowableCollector.execute(ThrowableCollector.java:73)
	at org.junit.platform.engine.support.hierarchical.NodeTestTask.executeRecursively(NodeTestTask.java:138)
	at org.junit.platform.engine.support.hierarchical.NodeTestTask.execute(NodeTestTask.java:95)
	at org.junit.platform.engine.support.hierarchical.SameThreadHierarchicalTestExecutorService.submit(SameThreadHierarchicalTestExecutorService.java:35)
	at org.junit.platform.engine.support.hierarchical.HierarchicalTestExecutor.execute(HierarchicalTestExecutor.java:57)
	at org.junit.platform.engine.support.hierarchical.HierarchicalTestEngine.execute(HierarchicalTestEngine.java:54)
	at org.junit.platform.launcher.core.EngineExecutionOrchestrator.execute(EngineExecutionOrchestrator.java:198)
	at org.junit.platform.launcher.core.EngineExecutionOrchestrator.execute(EngineExecutionOrchestrator.java:169)
	at org.junit.platform.launcher.core.EngineExecutionOrchestrator.execute(EngineExecutionOrchestrator.java:93)
	at org.junit.platform.launcher.core.EngineExecutionOrchestrator.lambda$execute$0(EngineExecutionOrchestrator.java:58)
	at org.junit.platform.launcher.core.EngineExecutionOrchestrator.withInterceptedStreams(EngineExecutionOrchestrator.java:141)
	at org.junit.platform.launcher.core.EngineExecutionOrchestrator.execute(EngineExecutionOrchestrator.java:57)
	at org.junit.platform.launcher.core.DefaultLauncher.execute(DefaultLauncher.java:103)
	at org.junit.platform.launcher.core.DefaultLauncher.execute(DefaultLauncher.java:85)
	at org.junit.platform.launcher.core.DelegatingLauncher.execute(DelegatingLauncher.java:47)
	at org.junit.platform.launcher.core.SessionPerRequestLauncher.execute(SessionPerRequestLauncher.java:63)
	at org.apache.maven.surefire.junitplatform.JUnitPlatformProvider.invokeAllTests(JUnitPlatformProvider.java:165)
	at org.apache.maven.surefire.junitplatform.JUnitPlatformProvider.invoke(JUnitPlatformProvider.java:124)
	at org.apache.maven.surefire.booter.ForkedBooter.runSuitesInProcess(ForkedBooter.java:428)
	at org.apache.maven.surefire.booter.ForkedBooter.execute(ForkedBooter.java:162)
	at org.apache.maven.surefire.booter.ForkedBooter.run(ForkedBooter.java:562)
	at org.apache.maven.surefire.booter.ForkedBooter.main(ForkedBooter.java:548)
2024-03-04 12:57:53,614 [main] WARN  om.OzoneManager (OzoneManager.java:instantiatePrepareStateOnStartup(4511)) - Prepare marker file index 52 does not match DB prepare index 51. Writing DB index to prepare file and maintaining prepared state.
2024-03-04 12:57:53,615 [main] INFO  om.OzoneManagerPrepareState (OzoneManagerPrepareState.java:writePrepareMarkerFile(262)) - Prepare marker file written with log index 51 to file /home/runner/work/ozone/ozone/hadoop-ozone/integration-test/target/test-dir/MiniOzoneClusterImpl-5dfaf9ee-e84d-4a0a-b307-fdee3dcb636e/omNode-1/current/prepareMarker
2024-03-04 12:57:53,618 [main] WARN  dropwizard3.Dm3MetricRegistriesImpl (Dm3MetricRegistriesImpl.java:addReporterRegistration(113)) - New reporters are added after registries were created. Some metrics will be missing from the reporter. Please add reporter before adding any new registry.
2024-03-04 12:57:53,618 [main] WARN  dropwizard3.Dm3MetricRegistriesImpl (Dm3MetricRegistriesImpl.java:addReporterRegistration(113)) - New reporters are added after registries were created. Some metrics will be missing from the reporter. Please add reporter before adding any new registry.
2024-03-04 12:57:53,618 [main] WARN  server.ServerUtils (ServerUtils.java:getDefaultRatisDirectory(311)) - Storage directory for Ratis is not configured. It is a good idea to map this to an SSD disk. Falling back to ozone.metadata.dirs
2024-03-04 12:57:53,619 [main] INFO  ratis.OzoneManagerRatisServer (OzoneManagerRatisServer.java:<init>(167)) - Instantiating OM Ratis server with groupID: om-service-test1 and peers: localhost:15093, localhost:15101, localhost:15097
2024-03-04 12:57:53,619 [main] INFO  ratis.OzoneManagerStateMachine (OzoneManagerStateMachine.java:loadSnapshotInfoFromDB(573)) - LastAppliedIndex is set from TransactionInfo from OM DB as (t:1, i:52)
2024-03-04 12:57:53,620 [main] INFO  server.RaftServer (ConfUtils.java:logGet(46)) - raft.rpc.type = GRPC (default)
2024-03-04 12:57:53,620 [main] INFO  grpc.GrpcConfigKeys (ConfUtils.java:logFallback(53)) - raft.grpc.admin.host = null (fallback to raft.grpc.server.host)
2024-03-04 12:57:53,620 [main] INFO  grpc.GrpcConfigKeys (ConfUtils.java:logFallback(53)) - raft.grpc.admin.port = 15093 (fallback to raft.grpc.server.port)
2024-03-04 12:57:53,620 [main] INFO  grpc.GrpcConfigKeys (ConfUtils.java:logFallback(53)) - raft.grpc.client.host = null (fallback to raft.grpc.server.host)
2024-03-04 12:57:53,620 [main] INFO  grpc.GrpcConfigKeys (ConfUtils.java:logFallback(53)) - raft.grpc.client.port = 15093 (fallback to raft.grpc.server.port)
2024-03-04 12:57:53,620 [main] INFO  grpc.GrpcConfigKeys (ConfUtils.java:logGet(46)) - raft.grpc.server.host = null (default)
2024-03-04 12:57:53,620 [main] INFO  grpc.GrpcConfigKeys (ConfUtils.java:logGet(46)) - raft.grpc.server.port = 15093 (custom)
2024-03-04 12:57:53,620 [main] INFO  server.GrpcService (ConfUtils.java:logGet(46)) - raft.grpc.message.size.max = 4194304 (custom)
2024-03-04 12:57:53,621 [main] INFO  server.RaftServerConfigKeys (ConfUtils.java:logGet(46)) - raft.server.log.appender.buffer.byte-limit = 4194304 (custom)
2024-03-04 12:57:53,621 [main] INFO  server.GrpcService (ConfUtils.java:logGet(46)) - raft.grpc.flow.control.window = 1MB (=1048576) (default)
2024-03-04 12:57:53,621 [main] INFO  server.RaftServerConfigKeys (ConfUtils.java:logGet(46)) - raft.server.rpc.request.timeout = 3000ms (default)
2024-03-04 12:57:53,621 [main] INFO  grpc.GrpcConfigKeys (ConfUtils.java:logGet(46)) - raft.grpc.server.heartbeat.channel = true (default)
2024-03-04 12:57:53,621 [main] INFO  grpc.GrpcConfigKeys (ConfUtils.java:logGet(46)) - raft.grpc.server.async.request.thread.pool.cached = true (default)
2024-03-04 12:57:53,621 [main] INFO  grpc.GrpcConfigKeys (ConfUtils.java:logGet(46)) - raft.grpc.server.async.request.thread.pool.size = 32 (default)
2024-03-04 12:57:53,622 [main] INFO  impl.DataStreamServerImpl (ConfUtils.java:logGet(46)) - raft.datastream.type = DISABLED (default)
2024-03-04 12:57:53,622 [main] INFO  server.RaftServerConfigKeys (ConfUtils.java:logGet(46)) - raft.server.sleep.deviation.threshold = 300ms (default)
2024-03-04 12:57:53,622 [main] INFO  server.RaftServerConfigKeys (ConfUtils.java:logGet(46)) - raft.server.close.threshold = 60s (default)
2024-03-04 12:57:53,622 [main] INFO  server.RaftServerConfigKeys (ConfUtils.java:logGet(46)) - raft.server.leaderelection.leader.step-down.wait-time = 10s (default)
2024-03-04 12:57:53,623 [main] INFO  server.RaftServerConfigKeys (ConfUtils.java:logGet(46)) - raft.server.storage.dir = [/home/runner/work/ozone/ozone/hadoop-ozone/integration-test/target/test-dir/MiniOzoneClusterImpl-5dfaf9ee-e84d-4a0a-b307-fdee3dcb636e/omNode-1/ratis] (custom)
2024-03-04 12:57:53,623 [main] INFO  server.RaftServerConfigKeys (ConfUtils.java:logGet(46)) - raft.server.threadpool.proxy.cached = true (default)
2024-03-04 12:57:53,623 [main] INFO  server.RaftServerConfigKeys (ConfUtils.java:logGet(46)) - raft.server.threadpool.proxy.size = 0 (default)
2024-03-04 12:57:53,623 [omNode-1-impl-thread1] INFO  server.RaftServer (RaftServerProxy.java:initGroupDir(264)) - omNode-1: found a subdirectory /home/runner/work/ozone/ozone/hadoop-ozone/integration-test/target/test-dir/MiniOzoneClusterImpl-5dfaf9ee-e84d-4a0a-b307-fdee3dcb636e/omNode-1/ratis/c9bc4cf4-3bc3-3c60-a66b-523986131536
2024-03-04 12:57:53,623 [main] INFO  server.RaftServer (RaftServerProxy.java:addNew(100)) - omNode-1: addNew group-523986131536:[omNode-3|localhost:15101, omNode-1|localhost:15093, omNode-2|localhost:15097] returns group-523986131536:java.util.concurrent.CompletableFuture@49401c88[Not completed]
2024-03-04 12:57:53,623 [main] INFO  om.OzoneManager (OzoneManager.java:initializeRatisServer(2140)) - OzoneManager Ratis server initialized at port 15093
2024-03-04 12:57:53,623 [main] INFO  ratis.OzoneManagerRatisServer (OzoneManagerRatisServer.java:start(588)) - Starting OzoneManagerRatisServer omNode-1 at port 15093
2024-03-04 12:57:53,623 [omNode-1-groupManagement] INFO  server.RaftServer$Division (RaftServerImpl.java:<init>(256)) - omNode-1: new RaftServerImpl for group-523986131536:[omNode-3|localhost:15101, omNode-1|localhost:15093, omNode-2|localhost:15097] with OzoneManagerStateMachine:uninitialized
2024-03-04 12:57:53,624 [omNode-1-groupManagement] INFO  server.RaftServerConfigKeys (ConfUtils.java:logGet(46)) - raft.server.rpc.timeout.min = 1s (custom)
2024-03-04 12:57:53,624 [omNode-1-groupManagement] INFO  server.RaftServerConfigKeys (ConfUtils.java:logGet(46)) - raft.server.rpc.timeout.max = 1200ms (custom)
2024-03-04 12:57:53,624 [omNode-1-groupManagement] INFO  server.RaftServerConfigKeys (ConfUtils.java:logGet(46)) - raft.server.rpc.sleep.time = 25ms (default)
2024-03-04 12:57:53,624 [omNode-1-groupManagement] INFO  server.RaftServerConfigKeys (ConfUtils.java:logGet(46)) - raft.server.rpc.slowness.timeout = 2s (custom)
2024-03-04 12:57:53,624 [omNode-1-groupManagement] INFO  server.RaftServerConfigKeys (ConfUtils.java:logGet(46)) - raft.server.leaderelection.leader.step-down.wait-time = 10s (default)
2024-03-04 12:57:53,624 [omNode-1-groupManagement] INFO  server.RaftServerConfigKeys (ConfUtils.java:logGet(46)) - raft.server.leaderelection.member.majority-add = false (default)
2024-03-04 12:57:53,624 [omNode-1-groupManagement] INFO  server.RaftServerConfigKeys (ConfUtils.java:logGet(46)) - raft.server.sleep.deviation.threshold = 300ms (default)
2024-03-04 12:57:53,624 [omNode-1-groupManagement] INFO  server.RaftServer$Division (ServerState.java:<init>(113)) - omNode-1@group-523986131536: ConfigurationManager, init=-1: peers:[omNode-3|localhost:15101, omNode-1|localhost:15093, omNode-2|localhost:15097]|listeners:[], old=null, confs=<EMPTY_MAP>
2024-03-04 12:57:53,624 [omNode-1-groupManagement] INFO  server.RaftServerConfigKeys (ConfUtils.java:logGet(46)) - raft.server.notification.no-leader.timeout = 2s (custom)
2024-03-04 12:57:53,624 [omNode-1-groupManagement] INFO  server.RaftServerConfigKeys (ConfUtils.java:logGet(46)) - raft.server.read.timeout = 10s (default)
2024-03-04 12:57:53,624 [omNode-1-groupManagement] INFO  server.RaftServerConfigKeys (ConfUtils.java:logGet(46)) - raft.server.retrycache.expirytime = 30000ms (custom)
2024-03-04 12:57:53,624 [omNode-1-groupManagement] INFO  server.RaftServerConfigKeys (ConfUtils.java:logGet(46)) - raft.server.retrycache.statistics.expirytime = 100ms (default)
2024-03-04 12:57:53,624 [omNode-1-groupManagement] INFO  server.RaftServerConfigKeys (ConfUtils.java:logGet(46)) - raft.server.read.option = DEFAULT (default)
2024-03-04 12:57:53,624 [omNode-1-groupManagement] INFO  server.RaftServerConfigKeys (ConfUtils.java:logGet(46)) - raft.server.read.read-after-write-consistent.write-index-cache.expiry-time = 60s (default)
2024-03-04 12:57:53,626 [omNode-1-groupManagement] INFO  server.RaftServerConfigKeys (ConfUtils.java:logGet(46)) - raft.server.rpc.request.timeout = 3000ms (default)
2024-03-04 12:57:53,626 [omNode-1-groupManagement] INFO  server.RaftServerConfigKeys (ConfUtils.java:logGet(46)) - raft.server.log.appender.install.snapshot.enabled = false (custom)
2024-03-04 12:57:53,626 [omNode-1-groupManagement] INFO  server.RaftServerConfigKeys (ConfUtils.java:logGet(46)) - raft.server.threadpool.server.cached = true (default)
2024-03-04 12:57:53,626 [omNode-1-groupManagement] INFO  server.RaftServerConfigKeys (ConfUtils.java:logGet(46)) - raft.server.threadpool.server.size = 0 (default)
2024-03-04 12:57:53,626 [omNode-1-groupManagement] INFO  server.RaftServerConfigKeys (ConfUtils.java:logGet(46)) - raft.server.threadpool.client.cached = true (default)
2024-03-04 12:57:53,626 [omNode-1-groupManagement] INFO  server.RaftServerConfigKeys (ConfUtils.java:logGet(46)) - raft.server.threadpool.client.size = 0 (default)
2024-03-04 12:57:53,626 [omNode-1-impl-thread1] INFO  server.RaftServerConfigKeys (ConfUtils.java:logGet(46)) - raft.server.storage.free-space.min = 0MB (=0) (default)
2024-03-04 12:57:53,626 [omNode-1-impl-thread1] INFO  server.RaftServerConfigKeys (ConfUtils.java:logGet(46)) - raft.server.log.corruption.policy = EXCEPTION (default)
2024-03-04 12:57:53,626 [omNode-1-impl-thread1] INFO  server.RaftServerConfigKeys (ConfUtils.java:logGet(46)) - raft.server.storage.dir = [/home/runner/work/ozone/ozone/hadoop-ozone/integration-test/target/test-dir/MiniOzoneClusterImpl-5dfaf9ee-e84d-4a0a-b307-fdee3dcb636e/omNode-1/ratis] (custom)
2024-03-04 12:57:53,627 [omNode-1-impl-thread1] INFO  storage.RaftStorageDirectory (RaftStorageDirectoryImpl.java:tryLock(228)) - Lock on /home/runner/work/ozone/ozone/hadoop-ozone/integration-test/target/test-dir/MiniOzoneClusterImpl-5dfaf9ee-e84d-4a0a-b307-fdee3dcb636e/omNode-1/ratis/c9bc4cf4-3bc3-3c60-a66b-523986131536/in_use.lock acquired by nodename 41993@fv-az571-795
2024-03-04 12:57:53,627 [omNode-1-impl-thread1] INFO  storage.RaftStorage (RaftStorageImpl.java:analyzeAndRecoverStorage(119)) - Read RaftStorageMetadata{term=1, votedFor=omNode-1} from /home/runner/work/ozone/ozone/hadoop-ozone/integration-test/target/test-dir/MiniOzoneClusterImpl-5dfaf9ee-e84d-4a0a-b307-fdee3dcb636e/omNode-1/ratis/c9bc4cf4-3bc3-3c60-a66b-523986131536/current/raft-meta
2024-03-04 12:57:53,630 [omNode-1-impl-thread1] INFO  server.RaftServer$Division (ServerState.java:setRaftConf(386)) - omNode-1@group-523986131536: set configuration 0: peers:[omNode-3|localhost:15101, omNode-1|localhost:15093, omNode-2|localhost:15097]|listeners:[], old=null
2024-03-04 12:57:53,630 [omNode-1-impl-thread1] INFO  server.RaftServerConfigKeys (ConfUtils.java:logGet(46)) - raft.server.log.use.memory = false (default)
2024-03-04 12:57:53,630 [omNode-1-impl-thread1] INFO  server.RaftServerConfigKeys (ConfUtils.java:logGet(46)) - raft.server.log.purge.gap = 50 (custom)
2024-03-04 12:57:53,630 [omNode-1-impl-thread1] INFO  server.RaftServerConfigKeys (ConfUtils.java:logGet(46)) - raft.server.log.appender.buffer.byte-limit = 4194304 (custom)
2024-03-04 12:57:53,630 [omNode-1-impl-thread1] INFO  server.RaftServerConfigKeys (ConfUtils.java:logGet(46)) - raft.server.log.statemachine.data.read.timeout = 1000ms (default)
2024-03-04 12:57:53,631 [omNode-1-impl-thread1] INFO  server.RaftServerConfigKeys (ConfUtils.java:logGet(46)) - raft.server.log.purge.preservation.log.num = 0 (default)
2024-03-04 12:57:53,631 [omNode-1-impl-thread1] INFO  server.RaftServerConfigKeys (ConfUtils.java:logGet(46)) - raft.server.log.segment.size.max = 4194304 (custom)
2024-03-04 12:57:53,631 [omNode-1-impl-thread1] INFO  server.RaftServerConfigKeys (ConfUtils.java:logGet(46)) - raft.server.log.segment.cache.num.max = 2 (custom)
2024-03-04 12:57:53,631 [omNode-1-impl-thread1] INFO  server.RaftServerConfigKeys (ConfUtils.java:logGet(46)) - raft.server.log.segment.cache.size.max = 200MB (=209715200) (default)
2024-03-04 12:57:53,632 [omNode-1-impl-thread1] INFO  server.RaftServerConfigKeys (ConfUtils.java:logGet(46)) - raft.server.log.appender.buffer.byte-limit = 4194304 (custom)
2024-03-04 12:57:53,632 [omNode-1-impl-thread1] INFO  util.AwaitToRun (AwaitToRun.java:start(81)) - Thread[omNode-1@group-523986131536-cacheEviction-AwaitToRun,5,main] started
2024-03-04 12:57:53,632 [omNode-1-impl-thread1] INFO  segmented.SegmentedRaftLogWorker (SegmentedRaftLogWorker.java:<init>(182)) - new omNode-1@group-523986131536-SegmentedRaftLogWorker for RaftStorageImpl:Storage Directory /home/runner/work/ozone/ozone/hadoop-ozone/integration-test/target/test-dir/MiniOzoneClusterImpl-5dfaf9ee-e84d-4a0a-b307-fdee3dcb636e/omNode-1/ratis/c9bc4cf4-3bc3-3c60-a66b-523986131536
2024-03-04 12:57:53,632 [omNode-1-impl-thread1] INFO  server.RaftServerConfigKeys (ConfUtils.java:logGet(46)) - raft.server.log.queue.byte-limit = 64MB (=67108864) (default)
2024-03-04 12:57:53,632 [omNode-1-impl-thread1] INFO  server.RaftServerConfigKeys (ConfUtils.java:logGet(46)) - raft.server.log.queue.element-limit = 4096 (default)
2024-03-04 12:57:53,632 [omNode-1-impl-thread1] INFO  server.RaftServerConfigKeys (ConfUtils.java:logGet(46)) - raft.server.log.segment.size.max = 4194304 (custom)
2024-03-04 12:57:53,632 [omNode-1-impl-thread1] INFO  server.RaftServerConfigKeys (ConfUtils.java:logGet(46)) - raft.server.log.preallocated.size = 4194304 (custom)
2024-03-04 12:57:53,632 [omNode-1-impl-thread1] INFO  server.RaftServerConfigKeys (ConfUtils.java:logGet(46)) - raft.server.log.force.sync.num = 128 (default)
2024-03-04 12:57:53,632 [omNode-1-impl-thread1] INFO  server.RaftServerConfigKeys (ConfUtils.java:logGet(46)) - raft.server.log.statemachine.data.sync = true (default)
2024-03-04 12:57:53,632 [omNode-1-impl-thread1] INFO  server.RaftServerConfigKeys (ConfUtils.java:logGet(46)) - raft.server.log.statemachine.data.sync.timeout = 10s (default)
2024-03-04 12:57:53,632 [omNode-1-impl-thread1] INFO  server.RaftServerConfigKeys (ConfUtils.java:logGet(46)) - raft.server.log.statemachine.data.sync.timeout.retry = -1 (default)
2024-03-04 12:57:53,633 [omNode-1-impl-thread1] INFO  server.RaftServerConfigKeys (ConfUtils.java:logGet(46)) - raft.server.log.write.buffer.size = 4194312 (custom)
2024-03-04 12:57:53,634 [omNode-1-impl-thread1] INFO  server.RaftServerConfigKeys (ConfUtils.java:logGet(46)) - raft.server.log.appender.buffer.byte-limit = 4194304 (custom)
2024-03-04 12:57:53,634 [omNode-1-impl-thread1] INFO  server.RaftServerConfigKeys (ConfUtils.java:logGet(46)) - raft.server.log.unsafe-flush.enabled = false (default)
2024-03-04 12:57:53,634 [omNode-1-impl-thread1] INFO  server.RaftServerConfigKeys (ConfUtils.java:logGet(46)) - raft.server.log.async-flush.enabled = false (default)
2024-03-04 12:57:53,634 [omNode-1-impl-thread1] INFO  server.RaftServerConfigKeys (ConfUtils.java:logGet(46)) - raft.server.log.statemachine.data.caching.enabled = false (default)
2024-03-04 12:57:53,634 [omNode-1-impl-thread1] INFO  segmented.SegmentedRaftLogWorker (SegmentedRaftLogWorker.java:lambda$new$0(134)) - omNode-1@group-523986131536-SegmentedRaftLogWorker: flushIndex: setUnconditionally 0 -> 52
2024-03-04 12:57:53,634 [omNode-1-impl-thread1] INFO  segmented.SegmentedRaftLogWorker (SegmentedRaftLogWorker.java:lambda$new$0(134)) - omNode-1@group-523986131536-SegmentedRaftLogWorker: safeCacheEvictIndex: setUnconditionally 0 -> -1
2024-03-04 12:57:53,634 [omNode-1-impl-thread1] INFO  server.RaftServer$Division (RaftServerImpl.java:start(396)) - omNode-1@group-523986131536: start as a follower, conf=0: peers:[omNode-3|localhost:15101, omNode-1|localhost:15093, omNode-2|localhost:15097]|listeners:[], old=null
2024-03-04 12:57:53,634 [omNode-1-impl-thread1] INFO  server.RaftServer$Division (RaftServerImpl.java:setRole(383)) - omNode-1@group-523986131536: changes role from      null to FOLLOWER at term 1 for startAsFollower
2024-03-04 12:57:53,634 [omNode-1-impl-thread1] INFO  impl.RoleInfo (RoleInfo.java:updateAndGet(139)) - omNode-1: start omNode-1@group-523986131536-FollowerState
2024-03-04 12:57:53,634 [omNode-1@group-523986131536-FollowerState] INFO  server.RaftServerConfigKeys (ConfUtils.java:logFallback(53)) - raft.server.rpc.first-election.timeout.min = 1s (fallback to raft.server.rpc.timeout.min)
2024-03-04 12:57:53,637 [omNode-1-impl-thread1] INFO  util.JmxRegister (JmxRegister.java:tryRegister(44)) - Successfully registered JMX Bean with object name Ratis:service=RaftServer,group=group-523986131536,id=omNode-1
2024-03-04 12:57:53,637 [omNode-1@group-523986131536-FollowerState] INFO  server.RaftServerConfigKeys (ConfUtils.java:logFallback(53)) - raft.server.rpc.first-election.timeout.max = 1200ms (fallback to raft.server.rpc.timeout.max)
2024-03-04 12:57:53,637 [omNode-1-impl-thread1] INFO  server.RaftServerConfigKeys (ConfUtils.java:logGet(46)) - raft.server.snapshot.trigger-when-stop.enabled = true (default)
2024-03-04 12:57:53,637 [omNode-1-impl-thread1] INFO  server.RaftServerConfigKeys (ConfUtils.java:logGet(46)) - raft.server.snapshot.auto.trigger.enabled = true (custom)
2024-03-04 12:57:53,637 [omNode-1-impl-thread1] INFO  server.RaftServerConfigKeys (ConfUtils.java:logGet(46)) - raft.server.snapshot.auto.trigger.threshold = 50 (custom)
2024-03-04 12:57:53,637 [omNode-1-impl-thread1] INFO  server.RaftServerConfigKeys (ConfUtils.java:logGet(46)) - raft.server.snapshot.retention.file.num = -1 (default)
2024-03-04 12:57:53,637 [omNode-1-impl-thread1] INFO  server.RaftServerConfigKeys (ConfUtils.java:logGet(46)) - raft.server.log.purge.upto.snapshot.index = true (custom)
2024-03-04 12:57:53,637 [main] INFO  server.RaftServer (RaftServerProxy.java:startImpl(406)) - omNode-1: start RPC server
2024-03-04 12:57:53,638 [main] INFO  server.GrpcService (GrpcService.java:startImpl(302)) - omNode-1: GrpcService started, listening on 15093
2024-03-04 12:57:53,639 [main] INFO  om.OzoneManager (OzoneManager.java:getRpcServer(1206)) - Creating RPC Server
2024-03-04 12:57:53,639 [JvmPauseMonitor37] INFO  util.JvmPauseMonitor (JvmPauseMonitor.java:run(146)) - JvmPauseMonitor-omNode-1: Started
2024-03-04 12:57:53,845 [main] INFO  ipc.CallQueueManager (CallQueueManager.java:<init>(90)) - Using callQueue: class java.util.concurrent.LinkedBlockingQueue, queueCapacity: 2000, scheduler: class org.apache.hadoop.ipc.DefaultRpcScheduler, ipcBackoff: false.
2024-03-04 12:57:53,846 [main] INFO  ipc.Server (Server.java:<init>(1287)) - Listener at localhost:15090
2024-03-04 12:57:53,846 [Socket Reader #1 for port 15090] INFO  ipc.Server (Server.java:run(1323)) - Starting Socket Reader #1 for port 15090
2024-03-04 12:57:53,848 [main] INFO  http.BaseHttpServer (BaseHttpServer.java:newHttpServer2BuilderForOzone(223)) - Starting Web-server for ozoneManager at: http://0.0.0.0:15091
2024-03-04 12:57:53,849 [main] INFO  http.BaseHttpServer (BaseHttpServer.java:<init>(110)) - Hadoop Security Enabled: false Ozone Security Enabled: false Ozone HTTP Security Enabled: false 
2024-03-04 12:57:53,850 [main] WARN  server.AuthenticationFilter (AuthenticationFilter.java:constructSecretProvider(240)) - Unable to initialize FileSignerSecretProvider, falling back to use random secrets. Reason: Could not read signature secret file: /home/runner/hadoop-http-auth-signature-secret
2024-03-04 12:57:53,850 [main] INFO  http.HttpRequestLog (HttpRequestLog.java:getRequestLog(86)) - Http request log for http.requests.ozoneManager is not defined
2024-03-04 12:57:53,851 [main] INFO  http.HttpServer2 (HttpServer2.java:addGlobalFilter(1036)) - Added global filter 'safety' (class=org.apache.hadoop.hdds.server.http.HttpServer2$QuotingInputFilter)
2024-03-04 12:57:53,851 [main] INFO  http.HttpServer2 (HttpServer2.java:addFilter(1012)) - Added filter static_user_filter (class=org.apache.hadoop.http.lib.StaticUserWebFilter$StaticUserFilter) to context ozoneManager
2024-03-04 12:57:53,852 [main] INFO  http.HttpServer2 (HttpServer2.java:addFilter(1020)) - Added filter static_user_filter (class=org.apache.hadoop.http.lib.StaticUserWebFilter$StaticUserFilter) to context static
2024-03-04 12:57:53,852 [main] INFO  http.HttpServer2 (HttpServer2.java:addFilter(1020)) - Added filter static_user_filter (class=org.apache.hadoop.http.lib.StaticUserWebFilter$StaticUserFilter) to context logs
2024-03-04 12:57:53,852 [main] INFO  http.BaseHttpServer (BaseHttpServer.java:<init>(189)) - HTTP server of ozoneManager uses base directory /home/runner/work/ozone/ozone/hadoop-ozone/integration-test/target/test-dir/MiniOzoneClusterImpl-5dfaf9ee-e84d-4a0a-b307-fdee3dcb636e/omNode-1/webserver
2024-03-04 12:57:53,852 [main] INFO  http.HttpServer2 (HttpServer2.java:bindListener(1236)) - Jetty bound to port 15091
2024-03-04 12:57:53,853 [main] INFO  server.Server (Server.java:doStart(375)) - jetty-9.4.53.v20231009; built: 2023-10-09T12:29:09.265Z; git: 27bde00a0b95a1d5bbee0eae7984f891d2d0f8c9; jvm 1.8.0_402-b06
2024-03-04 12:57:53,854 [main] INFO  server.session (DefaultSessionIdManager.java:doStart(334)) - DefaultSessionIdManager workerName=node0
2024-03-04 12:57:53,854 [main] INFO  server.session (DefaultSessionIdManager.java:doStart(339)) - No SessionScavenger set, using defaults
2024-03-04 12:57:53,854 [main] INFO  server.session (HouseKeeper.java:startScavenging(132)) - node0 Scavenging every 660000ms
2024-03-04 12:57:53,855 [main] INFO  handler.ContextHandler (ContextHandler.java:doStart(921)) - Started o.e.j.s.ServletContextHandler@10b2d14e{logs,/logs,file:///home/runner/work/ozone/ozone/hadoop-ozone/integration-test/target/log,AVAILABLE}
2024-03-04 12:57:53,855 [main] INFO  handler.ContextHandler (ContextHandler.java:doStart(921)) - Started o.e.j.s.ServletContextHandler@7c1ceb4a{static,/static,file:///home/runner/work/ozone/ozone/hadoop-ozone/integration-test/target/test-classes/webapps/static,AVAILABLE}
2024-03-04 12:57:53,857 [main] INFO  handler.ContextHandler (ContextHandler.java:doStart(921)) - Started o.e.j.w.WebAppContext@4de66814{ozoneManager,/,file:///home/runner/work/ozone/ozone/hadoop-ozone/integration-test/target/test-classes/webapps/ozoneManager/,AVAILABLE}{file:/home/runner/work/ozone/ozone/hadoop-ozone/integration-test/target/test-classes/webapps/ozoneManager}
2024-03-04 12:57:53,857 [main] INFO  server.AbstractConnector (AbstractConnector.java:doStart(333)) - Started ServerConnector@69b1e76b{HTTP/1.1, (http/1.1)}{0.0.0.0:15091}
2024-03-04 12:57:53,858 [main] INFO  server.Server (Server.java:doStart(415)) - Started @369441ms
2024-03-04 12:57:53,858 [main] WARN  impl.MetricsSystemImpl (MetricsSystemImpl.java:register(279)) - Sink prometheus already exists!
2024-03-04 12:57:53,858 [main] INFO  http.BaseHttpServer (BaseHttpServer.java:updateConnectorAddress(354)) - HTTP server of ozoneManager listening at http://0.0.0.0:15091
2024-03-04 12:57:53,859 [IPC Server Responder] INFO  ipc.Server (Server.java:run(1562)) - IPC Server Responder: starting
2024-03-04 12:57:53,860 [IPC Server listener on 15090] INFO  ipc.Server (Server.java:run(1402)) - IPC Server listener on 15090: starting
2024-03-04 12:57:53,861 [main] INFO  om.OzoneManager (OzoneManager.java:startTrashEmptier(2093)) - Trash Interval set to 0. Files deleted won't move to trash
2024-03-04 12:57:53,863 [main] INFO  om.OzoneManager (OzoneManager.java:restart(1710)) - OzoneManager RPC server is listening at localhost/127.0.0.1:15094
2024-03-04 12:57:53,863 [main] INFO  impl.MetricsSystemImpl (MetricsSystemImpl.java:init(158)) - OzoneManager metrics system started (again)
2024-03-04 12:57:53,871 [main] WARN  server.ServerUtils (ServerUtils.java:getDBPath(299)) - ozone.om.db.dirs is not configured. We recommend adding this setting. Falling back to ozone.metadata.dirs instead.
2024-03-04 12:57:53,871 [main] INFO  helpers.OmKeyInfo (OmKeyInfo.java:getCodec(71)) - OmKeyInfo.getCodec ignorePipeline = true
2024-03-04 12:57:53,928 [main] INFO  om.OzoneManager (OzoneManager.java:instantiateServices(804)) - S3 Multi-Tenancy is disabled
2024-03-04 12:57:53,928 [main] INFO  om.OmSnapshotManager (OmSnapshotManager.java:<init>(177)) - Ozone filesystem snapshot feature is enabled.
2024-03-04 12:57:53,928 [main] WARN  server.ServerUtils (ServerUtils.java:getDBPath(299)) - ozone.om.snapshot.diff.db.dir is not configured. We recommend adding this setting. Falling back to ozone.metadata.dirs instead.
2024-03-04 12:57:53,937 [main] INFO  utils.NativeLibraryLoader (NativeLibraryLoader.java:loadLibrary(108)) - Loading Library: ozone_rocksdb_tools
2024-03-04 12:57:53,937 [main] ERROR snapshot.SnapshotDiffManager (SnapshotDiffManager.java:initNativeLibraryForEfficientDiff(287)) - Native Library for raw sst file reading loading failed.
org.apache.hadoop.hdds.utils.NativeLibraryNotLoadedException: Unable to load library ozone_rocksdb_tools from both java.library.path & resource file libozone_rocksdb_tools.so from jar.
	at org.apache.hadoop.hdds.utils.db.managed.ManagedRawSSTFileReader.loadLibrary(ManagedRawSSTFileReader.java:38)
	at org.apache.hadoop.ozone.om.snapshot.SnapshotDiffManager.initNativeLibraryForEfficientDiff(SnapshotDiffManager.java:285)
	at org.apache.hadoop.ozone.om.snapshot.SnapshotDiffManager.<init>(SnapshotDiffManager.java:259)
	at org.apache.hadoop.ozone.om.OmSnapshotManager.<init>(OmSnapshotManager.java:279)
	at org.apache.hadoop.ozone.om.OzoneManager.instantiateServices(OzoneManager.java:856)
	at org.apache.hadoop.ozone.om.OzoneManager.restart(OzoneManager.java:1715)
	at org.apache.hadoop.ozone.MiniOzoneHAClusterImpl.restartOzoneManager(MiniOzoneHAClusterImpl.java:211)
	at org.apache.hadoop.ozone.om.TestOzoneManagerPrepare.resetCluster(TestOzoneManagerPrepare.java:113)
	at sun.reflect.NativeMethodAccessorImpl.invoke0(Native Method)
	at sun.reflect.NativeMethodAccessorImpl.invoke(NativeMethodAccessorImpl.java:62)
	at sun.reflect.DelegatingMethodAccessorImpl.invoke(DelegatingMethodAccessorImpl.java:43)
	at java.lang.reflect.Method.invoke(Method.java:498)
	at org.junit.platform.commons.util.ReflectionUtils.invokeMethod(ReflectionUtils.java:728)
	at org.junit.jupiter.engine.execution.MethodInvocation.proceed(MethodInvocation.java:60)
	at org.junit.jupiter.engine.execution.InvocationInterceptorChain$ValidatingInvocation.proceed(InvocationInterceptorChain.java:131)
	at org.junit.jupiter.engine.extension.TimeoutExtension.intercept(TimeoutExtension.java:156)
	at org.junit.jupiter.engine.extension.TimeoutExtension.interceptLifecycleMethod(TimeoutExtension.java:128)
	at org.junit.jupiter.engine.extension.TimeoutExtension.interceptAfterEachMethod(TimeoutExtension.java:110)
	at org.junit.jupiter.engine.execution.InterceptingExecutableInvoker$ReflectiveInterceptorCall.lambda$ofVoidMethod$0(InterceptingExecutableInvoker.java:103)
	at org.junit.jupiter.engine.execution.InterceptingExecutableInvoker.lambda$invoke$0(InterceptingExecutableInvoker.java:93)
	at org.junit.jupiter.engine.execution.InvocationInterceptorChain$InterceptedInvocation.proceed(InvocationInterceptorChain.java:106)
	at org.junit.jupiter.engine.execution.InvocationInterceptorChain.proceed(InvocationInterceptorChain.java:64)
	at org.junit.jupiter.engine.execution.InvocationInterceptorChain.chainAndInvoke(InvocationInterceptorChain.java:45)
	at org.junit.jupiter.engine.execution.InvocationInterceptorChain.invoke(InvocationInterceptorChain.java:37)
	at org.junit.jupiter.engine.execution.InterceptingExecutableInvoker.invoke(InterceptingExecutableInvoker.java:92)
	at org.junit.jupiter.engine.execution.InterceptingExecutableInvoker.invoke(InterceptingExecutableInvoker.java:86)
	at org.junit.jupiter.engine.descriptor.ClassBasedTestDescriptor.invokeMethodInExtensionContext(ClassBasedTestDescriptor.java:521)
	at org.junit.jupiter.engine.descriptor.ClassBasedTestDescriptor.lambda$synthesizeAfterEachMethodAdapter$24(ClassBasedTestDescriptor.java:511)
	at org.junit.jupiter.engine.descriptor.TestMethodTestDescriptor.lambda$invokeAfterEachMethods$10(TestMethodTestDescriptor.java:244)
	at org.junit.jupiter.engine.descriptor.TestMethodTestDescriptor.lambda$invokeAllAfterMethodsOrCallbacks$13(TestMethodTestDescriptor.java:277)
	at org.junit.platform.engine.support.hierarchical.ThrowableCollector.execute(ThrowableCollector.java:73)
	at org.junit.jupiter.engine.descriptor.TestMethodTestDescriptor.lambda$invokeAllAfterMethodsOrCallbacks$14(TestMethodTestDescriptor.java:277)
	at org.junit.platform.commons.util.CollectionUtils.forEachInReverseOrder(CollectionUtils.java:217)
	at org.junit.jupiter.engine.descriptor.TestMethodTestDescriptor.invokeAllAfterMethodsOrCallbacks(TestMethodTestDescriptor.java:276)
	at org.junit.jupiter.engine.descriptor.TestMethodTestDescriptor.invokeAfterEachMethods(TestMethodTestDescriptor.java:242)
	at org.junit.jupiter.engine.descriptor.TestMethodTestDescriptor.execute(TestMethodTestDescriptor.java:143)
	at org.junit.jupiter.engine.descriptor.TestMethodTestDescriptor.execute(TestMethodTestDescriptor.java:69)
	at org.junit.platform.engine.support.hierarchical.NodeTestTask.lambda$executeRecursively$6(NodeTestTask.java:151)
	at org.junit.platform.engine.support.hierarchical.ThrowableCollector.execute(ThrowableCollector.java:73)
	at org.junit.platform.engine.support.hierarchical.NodeTestTask.lambda$executeRecursively$8(NodeTestTask.java:141)
	at org.junit.platform.engine.support.hierarchical.Node.around(Node.java:137)
	at org.junit.platform.engine.support.hierarchical.NodeTestTask.lambda$executeRecursively$9(NodeTestTask.java:139)
	at org.junit.platform.engine.support.hierarchical.ThrowableCollector.execute(ThrowableCollector.java:73)
	at org.junit.platform.engine.support.hierarchical.NodeTestTask.executeRecursively(NodeTestTask.java:138)
	at org.junit.platform.engine.support.hierarchical.NodeTestTask.execute(NodeTestTask.java:95)
	at java.util.ArrayList.forEach(ArrayList.java:1259)
	at org.junit.platform.engine.support.hierarchical.SameThreadHierarchicalTestExecutorService.invokeAll(SameThreadHierarchicalTestExecutorService.java:41)
	at org.junit.platform.engine.support.hierarchical.NodeTestTask.lambda$executeRecursively$6(NodeTestTask.java:155)
	at org.junit.platform.engine.support.hierarchical.ThrowableCollector.execute(ThrowableCollector.java:73)
	at org.junit.platform.engine.support.hierarchical.NodeTestTask.lambda$executeRecursively$8(NodeTestTask.java:141)
	at org.junit.platform.engine.support.hierarchical.Node.around(Node.java:137)
	at org.junit.platform.engine.support.hierarchical.NodeTestTask.lambda$executeRecursively$9(NodeTestTask.java:139)
	at org.junit.platform.engine.support.hierarchical.ThrowableCollector.execute(ThrowableCollector.java:73)
	at org.junit.platform.engine.support.hierarchical.NodeTestTask.executeRecursively(NodeTestTask.java:138)
	at org.junit.platform.engine.support.hierarchical.NodeTestTask.execute(NodeTestTask.java:95)
	at java.util.ArrayList.forEach(ArrayList.java:1259)
	at org.junit.platform.engine.support.hierarchical.SameThreadHierarchicalTestExecutorService.invokeAll(SameThreadHierarchicalTestExecutorService.java:41)
	at org.junit.platform.engine.support.hierarchical.NodeTestTask.lambda$executeRecursively$6(NodeTestTask.java:155)
	at org.junit.platform.engine.support.hierarchical.ThrowableCollector.execute(ThrowableCollector.java:73)
	at org.junit.platform.engine.support.hierarchical.NodeTestTask.lambda$executeRecursively$8(NodeTestTask.java:141)
	at org.junit.platform.engine.support.hierarchical.Node.around(Node.java:137)
	at org.junit.platform.engine.support.hierarchical.NodeTestTask.lambda$executeRecursively$9(NodeTestTask.java:139)
	at org.junit.platform.engine.support.hierarchical.ThrowableCollector.execute(ThrowableCollector.java:73)
	at org.junit.platform.engine.support.hierarchical.NodeTestTask.executeRecursively(NodeTestTask.java:138)
	at org.junit.platform.engine.support.hierarchical.NodeTestTask.execute(NodeTestTask.java:95)
	at org.junit.platform.engine.support.hierarchical.SameThreadHierarchicalTestExecutorService.submit(SameThreadHierarchicalTestExecutorService.java:35)
	at org.junit.platform.engine.support.hierarchical.HierarchicalTestExecutor.execute(HierarchicalTestExecutor.java:57)
	at org.junit.platform.engine.support.hierarchical.HierarchicalTestEngine.execute(HierarchicalTestEngine.java:54)
	at org.junit.platform.launcher.core.EngineExecutionOrchestrator.execute(EngineExecutionOrchestrator.java:198)
	at org.junit.platform.launcher.core.EngineExecutionOrchestrator.execute(EngineExecutionOrchestrator.java:169)
	at org.junit.platform.launcher.core.EngineExecutionOrchestrator.execute(EngineExecutionOrchestrator.java:93)
	at org.junit.platform.launcher.core.EngineExecutionOrchestrator.lambda$execute$0(EngineExecutionOrchestrator.java:58)
	at org.junit.platform.launcher.core.EngineExecutionOrchestrator.withInterceptedStreams(EngineExecutionOrchestrator.java:141)
	at org.junit.platform.launcher.core.EngineExecutionOrchestrator.execute(EngineExecutionOrchestrator.java:57)
	at org.junit.platform.launcher.core.DefaultLauncher.execute(DefaultLauncher.java:103)
	at org.junit.platform.launcher.core.DefaultLauncher.execute(DefaultLauncher.java:85)
	at org.junit.platform.launcher.core.DelegatingLauncher.execute(DelegatingLauncher.java:47)
	at org.junit.platform.launcher.core.SessionPerRequestLauncher.execute(SessionPerRequestLauncher.java:63)
	at org.apache.maven.surefire.junitplatform.JUnitPlatformProvider.invokeAllTests(JUnitPlatformProvider.java:165)
	at org.apache.maven.surefire.junitplatform.JUnitPlatformProvider.invoke(JUnitPlatformProvider.java:124)
	at org.apache.maven.surefire.booter.ForkedBooter.runSuitesInProcess(ForkedBooter.java:428)
	at org.apache.maven.surefire.booter.ForkedBooter.execute(ForkedBooter.java:162)
	at org.apache.maven.surefire.booter.ForkedBooter.run(ForkedBooter.java:562)
	at org.apache.maven.surefire.booter.ForkedBooter.main(ForkedBooter.java:548)
2024-03-04 12:57:53,942 [main] WARN  dropwizard3.Dm3MetricRegistriesImpl (Dm3MetricRegistriesImpl.java:addReporterRegistration(113)) - New reporters are added after registries were created. Some metrics will be missing from the reporter. Please add reporter before adding any new registry.
2024-03-04 12:57:53,942 [main] WARN  dropwizard3.Dm3MetricRegistriesImpl (Dm3MetricRegistriesImpl.java:addReporterRegistration(113)) - New reporters are added after registries were created. Some metrics will be missing from the reporter. Please add reporter before adding any new registry.
2024-03-04 12:57:53,943 [main] WARN  server.ServerUtils (ServerUtils.java:getDefaultRatisDirectory(311)) - Storage directory for Ratis is not configured. It is a good idea to map this to an SSD disk. Falling back to ozone.metadata.dirs
2024-03-04 12:57:53,943 [main] INFO  ratis.OzoneManagerRatisServer (OzoneManagerRatisServer.java:<init>(167)) - Instantiating OM Ratis server with groupID: om-service-test1 and peers: localhost:15097, localhost:15101, localhost:15093
2024-03-04 12:57:53,944 [main] INFO  ratis.OzoneManagerStateMachine (OzoneManagerStateMachine.java:loadSnapshotInfoFromDB(573)) - LastAppliedIndex is set from TransactionInfo from OM DB as (t:1, i:52)
2024-03-04 12:57:53,944 [main] INFO  server.RaftServer (ConfUtils.java:logGet(46)) - raft.rpc.type = GRPC (default)
2024-03-04 12:57:53,944 [main] INFO  grpc.GrpcConfigKeys (ConfUtils.java:logFallback(53)) - raft.grpc.admin.host = null (fallback to raft.grpc.server.host)
2024-03-04 12:57:53,945 [main] INFO  grpc.GrpcConfigKeys (ConfUtils.java:logFallback(53)) - raft.grpc.admin.port = 15097 (fallback to raft.grpc.server.port)
2024-03-04 12:57:53,945 [main] INFO  grpc.GrpcConfigKeys (ConfUtils.java:logFallback(53)) - raft.grpc.client.host = null (fallback to raft.grpc.server.host)
2024-03-04 12:57:53,945 [main] INFO  grpc.GrpcConfigKeys (ConfUtils.java:logFallback(53)) - raft.grpc.client.port = 15097 (fallback to raft.grpc.server.port)
2024-03-04 12:57:53,945 [main] INFO  grpc.GrpcConfigKeys (ConfUtils.java:logGet(46)) - raft.grpc.server.host = null (default)
2024-03-04 12:57:53,945 [main] INFO  grpc.GrpcConfigKeys (ConfUtils.java:logGet(46)) - raft.grpc.server.port = 15097 (custom)
2024-03-04 12:57:53,946 [main] INFO  server.GrpcService (ConfUtils.java:logGet(46)) - raft.grpc.message.size.max = 4194304 (custom)
2024-03-04 12:57:53,946 [main] INFO  server.RaftServerConfigKeys (ConfUtils.java:logGet(46)) - raft.server.log.appender.buffer.byte-limit = 4194304 (custom)
2024-03-04 12:57:53,946 [main] INFO  server.GrpcService (ConfUtils.java:logGet(46)) - raft.grpc.flow.control.window = 1MB (=1048576) (default)
2024-03-04 12:57:53,946 [main] INFO  server.RaftServerConfigKeys (ConfUtils.java:logGet(46)) - raft.server.rpc.request.timeout = 3000ms (default)
2024-03-04 12:57:53,946 [main] INFO  grpc.GrpcConfigKeys (ConfUtils.java:logGet(46)) - raft.grpc.server.heartbeat.channel = true (default)
2024-03-04 12:57:53,947 [main] INFO  grpc.GrpcConfigKeys (ConfUtils.java:logGet(46)) - raft.grpc.server.async.request.thread.pool.cached = true (default)
2024-03-04 12:57:53,947 [main] INFO  grpc.GrpcConfigKeys (ConfUtils.java:logGet(46)) - raft.grpc.server.async.request.thread.pool.size = 32 (default)
2024-03-04 12:57:53,948 [main] INFO  impl.DataStreamServerImpl (ConfUtils.java:logGet(46)) - raft.datastream.type = DISABLED (default)
2024-03-04 12:57:53,948 [main] INFO  server.RaftServerConfigKeys (ConfUtils.java:logGet(46)) - raft.server.sleep.deviation.threshold = 300ms (default)
2024-03-04 12:57:53,948 [main] INFO  server.RaftServerConfigKeys (ConfUtils.java:logGet(46)) - raft.server.close.threshold = 60s (default)
2024-03-04 12:57:53,948 [main] INFO  server.RaftServerConfigKeys (ConfUtils.java:logGet(46)) - raft.server.leaderelection.leader.step-down.wait-time = 10s (default)
2024-03-04 12:57:53,949 [main] INFO  server.RaftServerConfigKeys (ConfUtils.java:logGet(46)) - raft.server.storage.dir = [/home/runner/work/ozone/ozone/hadoop-ozone/integration-test/target/test-dir/MiniOzoneClusterImpl-5dfaf9ee-e84d-4a0a-b307-fdee3dcb636e/omNode-2/ratis] (custom)
2024-03-04 12:57:53,949 [main] INFO  server.RaftServerConfigKeys (ConfUtils.java:logGet(46)) - raft.server.threadpool.proxy.cached = true (default)
2024-03-04 12:57:53,949 [main] INFO  server.RaftServerConfigKeys (ConfUtils.java:logGet(46)) - raft.server.threadpool.proxy.size = 0 (default)
2024-03-04 12:57:53,949 [omNode-2-impl-thread1] INFO  server.RaftServer (RaftServerProxy.java:initGroupDir(264)) - omNode-2: found a subdirectory /home/runner/work/ozone/ozone/hadoop-ozone/integration-test/target/test-dir/MiniOzoneClusterImpl-5dfaf9ee-e84d-4a0a-b307-fdee3dcb636e/omNode-2/ratis/c9bc4cf4-3bc3-3c60-a66b-523986131536
2024-03-04 12:57:53,950 [main] INFO  server.RaftServer (RaftServerProxy.java:addNew(100)) - omNode-2: addNew group-523986131536:[omNode-3|localhost:15101, omNode-1|localhost:15093, omNode-2|localhost:15097] returns group-523986131536:java.util.concurrent.CompletableFuture@3f455e80[Not completed]
2024-03-04 12:57:53,950 [main] INFO  om.OzoneManager (OzoneManager.java:initializeRatisServer(2140)) - OzoneManager Ratis server initialized at port 15097
2024-03-04 12:57:53,950 [omNode-2-groupManagement] INFO  server.RaftServer$Division (RaftServerImpl.java:<init>(256)) - omNode-2: new RaftServerImpl for group-523986131536:[omNode-3|localhost:15101, omNode-1|localhost:15093, omNode-2|localhost:15097] with OzoneManagerStateMachine:uninitialized
2024-03-04 12:57:53,950 [main] INFO  ratis.OzoneManagerRatisServer (OzoneManagerRatisServer.java:start(588)) - Starting OzoneManagerRatisServer omNode-2 at port 15097
2024-03-04 12:57:53,950 [omNode-2-groupManagement] INFO  server.RaftServerConfigKeys (ConfUtils.java:logGet(46)) - raft.server.rpc.timeout.min = 1s (custom)
2024-03-04 12:57:53,951 [omNode-2-groupManagement] INFO  server.RaftServerConfigKeys (ConfUtils.java:logGet(46)) - raft.server.rpc.timeout.max = 1200ms (custom)
2024-03-04 12:57:53,951 [omNode-2-groupManagement] INFO  server.RaftServerConfigKeys (ConfUtils.java:logGet(46)) - raft.server.rpc.sleep.time = 25ms (default)
2024-03-04 12:57:53,951 [omNode-2-groupManagement] INFO  server.RaftServerConfigKeys (ConfUtils.java:logGet(46)) - raft.server.rpc.slowness.timeout = 2s (custom)
2024-03-04 12:57:53,951 [omNode-2-groupManagement] INFO  server.RaftServerConfigKeys (ConfUtils.java:logGet(46)) - raft.server.leaderelection.leader.step-down.wait-time = 10s (default)
2024-03-04 12:57:53,951 [omNode-2-groupManagement] INFO  server.RaftServerConfigKeys (ConfUtils.java:logGet(46)) - raft.server.leaderelection.member.majority-add = false (default)
2024-03-04 12:57:53,951 [omNode-2-groupManagement] INFO  server.RaftServerConfigKeys (ConfUtils.java:logGet(46)) - raft.server.sleep.deviation.threshold = 300ms (default)
2024-03-04 12:57:53,951 [omNode-2-groupManagement] INFO  server.RaftServer$Division (ServerState.java:<init>(113)) - omNode-2@group-523986131536: ConfigurationManager, init=-1: peers:[omNode-3|localhost:15101, omNode-1|localhost:15093, omNode-2|localhost:15097]|listeners:[], old=null, confs=<EMPTY_MAP>
2024-03-04 12:57:53,951 [omNode-2-groupManagement] INFO  server.RaftServerConfigKeys (ConfUtils.java:logGet(46)) - raft.server.notification.no-leader.timeout = 2s (custom)
2024-03-04 12:57:53,951 [omNode-2-groupManagement] INFO  server.RaftServerConfigKeys (ConfUtils.java:logGet(46)) - raft.server.read.timeout = 10s (default)
2024-03-04 12:57:53,951 [omNode-2-groupManagement] INFO  server.RaftServerConfigKeys (ConfUtils.java:logGet(46)) - raft.server.retrycache.expirytime = 30000ms (custom)
2024-03-04 12:57:53,951 [omNode-2-groupManagement] INFO  server.RaftServerConfigKeys (ConfUtils.java:logGet(46)) - raft.server.retrycache.statistics.expirytime = 100ms (default)
2024-03-04 12:57:53,951 [omNode-2-groupManagement] INFO  server.RaftServerConfigKeys (ConfUtils.java:logGet(46)) - raft.server.read.option = DEFAULT (default)
2024-03-04 12:57:53,951 [omNode-2-groupManagement] INFO  server.RaftServerConfigKeys (ConfUtils.java:logGet(46)) - raft.server.read.read-after-write-consistent.write-index-cache.expiry-time = 60s (default)
2024-03-04 12:57:53,953 [omNode-2-groupManagement] INFO  server.RaftServerConfigKeys (ConfUtils.java:logGet(46)) - raft.server.rpc.request.timeout = 3000ms (default)
2024-03-04 12:57:53,953 [omNode-2-groupManagement] INFO  server.RaftServerConfigKeys (ConfUtils.java:logGet(46)) - raft.server.log.appender.install.snapshot.enabled = false (custom)
2024-03-04 12:57:53,953 [omNode-2-groupManagement] INFO  server.RaftServerConfigKeys (ConfUtils.java:logGet(46)) - raft.server.threadpool.server.cached = true (default)
2024-03-04 12:57:53,953 [omNode-2-groupManagement] INFO  server.RaftServerConfigKeys (ConfUtils.java:logGet(46)) - raft.server.threadpool.server.size = 0 (default)
2024-03-04 12:57:53,953 [omNode-2-groupManagement] INFO  server.RaftServerConfigKeys (ConfUtils.java:logGet(46)) - raft.server.threadpool.client.cached = true (default)
2024-03-04 12:57:53,953 [omNode-2-groupManagement] INFO  server.RaftServerConfigKeys (ConfUtils.java:logGet(46)) - raft.server.threadpool.client.size = 0 (default)
2024-03-04 12:57:53,953 [omNode-2-impl-thread1] INFO  server.RaftServerConfigKeys (ConfUtils.java:logGet(46)) - raft.server.storage.free-space.min = 0MB (=0) (default)
2024-03-04 12:57:53,953 [omNode-2-impl-thread1] INFO  server.RaftServerConfigKeys (ConfUtils.java:logGet(46)) - raft.server.log.corruption.policy = EXCEPTION (default)
2024-03-04 12:57:53,954 [omNode-2-impl-thread1] INFO  server.RaftServerConfigKeys (ConfUtils.java:logGet(46)) - raft.server.storage.dir = [/home/runner/work/ozone/ozone/hadoop-ozone/integration-test/target/test-dir/MiniOzoneClusterImpl-5dfaf9ee-e84d-4a0a-b307-fdee3dcb636e/omNode-2/ratis] (custom)
2024-03-04 12:57:53,954 [omNode-2-impl-thread1] INFO  storage.RaftStorageDirectory (RaftStorageDirectoryImpl.java:tryLock(228)) - Lock on /home/runner/work/ozone/ozone/hadoop-ozone/integration-test/target/test-dir/MiniOzoneClusterImpl-5dfaf9ee-e84d-4a0a-b307-fdee3dcb636e/omNode-2/ratis/c9bc4cf4-3bc3-3c60-a66b-523986131536/in_use.lock acquired by nodename 41993@fv-az571-795
2024-03-04 12:57:53,955 [omNode-2-impl-thread1] INFO  storage.RaftStorage (RaftStorageImpl.java:analyzeAndRecoverStorage(119)) - Read RaftStorageMetadata{term=1, votedFor=omNode-1} from /home/runner/work/ozone/ozone/hadoop-ozone/integration-test/target/test-dir/MiniOzoneClusterImpl-5dfaf9ee-e84d-4a0a-b307-fdee3dcb636e/omNode-2/ratis/c9bc4cf4-3bc3-3c60-a66b-523986131536/current/raft-meta
2024-03-04 12:57:53,956 [omNode-2-impl-thread1] INFO  server.RaftServer$Division (ServerState.java:setRaftConf(386)) - omNode-2@group-523986131536: set configuration 0: peers:[omNode-3|localhost:15101, omNode-1|localhost:15093, omNode-2|localhost:15097]|listeners:[], old=null
2024-03-04 12:57:53,956 [omNode-2-impl-thread1] INFO  server.RaftServerConfigKeys (ConfUtils.java:logGet(46)) - raft.server.log.use.memory = false (default)
2024-03-04 12:57:53,956 [omNode-2-impl-thread1] INFO  server.RaftServerConfigKeys (ConfUtils.java:logGet(46)) - raft.server.log.purge.gap = 50 (custom)
2024-03-04 12:57:53,956 [omNode-2-impl-thread1] INFO  server.RaftServerConfigKeys (ConfUtils.java:logGet(46)) - raft.server.log.appender.buffer.byte-limit = 4194304 (custom)
2024-03-04 12:57:53,956 [omNode-2-impl-thread1] INFO  server.RaftServerConfigKeys (ConfUtils.java:logGet(46)) - raft.server.log.statemachine.data.read.timeout = 1000ms (default)
2024-03-04 12:57:53,956 [omNode-2-impl-thread1] INFO  server.RaftServerConfigKeys (ConfUtils.java:logGet(46)) - raft.server.log.purge.preservation.log.num = 0 (default)
2024-03-04 12:57:53,957 [omNode-2-impl-thread1] INFO  server.RaftServerConfigKeys (ConfUtils.java:logGet(46)) - raft.server.log.segment.size.max = 4194304 (custom)
2024-03-04 12:57:53,957 [omNode-2-impl-thread1] INFO  server.RaftServerConfigKeys (ConfUtils.java:logGet(46)) - raft.server.log.segment.cache.num.max = 2 (custom)
2024-03-04 12:57:53,957 [omNode-2-impl-thread1] INFO  server.RaftServerConfigKeys (ConfUtils.java:logGet(46)) - raft.server.log.segment.cache.size.max = 200MB (=209715200) (default)
2024-03-04 12:57:53,958 [omNode-2-impl-thread1] INFO  server.RaftServerConfigKeys (ConfUtils.java:logGet(46)) - raft.server.log.appender.buffer.byte-limit = 4194304 (custom)
2024-03-04 12:57:53,958 [omNode-2-impl-thread1] INFO  util.AwaitToRun (AwaitToRun.java:start(81)) - Thread[omNode-2@group-523986131536-cacheEviction-AwaitToRun,5,main] started
2024-03-04 12:57:53,958 [omNode-2-impl-thread1] INFO  segmented.SegmentedRaftLogWorker (SegmentedRaftLogWorker.java:<init>(182)) - new omNode-2@group-523986131536-SegmentedRaftLogWorker for RaftStorageImpl:Storage Directory /home/runner/work/ozone/ozone/hadoop-ozone/integration-test/target/test-dir/MiniOzoneClusterImpl-5dfaf9ee-e84d-4a0a-b307-fdee3dcb636e/omNode-2/ratis/c9bc4cf4-3bc3-3c60-a66b-523986131536
2024-03-04 12:57:53,958 [omNode-2-impl-thread1] INFO  server.RaftServerConfigKeys (ConfUtils.java:logGet(46)) - raft.server.log.queue.byte-limit = 64MB (=67108864) (default)
2024-03-04 12:57:53,958 [omNode-2-impl-thread1] INFO  server.RaftServerConfigKeys (ConfUtils.java:logGet(46)) - raft.server.log.queue.element-limit = 4096 (default)
2024-03-04 12:57:53,958 [omNode-2-impl-thread1] INFO  server.RaftServerConfigKeys (ConfUtils.java:logGet(46)) - raft.server.log.segment.size.max = 4194304 (custom)
2024-03-04 12:57:53,958 [omNode-2-impl-thread1] INFO  server.RaftServerConfigKeys (ConfUtils.java:logGet(46)) - raft.server.log.preallocated.size = 4194304 (custom)
2024-03-04 12:57:53,958 [omNode-2-impl-thread1] INFO  server.RaftServerConfigKeys (ConfUtils.java:logGet(46)) - raft.server.log.force.sync.num = 128 (default)
2024-03-04 12:57:53,958 [omNode-2-impl-thread1] INFO  server.RaftServerConfigKeys (ConfUtils.java:logGet(46)) - raft.server.log.statemachine.data.sync = true (default)
2024-03-04 12:57:53,958 [omNode-2-impl-thread1] INFO  server.RaftServerConfigKeys (ConfUtils.java:logGet(46)) - raft.server.log.statemachine.data.sync.timeout = 10s (default)
2024-03-04 12:57:53,958 [omNode-2-impl-thread1] INFO  server.RaftServerConfigKeys (ConfUtils.java:logGet(46)) - raft.server.log.statemachine.data.sync.timeout.retry = -1 (default)
2024-03-04 12:57:53,959 [omNode-2-impl-thread1] INFO  server.RaftServerConfigKeys (ConfUtils.java:logGet(46)) - raft.server.log.write.buffer.size = 4194312 (custom)
2024-03-04 12:57:53,960 [omNode-2-impl-thread1] INFO  server.RaftServerConfigKeys (ConfUtils.java:logGet(46)) - raft.server.log.appender.buffer.byte-limit = 4194304 (custom)
2024-03-04 12:57:53,960 [omNode-2-impl-thread1] INFO  server.RaftServerConfigKeys (ConfUtils.java:logGet(46)) - raft.server.log.unsafe-flush.enabled = false (default)
2024-03-04 12:57:53,960 [omNode-2-impl-thread1] INFO  server.RaftServerConfigKeys (ConfUtils.java:logGet(46)) - raft.server.log.async-flush.enabled = false (default)
2024-03-04 12:57:53,960 [omNode-2-impl-thread1] INFO  server.RaftServerConfigKeys (ConfUtils.java:logGet(46)) - raft.server.log.statemachine.data.caching.enabled = false (default)
2024-03-04 12:57:53,961 [omNode-2-impl-thread1] INFO  server.RaftServer$Division (ServerState.java:setRaftConf(386)) - omNode-2@group-523986131536: set configuration 0: peers:[omNode-3|localhost:15101, omNode-1|localhost:15093, omNode-2|localhost:15097]|listeners:[], old=null
2024-03-04 12:57:53,963 [omNode-2-impl-thread1] INFO  segmented.LogSegment (LogSegment.java:loadSegment(170)) - Successfully read 53 entries from segment file /home/runner/work/ozone/ozone/hadoop-ozone/integration-test/target/test-dir/MiniOzoneClusterImpl-5dfaf9ee-e84d-4a0a-b307-fdee3dcb636e/omNode-2/ratis/c9bc4cf4-3bc3-3c60-a66b-523986131536/current/log_inprogress_0
2024-03-04 12:57:53,963 [omNode-2-impl-thread1] INFO  segmented.SegmentedRaftLogWorker (SegmentedRaftLogWorker.java:lambda$new$0(134)) - omNode-2@group-523986131536-SegmentedRaftLogWorker: flushIndex: setUnconditionally 0 -> 52
2024-03-04 12:57:53,963 [omNode-2-impl-thread1] INFO  segmented.SegmentedRaftLogWorker (SegmentedRaftLogWorker.java:lambda$new$0(134)) - omNode-2@group-523986131536-SegmentedRaftLogWorker: safeCacheEvictIndex: setUnconditionally 0 -> -1
2024-03-04 12:57:53,963 [omNode-2-impl-thread1] INFO  segmented.BufferedWriteChannel (BufferedWriteChannel.java:open(62)) - open log_inprogress_0 (append) at position 16783
2024-03-04 12:57:53,963 [omNode-2-impl-thread1] INFO  server.RaftServer$Division (RaftServerImpl.java:start(396)) - omNode-2@group-523986131536: start as a follower, conf=0: peers:[omNode-3|localhost:15101, omNode-1|localhost:15093, omNode-2|localhost:15097]|listeners:[], old=null
2024-03-04 12:57:53,963 [omNode-2-impl-thread1] INFO  server.RaftServer$Division (RaftServerImpl.java:setRole(383)) - omNode-2@group-523986131536: changes role from      null to FOLLOWER at term 1 for startAsFollower
2024-03-04 12:57:53,964 [omNode-2-impl-thread1] INFO  impl.RoleInfo (RoleInfo.java:updateAndGet(139)) - omNode-2: start omNode-2@group-523986131536-FollowerState
2024-03-04 12:57:53,964 [omNode-2@group-523986131536-FollowerState] INFO  server.RaftServerConfigKeys (ConfUtils.java:logFallback(53)) - raft.server.rpc.first-election.timeout.min = 1s (fallback to raft.server.rpc.timeout.min)
2024-03-04 12:57:53,964 [omNode-2-impl-thread1] INFO  util.JmxRegister (JmxRegister.java:tryRegister(44)) - Successfully registered JMX Bean with object name Ratis:service=RaftServer,group=group-523986131536,id=omNode-2
2024-03-04 12:57:53,964 [omNode-2@group-523986131536-FollowerState] INFO  server.RaftServerConfigKeys (ConfUtils.java:logFallback(53)) - raft.server.rpc.first-election.timeout.max = 1200ms (fallback to raft.server.rpc.timeout.max)
2024-03-04 12:57:53,964 [omNode-2-impl-thread1] INFO  server.RaftServerConfigKeys (ConfUtils.java:logGet(46)) - raft.server.snapshot.trigger-when-stop.enabled = true (default)
2024-03-04 12:57:53,964 [omNode-2-impl-thread1] INFO  server.RaftServerConfigKeys (ConfUtils.java:logGet(46)) - raft.server.snapshot.auto.trigger.enabled = true (custom)
2024-03-04 12:57:53,964 [omNode-2-impl-thread1] INFO  server.RaftServerConfigKeys (ConfUtils.java:logGet(46)) - raft.server.snapshot.auto.trigger.threshold = 50 (custom)
2024-03-04 12:57:53,964 [omNode-2-impl-thread1] INFO  server.RaftServerConfigKeys (ConfUtils.java:logGet(46)) - raft.server.snapshot.retention.file.num = -1 (default)
2024-03-04 12:57:53,964 [omNode-2-impl-thread1] INFO  server.RaftServerConfigKeys (ConfUtils.java:logGet(46)) - raft.server.log.purge.upto.snapshot.index = true (custom)
2024-03-04 12:57:53,965 [main] INFO  server.RaftServer (RaftServerProxy.java:startImpl(406)) - omNode-2: start RPC server
2024-03-04 12:57:53,969 [main] INFO  server.GrpcService (GrpcService.java:startImpl(302)) - omNode-2: GrpcService started, listening on 15097
2024-03-04 12:57:53,969 [main] INFO  om.OzoneManager (OzoneManager.java:getRpcServer(1206)) - Creating RPC Server
2024-03-04 12:57:53,969 [JvmPauseMonitor38] INFO  util.JvmPauseMonitor (JvmPauseMonitor.java:run(146)) - JvmPauseMonitor-omNode-2: Started
2024-03-04 12:57:54,163 [main] INFO  ipc.CallQueueManager (CallQueueManager.java:<init>(90)) - Using callQueue: class java.util.concurrent.LinkedBlockingQueue, queueCapacity: 2000, scheduler: class org.apache.hadoop.ipc.DefaultRpcScheduler, ipcBackoff: false.
2024-03-04 12:57:54,164 [main] INFO  ipc.Server (Server.java:<init>(1287)) - Listener at localhost:15094
2024-03-04 12:57:54,164 [Socket Reader #1 for port 15094] INFO  ipc.Server (Server.java:run(1323)) - Starting Socket Reader #1 for port 15094
2024-03-04 12:57:54,166 [main] INFO  http.BaseHttpServer (BaseHttpServer.java:newHttpServer2BuilderForOzone(223)) - Starting Web-server for ozoneManager at: http://0.0.0.0:15095
2024-03-04 12:57:54,166 [main] INFO  http.BaseHttpServer (BaseHttpServer.java:<init>(110)) - Hadoop Security Enabled: false Ozone Security Enabled: false Ozone HTTP Security Enabled: false 
2024-03-04 12:57:54,170 [main] WARN  server.AuthenticationFilter (AuthenticationFilter.java:constructSecretProvider(240)) - Unable to initialize FileSignerSecretProvider, falling back to use random secrets. Reason: Could not read signature secret file: /home/runner/hadoop-http-auth-signature-secret
2024-03-04 12:57:54,170 [main] INFO  http.HttpRequestLog (HttpRequestLog.java:getRequestLog(86)) - Http request log for http.requests.ozoneManager is not defined
2024-03-04 12:57:54,171 [main] INFO  http.HttpServer2 (HttpServer2.java:addGlobalFilter(1036)) - Added global filter 'safety' (class=org.apache.hadoop.hdds.server.http.HttpServer2$QuotingInputFilter)
2024-03-04 12:57:54,171 [main] INFO  http.HttpServer2 (HttpServer2.java:addFilter(1012)) - Added filter static_user_filter (class=org.apache.hadoop.http.lib.StaticUserWebFilter$StaticUserFilter) to context ozoneManager
2024-03-04 12:57:54,172 [main] INFO  http.HttpServer2 (HttpServer2.java:addFilter(1020)) - Added filter static_user_filter (class=org.apache.hadoop.http.lib.StaticUserWebFilter$StaticUserFilter) to context static
2024-03-04 12:57:54,172 [main] INFO  http.HttpServer2 (HttpServer2.java:addFilter(1020)) - Added filter static_user_filter (class=org.apache.hadoop.http.lib.StaticUserWebFilter$StaticUserFilter) to context logs
2024-03-04 12:57:54,172 [main] INFO  http.BaseHttpServer (BaseHttpServer.java:<init>(189)) - HTTP server of ozoneManager uses base directory /home/runner/work/ozone/ozone/hadoop-ozone/integration-test/target/test-dir/MiniOzoneClusterImpl-5dfaf9ee-e84d-4a0a-b307-fdee3dcb636e/omNode-2/webserver
2024-03-04 12:57:54,172 [main] INFO  http.HttpServer2 (HttpServer2.java:bindListener(1236)) - Jetty bound to port 15095
2024-03-04 12:57:54,173 [main] INFO  server.Server (Server.java:doStart(375)) - jetty-9.4.53.v20231009; built: 2023-10-09T12:29:09.265Z; git: 27bde00a0b95a1d5bbee0eae7984f891d2d0f8c9; jvm 1.8.0_402-b06
2024-03-04 12:57:54,173 [main] INFO  server.session (DefaultSessionIdManager.java:doStart(334)) - DefaultSessionIdManager workerName=node0
2024-03-04 12:57:54,174 [main] INFO  server.session (DefaultSessionIdManager.java:doStart(339)) - No SessionScavenger set, using defaults
2024-03-04 12:57:54,174 [main] INFO  server.session (HouseKeeper.java:startScavenging(132)) - node0 Scavenging every 660000ms
2024-03-04 12:57:54,174 [main] INFO  handler.ContextHandler (ContextHandler.java:doStart(921)) - Started o.e.j.s.ServletContextHandler@25e531dd{logs,/logs,file:///home/runner/work/ozone/ozone/hadoop-ozone/integration-test/target/log,AVAILABLE}
2024-03-04 12:57:54,175 [main] INFO  handler.ContextHandler (ContextHandler.java:doStart(921)) - Started o.e.j.s.ServletContextHandler@30706493{static,/static,file:///home/runner/work/ozone/ozone/hadoop-ozone/integration-test/target/test-classes/webapps/static,AVAILABLE}
2024-03-04 12:57:54,176 [main] INFO  handler.ContextHandler (ContextHandler.java:doStart(921)) - Started o.e.j.w.WebAppContext@5a510f79{ozoneManager,/,file:///home/runner/work/ozone/ozone/hadoop-ozone/integration-test/target/test-classes/webapps/ozoneManager/,AVAILABLE}{file:/home/runner/work/ozone/ozone/hadoop-ozone/integration-test/target/test-classes/webapps/ozoneManager}
2024-03-04 12:57:54,177 [main] INFO  server.AbstractConnector (AbstractConnector.java:doStart(333)) - Started ServerConnector@71cf1015{HTTP/1.1, (http/1.1)}{0.0.0.0:15095}
2024-03-04 12:57:54,177 [main] INFO  server.Server (Server.java:doStart(415)) - Started @369761ms
2024-03-04 12:57:54,177 [main] WARN  impl.MetricsSystemImpl (MetricsSystemImpl.java:register(279)) - Sink prometheus already exists!
2024-03-04 12:57:54,178 [main] INFO  http.BaseHttpServer (BaseHttpServer.java:updateConnectorAddress(354)) - HTTP server of ozoneManager listening at http://0.0.0.0:15095
2024-03-04 12:57:54,178 [IPC Server Responder] INFO  ipc.Server (Server.java:run(1562)) - IPC Server Responder: starting
2024-03-04 12:57:54,178 [IPC Server listener on 15094] INFO  ipc.Server (Server.java:run(1402)) - IPC Server listener on 15094: starting
2024-03-04 12:57:54,181 [main] INFO  om.OzoneManager (OzoneManager.java:startTrashEmptier(2093)) - Trash Interval set to 0. Files deleted won't move to trash
]]></system-out>
    </rerunError>
    <rerunError type="PREPARE_FAILED org.apache.hadoop.ozone.om.exceptions.OMException">
      <stackTrace><![CDATA[PREPARE_FAILED org.apache.hadoop.ozone.om.exceptions.OMException: java.io.IOException: After waiting for 120 seconds, Ratis state machine applied index 50 which is less than the minimum required index 52.
	at org.apache.hadoop.ozone.om.protocolPB.OzoneManagerProtocolClientSideTranslatorPB.handleError(OzoneManagerProtocolClientSideTranslatorPB.java:752)
	at org.apache.hadoop.ozone.om.protocolPB.OzoneManagerProtocolClientSideTranslatorPB.prepareOzoneManager(OzoneManagerProtocolClientSideTranslatorPB.java:2466)
	at org.apache.hadoop.ozone.om.TestOzoneManagerPrepare.submitPrepareRequest(TestOzoneManagerPrepare.java:445)
	at org.apache.hadoop.ozone.om.TestOzoneManagerPrepare.testCancelPrepare(TestOzoneManagerPrepare.java:314)
	at java.lang.reflect.Method.invoke(Method.java:498)
	at java.util.ArrayList.forEach(ArrayList.java:1259)
	at java.util.ArrayList.forEach(ArrayList.java:1259)
]]></stackTrace>
      <system-out><![CDATA[2024-03-04 12:58:00,302 [main] WARN  server.ServerUtils (ServerUtils.java:getScmDbDir(143)) - ozone.scm.db.dirs is not configured. We recommend adding this setting. Falling back to ozone.metadata.dirs instead.
2024-03-04 12:58:00,304 [main] WARN  server.ServerUtils (ServerUtils.java:getScmDbDir(143)) - ozone.scm.db.dirs is not configured. We recommend adding this setting. Falling back to ozone.metadata.dirs instead.
2024-03-04 12:58:00,305 [main] INFO  ha.SCMHANodeDetails (SCMHANodeDetails.java:loadSCMHAConfig(207)) - ServiceID for StorageContainerManager is null
2024-03-04 12:58:00,305 [main] INFO  ha.SCMHANodeDetails (SCMHANodeDetails.java:loadSCMHAConfig(212)) - ozone.scm.default.service.id is not defined, falling back to ozone.scm.service.ids to find serviceID for StorageContainerManager if it is HA enabled cluster
2024-03-04 12:58:00,305 [main] WARN  utils.HAUtils (HAUtils.java:getMetaDir(339)) - ozone.scm.db.dirs is not configured. We recommend adding this setting. Falling back to ozone.metadata.dirs instead.
2024-03-04 12:58:00,306 [main] WARN  db.DBStoreBuilder (DBStoreBuilder.java:applyDBDefinition(171)) - ozone.scm.db.dirs is not configured. We recommend adding this setting. Falling back to ozone.metadata.dirs instead.
2024-03-04 12:58:00,390 [main] INFO  net.NodeSchemaLoader (NodeSchemaLoader.java:loadSchemaFromFile(129)) - Loading schema from [jar:file:/home/runner/.m2/repository/org/apache/ozone/hdds-common/1.5.0-SNAPSHOT/hdds-common-1.5.0-SNAPSHOT.jar!/network-topology-default.xml]
2024-03-04 12:58:00,391 [main] INFO  net.NodeSchemaLoader (NodeSchemaLoader.java:loadSchema(176)) - Loading network topology layer schema file
2024-03-04 12:58:00,393 [main] INFO  upgrade.AbstractLayoutVersionManager (AbstractLayoutVersionManager.java:init(83)) - Initializing Layout version manager with metadata layout = HADOOP_PRC_PORTS_IN_DATANODEDETAILS (version = 7), software layout = HADOOP_PRC_PORTS_IN_DATANODEDETAILS (version = 7)
2024-03-04 12:58:00,395 [main] INFO  ha.SequenceIdGenerator (SequenceIdGenerator.java:upgradeToSequenceId(370)) - upgrade localId to 113750153625600000
2024-03-04 12:58:00,396 [main] INFO  ha.SequenceIdGenerator (SequenceIdGenerator.java:upgradeToSequenceId(380)) - upgrade delTxnId to 0
2024-03-04 12:58:00,396 [main] INFO  ha.SequenceIdGenerator (SequenceIdGenerator.java:upgradeToSequenceId(397)) - upgrade containerId to 0
2024-03-04 12:58:00,397 [main] INFO  ha.SequenceIdGenerator (SequenceIdGenerator.java:upgradeToCertificateSequenceId(444)) - upgrade CertificateId to 2
2024-03-04 12:58:00,397 [main] INFO  ha.SequenceIdGenerator (SequenceIdGenerator.java:<init>(241)) - Init the HA SequenceIdGenerator.
2024-03-04 12:58:00,398 [main] WARN  server.ServerUtils (ServerUtils.java:sanitizeUserArgs(79)) - ozone.scm.stale.node.interval value = 300000 is larger than max = 100000 based on the key value of ozone.scm.heartbeat.thread.interval, reset to the max value 100000.
2024-03-04 12:58:00,398 [main] WARN  server.ServerUtils (ServerUtils.java:sanitizeUserArgs(79)) - ozone.scm.stale.node.interval value = 300000 is larger than max = 100000 based on the key value of ozone.scm.heartbeat.thread.interval, reset to the max value 100000.
2024-03-04 12:58:00,398 [main] INFO  node.SCMNodeManager (SCMNodeManager.java:<init>(177)) - Entering startup safe mode.
2024-03-04 12:58:00,398 [main] INFO  algorithms.ContainerPlacementPolicyFactory (ContainerPlacementPolicyFactory.java:getPolicyInternal(86)) - Create container placement policy of type org.apache.hadoop.hdds.scm.container.placement.algorithms.SCMContainerPlacementRackAware
2024-03-04 12:58:00,399 [main] INFO  algorithms.ContainerPlacementPolicyFactory (ContainerPlacementPolicyFactory.java:getPolicyInternal(86)) - Create container placement policy of type org.apache.hadoop.hdds.scm.container.placement.algorithms.SCMContainerPlacementRackScatter
2024-03-04 12:58:00,399 [main] INFO  pipeline.PipelineStateManagerImpl (PipelineStateManagerImpl.java:initialize(78)) - No pipeline exists in current db
2024-03-04 12:58:00,399 [main] INFO  algorithms.LeaderChoosePolicyFactory (LeaderChoosePolicyFactory.java:getPolicy(57)) - Create leader choose policy of type org.apache.hadoop.hdds.scm.pipeline.leader.choose.algorithms.MinLeaderCountChoosePolicy
2024-03-04 12:58:00,399 [main] INFO  algorithms.ContainerPlacementPolicyFactory (ContainerPlacementPolicyFactory.java:getPolicyInternal(86)) - Create container placement policy of type org.apache.hadoop.hdds.scm.container.placement.algorithms.SCMContainerPlacementRackScatter
2024-03-04 12:58:00,399 [main] INFO  ha.SCMServiceManager (SCMServiceManager.java:register(42)) - Registering service BackgroundPipelineCreator.
2024-03-04 12:58:00,399 [main] INFO  pipeline.BackgroundPipelineCreator (BackgroundPipelineCreator.java:start(127)) - Starting RatisPipelineUtilsThread.
2024-03-04 12:58:00,400 [main] INFO  BackgroundPipelineScrubber (BackgroundSCMService.java:start(65)) - Starting BackgroundPipelineScrubber Service.
2024-03-04 12:58:00,400 [main] INFO  ha.SCMServiceManager (SCMServiceManager.java:register(42)) - Registering service BackgroundPipelineScrubber.
2024-03-04 12:58:00,400 [main] INFO  ExpiredContainerReplicaOpScrubber (BackgroundSCMService.java:start(65)) - Starting ExpiredContainerReplicaOpScrubber Service.
2024-03-04 12:58:00,400 [main] INFO  ha.SCMServiceManager (SCMServiceManager.java:register(42)) - Registering service ExpiredContainerReplicaOpScrubber.
2024-03-04 12:58:00,401 [main] INFO  algorithms.PipelineChoosePolicyFactory (PipelineChoosePolicyFactory.java:createPipelineChoosePolicyFromClass(80)) - Create pipeline choose policy of type org.apache.hadoop.hdds.scm.pipeline.choose.algorithms.RandomPipelineChoosePolicy
2024-03-04 12:58:00,401 [main] INFO  algorithms.PipelineChoosePolicyFactory (PipelineChoosePolicyFactory.java:createPipelineChoosePolicyFromClass(80)) - Create pipeline choose policy of type org.apache.hadoop.hdds.scm.pipeline.choose.algorithms.RandomPipelineChoosePolicy
2024-03-04 12:58:00,401 [main] INFO  ha.SCMServiceManager (SCMServiceManager.java:register(42)) - Registering service SCMBlockDeletingService.
2024-03-04 12:58:00,402 [main] INFO  replication.ReplicationManager (ReplicationManager.java:start(295)) - Starting Replication Monitor Thread.
2024-03-04 12:58:00,403 [ReplicationMonitor] INFO  replication.ReplicationManager (ReplicationManager.java:processAll(371)) - Replication Manager is not ready to run until 3000ms after safemode exit
2024-03-04 12:58:00,403 [main] INFO  ha.SCMServiceManager (SCMServiceManager.java:register(42)) - Registering service ReplicationManager.
2024-03-04 12:58:00,403 [main] INFO  safemode.ContainerSafeModeRule (ContainerSafeModeRule.java:<init>(91)) - containers with one replica threshold count 0
2024-03-04 12:58:00,404 [main] INFO  safemode.HealthyPipelineSafeModeRule (HealthyPipelineSafeModeRule.java:initializeRule(176)) - Total pipeline count is 0, healthy pipeline threshold count is 1
2024-03-04 12:58:00,404 [main] INFO  safemode.OneReplicaPipelineSafeModeRule (OneReplicaPipelineSafeModeRule.java:initializeRule(193)) - Total pipeline count is 0, pipeline's with at least one datanode reported threshold count is 0
2024-03-04 12:58:00,404 [main] INFO  server.StorageContainerManager (StorageContainerManager.java:<init>(440)) - SCM start with adminUsers: [*, runner]
2024-03-04 12:58:00,404 [main] INFO  ipc.CallQueueManager (CallQueueManager.java:<init>(90)) - Using callQueue: class java.util.concurrent.LinkedBlockingQueue, queueCapacity: 10000, scheduler: class org.apache.hadoop.ipc.DefaultRpcScheduler, ipcBackoff: false.
2024-03-04 12:58:00,404 [main] INFO  ipc.Server (Server.java:<init>(1287)) - Listener at 0.0.0.0:15131
2024-03-04 12:58:00,405 [Socket Reader #1 for port 15131] INFO  ipc.Server (Server.java:run(1323)) - Starting Socket Reader #1 for port 15131
2024-03-04 12:58:00,405 [main] INFO  ipc.CallQueueManager (CallQueueManager.java:<init>(90)) - Using callQueue: class java.util.concurrent.LinkedBlockingQueue, queueCapacity: 10000, scheduler: class org.apache.hadoop.ipc.DefaultRpcScheduler, ipcBackoff: false.
2024-03-04 12:58:00,406 [main] INFO  ipc.Server (Server.java:<init>(1287)) - Listener at 0.0.0.0:15130
2024-03-04 12:58:00,406 [Socket Reader #1 for port 15130] INFO  ipc.Server (Server.java:run(1323)) - Starting Socket Reader #1 for port 15130
2024-03-04 12:58:00,407 [main] INFO  ipc.CallQueueManager (CallQueueManager.java:<init>(90)) - Using callQueue: class java.util.concurrent.LinkedBlockingQueue, queueCapacity: 10000, scheduler: class org.apache.hadoop.ipc.DefaultRpcScheduler, ipcBackoff: false.
2024-03-04 12:58:00,407 [main] INFO  ipc.Server (Server.java:<init>(1287)) - Listener at 0.0.0.0:15129
2024-03-04 12:58:00,407 [Socket Reader #1 for port 15129] INFO  ipc.Server (Server.java:run(1323)) - Starting Socket Reader #1 for port 15129
2024-03-04 12:58:00,410 [main] INFO  ha.SCMServiceManager (SCMServiceManager.java:register(42)) - Registering service ContainerBalancer.
2024-03-04 12:58:00,410 [main] INFO  ha.SCMContext (SCMContext.java:updateSafeModeStatus(225)) - Update SafeModeStatus from SafeModeStatus{safeModeStatus=true, preCheckPassed=false} to SafeModeStatus{safeModeStatus=true, preCheckPassed=false}.
2024-03-04 12:58:00,410 [main] INFO  server.StorageContainerManager (StorageContainerManager.java:start(1545)) - StorageContainerLocationProtocol RPC server is listening at /0.0.0.0:15129
2024-03-04 12:58:00,411 [main] WARN  impl.MetricsConfig (MetricsConfig.java:loadFirst(136)) - Cannot locate configuration: tried hadoop-metrics2-storagecontainermanager.properties,hadoop-metrics2.properties
2024-03-04 12:58:00,411 [main] INFO  impl.MetricsSystemImpl (MetricsSystemImpl.java:startTimer(378)) - Scheduled Metric snapshot period at 10 second(s).
2024-03-04 12:58:00,412 [main] INFO  impl.MetricsSystemImpl (MetricsSystemImpl.java:start(191)) - StorageContainerManager metrics system started
2024-03-04 12:58:00,423 [main] INFO  impl.MetricsSinkAdapter (MetricsSinkAdapter.java:start(204)) - Sink prometheus started
2024-03-04 12:58:00,423 [main] INFO  impl.MetricsSystemImpl (MetricsSystemImpl.java:registerSink(305)) - Registered sink prometheus
2024-03-04 12:58:00,434 [main] INFO  server.SCMClientProtocolServer (SCMClientProtocolServer.java:start(204)) - RPC server for Client  is listening at /0.0.0.0:15129
2024-03-04 12:58:00,435 [IPC Server Responder] INFO  ipc.Server (Server.java:run(1562)) - IPC Server Responder: starting
2024-03-04 12:58:00,435 [IPC Server listener on 15129] INFO  ipc.Server (Server.java:run(1402)) - IPC Server listener on 15129: starting
2024-03-04 12:58:00,441 [main] INFO  server.StorageContainerManager (StorageContainerManager.java:start(1558)) - ScmBlockLocationProtocol RPC server is listening at /0.0.0.0:15130
2024-03-04 12:58:00,441 [main] INFO  server.SCMBlockProtocolServer (SCMBlockProtocolServer.java:start(160)) - RPC server for Block Protocol is listening at /0.0.0.0:15130
2024-03-04 12:58:00,441 [IPC Server Responder] INFO  ipc.Server (Server.java:run(1562)) - IPC Server Responder: starting
2024-03-04 12:58:00,441 [IPC Server listener on 15130] INFO  ipc.Server (Server.java:run(1402)) - IPC Server listener on 15130: starting
2024-03-04 12:58:00,450 [main] INFO  server.SCMDatanodeProtocolServer (SCMDatanodeProtocolServer.java:start(194)) - ScmDatanodeProtocol RPC server for DataNodes is listening at /0.0.0.0:15131
2024-03-04 12:58:00,451 [IPC Server Responder] INFO  ipc.Server (Server.java:run(1562)) - IPC Server Responder: starting
2024-03-04 12:58:00,451 [IPC Server listener on 15131] INFO  ipc.Server (Server.java:run(1402)) - IPC Server listener on 15131: starting
2024-03-04 12:58:00,459 [JvmPauseMonitor39] INFO  util.JvmPauseMonitor (JvmPauseMonitor.java:run(146)) - JvmPauseMonitor-166071f8-150b-43fb-82fa-b378f855f320: Started
2024-03-04 12:58:00,459 [main] INFO  http.BaseHttpServer (BaseHttpServer.java:newHttpServer2BuilderForOzone(223)) - Starting Web-server for scm at: http://0.0.0.0:15132
2024-03-04 12:58:00,459 [main] INFO  http.BaseHttpServer (BaseHttpServer.java:<init>(110)) - Hadoop Security Enabled: false Ozone Security Enabled: false Ozone HTTP Security Enabled: false 
2024-03-04 12:58:00,460 [main] WARN  server.AuthenticationFilter (AuthenticationFilter.java:constructSecretProvider(240)) - Unable to initialize FileSignerSecretProvider, falling back to use random secrets. Reason: Could not read signature secret file: /home/runner/hadoop-http-auth-signature-secret
2024-03-04 12:58:00,460 [main] INFO  http.HttpRequestLog (HttpRequestLog.java:getRequestLog(86)) - Http request log for http.requests.scm is not defined
2024-03-04 12:58:00,461 [main] INFO  http.HttpServer2 (HttpServer2.java:addGlobalFilter(1036)) - Added global filter 'safety' (class=org.apache.hadoop.hdds.server.http.HttpServer2$QuotingInputFilter)
2024-03-04 12:58:00,461 [main] INFO  http.HttpServer2 (HttpServer2.java:addFilter(1012)) - Added filter static_user_filter (class=org.apache.hadoop.http.lib.StaticUserWebFilter$StaticUserFilter) to context scm
2024-03-04 12:58:00,462 [main] INFO  http.HttpServer2 (HttpServer2.java:addFilter(1020)) - Added filter static_user_filter (class=org.apache.hadoop.http.lib.StaticUserWebFilter$StaticUserFilter) to context static
2024-03-04 12:58:00,462 [main] INFO  http.HttpServer2 (HttpServer2.java:addFilter(1020)) - Added filter static_user_filter (class=org.apache.hadoop.http.lib.StaticUserWebFilter$StaticUserFilter) to context logs
2024-03-04 12:58:00,462 [main] INFO  http.BaseHttpServer (BaseHttpServer.java:<init>(189)) - HTTP server of scm uses base directory /home/runner/work/ozone/ozone/hadoop-ozone/integration-test/target/test-dir/MiniOzoneClusterImpl-d5abb160-17eb-4229-abdc-d3875330a01a/ozone-meta/webserver
2024-03-04 12:58:00,462 [main] INFO  http.HttpServer2 (HttpServer2.java:bindListener(1236)) - Jetty bound to port 15132
2024-03-04 12:58:00,462 [main] INFO  server.Server (Server.java:doStart(375)) - jetty-9.4.53.v20231009; built: 2023-10-09T12:29:09.265Z; git: 27bde00a0b95a1d5bbee0eae7984f891d2d0f8c9; jvm 1.8.0_402-b06
2024-03-04 12:58:00,465 [main] INFO  server.session (DefaultSessionIdManager.java:doStart(334)) - DefaultSessionIdManager workerName=node0
2024-03-04 12:58:00,465 [main] INFO  server.session (DefaultSessionIdManager.java:doStart(339)) - No SessionScavenger set, using defaults
2024-03-04 12:58:00,465 [main] INFO  server.session (HouseKeeper.java:startScavenging(132)) - node0 Scavenging every 600000ms
2024-03-04 12:58:00,466 [main] INFO  handler.ContextHandler (ContextHandler.java:doStart(921)) - Started o.e.j.s.ServletContextHandler@41f8ddc1{logs,/logs,file:///home/runner/work/ozone/ozone/hadoop-ozone/integration-test/target/log,AVAILABLE}
2024-03-04 12:58:00,466 [main] INFO  handler.ContextHandler (ContextHandler.java:doStart(921)) - Started o.e.j.s.ServletContextHandler@27ce4926{static,/static,file:///home/runner/work/ozone/ozone/hadoop-ozone/integration-test/target/test-classes/webapps/static,AVAILABLE}
2024-03-04 12:58:00,467 [main] INFO  handler.ContextHandler (ContextHandler.java:doStart(921)) - Started o.e.j.w.WebAppContext@51fe7abb{scm,/,file:///home/runner/work/ozone/ozone/hadoop-ozone/integration-test/target/test-classes/webapps/scm/,AVAILABLE}{file:/home/runner/work/ozone/ozone/hadoop-ozone/integration-test/target/test-classes/webapps/scm}
2024-03-04 12:58:00,468 [main] INFO  server.AbstractConnector (AbstractConnector.java:doStart(333)) - Started ServerConnector@25077616{HTTP/1.1, (http/1.1)}{0.0.0.0:15132}
2024-03-04 12:58:00,469 [main] INFO  server.Server (Server.java:doStart(415)) - Started @376052ms
2024-03-04 12:58:00,469 [main] WARN  impl.MetricsSystemImpl (MetricsSystemImpl.java:register(279)) - Sink prometheus already exists!
2024-03-04 12:58:00,469 [main] INFO  http.BaseHttpServer (BaseHttpServer.java:updateConnectorAddress(354)) - HTTP server of scm listening at http://0.0.0.0:15132
2024-03-04 12:58:00,470 [main] INFO  ha.OMHANodeDetails (OMHANodeDetails.java:loadOMHAConfig(121)) - ServiceID for OzoneManager is om-service-test1
2024-03-04 12:58:00,470 [main] INFO  ha.OMHANodeDetails (OMHANodeDetails.java:loadOMHAConfig(201)) - Found matching OM address with OMServiceId: om-service-test1, OMNodeId: omNode-1, RPC Address: localhost:15133 and Ratis port: 15136
2024-03-04 12:58:00,471 [main] INFO  ha.OMHANodeDetails (ConfUtils.java:setNodeSpecificConfigs(97)) - Setting configuration key ozone.om.http-address with value of key ozone.om.http-address.om-service-test1.omNode-1: 127.0.0.1:15134
2024-03-04 12:58:00,471 [main] INFO  ha.OMHANodeDetails (ConfUtils.java:setNodeSpecificConfigs(97)) - Setting configuration key ozone.om.https-address with value of key ozone.om.https-address.om-service-test1.omNode-1: 127.0.0.1:15135
2024-03-04 12:58:00,471 [main] INFO  ha.OMHANodeDetails (ConfUtils.java:setNodeSpecificConfigs(97)) - Setting configuration key ozone.om.address with value of key ozone.om.address.om-service-test1.omNode-1: 127.0.0.1:15133
2024-03-04 12:58:00,471 [main] WARN  server.ServerUtils (ServerUtils.java:getDBPath(299)) - ozone.om.db.dirs is not configured. We recommend adding this setting. Falling back to ozone.metadata.dirs instead.
2024-03-04 12:58:00,472 [main] INFO  proxy.SCMBlockLocationFailoverProxyProvider (SCMBlockLocationFailoverProxyProvider.java:<init>(115)) - Created block location fail-over proxy with 1 nodes: [nodeId=scmNodeId,nodeAddress=/0.0.0.0:15130]
OM initialization succeeded.Current cluster id for sd=/home/runner/work/ozone/ozone/hadoop-ozone/integration-test/target/test-dir/MiniOzoneClusterImpl-d5abb160-17eb-4229-abdc-d3875330a01a/omNode-1/om;cid=d5abb160-17eb-4229-abdc-d3875330a01a;layoutVersion=6
2024-03-04 12:58:00,477 [main] INFO  ha.OMHANodeDetails (OMHANodeDetails.java:loadOMHAConfig(121)) - ServiceID for OzoneManager is om-service-test1
2024-03-04 12:58:00,477 [main] INFO  ha.OMHANodeDetails (OMHANodeDetails.java:loadOMHAConfig(201)) - Found matching OM address with OMServiceId: om-service-test1, OMNodeId: omNode-1, RPC Address: localhost:15133 and Ratis port: 15136
2024-03-04 12:58:00,478 [main] INFO  ha.OMHANodeDetails (ConfUtils.java:setNodeSpecificConfigs(97)) - Setting configuration key ozone.om.http-address with value of key ozone.om.http-address.om-service-test1.omNode-1: 127.0.0.1:15134
2024-03-04 12:58:00,478 [main] INFO  ha.OMHANodeDetails (ConfUtils.java:setNodeSpecificConfigs(97)) - Setting configuration key ozone.om.https-address with value of key ozone.om.https-address.om-service-test1.omNode-1: 127.0.0.1:15135
2024-03-04 12:58:00,478 [main] INFO  ha.OMHANodeDetails (ConfUtils.java:setNodeSpecificConfigs(97)) - Setting configuration key ozone.om.address with value of key ozone.om.address.om-service-test1.omNode-1: 127.0.0.1:15133
2024-03-04 12:58:00,478 [main] WARN  server.ServerUtils (ServerUtils.java:getDBPath(299)) - ozone.om.db.dirs is not configured. We recommend adding this setting. Falling back to ozone.metadata.dirs instead.
2024-03-04 12:58:00,478 [main] INFO  upgrade.AbstractLayoutVersionManager (AbstractLayoutVersionManager.java:init(83)) - Initializing Layout version manager with metadata layout = QUOTA (version = 6), software layout = QUOTA (version = 6)
2024-03-04 12:58:00,519 [main] INFO  upgrade.OMLayoutVersionManager (OMLayoutVersionManager.java:lambda$0(113)) - Skipping Upgrade Action QuotaRepairUpgradeAction since it has been finalized.
2024-03-04 12:58:00,520 [main] INFO  upgrade.OMLayoutVersionManager (OMLayoutVersionManager.java:lambda$0(113)) - Skipping Upgrade Action MockOmUpgradeAction since it has been finalized.
2024-03-04 12:58:00,520 [main] WARN  server.ServerUtils (ServerUtils.java:getDBPath(299)) - ozone.om.db.dirs is not configured. We recommend adding this setting. Falling back to ozone.metadata.dirs instead.
2024-03-04 12:58:00,520 [main] INFO  proxy.SCMBlockLocationFailoverProxyProvider (SCMBlockLocationFailoverProxyProvider.java:<init>(115)) - Created block location fail-over proxy with 1 nodes: [nodeId=scmNodeId,nodeAddress=/0.0.0.0:15130]
2024-03-04 12:58:00,521 [main] INFO  proxy.SCMBlockLocationFailoverProxyProvider (SCMBlockLocationFailoverProxyProvider.java:<init>(115)) - Created block location fail-over proxy with 1 nodes: [nodeId=scmNodeId,nodeAddress=/0.0.0.0:15130]
2024-03-04 12:58:00,526 [main] INFO  om.OzoneManager (OzoneManager.java:<init>(672)) - OM start with adminUsers: [*, runner]
2024-03-04 12:58:00,526 [main] WARN  server.ServerUtils (ServerUtils.java:getDBPath(299)) - ozone.om.db.dirs is not configured. We recommend adding this setting. Falling back to ozone.metadata.dirs instead.
2024-03-04 12:58:00,527 [main] INFO  helpers.OmKeyInfo (OmKeyInfo.java:getCodec(71)) - OmKeyInfo.getCodec ignorePipeline = true
2024-03-04 12:58:00,656 [main] INFO  om.OzoneManager (OzoneManager.java:instantiateServices(804)) - S3 Multi-Tenancy is disabled
2024-03-04 12:58:00,656 [main] INFO  om.OmSnapshotManager (OmSnapshotManager.java:<init>(177)) - Ozone filesystem snapshot feature is enabled.
2024-03-04 12:58:00,657 [main] WARN  server.ServerUtils (ServerUtils.java:getDBPath(299)) - ozone.om.snapshot.diff.db.dir is not configured. We recommend adding this setting. Falling back to ozone.metadata.dirs instead.
2024-03-04 12:58:00,669 [main] INFO  utils.NativeLibraryLoader (NativeLibraryLoader.java:loadLibrary(108)) - Loading Library: ozone_rocksdb_tools
2024-03-04 12:58:00,670 [main] ERROR snapshot.SnapshotDiffManager (SnapshotDiffManager.java:initNativeLibraryForEfficientDiff(287)) - Native Library for raw sst file reading loading failed.
org.apache.hadoop.hdds.utils.NativeLibraryNotLoadedException: Unable to load library ozone_rocksdb_tools from both java.library.path & resource file libozone_rocksdb_tools.so from jar.
	at org.apache.hadoop.hdds.utils.db.managed.ManagedRawSSTFileReader.loadLibrary(ManagedRawSSTFileReader.java:38)
	at org.apache.hadoop.ozone.om.snapshot.SnapshotDiffManager.initNativeLibraryForEfficientDiff(SnapshotDiffManager.java:285)
	at org.apache.hadoop.ozone.om.snapshot.SnapshotDiffManager.<init>(SnapshotDiffManager.java:259)
	at org.apache.hadoop.ozone.om.OmSnapshotManager.<init>(OmSnapshotManager.java:279)
	at org.apache.hadoop.ozone.om.OzoneManager.instantiateServices(OzoneManager.java:856)
	at org.apache.hadoop.ozone.om.OzoneManager.<init>(OzoneManager.java:682)
	at org.apache.hadoop.ozone.om.OzoneManager.createOm(OzoneManager.java:767)
	at org.apache.hadoop.ozone.MiniOzoneHAClusterImpl$Builder.createOMService(MiniOzoneHAClusterImpl.java:509)
	at org.apache.hadoop.ozone.MiniOzoneHAClusterImpl$Builder.build(MiniOzoneHAClusterImpl.java:425)
	at org.apache.hadoop.ozone.om.TestOzoneManagerHA.init(TestOzoneManagerHA.java:179)
	at sun.reflect.NativeMethodAccessorImpl.invoke0(Native Method)
	at sun.reflect.NativeMethodAccessorImpl.invoke(NativeMethodAccessorImpl.java:62)
	at sun.reflect.DelegatingMethodAccessorImpl.invoke(DelegatingMethodAccessorImpl.java:43)
	at java.lang.reflect.Method.invoke(Method.java:498)
	at org.junit.platform.commons.util.ReflectionUtils.invokeMethod(ReflectionUtils.java:728)
	at org.junit.jupiter.engine.execution.MethodInvocation.proceed(MethodInvocation.java:60)
	at org.junit.jupiter.engine.execution.InvocationInterceptorChain$ValidatingInvocation.proceed(InvocationInterceptorChain.java:131)
	at org.junit.jupiter.engine.extension.TimeoutExtension.intercept(TimeoutExtension.java:156)
	at org.junit.jupiter.engine.extension.TimeoutExtension.interceptLifecycleMethod(TimeoutExtension.java:128)
	at org.junit.jupiter.engine.extension.TimeoutExtension.interceptBeforeAllMethod(TimeoutExtension.java:70)
	at org.junit.jupiter.engine.execution.InterceptingExecutableInvoker$ReflectiveInterceptorCall.lambda$ofVoidMethod$0(InterceptingExecutableInvoker.java:103)
	at org.junit.jupiter.engine.execution.InterceptingExecutableInvoker.lambda$invoke$0(InterceptingExecutableInvoker.java:93)
	at org.junit.jupiter.engine.execution.InvocationInterceptorChain$InterceptedInvocation.proceed(InvocationInterceptorChain.java:106)
	at org.junit.jupiter.engine.execution.InvocationInterceptorChain.proceed(InvocationInterceptorChain.java:64)
	at org.junit.jupiter.engine.execution.InvocationInterceptorChain.chainAndInvoke(InvocationInterceptorChain.java:45)
	at org.junit.jupiter.engine.execution.InvocationInterceptorChain.invoke(InvocationInterceptorChain.java:37)
	at org.junit.jupiter.engine.execution.InterceptingExecutableInvoker.invoke(InterceptingExecutableInvoker.java:92)
	at org.junit.jupiter.engine.execution.InterceptingExecutableInvoker.invoke(InterceptingExecutableInvoker.java:86)
	at org.junit.jupiter.engine.descriptor.ClassBasedTestDescriptor.lambda$invokeBeforeAllMethods$13(ClassBasedTestDescriptor.java:412)
	at org.junit.platform.engine.support.hierarchical.ThrowableCollector.execute(ThrowableCollector.java:73)
	at org.junit.jupiter.engine.descriptor.ClassBasedTestDescriptor.invokeBeforeAllMethods(ClassBasedTestDescriptor.java:410)
	at org.junit.jupiter.engine.descriptor.ClassBasedTestDescriptor.before(ClassBasedTestDescriptor.java:216)
	at org.junit.jupiter.engine.descriptor.ClassBasedTestDescriptor.before(ClassBasedTestDescriptor.java:85)
	at org.junit.platform.engine.support.hierarchical.NodeTestTask.lambda$executeRecursively$6(NodeTestTask.java:148)
	at org.junit.platform.engine.support.hierarchical.ThrowableCollector.execute(ThrowableCollector.java:73)
	at org.junit.platform.engine.support.hierarchical.NodeTestTask.lambda$executeRecursively$8(NodeTestTask.java:141)
	at org.junit.platform.engine.support.hierarchical.Node.around(Node.java:137)
	at org.junit.platform.engine.support.hierarchical.NodeTestTask.lambda$executeRecursively$9(NodeTestTask.java:139)
	at org.junit.platform.engine.support.hierarchical.ThrowableCollector.execute(ThrowableCollector.java:73)
	at org.junit.platform.engine.support.hierarchical.NodeTestTask.executeRecursively(NodeTestTask.java:138)
	at org.junit.platform.engine.support.hierarchical.NodeTestTask.execute(NodeTestTask.java:95)
	at java.util.ArrayList.forEach(ArrayList.java:1259)
	at org.junit.platform.engine.support.hierarchical.SameThreadHierarchicalTestExecutorService.invokeAll(SameThreadHierarchicalTestExecutorService.java:41)
	at org.junit.platform.engine.support.hierarchical.NodeTestTask.lambda$executeRecursively$6(NodeTestTask.java:155)
	at org.junit.platform.engine.support.hierarchical.ThrowableCollector.execute(ThrowableCollector.java:73)
	at org.junit.platform.engine.support.hierarchical.NodeTestTask.lambda$executeRecursively$8(NodeTestTask.java:141)
	at org.junit.platform.engine.support.hierarchical.Node.around(Node.java:137)
	at org.junit.platform.engine.support.hierarchical.NodeTestTask.lambda$executeRecursively$9(NodeTestTask.java:139)
	at org.junit.platform.engine.support.hierarchical.ThrowableCollector.execute(ThrowableCollector.java:73)
	at org.junit.platform.engine.support.hierarchical.NodeTestTask.executeRecursively(NodeTestTask.java:138)
	at org.junit.platform.engine.support.hierarchical.NodeTestTask.execute(NodeTestTask.java:95)
	at org.junit.platform.engine.support.hierarchical.SameThreadHierarchicalTestExecutorService.submit(SameThreadHierarchicalTestExecutorService.java:35)
	at org.junit.platform.engine.support.hierarchical.HierarchicalTestExecutor.execute(HierarchicalTestExecutor.java:57)
	at org.junit.platform.engine.support.hierarchical.HierarchicalTestEngine.execute(HierarchicalTestEngine.java:54)
	at org.junit.platform.launcher.core.EngineExecutionOrchestrator.execute(EngineExecutionOrchestrator.java:198)
	at org.junit.platform.launcher.core.EngineExecutionOrchestrator.execute(EngineExecutionOrchestrator.java:169)
	at org.junit.platform.launcher.core.EngineExecutionOrchestrator.execute(EngineExecutionOrchestrator.java:93)
	at org.junit.platform.launcher.core.EngineExecutionOrchestrator.lambda$execute$0(EngineExecutionOrchestrator.java:58)
	at org.junit.platform.launcher.core.EngineExecutionOrchestrator.withInterceptedStreams(EngineExecutionOrchestrator.java:141)
	at org.junit.platform.launcher.core.EngineExecutionOrchestrator.execute(EngineExecutionOrchestrator.java:57)
	at org.junit.platform.launcher.core.DefaultLauncher.execute(DefaultLauncher.java:103)
	at org.junit.platform.launcher.core.DefaultLauncher.execute(DefaultLauncher.java:85)
	at org.junit.platform.launcher.core.DelegatingLauncher.execute(DelegatingLauncher.java:47)
	at org.junit.platform.launcher.core.SessionPerRequestLauncher.execute(SessionPerRequestLauncher.java:63)
	at org.apache.maven.surefire.junitplatform.JUnitPlatformProvider.invokeAllTests(JUnitPlatformProvider.java:165)
	at org.apache.maven.surefire.junitplatform.JUnitPlatformProvider.invoke(JUnitPlatformProvider.java:124)
	at org.apache.maven.surefire.booter.ForkedBooter.runSuitesInProcess(ForkedBooter.java:428)
	at org.apache.maven.surefire.booter.ForkedBooter.execute(ForkedBooter.java:162)
	at org.apache.maven.surefire.booter.ForkedBooter.run(ForkedBooter.java:562)
	at org.apache.maven.surefire.booter.ForkedBooter.main(ForkedBooter.java:548)
2024-03-04 12:58:00,686 [main] INFO  om.OzoneManager (OzoneManager.java:addS3GVolumeToDB(4426)) - Created Volume s3v With Owner runner required for S3Gateway operations.
2024-03-04 12:58:00,686 [main] WARN  server.ServerUtils (ServerUtils.java:getDefaultRatisDirectory(311)) - Storage directory for Ratis is not configured. It is a good idea to map this to an SSD disk. Falling back to ozone.metadata.dirs
2024-03-04 12:58:00,686 [main] WARN  utils.OzoneManagerRatisUtils (OzoneManagerRatisUtils.java:getOMRatisSnapshotDirectory(476)) - ozone.om.ratis.snapshot.dir is not configured. Falling back to ozone.metadata.dirs config
2024-03-04 12:58:00,686 [main] INFO  utils.RDBSnapshotProvider (RDBSnapshotProvider.java:init(87)) - Cleaning up the candidate dir: /home/runner/work/ozone/ozone/hadoop-ozone/integration-test/target/test-dir/MiniOzoneClusterImpl-d5abb160-17eb-4229-abdc-d3875330a01a/omNode-1/snapshot/om.db.candidate
2024-03-04 12:58:00,687 [main] INFO  ratis_snapshot.OmRatisSnapshotProvider (OmRatisSnapshotProvider.java:<init>(99)) - Initializing OM Snapshot Provider
2024-03-04 12:58:00,688 [main] WARN  server.ServerUtils (ServerUtils.java:getDefaultRatisDirectory(311)) - Storage directory for Ratis is not configured. It is a good idea to map this to an SSD disk. Falling back to ozone.metadata.dirs
2024-03-04 12:58:00,688 [main] INFO  ratis.OzoneManagerRatisServer (OzoneManagerRatisServer.java:<init>(167)) - Instantiating OM Ratis server with groupID: om-service-test1 and peers: localhost:15136, localhost:15144, localhost:15140
2024-03-04 12:58:00,689 [main] INFO  ratis.OzoneManagerStateMachine (OzoneManagerStateMachine.java:loadSnapshotInfoFromDB(575)) - TransactionInfo not found in OM DB.
2024-03-04 12:58:00,689 [main] INFO  server.RaftServer (ConfUtils.java:logGet(46)) - raft.rpc.type = GRPC (default)
2024-03-04 12:58:00,689 [main] INFO  grpc.GrpcConfigKeys (ConfUtils.java:logFallback(53)) - raft.grpc.admin.host = null (fallback to raft.grpc.server.host)
2024-03-04 12:58:00,690 [main] INFO  grpc.GrpcConfigKeys (ConfUtils.java:logFallback(53)) - raft.grpc.admin.port = 15136 (fallback to raft.grpc.server.port)
2024-03-04 12:58:00,690 [main] INFO  grpc.GrpcConfigKeys (ConfUtils.java:logFallback(53)) - raft.grpc.client.host = null (fallback to raft.grpc.server.host)
2024-03-04 12:58:00,690 [main] INFO  grpc.GrpcConfigKeys (ConfUtils.java:logFallback(53)) - raft.grpc.client.port = 15136 (fallback to raft.grpc.server.port)
2024-03-04 12:58:00,690 [main] INFO  grpc.GrpcConfigKeys (ConfUtils.java:logGet(46)) - raft.grpc.server.host = null (default)
2024-03-04 12:58:00,690 [main] INFO  grpc.GrpcConfigKeys (ConfUtils.java:logGet(46)) - raft.grpc.server.port = 15136 (custom)
2024-03-04 12:58:00,690 [main] INFO  server.GrpcService (ConfUtils.java:logGet(46)) - raft.grpc.message.size.max = 4194304 (custom)
2024-03-04 12:58:00,690 [main] INFO  server.RaftServerConfigKeys (ConfUtils.java:logGet(46)) - raft.server.log.appender.buffer.byte-limit = 4194304 (custom)
2024-03-04 12:58:00,690 [main] INFO  server.GrpcService (ConfUtils.java:logGet(46)) - raft.grpc.flow.control.window = 1MB (=1048576) (default)
2024-03-04 12:58:00,691 [main] INFO  server.RaftServerConfigKeys (ConfUtils.java:logGet(46)) - raft.server.rpc.request.timeout = 3000ms (default)
2024-03-04 12:58:00,691 [main] INFO  grpc.GrpcConfigKeys (ConfUtils.java:logGet(46)) - raft.grpc.server.heartbeat.channel = true (default)
2024-03-04 12:58:00,691 [main] INFO  grpc.GrpcConfigKeys (ConfUtils.java:logGet(46)) - raft.grpc.server.async.request.thread.pool.cached = true (default)
2024-03-04 12:58:00,691 [main] INFO  grpc.GrpcConfigKeys (ConfUtils.java:logGet(46)) - raft.grpc.server.async.request.thread.pool.size = 32 (default)
2024-03-04 12:58:00,692 [main] INFO  impl.DataStreamServerImpl (ConfUtils.java:logGet(46)) - raft.datastream.type = DISABLED (default)
2024-03-04 12:58:00,692 [main] INFO  server.RaftServerConfigKeys (ConfUtils.java:logGet(46)) - raft.server.sleep.deviation.threshold = 300ms (default)
2024-03-04 12:58:00,692 [main] INFO  server.RaftServerConfigKeys (ConfUtils.java:logGet(46)) - raft.server.close.threshold = 60s (default)
2024-03-04 12:58:00,692 [main] INFO  server.RaftServerConfigKeys (ConfUtils.java:logGet(46)) - raft.server.leaderelection.leader.step-down.wait-time = 10s (default)
2024-03-04 12:58:00,693 [main] INFO  server.RaftServerConfigKeys (ConfUtils.java:logGet(46)) - raft.server.storage.dir = [/home/runner/work/ozone/ozone/hadoop-ozone/integration-test/target/test-dir/MiniOzoneClusterImpl-d5abb160-17eb-4229-abdc-d3875330a01a/omNode-1/ratis] (custom)
2024-03-04 12:58:00,693 [main] INFO  server.RaftServerConfigKeys (ConfUtils.java:logGet(46)) - raft.server.threadpool.proxy.cached = true (default)
2024-03-04 12:58:00,693 [main] INFO  server.RaftServerConfigKeys (ConfUtils.java:logGet(46)) - raft.server.threadpool.proxy.size = 0 (default)
2024-03-04 12:58:00,695 [main] INFO  server.RaftServer (RaftServerProxy.java:addNew(100)) - omNode-1: addNew group-523986131536:[omNode-3|localhost:15144, omNode-1|localhost:15136, omNode-2|localhost:15140] returns group-523986131536:java.util.concurrent.CompletableFuture@339c8a67[Not completed]
2024-03-04 12:58:00,695 [main] INFO  om.OzoneManager (OzoneManager.java:initializeRatisServer(2140)) - OzoneManager Ratis server initialized at port 15136
2024-03-04 12:58:00,695 [omNode-1-groupManagement] INFO  server.RaftServer$Division (RaftServerImpl.java:<init>(256)) - omNode-1: new RaftServerImpl for group-523986131536:[omNode-3|localhost:15144, omNode-1|localhost:15136, omNode-2|localhost:15140] with OzoneManagerStateMachine:uninitialized
2024-03-04 12:58:00,695 [main] INFO  om.OzoneManager (OzoneManager.java:getRpcServer(1206)) - Creating RPC Server
2024-03-04 12:58:00,695 [omNode-1-groupManagement] INFO  server.RaftServerConfigKeys (ConfUtils.java:logGet(46)) - raft.server.rpc.timeout.min = 1s (custom)
2024-03-04 12:58:00,695 [omNode-1-groupManagement] INFO  server.RaftServerConfigKeys (ConfUtils.java:logGet(46)) - raft.server.rpc.timeout.max = 1200ms (custom)
2024-03-04 12:58:00,695 [omNode-1-groupManagement] INFO  server.RaftServerConfigKeys (ConfUtils.java:logGet(46)) - raft.server.rpc.sleep.time = 25ms (default)
2024-03-04 12:58:00,695 [omNode-1-groupManagement] INFO  server.RaftServerConfigKeys (ConfUtils.java:logGet(46)) - raft.server.rpc.slowness.timeout = 2s (custom)
2024-03-04 12:58:00,696 [omNode-1-groupManagement] INFO  server.RaftServerConfigKeys (ConfUtils.java:logGet(46)) - raft.server.leaderelection.leader.step-down.wait-time = 10s (default)
2024-03-04 12:58:00,696 [omNode-1-groupManagement] INFO  server.RaftServerConfigKeys (ConfUtils.java:logGet(46)) - raft.server.leaderelection.member.majority-add = false (default)
2024-03-04 12:58:00,696 [omNode-1-groupManagement] INFO  server.RaftServerConfigKeys (ConfUtils.java:logGet(46)) - raft.server.sleep.deviation.threshold = 300ms (default)
2024-03-04 12:58:00,696 [omNode-1-groupManagement] INFO  server.RaftServer$Division (ServerState.java:<init>(113)) - omNode-1@group-523986131536: ConfigurationManager, init=-1: peers:[omNode-3|localhost:15144, omNode-1|localhost:15136, omNode-2|localhost:15140]|listeners:[], old=null, confs=<EMPTY_MAP>
2024-03-04 12:58:00,696 [omNode-1-groupManagement] INFO  server.RaftServerConfigKeys (ConfUtils.java:logGet(46)) - raft.server.notification.no-leader.timeout = 2s (custom)
2024-03-04 12:58:00,696 [omNode-1-groupManagement] INFO  server.RaftServerConfigKeys (ConfUtils.java:logGet(46)) - raft.server.read.timeout = 10s (default)
2024-03-04 12:58:00,696 [omNode-1-groupManagement] INFO  server.RaftServerConfigKeys (ConfUtils.java:logGet(46)) - raft.server.retrycache.expirytime = 30000ms (custom)
2024-03-04 12:58:00,696 [omNode-1-groupManagement] INFO  server.RaftServerConfigKeys (ConfUtils.java:logGet(46)) - raft.server.retrycache.statistics.expirytime = 100ms (default)
2024-03-04 12:58:00,696 [omNode-1-groupManagement] INFO  server.RaftServerConfigKeys (ConfUtils.java:logGet(46)) - raft.server.read.option = DEFAULT (default)
2024-03-04 12:58:00,696 [omNode-1-groupManagement] INFO  server.RaftServerConfigKeys (ConfUtils.java:logGet(46)) - raft.server.read.read-after-write-consistent.write-index-cache.expiry-time = 60s (default)
2024-03-04 12:58:00,697 [omNode-1-groupManagement] INFO  server.RaftServerConfigKeys (ConfUtils.java:logGet(46)) - raft.server.rpc.request.timeout = 3000ms (default)
2024-03-04 12:58:00,697 [omNode-1-groupManagement] INFO  server.RaftServerConfigKeys (ConfUtils.java:logGet(46)) - raft.server.log.appender.install.snapshot.enabled = false (custom)
2024-03-04 12:58:00,697 [omNode-1-groupManagement] INFO  server.RaftServerConfigKeys (ConfUtils.java:logGet(46)) - raft.server.threadpool.server.cached = true (default)
2024-03-04 12:58:00,697 [omNode-1-groupManagement] INFO  server.RaftServerConfigKeys (ConfUtils.java:logGet(46)) - raft.server.threadpool.server.size = 0 (default)
2024-03-04 12:58:00,697 [omNode-1-groupManagement] INFO  server.RaftServerConfigKeys (ConfUtils.java:logGet(46)) - raft.server.threadpool.client.cached = true (default)
2024-03-04 12:58:00,697 [omNode-1-groupManagement] INFO  server.RaftServerConfigKeys (ConfUtils.java:logGet(46)) - raft.server.threadpool.client.size = 0 (default)
2024-03-04 12:58:00,911 [main] INFO  ipc.CallQueueManager (CallQueueManager.java:<init>(90)) - Using callQueue: class java.util.concurrent.LinkedBlockingQueue, queueCapacity: 2000, scheduler: class org.apache.hadoop.ipc.DefaultRpcScheduler, ipcBackoff: false.
2024-03-04 12:58:00,911 [main] INFO  ipc.Server (Server.java:<init>(1287)) - Listener at 127.0.0.1:15133
2024-03-04 12:58:00,912 [Socket Reader #1 for port 15133] INFO  ipc.Server (Server.java:run(1323)) - Starting Socket Reader #1 for port 15133
2024-03-04 12:58:00,925 [main] INFO  impl.MetricsSystemImpl (MetricsSystemImpl.java:init(158)) - OzoneManager metrics system started (again)
2024-03-04 12:58:00,933 [main] INFO  om.OzoneManager (OzoneManager.java:start(1628)) - OzoneManager RPC server is listening at localhost/127.0.0.1:15133
2024-03-04 12:58:00,933 [main] INFO  ratis.OzoneManagerRatisServer (OzoneManagerRatisServer.java:start(588)) - Starting OzoneManagerRatisServer omNode-1 at port 15136
2024-03-04 12:58:00,933 [omNode-1-impl-thread1] INFO  server.RaftServerConfigKeys (ConfUtils.java:logGet(46)) - raft.server.storage.free-space.min = 0MB (=0) (default)
2024-03-04 12:58:00,934 [omNode-1-impl-thread1] INFO  server.RaftServerConfigKeys (ConfUtils.java:logGet(46)) - raft.server.log.corruption.policy = EXCEPTION (default)
2024-03-04 12:58:00,934 [omNode-1-impl-thread1] INFO  server.RaftServerConfigKeys (ConfUtils.java:logGet(46)) - raft.server.storage.dir = [/home/runner/work/ozone/ozone/hadoop-ozone/integration-test/target/test-dir/MiniOzoneClusterImpl-d5abb160-17eb-4229-abdc-d3875330a01a/omNode-1/ratis] (custom)
2024-03-04 12:58:00,934 [omNode-1-impl-thread1] INFO  storage.RaftStorageDirectory (RaftStorageDirectoryImpl.java:analyzeStorage(138)) - The storage directory /home/runner/work/ozone/ozone/hadoop-ozone/integration-test/target/test-dir/MiniOzoneClusterImpl-d5abb160-17eb-4229-abdc-d3875330a01a/omNode-1/ratis/c9bc4cf4-3bc3-3c60-a66b-523986131536 does not exist. Creating ...
2024-03-04 12:58:00,935 [omNode-1-impl-thread1] INFO  storage.RaftStorageDirectory (RaftStorageDirectoryImpl.java:tryLock(228)) - Lock on /home/runner/work/ozone/ozone/hadoop-ozone/integration-test/target/test-dir/MiniOzoneClusterImpl-d5abb160-17eb-4229-abdc-d3875330a01a/omNode-1/ratis/c9bc4cf4-3bc3-3c60-a66b-523986131536/in_use.lock acquired by nodename 41993@fv-az571-795
2024-03-04 12:58:00,936 [omNode-1-impl-thread1] INFO  storage.RaftStorage (RaftStorageImpl.java:format(99)) - Storage directory /home/runner/work/ozone/ozone/hadoop-ozone/integration-test/target/test-dir/MiniOzoneClusterImpl-d5abb160-17eb-4229-abdc-d3875330a01a/omNode-1/ratis/c9bc4cf4-3bc3-3c60-a66b-523986131536 has been successfully formatted.
2024-03-04 12:58:00,936 [omNode-1-impl-thread1] WARN  util.FileUtils (LogUtils.java:supplyAndLog(63)) - Failed to Files.newInputStream /home/runner/work/ozone/ozone/hadoop-ozone/integration-test/target/test-dir/MiniOzoneClusterImpl-d5abb160-17eb-4229-abdc-d3875330a01a/omNode-1/ratis/c9bc4cf4-3bc3-3c60-a66b-523986131536/current/raft-meta.conf with options []: java.nio.file.NoSuchFileException: /home/runner/work/ozone/ozone/hadoop-ozone/integration-test/target/test-dir/MiniOzoneClusterImpl-d5abb160-17eb-4229-abdc-d3875330a01a/omNode-1/ratis/c9bc4cf4-3bc3-3c60-a66b-523986131536/current/raft-meta.conf
2024-03-04 12:58:00,936 [omNode-1-impl-thread1] INFO  server.RaftServerConfigKeys (ConfUtils.java:logGet(46)) - raft.server.log.use.memory = false (default)
2024-03-04 12:58:00,936 [omNode-1-impl-thread1] INFO  server.RaftServerConfigKeys (ConfUtils.java:logGet(46)) - raft.server.log.purge.gap = 50 (custom)
2024-03-04 12:58:00,936 [omNode-1-impl-thread1] INFO  server.RaftServerConfigKeys (ConfUtils.java:logGet(46)) - raft.server.log.appender.buffer.byte-limit = 4194304 (custom)
2024-03-04 12:58:00,937 [omNode-1-impl-thread1] INFO  server.RaftServerConfigKeys (ConfUtils.java:logGet(46)) - raft.server.log.statemachine.data.read.timeout = 1000ms (default)
2024-03-04 12:58:00,937 [omNode-1-impl-thread1] INFO  server.RaftServerConfigKeys (ConfUtils.java:logGet(46)) - raft.server.log.purge.preservation.log.num = 0 (default)
2024-03-04 12:58:00,937 [omNode-1-impl-thread1] INFO  server.RaftServerConfigKeys (ConfUtils.java:logGet(46)) - raft.server.log.segment.size.max = 4194304 (custom)
2024-03-04 12:58:00,937 [omNode-1-impl-thread1] INFO  server.RaftServerConfigKeys (ConfUtils.java:logGet(46)) - raft.server.log.segment.cache.num.max = 2 (custom)
2024-03-04 12:58:00,937 [omNode-1-impl-thread1] INFO  server.RaftServerConfigKeys (ConfUtils.java:logGet(46)) - raft.server.log.segment.cache.size.max = 200MB (=209715200) (default)
2024-03-04 12:58:00,937 [omNode-1-impl-thread1] INFO  server.RaftServerConfigKeys (ConfUtils.java:logGet(46)) - raft.server.log.appender.buffer.byte-limit = 4194304 (custom)
2024-03-04 12:58:00,938 [omNode-1-impl-thread1] INFO  util.AwaitToRun (AwaitToRun.java:start(81)) - Thread[omNode-1@group-523986131536-cacheEviction-AwaitToRun,5,main] started
2024-03-04 12:58:00,938 [omNode-1-impl-thread1] INFO  segmented.SegmentedRaftLogWorker (SegmentedRaftLogWorker.java:<init>(182)) - new omNode-1@group-523986131536-SegmentedRaftLogWorker for RaftStorageImpl:Storage Directory /home/runner/work/ozone/ozone/hadoop-ozone/integration-test/target/test-dir/MiniOzoneClusterImpl-d5abb160-17eb-4229-abdc-d3875330a01a/omNode-1/ratis/c9bc4cf4-3bc3-3c60-a66b-523986131536
2024-03-04 12:58:00,938 [omNode-1-impl-thread1] INFO  server.RaftServerConfigKeys (ConfUtils.java:logGet(46)) - raft.server.log.queue.byte-limit = 64MB (=67108864) (default)
2024-03-04 12:58:00,938 [omNode-1-impl-thread1] INFO  server.RaftServerConfigKeys (ConfUtils.java:logGet(46)) - raft.server.log.queue.element-limit = 4096 (default)
2024-03-04 12:58:00,938 [omNode-1-impl-thread1] INFO  server.RaftServerConfigKeys (ConfUtils.java:logGet(46)) - raft.server.log.segment.size.max = 4194304 (custom)
2024-03-04 12:58:00,938 [omNode-1-impl-thread1] INFO  server.RaftServerConfigKeys (ConfUtils.java:logGet(46)) - raft.server.log.preallocated.size = 4194304 (custom)
2024-03-04 12:58:00,938 [omNode-1-impl-thread1] INFO  server.RaftServerConfigKeys (ConfUtils.java:logGet(46)) - raft.server.log.force.sync.num = 128 (default)
2024-03-04 12:58:00,938 [omNode-1-impl-thread1] INFO  server.RaftServerConfigKeys (ConfUtils.java:logGet(46)) - raft.server.log.statemachine.data.sync = true (default)
2024-03-04 12:58:00,938 [omNode-1-impl-thread1] INFO  server.RaftServerConfigKeys (ConfUtils.java:logGet(46)) - raft.server.log.statemachine.data.sync.timeout = 10s (default)
2024-03-04 12:58:00,938 [omNode-1-impl-thread1] INFO  server.RaftServerConfigKeys (ConfUtils.java:logGet(46)) - raft.server.log.statemachine.data.sync.timeout.retry = -1 (default)
2024-03-04 12:58:00,938 [omNode-1-impl-thread1] INFO  server.RaftServerConfigKeys (ConfUtils.java:logGet(46)) - raft.server.log.write.buffer.size = 4194312 (custom)
2024-03-04 12:58:00,938 [omNode-1-impl-thread1] INFO  server.RaftServerConfigKeys (ConfUtils.java:logGet(46)) - raft.server.log.appender.buffer.byte-limit = 4194304 (custom)
2024-03-04 12:58:00,938 [omNode-1-impl-thread1] INFO  server.RaftServerConfigKeys (ConfUtils.java:logGet(46)) - raft.server.log.unsafe-flush.enabled = false (default)
2024-03-04 12:58:00,938 [omNode-1-impl-thread1] INFO  server.RaftServerConfigKeys (ConfUtils.java:logGet(46)) - raft.server.log.async-flush.enabled = false (default)
2024-03-04 12:58:00,938 [omNode-1-impl-thread1] INFO  server.RaftServerConfigKeys (ConfUtils.java:logGet(46)) - raft.server.log.statemachine.data.caching.enabled = false (default)
2024-03-04 12:58:00,939 [omNode-1-impl-thread1] INFO  segmented.SegmentedRaftLogWorker (SegmentedRaftLogWorker.java:lambda$new$0(134)) - omNode-1@group-523986131536-SegmentedRaftLogWorker: flushIndex: setUnconditionally 0 -> -1
2024-03-04 12:58:00,939 [omNode-1-impl-thread1] INFO  segmented.SegmentedRaftLogWorker (SegmentedRaftLogWorker.java:lambda$new$0(134)) - omNode-1@group-523986131536-SegmentedRaftLogWorker: safeCacheEvictIndex: setUnconditionally 0 -> -1
2024-03-04 12:58:00,939 [omNode-1-impl-thread1] INFO  server.RaftServer$Division (RaftServerImpl.java:start(396)) - omNode-1@group-523986131536: start as a follower, conf=-1: peers:[omNode-3|localhost:15144, omNode-1|localhost:15136, omNode-2|localhost:15140]|listeners:[], old=null
2024-03-04 12:58:00,939 [omNode-1-impl-thread1] INFO  server.RaftServer$Division (RaftServerImpl.java:setRole(383)) - omNode-1@group-523986131536: changes role from      null to FOLLOWER at term 0 for startAsFollower
2024-03-04 12:58:00,939 [omNode-1-impl-thread1] INFO  impl.RoleInfo (RoleInfo.java:updateAndGet(139)) - omNode-1: start omNode-1@group-523986131536-FollowerState
2024-03-04 12:58:00,939 [omNode-1-impl-thread1] INFO  util.JmxRegister (JmxRegister.java:tryRegister(44)) - Successfully registered JMX Bean with object name Ratis:service=RaftServer,group=group-523986131536,id=omNode-1
2024-03-04 12:58:00,939 [omNode-1@group-523986131536-FollowerState] INFO  server.RaftServerConfigKeys (ConfUtils.java:logFallback(53)) - raft.server.rpc.first-election.timeout.min = 1s (fallback to raft.server.rpc.timeout.min)
2024-03-04 12:58:00,939 [omNode-1-impl-thread1] INFO  server.RaftServerConfigKeys (ConfUtils.java:logGet(46)) - raft.server.snapshot.trigger-when-stop.enabled = true (default)
2024-03-04 12:58:00,939 [omNode-1@group-523986131536-FollowerState] INFO  server.RaftServerConfigKeys (ConfUtils.java:logFallback(53)) - raft.server.rpc.first-election.timeout.max = 1200ms (fallback to raft.server.rpc.timeout.max)
2024-03-04 12:58:00,939 [omNode-1-impl-thread1] INFO  server.RaftServerConfigKeys (ConfUtils.java:logGet(46)) - raft.server.snapshot.auto.trigger.enabled = true (custom)
2024-03-04 12:58:00,939 [omNode-1-impl-thread1] INFO  server.RaftServerConfigKeys (ConfUtils.java:logGet(46)) - raft.server.snapshot.auto.trigger.threshold = 50 (custom)
2024-03-04 12:58:00,940 [omNode-1-impl-thread1] INFO  server.RaftServerConfigKeys (ConfUtils.java:logGet(46)) - raft.server.snapshot.retention.file.num = -1 (default)
2024-03-04 12:58:00,940 [omNode-1-impl-thread1] INFO  server.RaftServerConfigKeys (ConfUtils.java:logGet(46)) - raft.server.log.purge.upto.snapshot.index = true (custom)
2024-03-04 12:58:00,940 [main] INFO  server.RaftServer (RaftServerProxy.java:startImpl(406)) - omNode-1: start RPC server
2024-03-04 12:58:00,942 [main] INFO  server.GrpcService (GrpcService.java:startImpl(302)) - omNode-1: GrpcService started, listening on 15136
2024-03-04 12:58:00,942 [JvmPauseMonitor40] INFO  util.JvmPauseMonitor (JvmPauseMonitor.java:run(146)) - JvmPauseMonitor-omNode-1: Started
2024-03-04 12:58:00,942 [main] INFO  om.OzoneManager (OzoneManager.java:start(1644)) - Version File has different layout version (6) than OM DB (null). That is expected if this OM has never been finalized to a newer layout version.
2024-03-04 12:58:00,945 [main] INFO  http.BaseHttpServer (BaseHttpServer.java:newHttpServer2BuilderForOzone(223)) - Starting Web-server for ozoneManager at: http://0.0.0.0:15134
2024-03-04 12:58:00,945 [main] INFO  http.BaseHttpServer (BaseHttpServer.java:<init>(110)) - Hadoop Security Enabled: false Ozone Security Enabled: false Ozone HTTP Security Enabled: false 
2024-03-04 12:58:00,946 [main] WARN  server.AuthenticationFilter (AuthenticationFilter.java:constructSecretProvider(240)) - Unable to initialize FileSignerSecretProvider, falling back to use random secrets. Reason: Could not read signature secret file: /home/runner/hadoop-http-auth-signature-secret
2024-03-04 12:58:00,946 [main] INFO  http.HttpRequestLog (HttpRequestLog.java:getRequestLog(86)) - Http request log for http.requests.ozoneManager is not defined
2024-03-04 12:58:00,947 [main] INFO  http.HttpServer2 (HttpServer2.java:addGlobalFilter(1036)) - Added global filter 'safety' (class=org.apache.hadoop.hdds.server.http.HttpServer2$QuotingInputFilter)
2024-03-04 12:58:00,947 [main] INFO  http.HttpServer2 (HttpServer2.java:addFilter(1012)) - Added filter static_user_filter (class=org.apache.hadoop.http.lib.StaticUserWebFilter$StaticUserFilter) to context ozoneManager
2024-03-04 12:58:00,947 [main] INFO  http.HttpServer2 (HttpServer2.java:addFilter(1020)) - Added filter static_user_filter (class=org.apache.hadoop.http.lib.StaticUserWebFilter$StaticUserFilter) to context logs
2024-03-04 12:58:00,947 [main] INFO  http.HttpServer2 (HttpServer2.java:addFilter(1020)) - Added filter static_user_filter (class=org.apache.hadoop.http.lib.StaticUserWebFilter$StaticUserFilter) to context static
2024-03-04 12:58:00,948 [main] INFO  http.BaseHttpServer (BaseHttpServer.java:<init>(189)) - HTTP server of ozoneManager uses base directory /home/runner/work/ozone/ozone/hadoop-ozone/integration-test/target/test-dir/MiniOzoneClusterImpl-d5abb160-17eb-4229-abdc-d3875330a01a/omNode-1/webserver
2024-03-04 12:58:00,948 [main] INFO  http.HttpServer2 (HttpServer2.java:bindListener(1236)) - Jetty bound to port 15134
2024-03-04 12:58:00,948 [main] INFO  server.Server (Server.java:doStart(375)) - jetty-9.4.53.v20231009; built: 2023-10-09T12:29:09.265Z; git: 27bde00a0b95a1d5bbee0eae7984f891d2d0f8c9; jvm 1.8.0_402-b06
2024-03-04 12:58:00,949 [main] INFO  server.session (DefaultSessionIdManager.java:doStart(334)) - DefaultSessionIdManager workerName=node0
2024-03-04 12:58:00,949 [main] INFO  server.session (DefaultSessionIdManager.java:doStart(339)) - No SessionScavenger set, using defaults
2024-03-04 12:58:00,949 [main] INFO  server.session (HouseKeeper.java:startScavenging(132)) - node0 Scavenging every 600000ms
2024-03-04 12:58:00,950 [main] INFO  handler.ContextHandler (ContextHandler.java:doStart(921)) - Started o.e.j.s.ServletContextHandler@3da15c10{logs,/logs,file:///home/runner/work/ozone/ozone/hadoop-ozone/integration-test/target/log,AVAILABLE}
2024-03-04 12:58:00,950 [main] INFO  handler.ContextHandler (ContextHandler.java:doStart(921)) - Started o.e.j.s.ServletContextHandler@26f86b3e{static,/static,file:///home/runner/work/ozone/ozone/hadoop-ozone/integration-test/target/test-classes/webapps/static,AVAILABLE}
2024-03-04 12:58:00,953 [main] INFO  handler.ContextHandler (ContextHandler.java:doStart(921)) - Started o.e.j.w.WebAppContext@1a46f6f4{ozoneManager,/,file:///home/runner/work/ozone/ozone/hadoop-ozone/integration-test/target/test-classes/webapps/ozoneManager/,AVAILABLE}{file:/home/runner/work/ozone/ozone/hadoop-ozone/integration-test/target/test-classes/webapps/ozoneManager}
2024-03-04 12:58:00,953 [main] INFO  server.AbstractConnector (AbstractConnector.java:doStart(333)) - Started ServerConnector@795cb915{HTTP/1.1, (http/1.1)}{0.0.0.0:15134}
2024-03-04 12:58:00,953 [main] INFO  server.Server (Server.java:doStart(415)) - Started @376537ms
2024-03-04 12:58:00,953 [main] WARN  impl.MetricsSystemImpl (MetricsSystemImpl.java:register(279)) - Sink prometheus already exists!
2024-03-04 12:58:00,954 [main] INFO  http.BaseHttpServer (BaseHttpServer.java:updateConnectorAddress(354)) - HTTP server of ozoneManager listening at http://0.0.0.0:15134
2024-03-04 12:58:00,954 [IPC Server Responder] INFO  ipc.Server (Server.java:run(1562)) - IPC Server Responder: starting
2024-03-04 12:58:00,955 [IPC Server listener on 15133] INFO  ipc.Server (Server.java:run(1402)) - IPC Server listener on 15133: starting
2024-03-04 12:58:00,961 [main] INFO  om.OzoneManager (OzoneManager.java:startTrashEmptier(2093)) - Trash Interval set to 0. Files deleted won't move to trash
2024-03-04 12:58:00,961 [main] INFO  ozone.MiniOzoneHAClusterImpl (MiniOzoneHAClusterImpl.java:createOMService(516)) - Started OzoneManager omNode-1 RPC server at localhost/127.0.0.1:15133
2024-03-04 12:58:00,962 [main] INFO  ha.OMHANodeDetails (OMHANodeDetails.java:loadOMHAConfig(121)) - ServiceID for OzoneManager is om-service-test1
2024-03-04 12:58:00,962 [main] INFO  ha.OMHANodeDetails (OMHANodeDetails.java:loadOMHAConfig(201)) - Found matching OM address with OMServiceId: om-service-test1, OMNodeId: omNode-2, RPC Address: localhost:15137 and Ratis port: 15140
2024-03-04 12:58:00,962 [main] INFO  ha.OMHANodeDetails (ConfUtils.java:setNodeSpecificConfigs(97)) - Setting configuration key ozone.om.http-address with value of key ozone.om.http-address.om-service-test1.omNode-2: 127.0.0.1:15138
2024-03-04 12:58:00,962 [main] INFO  ha.OMHANodeDetails (ConfUtils.java:setNodeSpecificConfigs(97)) - Setting configuration key ozone.om.https-address with value of key ozone.om.https-address.om-service-test1.omNode-2: 127.0.0.1:15139
2024-03-04 12:58:00,962 [main] INFO  ha.OMHANodeDetails (ConfUtils.java:setNodeSpecificConfigs(97)) - Setting configuration key ozone.om.address with value of key ozone.om.address.om-service-test1.omNode-2: 127.0.0.1:15137
2024-03-04 12:58:00,962 [main] WARN  server.ServerUtils (ServerUtils.java:getDBPath(299)) - ozone.om.db.dirs is not configured. We recommend adding this setting. Falling back to ozone.metadata.dirs instead.
2024-03-04 12:58:00,963 [main] INFO  proxy.SCMBlockLocationFailoverProxyProvider (SCMBlockLocationFailoverProxyProvider.java:<init>(115)) - Created block location fail-over proxy with 1 nodes: [nodeId=scmNodeId,nodeAddress=/0.0.0.0:15130]
OM initialization succeeded.Current cluster id for sd=/home/runner/work/ozone/ozone/hadoop-ozone/integration-test/target/test-dir/MiniOzoneClusterImpl-d5abb160-17eb-4229-abdc-d3875330a01a/omNode-2/om;cid=d5abb160-17eb-4229-abdc-d3875330a01a;layoutVersion=6
2024-03-04 12:58:00,968 [main] INFO  ha.OMHANodeDetails (OMHANodeDetails.java:loadOMHAConfig(121)) - ServiceID for OzoneManager is om-service-test1
2024-03-04 12:58:00,968 [main] INFO  ha.OMHANodeDetails (OMHANodeDetails.java:loadOMHAConfig(201)) - Found matching OM address with OMServiceId: om-service-test1, OMNodeId: omNode-2, RPC Address: localhost:15137 and Ratis port: 15140
2024-03-04 12:58:00,968 [main] INFO  ha.OMHANodeDetails (ConfUtils.java:setNodeSpecificConfigs(97)) - Setting configuration key ozone.om.http-address with value of key ozone.om.http-address.om-service-test1.omNode-2: 127.0.0.1:15138
2024-03-04 12:58:00,969 [main] INFO  ha.OMHANodeDetails (ConfUtils.java:setNodeSpecificConfigs(97)) - Setting configuration key ozone.om.https-address with value of key ozone.om.https-address.om-service-test1.omNode-2: 127.0.0.1:15139
2024-03-04 12:58:00,969 [main] INFO  ha.OMHANodeDetails (ConfUtils.java:setNodeSpecificConfigs(97)) - Setting configuration key ozone.om.address with value of key ozone.om.address.om-service-test1.omNode-2: 127.0.0.1:15137
2024-03-04 12:58:00,969 [main] WARN  server.ServerUtils (ServerUtils.java:getDBPath(299)) - ozone.om.db.dirs is not configured. We recommend adding this setting. Falling back to ozone.metadata.dirs instead.
2024-03-04 12:58:00,969 [main] INFO  upgrade.AbstractLayoutVersionManager (AbstractLayoutVersionManager.java:init(83)) - Initializing Layout version manager with metadata layout = QUOTA (version = 6), software layout = QUOTA (version = 6)
2024-03-04 12:58:01,003 [main] INFO  upgrade.OMLayoutVersionManager (OMLayoutVersionManager.java:lambda$0(113)) - Skipping Upgrade Action QuotaRepairUpgradeAction since it has been finalized.
2024-03-04 12:58:01,003 [main] INFO  upgrade.OMLayoutVersionManager (OMLayoutVersionManager.java:lambda$0(113)) - Skipping Upgrade Action MockOmUpgradeAction since it has been finalized.
2024-03-04 12:58:01,003 [main] WARN  server.ServerUtils (ServerUtils.java:getDBPath(299)) - ozone.om.db.dirs is not configured. We recommend adding this setting. Falling back to ozone.metadata.dirs instead.
2024-03-04 12:58:01,004 [main] INFO  proxy.SCMBlockLocationFailoverProxyProvider (SCMBlockLocationFailoverProxyProvider.java:<init>(115)) - Created block location fail-over proxy with 1 nodes: [nodeId=scmNodeId,nodeAddress=/0.0.0.0:15130]
2024-03-04 12:58:01,005 [main] INFO  proxy.SCMBlockLocationFailoverProxyProvider (SCMBlockLocationFailoverProxyProvider.java:<init>(115)) - Created block location fail-over proxy with 1 nodes: [nodeId=scmNodeId,nodeAddress=/0.0.0.0:15130]
2024-03-04 12:58:01,010 [main] INFO  om.OzoneManager (OzoneManager.java:<init>(672)) - OM start with adminUsers: [*, runner]
2024-03-04 12:58:01,010 [main] WARN  server.ServerUtils (ServerUtils.java:getDBPath(299)) - ozone.om.db.dirs is not configured. We recommend adding this setting. Falling back to ozone.metadata.dirs instead.
2024-03-04 12:58:01,011 [main] INFO  helpers.OmKeyInfo (OmKeyInfo.java:getCodec(71)) - OmKeyInfo.getCodec ignorePipeline = true
2024-03-04 12:58:01,138 [main] INFO  om.OzoneManager (OzoneManager.java:instantiateServices(804)) - S3 Multi-Tenancy is disabled
2024-03-04 12:58:01,138 [main] INFO  om.OmSnapshotManager (OmSnapshotManager.java:<init>(177)) - Ozone filesystem snapshot feature is enabled.
2024-03-04 12:58:01,139 [main] WARN  server.ServerUtils (ServerUtils.java:getDBPath(299)) - ozone.om.snapshot.diff.db.dir is not configured. We recommend adding this setting. Falling back to ozone.metadata.dirs instead.
2024-03-04 12:58:01,151 [main] INFO  utils.NativeLibraryLoader (NativeLibraryLoader.java:loadLibrary(108)) - Loading Library: ozone_rocksdb_tools
2024-03-04 12:58:01,152 [main] ERROR snapshot.SnapshotDiffManager (SnapshotDiffManager.java:initNativeLibraryForEfficientDiff(287)) - Native Library for raw sst file reading loading failed.
org.apache.hadoop.hdds.utils.NativeLibraryNotLoadedException: Unable to load library ozone_rocksdb_tools from both java.library.path & resource file libozone_rocksdb_tools.so from jar.
	at org.apache.hadoop.hdds.utils.db.managed.ManagedRawSSTFileReader.loadLibrary(ManagedRawSSTFileReader.java:38)
	at org.apache.hadoop.ozone.om.snapshot.SnapshotDiffManager.initNativeLibraryForEfficientDiff(SnapshotDiffManager.java:285)
	at org.apache.hadoop.ozone.om.snapshot.SnapshotDiffManager.<init>(SnapshotDiffManager.java:259)
	at org.apache.hadoop.ozone.om.OmSnapshotManager.<init>(OmSnapshotManager.java:279)
	at org.apache.hadoop.ozone.om.OzoneManager.instantiateServices(OzoneManager.java:856)
	at org.apache.hadoop.ozone.om.OzoneManager.<init>(OzoneManager.java:682)
	at org.apache.hadoop.ozone.om.OzoneManager.createOm(OzoneManager.java:767)
	at org.apache.hadoop.ozone.MiniOzoneHAClusterImpl$Builder.createOMService(MiniOzoneHAClusterImpl.java:509)
	at org.apache.hadoop.ozone.MiniOzoneHAClusterImpl$Builder.build(MiniOzoneHAClusterImpl.java:425)
	at org.apache.hadoop.ozone.om.TestOzoneManagerHA.init(TestOzoneManagerHA.java:179)
	at sun.reflect.NativeMethodAccessorImpl.invoke0(Native Method)
	at sun.reflect.NativeMethodAccessorImpl.invoke(NativeMethodAccessorImpl.java:62)
	at sun.reflect.DelegatingMethodAccessorImpl.invoke(DelegatingMethodAccessorImpl.java:43)
	at java.lang.reflect.Method.invoke(Method.java:498)
	at org.junit.platform.commons.util.ReflectionUtils.invokeMethod(ReflectionUtils.java:728)
	at org.junit.jupiter.engine.execution.MethodInvocation.proceed(MethodInvocation.java:60)
	at org.junit.jupiter.engine.execution.InvocationInterceptorChain$ValidatingInvocation.proceed(InvocationInterceptorChain.java:131)
	at org.junit.jupiter.engine.extension.TimeoutExtension.intercept(TimeoutExtension.java:156)
	at org.junit.jupiter.engine.extension.TimeoutExtension.interceptLifecycleMethod(TimeoutExtension.java:128)
	at org.junit.jupiter.engine.extension.TimeoutExtension.interceptBeforeAllMethod(TimeoutExtension.java:70)
	at org.junit.jupiter.engine.execution.InterceptingExecutableInvoker$ReflectiveInterceptorCall.lambda$ofVoidMethod$0(InterceptingExecutableInvoker.java:103)
	at org.junit.jupiter.engine.execution.InterceptingExecutableInvoker.lambda$invoke$0(InterceptingExecutableInvoker.java:93)
	at org.junit.jupiter.engine.execution.InvocationInterceptorChain$InterceptedInvocation.proceed(InvocationInterceptorChain.java:106)
	at org.junit.jupiter.engine.execution.InvocationInterceptorChain.proceed(InvocationInterceptorChain.java:64)
	at org.junit.jupiter.engine.execution.InvocationInterceptorChain.chainAndInvoke(InvocationInterceptorChain.java:45)
	at org.junit.jupiter.engine.execution.InvocationInterceptorChain.invoke(InvocationInterceptorChain.java:37)
	at org.junit.jupiter.engine.execution.InterceptingExecutableInvoker.invoke(InterceptingExecutableInvoker.java:92)
	at org.junit.jupiter.engine.execution.InterceptingExecutableInvoker.invoke(InterceptingExecutableInvoker.java:86)
	at org.junit.jupiter.engine.descriptor.ClassBasedTestDescriptor.lambda$invokeBeforeAllMethods$13(ClassBasedTestDescriptor.java:412)
	at org.junit.platform.engine.support.hierarchical.ThrowableCollector.execute(ThrowableCollector.java:73)
	at org.junit.jupiter.engine.descriptor.ClassBasedTestDescriptor.invokeBeforeAllMethods(ClassBasedTestDescriptor.java:410)
	at org.junit.jupiter.engine.descriptor.ClassBasedTestDescriptor.before(ClassBasedTestDescriptor.java:216)
	at org.junit.jupiter.engine.descriptor.ClassBasedTestDescriptor.before(ClassBasedTestDescriptor.java:85)
	at org.junit.platform.engine.support.hierarchical.NodeTestTask.lambda$executeRecursively$6(NodeTestTask.java:148)
	at org.junit.platform.engine.support.hierarchical.ThrowableCollector.execute(ThrowableCollector.java:73)
	at org.junit.platform.engine.support.hierarchical.NodeTestTask.lambda$executeRecursively$8(NodeTestTask.java:141)
	at org.junit.platform.engine.support.hierarchical.Node.around(Node.java:137)
	at org.junit.platform.engine.support.hierarchical.NodeTestTask.lambda$executeRecursively$9(NodeTestTask.java:139)
	at org.junit.platform.engine.support.hierarchical.ThrowableCollector.execute(ThrowableCollector.java:73)
	at org.junit.platform.engine.support.hierarchical.NodeTestTask.executeRecursively(NodeTestTask.java:138)
	at org.junit.platform.engine.support.hierarchical.NodeTestTask.execute(NodeTestTask.java:95)
	at java.util.ArrayList.forEach(ArrayList.java:1259)
	at org.junit.platform.engine.support.hierarchical.SameThreadHierarchicalTestExecutorService.invokeAll(SameThreadHierarchicalTestExecutorService.java:41)
	at org.junit.platform.engine.support.hierarchical.NodeTestTask.lambda$executeRecursively$6(NodeTestTask.java:155)
	at org.junit.platform.engine.support.hierarchical.ThrowableCollector.execute(ThrowableCollector.java:73)
	at org.junit.platform.engine.support.hierarchical.NodeTestTask.lambda$executeRecursively$8(NodeTestTask.java:141)
	at org.junit.platform.engine.support.hierarchical.Node.around(Node.java:137)
	at org.junit.platform.engine.support.hierarchical.NodeTestTask.lambda$executeRecursively$9(NodeTestTask.java:139)
	at org.junit.platform.engine.support.hierarchical.ThrowableCollector.execute(ThrowableCollector.java:73)
	at org.junit.platform.engine.support.hierarchical.NodeTestTask.executeRecursively(NodeTestTask.java:138)
	at org.junit.platform.engine.support.hierarchical.NodeTestTask.execute(NodeTestTask.java:95)
	at org.junit.platform.engine.support.hierarchical.SameThreadHierarchicalTestExecutorService.submit(SameThreadHierarchicalTestExecutorService.java:35)
	at org.junit.platform.engine.support.hierarchical.HierarchicalTestExecutor.execute(HierarchicalTestExecutor.java:57)
	at org.junit.platform.engine.support.hierarchical.HierarchicalTestEngine.execute(HierarchicalTestEngine.java:54)
	at org.junit.platform.launcher.core.EngineExecutionOrchestrator.execute(EngineExecutionOrchestrator.java:198)
	at org.junit.platform.launcher.core.EngineExecutionOrchestrator.execute(EngineExecutionOrchestrator.java:169)
	at org.junit.platform.launcher.core.EngineExecutionOrchestrator.execute(EngineExecutionOrchestrator.java:93)
	at org.junit.platform.launcher.core.EngineExecutionOrchestrator.lambda$execute$0(EngineExecutionOrchestrator.java:58)
	at org.junit.platform.launcher.core.EngineExecutionOrchestrator.withInterceptedStreams(EngineExecutionOrchestrator.java:141)
	at org.junit.platform.launcher.core.EngineExecutionOrchestrator.execute(EngineExecutionOrchestrator.java:57)
	at org.junit.platform.launcher.core.DefaultLauncher.execute(DefaultLauncher.java:103)
	at org.junit.platform.launcher.core.DefaultLauncher.execute(DefaultLauncher.java:85)
	at org.junit.platform.launcher.core.DelegatingLauncher.execute(DelegatingLauncher.java:47)
	at org.junit.platform.launcher.core.SessionPerRequestLauncher.execute(SessionPerRequestLauncher.java:63)
	at org.apache.maven.surefire.junitplatform.JUnitPlatformProvider.invokeAllTests(JUnitPlatformProvider.java:165)
	at org.apache.maven.surefire.junitplatform.JUnitPlatformProvider.invoke(JUnitPlatformProvider.java:124)
	at org.apache.maven.surefire.booter.ForkedBooter.runSuitesInProcess(ForkedBooter.java:428)
	at org.apache.maven.surefire.booter.ForkedBooter.execute(ForkedBooter.java:162)
	at org.apache.maven.surefire.booter.ForkedBooter.run(ForkedBooter.java:562)
	at org.apache.maven.surefire.booter.ForkedBooter.main(ForkedBooter.java:548)
2024-03-04 12:58:01,154 [main] INFO  om.OzoneManager (OzoneManager.java:addS3GVolumeToDB(4426)) - Created Volume s3v With Owner runner required for S3Gateway operations.
2024-03-04 12:58:01,154 [main] WARN  server.ServerUtils (ServerUtils.java:getDefaultRatisDirectory(311)) - Storage directory for Ratis is not configured. It is a good idea to map this to an SSD disk. Falling back to ozone.metadata.dirs
2024-03-04 12:58:01,155 [main] WARN  utils.OzoneManagerRatisUtils (OzoneManagerRatisUtils.java:getOMRatisSnapshotDirectory(476)) - ozone.om.ratis.snapshot.dir is not configured. Falling back to ozone.metadata.dirs config
2024-03-04 12:58:01,155 [main] INFO  utils.RDBSnapshotProvider (RDBSnapshotProvider.java:init(87)) - Cleaning up the candidate dir: /home/runner/work/ozone/ozone/hadoop-ozone/integration-test/target/test-dir/MiniOzoneClusterImpl-d5abb160-17eb-4229-abdc-d3875330a01a/omNode-2/snapshot/om.db.candidate
2024-03-04 12:58:01,155 [main] INFO  ratis_snapshot.OmRatisSnapshotProvider (OmRatisSnapshotProvider.java:<init>(99)) - Initializing OM Snapshot Provider
2024-03-04 12:58:01,156 [main] WARN  dropwizard3.Dm3MetricRegistriesImpl (Dm3MetricRegistriesImpl.java:addReporterRegistration(113)) - New reporters are added after registries were created. Some metrics will be missing from the reporter. Please add reporter before adding any new registry.
2024-03-04 12:58:01,156 [main] WARN  dropwizard3.Dm3MetricRegistriesImpl (Dm3MetricRegistriesImpl.java:addReporterRegistration(113)) - New reporters are added after registries were created. Some metrics will be missing from the reporter. Please add reporter before adding any new registry.
2024-03-04 12:58:01,156 [main] WARN  server.ServerUtils (ServerUtils.java:getDefaultRatisDirectory(311)) - Storage directory for Ratis is not configured. It is a good idea to map this to an SSD disk. Falling back to ozone.metadata.dirs
2024-03-04 12:58:01,157 [main] INFO  ratis.OzoneManagerRatisServer (OzoneManagerRatisServer.java:<init>(167)) - Instantiating OM Ratis server with groupID: om-service-test1 and peers: localhost:15140, localhost:15144, localhost:15136
2024-03-04 12:58:01,157 [main] INFO  ratis.OzoneManagerStateMachine (OzoneManagerStateMachine.java:loadSnapshotInfoFromDB(575)) - TransactionInfo not found in OM DB.
2024-03-04 12:58:01,158 [main] INFO  server.RaftServer (ConfUtils.java:logGet(46)) - raft.rpc.type = GRPC (default)
2024-03-04 12:58:01,158 [main] INFO  grpc.GrpcConfigKeys (ConfUtils.java:logFallback(53)) - raft.grpc.admin.host = null (fallback to raft.grpc.server.host)
2024-03-04 12:58:01,158 [main] INFO  grpc.GrpcConfigKeys (ConfUtils.java:logFallback(53)) - raft.grpc.admin.port = 15140 (fallback to raft.grpc.server.port)
2024-03-04 12:58:01,158 [main] INFO  grpc.GrpcConfigKeys (ConfUtils.java:logFallback(53)) - raft.grpc.client.host = null (fallback to raft.grpc.server.host)
2024-03-04 12:58:01,158 [main] INFO  grpc.GrpcConfigKeys (ConfUtils.java:logFallback(53)) - raft.grpc.client.port = 15140 (fallback to raft.grpc.server.port)
2024-03-04 12:58:01,158 [main] INFO  grpc.GrpcConfigKeys (ConfUtils.java:logGet(46)) - raft.grpc.server.host = null (default)
2024-03-04 12:58:01,159 [main] INFO  grpc.GrpcConfigKeys (ConfUtils.java:logGet(46)) - raft.grpc.server.port = 15140 (custom)
2024-03-04 12:58:01,159 [main] INFO  server.GrpcService (ConfUtils.java:logGet(46)) - raft.grpc.message.size.max = 4194304 (custom)
2024-03-04 12:58:01,159 [main] INFO  server.RaftServerConfigKeys (ConfUtils.java:logGet(46)) - raft.server.log.appender.buffer.byte-limit = 4194304 (custom)
2024-03-04 12:58:01,159 [main] INFO  server.GrpcService (ConfUtils.java:logGet(46)) - raft.grpc.flow.control.window = 1MB (=1048576) (default)
2024-03-04 12:58:01,159 [main] INFO  server.RaftServerConfigKeys (ConfUtils.java:logGet(46)) - raft.server.rpc.request.timeout = 3000ms (default)
2024-03-04 12:58:01,159 [main] INFO  grpc.GrpcConfigKeys (ConfUtils.java:logGet(46)) - raft.grpc.server.heartbeat.channel = true (default)
2024-03-04 12:58:01,159 [main] INFO  grpc.GrpcConfigKeys (ConfUtils.java:logGet(46)) - raft.grpc.server.async.request.thread.pool.cached = true (default)
2024-03-04 12:58:01,159 [main] INFO  grpc.GrpcConfigKeys (ConfUtils.java:logGet(46)) - raft.grpc.server.async.request.thread.pool.size = 32 (default)
2024-03-04 12:58:01,160 [main] INFO  impl.DataStreamServerImpl (ConfUtils.java:logGet(46)) - raft.datastream.type = DISABLED (default)
2024-03-04 12:58:01,160 [main] INFO  server.RaftServerConfigKeys (ConfUtils.java:logGet(46)) - raft.server.sleep.deviation.threshold = 300ms (default)
2024-03-04 12:58:01,160 [main] INFO  server.RaftServerConfigKeys (ConfUtils.java:logGet(46)) - raft.server.close.threshold = 60s (default)
2024-03-04 12:58:01,160 [main] INFO  server.RaftServerConfigKeys (ConfUtils.java:logGet(46)) - raft.server.leaderelection.leader.step-down.wait-time = 10s (default)
2024-03-04 12:58:01,161 [main] INFO  server.RaftServerConfigKeys (ConfUtils.java:logGet(46)) - raft.server.storage.dir = [/home/runner/work/ozone/ozone/hadoop-ozone/integration-test/target/test-dir/MiniOzoneClusterImpl-d5abb160-17eb-4229-abdc-d3875330a01a/omNode-2/ratis] (custom)
2024-03-04 12:58:01,161 [main] INFO  server.RaftServerConfigKeys (ConfUtils.java:logGet(46)) - raft.server.threadpool.proxy.cached = true (default)
2024-03-04 12:58:01,161 [main] INFO  server.RaftServerConfigKeys (ConfUtils.java:logGet(46)) - raft.server.threadpool.proxy.size = 0 (default)
2024-03-04 12:58:01,161 [main] INFO  server.RaftServer (RaftServerProxy.java:addNew(100)) - omNode-2: addNew group-523986131536:[omNode-3|localhost:15144, omNode-1|localhost:15136, omNode-2|localhost:15140] returns group-523986131536:java.util.concurrent.CompletableFuture@7183f49e[Not completed]
2024-03-04 12:58:01,161 [main] INFO  om.OzoneManager (OzoneManager.java:initializeRatisServer(2140)) - OzoneManager Ratis server initialized at port 15140
2024-03-04 12:58:01,161 [omNode-2-groupManagement] INFO  server.RaftServer$Division (RaftServerImpl.java:<init>(256)) - omNode-2: new RaftServerImpl for group-523986131536:[omNode-3|localhost:15144, omNode-1|localhost:15136, omNode-2|localhost:15140] with OzoneManagerStateMachine:uninitialized
2024-03-04 12:58:01,162 [main] INFO  om.OzoneManager (OzoneManager.java:getRpcServer(1206)) - Creating RPC Server
2024-03-04 12:58:01,162 [omNode-2-groupManagement] INFO  server.RaftServerConfigKeys (ConfUtils.java:logGet(46)) - raft.server.rpc.timeout.min = 1s (custom)
2024-03-04 12:58:01,162 [omNode-2-groupManagement] INFO  server.RaftServerConfigKeys (ConfUtils.java:logGet(46)) - raft.server.rpc.timeout.max = 1200ms (custom)
2024-03-04 12:58:01,162 [omNode-2-groupManagement] INFO  server.RaftServerConfigKeys (ConfUtils.java:logGet(46)) - raft.server.rpc.sleep.time = 25ms (default)
2024-03-04 12:58:01,162 [omNode-2-groupManagement] INFO  server.RaftServerConfigKeys (ConfUtils.java:logGet(46)) - raft.server.rpc.slowness.timeout = 2s (custom)
2024-03-04 12:58:01,162 [omNode-2-groupManagement] INFO  server.RaftServerConfigKeys (ConfUtils.java:logGet(46)) - raft.server.leaderelection.leader.step-down.wait-time = 10s (default)
2024-03-04 12:58:01,162 [omNode-2-groupManagement] INFO  server.RaftServerConfigKeys (ConfUtils.java:logGet(46)) - raft.server.leaderelection.member.majority-add = false (default)
2024-03-04 12:58:01,162 [omNode-2-groupManagement] INFO  server.RaftServerConfigKeys (ConfUtils.java:logGet(46)) - raft.server.sleep.deviation.threshold = 300ms (default)
2024-03-04 12:58:01,162 [omNode-2-groupManagement] INFO  server.RaftServer$Division (ServerState.java:<init>(113)) - omNode-2@group-523986131536: ConfigurationManager, init=-1: peers:[omNode-3|localhost:15144, omNode-1|localhost:15136, omNode-2|localhost:15140]|listeners:[], old=null, confs=<EMPTY_MAP>
2024-03-04 12:58:01,162 [omNode-2-groupManagement] INFO  server.RaftServerConfigKeys (ConfUtils.java:logGet(46)) - raft.server.notification.no-leader.timeout = 2s (custom)
2024-03-04 12:58:01,162 [omNode-2-groupManagement] INFO  server.RaftServerConfigKeys (ConfUtils.java:logGet(46)) - raft.server.read.timeout = 10s (default)
2024-03-04 12:58:01,162 [omNode-2-groupManagement] INFO  server.RaftServerConfigKeys (ConfUtils.java:logGet(46)) - raft.server.retrycache.expirytime = 30000ms (custom)
2024-03-04 12:58:01,162 [omNode-2-groupManagement] INFO  server.RaftServerConfigKeys (ConfUtils.java:logGet(46)) - raft.server.retrycache.statistics.expirytime = 100ms (default)
2024-03-04 12:58:01,163 [omNode-2-groupManagement] INFO  server.RaftServerConfigKeys (ConfUtils.java:logGet(46)) - raft.server.read.option = DEFAULT (default)
2024-03-04 12:58:01,163 [omNode-2-groupManagement] INFO  server.RaftServerConfigKeys (ConfUtils.java:logGet(46)) - raft.server.read.read-after-write-consistent.write-index-cache.expiry-time = 60s (default)
2024-03-04 12:58:01,163 [omNode-2-groupManagement] INFO  server.RaftServerConfigKeys (ConfUtils.java:logGet(46)) - raft.server.rpc.request.timeout = 3000ms (default)
2024-03-04 12:58:01,163 [omNode-2-groupManagement] INFO  server.RaftServerConfigKeys (ConfUtils.java:logGet(46)) - raft.server.log.appender.install.snapshot.enabled = false (custom)
2024-03-04 12:58:01,163 [omNode-2-groupManagement] INFO  server.RaftServerConfigKeys (ConfUtils.java:logGet(46)) - raft.server.threadpool.server.cached = true (default)
2024-03-04 12:58:01,163 [omNode-2-groupManagement] INFO  server.RaftServerConfigKeys (ConfUtils.java:logGet(46)) - raft.server.threadpool.server.size = 0 (default)
2024-03-04 12:58:01,164 [omNode-2-groupManagement] INFO  server.RaftServerConfigKeys (ConfUtils.java:logGet(46)) - raft.server.threadpool.client.cached = true (default)
2024-03-04 12:58:01,164 [omNode-2-groupManagement] INFO  server.RaftServerConfigKeys (ConfUtils.java:logGet(46)) - raft.server.threadpool.client.size = 0 (default)
2024-03-04 12:58:01,344 [main] INFO  ipc.CallQueueManager (CallQueueManager.java:<init>(90)) - Using callQueue: class java.util.concurrent.LinkedBlockingQueue, queueCapacity: 2000, scheduler: class org.apache.hadoop.ipc.DefaultRpcScheduler, ipcBackoff: false.
2024-03-04 12:58:01,344 [main] INFO  ipc.Server (Server.java:<init>(1287)) - Listener at 127.0.0.1:15137
2024-03-04 12:58:01,344 [Socket Reader #1 for port 15137] INFO  ipc.Server (Server.java:run(1323)) - Starting Socket Reader #1 for port 15137
2024-03-04 12:58:01,362 [main] INFO  impl.MetricsSystemImpl (MetricsSystemImpl.java:init(158)) - OzoneManager metrics system started (again)
2024-03-04 12:58:01,369 [main] INFO  om.OzoneManager (OzoneManager.java:start(1628)) - OzoneManager RPC server is listening at localhost/127.0.0.1:15137
2024-03-04 12:58:01,369 [main] INFO  ratis.OzoneManagerRatisServer (OzoneManagerRatisServer.java:start(588)) - Starting OzoneManagerRatisServer omNode-2 at port 15140
2024-03-04 12:58:01,369 [omNode-2-impl-thread1] INFO  server.RaftServerConfigKeys (ConfUtils.java:logGet(46)) - raft.server.storage.free-space.min = 0MB (=0) (default)
2024-03-04 12:58:01,369 [omNode-2-impl-thread1] INFO  server.RaftServerConfigKeys (ConfUtils.java:logGet(46)) - raft.server.log.corruption.policy = EXCEPTION (default)
2024-03-04 12:58:01,369 [omNode-2-impl-thread1] INFO  server.RaftServerConfigKeys (ConfUtils.java:logGet(46)) - raft.server.storage.dir = [/home/runner/work/ozone/ozone/hadoop-ozone/integration-test/target/test-dir/MiniOzoneClusterImpl-d5abb160-17eb-4229-abdc-d3875330a01a/omNode-2/ratis] (custom)
2024-03-04 12:58:01,369 [omNode-2-impl-thread1] INFO  storage.RaftStorageDirectory (RaftStorageDirectoryImpl.java:analyzeStorage(138)) - The storage directory /home/runner/work/ozone/ozone/hadoop-ozone/integration-test/target/test-dir/MiniOzoneClusterImpl-d5abb160-17eb-4229-abdc-d3875330a01a/omNode-2/ratis/c9bc4cf4-3bc3-3c60-a66b-523986131536 does not exist. Creating ...
2024-03-04 12:58:01,370 [omNode-2-impl-thread1] INFO  storage.RaftStorageDirectory (RaftStorageDirectoryImpl.java:tryLock(228)) - Lock on /home/runner/work/ozone/ozone/hadoop-ozone/integration-test/target/test-dir/MiniOzoneClusterImpl-d5abb160-17eb-4229-abdc-d3875330a01a/omNode-2/ratis/c9bc4cf4-3bc3-3c60-a66b-523986131536/in_use.lock acquired by nodename 41993@fv-az571-795
2024-03-04 12:58:01,371 [omNode-2-impl-thread1] INFO  storage.RaftStorage (RaftStorageImpl.java:format(99)) - Storage directory /home/runner/work/ozone/ozone/hadoop-ozone/integration-test/target/test-dir/MiniOzoneClusterImpl-d5abb160-17eb-4229-abdc-d3875330a01a/omNode-2/ratis/c9bc4cf4-3bc3-3c60-a66b-523986131536 has been successfully formatted.
2024-03-04 12:58:01,371 [omNode-2-impl-thread1] WARN  util.FileUtils (LogUtils.java:supplyAndLog(63)) - Failed to Files.newInputStream /home/runner/work/ozone/ozone/hadoop-ozone/integration-test/target/test-dir/MiniOzoneClusterImpl-d5abb160-17eb-4229-abdc-d3875330a01a/omNode-2/ratis/c9bc4cf4-3bc3-3c60-a66b-523986131536/current/raft-meta.conf with options []: java.nio.file.NoSuchFileException: /home/runner/work/ozone/ozone/hadoop-ozone/integration-test/target/test-dir/MiniOzoneClusterImpl-d5abb160-17eb-4229-abdc-d3875330a01a/omNode-2/ratis/c9bc4cf4-3bc3-3c60-a66b-523986131536/current/raft-meta.conf
2024-03-04 12:58:01,371 [omNode-2-impl-thread1] INFO  server.RaftServerConfigKeys (ConfUtils.java:logGet(46)) - raft.server.log.use.memory = false (default)
2024-03-04 12:58:01,371 [omNode-2-impl-thread1] INFO  server.RaftServerConfigKeys (ConfUtils.java:logGet(46)) - raft.server.log.purge.gap = 50 (custom)
2024-03-04 12:58:01,371 [omNode-2-impl-thread1] INFO  server.RaftServerConfigKeys (ConfUtils.java:logGet(46)) - raft.server.log.appender.buffer.byte-limit = 4194304 (custom)
2024-03-04 12:58:01,372 [omNode-2-impl-thread1] INFO  server.RaftServerConfigKeys (ConfUtils.java:logGet(46)) - raft.server.log.statemachine.data.read.timeout = 1000ms (default)
2024-03-04 12:58:01,372 [omNode-2-impl-thread1] INFO  server.RaftServerConfigKeys (ConfUtils.java:logGet(46)) - raft.server.log.purge.preservation.log.num = 0 (default)
2024-03-04 12:58:01,372 [omNode-2-impl-thread1] INFO  server.RaftServerConfigKeys (ConfUtils.java:logGet(46)) - raft.server.log.segment.size.max = 4194304 (custom)
2024-03-04 12:58:01,372 [omNode-2-impl-thread1] INFO  server.RaftServerConfigKeys (ConfUtils.java:logGet(46)) - raft.server.log.segment.cache.num.max = 2 (custom)
2024-03-04 12:58:01,372 [omNode-2-impl-thread1] INFO  server.RaftServerConfigKeys (ConfUtils.java:logGet(46)) - raft.server.log.segment.cache.size.max = 200MB (=209715200) (default)
2024-03-04 12:58:01,372 [omNode-2-impl-thread1] INFO  server.RaftServerConfigKeys (ConfUtils.java:logGet(46)) - raft.server.log.appender.buffer.byte-limit = 4194304 (custom)
2024-03-04 12:58:01,372 [omNode-2-impl-thread1] INFO  util.AwaitToRun (AwaitToRun.java:start(81)) - Thread[omNode-2@group-523986131536-cacheEviction-AwaitToRun,5,main] started
2024-03-04 12:58:01,373 [omNode-2-impl-thread1] INFO  segmented.SegmentedRaftLogWorker (SegmentedRaftLogWorker.java:<init>(182)) - new omNode-2@group-523986131536-SegmentedRaftLogWorker for RaftStorageImpl:Storage Directory /home/runner/work/ozone/ozone/hadoop-ozone/integration-test/target/test-dir/MiniOzoneClusterImpl-d5abb160-17eb-4229-abdc-d3875330a01a/omNode-2/ratis/c9bc4cf4-3bc3-3c60-a66b-523986131536
2024-03-04 12:58:01,373 [omNode-2-impl-thread1] INFO  server.RaftServerConfigKeys (ConfUtils.java:logGet(46)) - raft.server.log.queue.byte-limit = 64MB (=67108864) (default)
2024-03-04 12:58:01,373 [omNode-2-impl-thread1] INFO  server.RaftServerConfigKeys (ConfUtils.java:logGet(46)) - raft.server.log.queue.element-limit = 4096 (default)
2024-03-04 12:58:01,373 [omNode-2-impl-thread1] INFO  server.RaftServerConfigKeys (ConfUtils.java:logGet(46)) - raft.server.log.segment.size.max = 4194304 (custom)
2024-03-04 12:58:01,373 [omNode-2-impl-thread1] INFO  server.RaftServerConfigKeys (ConfUtils.java:logGet(46)) - raft.server.log.preallocated.size = 4194304 (custom)
2024-03-04 12:58:01,373 [omNode-2-impl-thread1] INFO  server.RaftServerConfigKeys (ConfUtils.java:logGet(46)) - raft.server.log.force.sync.num = 128 (default)
2024-03-04 12:58:01,373 [omNode-2-impl-thread1] INFO  server.RaftServerConfigKeys (ConfUtils.java:logGet(46)) - raft.server.log.statemachine.data.sync = true (default)
2024-03-04 12:58:01,373 [omNode-2-impl-thread1] INFO  server.RaftServerConfigKeys (ConfUtils.java:logGet(46)) - raft.server.log.statemachine.data.sync.timeout = 10s (default)
2024-03-04 12:58:01,373 [omNode-2-impl-thread1] INFO  server.RaftServerConfigKeys (ConfUtils.java:logGet(46)) - raft.server.log.statemachine.data.sync.timeout.retry = -1 (default)
2024-03-04 12:58:01,373 [omNode-2-impl-thread1] INFO  server.RaftServerConfigKeys (ConfUtils.java:logGet(46)) - raft.server.log.write.buffer.size = 4194312 (custom)
2024-03-04 12:58:01,373 [omNode-2-impl-thread1] INFO  server.RaftServerConfigKeys (ConfUtils.java:logGet(46)) - raft.server.log.appender.buffer.byte-limit = 4194304 (custom)
2024-03-04 12:58:01,374 [omNode-2-impl-thread1] INFO  server.RaftServerConfigKeys (ConfUtils.java:logGet(46)) - raft.server.log.unsafe-flush.enabled = false (default)
2024-03-04 12:58:01,374 [omNode-2-impl-thread1] INFO  server.RaftServerConfigKeys (ConfUtils.java:logGet(46)) - raft.server.log.async-flush.enabled = false (default)
2024-03-04 12:58:01,374 [omNode-2-impl-thread1] INFO  server.RaftServerConfigKeys (ConfUtils.java:logGet(46)) - raft.server.log.statemachine.data.caching.enabled = false (default)
2024-03-04 12:58:01,374 [omNode-2-impl-thread1] INFO  segmented.SegmentedRaftLogWorker (SegmentedRaftLogWorker.java:lambda$new$0(134)) - omNode-2@group-523986131536-SegmentedRaftLogWorker: flushIndex: setUnconditionally 0 -> -1
2024-03-04 12:58:01,374 [omNode-2-impl-thread1] INFO  segmented.SegmentedRaftLogWorker (SegmentedRaftLogWorker.java:lambda$new$0(134)) - omNode-2@group-523986131536-SegmentedRaftLogWorker: safeCacheEvictIndex: setUnconditionally 0 -> -1
2024-03-04 12:58:01,374 [omNode-2-impl-thread1] INFO  server.RaftServer$Division (RaftServerImpl.java:start(396)) - omNode-2@group-523986131536: start as a follower, conf=-1: peers:[omNode-3|localhost:15144, omNode-1|localhost:15136, omNode-2|localhost:15140]|listeners:[], old=null
2024-03-04 12:58:01,374 [omNode-2-impl-thread1] INFO  server.RaftServer$Division (RaftServerImpl.java:setRole(383)) - omNode-2@group-523986131536: changes role from      null to FOLLOWER at term 0 for startAsFollower
2024-03-04 12:58:01,374 [omNode-2-impl-thread1] INFO  impl.RoleInfo (RoleInfo.java:updateAndGet(139)) - omNode-2: start omNode-2@group-523986131536-FollowerState
2024-03-04 12:58:01,374 [omNode-2-impl-thread1] INFO  util.JmxRegister (JmxRegister.java:tryRegister(44)) - Successfully registered JMX Bean with object name Ratis:service=RaftServer,group=group-523986131536,id=omNode-2
2024-03-04 12:58:01,374 [omNode-2@group-523986131536-FollowerState] INFO  server.RaftServerConfigKeys (ConfUtils.java:logFallback(53)) - raft.server.rpc.first-election.timeout.min = 1s (fallback to raft.server.rpc.timeout.min)
2024-03-04 12:58:01,374 [omNode-2-impl-thread1] INFO  server.RaftServerConfigKeys (ConfUtils.java:logGet(46)) - raft.server.snapshot.trigger-when-stop.enabled = true (default)
2024-03-04 12:58:01,375 [omNode-2@group-523986131536-FollowerState] INFO  server.RaftServerConfigKeys (ConfUtils.java:logFallback(53)) - raft.server.rpc.first-election.timeout.max = 1200ms (fallback to raft.server.rpc.timeout.max)
2024-03-04 12:58:01,375 [omNode-2-impl-thread1] INFO  server.RaftServerConfigKeys (ConfUtils.java:logGet(46)) - raft.server.snapshot.auto.trigger.enabled = true (custom)
2024-03-04 12:58:01,375 [omNode-2-impl-thread1] INFO  server.RaftServerConfigKeys (ConfUtils.java:logGet(46)) - raft.server.snapshot.auto.trigger.threshold = 50 (custom)
2024-03-04 12:58:01,375 [omNode-2-impl-thread1] INFO  server.RaftServerConfigKeys (ConfUtils.java:logGet(46)) - raft.server.snapshot.retention.file.num = -1 (default)
2024-03-04 12:58:01,375 [omNode-2-impl-thread1] INFO  server.RaftServerConfigKeys (ConfUtils.java:logGet(46)) - raft.server.log.purge.upto.snapshot.index = true (custom)
2024-03-04 12:58:01,375 [main] INFO  server.RaftServer (RaftServerProxy.java:startImpl(406)) - omNode-2: start RPC server
2024-03-04 12:58:01,376 [main] INFO  server.GrpcService (GrpcService.java:startImpl(302)) - omNode-2: GrpcService started, listening on 15140
2024-03-04 12:58:01,376 [JvmPauseMonitor41] INFO  util.JvmPauseMonitor (JvmPauseMonitor.java:run(146)) - JvmPauseMonitor-omNode-2: Started
2024-03-04 12:58:01,377 [main] INFO  om.OzoneManager (OzoneManager.java:start(1644)) - Version File has different layout version (6) than OM DB (null). That is expected if this OM has never been finalized to a newer layout version.
2024-03-04 12:58:01,379 [main] INFO  http.BaseHttpServer (BaseHttpServer.java:newHttpServer2BuilderForOzone(223)) - Starting Web-server for ozoneManager at: http://0.0.0.0:15138
2024-03-04 12:58:01,379 [main] INFO  http.BaseHttpServer (BaseHttpServer.java:<init>(110)) - Hadoop Security Enabled: false Ozone Security Enabled: false Ozone HTTP Security Enabled: false 
2024-03-04 12:58:01,379 [main] WARN  server.AuthenticationFilter (AuthenticationFilter.java:constructSecretProvider(240)) - Unable to initialize FileSignerSecretProvider, falling back to use random secrets. Reason: Could not read signature secret file: /home/runner/hadoop-http-auth-signature-secret
2024-03-04 12:58:01,380 [main] INFO  http.HttpRequestLog (HttpRequestLog.java:getRequestLog(86)) - Http request log for http.requests.ozoneManager is not defined
2024-03-04 12:58:01,380 [main] INFO  http.HttpServer2 (HttpServer2.java:addGlobalFilter(1036)) - Added global filter 'safety' (class=org.apache.hadoop.hdds.server.http.HttpServer2$QuotingInputFilter)
2024-03-04 12:58:01,381 [main] INFO  http.HttpServer2 (HttpServer2.java:addFilter(1012)) - Added filter static_user_filter (class=org.apache.hadoop.http.lib.StaticUserWebFilter$StaticUserFilter) to context ozoneManager
2024-03-04 12:58:01,381 [main] INFO  http.HttpServer2 (HttpServer2.java:addFilter(1020)) - Added filter static_user_filter (class=org.apache.hadoop.http.lib.StaticUserWebFilter$StaticUserFilter) to context static
2024-03-04 12:58:01,381 [main] INFO  http.HttpServer2 (HttpServer2.java:addFilter(1020)) - Added filter static_user_filter (class=org.apache.hadoop.http.lib.StaticUserWebFilter$StaticUserFilter) to context logs
2024-03-04 12:58:01,381 [main] INFO  http.BaseHttpServer (BaseHttpServer.java:<init>(189)) - HTTP server of ozoneManager uses base directory /home/runner/work/ozone/ozone/hadoop-ozone/integration-test/target/test-dir/MiniOzoneClusterImpl-d5abb160-17eb-4229-abdc-d3875330a01a/omNode-2/webserver
2024-03-04 12:58:01,381 [main] INFO  http.HttpServer2 (HttpServer2.java:bindListener(1236)) - Jetty bound to port 15138
2024-03-04 12:58:01,382 [main] INFO  server.Server (Server.java:doStart(375)) - jetty-9.4.53.v20231009; built: 2023-10-09T12:29:09.265Z; git: 27bde00a0b95a1d5bbee0eae7984f891d2d0f8c9; jvm 1.8.0_402-b06
2024-03-04 12:58:01,383 [main] INFO  server.session (DefaultSessionIdManager.java:doStart(334)) - DefaultSessionIdManager workerName=node0
2024-03-04 12:58:01,383 [main] INFO  server.session (DefaultSessionIdManager.java:doStart(339)) - No SessionScavenger set, using defaults
2024-03-04 12:58:01,383 [main] INFO  server.session (HouseKeeper.java:startScavenging(132)) - node0 Scavenging every 600000ms
2024-03-04 12:58:01,384 [main] INFO  handler.ContextHandler (ContextHandler.java:doStart(921)) - Started o.e.j.s.ServletContextHandler@6e0c7754{logs,/logs,file:///home/runner/work/ozone/ozone/hadoop-ozone/integration-test/target/log,AVAILABLE}
2024-03-04 12:58:01,384 [main] INFO  handler.ContextHandler (ContextHandler.java:doStart(921)) - Started o.e.j.s.ServletContextHandler@56c9b1ea{static,/static,file:///home/runner/work/ozone/ozone/hadoop-ozone/integration-test/target/test-classes/webapps/static,AVAILABLE}
2024-03-04 12:58:01,386 [main] INFO  handler.ContextHandler (ContextHandler.java:doStart(921)) - Started o.e.j.w.WebAppContext@7cdf9984{ozoneManager,/,file:///home/runner/work/ozone/ozone/hadoop-ozone/integration-test/target/test-classes/webapps/ozoneManager/,AVAILABLE}{file:/home/runner/work/ozone/ozone/hadoop-ozone/integration-test/target/test-classes/webapps/ozoneManager}
2024-03-04 12:58:01,387 [main] INFO  server.AbstractConnector (AbstractConnector.java:doStart(333)) - Started ServerConnector@41c553ef{HTTP/1.1, (http/1.1)}{0.0.0.0:15138}
2024-03-04 12:58:01,387 [main] INFO  server.Server (Server.java:doStart(415)) - Started @376970ms
2024-03-04 12:58:01,387 [main] WARN  impl.MetricsSystemImpl (MetricsSystemImpl.java:register(279)) - Sink prometheus already exists!
2024-03-04 12:58:01,387 [main] INFO  http.BaseHttpServer (BaseHttpServer.java:updateConnectorAddress(354)) - HTTP server of ozoneManager listening at http://0.0.0.0:15138
2024-03-04 12:58:01,387 [IPC Server Responder] INFO  ipc.Server (Server.java:run(1562)) - IPC Server Responder: starting
2024-03-04 12:58:01,388 [IPC Server listener on 15137] INFO  ipc.Server (Server.java:run(1402)) - IPC Server listener on 15137: starting
2024-03-04 12:58:01,392 [main] INFO  om.OzoneManager (OzoneManager.java:startTrashEmptier(2093)) - Trash Interval set to 0. Files deleted won't move to trash
2024-03-04 12:58:01,392 [main] INFO  ozone.MiniOzoneHAClusterImpl (MiniOzoneHAClusterImpl.java:createOMService(516)) - Started OzoneManager omNode-2 RPC server at localhost/127.0.0.1:15137
2024-03-04 12:58:01,392 [main] INFO  ha.OMHANodeDetails (OMHANodeDetails.java:loadOMHAConfig(121)) - ServiceID for OzoneManager is om-service-test1
2024-03-04 12:58:01,393 [main] INFO  ha.OMHANodeDetails (OMHANodeDetails.java:loadOMHAConfig(201)) - Found matching OM address with OMServiceId: om-service-test1, OMNodeId: omNode-3, RPC Address: localhost:15141 and Ratis port: 15144
2024-03-04 12:58:01,393 [main] INFO  ha.OMHANodeDetails (ConfUtils.java:setNodeSpecificConfigs(97)) - Setting configuration key ozone.om.http-address with value of key ozone.om.http-address.om-service-test1.omNode-3: 127.0.0.1:15142
2024-03-04 12:58:01,393 [main] INFO  ha.OMHANodeDetails (ConfUtils.java:setNodeSpecificConfigs(97)) - Setting configuration key ozone.om.https-address with value of key ozone.om.https-address.om-service-test1.omNode-3: 127.0.0.1:15143
2024-03-04 12:58:01,393 [main] INFO  ha.OMHANodeDetails (ConfUtils.java:setNodeSpecificConfigs(97)) - Setting configuration key ozone.om.address with value of key ozone.om.address.om-service-test1.omNode-3: 127.0.0.1:15141
2024-03-04 12:58:01,393 [main] WARN  server.ServerUtils (ServerUtils.java:getDBPath(299)) - ozone.om.db.dirs is not configured. We recommend adding this setting. Falling back to ozone.metadata.dirs instead.
2024-03-04 12:58:01,394 [main] INFO  proxy.SCMBlockLocationFailoverProxyProvider (SCMBlockLocationFailoverProxyProvider.java:<init>(115)) - Created block location fail-over proxy with 1 nodes: [nodeId=scmNodeId,nodeAddress=/0.0.0.0:15130]
OM initialization succeeded.Current cluster id for sd=/home/runner/work/ozone/ozone/hadoop-ozone/integration-test/target/test-dir/MiniOzoneClusterImpl-d5abb160-17eb-4229-abdc-d3875330a01a/omNode-3/om;cid=d5abb160-17eb-4229-abdc-d3875330a01a;layoutVersion=6
2024-03-04 12:58:01,397 [main] INFO  ha.OMHANodeDetails (OMHANodeDetails.java:loadOMHAConfig(121)) - ServiceID for OzoneManager is om-service-test1
2024-03-04 12:58:01,398 [main] INFO  ha.OMHANodeDetails (OMHANodeDetails.java:loadOMHAConfig(201)) - Found matching OM address with OMServiceId: om-service-test1, OMNodeId: omNode-3, RPC Address: localhost:15141 and Ratis port: 15144
2024-03-04 12:58:01,398 [main] INFO  ha.OMHANodeDetails (ConfUtils.java:setNodeSpecificConfigs(97)) - Setting configuration key ozone.om.http-address with value of key ozone.om.http-address.om-service-test1.omNode-3: 127.0.0.1:15142
2024-03-04 12:58:01,398 [main] INFO  ha.OMHANodeDetails (ConfUtils.java:setNodeSpecificConfigs(97)) - Setting configuration key ozone.om.https-address with value of key ozone.om.https-address.om-service-test1.omNode-3: 127.0.0.1:15143
2024-03-04 12:58:01,398 [main] INFO  ha.OMHANodeDetails (ConfUtils.java:setNodeSpecificConfigs(97)) - Setting configuration key ozone.om.address with value of key ozone.om.address.om-service-test1.omNode-3: 127.0.0.1:15141
2024-03-04 12:58:01,398 [main] WARN  server.ServerUtils (ServerUtils.java:getDBPath(299)) - ozone.om.db.dirs is not configured. We recommend adding this setting. Falling back to ozone.metadata.dirs instead.
2024-03-04 12:58:01,399 [main] INFO  upgrade.AbstractLayoutVersionManager (AbstractLayoutVersionManager.java:init(83)) - Initializing Layout version manager with metadata layout = QUOTA (version = 6), software layout = QUOTA (version = 6)
2024-03-04 12:58:01,435 [main] INFO  upgrade.OMLayoutVersionManager (OMLayoutVersionManager.java:lambda$0(113)) - Skipping Upgrade Action QuotaRepairUpgradeAction since it has been finalized.
2024-03-04 12:58:01,435 [main] INFO  upgrade.OMLayoutVersionManager (OMLayoutVersionManager.java:lambda$0(113)) - Skipping Upgrade Action MockOmUpgradeAction since it has been finalized.
2024-03-04 12:58:01,436 [main] WARN  server.ServerUtils (ServerUtils.java:getDBPath(299)) - ozone.om.db.dirs is not configured. We recommend adding this setting. Falling back to ozone.metadata.dirs instead.
2024-03-04 12:58:01,436 [main] INFO  proxy.SCMBlockLocationFailoverProxyProvider (SCMBlockLocationFailoverProxyProvider.java:<init>(115)) - Created block location fail-over proxy with 1 nodes: [nodeId=scmNodeId,nodeAddress=/0.0.0.0:15130]
2024-03-04 12:58:01,437 [main] INFO  proxy.SCMBlockLocationFailoverProxyProvider (SCMBlockLocationFailoverProxyProvider.java:<init>(115)) - Created block location fail-over proxy with 1 nodes: [nodeId=scmNodeId,nodeAddress=/0.0.0.0:15130]
2024-03-04 12:58:01,441 [main] INFO  om.OzoneManager (OzoneManager.java:<init>(672)) - OM start with adminUsers: [*, runner]
2024-03-04 12:58:01,442 [main] WARN  server.ServerUtils (ServerUtils.java:getDBPath(299)) - ozone.om.db.dirs is not configured. We recommend adding this setting. Falling back to ozone.metadata.dirs instead.
2024-03-04 12:58:01,442 [main] INFO  helpers.OmKeyInfo (OmKeyInfo.java:getCodec(71)) - OmKeyInfo.getCodec ignorePipeline = true
2024-03-04 12:58:01,568 [main] INFO  om.OzoneManager (OzoneManager.java:instantiateServices(804)) - S3 Multi-Tenancy is disabled
2024-03-04 12:58:01,569 [main] INFO  om.OmSnapshotManager (OmSnapshotManager.java:<init>(177)) - Ozone filesystem snapshot feature is enabled.
2024-03-04 12:58:01,569 [main] WARN  server.ServerUtils (ServerUtils.java:getDBPath(299)) - ozone.om.snapshot.diff.db.dir is not configured. We recommend adding this setting. Falling back to ozone.metadata.dirs instead.
2024-03-04 12:58:01,582 [main] INFO  utils.NativeLibraryLoader (NativeLibraryLoader.java:loadLibrary(108)) - Loading Library: ozone_rocksdb_tools
2024-03-04 12:58:01,583 [main] ERROR snapshot.SnapshotDiffManager (SnapshotDiffManager.java:initNativeLibraryForEfficientDiff(287)) - Native Library for raw sst file reading loading failed.
org.apache.hadoop.hdds.utils.NativeLibraryNotLoadedException: Unable to load library ozone_rocksdb_tools from both java.library.path & resource file libozone_rocksdb_tools.so from jar.
	at org.apache.hadoop.hdds.utils.db.managed.ManagedRawSSTFileReader.loadLibrary(ManagedRawSSTFileReader.java:38)
	at org.apache.hadoop.ozone.om.snapshot.SnapshotDiffManager.initNativeLibraryForEfficientDiff(SnapshotDiffManager.java:285)
	at org.apache.hadoop.ozone.om.snapshot.SnapshotDiffManager.<init>(SnapshotDiffManager.java:259)
	at org.apache.hadoop.ozone.om.OmSnapshotManager.<init>(OmSnapshotManager.java:279)
	at org.apache.hadoop.ozone.om.OzoneManager.instantiateServices(OzoneManager.java:856)
	at org.apache.hadoop.ozone.om.OzoneManager.<init>(OzoneManager.java:682)
	at org.apache.hadoop.ozone.om.OzoneManager.createOm(OzoneManager.java:767)
	at org.apache.hadoop.ozone.MiniOzoneHAClusterImpl$Builder.createOMService(MiniOzoneHAClusterImpl.java:509)
	at org.apache.hadoop.ozone.MiniOzoneHAClusterImpl$Builder.build(MiniOzoneHAClusterImpl.java:425)
	at org.apache.hadoop.ozone.om.TestOzoneManagerHA.init(TestOzoneManagerHA.java:179)
	at sun.reflect.NativeMethodAccessorImpl.invoke0(Native Method)
	at sun.reflect.NativeMethodAccessorImpl.invoke(NativeMethodAccessorImpl.java:62)
	at sun.reflect.DelegatingMethodAccessorImpl.invoke(DelegatingMethodAccessorImpl.java:43)
	at java.lang.reflect.Method.invoke(Method.java:498)
	at org.junit.platform.commons.util.ReflectionUtils.invokeMethod(ReflectionUtils.java:728)
	at org.junit.jupiter.engine.execution.MethodInvocation.proceed(MethodInvocation.java:60)
	at org.junit.jupiter.engine.execution.InvocationInterceptorChain$ValidatingInvocation.proceed(InvocationInterceptorChain.java:131)
	at org.junit.jupiter.engine.extension.TimeoutExtension.intercept(TimeoutExtension.java:156)
	at org.junit.jupiter.engine.extension.TimeoutExtension.interceptLifecycleMethod(TimeoutExtension.java:128)
	at org.junit.jupiter.engine.extension.TimeoutExtension.interceptBeforeAllMethod(TimeoutExtension.java:70)
	at org.junit.jupiter.engine.execution.InterceptingExecutableInvoker$ReflectiveInterceptorCall.lambda$ofVoidMethod$0(InterceptingExecutableInvoker.java:103)
	at org.junit.jupiter.engine.execution.InterceptingExecutableInvoker.lambda$invoke$0(InterceptingExecutableInvoker.java:93)
	at org.junit.jupiter.engine.execution.InvocationInterceptorChain$InterceptedInvocation.proceed(InvocationInterceptorChain.java:106)
	at org.junit.jupiter.engine.execution.InvocationInterceptorChain.proceed(InvocationInterceptorChain.java:64)
	at org.junit.jupiter.engine.execution.InvocationInterceptorChain.chainAndInvoke(InvocationInterceptorChain.java:45)
	at org.junit.jupiter.engine.execution.InvocationInterceptorChain.invoke(InvocationInterceptorChain.java:37)
	at org.junit.jupiter.engine.execution.InterceptingExecutableInvoker.invoke(InterceptingExecutableInvoker.java:92)
	at org.junit.jupiter.engine.execution.InterceptingExecutableInvoker.invoke(InterceptingExecutableInvoker.java:86)
	at org.junit.jupiter.engine.descriptor.ClassBasedTestDescriptor.lambda$invokeBeforeAllMethods$13(ClassBasedTestDescriptor.java:412)
	at org.junit.platform.engine.support.hierarchical.ThrowableCollector.execute(ThrowableCollector.java:73)
	at org.junit.jupiter.engine.descriptor.ClassBasedTestDescriptor.invokeBeforeAllMethods(ClassBasedTestDescriptor.java:410)
	at org.junit.jupiter.engine.descriptor.ClassBasedTestDescriptor.before(ClassBasedTestDescriptor.java:216)
	at org.junit.jupiter.engine.descriptor.ClassBasedTestDescriptor.before(ClassBasedTestDescriptor.java:85)
	at org.junit.platform.engine.support.hierarchical.NodeTestTask.lambda$executeRecursively$6(NodeTestTask.java:148)
	at org.junit.platform.engine.support.hierarchical.ThrowableCollector.execute(ThrowableCollector.java:73)
	at org.junit.platform.engine.support.hierarchical.NodeTestTask.lambda$executeRecursively$8(NodeTestTask.java:141)
	at org.junit.platform.engine.support.hierarchical.Node.around(Node.java:137)
	at org.junit.platform.engine.support.hierarchical.NodeTestTask.lambda$executeRecursively$9(NodeTestTask.java:139)
	at org.junit.platform.engine.support.hierarchical.ThrowableCollector.execute(ThrowableCollector.java:73)
	at org.junit.platform.engine.support.hierarchical.NodeTestTask.executeRecursively(NodeTestTask.java:138)
	at org.junit.platform.engine.support.hierarchical.NodeTestTask.execute(NodeTestTask.java:95)
	at java.util.ArrayList.forEach(ArrayList.java:1259)
	at org.junit.platform.engine.support.hierarchical.SameThreadHierarchicalTestExecutorService.invokeAll(SameThreadHierarchicalTestExecutorService.java:41)
	at org.junit.platform.engine.support.hierarchical.NodeTestTask.lambda$executeRecursively$6(NodeTestTask.java:155)
	at org.junit.platform.engine.support.hierarchical.ThrowableCollector.execute(ThrowableCollector.java:73)
	at org.junit.platform.engine.support.hierarchical.NodeTestTask.lambda$executeRecursively$8(NodeTestTask.java:141)
	at org.junit.platform.engine.support.hierarchical.Node.around(Node.java:137)
	at org.junit.platform.engine.support.hierarchical.NodeTestTask.lambda$executeRecursively$9(NodeTestTask.java:139)
	at org.junit.platform.engine.support.hierarchical.ThrowableCollector.execute(ThrowableCollector.java:73)
	at org.junit.platform.engine.support.hierarchical.NodeTestTask.executeRecursively(NodeTestTask.java:138)
	at org.junit.platform.engine.support.hierarchical.NodeTestTask.execute(NodeTestTask.java:95)
	at org.junit.platform.engine.support.hierarchical.SameThreadHierarchicalTestExecutorService.submit(SameThreadHierarchicalTestExecutorService.java:35)
	at org.junit.platform.engine.support.hierarchical.HierarchicalTestExecutor.execute(HierarchicalTestExecutor.java:57)
	at org.junit.platform.engine.support.hierarchical.HierarchicalTestEngine.execute(HierarchicalTestEngine.java:54)
	at org.junit.platform.launcher.core.EngineExecutionOrchestrator.execute(EngineExecutionOrchestrator.java:198)
	at org.junit.platform.launcher.core.EngineExecutionOrchestrator.execute(EngineExecutionOrchestrator.java:169)
	at org.junit.platform.launcher.core.EngineExecutionOrchestrator.execute(EngineExecutionOrchestrator.java:93)
	at org.junit.platform.launcher.core.EngineExecutionOrchestrator.lambda$execute$0(EngineExecutionOrchestrator.java:58)
	at org.junit.platform.launcher.core.EngineExecutionOrchestrator.withInterceptedStreams(EngineExecutionOrchestrator.java:141)
	at org.junit.platform.launcher.core.EngineExecutionOrchestrator.execute(EngineExecutionOrchestrator.java:57)
	at org.junit.platform.launcher.core.DefaultLauncher.execute(DefaultLauncher.java:103)
	at org.junit.platform.launcher.core.DefaultLauncher.execute(DefaultLauncher.java:85)
	at org.junit.platform.launcher.core.DelegatingLauncher.execute(DelegatingLauncher.java:47)
	at org.junit.platform.launcher.core.SessionPerRequestLauncher.execute(SessionPerRequestLauncher.java:63)
	at org.apache.maven.surefire.junitplatform.JUnitPlatformProvider.invokeAllTests(JUnitPlatformProvider.java:165)
	at org.apache.maven.surefire.junitplatform.JUnitPlatformProvider.invoke(JUnitPlatformProvider.java:124)
	at org.apache.maven.surefire.booter.ForkedBooter.runSuitesInProcess(ForkedBooter.java:428)
	at org.apache.maven.surefire.booter.ForkedBooter.execute(ForkedBooter.java:162)
	at org.apache.maven.surefire.booter.ForkedBooter.run(ForkedBooter.java:562)
	at org.apache.maven.surefire.booter.ForkedBooter.main(ForkedBooter.java:548)
2024-03-04 12:58:01,585 [main] INFO  om.OzoneManager (OzoneManager.java:addS3GVolumeToDB(4426)) - Created Volume s3v With Owner runner required for S3Gateway operations.
2024-03-04 12:58:01,585 [main] WARN  server.ServerUtils (ServerUtils.java:getDefaultRatisDirectory(311)) - Storage directory for Ratis is not configured. It is a good idea to map this to an SSD disk. Falling back to ozone.metadata.dirs
2024-03-04 12:58:01,585 [main] WARN  utils.OzoneManagerRatisUtils (OzoneManagerRatisUtils.java:getOMRatisSnapshotDirectory(476)) - ozone.om.ratis.snapshot.dir is not configured. Falling back to ozone.metadata.dirs config
2024-03-04 12:58:01,586 [main] INFO  utils.RDBSnapshotProvider (RDBSnapshotProvider.java:init(87)) - Cleaning up the candidate dir: /home/runner/work/ozone/ozone/hadoop-ozone/integration-test/target/test-dir/MiniOzoneClusterImpl-d5abb160-17eb-4229-abdc-d3875330a01a/omNode-3/snapshot/om.db.candidate
2024-03-04 12:58:01,586 [main] INFO  ratis_snapshot.OmRatisSnapshotProvider (OmRatisSnapshotProvider.java:<init>(99)) - Initializing OM Snapshot Provider
2024-03-04 12:58:01,587 [main] WARN  dropwizard3.Dm3MetricRegistriesImpl (Dm3MetricRegistriesImpl.java:addReporterRegistration(113)) - New reporters are added after registries were created. Some metrics will be missing from the reporter. Please add reporter before adding any new registry.
2024-03-04 12:58:01,587 [main] WARN  dropwizard3.Dm3MetricRegistriesImpl (Dm3MetricRegistriesImpl.java:addReporterRegistration(113)) - New reporters are added after registries were created. Some metrics will be missing from the reporter. Please add reporter before adding any new registry.
2024-03-04 12:58:01,587 [main] WARN  server.ServerUtils (ServerUtils.java:getDefaultRatisDirectory(311)) - Storage directory for Ratis is not configured. It is a good idea to map this to an SSD disk. Falling back to ozone.metadata.dirs
2024-03-04 12:58:01,588 [main] INFO  ratis.OzoneManagerRatisServer (OzoneManagerRatisServer.java:<init>(167)) - Instantiating OM Ratis server with groupID: om-service-test1 and peers: localhost:15144, localhost:15136, localhost:15140
2024-03-04 12:58:01,588 [main] INFO  ratis.OzoneManagerStateMachine (OzoneManagerStateMachine.java:loadSnapshotInfoFromDB(575)) - TransactionInfo not found in OM DB.
2024-03-04 12:58:01,588 [main] INFO  server.RaftServer (ConfUtils.java:logGet(46)) - raft.rpc.type = GRPC (default)
2024-03-04 12:58:01,589 [main] INFO  grpc.GrpcConfigKeys (ConfUtils.java:logFallback(53)) - raft.grpc.admin.host = null (fallback to raft.grpc.server.host)
2024-03-04 12:58:01,589 [main] INFO  grpc.GrpcConfigKeys (ConfUtils.java:logFallback(53)) - raft.grpc.admin.port = 15144 (fallback to raft.grpc.server.port)
2024-03-04 12:58:01,589 [main] INFO  grpc.GrpcConfigKeys (ConfUtils.java:logFallback(53)) - raft.grpc.client.host = null (fallback to raft.grpc.server.host)
2024-03-04 12:58:01,589 [main] INFO  grpc.GrpcConfigKeys (ConfUtils.java:logFallback(53)) - raft.grpc.client.port = 15144 (fallback to raft.grpc.server.port)
2024-03-04 12:58:01,589 [main] INFO  grpc.GrpcConfigKeys (ConfUtils.java:logGet(46)) - raft.grpc.server.host = null (default)
2024-03-04 12:58:01,589 [main] INFO  grpc.GrpcConfigKeys (ConfUtils.java:logGet(46)) - raft.grpc.server.port = 15144 (custom)
2024-03-04 12:58:01,590 [main] INFO  server.GrpcService (ConfUtils.java:logGet(46)) - raft.grpc.message.size.max = 4194304 (custom)
2024-03-04 12:58:01,590 [main] INFO  server.RaftServerConfigKeys (ConfUtils.java:logGet(46)) - raft.server.log.appender.buffer.byte-limit = 4194304 (custom)
2024-03-04 12:58:01,590 [main] INFO  server.GrpcService (ConfUtils.java:logGet(46)) - raft.grpc.flow.control.window = 1MB (=1048576) (default)
2024-03-04 12:58:01,590 [main] INFO  server.RaftServerConfigKeys (ConfUtils.java:logGet(46)) - raft.server.rpc.request.timeout = 3000ms (default)
2024-03-04 12:58:01,590 [main] INFO  grpc.GrpcConfigKeys (ConfUtils.java:logGet(46)) - raft.grpc.server.heartbeat.channel = true (default)
2024-03-04 12:58:01,591 [main] INFO  grpc.GrpcConfigKeys (ConfUtils.java:logGet(46)) - raft.grpc.server.async.request.thread.pool.cached = true (default)
2024-03-04 12:58:01,591 [main] INFO  grpc.GrpcConfigKeys (ConfUtils.java:logGet(46)) - raft.grpc.server.async.request.thread.pool.size = 32 (default)
2024-03-04 12:58:01,592 [main] INFO  impl.DataStreamServerImpl (ConfUtils.java:logGet(46)) - raft.datastream.type = DISABLED (default)
2024-03-04 12:58:01,592 [main] INFO  server.RaftServerConfigKeys (ConfUtils.java:logGet(46)) - raft.server.sleep.deviation.threshold = 300ms (default)
2024-03-04 12:58:01,592 [main] INFO  server.RaftServerConfigKeys (ConfUtils.java:logGet(46)) - raft.server.close.threshold = 60s (default)
2024-03-04 12:58:01,592 [main] INFO  server.RaftServerConfigKeys (ConfUtils.java:logGet(46)) - raft.server.leaderelection.leader.step-down.wait-time = 10s (default)
2024-03-04 12:58:01,592 [main] INFO  server.RaftServerConfigKeys (ConfUtils.java:logGet(46)) - raft.server.storage.dir = [/home/runner/work/ozone/ozone/hadoop-ozone/integration-test/target/test-dir/MiniOzoneClusterImpl-d5abb160-17eb-4229-abdc-d3875330a01a/omNode-3/ratis] (custom)
2024-03-04 12:58:01,592 [main] INFO  server.RaftServerConfigKeys (ConfUtils.java:logGet(46)) - raft.server.threadpool.proxy.cached = true (default)
2024-03-04 12:58:01,593 [main] INFO  server.RaftServerConfigKeys (ConfUtils.java:logGet(46)) - raft.server.threadpool.proxy.size = 0 (default)
2024-03-04 12:58:01,593 [main] INFO  server.RaftServer (RaftServerProxy.java:addNew(100)) - omNode-3: addNew group-523986131536:[omNode-3|localhost:15144, omNode-1|localhost:15136, omNode-2|localhost:15140] returns group-523986131536:java.util.concurrent.CompletableFuture@27ab572b[Not completed]
2024-03-04 12:58:01,593 [omNode-3-groupManagement] INFO  server.RaftServer$Division (RaftServerImpl.java:<init>(256)) - omNode-3: new RaftServerImpl for group-523986131536:[omNode-3|localhost:15144, omNode-1|localhost:15136, omNode-2|localhost:15140] with OzoneManagerStateMachine:uninitialized
2024-03-04 12:58:01,593 [omNode-3-groupManagement] INFO  server.RaftServerConfigKeys (ConfUtils.java:logGet(46)) - raft.server.rpc.timeout.min = 1s (custom)
2024-03-04 12:58:01,593 [omNode-3-groupManagement] INFO  server.RaftServerConfigKeys (ConfUtils.java:logGet(46)) - raft.server.rpc.timeout.max = 1200ms (custom)
2024-03-04 12:58:01,593 [main] INFO  om.OzoneManager (OzoneManager.java:initializeRatisServer(2140)) - OzoneManager Ratis server initialized at port 15144
2024-03-04 12:58:01,594 [main] INFO  om.OzoneManager (OzoneManager.java:getRpcServer(1206)) - Creating RPC Server
2024-03-04 12:58:01,595 [omNode-3-groupManagement] INFO  server.RaftServerConfigKeys (ConfUtils.java:logGet(46)) - raft.server.rpc.sleep.time = 25ms (default)
2024-03-04 12:58:01,595 [omNode-3-groupManagement] INFO  server.RaftServerConfigKeys (ConfUtils.java:logGet(46)) - raft.server.rpc.slowness.timeout = 2s (custom)
2024-03-04 12:58:01,595 [omNode-3-groupManagement] INFO  server.RaftServerConfigKeys (ConfUtils.java:logGet(46)) - raft.server.leaderelection.leader.step-down.wait-time = 10s (default)
2024-03-04 12:58:01,595 [omNode-3-groupManagement] INFO  server.RaftServerConfigKeys (ConfUtils.java:logGet(46)) - raft.server.leaderelection.member.majority-add = false (default)
2024-03-04 12:58:01,595 [omNode-3-groupManagement] INFO  server.RaftServerConfigKeys (ConfUtils.java:logGet(46)) - raft.server.sleep.deviation.threshold = 300ms (default)
2024-03-04 12:58:01,595 [omNode-3-groupManagement] INFO  server.RaftServer$Division (ServerState.java:<init>(113)) - omNode-3@group-523986131536: ConfigurationManager, init=-1: peers:[omNode-3|localhost:15144, omNode-1|localhost:15136, omNode-2|localhost:15140]|listeners:[], old=null, confs=<EMPTY_MAP>
2024-03-04 12:58:01,595 [omNode-3-groupManagement] INFO  server.RaftServerConfigKeys (ConfUtils.java:logGet(46)) - raft.server.notification.no-leader.timeout = 2s (custom)
2024-03-04 12:58:01,595 [omNode-3-groupManagement] INFO  server.RaftServerConfigKeys (ConfUtils.java:logGet(46)) - raft.server.read.timeout = 10s (default)
2024-03-04 12:58:01,595 [omNode-3-groupManagement] INFO  server.RaftServerConfigKeys (ConfUtils.java:logGet(46)) - raft.server.retrycache.expirytime = 30000ms (custom)
2024-03-04 12:58:01,596 [omNode-3-groupManagement] INFO  server.RaftServerConfigKeys (ConfUtils.java:logGet(46)) - raft.server.retrycache.statistics.expirytime = 100ms (default)
2024-03-04 12:58:01,596 [omNode-3-groupManagement] INFO  server.RaftServerConfigKeys (ConfUtils.java:logGet(46)) - raft.server.read.option = DEFAULT (default)
2024-03-04 12:58:01,596 [omNode-3-groupManagement] INFO  server.RaftServerConfigKeys (ConfUtils.java:logGet(46)) - raft.server.read.read-after-write-consistent.write-index-cache.expiry-time = 60s (default)
2024-03-04 12:58:01,597 [omNode-3-groupManagement] INFO  server.RaftServerConfigKeys (ConfUtils.java:logGet(46)) - raft.server.rpc.request.timeout = 3000ms (default)
2024-03-04 12:58:01,597 [omNode-3-groupManagement] INFO  server.RaftServerConfigKeys (ConfUtils.java:logGet(46)) - raft.server.log.appender.install.snapshot.enabled = false (custom)
2024-03-04 12:58:01,597 [omNode-3-groupManagement] INFO  server.RaftServerConfigKeys (ConfUtils.java:logGet(46)) - raft.server.threadpool.server.cached = true (default)
2024-03-04 12:58:01,597 [omNode-3-groupManagement] INFO  server.RaftServerConfigKeys (ConfUtils.java:logGet(46)) - raft.server.threadpool.server.size = 0 (default)
2024-03-04 12:58:01,597 [omNode-3-groupManagement] INFO  server.RaftServerConfigKeys (ConfUtils.java:logGet(46)) - raft.server.threadpool.client.cached = true (default)
2024-03-04 12:58:01,597 [omNode-3-groupManagement] INFO  server.RaftServerConfigKeys (ConfUtils.java:logGet(46)) - raft.server.threadpool.client.size = 0 (default)
2024-03-04 12:58:01,830 [main] INFO  ipc.CallQueueManager (CallQueueManager.java:<init>(90)) - Using callQueue: class java.util.concurrent.LinkedBlockingQueue, queueCapacity: 2000, scheduler: class org.apache.hadoop.ipc.DefaultRpcScheduler, ipcBackoff: false.
2024-03-04 12:58:01,830 [main] INFO  ipc.Server (Server.java:<init>(1287)) - Listener at 127.0.0.1:15141
2024-03-04 12:58:01,830 [Socket Reader #1 for port 15141] INFO  ipc.Server (Server.java:run(1323)) - Starting Socket Reader #1 for port 15141
2024-03-04 12:58:01,844 [main] INFO  impl.MetricsSystemImpl (MetricsSystemImpl.java:init(158)) - OzoneManager metrics system started (again)
2024-03-04 12:58:01,851 [main] INFO  om.OzoneManager (OzoneManager.java:start(1628)) - OzoneManager RPC server is listening at localhost/127.0.0.1:15141
2024-03-04 12:58:01,851 [main] INFO  ratis.OzoneManagerRatisServer (OzoneManagerRatisServer.java:start(588)) - Starting OzoneManagerRatisServer omNode-3 at port 15144
2024-03-04 12:58:01,851 [omNode-3-impl-thread1] INFO  server.RaftServerConfigKeys (ConfUtils.java:logGet(46)) - raft.server.storage.free-space.min = 0MB (=0) (default)
2024-03-04 12:58:01,851 [omNode-3-impl-thread1] INFO  server.RaftServerConfigKeys (ConfUtils.java:logGet(46)) - raft.server.log.corruption.policy = EXCEPTION (default)
2024-03-04 12:58:01,852 [omNode-3-impl-thread1] INFO  server.RaftServerConfigKeys (ConfUtils.java:logGet(46)) - raft.server.storage.dir = [/home/runner/work/ozone/ozone/hadoop-ozone/integration-test/target/test-dir/MiniOzoneClusterImpl-d5abb160-17eb-4229-abdc-d3875330a01a/omNode-3/ratis] (custom)
2024-03-04 12:58:01,852 [omNode-3-impl-thread1] INFO  storage.RaftStorageDirectory (RaftStorageDirectoryImpl.java:analyzeStorage(138)) - The storage directory /home/runner/work/ozone/ozone/hadoop-ozone/integration-test/target/test-dir/MiniOzoneClusterImpl-d5abb160-17eb-4229-abdc-d3875330a01a/omNode-3/ratis/c9bc4cf4-3bc3-3c60-a66b-523986131536 does not exist. Creating ...
2024-03-04 12:58:01,853 [omNode-3-impl-thread1] INFO  storage.RaftStorageDirectory (RaftStorageDirectoryImpl.java:tryLock(228)) - Lock on /home/runner/work/ozone/ozone/hadoop-ozone/integration-test/target/test-dir/MiniOzoneClusterImpl-d5abb160-17eb-4229-abdc-d3875330a01a/omNode-3/ratis/c9bc4cf4-3bc3-3c60-a66b-523986131536/in_use.lock acquired by nodename 41993@fv-az571-795
2024-03-04 12:58:01,854 [omNode-3-impl-thread1] INFO  storage.RaftStorage (RaftStorageImpl.java:format(99)) - Storage directory /home/runner/work/ozone/ozone/hadoop-ozone/integration-test/target/test-dir/MiniOzoneClusterImpl-d5abb160-17eb-4229-abdc-d3875330a01a/omNode-3/ratis/c9bc4cf4-3bc3-3c60-a66b-523986131536 has been successfully formatted.
2024-03-04 12:58:01,854 [omNode-3-impl-thread1] WARN  util.FileUtils (LogUtils.java:supplyAndLog(63)) - Failed to Files.newInputStream /home/runner/work/ozone/ozone/hadoop-ozone/integration-test/target/test-dir/MiniOzoneClusterImpl-d5abb160-17eb-4229-abdc-d3875330a01a/omNode-3/ratis/c9bc4cf4-3bc3-3c60-a66b-523986131536/current/raft-meta.conf with options []: java.nio.file.NoSuchFileException: /home/runner/work/ozone/ozone/hadoop-ozone/integration-test/target/test-dir/MiniOzoneClusterImpl-d5abb160-17eb-4229-abdc-d3875330a01a/omNode-3/ratis/c9bc4cf4-3bc3-3c60-a66b-523986131536/current/raft-meta.conf
2024-03-04 12:58:01,854 [omNode-3-impl-thread1] INFO  server.RaftServerConfigKeys (ConfUtils.java:logGet(46)) - raft.server.log.use.memory = false (default)
2024-03-04 12:58:01,854 [omNode-3-impl-thread1] INFO  server.RaftServerConfigKeys (ConfUtils.java:logGet(46)) - raft.server.log.purge.gap = 50 (custom)
2024-03-04 12:58:01,854 [omNode-3-impl-thread1] INFO  server.RaftServerConfigKeys (ConfUtils.java:logGet(46)) - raft.server.log.appender.buffer.byte-limit = 4194304 (custom)
2024-03-04 12:58:01,854 [omNode-3-impl-thread1] INFO  server.RaftServerConfigKeys (ConfUtils.java:logGet(46)) - raft.server.log.statemachine.data.read.timeout = 1000ms (default)
2024-03-04 12:58:01,854 [omNode-3-impl-thread1] INFO  server.RaftServerConfigKeys (ConfUtils.java:logGet(46)) - raft.server.log.purge.preservation.log.num = 0 (default)
2024-03-04 12:58:01,855 [omNode-3-impl-thread1] INFO  server.RaftServerConfigKeys (ConfUtils.java:logGet(46)) - raft.server.log.segment.size.max = 4194304 (custom)
2024-03-04 12:58:01,855 [omNode-3-impl-thread1] INFO  server.RaftServerConfigKeys (ConfUtils.java:logGet(46)) - raft.server.log.segment.cache.num.max = 2 (custom)
2024-03-04 12:58:01,855 [omNode-3-impl-thread1] INFO  server.RaftServerConfigKeys (ConfUtils.java:logGet(46)) - raft.server.log.segment.cache.size.max = 200MB (=209715200) (default)
2024-03-04 12:58:01,855 [omNode-3-impl-thread1] INFO  server.RaftServerConfigKeys (ConfUtils.java:logGet(46)) - raft.server.log.appender.buffer.byte-limit = 4194304 (custom)
2024-03-04 12:58:01,855 [omNode-3-impl-thread1] INFO  util.AwaitToRun (AwaitToRun.java:start(81)) - Thread[omNode-3@group-523986131536-cacheEviction-AwaitToRun,5,main] started
2024-03-04 12:58:01,855 [omNode-3-impl-thread1] INFO  segmented.SegmentedRaftLogWorker (SegmentedRaftLogWorker.java:<init>(182)) - new omNode-3@group-523986131536-SegmentedRaftLogWorker for RaftStorageImpl:Storage Directory /home/runner/work/ozone/ozone/hadoop-ozone/integration-test/target/test-dir/MiniOzoneClusterImpl-d5abb160-17eb-4229-abdc-d3875330a01a/omNode-3/ratis/c9bc4cf4-3bc3-3c60-a66b-523986131536
2024-03-04 12:58:01,855 [omNode-3-impl-thread1] INFO  server.RaftServerConfigKeys (ConfUtils.java:logGet(46)) - raft.server.log.queue.byte-limit = 64MB (=67108864) (default)
2024-03-04 12:58:01,855 [omNode-3-impl-thread1] INFO  server.RaftServerConfigKeys (ConfUtils.java:logGet(46)) - raft.server.log.queue.element-limit = 4096 (default)
2024-03-04 12:58:01,855 [omNode-3-impl-thread1] INFO  server.RaftServerConfigKeys (ConfUtils.java:logGet(46)) - raft.server.log.segment.size.max = 4194304 (custom)
2024-03-04 12:58:01,855 [omNode-3-impl-thread1] INFO  server.RaftServerConfigKeys (ConfUtils.java:logGet(46)) - raft.server.log.preallocated.size = 4194304 (custom)
2024-03-04 12:58:01,855 [omNode-3-impl-thread1] INFO  server.RaftServerConfigKeys (ConfUtils.java:logGet(46)) - raft.server.log.force.sync.num = 128 (default)
2024-03-04 12:58:01,855 [omNode-3-impl-thread1] INFO  server.RaftServerConfigKeys (ConfUtils.java:logGet(46)) - raft.server.log.statemachine.data.sync = true (default)
2024-03-04 12:58:01,855 [omNode-3-impl-thread1] INFO  server.RaftServerConfigKeys (ConfUtils.java:logGet(46)) - raft.server.log.statemachine.data.sync.timeout = 10s (default)
2024-03-04 12:58:01,856 [omNode-3-impl-thread1] INFO  server.RaftServerConfigKeys (ConfUtils.java:logGet(46)) - raft.server.log.statemachine.data.sync.timeout.retry = -1 (default)
2024-03-04 12:58:01,856 [omNode-3-impl-thread1] INFO  server.RaftServerConfigKeys (ConfUtils.java:logGet(46)) - raft.server.log.write.buffer.size = 4194312 (custom)
2024-03-04 12:58:01,856 [omNode-3-impl-thread1] INFO  server.RaftServerConfigKeys (ConfUtils.java:logGet(46)) - raft.server.log.appender.buffer.byte-limit = 4194304 (custom)
2024-03-04 12:58:01,856 [omNode-3-impl-thread1] INFO  server.RaftServerConfigKeys (ConfUtils.java:logGet(46)) - raft.server.log.unsafe-flush.enabled = false (default)
2024-03-04 12:58:01,856 [omNode-3-impl-thread1] INFO  server.RaftServerConfigKeys (ConfUtils.java:logGet(46)) - raft.server.log.async-flush.enabled = false (default)
2024-03-04 12:58:01,856 [omNode-3-impl-thread1] INFO  server.RaftServerConfigKeys (ConfUtils.java:logGet(46)) - raft.server.log.statemachine.data.caching.enabled = false (default)
2024-03-04 12:58:01,856 [omNode-3-impl-thread1] INFO  segmented.SegmentedRaftLogWorker (SegmentedRaftLogWorker.java:lambda$new$0(134)) - omNode-3@group-523986131536-SegmentedRaftLogWorker: flushIndex: setUnconditionally 0 -> -1
2024-03-04 12:58:01,856 [omNode-3-impl-thread1] INFO  segmented.SegmentedRaftLogWorker (SegmentedRaftLogWorker.java:lambda$new$0(134)) - omNode-3@group-523986131536-SegmentedRaftLogWorker: safeCacheEvictIndex: setUnconditionally 0 -> -1
2024-03-04 12:58:01,856 [omNode-3-impl-thread1] INFO  server.RaftServer$Division (RaftServerImpl.java:start(396)) - omNode-3@group-523986131536: start as a follower, conf=-1: peers:[omNode-3|localhost:15144, omNode-1|localhost:15136, omNode-2|localhost:15140]|listeners:[], old=null
2024-03-04 12:58:01,856 [omNode-3-impl-thread1] INFO  server.RaftServer$Division (RaftServerImpl.java:setRole(383)) - omNode-3@group-523986131536: changes role from      null to FOLLOWER at term 0 for startAsFollower
2024-03-04 12:58:01,857 [omNode-3-impl-thread1] INFO  impl.RoleInfo (RoleInfo.java:updateAndGet(139)) - omNode-3: start omNode-3@group-523986131536-FollowerState
2024-03-04 12:58:01,857 [omNode-3-impl-thread1] INFO  util.JmxRegister (JmxRegister.java:tryRegister(44)) - Successfully registered JMX Bean with object name Ratis:service=RaftServer,group=group-523986131536,id=omNode-3
2024-03-04 12:58:01,857 [omNode-3-impl-thread1] INFO  server.RaftServerConfigKeys (ConfUtils.java:logGet(46)) - raft.server.snapshot.trigger-when-stop.enabled = true (default)
2024-03-04 12:58:01,857 [omNode-3-impl-thread1] INFO  server.RaftServerConfigKeys (ConfUtils.java:logGet(46)) - raft.server.snapshot.auto.trigger.enabled = true (custom)
2024-03-04 12:58:01,857 [omNode-3-impl-thread1] INFO  server.RaftServerConfigKeys (ConfUtils.java:logGet(46)) - raft.server.snapshot.auto.trigger.threshold = 50 (custom)
2024-03-04 12:58:01,857 [omNode-3-impl-thread1] INFO  server.RaftServerConfigKeys (ConfUtils.java:logGet(46)) - raft.server.snapshot.retention.file.num = -1 (default)
2024-03-04 12:58:01,857 [omNode-3-impl-thread1] INFO  server.RaftServerConfigKeys (ConfUtils.java:logGet(46)) - raft.server.log.purge.upto.snapshot.index = true (custom)
2024-03-04 12:58:01,857 [main] INFO  server.RaftServer (RaftServerProxy.java:startImpl(406)) - omNode-3: start RPC server
2024-03-04 12:58:01,857 [omNode-3@group-523986131536-FollowerState] INFO  server.RaftServerConfigKeys (ConfUtils.java:logFallback(53)) - raft.server.rpc.first-election.timeout.min = 1s (fallback to raft.server.rpc.timeout.min)
2024-03-04 12:58:01,859 [main] INFO  server.GrpcService (GrpcService.java:startImpl(302)) - omNode-3: GrpcService started, listening on 15144
2024-03-04 12:58:01,859 [omNode-3@group-523986131536-FollowerState] INFO  server.RaftServerConfigKeys (ConfUtils.java:logFallback(53)) - raft.server.rpc.first-election.timeout.max = 1200ms (fallback to raft.server.rpc.timeout.max)
2024-03-04 12:58:01,859 [JvmPauseMonitor42] INFO  util.JvmPauseMonitor (JvmPauseMonitor.java:run(146)) - JvmPauseMonitor-omNode-3: Started
2024-03-04 12:58:01,859 [main] INFO  om.OzoneManager (OzoneManager.java:start(1644)) - Version File has different layout version (6) than OM DB (null). That is expected if this OM has never been finalized to a newer layout version.
2024-03-04 12:58:01,868 [main] INFO  http.BaseHttpServer (BaseHttpServer.java:newHttpServer2BuilderForOzone(223)) - Starting Web-server for ozoneManager at: http://0.0.0.0:15142
2024-03-04 12:58:01,868 [main] INFO  http.BaseHttpServer (BaseHttpServer.java:<init>(110)) - Hadoop Security Enabled: false Ozone Security Enabled: false Ozone HTTP Security Enabled: false 
2024-03-04 12:58:01,868 [main] WARN  server.AuthenticationFilter (AuthenticationFilter.java:constructSecretProvider(240)) - Unable to initialize FileSignerSecretProvider, falling back to use random secrets. Reason: Could not read signature secret file: /home/runner/hadoop-http-auth-signature-secret
2024-03-04 12:58:01,869 [main] INFO  http.HttpRequestLog (HttpRequestLog.java:getRequestLog(86)) - Http request log for http.requests.ozoneManager is not defined
2024-03-04 12:58:01,870 [main] INFO  http.HttpServer2 (HttpServer2.java:addGlobalFilter(1036)) - Added global filter 'safety' (class=org.apache.hadoop.hdds.server.http.HttpServer2$QuotingInputFilter)
2024-03-04 12:58:01,870 [main] INFO  http.HttpServer2 (HttpServer2.java:addFilter(1012)) - Added filter static_user_filter (class=org.apache.hadoop.http.lib.StaticUserWebFilter$StaticUserFilter) to context ozoneManager
2024-03-04 12:58:01,870 [main] INFO  http.HttpServer2 (HttpServer2.java:addFilter(1020)) - Added filter static_user_filter (class=org.apache.hadoop.http.lib.StaticUserWebFilter$StaticUserFilter) to context static
2024-03-04 12:58:01,871 [main] INFO  http.HttpServer2 (HttpServer2.java:addFilter(1020)) - Added filter static_user_filter (class=org.apache.hadoop.http.lib.StaticUserWebFilter$StaticUserFilter) to context logs
2024-03-04 12:58:01,871 [main] INFO  http.BaseHttpServer (BaseHttpServer.java:<init>(189)) - HTTP server of ozoneManager uses base directory /home/runner/work/ozone/ozone/hadoop-ozone/integration-test/target/test-dir/MiniOzoneClusterImpl-d5abb160-17eb-4229-abdc-d3875330a01a/omNode-3/webserver
2024-03-04 12:58:01,871 [main] INFO  http.HttpServer2 (HttpServer2.java:bindListener(1236)) - Jetty bound to port 15142
2024-03-04 12:58:01,871 [main] INFO  server.Server (Server.java:doStart(375)) - jetty-9.4.53.v20231009; built: 2023-10-09T12:29:09.265Z; git: 27bde00a0b95a1d5bbee0eae7984f891d2d0f8c9; jvm 1.8.0_402-b06
2024-03-04 12:58:01,877 [main] INFO  server.session (DefaultSessionIdManager.java:doStart(334)) - DefaultSessionIdManager workerName=node0
2024-03-04 12:58:01,877 [main] INFO  server.session (DefaultSessionIdManager.java:doStart(339)) - No SessionScavenger set, using defaults
2024-03-04 12:58:01,877 [main] INFO  server.session (HouseKeeper.java:startScavenging(132)) - node0 Scavenging every 600000ms
2024-03-04 12:58:01,878 [main] INFO  handler.ContextHandler (ContextHandler.java:doStart(921)) - Started o.e.j.s.ServletContextHandler@11532c14{logs,/logs,file:///home/runner/work/ozone/ozone/hadoop-ozone/integration-test/target/log,AVAILABLE}
2024-03-04 12:58:01,878 [main] INFO  handler.ContextHandler (ContextHandler.java:doStart(921)) - Started o.e.j.s.ServletContextHandler@6c112540{static,/static,file:///home/runner/work/ozone/ozone/hadoop-ozone/integration-test/target/test-classes/webapps/static,AVAILABLE}
2024-03-04 12:58:01,881 [main] INFO  handler.ContextHandler (ContextHandler.java:doStart(921)) - Started o.e.j.w.WebAppContext@fdaaeb0{ozoneManager,/,file:///home/runner/work/ozone/ozone/hadoop-ozone/integration-test/target/test-classes/webapps/ozoneManager/,AVAILABLE}{file:/home/runner/work/ozone/ozone/hadoop-ozone/integration-test/target/test-classes/webapps/ozoneManager}
2024-03-04 12:58:01,882 [main] INFO  server.AbstractConnector (AbstractConnector.java:doStart(333)) - Started ServerConnector@17f48e49{HTTP/1.1, (http/1.1)}{0.0.0.0:15142}
2024-03-04 12:58:01,882 [main] INFO  server.Server (Server.java:doStart(415)) - Started @377465ms
2024-03-04 12:58:01,882 [main] WARN  impl.MetricsSystemImpl (MetricsSystemImpl.java:register(279)) - Sink prometheus already exists!
2024-03-04 12:58:01,882 [main] INFO  http.BaseHttpServer (BaseHttpServer.java:updateConnectorAddress(354)) - HTTP server of ozoneManager listening at http://0.0.0.0:15142
2024-03-04 12:58:01,883 [IPC Server Responder] INFO  ipc.Server (Server.java:run(1562)) - IPC Server Responder: starting
2024-03-04 12:58:01,883 [IPC Server listener on 15141] INFO  ipc.Server (Server.java:run(1402)) - IPC Server listener on 15141: starting
2024-03-04 12:58:01,886 [main] INFO  om.OzoneManager (OzoneManager.java:startTrashEmptier(2093)) - Trash Interval set to 0. Files deleted won't move to trash
2024-03-04 12:58:01,886 [main] INFO  ozone.MiniOzoneHAClusterImpl (MiniOzoneHAClusterImpl.java:createOMService(516)) - Started OzoneManager omNode-3 RPC server at localhost/127.0.0.1:15141
2024-03-04 12:58:01,892 [main] WARN  dropwizard3.Dm3MetricRegistriesImpl (Dm3MetricRegistriesImpl.java:addReporterRegistration(113)) - New reporters are added after registries were created. Some metrics will be missing from the reporter. Please add reporter before adding any new registry.
2024-03-04 12:58:01,893 [main] WARN  dropwizard3.Dm3MetricRegistriesImpl (Dm3MetricRegistriesImpl.java:addReporterRegistration(113)) - New reporters are added after registries were created. Some metrics will be missing from the reporter. Please add reporter before adding any new registry.
2024-03-04 12:58:01,893 [main] INFO  impl.MetricsSystemImpl (MetricsSystemImpl.java:init(158)) - HddsDatanode metrics system started (again)
2024-03-04 12:58:01,904 [main] INFO  ozone.HddsDatanodeService (HddsDatanodeService.java:start(240)) - HddsDatanodeService host:fv-az571-795.sssw3dgiwi1e5jwxh1zizygaca.bx.internal.cloudapp.net ip:10.1.0.12
2024-03-04 12:58:01,921 [main] INFO  upgrade.AbstractLayoutVersionManager (AbstractLayoutVersionManager.java:init(83)) - Initializing Layout version manager with metadata layout = HADOOP_PRC_PORTS_IN_DATANODEDETAILS (version = 7), software layout = HADOOP_PRC_PORTS_IN_DATANODEDETAILS (version = 7)
2024-03-04 12:58:01,921 [main] INFO  statemachine.DatanodeStateMachine (DatanodeStateMachine.java:getEndPointTaskThreadPoolSize(299)) - Datanode State Machine Task Thread Pool size 2
2024-03-04 12:58:01,922 [main] INFO  volume.HddsVolume (HddsVolume.java:<init>(125)) - Creating HddsVolume: /home/runner/work/ozone/ozone/hadoop-ozone/integration-test/target/test-dir/MiniOzoneClusterImpl-d5abb160-17eb-4229-abdc-d3875330a01a/ozone-meta/datanode-1/data-0/hdds of storage type : DISK capacity : 9223372036854775807
2024-03-04 12:58:01,922 [main] INFO  volume.MutableVolumeSet (MutableVolumeSet.java:initializeVolumeSet(173)) - Added Volume : /home/runner/work/ozone/ozone/hadoop-ozone/integration-test/target/test-dir/MiniOzoneClusterImpl-d5abb160-17eb-4229-abdc-d3875330a01a/ozone-meta/datanode-1/data-0/hdds to VolumeSet
2024-03-04 12:58:01,923 [main] INFO  volume.MutableVolumeSet (MutableVolumeSet.java:initializeVolumeSet(173)) - Added Volume : /home/runner/work/ozone/ozone/hadoop-ozone/integration-test/target/test-dir/MiniOzoneClusterImpl-d5abb160-17eb-4229-abdc-d3875330a01a/ozone-meta/datanode-1/ratis to VolumeSet
2024-03-04 12:58:01,923 [main] INFO  ozoneimpl.OzoneContainer (HddsVolumeUtil.java:loadAllHddsVolumeDbStore(103)) - Load 1 volumes DbStore cost: 0ms
2024-03-04 12:58:01,925 [main] INFO  server.RaftServer (ConfUtils.java:logGet(46)) - raft.rpc.type = GRPC (default)
2024-03-04 12:58:01,925 [main] INFO  grpc.GrpcConfigKeys (ConfUtils.java:logFallback(53)) - raft.grpc.admin.host = null (fallback to raft.grpc.server.host)
2024-03-04 12:58:01,925 [main] INFO  grpc.GrpcConfigKeys (ConfUtils.java:logGet(46)) - raft.grpc.admin.port = 15150 (custom)
2024-03-04 12:58:01,925 [main] INFO  grpc.GrpcConfigKeys (ConfUtils.java:logFallback(53)) - raft.grpc.client.host = null (fallback to raft.grpc.server.host)
2024-03-04 12:58:01,925 [main] INFO  grpc.GrpcConfigKeys (ConfUtils.java:logGet(46)) - raft.grpc.client.port = 15149 (custom)
2024-03-04 12:58:01,925 [main] INFO  grpc.GrpcConfigKeys (ConfUtils.java:logGet(46)) - raft.grpc.server.host = null (default)
2024-03-04 12:58:01,925 [main] INFO  grpc.GrpcConfigKeys (ConfUtils.java:logGet(46)) - raft.grpc.server.port = 15151 (custom)
2024-03-04 12:58:01,925 [main] INFO  server.GrpcService (ConfUtils.java:logGet(46)) - raft.grpc.message.size.max = 32MB (=33554432) (custom)
2024-03-04 12:58:01,925 [main] INFO  server.RaftServerConfigKeys (ConfUtils.java:logGet(46)) - raft.server.log.appender.buffer.byte-limit = 8388608 (custom)
2024-03-04 12:58:01,926 [main] INFO  server.GrpcService (ConfUtils.java:logGet(46)) - raft.grpc.flow.control.window = 5MB (=5242880) (custom)
2024-03-04 12:58:01,926 [main] INFO  server.RaftServerConfigKeys (ConfUtils.java:logGet(46)) - raft.server.rpc.request.timeout = 60s (custom)
2024-03-04 12:58:01,926 [main] INFO  grpc.GrpcConfigKeys (ConfUtils.java:logGet(46)) - raft.grpc.server.heartbeat.channel = true (default)
2024-03-04 12:58:01,926 [main] INFO  grpc.GrpcConfigKeys (ConfUtils.java:logGet(46)) - raft.grpc.server.async.request.thread.pool.cached = true (default)
2024-03-04 12:58:01,926 [main] INFO  grpc.GrpcConfigKeys (ConfUtils.java:logGet(46)) - raft.grpc.server.async.request.thread.pool.size = 32 (default)
2024-03-04 12:58:01,927 [main] INFO  impl.DataStreamServerImpl (ConfUtils.java:logGet(46)) - raft.datastream.type = NETTY (custom)
2024-03-04 12:58:01,928 [main] INFO  server.RaftServerConfigKeys (ConfUtils.java:logGet(46)) - raft.server.data-stream.async.request.thread.pool.cached = false (default)
2024-03-04 12:58:01,928 [main] INFO  server.RaftServerConfigKeys (ConfUtils.java:logGet(46)) - raft.server.data-stream.async.request.thread.pool.size = 20 (custom)
2024-03-04 12:58:01,928 [main] INFO  server.RaftServerConfigKeys (ConfUtils.java:logGet(46)) - raft.server.data-stream.async.write.thread.pool.size = 16 (default)
2024-03-04 12:58:01,928 [main] INFO  netty.NettyConfigKeys$DataStream (ConfUtils.java:logGet(46)) - raft.netty.dataStream.server.channel.inactive.grace-period = 10min (default)
2024-03-04 12:58:01,928 [main] INFO  server.RaftServerConfigKeys (ConfUtils.java:logGet(46)) - raft.server.data-stream.client.pool.size = 10 (default)
2024-03-04 12:58:01,928 [main] INFO  netty.NettyConfigKeys$DataStream (ConfUtils.java:logGet(46)) - raft.netty.dataStream.server.use-epoll = true (default)
2024-03-04 12:58:01,928 [main] INFO  netty.NettyConfigKeys$DataStream (ConfUtils.java:logGet(46)) - raft.netty.dataStream.server.boss-group.size = 0 (default)
2024-03-04 12:58:01,928 [main] INFO  netty.NettyUtils (NettyUtils.java:newEventLoopGroup(69)) - Create EpollEventLoopGroup for 4d7ce83b-e8ef-4f91-b37b-41ef2f7f2700-NettyServerStreamRpc-bossGroup; Thread size is 0.
2024-03-04 12:58:01,929 [main] INFO  netty.NettyConfigKeys$DataStream (ConfUtils.java:logGet(46)) - raft.netty.dataStream.server.worker-group.size = 0 (default)
2024-03-04 12:58:01,929 [main] INFO  netty.NettyUtils (NettyUtils.java:newEventLoopGroup(69)) - Create EpollEventLoopGroup for 4d7ce83b-e8ef-4f91-b37b-41ef2f7f2700-NettyServerStreamRpc-workerGroup; Thread size is 0.
2024-03-04 12:58:01,929 [main] INFO  netty.NettyConfigKeys$DataStream (ConfUtils.java:logGet(46)) - raft.netty.dataStream.server.tls.conf = null (default)
2024-03-04 12:58:01,929 [main] INFO  netty.NettyConfigKeys$DataStream (ConfUtils.java:logGet(46)) - raft.netty.dataStream.host = null (default)
2024-03-04 12:58:01,929 [main] INFO  netty.NettyConfigKeys$DataStream (ConfUtils.java:logGet(46)) - raft.netty.dataStream.port = 15152 (custom)
2024-03-04 12:58:01,929 [main] INFO  server.RaftServerConfigKeys (ConfUtils.java:logGet(46)) - raft.server.sleep.deviation.threshold = 300ms (default)
2024-03-04 12:58:01,930 [main] INFO  server.RaftServerConfigKeys (ConfUtils.java:logGet(46)) - raft.server.close.threshold = 60s (default)
2024-03-04 12:58:01,930 [main] INFO  server.RaftServerConfigKeys (ConfUtils.java:logGet(46)) - raft.server.leaderelection.leader.step-down.wait-time = 10s (default)
2024-03-04 12:58:01,930 [main] INFO  server.RaftServerConfigKeys (ConfUtils.java:logGet(46)) - raft.server.storage.dir = [/home/runner/work/ozone/ozone/hadoop-ozone/integration-test/target/test-dir/MiniOzoneClusterImpl-d5abb160-17eb-4229-abdc-d3875330a01a/ozone-meta/datanode-1/ratis] (custom)
2024-03-04 12:58:01,930 [main] INFO  server.RaftServerConfigKeys (ConfUtils.java:logGet(46)) - raft.server.threadpool.proxy.cached = true (default)
2024-03-04 12:58:01,930 [main] INFO  server.RaftServerConfigKeys (ConfUtils.java:logGet(46)) - raft.server.threadpool.proxy.size = 0 (default)
2024-03-04 12:58:01,930 [4d7ce83b-e8ef-4f91-b37b-41ef2f7f2700-impl-thread1] INFO  server.RaftServer (RaftServerProxy.java:initGroupDir(264)) - 4d7ce83b-e8ef-4f91-b37b-41ef2f7f2700: found a subdirectory /home/runner/work/ozone/ozone/hadoop-ozone/integration-test/target/test-dir/MiniOzoneClusterImpl-d5abb160-17eb-4229-abdc-d3875330a01a/ozone-meta/datanode-1/ratis/tmp
2024-03-04 12:58:01,930 [4d7ce83b-e8ef-4f91-b37b-41ef2f7f2700-impl-thread1] INFO  server.RaftServer (RaftServerProxy.java:initGroupDir(269)) - 4d7ce83b-e8ef-4f91-b37b-41ef2f7f2700: The directory /home/runner/work/ozone/ozone/hadoop-ozone/integration-test/target/test-dir/MiniOzoneClusterImpl-d5abb160-17eb-4229-abdc-d3875330a01a/ozone-meta/datanode-1/ratis/tmp is not a group directory; ignoring it. 
2024-03-04 12:58:01,930 [main] INFO  replication.ReplicationServer (ReplicationServer.java:<init>(86)) - Initializing replication server with thread count = 10 queue length = 4096
2024-03-04 12:58:01,931 [4d7ce83b-e8ef-4f91-b37b-41ef2f7f2700-NettyServerStreamRpc-bossGroup--thread1] INFO  logging.LoggingHandler (AbstractInternalLogger.java:log(148)) - [id: 0xc0a87dcd] REGISTERED
2024-03-04 12:58:01,931 [4d7ce83b-e8ef-4f91-b37b-41ef2f7f2700-NettyServerStreamRpc-bossGroup--thread1] INFO  logging.LoggingHandler (AbstractInternalLogger.java:log(148)) - [id: 0xc0a87dcd] BIND: 0.0.0.0/0.0.0.0:15152
2024-03-04 12:58:01,931 [main] INFO  server.XceiverServerGrpc (XceiverServerGrpc.java:<init>(141)) - GrpcServer channel type EpollServerSocketChannel
2024-03-04 12:58:01,931 [4d7ce83b-e8ef-4f91-b37b-41ef2f7f2700-NettyServerStreamRpc-bossGroup--thread1] INFO  logging.LoggingHandler (AbstractInternalLogger.java:log(148)) - [id: 0xc0a87dcd, L:/0.0.0.0:15152] ACTIVE
2024-03-04 12:58:01,932 [main] INFO  replication.ReplicationSupervisor (ReplicationSupervisor.java:build(163)) - Initializing replication supervisor with thread count = 10
2024-03-04 12:58:01,932 [main] INFO  replication.ReplicationSupervisor (ReplicationSupervisor.java:nodeStateUpdated(317)) - Node state updated to IN_SERVICE, scaling executor pool size to 10
2024-03-04 12:58:01,934 [main] INFO  http.BaseHttpServer (BaseHttpServer.java:newHttpServer2BuilderForOzone(223)) - Starting Web-server for hddsDatanode at: http://0.0.0.0:15146
2024-03-04 12:58:01,934 [main] INFO  http.BaseHttpServer (BaseHttpServer.java:<init>(110)) - Hadoop Security Enabled: false Ozone Security Enabled: false Ozone HTTP Security Enabled: false 
2024-03-04 12:58:01,934 [main] WARN  server.AuthenticationFilter (AuthenticationFilter.java:constructSecretProvider(240)) - Unable to initialize FileSignerSecretProvider, falling back to use random secrets. Reason: Could not read signature secret file: /home/runner/hadoop-http-auth-signature-secret
2024-03-04 12:58:01,935 [main] INFO  http.HttpRequestLog (HttpRequestLog.java:getRequestLog(86)) - Http request log for http.requests.hddsDatanode is not defined
2024-03-04 12:58:01,935 [main] INFO  http.HttpServer2 (HttpServer2.java:addGlobalFilter(1036)) - Added global filter 'safety' (class=org.apache.hadoop.hdds.server.http.HttpServer2$QuotingInputFilter)
2024-03-04 12:58:01,936 [main] INFO  http.HttpServer2 (HttpServer2.java:addFilter(1012)) - Added filter static_user_filter (class=org.apache.hadoop.http.lib.StaticUserWebFilter$StaticUserFilter) to context hddsDatanode
2024-03-04 12:58:01,936 [main] INFO  http.HttpServer2 (HttpServer2.java:addFilter(1020)) - Added filter static_user_filter (class=org.apache.hadoop.http.lib.StaticUserWebFilter$StaticUserFilter) to context static
2024-03-04 12:58:01,936 [main] INFO  http.HttpServer2 (HttpServer2.java:addFilter(1020)) - Added filter static_user_filter (class=org.apache.hadoop.http.lib.StaticUserWebFilter$StaticUserFilter) to context logs
2024-03-04 12:58:01,936 [main] INFO  http.BaseHttpServer (BaseHttpServer.java:<init>(189)) - HTTP server of hddsDatanode uses base directory /home/runner/work/ozone/ozone/hadoop-ozone/integration-test/target/test-dir/MiniOzoneClusterImpl-d5abb160-17eb-4229-abdc-d3875330a01a/ozone-meta/datanode-1/meta/webserver
2024-03-04 12:58:01,936 [main] INFO  http.HttpServer2 (HttpServer2.java:bindListener(1236)) - Jetty bound to port 15146
2024-03-04 12:58:01,936 [main] INFO  server.Server (Server.java:doStart(375)) - jetty-9.4.53.v20231009; built: 2023-10-09T12:29:09.265Z; git: 27bde00a0b95a1d5bbee0eae7984f891d2d0f8c9; jvm 1.8.0_402-b06
2024-03-04 12:58:01,937 [main] INFO  server.session (DefaultSessionIdManager.java:doStart(334)) - DefaultSessionIdManager workerName=node0
2024-03-04 12:58:01,937 [main] INFO  server.session (DefaultSessionIdManager.java:doStart(339)) - No SessionScavenger set, using defaults
2024-03-04 12:58:01,938 [main] INFO  server.session (HouseKeeper.java:startScavenging(132)) - node0 Scavenging every 600000ms
2024-03-04 12:58:01,938 [main] INFO  handler.ContextHandler (ContextHandler.java:doStart(921)) - Started o.e.j.s.ServletContextHandler@3ecc1bc7{logs,/logs,file:///home/runner/work/ozone/ozone/hadoop-ozone/integration-test/target/log,AVAILABLE}
2024-03-04 12:58:01,938 [main] INFO  handler.ContextHandler (ContextHandler.java:doStart(921)) - Started o.e.j.s.ServletContextHandler@16e9c09f{static,/static,jar:file:/home/runner/.m2/repository/org/apache/ozone/hdds-container-service/1.5.0-SNAPSHOT/hdds-container-service-1.5.0-SNAPSHOT.jar!/webapps/static,AVAILABLE}
2024-03-04 12:58:01,969 [main] INFO  handler.ContextHandler (ContextHandler.java:doStart(921)) - Started o.e.j.w.WebAppContext@27dec470{hddsDatanode,/,file:///home/runner/work/ozone/ozone/hadoop-ozone/integration-test/target/test-dir/MiniOzoneClusterImpl-d5abb160-17eb-4229-abdc-d3875330a01a/ozone-meta/datanode-1/meta/webserver/jetty-0_0_0_0-15146-hdds-container-service-1_5_0-SNAPSHOT_jar-_-any-9059971929815852622/webapp/,AVAILABLE}{jar:file:/home/runner/.m2/repository/org/apache/ozone/hdds-container-service/1.5.0-SNAPSHOT/hdds-container-service-1.5.0-SNAPSHOT.jar!/webapps/hddsDatanode}
2024-03-04 12:58:01,971 [main] INFO  server.AbstractConnector (AbstractConnector.java:doStart(333)) - Started ServerConnector@3edd68fb{HTTP/1.1, (http/1.1)}{0.0.0.0:15146}
2024-03-04 12:58:01,971 [main] INFO  server.Server (Server.java:doStart(415)) - Started @377555ms
2024-03-04 12:58:01,971 [main] WARN  impl.MetricsSystemImpl (MetricsSystemImpl.java:register(279)) - Sink prometheus already exists!
2024-03-04 12:58:01,972 [main] INFO  http.BaseHttpServer (BaseHttpServer.java:updateConnectorAddress(354)) - HTTP server of hddsDatanode listening at http://0.0.0.0:15146
2024-03-04 12:58:01,972 [main] INFO  ipc.CallQueueManager (CallQueueManager.java:<init>(90)) - Using callQueue: class java.util.concurrent.LinkedBlockingQueue, queueCapacity: 100, scheduler: class org.apache.hadoop.ipc.DefaultRpcScheduler, ipcBackoff: false.
2024-03-04 12:58:01,972 [main] INFO  ipc.Server (Server.java:<init>(1287)) - Listener at 0.0.0.0:15147
2024-03-04 12:58:01,973 [Socket Reader #1 for port 15147] INFO  ipc.Server (Server.java:run(1323)) - Starting Socket Reader #1 for port 15147
2024-03-04 12:58:01,985 [main] INFO  ozone.HddsDatanodeService (HddsDatanodeService.java:start(327)) - Datanode start with admins: [*, runner]
2024-03-04 12:58:01,985 [main] INFO  ozone.HddsDatanodeClientProtocolServer (HddsDatanodeClientProtocolServer.java:start(77)) - RPC server for Client /0.0.0.0:15147
2024-03-04 12:58:01,985 [IPC Server Responder] INFO  ipc.Server (Server.java:run(1562)) - IPC Server Responder: starting
2024-03-04 12:58:01,990 [IPC Server listener on 15147] INFO  ipc.Server (Server.java:run(1402)) - IPC Server listener on 15147: starting
2024-03-04 12:58:01,991 [4d7ce83b-e8ef-4f91-b37b-41ef2f7f2700-DatanodeStateMachineDaemonThread] INFO  statemachine.DatanodeStateMachine (DatanodeStateMachine.java:lambda$startDaemon$1(555)) - Ozone container server started.
2024-03-04 12:58:01,991 [main] WARN  dropwizard3.Dm3MetricRegistriesImpl (Dm3MetricRegistriesImpl.java:addReporterRegistration(113)) - New reporters are added after registries were created. Some metrics will be missing from the reporter. Please add reporter before adding any new registry.
2024-03-04 12:58:01,991 [main] WARN  dropwizard3.Dm3MetricRegistriesImpl (Dm3MetricRegistriesImpl.java:addReporterRegistration(113)) - New reporters are added after registries were created. Some metrics will be missing from the reporter. Please add reporter before adding any new registry.
2024-03-04 12:58:01,993 [main] INFO  impl.MetricsSystemImpl (MetricsSystemImpl.java:init(158)) - HddsDatanode metrics system started (again)
2024-03-04 12:58:01,997 [4d7ce83b-e8ef-4f91-b37b-41ef2f7f2700-DatanodeStateMachineTaskThread-0] INFO  datanode.InitDatanodeState (InitDatanodeState.java:persistContainerDatanodeDetails(139)) - DatanodeDetails is persisted to /home/runner/work/ozone/ozone/hadoop-ozone/integration-test/target/test-dir/MiniOzoneClusterImpl-d5abb160-17eb-4229-abdc-d3875330a01a/ozone-meta/datanode-1/meta/datanode.id
2024-03-04 12:58:02,007 [main] INFO  ozone.HddsDatanodeService (HddsDatanodeService.java:start(240)) - HddsDatanodeService host:fv-az571-795.sssw3dgiwi1e5jwxh1zizygaca.bx.internal.cloudapp.net ip:10.1.0.12
2024-03-04 12:58:02,025 [main] INFO  upgrade.AbstractLayoutVersionManager (AbstractLayoutVersionManager.java:init(83)) - Initializing Layout version manager with metadata layout = HADOOP_PRC_PORTS_IN_DATANODEDETAILS (version = 7), software layout = HADOOP_PRC_PORTS_IN_DATANODEDETAILS (version = 7)
2024-03-04 12:58:02,026 [main] INFO  statemachine.DatanodeStateMachine (DatanodeStateMachine.java:getEndPointTaskThreadPoolSize(299)) - Datanode State Machine Task Thread Pool size 2
2024-03-04 12:58:02,027 [main] INFO  volume.HddsVolume (HddsVolume.java:<init>(125)) - Creating HddsVolume: /home/runner/work/ozone/ozone/hadoop-ozone/integration-test/target/test-dir/MiniOzoneClusterImpl-d5abb160-17eb-4229-abdc-d3875330a01a/ozone-meta/datanode-2/data-0/hdds of storage type : DISK capacity : 9223372036854775807
2024-03-04 12:58:02,028 [main] INFO  volume.MutableVolumeSet (MutableVolumeSet.java:initializeVolumeSet(173)) - Added Volume : /home/runner/work/ozone/ozone/hadoop-ozone/integration-test/target/test-dir/MiniOzoneClusterImpl-d5abb160-17eb-4229-abdc-d3875330a01a/ozone-meta/datanode-2/data-0/hdds to VolumeSet
2024-03-04 12:58:02,028 [main] INFO  volume.MutableVolumeSet (MutableVolumeSet.java:initializeVolumeSet(173)) - Added Volume : /home/runner/work/ozone/ozone/hadoop-ozone/integration-test/target/test-dir/MiniOzoneClusterImpl-d5abb160-17eb-4229-abdc-d3875330a01a/ozone-meta/datanode-2/ratis to VolumeSet
2024-03-04 12:58:02,029 [main] INFO  ozoneimpl.OzoneContainer (HddsVolumeUtil.java:loadAllHddsVolumeDbStore(103)) - Load 1 volumes DbStore cost: 0ms
2024-03-04 12:58:02,030 [main] INFO  server.RaftServer (ConfUtils.java:logGet(46)) - raft.rpc.type = GRPC (default)
2024-03-04 12:58:02,030 [main] INFO  grpc.GrpcConfigKeys (ConfUtils.java:logFallback(53)) - raft.grpc.admin.host = null (fallback to raft.grpc.server.host)
2024-03-04 12:58:02,031 [main] INFO  grpc.GrpcConfigKeys (ConfUtils.java:logGet(46)) - raft.grpc.admin.port = 15159 (custom)
2024-03-04 12:58:02,031 [main] INFO  grpc.GrpcConfigKeys (ConfUtils.java:logFallback(53)) - raft.grpc.client.host = null (fallback to raft.grpc.server.host)
2024-03-04 12:58:02,031 [main] INFO  grpc.GrpcConfigKeys (ConfUtils.java:logGet(46)) - raft.grpc.client.port = 15158 (custom)
2024-03-04 12:58:02,031 [main] INFO  grpc.GrpcConfigKeys (ConfUtils.java:logGet(46)) - raft.grpc.server.host = null (default)
2024-03-04 12:58:02,031 [main] INFO  grpc.GrpcConfigKeys (ConfUtils.java:logGet(46)) - raft.grpc.server.port = 15160 (custom)
2024-03-04 12:58:02,032 [main] INFO  server.GrpcService (ConfUtils.java:logGet(46)) - raft.grpc.message.size.max = 32MB (=33554432) (custom)
2024-03-04 12:58:02,032 [main] INFO  server.RaftServerConfigKeys (ConfUtils.java:logGet(46)) - raft.server.log.appender.buffer.byte-limit = 8388608 (custom)
2024-03-04 12:58:02,032 [main] INFO  server.GrpcService (ConfUtils.java:logGet(46)) - raft.grpc.flow.control.window = 5MB (=5242880) (custom)
2024-03-04 12:58:02,032 [main] INFO  server.RaftServerConfigKeys (ConfUtils.java:logGet(46)) - raft.server.rpc.request.timeout = 60s (custom)
2024-03-04 12:58:02,032 [main] INFO  grpc.GrpcConfigKeys (ConfUtils.java:logGet(46)) - raft.grpc.server.heartbeat.channel = true (default)
2024-03-04 12:58:02,032 [main] INFO  grpc.GrpcConfigKeys (ConfUtils.java:logGet(46)) - raft.grpc.server.async.request.thread.pool.cached = true (default)
2024-03-04 12:58:02,032 [main] INFO  grpc.GrpcConfigKeys (ConfUtils.java:logGet(46)) - raft.grpc.server.async.request.thread.pool.size = 32 (default)
2024-03-04 12:58:02,034 [main] INFO  impl.DataStreamServerImpl (ConfUtils.java:logGet(46)) - raft.datastream.type = NETTY (custom)
2024-03-04 12:58:02,034 [main] INFO  server.RaftServerConfigKeys (ConfUtils.java:logGet(46)) - raft.server.data-stream.async.request.thread.pool.cached = false (default)
2024-03-04 12:58:02,035 [main] INFO  server.RaftServerConfigKeys (ConfUtils.java:logGet(46)) - raft.server.data-stream.async.request.thread.pool.size = 20 (custom)
2024-03-04 12:58:02,035 [main] INFO  server.RaftServerConfigKeys (ConfUtils.java:logGet(46)) - raft.server.data-stream.async.write.thread.pool.size = 16 (default)
2024-03-04 12:58:02,035 [main] INFO  netty.NettyConfigKeys$DataStream (ConfUtils.java:logGet(46)) - raft.netty.dataStream.server.channel.inactive.grace-period = 10min (default)
2024-03-04 12:58:02,035 [main] INFO  server.RaftServerConfigKeys (ConfUtils.java:logGet(46)) - raft.server.data-stream.client.pool.size = 10 (default)
2024-03-04 12:58:02,035 [main] INFO  netty.NettyConfigKeys$DataStream (ConfUtils.java:logGet(46)) - raft.netty.dataStream.server.use-epoll = true (default)
2024-03-04 12:58:02,035 [main] INFO  netty.NettyConfigKeys$DataStream (ConfUtils.java:logGet(46)) - raft.netty.dataStream.server.boss-group.size = 0 (default)
2024-03-04 12:58:02,035 [main] INFO  netty.NettyUtils (NettyUtils.java:newEventLoopGroup(69)) - Create EpollEventLoopGroup for 097e50fe-38d4-45ee-922f-f03bf1c0f16e-NettyServerStreamRpc-bossGroup; Thread size is 0.
2024-03-04 12:58:02,035 [main] INFO  netty.NettyConfigKeys$DataStream (ConfUtils.java:logGet(46)) - raft.netty.dataStream.server.worker-group.size = 0 (default)
2024-03-04 12:58:02,036 [main] INFO  netty.NettyUtils (NettyUtils.java:newEventLoopGroup(69)) - Create EpollEventLoopGroup for 097e50fe-38d4-45ee-922f-f03bf1c0f16e-NettyServerStreamRpc-workerGroup; Thread size is 0.
2024-03-04 12:58:02,036 [main] INFO  netty.NettyConfigKeys$DataStream (ConfUtils.java:logGet(46)) - raft.netty.dataStream.server.tls.conf = null (default)
2024-03-04 12:58:02,036 [main] INFO  netty.NettyConfigKeys$DataStream (ConfUtils.java:logGet(46)) - raft.netty.dataStream.host = null (default)
2024-03-04 12:58:02,036 [main] INFO  netty.NettyConfigKeys$DataStream (ConfUtils.java:logGet(46)) - raft.netty.dataStream.port = 15161 (custom)
2024-03-04 12:58:02,037 [main] INFO  server.RaftServerConfigKeys (ConfUtils.java:logGet(46)) - raft.server.sleep.deviation.threshold = 300ms (default)
2024-03-04 12:58:02,037 [main] INFO  server.RaftServerConfigKeys (ConfUtils.java:logGet(46)) - raft.server.close.threshold = 60s (default)
2024-03-04 12:58:02,037 [main] INFO  server.RaftServerConfigKeys (ConfUtils.java:logGet(46)) - raft.server.leaderelection.leader.step-down.wait-time = 10s (default)
2024-03-04 12:58:02,037 [main] INFO  server.RaftServerConfigKeys (ConfUtils.java:logGet(46)) - raft.server.storage.dir = [/home/runner/work/ozone/ozone/hadoop-ozone/integration-test/target/test-dir/MiniOzoneClusterImpl-d5abb160-17eb-4229-abdc-d3875330a01a/ozone-meta/datanode-2/ratis] (custom)
2024-03-04 12:58:02,037 [main] INFO  server.RaftServerConfigKeys (ConfUtils.java:logGet(46)) - raft.server.threadpool.proxy.cached = true (default)
2024-03-04 12:58:02,038 [main] INFO  server.RaftServerConfigKeys (ConfUtils.java:logGet(46)) - raft.server.threadpool.proxy.size = 0 (default)
2024-03-04 12:58:02,037 [097e50fe-38d4-45ee-922f-f03bf1c0f16e-NettyServerStreamRpc-bossGroup--thread1] INFO  logging.LoggingHandler (AbstractInternalLogger.java:log(148)) - [id: 0x527c5a09] REGISTERED
2024-03-04 12:58:02,038 [097e50fe-38d4-45ee-922f-f03bf1c0f16e-impl-thread1] INFO  server.RaftServer (RaftServerProxy.java:initGroupDir(264)) - 097e50fe-38d4-45ee-922f-f03bf1c0f16e: found a subdirectory /home/runner/work/ozone/ozone/hadoop-ozone/integration-test/target/test-dir/MiniOzoneClusterImpl-d5abb160-17eb-4229-abdc-d3875330a01a/ozone-meta/datanode-2/ratis/tmp
2024-03-04 12:58:02,038 [097e50fe-38d4-45ee-922f-f03bf1c0f16e-NettyServerStreamRpc-bossGroup--thread1] INFO  logging.LoggingHandler (AbstractInternalLogger.java:log(148)) - [id: 0x527c5a09] BIND: 0.0.0.0/0.0.0.0:15161
2024-03-04 12:58:02,038 [097e50fe-38d4-45ee-922f-f03bf1c0f16e-impl-thread1] INFO  server.RaftServer (RaftServerProxy.java:initGroupDir(269)) - 097e50fe-38d4-45ee-922f-f03bf1c0f16e: The directory /home/runner/work/ozone/ozone/hadoop-ozone/integration-test/target/test-dir/MiniOzoneClusterImpl-d5abb160-17eb-4229-abdc-d3875330a01a/ozone-meta/datanode-2/ratis/tmp is not a group directory; ignoring it. 
2024-03-04 12:58:02,038 [097e50fe-38d4-45ee-922f-f03bf1c0f16e-NettyServerStreamRpc-bossGroup--thread1] INFO  logging.LoggingHandler (AbstractInternalLogger.java:log(148)) - [id: 0x527c5a09, L:/0.0.0.0:15161] ACTIVE
2024-03-04 12:58:02,038 [main] INFO  replication.ReplicationServer (ReplicationServer.java:<init>(86)) - Initializing replication server with thread count = 10 queue length = 4096
2024-03-04 12:58:02,039 [main] INFO  server.XceiverServerGrpc (XceiverServerGrpc.java:<init>(141)) - GrpcServer channel type EpollServerSocketChannel
2024-03-04 12:58:02,042 [main] INFO  replication.ReplicationSupervisor (ReplicationSupervisor.java:build(163)) - Initializing replication supervisor with thread count = 10
2024-03-04 12:58:02,042 [main] INFO  replication.ReplicationSupervisor (ReplicationSupervisor.java:nodeStateUpdated(317)) - Node state updated to IN_SERVICE, scaling executor pool size to 10
2024-03-04 12:58:02,047 [main] INFO  http.BaseHttpServer (BaseHttpServer.java:newHttpServer2BuilderForOzone(223)) - Starting Web-server for hddsDatanode at: http://0.0.0.0:15155
2024-03-04 12:58:02,047 [main] INFO  http.BaseHttpServer (BaseHttpServer.java:<init>(110)) - Hadoop Security Enabled: false Ozone Security Enabled: false Ozone HTTP Security Enabled: false 
2024-03-04 12:58:02,048 [main] WARN  server.AuthenticationFilter (AuthenticationFilter.java:constructSecretProvider(240)) - Unable to initialize FileSignerSecretProvider, falling back to use random secrets. Reason: Could not read signature secret file: /home/runner/hadoop-http-auth-signature-secret
2024-03-04 12:58:02,049 [main] INFO  http.HttpRequestLog (HttpRequestLog.java:getRequestLog(86)) - Http request log for http.requests.hddsDatanode is not defined
2024-03-04 12:58:02,050 [main] INFO  http.HttpServer2 (HttpServer2.java:addGlobalFilter(1036)) - Added global filter 'safety' (class=org.apache.hadoop.hdds.server.http.HttpServer2$QuotingInputFilter)
2024-03-04 12:58:02,050 [main] INFO  http.HttpServer2 (HttpServer2.java:addFilter(1012)) - Added filter static_user_filter (class=org.apache.hadoop.http.lib.StaticUserWebFilter$StaticUserFilter) to context hddsDatanode
2024-03-04 12:58:02,051 [main] INFO  http.HttpServer2 (HttpServer2.java:addFilter(1020)) - Added filter static_user_filter (class=org.apache.hadoop.http.lib.StaticUserWebFilter$StaticUserFilter) to context static
2024-03-04 12:58:02,051 [main] INFO  http.HttpServer2 (HttpServer2.java:addFilter(1020)) - Added filter static_user_filter (class=org.apache.hadoop.http.lib.StaticUserWebFilter$StaticUserFilter) to context logs
2024-03-04 12:58:02,051 [main] INFO  http.BaseHttpServer (BaseHttpServer.java:<init>(189)) - HTTP server of hddsDatanode uses base directory /home/runner/work/ozone/ozone/hadoop-ozone/integration-test/target/test-dir/MiniOzoneClusterImpl-d5abb160-17eb-4229-abdc-d3875330a01a/ozone-meta/datanode-2/meta/webserver
2024-03-04 12:58:02,051 [main] INFO  http.HttpServer2 (HttpServer2.java:bindListener(1236)) - Jetty bound to port 15155
2024-03-04 12:58:02,052 [main] INFO  server.Server (Server.java:doStart(375)) - jetty-9.4.53.v20231009; built: 2023-10-09T12:29:09.265Z; git: 27bde00a0b95a1d5bbee0eae7984f891d2d0f8c9; jvm 1.8.0_402-b06
2024-03-04 12:58:02,067 [main] INFO  server.session (DefaultSessionIdManager.java:doStart(334)) - DefaultSessionIdManager workerName=node0
2024-03-04 12:58:02,068 [main] INFO  server.session (DefaultSessionIdManager.java:doStart(339)) - No SessionScavenger set, using defaults
2024-03-04 12:58:02,068 [main] INFO  server.session (HouseKeeper.java:startScavenging(132)) - node0 Scavenging every 660000ms
2024-03-04 12:58:02,069 [main] INFO  handler.ContextHandler (ContextHandler.java:doStart(921)) - Started o.e.j.s.ServletContextHandler@3a36a189{logs,/logs,file:///home/runner/work/ozone/ozone/hadoop-ozone/integration-test/target/log,AVAILABLE}
2024-03-04 12:58:02,069 [main] INFO  handler.ContextHandler (ContextHandler.java:doStart(921)) - Started o.e.j.s.ServletContextHandler@266d67db{static,/static,jar:file:/home/runner/.m2/repository/org/apache/ozone/hdds-container-service/1.5.0-SNAPSHOT/hdds-container-service-1.5.0-SNAPSHOT.jar!/webapps/static,AVAILABLE}
2024-03-04 12:58:02,108 [omNode-1@group-523986131536-FollowerState] INFO  impl.FollowerState (FollowerState.java:run(143)) - omNode-1@group-523986131536-FollowerState: change to CANDIDATE, lastRpcElapsedTime:1169551908ns, electionTimeout:1169ms
2024-03-04 12:58:02,109 [omNode-1@group-523986131536-FollowerState] INFO  impl.RoleInfo (RoleInfo.java:shutdownFollowerState(110)) - omNode-1: shutdown omNode-1@group-523986131536-FollowerState
2024-03-04 12:58:02,109 [omNode-1@group-523986131536-FollowerState] INFO  server.RaftServer$Division (RaftServerImpl.java:setRole(383)) - omNode-1@group-523986131536: changes role from  FOLLOWER to CANDIDATE at term 0 for changeToCandidate
2024-03-04 12:58:02,109 [omNode-1@group-523986131536-FollowerState] INFO  server.RaftServerConfigKeys (ConfUtils.java:logGet(46)) - raft.server.leaderelection.pre-vote = true (default)
2024-03-04 12:58:02,109 [omNode-1@group-523986131536-FollowerState] INFO  impl.RoleInfo (RoleInfo.java:updateAndGet(139)) - omNode-1: start omNode-1@group-523986131536-LeaderElection32
2024-03-04 12:58:02,110 [omNode-1@group-523986131536-LeaderElection32] INFO  impl.LeaderElection (LeaderElection.java:askForVotes(321)) - omNode-1@group-523986131536-LeaderElection32 PRE_VOTE round 0: submit vote requests at term 0 for -1: peers:[omNode-3|localhost:15144, omNode-1|localhost:15136, omNode-2|localhost:15140]|listeners:[], old=null
2024-03-04 12:58:02,111 [omNode-1@group-523986131536-LeaderElection32-1] INFO  server.GrpcServerProtocolClient (GrpcServerProtocolClient.java:<init>(65)) - Build channel for omNode-3|localhost:15144
2024-03-04 12:58:02,112 [main] INFO  handler.ContextHandler (ContextHandler.java:doStart(921)) - Started o.e.j.w.WebAppContext@f268df{hddsDatanode,/,file:///home/runner/work/ozone/ozone/hadoop-ozone/integration-test/target/test-dir/MiniOzoneClusterImpl-d5abb160-17eb-4229-abdc-d3875330a01a/ozone-meta/datanode-2/meta/webserver/jetty-0_0_0_0-15155-hdds-container-service-1_5_0-SNAPSHOT_jar-_-any-696718213064560497/webapp/,AVAILABLE}{jar:file:/home/runner/.m2/repository/org/apache/ozone/hdds-container-service/1.5.0-SNAPSHOT/hdds-container-service-1.5.0-SNAPSHOT.jar!/webapps/hddsDatanode}
2024-03-04 12:58:02,113 [omNode-1@group-523986131536-LeaderElection32] INFO  server.RaftServerConfigKeys (ConfUtils.java:logFallback(53)) - raft.server.rpc.first-election.timeout.min = 1s (fallback to raft.server.rpc.timeout.min)
2024-03-04 12:58:02,113 [omNode-1@group-523986131536-LeaderElection32-2] INFO  server.GrpcServerProtocolClient (GrpcServerProtocolClient.java:<init>(65)) - Build channel for omNode-2|localhost:15140
2024-03-04 12:58:02,113 [omNode-1@group-523986131536-LeaderElection32] INFO  server.RaftServerConfigKeys (ConfUtils.java:logFallback(53)) - raft.server.rpc.first-election.timeout.max = 1200ms (fallback to raft.server.rpc.timeout.max)
2024-03-04 12:58:02,114 [main] INFO  server.AbstractConnector (AbstractConnector.java:doStart(333)) - Started ServerConnector@34aa5d21{HTTP/1.1, (http/1.1)}{0.0.0.0:15155}
2024-03-04 12:58:02,115 [main] INFO  server.Server (Server.java:doStart(415)) - Started @377699ms
2024-03-04 12:58:02,115 [main] WARN  impl.MetricsSystemImpl (MetricsSystemImpl.java:register(279)) - Sink prometheus already exists!
2024-03-04 12:58:02,117 [main] INFO  http.BaseHttpServer (BaseHttpServer.java:updateConnectorAddress(354)) - HTTP server of hddsDatanode listening at http://0.0.0.0:15155
2024-03-04 12:58:02,117 [main] INFO  ipc.CallQueueManager (CallQueueManager.java:<init>(90)) - Using callQueue: class java.util.concurrent.LinkedBlockingQueue, queueCapacity: 100, scheduler: class org.apache.hadoop.ipc.DefaultRpcScheduler, ipcBackoff: false.
2024-03-04 12:58:02,117 [main] INFO  ipc.Server (Server.java:<init>(1287)) - Listener at 0.0.0.0:15156
2024-03-04 12:58:02,119 [grpc-default-executor-0] INFO  server.RaftServer$Division (RaftServerImpl.java:requestVote(1389)) - omNode-3@group-523986131536: receive requestVote(PRE_VOTE, omNode-1, group-523986131536, 0, (t:0, i:~))
2024-03-04 12:58:02,119 [grpc-default-executor-0] INFO  impl.VoteContext (VoteContext.java:log(49)) - omNode-3@group-523986131536-FOLLOWER: accept PRE_VOTE from omNode-1: our priority 0 <= candidate's priority 0
2024-03-04 12:58:02,119 [grpc-default-executor-0] INFO  server.RaftServer$Division (RaftServerImpl.java:requestVote(1422)) - omNode-3@group-523986131536 replies to PRE_VOTE vote request: omNode-1<-omNode-3#0:OK-t0. Peer's state: omNode-3@group-523986131536:t0, leader=null, voted=, raftlog=Memoized:omNode-3@group-523986131536-SegmentedRaftLog:OPENED:c-1, conf=-1: peers:[omNode-3|localhost:15144, omNode-1|localhost:15136, omNode-2|localhost:15140]|listeners:[], old=null
2024-03-04 12:58:02,120 [Socket Reader #1 for port 15156] INFO  ipc.Server (Server.java:run(1323)) - Starting Socket Reader #1 for port 15156
2024-03-04 12:58:02,122 [omNode-1@group-523986131536-LeaderElection32] INFO  impl.LeaderElection (LeaderElection.java:logAndReturn(89)) - omNode-1@group-523986131536-LeaderElection32: PRE_VOTE PASSED received 1 response(s) and 0 exception(s):
2024-03-04 12:58:02,122 [omNode-1@group-523986131536-LeaderElection32] INFO  impl.LeaderElection (LeaderElection.java:logAndReturn(93)) -   Response 0: omNode-1<-omNode-3#0:OK-t0
2024-03-04 12:58:02,122 [omNode-1@group-523986131536-LeaderElection32] INFO  impl.LeaderElection (LeaderElection.java:askForVotes(323)) - omNode-1@group-523986131536-LeaderElection32 PRE_VOTE round 0: result PASSED
2024-03-04 12:58:02,123 [main] INFO  ozone.HddsDatanodeService (HddsDatanodeService.java:start(327)) - Datanode start with admins: [*, runner]
2024-03-04 12:58:02,123 [main] INFO  ozone.HddsDatanodeClientProtocolServer (HddsDatanodeClientProtocolServer.java:start(77)) - RPC server for Client /0.0.0.0:15156
2024-03-04 12:58:02,123 [omNode-1@group-523986131536-LeaderElection32] INFO  impl.LeaderElection (LeaderElection.java:askForVotes(321)) - omNode-1@group-523986131536-LeaderElection32 ELECTION round 0: submit vote requests at term 1 for -1: peers:[omNode-3|localhost:15144, omNode-1|localhost:15136, omNode-2|localhost:15140]|listeners:[], old=null
2024-03-04 12:58:02,125 [IPC Server listener on 15156] INFO  ipc.Server (Server.java:run(1402)) - IPC Server listener on 15156: starting
2024-03-04 12:58:02,125 [IPC Server Responder] INFO  ipc.Server (Server.java:run(1562)) - IPC Server Responder: starting
2024-03-04 12:58:02,129 [main] WARN  dropwizard3.Dm3MetricRegistriesImpl (Dm3MetricRegistriesImpl.java:addReporterRegistration(113)) - New reporters are added after registries were created. Some metrics will be missing from the reporter. Please add reporter before adding any new registry.
2024-03-04 12:58:02,129 [main] WARN  dropwizard3.Dm3MetricRegistriesImpl (Dm3MetricRegistriesImpl.java:addReporterRegistration(113)) - New reporters are added after registries were created. Some metrics will be missing from the reporter. Please add reporter before adding any new registry.
2024-03-04 12:58:02,130 [main] INFO  impl.MetricsSystemImpl (MetricsSystemImpl.java:init(158)) - HddsDatanode metrics system started (again)
2024-03-04 12:58:02,131 [097e50fe-38d4-45ee-922f-f03bf1c0f16e-DatanodeStateMachineDaemonThread] INFO  statemachine.DatanodeStateMachine (DatanodeStateMachine.java:lambda$startDaemon$1(555)) - Ozone container server started.
2024-03-04 12:58:02,134 [grpc-default-executor-0] INFO  server.RaftServer$Division (RaftServerImpl.java:requestVote(1389)) - omNode-3@group-523986131536: receive requestVote(ELECTION, omNode-1, group-523986131536, 1, (t:0, i:~))
2024-03-04 12:58:02,134 [grpc-default-executor-0] INFO  impl.VoteContext (VoteContext.java:log(49)) - omNode-3@group-523986131536-FOLLOWER: accept ELECTION from omNode-1: our priority 0 <= candidate's priority 0
2024-03-04 12:58:02,134 [grpc-default-executor-0] INFO  server.RaftServer$Division (RaftServerImpl.java:setRole(383)) - omNode-3@group-523986131536: changes role from  FOLLOWER to FOLLOWER at term 1 for candidate:omNode-1
2024-03-04 12:58:02,134 [grpc-default-executor-0] INFO  impl.RoleInfo (RoleInfo.java:shutdownFollowerState(110)) - omNode-3: shutdown omNode-3@group-523986131536-FollowerState
2024-03-04 12:58:02,136 [omNode-1@group-523986131536-LeaderElection32] INFO  server.RaftServerConfigKeys (ConfUtils.java:logFallback(53)) - raft.server.rpc.first-election.timeout.min = 1s (fallback to raft.server.rpc.timeout.min)
2024-03-04 12:58:02,136 [omNode-1@group-523986131536-LeaderElection32] INFO  server.RaftServerConfigKeys (ConfUtils.java:logFallback(53)) - raft.server.rpc.first-election.timeout.max = 1200ms (fallback to raft.server.rpc.timeout.max)
2024-03-04 12:58:02,137 [grpc-default-executor-0] INFO  impl.RoleInfo (RoleInfo.java:updateAndGet(139)) - omNode-3: start omNode-3@group-523986131536-FollowerState
2024-03-04 12:58:02,140 [omNode-3@group-523986131536-FollowerState] INFO  impl.FollowerState (FollowerState.java:run(152)) - omNode-3@group-523986131536-FollowerState was interrupted
2024-03-04 12:58:02,140 [grpc-default-executor-0] INFO  server.RaftServer$Division (RaftServerImpl.java:setFirstElection(574)) - omNode-3@group-523986131536: set firstElectionSinceStartup to false for candidate:omNode-1
2024-03-04 12:58:02,142 [grpc-default-executor-0] INFO  server.RaftServer$Division (RaftServerImpl.java:requestVote(1422)) - omNode-3@group-523986131536 replies to ELECTION vote request: omNode-1<-omNode-3#0:OK-t1. Peer's state: omNode-3@group-523986131536:t1, leader=null, voted=omNode-1, raftlog=Memoized:omNode-3@group-523986131536-SegmentedRaftLog:OPENED:c-1, conf=-1: peers:[omNode-3|localhost:15144, omNode-1|localhost:15136, omNode-2|localhost:15140]|listeners:[], old=null
2024-03-04 12:58:02,146 [omNode-1@group-523986131536-LeaderElection32] INFO  impl.LeaderElection (LeaderElection.java:logAndReturn(89)) - omNode-1@group-523986131536-LeaderElection32: ELECTION PASSED received 1 response(s) and 0 exception(s):
2024-03-04 12:58:02,146 [omNode-1@group-523986131536-LeaderElection32] INFO  impl.LeaderElection (LeaderElection.java:logAndReturn(93)) -   Response 0: omNode-1<-omNode-3#0:OK-t1
2024-03-04 12:58:02,146 [omNode-1@group-523986131536-LeaderElection32] INFO  impl.LeaderElection (LeaderElection.java:askForVotes(323)) - omNode-1@group-523986131536-LeaderElection32 ELECTION round 0: result PASSED
2024-03-04 12:58:02,146 [omNode-1@group-523986131536-LeaderElection32] INFO  impl.RoleInfo (RoleInfo.java:shutdownLeaderElection(130)) - omNode-1: shutdown omNode-1@group-523986131536-LeaderElection32
2024-03-04 12:58:02,146 [omNode-1@group-523986131536-LeaderElection32] INFO  server.RaftServer$Division (RaftServerImpl.java:setRole(383)) - omNode-1@group-523986131536: changes role from CANDIDATE to LEADER at term 1 for changeToLeader
2024-03-04 12:58:02,146 [omNode-1@group-523986131536-LeaderElection32] INFO  server.RaftServerConfigKeys (ConfUtils.java:logGet(46)) - raft.server.staging.catchup.gap = 1000 (default)
2024-03-04 12:58:02,146 [omNode-1@group-523986131536-LeaderElection32] INFO  server.RaftServerConfigKeys (ConfUtils.java:logGet(46)) - raft.server.write.element-limit = 4096 (default)
2024-03-04 12:58:02,146 [omNode-1@group-523986131536-LeaderElection32] INFO  server.RaftServerConfigKeys (ConfUtils.java:logGet(46)) - raft.server.write.byte-limit = 64MB (=67108864) (default)
2024-03-04 12:58:02,146 [omNode-1@group-523986131536-LeaderElection32] INFO  server.RaftServerConfigKeys (ConfUtils.java:logGet(46)) - raft.server.watch.timeout = 10s (default)
2024-03-04 12:58:02,146 [omNode-1@group-523986131536-LeaderElection32] INFO  server.RaftServerConfigKeys (ConfUtils.java:logGet(46)) - raft.server.watch.timeout.denomination = 1s (default)
2024-03-04 12:58:02,147 [omNode-1@group-523986131536-LeaderElection32] INFO  server.RaftServerConfigKeys (ConfUtils.java:logGet(46)) - raft.server.watch.element-limit = 65536 (default)
2024-03-04 12:58:02,147 [omNode-1@group-523986131536-LeaderElection32] INFO  server.RaftServerConfigKeys (ConfUtils.java:logGet(46)) - raft.server.read.leader.lease.enabled = false (default)
2024-03-04 12:58:02,147 [grpc-default-executor-0] INFO  server.RaftServer$Division (RaftServerImpl.java:requestVote(1389)) - omNode-2@group-523986131536: receive requestVote(PRE_VOTE, omNode-1, group-523986131536, 0, (t:0, i:~))
2024-03-04 12:58:02,147 [grpc-default-executor-0] INFO  impl.VoteContext (VoteContext.java:log(49)) - omNode-2@group-523986131536-FOLLOWER: accept PRE_VOTE from omNode-1: our priority 0 <= candidate's priority 0
2024-03-04 12:58:02,147 [grpc-default-executor-0] INFO  server.RaftServer$Division (RaftServerImpl.java:requestVote(1422)) - omNode-2@group-523986131536 replies to PRE_VOTE vote request: omNode-1<-omNode-2#0:OK-t0. Peer's state: omNode-2@group-523986131536:t0, leader=null, voted=, raftlog=Memoized:omNode-2@group-523986131536-SegmentedRaftLog:OPENED:c-1, conf=-1: peers:[omNode-3|localhost:15144, omNode-1|localhost:15136, omNode-2|localhost:15140]|listeners:[], old=null
2024-03-04 12:58:02,148 [omNode-1@group-523986131536-LeaderElection32] INFO  server.RaftServerConfigKeys (ConfUtils.java:logGet(46)) - raft.server.read.leader.lease.timeout.ratio = 0.9 (default)
2024-03-04 12:58:02,148 [omNode-1@group-523986131536-LeaderElection32] INFO  server.RaftServerConfigKeys (ConfUtils.java:logGet(46)) - raft.server.rpc.timeout.min = 1s (custom)
2024-03-04 12:58:02,148 [omNode-1@group-523986131536-LeaderElection32] INFO  server.RaftServerConfigKeys (ConfUtils.java:logGet(46)) - raft.server.write.element-limit = 4096 (default)
2024-03-04 12:58:02,148 [main] INFO  ozone.HddsDatanodeService (HddsDatanodeService.java:start(240)) - HddsDatanodeService host:fv-az571-795.sssw3dgiwi1e5jwxh1zizygaca.bx.internal.cloudapp.net ip:10.1.0.12
2024-03-04 12:58:02,148 [omNode-1@group-523986131536-LeaderElection32] INFO  server.RaftServerConfigKeys (ConfUtils.java:logGet(46)) - raft.server.write.follower.gap.ratio.max = -1.0 (default)
2024-03-04 12:58:02,148 [omNode-1@group-523986131536-LeaderElection32] INFO  server.RaftServerConfigKeys (ConfUtils.java:logGet(46)) - raft.server.log.appender.snapshot.chunk.size.max = 16MB (=16777216) (default)
2024-03-04 12:58:02,149 [omNode-1@group-523986131536-LeaderElection32] INFO  server.RaftServerConfigKeys (ConfUtils.java:logGet(46)) - raft.server.log.appender.buffer.byte-limit = 4194304 (custom)
2024-03-04 12:58:02,149 [omNode-1@group-523986131536-LeaderElection32] INFO  server.RaftServerConfigKeys (ConfUtils.java:logGet(46)) - raft.server.log.appender.buffer.element-limit = 1024 (custom)
2024-03-04 12:58:02,149 [omNode-1@group-523986131536-LeaderElection32] INFO  server.RaftServerConfigKeys (ConfUtils.java:logGet(46)) - raft.server.log.appender.wait-time.min = 0ms (custom)
2024-03-04 12:58:02,149 [omNode-1@group-523986131536-LeaderElection32] INFO  grpc.GrpcConfigKeys (ConfUtils.java:logGet(46)) - raft.grpc.server.leader.outstanding.appends.max = 8 (default)
2024-03-04 12:58:02,149 [omNode-1@group-523986131536-LeaderElection32] INFO  server.RaftServerConfigKeys (ConfUtils.java:logGet(46)) - raft.server.rpc.request.timeout = 3000ms (default)
2024-03-04 12:58:02,149 [omNode-1@group-523986131536-LeaderElection32] INFO  grpc.GrpcConfigKeys (ConfUtils.java:logGet(46)) - raft.grpc.server.install_snapshot.request.element-limit = 8 (default)
2024-03-04 12:58:02,149 [omNode-1@group-523986131536-LeaderElection32] INFO  grpc.GrpcConfigKeys (ConfUtils.java:logGet(46)) - raft.grpc.server.install_snapshot.request.timeout = 3000ms (default)
2024-03-04 12:58:02,149 [omNode-1@group-523986131536-LeaderElection32] INFO  grpc.GrpcConfigKeys (ConfUtils.java:logGet(46)) - raft.grpc.server.log-message.batch.duration = 5s (default)
2024-03-04 12:58:02,149 [omNode-1@group-523986131536-LeaderElection32] INFO  server.RaftServerConfigKeys (ConfUtils.java:logGet(46)) - raft.server.log.appender.install.snapshot.enabled = false (custom)
2024-03-04 12:58:02,149 [omNode-1@group-523986131536-LeaderElection32] INFO  grpc.GrpcConfigKeys (ConfUtils.java:logGet(46)) - raft.grpc.server.heartbeat.channel = true (default)
2024-03-04 12:58:02,150 [omNode-1@group-523986131536-LeaderElection32] INFO  server.RaftServerConfigKeys (ConfUtils.java:logGet(46)) - raft.server.log.appender.snapshot.chunk.size.max = 16MB (=16777216) (default)
2024-03-04 12:58:02,150 [omNode-1@group-523986131536-LeaderElection32] INFO  server.RaftServerConfigKeys (ConfUtils.java:logGet(46)) - raft.server.log.appender.buffer.byte-limit = 4194304 (custom)
2024-03-04 12:58:02,150 [omNode-1@group-523986131536-LeaderElection32] INFO  server.RaftServerConfigKeys (ConfUtils.java:logGet(46)) - raft.server.log.appender.buffer.element-limit = 1024 (custom)
2024-03-04 12:58:02,150 [omNode-1@group-523986131536-LeaderElection32] INFO  server.RaftServerConfigKeys (ConfUtils.java:logGet(46)) - raft.server.log.appender.wait-time.min = 0ms (custom)
2024-03-04 12:58:02,150 [omNode-1@group-523986131536-LeaderElection32] INFO  grpc.GrpcConfigKeys (ConfUtils.java:logGet(46)) - raft.grpc.server.leader.outstanding.appends.max = 8 (default)
2024-03-04 12:58:02,150 [omNode-1@group-523986131536-LeaderElection32] INFO  server.RaftServerConfigKeys (ConfUtils.java:logGet(46)) - raft.server.rpc.request.timeout = 3000ms (default)
2024-03-04 12:58:02,150 [omNode-1@group-523986131536-LeaderElection32] INFO  grpc.GrpcConfigKeys (ConfUtils.java:logGet(46)) - raft.grpc.server.install_snapshot.request.element-limit = 8 (default)
2024-03-04 12:58:02,150 [grpc-default-executor-1] INFO  server.RaftServer$Division (RaftServerImpl.java:requestVote(1389)) - omNode-2@group-523986131536: receive requestVote(ELECTION, omNode-1, group-523986131536, 1, (t:0, i:~))
2024-03-04 12:58:02,150 [omNode-1@group-523986131536-LeaderElection32] INFO  grpc.GrpcConfigKeys (ConfUtils.java:logGet(46)) - raft.grpc.server.install_snapshot.request.timeout = 3000ms (default)
2024-03-04 12:58:02,154 [grpc-default-executor-1] INFO  impl.VoteContext (VoteContext.java:log(49)) - omNode-2@group-523986131536-FOLLOWER: accept ELECTION from omNode-1: our priority 0 <= candidate's priority 0
2024-03-04 12:58:02,155 [grpc-default-executor-1] INFO  server.RaftServer$Division (RaftServerImpl.java:setRole(383)) - omNode-2@group-523986131536: changes role from  FOLLOWER to FOLLOWER at term 1 for candidate:omNode-1
2024-03-04 12:58:02,156 [grpc-default-executor-1] INFO  impl.RoleInfo (RoleInfo.java:shutdownFollowerState(110)) - omNode-2: shutdown omNode-2@group-523986131536-FollowerState
2024-03-04 12:58:02,156 [grpc-default-executor-1] INFO  impl.RoleInfo (RoleInfo.java:updateAndGet(139)) - omNode-2: start omNode-2@group-523986131536-FollowerState
2024-03-04 12:58:02,156 [omNode-2@group-523986131536-FollowerState] INFO  impl.FollowerState (FollowerState.java:run(152)) - omNode-2@group-523986131536-FollowerState was interrupted
2024-03-04 12:58:02,155 [omNode-1@group-523986131536-LeaderElection32] INFO  grpc.GrpcConfigKeys (ConfUtils.java:logGet(46)) - raft.grpc.server.log-message.batch.duration = 5s (default)
2024-03-04 12:58:02,156 [omNode-1@group-523986131536-LeaderElection32] INFO  server.RaftServerConfigKeys (ConfUtils.java:logGet(46)) - raft.server.log.appender.install.snapshot.enabled = false (custom)
2024-03-04 12:58:02,156 [omNode-1@group-523986131536-LeaderElection32] INFO  grpc.GrpcConfigKeys (ConfUtils.java:logGet(46)) - raft.grpc.server.heartbeat.channel = true (default)
2024-03-04 12:58:02,156 [omNode-1@group-523986131536-LeaderElection32] INFO  impl.RoleInfo (RoleInfo.java:updateAndGet(139)) - omNode-1: start omNode-1@group-523986131536-LeaderStateImpl
2024-03-04 12:58:02,156 [omNode-1@group-523986131536-LeaderElection32] INFO  server.RaftServer$Division (RaftServerImpl.java:setFirstElection(574)) - omNode-1@group-523986131536: set firstElectionSinceStartup to false for becomeLeader
2024-03-04 12:58:02,157 [omNode-1@group-523986131536-LeaderElection32] INFO  server.RaftServer$Division (ServerState.java:setLeader(269)) - omNode-1@group-523986131536: change Leader from null to omNode-1 at term 1 for becomeLeader, leader elected after 1460ms
2024-03-04 12:58:02,157 [omNode-1@group-523986131536-LeaderElection32] INFO  segmented.SegmentedRaftLogWorker (SegmentedRaftLogWorker.java:startLogSegment(430)) - omNode-1@group-523986131536-SegmentedRaftLogWorker: Starting segment from index:0
2024-03-04 12:58:02,157 [grpc-default-executor-1] INFO  server.RaftServer$Division (RaftServerImpl.java:setFirstElection(574)) - omNode-2@group-523986131536: set firstElectionSinceStartup to false for candidate:omNode-1
2024-03-04 12:58:02,158 [omNode-1@group-523986131536-SegmentedRaftLogWorker] INFO  segmented.BufferedWriteChannel (BufferedWriteChannel.java:open(62)) - open log_inprogress_0 at position 0
2024-03-04 12:58:02,161 [grpc-default-executor-1] INFO  server.RaftServer$Division (RaftServerImpl.java:requestVote(1422)) - omNode-2@group-523986131536 replies to ELECTION vote request: omNode-1<-omNode-2#0:OK-t1. Peer's state: omNode-2@group-523986131536:t1, leader=null, voted=omNode-1, raftlog=Memoized:omNode-2@group-523986131536-SegmentedRaftLog:OPENED:c-1, conf=-1: peers:[omNode-3|localhost:15144, omNode-1|localhost:15136, omNode-2|localhost:15140]|listeners:[], old=null
2024-03-04 12:58:02,163 [omNode-1@group-523986131536-LeaderElection32] INFO  server.RaftServer$Division (ServerState.java:setRaftConf(386)) - omNode-1@group-523986131536: set configuration 0: peers:[omNode-3|localhost:15144, omNode-1|localhost:15136, omNode-2|localhost:15140]|listeners:[], old=null
2024-03-04 12:58:02,165 [097e50fe-38d4-45ee-922f-f03bf1c0f16e-DatanodeStateMachineTaskThread-0] INFO  datanode.InitDatanodeState (InitDatanodeState.java:persistContainerDatanodeDetails(139)) - DatanodeDetails is persisted to /home/runner/work/ozone/ozone/hadoop-ozone/integration-test/target/test-dir/MiniOzoneClusterImpl-d5abb160-17eb-4229-abdc-d3875330a01a/ozone-meta/datanode-2/meta/datanode.id
2024-03-04 12:58:02,166 [omNode-1@group-523986131536-SegmentedRaftLogWorker] INFO  segmented.SegmentedRaftLogWorker (SegmentedRaftLogWorker.java:execute(634)) - omNode-1@group-523986131536-SegmentedRaftLogWorker: created new log segment /home/runner/work/ozone/ozone/hadoop-ozone/integration-test/target/test-dir/MiniOzoneClusterImpl-d5abb160-17eb-4229-abdc-d3875330a01a/omNode-1/ratis/c9bc4cf4-3bc3-3c60-a66b-523986131536/current/log_inprogress_0
2024-03-04 12:58:02,180 [main] INFO  upgrade.AbstractLayoutVersionManager (AbstractLayoutVersionManager.java:init(83)) - Initializing Layout version manager with metadata layout = HADOOP_PRC_PORTS_IN_DATANODEDETAILS (version = 7), software layout = HADOOP_PRC_PORTS_IN_DATANODEDETAILS (version = 7)
2024-03-04 12:58:02,181 [main] INFO  statemachine.DatanodeStateMachine (DatanodeStateMachine.java:getEndPointTaskThreadPoolSize(299)) - Datanode State Machine Task Thread Pool size 2
2024-03-04 12:58:02,187 [main] INFO  volume.HddsVolume (HddsVolume.java:<init>(125)) - Creating HddsVolume: /home/runner/work/ozone/ozone/hadoop-ozone/integration-test/target/test-dir/MiniOzoneClusterImpl-d5abb160-17eb-4229-abdc-d3875330a01a/ozone-meta/datanode-3/data-0/hdds of storage type : DISK capacity : 9223372036854775807
2024-03-04 12:58:02,187 [main] INFO  volume.MutableVolumeSet (MutableVolumeSet.java:initializeVolumeSet(173)) - Added Volume : /home/runner/work/ozone/ozone/hadoop-ozone/integration-test/target/test-dir/MiniOzoneClusterImpl-d5abb160-17eb-4229-abdc-d3875330a01a/ozone-meta/datanode-3/data-0/hdds to VolumeSet
2024-03-04 12:58:02,188 [main] INFO  volume.MutableVolumeSet (MutableVolumeSet.java:initializeVolumeSet(173)) - Added Volume : /home/runner/work/ozone/ozone/hadoop-ozone/integration-test/target/test-dir/MiniOzoneClusterImpl-d5abb160-17eb-4229-abdc-d3875330a01a/ozone-meta/datanode-3/ratis to VolumeSet
2024-03-04 12:58:02,188 [main] INFO  ozoneimpl.OzoneContainer (HddsVolumeUtil.java:loadAllHddsVolumeDbStore(103)) - Load 1 volumes DbStore cost: 0ms
2024-03-04 12:58:02,190 [main] INFO  server.RaftServer (ConfUtils.java:logGet(46)) - raft.rpc.type = GRPC (default)
2024-03-04 12:58:02,190 [main] INFO  grpc.GrpcConfigKeys (ConfUtils.java:logFallback(53)) - raft.grpc.admin.host = null (fallback to raft.grpc.server.host)
2024-03-04 12:58:02,190 [main] INFO  grpc.GrpcConfigKeys (ConfUtils.java:logGet(46)) - raft.grpc.admin.port = 15168 (custom)
2024-03-04 12:58:02,190 [main] INFO  grpc.GrpcConfigKeys (ConfUtils.java:logFallback(53)) - raft.grpc.client.host = null (fallback to raft.grpc.server.host)
2024-03-04 12:58:02,191 [main] INFO  grpc.GrpcConfigKeys (ConfUtils.java:logGet(46)) - raft.grpc.client.port = 15167 (custom)
2024-03-04 12:58:02,191 [main] INFO  grpc.GrpcConfigKeys (ConfUtils.java:logGet(46)) - raft.grpc.server.host = null (default)
2024-03-04 12:58:02,191 [main] INFO  grpc.GrpcConfigKeys (ConfUtils.java:logGet(46)) - raft.grpc.server.port = 15169 (custom)
2024-03-04 12:58:02,191 [main] INFO  server.GrpcService (ConfUtils.java:logGet(46)) - raft.grpc.message.size.max = 32MB (=33554432) (custom)
2024-03-04 12:58:02,191 [main] INFO  server.RaftServerConfigKeys (ConfUtils.java:logGet(46)) - raft.server.log.appender.buffer.byte-limit = 8388608 (custom)
2024-03-04 12:58:02,191 [main] INFO  server.GrpcService (ConfUtils.java:logGet(46)) - raft.grpc.flow.control.window = 5MB (=5242880) (custom)
2024-03-04 12:58:02,191 [main] INFO  server.RaftServerConfigKeys (ConfUtils.java:logGet(46)) - raft.server.rpc.request.timeout = 60s (custom)
2024-03-04 12:58:02,192 [main] INFO  grpc.GrpcConfigKeys (ConfUtils.java:logGet(46)) - raft.grpc.server.heartbeat.channel = true (default)
2024-03-04 12:58:02,192 [main] INFO  grpc.GrpcConfigKeys (ConfUtils.java:logGet(46)) - raft.grpc.server.async.request.thread.pool.cached = true (default)
2024-03-04 12:58:02,192 [main] INFO  grpc.GrpcConfigKeys (ConfUtils.java:logGet(46)) - raft.grpc.server.async.request.thread.pool.size = 32 (default)
2024-03-04 12:58:02,194 [omNode-3-server-thread2] INFO  server.RaftServer$Division (ServerState.java:setLeader(269)) - omNode-3@group-523986131536: change Leader from null to omNode-1 at term 1 for appendEntries, leader elected after 588ms
2024-03-04 12:58:02,195 [omNode-3-server-thread2] INFO  server.RaftServer$Division (ServerState.java:setRaftConf(386)) - omNode-3@group-523986131536: set configuration 0: peers:[omNode-3|localhost:15144, omNode-1|localhost:15136, omNode-2|localhost:15140]|listeners:[], old=null
2024-03-04 12:58:02,195 [omNode-3-server-thread2] INFO  segmented.SegmentedRaftLogWorker (SegmentedRaftLogWorker.java:startLogSegment(430)) - omNode-3@group-523986131536-SegmentedRaftLogWorker: Starting segment from index:0
2024-03-04 12:58:02,195 [main] INFO  impl.DataStreamServerImpl (ConfUtils.java:logGet(46)) - raft.datastream.type = NETTY (custom)
2024-03-04 12:58:02,198 [omNode-2-server-thread2] INFO  server.RaftServer$Division (ServerState.java:setLeader(269)) - omNode-2@group-523986131536: change Leader from null to omNode-1 at term 1 for appendEntries, leader elected after 1033ms
2024-03-04 12:58:02,196 [omNode-3@group-523986131536-SegmentedRaftLogWorker] INFO  segmented.BufferedWriteChannel (BufferedWriteChannel.java:open(62)) - open log_inprogress_0 at position 0
2024-03-04 12:58:02,200 [main] INFO  server.RaftServerConfigKeys (ConfUtils.java:logGet(46)) - raft.server.data-stream.async.request.thread.pool.cached = false (default)
2024-03-04 12:58:02,201 [main] INFO  server.RaftServerConfigKeys (ConfUtils.java:logGet(46)) - raft.server.data-stream.async.request.thread.pool.size = 20 (custom)
2024-03-04 12:58:02,201 [main] INFO  server.RaftServerConfigKeys (ConfUtils.java:logGet(46)) - raft.server.data-stream.async.write.thread.pool.size = 16 (default)
2024-03-04 12:58:02,201 [main] INFO  netty.NettyConfigKeys$DataStream (ConfUtils.java:logGet(46)) - raft.netty.dataStream.server.channel.inactive.grace-period = 10min (default)
2024-03-04 12:58:02,202 [omNode-2-server-thread2] INFO  server.RaftServer$Division (ServerState.java:setRaftConf(386)) - omNode-2@group-523986131536: set configuration 0: peers:[omNode-3|localhost:15144, omNode-1|localhost:15136, omNode-2|localhost:15140]|listeners:[], old=null
2024-03-04 12:58:02,206 [omNode-2-server-thread2] INFO  segmented.SegmentedRaftLogWorker (SegmentedRaftLogWorker.java:startLogSegment(430)) - omNode-2@group-523986131536-SegmentedRaftLogWorker: Starting segment from index:0
2024-03-04 12:58:02,206 [omNode-2@group-523986131536-SegmentedRaftLogWorker] INFO  segmented.BufferedWriteChannel (BufferedWriteChannel.java:open(62)) - open log_inprogress_0 at position 0
2024-03-04 12:58:02,202 [main] INFO  server.RaftServerConfigKeys (ConfUtils.java:logGet(46)) - raft.server.data-stream.client.pool.size = 10 (default)
2024-03-04 12:58:02,207 [main] INFO  netty.NettyConfigKeys$DataStream (ConfUtils.java:logGet(46)) - raft.netty.dataStream.server.use-epoll = true (default)
2024-03-04 12:58:02,207 [omNode-3@group-523986131536-SegmentedRaftLogWorker] INFO  segmented.SegmentedRaftLogWorker (SegmentedRaftLogWorker.java:execute(634)) - omNode-3@group-523986131536-SegmentedRaftLogWorker: created new log segment /home/runner/work/ozone/ozone/hadoop-ozone/integration-test/target/test-dir/MiniOzoneClusterImpl-d5abb160-17eb-4229-abdc-d3875330a01a/omNode-3/ratis/c9bc4cf4-3bc3-3c60-a66b-523986131536/current/log_inprogress_0
2024-03-04 12:58:02,207 [main] INFO  netty.NettyConfigKeys$DataStream (ConfUtils.java:logGet(46)) - raft.netty.dataStream.server.boss-group.size = 0 (default)
2024-03-04 12:58:02,208 [main] INFO  netty.NettyUtils (NettyUtils.java:newEventLoopGroup(69)) - Create EpollEventLoopGroup for b225d8db-41e6-4bb3-882c-dcd695311e70-NettyServerStreamRpc-bossGroup; Thread size is 0.
2024-03-04 12:58:02,209 [main] INFO  netty.NettyConfigKeys$DataStream (ConfUtils.java:logGet(46)) - raft.netty.dataStream.server.worker-group.size = 0 (default)
2024-03-04 12:58:02,209 [main] INFO  netty.NettyUtils (NettyUtils.java:newEventLoopGroup(69)) - Create EpollEventLoopGroup for b225d8db-41e6-4bb3-882c-dcd695311e70-NettyServerStreamRpc-workerGroup; Thread size is 0.
2024-03-04 12:58:02,210 [main] INFO  netty.NettyConfigKeys$DataStream (ConfUtils.java:logGet(46)) - raft.netty.dataStream.server.tls.conf = null (default)
2024-03-04 12:58:02,212 [main] INFO  netty.NettyConfigKeys$DataStream (ConfUtils.java:logGet(46)) - raft.netty.dataStream.host = null (default)
2024-03-04 12:58:02,212 [main] INFO  netty.NettyConfigKeys$DataStream (ConfUtils.java:logGet(46)) - raft.netty.dataStream.port = 15170 (custom)
2024-03-04 12:58:02,212 [main] INFO  server.RaftServerConfigKeys (ConfUtils.java:logGet(46)) - raft.server.sleep.deviation.threshold = 300ms (default)
2024-03-04 12:58:02,213 [omNode-2@group-523986131536-SegmentedRaftLogWorker] INFO  segmented.SegmentedRaftLogWorker (SegmentedRaftLogWorker.java:execute(634)) - omNode-2@group-523986131536-SegmentedRaftLogWorker: created new log segment /home/runner/work/ozone/ozone/hadoop-ozone/integration-test/target/test-dir/MiniOzoneClusterImpl-d5abb160-17eb-4229-abdc-d3875330a01a/omNode-2/ratis/c9bc4cf4-3bc3-3c60-a66b-523986131536/current/log_inprogress_0
2024-03-04 12:58:02,213 [omNode-1@group-523986131536-StateMachineUpdater] INFO  ratis.OzoneManagerStateMachine (OzoneManagerStateMachine.java:notifyConfigurationChanged(198)) - Received Configuration change notification from Ratis. New Peer list:
[id: "omNode-3"
address: "localhost:15144"
startupRole: FOLLOWER
, id: "omNode-1"
address: "localhost:15136"
startupRole: FOLLOWER
, id: "omNode-2"
address: "localhost:15140"
startupRole: FOLLOWER
]
2024-03-04 12:58:02,213 [b225d8db-41e6-4bb3-882c-dcd695311e70-NettyServerStreamRpc-bossGroup--thread1] INFO  logging.LoggingHandler (AbstractInternalLogger.java:log(148)) - [id: 0x5bf631d9] REGISTERED
2024-03-04 12:58:02,213 [omNode-1@group-523986131536-StateMachineUpdater] INFO  server.RaftServer$Division (LeaderStateImpl.java:isApplied(320)) - leader is ready since appliedIndex == 0 >= startIndex == 0
2024-03-04 12:58:02,214 [b225d8db-41e6-4bb3-882c-dcd695311e70-NettyServerStreamRpc-bossGroup--thread1] INFO  logging.LoggingHandler (AbstractInternalLogger.java:log(148)) - [id: 0x5bf631d9] BIND: 0.0.0.0/0.0.0.0:15170
2024-03-04 12:58:02,214 [b225d8db-41e6-4bb3-882c-dcd695311e70-NettyServerStreamRpc-bossGroup--thread1] INFO  logging.LoggingHandler (AbstractInternalLogger.java:log(148)) - [id: 0x5bf631d9, L:/0.0.0.0:15170] ACTIVE
2024-03-04 12:58:02,213 [main] INFO  server.RaftServerConfigKeys (ConfUtils.java:logGet(46)) - raft.server.close.threshold = 60s (default)
2024-03-04 12:58:02,215 [main] INFO  server.RaftServerConfigKeys (ConfUtils.java:logGet(46)) - raft.server.leaderelection.leader.step-down.wait-time = 10s (default)
2024-03-04 12:58:02,215 [main] INFO  server.RaftServerConfigKeys (ConfUtils.java:logGet(46)) - raft.server.storage.dir = [/home/runner/work/ozone/ozone/hadoop-ozone/integration-test/target/test-dir/MiniOzoneClusterImpl-d5abb160-17eb-4229-abdc-d3875330a01a/ozone-meta/datanode-3/ratis] (custom)
2024-03-04 12:58:02,215 [main] INFO  server.RaftServerConfigKeys (ConfUtils.java:logGet(46)) - raft.server.threadpool.proxy.cached = true (default)
2024-03-04 12:58:02,216 [main] INFO  server.RaftServerConfigKeys (ConfUtils.java:logGet(46)) - raft.server.threadpool.proxy.size = 0 (default)
2024-03-04 12:58:02,216 [b225d8db-41e6-4bb3-882c-dcd695311e70-impl-thread1] INFO  server.RaftServer (RaftServerProxy.java:initGroupDir(264)) - b225d8db-41e6-4bb3-882c-dcd695311e70: found a subdirectory /home/runner/work/ozone/ozone/hadoop-ozone/integration-test/target/test-dir/MiniOzoneClusterImpl-d5abb160-17eb-4229-abdc-d3875330a01a/ozone-meta/datanode-3/ratis/tmp
2024-03-04 12:58:02,216 [b225d8db-41e6-4bb3-882c-dcd695311e70-impl-thread1] INFO  server.RaftServer (RaftServerProxy.java:initGroupDir(269)) - b225d8db-41e6-4bb3-882c-dcd695311e70: The directory /home/runner/work/ozone/ozone/hadoop-ozone/integration-test/target/test-dir/MiniOzoneClusterImpl-d5abb160-17eb-4229-abdc-d3875330a01a/ozone-meta/datanode-3/ratis/tmp is not a group directory; ignoring it. 
2024-03-04 12:58:02,217 [main] INFO  replication.ReplicationServer (ReplicationServer.java:<init>(86)) - Initializing replication server with thread count = 10 queue length = 4096
2024-03-04 12:58:02,218 [main] INFO  server.XceiverServerGrpc (XceiverServerGrpc.java:<init>(141)) - GrpcServer channel type EpollServerSocketChannel
2024-03-04 12:58:02,219 [main] INFO  replication.ReplicationSupervisor (ReplicationSupervisor.java:build(163)) - Initializing replication supervisor with thread count = 10
2024-03-04 12:58:02,219 [main] INFO  replication.ReplicationSupervisor (ReplicationSupervisor.java:nodeStateUpdated(317)) - Node state updated to IN_SERVICE, scaling executor pool size to 10
2024-03-04 12:58:02,221 [main] INFO  http.BaseHttpServer (BaseHttpServer.java:newHttpServer2BuilderForOzone(223)) - Starting Web-server for hddsDatanode at: http://0.0.0.0:15164
2024-03-04 12:58:02,221 [main] INFO  http.BaseHttpServer (BaseHttpServer.java:<init>(110)) - Hadoop Security Enabled: false Ozone Security Enabled: false Ozone HTTP Security Enabled: false 
2024-03-04 12:58:02,224 [main] WARN  server.AuthenticationFilter (AuthenticationFilter.java:constructSecretProvider(240)) - Unable to initialize FileSignerSecretProvider, falling back to use random secrets. Reason: Could not read signature secret file: /home/runner/hadoop-http-auth-signature-secret
2024-03-04 12:58:02,224 [main] INFO  http.HttpRequestLog (HttpRequestLog.java:getRequestLog(86)) - Http request log for http.requests.hddsDatanode is not defined
2024-03-04 12:58:02,225 [main] INFO  http.HttpServer2 (HttpServer2.java:addGlobalFilter(1036)) - Added global filter 'safety' (class=org.apache.hadoop.hdds.server.http.HttpServer2$QuotingInputFilter)
2024-03-04 12:58:02,225 [main] INFO  http.HttpServer2 (HttpServer2.java:addFilter(1012)) - Added filter static_user_filter (class=org.apache.hadoop.http.lib.StaticUserWebFilter$StaticUserFilter) to context hddsDatanode
2024-03-04 12:58:02,225 [main] INFO  http.HttpServer2 (HttpServer2.java:addFilter(1020)) - Added filter static_user_filter (class=org.apache.hadoop.http.lib.StaticUserWebFilter$StaticUserFilter) to context logs
2024-03-04 12:58:02,225 [main] INFO  http.HttpServer2 (HttpServer2.java:addFilter(1020)) - Added filter static_user_filter (class=org.apache.hadoop.http.lib.StaticUserWebFilter$StaticUserFilter) to context static
2024-03-04 12:58:02,226 [main] INFO  http.BaseHttpServer (BaseHttpServer.java:<init>(189)) - HTTP server of hddsDatanode uses base directory /home/runner/work/ozone/ozone/hadoop-ozone/integration-test/target/test-dir/MiniOzoneClusterImpl-d5abb160-17eb-4229-abdc-d3875330a01a/ozone-meta/datanode-3/meta/webserver
2024-03-04 12:58:02,226 [main] INFO  http.HttpServer2 (HttpServer2.java:bindListener(1236)) - Jetty bound to port 15164
2024-03-04 12:58:02,226 [main] INFO  server.Server (Server.java:doStart(375)) - jetty-9.4.53.v20231009; built: 2023-10-09T12:29:09.265Z; git: 27bde00a0b95a1d5bbee0eae7984f891d2d0f8c9; jvm 1.8.0_402-b06
2024-03-04 12:58:02,227 [main] INFO  server.session (DefaultSessionIdManager.java:doStart(334)) - DefaultSessionIdManager workerName=node0
2024-03-04 12:58:02,227 [main] INFO  server.session (DefaultSessionIdManager.java:doStart(339)) - No SessionScavenger set, using defaults
2024-03-04 12:58:02,229 [main] INFO  server.session (HouseKeeper.java:startScavenging(132)) - node0 Scavenging every 600000ms
2024-03-04 12:58:02,230 [main] INFO  handler.ContextHandler (ContextHandler.java:doStart(921)) - Started o.e.j.s.ServletContextHandler@245a64c{logs,/logs,file:///home/runner/work/ozone/ozone/hadoop-ozone/integration-test/target/log,AVAILABLE}
2024-03-04 12:58:02,230 [main] INFO  handler.ContextHandler (ContextHandler.java:doStart(921)) - Started o.e.j.s.ServletContextHandler@331b62b5{static,/static,jar:file:/home/runner/.m2/repository/org/apache/ozone/hdds-container-service/1.5.0-SNAPSHOT/hdds-container-service-1.5.0-SNAPSHOT.jar!/webapps/static,AVAILABLE}
2024-03-04 12:58:02,262 [main] INFO  handler.ContextHandler (ContextHandler.java:doStart(921)) - Started o.e.j.w.WebAppContext@706deaf9{hddsDatanode,/,file:///home/runner/work/ozone/ozone/hadoop-ozone/integration-test/target/test-dir/MiniOzoneClusterImpl-d5abb160-17eb-4229-abdc-d3875330a01a/ozone-meta/datanode-3/meta/webserver/jetty-0_0_0_0-15164-hdds-container-service-1_5_0-SNAPSHOT_jar-_-any-7777531682658428097/webapp/,AVAILABLE}{jar:file:/home/runner/.m2/repository/org/apache/ozone/hdds-container-service/1.5.0-SNAPSHOT/hdds-container-service-1.5.0-SNAPSHOT.jar!/webapps/hddsDatanode}
2024-03-04 12:58:02,263 [main] INFO  server.AbstractConnector (AbstractConnector.java:doStart(333)) - Started ServerConnector@25e2590a{HTTP/1.1, (http/1.1)}{0.0.0.0:15164}
2024-03-04 12:58:02,263 [main] INFO  server.Server (Server.java:doStart(415)) - Started @377847ms
2024-03-04 12:58:02,263 [main] WARN  impl.MetricsSystemImpl (MetricsSystemImpl.java:register(279)) - Sink prometheus already exists!
2024-03-04 12:58:02,264 [main] INFO  http.BaseHttpServer (BaseHttpServer.java:updateConnectorAddress(354)) - HTTP server of hddsDatanode listening at http://0.0.0.0:15164
2024-03-04 12:58:02,264 [main] INFO  ipc.CallQueueManager (CallQueueManager.java:<init>(90)) - Using callQueue: class java.util.concurrent.LinkedBlockingQueue, queueCapacity: 100, scheduler: class org.apache.hadoop.ipc.DefaultRpcScheduler, ipcBackoff: false.
2024-03-04 12:58:02,264 [main] INFO  ipc.Server (Server.java:<init>(1287)) - Listener at 0.0.0.0:15165
2024-03-04 12:58:02,265 [Socket Reader #1 for port 15165] INFO  ipc.Server (Server.java:run(1323)) - Starting Socket Reader #1 for port 15165
2024-03-04 12:58:02,266 [main] INFO  ozone.HddsDatanodeService (HddsDatanodeService.java:start(327)) - Datanode start with admins: [*, runner]
2024-03-04 12:58:02,266 [main] INFO  ozone.HddsDatanodeClientProtocolServer (HddsDatanodeClientProtocolServer.java:start(77)) - RPC server for Client /0.0.0.0:15165
2024-03-04 12:58:02,269 [IPC Server Responder] INFO  ipc.Server (Server.java:run(1562)) - IPC Server Responder: starting
2024-03-04 12:58:02,269 [IPC Server listener on 15165] INFO  ipc.Server (Server.java:run(1402)) - IPC Server listener on 15165: starting
2024-03-04 12:58:02,271 [main] INFO  ozone.MiniOzoneClusterImpl (MiniOzoneClusterImpl.java:lambda$waitForClusterToBeReady$0(194)) - Waiting for nodes to be ready. Got 0 of 3 DN Heartbeats.
2024-03-04 12:58:02,271 [main] INFO  ozone.MiniOzoneClusterImpl (MiniOzoneClusterImpl.java:lambda$waitForClusterToBeReady$0(197)) - Waiting for cluster to exit safe mode
2024-03-04 12:58:02,271 [main] INFO  ozone.MiniOzoneClusterImpl (MiniOzoneClusterImpl.java:lambda$waitForClusterToBeReady$0(199)) - SCM became leader
2024-03-04 12:58:02,274 [b225d8db-41e6-4bb3-882c-dcd695311e70-DatanodeStateMachineDaemonThread] INFO  statemachine.DatanodeStateMachine (DatanodeStateMachine.java:lambda$startDaemon$1(555)) - Ozone container server started.
2024-03-04 12:58:02,280 [b225d8db-41e6-4bb3-882c-dcd695311e70-DatanodeStateMachineTaskThread-0] INFO  datanode.InitDatanodeState (InitDatanodeState.java:persistContainerDatanodeDetails(139)) - DatanodeDetails is persisted to /home/runner/work/ozone/ozone/hadoop-ozone/integration-test/target/test-dir/MiniOzoneClusterImpl-d5abb160-17eb-4229-abdc-d3875330a01a/ozone-meta/datanode-3/meta/datanode.id
2024-03-04 12:58:02,711 [omNode-3@group-523986131536-StateMachineUpdater] INFO  ratis.OzoneManagerStateMachine (OzoneManagerStateMachine.java:notifyConfigurationChanged(198)) - Received Configuration change notification from Ratis. New Peer list:
[id: "omNode-3"
address: "localhost:15144"
startupRole: FOLLOWER
, id: "omNode-1"
address: "localhost:15136"
startupRole: FOLLOWER
, id: "omNode-2"
address: "localhost:15140"
startupRole: FOLLOWER
]
2024-03-04 12:58:02,716 [omNode-2@group-523986131536-StateMachineUpdater] INFO  ratis.OzoneManagerStateMachine (OzoneManagerStateMachine.java:notifyConfigurationChanged(198)) - Received Configuration change notification from Ratis. New Peer list:
[id: "omNode-3"
address: "localhost:15144"
startupRole: FOLLOWER
, id: "omNode-1"
address: "localhost:15136"
startupRole: FOLLOWER
, id: "omNode-2"
address: "localhost:15140"
startupRole: FOLLOWER
]
2024-03-04 12:58:03,272 [main] INFO  ozone.MiniOzoneClusterImpl (MiniOzoneClusterImpl.java:lambda$waitForClusterToBeReady$0(194)) - Waiting for nodes to be ready. Got 0 of 3 DN Heartbeats.
2024-03-04 12:58:03,272 [main] INFO  ozone.MiniOzoneClusterImpl (MiniOzoneClusterImpl.java:lambda$waitForClusterToBeReady$0(197)) - Waiting for cluster to exit safe mode
2024-03-04 12:58:03,272 [main] INFO  ozone.MiniOzoneClusterImpl (MiniOzoneClusterImpl.java:lambda$waitForClusterToBeReady$0(199)) - SCM became leader
2024-03-04 12:58:04,014 [4d7ce83b-e8ef-4f91-b37b-41ef2f7f2700-EndpointStateMachineTaskThread-/0.0.0.0:15131-0 ] INFO  utils.DatanodeStoreCache (DatanodeStoreCache.java:addDB(72)) - Added db /home/runner/work/ozone/ozone/hadoop-ozone/integration-test/target/test-dir/MiniOzoneClusterImpl-d5abb160-17eb-4229-abdc-d3875330a01a/ozone-meta/datanode-1/data-0/hdds/d5abb160-17eb-4229-abdc-d3875330a01a/DS-ec4bbce8-2bcb-479a-a4ec-59befffb74eb/container.db to cache
2024-03-04 12:58:04,014 [4d7ce83b-e8ef-4f91-b37b-41ef2f7f2700-EndpointStateMachineTaskThread-/0.0.0.0:15131-0 ] INFO  volume.HddsVolume (HddsVolume.java:createDbStore(420)) - SchemaV3 db is created and loaded at /home/runner/work/ozone/ozone/hadoop-ozone/integration-test/target/test-dir/MiniOzoneClusterImpl-d5abb160-17eb-4229-abdc-d3875330a01a/ozone-meta/datanode-1/data-0/hdds/d5abb160-17eb-4229-abdc-d3875330a01a/DS-ec4bbce8-2bcb-479a-a4ec-59befffb74eb/container.db for volume DS-ec4bbce8-2bcb-479a-a4ec-59befffb74eb
2024-03-04 12:58:04,015 [4d7ce83b-e8ef-4f91-b37b-41ef2f7f2700-ContainerReader-0] INFO  ozoneimpl.ContainerReader (ContainerReader.java:readVolume(148)) - Start to verify containers on volume /home/runner/work/ozone/ozone/hadoop-ozone/integration-test/target/test-dir/MiniOzoneClusterImpl-d5abb160-17eb-4229-abdc-d3875330a01a/ozone-meta/datanode-1/data-0/hdds
2024-03-04 12:58:04,015 [4d7ce83b-e8ef-4f91-b37b-41ef2f7f2700-ContainerReader-0] INFO  ozoneimpl.ContainerReader (ContainerReader.java:readVolume(178)) - Finish verifying containers on volume /home/runner/work/ozone/ozone/hadoop-ozone/integration-test/target/test-dir/MiniOzoneClusterImpl-d5abb160-17eb-4229-abdc-d3875330a01a/ozone-meta/datanode-1/data-0/hdds
2024-03-04 12:58:04,015 [4d7ce83b-e8ef-4f91-b37b-41ef2f7f2700-EndpointStateMachineTaskThread-/0.0.0.0:15131-0 ] INFO  ozoneimpl.OzoneContainer (OzoneContainer.java:buildContainerSet(328)) - Build ContainerSet costs 0s
2024-03-04 12:58:04,015 [4d7ce83b-e8ef-4f91-b37b-41ef2f7f2700-EndpointStateMachineTaskThread-/0.0.0.0:15131-0 ] INFO  volume.ThrottledAsyncChecker (ThrottledAsyncChecker.java:schedule(141)) - Scheduling a check for /home/runner/work/ozone/ozone/hadoop-ozone/integration-test/target/test-dir/MiniOzoneClusterImpl-d5abb160-17eb-4229-abdc-d3875330a01a/ozone-meta/datanode-1/data-0/hdds
2024-03-04 12:58:04,017 [4d7ce83b-e8ef-4f91-b37b-41ef2f7f2700-EndpointStateMachineTaskThread-/0.0.0.0:15131-0 ] INFO  volume.StorageVolumeChecker (StorageVolumeChecker.java:checkAllVolumes(218)) - Scheduled health check for volume /home/runner/work/ozone/ozone/hadoop-ozone/integration-test/target/test-dir/MiniOzoneClusterImpl-d5abb160-17eb-4229-abdc-d3875330a01a/ozone-meta/datanode-1/data-0/hdds
2024-03-04 12:58:04,018 [4d7ce83b-e8ef-4f91-b37b-41ef2f7f2700-EndpointStateMachineTaskThread-/0.0.0.0:15131-0 ] INFO  volume.ThrottledAsyncChecker (ThrottledAsyncChecker.java:schedule(141)) - Scheduling a check for /home/runner/work/ozone/ozone/hadoop-ozone/integration-test/target/test-dir/MiniOzoneClusterImpl-d5abb160-17eb-4229-abdc-d3875330a01a/ozone-meta/datanode-1/ratis
2024-03-04 12:58:04,018 [4d7ce83b-e8ef-4f91-b37b-41ef2f7f2700-EndpointStateMachineTaskThread-/0.0.0.0:15131-0 ] INFO  volume.StorageVolumeChecker (StorageVolumeChecker.java:checkAllVolumes(218)) - Scheduled health check for volume /home/runner/work/ozone/ozone/hadoop-ozone/integration-test/target/test-dir/MiniOzoneClusterImpl-d5abb160-17eb-4229-abdc-d3875330a01a/ozone-meta/datanode-1/ratis
2024-03-04 12:58:04,019 [4d7ce83b-e8ef-4f91-b37b-41ef2f7f2700-EndpointStateMachineTaskThread-/0.0.0.0:15131-0 ] INFO  ozoneimpl.OzoneContainer (OzoneContainer.java:start(459)) - Attempting to start container services.
2024-03-04 12:58:04,019 [4d7ce83b-e8ef-4f91-b37b-41ef2f7f2700-EndpointStateMachineTaskThread-/0.0.0.0:15131-0 ] INFO  ozoneimpl.OzoneContainer (OzoneContainer.java:startContainerScrub(339)) - Scheduled background container scanners and the on-demand container scanner have been disabled.
2024-03-04 12:58:04,020 [4d7ce83b-e8ef-4f91-b37b-41ef2f7f2700-EndpointStateMachineTaskThread-/0.0.0.0:15131-0 ] INFO  replication.ReplicationServer (ReplicationServer.java:start(142)) - ReplicationServer is started using port 15153
2024-03-04 12:58:04,020 [4d7ce83b-e8ef-4f91-b37b-41ef2f7f2700-EndpointStateMachineTaskThread-/0.0.0.0:15131-0 ] INFO  ratis.XceiverServerRatis (XceiverServerRatis.java:start(566)) - Starting XceiverServerRatis 4d7ce83b-e8ef-4f91-b37b-41ef2f7f2700
2024-03-04 12:58:04,020 [4d7ce83b-e8ef-4f91-b37b-41ef2f7f2700-EndpointStateMachineTaskThread-/0.0.0.0:15131-0 ] INFO  server.RaftServer (RaftServerProxy.java:startImpl(406)) - 4d7ce83b-e8ef-4f91-b37b-41ef2f7f2700: start RPC server
2024-03-04 12:58:04,021 [4d7ce83b-e8ef-4f91-b37b-41ef2f7f2700-EndpointStateMachineTaskThread-/0.0.0.0:15131-0 ] INFO  server.GrpcService (GrpcService.java:startImpl(302)) - 4d7ce83b-e8ef-4f91-b37b-41ef2f7f2700: GrpcService started, listening on 15149
2024-03-04 12:58:04,022 [4d7ce83b-e8ef-4f91-b37b-41ef2f7f2700-EndpointStateMachineTaskThread-/0.0.0.0:15131-0 ] INFO  server.GrpcService (GrpcService.java:startImpl(302)) - 4d7ce83b-e8ef-4f91-b37b-41ef2f7f2700: GrpcService started, listening on 15151
2024-03-04 12:58:04,023 [4d7ce83b-e8ef-4f91-b37b-41ef2f7f2700-EndpointStateMachineTaskThread-/0.0.0.0:15131-0 ] INFO  server.GrpcService (GrpcService.java:startImpl(302)) - 4d7ce83b-e8ef-4f91-b37b-41ef2f7f2700: GrpcService started, listening on 15150
2024-03-04 12:58:04,023 [4d7ce83b-e8ef-4f91-b37b-41ef2f7f2700-EndpointStateMachineTaskThread-/0.0.0.0:15131-0 ] INFO  ratis.XceiverServerRatis (XceiverServerRatis.java:getRealPort(592)) - XceiverServerRatis 4d7ce83b-e8ef-4f91-b37b-41ef2f7f2700 is started using port 15149 for RATIS
2024-03-04 12:58:04,023 [4d7ce83b-e8ef-4f91-b37b-41ef2f7f2700-EndpointStateMachineTaskThread-/0.0.0.0:15131-0 ] INFO  ratis.XceiverServerRatis (XceiverServerRatis.java:getRealPort(592)) - XceiverServerRatis 4d7ce83b-e8ef-4f91-b37b-41ef2f7f2700 is started using port 15150 for RATIS_ADMIN
2024-03-04 12:58:04,023 [4d7ce83b-e8ef-4f91-b37b-41ef2f7f2700-EndpointStateMachineTaskThread-/0.0.0.0:15131-0 ] INFO  ratis.XceiverServerRatis (XceiverServerRatis.java:getRealPort(592)) - XceiverServerRatis 4d7ce83b-e8ef-4f91-b37b-41ef2f7f2700 is started using port 15151 for RATIS_SERVER
2024-03-04 12:58:04,023 [4d7ce83b-e8ef-4f91-b37b-41ef2f7f2700-EndpointStateMachineTaskThread-/0.0.0.0:15131-0 ] INFO  ratis.XceiverServerRatis (XceiverServerRatis.java:getRealPort(592)) - XceiverServerRatis 4d7ce83b-e8ef-4f91-b37b-41ef2f7f2700 is started using port 15152 for RATIS_DATASTREAM
2024-03-04 12:58:04,023 [JvmPauseMonitor43] INFO  util.JvmPauseMonitor (JvmPauseMonitor.java:run(146)) - JvmPauseMonitor-4d7ce83b-e8ef-4f91-b37b-41ef2f7f2700: Started
2024-03-04 12:58:04,025 [4d7ce83b-e8ef-4f91-b37b-41ef2f7f2700-BlockDeletingService#0] INFO  interfaces.ContainerDeletionChoosingPolicyTemplate (ContainerDeletionChoosingPolicyTemplate.java:chooseContainerForBlockDeletion(85)) - Chosen 0/5000 blocks from 0 candidate containers.
2024-03-04 12:58:04,160 [097e50fe-38d4-45ee-922f-f03bf1c0f16e-EndpointStateMachineTaskThread-/0.0.0.0:15131-0 ] INFO  utils.DatanodeStoreCache (DatanodeStoreCache.java:addDB(72)) - Added db /home/runner/work/ozone/ozone/hadoop-ozone/integration-test/target/test-dir/MiniOzoneClusterImpl-d5abb160-17eb-4229-abdc-d3875330a01a/ozone-meta/datanode-2/data-0/hdds/d5abb160-17eb-4229-abdc-d3875330a01a/DS-67047d31-ced4-4f6c-8378-1c714e3e4c12/container.db to cache
2024-03-04 12:58:04,160 [097e50fe-38d4-45ee-922f-f03bf1c0f16e-EndpointStateMachineTaskThread-/0.0.0.0:15131-0 ] INFO  volume.HddsVolume (HddsVolume.java:createDbStore(420)) - SchemaV3 db is created and loaded at /home/runner/work/ozone/ozone/hadoop-ozone/integration-test/target/test-dir/MiniOzoneClusterImpl-d5abb160-17eb-4229-abdc-d3875330a01a/ozone-meta/datanode-2/data-0/hdds/d5abb160-17eb-4229-abdc-d3875330a01a/DS-67047d31-ced4-4f6c-8378-1c714e3e4c12/container.db for volume DS-67047d31-ced4-4f6c-8378-1c714e3e4c12
2024-03-04 12:58:04,162 [097e50fe-38d4-45ee-922f-f03bf1c0f16e-ContainerReader-0] INFO  ozoneimpl.ContainerReader (ContainerReader.java:readVolume(148)) - Start to verify containers on volume /home/runner/work/ozone/ozone/hadoop-ozone/integration-test/target/test-dir/MiniOzoneClusterImpl-d5abb160-17eb-4229-abdc-d3875330a01a/ozone-meta/datanode-2/data-0/hdds
2024-03-04 12:58:04,162 [097e50fe-38d4-45ee-922f-f03bf1c0f16e-ContainerReader-0] INFO  ozoneimpl.ContainerReader (ContainerReader.java:readVolume(178)) - Finish verifying containers on volume /home/runner/work/ozone/ozone/hadoop-ozone/integration-test/target/test-dir/MiniOzoneClusterImpl-d5abb160-17eb-4229-abdc-d3875330a01a/ozone-meta/datanode-2/data-0/hdds
2024-03-04 12:58:04,162 [097e50fe-38d4-45ee-922f-f03bf1c0f16e-EndpointStateMachineTaskThread-/0.0.0.0:15131-0 ] INFO  ozoneimpl.OzoneContainer (OzoneContainer.java:buildContainerSet(328)) - Build ContainerSet costs 0s
2024-03-04 12:58:04,162 [097e50fe-38d4-45ee-922f-f03bf1c0f16e-EndpointStateMachineTaskThread-/0.0.0.0:15131-0 ] INFO  volume.ThrottledAsyncChecker (ThrottledAsyncChecker.java:schedule(141)) - Scheduling a check for /home/runner/work/ozone/ozone/hadoop-ozone/integration-test/target/test-dir/MiniOzoneClusterImpl-d5abb160-17eb-4229-abdc-d3875330a01a/ozone-meta/datanode-2/data-0/hdds
2024-03-04 12:58:04,163 [097e50fe-38d4-45ee-922f-f03bf1c0f16e-EndpointStateMachineTaskThread-/0.0.0.0:15131-0 ] INFO  volume.StorageVolumeChecker (StorageVolumeChecker.java:checkAllVolumes(218)) - Scheduled health check for volume /home/runner/work/ozone/ozone/hadoop-ozone/integration-test/target/test-dir/MiniOzoneClusterImpl-d5abb160-17eb-4229-abdc-d3875330a01a/ozone-meta/datanode-2/data-0/hdds
2024-03-04 12:58:04,164 [097e50fe-38d4-45ee-922f-f03bf1c0f16e-EndpointStateMachineTaskThread-/0.0.0.0:15131-0 ] INFO  volume.ThrottledAsyncChecker (ThrottledAsyncChecker.java:schedule(141)) - Scheduling a check for /home/runner/work/ozone/ozone/hadoop-ozone/integration-test/target/test-dir/MiniOzoneClusterImpl-d5abb160-17eb-4229-abdc-d3875330a01a/ozone-meta/datanode-2/ratis
2024-03-04 12:58:04,164 [097e50fe-38d4-45ee-922f-f03bf1c0f16e-EndpointStateMachineTaskThread-/0.0.0.0:15131-0 ] INFO  volume.StorageVolumeChecker (StorageVolumeChecker.java:checkAllVolumes(218)) - Scheduled health check for volume /home/runner/work/ozone/ozone/hadoop-ozone/integration-test/target/test-dir/MiniOzoneClusterImpl-d5abb160-17eb-4229-abdc-d3875330a01a/ozone-meta/datanode-2/ratis
2024-03-04 12:58:04,167 [097e50fe-38d4-45ee-922f-f03bf1c0f16e-EndpointStateMachineTaskThread-/0.0.0.0:15131-0 ] INFO  ozoneimpl.OzoneContainer (OzoneContainer.java:start(459)) - Attempting to start container services.
2024-03-04 12:58:04,167 [097e50fe-38d4-45ee-922f-f03bf1c0f16e-EndpointStateMachineTaskThread-/0.0.0.0:15131-0 ] INFO  ozoneimpl.OzoneContainer (OzoneContainer.java:startContainerScrub(339)) - Scheduled background container scanners and the on-demand container scanner have been disabled.
2024-03-04 12:58:04,169 [097e50fe-38d4-45ee-922f-f03bf1c0f16e-EndpointStateMachineTaskThread-/0.0.0.0:15131-0 ] INFO  replication.ReplicationServer (ReplicationServer.java:start(142)) - ReplicationServer is started using port 15162
2024-03-04 12:58:04,169 [097e50fe-38d4-45ee-922f-f03bf1c0f16e-EndpointStateMachineTaskThread-/0.0.0.0:15131-0 ] INFO  ratis.XceiverServerRatis (XceiverServerRatis.java:start(566)) - Starting XceiverServerRatis 097e50fe-38d4-45ee-922f-f03bf1c0f16e
2024-03-04 12:58:04,169 [097e50fe-38d4-45ee-922f-f03bf1c0f16e-EndpointStateMachineTaskThread-/0.0.0.0:15131-0 ] INFO  server.RaftServer (RaftServerProxy.java:startImpl(406)) - 097e50fe-38d4-45ee-922f-f03bf1c0f16e: start RPC server
2024-03-04 12:58:04,170 [097e50fe-38d4-45ee-922f-f03bf1c0f16e-EndpointStateMachineTaskThread-/0.0.0.0:15131-0 ] INFO  server.GrpcService (GrpcService.java:startImpl(302)) - 097e50fe-38d4-45ee-922f-f03bf1c0f16e: GrpcService started, listening on 15158
2024-03-04 12:58:04,171 [097e50fe-38d4-45ee-922f-f03bf1c0f16e-EndpointStateMachineTaskThread-/0.0.0.0:15131-0 ] INFO  server.GrpcService (GrpcService.java:startImpl(302)) - 097e50fe-38d4-45ee-922f-f03bf1c0f16e: GrpcService started, listening on 15160
2024-03-04 12:58:04,172 [097e50fe-38d4-45ee-922f-f03bf1c0f16e-EndpointStateMachineTaskThread-/0.0.0.0:15131-0 ] INFO  server.GrpcService (GrpcService.java:startImpl(302)) - 097e50fe-38d4-45ee-922f-f03bf1c0f16e: GrpcService started, listening on 15159
2024-03-04 12:58:04,172 [097e50fe-38d4-45ee-922f-f03bf1c0f16e-EndpointStateMachineTaskThread-/0.0.0.0:15131-0 ] INFO  ratis.XceiverServerRatis (XceiverServerRatis.java:getRealPort(592)) - XceiverServerRatis 097e50fe-38d4-45ee-922f-f03bf1c0f16e is started using port 15158 for RATIS
2024-03-04 12:58:04,172 [097e50fe-38d4-45ee-922f-f03bf1c0f16e-EndpointStateMachineTaskThread-/0.0.0.0:15131-0 ] INFO  ratis.XceiverServerRatis (XceiverServerRatis.java:getRealPort(592)) - XceiverServerRatis 097e50fe-38d4-45ee-922f-f03bf1c0f16e is started using port 15159 for RATIS_ADMIN
2024-03-04 12:58:04,172 [097e50fe-38d4-45ee-922f-f03bf1c0f16e-EndpointStateMachineTaskThread-/0.0.0.0:15131-0 ] INFO  ratis.XceiverServerRatis (XceiverServerRatis.java:getRealPort(592)) - XceiverServerRatis 097e50fe-38d4-45ee-922f-f03bf1c0f16e is started using port 15160 for RATIS_SERVER
2024-03-04 12:58:04,173 [097e50fe-38d4-45ee-922f-f03bf1c0f16e-EndpointStateMachineTaskThread-/0.0.0.0:15131-0 ] INFO  ratis.XceiverServerRatis (XceiverServerRatis.java:getRealPort(592)) - XceiverServerRatis 097e50fe-38d4-45ee-922f-f03bf1c0f16e is started using port 15161 for RATIS_DATASTREAM
2024-03-04 12:58:04,172 [JvmPauseMonitor44] INFO  util.JvmPauseMonitor (JvmPauseMonitor.java:run(146)) - JvmPauseMonitor-097e50fe-38d4-45ee-922f-f03bf1c0f16e: Started
2024-03-04 12:58:04,175 [097e50fe-38d4-45ee-922f-f03bf1c0f16e-BlockDeletingService#0] INFO  interfaces.ContainerDeletionChoosingPolicyTemplate (ContainerDeletionChoosingPolicyTemplate.java:chooseContainerForBlockDeletion(85)) - Chosen 0/5000 blocks from 0 candidate containers.
2024-03-04 12:58:04,272 [main] INFO  ozone.MiniOzoneClusterImpl (MiniOzoneClusterImpl.java:lambda$waitForClusterToBeReady$0(194)) - Waiting for nodes to be ready. Got 0 of 3 DN Heartbeats.
2024-03-04 12:58:04,273 [main] INFO  ozone.MiniOzoneClusterImpl (MiniOzoneClusterImpl.java:lambda$waitForClusterToBeReady$0(197)) - Waiting for cluster to exit safe mode
2024-03-04 12:58:04,273 [main] INFO  ozone.MiniOzoneClusterImpl (MiniOzoneClusterImpl.java:lambda$waitForClusterToBeReady$0(199)) - SCM became leader
2024-03-04 12:58:04,293 [b225d8db-41e6-4bb3-882c-dcd695311e70-EndpointStateMachineTaskThread-/0.0.0.0:15131-0 ] INFO  utils.DatanodeStoreCache (DatanodeStoreCache.java:addDB(72)) - Added db /home/runner/work/ozone/ozone/hadoop-ozone/integration-test/target/test-dir/MiniOzoneClusterImpl-d5abb160-17eb-4229-abdc-d3875330a01a/ozone-meta/datanode-3/data-0/hdds/d5abb160-17eb-4229-abdc-d3875330a01a/DS-e284060d-6903-4c4f-9916-9fbd89530e57/container.db to cache
2024-03-04 12:58:04,293 [b225d8db-41e6-4bb3-882c-dcd695311e70-EndpointStateMachineTaskThread-/0.0.0.0:15131-0 ] INFO  volume.HddsVolume (HddsVolume.java:createDbStore(420)) - SchemaV3 db is created and loaded at /home/runner/work/ozone/ozone/hadoop-ozone/integration-test/target/test-dir/MiniOzoneClusterImpl-d5abb160-17eb-4229-abdc-d3875330a01a/ozone-meta/datanode-3/data-0/hdds/d5abb160-17eb-4229-abdc-d3875330a01a/DS-e284060d-6903-4c4f-9916-9fbd89530e57/container.db for volume DS-e284060d-6903-4c4f-9916-9fbd89530e57
2024-03-04 12:58:04,294 [b225d8db-41e6-4bb3-882c-dcd695311e70-ContainerReader-0] INFO  ozoneimpl.ContainerReader (ContainerReader.java:readVolume(148)) - Start to verify containers on volume /home/runner/work/ozone/ozone/hadoop-ozone/integration-test/target/test-dir/MiniOzoneClusterImpl-d5abb160-17eb-4229-abdc-d3875330a01a/ozone-meta/datanode-3/data-0/hdds
2024-03-04 12:58:04,294 [b225d8db-41e6-4bb3-882c-dcd695311e70-ContainerReader-0] INFO  ozoneimpl.ContainerReader (ContainerReader.java:readVolume(178)) - Finish verifying containers on volume /home/runner/work/ozone/ozone/hadoop-ozone/integration-test/target/test-dir/MiniOzoneClusterImpl-d5abb160-17eb-4229-abdc-d3875330a01a/ozone-meta/datanode-3/data-0/hdds
2024-03-04 12:58:04,294 [b225d8db-41e6-4bb3-882c-dcd695311e70-EndpointStateMachineTaskThread-/0.0.0.0:15131-0 ] INFO  ozoneimpl.OzoneContainer (OzoneContainer.java:buildContainerSet(328)) - Build ContainerSet costs 0s
2024-03-04 12:58:04,294 [b225d8db-41e6-4bb3-882c-dcd695311e70-EndpointStateMachineTaskThread-/0.0.0.0:15131-0 ] INFO  volume.ThrottledAsyncChecker (ThrottledAsyncChecker.java:schedule(141)) - Scheduling a check for /home/runner/work/ozone/ozone/hadoop-ozone/integration-test/target/test-dir/MiniOzoneClusterImpl-d5abb160-17eb-4229-abdc-d3875330a01a/ozone-meta/datanode-3/data-0/hdds
2024-03-04 12:58:04,295 [b225d8db-41e6-4bb3-882c-dcd695311e70-EndpointStateMachineTaskThread-/0.0.0.0:15131-0 ] INFO  volume.StorageVolumeChecker (StorageVolumeChecker.java:checkAllVolumes(218)) - Scheduled health check for volume /home/runner/work/ozone/ozone/hadoop-ozone/integration-test/target/test-dir/MiniOzoneClusterImpl-d5abb160-17eb-4229-abdc-d3875330a01a/ozone-meta/datanode-3/data-0/hdds
2024-03-04 12:58:04,296 [b225d8db-41e6-4bb3-882c-dcd695311e70-EndpointStateMachineTaskThread-/0.0.0.0:15131-0 ] INFO  volume.ThrottledAsyncChecker (ThrottledAsyncChecker.java:schedule(141)) - Scheduling a check for /home/runner/work/ozone/ozone/hadoop-ozone/integration-test/target/test-dir/MiniOzoneClusterImpl-d5abb160-17eb-4229-abdc-d3875330a01a/ozone-meta/datanode-3/ratis
2024-03-04 12:58:04,296 [b225d8db-41e6-4bb3-882c-dcd695311e70-EndpointStateMachineTaskThread-/0.0.0.0:15131-0 ] INFO  volume.StorageVolumeChecker (StorageVolumeChecker.java:checkAllVolumes(218)) - Scheduled health check for volume /home/runner/work/ozone/ozone/hadoop-ozone/integration-test/target/test-dir/MiniOzoneClusterImpl-d5abb160-17eb-4229-abdc-d3875330a01a/ozone-meta/datanode-3/ratis
2024-03-04 12:58:04,297 [b225d8db-41e6-4bb3-882c-dcd695311e70-EndpointStateMachineTaskThread-/0.0.0.0:15131-0 ] INFO  ozoneimpl.OzoneContainer (OzoneContainer.java:start(459)) - Attempting to start container services.
2024-03-04 12:58:04,297 [b225d8db-41e6-4bb3-882c-dcd695311e70-EndpointStateMachineTaskThread-/0.0.0.0:15131-0 ] INFO  ozoneimpl.OzoneContainer (OzoneContainer.java:startContainerScrub(339)) - Scheduled background container scanners and the on-demand container scanner have been disabled.
2024-03-04 12:58:04,298 [b225d8db-41e6-4bb3-882c-dcd695311e70-EndpointStateMachineTaskThread-/0.0.0.0:15131-0 ] INFO  replication.ReplicationServer (ReplicationServer.java:start(142)) - ReplicationServer is started using port 15171
2024-03-04 12:58:04,298 [b225d8db-41e6-4bb3-882c-dcd695311e70-EndpointStateMachineTaskThread-/0.0.0.0:15131-0 ] INFO  ratis.XceiverServerRatis (XceiverServerRatis.java:start(566)) - Starting XceiverServerRatis b225d8db-41e6-4bb3-882c-dcd695311e70
2024-03-04 12:58:04,298 [b225d8db-41e6-4bb3-882c-dcd695311e70-EndpointStateMachineTaskThread-/0.0.0.0:15131-0 ] INFO  server.RaftServer (RaftServerProxy.java:startImpl(406)) - b225d8db-41e6-4bb3-882c-dcd695311e70: start RPC server
2024-03-04 12:58:04,299 [b225d8db-41e6-4bb3-882c-dcd695311e70-EndpointStateMachineTaskThread-/0.0.0.0:15131-0 ] INFO  server.GrpcService (GrpcService.java:startImpl(302)) - b225d8db-41e6-4bb3-882c-dcd695311e70: GrpcService started, listening on 15167
2024-03-04 12:58:04,301 [b225d8db-41e6-4bb3-882c-dcd695311e70-EndpointStateMachineTaskThread-/0.0.0.0:15131-0 ] INFO  server.GrpcService (GrpcService.java:startImpl(302)) - b225d8db-41e6-4bb3-882c-dcd695311e70: GrpcService started, listening on 15169
2024-03-04 12:58:04,304 [b225d8db-41e6-4bb3-882c-dcd695311e70-EndpointStateMachineTaskThread-/0.0.0.0:15131-0 ] INFO  server.GrpcService (GrpcService.java:startImpl(302)) - b225d8db-41e6-4bb3-882c-dcd695311e70: GrpcService started, listening on 15168
2024-03-04 12:58:04,304 [b225d8db-41e6-4bb3-882c-dcd695311e70-EndpointStateMachineTaskThread-/0.0.0.0:15131-0 ] INFO  ratis.XceiverServerRatis (XceiverServerRatis.java:getRealPort(592)) - XceiverServerRatis b225d8db-41e6-4bb3-882c-dcd695311e70 is started using port 15167 for RATIS
2024-03-04 12:58:04,304 [b225d8db-41e6-4bb3-882c-dcd695311e70-EndpointStateMachineTaskThread-/0.0.0.0:15131-0 ] INFO  ratis.XceiverServerRatis (XceiverServerRatis.java:getRealPort(592)) - XceiverServerRatis b225d8db-41e6-4bb3-882c-dcd695311e70 is started using port 15168 for RATIS_ADMIN
2024-03-04 12:58:04,304 [b225d8db-41e6-4bb3-882c-dcd695311e70-EndpointStateMachineTaskThread-/0.0.0.0:15131-0 ] INFO  ratis.XceiverServerRatis (XceiverServerRatis.java:getRealPort(592)) - XceiverServerRatis b225d8db-41e6-4bb3-882c-dcd695311e70 is started using port 15169 for RATIS_SERVER
2024-03-04 12:58:04,304 [b225d8db-41e6-4bb3-882c-dcd695311e70-EndpointStateMachineTaskThread-/0.0.0.0:15131-0 ] INFO  ratis.XceiverServerRatis (XceiverServerRatis.java:getRealPort(592)) - XceiverServerRatis b225d8db-41e6-4bb3-882c-dcd695311e70 is started using port 15170 for RATIS_DATASTREAM
2024-03-04 12:58:04,304 [JvmPauseMonitor45] INFO  util.JvmPauseMonitor (JvmPauseMonitor.java:run(146)) - JvmPauseMonitor-b225d8db-41e6-4bb3-882c-dcd695311e70: Started
2024-03-04 12:58:04,305 [b225d8db-41e6-4bb3-882c-dcd695311e70-BlockDeletingService#0] INFO  interfaces.ContainerDeletionChoosingPolicyTemplate (ContainerDeletionChoosingPolicyTemplate.java:chooseContainerForBlockDeletion(85)) - Chosen 0/5000 blocks from 0 candidate containers.
2024-03-04 12:58:05,273 [main] INFO  ozone.MiniOzoneClusterImpl (MiniOzoneClusterImpl.java:lambda$waitForClusterToBeReady$0(194)) - Waiting for nodes to be ready. Got 0 of 3 DN Heartbeats.
2024-03-04 12:58:05,273 [main] INFO  ozone.MiniOzoneClusterImpl (MiniOzoneClusterImpl.java:lambda$waitForClusterToBeReady$0(197)) - Waiting for cluster to exit safe mode
2024-03-04 12:58:05,273 [main] INFO  ozone.MiniOzoneClusterImpl (MiniOzoneClusterImpl.java:lambda$waitForClusterToBeReady$0(199)) - SCM became leader
2024-03-04 12:58:05,996 [IPC Server handler 0 on default port 15131] INFO  net.NetworkTopologyImpl (NetworkTopologyImpl.java:add(124)) - Added a new node: /default-rack/4d7ce83b-e8ef-4f91-b37b-41ef2f7f2700
2024-03-04 12:58:05,996 [IPC Server handler 0 on default port 15131] INFO  node.SCMNodeManager (SCMNodeManager.java:register(421)) - Registered datanode: 4d7ce83b-e8ef-4f91-b37b-41ef2f7f2700{ip: 10.1.0.12, host: fv-az571-795.sssw3dgiwi1e5jwxh1zizygaca.bx.internal.cloudapp.net, ports: [HTTP=15146, CLIENT_RPC=15147, REPLICATION=15153, RATIS=15149, RATIS_ADMIN=15150, RATIS_SERVER=15151, RATIS_DATASTREAM=15152, STANDALONE=15148], networkLocation: /default-rack, certSerialId: null, persistedOpState: null, persistedOpStateExpiryEpochSec: 0}
2024-03-04 12:58:05,999 [EventQueue-NewNodeForNewNodeHandler] INFO  pipeline.BackgroundPipelineCreator (BackgroundPipelineCreator.java:notifyEventTriggered(280)) - trigger a one-shot run on RatisPipelineUtilsThread.
2024-03-04 12:58:05,999 [RatisPipelineUtilsThread-0] INFO  pipeline.RatisPipelineProvider (RatisPipelineProvider.java:lambda$create$0(205)) - Sending CreatePipelineCommand for pipeline:PipelineID=b912f3c0-b386-4fd7-a63b-d55d317f8943 to datanode:4d7ce83b-e8ef-4f91-b37b-41ef2f7f2700
2024-03-04 12:58:05,999 [EventQueue-NodeRegistrationContainerReportForContainerSafeModeRule] INFO  safemode.SCMSafeModeManager (SCMSafeModeManager.java:validateSafeModeExitRules(200)) - ContainerSafeModeRule rule is successfully validated
2024-03-04 12:58:05,999 [EventQueue-NodeRegistrationContainerReportForDataNodeSafeModeRule] INFO  safemode.SCMSafeModeManager (DataNodeSafeModeRule.java:process(71)) - SCM in safe mode. 1 DataNodes registered, 3 required.
2024-03-04 12:58:06,000 [EventQueue-PipelineReportForOneReplicaPipelineSafeModeRule] INFO  safemode.SCMSafeModeManager (SCMSafeModeManager.java:validateSafeModeExitRules(200)) - AtleastOneDatanodeReportedRule rule is successfully validated
2024-03-04 12:58:06,001 [RatisPipelineUtilsThread-0] INFO  pipeline.BackgroundPipelineCreator (BackgroundPipelineCreator.java:createPipelines(236)) - Created new pipeline Pipeline[ Id: b912f3c0-b386-4fd7-a63b-d55d317f8943, Nodes: 4d7ce83b-e8ef-4f91-b37b-41ef2f7f2700(fv-az571-795.sssw3dgiwi1e5jwxh1zizygaca.bx.internal.cloudapp.net/10.1.0.12), ReplicationConfig: RATIS/ONE, State:ALLOCATED, leaderId:, CreationTimestamp2024-03-04T12:58:05.999Z[Etc/UTC]]
2024-03-04 12:58:06,144 [IPC Server handler 1 on default port 15131] INFO  net.NetworkTopologyImpl (NetworkTopologyImpl.java:add(124)) - Added a new node: /default-rack/097e50fe-38d4-45ee-922f-f03bf1c0f16e
2024-03-04 12:58:06,144 [IPC Server handler 1 on default port 15131] INFO  node.SCMNodeManager (SCMNodeManager.java:register(421)) - Registered datanode: 097e50fe-38d4-45ee-922f-f03bf1c0f16e{ip: 10.1.0.12, host: fv-az571-795.sssw3dgiwi1e5jwxh1zizygaca.bx.internal.cloudapp.net, ports: [HTTP=15155, CLIENT_RPC=15156, REPLICATION=15162, RATIS=15158, RATIS_ADMIN=15159, RATIS_SERVER=15160, RATIS_DATASTREAM=15161, STANDALONE=15157], networkLocation: /default-rack, certSerialId: null, persistedOpState: null, persistedOpStateExpiryEpochSec: 0}
2024-03-04 12:58:06,144 [EventQueue-NewNodeForNewNodeHandler] INFO  pipeline.BackgroundPipelineCreator (BackgroundPipelineCreator.java:notifyEventTriggered(280)) - trigger a one-shot run on RatisPipelineUtilsThread.
2024-03-04 12:58:06,145 [EventQueue-NodeRegistrationContainerReportForDataNodeSafeModeRule] INFO  safemode.SCMSafeModeManager (DataNodeSafeModeRule.java:process(71)) - SCM in safe mode. 2 DataNodes registered, 3 required.
2024-03-04 12:58:06,145 [RatisPipelineUtilsThread-0] INFO  pipeline.RatisPipelineProvider (RatisPipelineProvider.java:lambda$create$0(205)) - Sending CreatePipelineCommand for pipeline:PipelineID=f34fb7e4-cbeb-4569-b8c9-e07b84c4e4c9 to datanode:097e50fe-38d4-45ee-922f-f03bf1c0f16e
2024-03-04 12:58:06,145 [RatisPipelineUtilsThread-0] INFO  pipeline.BackgroundPipelineCreator (BackgroundPipelineCreator.java:createPipelines(236)) - Created new pipeline Pipeline[ Id: f34fb7e4-cbeb-4569-b8c9-e07b84c4e4c9, Nodes: 097e50fe-38d4-45ee-922f-f03bf1c0f16e(fv-az571-795.sssw3dgiwi1e5jwxh1zizygaca.bx.internal.cloudapp.net/10.1.0.12), ReplicationConfig: RATIS/ONE, State:ALLOCATED, leaderId:, CreationTimestamp2024-03-04T12:58:06.145Z[Etc/UTC]]
2024-03-04 12:58:06,273 [main] INFO  ozone.MiniOzoneClusterImpl (MiniOzoneClusterImpl.java:lambda$waitForClusterToBeReady$0(194)) - Waiting for nodes to be ready. Got 2 of 3 DN Heartbeats.
2024-03-04 12:58:06,274 [main] INFO  ozone.MiniOzoneClusterImpl (MiniOzoneClusterImpl.java:lambda$waitForClusterToBeReady$0(197)) - Waiting for cluster to exit safe mode
2024-03-04 12:58:06,274 [main] INFO  ozone.MiniOzoneClusterImpl (MiniOzoneClusterImpl.java:lambda$waitForClusterToBeReady$0(199)) - SCM became leader
2024-03-04 12:58:06,277 [IPC Server handler 2 on default port 15131] INFO  net.NetworkTopologyImpl (NetworkTopologyImpl.java:add(124)) - Added a new node: /default-rack/b225d8db-41e6-4bb3-882c-dcd695311e70
2024-03-04 12:58:06,278 [IPC Server handler 2 on default port 15131] INFO  node.SCMNodeManager (SCMNodeManager.java:register(421)) - Registered datanode: b225d8db-41e6-4bb3-882c-dcd695311e70{ip: 10.1.0.12, host: fv-az571-795.sssw3dgiwi1e5jwxh1zizygaca.bx.internal.cloudapp.net, ports: [HTTP=15164, CLIENT_RPC=15165, REPLICATION=15171, RATIS=15167, RATIS_ADMIN=15168, RATIS_SERVER=15169, RATIS_DATASTREAM=15170, STANDALONE=15166], networkLocation: /default-rack, certSerialId: null, persistedOpState: null, persistedOpStateExpiryEpochSec: 0}
2024-03-04 12:58:06,278 [EventQueue-NewNodeForNewNodeHandler] INFO  pipeline.BackgroundPipelineCreator (BackgroundPipelineCreator.java:notifyEventTriggered(280)) - trigger a one-shot run on RatisPipelineUtilsThread.
2024-03-04 12:58:06,279 [EventQueue-NodeRegistrationContainerReportForDataNodeSafeModeRule] INFO  safemode.SCMSafeModeManager (DataNodeSafeModeRule.java:process(71)) - SCM in safe mode. 3 DataNodes registered, 3 required.
2024-03-04 12:58:06,279 [EventQueue-NodeRegistrationContainerReportForDataNodeSafeModeRule] INFO  safemode.SCMSafeModeManager (SCMSafeModeManager.java:validateSafeModeExitRules(200)) - DataNodeSafeModeRule rule is successfully validated
2024-03-04 12:58:06,279 [EventQueue-NodeRegistrationContainerReportForDataNodeSafeModeRule] INFO  safemode.SCMSafeModeManager (SCMSafeModeManager.java:completePreCheck(229)) - All SCM safe mode pre check rules have passed
2024-03-04 12:58:06,279 [EventQueue-NodeRegistrationContainerReportForDataNodeSafeModeRule] INFO  ha.SCMContext (SCMContext.java:updateSafeModeStatus(225)) - Update SafeModeStatus from SafeModeStatus{safeModeStatus=true, preCheckPassed=false} to SafeModeStatus{safeModeStatus=true, preCheckPassed=true}.
2024-03-04 12:58:06,279 [EventQueue-NodeRegistrationContainerReportForDataNodeSafeModeRule] INFO  pipeline.BackgroundPipelineCreator (BackgroundPipelineCreator.java:notifyEventTriggered(280)) - trigger a one-shot run on RatisPipelineUtilsThread.
2024-03-04 12:58:06,280 [RatisPipelineUtilsThread-0] INFO  pipeline.RatisPipelineProvider (RatisPipelineProvider.java:lambda$create$0(205)) - Sending CreatePipelineCommand for pipeline:PipelineID=3e9f4eb8-5100-478e-8f37-0cb77e7c14e8 to datanode:b225d8db-41e6-4bb3-882c-dcd695311e70
2024-03-04 12:58:06,280 [RatisPipelineUtilsThread-0] INFO  pipeline.BackgroundPipelineCreator (BackgroundPipelineCreator.java:createPipelines(236)) - Created new pipeline Pipeline[ Id: 3e9f4eb8-5100-478e-8f37-0cb77e7c14e8, Nodes: b225d8db-41e6-4bb3-882c-dcd695311e70(fv-az571-795.sssw3dgiwi1e5jwxh1zizygaca.bx.internal.cloudapp.net/10.1.0.12), ReplicationConfig: RATIS/ONE, State:ALLOCATED, leaderId:, CreationTimestamp2024-03-04T12:58:06.280Z[Etc/UTC]]
2024-03-04 12:58:06,281 [RatisPipelineUtilsThread-0] INFO  pipeline.RatisPipelineProvider (RatisPipelineProvider.java:lambda$create$0(205)) - Sending CreatePipelineCommand for pipeline:PipelineID=3d7b6922-fe2e-4a3c-b3a4-5aeb6fc1032e to datanode:4d7ce83b-e8ef-4f91-b37b-41ef2f7f2700
2024-03-04 12:58:06,281 [RatisPipelineUtilsThread-0] INFO  pipeline.RatisPipelineProvider (RatisPipelineProvider.java:lambda$create$0(205)) - Sending CreatePipelineCommand for pipeline:PipelineID=3d7b6922-fe2e-4a3c-b3a4-5aeb6fc1032e to datanode:b225d8db-41e6-4bb3-882c-dcd695311e70
2024-03-04 12:58:06,281 [RatisPipelineUtilsThread-0] INFO  pipeline.RatisPipelineProvider (RatisPipelineProvider.java:lambda$create$0(205)) - Sending CreatePipelineCommand for pipeline:PipelineID=3d7b6922-fe2e-4a3c-b3a4-5aeb6fc1032e to datanode:097e50fe-38d4-45ee-922f-f03bf1c0f16e
2024-03-04 12:58:06,281 [RatisPipelineUtilsThread-0] INFO  pipeline.BackgroundPipelineCreator (BackgroundPipelineCreator.java:createPipelines(236)) - Created new pipeline Pipeline[ Id: 3d7b6922-fe2e-4a3c-b3a4-5aeb6fc1032e, Nodes: 4d7ce83b-e8ef-4f91-b37b-41ef2f7f2700(fv-az571-795.sssw3dgiwi1e5jwxh1zizygaca.bx.internal.cloudapp.net/10.1.0.12)b225d8db-41e6-4bb3-882c-dcd695311e70(fv-az571-795.sssw3dgiwi1e5jwxh1zizygaca.bx.internal.cloudapp.net/10.1.0.12)097e50fe-38d4-45ee-922f-f03bf1c0f16e(fv-az571-795.sssw3dgiwi1e5jwxh1zizygaca.bx.internal.cloudapp.net/10.1.0.12), ReplicationConfig: RATIS/THREE, State:ALLOCATED, leaderId:, CreationTimestamp2024-03-04T12:58:06.281Z[Etc/UTC]]
2024-03-04 12:58:06,282 [RatisPipelineUtilsThread-0] INFO  pipeline.RatisPipelineProvider (RatisPipelineProvider.java:lambda$create$0(205)) - Sending CreatePipelineCommand for pipeline:PipelineID=c65886fe-ff10-4a39-8ead-36f9b8e795a6 to datanode:b225d8db-41e6-4bb3-882c-dcd695311e70
2024-03-04 12:58:06,282 [RatisPipelineUtilsThread-0] INFO  pipeline.RatisPipelineProvider (RatisPipelineProvider.java:lambda$create$0(205)) - Sending CreatePipelineCommand for pipeline:PipelineID=c65886fe-ff10-4a39-8ead-36f9b8e795a6 to datanode:4d7ce83b-e8ef-4f91-b37b-41ef2f7f2700
2024-03-04 12:58:06,282 [RatisPipelineUtilsThread-0] INFO  pipeline.RatisPipelineProvider (RatisPipelineProvider.java:lambda$create$0(205)) - Sending CreatePipelineCommand for pipeline:PipelineID=c65886fe-ff10-4a39-8ead-36f9b8e795a6 to datanode:097e50fe-38d4-45ee-922f-f03bf1c0f16e
2024-03-04 12:58:06,282 [RatisPipelineUtilsThread-0] INFO  pipeline.PipelineManagerImpl (PipelineManagerImpl.java:recordMetricsForPipeline(916)) - Pipeline: PipelineID=c65886fe-ff10-4a39-8ead-36f9b8e795a6 contains same datanodes as previous pipelines: PipelineID=3d7b6922-fe2e-4a3c-b3a4-5aeb6fc1032e nodeIds: b225d8db-41e6-4bb3-882c-dcd695311e70, 4d7ce83b-e8ef-4f91-b37b-41ef2f7f2700, 097e50fe-38d4-45ee-922f-f03bf1c0f16e
2024-03-04 12:58:06,282 [RatisPipelineUtilsThread-0] INFO  pipeline.BackgroundPipelineCreator (BackgroundPipelineCreator.java:createPipelines(236)) - Created new pipeline Pipeline[ Id: c65886fe-ff10-4a39-8ead-36f9b8e795a6, Nodes: b225d8db-41e6-4bb3-882c-dcd695311e70(fv-az571-795.sssw3dgiwi1e5jwxh1zizygaca.bx.internal.cloudapp.net/10.1.0.12)4d7ce83b-e8ef-4f91-b37b-41ef2f7f2700(fv-az571-795.sssw3dgiwi1e5jwxh1zizygaca.bx.internal.cloudapp.net/10.1.0.12)097e50fe-38d4-45ee-922f-f03bf1c0f16e(fv-az571-795.sssw3dgiwi1e5jwxh1zizygaca.bx.internal.cloudapp.net/10.1.0.12), ReplicationConfig: RATIS/THREE, State:ALLOCATED, leaderId:, CreationTimestamp2024-03-04T12:58:06.282Z[Etc/UTC]]
2024-03-04 12:58:07,274 [main] INFO  ozone.MiniOzoneClusterImpl (MiniOzoneClusterImpl.java:lambda$waitForClusterToBeReady$0(194)) - Nodes are ready. Got 3 of 3 DN Heartbeats.
2024-03-04 12:58:07,274 [main] INFO  ozone.MiniOzoneClusterImpl (MiniOzoneClusterImpl.java:lambda$waitForClusterToBeReady$0(197)) - Waiting for cluster to exit safe mode
2024-03-04 12:58:07,274 [main] INFO  ozone.MiniOzoneClusterImpl (MiniOzoneClusterImpl.java:lambda$waitForClusterToBeReady$0(199)) - SCM became leader
2024-03-04 12:58:08,275 [main] INFO  ozone.MiniOzoneClusterImpl (MiniOzoneClusterImpl.java:lambda$waitForClusterToBeReady$0(194)) - Nodes are ready. Got 3 of 3 DN Heartbeats.
2024-03-04 12:58:08,275 [main] INFO  ozone.MiniOzoneClusterImpl (MiniOzoneClusterImpl.java:lambda$waitForClusterToBeReady$0(197)) - Waiting for cluster to exit safe mode
2024-03-04 12:58:08,275 [main] INFO  ozone.MiniOzoneClusterImpl (MiniOzoneClusterImpl.java:lambda$waitForClusterToBeReady$0(199)) - SCM became leader
2024-03-04 12:58:08,996 [4d7ce83b-e8ef-4f91-b37b-41ef2f7f2700-PipelineCommandHandlerThread-0] INFO  server.RaftServer (RaftServerProxy.java:addNew(100)) - 4d7ce83b-e8ef-4f91-b37b-41ef2f7f2700: addNew group-D55D317F8943:[4d7ce83b-e8ef-4f91-b37b-41ef2f7f2700|10.1.0.12:15151] returns group-D55D317F8943:java.util.concurrent.CompletableFuture@7f55e102[Not completed]
2024-03-04 12:58:08,997 [4d7ce83b-e8ef-4f91-b37b-41ef2f7f2700-groupManagement] INFO  server.RaftServer$Division (RaftServerImpl.java:<init>(256)) - 4d7ce83b-e8ef-4f91-b37b-41ef2f7f2700: new RaftServerImpl for group-D55D317F8943:[4d7ce83b-e8ef-4f91-b37b-41ef2f7f2700|10.1.0.12:15151] with ContainerStateMachine:uninitialized
2024-03-04 12:58:08,997 [4d7ce83b-e8ef-4f91-b37b-41ef2f7f2700-groupManagement] INFO  server.RaftServerConfigKeys (ConfUtils.java:logGet(46)) - raft.server.rpc.timeout.min = 5s (custom)
2024-03-04 12:58:08,997 [4d7ce83b-e8ef-4f91-b37b-41ef2f7f2700-groupManagement] INFO  server.RaftServerConfigKeys (ConfUtils.java:logGet(46)) - raft.server.rpc.timeout.max = 5200ms (custom)
2024-03-04 12:58:08,997 [4d7ce83b-e8ef-4f91-b37b-41ef2f7f2700-groupManagement] INFO  server.RaftServerConfigKeys (ConfUtils.java:logGet(46)) - raft.server.rpc.sleep.time = 25ms (default)
2024-03-04 12:58:08,997 [4d7ce83b-e8ef-4f91-b37b-41ef2f7f2700-groupManagement] INFO  server.RaftServerConfigKeys (ConfUtils.java:logGet(46)) - raft.server.rpc.slowness.timeout = 300s (custom)
2024-03-04 12:58:08,997 [4d7ce83b-e8ef-4f91-b37b-41ef2f7f2700-groupManagement] INFO  server.RaftServerConfigKeys (ConfUtils.java:logGet(46)) - raft.server.leaderelection.leader.step-down.wait-time = 10s (default)
2024-03-04 12:58:08,997 [4d7ce83b-e8ef-4f91-b37b-41ef2f7f2700-groupManagement] INFO  server.RaftServerConfigKeys (ConfUtils.java:logGet(46)) - raft.server.leaderelection.member.majority-add = false (default)
2024-03-04 12:58:08,997 [4d7ce83b-e8ef-4f91-b37b-41ef2f7f2700-groupManagement] INFO  server.RaftServerConfigKeys (ConfUtils.java:logGet(46)) - raft.server.sleep.deviation.threshold = 300ms (default)
2024-03-04 12:58:08,998 [4d7ce83b-e8ef-4f91-b37b-41ef2f7f2700-groupManagement] INFO  server.RaftServer$Division (ServerState.java:<init>(113)) - 4d7ce83b-e8ef-4f91-b37b-41ef2f7f2700@group-D55D317F8943: ConfigurationManager, init=-1: peers:[4d7ce83b-e8ef-4f91-b37b-41ef2f7f2700|10.1.0.12:15151]|listeners:[], old=null, confs=<EMPTY_MAP>
2024-03-04 12:58:08,998 [4d7ce83b-e8ef-4f91-b37b-41ef2f7f2700-groupManagement] INFO  server.RaftServerConfigKeys (ConfUtils.java:logGet(46)) - raft.server.notification.no-leader.timeout = 300s (custom)
2024-03-04 12:58:08,998 [4d7ce83b-e8ef-4f91-b37b-41ef2f7f2700-groupManagement] INFO  server.RaftServerConfigKeys (ConfUtils.java:logGet(46)) - raft.server.read.timeout = 10s (default)
2024-03-04 12:58:08,998 [4d7ce83b-e8ef-4f91-b37b-41ef2f7f2700-groupManagement] INFO  server.RaftServerConfigKeys (ConfUtils.java:logGet(46)) - raft.server.retrycache.expirytime = 600000ms (custom)
2024-03-04 12:58:08,998 [4d7ce83b-e8ef-4f91-b37b-41ef2f7f2700-groupManagement] INFO  server.RaftServerConfigKeys (ConfUtils.java:logGet(46)) - raft.server.retrycache.statistics.expirytime = 100ms (default)
2024-03-04 12:58:08,998 [4d7ce83b-e8ef-4f91-b37b-41ef2f7f2700-groupManagement] INFO  server.RaftServerConfigKeys (ConfUtils.java:logGet(46)) - raft.server.read.option = DEFAULT (default)
2024-03-04 12:58:08,998 [4d7ce83b-e8ef-4f91-b37b-41ef2f7f2700-groupManagement] INFO  server.RaftServerConfigKeys (ConfUtils.java:logGet(46)) - raft.server.read.read-after-write-consistent.write-index-cache.expiry-time = 60s (default)
2024-03-04 12:58:08,999 [4d7ce83b-e8ef-4f91-b37b-41ef2f7f2700-groupManagement] INFO  server.RaftServerConfigKeys (ConfUtils.java:logGet(46)) - raft.server.rpc.request.timeout = 60s (custom)
2024-03-04 12:58:08,999 [4d7ce83b-e8ef-4f91-b37b-41ef2f7f2700-groupManagement] INFO  server.RaftServerConfigKeys (ConfUtils.java:logGet(46)) - raft.server.log.appender.install.snapshot.enabled = false (custom)
2024-03-04 12:58:08,999 [4d7ce83b-e8ef-4f91-b37b-41ef2f7f2700-groupManagement] INFO  server.RaftServerConfigKeys (ConfUtils.java:logGet(46)) - raft.server.threadpool.server.cached = true (default)
2024-03-04 12:58:08,999 [4d7ce83b-e8ef-4f91-b37b-41ef2f7f2700-groupManagement] INFO  server.RaftServerConfigKeys (ConfUtils.java:logGet(46)) - raft.server.threadpool.server.size = 0 (default)
2024-03-04 12:58:08,999 [4d7ce83b-e8ef-4f91-b37b-41ef2f7f2700-groupManagement] INFO  server.RaftServerConfigKeys (ConfUtils.java:logGet(46)) - raft.server.threadpool.client.cached = true (default)
2024-03-04 12:58:08,999 [4d7ce83b-e8ef-4f91-b37b-41ef2f7f2700-groupManagement] INFO  server.RaftServerConfigKeys (ConfUtils.java:logGet(46)) - raft.server.threadpool.client.size = 0 (default)
2024-03-04 12:58:08,999 [4d7ce83b-e8ef-4f91-b37b-41ef2f7f2700-groupManagement] INFO  server.RaftServerConfigKeys (ConfUtils.java:logGet(46)) - raft.server.storage.free-space.min = 0MB (=0) (default)
2024-03-04 12:58:08,999 [4d7ce83b-e8ef-4f91-b37b-41ef2f7f2700-groupManagement] INFO  server.RaftServerConfigKeys (ConfUtils.java:logGet(46)) - raft.server.log.corruption.policy = EXCEPTION (default)
2024-03-04 12:58:08,999 [4d7ce83b-e8ef-4f91-b37b-41ef2f7f2700-groupManagement] INFO  server.RaftServerConfigKeys (ConfUtils.java:logGet(46)) - raft.server.storage.dir = [/home/runner/work/ozone/ozone/hadoop-ozone/integration-test/target/test-dir/MiniOzoneClusterImpl-d5abb160-17eb-4229-abdc-d3875330a01a/ozone-meta/datanode-1/ratis] (custom)
2024-03-04 12:58:08,999 [4d7ce83b-e8ef-4f91-b37b-41ef2f7f2700-groupManagement] INFO  storage.RaftStorageDirectory (RaftStorageDirectoryImpl.java:analyzeStorage(138)) - The storage directory /home/runner/work/ozone/ozone/hadoop-ozone/integration-test/target/test-dir/MiniOzoneClusterImpl-d5abb160-17eb-4229-abdc-d3875330a01a/ozone-meta/datanode-1/ratis/b912f3c0-b386-4fd7-a63b-d55d317f8943 does not exist. Creating ...
2024-03-04 12:58:09,000 [4d7ce83b-e8ef-4f91-b37b-41ef2f7f2700-groupManagement] INFO  storage.RaftStorageDirectory (RaftStorageDirectoryImpl.java:tryLock(228)) - Lock on /home/runner/work/ozone/ozone/hadoop-ozone/integration-test/target/test-dir/MiniOzoneClusterImpl-d5abb160-17eb-4229-abdc-d3875330a01a/ozone-meta/datanode-1/ratis/b912f3c0-b386-4fd7-a63b-d55d317f8943/in_use.lock acquired by nodename 41993@fv-az571-795
2024-03-04 12:58:09,001 [4d7ce83b-e8ef-4f91-b37b-41ef2f7f2700-groupManagement] INFO  storage.RaftStorage (RaftStorageImpl.java:format(99)) - Storage directory /home/runner/work/ozone/ozone/hadoop-ozone/integration-test/target/test-dir/MiniOzoneClusterImpl-d5abb160-17eb-4229-abdc-d3875330a01a/ozone-meta/datanode-1/ratis/b912f3c0-b386-4fd7-a63b-d55d317f8943 has been successfully formatted.
2024-03-04 12:58:09,001 [4d7ce83b-e8ef-4f91-b37b-41ef2f7f2700-groupManagement] WARN  util.FileUtils (LogUtils.java:supplyAndLog(63)) - Failed to Files.newInputStream /home/runner/work/ozone/ozone/hadoop-ozone/integration-test/target/test-dir/MiniOzoneClusterImpl-d5abb160-17eb-4229-abdc-d3875330a01a/ozone-meta/datanode-1/ratis/b912f3c0-b386-4fd7-a63b-d55d317f8943/current/raft-meta.conf with options []: java.nio.file.NoSuchFileException: /home/runner/work/ozone/ozone/hadoop-ozone/integration-test/target/test-dir/MiniOzoneClusterImpl-d5abb160-17eb-4229-abdc-d3875330a01a/ozone-meta/datanode-1/ratis/b912f3c0-b386-4fd7-a63b-d55d317f8943/current/raft-meta.conf
2024-03-04 12:58:09,002 [4d7ce83b-e8ef-4f91-b37b-41ef2f7f2700-groupManagement] INFO  ratis.ContainerStateMachine (ContainerStateMachine.java:loadSnapshot(287)) - group-D55D317F8943: The snapshot info is null. Setting the last applied index to:(t:0, i:~)
2024-03-04 12:58:09,002 [4d7ce83b-e8ef-4f91-b37b-41ef2f7f2700-groupManagement] INFO  server.RaftServerConfigKeys (ConfUtils.java:logGet(46)) - raft.server.log.use.memory = false (default)
2024-03-04 12:58:09,002 [4d7ce83b-e8ef-4f91-b37b-41ef2f7f2700-groupManagement] INFO  server.RaftServerConfigKeys (ConfUtils.java:logGet(46)) - raft.server.log.purge.gap = 1000000 (custom)
2024-03-04 12:58:09,002 [4d7ce83b-e8ef-4f91-b37b-41ef2f7f2700-groupManagement] INFO  server.RaftServerConfigKeys (ConfUtils.java:logGet(46)) - raft.server.log.appender.buffer.byte-limit = 8388608 (custom)
2024-03-04 12:58:09,002 [4d7ce83b-e8ef-4f91-b37b-41ef2f7f2700-groupManagement] INFO  server.RaftServerConfigKeys (ConfUtils.java:logGet(46)) - raft.server.log.statemachine.data.read.timeout = 1000ms (default)
2024-03-04 12:58:09,003 [4d7ce83b-e8ef-4f91-b37b-41ef2f7f2700-groupManagement] INFO  server.RaftServerConfigKeys (ConfUtils.java:logGet(46)) - raft.server.log.purge.preservation.log.num = 0 (default)
2024-03-04 12:58:09,003 [4d7ce83b-e8ef-4f91-b37b-41ef2f7f2700-groupManagement] INFO  server.RaftServerConfigKeys (ConfUtils.java:logGet(46)) - raft.server.log.segment.size.max = 67108864 (custom)
2024-03-04 12:58:09,003 [EventQueue-PipelineReportForPipelineReportHandler] INFO  pipeline.PipelineReportHandler (PipelineReportHandler.java:processPipelineReport(136)) - Opened pipeline PipelineID=b912f3c0-b386-4fd7-a63b-d55d317f8943
2024-03-04 12:58:09,003 [4d7ce83b-e8ef-4f91-b37b-41ef2f7f2700-groupManagement] INFO  server.RaftServerConfigKeys (ConfUtils.java:logGet(46)) - raft.server.log.segment.cache.num.max = 2 (custom)
2024-03-04 12:58:09,004 [4d7ce83b-e8ef-4f91-b37b-41ef2f7f2700-groupManagement] INFO  server.RaftServerConfigKeys (ConfUtils.java:logGet(46)) - raft.server.log.segment.cache.size.max = 200MB (=209715200) (default)
2024-03-04 12:58:09,004 [4d7ce83b-e8ef-4f91-b37b-41ef2f7f2700-groupManagement] INFO  server.RaftServerConfigKeys (ConfUtils.java:logGet(46)) - raft.server.log.appender.buffer.byte-limit = 8388608 (custom)
2024-03-04 12:58:09,004 [4d7ce83b-e8ef-4f91-b37b-41ef2f7f2700-groupManagement] INFO  util.AwaitToRun (AwaitToRun.java:start(81)) - Thread[4d7ce83b-e8ef-4f91-b37b-41ef2f7f2700@group-D55D317F8943-cacheEviction-AwaitToRun,5,main] started
2024-03-04 12:58:09,005 [4d7ce83b-e8ef-4f91-b37b-41ef2f7f2700-groupManagement] INFO  segmented.SegmentedRaftLogWorker (SegmentedRaftLogWorker.java:<init>(182)) - new 4d7ce83b-e8ef-4f91-b37b-41ef2f7f2700@group-D55D317F8943-SegmentedRaftLogWorker for RaftStorageImpl:Storage Directory /home/runner/work/ozone/ozone/hadoop-ozone/integration-test/target/test-dir/MiniOzoneClusterImpl-d5abb160-17eb-4229-abdc-d3875330a01a/ozone-meta/datanode-1/ratis/b912f3c0-b386-4fd7-a63b-d55d317f8943
2024-03-04 12:58:09,005 [4d7ce83b-e8ef-4f91-b37b-41ef2f7f2700-groupManagement] INFO  server.RaftServerConfigKeys (ConfUtils.java:logGet(46)) - raft.server.log.queue.byte-limit = 4294967296 (custom)
2024-03-04 12:58:09,005 [4d7ce83b-e8ef-4f91-b37b-41ef2f7f2700-groupManagement] INFO  server.RaftServerConfigKeys (ConfUtils.java:logGet(46)) - raft.server.log.queue.element-limit = 1024 (custom)
2024-03-04 12:58:09,005 [EventQueue-OpenPipelineForHealthyPipelineSafeModeRule] INFO  safemode.SCMSafeModeManager (HealthyPipelineSafeModeRule.java:process(140)) - SCM in safe mode. Healthy pipelines reported count is 0, required healthy pipeline reported count is 1
2024-03-04 12:58:09,005 [4d7ce83b-e8ef-4f91-b37b-41ef2f7f2700-groupManagement] INFO  server.RaftServerConfigKeys (ConfUtils.java:logGet(46)) - raft.server.log.segment.size.max = 67108864 (custom)
2024-03-04 12:58:09,006 [4d7ce83b-e8ef-4f91-b37b-41ef2f7f2700-groupManagement] INFO  server.RaftServerConfigKeys (ConfUtils.java:logGet(46)) - raft.server.log.preallocated.size = 4194304 (custom)
2024-03-04 12:58:09,006 [4d7ce83b-e8ef-4f91-b37b-41ef2f7f2700-groupManagement] INFO  server.RaftServerConfigKeys (ConfUtils.java:logGet(46)) - raft.server.log.force.sync.num = 128 (default)
2024-03-04 12:58:09,006 [4d7ce83b-e8ef-4f91-b37b-41ef2f7f2700-groupManagement] INFO  server.RaftServerConfigKeys (ConfUtils.java:logGet(46)) - raft.server.log.statemachine.data.sync = true (default)
2024-03-04 12:58:09,006 [4d7ce83b-e8ef-4f91-b37b-41ef2f7f2700-groupManagement] INFO  server.RaftServerConfigKeys (ConfUtils.java:logGet(46)) - raft.server.log.statemachine.data.sync.timeout = 10s (default)
2024-03-04 12:58:09,006 [4d7ce83b-e8ef-4f91-b37b-41ef2f7f2700-groupManagement] INFO  server.RaftServerConfigKeys (ConfUtils.java:logGet(46)) - raft.server.log.statemachine.data.sync.timeout.retry = 0 (custom)
2024-03-04 12:58:09,006 [4d7ce83b-e8ef-4f91-b37b-41ef2f7f2700-groupManagement] INFO  server.RaftServerConfigKeys (ConfUtils.java:logGet(46)) - raft.server.log.write.buffer.size = 8388616 (custom)
2024-03-04 12:58:09,007 [4d7ce83b-e8ef-4f91-b37b-41ef2f7f2700-groupManagement] INFO  server.RaftServerConfigKeys (ConfUtils.java:logGet(46)) - raft.server.log.appender.buffer.byte-limit = 8388608 (custom)
2024-03-04 12:58:09,008 [4d7ce83b-e8ef-4f91-b37b-41ef2f7f2700-groupManagement] INFO  server.RaftServerConfigKeys (ConfUtils.java:logGet(46)) - raft.server.log.unsafe-flush.enabled = false (default)
2024-03-04 12:58:09,008 [4d7ce83b-e8ef-4f91-b37b-41ef2f7f2700-groupManagement] INFO  server.RaftServerConfigKeys (ConfUtils.java:logGet(46)) - raft.server.log.async-flush.enabled = false (default)
2024-03-04 12:58:09,008 [4d7ce83b-e8ef-4f91-b37b-41ef2f7f2700-groupManagement] INFO  server.RaftServerConfigKeys (ConfUtils.java:logGet(46)) - raft.server.log.statemachine.data.caching.enabled = true (custom)
2024-03-04 12:58:09,008 [4d7ce83b-e8ef-4f91-b37b-41ef2f7f2700-groupManagement] INFO  segmented.SegmentedRaftLogWorker (SegmentedRaftLogWorker.java:lambda$new$0(134)) - 4d7ce83b-e8ef-4f91-b37b-41ef2f7f2700@group-D55D317F8943-SegmentedRaftLogWorker: flushIndex: setUnconditionally 0 -> -1
2024-03-04 12:58:09,008 [4d7ce83b-e8ef-4f91-b37b-41ef2f7f2700-groupManagement] INFO  segmented.SegmentedRaftLogWorker (SegmentedRaftLogWorker.java:lambda$new$0(134)) - 4d7ce83b-e8ef-4f91-b37b-41ef2f7f2700@group-D55D317F8943-SegmentedRaftLogWorker: safeCacheEvictIndex: setUnconditionally 0 -> -1
2024-03-04 12:58:09,008 [4d7ce83b-e8ef-4f91-b37b-41ef2f7f2700-groupManagement] INFO  server.RaftServer$Division (RaftServerImpl.java:start(396)) - 4d7ce83b-e8ef-4f91-b37b-41ef2f7f2700@group-D55D317F8943: start as a follower, conf=-1: peers:[4d7ce83b-e8ef-4f91-b37b-41ef2f7f2700|10.1.0.12:15151]|listeners:[], old=null
2024-03-04 12:58:09,008 [4d7ce83b-e8ef-4f91-b37b-41ef2f7f2700-groupManagement] INFO  server.RaftServer$Division (RaftServerImpl.java:setRole(383)) - 4d7ce83b-e8ef-4f91-b37b-41ef2f7f2700@group-D55D317F8943: changes role from      null to FOLLOWER at term 0 for startAsFollower
2024-03-04 12:58:09,008 [4d7ce83b-e8ef-4f91-b37b-41ef2f7f2700-groupManagement] INFO  impl.RoleInfo (RoleInfo.java:updateAndGet(139)) - 4d7ce83b-e8ef-4f91-b37b-41ef2f7f2700: start 4d7ce83b-e8ef-4f91-b37b-41ef2f7f2700@group-D55D317F8943-FollowerState
2024-03-04 12:58:09,008 [4d7ce83b-e8ef-4f91-b37b-41ef2f7f2700-groupManagement] INFO  util.JmxRegister (JmxRegister.java:tryRegister(44)) - Successfully registered JMX Bean with object name Ratis:service=RaftServer,group=group-D55D317F8943,id=4d7ce83b-e8ef-4f91-b37b-41ef2f7f2700
2024-03-04 12:58:09,008 [4d7ce83b-e8ef-4f91-b37b-41ef2f7f2700@group-D55D317F8943-FollowerState] INFO  server.RaftServerConfigKeys (ConfUtils.java:logFallback(53)) - raft.server.rpc.first-election.timeout.min = 5s (fallback to raft.server.rpc.timeout.min)
2024-03-04 12:58:09,008 [4d7ce83b-e8ef-4f91-b37b-41ef2f7f2700-groupManagement] INFO  server.RaftServerConfigKeys (ConfUtils.java:logGet(46)) - raft.server.snapshot.trigger-when-stop.enabled = true (default)
2024-03-04 12:58:09,009 [4d7ce83b-e8ef-4f91-b37b-41ef2f7f2700-groupManagement] INFO  server.RaftServerConfigKeys (ConfUtils.java:logGet(46)) - raft.server.snapshot.auto.trigger.enabled = true (custom)
2024-03-04 12:58:09,008 [4d7ce83b-e8ef-4f91-b37b-41ef2f7f2700@group-D55D317F8943-FollowerState] INFO  server.RaftServerConfigKeys (ConfUtils.java:logFallback(53)) - raft.server.rpc.first-election.timeout.max = 5200ms (fallback to raft.server.rpc.timeout.max)
2024-03-04 12:58:09,009 [4d7ce83b-e8ef-4f91-b37b-41ef2f7f2700-groupManagement] INFO  server.RaftServerConfigKeys (ConfUtils.java:logGet(46)) - raft.server.snapshot.auto.trigger.threshold = 10000 (custom)
2024-03-04 12:58:09,009 [4d7ce83b-e8ef-4f91-b37b-41ef2f7f2700-groupManagement] INFO  server.RaftServerConfigKeys (ConfUtils.java:logGet(46)) - raft.server.snapshot.retention.file.num = 5 (custom)
2024-03-04 12:58:09,009 [4d7ce83b-e8ef-4f91-b37b-41ef2f7f2700-groupManagement] INFO  server.RaftServerConfigKeys (ConfUtils.java:logGet(46)) - raft.server.log.purge.upto.snapshot.index = false (default)
2024-03-04 12:58:09,009 [4d7ce83b-e8ef-4f91-b37b-41ef2f7f2700-PipelineCommandHandlerThread-0] INFO  ratis.XceiverServerRatis (XceiverServerRatis.java:addGroup(864)) - Created group PipelineID=b912f3c0-b386-4fd7-a63b-d55d317f8943
2024-03-04 12:58:09,009 [4d7ce83b-e8ef-4f91-b37b-41ef2f7f2700-PipelineCommandHandlerThread-0] INFO  commandhandler.CreatePipelineCommandHandler (CreatePipelineCommandHandler.java:lambda$handle$2(124)) - Created Pipeline RATIS ONE PipelineID=b912f3c0-b386-4fd7-a63b-d55d317f8943.
2024-03-04 12:58:09,009 [4d7ce83b-e8ef-4f91-b37b-41ef2f7f2700-PipelineCommandHandlerThread-0] INFO  server.RaftServer (RaftServerProxy.java:addNew(100)) - 4d7ce83b-e8ef-4f91-b37b-41ef2f7f2700: addNew group-5AEB6FC1032E:[b225d8db-41e6-4bb3-882c-dcd695311e70|10.1.0.12:15169, 4d7ce83b-e8ef-4f91-b37b-41ef2f7f2700|10.1.0.12:15151, 097e50fe-38d4-45ee-922f-f03bf1c0f16e|10.1.0.12:15160] returns group-5AEB6FC1032E:java.util.concurrent.CompletableFuture@7b6a7a30[Not completed]
2024-03-04 12:58:09,010 [4d7ce83b-e8ef-4f91-b37b-41ef2f7f2700-groupManagement] INFO  server.RaftServer$Division (RaftServerImpl.java:<init>(256)) - 4d7ce83b-e8ef-4f91-b37b-41ef2f7f2700: new RaftServerImpl for group-5AEB6FC1032E:[b225d8db-41e6-4bb3-882c-dcd695311e70|10.1.0.12:15169, 4d7ce83b-e8ef-4f91-b37b-41ef2f7f2700|10.1.0.12:15151, 097e50fe-38d4-45ee-922f-f03bf1c0f16e|10.1.0.12:15160] with ContainerStateMachine:uninitialized
2024-03-04 12:58:09,010 [4d7ce83b-e8ef-4f91-b37b-41ef2f7f2700-groupManagement] INFO  server.RaftServerConfigKeys (ConfUtils.java:logGet(46)) - raft.server.rpc.timeout.min = 5s (custom)
2024-03-04 12:58:09,010 [4d7ce83b-e8ef-4f91-b37b-41ef2f7f2700-groupManagement] INFO  server.RaftServerConfigKeys (ConfUtils.java:logGet(46)) - raft.server.rpc.timeout.max = 5200ms (custom)
2024-03-04 12:58:09,010 [4d7ce83b-e8ef-4f91-b37b-41ef2f7f2700-groupManagement] INFO  server.RaftServerConfigKeys (ConfUtils.java:logGet(46)) - raft.server.rpc.sleep.time = 25ms (default)
2024-03-04 12:58:09,010 [4d7ce83b-e8ef-4f91-b37b-41ef2f7f2700-groupManagement] INFO  server.RaftServerConfigKeys (ConfUtils.java:logGet(46)) - raft.server.rpc.slowness.timeout = 300s (custom)
2024-03-04 12:58:09,010 [4d7ce83b-e8ef-4f91-b37b-41ef2f7f2700-groupManagement] INFO  server.RaftServerConfigKeys (ConfUtils.java:logGet(46)) - raft.server.leaderelection.leader.step-down.wait-time = 10s (default)
2024-03-04 12:58:09,010 [4d7ce83b-e8ef-4f91-b37b-41ef2f7f2700-groupManagement] INFO  server.RaftServerConfigKeys (ConfUtils.java:logGet(46)) - raft.server.leaderelection.member.majority-add = false (default)
2024-03-04 12:58:09,010 [4d7ce83b-e8ef-4f91-b37b-41ef2f7f2700-groupManagement] INFO  server.RaftServerConfigKeys (ConfUtils.java:logGet(46)) - raft.server.sleep.deviation.threshold = 300ms (default)
2024-03-04 12:58:09,010 [4d7ce83b-e8ef-4f91-b37b-41ef2f7f2700-groupManagement] INFO  server.RaftServer$Division (ServerState.java:<init>(113)) - 4d7ce83b-e8ef-4f91-b37b-41ef2f7f2700@group-5AEB6FC1032E: ConfigurationManager, init=-1: peers:[b225d8db-41e6-4bb3-882c-dcd695311e70|10.1.0.12:15169, 4d7ce83b-e8ef-4f91-b37b-41ef2f7f2700|10.1.0.12:15151, 097e50fe-38d4-45ee-922f-f03bf1c0f16e|10.1.0.12:15160]|listeners:[], old=null, confs=<EMPTY_MAP>
2024-03-04 12:58:09,011 [4d7ce83b-e8ef-4f91-b37b-41ef2f7f2700-groupManagement] INFO  server.RaftServerConfigKeys (ConfUtils.java:logGet(46)) - raft.server.notification.no-leader.timeout = 300s (custom)
2024-03-04 12:58:09,011 [4d7ce83b-e8ef-4f91-b37b-41ef2f7f2700-groupManagement] INFO  server.RaftServerConfigKeys (ConfUtils.java:logGet(46)) - raft.server.read.timeout = 10s (default)
2024-03-04 12:58:09,011 [4d7ce83b-e8ef-4f91-b37b-41ef2f7f2700-groupManagement] INFO  server.RaftServerConfigKeys (ConfUtils.java:logGet(46)) - raft.server.retrycache.expirytime = 600000ms (custom)
2024-03-04 12:58:09,011 [4d7ce83b-e8ef-4f91-b37b-41ef2f7f2700-groupManagement] INFO  server.RaftServerConfigKeys (ConfUtils.java:logGet(46)) - raft.server.retrycache.statistics.expirytime = 100ms (default)
2024-03-04 12:58:09,011 [4d7ce83b-e8ef-4f91-b37b-41ef2f7f2700-groupManagement] INFO  server.RaftServerConfigKeys (ConfUtils.java:logGet(46)) - raft.server.read.option = DEFAULT (default)
2024-03-04 12:58:09,011 [4d7ce83b-e8ef-4f91-b37b-41ef2f7f2700-groupManagement] INFO  server.RaftServerConfigKeys (ConfUtils.java:logGet(46)) - raft.server.read.read-after-write-consistent.write-index-cache.expiry-time = 60s (default)
2024-03-04 12:58:09,012 [4d7ce83b-e8ef-4f91-b37b-41ef2f7f2700-groupManagement] INFO  server.RaftServerConfigKeys (ConfUtils.java:logGet(46)) - raft.server.rpc.request.timeout = 60s (custom)
2024-03-04 12:58:09,012 [4d7ce83b-e8ef-4f91-b37b-41ef2f7f2700-groupManagement] INFO  server.RaftServerConfigKeys (ConfUtils.java:logGet(46)) - raft.server.log.appender.install.snapshot.enabled = false (custom)
2024-03-04 12:58:09,013 [4d7ce83b-e8ef-4f91-b37b-41ef2f7f2700-groupManagement] INFO  server.RaftServerConfigKeys (ConfUtils.java:logGet(46)) - raft.server.threadpool.server.cached = true (default)
2024-03-04 12:58:09,013 [4d7ce83b-e8ef-4f91-b37b-41ef2f7f2700-groupManagement] INFO  server.RaftServerConfigKeys (ConfUtils.java:logGet(46)) - raft.server.threadpool.server.size = 0 (default)
2024-03-04 12:58:09,013 [4d7ce83b-e8ef-4f91-b37b-41ef2f7f2700-groupManagement] INFO  server.RaftServerConfigKeys (ConfUtils.java:logGet(46)) - raft.server.threadpool.client.cached = true (default)
2024-03-04 12:58:09,013 [4d7ce83b-e8ef-4f91-b37b-41ef2f7f2700-groupManagement] INFO  server.RaftServerConfigKeys (ConfUtils.java:logGet(46)) - raft.server.threadpool.client.size = 0 (default)
2024-03-04 12:58:09,013 [4d7ce83b-e8ef-4f91-b37b-41ef2f7f2700-groupManagement] INFO  server.RaftServerConfigKeys (ConfUtils.java:logGet(46)) - raft.server.storage.free-space.min = 0MB (=0) (default)
2024-03-04 12:58:09,013 [4d7ce83b-e8ef-4f91-b37b-41ef2f7f2700-groupManagement] INFO  server.RaftServerConfigKeys (ConfUtils.java:logGet(46)) - raft.server.log.corruption.policy = EXCEPTION (default)
2024-03-04 12:58:09,013 [4d7ce83b-e8ef-4f91-b37b-41ef2f7f2700-groupManagement] INFO  server.RaftServerConfigKeys (ConfUtils.java:logGet(46)) - raft.server.storage.dir = [/home/runner/work/ozone/ozone/hadoop-ozone/integration-test/target/test-dir/MiniOzoneClusterImpl-d5abb160-17eb-4229-abdc-d3875330a01a/ozone-meta/datanode-1/ratis] (custom)
2024-03-04 12:58:09,013 [4d7ce83b-e8ef-4f91-b37b-41ef2f7f2700-groupManagement] INFO  storage.RaftStorageDirectory (RaftStorageDirectoryImpl.java:analyzeStorage(138)) - The storage directory /home/runner/work/ozone/ozone/hadoop-ozone/integration-test/target/test-dir/MiniOzoneClusterImpl-d5abb160-17eb-4229-abdc-d3875330a01a/ozone-meta/datanode-1/ratis/3d7b6922-fe2e-4a3c-b3a4-5aeb6fc1032e does not exist. Creating ...
2024-03-04 12:58:09,014 [4d7ce83b-e8ef-4f91-b37b-41ef2f7f2700-groupManagement] INFO  storage.RaftStorageDirectory (RaftStorageDirectoryImpl.java:tryLock(228)) - Lock on /home/runner/work/ozone/ozone/hadoop-ozone/integration-test/target/test-dir/MiniOzoneClusterImpl-d5abb160-17eb-4229-abdc-d3875330a01a/ozone-meta/datanode-1/ratis/3d7b6922-fe2e-4a3c-b3a4-5aeb6fc1032e/in_use.lock acquired by nodename 41993@fv-az571-795
2024-03-04 12:58:09,015 [4d7ce83b-e8ef-4f91-b37b-41ef2f7f2700-groupManagement] INFO  storage.RaftStorage (RaftStorageImpl.java:format(99)) - Storage directory /home/runner/work/ozone/ozone/hadoop-ozone/integration-test/target/test-dir/MiniOzoneClusterImpl-d5abb160-17eb-4229-abdc-d3875330a01a/ozone-meta/datanode-1/ratis/3d7b6922-fe2e-4a3c-b3a4-5aeb6fc1032e has been successfully formatted.
2024-03-04 12:58:09,015 [4d7ce83b-e8ef-4f91-b37b-41ef2f7f2700-groupManagement] WARN  util.FileUtils (LogUtils.java:supplyAndLog(63)) - Failed to Files.newInputStream /home/runner/work/ozone/ozone/hadoop-ozone/integration-test/target/test-dir/MiniOzoneClusterImpl-d5abb160-17eb-4229-abdc-d3875330a01a/ozone-meta/datanode-1/ratis/3d7b6922-fe2e-4a3c-b3a4-5aeb6fc1032e/current/raft-meta.conf with options []: java.nio.file.NoSuchFileException: /home/runner/work/ozone/ozone/hadoop-ozone/integration-test/target/test-dir/MiniOzoneClusterImpl-d5abb160-17eb-4229-abdc-d3875330a01a/ozone-meta/datanode-1/ratis/3d7b6922-fe2e-4a3c-b3a4-5aeb6fc1032e/current/raft-meta.conf
2024-03-04 12:58:09,015 [4d7ce83b-e8ef-4f91-b37b-41ef2f7f2700-groupManagement] INFO  ratis.ContainerStateMachine (ContainerStateMachine.java:loadSnapshot(287)) - group-5AEB6FC1032E: The snapshot info is null. Setting the last applied index to:(t:0, i:~)
2024-03-04 12:58:09,015 [4d7ce83b-e8ef-4f91-b37b-41ef2f7f2700-groupManagement] INFO  server.RaftServerConfigKeys (ConfUtils.java:logGet(46)) - raft.server.log.use.memory = false (default)
2024-03-04 12:58:09,015 [4d7ce83b-e8ef-4f91-b37b-41ef2f7f2700-groupManagement] INFO  server.RaftServerConfigKeys (ConfUtils.java:logGet(46)) - raft.server.log.purge.gap = 1000000 (custom)
2024-03-04 12:58:09,015 [4d7ce83b-e8ef-4f91-b37b-41ef2f7f2700-groupManagement] INFO  server.RaftServerConfigKeys (ConfUtils.java:logGet(46)) - raft.server.log.appender.buffer.byte-limit = 8388608 (custom)
2024-03-04 12:58:09,016 [4d7ce83b-e8ef-4f91-b37b-41ef2f7f2700-groupManagement] INFO  server.RaftServerConfigKeys (ConfUtils.java:logGet(46)) - raft.server.log.statemachine.data.read.timeout = 1000ms (default)
2024-03-04 12:58:09,016 [4d7ce83b-e8ef-4f91-b37b-41ef2f7f2700-groupManagement] INFO  server.RaftServerConfigKeys (ConfUtils.java:logGet(46)) - raft.server.log.purge.preservation.log.num = 0 (default)
2024-03-04 12:58:09,016 [EventQueue-OpenPipelineForHealthyPipelineSafeModeRule] INFO  safemode.SCMSafeModeManager (HealthyPipelineSafeModeRule.java:process(140)) - SCM in safe mode. Healthy pipelines reported count is 0, required healthy pipeline reported count is 1
2024-03-04 12:58:09,016 [4d7ce83b-e8ef-4f91-b37b-41ef2f7f2700-groupManagement] INFO  server.RaftServerConfigKeys (ConfUtils.java:logGet(46)) - raft.server.log.segment.size.max = 67108864 (custom)
2024-03-04 12:58:09,017 [4d7ce83b-e8ef-4f91-b37b-41ef2f7f2700-groupManagement] INFO  server.RaftServerConfigKeys (ConfUtils.java:logGet(46)) - raft.server.log.segment.cache.num.max = 2 (custom)
2024-03-04 12:58:09,017 [4d7ce83b-e8ef-4f91-b37b-41ef2f7f2700-groupManagement] INFO  server.RaftServerConfigKeys (ConfUtils.java:logGet(46)) - raft.server.log.segment.cache.size.max = 200MB (=209715200) (default)
2024-03-04 12:58:09,017 [4d7ce83b-e8ef-4f91-b37b-41ef2f7f2700-groupManagement] INFO  server.RaftServerConfigKeys (ConfUtils.java:logGet(46)) - raft.server.log.appender.buffer.byte-limit = 8388608 (custom)
2024-03-04 12:58:09,017 [4d7ce83b-e8ef-4f91-b37b-41ef2f7f2700-groupManagement] INFO  util.AwaitToRun (AwaitToRun.java:start(81)) - Thread[4d7ce83b-e8ef-4f91-b37b-41ef2f7f2700@group-5AEB6FC1032E-cacheEviction-AwaitToRun,5,main] started
2024-03-04 12:58:09,017 [4d7ce83b-e8ef-4f91-b37b-41ef2f7f2700-groupManagement] INFO  segmented.SegmentedRaftLogWorker (SegmentedRaftLogWorker.java:<init>(182)) - new 4d7ce83b-e8ef-4f91-b37b-41ef2f7f2700@group-5AEB6FC1032E-SegmentedRaftLogWorker for RaftStorageImpl:Storage Directory /home/runner/work/ozone/ozone/hadoop-ozone/integration-test/target/test-dir/MiniOzoneClusterImpl-d5abb160-17eb-4229-abdc-d3875330a01a/ozone-meta/datanode-1/ratis/3d7b6922-fe2e-4a3c-b3a4-5aeb6fc1032e
2024-03-04 12:58:09,017 [4d7ce83b-e8ef-4f91-b37b-41ef2f7f2700-groupManagement] INFO  server.RaftServerConfigKeys (ConfUtils.java:logGet(46)) - raft.server.log.queue.byte-limit = 4294967296 (custom)
2024-03-04 12:58:09,017 [4d7ce83b-e8ef-4f91-b37b-41ef2f7f2700-groupManagement] INFO  server.RaftServerConfigKeys (ConfUtils.java:logGet(46)) - raft.server.log.queue.element-limit = 1024 (custom)
2024-03-04 12:58:09,017 [4d7ce83b-e8ef-4f91-b37b-41ef2f7f2700-groupManagement] INFO  server.RaftServerConfigKeys (ConfUtils.java:logGet(46)) - raft.server.log.segment.size.max = 67108864 (custom)
2024-03-04 12:58:09,017 [4d7ce83b-e8ef-4f91-b37b-41ef2f7f2700-groupManagement] INFO  server.RaftServerConfigKeys (ConfUtils.java:logGet(46)) - raft.server.log.preallocated.size = 4194304 (custom)
2024-03-04 12:58:09,017 [4d7ce83b-e8ef-4f91-b37b-41ef2f7f2700-groupManagement] INFO  server.RaftServerConfigKeys (ConfUtils.java:logGet(46)) - raft.server.log.force.sync.num = 128 (default)
2024-03-04 12:58:09,018 [4d7ce83b-e8ef-4f91-b37b-41ef2f7f2700-groupManagement] INFO  server.RaftServerConfigKeys (ConfUtils.java:logGet(46)) - raft.server.log.statemachine.data.sync = true (default)
2024-03-04 12:58:09,018 [4d7ce83b-e8ef-4f91-b37b-41ef2f7f2700-groupManagement] INFO  server.RaftServerConfigKeys (ConfUtils.java:logGet(46)) - raft.server.log.statemachine.data.sync.timeout = 10s (default)
2024-03-04 12:58:09,018 [4d7ce83b-e8ef-4f91-b37b-41ef2f7f2700-groupManagement] INFO  server.RaftServerConfigKeys (ConfUtils.java:logGet(46)) - raft.server.log.statemachine.data.sync.timeout.retry = 0 (custom)
2024-03-04 12:58:09,018 [4d7ce83b-e8ef-4f91-b37b-41ef2f7f2700-groupManagement] INFO  server.RaftServerConfigKeys (ConfUtils.java:logGet(46)) - raft.server.log.write.buffer.size = 8388616 (custom)
2024-03-04 12:58:09,019 [4d7ce83b-e8ef-4f91-b37b-41ef2f7f2700-groupManagement] INFO  server.RaftServerConfigKeys (ConfUtils.java:logGet(46)) - raft.server.log.appender.buffer.byte-limit = 8388608 (custom)
2024-03-04 12:58:09,019 [4d7ce83b-e8ef-4f91-b37b-41ef2f7f2700-groupManagement] INFO  server.RaftServerConfigKeys (ConfUtils.java:logGet(46)) - raft.server.log.unsafe-flush.enabled = false (default)
2024-03-04 12:58:09,019 [4d7ce83b-e8ef-4f91-b37b-41ef2f7f2700-groupManagement] INFO  server.RaftServerConfigKeys (ConfUtils.java:logGet(46)) - raft.server.log.async-flush.enabled = false (default)
2024-03-04 12:58:09,020 [4d7ce83b-e8ef-4f91-b37b-41ef2f7f2700-groupManagement] INFO  server.RaftServerConfigKeys (ConfUtils.java:logGet(46)) - raft.server.log.statemachine.data.caching.enabled = true (custom)
2024-03-04 12:58:09,020 [4d7ce83b-e8ef-4f91-b37b-41ef2f7f2700-groupManagement] INFO  segmented.SegmentedRaftLogWorker (SegmentedRaftLogWorker.java:lambda$new$0(134)) - 4d7ce83b-e8ef-4f91-b37b-41ef2f7f2700@group-5AEB6FC1032E-SegmentedRaftLogWorker: flushIndex: setUnconditionally 0 -> -1
2024-03-04 12:58:09,020 [4d7ce83b-e8ef-4f91-b37b-41ef2f7f2700-groupManagement] INFO  segmented.SegmentedRaftLogWorker (SegmentedRaftLogWorker.java:lambda$new$0(134)) - 4d7ce83b-e8ef-4f91-b37b-41ef2f7f2700@group-5AEB6FC1032E-SegmentedRaftLogWorker: safeCacheEvictIndex: setUnconditionally 0 -> -1
2024-03-04 12:58:09,020 [4d7ce83b-e8ef-4f91-b37b-41ef2f7f2700-groupManagement] INFO  server.RaftServer$Division (RaftServerImpl.java:start(396)) - 4d7ce83b-e8ef-4f91-b37b-41ef2f7f2700@group-5AEB6FC1032E: start as a follower, conf=-1: peers:[b225d8db-41e6-4bb3-882c-dcd695311e70|10.1.0.12:15169, 4d7ce83b-e8ef-4f91-b37b-41ef2f7f2700|10.1.0.12:15151, 097e50fe-38d4-45ee-922f-f03bf1c0f16e|10.1.0.12:15160]|listeners:[], old=null
2024-03-04 12:58:09,020 [4d7ce83b-e8ef-4f91-b37b-41ef2f7f2700-groupManagement] INFO  server.RaftServer$Division (RaftServerImpl.java:setRole(383)) - 4d7ce83b-e8ef-4f91-b37b-41ef2f7f2700@group-5AEB6FC1032E: changes role from      null to FOLLOWER at term 0 for startAsFollower
2024-03-04 12:58:09,020 [4d7ce83b-e8ef-4f91-b37b-41ef2f7f2700-groupManagement] INFO  impl.RoleInfo (RoleInfo.java:updateAndGet(139)) - 4d7ce83b-e8ef-4f91-b37b-41ef2f7f2700: start 4d7ce83b-e8ef-4f91-b37b-41ef2f7f2700@group-5AEB6FC1032E-FollowerState
2024-03-04 12:58:09,020 [4d7ce83b-e8ef-4f91-b37b-41ef2f7f2700@group-5AEB6FC1032E-FollowerState] INFO  server.RaftServerConfigKeys (ConfUtils.java:logFallback(53)) - raft.server.rpc.first-election.timeout.min = 5s (fallback to raft.server.rpc.timeout.min)
2024-03-04 12:58:09,020 [4d7ce83b-e8ef-4f91-b37b-41ef2f7f2700-groupManagement] INFO  util.JmxRegister (JmxRegister.java:tryRegister(44)) - Successfully registered JMX Bean with object name Ratis:service=RaftServer,group=group-5AEB6FC1032E,id=4d7ce83b-e8ef-4f91-b37b-41ef2f7f2700
2024-03-04 12:58:09,020 [4d7ce83b-e8ef-4f91-b37b-41ef2f7f2700-groupManagement] INFO  server.RaftServerConfigKeys (ConfUtils.java:logGet(46)) - raft.server.snapshot.trigger-when-stop.enabled = true (default)
2024-03-04 12:58:09,020 [4d7ce83b-e8ef-4f91-b37b-41ef2f7f2700-groupManagement] INFO  server.RaftServerConfigKeys (ConfUtils.java:logGet(46)) - raft.server.snapshot.auto.trigger.enabled = true (custom)
2024-03-04 12:58:09,021 [4d7ce83b-e8ef-4f91-b37b-41ef2f7f2700-groupManagement] INFO  server.RaftServerConfigKeys (ConfUtils.java:logGet(46)) - raft.server.snapshot.auto.trigger.threshold = 10000 (custom)
2024-03-04 12:58:09,021 [4d7ce83b-e8ef-4f91-b37b-41ef2f7f2700-groupManagement] INFO  server.RaftServerConfigKeys (ConfUtils.java:logGet(46)) - raft.server.snapshot.retention.file.num = 5 (custom)
2024-03-04 12:58:09,021 [4d7ce83b-e8ef-4f91-b37b-41ef2f7f2700-groupManagement] INFO  server.RaftServerConfigKeys (ConfUtils.java:logGet(46)) - raft.server.log.purge.upto.snapshot.index = false (default)
2024-03-04 12:58:09,020 [4d7ce83b-e8ef-4f91-b37b-41ef2f7f2700@group-5AEB6FC1032E-FollowerState] INFO  server.RaftServerConfigKeys (ConfUtils.java:logFallback(53)) - raft.server.rpc.first-election.timeout.max = 5200ms (fallback to raft.server.rpc.timeout.max)
2024-03-04 12:58:09,021 [4d7ce83b-e8ef-4f91-b37b-41ef2f7f2700-PipelineCommandHandlerThread-0] INFO  ratis.XceiverServerRatis (XceiverServerRatis.java:addGroup(864)) - Created group PipelineID=3d7b6922-fe2e-4a3c-b3a4-5aeb6fc1032e
2024-03-04 12:58:09,027 [grpc-default-executor-4] INFO  server.RaftServer (RaftServerProxy.java:addNew(100)) - b225d8db-41e6-4bb3-882c-dcd695311e70: addNew group-5AEB6FC1032E:[b225d8db-41e6-4bb3-882c-dcd695311e70|10.1.0.12:15169, 4d7ce83b-e8ef-4f91-b37b-41ef2f7f2700|10.1.0.12:15151, 097e50fe-38d4-45ee-922f-f03bf1c0f16e|10.1.0.12:15160] returns group-5AEB6FC1032E:java.util.concurrent.CompletableFuture@324a2a9b[Not completed]
2024-03-04 12:58:09,028 [b225d8db-41e6-4bb3-882c-dcd695311e70-groupManagement] INFO  server.RaftServer$Division (RaftServerImpl.java:<init>(256)) - b225d8db-41e6-4bb3-882c-dcd695311e70: new RaftServerImpl for group-5AEB6FC1032E:[b225d8db-41e6-4bb3-882c-dcd695311e70|10.1.0.12:15169, 4d7ce83b-e8ef-4f91-b37b-41ef2f7f2700|10.1.0.12:15151, 097e50fe-38d4-45ee-922f-f03bf1c0f16e|10.1.0.12:15160] with ContainerStateMachine:uninitialized
2024-03-04 12:58:09,028 [b225d8db-41e6-4bb3-882c-dcd695311e70-groupManagement] INFO  server.RaftServerConfigKeys (ConfUtils.java:logGet(46)) - raft.server.rpc.timeout.min = 5s (custom)
2024-03-04 12:58:09,028 [b225d8db-41e6-4bb3-882c-dcd695311e70-groupManagement] INFO  server.RaftServerConfigKeys (ConfUtils.java:logGet(46)) - raft.server.rpc.timeout.max = 5200ms (custom)
2024-03-04 12:58:09,028 [b225d8db-41e6-4bb3-882c-dcd695311e70-groupManagement] INFO  server.RaftServerConfigKeys (ConfUtils.java:logGet(46)) - raft.server.rpc.sleep.time = 25ms (default)
2024-03-04 12:58:09,028 [b225d8db-41e6-4bb3-882c-dcd695311e70-groupManagement] INFO  server.RaftServerConfigKeys (ConfUtils.java:logGet(46)) - raft.server.rpc.slowness.timeout = 300s (custom)
2024-03-04 12:58:09,028 [b225d8db-41e6-4bb3-882c-dcd695311e70-groupManagement] INFO  server.RaftServerConfigKeys (ConfUtils.java:logGet(46)) - raft.server.leaderelection.leader.step-down.wait-time = 10s (default)
2024-03-04 12:58:09,028 [b225d8db-41e6-4bb3-882c-dcd695311e70-groupManagement] INFO  server.RaftServerConfigKeys (ConfUtils.java:logGet(46)) - raft.server.leaderelection.member.majority-add = false (default)
2024-03-04 12:58:09,028 [b225d8db-41e6-4bb3-882c-dcd695311e70-groupManagement] INFO  server.RaftServerConfigKeys (ConfUtils.java:logGet(46)) - raft.server.sleep.deviation.threshold = 300ms (default)
2024-03-04 12:58:09,028 [b225d8db-41e6-4bb3-882c-dcd695311e70-groupManagement] INFO  server.RaftServer$Division (ServerState.java:<init>(113)) - b225d8db-41e6-4bb3-882c-dcd695311e70@group-5AEB6FC1032E: ConfigurationManager, init=-1: peers:[b225d8db-41e6-4bb3-882c-dcd695311e70|10.1.0.12:15169, 4d7ce83b-e8ef-4f91-b37b-41ef2f7f2700|10.1.0.12:15151, 097e50fe-38d4-45ee-922f-f03bf1c0f16e|10.1.0.12:15160]|listeners:[], old=null, confs=<EMPTY_MAP>
2024-03-04 12:58:09,028 [b225d8db-41e6-4bb3-882c-dcd695311e70-groupManagement] INFO  server.RaftServerConfigKeys (ConfUtils.java:logGet(46)) - raft.server.notification.no-leader.timeout = 300s (custom)
2024-03-04 12:58:09,028 [b225d8db-41e6-4bb3-882c-dcd695311e70-groupManagement] INFO  server.RaftServerConfigKeys (ConfUtils.java:logGet(46)) - raft.server.read.timeout = 10s (default)
2024-03-04 12:58:09,029 [b225d8db-41e6-4bb3-882c-dcd695311e70-groupManagement] INFO  server.RaftServerConfigKeys (ConfUtils.java:logGet(46)) - raft.server.retrycache.expirytime = 600000ms (custom)
2024-03-04 12:58:09,029 [b225d8db-41e6-4bb3-882c-dcd695311e70-groupManagement] INFO  server.RaftServerConfigKeys (ConfUtils.java:logGet(46)) - raft.server.retrycache.statistics.expirytime = 100ms (default)
2024-03-04 12:58:09,029 [b225d8db-41e6-4bb3-882c-dcd695311e70-groupManagement] INFO  server.RaftServerConfigKeys (ConfUtils.java:logGet(46)) - raft.server.read.option = DEFAULT (default)
2024-03-04 12:58:09,029 [b225d8db-41e6-4bb3-882c-dcd695311e70-groupManagement] INFO  server.RaftServerConfigKeys (ConfUtils.java:logGet(46)) - raft.server.read.read-after-write-consistent.write-index-cache.expiry-time = 60s (default)
2024-03-04 12:58:09,030 [b225d8db-41e6-4bb3-882c-dcd695311e70-groupManagement] INFO  server.RaftServerConfigKeys (ConfUtils.java:logGet(46)) - raft.server.rpc.request.timeout = 60s (custom)
2024-03-04 12:58:09,030 [b225d8db-41e6-4bb3-882c-dcd695311e70-groupManagement] INFO  server.RaftServerConfigKeys (ConfUtils.java:logGet(46)) - raft.server.log.appender.install.snapshot.enabled = false (custom)
2024-03-04 12:58:09,030 [b225d8db-41e6-4bb3-882c-dcd695311e70-groupManagement] INFO  server.RaftServerConfigKeys (ConfUtils.java:logGet(46)) - raft.server.threadpool.server.cached = true (default)
2024-03-04 12:58:09,030 [b225d8db-41e6-4bb3-882c-dcd695311e70-groupManagement] INFO  server.RaftServerConfigKeys (ConfUtils.java:logGet(46)) - raft.server.threadpool.server.size = 0 (default)
2024-03-04 12:58:09,030 [b225d8db-41e6-4bb3-882c-dcd695311e70-groupManagement] INFO  server.RaftServerConfigKeys (ConfUtils.java:logGet(46)) - raft.server.threadpool.client.cached = true (default)
2024-03-04 12:58:09,030 [b225d8db-41e6-4bb3-882c-dcd695311e70-groupManagement] INFO  server.RaftServerConfigKeys (ConfUtils.java:logGet(46)) - raft.server.threadpool.client.size = 0 (default)
2024-03-04 12:58:09,030 [b225d8db-41e6-4bb3-882c-dcd695311e70-groupManagement] INFO  server.RaftServerConfigKeys (ConfUtils.java:logGet(46)) - raft.server.storage.free-space.min = 0MB (=0) (default)
2024-03-04 12:58:09,031 [b225d8db-41e6-4bb3-882c-dcd695311e70-groupManagement] INFO  server.RaftServerConfigKeys (ConfUtils.java:logGet(46)) - raft.server.log.corruption.policy = EXCEPTION (default)
2024-03-04 12:58:09,031 [b225d8db-41e6-4bb3-882c-dcd695311e70-groupManagement] INFO  server.RaftServerConfigKeys (ConfUtils.java:logGet(46)) - raft.server.storage.dir = [/home/runner/work/ozone/ozone/hadoop-ozone/integration-test/target/test-dir/MiniOzoneClusterImpl-d5abb160-17eb-4229-abdc-d3875330a01a/ozone-meta/datanode-3/ratis] (custom)
2024-03-04 12:58:09,031 [b225d8db-41e6-4bb3-882c-dcd695311e70-groupManagement] INFO  storage.RaftStorageDirectory (RaftStorageDirectoryImpl.java:analyzeStorage(138)) - The storage directory /home/runner/work/ozone/ozone/hadoop-ozone/integration-test/target/test-dir/MiniOzoneClusterImpl-d5abb160-17eb-4229-abdc-d3875330a01a/ozone-meta/datanode-3/ratis/3d7b6922-fe2e-4a3c-b3a4-5aeb6fc1032e does not exist. Creating ...
2024-03-04 12:58:09,032 [b225d8db-41e6-4bb3-882c-dcd695311e70-groupManagement] INFO  storage.RaftStorageDirectory (RaftStorageDirectoryImpl.java:tryLock(228)) - Lock on /home/runner/work/ozone/ozone/hadoop-ozone/integration-test/target/test-dir/MiniOzoneClusterImpl-d5abb160-17eb-4229-abdc-d3875330a01a/ozone-meta/datanode-3/ratis/3d7b6922-fe2e-4a3c-b3a4-5aeb6fc1032e/in_use.lock acquired by nodename 41993@fv-az571-795
2024-03-04 12:58:09,033 [b225d8db-41e6-4bb3-882c-dcd695311e70-groupManagement] INFO  storage.RaftStorage (RaftStorageImpl.java:format(99)) - Storage directory /home/runner/work/ozone/ozone/hadoop-ozone/integration-test/target/test-dir/MiniOzoneClusterImpl-d5abb160-17eb-4229-abdc-d3875330a01a/ozone-meta/datanode-3/ratis/3d7b6922-fe2e-4a3c-b3a4-5aeb6fc1032e has been successfully formatted.
2024-03-04 12:58:09,033 [b225d8db-41e6-4bb3-882c-dcd695311e70-groupManagement] WARN  util.FileUtils (LogUtils.java:supplyAndLog(63)) - Failed to Files.newInputStream /home/runner/work/ozone/ozone/hadoop-ozone/integration-test/target/test-dir/MiniOzoneClusterImpl-d5abb160-17eb-4229-abdc-d3875330a01a/ozone-meta/datanode-3/ratis/3d7b6922-fe2e-4a3c-b3a4-5aeb6fc1032e/current/raft-meta.conf with options []: java.nio.file.NoSuchFileException: /home/runner/work/ozone/ozone/hadoop-ozone/integration-test/target/test-dir/MiniOzoneClusterImpl-d5abb160-17eb-4229-abdc-d3875330a01a/ozone-meta/datanode-3/ratis/3d7b6922-fe2e-4a3c-b3a4-5aeb6fc1032e/current/raft-meta.conf
2024-03-04 12:58:09,034 [b225d8db-41e6-4bb3-882c-dcd695311e70-groupManagement] INFO  ratis.ContainerStateMachine (ContainerStateMachine.java:loadSnapshot(287)) - group-5AEB6FC1032E: The snapshot info is null. Setting the last applied index to:(t:0, i:~)
2024-03-04 12:58:09,034 [b225d8db-41e6-4bb3-882c-dcd695311e70-groupManagement] INFO  server.RaftServerConfigKeys (ConfUtils.java:logGet(46)) - raft.server.log.use.memory = false (default)
2024-03-04 12:58:09,034 [b225d8db-41e6-4bb3-882c-dcd695311e70-groupManagement] INFO  server.RaftServerConfigKeys (ConfUtils.java:logGet(46)) - raft.server.log.purge.gap = 1000000 (custom)
2024-03-04 12:58:09,034 [b225d8db-41e6-4bb3-882c-dcd695311e70-groupManagement] INFO  server.RaftServerConfigKeys (ConfUtils.java:logGet(46)) - raft.server.log.appender.buffer.byte-limit = 8388608 (custom)
2024-03-04 12:58:09,034 [b225d8db-41e6-4bb3-882c-dcd695311e70-groupManagement] INFO  server.RaftServerConfigKeys (ConfUtils.java:logGet(46)) - raft.server.log.statemachine.data.read.timeout = 1000ms (default)
2024-03-04 12:58:09,034 [b225d8db-41e6-4bb3-882c-dcd695311e70-groupManagement] INFO  server.RaftServerConfigKeys (ConfUtils.java:logGet(46)) - raft.server.log.purge.preservation.log.num = 0 (default)
2024-03-04 12:58:09,035 [b225d8db-41e6-4bb3-882c-dcd695311e70-groupManagement] INFO  server.RaftServerConfigKeys (ConfUtils.java:logGet(46)) - raft.server.log.segment.size.max = 67108864 (custom)
2024-03-04 12:58:09,035 [b225d8db-41e6-4bb3-882c-dcd695311e70-groupManagement] INFO  server.RaftServerConfigKeys (ConfUtils.java:logGet(46)) - raft.server.log.segment.cache.num.max = 2 (custom)
2024-03-04 12:58:09,035 [b225d8db-41e6-4bb3-882c-dcd695311e70-groupManagement] INFO  server.RaftServerConfigKeys (ConfUtils.java:logGet(46)) - raft.server.log.segment.cache.size.max = 200MB (=209715200) (default)
2024-03-04 12:58:09,035 [b225d8db-41e6-4bb3-882c-dcd695311e70-groupManagement] INFO  server.RaftServerConfigKeys (ConfUtils.java:logGet(46)) - raft.server.log.appender.buffer.byte-limit = 8388608 (custom)
2024-03-04 12:58:09,036 [b225d8db-41e6-4bb3-882c-dcd695311e70-groupManagement] INFO  util.AwaitToRun (AwaitToRun.java:start(81)) - Thread[b225d8db-41e6-4bb3-882c-dcd695311e70@group-5AEB6FC1032E-cacheEviction-AwaitToRun,5,main] started
2024-03-04 12:58:09,036 [b225d8db-41e6-4bb3-882c-dcd695311e70-groupManagement] INFO  segmented.SegmentedRaftLogWorker (SegmentedRaftLogWorker.java:<init>(182)) - new b225d8db-41e6-4bb3-882c-dcd695311e70@group-5AEB6FC1032E-SegmentedRaftLogWorker for RaftStorageImpl:Storage Directory /home/runner/work/ozone/ozone/hadoop-ozone/integration-test/target/test-dir/MiniOzoneClusterImpl-d5abb160-17eb-4229-abdc-d3875330a01a/ozone-meta/datanode-3/ratis/3d7b6922-fe2e-4a3c-b3a4-5aeb6fc1032e
2024-03-04 12:58:09,036 [b225d8db-41e6-4bb3-882c-dcd695311e70-groupManagement] INFO  server.RaftServerConfigKeys (ConfUtils.java:logGet(46)) - raft.server.log.queue.byte-limit = 4294967296 (custom)
2024-03-04 12:58:09,036 [b225d8db-41e6-4bb3-882c-dcd695311e70-groupManagement] INFO  server.RaftServerConfigKeys (ConfUtils.java:logGet(46)) - raft.server.log.queue.element-limit = 1024 (custom)
2024-03-04 12:58:09,036 [b225d8db-41e6-4bb3-882c-dcd695311e70-groupManagement] INFO  server.RaftServerConfigKeys (ConfUtils.java:logGet(46)) - raft.server.log.segment.size.max = 67108864 (custom)
2024-03-04 12:58:09,036 [b225d8db-41e6-4bb3-882c-dcd695311e70-groupManagement] INFO  server.RaftServerConfigKeys (ConfUtils.java:logGet(46)) - raft.server.log.preallocated.size = 4194304 (custom)
2024-03-04 12:58:09,036 [b225d8db-41e6-4bb3-882c-dcd695311e70-groupManagement] INFO  server.RaftServerConfigKeys (ConfUtils.java:logGet(46)) - raft.server.log.force.sync.num = 128 (default)
2024-03-04 12:58:09,036 [b225d8db-41e6-4bb3-882c-dcd695311e70-groupManagement] INFO  server.RaftServerConfigKeys (ConfUtils.java:logGet(46)) - raft.server.log.statemachine.data.sync = true (default)
2024-03-04 12:58:09,036 [b225d8db-41e6-4bb3-882c-dcd695311e70-groupManagement] INFO  server.RaftServerConfigKeys (ConfUtils.java:logGet(46)) - raft.server.log.statemachine.data.sync.timeout = 10s (default)
2024-03-04 12:58:09,036 [b225d8db-41e6-4bb3-882c-dcd695311e70-groupManagement] INFO  server.RaftServerConfigKeys (ConfUtils.java:logGet(46)) - raft.server.log.statemachine.data.sync.timeout.retry = 0 (custom)
2024-03-04 12:58:09,037 [b225d8db-41e6-4bb3-882c-dcd695311e70-groupManagement] INFO  server.RaftServerConfigKeys (ConfUtils.java:logGet(46)) - raft.server.log.write.buffer.size = 8388616 (custom)
2024-03-04 12:58:09,038 [b225d8db-41e6-4bb3-882c-dcd695311e70-groupManagement] INFO  server.RaftServerConfigKeys (ConfUtils.java:logGet(46)) - raft.server.log.appender.buffer.byte-limit = 8388608 (custom)
2024-03-04 12:58:09,038 [b225d8db-41e6-4bb3-882c-dcd695311e70-groupManagement] INFO  server.RaftServerConfigKeys (ConfUtils.java:logGet(46)) - raft.server.log.unsafe-flush.enabled = false (default)
2024-03-04 12:58:09,038 [b225d8db-41e6-4bb3-882c-dcd695311e70-groupManagement] INFO  server.RaftServerConfigKeys (ConfUtils.java:logGet(46)) - raft.server.log.async-flush.enabled = false (default)
2024-03-04 12:58:09,038 [b225d8db-41e6-4bb3-882c-dcd695311e70-groupManagement] INFO  server.RaftServerConfigKeys (ConfUtils.java:logGet(46)) - raft.server.log.statemachine.data.caching.enabled = true (custom)
2024-03-04 12:58:09,038 [b225d8db-41e6-4bb3-882c-dcd695311e70-groupManagement] INFO  segmented.SegmentedRaftLogWorker (SegmentedRaftLogWorker.java:lambda$new$0(134)) - b225d8db-41e6-4bb3-882c-dcd695311e70@group-5AEB6FC1032E-SegmentedRaftLogWorker: flushIndex: setUnconditionally 0 -> -1
2024-03-04 12:58:09,038 [b225d8db-41e6-4bb3-882c-dcd695311e70-groupManagement] INFO  segmented.SegmentedRaftLogWorker (SegmentedRaftLogWorker.java:lambda$new$0(134)) - b225d8db-41e6-4bb3-882c-dcd695311e70@group-5AEB6FC1032E-SegmentedRaftLogWorker: safeCacheEvictIndex: setUnconditionally 0 -> -1
2024-03-04 12:58:09,038 [b225d8db-41e6-4bb3-882c-dcd695311e70-groupManagement] INFO  server.RaftServer$Division (RaftServerImpl.java:start(396)) - b225d8db-41e6-4bb3-882c-dcd695311e70@group-5AEB6FC1032E: start as a follower, conf=-1: peers:[b225d8db-41e6-4bb3-882c-dcd695311e70|10.1.0.12:15169, 4d7ce83b-e8ef-4f91-b37b-41ef2f7f2700|10.1.0.12:15151, 097e50fe-38d4-45ee-922f-f03bf1c0f16e|10.1.0.12:15160]|listeners:[], old=null
2024-03-04 12:58:09,039 [b225d8db-41e6-4bb3-882c-dcd695311e70-groupManagement] INFO  server.RaftServer$Division (RaftServerImpl.java:setRole(383)) - b225d8db-41e6-4bb3-882c-dcd695311e70@group-5AEB6FC1032E: changes role from      null to FOLLOWER at term 0 for startAsFollower
2024-03-04 12:58:09,039 [b225d8db-41e6-4bb3-882c-dcd695311e70-groupManagement] INFO  impl.RoleInfo (RoleInfo.java:updateAndGet(139)) - b225d8db-41e6-4bb3-882c-dcd695311e70: start b225d8db-41e6-4bb3-882c-dcd695311e70@group-5AEB6FC1032E-FollowerState
2024-03-04 12:58:09,039 [b225d8db-41e6-4bb3-882c-dcd695311e70@group-5AEB6FC1032E-FollowerState] INFO  server.RaftServerConfigKeys (ConfUtils.java:logFallback(53)) - raft.server.rpc.first-election.timeout.min = 5s (fallback to raft.server.rpc.timeout.min)
2024-03-04 12:58:09,039 [b225d8db-41e6-4bb3-882c-dcd695311e70-groupManagement] INFO  util.JmxRegister (JmxRegister.java:tryRegister(44)) - Successfully registered JMX Bean with object name Ratis:service=RaftServer,group=group-5AEB6FC1032E,id=b225d8db-41e6-4bb3-882c-dcd695311e70
2024-03-04 12:58:09,039 [b225d8db-41e6-4bb3-882c-dcd695311e70@group-5AEB6FC1032E-FollowerState] INFO  server.RaftServerConfigKeys (ConfUtils.java:logFallback(53)) - raft.server.rpc.first-election.timeout.max = 5200ms (fallback to raft.server.rpc.timeout.max)
2024-03-04 12:58:09,039 [b225d8db-41e6-4bb3-882c-dcd695311e70-groupManagement] INFO  server.RaftServerConfigKeys (ConfUtils.java:logGet(46)) - raft.server.snapshot.trigger-when-stop.enabled = true (default)
2024-03-04 12:58:09,039 [b225d8db-41e6-4bb3-882c-dcd695311e70-groupManagement] INFO  server.RaftServerConfigKeys (ConfUtils.java:logGet(46)) - raft.server.snapshot.auto.trigger.enabled = true (custom)
2024-03-04 12:58:09,039 [b225d8db-41e6-4bb3-882c-dcd695311e70-groupManagement] INFO  server.RaftServerConfigKeys (ConfUtils.java:logGet(46)) - raft.server.snapshot.auto.trigger.threshold = 10000 (custom)
2024-03-04 12:58:09,039 [b225d8db-41e6-4bb3-882c-dcd695311e70-groupManagement] INFO  server.RaftServerConfigKeys (ConfUtils.java:logGet(46)) - raft.server.snapshot.retention.file.num = 5 (custom)
2024-03-04 12:58:09,039 [b225d8db-41e6-4bb3-882c-dcd695311e70-groupManagement] INFO  server.RaftServerConfigKeys (ConfUtils.java:logGet(46)) - raft.server.log.purge.upto.snapshot.index = false (default)
2024-03-04 12:58:09,047 [grpc-default-executor-4] INFO  server.RaftServer (RaftServerProxy.java:addNew(100)) - 097e50fe-38d4-45ee-922f-f03bf1c0f16e: addNew group-5AEB6FC1032E:[b225d8db-41e6-4bb3-882c-dcd695311e70|10.1.0.12:15169, 4d7ce83b-e8ef-4f91-b37b-41ef2f7f2700|10.1.0.12:15151, 097e50fe-38d4-45ee-922f-f03bf1c0f16e|10.1.0.12:15160] returns group-5AEB6FC1032E:java.util.concurrent.CompletableFuture@215056dd[Not completed]
2024-03-04 12:58:09,050 [097e50fe-38d4-45ee-922f-f03bf1c0f16e-groupManagement] INFO  server.RaftServer$Division (RaftServerImpl.java:<init>(256)) - 097e50fe-38d4-45ee-922f-f03bf1c0f16e: new RaftServerImpl for group-5AEB6FC1032E:[b225d8db-41e6-4bb3-882c-dcd695311e70|10.1.0.12:15169, 4d7ce83b-e8ef-4f91-b37b-41ef2f7f2700|10.1.0.12:15151, 097e50fe-38d4-45ee-922f-f03bf1c0f16e|10.1.0.12:15160] with ContainerStateMachine:uninitialized
2024-03-04 12:58:09,050 [097e50fe-38d4-45ee-922f-f03bf1c0f16e-groupManagement] INFO  server.RaftServerConfigKeys (ConfUtils.java:logGet(46)) - raft.server.rpc.timeout.min = 5s (custom)
2024-03-04 12:58:09,050 [097e50fe-38d4-45ee-922f-f03bf1c0f16e-groupManagement] INFO  server.RaftServerConfigKeys (ConfUtils.java:logGet(46)) - raft.server.rpc.timeout.max = 5200ms (custom)
2024-03-04 12:58:09,050 [097e50fe-38d4-45ee-922f-f03bf1c0f16e-groupManagement] INFO  server.RaftServerConfigKeys (ConfUtils.java:logGet(46)) - raft.server.rpc.sleep.time = 25ms (default)
2024-03-04 12:58:09,050 [097e50fe-38d4-45ee-922f-f03bf1c0f16e-groupManagement] INFO  server.RaftServerConfigKeys (ConfUtils.java:logGet(46)) - raft.server.rpc.slowness.timeout = 300s (custom)
2024-03-04 12:58:09,050 [097e50fe-38d4-45ee-922f-f03bf1c0f16e-groupManagement] INFO  server.RaftServerConfigKeys (ConfUtils.java:logGet(46)) - raft.server.leaderelection.leader.step-down.wait-time = 10s (default)
2024-03-04 12:58:09,050 [097e50fe-38d4-45ee-922f-f03bf1c0f16e-groupManagement] INFO  server.RaftServerConfigKeys (ConfUtils.java:logGet(46)) - raft.server.leaderelection.member.majority-add = false (default)
2024-03-04 12:58:09,051 [097e50fe-38d4-45ee-922f-f03bf1c0f16e-groupManagement] INFO  server.RaftServerConfigKeys (ConfUtils.java:logGet(46)) - raft.server.sleep.deviation.threshold = 300ms (default)
2024-03-04 12:58:09,051 [097e50fe-38d4-45ee-922f-f03bf1c0f16e-groupManagement] INFO  server.RaftServer$Division (ServerState.java:<init>(113)) - 097e50fe-38d4-45ee-922f-f03bf1c0f16e@group-5AEB6FC1032E: ConfigurationManager, init=-1: peers:[b225d8db-41e6-4bb3-882c-dcd695311e70|10.1.0.12:15169, 4d7ce83b-e8ef-4f91-b37b-41ef2f7f2700|10.1.0.12:15151, 097e50fe-38d4-45ee-922f-f03bf1c0f16e|10.1.0.12:15160]|listeners:[], old=null, confs=<EMPTY_MAP>
2024-03-04 12:58:09,051 [097e50fe-38d4-45ee-922f-f03bf1c0f16e-groupManagement] INFO  server.RaftServerConfigKeys (ConfUtils.java:logGet(46)) - raft.server.notification.no-leader.timeout = 300s (custom)
2024-03-04 12:58:09,051 [097e50fe-38d4-45ee-922f-f03bf1c0f16e-groupManagement] INFO  server.RaftServerConfigKeys (ConfUtils.java:logGet(46)) - raft.server.read.timeout = 10s (default)
2024-03-04 12:58:09,051 [097e50fe-38d4-45ee-922f-f03bf1c0f16e-groupManagement] INFO  server.RaftServerConfigKeys (ConfUtils.java:logGet(46)) - raft.server.retrycache.expirytime = 600000ms (custom)
2024-03-04 12:58:09,051 [097e50fe-38d4-45ee-922f-f03bf1c0f16e-groupManagement] INFO  server.RaftServerConfigKeys (ConfUtils.java:logGet(46)) - raft.server.retrycache.statistics.expirytime = 100ms (default)
2024-03-04 12:58:09,051 [097e50fe-38d4-45ee-922f-f03bf1c0f16e-groupManagement] INFO  server.RaftServerConfigKeys (ConfUtils.java:logGet(46)) - raft.server.read.option = DEFAULT (default)
2024-03-04 12:58:09,051 [097e50fe-38d4-45ee-922f-f03bf1c0f16e-groupManagement] INFO  server.RaftServerConfigKeys (ConfUtils.java:logGet(46)) - raft.server.read.read-after-write-consistent.write-index-cache.expiry-time = 60s (default)
2024-03-04 12:58:09,053 [097e50fe-38d4-45ee-922f-f03bf1c0f16e-groupManagement] INFO  server.RaftServerConfigKeys (ConfUtils.java:logGet(46)) - raft.server.rpc.request.timeout = 60s (custom)
2024-03-04 12:58:09,053 [097e50fe-38d4-45ee-922f-f03bf1c0f16e-groupManagement] INFO  server.RaftServerConfigKeys (ConfUtils.java:logGet(46)) - raft.server.log.appender.install.snapshot.enabled = false (custom)
2024-03-04 12:58:09,053 [097e50fe-38d4-45ee-922f-f03bf1c0f16e-groupManagement] INFO  server.RaftServerConfigKeys (ConfUtils.java:logGet(46)) - raft.server.threadpool.server.cached = true (default)
2024-03-04 12:58:09,053 [097e50fe-38d4-45ee-922f-f03bf1c0f16e-groupManagement] INFO  server.RaftServerConfigKeys (ConfUtils.java:logGet(46)) - raft.server.threadpool.server.size = 0 (default)
2024-03-04 12:58:09,053 [097e50fe-38d4-45ee-922f-f03bf1c0f16e-groupManagement] INFO  server.RaftServerConfigKeys (ConfUtils.java:logGet(46)) - raft.server.threadpool.client.cached = true (default)
2024-03-04 12:58:09,053 [097e50fe-38d4-45ee-922f-f03bf1c0f16e-groupManagement] INFO  server.RaftServerConfigKeys (ConfUtils.java:logGet(46)) - raft.server.threadpool.client.size = 0 (default)
2024-03-04 12:58:09,053 [097e50fe-38d4-45ee-922f-f03bf1c0f16e-groupManagement] INFO  server.RaftServerConfigKeys (ConfUtils.java:logGet(46)) - raft.server.storage.free-space.min = 0MB (=0) (default)
2024-03-04 12:58:09,053 [097e50fe-38d4-45ee-922f-f03bf1c0f16e-groupManagement] INFO  server.RaftServerConfigKeys (ConfUtils.java:logGet(46)) - raft.server.log.corruption.policy = EXCEPTION (default)
2024-03-04 12:58:09,054 [097e50fe-38d4-45ee-922f-f03bf1c0f16e-groupManagement] INFO  server.RaftServerConfigKeys (ConfUtils.java:logGet(46)) - raft.server.storage.dir = [/home/runner/work/ozone/ozone/hadoop-ozone/integration-test/target/test-dir/MiniOzoneClusterImpl-d5abb160-17eb-4229-abdc-d3875330a01a/ozone-meta/datanode-2/ratis] (custom)
2024-03-04 12:58:09,054 [097e50fe-38d4-45ee-922f-f03bf1c0f16e-groupManagement] INFO  storage.RaftStorageDirectory (RaftStorageDirectoryImpl.java:analyzeStorage(138)) - The storage directory /home/runner/work/ozone/ozone/hadoop-ozone/integration-test/target/test-dir/MiniOzoneClusterImpl-d5abb160-17eb-4229-abdc-d3875330a01a/ozone-meta/datanode-2/ratis/3d7b6922-fe2e-4a3c-b3a4-5aeb6fc1032e does not exist. Creating ...
2024-03-04 12:58:09,055 [097e50fe-38d4-45ee-922f-f03bf1c0f16e-groupManagement] INFO  storage.RaftStorageDirectory (RaftStorageDirectoryImpl.java:tryLock(228)) - Lock on /home/runner/work/ozone/ozone/hadoop-ozone/integration-test/target/test-dir/MiniOzoneClusterImpl-d5abb160-17eb-4229-abdc-d3875330a01a/ozone-meta/datanode-2/ratis/3d7b6922-fe2e-4a3c-b3a4-5aeb6fc1032e/in_use.lock acquired by nodename 41993@fv-az571-795
2024-03-04 12:58:09,056 [097e50fe-38d4-45ee-922f-f03bf1c0f16e-groupManagement] INFO  storage.RaftStorage (RaftStorageImpl.java:format(99)) - Storage directory /home/runner/work/ozone/ozone/hadoop-ozone/integration-test/target/test-dir/MiniOzoneClusterImpl-d5abb160-17eb-4229-abdc-d3875330a01a/ozone-meta/datanode-2/ratis/3d7b6922-fe2e-4a3c-b3a4-5aeb6fc1032e has been successfully formatted.
2024-03-04 12:58:09,056 [097e50fe-38d4-45ee-922f-f03bf1c0f16e-groupManagement] WARN  util.FileUtils (LogUtils.java:supplyAndLog(63)) - Failed to Files.newInputStream /home/runner/work/ozone/ozone/hadoop-ozone/integration-test/target/test-dir/MiniOzoneClusterImpl-d5abb160-17eb-4229-abdc-d3875330a01a/ozone-meta/datanode-2/ratis/3d7b6922-fe2e-4a3c-b3a4-5aeb6fc1032e/current/raft-meta.conf with options []: java.nio.file.NoSuchFileException: /home/runner/work/ozone/ozone/hadoop-ozone/integration-test/target/test-dir/MiniOzoneClusterImpl-d5abb160-17eb-4229-abdc-d3875330a01a/ozone-meta/datanode-2/ratis/3d7b6922-fe2e-4a3c-b3a4-5aeb6fc1032e/current/raft-meta.conf
2024-03-04 12:58:09,057 [097e50fe-38d4-45ee-922f-f03bf1c0f16e-groupManagement] INFO  ratis.ContainerStateMachine (ContainerStateMachine.java:loadSnapshot(287)) - group-5AEB6FC1032E: The snapshot info is null. Setting the last applied index to:(t:0, i:~)
2024-03-04 12:58:09,057 [097e50fe-38d4-45ee-922f-f03bf1c0f16e-groupManagement] INFO  server.RaftServerConfigKeys (ConfUtils.java:logGet(46)) - raft.server.log.use.memory = false (default)
2024-03-04 12:58:09,057 [097e50fe-38d4-45ee-922f-f03bf1c0f16e-groupManagement] INFO  server.RaftServerConfigKeys (ConfUtils.java:logGet(46)) - raft.server.log.purge.gap = 1000000 (custom)
2024-03-04 12:58:09,057 [097e50fe-38d4-45ee-922f-f03bf1c0f16e-groupManagement] INFO  server.RaftServerConfigKeys (ConfUtils.java:logGet(46)) - raft.server.log.appender.buffer.byte-limit = 8388608 (custom)
2024-03-04 12:58:09,057 [097e50fe-38d4-45ee-922f-f03bf1c0f16e-groupManagement] INFO  server.RaftServerConfigKeys (ConfUtils.java:logGet(46)) - raft.server.log.statemachine.data.read.timeout = 1000ms (default)
2024-03-04 12:58:09,057 [097e50fe-38d4-45ee-922f-f03bf1c0f16e-groupManagement] INFO  server.RaftServerConfigKeys (ConfUtils.java:logGet(46)) - raft.server.log.purge.preservation.log.num = 0 (default)
2024-03-04 12:58:09,058 [097e50fe-38d4-45ee-922f-f03bf1c0f16e-groupManagement] INFO  server.RaftServerConfigKeys (ConfUtils.java:logGet(46)) - raft.server.log.segment.size.max = 67108864 (custom)
2024-03-04 12:58:09,059 [097e50fe-38d4-45ee-922f-f03bf1c0f16e-groupManagement] INFO  server.RaftServerConfigKeys (ConfUtils.java:logGet(46)) - raft.server.log.segment.cache.num.max = 2 (custom)
2024-03-04 12:58:09,059 [097e50fe-38d4-45ee-922f-f03bf1c0f16e-groupManagement] INFO  server.RaftServerConfigKeys (ConfUtils.java:logGet(46)) - raft.server.log.segment.cache.size.max = 200MB (=209715200) (default)
2024-03-04 12:58:09,059 [097e50fe-38d4-45ee-922f-f03bf1c0f16e-groupManagement] INFO  server.RaftServerConfigKeys (ConfUtils.java:logGet(46)) - raft.server.log.appender.buffer.byte-limit = 8388608 (custom)
2024-03-04 12:58:09,059 [097e50fe-38d4-45ee-922f-f03bf1c0f16e-groupManagement] INFO  util.AwaitToRun (AwaitToRun.java:start(81)) - Thread[097e50fe-38d4-45ee-922f-f03bf1c0f16e@group-5AEB6FC1032E-cacheEviction-AwaitToRun,5,main] started
2024-03-04 12:58:09,059 [097e50fe-38d4-45ee-922f-f03bf1c0f16e-groupManagement] INFO  segmented.SegmentedRaftLogWorker (SegmentedRaftLogWorker.java:<init>(182)) - new 097e50fe-38d4-45ee-922f-f03bf1c0f16e@group-5AEB6FC1032E-SegmentedRaftLogWorker for RaftStorageImpl:Storage Directory /home/runner/work/ozone/ozone/hadoop-ozone/integration-test/target/test-dir/MiniOzoneClusterImpl-d5abb160-17eb-4229-abdc-d3875330a01a/ozone-meta/datanode-2/ratis/3d7b6922-fe2e-4a3c-b3a4-5aeb6fc1032e
2024-03-04 12:58:09,059 [097e50fe-38d4-45ee-922f-f03bf1c0f16e-groupManagement] INFO  server.RaftServerConfigKeys (ConfUtils.java:logGet(46)) - raft.server.log.queue.byte-limit = 4294967296 (custom)
2024-03-04 12:58:09,059 [097e50fe-38d4-45ee-922f-f03bf1c0f16e-groupManagement] INFO  server.RaftServerConfigKeys (ConfUtils.java:logGet(46)) - raft.server.log.queue.element-limit = 1024 (custom)
2024-03-04 12:58:09,059 [097e50fe-38d4-45ee-922f-f03bf1c0f16e-groupManagement] INFO  server.RaftServerConfigKeys (ConfUtils.java:logGet(46)) - raft.server.log.segment.size.max = 67108864 (custom)
2024-03-04 12:58:09,059 [097e50fe-38d4-45ee-922f-f03bf1c0f16e-groupManagement] INFO  server.RaftServerConfigKeys (ConfUtils.java:logGet(46)) - raft.server.log.preallocated.size = 4194304 (custom)
2024-03-04 12:58:09,060 [097e50fe-38d4-45ee-922f-f03bf1c0f16e-groupManagement] INFO  server.RaftServerConfigKeys (ConfUtils.java:logGet(46)) - raft.server.log.force.sync.num = 128 (default)
2024-03-04 12:58:09,060 [097e50fe-38d4-45ee-922f-f03bf1c0f16e-groupManagement] INFO  server.RaftServerConfigKeys (ConfUtils.java:logGet(46)) - raft.server.log.statemachine.data.sync = true (default)
2024-03-04 12:58:09,060 [097e50fe-38d4-45ee-922f-f03bf1c0f16e-groupManagement] INFO  server.RaftServerConfigKeys (ConfUtils.java:logGet(46)) - raft.server.log.statemachine.data.sync.timeout = 10s (default)
2024-03-04 12:58:09,060 [097e50fe-38d4-45ee-922f-f03bf1c0f16e-groupManagement] INFO  server.RaftServerConfigKeys (ConfUtils.java:logGet(46)) - raft.server.log.statemachine.data.sync.timeout.retry = 0 (custom)
2024-03-04 12:58:09,060 [097e50fe-38d4-45ee-922f-f03bf1c0f16e-groupManagement] INFO  server.RaftServerConfigKeys (ConfUtils.java:logGet(46)) - raft.server.log.write.buffer.size = 8388616 (custom)
2024-03-04 12:58:09,062 [097e50fe-38d4-45ee-922f-f03bf1c0f16e-groupManagement] INFO  server.RaftServerConfigKeys (ConfUtils.java:logGet(46)) - raft.server.log.appender.buffer.byte-limit = 8388608 (custom)
2024-03-04 12:58:09,062 [097e50fe-38d4-45ee-922f-f03bf1c0f16e-groupManagement] INFO  server.RaftServerConfigKeys (ConfUtils.java:logGet(46)) - raft.server.log.unsafe-flush.enabled = false (default)
2024-03-04 12:58:09,062 [097e50fe-38d4-45ee-922f-f03bf1c0f16e-groupManagement] INFO  server.RaftServerConfigKeys (ConfUtils.java:logGet(46)) - raft.server.log.async-flush.enabled = false (default)
2024-03-04 12:58:09,062 [097e50fe-38d4-45ee-922f-f03bf1c0f16e-groupManagement] INFO  server.RaftServerConfigKeys (ConfUtils.java:logGet(46)) - raft.server.log.statemachine.data.caching.enabled = true (custom)
2024-03-04 12:58:09,062 [097e50fe-38d4-45ee-922f-f03bf1c0f16e-groupManagement] INFO  segmented.SegmentedRaftLogWorker (SegmentedRaftLogWorker.java:lambda$new$0(134)) - 097e50fe-38d4-45ee-922f-f03bf1c0f16e@group-5AEB6FC1032E-SegmentedRaftLogWorker: flushIndex: setUnconditionally 0 -> -1
2024-03-04 12:58:09,062 [097e50fe-38d4-45ee-922f-f03bf1c0f16e-groupManagement] INFO  segmented.SegmentedRaftLogWorker (SegmentedRaftLogWorker.java:lambda$new$0(134)) - 097e50fe-38d4-45ee-922f-f03bf1c0f16e@group-5AEB6FC1032E-SegmentedRaftLogWorker: safeCacheEvictIndex: setUnconditionally 0 -> -1
2024-03-04 12:58:09,063 [097e50fe-38d4-45ee-922f-f03bf1c0f16e-groupManagement] INFO  server.RaftServer$Division (RaftServerImpl.java:start(396)) - 097e50fe-38d4-45ee-922f-f03bf1c0f16e@group-5AEB6FC1032E: start as a follower, conf=-1: peers:[b225d8db-41e6-4bb3-882c-dcd695311e70|10.1.0.12:15169, 4d7ce83b-e8ef-4f91-b37b-41ef2f7f2700|10.1.0.12:15151, 097e50fe-38d4-45ee-922f-f03bf1c0f16e|10.1.0.12:15160]|listeners:[], old=null
2024-03-04 12:58:09,063 [097e50fe-38d4-45ee-922f-f03bf1c0f16e-groupManagement] INFO  server.RaftServer$Division (RaftServerImpl.java:setRole(383)) - 097e50fe-38d4-45ee-922f-f03bf1c0f16e@group-5AEB6FC1032E: changes role from      null to FOLLOWER at term 0 for startAsFollower
2024-03-04 12:58:09,063 [097e50fe-38d4-45ee-922f-f03bf1c0f16e-groupManagement] INFO  impl.RoleInfo (RoleInfo.java:updateAndGet(139)) - 097e50fe-38d4-45ee-922f-f03bf1c0f16e: start 097e50fe-38d4-45ee-922f-f03bf1c0f16e@group-5AEB6FC1032E-FollowerState
2024-03-04 12:58:09,063 [097e50fe-38d4-45ee-922f-f03bf1c0f16e@group-5AEB6FC1032E-FollowerState] INFO  server.RaftServerConfigKeys (ConfUtils.java:logFallback(53)) - raft.server.rpc.first-election.timeout.min = 5s (fallback to raft.server.rpc.timeout.min)
2024-03-04 12:58:09,063 [097e50fe-38d4-45ee-922f-f03bf1c0f16e@group-5AEB6FC1032E-FollowerState] INFO  server.RaftServerConfigKeys (ConfUtils.java:logFallback(53)) - raft.server.rpc.first-election.timeout.max = 5200ms (fallback to raft.server.rpc.timeout.max)
2024-03-04 12:58:09,063 [097e50fe-38d4-45ee-922f-f03bf1c0f16e-groupManagement] INFO  util.JmxRegister (JmxRegister.java:tryRegister(44)) - Successfully registered JMX Bean with object name Ratis:service=RaftServer,group=group-5AEB6FC1032E,id=097e50fe-38d4-45ee-922f-f03bf1c0f16e
2024-03-04 12:58:09,063 [097e50fe-38d4-45ee-922f-f03bf1c0f16e-groupManagement] INFO  server.RaftServerConfigKeys (ConfUtils.java:logGet(46)) - raft.server.snapshot.trigger-when-stop.enabled = true (default)
2024-03-04 12:58:09,063 [097e50fe-38d4-45ee-922f-f03bf1c0f16e-groupManagement] INFO  server.RaftServerConfigKeys (ConfUtils.java:logGet(46)) - raft.server.snapshot.auto.trigger.enabled = true (custom)
2024-03-04 12:58:09,064 [097e50fe-38d4-45ee-922f-f03bf1c0f16e-groupManagement] INFO  server.RaftServerConfigKeys (ConfUtils.java:logGet(46)) - raft.server.snapshot.auto.trigger.threshold = 10000 (custom)
2024-03-04 12:58:09,064 [097e50fe-38d4-45ee-922f-f03bf1c0f16e-groupManagement] INFO  server.RaftServerConfigKeys (ConfUtils.java:logGet(46)) - raft.server.snapshot.retention.file.num = 5 (custom)
2024-03-04 12:58:09,064 [097e50fe-38d4-45ee-922f-f03bf1c0f16e-groupManagement] INFO  server.RaftServerConfigKeys (ConfUtils.java:logGet(46)) - raft.server.log.purge.upto.snapshot.index = false (default)
2024-03-04 12:58:09,067 [4d7ce83b-e8ef-4f91-b37b-41ef2f7f2700-PipelineCommandHandlerThread-0] INFO  commandhandler.CreatePipelineCommandHandler (CreatePipelineCommandHandler.java:lambda$handle$2(124)) - Created Pipeline RATIS THREE PipelineID=3d7b6922-fe2e-4a3c-b3a4-5aeb6fc1032e.
2024-03-04 12:58:09,067 [4d7ce83b-e8ef-4f91-b37b-41ef2f7f2700-PipelineCommandHandlerThread-0] INFO  server.RaftServer (RaftServerProxy.java:addNew(100)) - 4d7ce83b-e8ef-4f91-b37b-41ef2f7f2700: addNew group-36F9B8E795A6:[b225d8db-41e6-4bb3-882c-dcd695311e70|10.1.0.12:15169, 4d7ce83b-e8ef-4f91-b37b-41ef2f7f2700|10.1.0.12:15151, 097e50fe-38d4-45ee-922f-f03bf1c0f16e|10.1.0.12:15160] returns group-36F9B8E795A6:java.util.concurrent.CompletableFuture@44b50360[Not completed]
2024-03-04 12:58:09,067 [4d7ce83b-e8ef-4f91-b37b-41ef2f7f2700-groupManagement] INFO  server.RaftServer$Division (RaftServerImpl.java:<init>(256)) - 4d7ce83b-e8ef-4f91-b37b-41ef2f7f2700: new RaftServerImpl for group-36F9B8E795A6:[b225d8db-41e6-4bb3-882c-dcd695311e70|10.1.0.12:15169, 4d7ce83b-e8ef-4f91-b37b-41ef2f7f2700|10.1.0.12:15151, 097e50fe-38d4-45ee-922f-f03bf1c0f16e|10.1.0.12:15160] with ContainerStateMachine:uninitialized
2024-03-04 12:58:09,067 [4d7ce83b-e8ef-4f91-b37b-41ef2f7f2700-groupManagement] INFO  server.RaftServerConfigKeys (ConfUtils.java:logGet(46)) - raft.server.rpc.timeout.min = 5s (custom)
2024-03-04 12:58:09,067 [4d7ce83b-e8ef-4f91-b37b-41ef2f7f2700-groupManagement] INFO  server.RaftServerConfigKeys (ConfUtils.java:logGet(46)) - raft.server.rpc.timeout.max = 5200ms (custom)
2024-03-04 12:58:09,067 [4d7ce83b-e8ef-4f91-b37b-41ef2f7f2700-groupManagement] INFO  server.RaftServerConfigKeys (ConfUtils.java:logGet(46)) - raft.server.rpc.sleep.time = 25ms (default)
2024-03-04 12:58:09,068 [4d7ce83b-e8ef-4f91-b37b-41ef2f7f2700-groupManagement] INFO  server.RaftServerConfigKeys (ConfUtils.java:logGet(46)) - raft.server.rpc.slowness.timeout = 300s (custom)
2024-03-04 12:58:09,068 [4d7ce83b-e8ef-4f91-b37b-41ef2f7f2700-groupManagement] INFO  server.RaftServerConfigKeys (ConfUtils.java:logGet(46)) - raft.server.leaderelection.leader.step-down.wait-time = 10s (default)
2024-03-04 12:58:09,068 [4d7ce83b-e8ef-4f91-b37b-41ef2f7f2700-groupManagement] INFO  server.RaftServerConfigKeys (ConfUtils.java:logGet(46)) - raft.server.leaderelection.member.majority-add = false (default)
2024-03-04 12:58:09,068 [4d7ce83b-e8ef-4f91-b37b-41ef2f7f2700-groupManagement] INFO  server.RaftServerConfigKeys (ConfUtils.java:logGet(46)) - raft.server.sleep.deviation.threshold = 300ms (default)
2024-03-04 12:58:09,068 [4d7ce83b-e8ef-4f91-b37b-41ef2f7f2700-groupManagement] INFO  server.RaftServer$Division (ServerState.java:<init>(113)) - 4d7ce83b-e8ef-4f91-b37b-41ef2f7f2700@group-36F9B8E795A6: ConfigurationManager, init=-1: peers:[b225d8db-41e6-4bb3-882c-dcd695311e70|10.1.0.12:15169, 4d7ce83b-e8ef-4f91-b37b-41ef2f7f2700|10.1.0.12:15151, 097e50fe-38d4-45ee-922f-f03bf1c0f16e|10.1.0.12:15160]|listeners:[], old=null, confs=<EMPTY_MAP>
2024-03-04 12:58:09,068 [4d7ce83b-e8ef-4f91-b37b-41ef2f7f2700-groupManagement] INFO  server.RaftServerConfigKeys (ConfUtils.java:logGet(46)) - raft.server.notification.no-leader.timeout = 300s (custom)
2024-03-04 12:58:09,068 [4d7ce83b-e8ef-4f91-b37b-41ef2f7f2700-groupManagement] INFO  server.RaftServerConfigKeys (ConfUtils.java:logGet(46)) - raft.server.read.timeout = 10s (default)
2024-03-04 12:58:09,068 [4d7ce83b-e8ef-4f91-b37b-41ef2f7f2700-groupManagement] INFO  server.RaftServerConfigKeys (ConfUtils.java:logGet(46)) - raft.server.retrycache.expirytime = 600000ms (custom)
2024-03-04 12:58:09,068 [4d7ce83b-e8ef-4f91-b37b-41ef2f7f2700-groupManagement] INFO  server.RaftServerConfigKeys (ConfUtils.java:logGet(46)) - raft.server.retrycache.statistics.expirytime = 100ms (default)
2024-03-04 12:58:09,068 [4d7ce83b-e8ef-4f91-b37b-41ef2f7f2700-groupManagement] INFO  server.RaftServerConfigKeys (ConfUtils.java:logGet(46)) - raft.server.read.option = DEFAULT (default)
2024-03-04 12:58:09,068 [4d7ce83b-e8ef-4f91-b37b-41ef2f7f2700-groupManagement] INFO  server.RaftServerConfigKeys (ConfUtils.java:logGet(46)) - raft.server.read.read-after-write-consistent.write-index-cache.expiry-time = 60s (default)
2024-03-04 12:58:09,069 [4d7ce83b-e8ef-4f91-b37b-41ef2f7f2700-groupManagement] INFO  server.RaftServerConfigKeys (ConfUtils.java:logGet(46)) - raft.server.rpc.request.timeout = 60s (custom)
2024-03-04 12:58:09,069 [4d7ce83b-e8ef-4f91-b37b-41ef2f7f2700-groupManagement] INFO  server.RaftServerConfigKeys (ConfUtils.java:logGet(46)) - raft.server.log.appender.install.snapshot.enabled = false (custom)
2024-03-04 12:58:09,069 [4d7ce83b-e8ef-4f91-b37b-41ef2f7f2700-groupManagement] INFO  server.RaftServerConfigKeys (ConfUtils.java:logGet(46)) - raft.server.threadpool.server.cached = true (default)
2024-03-04 12:58:09,069 [4d7ce83b-e8ef-4f91-b37b-41ef2f7f2700-groupManagement] INFO  server.RaftServerConfigKeys (ConfUtils.java:logGet(46)) - raft.server.threadpool.server.size = 0 (default)
2024-03-04 12:58:09,069 [4d7ce83b-e8ef-4f91-b37b-41ef2f7f2700-groupManagement] INFO  server.RaftServerConfigKeys (ConfUtils.java:logGet(46)) - raft.server.threadpool.client.cached = true (default)
2024-03-04 12:58:09,069 [4d7ce83b-e8ef-4f91-b37b-41ef2f7f2700-groupManagement] INFO  server.RaftServerConfigKeys (ConfUtils.java:logGet(46)) - raft.server.threadpool.client.size = 0 (default)
2024-03-04 12:58:09,069 [4d7ce83b-e8ef-4f91-b37b-41ef2f7f2700-groupManagement] INFO  server.RaftServerConfigKeys (ConfUtils.java:logGet(46)) - raft.server.storage.free-space.min = 0MB (=0) (default)
2024-03-04 12:58:09,069 [4d7ce83b-e8ef-4f91-b37b-41ef2f7f2700-groupManagement] INFO  server.RaftServerConfigKeys (ConfUtils.java:logGet(46)) - raft.server.log.corruption.policy = EXCEPTION (default)
2024-03-04 12:58:09,069 [4d7ce83b-e8ef-4f91-b37b-41ef2f7f2700-groupManagement] INFO  server.RaftServerConfigKeys (ConfUtils.java:logGet(46)) - raft.server.storage.dir = [/home/runner/work/ozone/ozone/hadoop-ozone/integration-test/target/test-dir/MiniOzoneClusterImpl-d5abb160-17eb-4229-abdc-d3875330a01a/ozone-meta/datanode-1/ratis] (custom)
2024-03-04 12:58:09,070 [4d7ce83b-e8ef-4f91-b37b-41ef2f7f2700-groupManagement] INFO  storage.RaftStorageDirectory (RaftStorageDirectoryImpl.java:analyzeStorage(138)) - The storage directory /home/runner/work/ozone/ozone/hadoop-ozone/integration-test/target/test-dir/MiniOzoneClusterImpl-d5abb160-17eb-4229-abdc-d3875330a01a/ozone-meta/datanode-1/ratis/c65886fe-ff10-4a39-8ead-36f9b8e795a6 does not exist. Creating ...
2024-03-04 12:58:09,070 [4d7ce83b-e8ef-4f91-b37b-41ef2f7f2700-groupManagement] INFO  storage.RaftStorageDirectory (RaftStorageDirectoryImpl.java:tryLock(228)) - Lock on /home/runner/work/ozone/ozone/hadoop-ozone/integration-test/target/test-dir/MiniOzoneClusterImpl-d5abb160-17eb-4229-abdc-d3875330a01a/ozone-meta/datanode-1/ratis/c65886fe-ff10-4a39-8ead-36f9b8e795a6/in_use.lock acquired by nodename 41993@fv-az571-795
2024-03-04 12:58:09,071 [4d7ce83b-e8ef-4f91-b37b-41ef2f7f2700-groupManagement] INFO  storage.RaftStorage (RaftStorageImpl.java:format(99)) - Storage directory /home/runner/work/ozone/ozone/hadoop-ozone/integration-test/target/test-dir/MiniOzoneClusterImpl-d5abb160-17eb-4229-abdc-d3875330a01a/ozone-meta/datanode-1/ratis/c65886fe-ff10-4a39-8ead-36f9b8e795a6 has been successfully formatted.
2024-03-04 12:58:09,071 [4d7ce83b-e8ef-4f91-b37b-41ef2f7f2700-groupManagement] WARN  util.FileUtils (LogUtils.java:supplyAndLog(63)) - Failed to Files.newInputStream /home/runner/work/ozone/ozone/hadoop-ozone/integration-test/target/test-dir/MiniOzoneClusterImpl-d5abb160-17eb-4229-abdc-d3875330a01a/ozone-meta/datanode-1/ratis/c65886fe-ff10-4a39-8ead-36f9b8e795a6/current/raft-meta.conf with options []: java.nio.file.NoSuchFileException: /home/runner/work/ozone/ozone/hadoop-ozone/integration-test/target/test-dir/MiniOzoneClusterImpl-d5abb160-17eb-4229-abdc-d3875330a01a/ozone-meta/datanode-1/ratis/c65886fe-ff10-4a39-8ead-36f9b8e795a6/current/raft-meta.conf
2024-03-04 12:58:09,071 [4d7ce83b-e8ef-4f91-b37b-41ef2f7f2700-groupManagement] INFO  ratis.ContainerStateMachine (ContainerStateMachine.java:loadSnapshot(287)) - group-36F9B8E795A6: The snapshot info is null. Setting the last applied index to:(t:0, i:~)
2024-03-04 12:58:09,072 [4d7ce83b-e8ef-4f91-b37b-41ef2f7f2700-groupManagement] INFO  server.RaftServerConfigKeys (ConfUtils.java:logGet(46)) - raft.server.log.use.memory = false (default)
2024-03-04 12:58:09,072 [4d7ce83b-e8ef-4f91-b37b-41ef2f7f2700-groupManagement] INFO  server.RaftServerConfigKeys (ConfUtils.java:logGet(46)) - raft.server.log.purge.gap = 1000000 (custom)
2024-03-04 12:58:09,072 [4d7ce83b-e8ef-4f91-b37b-41ef2f7f2700-groupManagement] INFO  server.RaftServerConfigKeys (ConfUtils.java:logGet(46)) - raft.server.log.appender.buffer.byte-limit = 8388608 (custom)
2024-03-04 12:58:09,072 [4d7ce83b-e8ef-4f91-b37b-41ef2f7f2700-groupManagement] INFO  server.RaftServerConfigKeys (ConfUtils.java:logGet(46)) - raft.server.log.statemachine.data.read.timeout = 1000ms (default)
2024-03-04 12:58:09,072 [4d7ce83b-e8ef-4f91-b37b-41ef2f7f2700-groupManagement] INFO  server.RaftServerConfigKeys (ConfUtils.java:logGet(46)) - raft.server.log.purge.preservation.log.num = 0 (default)
2024-03-04 12:58:09,075 [4d7ce83b-e8ef-4f91-b37b-41ef2f7f2700-groupManagement] INFO  server.RaftServerConfigKeys (ConfUtils.java:logGet(46)) - raft.server.log.segment.size.max = 67108864 (custom)
2024-03-04 12:58:09,075 [4d7ce83b-e8ef-4f91-b37b-41ef2f7f2700-groupManagement] INFO  server.RaftServerConfigKeys (ConfUtils.java:logGet(46)) - raft.server.log.segment.cache.num.max = 2 (custom)
2024-03-04 12:58:09,075 [4d7ce83b-e8ef-4f91-b37b-41ef2f7f2700-groupManagement] INFO  server.RaftServerConfigKeys (ConfUtils.java:logGet(46)) - raft.server.log.segment.cache.size.max = 200MB (=209715200) (default)
2024-03-04 12:58:09,075 [4d7ce83b-e8ef-4f91-b37b-41ef2f7f2700-groupManagement] INFO  server.RaftServerConfigKeys (ConfUtils.java:logGet(46)) - raft.server.log.appender.buffer.byte-limit = 8388608 (custom)
2024-03-04 12:58:09,075 [4d7ce83b-e8ef-4f91-b37b-41ef2f7f2700-groupManagement] INFO  util.AwaitToRun (AwaitToRun.java:start(81)) - Thread[4d7ce83b-e8ef-4f91-b37b-41ef2f7f2700@group-36F9B8E795A6-cacheEviction-AwaitToRun,5,main] started
2024-03-04 12:58:09,075 [4d7ce83b-e8ef-4f91-b37b-41ef2f7f2700-groupManagement] INFO  segmented.SegmentedRaftLogWorker (SegmentedRaftLogWorker.java:<init>(182)) - new 4d7ce83b-e8ef-4f91-b37b-41ef2f7f2700@group-36F9B8E795A6-SegmentedRaftLogWorker for RaftStorageImpl:Storage Directory /home/runner/work/ozone/ozone/hadoop-ozone/integration-test/target/test-dir/MiniOzoneClusterImpl-d5abb160-17eb-4229-abdc-d3875330a01a/ozone-meta/datanode-1/ratis/c65886fe-ff10-4a39-8ead-36f9b8e795a6
2024-03-04 12:58:09,075 [EventQueue-OpenPipelineForHealthyPipelineSafeModeRule] INFO  safemode.SCMSafeModeManager (HealthyPipelineSafeModeRule.java:process(140)) - SCM in safe mode. Healthy pipelines reported count is 0, required healthy pipeline reported count is 1
2024-03-04 12:58:09,075 [4d7ce83b-e8ef-4f91-b37b-41ef2f7f2700-groupManagement] INFO  server.RaftServerConfigKeys (ConfUtils.java:logGet(46)) - raft.server.log.queue.byte-limit = 4294967296 (custom)
2024-03-04 12:58:09,076 [4d7ce83b-e8ef-4f91-b37b-41ef2f7f2700-groupManagement] INFO  server.RaftServerConfigKeys (ConfUtils.java:logGet(46)) - raft.server.log.queue.element-limit = 1024 (custom)
2024-03-04 12:58:09,076 [4d7ce83b-e8ef-4f91-b37b-41ef2f7f2700-groupManagement] INFO  server.RaftServerConfigKeys (ConfUtils.java:logGet(46)) - raft.server.log.segment.size.max = 67108864 (custom)
2024-03-04 12:58:09,076 [4d7ce83b-e8ef-4f91-b37b-41ef2f7f2700-groupManagement] INFO  server.RaftServerConfigKeys (ConfUtils.java:logGet(46)) - raft.server.log.preallocated.size = 4194304 (custom)
2024-03-04 12:58:09,076 [4d7ce83b-e8ef-4f91-b37b-41ef2f7f2700-groupManagement] INFO  server.RaftServerConfigKeys (ConfUtils.java:logGet(46)) - raft.server.log.force.sync.num = 128 (default)
2024-03-04 12:58:09,076 [4d7ce83b-e8ef-4f91-b37b-41ef2f7f2700-groupManagement] INFO  server.RaftServerConfigKeys (ConfUtils.java:logGet(46)) - raft.server.log.statemachine.data.sync = true (default)
2024-03-04 12:58:09,076 [4d7ce83b-e8ef-4f91-b37b-41ef2f7f2700-groupManagement] INFO  server.RaftServerConfigKeys (ConfUtils.java:logGet(46)) - raft.server.log.statemachine.data.sync.timeout = 10s (default)
2024-03-04 12:58:09,076 [4d7ce83b-e8ef-4f91-b37b-41ef2f7f2700-groupManagement] INFO  server.RaftServerConfigKeys (ConfUtils.java:logGet(46)) - raft.server.log.statemachine.data.sync.timeout.retry = 0 (custom)
2024-03-04 12:58:09,076 [4d7ce83b-e8ef-4f91-b37b-41ef2f7f2700-groupManagement] INFO  server.RaftServerConfigKeys (ConfUtils.java:logGet(46)) - raft.server.log.write.buffer.size = 8388616 (custom)
2024-03-04 12:58:09,078 [4d7ce83b-e8ef-4f91-b37b-41ef2f7f2700-groupManagement] INFO  server.RaftServerConfigKeys (ConfUtils.java:logGet(46)) - raft.server.log.appender.buffer.byte-limit = 8388608 (custom)
2024-03-04 12:58:09,078 [4d7ce83b-e8ef-4f91-b37b-41ef2f7f2700-groupManagement] INFO  server.RaftServerConfigKeys (ConfUtils.java:logGet(46)) - raft.server.log.unsafe-flush.enabled = false (default)
2024-03-04 12:58:09,078 [4d7ce83b-e8ef-4f91-b37b-41ef2f7f2700-groupManagement] INFO  server.RaftServerConfigKeys (ConfUtils.java:logGet(46)) - raft.server.log.async-flush.enabled = false (default)
2024-03-04 12:58:09,078 [4d7ce83b-e8ef-4f91-b37b-41ef2f7f2700-groupManagement] INFO  server.RaftServerConfigKeys (ConfUtils.java:logGet(46)) - raft.server.log.statemachine.data.caching.enabled = true (custom)
2024-03-04 12:58:09,078 [4d7ce83b-e8ef-4f91-b37b-41ef2f7f2700-groupManagement] INFO  segmented.SegmentedRaftLogWorker (SegmentedRaftLogWorker.java:lambda$new$0(134)) - 4d7ce83b-e8ef-4f91-b37b-41ef2f7f2700@group-36F9B8E795A6-SegmentedRaftLogWorker: flushIndex: setUnconditionally 0 -> -1
2024-03-04 12:58:09,079 [4d7ce83b-e8ef-4f91-b37b-41ef2f7f2700-groupManagement] INFO  segmented.SegmentedRaftLogWorker (SegmentedRaftLogWorker.java:lambda$new$0(134)) - 4d7ce83b-e8ef-4f91-b37b-41ef2f7f2700@group-36F9B8E795A6-SegmentedRaftLogWorker: safeCacheEvictIndex: setUnconditionally 0 -> -1
2024-03-04 12:58:09,079 [4d7ce83b-e8ef-4f91-b37b-41ef2f7f2700-groupManagement] INFO  server.RaftServer$Division (RaftServerImpl.java:start(396)) - 4d7ce83b-e8ef-4f91-b37b-41ef2f7f2700@group-36F9B8E795A6: start as a follower, conf=-1: peers:[b225d8db-41e6-4bb3-882c-dcd695311e70|10.1.0.12:15169, 4d7ce83b-e8ef-4f91-b37b-41ef2f7f2700|10.1.0.12:15151, 097e50fe-38d4-45ee-922f-f03bf1c0f16e|10.1.0.12:15160]|listeners:[], old=null
2024-03-04 12:58:09,079 [4d7ce83b-e8ef-4f91-b37b-41ef2f7f2700-groupManagement] INFO  server.RaftServer$Division (RaftServerImpl.java:setRole(383)) - 4d7ce83b-e8ef-4f91-b37b-41ef2f7f2700@group-36F9B8E795A6: changes role from      null to FOLLOWER at term 0 for startAsFollower
2024-03-04 12:58:09,079 [4d7ce83b-e8ef-4f91-b37b-41ef2f7f2700-groupManagement] INFO  impl.RoleInfo (RoleInfo.java:updateAndGet(139)) - 4d7ce83b-e8ef-4f91-b37b-41ef2f7f2700: start 4d7ce83b-e8ef-4f91-b37b-41ef2f7f2700@group-36F9B8E795A6-FollowerState
2024-03-04 12:58:09,079 [4d7ce83b-e8ef-4f91-b37b-41ef2f7f2700@group-36F9B8E795A6-FollowerState] INFO  server.RaftServerConfigKeys (ConfUtils.java:logFallback(53)) - raft.server.rpc.first-election.timeout.min = 5s (fallback to raft.server.rpc.timeout.min)
2024-03-04 12:58:09,079 [4d7ce83b-e8ef-4f91-b37b-41ef2f7f2700@group-36F9B8E795A6-FollowerState] INFO  server.RaftServerConfigKeys (ConfUtils.java:logFallback(53)) - raft.server.rpc.first-election.timeout.max = 5200ms (fallback to raft.server.rpc.timeout.max)
2024-03-04 12:58:09,079 [4d7ce83b-e8ef-4f91-b37b-41ef2f7f2700-groupManagement] INFO  util.JmxRegister (JmxRegister.java:tryRegister(44)) - Successfully registered JMX Bean with object name Ratis:service=RaftServer,group=group-36F9B8E795A6,id=4d7ce83b-e8ef-4f91-b37b-41ef2f7f2700
2024-03-04 12:58:09,079 [4d7ce83b-e8ef-4f91-b37b-41ef2f7f2700-groupManagement] INFO  server.RaftServerConfigKeys (ConfUtils.java:logGet(46)) - raft.server.snapshot.trigger-when-stop.enabled = true (default)
2024-03-04 12:58:09,080 [4d7ce83b-e8ef-4f91-b37b-41ef2f7f2700-groupManagement] INFO  server.RaftServerConfigKeys (ConfUtils.java:logGet(46)) - raft.server.snapshot.auto.trigger.enabled = true (custom)
2024-03-04 12:58:09,080 [4d7ce83b-e8ef-4f91-b37b-41ef2f7f2700-groupManagement] INFO  server.RaftServerConfigKeys (ConfUtils.java:logGet(46)) - raft.server.snapshot.auto.trigger.threshold = 10000 (custom)
2024-03-04 12:58:09,080 [4d7ce83b-e8ef-4f91-b37b-41ef2f7f2700-groupManagement] INFO  server.RaftServerConfigKeys (ConfUtils.java:logGet(46)) - raft.server.snapshot.retention.file.num = 5 (custom)
2024-03-04 12:58:09,080 [4d7ce83b-e8ef-4f91-b37b-41ef2f7f2700-groupManagement] INFO  server.RaftServerConfigKeys (ConfUtils.java:logGet(46)) - raft.server.log.purge.upto.snapshot.index = false (default)
2024-03-04 12:58:09,080 [4d7ce83b-e8ef-4f91-b37b-41ef2f7f2700-PipelineCommandHandlerThread-0] INFO  ratis.XceiverServerRatis (XceiverServerRatis.java:addGroup(864)) - Created group PipelineID=c65886fe-ff10-4a39-8ead-36f9b8e795a6
2024-03-04 12:58:09,086 [grpc-default-executor-4] INFO  server.RaftServer (RaftServerProxy.java:addNew(100)) - b225d8db-41e6-4bb3-882c-dcd695311e70: addNew group-36F9B8E795A6:[b225d8db-41e6-4bb3-882c-dcd695311e70|10.1.0.12:15169, 4d7ce83b-e8ef-4f91-b37b-41ef2f7f2700|10.1.0.12:15151, 097e50fe-38d4-45ee-922f-f03bf1c0f16e|10.1.0.12:15160] returns group-36F9B8E795A6:java.util.concurrent.CompletableFuture@34d84227[Not completed]
2024-03-04 12:58:09,087 [b225d8db-41e6-4bb3-882c-dcd695311e70-groupManagement] INFO  server.RaftServer$Division (RaftServerImpl.java:<init>(256)) - b225d8db-41e6-4bb3-882c-dcd695311e70: new RaftServerImpl for group-36F9B8E795A6:[b225d8db-41e6-4bb3-882c-dcd695311e70|10.1.0.12:15169, 4d7ce83b-e8ef-4f91-b37b-41ef2f7f2700|10.1.0.12:15151, 097e50fe-38d4-45ee-922f-f03bf1c0f16e|10.1.0.12:15160] with ContainerStateMachine:uninitialized
2024-03-04 12:58:09,087 [b225d8db-41e6-4bb3-882c-dcd695311e70-groupManagement] INFO  server.RaftServerConfigKeys (ConfUtils.java:logGet(46)) - raft.server.rpc.timeout.min = 5s (custom)
2024-03-04 12:58:09,087 [b225d8db-41e6-4bb3-882c-dcd695311e70-groupManagement] INFO  server.RaftServerConfigKeys (ConfUtils.java:logGet(46)) - raft.server.rpc.timeout.max = 5200ms (custom)
2024-03-04 12:58:09,087 [b225d8db-41e6-4bb3-882c-dcd695311e70-groupManagement] INFO  server.RaftServerConfigKeys (ConfUtils.java:logGet(46)) - raft.server.rpc.sleep.time = 25ms (default)
2024-03-04 12:58:09,087 [b225d8db-41e6-4bb3-882c-dcd695311e70-groupManagement] INFO  server.RaftServerConfigKeys (ConfUtils.java:logGet(46)) - raft.server.rpc.slowness.timeout = 300s (custom)
2024-03-04 12:58:09,087 [b225d8db-41e6-4bb3-882c-dcd695311e70-groupManagement] INFO  server.RaftServerConfigKeys (ConfUtils.java:logGet(46)) - raft.server.leaderelection.leader.step-down.wait-time = 10s (default)
2024-03-04 12:58:09,087 [b225d8db-41e6-4bb3-882c-dcd695311e70-groupManagement] INFO  server.RaftServerConfigKeys (ConfUtils.java:logGet(46)) - raft.server.leaderelection.member.majority-add = false (default)
2024-03-04 12:58:09,087 [b225d8db-41e6-4bb3-882c-dcd695311e70-groupManagement] INFO  server.RaftServerConfigKeys (ConfUtils.java:logGet(46)) - raft.server.sleep.deviation.threshold = 300ms (default)
2024-03-04 12:58:09,087 [b225d8db-41e6-4bb3-882c-dcd695311e70-groupManagement] INFO  server.RaftServer$Division (ServerState.java:<init>(113)) - b225d8db-41e6-4bb3-882c-dcd695311e70@group-36F9B8E795A6: ConfigurationManager, init=-1: peers:[b225d8db-41e6-4bb3-882c-dcd695311e70|10.1.0.12:15169, 4d7ce83b-e8ef-4f91-b37b-41ef2f7f2700|10.1.0.12:15151, 097e50fe-38d4-45ee-922f-f03bf1c0f16e|10.1.0.12:15160]|listeners:[], old=null, confs=<EMPTY_MAP>
2024-03-04 12:58:09,088 [b225d8db-41e6-4bb3-882c-dcd695311e70-groupManagement] INFO  server.RaftServerConfigKeys (ConfUtils.java:logGet(46)) - raft.server.notification.no-leader.timeout = 300s (custom)
2024-03-04 12:58:09,088 [b225d8db-41e6-4bb3-882c-dcd695311e70-groupManagement] INFO  server.RaftServerConfigKeys (ConfUtils.java:logGet(46)) - raft.server.read.timeout = 10s (default)
2024-03-04 12:58:09,088 [b225d8db-41e6-4bb3-882c-dcd695311e70-groupManagement] INFO  server.RaftServerConfigKeys (ConfUtils.java:logGet(46)) - raft.server.retrycache.expirytime = 600000ms (custom)
2024-03-04 12:58:09,088 [b225d8db-41e6-4bb3-882c-dcd695311e70-groupManagement] INFO  server.RaftServerConfigKeys (ConfUtils.java:logGet(46)) - raft.server.retrycache.statistics.expirytime = 100ms (default)
2024-03-04 12:58:09,088 [b225d8db-41e6-4bb3-882c-dcd695311e70-groupManagement] INFO  server.RaftServerConfigKeys (ConfUtils.java:logGet(46)) - raft.server.read.option = DEFAULT (default)
2024-03-04 12:58:09,088 [b225d8db-41e6-4bb3-882c-dcd695311e70-groupManagement] INFO  server.RaftServerConfigKeys (ConfUtils.java:logGet(46)) - raft.server.read.read-after-write-consistent.write-index-cache.expiry-time = 60s (default)
2024-03-04 12:58:09,089 [b225d8db-41e6-4bb3-882c-dcd695311e70-groupManagement] INFO  server.RaftServerConfigKeys (ConfUtils.java:logGet(46)) - raft.server.rpc.request.timeout = 60s (custom)
2024-03-04 12:58:09,089 [b225d8db-41e6-4bb3-882c-dcd695311e70-groupManagement] INFO  server.RaftServerConfigKeys (ConfUtils.java:logGet(46)) - raft.server.log.appender.install.snapshot.enabled = false (custom)
2024-03-04 12:58:09,089 [b225d8db-41e6-4bb3-882c-dcd695311e70-groupManagement] INFO  server.RaftServerConfigKeys (ConfUtils.java:logGet(46)) - raft.server.threadpool.server.cached = true (default)
2024-03-04 12:58:09,089 [b225d8db-41e6-4bb3-882c-dcd695311e70-groupManagement] INFO  server.RaftServerConfigKeys (ConfUtils.java:logGet(46)) - raft.server.threadpool.server.size = 0 (default)
2024-03-04 12:58:09,089 [b225d8db-41e6-4bb3-882c-dcd695311e70-groupManagement] INFO  server.RaftServerConfigKeys (ConfUtils.java:logGet(46)) - raft.server.threadpool.client.cached = true (default)
2024-03-04 12:58:09,089 [b225d8db-41e6-4bb3-882c-dcd695311e70-groupManagement] INFO  server.RaftServerConfigKeys (ConfUtils.java:logGet(46)) - raft.server.threadpool.client.size = 0 (default)
2024-03-04 12:58:09,089 [b225d8db-41e6-4bb3-882c-dcd695311e70-groupManagement] INFO  server.RaftServerConfigKeys (ConfUtils.java:logGet(46)) - raft.server.storage.free-space.min = 0MB (=0) (default)
2024-03-04 12:58:09,089 [b225d8db-41e6-4bb3-882c-dcd695311e70-groupManagement] INFO  server.RaftServerConfigKeys (ConfUtils.java:logGet(46)) - raft.server.log.corruption.policy = EXCEPTION (default)
2024-03-04 12:58:09,089 [b225d8db-41e6-4bb3-882c-dcd695311e70-groupManagement] INFO  server.RaftServerConfigKeys (ConfUtils.java:logGet(46)) - raft.server.storage.dir = [/home/runner/work/ozone/ozone/hadoop-ozone/integration-test/target/test-dir/MiniOzoneClusterImpl-d5abb160-17eb-4229-abdc-d3875330a01a/ozone-meta/datanode-3/ratis] (custom)
2024-03-04 12:58:09,089 [b225d8db-41e6-4bb3-882c-dcd695311e70-groupManagement] INFO  storage.RaftStorageDirectory (RaftStorageDirectoryImpl.java:analyzeStorage(138)) - The storage directory /home/runner/work/ozone/ozone/hadoop-ozone/integration-test/target/test-dir/MiniOzoneClusterImpl-d5abb160-17eb-4229-abdc-d3875330a01a/ozone-meta/datanode-3/ratis/c65886fe-ff10-4a39-8ead-36f9b8e795a6 does not exist. Creating ...
2024-03-04 12:58:09,090 [b225d8db-41e6-4bb3-882c-dcd695311e70-groupManagement] INFO  storage.RaftStorageDirectory (RaftStorageDirectoryImpl.java:tryLock(228)) - Lock on /home/runner/work/ozone/ozone/hadoop-ozone/integration-test/target/test-dir/MiniOzoneClusterImpl-d5abb160-17eb-4229-abdc-d3875330a01a/ozone-meta/datanode-3/ratis/c65886fe-ff10-4a39-8ead-36f9b8e795a6/in_use.lock acquired by nodename 41993@fv-az571-795
2024-03-04 12:58:09,091 [b225d8db-41e6-4bb3-882c-dcd695311e70-groupManagement] INFO  storage.RaftStorage (RaftStorageImpl.java:format(99)) - Storage directory /home/runner/work/ozone/ozone/hadoop-ozone/integration-test/target/test-dir/MiniOzoneClusterImpl-d5abb160-17eb-4229-abdc-d3875330a01a/ozone-meta/datanode-3/ratis/c65886fe-ff10-4a39-8ead-36f9b8e795a6 has been successfully formatted.
2024-03-04 12:58:09,091 [b225d8db-41e6-4bb3-882c-dcd695311e70-groupManagement] WARN  util.FileUtils (LogUtils.java:supplyAndLog(63)) - Failed to Files.newInputStream /home/runner/work/ozone/ozone/hadoop-ozone/integration-test/target/test-dir/MiniOzoneClusterImpl-d5abb160-17eb-4229-abdc-d3875330a01a/ozone-meta/datanode-3/ratis/c65886fe-ff10-4a39-8ead-36f9b8e795a6/current/raft-meta.conf with options []: java.nio.file.NoSuchFileException: /home/runner/work/ozone/ozone/hadoop-ozone/integration-test/target/test-dir/MiniOzoneClusterImpl-d5abb160-17eb-4229-abdc-d3875330a01a/ozone-meta/datanode-3/ratis/c65886fe-ff10-4a39-8ead-36f9b8e795a6/current/raft-meta.conf
2024-03-04 12:58:09,091 [b225d8db-41e6-4bb3-882c-dcd695311e70-groupManagement] INFO  ratis.ContainerStateMachine (ContainerStateMachine.java:loadSnapshot(287)) - group-36F9B8E795A6: The snapshot info is null. Setting the last applied index to:(t:0, i:~)
2024-03-04 12:58:09,091 [b225d8db-41e6-4bb3-882c-dcd695311e70-groupManagement] INFO  server.RaftServerConfigKeys (ConfUtils.java:logGet(46)) - raft.server.log.use.memory = false (default)
2024-03-04 12:58:09,091 [b225d8db-41e6-4bb3-882c-dcd695311e70-groupManagement] INFO  server.RaftServerConfigKeys (ConfUtils.java:logGet(46)) - raft.server.log.purge.gap = 1000000 (custom)
2024-03-04 12:58:09,091 [b225d8db-41e6-4bb3-882c-dcd695311e70-groupManagement] INFO  server.RaftServerConfigKeys (ConfUtils.java:logGet(46)) - raft.server.log.appender.buffer.byte-limit = 8388608 (custom)
2024-03-04 12:58:09,091 [b225d8db-41e6-4bb3-882c-dcd695311e70-groupManagement] INFO  server.RaftServerConfigKeys (ConfUtils.java:logGet(46)) - raft.server.log.statemachine.data.read.timeout = 1000ms (default)
2024-03-04 12:58:09,092 [b225d8db-41e6-4bb3-882c-dcd695311e70-groupManagement] INFO  server.RaftServerConfigKeys (ConfUtils.java:logGet(46)) - raft.server.log.purge.preservation.log.num = 0 (default)
2024-03-04 12:58:09,092 [b225d8db-41e6-4bb3-882c-dcd695311e70-groupManagement] INFO  server.RaftServerConfigKeys (ConfUtils.java:logGet(46)) - raft.server.log.segment.size.max = 67108864 (custom)
2024-03-04 12:58:09,092 [b225d8db-41e6-4bb3-882c-dcd695311e70-groupManagement] INFO  server.RaftServerConfigKeys (ConfUtils.java:logGet(46)) - raft.server.log.segment.cache.num.max = 2 (custom)
2024-03-04 12:58:09,092 [b225d8db-41e6-4bb3-882c-dcd695311e70-groupManagement] INFO  server.RaftServerConfigKeys (ConfUtils.java:logGet(46)) - raft.server.log.segment.cache.size.max = 200MB (=209715200) (default)
2024-03-04 12:58:09,093 [b225d8db-41e6-4bb3-882c-dcd695311e70-groupManagement] INFO  server.RaftServerConfigKeys (ConfUtils.java:logGet(46)) - raft.server.log.appender.buffer.byte-limit = 8388608 (custom)
2024-03-04 12:58:09,093 [b225d8db-41e6-4bb3-882c-dcd695311e70-groupManagement] INFO  util.AwaitToRun (AwaitToRun.java:start(81)) - Thread[b225d8db-41e6-4bb3-882c-dcd695311e70@group-36F9B8E795A6-cacheEviction-AwaitToRun,5,main] started
2024-03-04 12:58:09,093 [b225d8db-41e6-4bb3-882c-dcd695311e70-groupManagement] INFO  segmented.SegmentedRaftLogWorker (SegmentedRaftLogWorker.java:<init>(182)) - new b225d8db-41e6-4bb3-882c-dcd695311e70@group-36F9B8E795A6-SegmentedRaftLogWorker for RaftStorageImpl:Storage Directory /home/runner/work/ozone/ozone/hadoop-ozone/integration-test/target/test-dir/MiniOzoneClusterImpl-d5abb160-17eb-4229-abdc-d3875330a01a/ozone-meta/datanode-3/ratis/c65886fe-ff10-4a39-8ead-36f9b8e795a6
2024-03-04 12:58:09,093 [b225d8db-41e6-4bb3-882c-dcd695311e70-groupManagement] INFO  server.RaftServerConfigKeys (ConfUtils.java:logGet(46)) - raft.server.log.queue.byte-limit = 4294967296 (custom)
2024-03-04 12:58:09,093 [b225d8db-41e6-4bb3-882c-dcd695311e70-groupManagement] INFO  server.RaftServerConfigKeys (ConfUtils.java:logGet(46)) - raft.server.log.queue.element-limit = 1024 (custom)
2024-03-04 12:58:09,093 [b225d8db-41e6-4bb3-882c-dcd695311e70-groupManagement] INFO  server.RaftServerConfigKeys (ConfUtils.java:logGet(46)) - raft.server.log.segment.size.max = 67108864 (custom)
2024-03-04 12:58:09,093 [b225d8db-41e6-4bb3-882c-dcd695311e70-groupManagement] INFO  server.RaftServerConfigKeys (ConfUtils.java:logGet(46)) - raft.server.log.preallocated.size = 4194304 (custom)
2024-03-04 12:58:09,093 [b225d8db-41e6-4bb3-882c-dcd695311e70-groupManagement] INFO  server.RaftServerConfigKeys (ConfUtils.java:logGet(46)) - raft.server.log.force.sync.num = 128 (default)
2024-03-04 12:58:09,093 [b225d8db-41e6-4bb3-882c-dcd695311e70-groupManagement] INFO  server.RaftServerConfigKeys (ConfUtils.java:logGet(46)) - raft.server.log.statemachine.data.sync = true (default)
2024-03-04 12:58:09,093 [b225d8db-41e6-4bb3-882c-dcd695311e70-groupManagement] INFO  server.RaftServerConfigKeys (ConfUtils.java:logGet(46)) - raft.server.log.statemachine.data.sync.timeout = 10s (default)
2024-03-04 12:58:09,094 [b225d8db-41e6-4bb3-882c-dcd695311e70-groupManagement] INFO  server.RaftServerConfigKeys (ConfUtils.java:logGet(46)) - raft.server.log.statemachine.data.sync.timeout.retry = 0 (custom)
2024-03-04 12:58:09,094 [b225d8db-41e6-4bb3-882c-dcd695311e70-groupManagement] INFO  server.RaftServerConfigKeys (ConfUtils.java:logGet(46)) - raft.server.log.write.buffer.size = 8388616 (custom)
2024-03-04 12:58:09,095 [b225d8db-41e6-4bb3-882c-dcd695311e70-groupManagement] INFO  server.RaftServerConfigKeys (ConfUtils.java:logGet(46)) - raft.server.log.appender.buffer.byte-limit = 8388608 (custom)
2024-03-04 12:58:09,096 [b225d8db-41e6-4bb3-882c-dcd695311e70-groupManagement] INFO  server.RaftServerConfigKeys (ConfUtils.java:logGet(46)) - raft.server.log.unsafe-flush.enabled = false (default)
2024-03-04 12:58:09,096 [b225d8db-41e6-4bb3-882c-dcd695311e70-groupManagement] INFO  server.RaftServerConfigKeys (ConfUtils.java:logGet(46)) - raft.server.log.async-flush.enabled = false (default)
2024-03-04 12:58:09,096 [b225d8db-41e6-4bb3-882c-dcd695311e70-groupManagement] INFO  server.RaftServerConfigKeys (ConfUtils.java:logGet(46)) - raft.server.log.statemachine.data.caching.enabled = true (custom)
2024-03-04 12:58:09,096 [b225d8db-41e6-4bb3-882c-dcd695311e70-groupManagement] INFO  segmented.SegmentedRaftLogWorker (SegmentedRaftLogWorker.java:lambda$new$0(134)) - b225d8db-41e6-4bb3-882c-dcd695311e70@group-36F9B8E795A6-SegmentedRaftLogWorker: flushIndex: setUnconditionally 0 -> -1
2024-03-04 12:58:09,096 [b225d8db-41e6-4bb3-882c-dcd695311e70-groupManagement] INFO  segmented.SegmentedRaftLogWorker (SegmentedRaftLogWorker.java:lambda$new$0(134)) - b225d8db-41e6-4bb3-882c-dcd695311e70@group-36F9B8E795A6-SegmentedRaftLogWorker: safeCacheEvictIndex: setUnconditionally 0 -> -1
2024-03-04 12:58:09,096 [b225d8db-41e6-4bb3-882c-dcd695311e70-groupManagement] INFO  server.RaftServer$Division (RaftServerImpl.java:start(396)) - b225d8db-41e6-4bb3-882c-dcd695311e70@group-36F9B8E795A6: start as a follower, conf=-1: peers:[b225d8db-41e6-4bb3-882c-dcd695311e70|10.1.0.12:15169, 4d7ce83b-e8ef-4f91-b37b-41ef2f7f2700|10.1.0.12:15151, 097e50fe-38d4-45ee-922f-f03bf1c0f16e|10.1.0.12:15160]|listeners:[], old=null
2024-03-04 12:58:09,097 [b225d8db-41e6-4bb3-882c-dcd695311e70-groupManagement] INFO  server.RaftServer$Division (RaftServerImpl.java:setRole(383)) - b225d8db-41e6-4bb3-882c-dcd695311e70@group-36F9B8E795A6: changes role from      null to FOLLOWER at term 0 for startAsFollower
2024-03-04 12:58:09,097 [b225d8db-41e6-4bb3-882c-dcd695311e70-groupManagement] INFO  impl.RoleInfo (RoleInfo.java:updateAndGet(139)) - b225d8db-41e6-4bb3-882c-dcd695311e70: start b225d8db-41e6-4bb3-882c-dcd695311e70@group-36F9B8E795A6-FollowerState
2024-03-04 12:58:09,097 [b225d8db-41e6-4bb3-882c-dcd695311e70@group-36F9B8E795A6-FollowerState] INFO  server.RaftServerConfigKeys (ConfUtils.java:logFallback(53)) - raft.server.rpc.first-election.timeout.min = 5s (fallback to raft.server.rpc.timeout.min)
2024-03-04 12:58:09,097 [b225d8db-41e6-4bb3-882c-dcd695311e70@group-36F9B8E795A6-FollowerState] INFO  server.RaftServerConfigKeys (ConfUtils.java:logFallback(53)) - raft.server.rpc.first-election.timeout.max = 5200ms (fallback to raft.server.rpc.timeout.max)
2024-03-04 12:58:09,097 [b225d8db-41e6-4bb3-882c-dcd695311e70-groupManagement] INFO  util.JmxRegister (JmxRegister.java:tryRegister(44)) - Successfully registered JMX Bean with object name Ratis:service=RaftServer,group=group-36F9B8E795A6,id=b225d8db-41e6-4bb3-882c-dcd695311e70
2024-03-04 12:58:09,097 [b225d8db-41e6-4bb3-882c-dcd695311e70-groupManagement] INFO  server.RaftServerConfigKeys (ConfUtils.java:logGet(46)) - raft.server.snapshot.trigger-when-stop.enabled = true (default)
2024-03-04 12:58:09,097 [b225d8db-41e6-4bb3-882c-dcd695311e70-groupManagement] INFO  server.RaftServerConfigKeys (ConfUtils.java:logGet(46)) - raft.server.snapshot.auto.trigger.enabled = true (custom)
2024-03-04 12:58:09,097 [b225d8db-41e6-4bb3-882c-dcd695311e70-groupManagement] INFO  server.RaftServerConfigKeys (ConfUtils.java:logGet(46)) - raft.server.snapshot.auto.trigger.threshold = 10000 (custom)
2024-03-04 12:58:09,098 [b225d8db-41e6-4bb3-882c-dcd695311e70-groupManagement] INFO  server.RaftServerConfigKeys (ConfUtils.java:logGet(46)) - raft.server.snapshot.retention.file.num = 5 (custom)
2024-03-04 12:58:09,098 [b225d8db-41e6-4bb3-882c-dcd695311e70-groupManagement] INFO  server.RaftServerConfigKeys (ConfUtils.java:logGet(46)) - raft.server.log.purge.upto.snapshot.index = false (default)
2024-03-04 12:58:09,107 [grpc-default-executor-4] INFO  server.RaftServer (RaftServerProxy.java:addNew(100)) - 097e50fe-38d4-45ee-922f-f03bf1c0f16e: addNew group-36F9B8E795A6:[b225d8db-41e6-4bb3-882c-dcd695311e70|10.1.0.12:15169, 4d7ce83b-e8ef-4f91-b37b-41ef2f7f2700|10.1.0.12:15151, 097e50fe-38d4-45ee-922f-f03bf1c0f16e|10.1.0.12:15160] returns group-36F9B8E795A6:java.util.concurrent.CompletableFuture@107b004f[Not completed]
2024-03-04 12:58:09,108 [097e50fe-38d4-45ee-922f-f03bf1c0f16e-groupManagement] INFO  server.RaftServer$Division (RaftServerImpl.java:<init>(256)) - 097e50fe-38d4-45ee-922f-f03bf1c0f16e: new RaftServerImpl for group-36F9B8E795A6:[b225d8db-41e6-4bb3-882c-dcd695311e70|10.1.0.12:15169, 4d7ce83b-e8ef-4f91-b37b-41ef2f7f2700|10.1.0.12:15151, 097e50fe-38d4-45ee-922f-f03bf1c0f16e|10.1.0.12:15160] with ContainerStateMachine:uninitialized
2024-03-04 12:58:09,108 [097e50fe-38d4-45ee-922f-f03bf1c0f16e-groupManagement] INFO  server.RaftServerConfigKeys (ConfUtils.java:logGet(46)) - raft.server.rpc.timeout.min = 5s (custom)
2024-03-04 12:58:09,108 [097e50fe-38d4-45ee-922f-f03bf1c0f16e-groupManagement] INFO  server.RaftServerConfigKeys (ConfUtils.java:logGet(46)) - raft.server.rpc.timeout.max = 5200ms (custom)
2024-03-04 12:58:09,108 [097e50fe-38d4-45ee-922f-f03bf1c0f16e-groupManagement] INFO  server.RaftServerConfigKeys (ConfUtils.java:logGet(46)) - raft.server.rpc.sleep.time = 25ms (default)
2024-03-04 12:58:09,108 [097e50fe-38d4-45ee-922f-f03bf1c0f16e-groupManagement] INFO  server.RaftServerConfigKeys (ConfUtils.java:logGet(46)) - raft.server.rpc.slowness.timeout = 300s (custom)
2024-03-04 12:58:09,108 [097e50fe-38d4-45ee-922f-f03bf1c0f16e-groupManagement] INFO  server.RaftServerConfigKeys (ConfUtils.java:logGet(46)) - raft.server.leaderelection.leader.step-down.wait-time = 10s (default)
2024-03-04 12:58:09,108 [097e50fe-38d4-45ee-922f-f03bf1c0f16e-groupManagement] INFO  server.RaftServerConfigKeys (ConfUtils.java:logGet(46)) - raft.server.leaderelection.member.majority-add = false (default)
2024-03-04 12:58:09,108 [097e50fe-38d4-45ee-922f-f03bf1c0f16e-groupManagement] INFO  server.RaftServerConfigKeys (ConfUtils.java:logGet(46)) - raft.server.sleep.deviation.threshold = 300ms (default)
2024-03-04 12:58:09,108 [097e50fe-38d4-45ee-922f-f03bf1c0f16e-groupManagement] INFO  server.RaftServer$Division (ServerState.java:<init>(113)) - 097e50fe-38d4-45ee-922f-f03bf1c0f16e@group-36F9B8E795A6: ConfigurationManager, init=-1: peers:[b225d8db-41e6-4bb3-882c-dcd695311e70|10.1.0.12:15169, 4d7ce83b-e8ef-4f91-b37b-41ef2f7f2700|10.1.0.12:15151, 097e50fe-38d4-45ee-922f-f03bf1c0f16e|10.1.0.12:15160]|listeners:[], old=null, confs=<EMPTY_MAP>
2024-03-04 12:58:09,108 [097e50fe-38d4-45ee-922f-f03bf1c0f16e-groupManagement] INFO  server.RaftServerConfigKeys (ConfUtils.java:logGet(46)) - raft.server.notification.no-leader.timeout = 300s (custom)
2024-03-04 12:58:09,108 [097e50fe-38d4-45ee-922f-f03bf1c0f16e-groupManagement] INFO  server.RaftServerConfigKeys (ConfUtils.java:logGet(46)) - raft.server.read.timeout = 10s (default)
2024-03-04 12:58:09,108 [097e50fe-38d4-45ee-922f-f03bf1c0f16e-groupManagement] INFO  server.RaftServerConfigKeys (ConfUtils.java:logGet(46)) - raft.server.retrycache.expirytime = 600000ms (custom)
2024-03-04 12:58:09,108 [097e50fe-38d4-45ee-922f-f03bf1c0f16e-groupManagement] INFO  server.RaftServerConfigKeys (ConfUtils.java:logGet(46)) - raft.server.retrycache.statistics.expirytime = 100ms (default)
2024-03-04 12:58:09,108 [097e50fe-38d4-45ee-922f-f03bf1c0f16e-groupManagement] INFO  server.RaftServerConfigKeys (ConfUtils.java:logGet(46)) - raft.server.read.option = DEFAULT (default)
2024-03-04 12:58:09,108 [097e50fe-38d4-45ee-922f-f03bf1c0f16e-groupManagement] INFO  server.RaftServerConfigKeys (ConfUtils.java:logGet(46)) - raft.server.read.read-after-write-consistent.write-index-cache.expiry-time = 60s (default)
2024-03-04 12:58:09,109 [097e50fe-38d4-45ee-922f-f03bf1c0f16e-groupManagement] INFO  server.RaftServerConfigKeys (ConfUtils.java:logGet(46)) - raft.server.rpc.request.timeout = 60s (custom)
2024-03-04 12:58:09,109 [097e50fe-38d4-45ee-922f-f03bf1c0f16e-groupManagement] INFO  server.RaftServerConfigKeys (ConfUtils.java:logGet(46)) - raft.server.log.appender.install.snapshot.enabled = false (custom)
2024-03-04 12:58:09,109 [097e50fe-38d4-45ee-922f-f03bf1c0f16e-groupManagement] INFO  server.RaftServerConfigKeys (ConfUtils.java:logGet(46)) - raft.server.threadpool.server.cached = true (default)
2024-03-04 12:58:09,109 [097e50fe-38d4-45ee-922f-f03bf1c0f16e-groupManagement] INFO  server.RaftServerConfigKeys (ConfUtils.java:logGet(46)) - raft.server.threadpool.server.size = 0 (default)
2024-03-04 12:58:09,109 [097e50fe-38d4-45ee-922f-f03bf1c0f16e-groupManagement] INFO  server.RaftServerConfigKeys (ConfUtils.java:logGet(46)) - raft.server.threadpool.client.cached = true (default)
2024-03-04 12:58:09,110 [097e50fe-38d4-45ee-922f-f03bf1c0f16e-groupManagement] INFO  server.RaftServerConfigKeys (ConfUtils.java:logGet(46)) - raft.server.threadpool.client.size = 0 (default)
2024-03-04 12:58:09,110 [097e50fe-38d4-45ee-922f-f03bf1c0f16e-groupManagement] INFO  server.RaftServerConfigKeys (ConfUtils.java:logGet(46)) - raft.server.storage.free-space.min = 0MB (=0) (default)
2024-03-04 12:58:09,110 [097e50fe-38d4-45ee-922f-f03bf1c0f16e-groupManagement] INFO  server.RaftServerConfigKeys (ConfUtils.java:logGet(46)) - raft.server.log.corruption.policy = EXCEPTION (default)
2024-03-04 12:58:09,110 [097e50fe-38d4-45ee-922f-f03bf1c0f16e-groupManagement] INFO  server.RaftServerConfigKeys (ConfUtils.java:logGet(46)) - raft.server.storage.dir = [/home/runner/work/ozone/ozone/hadoop-ozone/integration-test/target/test-dir/MiniOzoneClusterImpl-d5abb160-17eb-4229-abdc-d3875330a01a/ozone-meta/datanode-2/ratis] (custom)
2024-03-04 12:58:09,110 [097e50fe-38d4-45ee-922f-f03bf1c0f16e-groupManagement] INFO  storage.RaftStorageDirectory (RaftStorageDirectoryImpl.java:analyzeStorage(138)) - The storage directory /home/runner/work/ozone/ozone/hadoop-ozone/integration-test/target/test-dir/MiniOzoneClusterImpl-d5abb160-17eb-4229-abdc-d3875330a01a/ozone-meta/datanode-2/ratis/c65886fe-ff10-4a39-8ead-36f9b8e795a6 does not exist. Creating ...
2024-03-04 12:58:09,111 [097e50fe-38d4-45ee-922f-f03bf1c0f16e-groupManagement] INFO  storage.RaftStorageDirectory (RaftStorageDirectoryImpl.java:tryLock(228)) - Lock on /home/runner/work/ozone/ozone/hadoop-ozone/integration-test/target/test-dir/MiniOzoneClusterImpl-d5abb160-17eb-4229-abdc-d3875330a01a/ozone-meta/datanode-2/ratis/c65886fe-ff10-4a39-8ead-36f9b8e795a6/in_use.lock acquired by nodename 41993@fv-az571-795
2024-03-04 12:58:09,112 [097e50fe-38d4-45ee-922f-f03bf1c0f16e-groupManagement] INFO  storage.RaftStorage (RaftStorageImpl.java:format(99)) - Storage directory /home/runner/work/ozone/ozone/hadoop-ozone/integration-test/target/test-dir/MiniOzoneClusterImpl-d5abb160-17eb-4229-abdc-d3875330a01a/ozone-meta/datanode-2/ratis/c65886fe-ff10-4a39-8ead-36f9b8e795a6 has been successfully formatted.
2024-03-04 12:58:09,112 [097e50fe-38d4-45ee-922f-f03bf1c0f16e-groupManagement] WARN  util.FileUtils (LogUtils.java:supplyAndLog(63)) - Failed to Files.newInputStream /home/runner/work/ozone/ozone/hadoop-ozone/integration-test/target/test-dir/MiniOzoneClusterImpl-d5abb160-17eb-4229-abdc-d3875330a01a/ozone-meta/datanode-2/ratis/c65886fe-ff10-4a39-8ead-36f9b8e795a6/current/raft-meta.conf with options []: java.nio.file.NoSuchFileException: /home/runner/work/ozone/ozone/hadoop-ozone/integration-test/target/test-dir/MiniOzoneClusterImpl-d5abb160-17eb-4229-abdc-d3875330a01a/ozone-meta/datanode-2/ratis/c65886fe-ff10-4a39-8ead-36f9b8e795a6/current/raft-meta.conf
2024-03-04 12:58:09,112 [097e50fe-38d4-45ee-922f-f03bf1c0f16e-groupManagement] INFO  ratis.ContainerStateMachine (ContainerStateMachine.java:loadSnapshot(287)) - group-36F9B8E795A6: The snapshot info is null. Setting the last applied index to:(t:0, i:~)
2024-03-04 12:58:09,112 [097e50fe-38d4-45ee-922f-f03bf1c0f16e-groupManagement] INFO  server.RaftServerConfigKeys (ConfUtils.java:logGet(46)) - raft.server.log.use.memory = false (default)
2024-03-04 12:58:09,112 [097e50fe-38d4-45ee-922f-f03bf1c0f16e-groupManagement] INFO  server.RaftServerConfigKeys (ConfUtils.java:logGet(46)) - raft.server.log.purge.gap = 1000000 (custom)
2024-03-04 12:58:09,113 [097e50fe-38d4-45ee-922f-f03bf1c0f16e-groupManagement] INFO  server.RaftServerConfigKeys (ConfUtils.java:logGet(46)) - raft.server.log.appender.buffer.byte-limit = 8388608 (custom)
2024-03-04 12:58:09,113 [097e50fe-38d4-45ee-922f-f03bf1c0f16e-groupManagement] INFO  server.RaftServerConfigKeys (ConfUtils.java:logGet(46)) - raft.server.log.statemachine.data.read.timeout = 1000ms (default)
2024-03-04 12:58:09,113 [097e50fe-38d4-45ee-922f-f03bf1c0f16e-groupManagement] INFO  server.RaftServerConfigKeys (ConfUtils.java:logGet(46)) - raft.server.log.purge.preservation.log.num = 0 (default)
2024-03-04 12:58:09,113 [097e50fe-38d4-45ee-922f-f03bf1c0f16e-groupManagement] INFO  server.RaftServerConfigKeys (ConfUtils.java:logGet(46)) - raft.server.log.segment.size.max = 67108864 (custom)
2024-03-04 12:58:09,113 [097e50fe-38d4-45ee-922f-f03bf1c0f16e-groupManagement] INFO  server.RaftServerConfigKeys (ConfUtils.java:logGet(46)) - raft.server.log.segment.cache.num.max = 2 (custom)
2024-03-04 12:58:09,114 [097e50fe-38d4-45ee-922f-f03bf1c0f16e-groupManagement] INFO  server.RaftServerConfigKeys (ConfUtils.java:logGet(46)) - raft.server.log.segment.cache.size.max = 200MB (=209715200) (default)
2024-03-04 12:58:09,114 [097e50fe-38d4-45ee-922f-f03bf1c0f16e-groupManagement] INFO  server.RaftServerConfigKeys (ConfUtils.java:logGet(46)) - raft.server.log.appender.buffer.byte-limit = 8388608 (custom)
2024-03-04 12:58:09,114 [097e50fe-38d4-45ee-922f-f03bf1c0f16e-groupManagement] INFO  util.AwaitToRun (AwaitToRun.java:start(81)) - Thread[097e50fe-38d4-45ee-922f-f03bf1c0f16e@group-36F9B8E795A6-cacheEviction-AwaitToRun,5,main] started
2024-03-04 12:58:09,114 [097e50fe-38d4-45ee-922f-f03bf1c0f16e-groupManagement] INFO  segmented.SegmentedRaftLogWorker (SegmentedRaftLogWorker.java:<init>(182)) - new 097e50fe-38d4-45ee-922f-f03bf1c0f16e@group-36F9B8E795A6-SegmentedRaftLogWorker for RaftStorageImpl:Storage Directory /home/runner/work/ozone/ozone/hadoop-ozone/integration-test/target/test-dir/MiniOzoneClusterImpl-d5abb160-17eb-4229-abdc-d3875330a01a/ozone-meta/datanode-2/ratis/c65886fe-ff10-4a39-8ead-36f9b8e795a6
2024-03-04 12:58:09,114 [097e50fe-38d4-45ee-922f-f03bf1c0f16e-groupManagement] INFO  server.RaftServerConfigKeys (ConfUtils.java:logGet(46)) - raft.server.log.queue.byte-limit = 4294967296 (custom)
2024-03-04 12:58:09,114 [097e50fe-38d4-45ee-922f-f03bf1c0f16e-groupManagement] INFO  server.RaftServerConfigKeys (ConfUtils.java:logGet(46)) - raft.server.log.queue.element-limit = 1024 (custom)
2024-03-04 12:58:09,114 [097e50fe-38d4-45ee-922f-f03bf1c0f16e-groupManagement] INFO  server.RaftServerConfigKeys (ConfUtils.java:logGet(46)) - raft.server.log.segment.size.max = 67108864 (custom)
2024-03-04 12:58:09,114 [097e50fe-38d4-45ee-922f-f03bf1c0f16e-groupManagement] INFO  server.RaftServerConfigKeys (ConfUtils.java:logGet(46)) - raft.server.log.preallocated.size = 4194304 (custom)
2024-03-04 12:58:09,114 [097e50fe-38d4-45ee-922f-f03bf1c0f16e-groupManagement] INFO  server.RaftServerConfigKeys (ConfUtils.java:logGet(46)) - raft.server.log.force.sync.num = 128 (default)
2024-03-04 12:58:09,114 [097e50fe-38d4-45ee-922f-f03bf1c0f16e-groupManagement] INFO  server.RaftServerConfigKeys (ConfUtils.java:logGet(46)) - raft.server.log.statemachine.data.sync = true (default)
2024-03-04 12:58:09,114 [097e50fe-38d4-45ee-922f-f03bf1c0f16e-groupManagement] INFO  server.RaftServerConfigKeys (ConfUtils.java:logGet(46)) - raft.server.log.statemachine.data.sync.timeout = 10s (default)
2024-03-04 12:58:09,114 [097e50fe-38d4-45ee-922f-f03bf1c0f16e-groupManagement] INFO  server.RaftServerConfigKeys (ConfUtils.java:logGet(46)) - raft.server.log.statemachine.data.sync.timeout.retry = 0 (custom)
2024-03-04 12:58:09,114 [097e50fe-38d4-45ee-922f-f03bf1c0f16e-groupManagement] INFO  server.RaftServerConfigKeys (ConfUtils.java:logGet(46)) - raft.server.log.write.buffer.size = 8388616 (custom)
2024-03-04 12:58:09,116 [097e50fe-38d4-45ee-922f-f03bf1c0f16e-groupManagement] INFO  server.RaftServerConfigKeys (ConfUtils.java:logGet(46)) - raft.server.log.appender.buffer.byte-limit = 8388608 (custom)
2024-03-04 12:58:09,116 [097e50fe-38d4-45ee-922f-f03bf1c0f16e-groupManagement] INFO  server.RaftServerConfigKeys (ConfUtils.java:logGet(46)) - raft.server.log.unsafe-flush.enabled = false (default)
2024-03-04 12:58:09,116 [097e50fe-38d4-45ee-922f-f03bf1c0f16e-groupManagement] INFO  server.RaftServerConfigKeys (ConfUtils.java:logGet(46)) - raft.server.log.async-flush.enabled = false (default)
2024-03-04 12:58:09,116 [097e50fe-38d4-45ee-922f-f03bf1c0f16e-groupManagement] INFO  server.RaftServerConfigKeys (ConfUtils.java:logGet(46)) - raft.server.log.statemachine.data.caching.enabled = true (custom)
2024-03-04 12:58:09,116 [097e50fe-38d4-45ee-922f-f03bf1c0f16e-groupManagement] INFO  segmented.SegmentedRaftLogWorker (SegmentedRaftLogWorker.java:lambda$new$0(134)) - 097e50fe-38d4-45ee-922f-f03bf1c0f16e@group-36F9B8E795A6-SegmentedRaftLogWorker: flushIndex: setUnconditionally 0 -> -1
2024-03-04 12:58:09,116 [097e50fe-38d4-45ee-922f-f03bf1c0f16e-groupManagement] INFO  segmented.SegmentedRaftLogWorker (SegmentedRaftLogWorker.java:lambda$new$0(134)) - 097e50fe-38d4-45ee-922f-f03bf1c0f16e@group-36F9B8E795A6-SegmentedRaftLogWorker: safeCacheEvictIndex: setUnconditionally 0 -> -1
2024-03-04 12:58:09,116 [097e50fe-38d4-45ee-922f-f03bf1c0f16e-groupManagement] INFO  server.RaftServer$Division (RaftServerImpl.java:start(396)) - 097e50fe-38d4-45ee-922f-f03bf1c0f16e@group-36F9B8E795A6: start as a follower, conf=-1: peers:[b225d8db-41e6-4bb3-882c-dcd695311e70|10.1.0.12:15169, 4d7ce83b-e8ef-4f91-b37b-41ef2f7f2700|10.1.0.12:15151, 097e50fe-38d4-45ee-922f-f03bf1c0f16e|10.1.0.12:15160]|listeners:[], old=null
2024-03-04 12:58:09,116 [097e50fe-38d4-45ee-922f-f03bf1c0f16e-groupManagement] INFO  server.RaftServer$Division (RaftServerImpl.java:setRole(383)) - 097e50fe-38d4-45ee-922f-f03bf1c0f16e@group-36F9B8E795A6: changes role from      null to FOLLOWER at term 0 for startAsFollower
2024-03-04 12:58:09,116 [097e50fe-38d4-45ee-922f-f03bf1c0f16e-groupManagement] INFO  impl.RoleInfo (RoleInfo.java:updateAndGet(139)) - 097e50fe-38d4-45ee-922f-f03bf1c0f16e: start 097e50fe-38d4-45ee-922f-f03bf1c0f16e@group-36F9B8E795A6-FollowerState
2024-03-04 12:58:09,116 [097e50fe-38d4-45ee-922f-f03bf1c0f16e@group-36F9B8E795A6-FollowerState] INFO  server.RaftServerConfigKeys (ConfUtils.java:logFallback(53)) - raft.server.rpc.first-election.timeout.min = 5s (fallback to raft.server.rpc.timeout.min)
2024-03-04 12:58:09,116 [097e50fe-38d4-45ee-922f-f03bf1c0f16e-groupManagement] INFO  util.JmxRegister (JmxRegister.java:tryRegister(44)) - Successfully registered JMX Bean with object name Ratis:service=RaftServer,group=group-36F9B8E795A6,id=097e50fe-38d4-45ee-922f-f03bf1c0f16e
2024-03-04 12:58:09,117 [097e50fe-38d4-45ee-922f-f03bf1c0f16e@group-36F9B8E795A6-FollowerState] INFO  server.RaftServerConfigKeys (ConfUtils.java:logFallback(53)) - raft.server.rpc.first-election.timeout.max = 5200ms (fallback to raft.server.rpc.timeout.max)
2024-03-04 12:58:09,117 [097e50fe-38d4-45ee-922f-f03bf1c0f16e-groupManagement] INFO  server.RaftServerConfigKeys (ConfUtils.java:logGet(46)) - raft.server.snapshot.trigger-when-stop.enabled = true (default)
2024-03-04 12:58:09,117 [097e50fe-38d4-45ee-922f-f03bf1c0f16e-groupManagement] INFO  server.RaftServerConfigKeys (ConfUtils.java:logGet(46)) - raft.server.snapshot.auto.trigger.enabled = true (custom)
2024-03-04 12:58:09,117 [097e50fe-38d4-45ee-922f-f03bf1c0f16e-groupManagement] INFO  server.RaftServerConfigKeys (ConfUtils.java:logGet(46)) - raft.server.snapshot.auto.trigger.threshold = 10000 (custom)
2024-03-04 12:58:09,117 [097e50fe-38d4-45ee-922f-f03bf1c0f16e-groupManagement] INFO  server.RaftServerConfigKeys (ConfUtils.java:logGet(46)) - raft.server.snapshot.retention.file.num = 5 (custom)
2024-03-04 12:58:09,117 [097e50fe-38d4-45ee-922f-f03bf1c0f16e-groupManagement] INFO  server.RaftServerConfigKeys (ConfUtils.java:logGet(46)) - raft.server.log.purge.upto.snapshot.index = false (default)
2024-03-04 12:58:09,120 [4d7ce83b-e8ef-4f91-b37b-41ef2f7f2700-PipelineCommandHandlerThread-0] INFO  commandhandler.CreatePipelineCommandHandler (CreatePipelineCommandHandler.java:lambda$handle$2(124)) - Created Pipeline RATIS THREE PipelineID=c65886fe-ff10-4a39-8ead-36f9b8e795a6.
2024-03-04 12:58:09,144 [097e50fe-38d4-45ee-922f-f03bf1c0f16e-PipelineCommandHandlerThread-0] INFO  server.RaftServer (RaftServerProxy.java:addNew(100)) - 097e50fe-38d4-45ee-922f-f03bf1c0f16e: addNew group-E07B84C4E4C9:[097e50fe-38d4-45ee-922f-f03bf1c0f16e|10.1.0.12:15160] returns group-E07B84C4E4C9:java.util.concurrent.CompletableFuture@6b682de0[Not completed]
2024-03-04 12:58:09,145 [097e50fe-38d4-45ee-922f-f03bf1c0f16e-groupManagement] INFO  server.RaftServer$Division (RaftServerImpl.java:<init>(256)) - 097e50fe-38d4-45ee-922f-f03bf1c0f16e: new RaftServerImpl for group-E07B84C4E4C9:[097e50fe-38d4-45ee-922f-f03bf1c0f16e|10.1.0.12:15160] with ContainerStateMachine:uninitialized
2024-03-04 12:58:09,145 [097e50fe-38d4-45ee-922f-f03bf1c0f16e-groupManagement] INFO  server.RaftServerConfigKeys (ConfUtils.java:logGet(46)) - raft.server.rpc.timeout.min = 5s (custom)
2024-03-04 12:58:09,145 [097e50fe-38d4-45ee-922f-f03bf1c0f16e-groupManagement] INFO  server.RaftServerConfigKeys (ConfUtils.java:logGet(46)) - raft.server.rpc.timeout.max = 5200ms (custom)
2024-03-04 12:58:09,145 [097e50fe-38d4-45ee-922f-f03bf1c0f16e-groupManagement] INFO  server.RaftServerConfigKeys (ConfUtils.java:logGet(46)) - raft.server.rpc.sleep.time = 25ms (default)
2024-03-04 12:58:09,145 [097e50fe-38d4-45ee-922f-f03bf1c0f16e-groupManagement] INFO  server.RaftServerConfigKeys (ConfUtils.java:logGet(46)) - raft.server.rpc.slowness.timeout = 300s (custom)
2024-03-04 12:58:09,145 [097e50fe-38d4-45ee-922f-f03bf1c0f16e-groupManagement] INFO  server.RaftServerConfigKeys (ConfUtils.java:logGet(46)) - raft.server.leaderelection.leader.step-down.wait-time = 10s (default)
2024-03-04 12:58:09,145 [097e50fe-38d4-45ee-922f-f03bf1c0f16e-groupManagement] INFO  server.RaftServerConfigKeys (ConfUtils.java:logGet(46)) - raft.server.leaderelection.member.majority-add = false (default)
2024-03-04 12:58:09,145 [097e50fe-38d4-45ee-922f-f03bf1c0f16e-groupManagement] INFO  server.RaftServerConfigKeys (ConfUtils.java:logGet(46)) - raft.server.sleep.deviation.threshold = 300ms (default)
2024-03-04 12:58:09,145 [097e50fe-38d4-45ee-922f-f03bf1c0f16e-groupManagement] INFO  server.RaftServer$Division (ServerState.java:<init>(113)) - 097e50fe-38d4-45ee-922f-f03bf1c0f16e@group-E07B84C4E4C9: ConfigurationManager, init=-1: peers:[097e50fe-38d4-45ee-922f-f03bf1c0f16e|10.1.0.12:15160]|listeners:[], old=null, confs=<EMPTY_MAP>
2024-03-04 12:58:09,145 [097e50fe-38d4-45ee-922f-f03bf1c0f16e-groupManagement] INFO  server.RaftServerConfigKeys (ConfUtils.java:logGet(46)) - raft.server.notification.no-leader.timeout = 300s (custom)
2024-03-04 12:58:09,145 [097e50fe-38d4-45ee-922f-f03bf1c0f16e-groupManagement] INFO  server.RaftServerConfigKeys (ConfUtils.java:logGet(46)) - raft.server.read.timeout = 10s (default)
2024-03-04 12:58:09,145 [097e50fe-38d4-45ee-922f-f03bf1c0f16e-groupManagement] INFO  server.RaftServerConfigKeys (ConfUtils.java:logGet(46)) - raft.server.retrycache.expirytime = 600000ms (custom)
2024-03-04 12:58:09,145 [097e50fe-38d4-45ee-922f-f03bf1c0f16e-groupManagement] INFO  server.RaftServerConfigKeys (ConfUtils.java:logGet(46)) - raft.server.retrycache.statistics.expirytime = 100ms (default)
2024-03-04 12:58:09,146 [097e50fe-38d4-45ee-922f-f03bf1c0f16e-groupManagement] INFO  server.RaftServerConfigKeys (ConfUtils.java:logGet(46)) - raft.server.read.option = DEFAULT (default)
2024-03-04 12:58:09,146 [097e50fe-38d4-45ee-922f-f03bf1c0f16e-groupManagement] INFO  server.RaftServerConfigKeys (ConfUtils.java:logGet(46)) - raft.server.read.read-after-write-consistent.write-index-cache.expiry-time = 60s (default)
2024-03-04 12:58:09,147 [097e50fe-38d4-45ee-922f-f03bf1c0f16e-groupManagement] INFO  server.RaftServerConfigKeys (ConfUtils.java:logGet(46)) - raft.server.rpc.request.timeout = 60s (custom)
2024-03-04 12:58:09,147 [097e50fe-38d4-45ee-922f-f03bf1c0f16e-groupManagement] INFO  server.RaftServerConfigKeys (ConfUtils.java:logGet(46)) - raft.server.log.appender.install.snapshot.enabled = false (custom)
2024-03-04 12:58:09,147 [097e50fe-38d4-45ee-922f-f03bf1c0f16e-groupManagement] INFO  server.RaftServerConfigKeys (ConfUtils.java:logGet(46)) - raft.server.threadpool.server.cached = true (default)
2024-03-04 12:58:09,147 [097e50fe-38d4-45ee-922f-f03bf1c0f16e-groupManagement] INFO  server.RaftServerConfigKeys (ConfUtils.java:logGet(46)) - raft.server.threadpool.server.size = 0 (default)
2024-03-04 12:58:09,147 [097e50fe-38d4-45ee-922f-f03bf1c0f16e-groupManagement] INFO  server.RaftServerConfigKeys (ConfUtils.java:logGet(46)) - raft.server.threadpool.client.cached = true (default)
2024-03-04 12:58:09,147 [097e50fe-38d4-45ee-922f-f03bf1c0f16e-groupManagement] INFO  server.RaftServerConfigKeys (ConfUtils.java:logGet(46)) - raft.server.threadpool.client.size = 0 (default)
2024-03-04 12:58:09,147 [097e50fe-38d4-45ee-922f-f03bf1c0f16e-groupManagement] INFO  server.RaftServerConfigKeys (ConfUtils.java:logGet(46)) - raft.server.storage.free-space.min = 0MB (=0) (default)
2024-03-04 12:58:09,147 [097e50fe-38d4-45ee-922f-f03bf1c0f16e-groupManagement] INFO  server.RaftServerConfigKeys (ConfUtils.java:logGet(46)) - raft.server.log.corruption.policy = EXCEPTION (default)
2024-03-04 12:58:09,147 [097e50fe-38d4-45ee-922f-f03bf1c0f16e-groupManagement] INFO  server.RaftServerConfigKeys (ConfUtils.java:logGet(46)) - raft.server.storage.dir = [/home/runner/work/ozone/ozone/hadoop-ozone/integration-test/target/test-dir/MiniOzoneClusterImpl-d5abb160-17eb-4229-abdc-d3875330a01a/ozone-meta/datanode-2/ratis] (custom)
2024-03-04 12:58:09,147 [097e50fe-38d4-45ee-922f-f03bf1c0f16e-groupManagement] INFO  storage.RaftStorageDirectory (RaftStorageDirectoryImpl.java:analyzeStorage(138)) - The storage directory /home/runner/work/ozone/ozone/hadoop-ozone/integration-test/target/test-dir/MiniOzoneClusterImpl-d5abb160-17eb-4229-abdc-d3875330a01a/ozone-meta/datanode-2/ratis/f34fb7e4-cbeb-4569-b8c9-e07b84c4e4c9 does not exist. Creating ...
2024-03-04 12:58:09,148 [097e50fe-38d4-45ee-922f-f03bf1c0f16e-groupManagement] INFO  storage.RaftStorageDirectory (RaftStorageDirectoryImpl.java:tryLock(228)) - Lock on /home/runner/work/ozone/ozone/hadoop-ozone/integration-test/target/test-dir/MiniOzoneClusterImpl-d5abb160-17eb-4229-abdc-d3875330a01a/ozone-meta/datanode-2/ratis/f34fb7e4-cbeb-4569-b8c9-e07b84c4e4c9/in_use.lock acquired by nodename 41993@fv-az571-795
2024-03-04 12:58:09,149 [097e50fe-38d4-45ee-922f-f03bf1c0f16e-groupManagement] INFO  storage.RaftStorage (RaftStorageImpl.java:format(99)) - Storage directory /home/runner/work/ozone/ozone/hadoop-ozone/integration-test/target/test-dir/MiniOzoneClusterImpl-d5abb160-17eb-4229-abdc-d3875330a01a/ozone-meta/datanode-2/ratis/f34fb7e4-cbeb-4569-b8c9-e07b84c4e4c9 has been successfully formatted.
2024-03-04 12:58:09,149 [097e50fe-38d4-45ee-922f-f03bf1c0f16e-groupManagement] WARN  util.FileUtils (LogUtils.java:supplyAndLog(63)) - Failed to Files.newInputStream /home/runner/work/ozone/ozone/hadoop-ozone/integration-test/target/test-dir/MiniOzoneClusterImpl-d5abb160-17eb-4229-abdc-d3875330a01a/ozone-meta/datanode-2/ratis/f34fb7e4-cbeb-4569-b8c9-e07b84c4e4c9/current/raft-meta.conf with options []: java.nio.file.NoSuchFileException: /home/runner/work/ozone/ozone/hadoop-ozone/integration-test/target/test-dir/MiniOzoneClusterImpl-d5abb160-17eb-4229-abdc-d3875330a01a/ozone-meta/datanode-2/ratis/f34fb7e4-cbeb-4569-b8c9-e07b84c4e4c9/current/raft-meta.conf
2024-03-04 12:58:09,149 [097e50fe-38d4-45ee-922f-f03bf1c0f16e-groupManagement] INFO  ratis.ContainerStateMachine (ContainerStateMachine.java:loadSnapshot(287)) - group-E07B84C4E4C9: The snapshot info is null. Setting the last applied index to:(t:0, i:~)
2024-03-04 12:58:09,149 [097e50fe-38d4-45ee-922f-f03bf1c0f16e-groupManagement] INFO  server.RaftServerConfigKeys (ConfUtils.java:logGet(46)) - raft.server.log.use.memory = false (default)
2024-03-04 12:58:09,149 [097e50fe-38d4-45ee-922f-f03bf1c0f16e-groupManagement] INFO  server.RaftServerConfigKeys (ConfUtils.java:logGet(46)) - raft.server.log.purge.gap = 1000000 (custom)
2024-03-04 12:58:09,149 [097e50fe-38d4-45ee-922f-f03bf1c0f16e-groupManagement] INFO  server.RaftServerConfigKeys (ConfUtils.java:logGet(46)) - raft.server.log.appender.buffer.byte-limit = 8388608 (custom)
2024-03-04 12:58:09,149 [097e50fe-38d4-45ee-922f-f03bf1c0f16e-groupManagement] INFO  server.RaftServerConfigKeys (ConfUtils.java:logGet(46)) - raft.server.log.statemachine.data.read.timeout = 1000ms (default)
2024-03-04 12:58:09,149 [097e50fe-38d4-45ee-922f-f03bf1c0f16e-groupManagement] INFO  server.RaftServerConfigKeys (ConfUtils.java:logGet(46)) - raft.server.log.purge.preservation.log.num = 0 (default)
2024-03-04 12:58:09,150 [097e50fe-38d4-45ee-922f-f03bf1c0f16e-groupManagement] INFO  server.RaftServerConfigKeys (ConfUtils.java:logGet(46)) - raft.server.log.segment.size.max = 67108864 (custom)
2024-03-04 12:58:09,150 [097e50fe-38d4-45ee-922f-f03bf1c0f16e-groupManagement] INFO  server.RaftServerConfigKeys (ConfUtils.java:logGet(46)) - raft.server.log.segment.cache.num.max = 2 (custom)
2024-03-04 12:58:09,150 [EventQueue-PipelineReportForPipelineReportHandler] INFO  pipeline.PipelineReportHandler (PipelineReportHandler.java:processPipelineReport(136)) - Opened pipeline PipelineID=f34fb7e4-cbeb-4569-b8c9-e07b84c4e4c9
2024-03-04 12:58:09,150 [097e50fe-38d4-45ee-922f-f03bf1c0f16e-groupManagement] INFO  server.RaftServerConfigKeys (ConfUtils.java:logGet(46)) - raft.server.log.segment.cache.size.max = 200MB (=209715200) (default)
2024-03-04 12:58:09,150 [097e50fe-38d4-45ee-922f-f03bf1c0f16e-groupManagement] INFO  server.RaftServerConfigKeys (ConfUtils.java:logGet(46)) - raft.server.log.appender.buffer.byte-limit = 8388608 (custom)
2024-03-04 12:58:09,150 [EventQueue-OpenPipelineForHealthyPipelineSafeModeRule] INFO  safemode.SCMSafeModeManager (HealthyPipelineSafeModeRule.java:process(140)) - SCM in safe mode. Healthy pipelines reported count is 0, required healthy pipeline reported count is 1
2024-03-04 12:58:09,151 [097e50fe-38d4-45ee-922f-f03bf1c0f16e-groupManagement] INFO  util.AwaitToRun (AwaitToRun.java:start(81)) - Thread[097e50fe-38d4-45ee-922f-f03bf1c0f16e@group-E07B84C4E4C9-cacheEviction-AwaitToRun,5,main] started
2024-03-04 12:58:09,151 [097e50fe-38d4-45ee-922f-f03bf1c0f16e-groupManagement] INFO  segmented.SegmentedRaftLogWorker (SegmentedRaftLogWorker.java:<init>(182)) - new 097e50fe-38d4-45ee-922f-f03bf1c0f16e@group-E07B84C4E4C9-SegmentedRaftLogWorker for RaftStorageImpl:Storage Directory /home/runner/work/ozone/ozone/hadoop-ozone/integration-test/target/test-dir/MiniOzoneClusterImpl-d5abb160-17eb-4229-abdc-d3875330a01a/ozone-meta/datanode-2/ratis/f34fb7e4-cbeb-4569-b8c9-e07b84c4e4c9
2024-03-04 12:58:09,151 [097e50fe-38d4-45ee-922f-f03bf1c0f16e-groupManagement] INFO  server.RaftServerConfigKeys (ConfUtils.java:logGet(46)) - raft.server.log.queue.byte-limit = 4294967296 (custom)
2024-03-04 12:58:09,151 [097e50fe-38d4-45ee-922f-f03bf1c0f16e-groupManagement] INFO  server.RaftServerConfigKeys (ConfUtils.java:logGet(46)) - raft.server.log.queue.element-limit = 1024 (custom)
2024-03-04 12:58:09,151 [097e50fe-38d4-45ee-922f-f03bf1c0f16e-groupManagement] INFO  server.RaftServerConfigKeys (ConfUtils.java:logGet(46)) - raft.server.log.segment.size.max = 67108864 (custom)
2024-03-04 12:58:09,151 [097e50fe-38d4-45ee-922f-f03bf1c0f16e-groupManagement] INFO  server.RaftServerConfigKeys (ConfUtils.java:logGet(46)) - raft.server.log.preallocated.size = 4194304 (custom)
2024-03-04 12:58:09,151 [097e50fe-38d4-45ee-922f-f03bf1c0f16e-groupManagement] INFO  server.RaftServerConfigKeys (ConfUtils.java:logGet(46)) - raft.server.log.force.sync.num = 128 (default)
2024-03-04 12:58:09,151 [097e50fe-38d4-45ee-922f-f03bf1c0f16e-groupManagement] INFO  server.RaftServerConfigKeys (ConfUtils.java:logGet(46)) - raft.server.log.statemachine.data.sync = true (default)
2024-03-04 12:58:09,151 [097e50fe-38d4-45ee-922f-f03bf1c0f16e-groupManagement] INFO  server.RaftServerConfigKeys (ConfUtils.java:logGet(46)) - raft.server.log.statemachine.data.sync.timeout = 10s (default)
2024-03-04 12:58:09,151 [097e50fe-38d4-45ee-922f-f03bf1c0f16e-groupManagement] INFO  server.RaftServerConfigKeys (ConfUtils.java:logGet(46)) - raft.server.log.statemachine.data.sync.timeout.retry = 0 (custom)
2024-03-04 12:58:09,151 [097e50fe-38d4-45ee-922f-f03bf1c0f16e-groupManagement] INFO  server.RaftServerConfigKeys (ConfUtils.java:logGet(46)) - raft.server.log.write.buffer.size = 8388616 (custom)
2024-03-04 12:58:09,152 [097e50fe-38d4-45ee-922f-f03bf1c0f16e-groupManagement] INFO  server.RaftServerConfigKeys (ConfUtils.java:logGet(46)) - raft.server.log.appender.buffer.byte-limit = 8388608 (custom)
2024-03-04 12:58:09,152 [097e50fe-38d4-45ee-922f-f03bf1c0f16e-groupManagement] INFO  server.RaftServerConfigKeys (ConfUtils.java:logGet(46)) - raft.server.log.unsafe-flush.enabled = false (default)
2024-03-04 12:58:09,152 [097e50fe-38d4-45ee-922f-f03bf1c0f16e-groupManagement] INFO  server.RaftServerConfigKeys (ConfUtils.java:logGet(46)) - raft.server.log.async-flush.enabled = false (default)
2024-03-04 12:58:09,153 [097e50fe-38d4-45ee-922f-f03bf1c0f16e-groupManagement] INFO  server.RaftServerConfigKeys (ConfUtils.java:logGet(46)) - raft.server.log.statemachine.data.caching.enabled = true (custom)
2024-03-04 12:58:09,153 [097e50fe-38d4-45ee-922f-f03bf1c0f16e-groupManagement] INFO  segmented.SegmentedRaftLogWorker (SegmentedRaftLogWorker.java:lambda$new$0(134)) - 097e50fe-38d4-45ee-922f-f03bf1c0f16e@group-E07B84C4E4C9-SegmentedRaftLogWorker: flushIndex: setUnconditionally 0 -> -1
2024-03-04 12:58:09,153 [097e50fe-38d4-45ee-922f-f03bf1c0f16e-groupManagement] INFO  segmented.SegmentedRaftLogWorker (SegmentedRaftLogWorker.java:lambda$new$0(134)) - 097e50fe-38d4-45ee-922f-f03bf1c0f16e@group-E07B84C4E4C9-SegmentedRaftLogWorker: safeCacheEvictIndex: setUnconditionally 0 -> -1
2024-03-04 12:58:09,153 [097e50fe-38d4-45ee-922f-f03bf1c0f16e-groupManagement] INFO  server.RaftServer$Division (RaftServerImpl.java:start(396)) - 097e50fe-38d4-45ee-922f-f03bf1c0f16e@group-E07B84C4E4C9: start as a follower, conf=-1: peers:[097e50fe-38d4-45ee-922f-f03bf1c0f16e|10.1.0.12:15160]|listeners:[], old=null
2024-03-04 12:58:09,153 [097e50fe-38d4-45ee-922f-f03bf1c0f16e-groupManagement] INFO  server.RaftServer$Division (RaftServerImpl.java:setRole(383)) - 097e50fe-38d4-45ee-922f-f03bf1c0f16e@group-E07B84C4E4C9: changes role from      null to FOLLOWER at term 0 for startAsFollower
2024-03-04 12:58:09,153 [097e50fe-38d4-45ee-922f-f03bf1c0f16e-groupManagement] INFO  impl.RoleInfo (RoleInfo.java:updateAndGet(139)) - 097e50fe-38d4-45ee-922f-f03bf1c0f16e: start 097e50fe-38d4-45ee-922f-f03bf1c0f16e@group-E07B84C4E4C9-FollowerState
2024-03-04 12:58:09,153 [097e50fe-38d4-45ee-922f-f03bf1c0f16e-groupManagement] INFO  util.JmxRegister (JmxRegister.java:tryRegister(44)) - Successfully registered JMX Bean with object name Ratis:service=RaftServer,group=group-E07B84C4E4C9,id=097e50fe-38d4-45ee-922f-f03bf1c0f16e
2024-03-04 12:58:09,153 [097e50fe-38d4-45ee-922f-f03bf1c0f16e@group-E07B84C4E4C9-FollowerState] INFO  server.RaftServerConfigKeys (ConfUtils.java:logFallback(53)) - raft.server.rpc.first-election.timeout.min = 5s (fallback to raft.server.rpc.timeout.min)
2024-03-04 12:58:09,153 [097e50fe-38d4-45ee-922f-f03bf1c0f16e-groupManagement] INFO  server.RaftServerConfigKeys (ConfUtils.java:logGet(46)) - raft.server.snapshot.trigger-when-stop.enabled = true (default)
2024-03-04 12:58:09,153 [097e50fe-38d4-45ee-922f-f03bf1c0f16e@group-E07B84C4E4C9-FollowerState] INFO  server.RaftServerConfigKeys (ConfUtils.java:logFallback(53)) - raft.server.rpc.first-election.timeout.max = 5200ms (fallback to raft.server.rpc.timeout.max)
2024-03-04 12:58:09,153 [097e50fe-38d4-45ee-922f-f03bf1c0f16e-groupManagement] INFO  server.RaftServerConfigKeys (ConfUtils.java:logGet(46)) - raft.server.snapshot.auto.trigger.enabled = true (custom)
2024-03-04 12:58:09,153 [097e50fe-38d4-45ee-922f-f03bf1c0f16e-groupManagement] INFO  server.RaftServerConfigKeys (ConfUtils.java:logGet(46)) - raft.server.snapshot.auto.trigger.threshold = 10000 (custom)
2024-03-04 12:58:09,153 [097e50fe-38d4-45ee-922f-f03bf1c0f16e-groupManagement] INFO  server.RaftServerConfigKeys (ConfUtils.java:logGet(46)) - raft.server.snapshot.retention.file.num = 5 (custom)
2024-03-04 12:58:09,153 [097e50fe-38d4-45ee-922f-f03bf1c0f16e-groupManagement] INFO  server.RaftServerConfigKeys (ConfUtils.java:logGet(46)) - raft.server.log.purge.upto.snapshot.index = false (default)
2024-03-04 12:58:09,154 [097e50fe-38d4-45ee-922f-f03bf1c0f16e-PipelineCommandHandlerThread-0] INFO  ratis.XceiverServerRatis (XceiverServerRatis.java:addGroup(864)) - Created group PipelineID=f34fb7e4-cbeb-4569-b8c9-e07b84c4e4c9
2024-03-04 12:58:09,154 [097e50fe-38d4-45ee-922f-f03bf1c0f16e-PipelineCommandHandlerThread-0] INFO  commandhandler.CreatePipelineCommandHandler (CreatePipelineCommandHandler.java:lambda$handle$2(124)) - Created Pipeline RATIS ONE PipelineID=f34fb7e4-cbeb-4569-b8c9-e07b84c4e4c9.
2024-03-04 12:58:09,275 [main] INFO  ozone.MiniOzoneClusterImpl (MiniOzoneClusterImpl.java:lambda$waitForClusterToBeReady$0(194)) - Nodes are ready. Got 3 of 3 DN Heartbeats.
2024-03-04 12:58:09,275 [main] INFO  ozone.MiniOzoneClusterImpl (MiniOzoneClusterImpl.java:lambda$waitForClusterToBeReady$0(197)) - Waiting for cluster to exit safe mode
2024-03-04 12:58:09,275 [main] INFO  ozone.MiniOzoneClusterImpl (MiniOzoneClusterImpl.java:lambda$waitForClusterToBeReady$0(199)) - SCM became leader
2024-03-04 12:58:09,277 [b225d8db-41e6-4bb3-882c-dcd695311e70-PipelineCommandHandlerThread-0] INFO  server.RaftServer (RaftServerProxy.java:addNew(100)) - b225d8db-41e6-4bb3-882c-dcd695311e70: addNew group-0CB77E7C14E8:[b225d8db-41e6-4bb3-882c-dcd695311e70|10.1.0.12:15169] returns group-0CB77E7C14E8:java.util.concurrent.CompletableFuture@5519b1aa[Not completed]
2024-03-04 12:58:09,277 [b225d8db-41e6-4bb3-882c-dcd695311e70-groupManagement] INFO  server.RaftServer$Division (RaftServerImpl.java:<init>(256)) - b225d8db-41e6-4bb3-882c-dcd695311e70: new RaftServerImpl for group-0CB77E7C14E8:[b225d8db-41e6-4bb3-882c-dcd695311e70|10.1.0.12:15169] with ContainerStateMachine:uninitialized
2024-03-04 12:58:09,278 [b225d8db-41e6-4bb3-882c-dcd695311e70-groupManagement] INFO  server.RaftServerConfigKeys (ConfUtils.java:logGet(46)) - raft.server.rpc.timeout.min = 5s (custom)
2024-03-04 12:58:09,278 [b225d8db-41e6-4bb3-882c-dcd695311e70-groupManagement] INFO  server.RaftServerConfigKeys (ConfUtils.java:logGet(46)) - raft.server.rpc.timeout.max = 5200ms (custom)
2024-03-04 12:58:09,278 [b225d8db-41e6-4bb3-882c-dcd695311e70-groupManagement] INFO  server.RaftServerConfigKeys (ConfUtils.java:logGet(46)) - raft.server.rpc.sleep.time = 25ms (default)
2024-03-04 12:58:09,278 [b225d8db-41e6-4bb3-882c-dcd695311e70-groupManagement] INFO  server.RaftServerConfigKeys (ConfUtils.java:logGet(46)) - raft.server.rpc.slowness.timeout = 300s (custom)
2024-03-04 12:58:09,278 [b225d8db-41e6-4bb3-882c-dcd695311e70-groupManagement] INFO  server.RaftServerConfigKeys (ConfUtils.java:logGet(46)) - raft.server.leaderelection.leader.step-down.wait-time = 10s (default)
2024-03-04 12:58:09,278 [b225d8db-41e6-4bb3-882c-dcd695311e70-groupManagement] INFO  server.RaftServerConfigKeys (ConfUtils.java:logGet(46)) - raft.server.leaderelection.member.majority-add = false (default)
2024-03-04 12:58:09,278 [b225d8db-41e6-4bb3-882c-dcd695311e70-groupManagement] INFO  server.RaftServerConfigKeys (ConfUtils.java:logGet(46)) - raft.server.sleep.deviation.threshold = 300ms (default)
2024-03-04 12:58:09,278 [b225d8db-41e6-4bb3-882c-dcd695311e70-groupManagement] INFO  server.RaftServer$Division (ServerState.java:<init>(113)) - b225d8db-41e6-4bb3-882c-dcd695311e70@group-0CB77E7C14E8: ConfigurationManager, init=-1: peers:[b225d8db-41e6-4bb3-882c-dcd695311e70|10.1.0.12:15169]|listeners:[], old=null, confs=<EMPTY_MAP>
2024-03-04 12:58:09,278 [b225d8db-41e6-4bb3-882c-dcd695311e70-groupManagement] INFO  server.RaftServerConfigKeys (ConfUtils.java:logGet(46)) - raft.server.notification.no-leader.timeout = 300s (custom)
2024-03-04 12:58:09,278 [b225d8db-41e6-4bb3-882c-dcd695311e70-groupManagement] INFO  server.RaftServerConfigKeys (ConfUtils.java:logGet(46)) - raft.server.read.timeout = 10s (default)
2024-03-04 12:58:09,278 [b225d8db-41e6-4bb3-882c-dcd695311e70-groupManagement] INFO  server.RaftServerConfigKeys (ConfUtils.java:logGet(46)) - raft.server.retrycache.expirytime = 600000ms (custom)
2024-03-04 12:58:09,278 [b225d8db-41e6-4bb3-882c-dcd695311e70-groupManagement] INFO  server.RaftServerConfigKeys (ConfUtils.java:logGet(46)) - raft.server.retrycache.statistics.expirytime = 100ms (default)
2024-03-04 12:58:09,278 [b225d8db-41e6-4bb3-882c-dcd695311e70-groupManagement] INFO  server.RaftServerConfigKeys (ConfUtils.java:logGet(46)) - raft.server.read.option = DEFAULT (default)
2024-03-04 12:58:09,278 [b225d8db-41e6-4bb3-882c-dcd695311e70-groupManagement] INFO  server.RaftServerConfigKeys (ConfUtils.java:logGet(46)) - raft.server.read.read-after-write-consistent.write-index-cache.expiry-time = 60s (default)
2024-03-04 12:58:09,279 [b225d8db-41e6-4bb3-882c-dcd695311e70-groupManagement] INFO  server.RaftServerConfigKeys (ConfUtils.java:logGet(46)) - raft.server.rpc.request.timeout = 60s (custom)
2024-03-04 12:58:09,279 [b225d8db-41e6-4bb3-882c-dcd695311e70-groupManagement] INFO  server.RaftServerConfigKeys (ConfUtils.java:logGet(46)) - raft.server.log.appender.install.snapshot.enabled = false (custom)
2024-03-04 12:58:09,279 [b225d8db-41e6-4bb3-882c-dcd695311e70-groupManagement] INFO  server.RaftServerConfigKeys (ConfUtils.java:logGet(46)) - raft.server.threadpool.server.cached = true (default)
2024-03-04 12:58:09,279 [b225d8db-41e6-4bb3-882c-dcd695311e70-groupManagement] INFO  server.RaftServerConfigKeys (ConfUtils.java:logGet(46)) - raft.server.threadpool.server.size = 0 (default)
2024-03-04 12:58:09,279 [b225d8db-41e6-4bb3-882c-dcd695311e70-groupManagement] INFO  server.RaftServerConfigKeys (ConfUtils.java:logGet(46)) - raft.server.threadpool.client.cached = true (default)
2024-03-04 12:58:09,279 [b225d8db-41e6-4bb3-882c-dcd695311e70-groupManagement] INFO  server.RaftServerConfigKeys (ConfUtils.java:logGet(46)) - raft.server.threadpool.client.size = 0 (default)
2024-03-04 12:58:09,279 [b225d8db-41e6-4bb3-882c-dcd695311e70-groupManagement] INFO  server.RaftServerConfigKeys (ConfUtils.java:logGet(46)) - raft.server.storage.free-space.min = 0MB (=0) (default)
2024-03-04 12:58:09,280 [b225d8db-41e6-4bb3-882c-dcd695311e70-groupManagement] INFO  server.RaftServerConfigKeys (ConfUtils.java:logGet(46)) - raft.server.log.corruption.policy = EXCEPTION (default)
2024-03-04 12:58:09,280 [b225d8db-41e6-4bb3-882c-dcd695311e70-groupManagement] INFO  server.RaftServerConfigKeys (ConfUtils.java:logGet(46)) - raft.server.storage.dir = [/home/runner/work/ozone/ozone/hadoop-ozone/integration-test/target/test-dir/MiniOzoneClusterImpl-d5abb160-17eb-4229-abdc-d3875330a01a/ozone-meta/datanode-3/ratis] (custom)
2024-03-04 12:58:09,280 [b225d8db-41e6-4bb3-882c-dcd695311e70-groupManagement] INFO  storage.RaftStorageDirectory (RaftStorageDirectoryImpl.java:analyzeStorage(138)) - The storage directory /home/runner/work/ozone/ozone/hadoop-ozone/integration-test/target/test-dir/MiniOzoneClusterImpl-d5abb160-17eb-4229-abdc-d3875330a01a/ozone-meta/datanode-3/ratis/3e9f4eb8-5100-478e-8f37-0cb77e7c14e8 does not exist. Creating ...
2024-03-04 12:58:09,281 [b225d8db-41e6-4bb3-882c-dcd695311e70-groupManagement] INFO  storage.RaftStorageDirectory (RaftStorageDirectoryImpl.java:tryLock(228)) - Lock on /home/runner/work/ozone/ozone/hadoop-ozone/integration-test/target/test-dir/MiniOzoneClusterImpl-d5abb160-17eb-4229-abdc-d3875330a01a/ozone-meta/datanode-3/ratis/3e9f4eb8-5100-478e-8f37-0cb77e7c14e8/in_use.lock acquired by nodename 41993@fv-az571-795
2024-03-04 12:58:09,281 [b225d8db-41e6-4bb3-882c-dcd695311e70-groupManagement] INFO  storage.RaftStorage (RaftStorageImpl.java:format(99)) - Storage directory /home/runner/work/ozone/ozone/hadoop-ozone/integration-test/target/test-dir/MiniOzoneClusterImpl-d5abb160-17eb-4229-abdc-d3875330a01a/ozone-meta/datanode-3/ratis/3e9f4eb8-5100-478e-8f37-0cb77e7c14e8 has been successfully formatted.
2024-03-04 12:58:09,282 [b225d8db-41e6-4bb3-882c-dcd695311e70-groupManagement] WARN  util.FileUtils (LogUtils.java:supplyAndLog(63)) - Failed to Files.newInputStream /home/runner/work/ozone/ozone/hadoop-ozone/integration-test/target/test-dir/MiniOzoneClusterImpl-d5abb160-17eb-4229-abdc-d3875330a01a/ozone-meta/datanode-3/ratis/3e9f4eb8-5100-478e-8f37-0cb77e7c14e8/current/raft-meta.conf with options []: java.nio.file.NoSuchFileException: /home/runner/work/ozone/ozone/hadoop-ozone/integration-test/target/test-dir/MiniOzoneClusterImpl-d5abb160-17eb-4229-abdc-d3875330a01a/ozone-meta/datanode-3/ratis/3e9f4eb8-5100-478e-8f37-0cb77e7c14e8/current/raft-meta.conf
2024-03-04 12:58:09,282 [b225d8db-41e6-4bb3-882c-dcd695311e70-groupManagement] INFO  ratis.ContainerStateMachine (ContainerStateMachine.java:loadSnapshot(287)) - group-0CB77E7C14E8: The snapshot info is null. Setting the last applied index to:(t:0, i:~)
2024-03-04 12:58:09,282 [b225d8db-41e6-4bb3-882c-dcd695311e70-groupManagement] INFO  server.RaftServerConfigKeys (ConfUtils.java:logGet(46)) - raft.server.log.use.memory = false (default)
2024-03-04 12:58:09,282 [b225d8db-41e6-4bb3-882c-dcd695311e70-groupManagement] INFO  server.RaftServerConfigKeys (ConfUtils.java:logGet(46)) - raft.server.log.purge.gap = 1000000 (custom)
2024-03-04 12:58:09,282 [b225d8db-41e6-4bb3-882c-dcd695311e70-groupManagement] INFO  server.RaftServerConfigKeys (ConfUtils.java:logGet(46)) - raft.server.log.appender.buffer.byte-limit = 8388608 (custom)
2024-03-04 12:58:09,282 [b225d8db-41e6-4bb3-882c-dcd695311e70-groupManagement] INFO  server.RaftServerConfigKeys (ConfUtils.java:logGet(46)) - raft.server.log.statemachine.data.read.timeout = 1000ms (default)
2024-03-04 12:58:09,282 [b225d8db-41e6-4bb3-882c-dcd695311e70-groupManagement] INFO  server.RaftServerConfigKeys (ConfUtils.java:logGet(46)) - raft.server.log.purge.preservation.log.num = 0 (default)
2024-03-04 12:58:09,283 [EventQueue-PipelineReportForPipelineReportHandler] INFO  pipeline.PipelineReportHandler (PipelineReportHandler.java:processPipelineReport(136)) - Opened pipeline PipelineID=3e9f4eb8-5100-478e-8f37-0cb77e7c14e8
2024-03-04 12:58:09,283 [EventQueue-OpenPipelineForHealthyPipelineSafeModeRule] INFO  safemode.SCMSafeModeManager (HealthyPipelineSafeModeRule.java:process(140)) - SCM in safe mode. Healthy pipelines reported count is 0, required healthy pipeline reported count is 1
2024-03-04 12:58:09,283 [b225d8db-41e6-4bb3-882c-dcd695311e70-groupManagement] INFO  server.RaftServerConfigKeys (ConfUtils.java:logGet(46)) - raft.server.log.segment.size.max = 67108864 (custom)
2024-03-04 12:58:09,283 [b225d8db-41e6-4bb3-882c-dcd695311e70-groupManagement] INFO  server.RaftServerConfigKeys (ConfUtils.java:logGet(46)) - raft.server.log.segment.cache.num.max = 2 (custom)
2024-03-04 12:58:09,283 [b225d8db-41e6-4bb3-882c-dcd695311e70-groupManagement] INFO  server.RaftServerConfigKeys (ConfUtils.java:logGet(46)) - raft.server.log.segment.cache.size.max = 200MB (=209715200) (default)
2024-03-04 12:58:09,283 [b225d8db-41e6-4bb3-882c-dcd695311e70-groupManagement] INFO  server.RaftServerConfigKeys (ConfUtils.java:logGet(46)) - raft.server.log.appender.buffer.byte-limit = 8388608 (custom)
2024-03-04 12:58:09,284 [b225d8db-41e6-4bb3-882c-dcd695311e70-groupManagement] INFO  util.AwaitToRun (AwaitToRun.java:start(81)) - Thread[b225d8db-41e6-4bb3-882c-dcd695311e70@group-0CB77E7C14E8-cacheEviction-AwaitToRun,5,main] started
2024-03-04 12:58:09,284 [b225d8db-41e6-4bb3-882c-dcd695311e70-groupManagement] INFO  segmented.SegmentedRaftLogWorker (SegmentedRaftLogWorker.java:<init>(182)) - new b225d8db-41e6-4bb3-882c-dcd695311e70@group-0CB77E7C14E8-SegmentedRaftLogWorker for RaftStorageImpl:Storage Directory /home/runner/work/ozone/ozone/hadoop-ozone/integration-test/target/test-dir/MiniOzoneClusterImpl-d5abb160-17eb-4229-abdc-d3875330a01a/ozone-meta/datanode-3/ratis/3e9f4eb8-5100-478e-8f37-0cb77e7c14e8
2024-03-04 12:58:09,284 [b225d8db-41e6-4bb3-882c-dcd695311e70-groupManagement] INFO  server.RaftServerConfigKeys (ConfUtils.java:logGet(46)) - raft.server.log.queue.byte-limit = 4294967296 (custom)
2024-03-04 12:58:09,284 [b225d8db-41e6-4bb3-882c-dcd695311e70-groupManagement] INFO  server.RaftServerConfigKeys (ConfUtils.java:logGet(46)) - raft.server.log.queue.element-limit = 1024 (custom)
2024-03-04 12:58:09,284 [b225d8db-41e6-4bb3-882c-dcd695311e70-groupManagement] INFO  server.RaftServerConfigKeys (ConfUtils.java:logGet(46)) - raft.server.log.segment.size.max = 67108864 (custom)
2024-03-04 12:58:09,284 [b225d8db-41e6-4bb3-882c-dcd695311e70-groupManagement] INFO  server.RaftServerConfigKeys (ConfUtils.java:logGet(46)) - raft.server.log.preallocated.size = 4194304 (custom)
2024-03-04 12:58:09,284 [b225d8db-41e6-4bb3-882c-dcd695311e70-groupManagement] INFO  server.RaftServerConfigKeys (ConfUtils.java:logGet(46)) - raft.server.log.force.sync.num = 128 (default)
2024-03-04 12:58:09,284 [b225d8db-41e6-4bb3-882c-dcd695311e70-groupManagement] INFO  server.RaftServerConfigKeys (ConfUtils.java:logGet(46)) - raft.server.log.statemachine.data.sync = true (default)
2024-03-04 12:58:09,284 [b225d8db-41e6-4bb3-882c-dcd695311e70-groupManagement] INFO  server.RaftServerConfigKeys (ConfUtils.java:logGet(46)) - raft.server.log.statemachine.data.sync.timeout = 10s (default)
2024-03-04 12:58:09,284 [b225d8db-41e6-4bb3-882c-dcd695311e70-groupManagement] INFO  server.RaftServerConfigKeys (ConfUtils.java:logGet(46)) - raft.server.log.statemachine.data.sync.timeout.retry = 0 (custom)
2024-03-04 12:58:09,285 [b225d8db-41e6-4bb3-882c-dcd695311e70-groupManagement] INFO  server.RaftServerConfigKeys (ConfUtils.java:logGet(46)) - raft.server.log.write.buffer.size = 8388616 (custom)
2024-03-04 12:58:09,286 [b225d8db-41e6-4bb3-882c-dcd695311e70-groupManagement] INFO  server.RaftServerConfigKeys (ConfUtils.java:logGet(46)) - raft.server.log.appender.buffer.byte-limit = 8388608 (custom)
2024-03-04 12:58:09,286 [b225d8db-41e6-4bb3-882c-dcd695311e70-groupManagement] INFO  server.RaftServerConfigKeys (ConfUtils.java:logGet(46)) - raft.server.log.unsafe-flush.enabled = false (default)
2024-03-04 12:58:09,286 [b225d8db-41e6-4bb3-882c-dcd695311e70-groupManagement] INFO  server.RaftServerConfigKeys (ConfUtils.java:logGet(46)) - raft.server.log.async-flush.enabled = false (default)
2024-03-04 12:58:09,286 [b225d8db-41e6-4bb3-882c-dcd695311e70-groupManagement] INFO  server.RaftServerConfigKeys (ConfUtils.java:logGet(46)) - raft.server.log.statemachine.data.caching.enabled = true (custom)
2024-03-04 12:58:09,286 [b225d8db-41e6-4bb3-882c-dcd695311e70-groupManagement] INFO  segmented.SegmentedRaftLogWorker (SegmentedRaftLogWorker.java:lambda$new$0(134)) - b225d8db-41e6-4bb3-882c-dcd695311e70@group-0CB77E7C14E8-SegmentedRaftLogWorker: flushIndex: setUnconditionally 0 -> -1
2024-03-04 12:58:09,286 [b225d8db-41e6-4bb3-882c-dcd695311e70-groupManagement] INFO  segmented.SegmentedRaftLogWorker (SegmentedRaftLogWorker.java:lambda$new$0(134)) - b225d8db-41e6-4bb3-882c-dcd695311e70@group-0CB77E7C14E8-SegmentedRaftLogWorker: safeCacheEvictIndex: setUnconditionally 0 -> -1
2024-03-04 12:58:09,286 [b225d8db-41e6-4bb3-882c-dcd695311e70-groupManagement] INFO  server.RaftServer$Division (RaftServerImpl.java:start(396)) - b225d8db-41e6-4bb3-882c-dcd695311e70@group-0CB77E7C14E8: start as a follower, conf=-1: peers:[b225d8db-41e6-4bb3-882c-dcd695311e70|10.1.0.12:15169]|listeners:[], old=null
2024-03-04 12:58:09,287 [b225d8db-41e6-4bb3-882c-dcd695311e70-groupManagement] INFO  server.RaftServer$Division (RaftServerImpl.java:setRole(383)) - b225d8db-41e6-4bb3-882c-dcd695311e70@group-0CB77E7C14E8: changes role from      null to FOLLOWER at term 0 for startAsFollower
2024-03-04 12:58:09,287 [b225d8db-41e6-4bb3-882c-dcd695311e70-groupManagement] INFO  impl.RoleInfo (RoleInfo.java:updateAndGet(139)) - b225d8db-41e6-4bb3-882c-dcd695311e70: start b225d8db-41e6-4bb3-882c-dcd695311e70@group-0CB77E7C14E8-FollowerState
2024-03-04 12:58:09,287 [b225d8db-41e6-4bb3-882c-dcd695311e70@group-0CB77E7C14E8-FollowerState] INFO  server.RaftServerConfigKeys (ConfUtils.java:logFallback(53)) - raft.server.rpc.first-election.timeout.min = 5s (fallback to raft.server.rpc.timeout.min)
2024-03-04 12:58:09,287 [b225d8db-41e6-4bb3-882c-dcd695311e70-groupManagement] INFO  util.JmxRegister (JmxRegister.java:tryRegister(44)) - Successfully registered JMX Bean with object name Ratis:service=RaftServer,group=group-0CB77E7C14E8,id=b225d8db-41e6-4bb3-882c-dcd695311e70
2024-03-04 12:58:09,287 [b225d8db-41e6-4bb3-882c-dcd695311e70@group-0CB77E7C14E8-FollowerState] INFO  server.RaftServerConfigKeys (ConfUtils.java:logFallback(53)) - raft.server.rpc.first-election.timeout.max = 5200ms (fallback to raft.server.rpc.timeout.max)
2024-03-04 12:58:09,287 [b225d8db-41e6-4bb3-882c-dcd695311e70-groupManagement] INFO  server.RaftServerConfigKeys (ConfUtils.java:logGet(46)) - raft.server.snapshot.trigger-when-stop.enabled = true (default)
2024-03-04 12:58:09,287 [b225d8db-41e6-4bb3-882c-dcd695311e70-groupManagement] INFO  server.RaftServerConfigKeys (ConfUtils.java:logGet(46)) - raft.server.snapshot.auto.trigger.enabled = true (custom)
2024-03-04 12:58:09,287 [b225d8db-41e6-4bb3-882c-dcd695311e70-groupManagement] INFO  server.RaftServerConfigKeys (ConfUtils.java:logGet(46)) - raft.server.snapshot.auto.trigger.threshold = 10000 (custom)
2024-03-04 12:58:09,287 [b225d8db-41e6-4bb3-882c-dcd695311e70-groupManagement] INFO  server.RaftServerConfigKeys (ConfUtils.java:logGet(46)) - raft.server.snapshot.retention.file.num = 5 (custom)
2024-03-04 12:58:09,287 [b225d8db-41e6-4bb3-882c-dcd695311e70-groupManagement] INFO  server.RaftServerConfigKeys (ConfUtils.java:logGet(46)) - raft.server.log.purge.upto.snapshot.index = false (default)
2024-03-04 12:58:09,288 [b225d8db-41e6-4bb3-882c-dcd695311e70-PipelineCommandHandlerThread-0] INFO  ratis.XceiverServerRatis (XceiverServerRatis.java:addGroup(864)) - Created group PipelineID=3e9f4eb8-5100-478e-8f37-0cb77e7c14e8
2024-03-04 12:58:09,288 [b225d8db-41e6-4bb3-882c-dcd695311e70-PipelineCommandHandlerThread-0] INFO  commandhandler.CreatePipelineCommandHandler (CreatePipelineCommandHandler.java:lambda$handle$2(124)) - Created Pipeline RATIS ONE PipelineID=3e9f4eb8-5100-478e-8f37-0cb77e7c14e8.
2024-03-04 12:58:10,276 [main] INFO  ozone.MiniOzoneClusterImpl (MiniOzoneClusterImpl.java:lambda$waitForClusterToBeReady$0(194)) - Nodes are ready. Got 3 of 3 DN Heartbeats.
2024-03-04 12:58:10,276 [main] INFO  ozone.MiniOzoneClusterImpl (MiniOzoneClusterImpl.java:lambda$waitForClusterToBeReady$0(197)) - Waiting for cluster to exit safe mode
2024-03-04 12:58:10,276 [main] INFO  ozone.MiniOzoneClusterImpl (MiniOzoneClusterImpl.java:lambda$waitForClusterToBeReady$0(199)) - SCM became leader
2024-03-04 12:58:11,276 [main] INFO  ozone.MiniOzoneClusterImpl (MiniOzoneClusterImpl.java:lambda$waitForClusterToBeReady$0(194)) - Nodes are ready. Got 3 of 3 DN Heartbeats.
2024-03-04 12:58:11,276 [main] INFO  ozone.MiniOzoneClusterImpl (MiniOzoneClusterImpl.java:lambda$waitForClusterToBeReady$0(197)) - Waiting for cluster to exit safe mode
2024-03-04 12:58:11,277 [main] INFO  ozone.MiniOzoneClusterImpl (MiniOzoneClusterImpl.java:lambda$waitForClusterToBeReady$0(199)) - SCM became leader
2024-03-04 12:58:12,277 [main] INFO  ozone.MiniOzoneClusterImpl (MiniOzoneClusterImpl.java:lambda$waitForClusterToBeReady$0(194)) - Nodes are ready. Got 3 of 3 DN Heartbeats.
2024-03-04 12:58:12,277 [main] INFO  ozone.MiniOzoneClusterImpl (MiniOzoneClusterImpl.java:lambda$waitForClusterToBeReady$0(197)) - Waiting for cluster to exit safe mode
2024-03-04 12:58:12,277 [main] INFO  ozone.MiniOzoneClusterImpl (MiniOzoneClusterImpl.java:lambda$waitForClusterToBeReady$0(199)) - SCM became leader
2024-03-04 12:58:13,277 [main] INFO  ozone.MiniOzoneClusterImpl (MiniOzoneClusterImpl.java:lambda$waitForClusterToBeReady$0(194)) - Nodes are ready. Got 3 of 3 DN Heartbeats.
2024-03-04 12:58:13,278 [main] INFO  ozone.MiniOzoneClusterImpl (MiniOzoneClusterImpl.java:lambda$waitForClusterToBeReady$0(197)) - Waiting for cluster to exit safe mode
2024-03-04 12:58:13,278 [main] INFO  ozone.MiniOzoneClusterImpl (MiniOzoneClusterImpl.java:lambda$waitForClusterToBeReady$0(199)) - SCM became leader
2024-03-04 12:58:14,018 [4d7ce83b-e8ef-4f91-b37b-41ef2f7f2700@group-D55D317F8943-FollowerState] INFO  impl.FollowerState (FollowerState.java:run(143)) - 4d7ce83b-e8ef-4f91-b37b-41ef2f7f2700@group-D55D317F8943-FollowerState: change to CANDIDATE, lastRpcElapsedTime:5009592941ns, electionTimeout:5009ms
2024-03-04 12:58:14,018 [4d7ce83b-e8ef-4f91-b37b-41ef2f7f2700@group-D55D317F8943-FollowerState] INFO  impl.RoleInfo (RoleInfo.java:shutdownFollowerState(110)) - 4d7ce83b-e8ef-4f91-b37b-41ef2f7f2700: shutdown 4d7ce83b-e8ef-4f91-b37b-41ef2f7f2700@group-D55D317F8943-FollowerState
2024-03-04 12:58:14,018 [4d7ce83b-e8ef-4f91-b37b-41ef2f7f2700@group-D55D317F8943-FollowerState] INFO  server.RaftServer$Division (RaftServerImpl.java:setRole(383)) - 4d7ce83b-e8ef-4f91-b37b-41ef2f7f2700@group-D55D317F8943: changes role from  FOLLOWER to CANDIDATE at term 0 for changeToCandidate
2024-03-04 12:58:14,018 [4d7ce83b-e8ef-4f91-b37b-41ef2f7f2700@group-D55D317F8943-FollowerState] INFO  server.RaftServerConfigKeys (ConfUtils.java:logGet(46)) - raft.server.leaderelection.pre-vote = true (default)
2024-03-04 12:58:14,018 [4d7ce83b-e8ef-4f91-b37b-41ef2f7f2700@group-D55D317F8943-FollowerState] INFO  impl.RoleInfo (RoleInfo.java:updateAndGet(139)) - 4d7ce83b-e8ef-4f91-b37b-41ef2f7f2700: start 4d7ce83b-e8ef-4f91-b37b-41ef2f7f2700@group-D55D317F8943-LeaderElection33
2024-03-04 12:58:14,019 [4d7ce83b-e8ef-4f91-b37b-41ef2f7f2700@group-D55D317F8943-LeaderElection33] INFO  impl.LeaderElection (LeaderElection.java:askForVotes(321)) - 4d7ce83b-e8ef-4f91-b37b-41ef2f7f2700@group-D55D317F8943-LeaderElection33 PRE_VOTE round 0: submit vote requests at term 0 for -1: peers:[4d7ce83b-e8ef-4f91-b37b-41ef2f7f2700|10.1.0.12:15151]|listeners:[], old=null
2024-03-04 12:58:14,020 [4d7ce83b-e8ef-4f91-b37b-41ef2f7f2700@group-D55D317F8943-LeaderElection33] INFO  impl.LeaderElection (LeaderElection.java:askForVotes(323)) - 4d7ce83b-e8ef-4f91-b37b-41ef2f7f2700@group-D55D317F8943-LeaderElection33 PRE_VOTE round 0: result PASSED (term=0)
2024-03-04 12:58:14,020 [4d7ce83b-e8ef-4f91-b37b-41ef2f7f2700@group-D55D317F8943-LeaderElection33] INFO  impl.LeaderElection (LeaderElection.java:askForVotes(321)) - 4d7ce83b-e8ef-4f91-b37b-41ef2f7f2700@group-D55D317F8943-LeaderElection33 ELECTION round 0: submit vote requests at term 1 for -1: peers:[4d7ce83b-e8ef-4f91-b37b-41ef2f7f2700|10.1.0.12:15151]|listeners:[], old=null
2024-03-04 12:58:14,021 [4d7ce83b-e8ef-4f91-b37b-41ef2f7f2700@group-D55D317F8943-LeaderElection33] INFO  impl.LeaderElection (LeaderElection.java:askForVotes(323)) - 4d7ce83b-e8ef-4f91-b37b-41ef2f7f2700@group-D55D317F8943-LeaderElection33 ELECTION round 0: result PASSED (term=1)
2024-03-04 12:58:14,021 [4d7ce83b-e8ef-4f91-b37b-41ef2f7f2700@group-D55D317F8943-LeaderElection33] INFO  impl.RoleInfo (RoleInfo.java:shutdownLeaderElection(130)) - 4d7ce83b-e8ef-4f91-b37b-41ef2f7f2700: shutdown 4d7ce83b-e8ef-4f91-b37b-41ef2f7f2700@group-D55D317F8943-LeaderElection33
2024-03-04 12:58:14,021 [4d7ce83b-e8ef-4f91-b37b-41ef2f7f2700@group-D55D317F8943-LeaderElection33] INFO  server.RaftServer$Division (RaftServerImpl.java:setRole(383)) - 4d7ce83b-e8ef-4f91-b37b-41ef2f7f2700@group-D55D317F8943: changes role from CANDIDATE to LEADER at term 1 for changeToLeader
2024-03-04 12:58:14,021 [4d7ce83b-e8ef-4f91-b37b-41ef2f7f2700@group-D55D317F8943-LeaderElection33] INFO  server.RaftServerConfigKeys (ConfUtils.java:logGet(46)) - raft.server.staging.catchup.gap = 1000 (default)
2024-03-04 12:58:14,021 [4d7ce83b-e8ef-4f91-b37b-41ef2f7f2700@group-D55D317F8943-LeaderElection33] INFO  server.RaftServerConfigKeys (ConfUtils.java:logGet(46)) - raft.server.write.element-limit = 1024 (custom)
2024-03-04 12:58:14,021 [4d7ce83b-e8ef-4f91-b37b-41ef2f7f2700@group-D55D317F8943-LeaderElection33] INFO  server.RaftServerConfigKeys (ConfUtils.java:logGet(46)) - raft.server.write.byte-limit = 1024 M (=1073741824) (custom)
2024-03-04 12:58:14,021 [4d7ce83b-e8ef-4f91-b37b-41ef2f7f2700@group-D55D317F8943-LeaderElection33] INFO  server.RaftServerConfigKeys (ConfUtils.java:logGet(46)) - raft.server.watch.timeout = 180s (custom)
2024-03-04 12:58:14,021 [4d7ce83b-e8ef-4f91-b37b-41ef2f7f2700@group-D55D317F8943-LeaderElection33] INFO  server.RaftServerConfigKeys (ConfUtils.java:logGet(46)) - raft.server.watch.timeout.denomination = 1s (default)
2024-03-04 12:58:14,021 [4d7ce83b-e8ef-4f91-b37b-41ef2f7f2700@group-D55D317F8943-LeaderElection33] INFO  server.RaftServerConfigKeys (ConfUtils.java:logGet(46)) - raft.server.watch.element-limit = 65536 (default)
2024-03-04 12:58:14,021 [4d7ce83b-e8ef-4f91-b37b-41ef2f7f2700@group-D55D317F8943-LeaderElection33] INFO  server.RaftServerConfigKeys (ConfUtils.java:logGet(46)) - raft.server.read.leader.lease.enabled = false (default)
2024-03-04 12:58:14,021 [4d7ce83b-e8ef-4f91-b37b-41ef2f7f2700@group-D55D317F8943-LeaderElection33] INFO  server.RaftServerConfigKeys (ConfUtils.java:logGet(46)) - raft.server.read.leader.lease.timeout.ratio = 0.9 (default)
2024-03-04 12:58:14,022 [4d7ce83b-e8ef-4f91-b37b-41ef2f7f2700@group-D55D317F8943-LeaderElection33] INFO  server.RaftServerConfigKeys (ConfUtils.java:logGet(46)) - raft.server.rpc.timeout.min = 5s (custom)
2024-03-04 12:58:14,022 [4d7ce83b-e8ef-4f91-b37b-41ef2f7f2700@group-D55D317F8943-LeaderElection33] INFO  server.RaftServerConfigKeys (ConfUtils.java:logGet(46)) - raft.server.write.element-limit = 1024 (custom)
2024-03-04 12:58:14,022 [4d7ce83b-e8ef-4f91-b37b-41ef2f7f2700@group-D55D317F8943-LeaderElection33] INFO  server.RaftServerConfigKeys (ConfUtils.java:logGet(46)) - raft.server.write.follower.gap.ratio.max = -1.0 (default)
2024-03-04 12:58:14,022 [4d7ce83b-e8ef-4f91-b37b-41ef2f7f2700@group-D55D317F8943-LeaderElection33] INFO  impl.RoleInfo (RoleInfo.java:updateAndGet(139)) - 4d7ce83b-e8ef-4f91-b37b-41ef2f7f2700: start 4d7ce83b-e8ef-4f91-b37b-41ef2f7f2700@group-D55D317F8943-LeaderStateImpl
2024-03-04 12:58:14,022 [4d7ce83b-e8ef-4f91-b37b-41ef2f7f2700@group-D55D317F8943-LeaderElection33] INFO  server.RaftServer$Division (RaftServerImpl.java:setFirstElection(574)) - 4d7ce83b-e8ef-4f91-b37b-41ef2f7f2700@group-D55D317F8943: set firstElectionSinceStartup to false for becomeLeader
2024-03-04 12:58:14,022 [4d7ce83b-e8ef-4f91-b37b-41ef2f7f2700@group-D55D317F8943-LeaderElection33] INFO  ratis.XceiverServerRatis (XceiverServerRatis.java:handleLeaderChangedNotification(966)) - Leader change notification received for group: group-D55D317F8943 with new leaderId: 4d7ce83b-e8ef-4f91-b37b-41ef2f7f2700
2024-03-04 12:58:14,022 [4d7ce83b-e8ef-4f91-b37b-41ef2f7f2700@group-D55D317F8943-LeaderElection33] INFO  server.RaftServer$Division (ServerState.java:setLeader(269)) - 4d7ce83b-e8ef-4f91-b37b-41ef2f7f2700@group-D55D317F8943: change Leader from null to 4d7ce83b-e8ef-4f91-b37b-41ef2f7f2700 at term 1 for becomeLeader, leader elected after 5024ms
2024-03-04 12:58:14,022 [4d7ce83b-e8ef-4f91-b37b-41ef2f7f2700@group-D55D317F8943-LeaderElection33] INFO  segmented.SegmentedRaftLogWorker (SegmentedRaftLogWorker.java:startLogSegment(430)) - 4d7ce83b-e8ef-4f91-b37b-41ef2f7f2700@group-D55D317F8943-SegmentedRaftLogWorker: Starting segment from index:0
2024-03-04 12:58:14,022 [4d7ce83b-e8ef-4f91-b37b-41ef2f7f2700@group-D55D317F8943-SegmentedRaftLogWorker] INFO  segmented.BufferedWriteChannel (BufferedWriteChannel.java:open(62)) - open log_inprogress_0 at position 0
2024-03-04 12:58:14,026 [4d7ce83b-e8ef-4f91-b37b-41ef2f7f2700@group-D55D317F8943-LeaderElection33] INFO  server.RaftServer$Division (ServerState.java:setRaftConf(386)) - 4d7ce83b-e8ef-4f91-b37b-41ef2f7f2700@group-D55D317F8943: set configuration 0: peers:[4d7ce83b-e8ef-4f91-b37b-41ef2f7f2700|10.1.0.12:15151]|listeners:[], old=null
2024-03-04 12:58:14,026 [EventQueue-OpenPipelineForHealthyPipelineSafeModeRule] INFO  safemode.SCMSafeModeManager (HealthyPipelineSafeModeRule.java:process(140)) - SCM in safe mode. Healthy pipelines reported count is 0, required healthy pipeline reported count is 1
2024-03-04 12:58:14,029 [4d7ce83b-e8ef-4f91-b37b-41ef2f7f2700@group-D55D317F8943-SegmentedRaftLogWorker] INFO  segmented.SegmentedRaftLogWorker (SegmentedRaftLogWorker.java:execute(634)) - 4d7ce83b-e8ef-4f91-b37b-41ef2f7f2700@group-D55D317F8943-SegmentedRaftLogWorker: created new log segment /home/runner/work/ozone/ozone/hadoop-ozone/integration-test/target/test-dir/MiniOzoneClusterImpl-d5abb160-17eb-4229-abdc-d3875330a01a/ozone-meta/datanode-1/ratis/b912f3c0-b386-4fd7-a63b-d55d317f8943/current/log_inprogress_0
2024-03-04 12:58:14,030 [4d7ce83b-e8ef-4f91-b37b-41ef2f7f2700@group-D55D317F8943-StateMachineUpdater] INFO  server.RaftServer$Division (LeaderStateImpl.java:isApplied(320)) - leader is ready since appliedIndex == 0 >= startIndex == 0
2024-03-04 12:58:14,086 [b225d8db-41e6-4bb3-882c-dcd695311e70@group-5AEB6FC1032E-FollowerState] INFO  impl.FollowerState (FollowerState.java:run(143)) - b225d8db-41e6-4bb3-882c-dcd695311e70@group-5AEB6FC1032E-FollowerState: change to CANDIDATE, lastRpcElapsedTime:5047484779ns, electionTimeout:5047ms
2024-03-04 12:58:14,086 [b225d8db-41e6-4bb3-882c-dcd695311e70@group-5AEB6FC1032E-FollowerState] INFO  impl.RoleInfo (RoleInfo.java:shutdownFollowerState(110)) - b225d8db-41e6-4bb3-882c-dcd695311e70: shutdown b225d8db-41e6-4bb3-882c-dcd695311e70@group-5AEB6FC1032E-FollowerState
2024-03-04 12:58:14,086 [b225d8db-41e6-4bb3-882c-dcd695311e70@group-5AEB6FC1032E-FollowerState] INFO  server.RaftServer$Division (RaftServerImpl.java:setRole(383)) - b225d8db-41e6-4bb3-882c-dcd695311e70@group-5AEB6FC1032E: changes role from  FOLLOWER to CANDIDATE at term 0 for changeToCandidate
2024-03-04 12:58:14,086 [b225d8db-41e6-4bb3-882c-dcd695311e70@group-5AEB6FC1032E-FollowerState] INFO  server.RaftServerConfigKeys (ConfUtils.java:logGet(46)) - raft.server.leaderelection.pre-vote = true (default)
2024-03-04 12:58:14,086 [b225d8db-41e6-4bb3-882c-dcd695311e70@group-5AEB6FC1032E-FollowerState] INFO  impl.RoleInfo (RoleInfo.java:updateAndGet(139)) - b225d8db-41e6-4bb3-882c-dcd695311e70: start b225d8db-41e6-4bb3-882c-dcd695311e70@group-5AEB6FC1032E-LeaderElection34
2024-03-04 12:58:14,088 [b225d8db-41e6-4bb3-882c-dcd695311e70@group-5AEB6FC1032E-LeaderElection34] INFO  impl.LeaderElection (LeaderElection.java:askForVotes(321)) - b225d8db-41e6-4bb3-882c-dcd695311e70@group-5AEB6FC1032E-LeaderElection34 PRE_VOTE round 0: submit vote requests at term 0 for -1: peers:[b225d8db-41e6-4bb3-882c-dcd695311e70|10.1.0.12:15169, 4d7ce83b-e8ef-4f91-b37b-41ef2f7f2700|10.1.0.12:15151, 097e50fe-38d4-45ee-922f-f03bf1c0f16e|10.1.0.12:15160]|listeners:[], old=null
2024-03-04 12:58:14,088 [b225d8db-41e6-4bb3-882c-dcd695311e70@group-5AEB6FC1032E-LeaderElection34-1] INFO  server.GrpcServerProtocolClient (GrpcServerProtocolClient.java:<init>(65)) - Build channel for 4d7ce83b-e8ef-4f91-b37b-41ef2f7f2700|10.1.0.12:15151
2024-03-04 12:58:14,088 [b225d8db-41e6-4bb3-882c-dcd695311e70@group-5AEB6FC1032E-LeaderElection34-2] INFO  server.GrpcServerProtocolClient (GrpcServerProtocolClient.java:<init>(65)) - Build channel for 097e50fe-38d4-45ee-922f-f03bf1c0f16e|10.1.0.12:15160
2024-03-04 12:58:14,088 [b225d8db-41e6-4bb3-882c-dcd695311e70@group-5AEB6FC1032E-LeaderElection34] INFO  server.RaftServerConfigKeys (ConfUtils.java:logFallback(53)) - raft.server.rpc.first-election.timeout.min = 5s (fallback to raft.server.rpc.timeout.min)
2024-03-04 12:58:14,088 [b225d8db-41e6-4bb3-882c-dcd695311e70@group-5AEB6FC1032E-LeaderElection34] INFO  server.RaftServerConfigKeys (ConfUtils.java:logFallback(53)) - raft.server.rpc.first-election.timeout.max = 5200ms (fallback to raft.server.rpc.timeout.max)
2024-03-04 12:58:14,092 [grpc-default-executor-1] INFO  server.RaftServer$Division (RaftServerImpl.java:requestVote(1389)) - 4d7ce83b-e8ef-4f91-b37b-41ef2f7f2700@group-5AEB6FC1032E: receive requestVote(PRE_VOTE, b225d8db-41e6-4bb3-882c-dcd695311e70, group-5AEB6FC1032E, 0, (t:0, i:0))
2024-03-04 12:58:14,092 [grpc-default-executor-1] INFO  impl.VoteContext (VoteContext.java:log(49)) - 4d7ce83b-e8ef-4f91-b37b-41ef2f7f2700@group-5AEB6FC1032E-FOLLOWER: accept PRE_VOTE from b225d8db-41e6-4bb3-882c-dcd695311e70: our priority 0 <= candidate's priority 1
2024-03-04 12:58:14,092 [grpc-default-executor-1] INFO  server.RaftServer$Division (RaftServerImpl.java:requestVote(1422)) - 4d7ce83b-e8ef-4f91-b37b-41ef2f7f2700@group-5AEB6FC1032E replies to PRE_VOTE vote request: b225d8db-41e6-4bb3-882c-dcd695311e70<-4d7ce83b-e8ef-4f91-b37b-41ef2f7f2700#0:OK-t0. Peer's state: 4d7ce83b-e8ef-4f91-b37b-41ef2f7f2700@group-5AEB6FC1032E:t0, leader=null, voted=, raftlog=Memoized:4d7ce83b-e8ef-4f91-b37b-41ef2f7f2700@group-5AEB6FC1032E-SegmentedRaftLog:OPENED:c-1, conf=-1: peers:[b225d8db-41e6-4bb3-882c-dcd695311e70|10.1.0.12:15169, 4d7ce83b-e8ef-4f91-b37b-41ef2f7f2700|10.1.0.12:15151, 097e50fe-38d4-45ee-922f-f03bf1c0f16e|10.1.0.12:15160]|listeners:[], old=null
2024-03-04 12:58:14,092 [b225d8db-41e6-4bb3-882c-dcd695311e70@group-5AEB6FC1032E-LeaderElection34] INFO  impl.LeaderElection (LeaderElection.java:logAndReturn(89)) - b225d8db-41e6-4bb3-882c-dcd695311e70@group-5AEB6FC1032E-LeaderElection34: PRE_VOTE PASSED received 1 response(s) and 0 exception(s):
2024-03-04 12:58:14,092 [b225d8db-41e6-4bb3-882c-dcd695311e70@group-5AEB6FC1032E-LeaderElection34] INFO  impl.LeaderElection (LeaderElection.java:logAndReturn(93)) -   Response 0: b225d8db-41e6-4bb3-882c-dcd695311e70<-4d7ce83b-e8ef-4f91-b37b-41ef2f7f2700#0:OK-t0
2024-03-04 12:58:14,092 [b225d8db-41e6-4bb3-882c-dcd695311e70@group-5AEB6FC1032E-LeaderElection34] INFO  impl.LeaderElection (LeaderElection.java:askForVotes(323)) - b225d8db-41e6-4bb3-882c-dcd695311e70@group-5AEB6FC1032E-LeaderElection34 PRE_VOTE round 0: result PASSED
2024-03-04 12:58:14,094 [b225d8db-41e6-4bb3-882c-dcd695311e70@group-5AEB6FC1032E-LeaderElection34] INFO  impl.LeaderElection (LeaderElection.java:askForVotes(321)) - b225d8db-41e6-4bb3-882c-dcd695311e70@group-5AEB6FC1032E-LeaderElection34 ELECTION round 0: submit vote requests at term 1 for -1: peers:[b225d8db-41e6-4bb3-882c-dcd695311e70|10.1.0.12:15169, 4d7ce83b-e8ef-4f91-b37b-41ef2f7f2700|10.1.0.12:15151, 097e50fe-38d4-45ee-922f-f03bf1c0f16e|10.1.0.12:15160]|listeners:[], old=null
2024-03-04 12:58:14,094 [b225d8db-41e6-4bb3-882c-dcd695311e70@group-5AEB6FC1032E-LeaderElection34] INFO  server.RaftServerConfigKeys (ConfUtils.java:logFallback(53)) - raft.server.rpc.first-election.timeout.min = 5s (fallback to raft.server.rpc.timeout.min)
2024-03-04 12:58:14,094 [b225d8db-41e6-4bb3-882c-dcd695311e70@group-5AEB6FC1032E-LeaderElection34] INFO  server.RaftServerConfigKeys (ConfUtils.java:logFallback(53)) - raft.server.rpc.first-election.timeout.max = 5200ms (fallback to raft.server.rpc.timeout.max)
2024-03-04 12:58:14,095 [grpc-default-executor-4] INFO  server.RaftServer$Division (RaftServerImpl.java:requestVote(1389)) - 097e50fe-38d4-45ee-922f-f03bf1c0f16e@group-5AEB6FC1032E: receive requestVote(ELECTION, b225d8db-41e6-4bb3-882c-dcd695311e70, group-5AEB6FC1032E, 1, (t:0, i:0))
2024-03-04 12:58:14,095 [grpc-default-executor-1] INFO  server.RaftServer$Division (RaftServerImpl.java:requestVote(1389)) - 097e50fe-38d4-45ee-922f-f03bf1c0f16e@group-5AEB6FC1032E: receive requestVote(PRE_VOTE, b225d8db-41e6-4bb3-882c-dcd695311e70, group-5AEB6FC1032E, 0, (t:0, i:0))
2024-03-04 12:58:14,096 [grpc-default-executor-4] INFO  impl.VoteContext (VoteContext.java:log(49)) - 097e50fe-38d4-45ee-922f-f03bf1c0f16e@group-5AEB6FC1032E-FOLLOWER: accept ELECTION from b225d8db-41e6-4bb3-882c-dcd695311e70: our priority 0 <= candidate's priority 1
2024-03-04 12:58:14,097 [grpc-default-executor-4] INFO  server.RaftServer$Division (RaftServerImpl.java:setRole(383)) - 097e50fe-38d4-45ee-922f-f03bf1c0f16e@group-5AEB6FC1032E: changes role from  FOLLOWER to FOLLOWER at term 1 for candidate:b225d8db-41e6-4bb3-882c-dcd695311e70
2024-03-04 12:58:14,097 [grpc-default-executor-4] INFO  impl.RoleInfo (RoleInfo.java:shutdownFollowerState(110)) - 097e50fe-38d4-45ee-922f-f03bf1c0f16e: shutdown 097e50fe-38d4-45ee-922f-f03bf1c0f16e@group-5AEB6FC1032E-FollowerState
2024-03-04 12:58:14,097 [grpc-default-executor-4] INFO  impl.RoleInfo (RoleInfo.java:updateAndGet(139)) - 097e50fe-38d4-45ee-922f-f03bf1c0f16e: start 097e50fe-38d4-45ee-922f-f03bf1c0f16e@group-5AEB6FC1032E-FollowerState
2024-03-04 12:58:14,097 [097e50fe-38d4-45ee-922f-f03bf1c0f16e@group-5AEB6FC1032E-FollowerState] INFO  impl.FollowerState (FollowerState.java:run(152)) - 097e50fe-38d4-45ee-922f-f03bf1c0f16e@group-5AEB6FC1032E-FollowerState was interrupted
2024-03-04 12:58:14,097 [grpc-default-executor-4] INFO  server.RaftServer$Division (RaftServerImpl.java:setFirstElection(574)) - 097e50fe-38d4-45ee-922f-f03bf1c0f16e@group-5AEB6FC1032E: set firstElectionSinceStartup to false for candidate:b225d8db-41e6-4bb3-882c-dcd695311e70
2024-03-04 12:58:14,097 [grpc-default-executor-0] INFO  server.RaftServer$Division (RaftServerImpl.java:requestVote(1389)) - 4d7ce83b-e8ef-4f91-b37b-41ef2f7f2700@group-5AEB6FC1032E: receive requestVote(ELECTION, b225d8db-41e6-4bb3-882c-dcd695311e70, group-5AEB6FC1032E, 1, (t:0, i:0))
2024-03-04 12:58:14,098 [grpc-default-executor-0] INFO  impl.VoteContext (VoteContext.java:log(49)) - 4d7ce83b-e8ef-4f91-b37b-41ef2f7f2700@group-5AEB6FC1032E-FOLLOWER: accept ELECTION from b225d8db-41e6-4bb3-882c-dcd695311e70: our priority 0 <= candidate's priority 1
2024-03-04 12:58:14,098 [grpc-default-executor-4] INFO  server.RaftServer$Division (RaftServerImpl.java:requestVote(1422)) - 097e50fe-38d4-45ee-922f-f03bf1c0f16e@group-5AEB6FC1032E replies to ELECTION vote request: b225d8db-41e6-4bb3-882c-dcd695311e70<-097e50fe-38d4-45ee-922f-f03bf1c0f16e#0:OK-t1. Peer's state: 097e50fe-38d4-45ee-922f-f03bf1c0f16e@group-5AEB6FC1032E:t1, leader=null, voted=b225d8db-41e6-4bb3-882c-dcd695311e70, raftlog=Memoized:097e50fe-38d4-45ee-922f-f03bf1c0f16e@group-5AEB6FC1032E-SegmentedRaftLog:OPENED:c-1, conf=-1: peers:[b225d8db-41e6-4bb3-882c-dcd695311e70|10.1.0.12:15169, 4d7ce83b-e8ef-4f91-b37b-41ef2f7f2700|10.1.0.12:15151, 097e50fe-38d4-45ee-922f-f03bf1c0f16e|10.1.0.12:15160]|listeners:[], old=null
2024-03-04 12:58:14,098 [grpc-default-executor-0] INFO  server.RaftServer$Division (RaftServerImpl.java:setRole(383)) - 4d7ce83b-e8ef-4f91-b37b-41ef2f7f2700@group-5AEB6FC1032E: changes role from  FOLLOWER to FOLLOWER at term 1 for candidate:b225d8db-41e6-4bb3-882c-dcd695311e70
2024-03-04 12:58:14,098 [grpc-default-executor-0] INFO  impl.RoleInfo (RoleInfo.java:shutdownFollowerState(110)) - 4d7ce83b-e8ef-4f91-b37b-41ef2f7f2700: shutdown 4d7ce83b-e8ef-4f91-b37b-41ef2f7f2700@group-5AEB6FC1032E-FollowerState
2024-03-04 12:58:14,099 [grpc-default-executor-0] INFO  impl.RoleInfo (RoleInfo.java:updateAndGet(139)) - 4d7ce83b-e8ef-4f91-b37b-41ef2f7f2700: start 4d7ce83b-e8ef-4f91-b37b-41ef2f7f2700@group-5AEB6FC1032E-FollowerState
2024-03-04 12:58:14,099 [grpc-default-executor-1] INFO  impl.VoteContext (VoteContext.java:log(49)) - 097e50fe-38d4-45ee-922f-f03bf1c0f16e@group-5AEB6FC1032E-FOLLOWER: accept PRE_VOTE from b225d8db-41e6-4bb3-882c-dcd695311e70: our priority 0 <= candidate's priority 1
2024-03-04 12:58:14,099 [4d7ce83b-e8ef-4f91-b37b-41ef2f7f2700@group-5AEB6FC1032E-FollowerState] INFO  impl.FollowerState (FollowerState.java:run(152)) - 4d7ce83b-e8ef-4f91-b37b-41ef2f7f2700@group-5AEB6FC1032E-FollowerState was interrupted
2024-03-04 12:58:14,099 [grpc-default-executor-1] INFO  server.RaftServer$Division (RaftServerImpl.java:requestVote(1422)) - 097e50fe-38d4-45ee-922f-f03bf1c0f16e@group-5AEB6FC1032E replies to PRE_VOTE vote request: b225d8db-41e6-4bb3-882c-dcd695311e70<-097e50fe-38d4-45ee-922f-f03bf1c0f16e#0:OK-t1. Peer's state: 097e50fe-38d4-45ee-922f-f03bf1c0f16e@group-5AEB6FC1032E:t1, leader=null, voted=b225d8db-41e6-4bb3-882c-dcd695311e70, raftlog=Memoized:097e50fe-38d4-45ee-922f-f03bf1c0f16e@group-5AEB6FC1032E-SegmentedRaftLog:OPENED:c-1, conf=-1: peers:[b225d8db-41e6-4bb3-882c-dcd695311e70|10.1.0.12:15169, 4d7ce83b-e8ef-4f91-b37b-41ef2f7f2700|10.1.0.12:15151, 097e50fe-38d4-45ee-922f-f03bf1c0f16e|10.1.0.12:15160]|listeners:[], old=null
2024-03-04 12:58:14,099 [grpc-default-executor-0] INFO  server.RaftServer$Division (RaftServerImpl.java:setFirstElection(574)) - 4d7ce83b-e8ef-4f91-b37b-41ef2f7f2700@group-5AEB6FC1032E: set firstElectionSinceStartup to false for candidate:b225d8db-41e6-4bb3-882c-dcd695311e70
2024-03-04 12:58:14,099 [b225d8db-41e6-4bb3-882c-dcd695311e70@group-5AEB6FC1032E-LeaderElection34] INFO  impl.LeaderElection (LeaderElection.java:logAndReturn(89)) - b225d8db-41e6-4bb3-882c-dcd695311e70@group-5AEB6FC1032E-LeaderElection34: ELECTION PASSED received 1 response(s) and 0 exception(s):
2024-03-04 12:58:14,100 [b225d8db-41e6-4bb3-882c-dcd695311e70@group-5AEB6FC1032E-LeaderElection34] INFO  impl.LeaderElection (LeaderElection.java:logAndReturn(93)) -   Response 0: b225d8db-41e6-4bb3-882c-dcd695311e70<-097e50fe-38d4-45ee-922f-f03bf1c0f16e#0:OK-t1
2024-03-04 12:58:14,100 [b225d8db-41e6-4bb3-882c-dcd695311e70@group-5AEB6FC1032E-LeaderElection34] INFO  impl.LeaderElection (LeaderElection.java:askForVotes(323)) - b225d8db-41e6-4bb3-882c-dcd695311e70@group-5AEB6FC1032E-LeaderElection34 ELECTION round 0: result PASSED
2024-03-04 12:58:14,100 [b225d8db-41e6-4bb3-882c-dcd695311e70@group-5AEB6FC1032E-LeaderElection34] INFO  impl.RoleInfo (RoleInfo.java:shutdownLeaderElection(130)) - b225d8db-41e6-4bb3-882c-dcd695311e70: shutdown b225d8db-41e6-4bb3-882c-dcd695311e70@group-5AEB6FC1032E-LeaderElection34
2024-03-04 12:58:14,100 [b225d8db-41e6-4bb3-882c-dcd695311e70@group-5AEB6FC1032E-LeaderElection34] INFO  server.RaftServer$Division (RaftServerImpl.java:setRole(383)) - b225d8db-41e6-4bb3-882c-dcd695311e70@group-5AEB6FC1032E: changes role from CANDIDATE to LEADER at term 1 for changeToLeader
2024-03-04 12:58:14,100 [b225d8db-41e6-4bb3-882c-dcd695311e70@group-5AEB6FC1032E-LeaderElection34] INFO  server.RaftServerConfigKeys (ConfUtils.java:logGet(46)) - raft.server.staging.catchup.gap = 1000 (default)
2024-03-04 12:58:14,100 [grpc-default-executor-0] INFO  server.RaftServer$Division (RaftServerImpl.java:requestVote(1422)) - 4d7ce83b-e8ef-4f91-b37b-41ef2f7f2700@group-5AEB6FC1032E replies to ELECTION vote request: b225d8db-41e6-4bb3-882c-dcd695311e70<-4d7ce83b-e8ef-4f91-b37b-41ef2f7f2700#0:OK-t1. Peer's state: 4d7ce83b-e8ef-4f91-b37b-41ef2f7f2700@group-5AEB6FC1032E:t1, leader=null, voted=b225d8db-41e6-4bb3-882c-dcd695311e70, raftlog=Memoized:4d7ce83b-e8ef-4f91-b37b-41ef2f7f2700@group-5AEB6FC1032E-SegmentedRaftLog:OPENED:c-1, conf=-1: peers:[b225d8db-41e6-4bb3-882c-dcd695311e70|10.1.0.12:15169, 4d7ce83b-e8ef-4f91-b37b-41ef2f7f2700|10.1.0.12:15151, 097e50fe-38d4-45ee-922f-f03bf1c0f16e|10.1.0.12:15160]|listeners:[], old=null
2024-03-04 12:58:14,100 [b225d8db-41e6-4bb3-882c-dcd695311e70@group-5AEB6FC1032E-LeaderElection34] INFO  server.RaftServerConfigKeys (ConfUtils.java:logGet(46)) - raft.server.write.element-limit = 1024 (custom)
2024-03-04 12:58:14,100 [b225d8db-41e6-4bb3-882c-dcd695311e70@group-5AEB6FC1032E-LeaderElection34] INFO  server.RaftServerConfigKeys (ConfUtils.java:logGet(46)) - raft.server.write.byte-limit = 1024 M (=1073741824) (custom)
2024-03-04 12:58:14,100 [b225d8db-41e6-4bb3-882c-dcd695311e70@group-5AEB6FC1032E-LeaderElection34] INFO  server.RaftServerConfigKeys (ConfUtils.java:logGet(46)) - raft.server.watch.timeout = 180s (custom)
2024-03-04 12:58:14,100 [b225d8db-41e6-4bb3-882c-dcd695311e70@group-5AEB6FC1032E-LeaderElection34] INFO  server.RaftServerConfigKeys (ConfUtils.java:logGet(46)) - raft.server.watch.timeout.denomination = 1s (default)
2024-03-04 12:58:14,100 [b225d8db-41e6-4bb3-882c-dcd695311e70@group-5AEB6FC1032E-LeaderElection34] INFO  server.RaftServerConfigKeys (ConfUtils.java:logGet(46)) - raft.server.watch.element-limit = 65536 (default)
2024-03-04 12:58:14,101 [b225d8db-41e6-4bb3-882c-dcd695311e70@group-5AEB6FC1032E-LeaderElection34] INFO  server.RaftServerConfigKeys (ConfUtils.java:logGet(46)) - raft.server.read.leader.lease.enabled = false (default)
2024-03-04 12:58:14,101 [b225d8db-41e6-4bb3-882c-dcd695311e70@group-5AEB6FC1032E-LeaderElection34] INFO  server.RaftServerConfigKeys (ConfUtils.java:logGet(46)) - raft.server.read.leader.lease.timeout.ratio = 0.9 (default)
2024-03-04 12:58:14,101 [b225d8db-41e6-4bb3-882c-dcd695311e70@group-5AEB6FC1032E-LeaderElection34] INFO  server.RaftServerConfigKeys (ConfUtils.java:logGet(46)) - raft.server.rpc.timeout.min = 5s (custom)
2024-03-04 12:58:14,101 [b225d8db-41e6-4bb3-882c-dcd695311e70@group-5AEB6FC1032E-LeaderElection34] INFO  server.RaftServerConfigKeys (ConfUtils.java:logGet(46)) - raft.server.write.element-limit = 1024 (custom)
2024-03-04 12:58:14,101 [b225d8db-41e6-4bb3-882c-dcd695311e70@group-5AEB6FC1032E-LeaderElection34] INFO  server.RaftServerConfigKeys (ConfUtils.java:logGet(46)) - raft.server.write.follower.gap.ratio.max = -1.0 (default)
2024-03-04 12:58:14,101 [b225d8db-41e6-4bb3-882c-dcd695311e70@group-5AEB6FC1032E-LeaderElection34] INFO  server.RaftServerConfigKeys (ConfUtils.java:logGet(46)) - raft.server.log.appender.snapshot.chunk.size.max = 16MB (=16777216) (default)
2024-03-04 12:58:14,101 [b225d8db-41e6-4bb3-882c-dcd695311e70@group-5AEB6FC1032E-LeaderElection34] INFO  server.RaftServerConfigKeys (ConfUtils.java:logGet(46)) - raft.server.log.appender.buffer.byte-limit = 8388608 (custom)
2024-03-04 12:58:14,101 [b225d8db-41e6-4bb3-882c-dcd695311e70@group-5AEB6FC1032E-LeaderElection34] INFO  server.RaftServerConfigKeys (ConfUtils.java:logGet(46)) - raft.server.log.appender.buffer.element-limit = 1 (custom)
2024-03-04 12:58:14,101 [b225d8db-41e6-4bb3-882c-dcd695311e70@group-5AEB6FC1032E-LeaderElection34] INFO  server.RaftServerConfigKeys (ConfUtils.java:logGet(46)) - raft.server.log.appender.wait-time.min = 0μs (custom)
2024-03-04 12:58:14,102 [b225d8db-41e6-4bb3-882c-dcd695311e70@group-5AEB6FC1032E-LeaderElection34] INFO  grpc.GrpcConfigKeys (ConfUtils.java:logGet(46)) - raft.grpc.server.leader.outstanding.appends.max = 8 (default)
2024-03-04 12:58:14,102 [b225d8db-41e6-4bb3-882c-dcd695311e70@group-5AEB6FC1032E-LeaderElection34] INFO  server.RaftServerConfigKeys (ConfUtils.java:logGet(46)) - raft.server.rpc.request.timeout = 60s (custom)
2024-03-04 12:58:14,102 [b225d8db-41e6-4bb3-882c-dcd695311e70@group-5AEB6FC1032E-LeaderElection34] INFO  grpc.GrpcConfigKeys (ConfUtils.java:logGet(46)) - raft.grpc.server.install_snapshot.request.element-limit = 8 (default)
2024-03-04 12:58:14,102 [b225d8db-41e6-4bb3-882c-dcd695311e70@group-5AEB6FC1032E-LeaderElection34] INFO  grpc.GrpcConfigKeys (ConfUtils.java:logGet(46)) - raft.grpc.server.install_snapshot.request.timeout = 3000ms (default)
2024-03-04 12:58:14,102 [b225d8db-41e6-4bb3-882c-dcd695311e70@group-5AEB6FC1032E-LeaderElection34] INFO  grpc.GrpcConfigKeys (ConfUtils.java:logGet(46)) - raft.grpc.server.log-message.batch.duration = 5s (default)
2024-03-04 12:58:14,102 [b225d8db-41e6-4bb3-882c-dcd695311e70@group-5AEB6FC1032E-LeaderElection34] INFO  server.RaftServerConfigKeys (ConfUtils.java:logGet(46)) - raft.server.log.appender.install.snapshot.enabled = false (custom)
2024-03-04 12:58:14,102 [b225d8db-41e6-4bb3-882c-dcd695311e70@group-5AEB6FC1032E-LeaderElection34] INFO  grpc.GrpcConfigKeys (ConfUtils.java:logGet(46)) - raft.grpc.server.heartbeat.channel = true (default)
2024-03-04 12:58:14,102 [b225d8db-41e6-4bb3-882c-dcd695311e70@group-5AEB6FC1032E-LeaderElection34] INFO  server.RaftServerConfigKeys (ConfUtils.java:logGet(46)) - raft.server.log.appender.snapshot.chunk.size.max = 16MB (=16777216) (default)
2024-03-04 12:58:14,103 [b225d8db-41e6-4bb3-882c-dcd695311e70@group-5AEB6FC1032E-LeaderElection34] INFO  server.RaftServerConfigKeys (ConfUtils.java:logGet(46)) - raft.server.log.appender.buffer.byte-limit = 8388608 (custom)
2024-03-04 12:58:14,103 [b225d8db-41e6-4bb3-882c-dcd695311e70@group-5AEB6FC1032E-LeaderElection34] INFO  server.RaftServerConfigKeys (ConfUtils.java:logGet(46)) - raft.server.log.appender.buffer.element-limit = 1 (custom)
2024-03-04 12:58:14,103 [b225d8db-41e6-4bb3-882c-dcd695311e70@group-5AEB6FC1032E-LeaderElection34] INFO  server.RaftServerConfigKeys (ConfUtils.java:logGet(46)) - raft.server.log.appender.wait-time.min = 0μs (custom)
2024-03-04 12:58:14,103 [b225d8db-41e6-4bb3-882c-dcd695311e70@group-5AEB6FC1032E-LeaderElection34] INFO  grpc.GrpcConfigKeys (ConfUtils.java:logGet(46)) - raft.grpc.server.leader.outstanding.appends.max = 8 (default)
2024-03-04 12:58:14,103 [b225d8db-41e6-4bb3-882c-dcd695311e70@group-5AEB6FC1032E-LeaderElection34] INFO  server.RaftServerConfigKeys (ConfUtils.java:logGet(46)) - raft.server.rpc.request.timeout = 60s (custom)
2024-03-04 12:58:14,103 [b225d8db-41e6-4bb3-882c-dcd695311e70@group-5AEB6FC1032E-LeaderElection34] INFO  grpc.GrpcConfigKeys (ConfUtils.java:logGet(46)) - raft.grpc.server.install_snapshot.request.element-limit = 8 (default)
2024-03-04 12:58:14,103 [b225d8db-41e6-4bb3-882c-dcd695311e70@group-5AEB6FC1032E-LeaderElection34] INFO  grpc.GrpcConfigKeys (ConfUtils.java:logGet(46)) - raft.grpc.server.install_snapshot.request.timeout = 3000ms (default)
2024-03-04 12:58:14,103 [b225d8db-41e6-4bb3-882c-dcd695311e70@group-5AEB6FC1032E-LeaderElection34] INFO  grpc.GrpcConfigKeys (ConfUtils.java:logGet(46)) - raft.grpc.server.log-message.batch.duration = 5s (default)
2024-03-04 12:58:14,103 [b225d8db-41e6-4bb3-882c-dcd695311e70@group-5AEB6FC1032E-LeaderElection34] INFO  server.RaftServerConfigKeys (ConfUtils.java:logGet(46)) - raft.server.log.appender.install.snapshot.enabled = false (custom)
2024-03-04 12:58:14,103 [b225d8db-41e6-4bb3-882c-dcd695311e70@group-5AEB6FC1032E-LeaderElection34] INFO  grpc.GrpcConfigKeys (ConfUtils.java:logGet(46)) - raft.grpc.server.heartbeat.channel = true (default)
2024-03-04 12:58:14,103 [b225d8db-41e6-4bb3-882c-dcd695311e70@group-5AEB6FC1032E-LeaderElection34] INFO  impl.RoleInfo (RoleInfo.java:updateAndGet(139)) - b225d8db-41e6-4bb3-882c-dcd695311e70: start b225d8db-41e6-4bb3-882c-dcd695311e70@group-5AEB6FC1032E-LeaderStateImpl
2024-03-04 12:58:14,103 [b225d8db-41e6-4bb3-882c-dcd695311e70@group-5AEB6FC1032E-LeaderElection34] INFO  server.RaftServer$Division (RaftServerImpl.java:setFirstElection(574)) - b225d8db-41e6-4bb3-882c-dcd695311e70@group-5AEB6FC1032E: set firstElectionSinceStartup to false for becomeLeader
2024-03-04 12:58:14,103 [b225d8db-41e6-4bb3-882c-dcd695311e70@group-5AEB6FC1032E-LeaderElection34] INFO  ratis.XceiverServerRatis (XceiverServerRatis.java:handleLeaderChangedNotification(966)) - Leader change notification received for group: group-5AEB6FC1032E with new leaderId: b225d8db-41e6-4bb3-882c-dcd695311e70
2024-03-04 12:58:14,104 [b225d8db-41e6-4bb3-882c-dcd695311e70@group-5AEB6FC1032E-LeaderElection34] INFO  server.RaftServer$Division (ServerState.java:setLeader(269)) - b225d8db-41e6-4bb3-882c-dcd695311e70@group-5AEB6FC1032E: change Leader from null to b225d8db-41e6-4bb3-882c-dcd695311e70 at term 1 for becomeLeader, leader elected after 5074ms
2024-03-04 12:58:14,104 [b225d8db-41e6-4bb3-882c-dcd695311e70@group-5AEB6FC1032E-LeaderElection34] INFO  segmented.SegmentedRaftLogWorker (SegmentedRaftLogWorker.java:startLogSegment(430)) - b225d8db-41e6-4bb3-882c-dcd695311e70@group-5AEB6FC1032E-SegmentedRaftLogWorker: Starting segment from index:0
2024-03-04 12:58:14,104 [b225d8db-41e6-4bb3-882c-dcd695311e70@group-5AEB6FC1032E-SegmentedRaftLogWorker] INFO  segmented.BufferedWriteChannel (BufferedWriteChannel.java:open(62)) - open log_inprogress_0 at position 0
2024-03-04 12:58:14,105 [b225d8db-41e6-4bb3-882c-dcd695311e70@group-5AEB6FC1032E-LeaderElection34] INFO  server.RaftServer$Division (ServerState.java:setRaftConf(386)) - b225d8db-41e6-4bb3-882c-dcd695311e70@group-5AEB6FC1032E: set configuration 0: peers:[b225d8db-41e6-4bb3-882c-dcd695311e70|10.1.0.12:15169, 4d7ce83b-e8ef-4f91-b37b-41ef2f7f2700|10.1.0.12:15151, 097e50fe-38d4-45ee-922f-f03bf1c0f16e|10.1.0.12:15160]|listeners:[], old=null
2024-03-04 12:58:14,106 [EventQueue-PipelineReportForPipelineReportHandler] INFO  pipeline.PipelineReportHandler (PipelineReportHandler.java:processPipelineReport(136)) - Opened pipeline PipelineID=3d7b6922-fe2e-4a3c-b3a4-5aeb6fc1032e
2024-03-04 12:58:14,106 [EventQueue-OpenPipelineForHealthyPipelineSafeModeRule] INFO  safemode.SCMSafeModeManager (HealthyPipelineSafeModeRule.java:process(140)) - SCM in safe mode. Healthy pipelines reported count is 1, required healthy pipeline reported count is 1
2024-03-04 12:58:14,106 [EventQueue-OpenPipelineForHealthyPipelineSafeModeRule] INFO  safemode.SCMSafeModeManager (SCMSafeModeManager.java:validateSafeModeExitRules(200)) - HealthyPipelineSafeModeRule rule is successfully validated
2024-03-04 12:58:14,106 [EventQueue-OpenPipelineForHealthyPipelineSafeModeRule] INFO  safemode.SCMSafeModeManager (SCMSafeModeManager.java:validateSafeModeExitRules(215)) - ScmSafeModeManager, all rules are successfully validated
2024-03-04 12:58:14,106 [EventQueue-OpenPipelineForHealthyPipelineSafeModeRule] INFO  safemode.SCMSafeModeManager (SCMSafeModeManager.java:exitSafeMode(244)) - SCM exiting safe mode.
2024-03-04 12:58:14,106 [EventQueue-OpenPipelineForHealthyPipelineSafeModeRule] INFO  ha.SCMContext (SCMContext.java:updateSafeModeStatus(225)) - Update SafeModeStatus from SafeModeStatus{safeModeStatus=true, preCheckPassed=true} to SafeModeStatus{safeModeStatus=false, preCheckPassed=true}.
2024-03-04 12:58:14,106 [EventQueue-OpenPipelineForHealthyPipelineSafeModeRule] INFO  pipeline.BackgroundPipelineCreator (BackgroundPipelineCreator.java:notifyStatusChanged(258)) - Service BackgroundPipelineCreator transitions to RUNNING.
2024-03-04 12:58:14,106 [EventQueue-OpenPipelineForHealthyPipelineSafeModeRule] INFO  BackgroundPipelineScrubber (BackgroundSCMService.java:notifyStatusChanged(79)) - Service BackgroundPipelineScrubber transitions to RUNNING.
2024-03-04 12:58:14,106 [EventQueue-OpenPipelineForHealthyPipelineSafeModeRule] INFO  ExpiredContainerReplicaOpScrubber (BackgroundSCMService.java:notifyStatusChanged(79)) - Service ExpiredContainerReplicaOpScrubber transitions to RUNNING.
2024-03-04 12:58:14,106 [EventQueue-OpenPipelineForHealthyPipelineSafeModeRule] INFO  block.SCMBlockDeletingService (SCMBlockDeletingService.java:notifyStatusChanged(247)) - notifyStatusChanged:RUNNING
2024-03-04 12:58:14,106 [EventQueue-OpenPipelineForHealthyPipelineSafeModeRule] INFO  replication.ReplicationManager (ReplicationManager.java:notifyStatusChanged(1403)) - Service ReplicationManager transitions to RUNNING.
2024-03-04 12:58:14,107 [EventQueue-OpenPipelineForHealthyPipelineSafeModeRule] WARN  balancer.ContainerBalancer (ContainerBalancer.java:shouldRun(134)) - Could not find persisted configuration for ContainerBalancer when checking if ContainerBalancer should run. ContainerBalancer should not run now.
2024-03-04 12:58:14,111 [4d7ce83b-e8ef-4f91-b37b-41ef2f7f2700-server-thread1] INFO  ratis.XceiverServerRatis (XceiverServerRatis.java:handleLeaderChangedNotification(966)) - Leader change notification received for group: group-5AEB6FC1032E with new leaderId: b225d8db-41e6-4bb3-882c-dcd695311e70
2024-03-04 12:58:14,111 [4d7ce83b-e8ef-4f91-b37b-41ef2f7f2700-server-thread1] INFO  server.RaftServer$Division (ServerState.java:setLeader(269)) - 4d7ce83b-e8ef-4f91-b37b-41ef2f7f2700@group-5AEB6FC1032E: change Leader from null to b225d8db-41e6-4bb3-882c-dcd695311e70 at term 1 for appendEntries, leader elected after 5100ms
2024-03-04 12:58:14,112 [097e50fe-38d4-45ee-922f-f03bf1c0f16e-server-thread1] INFO  ratis.XceiverServerRatis (XceiverServerRatis.java:handleLeaderChangedNotification(966)) - Leader change notification received for group: group-5AEB6FC1032E with new leaderId: b225d8db-41e6-4bb3-882c-dcd695311e70
2024-03-04 12:58:14,113 [097e50fe-38d4-45ee-922f-f03bf1c0f16e-server-thread1] INFO  server.RaftServer$Division (ServerState.java:setLeader(269)) - 097e50fe-38d4-45ee-922f-f03bf1c0f16e@group-5AEB6FC1032E: change Leader from null to b225d8db-41e6-4bb3-882c-dcd695311e70 at term 1 for appendEntries, leader elected after 5061ms
2024-03-04 12:58:14,114 [b225d8db-41e6-4bb3-882c-dcd695311e70@group-5AEB6FC1032E-SegmentedRaftLogWorker] INFO  segmented.SegmentedRaftLogWorker (SegmentedRaftLogWorker.java:execute(634)) - b225d8db-41e6-4bb3-882c-dcd695311e70@group-5AEB6FC1032E-SegmentedRaftLogWorker: created new log segment /home/runner/work/ozone/ozone/hadoop-ozone/integration-test/target/test-dir/MiniOzoneClusterImpl-d5abb160-17eb-4229-abdc-d3875330a01a/ozone-meta/datanode-3/ratis/3d7b6922-fe2e-4a3c-b3a4-5aeb6fc1032e/current/log_inprogress_0
2024-03-04 12:58:14,115 [4d7ce83b-e8ef-4f91-b37b-41ef2f7f2700-server-thread2] INFO  server.RaftServer$Division (ServerState.java:setRaftConf(386)) - 4d7ce83b-e8ef-4f91-b37b-41ef2f7f2700@group-5AEB6FC1032E: set configuration 0: peers:[b225d8db-41e6-4bb3-882c-dcd695311e70|10.1.0.12:15169, 4d7ce83b-e8ef-4f91-b37b-41ef2f7f2700|10.1.0.12:15151, 097e50fe-38d4-45ee-922f-f03bf1c0f16e|10.1.0.12:15160]|listeners:[], old=null
2024-03-04 12:58:14,115 [4d7ce83b-e8ef-4f91-b37b-41ef2f7f2700-server-thread2] INFO  segmented.SegmentedRaftLogWorker (SegmentedRaftLogWorker.java:startLogSegment(430)) - 4d7ce83b-e8ef-4f91-b37b-41ef2f7f2700@group-5AEB6FC1032E-SegmentedRaftLogWorker: Starting segment from index:0
2024-03-04 12:58:14,116 [097e50fe-38d4-45ee-922f-f03bf1c0f16e-server-thread2] INFO  server.RaftServer$Division (ServerState.java:setRaftConf(386)) - 097e50fe-38d4-45ee-922f-f03bf1c0f16e@group-5AEB6FC1032E: set configuration 0: peers:[b225d8db-41e6-4bb3-882c-dcd695311e70|10.1.0.12:15169, 4d7ce83b-e8ef-4f91-b37b-41ef2f7f2700|10.1.0.12:15151, 097e50fe-38d4-45ee-922f-f03bf1c0f16e|10.1.0.12:15160]|listeners:[], old=null
2024-03-04 12:58:14,116 [097e50fe-38d4-45ee-922f-f03bf1c0f16e-server-thread2] INFO  segmented.SegmentedRaftLogWorker (SegmentedRaftLogWorker.java:startLogSegment(430)) - 097e50fe-38d4-45ee-922f-f03bf1c0f16e@group-5AEB6FC1032E-SegmentedRaftLogWorker: Starting segment from index:0
2024-03-04 12:58:14,116 [4d7ce83b-e8ef-4f91-b37b-41ef2f7f2700@group-5AEB6FC1032E-SegmentedRaftLogWorker] INFO  segmented.BufferedWriteChannel (BufferedWriteChannel.java:open(62)) - open log_inprogress_0 at position 0
2024-03-04 12:58:14,116 [097e50fe-38d4-45ee-922f-f03bf1c0f16e@group-5AEB6FC1032E-SegmentedRaftLogWorker] INFO  segmented.BufferedWriteChannel (BufferedWriteChannel.java:open(62)) - open log_inprogress_0 at position 0
2024-03-04 12:58:14,126 [097e50fe-38d4-45ee-922f-f03bf1c0f16e@group-5AEB6FC1032E-SegmentedRaftLogWorker] INFO  segmented.SegmentedRaftLogWorker (SegmentedRaftLogWorker.java:execute(634)) - 097e50fe-38d4-45ee-922f-f03bf1c0f16e@group-5AEB6FC1032E-SegmentedRaftLogWorker: created new log segment /home/runner/work/ozone/ozone/hadoop-ozone/integration-test/target/test-dir/MiniOzoneClusterImpl-d5abb160-17eb-4229-abdc-d3875330a01a/ozone-meta/datanode-2/ratis/3d7b6922-fe2e-4a3c-b3a4-5aeb6fc1032e/current/log_inprogress_0
2024-03-04 12:58:14,126 [4d7ce83b-e8ef-4f91-b37b-41ef2f7f2700@group-5AEB6FC1032E-SegmentedRaftLogWorker] INFO  segmented.SegmentedRaftLogWorker (SegmentedRaftLogWorker.java:execute(634)) - 4d7ce83b-e8ef-4f91-b37b-41ef2f7f2700@group-5AEB6FC1032E-SegmentedRaftLogWorker: created new log segment /home/runner/work/ozone/ozone/hadoop-ozone/integration-test/target/test-dir/MiniOzoneClusterImpl-d5abb160-17eb-4229-abdc-d3875330a01a/ozone-meta/datanode-1/ratis/3d7b6922-fe2e-4a3c-b3a4-5aeb6fc1032e/current/log_inprogress_0
2024-03-04 12:58:14,127 [b225d8db-41e6-4bb3-882c-dcd695311e70@group-5AEB6FC1032E-StateMachineUpdater] INFO  server.RaftServer$Division (LeaderStateImpl.java:isApplied(320)) - leader is ready since appliedIndex == 0 >= startIndex == 0
2024-03-04 12:58:14,202 [b225d8db-41e6-4bb3-882c-dcd695311e70@group-36F9B8E795A6-FollowerState] INFO  impl.FollowerState (FollowerState.java:run(143)) - b225d8db-41e6-4bb3-882c-dcd695311e70@group-36F9B8E795A6-FollowerState: change to CANDIDATE, lastRpcElapsedTime:5105503441ns, electionTimeout:5105ms
2024-03-04 12:58:14,202 [b225d8db-41e6-4bb3-882c-dcd695311e70@group-36F9B8E795A6-FollowerState] INFO  impl.RoleInfo (RoleInfo.java:shutdownFollowerState(110)) - b225d8db-41e6-4bb3-882c-dcd695311e70: shutdown b225d8db-41e6-4bb3-882c-dcd695311e70@group-36F9B8E795A6-FollowerState
2024-03-04 12:58:14,202 [b225d8db-41e6-4bb3-882c-dcd695311e70@group-36F9B8E795A6-FollowerState] INFO  server.RaftServer$Division (RaftServerImpl.java:setRole(383)) - b225d8db-41e6-4bb3-882c-dcd695311e70@group-36F9B8E795A6: changes role from  FOLLOWER to CANDIDATE at term 0 for changeToCandidate
2024-03-04 12:58:14,202 [b225d8db-41e6-4bb3-882c-dcd695311e70@group-36F9B8E795A6-FollowerState] INFO  server.RaftServerConfigKeys (ConfUtils.java:logGet(46)) - raft.server.leaderelection.pre-vote = true (default)
2024-03-04 12:58:14,202 [b225d8db-41e6-4bb3-882c-dcd695311e70@group-36F9B8E795A6-FollowerState] INFO  impl.RoleInfo (RoleInfo.java:updateAndGet(139)) - b225d8db-41e6-4bb3-882c-dcd695311e70: start b225d8db-41e6-4bb3-882c-dcd695311e70@group-36F9B8E795A6-LeaderElection35
2024-03-04 12:58:14,204 [b225d8db-41e6-4bb3-882c-dcd695311e70@group-36F9B8E795A6-LeaderElection35] INFO  impl.LeaderElection (LeaderElection.java:askForVotes(321)) - b225d8db-41e6-4bb3-882c-dcd695311e70@group-36F9B8E795A6-LeaderElection35 PRE_VOTE round 0: submit vote requests at term 0 for -1: peers:[b225d8db-41e6-4bb3-882c-dcd695311e70|10.1.0.12:15169, 4d7ce83b-e8ef-4f91-b37b-41ef2f7f2700|10.1.0.12:15151, 097e50fe-38d4-45ee-922f-f03bf1c0f16e|10.1.0.12:15160]|listeners:[], old=null
2024-03-04 12:58:14,204 [b225d8db-41e6-4bb3-882c-dcd695311e70@group-36F9B8E795A6-LeaderElection35] INFO  server.RaftServerConfigKeys (ConfUtils.java:logFallback(53)) - raft.server.rpc.first-election.timeout.min = 5s (fallback to raft.server.rpc.timeout.min)
2024-03-04 12:58:14,204 [b225d8db-41e6-4bb3-882c-dcd695311e70@group-36F9B8E795A6-LeaderElection35] INFO  server.RaftServerConfigKeys (ConfUtils.java:logFallback(53)) - raft.server.rpc.first-election.timeout.max = 5200ms (fallback to raft.server.rpc.timeout.max)
2024-03-04 12:58:14,205 [grpc-default-executor-0] INFO  server.RaftServer$Division (RaftServerImpl.java:requestVote(1389)) - 4d7ce83b-e8ef-4f91-b37b-41ef2f7f2700@group-36F9B8E795A6: receive requestVote(PRE_VOTE, b225d8db-41e6-4bb3-882c-dcd695311e70, group-36F9B8E795A6, 0, (t:0, i:0))
2024-03-04 12:58:14,205 [grpc-default-executor-0] INFO  impl.VoteContext (VoteContext.java:log(49)) - 4d7ce83b-e8ef-4f91-b37b-41ef2f7f2700@group-36F9B8E795A6-FOLLOWER: accept PRE_VOTE from b225d8db-41e6-4bb3-882c-dcd695311e70: our priority 0 <= candidate's priority 0
2024-03-04 12:58:14,205 [grpc-default-executor-0] INFO  server.RaftServer$Division (RaftServerImpl.java:requestVote(1422)) - 4d7ce83b-e8ef-4f91-b37b-41ef2f7f2700@group-36F9B8E795A6 replies to PRE_VOTE vote request: b225d8db-41e6-4bb3-882c-dcd695311e70<-4d7ce83b-e8ef-4f91-b37b-41ef2f7f2700#0:OK-t0. Peer's state: 4d7ce83b-e8ef-4f91-b37b-41ef2f7f2700@group-36F9B8E795A6:t0, leader=null, voted=, raftlog=Memoized:4d7ce83b-e8ef-4f91-b37b-41ef2f7f2700@group-36F9B8E795A6-SegmentedRaftLog:OPENED:c-1, conf=-1: peers:[b225d8db-41e6-4bb3-882c-dcd695311e70|10.1.0.12:15169, 4d7ce83b-e8ef-4f91-b37b-41ef2f7f2700|10.1.0.12:15151, 097e50fe-38d4-45ee-922f-f03bf1c0f16e|10.1.0.12:15160]|listeners:[], old=null
2024-03-04 12:58:14,206 [grpc-default-executor-0] INFO  server.RaftServer$Division (RaftServerImpl.java:requestVote(1389)) - 097e50fe-38d4-45ee-922f-f03bf1c0f16e@group-36F9B8E795A6: receive requestVote(PRE_VOTE, b225d8db-41e6-4bb3-882c-dcd695311e70, group-36F9B8E795A6, 0, (t:0, i:0))
2024-03-04 12:58:14,206 [grpc-default-executor-0] INFO  impl.VoteContext (VoteContext.java:log(49)) - 097e50fe-38d4-45ee-922f-f03bf1c0f16e@group-36F9B8E795A6-FOLLOWER: reject PRE_VOTE from b225d8db-41e6-4bb3-882c-dcd695311e70: our priority 1 > candidate's priority 0
2024-03-04 12:58:14,207 [grpc-default-executor-0] INFO  server.RaftServer$Division (RaftServerImpl.java:requestVote(1422)) - 097e50fe-38d4-45ee-922f-f03bf1c0f16e@group-36F9B8E795A6 replies to PRE_VOTE vote request: b225d8db-41e6-4bb3-882c-dcd695311e70<-097e50fe-38d4-45ee-922f-f03bf1c0f16e#0:FAIL-t0. Peer's state: 097e50fe-38d4-45ee-922f-f03bf1c0f16e@group-36F9B8E795A6:t0, leader=null, voted=, raftlog=Memoized:097e50fe-38d4-45ee-922f-f03bf1c0f16e@group-36F9B8E795A6-SegmentedRaftLog:OPENED:c-1, conf=-1: peers:[b225d8db-41e6-4bb3-882c-dcd695311e70|10.1.0.12:15169, 4d7ce83b-e8ef-4f91-b37b-41ef2f7f2700|10.1.0.12:15151, 097e50fe-38d4-45ee-922f-f03bf1c0f16e|10.1.0.12:15160]|listeners:[], old=null
2024-03-04 12:58:14,209 [b225d8db-41e6-4bb3-882c-dcd695311e70@group-36F9B8E795A6-LeaderElection35] INFO  impl.LeaderElection (LeaderElection.java:logAndReturn(89)) - b225d8db-41e6-4bb3-882c-dcd695311e70@group-36F9B8E795A6-LeaderElection35: PRE_VOTE REJECTED received 2 response(s) and 0 exception(s):
2024-03-04 12:58:14,209 [b225d8db-41e6-4bb3-882c-dcd695311e70@group-36F9B8E795A6-LeaderElection35] INFO  impl.LeaderElection (LeaderElection.java:logAndReturn(93)) -   Response 0: b225d8db-41e6-4bb3-882c-dcd695311e70<-4d7ce83b-e8ef-4f91-b37b-41ef2f7f2700#0:OK-t0
2024-03-04 12:58:14,209 [b225d8db-41e6-4bb3-882c-dcd695311e70@group-36F9B8E795A6-LeaderElection35] INFO  impl.LeaderElection (LeaderElection.java:logAndReturn(93)) -   Response 1: b225d8db-41e6-4bb3-882c-dcd695311e70<-097e50fe-38d4-45ee-922f-f03bf1c0f16e#0:FAIL-t0
2024-03-04 12:58:14,209 [b225d8db-41e6-4bb3-882c-dcd695311e70@group-36F9B8E795A6-LeaderElection35] INFO  impl.LeaderElection (LeaderElection.java:askForVotes(323)) - b225d8db-41e6-4bb3-882c-dcd695311e70@group-36F9B8E795A6-LeaderElection35 PRE_VOTE round 0: result REJECTED
2024-03-04 12:58:14,209 [b225d8db-41e6-4bb3-882c-dcd695311e70@group-36F9B8E795A6-LeaderElection35] INFO  server.RaftServer$Division (RaftServerImpl.java:setRole(383)) - b225d8db-41e6-4bb3-882c-dcd695311e70@group-36F9B8E795A6: changes role from CANDIDATE to FOLLOWER at term 0 for REJECTED
2024-03-04 12:58:14,209 [b225d8db-41e6-4bb3-882c-dcd695311e70@group-36F9B8E795A6-LeaderElection35] INFO  impl.RoleInfo (RoleInfo.java:shutdownLeaderElection(130)) - b225d8db-41e6-4bb3-882c-dcd695311e70: shutdown b225d8db-41e6-4bb3-882c-dcd695311e70@group-36F9B8E795A6-LeaderElection35
2024-03-04 12:58:14,209 [b225d8db-41e6-4bb3-882c-dcd695311e70@group-36F9B8E795A6-LeaderElection35] INFO  impl.RoleInfo (RoleInfo.java:updateAndGet(139)) - b225d8db-41e6-4bb3-882c-dcd695311e70: start b225d8db-41e6-4bb3-882c-dcd695311e70@group-36F9B8E795A6-FollowerState
2024-03-04 12:58:14,209 [b225d8db-41e6-4bb3-882c-dcd695311e70@group-36F9B8E795A6-LeaderElection35] INFO  server.RaftServer$Division (RaftServerImpl.java:setFirstElection(574)) - b225d8db-41e6-4bb3-882c-dcd695311e70@group-36F9B8E795A6: set firstElectionSinceStartup to false for REJECTED
2024-03-04 12:58:14,210 [4d7ce83b-e8ef-4f91-b37b-41ef2f7f2700@group-36F9B8E795A6-FollowerState] INFO  server.RaftServerConfigKeys (ConfUtils.java:logFallback(53)) - raft.server.rpc.first-election.timeout.min = 5s (fallback to raft.server.rpc.timeout.min)
2024-03-04 12:58:14,210 [4d7ce83b-e8ef-4f91-b37b-41ef2f7f2700@group-36F9B8E795A6-FollowerState] INFO  server.RaftServerConfigKeys (ConfUtils.java:logFallback(53)) - raft.server.rpc.first-election.timeout.max = 5200ms (fallback to raft.server.rpc.timeout.max)
2024-03-04 12:58:14,212 [097e50fe-38d4-45ee-922f-f03bf1c0f16e@group-36F9B8E795A6-FollowerState] INFO  impl.FollowerState (FollowerState.java:run(143)) - 097e50fe-38d4-45ee-922f-f03bf1c0f16e@group-36F9B8E795A6-FollowerState: change to CANDIDATE, lastRpcElapsedTime:5095866096ns, electionTimeout:5095ms
2024-03-04 12:58:14,212 [097e50fe-38d4-45ee-922f-f03bf1c0f16e@group-36F9B8E795A6-FollowerState] INFO  impl.RoleInfo (RoleInfo.java:shutdownFollowerState(110)) - 097e50fe-38d4-45ee-922f-f03bf1c0f16e: shutdown 097e50fe-38d4-45ee-922f-f03bf1c0f16e@group-36F9B8E795A6-FollowerState
2024-03-04 12:58:14,212 [097e50fe-38d4-45ee-922f-f03bf1c0f16e@group-36F9B8E795A6-FollowerState] INFO  server.RaftServer$Division (RaftServerImpl.java:setRole(383)) - 097e50fe-38d4-45ee-922f-f03bf1c0f16e@group-36F9B8E795A6: changes role from  FOLLOWER to CANDIDATE at term 0 for changeToCandidate
2024-03-04 12:58:14,212 [097e50fe-38d4-45ee-922f-f03bf1c0f16e@group-36F9B8E795A6-FollowerState] INFO  server.RaftServerConfigKeys (ConfUtils.java:logGet(46)) - raft.server.leaderelection.pre-vote = true (default)
2024-03-04 12:58:14,212 [097e50fe-38d4-45ee-922f-f03bf1c0f16e@group-36F9B8E795A6-FollowerState] INFO  impl.RoleInfo (RoleInfo.java:updateAndGet(139)) - 097e50fe-38d4-45ee-922f-f03bf1c0f16e: start 097e50fe-38d4-45ee-922f-f03bf1c0f16e@group-36F9B8E795A6-LeaderElection36
2024-03-04 12:58:14,212 [097e50fe-38d4-45ee-922f-f03bf1c0f16e@group-36F9B8E795A6-LeaderElection36] INFO  impl.LeaderElection (LeaderElection.java:askForVotes(321)) - 097e50fe-38d4-45ee-922f-f03bf1c0f16e@group-36F9B8E795A6-LeaderElection36 PRE_VOTE round 0: submit vote requests at term 0 for -1: peers:[b225d8db-41e6-4bb3-882c-dcd695311e70|10.1.0.12:15169, 4d7ce83b-e8ef-4f91-b37b-41ef2f7f2700|10.1.0.12:15151, 097e50fe-38d4-45ee-922f-f03bf1c0f16e|10.1.0.12:15160]|listeners:[], old=null
2024-03-04 12:58:14,213 [097e50fe-38d4-45ee-922f-f03bf1c0f16e@group-36F9B8E795A6-LeaderElection36-1] INFO  server.GrpcServerProtocolClient (GrpcServerProtocolClient.java:<init>(65)) - Build channel for b225d8db-41e6-4bb3-882c-dcd695311e70|10.1.0.12:15169
2024-03-04 12:58:14,213 [097e50fe-38d4-45ee-922f-f03bf1c0f16e@group-36F9B8E795A6-LeaderElection36-2] INFO  server.GrpcServerProtocolClient (GrpcServerProtocolClient.java:<init>(65)) - Build channel for 4d7ce83b-e8ef-4f91-b37b-41ef2f7f2700|10.1.0.12:15151
2024-03-04 12:58:14,213 [097e50fe-38d4-45ee-922f-f03bf1c0f16e@group-36F9B8E795A6-LeaderElection36] INFO  server.RaftServerConfigKeys (ConfUtils.java:logFallback(53)) - raft.server.rpc.first-election.timeout.min = 5s (fallback to raft.server.rpc.timeout.min)
2024-03-04 12:58:14,213 [097e50fe-38d4-45ee-922f-f03bf1c0f16e@group-36F9B8E795A6-LeaderElection36] INFO  server.RaftServerConfigKeys (ConfUtils.java:logFallback(53)) - raft.server.rpc.first-election.timeout.max = 5200ms (fallback to raft.server.rpc.timeout.max)
2024-03-04 12:58:14,216 [grpc-default-executor-1] INFO  server.RaftServer$Division (RaftServerImpl.java:requestVote(1389)) - b225d8db-41e6-4bb3-882c-dcd695311e70@group-36F9B8E795A6: receive requestVote(PRE_VOTE, 097e50fe-38d4-45ee-922f-f03bf1c0f16e, group-36F9B8E795A6, 0, (t:0, i:0))
2024-03-04 12:58:14,216 [grpc-default-executor-1] INFO  impl.VoteContext (VoteContext.java:log(49)) - b225d8db-41e6-4bb3-882c-dcd695311e70@group-36F9B8E795A6-FOLLOWER: accept PRE_VOTE from 097e50fe-38d4-45ee-922f-f03bf1c0f16e: our priority 0 <= candidate's priority 1
2024-03-04 12:58:14,216 [grpc-default-executor-1] INFO  server.RaftServer$Division (RaftServerImpl.java:requestVote(1422)) - b225d8db-41e6-4bb3-882c-dcd695311e70@group-36F9B8E795A6 replies to PRE_VOTE vote request: 097e50fe-38d4-45ee-922f-f03bf1c0f16e<-b225d8db-41e6-4bb3-882c-dcd695311e70#0:OK-t0. Peer's state: b225d8db-41e6-4bb3-882c-dcd695311e70@group-36F9B8E795A6:t0, leader=null, voted=, raftlog=Memoized:b225d8db-41e6-4bb3-882c-dcd695311e70@group-36F9B8E795A6-SegmentedRaftLog:OPENED:c-1, conf=-1: peers:[b225d8db-41e6-4bb3-882c-dcd695311e70|10.1.0.12:15169, 4d7ce83b-e8ef-4f91-b37b-41ef2f7f2700|10.1.0.12:15151, 097e50fe-38d4-45ee-922f-f03bf1c0f16e|10.1.0.12:15160]|listeners:[], old=null
2024-03-04 12:58:14,217 [grpc-default-executor-0] INFO  server.RaftServer$Division (RaftServerImpl.java:requestVote(1389)) - 4d7ce83b-e8ef-4f91-b37b-41ef2f7f2700@group-36F9B8E795A6: receive requestVote(PRE_VOTE, 097e50fe-38d4-45ee-922f-f03bf1c0f16e, group-36F9B8E795A6, 0, (t:0, i:0))
2024-03-04 12:58:14,217 [grpc-default-executor-0] INFO  impl.VoteContext (VoteContext.java:log(49)) - 4d7ce83b-e8ef-4f91-b37b-41ef2f7f2700@group-36F9B8E795A6-FOLLOWER: accept PRE_VOTE from 097e50fe-38d4-45ee-922f-f03bf1c0f16e: our priority 0 <= candidate's priority 1
2024-03-04 12:58:14,217 [grpc-default-executor-0] INFO  server.RaftServer$Division (RaftServerImpl.java:requestVote(1422)) - 4d7ce83b-e8ef-4f91-b37b-41ef2f7f2700@group-36F9B8E795A6 replies to PRE_VOTE vote request: 097e50fe-38d4-45ee-922f-f03bf1c0f16e<-4d7ce83b-e8ef-4f91-b37b-41ef2f7f2700#0:OK-t0. Peer's state: 4d7ce83b-e8ef-4f91-b37b-41ef2f7f2700@group-36F9B8E795A6:t0, leader=null, voted=, raftlog=Memoized:4d7ce83b-e8ef-4f91-b37b-41ef2f7f2700@group-36F9B8E795A6-SegmentedRaftLog:OPENED:c-1, conf=-1: peers:[b225d8db-41e6-4bb3-882c-dcd695311e70|10.1.0.12:15169, 4d7ce83b-e8ef-4f91-b37b-41ef2f7f2700|10.1.0.12:15151, 097e50fe-38d4-45ee-922f-f03bf1c0f16e|10.1.0.12:15160]|listeners:[], old=null
2024-03-04 12:58:14,217 [097e50fe-38d4-45ee-922f-f03bf1c0f16e@group-36F9B8E795A6-LeaderElection36] INFO  impl.LeaderElection (LeaderElection.java:logAndReturn(89)) - 097e50fe-38d4-45ee-922f-f03bf1c0f16e@group-36F9B8E795A6-LeaderElection36: PRE_VOTE PASSED received 1 response(s) and 0 exception(s):
2024-03-04 12:58:14,217 [097e50fe-38d4-45ee-922f-f03bf1c0f16e@group-36F9B8E795A6-LeaderElection36] INFO  impl.LeaderElection (LeaderElection.java:logAndReturn(93)) -   Response 0: 097e50fe-38d4-45ee-922f-f03bf1c0f16e<-b225d8db-41e6-4bb3-882c-dcd695311e70#0:OK-t0
2024-03-04 12:58:14,217 [097e50fe-38d4-45ee-922f-f03bf1c0f16e@group-36F9B8E795A6-LeaderElection36] INFO  impl.LeaderElection (LeaderElection.java:askForVotes(323)) - 097e50fe-38d4-45ee-922f-f03bf1c0f16e@group-36F9B8E795A6-LeaderElection36 PRE_VOTE round 0: result PASSED
2024-03-04 12:58:14,218 [097e50fe-38d4-45ee-922f-f03bf1c0f16e@group-36F9B8E795A6-LeaderElection36] INFO  impl.LeaderElection (LeaderElection.java:askForVotes(321)) - 097e50fe-38d4-45ee-922f-f03bf1c0f16e@group-36F9B8E795A6-LeaderElection36 ELECTION round 0: submit vote requests at term 1 for -1: peers:[b225d8db-41e6-4bb3-882c-dcd695311e70|10.1.0.12:15169, 4d7ce83b-e8ef-4f91-b37b-41ef2f7f2700|10.1.0.12:15151, 097e50fe-38d4-45ee-922f-f03bf1c0f16e|10.1.0.12:15160]|listeners:[], old=null
2024-03-04 12:58:14,219 [097e50fe-38d4-45ee-922f-f03bf1c0f16e@group-36F9B8E795A6-LeaderElection36] INFO  server.RaftServerConfigKeys (ConfUtils.java:logFallback(53)) - raft.server.rpc.first-election.timeout.min = 5s (fallback to raft.server.rpc.timeout.min)
2024-03-04 12:58:14,219 [097e50fe-38d4-45ee-922f-f03bf1c0f16e@group-36F9B8E795A6-LeaderElection36] INFO  server.RaftServerConfigKeys (ConfUtils.java:logFallback(53)) - raft.server.rpc.first-election.timeout.max = 5200ms (fallback to raft.server.rpc.timeout.max)
2024-03-04 12:58:14,219 [grpc-default-executor-0] INFO  server.RaftServer$Division (RaftServerImpl.java:requestVote(1389)) - b225d8db-41e6-4bb3-882c-dcd695311e70@group-36F9B8E795A6: receive requestVote(ELECTION, 097e50fe-38d4-45ee-922f-f03bf1c0f16e, group-36F9B8E795A6, 1, (t:0, i:0))
2024-03-04 12:58:14,219 [grpc-default-executor-1] INFO  server.RaftServer$Division (RaftServerImpl.java:requestVote(1389)) - 4d7ce83b-e8ef-4f91-b37b-41ef2f7f2700@group-36F9B8E795A6: receive requestVote(ELECTION, 097e50fe-38d4-45ee-922f-f03bf1c0f16e, group-36F9B8E795A6, 1, (t:0, i:0))
2024-03-04 12:58:14,220 [grpc-default-executor-0] INFO  impl.VoteContext (VoteContext.java:log(49)) - b225d8db-41e6-4bb3-882c-dcd695311e70@group-36F9B8E795A6-FOLLOWER: accept ELECTION from 097e50fe-38d4-45ee-922f-f03bf1c0f16e: our priority 0 <= candidate's priority 1
2024-03-04 12:58:14,220 [grpc-default-executor-1] INFO  impl.VoteContext (VoteContext.java:log(49)) - 4d7ce83b-e8ef-4f91-b37b-41ef2f7f2700@group-36F9B8E795A6-FOLLOWER: accept ELECTION from 097e50fe-38d4-45ee-922f-f03bf1c0f16e: our priority 0 <= candidate's priority 1
2024-03-04 12:58:14,220 [grpc-default-executor-1] INFO  server.RaftServer$Division (RaftServerImpl.java:setRole(383)) - 4d7ce83b-e8ef-4f91-b37b-41ef2f7f2700@group-36F9B8E795A6: changes role from  FOLLOWER to FOLLOWER at term 1 for candidate:097e50fe-38d4-45ee-922f-f03bf1c0f16e
2024-03-04 12:58:14,220 [grpc-default-executor-0] INFO  server.RaftServer$Division (RaftServerImpl.java:setRole(383)) - b225d8db-41e6-4bb3-882c-dcd695311e70@group-36F9B8E795A6: changes role from  FOLLOWER to FOLLOWER at term 1 for candidate:097e50fe-38d4-45ee-922f-f03bf1c0f16e
2024-03-04 12:58:14,220 [grpc-default-executor-0] INFO  impl.RoleInfo (RoleInfo.java:shutdownFollowerState(110)) - b225d8db-41e6-4bb3-882c-dcd695311e70: shutdown b225d8db-41e6-4bb3-882c-dcd695311e70@group-36F9B8E795A6-FollowerState
2024-03-04 12:58:14,220 [grpc-default-executor-1] INFO  impl.RoleInfo (RoleInfo.java:shutdownFollowerState(110)) - 4d7ce83b-e8ef-4f91-b37b-41ef2f7f2700: shutdown 4d7ce83b-e8ef-4f91-b37b-41ef2f7f2700@group-36F9B8E795A6-FollowerState
2024-03-04 12:58:14,220 [grpc-default-executor-1] INFO  impl.RoleInfo (RoleInfo.java:updateAndGet(139)) - 4d7ce83b-e8ef-4f91-b37b-41ef2f7f2700: start 4d7ce83b-e8ef-4f91-b37b-41ef2f7f2700@group-36F9B8E795A6-FollowerState
2024-03-04 12:58:14,220 [4d7ce83b-e8ef-4f91-b37b-41ef2f7f2700@group-36F9B8E795A6-FollowerState] INFO  impl.FollowerState (FollowerState.java:run(152)) - 4d7ce83b-e8ef-4f91-b37b-41ef2f7f2700@group-36F9B8E795A6-FollowerState was interrupted
2024-03-04 12:58:14,220 [b225d8db-41e6-4bb3-882c-dcd695311e70@group-36F9B8E795A6-FollowerState] INFO  impl.FollowerState (FollowerState.java:run(152)) - b225d8db-41e6-4bb3-882c-dcd695311e70@group-36F9B8E795A6-FollowerState was interrupted
2024-03-04 12:58:14,220 [grpc-default-executor-1] INFO  server.RaftServer$Division (RaftServerImpl.java:setFirstElection(574)) - 4d7ce83b-e8ef-4f91-b37b-41ef2f7f2700@group-36F9B8E795A6: set firstElectionSinceStartup to false for candidate:097e50fe-38d4-45ee-922f-f03bf1c0f16e
2024-03-04 12:58:14,220 [grpc-default-executor-0] INFO  impl.RoleInfo (RoleInfo.java:updateAndGet(139)) - b225d8db-41e6-4bb3-882c-dcd695311e70: start b225d8db-41e6-4bb3-882c-dcd695311e70@group-36F9B8E795A6-FollowerState
2024-03-04 12:58:14,221 [grpc-default-executor-1] INFO  server.RaftServer$Division (RaftServerImpl.java:requestVote(1422)) - 4d7ce83b-e8ef-4f91-b37b-41ef2f7f2700@group-36F9B8E795A6 replies to ELECTION vote request: 097e50fe-38d4-45ee-922f-f03bf1c0f16e<-4d7ce83b-e8ef-4f91-b37b-41ef2f7f2700#0:OK-t1. Peer's state: 4d7ce83b-e8ef-4f91-b37b-41ef2f7f2700@group-36F9B8E795A6:t1, leader=null, voted=097e50fe-38d4-45ee-922f-f03bf1c0f16e, raftlog=Memoized:4d7ce83b-e8ef-4f91-b37b-41ef2f7f2700@group-36F9B8E795A6-SegmentedRaftLog:OPENED:c-1, conf=-1: peers:[b225d8db-41e6-4bb3-882c-dcd695311e70|10.1.0.12:15169, 4d7ce83b-e8ef-4f91-b37b-41ef2f7f2700|10.1.0.12:15151, 097e50fe-38d4-45ee-922f-f03bf1c0f16e|10.1.0.12:15160]|listeners:[], old=null
2024-03-04 12:58:14,221 [grpc-default-executor-0] INFO  server.RaftServer$Division (RaftServerImpl.java:requestVote(1422)) - b225d8db-41e6-4bb3-882c-dcd695311e70@group-36F9B8E795A6 replies to ELECTION vote request: 097e50fe-38d4-45ee-922f-f03bf1c0f16e<-b225d8db-41e6-4bb3-882c-dcd695311e70#0:OK-t1. Peer's state: b225d8db-41e6-4bb3-882c-dcd695311e70@group-36F9B8E795A6:t1, leader=null, voted=097e50fe-38d4-45ee-922f-f03bf1c0f16e, raftlog=Memoized:b225d8db-41e6-4bb3-882c-dcd695311e70@group-36F9B8E795A6-SegmentedRaftLog:OPENED:c-1, conf=-1: peers:[b225d8db-41e6-4bb3-882c-dcd695311e70|10.1.0.12:15169, 4d7ce83b-e8ef-4f91-b37b-41ef2f7f2700|10.1.0.12:15151, 097e50fe-38d4-45ee-922f-f03bf1c0f16e|10.1.0.12:15160]|listeners:[], old=null
2024-03-04 12:58:14,222 [097e50fe-38d4-45ee-922f-f03bf1c0f16e@group-36F9B8E795A6-LeaderElection36] INFO  impl.LeaderElection (LeaderElection.java:logAndReturn(89)) - 097e50fe-38d4-45ee-922f-f03bf1c0f16e@group-36F9B8E795A6-LeaderElection36: ELECTION PASSED received 1 response(s) and 0 exception(s):
2024-03-04 12:58:14,222 [097e50fe-38d4-45ee-922f-f03bf1c0f16e@group-36F9B8E795A6-LeaderElection36] INFO  impl.LeaderElection (LeaderElection.java:logAndReturn(93)) -   Response 0: 097e50fe-38d4-45ee-922f-f03bf1c0f16e<-4d7ce83b-e8ef-4f91-b37b-41ef2f7f2700#0:OK-t1
2024-03-04 12:58:14,222 [097e50fe-38d4-45ee-922f-f03bf1c0f16e@group-36F9B8E795A6-LeaderElection36] INFO  impl.LeaderElection (LeaderElection.java:askForVotes(323)) - 097e50fe-38d4-45ee-922f-f03bf1c0f16e@group-36F9B8E795A6-LeaderElection36 ELECTION round 0: result PASSED
2024-03-04 12:58:14,222 [097e50fe-38d4-45ee-922f-f03bf1c0f16e@group-36F9B8E795A6-LeaderElection36] INFO  impl.RoleInfo (RoleInfo.java:shutdownLeaderElection(130)) - 097e50fe-38d4-45ee-922f-f03bf1c0f16e: shutdown 097e50fe-38d4-45ee-922f-f03bf1c0f16e@group-36F9B8E795A6-LeaderElection36
2024-03-04 12:58:14,222 [097e50fe-38d4-45ee-922f-f03bf1c0f16e@group-36F9B8E795A6-LeaderElection36] INFO  server.RaftServer$Division (RaftServerImpl.java:setRole(383)) - 097e50fe-38d4-45ee-922f-f03bf1c0f16e@group-36F9B8E795A6: changes role from CANDIDATE to LEADER at term 1 for changeToLeader
2024-03-04 12:58:14,222 [097e50fe-38d4-45ee-922f-f03bf1c0f16e@group-36F9B8E795A6-LeaderElection36] INFO  server.RaftServerConfigKeys (ConfUtils.java:logGet(46)) - raft.server.staging.catchup.gap = 1000 (default)
2024-03-04 12:58:14,222 [097e50fe-38d4-45ee-922f-f03bf1c0f16e@group-36F9B8E795A6-LeaderElection36] INFO  server.RaftServerConfigKeys (ConfUtils.java:logGet(46)) - raft.server.write.element-limit = 1024 (custom)
2024-03-04 12:58:14,222 [097e50fe-38d4-45ee-922f-f03bf1c0f16e@group-36F9B8E795A6-LeaderElection36] INFO  server.RaftServerConfigKeys (ConfUtils.java:logGet(46)) - raft.server.write.byte-limit = 1024 M (=1073741824) (custom)
2024-03-04 12:58:14,222 [097e50fe-38d4-45ee-922f-f03bf1c0f16e@group-36F9B8E795A6-LeaderElection36] INFO  server.RaftServerConfigKeys (ConfUtils.java:logGet(46)) - raft.server.watch.timeout = 180s (custom)
2024-03-04 12:58:14,222 [097e50fe-38d4-45ee-922f-f03bf1c0f16e@group-36F9B8E795A6-LeaderElection36] INFO  server.RaftServerConfigKeys (ConfUtils.java:logGet(46)) - raft.server.watch.timeout.denomination = 1s (default)
2024-03-04 12:58:14,222 [097e50fe-38d4-45ee-922f-f03bf1c0f16e@group-36F9B8E795A6-LeaderElection36] INFO  server.RaftServerConfigKeys (ConfUtils.java:logGet(46)) - raft.server.watch.element-limit = 65536 (default)
2024-03-04 12:58:14,223 [097e50fe-38d4-45ee-922f-f03bf1c0f16e@group-36F9B8E795A6-LeaderElection36] INFO  server.RaftServerConfigKeys (ConfUtils.java:logGet(46)) - raft.server.read.leader.lease.enabled = false (default)
2024-03-04 12:58:14,223 [097e50fe-38d4-45ee-922f-f03bf1c0f16e@group-36F9B8E795A6-LeaderElection36] INFO  server.RaftServerConfigKeys (ConfUtils.java:logGet(46)) - raft.server.read.leader.lease.timeout.ratio = 0.9 (default)
2024-03-04 12:58:14,223 [097e50fe-38d4-45ee-922f-f03bf1c0f16e@group-36F9B8E795A6-LeaderElection36] INFO  server.RaftServerConfigKeys (ConfUtils.java:logGet(46)) - raft.server.rpc.timeout.min = 5s (custom)
2024-03-04 12:58:14,223 [097e50fe-38d4-45ee-922f-f03bf1c0f16e@group-36F9B8E795A6-LeaderElection36] INFO  server.RaftServerConfigKeys (ConfUtils.java:logGet(46)) - raft.server.write.element-limit = 1024 (custom)
2024-03-04 12:58:14,223 [097e50fe-38d4-45ee-922f-f03bf1c0f16e@group-36F9B8E795A6-LeaderElection36] INFO  server.RaftServerConfigKeys (ConfUtils.java:logGet(46)) - raft.server.write.follower.gap.ratio.max = -1.0 (default)
2024-03-04 12:58:14,223 [097e50fe-38d4-45ee-922f-f03bf1c0f16e@group-36F9B8E795A6-LeaderElection36] INFO  server.RaftServerConfigKeys (ConfUtils.java:logGet(46)) - raft.server.log.appender.snapshot.chunk.size.max = 16MB (=16777216) (default)
2024-03-04 12:58:14,223 [097e50fe-38d4-45ee-922f-f03bf1c0f16e@group-36F9B8E795A6-LeaderElection36] INFO  server.RaftServerConfigKeys (ConfUtils.java:logGet(46)) - raft.server.log.appender.buffer.byte-limit = 8388608 (custom)
2024-03-04 12:58:14,223 [097e50fe-38d4-45ee-922f-f03bf1c0f16e@group-36F9B8E795A6-LeaderElection36] INFO  server.RaftServerConfigKeys (ConfUtils.java:logGet(46)) - raft.server.log.appender.buffer.element-limit = 1 (custom)
2024-03-04 12:58:14,223 [097e50fe-38d4-45ee-922f-f03bf1c0f16e@group-36F9B8E795A6-LeaderElection36] INFO  server.RaftServerConfigKeys (ConfUtils.java:logGet(46)) - raft.server.log.appender.wait-time.min = 0μs (custom)
2024-03-04 12:58:14,223 [097e50fe-38d4-45ee-922f-f03bf1c0f16e@group-36F9B8E795A6-LeaderElection36] INFO  grpc.GrpcConfigKeys (ConfUtils.java:logGet(46)) - raft.grpc.server.leader.outstanding.appends.max = 8 (default)
2024-03-04 12:58:14,223 [097e50fe-38d4-45ee-922f-f03bf1c0f16e@group-36F9B8E795A6-LeaderElection36] INFO  server.RaftServerConfigKeys (ConfUtils.java:logGet(46)) - raft.server.rpc.request.timeout = 60s (custom)
2024-03-04 12:58:14,223 [097e50fe-38d4-45ee-922f-f03bf1c0f16e@group-36F9B8E795A6-LeaderElection36] INFO  grpc.GrpcConfigKeys (ConfUtils.java:logGet(46)) - raft.grpc.server.install_snapshot.request.element-limit = 8 (default)
2024-03-04 12:58:14,223 [097e50fe-38d4-45ee-922f-f03bf1c0f16e@group-36F9B8E795A6-LeaderElection36] INFO  grpc.GrpcConfigKeys (ConfUtils.java:logGet(46)) - raft.grpc.server.install_snapshot.request.timeout = 3000ms (default)
2024-03-04 12:58:14,223 [097e50fe-38d4-45ee-922f-f03bf1c0f16e@group-36F9B8E795A6-LeaderElection36] INFO  grpc.GrpcConfigKeys (ConfUtils.java:logGet(46)) - raft.grpc.server.log-message.batch.duration = 5s (default)
2024-03-04 12:58:14,223 [097e50fe-38d4-45ee-922f-f03bf1c0f16e@group-36F9B8E795A6-LeaderElection36] INFO  server.RaftServerConfigKeys (ConfUtils.java:logGet(46)) - raft.server.log.appender.install.snapshot.enabled = false (custom)
2024-03-04 12:58:14,223 [097e50fe-38d4-45ee-922f-f03bf1c0f16e@group-36F9B8E795A6-LeaderElection36] INFO  grpc.GrpcConfigKeys (ConfUtils.java:logGet(46)) - raft.grpc.server.heartbeat.channel = true (default)
2024-03-04 12:58:14,224 [097e50fe-38d4-45ee-922f-f03bf1c0f16e@group-36F9B8E795A6-LeaderElection36] INFO  server.RaftServerConfigKeys (ConfUtils.java:logGet(46)) - raft.server.log.appender.snapshot.chunk.size.max = 16MB (=16777216) (default)
2024-03-04 12:58:14,224 [097e50fe-38d4-45ee-922f-f03bf1c0f16e@group-36F9B8E795A6-LeaderElection36] INFO  server.RaftServerConfigKeys (ConfUtils.java:logGet(46)) - raft.server.log.appender.buffer.byte-limit = 8388608 (custom)
2024-03-04 12:58:14,224 [097e50fe-38d4-45ee-922f-f03bf1c0f16e@group-36F9B8E795A6-LeaderElection36] INFO  server.RaftServerConfigKeys (ConfUtils.java:logGet(46)) - raft.server.log.appender.buffer.element-limit = 1 (custom)
2024-03-04 12:58:14,224 [097e50fe-38d4-45ee-922f-f03bf1c0f16e@group-36F9B8E795A6-LeaderElection36] INFO  server.RaftServerConfigKeys (ConfUtils.java:logGet(46)) - raft.server.log.appender.wait-time.min = 0μs (custom)
2024-03-04 12:58:14,224 [097e50fe-38d4-45ee-922f-f03bf1c0f16e@group-36F9B8E795A6-LeaderElection36] INFO  grpc.GrpcConfigKeys (ConfUtils.java:logGet(46)) - raft.grpc.server.leader.outstanding.appends.max = 8 (default)
2024-03-04 12:58:14,224 [097e50fe-38d4-45ee-922f-f03bf1c0f16e@group-36F9B8E795A6-LeaderElection36] INFO  server.RaftServerConfigKeys (ConfUtils.java:logGet(46)) - raft.server.rpc.request.timeout = 60s (custom)
2024-03-04 12:58:14,224 [097e50fe-38d4-45ee-922f-f03bf1c0f16e@group-36F9B8E795A6-LeaderElection36] INFO  grpc.GrpcConfigKeys (ConfUtils.java:logGet(46)) - raft.grpc.server.install_snapshot.request.element-limit = 8 (default)
2024-03-04 12:58:14,224 [097e50fe-38d4-45ee-922f-f03bf1c0f16e@group-36F9B8E795A6-LeaderElection36] INFO  grpc.GrpcConfigKeys (ConfUtils.java:logGet(46)) - raft.grpc.server.install_snapshot.request.timeout = 3000ms (default)
2024-03-04 12:58:14,224 [097e50fe-38d4-45ee-922f-f03bf1c0f16e@group-36F9B8E795A6-LeaderElection36] INFO  grpc.GrpcConfigKeys (ConfUtils.java:logGet(46)) - raft.grpc.server.log-message.batch.duration = 5s (default)
2024-03-04 12:58:14,224 [097e50fe-38d4-45ee-922f-f03bf1c0f16e@group-36F9B8E795A6-LeaderElection36] INFO  server.RaftServerConfigKeys (ConfUtils.java:logGet(46)) - raft.server.log.appender.install.snapshot.enabled = false (custom)
2024-03-04 12:58:14,224 [097e50fe-38d4-45ee-922f-f03bf1c0f16e@group-36F9B8E795A6-LeaderElection36] INFO  grpc.GrpcConfigKeys (ConfUtils.java:logGet(46)) - raft.grpc.server.heartbeat.channel = true (default)
2024-03-04 12:58:14,224 [097e50fe-38d4-45ee-922f-f03bf1c0f16e@group-36F9B8E795A6-LeaderElection36] INFO  impl.RoleInfo (RoleInfo.java:updateAndGet(139)) - 097e50fe-38d4-45ee-922f-f03bf1c0f16e: start 097e50fe-38d4-45ee-922f-f03bf1c0f16e@group-36F9B8E795A6-LeaderStateImpl
2024-03-04 12:58:14,225 [097e50fe-38d4-45ee-922f-f03bf1c0f16e@group-36F9B8E795A6-LeaderElection36] INFO  server.RaftServer$Division (RaftServerImpl.java:setFirstElection(574)) - 097e50fe-38d4-45ee-922f-f03bf1c0f16e@group-36F9B8E795A6: set firstElectionSinceStartup to false for becomeLeader
2024-03-04 12:58:14,225 [097e50fe-38d4-45ee-922f-f03bf1c0f16e@group-36F9B8E795A6-LeaderElection36] INFO  ratis.XceiverServerRatis (XceiverServerRatis.java:handleLeaderChangedNotification(966)) - Leader change notification received for group: group-36F9B8E795A6 with new leaderId: 097e50fe-38d4-45ee-922f-f03bf1c0f16e
2024-03-04 12:58:14,225 [097e50fe-38d4-45ee-922f-f03bf1c0f16e@group-36F9B8E795A6-LeaderElection36] INFO  server.RaftServer$Division (ServerState.java:setLeader(269)) - 097e50fe-38d4-45ee-922f-f03bf1c0f16e@group-36F9B8E795A6: change Leader from null to 097e50fe-38d4-45ee-922f-f03bf1c0f16e at term 1 for becomeLeader, leader elected after 5116ms
2024-03-04 12:58:14,225 [097e50fe-38d4-45ee-922f-f03bf1c0f16e@group-36F9B8E795A6-LeaderElection36] INFO  segmented.SegmentedRaftLogWorker (SegmentedRaftLogWorker.java:startLogSegment(430)) - 097e50fe-38d4-45ee-922f-f03bf1c0f16e@group-36F9B8E795A6-SegmentedRaftLogWorker: Starting segment from index:0
2024-03-04 12:58:14,226 [097e50fe-38d4-45ee-922f-f03bf1c0f16e@group-36F9B8E795A6-SegmentedRaftLogWorker] INFO  segmented.BufferedWriteChannel (BufferedWriteChannel.java:open(62)) - open log_inprogress_0 at position 0
2024-03-04 12:58:14,230 [097e50fe-38d4-45ee-922f-f03bf1c0f16e@group-36F9B8E795A6-LeaderElection36] INFO  server.RaftServer$Division (ServerState.java:setRaftConf(386)) - 097e50fe-38d4-45ee-922f-f03bf1c0f16e@group-36F9B8E795A6: set configuration 0: peers:[b225d8db-41e6-4bb3-882c-dcd695311e70|10.1.0.12:15169, 4d7ce83b-e8ef-4f91-b37b-41ef2f7f2700|10.1.0.12:15151, 097e50fe-38d4-45ee-922f-f03bf1c0f16e|10.1.0.12:15160]|listeners:[], old=null
2024-03-04 12:58:14,231 [EventQueue-PipelineReportForPipelineReportHandler] INFO  pipeline.PipelineReportHandler (PipelineReportHandler.java:processPipelineReport(136)) - Opened pipeline PipelineID=c65886fe-ff10-4a39-8ead-36f9b8e795a6
2024-03-04 12:58:14,235 [097e50fe-38d4-45ee-922f-f03bf1c0f16e@group-36F9B8E795A6-SegmentedRaftLogWorker] INFO  segmented.SegmentedRaftLogWorker (SegmentedRaftLogWorker.java:execute(634)) - 097e50fe-38d4-45ee-922f-f03bf1c0f16e@group-36F9B8E795A6-SegmentedRaftLogWorker: created new log segment /home/runner/work/ozone/ozone/hadoop-ozone/integration-test/target/test-dir/MiniOzoneClusterImpl-d5abb160-17eb-4229-abdc-d3875330a01a/ozone-meta/datanode-2/ratis/c65886fe-ff10-4a39-8ead-36f9b8e795a6/current/log_inprogress_0
2024-03-04 12:58:14,237 [b225d8db-41e6-4bb3-882c-dcd695311e70-server-thread1] INFO  ratis.XceiverServerRatis (XceiverServerRatis.java:handleLeaderChangedNotification(966)) - Leader change notification received for group: group-36F9B8E795A6 with new leaderId: 097e50fe-38d4-45ee-922f-f03bf1c0f16e
2024-03-04 12:58:14,237 [b225d8db-41e6-4bb3-882c-dcd695311e70-server-thread1] INFO  server.RaftServer$Division (ServerState.java:setLeader(269)) - b225d8db-41e6-4bb3-882c-dcd695311e70@group-36F9B8E795A6: change Leader from null to 097e50fe-38d4-45ee-922f-f03bf1c0f16e at term 1 for appendEntries, leader elected after 5149ms
2024-03-04 12:58:14,238 [4d7ce83b-e8ef-4f91-b37b-41ef2f7f2700-server-thread1] INFO  ratis.XceiverServerRatis (XceiverServerRatis.java:handleLeaderChangedNotification(966)) - Leader change notification received for group: group-36F9B8E795A6 with new leaderId: 097e50fe-38d4-45ee-922f-f03bf1c0f16e
2024-03-04 12:58:14,239 [4d7ce83b-e8ef-4f91-b37b-41ef2f7f2700-server-thread1] INFO  server.RaftServer$Division (ServerState.java:setLeader(269)) - 4d7ce83b-e8ef-4f91-b37b-41ef2f7f2700@group-36F9B8E795A6: change Leader from null to 097e50fe-38d4-45ee-922f-f03bf1c0f16e at term 1 for appendEntries, leader elected after 5170ms
2024-03-04 12:58:14,249 [4d7ce83b-e8ef-4f91-b37b-41ef2f7f2700-server-thread3] INFO  server.RaftServer$Division (ServerState.java:setRaftConf(386)) - 4d7ce83b-e8ef-4f91-b37b-41ef2f7f2700@group-36F9B8E795A6: set configuration 0: peers:[b225d8db-41e6-4bb3-882c-dcd695311e70|10.1.0.12:15169, 4d7ce83b-e8ef-4f91-b37b-41ef2f7f2700|10.1.0.12:15151, 097e50fe-38d4-45ee-922f-f03bf1c0f16e|10.1.0.12:15160]|listeners:[], old=null
2024-03-04 12:58:14,249 [b225d8db-41e6-4bb3-882c-dcd695311e70-server-thread3] INFO  server.RaftServer$Division (ServerState.java:setRaftConf(386)) - b225d8db-41e6-4bb3-882c-dcd695311e70@group-36F9B8E795A6: set configuration 0: peers:[b225d8db-41e6-4bb3-882c-dcd695311e70|10.1.0.12:15169, 4d7ce83b-e8ef-4f91-b37b-41ef2f7f2700|10.1.0.12:15151, 097e50fe-38d4-45ee-922f-f03bf1c0f16e|10.1.0.12:15160]|listeners:[], old=null
2024-03-04 12:58:14,249 [4d7ce83b-e8ef-4f91-b37b-41ef2f7f2700-server-thread3] INFO  segmented.SegmentedRaftLogWorker (SegmentedRaftLogWorker.java:startLogSegment(430)) - 4d7ce83b-e8ef-4f91-b37b-41ef2f7f2700@group-36F9B8E795A6-SegmentedRaftLogWorker: Starting segment from index:0
2024-03-04 12:58:14,249 [b225d8db-41e6-4bb3-882c-dcd695311e70-server-thread3] INFO  segmented.SegmentedRaftLogWorker (SegmentedRaftLogWorker.java:startLogSegment(430)) - b225d8db-41e6-4bb3-882c-dcd695311e70@group-36F9B8E795A6-SegmentedRaftLogWorker: Starting segment from index:0
2024-03-04 12:58:14,249 [4d7ce83b-e8ef-4f91-b37b-41ef2f7f2700@group-36F9B8E795A6-SegmentedRaftLogWorker] INFO  segmented.BufferedWriteChannel (BufferedWriteChannel.java:open(62)) - open log_inprogress_0 at position 0
2024-03-04 12:58:14,253 [b225d8db-41e6-4bb3-882c-dcd695311e70@group-36F9B8E795A6-SegmentedRaftLogWorker] INFO  segmented.BufferedWriteChannel (BufferedWriteChannel.java:open(62)) - open log_inprogress_0 at position 0
2024-03-04 12:58:14,262 [4d7ce83b-e8ef-4f91-b37b-41ef2f7f2700@group-36F9B8E795A6-SegmentedRaftLogWorker] INFO  segmented.SegmentedRaftLogWorker (SegmentedRaftLogWorker.java:execute(634)) - 4d7ce83b-e8ef-4f91-b37b-41ef2f7f2700@group-36F9B8E795A6-SegmentedRaftLogWorker: created new log segment /home/runner/work/ozone/ozone/hadoop-ozone/integration-test/target/test-dir/MiniOzoneClusterImpl-d5abb160-17eb-4229-abdc-d3875330a01a/ozone-meta/datanode-1/ratis/c65886fe-ff10-4a39-8ead-36f9b8e795a6/current/log_inprogress_0
2024-03-04 12:58:14,263 [b225d8db-41e6-4bb3-882c-dcd695311e70@group-36F9B8E795A6-SegmentedRaftLogWorker] INFO  segmented.SegmentedRaftLogWorker (SegmentedRaftLogWorker.java:execute(634)) - b225d8db-41e6-4bb3-882c-dcd695311e70@group-36F9B8E795A6-SegmentedRaftLogWorker: created new log segment /home/runner/work/ozone/ozone/hadoop-ozone/integration-test/target/test-dir/MiniOzoneClusterImpl-d5abb160-17eb-4229-abdc-d3875330a01a/ozone-meta/datanode-3/ratis/c65886fe-ff10-4a39-8ead-36f9b8e795a6/current/log_inprogress_0
2024-03-04 12:58:14,264 [097e50fe-38d4-45ee-922f-f03bf1c0f16e@group-36F9B8E795A6-StateMachineUpdater] INFO  server.RaftServer$Division (LeaderStateImpl.java:isApplied(320)) - leader is ready since appliedIndex == 0 >= startIndex == 0
2024-03-04 12:58:14,278 [main] INFO  ozone.MiniOzoneClusterImpl (MiniOzoneClusterImpl.java:lambda$waitForClusterToBeReady$0(194)) - Nodes are ready. Got 3 of 3 DN Heartbeats.
2024-03-04 12:58:14,278 [main] INFO  ozone.MiniOzoneClusterImpl (MiniOzoneClusterImpl.java:lambda$waitForClusterToBeReady$0(197)) - Cluster exits safe mode
2024-03-04 12:58:14,278 [main] INFO  ozone.MiniOzoneClusterImpl (MiniOzoneClusterImpl.java:lambda$waitForClusterToBeReady$0(199)) - SCM became leader
2024-03-04 12:58:14,280 [main] INFO  protocolPB.OmTransportFactory (OmTransportFactory.java:createFactory(62)) - Loading OM transport implementation org.apache.hadoop.ozone.om.protocolPB.Hadoop3OmTransportFactory as specified by configuration.
2024-03-04 12:58:14,286 [main] INFO  om.TestOzoneManagerPrepare (TestOzoneManagerPrepare.java:setup(101)) - Waiting for OM leader election
2024-03-04 12:58:14,291 [omNode-1-OMStateMachineApplyTransactionThread - 0] INFO  upgrade.OMCancelPrepareRequest (OMCancelPrepareRequest.java:validateAndUpdateCache(54)) - OM omNode-1 Received cancel prepare request with log (t:1, i:1)
2024-03-04 12:58:14,292 [omNode-3-OMStateMachineApplyTransactionThread - 0] INFO  upgrade.OMCancelPrepareRequest (OMCancelPrepareRequest.java:validateAndUpdateCache(54)) - OM omNode-3 Received cancel prepare request with log (t:1, i:1)
2024-03-04 12:58:14,293 [omNode-3-OMStateMachineApplyTransactionThread - 0] INFO  upgrade.OMCancelPrepareRequest (OMCancelPrepareRequest.java:validateAndUpdateCache(82)) - OM omNode-3 prepare state cancelled at log (t:1, i:1). Returning response 
2024-03-04 12:58:14,294 [omNode-1-OMStateMachineApplyTransactionThread - 0] INFO  upgrade.OMCancelPrepareRequest (OMCancelPrepareRequest.java:validateAndUpdateCache(82)) - OM omNode-1 prepare state cancelled at log (t:1, i:1). Returning response 
2024-03-04 12:58:14,294 [omNode-2-OMStateMachineApplyTransactionThread - 0] INFO  upgrade.OMCancelPrepareRequest (OMCancelPrepareRequest.java:validateAndUpdateCache(54)) - OM omNode-2 Received cancel prepare request with log (t:1, i:1)
2024-03-04 12:58:14,302 [omNode-2-OMStateMachineApplyTransactionThread - 0] INFO  upgrade.OMCancelPrepareRequest (OMCancelPrepareRequest.java:validateAndUpdateCache(82)) - OM omNode-2 prepare state cancelled at log (t:1, i:1). Returning response 
2024-03-04 12:58:14,303 [main] INFO  rpc.RpcClient (RpcClient.java:createVolume(466)) - Creating Volume: vol, with runner as owner and space quota set to -1 bytes, counts quota set to -1
2024-03-04 12:58:14,305 [omNode-1-OMStateMachineApplyTransactionThread - 0] INFO  volume.OMVolumeCreateRequest (OMVolumeCreateRequest.java:validateAndUpdateCache(198)) - created volume:vol for user:runner
2024-03-04 12:58:14,306 [097e50fe-38d4-45ee-922f-f03bf1c0f16e@group-E07B84C4E4C9-FollowerState] INFO  impl.FollowerState (FollowerState.java:run(143)) - 097e50fe-38d4-45ee-922f-f03bf1c0f16e@group-E07B84C4E4C9-FollowerState: change to CANDIDATE, lastRpcElapsedTime:5152578314ns, electionTimeout:5152ms
2024-03-04 12:58:14,306 [097e50fe-38d4-45ee-922f-f03bf1c0f16e@group-E07B84C4E4C9-FollowerState] INFO  impl.RoleInfo (RoleInfo.java:shutdownFollowerState(110)) - 097e50fe-38d4-45ee-922f-f03bf1c0f16e: shutdown 097e50fe-38d4-45ee-922f-f03bf1c0f16e@group-E07B84C4E4C9-FollowerState
2024-03-04 12:58:14,306 [097e50fe-38d4-45ee-922f-f03bf1c0f16e@group-E07B84C4E4C9-FollowerState] INFO  server.RaftServer$Division (RaftServerImpl.java:setRole(383)) - 097e50fe-38d4-45ee-922f-f03bf1c0f16e@group-E07B84C4E4C9: changes role from  FOLLOWER to CANDIDATE at term 0 for changeToCandidate
2024-03-04 12:58:14,306 [097e50fe-38d4-45ee-922f-f03bf1c0f16e@group-E07B84C4E4C9-FollowerState] INFO  server.RaftServerConfigKeys (ConfUtils.java:logGet(46)) - raft.server.leaderelection.pre-vote = true (default)
2024-03-04 12:58:14,306 [097e50fe-38d4-45ee-922f-f03bf1c0f16e@group-E07B84C4E4C9-FollowerState] INFO  impl.RoleInfo (RoleInfo.java:updateAndGet(139)) - 097e50fe-38d4-45ee-922f-f03bf1c0f16e: start 097e50fe-38d4-45ee-922f-f03bf1c0f16e@group-E07B84C4E4C9-LeaderElection37
2024-03-04 12:58:14,307 [097e50fe-38d4-45ee-922f-f03bf1c0f16e@group-E07B84C4E4C9-LeaderElection37] INFO  impl.LeaderElection (LeaderElection.java:askForVotes(321)) - 097e50fe-38d4-45ee-922f-f03bf1c0f16e@group-E07B84C4E4C9-LeaderElection37 PRE_VOTE round 0: submit vote requests at term 0 for -1: peers:[097e50fe-38d4-45ee-922f-f03bf1c0f16e|10.1.0.12:15160]|listeners:[], old=null
2024-03-04 12:58:14,307 [097e50fe-38d4-45ee-922f-f03bf1c0f16e@group-E07B84C4E4C9-LeaderElection37] INFO  impl.LeaderElection (LeaderElection.java:askForVotes(323)) - 097e50fe-38d4-45ee-922f-f03bf1c0f16e@group-E07B84C4E4C9-LeaderElection37 PRE_VOTE round 0: result PASSED (term=0)
2024-03-04 12:58:14,307 [omNode-2-OMStateMachineApplyTransactionThread - 0] INFO  volume.OMVolumeCreateRequest (OMVolumeCreateRequest.java:validateAndUpdateCache(198)) - created volume:vol for user:runner
2024-03-04 12:58:14,309 [097e50fe-38d4-45ee-922f-f03bf1c0f16e@group-E07B84C4E4C9-LeaderElection37] INFO  impl.LeaderElection (LeaderElection.java:askForVotes(321)) - 097e50fe-38d4-45ee-922f-f03bf1c0f16e@group-E07B84C4E4C9-LeaderElection37 ELECTION round 0: submit vote requests at term 1 for -1: peers:[097e50fe-38d4-45ee-922f-f03bf1c0f16e|10.1.0.12:15160]|listeners:[], old=null
2024-03-04 12:58:14,310 [omNode-3-OMStateMachineApplyTransactionThread - 0] INFO  volume.OMVolumeCreateRequest (OMVolumeCreateRequest.java:validateAndUpdateCache(198)) - created volume:vol for user:runner
2024-03-04 12:58:14,310 [097e50fe-38d4-45ee-922f-f03bf1c0f16e@group-E07B84C4E4C9-LeaderElection37] INFO  impl.LeaderElection (LeaderElection.java:askForVotes(323)) - 097e50fe-38d4-45ee-922f-f03bf1c0f16e@group-E07B84C4E4C9-LeaderElection37 ELECTION round 0: result PASSED (term=1)
2024-03-04 12:58:14,310 [097e50fe-38d4-45ee-922f-f03bf1c0f16e@group-E07B84C4E4C9-LeaderElection37] INFO  impl.RoleInfo (RoleInfo.java:shutdownLeaderElection(130)) - 097e50fe-38d4-45ee-922f-f03bf1c0f16e: shutdown 097e50fe-38d4-45ee-922f-f03bf1c0f16e@group-E07B84C4E4C9-LeaderElection37
2024-03-04 12:58:14,310 [097e50fe-38d4-45ee-922f-f03bf1c0f16e@group-E07B84C4E4C9-LeaderElection37] INFO  server.RaftServer$Division (RaftServerImpl.java:setRole(383)) - 097e50fe-38d4-45ee-922f-f03bf1c0f16e@group-E07B84C4E4C9: changes role from CANDIDATE to LEADER at term 1 for changeToLeader
2024-03-04 12:58:14,310 [097e50fe-38d4-45ee-922f-f03bf1c0f16e@group-E07B84C4E4C9-LeaderElection37] INFO  server.RaftServerConfigKeys (ConfUtils.java:logGet(46)) - raft.server.staging.catchup.gap = 1000 (default)
2024-03-04 12:58:14,310 [097e50fe-38d4-45ee-922f-f03bf1c0f16e@group-E07B84C4E4C9-LeaderElection37] INFO  server.RaftServerConfigKeys (ConfUtils.java:logGet(46)) - raft.server.write.element-limit = 1024 (custom)
2024-03-04 12:58:14,310 [097e50fe-38d4-45ee-922f-f03bf1c0f16e@group-E07B84C4E4C9-LeaderElection37] INFO  server.RaftServerConfigKeys (ConfUtils.java:logGet(46)) - raft.server.write.byte-limit = 1024 M (=1073741824) (custom)
2024-03-04 12:58:14,310 [097e50fe-38d4-45ee-922f-f03bf1c0f16e@group-E07B84C4E4C9-LeaderElection37] INFO  server.RaftServerConfigKeys (ConfUtils.java:logGet(46)) - raft.server.watch.timeout = 180s (custom)
2024-03-04 12:58:14,310 [097e50fe-38d4-45ee-922f-f03bf1c0f16e@group-E07B84C4E4C9-LeaderElection37] INFO  server.RaftServerConfigKeys (ConfUtils.java:logGet(46)) - raft.server.watch.timeout.denomination = 1s (default)
2024-03-04 12:58:14,310 [097e50fe-38d4-45ee-922f-f03bf1c0f16e@group-E07B84C4E4C9-LeaderElection37] INFO  server.RaftServerConfigKeys (ConfUtils.java:logGet(46)) - raft.server.watch.element-limit = 65536 (default)
2024-03-04 12:58:14,310 [097e50fe-38d4-45ee-922f-f03bf1c0f16e@group-E07B84C4E4C9-LeaderElection37] INFO  server.RaftServerConfigKeys (ConfUtils.java:logGet(46)) - raft.server.read.leader.lease.enabled = false (default)
2024-03-04 12:58:14,310 [097e50fe-38d4-45ee-922f-f03bf1c0f16e@group-E07B84C4E4C9-LeaderElection37] INFO  server.RaftServerConfigKeys (ConfUtils.java:logGet(46)) - raft.server.read.leader.lease.timeout.ratio = 0.9 (default)
2024-03-04 12:58:14,311 [097e50fe-38d4-45ee-922f-f03bf1c0f16e@group-E07B84C4E4C9-LeaderElection37] INFO  server.RaftServerConfigKeys (ConfUtils.java:logGet(46)) - raft.server.rpc.timeout.min = 5s (custom)
2024-03-04 12:58:14,311 [097e50fe-38d4-45ee-922f-f03bf1c0f16e@group-E07B84C4E4C9-LeaderElection37] INFO  server.RaftServerConfigKeys (ConfUtils.java:logGet(46)) - raft.server.write.element-limit = 1024 (custom)
2024-03-04 12:58:14,311 [097e50fe-38d4-45ee-922f-f03bf1c0f16e@group-E07B84C4E4C9-LeaderElection37] INFO  server.RaftServerConfigKeys (ConfUtils.java:logGet(46)) - raft.server.write.follower.gap.ratio.max = -1.0 (default)
2024-03-04 12:58:14,311 [097e50fe-38d4-45ee-922f-f03bf1c0f16e@group-E07B84C4E4C9-LeaderElection37] INFO  impl.RoleInfo (RoleInfo.java:updateAndGet(139)) - 097e50fe-38d4-45ee-922f-f03bf1c0f16e: start 097e50fe-38d4-45ee-922f-f03bf1c0f16e@group-E07B84C4E4C9-LeaderStateImpl
2024-03-04 12:58:14,311 [097e50fe-38d4-45ee-922f-f03bf1c0f16e@group-E07B84C4E4C9-LeaderElection37] INFO  server.RaftServer$Division (RaftServerImpl.java:setFirstElection(574)) - 097e50fe-38d4-45ee-922f-f03bf1c0f16e@group-E07B84C4E4C9: set firstElectionSinceStartup to false for becomeLeader
2024-03-04 12:58:14,311 [097e50fe-38d4-45ee-922f-f03bf1c0f16e@group-E07B84C4E4C9-LeaderElection37] INFO  ratis.XceiverServerRatis (XceiverServerRatis.java:handleLeaderChangedNotification(966)) - Leader change notification received for group: group-E07B84C4E4C9 with new leaderId: 097e50fe-38d4-45ee-922f-f03bf1c0f16e
2024-03-04 12:58:14,312 [097e50fe-38d4-45ee-922f-f03bf1c0f16e@group-E07B84C4E4C9-LeaderElection37] INFO  server.RaftServer$Division (ServerState.java:setLeader(269)) - 097e50fe-38d4-45ee-922f-f03bf1c0f16e@group-E07B84C4E4C9: change Leader from null to 097e50fe-38d4-45ee-922f-f03bf1c0f16e at term 1 for becomeLeader, leader elected after 5165ms
2024-03-04 12:58:14,313 [097e50fe-38d4-45ee-922f-f03bf1c0f16e@group-E07B84C4E4C9-LeaderElection37] INFO  segmented.SegmentedRaftLogWorker (SegmentedRaftLogWorker.java:startLogSegment(430)) - 097e50fe-38d4-45ee-922f-f03bf1c0f16e@group-E07B84C4E4C9-SegmentedRaftLogWorker: Starting segment from index:0
2024-03-04 12:58:14,314 [097e50fe-38d4-45ee-922f-f03bf1c0f16e@group-E07B84C4E4C9-SegmentedRaftLogWorker] INFO  segmented.BufferedWriteChannel (BufferedWriteChannel.java:open(62)) - open log_inprogress_0 at position 0
2024-03-04 12:58:14,315 [main] INFO  rpc.RpcClient (RpcClient.java:createVolume(466)) - Creating Volume: volume33967ca1-071c-495c-9aba-0c69e205fba7, with runner as owner and space quota set to -1 bytes, counts quota set to -1
2024-03-04 12:58:14,322 [097e50fe-38d4-45ee-922f-f03bf1c0f16e@group-E07B84C4E4C9-SegmentedRaftLogWorker] INFO  segmented.SegmentedRaftLogWorker (SegmentedRaftLogWorker.java:execute(634)) - 097e50fe-38d4-45ee-922f-f03bf1c0f16e@group-E07B84C4E4C9-SegmentedRaftLogWorker: created new log segment /home/runner/work/ozone/ozone/hadoop-ozone/integration-test/target/test-dir/MiniOzoneClusterImpl-d5abb160-17eb-4229-abdc-d3875330a01a/ozone-meta/datanode-2/ratis/f34fb7e4-cbeb-4569-b8c9-e07b84c4e4c9/current/log_inprogress_0
2024-03-04 12:58:14,323 [omNode-1-OMStateMachineApplyTransactionThread - 0] INFO  volume.OMVolumeCreateRequest (OMVolumeCreateRequest.java:validateAndUpdateCache(198)) - created volume:volume33967ca1-071c-495c-9aba-0c69e205fba7 for user:runner
2024-03-04 12:58:14,322 [097e50fe-38d4-45ee-922f-f03bf1c0f16e@group-E07B84C4E4C9-LeaderElection37] INFO  server.RaftServer$Division (ServerState.java:setRaftConf(386)) - 097e50fe-38d4-45ee-922f-f03bf1c0f16e@group-E07B84C4E4C9: set configuration 0: peers:[097e50fe-38d4-45ee-922f-f03bf1c0f16e|10.1.0.12:15160]|listeners:[], old=null
2024-03-04 12:58:14,324 [main] INFO  rpc.RpcClient (RpcClient.java:createBucket(692)) - Creating Bucket: volume33967ca1-071c-495c-9aba-0c69e205fba7/bucket, with server-side default bucket layout, runner as owner, Versioning false, Storage Type set to DISK and Encryption set to false, Replication Type set to server-side default replication type, Namespace Quota set to -1, Space Quota set to -1 
2024-03-04 12:58:14,324 [omNode-2-OMStateMachineApplyTransactionThread - 0] INFO  volume.OMVolumeCreateRequest (OMVolumeCreateRequest.java:validateAndUpdateCache(198)) - created volume:volume33967ca1-071c-495c-9aba-0c69e205fba7 for user:runner
2024-03-04 12:58:14,325 [omNode-3-OMStateMachineApplyTransactionThread - 0] INFO  volume.OMVolumeCreateRequest (OMVolumeCreateRequest.java:validateAndUpdateCache(198)) - created volume:volume33967ca1-071c-495c-9aba-0c69e205fba7 for user:runner
2024-03-04 12:58:14,325 [097e50fe-38d4-45ee-922f-f03bf1c0f16e@group-E07B84C4E4C9-StateMachineUpdater] INFO  server.RaftServer$Division (LeaderStateImpl.java:isApplied(320)) - leader is ready since appliedIndex == 0 >= startIndex == 0
2024-03-04 12:58:14,333 [omNode-1-OMStateMachineApplyTransactionThread - 0] INFO  bucket.OMBucketCreateRequest (OMBucketCreateRequest.java:validateAndUpdateCache(292)) - created bucket: bucket of layout OBJECT_STORE in volume: volume33967ca1-071c-495c-9aba-0c69e205fba7
2024-03-04 12:58:14,333 [omNode-3-OMStateMachineApplyTransactionThread - 0] INFO  bucket.OMBucketCreateRequest (OMBucketCreateRequest.java:validateAndUpdateCache(292)) - created bucket: bucket of layout OBJECT_STORE in volume: volume33967ca1-071c-495c-9aba-0c69e205fba7
2024-03-04 12:58:14,333 [omNode-2-OMStateMachineApplyTransactionThread - 0] INFO  bucket.OMBucketCreateRequest (OMBucketCreateRequest.java:validateAndUpdateCache(292)) - created bucket: bucket of layout OBJECT_STORE in volume: volume33967ca1-071c-495c-9aba-0c69e205fba7
2024-03-04 12:58:14,347 [IPC Server handler 4 on default port 15130] INFO  ha.SequenceIdGenerator (SequenceIdGenerator.java:getNextId(145)) - Allocate a batch for containerId, change lastId from 0 to 1000.
2024-03-04 12:58:14,348 [IPC Server handler 4 on default port 15130] WARN  ha.SequenceIdGenerator (SequenceIdGenerator.java:allocateBatch(258)) - Failed to allocate a batch for localId, expected lastId is 0, actual lastId is 113750153625600000.
2024-03-04 12:58:14,348 [IPC Server handler 4 on default port 15130] INFO  ha.SequenceIdGenerator (SequenceIdGenerator.java:getNextId(145)) - Allocate a batch for localId, change lastId from 113750153625600000 to 113750153625601000.
2024-03-04 12:58:14,400 [b225d8db-41e6-4bb3-882c-dcd695311e70@group-0CB77E7C14E8-FollowerState] INFO  impl.FollowerState (FollowerState.java:run(143)) - b225d8db-41e6-4bb3-882c-dcd695311e70@group-0CB77E7C14E8-FollowerState: change to CANDIDATE, lastRpcElapsedTime:5113469641ns, electionTimeout:5113ms
2024-03-04 12:58:14,401 [b225d8db-41e6-4bb3-882c-dcd695311e70@group-0CB77E7C14E8-FollowerState] INFO  impl.RoleInfo (RoleInfo.java:shutdownFollowerState(110)) - b225d8db-41e6-4bb3-882c-dcd695311e70: shutdown b225d8db-41e6-4bb3-882c-dcd695311e70@group-0CB77E7C14E8-FollowerState
2024-03-04 12:58:14,402 [b225d8db-41e6-4bb3-882c-dcd695311e70@group-0CB77E7C14E8-FollowerState] INFO  server.RaftServer$Division (RaftServerImpl.java:setRole(383)) - b225d8db-41e6-4bb3-882c-dcd695311e70@group-0CB77E7C14E8: changes role from  FOLLOWER to CANDIDATE at term 0 for changeToCandidate
2024-03-04 12:58:14,402 [b225d8db-41e6-4bb3-882c-dcd695311e70@group-0CB77E7C14E8-FollowerState] INFO  server.RaftServerConfigKeys (ConfUtils.java:logGet(46)) - raft.server.leaderelection.pre-vote = true (default)
2024-03-04 12:58:14,402 [b225d8db-41e6-4bb3-882c-dcd695311e70@group-0CB77E7C14E8-FollowerState] INFO  impl.RoleInfo (RoleInfo.java:updateAndGet(139)) - b225d8db-41e6-4bb3-882c-dcd695311e70: start b225d8db-41e6-4bb3-882c-dcd695311e70@group-0CB77E7C14E8-LeaderElection38
2024-03-04 12:58:14,403 [b225d8db-41e6-4bb3-882c-dcd695311e70@group-0CB77E7C14E8-LeaderElection38] INFO  impl.LeaderElection (LeaderElection.java:askForVotes(321)) - b225d8db-41e6-4bb3-882c-dcd695311e70@group-0CB77E7C14E8-LeaderElection38 PRE_VOTE round 0: submit vote requests at term 0 for -1: peers:[b225d8db-41e6-4bb3-882c-dcd695311e70|10.1.0.12:15169]|listeners:[], old=null
2024-03-04 12:58:14,403 [b225d8db-41e6-4bb3-882c-dcd695311e70@group-0CB77E7C14E8-LeaderElection38] INFO  impl.LeaderElection (LeaderElection.java:askForVotes(323)) - b225d8db-41e6-4bb3-882c-dcd695311e70@group-0CB77E7C14E8-LeaderElection38 PRE_VOTE round 0: result PASSED (term=0)
2024-03-04 12:58:14,404 [b225d8db-41e6-4bb3-882c-dcd695311e70@group-0CB77E7C14E8-LeaderElection38] INFO  impl.LeaderElection (LeaderElection.java:askForVotes(321)) - b225d8db-41e6-4bb3-882c-dcd695311e70@group-0CB77E7C14E8-LeaderElection38 ELECTION round 0: submit vote requests at term 1 for -1: peers:[b225d8db-41e6-4bb3-882c-dcd695311e70|10.1.0.12:15169]|listeners:[], old=null
2024-03-04 12:58:14,404 [b225d8db-41e6-4bb3-882c-dcd695311e70@group-0CB77E7C14E8-LeaderElection38] INFO  impl.LeaderElection (LeaderElection.java:askForVotes(323)) - b225d8db-41e6-4bb3-882c-dcd695311e70@group-0CB77E7C14E8-LeaderElection38 ELECTION round 0: result PASSED (term=1)
2024-03-04 12:58:14,404 [b225d8db-41e6-4bb3-882c-dcd695311e70@group-0CB77E7C14E8-LeaderElection38] INFO  impl.RoleInfo (RoleInfo.java:shutdownLeaderElection(130)) - b225d8db-41e6-4bb3-882c-dcd695311e70: shutdown b225d8db-41e6-4bb3-882c-dcd695311e70@group-0CB77E7C14E8-LeaderElection38
2024-03-04 12:58:14,404 [b225d8db-41e6-4bb3-882c-dcd695311e70@group-0CB77E7C14E8-LeaderElection38] INFO  server.RaftServer$Division (RaftServerImpl.java:setRole(383)) - b225d8db-41e6-4bb3-882c-dcd695311e70@group-0CB77E7C14E8: changes role from CANDIDATE to LEADER at term 1 for changeToLeader
2024-03-04 12:58:14,404 [b225d8db-41e6-4bb3-882c-dcd695311e70@group-0CB77E7C14E8-LeaderElection38] INFO  server.RaftServerConfigKeys (ConfUtils.java:logGet(46)) - raft.server.staging.catchup.gap = 1000 (default)
2024-03-04 12:58:14,404 [b225d8db-41e6-4bb3-882c-dcd695311e70@group-0CB77E7C14E8-LeaderElection38] INFO  server.RaftServerConfigKeys (ConfUtils.java:logGet(46)) - raft.server.write.element-limit = 1024 (custom)
2024-03-04 12:58:14,404 [b225d8db-41e6-4bb3-882c-dcd695311e70@group-0CB77E7C14E8-LeaderElection38] INFO  server.RaftServerConfigKeys (ConfUtils.java:logGet(46)) - raft.server.write.byte-limit = 1024 M (=1073741824) (custom)
2024-03-04 12:58:14,405 [b225d8db-41e6-4bb3-882c-dcd695311e70@group-0CB77E7C14E8-LeaderElection38] INFO  server.RaftServerConfigKeys (ConfUtils.java:logGet(46)) - raft.server.watch.timeout = 180s (custom)
2024-03-04 12:58:14,405 [b225d8db-41e6-4bb3-882c-dcd695311e70@group-0CB77E7C14E8-LeaderElection38] INFO  server.RaftServerConfigKeys (ConfUtils.java:logGet(46)) - raft.server.watch.timeout.denomination = 1s (default)
2024-03-04 12:58:14,405 [b225d8db-41e6-4bb3-882c-dcd695311e70@group-0CB77E7C14E8-LeaderElection38] INFO  server.RaftServerConfigKeys (ConfUtils.java:logGet(46)) - raft.server.watch.element-limit = 65536 (default)
2024-03-04 12:58:14,405 [b225d8db-41e6-4bb3-882c-dcd695311e70@group-0CB77E7C14E8-LeaderElection38] INFO  server.RaftServerConfigKeys (ConfUtils.java:logGet(46)) - raft.server.read.leader.lease.enabled = false (default)
2024-03-04 12:58:14,405 [b225d8db-41e6-4bb3-882c-dcd695311e70@group-0CB77E7C14E8-LeaderElection38] INFO  server.RaftServerConfigKeys (ConfUtils.java:logGet(46)) - raft.server.read.leader.lease.timeout.ratio = 0.9 (default)
2024-03-04 12:58:14,405 [b225d8db-41e6-4bb3-882c-dcd695311e70@group-0CB77E7C14E8-LeaderElection38] INFO  server.RaftServerConfigKeys (ConfUtils.java:logGet(46)) - raft.server.rpc.timeout.min = 5s (custom)
2024-03-04 12:58:14,405 [b225d8db-41e6-4bb3-882c-dcd695311e70@group-0CB77E7C14E8-LeaderElection38] INFO  server.RaftServerConfigKeys (ConfUtils.java:logGet(46)) - raft.server.write.element-limit = 1024 (custom)
2024-03-04 12:58:14,405 [b225d8db-41e6-4bb3-882c-dcd695311e70@group-0CB77E7C14E8-LeaderElection38] INFO  server.RaftServerConfigKeys (ConfUtils.java:logGet(46)) - raft.server.write.follower.gap.ratio.max = -1.0 (default)
2024-03-04 12:58:14,405 [b225d8db-41e6-4bb3-882c-dcd695311e70@group-0CB77E7C14E8-LeaderElection38] INFO  impl.RoleInfo (RoleInfo.java:updateAndGet(139)) - b225d8db-41e6-4bb3-882c-dcd695311e70: start b225d8db-41e6-4bb3-882c-dcd695311e70@group-0CB77E7C14E8-LeaderStateImpl
2024-03-04 12:58:14,405 [b225d8db-41e6-4bb3-882c-dcd695311e70@group-0CB77E7C14E8-LeaderElection38] INFO  server.RaftServer$Division (RaftServerImpl.java:setFirstElection(574)) - b225d8db-41e6-4bb3-882c-dcd695311e70@group-0CB77E7C14E8: set firstElectionSinceStartup to false for becomeLeader
2024-03-04 12:58:14,405 [b225d8db-41e6-4bb3-882c-dcd695311e70@group-0CB77E7C14E8-LeaderElection38] INFO  ratis.XceiverServerRatis (XceiverServerRatis.java:handleLeaderChangedNotification(966)) - Leader change notification received for group: group-0CB77E7C14E8 with new leaderId: b225d8db-41e6-4bb3-882c-dcd695311e70
2024-03-04 12:58:14,405 [b225d8db-41e6-4bb3-882c-dcd695311e70@group-0CB77E7C14E8-LeaderElection38] INFO  server.RaftServer$Division (ServerState.java:setLeader(269)) - b225d8db-41e6-4bb3-882c-dcd695311e70@group-0CB77E7C14E8: change Leader from null to b225d8db-41e6-4bb3-882c-dcd695311e70 at term 1 for becomeLeader, leader elected after 5127ms
2024-03-04 12:58:14,405 [b225d8db-41e6-4bb3-882c-dcd695311e70@group-0CB77E7C14E8-LeaderElection38] INFO  segmented.SegmentedRaftLogWorker (SegmentedRaftLogWorker.java:startLogSegment(430)) - b225d8db-41e6-4bb3-882c-dcd695311e70@group-0CB77E7C14E8-SegmentedRaftLogWorker: Starting segment from index:0
2024-03-04 12:58:14,406 [b225d8db-41e6-4bb3-882c-dcd695311e70@group-0CB77E7C14E8-SegmentedRaftLogWorker] INFO  segmented.BufferedWriteChannel (BufferedWriteChannel.java:open(62)) - open log_inprogress_0 at position 0
2024-03-04 12:58:14,407 [b225d8db-41e6-4bb3-882c-dcd695311e70@group-0CB77E7C14E8-LeaderElection38] INFO  server.RaftServer$Division (ServerState.java:setRaftConf(386)) - b225d8db-41e6-4bb3-882c-dcd695311e70@group-0CB77E7C14E8: set configuration 0: peers:[b225d8db-41e6-4bb3-882c-dcd695311e70|10.1.0.12:15169]|listeners:[], old=null
2024-03-04 12:58:14,415 [b225d8db-41e6-4bb3-882c-dcd695311e70@group-0CB77E7C14E8-SegmentedRaftLogWorker] INFO  segmented.SegmentedRaftLogWorker (SegmentedRaftLogWorker.java:execute(634)) - b225d8db-41e6-4bb3-882c-dcd695311e70@group-0CB77E7C14E8-SegmentedRaftLogWorker: created new log segment /home/runner/work/ozone/ozone/hadoop-ozone/integration-test/target/test-dir/MiniOzoneClusterImpl-d5abb160-17eb-4229-abdc-d3875330a01a/ozone-meta/datanode-3/ratis/3e9f4eb8-5100-478e-8f37-0cb77e7c14e8/current/log_inprogress_0
2024-03-04 12:58:14,416 [b225d8db-41e6-4bb3-882c-dcd695311e70@group-0CB77E7C14E8-StateMachineUpdater] INFO  server.RaftServer$Division (LeaderStateImpl.java:isApplied(320)) - leader is ready since appliedIndex == 0 >= startIndex == 0
2024-03-04 12:58:14,580 [omNode-2@group-523986131536-StateMachineUpdater] INFO  ratis.OzoneManagerStateMachine (OzoneManagerStateMachine.java:takeSnapshotImpl(467)) -  applied = (t:1, i:49)
2024-03-04 12:58:14,580 [omNode-2@group-523986131536-StateMachineUpdater] INFO  ratis.OzoneManagerStateMachine (OzoneManagerStateMachine.java:takeSnapshotImpl(468)) -  skipped = 49
2024-03-04 12:58:14,580 [omNode-3@group-523986131536-StateMachineUpdater] INFO  ratis.OzoneManagerStateMachine (OzoneManagerStateMachine.java:takeSnapshotImpl(467)) -  applied = (t:1, i:49)
2024-03-04 12:58:14,580 [omNode-3@group-523986131536-StateMachineUpdater] INFO  ratis.OzoneManagerStateMachine (OzoneManagerStateMachine.java:takeSnapshotImpl(468)) -  skipped = 49
2024-03-04 12:58:14,580 [omNode-3@group-523986131536-StateMachineUpdater] INFO  ratis.OzoneManagerStateMachine (OzoneManagerStateMachine.java:takeSnapshotImpl(469)) - notified = (t:1, i:50)
2024-03-04 12:58:14,580 [omNode-3@group-523986131536-StateMachineUpdater] INFO  ratis.OzoneManagerStateMachine (OzoneManagerStateMachine.java:takeSnapshotImpl(470)) - snapshot = (t:1, i:50)
2024-03-04 12:58:14,580 [omNode-2@group-523986131536-StateMachineUpdater] INFO  ratis.OzoneManagerStateMachine (OzoneManagerStateMachine.java:takeSnapshotImpl(469)) - notified = (t:1, i:50)
2024-03-04 12:58:14,580 [omNode-2@group-523986131536-StateMachineUpdater] INFO  ratis.OzoneManagerStateMachine (OzoneManagerStateMachine.java:takeSnapshotImpl(470)) - snapshot = (t:1, i:50)
2024-03-04 12:58:14,581 [omNode-1-OMStateMachineApplyTransactionThread - 0] INFO  upgrade.OMPrepareRequest (OMPrepareRequest.java:validateAndUpdateCache(69)) - OM omNode-1 Received prepare request with log (t:1, i:51)
2024-03-04 12:58:14,581 [omNode-1-OMStateMachineApplyTransactionThread - 0] INFO  upgrade.OMPrepareRequest (OMPrepareRequest.java:waitForLogIndex(184)) - omNode-1 waiting for index 51 to flush to OM DB and index 52 to flush to Ratis state machine.
2024-03-04 12:58:14,593 [omNode-3@group-523986131536-StateMachineUpdater] INFO  impl.StateMachineUpdater (StateMachineUpdater.java:takeSnapshot(295)) - omNode-3@group-523986131536-StateMachineUpdater: Took a snapshot at index 50
2024-03-04 12:58:14,593 [omNode-3@group-523986131536-StateMachineUpdater] INFO  impl.StateMachineUpdater (StateMachineUpdater.java:lambda$new$0(98)) - omNode-3@group-523986131536-StateMachineUpdater: snapshotIndex: updateIncreasingly -1 -> 50
2024-03-04 12:58:14,593 [omNode-3@group-523986131536-StateMachineUpdater] INFO  raftlog.RaftLog (RaftLogBase.java:purge(330)) - omNode-3@group-523986131536-SegmentedRaftLog: purge 50
2024-03-04 12:58:14,593 [omNode-3@group-523986131536-StateMachineUpdater] INFO  raftlog.RaftLog (RaftLogBase.java:lambda$new$0(54)) - omNode-3@group-523986131536-SegmentedRaftLog: snapshotIndex: updateIncreasingly -1 -> 50
2024-03-04 12:58:14,593 [omNode-3@group-523986131536-StateMachineUpdater] INFO  raftlog.RaftLog (RaftLogBase.java:lambda$new$0(54)) - omNode-3@group-523986131536-SegmentedRaftLog: purgeIndex: updateToMax old=-1, new=50, updated? true
2024-03-04 12:58:14,593 [omNode-3-OMStateMachineApplyTransactionThread - 0] INFO  upgrade.OMPrepareRequest (OMPrepareRequest.java:validateAndUpdateCache(69)) - OM omNode-3 Received prepare request with log (t:1, i:51)
2024-03-04 12:58:14,593 [omNode-2@group-523986131536-StateMachineUpdater] INFO  impl.StateMachineUpdater (StateMachineUpdater.java:takeSnapshot(295)) - omNode-2@group-523986131536-StateMachineUpdater: Took a snapshot at index 50
2024-03-04 12:58:14,594 [omNode-2@group-523986131536-StateMachineUpdater] INFO  impl.StateMachineUpdater (StateMachineUpdater.java:lambda$new$0(98)) - omNode-2@group-523986131536-StateMachineUpdater: snapshotIndex: updateIncreasingly -1 -> 50
2024-03-04 12:58:14,594 [omNode-2@group-523986131536-StateMachineUpdater] INFO  raftlog.RaftLog (RaftLogBase.java:purge(330)) - omNode-2@group-523986131536-SegmentedRaftLog: purge 50
2024-03-04 12:58:14,594 [omNode-2@group-523986131536-StateMachineUpdater] INFO  raftlog.RaftLog (RaftLogBase.java:lambda$new$0(54)) - omNode-2@group-523986131536-SegmentedRaftLog: snapshotIndex: updateIncreasingly -1 -> 50
2024-03-04 12:58:14,594 [omNode-2@group-523986131536-StateMachineUpdater] INFO  raftlog.RaftLog (RaftLogBase.java:lambda$new$0(54)) - omNode-2@group-523986131536-SegmentedRaftLog: purgeIndex: updateToMax old=-1, new=50, updated? true
2024-03-04 12:58:14,594 [omNode-2-OMStateMachineApplyTransactionThread - 0] INFO  upgrade.OMPrepareRequest (OMPrepareRequest.java:validateAndUpdateCache(69)) - OM omNode-2 Received prepare request with log (t:1, i:51)
2024-03-04 12:58:14,594 [omNode-2-OMStateMachineApplyTransactionThread - 0] INFO  upgrade.OMPrepareRequest (OMPrepareRequest.java:waitForLogIndex(184)) - omNode-2 waiting for index 51 to flush to OM DB and index 52 to flush to Ratis state machine.
2024-03-04 12:58:14,594 [omNode-3-OMStateMachineApplyTransactionThread - 0] INFO  upgrade.OMPrepareRequest (OMPrepareRequest.java:waitForLogIndex(184)) - omNode-3 waiting for index 51 to flush to OM DB and index 52 to flush to Ratis state machine.
2024-03-04 12:58:19,594 [omNode-2-OMStateMachineApplyTransactionThread - 0] INFO  ratis.OzoneManagerStateMachine (OzoneManagerStateMachine.java:takeSnapshotImpl(467)) -  applied = (t:1, i:51)
2024-03-04 12:58:19,594 [omNode-3-OMStateMachineApplyTransactionThread - 0] INFO  ratis.OzoneManagerStateMachine (OzoneManagerStateMachine.java:takeSnapshotImpl(467)) -  applied = (t:1, i:51)
2024-03-04 12:58:19,595 [omNode-3-OMStateMachineApplyTransactionThread - 0] INFO  ratis.OzoneManagerStateMachine (OzoneManagerStateMachine.java:takeSnapshotImpl(468)) -  skipped = 51
2024-03-04 12:58:19,595 [omNode-3-OMStateMachineApplyTransactionThread - 0] INFO  ratis.OzoneManagerStateMachine (OzoneManagerStateMachine.java:takeSnapshotImpl(469)) - notified = (t:1, i:52)
2024-03-04 12:58:19,595 [omNode-3-OMStateMachineApplyTransactionThread - 0] INFO  ratis.OzoneManagerStateMachine (OzoneManagerStateMachine.java:takeSnapshotImpl(470)) - snapshot = (t:1, i:52)
2024-03-04 12:58:19,594 [omNode-2-OMStateMachineApplyTransactionThread - 0] INFO  ratis.OzoneManagerStateMachine (OzoneManagerStateMachine.java:takeSnapshotImpl(468)) -  skipped = 51
2024-03-04 12:58:19,595 [omNode-2-OMStateMachineApplyTransactionThread - 0] INFO  ratis.OzoneManagerStateMachine (OzoneManagerStateMachine.java:takeSnapshotImpl(469)) - notified = (t:1, i:52)
2024-03-04 12:58:19,595 [omNode-2-OMStateMachineApplyTransactionThread - 0] INFO  ratis.OzoneManagerStateMachine (OzoneManagerStateMachine.java:takeSnapshotImpl(470)) - snapshot = (t:1, i:52)
2024-03-04 12:58:19,598 [omNode-2-OMStateMachineApplyTransactionThread - 0] INFO  upgrade.OMPrepareRequest (OMPrepareRequest.java:takeSnapshotAndPurgeLogs(238)) - takeSnapshot at 52 for prepareIndex 52
2024-03-04 12:58:19,598 [omNode-2-OMStateMachineApplyTransactionThread - 0] INFO  raftlog.RaftLog (RaftLogBase.java:lambda$new$0(54)) - omNode-2@group-523986131536-SegmentedRaftLog: snapshotIndex: updateIncreasingly 50 -> 52
2024-03-04 12:58:19,598 [omNode-2-OMStateMachineApplyTransactionThread - 0] INFO  segmented.SegmentedRaftLogWorker (SegmentedRaftLogWorker.java:lambda$new$0(134)) - omNode-2@group-523986131536-SegmentedRaftLogWorker: safeCacheEvictIndex: setUnconditionally -1 -> 52
2024-03-04 12:58:19,599 [omNode-2-OMStateMachineApplyTransactionThread - 0] INFO  segmented.SegmentedRaftLogWorker (SegmentedRaftLogWorker.java:closeLogSegment(451)) - omNode-2@group-523986131536-SegmentedRaftLogWorker: Closing segment log_inprogress_0 to index: 52
2024-03-04 12:58:19,599 [omNode-3-OMStateMachineApplyTransactionThread - 0] INFO  upgrade.OMPrepareRequest (OMPrepareRequest.java:takeSnapshotAndPurgeLogs(238)) - takeSnapshot at 52 for prepareIndex 52
2024-03-04 12:58:19,599 [omNode-3-OMStateMachineApplyTransactionThread - 0] INFO  raftlog.RaftLog (RaftLogBase.java:lambda$new$0(54)) - omNode-3@group-523986131536-SegmentedRaftLog: snapshotIndex: updateIncreasingly 50 -> 52
2024-03-04 12:58:19,599 [omNode-3-OMStateMachineApplyTransactionThread - 0] INFO  segmented.SegmentedRaftLogWorker (SegmentedRaftLogWorker.java:lambda$new$0(134)) - omNode-3@group-523986131536-SegmentedRaftLogWorker: safeCacheEvictIndex: setUnconditionally -1 -> 52
2024-03-04 12:58:19,599 [omNode-3-OMStateMachineApplyTransactionThread - 0] INFO  segmented.SegmentedRaftLogWorker (SegmentedRaftLogWorker.java:closeLogSegment(451)) - omNode-3@group-523986131536-SegmentedRaftLogWorker: Closing segment log_inprogress_0 to index: 52
2024-03-04 12:58:19,599 [omNode-2@group-523986131536-SegmentedRaftLogWorker] INFO  segmented.SegmentedRaftLogWorker (SegmentedRaftLogWorker.java:execute(591)) - omNode-2@group-523986131536-SegmentedRaftLogWorker: Rolled log segment from /home/runner/work/ozone/ozone/hadoop-ozone/integration-test/target/test-dir/MiniOzoneClusterImpl-d5abb160-17eb-4229-abdc-d3875330a01a/omNode-2/ratis/c9bc4cf4-3bc3-3c60-a66b-523986131536/current/log_inprogress_0 to /home/runner/work/ozone/ozone/hadoop-ozone/integration-test/target/test-dir/MiniOzoneClusterImpl-d5abb160-17eb-4229-abdc-d3875330a01a/omNode-2/ratis/c9bc4cf4-3bc3-3c60-a66b-523986131536/current/log_0-52
2024-03-04 12:58:19,600 [omNode-2-OMStateMachineApplyTransactionThread - 0] INFO  om.OzoneManagerPrepareState (OzoneManagerPrepareState.java:writePrepareMarkerFile(262)) - Prepare marker file written with log index 51 to file /home/runner/work/ozone/ozone/hadoop-ozone/integration-test/target/test-dir/MiniOzoneClusterImpl-d5abb160-17eb-4229-abdc-d3875330a01a/omNode-2/current/prepareMarker
2024-03-04 12:58:19,600 [omNode-2-OMStateMachineApplyTransactionThread - 0] INFO  upgrade.OMPrepareRequest (OMPrepareRequest.java:validateAndUpdateCache(122)) - OM omNode-2 prepared at log index 51. Returning response txnID: 51
 with log index 51
2024-03-04 12:58:19,600 [omNode-3@group-523986131536-SegmentedRaftLogWorker] INFO  segmented.SegmentedRaftLogWorker (SegmentedRaftLogWorker.java:execute(591)) - omNode-3@group-523986131536-SegmentedRaftLogWorker: Rolled log segment from /home/runner/work/ozone/ozone/hadoop-ozone/integration-test/target/test-dir/MiniOzoneClusterImpl-d5abb160-17eb-4229-abdc-d3875330a01a/omNode-3/ratis/c9bc4cf4-3bc3-3c60-a66b-523986131536/current/log_inprogress_0 to /home/runner/work/ozone/ozone/hadoop-ozone/integration-test/target/test-dir/MiniOzoneClusterImpl-d5abb160-17eb-4229-abdc-d3875330a01a/omNode-3/ratis/c9bc4cf4-3bc3-3c60-a66b-523986131536/current/log_0-52
2024-03-04 12:58:19,600 [omNode-3-OMStateMachineApplyTransactionThread - 0] INFO  om.OzoneManagerPrepareState (OzoneManagerPrepareState.java:writePrepareMarkerFile(262)) - Prepare marker file written with log index 51 to file /home/runner/work/ozone/ozone/hadoop-ozone/integration-test/target/test-dir/MiniOzoneClusterImpl-d5abb160-17eb-4229-abdc-d3875330a01a/omNode-3/current/prepareMarker
2024-03-04 12:58:19,600 [omNode-3-OMStateMachineApplyTransactionThread - 0] INFO  upgrade.OMPrepareRequest (OMPrepareRequest.java:validateAndUpdateCache(122)) - OM omNode-3 prepared at log index 51. Returning response txnID: 51
 with log index 51
2024-03-04 12:59:04,025 [4d7ce83b-e8ef-4f91-b37b-41ef2f7f2700-BlockDeletingService#0] INFO  interfaces.ContainerDeletionChoosingPolicyTemplate (ContainerDeletionChoosingPolicyTemplate.java:chooseContainerForBlockDeletion(85)) - Chosen 0/5000 blocks from 0 candidate containers.
2024-03-04 12:59:04,175 [097e50fe-38d4-45ee-922f-f03bf1c0f16e-BlockDeletingService#0] INFO  interfaces.ContainerDeletionChoosingPolicyTemplate (ContainerDeletionChoosingPolicyTemplate.java:chooseContainerForBlockDeletion(85)) - Chosen 0/5000 blocks from 0 candidate containers.
2024-03-04 12:59:04,306 [b225d8db-41e6-4bb3-882c-dcd695311e70-BlockDeletingService#0] INFO  interfaces.ContainerDeletionChoosingPolicyTemplate (ContainerDeletionChoosingPolicyTemplate.java:chooseContainerForBlockDeletion(85)) - Chosen 0/5000 blocks from 0 candidate containers.
2024-03-04 13:00:04,027 [4d7ce83b-e8ef-4f91-b37b-41ef2f7f2700-BlockDeletingService#1] INFO  interfaces.ContainerDeletionChoosingPolicyTemplate (ContainerDeletionChoosingPolicyTemplate.java:chooseContainerForBlockDeletion(85)) - Chosen 0/5000 blocks from 0 candidate containers.
2024-03-04 13:00:04,177 [097e50fe-38d4-45ee-922f-f03bf1c0f16e-BlockDeletingService#1] INFO  interfaces.ContainerDeletionChoosingPolicyTemplate (ContainerDeletionChoosingPolicyTemplate.java:chooseContainerForBlockDeletion(85)) - Chosen 0/5000 blocks from 0 candidate containers.
2024-03-04 13:00:04,307 [b225d8db-41e6-4bb3-882c-dcd695311e70-BlockDeletingService#1] INFO  interfaces.ContainerDeletionChoosingPolicyTemplate (ContainerDeletionChoosingPolicyTemplate.java:chooseContainerForBlockDeletion(85)) - Chosen 0/5000 blocks from 0 candidate containers.
2024-03-04 13:00:14,589 [omNode-1-OMStateMachineApplyTransactionThread - 0] ERROR upgrade.OMPrepareRequest (OMPrepareRequest.java:validateAndUpdateCache(133)) - Prepare Request Apply failed in omNode-1. 
java.io.IOException: After waiting for 120 seconds, Ratis state machine applied index 50 which is less than the minimum required index 52.
	at org.apache.hadoop.ozone.om.request.upgrade.OMPrepareRequest.waitForLogIndex(OMPrepareRequest.java:216)
	at org.apache.hadoop.ozone.om.request.upgrade.OMPrepareRequest.validateAndUpdateCache(OMPrepareRequest.java:112)
	at org.apache.hadoop.ozone.protocolPB.OzoneManagerRequestHandler.lambda$0(OzoneManagerRequestHandler.java:397)
	at org.apache.hadoop.util.MetricUtil.captureLatencyNs(MetricUtil.java:45)
	at org.apache.hadoop.ozone.protocolPB.OzoneManagerRequestHandler.handleWriteRequestImpl(OzoneManagerRequestHandler.java:395)
	at org.apache.hadoop.ozone.protocolPB.RequestHandler.handleWriteRequest(RequestHandler.java:63)
	at org.apache.hadoop.ozone.om.ratis.OzoneManagerStateMachine.runCommand(OzoneManagerStateMachine.java:525)
	at org.apache.hadoop.ozone.om.ratis.OzoneManagerStateMachine.lambda$1(OzoneManagerStateMachine.java:343)
	at java.util.concurrent.CompletableFuture$AsyncSupply.run(CompletableFuture.java:1604)
	at java.util.concurrent.ThreadPoolExecutor.runWorker(ThreadPoolExecutor.java:1149)
	at java.util.concurrent.ThreadPoolExecutor$Worker.run(ThreadPoolExecutor.java:624)
	at java.lang.Thread.run(Thread.java:750)
2024-03-04 13:00:14,590 [omNode-1@group-523986131536-StateMachineUpdater] INFO  ratis.OzoneManagerStateMachine (OzoneManagerStateMachine.java:takeSnapshotImpl(467)) -  applied = (t:1, i:51)
2024-03-04 13:00:14,590 [omNode-1@group-523986131536-StateMachineUpdater] INFO  ratis.OzoneManagerStateMachine (OzoneManagerStateMachine.java:takeSnapshotImpl(468)) -  skipped = 49
2024-03-04 13:00:14,590 [omNode-1@group-523986131536-StateMachineUpdater] INFO  ratis.OzoneManagerStateMachine (OzoneManagerStateMachine.java:takeSnapshotImpl(469)) - notified = (t:1, i:50)
2024-03-04 13:00:14,590 [omNode-1@group-523986131536-StateMachineUpdater] INFO  ratis.OzoneManagerStateMachine (OzoneManagerStateMachine.java:takeSnapshotImpl(470)) - snapshot = (t:1, i:51)
2024-03-04 13:00:14,590 [main] INFO  om.OzoneManager (OzoneManager.java:stop(2204)) - omNode-3[localhost:15141]: Stopping Ozone Manager
2024-03-04 13:00:14,591 [main] INFO  ipc.Server (Server.java:stop(3523)) - Stopping server on 15141
2024-03-04 13:00:14,593 [IPC Server listener on 15141] INFO  ipc.Server (Server.java:run(1434)) - Stopping IPC Server listener on 15141
2024-03-04 13:00:14,594 [IPC Server Responder] INFO  ipc.Server (Server.java:run(1567)) - Stopping IPC Server Responder
2024-03-04 13:00:14,595 [main] INFO  ratis.OzoneManagerRatisServer (OzoneManagerRatisServer.java:stop(594)) - Stopping org.apache.hadoop.ozone.om.ratis.OzoneManagerRatisServer@54ced04c at port 15144
2024-03-04 13:00:14,595 [main] INFO  server.RaftServer (RaftServerProxy.java:lambda$close$9(416)) - omNode-3: close
2024-03-04 13:00:14,595 [main] INFO  server.GrpcService (GrpcService.java:closeImpl(311)) - omNode-3: shutdown server GrpcServerProtocolService now
2024-03-04 13:00:14,596 [omNode-3-impl-thread2] INFO  server.RaftServer$Division (RaftServerImpl.java:lambda$close$3(526)) - omNode-3@group-523986131536: shutdown
2024-03-04 13:00:14,596 [omNode-3-impl-thread2] INFO  util.JmxRegister (JmxRegister.java:unregister(73)) - Successfully un-registered JMX Bean with object name Ratis:service=RaftServer,group=group-523986131536,id=omNode-3
2024-03-04 13:00:14,596 [omNode-3-impl-thread2] INFO  impl.RoleInfo (RoleInfo.java:shutdownFollowerState(110)) - omNode-3: shutdown omNode-3@group-523986131536-FollowerState
2024-03-04 13:00:14,597 [grpc-default-executor-1] WARN  server.GrpcServerProtocolService (LogUtils.java:warn(121)) - omNode-3: APPEND_ENTRIES onError, lastRequest: omNode-1->omNode-3#151-t1,previous=(t:1, i:51),leaderCommit=51,initializing? false,entries: size=1, first=(t:1, i:52), METADATAENTRY(c:51): org.apache.ratis.thirdparty.io.grpc.StatusRuntimeException: CANCELLED: client cancelled
2024-03-04 13:00:14,597 [omNode-3@group-523986131536-FollowerState] INFO  impl.FollowerState (FollowerState.java:run(152)) - omNode-3@group-523986131536-FollowerState was interrupted
2024-03-04 13:00:14,597 [omNode-3-impl-thread2] INFO  impl.StateMachineUpdater (StateMachineUpdater.java:stopAndJoin(157)) - omNode-3@group-523986131536-StateMachineUpdater: set stopIndex = 52
2024-03-04 13:00:14,600 [omNode-3@group-523986131536-StateMachineUpdater] INFO  ratis.OzoneManagerStateMachine (OzoneManagerStateMachine.java:takeSnapshotImpl(467)) -  applied = (t:1, i:51)
2024-03-04 13:00:14,600 [omNode-3@group-523986131536-StateMachineUpdater] INFO  ratis.OzoneManagerStateMachine (OzoneManagerStateMachine.java:takeSnapshotImpl(468)) -  skipped = 51
2024-03-04 13:00:14,598 [main] INFO  server.GrpcService (GrpcService.java:closeImpl(320)) - omNode-3: shutdown server GrpcServerProtocolService successfully
2024-03-04 13:00:14,598 [grpc-default-executor-1] WARN  server.GrpcLogAppender (LogUtils.java:warn(121)) - omNode-1@group-523986131536->omNode-3-AppendLogResponseHandler: Failed appendEntries: org.apache.ratis.thirdparty.io.grpc.StatusRuntimeException: CANCELLED: RST_STREAM closed stream. HTTP/2 error code: CANCEL
2024-03-04 13:00:14,600 [grpc-default-executor-1] WARN  server.GrpcLogAppender (GrpcLogAppender.java:lambda$resetClient$1(217)) - omNode-1@group-523986131536->omNode-3-GrpcLogAppender: Follower failed (request=null, errorCount=1); keep nextIndex (53) unchanged and retry.
2024-03-04 13:00:14,598 [grpc-default-executor-6] WARN  server.GrpcServerProtocolService (LogUtils.java:warn(121)) - omNode-3: APPEND_ENTRIES onError, lastRequest: null: org.apache.ratis.thirdparty.io.grpc.StatusRuntimeException: CANCELLED: client cancelled
2024-03-04 13:00:14,600 [omNode-3@group-523986131536-StateMachineUpdater] INFO  ratis.OzoneManagerStateMachine (OzoneManagerStateMachine.java:takeSnapshotImpl(469)) - notified = (t:1, i:52)
2024-03-04 13:00:14,603 [omNode-3@group-523986131536-StateMachineUpdater] INFO  ratis.OzoneManagerStateMachine (OzoneManagerStateMachine.java:takeSnapshotImpl(470)) - snapshot = (t:1, i:52)
2024-03-04 13:00:14,607 [omNode-3@group-523986131536-StateMachineUpdater] INFO  impl.StateMachineUpdater (StateMachineUpdater.java:takeSnapshot(295)) - omNode-3@group-523986131536-StateMachineUpdater: Took a snapshot at index 52
2024-03-04 13:00:14,607 [omNode-3@group-523986131536-StateMachineUpdater] INFO  impl.StateMachineUpdater (StateMachineUpdater.java:lambda$new$0(98)) - omNode-3@group-523986131536-StateMachineUpdater: snapshotIndex: updateIncreasingly 50 -> 52
2024-03-04 13:00:14,607 [omNode-3@group-523986131536-StateMachineUpdater] INFO  ratis.OzoneManagerStateMachine (OzoneManagerStateMachine.java:close(513)) - Stopping OzoneManagerStateMachine:omNode-3:group-523986131536.
2024-03-04 13:00:14,607 [omNode-3@group-523986131536-StateMachineUpdater] INFO  ratis.OzoneManagerDoubleBuffer (OzoneManagerDoubleBuffer.java:stopDaemon(518)) - Stopping OMDoubleBuffer flush thread
2024-03-04 13:00:14,607 [omNode-3-OMDoubleBufferFlushThread] INFO  ratis.OzoneManagerDoubleBuffer (OzoneManagerDoubleBuffer.java:canFlush(582)) - OMDoubleBuffer flush thread omNode-3-OMDoubleBufferFlushThread is interrupted and will exit.
2024-03-04 13:00:14,609 [omNode-3-impl-thread2] INFO  server.RaftServer$Division (ServerState.java:close(427)) - omNode-3@group-523986131536: applyIndex: 51
2024-03-04 13:00:14,609 [omNode-3@group-523986131536-cacheEviction-AwaitToRun] INFO  util.AwaitToRun (AwaitToRun.java:run(49)) - omNode-3@group-523986131536-cacheEviction-AwaitToRun-AwaitForSignal is interrupted
2024-03-04 13:00:14,613 [omNode-1@group-523986131536-StateMachineUpdater] INFO  impl.StateMachineUpdater (StateMachineUpdater.java:takeSnapshot(295)) - omNode-1@group-523986131536-StateMachineUpdater: Took a snapshot at index 51
2024-03-04 13:00:14,613 [omNode-1@group-523986131536-StateMachineUpdater] INFO  impl.StateMachineUpdater (StateMachineUpdater.java:lambda$new$0(98)) - omNode-1@group-523986131536-StateMachineUpdater: snapshotIndex: updateIncreasingly -1 -> 51
2024-03-04 13:00:14,613 [omNode-1@group-523986131536-StateMachineUpdater] INFO  raftlog.RaftLog (RaftLogBase.java:purge(330)) - omNode-1@group-523986131536-SegmentedRaftLog: purge 51
2024-03-04 13:00:14,613 [omNode-1@group-523986131536-StateMachineUpdater] INFO  raftlog.RaftLog (RaftLogBase.java:lambda$new$0(54)) - omNode-1@group-523986131536-SegmentedRaftLog: snapshotIndex: updateIncreasingly -1 -> 51
2024-03-04 13:00:14,613 [omNode-1@group-523986131536-StateMachineUpdater] INFO  raftlog.RaftLog (RaftLogBase.java:lambda$new$0(54)) - omNode-1@group-523986131536-SegmentedRaftLog: purgeIndex: updateToMax old=-1, new=51, updated? true
2024-03-04 13:00:15,607 [omNode-3-impl-thread2] INFO  segmented.SegmentedRaftLogWorker (SegmentedRaftLogWorker.java:close(245)) - omNode-3@group-523986131536-SegmentedRaftLogWorker close()
2024-03-04 13:00:15,609 [JvmPauseMonitor42] INFO  util.JvmPauseMonitor (JvmPauseMonitor.java:run(152)) - JvmPauseMonitor-omNode-3: Stopped
2024-03-04 13:00:15,610 [main] INFO  utils.BackgroundService (BackgroundService.java:shutdown(160)) - Shutting down service KeyDeletingService
2024-03-04 13:00:15,610 [main] INFO  utils.BackgroundService (BackgroundService.java:shutdown(160)) - Shutting down service DirectoryDeletingService
2024-03-04 13:00:15,610 [main] INFO  utils.BackgroundService (BackgroundService.java:shutdown(160)) - Shutting down service OpenKeyCleanupService
2024-03-04 13:00:15,610 [main] INFO  utils.BackgroundService (BackgroundService.java:shutdown(160)) - Shutting down service SstFilteringService
2024-03-04 13:00:15,610 [main] INFO  utils.BackgroundService (BackgroundService.java:shutdown(160)) - Shutting down service SnapshotDeletingService
2024-03-04 13:00:15,611 [main] INFO  utils.BackgroundService (BackgroundService.java:shutdown(160)) - Shutting down service MultipartUploadCleanupService
2024-03-04 13:00:15,611 [main] INFO  utils.BackgroundService (BackgroundService.java:shutdown(160)) - Shutting down service SnapshotDirectoryCleaningService
2024-03-04 13:00:15,611 [main] INFO  handler.ContextHandler (ContextHandler.java:doStop(1159)) - Stopped o.e.j.w.WebAppContext@fdaaeb0{ozoneManager,/,null,STOPPED}{file:/home/runner/work/ozone/ozone/hadoop-ozone/integration-test/target/test-classes/webapps/ozoneManager}
2024-03-04 13:00:15,612 [main] INFO  server.AbstractConnector (AbstractConnector.java:doStop(383)) - Stopped ServerConnector@17f48e49{HTTP/1.1, (http/1.1)}{0.0.0.0:15142}
2024-03-04 13:00:15,612 [main] INFO  server.session (HouseKeeper.java:stopScavenging(149)) - node0 Stopped scavenging
2024-03-04 13:00:15,612 [main] INFO  handler.ContextHandler (ContextHandler.java:doStop(1159)) - Stopped o.e.j.s.ServletContextHandler@6c112540{static,/static,file:///home/runner/work/ozone/ozone/hadoop-ozone/integration-test/target/test-classes/webapps/static,STOPPED}
2024-03-04 13:00:15,613 [main] INFO  handler.ContextHandler (ContextHandler.java:doStop(1159)) - Stopped o.e.j.s.ServletContextHandler@11532c14{logs,/logs,file:///home/runner/work/ozone/ozone/hadoop-ozone/integration-test/target/log,STOPPED}
2024-03-04 13:00:15,613 [main] INFO  rocksdiff.RocksDBCheckpointDiffer (RocksDBCheckpointDiffer.java:close(310)) - Shutting down CompactionDagPruningService.
2024-03-04 13:00:15,615 [main] INFO  snapshot.SnapshotDiffManager (SnapshotDiffManager.java:closeExecutorService(1657)) - Shutting down executorService: 'SnapDiffExecutor'
2024-03-04 13:00:15,615 [main] INFO  utils.BackgroundService (BackgroundService.java:shutdown(160)) - Shutting down service SnapshotDiffCleanupService
2024-03-04 13:00:15,616 [main] INFO  om.OzoneManager (OzoneManager.java:stop(2204)) - omNode-1[localhost:15133]: Stopping Ozone Manager
2024-03-04 13:00:15,617 [main] INFO  ipc.Server (Server.java:stop(3523)) - Stopping server on 15133
2024-03-04 13:00:15,619 [IPC Server listener on 15133] INFO  ipc.Server (Server.java:run(1434)) - Stopping IPC Server listener on 15133
2024-03-04 13:00:15,619 [IPC Server Responder] INFO  ipc.Server (Server.java:run(1567)) - Stopping IPC Server Responder
2024-03-04 13:00:15,619 [main] INFO  ratis.OzoneManagerRatisServer (OzoneManagerRatisServer.java:stop(594)) - Stopping org.apache.hadoop.ozone.om.ratis.OzoneManagerRatisServer@1eb964de at port 15136
2024-03-04 13:00:15,620 [main] INFO  server.RaftServer (RaftServerProxy.java:lambda$close$9(416)) - omNode-1: close
2024-03-04 13:00:15,620 [main] INFO  server.GrpcService (GrpcService.java:closeImpl(311)) - omNode-1: shutdown server GrpcServerProtocolService now
2024-03-04 13:00:15,620 [omNode-1-impl-thread2] INFO  server.RaftServer$Division (RaftServerImpl.java:lambda$close$3(526)) - omNode-1@group-523986131536: shutdown
2024-03-04 13:00:15,621 [omNode-1-impl-thread2] INFO  util.JmxRegister (JmxRegister.java:unregister(73)) - Successfully un-registered JMX Bean with object name Ratis:service=RaftServer,group=group-523986131536,id=omNode-1
2024-03-04 13:00:15,624 [Thread-7447] INFO  server.GrpcServerProtocolClient (GrpcServerProtocolClient.java:close(103)) - omNode-2 Close channels
2024-03-04 13:00:15,624 [Thread-7445] INFO  server.GrpcServerProtocolClient (GrpcServerProtocolClient.java:close(103)) - omNode-3 Close channels
2024-03-04 13:00:15,624 [omNode-1-impl-thread2] INFO  impl.RoleInfo (RoleInfo.java:shutdownLeaderState(94)) - omNode-1: shutdown omNode-1@group-523986131536-LeaderStateImpl
2024-03-04 13:00:15,624 [omNode-1@group-523986131536->omNode-2-GrpcLogAppender-LogAppenderDaemon] WARN  server.GrpcLogAppender (GrpcLogAppender.java:mayWait(289)) - omNode-1@group-523986131536->omNode-2-GrpcLogAppender: Wait interrupted by java.lang.InterruptedException
2024-03-04 13:00:15,624 [omNode-1-impl-thread2] INFO  impl.PendingRequests (PendingRequests.java:sendNotLeaderResponses(289)) - omNode-1@group-523986131536-PendingRequests: sendNotLeaderResponses
2024-03-04 13:00:15,625 [omNode-1@group-523986131536->omNode-3-GrpcLogAppender-LogAppenderDaemon] WARN  server.GrpcLogAppender (GrpcLogAppender.java:mayWait(289)) - omNode-1@group-523986131536->omNode-3-GrpcLogAppender: Wait interrupted by java.lang.InterruptedException
2024-03-04 13:00:15,626 [grpc-default-executor-6] INFO  server.GrpcServerProtocolService (GrpcServerProtocolService.java:onCompleted(157)) - omNode-2: Completed APPEND_ENTRIES, lastRequest: omNode-1->omNode-2#146-t1,previous=(t:1, i:51),leaderCommit=51,initializing? false,entries: size=1, first=(t:1, i:52), METADATAENTRY(c:51)
2024-03-04 13:00:15,626 [grpc-default-executor-1] INFO  server.GrpcServerProtocolService (GrpcServerProtocolService.java:onCompleted(157)) - omNode-2: Completed APPEND_ENTRIES, lastRequest: null
2024-03-04 13:00:15,626 [omNode-1-impl-thread2] INFO  impl.StateMachineUpdater (StateMachineUpdater.java:stopAndJoin(157)) - omNode-1@group-523986131536-StateMachineUpdater: set stopIndex = 52
2024-03-04 13:00:15,626 [grpc-default-executor-6] INFO  server.GrpcServerProtocolService (GrpcServerProtocolService.java:lambda$onCompleted$5(159)) - omNode-2: Completed APPEND_ENTRIES, lastReply: null
2024-03-04 13:00:15,626 [grpc-default-executor-1] INFO  server.GrpcServerProtocolService (GrpcServerProtocolService.java:lambda$onCompleted$5(159)) - omNode-2: Completed APPEND_ENTRIES, lastReply: serverReply {
  requestorId: "omNode-1"
  replyId: "omNode-2"
  raftGroupId {
    id: "\311\274L\364;\303<`\246kR9\206\023\0256"
  }
  callId: 391
  success: true
}
term: 1
nextIndex: 53
followerCommit: 52
matchIndex: 18446744073709551615
isHearbeat: true

2024-03-04 13:00:15,626 [omNode-1@group-523986131536-StateMachineUpdater] INFO  ratis.OzoneManagerStateMachine (OzoneManagerStateMachine.java:takeSnapshotImpl(467)) -  applied = (t:1, i:51)
2024-03-04 13:00:15,627 [omNode-1@group-523986131536-StateMachineUpdater] INFO  ratis.OzoneManagerStateMachine (OzoneManagerStateMachine.java:takeSnapshotImpl(468)) -  skipped = 51
2024-03-04 13:00:15,627 [omNode-1@group-523986131536-StateMachineUpdater] INFO  ratis.OzoneManagerStateMachine (OzoneManagerStateMachine.java:takeSnapshotImpl(469)) - notified = (t:1, i:52)
2024-03-04 13:00:15,627 [omNode-1@group-523986131536-StateMachineUpdater] INFO  ratis.OzoneManagerStateMachine (OzoneManagerStateMachine.java:takeSnapshotImpl(470)) - snapshot = (t:1, i:52)
2024-03-04 13:00:15,627 [grpc-default-executor-1] INFO  server.GrpcLogAppender (GrpcLogAppender.java:onCompleted(546)) - omNode-1@group-523986131536->omNode-2-AppendLogResponseHandler: follower responses appendEntries COMPLETED
2024-03-04 13:00:15,628 [grpc-default-executor-1] WARN  server.GrpcLogAppender (GrpcLogAppender.java:resetClient(226)) - omNode-1@group-523986131536->omNode-2-GrpcLogAppender: Failed to getClient for omNode-2
org.apache.ratis.protocol.exceptions.AlreadyClosedException: omNode-1 is already CLOSED
	at org.apache.ratis.util.PeerProxyMap$PeerAndProxy.getProxy(PeerProxyMap.java:65)
	at org.apache.ratis.util.PeerProxyMap.getProxy(PeerProxyMap.java:114)
	at org.apache.ratis.grpc.server.GrpcLogAppender.getClient(GrpcLogAppender.java:196)
	at org.apache.ratis.grpc.server.GrpcLogAppender.resetClient(GrpcLogAppender.java:201)
	at org.apache.ratis.grpc.server.GrpcLogAppender.access$800(GrpcLogAppender.java:62)
	at org.apache.ratis.grpc.server.GrpcLogAppender$AppendLogResponseHandler.onCompleted(GrpcLogAppender.java:547)
	at org.apache.ratis.thirdparty.io.grpc.stub.ClientCalls$StreamObserverToCallListenerAdapter.onClose(ClientCalls.java:479)
	at org.apache.ratis.thirdparty.io.grpc.internal.ClientCallImpl.closeObserver(ClientCallImpl.java:567)
	at org.apache.ratis.thirdparty.io.grpc.internal.ClientCallImpl.access$300(ClientCallImpl.java:71)
	at org.apache.ratis.thirdparty.io.grpc.internal.ClientCallImpl$ClientStreamListenerImpl$1StreamClosed.runInternal(ClientCallImpl.java:735)
	at org.apache.ratis.thirdparty.io.grpc.internal.ClientCallImpl$ClientStreamListenerImpl$1StreamClosed.runInContext(ClientCallImpl.java:716)
	at org.apache.ratis.thirdparty.io.grpc.internal.ContextRunnable.run(ContextRunnable.java:37)
	at org.apache.ratis.thirdparty.io.grpc.internal.SerializingExecutor.run(SerializingExecutor.java:133)
	at java.util.concurrent.ThreadPoolExecutor.runWorker(ThreadPoolExecutor.java:1149)
	at java.util.concurrent.ThreadPoolExecutor$Worker.run(ThreadPoolExecutor.java:624)
	at java.lang.Thread.run(Thread.java:750)
2024-03-04 13:00:15,629 [grpc-default-executor-1] INFO  server.GrpcLogAppender (GrpcLogAppender.java:onCompleted(546)) - omNode-1@group-523986131536->omNode-2-AppendLogResponseHandler: follower responses appendEntries COMPLETED
2024-03-04 13:00:15,629 [grpc-default-executor-1] WARN  server.GrpcLogAppender (GrpcLogAppender.java:resetClient(226)) - omNode-1@group-523986131536->omNode-2-GrpcLogAppender: Failed to getClient for omNode-2
org.apache.ratis.protocol.exceptions.AlreadyClosedException: omNode-1 is already CLOSED
	at org.apache.ratis.util.PeerProxyMap$PeerAndProxy.getProxy(PeerProxyMap.java:65)
	at org.apache.ratis.util.PeerProxyMap.getProxy(PeerProxyMap.java:114)
	at org.apache.ratis.grpc.server.GrpcLogAppender.getClient(GrpcLogAppender.java:196)
	at org.apache.ratis.grpc.server.GrpcLogAppender.resetClient(GrpcLogAppender.java:201)
	at org.apache.ratis.grpc.server.GrpcLogAppender.access$800(GrpcLogAppender.java:62)
	at org.apache.ratis.grpc.server.GrpcLogAppender$AppendLogResponseHandler.onCompleted(GrpcLogAppender.java:547)
	at org.apache.ratis.thirdparty.io.grpc.stub.ClientCalls$StreamObserverToCallListenerAdapter.onClose(ClientCalls.java:479)
	at org.apache.ratis.thirdparty.io.grpc.internal.DelayedClientCall$DelayedListener$3.run(DelayedClientCall.java:489)
	at org.apache.ratis.thirdparty.io.grpc.internal.DelayedClientCall$DelayedListener.delayOrExecute(DelayedClientCall.java:453)
	at org.apache.ratis.thirdparty.io.grpc.internal.DelayedClientCall$DelayedListener.onClose(DelayedClientCall.java:486)
	at org.apache.ratis.thirdparty.io.grpc.internal.ClientCallImpl.closeObserver(ClientCallImpl.java:567)
	at org.apache.ratis.thirdparty.io.grpc.internal.ClientCallImpl.access$300(ClientCallImpl.java:71)
	at org.apache.ratis.thirdparty.io.grpc.internal.ClientCallImpl$ClientStreamListenerImpl$1StreamClosed.runInternal(ClientCallImpl.java:735)
	at org.apache.ratis.thirdparty.io.grpc.internal.ClientCallImpl$ClientStreamListenerImpl$1StreamClosed.runInContext(ClientCallImpl.java:716)
	at org.apache.ratis.thirdparty.io.grpc.internal.ContextRunnable.run(ContextRunnable.java:37)
	at org.apache.ratis.thirdparty.io.grpc.internal.SerializingExecutor.run(SerializingExecutor.java:133)
	at java.util.concurrent.ThreadPoolExecutor.runWorker(ThreadPoolExecutor.java:1149)
	at java.util.concurrent.ThreadPoolExecutor$Worker.run(ThreadPoolExecutor.java:624)
	at java.lang.Thread.run(Thread.java:750)
2024-03-04 13:00:15,632 [main] INFO  server.GrpcService (GrpcService.java:closeImpl(320)) - omNode-1: shutdown server GrpcServerProtocolService successfully
2024-03-04 13:00:15,634 [omNode-1@group-523986131536-StateMachineUpdater] INFO  impl.StateMachineUpdater (StateMachineUpdater.java:takeSnapshot(295)) - omNode-1@group-523986131536-StateMachineUpdater: Took a snapshot at index 52
2024-03-04 13:00:15,634 [omNode-1@group-523986131536-StateMachineUpdater] INFO  impl.StateMachineUpdater (StateMachineUpdater.java:lambda$new$0(98)) - omNode-1@group-523986131536-StateMachineUpdater: snapshotIndex: updateIncreasingly 51 -> 52
2024-03-04 13:00:15,634 [omNode-1@group-523986131536-StateMachineUpdater] INFO  ratis.OzoneManagerStateMachine (OzoneManagerStateMachine.java:close(513)) - Stopping OzoneManagerStateMachine:omNode-1:group-523986131536.
2024-03-04 13:00:15,634 [omNode-1@group-523986131536-StateMachineUpdater] INFO  ratis.OzoneManagerDoubleBuffer (OzoneManagerDoubleBuffer.java:stopDaemon(518)) - Stopping OMDoubleBuffer flush thread
2024-03-04 13:00:15,635 [omNode-1-OMDoubleBufferFlushThread] INFO  ratis.OzoneManagerDoubleBuffer (OzoneManagerDoubleBuffer.java:canFlush(582)) - OMDoubleBuffer flush thread omNode-1-OMDoubleBufferFlushThread is interrupted and will exit.
2024-03-04 13:00:15,635 [omNode-1-impl-thread2] INFO  server.RaftServer$Division (ServerState.java:close(427)) - omNode-1@group-523986131536: applyIndex: 51
2024-03-04 13:00:15,636 [omNode-1@group-523986131536-cacheEviction-AwaitToRun] INFO  util.AwaitToRun (AwaitToRun.java:run(49)) - omNode-1@group-523986131536-cacheEviction-AwaitToRun-AwaitForSignal is interrupted
2024-03-04 13:00:16,588 [omNode-1-impl-thread2] INFO  segmented.SegmentedRaftLogWorker (SegmentedRaftLogWorker.java:close(245)) - omNode-1@group-523986131536-SegmentedRaftLogWorker close()
2024-03-04 13:00:16,590 [JvmPauseMonitor40] INFO  util.JvmPauseMonitor (JvmPauseMonitor.java:run(152)) - JvmPauseMonitor-omNode-1: Stopped
2024-03-04 13:00:16,590 [main] INFO  utils.BackgroundService (BackgroundService.java:shutdown(160)) - Shutting down service KeyDeletingService
2024-03-04 13:00:16,590 [main] INFO  utils.BackgroundService (BackgroundService.java:shutdown(160)) - Shutting down service DirectoryDeletingService
2024-03-04 13:00:16,590 [main] INFO  utils.BackgroundService (BackgroundService.java:shutdown(160)) - Shutting down service OpenKeyCleanupService
2024-03-04 13:00:16,591 [main] INFO  utils.BackgroundService (BackgroundService.java:shutdown(160)) - Shutting down service SstFilteringService
2024-03-04 13:00:16,591 [main] INFO  utils.BackgroundService (BackgroundService.java:shutdown(160)) - Shutting down service SnapshotDeletingService
2024-03-04 13:00:16,591 [main] INFO  utils.BackgroundService (BackgroundService.java:shutdown(160)) - Shutting down service MultipartUploadCleanupService
2024-03-04 13:00:16,591 [main] INFO  utils.BackgroundService (BackgroundService.java:shutdown(160)) - Shutting down service SnapshotDirectoryCleaningService
2024-03-04 13:00:16,592 [main] INFO  handler.ContextHandler (ContextHandler.java:doStop(1159)) - Stopped o.e.j.w.WebAppContext@1a46f6f4{ozoneManager,/,null,STOPPED}{file:/home/runner/work/ozone/ozone/hadoop-ozone/integration-test/target/test-classes/webapps/ozoneManager}
2024-03-04 13:00:16,593 [main] INFO  server.AbstractConnector (AbstractConnector.java:doStop(383)) - Stopped ServerConnector@795cb915{HTTP/1.1, (http/1.1)}{0.0.0.0:15134}
2024-03-04 13:00:16,593 [main] INFO  server.session (HouseKeeper.java:stopScavenging(149)) - node0 Stopped scavenging
2024-03-04 13:00:16,593 [main] INFO  handler.ContextHandler (ContextHandler.java:doStop(1159)) - Stopped o.e.j.s.ServletContextHandler@26f86b3e{static,/static,file:///home/runner/work/ozone/ozone/hadoop-ozone/integration-test/target/test-classes/webapps/static,STOPPED}
2024-03-04 13:00:16,594 [main] INFO  handler.ContextHandler (ContextHandler.java:doStop(1159)) - Stopped o.e.j.s.ServletContextHandler@3da15c10{logs,/logs,file:///home/runner/work/ozone/ozone/hadoop-ozone/integration-test/target/log,STOPPED}
2024-03-04 13:00:16,594 [main] INFO  rocksdiff.RocksDBCheckpointDiffer (RocksDBCheckpointDiffer.java:close(310)) - Shutting down CompactionDagPruningService.
2024-03-04 13:00:16,596 [main] INFO  snapshot.SnapshotDiffManager (SnapshotDiffManager.java:closeExecutorService(1657)) - Shutting down executorService: 'SnapDiffExecutor'
2024-03-04 13:00:16,596 [main] INFO  utils.BackgroundService (BackgroundService.java:shutdown(160)) - Shutting down service SnapshotDiffCleanupService
2024-03-04 13:00:16,598 [main] INFO  om.OzoneManager (OzoneManager.java:stop(2204)) - omNode-2[localhost:15137]: Stopping Ozone Manager
2024-03-04 13:00:16,598 [main] INFO  ipc.Server (Server.java:stop(3523)) - Stopping server on 15137
2024-03-04 13:00:16,599 [IPC Server listener on 15137] INFO  ipc.Server (Server.java:run(1434)) - Stopping IPC Server listener on 15137
2024-03-04 13:00:16,601 [IPC Server Responder] INFO  ipc.Server (Server.java:run(1567)) - Stopping IPC Server Responder
2024-03-04 13:00:16,602 [main] INFO  ratis.OzoneManagerRatisServer (OzoneManagerRatisServer.java:stop(594)) - Stopping org.apache.hadoop.ozone.om.ratis.OzoneManagerRatisServer@4bc658b2 at port 15140
2024-03-04 13:00:16,602 [main] INFO  server.RaftServer (RaftServerProxy.java:lambda$close$9(416)) - omNode-2: close
2024-03-04 13:00:16,602 [main] INFO  server.GrpcService (GrpcService.java:closeImpl(311)) - omNode-2: shutdown server GrpcServerProtocolService now
2024-03-04 13:00:16,602 [omNode-2-impl-thread2] INFO  server.RaftServer$Division (RaftServerImpl.java:lambda$close$3(526)) - omNode-2@group-523986131536: shutdown
2024-03-04 13:00:16,603 [omNode-2-impl-thread2] INFO  util.JmxRegister (JmxRegister.java:unregister(73)) - Successfully un-registered JMX Bean with object name Ratis:service=RaftServer,group=group-523986131536,id=omNode-2
2024-03-04 13:00:16,603 [omNode-2-impl-thread2] INFO  impl.RoleInfo (RoleInfo.java:shutdownFollowerState(110)) - omNode-2: shutdown omNode-2@group-523986131536-FollowerState
2024-03-04 13:00:16,603 [omNode-2-impl-thread2] INFO  impl.StateMachineUpdater (StateMachineUpdater.java:stopAndJoin(157)) - omNode-2@group-523986131536-StateMachineUpdater: set stopIndex = 52
2024-03-04 13:00:16,603 [omNode-2@group-523986131536-StateMachineUpdater] INFO  ratis.OzoneManagerStateMachine (OzoneManagerStateMachine.java:takeSnapshotImpl(467)) -  applied = (t:1, i:51)
2024-03-04 13:00:16,603 [omNode-2@group-523986131536-StateMachineUpdater] INFO  ratis.OzoneManagerStateMachine (OzoneManagerStateMachine.java:takeSnapshotImpl(468)) -  skipped = 51
2024-03-04 13:00:16,603 [main] INFO  server.GrpcService (GrpcService.java:closeImpl(320)) - omNode-2: shutdown server GrpcServerProtocolService successfully
2024-03-04 13:00:16,603 [omNode-2@group-523986131536-FollowerState] INFO  impl.FollowerState (FollowerState.java:run(152)) - omNode-2@group-523986131536-FollowerState was interrupted
2024-03-04 13:00:16,603 [omNode-2@group-523986131536-StateMachineUpdater] INFO  ratis.OzoneManagerStateMachine (OzoneManagerStateMachine.java:takeSnapshotImpl(469)) - notified = (t:1, i:52)
2024-03-04 13:00:16,603 [omNode-2@group-523986131536-StateMachineUpdater] INFO  ratis.OzoneManagerStateMachine (OzoneManagerStateMachine.java:takeSnapshotImpl(470)) - snapshot = (t:1, i:52)
2024-03-04 13:00:16,607 [omNode-2@group-523986131536-StateMachineUpdater] INFO  impl.StateMachineUpdater (StateMachineUpdater.java:takeSnapshot(295)) - omNode-2@group-523986131536-StateMachineUpdater: Took a snapshot at index 52
2024-03-04 13:00:16,607 [omNode-2@group-523986131536-StateMachineUpdater] INFO  impl.StateMachineUpdater (StateMachineUpdater.java:lambda$new$0(98)) - omNode-2@group-523986131536-StateMachineUpdater: snapshotIndex: updateIncreasingly 50 -> 52
2024-03-04 13:00:16,607 [omNode-2@group-523986131536-StateMachineUpdater] INFO  ratis.OzoneManagerStateMachine (OzoneManagerStateMachine.java:close(513)) - Stopping OzoneManagerStateMachine:omNode-2:group-523986131536.
2024-03-04 13:00:16,607 [omNode-2@group-523986131536-StateMachineUpdater] INFO  ratis.OzoneManagerDoubleBuffer (OzoneManagerDoubleBuffer.java:stopDaemon(518)) - Stopping OMDoubleBuffer flush thread
2024-03-04 13:00:16,608 [omNode-2-OMDoubleBufferFlushThread] INFO  ratis.OzoneManagerDoubleBuffer (OzoneManagerDoubleBuffer.java:canFlush(582)) - OMDoubleBuffer flush thread omNode-2-OMDoubleBufferFlushThread is interrupted and will exit.
2024-03-04 13:00:16,608 [omNode-2-impl-thread2] INFO  server.RaftServer$Division (ServerState.java:close(427)) - omNode-2@group-523986131536: applyIndex: 51
2024-03-04 13:00:16,609 [omNode-2@group-523986131536-cacheEviction-AwaitToRun] INFO  util.AwaitToRun (AwaitToRun.java:run(49)) - omNode-2@group-523986131536-cacheEviction-AwaitToRun-AwaitForSignal is interrupted
2024-03-04 13:00:17,607 [omNode-2-impl-thread2] INFO  segmented.SegmentedRaftLogWorker (SegmentedRaftLogWorker.java:close(245)) - omNode-2@group-523986131536-SegmentedRaftLogWorker close()
2024-03-04 13:00:17,608 [JvmPauseMonitor41] INFO  util.JvmPauseMonitor (JvmPauseMonitor.java:run(152)) - JvmPauseMonitor-omNode-2: Stopped
2024-03-04 13:00:17,608 [main] INFO  utils.BackgroundService (BackgroundService.java:shutdown(160)) - Shutting down service KeyDeletingService
2024-03-04 13:00:17,609 [main] INFO  utils.BackgroundService (BackgroundService.java:shutdown(160)) - Shutting down service DirectoryDeletingService
2024-03-04 13:00:17,609 [main] INFO  utils.BackgroundService (BackgroundService.java:shutdown(160)) - Shutting down service OpenKeyCleanupService
2024-03-04 13:00:17,609 [main] INFO  utils.BackgroundService (BackgroundService.java:shutdown(160)) - Shutting down service SstFilteringService
2024-03-04 13:00:17,609 [main] INFO  utils.BackgroundService (BackgroundService.java:shutdown(160)) - Shutting down service SnapshotDeletingService
2024-03-04 13:00:17,609 [main] INFO  utils.BackgroundService (BackgroundService.java:shutdown(160)) - Shutting down service MultipartUploadCleanupService
2024-03-04 13:00:17,610 [main] INFO  utils.BackgroundService (BackgroundService.java:shutdown(160)) - Shutting down service SnapshotDirectoryCleaningService
2024-03-04 13:00:17,610 [main] INFO  handler.ContextHandler (ContextHandler.java:doStop(1159)) - Stopped o.e.j.w.WebAppContext@7cdf9984{ozoneManager,/,null,STOPPED}{file:/home/runner/work/ozone/ozone/hadoop-ozone/integration-test/target/test-classes/webapps/ozoneManager}
2024-03-04 13:00:17,611 [main] INFO  server.AbstractConnector (AbstractConnector.java:doStop(383)) - Stopped ServerConnector@41c553ef{HTTP/1.1, (http/1.1)}{0.0.0.0:15138}
2024-03-04 13:00:17,611 [main] INFO  server.session (HouseKeeper.java:stopScavenging(149)) - node0 Stopped scavenging
2024-03-04 13:00:17,611 [main] INFO  handler.ContextHandler (ContextHandler.java:doStop(1159)) - Stopped o.e.j.s.ServletContextHandler@56c9b1ea{static,/static,file:///home/runner/work/ozone/ozone/hadoop-ozone/integration-test/target/test-classes/webapps/static,STOPPED}
2024-03-04 13:00:17,611 [main] INFO  handler.ContextHandler (ContextHandler.java:doStop(1159)) - Stopped o.e.j.s.ServletContextHandler@6e0c7754{logs,/logs,file:///home/runner/work/ozone/ozone/hadoop-ozone/integration-test/target/log,STOPPED}
2024-03-04 13:00:17,612 [main] INFO  rocksdiff.RocksDBCheckpointDiffer (RocksDBCheckpointDiffer.java:close(310)) - Shutting down CompactionDagPruningService.
2024-03-04 13:00:17,613 [main] INFO  snapshot.SnapshotDiffManager (SnapshotDiffManager.java:closeExecutorService(1657)) - Shutting down executorService: 'SnapDiffExecutor'
2024-03-04 13:00:17,613 [main] INFO  utils.BackgroundService (BackgroundService.java:shutdown(160)) - Shutting down service SnapshotDiffCleanupService
2024-03-04 13:00:17,615 [main] INFO  om.OzoneManager (OzoneManager.java:restart(1710)) - OzoneManager RPC server is listening at localhost/127.0.0.1:15141
2024-03-04 13:00:17,615 [main] INFO  impl.MetricsSystemImpl (MetricsSystemImpl.java:init(158)) - OzoneManager metrics system started (again)
2024-03-04 13:00:17,623 [main] WARN  server.ServerUtils (ServerUtils.java:getDBPath(299)) - ozone.om.db.dirs is not configured. We recommend adding this setting. Falling back to ozone.metadata.dirs instead.
2024-03-04 13:00:17,624 [main] INFO  helpers.OmKeyInfo (OmKeyInfo.java:getCodec(71)) - OmKeyInfo.getCodec ignorePipeline = true
2024-03-04 13:00:17,661 [main] INFO  om.OzoneManager (OzoneManager.java:instantiateServices(804)) - S3 Multi-Tenancy is disabled
2024-03-04 13:00:17,661 [main] INFO  om.OmSnapshotManager (OmSnapshotManager.java:<init>(177)) - Ozone filesystem snapshot feature is enabled.
2024-03-04 13:00:17,662 [main] WARN  server.ServerUtils (ServerUtils.java:getDBPath(299)) - ozone.om.snapshot.diff.db.dir is not configured. We recommend adding this setting. Falling back to ozone.metadata.dirs instead.
2024-03-04 13:00:17,669 [main] INFO  utils.NativeLibraryLoader (NativeLibraryLoader.java:loadLibrary(108)) - Loading Library: ozone_rocksdb_tools
2024-03-04 13:00:17,670 [main] ERROR snapshot.SnapshotDiffManager (SnapshotDiffManager.java:initNativeLibraryForEfficientDiff(287)) - Native Library for raw sst file reading loading failed.
org.apache.hadoop.hdds.utils.NativeLibraryNotLoadedException: Unable to load library ozone_rocksdb_tools from both java.library.path & resource file libozone_rocksdb_tools.so from jar.
	at org.apache.hadoop.hdds.utils.db.managed.ManagedRawSSTFileReader.loadLibrary(ManagedRawSSTFileReader.java:38)
	at org.apache.hadoop.ozone.om.snapshot.SnapshotDiffManager.initNativeLibraryForEfficientDiff(SnapshotDiffManager.java:285)
	at org.apache.hadoop.ozone.om.snapshot.SnapshotDiffManager.<init>(SnapshotDiffManager.java:259)
	at org.apache.hadoop.ozone.om.OmSnapshotManager.<init>(OmSnapshotManager.java:279)
	at org.apache.hadoop.ozone.om.OzoneManager.instantiateServices(OzoneManager.java:856)
	at org.apache.hadoop.ozone.om.OzoneManager.restart(OzoneManager.java:1715)
	at org.apache.hadoop.ozone.MiniOzoneHAClusterImpl.restartOzoneManager(MiniOzoneHAClusterImpl.java:211)
	at org.apache.hadoop.ozone.om.TestOzoneManagerPrepare.resetCluster(TestOzoneManagerPrepare.java:113)
	at sun.reflect.NativeMethodAccessorImpl.invoke0(Native Method)
	at sun.reflect.NativeMethodAccessorImpl.invoke(NativeMethodAccessorImpl.java:62)
	at sun.reflect.DelegatingMethodAccessorImpl.invoke(DelegatingMethodAccessorImpl.java:43)
	at java.lang.reflect.Method.invoke(Method.java:498)
	at org.junit.platform.commons.util.ReflectionUtils.invokeMethod(ReflectionUtils.java:728)
	at org.junit.jupiter.engine.execution.MethodInvocation.proceed(MethodInvocation.java:60)
	at org.junit.jupiter.engine.execution.InvocationInterceptorChain$ValidatingInvocation.proceed(InvocationInterceptorChain.java:131)
	at org.junit.jupiter.engine.extension.TimeoutExtension.intercept(TimeoutExtension.java:156)
	at org.junit.jupiter.engine.extension.TimeoutExtension.interceptLifecycleMethod(TimeoutExtension.java:128)
	at org.junit.jupiter.engine.extension.TimeoutExtension.interceptAfterEachMethod(TimeoutExtension.java:110)
	at org.junit.jupiter.engine.execution.InterceptingExecutableInvoker$ReflectiveInterceptorCall.lambda$ofVoidMethod$0(InterceptingExecutableInvoker.java:103)
	at org.junit.jupiter.engine.execution.InterceptingExecutableInvoker.lambda$invoke$0(InterceptingExecutableInvoker.java:93)
	at org.junit.jupiter.engine.execution.InvocationInterceptorChain$InterceptedInvocation.proceed(InvocationInterceptorChain.java:106)
	at org.junit.jupiter.engine.execution.InvocationInterceptorChain.proceed(InvocationInterceptorChain.java:64)
	at org.junit.jupiter.engine.execution.InvocationInterceptorChain.chainAndInvoke(InvocationInterceptorChain.java:45)
	at org.junit.jupiter.engine.execution.InvocationInterceptorChain.invoke(InvocationInterceptorChain.java:37)
	at org.junit.jupiter.engine.execution.InterceptingExecutableInvoker.invoke(InterceptingExecutableInvoker.java:92)
	at org.junit.jupiter.engine.execution.InterceptingExecutableInvoker.invoke(InterceptingExecutableInvoker.java:86)
	at org.junit.jupiter.engine.descriptor.ClassBasedTestDescriptor.invokeMethodInExtensionContext(ClassBasedTestDescriptor.java:521)
	at org.junit.jupiter.engine.descriptor.ClassBasedTestDescriptor.lambda$synthesizeAfterEachMethodAdapter$24(ClassBasedTestDescriptor.java:511)
	at org.junit.jupiter.engine.descriptor.TestMethodTestDescriptor.lambda$invokeAfterEachMethods$10(TestMethodTestDescriptor.java:244)
	at org.junit.jupiter.engine.descriptor.TestMethodTestDescriptor.lambda$invokeAllAfterMethodsOrCallbacks$13(TestMethodTestDescriptor.java:277)
	at org.junit.platform.engine.support.hierarchical.ThrowableCollector.execute(ThrowableCollector.java:73)
	at org.junit.jupiter.engine.descriptor.TestMethodTestDescriptor.lambda$invokeAllAfterMethodsOrCallbacks$14(TestMethodTestDescriptor.java:277)
	at org.junit.platform.commons.util.CollectionUtils.forEachInReverseOrder(CollectionUtils.java:217)
	at org.junit.jupiter.engine.descriptor.TestMethodTestDescriptor.invokeAllAfterMethodsOrCallbacks(TestMethodTestDescriptor.java:276)
	at org.junit.jupiter.engine.descriptor.TestMethodTestDescriptor.invokeAfterEachMethods(TestMethodTestDescriptor.java:242)
	at org.junit.jupiter.engine.descriptor.TestMethodTestDescriptor.execute(TestMethodTestDescriptor.java:143)
	at org.junit.jupiter.engine.descriptor.TestMethodTestDescriptor.execute(TestMethodTestDescriptor.java:69)
	at org.junit.platform.engine.support.hierarchical.NodeTestTask.lambda$executeRecursively$6(NodeTestTask.java:151)
	at org.junit.platform.engine.support.hierarchical.ThrowableCollector.execute(ThrowableCollector.java:73)
	at org.junit.platform.engine.support.hierarchical.NodeTestTask.lambda$executeRecursively$8(NodeTestTask.java:141)
	at org.junit.platform.engine.support.hierarchical.Node.around(Node.java:137)
	at org.junit.platform.engine.support.hierarchical.NodeTestTask.lambda$executeRecursively$9(NodeTestTask.java:139)
	at org.junit.platform.engine.support.hierarchical.ThrowableCollector.execute(ThrowableCollector.java:73)
	at org.junit.platform.engine.support.hierarchical.NodeTestTask.executeRecursively(NodeTestTask.java:138)
	at org.junit.platform.engine.support.hierarchical.NodeTestTask.execute(NodeTestTask.java:95)
	at java.util.ArrayList.forEach(ArrayList.java:1259)
	at org.junit.platform.engine.support.hierarchical.SameThreadHierarchicalTestExecutorService.invokeAll(SameThreadHierarchicalTestExecutorService.java:41)
	at org.junit.platform.engine.support.hierarchical.NodeTestTask.lambda$executeRecursively$6(NodeTestTask.java:155)
	at org.junit.platform.engine.support.hierarchical.ThrowableCollector.execute(ThrowableCollector.java:73)
	at org.junit.platform.engine.support.hierarchical.NodeTestTask.lambda$executeRecursively$8(NodeTestTask.java:141)
	at org.junit.platform.engine.support.hierarchical.Node.around(Node.java:137)
	at org.junit.platform.engine.support.hierarchical.NodeTestTask.lambda$executeRecursively$9(NodeTestTask.java:139)
	at org.junit.platform.engine.support.hierarchical.ThrowableCollector.execute(ThrowableCollector.java:73)
	at org.junit.platform.engine.support.hierarchical.NodeTestTask.executeRecursively(NodeTestTask.java:138)
	at org.junit.platform.engine.support.hierarchical.NodeTestTask.execute(NodeTestTask.java:95)
	at java.util.ArrayList.forEach(ArrayList.java:1259)
	at org.junit.platform.engine.support.hierarchical.SameThreadHierarchicalTestExecutorService.invokeAll(SameThreadHierarchicalTestExecutorService.java:41)
	at org.junit.platform.engine.support.hierarchical.NodeTestTask.lambda$executeRecursively$6(NodeTestTask.java:155)
	at org.junit.platform.engine.support.hierarchical.ThrowableCollector.execute(ThrowableCollector.java:73)
	at org.junit.platform.engine.support.hierarchical.NodeTestTask.lambda$executeRecursively$8(NodeTestTask.java:141)
	at org.junit.platform.engine.support.hierarchical.Node.around(Node.java:137)
	at org.junit.platform.engine.support.hierarchical.NodeTestTask.lambda$executeRecursively$9(NodeTestTask.java:139)
	at org.junit.platform.engine.support.hierarchical.ThrowableCollector.execute(ThrowableCollector.java:73)
	at org.junit.platform.engine.support.hierarchical.NodeTestTask.executeRecursively(NodeTestTask.java:138)
	at org.junit.platform.engine.support.hierarchical.NodeTestTask.execute(NodeTestTask.java:95)
	at org.junit.platform.engine.support.hierarchical.SameThreadHierarchicalTestExecutorService.submit(SameThreadHierarchicalTestExecutorService.java:35)
	at org.junit.platform.engine.support.hierarchical.HierarchicalTestExecutor.execute(HierarchicalTestExecutor.java:57)
	at org.junit.platform.engine.support.hierarchical.HierarchicalTestEngine.execute(HierarchicalTestEngine.java:54)
	at org.junit.platform.launcher.core.EngineExecutionOrchestrator.execute(EngineExecutionOrchestrator.java:198)
	at org.junit.platform.launcher.core.EngineExecutionOrchestrator.execute(EngineExecutionOrchestrator.java:169)
	at org.junit.platform.launcher.core.EngineExecutionOrchestrator.execute(EngineExecutionOrchestrator.java:93)
	at org.junit.platform.launcher.core.EngineExecutionOrchestrator.lambda$execute$0(EngineExecutionOrchestrator.java:58)
	at org.junit.platform.launcher.core.EngineExecutionOrchestrator.withInterceptedStreams(EngineExecutionOrchestrator.java:141)
	at org.junit.platform.launcher.core.EngineExecutionOrchestrator.execute(EngineExecutionOrchestrator.java:57)
	at org.junit.platform.launcher.core.DefaultLauncher.execute(DefaultLauncher.java:103)
	at org.junit.platform.launcher.core.DefaultLauncher.execute(DefaultLauncher.java:85)
	at org.junit.platform.launcher.core.DelegatingLauncher.execute(DelegatingLauncher.java:47)
	at org.junit.platform.launcher.core.SessionPerRequestLauncher.execute(SessionPerRequestLauncher.java:63)
	at org.apache.maven.surefire.junitplatform.JUnitPlatformProvider.invokeAllTests(JUnitPlatformProvider.java:165)
	at org.apache.maven.surefire.junitplatform.JUnitPlatformProvider.invoke(JUnitPlatformProvider.java:124)
	at org.apache.maven.surefire.booter.ForkedBooter.runSuitesInProcess(ForkedBooter.java:428)
	at org.apache.maven.surefire.booter.ForkedBooter.execute(ForkedBooter.java:162)
	at org.apache.maven.surefire.booter.ForkedBooter.run(ForkedBooter.java:562)
	at org.apache.maven.surefire.booter.ForkedBooter.main(ForkedBooter.java:548)
2024-03-04 13:00:17,671 [main] WARN  om.OzoneManager (OzoneManager.java:instantiatePrepareStateOnStartup(4511)) - Prepare marker file index 52 does not match DB prepare index 51. Writing DB index to prepare file and maintaining prepared state.
2024-03-04 13:00:17,672 [main] INFO  om.OzoneManagerPrepareState (OzoneManagerPrepareState.java:writePrepareMarkerFile(262)) - Prepare marker file written with log index 51 to file /home/runner/work/ozone/ozone/hadoop-ozone/integration-test/target/test-dir/MiniOzoneClusterImpl-d5abb160-17eb-4229-abdc-d3875330a01a/omNode-3/current/prepareMarker
2024-03-04 13:00:17,674 [main] WARN  server.ServerUtils (ServerUtils.java:getDefaultRatisDirectory(311)) - Storage directory for Ratis is not configured. It is a good idea to map this to an SSD disk. Falling back to ozone.metadata.dirs
2024-03-04 13:00:17,675 [main] INFO  ratis.OzoneManagerRatisServer (OzoneManagerRatisServer.java:<init>(167)) - Instantiating OM Ratis server with groupID: om-service-test1 and peers: localhost:15144, localhost:15136, localhost:15140
2024-03-04 13:00:17,675 [main] INFO  ratis.OzoneManagerStateMachine (OzoneManagerStateMachine.java:loadSnapshotInfoFromDB(573)) - LastAppliedIndex is set from TransactionInfo from OM DB as (t:1, i:52)
2024-03-04 13:00:17,675 [main] INFO  server.RaftServer (ConfUtils.java:logGet(46)) - raft.rpc.type = GRPC (default)
2024-03-04 13:00:17,676 [main] INFO  grpc.GrpcConfigKeys (ConfUtils.java:logFallback(53)) - raft.grpc.admin.host = null (fallback to raft.grpc.server.host)
2024-03-04 13:00:17,676 [main] INFO  grpc.GrpcConfigKeys (ConfUtils.java:logFallback(53)) - raft.grpc.admin.port = 15144 (fallback to raft.grpc.server.port)
2024-03-04 13:00:17,676 [main] INFO  grpc.GrpcConfigKeys (ConfUtils.java:logFallback(53)) - raft.grpc.client.host = null (fallback to raft.grpc.server.host)
2024-03-04 13:00:17,676 [main] INFO  grpc.GrpcConfigKeys (ConfUtils.java:logFallback(53)) - raft.grpc.client.port = 15144 (fallback to raft.grpc.server.port)
2024-03-04 13:00:17,676 [main] INFO  grpc.GrpcConfigKeys (ConfUtils.java:logGet(46)) - raft.grpc.server.host = null (default)
2024-03-04 13:00:17,676 [main] INFO  grpc.GrpcConfigKeys (ConfUtils.java:logGet(46)) - raft.grpc.server.port = 15144 (custom)
2024-03-04 13:00:17,676 [main] INFO  server.GrpcService (ConfUtils.java:logGet(46)) - raft.grpc.message.size.max = 4194304 (custom)
2024-03-04 13:00:17,676 [main] INFO  server.RaftServerConfigKeys (ConfUtils.java:logGet(46)) - raft.server.log.appender.buffer.byte-limit = 4194304 (custom)
2024-03-04 13:00:17,677 [main] INFO  server.GrpcService (ConfUtils.java:logGet(46)) - raft.grpc.flow.control.window = 1MB (=1048576) (default)
2024-03-04 13:00:17,677 [main] INFO  server.RaftServerConfigKeys (ConfUtils.java:logGet(46)) - raft.server.rpc.request.timeout = 3000ms (default)
2024-03-04 13:00:17,677 [main] INFO  grpc.GrpcConfigKeys (ConfUtils.java:logGet(46)) - raft.grpc.server.heartbeat.channel = true (default)
2024-03-04 13:00:17,677 [main] INFO  grpc.GrpcConfigKeys (ConfUtils.java:logGet(46)) - raft.grpc.server.async.request.thread.pool.cached = true (default)
2024-03-04 13:00:17,677 [main] INFO  grpc.GrpcConfigKeys (ConfUtils.java:logGet(46)) - raft.grpc.server.async.request.thread.pool.size = 32 (default)
2024-03-04 13:00:17,678 [main] INFO  impl.DataStreamServerImpl (ConfUtils.java:logGet(46)) - raft.datastream.type = DISABLED (default)
2024-03-04 13:00:17,678 [main] INFO  server.RaftServerConfigKeys (ConfUtils.java:logGet(46)) - raft.server.sleep.deviation.threshold = 300ms (default)
2024-03-04 13:00:17,678 [main] INFO  server.RaftServerConfigKeys (ConfUtils.java:logGet(46)) - raft.server.close.threshold = 60s (default)
2024-03-04 13:00:17,679 [main] INFO  server.RaftServerConfigKeys (ConfUtils.java:logGet(46)) - raft.server.leaderelection.leader.step-down.wait-time = 10s (default)
2024-03-04 13:00:17,679 [main] INFO  server.RaftServerConfigKeys (ConfUtils.java:logGet(46)) - raft.server.storage.dir = [/home/runner/work/ozone/ozone/hadoop-ozone/integration-test/target/test-dir/MiniOzoneClusterImpl-d5abb160-17eb-4229-abdc-d3875330a01a/omNode-3/ratis] (custom)
2024-03-04 13:00:17,679 [main] INFO  server.RaftServerConfigKeys (ConfUtils.java:logGet(46)) - raft.server.threadpool.proxy.cached = true (default)
2024-03-04 13:00:17,679 [main] INFO  server.RaftServerConfigKeys (ConfUtils.java:logGet(46)) - raft.server.threadpool.proxy.size = 0 (default)
2024-03-04 13:00:17,679 [omNode-3-impl-thread1] INFO  server.RaftServer (RaftServerProxy.java:initGroupDir(264)) - omNode-3: found a subdirectory /home/runner/work/ozone/ozone/hadoop-ozone/integration-test/target/test-dir/MiniOzoneClusterImpl-d5abb160-17eb-4229-abdc-d3875330a01a/omNode-3/ratis/c9bc4cf4-3bc3-3c60-a66b-523986131536
2024-03-04 13:00:17,680 [main] INFO  server.RaftServer (RaftServerProxy.java:addNew(100)) - omNode-3: addNew group-523986131536:[omNode-3|localhost:15144, omNode-1|localhost:15136, omNode-2|localhost:15140] returns group-523986131536:java.util.concurrent.CompletableFuture@dfd9e43[Not completed]
2024-03-04 13:00:17,680 [omNode-3-groupManagement] INFO  server.RaftServer$Division (RaftServerImpl.java:<init>(256)) - omNode-3: new RaftServerImpl for group-523986131536:[omNode-3|localhost:15144, omNode-1|localhost:15136, omNode-2|localhost:15140] with OzoneManagerStateMachine:uninitialized
2024-03-04 13:00:17,680 [main] INFO  om.OzoneManager (OzoneManager.java:initializeRatisServer(2140)) - OzoneManager Ratis server initialized at port 15144
2024-03-04 13:00:17,680 [omNode-3-groupManagement] INFO  server.RaftServerConfigKeys (ConfUtils.java:logGet(46)) - raft.server.rpc.timeout.min = 1s (custom)
2024-03-04 13:00:17,680 [omNode-3-groupManagement] INFO  server.RaftServerConfigKeys (ConfUtils.java:logGet(46)) - raft.server.rpc.timeout.max = 1200ms (custom)
2024-03-04 13:00:17,680 [main] INFO  ratis.OzoneManagerRatisServer (OzoneManagerRatisServer.java:start(588)) - Starting OzoneManagerRatisServer omNode-3 at port 15144
2024-03-04 13:00:17,680 [omNode-3-groupManagement] INFO  server.RaftServerConfigKeys (ConfUtils.java:logGet(46)) - raft.server.rpc.sleep.time = 25ms (default)
2024-03-04 13:00:17,680 [omNode-3-groupManagement] INFO  server.RaftServerConfigKeys (ConfUtils.java:logGet(46)) - raft.server.rpc.slowness.timeout = 2s (custom)
2024-03-04 13:00:17,680 [omNode-3-groupManagement] INFO  server.RaftServerConfigKeys (ConfUtils.java:logGet(46)) - raft.server.leaderelection.leader.step-down.wait-time = 10s (default)
2024-03-04 13:00:17,680 [omNode-3-groupManagement] INFO  server.RaftServerConfigKeys (ConfUtils.java:logGet(46)) - raft.server.leaderelection.member.majority-add = false (default)
2024-03-04 13:00:17,680 [omNode-3-groupManagement] INFO  server.RaftServerConfigKeys (ConfUtils.java:logGet(46)) - raft.server.sleep.deviation.threshold = 300ms (default)
2024-03-04 13:00:17,680 [omNode-3-groupManagement] INFO  server.RaftServer$Division (ServerState.java:<init>(113)) - omNode-3@group-523986131536: ConfigurationManager, init=-1: peers:[omNode-3|localhost:15144, omNode-1|localhost:15136, omNode-2|localhost:15140]|listeners:[], old=null, confs=<EMPTY_MAP>
2024-03-04 13:00:17,681 [omNode-3-groupManagement] INFO  server.RaftServerConfigKeys (ConfUtils.java:logGet(46)) - raft.server.notification.no-leader.timeout = 2s (custom)
2024-03-04 13:00:17,681 [omNode-3-groupManagement] INFO  server.RaftServerConfigKeys (ConfUtils.java:logGet(46)) - raft.server.read.timeout = 10s (default)
2024-03-04 13:00:17,681 [omNode-3-groupManagement] INFO  server.RaftServerConfigKeys (ConfUtils.java:logGet(46)) - raft.server.retrycache.expirytime = 30000ms (custom)
2024-03-04 13:00:17,681 [omNode-3-groupManagement] INFO  server.RaftServerConfigKeys (ConfUtils.java:logGet(46)) - raft.server.retrycache.statistics.expirytime = 100ms (default)
2024-03-04 13:00:17,681 [omNode-3-groupManagement] INFO  server.RaftServerConfigKeys (ConfUtils.java:logGet(46)) - raft.server.read.option = DEFAULT (default)
2024-03-04 13:00:17,681 [omNode-3-groupManagement] INFO  server.RaftServerConfigKeys (ConfUtils.java:logGet(46)) - raft.server.read.read-after-write-consistent.write-index-cache.expiry-time = 60s (default)
2024-03-04 13:00:17,682 [omNode-3-groupManagement] INFO  server.RaftServerConfigKeys (ConfUtils.java:logGet(46)) - raft.server.rpc.request.timeout = 3000ms (default)
2024-03-04 13:00:17,682 [omNode-3-groupManagement] INFO  server.RaftServerConfigKeys (ConfUtils.java:logGet(46)) - raft.server.log.appender.install.snapshot.enabled = false (custom)
2024-03-04 13:00:17,682 [omNode-3-groupManagement] INFO  server.RaftServerConfigKeys (ConfUtils.java:logGet(46)) - raft.server.threadpool.server.cached = true (default)
2024-03-04 13:00:17,682 [omNode-3-groupManagement] INFO  server.RaftServerConfigKeys (ConfUtils.java:logGet(46)) - raft.server.threadpool.server.size = 0 (default)
2024-03-04 13:00:17,682 [omNode-3-groupManagement] INFO  server.RaftServerConfigKeys (ConfUtils.java:logGet(46)) - raft.server.threadpool.client.cached = true (default)
2024-03-04 13:00:17,682 [omNode-3-groupManagement] INFO  server.RaftServerConfigKeys (ConfUtils.java:logGet(46)) - raft.server.threadpool.client.size = 0 (default)
2024-03-04 13:00:17,682 [omNode-3-impl-thread1] INFO  server.RaftServerConfigKeys (ConfUtils.java:logGet(46)) - raft.server.storage.free-space.min = 0MB (=0) (default)
2024-03-04 13:00:17,682 [omNode-3-impl-thread1] INFO  server.RaftServerConfigKeys (ConfUtils.java:logGet(46)) - raft.server.log.corruption.policy = EXCEPTION (default)
2024-03-04 13:00:17,682 [omNode-3-impl-thread1] INFO  server.RaftServerConfigKeys (ConfUtils.java:logGet(46)) - raft.server.storage.dir = [/home/runner/work/ozone/ozone/hadoop-ozone/integration-test/target/test-dir/MiniOzoneClusterImpl-d5abb160-17eb-4229-abdc-d3875330a01a/omNode-3/ratis] (custom)
2024-03-04 13:00:17,683 [omNode-3-impl-thread1] INFO  storage.RaftStorageDirectory (RaftStorageDirectoryImpl.java:tryLock(228)) - Lock on /home/runner/work/ozone/ozone/hadoop-ozone/integration-test/target/test-dir/MiniOzoneClusterImpl-d5abb160-17eb-4229-abdc-d3875330a01a/omNode-3/ratis/c9bc4cf4-3bc3-3c60-a66b-523986131536/in_use.lock acquired by nodename 41993@fv-az571-795
2024-03-04 13:00:17,683 [omNode-3-impl-thread1] INFO  storage.RaftStorage (RaftStorageImpl.java:analyzeAndRecoverStorage(119)) - Read RaftStorageMetadata{term=1, votedFor=omNode-1} from /home/runner/work/ozone/ozone/hadoop-ozone/integration-test/target/test-dir/MiniOzoneClusterImpl-d5abb160-17eb-4229-abdc-d3875330a01a/omNode-3/ratis/c9bc4cf4-3bc3-3c60-a66b-523986131536/current/raft-meta
2024-03-04 13:00:17,685 [omNode-3-impl-thread1] INFO  server.RaftServer$Division (ServerState.java:setRaftConf(386)) - omNode-3@group-523986131536: set configuration 0: peers:[omNode-3|localhost:15144, omNode-1|localhost:15136, omNode-2|localhost:15140]|listeners:[], old=null
2024-03-04 13:00:17,685 [omNode-3-impl-thread1] INFO  server.RaftServerConfigKeys (ConfUtils.java:logGet(46)) - raft.server.log.use.memory = false (default)
2024-03-04 13:00:17,685 [omNode-3-impl-thread1] INFO  server.RaftServerConfigKeys (ConfUtils.java:logGet(46)) - raft.server.log.purge.gap = 50 (custom)
2024-03-04 13:00:17,685 [omNode-3-impl-thread1] INFO  server.RaftServerConfigKeys (ConfUtils.java:logGet(46)) - raft.server.log.appender.buffer.byte-limit = 4194304 (custom)
2024-03-04 13:00:17,685 [omNode-3-impl-thread1] INFO  server.RaftServerConfigKeys (ConfUtils.java:logGet(46)) - raft.server.log.statemachine.data.read.timeout = 1000ms (default)
2024-03-04 13:00:17,685 [omNode-3-impl-thread1] INFO  server.RaftServerConfigKeys (ConfUtils.java:logGet(46)) - raft.server.log.purge.preservation.log.num = 0 (default)
2024-03-04 13:00:17,686 [omNode-3-impl-thread1] INFO  server.RaftServerConfigKeys (ConfUtils.java:logGet(46)) - raft.server.log.segment.size.max = 4194304 (custom)
2024-03-04 13:00:17,686 [omNode-3-impl-thread1] INFO  server.RaftServerConfigKeys (ConfUtils.java:logGet(46)) - raft.server.log.segment.cache.num.max = 2 (custom)
2024-03-04 13:00:17,686 [omNode-3-impl-thread1] INFO  server.RaftServerConfigKeys (ConfUtils.java:logGet(46)) - raft.server.log.segment.cache.size.max = 200MB (=209715200) (default)
2024-03-04 13:00:17,686 [omNode-3-impl-thread1] INFO  server.RaftServerConfigKeys (ConfUtils.java:logGet(46)) - raft.server.log.appender.buffer.byte-limit = 4194304 (custom)
2024-03-04 13:00:17,686 [omNode-3-impl-thread1] INFO  util.AwaitToRun (AwaitToRun.java:start(81)) - Thread[omNode-3@group-523986131536-cacheEviction-AwaitToRun,5,main] started
2024-03-04 13:00:17,686 [omNode-3-impl-thread1] INFO  segmented.SegmentedRaftLogWorker (SegmentedRaftLogWorker.java:<init>(182)) - new omNode-3@group-523986131536-SegmentedRaftLogWorker for RaftStorageImpl:Storage Directory /home/runner/work/ozone/ozone/hadoop-ozone/integration-test/target/test-dir/MiniOzoneClusterImpl-d5abb160-17eb-4229-abdc-d3875330a01a/omNode-3/ratis/c9bc4cf4-3bc3-3c60-a66b-523986131536
2024-03-04 13:00:17,687 [omNode-3-impl-thread1] INFO  server.RaftServerConfigKeys (ConfUtils.java:logGet(46)) - raft.server.log.queue.byte-limit = 64MB (=67108864) (default)
2024-03-04 13:00:17,687 [omNode-3-impl-thread1] INFO  server.RaftServerConfigKeys (ConfUtils.java:logGet(46)) - raft.server.log.queue.element-limit = 4096 (default)
2024-03-04 13:00:17,687 [omNode-3-impl-thread1] INFO  server.RaftServerConfigKeys (ConfUtils.java:logGet(46)) - raft.server.log.segment.size.max = 4194304 (custom)
2024-03-04 13:00:17,687 [omNode-3-impl-thread1] INFO  server.RaftServerConfigKeys (ConfUtils.java:logGet(46)) - raft.server.log.preallocated.size = 4194304 (custom)
2024-03-04 13:00:17,687 [omNode-3-impl-thread1] INFO  server.RaftServerConfigKeys (ConfUtils.java:logGet(46)) - raft.server.log.force.sync.num = 128 (default)
2024-03-04 13:00:17,687 [omNode-3-impl-thread1] INFO  server.RaftServerConfigKeys (ConfUtils.java:logGet(46)) - raft.server.log.statemachine.data.sync = true (default)
2024-03-04 13:00:17,687 [omNode-3-impl-thread1] INFO  server.RaftServerConfigKeys (ConfUtils.java:logGet(46)) - raft.server.log.statemachine.data.sync.timeout = 10s (default)
2024-03-04 13:00:17,687 [omNode-3-impl-thread1] INFO  server.RaftServerConfigKeys (ConfUtils.java:logGet(46)) - raft.server.log.statemachine.data.sync.timeout.retry = -1 (default)
2024-03-04 13:00:17,687 [omNode-3-impl-thread1] INFO  server.RaftServerConfigKeys (ConfUtils.java:logGet(46)) - raft.server.log.write.buffer.size = 4194312 (custom)
2024-03-04 13:00:17,688 [omNode-3-impl-thread1] INFO  server.RaftServerConfigKeys (ConfUtils.java:logGet(46)) - raft.server.log.appender.buffer.byte-limit = 4194304 (custom)
2024-03-04 13:00:17,688 [omNode-3-impl-thread1] INFO  server.RaftServerConfigKeys (ConfUtils.java:logGet(46)) - raft.server.log.unsafe-flush.enabled = false (default)
2024-03-04 13:00:17,688 [omNode-3-impl-thread1] INFO  server.RaftServerConfigKeys (ConfUtils.java:logGet(46)) - raft.server.log.async-flush.enabled = false (default)
2024-03-04 13:00:17,688 [omNode-3-impl-thread1] INFO  server.RaftServerConfigKeys (ConfUtils.java:logGet(46)) - raft.server.log.statemachine.data.caching.enabled = false (default)
2024-03-04 13:00:17,688 [omNode-3-impl-thread1] INFO  segmented.SegmentedRaftLogWorker (SegmentedRaftLogWorker.java:lambda$new$0(134)) - omNode-3@group-523986131536-SegmentedRaftLogWorker: flushIndex: setUnconditionally 0 -> 52
2024-03-04 13:00:17,688 [omNode-3-impl-thread1] INFO  segmented.SegmentedRaftLogWorker (SegmentedRaftLogWorker.java:lambda$new$0(134)) - omNode-3@group-523986131536-SegmentedRaftLogWorker: safeCacheEvictIndex: setUnconditionally 0 -> -1
2024-03-04 13:00:17,688 [omNode-3-impl-thread1] INFO  server.RaftServer$Division (RaftServerImpl.java:start(396)) - omNode-3@group-523986131536: start as a follower, conf=0: peers:[omNode-3|localhost:15144, omNode-1|localhost:15136, omNode-2|localhost:15140]|listeners:[], old=null
2024-03-04 13:00:17,689 [omNode-3-impl-thread1] INFO  server.RaftServer$Division (RaftServerImpl.java:setRole(383)) - omNode-3@group-523986131536: changes role from      null to FOLLOWER at term 1 for startAsFollower
2024-03-04 13:00:17,689 [omNode-3-impl-thread1] INFO  impl.RoleInfo (RoleInfo.java:updateAndGet(139)) - omNode-3: start omNode-3@group-523986131536-FollowerState
2024-03-04 13:00:17,689 [omNode-3@group-523986131536-FollowerState] INFO  server.RaftServerConfigKeys (ConfUtils.java:logFallback(53)) - raft.server.rpc.first-election.timeout.min = 1s (fallback to raft.server.rpc.timeout.min)
2024-03-04 13:00:17,689 [omNode-3-impl-thread1] INFO  util.JmxRegister (JmxRegister.java:tryRegister(44)) - Successfully registered JMX Bean with object name Ratis:service=RaftServer,group=group-523986131536,id=omNode-3
2024-03-04 13:00:17,689 [omNode-3@group-523986131536-FollowerState] INFO  server.RaftServerConfigKeys (ConfUtils.java:logFallback(53)) - raft.server.rpc.first-election.timeout.max = 1200ms (fallback to raft.server.rpc.timeout.max)
2024-03-04 13:00:17,689 [omNode-3-impl-thread1] INFO  server.RaftServerConfigKeys (ConfUtils.java:logGet(46)) - raft.server.snapshot.trigger-when-stop.enabled = true (default)
2024-03-04 13:00:17,689 [omNode-3-impl-thread1] INFO  server.RaftServerConfigKeys (ConfUtils.java:logGet(46)) - raft.server.snapshot.auto.trigger.enabled = true (custom)
2024-03-04 13:00:17,689 [omNode-3-impl-thread1] INFO  server.RaftServerConfigKeys (ConfUtils.java:logGet(46)) - raft.server.snapshot.auto.trigger.threshold = 50 (custom)
2024-03-04 13:00:17,689 [omNode-3-impl-thread1] INFO  server.RaftServerConfigKeys (ConfUtils.java:logGet(46)) - raft.server.snapshot.retention.file.num = -1 (default)
2024-03-04 13:00:17,689 [omNode-3-impl-thread1] INFO  server.RaftServerConfigKeys (ConfUtils.java:logGet(46)) - raft.server.log.purge.upto.snapshot.index = true (custom)
2024-03-04 13:00:17,690 [main] INFO  server.RaftServer (RaftServerProxy.java:startImpl(406)) - omNode-3: start RPC server
2024-03-04 13:00:17,691 [main] INFO  server.GrpcService (GrpcService.java:startImpl(302)) - omNode-3: GrpcService started, listening on 15144
2024-03-04 13:00:17,691 [main] INFO  om.OzoneManager (OzoneManager.java:getRpcServer(1206)) - Creating RPC Server
2024-03-04 13:00:17,691 [JvmPauseMonitor46] INFO  util.JvmPauseMonitor (JvmPauseMonitor.java:run(146)) - JvmPauseMonitor-omNode-3: Started
2024-03-04 13:00:17,888 [main] INFO  ipc.CallQueueManager (CallQueueManager.java:<init>(90)) - Using callQueue: class java.util.concurrent.LinkedBlockingQueue, queueCapacity: 2000, scheduler: class org.apache.hadoop.ipc.DefaultRpcScheduler, ipcBackoff: false.
2024-03-04 13:00:17,888 [main] INFO  ipc.Server (Server.java:<init>(1287)) - Listener at localhost:15141
2024-03-04 13:00:17,888 [Socket Reader #1 for port 15141] INFO  ipc.Server (Server.java:run(1323)) - Starting Socket Reader #1 for port 15141
2024-03-04 13:00:17,891 [main] INFO  http.BaseHttpServer (BaseHttpServer.java:newHttpServer2BuilderForOzone(223)) - Starting Web-server for ozoneManager at: http://0.0.0.0:15142
2024-03-04 13:00:17,891 [main] INFO  http.BaseHttpServer (BaseHttpServer.java:<init>(110)) - Hadoop Security Enabled: false Ozone Security Enabled: false Ozone HTTP Security Enabled: false 
2024-03-04 13:00:17,892 [main] WARN  server.AuthenticationFilter (AuthenticationFilter.java:constructSecretProvider(240)) - Unable to initialize FileSignerSecretProvider, falling back to use random secrets. Reason: Could not read signature secret file: /home/runner/hadoop-http-auth-signature-secret
2024-03-04 13:00:17,892 [main] INFO  http.HttpRequestLog (HttpRequestLog.java:getRequestLog(86)) - Http request log for http.requests.ozoneManager is not defined
2024-03-04 13:00:17,893 [main] INFO  http.HttpServer2 (HttpServer2.java:addGlobalFilter(1036)) - Added global filter 'safety' (class=org.apache.hadoop.hdds.server.http.HttpServer2$QuotingInputFilter)
2024-03-04 13:00:17,893 [main] INFO  http.HttpServer2 (HttpServer2.java:addFilter(1012)) - Added filter static_user_filter (class=org.apache.hadoop.http.lib.StaticUserWebFilter$StaticUserFilter) to context ozoneManager
2024-03-04 13:00:17,893 [main] INFO  http.HttpServer2 (HttpServer2.java:addFilter(1020)) - Added filter static_user_filter (class=org.apache.hadoop.http.lib.StaticUserWebFilter$StaticUserFilter) to context logs
2024-03-04 13:00:17,894 [main] INFO  http.HttpServer2 (HttpServer2.java:addFilter(1020)) - Added filter static_user_filter (class=org.apache.hadoop.http.lib.StaticUserWebFilter$StaticUserFilter) to context static
2024-03-04 13:00:17,894 [main] INFO  http.BaseHttpServer (BaseHttpServer.java:<init>(189)) - HTTP server of ozoneManager uses base directory /home/runner/work/ozone/ozone/hadoop-ozone/integration-test/target/test-dir/MiniOzoneClusterImpl-d5abb160-17eb-4229-abdc-d3875330a01a/omNode-3/webserver
2024-03-04 13:00:17,894 [main] INFO  http.HttpServer2 (HttpServer2.java:bindListener(1236)) - Jetty bound to port 15142
2024-03-04 13:00:17,895 [main] INFO  server.Server (Server.java:doStart(375)) - jetty-9.4.53.v20231009; built: 2023-10-09T12:29:09.265Z; git: 27bde00a0b95a1d5bbee0eae7984f891d2d0f8c9; jvm 1.8.0_402-b06
2024-03-04 13:00:17,896 [main] INFO  server.session (DefaultSessionIdManager.java:doStart(334)) - DefaultSessionIdManager workerName=node0
2024-03-04 13:00:17,896 [main] INFO  server.session (DefaultSessionIdManager.java:doStart(339)) - No SessionScavenger set, using defaults
2024-03-04 13:00:17,896 [main] INFO  server.session (HouseKeeper.java:startScavenging(132)) - node0 Scavenging every 660000ms
2024-03-04 13:00:17,897 [main] INFO  handler.ContextHandler (ContextHandler.java:doStart(921)) - Started o.e.j.s.ServletContextHandler@552ad85c{logs,/logs,file:///home/runner/work/ozone/ozone/hadoop-ozone/integration-test/target/log,AVAILABLE}
2024-03-04 13:00:17,897 [main] INFO  handler.ContextHandler (ContextHandler.java:doStart(921)) - Started o.e.j.s.ServletContextHandler@7b0844c2{static,/static,file:///home/runner/work/ozone/ozone/hadoop-ozone/integration-test/target/test-classes/webapps/static,AVAILABLE}
2024-03-04 13:00:17,899 [main] INFO  handler.ContextHandler (ContextHandler.java:doStart(921)) - Started o.e.j.w.WebAppContext@40222f3{ozoneManager,/,file:///home/runner/work/ozone/ozone/hadoop-ozone/integration-test/target/test-classes/webapps/ozoneManager/,AVAILABLE}{file:/home/runner/work/ozone/ozone/hadoop-ozone/integration-test/target/test-classes/webapps/ozoneManager}
2024-03-04 13:00:17,899 [main] INFO  server.AbstractConnector (AbstractConnector.java:doStart(333)) - Started ServerConnector@55b33d63{HTTP/1.1, (http/1.1)}{0.0.0.0:15142}
2024-03-04 13:00:17,900 [main] INFO  server.Server (Server.java:doStart(415)) - Started @513483ms
2024-03-04 13:00:17,900 [main] WARN  impl.MetricsSystemImpl (MetricsSystemImpl.java:register(279)) - Sink prometheus already exists!
2024-03-04 13:00:17,900 [main] INFO  http.BaseHttpServer (BaseHttpServer.java:updateConnectorAddress(354)) - HTTP server of ozoneManager listening at http://0.0.0.0:15142
2024-03-04 13:00:17,900 [IPC Server Responder] INFO  ipc.Server (Server.java:run(1562)) - IPC Server Responder: starting
2024-03-04 13:00:17,901 [IPC Server listener on 15141] INFO  ipc.Server (Server.java:run(1402)) - IPC Server listener on 15141: starting
2024-03-04 13:00:17,903 [main] INFO  om.OzoneManager (OzoneManager.java:startTrashEmptier(2093)) - Trash Interval set to 0. Files deleted won't move to trash
2024-03-04 13:00:17,904 [main] INFO  om.OzoneManager (OzoneManager.java:restart(1710)) - OzoneManager RPC server is listening at localhost/127.0.0.1:15133
2024-03-04 13:00:17,904 [main] INFO  impl.MetricsSystemImpl (MetricsSystemImpl.java:init(158)) - OzoneManager metrics system started (again)
2024-03-04 13:00:17,912 [main] WARN  server.ServerUtils (ServerUtils.java:getDBPath(299)) - ozone.om.db.dirs is not configured. We recommend adding this setting. Falling back to ozone.metadata.dirs instead.
2024-03-04 13:00:17,912 [main] INFO  helpers.OmKeyInfo (OmKeyInfo.java:getCodec(71)) - OmKeyInfo.getCodec ignorePipeline = true
2024-03-04 13:00:17,946 [main] INFO  om.OzoneManager (OzoneManager.java:instantiateServices(804)) - S3 Multi-Tenancy is disabled
2024-03-04 13:00:17,947 [main] INFO  om.OmSnapshotManager (OmSnapshotManager.java:<init>(177)) - Ozone filesystem snapshot feature is enabled.
2024-03-04 13:00:17,947 [main] WARN  server.ServerUtils (ServerUtils.java:getDBPath(299)) - ozone.om.snapshot.diff.db.dir is not configured. We recommend adding this setting. Falling back to ozone.metadata.dirs instead.
2024-03-04 13:00:17,955 [main] INFO  utils.NativeLibraryLoader (NativeLibraryLoader.java:loadLibrary(108)) - Loading Library: ozone_rocksdb_tools
2024-03-04 13:00:17,955 [main] ERROR snapshot.SnapshotDiffManager (SnapshotDiffManager.java:initNativeLibraryForEfficientDiff(287)) - Native Library for raw sst file reading loading failed.
org.apache.hadoop.hdds.utils.NativeLibraryNotLoadedException: Unable to load library ozone_rocksdb_tools from both java.library.path & resource file libozone_rocksdb_tools.so from jar.
	at org.apache.hadoop.hdds.utils.db.managed.ManagedRawSSTFileReader.loadLibrary(ManagedRawSSTFileReader.java:38)
	at org.apache.hadoop.ozone.om.snapshot.SnapshotDiffManager.initNativeLibraryForEfficientDiff(SnapshotDiffManager.java:285)
	at org.apache.hadoop.ozone.om.snapshot.SnapshotDiffManager.<init>(SnapshotDiffManager.java:259)
	at org.apache.hadoop.ozone.om.OmSnapshotManager.<init>(OmSnapshotManager.java:279)
	at org.apache.hadoop.ozone.om.OzoneManager.instantiateServices(OzoneManager.java:856)
	at org.apache.hadoop.ozone.om.OzoneManager.restart(OzoneManager.java:1715)
	at org.apache.hadoop.ozone.MiniOzoneHAClusterImpl.restartOzoneManager(MiniOzoneHAClusterImpl.java:211)
	at org.apache.hadoop.ozone.om.TestOzoneManagerPrepare.resetCluster(TestOzoneManagerPrepare.java:113)
	at sun.reflect.NativeMethodAccessorImpl.invoke0(Native Method)
	at sun.reflect.NativeMethodAccessorImpl.invoke(NativeMethodAccessorImpl.java:62)
	at sun.reflect.DelegatingMethodAccessorImpl.invoke(DelegatingMethodAccessorImpl.java:43)
	at java.lang.reflect.Method.invoke(Method.java:498)
	at org.junit.platform.commons.util.ReflectionUtils.invokeMethod(ReflectionUtils.java:728)
	at org.junit.jupiter.engine.execution.MethodInvocation.proceed(MethodInvocation.java:60)
	at org.junit.jupiter.engine.execution.InvocationInterceptorChain$ValidatingInvocation.proceed(InvocationInterceptorChain.java:131)
	at org.junit.jupiter.engine.extension.TimeoutExtension.intercept(TimeoutExtension.java:156)
	at org.junit.jupiter.engine.extension.TimeoutExtension.interceptLifecycleMethod(TimeoutExtension.java:128)
	at org.junit.jupiter.engine.extension.TimeoutExtension.interceptAfterEachMethod(TimeoutExtension.java:110)
	at org.junit.jupiter.engine.execution.InterceptingExecutableInvoker$ReflectiveInterceptorCall.lambda$ofVoidMethod$0(InterceptingExecutableInvoker.java:103)
	at org.junit.jupiter.engine.execution.InterceptingExecutableInvoker.lambda$invoke$0(InterceptingExecutableInvoker.java:93)
	at org.junit.jupiter.engine.execution.InvocationInterceptorChain$InterceptedInvocation.proceed(InvocationInterceptorChain.java:106)
	at org.junit.jupiter.engine.execution.InvocationInterceptorChain.proceed(InvocationInterceptorChain.java:64)
	at org.junit.jupiter.engine.execution.InvocationInterceptorChain.chainAndInvoke(InvocationInterceptorChain.java:45)
	at org.junit.jupiter.engine.execution.InvocationInterceptorChain.invoke(InvocationInterceptorChain.java:37)
	at org.junit.jupiter.engine.execution.InterceptingExecutableInvoker.invoke(InterceptingExecutableInvoker.java:92)
	at org.junit.jupiter.engine.execution.InterceptingExecutableInvoker.invoke(InterceptingExecutableInvoker.java:86)
	at org.junit.jupiter.engine.descriptor.ClassBasedTestDescriptor.invokeMethodInExtensionContext(ClassBasedTestDescriptor.java:521)
	at org.junit.jupiter.engine.descriptor.ClassBasedTestDescriptor.lambda$synthesizeAfterEachMethodAdapter$24(ClassBasedTestDescriptor.java:511)
	at org.junit.jupiter.engine.descriptor.TestMethodTestDescriptor.lambda$invokeAfterEachMethods$10(TestMethodTestDescriptor.java:244)
	at org.junit.jupiter.engine.descriptor.TestMethodTestDescriptor.lambda$invokeAllAfterMethodsOrCallbacks$13(TestMethodTestDescriptor.java:277)
	at org.junit.platform.engine.support.hierarchical.ThrowableCollector.execute(ThrowableCollector.java:73)
	at org.junit.jupiter.engine.descriptor.TestMethodTestDescriptor.lambda$invokeAllAfterMethodsOrCallbacks$14(TestMethodTestDescriptor.java:277)
	at org.junit.platform.commons.util.CollectionUtils.forEachInReverseOrder(CollectionUtils.java:217)
	at org.junit.jupiter.engine.descriptor.TestMethodTestDescriptor.invokeAllAfterMethodsOrCallbacks(TestMethodTestDescriptor.java:276)
	at org.junit.jupiter.engine.descriptor.TestMethodTestDescriptor.invokeAfterEachMethods(TestMethodTestDescriptor.java:242)
	at org.junit.jupiter.engine.descriptor.TestMethodTestDescriptor.execute(TestMethodTestDescriptor.java:143)
	at org.junit.jupiter.engine.descriptor.TestMethodTestDescriptor.execute(TestMethodTestDescriptor.java:69)
	at org.junit.platform.engine.support.hierarchical.NodeTestTask.lambda$executeRecursively$6(NodeTestTask.java:151)
	at org.junit.platform.engine.support.hierarchical.ThrowableCollector.execute(ThrowableCollector.java:73)
	at org.junit.platform.engine.support.hierarchical.NodeTestTask.lambda$executeRecursively$8(NodeTestTask.java:141)
	at org.junit.platform.engine.support.hierarchical.Node.around(Node.java:137)
	at org.junit.platform.engine.support.hierarchical.NodeTestTask.lambda$executeRecursively$9(NodeTestTask.java:139)
	at org.junit.platform.engine.support.hierarchical.ThrowableCollector.execute(ThrowableCollector.java:73)
	at org.junit.platform.engine.support.hierarchical.NodeTestTask.executeRecursively(NodeTestTask.java:138)
	at org.junit.platform.engine.support.hierarchical.NodeTestTask.execute(NodeTestTask.java:95)
	at java.util.ArrayList.forEach(ArrayList.java:1259)
	at org.junit.platform.engine.support.hierarchical.SameThreadHierarchicalTestExecutorService.invokeAll(SameThreadHierarchicalTestExecutorService.java:41)
	at org.junit.platform.engine.support.hierarchical.NodeTestTask.lambda$executeRecursively$6(NodeTestTask.java:155)
	at org.junit.platform.engine.support.hierarchical.ThrowableCollector.execute(ThrowableCollector.java:73)
	at org.junit.platform.engine.support.hierarchical.NodeTestTask.lambda$executeRecursively$8(NodeTestTask.java:141)
	at org.junit.platform.engine.support.hierarchical.Node.around(Node.java:137)
	at org.junit.platform.engine.support.hierarchical.NodeTestTask.lambda$executeRecursively$9(NodeTestTask.java:139)
	at org.junit.platform.engine.support.hierarchical.ThrowableCollector.execute(ThrowableCollector.java:73)
	at org.junit.platform.engine.support.hierarchical.NodeTestTask.executeRecursively(NodeTestTask.java:138)
	at org.junit.platform.engine.support.hierarchical.NodeTestTask.execute(NodeTestTask.java:95)
	at java.util.ArrayList.forEach(ArrayList.java:1259)
	at org.junit.platform.engine.support.hierarchical.SameThreadHierarchicalTestExecutorService.invokeAll(SameThreadHierarchicalTestExecutorService.java:41)
	at org.junit.platform.engine.support.hierarchical.NodeTestTask.lambda$executeRecursively$6(NodeTestTask.java:155)
	at org.junit.platform.engine.support.hierarchical.ThrowableCollector.execute(ThrowableCollector.java:73)
	at org.junit.platform.engine.support.hierarchical.NodeTestTask.lambda$executeRecursively$8(NodeTestTask.java:141)
	at org.junit.platform.engine.support.hierarchical.Node.around(Node.java:137)
	at org.junit.platform.engine.support.hierarchical.NodeTestTask.lambda$executeRecursively$9(NodeTestTask.java:139)
	at org.junit.platform.engine.support.hierarchical.ThrowableCollector.execute(ThrowableCollector.java:73)
	at org.junit.platform.engine.support.hierarchical.NodeTestTask.executeRecursively(NodeTestTask.java:138)
	at org.junit.platform.engine.support.hierarchical.NodeTestTask.execute(NodeTestTask.java:95)
	at org.junit.platform.engine.support.hierarchical.SameThreadHierarchicalTestExecutorService.submit(SameThreadHierarchicalTestExecutorService.java:35)
	at org.junit.platform.engine.support.hierarchical.HierarchicalTestExecutor.execute(HierarchicalTestExecutor.java:57)
	at org.junit.platform.engine.support.hierarchical.HierarchicalTestEngine.execute(HierarchicalTestEngine.java:54)
	at org.junit.platform.launcher.core.EngineExecutionOrchestrator.execute(EngineExecutionOrchestrator.java:198)
	at org.junit.platform.launcher.core.EngineExecutionOrchestrator.execute(EngineExecutionOrchestrator.java:169)
	at org.junit.platform.launcher.core.EngineExecutionOrchestrator.execute(EngineExecutionOrchestrator.java:93)
	at org.junit.platform.launcher.core.EngineExecutionOrchestrator.lambda$execute$0(EngineExecutionOrchestrator.java:58)
	at org.junit.platform.launcher.core.EngineExecutionOrchestrator.withInterceptedStreams(EngineExecutionOrchestrator.java:141)
	at org.junit.platform.launcher.core.EngineExecutionOrchestrator.execute(EngineExecutionOrchestrator.java:57)
	at org.junit.platform.launcher.core.DefaultLauncher.execute(DefaultLauncher.java:103)
	at org.junit.platform.launcher.core.DefaultLauncher.execute(DefaultLauncher.java:85)
	at org.junit.platform.launcher.core.DelegatingLauncher.execute(DelegatingLauncher.java:47)
	at org.junit.platform.launcher.core.SessionPerRequestLauncher.execute(SessionPerRequestLauncher.java:63)
	at org.apache.maven.surefire.junitplatform.JUnitPlatformProvider.invokeAllTests(JUnitPlatformProvider.java:165)
	at org.apache.maven.surefire.junitplatform.JUnitPlatformProvider.invoke(JUnitPlatformProvider.java:124)
	at org.apache.maven.surefire.booter.ForkedBooter.runSuitesInProcess(ForkedBooter.java:428)
	at org.apache.maven.surefire.booter.ForkedBooter.execute(ForkedBooter.java:162)
	at org.apache.maven.surefire.booter.ForkedBooter.run(ForkedBooter.java:562)
	at org.apache.maven.surefire.booter.ForkedBooter.main(ForkedBooter.java:548)
2024-03-04 13:00:17,959 [main] WARN  dropwizard3.Dm3MetricRegistriesImpl (Dm3MetricRegistriesImpl.java:addReporterRegistration(113)) - New reporters are added after registries were created. Some metrics will be missing from the reporter. Please add reporter before adding any new registry.
2024-03-04 13:00:17,959 [main] WARN  dropwizard3.Dm3MetricRegistriesImpl (Dm3MetricRegistriesImpl.java:addReporterRegistration(113)) - New reporters are added after registries were created. Some metrics will be missing from the reporter. Please add reporter before adding any new registry.
2024-03-04 13:00:17,959 [main] WARN  server.ServerUtils (ServerUtils.java:getDefaultRatisDirectory(311)) - Storage directory for Ratis is not configured. It is a good idea to map this to an SSD disk. Falling back to ozone.metadata.dirs
2024-03-04 13:00:17,960 [main] INFO  ratis.OzoneManagerRatisServer (OzoneManagerRatisServer.java:<init>(167)) - Instantiating OM Ratis server with groupID: om-service-test1 and peers: localhost:15136, localhost:15144, localhost:15140
2024-03-04 13:00:17,961 [main] INFO  ratis.OzoneManagerStateMachine (OzoneManagerStateMachine.java:loadSnapshotInfoFromDB(573)) - LastAppliedIndex is set from TransactionInfo from OM DB as (t:1, i:52)
2024-03-04 13:00:17,961 [main] INFO  server.RaftServer (ConfUtils.java:logGet(46)) - raft.rpc.type = GRPC (default)
2024-03-04 13:00:17,961 [main] INFO  grpc.GrpcConfigKeys (ConfUtils.java:logFallback(53)) - raft.grpc.admin.host = null (fallback to raft.grpc.server.host)
2024-03-04 13:00:17,961 [main] INFO  grpc.GrpcConfigKeys (ConfUtils.java:logFallback(53)) - raft.grpc.admin.port = 15136 (fallback to raft.grpc.server.port)
2024-03-04 13:00:17,962 [main] INFO  grpc.GrpcConfigKeys (ConfUtils.java:logFallback(53)) - raft.grpc.client.host = null (fallback to raft.grpc.server.host)
2024-03-04 13:00:17,962 [main] INFO  grpc.GrpcConfigKeys (ConfUtils.java:logFallback(53)) - raft.grpc.client.port = 15136 (fallback to raft.grpc.server.port)
2024-03-04 13:00:17,962 [main] INFO  grpc.GrpcConfigKeys (ConfUtils.java:logGet(46)) - raft.grpc.server.host = null (default)
2024-03-04 13:00:17,962 [main] INFO  grpc.GrpcConfigKeys (ConfUtils.java:logGet(46)) - raft.grpc.server.port = 15136 (custom)
2024-03-04 13:00:17,962 [main] INFO  server.GrpcService (ConfUtils.java:logGet(46)) - raft.grpc.message.size.max = 4194304 (custom)
2024-03-04 13:00:17,962 [main] INFO  server.RaftServerConfigKeys (ConfUtils.java:logGet(46)) - raft.server.log.appender.buffer.byte-limit = 4194304 (custom)
2024-03-04 13:00:17,963 [main] INFO  server.GrpcService (ConfUtils.java:logGet(46)) - raft.grpc.flow.control.window = 1MB (=1048576) (default)
2024-03-04 13:00:17,963 [main] INFO  server.RaftServerConfigKeys (ConfUtils.java:logGet(46)) - raft.server.rpc.request.timeout = 3000ms (default)
2024-03-04 13:00:17,963 [main] INFO  grpc.GrpcConfigKeys (ConfUtils.java:logGet(46)) - raft.grpc.server.heartbeat.channel = true (default)
2024-03-04 13:00:17,963 [main] INFO  grpc.GrpcConfigKeys (ConfUtils.java:logGet(46)) - raft.grpc.server.async.request.thread.pool.cached = true (default)
2024-03-04 13:00:17,963 [main] INFO  grpc.GrpcConfigKeys (ConfUtils.java:logGet(46)) - raft.grpc.server.async.request.thread.pool.size = 32 (default)
2024-03-04 13:00:17,964 [main] INFO  impl.DataStreamServerImpl (ConfUtils.java:logGet(46)) - raft.datastream.type = DISABLED (default)
2024-03-04 13:00:17,964 [main] INFO  server.RaftServerConfigKeys (ConfUtils.java:logGet(46)) - raft.server.sleep.deviation.threshold = 300ms (default)
2024-03-04 13:00:17,964 [main] INFO  server.RaftServerConfigKeys (ConfUtils.java:logGet(46)) - raft.server.close.threshold = 60s (default)
2024-03-04 13:00:17,965 [main] INFO  server.RaftServerConfigKeys (ConfUtils.java:logGet(46)) - raft.server.leaderelection.leader.step-down.wait-time = 10s (default)
2024-03-04 13:00:17,965 [main] INFO  server.RaftServerConfigKeys (ConfUtils.java:logGet(46)) - raft.server.storage.dir = [/home/runner/work/ozone/ozone/hadoop-ozone/integration-test/target/test-dir/MiniOzoneClusterImpl-d5abb160-17eb-4229-abdc-d3875330a01a/omNode-1/ratis] (custom)
2024-03-04 13:00:17,965 [main] INFO  server.RaftServerConfigKeys (ConfUtils.java:logGet(46)) - raft.server.threadpool.proxy.cached = true (default)
2024-03-04 13:00:17,965 [main] INFO  server.RaftServerConfigKeys (ConfUtils.java:logGet(46)) - raft.server.threadpool.proxy.size = 0 (default)
2024-03-04 13:00:17,965 [omNode-1-impl-thread1] INFO  server.RaftServer (RaftServerProxy.java:initGroupDir(264)) - omNode-1: found a subdirectory /home/runner/work/ozone/ozone/hadoop-ozone/integration-test/target/test-dir/MiniOzoneClusterImpl-d5abb160-17eb-4229-abdc-d3875330a01a/omNode-1/ratis/c9bc4cf4-3bc3-3c60-a66b-523986131536
2024-03-04 13:00:17,966 [main] INFO  server.RaftServer (RaftServerProxy.java:addNew(100)) - omNode-1: addNew group-523986131536:[omNode-3|localhost:15144, omNode-1|localhost:15136, omNode-2|localhost:15140] returns group-523986131536:java.util.concurrent.CompletableFuture@688706fb[Not completed]
2024-03-04 13:00:17,966 [main] INFO  om.OzoneManager (OzoneManager.java:initializeRatisServer(2140)) - OzoneManager Ratis server initialized at port 15136
2024-03-04 13:00:17,966 [main] INFO  ratis.OzoneManagerRatisServer (OzoneManagerRatisServer.java:start(588)) - Starting OzoneManagerRatisServer omNode-1 at port 15136
2024-03-04 13:00:17,966 [omNode-1-groupManagement] INFO  server.RaftServer$Division (RaftServerImpl.java:<init>(256)) - omNode-1: new RaftServerImpl for group-523986131536:[omNode-3|localhost:15144, omNode-1|localhost:15136, omNode-2|localhost:15140] with OzoneManagerStateMachine:uninitialized
2024-03-04 13:00:17,966 [omNode-1-groupManagement] INFO  server.RaftServerConfigKeys (ConfUtils.java:logGet(46)) - raft.server.rpc.timeout.min = 1s (custom)
2024-03-04 13:00:17,966 [omNode-1-groupManagement] INFO  server.RaftServerConfigKeys (ConfUtils.java:logGet(46)) - raft.server.rpc.timeout.max = 1200ms (custom)
2024-03-04 13:00:17,966 [omNode-1-groupManagement] INFO  server.RaftServerConfigKeys (ConfUtils.java:logGet(46)) - raft.server.rpc.sleep.time = 25ms (default)
2024-03-04 13:00:17,966 [omNode-1-groupManagement] INFO  server.RaftServerConfigKeys (ConfUtils.java:logGet(46)) - raft.server.rpc.slowness.timeout = 2s (custom)
2024-03-04 13:00:17,966 [omNode-1-groupManagement] INFO  server.RaftServerConfigKeys (ConfUtils.java:logGet(46)) - raft.server.leaderelection.leader.step-down.wait-time = 10s (default)
2024-03-04 13:00:17,966 [omNode-1-groupManagement] INFO  server.RaftServerConfigKeys (ConfUtils.java:logGet(46)) - raft.server.leaderelection.member.majority-add = false (default)
2024-03-04 13:00:17,967 [omNode-1-groupManagement] INFO  server.RaftServerConfigKeys (ConfUtils.java:logGet(46)) - raft.server.sleep.deviation.threshold = 300ms (default)
2024-03-04 13:00:17,967 [omNode-1-groupManagement] INFO  server.RaftServer$Division (ServerState.java:<init>(113)) - omNode-1@group-523986131536: ConfigurationManager, init=-1: peers:[omNode-3|localhost:15144, omNode-1|localhost:15136, omNode-2|localhost:15140]|listeners:[], old=null, confs=<EMPTY_MAP>
2024-03-04 13:00:17,967 [omNode-1-groupManagement] INFO  server.RaftServerConfigKeys (ConfUtils.java:logGet(46)) - raft.server.notification.no-leader.timeout = 2s (custom)
2024-03-04 13:00:17,967 [omNode-1-groupManagement] INFO  server.RaftServerConfigKeys (ConfUtils.java:logGet(46)) - raft.server.read.timeout = 10s (default)
2024-03-04 13:00:17,967 [omNode-1-groupManagement] INFO  server.RaftServerConfigKeys (ConfUtils.java:logGet(46)) - raft.server.retrycache.expirytime = 30000ms (custom)
2024-03-04 13:00:17,967 [omNode-1-groupManagement] INFO  server.RaftServerConfigKeys (ConfUtils.java:logGet(46)) - raft.server.retrycache.statistics.expirytime = 100ms (default)
2024-03-04 13:00:17,967 [omNode-1-groupManagement] INFO  server.RaftServerConfigKeys (ConfUtils.java:logGet(46)) - raft.server.read.option = DEFAULT (default)
2024-03-04 13:00:17,967 [omNode-1-groupManagement] INFO  server.RaftServerConfigKeys (ConfUtils.java:logGet(46)) - raft.server.read.read-after-write-consistent.write-index-cache.expiry-time = 60s (default)
2024-03-04 13:00:17,968 [omNode-1-groupManagement] INFO  server.RaftServerConfigKeys (ConfUtils.java:logGet(46)) - raft.server.rpc.request.timeout = 3000ms (default)
2024-03-04 13:00:17,968 [omNode-1-groupManagement] INFO  server.RaftServerConfigKeys (ConfUtils.java:logGet(46)) - raft.server.log.appender.install.snapshot.enabled = false (custom)
2024-03-04 13:00:17,968 [omNode-1-groupManagement] INFO  server.RaftServerConfigKeys (ConfUtils.java:logGet(46)) - raft.server.threadpool.server.cached = true (default)
2024-03-04 13:00:17,968 [omNode-1-groupManagement] INFO  server.RaftServerConfigKeys (ConfUtils.java:logGet(46)) - raft.server.threadpool.server.size = 0 (default)
2024-03-04 13:00:17,968 [omNode-1-groupManagement] INFO  server.RaftServerConfigKeys (ConfUtils.java:logGet(46)) - raft.server.threadpool.client.cached = true (default)
2024-03-04 13:00:17,968 [omNode-1-groupManagement] INFO  server.RaftServerConfigKeys (ConfUtils.java:logGet(46)) - raft.server.threadpool.client.size = 0 (default)
2024-03-04 13:00:17,968 [omNode-1-impl-thread1] INFO  server.RaftServerConfigKeys (ConfUtils.java:logGet(46)) - raft.server.storage.free-space.min = 0MB (=0) (default)
2024-03-04 13:00:17,968 [omNode-1-impl-thread1] INFO  server.RaftServerConfigKeys (ConfUtils.java:logGet(46)) - raft.server.log.corruption.policy = EXCEPTION (default)
2024-03-04 13:00:17,969 [omNode-1-impl-thread1] INFO  server.RaftServerConfigKeys (ConfUtils.java:logGet(46)) - raft.server.storage.dir = [/home/runner/work/ozone/ozone/hadoop-ozone/integration-test/target/test-dir/MiniOzoneClusterImpl-d5abb160-17eb-4229-abdc-d3875330a01a/omNode-1/ratis] (custom)
2024-03-04 13:00:17,969 [omNode-1-impl-thread1] INFO  storage.RaftStorageDirectory (RaftStorageDirectoryImpl.java:tryLock(228)) - Lock on /home/runner/work/ozone/ozone/hadoop-ozone/integration-test/target/test-dir/MiniOzoneClusterImpl-d5abb160-17eb-4229-abdc-d3875330a01a/omNode-1/ratis/c9bc4cf4-3bc3-3c60-a66b-523986131536/in_use.lock acquired by nodename 41993@fv-az571-795
2024-03-04 13:00:17,970 [omNode-1-impl-thread1] INFO  storage.RaftStorage (RaftStorageImpl.java:analyzeAndRecoverStorage(119)) - Read RaftStorageMetadata{term=1, votedFor=omNode-1} from /home/runner/work/ozone/ozone/hadoop-ozone/integration-test/target/test-dir/MiniOzoneClusterImpl-d5abb160-17eb-4229-abdc-d3875330a01a/omNode-1/ratis/c9bc4cf4-3bc3-3c60-a66b-523986131536/current/raft-meta
2024-03-04 13:00:17,971 [omNode-1-impl-thread1] INFO  server.RaftServer$Division (ServerState.java:setRaftConf(386)) - omNode-1@group-523986131536: set configuration 0: peers:[omNode-3|localhost:15144, omNode-1|localhost:15136, omNode-2|localhost:15140]|listeners:[], old=null
2024-03-04 13:00:17,971 [omNode-1-impl-thread1] INFO  server.RaftServerConfigKeys (ConfUtils.java:logGet(46)) - raft.server.log.use.memory = false (default)
2024-03-04 13:00:17,971 [omNode-1-impl-thread1] INFO  server.RaftServerConfigKeys (ConfUtils.java:logGet(46)) - raft.server.log.purge.gap = 50 (custom)
2024-03-04 13:00:17,971 [omNode-1-impl-thread1] INFO  server.RaftServerConfigKeys (ConfUtils.java:logGet(46)) - raft.server.log.appender.buffer.byte-limit = 4194304 (custom)
2024-03-04 13:00:17,971 [omNode-1-impl-thread1] INFO  server.RaftServerConfigKeys (ConfUtils.java:logGet(46)) - raft.server.log.statemachine.data.read.timeout = 1000ms (default)
2024-03-04 13:00:17,971 [omNode-1-impl-thread1] INFO  server.RaftServerConfigKeys (ConfUtils.java:logGet(46)) - raft.server.log.purge.preservation.log.num = 0 (default)
2024-03-04 13:00:17,972 [omNode-1-impl-thread1] INFO  server.RaftServerConfigKeys (ConfUtils.java:logGet(46)) - raft.server.log.segment.size.max = 4194304 (custom)
2024-03-04 13:00:17,972 [omNode-1-impl-thread1] INFO  server.RaftServerConfigKeys (ConfUtils.java:logGet(46)) - raft.server.log.segment.cache.num.max = 2 (custom)
2024-03-04 13:00:17,972 [omNode-1-impl-thread1] INFO  server.RaftServerConfigKeys (ConfUtils.java:logGet(46)) - raft.server.log.segment.cache.size.max = 200MB (=209715200) (default)
2024-03-04 13:00:17,972 [omNode-1-impl-thread1] INFO  server.RaftServerConfigKeys (ConfUtils.java:logGet(46)) - raft.server.log.appender.buffer.byte-limit = 4194304 (custom)
2024-03-04 13:00:17,972 [omNode-1-impl-thread1] INFO  util.AwaitToRun (AwaitToRun.java:start(81)) - Thread[omNode-1@group-523986131536-cacheEviction-AwaitToRun,5,main] started
2024-03-04 13:00:17,972 [omNode-1-impl-thread1] INFO  segmented.SegmentedRaftLogWorker (SegmentedRaftLogWorker.java:<init>(182)) - new omNode-1@group-523986131536-SegmentedRaftLogWorker for RaftStorageImpl:Storage Directory /home/runner/work/ozone/ozone/hadoop-ozone/integration-test/target/test-dir/MiniOzoneClusterImpl-d5abb160-17eb-4229-abdc-d3875330a01a/omNode-1/ratis/c9bc4cf4-3bc3-3c60-a66b-523986131536
2024-03-04 13:00:17,972 [omNode-1-impl-thread1] INFO  server.RaftServerConfigKeys (ConfUtils.java:logGet(46)) - raft.server.log.queue.byte-limit = 64MB (=67108864) (default)
2024-03-04 13:00:17,973 [omNode-1-impl-thread1] INFO  server.RaftServerConfigKeys (ConfUtils.java:logGet(46)) - raft.server.log.queue.element-limit = 4096 (default)
2024-03-04 13:00:17,973 [omNode-1-impl-thread1] INFO  server.RaftServerConfigKeys (ConfUtils.java:logGet(46)) - raft.server.log.segment.size.max = 4194304 (custom)
2024-03-04 13:00:17,973 [omNode-1-impl-thread1] INFO  server.RaftServerConfigKeys (ConfUtils.java:logGet(46)) - raft.server.log.preallocated.size = 4194304 (custom)
2024-03-04 13:00:17,973 [omNode-1-impl-thread1] INFO  server.RaftServerConfigKeys (ConfUtils.java:logGet(46)) - raft.server.log.force.sync.num = 128 (default)
2024-03-04 13:00:17,973 [omNode-1-impl-thread1] INFO  server.RaftServerConfigKeys (ConfUtils.java:logGet(46)) - raft.server.log.statemachine.data.sync = true (default)
2024-03-04 13:00:17,973 [omNode-1-impl-thread1] INFO  server.RaftServerConfigKeys (ConfUtils.java:logGet(46)) - raft.server.log.statemachine.data.sync.timeout = 10s (default)
2024-03-04 13:00:17,973 [omNode-1-impl-thread1] INFO  server.RaftServerConfigKeys (ConfUtils.java:logGet(46)) - raft.server.log.statemachine.data.sync.timeout.retry = -1 (default)
2024-03-04 13:00:17,973 [omNode-1-impl-thread1] INFO  server.RaftServerConfigKeys (ConfUtils.java:logGet(46)) - raft.server.log.write.buffer.size = 4194312 (custom)
2024-03-04 13:00:17,973 [omNode-1-impl-thread1] INFO  server.RaftServerConfigKeys (ConfUtils.java:logGet(46)) - raft.server.log.appender.buffer.byte-limit = 4194304 (custom)
2024-03-04 13:00:17,973 [omNode-1-impl-thread1] INFO  server.RaftServerConfigKeys (ConfUtils.java:logGet(46)) - raft.server.log.unsafe-flush.enabled = false (default)
2024-03-04 13:00:17,974 [omNode-1-impl-thread1] INFO  server.RaftServerConfigKeys (ConfUtils.java:logGet(46)) - raft.server.log.async-flush.enabled = false (default)
2024-03-04 13:00:17,974 [omNode-1-impl-thread1] INFO  server.RaftServerConfigKeys (ConfUtils.java:logGet(46)) - raft.server.log.statemachine.data.caching.enabled = false (default)
2024-03-04 13:00:17,974 [omNode-1-impl-thread1] INFO  server.RaftServer$Division (ServerState.java:setRaftConf(386)) - omNode-1@group-523986131536: set configuration 0: peers:[omNode-3|localhost:15144, omNode-1|localhost:15136, omNode-2|localhost:15140]|listeners:[], old=null
2024-03-04 13:00:17,975 [omNode-1-impl-thread1] INFO  segmented.LogSegment (LogSegment.java:loadSegment(170)) - Successfully read 53 entries from segment file /home/runner/work/ozone/ozone/hadoop-ozone/integration-test/target/test-dir/MiniOzoneClusterImpl-d5abb160-17eb-4229-abdc-d3875330a01a/omNode-1/ratis/c9bc4cf4-3bc3-3c60-a66b-523986131536/current/log_inprogress_0
2024-03-04 13:00:17,975 [omNode-1-impl-thread1] INFO  segmented.SegmentedRaftLogWorker (SegmentedRaftLogWorker.java:lambda$new$0(134)) - omNode-1@group-523986131536-SegmentedRaftLogWorker: flushIndex: setUnconditionally 0 -> 52
2024-03-04 13:00:17,975 [omNode-1-impl-thread1] INFO  segmented.SegmentedRaftLogWorker (SegmentedRaftLogWorker.java:lambda$new$0(134)) - omNode-1@group-523986131536-SegmentedRaftLogWorker: safeCacheEvictIndex: setUnconditionally 0 -> -1
2024-03-04 13:00:17,975 [omNode-1-impl-thread1] INFO  segmented.BufferedWriteChannel (BufferedWriteChannel.java:open(62)) - open log_inprogress_0 (append) at position 16803
2024-03-04 13:00:17,975 [omNode-1-impl-thread1] INFO  server.RaftServer$Division (RaftServerImpl.java:start(396)) - omNode-1@group-523986131536: start as a follower, conf=0: peers:[omNode-3|localhost:15144, omNode-1|localhost:15136, omNode-2|localhost:15140]|listeners:[], old=null
2024-03-04 13:00:17,975 [omNode-1-impl-thread1] INFO  server.RaftServer$Division (RaftServerImpl.java:setRole(383)) - omNode-1@group-523986131536: changes role from      null to FOLLOWER at term 1 for startAsFollower
2024-03-04 13:00:17,975 [omNode-1-impl-thread1] INFO  impl.RoleInfo (RoleInfo.java:updateAndGet(139)) - omNode-1: start omNode-1@group-523986131536-FollowerState
2024-03-04 13:00:17,976 [omNode-1@group-523986131536-FollowerState] INFO  server.RaftServerConfigKeys (ConfUtils.java:logFallback(53)) - raft.server.rpc.first-election.timeout.min = 1s (fallback to raft.server.rpc.timeout.min)
2024-03-04 13:00:17,976 [omNode-1-impl-thread1] INFO  util.JmxRegister (JmxRegister.java:tryRegister(44)) - Successfully registered JMX Bean with object name Ratis:service=RaftServer,group=group-523986131536,id=omNode-1
2024-03-04 13:00:17,976 [omNode-1@group-523986131536-FollowerState] INFO  server.RaftServerConfigKeys (ConfUtils.java:logFallback(53)) - raft.server.rpc.first-election.timeout.max = 1200ms (fallback to raft.server.rpc.timeout.max)
2024-03-04 13:00:17,976 [omNode-1-impl-thread1] INFO  server.RaftServerConfigKeys (ConfUtils.java:logGet(46)) - raft.server.snapshot.trigger-when-stop.enabled = true (default)
2024-03-04 13:00:17,976 [omNode-1-impl-thread1] INFO  server.RaftServerConfigKeys (ConfUtils.java:logGet(46)) - raft.server.snapshot.auto.trigger.enabled = true (custom)
2024-03-04 13:00:17,976 [omNode-1-impl-thread1] INFO  server.RaftServerConfigKeys (ConfUtils.java:logGet(46)) - raft.server.snapshot.auto.trigger.threshold = 50 (custom)
2024-03-04 13:00:17,976 [omNode-1-impl-thread1] INFO  server.RaftServerConfigKeys (ConfUtils.java:logGet(46)) - raft.server.snapshot.retention.file.num = -1 (default)
2024-03-04 13:00:17,976 [omNode-1-impl-thread1] INFO  server.RaftServerConfigKeys (ConfUtils.java:logGet(46)) - raft.server.log.purge.upto.snapshot.index = true (custom)
2024-03-04 13:00:17,979 [main] INFO  server.RaftServer (RaftServerProxy.java:startImpl(406)) - omNode-1: start RPC server
2024-03-04 13:00:17,983 [main] INFO  server.GrpcService (GrpcService.java:startImpl(302)) - omNode-1: GrpcService started, listening on 15136
2024-03-04 13:00:17,983 [main] INFO  om.OzoneManager (OzoneManager.java:getRpcServer(1206)) - Creating RPC Server
2024-03-04 13:00:17,983 [JvmPauseMonitor47] INFO  util.JvmPauseMonitor (JvmPauseMonitor.java:run(146)) - JvmPauseMonitor-omNode-1: Started
2024-03-04 13:00:18,213 [main] INFO  ipc.CallQueueManager (CallQueueManager.java:<init>(90)) - Using callQueue: class java.util.concurrent.LinkedBlockingQueue, queueCapacity: 2000, scheduler: class org.apache.hadoop.ipc.DefaultRpcScheduler, ipcBackoff: false.
2024-03-04 13:00:18,214 [main] INFO  ipc.Server (Server.java:<init>(1287)) - Listener at localhost:15133
2024-03-04 13:00:18,214 [Socket Reader #1 for port 15133] INFO  ipc.Server (Server.java:run(1323)) - Starting Socket Reader #1 for port 15133
2024-03-04 13:00:18,217 [main] INFO  http.BaseHttpServer (BaseHttpServer.java:newHttpServer2BuilderForOzone(223)) - Starting Web-server for ozoneManager at: http://0.0.0.0:15134
2024-03-04 13:00:18,217 [main] INFO  http.BaseHttpServer (BaseHttpServer.java:<init>(110)) - Hadoop Security Enabled: false Ozone Security Enabled: false Ozone HTTP Security Enabled: false 
2024-03-04 13:00:18,218 [main] WARN  server.AuthenticationFilter (AuthenticationFilter.java:constructSecretProvider(240)) - Unable to initialize FileSignerSecretProvider, falling back to use random secrets. Reason: Could not read signature secret file: /home/runner/hadoop-http-auth-signature-secret
2024-03-04 13:00:18,218 [main] INFO  http.HttpRequestLog (HttpRequestLog.java:getRequestLog(86)) - Http request log for http.requests.ozoneManager is not defined
2024-03-04 13:00:18,219 [main] INFO  http.HttpServer2 (HttpServer2.java:addGlobalFilter(1036)) - Added global filter 'safety' (class=org.apache.hadoop.hdds.server.http.HttpServer2$QuotingInputFilter)
2024-03-04 13:00:18,219 [main] INFO  http.HttpServer2 (HttpServer2.java:addFilter(1012)) - Added filter static_user_filter (class=org.apache.hadoop.http.lib.StaticUserWebFilter$StaticUserFilter) to context ozoneManager
2024-03-04 13:00:18,219 [main] INFO  http.HttpServer2 (HttpServer2.java:addFilter(1020)) - Added filter static_user_filter (class=org.apache.hadoop.http.lib.StaticUserWebFilter$StaticUserFilter) to context static
2024-03-04 13:00:18,219 [main] INFO  http.HttpServer2 (HttpServer2.java:addFilter(1020)) - Added filter static_user_filter (class=org.apache.hadoop.http.lib.StaticUserWebFilter$StaticUserFilter) to context logs
2024-03-04 13:00:18,219 [main] INFO  http.BaseHttpServer (BaseHttpServer.java:<init>(189)) - HTTP server of ozoneManager uses base directory /home/runner/work/ozone/ozone/hadoop-ozone/integration-test/target/test-dir/MiniOzoneClusterImpl-d5abb160-17eb-4229-abdc-d3875330a01a/omNode-1/webserver
2024-03-04 13:00:18,220 [main] INFO  http.HttpServer2 (HttpServer2.java:bindListener(1236)) - Jetty bound to port 15134
2024-03-04 13:00:18,220 [main] INFO  server.Server (Server.java:doStart(375)) - jetty-9.4.53.v20231009; built: 2023-10-09T12:29:09.265Z; git: 27bde00a0b95a1d5bbee0eae7984f891d2d0f8c9; jvm 1.8.0_402-b06
2024-03-04 13:00:18,221 [main] INFO  server.session (DefaultSessionIdManager.java:doStart(334)) - DefaultSessionIdManager workerName=node0
2024-03-04 13:00:18,221 [main] INFO  server.session (DefaultSessionIdManager.java:doStart(339)) - No SessionScavenger set, using defaults
2024-03-04 13:00:18,221 [main] INFO  server.session (HouseKeeper.java:startScavenging(132)) - node0 Scavenging every 600000ms
2024-03-04 13:00:18,221 [main] INFO  handler.ContextHandler (ContextHandler.java:doStart(921)) - Started o.e.j.s.ServletContextHandler@1647eb06{logs,/logs,file:///home/runner/work/ozone/ozone/hadoop-ozone/integration-test/target/log,AVAILABLE}
2024-03-04 13:00:18,222 [main] INFO  handler.ContextHandler (ContextHandler.java:doStart(921)) - Started o.e.j.s.ServletContextHandler@10ff9dcf{static,/static,file:///home/runner/work/ozone/ozone/hadoop-ozone/integration-test/target/test-classes/webapps/static,AVAILABLE}
2024-03-04 13:00:18,224 [main] INFO  handler.ContextHandler (ContextHandler.java:doStart(921)) - Started o.e.j.w.WebAppContext@1c7e3476{ozoneManager,/,file:///home/runner/work/ozone/ozone/hadoop-ozone/integration-test/target/test-classes/webapps/ozoneManager/,AVAILABLE}{file:/home/runner/work/ozone/ozone/hadoop-ozone/integration-test/target/test-classes/webapps/ozoneManager}
2024-03-04 13:00:18,224 [main] INFO  server.AbstractConnector (AbstractConnector.java:doStart(333)) - Started ServerConnector@4294db9c{HTTP/1.1, (http/1.1)}{0.0.0.0:15134}
2024-03-04 13:00:18,224 [main] INFO  server.Server (Server.java:doStart(415)) - Started @513808ms
2024-03-04 13:00:18,225 [main] WARN  impl.MetricsSystemImpl (MetricsSystemImpl.java:register(279)) - Sink prometheus already exists!
2024-03-04 13:00:18,225 [main] INFO  http.BaseHttpServer (BaseHttpServer.java:updateConnectorAddress(354)) - HTTP server of ozoneManager listening at http://0.0.0.0:15134
2024-03-04 13:00:18,225 [IPC Server listener on 15133] INFO  ipc.Server (Server.java:run(1402)) - IPC Server listener on 15133: starting
2024-03-04 13:00:18,225 [IPC Server Responder] INFO  ipc.Server (Server.java:run(1562)) - IPC Server Responder: starting
2024-03-04 13:00:18,229 [main] INFO  om.OzoneManager (OzoneManager.java:startTrashEmptier(2093)) - Trash Interval set to 0. Files deleted won't move to trash
2024-03-04 13:00:18,230 [main] INFO  om.OzoneManager (OzoneManager.java:restart(1710)) - OzoneManager RPC server is listening at localhost/127.0.0.1:15137
2024-03-04 13:00:18,230 [main] INFO  impl.MetricsSystemImpl (MetricsSystemImpl.java:init(158)) - OzoneManager metrics system started (again)
2024-03-04 13:00:18,238 [main] WARN  server.ServerUtils (ServerUtils.java:getDBPath(299)) - ozone.om.db.dirs is not configured. We recommend adding this setting. Falling back to ozone.metadata.dirs instead.
2024-03-04 13:00:18,238 [main] INFO  helpers.OmKeyInfo (OmKeyInfo.java:getCodec(71)) - OmKeyInfo.getCodec ignorePipeline = true
2024-03-04 13:00:18,272 [main] INFO  om.OzoneManager (OzoneManager.java:instantiateServices(804)) - S3 Multi-Tenancy is disabled
2024-03-04 13:00:18,272 [main] INFO  om.OmSnapshotManager (OmSnapshotManager.java:<init>(177)) - Ozone filesystem snapshot feature is enabled.
2024-03-04 13:00:18,273 [main] WARN  server.ServerUtils (ServerUtils.java:getDBPath(299)) - ozone.om.snapshot.diff.db.dir is not configured. We recommend adding this setting. Falling back to ozone.metadata.dirs instead.
2024-03-04 13:00:18,280 [main] INFO  utils.NativeLibraryLoader (NativeLibraryLoader.java:loadLibrary(108)) - Loading Library: ozone_rocksdb_tools
2024-03-04 13:00:18,280 [main] ERROR snapshot.SnapshotDiffManager (SnapshotDiffManager.java:initNativeLibraryForEfficientDiff(287)) - Native Library for raw sst file reading loading failed.
org.apache.hadoop.hdds.utils.NativeLibraryNotLoadedException: Unable to load library ozone_rocksdb_tools from both java.library.path & resource file libozone_rocksdb_tools.so from jar.
	at org.apache.hadoop.hdds.utils.db.managed.ManagedRawSSTFileReader.loadLibrary(ManagedRawSSTFileReader.java:38)
	at org.apache.hadoop.ozone.om.snapshot.SnapshotDiffManager.initNativeLibraryForEfficientDiff(SnapshotDiffManager.java:285)
	at org.apache.hadoop.ozone.om.snapshot.SnapshotDiffManager.<init>(SnapshotDiffManager.java:259)
	at org.apache.hadoop.ozone.om.OmSnapshotManager.<init>(OmSnapshotManager.java:279)
	at org.apache.hadoop.ozone.om.OzoneManager.instantiateServices(OzoneManager.java:856)
	at org.apache.hadoop.ozone.om.OzoneManager.restart(OzoneManager.java:1715)
	at org.apache.hadoop.ozone.MiniOzoneHAClusterImpl.restartOzoneManager(MiniOzoneHAClusterImpl.java:211)
	at org.apache.hadoop.ozone.om.TestOzoneManagerPrepare.resetCluster(TestOzoneManagerPrepare.java:113)
	at sun.reflect.NativeMethodAccessorImpl.invoke0(Native Method)
	at sun.reflect.NativeMethodAccessorImpl.invoke(NativeMethodAccessorImpl.java:62)
	at sun.reflect.DelegatingMethodAccessorImpl.invoke(DelegatingMethodAccessorImpl.java:43)
	at java.lang.reflect.Method.invoke(Method.java:498)
	at org.junit.platform.commons.util.ReflectionUtils.invokeMethod(ReflectionUtils.java:728)
	at org.junit.jupiter.engine.execution.MethodInvocation.proceed(MethodInvocation.java:60)
	at org.junit.jupiter.engine.execution.InvocationInterceptorChain$ValidatingInvocation.proceed(InvocationInterceptorChain.java:131)
	at org.junit.jupiter.engine.extension.TimeoutExtension.intercept(TimeoutExtension.java:156)
	at org.junit.jupiter.engine.extension.TimeoutExtension.interceptLifecycleMethod(TimeoutExtension.java:128)
	at org.junit.jupiter.engine.extension.TimeoutExtension.interceptAfterEachMethod(TimeoutExtension.java:110)
	at org.junit.jupiter.engine.execution.InterceptingExecutableInvoker$ReflectiveInterceptorCall.lambda$ofVoidMethod$0(InterceptingExecutableInvoker.java:103)
	at org.junit.jupiter.engine.execution.InterceptingExecutableInvoker.lambda$invoke$0(InterceptingExecutableInvoker.java:93)
	at org.junit.jupiter.engine.execution.InvocationInterceptorChain$InterceptedInvocation.proceed(InvocationInterceptorChain.java:106)
	at org.junit.jupiter.engine.execution.InvocationInterceptorChain.proceed(InvocationInterceptorChain.java:64)
	at org.junit.jupiter.engine.execution.InvocationInterceptorChain.chainAndInvoke(InvocationInterceptorChain.java:45)
	at org.junit.jupiter.engine.execution.InvocationInterceptorChain.invoke(InvocationInterceptorChain.java:37)
	at org.junit.jupiter.engine.execution.InterceptingExecutableInvoker.invoke(InterceptingExecutableInvoker.java:92)
	at org.junit.jupiter.engine.execution.InterceptingExecutableInvoker.invoke(InterceptingExecutableInvoker.java:86)
	at org.junit.jupiter.engine.descriptor.ClassBasedTestDescriptor.invokeMethodInExtensionContext(ClassBasedTestDescriptor.java:521)
	at org.junit.jupiter.engine.descriptor.ClassBasedTestDescriptor.lambda$synthesizeAfterEachMethodAdapter$24(ClassBasedTestDescriptor.java:511)
	at org.junit.jupiter.engine.descriptor.TestMethodTestDescriptor.lambda$invokeAfterEachMethods$10(TestMethodTestDescriptor.java:244)
	at org.junit.jupiter.engine.descriptor.TestMethodTestDescriptor.lambda$invokeAllAfterMethodsOrCallbacks$13(TestMethodTestDescriptor.java:277)
	at org.junit.platform.engine.support.hierarchical.ThrowableCollector.execute(ThrowableCollector.java:73)
	at org.junit.jupiter.engine.descriptor.TestMethodTestDescriptor.lambda$invokeAllAfterMethodsOrCallbacks$14(TestMethodTestDescriptor.java:277)
	at org.junit.platform.commons.util.CollectionUtils.forEachInReverseOrder(CollectionUtils.java:217)
	at org.junit.jupiter.engine.descriptor.TestMethodTestDescriptor.invokeAllAfterMethodsOrCallbacks(TestMethodTestDescriptor.java:276)
	at org.junit.jupiter.engine.descriptor.TestMethodTestDescriptor.invokeAfterEachMethods(TestMethodTestDescriptor.java:242)
	at org.junit.jupiter.engine.descriptor.TestMethodTestDescriptor.execute(TestMethodTestDescriptor.java:143)
	at org.junit.jupiter.engine.descriptor.TestMethodTestDescriptor.execute(TestMethodTestDescriptor.java:69)
	at org.junit.platform.engine.support.hierarchical.NodeTestTask.lambda$executeRecursively$6(NodeTestTask.java:151)
	at org.junit.platform.engine.support.hierarchical.ThrowableCollector.execute(ThrowableCollector.java:73)
	at org.junit.platform.engine.support.hierarchical.NodeTestTask.lambda$executeRecursively$8(NodeTestTask.java:141)
	at org.junit.platform.engine.support.hierarchical.Node.around(Node.java:137)
	at org.junit.platform.engine.support.hierarchical.NodeTestTask.lambda$executeRecursively$9(NodeTestTask.java:139)
	at org.junit.platform.engine.support.hierarchical.ThrowableCollector.execute(ThrowableCollector.java:73)
	at org.junit.platform.engine.support.hierarchical.NodeTestTask.executeRecursively(NodeTestTask.java:138)
	at org.junit.platform.engine.support.hierarchical.NodeTestTask.execute(NodeTestTask.java:95)
	at java.util.ArrayList.forEach(ArrayList.java:1259)
	at org.junit.platform.engine.support.hierarchical.SameThreadHierarchicalTestExecutorService.invokeAll(SameThreadHierarchicalTestExecutorService.java:41)
	at org.junit.platform.engine.support.hierarchical.NodeTestTask.lambda$executeRecursively$6(NodeTestTask.java:155)
	at org.junit.platform.engine.support.hierarchical.ThrowableCollector.execute(ThrowableCollector.java:73)
	at org.junit.platform.engine.support.hierarchical.NodeTestTask.lambda$executeRecursively$8(NodeTestTask.java:141)
	at org.junit.platform.engine.support.hierarchical.Node.around(Node.java:137)
	at org.junit.platform.engine.support.hierarchical.NodeTestTask.lambda$executeRecursively$9(NodeTestTask.java:139)
	at org.junit.platform.engine.support.hierarchical.ThrowableCollector.execute(ThrowableCollector.java:73)
	at org.junit.platform.engine.support.hierarchical.NodeTestTask.executeRecursively(NodeTestTask.java:138)
	at org.junit.platform.engine.support.hierarchical.NodeTestTask.execute(NodeTestTask.java:95)
	at java.util.ArrayList.forEach(ArrayList.java:1259)
	at org.junit.platform.engine.support.hierarchical.SameThreadHierarchicalTestExecutorService.invokeAll(SameThreadHierarchicalTestExecutorService.java:41)
	at org.junit.platform.engine.support.hierarchical.NodeTestTask.lambda$executeRecursively$6(NodeTestTask.java:155)
	at org.junit.platform.engine.support.hierarchical.ThrowableCollector.execute(ThrowableCollector.java:73)
	at org.junit.platform.engine.support.hierarchical.NodeTestTask.lambda$executeRecursively$8(NodeTestTask.java:141)
	at org.junit.platform.engine.support.hierarchical.Node.around(Node.java:137)
	at org.junit.platform.engine.support.hierarchical.NodeTestTask.lambda$executeRecursively$9(NodeTestTask.java:139)
	at org.junit.platform.engine.support.hierarchical.ThrowableCollector.execute(ThrowableCollector.java:73)
	at org.junit.platform.engine.support.hierarchical.NodeTestTask.executeRecursively(NodeTestTask.java:138)
	at org.junit.platform.engine.support.hierarchical.NodeTestTask.execute(NodeTestTask.java:95)
	at org.junit.platform.engine.support.hierarchical.SameThreadHierarchicalTestExecutorService.submit(SameThreadHierarchicalTestExecutorService.java:35)
	at org.junit.platform.engine.support.hierarchical.HierarchicalTestExecutor.execute(HierarchicalTestExecutor.java:57)
	at org.junit.platform.engine.support.hierarchical.HierarchicalTestEngine.execute(HierarchicalTestEngine.java:54)
	at org.junit.platform.launcher.core.EngineExecutionOrchestrator.execute(EngineExecutionOrchestrator.java:198)
	at org.junit.platform.launcher.core.EngineExecutionOrchestrator.execute(EngineExecutionOrchestrator.java:169)
	at org.junit.platform.launcher.core.EngineExecutionOrchestrator.execute(EngineExecutionOrchestrator.java:93)
	at org.junit.platform.launcher.core.EngineExecutionOrchestrator.lambda$execute$0(EngineExecutionOrchestrator.java:58)
	at org.junit.platform.launcher.core.EngineExecutionOrchestrator.withInterceptedStreams(EngineExecutionOrchestrator.java:141)
	at org.junit.platform.launcher.core.EngineExecutionOrchestrator.execute(EngineExecutionOrchestrator.java:57)
	at org.junit.platform.launcher.core.DefaultLauncher.execute(DefaultLauncher.java:103)
	at org.junit.platform.launcher.core.DefaultLauncher.execute(DefaultLauncher.java:85)
	at org.junit.platform.launcher.core.DelegatingLauncher.execute(DelegatingLauncher.java:47)
	at org.junit.platform.launcher.core.SessionPerRequestLauncher.execute(SessionPerRequestLauncher.java:63)
	at org.apache.maven.surefire.junitplatform.JUnitPlatformProvider.invokeAllTests(JUnitPlatformProvider.java:165)
	at org.apache.maven.surefire.junitplatform.JUnitPlatformProvider.invoke(JUnitPlatformProvider.java:124)
	at org.apache.maven.surefire.booter.ForkedBooter.runSuitesInProcess(ForkedBooter.java:428)
	at org.apache.maven.surefire.booter.ForkedBooter.execute(ForkedBooter.java:162)
	at org.apache.maven.surefire.booter.ForkedBooter.run(ForkedBooter.java:562)
	at org.apache.maven.surefire.booter.ForkedBooter.main(ForkedBooter.java:548)
2024-03-04 13:00:18,282 [main] WARN  om.OzoneManager (OzoneManager.java:instantiatePrepareStateOnStartup(4511)) - Prepare marker file index 52 does not match DB prepare index 51. Writing DB index to prepare file and maintaining prepared state.
2024-03-04 13:00:18,282 [main] INFO  om.OzoneManagerPrepareState (OzoneManagerPrepareState.java:writePrepareMarkerFile(262)) - Prepare marker file written with log index 51 to file /home/runner/work/ozone/ozone/hadoop-ozone/integration-test/target/test-dir/MiniOzoneClusterImpl-d5abb160-17eb-4229-abdc-d3875330a01a/omNode-2/current/prepareMarker
2024-03-04 13:00:18,286 [main] WARN  dropwizard3.Dm3MetricRegistriesImpl (Dm3MetricRegistriesImpl.java:addReporterRegistration(113)) - New reporters are added after registries were created. Some metrics will be missing from the reporter. Please add reporter before adding any new registry.
2024-03-04 13:00:18,286 [main] WARN  dropwizard3.Dm3MetricRegistriesImpl (Dm3MetricRegistriesImpl.java:addReporterRegistration(113)) - New reporters are added after registries were created. Some metrics will be missing from the reporter. Please add reporter before adding any new registry.
2024-03-04 13:00:18,286 [main] WARN  server.ServerUtils (ServerUtils.java:getDefaultRatisDirectory(311)) - Storage directory for Ratis is not configured. It is a good idea to map this to an SSD disk. Falling back to ozone.metadata.dirs
2024-03-04 13:00:18,287 [main] INFO  ratis.OzoneManagerRatisServer (OzoneManagerRatisServer.java:<init>(167)) - Instantiating OM Ratis server with groupID: om-service-test1 and peers: localhost:15140, localhost:15144, localhost:15136
2024-03-04 13:00:18,288 [main] INFO  ratis.OzoneManagerStateMachine (OzoneManagerStateMachine.java:loadSnapshotInfoFromDB(573)) - LastAppliedIndex is set from TransactionInfo from OM DB as (t:1, i:52)
2024-03-04 13:00:18,288 [main] INFO  server.RaftServer (ConfUtils.java:logGet(46)) - raft.rpc.type = GRPC (default)
2024-03-04 13:00:18,288 [main] INFO  grpc.GrpcConfigKeys (ConfUtils.java:logFallback(53)) - raft.grpc.admin.host = null (fallback to raft.grpc.server.host)
2024-03-04 13:00:18,288 [main] INFO  grpc.GrpcConfigKeys (ConfUtils.java:logFallback(53)) - raft.grpc.admin.port = 15140 (fallback to raft.grpc.server.port)
2024-03-04 13:00:18,289 [main] INFO  grpc.GrpcConfigKeys (ConfUtils.java:logFallback(53)) - raft.grpc.client.host = null (fallback to raft.grpc.server.host)
2024-03-04 13:00:18,289 [main] INFO  grpc.GrpcConfigKeys (ConfUtils.java:logFallback(53)) - raft.grpc.client.port = 15140 (fallback to raft.grpc.server.port)
2024-03-04 13:00:18,289 [main] INFO  grpc.GrpcConfigKeys (ConfUtils.java:logGet(46)) - raft.grpc.server.host = null (default)
2024-03-04 13:00:18,289 [main] INFO  grpc.GrpcConfigKeys (ConfUtils.java:logGet(46)) - raft.grpc.server.port = 15140 (custom)
2024-03-04 13:00:18,289 [main] INFO  server.GrpcService (ConfUtils.java:logGet(46)) - raft.grpc.message.size.max = 4194304 (custom)
2024-03-04 13:00:18,289 [main] INFO  server.RaftServerConfigKeys (ConfUtils.java:logGet(46)) - raft.server.log.appender.buffer.byte-limit = 4194304 (custom)
2024-03-04 13:00:18,290 [main] INFO  server.GrpcService (ConfUtils.java:logGet(46)) - raft.grpc.flow.control.window = 1MB (=1048576) (default)
2024-03-04 13:00:18,290 [main] INFO  server.RaftServerConfigKeys (ConfUtils.java:logGet(46)) - raft.server.rpc.request.timeout = 3000ms (default)
2024-03-04 13:00:18,290 [main] INFO  grpc.GrpcConfigKeys (ConfUtils.java:logGet(46)) - raft.grpc.server.heartbeat.channel = true (default)
2024-03-04 13:00:18,290 [main] INFO  grpc.GrpcConfigKeys (ConfUtils.java:logGet(46)) - raft.grpc.server.async.request.thread.pool.cached = true (default)
2024-03-04 13:00:18,290 [main] INFO  grpc.GrpcConfigKeys (ConfUtils.java:logGet(46)) - raft.grpc.server.async.request.thread.pool.size = 32 (default)
2024-03-04 13:00:18,291 [main] INFO  impl.DataStreamServerImpl (ConfUtils.java:logGet(46)) - raft.datastream.type = DISABLED (default)
2024-03-04 13:00:18,291 [main] INFO  server.RaftServerConfigKeys (ConfUtils.java:logGet(46)) - raft.server.sleep.deviation.threshold = 300ms (default)
2024-03-04 13:00:18,291 [main] INFO  server.RaftServerConfigKeys (ConfUtils.java:logGet(46)) - raft.server.close.threshold = 60s (default)
2024-03-04 13:00:18,291 [main] INFO  server.RaftServerConfigKeys (ConfUtils.java:logGet(46)) - raft.server.leaderelection.leader.step-down.wait-time = 10s (default)
2024-03-04 13:00:18,291 [main] INFO  server.RaftServerConfigKeys (ConfUtils.java:logGet(46)) - raft.server.storage.dir = [/home/runner/work/ozone/ozone/hadoop-ozone/integration-test/target/test-dir/MiniOzoneClusterImpl-d5abb160-17eb-4229-abdc-d3875330a01a/omNode-2/ratis] (custom)
2024-03-04 13:00:18,291 [main] INFO  server.RaftServerConfigKeys (ConfUtils.java:logGet(46)) - raft.server.threadpool.proxy.cached = true (default)
2024-03-04 13:00:18,291 [main] INFO  server.RaftServerConfigKeys (ConfUtils.java:logGet(46)) - raft.server.threadpool.proxy.size = 0 (default)
2024-03-04 13:00:18,292 [omNode-2-impl-thread1] INFO  server.RaftServer (RaftServerProxy.java:initGroupDir(264)) - omNode-2: found a subdirectory /home/runner/work/ozone/ozone/hadoop-ozone/integration-test/target/test-dir/MiniOzoneClusterImpl-d5abb160-17eb-4229-abdc-d3875330a01a/omNode-2/ratis/c9bc4cf4-3bc3-3c60-a66b-523986131536
2024-03-04 13:00:18,292 [main] INFO  server.RaftServer (RaftServerProxy.java:addNew(100)) - omNode-2: addNew group-523986131536:[omNode-3|localhost:15144, omNode-1|localhost:15136, omNode-2|localhost:15140] returns group-523986131536:java.util.concurrent.CompletableFuture@641be433[Not completed]
2024-03-04 13:00:18,292 [main] INFO  om.OzoneManager (OzoneManager.java:initializeRatisServer(2140)) - OzoneManager Ratis server initialized at port 15140
2024-03-04 13:00:18,292 [omNode-2-groupManagement] INFO  server.RaftServer$Division (RaftServerImpl.java:<init>(256)) - omNode-2: new RaftServerImpl for group-523986131536:[omNode-3|localhost:15144, omNode-1|localhost:15136, omNode-2|localhost:15140] with OzoneManagerStateMachine:uninitialized
2024-03-04 13:00:18,292 [main] INFO  ratis.OzoneManagerRatisServer (OzoneManagerRatisServer.java:start(588)) - Starting OzoneManagerRatisServer omNode-2 at port 15140
2024-03-04 13:00:18,292 [omNode-2-groupManagement] INFO  server.RaftServerConfigKeys (ConfUtils.java:logGet(46)) - raft.server.rpc.timeout.min = 1s (custom)
2024-03-04 13:00:18,292 [omNode-2-groupManagement] INFO  server.RaftServerConfigKeys (ConfUtils.java:logGet(46)) - raft.server.rpc.timeout.max = 1200ms (custom)
2024-03-04 13:00:18,293 [omNode-2-groupManagement] INFO  server.RaftServerConfigKeys (ConfUtils.java:logGet(46)) - raft.server.rpc.sleep.time = 25ms (default)
2024-03-04 13:00:18,293 [omNode-2-groupManagement] INFO  server.RaftServerConfigKeys (ConfUtils.java:logGet(46)) - raft.server.rpc.slowness.timeout = 2s (custom)
2024-03-04 13:00:18,293 [omNode-2-groupManagement] INFO  server.RaftServerConfigKeys (ConfUtils.java:logGet(46)) - raft.server.leaderelection.leader.step-down.wait-time = 10s (default)
2024-03-04 13:00:18,293 [omNode-2-groupManagement] INFO  server.RaftServerConfigKeys (ConfUtils.java:logGet(46)) - raft.server.leaderelection.member.majority-add = false (default)
2024-03-04 13:00:18,293 [omNode-2-groupManagement] INFO  server.RaftServerConfigKeys (ConfUtils.java:logGet(46)) - raft.server.sleep.deviation.threshold = 300ms (default)
2024-03-04 13:00:18,293 [omNode-2-groupManagement] INFO  server.RaftServer$Division (ServerState.java:<init>(113)) - omNode-2@group-523986131536: ConfigurationManager, init=-1: peers:[omNode-3|localhost:15144, omNode-1|localhost:15136, omNode-2|localhost:15140]|listeners:[], old=null, confs=<EMPTY_MAP>
2024-03-04 13:00:18,293 [omNode-2-groupManagement] INFO  server.RaftServerConfigKeys (ConfUtils.java:logGet(46)) - raft.server.notification.no-leader.timeout = 2s (custom)
2024-03-04 13:00:18,293 [omNode-2-groupManagement] INFO  server.RaftServerConfigKeys (ConfUtils.java:logGet(46)) - raft.server.read.timeout = 10s (default)
2024-03-04 13:00:18,293 [omNode-2-groupManagement] INFO  server.RaftServerConfigKeys (ConfUtils.java:logGet(46)) - raft.server.retrycache.expirytime = 30000ms (custom)
2024-03-04 13:00:18,293 [omNode-2-groupManagement] INFO  server.RaftServerConfigKeys (ConfUtils.java:logGet(46)) - raft.server.retrycache.statistics.expirytime = 100ms (default)
2024-03-04 13:00:18,293 [omNode-2-groupManagement] INFO  server.RaftServerConfigKeys (ConfUtils.java:logGet(46)) - raft.server.read.option = DEFAULT (default)
2024-03-04 13:00:18,293 [omNode-2-groupManagement] INFO  server.RaftServerConfigKeys (ConfUtils.java:logGet(46)) - raft.server.read.read-after-write-consistent.write-index-cache.expiry-time = 60s (default)
2024-03-04 13:00:18,294 [omNode-2-groupManagement] INFO  server.RaftServerConfigKeys (ConfUtils.java:logGet(46)) - raft.server.rpc.request.timeout = 3000ms (default)
2024-03-04 13:00:18,294 [omNode-2-groupManagement] INFO  server.RaftServerConfigKeys (ConfUtils.java:logGet(46)) - raft.server.log.appender.install.snapshot.enabled = false (custom)
2024-03-04 13:00:18,294 [omNode-2-groupManagement] INFO  server.RaftServerConfigKeys (ConfUtils.java:logGet(46)) - raft.server.threadpool.server.cached = true (default)
2024-03-04 13:00:18,294 [omNode-2-groupManagement] INFO  server.RaftServerConfigKeys (ConfUtils.java:logGet(46)) - raft.server.threadpool.server.size = 0 (default)
2024-03-04 13:00:18,294 [omNode-2-groupManagement] INFO  server.RaftServerConfigKeys (ConfUtils.java:logGet(46)) - raft.server.threadpool.client.cached = true (default)
2024-03-04 13:00:18,294 [omNode-2-groupManagement] INFO  server.RaftServerConfigKeys (ConfUtils.java:logGet(46)) - raft.server.threadpool.client.size = 0 (default)
2024-03-04 13:00:18,294 [omNode-2-impl-thread1] INFO  server.RaftServerConfigKeys (ConfUtils.java:logGet(46)) - raft.server.storage.free-space.min = 0MB (=0) (default)
2024-03-04 13:00:18,294 [omNode-2-impl-thread1] INFO  server.RaftServerConfigKeys (ConfUtils.java:logGet(46)) - raft.server.log.corruption.policy = EXCEPTION (default)
2024-03-04 13:00:18,294 [omNode-2-impl-thread1] INFO  server.RaftServerConfigKeys (ConfUtils.java:logGet(46)) - raft.server.storage.dir = [/home/runner/work/ozone/ozone/hadoop-ozone/integration-test/target/test-dir/MiniOzoneClusterImpl-d5abb160-17eb-4229-abdc-d3875330a01a/omNode-2/ratis] (custom)
2024-03-04 13:00:18,295 [omNode-2-impl-thread1] INFO  storage.RaftStorageDirectory (RaftStorageDirectoryImpl.java:tryLock(228)) - Lock on /home/runner/work/ozone/ozone/hadoop-ozone/integration-test/target/test-dir/MiniOzoneClusterImpl-d5abb160-17eb-4229-abdc-d3875330a01a/omNode-2/ratis/c9bc4cf4-3bc3-3c60-a66b-523986131536/in_use.lock acquired by nodename 41993@fv-az571-795
2024-03-04 13:00:18,295 [omNode-2-impl-thread1] INFO  storage.RaftStorage (RaftStorageImpl.java:analyzeAndRecoverStorage(119)) - Read RaftStorageMetadata{term=1, votedFor=omNode-1} from /home/runner/work/ozone/ozone/hadoop-ozone/integration-test/target/test-dir/MiniOzoneClusterImpl-d5abb160-17eb-4229-abdc-d3875330a01a/omNode-2/ratis/c9bc4cf4-3bc3-3c60-a66b-523986131536/current/raft-meta
2024-03-04 13:00:18,296 [omNode-2-impl-thread1] INFO  server.RaftServer$Division (ServerState.java:setRaftConf(386)) - omNode-2@group-523986131536: set configuration 0: peers:[omNode-3|localhost:15144, omNode-1|localhost:15136, omNode-2|localhost:15140]|listeners:[], old=null
2024-03-04 13:00:18,296 [omNode-2-impl-thread1] INFO  server.RaftServerConfigKeys (ConfUtils.java:logGet(46)) - raft.server.log.use.memory = false (default)
2024-03-04 13:00:18,296 [omNode-2-impl-thread1] INFO  server.RaftServerConfigKeys (ConfUtils.java:logGet(46)) - raft.server.log.purge.gap = 50 (custom)
2024-03-04 13:00:18,296 [omNode-2-impl-thread1] INFO  server.RaftServerConfigKeys (ConfUtils.java:logGet(46)) - raft.server.log.appender.buffer.byte-limit = 4194304 (custom)
2024-03-04 13:00:18,297 [omNode-2-impl-thread1] INFO  server.RaftServerConfigKeys (ConfUtils.java:logGet(46)) - raft.server.log.statemachine.data.read.timeout = 1000ms (default)
2024-03-04 13:00:18,297 [omNode-2-impl-thread1] INFO  server.RaftServerConfigKeys (ConfUtils.java:logGet(46)) - raft.server.log.purge.preservation.log.num = 0 (default)
2024-03-04 13:00:18,297 [omNode-2-impl-thread1] INFO  server.RaftServerConfigKeys (ConfUtils.java:logGet(46)) - raft.server.log.segment.size.max = 4194304 (custom)
2024-03-04 13:00:18,298 [omNode-2-impl-thread1] INFO  server.RaftServerConfigKeys (ConfUtils.java:logGet(46)) - raft.server.log.segment.cache.num.max = 2 (custom)
2024-03-04 13:00:18,298 [omNode-2-impl-thread1] INFO  server.RaftServerConfigKeys (ConfUtils.java:logGet(46)) - raft.server.log.segment.cache.size.max = 200MB (=209715200) (default)
2024-03-04 13:00:18,298 [omNode-2-impl-thread1] INFO  server.RaftServerConfigKeys (ConfUtils.java:logGet(46)) - raft.server.log.appender.buffer.byte-limit = 4194304 (custom)
2024-03-04 13:00:18,298 [omNode-2-impl-thread1] INFO  util.AwaitToRun (AwaitToRun.java:start(81)) - Thread[omNode-2@group-523986131536-cacheEviction-AwaitToRun,5,main] started
2024-03-04 13:00:18,298 [omNode-2-impl-thread1] INFO  segmented.SegmentedRaftLogWorker (SegmentedRaftLogWorker.java:<init>(182)) - new omNode-2@group-523986131536-SegmentedRaftLogWorker for RaftStorageImpl:Storage Directory /home/runner/work/ozone/ozone/hadoop-ozone/integration-test/target/test-dir/MiniOzoneClusterImpl-d5abb160-17eb-4229-abdc-d3875330a01a/omNode-2/ratis/c9bc4cf4-3bc3-3c60-a66b-523986131536
2024-03-04 13:00:18,298 [omNode-2-impl-thread1] INFO  server.RaftServerConfigKeys (ConfUtils.java:logGet(46)) - raft.server.log.queue.byte-limit = 64MB (=67108864) (default)
2024-03-04 13:00:18,298 [omNode-2-impl-thread1] INFO  server.RaftServerConfigKeys (ConfUtils.java:logGet(46)) - raft.server.log.queue.element-limit = 4096 (default)
2024-03-04 13:00:18,298 [omNode-2-impl-thread1] INFO  server.RaftServerConfigKeys (ConfUtils.java:logGet(46)) - raft.server.log.segment.size.max = 4194304 (custom)
2024-03-04 13:00:18,298 [omNode-2-impl-thread1] INFO  server.RaftServerConfigKeys (ConfUtils.java:logGet(46)) - raft.server.log.preallocated.size = 4194304 (custom)
2024-03-04 13:00:18,298 [omNode-2-impl-thread1] INFO  server.RaftServerConfigKeys (ConfUtils.java:logGet(46)) - raft.server.log.force.sync.num = 128 (default)
2024-03-04 13:00:18,298 [omNode-2-impl-thread1] INFO  server.RaftServerConfigKeys (ConfUtils.java:logGet(46)) - raft.server.log.statemachine.data.sync = true (default)
2024-03-04 13:00:18,298 [omNode-2-impl-thread1] INFO  server.RaftServerConfigKeys (ConfUtils.java:logGet(46)) - raft.server.log.statemachine.data.sync.timeout = 10s (default)
2024-03-04 13:00:18,298 [omNode-2-impl-thread1] INFO  server.RaftServerConfigKeys (ConfUtils.java:logGet(46)) - raft.server.log.statemachine.data.sync.timeout.retry = -1 (default)
2024-03-04 13:00:18,298 [omNode-2-impl-thread1] INFO  server.RaftServerConfigKeys (ConfUtils.java:logGet(46)) - raft.server.log.write.buffer.size = 4194312 (custom)
2024-03-04 13:00:18,299 [omNode-2-impl-thread1] INFO  server.RaftServerConfigKeys (ConfUtils.java:logGet(46)) - raft.server.log.appender.buffer.byte-limit = 4194304 (custom)
2024-03-04 13:00:18,299 [omNode-2-impl-thread1] INFO  server.RaftServerConfigKeys (ConfUtils.java:logGet(46)) - raft.server.log.unsafe-flush.enabled = false (default)
2024-03-04 13:00:18,299 [omNode-2-impl-thread1] INFO  server.RaftServerConfigKeys (ConfUtils.java:logGet(46)) - raft.server.log.async-flush.enabled = false (default)
2024-03-04 13:00:18,299 [omNode-2-impl-thread1] INFO  server.RaftServerConfigKeys (ConfUtils.java:logGet(46)) - raft.server.log.statemachine.data.caching.enabled = false (default)
2024-03-04 13:00:18,299 [omNode-2-impl-thread1] INFO  segmented.SegmentedRaftLogWorker (SegmentedRaftLogWorker.java:lambda$new$0(134)) - omNode-2@group-523986131536-SegmentedRaftLogWorker: flushIndex: setUnconditionally 0 -> 52
2024-03-04 13:00:18,299 [omNode-2-impl-thread1] INFO  segmented.SegmentedRaftLogWorker (SegmentedRaftLogWorker.java:lambda$new$0(134)) - omNode-2@group-523986131536-SegmentedRaftLogWorker: safeCacheEvictIndex: setUnconditionally 0 -> -1
2024-03-04 13:00:18,300 [omNode-2-impl-thread1] INFO  server.RaftServer$Division (RaftServerImpl.java:start(396)) - omNode-2@group-523986131536: start as a follower, conf=0: peers:[omNode-3|localhost:15144, omNode-1|localhost:15136, omNode-2|localhost:15140]|listeners:[], old=null
2024-03-04 13:00:18,300 [omNode-2-impl-thread1] INFO  server.RaftServer$Division (RaftServerImpl.java:setRole(383)) - omNode-2@group-523986131536: changes role from      null to FOLLOWER at term 1 for startAsFollower
2024-03-04 13:00:18,300 [omNode-2-impl-thread1] INFO  impl.RoleInfo (RoleInfo.java:updateAndGet(139)) - omNode-2: start omNode-2@group-523986131536-FollowerState
2024-03-04 13:00:18,300 [omNode-2@group-523986131536-FollowerState] INFO  server.RaftServerConfigKeys (ConfUtils.java:logFallback(53)) - raft.server.rpc.first-election.timeout.min = 1s (fallback to raft.server.rpc.timeout.min)
2024-03-04 13:00:18,300 [omNode-2-impl-thread1] INFO  util.JmxRegister (JmxRegister.java:tryRegister(44)) - Successfully registered JMX Bean with object name Ratis:service=RaftServer,group=group-523986131536,id=omNode-2
2024-03-04 13:00:18,300 [omNode-2@group-523986131536-FollowerState] INFO  server.RaftServerConfigKeys (ConfUtils.java:logFallback(53)) - raft.server.rpc.first-election.timeout.max = 1200ms (fallback to raft.server.rpc.timeout.max)
2024-03-04 13:00:18,300 [omNode-2-impl-thread1] INFO  server.RaftServerConfigKeys (ConfUtils.java:logGet(46)) - raft.server.snapshot.trigger-when-stop.enabled = true (default)
2024-03-04 13:00:18,300 [omNode-2-impl-thread1] INFO  server.RaftServerConfigKeys (ConfUtils.java:logGet(46)) - raft.server.snapshot.auto.trigger.enabled = true (custom)
2024-03-04 13:00:18,300 [omNode-2-impl-thread1] INFO  server.RaftServerConfigKeys (ConfUtils.java:logGet(46)) - raft.server.snapshot.auto.trigger.threshold = 50 (custom)
2024-03-04 13:00:18,300 [omNode-2-impl-thread1] INFO  server.RaftServerConfigKeys (ConfUtils.java:logGet(46)) - raft.server.snapshot.retention.file.num = -1 (default)
2024-03-04 13:00:18,300 [omNode-2-impl-thread1] INFO  server.RaftServerConfigKeys (ConfUtils.java:logGet(46)) - raft.server.log.purge.upto.snapshot.index = true (custom)
2024-03-04 13:00:18,300 [main] INFO  server.RaftServer (RaftServerProxy.java:startImpl(406)) - omNode-2: start RPC server
2024-03-04 13:00:18,302 [main] INFO  server.GrpcService (GrpcService.java:startImpl(302)) - omNode-2: GrpcService started, listening on 15140
2024-03-04 13:00:18,302 [main] INFO  om.OzoneManager (OzoneManager.java:getRpcServer(1206)) - Creating RPC Server
2024-03-04 13:00:18,302 [JvmPauseMonitor48] INFO  util.JvmPauseMonitor (JvmPauseMonitor.java:run(146)) - JvmPauseMonitor-omNode-2: Started
2024-03-04 13:00:18,474 [main] INFO  ipc.CallQueueManager (CallQueueManager.java:<init>(90)) - Using callQueue: class java.util.concurrent.LinkedBlockingQueue, queueCapacity: 2000, scheduler: class org.apache.hadoop.ipc.DefaultRpcScheduler, ipcBackoff: false.
2024-03-04 13:00:18,474 [main] INFO  ipc.Server (Server.java:<init>(1287)) - Listener at localhost:15137
2024-03-04 13:00:18,474 [Socket Reader #1 for port 15137] INFO  ipc.Server (Server.java:run(1323)) - Starting Socket Reader #1 for port 15137
2024-03-04 13:00:18,477 [main] INFO  http.BaseHttpServer (BaseHttpServer.java:newHttpServer2BuilderForOzone(223)) - Starting Web-server for ozoneManager at: http://0.0.0.0:15138
2024-03-04 13:00:18,477 [main] INFO  http.BaseHttpServer (BaseHttpServer.java:<init>(110)) - Hadoop Security Enabled: false Ozone Security Enabled: false Ozone HTTP Security Enabled: false 
2024-03-04 13:00:18,478 [main] WARN  server.AuthenticationFilter (AuthenticationFilter.java:constructSecretProvider(240)) - Unable to initialize FileSignerSecretProvider, falling back to use random secrets. Reason: Could not read signature secret file: /home/runner/hadoop-http-auth-signature-secret
2024-03-04 13:00:18,478 [main] INFO  http.HttpRequestLog (HttpRequestLog.java:getRequestLog(86)) - Http request log for http.requests.ozoneManager is not defined
2024-03-04 13:00:18,479 [main] INFO  http.HttpServer2 (HttpServer2.java:addGlobalFilter(1036)) - Added global filter 'safety' (class=org.apache.hadoop.hdds.server.http.HttpServer2$QuotingInputFilter)
2024-03-04 13:00:18,479 [main] INFO  http.HttpServer2 (HttpServer2.java:addFilter(1012)) - Added filter static_user_filter (class=org.apache.hadoop.http.lib.StaticUserWebFilter$StaticUserFilter) to context ozoneManager
2024-03-04 13:00:18,479 [main] INFO  http.HttpServer2 (HttpServer2.java:addFilter(1020)) - Added filter static_user_filter (class=org.apache.hadoop.http.lib.StaticUserWebFilter$StaticUserFilter) to context static
2024-03-04 13:00:18,479 [main] INFO  http.HttpServer2 (HttpServer2.java:addFilter(1020)) - Added filter static_user_filter (class=org.apache.hadoop.http.lib.StaticUserWebFilter$StaticUserFilter) to context logs
2024-03-04 13:00:18,480 [main] INFO  http.BaseHttpServer (BaseHttpServer.java:<init>(189)) - HTTP server of ozoneManager uses base directory /home/runner/work/ozone/ozone/hadoop-ozone/integration-test/target/test-dir/MiniOzoneClusterImpl-d5abb160-17eb-4229-abdc-d3875330a01a/omNode-2/webserver
2024-03-04 13:00:18,480 [main] INFO  http.HttpServer2 (HttpServer2.java:bindListener(1236)) - Jetty bound to port 15138
2024-03-04 13:00:18,480 [main] INFO  server.Server (Server.java:doStart(375)) - jetty-9.4.53.v20231009; built: 2023-10-09T12:29:09.265Z; git: 27bde00a0b95a1d5bbee0eae7984f891d2d0f8c9; jvm 1.8.0_402-b06
2024-03-04 13:00:18,481 [main] INFO  server.session (DefaultSessionIdManager.java:doStart(334)) - DefaultSessionIdManager workerName=node0
2024-03-04 13:00:18,481 [main] INFO  server.session (DefaultSessionIdManager.java:doStart(339)) - No SessionScavenger set, using defaults
2024-03-04 13:00:18,482 [main] INFO  server.session (HouseKeeper.java:startScavenging(132)) - node0 Scavenging every 660000ms
2024-03-04 13:00:18,482 [main] INFO  handler.ContextHandler (ContextHandler.java:doStart(921)) - Started o.e.j.s.ServletContextHandler@a2d6400{logs,/logs,file:///home/runner/work/ozone/ozone/hadoop-ozone/integration-test/target/log,AVAILABLE}
2024-03-04 13:00:18,482 [main] INFO  handler.ContextHandler (ContextHandler.java:doStart(921)) - Started o.e.j.s.ServletContextHandler@2df43073{static,/static,file:///home/runner/work/ozone/ozone/hadoop-ozone/integration-test/target/test-classes/webapps/static,AVAILABLE}
2024-03-04 13:00:18,484 [main] INFO  handler.ContextHandler (ContextHandler.java:doStart(921)) - Started o.e.j.w.WebAppContext@70453a3b{ozoneManager,/,file:///home/runner/work/ozone/ozone/hadoop-ozone/integration-test/target/test-classes/webapps/ozoneManager/,AVAILABLE}{file:/home/runner/work/ozone/ozone/hadoop-ozone/integration-test/target/test-classes/webapps/ozoneManager}
2024-03-04 13:00:18,485 [main] INFO  server.AbstractConnector (AbstractConnector.java:doStart(333)) - Started ServerConnector@4b705e60{HTTP/1.1, (http/1.1)}{0.0.0.0:15138}
2024-03-04 13:00:18,485 [main] INFO  server.Server (Server.java:doStart(415)) - Started @514069ms
2024-03-04 13:00:18,485 [main] WARN  impl.MetricsSystemImpl (MetricsSystemImpl.java:register(279)) - Sink prometheus already exists!
2024-03-04 13:00:18,486 [main] INFO  http.BaseHttpServer (BaseHttpServer.java:updateConnectorAddress(354)) - HTTP server of ozoneManager listening at http://0.0.0.0:15138
2024-03-04 13:00:18,486 [IPC Server Responder] INFO  ipc.Server (Server.java:run(1562)) - IPC Server Responder: starting
2024-03-04 13:00:18,487 [IPC Server listener on 15137] INFO  ipc.Server (Server.java:run(1402)) - IPC Server listener on 15137: starting
2024-03-04 13:00:18,488 [main] INFO  om.OzoneManager (OzoneManager.java:startTrashEmptier(2093)) - Trash Interval set to 0. Files deleted won't move to trash
]]></system-out>
    </rerunError>
    <rerunError type="PREPARE_FAILED org.apache.hadoop.ozone.om.exceptions.OMException">
      <stackTrace><![CDATA[PREPARE_FAILED org.apache.hadoop.ozone.om.exceptions.OMException: java.io.IOException: After waiting for 120 seconds, Ratis state machine applied index 50 which is less than the minimum required index 52.
	at org.apache.hadoop.ozone.om.protocolPB.OzoneManagerProtocolClientSideTranslatorPB.handleError(OzoneManagerProtocolClientSideTranslatorPB.java:752)
	at org.apache.hadoop.ozone.om.protocolPB.OzoneManagerProtocolClientSideTranslatorPB.prepareOzoneManager(OzoneManagerProtocolClientSideTranslatorPB.java:2466)
	at org.apache.hadoop.ozone.om.TestOzoneManagerPrepare.submitPrepareRequest(TestOzoneManagerPrepare.java:445)
	at org.apache.hadoop.ozone.om.TestOzoneManagerPrepare.testCancelPrepare(TestOzoneManagerPrepare.java:314)
	at java.lang.reflect.Method.invoke(Method.java:498)
	at java.util.ArrayList.forEach(ArrayList.java:1259)
	at java.util.ArrayList.forEach(ArrayList.java:1259)
]]></stackTrace>
      <system-out><![CDATA[2024-03-04 13:00:24,799 [main] WARN  server.ServerUtils (ServerUtils.java:getScmDbDir(143)) - ozone.scm.db.dirs is not configured. We recommend adding this setting. Falling back to ozone.metadata.dirs instead.
2024-03-04 13:00:24,801 [main] WARN  server.ServerUtils (ServerUtils.java:getScmDbDir(143)) - ozone.scm.db.dirs is not configured. We recommend adding this setting. Falling back to ozone.metadata.dirs instead.
2024-03-04 13:00:24,801 [main] INFO  ha.SCMHANodeDetails (SCMHANodeDetails.java:loadSCMHAConfig(207)) - ServiceID for StorageContainerManager is null
2024-03-04 13:00:24,801 [main] INFO  ha.SCMHANodeDetails (SCMHANodeDetails.java:loadSCMHAConfig(212)) - ozone.scm.default.service.id is not defined, falling back to ozone.scm.service.ids to find serviceID for StorageContainerManager if it is HA enabled cluster
2024-03-04 13:00:24,802 [main] WARN  utils.HAUtils (HAUtils.java:getMetaDir(339)) - ozone.scm.db.dirs is not configured. We recommend adding this setting. Falling back to ozone.metadata.dirs instead.
2024-03-04 13:00:24,802 [main] WARN  db.DBStoreBuilder (DBStoreBuilder.java:applyDBDefinition(171)) - ozone.scm.db.dirs is not configured. We recommend adding this setting. Falling back to ozone.metadata.dirs instead.
2024-03-04 13:00:24,926 [main] INFO  net.NodeSchemaLoader (NodeSchemaLoader.java:loadSchemaFromFile(129)) - Loading schema from [jar:file:/home/runner/.m2/repository/org/apache/ozone/hdds-common/1.5.0-SNAPSHOT/hdds-common-1.5.0-SNAPSHOT.jar!/network-topology-default.xml]
2024-03-04 13:00:24,927 [main] INFO  net.NodeSchemaLoader (NodeSchemaLoader.java:loadSchema(176)) - Loading network topology layer schema file
2024-03-04 13:00:24,931 [main] INFO  upgrade.AbstractLayoutVersionManager (AbstractLayoutVersionManager.java:init(83)) - Initializing Layout version manager with metadata layout = HADOOP_PRC_PORTS_IN_DATANODEDETAILS (version = 7), software layout = HADOOP_PRC_PORTS_IN_DATANODEDETAILS (version = 7)
2024-03-04 13:00:24,932 [main] INFO  ha.SequenceIdGenerator (SequenceIdGenerator.java:upgradeToSequenceId(370)) - upgrade localId to 113750153625600000
2024-03-04 13:00:24,932 [main] INFO  ha.SequenceIdGenerator (SequenceIdGenerator.java:upgradeToSequenceId(380)) - upgrade delTxnId to 0
2024-03-04 13:00:24,934 [main] INFO  ha.SequenceIdGenerator (SequenceIdGenerator.java:upgradeToSequenceId(397)) - upgrade containerId to 0
2024-03-04 13:00:24,935 [main] INFO  ha.SequenceIdGenerator (SequenceIdGenerator.java:upgradeToCertificateSequenceId(444)) - upgrade CertificateId to 2
2024-03-04 13:00:24,935 [main] INFO  ha.SequenceIdGenerator (SequenceIdGenerator.java:<init>(241)) - Init the HA SequenceIdGenerator.
2024-03-04 13:00:24,935 [main] WARN  server.ServerUtils (ServerUtils.java:sanitizeUserArgs(79)) - ozone.scm.stale.node.interval value = 300000 is larger than max = 100000 based on the key value of ozone.scm.heartbeat.thread.interval, reset to the max value 100000.
2024-03-04 13:00:24,935 [main] WARN  server.ServerUtils (ServerUtils.java:sanitizeUserArgs(79)) - ozone.scm.stale.node.interval value = 300000 is larger than max = 100000 based on the key value of ozone.scm.heartbeat.thread.interval, reset to the max value 100000.
2024-03-04 13:00:24,935 [main] INFO  node.SCMNodeManager (SCMNodeManager.java:<init>(177)) - Entering startup safe mode.
2024-03-04 13:00:24,936 [main] INFO  algorithms.ContainerPlacementPolicyFactory (ContainerPlacementPolicyFactory.java:getPolicyInternal(86)) - Create container placement policy of type org.apache.hadoop.hdds.scm.container.placement.algorithms.SCMContainerPlacementRackAware
2024-03-04 13:00:24,936 [main] INFO  algorithms.ContainerPlacementPolicyFactory (ContainerPlacementPolicyFactory.java:getPolicyInternal(86)) - Create container placement policy of type org.apache.hadoop.hdds.scm.container.placement.algorithms.SCMContainerPlacementRackScatter
2024-03-04 13:00:24,936 [main] INFO  pipeline.PipelineStateManagerImpl (PipelineStateManagerImpl.java:initialize(78)) - No pipeline exists in current db
2024-03-04 13:00:24,936 [main] INFO  algorithms.LeaderChoosePolicyFactory (LeaderChoosePolicyFactory.java:getPolicy(57)) - Create leader choose policy of type org.apache.hadoop.hdds.scm.pipeline.leader.choose.algorithms.MinLeaderCountChoosePolicy
2024-03-04 13:00:24,936 [main] INFO  algorithms.ContainerPlacementPolicyFactory (ContainerPlacementPolicyFactory.java:getPolicyInternal(86)) - Create container placement policy of type org.apache.hadoop.hdds.scm.container.placement.algorithms.SCMContainerPlacementRackScatter
2024-03-04 13:00:24,936 [main] INFO  ha.SCMServiceManager (SCMServiceManager.java:register(42)) - Registering service BackgroundPipelineCreator.
2024-03-04 13:00:24,937 [main] INFO  pipeline.BackgroundPipelineCreator (BackgroundPipelineCreator.java:start(127)) - Starting RatisPipelineUtilsThread.
2024-03-04 13:00:24,937 [main] INFO  BackgroundPipelineScrubber (BackgroundSCMService.java:start(65)) - Starting BackgroundPipelineScrubber Service.
2024-03-04 13:00:24,937 [main] INFO  ha.SCMServiceManager (SCMServiceManager.java:register(42)) - Registering service BackgroundPipelineScrubber.
2024-03-04 13:00:24,937 [main] INFO  ExpiredContainerReplicaOpScrubber (BackgroundSCMService.java:start(65)) - Starting ExpiredContainerReplicaOpScrubber Service.
2024-03-04 13:00:24,938 [main] INFO  ha.SCMServiceManager (SCMServiceManager.java:register(42)) - Registering service ExpiredContainerReplicaOpScrubber.
2024-03-04 13:00:24,938 [main] INFO  algorithms.PipelineChoosePolicyFactory (PipelineChoosePolicyFactory.java:createPipelineChoosePolicyFromClass(80)) - Create pipeline choose policy of type org.apache.hadoop.hdds.scm.pipeline.choose.algorithms.RandomPipelineChoosePolicy
2024-03-04 13:00:24,938 [main] INFO  algorithms.PipelineChoosePolicyFactory (PipelineChoosePolicyFactory.java:createPipelineChoosePolicyFromClass(80)) - Create pipeline choose policy of type org.apache.hadoop.hdds.scm.pipeline.choose.algorithms.RandomPipelineChoosePolicy
2024-03-04 13:00:24,939 [main] INFO  ha.SCMServiceManager (SCMServiceManager.java:register(42)) - Registering service SCMBlockDeletingService.
2024-03-04 13:00:24,940 [main] INFO  replication.ReplicationManager (ReplicationManager.java:start(295)) - Starting Replication Monitor Thread.
2024-03-04 13:00:24,941 [main] INFO  ha.SCMServiceManager (SCMServiceManager.java:register(42)) - Registering service ReplicationManager.
2024-03-04 13:00:24,941 [ReplicationMonitor] INFO  replication.ReplicationManager (ReplicationManager.java:processAll(371)) - Replication Manager is not ready to run until 3000ms after safemode exit
2024-03-04 13:00:24,942 [main] INFO  safemode.ContainerSafeModeRule (ContainerSafeModeRule.java:<init>(91)) - containers with one replica threshold count 0
2024-03-04 13:00:24,942 [main] INFO  safemode.HealthyPipelineSafeModeRule (HealthyPipelineSafeModeRule.java:initializeRule(176)) - Total pipeline count is 0, healthy pipeline threshold count is 1
2024-03-04 13:00:24,942 [main] INFO  safemode.OneReplicaPipelineSafeModeRule (OneReplicaPipelineSafeModeRule.java:initializeRule(193)) - Total pipeline count is 0, pipeline's with at least one datanode reported threshold count is 0
2024-03-04 13:00:24,943 [main] INFO  server.StorageContainerManager (StorageContainerManager.java:<init>(440)) - SCM start with adminUsers: [*, runner]
2024-03-04 13:00:24,943 [main] INFO  ipc.CallQueueManager (CallQueueManager.java:<init>(90)) - Using callQueue: class java.util.concurrent.LinkedBlockingQueue, queueCapacity: 10000, scheduler: class org.apache.hadoop.ipc.DefaultRpcScheduler, ipcBackoff: false.
2024-03-04 13:00:24,943 [main] INFO  ipc.Server (Server.java:<init>(1287)) - Listener at 0.0.0.0:15174
2024-03-04 13:00:24,944 [Socket Reader #1 for port 15174] INFO  ipc.Server (Server.java:run(1323)) - Starting Socket Reader #1 for port 15174
2024-03-04 13:00:24,945 [main] INFO  ipc.CallQueueManager (CallQueueManager.java:<init>(90)) - Using callQueue: class java.util.concurrent.LinkedBlockingQueue, queueCapacity: 10000, scheduler: class org.apache.hadoop.ipc.DefaultRpcScheduler, ipcBackoff: false.
2024-03-04 13:00:24,945 [main] INFO  ipc.Server (Server.java:<init>(1287)) - Listener at 0.0.0.0:15173
2024-03-04 13:00:24,945 [Socket Reader #1 for port 15173] INFO  ipc.Server (Server.java:run(1323)) - Starting Socket Reader #1 for port 15173
2024-03-04 13:00:24,958 [main] INFO  ipc.CallQueueManager (CallQueueManager.java:<init>(90)) - Using callQueue: class java.util.concurrent.LinkedBlockingQueue, queueCapacity: 10000, scheduler: class org.apache.hadoop.ipc.DefaultRpcScheduler, ipcBackoff: false.
2024-03-04 13:00:24,958 [main] INFO  ipc.Server (Server.java:<init>(1287)) - Listener at 0.0.0.0:15172
2024-03-04 13:00:24,958 [Socket Reader #1 for port 15172] INFO  ipc.Server (Server.java:run(1323)) - Starting Socket Reader #1 for port 15172
2024-03-04 13:00:24,961 [main] INFO  ha.SCMServiceManager (SCMServiceManager.java:register(42)) - Registering service ContainerBalancer.
2024-03-04 13:00:24,961 [main] INFO  ha.SCMContext (SCMContext.java:updateSafeModeStatus(225)) - Update SafeModeStatus from SafeModeStatus{safeModeStatus=true, preCheckPassed=false} to SafeModeStatus{safeModeStatus=true, preCheckPassed=false}.
2024-03-04 13:00:24,961 [main] INFO  server.StorageContainerManager (StorageContainerManager.java:start(1545)) - StorageContainerLocationProtocol RPC server is listening at /0.0.0.0:15172
2024-03-04 13:00:24,963 [main] WARN  impl.MetricsConfig (MetricsConfig.java:loadFirst(136)) - Cannot locate configuration: tried hadoop-metrics2-storagecontainermanager.properties,hadoop-metrics2.properties
2024-03-04 13:00:24,967 [main] INFO  impl.MetricsSystemImpl (MetricsSystemImpl.java:startTimer(378)) - Scheduled Metric snapshot period at 10 second(s).
2024-03-04 13:00:24,968 [main] INFO  impl.MetricsSystemImpl (MetricsSystemImpl.java:start(191)) - StorageContainerManager metrics system started
2024-03-04 13:00:24,974 [main] INFO  impl.MetricsSinkAdapter (MetricsSinkAdapter.java:start(204)) - Sink prometheus started
2024-03-04 13:00:24,974 [main] INFO  impl.MetricsSystemImpl (MetricsSystemImpl.java:registerSink(305)) - Registered sink prometheus
2024-03-04 13:00:24,999 [main] INFO  server.SCMClientProtocolServer (SCMClientProtocolServer.java:start(204)) - RPC server for Client  is listening at /0.0.0.0:15172
2024-03-04 13:00:24,999 [IPC Server Responder] INFO  ipc.Server (Server.java:run(1562)) - IPC Server Responder: starting
2024-03-04 13:00:25,025 [IPC Server listener on 15172] INFO  ipc.Server (Server.java:run(1402)) - IPC Server listener on 15172: starting
2024-03-04 13:00:25,036 [main] INFO  server.StorageContainerManager (StorageContainerManager.java:start(1558)) - ScmBlockLocationProtocol RPC server is listening at /0.0.0.0:15173
2024-03-04 13:00:25,036 [main] INFO  server.SCMBlockProtocolServer (SCMBlockProtocolServer.java:start(160)) - RPC server for Block Protocol is listening at /0.0.0.0:15173
2024-03-04 13:00:25,036 [IPC Server Responder] INFO  ipc.Server (Server.java:run(1562)) - IPC Server Responder: starting
2024-03-04 13:00:25,036 [IPC Server listener on 15173] INFO  ipc.Server (Server.java:run(1402)) - IPC Server listener on 15173: starting
2024-03-04 13:00:25,044 [main] INFO  server.SCMDatanodeProtocolServer (SCMDatanodeProtocolServer.java:start(194)) - ScmDatanodeProtocol RPC server for DataNodes is listening at /0.0.0.0:15174
2024-03-04 13:00:25,044 [IPC Server Responder] INFO  ipc.Server (Server.java:run(1562)) - IPC Server Responder: starting
2024-03-04 13:00:25,045 [IPC Server listener on 15174] INFO  ipc.Server (Server.java:run(1402)) - IPC Server listener on 15174: starting
2024-03-04 13:00:25,054 [JvmPauseMonitor49] INFO  util.JvmPauseMonitor (JvmPauseMonitor.java:run(146)) - JvmPauseMonitor-d2e7af1f-90d9-4aa1-98e2-f7809293908a: Started
2024-03-04 13:00:25,055 [main] INFO  http.BaseHttpServer (BaseHttpServer.java:newHttpServer2BuilderForOzone(223)) - Starting Web-server for scm at: http://0.0.0.0:15175
2024-03-04 13:00:25,055 [main] INFO  http.BaseHttpServer (BaseHttpServer.java:<init>(110)) - Hadoop Security Enabled: false Ozone Security Enabled: false Ozone HTTP Security Enabled: false 
2024-03-04 13:00:25,056 [main] WARN  server.AuthenticationFilter (AuthenticationFilter.java:constructSecretProvider(240)) - Unable to initialize FileSignerSecretProvider, falling back to use random secrets. Reason: Could not read signature secret file: /home/runner/hadoop-http-auth-signature-secret
2024-03-04 13:00:25,056 [main] INFO  http.HttpRequestLog (HttpRequestLog.java:getRequestLog(86)) - Http request log for http.requests.scm is not defined
2024-03-04 13:00:25,057 [main] INFO  http.HttpServer2 (HttpServer2.java:addGlobalFilter(1036)) - Added global filter 'safety' (class=org.apache.hadoop.hdds.server.http.HttpServer2$QuotingInputFilter)
2024-03-04 13:00:25,058 [main] INFO  http.HttpServer2 (HttpServer2.java:addFilter(1012)) - Added filter static_user_filter (class=org.apache.hadoop.http.lib.StaticUserWebFilter$StaticUserFilter) to context scm
2024-03-04 13:00:25,058 [main] INFO  http.HttpServer2 (HttpServer2.java:addFilter(1020)) - Added filter static_user_filter (class=org.apache.hadoop.http.lib.StaticUserWebFilter$StaticUserFilter) to context logs
2024-03-04 13:00:25,058 [main] INFO  http.HttpServer2 (HttpServer2.java:addFilter(1020)) - Added filter static_user_filter (class=org.apache.hadoop.http.lib.StaticUserWebFilter$StaticUserFilter) to context static
2024-03-04 13:00:25,058 [main] INFO  http.BaseHttpServer (BaseHttpServer.java:<init>(189)) - HTTP server of scm uses base directory /home/runner/work/ozone/ozone/hadoop-ozone/integration-test/target/test-dir/MiniOzoneClusterImpl-42dd095f-3e4b-4e15-bcdd-4f5539ea9781/ozone-meta/webserver
2024-03-04 13:00:25,059 [main] INFO  http.HttpServer2 (HttpServer2.java:bindListener(1236)) - Jetty bound to port 15175
2024-03-04 13:00:25,059 [main] INFO  server.Server (Server.java:doStart(375)) - jetty-9.4.53.v20231009; built: 2023-10-09T12:29:09.265Z; git: 27bde00a0b95a1d5bbee0eae7984f891d2d0f8c9; jvm 1.8.0_402-b06
2024-03-04 13:00:25,060 [main] INFO  server.session (DefaultSessionIdManager.java:doStart(334)) - DefaultSessionIdManager workerName=node0
2024-03-04 13:00:25,060 [main] INFO  server.session (DefaultSessionIdManager.java:doStart(339)) - No SessionScavenger set, using defaults
2024-03-04 13:00:25,060 [main] INFO  server.session (HouseKeeper.java:startScavenging(132)) - node0 Scavenging every 660000ms
2024-03-04 13:00:25,061 [main] INFO  handler.ContextHandler (ContextHandler.java:doStart(921)) - Started o.e.j.s.ServletContextHandler@5aaae5ac{logs,/logs,file:///home/runner/work/ozone/ozone/hadoop-ozone/integration-test/target/log,AVAILABLE}
2024-03-04 13:00:25,061 [main] INFO  handler.ContextHandler (ContextHandler.java:doStart(921)) - Started o.e.j.s.ServletContextHandler@4acd9b22{static,/static,file:///home/runner/work/ozone/ozone/hadoop-ozone/integration-test/target/test-classes/webapps/static,AVAILABLE}
2024-03-04 13:00:25,063 [main] INFO  handler.ContextHandler (ContextHandler.java:doStart(921)) - Started o.e.j.w.WebAppContext@6d2b0c6a{scm,/,file:///home/runner/work/ozone/ozone/hadoop-ozone/integration-test/target/test-classes/webapps/scm/,AVAILABLE}{file:/home/runner/work/ozone/ozone/hadoop-ozone/integration-test/target/test-classes/webapps/scm}
2024-03-04 13:00:25,064 [main] INFO  server.AbstractConnector (AbstractConnector.java:doStart(333)) - Started ServerConnector@17188355{HTTP/1.1, (http/1.1)}{0.0.0.0:15175}
2024-03-04 13:00:25,064 [main] INFO  server.Server (Server.java:doStart(415)) - Started @520648ms
2024-03-04 13:00:25,064 [main] WARN  impl.MetricsSystemImpl (MetricsSystemImpl.java:register(279)) - Sink prometheus already exists!
2024-03-04 13:00:25,065 [main] INFO  http.BaseHttpServer (BaseHttpServer.java:updateConnectorAddress(354)) - HTTP server of scm listening at http://0.0.0.0:15175
2024-03-04 13:00:25,065 [main] INFO  ha.OMHANodeDetails (OMHANodeDetails.java:loadOMHAConfig(121)) - ServiceID for OzoneManager is om-service-test1
2024-03-04 13:00:25,066 [main] INFO  ha.OMHANodeDetails (OMHANodeDetails.java:loadOMHAConfig(201)) - Found matching OM address with OMServiceId: om-service-test1, OMNodeId: omNode-1, RPC Address: localhost:15176 and Ratis port: 15179
2024-03-04 13:00:25,066 [main] INFO  ha.OMHANodeDetails (ConfUtils.java:setNodeSpecificConfigs(97)) - Setting configuration key ozone.om.http-address with value of key ozone.om.http-address.om-service-test1.omNode-1: 127.0.0.1:15177
2024-03-04 13:00:25,066 [main] INFO  ha.OMHANodeDetails (ConfUtils.java:setNodeSpecificConfigs(97)) - Setting configuration key ozone.om.https-address with value of key ozone.om.https-address.om-service-test1.omNode-1: 127.0.0.1:15178
2024-03-04 13:00:25,066 [main] INFO  ha.OMHANodeDetails (ConfUtils.java:setNodeSpecificConfigs(97)) - Setting configuration key ozone.om.address with value of key ozone.om.address.om-service-test1.omNode-1: 127.0.0.1:15176
2024-03-04 13:00:25,066 [main] WARN  server.ServerUtils (ServerUtils.java:getDBPath(299)) - ozone.om.db.dirs is not configured. We recommend adding this setting. Falling back to ozone.metadata.dirs instead.
2024-03-04 13:00:25,067 [main] INFO  proxy.SCMBlockLocationFailoverProxyProvider (SCMBlockLocationFailoverProxyProvider.java:<init>(115)) - Created block location fail-over proxy with 1 nodes: [nodeId=scmNodeId,nodeAddress=/0.0.0.0:15173]
OM initialization succeeded.Current cluster id for sd=/home/runner/work/ozone/ozone/hadoop-ozone/integration-test/target/test-dir/MiniOzoneClusterImpl-42dd095f-3e4b-4e15-bcdd-4f5539ea9781/omNode-1/om;cid=42dd095f-3e4b-4e15-bcdd-4f5539ea9781;layoutVersion=6
2024-03-04 13:00:25,078 [main] INFO  ha.OMHANodeDetails (OMHANodeDetails.java:loadOMHAConfig(121)) - ServiceID for OzoneManager is om-service-test1
2024-03-04 13:00:25,078 [main] INFO  ha.OMHANodeDetails (OMHANodeDetails.java:loadOMHAConfig(201)) - Found matching OM address with OMServiceId: om-service-test1, OMNodeId: omNode-1, RPC Address: localhost:15176 and Ratis port: 15179
2024-03-04 13:00:25,079 [main] INFO  ha.OMHANodeDetails (ConfUtils.java:setNodeSpecificConfigs(97)) - Setting configuration key ozone.om.http-address with value of key ozone.om.http-address.om-service-test1.omNode-1: 127.0.0.1:15177
2024-03-04 13:00:25,079 [main] INFO  ha.OMHANodeDetails (ConfUtils.java:setNodeSpecificConfigs(97)) - Setting configuration key ozone.om.https-address with value of key ozone.om.https-address.om-service-test1.omNode-1: 127.0.0.1:15178
2024-03-04 13:00:25,079 [main] INFO  ha.OMHANodeDetails (ConfUtils.java:setNodeSpecificConfigs(97)) - Setting configuration key ozone.om.address with value of key ozone.om.address.om-service-test1.omNode-1: 127.0.0.1:15176
2024-03-04 13:00:25,079 [main] WARN  server.ServerUtils (ServerUtils.java:getDBPath(299)) - ozone.om.db.dirs is not configured. We recommend adding this setting. Falling back to ozone.metadata.dirs instead.
2024-03-04 13:00:25,080 [main] INFO  upgrade.AbstractLayoutVersionManager (AbstractLayoutVersionManager.java:init(83)) - Initializing Layout version manager with metadata layout = QUOTA (version = 6), software layout = QUOTA (version = 6)
2024-03-04 13:00:25,117 [main] INFO  upgrade.OMLayoutVersionManager (OMLayoutVersionManager.java:lambda$0(113)) - Skipping Upgrade Action QuotaRepairUpgradeAction since it has been finalized.
2024-03-04 13:00:25,118 [main] INFO  upgrade.OMLayoutVersionManager (OMLayoutVersionManager.java:lambda$0(113)) - Skipping Upgrade Action MockOmUpgradeAction since it has been finalized.
2024-03-04 13:00:25,118 [main] WARN  server.ServerUtils (ServerUtils.java:getDBPath(299)) - ozone.om.db.dirs is not configured. We recommend adding this setting. Falling back to ozone.metadata.dirs instead.
2024-03-04 13:00:25,118 [main] INFO  proxy.SCMBlockLocationFailoverProxyProvider (SCMBlockLocationFailoverProxyProvider.java:<init>(115)) - Created block location fail-over proxy with 1 nodes: [nodeId=scmNodeId,nodeAddress=/0.0.0.0:15173]
2024-03-04 13:00:25,119 [main] INFO  proxy.SCMBlockLocationFailoverProxyProvider (SCMBlockLocationFailoverProxyProvider.java:<init>(115)) - Created block location fail-over proxy with 1 nodes: [nodeId=scmNodeId,nodeAddress=/0.0.0.0:15173]
2024-03-04 13:00:25,123 [main] INFO  om.OzoneManager (OzoneManager.java:<init>(672)) - OM start with adminUsers: [*, runner]
2024-03-04 13:00:25,123 [main] WARN  server.ServerUtils (ServerUtils.java:getDBPath(299)) - ozone.om.db.dirs is not configured. We recommend adding this setting. Falling back to ozone.metadata.dirs instead.
2024-03-04 13:00:25,123 [main] INFO  helpers.OmKeyInfo (OmKeyInfo.java:getCodec(71)) - OmKeyInfo.getCodec ignorePipeline = true
2024-03-04 13:00:25,251 [main] INFO  om.OzoneManager (OzoneManager.java:instantiateServices(804)) - S3 Multi-Tenancy is disabled
2024-03-04 13:00:25,252 [main] INFO  om.OmSnapshotManager (OmSnapshotManager.java:<init>(177)) - Ozone filesystem snapshot feature is enabled.
2024-03-04 13:00:25,252 [main] WARN  server.ServerUtils (ServerUtils.java:getDBPath(299)) - ozone.om.snapshot.diff.db.dir is not configured. We recommend adding this setting. Falling back to ozone.metadata.dirs instead.
2024-03-04 13:00:25,266 [main] INFO  utils.NativeLibraryLoader (NativeLibraryLoader.java:loadLibrary(108)) - Loading Library: ozone_rocksdb_tools
2024-03-04 13:00:25,266 [main] ERROR snapshot.SnapshotDiffManager (SnapshotDiffManager.java:initNativeLibraryForEfficientDiff(287)) - Native Library for raw sst file reading loading failed.
org.apache.hadoop.hdds.utils.NativeLibraryNotLoadedException: Unable to load library ozone_rocksdb_tools from both java.library.path & resource file libozone_rocksdb_tools.so from jar.
	at org.apache.hadoop.hdds.utils.db.managed.ManagedRawSSTFileReader.loadLibrary(ManagedRawSSTFileReader.java:38)
	at org.apache.hadoop.ozone.om.snapshot.SnapshotDiffManager.initNativeLibraryForEfficientDiff(SnapshotDiffManager.java:285)
	at org.apache.hadoop.ozone.om.snapshot.SnapshotDiffManager.<init>(SnapshotDiffManager.java:259)
	at org.apache.hadoop.ozone.om.OmSnapshotManager.<init>(OmSnapshotManager.java:279)
	at org.apache.hadoop.ozone.om.OzoneManager.instantiateServices(OzoneManager.java:856)
	at org.apache.hadoop.ozone.om.OzoneManager.<init>(OzoneManager.java:682)
	at org.apache.hadoop.ozone.om.OzoneManager.createOm(OzoneManager.java:767)
	at org.apache.hadoop.ozone.MiniOzoneHAClusterImpl$Builder.createOMService(MiniOzoneHAClusterImpl.java:509)
	at org.apache.hadoop.ozone.MiniOzoneHAClusterImpl$Builder.build(MiniOzoneHAClusterImpl.java:425)
	at org.apache.hadoop.ozone.om.TestOzoneManagerHA.init(TestOzoneManagerHA.java:179)
	at sun.reflect.NativeMethodAccessorImpl.invoke0(Native Method)
	at sun.reflect.NativeMethodAccessorImpl.invoke(NativeMethodAccessorImpl.java:62)
	at sun.reflect.DelegatingMethodAccessorImpl.invoke(DelegatingMethodAccessorImpl.java:43)
	at java.lang.reflect.Method.invoke(Method.java:498)
	at org.junit.platform.commons.util.ReflectionUtils.invokeMethod(ReflectionUtils.java:728)
	at org.junit.jupiter.engine.execution.MethodInvocation.proceed(MethodInvocation.java:60)
	at org.junit.jupiter.engine.execution.InvocationInterceptorChain$ValidatingInvocation.proceed(InvocationInterceptorChain.java:131)
	at org.junit.jupiter.engine.extension.TimeoutExtension.intercept(TimeoutExtension.java:156)
	at org.junit.jupiter.engine.extension.TimeoutExtension.interceptLifecycleMethod(TimeoutExtension.java:128)
	at org.junit.jupiter.engine.extension.TimeoutExtension.interceptBeforeAllMethod(TimeoutExtension.java:70)
	at org.junit.jupiter.engine.execution.InterceptingExecutableInvoker$ReflectiveInterceptorCall.lambda$ofVoidMethod$0(InterceptingExecutableInvoker.java:103)
	at org.junit.jupiter.engine.execution.InterceptingExecutableInvoker.lambda$invoke$0(InterceptingExecutableInvoker.java:93)
	at org.junit.jupiter.engine.execution.InvocationInterceptorChain$InterceptedInvocation.proceed(InvocationInterceptorChain.java:106)
	at org.junit.jupiter.engine.execution.InvocationInterceptorChain.proceed(InvocationInterceptorChain.java:64)
	at org.junit.jupiter.engine.execution.InvocationInterceptorChain.chainAndInvoke(InvocationInterceptorChain.java:45)
	at org.junit.jupiter.engine.execution.InvocationInterceptorChain.invoke(InvocationInterceptorChain.java:37)
	at org.junit.jupiter.engine.execution.InterceptingExecutableInvoker.invoke(InterceptingExecutableInvoker.java:92)
	at org.junit.jupiter.engine.execution.InterceptingExecutableInvoker.invoke(InterceptingExecutableInvoker.java:86)
	at org.junit.jupiter.engine.descriptor.ClassBasedTestDescriptor.lambda$invokeBeforeAllMethods$13(ClassBasedTestDescriptor.java:412)
	at org.junit.platform.engine.support.hierarchical.ThrowableCollector.execute(ThrowableCollector.java:73)
	at org.junit.jupiter.engine.descriptor.ClassBasedTestDescriptor.invokeBeforeAllMethods(ClassBasedTestDescriptor.java:410)
	at org.junit.jupiter.engine.descriptor.ClassBasedTestDescriptor.before(ClassBasedTestDescriptor.java:216)
	at org.junit.jupiter.engine.descriptor.ClassBasedTestDescriptor.before(ClassBasedTestDescriptor.java:85)
	at org.junit.platform.engine.support.hierarchical.NodeTestTask.lambda$executeRecursively$6(NodeTestTask.java:148)
	at org.junit.platform.engine.support.hierarchical.ThrowableCollector.execute(ThrowableCollector.java:73)
	at org.junit.platform.engine.support.hierarchical.NodeTestTask.lambda$executeRecursively$8(NodeTestTask.java:141)
	at org.junit.platform.engine.support.hierarchical.Node.around(Node.java:137)
	at org.junit.platform.engine.support.hierarchical.NodeTestTask.lambda$executeRecursively$9(NodeTestTask.java:139)
	at org.junit.platform.engine.support.hierarchical.ThrowableCollector.execute(ThrowableCollector.java:73)
	at org.junit.platform.engine.support.hierarchical.NodeTestTask.executeRecursively(NodeTestTask.java:138)
	at org.junit.platform.engine.support.hierarchical.NodeTestTask.execute(NodeTestTask.java:95)
	at java.util.ArrayList.forEach(ArrayList.java:1259)
	at org.junit.platform.engine.support.hierarchical.SameThreadHierarchicalTestExecutorService.invokeAll(SameThreadHierarchicalTestExecutorService.java:41)
	at org.junit.platform.engine.support.hierarchical.NodeTestTask.lambda$executeRecursively$6(NodeTestTask.java:155)
	at org.junit.platform.engine.support.hierarchical.ThrowableCollector.execute(ThrowableCollector.java:73)
	at org.junit.platform.engine.support.hierarchical.NodeTestTask.lambda$executeRecursively$8(NodeTestTask.java:141)
	at org.junit.platform.engine.support.hierarchical.Node.around(Node.java:137)
	at org.junit.platform.engine.support.hierarchical.NodeTestTask.lambda$executeRecursively$9(NodeTestTask.java:139)
	at org.junit.platform.engine.support.hierarchical.ThrowableCollector.execute(ThrowableCollector.java:73)
	at org.junit.platform.engine.support.hierarchical.NodeTestTask.executeRecursively(NodeTestTask.java:138)
	at org.junit.platform.engine.support.hierarchical.NodeTestTask.execute(NodeTestTask.java:95)
	at org.junit.platform.engine.support.hierarchical.SameThreadHierarchicalTestExecutorService.submit(SameThreadHierarchicalTestExecutorService.java:35)
	at org.junit.platform.engine.support.hierarchical.HierarchicalTestExecutor.execute(HierarchicalTestExecutor.java:57)
	at org.junit.platform.engine.support.hierarchical.HierarchicalTestEngine.execute(HierarchicalTestEngine.java:54)
	at org.junit.platform.launcher.core.EngineExecutionOrchestrator.execute(EngineExecutionOrchestrator.java:198)
	at org.junit.platform.launcher.core.EngineExecutionOrchestrator.execute(EngineExecutionOrchestrator.java:169)
	at org.junit.platform.launcher.core.EngineExecutionOrchestrator.execute(EngineExecutionOrchestrator.java:93)
	at org.junit.platform.launcher.core.EngineExecutionOrchestrator.lambda$execute$0(EngineExecutionOrchestrator.java:58)
	at org.junit.platform.launcher.core.EngineExecutionOrchestrator.withInterceptedStreams(EngineExecutionOrchestrator.java:141)
	at org.junit.platform.launcher.core.EngineExecutionOrchestrator.execute(EngineExecutionOrchestrator.java:57)
	at org.junit.platform.launcher.core.DefaultLauncher.execute(DefaultLauncher.java:103)
	at org.junit.platform.launcher.core.DefaultLauncher.execute(DefaultLauncher.java:85)
	at org.junit.platform.launcher.core.DelegatingLauncher.execute(DelegatingLauncher.java:47)
	at org.junit.platform.launcher.core.SessionPerRequestLauncher.execute(SessionPerRequestLauncher.java:63)
	at org.apache.maven.surefire.junitplatform.JUnitPlatformProvider.invokeAllTests(JUnitPlatformProvider.java:165)
	at org.apache.maven.surefire.junitplatform.JUnitPlatformProvider.invoke(JUnitPlatformProvider.java:124)
	at org.apache.maven.surefire.booter.ForkedBooter.runSuitesInProcess(ForkedBooter.java:428)
	at org.apache.maven.surefire.booter.ForkedBooter.execute(ForkedBooter.java:162)
	at org.apache.maven.surefire.booter.ForkedBooter.run(ForkedBooter.java:562)
	at org.apache.maven.surefire.booter.ForkedBooter.main(ForkedBooter.java:548)
2024-03-04 13:00:25,268 [main] INFO  om.OzoneManager (OzoneManager.java:addS3GVolumeToDB(4426)) - Created Volume s3v With Owner runner required for S3Gateway operations.
2024-03-04 13:00:25,268 [main] WARN  server.ServerUtils (ServerUtils.java:getDefaultRatisDirectory(311)) - Storage directory for Ratis is not configured. It is a good idea to map this to an SSD disk. Falling back to ozone.metadata.dirs
2024-03-04 13:00:25,268 [main] WARN  utils.OzoneManagerRatisUtils (OzoneManagerRatisUtils.java:getOMRatisSnapshotDirectory(476)) - ozone.om.ratis.snapshot.dir is not configured. Falling back to ozone.metadata.dirs config
2024-03-04 13:00:25,268 [main] INFO  utils.RDBSnapshotProvider (RDBSnapshotProvider.java:init(87)) - Cleaning up the candidate dir: /home/runner/work/ozone/ozone/hadoop-ozone/integration-test/target/test-dir/MiniOzoneClusterImpl-42dd095f-3e4b-4e15-bcdd-4f5539ea9781/omNode-1/snapshot/om.db.candidate
2024-03-04 13:00:25,268 [main] INFO  ratis_snapshot.OmRatisSnapshotProvider (OmRatisSnapshotProvider.java:<init>(99)) - Initializing OM Snapshot Provider
2024-03-04 13:00:25,269 [main] WARN  server.ServerUtils (ServerUtils.java:getDefaultRatisDirectory(311)) - Storage directory for Ratis is not configured. It is a good idea to map this to an SSD disk. Falling back to ozone.metadata.dirs
2024-03-04 13:00:25,270 [main] INFO  ratis.OzoneManagerRatisServer (OzoneManagerRatisServer.java:<init>(167)) - Instantiating OM Ratis server with groupID: om-service-test1 and peers: localhost:15179, localhost:15187, localhost:15183
2024-03-04 13:00:25,270 [main] INFO  ratis.OzoneManagerStateMachine (OzoneManagerStateMachine.java:loadSnapshotInfoFromDB(575)) - TransactionInfo not found in OM DB.
2024-03-04 13:00:25,271 [main] INFO  server.RaftServer (ConfUtils.java:logGet(46)) - raft.rpc.type = GRPC (default)
2024-03-04 13:00:25,271 [main] INFO  grpc.GrpcConfigKeys (ConfUtils.java:logFallback(53)) - raft.grpc.admin.host = null (fallback to raft.grpc.server.host)
2024-03-04 13:00:25,271 [main] INFO  grpc.GrpcConfigKeys (ConfUtils.java:logFallback(53)) - raft.grpc.admin.port = 15179 (fallback to raft.grpc.server.port)
2024-03-04 13:00:25,271 [main] INFO  grpc.GrpcConfigKeys (ConfUtils.java:logFallback(53)) - raft.grpc.client.host = null (fallback to raft.grpc.server.host)
2024-03-04 13:00:25,271 [main] INFO  grpc.GrpcConfigKeys (ConfUtils.java:logFallback(53)) - raft.grpc.client.port = 15179 (fallback to raft.grpc.server.port)
2024-03-04 13:00:25,271 [main] INFO  grpc.GrpcConfigKeys (ConfUtils.java:logGet(46)) - raft.grpc.server.host = null (default)
2024-03-04 13:00:25,271 [main] INFO  grpc.GrpcConfigKeys (ConfUtils.java:logGet(46)) - raft.grpc.server.port = 15179 (custom)
2024-03-04 13:00:25,272 [main] INFO  server.GrpcService (ConfUtils.java:logGet(46)) - raft.grpc.message.size.max = 4194304 (custom)
2024-03-04 13:00:25,272 [main] INFO  server.RaftServerConfigKeys (ConfUtils.java:logGet(46)) - raft.server.log.appender.buffer.byte-limit = 4194304 (custom)
2024-03-04 13:00:25,272 [main] INFO  server.GrpcService (ConfUtils.java:logGet(46)) - raft.grpc.flow.control.window = 1MB (=1048576) (default)
2024-03-04 13:00:25,272 [main] INFO  server.RaftServerConfigKeys (ConfUtils.java:logGet(46)) - raft.server.rpc.request.timeout = 3000ms (default)
2024-03-04 13:00:25,272 [main] INFO  grpc.GrpcConfigKeys (ConfUtils.java:logGet(46)) - raft.grpc.server.heartbeat.channel = true (default)
2024-03-04 13:00:25,272 [main] INFO  grpc.GrpcConfigKeys (ConfUtils.java:logGet(46)) - raft.grpc.server.async.request.thread.pool.cached = true (default)
2024-03-04 13:00:25,272 [main] INFO  grpc.GrpcConfigKeys (ConfUtils.java:logGet(46)) - raft.grpc.server.async.request.thread.pool.size = 32 (default)
2024-03-04 13:00:25,273 [main] INFO  impl.DataStreamServerImpl (ConfUtils.java:logGet(46)) - raft.datastream.type = DISABLED (default)
2024-03-04 13:00:25,273 [main] INFO  server.RaftServerConfigKeys (ConfUtils.java:logGet(46)) - raft.server.sleep.deviation.threshold = 300ms (default)
2024-03-04 13:00:25,273 [main] INFO  server.RaftServerConfigKeys (ConfUtils.java:logGet(46)) - raft.server.close.threshold = 60s (default)
2024-03-04 13:00:25,274 [main] INFO  server.RaftServerConfigKeys (ConfUtils.java:logGet(46)) - raft.server.leaderelection.leader.step-down.wait-time = 10s (default)
2024-03-04 13:00:25,274 [main] INFO  server.RaftServerConfigKeys (ConfUtils.java:logGet(46)) - raft.server.storage.dir = [/home/runner/work/ozone/ozone/hadoop-ozone/integration-test/target/test-dir/MiniOzoneClusterImpl-42dd095f-3e4b-4e15-bcdd-4f5539ea9781/omNode-1/ratis] (custom)
2024-03-04 13:00:25,274 [main] INFO  server.RaftServerConfigKeys (ConfUtils.java:logGet(46)) - raft.server.threadpool.proxy.cached = true (default)
2024-03-04 13:00:25,274 [main] INFO  server.RaftServerConfigKeys (ConfUtils.java:logGet(46)) - raft.server.threadpool.proxy.size = 0 (default)
2024-03-04 13:00:25,274 [main] INFO  server.RaftServer (RaftServerProxy.java:addNew(100)) - omNode-1: addNew group-523986131536:[omNode-3|localhost:15187, omNode-1|localhost:15179, omNode-2|localhost:15183] returns group-523986131536:java.util.concurrent.CompletableFuture@45097caa[Not completed]
2024-03-04 13:00:25,275 [main] INFO  om.OzoneManager (OzoneManager.java:initializeRatisServer(2140)) - OzoneManager Ratis server initialized at port 15179
2024-03-04 13:00:25,274 [omNode-1-groupManagement] INFO  server.RaftServer$Division (RaftServerImpl.java:<init>(256)) - omNode-1: new RaftServerImpl for group-523986131536:[omNode-3|localhost:15187, omNode-1|localhost:15179, omNode-2|localhost:15183] with OzoneManagerStateMachine:uninitialized
2024-03-04 13:00:25,275 [main] INFO  om.OzoneManager (OzoneManager.java:getRpcServer(1206)) - Creating RPC Server
2024-03-04 13:00:25,275 [omNode-1-groupManagement] INFO  server.RaftServerConfigKeys (ConfUtils.java:logGet(46)) - raft.server.rpc.timeout.min = 1s (custom)
2024-03-04 13:00:25,275 [omNode-1-groupManagement] INFO  server.RaftServerConfigKeys (ConfUtils.java:logGet(46)) - raft.server.rpc.timeout.max = 1200ms (custom)
2024-03-04 13:00:25,275 [omNode-1-groupManagement] INFO  server.RaftServerConfigKeys (ConfUtils.java:logGet(46)) - raft.server.rpc.sleep.time = 25ms (default)
2024-03-04 13:00:25,275 [omNode-1-groupManagement] INFO  server.RaftServerConfigKeys (ConfUtils.java:logGet(46)) - raft.server.rpc.slowness.timeout = 2s (custom)
2024-03-04 13:00:25,275 [omNode-1-groupManagement] INFO  server.RaftServerConfigKeys (ConfUtils.java:logGet(46)) - raft.server.leaderelection.leader.step-down.wait-time = 10s (default)
2024-03-04 13:00:25,275 [omNode-1-groupManagement] INFO  server.RaftServerConfigKeys (ConfUtils.java:logGet(46)) - raft.server.leaderelection.member.majority-add = false (default)
2024-03-04 13:00:25,275 [omNode-1-groupManagement] INFO  server.RaftServerConfigKeys (ConfUtils.java:logGet(46)) - raft.server.sleep.deviation.threshold = 300ms (default)
2024-03-04 13:00:25,275 [omNode-1-groupManagement] INFO  server.RaftServer$Division (ServerState.java:<init>(113)) - omNode-1@group-523986131536: ConfigurationManager, init=-1: peers:[omNode-3|localhost:15187, omNode-1|localhost:15179, omNode-2|localhost:15183]|listeners:[], old=null, confs=<EMPTY_MAP>
2024-03-04 13:00:25,275 [omNode-1-groupManagement] INFO  server.RaftServerConfigKeys (ConfUtils.java:logGet(46)) - raft.server.notification.no-leader.timeout = 2s (custom)
2024-03-04 13:00:25,275 [omNode-1-groupManagement] INFO  server.RaftServerConfigKeys (ConfUtils.java:logGet(46)) - raft.server.read.timeout = 10s (default)
2024-03-04 13:00:25,275 [omNode-1-groupManagement] INFO  server.RaftServerConfigKeys (ConfUtils.java:logGet(46)) - raft.server.retrycache.expirytime = 30000ms (custom)
2024-03-04 13:00:25,275 [omNode-1-groupManagement] INFO  server.RaftServerConfigKeys (ConfUtils.java:logGet(46)) - raft.server.retrycache.statistics.expirytime = 100ms (default)
2024-03-04 13:00:25,276 [omNode-1-groupManagement] INFO  server.RaftServerConfigKeys (ConfUtils.java:logGet(46)) - raft.server.read.option = DEFAULT (default)
2024-03-04 13:00:25,276 [omNode-1-groupManagement] INFO  server.RaftServerConfigKeys (ConfUtils.java:logGet(46)) - raft.server.read.read-after-write-consistent.write-index-cache.expiry-time = 60s (default)
2024-03-04 13:00:25,276 [omNode-1-groupManagement] INFO  server.RaftServerConfigKeys (ConfUtils.java:logGet(46)) - raft.server.rpc.request.timeout = 3000ms (default)
2024-03-04 13:00:25,276 [omNode-1-groupManagement] INFO  server.RaftServerConfigKeys (ConfUtils.java:logGet(46)) - raft.server.log.appender.install.snapshot.enabled = false (custom)
2024-03-04 13:00:25,276 [omNode-1-groupManagement] INFO  server.RaftServerConfigKeys (ConfUtils.java:logGet(46)) - raft.server.threadpool.server.cached = true (default)
2024-03-04 13:00:25,276 [omNode-1-groupManagement] INFO  server.RaftServerConfigKeys (ConfUtils.java:logGet(46)) - raft.server.threadpool.server.size = 0 (default)
2024-03-04 13:00:25,276 [omNode-1-groupManagement] INFO  server.RaftServerConfigKeys (ConfUtils.java:logGet(46)) - raft.server.threadpool.client.cached = true (default)
2024-03-04 13:00:25,277 [omNode-1-groupManagement] INFO  server.RaftServerConfigKeys (ConfUtils.java:logGet(46)) - raft.server.threadpool.client.size = 0 (default)
2024-03-04 13:00:25,445 [main] INFO  ipc.CallQueueManager (CallQueueManager.java:<init>(90)) - Using callQueue: class java.util.concurrent.LinkedBlockingQueue, queueCapacity: 2000, scheduler: class org.apache.hadoop.ipc.DefaultRpcScheduler, ipcBackoff: false.
2024-03-04 13:00:25,445 [main] INFO  ipc.Server (Server.java:<init>(1287)) - Listener at 127.0.0.1:15176
2024-03-04 13:00:25,446 [Socket Reader #1 for port 15176] INFO  ipc.Server (Server.java:run(1323)) - Starting Socket Reader #1 for port 15176
2024-03-04 13:00:25,459 [main] INFO  impl.MetricsSystemImpl (MetricsSystemImpl.java:init(158)) - OzoneManager metrics system started (again)
2024-03-04 13:00:25,466 [main] INFO  om.OzoneManager (OzoneManager.java:start(1628)) - OzoneManager RPC server is listening at localhost/127.0.0.1:15176
2024-03-04 13:00:25,466 [main] INFO  ratis.OzoneManagerRatisServer (OzoneManagerRatisServer.java:start(588)) - Starting OzoneManagerRatisServer omNode-1 at port 15179
2024-03-04 13:00:25,466 [omNode-1-impl-thread1] INFO  server.RaftServerConfigKeys (ConfUtils.java:logGet(46)) - raft.server.storage.free-space.min = 0MB (=0) (default)
2024-03-04 13:00:25,466 [omNode-1-impl-thread1] INFO  server.RaftServerConfigKeys (ConfUtils.java:logGet(46)) - raft.server.log.corruption.policy = EXCEPTION (default)
2024-03-04 13:00:25,466 [omNode-1-impl-thread1] INFO  server.RaftServerConfigKeys (ConfUtils.java:logGet(46)) - raft.server.storage.dir = [/home/runner/work/ozone/ozone/hadoop-ozone/integration-test/target/test-dir/MiniOzoneClusterImpl-42dd095f-3e4b-4e15-bcdd-4f5539ea9781/omNode-1/ratis] (custom)
2024-03-04 13:00:25,467 [omNode-1-impl-thread1] INFO  storage.RaftStorageDirectory (RaftStorageDirectoryImpl.java:analyzeStorage(138)) - The storage directory /home/runner/work/ozone/ozone/hadoop-ozone/integration-test/target/test-dir/MiniOzoneClusterImpl-42dd095f-3e4b-4e15-bcdd-4f5539ea9781/omNode-1/ratis/c9bc4cf4-3bc3-3c60-a66b-523986131536 does not exist. Creating ...
2024-03-04 13:00:25,467 [omNode-1-impl-thread1] INFO  storage.RaftStorageDirectory (RaftStorageDirectoryImpl.java:tryLock(228)) - Lock on /home/runner/work/ozone/ozone/hadoop-ozone/integration-test/target/test-dir/MiniOzoneClusterImpl-42dd095f-3e4b-4e15-bcdd-4f5539ea9781/omNode-1/ratis/c9bc4cf4-3bc3-3c60-a66b-523986131536/in_use.lock acquired by nodename 41993@fv-az571-795
2024-03-04 13:00:25,468 [omNode-1-impl-thread1] INFO  storage.RaftStorage (RaftStorageImpl.java:format(99)) - Storage directory /home/runner/work/ozone/ozone/hadoop-ozone/integration-test/target/test-dir/MiniOzoneClusterImpl-42dd095f-3e4b-4e15-bcdd-4f5539ea9781/omNode-1/ratis/c9bc4cf4-3bc3-3c60-a66b-523986131536 has been successfully formatted.
2024-03-04 13:00:25,468 [omNode-1-impl-thread1] WARN  util.FileUtils (LogUtils.java:supplyAndLog(63)) - Failed to Files.newInputStream /home/runner/work/ozone/ozone/hadoop-ozone/integration-test/target/test-dir/MiniOzoneClusterImpl-42dd095f-3e4b-4e15-bcdd-4f5539ea9781/omNode-1/ratis/c9bc4cf4-3bc3-3c60-a66b-523986131536/current/raft-meta.conf with options []: java.nio.file.NoSuchFileException: /home/runner/work/ozone/ozone/hadoop-ozone/integration-test/target/test-dir/MiniOzoneClusterImpl-42dd095f-3e4b-4e15-bcdd-4f5539ea9781/omNode-1/ratis/c9bc4cf4-3bc3-3c60-a66b-523986131536/current/raft-meta.conf
2024-03-04 13:00:25,469 [omNode-1-impl-thread1] INFO  server.RaftServerConfigKeys (ConfUtils.java:logGet(46)) - raft.server.log.use.memory = false (default)
2024-03-04 13:00:25,469 [omNode-1-impl-thread1] INFO  server.RaftServerConfigKeys (ConfUtils.java:logGet(46)) - raft.server.log.purge.gap = 50 (custom)
2024-03-04 13:00:25,469 [omNode-1-impl-thread1] INFO  server.RaftServerConfigKeys (ConfUtils.java:logGet(46)) - raft.server.log.appender.buffer.byte-limit = 4194304 (custom)
2024-03-04 13:00:25,469 [omNode-1-impl-thread1] INFO  server.RaftServerConfigKeys (ConfUtils.java:logGet(46)) - raft.server.log.statemachine.data.read.timeout = 1000ms (default)
2024-03-04 13:00:25,469 [omNode-1-impl-thread1] INFO  server.RaftServerConfigKeys (ConfUtils.java:logGet(46)) - raft.server.log.purge.preservation.log.num = 0 (default)
2024-03-04 13:00:25,469 [omNode-1-impl-thread1] INFO  server.RaftServerConfigKeys (ConfUtils.java:logGet(46)) - raft.server.log.segment.size.max = 4194304 (custom)
2024-03-04 13:00:25,470 [omNode-1-impl-thread1] INFO  server.RaftServerConfigKeys (ConfUtils.java:logGet(46)) - raft.server.log.segment.cache.num.max = 2 (custom)
2024-03-04 13:00:25,470 [omNode-1-impl-thread1] INFO  server.RaftServerConfigKeys (ConfUtils.java:logGet(46)) - raft.server.log.segment.cache.size.max = 200MB (=209715200) (default)
2024-03-04 13:00:25,470 [omNode-1-impl-thread1] INFO  server.RaftServerConfigKeys (ConfUtils.java:logGet(46)) - raft.server.log.appender.buffer.byte-limit = 4194304 (custom)
2024-03-04 13:00:25,470 [omNode-1-impl-thread1] INFO  util.AwaitToRun (AwaitToRun.java:start(81)) - Thread[omNode-1@group-523986131536-cacheEviction-AwaitToRun,5,main] started
2024-03-04 13:00:25,470 [omNode-1-impl-thread1] INFO  segmented.SegmentedRaftLogWorker (SegmentedRaftLogWorker.java:<init>(182)) - new omNode-1@group-523986131536-SegmentedRaftLogWorker for RaftStorageImpl:Storage Directory /home/runner/work/ozone/ozone/hadoop-ozone/integration-test/target/test-dir/MiniOzoneClusterImpl-42dd095f-3e4b-4e15-bcdd-4f5539ea9781/omNode-1/ratis/c9bc4cf4-3bc3-3c60-a66b-523986131536
2024-03-04 13:00:25,470 [omNode-1-impl-thread1] INFO  server.RaftServerConfigKeys (ConfUtils.java:logGet(46)) - raft.server.log.queue.byte-limit = 64MB (=67108864) (default)
2024-03-04 13:00:25,470 [omNode-1-impl-thread1] INFO  server.RaftServerConfigKeys (ConfUtils.java:logGet(46)) - raft.server.log.queue.element-limit = 4096 (default)
2024-03-04 13:00:25,470 [omNode-1-impl-thread1] INFO  server.RaftServerConfigKeys (ConfUtils.java:logGet(46)) - raft.server.log.segment.size.max = 4194304 (custom)
2024-03-04 13:00:25,470 [omNode-1-impl-thread1] INFO  server.RaftServerConfigKeys (ConfUtils.java:logGet(46)) - raft.server.log.preallocated.size = 4194304 (custom)
2024-03-04 13:00:25,470 [omNode-1-impl-thread1] INFO  server.RaftServerConfigKeys (ConfUtils.java:logGet(46)) - raft.server.log.force.sync.num = 128 (default)
2024-03-04 13:00:25,470 [omNode-1-impl-thread1] INFO  server.RaftServerConfigKeys (ConfUtils.java:logGet(46)) - raft.server.log.statemachine.data.sync = true (default)
2024-03-04 13:00:25,470 [omNode-1-impl-thread1] INFO  server.RaftServerConfigKeys (ConfUtils.java:logGet(46)) - raft.server.log.statemachine.data.sync.timeout = 10s (default)
2024-03-04 13:00:25,470 [omNode-1-impl-thread1] INFO  server.RaftServerConfigKeys (ConfUtils.java:logGet(46)) - raft.server.log.statemachine.data.sync.timeout.retry = -1 (default)
2024-03-04 13:00:25,471 [omNode-1-impl-thread1] INFO  server.RaftServerConfigKeys (ConfUtils.java:logGet(46)) - raft.server.log.write.buffer.size = 4194312 (custom)
2024-03-04 13:00:25,471 [omNode-1-impl-thread1] INFO  server.RaftServerConfigKeys (ConfUtils.java:logGet(46)) - raft.server.log.appender.buffer.byte-limit = 4194304 (custom)
2024-03-04 13:00:25,471 [omNode-1-impl-thread1] INFO  server.RaftServerConfigKeys (ConfUtils.java:logGet(46)) - raft.server.log.unsafe-flush.enabled = false (default)
2024-03-04 13:00:25,471 [omNode-1-impl-thread1] INFO  server.RaftServerConfigKeys (ConfUtils.java:logGet(46)) - raft.server.log.async-flush.enabled = false (default)
2024-03-04 13:00:25,471 [omNode-1-impl-thread1] INFO  server.RaftServerConfigKeys (ConfUtils.java:logGet(46)) - raft.server.log.statemachine.data.caching.enabled = false (default)
2024-03-04 13:00:25,471 [omNode-1-impl-thread1] INFO  segmented.SegmentedRaftLogWorker (SegmentedRaftLogWorker.java:lambda$new$0(134)) - omNode-1@group-523986131536-SegmentedRaftLogWorker: flushIndex: setUnconditionally 0 -> -1
2024-03-04 13:00:25,472 [omNode-1-impl-thread1] INFO  segmented.SegmentedRaftLogWorker (SegmentedRaftLogWorker.java:lambda$new$0(134)) - omNode-1@group-523986131536-SegmentedRaftLogWorker: safeCacheEvictIndex: setUnconditionally 0 -> -1
2024-03-04 13:00:25,472 [omNode-1-impl-thread1] INFO  server.RaftServer$Division (RaftServerImpl.java:start(396)) - omNode-1@group-523986131536: start as a follower, conf=-1: peers:[omNode-3|localhost:15187, omNode-1|localhost:15179, omNode-2|localhost:15183]|listeners:[], old=null
2024-03-04 13:00:25,472 [omNode-1-impl-thread1] INFO  server.RaftServer$Division (RaftServerImpl.java:setRole(383)) - omNode-1@group-523986131536: changes role from      null to FOLLOWER at term 0 for startAsFollower
2024-03-04 13:00:25,472 [omNode-1-impl-thread1] INFO  impl.RoleInfo (RoleInfo.java:updateAndGet(139)) - omNode-1: start omNode-1@group-523986131536-FollowerState
2024-03-04 13:00:25,472 [omNode-1-impl-thread1] INFO  util.JmxRegister (JmxRegister.java:tryRegister(44)) - Successfully registered JMX Bean with object name Ratis:service=RaftServer,group=group-523986131536,id=omNode-1
2024-03-04 13:00:25,472 [omNode-1@group-523986131536-FollowerState] INFO  server.RaftServerConfigKeys (ConfUtils.java:logFallback(53)) - raft.server.rpc.first-election.timeout.min = 1s (fallback to raft.server.rpc.timeout.min)
2024-03-04 13:00:25,472 [omNode-1-impl-thread1] INFO  server.RaftServerConfigKeys (ConfUtils.java:logGet(46)) - raft.server.snapshot.trigger-when-stop.enabled = true (default)
2024-03-04 13:00:25,472 [omNode-1@group-523986131536-FollowerState] INFO  server.RaftServerConfigKeys (ConfUtils.java:logFallback(53)) - raft.server.rpc.first-election.timeout.max = 1200ms (fallback to raft.server.rpc.timeout.max)
2024-03-04 13:00:25,472 [omNode-1-impl-thread1] INFO  server.RaftServerConfigKeys (ConfUtils.java:logGet(46)) - raft.server.snapshot.auto.trigger.enabled = true (custom)
2024-03-04 13:00:25,472 [omNode-1-impl-thread1] INFO  server.RaftServerConfigKeys (ConfUtils.java:logGet(46)) - raft.server.snapshot.auto.trigger.threshold = 50 (custom)
2024-03-04 13:00:25,472 [omNode-1-impl-thread1] INFO  server.RaftServerConfigKeys (ConfUtils.java:logGet(46)) - raft.server.snapshot.retention.file.num = -1 (default)
2024-03-04 13:00:25,472 [omNode-1-impl-thread1] INFO  server.RaftServerConfigKeys (ConfUtils.java:logGet(46)) - raft.server.log.purge.upto.snapshot.index = true (custom)
2024-03-04 13:00:25,473 [main] INFO  server.RaftServer (RaftServerProxy.java:startImpl(406)) - omNode-1: start RPC server
2024-03-04 13:00:25,474 [main] INFO  server.GrpcService (GrpcService.java:startImpl(302)) - omNode-1: GrpcService started, listening on 15179
2024-03-04 13:00:25,474 [JvmPauseMonitor50] INFO  util.JvmPauseMonitor (JvmPauseMonitor.java:run(146)) - JvmPauseMonitor-omNode-1: Started
2024-03-04 13:00:25,474 [main] INFO  om.OzoneManager (OzoneManager.java:start(1644)) - Version File has different layout version (6) than OM DB (null). That is expected if this OM has never been finalized to a newer layout version.
2024-03-04 13:00:25,477 [main] INFO  http.BaseHttpServer (BaseHttpServer.java:newHttpServer2BuilderForOzone(223)) - Starting Web-server for ozoneManager at: http://0.0.0.0:15177
2024-03-04 13:00:25,477 [main] INFO  http.BaseHttpServer (BaseHttpServer.java:<init>(110)) - Hadoop Security Enabled: false Ozone Security Enabled: false Ozone HTTP Security Enabled: false 
2024-03-04 13:00:25,478 [main] WARN  server.AuthenticationFilter (AuthenticationFilter.java:constructSecretProvider(240)) - Unable to initialize FileSignerSecretProvider, falling back to use random secrets. Reason: Could not read signature secret file: /home/runner/hadoop-http-auth-signature-secret
2024-03-04 13:00:25,478 [main] INFO  http.HttpRequestLog (HttpRequestLog.java:getRequestLog(86)) - Http request log for http.requests.ozoneManager is not defined
2024-03-04 13:00:25,479 [main] INFO  http.HttpServer2 (HttpServer2.java:addGlobalFilter(1036)) - Added global filter 'safety' (class=org.apache.hadoop.hdds.server.http.HttpServer2$QuotingInputFilter)
2024-03-04 13:00:25,479 [main] INFO  http.HttpServer2 (HttpServer2.java:addFilter(1012)) - Added filter static_user_filter (class=org.apache.hadoop.http.lib.StaticUserWebFilter$StaticUserFilter) to context ozoneManager
2024-03-04 13:00:25,479 [main] INFO  http.HttpServer2 (HttpServer2.java:addFilter(1020)) - Added filter static_user_filter (class=org.apache.hadoop.http.lib.StaticUserWebFilter$StaticUserFilter) to context static
2024-03-04 13:00:25,479 [main] INFO  http.HttpServer2 (HttpServer2.java:addFilter(1020)) - Added filter static_user_filter (class=org.apache.hadoop.http.lib.StaticUserWebFilter$StaticUserFilter) to context logs
2024-03-04 13:00:25,479 [main] INFO  http.BaseHttpServer (BaseHttpServer.java:<init>(189)) - HTTP server of ozoneManager uses base directory /home/runner/work/ozone/ozone/hadoop-ozone/integration-test/target/test-dir/MiniOzoneClusterImpl-42dd095f-3e4b-4e15-bcdd-4f5539ea9781/omNode-1/webserver
2024-03-04 13:00:25,480 [main] INFO  http.HttpServer2 (HttpServer2.java:bindListener(1236)) - Jetty bound to port 15177
2024-03-04 13:00:25,480 [main] INFO  server.Server (Server.java:doStart(375)) - jetty-9.4.53.v20231009; built: 2023-10-09T12:29:09.265Z; git: 27bde00a0b95a1d5bbee0eae7984f891d2d0f8c9; jvm 1.8.0_402-b06
2024-03-04 13:00:25,480 [main] INFO  server.session (DefaultSessionIdManager.java:doStart(334)) - DefaultSessionIdManager workerName=node0
2024-03-04 13:00:25,481 [main] INFO  server.session (DefaultSessionIdManager.java:doStart(339)) - No SessionScavenger set, using defaults
2024-03-04 13:00:25,481 [main] INFO  server.session (HouseKeeper.java:startScavenging(132)) - node0 Scavenging every 600000ms
2024-03-04 13:00:25,481 [main] INFO  handler.ContextHandler (ContextHandler.java:doStart(921)) - Started o.e.j.s.ServletContextHandler@7713192a{logs,/logs,file:///home/runner/work/ozone/ozone/hadoop-ozone/integration-test/target/log,AVAILABLE}
2024-03-04 13:00:25,481 [main] INFO  handler.ContextHandler (ContextHandler.java:doStart(921)) - Started o.e.j.s.ServletContextHandler@1cbd427c{static,/static,file:///home/runner/work/ozone/ozone/hadoop-ozone/integration-test/target/test-classes/webapps/static,AVAILABLE}
2024-03-04 13:00:25,483 [main] INFO  handler.ContextHandler (ContextHandler.java:doStart(921)) - Started o.e.j.w.WebAppContext@67b3c60f{ozoneManager,/,file:///home/runner/work/ozone/ozone/hadoop-ozone/integration-test/target/test-classes/webapps/ozoneManager/,AVAILABLE}{file:/home/runner/work/ozone/ozone/hadoop-ozone/integration-test/target/test-classes/webapps/ozoneManager}
2024-03-04 13:00:25,483 [main] INFO  server.AbstractConnector (AbstractConnector.java:doStart(333)) - Started ServerConnector@6bcc7181{HTTP/1.1, (http/1.1)}{0.0.0.0:15177}
2024-03-04 13:00:25,483 [main] INFO  server.Server (Server.java:doStart(415)) - Started @521067ms
2024-03-04 13:00:25,483 [main] WARN  impl.MetricsSystemImpl (MetricsSystemImpl.java:register(279)) - Sink prometheus already exists!
2024-03-04 13:00:25,484 [main] INFO  http.BaseHttpServer (BaseHttpServer.java:updateConnectorAddress(354)) - HTTP server of ozoneManager listening at http://0.0.0.0:15177
2024-03-04 13:00:25,484 [IPC Server Responder] INFO  ipc.Server (Server.java:run(1562)) - IPC Server Responder: starting
2024-03-04 13:00:25,484 [IPC Server listener on 15176] INFO  ipc.Server (Server.java:run(1402)) - IPC Server listener on 15176: starting
2024-03-04 13:00:25,487 [main] INFO  om.OzoneManager (OzoneManager.java:startTrashEmptier(2093)) - Trash Interval set to 0. Files deleted won't move to trash
2024-03-04 13:00:25,487 [main] INFO  ozone.MiniOzoneHAClusterImpl (MiniOzoneHAClusterImpl.java:createOMService(516)) - Started OzoneManager omNode-1 RPC server at localhost/127.0.0.1:15176
2024-03-04 13:00:25,488 [main] INFO  ha.OMHANodeDetails (OMHANodeDetails.java:loadOMHAConfig(121)) - ServiceID for OzoneManager is om-service-test1
2024-03-04 13:00:25,488 [main] INFO  ha.OMHANodeDetails (OMHANodeDetails.java:loadOMHAConfig(201)) - Found matching OM address with OMServiceId: om-service-test1, OMNodeId: omNode-2, RPC Address: localhost:15180 and Ratis port: 15183
2024-03-04 13:00:25,488 [main] INFO  ha.OMHANodeDetails (ConfUtils.java:setNodeSpecificConfigs(97)) - Setting configuration key ozone.om.http-address with value of key ozone.om.http-address.om-service-test1.omNode-2: 127.0.0.1:15181
2024-03-04 13:00:25,488 [main] INFO  ha.OMHANodeDetails (ConfUtils.java:setNodeSpecificConfigs(97)) - Setting configuration key ozone.om.https-address with value of key ozone.om.https-address.om-service-test1.omNode-2: 127.0.0.1:15182
2024-03-04 13:00:25,488 [main] INFO  ha.OMHANodeDetails (ConfUtils.java:setNodeSpecificConfigs(97)) - Setting configuration key ozone.om.address with value of key ozone.om.address.om-service-test1.omNode-2: 127.0.0.1:15180
2024-03-04 13:00:25,488 [main] WARN  server.ServerUtils (ServerUtils.java:getDBPath(299)) - ozone.om.db.dirs is not configured. We recommend adding this setting. Falling back to ozone.metadata.dirs instead.
2024-03-04 13:00:25,489 [main] INFO  proxy.SCMBlockLocationFailoverProxyProvider (SCMBlockLocationFailoverProxyProvider.java:<init>(115)) - Created block location fail-over proxy with 1 nodes: [nodeId=scmNodeId,nodeAddress=/0.0.0.0:15173]
OM initialization succeeded.Current cluster id for sd=/home/runner/work/ozone/ozone/hadoop-ozone/integration-test/target/test-dir/MiniOzoneClusterImpl-42dd095f-3e4b-4e15-bcdd-4f5539ea9781/omNode-2/om;cid=42dd095f-3e4b-4e15-bcdd-4f5539ea9781;layoutVersion=6
2024-03-04 13:00:25,496 [main] INFO  ha.OMHANodeDetails (OMHANodeDetails.java:loadOMHAConfig(121)) - ServiceID for OzoneManager is om-service-test1
2024-03-04 13:00:25,496 [main] INFO  ha.OMHANodeDetails (OMHANodeDetails.java:loadOMHAConfig(201)) - Found matching OM address with OMServiceId: om-service-test1, OMNodeId: omNode-2, RPC Address: localhost:15180 and Ratis port: 15183
2024-03-04 13:00:25,496 [main] INFO  ha.OMHANodeDetails (ConfUtils.java:setNodeSpecificConfigs(97)) - Setting configuration key ozone.om.http-address with value of key ozone.om.http-address.om-service-test1.omNode-2: 127.0.0.1:15181
2024-03-04 13:00:25,496 [main] INFO  ha.OMHANodeDetails (ConfUtils.java:setNodeSpecificConfigs(97)) - Setting configuration key ozone.om.https-address with value of key ozone.om.https-address.om-service-test1.omNode-2: 127.0.0.1:15182
2024-03-04 13:00:25,496 [main] INFO  ha.OMHANodeDetails (ConfUtils.java:setNodeSpecificConfigs(97)) - Setting configuration key ozone.om.address with value of key ozone.om.address.om-service-test1.omNode-2: 127.0.0.1:15180
2024-03-04 13:00:25,496 [main] WARN  server.ServerUtils (ServerUtils.java:getDBPath(299)) - ozone.om.db.dirs is not configured. We recommend adding this setting. Falling back to ozone.metadata.dirs instead.
2024-03-04 13:00:25,497 [main] INFO  upgrade.AbstractLayoutVersionManager (AbstractLayoutVersionManager.java:init(83)) - Initializing Layout version manager with metadata layout = QUOTA (version = 6), software layout = QUOTA (version = 6)
2024-03-04 13:00:25,528 [main] INFO  upgrade.OMLayoutVersionManager (OMLayoutVersionManager.java:lambda$0(113)) - Skipping Upgrade Action QuotaRepairUpgradeAction since it has been finalized.
2024-03-04 13:00:25,528 [main] INFO  upgrade.OMLayoutVersionManager (OMLayoutVersionManager.java:lambda$0(113)) - Skipping Upgrade Action MockOmUpgradeAction since it has been finalized.
2024-03-04 13:00:25,528 [main] WARN  server.ServerUtils (ServerUtils.java:getDBPath(299)) - ozone.om.db.dirs is not configured. We recommend adding this setting. Falling back to ozone.metadata.dirs instead.
2024-03-04 13:00:25,529 [main] INFO  proxy.SCMBlockLocationFailoverProxyProvider (SCMBlockLocationFailoverProxyProvider.java:<init>(115)) - Created block location fail-over proxy with 1 nodes: [nodeId=scmNodeId,nodeAddress=/0.0.0.0:15173]
2024-03-04 13:00:25,530 [main] INFO  proxy.SCMBlockLocationFailoverProxyProvider (SCMBlockLocationFailoverProxyProvider.java:<init>(115)) - Created block location fail-over proxy with 1 nodes: [nodeId=scmNodeId,nodeAddress=/0.0.0.0:15173]
2024-03-04 13:00:25,534 [main] INFO  om.OzoneManager (OzoneManager.java:<init>(672)) - OM start with adminUsers: [*, runner]
2024-03-04 13:00:25,534 [main] WARN  server.ServerUtils (ServerUtils.java:getDBPath(299)) - ozone.om.db.dirs is not configured. We recommend adding this setting. Falling back to ozone.metadata.dirs instead.
2024-03-04 13:00:25,534 [main] INFO  helpers.OmKeyInfo (OmKeyInfo.java:getCodec(71)) - OmKeyInfo.getCodec ignorePipeline = true
2024-03-04 13:00:25,661 [main] INFO  om.OzoneManager (OzoneManager.java:instantiateServices(804)) - S3 Multi-Tenancy is disabled
2024-03-04 13:00:25,662 [main] INFO  om.OmSnapshotManager (OmSnapshotManager.java:<init>(177)) - Ozone filesystem snapshot feature is enabled.
2024-03-04 13:00:25,662 [main] WARN  server.ServerUtils (ServerUtils.java:getDBPath(299)) - ozone.om.snapshot.diff.db.dir is not configured. We recommend adding this setting. Falling back to ozone.metadata.dirs instead.
2024-03-04 13:00:25,676 [main] INFO  utils.NativeLibraryLoader (NativeLibraryLoader.java:loadLibrary(108)) - Loading Library: ozone_rocksdb_tools
2024-03-04 13:00:25,677 [main] ERROR snapshot.SnapshotDiffManager (SnapshotDiffManager.java:initNativeLibraryForEfficientDiff(287)) - Native Library for raw sst file reading loading failed.
org.apache.hadoop.hdds.utils.NativeLibraryNotLoadedException: Unable to load library ozone_rocksdb_tools from both java.library.path & resource file libozone_rocksdb_tools.so from jar.
	at org.apache.hadoop.hdds.utils.db.managed.ManagedRawSSTFileReader.loadLibrary(ManagedRawSSTFileReader.java:38)
	at org.apache.hadoop.ozone.om.snapshot.SnapshotDiffManager.initNativeLibraryForEfficientDiff(SnapshotDiffManager.java:285)
	at org.apache.hadoop.ozone.om.snapshot.SnapshotDiffManager.<init>(SnapshotDiffManager.java:259)
	at org.apache.hadoop.ozone.om.OmSnapshotManager.<init>(OmSnapshotManager.java:279)
	at org.apache.hadoop.ozone.om.OzoneManager.instantiateServices(OzoneManager.java:856)
	at org.apache.hadoop.ozone.om.OzoneManager.<init>(OzoneManager.java:682)
	at org.apache.hadoop.ozone.om.OzoneManager.createOm(OzoneManager.java:767)
	at org.apache.hadoop.ozone.MiniOzoneHAClusterImpl$Builder.createOMService(MiniOzoneHAClusterImpl.java:509)
	at org.apache.hadoop.ozone.MiniOzoneHAClusterImpl$Builder.build(MiniOzoneHAClusterImpl.java:425)
	at org.apache.hadoop.ozone.om.TestOzoneManagerHA.init(TestOzoneManagerHA.java:179)
	at sun.reflect.NativeMethodAccessorImpl.invoke0(Native Method)
	at sun.reflect.NativeMethodAccessorImpl.invoke(NativeMethodAccessorImpl.java:62)
	at sun.reflect.DelegatingMethodAccessorImpl.invoke(DelegatingMethodAccessorImpl.java:43)
	at java.lang.reflect.Method.invoke(Method.java:498)
	at org.junit.platform.commons.util.ReflectionUtils.invokeMethod(ReflectionUtils.java:728)
	at org.junit.jupiter.engine.execution.MethodInvocation.proceed(MethodInvocation.java:60)
	at org.junit.jupiter.engine.execution.InvocationInterceptorChain$ValidatingInvocation.proceed(InvocationInterceptorChain.java:131)
	at org.junit.jupiter.engine.extension.TimeoutExtension.intercept(TimeoutExtension.java:156)
	at org.junit.jupiter.engine.extension.TimeoutExtension.interceptLifecycleMethod(TimeoutExtension.java:128)
	at org.junit.jupiter.engine.extension.TimeoutExtension.interceptBeforeAllMethod(TimeoutExtension.java:70)
	at org.junit.jupiter.engine.execution.InterceptingExecutableInvoker$ReflectiveInterceptorCall.lambda$ofVoidMethod$0(InterceptingExecutableInvoker.java:103)
	at org.junit.jupiter.engine.execution.InterceptingExecutableInvoker.lambda$invoke$0(InterceptingExecutableInvoker.java:93)
	at org.junit.jupiter.engine.execution.InvocationInterceptorChain$InterceptedInvocation.proceed(InvocationInterceptorChain.java:106)
	at org.junit.jupiter.engine.execution.InvocationInterceptorChain.proceed(InvocationInterceptorChain.java:64)
	at org.junit.jupiter.engine.execution.InvocationInterceptorChain.chainAndInvoke(InvocationInterceptorChain.java:45)
	at org.junit.jupiter.engine.execution.InvocationInterceptorChain.invoke(InvocationInterceptorChain.java:37)
	at org.junit.jupiter.engine.execution.InterceptingExecutableInvoker.invoke(InterceptingExecutableInvoker.java:92)
	at org.junit.jupiter.engine.execution.InterceptingExecutableInvoker.invoke(InterceptingExecutableInvoker.java:86)
	at org.junit.jupiter.engine.descriptor.ClassBasedTestDescriptor.lambda$invokeBeforeAllMethods$13(ClassBasedTestDescriptor.java:412)
	at org.junit.platform.engine.support.hierarchical.ThrowableCollector.execute(ThrowableCollector.java:73)
	at org.junit.jupiter.engine.descriptor.ClassBasedTestDescriptor.invokeBeforeAllMethods(ClassBasedTestDescriptor.java:410)
	at org.junit.jupiter.engine.descriptor.ClassBasedTestDescriptor.before(ClassBasedTestDescriptor.java:216)
	at org.junit.jupiter.engine.descriptor.ClassBasedTestDescriptor.before(ClassBasedTestDescriptor.java:85)
	at org.junit.platform.engine.support.hierarchical.NodeTestTask.lambda$executeRecursively$6(NodeTestTask.java:148)
	at org.junit.platform.engine.support.hierarchical.ThrowableCollector.execute(ThrowableCollector.java:73)
	at org.junit.platform.engine.support.hierarchical.NodeTestTask.lambda$executeRecursively$8(NodeTestTask.java:141)
	at org.junit.platform.engine.support.hierarchical.Node.around(Node.java:137)
	at org.junit.platform.engine.support.hierarchical.NodeTestTask.lambda$executeRecursively$9(NodeTestTask.java:139)
	at org.junit.platform.engine.support.hierarchical.ThrowableCollector.execute(ThrowableCollector.java:73)
	at org.junit.platform.engine.support.hierarchical.NodeTestTask.executeRecursively(NodeTestTask.java:138)
	at org.junit.platform.engine.support.hierarchical.NodeTestTask.execute(NodeTestTask.java:95)
	at java.util.ArrayList.forEach(ArrayList.java:1259)
	at org.junit.platform.engine.support.hierarchical.SameThreadHierarchicalTestExecutorService.invokeAll(SameThreadHierarchicalTestExecutorService.java:41)
	at org.junit.platform.engine.support.hierarchical.NodeTestTask.lambda$executeRecursively$6(NodeTestTask.java:155)
	at org.junit.platform.engine.support.hierarchical.ThrowableCollector.execute(ThrowableCollector.java:73)
	at org.junit.platform.engine.support.hierarchical.NodeTestTask.lambda$executeRecursively$8(NodeTestTask.java:141)
	at org.junit.platform.engine.support.hierarchical.Node.around(Node.java:137)
	at org.junit.platform.engine.support.hierarchical.NodeTestTask.lambda$executeRecursively$9(NodeTestTask.java:139)
	at org.junit.platform.engine.support.hierarchical.ThrowableCollector.execute(ThrowableCollector.java:73)
	at org.junit.platform.engine.support.hierarchical.NodeTestTask.executeRecursively(NodeTestTask.java:138)
	at org.junit.platform.engine.support.hierarchical.NodeTestTask.execute(NodeTestTask.java:95)
	at org.junit.platform.engine.support.hierarchical.SameThreadHierarchicalTestExecutorService.submit(SameThreadHierarchicalTestExecutorService.java:35)
	at org.junit.platform.engine.support.hierarchical.HierarchicalTestExecutor.execute(HierarchicalTestExecutor.java:57)
	at org.junit.platform.engine.support.hierarchical.HierarchicalTestEngine.execute(HierarchicalTestEngine.java:54)
	at org.junit.platform.launcher.core.EngineExecutionOrchestrator.execute(EngineExecutionOrchestrator.java:198)
	at org.junit.platform.launcher.core.EngineExecutionOrchestrator.execute(EngineExecutionOrchestrator.java:169)
	at org.junit.platform.launcher.core.EngineExecutionOrchestrator.execute(EngineExecutionOrchestrator.java:93)
	at org.junit.platform.launcher.core.EngineExecutionOrchestrator.lambda$execute$0(EngineExecutionOrchestrator.java:58)
	at org.junit.platform.launcher.core.EngineExecutionOrchestrator.withInterceptedStreams(EngineExecutionOrchestrator.java:141)
	at org.junit.platform.launcher.core.EngineExecutionOrchestrator.execute(EngineExecutionOrchestrator.java:57)
	at org.junit.platform.launcher.core.DefaultLauncher.execute(DefaultLauncher.java:103)
	at org.junit.platform.launcher.core.DefaultLauncher.execute(DefaultLauncher.java:85)
	at org.junit.platform.launcher.core.DelegatingLauncher.execute(DelegatingLauncher.java:47)
	at org.junit.platform.launcher.core.SessionPerRequestLauncher.execute(SessionPerRequestLauncher.java:63)
	at org.apache.maven.surefire.junitplatform.JUnitPlatformProvider.invokeAllTests(JUnitPlatformProvider.java:165)
	at org.apache.maven.surefire.junitplatform.JUnitPlatformProvider.invoke(JUnitPlatformProvider.java:124)
	at org.apache.maven.surefire.booter.ForkedBooter.runSuitesInProcess(ForkedBooter.java:428)
	at org.apache.maven.surefire.booter.ForkedBooter.execute(ForkedBooter.java:162)
	at org.apache.maven.surefire.booter.ForkedBooter.run(ForkedBooter.java:562)
	at org.apache.maven.surefire.booter.ForkedBooter.main(ForkedBooter.java:548)
2024-03-04 13:00:25,679 [main] INFO  om.OzoneManager (OzoneManager.java:addS3GVolumeToDB(4426)) - Created Volume s3v With Owner runner required for S3Gateway operations.
2024-03-04 13:00:25,679 [main] WARN  server.ServerUtils (ServerUtils.java:getDefaultRatisDirectory(311)) - Storage directory for Ratis is not configured. It is a good idea to map this to an SSD disk. Falling back to ozone.metadata.dirs
2024-03-04 13:00:25,679 [main] WARN  utils.OzoneManagerRatisUtils (OzoneManagerRatisUtils.java:getOMRatisSnapshotDirectory(476)) - ozone.om.ratis.snapshot.dir is not configured. Falling back to ozone.metadata.dirs config
2024-03-04 13:00:25,679 [main] INFO  utils.RDBSnapshotProvider (RDBSnapshotProvider.java:init(87)) - Cleaning up the candidate dir: /home/runner/work/ozone/ozone/hadoop-ozone/integration-test/target/test-dir/MiniOzoneClusterImpl-42dd095f-3e4b-4e15-bcdd-4f5539ea9781/omNode-2/snapshot/om.db.candidate
2024-03-04 13:00:25,680 [main] INFO  ratis_snapshot.OmRatisSnapshotProvider (OmRatisSnapshotProvider.java:<init>(99)) - Initializing OM Snapshot Provider
2024-03-04 13:00:25,681 [main] WARN  dropwizard3.Dm3MetricRegistriesImpl (Dm3MetricRegistriesImpl.java:addReporterRegistration(113)) - New reporters are added after registries were created. Some metrics will be missing from the reporter. Please add reporter before adding any new registry.
2024-03-04 13:00:25,681 [main] WARN  dropwizard3.Dm3MetricRegistriesImpl (Dm3MetricRegistriesImpl.java:addReporterRegistration(113)) - New reporters are added after registries were created. Some metrics will be missing from the reporter. Please add reporter before adding any new registry.
2024-03-04 13:00:25,681 [main] WARN  server.ServerUtils (ServerUtils.java:getDefaultRatisDirectory(311)) - Storage directory for Ratis is not configured. It is a good idea to map this to an SSD disk. Falling back to ozone.metadata.dirs
2024-03-04 13:00:25,682 [main] INFO  ratis.OzoneManagerRatisServer (OzoneManagerRatisServer.java:<init>(167)) - Instantiating OM Ratis server with groupID: om-service-test1 and peers: localhost:15183, localhost:15187, localhost:15179
2024-03-04 13:00:25,682 [main] INFO  ratis.OzoneManagerStateMachine (OzoneManagerStateMachine.java:loadSnapshotInfoFromDB(575)) - TransactionInfo not found in OM DB.
2024-03-04 13:00:25,682 [main] INFO  server.RaftServer (ConfUtils.java:logGet(46)) - raft.rpc.type = GRPC (default)
2024-03-04 13:00:25,682 [main] INFO  grpc.GrpcConfigKeys (ConfUtils.java:logFallback(53)) - raft.grpc.admin.host = null (fallback to raft.grpc.server.host)
2024-03-04 13:00:25,683 [main] INFO  grpc.GrpcConfigKeys (ConfUtils.java:logFallback(53)) - raft.grpc.admin.port = 15183 (fallback to raft.grpc.server.port)
2024-03-04 13:00:25,683 [main] INFO  grpc.GrpcConfigKeys (ConfUtils.java:logFallback(53)) - raft.grpc.client.host = null (fallback to raft.grpc.server.host)
2024-03-04 13:00:25,683 [main] INFO  grpc.GrpcConfigKeys (ConfUtils.java:logFallback(53)) - raft.grpc.client.port = 15183 (fallback to raft.grpc.server.port)
2024-03-04 13:00:25,683 [main] INFO  grpc.GrpcConfigKeys (ConfUtils.java:logGet(46)) - raft.grpc.server.host = null (default)
2024-03-04 13:00:25,683 [main] INFO  grpc.GrpcConfigKeys (ConfUtils.java:logGet(46)) - raft.grpc.server.port = 15183 (custom)
2024-03-04 13:00:25,683 [main] INFO  server.GrpcService (ConfUtils.java:logGet(46)) - raft.grpc.message.size.max = 4194304 (custom)
2024-03-04 13:00:25,684 [main] INFO  server.RaftServerConfigKeys (ConfUtils.java:logGet(46)) - raft.server.log.appender.buffer.byte-limit = 4194304 (custom)
2024-03-04 13:00:25,684 [main] INFO  server.GrpcService (ConfUtils.java:logGet(46)) - raft.grpc.flow.control.window = 1MB (=1048576) (default)
2024-03-04 13:00:25,684 [main] INFO  server.RaftServerConfigKeys (ConfUtils.java:logGet(46)) - raft.server.rpc.request.timeout = 3000ms (default)
2024-03-04 13:00:25,684 [main] INFO  grpc.GrpcConfigKeys (ConfUtils.java:logGet(46)) - raft.grpc.server.heartbeat.channel = true (default)
2024-03-04 13:00:25,684 [main] INFO  grpc.GrpcConfigKeys (ConfUtils.java:logGet(46)) - raft.grpc.server.async.request.thread.pool.cached = true (default)
2024-03-04 13:00:25,684 [main] INFO  grpc.GrpcConfigKeys (ConfUtils.java:logGet(46)) - raft.grpc.server.async.request.thread.pool.size = 32 (default)
2024-03-04 13:00:25,685 [main] INFO  impl.DataStreamServerImpl (ConfUtils.java:logGet(46)) - raft.datastream.type = DISABLED (default)
2024-03-04 13:00:25,686 [main] INFO  server.RaftServerConfigKeys (ConfUtils.java:logGet(46)) - raft.server.sleep.deviation.threshold = 300ms (default)
2024-03-04 13:00:25,686 [main] INFO  server.RaftServerConfigKeys (ConfUtils.java:logGet(46)) - raft.server.close.threshold = 60s (default)
2024-03-04 13:00:25,686 [main] INFO  server.RaftServerConfigKeys (ConfUtils.java:logGet(46)) - raft.server.leaderelection.leader.step-down.wait-time = 10s (default)
2024-03-04 13:00:25,686 [main] INFO  server.RaftServerConfigKeys (ConfUtils.java:logGet(46)) - raft.server.storage.dir = [/home/runner/work/ozone/ozone/hadoop-ozone/integration-test/target/test-dir/MiniOzoneClusterImpl-42dd095f-3e4b-4e15-bcdd-4f5539ea9781/omNode-2/ratis] (custom)
2024-03-04 13:00:25,686 [main] INFO  server.RaftServerConfigKeys (ConfUtils.java:logGet(46)) - raft.server.threadpool.proxy.cached = true (default)
2024-03-04 13:00:25,686 [main] INFO  server.RaftServerConfigKeys (ConfUtils.java:logGet(46)) - raft.server.threadpool.proxy.size = 0 (default)
2024-03-04 13:00:25,687 [main] INFO  server.RaftServer (RaftServerProxy.java:addNew(100)) - omNode-2: addNew group-523986131536:[omNode-3|localhost:15187, omNode-1|localhost:15179, omNode-2|localhost:15183] returns group-523986131536:java.util.concurrent.CompletableFuture@4c3a20cb[Not completed]
2024-03-04 13:00:25,687 [main] INFO  om.OzoneManager (OzoneManager.java:initializeRatisServer(2140)) - OzoneManager Ratis server initialized at port 15183
2024-03-04 13:00:25,687 [omNode-2-groupManagement] INFO  server.RaftServer$Division (RaftServerImpl.java:<init>(256)) - omNode-2: new RaftServerImpl for group-523986131536:[omNode-3|localhost:15187, omNode-1|localhost:15179, omNode-2|localhost:15183] with OzoneManagerStateMachine:uninitialized
2024-03-04 13:00:25,687 [main] INFO  om.OzoneManager (OzoneManager.java:getRpcServer(1206)) - Creating RPC Server
2024-03-04 13:00:25,687 [omNode-2-groupManagement] INFO  server.RaftServerConfigKeys (ConfUtils.java:logGet(46)) - raft.server.rpc.timeout.min = 1s (custom)
2024-03-04 13:00:25,687 [omNode-2-groupManagement] INFO  server.RaftServerConfigKeys (ConfUtils.java:logGet(46)) - raft.server.rpc.timeout.max = 1200ms (custom)
2024-03-04 13:00:25,687 [omNode-2-groupManagement] INFO  server.RaftServerConfigKeys (ConfUtils.java:logGet(46)) - raft.server.rpc.sleep.time = 25ms (default)
2024-03-04 13:00:25,687 [omNode-2-groupManagement] INFO  server.RaftServerConfigKeys (ConfUtils.java:logGet(46)) - raft.server.rpc.slowness.timeout = 2s (custom)
2024-03-04 13:00:25,687 [omNode-2-groupManagement] INFO  server.RaftServerConfigKeys (ConfUtils.java:logGet(46)) - raft.server.leaderelection.leader.step-down.wait-time = 10s (default)
2024-03-04 13:00:25,688 [omNode-2-groupManagement] INFO  server.RaftServerConfigKeys (ConfUtils.java:logGet(46)) - raft.server.leaderelection.member.majority-add = false (default)
2024-03-04 13:00:25,688 [omNode-2-groupManagement] INFO  server.RaftServerConfigKeys (ConfUtils.java:logGet(46)) - raft.server.sleep.deviation.threshold = 300ms (default)
2024-03-04 13:00:25,688 [omNode-2-groupManagement] INFO  server.RaftServer$Division (ServerState.java:<init>(113)) - omNode-2@group-523986131536: ConfigurationManager, init=-1: peers:[omNode-3|localhost:15187, omNode-1|localhost:15179, omNode-2|localhost:15183]|listeners:[], old=null, confs=<EMPTY_MAP>
2024-03-04 13:00:25,688 [omNode-2-groupManagement] INFO  server.RaftServerConfigKeys (ConfUtils.java:logGet(46)) - raft.server.notification.no-leader.timeout = 2s (custom)
2024-03-04 13:00:25,688 [omNode-2-groupManagement] INFO  server.RaftServerConfigKeys (ConfUtils.java:logGet(46)) - raft.server.read.timeout = 10s (default)
2024-03-04 13:00:25,688 [omNode-2-groupManagement] INFO  server.RaftServerConfigKeys (ConfUtils.java:logGet(46)) - raft.server.retrycache.expirytime = 30000ms (custom)
2024-03-04 13:00:25,688 [omNode-2-groupManagement] INFO  server.RaftServerConfigKeys (ConfUtils.java:logGet(46)) - raft.server.retrycache.statistics.expirytime = 100ms (default)
2024-03-04 13:00:25,688 [omNode-2-groupManagement] INFO  server.RaftServerConfigKeys (ConfUtils.java:logGet(46)) - raft.server.read.option = DEFAULT (default)
2024-03-04 13:00:25,688 [omNode-2-groupManagement] INFO  server.RaftServerConfigKeys (ConfUtils.java:logGet(46)) - raft.server.read.read-after-write-consistent.write-index-cache.expiry-time = 60s (default)
2024-03-04 13:00:25,689 [omNode-2-groupManagement] INFO  server.RaftServerConfigKeys (ConfUtils.java:logGet(46)) - raft.server.rpc.request.timeout = 3000ms (default)
2024-03-04 13:00:25,689 [omNode-2-groupManagement] INFO  server.RaftServerConfigKeys (ConfUtils.java:logGet(46)) - raft.server.log.appender.install.snapshot.enabled = false (custom)
2024-03-04 13:00:25,689 [omNode-2-groupManagement] INFO  server.RaftServerConfigKeys (ConfUtils.java:logGet(46)) - raft.server.threadpool.server.cached = true (default)
2024-03-04 13:00:25,689 [omNode-2-groupManagement] INFO  server.RaftServerConfigKeys (ConfUtils.java:logGet(46)) - raft.server.threadpool.server.size = 0 (default)
2024-03-04 13:00:25,689 [omNode-2-groupManagement] INFO  server.RaftServerConfigKeys (ConfUtils.java:logGet(46)) - raft.server.threadpool.client.cached = true (default)
2024-03-04 13:00:25,689 [omNode-2-groupManagement] INFO  server.RaftServerConfigKeys (ConfUtils.java:logGet(46)) - raft.server.threadpool.client.size = 0 (default)
2024-03-04 13:00:25,857 [main] INFO  ipc.CallQueueManager (CallQueueManager.java:<init>(90)) - Using callQueue: class java.util.concurrent.LinkedBlockingQueue, queueCapacity: 2000, scheduler: class org.apache.hadoop.ipc.DefaultRpcScheduler, ipcBackoff: false.
2024-03-04 13:00:25,857 [main] INFO  ipc.Server (Server.java:<init>(1287)) - Listener at 127.0.0.1:15180
2024-03-04 13:00:25,858 [Socket Reader #1 for port 15180] INFO  ipc.Server (Server.java:run(1323)) - Starting Socket Reader #1 for port 15180
2024-03-04 13:00:25,873 [main] INFO  impl.MetricsSystemImpl (MetricsSystemImpl.java:init(158)) - OzoneManager metrics system started (again)
2024-03-04 13:00:25,879 [main] INFO  om.OzoneManager (OzoneManager.java:start(1628)) - OzoneManager RPC server is listening at localhost/127.0.0.1:15180
2024-03-04 13:00:25,880 [main] INFO  ratis.OzoneManagerRatisServer (OzoneManagerRatisServer.java:start(588)) - Starting OzoneManagerRatisServer omNode-2 at port 15183
2024-03-04 13:00:25,880 [omNode-2-impl-thread1] INFO  server.RaftServerConfigKeys (ConfUtils.java:logGet(46)) - raft.server.storage.free-space.min = 0MB (=0) (default)
2024-03-04 13:00:25,880 [omNode-2-impl-thread1] INFO  server.RaftServerConfigKeys (ConfUtils.java:logGet(46)) - raft.server.log.corruption.policy = EXCEPTION (default)
2024-03-04 13:00:25,880 [omNode-2-impl-thread1] INFO  server.RaftServerConfigKeys (ConfUtils.java:logGet(46)) - raft.server.storage.dir = [/home/runner/work/ozone/ozone/hadoop-ozone/integration-test/target/test-dir/MiniOzoneClusterImpl-42dd095f-3e4b-4e15-bcdd-4f5539ea9781/omNode-2/ratis] (custom)
2024-03-04 13:00:25,880 [omNode-2-impl-thread1] INFO  storage.RaftStorageDirectory (RaftStorageDirectoryImpl.java:analyzeStorage(138)) - The storage directory /home/runner/work/ozone/ozone/hadoop-ozone/integration-test/target/test-dir/MiniOzoneClusterImpl-42dd095f-3e4b-4e15-bcdd-4f5539ea9781/omNode-2/ratis/c9bc4cf4-3bc3-3c60-a66b-523986131536 does not exist. Creating ...
2024-03-04 13:00:25,881 [omNode-2-impl-thread1] INFO  storage.RaftStorageDirectory (RaftStorageDirectoryImpl.java:tryLock(228)) - Lock on /home/runner/work/ozone/ozone/hadoop-ozone/integration-test/target/test-dir/MiniOzoneClusterImpl-42dd095f-3e4b-4e15-bcdd-4f5539ea9781/omNode-2/ratis/c9bc4cf4-3bc3-3c60-a66b-523986131536/in_use.lock acquired by nodename 41993@fv-az571-795
2024-03-04 13:00:25,882 [omNode-2-impl-thread1] INFO  storage.RaftStorage (RaftStorageImpl.java:format(99)) - Storage directory /home/runner/work/ozone/ozone/hadoop-ozone/integration-test/target/test-dir/MiniOzoneClusterImpl-42dd095f-3e4b-4e15-bcdd-4f5539ea9781/omNode-2/ratis/c9bc4cf4-3bc3-3c60-a66b-523986131536 has been successfully formatted.
2024-03-04 13:00:25,882 [omNode-2-impl-thread1] WARN  util.FileUtils (LogUtils.java:supplyAndLog(63)) - Failed to Files.newInputStream /home/runner/work/ozone/ozone/hadoop-ozone/integration-test/target/test-dir/MiniOzoneClusterImpl-42dd095f-3e4b-4e15-bcdd-4f5539ea9781/omNode-2/ratis/c9bc4cf4-3bc3-3c60-a66b-523986131536/current/raft-meta.conf with options []: java.nio.file.NoSuchFileException: /home/runner/work/ozone/ozone/hadoop-ozone/integration-test/target/test-dir/MiniOzoneClusterImpl-42dd095f-3e4b-4e15-bcdd-4f5539ea9781/omNode-2/ratis/c9bc4cf4-3bc3-3c60-a66b-523986131536/current/raft-meta.conf
2024-03-04 13:00:25,882 [omNode-2-impl-thread1] INFO  server.RaftServerConfigKeys (ConfUtils.java:logGet(46)) - raft.server.log.use.memory = false (default)
2024-03-04 13:00:25,883 [omNode-2-impl-thread1] INFO  server.RaftServerConfigKeys (ConfUtils.java:logGet(46)) - raft.server.log.purge.gap = 50 (custom)
2024-03-04 13:00:25,883 [omNode-2-impl-thread1] INFO  server.RaftServerConfigKeys (ConfUtils.java:logGet(46)) - raft.server.log.appender.buffer.byte-limit = 4194304 (custom)
2024-03-04 13:00:25,883 [omNode-2-impl-thread1] INFO  server.RaftServerConfigKeys (ConfUtils.java:logGet(46)) - raft.server.log.statemachine.data.read.timeout = 1000ms (default)
2024-03-04 13:00:25,883 [omNode-2-impl-thread1] INFO  server.RaftServerConfigKeys (ConfUtils.java:logGet(46)) - raft.server.log.purge.preservation.log.num = 0 (default)
2024-03-04 13:00:25,883 [omNode-2-impl-thread1] INFO  server.RaftServerConfigKeys (ConfUtils.java:logGet(46)) - raft.server.log.segment.size.max = 4194304 (custom)
2024-03-04 13:00:25,883 [omNode-2-impl-thread1] INFO  server.RaftServerConfigKeys (ConfUtils.java:logGet(46)) - raft.server.log.segment.cache.num.max = 2 (custom)
2024-03-04 13:00:25,883 [omNode-2-impl-thread1] INFO  server.RaftServerConfigKeys (ConfUtils.java:logGet(46)) - raft.server.log.segment.cache.size.max = 200MB (=209715200) (default)
2024-03-04 13:00:25,883 [omNode-2-impl-thread1] INFO  server.RaftServerConfigKeys (ConfUtils.java:logGet(46)) - raft.server.log.appender.buffer.byte-limit = 4194304 (custom)
2024-03-04 13:00:25,884 [omNode-2-impl-thread1] INFO  util.AwaitToRun (AwaitToRun.java:start(81)) - Thread[omNode-2@group-523986131536-cacheEviction-AwaitToRun,5,main] started
2024-03-04 13:00:25,884 [omNode-2-impl-thread1] INFO  segmented.SegmentedRaftLogWorker (SegmentedRaftLogWorker.java:<init>(182)) - new omNode-2@group-523986131536-SegmentedRaftLogWorker for RaftStorageImpl:Storage Directory /home/runner/work/ozone/ozone/hadoop-ozone/integration-test/target/test-dir/MiniOzoneClusterImpl-42dd095f-3e4b-4e15-bcdd-4f5539ea9781/omNode-2/ratis/c9bc4cf4-3bc3-3c60-a66b-523986131536
2024-03-04 13:00:25,884 [omNode-2-impl-thread1] INFO  server.RaftServerConfigKeys (ConfUtils.java:logGet(46)) - raft.server.log.queue.byte-limit = 64MB (=67108864) (default)
2024-03-04 13:00:25,884 [omNode-2-impl-thread1] INFO  server.RaftServerConfigKeys (ConfUtils.java:logGet(46)) - raft.server.log.queue.element-limit = 4096 (default)
2024-03-04 13:00:25,884 [omNode-2-impl-thread1] INFO  server.RaftServerConfigKeys (ConfUtils.java:logGet(46)) - raft.server.log.segment.size.max = 4194304 (custom)
2024-03-04 13:00:25,884 [omNode-2-impl-thread1] INFO  server.RaftServerConfigKeys (ConfUtils.java:logGet(46)) - raft.server.log.preallocated.size = 4194304 (custom)
2024-03-04 13:00:25,884 [omNode-2-impl-thread1] INFO  server.RaftServerConfigKeys (ConfUtils.java:logGet(46)) - raft.server.log.force.sync.num = 128 (default)
2024-03-04 13:00:25,884 [omNode-2-impl-thread1] INFO  server.RaftServerConfigKeys (ConfUtils.java:logGet(46)) - raft.server.log.statemachine.data.sync = true (default)
2024-03-04 13:00:25,884 [omNode-2-impl-thread1] INFO  server.RaftServerConfigKeys (ConfUtils.java:logGet(46)) - raft.server.log.statemachine.data.sync.timeout = 10s (default)
2024-03-04 13:00:25,884 [omNode-2-impl-thread1] INFO  server.RaftServerConfigKeys (ConfUtils.java:logGet(46)) - raft.server.log.statemachine.data.sync.timeout.retry = -1 (default)
2024-03-04 13:00:25,884 [omNode-2-impl-thread1] INFO  server.RaftServerConfigKeys (ConfUtils.java:logGet(46)) - raft.server.log.write.buffer.size = 4194312 (custom)
2024-03-04 13:00:25,885 [omNode-2-impl-thread1] INFO  server.RaftServerConfigKeys (ConfUtils.java:logGet(46)) - raft.server.log.appender.buffer.byte-limit = 4194304 (custom)
2024-03-04 13:00:25,885 [omNode-2-impl-thread1] INFO  server.RaftServerConfigKeys (ConfUtils.java:logGet(46)) - raft.server.log.unsafe-flush.enabled = false (default)
2024-03-04 13:00:25,885 [omNode-2-impl-thread1] INFO  server.RaftServerConfigKeys (ConfUtils.java:logGet(46)) - raft.server.log.async-flush.enabled = false (default)
2024-03-04 13:00:25,885 [omNode-2-impl-thread1] INFO  server.RaftServerConfigKeys (ConfUtils.java:logGet(46)) - raft.server.log.statemachine.data.caching.enabled = false (default)
2024-03-04 13:00:25,885 [omNode-2-impl-thread1] INFO  segmented.SegmentedRaftLogWorker (SegmentedRaftLogWorker.java:lambda$new$0(134)) - omNode-2@group-523986131536-SegmentedRaftLogWorker: flushIndex: setUnconditionally 0 -> -1
2024-03-04 13:00:25,885 [omNode-2-impl-thread1] INFO  segmented.SegmentedRaftLogWorker (SegmentedRaftLogWorker.java:lambda$new$0(134)) - omNode-2@group-523986131536-SegmentedRaftLogWorker: safeCacheEvictIndex: setUnconditionally 0 -> -1
2024-03-04 13:00:25,885 [omNode-2-impl-thread1] INFO  server.RaftServer$Division (RaftServerImpl.java:start(396)) - omNode-2@group-523986131536: start as a follower, conf=-1: peers:[omNode-3|localhost:15187, omNode-1|localhost:15179, omNode-2|localhost:15183]|listeners:[], old=null
2024-03-04 13:00:25,885 [omNode-2-impl-thread1] INFO  server.RaftServer$Division (RaftServerImpl.java:setRole(383)) - omNode-2@group-523986131536: changes role from      null to FOLLOWER at term 0 for startAsFollower
2024-03-04 13:00:25,885 [omNode-2-impl-thread1] INFO  impl.RoleInfo (RoleInfo.java:updateAndGet(139)) - omNode-2: start omNode-2@group-523986131536-FollowerState
2024-03-04 13:00:25,886 [omNode-2-impl-thread1] INFO  util.JmxRegister (JmxRegister.java:tryRegister(44)) - Successfully registered JMX Bean with object name Ratis:service=RaftServer,group=group-523986131536,id=omNode-2
2024-03-04 13:00:25,886 [omNode-2-impl-thread1] INFO  server.RaftServerConfigKeys (ConfUtils.java:logGet(46)) - raft.server.snapshot.trigger-when-stop.enabled = true (default)
2024-03-04 13:00:25,886 [omNode-2-impl-thread1] INFO  server.RaftServerConfigKeys (ConfUtils.java:logGet(46)) - raft.server.snapshot.auto.trigger.enabled = true (custom)
2024-03-04 13:00:25,886 [omNode-2-impl-thread1] INFO  server.RaftServerConfigKeys (ConfUtils.java:logGet(46)) - raft.server.snapshot.auto.trigger.threshold = 50 (custom)
2024-03-04 13:00:25,886 [omNode-2-impl-thread1] INFO  server.RaftServerConfigKeys (ConfUtils.java:logGet(46)) - raft.server.snapshot.retention.file.num = -1 (default)
2024-03-04 13:00:25,886 [omNode-2-impl-thread1] INFO  server.RaftServerConfigKeys (ConfUtils.java:logGet(46)) - raft.server.log.purge.upto.snapshot.index = true (custom)
2024-03-04 13:00:25,886 [main] INFO  server.RaftServer (RaftServerProxy.java:startImpl(406)) - omNode-2: start RPC server
2024-03-04 13:00:25,886 [omNode-2@group-523986131536-FollowerState] INFO  server.RaftServerConfigKeys (ConfUtils.java:logFallback(53)) - raft.server.rpc.first-election.timeout.min = 1s (fallback to raft.server.rpc.timeout.min)
2024-03-04 13:00:25,887 [omNode-2@group-523986131536-FollowerState] INFO  server.RaftServerConfigKeys (ConfUtils.java:logFallback(53)) - raft.server.rpc.first-election.timeout.max = 1200ms (fallback to raft.server.rpc.timeout.max)
2024-03-04 13:00:25,887 [main] INFO  server.GrpcService (GrpcService.java:startImpl(302)) - omNode-2: GrpcService started, listening on 15183
2024-03-04 13:00:25,888 [JvmPauseMonitor51] INFO  util.JvmPauseMonitor (JvmPauseMonitor.java:run(146)) - JvmPauseMonitor-omNode-2: Started
2024-03-04 13:00:25,888 [main] INFO  om.OzoneManager (OzoneManager.java:start(1644)) - Version File has different layout version (6) than OM DB (null). That is expected if this OM has never been finalized to a newer layout version.
2024-03-04 13:00:25,890 [main] INFO  http.BaseHttpServer (BaseHttpServer.java:newHttpServer2BuilderForOzone(223)) - Starting Web-server for ozoneManager at: http://0.0.0.0:15181
2024-03-04 13:00:25,890 [main] INFO  http.BaseHttpServer (BaseHttpServer.java:<init>(110)) - Hadoop Security Enabled: false Ozone Security Enabled: false Ozone HTTP Security Enabled: false 
2024-03-04 13:00:25,891 [main] WARN  server.AuthenticationFilter (AuthenticationFilter.java:constructSecretProvider(240)) - Unable to initialize FileSignerSecretProvider, falling back to use random secrets. Reason: Could not read signature secret file: /home/runner/hadoop-http-auth-signature-secret
2024-03-04 13:00:25,891 [main] INFO  http.HttpRequestLog (HttpRequestLog.java:getRequestLog(86)) - Http request log for http.requests.ozoneManager is not defined
2024-03-04 13:00:25,892 [main] INFO  http.HttpServer2 (HttpServer2.java:addGlobalFilter(1036)) - Added global filter 'safety' (class=org.apache.hadoop.hdds.server.http.HttpServer2$QuotingInputFilter)
2024-03-04 13:00:25,892 [main] INFO  http.HttpServer2 (HttpServer2.java:addFilter(1012)) - Added filter static_user_filter (class=org.apache.hadoop.http.lib.StaticUserWebFilter$StaticUserFilter) to context ozoneManager
2024-03-04 13:00:25,893 [main] INFO  http.HttpServer2 (HttpServer2.java:addFilter(1020)) - Added filter static_user_filter (class=org.apache.hadoop.http.lib.StaticUserWebFilter$StaticUserFilter) to context logs
2024-03-04 13:00:25,893 [main] INFO  http.HttpServer2 (HttpServer2.java:addFilter(1020)) - Added filter static_user_filter (class=org.apache.hadoop.http.lib.StaticUserWebFilter$StaticUserFilter) to context static
2024-03-04 13:00:25,893 [main] INFO  http.BaseHttpServer (BaseHttpServer.java:<init>(189)) - HTTP server of ozoneManager uses base directory /home/runner/work/ozone/ozone/hadoop-ozone/integration-test/target/test-dir/MiniOzoneClusterImpl-42dd095f-3e4b-4e15-bcdd-4f5539ea9781/omNode-2/webserver
2024-03-04 13:00:25,893 [main] INFO  http.HttpServer2 (HttpServer2.java:bindListener(1236)) - Jetty bound to port 15181
2024-03-04 13:00:25,894 [main] INFO  server.Server (Server.java:doStart(375)) - jetty-9.4.53.v20231009; built: 2023-10-09T12:29:09.265Z; git: 27bde00a0b95a1d5bbee0eae7984f891d2d0f8c9; jvm 1.8.0_402-b06
2024-03-04 13:00:25,895 [main] INFO  server.session (DefaultSessionIdManager.java:doStart(334)) - DefaultSessionIdManager workerName=node0
2024-03-04 13:00:25,895 [main] INFO  server.session (DefaultSessionIdManager.java:doStart(339)) - No SessionScavenger set, using defaults
2024-03-04 13:00:25,895 [main] INFO  server.session (HouseKeeper.java:startScavenging(132)) - node0 Scavenging every 600000ms
2024-03-04 13:00:25,896 [main] INFO  handler.ContextHandler (ContextHandler.java:doStart(921)) - Started o.e.j.s.ServletContextHandler@51c09954{logs,/logs,file:///home/runner/work/ozone/ozone/hadoop-ozone/integration-test/target/log,AVAILABLE}
2024-03-04 13:00:25,896 [main] INFO  handler.ContextHandler (ContextHandler.java:doStart(921)) - Started o.e.j.s.ServletContextHandler@22155842{static,/static,file:///home/runner/work/ozone/ozone/hadoop-ozone/integration-test/target/test-classes/webapps/static,AVAILABLE}
2024-03-04 13:00:25,898 [main] INFO  handler.ContextHandler (ContextHandler.java:doStart(921)) - Started o.e.j.w.WebAppContext@4d56abb7{ozoneManager,/,file:///home/runner/work/ozone/ozone/hadoop-ozone/integration-test/target/test-classes/webapps/ozoneManager/,AVAILABLE}{file:/home/runner/work/ozone/ozone/hadoop-ozone/integration-test/target/test-classes/webapps/ozoneManager}
2024-03-04 13:00:25,899 [main] INFO  server.AbstractConnector (AbstractConnector.java:doStart(333)) - Started ServerConnector@67a261d{HTTP/1.1, (http/1.1)}{0.0.0.0:15181}
2024-03-04 13:00:25,899 [main] INFO  server.Server (Server.java:doStart(415)) - Started @521483ms
2024-03-04 13:00:25,899 [main] WARN  impl.MetricsSystemImpl (MetricsSystemImpl.java:register(279)) - Sink prometheus already exists!
2024-03-04 13:00:25,900 [main] INFO  http.BaseHttpServer (BaseHttpServer.java:updateConnectorAddress(354)) - HTTP server of ozoneManager listening at http://0.0.0.0:15181
2024-03-04 13:00:25,901 [IPC Server Responder] INFO  ipc.Server (Server.java:run(1562)) - IPC Server Responder: starting
2024-03-04 13:00:25,901 [IPC Server listener on 15180] INFO  ipc.Server (Server.java:run(1402)) - IPC Server listener on 15180: starting
2024-03-04 13:00:25,907 [main] INFO  om.OzoneManager (OzoneManager.java:startTrashEmptier(2093)) - Trash Interval set to 0. Files deleted won't move to trash
2024-03-04 13:00:25,907 [main] INFO  ozone.MiniOzoneHAClusterImpl (MiniOzoneHAClusterImpl.java:createOMService(516)) - Started OzoneManager omNode-2 RPC server at localhost/127.0.0.1:15180
2024-03-04 13:00:25,908 [main] INFO  ha.OMHANodeDetails (OMHANodeDetails.java:loadOMHAConfig(121)) - ServiceID for OzoneManager is om-service-test1
2024-03-04 13:00:25,908 [main] INFO  ha.OMHANodeDetails (OMHANodeDetails.java:loadOMHAConfig(201)) - Found matching OM address with OMServiceId: om-service-test1, OMNodeId: omNode-3, RPC Address: localhost:15184 and Ratis port: 15187
2024-03-04 13:00:25,908 [main] INFO  ha.OMHANodeDetails (ConfUtils.java:setNodeSpecificConfigs(97)) - Setting configuration key ozone.om.http-address with value of key ozone.om.http-address.om-service-test1.omNode-3: 127.0.0.1:15185
2024-03-04 13:00:25,908 [main] INFO  ha.OMHANodeDetails (ConfUtils.java:setNodeSpecificConfigs(97)) - Setting configuration key ozone.om.https-address with value of key ozone.om.https-address.om-service-test1.omNode-3: 127.0.0.1:15186
2024-03-04 13:00:25,909 [main] INFO  ha.OMHANodeDetails (ConfUtils.java:setNodeSpecificConfigs(97)) - Setting configuration key ozone.om.address with value of key ozone.om.address.om-service-test1.omNode-3: 127.0.0.1:15184
2024-03-04 13:00:25,909 [main] WARN  server.ServerUtils (ServerUtils.java:getDBPath(299)) - ozone.om.db.dirs is not configured. We recommend adding this setting. Falling back to ozone.metadata.dirs instead.
2024-03-04 13:00:25,910 [main] INFO  proxy.SCMBlockLocationFailoverProxyProvider (SCMBlockLocationFailoverProxyProvider.java:<init>(115)) - Created block location fail-over proxy with 1 nodes: [nodeId=scmNodeId,nodeAddress=/0.0.0.0:15173]
OM initialization succeeded.Current cluster id for sd=/home/runner/work/ozone/ozone/hadoop-ozone/integration-test/target/test-dir/MiniOzoneClusterImpl-42dd095f-3e4b-4e15-bcdd-4f5539ea9781/omNode-3/om;cid=42dd095f-3e4b-4e15-bcdd-4f5539ea9781;layoutVersion=6
2024-03-04 13:00:25,921 [main] INFO  ha.OMHANodeDetails (OMHANodeDetails.java:loadOMHAConfig(121)) - ServiceID for OzoneManager is om-service-test1
2024-03-04 13:00:25,921 [main] INFO  ha.OMHANodeDetails (OMHANodeDetails.java:loadOMHAConfig(201)) - Found matching OM address with OMServiceId: om-service-test1, OMNodeId: omNode-3, RPC Address: localhost:15184 and Ratis port: 15187
2024-03-04 13:00:25,921 [main] INFO  ha.OMHANodeDetails (ConfUtils.java:setNodeSpecificConfigs(97)) - Setting configuration key ozone.om.http-address with value of key ozone.om.http-address.om-service-test1.omNode-3: 127.0.0.1:15185
2024-03-04 13:00:25,921 [main] INFO  ha.OMHANodeDetails (ConfUtils.java:setNodeSpecificConfigs(97)) - Setting configuration key ozone.om.https-address with value of key ozone.om.https-address.om-service-test1.omNode-3: 127.0.0.1:15186
2024-03-04 13:00:25,922 [main] INFO  ha.OMHANodeDetails (ConfUtils.java:setNodeSpecificConfigs(97)) - Setting configuration key ozone.om.address with value of key ozone.om.address.om-service-test1.omNode-3: 127.0.0.1:15184
2024-03-04 13:00:25,922 [main] WARN  server.ServerUtils (ServerUtils.java:getDBPath(299)) - ozone.om.db.dirs is not configured. We recommend adding this setting. Falling back to ozone.metadata.dirs instead.
2024-03-04 13:00:25,923 [main] INFO  upgrade.AbstractLayoutVersionManager (AbstractLayoutVersionManager.java:init(83)) - Initializing Layout version manager with metadata layout = QUOTA (version = 6), software layout = QUOTA (version = 6)
2024-03-04 13:00:25,989 [main] INFO  upgrade.OMLayoutVersionManager (OMLayoutVersionManager.java:lambda$0(113)) - Skipping Upgrade Action QuotaRepairUpgradeAction since it has been finalized.
2024-03-04 13:00:25,989 [main] INFO  upgrade.OMLayoutVersionManager (OMLayoutVersionManager.java:lambda$0(113)) - Skipping Upgrade Action MockOmUpgradeAction since it has been finalized.
2024-03-04 13:00:25,990 [main] WARN  server.ServerUtils (ServerUtils.java:getDBPath(299)) - ozone.om.db.dirs is not configured. We recommend adding this setting. Falling back to ozone.metadata.dirs instead.
2024-03-04 13:00:25,990 [main] INFO  proxy.SCMBlockLocationFailoverProxyProvider (SCMBlockLocationFailoverProxyProvider.java:<init>(115)) - Created block location fail-over proxy with 1 nodes: [nodeId=scmNodeId,nodeAddress=/0.0.0.0:15173]
2024-03-04 13:00:25,991 [main] INFO  proxy.SCMBlockLocationFailoverProxyProvider (SCMBlockLocationFailoverProxyProvider.java:<init>(115)) - Created block location fail-over proxy with 1 nodes: [nodeId=scmNodeId,nodeAddress=/0.0.0.0:15173]
2024-03-04 13:00:25,995 [main] INFO  om.OzoneManager (OzoneManager.java:<init>(672)) - OM start with adminUsers: [*, runner]
2024-03-04 13:00:25,996 [main] WARN  server.ServerUtils (ServerUtils.java:getDBPath(299)) - ozone.om.db.dirs is not configured. We recommend adding this setting. Falling back to ozone.metadata.dirs instead.
2024-03-04 13:00:25,996 [main] INFO  helpers.OmKeyInfo (OmKeyInfo.java:getCodec(71)) - OmKeyInfo.getCodec ignorePipeline = true
2024-03-04 13:00:26,126 [main] INFO  om.OzoneManager (OzoneManager.java:instantiateServices(804)) - S3 Multi-Tenancy is disabled
2024-03-04 13:00:26,126 [main] INFO  om.OmSnapshotManager (OmSnapshotManager.java:<init>(177)) - Ozone filesystem snapshot feature is enabled.
2024-03-04 13:00:26,127 [main] WARN  server.ServerUtils (ServerUtils.java:getDBPath(299)) - ozone.om.snapshot.diff.db.dir is not configured. We recommend adding this setting. Falling back to ozone.metadata.dirs instead.
2024-03-04 13:00:26,141 [main] INFO  utils.NativeLibraryLoader (NativeLibraryLoader.java:loadLibrary(108)) - Loading Library: ozone_rocksdb_tools
2024-03-04 13:00:26,142 [main] ERROR snapshot.SnapshotDiffManager (SnapshotDiffManager.java:initNativeLibraryForEfficientDiff(287)) - Native Library for raw sst file reading loading failed.
org.apache.hadoop.hdds.utils.NativeLibraryNotLoadedException: Unable to load library ozone_rocksdb_tools from both java.library.path & resource file libozone_rocksdb_tools.so from jar.
	at org.apache.hadoop.hdds.utils.db.managed.ManagedRawSSTFileReader.loadLibrary(ManagedRawSSTFileReader.java:38)
	at org.apache.hadoop.ozone.om.snapshot.SnapshotDiffManager.initNativeLibraryForEfficientDiff(SnapshotDiffManager.java:285)
	at org.apache.hadoop.ozone.om.snapshot.SnapshotDiffManager.<init>(SnapshotDiffManager.java:259)
	at org.apache.hadoop.ozone.om.OmSnapshotManager.<init>(OmSnapshotManager.java:279)
	at org.apache.hadoop.ozone.om.OzoneManager.instantiateServices(OzoneManager.java:856)
	at org.apache.hadoop.ozone.om.OzoneManager.<init>(OzoneManager.java:682)
	at org.apache.hadoop.ozone.om.OzoneManager.createOm(OzoneManager.java:767)
	at org.apache.hadoop.ozone.MiniOzoneHAClusterImpl$Builder.createOMService(MiniOzoneHAClusterImpl.java:509)
	at org.apache.hadoop.ozone.MiniOzoneHAClusterImpl$Builder.build(MiniOzoneHAClusterImpl.java:425)
	at org.apache.hadoop.ozone.om.TestOzoneManagerHA.init(TestOzoneManagerHA.java:179)
	at sun.reflect.NativeMethodAccessorImpl.invoke0(Native Method)
	at sun.reflect.NativeMethodAccessorImpl.invoke(NativeMethodAccessorImpl.java:62)
	at sun.reflect.DelegatingMethodAccessorImpl.invoke(DelegatingMethodAccessorImpl.java:43)
	at java.lang.reflect.Method.invoke(Method.java:498)
	at org.junit.platform.commons.util.ReflectionUtils.invokeMethod(ReflectionUtils.java:728)
	at org.junit.jupiter.engine.execution.MethodInvocation.proceed(MethodInvocation.java:60)
	at org.junit.jupiter.engine.execution.InvocationInterceptorChain$ValidatingInvocation.proceed(InvocationInterceptorChain.java:131)
	at org.junit.jupiter.engine.extension.TimeoutExtension.intercept(TimeoutExtension.java:156)
	at org.junit.jupiter.engine.extension.TimeoutExtension.interceptLifecycleMethod(TimeoutExtension.java:128)
	at org.junit.jupiter.engine.extension.TimeoutExtension.interceptBeforeAllMethod(TimeoutExtension.java:70)
	at org.junit.jupiter.engine.execution.InterceptingExecutableInvoker$ReflectiveInterceptorCall.lambda$ofVoidMethod$0(InterceptingExecutableInvoker.java:103)
	at org.junit.jupiter.engine.execution.InterceptingExecutableInvoker.lambda$invoke$0(InterceptingExecutableInvoker.java:93)
	at org.junit.jupiter.engine.execution.InvocationInterceptorChain$InterceptedInvocation.proceed(InvocationInterceptorChain.java:106)
	at org.junit.jupiter.engine.execution.InvocationInterceptorChain.proceed(InvocationInterceptorChain.java:64)
	at org.junit.jupiter.engine.execution.InvocationInterceptorChain.chainAndInvoke(InvocationInterceptorChain.java:45)
	at org.junit.jupiter.engine.execution.InvocationInterceptorChain.invoke(InvocationInterceptorChain.java:37)
	at org.junit.jupiter.engine.execution.InterceptingExecutableInvoker.invoke(InterceptingExecutableInvoker.java:92)
	at org.junit.jupiter.engine.execution.InterceptingExecutableInvoker.invoke(InterceptingExecutableInvoker.java:86)
	at org.junit.jupiter.engine.descriptor.ClassBasedTestDescriptor.lambda$invokeBeforeAllMethods$13(ClassBasedTestDescriptor.java:412)
	at org.junit.platform.engine.support.hierarchical.ThrowableCollector.execute(ThrowableCollector.java:73)
	at org.junit.jupiter.engine.descriptor.ClassBasedTestDescriptor.invokeBeforeAllMethods(ClassBasedTestDescriptor.java:410)
	at org.junit.jupiter.engine.descriptor.ClassBasedTestDescriptor.before(ClassBasedTestDescriptor.java:216)
	at org.junit.jupiter.engine.descriptor.ClassBasedTestDescriptor.before(ClassBasedTestDescriptor.java:85)
	at org.junit.platform.engine.support.hierarchical.NodeTestTask.lambda$executeRecursively$6(NodeTestTask.java:148)
	at org.junit.platform.engine.support.hierarchical.ThrowableCollector.execute(ThrowableCollector.java:73)
	at org.junit.platform.engine.support.hierarchical.NodeTestTask.lambda$executeRecursively$8(NodeTestTask.java:141)
	at org.junit.platform.engine.support.hierarchical.Node.around(Node.java:137)
	at org.junit.platform.engine.support.hierarchical.NodeTestTask.lambda$executeRecursively$9(NodeTestTask.java:139)
	at org.junit.platform.engine.support.hierarchical.ThrowableCollector.execute(ThrowableCollector.java:73)
	at org.junit.platform.engine.support.hierarchical.NodeTestTask.executeRecursively(NodeTestTask.java:138)
	at org.junit.platform.engine.support.hierarchical.NodeTestTask.execute(NodeTestTask.java:95)
	at java.util.ArrayList.forEach(ArrayList.java:1259)
	at org.junit.platform.engine.support.hierarchical.SameThreadHierarchicalTestExecutorService.invokeAll(SameThreadHierarchicalTestExecutorService.java:41)
	at org.junit.platform.engine.support.hierarchical.NodeTestTask.lambda$executeRecursively$6(NodeTestTask.java:155)
	at org.junit.platform.engine.support.hierarchical.ThrowableCollector.execute(ThrowableCollector.java:73)
	at org.junit.platform.engine.support.hierarchical.NodeTestTask.lambda$executeRecursively$8(NodeTestTask.java:141)
	at org.junit.platform.engine.support.hierarchical.Node.around(Node.java:137)
	at org.junit.platform.engine.support.hierarchical.NodeTestTask.lambda$executeRecursively$9(NodeTestTask.java:139)
	at org.junit.platform.engine.support.hierarchical.ThrowableCollector.execute(ThrowableCollector.java:73)
	at org.junit.platform.engine.support.hierarchical.NodeTestTask.executeRecursively(NodeTestTask.java:138)
	at org.junit.platform.engine.support.hierarchical.NodeTestTask.execute(NodeTestTask.java:95)
	at org.junit.platform.engine.support.hierarchical.SameThreadHierarchicalTestExecutorService.submit(SameThreadHierarchicalTestExecutorService.java:35)
	at org.junit.platform.engine.support.hierarchical.HierarchicalTestExecutor.execute(HierarchicalTestExecutor.java:57)
	at org.junit.platform.engine.support.hierarchical.HierarchicalTestEngine.execute(HierarchicalTestEngine.java:54)
	at org.junit.platform.launcher.core.EngineExecutionOrchestrator.execute(EngineExecutionOrchestrator.java:198)
	at org.junit.platform.launcher.core.EngineExecutionOrchestrator.execute(EngineExecutionOrchestrator.java:169)
	at org.junit.platform.launcher.core.EngineExecutionOrchestrator.execute(EngineExecutionOrchestrator.java:93)
	at org.junit.platform.launcher.core.EngineExecutionOrchestrator.lambda$execute$0(EngineExecutionOrchestrator.java:58)
	at org.junit.platform.launcher.core.EngineExecutionOrchestrator.withInterceptedStreams(EngineExecutionOrchestrator.java:141)
	at org.junit.platform.launcher.core.EngineExecutionOrchestrator.execute(EngineExecutionOrchestrator.java:57)
	at org.junit.platform.launcher.core.DefaultLauncher.execute(DefaultLauncher.java:103)
	at org.junit.platform.launcher.core.DefaultLauncher.execute(DefaultLauncher.java:85)
	at org.junit.platform.launcher.core.DelegatingLauncher.execute(DelegatingLauncher.java:47)
	at org.junit.platform.launcher.core.SessionPerRequestLauncher.execute(SessionPerRequestLauncher.java:63)
	at org.apache.maven.surefire.junitplatform.JUnitPlatformProvider.invokeAllTests(JUnitPlatformProvider.java:165)
	at org.apache.maven.surefire.junitplatform.JUnitPlatformProvider.invoke(JUnitPlatformProvider.java:124)
	at org.apache.maven.surefire.booter.ForkedBooter.runSuitesInProcess(ForkedBooter.java:428)
	at org.apache.maven.surefire.booter.ForkedBooter.execute(ForkedBooter.java:162)
	at org.apache.maven.surefire.booter.ForkedBooter.run(ForkedBooter.java:562)
	at org.apache.maven.surefire.booter.ForkedBooter.main(ForkedBooter.java:548)
2024-03-04 13:00:26,143 [main] INFO  om.OzoneManager (OzoneManager.java:addS3GVolumeToDB(4426)) - Created Volume s3v With Owner runner required for S3Gateway operations.
2024-03-04 13:00:26,144 [main] WARN  server.ServerUtils (ServerUtils.java:getDefaultRatisDirectory(311)) - Storage directory for Ratis is not configured. It is a good idea to map this to an SSD disk. Falling back to ozone.metadata.dirs
2024-03-04 13:00:26,144 [main] WARN  utils.OzoneManagerRatisUtils (OzoneManagerRatisUtils.java:getOMRatisSnapshotDirectory(476)) - ozone.om.ratis.snapshot.dir is not configured. Falling back to ozone.metadata.dirs config
2024-03-04 13:00:26,144 [main] INFO  utils.RDBSnapshotProvider (RDBSnapshotProvider.java:init(87)) - Cleaning up the candidate dir: /home/runner/work/ozone/ozone/hadoop-ozone/integration-test/target/test-dir/MiniOzoneClusterImpl-42dd095f-3e4b-4e15-bcdd-4f5539ea9781/omNode-3/snapshot/om.db.candidate
2024-03-04 13:00:26,144 [main] INFO  ratis_snapshot.OmRatisSnapshotProvider (OmRatisSnapshotProvider.java:<init>(99)) - Initializing OM Snapshot Provider
2024-03-04 13:00:26,145 [main] WARN  dropwizard3.Dm3MetricRegistriesImpl (Dm3MetricRegistriesImpl.java:addReporterRegistration(113)) - New reporters are added after registries were created. Some metrics will be missing from the reporter. Please add reporter before adding any new registry.
2024-03-04 13:00:26,145 [main] WARN  dropwizard3.Dm3MetricRegistriesImpl (Dm3MetricRegistriesImpl.java:addReporterRegistration(113)) - New reporters are added after registries were created. Some metrics will be missing from the reporter. Please add reporter before adding any new registry.
2024-03-04 13:00:26,146 [main] WARN  server.ServerUtils (ServerUtils.java:getDefaultRatisDirectory(311)) - Storage directory for Ratis is not configured. It is a good idea to map this to an SSD disk. Falling back to ozone.metadata.dirs
2024-03-04 13:00:26,146 [main] INFO  ratis.OzoneManagerRatisServer (OzoneManagerRatisServer.java:<init>(167)) - Instantiating OM Ratis server with groupID: om-service-test1 and peers: localhost:15187, localhost:15179, localhost:15183
2024-03-04 13:00:26,146 [main] INFO  ratis.OzoneManagerStateMachine (OzoneManagerStateMachine.java:loadSnapshotInfoFromDB(575)) - TransactionInfo not found in OM DB.
2024-03-04 13:00:26,147 [main] INFO  server.RaftServer (ConfUtils.java:logGet(46)) - raft.rpc.type = GRPC (default)
2024-03-04 13:00:26,147 [main] INFO  grpc.GrpcConfigKeys (ConfUtils.java:logFallback(53)) - raft.grpc.admin.host = null (fallback to raft.grpc.server.host)
2024-03-04 13:00:26,147 [main] INFO  grpc.GrpcConfigKeys (ConfUtils.java:logFallback(53)) - raft.grpc.admin.port = 15187 (fallback to raft.grpc.server.port)
2024-03-04 13:00:26,147 [main] INFO  grpc.GrpcConfigKeys (ConfUtils.java:logFallback(53)) - raft.grpc.client.host = null (fallback to raft.grpc.server.host)
2024-03-04 13:00:26,147 [main] INFO  grpc.GrpcConfigKeys (ConfUtils.java:logFallback(53)) - raft.grpc.client.port = 15187 (fallback to raft.grpc.server.port)
2024-03-04 13:00:26,147 [main] INFO  grpc.GrpcConfigKeys (ConfUtils.java:logGet(46)) - raft.grpc.server.host = null (default)
2024-03-04 13:00:26,147 [main] INFO  grpc.GrpcConfigKeys (ConfUtils.java:logGet(46)) - raft.grpc.server.port = 15187 (custom)
2024-03-04 13:00:26,147 [main] INFO  server.GrpcService (ConfUtils.java:logGet(46)) - raft.grpc.message.size.max = 4194304 (custom)
2024-03-04 13:00:26,147 [main] INFO  server.RaftServerConfigKeys (ConfUtils.java:logGet(46)) - raft.server.log.appender.buffer.byte-limit = 4194304 (custom)
2024-03-04 13:00:26,148 [main] INFO  server.GrpcService (ConfUtils.java:logGet(46)) - raft.grpc.flow.control.window = 1MB (=1048576) (default)
2024-03-04 13:00:26,148 [main] INFO  server.RaftServerConfigKeys (ConfUtils.java:logGet(46)) - raft.server.rpc.request.timeout = 3000ms (default)
2024-03-04 13:00:26,148 [main] INFO  grpc.GrpcConfigKeys (ConfUtils.java:logGet(46)) - raft.grpc.server.heartbeat.channel = true (default)
2024-03-04 13:00:26,148 [main] INFO  grpc.GrpcConfigKeys (ConfUtils.java:logGet(46)) - raft.grpc.server.async.request.thread.pool.cached = true (default)
2024-03-04 13:00:26,148 [main] INFO  grpc.GrpcConfigKeys (ConfUtils.java:logGet(46)) - raft.grpc.server.async.request.thread.pool.size = 32 (default)
2024-03-04 13:00:26,149 [main] INFO  impl.DataStreamServerImpl (ConfUtils.java:logGet(46)) - raft.datastream.type = DISABLED (default)
2024-03-04 13:00:26,149 [main] INFO  server.RaftServerConfigKeys (ConfUtils.java:logGet(46)) - raft.server.sleep.deviation.threshold = 300ms (default)
2024-03-04 13:00:26,149 [main] INFO  server.RaftServerConfigKeys (ConfUtils.java:logGet(46)) - raft.server.close.threshold = 60s (default)
2024-03-04 13:00:26,149 [main] INFO  server.RaftServerConfigKeys (ConfUtils.java:logGet(46)) - raft.server.leaderelection.leader.step-down.wait-time = 10s (default)
2024-03-04 13:00:26,149 [main] INFO  server.RaftServerConfigKeys (ConfUtils.java:logGet(46)) - raft.server.storage.dir = [/home/runner/work/ozone/ozone/hadoop-ozone/integration-test/target/test-dir/MiniOzoneClusterImpl-42dd095f-3e4b-4e15-bcdd-4f5539ea9781/omNode-3/ratis] (custom)
2024-03-04 13:00:26,149 [main] INFO  server.RaftServerConfigKeys (ConfUtils.java:logGet(46)) - raft.server.threadpool.proxy.cached = true (default)
2024-03-04 13:00:26,149 [main] INFO  server.RaftServerConfigKeys (ConfUtils.java:logGet(46)) - raft.server.threadpool.proxy.size = 0 (default)
2024-03-04 13:00:26,150 [main] INFO  server.RaftServer (RaftServerProxy.java:addNew(100)) - omNode-3: addNew group-523986131536:[omNode-3|localhost:15187, omNode-1|localhost:15179, omNode-2|localhost:15183] returns group-523986131536:java.util.concurrent.CompletableFuture@2ccbde61[Not completed]
2024-03-04 13:00:26,150 [main] INFO  om.OzoneManager (OzoneManager.java:initializeRatisServer(2140)) - OzoneManager Ratis server initialized at port 15187
2024-03-04 13:00:26,150 [omNode-3-groupManagement] INFO  server.RaftServer$Division (RaftServerImpl.java:<init>(256)) - omNode-3: new RaftServerImpl for group-523986131536:[omNode-3|localhost:15187, omNode-1|localhost:15179, omNode-2|localhost:15183] with OzoneManagerStateMachine:uninitialized
2024-03-04 13:00:26,150 [main] INFO  om.OzoneManager (OzoneManager.java:getRpcServer(1206)) - Creating RPC Server
2024-03-04 13:00:26,150 [omNode-3-groupManagement] INFO  server.RaftServerConfigKeys (ConfUtils.java:logGet(46)) - raft.server.rpc.timeout.min = 1s (custom)
2024-03-04 13:00:26,150 [omNode-3-groupManagement] INFO  server.RaftServerConfigKeys (ConfUtils.java:logGet(46)) - raft.server.rpc.timeout.max = 1200ms (custom)
2024-03-04 13:00:26,150 [omNode-3-groupManagement] INFO  server.RaftServerConfigKeys (ConfUtils.java:logGet(46)) - raft.server.rpc.sleep.time = 25ms (default)
2024-03-04 13:00:26,150 [omNode-3-groupManagement] INFO  server.RaftServerConfigKeys (ConfUtils.java:logGet(46)) - raft.server.rpc.slowness.timeout = 2s (custom)
2024-03-04 13:00:26,150 [omNode-3-groupManagement] INFO  server.RaftServerConfigKeys (ConfUtils.java:logGet(46)) - raft.server.leaderelection.leader.step-down.wait-time = 10s (default)
2024-03-04 13:00:26,151 [omNode-3-groupManagement] INFO  server.RaftServerConfigKeys (ConfUtils.java:logGet(46)) - raft.server.leaderelection.member.majority-add = false (default)
2024-03-04 13:00:26,151 [omNode-3-groupManagement] INFO  server.RaftServerConfigKeys (ConfUtils.java:logGet(46)) - raft.server.sleep.deviation.threshold = 300ms (default)
2024-03-04 13:00:26,151 [omNode-3-groupManagement] INFO  server.RaftServer$Division (ServerState.java:<init>(113)) - omNode-3@group-523986131536: ConfigurationManager, init=-1: peers:[omNode-3|localhost:15187, omNode-1|localhost:15179, omNode-2|localhost:15183]|listeners:[], old=null, confs=<EMPTY_MAP>
2024-03-04 13:00:26,151 [omNode-3-groupManagement] INFO  server.RaftServerConfigKeys (ConfUtils.java:logGet(46)) - raft.server.notification.no-leader.timeout = 2s (custom)
2024-03-04 13:00:26,151 [omNode-3-groupManagement] INFO  server.RaftServerConfigKeys (ConfUtils.java:logGet(46)) - raft.server.read.timeout = 10s (default)
2024-03-04 13:00:26,151 [omNode-3-groupManagement] INFO  server.RaftServerConfigKeys (ConfUtils.java:logGet(46)) - raft.server.retrycache.expirytime = 30000ms (custom)
2024-03-04 13:00:26,151 [omNode-3-groupManagement] INFO  server.RaftServerConfigKeys (ConfUtils.java:logGet(46)) - raft.server.retrycache.statistics.expirytime = 100ms (default)
2024-03-04 13:00:26,151 [omNode-3-groupManagement] INFO  server.RaftServerConfigKeys (ConfUtils.java:logGet(46)) - raft.server.read.option = DEFAULT (default)
2024-03-04 13:00:26,151 [omNode-3-groupManagement] INFO  server.RaftServerConfigKeys (ConfUtils.java:logGet(46)) - raft.server.read.read-after-write-consistent.write-index-cache.expiry-time = 60s (default)
2024-03-04 13:00:26,152 [omNode-3-groupManagement] INFO  server.RaftServerConfigKeys (ConfUtils.java:logGet(46)) - raft.server.rpc.request.timeout = 3000ms (default)
2024-03-04 13:00:26,152 [omNode-3-groupManagement] INFO  server.RaftServerConfigKeys (ConfUtils.java:logGet(46)) - raft.server.log.appender.install.snapshot.enabled = false (custom)
2024-03-04 13:00:26,152 [omNode-3-groupManagement] INFO  server.RaftServerConfigKeys (ConfUtils.java:logGet(46)) - raft.server.threadpool.server.cached = true (default)
2024-03-04 13:00:26,152 [omNode-3-groupManagement] INFO  server.RaftServerConfigKeys (ConfUtils.java:logGet(46)) - raft.server.threadpool.server.size = 0 (default)
2024-03-04 13:00:26,152 [omNode-3-groupManagement] INFO  server.RaftServerConfigKeys (ConfUtils.java:logGet(46)) - raft.server.threadpool.client.cached = true (default)
2024-03-04 13:00:26,152 [omNode-3-groupManagement] INFO  server.RaftServerConfigKeys (ConfUtils.java:logGet(46)) - raft.server.threadpool.client.size = 0 (default)
2024-03-04 13:00:26,330 [main] INFO  ipc.CallQueueManager (CallQueueManager.java:<init>(90)) - Using callQueue: class java.util.concurrent.LinkedBlockingQueue, queueCapacity: 2000, scheduler: class org.apache.hadoop.ipc.DefaultRpcScheduler, ipcBackoff: false.
2024-03-04 13:00:26,330 [main] INFO  ipc.Server (Server.java:<init>(1287)) - Listener at 127.0.0.1:15184
2024-03-04 13:00:26,331 [Socket Reader #1 for port 15184] INFO  ipc.Server (Server.java:run(1323)) - Starting Socket Reader #1 for port 15184
2024-03-04 13:00:26,346 [main] INFO  impl.MetricsSystemImpl (MetricsSystemImpl.java:init(158)) - OzoneManager metrics system started (again)
2024-03-04 13:00:26,353 [main] INFO  om.OzoneManager (OzoneManager.java:start(1628)) - OzoneManager RPC server is listening at localhost/127.0.0.1:15184
2024-03-04 13:00:26,354 [main] INFO  ratis.OzoneManagerRatisServer (OzoneManagerRatisServer.java:start(588)) - Starting OzoneManagerRatisServer omNode-3 at port 15187
2024-03-04 13:00:26,354 [omNode-3-impl-thread1] INFO  server.RaftServerConfigKeys (ConfUtils.java:logGet(46)) - raft.server.storage.free-space.min = 0MB (=0) (default)
2024-03-04 13:00:26,354 [omNode-3-impl-thread1] INFO  server.RaftServerConfigKeys (ConfUtils.java:logGet(46)) - raft.server.log.corruption.policy = EXCEPTION (default)
2024-03-04 13:00:26,354 [omNode-3-impl-thread1] INFO  server.RaftServerConfigKeys (ConfUtils.java:logGet(46)) - raft.server.storage.dir = [/home/runner/work/ozone/ozone/hadoop-ozone/integration-test/target/test-dir/MiniOzoneClusterImpl-42dd095f-3e4b-4e15-bcdd-4f5539ea9781/omNode-3/ratis] (custom)
2024-03-04 13:00:26,354 [omNode-3-impl-thread1] INFO  storage.RaftStorageDirectory (RaftStorageDirectoryImpl.java:analyzeStorage(138)) - The storage directory /home/runner/work/ozone/ozone/hadoop-ozone/integration-test/target/test-dir/MiniOzoneClusterImpl-42dd095f-3e4b-4e15-bcdd-4f5539ea9781/omNode-3/ratis/c9bc4cf4-3bc3-3c60-a66b-523986131536 does not exist. Creating ...
2024-03-04 13:00:26,355 [omNode-3-impl-thread1] INFO  storage.RaftStorageDirectory (RaftStorageDirectoryImpl.java:tryLock(228)) - Lock on /home/runner/work/ozone/ozone/hadoop-ozone/integration-test/target/test-dir/MiniOzoneClusterImpl-42dd095f-3e4b-4e15-bcdd-4f5539ea9781/omNode-3/ratis/c9bc4cf4-3bc3-3c60-a66b-523986131536/in_use.lock acquired by nodename 41993@fv-az571-795
2024-03-04 13:00:26,356 [omNode-3-impl-thread1] INFO  storage.RaftStorage (RaftStorageImpl.java:format(99)) - Storage directory /home/runner/work/ozone/ozone/hadoop-ozone/integration-test/target/test-dir/MiniOzoneClusterImpl-42dd095f-3e4b-4e15-bcdd-4f5539ea9781/omNode-3/ratis/c9bc4cf4-3bc3-3c60-a66b-523986131536 has been successfully formatted.
2024-03-04 13:00:26,356 [omNode-3-impl-thread1] WARN  util.FileUtils (LogUtils.java:supplyAndLog(63)) - Failed to Files.newInputStream /home/runner/work/ozone/ozone/hadoop-ozone/integration-test/target/test-dir/MiniOzoneClusterImpl-42dd095f-3e4b-4e15-bcdd-4f5539ea9781/omNode-3/ratis/c9bc4cf4-3bc3-3c60-a66b-523986131536/current/raft-meta.conf with options []: java.nio.file.NoSuchFileException: /home/runner/work/ozone/ozone/hadoop-ozone/integration-test/target/test-dir/MiniOzoneClusterImpl-42dd095f-3e4b-4e15-bcdd-4f5539ea9781/omNode-3/ratis/c9bc4cf4-3bc3-3c60-a66b-523986131536/current/raft-meta.conf
2024-03-04 13:00:26,356 [omNode-3-impl-thread1] INFO  server.RaftServerConfigKeys (ConfUtils.java:logGet(46)) - raft.server.log.use.memory = false (default)
2024-03-04 13:00:26,356 [omNode-3-impl-thread1] INFO  server.RaftServerConfigKeys (ConfUtils.java:logGet(46)) - raft.server.log.purge.gap = 50 (custom)
2024-03-04 13:00:26,357 [omNode-3-impl-thread1] INFO  server.RaftServerConfigKeys (ConfUtils.java:logGet(46)) - raft.server.log.appender.buffer.byte-limit = 4194304 (custom)
2024-03-04 13:00:26,357 [omNode-3-impl-thread1] INFO  server.RaftServerConfigKeys (ConfUtils.java:logGet(46)) - raft.server.log.statemachine.data.read.timeout = 1000ms (default)
2024-03-04 13:00:26,357 [omNode-3-impl-thread1] INFO  server.RaftServerConfigKeys (ConfUtils.java:logGet(46)) - raft.server.log.purge.preservation.log.num = 0 (default)
2024-03-04 13:00:26,357 [omNode-3-impl-thread1] INFO  server.RaftServerConfigKeys (ConfUtils.java:logGet(46)) - raft.server.log.segment.size.max = 4194304 (custom)
2024-03-04 13:00:26,358 [omNode-3-impl-thread1] INFO  server.RaftServerConfigKeys (ConfUtils.java:logGet(46)) - raft.server.log.segment.cache.num.max = 2 (custom)
2024-03-04 13:00:26,358 [omNode-3-impl-thread1] INFO  server.RaftServerConfigKeys (ConfUtils.java:logGet(46)) - raft.server.log.segment.cache.size.max = 200MB (=209715200) (default)
2024-03-04 13:00:26,358 [omNode-3-impl-thread1] INFO  server.RaftServerConfigKeys (ConfUtils.java:logGet(46)) - raft.server.log.appender.buffer.byte-limit = 4194304 (custom)
2024-03-04 13:00:26,358 [omNode-3-impl-thread1] INFO  util.AwaitToRun (AwaitToRun.java:start(81)) - Thread[omNode-3@group-523986131536-cacheEviction-AwaitToRun,5,main] started
2024-03-04 13:00:26,358 [omNode-3-impl-thread1] INFO  segmented.SegmentedRaftLogWorker (SegmentedRaftLogWorker.java:<init>(182)) - new omNode-3@group-523986131536-SegmentedRaftLogWorker for RaftStorageImpl:Storage Directory /home/runner/work/ozone/ozone/hadoop-ozone/integration-test/target/test-dir/MiniOzoneClusterImpl-42dd095f-3e4b-4e15-bcdd-4f5539ea9781/omNode-3/ratis/c9bc4cf4-3bc3-3c60-a66b-523986131536
2024-03-04 13:00:26,358 [omNode-3-impl-thread1] INFO  server.RaftServerConfigKeys (ConfUtils.java:logGet(46)) - raft.server.log.queue.byte-limit = 64MB (=67108864) (default)
2024-03-04 13:00:26,358 [omNode-3-impl-thread1] INFO  server.RaftServerConfigKeys (ConfUtils.java:logGet(46)) - raft.server.log.queue.element-limit = 4096 (default)
2024-03-04 13:00:26,358 [omNode-3-impl-thread1] INFO  server.RaftServerConfigKeys (ConfUtils.java:logGet(46)) - raft.server.log.segment.size.max = 4194304 (custom)
2024-03-04 13:00:26,358 [omNode-3-impl-thread1] INFO  server.RaftServerConfigKeys (ConfUtils.java:logGet(46)) - raft.server.log.preallocated.size = 4194304 (custom)
2024-03-04 13:00:26,358 [omNode-3-impl-thread1] INFO  server.RaftServerConfigKeys (ConfUtils.java:logGet(46)) - raft.server.log.force.sync.num = 128 (default)
2024-03-04 13:00:26,358 [omNode-3-impl-thread1] INFO  server.RaftServerConfigKeys (ConfUtils.java:logGet(46)) - raft.server.log.statemachine.data.sync = true (default)
2024-03-04 13:00:26,358 [omNode-3-impl-thread1] INFO  server.RaftServerConfigKeys (ConfUtils.java:logGet(46)) - raft.server.log.statemachine.data.sync.timeout = 10s (default)
2024-03-04 13:00:26,358 [omNode-3-impl-thread1] INFO  server.RaftServerConfigKeys (ConfUtils.java:logGet(46)) - raft.server.log.statemachine.data.sync.timeout.retry = -1 (default)
2024-03-04 13:00:26,359 [omNode-3-impl-thread1] INFO  server.RaftServerConfigKeys (ConfUtils.java:logGet(46)) - raft.server.log.write.buffer.size = 4194312 (custom)
2024-03-04 13:00:26,360 [omNode-3-impl-thread1] INFO  server.RaftServerConfigKeys (ConfUtils.java:logGet(46)) - raft.server.log.appender.buffer.byte-limit = 4194304 (custom)
2024-03-04 13:00:26,360 [omNode-3-impl-thread1] INFO  server.RaftServerConfigKeys (ConfUtils.java:logGet(46)) - raft.server.log.unsafe-flush.enabled = false (default)
2024-03-04 13:00:26,360 [omNode-3-impl-thread1] INFO  server.RaftServerConfigKeys (ConfUtils.java:logGet(46)) - raft.server.log.async-flush.enabled = false (default)
2024-03-04 13:00:26,360 [omNode-3-impl-thread1] INFO  server.RaftServerConfigKeys (ConfUtils.java:logGet(46)) - raft.server.log.statemachine.data.caching.enabled = false (default)
2024-03-04 13:00:26,360 [omNode-3-impl-thread1] INFO  segmented.SegmentedRaftLogWorker (SegmentedRaftLogWorker.java:lambda$new$0(134)) - omNode-3@group-523986131536-SegmentedRaftLogWorker: flushIndex: setUnconditionally 0 -> -1
2024-03-04 13:00:26,360 [omNode-3-impl-thread1] INFO  segmented.SegmentedRaftLogWorker (SegmentedRaftLogWorker.java:lambda$new$0(134)) - omNode-3@group-523986131536-SegmentedRaftLogWorker: safeCacheEvictIndex: setUnconditionally 0 -> -1
2024-03-04 13:00:26,360 [omNode-3-impl-thread1] INFO  server.RaftServer$Division (RaftServerImpl.java:start(396)) - omNode-3@group-523986131536: start as a follower, conf=-1: peers:[omNode-3|localhost:15187, omNode-1|localhost:15179, omNode-2|localhost:15183]|listeners:[], old=null
2024-03-04 13:00:26,360 [omNode-3-impl-thread1] INFO  server.RaftServer$Division (RaftServerImpl.java:setRole(383)) - omNode-3@group-523986131536: changes role from      null to FOLLOWER at term 0 for startAsFollower
2024-03-04 13:00:26,360 [omNode-3-impl-thread1] INFO  impl.RoleInfo (RoleInfo.java:updateAndGet(139)) - omNode-3: start omNode-3@group-523986131536-FollowerState
2024-03-04 13:00:26,361 [omNode-3-impl-thread1] INFO  util.JmxRegister (JmxRegister.java:tryRegister(44)) - Successfully registered JMX Bean with object name Ratis:service=RaftServer,group=group-523986131536,id=omNode-3
2024-03-04 13:00:26,361 [omNode-3-impl-thread1] INFO  server.RaftServerConfigKeys (ConfUtils.java:logGet(46)) - raft.server.snapshot.trigger-when-stop.enabled = true (default)
2024-03-04 13:00:26,361 [omNode-3-impl-thread1] INFO  server.RaftServerConfigKeys (ConfUtils.java:logGet(46)) - raft.server.snapshot.auto.trigger.enabled = true (custom)
2024-03-04 13:00:26,361 [omNode-3-impl-thread1] INFO  server.RaftServerConfigKeys (ConfUtils.java:logGet(46)) - raft.server.snapshot.auto.trigger.threshold = 50 (custom)
2024-03-04 13:00:26,361 [omNode-3-impl-thread1] INFO  server.RaftServerConfigKeys (ConfUtils.java:logGet(46)) - raft.server.snapshot.retention.file.num = -1 (default)
2024-03-04 13:00:26,361 [omNode-3-impl-thread1] INFO  server.RaftServerConfigKeys (ConfUtils.java:logGet(46)) - raft.server.log.purge.upto.snapshot.index = true (custom)
2024-03-04 13:00:26,361 [omNode-3@group-523986131536-FollowerState] INFO  server.RaftServerConfigKeys (ConfUtils.java:logFallback(53)) - raft.server.rpc.first-election.timeout.min = 1s (fallback to raft.server.rpc.timeout.min)
2024-03-04 13:00:26,361 [omNode-3@group-523986131536-FollowerState] INFO  server.RaftServerConfigKeys (ConfUtils.java:logFallback(53)) - raft.server.rpc.first-election.timeout.max = 1200ms (fallback to raft.server.rpc.timeout.max)
2024-03-04 13:00:26,361 [main] INFO  server.RaftServer (RaftServerProxy.java:startImpl(406)) - omNode-3: start RPC server
2024-03-04 13:00:26,363 [main] INFO  server.GrpcService (GrpcService.java:startImpl(302)) - omNode-3: GrpcService started, listening on 15187
2024-03-04 13:00:26,363 [JvmPauseMonitor52] INFO  util.JvmPauseMonitor (JvmPauseMonitor.java:run(146)) - JvmPauseMonitor-omNode-3: Started
2024-03-04 13:00:26,363 [main] INFO  om.OzoneManager (OzoneManager.java:start(1644)) - Version File has different layout version (6) than OM DB (null). That is expected if this OM has never been finalized to a newer layout version.
2024-03-04 13:00:26,365 [main] INFO  http.BaseHttpServer (BaseHttpServer.java:newHttpServer2BuilderForOzone(223)) - Starting Web-server for ozoneManager at: http://0.0.0.0:15185
2024-03-04 13:00:26,365 [main] INFO  http.BaseHttpServer (BaseHttpServer.java:<init>(110)) - Hadoop Security Enabled: false Ozone Security Enabled: false Ozone HTTP Security Enabled: false 
2024-03-04 13:00:26,366 [main] WARN  server.AuthenticationFilter (AuthenticationFilter.java:constructSecretProvider(240)) - Unable to initialize FileSignerSecretProvider, falling back to use random secrets. Reason: Could not read signature secret file: /home/runner/hadoop-http-auth-signature-secret
2024-03-04 13:00:26,366 [main] INFO  http.HttpRequestLog (HttpRequestLog.java:getRequestLog(86)) - Http request log for http.requests.ozoneManager is not defined
2024-03-04 13:00:26,367 [main] INFO  http.HttpServer2 (HttpServer2.java:addGlobalFilter(1036)) - Added global filter 'safety' (class=org.apache.hadoop.hdds.server.http.HttpServer2$QuotingInputFilter)
2024-03-04 13:00:26,367 [main] INFO  http.HttpServer2 (HttpServer2.java:addFilter(1012)) - Added filter static_user_filter (class=org.apache.hadoop.http.lib.StaticUserWebFilter$StaticUserFilter) to context ozoneManager
2024-03-04 13:00:26,368 [main] INFO  http.HttpServer2 (HttpServer2.java:addFilter(1020)) - Added filter static_user_filter (class=org.apache.hadoop.http.lib.StaticUserWebFilter$StaticUserFilter) to context static
2024-03-04 13:00:26,368 [main] INFO  http.HttpServer2 (HttpServer2.java:addFilter(1020)) - Added filter static_user_filter (class=org.apache.hadoop.http.lib.StaticUserWebFilter$StaticUserFilter) to context logs
2024-03-04 13:00:26,368 [main] INFO  http.BaseHttpServer (BaseHttpServer.java:<init>(189)) - HTTP server of ozoneManager uses base directory /home/runner/work/ozone/ozone/hadoop-ozone/integration-test/target/test-dir/MiniOzoneClusterImpl-42dd095f-3e4b-4e15-bcdd-4f5539ea9781/omNode-3/webserver
2024-03-04 13:00:26,368 [main] INFO  http.HttpServer2 (HttpServer2.java:bindListener(1236)) - Jetty bound to port 15185
2024-03-04 13:00:26,368 [main] INFO  server.Server (Server.java:doStart(375)) - jetty-9.4.53.v20231009; built: 2023-10-09T12:29:09.265Z; git: 27bde00a0b95a1d5bbee0eae7984f891d2d0f8c9; jvm 1.8.0_402-b06
2024-03-04 13:00:26,369 [main] INFO  server.session (DefaultSessionIdManager.java:doStart(334)) - DefaultSessionIdManager workerName=node0
2024-03-04 13:00:26,369 [main] INFO  server.session (DefaultSessionIdManager.java:doStart(339)) - No SessionScavenger set, using defaults
2024-03-04 13:00:26,370 [main] INFO  server.session (HouseKeeper.java:startScavenging(132)) - node0 Scavenging every 660000ms
2024-03-04 13:00:26,370 [main] INFO  handler.ContextHandler (ContextHandler.java:doStart(921)) - Started o.e.j.s.ServletContextHandler@41abb865{logs,/logs,file:///home/runner/work/ozone/ozone/hadoop-ozone/integration-test/target/log,AVAILABLE}
2024-03-04 13:00:26,370 [main] INFO  handler.ContextHandler (ContextHandler.java:doStart(921)) - Started o.e.j.s.ServletContextHandler@74f66b42{static,/static,file:///home/runner/work/ozone/ozone/hadoop-ozone/integration-test/target/test-classes/webapps/static,AVAILABLE}
2024-03-04 13:00:26,372 [main] INFO  handler.ContextHandler (ContextHandler.java:doStart(921)) - Started o.e.j.w.WebAppContext@357561bf{ozoneManager,/,file:///home/runner/work/ozone/ozone/hadoop-ozone/integration-test/target/test-classes/webapps/ozoneManager/,AVAILABLE}{file:/home/runner/work/ozone/ozone/hadoop-ozone/integration-test/target/test-classes/webapps/ozoneManager}
2024-03-04 13:00:26,372 [main] INFO  server.AbstractConnector (AbstractConnector.java:doStart(333)) - Started ServerConnector@369bb7f8{HTTP/1.1, (http/1.1)}{0.0.0.0:15185}
2024-03-04 13:00:26,373 [main] INFO  server.Server (Server.java:doStart(415)) - Started @521956ms
2024-03-04 13:00:26,373 [main] WARN  impl.MetricsSystemImpl (MetricsSystemImpl.java:register(279)) - Sink prometheus already exists!
2024-03-04 13:00:26,373 [main] INFO  http.BaseHttpServer (BaseHttpServer.java:updateConnectorAddress(354)) - HTTP server of ozoneManager listening at http://0.0.0.0:15185
2024-03-04 13:00:26,373 [IPC Server Responder] INFO  ipc.Server (Server.java:run(1562)) - IPC Server Responder: starting
2024-03-04 13:00:26,373 [IPC Server listener on 15184] INFO  ipc.Server (Server.java:run(1402)) - IPC Server listener on 15184: starting
2024-03-04 13:00:26,379 [main] INFO  om.OzoneManager (OzoneManager.java:startTrashEmptier(2093)) - Trash Interval set to 0. Files deleted won't move to trash
2024-03-04 13:00:26,379 [main] INFO  ozone.MiniOzoneHAClusterImpl (MiniOzoneHAClusterImpl.java:createOMService(516)) - Started OzoneManager omNode-3 RPC server at localhost/127.0.0.1:15184
2024-03-04 13:00:26,383 [main] WARN  dropwizard3.Dm3MetricRegistriesImpl (Dm3MetricRegistriesImpl.java:addReporterRegistration(113)) - New reporters are added after registries were created. Some metrics will be missing from the reporter. Please add reporter before adding any new registry.
2024-03-04 13:00:26,383 [main] WARN  dropwizard3.Dm3MetricRegistriesImpl (Dm3MetricRegistriesImpl.java:addReporterRegistration(113)) - New reporters are added after registries were created. Some metrics will be missing from the reporter. Please add reporter before adding any new registry.
2024-03-04 13:00:26,384 [main] INFO  impl.MetricsSystemImpl (MetricsSystemImpl.java:init(158)) - HddsDatanode metrics system started (again)
2024-03-04 13:00:26,391 [main] INFO  ozone.HddsDatanodeService (HddsDatanodeService.java:start(240)) - HddsDatanodeService host:fv-az571-795.sssw3dgiwi1e5jwxh1zizygaca.bx.internal.cloudapp.net ip:10.1.0.12
2024-03-04 13:00:26,405 [main] INFO  upgrade.AbstractLayoutVersionManager (AbstractLayoutVersionManager.java:init(83)) - Initializing Layout version manager with metadata layout = HADOOP_PRC_PORTS_IN_DATANODEDETAILS (version = 7), software layout = HADOOP_PRC_PORTS_IN_DATANODEDETAILS (version = 7)
2024-03-04 13:00:26,405 [main] INFO  statemachine.DatanodeStateMachine (DatanodeStateMachine.java:getEndPointTaskThreadPoolSize(299)) - Datanode State Machine Task Thread Pool size 2
2024-03-04 13:00:26,406 [main] INFO  volume.HddsVolume (HddsVolume.java:<init>(125)) - Creating HddsVolume: /home/runner/work/ozone/ozone/hadoop-ozone/integration-test/target/test-dir/MiniOzoneClusterImpl-42dd095f-3e4b-4e15-bcdd-4f5539ea9781/ozone-meta/datanode-1/data-0/hdds of storage type : DISK capacity : 9223372036854775807
2024-03-04 13:00:26,406 [main] INFO  volume.MutableVolumeSet (MutableVolumeSet.java:initializeVolumeSet(173)) - Added Volume : /home/runner/work/ozone/ozone/hadoop-ozone/integration-test/target/test-dir/MiniOzoneClusterImpl-42dd095f-3e4b-4e15-bcdd-4f5539ea9781/ozone-meta/datanode-1/data-0/hdds to VolumeSet
2024-03-04 13:00:26,407 [main] INFO  volume.MutableVolumeSet (MutableVolumeSet.java:initializeVolumeSet(173)) - Added Volume : /home/runner/work/ozone/ozone/hadoop-ozone/integration-test/target/test-dir/MiniOzoneClusterImpl-42dd095f-3e4b-4e15-bcdd-4f5539ea9781/ozone-meta/datanode-1/ratis to VolumeSet
2024-03-04 13:00:26,407 [main] INFO  ozoneimpl.OzoneContainer (HddsVolumeUtil.java:loadAllHddsVolumeDbStore(103)) - Load 1 volumes DbStore cost: 0ms
2024-03-04 13:00:26,409 [main] INFO  server.RaftServer (ConfUtils.java:logGet(46)) - raft.rpc.type = GRPC (default)
2024-03-04 13:00:26,409 [main] INFO  grpc.GrpcConfigKeys (ConfUtils.java:logFallback(53)) - raft.grpc.admin.host = null (fallback to raft.grpc.server.host)
2024-03-04 13:00:26,409 [main] INFO  grpc.GrpcConfigKeys (ConfUtils.java:logGet(46)) - raft.grpc.admin.port = 15193 (custom)
2024-03-04 13:00:26,410 [main] INFO  grpc.GrpcConfigKeys (ConfUtils.java:logFallback(53)) - raft.grpc.client.host = null (fallback to raft.grpc.server.host)
2024-03-04 13:00:26,410 [main] INFO  grpc.GrpcConfigKeys (ConfUtils.java:logGet(46)) - raft.grpc.client.port = 15192 (custom)
2024-03-04 13:00:26,410 [main] INFO  grpc.GrpcConfigKeys (ConfUtils.java:logGet(46)) - raft.grpc.server.host = null (default)
2024-03-04 13:00:26,410 [main] INFO  grpc.GrpcConfigKeys (ConfUtils.java:logGet(46)) - raft.grpc.server.port = 15194 (custom)
2024-03-04 13:00:26,410 [main] INFO  server.GrpcService (ConfUtils.java:logGet(46)) - raft.grpc.message.size.max = 32MB (=33554432) (custom)
2024-03-04 13:00:26,410 [main] INFO  server.RaftServerConfigKeys (ConfUtils.java:logGet(46)) - raft.server.log.appender.buffer.byte-limit = 8388608 (custom)
2024-03-04 13:00:26,410 [main] INFO  server.GrpcService (ConfUtils.java:logGet(46)) - raft.grpc.flow.control.window = 5MB (=5242880) (custom)
2024-03-04 13:00:26,410 [main] INFO  server.RaftServerConfigKeys (ConfUtils.java:logGet(46)) - raft.server.rpc.request.timeout = 60s (custom)
2024-03-04 13:00:26,411 [main] INFO  grpc.GrpcConfigKeys (ConfUtils.java:logGet(46)) - raft.grpc.server.heartbeat.channel = true (default)
2024-03-04 13:00:26,411 [main] INFO  grpc.GrpcConfigKeys (ConfUtils.java:logGet(46)) - raft.grpc.server.async.request.thread.pool.cached = true (default)
2024-03-04 13:00:26,411 [main] INFO  grpc.GrpcConfigKeys (ConfUtils.java:logGet(46)) - raft.grpc.server.async.request.thread.pool.size = 32 (default)
2024-03-04 13:00:26,412 [main] INFO  impl.DataStreamServerImpl (ConfUtils.java:logGet(46)) - raft.datastream.type = NETTY (custom)
2024-03-04 13:00:26,413 [main] INFO  server.RaftServerConfigKeys (ConfUtils.java:logGet(46)) - raft.server.data-stream.async.request.thread.pool.cached = false (default)
2024-03-04 13:00:26,413 [main] INFO  server.RaftServerConfigKeys (ConfUtils.java:logGet(46)) - raft.server.data-stream.async.request.thread.pool.size = 20 (custom)
2024-03-04 13:00:26,413 [main] INFO  server.RaftServerConfigKeys (ConfUtils.java:logGet(46)) - raft.server.data-stream.async.write.thread.pool.size = 16 (default)
2024-03-04 13:00:26,413 [main] INFO  netty.NettyConfigKeys$DataStream (ConfUtils.java:logGet(46)) - raft.netty.dataStream.server.channel.inactive.grace-period = 10min (default)
2024-03-04 13:00:26,413 [main] INFO  server.RaftServerConfigKeys (ConfUtils.java:logGet(46)) - raft.server.data-stream.client.pool.size = 10 (default)
2024-03-04 13:00:26,413 [main] INFO  netty.NettyConfigKeys$DataStream (ConfUtils.java:logGet(46)) - raft.netty.dataStream.server.use-epoll = true (default)
2024-03-04 13:00:26,414 [main] INFO  netty.NettyConfigKeys$DataStream (ConfUtils.java:logGet(46)) - raft.netty.dataStream.server.boss-group.size = 0 (default)
2024-03-04 13:00:26,414 [main] INFO  netty.NettyUtils (NettyUtils.java:newEventLoopGroup(69)) - Create EpollEventLoopGroup for 74a0a60a-5e75-4204-b15b-76eff6c3355e-NettyServerStreamRpc-bossGroup; Thread size is 0.
2024-03-04 13:00:26,414 [main] INFO  netty.NettyConfigKeys$DataStream (ConfUtils.java:logGet(46)) - raft.netty.dataStream.server.worker-group.size = 0 (default)
2024-03-04 13:00:26,414 [main] INFO  netty.NettyUtils (NettyUtils.java:newEventLoopGroup(69)) - Create EpollEventLoopGroup for 74a0a60a-5e75-4204-b15b-76eff6c3355e-NettyServerStreamRpc-workerGroup; Thread size is 0.
2024-03-04 13:00:26,414 [main] INFO  netty.NettyConfigKeys$DataStream (ConfUtils.java:logGet(46)) - raft.netty.dataStream.server.tls.conf = null (default)
2024-03-04 13:00:26,414 [main] INFO  netty.NettyConfigKeys$DataStream (ConfUtils.java:logGet(46)) - raft.netty.dataStream.host = null (default)
2024-03-04 13:00:26,415 [main] INFO  netty.NettyConfigKeys$DataStream (ConfUtils.java:logGet(46)) - raft.netty.dataStream.port = 15195 (custom)
2024-03-04 13:00:26,415 [main] INFO  server.RaftServerConfigKeys (ConfUtils.java:logGet(46)) - raft.server.sleep.deviation.threshold = 300ms (default)
2024-03-04 13:00:26,415 [main] INFO  server.RaftServerConfigKeys (ConfUtils.java:logGet(46)) - raft.server.close.threshold = 60s (default)
2024-03-04 13:00:26,415 [74a0a60a-5e75-4204-b15b-76eff6c3355e-NettyServerStreamRpc-bossGroup--thread1] INFO  logging.LoggingHandler (AbstractInternalLogger.java:log(148)) - [id: 0x90b99199] REGISTERED
2024-03-04 13:00:26,415 [main] INFO  server.RaftServerConfigKeys (ConfUtils.java:logGet(46)) - raft.server.leaderelection.leader.step-down.wait-time = 10s (default)
2024-03-04 13:00:26,415 [74a0a60a-5e75-4204-b15b-76eff6c3355e-NettyServerStreamRpc-bossGroup--thread1] INFO  logging.LoggingHandler (AbstractInternalLogger.java:log(148)) - [id: 0x90b99199] BIND: 0.0.0.0/0.0.0.0:15195
2024-03-04 13:00:26,416 [main] INFO  server.RaftServerConfigKeys (ConfUtils.java:logGet(46)) - raft.server.storage.dir = [/home/runner/work/ozone/ozone/hadoop-ozone/integration-test/target/test-dir/MiniOzoneClusterImpl-42dd095f-3e4b-4e15-bcdd-4f5539ea9781/ozone-meta/datanode-1/ratis] (custom)
2024-03-04 13:00:26,416 [74a0a60a-5e75-4204-b15b-76eff6c3355e-NettyServerStreamRpc-bossGroup--thread1] INFO  logging.LoggingHandler (AbstractInternalLogger.java:log(148)) - [id: 0x90b99199, L:/0.0.0.0:15195] ACTIVE
2024-03-04 13:00:26,416 [main] INFO  server.RaftServerConfigKeys (ConfUtils.java:logGet(46)) - raft.server.threadpool.proxy.cached = true (default)
2024-03-04 13:00:26,416 [main] INFO  server.RaftServerConfigKeys (ConfUtils.java:logGet(46)) - raft.server.threadpool.proxy.size = 0 (default)
2024-03-04 13:00:26,416 [74a0a60a-5e75-4204-b15b-76eff6c3355e-impl-thread1] INFO  server.RaftServer (RaftServerProxy.java:initGroupDir(264)) - 74a0a60a-5e75-4204-b15b-76eff6c3355e: found a subdirectory /home/runner/work/ozone/ozone/hadoop-ozone/integration-test/target/test-dir/MiniOzoneClusterImpl-42dd095f-3e4b-4e15-bcdd-4f5539ea9781/ozone-meta/datanode-1/ratis/tmp
2024-03-04 13:00:26,416 [74a0a60a-5e75-4204-b15b-76eff6c3355e-impl-thread1] INFO  server.RaftServer (RaftServerProxy.java:initGroupDir(269)) - 74a0a60a-5e75-4204-b15b-76eff6c3355e: The directory /home/runner/work/ozone/ozone/hadoop-ozone/integration-test/target/test-dir/MiniOzoneClusterImpl-42dd095f-3e4b-4e15-bcdd-4f5539ea9781/ozone-meta/datanode-1/ratis/tmp is not a group directory; ignoring it. 
2024-03-04 13:00:26,416 [main] INFO  replication.ReplicationServer (ReplicationServer.java:<init>(86)) - Initializing replication server with thread count = 10 queue length = 4096
2024-03-04 13:00:26,417 [main] INFO  server.XceiverServerGrpc (XceiverServerGrpc.java:<init>(141)) - GrpcServer channel type EpollServerSocketChannel
2024-03-04 13:00:26,418 [main] INFO  replication.ReplicationSupervisor (ReplicationSupervisor.java:build(163)) - Initializing replication supervisor with thread count = 10
2024-03-04 13:00:26,418 [main] INFO  replication.ReplicationSupervisor (ReplicationSupervisor.java:nodeStateUpdated(317)) - Node state updated to IN_SERVICE, scaling executor pool size to 10
2024-03-04 13:00:26,420 [main] INFO  http.BaseHttpServer (BaseHttpServer.java:newHttpServer2BuilderForOzone(223)) - Starting Web-server for hddsDatanode at: http://0.0.0.0:15189
2024-03-04 13:00:26,420 [main] INFO  http.BaseHttpServer (BaseHttpServer.java:<init>(110)) - Hadoop Security Enabled: false Ozone Security Enabled: false Ozone HTTP Security Enabled: false 
2024-03-04 13:00:26,421 [main] WARN  server.AuthenticationFilter (AuthenticationFilter.java:constructSecretProvider(240)) - Unable to initialize FileSignerSecretProvider, falling back to use random secrets. Reason: Could not read signature secret file: /home/runner/hadoop-http-auth-signature-secret
2024-03-04 13:00:26,421 [main] INFO  http.HttpRequestLog (HttpRequestLog.java:getRequestLog(86)) - Http request log for http.requests.hddsDatanode is not defined
2024-03-04 13:00:26,422 [main] INFO  http.HttpServer2 (HttpServer2.java:addGlobalFilter(1036)) - Added global filter 'safety' (class=org.apache.hadoop.hdds.server.http.HttpServer2$QuotingInputFilter)
2024-03-04 13:00:26,422 [main] INFO  http.HttpServer2 (HttpServer2.java:addFilter(1012)) - Added filter static_user_filter (class=org.apache.hadoop.http.lib.StaticUserWebFilter$StaticUserFilter) to context hddsDatanode
2024-03-04 13:00:26,422 [main] INFO  http.HttpServer2 (HttpServer2.java:addFilter(1020)) - Added filter static_user_filter (class=org.apache.hadoop.http.lib.StaticUserWebFilter$StaticUserFilter) to context static
2024-03-04 13:00:26,422 [main] INFO  http.HttpServer2 (HttpServer2.java:addFilter(1020)) - Added filter static_user_filter (class=org.apache.hadoop.http.lib.StaticUserWebFilter$StaticUserFilter) to context logs
2024-03-04 13:00:26,423 [main] INFO  http.BaseHttpServer (BaseHttpServer.java:<init>(189)) - HTTP server of hddsDatanode uses base directory /home/runner/work/ozone/ozone/hadoop-ozone/integration-test/target/test-dir/MiniOzoneClusterImpl-42dd095f-3e4b-4e15-bcdd-4f5539ea9781/ozone-meta/datanode-1/meta/webserver
2024-03-04 13:00:26,423 [main] INFO  http.HttpServer2 (HttpServer2.java:bindListener(1236)) - Jetty bound to port 15189
2024-03-04 13:00:26,423 [main] INFO  server.Server (Server.java:doStart(375)) - jetty-9.4.53.v20231009; built: 2023-10-09T12:29:09.265Z; git: 27bde00a0b95a1d5bbee0eae7984f891d2d0f8c9; jvm 1.8.0_402-b06
2024-03-04 13:00:26,424 [main] INFO  server.session (DefaultSessionIdManager.java:doStart(334)) - DefaultSessionIdManager workerName=node0
2024-03-04 13:00:26,424 [main] INFO  server.session (DefaultSessionIdManager.java:doStart(339)) - No SessionScavenger set, using defaults
2024-03-04 13:00:26,424 [main] INFO  server.session (HouseKeeper.java:startScavenging(132)) - node0 Scavenging every 660000ms
2024-03-04 13:00:26,425 [main] INFO  handler.ContextHandler (ContextHandler.java:doStart(921)) - Started o.e.j.s.ServletContextHandler@1b3aa0f7{logs,/logs,file:///home/runner/work/ozone/ozone/hadoop-ozone/integration-test/target/log,AVAILABLE}
2024-03-04 13:00:26,425 [main] INFO  handler.ContextHandler (ContextHandler.java:doStart(921)) - Started o.e.j.s.ServletContextHandler@7959cfcd{static,/static,jar:file:/home/runner/.m2/repository/org/apache/ozone/hdds-container-service/1.5.0-SNAPSHOT/hdds-container-service-1.5.0-SNAPSHOT.jar!/webapps/static,AVAILABLE}
2024-03-04 13:00:26,458 [main] INFO  handler.ContextHandler (ContextHandler.java:doStart(921)) - Started o.e.j.w.WebAppContext@66f6ae9a{hddsDatanode,/,file:///home/runner/work/ozone/ozone/hadoop-ozone/integration-test/target/test-dir/MiniOzoneClusterImpl-42dd095f-3e4b-4e15-bcdd-4f5539ea9781/ozone-meta/datanode-1/meta/webserver/jetty-0_0_0_0-15189-hdds-container-service-1_5_0-SNAPSHOT_jar-_-any-3073239276858910343/webapp/,AVAILABLE}{jar:file:/home/runner/.m2/repository/org/apache/ozone/hdds-container-service/1.5.0-SNAPSHOT/hdds-container-service-1.5.0-SNAPSHOT.jar!/webapps/hddsDatanode}
2024-03-04 13:00:26,458 [main] INFO  server.AbstractConnector (AbstractConnector.java:doStart(333)) - Started ServerConnector@56be8c1{HTTP/1.1, (http/1.1)}{0.0.0.0:15189}
2024-03-04 13:00:26,458 [main] INFO  server.Server (Server.java:doStart(415)) - Started @522042ms
2024-03-04 13:00:26,458 [main] WARN  impl.MetricsSystemImpl (MetricsSystemImpl.java:register(279)) - Sink prometheus already exists!
2024-03-04 13:00:26,459 [main] INFO  http.BaseHttpServer (BaseHttpServer.java:updateConnectorAddress(354)) - HTTP server of hddsDatanode listening at http://0.0.0.0:15189
2024-03-04 13:00:26,459 [main] INFO  ipc.CallQueueManager (CallQueueManager.java:<init>(90)) - Using callQueue: class java.util.concurrent.LinkedBlockingQueue, queueCapacity: 100, scheduler: class org.apache.hadoop.ipc.DefaultRpcScheduler, ipcBackoff: false.
2024-03-04 13:00:26,459 [main] INFO  ipc.Server (Server.java:<init>(1287)) - Listener at 0.0.0.0:15190
2024-03-04 13:00:26,460 [Socket Reader #1 for port 15190] INFO  ipc.Server (Server.java:run(1323)) - Starting Socket Reader #1 for port 15190
2024-03-04 13:00:26,464 [main] INFO  ozone.HddsDatanodeService (HddsDatanodeService.java:start(327)) - Datanode start with admins: [*, runner]
2024-03-04 13:00:26,464 [main] INFO  ozone.HddsDatanodeClientProtocolServer (HddsDatanodeClientProtocolServer.java:start(77)) - RPC server for Client /0.0.0.0:15190
2024-03-04 13:00:26,465 [IPC Server Responder] INFO  ipc.Server (Server.java:run(1562)) - IPC Server Responder: starting
2024-03-04 13:00:26,468 [IPC Server listener on 15190] INFO  ipc.Server (Server.java:run(1402)) - IPC Server listener on 15190: starting
2024-03-04 13:00:26,468 [74a0a60a-5e75-4204-b15b-76eff6c3355e-DatanodeStateMachineDaemonThread] INFO  statemachine.DatanodeStateMachine (DatanodeStateMachine.java:lambda$startDaemon$1(555)) - Ozone container server started.
2024-03-04 13:00:26,468 [main] WARN  dropwizard3.Dm3MetricRegistriesImpl (Dm3MetricRegistriesImpl.java:addReporterRegistration(113)) - New reporters are added after registries were created. Some metrics will be missing from the reporter. Please add reporter before adding any new registry.
2024-03-04 13:00:26,468 [main] WARN  dropwizard3.Dm3MetricRegistriesImpl (Dm3MetricRegistriesImpl.java:addReporterRegistration(113)) - New reporters are added after registries were created. Some metrics will be missing from the reporter. Please add reporter before adding any new registry.
2024-03-04 13:00:26,470 [main] INFO  impl.MetricsSystemImpl (MetricsSystemImpl.java:init(158)) - HddsDatanode metrics system started (again)
2024-03-04 13:00:26,472 [74a0a60a-5e75-4204-b15b-76eff6c3355e-DatanodeStateMachineTaskThread-0] INFO  datanode.InitDatanodeState (InitDatanodeState.java:persistContainerDatanodeDetails(139)) - DatanodeDetails is persisted to /home/runner/work/ozone/ozone/hadoop-ozone/integration-test/target/test-dir/MiniOzoneClusterImpl-42dd095f-3e4b-4e15-bcdd-4f5539ea9781/ozone-meta/datanode-1/meta/datanode.id
2024-03-04 13:00:26,478 [main] INFO  ozone.HddsDatanodeService (HddsDatanodeService.java:start(240)) - HddsDatanodeService host:fv-az571-795.sssw3dgiwi1e5jwxh1zizygaca.bx.internal.cloudapp.net ip:10.1.0.12
2024-03-04 13:00:26,492 [main] INFO  upgrade.AbstractLayoutVersionManager (AbstractLayoutVersionManager.java:init(83)) - Initializing Layout version manager with metadata layout = HADOOP_PRC_PORTS_IN_DATANODEDETAILS (version = 7), software layout = HADOOP_PRC_PORTS_IN_DATANODEDETAILS (version = 7)
2024-03-04 13:00:26,492 [main] INFO  statemachine.DatanodeStateMachine (DatanodeStateMachine.java:getEndPointTaskThreadPoolSize(299)) - Datanode State Machine Task Thread Pool size 2
2024-03-04 13:00:26,493 [main] INFO  volume.HddsVolume (HddsVolume.java:<init>(125)) - Creating HddsVolume: /home/runner/work/ozone/ozone/hadoop-ozone/integration-test/target/test-dir/MiniOzoneClusterImpl-42dd095f-3e4b-4e15-bcdd-4f5539ea9781/ozone-meta/datanode-2/data-0/hdds of storage type : DISK capacity : 9223372036854775807
2024-03-04 13:00:26,494 [main] INFO  volume.MutableVolumeSet (MutableVolumeSet.java:initializeVolumeSet(173)) - Added Volume : /home/runner/work/ozone/ozone/hadoop-ozone/integration-test/target/test-dir/MiniOzoneClusterImpl-42dd095f-3e4b-4e15-bcdd-4f5539ea9781/ozone-meta/datanode-2/data-0/hdds to VolumeSet
2024-03-04 13:00:26,494 [main] INFO  volume.MutableVolumeSet (MutableVolumeSet.java:initializeVolumeSet(173)) - Added Volume : /home/runner/work/ozone/ozone/hadoop-ozone/integration-test/target/test-dir/MiniOzoneClusterImpl-42dd095f-3e4b-4e15-bcdd-4f5539ea9781/ozone-meta/datanode-2/ratis to VolumeSet
2024-03-04 13:00:26,495 [main] INFO  ozoneimpl.OzoneContainer (HddsVolumeUtil.java:loadAllHddsVolumeDbStore(103)) - Load 1 volumes DbStore cost: 0ms
2024-03-04 13:00:26,496 [main] INFO  server.RaftServer (ConfUtils.java:logGet(46)) - raft.rpc.type = GRPC (default)
2024-03-04 13:00:26,497 [main] INFO  grpc.GrpcConfigKeys (ConfUtils.java:logFallback(53)) - raft.grpc.admin.host = null (fallback to raft.grpc.server.host)
2024-03-04 13:00:26,497 [main] INFO  grpc.GrpcConfigKeys (ConfUtils.java:logGet(46)) - raft.grpc.admin.port = 15202 (custom)
2024-03-04 13:00:26,497 [main] INFO  grpc.GrpcConfigKeys (ConfUtils.java:logFallback(53)) - raft.grpc.client.host = null (fallback to raft.grpc.server.host)
2024-03-04 13:00:26,497 [main] INFO  grpc.GrpcConfigKeys (ConfUtils.java:logGet(46)) - raft.grpc.client.port = 15201 (custom)
2024-03-04 13:00:26,497 [main] INFO  grpc.GrpcConfigKeys (ConfUtils.java:logGet(46)) - raft.grpc.server.host = null (default)
2024-03-04 13:00:26,498 [main] INFO  grpc.GrpcConfigKeys (ConfUtils.java:logGet(46)) - raft.grpc.server.port = 15203 (custom)
2024-03-04 13:00:26,498 [main] INFO  server.GrpcService (ConfUtils.java:logGet(46)) - raft.grpc.message.size.max = 32MB (=33554432) (custom)
2024-03-04 13:00:26,498 [main] INFO  server.RaftServerConfigKeys (ConfUtils.java:logGet(46)) - raft.server.log.appender.buffer.byte-limit = 8388608 (custom)
2024-03-04 13:00:26,498 [main] INFO  server.GrpcService (ConfUtils.java:logGet(46)) - raft.grpc.flow.control.window = 5MB (=5242880) (custom)
2024-03-04 13:00:26,498 [main] INFO  server.RaftServerConfigKeys (ConfUtils.java:logGet(46)) - raft.server.rpc.request.timeout = 60s (custom)
2024-03-04 13:00:26,498 [main] INFO  grpc.GrpcConfigKeys (ConfUtils.java:logGet(46)) - raft.grpc.server.heartbeat.channel = true (default)
2024-03-04 13:00:26,499 [main] INFO  grpc.GrpcConfigKeys (ConfUtils.java:logGet(46)) - raft.grpc.server.async.request.thread.pool.cached = true (default)
2024-03-04 13:00:26,499 [main] INFO  grpc.GrpcConfigKeys (ConfUtils.java:logGet(46)) - raft.grpc.server.async.request.thread.pool.size = 32 (default)
2024-03-04 13:00:26,501 [main] INFO  impl.DataStreamServerImpl (ConfUtils.java:logGet(46)) - raft.datastream.type = NETTY (custom)
2024-03-04 13:00:26,501 [main] INFO  server.RaftServerConfigKeys (ConfUtils.java:logGet(46)) - raft.server.data-stream.async.request.thread.pool.cached = false (default)
2024-03-04 13:00:26,501 [main] INFO  server.RaftServerConfigKeys (ConfUtils.java:logGet(46)) - raft.server.data-stream.async.request.thread.pool.size = 20 (custom)
2024-03-04 13:00:26,502 [main] INFO  server.RaftServerConfigKeys (ConfUtils.java:logGet(46)) - raft.server.data-stream.async.write.thread.pool.size = 16 (default)
2024-03-04 13:00:26,502 [main] INFO  netty.NettyConfigKeys$DataStream (ConfUtils.java:logGet(46)) - raft.netty.dataStream.server.channel.inactive.grace-period = 10min (default)
2024-03-04 13:00:26,502 [main] INFO  server.RaftServerConfigKeys (ConfUtils.java:logGet(46)) - raft.server.data-stream.client.pool.size = 10 (default)
2024-03-04 13:00:26,502 [main] INFO  netty.NettyConfigKeys$DataStream (ConfUtils.java:logGet(46)) - raft.netty.dataStream.server.use-epoll = true (default)
2024-03-04 13:00:26,502 [main] INFO  netty.NettyConfigKeys$DataStream (ConfUtils.java:logGet(46)) - raft.netty.dataStream.server.boss-group.size = 0 (default)
2024-03-04 13:00:26,503 [main] INFO  netty.NettyUtils (NettyUtils.java:newEventLoopGroup(69)) - Create EpollEventLoopGroup for e85487f0-f005-4db6-b4de-13885556b81a-NettyServerStreamRpc-bossGroup; Thread size is 0.
2024-03-04 13:00:26,503 [main] INFO  netty.NettyConfigKeys$DataStream (ConfUtils.java:logGet(46)) - raft.netty.dataStream.server.worker-group.size = 0 (default)
2024-03-04 13:00:26,503 [main] INFO  netty.NettyUtils (NettyUtils.java:newEventLoopGroup(69)) - Create EpollEventLoopGroup for e85487f0-f005-4db6-b4de-13885556b81a-NettyServerStreamRpc-workerGroup; Thread size is 0.
2024-03-04 13:00:26,504 [main] INFO  netty.NettyConfigKeys$DataStream (ConfUtils.java:logGet(46)) - raft.netty.dataStream.server.tls.conf = null (default)
2024-03-04 13:00:26,504 [main] INFO  netty.NettyConfigKeys$DataStream (ConfUtils.java:logGet(46)) - raft.netty.dataStream.host = null (default)
2024-03-04 13:00:26,504 [main] INFO  netty.NettyConfigKeys$DataStream (ConfUtils.java:logGet(46)) - raft.netty.dataStream.port = 15204 (custom)
2024-03-04 13:00:26,504 [main] INFO  server.RaftServerConfigKeys (ConfUtils.java:logGet(46)) - raft.server.sleep.deviation.threshold = 300ms (default)
2024-03-04 13:00:26,505 [main] INFO  server.RaftServerConfigKeys (ConfUtils.java:logGet(46)) - raft.server.close.threshold = 60s (default)
2024-03-04 13:00:26,505 [main] INFO  server.RaftServerConfigKeys (ConfUtils.java:logGet(46)) - raft.server.leaderelection.leader.step-down.wait-time = 10s (default)
2024-03-04 13:00:26,504 [e85487f0-f005-4db6-b4de-13885556b81a-NettyServerStreamRpc-bossGroup--thread1] INFO  logging.LoggingHandler (AbstractInternalLogger.java:log(148)) - [id: 0xa58e7eac] REGISTERED
2024-03-04 13:00:26,505 [main] INFO  server.RaftServerConfigKeys (ConfUtils.java:logGet(46)) - raft.server.storage.dir = [/home/runner/work/ozone/ozone/hadoop-ozone/integration-test/target/test-dir/MiniOzoneClusterImpl-42dd095f-3e4b-4e15-bcdd-4f5539ea9781/ozone-meta/datanode-2/ratis] (custom)
2024-03-04 13:00:26,505 [main] INFO  server.RaftServerConfigKeys (ConfUtils.java:logGet(46)) - raft.server.threadpool.proxy.cached = true (default)
2024-03-04 13:00:26,505 [main] INFO  server.RaftServerConfigKeys (ConfUtils.java:logGet(46)) - raft.server.threadpool.proxy.size = 0 (default)
2024-03-04 13:00:26,505 [e85487f0-f005-4db6-b4de-13885556b81a-NettyServerStreamRpc-bossGroup--thread1] INFO  logging.LoggingHandler (AbstractInternalLogger.java:log(148)) - [id: 0xa58e7eac] BIND: 0.0.0.0/0.0.0.0:15204
2024-03-04 13:00:26,506 [e85487f0-f005-4db6-b4de-13885556b81a-NettyServerStreamRpc-bossGroup--thread1] INFO  logging.LoggingHandler (AbstractInternalLogger.java:log(148)) - [id: 0xa58e7eac, L:/0.0.0.0:15204] ACTIVE
2024-03-04 13:00:26,506 [e85487f0-f005-4db6-b4de-13885556b81a-impl-thread1] INFO  server.RaftServer (RaftServerProxy.java:initGroupDir(264)) - e85487f0-f005-4db6-b4de-13885556b81a: found a subdirectory /home/runner/work/ozone/ozone/hadoop-ozone/integration-test/target/test-dir/MiniOzoneClusterImpl-42dd095f-3e4b-4e15-bcdd-4f5539ea9781/ozone-meta/datanode-2/ratis/tmp
2024-03-04 13:00:26,506 [e85487f0-f005-4db6-b4de-13885556b81a-impl-thread1] INFO  server.RaftServer (RaftServerProxy.java:initGroupDir(269)) - e85487f0-f005-4db6-b4de-13885556b81a: The directory /home/runner/work/ozone/ozone/hadoop-ozone/integration-test/target/test-dir/MiniOzoneClusterImpl-42dd095f-3e4b-4e15-bcdd-4f5539ea9781/ozone-meta/datanode-2/ratis/tmp is not a group directory; ignoring it. 
2024-03-04 13:00:26,506 [main] INFO  replication.ReplicationServer (ReplicationServer.java:<init>(86)) - Initializing replication server with thread count = 10 queue length = 4096
2024-03-04 13:00:26,507 [main] INFO  server.XceiverServerGrpc (XceiverServerGrpc.java:<init>(141)) - GrpcServer channel type EpollServerSocketChannel
2024-03-04 13:00:26,508 [main] INFO  replication.ReplicationSupervisor (ReplicationSupervisor.java:build(163)) - Initializing replication supervisor with thread count = 10
2024-03-04 13:00:26,508 [main] INFO  replication.ReplicationSupervisor (ReplicationSupervisor.java:nodeStateUpdated(317)) - Node state updated to IN_SERVICE, scaling executor pool size to 10
2024-03-04 13:00:26,510 [main] INFO  http.BaseHttpServer (BaseHttpServer.java:newHttpServer2BuilderForOzone(223)) - Starting Web-server for hddsDatanode at: http://0.0.0.0:15198
2024-03-04 13:00:26,510 [main] INFO  http.BaseHttpServer (BaseHttpServer.java:<init>(110)) - Hadoop Security Enabled: false Ozone Security Enabled: false Ozone HTTP Security Enabled: false 
2024-03-04 13:00:26,510 [main] WARN  server.AuthenticationFilter (AuthenticationFilter.java:constructSecretProvider(240)) - Unable to initialize FileSignerSecretProvider, falling back to use random secrets. Reason: Could not read signature secret file: /home/runner/hadoop-http-auth-signature-secret
2024-03-04 13:00:26,511 [main] INFO  http.HttpRequestLog (HttpRequestLog.java:getRequestLog(86)) - Http request log for http.requests.hddsDatanode is not defined
2024-03-04 13:00:26,511 [main] INFO  http.HttpServer2 (HttpServer2.java:addGlobalFilter(1036)) - Added global filter 'safety' (class=org.apache.hadoop.hdds.server.http.HttpServer2$QuotingInputFilter)
2024-03-04 13:00:26,512 [main] INFO  http.HttpServer2 (HttpServer2.java:addFilter(1012)) - Added filter static_user_filter (class=org.apache.hadoop.http.lib.StaticUserWebFilter$StaticUserFilter) to context hddsDatanode
2024-03-04 13:00:26,512 [main] INFO  http.HttpServer2 (HttpServer2.java:addFilter(1020)) - Added filter static_user_filter (class=org.apache.hadoop.http.lib.StaticUserWebFilter$StaticUserFilter) to context static
2024-03-04 13:00:26,512 [main] INFO  http.HttpServer2 (HttpServer2.java:addFilter(1020)) - Added filter static_user_filter (class=org.apache.hadoop.http.lib.StaticUserWebFilter$StaticUserFilter) to context logs
2024-03-04 13:00:26,512 [main] INFO  http.BaseHttpServer (BaseHttpServer.java:<init>(189)) - HTTP server of hddsDatanode uses base directory /home/runner/work/ozone/ozone/hadoop-ozone/integration-test/target/test-dir/MiniOzoneClusterImpl-42dd095f-3e4b-4e15-bcdd-4f5539ea9781/ozone-meta/datanode-2/meta/webserver
2024-03-04 13:00:26,512 [main] INFO  http.HttpServer2 (HttpServer2.java:bindListener(1236)) - Jetty bound to port 15198
2024-03-04 13:00:26,512 [main] INFO  server.Server (Server.java:doStart(375)) - jetty-9.4.53.v20231009; built: 2023-10-09T12:29:09.265Z; git: 27bde00a0b95a1d5bbee0eae7984f891d2d0f8c9; jvm 1.8.0_402-b06
2024-03-04 13:00:26,513 [main] INFO  server.session (DefaultSessionIdManager.java:doStart(334)) - DefaultSessionIdManager workerName=node0
2024-03-04 13:00:26,513 [main] INFO  server.session (DefaultSessionIdManager.java:doStart(339)) - No SessionScavenger set, using defaults
2024-03-04 13:00:26,513 [main] INFO  server.session (HouseKeeper.java:startScavenging(132)) - node0 Scavenging every 600000ms
2024-03-04 13:00:26,514 [main] INFO  handler.ContextHandler (ContextHandler.java:doStart(921)) - Started o.e.j.s.ServletContextHandler@6c06af6e{logs,/logs,file:///home/runner/work/ozone/ozone/hadoop-ozone/integration-test/target/log,AVAILABLE}
2024-03-04 13:00:26,514 [main] INFO  handler.ContextHandler (ContextHandler.java:doStart(921)) - Started o.e.j.s.ServletContextHandler@1180d1b3{static,/static,jar:file:/home/runner/.m2/repository/org/apache/ozone/hdds-container-service/1.5.0-SNAPSHOT/hdds-container-service-1.5.0-SNAPSHOT.jar!/webapps/static,AVAILABLE}
2024-03-04 13:00:26,546 [main] INFO  handler.ContextHandler (ContextHandler.java:doStart(921)) - Started o.e.j.w.WebAppContext@46ade696{hddsDatanode,/,file:///home/runner/work/ozone/ozone/hadoop-ozone/integration-test/target/test-dir/MiniOzoneClusterImpl-42dd095f-3e4b-4e15-bcdd-4f5539ea9781/ozone-meta/datanode-2/meta/webserver/jetty-0_0_0_0-15198-hdds-container-service-1_5_0-SNAPSHOT_jar-_-any-6068973703090860239/webapp/,AVAILABLE}{jar:file:/home/runner/.m2/repository/org/apache/ozone/hdds-container-service/1.5.0-SNAPSHOT/hdds-container-service-1.5.0-SNAPSHOT.jar!/webapps/hddsDatanode}
2024-03-04 13:00:26,548 [main] INFO  server.AbstractConnector (AbstractConnector.java:doStart(333)) - Started ServerConnector@78e981e4{HTTP/1.1, (http/1.1)}{0.0.0.0:15198}
2024-03-04 13:00:26,548 [main] INFO  server.Server (Server.java:doStart(415)) - Started @522132ms
2024-03-04 13:00:26,548 [main] WARN  impl.MetricsSystemImpl (MetricsSystemImpl.java:register(279)) - Sink prometheus already exists!
2024-03-04 13:00:26,549 [main] INFO  http.BaseHttpServer (BaseHttpServer.java:updateConnectorAddress(354)) - HTTP server of hddsDatanode listening at http://0.0.0.0:15198
2024-03-04 13:00:26,549 [main] INFO  ipc.CallQueueManager (CallQueueManager.java:<init>(90)) - Using callQueue: class java.util.concurrent.LinkedBlockingQueue, queueCapacity: 100, scheduler: class org.apache.hadoop.ipc.DefaultRpcScheduler, ipcBackoff: false.
2024-03-04 13:00:26,549 [main] INFO  ipc.Server (Server.java:<init>(1287)) - Listener at 0.0.0.0:15199
2024-03-04 13:00:26,550 [Socket Reader #1 for port 15199] INFO  ipc.Server (Server.java:run(1323)) - Starting Socket Reader #1 for port 15199
2024-03-04 13:00:26,551 [main] INFO  ozone.HddsDatanodeService (HddsDatanodeService.java:start(327)) - Datanode start with admins: [*, runner]
2024-03-04 13:00:26,551 [main] INFO  ozone.HddsDatanodeClientProtocolServer (HddsDatanodeClientProtocolServer.java:start(77)) - RPC server for Client /0.0.0.0:15199
2024-03-04 13:00:26,552 [IPC Server Responder] INFO  ipc.Server (Server.java:run(1562)) - IPC Server Responder: starting
2024-03-04 13:00:26,552 [IPC Server listener on 15199] INFO  ipc.Server (Server.java:run(1402)) - IPC Server listener on 15199: starting
2024-03-04 13:00:26,553 [e85487f0-f005-4db6-b4de-13885556b81a-DatanodeStateMachineDaemonThread] INFO  statemachine.DatanodeStateMachine (DatanodeStateMachine.java:lambda$startDaemon$1(555)) - Ozone container server started.
2024-03-04 13:00:26,553 [main] WARN  dropwizard3.Dm3MetricRegistriesImpl (Dm3MetricRegistriesImpl.java:addReporterRegistration(113)) - New reporters are added after registries were created. Some metrics will be missing from the reporter. Please add reporter before adding any new registry.
2024-03-04 13:00:26,554 [main] WARN  dropwizard3.Dm3MetricRegistriesImpl (Dm3MetricRegistriesImpl.java:addReporterRegistration(113)) - New reporters are added after registries were created. Some metrics will be missing from the reporter. Please add reporter before adding any new registry.
2024-03-04 13:00:26,554 [main] INFO  impl.MetricsSystemImpl (MetricsSystemImpl.java:init(158)) - HddsDatanode metrics system started (again)
2024-03-04 13:00:26,561 [e85487f0-f005-4db6-b4de-13885556b81a-DatanodeStateMachineTaskThread-0] INFO  datanode.InitDatanodeState (InitDatanodeState.java:persistContainerDatanodeDetails(139)) - DatanodeDetails is persisted to /home/runner/work/ozone/ozone/hadoop-ozone/integration-test/target/test-dir/MiniOzoneClusterImpl-42dd095f-3e4b-4e15-bcdd-4f5539ea9781/ozone-meta/datanode-2/meta/datanode.id
2024-03-04 13:00:26,565 [main] INFO  ozone.HddsDatanodeService (HddsDatanodeService.java:start(240)) - HddsDatanodeService host:fv-az571-795.sssw3dgiwi1e5jwxh1zizygaca.bx.internal.cloudapp.net ip:10.1.0.12
2024-03-04 13:00:26,582 [main] INFO  upgrade.AbstractLayoutVersionManager (AbstractLayoutVersionManager.java:init(83)) - Initializing Layout version manager with metadata layout = HADOOP_PRC_PORTS_IN_DATANODEDETAILS (version = 7), software layout = HADOOP_PRC_PORTS_IN_DATANODEDETAILS (version = 7)
2024-03-04 13:00:26,583 [main] INFO  statemachine.DatanodeStateMachine (DatanodeStateMachine.java:getEndPointTaskThreadPoolSize(299)) - Datanode State Machine Task Thread Pool size 2
2024-03-04 13:00:26,584 [main] INFO  volume.HddsVolume (HddsVolume.java:<init>(125)) - Creating HddsVolume: /home/runner/work/ozone/ozone/hadoop-ozone/integration-test/target/test-dir/MiniOzoneClusterImpl-42dd095f-3e4b-4e15-bcdd-4f5539ea9781/ozone-meta/datanode-3/data-0/hdds of storage type : DISK capacity : 9223372036854775807
2024-03-04 13:00:26,584 [main] INFO  volume.MutableVolumeSet (MutableVolumeSet.java:initializeVolumeSet(173)) - Added Volume : /home/runner/work/ozone/ozone/hadoop-ozone/integration-test/target/test-dir/MiniOzoneClusterImpl-42dd095f-3e4b-4e15-bcdd-4f5539ea9781/ozone-meta/datanode-3/data-0/hdds to VolumeSet
2024-03-04 13:00:26,585 [main] INFO  volume.MutableVolumeSet (MutableVolumeSet.java:initializeVolumeSet(173)) - Added Volume : /home/runner/work/ozone/ozone/hadoop-ozone/integration-test/target/test-dir/MiniOzoneClusterImpl-42dd095f-3e4b-4e15-bcdd-4f5539ea9781/ozone-meta/datanode-3/ratis to VolumeSet
2024-03-04 13:00:26,585 [main] INFO  ozoneimpl.OzoneContainer (HddsVolumeUtil.java:loadAllHddsVolumeDbStore(103)) - Load 1 volumes DbStore cost: 0ms
2024-03-04 13:00:26,587 [main] INFO  server.RaftServer (ConfUtils.java:logGet(46)) - raft.rpc.type = GRPC (default)
2024-03-04 13:00:26,587 [main] INFO  grpc.GrpcConfigKeys (ConfUtils.java:logFallback(53)) - raft.grpc.admin.host = null (fallback to raft.grpc.server.host)
2024-03-04 13:00:26,587 [main] INFO  grpc.GrpcConfigKeys (ConfUtils.java:logGet(46)) - raft.grpc.admin.port = 15211 (custom)
2024-03-04 13:00:26,587 [main] INFO  grpc.GrpcConfigKeys (ConfUtils.java:logFallback(53)) - raft.grpc.client.host = null (fallback to raft.grpc.server.host)
2024-03-04 13:00:26,587 [main] INFO  grpc.GrpcConfigKeys (ConfUtils.java:logGet(46)) - raft.grpc.client.port = 15210 (custom)
2024-03-04 13:00:26,588 [main] INFO  grpc.GrpcConfigKeys (ConfUtils.java:logGet(46)) - raft.grpc.server.host = null (default)
2024-03-04 13:00:26,588 [main] INFO  grpc.GrpcConfigKeys (ConfUtils.java:logGet(46)) - raft.grpc.server.port = 15212 (custom)
2024-03-04 13:00:26,588 [main] INFO  server.GrpcService (ConfUtils.java:logGet(46)) - raft.grpc.message.size.max = 32MB (=33554432) (custom)
2024-03-04 13:00:26,588 [main] INFO  server.RaftServerConfigKeys (ConfUtils.java:logGet(46)) - raft.server.log.appender.buffer.byte-limit = 8388608 (custom)
2024-03-04 13:00:26,588 [main] INFO  server.GrpcService (ConfUtils.java:logGet(46)) - raft.grpc.flow.control.window = 5MB (=5242880) (custom)
2024-03-04 13:00:26,588 [main] INFO  server.RaftServerConfigKeys (ConfUtils.java:logGet(46)) - raft.server.rpc.request.timeout = 60s (custom)
2024-03-04 13:00:26,588 [main] INFO  grpc.GrpcConfigKeys (ConfUtils.java:logGet(46)) - raft.grpc.server.heartbeat.channel = true (default)
2024-03-04 13:00:26,589 [main] INFO  grpc.GrpcConfigKeys (ConfUtils.java:logGet(46)) - raft.grpc.server.async.request.thread.pool.cached = true (default)
2024-03-04 13:00:26,589 [main] INFO  grpc.GrpcConfigKeys (ConfUtils.java:logGet(46)) - raft.grpc.server.async.request.thread.pool.size = 32 (default)
2024-03-04 13:00:26,591 [main] INFO  impl.DataStreamServerImpl (ConfUtils.java:logGet(46)) - raft.datastream.type = NETTY (custom)
2024-03-04 13:00:26,591 [main] INFO  server.RaftServerConfigKeys (ConfUtils.java:logGet(46)) - raft.server.data-stream.async.request.thread.pool.cached = false (default)
2024-03-04 13:00:26,591 [main] INFO  server.RaftServerConfigKeys (ConfUtils.java:logGet(46)) - raft.server.data-stream.async.request.thread.pool.size = 20 (custom)
2024-03-04 13:00:26,592 [main] INFO  server.RaftServerConfigKeys (ConfUtils.java:logGet(46)) - raft.server.data-stream.async.write.thread.pool.size = 16 (default)
2024-03-04 13:00:26,592 [main] INFO  netty.NettyConfigKeys$DataStream (ConfUtils.java:logGet(46)) - raft.netty.dataStream.server.channel.inactive.grace-period = 10min (default)
2024-03-04 13:00:26,592 [main] INFO  server.RaftServerConfigKeys (ConfUtils.java:logGet(46)) - raft.server.data-stream.client.pool.size = 10 (default)
2024-03-04 13:00:26,592 [main] INFO  netty.NettyConfigKeys$DataStream (ConfUtils.java:logGet(46)) - raft.netty.dataStream.server.use-epoll = true (default)
2024-03-04 13:00:26,592 [main] INFO  netty.NettyConfigKeys$DataStream (ConfUtils.java:logGet(46)) - raft.netty.dataStream.server.boss-group.size = 0 (default)
2024-03-04 13:00:26,592 [main] INFO  netty.NettyUtils (NettyUtils.java:newEventLoopGroup(69)) - Create EpollEventLoopGroup for 6bdc426a-463a-4847-89b4-5f17f88a218e-NettyServerStreamRpc-bossGroup; Thread size is 0.
2024-03-04 13:00:26,593 [main] INFO  netty.NettyConfigKeys$DataStream (ConfUtils.java:logGet(46)) - raft.netty.dataStream.server.worker-group.size = 0 (default)
2024-03-04 13:00:26,593 [main] INFO  netty.NettyUtils (NettyUtils.java:newEventLoopGroup(69)) - Create EpollEventLoopGroup for 6bdc426a-463a-4847-89b4-5f17f88a218e-NettyServerStreamRpc-workerGroup; Thread size is 0.
2024-03-04 13:00:26,593 [main] INFO  netty.NettyConfigKeys$DataStream (ConfUtils.java:logGet(46)) - raft.netty.dataStream.server.tls.conf = null (default)
2024-03-04 13:00:26,593 [main] INFO  netty.NettyConfigKeys$DataStream (ConfUtils.java:logGet(46)) - raft.netty.dataStream.host = null (default)
2024-03-04 13:00:26,594 [main] INFO  netty.NettyConfigKeys$DataStream (ConfUtils.java:logGet(46)) - raft.netty.dataStream.port = 15213 (custom)
2024-03-04 13:00:26,594 [main] INFO  server.RaftServerConfigKeys (ConfUtils.java:logGet(46)) - raft.server.sleep.deviation.threshold = 300ms (default)
2024-03-04 13:00:26,594 [main] INFO  server.RaftServerConfigKeys (ConfUtils.java:logGet(46)) - raft.server.close.threshold = 60s (default)
2024-03-04 13:00:26,594 [main] INFO  server.RaftServerConfigKeys (ConfUtils.java:logGet(46)) - raft.server.leaderelection.leader.step-down.wait-time = 10s (default)
2024-03-04 13:00:26,594 [main] INFO  server.RaftServerConfigKeys (ConfUtils.java:logGet(46)) - raft.server.storage.dir = [/home/runner/work/ozone/ozone/hadoop-ozone/integration-test/target/test-dir/MiniOzoneClusterImpl-42dd095f-3e4b-4e15-bcdd-4f5539ea9781/ozone-meta/datanode-3/ratis] (custom)
2024-03-04 13:00:26,595 [main] INFO  server.RaftServerConfigKeys (ConfUtils.java:logGet(46)) - raft.server.threadpool.proxy.cached = true (default)
2024-03-04 13:00:26,595 [main] INFO  server.RaftServerConfigKeys (ConfUtils.java:logGet(46)) - raft.server.threadpool.proxy.size = 0 (default)
2024-03-04 13:00:26,594 [6bdc426a-463a-4847-89b4-5f17f88a218e-NettyServerStreamRpc-bossGroup--thread1] INFO  logging.LoggingHandler (AbstractInternalLogger.java:log(148)) - [id: 0x7aa09238] REGISTERED
2024-03-04 13:00:26,595 [6bdc426a-463a-4847-89b4-5f17f88a218e-NettyServerStreamRpc-bossGroup--thread1] INFO  logging.LoggingHandler (AbstractInternalLogger.java:log(148)) - [id: 0x7aa09238] BIND: 0.0.0.0/0.0.0.0:15213
2024-03-04 13:00:26,595 [6bdc426a-463a-4847-89b4-5f17f88a218e-NettyServerStreamRpc-bossGroup--thread1] INFO  logging.LoggingHandler (AbstractInternalLogger.java:log(148)) - [id: 0x7aa09238, L:/0.0.0.0:15213] ACTIVE
2024-03-04 13:00:26,595 [6bdc426a-463a-4847-89b4-5f17f88a218e-impl-thread1] INFO  server.RaftServer (RaftServerProxy.java:initGroupDir(264)) - 6bdc426a-463a-4847-89b4-5f17f88a218e: found a subdirectory /home/runner/work/ozone/ozone/hadoop-ozone/integration-test/target/test-dir/MiniOzoneClusterImpl-42dd095f-3e4b-4e15-bcdd-4f5539ea9781/ozone-meta/datanode-3/ratis/tmp
2024-03-04 13:00:26,596 [6bdc426a-463a-4847-89b4-5f17f88a218e-impl-thread1] INFO  server.RaftServer (RaftServerProxy.java:initGroupDir(269)) - 6bdc426a-463a-4847-89b4-5f17f88a218e: The directory /home/runner/work/ozone/ozone/hadoop-ozone/integration-test/target/test-dir/MiniOzoneClusterImpl-42dd095f-3e4b-4e15-bcdd-4f5539ea9781/ozone-meta/datanode-3/ratis/tmp is not a group directory; ignoring it. 
2024-03-04 13:00:26,596 [main] INFO  replication.ReplicationServer (ReplicationServer.java:<init>(86)) - Initializing replication server with thread count = 10 queue length = 4096
2024-03-04 13:00:26,597 [main] INFO  server.XceiverServerGrpc (XceiverServerGrpc.java:<init>(141)) - GrpcServer channel type EpollServerSocketChannel
2024-03-04 13:00:26,598 [main] INFO  replication.ReplicationSupervisor (ReplicationSupervisor.java:build(163)) - Initializing replication supervisor with thread count = 10
2024-03-04 13:00:26,598 [main] INFO  replication.ReplicationSupervisor (ReplicationSupervisor.java:nodeStateUpdated(317)) - Node state updated to IN_SERVICE, scaling executor pool size to 10
2024-03-04 13:00:26,600 [main] INFO  http.BaseHttpServer (BaseHttpServer.java:newHttpServer2BuilderForOzone(223)) - Starting Web-server for hddsDatanode at: http://0.0.0.0:15207
2024-03-04 13:00:26,600 [main] INFO  http.BaseHttpServer (BaseHttpServer.java:<init>(110)) - Hadoop Security Enabled: false Ozone Security Enabled: false Ozone HTTP Security Enabled: false 
2024-03-04 13:00:26,601 [main] WARN  server.AuthenticationFilter (AuthenticationFilter.java:constructSecretProvider(240)) - Unable to initialize FileSignerSecretProvider, falling back to use random secrets. Reason: Could not read signature secret file: /home/runner/hadoop-http-auth-signature-secret
2024-03-04 13:00:26,601 [main] INFO  http.HttpRequestLog (HttpRequestLog.java:getRequestLog(86)) - Http request log for http.requests.hddsDatanode is not defined
2024-03-04 13:00:26,602 [main] INFO  http.HttpServer2 (HttpServer2.java:addGlobalFilter(1036)) - Added global filter 'safety' (class=org.apache.hadoop.hdds.server.http.HttpServer2$QuotingInputFilter)
2024-03-04 13:00:26,602 [main] INFO  http.HttpServer2 (HttpServer2.java:addFilter(1012)) - Added filter static_user_filter (class=org.apache.hadoop.http.lib.StaticUserWebFilter$StaticUserFilter) to context hddsDatanode
2024-03-04 13:00:26,602 [main] INFO  http.HttpServer2 (HttpServer2.java:addFilter(1020)) - Added filter static_user_filter (class=org.apache.hadoop.http.lib.StaticUserWebFilter$StaticUserFilter) to context static
2024-03-04 13:00:26,602 [main] INFO  http.HttpServer2 (HttpServer2.java:addFilter(1020)) - Added filter static_user_filter (class=org.apache.hadoop.http.lib.StaticUserWebFilter$StaticUserFilter) to context logs
2024-03-04 13:00:26,602 [main] INFO  http.BaseHttpServer (BaseHttpServer.java:<init>(189)) - HTTP server of hddsDatanode uses base directory /home/runner/work/ozone/ozone/hadoop-ozone/integration-test/target/test-dir/MiniOzoneClusterImpl-42dd095f-3e4b-4e15-bcdd-4f5539ea9781/ozone-meta/datanode-3/meta/webserver
2024-03-04 13:00:26,603 [main] INFO  http.HttpServer2 (HttpServer2.java:bindListener(1236)) - Jetty bound to port 15207
2024-03-04 13:00:26,603 [main] INFO  server.Server (Server.java:doStart(375)) - jetty-9.4.53.v20231009; built: 2023-10-09T12:29:09.265Z; git: 27bde00a0b95a1d5bbee0eae7984f891d2d0f8c9; jvm 1.8.0_402-b06
2024-03-04 13:00:26,603 [main] INFO  server.session (DefaultSessionIdManager.java:doStart(334)) - DefaultSessionIdManager workerName=node0
2024-03-04 13:00:26,604 [main] INFO  server.session (DefaultSessionIdManager.java:doStart(339)) - No SessionScavenger set, using defaults
2024-03-04 13:00:26,604 [main] INFO  server.session (HouseKeeper.java:startScavenging(132)) - node0 Scavenging every 660000ms
2024-03-04 13:00:26,604 [main] INFO  handler.ContextHandler (ContextHandler.java:doStart(921)) - Started o.e.j.s.ServletContextHandler@2de0f6f8{logs,/logs,file:///home/runner/work/ozone/ozone/hadoop-ozone/integration-test/target/log,AVAILABLE}
2024-03-04 13:00:26,604 [main] INFO  handler.ContextHandler (ContextHandler.java:doStart(921)) - Started o.e.j.s.ServletContextHandler@61485a6c{static,/static,jar:file:/home/runner/.m2/repository/org/apache/ozone/hdds-container-service/1.5.0-SNAPSHOT/hdds-container-service-1.5.0-SNAPSHOT.jar!/webapps/static,AVAILABLE}
2024-03-04 13:00:26,635 [main] INFO  handler.ContextHandler (ContextHandler.java:doStart(921)) - Started o.e.j.w.WebAppContext@34ae5ab3{hddsDatanode,/,file:///home/runner/work/ozone/ozone/hadoop-ozone/integration-test/target/test-dir/MiniOzoneClusterImpl-42dd095f-3e4b-4e15-bcdd-4f5539ea9781/ozone-meta/datanode-3/meta/webserver/jetty-0_0_0_0-15207-hdds-container-service-1_5_0-SNAPSHOT_jar-_-any-6711499474249522223/webapp/,AVAILABLE}{jar:file:/home/runner/.m2/repository/org/apache/ozone/hdds-container-service/1.5.0-SNAPSHOT/hdds-container-service-1.5.0-SNAPSHOT.jar!/webapps/hddsDatanode}
2024-03-04 13:00:26,636 [main] INFO  server.AbstractConnector (AbstractConnector.java:doStart(333)) - Started ServerConnector@1ad16c03{HTTP/1.1, (http/1.1)}{0.0.0.0:15207}
2024-03-04 13:00:26,636 [main] INFO  server.Server (Server.java:doStart(415)) - Started @522219ms
2024-03-04 13:00:26,636 [main] WARN  impl.MetricsSystemImpl (MetricsSystemImpl.java:register(279)) - Sink prometheus already exists!
2024-03-04 13:00:26,636 [main] INFO  http.BaseHttpServer (BaseHttpServer.java:updateConnectorAddress(354)) - HTTP server of hddsDatanode listening at http://0.0.0.0:15207
2024-03-04 13:00:26,637 [main] INFO  ipc.CallQueueManager (CallQueueManager.java:<init>(90)) - Using callQueue: class java.util.concurrent.LinkedBlockingQueue, queueCapacity: 100, scheduler: class org.apache.hadoop.ipc.DefaultRpcScheduler, ipcBackoff: false.
2024-03-04 13:00:26,637 [main] INFO  ipc.Server (Server.java:<init>(1287)) - Listener at 0.0.0.0:15208
2024-03-04 13:00:26,637 [Socket Reader #1 for port 15208] INFO  ipc.Server (Server.java:run(1323)) - Starting Socket Reader #1 for port 15208
2024-03-04 13:00:26,639 [main] INFO  ozone.HddsDatanodeService (HddsDatanodeService.java:start(327)) - Datanode start with admins: [*, runner]
2024-03-04 13:00:26,639 [main] INFO  ozone.HddsDatanodeClientProtocolServer (HddsDatanodeClientProtocolServer.java:start(77)) - RPC server for Client /0.0.0.0:15208
2024-03-04 13:00:26,639 [IPC Server Responder] INFO  ipc.Server (Server.java:run(1562)) - IPC Server Responder: starting
2024-03-04 13:00:26,639 [IPC Server listener on 15208] INFO  ipc.Server (Server.java:run(1402)) - IPC Server listener on 15208: starting
2024-03-04 13:00:26,641 [6bdc426a-463a-4847-89b4-5f17f88a218e-DatanodeStateMachineDaemonThread] INFO  statemachine.DatanodeStateMachine (DatanodeStateMachine.java:lambda$startDaemon$1(555)) - Ozone container server started.
2024-03-04 13:00:26,641 [main] INFO  ozone.MiniOzoneClusterImpl (MiniOzoneClusterImpl.java:lambda$waitForClusterToBeReady$0(194)) - Waiting for nodes to be ready. Got 0 of 3 DN Heartbeats.
2024-03-04 13:00:26,642 [main] INFO  ozone.MiniOzoneClusterImpl (MiniOzoneClusterImpl.java:lambda$waitForClusterToBeReady$0(197)) - Waiting for cluster to exit safe mode
2024-03-04 13:00:26,642 [main] INFO  ozone.MiniOzoneClusterImpl (MiniOzoneClusterImpl.java:lambda$waitForClusterToBeReady$0(199)) - SCM became leader
2024-03-04 13:00:26,645 [6bdc426a-463a-4847-89b4-5f17f88a218e-DatanodeStateMachineTaskThread-0] INFO  datanode.InitDatanodeState (InitDatanodeState.java:persistContainerDatanodeDetails(139)) - DatanodeDetails is persisted to /home/runner/work/ozone/ozone/hadoop-ozone/integration-test/target/test-dir/MiniOzoneClusterImpl-42dd095f-3e4b-4e15-bcdd-4f5539ea9781/ozone-meta/datanode-3/meta/datanode.id
2024-03-04 13:00:26,653 [omNode-1@group-523986131536-FollowerState] INFO  impl.FollowerState (FollowerState.java:run(143)) - omNode-1@group-523986131536-FollowerState: change to CANDIDATE, lastRpcElapsedTime:1181510857ns, electionTimeout:1181ms
2024-03-04 13:00:26,653 [omNode-1@group-523986131536-FollowerState] INFO  impl.RoleInfo (RoleInfo.java:shutdownFollowerState(110)) - omNode-1: shutdown omNode-1@group-523986131536-FollowerState
2024-03-04 13:00:26,653 [omNode-1@group-523986131536-FollowerState] INFO  server.RaftServer$Division (RaftServerImpl.java:setRole(383)) - omNode-1@group-523986131536: changes role from  FOLLOWER to CANDIDATE at term 0 for changeToCandidate
2024-03-04 13:00:26,653 [omNode-1@group-523986131536-FollowerState] INFO  server.RaftServerConfigKeys (ConfUtils.java:logGet(46)) - raft.server.leaderelection.pre-vote = true (default)
2024-03-04 13:00:26,653 [omNode-1@group-523986131536-FollowerState] INFO  impl.RoleInfo (RoleInfo.java:updateAndGet(139)) - omNode-1: start omNode-1@group-523986131536-LeaderElection40
2024-03-04 13:00:26,654 [omNode-1@group-523986131536-LeaderElection40] INFO  impl.LeaderElection (LeaderElection.java:askForVotes(321)) - omNode-1@group-523986131536-LeaderElection40 PRE_VOTE round 0: submit vote requests at term 0 for -1: peers:[omNode-3|localhost:15187, omNode-1|localhost:15179, omNode-2|localhost:15183]|listeners:[], old=null
2024-03-04 13:00:26,654 [omNode-1@group-523986131536-LeaderElection40-1] INFO  server.GrpcServerProtocolClient (GrpcServerProtocolClient.java:<init>(65)) - Build channel for omNode-3|localhost:15187
2024-03-04 13:00:26,654 [omNode-1@group-523986131536-LeaderElection40-2] INFO  server.GrpcServerProtocolClient (GrpcServerProtocolClient.java:<init>(65)) - Build channel for omNode-2|localhost:15183
2024-03-04 13:00:26,654 [omNode-1@group-523986131536-LeaderElection40] INFO  server.RaftServerConfigKeys (ConfUtils.java:logFallback(53)) - raft.server.rpc.first-election.timeout.min = 1s (fallback to raft.server.rpc.timeout.min)
2024-03-04 13:00:26,655 [omNode-1@group-523986131536-LeaderElection40] INFO  server.RaftServerConfigKeys (ConfUtils.java:logFallback(53)) - raft.server.rpc.first-election.timeout.max = 1200ms (fallback to raft.server.rpc.timeout.max)
2024-03-04 13:00:26,661 [grpc-default-executor-1] INFO  server.RaftServer$Division (RaftServerImpl.java:requestVote(1389)) - omNode-3@group-523986131536: receive requestVote(PRE_VOTE, omNode-1, group-523986131536, 0, (t:0, i:~))
2024-03-04 13:00:26,662 [grpc-default-executor-1] INFO  impl.VoteContext (VoteContext.java:log(49)) - omNode-3@group-523986131536-FOLLOWER: accept PRE_VOTE from omNode-1: our priority 0 <= candidate's priority 0
2024-03-04 13:00:26,662 [grpc-default-executor-1] INFO  server.RaftServer$Division (RaftServerImpl.java:requestVote(1422)) - omNode-3@group-523986131536 replies to PRE_VOTE vote request: omNode-1<-omNode-3#0:OK-t0. Peer's state: omNode-3@group-523986131536:t0, leader=null, voted=, raftlog=Memoized:omNode-3@group-523986131536-SegmentedRaftLog:OPENED:c-1, conf=-1: peers:[omNode-3|localhost:15187, omNode-1|localhost:15179, omNode-2|localhost:15183]|listeners:[], old=null
2024-03-04 13:00:26,661 [grpc-default-executor-0] INFO  server.RaftServer$Division (RaftServerImpl.java:requestVote(1389)) - omNode-2@group-523986131536: receive requestVote(PRE_VOTE, omNode-1, group-523986131536, 0, (t:0, i:~))
2024-03-04 13:00:26,662 [omNode-1@group-523986131536-LeaderElection40] INFO  impl.LeaderElection (LeaderElection.java:logAndReturn(89)) - omNode-1@group-523986131536-LeaderElection40: PRE_VOTE PASSED received 1 response(s) and 0 exception(s):
2024-03-04 13:00:26,662 [omNode-1@group-523986131536-LeaderElection40] INFO  impl.LeaderElection (LeaderElection.java:logAndReturn(93)) -   Response 0: omNode-1<-omNode-3#0:OK-t0
2024-03-04 13:00:26,662 [omNode-1@group-523986131536-LeaderElection40] INFO  impl.LeaderElection (LeaderElection.java:askForVotes(323)) - omNode-1@group-523986131536-LeaderElection40 PRE_VOTE round 0: result PASSED
2024-03-04 13:00:26,662 [grpc-default-executor-0] INFO  impl.VoteContext (VoteContext.java:log(49)) - omNode-2@group-523986131536-FOLLOWER: accept PRE_VOTE from omNode-1: our priority 0 <= candidate's priority 0
2024-03-04 13:00:26,663 [grpc-default-executor-0] INFO  server.RaftServer$Division (RaftServerImpl.java:requestVote(1422)) - omNode-2@group-523986131536 replies to PRE_VOTE vote request: omNode-1<-omNode-2#0:OK-t0. Peer's state: omNode-2@group-523986131536:t0, leader=null, voted=, raftlog=Memoized:omNode-2@group-523986131536-SegmentedRaftLog:OPENED:c-1, conf=-1: peers:[omNode-3|localhost:15187, omNode-1|localhost:15179, omNode-2|localhost:15183]|listeners:[], old=null
2024-03-04 13:00:26,664 [omNode-1@group-523986131536-LeaderElection40] INFO  impl.LeaderElection (LeaderElection.java:askForVotes(321)) - omNode-1@group-523986131536-LeaderElection40 ELECTION round 0: submit vote requests at term 1 for -1: peers:[omNode-3|localhost:15187, omNode-1|localhost:15179, omNode-2|localhost:15183]|listeners:[], old=null
2024-03-04 13:00:26,665 [omNode-1@group-523986131536-LeaderElection40] INFO  server.RaftServerConfigKeys (ConfUtils.java:logFallback(53)) - raft.server.rpc.first-election.timeout.min = 1s (fallback to raft.server.rpc.timeout.min)
2024-03-04 13:00:26,665 [omNode-1@group-523986131536-LeaderElection40] INFO  server.RaftServerConfigKeys (ConfUtils.java:logFallback(53)) - raft.server.rpc.first-election.timeout.max = 1200ms (fallback to raft.server.rpc.timeout.max)
2024-03-04 13:00:26,665 [grpc-default-executor-0] INFO  server.RaftServer$Division (RaftServerImpl.java:requestVote(1389)) - omNode-2@group-523986131536: receive requestVote(ELECTION, omNode-1, group-523986131536, 1, (t:0, i:~))
2024-03-04 13:00:26,665 [grpc-default-executor-1] INFO  server.RaftServer$Division (RaftServerImpl.java:requestVote(1389)) - omNode-3@group-523986131536: receive requestVote(ELECTION, omNode-1, group-523986131536, 1, (t:0, i:~))
2024-03-04 13:00:26,665 [grpc-default-executor-0] INFO  impl.VoteContext (VoteContext.java:log(49)) - omNode-2@group-523986131536-FOLLOWER: accept ELECTION from omNode-1: our priority 0 <= candidate's priority 0
2024-03-04 13:00:26,666 [grpc-default-executor-1] INFO  impl.VoteContext (VoteContext.java:log(49)) - omNode-3@group-523986131536-FOLLOWER: accept ELECTION from omNode-1: our priority 0 <= candidate's priority 0
2024-03-04 13:00:26,666 [grpc-default-executor-0] INFO  server.RaftServer$Division (RaftServerImpl.java:setRole(383)) - omNode-2@group-523986131536: changes role from  FOLLOWER to FOLLOWER at term 1 for candidate:omNode-1
2024-03-04 13:00:26,666 [grpc-default-executor-1] INFO  server.RaftServer$Division (RaftServerImpl.java:setRole(383)) - omNode-3@group-523986131536: changes role from  FOLLOWER to FOLLOWER at term 1 for candidate:omNode-1
2024-03-04 13:00:26,666 [grpc-default-executor-1] INFO  impl.RoleInfo (RoleInfo.java:shutdownFollowerState(110)) - omNode-3: shutdown omNode-3@group-523986131536-FollowerState
2024-03-04 13:00:26,666 [grpc-default-executor-1] INFO  impl.RoleInfo (RoleInfo.java:updateAndGet(139)) - omNode-3: start omNode-3@group-523986131536-FollowerState
2024-03-04 13:00:26,666 [grpc-default-executor-0] INFO  impl.RoleInfo (RoleInfo.java:shutdownFollowerState(110)) - omNode-2: shutdown omNode-2@group-523986131536-FollowerState
2024-03-04 13:00:26,666 [grpc-default-executor-1] INFO  server.RaftServer$Division (RaftServerImpl.java:setFirstElection(574)) - omNode-3@group-523986131536: set firstElectionSinceStartup to false for candidate:omNode-1
2024-03-04 13:00:26,666 [grpc-default-executor-0] INFO  impl.RoleInfo (RoleInfo.java:updateAndGet(139)) - omNode-2: start omNode-2@group-523986131536-FollowerState
2024-03-04 13:00:26,666 [omNode-3@group-523986131536-FollowerState] INFO  impl.FollowerState (FollowerState.java:run(152)) - omNode-3@group-523986131536-FollowerState was interrupted
2024-03-04 13:00:26,666 [omNode-2@group-523986131536-FollowerState] INFO  impl.FollowerState (FollowerState.java:run(152)) - omNode-2@group-523986131536-FollowerState was interrupted
2024-03-04 13:00:26,666 [grpc-default-executor-0] INFO  server.RaftServer$Division (RaftServerImpl.java:setFirstElection(574)) - omNode-2@group-523986131536: set firstElectionSinceStartup to false for candidate:omNode-1
2024-03-04 13:00:26,667 [grpc-default-executor-1] INFO  server.RaftServer$Division (RaftServerImpl.java:requestVote(1422)) - omNode-3@group-523986131536 replies to ELECTION vote request: omNode-1<-omNode-3#0:OK-t1. Peer's state: omNode-3@group-523986131536:t1, leader=null, voted=omNode-1, raftlog=Memoized:omNode-3@group-523986131536-SegmentedRaftLog:OPENED:c-1, conf=-1: peers:[omNode-3|localhost:15187, omNode-1|localhost:15179, omNode-2|localhost:15183]|listeners:[], old=null
2024-03-04 13:00:26,667 [grpc-default-executor-0] INFO  server.RaftServer$Division (RaftServerImpl.java:requestVote(1422)) - omNode-2@group-523986131536 replies to ELECTION vote request: omNode-1<-omNode-2#0:OK-t1. Peer's state: omNode-2@group-523986131536:t1, leader=null, voted=omNode-1, raftlog=Memoized:omNode-2@group-523986131536-SegmentedRaftLog:OPENED:c-1, conf=-1: peers:[omNode-3|localhost:15187, omNode-1|localhost:15179, omNode-2|localhost:15183]|listeners:[], old=null
2024-03-04 13:00:26,668 [omNode-1@group-523986131536-LeaderElection40] INFO  impl.LeaderElection (LeaderElection.java:logAndReturn(89)) - omNode-1@group-523986131536-LeaderElection40: ELECTION PASSED received 1 response(s) and 0 exception(s):
2024-03-04 13:00:26,668 [omNode-1@group-523986131536-LeaderElection40] INFO  impl.LeaderElection (LeaderElection.java:logAndReturn(93)) -   Response 0: omNode-1<-omNode-2#0:OK-t1
2024-03-04 13:00:26,668 [omNode-1@group-523986131536-LeaderElection40] INFO  impl.LeaderElection (LeaderElection.java:askForVotes(323)) - omNode-1@group-523986131536-LeaderElection40 ELECTION round 0: result PASSED
2024-03-04 13:00:26,668 [omNode-1@group-523986131536-LeaderElection40] INFO  impl.RoleInfo (RoleInfo.java:shutdownLeaderElection(130)) - omNode-1: shutdown omNode-1@group-523986131536-LeaderElection40
2024-03-04 13:00:26,668 [omNode-1@group-523986131536-LeaderElection40] INFO  server.RaftServer$Division (RaftServerImpl.java:setRole(383)) - omNode-1@group-523986131536: changes role from CANDIDATE to LEADER at term 1 for changeToLeader
2024-03-04 13:00:26,668 [omNode-1@group-523986131536-LeaderElection40] INFO  server.RaftServerConfigKeys (ConfUtils.java:logGet(46)) - raft.server.staging.catchup.gap = 1000 (default)
2024-03-04 13:00:26,668 [omNode-1@group-523986131536-LeaderElection40] INFO  server.RaftServerConfigKeys (ConfUtils.java:logGet(46)) - raft.server.write.element-limit = 4096 (default)
2024-03-04 13:00:26,668 [omNode-1@group-523986131536-LeaderElection40] INFO  server.RaftServerConfigKeys (ConfUtils.java:logGet(46)) - raft.server.write.byte-limit = 64MB (=67108864) (default)
2024-03-04 13:00:26,668 [omNode-1@group-523986131536-LeaderElection40] INFO  server.RaftServerConfigKeys (ConfUtils.java:logGet(46)) - raft.server.watch.timeout = 10s (default)
2024-03-04 13:00:26,668 [omNode-1@group-523986131536-LeaderElection40] INFO  server.RaftServerConfigKeys (ConfUtils.java:logGet(46)) - raft.server.watch.timeout.denomination = 1s (default)
2024-03-04 13:00:26,668 [omNode-1@group-523986131536-LeaderElection40] INFO  server.RaftServerConfigKeys (ConfUtils.java:logGet(46)) - raft.server.watch.element-limit = 65536 (default)
2024-03-04 13:00:26,668 [omNode-1@group-523986131536-LeaderElection40] INFO  server.RaftServerConfigKeys (ConfUtils.java:logGet(46)) - raft.server.read.leader.lease.enabled = false (default)
2024-03-04 13:00:26,668 [omNode-1@group-523986131536-LeaderElection40] INFO  server.RaftServerConfigKeys (ConfUtils.java:logGet(46)) - raft.server.read.leader.lease.timeout.ratio = 0.9 (default)
2024-03-04 13:00:26,668 [omNode-1@group-523986131536-LeaderElection40] INFO  server.RaftServerConfigKeys (ConfUtils.java:logGet(46)) - raft.server.rpc.timeout.min = 1s (custom)
2024-03-04 13:00:26,668 [omNode-1@group-523986131536-LeaderElection40] INFO  server.RaftServerConfigKeys (ConfUtils.java:logGet(46)) - raft.server.write.element-limit = 4096 (default)
2024-03-04 13:00:26,668 [omNode-1@group-523986131536-LeaderElection40] INFO  server.RaftServerConfigKeys (ConfUtils.java:logGet(46)) - raft.server.write.follower.gap.ratio.max = -1.0 (default)
2024-03-04 13:00:26,668 [omNode-1@group-523986131536-LeaderElection40] INFO  server.RaftServerConfigKeys (ConfUtils.java:logGet(46)) - raft.server.log.appender.snapshot.chunk.size.max = 16MB (=16777216) (default)
2024-03-04 13:00:26,669 [omNode-1@group-523986131536-LeaderElection40] INFO  server.RaftServerConfigKeys (ConfUtils.java:logGet(46)) - raft.server.log.appender.buffer.byte-limit = 4194304 (custom)
2024-03-04 13:00:26,669 [omNode-1@group-523986131536-LeaderElection40] INFO  server.RaftServerConfigKeys (ConfUtils.java:logGet(46)) - raft.server.log.appender.buffer.element-limit = 1024 (custom)
2024-03-04 13:00:26,669 [omNode-1@group-523986131536-LeaderElection40] INFO  server.RaftServerConfigKeys (ConfUtils.java:logGet(46)) - raft.server.log.appender.wait-time.min = 0ms (custom)
2024-03-04 13:00:26,669 [omNode-1@group-523986131536-LeaderElection40] INFO  grpc.GrpcConfigKeys (ConfUtils.java:logGet(46)) - raft.grpc.server.leader.outstanding.appends.max = 8 (default)
2024-03-04 13:00:26,669 [omNode-1@group-523986131536-LeaderElection40] INFO  server.RaftServerConfigKeys (ConfUtils.java:logGet(46)) - raft.server.rpc.request.timeout = 3000ms (default)
2024-03-04 13:00:26,669 [omNode-1@group-523986131536-LeaderElection40] INFO  grpc.GrpcConfigKeys (ConfUtils.java:logGet(46)) - raft.grpc.server.install_snapshot.request.element-limit = 8 (default)
2024-03-04 13:00:26,669 [omNode-1@group-523986131536-LeaderElection40] INFO  grpc.GrpcConfigKeys (ConfUtils.java:logGet(46)) - raft.grpc.server.install_snapshot.request.timeout = 3000ms (default)
2024-03-04 13:00:26,669 [omNode-1@group-523986131536-LeaderElection40] INFO  grpc.GrpcConfigKeys (ConfUtils.java:logGet(46)) - raft.grpc.server.log-message.batch.duration = 5s (default)
2024-03-04 13:00:26,669 [omNode-1@group-523986131536-LeaderElection40] INFO  server.RaftServerConfigKeys (ConfUtils.java:logGet(46)) - raft.server.log.appender.install.snapshot.enabled = false (custom)
2024-03-04 13:00:26,669 [omNode-1@group-523986131536-LeaderElection40] INFO  grpc.GrpcConfigKeys (ConfUtils.java:logGet(46)) - raft.grpc.server.heartbeat.channel = true (default)
2024-03-04 13:00:26,669 [omNode-1@group-523986131536-LeaderElection40] INFO  server.RaftServerConfigKeys (ConfUtils.java:logGet(46)) - raft.server.log.appender.snapshot.chunk.size.max = 16MB (=16777216) (default)
2024-03-04 13:00:26,669 [omNode-1@group-523986131536-LeaderElection40] INFO  server.RaftServerConfigKeys (ConfUtils.java:logGet(46)) - raft.server.log.appender.buffer.byte-limit = 4194304 (custom)
2024-03-04 13:00:26,670 [omNode-1@group-523986131536-LeaderElection40] INFO  server.RaftServerConfigKeys (ConfUtils.java:logGet(46)) - raft.server.log.appender.buffer.element-limit = 1024 (custom)
2024-03-04 13:00:26,670 [omNode-1@group-523986131536-LeaderElection40] INFO  server.RaftServerConfigKeys (ConfUtils.java:logGet(46)) - raft.server.log.appender.wait-time.min = 0ms (custom)
2024-03-04 13:00:26,670 [omNode-1@group-523986131536-LeaderElection40] INFO  grpc.GrpcConfigKeys (ConfUtils.java:logGet(46)) - raft.grpc.server.leader.outstanding.appends.max = 8 (default)
2024-03-04 13:00:26,670 [omNode-1@group-523986131536-LeaderElection40] INFO  server.RaftServerConfigKeys (ConfUtils.java:logGet(46)) - raft.server.rpc.request.timeout = 3000ms (default)
2024-03-04 13:00:26,670 [omNode-1@group-523986131536-LeaderElection40] INFO  grpc.GrpcConfigKeys (ConfUtils.java:logGet(46)) - raft.grpc.server.install_snapshot.request.element-limit = 8 (default)
2024-03-04 13:00:26,670 [omNode-1@group-523986131536-LeaderElection40] INFO  grpc.GrpcConfigKeys (ConfUtils.java:logGet(46)) - raft.grpc.server.install_snapshot.request.timeout = 3000ms (default)
2024-03-04 13:00:26,670 [omNode-1@group-523986131536-LeaderElection40] INFO  grpc.GrpcConfigKeys (ConfUtils.java:logGet(46)) - raft.grpc.server.log-message.batch.duration = 5s (default)
2024-03-04 13:00:26,670 [omNode-1@group-523986131536-LeaderElection40] INFO  server.RaftServerConfigKeys (ConfUtils.java:logGet(46)) - raft.server.log.appender.install.snapshot.enabled = false (custom)
2024-03-04 13:00:26,670 [omNode-1@group-523986131536-LeaderElection40] INFO  grpc.GrpcConfigKeys (ConfUtils.java:logGet(46)) - raft.grpc.server.heartbeat.channel = true (default)
2024-03-04 13:00:26,670 [omNode-1@group-523986131536-LeaderElection40] INFO  impl.RoleInfo (RoleInfo.java:updateAndGet(139)) - omNode-1: start omNode-1@group-523986131536-LeaderStateImpl
2024-03-04 13:00:26,670 [omNode-1@group-523986131536-LeaderElection40] INFO  server.RaftServer$Division (RaftServerImpl.java:setFirstElection(574)) - omNode-1@group-523986131536: set firstElectionSinceStartup to false for becomeLeader
2024-03-04 13:00:26,670 [omNode-1@group-523986131536-LeaderElection40] INFO  server.RaftServer$Division (ServerState.java:setLeader(269)) - omNode-1@group-523986131536: change Leader from null to omNode-1 at term 1 for becomeLeader, leader elected after 1394ms
2024-03-04 13:00:26,670 [omNode-1@group-523986131536-LeaderElection40] INFO  segmented.SegmentedRaftLogWorker (SegmentedRaftLogWorker.java:startLogSegment(430)) - omNode-1@group-523986131536-SegmentedRaftLogWorker: Starting segment from index:0
2024-03-04 13:00:26,671 [omNode-1@group-523986131536-LeaderElection40] INFO  server.RaftServer$Division (ServerState.java:setRaftConf(386)) - omNode-1@group-523986131536: set configuration 0: peers:[omNode-3|localhost:15187, omNode-1|localhost:15179, omNode-2|localhost:15183]|listeners:[], old=null
2024-03-04 13:00:26,671 [omNode-1@group-523986131536-SegmentedRaftLogWorker] INFO  segmented.BufferedWriteChannel (BufferedWriteChannel.java:open(62)) - open log_inprogress_0 at position 0
2024-03-04 13:00:26,679 [omNode-1@group-523986131536-SegmentedRaftLogWorker] INFO  segmented.SegmentedRaftLogWorker (SegmentedRaftLogWorker.java:execute(634)) - omNode-1@group-523986131536-SegmentedRaftLogWorker: created new log segment /home/runner/work/ozone/ozone/hadoop-ozone/integration-test/target/test-dir/MiniOzoneClusterImpl-42dd095f-3e4b-4e15-bcdd-4f5539ea9781/omNode-1/ratis/c9bc4cf4-3bc3-3c60-a66b-523986131536/current/log_inprogress_0
2024-03-04 13:00:26,684 [omNode-2-server-thread1] INFO  server.RaftServer$Division (ServerState.java:setLeader(269)) - omNode-2@group-523986131536: change Leader from null to omNode-1 at term 1 for appendEntries, leader elected after 994ms
2024-03-04 13:00:26,687 [omNode-3-server-thread1] INFO  server.RaftServer$Division (ServerState.java:setLeader(269)) - omNode-3@group-523986131536: change Leader from null to omNode-1 at term 1 for appendEntries, leader elected after 533ms
2024-03-04 13:00:26,690 [omNode-3-server-thread1] INFO  server.RaftServer$Division (ServerState.java:setRaftConf(386)) - omNode-3@group-523986131536: set configuration 0: peers:[omNode-3|localhost:15187, omNode-1|localhost:15179, omNode-2|localhost:15183]|listeners:[], old=null
2024-03-04 13:00:26,690 [omNode-2-server-thread2] INFO  server.RaftServer$Division (ServerState.java:setRaftConf(386)) - omNode-2@group-523986131536: set configuration 0: peers:[omNode-3|localhost:15187, omNode-1|localhost:15179, omNode-2|localhost:15183]|listeners:[], old=null
2024-03-04 13:00:26,690 [omNode-3-server-thread1] INFO  segmented.SegmentedRaftLogWorker (SegmentedRaftLogWorker.java:startLogSegment(430)) - omNode-3@group-523986131536-SegmentedRaftLogWorker: Starting segment from index:0
2024-03-04 13:00:26,690 [omNode-2-server-thread2] INFO  segmented.SegmentedRaftLogWorker (SegmentedRaftLogWorker.java:startLogSegment(430)) - omNode-2@group-523986131536-SegmentedRaftLogWorker: Starting segment from index:0
2024-03-04 13:00:26,690 [omNode-2@group-523986131536-SegmentedRaftLogWorker] INFO  segmented.BufferedWriteChannel (BufferedWriteChannel.java:open(62)) - open log_inprogress_0 at position 0
2024-03-04 13:00:26,692 [omNode-3@group-523986131536-SegmentedRaftLogWorker] INFO  segmented.BufferedWriteChannel (BufferedWriteChannel.java:open(62)) - open log_inprogress_0 at position 0
2024-03-04 13:00:26,702 [omNode-2@group-523986131536-SegmentedRaftLogWorker] INFO  segmented.SegmentedRaftLogWorker (SegmentedRaftLogWorker.java:execute(634)) - omNode-2@group-523986131536-SegmentedRaftLogWorker: created new log segment /home/runner/work/ozone/ozone/hadoop-ozone/integration-test/target/test-dir/MiniOzoneClusterImpl-42dd095f-3e4b-4e15-bcdd-4f5539ea9781/omNode-2/ratis/c9bc4cf4-3bc3-3c60-a66b-523986131536/current/log_inprogress_0
2024-03-04 13:00:26,702 [omNode-3@group-523986131536-SegmentedRaftLogWorker] INFO  segmented.SegmentedRaftLogWorker (SegmentedRaftLogWorker.java:execute(634)) - omNode-3@group-523986131536-SegmentedRaftLogWorker: created new log segment /home/runner/work/ozone/ozone/hadoop-ozone/integration-test/target/test-dir/MiniOzoneClusterImpl-42dd095f-3e4b-4e15-bcdd-4f5539ea9781/omNode-3/ratis/c9bc4cf4-3bc3-3c60-a66b-523986131536/current/log_inprogress_0
2024-03-04 13:00:26,704 [omNode-1@group-523986131536-StateMachineUpdater] INFO  ratis.OzoneManagerStateMachine (OzoneManagerStateMachine.java:notifyConfigurationChanged(198)) - Received Configuration change notification from Ratis. New Peer list:
[id: "omNode-3"
address: "localhost:15187"
startupRole: FOLLOWER
, id: "omNode-1"
address: "localhost:15179"
startupRole: FOLLOWER
, id: "omNode-2"
address: "localhost:15183"
startupRole: FOLLOWER
]
2024-03-04 13:00:26,704 [omNode-1@group-523986131536-StateMachineUpdater] INFO  server.RaftServer$Division (LeaderStateImpl.java:isApplied(320)) - leader is ready since appliedIndex == 0 >= startIndex == 0
2024-03-04 13:00:27,209 [omNode-2@group-523986131536-StateMachineUpdater] INFO  ratis.OzoneManagerStateMachine (OzoneManagerStateMachine.java:notifyConfigurationChanged(198)) - Received Configuration change notification from Ratis. New Peer list:
[id: "omNode-3"
address: "localhost:15187"
startupRole: FOLLOWER
, id: "omNode-1"
address: "localhost:15179"
startupRole: FOLLOWER
, id: "omNode-2"
address: "localhost:15183"
startupRole: FOLLOWER
]
2024-03-04 13:00:27,210 [omNode-3@group-523986131536-StateMachineUpdater] INFO  ratis.OzoneManagerStateMachine (OzoneManagerStateMachine.java:notifyConfigurationChanged(198)) - Received Configuration change notification from Ratis. New Peer list:
[id: "omNode-3"
address: "localhost:15187"
startupRole: FOLLOWER
, id: "omNode-1"
address: "localhost:15179"
startupRole: FOLLOWER
, id: "omNode-2"
address: "localhost:15183"
startupRole: FOLLOWER
]
2024-03-04 13:00:27,643 [main] INFO  ozone.MiniOzoneClusterImpl (MiniOzoneClusterImpl.java:lambda$waitForClusterToBeReady$0(194)) - Waiting for nodes to be ready. Got 0 of 3 DN Heartbeats.
2024-03-04 13:00:27,643 [main] INFO  ozone.MiniOzoneClusterImpl (MiniOzoneClusterImpl.java:lambda$waitForClusterToBeReady$0(197)) - Waiting for cluster to exit safe mode
2024-03-04 13:00:27,643 [main] INFO  ozone.MiniOzoneClusterImpl (MiniOzoneClusterImpl.java:lambda$waitForClusterToBeReady$0(199)) - SCM became leader
2024-03-04 13:00:28,490 [74a0a60a-5e75-4204-b15b-76eff6c3355e-EndpointStateMachineTaskThread-/0.0.0.0:15174-0 ] INFO  utils.DatanodeStoreCache (DatanodeStoreCache.java:addDB(72)) - Added db /home/runner/work/ozone/ozone/hadoop-ozone/integration-test/target/test-dir/MiniOzoneClusterImpl-42dd095f-3e4b-4e15-bcdd-4f5539ea9781/ozone-meta/datanode-1/data-0/hdds/42dd095f-3e4b-4e15-bcdd-4f5539ea9781/DS-108a0305-a115-4a3f-bd4f-09add7c169c8/container.db to cache
2024-03-04 13:00:28,490 [74a0a60a-5e75-4204-b15b-76eff6c3355e-EndpointStateMachineTaskThread-/0.0.0.0:15174-0 ] INFO  volume.HddsVolume (HddsVolume.java:createDbStore(420)) - SchemaV3 db is created and loaded at /home/runner/work/ozone/ozone/hadoop-ozone/integration-test/target/test-dir/MiniOzoneClusterImpl-42dd095f-3e4b-4e15-bcdd-4f5539ea9781/ozone-meta/datanode-1/data-0/hdds/42dd095f-3e4b-4e15-bcdd-4f5539ea9781/DS-108a0305-a115-4a3f-bd4f-09add7c169c8/container.db for volume DS-108a0305-a115-4a3f-bd4f-09add7c169c8
2024-03-04 13:00:28,491 [74a0a60a-5e75-4204-b15b-76eff6c3355e-ContainerReader-0] INFO  ozoneimpl.ContainerReader (ContainerReader.java:readVolume(148)) - Start to verify containers on volume /home/runner/work/ozone/ozone/hadoop-ozone/integration-test/target/test-dir/MiniOzoneClusterImpl-42dd095f-3e4b-4e15-bcdd-4f5539ea9781/ozone-meta/datanode-1/data-0/hdds
2024-03-04 13:00:28,491 [74a0a60a-5e75-4204-b15b-76eff6c3355e-ContainerReader-0] INFO  ozoneimpl.ContainerReader (ContainerReader.java:readVolume(178)) - Finish verifying containers on volume /home/runner/work/ozone/ozone/hadoop-ozone/integration-test/target/test-dir/MiniOzoneClusterImpl-42dd095f-3e4b-4e15-bcdd-4f5539ea9781/ozone-meta/datanode-1/data-0/hdds
2024-03-04 13:00:28,492 [74a0a60a-5e75-4204-b15b-76eff6c3355e-EndpointStateMachineTaskThread-/0.0.0.0:15174-0 ] INFO  ozoneimpl.OzoneContainer (OzoneContainer.java:buildContainerSet(328)) - Build ContainerSet costs 0s
2024-03-04 13:00:28,492 [74a0a60a-5e75-4204-b15b-76eff6c3355e-EndpointStateMachineTaskThread-/0.0.0.0:15174-0 ] INFO  volume.ThrottledAsyncChecker (ThrottledAsyncChecker.java:schedule(141)) - Scheduling a check for /home/runner/work/ozone/ozone/hadoop-ozone/integration-test/target/test-dir/MiniOzoneClusterImpl-42dd095f-3e4b-4e15-bcdd-4f5539ea9781/ozone-meta/datanode-1/data-0/hdds
2024-03-04 13:00:28,492 [74a0a60a-5e75-4204-b15b-76eff6c3355e-EndpointStateMachineTaskThread-/0.0.0.0:15174-0 ] INFO  volume.StorageVolumeChecker (StorageVolumeChecker.java:checkAllVolumes(218)) - Scheduled health check for volume /home/runner/work/ozone/ozone/hadoop-ozone/integration-test/target/test-dir/MiniOzoneClusterImpl-42dd095f-3e4b-4e15-bcdd-4f5539ea9781/ozone-meta/datanode-1/data-0/hdds
2024-03-04 13:00:28,494 [74a0a60a-5e75-4204-b15b-76eff6c3355e-EndpointStateMachineTaskThread-/0.0.0.0:15174-0 ] INFO  volume.ThrottledAsyncChecker (ThrottledAsyncChecker.java:schedule(141)) - Scheduling a check for /home/runner/work/ozone/ozone/hadoop-ozone/integration-test/target/test-dir/MiniOzoneClusterImpl-42dd095f-3e4b-4e15-bcdd-4f5539ea9781/ozone-meta/datanode-1/ratis
2024-03-04 13:00:28,494 [74a0a60a-5e75-4204-b15b-76eff6c3355e-EndpointStateMachineTaskThread-/0.0.0.0:15174-0 ] INFO  volume.StorageVolumeChecker (StorageVolumeChecker.java:checkAllVolumes(218)) - Scheduled health check for volume /home/runner/work/ozone/ozone/hadoop-ozone/integration-test/target/test-dir/MiniOzoneClusterImpl-42dd095f-3e4b-4e15-bcdd-4f5539ea9781/ozone-meta/datanode-1/ratis
2024-03-04 13:00:28,494 [74a0a60a-5e75-4204-b15b-76eff6c3355e-EndpointStateMachineTaskThread-/0.0.0.0:15174-0 ] INFO  ozoneimpl.OzoneContainer (OzoneContainer.java:start(459)) - Attempting to start container services.
2024-03-04 13:00:28,494 [74a0a60a-5e75-4204-b15b-76eff6c3355e-EndpointStateMachineTaskThread-/0.0.0.0:15174-0 ] INFO  ozoneimpl.OzoneContainer (OzoneContainer.java:startContainerScrub(339)) - Scheduled background container scanners and the on-demand container scanner have been disabled.
2024-03-04 13:00:28,495 [74a0a60a-5e75-4204-b15b-76eff6c3355e-EndpointStateMachineTaskThread-/0.0.0.0:15174-0 ] INFO  replication.ReplicationServer (ReplicationServer.java:start(142)) - ReplicationServer is started using port 15196
2024-03-04 13:00:28,495 [74a0a60a-5e75-4204-b15b-76eff6c3355e-EndpointStateMachineTaskThread-/0.0.0.0:15174-0 ] INFO  ratis.XceiverServerRatis (XceiverServerRatis.java:start(566)) - Starting XceiverServerRatis 74a0a60a-5e75-4204-b15b-76eff6c3355e
2024-03-04 13:00:28,496 [74a0a60a-5e75-4204-b15b-76eff6c3355e-EndpointStateMachineTaskThread-/0.0.0.0:15174-0 ] INFO  server.RaftServer (RaftServerProxy.java:startImpl(406)) - 74a0a60a-5e75-4204-b15b-76eff6c3355e: start RPC server
2024-03-04 13:00:28,496 [74a0a60a-5e75-4204-b15b-76eff6c3355e-EndpointStateMachineTaskThread-/0.0.0.0:15174-0 ] INFO  server.GrpcService (GrpcService.java:startImpl(302)) - 74a0a60a-5e75-4204-b15b-76eff6c3355e: GrpcService started, listening on 15192
2024-03-04 13:00:28,497 [74a0a60a-5e75-4204-b15b-76eff6c3355e-EndpointStateMachineTaskThread-/0.0.0.0:15174-0 ] INFO  server.GrpcService (GrpcService.java:startImpl(302)) - 74a0a60a-5e75-4204-b15b-76eff6c3355e: GrpcService started, listening on 15194
2024-03-04 13:00:28,498 [74a0a60a-5e75-4204-b15b-76eff6c3355e-EndpointStateMachineTaskThread-/0.0.0.0:15174-0 ] INFO  server.GrpcService (GrpcService.java:startImpl(302)) - 74a0a60a-5e75-4204-b15b-76eff6c3355e: GrpcService started, listening on 15193
2024-03-04 13:00:28,498 [74a0a60a-5e75-4204-b15b-76eff6c3355e-EndpointStateMachineTaskThread-/0.0.0.0:15174-0 ] INFO  ratis.XceiverServerRatis (XceiverServerRatis.java:getRealPort(592)) - XceiverServerRatis 74a0a60a-5e75-4204-b15b-76eff6c3355e is started using port 15192 for RATIS
2024-03-04 13:00:28,498 [74a0a60a-5e75-4204-b15b-76eff6c3355e-EndpointStateMachineTaskThread-/0.0.0.0:15174-0 ] INFO  ratis.XceiverServerRatis (XceiverServerRatis.java:getRealPort(592)) - XceiverServerRatis 74a0a60a-5e75-4204-b15b-76eff6c3355e is started using port 15193 for RATIS_ADMIN
2024-03-04 13:00:28,498 [JvmPauseMonitor53] INFO  util.JvmPauseMonitor (JvmPauseMonitor.java:run(146)) - JvmPauseMonitor-74a0a60a-5e75-4204-b15b-76eff6c3355e: Started
2024-03-04 13:00:28,498 [74a0a60a-5e75-4204-b15b-76eff6c3355e-EndpointStateMachineTaskThread-/0.0.0.0:15174-0 ] INFO  ratis.XceiverServerRatis (XceiverServerRatis.java:getRealPort(592)) - XceiverServerRatis 74a0a60a-5e75-4204-b15b-76eff6c3355e is started using port 15194 for RATIS_SERVER
2024-03-04 13:00:28,498 [74a0a60a-5e75-4204-b15b-76eff6c3355e-EndpointStateMachineTaskThread-/0.0.0.0:15174-0 ] INFO  ratis.XceiverServerRatis (XceiverServerRatis.java:getRealPort(592)) - XceiverServerRatis 74a0a60a-5e75-4204-b15b-76eff6c3355e is started using port 15195 for RATIS_DATASTREAM
2024-03-04 13:00:28,499 [74a0a60a-5e75-4204-b15b-76eff6c3355e-BlockDeletingService#0] INFO  interfaces.ContainerDeletionChoosingPolicyTemplate (ContainerDeletionChoosingPolicyTemplate.java:chooseContainerForBlockDeletion(85)) - Chosen 0/5000 blocks from 0 candidate containers.
2024-03-04 13:00:28,572 [e85487f0-f005-4db6-b4de-13885556b81a-EndpointStateMachineTaskThread-/0.0.0.0:15174-0 ] INFO  utils.DatanodeStoreCache (DatanodeStoreCache.java:addDB(72)) - Added db /home/runner/work/ozone/ozone/hadoop-ozone/integration-test/target/test-dir/MiniOzoneClusterImpl-42dd095f-3e4b-4e15-bcdd-4f5539ea9781/ozone-meta/datanode-2/data-0/hdds/42dd095f-3e4b-4e15-bcdd-4f5539ea9781/DS-af0ffd58-439b-4942-b7be-946f025552ce/container.db to cache
2024-03-04 13:00:28,572 [e85487f0-f005-4db6-b4de-13885556b81a-EndpointStateMachineTaskThread-/0.0.0.0:15174-0 ] INFO  volume.HddsVolume (HddsVolume.java:createDbStore(420)) - SchemaV3 db is created and loaded at /home/runner/work/ozone/ozone/hadoop-ozone/integration-test/target/test-dir/MiniOzoneClusterImpl-42dd095f-3e4b-4e15-bcdd-4f5539ea9781/ozone-meta/datanode-2/data-0/hdds/42dd095f-3e4b-4e15-bcdd-4f5539ea9781/DS-af0ffd58-439b-4942-b7be-946f025552ce/container.db for volume DS-af0ffd58-439b-4942-b7be-946f025552ce
2024-03-04 13:00:28,573 [e85487f0-f005-4db6-b4de-13885556b81a-ContainerReader-0] INFO  ozoneimpl.ContainerReader (ContainerReader.java:readVolume(148)) - Start to verify containers on volume /home/runner/work/ozone/ozone/hadoop-ozone/integration-test/target/test-dir/MiniOzoneClusterImpl-42dd095f-3e4b-4e15-bcdd-4f5539ea9781/ozone-meta/datanode-2/data-0/hdds
2024-03-04 13:00:28,573 [e85487f0-f005-4db6-b4de-13885556b81a-ContainerReader-0] INFO  ozoneimpl.ContainerReader (ContainerReader.java:readVolume(178)) - Finish verifying containers on volume /home/runner/work/ozone/ozone/hadoop-ozone/integration-test/target/test-dir/MiniOzoneClusterImpl-42dd095f-3e4b-4e15-bcdd-4f5539ea9781/ozone-meta/datanode-2/data-0/hdds
2024-03-04 13:00:28,573 [e85487f0-f005-4db6-b4de-13885556b81a-EndpointStateMachineTaskThread-/0.0.0.0:15174-0 ] INFO  ozoneimpl.OzoneContainer (OzoneContainer.java:buildContainerSet(328)) - Build ContainerSet costs 0s
2024-03-04 13:00:28,573 [e85487f0-f005-4db6-b4de-13885556b81a-EndpointStateMachineTaskThread-/0.0.0.0:15174-0 ] INFO  volume.ThrottledAsyncChecker (ThrottledAsyncChecker.java:schedule(141)) - Scheduling a check for /home/runner/work/ozone/ozone/hadoop-ozone/integration-test/target/test-dir/MiniOzoneClusterImpl-42dd095f-3e4b-4e15-bcdd-4f5539ea9781/ozone-meta/datanode-2/data-0/hdds
2024-03-04 13:00:28,574 [e85487f0-f005-4db6-b4de-13885556b81a-EndpointStateMachineTaskThread-/0.0.0.0:15174-0 ] INFO  volume.StorageVolumeChecker (StorageVolumeChecker.java:checkAllVolumes(218)) - Scheduled health check for volume /home/runner/work/ozone/ozone/hadoop-ozone/integration-test/target/test-dir/MiniOzoneClusterImpl-42dd095f-3e4b-4e15-bcdd-4f5539ea9781/ozone-meta/datanode-2/data-0/hdds
2024-03-04 13:00:28,575 [e85487f0-f005-4db6-b4de-13885556b81a-EndpointStateMachineTaskThread-/0.0.0.0:15174-0 ] INFO  volume.ThrottledAsyncChecker (ThrottledAsyncChecker.java:schedule(141)) - Scheduling a check for /home/runner/work/ozone/ozone/hadoop-ozone/integration-test/target/test-dir/MiniOzoneClusterImpl-42dd095f-3e4b-4e15-bcdd-4f5539ea9781/ozone-meta/datanode-2/ratis
2024-03-04 13:00:28,575 [e85487f0-f005-4db6-b4de-13885556b81a-EndpointStateMachineTaskThread-/0.0.0.0:15174-0 ] INFO  volume.StorageVolumeChecker (StorageVolumeChecker.java:checkAllVolumes(218)) - Scheduled health check for volume /home/runner/work/ozone/ozone/hadoop-ozone/integration-test/target/test-dir/MiniOzoneClusterImpl-42dd095f-3e4b-4e15-bcdd-4f5539ea9781/ozone-meta/datanode-2/ratis
2024-03-04 13:00:28,576 [e85487f0-f005-4db6-b4de-13885556b81a-EndpointStateMachineTaskThread-/0.0.0.0:15174-0 ] INFO  ozoneimpl.OzoneContainer (OzoneContainer.java:start(459)) - Attempting to start container services.
2024-03-04 13:00:28,576 [e85487f0-f005-4db6-b4de-13885556b81a-EndpointStateMachineTaskThread-/0.0.0.0:15174-0 ] INFO  ozoneimpl.OzoneContainer (OzoneContainer.java:startContainerScrub(339)) - Scheduled background container scanners and the on-demand container scanner have been disabled.
2024-03-04 13:00:28,577 [e85487f0-f005-4db6-b4de-13885556b81a-EndpointStateMachineTaskThread-/0.0.0.0:15174-0 ] INFO  replication.ReplicationServer (ReplicationServer.java:start(142)) - ReplicationServer is started using port 15205
2024-03-04 13:00:28,577 [e85487f0-f005-4db6-b4de-13885556b81a-EndpointStateMachineTaskThread-/0.0.0.0:15174-0 ] INFO  ratis.XceiverServerRatis (XceiverServerRatis.java:start(566)) - Starting XceiverServerRatis e85487f0-f005-4db6-b4de-13885556b81a
2024-03-04 13:00:28,577 [e85487f0-f005-4db6-b4de-13885556b81a-EndpointStateMachineTaskThread-/0.0.0.0:15174-0 ] INFO  server.RaftServer (RaftServerProxy.java:startImpl(406)) - e85487f0-f005-4db6-b4de-13885556b81a: start RPC server
2024-03-04 13:00:28,578 [e85487f0-f005-4db6-b4de-13885556b81a-EndpointStateMachineTaskThread-/0.0.0.0:15174-0 ] INFO  server.GrpcService (GrpcService.java:startImpl(302)) - e85487f0-f005-4db6-b4de-13885556b81a: GrpcService started, listening on 15201
2024-03-04 13:00:28,578 [e85487f0-f005-4db6-b4de-13885556b81a-EndpointStateMachineTaskThread-/0.0.0.0:15174-0 ] INFO  server.GrpcService (GrpcService.java:startImpl(302)) - e85487f0-f005-4db6-b4de-13885556b81a: GrpcService started, listening on 15203
2024-03-04 13:00:28,579 [e85487f0-f005-4db6-b4de-13885556b81a-EndpointStateMachineTaskThread-/0.0.0.0:15174-0 ] INFO  server.GrpcService (GrpcService.java:startImpl(302)) - e85487f0-f005-4db6-b4de-13885556b81a: GrpcService started, listening on 15202
2024-03-04 13:00:28,579 [e85487f0-f005-4db6-b4de-13885556b81a-EndpointStateMachineTaskThread-/0.0.0.0:15174-0 ] INFO  ratis.XceiverServerRatis (XceiverServerRatis.java:getRealPort(592)) - XceiverServerRatis e85487f0-f005-4db6-b4de-13885556b81a is started using port 15201 for RATIS
2024-03-04 13:00:28,579 [JvmPauseMonitor54] INFO  util.JvmPauseMonitor (JvmPauseMonitor.java:run(146)) - JvmPauseMonitor-e85487f0-f005-4db6-b4de-13885556b81a: Started
2024-03-04 13:00:28,579 [e85487f0-f005-4db6-b4de-13885556b81a-EndpointStateMachineTaskThread-/0.0.0.0:15174-0 ] INFO  ratis.XceiverServerRatis (XceiverServerRatis.java:getRealPort(592)) - XceiverServerRatis e85487f0-f005-4db6-b4de-13885556b81a is started using port 15202 for RATIS_ADMIN
2024-03-04 13:00:28,579 [e85487f0-f005-4db6-b4de-13885556b81a-EndpointStateMachineTaskThread-/0.0.0.0:15174-0 ] INFO  ratis.XceiverServerRatis (XceiverServerRatis.java:getRealPort(592)) - XceiverServerRatis e85487f0-f005-4db6-b4de-13885556b81a is started using port 15203 for RATIS_SERVER
2024-03-04 13:00:28,579 [e85487f0-f005-4db6-b4de-13885556b81a-EndpointStateMachineTaskThread-/0.0.0.0:15174-0 ] INFO  ratis.XceiverServerRatis (XceiverServerRatis.java:getRealPort(592)) - XceiverServerRatis e85487f0-f005-4db6-b4de-13885556b81a is started using port 15204 for RATIS_DATASTREAM
2024-03-04 13:00:28,580 [e85487f0-f005-4db6-b4de-13885556b81a-BlockDeletingService#0] INFO  interfaces.ContainerDeletionChoosingPolicyTemplate (ContainerDeletionChoosingPolicyTemplate.java:chooseContainerForBlockDeletion(85)) - Chosen 0/5000 blocks from 0 candidate containers.
2024-03-04 13:00:28,643 [main] INFO  ozone.MiniOzoneClusterImpl (MiniOzoneClusterImpl.java:lambda$waitForClusterToBeReady$0(194)) - Waiting for nodes to be ready. Got 0 of 3 DN Heartbeats.
2024-03-04 13:00:28,643 [main] INFO  ozone.MiniOzoneClusterImpl (MiniOzoneClusterImpl.java:lambda$waitForClusterToBeReady$0(197)) - Waiting for cluster to exit safe mode
2024-03-04 13:00:28,644 [main] INFO  ozone.MiniOzoneClusterImpl (MiniOzoneClusterImpl.java:lambda$waitForClusterToBeReady$0(199)) - SCM became leader
2024-03-04 13:00:28,660 [6bdc426a-463a-4847-89b4-5f17f88a218e-EndpointStateMachineTaskThread-/0.0.0.0:15174-0 ] INFO  utils.DatanodeStoreCache (DatanodeStoreCache.java:addDB(72)) - Added db /home/runner/work/ozone/ozone/hadoop-ozone/integration-test/target/test-dir/MiniOzoneClusterImpl-42dd095f-3e4b-4e15-bcdd-4f5539ea9781/ozone-meta/datanode-3/data-0/hdds/42dd095f-3e4b-4e15-bcdd-4f5539ea9781/DS-bb176892-a8c7-42ff-b997-6e11a8e4a2ab/container.db to cache
2024-03-04 13:00:28,660 [6bdc426a-463a-4847-89b4-5f17f88a218e-EndpointStateMachineTaskThread-/0.0.0.0:15174-0 ] INFO  volume.HddsVolume (HddsVolume.java:createDbStore(420)) - SchemaV3 db is created and loaded at /home/runner/work/ozone/ozone/hadoop-ozone/integration-test/target/test-dir/MiniOzoneClusterImpl-42dd095f-3e4b-4e15-bcdd-4f5539ea9781/ozone-meta/datanode-3/data-0/hdds/42dd095f-3e4b-4e15-bcdd-4f5539ea9781/DS-bb176892-a8c7-42ff-b997-6e11a8e4a2ab/container.db for volume DS-bb176892-a8c7-42ff-b997-6e11a8e4a2ab
2024-03-04 13:00:28,661 [6bdc426a-463a-4847-89b4-5f17f88a218e-ContainerReader-0] INFO  ozoneimpl.ContainerReader (ContainerReader.java:readVolume(148)) - Start to verify containers on volume /home/runner/work/ozone/ozone/hadoop-ozone/integration-test/target/test-dir/MiniOzoneClusterImpl-42dd095f-3e4b-4e15-bcdd-4f5539ea9781/ozone-meta/datanode-3/data-0/hdds
2024-03-04 13:00:28,661 [6bdc426a-463a-4847-89b4-5f17f88a218e-ContainerReader-0] INFO  ozoneimpl.ContainerReader (ContainerReader.java:readVolume(178)) - Finish verifying containers on volume /home/runner/work/ozone/ozone/hadoop-ozone/integration-test/target/test-dir/MiniOzoneClusterImpl-42dd095f-3e4b-4e15-bcdd-4f5539ea9781/ozone-meta/datanode-3/data-0/hdds
2024-03-04 13:00:28,661 [6bdc426a-463a-4847-89b4-5f17f88a218e-EndpointStateMachineTaskThread-/0.0.0.0:15174-0 ] INFO  ozoneimpl.OzoneContainer (OzoneContainer.java:buildContainerSet(328)) - Build ContainerSet costs 0s
2024-03-04 13:00:28,662 [6bdc426a-463a-4847-89b4-5f17f88a218e-EndpointStateMachineTaskThread-/0.0.0.0:15174-0 ] INFO  volume.ThrottledAsyncChecker (ThrottledAsyncChecker.java:schedule(141)) - Scheduling a check for /home/runner/work/ozone/ozone/hadoop-ozone/integration-test/target/test-dir/MiniOzoneClusterImpl-42dd095f-3e4b-4e15-bcdd-4f5539ea9781/ozone-meta/datanode-3/data-0/hdds
2024-03-04 13:00:28,662 [6bdc426a-463a-4847-89b4-5f17f88a218e-EndpointStateMachineTaskThread-/0.0.0.0:15174-0 ] INFO  volume.StorageVolumeChecker (StorageVolumeChecker.java:checkAllVolumes(218)) - Scheduled health check for volume /home/runner/work/ozone/ozone/hadoop-ozone/integration-test/target/test-dir/MiniOzoneClusterImpl-42dd095f-3e4b-4e15-bcdd-4f5539ea9781/ozone-meta/datanode-3/data-0/hdds
2024-03-04 13:00:28,664 [6bdc426a-463a-4847-89b4-5f17f88a218e-EndpointStateMachineTaskThread-/0.0.0.0:15174-0 ] INFO  volume.ThrottledAsyncChecker (ThrottledAsyncChecker.java:schedule(141)) - Scheduling a check for /home/runner/work/ozone/ozone/hadoop-ozone/integration-test/target/test-dir/MiniOzoneClusterImpl-42dd095f-3e4b-4e15-bcdd-4f5539ea9781/ozone-meta/datanode-3/ratis
2024-03-04 13:00:28,664 [6bdc426a-463a-4847-89b4-5f17f88a218e-EndpointStateMachineTaskThread-/0.0.0.0:15174-0 ] INFO  volume.StorageVolumeChecker (StorageVolumeChecker.java:checkAllVolumes(218)) - Scheduled health check for volume /home/runner/work/ozone/ozone/hadoop-ozone/integration-test/target/test-dir/MiniOzoneClusterImpl-42dd095f-3e4b-4e15-bcdd-4f5539ea9781/ozone-meta/datanode-3/ratis
2024-03-04 13:00:28,665 [6bdc426a-463a-4847-89b4-5f17f88a218e-EndpointStateMachineTaskThread-/0.0.0.0:15174-0 ] INFO  ozoneimpl.OzoneContainer (OzoneContainer.java:start(459)) - Attempting to start container services.
2024-03-04 13:00:28,665 [6bdc426a-463a-4847-89b4-5f17f88a218e-EndpointStateMachineTaskThread-/0.0.0.0:15174-0 ] INFO  ozoneimpl.OzoneContainer (OzoneContainer.java:startContainerScrub(339)) - Scheduled background container scanners and the on-demand container scanner have been disabled.
2024-03-04 13:00:28,666 [6bdc426a-463a-4847-89b4-5f17f88a218e-EndpointStateMachineTaskThread-/0.0.0.0:15174-0 ] INFO  replication.ReplicationServer (ReplicationServer.java:start(142)) - ReplicationServer is started using port 15214
2024-03-04 13:00:28,666 [6bdc426a-463a-4847-89b4-5f17f88a218e-EndpointStateMachineTaskThread-/0.0.0.0:15174-0 ] INFO  ratis.XceiverServerRatis (XceiverServerRatis.java:start(566)) - Starting XceiverServerRatis 6bdc426a-463a-4847-89b4-5f17f88a218e
2024-03-04 13:00:28,666 [6bdc426a-463a-4847-89b4-5f17f88a218e-EndpointStateMachineTaskThread-/0.0.0.0:15174-0 ] INFO  server.RaftServer (RaftServerProxy.java:startImpl(406)) - 6bdc426a-463a-4847-89b4-5f17f88a218e: start RPC server
2024-03-04 13:00:28,667 [6bdc426a-463a-4847-89b4-5f17f88a218e-EndpointStateMachineTaskThread-/0.0.0.0:15174-0 ] INFO  server.GrpcService (GrpcService.java:startImpl(302)) - 6bdc426a-463a-4847-89b4-5f17f88a218e: GrpcService started, listening on 15210
2024-03-04 13:00:28,670 [6bdc426a-463a-4847-89b4-5f17f88a218e-EndpointStateMachineTaskThread-/0.0.0.0:15174-0 ] INFO  server.GrpcService (GrpcService.java:startImpl(302)) - 6bdc426a-463a-4847-89b4-5f17f88a218e: GrpcService started, listening on 15212
2024-03-04 13:00:28,671 [6bdc426a-463a-4847-89b4-5f17f88a218e-EndpointStateMachineTaskThread-/0.0.0.0:15174-0 ] INFO  server.GrpcService (GrpcService.java:startImpl(302)) - 6bdc426a-463a-4847-89b4-5f17f88a218e: GrpcService started, listening on 15211
2024-03-04 13:00:28,673 [6bdc426a-463a-4847-89b4-5f17f88a218e-EndpointStateMachineTaskThread-/0.0.0.0:15174-0 ] INFO  ratis.XceiverServerRatis (XceiverServerRatis.java:getRealPort(592)) - XceiverServerRatis 6bdc426a-463a-4847-89b4-5f17f88a218e is started using port 15210 for RATIS
2024-03-04 13:00:28,673 [6bdc426a-463a-4847-89b4-5f17f88a218e-EndpointStateMachineTaskThread-/0.0.0.0:15174-0 ] INFO  ratis.XceiverServerRatis (XceiverServerRatis.java:getRealPort(592)) - XceiverServerRatis 6bdc426a-463a-4847-89b4-5f17f88a218e is started using port 15211 for RATIS_ADMIN
2024-03-04 13:00:28,673 [6bdc426a-463a-4847-89b4-5f17f88a218e-EndpointStateMachineTaskThread-/0.0.0.0:15174-0 ] INFO  ratis.XceiverServerRatis (XceiverServerRatis.java:getRealPort(592)) - XceiverServerRatis 6bdc426a-463a-4847-89b4-5f17f88a218e is started using port 15212 for RATIS_SERVER
2024-03-04 13:00:28,673 [6bdc426a-463a-4847-89b4-5f17f88a218e-EndpointStateMachineTaskThread-/0.0.0.0:15174-0 ] INFO  ratis.XceiverServerRatis (XceiverServerRatis.java:getRealPort(592)) - XceiverServerRatis 6bdc426a-463a-4847-89b4-5f17f88a218e is started using port 15213 for RATIS_DATASTREAM
2024-03-04 13:00:28,674 [JvmPauseMonitor55] INFO  util.JvmPauseMonitor (JvmPauseMonitor.java:run(146)) - JvmPauseMonitor-6bdc426a-463a-4847-89b4-5f17f88a218e: Started
2024-03-04 13:00:28,675 [6bdc426a-463a-4847-89b4-5f17f88a218e-BlockDeletingService#0] INFO  interfaces.ContainerDeletionChoosingPolicyTemplate (ContainerDeletionChoosingPolicyTemplate.java:chooseContainerForBlockDeletion(85)) - Chosen 0/5000 blocks from 0 candidate containers.
2024-03-04 13:00:29,644 [main] INFO  ozone.MiniOzoneClusterImpl (MiniOzoneClusterImpl.java:lambda$waitForClusterToBeReady$0(194)) - Waiting for nodes to be ready. Got 0 of 3 DN Heartbeats.
2024-03-04 13:00:29,644 [main] INFO  ozone.MiniOzoneClusterImpl (MiniOzoneClusterImpl.java:lambda$waitForClusterToBeReady$0(197)) - Waiting for cluster to exit safe mode
2024-03-04 13:00:29,644 [main] INFO  ozone.MiniOzoneClusterImpl (MiniOzoneClusterImpl.java:lambda$waitForClusterToBeReady$0(199)) - SCM became leader
2024-03-04 13:00:30,472 [IPC Server handler 0 on default port 15174] INFO  net.NetworkTopologyImpl (NetworkTopologyImpl.java:add(124)) - Added a new node: /default-rack/74a0a60a-5e75-4204-b15b-76eff6c3355e
2024-03-04 13:00:30,472 [IPC Server handler 0 on default port 15174] INFO  node.SCMNodeManager (SCMNodeManager.java:register(421)) - Registered datanode: 74a0a60a-5e75-4204-b15b-76eff6c3355e{ip: 10.1.0.12, host: fv-az571-795.sssw3dgiwi1e5jwxh1zizygaca.bx.internal.cloudapp.net, ports: [HTTP=15189, CLIENT_RPC=15190, REPLICATION=15196, RATIS=15192, RATIS_ADMIN=15193, RATIS_SERVER=15194, RATIS_DATASTREAM=15195, STANDALONE=15191], networkLocation: /default-rack, certSerialId: null, persistedOpState: null, persistedOpStateExpiryEpochSec: 0}
2024-03-04 13:00:30,475 [EventQueue-NewNodeForNewNodeHandler] INFO  pipeline.BackgroundPipelineCreator (BackgroundPipelineCreator.java:notifyEventTriggered(280)) - trigger a one-shot run on RatisPipelineUtilsThread.
2024-03-04 13:00:30,475 [EventQueue-NodeRegistrationContainerReportForContainerSafeModeRule] INFO  safemode.SCMSafeModeManager (SCMSafeModeManager.java:validateSafeModeExitRules(200)) - ContainerSafeModeRule rule is successfully validated
2024-03-04 13:00:30,475 [RatisPipelineUtilsThread-0] INFO  pipeline.RatisPipelineProvider (RatisPipelineProvider.java:lambda$create$0(205)) - Sending CreatePipelineCommand for pipeline:PipelineID=4175b369-7344-4147-a98b-966e5d2c10a8 to datanode:74a0a60a-5e75-4204-b15b-76eff6c3355e
2024-03-04 13:00:30,475 [EventQueue-NodeRegistrationContainerReportForDataNodeSafeModeRule] INFO  safemode.SCMSafeModeManager (DataNodeSafeModeRule.java:process(71)) - SCM in safe mode. 1 DataNodes registered, 3 required.
2024-03-04 13:00:30,476 [EventQueue-PipelineReportForOneReplicaPipelineSafeModeRule] INFO  safemode.SCMSafeModeManager (SCMSafeModeManager.java:validateSafeModeExitRules(200)) - AtleastOneDatanodeReportedRule rule is successfully validated
2024-03-04 13:00:30,477 [RatisPipelineUtilsThread-0] INFO  pipeline.BackgroundPipelineCreator (BackgroundPipelineCreator.java:createPipelines(236)) - Created new pipeline Pipeline[ Id: 4175b369-7344-4147-a98b-966e5d2c10a8, Nodes: 74a0a60a-5e75-4204-b15b-76eff6c3355e(fv-az571-795.sssw3dgiwi1e5jwxh1zizygaca.bx.internal.cloudapp.net/10.1.0.12), ReplicationConfig: RATIS/ONE, State:ALLOCATED, leaderId:, CreationTimestamp2024-03-04T13:00:30.475Z[Etc/UTC]]
2024-03-04 13:00:30,555 [IPC Server handler 1 on default port 15174] INFO  net.NetworkTopologyImpl (NetworkTopologyImpl.java:add(124)) - Added a new node: /default-rack/e85487f0-f005-4db6-b4de-13885556b81a
2024-03-04 13:00:30,556 [IPC Server handler 1 on default port 15174] INFO  node.SCMNodeManager (SCMNodeManager.java:register(421)) - Registered datanode: e85487f0-f005-4db6-b4de-13885556b81a{ip: 10.1.0.12, host: fv-az571-795.sssw3dgiwi1e5jwxh1zizygaca.bx.internal.cloudapp.net, ports: [HTTP=15198, CLIENT_RPC=15199, REPLICATION=15205, RATIS=15201, RATIS_ADMIN=15202, RATIS_SERVER=15203, RATIS_DATASTREAM=15204, STANDALONE=15200], networkLocation: /default-rack, certSerialId: null, persistedOpState: null, persistedOpStateExpiryEpochSec: 0}
2024-03-04 13:00:30,557 [EventQueue-NewNodeForNewNodeHandler] INFO  pipeline.BackgroundPipelineCreator (BackgroundPipelineCreator.java:notifyEventTriggered(280)) - trigger a one-shot run on RatisPipelineUtilsThread.
2024-03-04 13:00:30,557 [EventQueue-NodeRegistrationContainerReportForDataNodeSafeModeRule] INFO  safemode.SCMSafeModeManager (DataNodeSafeModeRule.java:process(71)) - SCM in safe mode. 2 DataNodes registered, 3 required.
2024-03-04 13:00:30,557 [RatisPipelineUtilsThread-0] INFO  pipeline.RatisPipelineProvider (RatisPipelineProvider.java:lambda$create$0(205)) - Sending CreatePipelineCommand for pipeline:PipelineID=e3ade89d-f622-4eb6-94c0-0fdd3d94f0f0 to datanode:e85487f0-f005-4db6-b4de-13885556b81a
2024-03-04 13:00:30,558 [RatisPipelineUtilsThread-0] INFO  pipeline.BackgroundPipelineCreator (BackgroundPipelineCreator.java:createPipelines(236)) - Created new pipeline Pipeline[ Id: e3ade89d-f622-4eb6-94c0-0fdd3d94f0f0, Nodes: e85487f0-f005-4db6-b4de-13885556b81a(fv-az571-795.sssw3dgiwi1e5jwxh1zizygaca.bx.internal.cloudapp.net/10.1.0.12), ReplicationConfig: RATIS/ONE, State:ALLOCATED, leaderId:, CreationTimestamp2024-03-04T13:00:30.557Z[Etc/UTC]]
2024-03-04 13:00:30,644 [IPC Server handler 2 on default port 15174] INFO  net.NetworkTopologyImpl (NetworkTopologyImpl.java:add(124)) - Added a new node: /default-rack/6bdc426a-463a-4847-89b4-5f17f88a218e
2024-03-04 13:00:30,644 [IPC Server handler 2 on default port 15174] INFO  node.SCMNodeManager (SCMNodeManager.java:register(421)) - Registered datanode: 6bdc426a-463a-4847-89b4-5f17f88a218e{ip: 10.1.0.12, host: fv-az571-795.sssw3dgiwi1e5jwxh1zizygaca.bx.internal.cloudapp.net, ports: [HTTP=15207, CLIENT_RPC=15208, REPLICATION=15214, RATIS=15210, RATIS_ADMIN=15211, RATIS_SERVER=15212, RATIS_DATASTREAM=15213, STANDALONE=15209], networkLocation: /default-rack, certSerialId: null, persistedOpState: null, persistedOpStateExpiryEpochSec: 0}
2024-03-04 13:00:30,644 [EventQueue-NewNodeForNewNodeHandler] INFO  pipeline.BackgroundPipelineCreator (BackgroundPipelineCreator.java:notifyEventTriggered(280)) - trigger a one-shot run on RatisPipelineUtilsThread.
2024-03-04 13:00:30,644 [EventQueue-NodeRegistrationContainerReportForDataNodeSafeModeRule] INFO  safemode.SCMSafeModeManager (DataNodeSafeModeRule.java:process(71)) - SCM in safe mode. 3 DataNodes registered, 3 required.
2024-03-04 13:00:30,644 [EventQueue-NodeRegistrationContainerReportForDataNodeSafeModeRule] INFO  safemode.SCMSafeModeManager (SCMSafeModeManager.java:validateSafeModeExitRules(200)) - DataNodeSafeModeRule rule is successfully validated
2024-03-04 13:00:30,644 [main] INFO  ozone.MiniOzoneClusterImpl (MiniOzoneClusterImpl.java:lambda$waitForClusterToBeReady$0(194)) - Nodes are ready. Got 3 of 3 DN Heartbeats.
2024-03-04 13:00:30,645 [main] INFO  ozone.MiniOzoneClusterImpl (MiniOzoneClusterImpl.java:lambda$waitForClusterToBeReady$0(197)) - Waiting for cluster to exit safe mode
2024-03-04 13:00:30,645 [main] INFO  ozone.MiniOzoneClusterImpl (MiniOzoneClusterImpl.java:lambda$waitForClusterToBeReady$0(199)) - SCM became leader
2024-03-04 13:00:30,645 [RatisPipelineUtilsThread-0] INFO  pipeline.RatisPipelineProvider (RatisPipelineProvider.java:lambda$create$0(205)) - Sending CreatePipelineCommand for pipeline:PipelineID=ca75bde0-51c8-4ccc-bece-51bd4c936147 to datanode:6bdc426a-463a-4847-89b4-5f17f88a218e
2024-03-04 13:00:30,644 [EventQueue-NodeRegistrationContainerReportForDataNodeSafeModeRule] INFO  safemode.SCMSafeModeManager (SCMSafeModeManager.java:completePreCheck(229)) - All SCM safe mode pre check rules have passed
2024-03-04 13:00:30,645 [EventQueue-NodeRegistrationContainerReportForDataNodeSafeModeRule] INFO  ha.SCMContext (SCMContext.java:updateSafeModeStatus(225)) - Update SafeModeStatus from SafeModeStatus{safeModeStatus=true, preCheckPassed=false} to SafeModeStatus{safeModeStatus=true, preCheckPassed=true}.
2024-03-04 13:00:30,645 [EventQueue-NodeRegistrationContainerReportForDataNodeSafeModeRule] INFO  pipeline.BackgroundPipelineCreator (BackgroundPipelineCreator.java:notifyEventTriggered(280)) - trigger a one-shot run on RatisPipelineUtilsThread.
2024-03-04 13:00:30,646 [RatisPipelineUtilsThread-0] INFO  pipeline.BackgroundPipelineCreator (BackgroundPipelineCreator.java:createPipelines(236)) - Created new pipeline Pipeline[ Id: ca75bde0-51c8-4ccc-bece-51bd4c936147, Nodes: 6bdc426a-463a-4847-89b4-5f17f88a218e(fv-az571-795.sssw3dgiwi1e5jwxh1zizygaca.bx.internal.cloudapp.net/10.1.0.12), ReplicationConfig: RATIS/ONE, State:ALLOCATED, leaderId:, CreationTimestamp2024-03-04T13:00:30.645Z[Etc/UTC]]
2024-03-04 13:00:30,646 [RatisPipelineUtilsThread-0] INFO  pipeline.RatisPipelineProvider (RatisPipelineProvider.java:lambda$create$0(205)) - Sending CreatePipelineCommand for pipeline:PipelineID=5e34f4a7-7c82-412d-8f11-5b8e4235484c to datanode:74a0a60a-5e75-4204-b15b-76eff6c3355e
2024-03-04 13:00:30,646 [RatisPipelineUtilsThread-0] INFO  pipeline.RatisPipelineProvider (RatisPipelineProvider.java:lambda$create$0(205)) - Sending CreatePipelineCommand for pipeline:PipelineID=5e34f4a7-7c82-412d-8f11-5b8e4235484c to datanode:6bdc426a-463a-4847-89b4-5f17f88a218e
2024-03-04 13:00:30,646 [RatisPipelineUtilsThread-0] INFO  pipeline.RatisPipelineProvider (RatisPipelineProvider.java:lambda$create$0(205)) - Sending CreatePipelineCommand for pipeline:PipelineID=5e34f4a7-7c82-412d-8f11-5b8e4235484c to datanode:e85487f0-f005-4db6-b4de-13885556b81a
2024-03-04 13:00:30,646 [RatisPipelineUtilsThread-0] INFO  pipeline.BackgroundPipelineCreator (BackgroundPipelineCreator.java:createPipelines(236)) - Created new pipeline Pipeline[ Id: 5e34f4a7-7c82-412d-8f11-5b8e4235484c, Nodes: 74a0a60a-5e75-4204-b15b-76eff6c3355e(fv-az571-795.sssw3dgiwi1e5jwxh1zizygaca.bx.internal.cloudapp.net/10.1.0.12)6bdc426a-463a-4847-89b4-5f17f88a218e(fv-az571-795.sssw3dgiwi1e5jwxh1zizygaca.bx.internal.cloudapp.net/10.1.0.12)e85487f0-f005-4db6-b4de-13885556b81a(fv-az571-795.sssw3dgiwi1e5jwxh1zizygaca.bx.internal.cloudapp.net/10.1.0.12), ReplicationConfig: RATIS/THREE, State:ALLOCATED, leaderId:, CreationTimestamp2024-03-04T13:00:30.646Z[Etc/UTC]]
2024-03-04 13:00:30,650 [RatisPipelineUtilsThread-0] INFO  pipeline.RatisPipelineProvider (RatisPipelineProvider.java:lambda$create$0(205)) - Sending CreatePipelineCommand for pipeline:PipelineID=5e56c667-f4b6-4297-9a99-a5d76bf4dffc to datanode:e85487f0-f005-4db6-b4de-13885556b81a
2024-03-04 13:00:30,650 [RatisPipelineUtilsThread-0] INFO  pipeline.RatisPipelineProvider (RatisPipelineProvider.java:lambda$create$0(205)) - Sending CreatePipelineCommand for pipeline:PipelineID=5e56c667-f4b6-4297-9a99-a5d76bf4dffc to datanode:74a0a60a-5e75-4204-b15b-76eff6c3355e
2024-03-04 13:00:30,650 [RatisPipelineUtilsThread-0] INFO  pipeline.RatisPipelineProvider (RatisPipelineProvider.java:lambda$create$0(205)) - Sending CreatePipelineCommand for pipeline:PipelineID=5e56c667-f4b6-4297-9a99-a5d76bf4dffc to datanode:6bdc426a-463a-4847-89b4-5f17f88a218e
2024-03-04 13:00:30,650 [RatisPipelineUtilsThread-0] INFO  pipeline.PipelineManagerImpl (PipelineManagerImpl.java:recordMetricsForPipeline(916)) - Pipeline: PipelineID=5e56c667-f4b6-4297-9a99-a5d76bf4dffc contains same datanodes as previous pipelines: PipelineID=5e34f4a7-7c82-412d-8f11-5b8e4235484c nodeIds: e85487f0-f005-4db6-b4de-13885556b81a, 74a0a60a-5e75-4204-b15b-76eff6c3355e, 6bdc426a-463a-4847-89b4-5f17f88a218e
2024-03-04 13:00:30,650 [RatisPipelineUtilsThread-0] INFO  pipeline.BackgroundPipelineCreator (BackgroundPipelineCreator.java:createPipelines(236)) - Created new pipeline Pipeline[ Id: 5e56c667-f4b6-4297-9a99-a5d76bf4dffc, Nodes: e85487f0-f005-4db6-b4de-13885556b81a(fv-az571-795.sssw3dgiwi1e5jwxh1zizygaca.bx.internal.cloudapp.net/10.1.0.12)74a0a60a-5e75-4204-b15b-76eff6c3355e(fv-az571-795.sssw3dgiwi1e5jwxh1zizygaca.bx.internal.cloudapp.net/10.1.0.12)6bdc426a-463a-4847-89b4-5f17f88a218e(fv-az571-795.sssw3dgiwi1e5jwxh1zizygaca.bx.internal.cloudapp.net/10.1.0.12), ReplicationConfig: RATIS/THREE, State:ALLOCATED, leaderId:, CreationTimestamp2024-03-04T13:00:30.650Z[Etc/UTC]]
2024-03-04 13:00:31,645 [main] INFO  ozone.MiniOzoneClusterImpl (MiniOzoneClusterImpl.java:lambda$waitForClusterToBeReady$0(194)) - Nodes are ready. Got 3 of 3 DN Heartbeats.
2024-03-04 13:00:31,645 [main] INFO  ozone.MiniOzoneClusterImpl (MiniOzoneClusterImpl.java:lambda$waitForClusterToBeReady$0(197)) - Waiting for cluster to exit safe mode
2024-03-04 13:00:31,645 [main] INFO  ozone.MiniOzoneClusterImpl (MiniOzoneClusterImpl.java:lambda$waitForClusterToBeReady$0(199)) - SCM became leader
2024-03-04 13:00:32,645 [main] INFO  ozone.MiniOzoneClusterImpl (MiniOzoneClusterImpl.java:lambda$waitForClusterToBeReady$0(194)) - Nodes are ready. Got 3 of 3 DN Heartbeats.
2024-03-04 13:00:32,646 [main] INFO  ozone.MiniOzoneClusterImpl (MiniOzoneClusterImpl.java:lambda$waitForClusterToBeReady$0(197)) - Waiting for cluster to exit safe mode
2024-03-04 13:00:32,646 [main] INFO  ozone.MiniOzoneClusterImpl (MiniOzoneClusterImpl.java:lambda$waitForClusterToBeReady$0(199)) - SCM became leader
2024-03-04 13:00:33,472 [74a0a60a-5e75-4204-b15b-76eff6c3355e-PipelineCommandHandlerThread-0] INFO  server.RaftServer (RaftServerProxy.java:addNew(100)) - 74a0a60a-5e75-4204-b15b-76eff6c3355e: addNew group-966E5D2C10A8:[74a0a60a-5e75-4204-b15b-76eff6c3355e|10.1.0.12:15194] returns group-966E5D2C10A8:java.util.concurrent.CompletableFuture@3441bcbc[Not completed]
2024-03-04 13:00:33,473 [74a0a60a-5e75-4204-b15b-76eff6c3355e-groupManagement] INFO  server.RaftServer$Division (RaftServerImpl.java:<init>(256)) - 74a0a60a-5e75-4204-b15b-76eff6c3355e: new RaftServerImpl for group-966E5D2C10A8:[74a0a60a-5e75-4204-b15b-76eff6c3355e|10.1.0.12:15194] with ContainerStateMachine:uninitialized
2024-03-04 13:00:33,473 [74a0a60a-5e75-4204-b15b-76eff6c3355e-groupManagement] INFO  server.RaftServerConfigKeys (ConfUtils.java:logGet(46)) - raft.server.rpc.timeout.min = 5s (custom)
2024-03-04 13:00:33,473 [74a0a60a-5e75-4204-b15b-76eff6c3355e-groupManagement] INFO  server.RaftServerConfigKeys (ConfUtils.java:logGet(46)) - raft.server.rpc.timeout.max = 5200ms (custom)
2024-03-04 13:00:33,473 [74a0a60a-5e75-4204-b15b-76eff6c3355e-groupManagement] INFO  server.RaftServerConfigKeys (ConfUtils.java:logGet(46)) - raft.server.rpc.sleep.time = 25ms (default)
2024-03-04 13:00:33,473 [74a0a60a-5e75-4204-b15b-76eff6c3355e-groupManagement] INFO  server.RaftServerConfigKeys (ConfUtils.java:logGet(46)) - raft.server.rpc.slowness.timeout = 300s (custom)
2024-03-04 13:00:33,473 [74a0a60a-5e75-4204-b15b-76eff6c3355e-groupManagement] INFO  server.RaftServerConfigKeys (ConfUtils.java:logGet(46)) - raft.server.leaderelection.leader.step-down.wait-time = 10s (default)
2024-03-04 13:00:33,473 [74a0a60a-5e75-4204-b15b-76eff6c3355e-groupManagement] INFO  server.RaftServerConfigKeys (ConfUtils.java:logGet(46)) - raft.server.leaderelection.member.majority-add = false (default)
2024-03-04 13:00:33,473 [74a0a60a-5e75-4204-b15b-76eff6c3355e-groupManagement] INFO  server.RaftServerConfigKeys (ConfUtils.java:logGet(46)) - raft.server.sleep.deviation.threshold = 300ms (default)
2024-03-04 13:00:33,473 [74a0a60a-5e75-4204-b15b-76eff6c3355e-groupManagement] INFO  server.RaftServer$Division (ServerState.java:<init>(113)) - 74a0a60a-5e75-4204-b15b-76eff6c3355e@group-966E5D2C10A8: ConfigurationManager, init=-1: peers:[74a0a60a-5e75-4204-b15b-76eff6c3355e|10.1.0.12:15194]|listeners:[], old=null, confs=<EMPTY_MAP>
2024-03-04 13:00:33,473 [74a0a60a-5e75-4204-b15b-76eff6c3355e-groupManagement] INFO  server.RaftServerConfigKeys (ConfUtils.java:logGet(46)) - raft.server.notification.no-leader.timeout = 300s (custom)
2024-03-04 13:00:33,473 [74a0a60a-5e75-4204-b15b-76eff6c3355e-groupManagement] INFO  server.RaftServerConfigKeys (ConfUtils.java:logGet(46)) - raft.server.read.timeout = 10s (default)
2024-03-04 13:00:33,474 [74a0a60a-5e75-4204-b15b-76eff6c3355e-groupManagement] INFO  server.RaftServerConfigKeys (ConfUtils.java:logGet(46)) - raft.server.retrycache.expirytime = 600000ms (custom)
2024-03-04 13:00:33,474 [74a0a60a-5e75-4204-b15b-76eff6c3355e-groupManagement] INFO  server.RaftServerConfigKeys (ConfUtils.java:logGet(46)) - raft.server.retrycache.statistics.expirytime = 100ms (default)
2024-03-04 13:00:33,474 [74a0a60a-5e75-4204-b15b-76eff6c3355e-groupManagement] INFO  server.RaftServerConfigKeys (ConfUtils.java:logGet(46)) - raft.server.read.option = DEFAULT (default)
2024-03-04 13:00:33,474 [74a0a60a-5e75-4204-b15b-76eff6c3355e-groupManagement] INFO  server.RaftServerConfigKeys (ConfUtils.java:logGet(46)) - raft.server.read.read-after-write-consistent.write-index-cache.expiry-time = 60s (default)
2024-03-04 13:00:33,475 [74a0a60a-5e75-4204-b15b-76eff6c3355e-groupManagement] INFO  server.RaftServerConfigKeys (ConfUtils.java:logGet(46)) - raft.server.rpc.request.timeout = 60s (custom)
2024-03-04 13:00:33,475 [74a0a60a-5e75-4204-b15b-76eff6c3355e-groupManagement] INFO  server.RaftServerConfigKeys (ConfUtils.java:logGet(46)) - raft.server.log.appender.install.snapshot.enabled = false (custom)
2024-03-04 13:00:33,475 [74a0a60a-5e75-4204-b15b-76eff6c3355e-groupManagement] INFO  server.RaftServerConfigKeys (ConfUtils.java:logGet(46)) - raft.server.threadpool.server.cached = true (default)
2024-03-04 13:00:33,475 [74a0a60a-5e75-4204-b15b-76eff6c3355e-groupManagement] INFO  server.RaftServerConfigKeys (ConfUtils.java:logGet(46)) - raft.server.threadpool.server.size = 0 (default)
2024-03-04 13:00:33,476 [74a0a60a-5e75-4204-b15b-76eff6c3355e-groupManagement] INFO  server.RaftServerConfigKeys (ConfUtils.java:logGet(46)) - raft.server.threadpool.client.cached = true (default)
2024-03-04 13:00:33,476 [74a0a60a-5e75-4204-b15b-76eff6c3355e-groupManagement] INFO  server.RaftServerConfigKeys (ConfUtils.java:logGet(46)) - raft.server.threadpool.client.size = 0 (default)
2024-03-04 13:00:33,476 [74a0a60a-5e75-4204-b15b-76eff6c3355e-groupManagement] INFO  server.RaftServerConfigKeys (ConfUtils.java:logGet(46)) - raft.server.storage.free-space.min = 0MB (=0) (default)
2024-03-04 13:00:33,476 [74a0a60a-5e75-4204-b15b-76eff6c3355e-groupManagement] INFO  server.RaftServerConfigKeys (ConfUtils.java:logGet(46)) - raft.server.log.corruption.policy = EXCEPTION (default)
2024-03-04 13:00:33,476 [74a0a60a-5e75-4204-b15b-76eff6c3355e-groupManagement] INFO  server.RaftServerConfigKeys (ConfUtils.java:logGet(46)) - raft.server.storage.dir = [/home/runner/work/ozone/ozone/hadoop-ozone/integration-test/target/test-dir/MiniOzoneClusterImpl-42dd095f-3e4b-4e15-bcdd-4f5539ea9781/ozone-meta/datanode-1/ratis] (custom)
2024-03-04 13:00:33,476 [74a0a60a-5e75-4204-b15b-76eff6c3355e-groupManagement] INFO  storage.RaftStorageDirectory (RaftStorageDirectoryImpl.java:analyzeStorage(138)) - The storage directory /home/runner/work/ozone/ozone/hadoop-ozone/integration-test/target/test-dir/MiniOzoneClusterImpl-42dd095f-3e4b-4e15-bcdd-4f5539ea9781/ozone-meta/datanode-1/ratis/4175b369-7344-4147-a98b-966e5d2c10a8 does not exist. Creating ...
2024-03-04 13:00:33,477 [74a0a60a-5e75-4204-b15b-76eff6c3355e-groupManagement] INFO  storage.RaftStorageDirectory (RaftStorageDirectoryImpl.java:tryLock(228)) - Lock on /home/runner/work/ozone/ozone/hadoop-ozone/integration-test/target/test-dir/MiniOzoneClusterImpl-42dd095f-3e4b-4e15-bcdd-4f5539ea9781/ozone-meta/datanode-1/ratis/4175b369-7344-4147-a98b-966e5d2c10a8/in_use.lock acquired by nodename 41993@fv-az571-795
2024-03-04 13:00:33,478 [74a0a60a-5e75-4204-b15b-76eff6c3355e-groupManagement] INFO  storage.RaftStorage (RaftStorageImpl.java:format(99)) - Storage directory /home/runner/work/ozone/ozone/hadoop-ozone/integration-test/target/test-dir/MiniOzoneClusterImpl-42dd095f-3e4b-4e15-bcdd-4f5539ea9781/ozone-meta/datanode-1/ratis/4175b369-7344-4147-a98b-966e5d2c10a8 has been successfully formatted.
2024-03-04 13:00:33,478 [74a0a60a-5e75-4204-b15b-76eff6c3355e-groupManagement] WARN  util.FileUtils (LogUtils.java:supplyAndLog(63)) - Failed to Files.newInputStream /home/runner/work/ozone/ozone/hadoop-ozone/integration-test/target/test-dir/MiniOzoneClusterImpl-42dd095f-3e4b-4e15-bcdd-4f5539ea9781/ozone-meta/datanode-1/ratis/4175b369-7344-4147-a98b-966e5d2c10a8/current/raft-meta.conf with options []: java.nio.file.NoSuchFileException: /home/runner/work/ozone/ozone/hadoop-ozone/integration-test/target/test-dir/MiniOzoneClusterImpl-42dd095f-3e4b-4e15-bcdd-4f5539ea9781/ozone-meta/datanode-1/ratis/4175b369-7344-4147-a98b-966e5d2c10a8/current/raft-meta.conf
2024-03-04 13:00:33,479 [74a0a60a-5e75-4204-b15b-76eff6c3355e-groupManagement] INFO  ratis.ContainerStateMachine (ContainerStateMachine.java:loadSnapshot(287)) - group-966E5D2C10A8: The snapshot info is null. Setting the last applied index to:(t:0, i:~)
2024-03-04 13:00:33,479 [74a0a60a-5e75-4204-b15b-76eff6c3355e-groupManagement] INFO  server.RaftServerConfigKeys (ConfUtils.java:logGet(46)) - raft.server.log.use.memory = false (default)
2024-03-04 13:00:33,479 [74a0a60a-5e75-4204-b15b-76eff6c3355e-groupManagement] INFO  server.RaftServerConfigKeys (ConfUtils.java:logGet(46)) - raft.server.log.purge.gap = 1000000 (custom)
2024-03-04 13:00:33,479 [74a0a60a-5e75-4204-b15b-76eff6c3355e-groupManagement] INFO  server.RaftServerConfigKeys (ConfUtils.java:logGet(46)) - raft.server.log.appender.buffer.byte-limit = 8388608 (custom)
2024-03-04 13:00:33,479 [74a0a60a-5e75-4204-b15b-76eff6c3355e-groupManagement] INFO  server.RaftServerConfigKeys (ConfUtils.java:logGet(46)) - raft.server.log.statemachine.data.read.timeout = 1000ms (default)
2024-03-04 13:00:33,480 [74a0a60a-5e75-4204-b15b-76eff6c3355e-groupManagement] INFO  server.RaftServerConfigKeys (ConfUtils.java:logGet(46)) - raft.server.log.purge.preservation.log.num = 0 (default)
2024-03-04 13:00:33,480 [EventQueue-PipelineReportForPipelineReportHandler] INFO  pipeline.PipelineReportHandler (PipelineReportHandler.java:processPipelineReport(136)) - Opened pipeline PipelineID=4175b369-7344-4147-a98b-966e5d2c10a8
2024-03-04 13:00:33,482 [EventQueue-OpenPipelineForHealthyPipelineSafeModeRule] INFO  safemode.SCMSafeModeManager (HealthyPipelineSafeModeRule.java:process(140)) - SCM in safe mode. Healthy pipelines reported count is 0, required healthy pipeline reported count is 1
2024-03-04 13:00:33,482 [74a0a60a-5e75-4204-b15b-76eff6c3355e-groupManagement] INFO  server.RaftServerConfigKeys (ConfUtils.java:logGet(46)) - raft.server.log.segment.size.max = 67108864 (custom)
2024-03-04 13:00:33,482 [74a0a60a-5e75-4204-b15b-76eff6c3355e-groupManagement] INFO  server.RaftServerConfigKeys (ConfUtils.java:logGet(46)) - raft.server.log.segment.cache.num.max = 2 (custom)
2024-03-04 13:00:33,482 [74a0a60a-5e75-4204-b15b-76eff6c3355e-groupManagement] INFO  server.RaftServerConfigKeys (ConfUtils.java:logGet(46)) - raft.server.log.segment.cache.size.max = 200MB (=209715200) (default)
2024-03-04 13:00:33,482 [74a0a60a-5e75-4204-b15b-76eff6c3355e-groupManagement] INFO  server.RaftServerConfigKeys (ConfUtils.java:logGet(46)) - raft.server.log.appender.buffer.byte-limit = 8388608 (custom)
2024-03-04 13:00:33,482 [74a0a60a-5e75-4204-b15b-76eff6c3355e-groupManagement] INFO  util.AwaitToRun (AwaitToRun.java:start(81)) - Thread[74a0a60a-5e75-4204-b15b-76eff6c3355e@group-966E5D2C10A8-cacheEviction-AwaitToRun,5,main] started
2024-03-04 13:00:33,482 [74a0a60a-5e75-4204-b15b-76eff6c3355e-groupManagement] INFO  segmented.SegmentedRaftLogWorker (SegmentedRaftLogWorker.java:<init>(182)) - new 74a0a60a-5e75-4204-b15b-76eff6c3355e@group-966E5D2C10A8-SegmentedRaftLogWorker for RaftStorageImpl:Storage Directory /home/runner/work/ozone/ozone/hadoop-ozone/integration-test/target/test-dir/MiniOzoneClusterImpl-42dd095f-3e4b-4e15-bcdd-4f5539ea9781/ozone-meta/datanode-1/ratis/4175b369-7344-4147-a98b-966e5d2c10a8
2024-03-04 13:00:33,483 [74a0a60a-5e75-4204-b15b-76eff6c3355e-groupManagement] INFO  server.RaftServerConfigKeys (ConfUtils.java:logGet(46)) - raft.server.log.queue.byte-limit = 4294967296 (custom)
2024-03-04 13:00:33,483 [74a0a60a-5e75-4204-b15b-76eff6c3355e-groupManagement] INFO  server.RaftServerConfigKeys (ConfUtils.java:logGet(46)) - raft.server.log.queue.element-limit = 1024 (custom)
2024-03-04 13:00:33,483 [74a0a60a-5e75-4204-b15b-76eff6c3355e-groupManagement] INFO  server.RaftServerConfigKeys (ConfUtils.java:logGet(46)) - raft.server.log.segment.size.max = 67108864 (custom)
2024-03-04 13:00:33,483 [74a0a60a-5e75-4204-b15b-76eff6c3355e-groupManagement] INFO  server.RaftServerConfigKeys (ConfUtils.java:logGet(46)) - raft.server.log.preallocated.size = 4194304 (custom)
2024-03-04 13:00:33,483 [74a0a60a-5e75-4204-b15b-76eff6c3355e-groupManagement] INFO  server.RaftServerConfigKeys (ConfUtils.java:logGet(46)) - raft.server.log.force.sync.num = 128 (default)
2024-03-04 13:00:33,483 [74a0a60a-5e75-4204-b15b-76eff6c3355e-groupManagement] INFO  server.RaftServerConfigKeys (ConfUtils.java:logGet(46)) - raft.server.log.statemachine.data.sync = true (default)
2024-03-04 13:00:33,483 [74a0a60a-5e75-4204-b15b-76eff6c3355e-groupManagement] INFO  server.RaftServerConfigKeys (ConfUtils.java:logGet(46)) - raft.server.log.statemachine.data.sync.timeout = 10s (default)
2024-03-04 13:00:33,483 [74a0a60a-5e75-4204-b15b-76eff6c3355e-groupManagement] INFO  server.RaftServerConfigKeys (ConfUtils.java:logGet(46)) - raft.server.log.statemachine.data.sync.timeout.retry = 0 (custom)
2024-03-04 13:00:33,483 [74a0a60a-5e75-4204-b15b-76eff6c3355e-groupManagement] INFO  server.RaftServerConfigKeys (ConfUtils.java:logGet(46)) - raft.server.log.write.buffer.size = 8388616 (custom)
2024-03-04 13:00:33,485 [74a0a60a-5e75-4204-b15b-76eff6c3355e-groupManagement] INFO  server.RaftServerConfigKeys (ConfUtils.java:logGet(46)) - raft.server.log.appender.buffer.byte-limit = 8388608 (custom)
2024-03-04 13:00:33,485 [74a0a60a-5e75-4204-b15b-76eff6c3355e-groupManagement] INFO  server.RaftServerConfigKeys (ConfUtils.java:logGet(46)) - raft.server.log.unsafe-flush.enabled = false (default)
2024-03-04 13:00:33,485 [74a0a60a-5e75-4204-b15b-76eff6c3355e-groupManagement] INFO  server.RaftServerConfigKeys (ConfUtils.java:logGet(46)) - raft.server.log.async-flush.enabled = false (default)
2024-03-04 13:00:33,485 [74a0a60a-5e75-4204-b15b-76eff6c3355e-groupManagement] INFO  server.RaftServerConfigKeys (ConfUtils.java:logGet(46)) - raft.server.log.statemachine.data.caching.enabled = true (custom)
2024-03-04 13:00:33,486 [74a0a60a-5e75-4204-b15b-76eff6c3355e-groupManagement] INFO  segmented.SegmentedRaftLogWorker (SegmentedRaftLogWorker.java:lambda$new$0(134)) - 74a0a60a-5e75-4204-b15b-76eff6c3355e@group-966E5D2C10A8-SegmentedRaftLogWorker: flushIndex: setUnconditionally 0 -> -1
2024-03-04 13:00:33,486 [74a0a60a-5e75-4204-b15b-76eff6c3355e-groupManagement] INFO  segmented.SegmentedRaftLogWorker (SegmentedRaftLogWorker.java:lambda$new$0(134)) - 74a0a60a-5e75-4204-b15b-76eff6c3355e@group-966E5D2C10A8-SegmentedRaftLogWorker: safeCacheEvictIndex: setUnconditionally 0 -> -1
2024-03-04 13:00:33,486 [74a0a60a-5e75-4204-b15b-76eff6c3355e-groupManagement] INFO  server.RaftServer$Division (RaftServerImpl.java:start(396)) - 74a0a60a-5e75-4204-b15b-76eff6c3355e@group-966E5D2C10A8: start as a follower, conf=-1: peers:[74a0a60a-5e75-4204-b15b-76eff6c3355e|10.1.0.12:15194]|listeners:[], old=null
2024-03-04 13:00:33,486 [74a0a60a-5e75-4204-b15b-76eff6c3355e-groupManagement] INFO  server.RaftServer$Division (RaftServerImpl.java:setRole(383)) - 74a0a60a-5e75-4204-b15b-76eff6c3355e@group-966E5D2C10A8: changes role from      null to FOLLOWER at term 0 for startAsFollower
2024-03-04 13:00:33,486 [74a0a60a-5e75-4204-b15b-76eff6c3355e-groupManagement] INFO  impl.RoleInfo (RoleInfo.java:updateAndGet(139)) - 74a0a60a-5e75-4204-b15b-76eff6c3355e: start 74a0a60a-5e75-4204-b15b-76eff6c3355e@group-966E5D2C10A8-FollowerState
2024-03-04 13:00:33,486 [74a0a60a-5e75-4204-b15b-76eff6c3355e-groupManagement] INFO  util.JmxRegister (JmxRegister.java:tryRegister(44)) - Successfully registered JMX Bean with object name Ratis:service=RaftServer,group=group-966E5D2C10A8,id=74a0a60a-5e75-4204-b15b-76eff6c3355e
2024-03-04 13:00:33,486 [74a0a60a-5e75-4204-b15b-76eff6c3355e-groupManagement] INFO  server.RaftServerConfigKeys (ConfUtils.java:logGet(46)) - raft.server.snapshot.trigger-when-stop.enabled = true (default)
2024-03-04 13:00:33,487 [74a0a60a-5e75-4204-b15b-76eff6c3355e-groupManagement] INFO  server.RaftServerConfigKeys (ConfUtils.java:logGet(46)) - raft.server.snapshot.auto.trigger.enabled = true (custom)
2024-03-04 13:00:33,487 [74a0a60a-5e75-4204-b15b-76eff6c3355e-groupManagement] INFO  server.RaftServerConfigKeys (ConfUtils.java:logGet(46)) - raft.server.snapshot.auto.trigger.threshold = 10000 (custom)
2024-03-04 13:00:33,487 [74a0a60a-5e75-4204-b15b-76eff6c3355e-groupManagement] INFO  server.RaftServerConfigKeys (ConfUtils.java:logGet(46)) - raft.server.snapshot.retention.file.num = 5 (custom)
2024-03-04 13:00:33,487 [74a0a60a-5e75-4204-b15b-76eff6c3355e-groupManagement] INFO  server.RaftServerConfigKeys (ConfUtils.java:logGet(46)) - raft.server.log.purge.upto.snapshot.index = false (default)
2024-03-04 13:00:33,487 [74a0a60a-5e75-4204-b15b-76eff6c3355e@group-966E5D2C10A8-FollowerState] INFO  server.RaftServerConfigKeys (ConfUtils.java:logFallback(53)) - raft.server.rpc.first-election.timeout.min = 5s (fallback to raft.server.rpc.timeout.min)
2024-03-04 13:00:33,487 [74a0a60a-5e75-4204-b15b-76eff6c3355e@group-966E5D2C10A8-FollowerState] INFO  server.RaftServerConfigKeys (ConfUtils.java:logFallback(53)) - raft.server.rpc.first-election.timeout.max = 5200ms (fallback to raft.server.rpc.timeout.max)
2024-03-04 13:00:33,487 [74a0a60a-5e75-4204-b15b-76eff6c3355e-PipelineCommandHandlerThread-0] INFO  ratis.XceiverServerRatis (XceiverServerRatis.java:addGroup(864)) - Created group PipelineID=4175b369-7344-4147-a98b-966e5d2c10a8
2024-03-04 13:00:33,488 [74a0a60a-5e75-4204-b15b-76eff6c3355e-PipelineCommandHandlerThread-0] INFO  commandhandler.CreatePipelineCommandHandler (CreatePipelineCommandHandler.java:lambda$handle$2(124)) - Created Pipeline RATIS ONE PipelineID=4175b369-7344-4147-a98b-966e5d2c10a8.
2024-03-04 13:00:33,488 [74a0a60a-5e75-4204-b15b-76eff6c3355e-PipelineCommandHandlerThread-0] INFO  server.RaftServer (RaftServerProxy.java:addNew(100)) - 74a0a60a-5e75-4204-b15b-76eff6c3355e: addNew group-5B8E4235484C:[e85487f0-f005-4db6-b4de-13885556b81a|10.1.0.12:15203, 74a0a60a-5e75-4204-b15b-76eff6c3355e|10.1.0.12:15194, 6bdc426a-463a-4847-89b4-5f17f88a218e|10.1.0.12:15212] returns group-5B8E4235484C:java.util.concurrent.CompletableFuture@307e2eec[Not completed]
2024-03-04 13:00:33,489 [74a0a60a-5e75-4204-b15b-76eff6c3355e-groupManagement] INFO  server.RaftServer$Division (RaftServerImpl.java:<init>(256)) - 74a0a60a-5e75-4204-b15b-76eff6c3355e: new RaftServerImpl for group-5B8E4235484C:[e85487f0-f005-4db6-b4de-13885556b81a|10.1.0.12:15203, 74a0a60a-5e75-4204-b15b-76eff6c3355e|10.1.0.12:15194, 6bdc426a-463a-4847-89b4-5f17f88a218e|10.1.0.12:15212] with ContainerStateMachine:uninitialized
2024-03-04 13:00:33,489 [74a0a60a-5e75-4204-b15b-76eff6c3355e-groupManagement] INFO  server.RaftServerConfigKeys (ConfUtils.java:logGet(46)) - raft.server.rpc.timeout.min = 5s (custom)
2024-03-04 13:00:33,489 [74a0a60a-5e75-4204-b15b-76eff6c3355e-groupManagement] INFO  server.RaftServerConfigKeys (ConfUtils.java:logGet(46)) - raft.server.rpc.timeout.max = 5200ms (custom)
2024-03-04 13:00:33,489 [74a0a60a-5e75-4204-b15b-76eff6c3355e-groupManagement] INFO  server.RaftServerConfigKeys (ConfUtils.java:logGet(46)) - raft.server.rpc.sleep.time = 25ms (default)
2024-03-04 13:00:33,489 [74a0a60a-5e75-4204-b15b-76eff6c3355e-groupManagement] INFO  server.RaftServerConfigKeys (ConfUtils.java:logGet(46)) - raft.server.rpc.slowness.timeout = 300s (custom)
2024-03-04 13:00:33,489 [74a0a60a-5e75-4204-b15b-76eff6c3355e-groupManagement] INFO  server.RaftServerConfigKeys (ConfUtils.java:logGet(46)) - raft.server.leaderelection.leader.step-down.wait-time = 10s (default)
2024-03-04 13:00:33,489 [74a0a60a-5e75-4204-b15b-76eff6c3355e-groupManagement] INFO  server.RaftServerConfigKeys (ConfUtils.java:logGet(46)) - raft.server.leaderelection.member.majority-add = false (default)
2024-03-04 13:00:33,489 [74a0a60a-5e75-4204-b15b-76eff6c3355e-groupManagement] INFO  server.RaftServerConfigKeys (ConfUtils.java:logGet(46)) - raft.server.sleep.deviation.threshold = 300ms (default)
2024-03-04 13:00:33,489 [74a0a60a-5e75-4204-b15b-76eff6c3355e-groupManagement] INFO  server.RaftServer$Division (ServerState.java:<init>(113)) - 74a0a60a-5e75-4204-b15b-76eff6c3355e@group-5B8E4235484C: ConfigurationManager, init=-1: peers:[e85487f0-f005-4db6-b4de-13885556b81a|10.1.0.12:15203, 74a0a60a-5e75-4204-b15b-76eff6c3355e|10.1.0.12:15194, 6bdc426a-463a-4847-89b4-5f17f88a218e|10.1.0.12:15212]|listeners:[], old=null, confs=<EMPTY_MAP>
2024-03-04 13:00:33,489 [74a0a60a-5e75-4204-b15b-76eff6c3355e-groupManagement] INFO  server.RaftServerConfigKeys (ConfUtils.java:logGet(46)) - raft.server.notification.no-leader.timeout = 300s (custom)
2024-03-04 13:00:33,489 [74a0a60a-5e75-4204-b15b-76eff6c3355e-groupManagement] INFO  server.RaftServerConfigKeys (ConfUtils.java:logGet(46)) - raft.server.read.timeout = 10s (default)
2024-03-04 13:00:33,489 [74a0a60a-5e75-4204-b15b-76eff6c3355e-groupManagement] INFO  server.RaftServerConfigKeys (ConfUtils.java:logGet(46)) - raft.server.retrycache.expirytime = 600000ms (custom)
2024-03-04 13:00:33,489 [74a0a60a-5e75-4204-b15b-76eff6c3355e-groupManagement] INFO  server.RaftServerConfigKeys (ConfUtils.java:logGet(46)) - raft.server.retrycache.statistics.expirytime = 100ms (default)
2024-03-04 13:00:33,489 [74a0a60a-5e75-4204-b15b-76eff6c3355e-groupManagement] INFO  server.RaftServerConfigKeys (ConfUtils.java:logGet(46)) - raft.server.read.option = DEFAULT (default)
2024-03-04 13:00:33,489 [74a0a60a-5e75-4204-b15b-76eff6c3355e-groupManagement] INFO  server.RaftServerConfigKeys (ConfUtils.java:logGet(46)) - raft.server.read.read-after-write-consistent.write-index-cache.expiry-time = 60s (default)
2024-03-04 13:00:33,491 [74a0a60a-5e75-4204-b15b-76eff6c3355e-groupManagement] INFO  server.RaftServerConfigKeys (ConfUtils.java:logGet(46)) - raft.server.rpc.request.timeout = 60s (custom)
2024-03-04 13:00:33,491 [74a0a60a-5e75-4204-b15b-76eff6c3355e-groupManagement] INFO  server.RaftServerConfigKeys (ConfUtils.java:logGet(46)) - raft.server.log.appender.install.snapshot.enabled = false (custom)
2024-03-04 13:00:33,491 [74a0a60a-5e75-4204-b15b-76eff6c3355e-groupManagement] INFO  server.RaftServerConfigKeys (ConfUtils.java:logGet(46)) - raft.server.threadpool.server.cached = true (default)
2024-03-04 13:00:33,491 [74a0a60a-5e75-4204-b15b-76eff6c3355e-groupManagement] INFO  server.RaftServerConfigKeys (ConfUtils.java:logGet(46)) - raft.server.threadpool.server.size = 0 (default)
2024-03-04 13:00:33,491 [74a0a60a-5e75-4204-b15b-76eff6c3355e-groupManagement] INFO  server.RaftServerConfigKeys (ConfUtils.java:logGet(46)) - raft.server.threadpool.client.cached = true (default)
2024-03-04 13:00:33,491 [74a0a60a-5e75-4204-b15b-76eff6c3355e-groupManagement] INFO  server.RaftServerConfigKeys (ConfUtils.java:logGet(46)) - raft.server.threadpool.client.size = 0 (default)
2024-03-04 13:00:33,491 [74a0a60a-5e75-4204-b15b-76eff6c3355e-groupManagement] INFO  server.RaftServerConfigKeys (ConfUtils.java:logGet(46)) - raft.server.storage.free-space.min = 0MB (=0) (default)
2024-03-04 13:00:33,491 [74a0a60a-5e75-4204-b15b-76eff6c3355e-groupManagement] INFO  server.RaftServerConfigKeys (ConfUtils.java:logGet(46)) - raft.server.log.corruption.policy = EXCEPTION (default)
2024-03-04 13:00:33,491 [74a0a60a-5e75-4204-b15b-76eff6c3355e-groupManagement] INFO  server.RaftServerConfigKeys (ConfUtils.java:logGet(46)) - raft.server.storage.dir = [/home/runner/work/ozone/ozone/hadoop-ozone/integration-test/target/test-dir/MiniOzoneClusterImpl-42dd095f-3e4b-4e15-bcdd-4f5539ea9781/ozone-meta/datanode-1/ratis] (custom)
2024-03-04 13:00:33,491 [74a0a60a-5e75-4204-b15b-76eff6c3355e-groupManagement] INFO  storage.RaftStorageDirectory (RaftStorageDirectoryImpl.java:analyzeStorage(138)) - The storage directory /home/runner/work/ozone/ozone/hadoop-ozone/integration-test/target/test-dir/MiniOzoneClusterImpl-42dd095f-3e4b-4e15-bcdd-4f5539ea9781/ozone-meta/datanode-1/ratis/5e34f4a7-7c82-412d-8f11-5b8e4235484c does not exist. Creating ...
2024-03-04 13:00:33,492 [74a0a60a-5e75-4204-b15b-76eff6c3355e-groupManagement] INFO  storage.RaftStorageDirectory (RaftStorageDirectoryImpl.java:tryLock(228)) - Lock on /home/runner/work/ozone/ozone/hadoop-ozone/integration-test/target/test-dir/MiniOzoneClusterImpl-42dd095f-3e4b-4e15-bcdd-4f5539ea9781/ozone-meta/datanode-1/ratis/5e34f4a7-7c82-412d-8f11-5b8e4235484c/in_use.lock acquired by nodename 41993@fv-az571-795
2024-03-04 13:00:33,493 [74a0a60a-5e75-4204-b15b-76eff6c3355e-groupManagement] INFO  storage.RaftStorage (RaftStorageImpl.java:format(99)) - Storage directory /home/runner/work/ozone/ozone/hadoop-ozone/integration-test/target/test-dir/MiniOzoneClusterImpl-42dd095f-3e4b-4e15-bcdd-4f5539ea9781/ozone-meta/datanode-1/ratis/5e34f4a7-7c82-412d-8f11-5b8e4235484c has been successfully formatted.
2024-03-04 13:00:33,493 [74a0a60a-5e75-4204-b15b-76eff6c3355e-groupManagement] WARN  util.FileUtils (LogUtils.java:supplyAndLog(63)) - Failed to Files.newInputStream /home/runner/work/ozone/ozone/hadoop-ozone/integration-test/target/test-dir/MiniOzoneClusterImpl-42dd095f-3e4b-4e15-bcdd-4f5539ea9781/ozone-meta/datanode-1/ratis/5e34f4a7-7c82-412d-8f11-5b8e4235484c/current/raft-meta.conf with options []: java.nio.file.NoSuchFileException: /home/runner/work/ozone/ozone/hadoop-ozone/integration-test/target/test-dir/MiniOzoneClusterImpl-42dd095f-3e4b-4e15-bcdd-4f5539ea9781/ozone-meta/datanode-1/ratis/5e34f4a7-7c82-412d-8f11-5b8e4235484c/current/raft-meta.conf
2024-03-04 13:00:33,493 [74a0a60a-5e75-4204-b15b-76eff6c3355e-groupManagement] INFO  ratis.ContainerStateMachine (ContainerStateMachine.java:loadSnapshot(287)) - group-5B8E4235484C: The snapshot info is null. Setting the last applied index to:(t:0, i:~)
2024-03-04 13:00:33,494 [74a0a60a-5e75-4204-b15b-76eff6c3355e-groupManagement] INFO  server.RaftServerConfigKeys (ConfUtils.java:logGet(46)) - raft.server.log.use.memory = false (default)
2024-03-04 13:00:33,494 [74a0a60a-5e75-4204-b15b-76eff6c3355e-groupManagement] INFO  server.RaftServerConfigKeys (ConfUtils.java:logGet(46)) - raft.server.log.purge.gap = 1000000 (custom)
2024-03-04 13:00:33,494 [74a0a60a-5e75-4204-b15b-76eff6c3355e-groupManagement] INFO  server.RaftServerConfigKeys (ConfUtils.java:logGet(46)) - raft.server.log.appender.buffer.byte-limit = 8388608 (custom)
2024-03-04 13:00:33,494 [74a0a60a-5e75-4204-b15b-76eff6c3355e-groupManagement] INFO  server.RaftServerConfigKeys (ConfUtils.java:logGet(46)) - raft.server.log.statemachine.data.read.timeout = 1000ms (default)
2024-03-04 13:00:33,494 [74a0a60a-5e75-4204-b15b-76eff6c3355e-groupManagement] INFO  server.RaftServerConfigKeys (ConfUtils.java:logGet(46)) - raft.server.log.purge.preservation.log.num = 0 (default)
2024-03-04 13:00:33,495 [EventQueue-OpenPipelineForHealthyPipelineSafeModeRule] INFO  safemode.SCMSafeModeManager (HealthyPipelineSafeModeRule.java:process(140)) - SCM in safe mode. Healthy pipelines reported count is 0, required healthy pipeline reported count is 1
2024-03-04 13:00:33,495 [74a0a60a-5e75-4204-b15b-76eff6c3355e-groupManagement] INFO  server.RaftServerConfigKeys (ConfUtils.java:logGet(46)) - raft.server.log.segment.size.max = 67108864 (custom)
2024-03-04 13:00:33,495 [74a0a60a-5e75-4204-b15b-76eff6c3355e-groupManagement] INFO  server.RaftServerConfigKeys (ConfUtils.java:logGet(46)) - raft.server.log.segment.cache.num.max = 2 (custom)
2024-03-04 13:00:33,495 [74a0a60a-5e75-4204-b15b-76eff6c3355e-groupManagement] INFO  server.RaftServerConfigKeys (ConfUtils.java:logGet(46)) - raft.server.log.segment.cache.size.max = 200MB (=209715200) (default)
2024-03-04 13:00:33,495 [74a0a60a-5e75-4204-b15b-76eff6c3355e-groupManagement] INFO  server.RaftServerConfigKeys (ConfUtils.java:logGet(46)) - raft.server.log.appender.buffer.byte-limit = 8388608 (custom)
2024-03-04 13:00:33,496 [74a0a60a-5e75-4204-b15b-76eff6c3355e-groupManagement] INFO  util.AwaitToRun (AwaitToRun.java:start(81)) - Thread[74a0a60a-5e75-4204-b15b-76eff6c3355e@group-5B8E4235484C-cacheEviction-AwaitToRun,5,main] started
2024-03-04 13:00:33,496 [74a0a60a-5e75-4204-b15b-76eff6c3355e-groupManagement] INFO  segmented.SegmentedRaftLogWorker (SegmentedRaftLogWorker.java:<init>(182)) - new 74a0a60a-5e75-4204-b15b-76eff6c3355e@group-5B8E4235484C-SegmentedRaftLogWorker for RaftStorageImpl:Storage Directory /home/runner/work/ozone/ozone/hadoop-ozone/integration-test/target/test-dir/MiniOzoneClusterImpl-42dd095f-3e4b-4e15-bcdd-4f5539ea9781/ozone-meta/datanode-1/ratis/5e34f4a7-7c82-412d-8f11-5b8e4235484c
2024-03-04 13:00:33,496 [74a0a60a-5e75-4204-b15b-76eff6c3355e-groupManagement] INFO  server.RaftServerConfigKeys (ConfUtils.java:logGet(46)) - raft.server.log.queue.byte-limit = 4294967296 (custom)
2024-03-04 13:00:33,496 [74a0a60a-5e75-4204-b15b-76eff6c3355e-groupManagement] INFO  server.RaftServerConfigKeys (ConfUtils.java:logGet(46)) - raft.server.log.queue.element-limit = 1024 (custom)
2024-03-04 13:00:33,496 [74a0a60a-5e75-4204-b15b-76eff6c3355e-groupManagement] INFO  server.RaftServerConfigKeys (ConfUtils.java:logGet(46)) - raft.server.log.segment.size.max = 67108864 (custom)
2024-03-04 13:00:33,496 [74a0a60a-5e75-4204-b15b-76eff6c3355e-groupManagement] INFO  server.RaftServerConfigKeys (ConfUtils.java:logGet(46)) - raft.server.log.preallocated.size = 4194304 (custom)
2024-03-04 13:00:33,496 [74a0a60a-5e75-4204-b15b-76eff6c3355e-groupManagement] INFO  server.RaftServerConfigKeys (ConfUtils.java:logGet(46)) - raft.server.log.force.sync.num = 128 (default)
2024-03-04 13:00:33,496 [74a0a60a-5e75-4204-b15b-76eff6c3355e-groupManagement] INFO  server.RaftServerConfigKeys (ConfUtils.java:logGet(46)) - raft.server.log.statemachine.data.sync = true (default)
2024-03-04 13:00:33,496 [74a0a60a-5e75-4204-b15b-76eff6c3355e-groupManagement] INFO  server.RaftServerConfigKeys (ConfUtils.java:logGet(46)) - raft.server.log.statemachine.data.sync.timeout = 10s (default)
2024-03-04 13:00:33,496 [74a0a60a-5e75-4204-b15b-76eff6c3355e-groupManagement] INFO  server.RaftServerConfigKeys (ConfUtils.java:logGet(46)) - raft.server.log.statemachine.data.sync.timeout.retry = 0 (custom)
2024-03-04 13:00:33,497 [74a0a60a-5e75-4204-b15b-76eff6c3355e-groupManagement] INFO  server.RaftServerConfigKeys (ConfUtils.java:logGet(46)) - raft.server.log.write.buffer.size = 8388616 (custom)
2024-03-04 13:00:33,498 [74a0a60a-5e75-4204-b15b-76eff6c3355e-groupManagement] INFO  server.RaftServerConfigKeys (ConfUtils.java:logGet(46)) - raft.server.log.appender.buffer.byte-limit = 8388608 (custom)
2024-03-04 13:00:33,498 [74a0a60a-5e75-4204-b15b-76eff6c3355e-groupManagement] INFO  server.RaftServerConfigKeys (ConfUtils.java:logGet(46)) - raft.server.log.unsafe-flush.enabled = false (default)
2024-03-04 13:00:33,498 [74a0a60a-5e75-4204-b15b-76eff6c3355e-groupManagement] INFO  server.RaftServerConfigKeys (ConfUtils.java:logGet(46)) - raft.server.log.async-flush.enabled = false (default)
2024-03-04 13:00:33,498 [74a0a60a-5e75-4204-b15b-76eff6c3355e-groupManagement] INFO  server.RaftServerConfigKeys (ConfUtils.java:logGet(46)) - raft.server.log.statemachine.data.caching.enabled = true (custom)
2024-03-04 13:00:33,498 [74a0a60a-5e75-4204-b15b-76eff6c3355e-groupManagement] INFO  segmented.SegmentedRaftLogWorker (SegmentedRaftLogWorker.java:lambda$new$0(134)) - 74a0a60a-5e75-4204-b15b-76eff6c3355e@group-5B8E4235484C-SegmentedRaftLogWorker: flushIndex: setUnconditionally 0 -> -1
2024-03-04 13:00:33,499 [74a0a60a-5e75-4204-b15b-76eff6c3355e-groupManagement] INFO  segmented.SegmentedRaftLogWorker (SegmentedRaftLogWorker.java:lambda$new$0(134)) - 74a0a60a-5e75-4204-b15b-76eff6c3355e@group-5B8E4235484C-SegmentedRaftLogWorker: safeCacheEvictIndex: setUnconditionally 0 -> -1
2024-03-04 13:00:33,509 [74a0a60a-5e75-4204-b15b-76eff6c3355e-groupManagement] INFO  server.RaftServer$Division (RaftServerImpl.java:start(396)) - 74a0a60a-5e75-4204-b15b-76eff6c3355e@group-5B8E4235484C: start as a follower, conf=-1: peers:[e85487f0-f005-4db6-b4de-13885556b81a|10.1.0.12:15203, 74a0a60a-5e75-4204-b15b-76eff6c3355e|10.1.0.12:15194, 6bdc426a-463a-4847-89b4-5f17f88a218e|10.1.0.12:15212]|listeners:[], old=null
2024-03-04 13:00:33,509 [74a0a60a-5e75-4204-b15b-76eff6c3355e-groupManagement] INFO  server.RaftServer$Division (RaftServerImpl.java:setRole(383)) - 74a0a60a-5e75-4204-b15b-76eff6c3355e@group-5B8E4235484C: changes role from      null to FOLLOWER at term 0 for startAsFollower
2024-03-04 13:00:33,509 [74a0a60a-5e75-4204-b15b-76eff6c3355e-groupManagement] INFO  impl.RoleInfo (RoleInfo.java:updateAndGet(139)) - 74a0a60a-5e75-4204-b15b-76eff6c3355e: start 74a0a60a-5e75-4204-b15b-76eff6c3355e@group-5B8E4235484C-FollowerState
2024-03-04 13:00:33,513 [74a0a60a-5e75-4204-b15b-76eff6c3355e@group-5B8E4235484C-FollowerState] INFO  server.RaftServerConfigKeys (ConfUtils.java:logFallback(53)) - raft.server.rpc.first-election.timeout.min = 5s (fallback to raft.server.rpc.timeout.min)
2024-03-04 13:00:33,513 [74a0a60a-5e75-4204-b15b-76eff6c3355e-groupManagement] INFO  util.JmxRegister (JmxRegister.java:tryRegister(44)) - Successfully registered JMX Bean with object name Ratis:service=RaftServer,group=group-5B8E4235484C,id=74a0a60a-5e75-4204-b15b-76eff6c3355e
2024-03-04 13:00:33,514 [74a0a60a-5e75-4204-b15b-76eff6c3355e-groupManagement] INFO  server.RaftServerConfigKeys (ConfUtils.java:logGet(46)) - raft.server.snapshot.trigger-when-stop.enabled = true (default)
2024-03-04 13:00:33,513 [74a0a60a-5e75-4204-b15b-76eff6c3355e@group-5B8E4235484C-FollowerState] INFO  server.RaftServerConfigKeys (ConfUtils.java:logFallback(53)) - raft.server.rpc.first-election.timeout.max = 5200ms (fallback to raft.server.rpc.timeout.max)
2024-03-04 13:00:33,514 [74a0a60a-5e75-4204-b15b-76eff6c3355e-groupManagement] INFO  server.RaftServerConfigKeys (ConfUtils.java:logGet(46)) - raft.server.snapshot.auto.trigger.enabled = true (custom)
2024-03-04 13:00:33,514 [74a0a60a-5e75-4204-b15b-76eff6c3355e-groupManagement] INFO  server.RaftServerConfigKeys (ConfUtils.java:logGet(46)) - raft.server.snapshot.auto.trigger.threshold = 10000 (custom)
2024-03-04 13:00:33,514 [74a0a60a-5e75-4204-b15b-76eff6c3355e-groupManagement] INFO  server.RaftServerConfigKeys (ConfUtils.java:logGet(46)) - raft.server.snapshot.retention.file.num = 5 (custom)
2024-03-04 13:00:33,514 [74a0a60a-5e75-4204-b15b-76eff6c3355e-groupManagement] INFO  server.RaftServerConfigKeys (ConfUtils.java:logGet(46)) - raft.server.log.purge.upto.snapshot.index = false (default)
2024-03-04 13:00:33,521 [74a0a60a-5e75-4204-b15b-76eff6c3355e-PipelineCommandHandlerThread-0] INFO  ratis.XceiverServerRatis (XceiverServerRatis.java:addGroup(864)) - Created group PipelineID=5e34f4a7-7c82-412d-8f11-5b8e4235484c
2024-03-04 13:00:33,528 [grpc-default-executor-1] INFO  server.RaftServer (RaftServerProxy.java:addNew(100)) - 6bdc426a-463a-4847-89b4-5f17f88a218e: addNew group-5B8E4235484C:[e85487f0-f005-4db6-b4de-13885556b81a|10.1.0.12:15203, 74a0a60a-5e75-4204-b15b-76eff6c3355e|10.1.0.12:15194, 6bdc426a-463a-4847-89b4-5f17f88a218e|10.1.0.12:15212] returns group-5B8E4235484C:java.util.concurrent.CompletableFuture@6b2a9686[Not completed]
2024-03-04 13:00:33,529 [6bdc426a-463a-4847-89b4-5f17f88a218e-groupManagement] INFO  server.RaftServer$Division (RaftServerImpl.java:<init>(256)) - 6bdc426a-463a-4847-89b4-5f17f88a218e: new RaftServerImpl for group-5B8E4235484C:[e85487f0-f005-4db6-b4de-13885556b81a|10.1.0.12:15203, 74a0a60a-5e75-4204-b15b-76eff6c3355e|10.1.0.12:15194, 6bdc426a-463a-4847-89b4-5f17f88a218e|10.1.0.12:15212] with ContainerStateMachine:uninitialized
2024-03-04 13:00:33,529 [6bdc426a-463a-4847-89b4-5f17f88a218e-groupManagement] INFO  server.RaftServerConfigKeys (ConfUtils.java:logGet(46)) - raft.server.rpc.timeout.min = 5s (custom)
2024-03-04 13:00:33,529 [6bdc426a-463a-4847-89b4-5f17f88a218e-groupManagement] INFO  server.RaftServerConfigKeys (ConfUtils.java:logGet(46)) - raft.server.rpc.timeout.max = 5200ms (custom)
2024-03-04 13:00:33,529 [6bdc426a-463a-4847-89b4-5f17f88a218e-groupManagement] INFO  server.RaftServerConfigKeys (ConfUtils.java:logGet(46)) - raft.server.rpc.sleep.time = 25ms (default)
2024-03-04 13:00:33,529 [6bdc426a-463a-4847-89b4-5f17f88a218e-groupManagement] INFO  server.RaftServerConfigKeys (ConfUtils.java:logGet(46)) - raft.server.rpc.slowness.timeout = 300s (custom)
2024-03-04 13:00:33,529 [6bdc426a-463a-4847-89b4-5f17f88a218e-groupManagement] INFO  server.RaftServerConfigKeys (ConfUtils.java:logGet(46)) - raft.server.leaderelection.leader.step-down.wait-time = 10s (default)
2024-03-04 13:00:33,529 [6bdc426a-463a-4847-89b4-5f17f88a218e-groupManagement] INFO  server.RaftServerConfigKeys (ConfUtils.java:logGet(46)) - raft.server.leaderelection.member.majority-add = false (default)
2024-03-04 13:00:33,529 [6bdc426a-463a-4847-89b4-5f17f88a218e-groupManagement] INFO  server.RaftServerConfigKeys (ConfUtils.java:logGet(46)) - raft.server.sleep.deviation.threshold = 300ms (default)
2024-03-04 13:00:33,529 [6bdc426a-463a-4847-89b4-5f17f88a218e-groupManagement] INFO  server.RaftServer$Division (ServerState.java:<init>(113)) - 6bdc426a-463a-4847-89b4-5f17f88a218e@group-5B8E4235484C: ConfigurationManager, init=-1: peers:[e85487f0-f005-4db6-b4de-13885556b81a|10.1.0.12:15203, 74a0a60a-5e75-4204-b15b-76eff6c3355e|10.1.0.12:15194, 6bdc426a-463a-4847-89b4-5f17f88a218e|10.1.0.12:15212]|listeners:[], old=null, confs=<EMPTY_MAP>
2024-03-04 13:00:33,529 [6bdc426a-463a-4847-89b4-5f17f88a218e-groupManagement] INFO  server.RaftServerConfigKeys (ConfUtils.java:logGet(46)) - raft.server.notification.no-leader.timeout = 300s (custom)
2024-03-04 13:00:33,529 [6bdc426a-463a-4847-89b4-5f17f88a218e-groupManagement] INFO  server.RaftServerConfigKeys (ConfUtils.java:logGet(46)) - raft.server.read.timeout = 10s (default)
2024-03-04 13:00:33,529 [6bdc426a-463a-4847-89b4-5f17f88a218e-groupManagement] INFO  server.RaftServerConfigKeys (ConfUtils.java:logGet(46)) - raft.server.retrycache.expirytime = 600000ms (custom)
2024-03-04 13:00:33,529 [6bdc426a-463a-4847-89b4-5f17f88a218e-groupManagement] INFO  server.RaftServerConfigKeys (ConfUtils.java:logGet(46)) - raft.server.retrycache.statistics.expirytime = 100ms (default)
2024-03-04 13:00:33,530 [6bdc426a-463a-4847-89b4-5f17f88a218e-groupManagement] INFO  server.RaftServerConfigKeys (ConfUtils.java:logGet(46)) - raft.server.read.option = DEFAULT (default)
2024-03-04 13:00:33,530 [6bdc426a-463a-4847-89b4-5f17f88a218e-groupManagement] INFO  server.RaftServerConfigKeys (ConfUtils.java:logGet(46)) - raft.server.read.read-after-write-consistent.write-index-cache.expiry-time = 60s (default)
2024-03-04 13:00:33,531 [6bdc426a-463a-4847-89b4-5f17f88a218e-groupManagement] INFO  server.RaftServerConfigKeys (ConfUtils.java:logGet(46)) - raft.server.rpc.request.timeout = 60s (custom)
2024-03-04 13:00:33,531 [6bdc426a-463a-4847-89b4-5f17f88a218e-groupManagement] INFO  server.RaftServerConfigKeys (ConfUtils.java:logGet(46)) - raft.server.log.appender.install.snapshot.enabled = false (custom)
2024-03-04 13:00:33,531 [6bdc426a-463a-4847-89b4-5f17f88a218e-groupManagement] INFO  server.RaftServerConfigKeys (ConfUtils.java:logGet(46)) - raft.server.threadpool.server.cached = true (default)
2024-03-04 13:00:33,532 [6bdc426a-463a-4847-89b4-5f17f88a218e-groupManagement] INFO  server.RaftServerConfigKeys (ConfUtils.java:logGet(46)) - raft.server.threadpool.server.size = 0 (default)
2024-03-04 13:00:33,532 [6bdc426a-463a-4847-89b4-5f17f88a218e-groupManagement] INFO  server.RaftServerConfigKeys (ConfUtils.java:logGet(46)) - raft.server.threadpool.client.cached = true (default)
2024-03-04 13:00:33,532 [6bdc426a-463a-4847-89b4-5f17f88a218e-groupManagement] INFO  server.RaftServerConfigKeys (ConfUtils.java:logGet(46)) - raft.server.threadpool.client.size = 0 (default)
2024-03-04 13:00:33,532 [6bdc426a-463a-4847-89b4-5f17f88a218e-groupManagement] INFO  server.RaftServerConfigKeys (ConfUtils.java:logGet(46)) - raft.server.storage.free-space.min = 0MB (=0) (default)
2024-03-04 13:00:33,532 [6bdc426a-463a-4847-89b4-5f17f88a218e-groupManagement] INFO  server.RaftServerConfigKeys (ConfUtils.java:logGet(46)) - raft.server.log.corruption.policy = EXCEPTION (default)
2024-03-04 13:00:33,532 [6bdc426a-463a-4847-89b4-5f17f88a218e-groupManagement] INFO  server.RaftServerConfigKeys (ConfUtils.java:logGet(46)) - raft.server.storage.dir = [/home/runner/work/ozone/ozone/hadoop-ozone/integration-test/target/test-dir/MiniOzoneClusterImpl-42dd095f-3e4b-4e15-bcdd-4f5539ea9781/ozone-meta/datanode-3/ratis] (custom)
2024-03-04 13:00:33,532 [6bdc426a-463a-4847-89b4-5f17f88a218e-groupManagement] INFO  storage.RaftStorageDirectory (RaftStorageDirectoryImpl.java:analyzeStorage(138)) - The storage directory /home/runner/work/ozone/ozone/hadoop-ozone/integration-test/target/test-dir/MiniOzoneClusterImpl-42dd095f-3e4b-4e15-bcdd-4f5539ea9781/ozone-meta/datanode-3/ratis/5e34f4a7-7c82-412d-8f11-5b8e4235484c does not exist. Creating ...
2024-03-04 13:00:33,533 [6bdc426a-463a-4847-89b4-5f17f88a218e-groupManagement] INFO  storage.RaftStorageDirectory (RaftStorageDirectoryImpl.java:tryLock(228)) - Lock on /home/runner/work/ozone/ozone/hadoop-ozone/integration-test/target/test-dir/MiniOzoneClusterImpl-42dd095f-3e4b-4e15-bcdd-4f5539ea9781/ozone-meta/datanode-3/ratis/5e34f4a7-7c82-412d-8f11-5b8e4235484c/in_use.lock acquired by nodename 41993@fv-az571-795
2024-03-04 13:00:33,534 [6bdc426a-463a-4847-89b4-5f17f88a218e-groupManagement] INFO  storage.RaftStorage (RaftStorageImpl.java:format(99)) - Storage directory /home/runner/work/ozone/ozone/hadoop-ozone/integration-test/target/test-dir/MiniOzoneClusterImpl-42dd095f-3e4b-4e15-bcdd-4f5539ea9781/ozone-meta/datanode-3/ratis/5e34f4a7-7c82-412d-8f11-5b8e4235484c has been successfully formatted.
2024-03-04 13:00:33,534 [6bdc426a-463a-4847-89b4-5f17f88a218e-groupManagement] WARN  util.FileUtils (LogUtils.java:supplyAndLog(63)) - Failed to Files.newInputStream /home/runner/work/ozone/ozone/hadoop-ozone/integration-test/target/test-dir/MiniOzoneClusterImpl-42dd095f-3e4b-4e15-bcdd-4f5539ea9781/ozone-meta/datanode-3/ratis/5e34f4a7-7c82-412d-8f11-5b8e4235484c/current/raft-meta.conf with options []: java.nio.file.NoSuchFileException: /home/runner/work/ozone/ozone/hadoop-ozone/integration-test/target/test-dir/MiniOzoneClusterImpl-42dd095f-3e4b-4e15-bcdd-4f5539ea9781/ozone-meta/datanode-3/ratis/5e34f4a7-7c82-412d-8f11-5b8e4235484c/current/raft-meta.conf
2024-03-04 13:00:33,535 [6bdc426a-463a-4847-89b4-5f17f88a218e-groupManagement] INFO  ratis.ContainerStateMachine (ContainerStateMachine.java:loadSnapshot(287)) - group-5B8E4235484C: The snapshot info is null. Setting the last applied index to:(t:0, i:~)
2024-03-04 13:00:33,535 [6bdc426a-463a-4847-89b4-5f17f88a218e-groupManagement] INFO  server.RaftServerConfigKeys (ConfUtils.java:logGet(46)) - raft.server.log.use.memory = false (default)
2024-03-04 13:00:33,535 [6bdc426a-463a-4847-89b4-5f17f88a218e-groupManagement] INFO  server.RaftServerConfigKeys (ConfUtils.java:logGet(46)) - raft.server.log.purge.gap = 1000000 (custom)
2024-03-04 13:00:33,536 [6bdc426a-463a-4847-89b4-5f17f88a218e-groupManagement] INFO  server.RaftServerConfigKeys (ConfUtils.java:logGet(46)) - raft.server.log.appender.buffer.byte-limit = 8388608 (custom)
2024-03-04 13:00:33,536 [6bdc426a-463a-4847-89b4-5f17f88a218e-groupManagement] INFO  server.RaftServerConfigKeys (ConfUtils.java:logGet(46)) - raft.server.log.statemachine.data.read.timeout = 1000ms (default)
2024-03-04 13:00:33,536 [6bdc426a-463a-4847-89b4-5f17f88a218e-groupManagement] INFO  server.RaftServerConfigKeys (ConfUtils.java:logGet(46)) - raft.server.log.purge.preservation.log.num = 0 (default)
2024-03-04 13:00:33,537 [6bdc426a-463a-4847-89b4-5f17f88a218e-groupManagement] INFO  server.RaftServerConfigKeys (ConfUtils.java:logGet(46)) - raft.server.log.segment.size.max = 67108864 (custom)
2024-03-04 13:00:33,537 [6bdc426a-463a-4847-89b4-5f17f88a218e-groupManagement] INFO  server.RaftServerConfigKeys (ConfUtils.java:logGet(46)) - raft.server.log.segment.cache.num.max = 2 (custom)
2024-03-04 13:00:33,537 [6bdc426a-463a-4847-89b4-5f17f88a218e-groupManagement] INFO  server.RaftServerConfigKeys (ConfUtils.java:logGet(46)) - raft.server.log.segment.cache.size.max = 200MB (=209715200) (default)
2024-03-04 13:00:33,538 [6bdc426a-463a-4847-89b4-5f17f88a218e-groupManagement] INFO  server.RaftServerConfigKeys (ConfUtils.java:logGet(46)) - raft.server.log.appender.buffer.byte-limit = 8388608 (custom)
2024-03-04 13:00:33,541 [6bdc426a-463a-4847-89b4-5f17f88a218e-groupManagement] INFO  util.AwaitToRun (AwaitToRun.java:start(81)) - Thread[6bdc426a-463a-4847-89b4-5f17f88a218e@group-5B8E4235484C-cacheEviction-AwaitToRun,5,main] started
2024-03-04 13:00:33,541 [6bdc426a-463a-4847-89b4-5f17f88a218e-groupManagement] INFO  segmented.SegmentedRaftLogWorker (SegmentedRaftLogWorker.java:<init>(182)) - new 6bdc426a-463a-4847-89b4-5f17f88a218e@group-5B8E4235484C-SegmentedRaftLogWorker for RaftStorageImpl:Storage Directory /home/runner/work/ozone/ozone/hadoop-ozone/integration-test/target/test-dir/MiniOzoneClusterImpl-42dd095f-3e4b-4e15-bcdd-4f5539ea9781/ozone-meta/datanode-3/ratis/5e34f4a7-7c82-412d-8f11-5b8e4235484c
2024-03-04 13:00:33,541 [6bdc426a-463a-4847-89b4-5f17f88a218e-groupManagement] INFO  server.RaftServerConfigKeys (ConfUtils.java:logGet(46)) - raft.server.log.queue.byte-limit = 4294967296 (custom)
2024-03-04 13:00:33,541 [6bdc426a-463a-4847-89b4-5f17f88a218e-groupManagement] INFO  server.RaftServerConfigKeys (ConfUtils.java:logGet(46)) - raft.server.log.queue.element-limit = 1024 (custom)
2024-03-04 13:00:33,541 [6bdc426a-463a-4847-89b4-5f17f88a218e-groupManagement] INFO  server.RaftServerConfigKeys (ConfUtils.java:logGet(46)) - raft.server.log.segment.size.max = 67108864 (custom)
2024-03-04 13:00:33,542 [6bdc426a-463a-4847-89b4-5f17f88a218e-groupManagement] INFO  server.RaftServerConfigKeys (ConfUtils.java:logGet(46)) - raft.server.log.preallocated.size = 4194304 (custom)
2024-03-04 13:00:33,542 [6bdc426a-463a-4847-89b4-5f17f88a218e-groupManagement] INFO  server.RaftServerConfigKeys (ConfUtils.java:logGet(46)) - raft.server.log.force.sync.num = 128 (default)
2024-03-04 13:00:33,542 [6bdc426a-463a-4847-89b4-5f17f88a218e-groupManagement] INFO  server.RaftServerConfigKeys (ConfUtils.java:logGet(46)) - raft.server.log.statemachine.data.sync = true (default)
2024-03-04 13:00:33,542 [6bdc426a-463a-4847-89b4-5f17f88a218e-groupManagement] INFO  server.RaftServerConfigKeys (ConfUtils.java:logGet(46)) - raft.server.log.statemachine.data.sync.timeout = 10s (default)
2024-03-04 13:00:33,542 [6bdc426a-463a-4847-89b4-5f17f88a218e-groupManagement] INFO  server.RaftServerConfigKeys (ConfUtils.java:logGet(46)) - raft.server.log.statemachine.data.sync.timeout.retry = 0 (custom)
2024-03-04 13:00:33,542 [6bdc426a-463a-4847-89b4-5f17f88a218e-groupManagement] INFO  server.RaftServerConfigKeys (ConfUtils.java:logGet(46)) - raft.server.log.write.buffer.size = 8388616 (custom)
2024-03-04 13:00:33,543 [6bdc426a-463a-4847-89b4-5f17f88a218e-groupManagement] INFO  server.RaftServerConfigKeys (ConfUtils.java:logGet(46)) - raft.server.log.appender.buffer.byte-limit = 8388608 (custom)
2024-03-04 13:00:33,543 [6bdc426a-463a-4847-89b4-5f17f88a218e-groupManagement] INFO  server.RaftServerConfigKeys (ConfUtils.java:logGet(46)) - raft.server.log.unsafe-flush.enabled = false (default)
2024-03-04 13:00:33,543 [6bdc426a-463a-4847-89b4-5f17f88a218e-groupManagement] INFO  server.RaftServerConfigKeys (ConfUtils.java:logGet(46)) - raft.server.log.async-flush.enabled = false (default)
2024-03-04 13:00:33,543 [6bdc426a-463a-4847-89b4-5f17f88a218e-groupManagement] INFO  server.RaftServerConfigKeys (ConfUtils.java:logGet(46)) - raft.server.log.statemachine.data.caching.enabled = true (custom)
2024-03-04 13:00:33,543 [6bdc426a-463a-4847-89b4-5f17f88a218e-groupManagement] INFO  segmented.SegmentedRaftLogWorker (SegmentedRaftLogWorker.java:lambda$new$0(134)) - 6bdc426a-463a-4847-89b4-5f17f88a218e@group-5B8E4235484C-SegmentedRaftLogWorker: flushIndex: setUnconditionally 0 -> -1
2024-03-04 13:00:33,543 [6bdc426a-463a-4847-89b4-5f17f88a218e-groupManagement] INFO  segmented.SegmentedRaftLogWorker (SegmentedRaftLogWorker.java:lambda$new$0(134)) - 6bdc426a-463a-4847-89b4-5f17f88a218e@group-5B8E4235484C-SegmentedRaftLogWorker: safeCacheEvictIndex: setUnconditionally 0 -> -1
2024-03-04 13:00:33,544 [6bdc426a-463a-4847-89b4-5f17f88a218e-groupManagement] INFO  server.RaftServer$Division (RaftServerImpl.java:start(396)) - 6bdc426a-463a-4847-89b4-5f17f88a218e@group-5B8E4235484C: start as a follower, conf=-1: peers:[e85487f0-f005-4db6-b4de-13885556b81a|10.1.0.12:15203, 74a0a60a-5e75-4204-b15b-76eff6c3355e|10.1.0.12:15194, 6bdc426a-463a-4847-89b4-5f17f88a218e|10.1.0.12:15212]|listeners:[], old=null
2024-03-04 13:00:33,544 [6bdc426a-463a-4847-89b4-5f17f88a218e-groupManagement] INFO  server.RaftServer$Division (RaftServerImpl.java:setRole(383)) - 6bdc426a-463a-4847-89b4-5f17f88a218e@group-5B8E4235484C: changes role from      null to FOLLOWER at term 0 for startAsFollower
2024-03-04 13:00:33,544 [6bdc426a-463a-4847-89b4-5f17f88a218e-groupManagement] INFO  impl.RoleInfo (RoleInfo.java:updateAndGet(139)) - 6bdc426a-463a-4847-89b4-5f17f88a218e: start 6bdc426a-463a-4847-89b4-5f17f88a218e@group-5B8E4235484C-FollowerState
2024-03-04 13:00:33,546 [6bdc426a-463a-4847-89b4-5f17f88a218e-groupManagement] INFO  util.JmxRegister (JmxRegister.java:tryRegister(44)) - Successfully registered JMX Bean with object name Ratis:service=RaftServer,group=group-5B8E4235484C,id=6bdc426a-463a-4847-89b4-5f17f88a218e
2024-03-04 13:00:33,546 [6bdc426a-463a-4847-89b4-5f17f88a218e-groupManagement] INFO  server.RaftServerConfigKeys (ConfUtils.java:logGet(46)) - raft.server.snapshot.trigger-when-stop.enabled = true (default)
2024-03-04 13:00:33,546 [6bdc426a-463a-4847-89b4-5f17f88a218e-groupManagement] INFO  server.RaftServerConfigKeys (ConfUtils.java:logGet(46)) - raft.server.snapshot.auto.trigger.enabled = true (custom)
2024-03-04 13:00:33,547 [6bdc426a-463a-4847-89b4-5f17f88a218e-groupManagement] INFO  server.RaftServerConfigKeys (ConfUtils.java:logGet(46)) - raft.server.snapshot.auto.trigger.threshold = 10000 (custom)
2024-03-04 13:00:33,547 [6bdc426a-463a-4847-89b4-5f17f88a218e-groupManagement] INFO  server.RaftServerConfigKeys (ConfUtils.java:logGet(46)) - raft.server.snapshot.retention.file.num = 5 (custom)
2024-03-04 13:00:33,547 [6bdc426a-463a-4847-89b4-5f17f88a218e-groupManagement] INFO  server.RaftServerConfigKeys (ConfUtils.java:logGet(46)) - raft.server.log.purge.upto.snapshot.index = false (default)
2024-03-04 13:00:33,547 [6bdc426a-463a-4847-89b4-5f17f88a218e@group-5B8E4235484C-FollowerState] INFO  server.RaftServerConfigKeys (ConfUtils.java:logFallback(53)) - raft.server.rpc.first-election.timeout.min = 5s (fallback to raft.server.rpc.timeout.min)
2024-03-04 13:00:33,548 [6bdc426a-463a-4847-89b4-5f17f88a218e@group-5B8E4235484C-FollowerState] INFO  server.RaftServerConfigKeys (ConfUtils.java:logFallback(53)) - raft.server.rpc.first-election.timeout.max = 5200ms (fallback to raft.server.rpc.timeout.max)
2024-03-04 13:00:33,564 [grpc-default-executor-1] INFO  server.RaftServer (RaftServerProxy.java:addNew(100)) - e85487f0-f005-4db6-b4de-13885556b81a: addNew group-5B8E4235484C:[e85487f0-f005-4db6-b4de-13885556b81a|10.1.0.12:15203, 74a0a60a-5e75-4204-b15b-76eff6c3355e|10.1.0.12:15194, 6bdc426a-463a-4847-89b4-5f17f88a218e|10.1.0.12:15212] returns group-5B8E4235484C:java.util.concurrent.CompletableFuture@4d723241[Not completed]
2024-03-04 13:00:33,565 [e85487f0-f005-4db6-b4de-13885556b81a-PipelineCommandHandlerThread-0] INFO  server.RaftServer (RaftServerProxy.java:addNew(100)) - e85487f0-f005-4db6-b4de-13885556b81a: addNew group-0FDD3D94F0F0:[e85487f0-f005-4db6-b4de-13885556b81a|10.1.0.12:15203] returns group-0FDD3D94F0F0:java.util.concurrent.CompletableFuture@7a524342[Not completed]
2024-03-04 13:00:33,565 [e85487f0-f005-4db6-b4de-13885556b81a-groupManagement] INFO  server.RaftServer$Division (RaftServerImpl.java:<init>(256)) - e85487f0-f005-4db6-b4de-13885556b81a: new RaftServerImpl for group-5B8E4235484C:[e85487f0-f005-4db6-b4de-13885556b81a|10.1.0.12:15203, 74a0a60a-5e75-4204-b15b-76eff6c3355e|10.1.0.12:15194, 6bdc426a-463a-4847-89b4-5f17f88a218e|10.1.0.12:15212] with ContainerStateMachine:uninitialized
2024-03-04 13:00:33,565 [e85487f0-f005-4db6-b4de-13885556b81a-groupManagement] INFO  server.RaftServerConfigKeys (ConfUtils.java:logGet(46)) - raft.server.rpc.timeout.min = 5s (custom)
2024-03-04 13:00:33,565 [e85487f0-f005-4db6-b4de-13885556b81a-groupManagement] INFO  server.RaftServerConfigKeys (ConfUtils.java:logGet(46)) - raft.server.rpc.timeout.max = 5200ms (custom)
2024-03-04 13:00:33,566 [e85487f0-f005-4db6-b4de-13885556b81a-groupManagement] INFO  server.RaftServerConfigKeys (ConfUtils.java:logGet(46)) - raft.server.rpc.sleep.time = 25ms (default)
2024-03-04 13:00:33,566 [e85487f0-f005-4db6-b4de-13885556b81a-groupManagement] INFO  server.RaftServerConfigKeys (ConfUtils.java:logGet(46)) - raft.server.rpc.slowness.timeout = 300s (custom)
2024-03-04 13:00:33,566 [e85487f0-f005-4db6-b4de-13885556b81a-groupManagement] INFO  server.RaftServerConfigKeys (ConfUtils.java:logGet(46)) - raft.server.leaderelection.leader.step-down.wait-time = 10s (default)
2024-03-04 13:00:33,566 [e85487f0-f005-4db6-b4de-13885556b81a-groupManagement] INFO  server.RaftServerConfigKeys (ConfUtils.java:logGet(46)) - raft.server.leaderelection.member.majority-add = false (default)
2024-03-04 13:00:33,566 [e85487f0-f005-4db6-b4de-13885556b81a-groupManagement] INFO  server.RaftServerConfigKeys (ConfUtils.java:logGet(46)) - raft.server.sleep.deviation.threshold = 300ms (default)
2024-03-04 13:00:33,566 [e85487f0-f005-4db6-b4de-13885556b81a-groupManagement] INFO  server.RaftServer$Division (ServerState.java:<init>(113)) - e85487f0-f005-4db6-b4de-13885556b81a@group-5B8E4235484C: ConfigurationManager, init=-1: peers:[e85487f0-f005-4db6-b4de-13885556b81a|10.1.0.12:15203, 74a0a60a-5e75-4204-b15b-76eff6c3355e|10.1.0.12:15194, 6bdc426a-463a-4847-89b4-5f17f88a218e|10.1.0.12:15212]|listeners:[], old=null, confs=<EMPTY_MAP>
2024-03-04 13:00:33,566 [e85487f0-f005-4db6-b4de-13885556b81a-groupManagement] INFO  server.RaftServerConfigKeys (ConfUtils.java:logGet(46)) - raft.server.notification.no-leader.timeout = 300s (custom)
2024-03-04 13:00:33,566 [e85487f0-f005-4db6-b4de-13885556b81a-groupManagement] INFO  server.RaftServerConfigKeys (ConfUtils.java:logGet(46)) - raft.server.read.timeout = 10s (default)
2024-03-04 13:00:33,566 [e85487f0-f005-4db6-b4de-13885556b81a-groupManagement] INFO  server.RaftServerConfigKeys (ConfUtils.java:logGet(46)) - raft.server.retrycache.expirytime = 600000ms (custom)
2024-03-04 13:00:33,566 [e85487f0-f005-4db6-b4de-13885556b81a-groupManagement] INFO  server.RaftServerConfigKeys (ConfUtils.java:logGet(46)) - raft.server.retrycache.statistics.expirytime = 100ms (default)
2024-03-04 13:00:33,566 [e85487f0-f005-4db6-b4de-13885556b81a-groupManagement] INFO  server.RaftServerConfigKeys (ConfUtils.java:logGet(46)) - raft.server.read.option = DEFAULT (default)
2024-03-04 13:00:33,566 [e85487f0-f005-4db6-b4de-13885556b81a-groupManagement] INFO  server.RaftServerConfigKeys (ConfUtils.java:logGet(46)) - raft.server.read.read-after-write-consistent.write-index-cache.expiry-time = 60s (default)
2024-03-04 13:00:33,568 [e85487f0-f005-4db6-b4de-13885556b81a-groupManagement] INFO  server.RaftServerConfigKeys (ConfUtils.java:logGet(46)) - raft.server.rpc.request.timeout = 60s (custom)
2024-03-04 13:00:33,568 [e85487f0-f005-4db6-b4de-13885556b81a-groupManagement] INFO  server.RaftServerConfigKeys (ConfUtils.java:logGet(46)) - raft.server.log.appender.install.snapshot.enabled = false (custom)
2024-03-04 13:00:33,568 [e85487f0-f005-4db6-b4de-13885556b81a-groupManagement] INFO  server.RaftServerConfigKeys (ConfUtils.java:logGet(46)) - raft.server.threadpool.server.cached = true (default)
2024-03-04 13:00:33,568 [e85487f0-f005-4db6-b4de-13885556b81a-groupManagement] INFO  server.RaftServerConfigKeys (ConfUtils.java:logGet(46)) - raft.server.threadpool.server.size = 0 (default)
2024-03-04 13:00:33,568 [e85487f0-f005-4db6-b4de-13885556b81a-groupManagement] INFO  server.RaftServerConfigKeys (ConfUtils.java:logGet(46)) - raft.server.threadpool.client.cached = true (default)
2024-03-04 13:00:33,568 [e85487f0-f005-4db6-b4de-13885556b81a-groupManagement] INFO  server.RaftServerConfigKeys (ConfUtils.java:logGet(46)) - raft.server.threadpool.client.size = 0 (default)
2024-03-04 13:00:33,569 [e85487f0-f005-4db6-b4de-13885556b81a-groupManagement] INFO  server.RaftServer$Division (RaftServerImpl.java:<init>(256)) - e85487f0-f005-4db6-b4de-13885556b81a: new RaftServerImpl for group-0FDD3D94F0F0:[e85487f0-f005-4db6-b4de-13885556b81a|10.1.0.12:15203] with ContainerStateMachine:uninitialized
2024-03-04 13:00:33,569 [e85487f0-f005-4db6-b4de-13885556b81a-groupManagement] INFO  server.RaftServerConfigKeys (ConfUtils.java:logGet(46)) - raft.server.rpc.timeout.min = 5s (custom)
2024-03-04 13:00:33,569 [e85487f0-f005-4db6-b4de-13885556b81a-groupManagement] INFO  server.RaftServerConfigKeys (ConfUtils.java:logGet(46)) - raft.server.rpc.timeout.max = 5200ms (custom)
2024-03-04 13:00:33,569 [e85487f0-f005-4db6-b4de-13885556b81a-groupManagement] INFO  server.RaftServerConfigKeys (ConfUtils.java:logGet(46)) - raft.server.rpc.sleep.time = 25ms (default)
2024-03-04 13:00:33,569 [e85487f0-f005-4db6-b4de-13885556b81a-groupManagement] INFO  server.RaftServerConfigKeys (ConfUtils.java:logGet(46)) - raft.server.rpc.slowness.timeout = 300s (custom)
2024-03-04 13:00:33,569 [e85487f0-f005-4db6-b4de-13885556b81a-groupManagement] INFO  server.RaftServerConfigKeys (ConfUtils.java:logGet(46)) - raft.server.leaderelection.leader.step-down.wait-time = 10s (default)
2024-03-04 13:00:33,569 [e85487f0-f005-4db6-b4de-13885556b81a-groupManagement] INFO  server.RaftServerConfigKeys (ConfUtils.java:logGet(46)) - raft.server.leaderelection.member.majority-add = false (default)
2024-03-04 13:00:33,569 [e85487f0-f005-4db6-b4de-13885556b81a-groupManagement] INFO  server.RaftServerConfigKeys (ConfUtils.java:logGet(46)) - raft.server.sleep.deviation.threshold = 300ms (default)
2024-03-04 13:00:33,569 [e85487f0-f005-4db6-b4de-13885556b81a-groupManagement] INFO  server.RaftServer$Division (ServerState.java:<init>(113)) - e85487f0-f005-4db6-b4de-13885556b81a@group-0FDD3D94F0F0: ConfigurationManager, init=-1: peers:[e85487f0-f005-4db6-b4de-13885556b81a|10.1.0.12:15203]|listeners:[], old=null, confs=<EMPTY_MAP>
2024-03-04 13:00:33,569 [e85487f0-f005-4db6-b4de-13885556b81a-groupManagement] INFO  server.RaftServerConfigKeys (ConfUtils.java:logGet(46)) - raft.server.notification.no-leader.timeout = 300s (custom)
2024-03-04 13:00:33,569 [e85487f0-f005-4db6-b4de-13885556b81a-groupManagement] INFO  server.RaftServerConfigKeys (ConfUtils.java:logGet(46)) - raft.server.read.timeout = 10s (default)
2024-03-04 13:00:33,569 [e85487f0-f005-4db6-b4de-13885556b81a-groupManagement] INFO  server.RaftServerConfigKeys (ConfUtils.java:logGet(46)) - raft.server.retrycache.expirytime = 600000ms (custom)
2024-03-04 13:00:33,569 [e85487f0-f005-4db6-b4de-13885556b81a-groupManagement] INFO  server.RaftServerConfigKeys (ConfUtils.java:logGet(46)) - raft.server.retrycache.statistics.expirytime = 100ms (default)
2024-03-04 13:00:33,569 [e85487f0-f005-4db6-b4de-13885556b81a-groupManagement] INFO  server.RaftServerConfigKeys (ConfUtils.java:logGet(46)) - raft.server.read.option = DEFAULT (default)
2024-03-04 13:00:33,569 [e85487f0-f005-4db6-b4de-13885556b81a-groupManagement] INFO  server.RaftServerConfigKeys (ConfUtils.java:logGet(46)) - raft.server.read.read-after-write-consistent.write-index-cache.expiry-time = 60s (default)
2024-03-04 13:00:33,570 [e85487f0-f005-4db6-b4de-13885556b81a-groupManagement] INFO  server.RaftServerConfigKeys (ConfUtils.java:logGet(46)) - raft.server.rpc.request.timeout = 60s (custom)
2024-03-04 13:00:33,570 [e85487f0-f005-4db6-b4de-13885556b81a-groupManagement] INFO  server.RaftServerConfigKeys (ConfUtils.java:logGet(46)) - raft.server.log.appender.install.snapshot.enabled = false (custom)
2024-03-04 13:00:33,570 [e85487f0-f005-4db6-b4de-13885556b81a-groupManagement] INFO  server.RaftServerConfigKeys (ConfUtils.java:logGet(46)) - raft.server.threadpool.server.cached = true (default)
2024-03-04 13:00:33,570 [e85487f0-f005-4db6-b4de-13885556b81a-groupManagement] INFO  server.RaftServerConfigKeys (ConfUtils.java:logGet(46)) - raft.server.threadpool.server.size = 0 (default)
2024-03-04 13:00:33,570 [e85487f0-f005-4db6-b4de-13885556b81a-groupManagement] INFO  server.RaftServerConfigKeys (ConfUtils.java:logGet(46)) - raft.server.threadpool.client.cached = true (default)
2024-03-04 13:00:33,570 [e85487f0-f005-4db6-b4de-13885556b81a-groupManagement] INFO  server.RaftServerConfigKeys (ConfUtils.java:logGet(46)) - raft.server.threadpool.client.size = 0 (default)
2024-03-04 13:00:33,570 [e85487f0-f005-4db6-b4de-13885556b81a-groupManagement] INFO  server.RaftServerConfigKeys (ConfUtils.java:logGet(46)) - raft.server.storage.free-space.min = 0MB (=0) (default)
2024-03-04 13:00:33,570 [e85487f0-f005-4db6-b4de-13885556b81a-groupManagement] INFO  server.RaftServerConfigKeys (ConfUtils.java:logGet(46)) - raft.server.log.corruption.policy = EXCEPTION (default)
2024-03-04 13:00:33,570 [e85487f0-f005-4db6-b4de-13885556b81a-groupManagement] INFO  server.RaftServerConfigKeys (ConfUtils.java:logGet(46)) - raft.server.storage.dir = [/home/runner/work/ozone/ozone/hadoop-ozone/integration-test/target/test-dir/MiniOzoneClusterImpl-42dd095f-3e4b-4e15-bcdd-4f5539ea9781/ozone-meta/datanode-2/ratis] (custom)
2024-03-04 13:00:33,571 [e85487f0-f005-4db6-b4de-13885556b81a-groupManagement] INFO  storage.RaftStorageDirectory (RaftStorageDirectoryImpl.java:analyzeStorage(138)) - The storage directory /home/runner/work/ozone/ozone/hadoop-ozone/integration-test/target/test-dir/MiniOzoneClusterImpl-42dd095f-3e4b-4e15-bcdd-4f5539ea9781/ozone-meta/datanode-2/ratis/5e34f4a7-7c82-412d-8f11-5b8e4235484c does not exist. Creating ...
2024-03-04 13:00:33,571 [e85487f0-f005-4db6-b4de-13885556b81a-groupManagement] INFO  storage.RaftStorageDirectory (RaftStorageDirectoryImpl.java:tryLock(228)) - Lock on /home/runner/work/ozone/ozone/hadoop-ozone/integration-test/target/test-dir/MiniOzoneClusterImpl-42dd095f-3e4b-4e15-bcdd-4f5539ea9781/ozone-meta/datanode-2/ratis/5e34f4a7-7c82-412d-8f11-5b8e4235484c/in_use.lock acquired by nodename 41993@fv-az571-795
2024-03-04 13:00:33,572 [e85487f0-f005-4db6-b4de-13885556b81a-groupManagement] INFO  storage.RaftStorage (RaftStorageImpl.java:format(99)) - Storage directory /home/runner/work/ozone/ozone/hadoop-ozone/integration-test/target/test-dir/MiniOzoneClusterImpl-42dd095f-3e4b-4e15-bcdd-4f5539ea9781/ozone-meta/datanode-2/ratis/5e34f4a7-7c82-412d-8f11-5b8e4235484c has been successfully formatted.
2024-03-04 13:00:33,573 [e85487f0-f005-4db6-b4de-13885556b81a-groupManagement] WARN  util.FileUtils (LogUtils.java:supplyAndLog(63)) - Failed to Files.newInputStream /home/runner/work/ozone/ozone/hadoop-ozone/integration-test/target/test-dir/MiniOzoneClusterImpl-42dd095f-3e4b-4e15-bcdd-4f5539ea9781/ozone-meta/datanode-2/ratis/5e34f4a7-7c82-412d-8f11-5b8e4235484c/current/raft-meta.conf with options []: java.nio.file.NoSuchFileException: /home/runner/work/ozone/ozone/hadoop-ozone/integration-test/target/test-dir/MiniOzoneClusterImpl-42dd095f-3e4b-4e15-bcdd-4f5539ea9781/ozone-meta/datanode-2/ratis/5e34f4a7-7c82-412d-8f11-5b8e4235484c/current/raft-meta.conf
2024-03-04 13:00:33,574 [e85487f0-f005-4db6-b4de-13885556b81a-groupManagement] INFO  ratis.ContainerStateMachine (ContainerStateMachine.java:loadSnapshot(287)) - group-5B8E4235484C: The snapshot info is null. Setting the last applied index to:(t:0, i:~)
2024-03-04 13:00:33,574 [e85487f0-f005-4db6-b4de-13885556b81a-groupManagement] INFO  server.RaftServerConfigKeys (ConfUtils.java:logGet(46)) - raft.server.log.use.memory = false (default)
2024-03-04 13:00:33,575 [EventQueue-PipelineReportForPipelineReportHandler] INFO  pipeline.PipelineReportHandler (PipelineReportHandler.java:processPipelineReport(136)) - Opened pipeline PipelineID=e3ade89d-f622-4eb6-94c0-0fdd3d94f0f0
2024-03-04 13:00:33,576 [EventQueue-OpenPipelineForHealthyPipelineSafeModeRule] INFO  safemode.SCMSafeModeManager (HealthyPipelineSafeModeRule.java:process(140)) - SCM in safe mode. Healthy pipelines reported count is 0, required healthy pipeline reported count is 1
2024-03-04 13:00:33,576 [e85487f0-f005-4db6-b4de-13885556b81a-groupManagement] INFO  server.RaftServerConfigKeys (ConfUtils.java:logGet(46)) - raft.server.log.purge.gap = 1000000 (custom)
2024-03-04 13:00:33,576 [e85487f0-f005-4db6-b4de-13885556b81a-groupManagement] INFO  server.RaftServerConfigKeys (ConfUtils.java:logGet(46)) - raft.server.log.appender.buffer.byte-limit = 8388608 (custom)
2024-03-04 13:00:33,577 [e85487f0-f005-4db6-b4de-13885556b81a-groupManagement] INFO  server.RaftServerConfigKeys (ConfUtils.java:logGet(46)) - raft.server.log.statemachine.data.read.timeout = 1000ms (default)
2024-03-04 13:00:33,577 [e85487f0-f005-4db6-b4de-13885556b81a-groupManagement] INFO  server.RaftServerConfigKeys (ConfUtils.java:logGet(46)) - raft.server.log.purge.preservation.log.num = 0 (default)
2024-03-04 13:00:33,578 [e85487f0-f005-4db6-b4de-13885556b81a-groupManagement] INFO  server.RaftServerConfigKeys (ConfUtils.java:logGet(46)) - raft.server.log.segment.size.max = 67108864 (custom)
2024-03-04 13:00:33,579 [e85487f0-f005-4db6-b4de-13885556b81a-groupManagement] INFO  server.RaftServerConfigKeys (ConfUtils.java:logGet(46)) - raft.server.log.segment.cache.num.max = 2 (custom)
2024-03-04 13:00:33,579 [e85487f0-f005-4db6-b4de-13885556b81a-groupManagement] INFO  server.RaftServerConfigKeys (ConfUtils.java:logGet(46)) - raft.server.log.segment.cache.size.max = 200MB (=209715200) (default)
2024-03-04 13:00:33,579 [e85487f0-f005-4db6-b4de-13885556b81a-groupManagement] INFO  server.RaftServerConfigKeys (ConfUtils.java:logGet(46)) - raft.server.log.appender.buffer.byte-limit = 8388608 (custom)
2024-03-04 13:00:33,580 [e85487f0-f005-4db6-b4de-13885556b81a-groupManagement] INFO  util.AwaitToRun (AwaitToRun.java:start(81)) - Thread[e85487f0-f005-4db6-b4de-13885556b81a@group-5B8E4235484C-cacheEviction-AwaitToRun,5,main] started
2024-03-04 13:00:33,580 [e85487f0-f005-4db6-b4de-13885556b81a-groupManagement] INFO  segmented.SegmentedRaftLogWorker (SegmentedRaftLogWorker.java:<init>(182)) - new e85487f0-f005-4db6-b4de-13885556b81a@group-5B8E4235484C-SegmentedRaftLogWorker for RaftStorageImpl:Storage Directory /home/runner/work/ozone/ozone/hadoop-ozone/integration-test/target/test-dir/MiniOzoneClusterImpl-42dd095f-3e4b-4e15-bcdd-4f5539ea9781/ozone-meta/datanode-2/ratis/5e34f4a7-7c82-412d-8f11-5b8e4235484c
2024-03-04 13:00:33,580 [e85487f0-f005-4db6-b4de-13885556b81a-groupManagement] INFO  server.RaftServerConfigKeys (ConfUtils.java:logGet(46)) - raft.server.log.queue.byte-limit = 4294967296 (custom)
2024-03-04 13:00:33,581 [e85487f0-f005-4db6-b4de-13885556b81a-groupManagement] INFO  server.RaftServerConfigKeys (ConfUtils.java:logGet(46)) - raft.server.log.queue.element-limit = 1024 (custom)
2024-03-04 13:00:33,581 [e85487f0-f005-4db6-b4de-13885556b81a-groupManagement] INFO  server.RaftServerConfigKeys (ConfUtils.java:logGet(46)) - raft.server.log.segment.size.max = 67108864 (custom)
2024-03-04 13:00:33,582 [e85487f0-f005-4db6-b4de-13885556b81a-groupManagement] INFO  server.RaftServerConfigKeys (ConfUtils.java:logGet(46)) - raft.server.log.preallocated.size = 4194304 (custom)
2024-03-04 13:00:33,582 [e85487f0-f005-4db6-b4de-13885556b81a-groupManagement] INFO  server.RaftServerConfigKeys (ConfUtils.java:logGet(46)) - raft.server.log.force.sync.num = 128 (default)
2024-03-04 13:00:33,582 [e85487f0-f005-4db6-b4de-13885556b81a-groupManagement] INFO  server.RaftServerConfigKeys (ConfUtils.java:logGet(46)) - raft.server.log.statemachine.data.sync = true (default)
2024-03-04 13:00:33,582 [e85487f0-f005-4db6-b4de-13885556b81a-groupManagement] INFO  server.RaftServerConfigKeys (ConfUtils.java:logGet(46)) - raft.server.log.statemachine.data.sync.timeout = 10s (default)
2024-03-04 13:00:33,582 [e85487f0-f005-4db6-b4de-13885556b81a-groupManagement] INFO  server.RaftServerConfigKeys (ConfUtils.java:logGet(46)) - raft.server.log.statemachine.data.sync.timeout.retry = 0 (custom)
2024-03-04 13:00:33,582 [e85487f0-f005-4db6-b4de-13885556b81a-groupManagement] INFO  server.RaftServerConfigKeys (ConfUtils.java:logGet(46)) - raft.server.log.write.buffer.size = 8388616 (custom)
2024-03-04 13:00:33,584 [e85487f0-f005-4db6-b4de-13885556b81a-groupManagement] INFO  server.RaftServerConfigKeys (ConfUtils.java:logGet(46)) - raft.server.log.appender.buffer.byte-limit = 8388608 (custom)
2024-03-04 13:00:33,584 [e85487f0-f005-4db6-b4de-13885556b81a-groupManagement] INFO  server.RaftServerConfigKeys (ConfUtils.java:logGet(46)) - raft.server.log.unsafe-flush.enabled = false (default)
2024-03-04 13:00:33,584 [e85487f0-f005-4db6-b4de-13885556b81a-groupManagement] INFO  server.RaftServerConfigKeys (ConfUtils.java:logGet(46)) - raft.server.log.async-flush.enabled = false (default)
2024-03-04 13:00:33,584 [e85487f0-f005-4db6-b4de-13885556b81a-groupManagement] INFO  server.RaftServerConfigKeys (ConfUtils.java:logGet(46)) - raft.server.log.statemachine.data.caching.enabled = true (custom)
2024-03-04 13:00:33,584 [e85487f0-f005-4db6-b4de-13885556b81a-groupManagement] INFO  segmented.SegmentedRaftLogWorker (SegmentedRaftLogWorker.java:lambda$new$0(134)) - e85487f0-f005-4db6-b4de-13885556b81a@group-5B8E4235484C-SegmentedRaftLogWorker: flushIndex: setUnconditionally 0 -> -1
2024-03-04 13:00:33,584 [e85487f0-f005-4db6-b4de-13885556b81a-groupManagement] INFO  segmented.SegmentedRaftLogWorker (SegmentedRaftLogWorker.java:lambda$new$0(134)) - e85487f0-f005-4db6-b4de-13885556b81a@group-5B8E4235484C-SegmentedRaftLogWorker: safeCacheEvictIndex: setUnconditionally 0 -> -1
2024-03-04 13:00:33,584 [e85487f0-f005-4db6-b4de-13885556b81a-groupManagement] INFO  server.RaftServer$Division (RaftServerImpl.java:start(396)) - e85487f0-f005-4db6-b4de-13885556b81a@group-5B8E4235484C: start as a follower, conf=-1: peers:[e85487f0-f005-4db6-b4de-13885556b81a|10.1.0.12:15203, 74a0a60a-5e75-4204-b15b-76eff6c3355e|10.1.0.12:15194, 6bdc426a-463a-4847-89b4-5f17f88a218e|10.1.0.12:15212]|listeners:[], old=null
2024-03-04 13:00:33,584 [e85487f0-f005-4db6-b4de-13885556b81a-groupManagement] INFO  server.RaftServer$Division (RaftServerImpl.java:setRole(383)) - e85487f0-f005-4db6-b4de-13885556b81a@group-5B8E4235484C: changes role from      null to FOLLOWER at term 0 for startAsFollower
2024-03-04 13:00:33,584 [e85487f0-f005-4db6-b4de-13885556b81a-groupManagement] INFO  impl.RoleInfo (RoleInfo.java:updateAndGet(139)) - e85487f0-f005-4db6-b4de-13885556b81a: start e85487f0-f005-4db6-b4de-13885556b81a@group-5B8E4235484C-FollowerState
2024-03-04 13:00:33,585 [e85487f0-f005-4db6-b4de-13885556b81a-groupManagement] INFO  util.JmxRegister (JmxRegister.java:tryRegister(44)) - Successfully registered JMX Bean with object name Ratis:service=RaftServer,group=group-5B8E4235484C,id=e85487f0-f005-4db6-b4de-13885556b81a
2024-03-04 13:00:33,585 [e85487f0-f005-4db6-b4de-13885556b81a-groupManagement] INFO  server.RaftServerConfigKeys (ConfUtils.java:logGet(46)) - raft.server.snapshot.trigger-when-stop.enabled = true (default)
2024-03-04 13:00:33,585 [e85487f0-f005-4db6-b4de-13885556b81a-groupManagement] INFO  server.RaftServerConfigKeys (ConfUtils.java:logGet(46)) - raft.server.snapshot.auto.trigger.enabled = true (custom)
2024-03-04 13:00:33,585 [e85487f0-f005-4db6-b4de-13885556b81a-groupManagement] INFO  server.RaftServerConfigKeys (ConfUtils.java:logGet(46)) - raft.server.snapshot.auto.trigger.threshold = 10000 (custom)
2024-03-04 13:00:33,585 [e85487f0-f005-4db6-b4de-13885556b81a-groupManagement] INFO  server.RaftServerConfigKeys (ConfUtils.java:logGet(46)) - raft.server.snapshot.retention.file.num = 5 (custom)
2024-03-04 13:00:33,585 [e85487f0-f005-4db6-b4de-13885556b81a-groupManagement] INFO  server.RaftServerConfigKeys (ConfUtils.java:logGet(46)) - raft.server.log.purge.upto.snapshot.index = false (default)
2024-03-04 13:00:33,585 [e85487f0-f005-4db6-b4de-13885556b81a@group-5B8E4235484C-FollowerState] INFO  server.RaftServerConfigKeys (ConfUtils.java:logFallback(53)) - raft.server.rpc.first-election.timeout.min = 5s (fallback to raft.server.rpc.timeout.min)
2024-03-04 13:00:33,586 [e85487f0-f005-4db6-b4de-13885556b81a@group-5B8E4235484C-FollowerState] INFO  server.RaftServerConfigKeys (ConfUtils.java:logFallback(53)) - raft.server.rpc.first-election.timeout.max = 5200ms (fallback to raft.server.rpc.timeout.max)
2024-03-04 13:00:33,586 [e85487f0-f005-4db6-b4de-13885556b81a-groupManagement] INFO  server.RaftServerConfigKeys (ConfUtils.java:logGet(46)) - raft.server.storage.free-space.min = 0MB (=0) (default)
2024-03-04 13:00:33,586 [e85487f0-f005-4db6-b4de-13885556b81a-groupManagement] INFO  server.RaftServerConfigKeys (ConfUtils.java:logGet(46)) - raft.server.log.corruption.policy = EXCEPTION (default)
2024-03-04 13:00:33,586 [e85487f0-f005-4db6-b4de-13885556b81a-groupManagement] INFO  server.RaftServerConfigKeys (ConfUtils.java:logGet(46)) - raft.server.storage.dir = [/home/runner/work/ozone/ozone/hadoop-ozone/integration-test/target/test-dir/MiniOzoneClusterImpl-42dd095f-3e4b-4e15-bcdd-4f5539ea9781/ozone-meta/datanode-2/ratis] (custom)
2024-03-04 13:00:33,586 [e85487f0-f005-4db6-b4de-13885556b81a-groupManagement] INFO  storage.RaftStorageDirectory (RaftStorageDirectoryImpl.java:analyzeStorage(138)) - The storage directory /home/runner/work/ozone/ozone/hadoop-ozone/integration-test/target/test-dir/MiniOzoneClusterImpl-42dd095f-3e4b-4e15-bcdd-4f5539ea9781/ozone-meta/datanode-2/ratis/e3ade89d-f622-4eb6-94c0-0fdd3d94f0f0 does not exist. Creating ...
2024-03-04 13:00:33,588 [e85487f0-f005-4db6-b4de-13885556b81a-groupManagement] INFO  storage.RaftStorageDirectory (RaftStorageDirectoryImpl.java:tryLock(228)) - Lock on /home/runner/work/ozone/ozone/hadoop-ozone/integration-test/target/test-dir/MiniOzoneClusterImpl-42dd095f-3e4b-4e15-bcdd-4f5539ea9781/ozone-meta/datanode-2/ratis/e3ade89d-f622-4eb6-94c0-0fdd3d94f0f0/in_use.lock acquired by nodename 41993@fv-az571-795
2024-03-04 13:00:33,589 [e85487f0-f005-4db6-b4de-13885556b81a-groupManagement] INFO  storage.RaftStorage (RaftStorageImpl.java:format(99)) - Storage directory /home/runner/work/ozone/ozone/hadoop-ozone/integration-test/target/test-dir/MiniOzoneClusterImpl-42dd095f-3e4b-4e15-bcdd-4f5539ea9781/ozone-meta/datanode-2/ratis/e3ade89d-f622-4eb6-94c0-0fdd3d94f0f0 has been successfully formatted.
2024-03-04 13:00:33,589 [e85487f0-f005-4db6-b4de-13885556b81a-groupManagement] WARN  util.FileUtils (LogUtils.java:supplyAndLog(63)) - Failed to Files.newInputStream /home/runner/work/ozone/ozone/hadoop-ozone/integration-test/target/test-dir/MiniOzoneClusterImpl-42dd095f-3e4b-4e15-bcdd-4f5539ea9781/ozone-meta/datanode-2/ratis/e3ade89d-f622-4eb6-94c0-0fdd3d94f0f0/current/raft-meta.conf with options []: java.nio.file.NoSuchFileException: /home/runner/work/ozone/ozone/hadoop-ozone/integration-test/target/test-dir/MiniOzoneClusterImpl-42dd095f-3e4b-4e15-bcdd-4f5539ea9781/ozone-meta/datanode-2/ratis/e3ade89d-f622-4eb6-94c0-0fdd3d94f0f0/current/raft-meta.conf
2024-03-04 13:00:33,590 [e85487f0-f005-4db6-b4de-13885556b81a-groupManagement] INFO  ratis.ContainerStateMachine (ContainerStateMachine.java:loadSnapshot(287)) - group-0FDD3D94F0F0: The snapshot info is null. Setting the last applied index to:(t:0, i:~)
2024-03-04 13:00:33,590 [e85487f0-f005-4db6-b4de-13885556b81a-groupManagement] INFO  server.RaftServerConfigKeys (ConfUtils.java:logGet(46)) - raft.server.log.use.memory = false (default)
2024-03-04 13:00:33,590 [e85487f0-f005-4db6-b4de-13885556b81a-groupManagement] INFO  server.RaftServerConfigKeys (ConfUtils.java:logGet(46)) - raft.server.log.purge.gap = 1000000 (custom)
2024-03-04 13:00:33,592 [e85487f0-f005-4db6-b4de-13885556b81a-groupManagement] INFO  server.RaftServerConfigKeys (ConfUtils.java:logGet(46)) - raft.server.log.appender.buffer.byte-limit = 8388608 (custom)
2024-03-04 13:00:33,592 [e85487f0-f005-4db6-b4de-13885556b81a-groupManagement] INFO  server.RaftServerConfigKeys (ConfUtils.java:logGet(46)) - raft.server.log.statemachine.data.read.timeout = 1000ms (default)
2024-03-04 13:00:33,592 [e85487f0-f005-4db6-b4de-13885556b81a-groupManagement] INFO  server.RaftServerConfigKeys (ConfUtils.java:logGet(46)) - raft.server.log.purge.preservation.log.num = 0 (default)
2024-03-04 13:00:33,593 [e85487f0-f005-4db6-b4de-13885556b81a-groupManagement] INFO  server.RaftServerConfigKeys (ConfUtils.java:logGet(46)) - raft.server.log.segment.size.max = 67108864 (custom)
2024-03-04 13:00:33,593 [e85487f0-f005-4db6-b4de-13885556b81a-groupManagement] INFO  server.RaftServerConfigKeys (ConfUtils.java:logGet(46)) - raft.server.log.segment.cache.num.max = 2 (custom)
2024-03-04 13:00:33,593 [e85487f0-f005-4db6-b4de-13885556b81a-groupManagement] INFO  server.RaftServerConfigKeys (ConfUtils.java:logGet(46)) - raft.server.log.segment.cache.size.max = 200MB (=209715200) (default)
2024-03-04 13:00:33,593 [74a0a60a-5e75-4204-b15b-76eff6c3355e-PipelineCommandHandlerThread-0] INFO  commandhandler.CreatePipelineCommandHandler (CreatePipelineCommandHandler.java:lambda$handle$2(124)) - Created Pipeline RATIS THREE PipelineID=5e34f4a7-7c82-412d-8f11-5b8e4235484c.
2024-03-04 13:00:33,593 [e85487f0-f005-4db6-b4de-13885556b81a-groupManagement] INFO  server.RaftServerConfigKeys (ConfUtils.java:logGet(46)) - raft.server.log.appender.buffer.byte-limit = 8388608 (custom)
2024-03-04 13:00:33,593 [74a0a60a-5e75-4204-b15b-76eff6c3355e-PipelineCommandHandlerThread-0] INFO  server.RaftServer (RaftServerProxy.java:addNew(100)) - 74a0a60a-5e75-4204-b15b-76eff6c3355e: addNew group-A5D76BF4DFFC:[e85487f0-f005-4db6-b4de-13885556b81a|10.1.0.12:15203, 74a0a60a-5e75-4204-b15b-76eff6c3355e|10.1.0.12:15194, 6bdc426a-463a-4847-89b4-5f17f88a218e|10.1.0.12:15212] returns group-A5D76BF4DFFC:java.util.concurrent.CompletableFuture@15fbe9a3[Not completed]
2024-03-04 13:00:33,594 [EventQueue-OpenPipelineForHealthyPipelineSafeModeRule] INFO  safemode.SCMSafeModeManager (HealthyPipelineSafeModeRule.java:process(140)) - SCM in safe mode. Healthy pipelines reported count is 0, required healthy pipeline reported count is 1
2024-03-04 13:00:33,594 [74a0a60a-5e75-4204-b15b-76eff6c3355e-groupManagement] INFO  server.RaftServer$Division (RaftServerImpl.java:<init>(256)) - 74a0a60a-5e75-4204-b15b-76eff6c3355e: new RaftServerImpl for group-A5D76BF4DFFC:[e85487f0-f005-4db6-b4de-13885556b81a|10.1.0.12:15203, 74a0a60a-5e75-4204-b15b-76eff6c3355e|10.1.0.12:15194, 6bdc426a-463a-4847-89b4-5f17f88a218e|10.1.0.12:15212] with ContainerStateMachine:uninitialized
2024-03-04 13:00:33,594 [74a0a60a-5e75-4204-b15b-76eff6c3355e-groupManagement] INFO  server.RaftServerConfigKeys (ConfUtils.java:logGet(46)) - raft.server.rpc.timeout.min = 5s (custom)
2024-03-04 13:00:33,594 [74a0a60a-5e75-4204-b15b-76eff6c3355e-groupManagement] INFO  server.RaftServerConfigKeys (ConfUtils.java:logGet(46)) - raft.server.rpc.timeout.max = 5200ms (custom)
2024-03-04 13:00:33,594 [74a0a60a-5e75-4204-b15b-76eff6c3355e-groupManagement] INFO  server.RaftServerConfigKeys (ConfUtils.java:logGet(46)) - raft.server.rpc.sleep.time = 25ms (default)
2024-03-04 13:00:33,594 [74a0a60a-5e75-4204-b15b-76eff6c3355e-groupManagement] INFO  server.RaftServerConfigKeys (ConfUtils.java:logGet(46)) - raft.server.rpc.slowness.timeout = 300s (custom)
2024-03-04 13:00:33,594 [74a0a60a-5e75-4204-b15b-76eff6c3355e-groupManagement] INFO  server.RaftServerConfigKeys (ConfUtils.java:logGet(46)) - raft.server.leaderelection.leader.step-down.wait-time = 10s (default)
2024-03-04 13:00:33,594 [74a0a60a-5e75-4204-b15b-76eff6c3355e-groupManagement] INFO  server.RaftServerConfigKeys (ConfUtils.java:logGet(46)) - raft.server.leaderelection.member.majority-add = false (default)
2024-03-04 13:00:33,594 [74a0a60a-5e75-4204-b15b-76eff6c3355e-groupManagement] INFO  server.RaftServerConfigKeys (ConfUtils.java:logGet(46)) - raft.server.sleep.deviation.threshold = 300ms (default)
2024-03-04 13:00:33,595 [74a0a60a-5e75-4204-b15b-76eff6c3355e-groupManagement] INFO  server.RaftServer$Division (ServerState.java:<init>(113)) - 74a0a60a-5e75-4204-b15b-76eff6c3355e@group-A5D76BF4DFFC: ConfigurationManager, init=-1: peers:[e85487f0-f005-4db6-b4de-13885556b81a|10.1.0.12:15203, 74a0a60a-5e75-4204-b15b-76eff6c3355e|10.1.0.12:15194, 6bdc426a-463a-4847-89b4-5f17f88a218e|10.1.0.12:15212]|listeners:[], old=null, confs=<EMPTY_MAP>
2024-03-04 13:00:33,595 [74a0a60a-5e75-4204-b15b-76eff6c3355e-groupManagement] INFO  server.RaftServerConfigKeys (ConfUtils.java:logGet(46)) - raft.server.notification.no-leader.timeout = 300s (custom)
2024-03-04 13:00:33,595 [74a0a60a-5e75-4204-b15b-76eff6c3355e-groupManagement] INFO  server.RaftServerConfigKeys (ConfUtils.java:logGet(46)) - raft.server.read.timeout = 10s (default)
2024-03-04 13:00:33,595 [74a0a60a-5e75-4204-b15b-76eff6c3355e-groupManagement] INFO  server.RaftServerConfigKeys (ConfUtils.java:logGet(46)) - raft.server.retrycache.expirytime = 600000ms (custom)
2024-03-04 13:00:33,595 [74a0a60a-5e75-4204-b15b-76eff6c3355e-groupManagement] INFO  server.RaftServerConfigKeys (ConfUtils.java:logGet(46)) - raft.server.retrycache.statistics.expirytime = 100ms (default)
2024-03-04 13:00:33,595 [74a0a60a-5e75-4204-b15b-76eff6c3355e-groupManagement] INFO  server.RaftServerConfigKeys (ConfUtils.java:logGet(46)) - raft.server.read.option = DEFAULT (default)
2024-03-04 13:00:33,595 [74a0a60a-5e75-4204-b15b-76eff6c3355e-groupManagement] INFO  server.RaftServerConfigKeys (ConfUtils.java:logGet(46)) - raft.server.read.read-after-write-consistent.write-index-cache.expiry-time = 60s (default)
2024-03-04 13:00:33,596 [74a0a60a-5e75-4204-b15b-76eff6c3355e-groupManagement] INFO  server.RaftServerConfigKeys (ConfUtils.java:logGet(46)) - raft.server.rpc.request.timeout = 60s (custom)
2024-03-04 13:00:33,597 [74a0a60a-5e75-4204-b15b-76eff6c3355e-groupManagement] INFO  server.RaftServerConfigKeys (ConfUtils.java:logGet(46)) - raft.server.log.appender.install.snapshot.enabled = false (custom)
2024-03-04 13:00:33,597 [74a0a60a-5e75-4204-b15b-76eff6c3355e-groupManagement] INFO  server.RaftServerConfigKeys (ConfUtils.java:logGet(46)) - raft.server.threadpool.server.cached = true (default)
2024-03-04 13:00:33,597 [74a0a60a-5e75-4204-b15b-76eff6c3355e-groupManagement] INFO  server.RaftServerConfigKeys (ConfUtils.java:logGet(46)) - raft.server.threadpool.server.size = 0 (default)
2024-03-04 13:00:33,597 [74a0a60a-5e75-4204-b15b-76eff6c3355e-groupManagement] INFO  server.RaftServerConfigKeys (ConfUtils.java:logGet(46)) - raft.server.threadpool.client.cached = true (default)
2024-03-04 13:00:33,597 [74a0a60a-5e75-4204-b15b-76eff6c3355e-groupManagement] INFO  server.RaftServerConfigKeys (ConfUtils.java:logGet(46)) - raft.server.threadpool.client.size = 0 (default)
2024-03-04 13:00:33,597 [74a0a60a-5e75-4204-b15b-76eff6c3355e-groupManagement] INFO  server.RaftServerConfigKeys (ConfUtils.java:logGet(46)) - raft.server.storage.free-space.min = 0MB (=0) (default)
2024-03-04 13:00:33,597 [74a0a60a-5e75-4204-b15b-76eff6c3355e-groupManagement] INFO  server.RaftServerConfigKeys (ConfUtils.java:logGet(46)) - raft.server.log.corruption.policy = EXCEPTION (default)
2024-03-04 13:00:33,597 [74a0a60a-5e75-4204-b15b-76eff6c3355e-groupManagement] INFO  server.RaftServerConfigKeys (ConfUtils.java:logGet(46)) - raft.server.storage.dir = [/home/runner/work/ozone/ozone/hadoop-ozone/integration-test/target/test-dir/MiniOzoneClusterImpl-42dd095f-3e4b-4e15-bcdd-4f5539ea9781/ozone-meta/datanode-1/ratis] (custom)
2024-03-04 13:00:33,597 [74a0a60a-5e75-4204-b15b-76eff6c3355e-groupManagement] INFO  storage.RaftStorageDirectory (RaftStorageDirectoryImpl.java:analyzeStorage(138)) - The storage directory /home/runner/work/ozone/ozone/hadoop-ozone/integration-test/target/test-dir/MiniOzoneClusterImpl-42dd095f-3e4b-4e15-bcdd-4f5539ea9781/ozone-meta/datanode-1/ratis/5e56c667-f4b6-4297-9a99-a5d76bf4dffc does not exist. Creating ...
2024-03-04 13:00:33,598 [74a0a60a-5e75-4204-b15b-76eff6c3355e-groupManagement] INFO  storage.RaftStorageDirectory (RaftStorageDirectoryImpl.java:tryLock(228)) - Lock on /home/runner/work/ozone/ozone/hadoop-ozone/integration-test/target/test-dir/MiniOzoneClusterImpl-42dd095f-3e4b-4e15-bcdd-4f5539ea9781/ozone-meta/datanode-1/ratis/5e56c667-f4b6-4297-9a99-a5d76bf4dffc/in_use.lock acquired by nodename 41993@fv-az571-795
2024-03-04 13:00:33,599 [74a0a60a-5e75-4204-b15b-76eff6c3355e-groupManagement] INFO  storage.RaftStorage (RaftStorageImpl.java:format(99)) - Storage directory /home/runner/work/ozone/ozone/hadoop-ozone/integration-test/target/test-dir/MiniOzoneClusterImpl-42dd095f-3e4b-4e15-bcdd-4f5539ea9781/ozone-meta/datanode-1/ratis/5e56c667-f4b6-4297-9a99-a5d76bf4dffc has been successfully formatted.
2024-03-04 13:00:33,599 [74a0a60a-5e75-4204-b15b-76eff6c3355e-groupManagement] WARN  util.FileUtils (LogUtils.java:supplyAndLog(63)) - Failed to Files.newInputStream /home/runner/work/ozone/ozone/hadoop-ozone/integration-test/target/test-dir/MiniOzoneClusterImpl-42dd095f-3e4b-4e15-bcdd-4f5539ea9781/ozone-meta/datanode-1/ratis/5e56c667-f4b6-4297-9a99-a5d76bf4dffc/current/raft-meta.conf with options []: java.nio.file.NoSuchFileException: /home/runner/work/ozone/ozone/hadoop-ozone/integration-test/target/test-dir/MiniOzoneClusterImpl-42dd095f-3e4b-4e15-bcdd-4f5539ea9781/ozone-meta/datanode-1/ratis/5e56c667-f4b6-4297-9a99-a5d76bf4dffc/current/raft-meta.conf
2024-03-04 13:00:33,601 [e85487f0-f005-4db6-b4de-13885556b81a-groupManagement] INFO  util.AwaitToRun (AwaitToRun.java:start(81)) - Thread[e85487f0-f005-4db6-b4de-13885556b81a@group-0FDD3D94F0F0-cacheEviction-AwaitToRun,5,main] started
2024-03-04 13:00:33,601 [74a0a60a-5e75-4204-b15b-76eff6c3355e-groupManagement] INFO  ratis.ContainerStateMachine (ContainerStateMachine.java:loadSnapshot(287)) - group-A5D76BF4DFFC: The snapshot info is null. Setting the last applied index to:(t:0, i:~)
2024-03-04 13:00:33,601 [74a0a60a-5e75-4204-b15b-76eff6c3355e-groupManagement] INFO  server.RaftServerConfigKeys (ConfUtils.java:logGet(46)) - raft.server.log.use.memory = false (default)
2024-03-04 13:00:33,601 [e85487f0-f005-4db6-b4de-13885556b81a-groupManagement] INFO  segmented.SegmentedRaftLogWorker (SegmentedRaftLogWorker.java:<init>(182)) - new e85487f0-f005-4db6-b4de-13885556b81a@group-0FDD3D94F0F0-SegmentedRaftLogWorker for RaftStorageImpl:Storage Directory /home/runner/work/ozone/ozone/hadoop-ozone/integration-test/target/test-dir/MiniOzoneClusterImpl-42dd095f-3e4b-4e15-bcdd-4f5539ea9781/ozone-meta/datanode-2/ratis/e3ade89d-f622-4eb6-94c0-0fdd3d94f0f0
2024-03-04 13:00:33,602 [74a0a60a-5e75-4204-b15b-76eff6c3355e-groupManagement] INFO  server.RaftServerConfigKeys (ConfUtils.java:logGet(46)) - raft.server.log.purge.gap = 1000000 (custom)
2024-03-04 13:00:33,602 [74a0a60a-5e75-4204-b15b-76eff6c3355e-groupManagement] INFO  server.RaftServerConfigKeys (ConfUtils.java:logGet(46)) - raft.server.log.appender.buffer.byte-limit = 8388608 (custom)
2024-03-04 13:00:33,602 [74a0a60a-5e75-4204-b15b-76eff6c3355e-groupManagement] INFO  server.RaftServerConfigKeys (ConfUtils.java:logGet(46)) - raft.server.log.statemachine.data.read.timeout = 1000ms (default)
2024-03-04 13:00:33,602 [74a0a60a-5e75-4204-b15b-76eff6c3355e-groupManagement] INFO  server.RaftServerConfigKeys (ConfUtils.java:logGet(46)) - raft.server.log.purge.preservation.log.num = 0 (default)
2024-03-04 13:00:33,602 [e85487f0-f005-4db6-b4de-13885556b81a-groupManagement] INFO  server.RaftServerConfigKeys (ConfUtils.java:logGet(46)) - raft.server.log.queue.byte-limit = 4294967296 (custom)
2024-03-04 13:00:33,602 [EventQueue-OpenPipelineForHealthyPipelineSafeModeRule] INFO  safemode.SCMSafeModeManager (HealthyPipelineSafeModeRule.java:process(140)) - SCM in safe mode. Healthy pipelines reported count is 0, required healthy pipeline reported count is 1
2024-03-04 13:00:33,602 [e85487f0-f005-4db6-b4de-13885556b81a-groupManagement] INFO  server.RaftServerConfigKeys (ConfUtils.java:logGet(46)) - raft.server.log.queue.element-limit = 1024 (custom)
2024-03-04 13:00:33,602 [e85487f0-f005-4db6-b4de-13885556b81a-groupManagement] INFO  server.RaftServerConfigKeys (ConfUtils.java:logGet(46)) - raft.server.log.segment.size.max = 67108864 (custom)
2024-03-04 13:00:33,603 [e85487f0-f005-4db6-b4de-13885556b81a-groupManagement] INFO  server.RaftServerConfigKeys (ConfUtils.java:logGet(46)) - raft.server.log.preallocated.size = 4194304 (custom)
2024-03-04 13:00:33,603 [e85487f0-f005-4db6-b4de-13885556b81a-groupManagement] INFO  server.RaftServerConfigKeys (ConfUtils.java:logGet(46)) - raft.server.log.force.sync.num = 128 (default)
2024-03-04 13:00:33,603 [e85487f0-f005-4db6-b4de-13885556b81a-groupManagement] INFO  server.RaftServerConfigKeys (ConfUtils.java:logGet(46)) - raft.server.log.statemachine.data.sync = true (default)
2024-03-04 13:00:33,603 [e85487f0-f005-4db6-b4de-13885556b81a-groupManagement] INFO  server.RaftServerConfigKeys (ConfUtils.java:logGet(46)) - raft.server.log.statemachine.data.sync.timeout = 10s (default)
2024-03-04 13:00:33,603 [e85487f0-f005-4db6-b4de-13885556b81a-groupManagement] INFO  server.RaftServerConfigKeys (ConfUtils.java:logGet(46)) - raft.server.log.statemachine.data.sync.timeout.retry = 0 (custom)
2024-03-04 13:00:33,603 [74a0a60a-5e75-4204-b15b-76eff6c3355e-groupManagement] INFO  server.RaftServerConfigKeys (ConfUtils.java:logGet(46)) - raft.server.log.segment.size.max = 67108864 (custom)
2024-03-04 13:00:33,604 [e85487f0-f005-4db6-b4de-13885556b81a-groupManagement] INFO  server.RaftServerConfigKeys (ConfUtils.java:logGet(46)) - raft.server.log.write.buffer.size = 8388616 (custom)
2024-03-04 13:00:33,604 [74a0a60a-5e75-4204-b15b-76eff6c3355e-groupManagement] INFO  server.RaftServerConfigKeys (ConfUtils.java:logGet(46)) - raft.server.log.segment.cache.num.max = 2 (custom)
2024-03-04 13:00:33,604 [74a0a60a-5e75-4204-b15b-76eff6c3355e-groupManagement] INFO  server.RaftServerConfigKeys (ConfUtils.java:logGet(46)) - raft.server.log.segment.cache.size.max = 200MB (=209715200) (default)
2024-03-04 13:00:33,604 [74a0a60a-5e75-4204-b15b-76eff6c3355e-groupManagement] INFO  server.RaftServerConfigKeys (ConfUtils.java:logGet(46)) - raft.server.log.appender.buffer.byte-limit = 8388608 (custom)
2024-03-04 13:00:33,604 [74a0a60a-5e75-4204-b15b-76eff6c3355e-groupManagement] INFO  util.AwaitToRun (AwaitToRun.java:start(81)) - Thread[74a0a60a-5e75-4204-b15b-76eff6c3355e@group-A5D76BF4DFFC-cacheEviction-AwaitToRun,5,main] started
2024-03-04 13:00:33,604 [74a0a60a-5e75-4204-b15b-76eff6c3355e-groupManagement] INFO  segmented.SegmentedRaftLogWorker (SegmentedRaftLogWorker.java:<init>(182)) - new 74a0a60a-5e75-4204-b15b-76eff6c3355e@group-A5D76BF4DFFC-SegmentedRaftLogWorker for RaftStorageImpl:Storage Directory /home/runner/work/ozone/ozone/hadoop-ozone/integration-test/target/test-dir/MiniOzoneClusterImpl-42dd095f-3e4b-4e15-bcdd-4f5539ea9781/ozone-meta/datanode-1/ratis/5e56c667-f4b6-4297-9a99-a5d76bf4dffc
2024-03-04 13:00:33,604 [74a0a60a-5e75-4204-b15b-76eff6c3355e-groupManagement] INFO  server.RaftServerConfigKeys (ConfUtils.java:logGet(46)) - raft.server.log.queue.byte-limit = 4294967296 (custom)
2024-03-04 13:00:33,604 [74a0a60a-5e75-4204-b15b-76eff6c3355e-groupManagement] INFO  server.RaftServerConfigKeys (ConfUtils.java:logGet(46)) - raft.server.log.queue.element-limit = 1024 (custom)
2024-03-04 13:00:33,604 [74a0a60a-5e75-4204-b15b-76eff6c3355e-groupManagement] INFO  server.RaftServerConfigKeys (ConfUtils.java:logGet(46)) - raft.server.log.segment.size.max = 67108864 (custom)
2024-03-04 13:00:33,604 [74a0a60a-5e75-4204-b15b-76eff6c3355e-groupManagement] INFO  server.RaftServerConfigKeys (ConfUtils.java:logGet(46)) - raft.server.log.preallocated.size = 4194304 (custom)
2024-03-04 13:00:33,604 [74a0a60a-5e75-4204-b15b-76eff6c3355e-groupManagement] INFO  server.RaftServerConfigKeys (ConfUtils.java:logGet(46)) - raft.server.log.force.sync.num = 128 (default)
2024-03-04 13:00:33,604 [74a0a60a-5e75-4204-b15b-76eff6c3355e-groupManagement] INFO  server.RaftServerConfigKeys (ConfUtils.java:logGet(46)) - raft.server.log.statemachine.data.sync = true (default)
2024-03-04 13:00:33,604 [74a0a60a-5e75-4204-b15b-76eff6c3355e-groupManagement] INFO  server.RaftServerConfigKeys (ConfUtils.java:logGet(46)) - raft.server.log.statemachine.data.sync.timeout = 10s (default)
2024-03-04 13:00:33,604 [74a0a60a-5e75-4204-b15b-76eff6c3355e-groupManagement] INFO  server.RaftServerConfigKeys (ConfUtils.java:logGet(46)) - raft.server.log.statemachine.data.sync.timeout.retry = 0 (custom)
2024-03-04 13:00:33,604 [74a0a60a-5e75-4204-b15b-76eff6c3355e-groupManagement] INFO  server.RaftServerConfigKeys (ConfUtils.java:logGet(46)) - raft.server.log.write.buffer.size = 8388616 (custom)
2024-03-04 13:00:33,606 [e85487f0-f005-4db6-b4de-13885556b81a-groupManagement] INFO  server.RaftServerConfigKeys (ConfUtils.java:logGet(46)) - raft.server.log.appender.buffer.byte-limit = 8388608 (custom)
2024-03-04 13:00:33,607 [74a0a60a-5e75-4204-b15b-76eff6c3355e-groupManagement] INFO  server.RaftServerConfigKeys (ConfUtils.java:logGet(46)) - raft.server.log.appender.buffer.byte-limit = 8388608 (custom)
2024-03-04 13:00:33,607 [74a0a60a-5e75-4204-b15b-76eff6c3355e-groupManagement] INFO  server.RaftServerConfigKeys (ConfUtils.java:logGet(46)) - raft.server.log.unsafe-flush.enabled = false (default)
2024-03-04 13:00:33,607 [74a0a60a-5e75-4204-b15b-76eff6c3355e-groupManagement] INFO  server.RaftServerConfigKeys (ConfUtils.java:logGet(46)) - raft.server.log.async-flush.enabled = false (default)
2024-03-04 13:00:33,607 [74a0a60a-5e75-4204-b15b-76eff6c3355e-groupManagement] INFO  server.RaftServerConfigKeys (ConfUtils.java:logGet(46)) - raft.server.log.statemachine.data.caching.enabled = true (custom)
2024-03-04 13:00:33,607 [74a0a60a-5e75-4204-b15b-76eff6c3355e-groupManagement] INFO  segmented.SegmentedRaftLogWorker (SegmentedRaftLogWorker.java:lambda$new$0(134)) - 74a0a60a-5e75-4204-b15b-76eff6c3355e@group-A5D76BF4DFFC-SegmentedRaftLogWorker: flushIndex: setUnconditionally 0 -> -1
2024-03-04 13:00:33,607 [74a0a60a-5e75-4204-b15b-76eff6c3355e-groupManagement] INFO  segmented.SegmentedRaftLogWorker (SegmentedRaftLogWorker.java:lambda$new$0(134)) - 74a0a60a-5e75-4204-b15b-76eff6c3355e@group-A5D76BF4DFFC-SegmentedRaftLogWorker: safeCacheEvictIndex: setUnconditionally 0 -> -1
2024-03-04 13:00:33,607 [e85487f0-f005-4db6-b4de-13885556b81a-groupManagement] INFO  server.RaftServerConfigKeys (ConfUtils.java:logGet(46)) - raft.server.log.unsafe-flush.enabled = false (default)
2024-03-04 13:00:33,608 [e85487f0-f005-4db6-b4de-13885556b81a-groupManagement] INFO  server.RaftServerConfigKeys (ConfUtils.java:logGet(46)) - raft.server.log.async-flush.enabled = false (default)
2024-03-04 13:00:33,608 [e85487f0-f005-4db6-b4de-13885556b81a-groupManagement] INFO  server.RaftServerConfigKeys (ConfUtils.java:logGet(46)) - raft.server.log.statemachine.data.caching.enabled = true (custom)
2024-03-04 13:00:33,608 [e85487f0-f005-4db6-b4de-13885556b81a-groupManagement] INFO  segmented.SegmentedRaftLogWorker (SegmentedRaftLogWorker.java:lambda$new$0(134)) - e85487f0-f005-4db6-b4de-13885556b81a@group-0FDD3D94F0F0-SegmentedRaftLogWorker: flushIndex: setUnconditionally 0 -> -1
2024-03-04 13:00:33,609 [e85487f0-f005-4db6-b4de-13885556b81a-groupManagement] INFO  segmented.SegmentedRaftLogWorker (SegmentedRaftLogWorker.java:lambda$new$0(134)) - e85487f0-f005-4db6-b4de-13885556b81a@group-0FDD3D94F0F0-SegmentedRaftLogWorker: safeCacheEvictIndex: setUnconditionally 0 -> -1
2024-03-04 13:00:33,609 [74a0a60a-5e75-4204-b15b-76eff6c3355e-groupManagement] INFO  server.RaftServer$Division (RaftServerImpl.java:start(396)) - 74a0a60a-5e75-4204-b15b-76eff6c3355e@group-A5D76BF4DFFC: start as a follower, conf=-1: peers:[e85487f0-f005-4db6-b4de-13885556b81a|10.1.0.12:15203, 74a0a60a-5e75-4204-b15b-76eff6c3355e|10.1.0.12:15194, 6bdc426a-463a-4847-89b4-5f17f88a218e|10.1.0.12:15212]|listeners:[], old=null
2024-03-04 13:00:33,609 [74a0a60a-5e75-4204-b15b-76eff6c3355e-groupManagement] INFO  server.RaftServer$Division (RaftServerImpl.java:setRole(383)) - 74a0a60a-5e75-4204-b15b-76eff6c3355e@group-A5D76BF4DFFC: changes role from      null to FOLLOWER at term 0 for startAsFollower
2024-03-04 13:00:33,615 [74a0a60a-5e75-4204-b15b-76eff6c3355e-groupManagement] INFO  impl.RoleInfo (RoleInfo.java:updateAndGet(139)) - 74a0a60a-5e75-4204-b15b-76eff6c3355e: start 74a0a60a-5e75-4204-b15b-76eff6c3355e@group-A5D76BF4DFFC-FollowerState
2024-03-04 13:00:33,615 [74a0a60a-5e75-4204-b15b-76eff6c3355e-groupManagement] INFO  util.JmxRegister (JmxRegister.java:tryRegister(44)) - Successfully registered JMX Bean with object name Ratis:service=RaftServer,group=group-A5D76BF4DFFC,id=74a0a60a-5e75-4204-b15b-76eff6c3355e
2024-03-04 13:00:33,615 [74a0a60a-5e75-4204-b15b-76eff6c3355e-groupManagement] INFO  server.RaftServerConfigKeys (ConfUtils.java:logGet(46)) - raft.server.snapshot.trigger-when-stop.enabled = true (default)
2024-03-04 13:00:33,615 [74a0a60a-5e75-4204-b15b-76eff6c3355e-groupManagement] INFO  server.RaftServerConfigKeys (ConfUtils.java:logGet(46)) - raft.server.snapshot.auto.trigger.enabled = true (custom)
2024-03-04 13:00:33,615 [74a0a60a-5e75-4204-b15b-76eff6c3355e-groupManagement] INFO  server.RaftServerConfigKeys (ConfUtils.java:logGet(46)) - raft.server.snapshot.auto.trigger.threshold = 10000 (custom)
2024-03-04 13:00:33,615 [74a0a60a-5e75-4204-b15b-76eff6c3355e-groupManagement] INFO  server.RaftServerConfigKeys (ConfUtils.java:logGet(46)) - raft.server.snapshot.retention.file.num = 5 (custom)
2024-03-04 13:00:33,615 [74a0a60a-5e75-4204-b15b-76eff6c3355e-groupManagement] INFO  server.RaftServerConfigKeys (ConfUtils.java:logGet(46)) - raft.server.log.purge.upto.snapshot.index = false (default)
2024-03-04 13:00:33,615 [e85487f0-f005-4db6-b4de-13885556b81a-groupManagement] INFO  server.RaftServer$Division (RaftServerImpl.java:start(396)) - e85487f0-f005-4db6-b4de-13885556b81a@group-0FDD3D94F0F0: start as a follower, conf=-1: peers:[e85487f0-f005-4db6-b4de-13885556b81a|10.1.0.12:15203]|listeners:[], old=null
2024-03-04 13:00:33,615 [e85487f0-f005-4db6-b4de-13885556b81a-groupManagement] INFO  server.RaftServer$Division (RaftServerImpl.java:setRole(383)) - e85487f0-f005-4db6-b4de-13885556b81a@group-0FDD3D94F0F0: changes role from      null to FOLLOWER at term 0 for startAsFollower
2024-03-04 13:00:33,616 [74a0a60a-5e75-4204-b15b-76eff6c3355e@group-A5D76BF4DFFC-FollowerState] INFO  server.RaftServerConfigKeys (ConfUtils.java:logFallback(53)) - raft.server.rpc.first-election.timeout.min = 5s (fallback to raft.server.rpc.timeout.min)
2024-03-04 13:00:33,616 [74a0a60a-5e75-4204-b15b-76eff6c3355e@group-A5D76BF4DFFC-FollowerState] INFO  server.RaftServerConfigKeys (ConfUtils.java:logFallback(53)) - raft.server.rpc.first-election.timeout.max = 5200ms (fallback to raft.server.rpc.timeout.max)
2024-03-04 13:00:33,616 [e85487f0-f005-4db6-b4de-13885556b81a-groupManagement] INFO  impl.RoleInfo (RoleInfo.java:updateAndGet(139)) - e85487f0-f005-4db6-b4de-13885556b81a: start e85487f0-f005-4db6-b4de-13885556b81a@group-0FDD3D94F0F0-FollowerState
2024-03-04 13:00:33,616 [74a0a60a-5e75-4204-b15b-76eff6c3355e-PipelineCommandHandlerThread-0] INFO  ratis.XceiverServerRatis (XceiverServerRatis.java:addGroup(864)) - Created group PipelineID=5e56c667-f4b6-4297-9a99-a5d76bf4dffc
2024-03-04 13:00:33,621 [e85487f0-f005-4db6-b4de-13885556b81a-groupManagement] INFO  util.JmxRegister (JmxRegister.java:tryRegister(44)) - Successfully registered JMX Bean with object name Ratis:service=RaftServer,group=group-0FDD3D94F0F0,id=e85487f0-f005-4db6-b4de-13885556b81a
2024-03-04 13:00:33,621 [e85487f0-f005-4db6-b4de-13885556b81a-groupManagement] INFO  server.RaftServerConfigKeys (ConfUtils.java:logGet(46)) - raft.server.snapshot.trigger-when-stop.enabled = true (default)
2024-03-04 13:00:33,621 [e85487f0-f005-4db6-b4de-13885556b81a-groupManagement] INFO  server.RaftServerConfigKeys (ConfUtils.java:logGet(46)) - raft.server.snapshot.auto.trigger.enabled = true (custom)
2024-03-04 13:00:33,621 [e85487f0-f005-4db6-b4de-13885556b81a-groupManagement] INFO  server.RaftServerConfigKeys (ConfUtils.java:logGet(46)) - raft.server.snapshot.auto.trigger.threshold = 10000 (custom)
2024-03-04 13:00:33,621 [e85487f0-f005-4db6-b4de-13885556b81a-groupManagement] INFO  server.RaftServerConfigKeys (ConfUtils.java:logGet(46)) - raft.server.snapshot.retention.file.num = 5 (custom)
2024-03-04 13:00:33,622 [e85487f0-f005-4db6-b4de-13885556b81a-groupManagement] INFO  server.RaftServerConfigKeys (ConfUtils.java:logGet(46)) - raft.server.log.purge.upto.snapshot.index = false (default)
2024-03-04 13:00:33,622 [e85487f0-f005-4db6-b4de-13885556b81a@group-0FDD3D94F0F0-FollowerState] INFO  server.RaftServerConfigKeys (ConfUtils.java:logFallback(53)) - raft.server.rpc.first-election.timeout.min = 5s (fallback to raft.server.rpc.timeout.min)
2024-03-04 13:00:33,622 [e85487f0-f005-4db6-b4de-13885556b81a@group-0FDD3D94F0F0-FollowerState] INFO  server.RaftServerConfigKeys (ConfUtils.java:logFallback(53)) - raft.server.rpc.first-election.timeout.max = 5200ms (fallback to raft.server.rpc.timeout.max)
2024-03-04 13:00:33,624 [grpc-default-executor-1] INFO  server.RaftServer (RaftServerProxy.java:addNew(100)) - e85487f0-f005-4db6-b4de-13885556b81a: addNew group-A5D76BF4DFFC:[e85487f0-f005-4db6-b4de-13885556b81a|10.1.0.12:15203, 74a0a60a-5e75-4204-b15b-76eff6c3355e|10.1.0.12:15194, 6bdc426a-463a-4847-89b4-5f17f88a218e|10.1.0.12:15212] returns group-A5D76BF4DFFC:java.util.concurrent.CompletableFuture@2561279d[Not completed]
2024-03-04 13:00:33,626 [e85487f0-f005-4db6-b4de-13885556b81a-PipelineCommandHandlerThread-0] INFO  ratis.XceiverServerRatis (XceiverServerRatis.java:addGroup(864)) - Created group PipelineID=e3ade89d-f622-4eb6-94c0-0fdd3d94f0f0
2024-03-04 13:00:33,626 [e85487f0-f005-4db6-b4de-13885556b81a-PipelineCommandHandlerThread-0] INFO  commandhandler.CreatePipelineCommandHandler (CreatePipelineCommandHandler.java:lambda$handle$2(124)) - Created Pipeline RATIS ONE PipelineID=e3ade89d-f622-4eb6-94c0-0fdd3d94f0f0.
2024-03-04 13:00:33,626 [e85487f0-f005-4db6-b4de-13885556b81a-groupManagement] INFO  server.RaftServer$Division (RaftServerImpl.java:<init>(256)) - e85487f0-f005-4db6-b4de-13885556b81a: new RaftServerImpl for group-A5D76BF4DFFC:[e85487f0-f005-4db6-b4de-13885556b81a|10.1.0.12:15203, 74a0a60a-5e75-4204-b15b-76eff6c3355e|10.1.0.12:15194, 6bdc426a-463a-4847-89b4-5f17f88a218e|10.1.0.12:15212] with ContainerStateMachine:uninitialized
2024-03-04 13:00:33,626 [e85487f0-f005-4db6-b4de-13885556b81a-groupManagement] INFO  server.RaftServerConfigKeys (ConfUtils.java:logGet(46)) - raft.server.rpc.timeout.min = 5s (custom)
2024-03-04 13:00:33,626 [e85487f0-f005-4db6-b4de-13885556b81a-groupManagement] INFO  server.RaftServerConfigKeys (ConfUtils.java:logGet(46)) - raft.server.rpc.timeout.max = 5200ms (custom)
2024-03-04 13:00:33,626 [e85487f0-f005-4db6-b4de-13885556b81a-groupManagement] INFO  server.RaftServerConfigKeys (ConfUtils.java:logGet(46)) - raft.server.rpc.sleep.time = 25ms (default)
2024-03-04 13:00:33,627 [e85487f0-f005-4db6-b4de-13885556b81a-groupManagement] INFO  server.RaftServerConfigKeys (ConfUtils.java:logGet(46)) - raft.server.rpc.slowness.timeout = 300s (custom)
2024-03-04 13:00:33,627 [e85487f0-f005-4db6-b4de-13885556b81a-groupManagement] INFO  server.RaftServerConfigKeys (ConfUtils.java:logGet(46)) - raft.server.leaderelection.leader.step-down.wait-time = 10s (default)
2024-03-04 13:00:33,627 [e85487f0-f005-4db6-b4de-13885556b81a-groupManagement] INFO  server.RaftServerConfigKeys (ConfUtils.java:logGet(46)) - raft.server.leaderelection.member.majority-add = false (default)
2024-03-04 13:00:33,627 [e85487f0-f005-4db6-b4de-13885556b81a-groupManagement] INFO  server.RaftServerConfigKeys (ConfUtils.java:logGet(46)) - raft.server.sleep.deviation.threshold = 300ms (default)
2024-03-04 13:00:33,627 [e85487f0-f005-4db6-b4de-13885556b81a-groupManagement] INFO  server.RaftServer$Division (ServerState.java:<init>(113)) - e85487f0-f005-4db6-b4de-13885556b81a@group-A5D76BF4DFFC: ConfigurationManager, init=-1: peers:[e85487f0-f005-4db6-b4de-13885556b81a|10.1.0.12:15203, 74a0a60a-5e75-4204-b15b-76eff6c3355e|10.1.0.12:15194, 6bdc426a-463a-4847-89b4-5f17f88a218e|10.1.0.12:15212]|listeners:[], old=null, confs=<EMPTY_MAP>
2024-03-04 13:00:33,627 [e85487f0-f005-4db6-b4de-13885556b81a-groupManagement] INFO  server.RaftServerConfigKeys (ConfUtils.java:logGet(46)) - raft.server.notification.no-leader.timeout = 300s (custom)
2024-03-04 13:00:33,627 [e85487f0-f005-4db6-b4de-13885556b81a-groupManagement] INFO  server.RaftServerConfigKeys (ConfUtils.java:logGet(46)) - raft.server.read.timeout = 10s (default)
2024-03-04 13:00:33,627 [e85487f0-f005-4db6-b4de-13885556b81a-groupManagement] INFO  server.RaftServerConfigKeys (ConfUtils.java:logGet(46)) - raft.server.retrycache.expirytime = 600000ms (custom)
2024-03-04 13:00:33,627 [e85487f0-f005-4db6-b4de-13885556b81a-groupManagement] INFO  server.RaftServerConfigKeys (ConfUtils.java:logGet(46)) - raft.server.retrycache.statistics.expirytime = 100ms (default)
2024-03-04 13:00:33,627 [e85487f0-f005-4db6-b4de-13885556b81a-groupManagement] INFO  server.RaftServerConfigKeys (ConfUtils.java:logGet(46)) - raft.server.read.option = DEFAULT (default)
2024-03-04 13:00:33,627 [e85487f0-f005-4db6-b4de-13885556b81a-groupManagement] INFO  server.RaftServerConfigKeys (ConfUtils.java:logGet(46)) - raft.server.read.read-after-write-consistent.write-index-cache.expiry-time = 60s (default)
2024-03-04 13:00:33,628 [e85487f0-f005-4db6-b4de-13885556b81a-groupManagement] INFO  server.RaftServerConfigKeys (ConfUtils.java:logGet(46)) - raft.server.rpc.request.timeout = 60s (custom)
2024-03-04 13:00:33,628 [e85487f0-f005-4db6-b4de-13885556b81a-groupManagement] INFO  server.RaftServerConfigKeys (ConfUtils.java:logGet(46)) - raft.server.log.appender.install.snapshot.enabled = false (custom)
2024-03-04 13:00:33,628 [e85487f0-f005-4db6-b4de-13885556b81a-groupManagement] INFO  server.RaftServerConfigKeys (ConfUtils.java:logGet(46)) - raft.server.threadpool.server.cached = true (default)
2024-03-04 13:00:33,628 [e85487f0-f005-4db6-b4de-13885556b81a-groupManagement] INFO  server.RaftServerConfigKeys (ConfUtils.java:logGet(46)) - raft.server.threadpool.server.size = 0 (default)
2024-03-04 13:00:33,629 [e85487f0-f005-4db6-b4de-13885556b81a-groupManagement] INFO  server.RaftServerConfigKeys (ConfUtils.java:logGet(46)) - raft.server.threadpool.client.cached = true (default)
2024-03-04 13:00:33,629 [e85487f0-f005-4db6-b4de-13885556b81a-groupManagement] INFO  server.RaftServerConfigKeys (ConfUtils.java:logGet(46)) - raft.server.threadpool.client.size = 0 (default)
2024-03-04 13:00:33,629 [e85487f0-f005-4db6-b4de-13885556b81a-groupManagement] INFO  server.RaftServerConfigKeys (ConfUtils.java:logGet(46)) - raft.server.storage.free-space.min = 0MB (=0) (default)
2024-03-04 13:00:33,629 [e85487f0-f005-4db6-b4de-13885556b81a-groupManagement] INFO  server.RaftServerConfigKeys (ConfUtils.java:logGet(46)) - raft.server.log.corruption.policy = EXCEPTION (default)
2024-03-04 13:00:33,629 [e85487f0-f005-4db6-b4de-13885556b81a-groupManagement] INFO  server.RaftServerConfigKeys (ConfUtils.java:logGet(46)) - raft.server.storage.dir = [/home/runner/work/ozone/ozone/hadoop-ozone/integration-test/target/test-dir/MiniOzoneClusterImpl-42dd095f-3e4b-4e15-bcdd-4f5539ea9781/ozone-meta/datanode-2/ratis] (custom)
2024-03-04 13:00:33,629 [e85487f0-f005-4db6-b4de-13885556b81a-groupManagement] INFO  storage.RaftStorageDirectory (RaftStorageDirectoryImpl.java:analyzeStorage(138)) - The storage directory /home/runner/work/ozone/ozone/hadoop-ozone/integration-test/target/test-dir/MiniOzoneClusterImpl-42dd095f-3e4b-4e15-bcdd-4f5539ea9781/ozone-meta/datanode-2/ratis/5e56c667-f4b6-4297-9a99-a5d76bf4dffc does not exist. Creating ...
2024-03-04 13:00:33,630 [e85487f0-f005-4db6-b4de-13885556b81a-groupManagement] INFO  storage.RaftStorageDirectory (RaftStorageDirectoryImpl.java:tryLock(228)) - Lock on /home/runner/work/ozone/ozone/hadoop-ozone/integration-test/target/test-dir/MiniOzoneClusterImpl-42dd095f-3e4b-4e15-bcdd-4f5539ea9781/ozone-meta/datanode-2/ratis/5e56c667-f4b6-4297-9a99-a5d76bf4dffc/in_use.lock acquired by nodename 41993@fv-az571-795
2024-03-04 13:00:33,631 [e85487f0-f005-4db6-b4de-13885556b81a-groupManagement] INFO  storage.RaftStorage (RaftStorageImpl.java:format(99)) - Storage directory /home/runner/work/ozone/ozone/hadoop-ozone/integration-test/target/test-dir/MiniOzoneClusterImpl-42dd095f-3e4b-4e15-bcdd-4f5539ea9781/ozone-meta/datanode-2/ratis/5e56c667-f4b6-4297-9a99-a5d76bf4dffc has been successfully formatted.
2024-03-04 13:00:33,632 [e85487f0-f005-4db6-b4de-13885556b81a-groupManagement] WARN  util.FileUtils (LogUtils.java:supplyAndLog(63)) - Failed to Files.newInputStream /home/runner/work/ozone/ozone/hadoop-ozone/integration-test/target/test-dir/MiniOzoneClusterImpl-42dd095f-3e4b-4e15-bcdd-4f5539ea9781/ozone-meta/datanode-2/ratis/5e56c667-f4b6-4297-9a99-a5d76bf4dffc/current/raft-meta.conf with options []: java.nio.file.NoSuchFileException: /home/runner/work/ozone/ozone/hadoop-ozone/integration-test/target/test-dir/MiniOzoneClusterImpl-42dd095f-3e4b-4e15-bcdd-4f5539ea9781/ozone-meta/datanode-2/ratis/5e56c667-f4b6-4297-9a99-a5d76bf4dffc/current/raft-meta.conf
2024-03-04 13:00:33,633 [e85487f0-f005-4db6-b4de-13885556b81a-groupManagement] INFO  ratis.ContainerStateMachine (ContainerStateMachine.java:loadSnapshot(287)) - group-A5D76BF4DFFC: The snapshot info is null. Setting the last applied index to:(t:0, i:~)
2024-03-04 13:00:33,633 [e85487f0-f005-4db6-b4de-13885556b81a-groupManagement] INFO  server.RaftServerConfigKeys (ConfUtils.java:logGet(46)) - raft.server.log.use.memory = false (default)
2024-03-04 13:00:33,633 [EventQueue-OpenPipelineForHealthyPipelineSafeModeRule] INFO  safemode.SCMSafeModeManager (HealthyPipelineSafeModeRule.java:process(140)) - SCM in safe mode. Healthy pipelines reported count is 0, required healthy pipeline reported count is 1
2024-03-04 13:00:33,634 [e85487f0-f005-4db6-b4de-13885556b81a-groupManagement] INFO  server.RaftServerConfigKeys (ConfUtils.java:logGet(46)) - raft.server.log.purge.gap = 1000000 (custom)
2024-03-04 13:00:33,634 [e85487f0-f005-4db6-b4de-13885556b81a-groupManagement] INFO  server.RaftServerConfigKeys (ConfUtils.java:logGet(46)) - raft.server.log.appender.buffer.byte-limit = 8388608 (custom)
2024-03-04 13:00:33,634 [e85487f0-f005-4db6-b4de-13885556b81a-groupManagement] INFO  server.RaftServerConfigKeys (ConfUtils.java:logGet(46)) - raft.server.log.statemachine.data.read.timeout = 1000ms (default)
2024-03-04 13:00:33,634 [e85487f0-f005-4db6-b4de-13885556b81a-groupManagement] INFO  server.RaftServerConfigKeys (ConfUtils.java:logGet(46)) - raft.server.log.purge.preservation.log.num = 0 (default)
2024-03-04 13:00:33,635 [e85487f0-f005-4db6-b4de-13885556b81a-groupManagement] INFO  server.RaftServerConfigKeys (ConfUtils.java:logGet(46)) - raft.server.log.segment.size.max = 67108864 (custom)
2024-03-04 13:00:33,636 [e85487f0-f005-4db6-b4de-13885556b81a-groupManagement] INFO  server.RaftServerConfigKeys (ConfUtils.java:logGet(46)) - raft.server.log.segment.cache.num.max = 2 (custom)
2024-03-04 13:00:33,636 [e85487f0-f005-4db6-b4de-13885556b81a-groupManagement] INFO  server.RaftServerConfigKeys (ConfUtils.java:logGet(46)) - raft.server.log.segment.cache.size.max = 200MB (=209715200) (default)
2024-03-04 13:00:33,636 [e85487f0-f005-4db6-b4de-13885556b81a-groupManagement] INFO  server.RaftServerConfigKeys (ConfUtils.java:logGet(46)) - raft.server.log.appender.buffer.byte-limit = 8388608 (custom)
2024-03-04 13:00:33,637 [e85487f0-f005-4db6-b4de-13885556b81a-groupManagement] INFO  util.AwaitToRun (AwaitToRun.java:start(81)) - Thread[e85487f0-f005-4db6-b4de-13885556b81a@group-A5D76BF4DFFC-cacheEviction-AwaitToRun,5,main] started
2024-03-04 13:00:33,637 [e85487f0-f005-4db6-b4de-13885556b81a-groupManagement] INFO  segmented.SegmentedRaftLogWorker (SegmentedRaftLogWorker.java:<init>(182)) - new e85487f0-f005-4db6-b4de-13885556b81a@group-A5D76BF4DFFC-SegmentedRaftLogWorker for RaftStorageImpl:Storage Directory /home/runner/work/ozone/ozone/hadoop-ozone/integration-test/target/test-dir/MiniOzoneClusterImpl-42dd095f-3e4b-4e15-bcdd-4f5539ea9781/ozone-meta/datanode-2/ratis/5e56c667-f4b6-4297-9a99-a5d76bf4dffc
2024-03-04 13:00:33,637 [e85487f0-f005-4db6-b4de-13885556b81a-groupManagement] INFO  server.RaftServerConfigKeys (ConfUtils.java:logGet(46)) - raft.server.log.queue.byte-limit = 4294967296 (custom)
2024-03-04 13:00:33,637 [e85487f0-f005-4db6-b4de-13885556b81a-groupManagement] INFO  server.RaftServerConfigKeys (ConfUtils.java:logGet(46)) - raft.server.log.queue.element-limit = 1024 (custom)
2024-03-04 13:00:33,637 [e85487f0-f005-4db6-b4de-13885556b81a-groupManagement] INFO  server.RaftServerConfigKeys (ConfUtils.java:logGet(46)) - raft.server.log.segment.size.max = 67108864 (custom)
2024-03-04 13:00:33,637 [e85487f0-f005-4db6-b4de-13885556b81a-groupManagement] INFO  server.RaftServerConfigKeys (ConfUtils.java:logGet(46)) - raft.server.log.preallocated.size = 4194304 (custom)
2024-03-04 13:00:33,637 [e85487f0-f005-4db6-b4de-13885556b81a-groupManagement] INFO  server.RaftServerConfigKeys (ConfUtils.java:logGet(46)) - raft.server.log.force.sync.num = 128 (default)
2024-03-04 13:00:33,637 [e85487f0-f005-4db6-b4de-13885556b81a-groupManagement] INFO  server.RaftServerConfigKeys (ConfUtils.java:logGet(46)) - raft.server.log.statemachine.data.sync = true (default)
2024-03-04 13:00:33,637 [e85487f0-f005-4db6-b4de-13885556b81a-groupManagement] INFO  server.RaftServerConfigKeys (ConfUtils.java:logGet(46)) - raft.server.log.statemachine.data.sync.timeout = 10s (default)
2024-03-04 13:00:33,637 [e85487f0-f005-4db6-b4de-13885556b81a-groupManagement] INFO  server.RaftServerConfigKeys (ConfUtils.java:logGet(46)) - raft.server.log.statemachine.data.sync.timeout.retry = 0 (custom)
2024-03-04 13:00:33,637 [e85487f0-f005-4db6-b4de-13885556b81a-groupManagement] INFO  server.RaftServerConfigKeys (ConfUtils.java:logGet(46)) - raft.server.log.write.buffer.size = 8388616 (custom)
2024-03-04 13:00:33,639 [e85487f0-f005-4db6-b4de-13885556b81a-groupManagement] INFO  server.RaftServerConfigKeys (ConfUtils.java:logGet(46)) - raft.server.log.appender.buffer.byte-limit = 8388608 (custom)
2024-03-04 13:00:33,639 [e85487f0-f005-4db6-b4de-13885556b81a-groupManagement] INFO  server.RaftServerConfigKeys (ConfUtils.java:logGet(46)) - raft.server.log.unsafe-flush.enabled = false (default)
2024-03-04 13:00:33,639 [e85487f0-f005-4db6-b4de-13885556b81a-groupManagement] INFO  server.RaftServerConfigKeys (ConfUtils.java:logGet(46)) - raft.server.log.async-flush.enabled = false (default)
2024-03-04 13:00:33,639 [e85487f0-f005-4db6-b4de-13885556b81a-groupManagement] INFO  server.RaftServerConfigKeys (ConfUtils.java:logGet(46)) - raft.server.log.statemachine.data.caching.enabled = true (custom)
2024-03-04 13:00:33,639 [e85487f0-f005-4db6-b4de-13885556b81a-groupManagement] INFO  segmented.SegmentedRaftLogWorker (SegmentedRaftLogWorker.java:lambda$new$0(134)) - e85487f0-f005-4db6-b4de-13885556b81a@group-A5D76BF4DFFC-SegmentedRaftLogWorker: flushIndex: setUnconditionally 0 -> -1
2024-03-04 13:00:33,639 [e85487f0-f005-4db6-b4de-13885556b81a-groupManagement] INFO  segmented.SegmentedRaftLogWorker (SegmentedRaftLogWorker.java:lambda$new$0(134)) - e85487f0-f005-4db6-b4de-13885556b81a@group-A5D76BF4DFFC-SegmentedRaftLogWorker: safeCacheEvictIndex: setUnconditionally 0 -> -1
2024-03-04 13:00:33,640 [e85487f0-f005-4db6-b4de-13885556b81a-groupManagement] INFO  server.RaftServer$Division (RaftServerImpl.java:start(396)) - e85487f0-f005-4db6-b4de-13885556b81a@group-A5D76BF4DFFC: start as a follower, conf=-1: peers:[e85487f0-f005-4db6-b4de-13885556b81a|10.1.0.12:15203, 74a0a60a-5e75-4204-b15b-76eff6c3355e|10.1.0.12:15194, 6bdc426a-463a-4847-89b4-5f17f88a218e|10.1.0.12:15212]|listeners:[], old=null
2024-03-04 13:00:33,640 [e85487f0-f005-4db6-b4de-13885556b81a-groupManagement] INFO  server.RaftServer$Division (RaftServerImpl.java:setRole(383)) - e85487f0-f005-4db6-b4de-13885556b81a@group-A5D76BF4DFFC: changes role from      null to FOLLOWER at term 0 for startAsFollower
2024-03-04 13:00:33,640 [e85487f0-f005-4db6-b4de-13885556b81a-groupManagement] INFO  impl.RoleInfo (RoleInfo.java:updateAndGet(139)) - e85487f0-f005-4db6-b4de-13885556b81a: start e85487f0-f005-4db6-b4de-13885556b81a@group-A5D76BF4DFFC-FollowerState
2024-03-04 13:00:33,641 [e85487f0-f005-4db6-b4de-13885556b81a@group-A5D76BF4DFFC-FollowerState] INFO  server.RaftServerConfigKeys (ConfUtils.java:logFallback(53)) - raft.server.rpc.first-election.timeout.min = 5s (fallback to raft.server.rpc.timeout.min)
2024-03-04 13:00:33,641 [e85487f0-f005-4db6-b4de-13885556b81a@group-A5D76BF4DFFC-FollowerState] INFO  server.RaftServerConfigKeys (ConfUtils.java:logFallback(53)) - raft.server.rpc.first-election.timeout.max = 5200ms (fallback to raft.server.rpc.timeout.max)
2024-03-04 13:00:33,641 [e85487f0-f005-4db6-b4de-13885556b81a-groupManagement] INFO  util.JmxRegister (JmxRegister.java:tryRegister(44)) - Successfully registered JMX Bean with object name Ratis:service=RaftServer,group=group-A5D76BF4DFFC,id=e85487f0-f005-4db6-b4de-13885556b81a
2024-03-04 13:00:33,641 [e85487f0-f005-4db6-b4de-13885556b81a-groupManagement] INFO  server.RaftServerConfigKeys (ConfUtils.java:logGet(46)) - raft.server.snapshot.trigger-when-stop.enabled = true (default)
2024-03-04 13:00:33,642 [e85487f0-f005-4db6-b4de-13885556b81a-groupManagement] INFO  server.RaftServerConfigKeys (ConfUtils.java:logGet(46)) - raft.server.snapshot.auto.trigger.enabled = true (custom)
2024-03-04 13:00:33,642 [e85487f0-f005-4db6-b4de-13885556b81a-groupManagement] INFO  server.RaftServerConfigKeys (ConfUtils.java:logGet(46)) - raft.server.snapshot.auto.trigger.threshold = 10000 (custom)
2024-03-04 13:00:33,642 [e85487f0-f005-4db6-b4de-13885556b81a-groupManagement] INFO  server.RaftServerConfigKeys (ConfUtils.java:logGet(46)) - raft.server.snapshot.retention.file.num = 5 (custom)
2024-03-04 13:00:33,642 [e85487f0-f005-4db6-b4de-13885556b81a-groupManagement] INFO  server.RaftServerConfigKeys (ConfUtils.java:logGet(46)) - raft.server.log.purge.upto.snapshot.index = false (default)
2024-03-04 13:00:33,646 [main] INFO  ozone.MiniOzoneClusterImpl (MiniOzoneClusterImpl.java:lambda$waitForClusterToBeReady$0(194)) - Nodes are ready. Got 3 of 3 DN Heartbeats.
2024-03-04 13:00:33,646 [main] INFO  ozone.MiniOzoneClusterImpl (MiniOzoneClusterImpl.java:lambda$waitForClusterToBeReady$0(197)) - Waiting for cluster to exit safe mode
2024-03-04 13:00:33,646 [main] INFO  ozone.MiniOzoneClusterImpl (MiniOzoneClusterImpl.java:lambda$waitForClusterToBeReady$0(199)) - SCM became leader
2024-03-04 13:00:33,657 [6bdc426a-463a-4847-89b4-5f17f88a218e-PipelineCommandHandlerThread-0] INFO  server.RaftServer (RaftServerProxy.java:addNew(100)) - 6bdc426a-463a-4847-89b4-5f17f88a218e: addNew group-51BD4C936147:[6bdc426a-463a-4847-89b4-5f17f88a218e|10.1.0.12:15212] returns group-51BD4C936147:java.util.concurrent.CompletableFuture@d8d7ff6[Not completed]
2024-03-04 13:00:33,659 [6bdc426a-463a-4847-89b4-5f17f88a218e-groupManagement] INFO  server.RaftServer$Division (RaftServerImpl.java:<init>(256)) - 6bdc426a-463a-4847-89b4-5f17f88a218e: new RaftServerImpl for group-51BD4C936147:[6bdc426a-463a-4847-89b4-5f17f88a218e|10.1.0.12:15212] with ContainerStateMachine:uninitialized
2024-03-04 13:00:33,659 [6bdc426a-463a-4847-89b4-5f17f88a218e-groupManagement] INFO  server.RaftServerConfigKeys (ConfUtils.java:logGet(46)) - raft.server.rpc.timeout.min = 5s (custom)
2024-03-04 13:00:33,659 [6bdc426a-463a-4847-89b4-5f17f88a218e-groupManagement] INFO  server.RaftServerConfigKeys (ConfUtils.java:logGet(46)) - raft.server.rpc.timeout.max = 5200ms (custom)
2024-03-04 13:00:33,659 [6bdc426a-463a-4847-89b4-5f17f88a218e-groupManagement] INFO  server.RaftServerConfigKeys (ConfUtils.java:logGet(46)) - raft.server.rpc.sleep.time = 25ms (default)
2024-03-04 13:00:33,659 [6bdc426a-463a-4847-89b4-5f17f88a218e-groupManagement] INFO  server.RaftServerConfigKeys (ConfUtils.java:logGet(46)) - raft.server.rpc.slowness.timeout = 300s (custom)
2024-03-04 13:00:33,659 [6bdc426a-463a-4847-89b4-5f17f88a218e-groupManagement] INFO  server.RaftServerConfigKeys (ConfUtils.java:logGet(46)) - raft.server.leaderelection.leader.step-down.wait-time = 10s (default)
2024-03-04 13:00:33,659 [6bdc426a-463a-4847-89b4-5f17f88a218e-groupManagement] INFO  server.RaftServerConfigKeys (ConfUtils.java:logGet(46)) - raft.server.leaderelection.member.majority-add = false (default)
2024-03-04 13:00:33,659 [6bdc426a-463a-4847-89b4-5f17f88a218e-groupManagement] INFO  server.RaftServerConfigKeys (ConfUtils.java:logGet(46)) - raft.server.sleep.deviation.threshold = 300ms (default)
2024-03-04 13:00:33,659 [6bdc426a-463a-4847-89b4-5f17f88a218e-groupManagement] INFO  server.RaftServer$Division (ServerState.java:<init>(113)) - 6bdc426a-463a-4847-89b4-5f17f88a218e@group-51BD4C936147: ConfigurationManager, init=-1: peers:[6bdc426a-463a-4847-89b4-5f17f88a218e|10.1.0.12:15212]|listeners:[], old=null, confs=<EMPTY_MAP>
2024-03-04 13:00:33,659 [6bdc426a-463a-4847-89b4-5f17f88a218e-groupManagement] INFO  server.RaftServerConfigKeys (ConfUtils.java:logGet(46)) - raft.server.notification.no-leader.timeout = 300s (custom)
2024-03-04 13:00:33,659 [6bdc426a-463a-4847-89b4-5f17f88a218e-groupManagement] INFO  server.RaftServerConfigKeys (ConfUtils.java:logGet(46)) - raft.server.read.timeout = 10s (default)
2024-03-04 13:00:33,659 [6bdc426a-463a-4847-89b4-5f17f88a218e-groupManagement] INFO  server.RaftServerConfigKeys (ConfUtils.java:logGet(46)) - raft.server.retrycache.expirytime = 600000ms (custom)
2024-03-04 13:00:33,659 [6bdc426a-463a-4847-89b4-5f17f88a218e-groupManagement] INFO  server.RaftServerConfigKeys (ConfUtils.java:logGet(46)) - raft.server.retrycache.statistics.expirytime = 100ms (default)
2024-03-04 13:00:33,659 [6bdc426a-463a-4847-89b4-5f17f88a218e-groupManagement] INFO  server.RaftServerConfigKeys (ConfUtils.java:logGet(46)) - raft.server.read.option = DEFAULT (default)
2024-03-04 13:00:33,660 [6bdc426a-463a-4847-89b4-5f17f88a218e-groupManagement] INFO  server.RaftServerConfigKeys (ConfUtils.java:logGet(46)) - raft.server.read.read-after-write-consistent.write-index-cache.expiry-time = 60s (default)
2024-03-04 13:00:33,660 [6bdc426a-463a-4847-89b4-5f17f88a218e-groupManagement] INFO  server.RaftServerConfigKeys (ConfUtils.java:logGet(46)) - raft.server.rpc.request.timeout = 60s (custom)
2024-03-04 13:00:33,661 [6bdc426a-463a-4847-89b4-5f17f88a218e-groupManagement] INFO  server.RaftServerConfigKeys (ConfUtils.java:logGet(46)) - raft.server.log.appender.install.snapshot.enabled = false (custom)
2024-03-04 13:00:33,661 [6bdc426a-463a-4847-89b4-5f17f88a218e-groupManagement] INFO  server.RaftServerConfigKeys (ConfUtils.java:logGet(46)) - raft.server.threadpool.server.cached = true (default)
2024-03-04 13:00:33,661 [6bdc426a-463a-4847-89b4-5f17f88a218e-groupManagement] INFO  server.RaftServerConfigKeys (ConfUtils.java:logGet(46)) - raft.server.threadpool.server.size = 0 (default)
2024-03-04 13:00:33,661 [6bdc426a-463a-4847-89b4-5f17f88a218e-groupManagement] INFO  server.RaftServerConfigKeys (ConfUtils.java:logGet(46)) - raft.server.threadpool.client.cached = true (default)
2024-03-04 13:00:33,661 [6bdc426a-463a-4847-89b4-5f17f88a218e-groupManagement] INFO  server.RaftServerConfigKeys (ConfUtils.java:logGet(46)) - raft.server.threadpool.client.size = 0 (default)
2024-03-04 13:00:33,661 [6bdc426a-463a-4847-89b4-5f17f88a218e-groupManagement] INFO  server.RaftServerConfigKeys (ConfUtils.java:logGet(46)) - raft.server.storage.free-space.min = 0MB (=0) (default)
2024-03-04 13:00:33,661 [6bdc426a-463a-4847-89b4-5f17f88a218e-groupManagement] INFO  server.RaftServerConfigKeys (ConfUtils.java:logGet(46)) - raft.server.log.corruption.policy = EXCEPTION (default)
2024-03-04 13:00:33,661 [6bdc426a-463a-4847-89b4-5f17f88a218e-groupManagement] INFO  server.RaftServerConfigKeys (ConfUtils.java:logGet(46)) - raft.server.storage.dir = [/home/runner/work/ozone/ozone/hadoop-ozone/integration-test/target/test-dir/MiniOzoneClusterImpl-42dd095f-3e4b-4e15-bcdd-4f5539ea9781/ozone-meta/datanode-3/ratis] (custom)
2024-03-04 13:00:33,661 [6bdc426a-463a-4847-89b4-5f17f88a218e-groupManagement] INFO  storage.RaftStorageDirectory (RaftStorageDirectoryImpl.java:analyzeStorage(138)) - The storage directory /home/runner/work/ozone/ozone/hadoop-ozone/integration-test/target/test-dir/MiniOzoneClusterImpl-42dd095f-3e4b-4e15-bcdd-4f5539ea9781/ozone-meta/datanode-3/ratis/ca75bde0-51c8-4ccc-bece-51bd4c936147 does not exist. Creating ...
2024-03-04 13:00:33,663 [6bdc426a-463a-4847-89b4-5f17f88a218e-groupManagement] INFO  storage.RaftStorageDirectory (RaftStorageDirectoryImpl.java:tryLock(228)) - Lock on /home/runner/work/ozone/ozone/hadoop-ozone/integration-test/target/test-dir/MiniOzoneClusterImpl-42dd095f-3e4b-4e15-bcdd-4f5539ea9781/ozone-meta/datanode-3/ratis/ca75bde0-51c8-4ccc-bece-51bd4c936147/in_use.lock acquired by nodename 41993@fv-az571-795
2024-03-04 13:00:33,664 [6bdc426a-463a-4847-89b4-5f17f88a218e-groupManagement] INFO  storage.RaftStorage (RaftStorageImpl.java:format(99)) - Storage directory /home/runner/work/ozone/ozone/hadoop-ozone/integration-test/target/test-dir/MiniOzoneClusterImpl-42dd095f-3e4b-4e15-bcdd-4f5539ea9781/ozone-meta/datanode-3/ratis/ca75bde0-51c8-4ccc-bece-51bd4c936147 has been successfully formatted.
2024-03-04 13:00:33,664 [6bdc426a-463a-4847-89b4-5f17f88a218e-groupManagement] WARN  util.FileUtils (LogUtils.java:supplyAndLog(63)) - Failed to Files.newInputStream /home/runner/work/ozone/ozone/hadoop-ozone/integration-test/target/test-dir/MiniOzoneClusterImpl-42dd095f-3e4b-4e15-bcdd-4f5539ea9781/ozone-meta/datanode-3/ratis/ca75bde0-51c8-4ccc-bece-51bd4c936147/current/raft-meta.conf with options []: java.nio.file.NoSuchFileException: /home/runner/work/ozone/ozone/hadoop-ozone/integration-test/target/test-dir/MiniOzoneClusterImpl-42dd095f-3e4b-4e15-bcdd-4f5539ea9781/ozone-meta/datanode-3/ratis/ca75bde0-51c8-4ccc-bece-51bd4c936147/current/raft-meta.conf
2024-03-04 13:00:33,665 [6bdc426a-463a-4847-89b4-5f17f88a218e-groupManagement] INFO  ratis.ContainerStateMachine (ContainerStateMachine.java:loadSnapshot(287)) - group-51BD4C936147: The snapshot info is null. Setting the last applied index to:(t:0, i:~)
2024-03-04 13:00:33,666 [grpc-default-executor-1] INFO  server.RaftServer (RaftServerProxy.java:addNew(100)) - 6bdc426a-463a-4847-89b4-5f17f88a218e: addNew group-A5D76BF4DFFC:[e85487f0-f005-4db6-b4de-13885556b81a|10.1.0.12:15203, 74a0a60a-5e75-4204-b15b-76eff6c3355e|10.1.0.12:15194, 6bdc426a-463a-4847-89b4-5f17f88a218e|10.1.0.12:15212] returns group-A5D76BF4DFFC:java.util.concurrent.CompletableFuture@1e5d2d25[Not completed]
2024-03-04 13:00:33,666 [EventQueue-PipelineReportForPipelineReportHandler] INFO  pipeline.PipelineReportHandler (PipelineReportHandler.java:processPipelineReport(136)) - Opened pipeline PipelineID=ca75bde0-51c8-4ccc-bece-51bd4c936147
2024-03-04 13:00:33,666 [EventQueue-OpenPipelineForHealthyPipelineSafeModeRule] INFO  safemode.SCMSafeModeManager (HealthyPipelineSafeModeRule.java:process(140)) - SCM in safe mode. Healthy pipelines reported count is 0, required healthy pipeline reported count is 1
2024-03-04 13:00:33,667 [6bdc426a-463a-4847-89b4-5f17f88a218e-groupManagement] INFO  server.RaftServerConfigKeys (ConfUtils.java:logGet(46)) - raft.server.log.use.memory = false (default)
2024-03-04 13:00:33,667 [6bdc426a-463a-4847-89b4-5f17f88a218e-groupManagement] INFO  server.RaftServerConfigKeys (ConfUtils.java:logGet(46)) - raft.server.log.purge.gap = 1000000 (custom)
2024-03-04 13:00:33,667 [6bdc426a-463a-4847-89b4-5f17f88a218e-groupManagement] INFO  server.RaftServerConfigKeys (ConfUtils.java:logGet(46)) - raft.server.log.appender.buffer.byte-limit = 8388608 (custom)
2024-03-04 13:00:33,668 [6bdc426a-463a-4847-89b4-5f17f88a218e-groupManagement] INFO  server.RaftServerConfigKeys (ConfUtils.java:logGet(46)) - raft.server.log.statemachine.data.read.timeout = 1000ms (default)
2024-03-04 13:00:33,668 [6bdc426a-463a-4847-89b4-5f17f88a218e-groupManagement] INFO  server.RaftServerConfigKeys (ConfUtils.java:logGet(46)) - raft.server.log.purge.preservation.log.num = 0 (default)
2024-03-04 13:00:33,668 [6bdc426a-463a-4847-89b4-5f17f88a218e-groupManagement] INFO  server.RaftServerConfigKeys (ConfUtils.java:logGet(46)) - raft.server.log.segment.size.max = 67108864 (custom)
2024-03-04 13:00:33,669 [6bdc426a-463a-4847-89b4-5f17f88a218e-groupManagement] INFO  server.RaftServerConfigKeys (ConfUtils.java:logGet(46)) - raft.server.log.segment.cache.num.max = 2 (custom)
2024-03-04 13:00:33,669 [6bdc426a-463a-4847-89b4-5f17f88a218e-groupManagement] INFO  server.RaftServerConfigKeys (ConfUtils.java:logGet(46)) - raft.server.log.segment.cache.size.max = 200MB (=209715200) (default)
2024-03-04 13:00:33,669 [6bdc426a-463a-4847-89b4-5f17f88a218e-groupManagement] INFO  server.RaftServerConfigKeys (ConfUtils.java:logGet(46)) - raft.server.log.appender.buffer.byte-limit = 8388608 (custom)
2024-03-04 13:00:33,669 [6bdc426a-463a-4847-89b4-5f17f88a218e-groupManagement] INFO  util.AwaitToRun (AwaitToRun.java:start(81)) - Thread[6bdc426a-463a-4847-89b4-5f17f88a218e@group-51BD4C936147-cacheEviction-AwaitToRun,5,main] started
2024-03-04 13:00:33,669 [6bdc426a-463a-4847-89b4-5f17f88a218e-groupManagement] INFO  segmented.SegmentedRaftLogWorker (SegmentedRaftLogWorker.java:<init>(182)) - new 6bdc426a-463a-4847-89b4-5f17f88a218e@group-51BD4C936147-SegmentedRaftLogWorker for RaftStorageImpl:Storage Directory /home/runner/work/ozone/ozone/hadoop-ozone/integration-test/target/test-dir/MiniOzoneClusterImpl-42dd095f-3e4b-4e15-bcdd-4f5539ea9781/ozone-meta/datanode-3/ratis/ca75bde0-51c8-4ccc-bece-51bd4c936147
2024-03-04 13:00:33,670 [6bdc426a-463a-4847-89b4-5f17f88a218e-groupManagement] INFO  server.RaftServerConfigKeys (ConfUtils.java:logGet(46)) - raft.server.log.queue.byte-limit = 4294967296 (custom)
2024-03-04 13:00:33,670 [6bdc426a-463a-4847-89b4-5f17f88a218e-groupManagement] INFO  server.RaftServerConfigKeys (ConfUtils.java:logGet(46)) - raft.server.log.queue.element-limit = 1024 (custom)
2024-03-04 13:00:33,670 [6bdc426a-463a-4847-89b4-5f17f88a218e-groupManagement] INFO  server.RaftServerConfigKeys (ConfUtils.java:logGet(46)) - raft.server.log.segment.size.max = 67108864 (custom)
2024-03-04 13:00:33,670 [6bdc426a-463a-4847-89b4-5f17f88a218e-groupManagement] INFO  server.RaftServerConfigKeys (ConfUtils.java:logGet(46)) - raft.server.log.preallocated.size = 4194304 (custom)
2024-03-04 13:00:33,670 [6bdc426a-463a-4847-89b4-5f17f88a218e-groupManagement] INFO  server.RaftServerConfigKeys (ConfUtils.java:logGet(46)) - raft.server.log.force.sync.num = 128 (default)
2024-03-04 13:00:33,670 [6bdc426a-463a-4847-89b4-5f17f88a218e-groupManagement] INFO  server.RaftServerConfigKeys (ConfUtils.java:logGet(46)) - raft.server.log.statemachine.data.sync = true (default)
2024-03-04 13:00:33,670 [6bdc426a-463a-4847-89b4-5f17f88a218e-groupManagement] INFO  server.RaftServerConfigKeys (ConfUtils.java:logGet(46)) - raft.server.log.statemachine.data.sync.timeout = 10s (default)
2024-03-04 13:00:33,670 [6bdc426a-463a-4847-89b4-5f17f88a218e-groupManagement] INFO  server.RaftServerConfigKeys (ConfUtils.java:logGet(46)) - raft.server.log.statemachine.data.sync.timeout.retry = 0 (custom)
2024-03-04 13:00:33,670 [6bdc426a-463a-4847-89b4-5f17f88a218e-groupManagement] INFO  server.RaftServerConfigKeys (ConfUtils.java:logGet(46)) - raft.server.log.write.buffer.size = 8388616 (custom)
2024-03-04 13:00:33,672 [6bdc426a-463a-4847-89b4-5f17f88a218e-groupManagement] INFO  server.RaftServerConfigKeys (ConfUtils.java:logGet(46)) - raft.server.log.appender.buffer.byte-limit = 8388608 (custom)
2024-03-04 13:00:33,672 [6bdc426a-463a-4847-89b4-5f17f88a218e-groupManagement] INFO  server.RaftServerConfigKeys (ConfUtils.java:logGet(46)) - raft.server.log.unsafe-flush.enabled = false (default)
2024-03-04 13:00:33,672 [6bdc426a-463a-4847-89b4-5f17f88a218e-groupManagement] INFO  server.RaftServerConfigKeys (ConfUtils.java:logGet(46)) - raft.server.log.async-flush.enabled = false (default)
2024-03-04 13:00:33,672 [6bdc426a-463a-4847-89b4-5f17f88a218e-groupManagement] INFO  server.RaftServerConfigKeys (ConfUtils.java:logGet(46)) - raft.server.log.statemachine.data.caching.enabled = true (custom)
2024-03-04 13:00:33,672 [6bdc426a-463a-4847-89b4-5f17f88a218e-groupManagement] INFO  segmented.SegmentedRaftLogWorker (SegmentedRaftLogWorker.java:lambda$new$0(134)) - 6bdc426a-463a-4847-89b4-5f17f88a218e@group-51BD4C936147-SegmentedRaftLogWorker: flushIndex: setUnconditionally 0 -> -1
2024-03-04 13:00:33,672 [6bdc426a-463a-4847-89b4-5f17f88a218e-groupManagement] INFO  segmented.SegmentedRaftLogWorker (SegmentedRaftLogWorker.java:lambda$new$0(134)) - 6bdc426a-463a-4847-89b4-5f17f88a218e@group-51BD4C936147-SegmentedRaftLogWorker: safeCacheEvictIndex: setUnconditionally 0 -> -1
2024-03-04 13:00:33,672 [6bdc426a-463a-4847-89b4-5f17f88a218e-groupManagement] INFO  server.RaftServer$Division (RaftServerImpl.java:start(396)) - 6bdc426a-463a-4847-89b4-5f17f88a218e@group-51BD4C936147: start as a follower, conf=-1: peers:[6bdc426a-463a-4847-89b4-5f17f88a218e|10.1.0.12:15212]|listeners:[], old=null
2024-03-04 13:00:33,672 [6bdc426a-463a-4847-89b4-5f17f88a218e-groupManagement] INFO  server.RaftServer$Division (RaftServerImpl.java:setRole(383)) - 6bdc426a-463a-4847-89b4-5f17f88a218e@group-51BD4C936147: changes role from      null to FOLLOWER at term 0 for startAsFollower
2024-03-04 13:00:33,672 [6bdc426a-463a-4847-89b4-5f17f88a218e-groupManagement] INFO  impl.RoleInfo (RoleInfo.java:updateAndGet(139)) - 6bdc426a-463a-4847-89b4-5f17f88a218e: start 6bdc426a-463a-4847-89b4-5f17f88a218e@group-51BD4C936147-FollowerState
2024-03-04 13:00:33,673 [6bdc426a-463a-4847-89b4-5f17f88a218e-groupManagement] INFO  util.JmxRegister (JmxRegister.java:tryRegister(44)) - Successfully registered JMX Bean with object name Ratis:service=RaftServer,group=group-51BD4C936147,id=6bdc426a-463a-4847-89b4-5f17f88a218e
2024-03-04 13:00:33,673 [6bdc426a-463a-4847-89b4-5f17f88a218e-groupManagement] INFO  server.RaftServerConfigKeys (ConfUtils.java:logGet(46)) - raft.server.snapshot.trigger-when-stop.enabled = true (default)
2024-03-04 13:00:33,673 [6bdc426a-463a-4847-89b4-5f17f88a218e-groupManagement] INFO  server.RaftServerConfigKeys (ConfUtils.java:logGet(46)) - raft.server.snapshot.auto.trigger.enabled = true (custom)
2024-03-04 13:00:33,673 [6bdc426a-463a-4847-89b4-5f17f88a218e-groupManagement] INFO  server.RaftServerConfigKeys (ConfUtils.java:logGet(46)) - raft.server.snapshot.auto.trigger.threshold = 10000 (custom)
2024-03-04 13:00:33,673 [6bdc426a-463a-4847-89b4-5f17f88a218e-groupManagement] INFO  server.RaftServerConfigKeys (ConfUtils.java:logGet(46)) - raft.server.snapshot.retention.file.num = 5 (custom)
2024-03-04 13:00:33,673 [6bdc426a-463a-4847-89b4-5f17f88a218e-groupManagement] INFO  server.RaftServerConfigKeys (ConfUtils.java:logGet(46)) - raft.server.log.purge.upto.snapshot.index = false (default)
2024-03-04 13:00:33,673 [6bdc426a-463a-4847-89b4-5f17f88a218e@group-51BD4C936147-FollowerState] INFO  server.RaftServerConfigKeys (ConfUtils.java:logFallback(53)) - raft.server.rpc.first-election.timeout.min = 5s (fallback to raft.server.rpc.timeout.min)
2024-03-04 13:00:33,673 [6bdc426a-463a-4847-89b4-5f17f88a218e@group-51BD4C936147-FollowerState] INFO  server.RaftServerConfigKeys (ConfUtils.java:logFallback(53)) - raft.server.rpc.first-election.timeout.max = 5200ms (fallback to raft.server.rpc.timeout.max)
2024-03-04 13:00:33,675 [6bdc426a-463a-4847-89b4-5f17f88a218e-groupManagement] INFO  server.RaftServer$Division (RaftServerImpl.java:<init>(256)) - 6bdc426a-463a-4847-89b4-5f17f88a218e: new RaftServerImpl for group-A5D76BF4DFFC:[e85487f0-f005-4db6-b4de-13885556b81a|10.1.0.12:15203, 74a0a60a-5e75-4204-b15b-76eff6c3355e|10.1.0.12:15194, 6bdc426a-463a-4847-89b4-5f17f88a218e|10.1.0.12:15212] with ContainerStateMachine:uninitialized
2024-03-04 13:00:33,675 [6bdc426a-463a-4847-89b4-5f17f88a218e-groupManagement] INFO  server.RaftServerConfigKeys (ConfUtils.java:logGet(46)) - raft.server.rpc.timeout.min = 5s (custom)
2024-03-04 13:00:33,675 [6bdc426a-463a-4847-89b4-5f17f88a218e-groupManagement] INFO  server.RaftServerConfigKeys (ConfUtils.java:logGet(46)) - raft.server.rpc.timeout.max = 5200ms (custom)
2024-03-04 13:00:33,676 [6bdc426a-463a-4847-89b4-5f17f88a218e-groupManagement] INFO  server.RaftServerConfigKeys (ConfUtils.java:logGet(46)) - raft.server.rpc.sleep.time = 25ms (default)
2024-03-04 13:00:33,676 [6bdc426a-463a-4847-89b4-5f17f88a218e-groupManagement] INFO  server.RaftServerConfigKeys (ConfUtils.java:logGet(46)) - raft.server.rpc.slowness.timeout = 300s (custom)
2024-03-04 13:00:33,676 [6bdc426a-463a-4847-89b4-5f17f88a218e-groupManagement] INFO  server.RaftServerConfigKeys (ConfUtils.java:logGet(46)) - raft.server.leaderelection.leader.step-down.wait-time = 10s (default)
2024-03-04 13:00:33,676 [6bdc426a-463a-4847-89b4-5f17f88a218e-groupManagement] INFO  server.RaftServerConfigKeys (ConfUtils.java:logGet(46)) - raft.server.leaderelection.member.majority-add = false (default)
2024-03-04 13:00:33,677 [6bdc426a-463a-4847-89b4-5f17f88a218e-groupManagement] INFO  server.RaftServerConfigKeys (ConfUtils.java:logGet(46)) - raft.server.sleep.deviation.threshold = 300ms (default)
2024-03-04 13:00:33,677 [6bdc426a-463a-4847-89b4-5f17f88a218e-groupManagement] INFO  server.RaftServer$Division (ServerState.java:<init>(113)) - 6bdc426a-463a-4847-89b4-5f17f88a218e@group-A5D76BF4DFFC: ConfigurationManager, init=-1: peers:[e85487f0-f005-4db6-b4de-13885556b81a|10.1.0.12:15203, 74a0a60a-5e75-4204-b15b-76eff6c3355e|10.1.0.12:15194, 6bdc426a-463a-4847-89b4-5f17f88a218e|10.1.0.12:15212]|listeners:[], old=null, confs=<EMPTY_MAP>
2024-03-04 13:00:33,677 [6bdc426a-463a-4847-89b4-5f17f88a218e-PipelineCommandHandlerThread-0] INFO  ratis.XceiverServerRatis (XceiverServerRatis.java:addGroup(864)) - Created group PipelineID=ca75bde0-51c8-4ccc-bece-51bd4c936147
2024-03-04 13:00:33,677 [6bdc426a-463a-4847-89b4-5f17f88a218e-PipelineCommandHandlerThread-0] INFO  commandhandler.CreatePipelineCommandHandler (CreatePipelineCommandHandler.java:lambda$handle$2(124)) - Created Pipeline RATIS ONE PipelineID=ca75bde0-51c8-4ccc-bece-51bd4c936147.
2024-03-04 13:00:33,677 [6bdc426a-463a-4847-89b4-5f17f88a218e-groupManagement] INFO  server.RaftServerConfigKeys (ConfUtils.java:logGet(46)) - raft.server.notification.no-leader.timeout = 300s (custom)
2024-03-04 13:00:33,678 [6bdc426a-463a-4847-89b4-5f17f88a218e-groupManagement] INFO  server.RaftServerConfigKeys (ConfUtils.java:logGet(46)) - raft.server.read.timeout = 10s (default)
2024-03-04 13:00:33,678 [6bdc426a-463a-4847-89b4-5f17f88a218e-groupManagement] INFO  server.RaftServerConfigKeys (ConfUtils.java:logGet(46)) - raft.server.retrycache.expirytime = 600000ms (custom)
2024-03-04 13:00:33,679 [6bdc426a-463a-4847-89b4-5f17f88a218e-groupManagement] INFO  server.RaftServerConfigKeys (ConfUtils.java:logGet(46)) - raft.server.retrycache.statistics.expirytime = 100ms (default)
2024-03-04 13:00:33,679 [6bdc426a-463a-4847-89b4-5f17f88a218e-groupManagement] INFO  server.RaftServerConfigKeys (ConfUtils.java:logGet(46)) - raft.server.read.option = DEFAULT (default)
2024-03-04 13:00:33,679 [6bdc426a-463a-4847-89b4-5f17f88a218e-groupManagement] INFO  server.RaftServerConfigKeys (ConfUtils.java:logGet(46)) - raft.server.read.read-after-write-consistent.write-index-cache.expiry-time = 60s (default)
2024-03-04 13:00:33,681 [6bdc426a-463a-4847-89b4-5f17f88a218e-groupManagement] INFO  server.RaftServerConfigKeys (ConfUtils.java:logGet(46)) - raft.server.rpc.request.timeout = 60s (custom)
2024-03-04 13:00:33,681 [6bdc426a-463a-4847-89b4-5f17f88a218e-groupManagement] INFO  server.RaftServerConfigKeys (ConfUtils.java:logGet(46)) - raft.server.log.appender.install.snapshot.enabled = false (custom)
2024-03-04 13:00:33,681 [6bdc426a-463a-4847-89b4-5f17f88a218e-groupManagement] INFO  server.RaftServerConfigKeys (ConfUtils.java:logGet(46)) - raft.server.threadpool.server.cached = true (default)
2024-03-04 13:00:33,681 [6bdc426a-463a-4847-89b4-5f17f88a218e-groupManagement] INFO  server.RaftServerConfigKeys (ConfUtils.java:logGet(46)) - raft.server.threadpool.server.size = 0 (default)
2024-03-04 13:00:33,681 [6bdc426a-463a-4847-89b4-5f17f88a218e-groupManagement] INFO  server.RaftServerConfigKeys (ConfUtils.java:logGet(46)) - raft.server.threadpool.client.cached = true (default)
2024-03-04 13:00:33,682 [6bdc426a-463a-4847-89b4-5f17f88a218e-groupManagement] INFO  server.RaftServerConfigKeys (ConfUtils.java:logGet(46)) - raft.server.threadpool.client.size = 0 (default)
2024-03-04 13:00:33,682 [6bdc426a-463a-4847-89b4-5f17f88a218e-groupManagement] INFO  server.RaftServerConfigKeys (ConfUtils.java:logGet(46)) - raft.server.storage.free-space.min = 0MB (=0) (default)
2024-03-04 13:00:33,682 [6bdc426a-463a-4847-89b4-5f17f88a218e-groupManagement] INFO  server.RaftServerConfigKeys (ConfUtils.java:logGet(46)) - raft.server.log.corruption.policy = EXCEPTION (default)
2024-03-04 13:00:33,682 [6bdc426a-463a-4847-89b4-5f17f88a218e-groupManagement] INFO  server.RaftServerConfigKeys (ConfUtils.java:logGet(46)) - raft.server.storage.dir = [/home/runner/work/ozone/ozone/hadoop-ozone/integration-test/target/test-dir/MiniOzoneClusterImpl-42dd095f-3e4b-4e15-bcdd-4f5539ea9781/ozone-meta/datanode-3/ratis] (custom)
2024-03-04 13:00:33,682 [6bdc426a-463a-4847-89b4-5f17f88a218e-groupManagement] INFO  storage.RaftStorageDirectory (RaftStorageDirectoryImpl.java:analyzeStorage(138)) - The storage directory /home/runner/work/ozone/ozone/hadoop-ozone/integration-test/target/test-dir/MiniOzoneClusterImpl-42dd095f-3e4b-4e15-bcdd-4f5539ea9781/ozone-meta/datanode-3/ratis/5e56c667-f4b6-4297-9a99-a5d76bf4dffc does not exist. Creating ...
2024-03-04 13:00:33,683 [6bdc426a-463a-4847-89b4-5f17f88a218e-groupManagement] INFO  storage.RaftStorageDirectory (RaftStorageDirectoryImpl.java:tryLock(228)) - Lock on /home/runner/work/ozone/ozone/hadoop-ozone/integration-test/target/test-dir/MiniOzoneClusterImpl-42dd095f-3e4b-4e15-bcdd-4f5539ea9781/ozone-meta/datanode-3/ratis/5e56c667-f4b6-4297-9a99-a5d76bf4dffc/in_use.lock acquired by nodename 41993@fv-az571-795
2024-03-04 13:00:33,684 [6bdc426a-463a-4847-89b4-5f17f88a218e-groupManagement] INFO  storage.RaftStorage (RaftStorageImpl.java:format(99)) - Storage directory /home/runner/work/ozone/ozone/hadoop-ozone/integration-test/target/test-dir/MiniOzoneClusterImpl-42dd095f-3e4b-4e15-bcdd-4f5539ea9781/ozone-meta/datanode-3/ratis/5e56c667-f4b6-4297-9a99-a5d76bf4dffc has been successfully formatted.
2024-03-04 13:00:33,684 [6bdc426a-463a-4847-89b4-5f17f88a218e-groupManagement] WARN  util.FileUtils (LogUtils.java:supplyAndLog(63)) - Failed to Files.newInputStream /home/runner/work/ozone/ozone/hadoop-ozone/integration-test/target/test-dir/MiniOzoneClusterImpl-42dd095f-3e4b-4e15-bcdd-4f5539ea9781/ozone-meta/datanode-3/ratis/5e56c667-f4b6-4297-9a99-a5d76bf4dffc/current/raft-meta.conf with options []: java.nio.file.NoSuchFileException: /home/runner/work/ozone/ozone/hadoop-ozone/integration-test/target/test-dir/MiniOzoneClusterImpl-42dd095f-3e4b-4e15-bcdd-4f5539ea9781/ozone-meta/datanode-3/ratis/5e56c667-f4b6-4297-9a99-a5d76bf4dffc/current/raft-meta.conf
2024-03-04 13:00:33,685 [6bdc426a-463a-4847-89b4-5f17f88a218e-groupManagement] INFO  ratis.ContainerStateMachine (ContainerStateMachine.java:loadSnapshot(287)) - group-A5D76BF4DFFC: The snapshot info is null. Setting the last applied index to:(t:0, i:~)
2024-03-04 13:00:33,685 [6bdc426a-463a-4847-89b4-5f17f88a218e-groupManagement] INFO  server.RaftServerConfigKeys (ConfUtils.java:logGet(46)) - raft.server.log.use.memory = false (default)
2024-03-04 13:00:33,685 [6bdc426a-463a-4847-89b4-5f17f88a218e-groupManagement] INFO  server.RaftServerConfigKeys (ConfUtils.java:logGet(46)) - raft.server.log.purge.gap = 1000000 (custom)
2024-03-04 13:00:33,685 [6bdc426a-463a-4847-89b4-5f17f88a218e-groupManagement] INFO  server.RaftServerConfigKeys (ConfUtils.java:logGet(46)) - raft.server.log.appender.buffer.byte-limit = 8388608 (custom)
2024-03-04 13:00:33,685 [EventQueue-OpenPipelineForHealthyPipelineSafeModeRule] INFO  safemode.SCMSafeModeManager (HealthyPipelineSafeModeRule.java:process(140)) - SCM in safe mode. Healthy pipelines reported count is 0, required healthy pipeline reported count is 1
2024-03-04 13:00:33,686 [6bdc426a-463a-4847-89b4-5f17f88a218e-groupManagement] INFO  server.RaftServerConfigKeys (ConfUtils.java:logGet(46)) - raft.server.log.statemachine.data.read.timeout = 1000ms (default)
2024-03-04 13:00:33,686 [6bdc426a-463a-4847-89b4-5f17f88a218e-groupManagement] INFO  server.RaftServerConfigKeys (ConfUtils.java:logGet(46)) - raft.server.log.purge.preservation.log.num = 0 (default)
2024-03-04 13:00:33,687 [6bdc426a-463a-4847-89b4-5f17f88a218e-groupManagement] INFO  server.RaftServerConfigKeys (ConfUtils.java:logGet(46)) - raft.server.log.segment.size.max = 67108864 (custom)
2024-03-04 13:00:33,687 [6bdc426a-463a-4847-89b4-5f17f88a218e-groupManagement] INFO  server.RaftServerConfigKeys (ConfUtils.java:logGet(46)) - raft.server.log.segment.cache.num.max = 2 (custom)
2024-03-04 13:00:33,687 [6bdc426a-463a-4847-89b4-5f17f88a218e-groupManagement] INFO  server.RaftServerConfigKeys (ConfUtils.java:logGet(46)) - raft.server.log.segment.cache.size.max = 200MB (=209715200) (default)
2024-03-04 13:00:33,687 [6bdc426a-463a-4847-89b4-5f17f88a218e-groupManagement] INFO  server.RaftServerConfigKeys (ConfUtils.java:logGet(46)) - raft.server.log.appender.buffer.byte-limit = 8388608 (custom)
2024-03-04 13:00:33,687 [6bdc426a-463a-4847-89b4-5f17f88a218e-groupManagement] INFO  util.AwaitToRun (AwaitToRun.java:start(81)) - Thread[6bdc426a-463a-4847-89b4-5f17f88a218e@group-A5D76BF4DFFC-cacheEviction-AwaitToRun,5,main] started
2024-03-04 13:00:33,688 [6bdc426a-463a-4847-89b4-5f17f88a218e-groupManagement] INFO  segmented.SegmentedRaftLogWorker (SegmentedRaftLogWorker.java:<init>(182)) - new 6bdc426a-463a-4847-89b4-5f17f88a218e@group-A5D76BF4DFFC-SegmentedRaftLogWorker for RaftStorageImpl:Storage Directory /home/runner/work/ozone/ozone/hadoop-ozone/integration-test/target/test-dir/MiniOzoneClusterImpl-42dd095f-3e4b-4e15-bcdd-4f5539ea9781/ozone-meta/datanode-3/ratis/5e56c667-f4b6-4297-9a99-a5d76bf4dffc
2024-03-04 13:00:33,688 [6bdc426a-463a-4847-89b4-5f17f88a218e-groupManagement] INFO  server.RaftServerConfigKeys (ConfUtils.java:logGet(46)) - raft.server.log.queue.byte-limit = 4294967296 (custom)
2024-03-04 13:00:33,688 [6bdc426a-463a-4847-89b4-5f17f88a218e-groupManagement] INFO  server.RaftServerConfigKeys (ConfUtils.java:logGet(46)) - raft.server.log.queue.element-limit = 1024 (custom)
2024-03-04 13:00:33,688 [6bdc426a-463a-4847-89b4-5f17f88a218e-groupManagement] INFO  server.RaftServerConfigKeys (ConfUtils.java:logGet(46)) - raft.server.log.segment.size.max = 67108864 (custom)
2024-03-04 13:00:33,688 [6bdc426a-463a-4847-89b4-5f17f88a218e-groupManagement] INFO  server.RaftServerConfigKeys (ConfUtils.java:logGet(46)) - raft.server.log.preallocated.size = 4194304 (custom)
2024-03-04 13:00:33,688 [6bdc426a-463a-4847-89b4-5f17f88a218e-groupManagement] INFO  server.RaftServerConfigKeys (ConfUtils.java:logGet(46)) - raft.server.log.force.sync.num = 128 (default)
2024-03-04 13:00:33,688 [6bdc426a-463a-4847-89b4-5f17f88a218e-groupManagement] INFO  server.RaftServerConfigKeys (ConfUtils.java:logGet(46)) - raft.server.log.statemachine.data.sync = true (default)
2024-03-04 13:00:33,688 [6bdc426a-463a-4847-89b4-5f17f88a218e-groupManagement] INFO  server.RaftServerConfigKeys (ConfUtils.java:logGet(46)) - raft.server.log.statemachine.data.sync.timeout = 10s (default)
2024-03-04 13:00:33,688 [6bdc426a-463a-4847-89b4-5f17f88a218e-groupManagement] INFO  server.RaftServerConfigKeys (ConfUtils.java:logGet(46)) - raft.server.log.statemachine.data.sync.timeout.retry = 0 (custom)
2024-03-04 13:00:33,688 [6bdc426a-463a-4847-89b4-5f17f88a218e-groupManagement] INFO  server.RaftServerConfigKeys (ConfUtils.java:logGet(46)) - raft.server.log.write.buffer.size = 8388616 (custom)
2024-03-04 13:00:33,690 [6bdc426a-463a-4847-89b4-5f17f88a218e-groupManagement] INFO  server.RaftServerConfigKeys (ConfUtils.java:logGet(46)) - raft.server.log.appender.buffer.byte-limit = 8388608 (custom)
2024-03-04 13:00:33,690 [6bdc426a-463a-4847-89b4-5f17f88a218e-groupManagement] INFO  server.RaftServerConfigKeys (ConfUtils.java:logGet(46)) - raft.server.log.unsafe-flush.enabled = false (default)
2024-03-04 13:00:33,690 [6bdc426a-463a-4847-89b4-5f17f88a218e-groupManagement] INFO  server.RaftServerConfigKeys (ConfUtils.java:logGet(46)) - raft.server.log.async-flush.enabled = false (default)
2024-03-04 13:00:33,690 [6bdc426a-463a-4847-89b4-5f17f88a218e-groupManagement] INFO  server.RaftServerConfigKeys (ConfUtils.java:logGet(46)) - raft.server.log.statemachine.data.caching.enabled = true (custom)
2024-03-04 13:00:33,690 [6bdc426a-463a-4847-89b4-5f17f88a218e-groupManagement] INFO  segmented.SegmentedRaftLogWorker (SegmentedRaftLogWorker.java:lambda$new$0(134)) - 6bdc426a-463a-4847-89b4-5f17f88a218e@group-A5D76BF4DFFC-SegmentedRaftLogWorker: flushIndex: setUnconditionally 0 -> -1
2024-03-04 13:00:33,690 [6bdc426a-463a-4847-89b4-5f17f88a218e-groupManagement] INFO  segmented.SegmentedRaftLogWorker (SegmentedRaftLogWorker.java:lambda$new$0(134)) - 6bdc426a-463a-4847-89b4-5f17f88a218e@group-A5D76BF4DFFC-SegmentedRaftLogWorker: safeCacheEvictIndex: setUnconditionally 0 -> -1
2024-03-04 13:00:33,690 [6bdc426a-463a-4847-89b4-5f17f88a218e-groupManagement] INFO  server.RaftServer$Division (RaftServerImpl.java:start(396)) - 6bdc426a-463a-4847-89b4-5f17f88a218e@group-A5D76BF4DFFC: start as a follower, conf=-1: peers:[e85487f0-f005-4db6-b4de-13885556b81a|10.1.0.12:15203, 74a0a60a-5e75-4204-b15b-76eff6c3355e|10.1.0.12:15194, 6bdc426a-463a-4847-89b4-5f17f88a218e|10.1.0.12:15212]|listeners:[], old=null
2024-03-04 13:00:33,690 [6bdc426a-463a-4847-89b4-5f17f88a218e-groupManagement] INFO  server.RaftServer$Division (RaftServerImpl.java:setRole(383)) - 6bdc426a-463a-4847-89b4-5f17f88a218e@group-A5D76BF4DFFC: changes role from      null to FOLLOWER at term 0 for startAsFollower
2024-03-04 13:00:33,690 [6bdc426a-463a-4847-89b4-5f17f88a218e-groupManagement] INFO  impl.RoleInfo (RoleInfo.java:updateAndGet(139)) - 6bdc426a-463a-4847-89b4-5f17f88a218e: start 6bdc426a-463a-4847-89b4-5f17f88a218e@group-A5D76BF4DFFC-FollowerState
2024-03-04 13:00:33,691 [6bdc426a-463a-4847-89b4-5f17f88a218e-groupManagement] INFO  util.JmxRegister (JmxRegister.java:tryRegister(44)) - Successfully registered JMX Bean with object name Ratis:service=RaftServer,group=group-A5D76BF4DFFC,id=6bdc426a-463a-4847-89b4-5f17f88a218e
2024-03-04 13:00:33,691 [6bdc426a-463a-4847-89b4-5f17f88a218e@group-A5D76BF4DFFC-FollowerState] INFO  server.RaftServerConfigKeys (ConfUtils.java:logFallback(53)) - raft.server.rpc.first-election.timeout.min = 5s (fallback to raft.server.rpc.timeout.min)
2024-03-04 13:00:33,691 [6bdc426a-463a-4847-89b4-5f17f88a218e-groupManagement] INFO  server.RaftServerConfigKeys (ConfUtils.java:logGet(46)) - raft.server.snapshot.trigger-when-stop.enabled = true (default)
2024-03-04 13:00:33,691 [6bdc426a-463a-4847-89b4-5f17f88a218e@group-A5D76BF4DFFC-FollowerState] INFO  server.RaftServerConfigKeys (ConfUtils.java:logFallback(53)) - raft.server.rpc.first-election.timeout.max = 5200ms (fallback to raft.server.rpc.timeout.max)
2024-03-04 13:00:33,691 [6bdc426a-463a-4847-89b4-5f17f88a218e-groupManagement] INFO  server.RaftServerConfigKeys (ConfUtils.java:logGet(46)) - raft.server.snapshot.auto.trigger.enabled = true (custom)
2024-03-04 13:00:33,691 [6bdc426a-463a-4847-89b4-5f17f88a218e-groupManagement] INFO  server.RaftServerConfigKeys (ConfUtils.java:logGet(46)) - raft.server.snapshot.auto.trigger.threshold = 10000 (custom)
2024-03-04 13:00:33,691 [6bdc426a-463a-4847-89b4-5f17f88a218e-groupManagement] INFO  server.RaftServerConfigKeys (ConfUtils.java:logGet(46)) - raft.server.snapshot.retention.file.num = 5 (custom)
2024-03-04 13:00:33,691 [6bdc426a-463a-4847-89b4-5f17f88a218e-groupManagement] INFO  server.RaftServerConfigKeys (ConfUtils.java:logGet(46)) - raft.server.log.purge.upto.snapshot.index = false (default)
2024-03-04 13:00:33,695 [74a0a60a-5e75-4204-b15b-76eff6c3355e-PipelineCommandHandlerThread-0] INFO  commandhandler.CreatePipelineCommandHandler (CreatePipelineCommandHandler.java:lambda$handle$2(124)) - Created Pipeline RATIS THREE PipelineID=5e56c667-f4b6-4297-9a99-a5d76bf4dffc.
2024-03-04 13:00:34,646 [main] INFO  ozone.MiniOzoneClusterImpl (MiniOzoneClusterImpl.java:lambda$waitForClusterToBeReady$0(194)) - Nodes are ready. Got 3 of 3 DN Heartbeats.
2024-03-04 13:00:34,647 [main] INFO  ozone.MiniOzoneClusterImpl (MiniOzoneClusterImpl.java:lambda$waitForClusterToBeReady$0(197)) - Waiting for cluster to exit safe mode
2024-03-04 13:00:34,647 [main] INFO  ozone.MiniOzoneClusterImpl (MiniOzoneClusterImpl.java:lambda$waitForClusterToBeReady$0(199)) - SCM became leader
2024-03-04 13:00:35,647 [main] INFO  ozone.MiniOzoneClusterImpl (MiniOzoneClusterImpl.java:lambda$waitForClusterToBeReady$0(194)) - Nodes are ready. Got 3 of 3 DN Heartbeats.
2024-03-04 13:00:35,647 [main] INFO  ozone.MiniOzoneClusterImpl (MiniOzoneClusterImpl.java:lambda$waitForClusterToBeReady$0(197)) - Waiting for cluster to exit safe mode
2024-03-04 13:00:35,647 [main] INFO  ozone.MiniOzoneClusterImpl (MiniOzoneClusterImpl.java:lambda$waitForClusterToBeReady$0(199)) - SCM became leader
2024-03-04 13:00:36,647 [main] INFO  ozone.MiniOzoneClusterImpl (MiniOzoneClusterImpl.java:lambda$waitForClusterToBeReady$0(194)) - Nodes are ready. Got 3 of 3 DN Heartbeats.
2024-03-04 13:00:36,648 [main] INFO  ozone.MiniOzoneClusterImpl (MiniOzoneClusterImpl.java:lambda$waitForClusterToBeReady$0(197)) - Waiting for cluster to exit safe mode
2024-03-04 13:00:36,648 [main] INFO  ozone.MiniOzoneClusterImpl (MiniOzoneClusterImpl.java:lambda$waitForClusterToBeReady$0(199)) - SCM became leader
2024-03-04 13:00:37,648 [main] INFO  ozone.MiniOzoneClusterImpl (MiniOzoneClusterImpl.java:lambda$waitForClusterToBeReady$0(194)) - Nodes are ready. Got 3 of 3 DN Heartbeats.
2024-03-04 13:00:37,648 [main] INFO  ozone.MiniOzoneClusterImpl (MiniOzoneClusterImpl.java:lambda$waitForClusterToBeReady$0(197)) - Waiting for cluster to exit safe mode
2024-03-04 13:00:37,648 [main] INFO  ozone.MiniOzoneClusterImpl (MiniOzoneClusterImpl.java:lambda$waitForClusterToBeReady$0(199)) - SCM became leader
2024-03-04 13:00:38,510 [74a0a60a-5e75-4204-b15b-76eff6c3355e@group-966E5D2C10A8-FollowerState] INFO  impl.FollowerState (FollowerState.java:run(143)) - 74a0a60a-5e75-4204-b15b-76eff6c3355e@group-966E5D2C10A8-FollowerState: change to CANDIDATE, lastRpcElapsedTime:5024262530ns, electionTimeout:5023ms
2024-03-04 13:00:38,511 [74a0a60a-5e75-4204-b15b-76eff6c3355e@group-966E5D2C10A8-FollowerState] INFO  impl.RoleInfo (RoleInfo.java:shutdownFollowerState(110)) - 74a0a60a-5e75-4204-b15b-76eff6c3355e: shutdown 74a0a60a-5e75-4204-b15b-76eff6c3355e@group-966E5D2C10A8-FollowerState
2024-03-04 13:00:38,511 [74a0a60a-5e75-4204-b15b-76eff6c3355e@group-966E5D2C10A8-FollowerState] INFO  server.RaftServer$Division (RaftServerImpl.java:setRole(383)) - 74a0a60a-5e75-4204-b15b-76eff6c3355e@group-966E5D2C10A8: changes role from  FOLLOWER to CANDIDATE at term 0 for changeToCandidate
2024-03-04 13:00:38,511 [74a0a60a-5e75-4204-b15b-76eff6c3355e@group-966E5D2C10A8-FollowerState] INFO  server.RaftServerConfigKeys (ConfUtils.java:logGet(46)) - raft.server.leaderelection.pre-vote = true (default)
2024-03-04 13:00:38,511 [74a0a60a-5e75-4204-b15b-76eff6c3355e@group-966E5D2C10A8-FollowerState] INFO  impl.RoleInfo (RoleInfo.java:updateAndGet(139)) - 74a0a60a-5e75-4204-b15b-76eff6c3355e: start 74a0a60a-5e75-4204-b15b-76eff6c3355e@group-966E5D2C10A8-LeaderElection41
2024-03-04 13:00:38,512 [74a0a60a-5e75-4204-b15b-76eff6c3355e@group-966E5D2C10A8-LeaderElection41] INFO  impl.LeaderElection (LeaderElection.java:askForVotes(321)) - 74a0a60a-5e75-4204-b15b-76eff6c3355e@group-966E5D2C10A8-LeaderElection41 PRE_VOTE round 0: submit vote requests at term 0 for -1: peers:[74a0a60a-5e75-4204-b15b-76eff6c3355e|10.1.0.12:15194]|listeners:[], old=null
2024-03-04 13:00:38,512 [74a0a60a-5e75-4204-b15b-76eff6c3355e@group-966E5D2C10A8-LeaderElection41] INFO  impl.LeaderElection (LeaderElection.java:askForVotes(323)) - 74a0a60a-5e75-4204-b15b-76eff6c3355e@group-966E5D2C10A8-LeaderElection41 PRE_VOTE round 0: result PASSED (term=0)
2024-03-04 13:00:38,513 [74a0a60a-5e75-4204-b15b-76eff6c3355e@group-966E5D2C10A8-LeaderElection41] INFO  impl.LeaderElection (LeaderElection.java:askForVotes(321)) - 74a0a60a-5e75-4204-b15b-76eff6c3355e@group-966E5D2C10A8-LeaderElection41 ELECTION round 0: submit vote requests at term 1 for -1: peers:[74a0a60a-5e75-4204-b15b-76eff6c3355e|10.1.0.12:15194]|listeners:[], old=null
2024-03-04 13:00:38,513 [74a0a60a-5e75-4204-b15b-76eff6c3355e@group-966E5D2C10A8-LeaderElection41] INFO  impl.LeaderElection (LeaderElection.java:askForVotes(323)) - 74a0a60a-5e75-4204-b15b-76eff6c3355e@group-966E5D2C10A8-LeaderElection41 ELECTION round 0: result PASSED (term=1)
2024-03-04 13:00:38,513 [74a0a60a-5e75-4204-b15b-76eff6c3355e@group-966E5D2C10A8-LeaderElection41] INFO  impl.RoleInfo (RoleInfo.java:shutdownLeaderElection(130)) - 74a0a60a-5e75-4204-b15b-76eff6c3355e: shutdown 74a0a60a-5e75-4204-b15b-76eff6c3355e@group-966E5D2C10A8-LeaderElection41
2024-03-04 13:00:38,513 [74a0a60a-5e75-4204-b15b-76eff6c3355e@group-966E5D2C10A8-LeaderElection41] INFO  server.RaftServer$Division (RaftServerImpl.java:setRole(383)) - 74a0a60a-5e75-4204-b15b-76eff6c3355e@group-966E5D2C10A8: changes role from CANDIDATE to LEADER at term 1 for changeToLeader
2024-03-04 13:00:38,513 [74a0a60a-5e75-4204-b15b-76eff6c3355e@group-966E5D2C10A8-LeaderElection41] INFO  server.RaftServerConfigKeys (ConfUtils.java:logGet(46)) - raft.server.staging.catchup.gap = 1000 (default)
2024-03-04 13:00:38,513 [74a0a60a-5e75-4204-b15b-76eff6c3355e@group-966E5D2C10A8-LeaderElection41] INFO  server.RaftServerConfigKeys (ConfUtils.java:logGet(46)) - raft.server.write.element-limit = 1024 (custom)
2024-03-04 13:00:38,513 [74a0a60a-5e75-4204-b15b-76eff6c3355e@group-966E5D2C10A8-LeaderElection41] INFO  server.RaftServerConfigKeys (ConfUtils.java:logGet(46)) - raft.server.write.byte-limit = 1024 M (=1073741824) (custom)
2024-03-04 13:00:38,514 [74a0a60a-5e75-4204-b15b-76eff6c3355e@group-966E5D2C10A8-LeaderElection41] INFO  server.RaftServerConfigKeys (ConfUtils.java:logGet(46)) - raft.server.watch.timeout = 180s (custom)
2024-03-04 13:00:38,514 [74a0a60a-5e75-4204-b15b-76eff6c3355e@group-966E5D2C10A8-LeaderElection41] INFO  server.RaftServerConfigKeys (ConfUtils.java:logGet(46)) - raft.server.watch.timeout.denomination = 1s (default)
2024-03-04 13:00:38,514 [74a0a60a-5e75-4204-b15b-76eff6c3355e@group-966E5D2C10A8-LeaderElection41] INFO  server.RaftServerConfigKeys (ConfUtils.java:logGet(46)) - raft.server.watch.element-limit = 65536 (default)
2024-03-04 13:00:38,514 [74a0a60a-5e75-4204-b15b-76eff6c3355e@group-966E5D2C10A8-LeaderElection41] INFO  server.RaftServerConfigKeys (ConfUtils.java:logGet(46)) - raft.server.read.leader.lease.enabled = false (default)
2024-03-04 13:00:38,514 [74a0a60a-5e75-4204-b15b-76eff6c3355e@group-966E5D2C10A8-LeaderElection41] INFO  server.RaftServerConfigKeys (ConfUtils.java:logGet(46)) - raft.server.read.leader.lease.timeout.ratio = 0.9 (default)
2024-03-04 13:00:38,514 [74a0a60a-5e75-4204-b15b-76eff6c3355e@group-966E5D2C10A8-LeaderElection41] INFO  server.RaftServerConfigKeys (ConfUtils.java:logGet(46)) - raft.server.rpc.timeout.min = 5s (custom)
2024-03-04 13:00:38,514 [74a0a60a-5e75-4204-b15b-76eff6c3355e@group-966E5D2C10A8-LeaderElection41] INFO  server.RaftServerConfigKeys (ConfUtils.java:logGet(46)) - raft.server.write.element-limit = 1024 (custom)
2024-03-04 13:00:38,514 [74a0a60a-5e75-4204-b15b-76eff6c3355e@group-966E5D2C10A8-LeaderElection41] INFO  server.RaftServerConfigKeys (ConfUtils.java:logGet(46)) - raft.server.write.follower.gap.ratio.max = -1.0 (default)
2024-03-04 13:00:38,514 [74a0a60a-5e75-4204-b15b-76eff6c3355e@group-966E5D2C10A8-LeaderElection41] INFO  impl.RoleInfo (RoleInfo.java:updateAndGet(139)) - 74a0a60a-5e75-4204-b15b-76eff6c3355e: start 74a0a60a-5e75-4204-b15b-76eff6c3355e@group-966E5D2C10A8-LeaderStateImpl
2024-03-04 13:00:38,514 [74a0a60a-5e75-4204-b15b-76eff6c3355e@group-966E5D2C10A8-LeaderElection41] INFO  server.RaftServer$Division (RaftServerImpl.java:setFirstElection(574)) - 74a0a60a-5e75-4204-b15b-76eff6c3355e@group-966E5D2C10A8: set firstElectionSinceStartup to false for becomeLeader
2024-03-04 13:00:38,514 [74a0a60a-5e75-4204-b15b-76eff6c3355e@group-966E5D2C10A8-LeaderElection41] INFO  ratis.XceiverServerRatis (XceiverServerRatis.java:handleLeaderChangedNotification(966)) - Leader change notification received for group: group-966E5D2C10A8 with new leaderId: 74a0a60a-5e75-4204-b15b-76eff6c3355e
2024-03-04 13:00:38,514 [74a0a60a-5e75-4204-b15b-76eff6c3355e@group-966E5D2C10A8-LeaderElection41] INFO  server.RaftServer$Division (ServerState.java:setLeader(269)) - 74a0a60a-5e75-4204-b15b-76eff6c3355e@group-966E5D2C10A8: change Leader from null to 74a0a60a-5e75-4204-b15b-76eff6c3355e at term 1 for becomeLeader, leader elected after 5040ms
2024-03-04 13:00:38,515 [74a0a60a-5e75-4204-b15b-76eff6c3355e@group-966E5D2C10A8-LeaderElection41] INFO  segmented.SegmentedRaftLogWorker (SegmentedRaftLogWorker.java:startLogSegment(430)) - 74a0a60a-5e75-4204-b15b-76eff6c3355e@group-966E5D2C10A8-SegmentedRaftLogWorker: Starting segment from index:0
2024-03-04 13:00:38,515 [74a0a60a-5e75-4204-b15b-76eff6c3355e@group-966E5D2C10A8-SegmentedRaftLogWorker] INFO  segmented.BufferedWriteChannel (BufferedWriteChannel.java:open(62)) - open log_inprogress_0 at position 0
2024-03-04 13:00:38,515 [EventQueue-OpenPipelineForHealthyPipelineSafeModeRule] INFO  safemode.SCMSafeModeManager (HealthyPipelineSafeModeRule.java:process(140)) - SCM in safe mode. Healthy pipelines reported count is 0, required healthy pipeline reported count is 1
2024-03-04 13:00:38,518 [74a0a60a-5e75-4204-b15b-76eff6c3355e@group-966E5D2C10A8-LeaderElection41] INFO  server.RaftServer$Division (ServerState.java:setRaftConf(386)) - 74a0a60a-5e75-4204-b15b-76eff6c3355e@group-966E5D2C10A8: set configuration 0: peers:[74a0a60a-5e75-4204-b15b-76eff6c3355e|10.1.0.12:15194]|listeners:[], old=null
2024-03-04 13:00:38,522 [74a0a60a-5e75-4204-b15b-76eff6c3355e@group-966E5D2C10A8-SegmentedRaftLogWorker] INFO  segmented.SegmentedRaftLogWorker (SegmentedRaftLogWorker.java:execute(634)) - 74a0a60a-5e75-4204-b15b-76eff6c3355e@group-966E5D2C10A8-SegmentedRaftLogWorker: created new log segment /home/runner/work/ozone/ozone/hadoop-ozone/integration-test/target/test-dir/MiniOzoneClusterImpl-42dd095f-3e4b-4e15-bcdd-4f5539ea9781/ozone-meta/datanode-1/ratis/4175b369-7344-4147-a98b-966e5d2c10a8/current/log_inprogress_0
2024-03-04 13:00:38,523 [74a0a60a-5e75-4204-b15b-76eff6c3355e@group-966E5D2C10A8-StateMachineUpdater] INFO  server.RaftServer$Division (LeaderStateImpl.java:isApplied(320)) - leader is ready since appliedIndex == 0 >= startIndex == 0
2024-03-04 13:00:38,585 [6bdc426a-463a-4847-89b4-5f17f88a218e@group-5B8E4235484C-FollowerState] INFO  impl.FollowerState (FollowerState.java:run(143)) - 6bdc426a-463a-4847-89b4-5f17f88a218e@group-5B8E4235484C-FollowerState: change to CANDIDATE, lastRpcElapsedTime:5041077538ns, electionTimeout:5037ms
2024-03-04 13:00:38,585 [6bdc426a-463a-4847-89b4-5f17f88a218e@group-5B8E4235484C-FollowerState] INFO  impl.RoleInfo (RoleInfo.java:shutdownFollowerState(110)) - 6bdc426a-463a-4847-89b4-5f17f88a218e: shutdown 6bdc426a-463a-4847-89b4-5f17f88a218e@group-5B8E4235484C-FollowerState
2024-03-04 13:00:38,585 [6bdc426a-463a-4847-89b4-5f17f88a218e@group-5B8E4235484C-FollowerState] INFO  server.RaftServer$Division (RaftServerImpl.java:setRole(383)) - 6bdc426a-463a-4847-89b4-5f17f88a218e@group-5B8E4235484C: changes role from  FOLLOWER to CANDIDATE at term 0 for changeToCandidate
2024-03-04 13:00:38,585 [6bdc426a-463a-4847-89b4-5f17f88a218e@group-5B8E4235484C-FollowerState] INFO  server.RaftServerConfigKeys (ConfUtils.java:logGet(46)) - raft.server.leaderelection.pre-vote = true (default)
2024-03-04 13:00:38,585 [6bdc426a-463a-4847-89b4-5f17f88a218e@group-5B8E4235484C-FollowerState] INFO  impl.RoleInfo (RoleInfo.java:updateAndGet(139)) - 6bdc426a-463a-4847-89b4-5f17f88a218e: start 6bdc426a-463a-4847-89b4-5f17f88a218e@group-5B8E4235484C-LeaderElection42
2024-03-04 13:00:38,586 [6bdc426a-463a-4847-89b4-5f17f88a218e@group-5B8E4235484C-LeaderElection42] INFO  impl.LeaderElection (LeaderElection.java:askForVotes(321)) - 6bdc426a-463a-4847-89b4-5f17f88a218e@group-5B8E4235484C-LeaderElection42 PRE_VOTE round 0: submit vote requests at term 0 for -1: peers:[e85487f0-f005-4db6-b4de-13885556b81a|10.1.0.12:15203, 74a0a60a-5e75-4204-b15b-76eff6c3355e|10.1.0.12:15194, 6bdc426a-463a-4847-89b4-5f17f88a218e|10.1.0.12:15212]|listeners:[], old=null
2024-03-04 13:00:38,587 [6bdc426a-463a-4847-89b4-5f17f88a218e@group-5B8E4235484C-LeaderElection42-1] INFO  server.GrpcServerProtocolClient (GrpcServerProtocolClient.java:<init>(65)) - Build channel for e85487f0-f005-4db6-b4de-13885556b81a|10.1.0.12:15203
2024-03-04 13:00:38,587 [6bdc426a-463a-4847-89b4-5f17f88a218e@group-5B8E4235484C-LeaderElection42-2] INFO  server.GrpcServerProtocolClient (GrpcServerProtocolClient.java:<init>(65)) - Build channel for 74a0a60a-5e75-4204-b15b-76eff6c3355e|10.1.0.12:15194
2024-03-04 13:00:38,587 [6bdc426a-463a-4847-89b4-5f17f88a218e@group-5B8E4235484C-LeaderElection42] INFO  server.RaftServerConfigKeys (ConfUtils.java:logFallback(53)) - raft.server.rpc.first-election.timeout.min = 5s (fallback to raft.server.rpc.timeout.min)
2024-03-04 13:00:38,587 [6bdc426a-463a-4847-89b4-5f17f88a218e@group-5B8E4235484C-LeaderElection42] INFO  server.RaftServerConfigKeys (ConfUtils.java:logFallback(53)) - raft.server.rpc.first-election.timeout.max = 5200ms (fallback to raft.server.rpc.timeout.max)
2024-03-04 13:00:38,591 [grpc-default-executor-1] INFO  server.RaftServer$Division (RaftServerImpl.java:requestVote(1389)) - e85487f0-f005-4db6-b4de-13885556b81a@group-5B8E4235484C: receive requestVote(PRE_VOTE, 6bdc426a-463a-4847-89b4-5f17f88a218e, group-5B8E4235484C, 0, (t:0, i:0))
2024-03-04 13:00:38,591 [grpc-default-executor-0] INFO  server.RaftServer$Division (RaftServerImpl.java:requestVote(1389)) - 74a0a60a-5e75-4204-b15b-76eff6c3355e@group-5B8E4235484C: receive requestVote(PRE_VOTE, 6bdc426a-463a-4847-89b4-5f17f88a218e, group-5B8E4235484C, 0, (t:0, i:0))
2024-03-04 13:00:38,591 [grpc-default-executor-1] INFO  impl.VoteContext (VoteContext.java:log(49)) - e85487f0-f005-4db6-b4de-13885556b81a@group-5B8E4235484C-FOLLOWER: accept PRE_VOTE from 6bdc426a-463a-4847-89b4-5f17f88a218e: our priority 0 <= candidate's priority 0
2024-03-04 13:00:38,591 [grpc-default-executor-0] INFO  impl.VoteContext (VoteContext.java:log(49)) - 74a0a60a-5e75-4204-b15b-76eff6c3355e@group-5B8E4235484C-FOLLOWER: reject PRE_VOTE from 6bdc426a-463a-4847-89b4-5f17f88a218e: our priority 1 > candidate's priority 0
2024-03-04 13:00:38,591 [grpc-default-executor-1] INFO  server.RaftServer$Division (RaftServerImpl.java:requestVote(1422)) - e85487f0-f005-4db6-b4de-13885556b81a@group-5B8E4235484C replies to PRE_VOTE vote request: 6bdc426a-463a-4847-89b4-5f17f88a218e<-e85487f0-f005-4db6-b4de-13885556b81a#0:OK-t0. Peer's state: e85487f0-f005-4db6-b4de-13885556b81a@group-5B8E4235484C:t0, leader=null, voted=, raftlog=Memoized:e85487f0-f005-4db6-b4de-13885556b81a@group-5B8E4235484C-SegmentedRaftLog:OPENED:c-1, conf=-1: peers:[e85487f0-f005-4db6-b4de-13885556b81a|10.1.0.12:15203, 74a0a60a-5e75-4204-b15b-76eff6c3355e|10.1.0.12:15194, 6bdc426a-463a-4847-89b4-5f17f88a218e|10.1.0.12:15212]|listeners:[], old=null
2024-03-04 13:00:38,591 [grpc-default-executor-0] INFO  server.RaftServer$Division (RaftServerImpl.java:requestVote(1422)) - 74a0a60a-5e75-4204-b15b-76eff6c3355e@group-5B8E4235484C replies to PRE_VOTE vote request: 6bdc426a-463a-4847-89b4-5f17f88a218e<-74a0a60a-5e75-4204-b15b-76eff6c3355e#0:FAIL-t0. Peer's state: 74a0a60a-5e75-4204-b15b-76eff6c3355e@group-5B8E4235484C:t0, leader=null, voted=, raftlog=Memoized:74a0a60a-5e75-4204-b15b-76eff6c3355e@group-5B8E4235484C-SegmentedRaftLog:OPENED:c-1, conf=-1: peers:[e85487f0-f005-4db6-b4de-13885556b81a|10.1.0.12:15203, 74a0a60a-5e75-4204-b15b-76eff6c3355e|10.1.0.12:15194, 6bdc426a-463a-4847-89b4-5f17f88a218e|10.1.0.12:15212]|listeners:[], old=null
2024-03-04 13:00:38,591 [6bdc426a-463a-4847-89b4-5f17f88a218e@group-5B8E4235484C-LeaderElection42] INFO  impl.LeaderElection (LeaderElection.java:logAndReturn(89)) - 6bdc426a-463a-4847-89b4-5f17f88a218e@group-5B8E4235484C-LeaderElection42: PRE_VOTE REJECTED received 1 response(s) and 0 exception(s):
2024-03-04 13:00:38,592 [6bdc426a-463a-4847-89b4-5f17f88a218e@group-5B8E4235484C-LeaderElection42] INFO  impl.LeaderElection (LeaderElection.java:logAndReturn(93)) -   Response 0: 6bdc426a-463a-4847-89b4-5f17f88a218e<-74a0a60a-5e75-4204-b15b-76eff6c3355e#0:FAIL-t0
2024-03-04 13:00:38,592 [6bdc426a-463a-4847-89b4-5f17f88a218e@group-5B8E4235484C-LeaderElection42] INFO  impl.LeaderElection (LeaderElection.java:askForVotes(323)) - 6bdc426a-463a-4847-89b4-5f17f88a218e@group-5B8E4235484C-LeaderElection42 PRE_VOTE round 0: result REJECTED
2024-03-04 13:00:38,592 [6bdc426a-463a-4847-89b4-5f17f88a218e@group-5B8E4235484C-LeaderElection42] INFO  server.RaftServer$Division (RaftServerImpl.java:setRole(383)) - 6bdc426a-463a-4847-89b4-5f17f88a218e@group-5B8E4235484C: changes role from CANDIDATE to FOLLOWER at term 0 for REJECTED
2024-03-04 13:00:38,592 [6bdc426a-463a-4847-89b4-5f17f88a218e@group-5B8E4235484C-LeaderElection42] INFO  impl.RoleInfo (RoleInfo.java:shutdownLeaderElection(130)) - 6bdc426a-463a-4847-89b4-5f17f88a218e: shutdown 6bdc426a-463a-4847-89b4-5f17f88a218e@group-5B8E4235484C-LeaderElection42
2024-03-04 13:00:38,592 [6bdc426a-463a-4847-89b4-5f17f88a218e@group-5B8E4235484C-LeaderElection42] INFO  impl.RoleInfo (RoleInfo.java:updateAndGet(139)) - 6bdc426a-463a-4847-89b4-5f17f88a218e: start 6bdc426a-463a-4847-89b4-5f17f88a218e@group-5B8E4235484C-FollowerState
2024-03-04 13:00:38,592 [6bdc426a-463a-4847-89b4-5f17f88a218e@group-5B8E4235484C-LeaderElection42] INFO  server.RaftServer$Division (RaftServerImpl.java:setFirstElection(574)) - 6bdc426a-463a-4847-89b4-5f17f88a218e@group-5B8E4235484C: set firstElectionSinceStartup to false for REJECTED
2024-03-04 13:00:38,611 [74a0a60a-5e75-4204-b15b-76eff6c3355e@group-5B8E4235484C-FollowerState] INFO  impl.FollowerState (FollowerState.java:run(143)) - 74a0a60a-5e75-4204-b15b-76eff6c3355e@group-5B8E4235484C-FollowerState: change to CANDIDATE, lastRpcElapsedTime:5101380264ns, electionTimeout:5096ms
2024-03-04 13:00:38,611 [74a0a60a-5e75-4204-b15b-76eff6c3355e@group-5B8E4235484C-FollowerState] INFO  impl.RoleInfo (RoleInfo.java:shutdownFollowerState(110)) - 74a0a60a-5e75-4204-b15b-76eff6c3355e: shutdown 74a0a60a-5e75-4204-b15b-76eff6c3355e@group-5B8E4235484C-FollowerState
2024-03-04 13:00:38,611 [74a0a60a-5e75-4204-b15b-76eff6c3355e@group-5B8E4235484C-FollowerState] INFO  server.RaftServer$Division (RaftServerImpl.java:setRole(383)) - 74a0a60a-5e75-4204-b15b-76eff6c3355e@group-5B8E4235484C: changes role from  FOLLOWER to CANDIDATE at term 0 for changeToCandidate
2024-03-04 13:00:38,611 [74a0a60a-5e75-4204-b15b-76eff6c3355e@group-5B8E4235484C-FollowerState] INFO  server.RaftServerConfigKeys (ConfUtils.java:logGet(46)) - raft.server.leaderelection.pre-vote = true (default)
2024-03-04 13:00:38,611 [74a0a60a-5e75-4204-b15b-76eff6c3355e@group-5B8E4235484C-FollowerState] INFO  impl.RoleInfo (RoleInfo.java:updateAndGet(139)) - 74a0a60a-5e75-4204-b15b-76eff6c3355e: start 74a0a60a-5e75-4204-b15b-76eff6c3355e@group-5B8E4235484C-LeaderElection43
2024-03-04 13:00:38,611 [74a0a60a-5e75-4204-b15b-76eff6c3355e@group-5B8E4235484C-LeaderElection43] INFO  impl.LeaderElection (LeaderElection.java:askForVotes(321)) - 74a0a60a-5e75-4204-b15b-76eff6c3355e@group-5B8E4235484C-LeaderElection43 PRE_VOTE round 0: submit vote requests at term 0 for -1: peers:[e85487f0-f005-4db6-b4de-13885556b81a|10.1.0.12:15203, 74a0a60a-5e75-4204-b15b-76eff6c3355e|10.1.0.12:15194, 6bdc426a-463a-4847-89b4-5f17f88a218e|10.1.0.12:15212]|listeners:[], old=null
2024-03-04 13:00:38,611 [74a0a60a-5e75-4204-b15b-76eff6c3355e@group-5B8E4235484C-LeaderElection43-1] INFO  server.GrpcServerProtocolClient (GrpcServerProtocolClient.java:<init>(65)) - Build channel for e85487f0-f005-4db6-b4de-13885556b81a|10.1.0.12:15203
2024-03-04 13:00:38,612 [74a0a60a-5e75-4204-b15b-76eff6c3355e@group-5B8E4235484C-LeaderElection43-2] INFO  server.GrpcServerProtocolClient (GrpcServerProtocolClient.java:<init>(65)) - Build channel for 6bdc426a-463a-4847-89b4-5f17f88a218e|10.1.0.12:15212
2024-03-04 13:00:38,611 [74a0a60a-5e75-4204-b15b-76eff6c3355e@group-5B8E4235484C-LeaderElection43] INFO  server.RaftServerConfigKeys (ConfUtils.java:logFallback(53)) - raft.server.rpc.first-election.timeout.min = 5s (fallback to raft.server.rpc.timeout.min)
2024-03-04 13:00:38,612 [74a0a60a-5e75-4204-b15b-76eff6c3355e@group-5B8E4235484C-LeaderElection43] INFO  server.RaftServerConfigKeys (ConfUtils.java:logFallback(53)) - raft.server.rpc.first-election.timeout.max = 5200ms (fallback to raft.server.rpc.timeout.max)
2024-03-04 13:00:38,615 [grpc-default-executor-1] INFO  server.RaftServer$Division (RaftServerImpl.java:requestVote(1389)) - e85487f0-f005-4db6-b4de-13885556b81a@group-5B8E4235484C: receive requestVote(PRE_VOTE, 74a0a60a-5e75-4204-b15b-76eff6c3355e, group-5B8E4235484C, 0, (t:0, i:0))
2024-03-04 13:00:38,615 [grpc-default-executor-1] INFO  impl.VoteContext (VoteContext.java:log(49)) - e85487f0-f005-4db6-b4de-13885556b81a@group-5B8E4235484C-FOLLOWER: accept PRE_VOTE from 74a0a60a-5e75-4204-b15b-76eff6c3355e: our priority 0 <= candidate's priority 1
2024-03-04 13:00:38,615 [grpc-default-executor-1] INFO  server.RaftServer$Division (RaftServerImpl.java:requestVote(1422)) - e85487f0-f005-4db6-b4de-13885556b81a@group-5B8E4235484C replies to PRE_VOTE vote request: 74a0a60a-5e75-4204-b15b-76eff6c3355e<-e85487f0-f005-4db6-b4de-13885556b81a#0:OK-t0. Peer's state: e85487f0-f005-4db6-b4de-13885556b81a@group-5B8E4235484C:t0, leader=null, voted=, raftlog=Memoized:e85487f0-f005-4db6-b4de-13885556b81a@group-5B8E4235484C-SegmentedRaftLog:OPENED:c-1, conf=-1: peers:[e85487f0-f005-4db6-b4de-13885556b81a|10.1.0.12:15203, 74a0a60a-5e75-4204-b15b-76eff6c3355e|10.1.0.12:15194, 6bdc426a-463a-4847-89b4-5f17f88a218e|10.1.0.12:15212]|listeners:[], old=null
2024-03-04 13:00:38,615 [74a0a60a-5e75-4204-b15b-76eff6c3355e@group-5B8E4235484C-LeaderElection43] INFO  impl.LeaderElection (LeaderElection.java:logAndReturn(89)) - 74a0a60a-5e75-4204-b15b-76eff6c3355e@group-5B8E4235484C-LeaderElection43: PRE_VOTE PASSED received 1 response(s) and 0 exception(s):
2024-03-04 13:00:38,615 [grpc-default-executor-0] INFO  server.RaftServer$Division (RaftServerImpl.java:requestVote(1389)) - 6bdc426a-463a-4847-89b4-5f17f88a218e@group-5B8E4235484C: receive requestVote(PRE_VOTE, 74a0a60a-5e75-4204-b15b-76eff6c3355e, group-5B8E4235484C, 0, (t:0, i:0))
2024-03-04 13:00:38,615 [74a0a60a-5e75-4204-b15b-76eff6c3355e@group-5B8E4235484C-LeaderElection43] INFO  impl.LeaderElection (LeaderElection.java:logAndReturn(93)) -   Response 0: 74a0a60a-5e75-4204-b15b-76eff6c3355e<-e85487f0-f005-4db6-b4de-13885556b81a#0:OK-t0
2024-03-04 13:00:38,615 [grpc-default-executor-0] INFO  impl.VoteContext (VoteContext.java:log(49)) - 6bdc426a-463a-4847-89b4-5f17f88a218e@group-5B8E4235484C-FOLLOWER: accept PRE_VOTE from 74a0a60a-5e75-4204-b15b-76eff6c3355e: our priority 0 <= candidate's priority 1
2024-03-04 13:00:38,615 [74a0a60a-5e75-4204-b15b-76eff6c3355e@group-5B8E4235484C-LeaderElection43] INFO  impl.LeaderElection (LeaderElection.java:askForVotes(323)) - 74a0a60a-5e75-4204-b15b-76eff6c3355e@group-5B8E4235484C-LeaderElection43 PRE_VOTE round 0: result PASSED
2024-03-04 13:00:38,616 [grpc-default-executor-0] INFO  server.RaftServer$Division (RaftServerImpl.java:requestVote(1422)) - 6bdc426a-463a-4847-89b4-5f17f88a218e@group-5B8E4235484C replies to PRE_VOTE vote request: 74a0a60a-5e75-4204-b15b-76eff6c3355e<-6bdc426a-463a-4847-89b4-5f17f88a218e#0:OK-t0. Peer's state: 6bdc426a-463a-4847-89b4-5f17f88a218e@group-5B8E4235484C:t0, leader=null, voted=, raftlog=Memoized:6bdc426a-463a-4847-89b4-5f17f88a218e@group-5B8E4235484C-SegmentedRaftLog:OPENED:c-1, conf=-1: peers:[e85487f0-f005-4db6-b4de-13885556b81a|10.1.0.12:15203, 74a0a60a-5e75-4204-b15b-76eff6c3355e|10.1.0.12:15194, 6bdc426a-463a-4847-89b4-5f17f88a218e|10.1.0.12:15212]|listeners:[], old=null
2024-03-04 13:00:38,617 [74a0a60a-5e75-4204-b15b-76eff6c3355e@group-5B8E4235484C-LeaderElection43] INFO  impl.LeaderElection (LeaderElection.java:askForVotes(321)) - 74a0a60a-5e75-4204-b15b-76eff6c3355e@group-5B8E4235484C-LeaderElection43 ELECTION round 0: submit vote requests at term 1 for -1: peers:[e85487f0-f005-4db6-b4de-13885556b81a|10.1.0.12:15203, 74a0a60a-5e75-4204-b15b-76eff6c3355e|10.1.0.12:15194, 6bdc426a-463a-4847-89b4-5f17f88a218e|10.1.0.12:15212]|listeners:[], old=null
2024-03-04 13:00:38,617 [74a0a60a-5e75-4204-b15b-76eff6c3355e@group-5B8E4235484C-LeaderElection43] INFO  server.RaftServerConfigKeys (ConfUtils.java:logFallback(53)) - raft.server.rpc.first-election.timeout.min = 5s (fallback to raft.server.rpc.timeout.min)
2024-03-04 13:00:38,617 [74a0a60a-5e75-4204-b15b-76eff6c3355e@group-5B8E4235484C-LeaderElection43] INFO  server.RaftServerConfigKeys (ConfUtils.java:logFallback(53)) - raft.server.rpc.first-election.timeout.max = 5200ms (fallback to raft.server.rpc.timeout.max)
2024-03-04 13:00:38,617 [grpc-default-executor-0] INFO  server.RaftServer$Division (RaftServerImpl.java:requestVote(1389)) - e85487f0-f005-4db6-b4de-13885556b81a@group-5B8E4235484C: receive requestVote(ELECTION, 74a0a60a-5e75-4204-b15b-76eff6c3355e, group-5B8E4235484C, 1, (t:0, i:0))
2024-03-04 13:00:38,618 [grpc-default-executor-0] INFO  impl.VoteContext (VoteContext.java:log(49)) - e85487f0-f005-4db6-b4de-13885556b81a@group-5B8E4235484C-FOLLOWER: accept ELECTION from 74a0a60a-5e75-4204-b15b-76eff6c3355e: our priority 0 <= candidate's priority 1
2024-03-04 13:00:38,619 [grpc-default-executor-1] INFO  server.RaftServer$Division (RaftServerImpl.java:requestVote(1389)) - 6bdc426a-463a-4847-89b4-5f17f88a218e@group-5B8E4235484C: receive requestVote(ELECTION, 74a0a60a-5e75-4204-b15b-76eff6c3355e, group-5B8E4235484C, 1, (t:0, i:0))
2024-03-04 13:00:38,619 [grpc-default-executor-0] INFO  server.RaftServer$Division (RaftServerImpl.java:setRole(383)) - e85487f0-f005-4db6-b4de-13885556b81a@group-5B8E4235484C: changes role from  FOLLOWER to FOLLOWER at term 1 for candidate:74a0a60a-5e75-4204-b15b-76eff6c3355e
2024-03-04 13:00:38,619 [grpc-default-executor-1] INFO  impl.VoteContext (VoteContext.java:log(49)) - 6bdc426a-463a-4847-89b4-5f17f88a218e@group-5B8E4235484C-FOLLOWER: accept ELECTION from 74a0a60a-5e75-4204-b15b-76eff6c3355e: our priority 0 <= candidate's priority 1
2024-03-04 13:00:38,619 [grpc-default-executor-1] INFO  server.RaftServer$Division (RaftServerImpl.java:setRole(383)) - 6bdc426a-463a-4847-89b4-5f17f88a218e@group-5B8E4235484C: changes role from  FOLLOWER to FOLLOWER at term 1 for candidate:74a0a60a-5e75-4204-b15b-76eff6c3355e
2024-03-04 13:00:38,619 [grpc-default-executor-1] INFO  impl.RoleInfo (RoleInfo.java:shutdownFollowerState(110)) - 6bdc426a-463a-4847-89b4-5f17f88a218e: shutdown 6bdc426a-463a-4847-89b4-5f17f88a218e@group-5B8E4235484C-FollowerState
2024-03-04 13:00:38,619 [grpc-default-executor-1] INFO  impl.RoleInfo (RoleInfo.java:updateAndGet(139)) - 6bdc426a-463a-4847-89b4-5f17f88a218e: start 6bdc426a-463a-4847-89b4-5f17f88a218e@group-5B8E4235484C-FollowerState
2024-03-04 13:00:38,619 [grpc-default-executor-0] INFO  impl.RoleInfo (RoleInfo.java:shutdownFollowerState(110)) - e85487f0-f005-4db6-b4de-13885556b81a: shutdown e85487f0-f005-4db6-b4de-13885556b81a@group-5B8E4235484C-FollowerState
2024-03-04 13:00:38,619 [grpc-default-executor-0] INFO  impl.RoleInfo (RoleInfo.java:updateAndGet(139)) - e85487f0-f005-4db6-b4de-13885556b81a: start e85487f0-f005-4db6-b4de-13885556b81a@group-5B8E4235484C-FollowerState
2024-03-04 13:00:38,619 [e85487f0-f005-4db6-b4de-13885556b81a@group-5B8E4235484C-FollowerState] INFO  impl.FollowerState (FollowerState.java:run(152)) - e85487f0-f005-4db6-b4de-13885556b81a@group-5B8E4235484C-FollowerState was interrupted
2024-03-04 13:00:38,619 [6bdc426a-463a-4847-89b4-5f17f88a218e@group-5B8E4235484C-FollowerState] INFO  impl.FollowerState (FollowerState.java:run(152)) - 6bdc426a-463a-4847-89b4-5f17f88a218e@group-5B8E4235484C-FollowerState was interrupted
2024-03-04 13:00:38,619 [grpc-default-executor-0] INFO  server.RaftServer$Division (RaftServerImpl.java:setFirstElection(574)) - e85487f0-f005-4db6-b4de-13885556b81a@group-5B8E4235484C: set firstElectionSinceStartup to false for candidate:74a0a60a-5e75-4204-b15b-76eff6c3355e
2024-03-04 13:00:38,620 [grpc-default-executor-1] INFO  server.RaftServer$Division (RaftServerImpl.java:requestVote(1422)) - 6bdc426a-463a-4847-89b4-5f17f88a218e@group-5B8E4235484C replies to ELECTION vote request: 74a0a60a-5e75-4204-b15b-76eff6c3355e<-6bdc426a-463a-4847-89b4-5f17f88a218e#0:OK-t1. Peer's state: 6bdc426a-463a-4847-89b4-5f17f88a218e@group-5B8E4235484C:t1, leader=null, voted=74a0a60a-5e75-4204-b15b-76eff6c3355e, raftlog=Memoized:6bdc426a-463a-4847-89b4-5f17f88a218e@group-5B8E4235484C-SegmentedRaftLog:OPENED:c-1, conf=-1: peers:[e85487f0-f005-4db6-b4de-13885556b81a|10.1.0.12:15203, 74a0a60a-5e75-4204-b15b-76eff6c3355e|10.1.0.12:15194, 6bdc426a-463a-4847-89b4-5f17f88a218e|10.1.0.12:15212]|listeners:[], old=null
2024-03-04 13:00:38,620 [grpc-default-executor-0] INFO  server.RaftServer$Division (RaftServerImpl.java:requestVote(1422)) - e85487f0-f005-4db6-b4de-13885556b81a@group-5B8E4235484C replies to ELECTION vote request: 74a0a60a-5e75-4204-b15b-76eff6c3355e<-e85487f0-f005-4db6-b4de-13885556b81a#0:OK-t1. Peer's state: e85487f0-f005-4db6-b4de-13885556b81a@group-5B8E4235484C:t1, leader=null, voted=74a0a60a-5e75-4204-b15b-76eff6c3355e, raftlog=Memoized:e85487f0-f005-4db6-b4de-13885556b81a@group-5B8E4235484C-SegmentedRaftLog:OPENED:c-1, conf=-1: peers:[e85487f0-f005-4db6-b4de-13885556b81a|10.1.0.12:15203, 74a0a60a-5e75-4204-b15b-76eff6c3355e|10.1.0.12:15194, 6bdc426a-463a-4847-89b4-5f17f88a218e|10.1.0.12:15212]|listeners:[], old=null
2024-03-04 13:00:38,620 [74a0a60a-5e75-4204-b15b-76eff6c3355e@group-5B8E4235484C-LeaderElection43] INFO  impl.LeaderElection (LeaderElection.java:logAndReturn(89)) - 74a0a60a-5e75-4204-b15b-76eff6c3355e@group-5B8E4235484C-LeaderElection43: ELECTION PASSED received 1 response(s) and 0 exception(s):
2024-03-04 13:00:38,620 [74a0a60a-5e75-4204-b15b-76eff6c3355e@group-5B8E4235484C-LeaderElection43] INFO  impl.LeaderElection (LeaderElection.java:logAndReturn(93)) -   Response 0: 74a0a60a-5e75-4204-b15b-76eff6c3355e<-6bdc426a-463a-4847-89b4-5f17f88a218e#0:OK-t1
2024-03-04 13:00:38,621 [74a0a60a-5e75-4204-b15b-76eff6c3355e@group-5B8E4235484C-LeaderElection43] INFO  impl.LeaderElection (LeaderElection.java:askForVotes(323)) - 74a0a60a-5e75-4204-b15b-76eff6c3355e@group-5B8E4235484C-LeaderElection43 ELECTION round 0: result PASSED
2024-03-04 13:00:38,621 [74a0a60a-5e75-4204-b15b-76eff6c3355e@group-5B8E4235484C-LeaderElection43] INFO  impl.RoleInfo (RoleInfo.java:shutdownLeaderElection(130)) - 74a0a60a-5e75-4204-b15b-76eff6c3355e: shutdown 74a0a60a-5e75-4204-b15b-76eff6c3355e@group-5B8E4235484C-LeaderElection43
2024-03-04 13:00:38,621 [74a0a60a-5e75-4204-b15b-76eff6c3355e@group-5B8E4235484C-LeaderElection43] INFO  server.RaftServer$Division (RaftServerImpl.java:setRole(383)) - 74a0a60a-5e75-4204-b15b-76eff6c3355e@group-5B8E4235484C: changes role from CANDIDATE to LEADER at term 1 for changeToLeader
2024-03-04 13:00:38,621 [74a0a60a-5e75-4204-b15b-76eff6c3355e@group-5B8E4235484C-LeaderElection43] INFO  server.RaftServerConfigKeys (ConfUtils.java:logGet(46)) - raft.server.staging.catchup.gap = 1000 (default)
2024-03-04 13:00:38,621 [74a0a60a-5e75-4204-b15b-76eff6c3355e@group-5B8E4235484C-LeaderElection43] INFO  server.RaftServerConfigKeys (ConfUtils.java:logGet(46)) - raft.server.write.element-limit = 1024 (custom)
2024-03-04 13:00:38,621 [74a0a60a-5e75-4204-b15b-76eff6c3355e@group-5B8E4235484C-LeaderElection43] INFO  server.RaftServerConfigKeys (ConfUtils.java:logGet(46)) - raft.server.write.byte-limit = 1024 M (=1073741824) (custom)
2024-03-04 13:00:38,621 [74a0a60a-5e75-4204-b15b-76eff6c3355e@group-5B8E4235484C-LeaderElection43] INFO  server.RaftServerConfigKeys (ConfUtils.java:logGet(46)) - raft.server.watch.timeout = 180s (custom)
2024-03-04 13:00:38,621 [74a0a60a-5e75-4204-b15b-76eff6c3355e@group-5B8E4235484C-LeaderElection43] INFO  server.RaftServerConfigKeys (ConfUtils.java:logGet(46)) - raft.server.watch.timeout.denomination = 1s (default)
2024-03-04 13:00:38,621 [74a0a60a-5e75-4204-b15b-76eff6c3355e@group-5B8E4235484C-LeaderElection43] INFO  server.RaftServerConfigKeys (ConfUtils.java:logGet(46)) - raft.server.watch.element-limit = 65536 (default)
2024-03-04 13:00:38,621 [74a0a60a-5e75-4204-b15b-76eff6c3355e@group-5B8E4235484C-LeaderElection43] INFO  server.RaftServerConfigKeys (ConfUtils.java:logGet(46)) - raft.server.read.leader.lease.enabled = false (default)
2024-03-04 13:00:38,621 [74a0a60a-5e75-4204-b15b-76eff6c3355e@group-5B8E4235484C-LeaderElection43] INFO  server.RaftServerConfigKeys (ConfUtils.java:logGet(46)) - raft.server.read.leader.lease.timeout.ratio = 0.9 (default)
2024-03-04 13:00:38,621 [74a0a60a-5e75-4204-b15b-76eff6c3355e@group-5B8E4235484C-LeaderElection43] INFO  server.RaftServerConfigKeys (ConfUtils.java:logGet(46)) - raft.server.rpc.timeout.min = 5s (custom)
2024-03-04 13:00:38,621 [74a0a60a-5e75-4204-b15b-76eff6c3355e@group-5B8E4235484C-LeaderElection43] INFO  server.RaftServerConfigKeys (ConfUtils.java:logGet(46)) - raft.server.write.element-limit = 1024 (custom)
2024-03-04 13:00:38,621 [74a0a60a-5e75-4204-b15b-76eff6c3355e@group-5B8E4235484C-LeaderElection43] INFO  server.RaftServerConfigKeys (ConfUtils.java:logGet(46)) - raft.server.write.follower.gap.ratio.max = -1.0 (default)
2024-03-04 13:00:38,622 [74a0a60a-5e75-4204-b15b-76eff6c3355e@group-5B8E4235484C-LeaderElection43] INFO  server.RaftServerConfigKeys (ConfUtils.java:logGet(46)) - raft.server.log.appender.snapshot.chunk.size.max = 16MB (=16777216) (default)
2024-03-04 13:00:38,622 [74a0a60a-5e75-4204-b15b-76eff6c3355e@group-5B8E4235484C-LeaderElection43] INFO  server.RaftServerConfigKeys (ConfUtils.java:logGet(46)) - raft.server.log.appender.buffer.byte-limit = 8388608 (custom)
2024-03-04 13:00:38,622 [74a0a60a-5e75-4204-b15b-76eff6c3355e@group-5B8E4235484C-LeaderElection43] INFO  server.RaftServerConfigKeys (ConfUtils.java:logGet(46)) - raft.server.log.appender.buffer.element-limit = 1 (custom)
2024-03-04 13:00:38,622 [74a0a60a-5e75-4204-b15b-76eff6c3355e@group-5B8E4235484C-LeaderElection43] INFO  server.RaftServerConfigKeys (ConfUtils.java:logGet(46)) - raft.server.log.appender.wait-time.min = 0μs (custom)
2024-03-04 13:00:38,622 [74a0a60a-5e75-4204-b15b-76eff6c3355e@group-5B8E4235484C-LeaderElection43] INFO  grpc.GrpcConfigKeys (ConfUtils.java:logGet(46)) - raft.grpc.server.leader.outstanding.appends.max = 8 (default)
2024-03-04 13:00:38,622 [74a0a60a-5e75-4204-b15b-76eff6c3355e@group-5B8E4235484C-LeaderElection43] INFO  server.RaftServerConfigKeys (ConfUtils.java:logGet(46)) - raft.server.rpc.request.timeout = 60s (custom)
2024-03-04 13:00:38,622 [74a0a60a-5e75-4204-b15b-76eff6c3355e@group-5B8E4235484C-LeaderElection43] INFO  grpc.GrpcConfigKeys (ConfUtils.java:logGet(46)) - raft.grpc.server.install_snapshot.request.element-limit = 8 (default)
2024-03-04 13:00:38,622 [74a0a60a-5e75-4204-b15b-76eff6c3355e@group-5B8E4235484C-LeaderElection43] INFO  grpc.GrpcConfigKeys (ConfUtils.java:logGet(46)) - raft.grpc.server.install_snapshot.request.timeout = 3000ms (default)
2024-03-04 13:00:38,622 [74a0a60a-5e75-4204-b15b-76eff6c3355e@group-5B8E4235484C-LeaderElection43] INFO  grpc.GrpcConfigKeys (ConfUtils.java:logGet(46)) - raft.grpc.server.log-message.batch.duration = 5s (default)
2024-03-04 13:00:38,622 [74a0a60a-5e75-4204-b15b-76eff6c3355e@group-5B8E4235484C-LeaderElection43] INFO  server.RaftServerConfigKeys (ConfUtils.java:logGet(46)) - raft.server.log.appender.install.snapshot.enabled = false (custom)
2024-03-04 13:00:38,622 [74a0a60a-5e75-4204-b15b-76eff6c3355e@group-5B8E4235484C-LeaderElection43] INFO  grpc.GrpcConfigKeys (ConfUtils.java:logGet(46)) - raft.grpc.server.heartbeat.channel = true (default)
2024-03-04 13:00:38,622 [74a0a60a-5e75-4204-b15b-76eff6c3355e@group-5B8E4235484C-LeaderElection43] INFO  server.RaftServerConfigKeys (ConfUtils.java:logGet(46)) - raft.server.log.appender.snapshot.chunk.size.max = 16MB (=16777216) (default)
2024-03-04 13:00:38,622 [74a0a60a-5e75-4204-b15b-76eff6c3355e@group-5B8E4235484C-LeaderElection43] INFO  server.RaftServerConfigKeys (ConfUtils.java:logGet(46)) - raft.server.log.appender.buffer.byte-limit = 8388608 (custom)
2024-03-04 13:00:38,623 [74a0a60a-5e75-4204-b15b-76eff6c3355e@group-5B8E4235484C-LeaderElection43] INFO  server.RaftServerConfigKeys (ConfUtils.java:logGet(46)) - raft.server.log.appender.buffer.element-limit = 1 (custom)
2024-03-04 13:00:38,623 [74a0a60a-5e75-4204-b15b-76eff6c3355e@group-5B8E4235484C-LeaderElection43] INFO  server.RaftServerConfigKeys (ConfUtils.java:logGet(46)) - raft.server.log.appender.wait-time.min = 0μs (custom)
2024-03-04 13:00:38,623 [74a0a60a-5e75-4204-b15b-76eff6c3355e@group-5B8E4235484C-LeaderElection43] INFO  grpc.GrpcConfigKeys (ConfUtils.java:logGet(46)) - raft.grpc.server.leader.outstanding.appends.max = 8 (default)
2024-03-04 13:00:38,623 [74a0a60a-5e75-4204-b15b-76eff6c3355e@group-5B8E4235484C-LeaderElection43] INFO  server.RaftServerConfigKeys (ConfUtils.java:logGet(46)) - raft.server.rpc.request.timeout = 60s (custom)
2024-03-04 13:00:38,623 [74a0a60a-5e75-4204-b15b-76eff6c3355e@group-5B8E4235484C-LeaderElection43] INFO  grpc.GrpcConfigKeys (ConfUtils.java:logGet(46)) - raft.grpc.server.install_snapshot.request.element-limit = 8 (default)
2024-03-04 13:00:38,623 [74a0a60a-5e75-4204-b15b-76eff6c3355e@group-5B8E4235484C-LeaderElection43] INFO  grpc.GrpcConfigKeys (ConfUtils.java:logGet(46)) - raft.grpc.server.install_snapshot.request.timeout = 3000ms (default)
2024-03-04 13:00:38,623 [74a0a60a-5e75-4204-b15b-76eff6c3355e@group-5B8E4235484C-LeaderElection43] INFO  grpc.GrpcConfigKeys (ConfUtils.java:logGet(46)) - raft.grpc.server.log-message.batch.duration = 5s (default)
2024-03-04 13:00:38,623 [74a0a60a-5e75-4204-b15b-76eff6c3355e@group-5B8E4235484C-LeaderElection43] INFO  server.RaftServerConfigKeys (ConfUtils.java:logGet(46)) - raft.server.log.appender.install.snapshot.enabled = false (custom)
2024-03-04 13:00:38,623 [74a0a60a-5e75-4204-b15b-76eff6c3355e@group-5B8E4235484C-LeaderElection43] INFO  grpc.GrpcConfigKeys (ConfUtils.java:logGet(46)) - raft.grpc.server.heartbeat.channel = true (default)
2024-03-04 13:00:38,623 [74a0a60a-5e75-4204-b15b-76eff6c3355e@group-5B8E4235484C-LeaderElection43] INFO  impl.RoleInfo (RoleInfo.java:updateAndGet(139)) - 74a0a60a-5e75-4204-b15b-76eff6c3355e: start 74a0a60a-5e75-4204-b15b-76eff6c3355e@group-5B8E4235484C-LeaderStateImpl
2024-03-04 13:00:38,623 [74a0a60a-5e75-4204-b15b-76eff6c3355e@group-5B8E4235484C-LeaderElection43] INFO  server.RaftServer$Division (RaftServerImpl.java:setFirstElection(574)) - 74a0a60a-5e75-4204-b15b-76eff6c3355e@group-5B8E4235484C: set firstElectionSinceStartup to false for becomeLeader
2024-03-04 13:00:38,623 [74a0a60a-5e75-4204-b15b-76eff6c3355e@group-5B8E4235484C-LeaderElection43] INFO  ratis.XceiverServerRatis (XceiverServerRatis.java:handleLeaderChangedNotification(966)) - Leader change notification received for group: group-5B8E4235484C with new leaderId: 74a0a60a-5e75-4204-b15b-76eff6c3355e
2024-03-04 13:00:38,623 [74a0a60a-5e75-4204-b15b-76eff6c3355e@group-5B8E4235484C-LeaderElection43] INFO  server.RaftServer$Division (ServerState.java:setLeader(269)) - 74a0a60a-5e75-4204-b15b-76eff6c3355e@group-5B8E4235484C: change Leader from null to 74a0a60a-5e75-4204-b15b-76eff6c3355e at term 1 for becomeLeader, leader elected after 5133ms
2024-03-04 13:00:38,623 [74a0a60a-5e75-4204-b15b-76eff6c3355e@group-5B8E4235484C-LeaderElection43] INFO  segmented.SegmentedRaftLogWorker (SegmentedRaftLogWorker.java:startLogSegment(430)) - 74a0a60a-5e75-4204-b15b-76eff6c3355e@group-5B8E4235484C-SegmentedRaftLogWorker: Starting segment from index:0
2024-03-04 13:00:38,624 [74a0a60a-5e75-4204-b15b-76eff6c3355e@group-5B8E4235484C-SegmentedRaftLogWorker] INFO  segmented.BufferedWriteChannel (BufferedWriteChannel.java:open(62)) - open log_inprogress_0 at position 0
2024-03-04 13:00:38,624 [EventQueue-PipelineReportForPipelineReportHandler] INFO  pipeline.PipelineReportHandler (PipelineReportHandler.java:processPipelineReport(136)) - Opened pipeline PipelineID=5e34f4a7-7c82-412d-8f11-5b8e4235484c
2024-03-04 13:00:38,624 [EventQueue-OpenPipelineForHealthyPipelineSafeModeRule] INFO  safemode.SCMSafeModeManager (HealthyPipelineSafeModeRule.java:process(140)) - SCM in safe mode. Healthy pipelines reported count is 1, required healthy pipeline reported count is 1
2024-03-04 13:00:38,625 [EventQueue-OpenPipelineForHealthyPipelineSafeModeRule] INFO  safemode.SCMSafeModeManager (SCMSafeModeManager.java:validateSafeModeExitRules(200)) - HealthyPipelineSafeModeRule rule is successfully validated
2024-03-04 13:00:38,625 [EventQueue-OpenPipelineForHealthyPipelineSafeModeRule] INFO  safemode.SCMSafeModeManager (SCMSafeModeManager.java:validateSafeModeExitRules(215)) - ScmSafeModeManager, all rules are successfully validated
2024-03-04 13:00:38,625 [EventQueue-OpenPipelineForHealthyPipelineSafeModeRule] INFO  safemode.SCMSafeModeManager (SCMSafeModeManager.java:exitSafeMode(244)) - SCM exiting safe mode.
2024-03-04 13:00:38,625 [EventQueue-OpenPipelineForHealthyPipelineSafeModeRule] INFO  ha.SCMContext (SCMContext.java:updateSafeModeStatus(225)) - Update SafeModeStatus from SafeModeStatus{safeModeStatus=true, preCheckPassed=true} to SafeModeStatus{safeModeStatus=false, preCheckPassed=true}.
2024-03-04 13:00:38,625 [EventQueue-OpenPipelineForHealthyPipelineSafeModeRule] INFO  pipeline.BackgroundPipelineCreator (BackgroundPipelineCreator.java:notifyStatusChanged(258)) - Service BackgroundPipelineCreator transitions to RUNNING.
2024-03-04 13:00:38,625 [EventQueue-OpenPipelineForHealthyPipelineSafeModeRule] INFO  BackgroundPipelineScrubber (BackgroundSCMService.java:notifyStatusChanged(79)) - Service BackgroundPipelineScrubber transitions to RUNNING.
2024-03-04 13:00:38,625 [EventQueue-OpenPipelineForHealthyPipelineSafeModeRule] INFO  ExpiredContainerReplicaOpScrubber (BackgroundSCMService.java:notifyStatusChanged(79)) - Service ExpiredContainerReplicaOpScrubber transitions to RUNNING.
2024-03-04 13:00:38,625 [EventQueue-OpenPipelineForHealthyPipelineSafeModeRule] INFO  block.SCMBlockDeletingService (SCMBlockDeletingService.java:notifyStatusChanged(247)) - notifyStatusChanged:RUNNING
2024-03-04 13:00:38,625 [EventQueue-OpenPipelineForHealthyPipelineSafeModeRule] INFO  replication.ReplicationManager (ReplicationManager.java:notifyStatusChanged(1403)) - Service ReplicationManager transitions to RUNNING.
2024-03-04 13:00:38,625 [EventQueue-OpenPipelineForHealthyPipelineSafeModeRule] WARN  balancer.ContainerBalancer (ContainerBalancer.java:shouldRun(134)) - Could not find persisted configuration for ContainerBalancer when checking if ContainerBalancer should run. ContainerBalancer should not run now.
2024-03-04 13:00:38,627 [74a0a60a-5e75-4204-b15b-76eff6c3355e@group-5B8E4235484C-LeaderElection43] INFO  server.RaftServer$Division (ServerState.java:setRaftConf(386)) - 74a0a60a-5e75-4204-b15b-76eff6c3355e@group-5B8E4235484C: set configuration 0: peers:[e85487f0-f005-4db6-b4de-13885556b81a|10.1.0.12:15203, 74a0a60a-5e75-4204-b15b-76eff6c3355e|10.1.0.12:15194, 6bdc426a-463a-4847-89b4-5f17f88a218e|10.1.0.12:15212]|listeners:[], old=null
2024-03-04 13:00:38,631 [74a0a60a-5e75-4204-b15b-76eff6c3355e@group-5B8E4235484C-SegmentedRaftLogWorker] INFO  segmented.SegmentedRaftLogWorker (SegmentedRaftLogWorker.java:execute(634)) - 74a0a60a-5e75-4204-b15b-76eff6c3355e@group-5B8E4235484C-SegmentedRaftLogWorker: created new log segment /home/runner/work/ozone/ozone/hadoop-ozone/integration-test/target/test-dir/MiniOzoneClusterImpl-42dd095f-3e4b-4e15-bcdd-4f5539ea9781/ozone-meta/datanode-1/ratis/5e34f4a7-7c82-412d-8f11-5b8e4235484c/current/log_inprogress_0
2024-03-04 13:00:38,632 [e85487f0-f005-4db6-b4de-13885556b81a-server-thread1] INFO  ratis.XceiverServerRatis (XceiverServerRatis.java:handleLeaderChangedNotification(966)) - Leader change notification received for group: group-5B8E4235484C with new leaderId: 74a0a60a-5e75-4204-b15b-76eff6c3355e
2024-03-04 13:00:38,632 [e85487f0-f005-4db6-b4de-13885556b81a-server-thread1] INFO  server.RaftServer$Division (ServerState.java:setLeader(269)) - e85487f0-f005-4db6-b4de-13885556b81a@group-5B8E4235484C: change Leader from null to 74a0a60a-5e75-4204-b15b-76eff6c3355e at term 1 for appendEntries, leader elected after 5066ms
2024-03-04 13:00:38,633 [6bdc426a-463a-4847-89b4-5f17f88a218e-server-thread1] INFO  ratis.XceiverServerRatis (XceiverServerRatis.java:handleLeaderChangedNotification(966)) - Leader change notification received for group: group-5B8E4235484C with new leaderId: 74a0a60a-5e75-4204-b15b-76eff6c3355e
2024-03-04 13:00:38,634 [e85487f0-f005-4db6-b4de-13885556b81a-server-thread2] INFO  server.RaftServer$Division (ServerState.java:setRaftConf(386)) - e85487f0-f005-4db6-b4de-13885556b81a@group-5B8E4235484C: set configuration 0: peers:[e85487f0-f005-4db6-b4de-13885556b81a|10.1.0.12:15203, 74a0a60a-5e75-4204-b15b-76eff6c3355e|10.1.0.12:15194, 6bdc426a-463a-4847-89b4-5f17f88a218e|10.1.0.12:15212]|listeners:[], old=null
2024-03-04 13:00:38,634 [6bdc426a-463a-4847-89b4-5f17f88a218e-server-thread1] INFO  server.RaftServer$Division (ServerState.java:setLeader(269)) - 6bdc426a-463a-4847-89b4-5f17f88a218e@group-5B8E4235484C: change Leader from null to 74a0a60a-5e75-4204-b15b-76eff6c3355e at term 1 for appendEntries, leader elected after 5104ms
2024-03-04 13:00:38,634 [e85487f0-f005-4db6-b4de-13885556b81a-server-thread2] INFO  segmented.SegmentedRaftLogWorker (SegmentedRaftLogWorker.java:startLogSegment(430)) - e85487f0-f005-4db6-b4de-13885556b81a@group-5B8E4235484C-SegmentedRaftLogWorker: Starting segment from index:0
2024-03-04 13:00:38,634 [6bdc426a-463a-4847-89b4-5f17f88a218e-server-thread1] INFO  server.RaftServer$Division (ServerState.java:setRaftConf(386)) - 6bdc426a-463a-4847-89b4-5f17f88a218e@group-5B8E4235484C: set configuration 0: peers:[e85487f0-f005-4db6-b4de-13885556b81a|10.1.0.12:15203, 74a0a60a-5e75-4204-b15b-76eff6c3355e|10.1.0.12:15194, 6bdc426a-463a-4847-89b4-5f17f88a218e|10.1.0.12:15212]|listeners:[], old=null
2024-03-04 13:00:38,635 [6bdc426a-463a-4847-89b4-5f17f88a218e-server-thread1] INFO  segmented.SegmentedRaftLogWorker (SegmentedRaftLogWorker.java:startLogSegment(430)) - 6bdc426a-463a-4847-89b4-5f17f88a218e@group-5B8E4235484C-SegmentedRaftLogWorker: Starting segment from index:0
2024-03-04 13:00:38,636 [6bdc426a-463a-4847-89b4-5f17f88a218e@group-5B8E4235484C-SegmentedRaftLogWorker] INFO  segmented.BufferedWriteChannel (BufferedWriteChannel.java:open(62)) - open log_inprogress_0 at position 0
2024-03-04 13:00:38,637 [e85487f0-f005-4db6-b4de-13885556b81a@group-5B8E4235484C-SegmentedRaftLogWorker] INFO  segmented.BufferedWriteChannel (BufferedWriteChannel.java:open(62)) - open log_inprogress_0 at position 0
2024-03-04 13:00:38,647 [6bdc426a-463a-4847-89b4-5f17f88a218e@group-5B8E4235484C-SegmentedRaftLogWorker] INFO  segmented.SegmentedRaftLogWorker (SegmentedRaftLogWorker.java:execute(634)) - 6bdc426a-463a-4847-89b4-5f17f88a218e@group-5B8E4235484C-SegmentedRaftLogWorker: created new log segment /home/runner/work/ozone/ozone/hadoop-ozone/integration-test/target/test-dir/MiniOzoneClusterImpl-42dd095f-3e4b-4e15-bcdd-4f5539ea9781/ozone-meta/datanode-3/ratis/5e34f4a7-7c82-412d-8f11-5b8e4235484c/current/log_inprogress_0
2024-03-04 13:00:38,647 [e85487f0-f005-4db6-b4de-13885556b81a@group-5B8E4235484C-SegmentedRaftLogWorker] INFO  segmented.SegmentedRaftLogWorker (SegmentedRaftLogWorker.java:execute(634)) - e85487f0-f005-4db6-b4de-13885556b81a@group-5B8E4235484C-SegmentedRaftLogWorker: created new log segment /home/runner/work/ozone/ozone/hadoop-ozone/integration-test/target/test-dir/MiniOzoneClusterImpl-42dd095f-3e4b-4e15-bcdd-4f5539ea9781/ozone-meta/datanode-2/ratis/5e34f4a7-7c82-412d-8f11-5b8e4235484c/current/log_inprogress_0
2024-03-04 13:00:38,648 [74a0a60a-5e75-4204-b15b-76eff6c3355e@group-5B8E4235484C-StateMachineUpdater] INFO  server.RaftServer$Division (LeaderStateImpl.java:isApplied(320)) - leader is ready since appliedIndex == 0 >= startIndex == 0
2024-03-04 13:00:38,649 [main] INFO  ozone.MiniOzoneClusterImpl (MiniOzoneClusterImpl.java:lambda$waitForClusterToBeReady$0(194)) - Nodes are ready. Got 3 of 3 DN Heartbeats.
2024-03-04 13:00:38,649 [main] INFO  ozone.MiniOzoneClusterImpl (MiniOzoneClusterImpl.java:lambda$waitForClusterToBeReady$0(197)) - Cluster exits safe mode
2024-03-04 13:00:38,649 [main] INFO  ozone.MiniOzoneClusterImpl (MiniOzoneClusterImpl.java:lambda$waitForClusterToBeReady$0(199)) - SCM became leader
2024-03-04 13:00:38,650 [main] INFO  protocolPB.OmTransportFactory (OmTransportFactory.java:createFactory(62)) - Loading OM transport implementation org.apache.hadoop.ozone.om.protocolPB.Hadoop3OmTransportFactory as specified by configuration.
2024-03-04 13:00:38,657 [main] INFO  om.TestOzoneManagerPrepare (TestOzoneManagerPrepare.java:setup(101)) - Waiting for OM leader election
2024-03-04 13:00:38,662 [omNode-1-OMStateMachineApplyTransactionThread - 0] INFO  upgrade.OMCancelPrepareRequest (OMCancelPrepareRequest.java:validateAndUpdateCache(54)) - OM omNode-1 Received cancel prepare request with log (t:1, i:1)
2024-03-04 13:00:38,662 [omNode-2-OMStateMachineApplyTransactionThread - 0] INFO  upgrade.OMCancelPrepareRequest (OMCancelPrepareRequest.java:validateAndUpdateCache(54)) - OM omNode-2 Received cancel prepare request with log (t:1, i:1)
2024-03-04 13:00:38,662 [omNode-1-OMStateMachineApplyTransactionThread - 0] INFO  upgrade.OMCancelPrepareRequest (OMCancelPrepareRequest.java:validateAndUpdateCache(82)) - OM omNode-1 prepare state cancelled at log (t:1, i:1). Returning response 
2024-03-04 13:00:38,664 [omNode-2-OMStateMachineApplyTransactionThread - 0] INFO  upgrade.OMCancelPrepareRequest (OMCancelPrepareRequest.java:validateAndUpdateCache(82)) - OM omNode-2 prepare state cancelled at log (t:1, i:1). Returning response 
2024-03-04 13:00:38,670 [omNode-3-OMStateMachineApplyTransactionThread - 0] INFO  upgrade.OMCancelPrepareRequest (OMCancelPrepareRequest.java:validateAndUpdateCache(54)) - OM omNode-3 Received cancel prepare request with log (t:1, i:1)
2024-03-04 13:00:38,673 [omNode-3-OMStateMachineApplyTransactionThread - 0] INFO  upgrade.OMCancelPrepareRequest (OMCancelPrepareRequest.java:validateAndUpdateCache(82)) - OM omNode-3 prepare state cancelled at log (t:1, i:1). Returning response 
2024-03-04 13:00:38,674 [main] INFO  rpc.RpcClient (RpcClient.java:createVolume(466)) - Creating Volume: vol, with runner as owner and space quota set to -1 bytes, counts quota set to -1
2024-03-04 13:00:38,676 [omNode-1-OMStateMachineApplyTransactionThread - 0] INFO  volume.OMVolumeCreateRequest (OMVolumeCreateRequest.java:validateAndUpdateCache(198)) - created volume:vol for user:runner
2024-03-04 13:00:38,677 [omNode-2-OMStateMachineApplyTransactionThread - 0] INFO  volume.OMVolumeCreateRequest (OMVolumeCreateRequest.java:validateAndUpdateCache(198)) - created volume:vol for user:runner
2024-03-04 13:00:38,681 [omNode-3-OMStateMachineApplyTransactionThread - 0] INFO  volume.OMVolumeCreateRequest (OMVolumeCreateRequest.java:validateAndUpdateCache(198)) - created volume:vol for user:runner
2024-03-04 13:00:38,683 [main] INFO  rpc.RpcClient (RpcClient.java:createVolume(466)) - Creating Volume: volumee7a0d03a-f9e0-4e8a-9a9e-0c0fb0847ead, with runner as owner and space quota set to -1 bytes, counts quota set to -1
2024-03-04 13:00:38,690 [omNode-1-OMStateMachineApplyTransactionThread - 0] INFO  volume.OMVolumeCreateRequest (OMVolumeCreateRequest.java:validateAndUpdateCache(198)) - created volume:volumee7a0d03a-f9e0-4e8a-9a9e-0c0fb0847ead for user:runner
2024-03-04 13:00:38,691 [omNode-2-OMStateMachineApplyTransactionThread - 0] INFO  volume.OMVolumeCreateRequest (OMVolumeCreateRequest.java:validateAndUpdateCache(198)) - created volume:volumee7a0d03a-f9e0-4e8a-9a9e-0c0fb0847ead for user:runner
2024-03-04 13:00:38,691 [omNode-3-OMStateMachineApplyTransactionThread - 0] INFO  volume.OMVolumeCreateRequest (OMVolumeCreateRequest.java:validateAndUpdateCache(198)) - created volume:volumee7a0d03a-f9e0-4e8a-9a9e-0c0fb0847ead for user:runner
2024-03-04 13:00:38,693 [main] INFO  rpc.RpcClient (RpcClient.java:createBucket(692)) - Creating Bucket: volumee7a0d03a-f9e0-4e8a-9a9e-0c0fb0847ead/bucket, with server-side default bucket layout, runner as owner, Versioning false, Storage Type set to DISK and Encryption set to false, Replication Type set to server-side default replication type, Namespace Quota set to -1, Space Quota set to -1 
2024-03-04 13:00:38,695 [omNode-1-OMStateMachineApplyTransactionThread - 0] INFO  bucket.OMBucketCreateRequest (OMBucketCreateRequest.java:validateAndUpdateCache(292)) - created bucket: bucket of layout OBJECT_STORE in volume: volumee7a0d03a-f9e0-4e8a-9a9e-0c0fb0847ead
2024-03-04 13:00:38,696 [omNode-3-OMStateMachineApplyTransactionThread - 0] INFO  bucket.OMBucketCreateRequest (OMBucketCreateRequest.java:validateAndUpdateCache(292)) - created bucket: bucket of layout OBJECT_STORE in volume: volumee7a0d03a-f9e0-4e8a-9a9e-0c0fb0847ead
2024-03-04 13:00:38,696 [omNode-2-OMStateMachineApplyTransactionThread - 0] INFO  bucket.OMBucketCreateRequest (OMBucketCreateRequest.java:validateAndUpdateCache(292)) - created bucket: bucket of layout OBJECT_STORE in volume: volumee7a0d03a-f9e0-4e8a-9a9e-0c0fb0847ead
2024-03-04 13:00:38,709 [IPC Server handler 4 on default port 15173] INFO  ha.SequenceIdGenerator (SequenceIdGenerator.java:getNextId(145)) - Allocate a batch for containerId, change lastId from 0 to 1000.
2024-03-04 13:00:38,709 [IPC Server handler 4 on default port 15173] WARN  ha.SequenceIdGenerator (SequenceIdGenerator.java:allocateBatch(258)) - Failed to allocate a batch for localId, expected lastId is 0, actual lastId is 113750153625600000.
2024-03-04 13:00:38,710 [IPC Server handler 4 on default port 15173] INFO  ha.SequenceIdGenerator (SequenceIdGenerator.java:getNextId(145)) - Allocate a batch for localId, change lastId from 113750153625600000 to 113750153625601000.
2024-03-04 13:00:38,714 [e85487f0-f005-4db6-b4de-13885556b81a@group-0FDD3D94F0F0-FollowerState] INFO  impl.FollowerState (FollowerState.java:run(143)) - e85487f0-f005-4db6-b4de-13885556b81a@group-0FDD3D94F0F0-FollowerState: change to CANDIDATE, lastRpcElapsedTime:5098050350ns, electionTimeout:5092ms
2024-03-04 13:00:38,714 [e85487f0-f005-4db6-b4de-13885556b81a@group-0FDD3D94F0F0-FollowerState] INFO  impl.RoleInfo (RoleInfo.java:shutdownFollowerState(110)) - e85487f0-f005-4db6-b4de-13885556b81a: shutdown e85487f0-f005-4db6-b4de-13885556b81a@group-0FDD3D94F0F0-FollowerState
2024-03-04 13:00:38,714 [e85487f0-f005-4db6-b4de-13885556b81a@group-0FDD3D94F0F0-FollowerState] INFO  server.RaftServer$Division (RaftServerImpl.java:setRole(383)) - e85487f0-f005-4db6-b4de-13885556b81a@group-0FDD3D94F0F0: changes role from  FOLLOWER to CANDIDATE at term 0 for changeToCandidate
2024-03-04 13:00:38,714 [e85487f0-f005-4db6-b4de-13885556b81a@group-0FDD3D94F0F0-FollowerState] INFO  server.RaftServerConfigKeys (ConfUtils.java:logGet(46)) - raft.server.leaderelection.pre-vote = true (default)
2024-03-04 13:00:38,714 [e85487f0-f005-4db6-b4de-13885556b81a@group-0FDD3D94F0F0-FollowerState] INFO  impl.RoleInfo (RoleInfo.java:updateAndGet(139)) - e85487f0-f005-4db6-b4de-13885556b81a: start e85487f0-f005-4db6-b4de-13885556b81a@group-0FDD3D94F0F0-LeaderElection44
2024-03-04 13:00:38,717 [e85487f0-f005-4db6-b4de-13885556b81a@group-0FDD3D94F0F0-LeaderElection44] INFO  impl.LeaderElection (LeaderElection.java:askForVotes(321)) - e85487f0-f005-4db6-b4de-13885556b81a@group-0FDD3D94F0F0-LeaderElection44 PRE_VOTE round 0: submit vote requests at term 0 for -1: peers:[e85487f0-f005-4db6-b4de-13885556b81a|10.1.0.12:15203]|listeners:[], old=null
2024-03-04 13:00:38,717 [e85487f0-f005-4db6-b4de-13885556b81a@group-0FDD3D94F0F0-LeaderElection44] INFO  impl.LeaderElection (LeaderElection.java:askForVotes(323)) - e85487f0-f005-4db6-b4de-13885556b81a@group-0FDD3D94F0F0-LeaderElection44 PRE_VOTE round 0: result PASSED (term=0)
2024-03-04 13:00:38,720 [e85487f0-f005-4db6-b4de-13885556b81a@group-0FDD3D94F0F0-LeaderElection44] INFO  impl.LeaderElection (LeaderElection.java:askForVotes(321)) - e85487f0-f005-4db6-b4de-13885556b81a@group-0FDD3D94F0F0-LeaderElection44 ELECTION round 0: submit vote requests at term 1 for -1: peers:[e85487f0-f005-4db6-b4de-13885556b81a|10.1.0.12:15203]|listeners:[], old=null
2024-03-04 13:00:38,720 [e85487f0-f005-4db6-b4de-13885556b81a@group-0FDD3D94F0F0-LeaderElection44] INFO  impl.LeaderElection (LeaderElection.java:askForVotes(323)) - e85487f0-f005-4db6-b4de-13885556b81a@group-0FDD3D94F0F0-LeaderElection44 ELECTION round 0: result PASSED (term=1)
2024-03-04 13:00:38,720 [e85487f0-f005-4db6-b4de-13885556b81a@group-0FDD3D94F0F0-LeaderElection44] INFO  impl.RoleInfo (RoleInfo.java:shutdownLeaderElection(130)) - e85487f0-f005-4db6-b4de-13885556b81a: shutdown e85487f0-f005-4db6-b4de-13885556b81a@group-0FDD3D94F0F0-LeaderElection44
2024-03-04 13:00:38,720 [e85487f0-f005-4db6-b4de-13885556b81a@group-0FDD3D94F0F0-LeaderElection44] INFO  server.RaftServer$Division (RaftServerImpl.java:setRole(383)) - e85487f0-f005-4db6-b4de-13885556b81a@group-0FDD3D94F0F0: changes role from CANDIDATE to LEADER at term 1 for changeToLeader
2024-03-04 13:00:38,720 [e85487f0-f005-4db6-b4de-13885556b81a@group-0FDD3D94F0F0-LeaderElection44] INFO  server.RaftServerConfigKeys (ConfUtils.java:logGet(46)) - raft.server.staging.catchup.gap = 1000 (default)
2024-03-04 13:00:38,720 [e85487f0-f005-4db6-b4de-13885556b81a@group-0FDD3D94F0F0-LeaderElection44] INFO  server.RaftServerConfigKeys (ConfUtils.java:logGet(46)) - raft.server.write.element-limit = 1024 (custom)
2024-03-04 13:00:38,720 [e85487f0-f005-4db6-b4de-13885556b81a@group-0FDD3D94F0F0-LeaderElection44] INFO  server.RaftServerConfigKeys (ConfUtils.java:logGet(46)) - raft.server.write.byte-limit = 1024 M (=1073741824) (custom)
2024-03-04 13:00:38,720 [e85487f0-f005-4db6-b4de-13885556b81a@group-0FDD3D94F0F0-LeaderElection44] INFO  server.RaftServerConfigKeys (ConfUtils.java:logGet(46)) - raft.server.watch.timeout = 180s (custom)
2024-03-04 13:00:38,720 [e85487f0-f005-4db6-b4de-13885556b81a@group-0FDD3D94F0F0-LeaderElection44] INFO  server.RaftServerConfigKeys (ConfUtils.java:logGet(46)) - raft.server.watch.timeout.denomination = 1s (default)
2024-03-04 13:00:38,720 [e85487f0-f005-4db6-b4de-13885556b81a@group-0FDD3D94F0F0-LeaderElection44] INFO  server.RaftServerConfigKeys (ConfUtils.java:logGet(46)) - raft.server.watch.element-limit = 65536 (default)
2024-03-04 13:00:38,720 [e85487f0-f005-4db6-b4de-13885556b81a@group-0FDD3D94F0F0-LeaderElection44] INFO  server.RaftServerConfigKeys (ConfUtils.java:logGet(46)) - raft.server.read.leader.lease.enabled = false (default)
2024-03-04 13:00:38,721 [e85487f0-f005-4db6-b4de-13885556b81a@group-0FDD3D94F0F0-LeaderElection44] INFO  server.RaftServerConfigKeys (ConfUtils.java:logGet(46)) - raft.server.read.leader.lease.timeout.ratio = 0.9 (default)
2024-03-04 13:00:38,721 [e85487f0-f005-4db6-b4de-13885556b81a@group-0FDD3D94F0F0-LeaderElection44] INFO  server.RaftServerConfigKeys (ConfUtils.java:logGet(46)) - raft.server.rpc.timeout.min = 5s (custom)
2024-03-04 13:00:38,721 [e85487f0-f005-4db6-b4de-13885556b81a@group-0FDD3D94F0F0-LeaderElection44] INFO  server.RaftServerConfigKeys (ConfUtils.java:logGet(46)) - raft.server.write.element-limit = 1024 (custom)
2024-03-04 13:00:38,721 [e85487f0-f005-4db6-b4de-13885556b81a@group-0FDD3D94F0F0-LeaderElection44] INFO  server.RaftServerConfigKeys (ConfUtils.java:logGet(46)) - raft.server.write.follower.gap.ratio.max = -1.0 (default)
2024-03-04 13:00:38,721 [e85487f0-f005-4db6-b4de-13885556b81a@group-0FDD3D94F0F0-LeaderElection44] INFO  impl.RoleInfo (RoleInfo.java:updateAndGet(139)) - e85487f0-f005-4db6-b4de-13885556b81a: start e85487f0-f005-4db6-b4de-13885556b81a@group-0FDD3D94F0F0-LeaderStateImpl
2024-03-04 13:00:38,721 [e85487f0-f005-4db6-b4de-13885556b81a@group-0FDD3D94F0F0-LeaderElection44] INFO  server.RaftServer$Division (RaftServerImpl.java:setFirstElection(574)) - e85487f0-f005-4db6-b4de-13885556b81a@group-0FDD3D94F0F0: set firstElectionSinceStartup to false for becomeLeader
2024-03-04 13:00:38,721 [e85487f0-f005-4db6-b4de-13885556b81a@group-0FDD3D94F0F0-LeaderElection44] INFO  ratis.XceiverServerRatis (XceiverServerRatis.java:handleLeaderChangedNotification(966)) - Leader change notification received for group: group-0FDD3D94F0F0 with new leaderId: e85487f0-f005-4db6-b4de-13885556b81a
2024-03-04 13:00:38,721 [e85487f0-f005-4db6-b4de-13885556b81a@group-0FDD3D94F0F0-LeaderElection44] INFO  server.RaftServer$Division (ServerState.java:setLeader(269)) - e85487f0-f005-4db6-b4de-13885556b81a@group-0FDD3D94F0F0: change Leader from null to e85487f0-f005-4db6-b4de-13885556b81a at term 1 for becomeLeader, leader elected after 5151ms
2024-03-04 13:00:38,721 [e85487f0-f005-4db6-b4de-13885556b81a@group-0FDD3D94F0F0-LeaderElection44] INFO  segmented.SegmentedRaftLogWorker (SegmentedRaftLogWorker.java:startLogSegment(430)) - e85487f0-f005-4db6-b4de-13885556b81a@group-0FDD3D94F0F0-SegmentedRaftLogWorker: Starting segment from index:0
2024-03-04 13:00:38,721 [e85487f0-f005-4db6-b4de-13885556b81a@group-0FDD3D94F0F0-SegmentedRaftLogWorker] INFO  segmented.BufferedWriteChannel (BufferedWriteChannel.java:open(62)) - open log_inprogress_0 at position 0
2024-03-04 13:00:38,729 [e85487f0-f005-4db6-b4de-13885556b81a@group-0FDD3D94F0F0-LeaderElection44] INFO  server.RaftServer$Division (ServerState.java:setRaftConf(386)) - e85487f0-f005-4db6-b4de-13885556b81a@group-0FDD3D94F0F0: set configuration 0: peers:[e85487f0-f005-4db6-b4de-13885556b81a|10.1.0.12:15203]|listeners:[], old=null
2024-03-04 13:00:38,730 [e85487f0-f005-4db6-b4de-13885556b81a@group-0FDD3D94F0F0-SegmentedRaftLogWorker] INFO  segmented.SegmentedRaftLogWorker (SegmentedRaftLogWorker.java:execute(634)) - e85487f0-f005-4db6-b4de-13885556b81a@group-0FDD3D94F0F0-SegmentedRaftLogWorker: created new log segment /home/runner/work/ozone/ozone/hadoop-ozone/integration-test/target/test-dir/MiniOzoneClusterImpl-42dd095f-3e4b-4e15-bcdd-4f5539ea9781/ozone-meta/datanode-2/ratis/e3ade89d-f622-4eb6-94c0-0fdd3d94f0f0/current/log_inprogress_0
2024-03-04 13:00:38,732 [e85487f0-f005-4db6-b4de-13885556b81a@group-0FDD3D94F0F0-StateMachineUpdater] INFO  server.RaftServer$Division (LeaderStateImpl.java:isApplied(320)) - leader is ready since appliedIndex == 0 >= startIndex == 0
2024-03-04 13:00:38,735 [grpc-default-executor-2] ERROR impl.OrderedAsync (OrderedAsync.java:lambda$sendRequest$9(247)) - client-988515DFA223: Failed* RaftClientRequest:client-988515DFA223->e85487f0-f005-4db6-b4de-13885556b81a@group-0FDD3D94F0F0, cid=221, seq=1*, Watch(0), null
java.util.concurrent.CompletionException: org.apache.ratis.protocol.exceptions.LeaderNotReadyException: e85487f0-f005-4db6-b4de-13885556b81a@group-0FDD3D94F0F0 is in LEADER state but not ready yet.
	at java.util.concurrent.CompletableFuture.encodeThrowable(CompletableFuture.java:292)
	at java.util.concurrent.CompletableFuture.completeThrowable(CompletableFuture.java:308)
	at java.util.concurrent.CompletableFuture.uniApply(CompletableFuture.java:607)
	at java.util.concurrent.CompletableFuture$UniApply.tryFire(CompletableFuture.java:591)
	at java.util.concurrent.CompletableFuture.postComplete(CompletableFuture.java:488)
	at java.util.concurrent.CompletableFuture.completeExceptionally(CompletableFuture.java:1990)
	at org.apache.ratis.grpc.client.GrpcClientProtocolClient$AsyncStreamObservers.completeReplyExceptionally(GrpcClientProtocolClient.java:394)
	at org.apache.ratis.grpc.client.GrpcClientProtocolClient$AsyncStreamObservers.access$000(GrpcClientProtocolClient.java:300)
	at org.apache.ratis.grpc.client.GrpcClientProtocolClient$AsyncStreamObservers$1.onNext(GrpcClientProtocolClient.java:319)
	at org.apache.ratis.grpc.client.GrpcClientProtocolClient$AsyncStreamObservers$1.onNext(GrpcClientProtocolClient.java:305)
	at org.apache.ratis.thirdparty.io.grpc.stub.ClientCalls$StreamObserverToCallListenerAdapter.onMessage(ClientCalls.java:468)
	at org.apache.ratis.thirdparty.io.grpc.ForwardingClientCallListener.onMessage(ForwardingClientCallListener.java:33)
	at org.apache.ratis.thirdparty.io.grpc.internal.DelayedClientCall$DelayedListener.onMessage(DelayedClientCall.java:473)
	at org.apache.ratis.thirdparty.io.grpc.internal.ClientCallImpl$ClientStreamListenerImpl$1MessagesAvailable.runInternal(ClientCallImpl.java:660)
	at org.apache.ratis.thirdparty.io.grpc.internal.ClientCallImpl$ClientStreamListenerImpl$1MessagesAvailable.runInContext(ClientCallImpl.java:647)
	at org.apache.ratis.thirdparty.io.grpc.internal.ContextRunnable.run(ContextRunnable.java:37)
	at org.apache.ratis.thirdparty.io.grpc.internal.SerializingExecutor.run(SerializingExecutor.java:133)
	at java.util.concurrent.ThreadPoolExecutor.runWorker(ThreadPoolExecutor.java:1149)
	at java.util.concurrent.ThreadPoolExecutor$Worker.run(ThreadPoolExecutor.java:624)
	at java.lang.Thread.run(Thread.java:750)
Caused by: org.apache.ratis.protocol.exceptions.LeaderNotReadyException: e85487f0-f005-4db6-b4de-13885556b81a@group-0FDD3D94F0F0 is in LEADER state but not ready yet.
	at org.apache.ratis.client.impl.ClientProtoUtils.toRaftClientReply(ClientProtoUtils.java:407)
	at org.apache.ratis.grpc.client.GrpcClientProtocolClient$AsyncStreamObservers$1.onNext(GrpcClientProtocolClient.java:310)
	... 11 more
2024-03-04 13:00:38,752 [74a0a60a-5e75-4204-b15b-76eff6c3355e@group-A5D76BF4DFFC-FollowerState] INFO  impl.FollowerState (FollowerState.java:run(143)) - 74a0a60a-5e75-4204-b15b-76eff6c3355e@group-A5D76BF4DFFC-FollowerState: change to CANDIDATE, lastRpcElapsedTime:5137246947ns, electionTimeout:5136ms
2024-03-04 13:00:38,752 [74a0a60a-5e75-4204-b15b-76eff6c3355e@group-A5D76BF4DFFC-FollowerState] INFO  impl.RoleInfo (RoleInfo.java:shutdownFollowerState(110)) - 74a0a60a-5e75-4204-b15b-76eff6c3355e: shutdown 74a0a60a-5e75-4204-b15b-76eff6c3355e@group-A5D76BF4DFFC-FollowerState
2024-03-04 13:00:38,752 [74a0a60a-5e75-4204-b15b-76eff6c3355e@group-A5D76BF4DFFC-FollowerState] INFO  server.RaftServer$Division (RaftServerImpl.java:setRole(383)) - 74a0a60a-5e75-4204-b15b-76eff6c3355e@group-A5D76BF4DFFC: changes role from  FOLLOWER to CANDIDATE at term 0 for changeToCandidate
2024-03-04 13:00:38,752 [74a0a60a-5e75-4204-b15b-76eff6c3355e@group-A5D76BF4DFFC-FollowerState] INFO  server.RaftServerConfigKeys (ConfUtils.java:logGet(46)) - raft.server.leaderelection.pre-vote = true (default)
2024-03-04 13:00:38,752 [74a0a60a-5e75-4204-b15b-76eff6c3355e@group-A5D76BF4DFFC-FollowerState] INFO  impl.RoleInfo (RoleInfo.java:updateAndGet(139)) - 74a0a60a-5e75-4204-b15b-76eff6c3355e: start 74a0a60a-5e75-4204-b15b-76eff6c3355e@group-A5D76BF4DFFC-LeaderElection45
2024-03-04 13:00:38,753 [74a0a60a-5e75-4204-b15b-76eff6c3355e@group-A5D76BF4DFFC-LeaderElection45] INFO  impl.LeaderElection (LeaderElection.java:askForVotes(321)) - 74a0a60a-5e75-4204-b15b-76eff6c3355e@group-A5D76BF4DFFC-LeaderElection45 PRE_VOTE round 0: submit vote requests at term 0 for -1: peers:[e85487f0-f005-4db6-b4de-13885556b81a|10.1.0.12:15203, 74a0a60a-5e75-4204-b15b-76eff6c3355e|10.1.0.12:15194, 6bdc426a-463a-4847-89b4-5f17f88a218e|10.1.0.12:15212]|listeners:[], old=null
2024-03-04 13:00:38,753 [74a0a60a-5e75-4204-b15b-76eff6c3355e@group-A5D76BF4DFFC-LeaderElection45] INFO  server.RaftServerConfigKeys (ConfUtils.java:logFallback(53)) - raft.server.rpc.first-election.timeout.min = 5s (fallback to raft.server.rpc.timeout.min)
2024-03-04 13:00:38,754 [74a0a60a-5e75-4204-b15b-76eff6c3355e@group-A5D76BF4DFFC-LeaderElection45] INFO  server.RaftServerConfigKeys (ConfUtils.java:logFallback(53)) - raft.server.rpc.first-election.timeout.max = 5200ms (fallback to raft.server.rpc.timeout.max)
2024-03-04 13:00:38,754 [grpc-default-executor-2] INFO  server.RaftServer$Division (RaftServerImpl.java:requestVote(1389)) - e85487f0-f005-4db6-b4de-13885556b81a@group-A5D76BF4DFFC: receive requestVote(PRE_VOTE, 74a0a60a-5e75-4204-b15b-76eff6c3355e, group-A5D76BF4DFFC, 0, (t:0, i:0))
2024-03-04 13:00:38,754 [grpc-default-executor-4] INFO  server.RaftServer$Division (RaftServerImpl.java:requestVote(1389)) - 6bdc426a-463a-4847-89b4-5f17f88a218e@group-A5D76BF4DFFC: receive requestVote(PRE_VOTE, 74a0a60a-5e75-4204-b15b-76eff6c3355e, group-A5D76BF4DFFC, 0, (t:0, i:0))
2024-03-04 13:00:38,754 [grpc-default-executor-2] INFO  impl.VoteContext (VoteContext.java:log(49)) - e85487f0-f005-4db6-b4de-13885556b81a@group-A5D76BF4DFFC-FOLLOWER: accept PRE_VOTE from 74a0a60a-5e75-4204-b15b-76eff6c3355e: our priority 0 <= candidate's priority 0
2024-03-04 13:00:38,755 [grpc-default-executor-4] INFO  impl.VoteContext (VoteContext.java:log(49)) - 6bdc426a-463a-4847-89b4-5f17f88a218e@group-A5D76BF4DFFC-FOLLOWER: reject PRE_VOTE from 74a0a60a-5e75-4204-b15b-76eff6c3355e: our priority 1 > candidate's priority 0
2024-03-04 13:00:38,755 [grpc-default-executor-2] INFO  server.RaftServer$Division (RaftServerImpl.java:requestVote(1422)) - e85487f0-f005-4db6-b4de-13885556b81a@group-A5D76BF4DFFC replies to PRE_VOTE vote request: 74a0a60a-5e75-4204-b15b-76eff6c3355e<-e85487f0-f005-4db6-b4de-13885556b81a#0:OK-t0. Peer's state: e85487f0-f005-4db6-b4de-13885556b81a@group-A5D76BF4DFFC:t0, leader=null, voted=, raftlog=Memoized:e85487f0-f005-4db6-b4de-13885556b81a@group-A5D76BF4DFFC-SegmentedRaftLog:OPENED:c-1, conf=-1: peers:[e85487f0-f005-4db6-b4de-13885556b81a|10.1.0.12:15203, 74a0a60a-5e75-4204-b15b-76eff6c3355e|10.1.0.12:15194, 6bdc426a-463a-4847-89b4-5f17f88a218e|10.1.0.12:15212]|listeners:[], old=null
2024-03-04 13:00:38,755 [grpc-default-executor-4] INFO  server.RaftServer$Division (RaftServerImpl.java:requestVote(1422)) - 6bdc426a-463a-4847-89b4-5f17f88a218e@group-A5D76BF4DFFC replies to PRE_VOTE vote request: 74a0a60a-5e75-4204-b15b-76eff6c3355e<-6bdc426a-463a-4847-89b4-5f17f88a218e#0:FAIL-t0. Peer's state: 6bdc426a-463a-4847-89b4-5f17f88a218e@group-A5D76BF4DFFC:t0, leader=null, voted=, raftlog=Memoized:6bdc426a-463a-4847-89b4-5f17f88a218e@group-A5D76BF4DFFC-SegmentedRaftLog:OPENED:c-1, conf=-1: peers:[e85487f0-f005-4db6-b4de-13885556b81a|10.1.0.12:15203, 74a0a60a-5e75-4204-b15b-76eff6c3355e|10.1.0.12:15194, 6bdc426a-463a-4847-89b4-5f17f88a218e|10.1.0.12:15212]|listeners:[], old=null
2024-03-04 13:00:38,755 [74a0a60a-5e75-4204-b15b-76eff6c3355e@group-A5D76BF4DFFC-LeaderElection45] INFO  impl.LeaderElection (LeaderElection.java:logAndReturn(89)) - 74a0a60a-5e75-4204-b15b-76eff6c3355e@group-A5D76BF4DFFC-LeaderElection45: PRE_VOTE REJECTED received 2 response(s) and 0 exception(s):
2024-03-04 13:00:38,755 [74a0a60a-5e75-4204-b15b-76eff6c3355e@group-A5D76BF4DFFC-LeaderElection45] INFO  impl.LeaderElection (LeaderElection.java:logAndReturn(93)) -   Response 0: 74a0a60a-5e75-4204-b15b-76eff6c3355e<-e85487f0-f005-4db6-b4de-13885556b81a#0:OK-t0
2024-03-04 13:00:38,755 [74a0a60a-5e75-4204-b15b-76eff6c3355e@group-A5D76BF4DFFC-LeaderElection45] INFO  impl.LeaderElection (LeaderElection.java:logAndReturn(93)) -   Response 1: 74a0a60a-5e75-4204-b15b-76eff6c3355e<-6bdc426a-463a-4847-89b4-5f17f88a218e#0:FAIL-t0
2024-03-04 13:00:38,755 [74a0a60a-5e75-4204-b15b-76eff6c3355e@group-A5D76BF4DFFC-LeaderElection45] INFO  impl.LeaderElection (LeaderElection.java:askForVotes(323)) - 74a0a60a-5e75-4204-b15b-76eff6c3355e@group-A5D76BF4DFFC-LeaderElection45 PRE_VOTE round 0: result REJECTED
2024-03-04 13:00:38,755 [74a0a60a-5e75-4204-b15b-76eff6c3355e@group-A5D76BF4DFFC-LeaderElection45] INFO  server.RaftServer$Division (RaftServerImpl.java:setRole(383)) - 74a0a60a-5e75-4204-b15b-76eff6c3355e@group-A5D76BF4DFFC: changes role from CANDIDATE to FOLLOWER at term 0 for REJECTED
2024-03-04 13:00:38,755 [74a0a60a-5e75-4204-b15b-76eff6c3355e@group-A5D76BF4DFFC-LeaderElection45] INFO  impl.RoleInfo (RoleInfo.java:shutdownLeaderElection(130)) - 74a0a60a-5e75-4204-b15b-76eff6c3355e: shutdown 74a0a60a-5e75-4204-b15b-76eff6c3355e@group-A5D76BF4DFFC-LeaderElection45
2024-03-04 13:00:38,755 [74a0a60a-5e75-4204-b15b-76eff6c3355e@group-A5D76BF4DFFC-LeaderElection45] INFO  impl.RoleInfo (RoleInfo.java:updateAndGet(139)) - 74a0a60a-5e75-4204-b15b-76eff6c3355e: start 74a0a60a-5e75-4204-b15b-76eff6c3355e@group-A5D76BF4DFFC-FollowerState
2024-03-04 13:00:38,755 [74a0a60a-5e75-4204-b15b-76eff6c3355e@group-A5D76BF4DFFC-LeaderElection45] INFO  server.RaftServer$Division (RaftServerImpl.java:setFirstElection(574)) - 74a0a60a-5e75-4204-b15b-76eff6c3355e@group-A5D76BF4DFFC: set firstElectionSinceStartup to false for REJECTED
2024-03-04 13:00:38,764 [e85487f0-f005-4db6-b4de-13885556b81a@group-A5D76BF4DFFC-FollowerState] INFO  server.RaftServerConfigKeys (ConfUtils.java:logFallback(53)) - raft.server.rpc.first-election.timeout.min = 5s (fallback to raft.server.rpc.timeout.min)
2024-03-04 13:00:38,764 [e85487f0-f005-4db6-b4de-13885556b81a@group-A5D76BF4DFFC-FollowerState] INFO  server.RaftServerConfigKeys (ConfUtils.java:logFallback(53)) - raft.server.rpc.first-election.timeout.max = 5200ms (fallback to raft.server.rpc.timeout.max)
2024-03-04 13:00:38,766 [6bdc426a-463a-4847-89b4-5f17f88a218e@group-A5D76BF4DFFC-FollowerState] INFO  impl.FollowerState (FollowerState.java:run(143)) - 6bdc426a-463a-4847-89b4-5f17f88a218e@group-A5D76BF4DFFC-FollowerState: change to CANDIDATE, lastRpcElapsedTime:5076001756ns, electionTimeout:5075ms
2024-03-04 13:00:38,766 [6bdc426a-463a-4847-89b4-5f17f88a218e@group-A5D76BF4DFFC-FollowerState] INFO  impl.RoleInfo (RoleInfo.java:shutdownFollowerState(110)) - 6bdc426a-463a-4847-89b4-5f17f88a218e: shutdown 6bdc426a-463a-4847-89b4-5f17f88a218e@group-A5D76BF4DFFC-FollowerState
2024-03-04 13:00:38,766 [6bdc426a-463a-4847-89b4-5f17f88a218e@group-A5D76BF4DFFC-FollowerState] INFO  server.RaftServer$Division (RaftServerImpl.java:setRole(383)) - 6bdc426a-463a-4847-89b4-5f17f88a218e@group-A5D76BF4DFFC: changes role from  FOLLOWER to CANDIDATE at term 0 for changeToCandidate
2024-03-04 13:00:38,767 [6bdc426a-463a-4847-89b4-5f17f88a218e@group-A5D76BF4DFFC-FollowerState] INFO  server.RaftServerConfigKeys (ConfUtils.java:logGet(46)) - raft.server.leaderelection.pre-vote = true (default)
2024-03-04 13:00:38,767 [6bdc426a-463a-4847-89b4-5f17f88a218e@group-A5D76BF4DFFC-FollowerState] INFO  impl.RoleInfo (RoleInfo.java:updateAndGet(139)) - 6bdc426a-463a-4847-89b4-5f17f88a218e: start 6bdc426a-463a-4847-89b4-5f17f88a218e@group-A5D76BF4DFFC-LeaderElection46
2024-03-04 13:00:38,767 [6bdc426a-463a-4847-89b4-5f17f88a218e@group-A5D76BF4DFFC-LeaderElection46] INFO  impl.LeaderElection (LeaderElection.java:askForVotes(321)) - 6bdc426a-463a-4847-89b4-5f17f88a218e@group-A5D76BF4DFFC-LeaderElection46 PRE_VOTE round 0: submit vote requests at term 0 for -1: peers:[e85487f0-f005-4db6-b4de-13885556b81a|10.1.0.12:15203, 74a0a60a-5e75-4204-b15b-76eff6c3355e|10.1.0.12:15194, 6bdc426a-463a-4847-89b4-5f17f88a218e|10.1.0.12:15212]|listeners:[], old=null
2024-03-04 13:00:38,767 [6bdc426a-463a-4847-89b4-5f17f88a218e@group-A5D76BF4DFFC-LeaderElection46] INFO  server.RaftServerConfigKeys (ConfUtils.java:logFallback(53)) - raft.server.rpc.first-election.timeout.min = 5s (fallback to raft.server.rpc.timeout.min)
2024-03-04 13:00:38,767 [6bdc426a-463a-4847-89b4-5f17f88a218e@group-A5D76BF4DFFC-LeaderElection46] INFO  server.RaftServerConfigKeys (ConfUtils.java:logFallback(53)) - raft.server.rpc.first-election.timeout.max = 5200ms (fallback to raft.server.rpc.timeout.max)
2024-03-04 13:00:38,768 [grpc-default-executor-2] INFO  server.RaftServer$Division (RaftServerImpl.java:requestVote(1389)) - e85487f0-f005-4db6-b4de-13885556b81a@group-A5D76BF4DFFC: receive requestVote(PRE_VOTE, 6bdc426a-463a-4847-89b4-5f17f88a218e, group-A5D76BF4DFFC, 0, (t:0, i:0))
2024-03-04 13:00:38,768 [grpc-default-executor-2] INFO  impl.VoteContext (VoteContext.java:log(49)) - e85487f0-f005-4db6-b4de-13885556b81a@group-A5D76BF4DFFC-FOLLOWER: accept PRE_VOTE from 6bdc426a-463a-4847-89b4-5f17f88a218e: our priority 0 <= candidate's priority 1
2024-03-04 13:00:38,768 [grpc-default-executor-2] INFO  server.RaftServer$Division (RaftServerImpl.java:requestVote(1422)) - e85487f0-f005-4db6-b4de-13885556b81a@group-A5D76BF4DFFC replies to PRE_VOTE vote request: 6bdc426a-463a-4847-89b4-5f17f88a218e<-e85487f0-f005-4db6-b4de-13885556b81a#0:OK-t0. Peer's state: e85487f0-f005-4db6-b4de-13885556b81a@group-A5D76BF4DFFC:t0, leader=null, voted=, raftlog=Memoized:e85487f0-f005-4db6-b4de-13885556b81a@group-A5D76BF4DFFC-SegmentedRaftLog:OPENED:c-1, conf=-1: peers:[e85487f0-f005-4db6-b4de-13885556b81a|10.1.0.12:15203, 74a0a60a-5e75-4204-b15b-76eff6c3355e|10.1.0.12:15194, 6bdc426a-463a-4847-89b4-5f17f88a218e|10.1.0.12:15212]|listeners:[], old=null
2024-03-04 13:00:38,771 [6bdc426a-463a-4847-89b4-5f17f88a218e@group-A5D76BF4DFFC-LeaderElection46] INFO  impl.LeaderElection (LeaderElection.java:logAndReturn(89)) - 6bdc426a-463a-4847-89b4-5f17f88a218e@group-A5D76BF4DFFC-LeaderElection46: PRE_VOTE PASSED received 1 response(s) and 0 exception(s):
2024-03-04 13:00:38,771 [6bdc426a-463a-4847-89b4-5f17f88a218e@group-A5D76BF4DFFC-LeaderElection46] INFO  impl.LeaderElection (LeaderElection.java:logAndReturn(93)) -   Response 0: 6bdc426a-463a-4847-89b4-5f17f88a218e<-e85487f0-f005-4db6-b4de-13885556b81a#0:OK-t0
2024-03-04 13:00:38,771 [6bdc426a-463a-4847-89b4-5f17f88a218e@group-A5D76BF4DFFC-LeaderElection46] INFO  impl.LeaderElection (LeaderElection.java:askForVotes(323)) - 6bdc426a-463a-4847-89b4-5f17f88a218e@group-A5D76BF4DFFC-LeaderElection46 PRE_VOTE round 0: result PASSED
2024-03-04 13:00:38,771 [grpc-default-executor-2] INFO  server.RaftServer$Division (RaftServerImpl.java:requestVote(1389)) - 74a0a60a-5e75-4204-b15b-76eff6c3355e@group-A5D76BF4DFFC: receive requestVote(PRE_VOTE, 6bdc426a-463a-4847-89b4-5f17f88a218e, group-A5D76BF4DFFC, 0, (t:0, i:0))
2024-03-04 13:00:38,771 [grpc-default-executor-2] INFO  impl.VoteContext (VoteContext.java:log(49)) - 74a0a60a-5e75-4204-b15b-76eff6c3355e@group-A5D76BF4DFFC-FOLLOWER: accept PRE_VOTE from 6bdc426a-463a-4847-89b4-5f17f88a218e: our priority 0 <= candidate's priority 1
2024-03-04 13:00:38,771 [grpc-default-executor-2] INFO  server.RaftServer$Division (RaftServerImpl.java:requestVote(1422)) - 74a0a60a-5e75-4204-b15b-76eff6c3355e@group-A5D76BF4DFFC replies to PRE_VOTE vote request: 6bdc426a-463a-4847-89b4-5f17f88a218e<-74a0a60a-5e75-4204-b15b-76eff6c3355e#0:OK-t0. Peer's state: 74a0a60a-5e75-4204-b15b-76eff6c3355e@group-A5D76BF4DFFC:t0, leader=null, voted=, raftlog=Memoized:74a0a60a-5e75-4204-b15b-76eff6c3355e@group-A5D76BF4DFFC-SegmentedRaftLog:OPENED:c-1, conf=-1: peers:[e85487f0-f005-4db6-b4de-13885556b81a|10.1.0.12:15203, 74a0a60a-5e75-4204-b15b-76eff6c3355e|10.1.0.12:15194, 6bdc426a-463a-4847-89b4-5f17f88a218e|10.1.0.12:15212]|listeners:[], old=null
2024-03-04 13:00:38,772 [6bdc426a-463a-4847-89b4-5f17f88a218e@group-A5D76BF4DFFC-LeaderElection46] INFO  impl.LeaderElection (LeaderElection.java:askForVotes(321)) - 6bdc426a-463a-4847-89b4-5f17f88a218e@group-A5D76BF4DFFC-LeaderElection46 ELECTION round 0: submit vote requests at term 1 for -1: peers:[e85487f0-f005-4db6-b4de-13885556b81a|10.1.0.12:15203, 74a0a60a-5e75-4204-b15b-76eff6c3355e|10.1.0.12:15194, 6bdc426a-463a-4847-89b4-5f17f88a218e|10.1.0.12:15212]|listeners:[], old=null
2024-03-04 13:00:38,773 [6bdc426a-463a-4847-89b4-5f17f88a218e@group-A5D76BF4DFFC-LeaderElection46] INFO  server.RaftServerConfigKeys (ConfUtils.java:logFallback(53)) - raft.server.rpc.first-election.timeout.min = 5s (fallback to raft.server.rpc.timeout.min)
2024-03-04 13:00:38,773 [6bdc426a-463a-4847-89b4-5f17f88a218e@group-A5D76BF4DFFC-LeaderElection46] INFO  server.RaftServerConfigKeys (ConfUtils.java:logFallback(53)) - raft.server.rpc.first-election.timeout.max = 5200ms (fallback to raft.server.rpc.timeout.max)
2024-03-04 13:00:38,773 [grpc-default-executor-2] INFO  server.RaftServer$Division (RaftServerImpl.java:requestVote(1389)) - 74a0a60a-5e75-4204-b15b-76eff6c3355e@group-A5D76BF4DFFC: receive requestVote(ELECTION, 6bdc426a-463a-4847-89b4-5f17f88a218e, group-A5D76BF4DFFC, 1, (t:0, i:0))
2024-03-04 13:00:38,773 [grpc-default-executor-4] INFO  server.RaftServer$Division (RaftServerImpl.java:requestVote(1389)) - e85487f0-f005-4db6-b4de-13885556b81a@group-A5D76BF4DFFC: receive requestVote(ELECTION, 6bdc426a-463a-4847-89b4-5f17f88a218e, group-A5D76BF4DFFC, 1, (t:0, i:0))
2024-03-04 13:00:38,773 [grpc-default-executor-2] INFO  impl.VoteContext (VoteContext.java:log(49)) - 74a0a60a-5e75-4204-b15b-76eff6c3355e@group-A5D76BF4DFFC-FOLLOWER: accept ELECTION from 6bdc426a-463a-4847-89b4-5f17f88a218e: our priority 0 <= candidate's priority 1
2024-03-04 13:00:38,773 [grpc-default-executor-4] INFO  impl.VoteContext (VoteContext.java:log(49)) - e85487f0-f005-4db6-b4de-13885556b81a@group-A5D76BF4DFFC-FOLLOWER: accept ELECTION from 6bdc426a-463a-4847-89b4-5f17f88a218e: our priority 0 <= candidate's priority 1
2024-03-04 13:00:38,774 [grpc-default-executor-4] INFO  server.RaftServer$Division (RaftServerImpl.java:setRole(383)) - e85487f0-f005-4db6-b4de-13885556b81a@group-A5D76BF4DFFC: changes role from  FOLLOWER to FOLLOWER at term 1 for candidate:6bdc426a-463a-4847-89b4-5f17f88a218e
2024-03-04 13:00:38,774 [grpc-default-executor-4] INFO  impl.RoleInfo (RoleInfo.java:shutdownFollowerState(110)) - e85487f0-f005-4db6-b4de-13885556b81a: shutdown e85487f0-f005-4db6-b4de-13885556b81a@group-A5D76BF4DFFC-FollowerState
2024-03-04 13:00:38,774 [grpc-default-executor-4] INFO  impl.RoleInfo (RoleInfo.java:updateAndGet(139)) - e85487f0-f005-4db6-b4de-13885556b81a: start e85487f0-f005-4db6-b4de-13885556b81a@group-A5D76BF4DFFC-FollowerState
2024-03-04 13:00:38,773 [grpc-default-executor-2] INFO  server.RaftServer$Division (RaftServerImpl.java:setRole(383)) - 74a0a60a-5e75-4204-b15b-76eff6c3355e@group-A5D76BF4DFFC: changes role from  FOLLOWER to FOLLOWER at term 1 for candidate:6bdc426a-463a-4847-89b4-5f17f88a218e
2024-03-04 13:00:38,774 [grpc-default-executor-4] INFO  server.RaftServer$Division (RaftServerImpl.java:setFirstElection(574)) - e85487f0-f005-4db6-b4de-13885556b81a@group-A5D76BF4DFFC: set firstElectionSinceStartup to false for candidate:6bdc426a-463a-4847-89b4-5f17f88a218e
2024-03-04 13:00:38,774 [e85487f0-f005-4db6-b4de-13885556b81a@group-A5D76BF4DFFC-FollowerState] INFO  impl.FollowerState (FollowerState.java:run(152)) - e85487f0-f005-4db6-b4de-13885556b81a@group-A5D76BF4DFFC-FollowerState was interrupted
2024-03-04 13:00:38,774 [grpc-default-executor-2] INFO  impl.RoleInfo (RoleInfo.java:shutdownFollowerState(110)) - 74a0a60a-5e75-4204-b15b-76eff6c3355e: shutdown 74a0a60a-5e75-4204-b15b-76eff6c3355e@group-A5D76BF4DFFC-FollowerState
2024-03-04 13:00:38,774 [grpc-default-executor-2] INFO  impl.RoleInfo (RoleInfo.java:updateAndGet(139)) - 74a0a60a-5e75-4204-b15b-76eff6c3355e: start 74a0a60a-5e75-4204-b15b-76eff6c3355e@group-A5D76BF4DFFC-FollowerState
2024-03-04 13:00:38,774 [74a0a60a-5e75-4204-b15b-76eff6c3355e@group-A5D76BF4DFFC-FollowerState] INFO  impl.FollowerState (FollowerState.java:run(152)) - 74a0a60a-5e75-4204-b15b-76eff6c3355e@group-A5D76BF4DFFC-FollowerState was interrupted
2024-03-04 13:00:38,775 [grpc-default-executor-4] INFO  server.RaftServer$Division (RaftServerImpl.java:requestVote(1422)) - e85487f0-f005-4db6-b4de-13885556b81a@group-A5D76BF4DFFC replies to ELECTION vote request: 6bdc426a-463a-4847-89b4-5f17f88a218e<-e85487f0-f005-4db6-b4de-13885556b81a#0:OK-t1. Peer's state: e85487f0-f005-4db6-b4de-13885556b81a@group-A5D76BF4DFFC:t1, leader=null, voted=6bdc426a-463a-4847-89b4-5f17f88a218e, raftlog=Memoized:e85487f0-f005-4db6-b4de-13885556b81a@group-A5D76BF4DFFC-SegmentedRaftLog:OPENED:c-1, conf=-1: peers:[e85487f0-f005-4db6-b4de-13885556b81a|10.1.0.12:15203, 74a0a60a-5e75-4204-b15b-76eff6c3355e|10.1.0.12:15194, 6bdc426a-463a-4847-89b4-5f17f88a218e|10.1.0.12:15212]|listeners:[], old=null
2024-03-04 13:00:38,775 [6bdc426a-463a-4847-89b4-5f17f88a218e@group-A5D76BF4DFFC-LeaderElection46] INFO  impl.LeaderElection (LeaderElection.java:logAndReturn(89)) - 6bdc426a-463a-4847-89b4-5f17f88a218e@group-A5D76BF4DFFC-LeaderElection46: ELECTION PASSED received 1 response(s) and 0 exception(s):
2024-03-04 13:00:38,776 [6bdc426a-463a-4847-89b4-5f17f88a218e@group-A5D76BF4DFFC-LeaderElection46] INFO  impl.LeaderElection (LeaderElection.java:logAndReturn(93)) -   Response 0: 6bdc426a-463a-4847-89b4-5f17f88a218e<-e85487f0-f005-4db6-b4de-13885556b81a#0:OK-t1
2024-03-04 13:00:38,776 [6bdc426a-463a-4847-89b4-5f17f88a218e@group-A5D76BF4DFFC-LeaderElection46] INFO  impl.LeaderElection (LeaderElection.java:askForVotes(323)) - 6bdc426a-463a-4847-89b4-5f17f88a218e@group-A5D76BF4DFFC-LeaderElection46 ELECTION round 0: result PASSED
2024-03-04 13:00:38,776 [6bdc426a-463a-4847-89b4-5f17f88a218e@group-A5D76BF4DFFC-LeaderElection46] INFO  impl.RoleInfo (RoleInfo.java:shutdownLeaderElection(130)) - 6bdc426a-463a-4847-89b4-5f17f88a218e: shutdown 6bdc426a-463a-4847-89b4-5f17f88a218e@group-A5D76BF4DFFC-LeaderElection46
2024-03-04 13:00:38,776 [6bdc426a-463a-4847-89b4-5f17f88a218e@group-A5D76BF4DFFC-LeaderElection46] INFO  server.RaftServer$Division (RaftServerImpl.java:setRole(383)) - 6bdc426a-463a-4847-89b4-5f17f88a218e@group-A5D76BF4DFFC: changes role from CANDIDATE to LEADER at term 1 for changeToLeader
2024-03-04 13:00:38,776 [6bdc426a-463a-4847-89b4-5f17f88a218e@group-A5D76BF4DFFC-LeaderElection46] INFO  server.RaftServerConfigKeys (ConfUtils.java:logGet(46)) - raft.server.staging.catchup.gap = 1000 (default)
2024-03-04 13:00:38,776 [grpc-default-executor-2] INFO  server.RaftServer$Division (RaftServerImpl.java:requestVote(1422)) - 74a0a60a-5e75-4204-b15b-76eff6c3355e@group-A5D76BF4DFFC replies to ELECTION vote request: 6bdc426a-463a-4847-89b4-5f17f88a218e<-74a0a60a-5e75-4204-b15b-76eff6c3355e#0:OK-t1. Peer's state: 74a0a60a-5e75-4204-b15b-76eff6c3355e@group-A5D76BF4DFFC:t1, leader=null, voted=6bdc426a-463a-4847-89b4-5f17f88a218e, raftlog=Memoized:74a0a60a-5e75-4204-b15b-76eff6c3355e@group-A5D76BF4DFFC-SegmentedRaftLog:OPENED:c-1, conf=-1: peers:[e85487f0-f005-4db6-b4de-13885556b81a|10.1.0.12:15203, 74a0a60a-5e75-4204-b15b-76eff6c3355e|10.1.0.12:15194, 6bdc426a-463a-4847-89b4-5f17f88a218e|10.1.0.12:15212]|listeners:[], old=null
2024-03-04 13:00:38,776 [6bdc426a-463a-4847-89b4-5f17f88a218e@group-A5D76BF4DFFC-LeaderElection46] INFO  server.RaftServerConfigKeys (ConfUtils.java:logGet(46)) - raft.server.write.element-limit = 1024 (custom)
2024-03-04 13:00:38,776 [6bdc426a-463a-4847-89b4-5f17f88a218e@group-A5D76BF4DFFC-LeaderElection46] INFO  server.RaftServerConfigKeys (ConfUtils.java:logGet(46)) - raft.server.write.byte-limit = 1024 M (=1073741824) (custom)
2024-03-04 13:00:38,776 [6bdc426a-463a-4847-89b4-5f17f88a218e@group-A5D76BF4DFFC-LeaderElection46] INFO  server.RaftServerConfigKeys (ConfUtils.java:logGet(46)) - raft.server.watch.timeout = 180s (custom)
2024-03-04 13:00:38,776 [6bdc426a-463a-4847-89b4-5f17f88a218e@group-A5D76BF4DFFC-LeaderElection46] INFO  server.RaftServerConfigKeys (ConfUtils.java:logGet(46)) - raft.server.watch.timeout.denomination = 1s (default)
2024-03-04 13:00:38,776 [6bdc426a-463a-4847-89b4-5f17f88a218e@group-A5D76BF4DFFC-LeaderElection46] INFO  server.RaftServerConfigKeys (ConfUtils.java:logGet(46)) - raft.server.watch.element-limit = 65536 (default)
2024-03-04 13:00:38,776 [6bdc426a-463a-4847-89b4-5f17f88a218e@group-A5D76BF4DFFC-LeaderElection46] INFO  server.RaftServerConfigKeys (ConfUtils.java:logGet(46)) - raft.server.read.leader.lease.enabled = false (default)
2024-03-04 13:00:38,776 [6bdc426a-463a-4847-89b4-5f17f88a218e@group-A5D76BF4DFFC-LeaderElection46] INFO  server.RaftServerConfigKeys (ConfUtils.java:logGet(46)) - raft.server.read.leader.lease.timeout.ratio = 0.9 (default)
2024-03-04 13:00:38,776 [6bdc426a-463a-4847-89b4-5f17f88a218e@group-A5D76BF4DFFC-LeaderElection46] INFO  server.RaftServerConfigKeys (ConfUtils.java:logGet(46)) - raft.server.rpc.timeout.min = 5s (custom)
2024-03-04 13:00:38,777 [6bdc426a-463a-4847-89b4-5f17f88a218e@group-A5D76BF4DFFC-LeaderElection46] INFO  server.RaftServerConfigKeys (ConfUtils.java:logGet(46)) - raft.server.write.element-limit = 1024 (custom)
2024-03-04 13:00:38,777 [6bdc426a-463a-4847-89b4-5f17f88a218e@group-A5D76BF4DFFC-LeaderElection46] INFO  server.RaftServerConfigKeys (ConfUtils.java:logGet(46)) - raft.server.write.follower.gap.ratio.max = -1.0 (default)
2024-03-04 13:00:38,777 [6bdc426a-463a-4847-89b4-5f17f88a218e@group-A5D76BF4DFFC-LeaderElection46] INFO  server.RaftServerConfigKeys (ConfUtils.java:logGet(46)) - raft.server.log.appender.snapshot.chunk.size.max = 16MB (=16777216) (default)
2024-03-04 13:00:38,777 [6bdc426a-463a-4847-89b4-5f17f88a218e@group-A5D76BF4DFFC-LeaderElection46] INFO  server.RaftServerConfigKeys (ConfUtils.java:logGet(46)) - raft.server.log.appender.buffer.byte-limit = 8388608 (custom)
2024-03-04 13:00:38,777 [6bdc426a-463a-4847-89b4-5f17f88a218e@group-A5D76BF4DFFC-LeaderElection46] INFO  server.RaftServerConfigKeys (ConfUtils.java:logGet(46)) - raft.server.log.appender.buffer.element-limit = 1 (custom)
2024-03-04 13:00:38,777 [6bdc426a-463a-4847-89b4-5f17f88a218e@group-A5D76BF4DFFC-LeaderElection46] INFO  server.RaftServerConfigKeys (ConfUtils.java:logGet(46)) - raft.server.log.appender.wait-time.min = 0μs (custom)
2024-03-04 13:00:38,777 [6bdc426a-463a-4847-89b4-5f17f88a218e@group-A5D76BF4DFFC-LeaderElection46] INFO  grpc.GrpcConfigKeys (ConfUtils.java:logGet(46)) - raft.grpc.server.leader.outstanding.appends.max = 8 (default)
2024-03-04 13:00:38,777 [6bdc426a-463a-4847-89b4-5f17f88a218e@group-A5D76BF4DFFC-LeaderElection46] INFO  server.RaftServerConfigKeys (ConfUtils.java:logGet(46)) - raft.server.rpc.request.timeout = 60s (custom)
2024-03-04 13:00:38,777 [6bdc426a-463a-4847-89b4-5f17f88a218e@group-A5D76BF4DFFC-LeaderElection46] INFO  grpc.GrpcConfigKeys (ConfUtils.java:logGet(46)) - raft.grpc.server.install_snapshot.request.element-limit = 8 (default)
2024-03-04 13:00:38,777 [6bdc426a-463a-4847-89b4-5f17f88a218e@group-A5D76BF4DFFC-LeaderElection46] INFO  grpc.GrpcConfigKeys (ConfUtils.java:logGet(46)) - raft.grpc.server.install_snapshot.request.timeout = 3000ms (default)
2024-03-04 13:00:38,777 [6bdc426a-463a-4847-89b4-5f17f88a218e@group-A5D76BF4DFFC-LeaderElection46] INFO  grpc.GrpcConfigKeys (ConfUtils.java:logGet(46)) - raft.grpc.server.log-message.batch.duration = 5s (default)
2024-03-04 13:00:38,777 [6bdc426a-463a-4847-89b4-5f17f88a218e@group-A5D76BF4DFFC-LeaderElection46] INFO  server.RaftServerConfigKeys (ConfUtils.java:logGet(46)) - raft.server.log.appender.install.snapshot.enabled = false (custom)
2024-03-04 13:00:38,777 [6bdc426a-463a-4847-89b4-5f17f88a218e@group-A5D76BF4DFFC-LeaderElection46] INFO  grpc.GrpcConfigKeys (ConfUtils.java:logGet(46)) - raft.grpc.server.heartbeat.channel = true (default)
2024-03-04 13:00:38,778 [6bdc426a-463a-4847-89b4-5f17f88a218e@group-A5D76BF4DFFC-LeaderElection46] INFO  server.RaftServerConfigKeys (ConfUtils.java:logGet(46)) - raft.server.log.appender.snapshot.chunk.size.max = 16MB (=16777216) (default)
2024-03-04 13:00:38,778 [6bdc426a-463a-4847-89b4-5f17f88a218e@group-A5D76BF4DFFC-LeaderElection46] INFO  server.RaftServerConfigKeys (ConfUtils.java:logGet(46)) - raft.server.log.appender.buffer.byte-limit = 8388608 (custom)
2024-03-04 13:00:38,778 [6bdc426a-463a-4847-89b4-5f17f88a218e@group-A5D76BF4DFFC-LeaderElection46] INFO  server.RaftServerConfigKeys (ConfUtils.java:logGet(46)) - raft.server.log.appender.buffer.element-limit = 1 (custom)
2024-03-04 13:00:38,778 [6bdc426a-463a-4847-89b4-5f17f88a218e@group-A5D76BF4DFFC-LeaderElection46] INFO  server.RaftServerConfigKeys (ConfUtils.java:logGet(46)) - raft.server.log.appender.wait-time.min = 0μs (custom)
2024-03-04 13:00:38,778 [6bdc426a-463a-4847-89b4-5f17f88a218e@group-A5D76BF4DFFC-LeaderElection46] INFO  grpc.GrpcConfigKeys (ConfUtils.java:logGet(46)) - raft.grpc.server.leader.outstanding.appends.max = 8 (default)
2024-03-04 13:00:38,778 [6bdc426a-463a-4847-89b4-5f17f88a218e@group-A5D76BF4DFFC-LeaderElection46] INFO  server.RaftServerConfigKeys (ConfUtils.java:logGet(46)) - raft.server.rpc.request.timeout = 60s (custom)
2024-03-04 13:00:38,778 [6bdc426a-463a-4847-89b4-5f17f88a218e@group-A5D76BF4DFFC-LeaderElection46] INFO  grpc.GrpcConfigKeys (ConfUtils.java:logGet(46)) - raft.grpc.server.install_snapshot.request.element-limit = 8 (default)
2024-03-04 13:00:38,778 [6bdc426a-463a-4847-89b4-5f17f88a218e@group-A5D76BF4DFFC-LeaderElection46] INFO  grpc.GrpcConfigKeys (ConfUtils.java:logGet(46)) - raft.grpc.server.install_snapshot.request.timeout = 3000ms (default)
2024-03-04 13:00:38,778 [6bdc426a-463a-4847-89b4-5f17f88a218e@group-A5D76BF4DFFC-LeaderElection46] INFO  grpc.GrpcConfigKeys (ConfUtils.java:logGet(46)) - raft.grpc.server.log-message.batch.duration = 5s (default)
2024-03-04 13:00:38,778 [6bdc426a-463a-4847-89b4-5f17f88a218e@group-A5D76BF4DFFC-LeaderElection46] INFO  server.RaftServerConfigKeys (ConfUtils.java:logGet(46)) - raft.server.log.appender.install.snapshot.enabled = false (custom)
2024-03-04 13:00:38,778 [6bdc426a-463a-4847-89b4-5f17f88a218e@group-A5D76BF4DFFC-LeaderElection46] INFO  grpc.GrpcConfigKeys (ConfUtils.java:logGet(46)) - raft.grpc.server.heartbeat.channel = true (default)
2024-03-04 13:00:38,778 [6bdc426a-463a-4847-89b4-5f17f88a218e@group-A5D76BF4DFFC-LeaderElection46] INFO  impl.RoleInfo (RoleInfo.java:updateAndGet(139)) - 6bdc426a-463a-4847-89b4-5f17f88a218e: start 6bdc426a-463a-4847-89b4-5f17f88a218e@group-A5D76BF4DFFC-LeaderStateImpl
2024-03-04 13:00:38,778 [6bdc426a-463a-4847-89b4-5f17f88a218e@group-A5D76BF4DFFC-LeaderElection46] INFO  server.RaftServer$Division (RaftServerImpl.java:setFirstElection(574)) - 6bdc426a-463a-4847-89b4-5f17f88a218e@group-A5D76BF4DFFC: set firstElectionSinceStartup to false for becomeLeader
2024-03-04 13:00:38,778 [6bdc426a-463a-4847-89b4-5f17f88a218e@group-A5D76BF4DFFC-LeaderElection46] INFO  ratis.XceiverServerRatis (XceiverServerRatis.java:handleLeaderChangedNotification(966)) - Leader change notification received for group: group-A5D76BF4DFFC with new leaderId: 6bdc426a-463a-4847-89b4-5f17f88a218e
2024-03-04 13:00:38,779 [6bdc426a-463a-4847-89b4-5f17f88a218e@group-A5D76BF4DFFC-LeaderElection46] INFO  server.RaftServer$Division (ServerState.java:setLeader(269)) - 6bdc426a-463a-4847-89b4-5f17f88a218e@group-A5D76BF4DFFC: change Leader from null to 6bdc426a-463a-4847-89b4-5f17f88a218e at term 1 for becomeLeader, leader elected after 5101ms
2024-03-04 13:00:38,779 [6bdc426a-463a-4847-89b4-5f17f88a218e@group-A5D76BF4DFFC-LeaderElection46] INFO  segmented.SegmentedRaftLogWorker (SegmentedRaftLogWorker.java:startLogSegment(430)) - 6bdc426a-463a-4847-89b4-5f17f88a218e@group-A5D76BF4DFFC-SegmentedRaftLogWorker: Starting segment from index:0
2024-03-04 13:00:38,780 [6bdc426a-463a-4847-89b4-5f17f88a218e@group-A5D76BF4DFFC-LeaderElection46] INFO  server.RaftServer$Division (ServerState.java:setRaftConf(386)) - 6bdc426a-463a-4847-89b4-5f17f88a218e@group-A5D76BF4DFFC: set configuration 0: peers:[e85487f0-f005-4db6-b4de-13885556b81a|10.1.0.12:15203, 74a0a60a-5e75-4204-b15b-76eff6c3355e|10.1.0.12:15194, 6bdc426a-463a-4847-89b4-5f17f88a218e|10.1.0.12:15212]|listeners:[], old=null
2024-03-04 13:00:38,781 [6bdc426a-463a-4847-89b4-5f17f88a218e@group-A5D76BF4DFFC-SegmentedRaftLogWorker] INFO  segmented.BufferedWriteChannel (BufferedWriteChannel.java:open(62)) - open log_inprogress_0 at position 0
2024-03-04 13:00:38,781 [EventQueue-PipelineReportForPipelineReportHandler] INFO  pipeline.PipelineReportHandler (PipelineReportHandler.java:processPipelineReport(136)) - Opened pipeline PipelineID=5e56c667-f4b6-4297-9a99-a5d76bf4dffc
2024-03-04 13:00:38,787 [e85487f0-f005-4db6-b4de-13885556b81a-server-thread1] INFO  ratis.XceiverServerRatis (XceiverServerRatis.java:handleLeaderChangedNotification(966)) - Leader change notification received for group: group-A5D76BF4DFFC with new leaderId: 6bdc426a-463a-4847-89b4-5f17f88a218e
2024-03-04 13:00:38,787 [e85487f0-f005-4db6-b4de-13885556b81a-server-thread1] INFO  server.RaftServer$Division (ServerState.java:setLeader(269)) - e85487f0-f005-4db6-b4de-13885556b81a@group-A5D76BF4DFFC: change Leader from null to 6bdc426a-463a-4847-89b4-5f17f88a218e at term 1 for appendEntries, leader elected after 5159ms
2024-03-04 13:00:38,789 [6bdc426a-463a-4847-89b4-5f17f88a218e@group-A5D76BF4DFFC-SegmentedRaftLogWorker] INFO  segmented.SegmentedRaftLogWorker (SegmentedRaftLogWorker.java:execute(634)) - 6bdc426a-463a-4847-89b4-5f17f88a218e@group-A5D76BF4DFFC-SegmentedRaftLogWorker: created new log segment /home/runner/work/ozone/ozone/hadoop-ozone/integration-test/target/test-dir/MiniOzoneClusterImpl-42dd095f-3e4b-4e15-bcdd-4f5539ea9781/ozone-meta/datanode-3/ratis/5e56c667-f4b6-4297-9a99-a5d76bf4dffc/current/log_inprogress_0
2024-03-04 13:00:38,790 [74a0a60a-5e75-4204-b15b-76eff6c3355e-server-thread1] INFO  ratis.XceiverServerRatis (XceiverServerRatis.java:handleLeaderChangedNotification(966)) - Leader change notification received for group: group-A5D76BF4DFFC with new leaderId: 6bdc426a-463a-4847-89b4-5f17f88a218e
2024-03-04 13:00:38,790 [74a0a60a-5e75-4204-b15b-76eff6c3355e-server-thread1] INFO  server.RaftServer$Division (ServerState.java:setLeader(269)) - 74a0a60a-5e75-4204-b15b-76eff6c3355e@group-A5D76BF4DFFC: change Leader from null to 6bdc426a-463a-4847-89b4-5f17f88a218e at term 1 for appendEntries, leader elected after 5195ms
2024-03-04 13:00:38,794 [e85487f0-f005-4db6-b4de-13885556b81a-server-thread3] INFO  server.RaftServer$Division (ServerState.java:setRaftConf(386)) - e85487f0-f005-4db6-b4de-13885556b81a@group-A5D76BF4DFFC: set configuration 0: peers:[e85487f0-f005-4db6-b4de-13885556b81a|10.1.0.12:15203, 74a0a60a-5e75-4204-b15b-76eff6c3355e|10.1.0.12:15194, 6bdc426a-463a-4847-89b4-5f17f88a218e|10.1.0.12:15212]|listeners:[], old=null
2024-03-04 13:00:38,794 [e85487f0-f005-4db6-b4de-13885556b81a-server-thread3] INFO  segmented.SegmentedRaftLogWorker (SegmentedRaftLogWorker.java:startLogSegment(430)) - e85487f0-f005-4db6-b4de-13885556b81a@group-A5D76BF4DFFC-SegmentedRaftLogWorker: Starting segment from index:0
2024-03-04 13:00:38,795 [74a0a60a-5e75-4204-b15b-76eff6c3355e-server-thread2] INFO  server.RaftServer$Division (ServerState.java:setRaftConf(386)) - 74a0a60a-5e75-4204-b15b-76eff6c3355e@group-A5D76BF4DFFC: set configuration 0: peers:[e85487f0-f005-4db6-b4de-13885556b81a|10.1.0.12:15203, 74a0a60a-5e75-4204-b15b-76eff6c3355e|10.1.0.12:15194, 6bdc426a-463a-4847-89b4-5f17f88a218e|10.1.0.12:15212]|listeners:[], old=null
2024-03-04 13:00:38,795 [74a0a60a-5e75-4204-b15b-76eff6c3355e-server-thread2] INFO  segmented.SegmentedRaftLogWorker (SegmentedRaftLogWorker.java:startLogSegment(430)) - 74a0a60a-5e75-4204-b15b-76eff6c3355e@group-A5D76BF4DFFC-SegmentedRaftLogWorker: Starting segment from index:0
2024-03-04 13:00:38,795 [e85487f0-f005-4db6-b4de-13885556b81a@group-A5D76BF4DFFC-SegmentedRaftLogWorker] INFO  segmented.BufferedWriteChannel (BufferedWriteChannel.java:open(62)) - open log_inprogress_0 at position 0
2024-03-04 13:00:38,796 [74a0a60a-5e75-4204-b15b-76eff6c3355e@group-A5D76BF4DFFC-SegmentedRaftLogWorker] INFO  segmented.BufferedWriteChannel (BufferedWriteChannel.java:open(62)) - open log_inprogress_0 at position 0
2024-03-04 13:00:38,805 [e85487f0-f005-4db6-b4de-13885556b81a@group-A5D76BF4DFFC-SegmentedRaftLogWorker] INFO  segmented.SegmentedRaftLogWorker (SegmentedRaftLogWorker.java:execute(634)) - e85487f0-f005-4db6-b4de-13885556b81a@group-A5D76BF4DFFC-SegmentedRaftLogWorker: created new log segment /home/runner/work/ozone/ozone/hadoop-ozone/integration-test/target/test-dir/MiniOzoneClusterImpl-42dd095f-3e4b-4e15-bcdd-4f5539ea9781/ozone-meta/datanode-2/ratis/5e56c667-f4b6-4297-9a99-a5d76bf4dffc/current/log_inprogress_0
2024-03-04 13:00:38,805 [74a0a60a-5e75-4204-b15b-76eff6c3355e@group-A5D76BF4DFFC-SegmentedRaftLogWorker] INFO  segmented.SegmentedRaftLogWorker (SegmentedRaftLogWorker.java:execute(634)) - 74a0a60a-5e75-4204-b15b-76eff6c3355e@group-A5D76BF4DFFC-SegmentedRaftLogWorker: created new log segment /home/runner/work/ozone/ozone/hadoop-ozone/integration-test/target/test-dir/MiniOzoneClusterImpl-42dd095f-3e4b-4e15-bcdd-4f5539ea9781/ozone-meta/datanode-1/ratis/5e56c667-f4b6-4297-9a99-a5d76bf4dffc/current/log_inprogress_0
2024-03-04 13:00:38,807 [6bdc426a-463a-4847-89b4-5f17f88a218e@group-A5D76BF4DFFC-StateMachineUpdater] INFO  server.RaftServer$Division (LeaderStateImpl.java:isApplied(320)) - leader is ready since appliedIndex == 0 >= startIndex == 0
2024-03-04 13:00:38,837 [6bdc426a-463a-4847-89b4-5f17f88a218e@group-51BD4C936147-FollowerState] INFO  impl.FollowerState (FollowerState.java:run(143)) - 6bdc426a-463a-4847-89b4-5f17f88a218e@group-51BD4C936147-FollowerState: change to CANDIDATE, lastRpcElapsedTime:5164158825ns, electionTimeout:5163ms
2024-03-04 13:00:38,837 [6bdc426a-463a-4847-89b4-5f17f88a218e@group-51BD4C936147-FollowerState] INFO  impl.RoleInfo (RoleInfo.java:shutdownFollowerState(110)) - 6bdc426a-463a-4847-89b4-5f17f88a218e: shutdown 6bdc426a-463a-4847-89b4-5f17f88a218e@group-51BD4C936147-FollowerState
2024-03-04 13:00:38,837 [6bdc426a-463a-4847-89b4-5f17f88a218e@group-51BD4C936147-FollowerState] INFO  server.RaftServer$Division (RaftServerImpl.java:setRole(383)) - 6bdc426a-463a-4847-89b4-5f17f88a218e@group-51BD4C936147: changes role from  FOLLOWER to CANDIDATE at term 0 for changeToCandidate
2024-03-04 13:00:38,837 [6bdc426a-463a-4847-89b4-5f17f88a218e@group-51BD4C936147-FollowerState] INFO  server.RaftServerConfigKeys (ConfUtils.java:logGet(46)) - raft.server.leaderelection.pre-vote = true (default)
2024-03-04 13:00:38,837 [6bdc426a-463a-4847-89b4-5f17f88a218e@group-51BD4C936147-FollowerState] INFO  impl.RoleInfo (RoleInfo.java:updateAndGet(139)) - 6bdc426a-463a-4847-89b4-5f17f88a218e: start 6bdc426a-463a-4847-89b4-5f17f88a218e@group-51BD4C936147-LeaderElection47
2024-03-04 13:00:38,838 [6bdc426a-463a-4847-89b4-5f17f88a218e@group-51BD4C936147-LeaderElection47] INFO  impl.LeaderElection (LeaderElection.java:askForVotes(321)) - 6bdc426a-463a-4847-89b4-5f17f88a218e@group-51BD4C936147-LeaderElection47 PRE_VOTE round 0: submit vote requests at term 0 for -1: peers:[6bdc426a-463a-4847-89b4-5f17f88a218e|10.1.0.12:15212]|listeners:[], old=null
2024-03-04 13:00:38,838 [6bdc426a-463a-4847-89b4-5f17f88a218e@group-51BD4C936147-LeaderElection47] INFO  impl.LeaderElection (LeaderElection.java:askForVotes(323)) - 6bdc426a-463a-4847-89b4-5f17f88a218e@group-51BD4C936147-LeaderElection47 PRE_VOTE round 0: result PASSED (term=0)
2024-03-04 13:00:38,839 [6bdc426a-463a-4847-89b4-5f17f88a218e@group-51BD4C936147-LeaderElection47] INFO  impl.LeaderElection (LeaderElection.java:askForVotes(321)) - 6bdc426a-463a-4847-89b4-5f17f88a218e@group-51BD4C936147-LeaderElection47 ELECTION round 0: submit vote requests at term 1 for -1: peers:[6bdc426a-463a-4847-89b4-5f17f88a218e|10.1.0.12:15212]|listeners:[], old=null
2024-03-04 13:00:38,839 [6bdc426a-463a-4847-89b4-5f17f88a218e@group-51BD4C936147-LeaderElection47] INFO  impl.LeaderElection (LeaderElection.java:askForVotes(323)) - 6bdc426a-463a-4847-89b4-5f17f88a218e@group-51BD4C936147-LeaderElection47 ELECTION round 0: result PASSED (term=1)
2024-03-04 13:00:38,839 [6bdc426a-463a-4847-89b4-5f17f88a218e@group-51BD4C936147-LeaderElection47] INFO  impl.RoleInfo (RoleInfo.java:shutdownLeaderElection(130)) - 6bdc426a-463a-4847-89b4-5f17f88a218e: shutdown 6bdc426a-463a-4847-89b4-5f17f88a218e@group-51BD4C936147-LeaderElection47
2024-03-04 13:00:38,839 [6bdc426a-463a-4847-89b4-5f17f88a218e@group-51BD4C936147-LeaderElection47] INFO  server.RaftServer$Division (RaftServerImpl.java:setRole(383)) - 6bdc426a-463a-4847-89b4-5f17f88a218e@group-51BD4C936147: changes role from CANDIDATE to LEADER at term 1 for changeToLeader
2024-03-04 13:00:38,839 [6bdc426a-463a-4847-89b4-5f17f88a218e@group-51BD4C936147-LeaderElection47] INFO  server.RaftServerConfigKeys (ConfUtils.java:logGet(46)) - raft.server.staging.catchup.gap = 1000 (default)
2024-03-04 13:00:38,839 [6bdc426a-463a-4847-89b4-5f17f88a218e@group-51BD4C936147-LeaderElection47] INFO  server.RaftServerConfigKeys (ConfUtils.java:logGet(46)) - raft.server.write.element-limit = 1024 (custom)
2024-03-04 13:00:38,839 [6bdc426a-463a-4847-89b4-5f17f88a218e@group-51BD4C936147-LeaderElection47] INFO  server.RaftServerConfigKeys (ConfUtils.java:logGet(46)) - raft.server.write.byte-limit = 1024 M (=1073741824) (custom)
2024-03-04 13:00:38,840 [6bdc426a-463a-4847-89b4-5f17f88a218e@group-51BD4C936147-LeaderElection47] INFO  server.RaftServerConfigKeys (ConfUtils.java:logGet(46)) - raft.server.watch.timeout = 180s (custom)
2024-03-04 13:00:38,840 [6bdc426a-463a-4847-89b4-5f17f88a218e@group-51BD4C936147-LeaderElection47] INFO  server.RaftServerConfigKeys (ConfUtils.java:logGet(46)) - raft.server.watch.timeout.denomination = 1s (default)
2024-03-04 13:00:38,840 [6bdc426a-463a-4847-89b4-5f17f88a218e@group-51BD4C936147-LeaderElection47] INFO  server.RaftServerConfigKeys (ConfUtils.java:logGet(46)) - raft.server.watch.element-limit = 65536 (default)
2024-03-04 13:00:38,840 [6bdc426a-463a-4847-89b4-5f17f88a218e@group-51BD4C936147-LeaderElection47] INFO  server.RaftServerConfigKeys (ConfUtils.java:logGet(46)) - raft.server.read.leader.lease.enabled = false (default)
2024-03-04 13:00:38,840 [6bdc426a-463a-4847-89b4-5f17f88a218e@group-51BD4C936147-LeaderElection47] INFO  server.RaftServerConfigKeys (ConfUtils.java:logGet(46)) - raft.server.read.leader.lease.timeout.ratio = 0.9 (default)
2024-03-04 13:00:38,840 [6bdc426a-463a-4847-89b4-5f17f88a218e@group-51BD4C936147-LeaderElection47] INFO  server.RaftServerConfigKeys (ConfUtils.java:logGet(46)) - raft.server.rpc.timeout.min = 5s (custom)
2024-03-04 13:00:38,840 [6bdc426a-463a-4847-89b4-5f17f88a218e@group-51BD4C936147-LeaderElection47] INFO  server.RaftServerConfigKeys (ConfUtils.java:logGet(46)) - raft.server.write.element-limit = 1024 (custom)
2024-03-04 13:00:38,840 [6bdc426a-463a-4847-89b4-5f17f88a218e@group-51BD4C936147-LeaderElection47] INFO  server.RaftServerConfigKeys (ConfUtils.java:logGet(46)) - raft.server.write.follower.gap.ratio.max = -1.0 (default)
2024-03-04 13:00:38,840 [6bdc426a-463a-4847-89b4-5f17f88a218e@group-51BD4C936147-LeaderElection47] INFO  impl.RoleInfo (RoleInfo.java:updateAndGet(139)) - 6bdc426a-463a-4847-89b4-5f17f88a218e: start 6bdc426a-463a-4847-89b4-5f17f88a218e@group-51BD4C936147-LeaderStateImpl
2024-03-04 13:00:38,840 [6bdc426a-463a-4847-89b4-5f17f88a218e@group-51BD4C936147-LeaderElection47] INFO  server.RaftServer$Division (RaftServerImpl.java:setFirstElection(574)) - 6bdc426a-463a-4847-89b4-5f17f88a218e@group-51BD4C936147: set firstElectionSinceStartup to false for becomeLeader
2024-03-04 13:00:38,840 [6bdc426a-463a-4847-89b4-5f17f88a218e@group-51BD4C936147-LeaderElection47] INFO  ratis.XceiverServerRatis (XceiverServerRatis.java:handleLeaderChangedNotification(966)) - Leader change notification received for group: group-51BD4C936147 with new leaderId: 6bdc426a-463a-4847-89b4-5f17f88a218e
2024-03-04 13:00:38,840 [6bdc426a-463a-4847-89b4-5f17f88a218e@group-51BD4C936147-LeaderElection47] INFO  server.RaftServer$Division (ServerState.java:setLeader(269)) - 6bdc426a-463a-4847-89b4-5f17f88a218e@group-51BD4C936147: change Leader from null to 6bdc426a-463a-4847-89b4-5f17f88a218e at term 1 for becomeLeader, leader elected after 5180ms
2024-03-04 13:00:38,841 [6bdc426a-463a-4847-89b4-5f17f88a218e@group-51BD4C936147-LeaderElection47] INFO  segmented.SegmentedRaftLogWorker (SegmentedRaftLogWorker.java:startLogSegment(430)) - 6bdc426a-463a-4847-89b4-5f17f88a218e@group-51BD4C936147-SegmentedRaftLogWorker: Starting segment from index:0
2024-03-04 13:00:38,841 [6bdc426a-463a-4847-89b4-5f17f88a218e@group-51BD4C936147-SegmentedRaftLogWorker] INFO  segmented.BufferedWriteChannel (BufferedWriteChannel.java:open(62)) - open log_inprogress_0 at position 0
2024-03-04 13:00:38,846 [6bdc426a-463a-4847-89b4-5f17f88a218e@group-51BD4C936147-LeaderElection47] INFO  server.RaftServer$Division (ServerState.java:setRaftConf(386)) - 6bdc426a-463a-4847-89b4-5f17f88a218e@group-51BD4C936147: set configuration 0: peers:[6bdc426a-463a-4847-89b4-5f17f88a218e|10.1.0.12:15212]|listeners:[], old=null
2024-03-04 13:00:38,849 [6bdc426a-463a-4847-89b4-5f17f88a218e@group-51BD4C936147-SegmentedRaftLogWorker] INFO  segmented.SegmentedRaftLogWorker (SegmentedRaftLogWorker.java:execute(634)) - 6bdc426a-463a-4847-89b4-5f17f88a218e@group-51BD4C936147-SegmentedRaftLogWorker: created new log segment /home/runner/work/ozone/ozone/hadoop-ozone/integration-test/target/test-dir/MiniOzoneClusterImpl-42dd095f-3e4b-4e15-bcdd-4f5539ea9781/ozone-meta/datanode-3/ratis/ca75bde0-51c8-4ccc-bece-51bd4c936147/current/log_inprogress_0
2024-03-04 13:00:38,850 [6bdc426a-463a-4847-89b4-5f17f88a218e@group-51BD4C936147-StateMachineUpdater] INFO  server.RaftServer$Division (LeaderStateImpl.java:isApplied(320)) - leader is ready since appliedIndex == 0 >= startIndex == 0
2024-03-04 13:00:44,825 [timer3] ERROR impl.OrderedAsync (OrderedAsync.java:lambda$sendRequest$9(247)) - client-988515DFA223: Failed* RaftClientRequest:client-988515DFA223->e85487f0-f005-4db6-b4de-13885556b81a@group-0FDD3D94F0F0, cid=221, seq=1*, Watch(0), null
java.util.concurrent.CompletionException: org.apache.ratis.protocol.exceptions.AlreadyClosedException: client-988515DFA223->e85487f0-f005-4db6-b4de-13885556b81a is closed.
	at java.util.concurrent.CompletableFuture.encodeThrowable(CompletableFuture.java:292)
	at java.util.concurrent.CompletableFuture.completeThrowable(CompletableFuture.java:308)
	at java.util.concurrent.CompletableFuture.uniApply(CompletableFuture.java:607)
	at java.util.concurrent.CompletableFuture.uniApplyStage(CompletableFuture.java:628)
	at java.util.concurrent.CompletableFuture.thenApply(CompletableFuture.java:1996)
	at org.apache.ratis.client.impl.OrderedAsync.sendRequest(OrderedAsync.java:239)
	at org.apache.ratis.client.impl.OrderedAsync.sendRequestWithRetry(OrderedAsync.java:203)
	at org.apache.ratis.util.SlidingWindow$Client.sendOrDelayRequest(SlidingWindow.java:312)
	at org.apache.ratis.util.SlidingWindow$Client.retry(SlidingWindow.java:328)
	at org.apache.ratis.client.impl.OrderedAsync.lambda$scheduleWithTimeout$6(OrderedAsync.java:227)
	at org.apache.ratis.util.TimeoutTimer.lambda$onTimeout$2(TimeoutTimer.java:101)
	at org.apache.ratis.util.LogUtils.runAndLog(LogUtils.java:38)
	at org.apache.ratis.util.LogUtils$1.run(LogUtils.java:78)
	at org.apache.ratis.util.TimeoutTimer$Task.run(TimeoutTimer.java:55)
	at java.util.TimerThread.mainLoop(Timer.java:555)
	at java.util.TimerThread.run(Timer.java:505)
Caused by: org.apache.ratis.protocol.exceptions.AlreadyClosedException: client-988515DFA223->e85487f0-f005-4db6-b4de-13885556b81a is closed.
	at org.apache.ratis.grpc.client.GrpcClientProtocolClient$AsyncStreamObservers.onNext(GrpcClientProtocolClient.java:349)
	at org.apache.ratis.grpc.client.GrpcClientRpc.sendRequestAsync(GrpcClientRpc.java:71)
	... 11 more
2024-03-04 13:00:50,978 [omNode-3@group-523986131536-StateMachineUpdater] INFO  ratis.OzoneManagerStateMachine (OzoneManagerStateMachine.java:takeSnapshotImpl(467)) -  applied = (t:1, i:49)
2024-03-04 13:00:50,978 [omNode-3@group-523986131536-StateMachineUpdater] INFO  ratis.OzoneManagerStateMachine (OzoneManagerStateMachine.java:takeSnapshotImpl(468)) -  skipped = 49
2024-03-04 13:00:50,978 [omNode-3@group-523986131536-StateMachineUpdater] INFO  ratis.OzoneManagerStateMachine (OzoneManagerStateMachine.java:takeSnapshotImpl(469)) - notified = (t:1, i:50)
2024-03-04 13:00:50,978 [omNode-3@group-523986131536-StateMachineUpdater] INFO  ratis.OzoneManagerStateMachine (OzoneManagerStateMachine.java:takeSnapshotImpl(470)) - snapshot = (t:1, i:50)
2024-03-04 13:00:50,979 [omNode-1-OMStateMachineApplyTransactionThread - 0] INFO  upgrade.OMPrepareRequest (OMPrepareRequest.java:validateAndUpdateCache(69)) - OM omNode-1 Received prepare request with log (t:1, i:51)
2024-03-04 13:00:50,979 [omNode-1-OMStateMachineApplyTransactionThread - 0] INFO  upgrade.OMPrepareRequest (OMPrepareRequest.java:waitForLogIndex(184)) - omNode-1 waiting for index 51 to flush to OM DB and index 52 to flush to Ratis state machine.
2024-03-04 13:00:50,980 [omNode-2-OMStateMachineApplyTransactionThread - 0] INFO  upgrade.OMPrepareRequest (OMPrepareRequest.java:validateAndUpdateCache(69)) - OM omNode-2 Received prepare request with log (t:1, i:51)
2024-03-04 13:00:50,980 [omNode-2-OMStateMachineApplyTransactionThread - 0] INFO  upgrade.OMPrepareRequest (OMPrepareRequest.java:waitForLogIndex(184)) - omNode-2 waiting for index 51 to flush to OM DB and index 52 to flush to Ratis state machine.
2024-03-04 13:00:50,989 [omNode-3@group-523986131536-StateMachineUpdater] INFO  impl.StateMachineUpdater (StateMachineUpdater.java:takeSnapshot(295)) - omNode-3@group-523986131536-StateMachineUpdater: Took a snapshot at index 50
2024-03-04 13:00:50,989 [omNode-3@group-523986131536-StateMachineUpdater] INFO  impl.StateMachineUpdater (StateMachineUpdater.java:lambda$new$0(98)) - omNode-3@group-523986131536-StateMachineUpdater: snapshotIndex: updateIncreasingly -1 -> 50
2024-03-04 13:00:50,990 [omNode-3@group-523986131536-StateMachineUpdater] INFO  raftlog.RaftLog (RaftLogBase.java:purge(330)) - omNode-3@group-523986131536-SegmentedRaftLog: purge 50
2024-03-04 13:00:50,990 [omNode-3@group-523986131536-StateMachineUpdater] INFO  raftlog.RaftLog (RaftLogBase.java:lambda$new$0(54)) - omNode-3@group-523986131536-SegmentedRaftLog: snapshotIndex: updateIncreasingly -1 -> 50
2024-03-04 13:00:50,990 [omNode-3@group-523986131536-StateMachineUpdater] INFO  raftlog.RaftLog (RaftLogBase.java:lambda$new$0(54)) - omNode-3@group-523986131536-SegmentedRaftLog: purgeIndex: updateToMax old=-1, new=50, updated? true
2024-03-04 13:00:50,990 [omNode-3-OMStateMachineApplyTransactionThread - 0] INFO  upgrade.OMPrepareRequest (OMPrepareRequest.java:validateAndUpdateCache(69)) - OM omNode-3 Received prepare request with log (t:1, i:51)
2024-03-04 13:00:50,990 [omNode-3-OMStateMachineApplyTransactionThread - 0] INFO  upgrade.OMPrepareRequest (OMPrepareRequest.java:waitForLogIndex(184)) - omNode-3 waiting for index 51 to flush to OM DB and index 52 to flush to Ratis state machine.
2024-03-04 13:00:55,990 [omNode-3-OMStateMachineApplyTransactionThread - 0] INFO  ratis.OzoneManagerStateMachine (OzoneManagerStateMachine.java:takeSnapshotImpl(467)) -  applied = (t:1, i:51)
2024-03-04 13:00:55,990 [omNode-3-OMStateMachineApplyTransactionThread - 0] INFO  ratis.OzoneManagerStateMachine (OzoneManagerStateMachine.java:takeSnapshotImpl(468)) -  skipped = 51
2024-03-04 13:00:55,990 [omNode-3-OMStateMachineApplyTransactionThread - 0] INFO  ratis.OzoneManagerStateMachine (OzoneManagerStateMachine.java:takeSnapshotImpl(469)) - notified = (t:1, i:52)
2024-03-04 13:00:55,991 [omNode-3-OMStateMachineApplyTransactionThread - 0] INFO  ratis.OzoneManagerStateMachine (OzoneManagerStateMachine.java:takeSnapshotImpl(470)) - snapshot = (t:1, i:52)
2024-03-04 13:00:55,994 [omNode-3-OMStateMachineApplyTransactionThread - 0] INFO  upgrade.OMPrepareRequest (OMPrepareRequest.java:takeSnapshotAndPurgeLogs(238)) - takeSnapshot at 52 for prepareIndex 52
2024-03-04 13:00:55,994 [omNode-3-OMStateMachineApplyTransactionThread - 0] INFO  raftlog.RaftLog (RaftLogBase.java:lambda$new$0(54)) - omNode-3@group-523986131536-SegmentedRaftLog: snapshotIndex: updateIncreasingly 50 -> 52
2024-03-04 13:00:55,994 [omNode-3-OMStateMachineApplyTransactionThread - 0] INFO  segmented.SegmentedRaftLogWorker (SegmentedRaftLogWorker.java:lambda$new$0(134)) - omNode-3@group-523986131536-SegmentedRaftLogWorker: safeCacheEvictIndex: setUnconditionally -1 -> 52
2024-03-04 13:00:55,994 [omNode-3-OMStateMachineApplyTransactionThread - 0] INFO  segmented.SegmentedRaftLogWorker (SegmentedRaftLogWorker.java:closeLogSegment(451)) - omNode-3@group-523986131536-SegmentedRaftLogWorker: Closing segment log_inprogress_0 to index: 52
2024-03-04 13:00:55,995 [omNode-3@group-523986131536-SegmentedRaftLogWorker] INFO  segmented.SegmentedRaftLogWorker (SegmentedRaftLogWorker.java:execute(591)) - omNode-3@group-523986131536-SegmentedRaftLogWorker: Rolled log segment from /home/runner/work/ozone/ozone/hadoop-ozone/integration-test/target/test-dir/MiniOzoneClusterImpl-42dd095f-3e4b-4e15-bcdd-4f5539ea9781/omNode-3/ratis/c9bc4cf4-3bc3-3c60-a66b-523986131536/current/log_inprogress_0 to /home/runner/work/ozone/ozone/hadoop-ozone/integration-test/target/test-dir/MiniOzoneClusterImpl-42dd095f-3e4b-4e15-bcdd-4f5539ea9781/omNode-3/ratis/c9bc4cf4-3bc3-3c60-a66b-523986131536/current/log_0-52
2024-03-04 13:00:55,996 [omNode-3-OMStateMachineApplyTransactionThread - 0] INFO  om.OzoneManagerPrepareState (OzoneManagerPrepareState.java:writePrepareMarkerFile(262)) - Prepare marker file written with log index 51 to file /home/runner/work/ozone/ozone/hadoop-ozone/integration-test/target/test-dir/MiniOzoneClusterImpl-42dd095f-3e4b-4e15-bcdd-4f5539ea9781/omNode-3/current/prepareMarker
2024-03-04 13:00:55,996 [omNode-3-OMStateMachineApplyTransactionThread - 0] INFO  upgrade.OMPrepareRequest (OMPrepareRequest.java:validateAndUpdateCache(122)) - OM omNode-3 prepared at log index 51. Returning response txnID: 51
 with log index 51
2024-03-04 13:01:28,500 [74a0a60a-5e75-4204-b15b-76eff6c3355e-BlockDeletingService#0] INFO  interfaces.ContainerDeletionChoosingPolicyTemplate (ContainerDeletionChoosingPolicyTemplate.java:chooseContainerForBlockDeletion(85)) - Chosen 0/5000 blocks from 0 candidate containers.
2024-03-04 13:01:28,581 [e85487f0-f005-4db6-b4de-13885556b81a-BlockDeletingService#0] INFO  interfaces.ContainerDeletionChoosingPolicyTemplate (ContainerDeletionChoosingPolicyTemplate.java:chooseContainerForBlockDeletion(85)) - Chosen 0/5000 blocks from 0 candidate containers.
2024-03-04 13:01:28,675 [6bdc426a-463a-4847-89b4-5f17f88a218e-BlockDeletingService#0] INFO  interfaces.ContainerDeletionChoosingPolicyTemplate (ContainerDeletionChoosingPolicyTemplate.java:chooseContainerForBlockDeletion(85)) - Chosen 0/5000 blocks from 0 candidate containers.
2024-03-04 13:02:28,504 [74a0a60a-5e75-4204-b15b-76eff6c3355e-BlockDeletingService#1] INFO  interfaces.ContainerDeletionChoosingPolicyTemplate (ContainerDeletionChoosingPolicyTemplate.java:chooseContainerForBlockDeletion(85)) - Chosen 0/5000 blocks from 0 candidate containers.
2024-03-04 13:02:28,581 [e85487f0-f005-4db6-b4de-13885556b81a-BlockDeletingService#1] INFO  interfaces.ContainerDeletionChoosingPolicyTemplate (ContainerDeletionChoosingPolicyTemplate.java:chooseContainerForBlockDeletion(85)) - Chosen 0/5000 blocks from 0 candidate containers.
2024-03-04 13:02:28,675 [6bdc426a-463a-4847-89b4-5f17f88a218e-BlockDeletingService#1] INFO  interfaces.ContainerDeletionChoosingPolicyTemplate (ContainerDeletionChoosingPolicyTemplate.java:chooseContainerForBlockDeletion(85)) - Chosen 0/5000 blocks from 0 candidate containers.
2024-03-04 13:02:50,986 [omNode-2-OMStateMachineApplyTransactionThread - 0] ERROR upgrade.OMPrepareRequest (OMPrepareRequest.java:validateAndUpdateCache(133)) - Prepare Request Apply failed in omNode-2. 
java.io.IOException: After waiting for 120 seconds, Ratis state machine applied index 50 which is less than the minimum required index 52.
	at org.apache.hadoop.ozone.om.request.upgrade.OMPrepareRequest.waitForLogIndex(OMPrepareRequest.java:216)
	at org.apache.hadoop.ozone.om.request.upgrade.OMPrepareRequest.validateAndUpdateCache(OMPrepareRequest.java:112)
	at org.apache.hadoop.ozone.protocolPB.OzoneManagerRequestHandler.lambda$0(OzoneManagerRequestHandler.java:397)
	at org.apache.hadoop.util.MetricUtil.captureLatencyNs(MetricUtil.java:45)
	at org.apache.hadoop.ozone.protocolPB.OzoneManagerRequestHandler.handleWriteRequestImpl(OzoneManagerRequestHandler.java:395)
	at org.apache.hadoop.ozone.protocolPB.RequestHandler.handleWriteRequest(RequestHandler.java:63)
	at org.apache.hadoop.ozone.om.ratis.OzoneManagerStateMachine.runCommand(OzoneManagerStateMachine.java:525)
	at org.apache.hadoop.ozone.om.ratis.OzoneManagerStateMachine.lambda$1(OzoneManagerStateMachine.java:343)
	at java.util.concurrent.CompletableFuture$AsyncSupply.run(CompletableFuture.java:1604)
	at java.util.concurrent.ThreadPoolExecutor.runWorker(ThreadPoolExecutor.java:1149)
	at java.util.concurrent.ThreadPoolExecutor$Worker.run(ThreadPoolExecutor.java:624)
	at java.lang.Thread.run(Thread.java:750)
2024-03-04 13:02:50,986 [omNode-1-OMStateMachineApplyTransactionThread - 0] ERROR upgrade.OMPrepareRequest (OMPrepareRequest.java:validateAndUpdateCache(133)) - Prepare Request Apply failed in omNode-1. 
java.io.IOException: After waiting for 120 seconds, Ratis state machine applied index 50 which is less than the minimum required index 52.
	at org.apache.hadoop.ozone.om.request.upgrade.OMPrepareRequest.waitForLogIndex(OMPrepareRequest.java:216)
	at org.apache.hadoop.ozone.om.request.upgrade.OMPrepareRequest.validateAndUpdateCache(OMPrepareRequest.java:112)
	at org.apache.hadoop.ozone.protocolPB.OzoneManagerRequestHandler.lambda$0(OzoneManagerRequestHandler.java:397)
	at org.apache.hadoop.util.MetricUtil.captureLatencyNs(MetricUtil.java:45)
	at org.apache.hadoop.ozone.protocolPB.OzoneManagerRequestHandler.handleWriteRequestImpl(OzoneManagerRequestHandler.java:395)
	at org.apache.hadoop.ozone.protocolPB.RequestHandler.handleWriteRequest(RequestHandler.java:63)
	at org.apache.hadoop.ozone.om.ratis.OzoneManagerStateMachine.runCommand(OzoneManagerStateMachine.java:525)
	at org.apache.hadoop.ozone.om.ratis.OzoneManagerStateMachine.lambda$1(OzoneManagerStateMachine.java:343)
	at java.util.concurrent.CompletableFuture$AsyncSupply.run(CompletableFuture.java:1604)
	at java.util.concurrent.ThreadPoolExecutor.runWorker(ThreadPoolExecutor.java:1149)
	at java.util.concurrent.ThreadPoolExecutor$Worker.run(ThreadPoolExecutor.java:624)
	at java.lang.Thread.run(Thread.java:750)
2024-03-04 13:02:50,987 [omNode-2@group-523986131536-StateMachineUpdater] INFO  ratis.OzoneManagerStateMachine (OzoneManagerStateMachine.java:takeSnapshotImpl(467)) -  applied = (t:1, i:51)
2024-03-04 13:02:50,987 [omNode-2@group-523986131536-StateMachineUpdater] INFO  ratis.OzoneManagerStateMachine (OzoneManagerStateMachine.java:takeSnapshotImpl(468)) -  skipped = 49
2024-03-04 13:02:50,987 [omNode-2@group-523986131536-StateMachineUpdater] INFO  ratis.OzoneManagerStateMachine (OzoneManagerStateMachine.java:takeSnapshotImpl(469)) - notified = (t:1, i:50)
2024-03-04 13:02:50,987 [omNode-1@group-523986131536-StateMachineUpdater] INFO  ratis.OzoneManagerStateMachine (OzoneManagerStateMachine.java:takeSnapshotImpl(467)) -  applied = (t:1, i:51)
2024-03-04 13:02:50,987 [omNode-1@group-523986131536-StateMachineUpdater] INFO  ratis.OzoneManagerStateMachine (OzoneManagerStateMachine.java:takeSnapshotImpl(468)) -  skipped = 49
2024-03-04 13:02:50,987 [omNode-1@group-523986131536-StateMachineUpdater] INFO  ratis.OzoneManagerStateMachine (OzoneManagerStateMachine.java:takeSnapshotImpl(469)) - notified = (t:1, i:50)
2024-03-04 13:02:50,987 [omNode-1@group-523986131536-StateMachineUpdater] INFO  ratis.OzoneManagerStateMachine (OzoneManagerStateMachine.java:takeSnapshotImpl(470)) - snapshot = (t:1, i:51)
2024-03-04 13:02:50,987 [omNode-2@group-523986131536-StateMachineUpdater] INFO  ratis.OzoneManagerStateMachine (OzoneManagerStateMachine.java:takeSnapshotImpl(470)) - snapshot = (t:1, i:51)
2024-03-04 13:02:50,988 [main] INFO  om.OzoneManager (OzoneManager.java:stop(2204)) - omNode-3[localhost:15184]: Stopping Ozone Manager
2024-03-04 13:02:50,988 [main] INFO  ipc.Server (Server.java:stop(3523)) - Stopping server on 15184
2024-03-04 13:02:50,991 [IPC Server listener on 15184] INFO  ipc.Server (Server.java:run(1434)) - Stopping IPC Server listener on 15184
2024-03-04 13:02:50,995 [IPC Server Responder] INFO  ipc.Server (Server.java:run(1567)) - Stopping IPC Server Responder
2024-03-04 13:02:50,996 [main] INFO  ratis.OzoneManagerRatisServer (OzoneManagerRatisServer.java:stop(594)) - Stopping org.apache.hadoop.ozone.om.ratis.OzoneManagerRatisServer@1fd8c80a at port 15187
2024-03-04 13:02:50,996 [main] INFO  server.RaftServer (RaftServerProxy.java:lambda$close$9(416)) - omNode-3: close
2024-03-04 13:02:50,996 [main] INFO  server.GrpcService (GrpcService.java:closeImpl(311)) - omNode-3: shutdown server GrpcServerProtocolService now
2024-03-04 13:02:50,996 [omNode-3-impl-thread2] INFO  server.RaftServer$Division (RaftServerImpl.java:lambda$close$3(526)) - omNode-3@group-523986131536: shutdown
2024-03-04 13:02:50,998 [grpc-default-executor-2] WARN  server.GrpcLogAppender (LogUtils.java:warn(121)) - omNode-1@group-523986131536->omNode-3-AppendLogResponseHandler: Failed appendEntries: org.apache.ratis.thirdparty.io.grpc.StatusRuntimeException: CANCELLED: RST_STREAM closed stream. HTTP/2 error code: CANCEL
2024-03-04 13:02:50,998 [grpc-default-executor-5] WARN  server.GrpcServerProtocolService (LogUtils.java:warn(121)) - omNode-3: APPEND_ENTRIES onError, lastRequest: omNode-1->omNode-3#166-t1,previous=(t:1, i:51),leaderCommit=51,initializing? false,entries: size=1, first=(t:1, i:52), METADATAENTRY(c:51): org.apache.ratis.thirdparty.io.grpc.StatusRuntimeException: CANCELLED: client cancelled
2024-03-04 13:02:50,998 [grpc-default-executor-2] WARN  server.GrpcLogAppender (GrpcLogAppender.java:lambda$resetClient$1(217)) - omNode-1@group-523986131536->omNode-3-GrpcLogAppender: Follower failed (request=null, errorCount=1); keep nextIndex (53) unchanged and retry.
2024-03-04 13:02:50,998 [grpc-default-executor-2] WARN  server.GrpcServerProtocolService (LogUtils.java:warn(121)) - omNode-3: APPEND_ENTRIES onError, lastRequest: null: org.apache.ratis.thirdparty.io.grpc.StatusRuntimeException: CANCELLED: client cancelled
2024-03-04 13:02:50,999 [main] INFO  server.GrpcService (GrpcService.java:closeImpl(320)) - omNode-3: shutdown server GrpcServerProtocolService successfully
2024-03-04 13:02:50,999 [omNode-3-impl-thread2] INFO  util.JmxRegister (JmxRegister.java:unregister(73)) - Successfully un-registered JMX Bean with object name Ratis:service=RaftServer,group=group-523986131536,id=omNode-3
2024-03-04 13:02:50,999 [omNode-3-impl-thread2] INFO  impl.RoleInfo (RoleInfo.java:shutdownFollowerState(110)) - omNode-3: shutdown omNode-3@group-523986131536-FollowerState
2024-03-04 13:02:50,999 [omNode-3@group-523986131536-FollowerState] INFO  impl.FollowerState (FollowerState.java:run(152)) - omNode-3@group-523986131536-FollowerState was interrupted
2024-03-04 13:02:50,999 [omNode-3-impl-thread2] INFO  impl.StateMachineUpdater (StateMachineUpdater.java:stopAndJoin(157)) - omNode-3@group-523986131536-StateMachineUpdater: set stopIndex = 52
2024-03-04 13:02:50,999 [omNode-3@group-523986131536-StateMachineUpdater] INFO  ratis.OzoneManagerStateMachine (OzoneManagerStateMachine.java:takeSnapshotImpl(467)) -  applied = (t:1, i:51)
2024-03-04 13:02:50,999 [omNode-3@group-523986131536-StateMachineUpdater] INFO  ratis.OzoneManagerStateMachine (OzoneManagerStateMachine.java:takeSnapshotImpl(468)) -  skipped = 51
2024-03-04 13:02:50,999 [omNode-3@group-523986131536-StateMachineUpdater] INFO  ratis.OzoneManagerStateMachine (OzoneManagerStateMachine.java:takeSnapshotImpl(469)) - notified = (t:1, i:52)
2024-03-04 13:02:50,999 [omNode-3@group-523986131536-StateMachineUpdater] INFO  ratis.OzoneManagerStateMachine (OzoneManagerStateMachine.java:takeSnapshotImpl(470)) - snapshot = (t:1, i:52)
2024-03-04 13:02:51,005 [omNode-3@group-523986131536-StateMachineUpdater] INFO  impl.StateMachineUpdater (StateMachineUpdater.java:takeSnapshot(295)) - omNode-3@group-523986131536-StateMachineUpdater: Took a snapshot at index 52
2024-03-04 13:02:51,005 [omNode-3@group-523986131536-StateMachineUpdater] INFO  impl.StateMachineUpdater (StateMachineUpdater.java:lambda$new$0(98)) - omNode-3@group-523986131536-StateMachineUpdater: snapshotIndex: updateIncreasingly 50 -> 52
2024-03-04 13:02:51,005 [omNode-3@group-523986131536-StateMachineUpdater] INFO  ratis.OzoneManagerStateMachine (OzoneManagerStateMachine.java:close(513)) - Stopping OzoneManagerStateMachine:omNode-3:group-523986131536.
2024-03-04 13:02:51,005 [omNode-3@group-523986131536-StateMachineUpdater] INFO  ratis.OzoneManagerDoubleBuffer (OzoneManagerDoubleBuffer.java:stopDaemon(518)) - Stopping OMDoubleBuffer flush thread
2024-03-04 13:02:51,006 [omNode-3-OMDoubleBufferFlushThread] INFO  ratis.OzoneManagerDoubleBuffer (OzoneManagerDoubleBuffer.java:canFlush(582)) - OMDoubleBuffer flush thread omNode-3-OMDoubleBufferFlushThread is interrupted and will exit.
2024-03-04 13:02:51,007 [omNode-3-impl-thread2] INFO  server.RaftServer$Division (ServerState.java:close(427)) - omNode-3@group-523986131536: applyIndex: 51
2024-03-04 13:02:51,007 [omNode-3@group-523986131536-cacheEviction-AwaitToRun] INFO  util.AwaitToRun (AwaitToRun.java:run(49)) - omNode-3@group-523986131536-cacheEviction-AwaitToRun-AwaitForSignal is interrupted
2024-03-04 13:02:51,015 [omNode-2@group-523986131536-StateMachineUpdater] INFO  impl.StateMachineUpdater (StateMachineUpdater.java:takeSnapshot(295)) - omNode-2@group-523986131536-StateMachineUpdater: Took a snapshot at index 51
2024-03-04 13:02:51,015 [omNode-2@group-523986131536-StateMachineUpdater] INFO  impl.StateMachineUpdater (StateMachineUpdater.java:lambda$new$0(98)) - omNode-2@group-523986131536-StateMachineUpdater: snapshotIndex: updateIncreasingly -1 -> 51
2024-03-04 13:02:51,015 [omNode-2@group-523986131536-StateMachineUpdater] INFO  raftlog.RaftLog (RaftLogBase.java:purge(330)) - omNode-2@group-523986131536-SegmentedRaftLog: purge 51
2024-03-04 13:02:51,015 [omNode-1@group-523986131536-StateMachineUpdater] INFO  impl.StateMachineUpdater (StateMachineUpdater.java:takeSnapshot(295)) - omNode-1@group-523986131536-StateMachineUpdater: Took a snapshot at index 51
2024-03-04 13:02:51,015 [omNode-1@group-523986131536-StateMachineUpdater] INFO  impl.StateMachineUpdater (StateMachineUpdater.java:lambda$new$0(98)) - omNode-1@group-523986131536-StateMachineUpdater: snapshotIndex: updateIncreasingly -1 -> 51
2024-03-04 13:02:51,015 [omNode-1@group-523986131536-StateMachineUpdater] INFO  raftlog.RaftLog (RaftLogBase.java:purge(330)) - omNode-1@group-523986131536-SegmentedRaftLog: purge 51
2024-03-04 13:02:51,015 [omNode-2@group-523986131536-StateMachineUpdater] INFO  raftlog.RaftLog (RaftLogBase.java:lambda$new$0(54)) - omNode-2@group-523986131536-SegmentedRaftLog: snapshotIndex: updateIncreasingly -1 -> 51
2024-03-04 13:02:51,015 [omNode-1@group-523986131536-StateMachineUpdater] INFO  raftlog.RaftLog (RaftLogBase.java:lambda$new$0(54)) - omNode-1@group-523986131536-SegmentedRaftLog: snapshotIndex: updateIncreasingly -1 -> 51
2024-03-04 13:02:51,016 [omNode-2@group-523986131536-StateMachineUpdater] INFO  raftlog.RaftLog (RaftLogBase.java:lambda$new$0(54)) - omNode-2@group-523986131536-SegmentedRaftLog: purgeIndex: updateToMax old=-1, new=51, updated? true
2024-03-04 13:02:51,016 [omNode-1@group-523986131536-StateMachineUpdater] INFO  raftlog.RaftLog (RaftLogBase.java:lambda$new$0(54)) - omNode-1@group-523986131536-SegmentedRaftLog: purgeIndex: updateToMax old=-1, new=51, updated? true
2024-03-04 13:02:52,003 [omNode-3-impl-thread2] INFO  segmented.SegmentedRaftLogWorker (SegmentedRaftLogWorker.java:close(245)) - omNode-3@group-523986131536-SegmentedRaftLogWorker close()
2024-03-04 13:02:52,004 [JvmPauseMonitor52] INFO  util.JvmPauseMonitor (JvmPauseMonitor.java:run(152)) - JvmPauseMonitor-omNode-3: Stopped
2024-03-04 13:02:52,005 [main] INFO  utils.BackgroundService (BackgroundService.java:shutdown(160)) - Shutting down service KeyDeletingService
2024-03-04 13:02:52,005 [main] INFO  utils.BackgroundService (BackgroundService.java:shutdown(160)) - Shutting down service DirectoryDeletingService
2024-03-04 13:02:52,005 [main] INFO  utils.BackgroundService (BackgroundService.java:shutdown(160)) - Shutting down service OpenKeyCleanupService
2024-03-04 13:02:52,005 [main] INFO  utils.BackgroundService (BackgroundService.java:shutdown(160)) - Shutting down service SstFilteringService
2024-03-04 13:02:52,005 [main] INFO  utils.BackgroundService (BackgroundService.java:shutdown(160)) - Shutting down service SnapshotDeletingService
2024-03-04 13:02:52,006 [main] INFO  utils.BackgroundService (BackgroundService.java:shutdown(160)) - Shutting down service MultipartUploadCleanupService
2024-03-04 13:02:52,006 [main] INFO  utils.BackgroundService (BackgroundService.java:shutdown(160)) - Shutting down service SnapshotDirectoryCleaningService
2024-03-04 13:02:52,006 [main] INFO  handler.ContextHandler (ContextHandler.java:doStop(1159)) - Stopped o.e.j.w.WebAppContext@357561bf{ozoneManager,/,null,STOPPED}{file:/home/runner/work/ozone/ozone/hadoop-ozone/integration-test/target/test-classes/webapps/ozoneManager}
2024-03-04 13:02:52,007 [main] INFO  server.AbstractConnector (AbstractConnector.java:doStop(383)) - Stopped ServerConnector@369bb7f8{HTTP/1.1, (http/1.1)}{0.0.0.0:15185}
2024-03-04 13:02:52,007 [main] INFO  server.session (HouseKeeper.java:stopScavenging(149)) - node0 Stopped scavenging
2024-03-04 13:02:52,007 [main] INFO  handler.ContextHandler (ContextHandler.java:doStop(1159)) - Stopped o.e.j.s.ServletContextHandler@74f66b42{static,/static,file:///home/runner/work/ozone/ozone/hadoop-ozone/integration-test/target/test-classes/webapps/static,STOPPED}
2024-03-04 13:02:52,007 [main] INFO  handler.ContextHandler (ContextHandler.java:doStop(1159)) - Stopped o.e.j.s.ServletContextHandler@41abb865{logs,/logs,file:///home/runner/work/ozone/ozone/hadoop-ozone/integration-test/target/log,STOPPED}
2024-03-04 13:02:52,008 [main] INFO  rocksdiff.RocksDBCheckpointDiffer (RocksDBCheckpointDiffer.java:close(310)) - Shutting down CompactionDagPruningService.
2024-03-04 13:02:52,009 [main] INFO  snapshot.SnapshotDiffManager (SnapshotDiffManager.java:closeExecutorService(1657)) - Shutting down executorService: 'SnapDiffExecutor'
2024-03-04 13:02:52,009 [main] INFO  utils.BackgroundService (BackgroundService.java:shutdown(160)) - Shutting down service SnapshotDiffCleanupService
2024-03-04 13:02:52,010 [main] INFO  om.OzoneManager (OzoneManager.java:stop(2204)) - omNode-1[localhost:15176]: Stopping Ozone Manager
2024-03-04 13:02:52,010 [main] INFO  ipc.Server (Server.java:stop(3523)) - Stopping server on 15176
2024-03-04 13:02:52,012 [IPC Server listener on 15176] INFO  ipc.Server (Server.java:run(1434)) - Stopping IPC Server listener on 15176
2024-03-04 13:02:52,012 [IPC Server Responder] INFO  ipc.Server (Server.java:run(1567)) - Stopping IPC Server Responder
2024-03-04 13:02:52,013 [main] INFO  ratis.OzoneManagerRatisServer (OzoneManagerRatisServer.java:stop(594)) - Stopping org.apache.hadoop.ozone.om.ratis.OzoneManagerRatisServer@4069ec3d at port 15179
2024-03-04 13:02:52,013 [main] INFO  server.RaftServer (RaftServerProxy.java:lambda$close$9(416)) - omNode-1: close
2024-03-04 13:02:52,014 [main] INFO  server.GrpcService (GrpcService.java:closeImpl(311)) - omNode-1: shutdown server GrpcServerProtocolService now
2024-03-04 13:02:52,014 [omNode-1-impl-thread2] INFO  server.RaftServer$Division (RaftServerImpl.java:lambda$close$3(526)) - omNode-1@group-523986131536: shutdown
2024-03-04 13:02:52,015 [omNode-1-impl-thread2] INFO  util.JmxRegister (JmxRegister.java:unregister(73)) - Successfully un-registered JMX Bean with object name Ratis:service=RaftServer,group=group-523986131536,id=omNode-1
2024-03-04 13:02:52,017 [omNode-1-impl-thread2] INFO  impl.RoleInfo (RoleInfo.java:shutdownLeaderState(94)) - omNode-1: shutdown omNode-1@group-523986131536-LeaderStateImpl
2024-03-04 13:02:52,017 [Thread-8850] INFO  server.GrpcServerProtocolClient (GrpcServerProtocolClient.java:close(103)) - omNode-3 Close channels
2024-03-04 13:02:52,018 [omNode-1@group-523986131536->omNode-2-GrpcLogAppender-LogAppenderDaemon] WARN  server.GrpcLogAppender (GrpcLogAppender.java:mayWait(289)) - omNode-1@group-523986131536->omNode-2-GrpcLogAppender: Wait interrupted by java.lang.InterruptedException
2024-03-04 13:02:52,017 [Thread-8852] INFO  server.GrpcServerProtocolClient (GrpcServerProtocolClient.java:close(103)) - omNode-2 Close channels
2024-03-04 13:02:52,018 [grpc-default-executor-2] INFO  server.GrpcServerProtocolService (GrpcServerProtocolService.java:onCompleted(157)) - omNode-2: Completed APPEND_ENTRIES, lastRequest: null
2024-03-04 13:02:52,020 [grpc-default-executor-7] INFO  server.GrpcServerProtocolService (GrpcServerProtocolService.java:onCompleted(157)) - omNode-2: Completed APPEND_ENTRIES, lastRequest: omNode-1->omNode-2#164-t1,previous=(t:1, i:51),leaderCommit=51,initializing? false,entries: size=1, first=(t:1, i:52), METADATAENTRY(c:51)
2024-03-04 13:02:52,020 [grpc-default-executor-2] INFO  server.GrpcServerProtocolService (GrpcServerProtocolService.java:lambda$onCompleted$5(159)) - omNode-2: Completed APPEND_ENTRIES, lastReply: serverReply {
  requestorId: "omNode-1"
  replyId: "omNode-2"
  raftGroupId {
    id: "\311\274L\364;\303<`\246kR9\206\023\0256"
  }
  callId: 408
  success: true
}
term: 1
nextIndex: 53
followerCommit: 52
matchIndex: 18446744073709551615
isHearbeat: true

2024-03-04 13:02:52,018 [omNode-1-impl-thread2] INFO  impl.PendingRequests (PendingRequests.java:sendNotLeaderResponses(289)) - omNode-1@group-523986131536-PendingRequests: sendNotLeaderResponses
2024-03-04 13:02:52,018 [omNode-1@group-523986131536->omNode-3-GrpcLogAppender-LogAppenderDaemon] WARN  server.GrpcLogAppender (GrpcLogAppender.java:mayWait(289)) - omNode-1@group-523986131536->omNode-3-GrpcLogAppender: Wait interrupted by java.lang.InterruptedException
2024-03-04 13:02:52,020 [grpc-default-executor-7] INFO  server.GrpcServerProtocolService (GrpcServerProtocolService.java:lambda$onCompleted$5(159)) - omNode-2: Completed APPEND_ENTRIES, lastReply: null
2024-03-04 13:02:52,021 [omNode-1-impl-thread2] INFO  impl.StateMachineUpdater (StateMachineUpdater.java:stopAndJoin(157)) - omNode-1@group-523986131536-StateMachineUpdater: set stopIndex = 52
2024-03-04 13:02:52,021 [omNode-1@group-523986131536-StateMachineUpdater] INFO  ratis.OzoneManagerStateMachine (OzoneManagerStateMachine.java:takeSnapshotImpl(467)) -  applied = (t:1, i:51)
2024-03-04 13:02:52,022 [grpc-default-executor-6] INFO  server.GrpcLogAppender (GrpcLogAppender.java:onCompleted(546)) - omNode-1@group-523986131536->omNode-2-AppendLogResponseHandler: follower responses appendEntries COMPLETED
2024-03-04 13:02:52,022 [omNode-1@group-523986131536-StateMachineUpdater] INFO  ratis.OzoneManagerStateMachine (OzoneManagerStateMachine.java:takeSnapshotImpl(468)) -  skipped = 51
2024-03-04 13:02:52,022 [omNode-1@group-523986131536-StateMachineUpdater] INFO  ratis.OzoneManagerStateMachine (OzoneManagerStateMachine.java:takeSnapshotImpl(469)) - notified = (t:1, i:52)
2024-03-04 13:02:52,022 [omNode-1@group-523986131536-StateMachineUpdater] INFO  ratis.OzoneManagerStateMachine (OzoneManagerStateMachine.java:takeSnapshotImpl(470)) - snapshot = (t:1, i:52)
2024-03-04 13:02:52,023 [grpc-default-executor-2] INFO  server.GrpcLogAppender (GrpcLogAppender.java:onCompleted(546)) - omNode-1@group-523986131536->omNode-2-AppendLogResponseHandler: follower responses appendEntries COMPLETED
2024-03-04 13:02:52,023 [main] INFO  server.GrpcService (GrpcService.java:closeImpl(320)) - omNode-1: shutdown server GrpcServerProtocolService successfully
2024-03-04 13:02:52,023 [grpc-default-executor-2] WARN  server.GrpcLogAppender (GrpcLogAppender.java:resetClient(226)) - omNode-1@group-523986131536->omNode-2-GrpcLogAppender: Failed to getClient for omNode-2
org.apache.ratis.protocol.exceptions.AlreadyClosedException: omNode-1 is already CLOSED
	at org.apache.ratis.util.PeerProxyMap$PeerAndProxy.getProxy(PeerProxyMap.java:65)
	at org.apache.ratis.util.PeerProxyMap.getProxy(PeerProxyMap.java:114)
	at org.apache.ratis.grpc.server.GrpcLogAppender.getClient(GrpcLogAppender.java:196)
	at org.apache.ratis.grpc.server.GrpcLogAppender.resetClient(GrpcLogAppender.java:201)
	at org.apache.ratis.grpc.server.GrpcLogAppender.access$800(GrpcLogAppender.java:62)
	at org.apache.ratis.grpc.server.GrpcLogAppender$AppendLogResponseHandler.onCompleted(GrpcLogAppender.java:547)
	at org.apache.ratis.thirdparty.io.grpc.stub.ClientCalls$StreamObserverToCallListenerAdapter.onClose(ClientCalls.java:479)
	at org.apache.ratis.thirdparty.io.grpc.internal.DelayedClientCall$DelayedListener$3.run(DelayedClientCall.java:489)
	at org.apache.ratis.thirdparty.io.grpc.internal.DelayedClientCall$DelayedListener.delayOrExecute(DelayedClientCall.java:453)
	at org.apache.ratis.thirdparty.io.grpc.internal.DelayedClientCall$DelayedListener.onClose(DelayedClientCall.java:486)
	at org.apache.ratis.thirdparty.io.grpc.internal.ClientCallImpl.closeObserver(ClientCallImpl.java:567)
	at org.apache.ratis.thirdparty.io.grpc.internal.ClientCallImpl.access$300(ClientCallImpl.java:71)
	at org.apache.ratis.thirdparty.io.grpc.internal.ClientCallImpl$ClientStreamListenerImpl$1StreamClosed.runInternal(ClientCallImpl.java:735)
	at org.apache.ratis.thirdparty.io.grpc.internal.ClientCallImpl$ClientStreamListenerImpl$1StreamClosed.runInContext(ClientCallImpl.java:716)
	at org.apache.ratis.thirdparty.io.grpc.internal.ContextRunnable.run(ContextRunnable.java:37)
	at org.apache.ratis.thirdparty.io.grpc.internal.SerializingExecutor.run(SerializingExecutor.java:133)
	at java.util.concurrent.ThreadPoolExecutor.runWorker(ThreadPoolExecutor.java:1149)
	at java.util.concurrent.ThreadPoolExecutor$Worker.run(ThreadPoolExecutor.java:624)
	at java.lang.Thread.run(Thread.java:750)
2024-03-04 13:02:52,023 [grpc-default-executor-6] WARN  server.GrpcLogAppender (GrpcLogAppender.java:resetClient(226)) - omNode-1@group-523986131536->omNode-2-GrpcLogAppender: Failed to getClient for omNode-2
org.apache.ratis.protocol.exceptions.AlreadyClosedException: omNode-1 is already CLOSED
	at org.apache.ratis.util.PeerProxyMap$PeerAndProxy.getProxy(PeerProxyMap.java:65)
	at org.apache.ratis.util.PeerProxyMap.getProxy(PeerProxyMap.java:114)
	at org.apache.ratis.grpc.server.GrpcLogAppender.getClient(GrpcLogAppender.java:196)
	at org.apache.ratis.grpc.server.GrpcLogAppender.resetClient(GrpcLogAppender.java:201)
	at org.apache.ratis.grpc.server.GrpcLogAppender.access$800(GrpcLogAppender.java:62)
	at org.apache.ratis.grpc.server.GrpcLogAppender$AppendLogResponseHandler.onCompleted(GrpcLogAppender.java:547)
	at org.apache.ratis.thirdparty.io.grpc.stub.ClientCalls$StreamObserverToCallListenerAdapter.onClose(ClientCalls.java:479)
	at org.apache.ratis.thirdparty.io.grpc.internal.ClientCallImpl.closeObserver(ClientCallImpl.java:567)
	at org.apache.ratis.thirdparty.io.grpc.internal.ClientCallImpl.access$300(ClientCallImpl.java:71)
	at org.apache.ratis.thirdparty.io.grpc.internal.ClientCallImpl$ClientStreamListenerImpl$1StreamClosed.runInternal(ClientCallImpl.java:735)
	at org.apache.ratis.thirdparty.io.grpc.internal.ClientCallImpl$ClientStreamListenerImpl$1StreamClosed.runInContext(ClientCallImpl.java:716)
	at org.apache.ratis.thirdparty.io.grpc.internal.ContextRunnable.run(ContextRunnable.java:37)
	at org.apache.ratis.thirdparty.io.grpc.internal.SerializingExecutor.run(SerializingExecutor.java:133)
	at java.util.concurrent.ThreadPoolExecutor.runWorker(ThreadPoolExecutor.java:1149)
	at java.util.concurrent.ThreadPoolExecutor$Worker.run(ThreadPoolExecutor.java:624)
	at java.lang.Thread.run(Thread.java:750)
2024-03-04 13:02:52,026 [omNode-1@group-523986131536-StateMachineUpdater] INFO  impl.StateMachineUpdater (StateMachineUpdater.java:takeSnapshot(295)) - omNode-1@group-523986131536-StateMachineUpdater: Took a snapshot at index 52
2024-03-04 13:02:52,026 [omNode-1@group-523986131536-StateMachineUpdater] INFO  impl.StateMachineUpdater (StateMachineUpdater.java:lambda$new$0(98)) - omNode-1@group-523986131536-StateMachineUpdater: snapshotIndex: updateIncreasingly 51 -> 52
2024-03-04 13:02:52,026 [omNode-1@group-523986131536-StateMachineUpdater] INFO  ratis.OzoneManagerStateMachine (OzoneManagerStateMachine.java:close(513)) - Stopping OzoneManagerStateMachine:omNode-1:group-523986131536.
2024-03-04 13:02:52,026 [omNode-1@group-523986131536-StateMachineUpdater] INFO  ratis.OzoneManagerDoubleBuffer (OzoneManagerDoubleBuffer.java:stopDaemon(518)) - Stopping OMDoubleBuffer flush thread
2024-03-04 13:02:52,029 [omNode-1-OMDoubleBufferFlushThread] INFO  ratis.OzoneManagerDoubleBuffer (OzoneManagerDoubleBuffer.java:canFlush(582)) - OMDoubleBuffer flush thread omNode-1-OMDoubleBufferFlushThread is interrupted and will exit.
2024-03-04 13:02:52,029 [omNode-1-impl-thread2] INFO  server.RaftServer$Division (ServerState.java:close(427)) - omNode-1@group-523986131536: applyIndex: 51
2024-03-04 13:02:52,029 [omNode-1@group-523986131536-cacheEviction-AwaitToRun] INFO  util.AwaitToRun (AwaitToRun.java:run(49)) - omNode-1@group-523986131536-cacheEviction-AwaitToRun-AwaitForSignal is interrupted
2024-03-04 13:02:52,988 [omNode-1-impl-thread2] INFO  segmented.SegmentedRaftLogWorker (SegmentedRaftLogWorker.java:close(245)) - omNode-1@group-523986131536-SegmentedRaftLogWorker close()
2024-03-04 13:02:52,990 [JvmPauseMonitor50] INFO  util.JvmPauseMonitor (JvmPauseMonitor.java:run(152)) - JvmPauseMonitor-omNode-1: Stopped
2024-03-04 13:02:52,990 [main] INFO  utils.BackgroundService (BackgroundService.java:shutdown(160)) - Shutting down service KeyDeletingService
2024-03-04 13:02:52,990 [main] INFO  utils.BackgroundService (BackgroundService.java:shutdown(160)) - Shutting down service DirectoryDeletingService
2024-03-04 13:02:52,990 [main] INFO  utils.BackgroundService (BackgroundService.java:shutdown(160)) - Shutting down service OpenKeyCleanupService
2024-03-04 13:02:52,990 [main] INFO  utils.BackgroundService (BackgroundService.java:shutdown(160)) - Shutting down service SstFilteringService
2024-03-04 13:02:52,991 [main] INFO  utils.BackgroundService (BackgroundService.java:shutdown(160)) - Shutting down service SnapshotDeletingService
2024-03-04 13:02:52,991 [main] INFO  utils.BackgroundService (BackgroundService.java:shutdown(160)) - Shutting down service MultipartUploadCleanupService
2024-03-04 13:02:52,991 [main] INFO  utils.BackgroundService (BackgroundService.java:shutdown(160)) - Shutting down service SnapshotDirectoryCleaningService
2024-03-04 13:02:52,992 [main] INFO  handler.ContextHandler (ContextHandler.java:doStop(1159)) - Stopped o.e.j.w.WebAppContext@67b3c60f{ozoneManager,/,null,STOPPED}{file:/home/runner/work/ozone/ozone/hadoop-ozone/integration-test/target/test-classes/webapps/ozoneManager}
2024-03-04 13:02:52,992 [main] INFO  server.AbstractConnector (AbstractConnector.java:doStop(383)) - Stopped ServerConnector@6bcc7181{HTTP/1.1, (http/1.1)}{0.0.0.0:15177}
2024-03-04 13:02:52,992 [main] INFO  server.session (HouseKeeper.java:stopScavenging(149)) - node0 Stopped scavenging
2024-03-04 13:02:52,992 [main] INFO  handler.ContextHandler (ContextHandler.java:doStop(1159)) - Stopped o.e.j.s.ServletContextHandler@1cbd427c{static,/static,file:///home/runner/work/ozone/ozone/hadoop-ozone/integration-test/target/test-classes/webapps/static,STOPPED}
2024-03-04 13:02:52,993 [main] INFO  handler.ContextHandler (ContextHandler.java:doStop(1159)) - Stopped o.e.j.s.ServletContextHandler@7713192a{logs,/logs,file:///home/runner/work/ozone/ozone/hadoop-ozone/integration-test/target/log,STOPPED}
2024-03-04 13:02:52,993 [main] INFO  rocksdiff.RocksDBCheckpointDiffer (RocksDBCheckpointDiffer.java:close(310)) - Shutting down CompactionDagPruningService.
2024-03-04 13:02:52,994 [main] INFO  snapshot.SnapshotDiffManager (SnapshotDiffManager.java:closeExecutorService(1657)) - Shutting down executorService: 'SnapDiffExecutor'
2024-03-04 13:02:52,995 [main] INFO  utils.BackgroundService (BackgroundService.java:shutdown(160)) - Shutting down service SnapshotDiffCleanupService
2024-03-04 13:02:52,996 [main] INFO  om.OzoneManager (OzoneManager.java:stop(2204)) - omNode-2[localhost:15180]: Stopping Ozone Manager
2024-03-04 13:02:52,996 [main] INFO  ipc.Server (Server.java:stop(3523)) - Stopping server on 15180
2024-03-04 13:02:52,998 [IPC Server listener on 15180] INFO  ipc.Server (Server.java:run(1434)) - Stopping IPC Server listener on 15180
2024-03-04 13:02:52,998 [IPC Server Responder] INFO  ipc.Server (Server.java:run(1567)) - Stopping IPC Server Responder
2024-03-04 13:02:52,999 [main] INFO  ratis.OzoneManagerRatisServer (OzoneManagerRatisServer.java:stop(594)) - Stopping org.apache.hadoop.ozone.om.ratis.OzoneManagerRatisServer@70b7748d at port 15183
2024-03-04 13:02:52,999 [main] INFO  server.RaftServer (RaftServerProxy.java:lambda$close$9(416)) - omNode-2: close
2024-03-04 13:02:53,000 [main] INFO  server.GrpcService (GrpcService.java:closeImpl(311)) - omNode-2: shutdown server GrpcServerProtocolService now
2024-03-04 13:02:53,000 [omNode-2-impl-thread2] INFO  server.RaftServer$Division (RaftServerImpl.java:lambda$close$3(526)) - omNode-2@group-523986131536: shutdown
2024-03-04 13:02:53,000 [omNode-2-impl-thread2] INFO  util.JmxRegister (JmxRegister.java:unregister(73)) - Successfully un-registered JMX Bean with object name Ratis:service=RaftServer,group=group-523986131536,id=omNode-2
2024-03-04 13:02:53,000 [omNode-2-impl-thread2] INFO  impl.RoleInfo (RoleInfo.java:shutdownFollowerState(110)) - omNode-2: shutdown omNode-2@group-523986131536-FollowerState
2024-03-04 13:02:53,001 [omNode-2-impl-thread2] INFO  impl.StateMachineUpdater (StateMachineUpdater.java:stopAndJoin(157)) - omNode-2@group-523986131536-StateMachineUpdater: set stopIndex = 52
2024-03-04 13:02:53,001 [omNode-2@group-523986131536-StateMachineUpdater] INFO  ratis.OzoneManagerStateMachine (OzoneManagerStateMachine.java:takeSnapshotImpl(467)) -  applied = (t:1, i:51)
2024-03-04 13:02:53,001 [omNode-2@group-523986131536-StateMachineUpdater] INFO  ratis.OzoneManagerStateMachine (OzoneManagerStateMachine.java:takeSnapshotImpl(468)) -  skipped = 51
2024-03-04 13:02:53,001 [main] INFO  server.GrpcService (GrpcService.java:closeImpl(320)) - omNode-2: shutdown server GrpcServerProtocolService successfully
2024-03-04 13:02:53,001 [omNode-2@group-523986131536-FollowerState] INFO  impl.FollowerState (FollowerState.java:run(152)) - omNode-2@group-523986131536-FollowerState was interrupted
2024-03-04 13:02:53,001 [omNode-2@group-523986131536-StateMachineUpdater] INFO  ratis.OzoneManagerStateMachine (OzoneManagerStateMachine.java:takeSnapshotImpl(469)) - notified = (t:1, i:52)
2024-03-04 13:02:53,001 [omNode-2@group-523986131536-StateMachineUpdater] INFO  ratis.OzoneManagerStateMachine (OzoneManagerStateMachine.java:takeSnapshotImpl(470)) - snapshot = (t:1, i:52)
2024-03-04 13:02:53,005 [omNode-2@group-523986131536-StateMachineUpdater] INFO  impl.StateMachineUpdater (StateMachineUpdater.java:takeSnapshot(295)) - omNode-2@group-523986131536-StateMachineUpdater: Took a snapshot at index 52
2024-03-04 13:02:53,005 [omNode-2@group-523986131536-StateMachineUpdater] INFO  impl.StateMachineUpdater (StateMachineUpdater.java:lambda$new$0(98)) - omNode-2@group-523986131536-StateMachineUpdater: snapshotIndex: updateIncreasingly 51 -> 52
2024-03-04 13:02:53,005 [omNode-2@group-523986131536-StateMachineUpdater] INFO  ratis.OzoneManagerStateMachine (OzoneManagerStateMachine.java:close(513)) - Stopping OzoneManagerStateMachine:omNode-2:group-523986131536.
2024-03-04 13:02:53,005 [omNode-2@group-523986131536-StateMachineUpdater] INFO  ratis.OzoneManagerDoubleBuffer (OzoneManagerDoubleBuffer.java:stopDaemon(518)) - Stopping OMDoubleBuffer flush thread
2024-03-04 13:02:53,005 [omNode-2-OMDoubleBufferFlushThread] INFO  ratis.OzoneManagerDoubleBuffer (OzoneManagerDoubleBuffer.java:canFlush(582)) - OMDoubleBuffer flush thread omNode-2-OMDoubleBufferFlushThread is interrupted and will exit.
2024-03-04 13:02:53,005 [omNode-2-impl-thread2] INFO  server.RaftServer$Division (ServerState.java:close(427)) - omNode-2@group-523986131536: applyIndex: 51
2024-03-04 13:02:53,005 [omNode-2@group-523986131536-cacheEviction-AwaitToRun] INFO  util.AwaitToRun (AwaitToRun.java:run(49)) - omNode-2@group-523986131536-cacheEviction-AwaitToRun-AwaitForSignal is interrupted
2024-03-04 13:02:53,988 [omNode-2-impl-thread2] INFO  segmented.SegmentedRaftLogWorker (SegmentedRaftLogWorker.java:close(245)) - omNode-2@group-523986131536-SegmentedRaftLogWorker close()
2024-03-04 13:02:53,989 [JvmPauseMonitor51] INFO  util.JvmPauseMonitor (JvmPauseMonitor.java:run(152)) - JvmPauseMonitor-omNode-2: Stopped
2024-03-04 13:02:53,990 [main] INFO  utils.BackgroundService (BackgroundService.java:shutdown(160)) - Shutting down service KeyDeletingService
2024-03-04 13:02:53,990 [main] INFO  utils.BackgroundService (BackgroundService.java:shutdown(160)) - Shutting down service DirectoryDeletingService
2024-03-04 13:02:53,990 [main] INFO  utils.BackgroundService (BackgroundService.java:shutdown(160)) - Shutting down service OpenKeyCleanupService
2024-03-04 13:02:53,991 [main] INFO  utils.BackgroundService (BackgroundService.java:shutdown(160)) - Shutting down service SstFilteringService
2024-03-04 13:02:53,991 [main] INFO  utils.BackgroundService (BackgroundService.java:shutdown(160)) - Shutting down service SnapshotDeletingService
2024-03-04 13:02:53,992 [main] INFO  utils.BackgroundService (BackgroundService.java:shutdown(160)) - Shutting down service MultipartUploadCleanupService
2024-03-04 13:02:53,992 [main] INFO  utils.BackgroundService (BackgroundService.java:shutdown(160)) - Shutting down service SnapshotDirectoryCleaningService
2024-03-04 13:02:53,992 [main] INFO  handler.ContextHandler (ContextHandler.java:doStop(1159)) - Stopped o.e.j.w.WebAppContext@4d56abb7{ozoneManager,/,null,STOPPED}{file:/home/runner/work/ozone/ozone/hadoop-ozone/integration-test/target/test-classes/webapps/ozoneManager}
2024-03-04 13:02:53,993 [main] INFO  server.AbstractConnector (AbstractConnector.java:doStop(383)) - Stopped ServerConnector@67a261d{HTTP/1.1, (http/1.1)}{0.0.0.0:15181}
2024-03-04 13:02:53,993 [main] INFO  server.session (HouseKeeper.java:stopScavenging(149)) - node0 Stopped scavenging
2024-03-04 13:02:53,993 [main] INFO  handler.ContextHandler (ContextHandler.java:doStop(1159)) - Stopped o.e.j.s.ServletContextHandler@22155842{static,/static,file:///home/runner/work/ozone/ozone/hadoop-ozone/integration-test/target/test-classes/webapps/static,STOPPED}
2024-03-04 13:02:53,993 [main] INFO  handler.ContextHandler (ContextHandler.java:doStop(1159)) - Stopped o.e.j.s.ServletContextHandler@51c09954{logs,/logs,file:///home/runner/work/ozone/ozone/hadoop-ozone/integration-test/target/log,STOPPED}
2024-03-04 13:02:53,994 [main] INFO  rocksdiff.RocksDBCheckpointDiffer (RocksDBCheckpointDiffer.java:close(310)) - Shutting down CompactionDagPruningService.
2024-03-04 13:02:53,995 [main] INFO  snapshot.SnapshotDiffManager (SnapshotDiffManager.java:closeExecutorService(1657)) - Shutting down executorService: 'SnapDiffExecutor'
2024-03-04 13:02:53,995 [main] INFO  utils.BackgroundService (BackgroundService.java:shutdown(160)) - Shutting down service SnapshotDiffCleanupService
2024-03-04 13:02:53,997 [main] INFO  om.OzoneManager (OzoneManager.java:restart(1710)) - OzoneManager RPC server is listening at localhost/127.0.0.1:15184
2024-03-04 13:02:53,997 [main] INFO  impl.MetricsSystemImpl (MetricsSystemImpl.java:init(158)) - OzoneManager metrics system started (again)
2024-03-04 13:02:54,005 [main] WARN  server.ServerUtils (ServerUtils.java:getDBPath(299)) - ozone.om.db.dirs is not configured. We recommend adding this setting. Falling back to ozone.metadata.dirs instead.
2024-03-04 13:02:54,005 [main] INFO  helpers.OmKeyInfo (OmKeyInfo.java:getCodec(71)) - OmKeyInfo.getCodec ignorePipeline = true
2024-03-04 13:02:54,040 [main] INFO  om.OzoneManager (OzoneManager.java:instantiateServices(804)) - S3 Multi-Tenancy is disabled
2024-03-04 13:02:54,041 [main] INFO  om.OmSnapshotManager (OmSnapshotManager.java:<init>(177)) - Ozone filesystem snapshot feature is enabled.
2024-03-04 13:02:54,041 [main] WARN  server.ServerUtils (ServerUtils.java:getDBPath(299)) - ozone.om.snapshot.diff.db.dir is not configured. We recommend adding this setting. Falling back to ozone.metadata.dirs instead.
2024-03-04 13:02:54,049 [main] INFO  utils.NativeLibraryLoader (NativeLibraryLoader.java:loadLibrary(108)) - Loading Library: ozone_rocksdb_tools
2024-03-04 13:02:54,050 [main] ERROR snapshot.SnapshotDiffManager (SnapshotDiffManager.java:initNativeLibraryForEfficientDiff(287)) - Native Library for raw sst file reading loading failed.
org.apache.hadoop.hdds.utils.NativeLibraryNotLoadedException: Unable to load library ozone_rocksdb_tools from both java.library.path & resource file libozone_rocksdb_tools.so from jar.
	at org.apache.hadoop.hdds.utils.db.managed.ManagedRawSSTFileReader.loadLibrary(ManagedRawSSTFileReader.java:38)
	at org.apache.hadoop.ozone.om.snapshot.SnapshotDiffManager.initNativeLibraryForEfficientDiff(SnapshotDiffManager.java:285)
	at org.apache.hadoop.ozone.om.snapshot.SnapshotDiffManager.<init>(SnapshotDiffManager.java:259)
	at org.apache.hadoop.ozone.om.OmSnapshotManager.<init>(OmSnapshotManager.java:279)
	at org.apache.hadoop.ozone.om.OzoneManager.instantiateServices(OzoneManager.java:856)
	at org.apache.hadoop.ozone.om.OzoneManager.restart(OzoneManager.java:1715)
	at org.apache.hadoop.ozone.MiniOzoneHAClusterImpl.restartOzoneManager(MiniOzoneHAClusterImpl.java:211)
	at org.apache.hadoop.ozone.om.TestOzoneManagerPrepare.resetCluster(TestOzoneManagerPrepare.java:113)
	at sun.reflect.NativeMethodAccessorImpl.invoke0(Native Method)
	at sun.reflect.NativeMethodAccessorImpl.invoke(NativeMethodAccessorImpl.java:62)
	at sun.reflect.DelegatingMethodAccessorImpl.invoke(DelegatingMethodAccessorImpl.java:43)
	at java.lang.reflect.Method.invoke(Method.java:498)
	at org.junit.platform.commons.util.ReflectionUtils.invokeMethod(ReflectionUtils.java:728)
	at org.junit.jupiter.engine.execution.MethodInvocation.proceed(MethodInvocation.java:60)
	at org.junit.jupiter.engine.execution.InvocationInterceptorChain$ValidatingInvocation.proceed(InvocationInterceptorChain.java:131)
	at org.junit.jupiter.engine.extension.TimeoutExtension.intercept(TimeoutExtension.java:156)
	at org.junit.jupiter.engine.extension.TimeoutExtension.interceptLifecycleMethod(TimeoutExtension.java:128)
	at org.junit.jupiter.engine.extension.TimeoutExtension.interceptAfterEachMethod(TimeoutExtension.java:110)
	at org.junit.jupiter.engine.execution.InterceptingExecutableInvoker$ReflectiveInterceptorCall.lambda$ofVoidMethod$0(InterceptingExecutableInvoker.java:103)
	at org.junit.jupiter.engine.execution.InterceptingExecutableInvoker.lambda$invoke$0(InterceptingExecutableInvoker.java:93)
	at org.junit.jupiter.engine.execution.InvocationInterceptorChain$InterceptedInvocation.proceed(InvocationInterceptorChain.java:106)
	at org.junit.jupiter.engine.execution.InvocationInterceptorChain.proceed(InvocationInterceptorChain.java:64)
	at org.junit.jupiter.engine.execution.InvocationInterceptorChain.chainAndInvoke(InvocationInterceptorChain.java:45)
	at org.junit.jupiter.engine.execution.InvocationInterceptorChain.invoke(InvocationInterceptorChain.java:37)
	at org.junit.jupiter.engine.execution.InterceptingExecutableInvoker.invoke(InterceptingExecutableInvoker.java:92)
	at org.junit.jupiter.engine.execution.InterceptingExecutableInvoker.invoke(InterceptingExecutableInvoker.java:86)
	at org.junit.jupiter.engine.descriptor.ClassBasedTestDescriptor.invokeMethodInExtensionContext(ClassBasedTestDescriptor.java:521)
	at org.junit.jupiter.engine.descriptor.ClassBasedTestDescriptor.lambda$synthesizeAfterEachMethodAdapter$24(ClassBasedTestDescriptor.java:511)
	at org.junit.jupiter.engine.descriptor.TestMethodTestDescriptor.lambda$invokeAfterEachMethods$10(TestMethodTestDescriptor.java:244)
	at org.junit.jupiter.engine.descriptor.TestMethodTestDescriptor.lambda$invokeAllAfterMethodsOrCallbacks$13(TestMethodTestDescriptor.java:277)
	at org.junit.platform.engine.support.hierarchical.ThrowableCollector.execute(ThrowableCollector.java:73)
	at org.junit.jupiter.engine.descriptor.TestMethodTestDescriptor.lambda$invokeAllAfterMethodsOrCallbacks$14(TestMethodTestDescriptor.java:277)
	at org.junit.platform.commons.util.CollectionUtils.forEachInReverseOrder(CollectionUtils.java:217)
	at org.junit.jupiter.engine.descriptor.TestMethodTestDescriptor.invokeAllAfterMethodsOrCallbacks(TestMethodTestDescriptor.java:276)
	at org.junit.jupiter.engine.descriptor.TestMethodTestDescriptor.invokeAfterEachMethods(TestMethodTestDescriptor.java:242)
	at org.junit.jupiter.engine.descriptor.TestMethodTestDescriptor.execute(TestMethodTestDescriptor.java:143)
	at org.junit.jupiter.engine.descriptor.TestMethodTestDescriptor.execute(TestMethodTestDescriptor.java:69)
	at org.junit.platform.engine.support.hierarchical.NodeTestTask.lambda$executeRecursively$6(NodeTestTask.java:151)
	at org.junit.platform.engine.support.hierarchical.ThrowableCollector.execute(ThrowableCollector.java:73)
	at org.junit.platform.engine.support.hierarchical.NodeTestTask.lambda$executeRecursively$8(NodeTestTask.java:141)
	at org.junit.platform.engine.support.hierarchical.Node.around(Node.java:137)
	at org.junit.platform.engine.support.hierarchical.NodeTestTask.lambda$executeRecursively$9(NodeTestTask.java:139)
	at org.junit.platform.engine.support.hierarchical.ThrowableCollector.execute(ThrowableCollector.java:73)
	at org.junit.platform.engine.support.hierarchical.NodeTestTask.executeRecursively(NodeTestTask.java:138)
	at org.junit.platform.engine.support.hierarchical.NodeTestTask.execute(NodeTestTask.java:95)
	at java.util.ArrayList.forEach(ArrayList.java:1259)
	at org.junit.platform.engine.support.hierarchical.SameThreadHierarchicalTestExecutorService.invokeAll(SameThreadHierarchicalTestExecutorService.java:41)
	at org.junit.platform.engine.support.hierarchical.NodeTestTask.lambda$executeRecursively$6(NodeTestTask.java:155)
	at org.junit.platform.engine.support.hierarchical.ThrowableCollector.execute(ThrowableCollector.java:73)
	at org.junit.platform.engine.support.hierarchical.NodeTestTask.lambda$executeRecursively$8(NodeTestTask.java:141)
	at org.junit.platform.engine.support.hierarchical.Node.around(Node.java:137)
	at org.junit.platform.engine.support.hierarchical.NodeTestTask.lambda$executeRecursively$9(NodeTestTask.java:139)
	at org.junit.platform.engine.support.hierarchical.ThrowableCollector.execute(ThrowableCollector.java:73)
	at org.junit.platform.engine.support.hierarchical.NodeTestTask.executeRecursively(NodeTestTask.java:138)
	at org.junit.platform.engine.support.hierarchical.NodeTestTask.execute(NodeTestTask.java:95)
	at java.util.ArrayList.forEach(ArrayList.java:1259)
	at org.junit.platform.engine.support.hierarchical.SameThreadHierarchicalTestExecutorService.invokeAll(SameThreadHierarchicalTestExecutorService.java:41)
	at org.junit.platform.engine.support.hierarchical.NodeTestTask.lambda$executeRecursively$6(NodeTestTask.java:155)
	at org.junit.platform.engine.support.hierarchical.ThrowableCollector.execute(ThrowableCollector.java:73)
	at org.junit.platform.engine.support.hierarchical.NodeTestTask.lambda$executeRecursively$8(NodeTestTask.java:141)
	at org.junit.platform.engine.support.hierarchical.Node.around(Node.java:137)
	at org.junit.platform.engine.support.hierarchical.NodeTestTask.lambda$executeRecursively$9(NodeTestTask.java:139)
	at org.junit.platform.engine.support.hierarchical.ThrowableCollector.execute(ThrowableCollector.java:73)
	at org.junit.platform.engine.support.hierarchical.NodeTestTask.executeRecursively(NodeTestTask.java:138)
	at org.junit.platform.engine.support.hierarchical.NodeTestTask.execute(NodeTestTask.java:95)
	at org.junit.platform.engine.support.hierarchical.SameThreadHierarchicalTestExecutorService.submit(SameThreadHierarchicalTestExecutorService.java:35)
	at org.junit.platform.engine.support.hierarchical.HierarchicalTestExecutor.execute(HierarchicalTestExecutor.java:57)
	at org.junit.platform.engine.support.hierarchical.HierarchicalTestEngine.execute(HierarchicalTestEngine.java:54)
	at org.junit.platform.launcher.core.EngineExecutionOrchestrator.execute(EngineExecutionOrchestrator.java:198)
	at org.junit.platform.launcher.core.EngineExecutionOrchestrator.execute(EngineExecutionOrchestrator.java:169)
	at org.junit.platform.launcher.core.EngineExecutionOrchestrator.execute(EngineExecutionOrchestrator.java:93)
	at org.junit.platform.launcher.core.EngineExecutionOrchestrator.lambda$execute$0(EngineExecutionOrchestrator.java:58)
	at org.junit.platform.launcher.core.EngineExecutionOrchestrator.withInterceptedStreams(EngineExecutionOrchestrator.java:141)
	at org.junit.platform.launcher.core.EngineExecutionOrchestrator.execute(EngineExecutionOrchestrator.java:57)
	at org.junit.platform.launcher.core.DefaultLauncher.execute(DefaultLauncher.java:103)
	at org.junit.platform.launcher.core.DefaultLauncher.execute(DefaultLauncher.java:85)
	at org.junit.platform.launcher.core.DelegatingLauncher.execute(DelegatingLauncher.java:47)
	at org.junit.platform.launcher.core.SessionPerRequestLauncher.execute(SessionPerRequestLauncher.java:63)
	at org.apache.maven.surefire.junitplatform.JUnitPlatformProvider.invokeAllTests(JUnitPlatformProvider.java:165)
	at org.apache.maven.surefire.junitplatform.JUnitPlatformProvider.invoke(JUnitPlatformProvider.java:124)
	at org.apache.maven.surefire.booter.ForkedBooter.runSuitesInProcess(ForkedBooter.java:428)
	at org.apache.maven.surefire.booter.ForkedBooter.execute(ForkedBooter.java:162)
	at org.apache.maven.surefire.booter.ForkedBooter.run(ForkedBooter.java:562)
	at org.apache.maven.surefire.booter.ForkedBooter.main(ForkedBooter.java:548)
2024-03-04 13:02:54,052 [main] WARN  om.OzoneManager (OzoneManager.java:instantiatePrepareStateOnStartup(4511)) - Prepare marker file index 52 does not match DB prepare index 51. Writing DB index to prepare file and maintaining prepared state.
2024-03-04 13:02:54,052 [main] INFO  om.OzoneManagerPrepareState (OzoneManagerPrepareState.java:writePrepareMarkerFile(262)) - Prepare marker file written with log index 51 to file /home/runner/work/ozone/ozone/hadoop-ozone/integration-test/target/test-dir/MiniOzoneClusterImpl-42dd095f-3e4b-4e15-bcdd-4f5539ea9781/omNode-3/current/prepareMarker
2024-03-04 13:02:54,057 [main] WARN  server.ServerUtils (ServerUtils.java:getDefaultRatisDirectory(311)) - Storage directory for Ratis is not configured. It is a good idea to map this to an SSD disk. Falling back to ozone.metadata.dirs
2024-03-04 13:02:54,058 [main] INFO  ratis.OzoneManagerRatisServer (OzoneManagerRatisServer.java:<init>(167)) - Instantiating OM Ratis server with groupID: om-service-test1 and peers: localhost:15187, localhost:15179, localhost:15183
2024-03-04 13:02:54,059 [main] INFO  ratis.OzoneManagerStateMachine (OzoneManagerStateMachine.java:loadSnapshotInfoFromDB(573)) - LastAppliedIndex is set from TransactionInfo from OM DB as (t:1, i:52)
2024-03-04 13:02:54,065 [main] INFO  server.RaftServer (ConfUtils.java:logGet(46)) - raft.rpc.type = GRPC (default)
2024-03-04 13:02:54,065 [main] INFO  grpc.GrpcConfigKeys (ConfUtils.java:logFallback(53)) - raft.grpc.admin.host = null (fallback to raft.grpc.server.host)
2024-03-04 13:02:54,066 [main] INFO  grpc.GrpcConfigKeys (ConfUtils.java:logFallback(53)) - raft.grpc.admin.port = 15187 (fallback to raft.grpc.server.port)
2024-03-04 13:02:54,066 [main] INFO  grpc.GrpcConfigKeys (ConfUtils.java:logFallback(53)) - raft.grpc.client.host = null (fallback to raft.grpc.server.host)
2024-03-04 13:02:54,066 [main] INFO  grpc.GrpcConfigKeys (ConfUtils.java:logFallback(53)) - raft.grpc.client.port = 15187 (fallback to raft.grpc.server.port)
2024-03-04 13:02:54,066 [main] INFO  grpc.GrpcConfigKeys (ConfUtils.java:logGet(46)) - raft.grpc.server.host = null (default)
2024-03-04 13:02:54,067 [main] INFO  grpc.GrpcConfigKeys (ConfUtils.java:logGet(46)) - raft.grpc.server.port = 15187 (custom)
2024-03-04 13:02:54,067 [main] INFO  server.GrpcService (ConfUtils.java:logGet(46)) - raft.grpc.message.size.max = 4194304 (custom)
2024-03-04 13:02:54,067 [main] INFO  server.RaftServerConfigKeys (ConfUtils.java:logGet(46)) - raft.server.log.appender.buffer.byte-limit = 4194304 (custom)
2024-03-04 13:02:54,067 [main] INFO  server.GrpcService (ConfUtils.java:logGet(46)) - raft.grpc.flow.control.window = 1MB (=1048576) (default)
2024-03-04 13:02:54,067 [main] INFO  server.RaftServerConfigKeys (ConfUtils.java:logGet(46)) - raft.server.rpc.request.timeout = 3000ms (default)
2024-03-04 13:02:54,068 [main] INFO  grpc.GrpcConfigKeys (ConfUtils.java:logGet(46)) - raft.grpc.server.heartbeat.channel = true (default)
2024-03-04 13:02:54,068 [main] INFO  grpc.GrpcConfigKeys (ConfUtils.java:logGet(46)) - raft.grpc.server.async.request.thread.pool.cached = true (default)
2024-03-04 13:02:54,068 [main] INFO  grpc.GrpcConfigKeys (ConfUtils.java:logGet(46)) - raft.grpc.server.async.request.thread.pool.size = 32 (default)
2024-03-04 13:02:54,069 [main] INFO  impl.DataStreamServerImpl (ConfUtils.java:logGet(46)) - raft.datastream.type = DISABLED (default)
2024-03-04 13:02:54,069 [main] INFO  server.RaftServerConfigKeys (ConfUtils.java:logGet(46)) - raft.server.sleep.deviation.threshold = 300ms (default)
2024-03-04 13:02:54,069 [main] INFO  server.RaftServerConfigKeys (ConfUtils.java:logGet(46)) - raft.server.close.threshold = 60s (default)
2024-03-04 13:02:54,070 [main] INFO  server.RaftServerConfigKeys (ConfUtils.java:logGet(46)) - raft.server.leaderelection.leader.step-down.wait-time = 10s (default)
2024-03-04 13:02:54,070 [main] INFO  server.RaftServerConfigKeys (ConfUtils.java:logGet(46)) - raft.server.storage.dir = [/home/runner/work/ozone/ozone/hadoop-ozone/integration-test/target/test-dir/MiniOzoneClusterImpl-42dd095f-3e4b-4e15-bcdd-4f5539ea9781/omNode-3/ratis] (custom)
2024-03-04 13:02:54,070 [main] INFO  server.RaftServerConfigKeys (ConfUtils.java:logGet(46)) - raft.server.threadpool.proxy.cached = true (default)
2024-03-04 13:02:54,070 [main] INFO  server.RaftServerConfigKeys (ConfUtils.java:logGet(46)) - raft.server.threadpool.proxy.size = 0 (default)
2024-03-04 13:02:54,077 [omNode-3-impl-thread1] INFO  server.RaftServer (RaftServerProxy.java:initGroupDir(264)) - omNode-3: found a subdirectory /home/runner/work/ozone/ozone/hadoop-ozone/integration-test/target/test-dir/MiniOzoneClusterImpl-42dd095f-3e4b-4e15-bcdd-4f5539ea9781/omNode-3/ratis/c9bc4cf4-3bc3-3c60-a66b-523986131536
2024-03-04 13:02:54,078 [main] INFO  server.RaftServer (RaftServerProxy.java:addNew(100)) - omNode-3: addNew group-523986131536:[omNode-3|localhost:15187, omNode-1|localhost:15179, omNode-2|localhost:15183] returns group-523986131536:java.util.concurrent.CompletableFuture@79c704f5[Not completed]
2024-03-04 13:02:54,078 [main] INFO  om.OzoneManager (OzoneManager.java:initializeRatisServer(2140)) - OzoneManager Ratis server initialized at port 15187
2024-03-04 13:02:54,078 [main] INFO  ratis.OzoneManagerRatisServer (OzoneManagerRatisServer.java:start(588)) - Starting OzoneManagerRatisServer omNode-3 at port 15187
2024-03-04 13:02:54,078 [omNode-3-groupManagement] INFO  server.RaftServer$Division (RaftServerImpl.java:<init>(256)) - omNode-3: new RaftServerImpl for group-523986131536:[omNode-3|localhost:15187, omNode-1|localhost:15179, omNode-2|localhost:15183] with OzoneManagerStateMachine:uninitialized
2024-03-04 13:02:54,078 [omNode-3-groupManagement] INFO  server.RaftServerConfigKeys (ConfUtils.java:logGet(46)) - raft.server.rpc.timeout.min = 1s (custom)
2024-03-04 13:02:54,078 [omNode-3-groupManagement] INFO  server.RaftServerConfigKeys (ConfUtils.java:logGet(46)) - raft.server.rpc.timeout.max = 1200ms (custom)
2024-03-04 13:02:54,078 [omNode-3-groupManagement] INFO  server.RaftServerConfigKeys (ConfUtils.java:logGet(46)) - raft.server.rpc.sleep.time = 25ms (default)
2024-03-04 13:02:54,078 [omNode-3-groupManagement] INFO  server.RaftServerConfigKeys (ConfUtils.java:logGet(46)) - raft.server.rpc.slowness.timeout = 2s (custom)
2024-03-04 13:02:54,079 [omNode-3-groupManagement] INFO  server.RaftServerConfigKeys (ConfUtils.java:logGet(46)) - raft.server.leaderelection.leader.step-down.wait-time = 10s (default)
2024-03-04 13:02:54,079 [omNode-3-groupManagement] INFO  server.RaftServerConfigKeys (ConfUtils.java:logGet(46)) - raft.server.leaderelection.member.majority-add = false (default)
2024-03-04 13:02:54,079 [omNode-3-groupManagement] INFO  server.RaftServerConfigKeys (ConfUtils.java:logGet(46)) - raft.server.sleep.deviation.threshold = 300ms (default)
2024-03-04 13:02:54,079 [omNode-3-groupManagement] INFO  server.RaftServer$Division (ServerState.java:<init>(113)) - omNode-3@group-523986131536: ConfigurationManager, init=-1: peers:[omNode-3|localhost:15187, omNode-1|localhost:15179, omNode-2|localhost:15183]|listeners:[], old=null, confs=<EMPTY_MAP>
2024-03-04 13:02:54,079 [omNode-3-groupManagement] INFO  server.RaftServerConfigKeys (ConfUtils.java:logGet(46)) - raft.server.notification.no-leader.timeout = 2s (custom)
2024-03-04 13:02:54,079 [omNode-3-groupManagement] INFO  server.RaftServerConfigKeys (ConfUtils.java:logGet(46)) - raft.server.read.timeout = 10s (default)
2024-03-04 13:02:54,079 [omNode-3-groupManagement] INFO  server.RaftServerConfigKeys (ConfUtils.java:logGet(46)) - raft.server.retrycache.expirytime = 30000ms (custom)
2024-03-04 13:02:54,079 [omNode-3-groupManagement] INFO  server.RaftServerConfigKeys (ConfUtils.java:logGet(46)) - raft.server.retrycache.statistics.expirytime = 100ms (default)
2024-03-04 13:02:54,079 [omNode-3-groupManagement] INFO  server.RaftServerConfigKeys (ConfUtils.java:logGet(46)) - raft.server.read.option = DEFAULT (default)
2024-03-04 13:02:54,079 [omNode-3-groupManagement] INFO  server.RaftServerConfigKeys (ConfUtils.java:logGet(46)) - raft.server.read.read-after-write-consistent.write-index-cache.expiry-time = 60s (default)
2024-03-04 13:02:54,080 [omNode-3-groupManagement] INFO  server.RaftServerConfigKeys (ConfUtils.java:logGet(46)) - raft.server.rpc.request.timeout = 3000ms (default)
2024-03-04 13:02:54,080 [omNode-3-groupManagement] INFO  server.RaftServerConfigKeys (ConfUtils.java:logGet(46)) - raft.server.log.appender.install.snapshot.enabled = false (custom)
2024-03-04 13:02:54,080 [omNode-3-groupManagement] INFO  server.RaftServerConfigKeys (ConfUtils.java:logGet(46)) - raft.server.threadpool.server.cached = true (default)
2024-03-04 13:02:54,080 [omNode-3-groupManagement] INFO  server.RaftServerConfigKeys (ConfUtils.java:logGet(46)) - raft.server.threadpool.server.size = 0 (default)
2024-03-04 13:02:54,080 [omNode-3-groupManagement] INFO  server.RaftServerConfigKeys (ConfUtils.java:logGet(46)) - raft.server.threadpool.client.cached = true (default)
2024-03-04 13:02:54,080 [omNode-3-groupManagement] INFO  server.RaftServerConfigKeys (ConfUtils.java:logGet(46)) - raft.server.threadpool.client.size = 0 (default)
2024-03-04 13:02:54,081 [omNode-3-impl-thread1] INFO  server.RaftServerConfigKeys (ConfUtils.java:logGet(46)) - raft.server.storage.free-space.min = 0MB (=0) (default)
2024-03-04 13:02:54,081 [omNode-3-impl-thread1] INFO  server.RaftServerConfigKeys (ConfUtils.java:logGet(46)) - raft.server.log.corruption.policy = EXCEPTION (default)
2024-03-04 13:02:54,081 [omNode-3-impl-thread1] INFO  server.RaftServerConfigKeys (ConfUtils.java:logGet(46)) - raft.server.storage.dir = [/home/runner/work/ozone/ozone/hadoop-ozone/integration-test/target/test-dir/MiniOzoneClusterImpl-42dd095f-3e4b-4e15-bcdd-4f5539ea9781/omNode-3/ratis] (custom)
2024-03-04 13:02:54,082 [omNode-3-impl-thread1] INFO  storage.RaftStorageDirectory (RaftStorageDirectoryImpl.java:tryLock(228)) - Lock on /home/runner/work/ozone/ozone/hadoop-ozone/integration-test/target/test-dir/MiniOzoneClusterImpl-42dd095f-3e4b-4e15-bcdd-4f5539ea9781/omNode-3/ratis/c9bc4cf4-3bc3-3c60-a66b-523986131536/in_use.lock acquired by nodename 41993@fv-az571-795
2024-03-04 13:02:54,082 [omNode-3-impl-thread1] INFO  storage.RaftStorage (RaftStorageImpl.java:analyzeAndRecoverStorage(119)) - Read RaftStorageMetadata{term=1, votedFor=omNode-1} from /home/runner/work/ozone/ozone/hadoop-ozone/integration-test/target/test-dir/MiniOzoneClusterImpl-42dd095f-3e4b-4e15-bcdd-4f5539ea9781/omNode-3/ratis/c9bc4cf4-3bc3-3c60-a66b-523986131536/current/raft-meta
2024-03-04 13:02:54,083 [omNode-3-impl-thread1] INFO  server.RaftServer$Division (ServerState.java:setRaftConf(386)) - omNode-3@group-523986131536: set configuration 0: peers:[omNode-3|localhost:15187, omNode-1|localhost:15179, omNode-2|localhost:15183]|listeners:[], old=null
2024-03-04 13:02:54,083 [omNode-3-impl-thread1] INFO  server.RaftServerConfigKeys (ConfUtils.java:logGet(46)) - raft.server.log.use.memory = false (default)
2024-03-04 13:02:54,083 [omNode-3-impl-thread1] INFO  server.RaftServerConfigKeys (ConfUtils.java:logGet(46)) - raft.server.log.purge.gap = 50 (custom)
2024-03-04 13:02:54,084 [omNode-3-impl-thread1] INFO  server.RaftServerConfigKeys (ConfUtils.java:logGet(46)) - raft.server.log.appender.buffer.byte-limit = 4194304 (custom)
2024-03-04 13:02:54,084 [omNode-3-impl-thread1] INFO  server.RaftServerConfigKeys (ConfUtils.java:logGet(46)) - raft.server.log.statemachine.data.read.timeout = 1000ms (default)
2024-03-04 13:02:54,084 [omNode-3-impl-thread1] INFO  server.RaftServerConfigKeys (ConfUtils.java:logGet(46)) - raft.server.log.purge.preservation.log.num = 0 (default)
2024-03-04 13:02:54,084 [omNode-3-impl-thread1] INFO  server.RaftServerConfigKeys (ConfUtils.java:logGet(46)) - raft.server.log.segment.size.max = 4194304 (custom)
2024-03-04 13:02:54,084 [omNode-3-impl-thread1] INFO  server.RaftServerConfigKeys (ConfUtils.java:logGet(46)) - raft.server.log.segment.cache.num.max = 2 (custom)
2024-03-04 13:02:54,085 [omNode-3-impl-thread1] INFO  server.RaftServerConfigKeys (ConfUtils.java:logGet(46)) - raft.server.log.segment.cache.size.max = 200MB (=209715200) (default)
2024-03-04 13:02:54,085 [omNode-3-impl-thread1] INFO  server.RaftServerConfigKeys (ConfUtils.java:logGet(46)) - raft.server.log.appender.buffer.byte-limit = 4194304 (custom)
2024-03-04 13:02:54,085 [omNode-3-impl-thread1] INFO  util.AwaitToRun (AwaitToRun.java:start(81)) - Thread[omNode-3@group-523986131536-cacheEviction-AwaitToRun,5,main] started
2024-03-04 13:02:54,085 [omNode-3-impl-thread1] INFO  segmented.SegmentedRaftLogWorker (SegmentedRaftLogWorker.java:<init>(182)) - new omNode-3@group-523986131536-SegmentedRaftLogWorker for RaftStorageImpl:Storage Directory /home/runner/work/ozone/ozone/hadoop-ozone/integration-test/target/test-dir/MiniOzoneClusterImpl-42dd095f-3e4b-4e15-bcdd-4f5539ea9781/omNode-3/ratis/c9bc4cf4-3bc3-3c60-a66b-523986131536
2024-03-04 13:02:54,085 [omNode-3-impl-thread1] INFO  server.RaftServerConfigKeys (ConfUtils.java:logGet(46)) - raft.server.log.queue.byte-limit = 64MB (=67108864) (default)
2024-03-04 13:02:54,085 [omNode-3-impl-thread1] INFO  server.RaftServerConfigKeys (ConfUtils.java:logGet(46)) - raft.server.log.queue.element-limit = 4096 (default)
2024-03-04 13:02:54,085 [omNode-3-impl-thread1] INFO  server.RaftServerConfigKeys (ConfUtils.java:logGet(46)) - raft.server.log.segment.size.max = 4194304 (custom)
2024-03-04 13:02:54,085 [omNode-3-impl-thread1] INFO  server.RaftServerConfigKeys (ConfUtils.java:logGet(46)) - raft.server.log.preallocated.size = 4194304 (custom)
2024-03-04 13:02:54,085 [omNode-3-impl-thread1] INFO  server.RaftServerConfigKeys (ConfUtils.java:logGet(46)) - raft.server.log.force.sync.num = 128 (default)
2024-03-04 13:02:54,085 [omNode-3-impl-thread1] INFO  server.RaftServerConfigKeys (ConfUtils.java:logGet(46)) - raft.server.log.statemachine.data.sync = true (default)
2024-03-04 13:02:54,085 [omNode-3-impl-thread1] INFO  server.RaftServerConfigKeys (ConfUtils.java:logGet(46)) - raft.server.log.statemachine.data.sync.timeout = 10s (default)
2024-03-04 13:02:54,085 [omNode-3-impl-thread1] INFO  server.RaftServerConfigKeys (ConfUtils.java:logGet(46)) - raft.server.log.statemachine.data.sync.timeout.retry = -1 (default)
2024-03-04 13:02:54,086 [omNode-3-impl-thread1] INFO  server.RaftServerConfigKeys (ConfUtils.java:logGet(46)) - raft.server.log.write.buffer.size = 4194312 (custom)
2024-03-04 13:02:54,087 [omNode-3-impl-thread1] INFO  server.RaftServerConfigKeys (ConfUtils.java:logGet(46)) - raft.server.log.appender.buffer.byte-limit = 4194304 (custom)
2024-03-04 13:02:54,087 [omNode-3-impl-thread1] INFO  server.RaftServerConfigKeys (ConfUtils.java:logGet(46)) - raft.server.log.unsafe-flush.enabled = false (default)
2024-03-04 13:02:54,087 [omNode-3-impl-thread1] INFO  server.RaftServerConfigKeys (ConfUtils.java:logGet(46)) - raft.server.log.async-flush.enabled = false (default)
2024-03-04 13:02:54,087 [omNode-3-impl-thread1] INFO  server.RaftServerConfigKeys (ConfUtils.java:logGet(46)) - raft.server.log.statemachine.data.caching.enabled = false (default)
2024-03-04 13:02:54,087 [omNode-3-impl-thread1] INFO  segmented.SegmentedRaftLogWorker (SegmentedRaftLogWorker.java:lambda$new$0(134)) - omNode-3@group-523986131536-SegmentedRaftLogWorker: flushIndex: setUnconditionally 0 -> 52
2024-03-04 13:02:54,087 [omNode-3-impl-thread1] INFO  segmented.SegmentedRaftLogWorker (SegmentedRaftLogWorker.java:lambda$new$0(134)) - omNode-3@group-523986131536-SegmentedRaftLogWorker: safeCacheEvictIndex: setUnconditionally 0 -> -1
2024-03-04 13:02:54,087 [omNode-3-impl-thread1] INFO  server.RaftServer$Division (RaftServerImpl.java:start(396)) - omNode-3@group-523986131536: start as a follower, conf=0: peers:[omNode-3|localhost:15187, omNode-1|localhost:15179, omNode-2|localhost:15183]|listeners:[], old=null
2024-03-04 13:02:54,087 [omNode-3-impl-thread1] INFO  server.RaftServer$Division (RaftServerImpl.java:setRole(383)) - omNode-3@group-523986131536: changes role from      null to FOLLOWER at term 1 for startAsFollower
2024-03-04 13:02:54,088 [omNode-3-impl-thread1] INFO  impl.RoleInfo (RoleInfo.java:updateAndGet(139)) - omNode-3: start omNode-3@group-523986131536-FollowerState
2024-03-04 13:02:54,088 [omNode-3@group-523986131536-FollowerState] INFO  server.RaftServerConfigKeys (ConfUtils.java:logFallback(53)) - raft.server.rpc.first-election.timeout.min = 1s (fallback to raft.server.rpc.timeout.min)
2024-03-04 13:02:54,088 [omNode-3-impl-thread1] INFO  util.JmxRegister (JmxRegister.java:tryRegister(44)) - Successfully registered JMX Bean with object name Ratis:service=RaftServer,group=group-523986131536,id=omNode-3
2024-03-04 13:02:54,088 [omNode-3@group-523986131536-FollowerState] INFO  server.RaftServerConfigKeys (ConfUtils.java:logFallback(53)) - raft.server.rpc.first-election.timeout.max = 1200ms (fallback to raft.server.rpc.timeout.max)
2024-03-04 13:02:54,088 [omNode-3-impl-thread1] INFO  server.RaftServerConfigKeys (ConfUtils.java:logGet(46)) - raft.server.snapshot.trigger-when-stop.enabled = true (default)
2024-03-04 13:02:54,088 [omNode-3-impl-thread1] INFO  server.RaftServerConfigKeys (ConfUtils.java:logGet(46)) - raft.server.snapshot.auto.trigger.enabled = true (custom)
2024-03-04 13:02:54,088 [omNode-3-impl-thread1] INFO  server.RaftServerConfigKeys (ConfUtils.java:logGet(46)) - raft.server.snapshot.auto.trigger.threshold = 50 (custom)
2024-03-04 13:02:54,088 [omNode-3-impl-thread1] INFO  server.RaftServerConfigKeys (ConfUtils.java:logGet(46)) - raft.server.snapshot.retention.file.num = -1 (default)
2024-03-04 13:02:54,088 [omNode-3-impl-thread1] INFO  server.RaftServerConfigKeys (ConfUtils.java:logGet(46)) - raft.server.log.purge.upto.snapshot.index = true (custom)
2024-03-04 13:02:54,089 [main] INFO  server.RaftServer (RaftServerProxy.java:startImpl(406)) - omNode-3: start RPC server
2024-03-04 13:02:54,090 [main] INFO  server.GrpcService (GrpcService.java:startImpl(302)) - omNode-3: GrpcService started, listening on 15187
2024-03-04 13:02:54,090 [main] INFO  om.OzoneManager (OzoneManager.java:getRpcServer(1206)) - Creating RPC Server
2024-03-04 13:02:54,090 [JvmPauseMonitor56] INFO  util.JvmPauseMonitor (JvmPauseMonitor.java:run(146)) - JvmPauseMonitor-omNode-3: Started
2024-03-04 13:02:54,289 [main] INFO  ipc.CallQueueManager (CallQueueManager.java:<init>(90)) - Using callQueue: class java.util.concurrent.LinkedBlockingQueue, queueCapacity: 2000, scheduler: class org.apache.hadoop.ipc.DefaultRpcScheduler, ipcBackoff: false.
2024-03-04 13:02:54,289 [main] INFO  ipc.Server (Server.java:<init>(1287)) - Listener at localhost:15184
2024-03-04 13:02:54,289 [Socket Reader #1 for port 15184] INFO  ipc.Server (Server.java:run(1323)) - Starting Socket Reader #1 for port 15184
2024-03-04 13:02:54,292 [main] INFO  http.BaseHttpServer (BaseHttpServer.java:newHttpServer2BuilderForOzone(223)) - Starting Web-server for ozoneManager at: http://0.0.0.0:15185
2024-03-04 13:02:54,292 [main] INFO  http.BaseHttpServer (BaseHttpServer.java:<init>(110)) - Hadoop Security Enabled: false Ozone Security Enabled: false Ozone HTTP Security Enabled: false 
2024-03-04 13:02:54,292 [main] WARN  server.AuthenticationFilter (AuthenticationFilter.java:constructSecretProvider(240)) - Unable to initialize FileSignerSecretProvider, falling back to use random secrets. Reason: Could not read signature secret file: /home/runner/hadoop-http-auth-signature-secret
2024-03-04 13:02:54,293 [main] INFO  http.HttpRequestLog (HttpRequestLog.java:getRequestLog(86)) - Http request log for http.requests.ozoneManager is not defined
2024-03-04 13:02:54,294 [main] INFO  http.HttpServer2 (HttpServer2.java:addGlobalFilter(1036)) - Added global filter 'safety' (class=org.apache.hadoop.hdds.server.http.HttpServer2$QuotingInputFilter)
2024-03-04 13:02:54,294 [main] INFO  http.HttpServer2 (HttpServer2.java:addFilter(1012)) - Added filter static_user_filter (class=org.apache.hadoop.http.lib.StaticUserWebFilter$StaticUserFilter) to context ozoneManager
2024-03-04 13:02:54,294 [main] INFO  http.HttpServer2 (HttpServer2.java:addFilter(1020)) - Added filter static_user_filter (class=org.apache.hadoop.http.lib.StaticUserWebFilter$StaticUserFilter) to context logs
2024-03-04 13:02:54,294 [main] INFO  http.HttpServer2 (HttpServer2.java:addFilter(1020)) - Added filter static_user_filter (class=org.apache.hadoop.http.lib.StaticUserWebFilter$StaticUserFilter) to context static
2024-03-04 13:02:54,295 [main] INFO  http.BaseHttpServer (BaseHttpServer.java:<init>(189)) - HTTP server of ozoneManager uses base directory /home/runner/work/ozone/ozone/hadoop-ozone/integration-test/target/test-dir/MiniOzoneClusterImpl-42dd095f-3e4b-4e15-bcdd-4f5539ea9781/omNode-3/webserver
2024-03-04 13:02:54,295 [main] INFO  http.HttpServer2 (HttpServer2.java:bindListener(1236)) - Jetty bound to port 15185
2024-03-04 13:02:54,295 [main] INFO  server.Server (Server.java:doStart(375)) - jetty-9.4.53.v20231009; built: 2023-10-09T12:29:09.265Z; git: 27bde00a0b95a1d5bbee0eae7984f891d2d0f8c9; jvm 1.8.0_402-b06
2024-03-04 13:02:54,296 [main] INFO  server.session (DefaultSessionIdManager.java:doStart(334)) - DefaultSessionIdManager workerName=node0
2024-03-04 13:02:54,296 [main] INFO  server.session (DefaultSessionIdManager.java:doStart(339)) - No SessionScavenger set, using defaults
2024-03-04 13:02:54,296 [main] INFO  server.session (HouseKeeper.java:startScavenging(132)) - node0 Scavenging every 660000ms
2024-03-04 13:02:54,296 [main] INFO  handler.ContextHandler (ContextHandler.java:doStart(921)) - Started o.e.j.s.ServletContextHandler@6150be71{logs,/logs,file:///home/runner/work/ozone/ozone/hadoop-ozone/integration-test/target/log,AVAILABLE}
2024-03-04 13:02:54,297 [main] INFO  handler.ContextHandler (ContextHandler.java:doStart(921)) - Started o.e.j.s.ServletContextHandler@52538a70{static,/static,file:///home/runner/work/ozone/ozone/hadoop-ozone/integration-test/target/test-classes/webapps/static,AVAILABLE}
2024-03-04 13:02:54,298 [main] INFO  handler.ContextHandler (ContextHandler.java:doStart(921)) - Started o.e.j.w.WebAppContext@61145471{ozoneManager,/,file:///home/runner/work/ozone/ozone/hadoop-ozone/integration-test/target/test-classes/webapps/ozoneManager/,AVAILABLE}{file:/home/runner/work/ozone/ozone/hadoop-ozone/integration-test/target/test-classes/webapps/ozoneManager}
2024-03-04 13:02:54,299 [main] INFO  server.AbstractConnector (AbstractConnector.java:doStart(333)) - Started ServerConnector@27e538b2{HTTP/1.1, (http/1.1)}{0.0.0.0:15185}
2024-03-04 13:02:54,299 [main] INFO  server.Server (Server.java:doStart(415)) - Started @669883ms
2024-03-04 13:02:54,299 [main] WARN  impl.MetricsSystemImpl (MetricsSystemImpl.java:register(279)) - Sink prometheus already exists!
2024-03-04 13:02:54,300 [main] INFO  http.BaseHttpServer (BaseHttpServer.java:updateConnectorAddress(354)) - HTTP server of ozoneManager listening at http://0.0.0.0:15185
2024-03-04 13:02:54,300 [IPC Server Responder] INFO  ipc.Server (Server.java:run(1562)) - IPC Server Responder: starting
2024-03-04 13:02:54,300 [IPC Server listener on 15184] INFO  ipc.Server (Server.java:run(1402)) - IPC Server listener on 15184: starting
2024-03-04 13:02:54,302 [main] INFO  om.OzoneManager (OzoneManager.java:startTrashEmptier(2093)) - Trash Interval set to 0. Files deleted won't move to trash
2024-03-04 13:02:54,303 [main] INFO  om.OzoneManager (OzoneManager.java:restart(1710)) - OzoneManager RPC server is listening at localhost/127.0.0.1:15176
2024-03-04 13:02:54,303 [main] INFO  impl.MetricsSystemImpl (MetricsSystemImpl.java:init(158)) - OzoneManager metrics system started (again)
2024-03-04 13:02:54,311 [main] WARN  server.ServerUtils (ServerUtils.java:getDBPath(299)) - ozone.om.db.dirs is not configured. We recommend adding this setting. Falling back to ozone.metadata.dirs instead.
2024-03-04 13:02:54,311 [main] INFO  helpers.OmKeyInfo (OmKeyInfo.java:getCodec(71)) - OmKeyInfo.getCodec ignorePipeline = true
2024-03-04 13:02:54,344 [main] INFO  om.OzoneManager (OzoneManager.java:instantiateServices(804)) - S3 Multi-Tenancy is disabled
2024-03-04 13:02:54,344 [main] INFO  om.OmSnapshotManager (OmSnapshotManager.java:<init>(177)) - Ozone filesystem snapshot feature is enabled.
2024-03-04 13:02:54,345 [main] WARN  server.ServerUtils (ServerUtils.java:getDBPath(299)) - ozone.om.snapshot.diff.db.dir is not configured. We recommend adding this setting. Falling back to ozone.metadata.dirs instead.
2024-03-04 13:02:54,356 [main] INFO  utils.NativeLibraryLoader (NativeLibraryLoader.java:loadLibrary(108)) - Loading Library: ozone_rocksdb_tools
2024-03-04 13:02:54,357 [main] ERROR snapshot.SnapshotDiffManager (SnapshotDiffManager.java:initNativeLibraryForEfficientDiff(287)) - Native Library for raw sst file reading loading failed.
org.apache.hadoop.hdds.utils.NativeLibraryNotLoadedException: Unable to load library ozone_rocksdb_tools from both java.library.path & resource file libozone_rocksdb_tools.so from jar.
	at org.apache.hadoop.hdds.utils.db.managed.ManagedRawSSTFileReader.loadLibrary(ManagedRawSSTFileReader.java:38)
	at org.apache.hadoop.ozone.om.snapshot.SnapshotDiffManager.initNativeLibraryForEfficientDiff(SnapshotDiffManager.java:285)
	at org.apache.hadoop.ozone.om.snapshot.SnapshotDiffManager.<init>(SnapshotDiffManager.java:259)
	at org.apache.hadoop.ozone.om.OmSnapshotManager.<init>(OmSnapshotManager.java:279)
	at org.apache.hadoop.ozone.om.OzoneManager.instantiateServices(OzoneManager.java:856)
	at org.apache.hadoop.ozone.om.OzoneManager.restart(OzoneManager.java:1715)
	at org.apache.hadoop.ozone.MiniOzoneHAClusterImpl.restartOzoneManager(MiniOzoneHAClusterImpl.java:211)
	at org.apache.hadoop.ozone.om.TestOzoneManagerPrepare.resetCluster(TestOzoneManagerPrepare.java:113)
	at sun.reflect.NativeMethodAccessorImpl.invoke0(Native Method)
	at sun.reflect.NativeMethodAccessorImpl.invoke(NativeMethodAccessorImpl.java:62)
	at sun.reflect.DelegatingMethodAccessorImpl.invoke(DelegatingMethodAccessorImpl.java:43)
	at java.lang.reflect.Method.invoke(Method.java:498)
	at org.junit.platform.commons.util.ReflectionUtils.invokeMethod(ReflectionUtils.java:728)
	at org.junit.jupiter.engine.execution.MethodInvocation.proceed(MethodInvocation.java:60)
	at org.junit.jupiter.engine.execution.InvocationInterceptorChain$ValidatingInvocation.proceed(InvocationInterceptorChain.java:131)
	at org.junit.jupiter.engine.extension.TimeoutExtension.intercept(TimeoutExtension.java:156)
	at org.junit.jupiter.engine.extension.TimeoutExtension.interceptLifecycleMethod(TimeoutExtension.java:128)
	at org.junit.jupiter.engine.extension.TimeoutExtension.interceptAfterEachMethod(TimeoutExtension.java:110)
	at org.junit.jupiter.engine.execution.InterceptingExecutableInvoker$ReflectiveInterceptorCall.lambda$ofVoidMethod$0(InterceptingExecutableInvoker.java:103)
	at org.junit.jupiter.engine.execution.InterceptingExecutableInvoker.lambda$invoke$0(InterceptingExecutableInvoker.java:93)
	at org.junit.jupiter.engine.execution.InvocationInterceptorChain$InterceptedInvocation.proceed(InvocationInterceptorChain.java:106)
	at org.junit.jupiter.engine.execution.InvocationInterceptorChain.proceed(InvocationInterceptorChain.java:64)
	at org.junit.jupiter.engine.execution.InvocationInterceptorChain.chainAndInvoke(InvocationInterceptorChain.java:45)
	at org.junit.jupiter.engine.execution.InvocationInterceptorChain.invoke(InvocationInterceptorChain.java:37)
	at org.junit.jupiter.engine.execution.InterceptingExecutableInvoker.invoke(InterceptingExecutableInvoker.java:92)
	at org.junit.jupiter.engine.execution.InterceptingExecutableInvoker.invoke(InterceptingExecutableInvoker.java:86)
	at org.junit.jupiter.engine.descriptor.ClassBasedTestDescriptor.invokeMethodInExtensionContext(ClassBasedTestDescriptor.java:521)
	at org.junit.jupiter.engine.descriptor.ClassBasedTestDescriptor.lambda$synthesizeAfterEachMethodAdapter$24(ClassBasedTestDescriptor.java:511)
	at org.junit.jupiter.engine.descriptor.TestMethodTestDescriptor.lambda$invokeAfterEachMethods$10(TestMethodTestDescriptor.java:244)
	at org.junit.jupiter.engine.descriptor.TestMethodTestDescriptor.lambda$invokeAllAfterMethodsOrCallbacks$13(TestMethodTestDescriptor.java:277)
	at org.junit.platform.engine.support.hierarchical.ThrowableCollector.execute(ThrowableCollector.java:73)
	at org.junit.jupiter.engine.descriptor.TestMethodTestDescriptor.lambda$invokeAllAfterMethodsOrCallbacks$14(TestMethodTestDescriptor.java:277)
	at org.junit.platform.commons.util.CollectionUtils.forEachInReverseOrder(CollectionUtils.java:217)
	at org.junit.jupiter.engine.descriptor.TestMethodTestDescriptor.invokeAllAfterMethodsOrCallbacks(TestMethodTestDescriptor.java:276)
	at org.junit.jupiter.engine.descriptor.TestMethodTestDescriptor.invokeAfterEachMethods(TestMethodTestDescriptor.java:242)
	at org.junit.jupiter.engine.descriptor.TestMethodTestDescriptor.execute(TestMethodTestDescriptor.java:143)
	at org.junit.jupiter.engine.descriptor.TestMethodTestDescriptor.execute(TestMethodTestDescriptor.java:69)
	at org.junit.platform.engine.support.hierarchical.NodeTestTask.lambda$executeRecursively$6(NodeTestTask.java:151)
	at org.junit.platform.engine.support.hierarchical.ThrowableCollector.execute(ThrowableCollector.java:73)
	at org.junit.platform.engine.support.hierarchical.NodeTestTask.lambda$executeRecursively$8(NodeTestTask.java:141)
	at org.junit.platform.engine.support.hierarchical.Node.around(Node.java:137)
	at org.junit.platform.engine.support.hierarchical.NodeTestTask.lambda$executeRecursively$9(NodeTestTask.java:139)
	at org.junit.platform.engine.support.hierarchical.ThrowableCollector.execute(ThrowableCollector.java:73)
	at org.junit.platform.engine.support.hierarchical.NodeTestTask.executeRecursively(NodeTestTask.java:138)
	at org.junit.platform.engine.support.hierarchical.NodeTestTask.execute(NodeTestTask.java:95)
	at java.util.ArrayList.forEach(ArrayList.java:1259)
	at org.junit.platform.engine.support.hierarchical.SameThreadHierarchicalTestExecutorService.invokeAll(SameThreadHierarchicalTestExecutorService.java:41)
	at org.junit.platform.engine.support.hierarchical.NodeTestTask.lambda$executeRecursively$6(NodeTestTask.java:155)
	at org.junit.platform.engine.support.hierarchical.ThrowableCollector.execute(ThrowableCollector.java:73)
	at org.junit.platform.engine.support.hierarchical.NodeTestTask.lambda$executeRecursively$8(NodeTestTask.java:141)
	at org.junit.platform.engine.support.hierarchical.Node.around(Node.java:137)
	at org.junit.platform.engine.support.hierarchical.NodeTestTask.lambda$executeRecursively$9(NodeTestTask.java:139)
	at org.junit.platform.engine.support.hierarchical.ThrowableCollector.execute(ThrowableCollector.java:73)
	at org.junit.platform.engine.support.hierarchical.NodeTestTask.executeRecursively(NodeTestTask.java:138)
	at org.junit.platform.engine.support.hierarchical.NodeTestTask.execute(NodeTestTask.java:95)
	at java.util.ArrayList.forEach(ArrayList.java:1259)
	at org.junit.platform.engine.support.hierarchical.SameThreadHierarchicalTestExecutorService.invokeAll(SameThreadHierarchicalTestExecutorService.java:41)
	at org.junit.platform.engine.support.hierarchical.NodeTestTask.lambda$executeRecursively$6(NodeTestTask.java:155)
	at org.junit.platform.engine.support.hierarchical.ThrowableCollector.execute(ThrowableCollector.java:73)
	at org.junit.platform.engine.support.hierarchical.NodeTestTask.lambda$executeRecursively$8(NodeTestTask.java:141)
	at org.junit.platform.engine.support.hierarchical.Node.around(Node.java:137)
	at org.junit.platform.engine.support.hierarchical.NodeTestTask.lambda$executeRecursively$9(NodeTestTask.java:139)
	at org.junit.platform.engine.support.hierarchical.ThrowableCollector.execute(ThrowableCollector.java:73)
	at org.junit.platform.engine.support.hierarchical.NodeTestTask.executeRecursively(NodeTestTask.java:138)
	at org.junit.platform.engine.support.hierarchical.NodeTestTask.execute(NodeTestTask.java:95)
	at org.junit.platform.engine.support.hierarchical.SameThreadHierarchicalTestExecutorService.submit(SameThreadHierarchicalTestExecutorService.java:35)
	at org.junit.platform.engine.support.hierarchical.HierarchicalTestExecutor.execute(HierarchicalTestExecutor.java:57)
	at org.junit.platform.engine.support.hierarchical.HierarchicalTestEngine.execute(HierarchicalTestEngine.java:54)
	at org.junit.platform.launcher.core.EngineExecutionOrchestrator.execute(EngineExecutionOrchestrator.java:198)
	at org.junit.platform.launcher.core.EngineExecutionOrchestrator.execute(EngineExecutionOrchestrator.java:169)
	at org.junit.platform.launcher.core.EngineExecutionOrchestrator.execute(EngineExecutionOrchestrator.java:93)
	at org.junit.platform.launcher.core.EngineExecutionOrchestrator.lambda$execute$0(EngineExecutionOrchestrator.java:58)
	at org.junit.platform.launcher.core.EngineExecutionOrchestrator.withInterceptedStreams(EngineExecutionOrchestrator.java:141)
	at org.junit.platform.launcher.core.EngineExecutionOrchestrator.execute(EngineExecutionOrchestrator.java:57)
	at org.junit.platform.launcher.core.DefaultLauncher.execute(DefaultLauncher.java:103)
	at org.junit.platform.launcher.core.DefaultLauncher.execute(DefaultLauncher.java:85)
	at org.junit.platform.launcher.core.DelegatingLauncher.execute(DelegatingLauncher.java:47)
	at org.junit.platform.launcher.core.SessionPerRequestLauncher.execute(SessionPerRequestLauncher.java:63)
	at org.apache.maven.surefire.junitplatform.JUnitPlatformProvider.invokeAllTests(JUnitPlatformProvider.java:165)
	at org.apache.maven.surefire.junitplatform.JUnitPlatformProvider.invoke(JUnitPlatformProvider.java:124)
	at org.apache.maven.surefire.booter.ForkedBooter.runSuitesInProcess(ForkedBooter.java:428)
	at org.apache.maven.surefire.booter.ForkedBooter.execute(ForkedBooter.java:162)
	at org.apache.maven.surefire.booter.ForkedBooter.run(ForkedBooter.java:562)
	at org.apache.maven.surefire.booter.ForkedBooter.main(ForkedBooter.java:548)
2024-03-04 13:02:54,361 [main] WARN  dropwizard3.Dm3MetricRegistriesImpl (Dm3MetricRegistriesImpl.java:addReporterRegistration(113)) - New reporters are added after registries were created. Some metrics will be missing from the reporter. Please add reporter before adding any new registry.
2024-03-04 13:02:54,361 [main] WARN  dropwizard3.Dm3MetricRegistriesImpl (Dm3MetricRegistriesImpl.java:addReporterRegistration(113)) - New reporters are added after registries were created. Some metrics will be missing from the reporter. Please add reporter before adding any new registry.
2024-03-04 13:02:54,361 [main] WARN  server.ServerUtils (ServerUtils.java:getDefaultRatisDirectory(311)) - Storage directory for Ratis is not configured. It is a good idea to map this to an SSD disk. Falling back to ozone.metadata.dirs
2024-03-04 13:02:54,361 [main] INFO  ratis.OzoneManagerRatisServer (OzoneManagerRatisServer.java:<init>(167)) - Instantiating OM Ratis server with groupID: om-service-test1 and peers: localhost:15179, localhost:15187, localhost:15183
2024-03-04 13:02:54,362 [main] INFO  ratis.OzoneManagerStateMachine (OzoneManagerStateMachine.java:loadSnapshotInfoFromDB(573)) - LastAppliedIndex is set from TransactionInfo from OM DB as (t:1, i:52)
2024-03-04 13:02:54,362 [main] INFO  server.RaftServer (ConfUtils.java:logGet(46)) - raft.rpc.type = GRPC (default)
2024-03-04 13:02:54,362 [main] INFO  grpc.GrpcConfigKeys (ConfUtils.java:logFallback(53)) - raft.grpc.admin.host = null (fallback to raft.grpc.server.host)
2024-03-04 13:02:54,362 [main] INFO  grpc.GrpcConfigKeys (ConfUtils.java:logFallback(53)) - raft.grpc.admin.port = 15179 (fallback to raft.grpc.server.port)
2024-03-04 13:02:54,363 [main] INFO  grpc.GrpcConfigKeys (ConfUtils.java:logFallback(53)) - raft.grpc.client.host = null (fallback to raft.grpc.server.host)
2024-03-04 13:02:54,363 [main] INFO  grpc.GrpcConfigKeys (ConfUtils.java:logFallback(53)) - raft.grpc.client.port = 15179 (fallback to raft.grpc.server.port)
2024-03-04 13:02:54,363 [main] INFO  grpc.GrpcConfigKeys (ConfUtils.java:logGet(46)) - raft.grpc.server.host = null (default)
2024-03-04 13:02:54,363 [main] INFO  grpc.GrpcConfigKeys (ConfUtils.java:logGet(46)) - raft.grpc.server.port = 15179 (custom)
2024-03-04 13:02:54,363 [main] INFO  server.GrpcService (ConfUtils.java:logGet(46)) - raft.grpc.message.size.max = 4194304 (custom)
2024-03-04 13:02:54,363 [main] INFO  server.RaftServerConfigKeys (ConfUtils.java:logGet(46)) - raft.server.log.appender.buffer.byte-limit = 4194304 (custom)
2024-03-04 13:02:54,363 [main] INFO  server.GrpcService (ConfUtils.java:logGet(46)) - raft.grpc.flow.control.window = 1MB (=1048576) (default)
2024-03-04 13:02:54,364 [main] INFO  server.RaftServerConfigKeys (ConfUtils.java:logGet(46)) - raft.server.rpc.request.timeout = 3000ms (default)
2024-03-04 13:02:54,364 [main] INFO  grpc.GrpcConfigKeys (ConfUtils.java:logGet(46)) - raft.grpc.server.heartbeat.channel = true (default)
2024-03-04 13:02:54,364 [main] INFO  grpc.GrpcConfigKeys (ConfUtils.java:logGet(46)) - raft.grpc.server.async.request.thread.pool.cached = true (default)
2024-03-04 13:02:54,364 [main] INFO  grpc.GrpcConfigKeys (ConfUtils.java:logGet(46)) - raft.grpc.server.async.request.thread.pool.size = 32 (default)
2024-03-04 13:02:54,365 [main] INFO  impl.DataStreamServerImpl (ConfUtils.java:logGet(46)) - raft.datastream.type = DISABLED (default)
2024-03-04 13:02:54,365 [main] INFO  server.RaftServerConfigKeys (ConfUtils.java:logGet(46)) - raft.server.sleep.deviation.threshold = 300ms (default)
2024-03-04 13:02:54,365 [main] INFO  server.RaftServerConfigKeys (ConfUtils.java:logGet(46)) - raft.server.close.threshold = 60s (default)
2024-03-04 13:02:54,365 [main] INFO  server.RaftServerConfigKeys (ConfUtils.java:logGet(46)) - raft.server.leaderelection.leader.step-down.wait-time = 10s (default)
2024-03-04 13:02:54,366 [main] INFO  server.RaftServerConfigKeys (ConfUtils.java:logGet(46)) - raft.server.storage.dir = [/home/runner/work/ozone/ozone/hadoop-ozone/integration-test/target/test-dir/MiniOzoneClusterImpl-42dd095f-3e4b-4e15-bcdd-4f5539ea9781/omNode-1/ratis] (custom)
2024-03-04 13:02:54,366 [main] INFO  server.RaftServerConfigKeys (ConfUtils.java:logGet(46)) - raft.server.threadpool.proxy.cached = true (default)
2024-03-04 13:02:54,366 [main] INFO  server.RaftServerConfigKeys (ConfUtils.java:logGet(46)) - raft.server.threadpool.proxy.size = 0 (default)
2024-03-04 13:02:54,366 [omNode-1-impl-thread1] INFO  server.RaftServer (RaftServerProxy.java:initGroupDir(264)) - omNode-1: found a subdirectory /home/runner/work/ozone/ozone/hadoop-ozone/integration-test/target/test-dir/MiniOzoneClusterImpl-42dd095f-3e4b-4e15-bcdd-4f5539ea9781/omNode-1/ratis/c9bc4cf4-3bc3-3c60-a66b-523986131536
2024-03-04 13:02:54,366 [main] INFO  server.RaftServer (RaftServerProxy.java:addNew(100)) - omNode-1: addNew group-523986131536:[omNode-3|localhost:15187, omNode-1|localhost:15179, omNode-2|localhost:15183] returns group-523986131536:java.util.concurrent.CompletableFuture@382e06c6[Not completed]
2024-03-04 13:02:54,367 [main] INFO  om.OzoneManager (OzoneManager.java:initializeRatisServer(2140)) - OzoneManager Ratis server initialized at port 15179
2024-03-04 13:02:54,366 [omNode-1-groupManagement] INFO  server.RaftServer$Division (RaftServerImpl.java:<init>(256)) - omNode-1: new RaftServerImpl for group-523986131536:[omNode-3|localhost:15187, omNode-1|localhost:15179, omNode-2|localhost:15183] with OzoneManagerStateMachine:uninitialized
2024-03-04 13:02:54,367 [main] INFO  ratis.OzoneManagerRatisServer (OzoneManagerRatisServer.java:start(588)) - Starting OzoneManagerRatisServer omNode-1 at port 15179
2024-03-04 13:02:54,367 [omNode-1-groupManagement] INFO  server.RaftServerConfigKeys (ConfUtils.java:logGet(46)) - raft.server.rpc.timeout.min = 1s (custom)
2024-03-04 13:02:54,367 [omNode-1-groupManagement] INFO  server.RaftServerConfigKeys (ConfUtils.java:logGet(46)) - raft.server.rpc.timeout.max = 1200ms (custom)
2024-03-04 13:02:54,367 [omNode-1-groupManagement] INFO  server.RaftServerConfigKeys (ConfUtils.java:logGet(46)) - raft.server.rpc.sleep.time = 25ms (default)
2024-03-04 13:02:54,367 [omNode-1-groupManagement] INFO  server.RaftServerConfigKeys (ConfUtils.java:logGet(46)) - raft.server.rpc.slowness.timeout = 2s (custom)
2024-03-04 13:02:54,367 [omNode-1-groupManagement] INFO  server.RaftServerConfigKeys (ConfUtils.java:logGet(46)) - raft.server.leaderelection.leader.step-down.wait-time = 10s (default)
2024-03-04 13:02:54,367 [omNode-1-groupManagement] INFO  server.RaftServerConfigKeys (ConfUtils.java:logGet(46)) - raft.server.leaderelection.member.majority-add = false (default)
2024-03-04 13:02:54,367 [omNode-1-groupManagement] INFO  server.RaftServerConfigKeys (ConfUtils.java:logGet(46)) - raft.server.sleep.deviation.threshold = 300ms (default)
2024-03-04 13:02:54,367 [omNode-1-groupManagement] INFO  server.RaftServer$Division (ServerState.java:<init>(113)) - omNode-1@group-523986131536: ConfigurationManager, init=-1: peers:[omNode-3|localhost:15187, omNode-1|localhost:15179, omNode-2|localhost:15183]|listeners:[], old=null, confs=<EMPTY_MAP>
2024-03-04 13:02:54,367 [omNode-1-groupManagement] INFO  server.RaftServerConfigKeys (ConfUtils.java:logGet(46)) - raft.server.notification.no-leader.timeout = 2s (custom)
2024-03-04 13:02:54,367 [omNode-1-groupManagement] INFO  server.RaftServerConfigKeys (ConfUtils.java:logGet(46)) - raft.server.read.timeout = 10s (default)
2024-03-04 13:02:54,367 [omNode-1-groupManagement] INFO  server.RaftServerConfigKeys (ConfUtils.java:logGet(46)) - raft.server.retrycache.expirytime = 30000ms (custom)
2024-03-04 13:02:54,367 [omNode-1-groupManagement] INFO  server.RaftServerConfigKeys (ConfUtils.java:logGet(46)) - raft.server.retrycache.statistics.expirytime = 100ms (default)
2024-03-04 13:02:54,367 [omNode-1-groupManagement] INFO  server.RaftServerConfigKeys (ConfUtils.java:logGet(46)) - raft.server.read.option = DEFAULT (default)
2024-03-04 13:02:54,367 [omNode-1-groupManagement] INFO  server.RaftServerConfigKeys (ConfUtils.java:logGet(46)) - raft.server.read.read-after-write-consistent.write-index-cache.expiry-time = 60s (default)
2024-03-04 13:02:54,368 [omNode-1-groupManagement] INFO  server.RaftServerConfigKeys (ConfUtils.java:logGet(46)) - raft.server.rpc.request.timeout = 3000ms (default)
2024-03-04 13:02:54,368 [omNode-1-groupManagement] INFO  server.RaftServerConfigKeys (ConfUtils.java:logGet(46)) - raft.server.log.appender.install.snapshot.enabled = false (custom)
2024-03-04 13:02:54,368 [omNode-1-groupManagement] INFO  server.RaftServerConfigKeys (ConfUtils.java:logGet(46)) - raft.server.threadpool.server.cached = true (default)
2024-03-04 13:02:54,368 [omNode-1-groupManagement] INFO  server.RaftServerConfigKeys (ConfUtils.java:logGet(46)) - raft.server.threadpool.server.size = 0 (default)
2024-03-04 13:02:54,368 [omNode-1-groupManagement] INFO  server.RaftServerConfigKeys (ConfUtils.java:logGet(46)) - raft.server.threadpool.client.cached = true (default)
2024-03-04 13:02:54,368 [omNode-1-groupManagement] INFO  server.RaftServerConfigKeys (ConfUtils.java:logGet(46)) - raft.server.threadpool.client.size = 0 (default)
2024-03-04 13:02:54,368 [omNode-1-impl-thread1] INFO  server.RaftServerConfigKeys (ConfUtils.java:logGet(46)) - raft.server.storage.free-space.min = 0MB (=0) (default)
2024-03-04 13:02:54,369 [omNode-1-impl-thread1] INFO  server.RaftServerConfigKeys (ConfUtils.java:logGet(46)) - raft.server.log.corruption.policy = EXCEPTION (default)
2024-03-04 13:02:54,369 [omNode-1-impl-thread1] INFO  server.RaftServerConfigKeys (ConfUtils.java:logGet(46)) - raft.server.storage.dir = [/home/runner/work/ozone/ozone/hadoop-ozone/integration-test/target/test-dir/MiniOzoneClusterImpl-42dd095f-3e4b-4e15-bcdd-4f5539ea9781/omNode-1/ratis] (custom)
2024-03-04 13:02:54,369 [omNode-1-impl-thread1] INFO  storage.RaftStorageDirectory (RaftStorageDirectoryImpl.java:tryLock(228)) - Lock on /home/runner/work/ozone/ozone/hadoop-ozone/integration-test/target/test-dir/MiniOzoneClusterImpl-42dd095f-3e4b-4e15-bcdd-4f5539ea9781/omNode-1/ratis/c9bc4cf4-3bc3-3c60-a66b-523986131536/in_use.lock acquired by nodename 41993@fv-az571-795
2024-03-04 13:02:54,370 [omNode-1-impl-thread1] INFO  storage.RaftStorage (RaftStorageImpl.java:analyzeAndRecoverStorage(119)) - Read RaftStorageMetadata{term=1, votedFor=omNode-1} from /home/runner/work/ozone/ozone/hadoop-ozone/integration-test/target/test-dir/MiniOzoneClusterImpl-42dd095f-3e4b-4e15-bcdd-4f5539ea9781/omNode-1/ratis/c9bc4cf4-3bc3-3c60-a66b-523986131536/current/raft-meta
2024-03-04 13:02:54,371 [omNode-1-impl-thread1] INFO  server.RaftServer$Division (ServerState.java:setRaftConf(386)) - omNode-1@group-523986131536: set configuration 0: peers:[omNode-3|localhost:15187, omNode-1|localhost:15179, omNode-2|localhost:15183]|listeners:[], old=null
2024-03-04 13:02:54,371 [omNode-1-impl-thread1] INFO  server.RaftServerConfigKeys (ConfUtils.java:logGet(46)) - raft.server.log.use.memory = false (default)
2024-03-04 13:02:54,371 [omNode-1-impl-thread1] INFO  server.RaftServerConfigKeys (ConfUtils.java:logGet(46)) - raft.server.log.purge.gap = 50 (custom)
2024-03-04 13:02:54,371 [omNode-1-impl-thread1] INFO  server.RaftServerConfigKeys (ConfUtils.java:logGet(46)) - raft.server.log.appender.buffer.byte-limit = 4194304 (custom)
2024-03-04 13:02:54,371 [omNode-1-impl-thread1] INFO  server.RaftServerConfigKeys (ConfUtils.java:logGet(46)) - raft.server.log.statemachine.data.read.timeout = 1000ms (default)
2024-03-04 13:02:54,371 [omNode-1-impl-thread1] INFO  server.RaftServerConfigKeys (ConfUtils.java:logGet(46)) - raft.server.log.purge.preservation.log.num = 0 (default)
2024-03-04 13:02:54,371 [omNode-1-impl-thread1] INFO  server.RaftServerConfigKeys (ConfUtils.java:logGet(46)) - raft.server.log.segment.size.max = 4194304 (custom)
2024-03-04 13:02:54,371 [omNode-1-impl-thread1] INFO  server.RaftServerConfigKeys (ConfUtils.java:logGet(46)) - raft.server.log.segment.cache.num.max = 2 (custom)
2024-03-04 13:02:54,372 [omNode-1-impl-thread1] INFO  server.RaftServerConfigKeys (ConfUtils.java:logGet(46)) - raft.server.log.segment.cache.size.max = 200MB (=209715200) (default)
2024-03-04 13:02:54,372 [omNode-1-impl-thread1] INFO  server.RaftServerConfigKeys (ConfUtils.java:logGet(46)) - raft.server.log.appender.buffer.byte-limit = 4194304 (custom)
2024-03-04 13:02:54,372 [omNode-1-impl-thread1] INFO  util.AwaitToRun (AwaitToRun.java:start(81)) - Thread[omNode-1@group-523986131536-cacheEviction-AwaitToRun,5,main] started
2024-03-04 13:02:54,372 [omNode-1-impl-thread1] INFO  segmented.SegmentedRaftLogWorker (SegmentedRaftLogWorker.java:<init>(182)) - new omNode-1@group-523986131536-SegmentedRaftLogWorker for RaftStorageImpl:Storage Directory /home/runner/work/ozone/ozone/hadoop-ozone/integration-test/target/test-dir/MiniOzoneClusterImpl-42dd095f-3e4b-4e15-bcdd-4f5539ea9781/omNode-1/ratis/c9bc4cf4-3bc3-3c60-a66b-523986131536
2024-03-04 13:02:54,372 [omNode-1-impl-thread1] INFO  server.RaftServerConfigKeys (ConfUtils.java:logGet(46)) - raft.server.log.queue.byte-limit = 64MB (=67108864) (default)
2024-03-04 13:02:54,372 [omNode-1-impl-thread1] INFO  server.RaftServerConfigKeys (ConfUtils.java:logGet(46)) - raft.server.log.queue.element-limit = 4096 (default)
2024-03-04 13:02:54,372 [omNode-1-impl-thread1] INFO  server.RaftServerConfigKeys (ConfUtils.java:logGet(46)) - raft.server.log.segment.size.max = 4194304 (custom)
2024-03-04 13:02:54,372 [omNode-1-impl-thread1] INFO  server.RaftServerConfigKeys (ConfUtils.java:logGet(46)) - raft.server.log.preallocated.size = 4194304 (custom)
2024-03-04 13:02:54,372 [omNode-1-impl-thread1] INFO  server.RaftServerConfigKeys (ConfUtils.java:logGet(46)) - raft.server.log.force.sync.num = 128 (default)
2024-03-04 13:02:54,372 [omNode-1-impl-thread1] INFO  server.RaftServerConfigKeys (ConfUtils.java:logGet(46)) - raft.server.log.statemachine.data.sync = true (default)
2024-03-04 13:02:54,372 [omNode-1-impl-thread1] INFO  server.RaftServerConfigKeys (ConfUtils.java:logGet(46)) - raft.server.log.statemachine.data.sync.timeout = 10s (default)
2024-03-04 13:02:54,372 [omNode-1-impl-thread1] INFO  server.RaftServerConfigKeys (ConfUtils.java:logGet(46)) - raft.server.log.statemachine.data.sync.timeout.retry = -1 (default)
2024-03-04 13:02:54,372 [omNode-1-impl-thread1] INFO  server.RaftServerConfigKeys (ConfUtils.java:logGet(46)) - raft.server.log.write.buffer.size = 4194312 (custom)
2024-03-04 13:02:54,373 [omNode-1-impl-thread1] INFO  server.RaftServerConfigKeys (ConfUtils.java:logGet(46)) - raft.server.log.appender.buffer.byte-limit = 4194304 (custom)
2024-03-04 13:02:54,373 [omNode-1-impl-thread1] INFO  server.RaftServerConfigKeys (ConfUtils.java:logGet(46)) - raft.server.log.unsafe-flush.enabled = false (default)
2024-03-04 13:02:54,373 [omNode-1-impl-thread1] INFO  server.RaftServerConfigKeys (ConfUtils.java:logGet(46)) - raft.server.log.async-flush.enabled = false (default)
2024-03-04 13:02:54,373 [omNode-1-impl-thread1] INFO  server.RaftServerConfigKeys (ConfUtils.java:logGet(46)) - raft.server.log.statemachine.data.caching.enabled = false (default)
2024-03-04 13:02:54,373 [omNode-1-impl-thread1] INFO  server.RaftServer$Division (ServerState.java:setRaftConf(386)) - omNode-1@group-523986131536: set configuration 0: peers:[omNode-3|localhost:15187, omNode-1|localhost:15179, omNode-2|localhost:15183]|listeners:[], old=null
2024-03-04 13:02:54,374 [omNode-1-impl-thread1] INFO  segmented.LogSegment (LogSegment.java:loadSegment(170)) - Successfully read 53 entries from segment file /home/runner/work/ozone/ozone/hadoop-ozone/integration-test/target/test-dir/MiniOzoneClusterImpl-42dd095f-3e4b-4e15-bcdd-4f5539ea9781/omNode-1/ratis/c9bc4cf4-3bc3-3c60-a66b-523986131536/current/log_inprogress_0
2024-03-04 13:02:54,374 [omNode-1-impl-thread1] INFO  segmented.SegmentedRaftLogWorker (SegmentedRaftLogWorker.java:lambda$new$0(134)) - omNode-1@group-523986131536-SegmentedRaftLogWorker: flushIndex: setUnconditionally 0 -> 52
2024-03-04 13:02:54,374 [omNode-1-impl-thread1] INFO  segmented.SegmentedRaftLogWorker (SegmentedRaftLogWorker.java:lambda$new$0(134)) - omNode-1@group-523986131536-SegmentedRaftLogWorker: safeCacheEvictIndex: setUnconditionally 0 -> -1
2024-03-04 13:02:54,374 [omNode-1-impl-thread1] INFO  segmented.BufferedWriteChannel (BufferedWriteChannel.java:open(62)) - open log_inprogress_0 (append) at position 16807
2024-03-04 13:02:54,374 [omNode-1-impl-thread1] INFO  server.RaftServer$Division (RaftServerImpl.java:start(396)) - omNode-1@group-523986131536: start as a follower, conf=0: peers:[omNode-3|localhost:15187, omNode-1|localhost:15179, omNode-2|localhost:15183]|listeners:[], old=null
2024-03-04 13:02:54,374 [omNode-1-impl-thread1] INFO  server.RaftServer$Division (RaftServerImpl.java:setRole(383)) - omNode-1@group-523986131536: changes role from      null to FOLLOWER at term 1 for startAsFollower
2024-03-04 13:02:54,374 [omNode-1-impl-thread1] INFO  impl.RoleInfo (RoleInfo.java:updateAndGet(139)) - omNode-1: start omNode-1@group-523986131536-FollowerState
2024-03-04 13:02:54,374 [omNode-1@group-523986131536-FollowerState] INFO  server.RaftServerConfigKeys (ConfUtils.java:logFallback(53)) - raft.server.rpc.first-election.timeout.min = 1s (fallback to raft.server.rpc.timeout.min)
2024-03-04 13:02:54,374 [omNode-1-impl-thread1] INFO  util.JmxRegister (JmxRegister.java:tryRegister(44)) - Successfully registered JMX Bean with object name Ratis:service=RaftServer,group=group-523986131536,id=omNode-1
2024-03-04 13:02:54,375 [omNode-1@group-523986131536-FollowerState] INFO  server.RaftServerConfigKeys (ConfUtils.java:logFallback(53)) - raft.server.rpc.first-election.timeout.max = 1200ms (fallback to raft.server.rpc.timeout.max)
2024-03-04 13:02:54,375 [omNode-1-impl-thread1] INFO  server.RaftServerConfigKeys (ConfUtils.java:logGet(46)) - raft.server.snapshot.trigger-when-stop.enabled = true (default)
2024-03-04 13:02:54,375 [omNode-1-impl-thread1] INFO  server.RaftServerConfigKeys (ConfUtils.java:logGet(46)) - raft.server.snapshot.auto.trigger.enabled = true (custom)
2024-03-04 13:02:54,375 [omNode-1-impl-thread1] INFO  server.RaftServerConfigKeys (ConfUtils.java:logGet(46)) - raft.server.snapshot.auto.trigger.threshold = 50 (custom)
2024-03-04 13:02:54,375 [omNode-1-impl-thread1] INFO  server.RaftServerConfigKeys (ConfUtils.java:logGet(46)) - raft.server.snapshot.retention.file.num = -1 (default)
2024-03-04 13:02:54,375 [omNode-1-impl-thread1] INFO  server.RaftServerConfigKeys (ConfUtils.java:logGet(46)) - raft.server.log.purge.upto.snapshot.index = true (custom)
2024-03-04 13:02:54,375 [main] INFO  server.RaftServer (RaftServerProxy.java:startImpl(406)) - omNode-1: start RPC server
2024-03-04 13:02:54,378 [main] INFO  server.GrpcService (GrpcService.java:startImpl(302)) - omNode-1: GrpcService started, listening on 15179
2024-03-04 13:02:54,378 [main] INFO  om.OzoneManager (OzoneManager.java:getRpcServer(1206)) - Creating RPC Server
2024-03-04 13:02:54,378 [JvmPauseMonitor57] INFO  util.JvmPauseMonitor (JvmPauseMonitor.java:run(146)) - JvmPauseMonitor-omNode-1: Started
2024-03-04 13:02:54,552 [main] INFO  ipc.CallQueueManager (CallQueueManager.java:<init>(90)) - Using callQueue: class java.util.concurrent.LinkedBlockingQueue, queueCapacity: 2000, scheduler: class org.apache.hadoop.ipc.DefaultRpcScheduler, ipcBackoff: false.
2024-03-04 13:02:54,552 [main] INFO  ipc.Server (Server.java:<init>(1287)) - Listener at localhost:15176
2024-03-04 13:02:54,553 [Socket Reader #1 for port 15176] INFO  ipc.Server (Server.java:run(1323)) - Starting Socket Reader #1 for port 15176
2024-03-04 13:02:54,555 [main] INFO  http.BaseHttpServer (BaseHttpServer.java:newHttpServer2BuilderForOzone(223)) - Starting Web-server for ozoneManager at: http://0.0.0.0:15177
2024-03-04 13:02:54,555 [main] INFO  http.BaseHttpServer (BaseHttpServer.java:<init>(110)) - Hadoop Security Enabled: false Ozone Security Enabled: false Ozone HTTP Security Enabled: false 
2024-03-04 13:02:54,556 [main] WARN  server.AuthenticationFilter (AuthenticationFilter.java:constructSecretProvider(240)) - Unable to initialize FileSignerSecretProvider, falling back to use random secrets. Reason: Could not read signature secret file: /home/runner/hadoop-http-auth-signature-secret
2024-03-04 13:02:54,556 [main] INFO  http.HttpRequestLog (HttpRequestLog.java:getRequestLog(86)) - Http request log for http.requests.ozoneManager is not defined
2024-03-04 13:02:54,557 [main] INFO  http.HttpServer2 (HttpServer2.java:addGlobalFilter(1036)) - Added global filter 'safety' (class=org.apache.hadoop.hdds.server.http.HttpServer2$QuotingInputFilter)
2024-03-04 13:02:54,557 [main] INFO  http.HttpServer2 (HttpServer2.java:addFilter(1012)) - Added filter static_user_filter (class=org.apache.hadoop.http.lib.StaticUserWebFilter$StaticUserFilter) to context ozoneManager
2024-03-04 13:02:54,557 [main] INFO  http.HttpServer2 (HttpServer2.java:addFilter(1020)) - Added filter static_user_filter (class=org.apache.hadoop.http.lib.StaticUserWebFilter$StaticUserFilter) to context static
2024-03-04 13:02:54,558 [main] INFO  http.HttpServer2 (HttpServer2.java:addFilter(1020)) - Added filter static_user_filter (class=org.apache.hadoop.http.lib.StaticUserWebFilter$StaticUserFilter) to context logs
2024-03-04 13:02:54,558 [main] INFO  http.BaseHttpServer (BaseHttpServer.java:<init>(189)) - HTTP server of ozoneManager uses base directory /home/runner/work/ozone/ozone/hadoop-ozone/integration-test/target/test-dir/MiniOzoneClusterImpl-42dd095f-3e4b-4e15-bcdd-4f5539ea9781/omNode-1/webserver
2024-03-04 13:02:54,558 [main] INFO  http.HttpServer2 (HttpServer2.java:bindListener(1236)) - Jetty bound to port 15177
2024-03-04 13:02:54,558 [main] INFO  server.Server (Server.java:doStart(375)) - jetty-9.4.53.v20231009; built: 2023-10-09T12:29:09.265Z; git: 27bde00a0b95a1d5bbee0eae7984f891d2d0f8c9; jvm 1.8.0_402-b06
2024-03-04 13:02:54,559 [main] INFO  server.session (DefaultSessionIdManager.java:doStart(334)) - DefaultSessionIdManager workerName=node0
2024-03-04 13:02:54,559 [main] INFO  server.session (DefaultSessionIdManager.java:doStart(339)) - No SessionScavenger set, using defaults
2024-03-04 13:02:54,559 [main] INFO  server.session (HouseKeeper.java:startScavenging(132)) - node0 Scavenging every 600000ms
2024-03-04 13:02:54,560 [main] INFO  handler.ContextHandler (ContextHandler.java:doStart(921)) - Started o.e.j.s.ServletContextHandler@7ad337bc{logs,/logs,file:///home/runner/work/ozone/ozone/hadoop-ozone/integration-test/target/log,AVAILABLE}
2024-03-04 13:02:54,560 [main] INFO  handler.ContextHandler (ContextHandler.java:doStart(921)) - Started o.e.j.s.ServletContextHandler@291ddf3a{static,/static,file:///home/runner/work/ozone/ozone/hadoop-ozone/integration-test/target/test-classes/webapps/static,AVAILABLE}
2024-03-04 13:02:54,562 [main] INFO  handler.ContextHandler (ContextHandler.java:doStart(921)) - Started o.e.j.w.WebAppContext@61bf3586{ozoneManager,/,file:///home/runner/work/ozone/ozone/hadoop-ozone/integration-test/target/test-classes/webapps/ozoneManager/,AVAILABLE}{file:/home/runner/work/ozone/ozone/hadoop-ozone/integration-test/target/test-classes/webapps/ozoneManager}
2024-03-04 13:02:54,562 [main] INFO  server.AbstractConnector (AbstractConnector.java:doStart(333)) - Started ServerConnector@32b44a5d{HTTP/1.1, (http/1.1)}{0.0.0.0:15177}
2024-03-04 13:02:54,562 [main] INFO  server.Server (Server.java:doStart(415)) - Started @670146ms
2024-03-04 13:02:54,562 [main] WARN  impl.MetricsSystemImpl (MetricsSystemImpl.java:register(279)) - Sink prometheus already exists!
2024-03-04 13:02:54,563 [main] INFO  http.BaseHttpServer (BaseHttpServer.java:updateConnectorAddress(354)) - HTTP server of ozoneManager listening at http://0.0.0.0:15177
2024-03-04 13:02:54,563 [IPC Server Responder] INFO  ipc.Server (Server.java:run(1562)) - IPC Server Responder: starting
2024-03-04 13:02:54,563 [IPC Server listener on 15176] INFO  ipc.Server (Server.java:run(1402)) - IPC Server listener on 15176: starting
2024-03-04 13:02:54,577 [main] INFO  om.OzoneManager (OzoneManager.java:startTrashEmptier(2093)) - Trash Interval set to 0. Files deleted won't move to trash
2024-03-04 13:02:54,577 [main] INFO  om.OzoneManager (OzoneManager.java:restart(1710)) - OzoneManager RPC server is listening at localhost/127.0.0.1:15180
2024-03-04 13:02:54,577 [main] INFO  impl.MetricsSystemImpl (MetricsSystemImpl.java:init(158)) - OzoneManager metrics system started (again)
2024-03-04 13:02:54,585 [main] WARN  server.ServerUtils (ServerUtils.java:getDBPath(299)) - ozone.om.db.dirs is not configured. We recommend adding this setting. Falling back to ozone.metadata.dirs instead.
2024-03-04 13:02:54,585 [main] INFO  helpers.OmKeyInfo (OmKeyInfo.java:getCodec(71)) - OmKeyInfo.getCodec ignorePipeline = true
2024-03-04 13:02:54,619 [main] INFO  om.OzoneManager (OzoneManager.java:instantiateServices(804)) - S3 Multi-Tenancy is disabled
2024-03-04 13:02:54,619 [main] INFO  om.OmSnapshotManager (OmSnapshotManager.java:<init>(177)) - Ozone filesystem snapshot feature is enabled.
2024-03-04 13:02:54,619 [main] WARN  server.ServerUtils (ServerUtils.java:getDBPath(299)) - ozone.om.snapshot.diff.db.dir is not configured. We recommend adding this setting. Falling back to ozone.metadata.dirs instead.
2024-03-04 13:02:54,627 [main] INFO  utils.NativeLibraryLoader (NativeLibraryLoader.java:loadLibrary(108)) - Loading Library: ozone_rocksdb_tools
2024-03-04 13:02:54,627 [main] ERROR snapshot.SnapshotDiffManager (SnapshotDiffManager.java:initNativeLibraryForEfficientDiff(287)) - Native Library for raw sst file reading loading failed.
org.apache.hadoop.hdds.utils.NativeLibraryNotLoadedException: Unable to load library ozone_rocksdb_tools from both java.library.path & resource file libozone_rocksdb_tools.so from jar.
	at org.apache.hadoop.hdds.utils.db.managed.ManagedRawSSTFileReader.loadLibrary(ManagedRawSSTFileReader.java:38)
	at org.apache.hadoop.ozone.om.snapshot.SnapshotDiffManager.initNativeLibraryForEfficientDiff(SnapshotDiffManager.java:285)
	at org.apache.hadoop.ozone.om.snapshot.SnapshotDiffManager.<init>(SnapshotDiffManager.java:259)
	at org.apache.hadoop.ozone.om.OmSnapshotManager.<init>(OmSnapshotManager.java:279)
	at org.apache.hadoop.ozone.om.OzoneManager.instantiateServices(OzoneManager.java:856)
	at org.apache.hadoop.ozone.om.OzoneManager.restart(OzoneManager.java:1715)
	at org.apache.hadoop.ozone.MiniOzoneHAClusterImpl.restartOzoneManager(MiniOzoneHAClusterImpl.java:211)
	at org.apache.hadoop.ozone.om.TestOzoneManagerPrepare.resetCluster(TestOzoneManagerPrepare.java:113)
	at sun.reflect.NativeMethodAccessorImpl.invoke0(Native Method)
	at sun.reflect.NativeMethodAccessorImpl.invoke(NativeMethodAccessorImpl.java:62)
	at sun.reflect.DelegatingMethodAccessorImpl.invoke(DelegatingMethodAccessorImpl.java:43)
	at java.lang.reflect.Method.invoke(Method.java:498)
	at org.junit.platform.commons.util.ReflectionUtils.invokeMethod(ReflectionUtils.java:728)
	at org.junit.jupiter.engine.execution.MethodInvocation.proceed(MethodInvocation.java:60)
	at org.junit.jupiter.engine.execution.InvocationInterceptorChain$ValidatingInvocation.proceed(InvocationInterceptorChain.java:131)
	at org.junit.jupiter.engine.extension.TimeoutExtension.intercept(TimeoutExtension.java:156)
	at org.junit.jupiter.engine.extension.TimeoutExtension.interceptLifecycleMethod(TimeoutExtension.java:128)
	at org.junit.jupiter.engine.extension.TimeoutExtension.interceptAfterEachMethod(TimeoutExtension.java:110)
	at org.junit.jupiter.engine.execution.InterceptingExecutableInvoker$ReflectiveInterceptorCall.lambda$ofVoidMethod$0(InterceptingExecutableInvoker.java:103)
	at org.junit.jupiter.engine.execution.InterceptingExecutableInvoker.lambda$invoke$0(InterceptingExecutableInvoker.java:93)
	at org.junit.jupiter.engine.execution.InvocationInterceptorChain$InterceptedInvocation.proceed(InvocationInterceptorChain.java:106)
	at org.junit.jupiter.engine.execution.InvocationInterceptorChain.proceed(InvocationInterceptorChain.java:64)
	at org.junit.jupiter.engine.execution.InvocationInterceptorChain.chainAndInvoke(InvocationInterceptorChain.java:45)
	at org.junit.jupiter.engine.execution.InvocationInterceptorChain.invoke(InvocationInterceptorChain.java:37)
	at org.junit.jupiter.engine.execution.InterceptingExecutableInvoker.invoke(InterceptingExecutableInvoker.java:92)
	at org.junit.jupiter.engine.execution.InterceptingExecutableInvoker.invoke(InterceptingExecutableInvoker.java:86)
	at org.junit.jupiter.engine.descriptor.ClassBasedTestDescriptor.invokeMethodInExtensionContext(ClassBasedTestDescriptor.java:521)
	at org.junit.jupiter.engine.descriptor.ClassBasedTestDescriptor.lambda$synthesizeAfterEachMethodAdapter$24(ClassBasedTestDescriptor.java:511)
	at org.junit.jupiter.engine.descriptor.TestMethodTestDescriptor.lambda$invokeAfterEachMethods$10(TestMethodTestDescriptor.java:244)
	at org.junit.jupiter.engine.descriptor.TestMethodTestDescriptor.lambda$invokeAllAfterMethodsOrCallbacks$13(TestMethodTestDescriptor.java:277)
	at org.junit.platform.engine.support.hierarchical.ThrowableCollector.execute(ThrowableCollector.java:73)
	at org.junit.jupiter.engine.descriptor.TestMethodTestDescriptor.lambda$invokeAllAfterMethodsOrCallbacks$14(TestMethodTestDescriptor.java:277)
	at org.junit.platform.commons.util.CollectionUtils.forEachInReverseOrder(CollectionUtils.java:217)
	at org.junit.jupiter.engine.descriptor.TestMethodTestDescriptor.invokeAllAfterMethodsOrCallbacks(TestMethodTestDescriptor.java:276)
	at org.junit.jupiter.engine.descriptor.TestMethodTestDescriptor.invokeAfterEachMethods(TestMethodTestDescriptor.java:242)
	at org.junit.jupiter.engine.descriptor.TestMethodTestDescriptor.execute(TestMethodTestDescriptor.java:143)
	at org.junit.jupiter.engine.descriptor.TestMethodTestDescriptor.execute(TestMethodTestDescriptor.java:69)
	at org.junit.platform.engine.support.hierarchical.NodeTestTask.lambda$executeRecursively$6(NodeTestTask.java:151)
	at org.junit.platform.engine.support.hierarchical.ThrowableCollector.execute(ThrowableCollector.java:73)
	at org.junit.platform.engine.support.hierarchical.NodeTestTask.lambda$executeRecursively$8(NodeTestTask.java:141)
	at org.junit.platform.engine.support.hierarchical.Node.around(Node.java:137)
	at org.junit.platform.engine.support.hierarchical.NodeTestTask.lambda$executeRecursively$9(NodeTestTask.java:139)
	at org.junit.platform.engine.support.hierarchical.ThrowableCollector.execute(ThrowableCollector.java:73)
	at org.junit.platform.engine.support.hierarchical.NodeTestTask.executeRecursively(NodeTestTask.java:138)
	at org.junit.platform.engine.support.hierarchical.NodeTestTask.execute(NodeTestTask.java:95)
	at java.util.ArrayList.forEach(ArrayList.java:1259)
	at org.junit.platform.engine.support.hierarchical.SameThreadHierarchicalTestExecutorService.invokeAll(SameThreadHierarchicalTestExecutorService.java:41)
	at org.junit.platform.engine.support.hierarchical.NodeTestTask.lambda$executeRecursively$6(NodeTestTask.java:155)
	at org.junit.platform.engine.support.hierarchical.ThrowableCollector.execute(ThrowableCollector.java:73)
	at org.junit.platform.engine.support.hierarchical.NodeTestTask.lambda$executeRecursively$8(NodeTestTask.java:141)
	at org.junit.platform.engine.support.hierarchical.Node.around(Node.java:137)
	at org.junit.platform.engine.support.hierarchical.NodeTestTask.lambda$executeRecursively$9(NodeTestTask.java:139)
	at org.junit.platform.engine.support.hierarchical.ThrowableCollector.execute(ThrowableCollector.java:73)
	at org.junit.platform.engine.support.hierarchical.NodeTestTask.executeRecursively(NodeTestTask.java:138)
	at org.junit.platform.engine.support.hierarchical.NodeTestTask.execute(NodeTestTask.java:95)
	at java.util.ArrayList.forEach(ArrayList.java:1259)
	at org.junit.platform.engine.support.hierarchical.SameThreadHierarchicalTestExecutorService.invokeAll(SameThreadHierarchicalTestExecutorService.java:41)
	at org.junit.platform.engine.support.hierarchical.NodeTestTask.lambda$executeRecursively$6(NodeTestTask.java:155)
	at org.junit.platform.engine.support.hierarchical.ThrowableCollector.execute(ThrowableCollector.java:73)
	at org.junit.platform.engine.support.hierarchical.NodeTestTask.lambda$executeRecursively$8(NodeTestTask.java:141)
	at org.junit.platform.engine.support.hierarchical.Node.around(Node.java:137)
	at org.junit.platform.engine.support.hierarchical.NodeTestTask.lambda$executeRecursively$9(NodeTestTask.java:139)
	at org.junit.platform.engine.support.hierarchical.ThrowableCollector.execute(ThrowableCollector.java:73)
	at org.junit.platform.engine.support.hierarchical.NodeTestTask.executeRecursively(NodeTestTask.java:138)
	at org.junit.platform.engine.support.hierarchical.NodeTestTask.execute(NodeTestTask.java:95)
	at org.junit.platform.engine.support.hierarchical.SameThreadHierarchicalTestExecutorService.submit(SameThreadHierarchicalTestExecutorService.java:35)
	at org.junit.platform.engine.support.hierarchical.HierarchicalTestExecutor.execute(HierarchicalTestExecutor.java:57)
	at org.junit.platform.engine.support.hierarchical.HierarchicalTestEngine.execute(HierarchicalTestEngine.java:54)
	at org.junit.platform.launcher.core.EngineExecutionOrchestrator.execute(EngineExecutionOrchestrator.java:198)
	at org.junit.platform.launcher.core.EngineExecutionOrchestrator.execute(EngineExecutionOrchestrator.java:169)
	at org.junit.platform.launcher.core.EngineExecutionOrchestrator.execute(EngineExecutionOrchestrator.java:93)
	at org.junit.platform.launcher.core.EngineExecutionOrchestrator.lambda$execute$0(EngineExecutionOrchestrator.java:58)
	at org.junit.platform.launcher.core.EngineExecutionOrchestrator.withInterceptedStreams(EngineExecutionOrchestrator.java:141)
	at org.junit.platform.launcher.core.EngineExecutionOrchestrator.execute(EngineExecutionOrchestrator.java:57)
	at org.junit.platform.launcher.core.DefaultLauncher.execute(DefaultLauncher.java:103)
	at org.junit.platform.launcher.core.DefaultLauncher.execute(DefaultLauncher.java:85)
	at org.junit.platform.launcher.core.DelegatingLauncher.execute(DelegatingLauncher.java:47)
	at org.junit.platform.launcher.core.SessionPerRequestLauncher.execute(SessionPerRequestLauncher.java:63)
	at org.apache.maven.surefire.junitplatform.JUnitPlatformProvider.invokeAllTests(JUnitPlatformProvider.java:165)
	at org.apache.maven.surefire.junitplatform.JUnitPlatformProvider.invoke(JUnitPlatformProvider.java:124)
	at org.apache.maven.surefire.booter.ForkedBooter.runSuitesInProcess(ForkedBooter.java:428)
	at org.apache.maven.surefire.booter.ForkedBooter.execute(ForkedBooter.java:162)
	at org.apache.maven.surefire.booter.ForkedBooter.run(ForkedBooter.java:562)
	at org.apache.maven.surefire.booter.ForkedBooter.main(ForkedBooter.java:548)
2024-03-04 13:02:54,631 [main] WARN  dropwizard3.Dm3MetricRegistriesImpl (Dm3MetricRegistriesImpl.java:addReporterRegistration(113)) - New reporters are added after registries were created. Some metrics will be missing from the reporter. Please add reporter before adding any new registry.
2024-03-04 13:02:54,631 [main] WARN  dropwizard3.Dm3MetricRegistriesImpl (Dm3MetricRegistriesImpl.java:addReporterRegistration(113)) - New reporters are added after registries were created. Some metrics will be missing from the reporter. Please add reporter before adding any new registry.
2024-03-04 13:02:54,631 [main] WARN  server.ServerUtils (ServerUtils.java:getDefaultRatisDirectory(311)) - Storage directory for Ratis is not configured. It is a good idea to map this to an SSD disk. Falling back to ozone.metadata.dirs
2024-03-04 13:02:54,632 [main] INFO  ratis.OzoneManagerRatisServer (OzoneManagerRatisServer.java:<init>(167)) - Instantiating OM Ratis server with groupID: om-service-test1 and peers: localhost:15183, localhost:15187, localhost:15179
2024-03-04 13:02:54,632 [main] INFO  ratis.OzoneManagerStateMachine (OzoneManagerStateMachine.java:loadSnapshotInfoFromDB(573)) - LastAppliedIndex is set from TransactionInfo from OM DB as (t:1, i:52)
2024-03-04 13:02:54,633 [main] INFO  server.RaftServer (ConfUtils.java:logGet(46)) - raft.rpc.type = GRPC (default)
2024-03-04 13:02:54,633 [main] INFO  grpc.GrpcConfigKeys (ConfUtils.java:logFallback(53)) - raft.grpc.admin.host = null (fallback to raft.grpc.server.host)
2024-03-04 13:02:54,633 [main] INFO  grpc.GrpcConfigKeys (ConfUtils.java:logFallback(53)) - raft.grpc.admin.port = 15183 (fallback to raft.grpc.server.port)
2024-03-04 13:02:54,633 [main] INFO  grpc.GrpcConfigKeys (ConfUtils.java:logFallback(53)) - raft.grpc.client.host = null (fallback to raft.grpc.server.host)
2024-03-04 13:02:54,634 [main] INFO  grpc.GrpcConfigKeys (ConfUtils.java:logFallback(53)) - raft.grpc.client.port = 15183 (fallback to raft.grpc.server.port)
2024-03-04 13:02:54,634 [main] INFO  grpc.GrpcConfigKeys (ConfUtils.java:logGet(46)) - raft.grpc.server.host = null (default)
2024-03-04 13:02:54,634 [main] INFO  grpc.GrpcConfigKeys (ConfUtils.java:logGet(46)) - raft.grpc.server.port = 15183 (custom)
2024-03-04 13:02:54,634 [main] INFO  server.GrpcService (ConfUtils.java:logGet(46)) - raft.grpc.message.size.max = 4194304 (custom)
2024-03-04 13:02:54,634 [main] INFO  server.RaftServerConfigKeys (ConfUtils.java:logGet(46)) - raft.server.log.appender.buffer.byte-limit = 4194304 (custom)
2024-03-04 13:02:54,634 [main] INFO  server.GrpcService (ConfUtils.java:logGet(46)) - raft.grpc.flow.control.window = 1MB (=1048576) (default)
2024-03-04 13:02:54,635 [main] INFO  server.RaftServerConfigKeys (ConfUtils.java:logGet(46)) - raft.server.rpc.request.timeout = 3000ms (default)
2024-03-04 13:02:54,635 [main] INFO  grpc.GrpcConfigKeys (ConfUtils.java:logGet(46)) - raft.grpc.server.heartbeat.channel = true (default)
2024-03-04 13:02:54,635 [main] INFO  grpc.GrpcConfigKeys (ConfUtils.java:logGet(46)) - raft.grpc.server.async.request.thread.pool.cached = true (default)
2024-03-04 13:02:54,635 [main] INFO  grpc.GrpcConfigKeys (ConfUtils.java:logGet(46)) - raft.grpc.server.async.request.thread.pool.size = 32 (default)
2024-03-04 13:02:54,636 [main] INFO  impl.DataStreamServerImpl (ConfUtils.java:logGet(46)) - raft.datastream.type = DISABLED (default)
2024-03-04 13:02:54,636 [main] INFO  server.RaftServerConfigKeys (ConfUtils.java:logGet(46)) - raft.server.sleep.deviation.threshold = 300ms (default)
2024-03-04 13:02:54,637 [main] INFO  server.RaftServerConfigKeys (ConfUtils.java:logGet(46)) - raft.server.close.threshold = 60s (default)
2024-03-04 13:02:54,637 [main] INFO  server.RaftServerConfigKeys (ConfUtils.java:logGet(46)) - raft.server.leaderelection.leader.step-down.wait-time = 10s (default)
2024-03-04 13:02:54,637 [main] INFO  server.RaftServerConfigKeys (ConfUtils.java:logGet(46)) - raft.server.storage.dir = [/home/runner/work/ozone/ozone/hadoop-ozone/integration-test/target/test-dir/MiniOzoneClusterImpl-42dd095f-3e4b-4e15-bcdd-4f5539ea9781/omNode-2/ratis] (custom)
2024-03-04 13:02:54,637 [main] INFO  server.RaftServerConfigKeys (ConfUtils.java:logGet(46)) - raft.server.threadpool.proxy.cached = true (default)
2024-03-04 13:02:54,637 [main] INFO  server.RaftServerConfigKeys (ConfUtils.java:logGet(46)) - raft.server.threadpool.proxy.size = 0 (default)
2024-03-04 13:02:54,638 [omNode-2-impl-thread1] INFO  server.RaftServer (RaftServerProxy.java:initGroupDir(264)) - omNode-2: found a subdirectory /home/runner/work/ozone/ozone/hadoop-ozone/integration-test/target/test-dir/MiniOzoneClusterImpl-42dd095f-3e4b-4e15-bcdd-4f5539ea9781/omNode-2/ratis/c9bc4cf4-3bc3-3c60-a66b-523986131536
2024-03-04 13:02:54,638 [main] INFO  server.RaftServer (RaftServerProxy.java:addNew(100)) - omNode-2: addNew group-523986131536:[omNode-3|localhost:15187, omNode-1|localhost:15179, omNode-2|localhost:15183] returns group-523986131536:java.util.concurrent.CompletableFuture@2bf31ffe[Not completed]
2024-03-04 13:02:54,638 [main] INFO  om.OzoneManager (OzoneManager.java:initializeRatisServer(2140)) - OzoneManager Ratis server initialized at port 15183
2024-03-04 13:02:54,638 [main] INFO  ratis.OzoneManagerRatisServer (OzoneManagerRatisServer.java:start(588)) - Starting OzoneManagerRatisServer omNode-2 at port 15183
2024-03-04 13:02:54,638 [omNode-2-groupManagement] INFO  server.RaftServer$Division (RaftServerImpl.java:<init>(256)) - omNode-2: new RaftServerImpl for group-523986131536:[omNode-3|localhost:15187, omNode-1|localhost:15179, omNode-2|localhost:15183] with OzoneManagerStateMachine:uninitialized
2024-03-04 13:02:54,639 [omNode-2-groupManagement] INFO  server.RaftServerConfigKeys (ConfUtils.java:logGet(46)) - raft.server.rpc.timeout.min = 1s (custom)
2024-03-04 13:02:54,639 [omNode-2-groupManagement] INFO  server.RaftServerConfigKeys (ConfUtils.java:logGet(46)) - raft.server.rpc.timeout.max = 1200ms (custom)
2024-03-04 13:02:54,639 [omNode-2-groupManagement] INFO  server.RaftServerConfigKeys (ConfUtils.java:logGet(46)) - raft.server.rpc.sleep.time = 25ms (default)
2024-03-04 13:02:54,639 [omNode-2-groupManagement] INFO  server.RaftServerConfigKeys (ConfUtils.java:logGet(46)) - raft.server.rpc.slowness.timeout = 2s (custom)
2024-03-04 13:02:54,639 [omNode-2-groupManagement] INFO  server.RaftServerConfigKeys (ConfUtils.java:logGet(46)) - raft.server.leaderelection.leader.step-down.wait-time = 10s (default)
2024-03-04 13:02:54,639 [omNode-2-groupManagement] INFO  server.RaftServerConfigKeys (ConfUtils.java:logGet(46)) - raft.server.leaderelection.member.majority-add = false (default)
2024-03-04 13:02:54,639 [omNode-2-groupManagement] INFO  server.RaftServerConfigKeys (ConfUtils.java:logGet(46)) - raft.server.sleep.deviation.threshold = 300ms (default)
2024-03-04 13:02:54,639 [omNode-2-groupManagement] INFO  server.RaftServer$Division (ServerState.java:<init>(113)) - omNode-2@group-523986131536: ConfigurationManager, init=-1: peers:[omNode-3|localhost:15187, omNode-1|localhost:15179, omNode-2|localhost:15183]|listeners:[], old=null, confs=<EMPTY_MAP>
2024-03-04 13:02:54,639 [omNode-2-groupManagement] INFO  server.RaftServerConfigKeys (ConfUtils.java:logGet(46)) - raft.server.notification.no-leader.timeout = 2s (custom)
2024-03-04 13:02:54,640 [omNode-2-groupManagement] INFO  server.RaftServerConfigKeys (ConfUtils.java:logGet(46)) - raft.server.read.timeout = 10s (default)
2024-03-04 13:02:54,640 [omNode-2-groupManagement] INFO  server.RaftServerConfigKeys (ConfUtils.java:logGet(46)) - raft.server.retrycache.expirytime = 30000ms (custom)
2024-03-04 13:02:54,640 [omNode-2-groupManagement] INFO  server.RaftServerConfigKeys (ConfUtils.java:logGet(46)) - raft.server.retrycache.statistics.expirytime = 100ms (default)
2024-03-04 13:02:54,640 [omNode-2-groupManagement] INFO  server.RaftServerConfigKeys (ConfUtils.java:logGet(46)) - raft.server.read.option = DEFAULT (default)
2024-03-04 13:02:54,640 [omNode-2-groupManagement] INFO  server.RaftServerConfigKeys (ConfUtils.java:logGet(46)) - raft.server.read.read-after-write-consistent.write-index-cache.expiry-time = 60s (default)
2024-03-04 13:02:54,641 [omNode-2-groupManagement] INFO  server.RaftServerConfigKeys (ConfUtils.java:logGet(46)) - raft.server.rpc.request.timeout = 3000ms (default)
2024-03-04 13:02:54,642 [omNode-2-groupManagement] INFO  server.RaftServerConfigKeys (ConfUtils.java:logGet(46)) - raft.server.log.appender.install.snapshot.enabled = false (custom)
2024-03-04 13:02:54,642 [omNode-2-groupManagement] INFO  server.RaftServerConfigKeys (ConfUtils.java:logGet(46)) - raft.server.threadpool.server.cached = true (default)
2024-03-04 13:02:54,642 [omNode-2-groupManagement] INFO  server.RaftServerConfigKeys (ConfUtils.java:logGet(46)) - raft.server.threadpool.server.size = 0 (default)
2024-03-04 13:02:54,642 [omNode-2-groupManagement] INFO  server.RaftServerConfigKeys (ConfUtils.java:logGet(46)) - raft.server.threadpool.client.cached = true (default)
2024-03-04 13:02:54,642 [omNode-2-groupManagement] INFO  server.RaftServerConfigKeys (ConfUtils.java:logGet(46)) - raft.server.threadpool.client.size = 0 (default)
2024-03-04 13:02:54,642 [omNode-2-impl-thread1] INFO  server.RaftServerConfigKeys (ConfUtils.java:logGet(46)) - raft.server.storage.free-space.min = 0MB (=0) (default)
2024-03-04 13:02:54,642 [omNode-2-impl-thread1] INFO  server.RaftServerConfigKeys (ConfUtils.java:logGet(46)) - raft.server.log.corruption.policy = EXCEPTION (default)
2024-03-04 13:02:54,642 [omNode-2-impl-thread1] INFO  server.RaftServerConfigKeys (ConfUtils.java:logGet(46)) - raft.server.storage.dir = [/home/runner/work/ozone/ozone/hadoop-ozone/integration-test/target/test-dir/MiniOzoneClusterImpl-42dd095f-3e4b-4e15-bcdd-4f5539ea9781/omNode-2/ratis] (custom)
2024-03-04 13:02:54,643 [omNode-2-impl-thread1] INFO  storage.RaftStorageDirectory (RaftStorageDirectoryImpl.java:tryLock(228)) - Lock on /home/runner/work/ozone/ozone/hadoop-ozone/integration-test/target/test-dir/MiniOzoneClusterImpl-42dd095f-3e4b-4e15-bcdd-4f5539ea9781/omNode-2/ratis/c9bc4cf4-3bc3-3c60-a66b-523986131536/in_use.lock acquired by nodename 41993@fv-az571-795
2024-03-04 13:02:54,643 [omNode-2-impl-thread1] INFO  storage.RaftStorage (RaftStorageImpl.java:analyzeAndRecoverStorage(119)) - Read RaftStorageMetadata{term=1, votedFor=omNode-1} from /home/runner/work/ozone/ozone/hadoop-ozone/integration-test/target/test-dir/MiniOzoneClusterImpl-42dd095f-3e4b-4e15-bcdd-4f5539ea9781/omNode-2/ratis/c9bc4cf4-3bc3-3c60-a66b-523986131536/current/raft-meta
2024-03-04 13:02:54,645 [omNode-2-impl-thread1] INFO  server.RaftServer$Division (ServerState.java:setRaftConf(386)) - omNode-2@group-523986131536: set configuration 0: peers:[omNode-3|localhost:15187, omNode-1|localhost:15179, omNode-2|localhost:15183]|listeners:[], old=null
2024-03-04 13:02:54,645 [omNode-2-impl-thread1] INFO  server.RaftServerConfigKeys (ConfUtils.java:logGet(46)) - raft.server.log.use.memory = false (default)
2024-03-04 13:02:54,645 [omNode-2-impl-thread1] INFO  server.RaftServerConfigKeys (ConfUtils.java:logGet(46)) - raft.server.log.purge.gap = 50 (custom)
2024-03-04 13:02:54,645 [omNode-2-impl-thread1] INFO  server.RaftServerConfigKeys (ConfUtils.java:logGet(46)) - raft.server.log.appender.buffer.byte-limit = 4194304 (custom)
2024-03-04 13:02:54,645 [omNode-2-impl-thread1] INFO  server.RaftServerConfigKeys (ConfUtils.java:logGet(46)) - raft.server.log.statemachine.data.read.timeout = 1000ms (default)
2024-03-04 13:02:54,645 [omNode-2-impl-thread1] INFO  server.RaftServerConfigKeys (ConfUtils.java:logGet(46)) - raft.server.log.purge.preservation.log.num = 0 (default)
2024-03-04 13:02:54,646 [omNode-2-impl-thread1] INFO  server.RaftServerConfigKeys (ConfUtils.java:logGet(46)) - raft.server.log.segment.size.max = 4194304 (custom)
2024-03-04 13:02:54,646 [omNode-2-impl-thread1] INFO  server.RaftServerConfigKeys (ConfUtils.java:logGet(46)) - raft.server.log.segment.cache.num.max = 2 (custom)
2024-03-04 13:02:54,646 [omNode-2-impl-thread1] INFO  server.RaftServerConfigKeys (ConfUtils.java:logGet(46)) - raft.server.log.segment.cache.size.max = 200MB (=209715200) (default)
2024-03-04 13:02:54,646 [omNode-2-impl-thread1] INFO  server.RaftServerConfigKeys (ConfUtils.java:logGet(46)) - raft.server.log.appender.buffer.byte-limit = 4194304 (custom)
2024-03-04 13:02:54,647 [omNode-2-impl-thread1] INFO  util.AwaitToRun (AwaitToRun.java:start(81)) - Thread[omNode-2@group-523986131536-cacheEviction-AwaitToRun,5,main] started
2024-03-04 13:02:54,647 [omNode-2-impl-thread1] INFO  segmented.SegmentedRaftLogWorker (SegmentedRaftLogWorker.java:<init>(182)) - new omNode-2@group-523986131536-SegmentedRaftLogWorker for RaftStorageImpl:Storage Directory /home/runner/work/ozone/ozone/hadoop-ozone/integration-test/target/test-dir/MiniOzoneClusterImpl-42dd095f-3e4b-4e15-bcdd-4f5539ea9781/omNode-2/ratis/c9bc4cf4-3bc3-3c60-a66b-523986131536
2024-03-04 13:02:54,647 [omNode-2-impl-thread1] INFO  server.RaftServerConfigKeys (ConfUtils.java:logGet(46)) - raft.server.log.queue.byte-limit = 64MB (=67108864) (default)
2024-03-04 13:02:54,647 [omNode-2-impl-thread1] INFO  server.RaftServerConfigKeys (ConfUtils.java:logGet(46)) - raft.server.log.queue.element-limit = 4096 (default)
2024-03-04 13:02:54,647 [omNode-2-impl-thread1] INFO  server.RaftServerConfigKeys (ConfUtils.java:logGet(46)) - raft.server.log.segment.size.max = 4194304 (custom)
2024-03-04 13:02:54,647 [omNode-2-impl-thread1] INFO  server.RaftServerConfigKeys (ConfUtils.java:logGet(46)) - raft.server.log.preallocated.size = 4194304 (custom)
2024-03-04 13:02:54,647 [omNode-2-impl-thread1] INFO  server.RaftServerConfigKeys (ConfUtils.java:logGet(46)) - raft.server.log.force.sync.num = 128 (default)
2024-03-04 13:02:54,647 [omNode-2-impl-thread1] INFO  server.RaftServerConfigKeys (ConfUtils.java:logGet(46)) - raft.server.log.statemachine.data.sync = true (default)
2024-03-04 13:02:54,647 [omNode-2-impl-thread1] INFO  server.RaftServerConfigKeys (ConfUtils.java:logGet(46)) - raft.server.log.statemachine.data.sync.timeout = 10s (default)
2024-03-04 13:02:54,647 [omNode-2-impl-thread1] INFO  server.RaftServerConfigKeys (ConfUtils.java:logGet(46)) - raft.server.log.statemachine.data.sync.timeout.retry = -1 (default)
2024-03-04 13:02:54,647 [omNode-2-impl-thread1] INFO  server.RaftServerConfigKeys (ConfUtils.java:logGet(46)) - raft.server.log.write.buffer.size = 4194312 (custom)
2024-03-04 13:02:54,648 [omNode-2-impl-thread1] INFO  server.RaftServerConfigKeys (ConfUtils.java:logGet(46)) - raft.server.log.appender.buffer.byte-limit = 4194304 (custom)
2024-03-04 13:02:54,648 [omNode-2-impl-thread1] INFO  server.RaftServerConfigKeys (ConfUtils.java:logGet(46)) - raft.server.log.unsafe-flush.enabled = false (default)
2024-03-04 13:02:54,648 [omNode-2-impl-thread1] INFO  server.RaftServerConfigKeys (ConfUtils.java:logGet(46)) - raft.server.log.async-flush.enabled = false (default)
2024-03-04 13:02:54,648 [omNode-2-impl-thread1] INFO  server.RaftServerConfigKeys (ConfUtils.java:logGet(46)) - raft.server.log.statemachine.data.caching.enabled = false (default)
2024-03-04 13:02:54,649 [omNode-2-impl-thread1] INFO  server.RaftServer$Division (ServerState.java:setRaftConf(386)) - omNode-2@group-523986131536: set configuration 0: peers:[omNode-3|localhost:15187, omNode-1|localhost:15179, omNode-2|localhost:15183]|listeners:[], old=null
2024-03-04 13:02:54,649 [omNode-2-impl-thread1] INFO  segmented.LogSegment (LogSegment.java:loadSegment(170)) - Successfully read 53 entries from segment file /home/runner/work/ozone/ozone/hadoop-ozone/integration-test/target/test-dir/MiniOzoneClusterImpl-42dd095f-3e4b-4e15-bcdd-4f5539ea9781/omNode-2/ratis/c9bc4cf4-3bc3-3c60-a66b-523986131536/current/log_inprogress_0
2024-03-04 13:02:54,649 [omNode-2-impl-thread1] INFO  segmented.SegmentedRaftLogWorker (SegmentedRaftLogWorker.java:lambda$new$0(134)) - omNode-2@group-523986131536-SegmentedRaftLogWorker: flushIndex: setUnconditionally 0 -> 52
2024-03-04 13:02:54,649 [omNode-2-impl-thread1] INFO  segmented.SegmentedRaftLogWorker (SegmentedRaftLogWorker.java:lambda$new$0(134)) - omNode-2@group-523986131536-SegmentedRaftLogWorker: safeCacheEvictIndex: setUnconditionally 0 -> -1
2024-03-04 13:02:54,649 [omNode-2-impl-thread1] INFO  segmented.BufferedWriteChannel (BufferedWriteChannel.java:open(62)) - open log_inprogress_0 (append) at position 16807
2024-03-04 13:02:54,650 [omNode-2-impl-thread1] INFO  server.RaftServer$Division (RaftServerImpl.java:start(396)) - omNode-2@group-523986131536: start as a follower, conf=0: peers:[omNode-3|localhost:15187, omNode-1|localhost:15179, omNode-2|localhost:15183]|listeners:[], old=null
2024-03-04 13:02:54,650 [omNode-2-impl-thread1] INFO  server.RaftServer$Division (RaftServerImpl.java:setRole(383)) - omNode-2@group-523986131536: changes role from      null to FOLLOWER at term 1 for startAsFollower
2024-03-04 13:02:54,650 [omNode-2-impl-thread1] INFO  impl.RoleInfo (RoleInfo.java:updateAndGet(139)) - omNode-2: start omNode-2@group-523986131536-FollowerState
2024-03-04 13:02:54,650 [omNode-2-impl-thread1] INFO  util.JmxRegister (JmxRegister.java:tryRegister(44)) - Successfully registered JMX Bean with object name Ratis:service=RaftServer,group=group-523986131536,id=omNode-2
2024-03-04 13:02:54,650 [omNode-2@group-523986131536-FollowerState] INFO  server.RaftServerConfigKeys (ConfUtils.java:logFallback(53)) - raft.server.rpc.first-election.timeout.min = 1s (fallback to raft.server.rpc.timeout.min)
2024-03-04 13:02:54,650 [omNode-2-impl-thread1] INFO  server.RaftServerConfigKeys (ConfUtils.java:logGet(46)) - raft.server.snapshot.trigger-when-stop.enabled = true (default)
2024-03-04 13:02:54,650 [omNode-2@group-523986131536-FollowerState] INFO  server.RaftServerConfigKeys (ConfUtils.java:logFallback(53)) - raft.server.rpc.first-election.timeout.max = 1200ms (fallback to raft.server.rpc.timeout.max)
2024-03-04 13:02:54,650 [omNode-2-impl-thread1] INFO  server.RaftServerConfigKeys (ConfUtils.java:logGet(46)) - raft.server.snapshot.auto.trigger.enabled = true (custom)
2024-03-04 13:02:54,650 [omNode-2-impl-thread1] INFO  server.RaftServerConfigKeys (ConfUtils.java:logGet(46)) - raft.server.snapshot.auto.trigger.threshold = 50 (custom)
2024-03-04 13:02:54,650 [omNode-2-impl-thread1] INFO  server.RaftServerConfigKeys (ConfUtils.java:logGet(46)) - raft.server.snapshot.retention.file.num = -1 (default)
2024-03-04 13:02:54,650 [omNode-2-impl-thread1] INFO  server.RaftServerConfigKeys (ConfUtils.java:logGet(46)) - raft.server.log.purge.upto.snapshot.index = true (custom)
2024-03-04 13:02:54,651 [main] INFO  server.RaftServer (RaftServerProxy.java:startImpl(406)) - omNode-2: start RPC server
2024-03-04 13:02:54,652 [main] INFO  server.GrpcService (GrpcService.java:startImpl(302)) - omNode-2: GrpcService started, listening on 15183
2024-03-04 13:02:54,652 [main] INFO  om.OzoneManager (OzoneManager.java:getRpcServer(1206)) - Creating RPC Server
2024-03-04 13:02:54,652 [JvmPauseMonitor58] INFO  util.JvmPauseMonitor (JvmPauseMonitor.java:run(146)) - JvmPauseMonitor-omNode-2: Started
2024-03-04 13:02:54,822 [main] INFO  ipc.CallQueueManager (CallQueueManager.java:<init>(90)) - Using callQueue: class java.util.concurrent.LinkedBlockingQueue, queueCapacity: 2000, scheduler: class org.apache.hadoop.ipc.DefaultRpcScheduler, ipcBackoff: false.
2024-03-04 13:02:54,823 [main] INFO  ipc.Server (Server.java:<init>(1287)) - Listener at localhost:15180
2024-03-04 13:02:54,823 [Socket Reader #1 for port 15180] INFO  ipc.Server (Server.java:run(1323)) - Starting Socket Reader #1 for port 15180
2024-03-04 13:02:54,825 [main] INFO  http.BaseHttpServer (BaseHttpServer.java:newHttpServer2BuilderForOzone(223)) - Starting Web-server for ozoneManager at: http://0.0.0.0:15181
2024-03-04 13:02:54,826 [main] INFO  http.BaseHttpServer (BaseHttpServer.java:<init>(110)) - Hadoop Security Enabled: false Ozone Security Enabled: false Ozone HTTP Security Enabled: false 
2024-03-04 13:02:54,826 [main] WARN  server.AuthenticationFilter (AuthenticationFilter.java:constructSecretProvider(240)) - Unable to initialize FileSignerSecretProvider, falling back to use random secrets. Reason: Could not read signature secret file: /home/runner/hadoop-http-auth-signature-secret
2024-03-04 13:02:54,827 [main] INFO  http.HttpRequestLog (HttpRequestLog.java:getRequestLog(86)) - Http request log for http.requests.ozoneManager is not defined
2024-03-04 13:02:54,827 [main] INFO  http.HttpServer2 (HttpServer2.java:addGlobalFilter(1036)) - Added global filter 'safety' (class=org.apache.hadoop.hdds.server.http.HttpServer2$QuotingInputFilter)
2024-03-04 13:02:54,828 [main] INFO  http.HttpServer2 (HttpServer2.java:addFilter(1012)) - Added filter static_user_filter (class=org.apache.hadoop.http.lib.StaticUserWebFilter$StaticUserFilter) to context ozoneManager
2024-03-04 13:02:54,828 [main] INFO  http.HttpServer2 (HttpServer2.java:addFilter(1020)) - Added filter static_user_filter (class=org.apache.hadoop.http.lib.StaticUserWebFilter$StaticUserFilter) to context logs
2024-03-04 13:02:54,828 [main] INFO  http.HttpServer2 (HttpServer2.java:addFilter(1020)) - Added filter static_user_filter (class=org.apache.hadoop.http.lib.StaticUserWebFilter$StaticUserFilter) to context static
2024-03-04 13:02:54,828 [main] INFO  http.BaseHttpServer (BaseHttpServer.java:<init>(189)) - HTTP server of ozoneManager uses base directory /home/runner/work/ozone/ozone/hadoop-ozone/integration-test/target/test-dir/MiniOzoneClusterImpl-42dd095f-3e4b-4e15-bcdd-4f5539ea9781/omNode-2/webserver
2024-03-04 13:02:54,828 [main] INFO  http.HttpServer2 (HttpServer2.java:bindListener(1236)) - Jetty bound to port 15181
2024-03-04 13:02:54,829 [main] INFO  server.Server (Server.java:doStart(375)) - jetty-9.4.53.v20231009; built: 2023-10-09T12:29:09.265Z; git: 27bde00a0b95a1d5bbee0eae7984f891d2d0f8c9; jvm 1.8.0_402-b06
2024-03-04 13:02:54,829 [main] INFO  server.session (DefaultSessionIdManager.java:doStart(334)) - DefaultSessionIdManager workerName=node0
2024-03-04 13:02:54,829 [main] INFO  server.session (DefaultSessionIdManager.java:doStart(339)) - No SessionScavenger set, using defaults
2024-03-04 13:02:54,830 [main] INFO  server.session (HouseKeeper.java:startScavenging(132)) - node0 Scavenging every 660000ms
2024-03-04 13:02:54,830 [main] INFO  handler.ContextHandler (ContextHandler.java:doStart(921)) - Started o.e.j.s.ServletContextHandler@78b17d40{logs,/logs,file:///home/runner/work/ozone/ozone/hadoop-ozone/integration-test/target/log,AVAILABLE}
2024-03-04 13:02:54,830 [main] INFO  handler.ContextHandler (ContextHandler.java:doStart(921)) - Started o.e.j.s.ServletContextHandler@2a5286e1{static,/static,file:///home/runner/work/ozone/ozone/hadoop-ozone/integration-test/target/test-classes/webapps/static,AVAILABLE}
2024-03-04 13:02:54,832 [main] INFO  handler.ContextHandler (ContextHandler.java:doStart(921)) - Started o.e.j.w.WebAppContext@724ba26{ozoneManager,/,file:///home/runner/work/ozone/ozone/hadoop-ozone/integration-test/target/test-classes/webapps/ozoneManager/,AVAILABLE}{file:/home/runner/work/ozone/ozone/hadoop-ozone/integration-test/target/test-classes/webapps/ozoneManager}
2024-03-04 13:02:54,832 [main] INFO  server.AbstractConnector (AbstractConnector.java:doStart(333)) - Started ServerConnector@df90a0a{HTTP/1.1, (http/1.1)}{0.0.0.0:15181}
2024-03-04 13:02:54,833 [main] INFO  server.Server (Server.java:doStart(415)) - Started @670416ms
2024-03-04 13:02:54,833 [main] WARN  impl.MetricsSystemImpl (MetricsSystemImpl.java:register(279)) - Sink prometheus already exists!
2024-03-04 13:02:54,833 [main] INFO  http.BaseHttpServer (BaseHttpServer.java:updateConnectorAddress(354)) - HTTP server of ozoneManager listening at http://0.0.0.0:15181
2024-03-04 13:02:54,833 [IPC Server Responder] INFO  ipc.Server (Server.java:run(1562)) - IPC Server Responder: starting
2024-03-04 13:02:54,833 [IPC Server listener on 15180] INFO  ipc.Server (Server.java:run(1402)) - IPC Server listener on 15180: starting
2024-03-04 13:02:54,840 [main] INFO  om.OzoneManager (OzoneManager.java:startTrashEmptier(2093)) - Trash Interval set to 0. Files deleted won't move to trash
]]></system-out>
    </rerunError>
    <rerunError type="PREPARE_FAILED org.apache.hadoop.ozone.om.exceptions.OMException">
      <stackTrace><![CDATA[PREPARE_FAILED org.apache.hadoop.ozone.om.exceptions.OMException: java.io.IOException: After waiting for 120 seconds, Ratis state machine applied index 50 which is less than the minimum required index 52.
	at org.apache.hadoop.ozone.om.protocolPB.OzoneManagerProtocolClientSideTranslatorPB.handleError(OzoneManagerProtocolClientSideTranslatorPB.java:752)
	at org.apache.hadoop.ozone.om.protocolPB.OzoneManagerProtocolClientSideTranslatorPB.prepareOzoneManager(OzoneManagerProtocolClientSideTranslatorPB.java:2466)
	at org.apache.hadoop.ozone.om.TestOzoneManagerPrepare.submitPrepareRequest(TestOzoneManagerPrepare.java:445)
	at org.apache.hadoop.ozone.om.TestOzoneManagerPrepare.testCancelPrepare(TestOzoneManagerPrepare.java:314)
	at java.lang.reflect.Method.invoke(Method.java:498)
	at java.util.ArrayList.forEach(ArrayList.java:1259)
	at java.util.ArrayList.forEach(ArrayList.java:1259)
]]></stackTrace>
      <system-out><![CDATA[2024-03-04 13:03:01,207 [main] WARN  server.ServerUtils (ServerUtils.java:getScmDbDir(143)) - ozone.scm.db.dirs is not configured. We recommend adding this setting. Falling back to ozone.metadata.dirs instead.
2024-03-04 13:03:01,208 [main] WARN  server.ServerUtils (ServerUtils.java:getScmDbDir(143)) - ozone.scm.db.dirs is not configured. We recommend adding this setting. Falling back to ozone.metadata.dirs instead.
2024-03-04 13:03:01,209 [main] INFO  ha.SCMHANodeDetails (SCMHANodeDetails.java:loadSCMHAConfig(207)) - ServiceID for StorageContainerManager is null
2024-03-04 13:03:01,209 [main] INFO  ha.SCMHANodeDetails (SCMHANodeDetails.java:loadSCMHAConfig(212)) - ozone.scm.default.service.id is not defined, falling back to ozone.scm.service.ids to find serviceID for StorageContainerManager if it is HA enabled cluster
2024-03-04 13:03:01,209 [main] WARN  utils.HAUtils (HAUtils.java:getMetaDir(339)) - ozone.scm.db.dirs is not configured. We recommend adding this setting. Falling back to ozone.metadata.dirs instead.
2024-03-04 13:03:01,209 [main] WARN  db.DBStoreBuilder (DBStoreBuilder.java:applyDBDefinition(171)) - ozone.scm.db.dirs is not configured. We recommend adding this setting. Falling back to ozone.metadata.dirs instead.
2024-03-04 13:03:01,275 [main] INFO  net.NodeSchemaLoader (NodeSchemaLoader.java:loadSchemaFromFile(129)) - Loading schema from [jar:file:/home/runner/.m2/repository/org/apache/ozone/hdds-common/1.5.0-SNAPSHOT/hdds-common-1.5.0-SNAPSHOT.jar!/network-topology-default.xml]
2024-03-04 13:03:01,275 [main] INFO  net.NodeSchemaLoader (NodeSchemaLoader.java:loadSchema(176)) - Loading network topology layer schema file
2024-03-04 13:03:01,277 [main] INFO  upgrade.AbstractLayoutVersionManager (AbstractLayoutVersionManager.java:init(83)) - Initializing Layout version manager with metadata layout = HADOOP_PRC_PORTS_IN_DATANODEDETAILS (version = 7), software layout = HADOOP_PRC_PORTS_IN_DATANODEDETAILS (version = 7)
2024-03-04 13:03:01,278 [main] INFO  ha.SequenceIdGenerator (SequenceIdGenerator.java:upgradeToSequenceId(370)) - upgrade localId to 113750153625600000
2024-03-04 13:03:01,279 [main] INFO  ha.SequenceIdGenerator (SequenceIdGenerator.java:upgradeToSequenceId(380)) - upgrade delTxnId to 0
2024-03-04 13:03:01,279 [main] INFO  ha.SequenceIdGenerator (SequenceIdGenerator.java:upgradeToSequenceId(397)) - upgrade containerId to 0
2024-03-04 13:03:01,280 [main] INFO  ha.SequenceIdGenerator (SequenceIdGenerator.java:upgradeToCertificateSequenceId(444)) - upgrade CertificateId to 2
2024-03-04 13:03:01,281 [main] INFO  ha.SequenceIdGenerator (SequenceIdGenerator.java:<init>(241)) - Init the HA SequenceIdGenerator.
2024-03-04 13:03:01,281 [main] WARN  server.ServerUtils (ServerUtils.java:sanitizeUserArgs(79)) - ozone.scm.stale.node.interval value = 300000 is larger than max = 100000 based on the key value of ozone.scm.heartbeat.thread.interval, reset to the max value 100000.
2024-03-04 13:03:01,281 [main] WARN  server.ServerUtils (ServerUtils.java:sanitizeUserArgs(79)) - ozone.scm.stale.node.interval value = 300000 is larger than max = 100000 based on the key value of ozone.scm.heartbeat.thread.interval, reset to the max value 100000.
2024-03-04 13:03:01,281 [main] INFO  node.SCMNodeManager (SCMNodeManager.java:<init>(177)) - Entering startup safe mode.
2024-03-04 13:03:01,282 [main] INFO  algorithms.ContainerPlacementPolicyFactory (ContainerPlacementPolicyFactory.java:getPolicyInternal(86)) - Create container placement policy of type org.apache.hadoop.hdds.scm.container.placement.algorithms.SCMContainerPlacementRackAware
2024-03-04 13:03:01,282 [main] INFO  algorithms.ContainerPlacementPolicyFactory (ContainerPlacementPolicyFactory.java:getPolicyInternal(86)) - Create container placement policy of type org.apache.hadoop.hdds.scm.container.placement.algorithms.SCMContainerPlacementRackScatter
2024-03-04 13:03:01,282 [main] INFO  pipeline.PipelineStateManagerImpl (PipelineStateManagerImpl.java:initialize(78)) - No pipeline exists in current db
2024-03-04 13:03:01,282 [main] INFO  algorithms.LeaderChoosePolicyFactory (LeaderChoosePolicyFactory.java:getPolicy(57)) - Create leader choose policy of type org.apache.hadoop.hdds.scm.pipeline.leader.choose.algorithms.MinLeaderCountChoosePolicy
2024-03-04 13:03:01,282 [main] INFO  algorithms.ContainerPlacementPolicyFactory (ContainerPlacementPolicyFactory.java:getPolicyInternal(86)) - Create container placement policy of type org.apache.hadoop.hdds.scm.container.placement.algorithms.SCMContainerPlacementRackScatter
2024-03-04 13:03:01,283 [main] INFO  ha.SCMServiceManager (SCMServiceManager.java:register(42)) - Registering service BackgroundPipelineCreator.
2024-03-04 13:03:01,283 [main] INFO  pipeline.BackgroundPipelineCreator (BackgroundPipelineCreator.java:start(127)) - Starting RatisPipelineUtilsThread.
2024-03-04 13:03:01,283 [main] INFO  BackgroundPipelineScrubber (BackgroundSCMService.java:start(65)) - Starting BackgroundPipelineScrubber Service.
2024-03-04 13:03:01,283 [main] INFO  ha.SCMServiceManager (SCMServiceManager.java:register(42)) - Registering service BackgroundPipelineScrubber.
2024-03-04 13:03:01,283 [main] INFO  ExpiredContainerReplicaOpScrubber (BackgroundSCMService.java:start(65)) - Starting ExpiredContainerReplicaOpScrubber Service.
2024-03-04 13:03:01,284 [main] INFO  ha.SCMServiceManager (SCMServiceManager.java:register(42)) - Registering service ExpiredContainerReplicaOpScrubber.
2024-03-04 13:03:01,284 [main] INFO  algorithms.PipelineChoosePolicyFactory (PipelineChoosePolicyFactory.java:createPipelineChoosePolicyFromClass(80)) - Create pipeline choose policy of type org.apache.hadoop.hdds.scm.pipeline.choose.algorithms.RandomPipelineChoosePolicy
2024-03-04 13:03:01,284 [main] INFO  algorithms.PipelineChoosePolicyFactory (PipelineChoosePolicyFactory.java:createPipelineChoosePolicyFromClass(80)) - Create pipeline choose policy of type org.apache.hadoop.hdds.scm.pipeline.choose.algorithms.RandomPipelineChoosePolicy
2024-03-04 13:03:01,285 [main] INFO  ha.SCMServiceManager (SCMServiceManager.java:register(42)) - Registering service SCMBlockDeletingService.
2024-03-04 13:03:01,285 [main] INFO  replication.ReplicationManager (ReplicationManager.java:start(295)) - Starting Replication Monitor Thread.
2024-03-04 13:03:01,286 [ReplicationMonitor] INFO  replication.ReplicationManager (ReplicationManager.java:processAll(371)) - Replication Manager is not ready to run until 3000ms after safemode exit
2024-03-04 13:03:01,286 [main] INFO  ha.SCMServiceManager (SCMServiceManager.java:register(42)) - Registering service ReplicationManager.
2024-03-04 13:03:01,290 [main] INFO  safemode.ContainerSafeModeRule (ContainerSafeModeRule.java:<init>(91)) - containers with one replica threshold count 0
2024-03-04 13:03:01,290 [main] INFO  safemode.HealthyPipelineSafeModeRule (HealthyPipelineSafeModeRule.java:initializeRule(176)) - Total pipeline count is 0, healthy pipeline threshold count is 1
2024-03-04 13:03:01,290 [main] INFO  safemode.OneReplicaPipelineSafeModeRule (OneReplicaPipelineSafeModeRule.java:initializeRule(193)) - Total pipeline count is 0, pipeline's with at least one datanode reported threshold count is 0
2024-03-04 13:03:01,291 [main] INFO  server.StorageContainerManager (StorageContainerManager.java:<init>(440)) - SCM start with adminUsers: [*, runner]
2024-03-04 13:03:01,291 [main] INFO  ipc.CallQueueManager (CallQueueManager.java:<init>(90)) - Using callQueue: class java.util.concurrent.LinkedBlockingQueue, queueCapacity: 10000, scheduler: class org.apache.hadoop.ipc.DefaultRpcScheduler, ipcBackoff: false.
2024-03-04 13:03:01,291 [main] INFO  ipc.Server (Server.java:<init>(1287)) - Listener at 0.0.0.0:15217
2024-03-04 13:03:01,291 [Socket Reader #1 for port 15217] INFO  ipc.Server (Server.java:run(1323)) - Starting Socket Reader #1 for port 15217
2024-03-04 13:03:01,292 [main] INFO  ipc.CallQueueManager (CallQueueManager.java:<init>(90)) - Using callQueue: class java.util.concurrent.LinkedBlockingQueue, queueCapacity: 10000, scheduler: class org.apache.hadoop.ipc.DefaultRpcScheduler, ipcBackoff: false.
2024-03-04 13:03:01,292 [main] INFO  ipc.Server (Server.java:<init>(1287)) - Listener at 0.0.0.0:15216
2024-03-04 13:03:01,292 [Socket Reader #1 for port 15216] INFO  ipc.Server (Server.java:run(1323)) - Starting Socket Reader #1 for port 15216
2024-03-04 13:03:01,293 [main] INFO  ipc.CallQueueManager (CallQueueManager.java:<init>(90)) - Using callQueue: class java.util.concurrent.LinkedBlockingQueue, queueCapacity: 10000, scheduler: class org.apache.hadoop.ipc.DefaultRpcScheduler, ipcBackoff: false.
2024-03-04 13:03:01,293 [main] INFO  ipc.Server (Server.java:<init>(1287)) - Listener at 0.0.0.0:15215
2024-03-04 13:03:01,293 [Socket Reader #1 for port 15215] INFO  ipc.Server (Server.java:run(1323)) - Starting Socket Reader #1 for port 15215
2024-03-04 13:03:01,300 [main] INFO  ha.SCMServiceManager (SCMServiceManager.java:register(42)) - Registering service ContainerBalancer.
2024-03-04 13:03:01,300 [main] INFO  ha.SCMContext (SCMContext.java:updateSafeModeStatus(225)) - Update SafeModeStatus from SafeModeStatus{safeModeStatus=true, preCheckPassed=false} to SafeModeStatus{safeModeStatus=true, preCheckPassed=false}.
2024-03-04 13:03:01,300 [main] INFO  server.StorageContainerManager (StorageContainerManager.java:start(1545)) - StorageContainerLocationProtocol RPC server is listening at /0.0.0.0:15215
2024-03-04 13:03:01,301 [main] WARN  impl.MetricsConfig (MetricsConfig.java:loadFirst(136)) - Cannot locate configuration: tried hadoop-metrics2-storagecontainermanager.properties,hadoop-metrics2.properties
2024-03-04 13:03:01,302 [main] INFO  impl.MetricsSystemImpl (MetricsSystemImpl.java:startTimer(378)) - Scheduled Metric snapshot period at 10 second(s).
2024-03-04 13:03:01,302 [main] INFO  impl.MetricsSystemImpl (MetricsSystemImpl.java:start(191)) - StorageContainerManager metrics system started
2024-03-04 13:03:01,307 [main] INFO  impl.MetricsSinkAdapter (MetricsSinkAdapter.java:start(204)) - Sink prometheus started
2024-03-04 13:03:01,307 [main] INFO  impl.MetricsSystemImpl (MetricsSystemImpl.java:registerSink(305)) - Registered sink prometheus
2024-03-04 13:03:01,325 [main] INFO  server.SCMClientProtocolServer (SCMClientProtocolServer.java:start(204)) - RPC server for Client  is listening at /0.0.0.0:15215
2024-03-04 13:03:01,325 [IPC Server Responder] INFO  ipc.Server (Server.java:run(1562)) - IPC Server Responder: starting
2024-03-04 13:03:01,325 [IPC Server listener on 15215] INFO  ipc.Server (Server.java:run(1402)) - IPC Server listener on 15215: starting
2024-03-04 13:03:01,331 [main] INFO  server.StorageContainerManager (StorageContainerManager.java:start(1558)) - ScmBlockLocationProtocol RPC server is listening at /0.0.0.0:15216
2024-03-04 13:03:01,331 [main] INFO  server.SCMBlockProtocolServer (SCMBlockProtocolServer.java:start(160)) - RPC server for Block Protocol is listening at /0.0.0.0:15216
2024-03-04 13:03:01,332 [IPC Server Responder] INFO  ipc.Server (Server.java:run(1562)) - IPC Server Responder: starting
2024-03-04 13:03:01,332 [IPC Server listener on 15216] INFO  ipc.Server (Server.java:run(1402)) - IPC Server listener on 15216: starting
2024-03-04 13:03:01,341 [main] INFO  server.SCMDatanodeProtocolServer (SCMDatanodeProtocolServer.java:start(194)) - ScmDatanodeProtocol RPC server for DataNodes is listening at /0.0.0.0:15217
2024-03-04 13:03:01,342 [IPC Server Responder] INFO  ipc.Server (Server.java:run(1562)) - IPC Server Responder: starting
2024-03-04 13:03:01,342 [IPC Server listener on 15217] INFO  ipc.Server (Server.java:run(1402)) - IPC Server listener on 15217: starting
2024-03-04 13:03:01,351 [JvmPauseMonitor59] INFO  util.JvmPauseMonitor (JvmPauseMonitor.java:run(146)) - JvmPauseMonitor-4386e15f-aadb-4320-a9c9-01af596be8f6: Started
2024-03-04 13:03:01,352 [main] INFO  http.BaseHttpServer (BaseHttpServer.java:newHttpServer2BuilderForOzone(223)) - Starting Web-server for scm at: http://0.0.0.0:15218
2024-03-04 13:03:01,352 [main] INFO  http.BaseHttpServer (BaseHttpServer.java:<init>(110)) - Hadoop Security Enabled: false Ozone Security Enabled: false Ozone HTTP Security Enabled: false 
2024-03-04 13:03:01,353 [main] WARN  server.AuthenticationFilter (AuthenticationFilter.java:constructSecretProvider(240)) - Unable to initialize FileSignerSecretProvider, falling back to use random secrets. Reason: Could not read signature secret file: /home/runner/hadoop-http-auth-signature-secret
2024-03-04 13:03:01,353 [main] INFO  http.HttpRequestLog (HttpRequestLog.java:getRequestLog(86)) - Http request log for http.requests.scm is not defined
2024-03-04 13:03:01,354 [main] INFO  http.HttpServer2 (HttpServer2.java:addGlobalFilter(1036)) - Added global filter 'safety' (class=org.apache.hadoop.hdds.server.http.HttpServer2$QuotingInputFilter)
2024-03-04 13:03:01,354 [main] INFO  http.HttpServer2 (HttpServer2.java:addFilter(1012)) - Added filter static_user_filter (class=org.apache.hadoop.http.lib.StaticUserWebFilter$StaticUserFilter) to context scm
2024-03-04 13:03:01,354 [main] INFO  http.HttpServer2 (HttpServer2.java:addFilter(1020)) - Added filter static_user_filter (class=org.apache.hadoop.http.lib.StaticUserWebFilter$StaticUserFilter) to context logs
2024-03-04 13:03:01,354 [main] INFO  http.HttpServer2 (HttpServer2.java:addFilter(1020)) - Added filter static_user_filter (class=org.apache.hadoop.http.lib.StaticUserWebFilter$StaticUserFilter) to context static
2024-03-04 13:03:01,355 [main] INFO  http.BaseHttpServer (BaseHttpServer.java:<init>(189)) - HTTP server of scm uses base directory /home/runner/work/ozone/ozone/hadoop-ozone/integration-test/target/test-dir/MiniOzoneClusterImpl-a24c3557-08b1-4f8b-a0f8-6c13b4e42376/ozone-meta/webserver
2024-03-04 13:03:01,355 [main] INFO  http.HttpServer2 (HttpServer2.java:bindListener(1236)) - Jetty bound to port 15218
2024-03-04 13:03:01,355 [main] INFO  server.Server (Server.java:doStart(375)) - jetty-9.4.53.v20231009; built: 2023-10-09T12:29:09.265Z; git: 27bde00a0b95a1d5bbee0eae7984f891d2d0f8c9; jvm 1.8.0_402-b06
2024-03-04 13:03:01,356 [main] INFO  server.session (DefaultSessionIdManager.java:doStart(334)) - DefaultSessionIdManager workerName=node0
2024-03-04 13:03:01,356 [main] INFO  server.session (DefaultSessionIdManager.java:doStart(339)) - No SessionScavenger set, using defaults
2024-03-04 13:03:01,356 [main] INFO  server.session (HouseKeeper.java:startScavenging(132)) - node0 Scavenging every 660000ms
2024-03-04 13:03:01,356 [main] INFO  handler.ContextHandler (ContextHandler.java:doStart(921)) - Started o.e.j.s.ServletContextHandler@3d3a8c69{logs,/logs,file:///home/runner/work/ozone/ozone/hadoop-ozone/integration-test/target/log,AVAILABLE}
2024-03-04 13:03:01,357 [main] INFO  handler.ContextHandler (ContextHandler.java:doStart(921)) - Started o.e.j.s.ServletContextHandler@39ba7c16{static,/static,file:///home/runner/work/ozone/ozone/hadoop-ozone/integration-test/target/test-classes/webapps/static,AVAILABLE}
2024-03-04 13:03:01,358 [main] INFO  handler.ContextHandler (ContextHandler.java:doStart(921)) - Started o.e.j.w.WebAppContext@7f2b8f2{scm,/,file:///home/runner/work/ozone/ozone/hadoop-ozone/integration-test/target/test-classes/webapps/scm/,AVAILABLE}{file:/home/runner/work/ozone/ozone/hadoop-ozone/integration-test/target/test-classes/webapps/scm}
2024-03-04 13:03:01,359 [main] INFO  server.AbstractConnector (AbstractConnector.java:doStart(333)) - Started ServerConnector@6b2f43d0{HTTP/1.1, (http/1.1)}{0.0.0.0:15218}
2024-03-04 13:03:01,359 [main] INFO  server.Server (Server.java:doStart(415)) - Started @676943ms
2024-03-04 13:03:01,359 [main] WARN  impl.MetricsSystemImpl (MetricsSystemImpl.java:register(279)) - Sink prometheus already exists!
2024-03-04 13:03:01,359 [main] INFO  http.BaseHttpServer (BaseHttpServer.java:updateConnectorAddress(354)) - HTTP server of scm listening at http://0.0.0.0:15218
2024-03-04 13:03:01,360 [main] INFO  ha.OMHANodeDetails (OMHANodeDetails.java:loadOMHAConfig(121)) - ServiceID for OzoneManager is om-service-test1
2024-03-04 13:03:01,360 [main] INFO  ha.OMHANodeDetails (OMHANodeDetails.java:loadOMHAConfig(201)) - Found matching OM address with OMServiceId: om-service-test1, OMNodeId: omNode-1, RPC Address: localhost:15219 and Ratis port: 15222
2024-03-04 13:03:01,360 [main] INFO  ha.OMHANodeDetails (ConfUtils.java:setNodeSpecificConfigs(97)) - Setting configuration key ozone.om.http-address with value of key ozone.om.http-address.om-service-test1.omNode-1: 127.0.0.1:15220
2024-03-04 13:03:01,360 [main] INFO  ha.OMHANodeDetails (ConfUtils.java:setNodeSpecificConfigs(97)) - Setting configuration key ozone.om.https-address with value of key ozone.om.https-address.om-service-test1.omNode-1: 127.0.0.1:15221
2024-03-04 13:03:01,360 [main] INFO  ha.OMHANodeDetails (ConfUtils.java:setNodeSpecificConfigs(97)) - Setting configuration key ozone.om.address with value of key ozone.om.address.om-service-test1.omNode-1: 127.0.0.1:15219
2024-03-04 13:03:01,360 [main] WARN  server.ServerUtils (ServerUtils.java:getDBPath(299)) - ozone.om.db.dirs is not configured. We recommend adding this setting. Falling back to ozone.metadata.dirs instead.
2024-03-04 13:03:01,361 [main] INFO  proxy.SCMBlockLocationFailoverProxyProvider (SCMBlockLocationFailoverProxyProvider.java:<init>(115)) - Created block location fail-over proxy with 1 nodes: [nodeId=scmNodeId,nodeAddress=/0.0.0.0:15216]
OM initialization succeeded.Current cluster id for sd=/home/runner/work/ozone/ozone/hadoop-ozone/integration-test/target/test-dir/MiniOzoneClusterImpl-a24c3557-08b1-4f8b-a0f8-6c13b4e42376/omNode-1/om;cid=a24c3557-08b1-4f8b-a0f8-6c13b4e42376;layoutVersion=6
2024-03-04 13:03:01,367 [main] INFO  ha.OMHANodeDetails (OMHANodeDetails.java:loadOMHAConfig(121)) - ServiceID for OzoneManager is om-service-test1
2024-03-04 13:03:01,367 [main] INFO  ha.OMHANodeDetails (OMHANodeDetails.java:loadOMHAConfig(201)) - Found matching OM address with OMServiceId: om-service-test1, OMNodeId: omNode-1, RPC Address: localhost:15219 and Ratis port: 15222
2024-03-04 13:03:01,367 [main] INFO  ha.OMHANodeDetails (ConfUtils.java:setNodeSpecificConfigs(97)) - Setting configuration key ozone.om.http-address with value of key ozone.om.http-address.om-service-test1.omNode-1: 127.0.0.1:15220
2024-03-04 13:03:01,367 [main] INFO  ha.OMHANodeDetails (ConfUtils.java:setNodeSpecificConfigs(97)) - Setting configuration key ozone.om.https-address with value of key ozone.om.https-address.om-service-test1.omNode-1: 127.0.0.1:15221
2024-03-04 13:03:01,367 [main] INFO  ha.OMHANodeDetails (ConfUtils.java:setNodeSpecificConfigs(97)) - Setting configuration key ozone.om.address with value of key ozone.om.address.om-service-test1.omNode-1: 127.0.0.1:15219
2024-03-04 13:03:01,368 [main] WARN  server.ServerUtils (ServerUtils.java:getDBPath(299)) - ozone.om.db.dirs is not configured. We recommend adding this setting. Falling back to ozone.metadata.dirs instead.
2024-03-04 13:03:01,368 [main] INFO  upgrade.AbstractLayoutVersionManager (AbstractLayoutVersionManager.java:init(83)) - Initializing Layout version manager with metadata layout = QUOTA (version = 6), software layout = QUOTA (version = 6)
2024-03-04 13:03:01,403 [main] INFO  upgrade.OMLayoutVersionManager (OMLayoutVersionManager.java:lambda$0(113)) - Skipping Upgrade Action QuotaRepairUpgradeAction since it has been finalized.
2024-03-04 13:03:01,403 [main] INFO  upgrade.OMLayoutVersionManager (OMLayoutVersionManager.java:lambda$0(113)) - Skipping Upgrade Action MockOmUpgradeAction since it has been finalized.
2024-03-04 13:03:01,403 [main] WARN  server.ServerUtils (ServerUtils.java:getDBPath(299)) - ozone.om.db.dirs is not configured. We recommend adding this setting. Falling back to ozone.metadata.dirs instead.
2024-03-04 13:03:01,404 [main] INFO  proxy.SCMBlockLocationFailoverProxyProvider (SCMBlockLocationFailoverProxyProvider.java:<init>(115)) - Created block location fail-over proxy with 1 nodes: [nodeId=scmNodeId,nodeAddress=/0.0.0.0:15216]
2024-03-04 13:03:01,405 [main] INFO  proxy.SCMBlockLocationFailoverProxyProvider (SCMBlockLocationFailoverProxyProvider.java:<init>(115)) - Created block location fail-over proxy with 1 nodes: [nodeId=scmNodeId,nodeAddress=/0.0.0.0:15216]
2024-03-04 13:03:01,409 [main] INFO  om.OzoneManager (OzoneManager.java:<init>(672)) - OM start with adminUsers: [*, runner]
2024-03-04 13:03:01,410 [main] WARN  server.ServerUtils (ServerUtils.java:getDBPath(299)) - ozone.om.db.dirs is not configured. We recommend adding this setting. Falling back to ozone.metadata.dirs instead.
2024-03-04 13:03:01,410 [main] INFO  helpers.OmKeyInfo (OmKeyInfo.java:getCodec(71)) - OmKeyInfo.getCodec ignorePipeline = true
2024-03-04 13:03:01,538 [main] INFO  om.OzoneManager (OzoneManager.java:instantiateServices(804)) - S3 Multi-Tenancy is disabled
2024-03-04 13:03:01,538 [main] INFO  om.OmSnapshotManager (OmSnapshotManager.java:<init>(177)) - Ozone filesystem snapshot feature is enabled.
2024-03-04 13:03:01,538 [main] WARN  server.ServerUtils (ServerUtils.java:getDBPath(299)) - ozone.om.snapshot.diff.db.dir is not configured. We recommend adding this setting. Falling back to ozone.metadata.dirs instead.
2024-03-04 13:03:01,551 [main] INFO  utils.NativeLibraryLoader (NativeLibraryLoader.java:loadLibrary(108)) - Loading Library: ozone_rocksdb_tools
2024-03-04 13:03:01,552 [main] ERROR snapshot.SnapshotDiffManager (SnapshotDiffManager.java:initNativeLibraryForEfficientDiff(287)) - Native Library for raw sst file reading loading failed.
org.apache.hadoop.hdds.utils.NativeLibraryNotLoadedException: Unable to load library ozone_rocksdb_tools from both java.library.path & resource file libozone_rocksdb_tools.so from jar.
	at org.apache.hadoop.hdds.utils.db.managed.ManagedRawSSTFileReader.loadLibrary(ManagedRawSSTFileReader.java:38)
	at org.apache.hadoop.ozone.om.snapshot.SnapshotDiffManager.initNativeLibraryForEfficientDiff(SnapshotDiffManager.java:285)
	at org.apache.hadoop.ozone.om.snapshot.SnapshotDiffManager.<init>(SnapshotDiffManager.java:259)
	at org.apache.hadoop.ozone.om.OmSnapshotManager.<init>(OmSnapshotManager.java:279)
	at org.apache.hadoop.ozone.om.OzoneManager.instantiateServices(OzoneManager.java:856)
	at org.apache.hadoop.ozone.om.OzoneManager.<init>(OzoneManager.java:682)
	at org.apache.hadoop.ozone.om.OzoneManager.createOm(OzoneManager.java:767)
	at org.apache.hadoop.ozone.MiniOzoneHAClusterImpl$Builder.createOMService(MiniOzoneHAClusterImpl.java:509)
	at org.apache.hadoop.ozone.MiniOzoneHAClusterImpl$Builder.build(MiniOzoneHAClusterImpl.java:425)
	at org.apache.hadoop.ozone.om.TestOzoneManagerHA.init(TestOzoneManagerHA.java:179)
	at sun.reflect.NativeMethodAccessorImpl.invoke0(Native Method)
	at sun.reflect.NativeMethodAccessorImpl.invoke(NativeMethodAccessorImpl.java:62)
	at sun.reflect.DelegatingMethodAccessorImpl.invoke(DelegatingMethodAccessorImpl.java:43)
	at java.lang.reflect.Method.invoke(Method.java:498)
	at org.junit.platform.commons.util.ReflectionUtils.invokeMethod(ReflectionUtils.java:728)
	at org.junit.jupiter.engine.execution.MethodInvocation.proceed(MethodInvocation.java:60)
	at org.junit.jupiter.engine.execution.InvocationInterceptorChain$ValidatingInvocation.proceed(InvocationInterceptorChain.java:131)
	at org.junit.jupiter.engine.extension.TimeoutExtension.intercept(TimeoutExtension.java:156)
	at org.junit.jupiter.engine.extension.TimeoutExtension.interceptLifecycleMethod(TimeoutExtension.java:128)
	at org.junit.jupiter.engine.extension.TimeoutExtension.interceptBeforeAllMethod(TimeoutExtension.java:70)
	at org.junit.jupiter.engine.execution.InterceptingExecutableInvoker$ReflectiveInterceptorCall.lambda$ofVoidMethod$0(InterceptingExecutableInvoker.java:103)
	at org.junit.jupiter.engine.execution.InterceptingExecutableInvoker.lambda$invoke$0(InterceptingExecutableInvoker.java:93)
	at org.junit.jupiter.engine.execution.InvocationInterceptorChain$InterceptedInvocation.proceed(InvocationInterceptorChain.java:106)
	at org.junit.jupiter.engine.execution.InvocationInterceptorChain.proceed(InvocationInterceptorChain.java:64)
	at org.junit.jupiter.engine.execution.InvocationInterceptorChain.chainAndInvoke(InvocationInterceptorChain.java:45)
	at org.junit.jupiter.engine.execution.InvocationInterceptorChain.invoke(InvocationInterceptorChain.java:37)
	at org.junit.jupiter.engine.execution.InterceptingExecutableInvoker.invoke(InterceptingExecutableInvoker.java:92)
	at org.junit.jupiter.engine.execution.InterceptingExecutableInvoker.invoke(InterceptingExecutableInvoker.java:86)
	at org.junit.jupiter.engine.descriptor.ClassBasedTestDescriptor.lambda$invokeBeforeAllMethods$13(ClassBasedTestDescriptor.java:412)
	at org.junit.platform.engine.support.hierarchical.ThrowableCollector.execute(ThrowableCollector.java:73)
	at org.junit.jupiter.engine.descriptor.ClassBasedTestDescriptor.invokeBeforeAllMethods(ClassBasedTestDescriptor.java:410)
	at org.junit.jupiter.engine.descriptor.ClassBasedTestDescriptor.before(ClassBasedTestDescriptor.java:216)
	at org.junit.jupiter.engine.descriptor.ClassBasedTestDescriptor.before(ClassBasedTestDescriptor.java:85)
	at org.junit.platform.engine.support.hierarchical.NodeTestTask.lambda$executeRecursively$6(NodeTestTask.java:148)
	at org.junit.platform.engine.support.hierarchical.ThrowableCollector.execute(ThrowableCollector.java:73)
	at org.junit.platform.engine.support.hierarchical.NodeTestTask.lambda$executeRecursively$8(NodeTestTask.java:141)
	at org.junit.platform.engine.support.hierarchical.Node.around(Node.java:137)
	at org.junit.platform.engine.support.hierarchical.NodeTestTask.lambda$executeRecursively$9(NodeTestTask.java:139)
	at org.junit.platform.engine.support.hierarchical.ThrowableCollector.execute(ThrowableCollector.java:73)
	at org.junit.platform.engine.support.hierarchical.NodeTestTask.executeRecursively(NodeTestTask.java:138)
	at org.junit.platform.engine.support.hierarchical.NodeTestTask.execute(NodeTestTask.java:95)
	at java.util.ArrayList.forEach(ArrayList.java:1259)
	at org.junit.platform.engine.support.hierarchical.SameThreadHierarchicalTestExecutorService.invokeAll(SameThreadHierarchicalTestExecutorService.java:41)
	at org.junit.platform.engine.support.hierarchical.NodeTestTask.lambda$executeRecursively$6(NodeTestTask.java:155)
	at org.junit.platform.engine.support.hierarchical.ThrowableCollector.execute(ThrowableCollector.java:73)
	at org.junit.platform.engine.support.hierarchical.NodeTestTask.lambda$executeRecursively$8(NodeTestTask.java:141)
	at org.junit.platform.engine.support.hierarchical.Node.around(Node.java:137)
	at org.junit.platform.engine.support.hierarchical.NodeTestTask.lambda$executeRecursively$9(NodeTestTask.java:139)
	at org.junit.platform.engine.support.hierarchical.ThrowableCollector.execute(ThrowableCollector.java:73)
	at org.junit.platform.engine.support.hierarchical.NodeTestTask.executeRecursively(NodeTestTask.java:138)
	at org.junit.platform.engine.support.hierarchical.NodeTestTask.execute(NodeTestTask.java:95)
	at org.junit.platform.engine.support.hierarchical.SameThreadHierarchicalTestExecutorService.submit(SameThreadHierarchicalTestExecutorService.java:35)
	at org.junit.platform.engine.support.hierarchical.HierarchicalTestExecutor.execute(HierarchicalTestExecutor.java:57)
	at org.junit.platform.engine.support.hierarchical.HierarchicalTestEngine.execute(HierarchicalTestEngine.java:54)
	at org.junit.platform.launcher.core.EngineExecutionOrchestrator.execute(EngineExecutionOrchestrator.java:198)
	at org.junit.platform.launcher.core.EngineExecutionOrchestrator.execute(EngineExecutionOrchestrator.java:169)
	at org.junit.platform.launcher.core.EngineExecutionOrchestrator.execute(EngineExecutionOrchestrator.java:93)
	at org.junit.platform.launcher.core.EngineExecutionOrchestrator.lambda$execute$0(EngineExecutionOrchestrator.java:58)
	at org.junit.platform.launcher.core.EngineExecutionOrchestrator.withInterceptedStreams(EngineExecutionOrchestrator.java:141)
	at org.junit.platform.launcher.core.EngineExecutionOrchestrator.execute(EngineExecutionOrchestrator.java:57)
	at org.junit.platform.launcher.core.DefaultLauncher.execute(DefaultLauncher.java:103)
	at org.junit.platform.launcher.core.DefaultLauncher.execute(DefaultLauncher.java:85)
	at org.junit.platform.launcher.core.DelegatingLauncher.execute(DelegatingLauncher.java:47)
	at org.junit.platform.launcher.core.SessionPerRequestLauncher.execute(SessionPerRequestLauncher.java:63)
	at org.apache.maven.surefire.junitplatform.JUnitPlatformProvider.invokeAllTests(JUnitPlatformProvider.java:165)
	at org.apache.maven.surefire.junitplatform.JUnitPlatformProvider.invoke(JUnitPlatformProvider.java:124)
	at org.apache.maven.surefire.booter.ForkedBooter.runSuitesInProcess(ForkedBooter.java:428)
	at org.apache.maven.surefire.booter.ForkedBooter.execute(ForkedBooter.java:162)
	at org.apache.maven.surefire.booter.ForkedBooter.run(ForkedBooter.java:562)
	at org.apache.maven.surefire.booter.ForkedBooter.main(ForkedBooter.java:548)
2024-03-04 13:03:01,559 [main] INFO  om.OzoneManager (OzoneManager.java:addS3GVolumeToDB(4426)) - Created Volume s3v With Owner runner required for S3Gateway operations.
2024-03-04 13:03:01,559 [main] WARN  server.ServerUtils (ServerUtils.java:getDefaultRatisDirectory(311)) - Storage directory for Ratis is not configured. It is a good idea to map this to an SSD disk. Falling back to ozone.metadata.dirs
2024-03-04 13:03:01,560 [main] WARN  utils.OzoneManagerRatisUtils (OzoneManagerRatisUtils.java:getOMRatisSnapshotDirectory(476)) - ozone.om.ratis.snapshot.dir is not configured. Falling back to ozone.metadata.dirs config
2024-03-04 13:03:01,560 [main] INFO  utils.RDBSnapshotProvider (RDBSnapshotProvider.java:init(87)) - Cleaning up the candidate dir: /home/runner/work/ozone/ozone/hadoop-ozone/integration-test/target/test-dir/MiniOzoneClusterImpl-a24c3557-08b1-4f8b-a0f8-6c13b4e42376/omNode-1/snapshot/om.db.candidate
2024-03-04 13:03:01,560 [main] INFO  ratis_snapshot.OmRatisSnapshotProvider (OmRatisSnapshotProvider.java:<init>(99)) - Initializing OM Snapshot Provider
2024-03-04 13:03:01,562 [main] WARN  server.ServerUtils (ServerUtils.java:getDefaultRatisDirectory(311)) - Storage directory for Ratis is not configured. It is a good idea to map this to an SSD disk. Falling back to ozone.metadata.dirs
2024-03-04 13:03:01,563 [main] INFO  ratis.OzoneManagerRatisServer (OzoneManagerRatisServer.java:<init>(167)) - Instantiating OM Ratis server with groupID: om-service-test1 and peers: localhost:15222, localhost:15230, localhost:15226
2024-03-04 13:03:01,563 [main] INFO  ratis.OzoneManagerStateMachine (OzoneManagerStateMachine.java:loadSnapshotInfoFromDB(575)) - TransactionInfo not found in OM DB.
2024-03-04 13:03:01,563 [main] INFO  server.RaftServer (ConfUtils.java:logGet(46)) - raft.rpc.type = GRPC (default)
2024-03-04 13:03:01,563 [main] INFO  grpc.GrpcConfigKeys (ConfUtils.java:logFallback(53)) - raft.grpc.admin.host = null (fallback to raft.grpc.server.host)
2024-03-04 13:03:01,564 [main] INFO  grpc.GrpcConfigKeys (ConfUtils.java:logFallback(53)) - raft.grpc.admin.port = 15222 (fallback to raft.grpc.server.port)
2024-03-04 13:03:01,564 [main] INFO  grpc.GrpcConfigKeys (ConfUtils.java:logFallback(53)) - raft.grpc.client.host = null (fallback to raft.grpc.server.host)
2024-03-04 13:03:01,564 [main] INFO  grpc.GrpcConfigKeys (ConfUtils.java:logFallback(53)) - raft.grpc.client.port = 15222 (fallback to raft.grpc.server.port)
2024-03-04 13:03:01,564 [main] INFO  grpc.GrpcConfigKeys (ConfUtils.java:logGet(46)) - raft.grpc.server.host = null (default)
2024-03-04 13:03:01,564 [main] INFO  grpc.GrpcConfigKeys (ConfUtils.java:logGet(46)) - raft.grpc.server.port = 15222 (custom)
2024-03-04 13:03:01,564 [main] INFO  server.GrpcService (ConfUtils.java:logGet(46)) - raft.grpc.message.size.max = 4194304 (custom)
2024-03-04 13:03:01,564 [main] INFO  server.RaftServerConfigKeys (ConfUtils.java:logGet(46)) - raft.server.log.appender.buffer.byte-limit = 4194304 (custom)
2024-03-04 13:03:01,565 [main] INFO  server.GrpcService (ConfUtils.java:logGet(46)) - raft.grpc.flow.control.window = 1MB (=1048576) (default)
2024-03-04 13:03:01,565 [main] INFO  server.RaftServerConfigKeys (ConfUtils.java:logGet(46)) - raft.server.rpc.request.timeout = 3000ms (default)
2024-03-04 13:03:01,565 [main] INFO  grpc.GrpcConfigKeys (ConfUtils.java:logGet(46)) - raft.grpc.server.heartbeat.channel = true (default)
2024-03-04 13:03:01,565 [main] INFO  grpc.GrpcConfigKeys (ConfUtils.java:logGet(46)) - raft.grpc.server.async.request.thread.pool.cached = true (default)
2024-03-04 13:03:01,565 [main] INFO  grpc.GrpcConfigKeys (ConfUtils.java:logGet(46)) - raft.grpc.server.async.request.thread.pool.size = 32 (default)
2024-03-04 13:03:01,566 [main] INFO  impl.DataStreamServerImpl (ConfUtils.java:logGet(46)) - raft.datastream.type = DISABLED (default)
2024-03-04 13:03:01,567 [main] INFO  server.RaftServerConfigKeys (ConfUtils.java:logGet(46)) - raft.server.sleep.deviation.threshold = 300ms (default)
2024-03-04 13:03:01,567 [main] INFO  server.RaftServerConfigKeys (ConfUtils.java:logGet(46)) - raft.server.close.threshold = 60s (default)
2024-03-04 13:03:01,567 [main] INFO  server.RaftServerConfigKeys (ConfUtils.java:logGet(46)) - raft.server.leaderelection.leader.step-down.wait-time = 10s (default)
2024-03-04 13:03:01,567 [main] INFO  server.RaftServerConfigKeys (ConfUtils.java:logGet(46)) - raft.server.storage.dir = [/home/runner/work/ozone/ozone/hadoop-ozone/integration-test/target/test-dir/MiniOzoneClusterImpl-a24c3557-08b1-4f8b-a0f8-6c13b4e42376/omNode-1/ratis] (custom)
2024-03-04 13:03:01,567 [main] INFO  server.RaftServerConfigKeys (ConfUtils.java:logGet(46)) - raft.server.threadpool.proxy.cached = true (default)
2024-03-04 13:03:01,567 [main] INFO  server.RaftServerConfigKeys (ConfUtils.java:logGet(46)) - raft.server.threadpool.proxy.size = 0 (default)
2024-03-04 13:03:01,568 [main] INFO  server.RaftServer (RaftServerProxy.java:addNew(100)) - omNode-1: addNew group-523986131536:[omNode-3|localhost:15230, omNode-1|localhost:15222, omNode-2|localhost:15226] returns group-523986131536:java.util.concurrent.CompletableFuture@4f39cee4[Not completed]
2024-03-04 13:03:01,568 [main] INFO  om.OzoneManager (OzoneManager.java:initializeRatisServer(2140)) - OzoneManager Ratis server initialized at port 15222
2024-03-04 13:03:01,568 [omNode-1-groupManagement] INFO  server.RaftServer$Division (RaftServerImpl.java:<init>(256)) - omNode-1: new RaftServerImpl for group-523986131536:[omNode-3|localhost:15230, omNode-1|localhost:15222, omNode-2|localhost:15226] with OzoneManagerStateMachine:uninitialized
2024-03-04 13:03:01,568 [omNode-1-groupManagement] INFO  server.RaftServerConfigKeys (ConfUtils.java:logGet(46)) - raft.server.rpc.timeout.min = 1s (custom)
2024-03-04 13:03:01,568 [omNode-1-groupManagement] INFO  server.RaftServerConfigKeys (ConfUtils.java:logGet(46)) - raft.server.rpc.timeout.max = 1200ms (custom)
2024-03-04 13:03:01,568 [omNode-1-groupManagement] INFO  server.RaftServerConfigKeys (ConfUtils.java:logGet(46)) - raft.server.rpc.sleep.time = 25ms (default)
2024-03-04 13:03:01,569 [omNode-1-groupManagement] INFO  server.RaftServerConfigKeys (ConfUtils.java:logGet(46)) - raft.server.rpc.slowness.timeout = 2s (custom)
2024-03-04 13:03:01,569 [omNode-1-groupManagement] INFO  server.RaftServerConfigKeys (ConfUtils.java:logGet(46)) - raft.server.leaderelection.leader.step-down.wait-time = 10s (default)
2024-03-04 13:03:01,568 [main] INFO  om.OzoneManager (OzoneManager.java:getRpcServer(1206)) - Creating RPC Server
2024-03-04 13:03:01,569 [omNode-1-groupManagement] INFO  server.RaftServerConfigKeys (ConfUtils.java:logGet(46)) - raft.server.leaderelection.member.majority-add = false (default)
2024-03-04 13:03:01,569 [omNode-1-groupManagement] INFO  server.RaftServerConfigKeys (ConfUtils.java:logGet(46)) - raft.server.sleep.deviation.threshold = 300ms (default)
2024-03-04 13:03:01,569 [omNode-1-groupManagement] INFO  server.RaftServer$Division (ServerState.java:<init>(113)) - omNode-1@group-523986131536: ConfigurationManager, init=-1: peers:[omNode-3|localhost:15230, omNode-1|localhost:15222, omNode-2|localhost:15226]|listeners:[], old=null, confs=<EMPTY_MAP>
2024-03-04 13:03:01,569 [omNode-1-groupManagement] INFO  server.RaftServerConfigKeys (ConfUtils.java:logGet(46)) - raft.server.notification.no-leader.timeout = 2s (custom)
2024-03-04 13:03:01,569 [omNode-1-groupManagement] INFO  server.RaftServerConfigKeys (ConfUtils.java:logGet(46)) - raft.server.read.timeout = 10s (default)
2024-03-04 13:03:01,569 [omNode-1-groupManagement] INFO  server.RaftServerConfigKeys (ConfUtils.java:logGet(46)) - raft.server.retrycache.expirytime = 30000ms (custom)
2024-03-04 13:03:01,569 [omNode-1-groupManagement] INFO  server.RaftServerConfigKeys (ConfUtils.java:logGet(46)) - raft.server.retrycache.statistics.expirytime = 100ms (default)
2024-03-04 13:03:01,569 [omNode-1-groupManagement] INFO  server.RaftServerConfigKeys (ConfUtils.java:logGet(46)) - raft.server.read.option = DEFAULT (default)
2024-03-04 13:03:01,569 [omNode-1-groupManagement] INFO  server.RaftServerConfigKeys (ConfUtils.java:logGet(46)) - raft.server.read.read-after-write-consistent.write-index-cache.expiry-time = 60s (default)
2024-03-04 13:03:01,570 [omNode-1-groupManagement] INFO  server.RaftServerConfigKeys (ConfUtils.java:logGet(46)) - raft.server.rpc.request.timeout = 3000ms (default)
2024-03-04 13:03:01,570 [omNode-1-groupManagement] INFO  server.RaftServerConfigKeys (ConfUtils.java:logGet(46)) - raft.server.log.appender.install.snapshot.enabled = false (custom)
2024-03-04 13:03:01,570 [omNode-1-groupManagement] INFO  server.RaftServerConfigKeys (ConfUtils.java:logGet(46)) - raft.server.threadpool.server.cached = true (default)
2024-03-04 13:03:01,570 [omNode-1-groupManagement] INFO  server.RaftServerConfigKeys (ConfUtils.java:logGet(46)) - raft.server.threadpool.server.size = 0 (default)
2024-03-04 13:03:01,570 [omNode-1-groupManagement] INFO  server.RaftServerConfigKeys (ConfUtils.java:logGet(46)) - raft.server.threadpool.client.cached = true (default)
2024-03-04 13:03:01,570 [omNode-1-groupManagement] INFO  server.RaftServerConfigKeys (ConfUtils.java:logGet(46)) - raft.server.threadpool.client.size = 0 (default)
2024-03-04 13:03:01,752 [main] INFO  ipc.CallQueueManager (CallQueueManager.java:<init>(90)) - Using callQueue: class java.util.concurrent.LinkedBlockingQueue, queueCapacity: 2000, scheduler: class org.apache.hadoop.ipc.DefaultRpcScheduler, ipcBackoff: false.
2024-03-04 13:03:01,752 [main] INFO  ipc.Server (Server.java:<init>(1287)) - Listener at 127.0.0.1:15219
2024-03-04 13:03:01,752 [Socket Reader #1 for port 15219] INFO  ipc.Server (Server.java:run(1323)) - Starting Socket Reader #1 for port 15219
2024-03-04 13:03:01,766 [main] INFO  impl.MetricsSystemImpl (MetricsSystemImpl.java:init(158)) - OzoneManager metrics system started (again)
2024-03-04 13:03:01,772 [main] INFO  om.OzoneManager (OzoneManager.java:start(1628)) - OzoneManager RPC server is listening at localhost/127.0.0.1:15219
2024-03-04 13:03:01,773 [main] INFO  ratis.OzoneManagerRatisServer (OzoneManagerRatisServer.java:start(588)) - Starting OzoneManagerRatisServer omNode-1 at port 15222
2024-03-04 13:03:01,773 [omNode-1-impl-thread1] INFO  server.RaftServerConfigKeys (ConfUtils.java:logGet(46)) - raft.server.storage.free-space.min = 0MB (=0) (default)
2024-03-04 13:03:01,773 [omNode-1-impl-thread1] INFO  server.RaftServerConfigKeys (ConfUtils.java:logGet(46)) - raft.server.log.corruption.policy = EXCEPTION (default)
2024-03-04 13:03:01,773 [omNode-1-impl-thread1] INFO  server.RaftServerConfigKeys (ConfUtils.java:logGet(46)) - raft.server.storage.dir = [/home/runner/work/ozone/ozone/hadoop-ozone/integration-test/target/test-dir/MiniOzoneClusterImpl-a24c3557-08b1-4f8b-a0f8-6c13b4e42376/omNode-1/ratis] (custom)
2024-03-04 13:03:01,773 [omNode-1-impl-thread1] INFO  storage.RaftStorageDirectory (RaftStorageDirectoryImpl.java:analyzeStorage(138)) - The storage directory /home/runner/work/ozone/ozone/hadoop-ozone/integration-test/target/test-dir/MiniOzoneClusterImpl-a24c3557-08b1-4f8b-a0f8-6c13b4e42376/omNode-1/ratis/c9bc4cf4-3bc3-3c60-a66b-523986131536 does not exist. Creating ...
2024-03-04 13:03:01,774 [omNode-1-impl-thread1] INFO  storage.RaftStorageDirectory (RaftStorageDirectoryImpl.java:tryLock(228)) - Lock on /home/runner/work/ozone/ozone/hadoop-ozone/integration-test/target/test-dir/MiniOzoneClusterImpl-a24c3557-08b1-4f8b-a0f8-6c13b4e42376/omNode-1/ratis/c9bc4cf4-3bc3-3c60-a66b-523986131536/in_use.lock acquired by nodename 41993@fv-az571-795
2024-03-04 13:03:01,775 [omNode-1-impl-thread1] INFO  storage.RaftStorage (RaftStorageImpl.java:format(99)) - Storage directory /home/runner/work/ozone/ozone/hadoop-ozone/integration-test/target/test-dir/MiniOzoneClusterImpl-a24c3557-08b1-4f8b-a0f8-6c13b4e42376/omNode-1/ratis/c9bc4cf4-3bc3-3c60-a66b-523986131536 has been successfully formatted.
2024-03-04 13:03:01,775 [omNode-1-impl-thread1] WARN  util.FileUtils (LogUtils.java:supplyAndLog(63)) - Failed to Files.newInputStream /home/runner/work/ozone/ozone/hadoop-ozone/integration-test/target/test-dir/MiniOzoneClusterImpl-a24c3557-08b1-4f8b-a0f8-6c13b4e42376/omNode-1/ratis/c9bc4cf4-3bc3-3c60-a66b-523986131536/current/raft-meta.conf with options []: java.nio.file.NoSuchFileException: /home/runner/work/ozone/ozone/hadoop-ozone/integration-test/target/test-dir/MiniOzoneClusterImpl-a24c3557-08b1-4f8b-a0f8-6c13b4e42376/omNode-1/ratis/c9bc4cf4-3bc3-3c60-a66b-523986131536/current/raft-meta.conf
2024-03-04 13:03:01,775 [omNode-1-impl-thread1] INFO  server.RaftServerConfigKeys (ConfUtils.java:logGet(46)) - raft.server.log.use.memory = false (default)
2024-03-04 13:03:01,775 [omNode-1-impl-thread1] INFO  server.RaftServerConfigKeys (ConfUtils.java:logGet(46)) - raft.server.log.purge.gap = 50 (custom)
2024-03-04 13:03:01,776 [omNode-1-impl-thread1] INFO  server.RaftServerConfigKeys (ConfUtils.java:logGet(46)) - raft.server.log.appender.buffer.byte-limit = 4194304 (custom)
2024-03-04 13:03:01,776 [omNode-1-impl-thread1] INFO  server.RaftServerConfigKeys (ConfUtils.java:logGet(46)) - raft.server.log.statemachine.data.read.timeout = 1000ms (default)
2024-03-04 13:03:01,776 [omNode-1-impl-thread1] INFO  server.RaftServerConfigKeys (ConfUtils.java:logGet(46)) - raft.server.log.purge.preservation.log.num = 0 (default)
2024-03-04 13:03:01,776 [omNode-1-impl-thread1] INFO  server.RaftServerConfigKeys (ConfUtils.java:logGet(46)) - raft.server.log.segment.size.max = 4194304 (custom)
2024-03-04 13:03:01,776 [omNode-1-impl-thread1] INFO  server.RaftServerConfigKeys (ConfUtils.java:logGet(46)) - raft.server.log.segment.cache.num.max = 2 (custom)
2024-03-04 13:03:01,776 [omNode-1-impl-thread1] INFO  server.RaftServerConfigKeys (ConfUtils.java:logGet(46)) - raft.server.log.segment.cache.size.max = 200MB (=209715200) (default)
2024-03-04 13:03:01,776 [omNode-1-impl-thread1] INFO  server.RaftServerConfigKeys (ConfUtils.java:logGet(46)) - raft.server.log.appender.buffer.byte-limit = 4194304 (custom)
2024-03-04 13:03:01,776 [omNode-1-impl-thread1] INFO  util.AwaitToRun (AwaitToRun.java:start(81)) - Thread[omNode-1@group-523986131536-cacheEviction-AwaitToRun,5,main] started
2024-03-04 13:03:01,777 [omNode-1-impl-thread1] INFO  segmented.SegmentedRaftLogWorker (SegmentedRaftLogWorker.java:<init>(182)) - new omNode-1@group-523986131536-SegmentedRaftLogWorker for RaftStorageImpl:Storage Directory /home/runner/work/ozone/ozone/hadoop-ozone/integration-test/target/test-dir/MiniOzoneClusterImpl-a24c3557-08b1-4f8b-a0f8-6c13b4e42376/omNode-1/ratis/c9bc4cf4-3bc3-3c60-a66b-523986131536
2024-03-04 13:03:01,777 [omNode-1-impl-thread1] INFO  server.RaftServerConfigKeys (ConfUtils.java:logGet(46)) - raft.server.log.queue.byte-limit = 64MB (=67108864) (default)
2024-03-04 13:03:01,777 [omNode-1-impl-thread1] INFO  server.RaftServerConfigKeys (ConfUtils.java:logGet(46)) - raft.server.log.queue.element-limit = 4096 (default)
2024-03-04 13:03:01,777 [omNode-1-impl-thread1] INFO  server.RaftServerConfigKeys (ConfUtils.java:logGet(46)) - raft.server.log.segment.size.max = 4194304 (custom)
2024-03-04 13:03:01,777 [omNode-1-impl-thread1] INFO  server.RaftServerConfigKeys (ConfUtils.java:logGet(46)) - raft.server.log.preallocated.size = 4194304 (custom)
2024-03-04 13:03:01,777 [omNode-1-impl-thread1] INFO  server.RaftServerConfigKeys (ConfUtils.java:logGet(46)) - raft.server.log.force.sync.num = 128 (default)
2024-03-04 13:03:01,777 [omNode-1-impl-thread1] INFO  server.RaftServerConfigKeys (ConfUtils.java:logGet(46)) - raft.server.log.statemachine.data.sync = true (default)
2024-03-04 13:03:01,777 [omNode-1-impl-thread1] INFO  server.RaftServerConfigKeys (ConfUtils.java:logGet(46)) - raft.server.log.statemachine.data.sync.timeout = 10s (default)
2024-03-04 13:03:01,777 [omNode-1-impl-thread1] INFO  server.RaftServerConfigKeys (ConfUtils.java:logGet(46)) - raft.server.log.statemachine.data.sync.timeout.retry = -1 (default)
2024-03-04 13:03:01,777 [omNode-1-impl-thread1] INFO  server.RaftServerConfigKeys (ConfUtils.java:logGet(46)) - raft.server.log.write.buffer.size = 4194312 (custom)
2024-03-04 13:03:01,777 [omNode-1-impl-thread1] INFO  server.RaftServerConfigKeys (ConfUtils.java:logGet(46)) - raft.server.log.appender.buffer.byte-limit = 4194304 (custom)
2024-03-04 13:03:01,778 [omNode-1-impl-thread1] INFO  server.RaftServerConfigKeys (ConfUtils.java:logGet(46)) - raft.server.log.unsafe-flush.enabled = false (default)
2024-03-04 13:03:01,778 [omNode-1-impl-thread1] INFO  server.RaftServerConfigKeys (ConfUtils.java:logGet(46)) - raft.server.log.async-flush.enabled = false (default)
2024-03-04 13:03:01,778 [omNode-1-impl-thread1] INFO  server.RaftServerConfigKeys (ConfUtils.java:logGet(46)) - raft.server.log.statemachine.data.caching.enabled = false (default)
2024-03-04 13:03:01,778 [omNode-1-impl-thread1] INFO  segmented.SegmentedRaftLogWorker (SegmentedRaftLogWorker.java:lambda$new$0(134)) - omNode-1@group-523986131536-SegmentedRaftLogWorker: flushIndex: setUnconditionally 0 -> -1
2024-03-04 13:03:01,778 [omNode-1-impl-thread1] INFO  segmented.SegmentedRaftLogWorker (SegmentedRaftLogWorker.java:lambda$new$0(134)) - omNode-1@group-523986131536-SegmentedRaftLogWorker: safeCacheEvictIndex: setUnconditionally 0 -> -1
2024-03-04 13:03:01,778 [omNode-1-impl-thread1] INFO  server.RaftServer$Division (RaftServerImpl.java:start(396)) - omNode-1@group-523986131536: start as a follower, conf=-1: peers:[omNode-3|localhost:15230, omNode-1|localhost:15222, omNode-2|localhost:15226]|listeners:[], old=null
2024-03-04 13:03:01,778 [omNode-1-impl-thread1] INFO  server.RaftServer$Division (RaftServerImpl.java:setRole(383)) - omNode-1@group-523986131536: changes role from      null to FOLLOWER at term 0 for startAsFollower
2024-03-04 13:03:01,778 [omNode-1-impl-thread1] INFO  impl.RoleInfo (RoleInfo.java:updateAndGet(139)) - omNode-1: start omNode-1@group-523986131536-FollowerState
2024-03-04 13:03:01,778 [omNode-1-impl-thread1] INFO  util.JmxRegister (JmxRegister.java:tryRegister(44)) - Successfully registered JMX Bean with object name Ratis:service=RaftServer,group=group-523986131536,id=omNode-1
2024-03-04 13:03:01,778 [omNode-1@group-523986131536-FollowerState] INFO  server.RaftServerConfigKeys (ConfUtils.java:logFallback(53)) - raft.server.rpc.first-election.timeout.min = 1s (fallback to raft.server.rpc.timeout.min)
2024-03-04 13:03:01,778 [omNode-1-impl-thread1] INFO  server.RaftServerConfigKeys (ConfUtils.java:logGet(46)) - raft.server.snapshot.trigger-when-stop.enabled = true (default)
2024-03-04 13:03:01,778 [omNode-1@group-523986131536-FollowerState] INFO  server.RaftServerConfigKeys (ConfUtils.java:logFallback(53)) - raft.server.rpc.first-election.timeout.max = 1200ms (fallback to raft.server.rpc.timeout.max)
2024-03-04 13:03:01,779 [omNode-1-impl-thread1] INFO  server.RaftServerConfigKeys (ConfUtils.java:logGet(46)) - raft.server.snapshot.auto.trigger.enabled = true (custom)
2024-03-04 13:03:01,779 [omNode-1-impl-thread1] INFO  server.RaftServerConfigKeys (ConfUtils.java:logGet(46)) - raft.server.snapshot.auto.trigger.threshold = 50 (custom)
2024-03-04 13:03:01,779 [omNode-1-impl-thread1] INFO  server.RaftServerConfigKeys (ConfUtils.java:logGet(46)) - raft.server.snapshot.retention.file.num = -1 (default)
2024-03-04 13:03:01,779 [omNode-1-impl-thread1] INFO  server.RaftServerConfigKeys (ConfUtils.java:logGet(46)) - raft.server.log.purge.upto.snapshot.index = true (custom)
2024-03-04 13:03:01,779 [main] INFO  server.RaftServer (RaftServerProxy.java:startImpl(406)) - omNode-1: start RPC server
2024-03-04 13:03:01,780 [main] INFO  server.GrpcService (GrpcService.java:startImpl(302)) - omNode-1: GrpcService started, listening on 15222
2024-03-04 13:03:01,781 [main] INFO  om.OzoneManager (OzoneManager.java:start(1644)) - Version File has different layout version (6) than OM DB (null). That is expected if this OM has never been finalized to a newer layout version.
2024-03-04 13:03:01,782 [JvmPauseMonitor60] INFO  util.JvmPauseMonitor (JvmPauseMonitor.java:run(146)) - JvmPauseMonitor-omNode-1: Started
2024-03-04 13:03:01,783 [main] INFO  http.BaseHttpServer (BaseHttpServer.java:newHttpServer2BuilderForOzone(223)) - Starting Web-server for ozoneManager at: http://0.0.0.0:15220
2024-03-04 13:03:01,783 [main] INFO  http.BaseHttpServer (BaseHttpServer.java:<init>(110)) - Hadoop Security Enabled: false Ozone Security Enabled: false Ozone HTTP Security Enabled: false 
2024-03-04 13:03:01,784 [main] WARN  server.AuthenticationFilter (AuthenticationFilter.java:constructSecretProvider(240)) - Unable to initialize FileSignerSecretProvider, falling back to use random secrets. Reason: Could not read signature secret file: /home/runner/hadoop-http-auth-signature-secret
2024-03-04 13:03:01,784 [main] INFO  http.HttpRequestLog (HttpRequestLog.java:getRequestLog(86)) - Http request log for http.requests.ozoneManager is not defined
2024-03-04 13:03:01,785 [main] INFO  http.HttpServer2 (HttpServer2.java:addGlobalFilter(1036)) - Added global filter 'safety' (class=org.apache.hadoop.hdds.server.http.HttpServer2$QuotingInputFilter)
2024-03-04 13:03:01,785 [main] INFO  http.HttpServer2 (HttpServer2.java:addFilter(1012)) - Added filter static_user_filter (class=org.apache.hadoop.http.lib.StaticUserWebFilter$StaticUserFilter) to context ozoneManager
2024-03-04 13:03:01,785 [main] INFO  http.HttpServer2 (HttpServer2.java:addFilter(1020)) - Added filter static_user_filter (class=org.apache.hadoop.http.lib.StaticUserWebFilter$StaticUserFilter) to context logs
2024-03-04 13:03:01,786 [main] INFO  http.HttpServer2 (HttpServer2.java:addFilter(1020)) - Added filter static_user_filter (class=org.apache.hadoop.http.lib.StaticUserWebFilter$StaticUserFilter) to context static
2024-03-04 13:03:01,786 [main] INFO  http.BaseHttpServer (BaseHttpServer.java:<init>(189)) - HTTP server of ozoneManager uses base directory /home/runner/work/ozone/ozone/hadoop-ozone/integration-test/target/test-dir/MiniOzoneClusterImpl-a24c3557-08b1-4f8b-a0f8-6c13b4e42376/omNode-1/webserver
2024-03-04 13:03:01,786 [main] INFO  http.HttpServer2 (HttpServer2.java:bindListener(1236)) - Jetty bound to port 15220
2024-03-04 13:03:01,786 [main] INFO  server.Server (Server.java:doStart(375)) - jetty-9.4.53.v20231009; built: 2023-10-09T12:29:09.265Z; git: 27bde00a0b95a1d5bbee0eae7984f891d2d0f8c9; jvm 1.8.0_402-b06
2024-03-04 13:03:01,787 [main] INFO  server.session (DefaultSessionIdManager.java:doStart(334)) - DefaultSessionIdManager workerName=node0
2024-03-04 13:03:01,787 [main] INFO  server.session (DefaultSessionIdManager.java:doStart(339)) - No SessionScavenger set, using defaults
2024-03-04 13:03:01,787 [main] INFO  server.session (HouseKeeper.java:startScavenging(132)) - node0 Scavenging every 600000ms
2024-03-04 13:03:01,788 [main] INFO  handler.ContextHandler (ContextHandler.java:doStart(921)) - Started o.e.j.s.ServletContextHandler@2132d921{logs,/logs,file:///home/runner/work/ozone/ozone/hadoop-ozone/integration-test/target/log,AVAILABLE}
2024-03-04 13:03:01,788 [main] INFO  handler.ContextHandler (ContextHandler.java:doStart(921)) - Started o.e.j.s.ServletContextHandler@78adaec4{static,/static,file:///home/runner/work/ozone/ozone/hadoop-ozone/integration-test/target/test-classes/webapps/static,AVAILABLE}
2024-03-04 13:03:01,790 [main] INFO  handler.ContextHandler (ContextHandler.java:doStart(921)) - Started o.e.j.w.WebAppContext@5fad37c5{ozoneManager,/,file:///home/runner/work/ozone/ozone/hadoop-ozone/integration-test/target/test-classes/webapps/ozoneManager/,AVAILABLE}{file:/home/runner/work/ozone/ozone/hadoop-ozone/integration-test/target/test-classes/webapps/ozoneManager}
2024-03-04 13:03:01,790 [main] INFO  server.AbstractConnector (AbstractConnector.java:doStart(333)) - Started ServerConnector@7f6cd769{HTTP/1.1, (http/1.1)}{0.0.0.0:15220}
2024-03-04 13:03:01,790 [main] INFO  server.Server (Server.java:doStart(415)) - Started @677374ms
2024-03-04 13:03:01,790 [main] WARN  impl.MetricsSystemImpl (MetricsSystemImpl.java:register(279)) - Sink prometheus already exists!
2024-03-04 13:03:01,791 [main] INFO  http.BaseHttpServer (BaseHttpServer.java:updateConnectorAddress(354)) - HTTP server of ozoneManager listening at http://0.0.0.0:15220
2024-03-04 13:03:01,791 [IPC Server Responder] INFO  ipc.Server (Server.java:run(1562)) - IPC Server Responder: starting
2024-03-04 13:03:01,791 [IPC Server listener on 15219] INFO  ipc.Server (Server.java:run(1402)) - IPC Server listener on 15219: starting
2024-03-04 13:03:01,801 [main] INFO  om.OzoneManager (OzoneManager.java:startTrashEmptier(2093)) - Trash Interval set to 0. Files deleted won't move to trash
2024-03-04 13:03:01,801 [main] INFO  ozone.MiniOzoneHAClusterImpl (MiniOzoneHAClusterImpl.java:createOMService(516)) - Started OzoneManager omNode-1 RPC server at localhost/127.0.0.1:15219
2024-03-04 13:03:01,801 [main] INFO  ha.OMHANodeDetails (OMHANodeDetails.java:loadOMHAConfig(121)) - ServiceID for OzoneManager is om-service-test1
2024-03-04 13:03:01,802 [main] INFO  ha.OMHANodeDetails (OMHANodeDetails.java:loadOMHAConfig(201)) - Found matching OM address with OMServiceId: om-service-test1, OMNodeId: omNode-2, RPC Address: localhost:15223 and Ratis port: 15226
2024-03-04 13:03:01,802 [main] INFO  ha.OMHANodeDetails (ConfUtils.java:setNodeSpecificConfigs(97)) - Setting configuration key ozone.om.http-address with value of key ozone.om.http-address.om-service-test1.omNode-2: 127.0.0.1:15224
2024-03-04 13:03:01,802 [main] INFO  ha.OMHANodeDetails (ConfUtils.java:setNodeSpecificConfigs(97)) - Setting configuration key ozone.om.https-address with value of key ozone.om.https-address.om-service-test1.omNode-2: 127.0.0.1:15225
2024-03-04 13:03:01,802 [main] INFO  ha.OMHANodeDetails (ConfUtils.java:setNodeSpecificConfigs(97)) - Setting configuration key ozone.om.address with value of key ozone.om.address.om-service-test1.omNode-2: 127.0.0.1:15223
2024-03-04 13:03:01,802 [main] WARN  server.ServerUtils (ServerUtils.java:getDBPath(299)) - ozone.om.db.dirs is not configured. We recommend adding this setting. Falling back to ozone.metadata.dirs instead.
2024-03-04 13:03:01,803 [main] INFO  proxy.SCMBlockLocationFailoverProxyProvider (SCMBlockLocationFailoverProxyProvider.java:<init>(115)) - Created block location fail-over proxy with 1 nodes: [nodeId=scmNodeId,nodeAddress=/0.0.0.0:15216]
OM initialization succeeded.Current cluster id for sd=/home/runner/work/ozone/ozone/hadoop-ozone/integration-test/target/test-dir/MiniOzoneClusterImpl-a24c3557-08b1-4f8b-a0f8-6c13b4e42376/omNode-2/om;cid=a24c3557-08b1-4f8b-a0f8-6c13b4e42376;layoutVersion=6
2024-03-04 13:03:01,807 [main] INFO  ha.OMHANodeDetails (OMHANodeDetails.java:loadOMHAConfig(121)) - ServiceID for OzoneManager is om-service-test1
2024-03-04 13:03:01,807 [main] INFO  ha.OMHANodeDetails (OMHANodeDetails.java:loadOMHAConfig(201)) - Found matching OM address with OMServiceId: om-service-test1, OMNodeId: omNode-2, RPC Address: localhost:15223 and Ratis port: 15226
2024-03-04 13:03:01,807 [main] INFO  ha.OMHANodeDetails (ConfUtils.java:setNodeSpecificConfigs(97)) - Setting configuration key ozone.om.http-address with value of key ozone.om.http-address.om-service-test1.omNode-2: 127.0.0.1:15224
2024-03-04 13:03:01,807 [main] INFO  ha.OMHANodeDetails (ConfUtils.java:setNodeSpecificConfigs(97)) - Setting configuration key ozone.om.https-address with value of key ozone.om.https-address.om-service-test1.omNode-2: 127.0.0.1:15225
2024-03-04 13:03:01,807 [main] INFO  ha.OMHANodeDetails (ConfUtils.java:setNodeSpecificConfigs(97)) - Setting configuration key ozone.om.address with value of key ozone.om.address.om-service-test1.omNode-2: 127.0.0.1:15223
2024-03-04 13:03:01,807 [main] WARN  server.ServerUtils (ServerUtils.java:getDBPath(299)) - ozone.om.db.dirs is not configured. We recommend adding this setting. Falling back to ozone.metadata.dirs instead.
2024-03-04 13:03:01,808 [main] INFO  upgrade.AbstractLayoutVersionManager (AbstractLayoutVersionManager.java:init(83)) - Initializing Layout version manager with metadata layout = QUOTA (version = 6), software layout = QUOTA (version = 6)
2024-03-04 13:03:01,840 [main] INFO  upgrade.OMLayoutVersionManager (OMLayoutVersionManager.java:lambda$0(113)) - Skipping Upgrade Action QuotaRepairUpgradeAction since it has been finalized.
2024-03-04 13:03:01,840 [main] INFO  upgrade.OMLayoutVersionManager (OMLayoutVersionManager.java:lambda$0(113)) - Skipping Upgrade Action MockOmUpgradeAction since it has been finalized.
2024-03-04 13:03:01,841 [main] WARN  server.ServerUtils (ServerUtils.java:getDBPath(299)) - ozone.om.db.dirs is not configured. We recommend adding this setting. Falling back to ozone.metadata.dirs instead.
2024-03-04 13:03:01,841 [main] INFO  proxy.SCMBlockLocationFailoverProxyProvider (SCMBlockLocationFailoverProxyProvider.java:<init>(115)) - Created block location fail-over proxy with 1 nodes: [nodeId=scmNodeId,nodeAddress=/0.0.0.0:15216]
2024-03-04 13:03:01,842 [main] INFO  proxy.SCMBlockLocationFailoverProxyProvider (SCMBlockLocationFailoverProxyProvider.java:<init>(115)) - Created block location fail-over proxy with 1 nodes: [nodeId=scmNodeId,nodeAddress=/0.0.0.0:15216]
2024-03-04 13:03:01,849 [main] INFO  om.OzoneManager (OzoneManager.java:<init>(672)) - OM start with adminUsers: [*, runner]
2024-03-04 13:03:01,849 [main] WARN  server.ServerUtils (ServerUtils.java:getDBPath(299)) - ozone.om.db.dirs is not configured. We recommend adding this setting. Falling back to ozone.metadata.dirs instead.
2024-03-04 13:03:01,850 [main] INFO  helpers.OmKeyInfo (OmKeyInfo.java:getCodec(71)) - OmKeyInfo.getCodec ignorePipeline = true
2024-03-04 13:03:01,976 [main] INFO  om.OzoneManager (OzoneManager.java:instantiateServices(804)) - S3 Multi-Tenancy is disabled
2024-03-04 13:03:01,976 [main] INFO  om.OmSnapshotManager (OmSnapshotManager.java:<init>(177)) - Ozone filesystem snapshot feature is enabled.
2024-03-04 13:03:01,977 [main] WARN  server.ServerUtils (ServerUtils.java:getDBPath(299)) - ozone.om.snapshot.diff.db.dir is not configured. We recommend adding this setting. Falling back to ozone.metadata.dirs instead.
2024-03-04 13:03:01,989 [main] INFO  utils.NativeLibraryLoader (NativeLibraryLoader.java:loadLibrary(108)) - Loading Library: ozone_rocksdb_tools
2024-03-04 13:03:01,990 [main] ERROR snapshot.SnapshotDiffManager (SnapshotDiffManager.java:initNativeLibraryForEfficientDiff(287)) - Native Library for raw sst file reading loading failed.
org.apache.hadoop.hdds.utils.NativeLibraryNotLoadedException: Unable to load library ozone_rocksdb_tools from both java.library.path & resource file libozone_rocksdb_tools.so from jar.
	at org.apache.hadoop.hdds.utils.db.managed.ManagedRawSSTFileReader.loadLibrary(ManagedRawSSTFileReader.java:38)
	at org.apache.hadoop.ozone.om.snapshot.SnapshotDiffManager.initNativeLibraryForEfficientDiff(SnapshotDiffManager.java:285)
	at org.apache.hadoop.ozone.om.snapshot.SnapshotDiffManager.<init>(SnapshotDiffManager.java:259)
	at org.apache.hadoop.ozone.om.OmSnapshotManager.<init>(OmSnapshotManager.java:279)
	at org.apache.hadoop.ozone.om.OzoneManager.instantiateServices(OzoneManager.java:856)
	at org.apache.hadoop.ozone.om.OzoneManager.<init>(OzoneManager.java:682)
	at org.apache.hadoop.ozone.om.OzoneManager.createOm(OzoneManager.java:767)
	at org.apache.hadoop.ozone.MiniOzoneHAClusterImpl$Builder.createOMService(MiniOzoneHAClusterImpl.java:509)
	at org.apache.hadoop.ozone.MiniOzoneHAClusterImpl$Builder.build(MiniOzoneHAClusterImpl.java:425)
	at org.apache.hadoop.ozone.om.TestOzoneManagerHA.init(TestOzoneManagerHA.java:179)
	at sun.reflect.NativeMethodAccessorImpl.invoke0(Native Method)
	at sun.reflect.NativeMethodAccessorImpl.invoke(NativeMethodAccessorImpl.java:62)
	at sun.reflect.DelegatingMethodAccessorImpl.invoke(DelegatingMethodAccessorImpl.java:43)
	at java.lang.reflect.Method.invoke(Method.java:498)
	at org.junit.platform.commons.util.ReflectionUtils.invokeMethod(ReflectionUtils.java:728)
	at org.junit.jupiter.engine.execution.MethodInvocation.proceed(MethodInvocation.java:60)
	at org.junit.jupiter.engine.execution.InvocationInterceptorChain$ValidatingInvocation.proceed(InvocationInterceptorChain.java:131)
	at org.junit.jupiter.engine.extension.TimeoutExtension.intercept(TimeoutExtension.java:156)
	at org.junit.jupiter.engine.extension.TimeoutExtension.interceptLifecycleMethod(TimeoutExtension.java:128)
	at org.junit.jupiter.engine.extension.TimeoutExtension.interceptBeforeAllMethod(TimeoutExtension.java:70)
	at org.junit.jupiter.engine.execution.InterceptingExecutableInvoker$ReflectiveInterceptorCall.lambda$ofVoidMethod$0(InterceptingExecutableInvoker.java:103)
	at org.junit.jupiter.engine.execution.InterceptingExecutableInvoker.lambda$invoke$0(InterceptingExecutableInvoker.java:93)
	at org.junit.jupiter.engine.execution.InvocationInterceptorChain$InterceptedInvocation.proceed(InvocationInterceptorChain.java:106)
	at org.junit.jupiter.engine.execution.InvocationInterceptorChain.proceed(InvocationInterceptorChain.java:64)
	at org.junit.jupiter.engine.execution.InvocationInterceptorChain.chainAndInvoke(InvocationInterceptorChain.java:45)
	at org.junit.jupiter.engine.execution.InvocationInterceptorChain.invoke(InvocationInterceptorChain.java:37)
	at org.junit.jupiter.engine.execution.InterceptingExecutableInvoker.invoke(InterceptingExecutableInvoker.java:92)
	at org.junit.jupiter.engine.execution.InterceptingExecutableInvoker.invoke(InterceptingExecutableInvoker.java:86)
	at org.junit.jupiter.engine.descriptor.ClassBasedTestDescriptor.lambda$invokeBeforeAllMethods$13(ClassBasedTestDescriptor.java:412)
	at org.junit.platform.engine.support.hierarchical.ThrowableCollector.execute(ThrowableCollector.java:73)
	at org.junit.jupiter.engine.descriptor.ClassBasedTestDescriptor.invokeBeforeAllMethods(ClassBasedTestDescriptor.java:410)
	at org.junit.jupiter.engine.descriptor.ClassBasedTestDescriptor.before(ClassBasedTestDescriptor.java:216)
	at org.junit.jupiter.engine.descriptor.ClassBasedTestDescriptor.before(ClassBasedTestDescriptor.java:85)
	at org.junit.platform.engine.support.hierarchical.NodeTestTask.lambda$executeRecursively$6(NodeTestTask.java:148)
	at org.junit.platform.engine.support.hierarchical.ThrowableCollector.execute(ThrowableCollector.java:73)
	at org.junit.platform.engine.support.hierarchical.NodeTestTask.lambda$executeRecursively$8(NodeTestTask.java:141)
	at org.junit.platform.engine.support.hierarchical.Node.around(Node.java:137)
	at org.junit.platform.engine.support.hierarchical.NodeTestTask.lambda$executeRecursively$9(NodeTestTask.java:139)
	at org.junit.platform.engine.support.hierarchical.ThrowableCollector.execute(ThrowableCollector.java:73)
	at org.junit.platform.engine.support.hierarchical.NodeTestTask.executeRecursively(NodeTestTask.java:138)
	at org.junit.platform.engine.support.hierarchical.NodeTestTask.execute(NodeTestTask.java:95)
	at java.util.ArrayList.forEach(ArrayList.java:1259)
	at org.junit.platform.engine.support.hierarchical.SameThreadHierarchicalTestExecutorService.invokeAll(SameThreadHierarchicalTestExecutorService.java:41)
	at org.junit.platform.engine.support.hierarchical.NodeTestTask.lambda$executeRecursively$6(NodeTestTask.java:155)
	at org.junit.platform.engine.support.hierarchical.ThrowableCollector.execute(ThrowableCollector.java:73)
	at org.junit.platform.engine.support.hierarchical.NodeTestTask.lambda$executeRecursively$8(NodeTestTask.java:141)
	at org.junit.platform.engine.support.hierarchical.Node.around(Node.java:137)
	at org.junit.platform.engine.support.hierarchical.NodeTestTask.lambda$executeRecursively$9(NodeTestTask.java:139)
	at org.junit.platform.engine.support.hierarchical.ThrowableCollector.execute(ThrowableCollector.java:73)
	at org.junit.platform.engine.support.hierarchical.NodeTestTask.executeRecursively(NodeTestTask.java:138)
	at org.junit.platform.engine.support.hierarchical.NodeTestTask.execute(NodeTestTask.java:95)
	at org.junit.platform.engine.support.hierarchical.SameThreadHierarchicalTestExecutorService.submit(SameThreadHierarchicalTestExecutorService.java:35)
	at org.junit.platform.engine.support.hierarchical.HierarchicalTestExecutor.execute(HierarchicalTestExecutor.java:57)
	at org.junit.platform.engine.support.hierarchical.HierarchicalTestEngine.execute(HierarchicalTestEngine.java:54)
	at org.junit.platform.launcher.core.EngineExecutionOrchestrator.execute(EngineExecutionOrchestrator.java:198)
	at org.junit.platform.launcher.core.EngineExecutionOrchestrator.execute(EngineExecutionOrchestrator.java:169)
	at org.junit.platform.launcher.core.EngineExecutionOrchestrator.execute(EngineExecutionOrchestrator.java:93)
	at org.junit.platform.launcher.core.EngineExecutionOrchestrator.lambda$execute$0(EngineExecutionOrchestrator.java:58)
	at org.junit.platform.launcher.core.EngineExecutionOrchestrator.withInterceptedStreams(EngineExecutionOrchestrator.java:141)
	at org.junit.platform.launcher.core.EngineExecutionOrchestrator.execute(EngineExecutionOrchestrator.java:57)
	at org.junit.platform.launcher.core.DefaultLauncher.execute(DefaultLauncher.java:103)
	at org.junit.platform.launcher.core.DefaultLauncher.execute(DefaultLauncher.java:85)
	at org.junit.platform.launcher.core.DelegatingLauncher.execute(DelegatingLauncher.java:47)
	at org.junit.platform.launcher.core.SessionPerRequestLauncher.execute(SessionPerRequestLauncher.java:63)
	at org.apache.maven.surefire.junitplatform.JUnitPlatformProvider.invokeAllTests(JUnitPlatformProvider.java:165)
	at org.apache.maven.surefire.junitplatform.JUnitPlatformProvider.invoke(JUnitPlatformProvider.java:124)
	at org.apache.maven.surefire.booter.ForkedBooter.runSuitesInProcess(ForkedBooter.java:428)
	at org.apache.maven.surefire.booter.ForkedBooter.execute(ForkedBooter.java:162)
	at org.apache.maven.surefire.booter.ForkedBooter.run(ForkedBooter.java:562)
	at org.apache.maven.surefire.booter.ForkedBooter.main(ForkedBooter.java:548)
2024-03-04 13:03:01,992 [main] INFO  om.OzoneManager (OzoneManager.java:addS3GVolumeToDB(4426)) - Created Volume s3v With Owner runner required for S3Gateway operations.
2024-03-04 13:03:01,992 [main] WARN  server.ServerUtils (ServerUtils.java:getDefaultRatisDirectory(311)) - Storage directory for Ratis is not configured. It is a good idea to map this to an SSD disk. Falling back to ozone.metadata.dirs
2024-03-04 13:03:01,992 [main] WARN  utils.OzoneManagerRatisUtils (OzoneManagerRatisUtils.java:getOMRatisSnapshotDirectory(476)) - ozone.om.ratis.snapshot.dir is not configured. Falling back to ozone.metadata.dirs config
2024-03-04 13:03:01,992 [main] INFO  utils.RDBSnapshotProvider (RDBSnapshotProvider.java:init(87)) - Cleaning up the candidate dir: /home/runner/work/ozone/ozone/hadoop-ozone/integration-test/target/test-dir/MiniOzoneClusterImpl-a24c3557-08b1-4f8b-a0f8-6c13b4e42376/omNode-2/snapshot/om.db.candidate
2024-03-04 13:03:01,993 [main] INFO  ratis_snapshot.OmRatisSnapshotProvider (OmRatisSnapshotProvider.java:<init>(99)) - Initializing OM Snapshot Provider
2024-03-04 13:03:01,993 [main] WARN  dropwizard3.Dm3MetricRegistriesImpl (Dm3MetricRegistriesImpl.java:addReporterRegistration(113)) - New reporters are added after registries were created. Some metrics will be missing from the reporter. Please add reporter before adding any new registry.
2024-03-04 13:03:01,994 [main] WARN  dropwizard3.Dm3MetricRegistriesImpl (Dm3MetricRegistriesImpl.java:addReporterRegistration(113)) - New reporters are added after registries were created. Some metrics will be missing from the reporter. Please add reporter before adding any new registry.
2024-03-04 13:03:01,994 [main] WARN  server.ServerUtils (ServerUtils.java:getDefaultRatisDirectory(311)) - Storage directory for Ratis is not configured. It is a good idea to map this to an SSD disk. Falling back to ozone.metadata.dirs
2024-03-04 13:03:01,995 [main] INFO  ratis.OzoneManagerRatisServer (OzoneManagerRatisServer.java:<init>(167)) - Instantiating OM Ratis server with groupID: om-service-test1 and peers: localhost:15226, localhost:15230, localhost:15222
2024-03-04 13:03:01,995 [main] INFO  ratis.OzoneManagerStateMachine (OzoneManagerStateMachine.java:loadSnapshotInfoFromDB(575)) - TransactionInfo not found in OM DB.
2024-03-04 13:03:01,996 [main] INFO  server.RaftServer (ConfUtils.java:logGet(46)) - raft.rpc.type = GRPC (default)
2024-03-04 13:03:01,996 [main] INFO  grpc.GrpcConfigKeys (ConfUtils.java:logFallback(53)) - raft.grpc.admin.host = null (fallback to raft.grpc.server.host)
2024-03-04 13:03:01,996 [main] INFO  grpc.GrpcConfigKeys (ConfUtils.java:logFallback(53)) - raft.grpc.admin.port = 15226 (fallback to raft.grpc.server.port)
2024-03-04 13:03:01,996 [main] INFO  grpc.GrpcConfigKeys (ConfUtils.java:logFallback(53)) - raft.grpc.client.host = null (fallback to raft.grpc.server.host)
2024-03-04 13:03:01,996 [main] INFO  grpc.GrpcConfigKeys (ConfUtils.java:logFallback(53)) - raft.grpc.client.port = 15226 (fallback to raft.grpc.server.port)
2024-03-04 13:03:01,996 [main] INFO  grpc.GrpcConfigKeys (ConfUtils.java:logGet(46)) - raft.grpc.server.host = null (default)
2024-03-04 13:03:01,997 [main] INFO  grpc.GrpcConfigKeys (ConfUtils.java:logGet(46)) - raft.grpc.server.port = 15226 (custom)
2024-03-04 13:03:01,997 [main] INFO  server.GrpcService (ConfUtils.java:logGet(46)) - raft.grpc.message.size.max = 4194304 (custom)
2024-03-04 13:03:01,997 [main] INFO  server.RaftServerConfigKeys (ConfUtils.java:logGet(46)) - raft.server.log.appender.buffer.byte-limit = 4194304 (custom)
2024-03-04 13:03:01,997 [main] INFO  server.GrpcService (ConfUtils.java:logGet(46)) - raft.grpc.flow.control.window = 1MB (=1048576) (default)
2024-03-04 13:03:01,997 [main] INFO  server.RaftServerConfigKeys (ConfUtils.java:logGet(46)) - raft.server.rpc.request.timeout = 3000ms (default)
2024-03-04 13:03:01,997 [main] INFO  grpc.GrpcConfigKeys (ConfUtils.java:logGet(46)) - raft.grpc.server.heartbeat.channel = true (default)
2024-03-04 13:03:01,997 [main] INFO  grpc.GrpcConfigKeys (ConfUtils.java:logGet(46)) - raft.grpc.server.async.request.thread.pool.cached = true (default)
2024-03-04 13:03:01,997 [main] INFO  grpc.GrpcConfigKeys (ConfUtils.java:logGet(46)) - raft.grpc.server.async.request.thread.pool.size = 32 (default)
2024-03-04 13:03:01,998 [main] INFO  impl.DataStreamServerImpl (ConfUtils.java:logGet(46)) - raft.datastream.type = DISABLED (default)
2024-03-04 13:03:01,998 [main] INFO  server.RaftServerConfigKeys (ConfUtils.java:logGet(46)) - raft.server.sleep.deviation.threshold = 300ms (default)
2024-03-04 13:03:01,998 [main] INFO  server.RaftServerConfigKeys (ConfUtils.java:logGet(46)) - raft.server.close.threshold = 60s (default)
2024-03-04 13:03:01,998 [main] INFO  server.RaftServerConfigKeys (ConfUtils.java:logGet(46)) - raft.server.leaderelection.leader.step-down.wait-time = 10s (default)
2024-03-04 13:03:01,999 [main] INFO  server.RaftServerConfigKeys (ConfUtils.java:logGet(46)) - raft.server.storage.dir = [/home/runner/work/ozone/ozone/hadoop-ozone/integration-test/target/test-dir/MiniOzoneClusterImpl-a24c3557-08b1-4f8b-a0f8-6c13b4e42376/omNode-2/ratis] (custom)
2024-03-04 13:03:01,999 [main] INFO  server.RaftServerConfigKeys (ConfUtils.java:logGet(46)) - raft.server.threadpool.proxy.cached = true (default)
2024-03-04 13:03:01,999 [main] INFO  server.RaftServerConfigKeys (ConfUtils.java:logGet(46)) - raft.server.threadpool.proxy.size = 0 (default)
2024-03-04 13:03:01,999 [main] INFO  server.RaftServer (RaftServerProxy.java:addNew(100)) - omNode-2: addNew group-523986131536:[omNode-3|localhost:15230, omNode-1|localhost:15222, omNode-2|localhost:15226] returns group-523986131536:java.util.concurrent.CompletableFuture@1c19d744[Not completed]
2024-03-04 13:03:01,999 [main] INFO  om.OzoneManager (OzoneManager.java:initializeRatisServer(2140)) - OzoneManager Ratis server initialized at port 15226
2024-03-04 13:03:01,999 [omNode-2-groupManagement] INFO  server.RaftServer$Division (RaftServerImpl.java:<init>(256)) - omNode-2: new RaftServerImpl for group-523986131536:[omNode-3|localhost:15230, omNode-1|localhost:15222, omNode-2|localhost:15226] with OzoneManagerStateMachine:uninitialized
2024-03-04 13:03:02,000 [main] INFO  om.OzoneManager (OzoneManager.java:getRpcServer(1206)) - Creating RPC Server
2024-03-04 13:03:02,000 [omNode-2-groupManagement] INFO  server.RaftServerConfigKeys (ConfUtils.java:logGet(46)) - raft.server.rpc.timeout.min = 1s (custom)
2024-03-04 13:03:02,000 [omNode-2-groupManagement] INFO  server.RaftServerConfigKeys (ConfUtils.java:logGet(46)) - raft.server.rpc.timeout.max = 1200ms (custom)
2024-03-04 13:03:02,000 [omNode-2-groupManagement] INFO  server.RaftServerConfigKeys (ConfUtils.java:logGet(46)) - raft.server.rpc.sleep.time = 25ms (default)
2024-03-04 13:03:02,000 [omNode-2-groupManagement] INFO  server.RaftServerConfigKeys (ConfUtils.java:logGet(46)) - raft.server.rpc.slowness.timeout = 2s (custom)
2024-03-04 13:03:02,000 [omNode-2-groupManagement] INFO  server.RaftServerConfigKeys (ConfUtils.java:logGet(46)) - raft.server.leaderelection.leader.step-down.wait-time = 10s (default)
2024-03-04 13:03:02,000 [omNode-2-groupManagement] INFO  server.RaftServerConfigKeys (ConfUtils.java:logGet(46)) - raft.server.leaderelection.member.majority-add = false (default)
2024-03-04 13:03:02,000 [omNode-2-groupManagement] INFO  server.RaftServerConfigKeys (ConfUtils.java:logGet(46)) - raft.server.sleep.deviation.threshold = 300ms (default)
2024-03-04 13:03:02,000 [omNode-2-groupManagement] INFO  server.RaftServer$Division (ServerState.java:<init>(113)) - omNode-2@group-523986131536: ConfigurationManager, init=-1: peers:[omNode-3|localhost:15230, omNode-1|localhost:15222, omNode-2|localhost:15226]|listeners:[], old=null, confs=<EMPTY_MAP>
2024-03-04 13:03:02,000 [omNode-2-groupManagement] INFO  server.RaftServerConfigKeys (ConfUtils.java:logGet(46)) - raft.server.notification.no-leader.timeout = 2s (custom)
2024-03-04 13:03:02,000 [omNode-2-groupManagement] INFO  server.RaftServerConfigKeys (ConfUtils.java:logGet(46)) - raft.server.read.timeout = 10s (default)
2024-03-04 13:03:02,000 [omNode-2-groupManagement] INFO  server.RaftServerConfigKeys (ConfUtils.java:logGet(46)) - raft.server.retrycache.expirytime = 30000ms (custom)
2024-03-04 13:03:02,000 [omNode-2-groupManagement] INFO  server.RaftServerConfigKeys (ConfUtils.java:logGet(46)) - raft.server.retrycache.statistics.expirytime = 100ms (default)
2024-03-04 13:03:02,000 [omNode-2-groupManagement] INFO  server.RaftServerConfigKeys (ConfUtils.java:logGet(46)) - raft.server.read.option = DEFAULT (default)
2024-03-04 13:03:02,000 [omNode-2-groupManagement] INFO  server.RaftServerConfigKeys (ConfUtils.java:logGet(46)) - raft.server.read.read-after-write-consistent.write-index-cache.expiry-time = 60s (default)
2024-03-04 13:03:02,001 [omNode-2-groupManagement] INFO  server.RaftServerConfigKeys (ConfUtils.java:logGet(46)) - raft.server.rpc.request.timeout = 3000ms (default)
2024-03-04 13:03:02,001 [omNode-2-groupManagement] INFO  server.RaftServerConfigKeys (ConfUtils.java:logGet(46)) - raft.server.log.appender.install.snapshot.enabled = false (custom)
2024-03-04 13:03:02,002 [omNode-2-groupManagement] INFO  server.RaftServerConfigKeys (ConfUtils.java:logGet(46)) - raft.server.threadpool.server.cached = true (default)
2024-03-04 13:03:02,002 [omNode-2-groupManagement] INFO  server.RaftServerConfigKeys (ConfUtils.java:logGet(46)) - raft.server.threadpool.server.size = 0 (default)
2024-03-04 13:03:02,002 [omNode-2-groupManagement] INFO  server.RaftServerConfigKeys (ConfUtils.java:logGet(46)) - raft.server.threadpool.client.cached = true (default)
2024-03-04 13:03:02,002 [omNode-2-groupManagement] INFO  server.RaftServerConfigKeys (ConfUtils.java:logGet(46)) - raft.server.threadpool.client.size = 0 (default)
2024-03-04 13:03:02,180 [main] INFO  ipc.CallQueueManager (CallQueueManager.java:<init>(90)) - Using callQueue: class java.util.concurrent.LinkedBlockingQueue, queueCapacity: 2000, scheduler: class org.apache.hadoop.ipc.DefaultRpcScheduler, ipcBackoff: false.
2024-03-04 13:03:02,181 [main] INFO  ipc.Server (Server.java:<init>(1287)) - Listener at 127.0.0.1:15223
2024-03-04 13:03:02,181 [Socket Reader #1 for port 15223] INFO  ipc.Server (Server.java:run(1323)) - Starting Socket Reader #1 for port 15223
2024-03-04 13:03:02,194 [main] INFO  impl.MetricsSystemImpl (MetricsSystemImpl.java:init(158)) - OzoneManager metrics system started (again)
2024-03-04 13:03:02,201 [main] INFO  om.OzoneManager (OzoneManager.java:start(1628)) - OzoneManager RPC server is listening at localhost/127.0.0.1:15223
2024-03-04 13:03:02,201 [main] INFO  ratis.OzoneManagerRatisServer (OzoneManagerRatisServer.java:start(588)) - Starting OzoneManagerRatisServer omNode-2 at port 15226
2024-03-04 13:03:02,201 [omNode-2-impl-thread1] INFO  server.RaftServerConfigKeys (ConfUtils.java:logGet(46)) - raft.server.storage.free-space.min = 0MB (=0) (default)
2024-03-04 13:03:02,201 [omNode-2-impl-thread1] INFO  server.RaftServerConfigKeys (ConfUtils.java:logGet(46)) - raft.server.log.corruption.policy = EXCEPTION (default)
2024-03-04 13:03:02,201 [omNode-2-impl-thread1] INFO  server.RaftServerConfigKeys (ConfUtils.java:logGet(46)) - raft.server.storage.dir = [/home/runner/work/ozone/ozone/hadoop-ozone/integration-test/target/test-dir/MiniOzoneClusterImpl-a24c3557-08b1-4f8b-a0f8-6c13b4e42376/omNode-2/ratis] (custom)
2024-03-04 13:03:02,201 [omNode-2-impl-thread1] INFO  storage.RaftStorageDirectory (RaftStorageDirectoryImpl.java:analyzeStorage(138)) - The storage directory /home/runner/work/ozone/ozone/hadoop-ozone/integration-test/target/test-dir/MiniOzoneClusterImpl-a24c3557-08b1-4f8b-a0f8-6c13b4e42376/omNode-2/ratis/c9bc4cf4-3bc3-3c60-a66b-523986131536 does not exist. Creating ...
2024-03-04 13:03:02,202 [omNode-2-impl-thread1] INFO  storage.RaftStorageDirectory (RaftStorageDirectoryImpl.java:tryLock(228)) - Lock on /home/runner/work/ozone/ozone/hadoop-ozone/integration-test/target/test-dir/MiniOzoneClusterImpl-a24c3557-08b1-4f8b-a0f8-6c13b4e42376/omNode-2/ratis/c9bc4cf4-3bc3-3c60-a66b-523986131536/in_use.lock acquired by nodename 41993@fv-az571-795
2024-03-04 13:03:02,203 [omNode-2-impl-thread1] INFO  storage.RaftStorage (RaftStorageImpl.java:format(99)) - Storage directory /home/runner/work/ozone/ozone/hadoop-ozone/integration-test/target/test-dir/MiniOzoneClusterImpl-a24c3557-08b1-4f8b-a0f8-6c13b4e42376/omNode-2/ratis/c9bc4cf4-3bc3-3c60-a66b-523986131536 has been successfully formatted.
2024-03-04 13:03:02,203 [omNode-2-impl-thread1] WARN  util.FileUtils (LogUtils.java:supplyAndLog(63)) - Failed to Files.newInputStream /home/runner/work/ozone/ozone/hadoop-ozone/integration-test/target/test-dir/MiniOzoneClusterImpl-a24c3557-08b1-4f8b-a0f8-6c13b4e42376/omNode-2/ratis/c9bc4cf4-3bc3-3c60-a66b-523986131536/current/raft-meta.conf with options []: java.nio.file.NoSuchFileException: /home/runner/work/ozone/ozone/hadoop-ozone/integration-test/target/test-dir/MiniOzoneClusterImpl-a24c3557-08b1-4f8b-a0f8-6c13b4e42376/omNode-2/ratis/c9bc4cf4-3bc3-3c60-a66b-523986131536/current/raft-meta.conf
2024-03-04 13:03:02,203 [omNode-2-impl-thread1] INFO  server.RaftServerConfigKeys (ConfUtils.java:logGet(46)) - raft.server.log.use.memory = false (default)
2024-03-04 13:03:02,204 [omNode-2-impl-thread1] INFO  server.RaftServerConfigKeys (ConfUtils.java:logGet(46)) - raft.server.log.purge.gap = 50 (custom)
2024-03-04 13:03:02,204 [omNode-2-impl-thread1] INFO  server.RaftServerConfigKeys (ConfUtils.java:logGet(46)) - raft.server.log.appender.buffer.byte-limit = 4194304 (custom)
2024-03-04 13:03:02,204 [omNode-2-impl-thread1] INFO  server.RaftServerConfigKeys (ConfUtils.java:logGet(46)) - raft.server.log.statemachine.data.read.timeout = 1000ms (default)
2024-03-04 13:03:02,204 [omNode-2-impl-thread1] INFO  server.RaftServerConfigKeys (ConfUtils.java:logGet(46)) - raft.server.log.purge.preservation.log.num = 0 (default)
2024-03-04 13:03:02,204 [omNode-2-impl-thread1] INFO  server.RaftServerConfigKeys (ConfUtils.java:logGet(46)) - raft.server.log.segment.size.max = 4194304 (custom)
2024-03-04 13:03:02,204 [omNode-2-impl-thread1] INFO  server.RaftServerConfigKeys (ConfUtils.java:logGet(46)) - raft.server.log.segment.cache.num.max = 2 (custom)
2024-03-04 13:03:02,204 [omNode-2-impl-thread1] INFO  server.RaftServerConfigKeys (ConfUtils.java:logGet(46)) - raft.server.log.segment.cache.size.max = 200MB (=209715200) (default)
2024-03-04 13:03:02,204 [omNode-2-impl-thread1] INFO  server.RaftServerConfigKeys (ConfUtils.java:logGet(46)) - raft.server.log.appender.buffer.byte-limit = 4194304 (custom)
2024-03-04 13:03:02,204 [omNode-2-impl-thread1] INFO  util.AwaitToRun (AwaitToRun.java:start(81)) - Thread[omNode-2@group-523986131536-cacheEviction-AwaitToRun,5,main] started
2024-03-04 13:03:02,204 [omNode-2-impl-thread1] INFO  segmented.SegmentedRaftLogWorker (SegmentedRaftLogWorker.java:<init>(182)) - new omNode-2@group-523986131536-SegmentedRaftLogWorker for RaftStorageImpl:Storage Directory /home/runner/work/ozone/ozone/hadoop-ozone/integration-test/target/test-dir/MiniOzoneClusterImpl-a24c3557-08b1-4f8b-a0f8-6c13b4e42376/omNode-2/ratis/c9bc4cf4-3bc3-3c60-a66b-523986131536
2024-03-04 13:03:02,204 [omNode-2-impl-thread1] INFO  server.RaftServerConfigKeys (ConfUtils.java:logGet(46)) - raft.server.log.queue.byte-limit = 64MB (=67108864) (default)
2024-03-04 13:03:02,204 [omNode-2-impl-thread1] INFO  server.RaftServerConfigKeys (ConfUtils.java:logGet(46)) - raft.server.log.queue.element-limit = 4096 (default)
2024-03-04 13:03:02,205 [omNode-2-impl-thread1] INFO  server.RaftServerConfigKeys (ConfUtils.java:logGet(46)) - raft.server.log.segment.size.max = 4194304 (custom)
2024-03-04 13:03:02,205 [omNode-2-impl-thread1] INFO  server.RaftServerConfigKeys (ConfUtils.java:logGet(46)) - raft.server.log.preallocated.size = 4194304 (custom)
2024-03-04 13:03:02,205 [omNode-2-impl-thread1] INFO  server.RaftServerConfigKeys (ConfUtils.java:logGet(46)) - raft.server.log.force.sync.num = 128 (default)
2024-03-04 13:03:02,205 [omNode-2-impl-thread1] INFO  server.RaftServerConfigKeys (ConfUtils.java:logGet(46)) - raft.server.log.statemachine.data.sync = true (default)
2024-03-04 13:03:02,205 [omNode-2-impl-thread1] INFO  server.RaftServerConfigKeys (ConfUtils.java:logGet(46)) - raft.server.log.statemachine.data.sync.timeout = 10s (default)
2024-03-04 13:03:02,205 [omNode-2-impl-thread1] INFO  server.RaftServerConfigKeys (ConfUtils.java:logGet(46)) - raft.server.log.statemachine.data.sync.timeout.retry = -1 (default)
2024-03-04 13:03:02,205 [omNode-2-impl-thread1] INFO  server.RaftServerConfigKeys (ConfUtils.java:logGet(46)) - raft.server.log.write.buffer.size = 4194312 (custom)
2024-03-04 13:03:02,205 [omNode-2-impl-thread1] INFO  server.RaftServerConfigKeys (ConfUtils.java:logGet(46)) - raft.server.log.appender.buffer.byte-limit = 4194304 (custom)
2024-03-04 13:03:02,205 [omNode-2-impl-thread1] INFO  server.RaftServerConfigKeys (ConfUtils.java:logGet(46)) - raft.server.log.unsafe-flush.enabled = false (default)
2024-03-04 13:03:02,205 [omNode-2-impl-thread1] INFO  server.RaftServerConfigKeys (ConfUtils.java:logGet(46)) - raft.server.log.async-flush.enabled = false (default)
2024-03-04 13:03:02,205 [omNode-2-impl-thread1] INFO  server.RaftServerConfigKeys (ConfUtils.java:logGet(46)) - raft.server.log.statemachine.data.caching.enabled = false (default)
2024-03-04 13:03:02,206 [omNode-2-impl-thread1] INFO  segmented.SegmentedRaftLogWorker (SegmentedRaftLogWorker.java:lambda$new$0(134)) - omNode-2@group-523986131536-SegmentedRaftLogWorker: flushIndex: setUnconditionally 0 -> -1
2024-03-04 13:03:02,206 [omNode-2-impl-thread1] INFO  segmented.SegmentedRaftLogWorker (SegmentedRaftLogWorker.java:lambda$new$0(134)) - omNode-2@group-523986131536-SegmentedRaftLogWorker: safeCacheEvictIndex: setUnconditionally 0 -> -1
2024-03-04 13:03:02,206 [omNode-2-impl-thread1] INFO  server.RaftServer$Division (RaftServerImpl.java:start(396)) - omNode-2@group-523986131536: start as a follower, conf=-1: peers:[omNode-3|localhost:15230, omNode-1|localhost:15222, omNode-2|localhost:15226]|listeners:[], old=null
2024-03-04 13:03:02,206 [omNode-2-impl-thread1] INFO  server.RaftServer$Division (RaftServerImpl.java:setRole(383)) - omNode-2@group-523986131536: changes role from      null to FOLLOWER at term 0 for startAsFollower
2024-03-04 13:03:02,206 [omNode-2-impl-thread1] INFO  impl.RoleInfo (RoleInfo.java:updateAndGet(139)) - omNode-2: start omNode-2@group-523986131536-FollowerState
2024-03-04 13:03:02,206 [omNode-2@group-523986131536-FollowerState] INFO  server.RaftServerConfigKeys (ConfUtils.java:logFallback(53)) - raft.server.rpc.first-election.timeout.min = 1s (fallback to raft.server.rpc.timeout.min)
2024-03-04 13:03:02,208 [omNode-2-impl-thread1] INFO  util.JmxRegister (JmxRegister.java:tryRegister(44)) - Successfully registered JMX Bean with object name Ratis:service=RaftServer,group=group-523986131536,id=omNode-2
2024-03-04 13:03:02,208 [omNode-2-impl-thread1] INFO  server.RaftServerConfigKeys (ConfUtils.java:logGet(46)) - raft.server.snapshot.trigger-when-stop.enabled = true (default)
2024-03-04 13:03:02,208 [omNode-2-impl-thread1] INFO  server.RaftServerConfigKeys (ConfUtils.java:logGet(46)) - raft.server.snapshot.auto.trigger.enabled = true (custom)
2024-03-04 13:03:02,208 [omNode-2-impl-thread1] INFO  server.RaftServerConfigKeys (ConfUtils.java:logGet(46)) - raft.server.snapshot.auto.trigger.threshold = 50 (custom)
2024-03-04 13:03:02,208 [omNode-2-impl-thread1] INFO  server.RaftServerConfigKeys (ConfUtils.java:logGet(46)) - raft.server.snapshot.retention.file.num = -1 (default)
2024-03-04 13:03:02,209 [omNode-2-impl-thread1] INFO  server.RaftServerConfigKeys (ConfUtils.java:logGet(46)) - raft.server.log.purge.upto.snapshot.index = true (custom)
2024-03-04 13:03:02,208 [omNode-2@group-523986131536-FollowerState] INFO  server.RaftServerConfigKeys (ConfUtils.java:logFallback(53)) - raft.server.rpc.first-election.timeout.max = 1200ms (fallback to raft.server.rpc.timeout.max)
2024-03-04 13:03:02,209 [main] INFO  server.RaftServer (RaftServerProxy.java:startImpl(406)) - omNode-2: start RPC server
2024-03-04 13:03:02,210 [main] INFO  server.GrpcService (GrpcService.java:startImpl(302)) - omNode-2: GrpcService started, listening on 15226
2024-03-04 13:03:02,211 [JvmPauseMonitor61] INFO  util.JvmPauseMonitor (JvmPauseMonitor.java:run(146)) - JvmPauseMonitor-omNode-2: Started
2024-03-04 13:03:02,211 [main] INFO  om.OzoneManager (OzoneManager.java:start(1644)) - Version File has different layout version (6) than OM DB (null). That is expected if this OM has never been finalized to a newer layout version.
2024-03-04 13:03:02,213 [main] INFO  http.BaseHttpServer (BaseHttpServer.java:newHttpServer2BuilderForOzone(223)) - Starting Web-server for ozoneManager at: http://0.0.0.0:15224
2024-03-04 13:03:02,213 [main] INFO  http.BaseHttpServer (BaseHttpServer.java:<init>(110)) - Hadoop Security Enabled: false Ozone Security Enabled: false Ozone HTTP Security Enabled: false 
2024-03-04 13:03:02,214 [main] WARN  server.AuthenticationFilter (AuthenticationFilter.java:constructSecretProvider(240)) - Unable to initialize FileSignerSecretProvider, falling back to use random secrets. Reason: Could not read signature secret file: /home/runner/hadoop-http-auth-signature-secret
2024-03-04 13:03:02,214 [main] INFO  http.HttpRequestLog (HttpRequestLog.java:getRequestLog(86)) - Http request log for http.requests.ozoneManager is not defined
2024-03-04 13:03:02,215 [main] INFO  http.HttpServer2 (HttpServer2.java:addGlobalFilter(1036)) - Added global filter 'safety' (class=org.apache.hadoop.hdds.server.http.HttpServer2$QuotingInputFilter)
2024-03-04 13:03:02,215 [main] INFO  http.HttpServer2 (HttpServer2.java:addFilter(1012)) - Added filter static_user_filter (class=org.apache.hadoop.http.lib.StaticUserWebFilter$StaticUserFilter) to context ozoneManager
2024-03-04 13:03:02,215 [main] INFO  http.HttpServer2 (HttpServer2.java:addFilter(1020)) - Added filter static_user_filter (class=org.apache.hadoop.http.lib.StaticUserWebFilter$StaticUserFilter) to context logs
2024-03-04 13:03:02,215 [main] INFO  http.HttpServer2 (HttpServer2.java:addFilter(1020)) - Added filter static_user_filter (class=org.apache.hadoop.http.lib.StaticUserWebFilter$StaticUserFilter) to context static
2024-03-04 13:03:02,216 [main] INFO  http.BaseHttpServer (BaseHttpServer.java:<init>(189)) - HTTP server of ozoneManager uses base directory /home/runner/work/ozone/ozone/hadoop-ozone/integration-test/target/test-dir/MiniOzoneClusterImpl-a24c3557-08b1-4f8b-a0f8-6c13b4e42376/omNode-2/webserver
2024-03-04 13:03:02,216 [main] INFO  http.HttpServer2 (HttpServer2.java:bindListener(1236)) - Jetty bound to port 15224
2024-03-04 13:03:02,216 [main] INFO  server.Server (Server.java:doStart(375)) - jetty-9.4.53.v20231009; built: 2023-10-09T12:29:09.265Z; git: 27bde00a0b95a1d5bbee0eae7984f891d2d0f8c9; jvm 1.8.0_402-b06
2024-03-04 13:03:02,217 [main] INFO  server.session (DefaultSessionIdManager.java:doStart(334)) - DefaultSessionIdManager workerName=node0
2024-03-04 13:03:02,217 [main] INFO  server.session (DefaultSessionIdManager.java:doStart(339)) - No SessionScavenger set, using defaults
2024-03-04 13:03:02,217 [main] INFO  server.session (HouseKeeper.java:startScavenging(132)) - node0 Scavenging every 600000ms
2024-03-04 13:03:02,217 [main] INFO  handler.ContextHandler (ContextHandler.java:doStart(921)) - Started o.e.j.s.ServletContextHandler@77437ae1{logs,/logs,file:///home/runner/work/ozone/ozone/hadoop-ozone/integration-test/target/log,AVAILABLE}
2024-03-04 13:03:02,218 [main] INFO  handler.ContextHandler (ContextHandler.java:doStart(921)) - Started o.e.j.s.ServletContextHandler@599258f9{static,/static,file:///home/runner/work/ozone/ozone/hadoop-ozone/integration-test/target/test-classes/webapps/static,AVAILABLE}
2024-03-04 13:03:02,219 [main] INFO  handler.ContextHandler (ContextHandler.java:doStart(921)) - Started o.e.j.w.WebAppContext@7074ec88{ozoneManager,/,file:///home/runner/work/ozone/ozone/hadoop-ozone/integration-test/target/test-classes/webapps/ozoneManager/,AVAILABLE}{file:/home/runner/work/ozone/ozone/hadoop-ozone/integration-test/target/test-classes/webapps/ozoneManager}
2024-03-04 13:03:02,219 [main] INFO  server.AbstractConnector (AbstractConnector.java:doStart(333)) - Started ServerConnector@6b6ddc37{HTTP/1.1, (http/1.1)}{0.0.0.0:15224}
2024-03-04 13:03:02,220 [main] INFO  server.Server (Server.java:doStart(415)) - Started @677803ms
2024-03-04 13:03:02,220 [main] WARN  impl.MetricsSystemImpl (MetricsSystemImpl.java:register(279)) - Sink prometheus already exists!
2024-03-04 13:03:02,220 [main] INFO  http.BaseHttpServer (BaseHttpServer.java:updateConnectorAddress(354)) - HTTP server of ozoneManager listening at http://0.0.0.0:15224
2024-03-04 13:03:02,220 [IPC Server Responder] INFO  ipc.Server (Server.java:run(1562)) - IPC Server Responder: starting
2024-03-04 13:03:02,220 [IPC Server listener on 15223] INFO  ipc.Server (Server.java:run(1402)) - IPC Server listener on 15223: starting
2024-03-04 13:03:02,223 [main] INFO  om.OzoneManager (OzoneManager.java:startTrashEmptier(2093)) - Trash Interval set to 0. Files deleted won't move to trash
2024-03-04 13:03:02,223 [main] INFO  ozone.MiniOzoneHAClusterImpl (MiniOzoneHAClusterImpl.java:createOMService(516)) - Started OzoneManager omNode-2 RPC server at localhost/127.0.0.1:15223
2024-03-04 13:03:02,223 [main] INFO  ha.OMHANodeDetails (OMHANodeDetails.java:loadOMHAConfig(121)) - ServiceID for OzoneManager is om-service-test1
2024-03-04 13:03:02,224 [main] INFO  ha.OMHANodeDetails (OMHANodeDetails.java:loadOMHAConfig(201)) - Found matching OM address with OMServiceId: om-service-test1, OMNodeId: omNode-3, RPC Address: localhost:15227 and Ratis port: 15230
2024-03-04 13:03:02,224 [main] INFO  ha.OMHANodeDetails (ConfUtils.java:setNodeSpecificConfigs(97)) - Setting configuration key ozone.om.http-address with value of key ozone.om.http-address.om-service-test1.omNode-3: 127.0.0.1:15228
2024-03-04 13:03:02,224 [main] INFO  ha.OMHANodeDetails (ConfUtils.java:setNodeSpecificConfigs(97)) - Setting configuration key ozone.om.https-address with value of key ozone.om.https-address.om-service-test1.omNode-3: 127.0.0.1:15229
2024-03-04 13:03:02,224 [main] INFO  ha.OMHANodeDetails (ConfUtils.java:setNodeSpecificConfigs(97)) - Setting configuration key ozone.om.address with value of key ozone.om.address.om-service-test1.omNode-3: 127.0.0.1:15227
2024-03-04 13:03:02,224 [main] WARN  server.ServerUtils (ServerUtils.java:getDBPath(299)) - ozone.om.db.dirs is not configured. We recommend adding this setting. Falling back to ozone.metadata.dirs instead.
2024-03-04 13:03:02,224 [main] INFO  proxy.SCMBlockLocationFailoverProxyProvider (SCMBlockLocationFailoverProxyProvider.java:<init>(115)) - Created block location fail-over proxy with 1 nodes: [nodeId=scmNodeId,nodeAddress=/0.0.0.0:15216]
OM initialization succeeded.Current cluster id for sd=/home/runner/work/ozone/ozone/hadoop-ozone/integration-test/target/test-dir/MiniOzoneClusterImpl-a24c3557-08b1-4f8b-a0f8-6c13b4e42376/omNode-3/om;cid=a24c3557-08b1-4f8b-a0f8-6c13b4e42376;layoutVersion=6
2024-03-04 13:03:02,232 [main] INFO  ha.OMHANodeDetails (OMHANodeDetails.java:loadOMHAConfig(121)) - ServiceID for OzoneManager is om-service-test1
2024-03-04 13:03:02,232 [main] INFO  ha.OMHANodeDetails (OMHANodeDetails.java:loadOMHAConfig(201)) - Found matching OM address with OMServiceId: om-service-test1, OMNodeId: omNode-3, RPC Address: localhost:15227 and Ratis port: 15230
2024-03-04 13:03:02,232 [main] INFO  ha.OMHANodeDetails (ConfUtils.java:setNodeSpecificConfigs(97)) - Setting configuration key ozone.om.http-address with value of key ozone.om.http-address.om-service-test1.omNode-3: 127.0.0.1:15228
2024-03-04 13:03:02,232 [main] INFO  ha.OMHANodeDetails (ConfUtils.java:setNodeSpecificConfigs(97)) - Setting configuration key ozone.om.https-address with value of key ozone.om.https-address.om-service-test1.omNode-3: 127.0.0.1:15229
2024-03-04 13:03:02,233 [main] INFO  ha.OMHANodeDetails (ConfUtils.java:setNodeSpecificConfigs(97)) - Setting configuration key ozone.om.address with value of key ozone.om.address.om-service-test1.omNode-3: 127.0.0.1:15227
2024-03-04 13:03:02,233 [main] WARN  server.ServerUtils (ServerUtils.java:getDBPath(299)) - ozone.om.db.dirs is not configured. We recommend adding this setting. Falling back to ozone.metadata.dirs instead.
2024-03-04 13:03:02,233 [main] INFO  upgrade.AbstractLayoutVersionManager (AbstractLayoutVersionManager.java:init(83)) - Initializing Layout version manager with metadata layout = QUOTA (version = 6), software layout = QUOTA (version = 6)
2024-03-04 13:03:02,303 [main] INFO  upgrade.OMLayoutVersionManager (OMLayoutVersionManager.java:lambda$0(113)) - Skipping Upgrade Action QuotaRepairUpgradeAction since it has been finalized.
2024-03-04 13:03:02,303 [main] INFO  upgrade.OMLayoutVersionManager (OMLayoutVersionManager.java:lambda$0(113)) - Skipping Upgrade Action MockOmUpgradeAction since it has been finalized.
2024-03-04 13:03:02,304 [main] WARN  server.ServerUtils (ServerUtils.java:getDBPath(299)) - ozone.om.db.dirs is not configured. We recommend adding this setting. Falling back to ozone.metadata.dirs instead.
2024-03-04 13:03:02,304 [main] INFO  proxy.SCMBlockLocationFailoverProxyProvider (SCMBlockLocationFailoverProxyProvider.java:<init>(115)) - Created block location fail-over proxy with 1 nodes: [nodeId=scmNodeId,nodeAddress=/0.0.0.0:15216]
2024-03-04 13:03:02,305 [main] INFO  proxy.SCMBlockLocationFailoverProxyProvider (SCMBlockLocationFailoverProxyProvider.java:<init>(115)) - Created block location fail-over proxy with 1 nodes: [nodeId=scmNodeId,nodeAddress=/0.0.0.0:15216]
2024-03-04 13:03:02,309 [main] INFO  om.OzoneManager (OzoneManager.java:<init>(672)) - OM start with adminUsers: [*, runner]
2024-03-04 13:03:02,309 [main] WARN  server.ServerUtils (ServerUtils.java:getDBPath(299)) - ozone.om.db.dirs is not configured. We recommend adding this setting. Falling back to ozone.metadata.dirs instead.
2024-03-04 13:03:02,310 [main] INFO  helpers.OmKeyInfo (OmKeyInfo.java:getCodec(71)) - OmKeyInfo.getCodec ignorePipeline = true
2024-03-04 13:03:02,437 [main] INFO  om.OzoneManager (OzoneManager.java:instantiateServices(804)) - S3 Multi-Tenancy is disabled
2024-03-04 13:03:02,437 [main] INFO  om.OmSnapshotManager (OmSnapshotManager.java:<init>(177)) - Ozone filesystem snapshot feature is enabled.
2024-03-04 13:03:02,437 [main] WARN  server.ServerUtils (ServerUtils.java:getDBPath(299)) - ozone.om.snapshot.diff.db.dir is not configured. We recommend adding this setting. Falling back to ozone.metadata.dirs instead.
2024-03-04 13:03:02,450 [main] INFO  utils.NativeLibraryLoader (NativeLibraryLoader.java:loadLibrary(108)) - Loading Library: ozone_rocksdb_tools
2024-03-04 13:03:02,451 [main] ERROR snapshot.SnapshotDiffManager (SnapshotDiffManager.java:initNativeLibraryForEfficientDiff(287)) - Native Library for raw sst file reading loading failed.
org.apache.hadoop.hdds.utils.NativeLibraryNotLoadedException: Unable to load library ozone_rocksdb_tools from both java.library.path & resource file libozone_rocksdb_tools.so from jar.
	at org.apache.hadoop.hdds.utils.db.managed.ManagedRawSSTFileReader.loadLibrary(ManagedRawSSTFileReader.java:38)
	at org.apache.hadoop.ozone.om.snapshot.SnapshotDiffManager.initNativeLibraryForEfficientDiff(SnapshotDiffManager.java:285)
	at org.apache.hadoop.ozone.om.snapshot.SnapshotDiffManager.<init>(SnapshotDiffManager.java:259)
	at org.apache.hadoop.ozone.om.OmSnapshotManager.<init>(OmSnapshotManager.java:279)
	at org.apache.hadoop.ozone.om.OzoneManager.instantiateServices(OzoneManager.java:856)
	at org.apache.hadoop.ozone.om.OzoneManager.<init>(OzoneManager.java:682)
	at org.apache.hadoop.ozone.om.OzoneManager.createOm(OzoneManager.java:767)
	at org.apache.hadoop.ozone.MiniOzoneHAClusterImpl$Builder.createOMService(MiniOzoneHAClusterImpl.java:509)
	at org.apache.hadoop.ozone.MiniOzoneHAClusterImpl$Builder.build(MiniOzoneHAClusterImpl.java:425)
	at org.apache.hadoop.ozone.om.TestOzoneManagerHA.init(TestOzoneManagerHA.java:179)
	at sun.reflect.NativeMethodAccessorImpl.invoke0(Native Method)
	at sun.reflect.NativeMethodAccessorImpl.invoke(NativeMethodAccessorImpl.java:62)
	at sun.reflect.DelegatingMethodAccessorImpl.invoke(DelegatingMethodAccessorImpl.java:43)
	at java.lang.reflect.Method.invoke(Method.java:498)
	at org.junit.platform.commons.util.ReflectionUtils.invokeMethod(ReflectionUtils.java:728)
	at org.junit.jupiter.engine.execution.MethodInvocation.proceed(MethodInvocation.java:60)
	at org.junit.jupiter.engine.execution.InvocationInterceptorChain$ValidatingInvocation.proceed(InvocationInterceptorChain.java:131)
	at org.junit.jupiter.engine.extension.TimeoutExtension.intercept(TimeoutExtension.java:156)
	at org.junit.jupiter.engine.extension.TimeoutExtension.interceptLifecycleMethod(TimeoutExtension.java:128)
	at org.junit.jupiter.engine.extension.TimeoutExtension.interceptBeforeAllMethod(TimeoutExtension.java:70)
	at org.junit.jupiter.engine.execution.InterceptingExecutableInvoker$ReflectiveInterceptorCall.lambda$ofVoidMethod$0(InterceptingExecutableInvoker.java:103)
	at org.junit.jupiter.engine.execution.InterceptingExecutableInvoker.lambda$invoke$0(InterceptingExecutableInvoker.java:93)
	at org.junit.jupiter.engine.execution.InvocationInterceptorChain$InterceptedInvocation.proceed(InvocationInterceptorChain.java:106)
	at org.junit.jupiter.engine.execution.InvocationInterceptorChain.proceed(InvocationInterceptorChain.java:64)
	at org.junit.jupiter.engine.execution.InvocationInterceptorChain.chainAndInvoke(InvocationInterceptorChain.java:45)
	at org.junit.jupiter.engine.execution.InvocationInterceptorChain.invoke(InvocationInterceptorChain.java:37)
	at org.junit.jupiter.engine.execution.InterceptingExecutableInvoker.invoke(InterceptingExecutableInvoker.java:92)
	at org.junit.jupiter.engine.execution.InterceptingExecutableInvoker.invoke(InterceptingExecutableInvoker.java:86)
	at org.junit.jupiter.engine.descriptor.ClassBasedTestDescriptor.lambda$invokeBeforeAllMethods$13(ClassBasedTestDescriptor.java:412)
	at org.junit.platform.engine.support.hierarchical.ThrowableCollector.execute(ThrowableCollector.java:73)
	at org.junit.jupiter.engine.descriptor.ClassBasedTestDescriptor.invokeBeforeAllMethods(ClassBasedTestDescriptor.java:410)
	at org.junit.jupiter.engine.descriptor.ClassBasedTestDescriptor.before(ClassBasedTestDescriptor.java:216)
	at org.junit.jupiter.engine.descriptor.ClassBasedTestDescriptor.before(ClassBasedTestDescriptor.java:85)
	at org.junit.platform.engine.support.hierarchical.NodeTestTask.lambda$executeRecursively$6(NodeTestTask.java:148)
	at org.junit.platform.engine.support.hierarchical.ThrowableCollector.execute(ThrowableCollector.java:73)
	at org.junit.platform.engine.support.hierarchical.NodeTestTask.lambda$executeRecursively$8(NodeTestTask.java:141)
	at org.junit.platform.engine.support.hierarchical.Node.around(Node.java:137)
	at org.junit.platform.engine.support.hierarchical.NodeTestTask.lambda$executeRecursively$9(NodeTestTask.java:139)
	at org.junit.platform.engine.support.hierarchical.ThrowableCollector.execute(ThrowableCollector.java:73)
	at org.junit.platform.engine.support.hierarchical.NodeTestTask.executeRecursively(NodeTestTask.java:138)
	at org.junit.platform.engine.support.hierarchical.NodeTestTask.execute(NodeTestTask.java:95)
	at java.util.ArrayList.forEach(ArrayList.java:1259)
	at org.junit.platform.engine.support.hierarchical.SameThreadHierarchicalTestExecutorService.invokeAll(SameThreadHierarchicalTestExecutorService.java:41)
	at org.junit.platform.engine.support.hierarchical.NodeTestTask.lambda$executeRecursively$6(NodeTestTask.java:155)
	at org.junit.platform.engine.support.hierarchical.ThrowableCollector.execute(ThrowableCollector.java:73)
	at org.junit.platform.engine.support.hierarchical.NodeTestTask.lambda$executeRecursively$8(NodeTestTask.java:141)
	at org.junit.platform.engine.support.hierarchical.Node.around(Node.java:137)
	at org.junit.platform.engine.support.hierarchical.NodeTestTask.lambda$executeRecursively$9(NodeTestTask.java:139)
	at org.junit.platform.engine.support.hierarchical.ThrowableCollector.execute(ThrowableCollector.java:73)
	at org.junit.platform.engine.support.hierarchical.NodeTestTask.executeRecursively(NodeTestTask.java:138)
	at org.junit.platform.engine.support.hierarchical.NodeTestTask.execute(NodeTestTask.java:95)
	at org.junit.platform.engine.support.hierarchical.SameThreadHierarchicalTestExecutorService.submit(SameThreadHierarchicalTestExecutorService.java:35)
	at org.junit.platform.engine.support.hierarchical.HierarchicalTestExecutor.execute(HierarchicalTestExecutor.java:57)
	at org.junit.platform.engine.support.hierarchical.HierarchicalTestEngine.execute(HierarchicalTestEngine.java:54)
	at org.junit.platform.launcher.core.EngineExecutionOrchestrator.execute(EngineExecutionOrchestrator.java:198)
	at org.junit.platform.launcher.core.EngineExecutionOrchestrator.execute(EngineExecutionOrchestrator.java:169)
	at org.junit.platform.launcher.core.EngineExecutionOrchestrator.execute(EngineExecutionOrchestrator.java:93)
	at org.junit.platform.launcher.core.EngineExecutionOrchestrator.lambda$execute$0(EngineExecutionOrchestrator.java:58)
	at org.junit.platform.launcher.core.EngineExecutionOrchestrator.withInterceptedStreams(EngineExecutionOrchestrator.java:141)
	at org.junit.platform.launcher.core.EngineExecutionOrchestrator.execute(EngineExecutionOrchestrator.java:57)
	at org.junit.platform.launcher.core.DefaultLauncher.execute(DefaultLauncher.java:103)
	at org.junit.platform.launcher.core.DefaultLauncher.execute(DefaultLauncher.java:85)
	at org.junit.platform.launcher.core.DelegatingLauncher.execute(DelegatingLauncher.java:47)
	at org.junit.platform.launcher.core.SessionPerRequestLauncher.execute(SessionPerRequestLauncher.java:63)
	at org.apache.maven.surefire.junitplatform.JUnitPlatformProvider.invokeAllTests(JUnitPlatformProvider.java:165)
	at org.apache.maven.surefire.junitplatform.JUnitPlatformProvider.invoke(JUnitPlatformProvider.java:124)
	at org.apache.maven.surefire.booter.ForkedBooter.runSuitesInProcess(ForkedBooter.java:428)
	at org.apache.maven.surefire.booter.ForkedBooter.execute(ForkedBooter.java:162)
	at org.apache.maven.surefire.booter.ForkedBooter.run(ForkedBooter.java:562)
	at org.apache.maven.surefire.booter.ForkedBooter.main(ForkedBooter.java:548)
2024-03-04 13:03:02,453 [main] INFO  om.OzoneManager (OzoneManager.java:addS3GVolumeToDB(4426)) - Created Volume s3v With Owner runner required for S3Gateway operations.
2024-03-04 13:03:02,453 [main] WARN  server.ServerUtils (ServerUtils.java:getDefaultRatisDirectory(311)) - Storage directory for Ratis is not configured. It is a good idea to map this to an SSD disk. Falling back to ozone.metadata.dirs
2024-03-04 13:03:02,453 [main] WARN  utils.OzoneManagerRatisUtils (OzoneManagerRatisUtils.java:getOMRatisSnapshotDirectory(476)) - ozone.om.ratis.snapshot.dir is not configured. Falling back to ozone.metadata.dirs config
2024-03-04 13:03:02,453 [main] INFO  utils.RDBSnapshotProvider (RDBSnapshotProvider.java:init(87)) - Cleaning up the candidate dir: /home/runner/work/ozone/ozone/hadoop-ozone/integration-test/target/test-dir/MiniOzoneClusterImpl-a24c3557-08b1-4f8b-a0f8-6c13b4e42376/omNode-3/snapshot/om.db.candidate
2024-03-04 13:03:02,453 [main] INFO  ratis_snapshot.OmRatisSnapshotProvider (OmRatisSnapshotProvider.java:<init>(99)) - Initializing OM Snapshot Provider
2024-03-04 13:03:02,454 [main] WARN  dropwizard3.Dm3MetricRegistriesImpl (Dm3MetricRegistriesImpl.java:addReporterRegistration(113)) - New reporters are added after registries were created. Some metrics will be missing from the reporter. Please add reporter before adding any new registry.
2024-03-04 13:03:02,454 [main] WARN  dropwizard3.Dm3MetricRegistriesImpl (Dm3MetricRegistriesImpl.java:addReporterRegistration(113)) - New reporters are added after registries were created. Some metrics will be missing from the reporter. Please add reporter before adding any new registry.
2024-03-04 13:03:02,455 [main] WARN  server.ServerUtils (ServerUtils.java:getDefaultRatisDirectory(311)) - Storage directory for Ratis is not configured. It is a good idea to map this to an SSD disk. Falling back to ozone.metadata.dirs
2024-03-04 13:03:02,455 [main] INFO  ratis.OzoneManagerRatisServer (OzoneManagerRatisServer.java:<init>(167)) - Instantiating OM Ratis server with groupID: om-service-test1 and peers: localhost:15230, localhost:15222, localhost:15226
2024-03-04 13:03:02,456 [main] INFO  ratis.OzoneManagerStateMachine (OzoneManagerStateMachine.java:loadSnapshotInfoFromDB(575)) - TransactionInfo not found in OM DB.
2024-03-04 13:03:02,456 [main] INFO  server.RaftServer (ConfUtils.java:logGet(46)) - raft.rpc.type = GRPC (default)
2024-03-04 13:03:02,456 [main] INFO  grpc.GrpcConfigKeys (ConfUtils.java:logFallback(53)) - raft.grpc.admin.host = null (fallback to raft.grpc.server.host)
2024-03-04 13:03:02,456 [main] INFO  grpc.GrpcConfigKeys (ConfUtils.java:logFallback(53)) - raft.grpc.admin.port = 15230 (fallback to raft.grpc.server.port)
2024-03-04 13:03:02,456 [main] INFO  grpc.GrpcConfigKeys (ConfUtils.java:logFallback(53)) - raft.grpc.client.host = null (fallback to raft.grpc.server.host)
2024-03-04 13:03:02,457 [main] INFO  grpc.GrpcConfigKeys (ConfUtils.java:logFallback(53)) - raft.grpc.client.port = 15230 (fallback to raft.grpc.server.port)
2024-03-04 13:03:02,457 [main] INFO  grpc.GrpcConfigKeys (ConfUtils.java:logGet(46)) - raft.grpc.server.host = null (default)
2024-03-04 13:03:02,457 [main] INFO  grpc.GrpcConfigKeys (ConfUtils.java:logGet(46)) - raft.grpc.server.port = 15230 (custom)
2024-03-04 13:03:02,457 [main] INFO  server.GrpcService (ConfUtils.java:logGet(46)) - raft.grpc.message.size.max = 4194304 (custom)
2024-03-04 13:03:02,457 [main] INFO  server.RaftServerConfigKeys (ConfUtils.java:logGet(46)) - raft.server.log.appender.buffer.byte-limit = 4194304 (custom)
2024-03-04 13:03:02,457 [main] INFO  server.GrpcService (ConfUtils.java:logGet(46)) - raft.grpc.flow.control.window = 1MB (=1048576) (default)
2024-03-04 13:03:02,458 [main] INFO  server.RaftServerConfigKeys (ConfUtils.java:logGet(46)) - raft.server.rpc.request.timeout = 3000ms (default)
2024-03-04 13:03:02,458 [main] INFO  grpc.GrpcConfigKeys (ConfUtils.java:logGet(46)) - raft.grpc.server.heartbeat.channel = true (default)
2024-03-04 13:03:02,458 [main] INFO  grpc.GrpcConfigKeys (ConfUtils.java:logGet(46)) - raft.grpc.server.async.request.thread.pool.cached = true (default)
2024-03-04 13:03:02,458 [main] INFO  grpc.GrpcConfigKeys (ConfUtils.java:logGet(46)) - raft.grpc.server.async.request.thread.pool.size = 32 (default)
2024-03-04 13:03:02,459 [main] INFO  impl.DataStreamServerImpl (ConfUtils.java:logGet(46)) - raft.datastream.type = DISABLED (default)
2024-03-04 13:03:02,459 [main] INFO  server.RaftServerConfigKeys (ConfUtils.java:logGet(46)) - raft.server.sleep.deviation.threshold = 300ms (default)
2024-03-04 13:03:02,459 [main] INFO  server.RaftServerConfigKeys (ConfUtils.java:logGet(46)) - raft.server.close.threshold = 60s (default)
2024-03-04 13:03:02,459 [main] INFO  server.RaftServerConfigKeys (ConfUtils.java:logGet(46)) - raft.server.leaderelection.leader.step-down.wait-time = 10s (default)
2024-03-04 13:03:02,459 [main] INFO  server.RaftServerConfigKeys (ConfUtils.java:logGet(46)) - raft.server.storage.dir = [/home/runner/work/ozone/ozone/hadoop-ozone/integration-test/target/test-dir/MiniOzoneClusterImpl-a24c3557-08b1-4f8b-a0f8-6c13b4e42376/omNode-3/ratis] (custom)
2024-03-04 13:03:02,460 [main] INFO  server.RaftServerConfigKeys (ConfUtils.java:logGet(46)) - raft.server.threadpool.proxy.cached = true (default)
2024-03-04 13:03:02,460 [main] INFO  server.RaftServerConfigKeys (ConfUtils.java:logGet(46)) - raft.server.threadpool.proxy.size = 0 (default)
2024-03-04 13:03:02,460 [main] INFO  server.RaftServer (RaftServerProxy.java:addNew(100)) - omNode-3: addNew group-523986131536:[omNode-3|localhost:15230, omNode-1|localhost:15222, omNode-2|localhost:15226] returns group-523986131536:java.util.concurrent.CompletableFuture@3db54f1e[Not completed]
2024-03-04 13:03:02,460 [omNode-3-groupManagement] INFO  server.RaftServer$Division (RaftServerImpl.java:<init>(256)) - omNode-3: new RaftServerImpl for group-523986131536:[omNode-3|localhost:15230, omNode-1|localhost:15222, omNode-2|localhost:15226] with OzoneManagerStateMachine:uninitialized
2024-03-04 13:03:02,460 [main] INFO  om.OzoneManager (OzoneManager.java:initializeRatisServer(2140)) - OzoneManager Ratis server initialized at port 15230
2024-03-04 13:03:02,460 [omNode-3-groupManagement] INFO  server.RaftServerConfigKeys (ConfUtils.java:logGet(46)) - raft.server.rpc.timeout.min = 1s (custom)
2024-03-04 13:03:02,460 [main] INFO  om.OzoneManager (OzoneManager.java:getRpcServer(1206)) - Creating RPC Server
2024-03-04 13:03:02,460 [omNode-3-groupManagement] INFO  server.RaftServerConfigKeys (ConfUtils.java:logGet(46)) - raft.server.rpc.timeout.max = 1200ms (custom)
2024-03-04 13:03:02,461 [omNode-3-groupManagement] INFO  server.RaftServerConfigKeys (ConfUtils.java:logGet(46)) - raft.server.rpc.sleep.time = 25ms (default)
2024-03-04 13:03:02,461 [omNode-3-groupManagement] INFO  server.RaftServerConfigKeys (ConfUtils.java:logGet(46)) - raft.server.rpc.slowness.timeout = 2s (custom)
2024-03-04 13:03:02,461 [omNode-3-groupManagement] INFO  server.RaftServerConfigKeys (ConfUtils.java:logGet(46)) - raft.server.leaderelection.leader.step-down.wait-time = 10s (default)
2024-03-04 13:03:02,461 [omNode-3-groupManagement] INFO  server.RaftServerConfigKeys (ConfUtils.java:logGet(46)) - raft.server.leaderelection.member.majority-add = false (default)
2024-03-04 13:03:02,461 [omNode-3-groupManagement] INFO  server.RaftServerConfigKeys (ConfUtils.java:logGet(46)) - raft.server.sleep.deviation.threshold = 300ms (default)
2024-03-04 13:03:02,461 [omNode-3-groupManagement] INFO  server.RaftServer$Division (ServerState.java:<init>(113)) - omNode-3@group-523986131536: ConfigurationManager, init=-1: peers:[omNode-3|localhost:15230, omNode-1|localhost:15222, omNode-2|localhost:15226]|listeners:[], old=null, confs=<EMPTY_MAP>
2024-03-04 13:03:02,461 [omNode-3-groupManagement] INFO  server.RaftServerConfigKeys (ConfUtils.java:logGet(46)) - raft.server.notification.no-leader.timeout = 2s (custom)
2024-03-04 13:03:02,461 [omNode-3-groupManagement] INFO  server.RaftServerConfigKeys (ConfUtils.java:logGet(46)) - raft.server.read.timeout = 10s (default)
2024-03-04 13:03:02,461 [omNode-3-groupManagement] INFO  server.RaftServerConfigKeys (ConfUtils.java:logGet(46)) - raft.server.retrycache.expirytime = 30000ms (custom)
2024-03-04 13:03:02,461 [omNode-3-groupManagement] INFO  server.RaftServerConfigKeys (ConfUtils.java:logGet(46)) - raft.server.retrycache.statistics.expirytime = 100ms (default)
2024-03-04 13:03:02,461 [omNode-3-groupManagement] INFO  server.RaftServerConfigKeys (ConfUtils.java:logGet(46)) - raft.server.read.option = DEFAULT (default)
2024-03-04 13:03:02,461 [omNode-3-groupManagement] INFO  server.RaftServerConfigKeys (ConfUtils.java:logGet(46)) - raft.server.read.read-after-write-consistent.write-index-cache.expiry-time = 60s (default)
2024-03-04 13:03:02,462 [omNode-3-groupManagement] INFO  server.RaftServerConfigKeys (ConfUtils.java:logGet(46)) - raft.server.rpc.request.timeout = 3000ms (default)
2024-03-04 13:03:02,462 [omNode-3-groupManagement] INFO  server.RaftServerConfigKeys (ConfUtils.java:logGet(46)) - raft.server.log.appender.install.snapshot.enabled = false (custom)
2024-03-04 13:03:02,462 [omNode-3-groupManagement] INFO  server.RaftServerConfigKeys (ConfUtils.java:logGet(46)) - raft.server.threadpool.server.cached = true (default)
2024-03-04 13:03:02,462 [omNode-3-groupManagement] INFO  server.RaftServerConfigKeys (ConfUtils.java:logGet(46)) - raft.server.threadpool.server.size = 0 (default)
2024-03-04 13:03:02,463 [omNode-3-groupManagement] INFO  server.RaftServerConfigKeys (ConfUtils.java:logGet(46)) - raft.server.threadpool.client.cached = true (default)
2024-03-04 13:03:02,463 [omNode-3-groupManagement] INFO  server.RaftServerConfigKeys (ConfUtils.java:logGet(46)) - raft.server.threadpool.client.size = 0 (default)
2024-03-04 13:03:02,637 [main] INFO  ipc.CallQueueManager (CallQueueManager.java:<init>(90)) - Using callQueue: class java.util.concurrent.LinkedBlockingQueue, queueCapacity: 2000, scheduler: class org.apache.hadoop.ipc.DefaultRpcScheduler, ipcBackoff: false.
2024-03-04 13:03:02,637 [main] INFO  ipc.Server (Server.java:<init>(1287)) - Listener at 127.0.0.1:15227
2024-03-04 13:03:02,637 [Socket Reader #1 for port 15227] INFO  ipc.Server (Server.java:run(1323)) - Starting Socket Reader #1 for port 15227
2024-03-04 13:03:02,650 [main] INFO  impl.MetricsSystemImpl (MetricsSystemImpl.java:init(158)) - OzoneManager metrics system started (again)
2024-03-04 13:03:02,657 [main] INFO  om.OzoneManager (OzoneManager.java:start(1628)) - OzoneManager RPC server is listening at localhost/127.0.0.1:15227
2024-03-04 13:03:02,657 [main] INFO  ratis.OzoneManagerRatisServer (OzoneManagerRatisServer.java:start(588)) - Starting OzoneManagerRatisServer omNode-3 at port 15230
2024-03-04 13:03:02,657 [omNode-3-impl-thread1] INFO  server.RaftServerConfigKeys (ConfUtils.java:logGet(46)) - raft.server.storage.free-space.min = 0MB (=0) (default)
2024-03-04 13:03:02,658 [omNode-3-impl-thread1] INFO  server.RaftServerConfigKeys (ConfUtils.java:logGet(46)) - raft.server.log.corruption.policy = EXCEPTION (default)
2024-03-04 13:03:02,658 [omNode-3-impl-thread1] INFO  server.RaftServerConfigKeys (ConfUtils.java:logGet(46)) - raft.server.storage.dir = [/home/runner/work/ozone/ozone/hadoop-ozone/integration-test/target/test-dir/MiniOzoneClusterImpl-a24c3557-08b1-4f8b-a0f8-6c13b4e42376/omNode-3/ratis] (custom)
2024-03-04 13:03:02,658 [omNode-3-impl-thread1] INFO  storage.RaftStorageDirectory (RaftStorageDirectoryImpl.java:analyzeStorage(138)) - The storage directory /home/runner/work/ozone/ozone/hadoop-ozone/integration-test/target/test-dir/MiniOzoneClusterImpl-a24c3557-08b1-4f8b-a0f8-6c13b4e42376/omNode-3/ratis/c9bc4cf4-3bc3-3c60-a66b-523986131536 does not exist. Creating ...
2024-03-04 13:03:02,659 [omNode-3-impl-thread1] INFO  storage.RaftStorageDirectory (RaftStorageDirectoryImpl.java:tryLock(228)) - Lock on /home/runner/work/ozone/ozone/hadoop-ozone/integration-test/target/test-dir/MiniOzoneClusterImpl-a24c3557-08b1-4f8b-a0f8-6c13b4e42376/omNode-3/ratis/c9bc4cf4-3bc3-3c60-a66b-523986131536/in_use.lock acquired by nodename 41993@fv-az571-795
2024-03-04 13:03:02,660 [omNode-3-impl-thread1] INFO  storage.RaftStorage (RaftStorageImpl.java:format(99)) - Storage directory /home/runner/work/ozone/ozone/hadoop-ozone/integration-test/target/test-dir/MiniOzoneClusterImpl-a24c3557-08b1-4f8b-a0f8-6c13b4e42376/omNode-3/ratis/c9bc4cf4-3bc3-3c60-a66b-523986131536 has been successfully formatted.
2024-03-04 13:03:02,660 [omNode-3-impl-thread1] WARN  util.FileUtils (LogUtils.java:supplyAndLog(63)) - Failed to Files.newInputStream /home/runner/work/ozone/ozone/hadoop-ozone/integration-test/target/test-dir/MiniOzoneClusterImpl-a24c3557-08b1-4f8b-a0f8-6c13b4e42376/omNode-3/ratis/c9bc4cf4-3bc3-3c60-a66b-523986131536/current/raft-meta.conf with options []: java.nio.file.NoSuchFileException: /home/runner/work/ozone/ozone/hadoop-ozone/integration-test/target/test-dir/MiniOzoneClusterImpl-a24c3557-08b1-4f8b-a0f8-6c13b4e42376/omNode-3/ratis/c9bc4cf4-3bc3-3c60-a66b-523986131536/current/raft-meta.conf
2024-03-04 13:03:02,660 [omNode-3-impl-thread1] INFO  server.RaftServerConfigKeys (ConfUtils.java:logGet(46)) - raft.server.log.use.memory = false (default)
2024-03-04 13:03:02,660 [omNode-3-impl-thread1] INFO  server.RaftServerConfigKeys (ConfUtils.java:logGet(46)) - raft.server.log.purge.gap = 50 (custom)
2024-03-04 13:03:02,660 [omNode-3-impl-thread1] INFO  server.RaftServerConfigKeys (ConfUtils.java:logGet(46)) - raft.server.log.appender.buffer.byte-limit = 4194304 (custom)
2024-03-04 13:03:02,660 [omNode-3-impl-thread1] INFO  server.RaftServerConfigKeys (ConfUtils.java:logGet(46)) - raft.server.log.statemachine.data.read.timeout = 1000ms (default)
2024-03-04 13:03:02,660 [omNode-3-impl-thread1] INFO  server.RaftServerConfigKeys (ConfUtils.java:logGet(46)) - raft.server.log.purge.preservation.log.num = 0 (default)
2024-03-04 13:03:02,661 [omNode-3-impl-thread1] INFO  server.RaftServerConfigKeys (ConfUtils.java:logGet(46)) - raft.server.log.segment.size.max = 4194304 (custom)
2024-03-04 13:03:02,661 [omNode-3-impl-thread1] INFO  server.RaftServerConfigKeys (ConfUtils.java:logGet(46)) - raft.server.log.segment.cache.num.max = 2 (custom)
2024-03-04 13:03:02,661 [omNode-3-impl-thread1] INFO  server.RaftServerConfigKeys (ConfUtils.java:logGet(46)) - raft.server.log.segment.cache.size.max = 200MB (=209715200) (default)
2024-03-04 13:03:02,661 [omNode-3-impl-thread1] INFO  server.RaftServerConfigKeys (ConfUtils.java:logGet(46)) - raft.server.log.appender.buffer.byte-limit = 4194304 (custom)
2024-03-04 13:03:02,661 [omNode-3-impl-thread1] INFO  util.AwaitToRun (AwaitToRun.java:start(81)) - Thread[omNode-3@group-523986131536-cacheEviction-AwaitToRun,5,main] started
2024-03-04 13:03:02,661 [omNode-3-impl-thread1] INFO  segmented.SegmentedRaftLogWorker (SegmentedRaftLogWorker.java:<init>(182)) - new omNode-3@group-523986131536-SegmentedRaftLogWorker for RaftStorageImpl:Storage Directory /home/runner/work/ozone/ozone/hadoop-ozone/integration-test/target/test-dir/MiniOzoneClusterImpl-a24c3557-08b1-4f8b-a0f8-6c13b4e42376/omNode-3/ratis/c9bc4cf4-3bc3-3c60-a66b-523986131536
2024-03-04 13:03:02,661 [omNode-3-impl-thread1] INFO  server.RaftServerConfigKeys (ConfUtils.java:logGet(46)) - raft.server.log.queue.byte-limit = 64MB (=67108864) (default)
2024-03-04 13:03:02,661 [omNode-3-impl-thread1] INFO  server.RaftServerConfigKeys (ConfUtils.java:logGet(46)) - raft.server.log.queue.element-limit = 4096 (default)
2024-03-04 13:03:02,661 [omNode-3-impl-thread1] INFO  server.RaftServerConfigKeys (ConfUtils.java:logGet(46)) - raft.server.log.segment.size.max = 4194304 (custom)
2024-03-04 13:03:02,661 [omNode-3-impl-thread1] INFO  server.RaftServerConfigKeys (ConfUtils.java:logGet(46)) - raft.server.log.preallocated.size = 4194304 (custom)
2024-03-04 13:03:02,661 [omNode-3-impl-thread1] INFO  server.RaftServerConfigKeys (ConfUtils.java:logGet(46)) - raft.server.log.force.sync.num = 128 (default)
2024-03-04 13:03:02,661 [omNode-3-impl-thread1] INFO  server.RaftServerConfigKeys (ConfUtils.java:logGet(46)) - raft.server.log.statemachine.data.sync = true (default)
2024-03-04 13:03:02,661 [omNode-3-impl-thread1] INFO  server.RaftServerConfigKeys (ConfUtils.java:logGet(46)) - raft.server.log.statemachine.data.sync.timeout = 10s (default)
2024-03-04 13:03:02,661 [omNode-3-impl-thread1] INFO  server.RaftServerConfigKeys (ConfUtils.java:logGet(46)) - raft.server.log.statemachine.data.sync.timeout.retry = -1 (default)
2024-03-04 13:03:02,663 [omNode-3-impl-thread1] INFO  server.RaftServerConfigKeys (ConfUtils.java:logGet(46)) - raft.server.log.write.buffer.size = 4194312 (custom)
2024-03-04 13:03:02,664 [omNode-3-impl-thread1] INFO  server.RaftServerConfigKeys (ConfUtils.java:logGet(46)) - raft.server.log.appender.buffer.byte-limit = 4194304 (custom)
2024-03-04 13:03:02,664 [omNode-3-impl-thread1] INFO  server.RaftServerConfigKeys (ConfUtils.java:logGet(46)) - raft.server.log.unsafe-flush.enabled = false (default)
2024-03-04 13:03:02,664 [omNode-3-impl-thread1] INFO  server.RaftServerConfigKeys (ConfUtils.java:logGet(46)) - raft.server.log.async-flush.enabled = false (default)
2024-03-04 13:03:02,664 [omNode-3-impl-thread1] INFO  server.RaftServerConfigKeys (ConfUtils.java:logGet(46)) - raft.server.log.statemachine.data.caching.enabled = false (default)
2024-03-04 13:03:02,665 [omNode-3-impl-thread1] INFO  segmented.SegmentedRaftLogWorker (SegmentedRaftLogWorker.java:lambda$new$0(134)) - omNode-3@group-523986131536-SegmentedRaftLogWorker: flushIndex: setUnconditionally 0 -> -1
2024-03-04 13:03:02,665 [omNode-3-impl-thread1] INFO  segmented.SegmentedRaftLogWorker (SegmentedRaftLogWorker.java:lambda$new$0(134)) - omNode-3@group-523986131536-SegmentedRaftLogWorker: safeCacheEvictIndex: setUnconditionally 0 -> -1
2024-03-04 13:03:02,665 [omNode-3-impl-thread1] INFO  server.RaftServer$Division (RaftServerImpl.java:start(396)) - omNode-3@group-523986131536: start as a follower, conf=-1: peers:[omNode-3|localhost:15230, omNode-1|localhost:15222, omNode-2|localhost:15226]|listeners:[], old=null
2024-03-04 13:03:02,665 [omNode-3-impl-thread1] INFO  server.RaftServer$Division (RaftServerImpl.java:setRole(383)) - omNode-3@group-523986131536: changes role from      null to FOLLOWER at term 0 for startAsFollower
2024-03-04 13:03:02,665 [omNode-3-impl-thread1] INFO  impl.RoleInfo (RoleInfo.java:updateAndGet(139)) - omNode-3: start omNode-3@group-523986131536-FollowerState
2024-03-04 13:03:02,665 [omNode-3-impl-thread1] INFO  util.JmxRegister (JmxRegister.java:tryRegister(44)) - Successfully registered JMX Bean with object name Ratis:service=RaftServer,group=group-523986131536,id=omNode-3
2024-03-04 13:03:02,665 [omNode-3-impl-thread1] INFO  server.RaftServerConfigKeys (ConfUtils.java:logGet(46)) - raft.server.snapshot.trigger-when-stop.enabled = true (default)
2024-03-04 13:03:02,665 [omNode-3-impl-thread1] INFO  server.RaftServerConfigKeys (ConfUtils.java:logGet(46)) - raft.server.snapshot.auto.trigger.enabled = true (custom)
2024-03-04 13:03:02,665 [omNode-3-impl-thread1] INFO  server.RaftServerConfigKeys (ConfUtils.java:logGet(46)) - raft.server.snapshot.auto.trigger.threshold = 50 (custom)
2024-03-04 13:03:02,665 [omNode-3-impl-thread1] INFO  server.RaftServerConfigKeys (ConfUtils.java:logGet(46)) - raft.server.snapshot.retention.file.num = -1 (default)
2024-03-04 13:03:02,665 [omNode-3-impl-thread1] INFO  server.RaftServerConfigKeys (ConfUtils.java:logGet(46)) - raft.server.log.purge.upto.snapshot.index = true (custom)
2024-03-04 13:03:02,666 [main] INFO  server.RaftServer (RaftServerProxy.java:startImpl(406)) - omNode-3: start RPC server
2024-03-04 13:03:02,666 [omNode-3@group-523986131536-FollowerState] INFO  server.RaftServerConfigKeys (ConfUtils.java:logFallback(53)) - raft.server.rpc.first-election.timeout.min = 1s (fallback to raft.server.rpc.timeout.min)
2024-03-04 13:03:02,667 [main] INFO  server.GrpcService (GrpcService.java:startImpl(302)) - omNode-3: GrpcService started, listening on 15230
2024-03-04 13:03:02,667 [omNode-3@group-523986131536-FollowerState] INFO  server.RaftServerConfigKeys (ConfUtils.java:logFallback(53)) - raft.server.rpc.first-election.timeout.max = 1200ms (fallback to raft.server.rpc.timeout.max)
2024-03-04 13:03:02,667 [JvmPauseMonitor62] INFO  util.JvmPauseMonitor (JvmPauseMonitor.java:run(146)) - JvmPauseMonitor-omNode-3: Started
2024-03-04 13:03:02,668 [main] INFO  om.OzoneManager (OzoneManager.java:start(1644)) - Version File has different layout version (6) than OM DB (null). That is expected if this OM has never been finalized to a newer layout version.
2024-03-04 13:03:02,670 [main] INFO  http.BaseHttpServer (BaseHttpServer.java:newHttpServer2BuilderForOzone(223)) - Starting Web-server for ozoneManager at: http://0.0.0.0:15228
2024-03-04 13:03:02,670 [main] INFO  http.BaseHttpServer (BaseHttpServer.java:<init>(110)) - Hadoop Security Enabled: false Ozone Security Enabled: false Ozone HTTP Security Enabled: false 
2024-03-04 13:03:02,671 [main] WARN  server.AuthenticationFilter (AuthenticationFilter.java:constructSecretProvider(240)) - Unable to initialize FileSignerSecretProvider, falling back to use random secrets. Reason: Could not read signature secret file: /home/runner/hadoop-http-auth-signature-secret
2024-03-04 13:03:02,673 [main] INFO  http.HttpRequestLog (HttpRequestLog.java:getRequestLog(86)) - Http request log for http.requests.ozoneManager is not defined
2024-03-04 13:03:02,674 [main] INFO  http.HttpServer2 (HttpServer2.java:addGlobalFilter(1036)) - Added global filter 'safety' (class=org.apache.hadoop.hdds.server.http.HttpServer2$QuotingInputFilter)
2024-03-04 13:03:02,675 [main] INFO  http.HttpServer2 (HttpServer2.java:addFilter(1012)) - Added filter static_user_filter (class=org.apache.hadoop.http.lib.StaticUserWebFilter$StaticUserFilter) to context ozoneManager
2024-03-04 13:03:02,675 [main] INFO  http.HttpServer2 (HttpServer2.java:addFilter(1020)) - Added filter static_user_filter (class=org.apache.hadoop.http.lib.StaticUserWebFilter$StaticUserFilter) to context logs
2024-03-04 13:03:02,675 [main] INFO  http.HttpServer2 (HttpServer2.java:addFilter(1020)) - Added filter static_user_filter (class=org.apache.hadoop.http.lib.StaticUserWebFilter$StaticUserFilter) to context static
2024-03-04 13:03:02,675 [main] INFO  http.BaseHttpServer (BaseHttpServer.java:<init>(189)) - HTTP server of ozoneManager uses base directory /home/runner/work/ozone/ozone/hadoop-ozone/integration-test/target/test-dir/MiniOzoneClusterImpl-a24c3557-08b1-4f8b-a0f8-6c13b4e42376/omNode-3/webserver
2024-03-04 13:03:02,675 [main] INFO  http.HttpServer2 (HttpServer2.java:bindListener(1236)) - Jetty bound to port 15228
2024-03-04 13:03:02,676 [main] INFO  server.Server (Server.java:doStart(375)) - jetty-9.4.53.v20231009; built: 2023-10-09T12:29:09.265Z; git: 27bde00a0b95a1d5bbee0eae7984f891d2d0f8c9; jvm 1.8.0_402-b06
2024-03-04 13:03:02,679 [main] INFO  server.session (DefaultSessionIdManager.java:doStart(334)) - DefaultSessionIdManager workerName=node0
2024-03-04 13:03:02,679 [main] INFO  server.session (DefaultSessionIdManager.java:doStart(339)) - No SessionScavenger set, using defaults
2024-03-04 13:03:02,679 [main] INFO  server.session (HouseKeeper.java:startScavenging(132)) - node0 Scavenging every 600000ms
2024-03-04 13:03:02,681 [main] INFO  handler.ContextHandler (ContextHandler.java:doStart(921)) - Started o.e.j.s.ServletContextHandler@2d40e440{logs,/logs,file:///home/runner/work/ozone/ozone/hadoop-ozone/integration-test/target/log,AVAILABLE}
2024-03-04 13:03:02,681 [main] INFO  handler.ContextHandler (ContextHandler.java:doStart(921)) - Started o.e.j.s.ServletContextHandler@4de042ec{static,/static,file:///home/runner/work/ozone/ozone/hadoop-ozone/integration-test/target/test-classes/webapps/static,AVAILABLE}
2024-03-04 13:03:02,683 [main] INFO  handler.ContextHandler (ContextHandler.java:doStart(921)) - Started o.e.j.w.WebAppContext@685fa133{ozoneManager,/,file:///home/runner/work/ozone/ozone/hadoop-ozone/integration-test/target/test-classes/webapps/ozoneManager/,AVAILABLE}{file:/home/runner/work/ozone/ozone/hadoop-ozone/integration-test/target/test-classes/webapps/ozoneManager}
2024-03-04 13:03:02,684 [main] INFO  server.AbstractConnector (AbstractConnector.java:doStart(333)) - Started ServerConnector@7c30ad67{HTTP/1.1, (http/1.1)}{0.0.0.0:15228}
2024-03-04 13:03:02,684 [main] INFO  server.Server (Server.java:doStart(415)) - Started @678268ms
2024-03-04 13:03:02,685 [main] WARN  impl.MetricsSystemImpl (MetricsSystemImpl.java:register(279)) - Sink prometheus already exists!
2024-03-04 13:03:02,685 [main] INFO  http.BaseHttpServer (BaseHttpServer.java:updateConnectorAddress(354)) - HTTP server of ozoneManager listening at http://0.0.0.0:15228
2024-03-04 13:03:02,686 [IPC Server Responder] INFO  ipc.Server (Server.java:run(1562)) - IPC Server Responder: starting
2024-03-04 13:03:02,686 [IPC Server listener on 15227] INFO  ipc.Server (Server.java:run(1402)) - IPC Server listener on 15227: starting
2024-03-04 13:03:02,688 [main] INFO  om.OzoneManager (OzoneManager.java:startTrashEmptier(2093)) - Trash Interval set to 0. Files deleted won't move to trash
2024-03-04 13:03:02,688 [main] INFO  ozone.MiniOzoneHAClusterImpl (MiniOzoneHAClusterImpl.java:createOMService(516)) - Started OzoneManager omNode-3 RPC server at localhost/127.0.0.1:15227
2024-03-04 13:03:02,695 [main] WARN  dropwizard3.Dm3MetricRegistriesImpl (Dm3MetricRegistriesImpl.java:addReporterRegistration(113)) - New reporters are added after registries were created. Some metrics will be missing from the reporter. Please add reporter before adding any new registry.
2024-03-04 13:03:02,695 [main] WARN  dropwizard3.Dm3MetricRegistriesImpl (Dm3MetricRegistriesImpl.java:addReporterRegistration(113)) - New reporters are added after registries were created. Some metrics will be missing from the reporter. Please add reporter before adding any new registry.
2024-03-04 13:03:02,696 [main] INFO  impl.MetricsSystemImpl (MetricsSystemImpl.java:init(158)) - HddsDatanode metrics system started (again)
2024-03-04 13:03:02,706 [main] INFO  ozone.HddsDatanodeService (HddsDatanodeService.java:start(240)) - HddsDatanodeService host:fv-az571-795.sssw3dgiwi1e5jwxh1zizygaca.bx.internal.cloudapp.net ip:10.1.0.12
2024-03-04 13:03:02,725 [main] INFO  upgrade.AbstractLayoutVersionManager (AbstractLayoutVersionManager.java:init(83)) - Initializing Layout version manager with metadata layout = HADOOP_PRC_PORTS_IN_DATANODEDETAILS (version = 7), software layout = HADOOP_PRC_PORTS_IN_DATANODEDETAILS (version = 7)
2024-03-04 13:03:02,725 [main] INFO  statemachine.DatanodeStateMachine (DatanodeStateMachine.java:getEndPointTaskThreadPoolSize(299)) - Datanode State Machine Task Thread Pool size 2
2024-03-04 13:03:02,726 [main] INFO  volume.HddsVolume (HddsVolume.java:<init>(125)) - Creating HddsVolume: /home/runner/work/ozone/ozone/hadoop-ozone/integration-test/target/test-dir/MiniOzoneClusterImpl-a24c3557-08b1-4f8b-a0f8-6c13b4e42376/ozone-meta/datanode-1/data-0/hdds of storage type : DISK capacity : 9223372036854775807
2024-03-04 13:03:02,726 [main] INFO  volume.MutableVolumeSet (MutableVolumeSet.java:initializeVolumeSet(173)) - Added Volume : /home/runner/work/ozone/ozone/hadoop-ozone/integration-test/target/test-dir/MiniOzoneClusterImpl-a24c3557-08b1-4f8b-a0f8-6c13b4e42376/ozone-meta/datanode-1/data-0/hdds to VolumeSet
2024-03-04 13:03:02,727 [main] INFO  volume.MutableVolumeSet (MutableVolumeSet.java:initializeVolumeSet(173)) - Added Volume : /home/runner/work/ozone/ozone/hadoop-ozone/integration-test/target/test-dir/MiniOzoneClusterImpl-a24c3557-08b1-4f8b-a0f8-6c13b4e42376/ozone-meta/datanode-1/ratis to VolumeSet
2024-03-04 13:03:02,727 [main] INFO  ozoneimpl.OzoneContainer (HddsVolumeUtil.java:loadAllHddsVolumeDbStore(103)) - Load 1 volumes DbStore cost: 0ms
2024-03-04 13:03:02,729 [main] INFO  server.RaftServer (ConfUtils.java:logGet(46)) - raft.rpc.type = GRPC (default)
2024-03-04 13:03:02,729 [main] INFO  grpc.GrpcConfigKeys (ConfUtils.java:logFallback(53)) - raft.grpc.admin.host = null (fallback to raft.grpc.server.host)
2024-03-04 13:03:02,729 [main] INFO  grpc.GrpcConfigKeys (ConfUtils.java:logGet(46)) - raft.grpc.admin.port = 15236 (custom)
2024-03-04 13:03:02,729 [main] INFO  grpc.GrpcConfigKeys (ConfUtils.java:logFallback(53)) - raft.grpc.client.host = null (fallback to raft.grpc.server.host)
2024-03-04 13:03:02,729 [main] INFO  grpc.GrpcConfigKeys (ConfUtils.java:logGet(46)) - raft.grpc.client.port = 15235 (custom)
2024-03-04 13:03:02,730 [main] INFO  grpc.GrpcConfigKeys (ConfUtils.java:logGet(46)) - raft.grpc.server.host = null (default)
2024-03-04 13:03:02,730 [main] INFO  grpc.GrpcConfigKeys (ConfUtils.java:logGet(46)) - raft.grpc.server.port = 15237 (custom)
2024-03-04 13:03:02,730 [main] INFO  server.GrpcService (ConfUtils.java:logGet(46)) - raft.grpc.message.size.max = 32MB (=33554432) (custom)
2024-03-04 13:03:02,730 [main] INFO  server.RaftServerConfigKeys (ConfUtils.java:logGet(46)) - raft.server.log.appender.buffer.byte-limit = 8388608 (custom)
2024-03-04 13:03:02,730 [main] INFO  server.GrpcService (ConfUtils.java:logGet(46)) - raft.grpc.flow.control.window = 5MB (=5242880) (custom)
2024-03-04 13:03:02,730 [main] INFO  server.RaftServerConfigKeys (ConfUtils.java:logGet(46)) - raft.server.rpc.request.timeout = 60s (custom)
2024-03-04 13:03:02,730 [main] INFO  grpc.GrpcConfigKeys (ConfUtils.java:logGet(46)) - raft.grpc.server.heartbeat.channel = true (default)
2024-03-04 13:03:02,730 [main] INFO  grpc.GrpcConfigKeys (ConfUtils.java:logGet(46)) - raft.grpc.server.async.request.thread.pool.cached = true (default)
2024-03-04 13:03:02,730 [main] INFO  grpc.GrpcConfigKeys (ConfUtils.java:logGet(46)) - raft.grpc.server.async.request.thread.pool.size = 32 (default)
2024-03-04 13:03:02,732 [main] INFO  impl.DataStreamServerImpl (ConfUtils.java:logGet(46)) - raft.datastream.type = NETTY (custom)
2024-03-04 13:03:02,732 [main] INFO  server.RaftServerConfigKeys (ConfUtils.java:logGet(46)) - raft.server.data-stream.async.request.thread.pool.cached = false (default)
2024-03-04 13:03:02,733 [main] INFO  server.RaftServerConfigKeys (ConfUtils.java:logGet(46)) - raft.server.data-stream.async.request.thread.pool.size = 20 (custom)
2024-03-04 13:03:02,733 [main] INFO  server.RaftServerConfigKeys (ConfUtils.java:logGet(46)) - raft.server.data-stream.async.write.thread.pool.size = 16 (default)
2024-03-04 13:03:02,733 [main] INFO  netty.NettyConfigKeys$DataStream (ConfUtils.java:logGet(46)) - raft.netty.dataStream.server.channel.inactive.grace-period = 10min (default)
2024-03-04 13:03:02,733 [main] INFO  server.RaftServerConfigKeys (ConfUtils.java:logGet(46)) - raft.server.data-stream.client.pool.size = 10 (default)
2024-03-04 13:03:02,733 [main] INFO  netty.NettyConfigKeys$DataStream (ConfUtils.java:logGet(46)) - raft.netty.dataStream.server.use-epoll = true (default)
2024-03-04 13:03:02,733 [main] INFO  netty.NettyConfigKeys$DataStream (ConfUtils.java:logGet(46)) - raft.netty.dataStream.server.boss-group.size = 0 (default)
2024-03-04 13:03:02,733 [main] INFO  netty.NettyUtils (NettyUtils.java:newEventLoopGroup(69)) - Create EpollEventLoopGroup for 6f4eae97-3d37-4aee-9d11-cbcb461265bf-NettyServerStreamRpc-bossGroup; Thread size is 0.
2024-03-04 13:03:02,734 [main] INFO  netty.NettyConfigKeys$DataStream (ConfUtils.java:logGet(46)) - raft.netty.dataStream.server.worker-group.size = 0 (default)
2024-03-04 13:03:02,734 [main] INFO  netty.NettyUtils (NettyUtils.java:newEventLoopGroup(69)) - Create EpollEventLoopGroup for 6f4eae97-3d37-4aee-9d11-cbcb461265bf-NettyServerStreamRpc-workerGroup; Thread size is 0.
2024-03-04 13:03:02,734 [main] INFO  netty.NettyConfigKeys$DataStream (ConfUtils.java:logGet(46)) - raft.netty.dataStream.server.tls.conf = null (default)
2024-03-04 13:03:02,734 [main] INFO  netty.NettyConfigKeys$DataStream (ConfUtils.java:logGet(46)) - raft.netty.dataStream.host = null (default)
2024-03-04 13:03:02,734 [main] INFO  netty.NettyConfigKeys$DataStream (ConfUtils.java:logGet(46)) - raft.netty.dataStream.port = 15238 (custom)
2024-03-04 13:03:02,735 [main] INFO  server.RaftServerConfigKeys (ConfUtils.java:logGet(46)) - raft.server.sleep.deviation.threshold = 300ms (default)
2024-03-04 13:03:02,735 [main] INFO  server.RaftServerConfigKeys (ConfUtils.java:logGet(46)) - raft.server.close.threshold = 60s (default)
2024-03-04 13:03:02,735 [main] INFO  server.RaftServerConfigKeys (ConfUtils.java:logGet(46)) - raft.server.leaderelection.leader.step-down.wait-time = 10s (default)
2024-03-04 13:03:02,735 [6f4eae97-3d37-4aee-9d11-cbcb461265bf-NettyServerStreamRpc-bossGroup--thread1] INFO  logging.LoggingHandler (AbstractInternalLogger.java:log(148)) - [id: 0xcb5ea2ce] REGISTERED
2024-03-04 13:03:02,735 [main] INFO  server.RaftServerConfigKeys (ConfUtils.java:logGet(46)) - raft.server.storage.dir = [/home/runner/work/ozone/ozone/hadoop-ozone/integration-test/target/test-dir/MiniOzoneClusterImpl-a24c3557-08b1-4f8b-a0f8-6c13b4e42376/ozone-meta/datanode-1/ratis] (custom)
2024-03-04 13:03:02,735 [6f4eae97-3d37-4aee-9d11-cbcb461265bf-NettyServerStreamRpc-bossGroup--thread1] INFO  logging.LoggingHandler (AbstractInternalLogger.java:log(148)) - [id: 0xcb5ea2ce] BIND: 0.0.0.0/0.0.0.0:15238
2024-03-04 13:03:02,735 [main] INFO  server.RaftServerConfigKeys (ConfUtils.java:logGet(46)) - raft.server.threadpool.proxy.cached = true (default)
2024-03-04 13:03:02,735 [main] INFO  server.RaftServerConfigKeys (ConfUtils.java:logGet(46)) - raft.server.threadpool.proxy.size = 0 (default)
2024-03-04 13:03:02,735 [6f4eae97-3d37-4aee-9d11-cbcb461265bf-NettyServerStreamRpc-bossGroup--thread1] INFO  logging.LoggingHandler (AbstractInternalLogger.java:log(148)) - [id: 0xcb5ea2ce, L:/0.0.0.0:15238] ACTIVE
2024-03-04 13:03:02,736 [6f4eae97-3d37-4aee-9d11-cbcb461265bf-impl-thread1] INFO  server.RaftServer (RaftServerProxy.java:initGroupDir(264)) - 6f4eae97-3d37-4aee-9d11-cbcb461265bf: found a subdirectory /home/runner/work/ozone/ozone/hadoop-ozone/integration-test/target/test-dir/MiniOzoneClusterImpl-a24c3557-08b1-4f8b-a0f8-6c13b4e42376/ozone-meta/datanode-1/ratis/tmp
2024-03-04 13:03:02,736 [6f4eae97-3d37-4aee-9d11-cbcb461265bf-impl-thread1] INFO  server.RaftServer (RaftServerProxy.java:initGroupDir(269)) - 6f4eae97-3d37-4aee-9d11-cbcb461265bf: The directory /home/runner/work/ozone/ozone/hadoop-ozone/integration-test/target/test-dir/MiniOzoneClusterImpl-a24c3557-08b1-4f8b-a0f8-6c13b4e42376/ozone-meta/datanode-1/ratis/tmp is not a group directory; ignoring it. 
2024-03-04 13:03:02,736 [main] INFO  replication.ReplicationServer (ReplicationServer.java:<init>(86)) - Initializing replication server with thread count = 10 queue length = 4096
2024-03-04 13:03:02,736 [main] INFO  server.XceiverServerGrpc (XceiverServerGrpc.java:<init>(141)) - GrpcServer channel type EpollServerSocketChannel
2024-03-04 13:03:02,738 [main] INFO  replication.ReplicationSupervisor (ReplicationSupervisor.java:build(163)) - Initializing replication supervisor with thread count = 10
2024-03-04 13:03:02,738 [main] INFO  replication.ReplicationSupervisor (ReplicationSupervisor.java:nodeStateUpdated(317)) - Node state updated to IN_SERVICE, scaling executor pool size to 10
2024-03-04 13:03:02,740 [main] INFO  http.BaseHttpServer (BaseHttpServer.java:newHttpServer2BuilderForOzone(223)) - Starting Web-server for hddsDatanode at: http://0.0.0.0:15232
2024-03-04 13:03:02,741 [main] INFO  http.BaseHttpServer (BaseHttpServer.java:<init>(110)) - Hadoop Security Enabled: false Ozone Security Enabled: false Ozone HTTP Security Enabled: false 
2024-03-04 13:03:02,741 [main] WARN  server.AuthenticationFilter (AuthenticationFilter.java:constructSecretProvider(240)) - Unable to initialize FileSignerSecretProvider, falling back to use random secrets. Reason: Could not read signature secret file: /home/runner/hadoop-http-auth-signature-secret
2024-03-04 13:03:02,742 [main] INFO  http.HttpRequestLog (HttpRequestLog.java:getRequestLog(86)) - Http request log for http.requests.hddsDatanode is not defined
2024-03-04 13:03:02,743 [main] INFO  http.HttpServer2 (HttpServer2.java:addGlobalFilter(1036)) - Added global filter 'safety' (class=org.apache.hadoop.hdds.server.http.HttpServer2$QuotingInputFilter)
2024-03-04 13:03:02,743 [main] INFO  http.HttpServer2 (HttpServer2.java:addFilter(1012)) - Added filter static_user_filter (class=org.apache.hadoop.http.lib.StaticUserWebFilter$StaticUserFilter) to context hddsDatanode
2024-03-04 13:03:02,743 [main] INFO  http.HttpServer2 (HttpServer2.java:addFilter(1020)) - Added filter static_user_filter (class=org.apache.hadoop.http.lib.StaticUserWebFilter$StaticUserFilter) to context static
2024-03-04 13:03:02,743 [main] INFO  http.HttpServer2 (HttpServer2.java:addFilter(1020)) - Added filter static_user_filter (class=org.apache.hadoop.http.lib.StaticUserWebFilter$StaticUserFilter) to context logs
2024-03-04 13:03:02,744 [main] INFO  http.BaseHttpServer (BaseHttpServer.java:<init>(189)) - HTTP server of hddsDatanode uses base directory /home/runner/work/ozone/ozone/hadoop-ozone/integration-test/target/test-dir/MiniOzoneClusterImpl-a24c3557-08b1-4f8b-a0f8-6c13b4e42376/ozone-meta/datanode-1/meta/webserver
2024-03-04 13:03:02,744 [main] INFO  http.HttpServer2 (HttpServer2.java:bindListener(1236)) - Jetty bound to port 15232
2024-03-04 13:03:02,744 [main] INFO  server.Server (Server.java:doStart(375)) - jetty-9.4.53.v20231009; built: 2023-10-09T12:29:09.265Z; git: 27bde00a0b95a1d5bbee0eae7984f891d2d0f8c9; jvm 1.8.0_402-b06
2024-03-04 13:03:02,745 [main] INFO  server.session (DefaultSessionIdManager.java:doStart(334)) - DefaultSessionIdManager workerName=node0
2024-03-04 13:03:02,745 [main] INFO  server.session (DefaultSessionIdManager.java:doStart(339)) - No SessionScavenger set, using defaults
2024-03-04 13:03:02,745 [main] INFO  server.session (HouseKeeper.java:startScavenging(132)) - node0 Scavenging every 600000ms
2024-03-04 13:03:02,746 [main] INFO  handler.ContextHandler (ContextHandler.java:doStart(921)) - Started o.e.j.s.ServletContextHandler@603e8052{logs,/logs,file:///home/runner/work/ozone/ozone/hadoop-ozone/integration-test/target/log,AVAILABLE}
2024-03-04 13:03:02,746 [main] INFO  handler.ContextHandler (ContextHandler.java:doStart(921)) - Started o.e.j.s.ServletContextHandler@51eb0bff{static,/static,jar:file:/home/runner/.m2/repository/org/apache/ozone/hdds-container-service/1.5.0-SNAPSHOT/hdds-container-service-1.5.0-SNAPSHOT.jar!/webapps/static,AVAILABLE}
2024-03-04 13:03:02,780 [main] INFO  handler.ContextHandler (ContextHandler.java:doStart(921)) - Started o.e.j.w.WebAppContext@33f53c1a{hddsDatanode,/,file:///home/runner/work/ozone/ozone/hadoop-ozone/integration-test/target/test-dir/MiniOzoneClusterImpl-a24c3557-08b1-4f8b-a0f8-6c13b4e42376/ozone-meta/datanode-1/meta/webserver/jetty-0_0_0_0-15232-hdds-container-service-1_5_0-SNAPSHOT_jar-_-any-3189129626153254793/webapp/,AVAILABLE}{jar:file:/home/runner/.m2/repository/org/apache/ozone/hdds-container-service/1.5.0-SNAPSHOT/hdds-container-service-1.5.0-SNAPSHOT.jar!/webapps/hddsDatanode}
2024-03-04 13:03:02,781 [main] INFO  server.AbstractConnector (AbstractConnector.java:doStart(333)) - Started ServerConnector@62f4a77f{HTTP/1.1, (http/1.1)}{0.0.0.0:15232}
2024-03-04 13:03:02,781 [main] INFO  server.Server (Server.java:doStart(415)) - Started @678365ms
2024-03-04 13:03:02,781 [main] WARN  impl.MetricsSystemImpl (MetricsSystemImpl.java:register(279)) - Sink prometheus already exists!
2024-03-04 13:03:02,782 [main] INFO  http.BaseHttpServer (BaseHttpServer.java:updateConnectorAddress(354)) - HTTP server of hddsDatanode listening at http://0.0.0.0:15232
2024-03-04 13:03:02,782 [main] INFO  ipc.CallQueueManager (CallQueueManager.java:<init>(90)) - Using callQueue: class java.util.concurrent.LinkedBlockingQueue, queueCapacity: 100, scheduler: class org.apache.hadoop.ipc.DefaultRpcScheduler, ipcBackoff: false.
2024-03-04 13:03:02,782 [main] INFO  ipc.Server (Server.java:<init>(1287)) - Listener at 0.0.0.0:15233
2024-03-04 13:03:02,783 [Socket Reader #1 for port 15233] INFO  ipc.Server (Server.java:run(1323)) - Starting Socket Reader #1 for port 15233
2024-03-04 13:03:02,787 [main] INFO  ozone.HddsDatanodeService (HddsDatanodeService.java:start(327)) - Datanode start with admins: [*, runner]
2024-03-04 13:03:02,787 [main] INFO  ozone.HddsDatanodeClientProtocolServer (HddsDatanodeClientProtocolServer.java:start(77)) - RPC server for Client /0.0.0.0:15233
2024-03-04 13:03:02,788 [IPC Server Responder] INFO  ipc.Server (Server.java:run(1562)) - IPC Server Responder: starting
2024-03-04 13:03:02,788 [IPC Server listener on 15233] INFO  ipc.Server (Server.java:run(1402)) - IPC Server listener on 15233: starting
2024-03-04 13:03:02,793 [6f4eae97-3d37-4aee-9d11-cbcb461265bf-DatanodeStateMachineDaemonThread] INFO  statemachine.DatanodeStateMachine (DatanodeStateMachine.java:lambda$startDaemon$1(555)) - Ozone container server started.
2024-03-04 13:03:02,793 [main] WARN  dropwizard3.Dm3MetricRegistriesImpl (Dm3MetricRegistriesImpl.java:addReporterRegistration(113)) - New reporters are added after registries were created. Some metrics will be missing from the reporter. Please add reporter before adding any new registry.
2024-03-04 13:03:02,794 [main] WARN  dropwizard3.Dm3MetricRegistriesImpl (Dm3MetricRegistriesImpl.java:addReporterRegistration(113)) - New reporters are added after registries were created. Some metrics will be missing from the reporter. Please add reporter before adding any new registry.
2024-03-04 13:03:02,794 [main] INFO  impl.MetricsSystemImpl (MetricsSystemImpl.java:init(158)) - HddsDatanode metrics system started (again)
2024-03-04 13:03:02,798 [6f4eae97-3d37-4aee-9d11-cbcb461265bf-DatanodeStateMachineTaskThread-0] INFO  datanode.InitDatanodeState (InitDatanodeState.java:persistContainerDatanodeDetails(139)) - DatanodeDetails is persisted to /home/runner/work/ozone/ozone/hadoop-ozone/integration-test/target/test-dir/MiniOzoneClusterImpl-a24c3557-08b1-4f8b-a0f8-6c13b4e42376/ozone-meta/datanode-1/meta/datanode.id
2024-03-04 13:03:02,803 [main] INFO  ozone.HddsDatanodeService (HddsDatanodeService.java:start(240)) - HddsDatanodeService host:fv-az571-795.sssw3dgiwi1e5jwxh1zizygaca.bx.internal.cloudapp.net ip:10.1.0.12
2024-03-04 13:03:02,817 [main] INFO  upgrade.AbstractLayoutVersionManager (AbstractLayoutVersionManager.java:init(83)) - Initializing Layout version manager with metadata layout = HADOOP_PRC_PORTS_IN_DATANODEDETAILS (version = 7), software layout = HADOOP_PRC_PORTS_IN_DATANODEDETAILS (version = 7)
2024-03-04 13:03:02,818 [main] INFO  statemachine.DatanodeStateMachine (DatanodeStateMachine.java:getEndPointTaskThreadPoolSize(299)) - Datanode State Machine Task Thread Pool size 2
2024-03-04 13:03:02,818 [main] INFO  volume.HddsVolume (HddsVolume.java:<init>(125)) - Creating HddsVolume: /home/runner/work/ozone/ozone/hadoop-ozone/integration-test/target/test-dir/MiniOzoneClusterImpl-a24c3557-08b1-4f8b-a0f8-6c13b4e42376/ozone-meta/datanode-2/data-0/hdds of storage type : DISK capacity : 9223372036854775807
2024-03-04 13:03:02,819 [main] INFO  volume.MutableVolumeSet (MutableVolumeSet.java:initializeVolumeSet(173)) - Added Volume : /home/runner/work/ozone/ozone/hadoop-ozone/integration-test/target/test-dir/MiniOzoneClusterImpl-a24c3557-08b1-4f8b-a0f8-6c13b4e42376/ozone-meta/datanode-2/data-0/hdds to VolumeSet
2024-03-04 13:03:02,819 [main] INFO  volume.MutableVolumeSet (MutableVolumeSet.java:initializeVolumeSet(173)) - Added Volume : /home/runner/work/ozone/ozone/hadoop-ozone/integration-test/target/test-dir/MiniOzoneClusterImpl-a24c3557-08b1-4f8b-a0f8-6c13b4e42376/ozone-meta/datanode-2/ratis to VolumeSet
2024-03-04 13:03:02,819 [main] INFO  ozoneimpl.OzoneContainer (HddsVolumeUtil.java:loadAllHddsVolumeDbStore(103)) - Load 1 volumes DbStore cost: 0ms
2024-03-04 13:03:02,820 [main] INFO  server.RaftServer (ConfUtils.java:logGet(46)) - raft.rpc.type = GRPC (default)
2024-03-04 13:03:02,821 [main] INFO  grpc.GrpcConfigKeys (ConfUtils.java:logFallback(53)) - raft.grpc.admin.host = null (fallback to raft.grpc.server.host)
2024-03-04 13:03:02,821 [main] INFO  grpc.GrpcConfigKeys (ConfUtils.java:logGet(46)) - raft.grpc.admin.port = 15245 (custom)
2024-03-04 13:03:02,821 [main] INFO  grpc.GrpcConfigKeys (ConfUtils.java:logFallback(53)) - raft.grpc.client.host = null (fallback to raft.grpc.server.host)
2024-03-04 13:03:02,821 [main] INFO  grpc.GrpcConfigKeys (ConfUtils.java:logGet(46)) - raft.grpc.client.port = 15244 (custom)
2024-03-04 13:03:02,821 [main] INFO  grpc.GrpcConfigKeys (ConfUtils.java:logGet(46)) - raft.grpc.server.host = null (default)
2024-03-04 13:03:02,821 [main] INFO  grpc.GrpcConfigKeys (ConfUtils.java:logGet(46)) - raft.grpc.server.port = 15246 (custom)
2024-03-04 13:03:02,821 [main] INFO  server.GrpcService (ConfUtils.java:logGet(46)) - raft.grpc.message.size.max = 32MB (=33554432) (custom)
2024-03-04 13:03:02,821 [main] INFO  server.RaftServerConfigKeys (ConfUtils.java:logGet(46)) - raft.server.log.appender.buffer.byte-limit = 8388608 (custom)
2024-03-04 13:03:02,821 [main] INFO  server.GrpcService (ConfUtils.java:logGet(46)) - raft.grpc.flow.control.window = 5MB (=5242880) (custom)
2024-03-04 13:03:02,822 [main] INFO  server.RaftServerConfigKeys (ConfUtils.java:logGet(46)) - raft.server.rpc.request.timeout = 60s (custom)
2024-03-04 13:03:02,822 [main] INFO  grpc.GrpcConfigKeys (ConfUtils.java:logGet(46)) - raft.grpc.server.heartbeat.channel = true (default)
2024-03-04 13:03:02,822 [main] INFO  grpc.GrpcConfigKeys (ConfUtils.java:logGet(46)) - raft.grpc.server.async.request.thread.pool.cached = true (default)
2024-03-04 13:03:02,822 [main] INFO  grpc.GrpcConfigKeys (ConfUtils.java:logGet(46)) - raft.grpc.server.async.request.thread.pool.size = 32 (default)
2024-03-04 13:03:02,823 [main] INFO  impl.DataStreamServerImpl (ConfUtils.java:logGet(46)) - raft.datastream.type = NETTY (custom)
2024-03-04 13:03:02,824 [main] INFO  server.RaftServerConfigKeys (ConfUtils.java:logGet(46)) - raft.server.data-stream.async.request.thread.pool.cached = false (default)
2024-03-04 13:03:02,824 [main] INFO  server.RaftServerConfigKeys (ConfUtils.java:logGet(46)) - raft.server.data-stream.async.request.thread.pool.size = 20 (custom)
2024-03-04 13:03:02,824 [main] INFO  server.RaftServerConfigKeys (ConfUtils.java:logGet(46)) - raft.server.data-stream.async.write.thread.pool.size = 16 (default)
2024-03-04 13:03:02,824 [main] INFO  netty.NettyConfigKeys$DataStream (ConfUtils.java:logGet(46)) - raft.netty.dataStream.server.channel.inactive.grace-period = 10min (default)
2024-03-04 13:03:02,824 [main] INFO  server.RaftServerConfigKeys (ConfUtils.java:logGet(46)) - raft.server.data-stream.client.pool.size = 10 (default)
2024-03-04 13:03:02,824 [main] INFO  netty.NettyConfigKeys$DataStream (ConfUtils.java:logGet(46)) - raft.netty.dataStream.server.use-epoll = true (default)
2024-03-04 13:03:02,824 [main] INFO  netty.NettyConfigKeys$DataStream (ConfUtils.java:logGet(46)) - raft.netty.dataStream.server.boss-group.size = 0 (default)
2024-03-04 13:03:02,824 [main] INFO  netty.NettyUtils (NettyUtils.java:newEventLoopGroup(69)) - Create EpollEventLoopGroup for 0de63147-ab38-4467-8675-efd501240ff2-NettyServerStreamRpc-bossGroup; Thread size is 0.
2024-03-04 13:03:02,825 [main] INFO  netty.NettyConfigKeys$DataStream (ConfUtils.java:logGet(46)) - raft.netty.dataStream.server.worker-group.size = 0 (default)
2024-03-04 13:03:02,825 [main] INFO  netty.NettyUtils (NettyUtils.java:newEventLoopGroup(69)) - Create EpollEventLoopGroup for 0de63147-ab38-4467-8675-efd501240ff2-NettyServerStreamRpc-workerGroup; Thread size is 0.
2024-03-04 13:03:02,825 [main] INFO  netty.NettyConfigKeys$DataStream (ConfUtils.java:logGet(46)) - raft.netty.dataStream.server.tls.conf = null (default)
2024-03-04 13:03:02,825 [main] INFO  netty.NettyConfigKeys$DataStream (ConfUtils.java:logGet(46)) - raft.netty.dataStream.host = null (default)
2024-03-04 13:03:02,825 [main] INFO  netty.NettyConfigKeys$DataStream (ConfUtils.java:logGet(46)) - raft.netty.dataStream.port = 15247 (custom)
2024-03-04 13:03:02,826 [main] INFO  server.RaftServerConfigKeys (ConfUtils.java:logGet(46)) - raft.server.sleep.deviation.threshold = 300ms (default)
2024-03-04 13:03:02,826 [0de63147-ab38-4467-8675-efd501240ff2-NettyServerStreamRpc-bossGroup--thread1] INFO  logging.LoggingHandler (AbstractInternalLogger.java:log(148)) - [id: 0xe5103adc] REGISTERED
2024-03-04 13:03:02,826 [main] INFO  server.RaftServerConfigKeys (ConfUtils.java:logGet(46)) - raft.server.close.threshold = 60s (default)
2024-03-04 13:03:02,826 [0de63147-ab38-4467-8675-efd501240ff2-NettyServerStreamRpc-bossGroup--thread1] INFO  logging.LoggingHandler (AbstractInternalLogger.java:log(148)) - [id: 0xe5103adc] BIND: 0.0.0.0/0.0.0.0:15247
2024-03-04 13:03:02,826 [main] INFO  server.RaftServerConfigKeys (ConfUtils.java:logGet(46)) - raft.server.leaderelection.leader.step-down.wait-time = 10s (default)
2024-03-04 13:03:02,826 [0de63147-ab38-4467-8675-efd501240ff2-NettyServerStreamRpc-bossGroup--thread1] INFO  logging.LoggingHandler (AbstractInternalLogger.java:log(148)) - [id: 0xe5103adc, L:/0.0.0.0:15247] ACTIVE
2024-03-04 13:03:02,826 [main] INFO  server.RaftServerConfigKeys (ConfUtils.java:logGet(46)) - raft.server.storage.dir = [/home/runner/work/ozone/ozone/hadoop-ozone/integration-test/target/test-dir/MiniOzoneClusterImpl-a24c3557-08b1-4f8b-a0f8-6c13b4e42376/ozone-meta/datanode-2/ratis] (custom)
2024-03-04 13:03:02,826 [main] INFO  server.RaftServerConfigKeys (ConfUtils.java:logGet(46)) - raft.server.threadpool.proxy.cached = true (default)
2024-03-04 13:03:02,826 [main] INFO  server.RaftServerConfigKeys (ConfUtils.java:logGet(46)) - raft.server.threadpool.proxy.size = 0 (default)
2024-03-04 13:03:02,827 [0de63147-ab38-4467-8675-efd501240ff2-impl-thread1] INFO  server.RaftServer (RaftServerProxy.java:initGroupDir(264)) - 0de63147-ab38-4467-8675-efd501240ff2: found a subdirectory /home/runner/work/ozone/ozone/hadoop-ozone/integration-test/target/test-dir/MiniOzoneClusterImpl-a24c3557-08b1-4f8b-a0f8-6c13b4e42376/ozone-meta/datanode-2/ratis/tmp
2024-03-04 13:03:02,827 [0de63147-ab38-4467-8675-efd501240ff2-impl-thread1] INFO  server.RaftServer (RaftServerProxy.java:initGroupDir(269)) - 0de63147-ab38-4467-8675-efd501240ff2: The directory /home/runner/work/ozone/ozone/hadoop-ozone/integration-test/target/test-dir/MiniOzoneClusterImpl-a24c3557-08b1-4f8b-a0f8-6c13b4e42376/ozone-meta/datanode-2/ratis/tmp is not a group directory; ignoring it. 
2024-03-04 13:03:02,827 [main] INFO  replication.ReplicationServer (ReplicationServer.java:<init>(86)) - Initializing replication server with thread count = 10 queue length = 4096
2024-03-04 13:03:02,828 [main] INFO  server.XceiverServerGrpc (XceiverServerGrpc.java:<init>(141)) - GrpcServer channel type EpollServerSocketChannel
2024-03-04 13:03:02,829 [main] INFO  replication.ReplicationSupervisor (ReplicationSupervisor.java:build(163)) - Initializing replication supervisor with thread count = 10
2024-03-04 13:03:02,829 [main] INFO  replication.ReplicationSupervisor (ReplicationSupervisor.java:nodeStateUpdated(317)) - Node state updated to IN_SERVICE, scaling executor pool size to 10
2024-03-04 13:03:02,830 [main] INFO  http.BaseHttpServer (BaseHttpServer.java:newHttpServer2BuilderForOzone(223)) - Starting Web-server for hddsDatanode at: http://0.0.0.0:15241
2024-03-04 13:03:02,830 [main] INFO  http.BaseHttpServer (BaseHttpServer.java:<init>(110)) - Hadoop Security Enabled: false Ozone Security Enabled: false Ozone HTTP Security Enabled: false 
2024-03-04 13:03:02,831 [main] WARN  server.AuthenticationFilter (AuthenticationFilter.java:constructSecretProvider(240)) - Unable to initialize FileSignerSecretProvider, falling back to use random secrets. Reason: Could not read signature secret file: /home/runner/hadoop-http-auth-signature-secret
2024-03-04 13:03:02,831 [main] INFO  http.HttpRequestLog (HttpRequestLog.java:getRequestLog(86)) - Http request log for http.requests.hddsDatanode is not defined
2024-03-04 13:03:02,831 [main] INFO  http.HttpServer2 (HttpServer2.java:addGlobalFilter(1036)) - Added global filter 'safety' (class=org.apache.hadoop.hdds.server.http.HttpServer2$QuotingInputFilter)
2024-03-04 13:03:02,832 [main] INFO  http.HttpServer2 (HttpServer2.java:addFilter(1012)) - Added filter static_user_filter (class=org.apache.hadoop.http.lib.StaticUserWebFilter$StaticUserFilter) to context hddsDatanode
2024-03-04 13:03:02,832 [main] INFO  http.HttpServer2 (HttpServer2.java:addFilter(1020)) - Added filter static_user_filter (class=org.apache.hadoop.http.lib.StaticUserWebFilter$StaticUserFilter) to context static
2024-03-04 13:03:02,832 [main] INFO  http.HttpServer2 (HttpServer2.java:addFilter(1020)) - Added filter static_user_filter (class=org.apache.hadoop.http.lib.StaticUserWebFilter$StaticUserFilter) to context logs
2024-03-04 13:03:02,832 [main] INFO  http.BaseHttpServer (BaseHttpServer.java:<init>(189)) - HTTP server of hddsDatanode uses base directory /home/runner/work/ozone/ozone/hadoop-ozone/integration-test/target/test-dir/MiniOzoneClusterImpl-a24c3557-08b1-4f8b-a0f8-6c13b4e42376/ozone-meta/datanode-2/meta/webserver
2024-03-04 13:03:02,832 [main] INFO  http.HttpServer2 (HttpServer2.java:bindListener(1236)) - Jetty bound to port 15241
2024-03-04 13:03:02,832 [main] INFO  server.Server (Server.java:doStart(375)) - jetty-9.4.53.v20231009; built: 2023-10-09T12:29:09.265Z; git: 27bde00a0b95a1d5bbee0eae7984f891d2d0f8c9; jvm 1.8.0_402-b06
2024-03-04 13:03:02,833 [main] INFO  server.session (DefaultSessionIdManager.java:doStart(334)) - DefaultSessionIdManager workerName=node0
2024-03-04 13:03:02,833 [main] INFO  server.session (DefaultSessionIdManager.java:doStart(339)) - No SessionScavenger set, using defaults
2024-03-04 13:03:02,834 [main] INFO  server.session (HouseKeeper.java:startScavenging(132)) - node0 Scavenging every 660000ms
2024-03-04 13:03:02,834 [main] INFO  handler.ContextHandler (ContextHandler.java:doStart(921)) - Started o.e.j.s.ServletContextHandler@3a27b688{logs,/logs,file:///home/runner/work/ozone/ozone/hadoop-ozone/integration-test/target/log,AVAILABLE}
2024-03-04 13:03:02,834 [main] INFO  handler.ContextHandler (ContextHandler.java:doStart(921)) - Started o.e.j.s.ServletContextHandler@6a28a492{static,/static,jar:file:/home/runner/.m2/repository/org/apache/ozone/hdds-container-service/1.5.0-SNAPSHOT/hdds-container-service-1.5.0-SNAPSHOT.jar!/webapps/static,AVAILABLE}
2024-03-04 13:03:02,866 [main] INFO  handler.ContextHandler (ContextHandler.java:doStart(921)) - Started o.e.j.w.WebAppContext@4340c12c{hddsDatanode,/,file:///home/runner/work/ozone/ozone/hadoop-ozone/integration-test/target/test-dir/MiniOzoneClusterImpl-a24c3557-08b1-4f8b-a0f8-6c13b4e42376/ozone-meta/datanode-2/meta/webserver/jetty-0_0_0_0-15241-hdds-container-service-1_5_0-SNAPSHOT_jar-_-any-8851246919811952180/webapp/,AVAILABLE}{jar:file:/home/runner/.m2/repository/org/apache/ozone/hdds-container-service/1.5.0-SNAPSHOT/hdds-container-service-1.5.0-SNAPSHOT.jar!/webapps/hddsDatanode}
2024-03-04 13:03:02,866 [main] INFO  server.AbstractConnector (AbstractConnector.java:doStart(333)) - Started ServerConnector@62a4b057{HTTP/1.1, (http/1.1)}{0.0.0.0:15241}
2024-03-04 13:03:02,866 [main] INFO  server.Server (Server.java:doStart(415)) - Started @678450ms
2024-03-04 13:03:02,866 [main] WARN  impl.MetricsSystemImpl (MetricsSystemImpl.java:register(279)) - Sink prometheus already exists!
2024-03-04 13:03:02,867 [main] INFO  http.BaseHttpServer (BaseHttpServer.java:updateConnectorAddress(354)) - HTTP server of hddsDatanode listening at http://0.0.0.0:15241
2024-03-04 13:03:02,867 [main] INFO  ipc.CallQueueManager (CallQueueManager.java:<init>(90)) - Using callQueue: class java.util.concurrent.LinkedBlockingQueue, queueCapacity: 100, scheduler: class org.apache.hadoop.ipc.DefaultRpcScheduler, ipcBackoff: false.
2024-03-04 13:03:02,867 [main] INFO  ipc.Server (Server.java:<init>(1287)) - Listener at 0.0.0.0:15242
2024-03-04 13:03:02,868 [Socket Reader #1 for port 15242] INFO  ipc.Server (Server.java:run(1323)) - Starting Socket Reader #1 for port 15242
2024-03-04 13:03:02,869 [main] INFO  ozone.HddsDatanodeService (HddsDatanodeService.java:start(327)) - Datanode start with admins: [*, runner]
2024-03-04 13:03:02,869 [main] INFO  ozone.HddsDatanodeClientProtocolServer (HddsDatanodeClientProtocolServer.java:start(77)) - RPC server for Client /0.0.0.0:15242
2024-03-04 13:03:02,870 [IPC Server Responder] INFO  ipc.Server (Server.java:run(1562)) - IPC Server Responder: starting
2024-03-04 13:03:02,870 [IPC Server listener on 15242] INFO  ipc.Server (Server.java:run(1402)) - IPC Server listener on 15242: starting
2024-03-04 13:03:02,871 [0de63147-ab38-4467-8675-efd501240ff2-DatanodeStateMachineDaemonThread] INFO  statemachine.DatanodeStateMachine (DatanodeStateMachine.java:lambda$startDaemon$1(555)) - Ozone container server started.
2024-03-04 13:03:02,871 [main] WARN  dropwizard3.Dm3MetricRegistriesImpl (Dm3MetricRegistriesImpl.java:addReporterRegistration(113)) - New reporters are added after registries were created. Some metrics will be missing from the reporter. Please add reporter before adding any new registry.
2024-03-04 13:03:02,873 [main] WARN  dropwizard3.Dm3MetricRegistriesImpl (Dm3MetricRegistriesImpl.java:addReporterRegistration(113)) - New reporters are added after registries were created. Some metrics will be missing from the reporter. Please add reporter before adding any new registry.
2024-03-04 13:03:02,873 [main] INFO  impl.MetricsSystemImpl (MetricsSystemImpl.java:init(158)) - HddsDatanode metrics system started (again)
2024-03-04 13:03:02,875 [0de63147-ab38-4467-8675-efd501240ff2-DatanodeStateMachineTaskThread-0] INFO  datanode.InitDatanodeState (InitDatanodeState.java:persistContainerDatanodeDetails(139)) - DatanodeDetails is persisted to /home/runner/work/ozone/ozone/hadoop-ozone/integration-test/target/test-dir/MiniOzoneClusterImpl-a24c3557-08b1-4f8b-a0f8-6c13b4e42376/ozone-meta/datanode-2/meta/datanode.id
2024-03-04 13:03:02,881 [main] INFO  ozone.HddsDatanodeService (HddsDatanodeService.java:start(240)) - HddsDatanodeService host:fv-az571-795.sssw3dgiwi1e5jwxh1zizygaca.bx.internal.cloudapp.net ip:10.1.0.12
2024-03-04 13:03:02,895 [main] INFO  upgrade.AbstractLayoutVersionManager (AbstractLayoutVersionManager.java:init(83)) - Initializing Layout version manager with metadata layout = HADOOP_PRC_PORTS_IN_DATANODEDETAILS (version = 7), software layout = HADOOP_PRC_PORTS_IN_DATANODEDETAILS (version = 7)
2024-03-04 13:03:02,895 [main] INFO  statemachine.DatanodeStateMachine (DatanodeStateMachine.java:getEndPointTaskThreadPoolSize(299)) - Datanode State Machine Task Thread Pool size 2
2024-03-04 13:03:02,896 [main] INFO  volume.HddsVolume (HddsVolume.java:<init>(125)) - Creating HddsVolume: /home/runner/work/ozone/ozone/hadoop-ozone/integration-test/target/test-dir/MiniOzoneClusterImpl-a24c3557-08b1-4f8b-a0f8-6c13b4e42376/ozone-meta/datanode-3/data-0/hdds of storage type : DISK capacity : 9223372036854775807
2024-03-04 13:03:02,896 [main] INFO  volume.MutableVolumeSet (MutableVolumeSet.java:initializeVolumeSet(173)) - Added Volume : /home/runner/work/ozone/ozone/hadoop-ozone/integration-test/target/test-dir/MiniOzoneClusterImpl-a24c3557-08b1-4f8b-a0f8-6c13b4e42376/ozone-meta/datanode-3/data-0/hdds to VolumeSet
2024-03-04 13:03:02,897 [main] INFO  volume.MutableVolumeSet (MutableVolumeSet.java:initializeVolumeSet(173)) - Added Volume : /home/runner/work/ozone/ozone/hadoop-ozone/integration-test/target/test-dir/MiniOzoneClusterImpl-a24c3557-08b1-4f8b-a0f8-6c13b4e42376/ozone-meta/datanode-3/ratis to VolumeSet
2024-03-04 13:03:02,897 [main] INFO  ozoneimpl.OzoneContainer (HddsVolumeUtil.java:loadAllHddsVolumeDbStore(103)) - Load 1 volumes DbStore cost: 0ms
2024-03-04 13:03:02,899 [main] INFO  server.RaftServer (ConfUtils.java:logGet(46)) - raft.rpc.type = GRPC (default)
2024-03-04 13:03:02,899 [main] INFO  grpc.GrpcConfigKeys (ConfUtils.java:logFallback(53)) - raft.grpc.admin.host = null (fallback to raft.grpc.server.host)
2024-03-04 13:03:02,899 [main] INFO  grpc.GrpcConfigKeys (ConfUtils.java:logGet(46)) - raft.grpc.admin.port = 15254 (custom)
2024-03-04 13:03:02,899 [main] INFO  grpc.GrpcConfigKeys (ConfUtils.java:logFallback(53)) - raft.grpc.client.host = null (fallback to raft.grpc.server.host)
2024-03-04 13:03:02,899 [main] INFO  grpc.GrpcConfigKeys (ConfUtils.java:logGet(46)) - raft.grpc.client.port = 15253 (custom)
2024-03-04 13:03:02,899 [main] INFO  grpc.GrpcConfigKeys (ConfUtils.java:logGet(46)) - raft.grpc.server.host = null (default)
2024-03-04 13:03:02,900 [main] INFO  grpc.GrpcConfigKeys (ConfUtils.java:logGet(46)) - raft.grpc.server.port = 15255 (custom)
2024-03-04 13:03:02,900 [main] INFO  server.GrpcService (ConfUtils.java:logGet(46)) - raft.grpc.message.size.max = 32MB (=33554432) (custom)
2024-03-04 13:03:02,900 [main] INFO  server.RaftServerConfigKeys (ConfUtils.java:logGet(46)) - raft.server.log.appender.buffer.byte-limit = 8388608 (custom)
2024-03-04 13:03:02,900 [main] INFO  server.GrpcService (ConfUtils.java:logGet(46)) - raft.grpc.flow.control.window = 5MB (=5242880) (custom)
2024-03-04 13:03:02,900 [main] INFO  server.RaftServerConfigKeys (ConfUtils.java:logGet(46)) - raft.server.rpc.request.timeout = 60s (custom)
2024-03-04 13:03:02,900 [main] INFO  grpc.GrpcConfigKeys (ConfUtils.java:logGet(46)) - raft.grpc.server.heartbeat.channel = true (default)
2024-03-04 13:03:02,901 [main] INFO  grpc.GrpcConfigKeys (ConfUtils.java:logGet(46)) - raft.grpc.server.async.request.thread.pool.cached = true (default)
2024-03-04 13:03:02,901 [main] INFO  grpc.GrpcConfigKeys (ConfUtils.java:logGet(46)) - raft.grpc.server.async.request.thread.pool.size = 32 (default)
2024-03-04 13:03:02,903 [main] INFO  impl.DataStreamServerImpl (ConfUtils.java:logGet(46)) - raft.datastream.type = NETTY (custom)
2024-03-04 13:03:02,903 [main] INFO  server.RaftServerConfigKeys (ConfUtils.java:logGet(46)) - raft.server.data-stream.async.request.thread.pool.cached = false (default)
2024-03-04 13:03:02,904 [main] INFO  server.RaftServerConfigKeys (ConfUtils.java:logGet(46)) - raft.server.data-stream.async.request.thread.pool.size = 20 (custom)
2024-03-04 13:03:02,904 [main] INFO  server.RaftServerConfigKeys (ConfUtils.java:logGet(46)) - raft.server.data-stream.async.write.thread.pool.size = 16 (default)
2024-03-04 13:03:02,904 [main] INFO  netty.NettyConfigKeys$DataStream (ConfUtils.java:logGet(46)) - raft.netty.dataStream.server.channel.inactive.grace-period = 10min (default)
2024-03-04 13:03:02,904 [main] INFO  server.RaftServerConfigKeys (ConfUtils.java:logGet(46)) - raft.server.data-stream.client.pool.size = 10 (default)
2024-03-04 13:03:02,904 [main] INFO  netty.NettyConfigKeys$DataStream (ConfUtils.java:logGet(46)) - raft.netty.dataStream.server.use-epoll = true (default)
2024-03-04 13:03:02,904 [main] INFO  netty.NettyConfigKeys$DataStream (ConfUtils.java:logGet(46)) - raft.netty.dataStream.server.boss-group.size = 0 (default)
2024-03-04 13:03:02,905 [main] INFO  netty.NettyUtils (NettyUtils.java:newEventLoopGroup(69)) - Create EpollEventLoopGroup for 8524ad2e-bdc1-42ec-a210-9e3cb3b33839-NettyServerStreamRpc-bossGroup; Thread size is 0.
2024-03-04 13:03:02,905 [main] INFO  netty.NettyConfigKeys$DataStream (ConfUtils.java:logGet(46)) - raft.netty.dataStream.server.worker-group.size = 0 (default)
2024-03-04 13:03:02,905 [main] INFO  netty.NettyUtils (NettyUtils.java:newEventLoopGroup(69)) - Create EpollEventLoopGroup for 8524ad2e-bdc1-42ec-a210-9e3cb3b33839-NettyServerStreamRpc-workerGroup; Thread size is 0.
2024-03-04 13:03:02,906 [main] INFO  netty.NettyConfigKeys$DataStream (ConfUtils.java:logGet(46)) - raft.netty.dataStream.server.tls.conf = null (default)
2024-03-04 13:03:02,906 [main] INFO  netty.NettyConfigKeys$DataStream (ConfUtils.java:logGet(46)) - raft.netty.dataStream.host = null (default)
2024-03-04 13:03:02,906 [main] INFO  netty.NettyConfigKeys$DataStream (ConfUtils.java:logGet(46)) - raft.netty.dataStream.port = 15256 (custom)
2024-03-04 13:03:02,906 [main] INFO  server.RaftServerConfigKeys (ConfUtils.java:logGet(46)) - raft.server.sleep.deviation.threshold = 300ms (default)
2024-03-04 13:03:02,906 [8524ad2e-bdc1-42ec-a210-9e3cb3b33839-NettyServerStreamRpc-bossGroup--thread1] INFO  logging.LoggingHandler (AbstractInternalLogger.java:log(148)) - [id: 0x39b34bf1] REGISTERED
2024-03-04 13:03:02,907 [8524ad2e-bdc1-42ec-a210-9e3cb3b33839-NettyServerStreamRpc-bossGroup--thread1] INFO  logging.LoggingHandler (AbstractInternalLogger.java:log(148)) - [id: 0x39b34bf1] BIND: 0.0.0.0/0.0.0.0:15256
2024-03-04 13:03:02,907 [8524ad2e-bdc1-42ec-a210-9e3cb3b33839-NettyServerStreamRpc-bossGroup--thread1] INFO  logging.LoggingHandler (AbstractInternalLogger.java:log(148)) - [id: 0x39b34bf1, L:/0.0.0.0:15256] ACTIVE
2024-03-04 13:03:02,906 [main] INFO  server.RaftServerConfigKeys (ConfUtils.java:logGet(46)) - raft.server.close.threshold = 60s (default)
2024-03-04 13:03:02,907 [main] INFO  server.RaftServerConfigKeys (ConfUtils.java:logGet(46)) - raft.server.leaderelection.leader.step-down.wait-time = 10s (default)
2024-03-04 13:03:02,907 [main] INFO  server.RaftServerConfigKeys (ConfUtils.java:logGet(46)) - raft.server.storage.dir = [/home/runner/work/ozone/ozone/hadoop-ozone/integration-test/target/test-dir/MiniOzoneClusterImpl-a24c3557-08b1-4f8b-a0f8-6c13b4e42376/ozone-meta/datanode-3/ratis] (custom)
2024-03-04 13:03:02,907 [main] INFO  server.RaftServerConfigKeys (ConfUtils.java:logGet(46)) - raft.server.threadpool.proxy.cached = true (default)
2024-03-04 13:03:02,907 [main] INFO  server.RaftServerConfigKeys (ConfUtils.java:logGet(46)) - raft.server.threadpool.proxy.size = 0 (default)
2024-03-04 13:03:02,908 [8524ad2e-bdc1-42ec-a210-9e3cb3b33839-impl-thread1] INFO  server.RaftServer (RaftServerProxy.java:initGroupDir(264)) - 8524ad2e-bdc1-42ec-a210-9e3cb3b33839: found a subdirectory /home/runner/work/ozone/ozone/hadoop-ozone/integration-test/target/test-dir/MiniOzoneClusterImpl-a24c3557-08b1-4f8b-a0f8-6c13b4e42376/ozone-meta/datanode-3/ratis/tmp
2024-03-04 13:03:02,908 [8524ad2e-bdc1-42ec-a210-9e3cb3b33839-impl-thread1] INFO  server.RaftServer (RaftServerProxy.java:initGroupDir(269)) - 8524ad2e-bdc1-42ec-a210-9e3cb3b33839: The directory /home/runner/work/ozone/ozone/hadoop-ozone/integration-test/target/test-dir/MiniOzoneClusterImpl-a24c3557-08b1-4f8b-a0f8-6c13b4e42376/ozone-meta/datanode-3/ratis/tmp is not a group directory; ignoring it. 
2024-03-04 13:03:02,908 [main] INFO  replication.ReplicationServer (ReplicationServer.java:<init>(86)) - Initializing replication server with thread count = 10 queue length = 4096
2024-03-04 13:03:02,909 [main] INFO  server.XceiverServerGrpc (XceiverServerGrpc.java:<init>(141)) - GrpcServer channel type EpollServerSocketChannel
2024-03-04 13:03:02,909 [main] INFO  replication.ReplicationSupervisor (ReplicationSupervisor.java:build(163)) - Initializing replication supervisor with thread count = 10
2024-03-04 13:03:02,910 [main] INFO  replication.ReplicationSupervisor (ReplicationSupervisor.java:nodeStateUpdated(317)) - Node state updated to IN_SERVICE, scaling executor pool size to 10
2024-03-04 13:03:02,911 [main] INFO  http.BaseHttpServer (BaseHttpServer.java:newHttpServer2BuilderForOzone(223)) - Starting Web-server for hddsDatanode at: http://0.0.0.0:15250
2024-03-04 13:03:02,911 [main] INFO  http.BaseHttpServer (BaseHttpServer.java:<init>(110)) - Hadoop Security Enabled: false Ozone Security Enabled: false Ozone HTTP Security Enabled: false 
2024-03-04 13:03:02,914 [main] WARN  server.AuthenticationFilter (AuthenticationFilter.java:constructSecretProvider(240)) - Unable to initialize FileSignerSecretProvider, falling back to use random secrets. Reason: Could not read signature secret file: /home/runner/hadoop-http-auth-signature-secret
2024-03-04 13:03:02,914 [main] INFO  http.HttpRequestLog (HttpRequestLog.java:getRequestLog(86)) - Http request log for http.requests.hddsDatanode is not defined
2024-03-04 13:03:02,915 [omNode-1@group-523986131536-FollowerState] INFO  impl.FollowerState (FollowerState.java:run(143)) - omNode-1@group-523986131536-FollowerState: change to CANDIDATE, lastRpcElapsedTime:1136497734ns, electionTimeout:1136ms
2024-03-04 13:03:02,915 [omNode-1@group-523986131536-FollowerState] INFO  impl.RoleInfo (RoleInfo.java:shutdownFollowerState(110)) - omNode-1: shutdown omNode-1@group-523986131536-FollowerState
2024-03-04 13:03:02,915 [omNode-1@group-523986131536-FollowerState] INFO  server.RaftServer$Division (RaftServerImpl.java:setRole(383)) - omNode-1@group-523986131536: changes role from  FOLLOWER to CANDIDATE at term 0 for changeToCandidate
2024-03-04 13:03:02,915 [omNode-1@group-523986131536-FollowerState] INFO  server.RaftServerConfigKeys (ConfUtils.java:logGet(46)) - raft.server.leaderelection.pre-vote = true (default)
2024-03-04 13:03:02,915 [omNode-1@group-523986131536-FollowerState] INFO  impl.RoleInfo (RoleInfo.java:updateAndGet(139)) - omNode-1: start omNode-1@group-523986131536-LeaderElection49
2024-03-04 13:03:02,915 [main] INFO  http.HttpServer2 (HttpServer2.java:addGlobalFilter(1036)) - Added global filter 'safety' (class=org.apache.hadoop.hdds.server.http.HttpServer2$QuotingInputFilter)
2024-03-04 13:03:02,917 [omNode-1@group-523986131536-LeaderElection49] INFO  impl.LeaderElection (LeaderElection.java:askForVotes(321)) - omNode-1@group-523986131536-LeaderElection49 PRE_VOTE round 0: submit vote requests at term 0 for -1: peers:[omNode-3|localhost:15230, omNode-1|localhost:15222, omNode-2|localhost:15226]|listeners:[], old=null
2024-03-04 13:03:02,917 [main] INFO  http.HttpServer2 (HttpServer2.java:addFilter(1012)) - Added filter static_user_filter (class=org.apache.hadoop.http.lib.StaticUserWebFilter$StaticUserFilter) to context hddsDatanode
2024-03-04 13:03:02,918 [main] INFO  http.HttpServer2 (HttpServer2.java:addFilter(1020)) - Added filter static_user_filter (class=org.apache.hadoop.http.lib.StaticUserWebFilter$StaticUserFilter) to context logs
2024-03-04 13:03:02,918 [main] INFO  http.HttpServer2 (HttpServer2.java:addFilter(1020)) - Added filter static_user_filter (class=org.apache.hadoop.http.lib.StaticUserWebFilter$StaticUserFilter) to context static
2024-03-04 13:03:02,918 [main] INFO  http.BaseHttpServer (BaseHttpServer.java:<init>(189)) - HTTP server of hddsDatanode uses base directory /home/runner/work/ozone/ozone/hadoop-ozone/integration-test/target/test-dir/MiniOzoneClusterImpl-a24c3557-08b1-4f8b-a0f8-6c13b4e42376/ozone-meta/datanode-3/meta/webserver
2024-03-04 13:03:02,918 [omNode-1@group-523986131536-LeaderElection49-1] INFO  server.GrpcServerProtocolClient (GrpcServerProtocolClient.java:<init>(65)) - Build channel for omNode-3|localhost:15230
2024-03-04 13:03:02,918 [main] INFO  http.HttpServer2 (HttpServer2.java:bindListener(1236)) - Jetty bound to port 15250
2024-03-04 13:03:02,918 [main] INFO  server.Server (Server.java:doStart(375)) - jetty-9.4.53.v20231009; built: 2023-10-09T12:29:09.265Z; git: 27bde00a0b95a1d5bbee0eae7984f891d2d0f8c9; jvm 1.8.0_402-b06
2024-03-04 13:03:02,919 [omNode-1@group-523986131536-LeaderElection49] INFO  server.RaftServerConfigKeys (ConfUtils.java:logFallback(53)) - raft.server.rpc.first-election.timeout.min = 1s (fallback to raft.server.rpc.timeout.min)
2024-03-04 13:03:02,919 [omNode-1@group-523986131536-LeaderElection49] INFO  server.RaftServerConfigKeys (ConfUtils.java:logFallback(53)) - raft.server.rpc.first-election.timeout.max = 1200ms (fallback to raft.server.rpc.timeout.max)
2024-03-04 13:03:02,921 [omNode-1@group-523986131536-LeaderElection49-2] INFO  server.GrpcServerProtocolClient (GrpcServerProtocolClient.java:<init>(65)) - Build channel for omNode-2|localhost:15226
2024-03-04 13:03:02,928 [main] INFO  server.session (DefaultSessionIdManager.java:doStart(334)) - DefaultSessionIdManager workerName=node0
2024-03-04 13:03:02,928 [main] INFO  server.session (DefaultSessionIdManager.java:doStart(339)) - No SessionScavenger set, using defaults
2024-03-04 13:03:02,932 [main] INFO  server.session (HouseKeeper.java:startScavenging(132)) - node0 Scavenging every 660000ms
2024-03-04 13:03:02,933 [main] INFO  handler.ContextHandler (ContextHandler.java:doStart(921)) - Started o.e.j.s.ServletContextHandler@451f6967{logs,/logs,file:///home/runner/work/ozone/ozone/hadoop-ozone/integration-test/target/log,AVAILABLE}
2024-03-04 13:03:02,933 [main] INFO  handler.ContextHandler (ContextHandler.java:doStart(921)) - Started o.e.j.s.ServletContextHandler@2cf5be99{static,/static,jar:file:/home/runner/.m2/repository/org/apache/ozone/hdds-container-service/1.5.0-SNAPSHOT/hdds-container-service-1.5.0-SNAPSHOT.jar!/webapps/static,AVAILABLE}
2024-03-04 13:03:02,937 [grpc-default-executor-0] INFO  server.RaftServer$Division (RaftServerImpl.java:requestVote(1389)) - omNode-2@group-523986131536: receive requestVote(PRE_VOTE, omNode-1, group-523986131536, 0, (t:0, i:~))
2024-03-04 13:03:02,937 [grpc-default-executor-0] INFO  impl.VoteContext (VoteContext.java:log(49)) - omNode-2@group-523986131536-FOLLOWER: accept PRE_VOTE from omNode-1: our priority 0 <= candidate's priority 0
2024-03-04 13:03:02,937 [grpc-default-executor-0] INFO  server.RaftServer$Division (RaftServerImpl.java:requestVote(1422)) - omNode-2@group-523986131536 replies to PRE_VOTE vote request: omNode-1<-omNode-2#0:OK-t0. Peer's state: omNode-2@group-523986131536:t0, leader=null, voted=, raftlog=Memoized:omNode-2@group-523986131536-SegmentedRaftLog:OPENED:c-1, conf=-1: peers:[omNode-3|localhost:15230, omNode-1|localhost:15222, omNode-2|localhost:15226]|listeners:[], old=null
2024-03-04 13:03:02,941 [omNode-1@group-523986131536-LeaderElection49] INFO  impl.LeaderElection (LeaderElection.java:logAndReturn(89)) - omNode-1@group-523986131536-LeaderElection49: PRE_VOTE PASSED received 1 response(s) and 0 exception(s):
2024-03-04 13:03:02,941 [omNode-1@group-523986131536-LeaderElection49] INFO  impl.LeaderElection (LeaderElection.java:logAndReturn(93)) -   Response 0: omNode-1<-omNode-2#0:OK-t0
2024-03-04 13:03:02,941 [omNode-1@group-523986131536-LeaderElection49] INFO  impl.LeaderElection (LeaderElection.java:askForVotes(323)) - omNode-1@group-523986131536-LeaderElection49 PRE_VOTE round 0: result PASSED
2024-03-04 13:03:02,945 [omNode-1@group-523986131536-LeaderElection49] INFO  impl.LeaderElection (LeaderElection.java:askForVotes(321)) - omNode-1@group-523986131536-LeaderElection49 ELECTION round 0: submit vote requests at term 1 for -1: peers:[omNode-3|localhost:15230, omNode-1|localhost:15222, omNode-2|localhost:15226]|listeners:[], old=null
2024-03-04 13:03:02,949 [grpc-default-executor-1] INFO  server.RaftServer$Division (RaftServerImpl.java:requestVote(1389)) - omNode-3@group-523986131536: receive requestVote(PRE_VOTE, omNode-1, group-523986131536, 0, (t:0, i:~))
2024-03-04 13:03:02,950 [grpc-default-executor-1] INFO  impl.VoteContext (VoteContext.java:log(49)) - omNode-3@group-523986131536-FOLLOWER: accept PRE_VOTE from omNode-1: our priority 0 <= candidate's priority 0
2024-03-04 13:03:02,950 [grpc-default-executor-1] INFO  server.RaftServer$Division (RaftServerImpl.java:requestVote(1422)) - omNode-3@group-523986131536 replies to PRE_VOTE vote request: omNode-1<-omNode-3#0:OK-t0. Peer's state: omNode-3@group-523986131536:t0, leader=null, voted=, raftlog=Memoized:omNode-3@group-523986131536-SegmentedRaftLog:OPENED:c-1, conf=-1: peers:[omNode-3|localhost:15230, omNode-1|localhost:15222, omNode-2|localhost:15226]|listeners:[], old=null
2024-03-04 13:03:02,950 [grpc-default-executor-1] INFO  server.RaftServer$Division (RaftServerImpl.java:requestVote(1389)) - omNode-3@group-523986131536: receive requestVote(ELECTION, omNode-1, group-523986131536, 1, (t:0, i:~))
2024-03-04 13:03:02,951 [grpc-default-executor-1] INFO  impl.VoteContext (VoteContext.java:log(49)) - omNode-3@group-523986131536-FOLLOWER: accept ELECTION from omNode-1: our priority 0 <= candidate's priority 0
2024-03-04 13:03:02,951 [grpc-default-executor-1] INFO  server.RaftServer$Division (RaftServerImpl.java:setRole(383)) - omNode-3@group-523986131536: changes role from  FOLLOWER to FOLLOWER at term 1 for candidate:omNode-1
2024-03-04 13:03:02,951 [grpc-default-executor-1] INFO  impl.RoleInfo (RoleInfo.java:shutdownFollowerState(110)) - omNode-3: shutdown omNode-3@group-523986131536-FollowerState
2024-03-04 13:03:02,953 [omNode-1@group-523986131536-LeaderElection49] INFO  server.RaftServerConfigKeys (ConfUtils.java:logFallback(53)) - raft.server.rpc.first-election.timeout.min = 1s (fallback to raft.server.rpc.timeout.min)
2024-03-04 13:03:02,953 [omNode-1@group-523986131536-LeaderElection49] INFO  server.RaftServerConfigKeys (ConfUtils.java:logFallback(53)) - raft.server.rpc.first-election.timeout.max = 1200ms (fallback to raft.server.rpc.timeout.max)
2024-03-04 13:03:02,954 [grpc-default-executor-1] INFO  impl.RoleInfo (RoleInfo.java:updateAndGet(139)) - omNode-3: start omNode-3@group-523986131536-FollowerState
2024-03-04 13:03:02,954 [omNode-3@group-523986131536-FollowerState] INFO  impl.FollowerState (FollowerState.java:run(152)) - omNode-3@group-523986131536-FollowerState was interrupted
2024-03-04 13:03:02,954 [grpc-default-executor-1] INFO  server.RaftServer$Division (RaftServerImpl.java:setFirstElection(574)) - omNode-3@group-523986131536: set firstElectionSinceStartup to false for candidate:omNode-1
2024-03-04 13:03:02,955 [grpc-default-executor-0] INFO  server.RaftServer$Division (RaftServerImpl.java:requestVote(1389)) - omNode-2@group-523986131536: receive requestVote(ELECTION, omNode-1, group-523986131536, 1, (t:0, i:~))
2024-03-04 13:03:02,955 [grpc-default-executor-0] INFO  impl.VoteContext (VoteContext.java:log(49)) - omNode-2@group-523986131536-FOLLOWER: accept ELECTION from omNode-1: our priority 0 <= candidate's priority 0
2024-03-04 13:03:02,955 [grpc-default-executor-0] INFO  server.RaftServer$Division (RaftServerImpl.java:setRole(383)) - omNode-2@group-523986131536: changes role from  FOLLOWER to FOLLOWER at term 1 for candidate:omNode-1
2024-03-04 13:03:02,955 [grpc-default-executor-0] INFO  impl.RoleInfo (RoleInfo.java:shutdownFollowerState(110)) - omNode-2: shutdown omNode-2@group-523986131536-FollowerState
2024-03-04 13:03:02,955 [grpc-default-executor-0] INFO  impl.RoleInfo (RoleInfo.java:updateAndGet(139)) - omNode-2: start omNode-2@group-523986131536-FollowerState
2024-03-04 13:03:02,955 [omNode-2@group-523986131536-FollowerState] INFO  impl.FollowerState (FollowerState.java:run(152)) - omNode-2@group-523986131536-FollowerState was interrupted
2024-03-04 13:03:02,955 [grpc-default-executor-0] INFO  server.RaftServer$Division (RaftServerImpl.java:setFirstElection(574)) - omNode-2@group-523986131536: set firstElectionSinceStartup to false for candidate:omNode-1
2024-03-04 13:03:02,956 [grpc-default-executor-0] INFO  server.RaftServer$Division (RaftServerImpl.java:requestVote(1422)) - omNode-2@group-523986131536 replies to ELECTION vote request: omNode-1<-omNode-2#0:OK-t1. Peer's state: omNode-2@group-523986131536:t1, leader=null, voted=omNode-1, raftlog=Memoized:omNode-2@group-523986131536-SegmentedRaftLog:OPENED:c-1, conf=-1: peers:[omNode-3|localhost:15230, omNode-1|localhost:15222, omNode-2|localhost:15226]|listeners:[], old=null
2024-03-04 13:03:02,957 [omNode-1@group-523986131536-LeaderElection49] INFO  impl.LeaderElection (LeaderElection.java:logAndReturn(89)) - omNode-1@group-523986131536-LeaderElection49: ELECTION PASSED received 1 response(s) and 0 exception(s):
2024-03-04 13:03:02,957 [omNode-1@group-523986131536-LeaderElection49] INFO  impl.LeaderElection (LeaderElection.java:logAndReturn(93)) -   Response 0: omNode-1<-omNode-2#0:OK-t1
2024-03-04 13:03:02,957 [omNode-1@group-523986131536-LeaderElection49] INFO  impl.LeaderElection (LeaderElection.java:askForVotes(323)) - omNode-1@group-523986131536-LeaderElection49 ELECTION round 0: result PASSED
2024-03-04 13:03:02,957 [omNode-1@group-523986131536-LeaderElection49] INFO  impl.RoleInfo (RoleInfo.java:shutdownLeaderElection(130)) - omNode-1: shutdown omNode-1@group-523986131536-LeaderElection49
2024-03-04 13:03:02,957 [omNode-1@group-523986131536-LeaderElection49] INFO  server.RaftServer$Division (RaftServerImpl.java:setRole(383)) - omNode-1@group-523986131536: changes role from CANDIDATE to LEADER at term 1 for changeToLeader
2024-03-04 13:03:02,957 [omNode-1@group-523986131536-LeaderElection49] INFO  server.RaftServerConfigKeys (ConfUtils.java:logGet(46)) - raft.server.staging.catchup.gap = 1000 (default)
2024-03-04 13:03:02,957 [omNode-1@group-523986131536-LeaderElection49] INFO  server.RaftServerConfigKeys (ConfUtils.java:logGet(46)) - raft.server.write.element-limit = 4096 (default)
2024-03-04 13:03:02,957 [omNode-1@group-523986131536-LeaderElection49] INFO  server.RaftServerConfigKeys (ConfUtils.java:logGet(46)) - raft.server.write.byte-limit = 64MB (=67108864) (default)
2024-03-04 13:03:02,957 [omNode-1@group-523986131536-LeaderElection49] INFO  server.RaftServerConfigKeys (ConfUtils.java:logGet(46)) - raft.server.watch.timeout = 10s (default)
2024-03-04 13:03:02,957 [omNode-1@group-523986131536-LeaderElection49] INFO  server.RaftServerConfigKeys (ConfUtils.java:logGet(46)) - raft.server.watch.timeout.denomination = 1s (default)
2024-03-04 13:03:02,957 [omNode-1@group-523986131536-LeaderElection49] INFO  server.RaftServerConfigKeys (ConfUtils.java:logGet(46)) - raft.server.watch.element-limit = 65536 (default)
2024-03-04 13:03:02,957 [omNode-1@group-523986131536-LeaderElection49] INFO  server.RaftServerConfigKeys (ConfUtils.java:logGet(46)) - raft.server.read.leader.lease.enabled = false (default)
2024-03-04 13:03:02,957 [omNode-1@group-523986131536-LeaderElection49] INFO  server.RaftServerConfigKeys (ConfUtils.java:logGet(46)) - raft.server.read.leader.lease.timeout.ratio = 0.9 (default)
2024-03-04 13:03:02,958 [omNode-1@group-523986131536-LeaderElection49] INFO  server.RaftServerConfigKeys (ConfUtils.java:logGet(46)) - raft.server.rpc.timeout.min = 1s (custom)
2024-03-04 13:03:02,958 [omNode-1@group-523986131536-LeaderElection49] INFO  server.RaftServerConfigKeys (ConfUtils.java:logGet(46)) - raft.server.write.element-limit = 4096 (default)
2024-03-04 13:03:02,958 [omNode-1@group-523986131536-LeaderElection49] INFO  server.RaftServerConfigKeys (ConfUtils.java:logGet(46)) - raft.server.write.follower.gap.ratio.max = -1.0 (default)
2024-03-04 13:03:02,958 [omNode-1@group-523986131536-LeaderElection49] INFO  server.RaftServerConfigKeys (ConfUtils.java:logGet(46)) - raft.server.log.appender.snapshot.chunk.size.max = 16MB (=16777216) (default)
2024-03-04 13:03:02,958 [omNode-1@group-523986131536-LeaderElection49] INFO  server.RaftServerConfigKeys (ConfUtils.java:logGet(46)) - raft.server.log.appender.buffer.byte-limit = 4194304 (custom)
2024-03-04 13:03:02,958 [omNode-1@group-523986131536-LeaderElection49] INFO  server.RaftServerConfigKeys (ConfUtils.java:logGet(46)) - raft.server.log.appender.buffer.element-limit = 1024 (custom)
2024-03-04 13:03:02,958 [omNode-1@group-523986131536-LeaderElection49] INFO  server.RaftServerConfigKeys (ConfUtils.java:logGet(46)) - raft.server.log.appender.wait-time.min = 0ms (custom)
2024-03-04 13:03:02,958 [omNode-1@group-523986131536-LeaderElection49] INFO  grpc.GrpcConfigKeys (ConfUtils.java:logGet(46)) - raft.grpc.server.leader.outstanding.appends.max = 8 (default)
2024-03-04 13:03:02,958 [omNode-1@group-523986131536-LeaderElection49] INFO  server.RaftServerConfigKeys (ConfUtils.java:logGet(46)) - raft.server.rpc.request.timeout = 3000ms (default)
2024-03-04 13:03:02,958 [omNode-1@group-523986131536-LeaderElection49] INFO  grpc.GrpcConfigKeys (ConfUtils.java:logGet(46)) - raft.grpc.server.install_snapshot.request.element-limit = 8 (default)
2024-03-04 13:03:02,958 [omNode-1@group-523986131536-LeaderElection49] INFO  grpc.GrpcConfigKeys (ConfUtils.java:logGet(46)) - raft.grpc.server.install_snapshot.request.timeout = 3000ms (default)
2024-03-04 13:03:02,958 [omNode-1@group-523986131536-LeaderElection49] INFO  grpc.GrpcConfigKeys (ConfUtils.java:logGet(46)) - raft.grpc.server.log-message.batch.duration = 5s (default)
2024-03-04 13:03:02,958 [omNode-1@group-523986131536-LeaderElection49] INFO  server.RaftServerConfigKeys (ConfUtils.java:logGet(46)) - raft.server.log.appender.install.snapshot.enabled = false (custom)
2024-03-04 13:03:02,958 [omNode-1@group-523986131536-LeaderElection49] INFO  grpc.GrpcConfigKeys (ConfUtils.java:logGet(46)) - raft.grpc.server.heartbeat.channel = true (default)
2024-03-04 13:03:02,959 [omNode-1@group-523986131536-LeaderElection49] INFO  server.RaftServerConfigKeys (ConfUtils.java:logGet(46)) - raft.server.log.appender.snapshot.chunk.size.max = 16MB (=16777216) (default)
2024-03-04 13:03:02,959 [omNode-1@group-523986131536-LeaderElection49] INFO  server.RaftServerConfigKeys (ConfUtils.java:logGet(46)) - raft.server.log.appender.buffer.byte-limit = 4194304 (custom)
2024-03-04 13:03:02,959 [omNode-1@group-523986131536-LeaderElection49] INFO  server.RaftServerConfigKeys (ConfUtils.java:logGet(46)) - raft.server.log.appender.buffer.element-limit = 1024 (custom)
2024-03-04 13:03:02,959 [omNode-1@group-523986131536-LeaderElection49] INFO  server.RaftServerConfigKeys (ConfUtils.java:logGet(46)) - raft.server.log.appender.wait-time.min = 0ms (custom)
2024-03-04 13:03:02,959 [omNode-1@group-523986131536-LeaderElection49] INFO  grpc.GrpcConfigKeys (ConfUtils.java:logGet(46)) - raft.grpc.server.leader.outstanding.appends.max = 8 (default)
2024-03-04 13:03:02,959 [omNode-1@group-523986131536-LeaderElection49] INFO  server.RaftServerConfigKeys (ConfUtils.java:logGet(46)) - raft.server.rpc.request.timeout = 3000ms (default)
2024-03-04 13:03:02,959 [omNode-1@group-523986131536-LeaderElection49] INFO  grpc.GrpcConfigKeys (ConfUtils.java:logGet(46)) - raft.grpc.server.install_snapshot.request.element-limit = 8 (default)
2024-03-04 13:03:02,959 [omNode-1@group-523986131536-LeaderElection49] INFO  grpc.GrpcConfigKeys (ConfUtils.java:logGet(46)) - raft.grpc.server.install_snapshot.request.timeout = 3000ms (default)
2024-03-04 13:03:02,959 [omNode-1@group-523986131536-LeaderElection49] INFO  grpc.GrpcConfigKeys (ConfUtils.java:logGet(46)) - raft.grpc.server.log-message.batch.duration = 5s (default)
2024-03-04 13:03:02,959 [omNode-1@group-523986131536-LeaderElection49] INFO  server.RaftServerConfigKeys (ConfUtils.java:logGet(46)) - raft.server.log.appender.install.snapshot.enabled = false (custom)
2024-03-04 13:03:02,959 [omNode-1@group-523986131536-LeaderElection49] INFO  grpc.GrpcConfigKeys (ConfUtils.java:logGet(46)) - raft.grpc.server.heartbeat.channel = true (default)
2024-03-04 13:03:02,959 [omNode-1@group-523986131536-LeaderElection49] INFO  impl.RoleInfo (RoleInfo.java:updateAndGet(139)) - omNode-1: start omNode-1@group-523986131536-LeaderStateImpl
2024-03-04 13:03:02,959 [omNode-1@group-523986131536-LeaderElection49] INFO  server.RaftServer$Division (RaftServerImpl.java:setFirstElection(574)) - omNode-1@group-523986131536: set firstElectionSinceStartup to false for becomeLeader
2024-03-04 13:03:02,959 [omNode-1@group-523986131536-LeaderElection49] INFO  server.RaftServer$Division (ServerState.java:setLeader(269)) - omNode-1@group-523986131536: change Leader from null to omNode-1 at term 1 for becomeLeader, leader elected after 1390ms
2024-03-04 13:03:02,959 [omNode-1@group-523986131536-LeaderElection49] INFO  segmented.SegmentedRaftLogWorker (SegmentedRaftLogWorker.java:startLogSegment(430)) - omNode-1@group-523986131536-SegmentedRaftLogWorker: Starting segment from index:0
2024-03-04 13:03:02,961 [grpc-default-executor-1] INFO  server.RaftServer$Division (RaftServerImpl.java:requestVote(1422)) - omNode-3@group-523986131536 replies to ELECTION vote request: omNode-1<-omNode-3#0:OK-t1. Peer's state: omNode-3@group-523986131536:t1, leader=null, voted=omNode-1, raftlog=Memoized:omNode-3@group-523986131536-SegmentedRaftLog:OPENED:c-1, conf=-1: peers:[omNode-3|localhost:15230, omNode-1|localhost:15222, omNode-2|localhost:15226]|listeners:[], old=null
2024-03-04 13:03:02,961 [omNode-1@group-523986131536-SegmentedRaftLogWorker] INFO  segmented.BufferedWriteChannel (BufferedWriteChannel.java:open(62)) - open log_inprogress_0 at position 0
2024-03-04 13:03:02,961 [omNode-1@group-523986131536-LeaderElection49] INFO  server.RaftServer$Division (ServerState.java:setRaftConf(386)) - omNode-1@group-523986131536: set configuration 0: peers:[omNode-3|localhost:15230, omNode-1|localhost:15222, omNode-2|localhost:15226]|listeners:[], old=null
2024-03-04 13:03:02,974 [omNode-1@group-523986131536-SegmentedRaftLogWorker] INFO  segmented.SegmentedRaftLogWorker (SegmentedRaftLogWorker.java:execute(634)) - omNode-1@group-523986131536-SegmentedRaftLogWorker: created new log segment /home/runner/work/ozone/ozone/hadoop-ozone/integration-test/target/test-dir/MiniOzoneClusterImpl-a24c3557-08b1-4f8b-a0f8-6c13b4e42376/omNode-1/ratis/c9bc4cf4-3bc3-3c60-a66b-523986131536/current/log_inprogress_0
2024-03-04 13:03:02,986 [omNode-3-server-thread1] INFO  server.RaftServer$Division (ServerState.java:setLeader(269)) - omNode-3@group-523986131536: change Leader from null to omNode-1 at term 1 for appendEntries, leader elected after 515ms
2024-03-04 13:03:02,986 [omNode-2-server-thread1] INFO  server.RaftServer$Division (ServerState.java:setLeader(269)) - omNode-2@group-523986131536: change Leader from null to omNode-1 at term 1 for appendEntries, leader elected after 985ms
2024-03-04 13:03:02,987 [main] INFO  handler.ContextHandler (ContextHandler.java:doStart(921)) - Started o.e.j.w.WebAppContext@56b62343{hddsDatanode,/,file:///home/runner/work/ozone/ozone/hadoop-ozone/integration-test/target/test-dir/MiniOzoneClusterImpl-a24c3557-08b1-4f8b-a0f8-6c13b4e42376/ozone-meta/datanode-3/meta/webserver/jetty-0_0_0_0-15250-hdds-container-service-1_5_0-SNAPSHOT_jar-_-any-2262239069931826245/webapp/,AVAILABLE}{jar:file:/home/runner/.m2/repository/org/apache/ozone/hdds-container-service/1.5.0-SNAPSHOT/hdds-container-service-1.5.0-SNAPSHOT.jar!/webapps/hddsDatanode}
2024-03-04 13:03:02,988 [main] INFO  server.AbstractConnector (AbstractConnector.java:doStart(333)) - Started ServerConnector@519c0be6{HTTP/1.1, (http/1.1)}{0.0.0.0:15250}
2024-03-04 13:03:02,988 [main] INFO  server.Server (Server.java:doStart(415)) - Started @678572ms
2024-03-04 13:03:02,988 [main] WARN  impl.MetricsSystemImpl (MetricsSystemImpl.java:register(279)) - Sink prometheus already exists!
2024-03-04 13:03:02,992 [main] INFO  http.BaseHttpServer (BaseHttpServer.java:updateConnectorAddress(354)) - HTTP server of hddsDatanode listening at http://0.0.0.0:15250
2024-03-04 13:03:02,993 [omNode-3-server-thread2] INFO  server.RaftServer$Division (ServerState.java:setRaftConf(386)) - omNode-3@group-523986131536: set configuration 0: peers:[omNode-3|localhost:15230, omNode-1|localhost:15222, omNode-2|localhost:15226]|listeners:[], old=null
2024-03-04 13:03:02,993 [omNode-3-server-thread2] INFO  segmented.SegmentedRaftLogWorker (SegmentedRaftLogWorker.java:startLogSegment(430)) - omNode-3@group-523986131536-SegmentedRaftLogWorker: Starting segment from index:0
2024-03-04 13:03:02,993 [omNode-3@group-523986131536-SegmentedRaftLogWorker] INFO  segmented.BufferedWriteChannel (BufferedWriteChannel.java:open(62)) - open log_inprogress_0 at position 0
2024-03-04 13:03:02,993 [main] INFO  ipc.CallQueueManager (CallQueueManager.java:<init>(90)) - Using callQueue: class java.util.concurrent.LinkedBlockingQueue, queueCapacity: 100, scheduler: class org.apache.hadoop.ipc.DefaultRpcScheduler, ipcBackoff: false.
2024-03-04 13:03:02,994 [main] INFO  ipc.Server (Server.java:<init>(1287)) - Listener at 0.0.0.0:15251
2024-03-04 13:03:02,994 [Socket Reader #1 for port 15251] INFO  ipc.Server (Server.java:run(1323)) - Starting Socket Reader #1 for port 15251
2024-03-04 13:03:02,995 [main] INFO  ozone.HddsDatanodeService (HddsDatanodeService.java:start(327)) - Datanode start with admins: [*, runner]
2024-03-04 13:03:02,996 [main] INFO  ozone.HddsDatanodeClientProtocolServer (HddsDatanodeClientProtocolServer.java:start(77)) - RPC server for Client /0.0.0.0:15251
2024-03-04 13:03:02,996 [IPC Server Responder] INFO  ipc.Server (Server.java:run(1562)) - IPC Server Responder: starting
2024-03-04 13:03:02,997 [IPC Server listener on 15251] INFO  ipc.Server (Server.java:run(1402)) - IPC Server listener on 15251: starting
2024-03-04 13:03:02,999 [omNode-2-server-thread2] INFO  server.RaftServer$Division (ServerState.java:setRaftConf(386)) - omNode-2@group-523986131536: set configuration 0: peers:[omNode-3|localhost:15230, omNode-1|localhost:15222, omNode-2|localhost:15226]|listeners:[], old=null
2024-03-04 13:03:02,999 [8524ad2e-bdc1-42ec-a210-9e3cb3b33839-DatanodeStateMachineDaemonThread] INFO  statemachine.DatanodeStateMachine (DatanodeStateMachine.java:lambda$startDaemon$1(555)) - Ozone container server started.
2024-03-04 13:03:02,999 [main] INFO  ozone.MiniOzoneClusterImpl (MiniOzoneClusterImpl.java:lambda$waitForClusterToBeReady$0(194)) - Waiting for nodes to be ready. Got 0 of 3 DN Heartbeats.
2024-03-04 13:03:02,999 [main] INFO  ozone.MiniOzoneClusterImpl (MiniOzoneClusterImpl.java:lambda$waitForClusterToBeReady$0(197)) - Waiting for cluster to exit safe mode
2024-03-04 13:03:02,999 [main] INFO  ozone.MiniOzoneClusterImpl (MiniOzoneClusterImpl.java:lambda$waitForClusterToBeReady$0(199)) - SCM became leader
2024-03-04 13:03:02,999 [omNode-2-server-thread2] INFO  segmented.SegmentedRaftLogWorker (SegmentedRaftLogWorker.java:startLogSegment(430)) - omNode-2@group-523986131536-SegmentedRaftLogWorker: Starting segment from index:0
2024-03-04 13:03:03,001 [omNode-3@group-523986131536-SegmentedRaftLogWorker] INFO  segmented.SegmentedRaftLogWorker (SegmentedRaftLogWorker.java:execute(634)) - omNode-3@group-523986131536-SegmentedRaftLogWorker: created new log segment /home/runner/work/ozone/ozone/hadoop-ozone/integration-test/target/test-dir/MiniOzoneClusterImpl-a24c3557-08b1-4f8b-a0f8-6c13b4e42376/omNode-3/ratis/c9bc4cf4-3bc3-3c60-a66b-523986131536/current/log_inprogress_0
2024-03-04 13:03:03,006 [omNode-2@group-523986131536-SegmentedRaftLogWorker] INFO  segmented.BufferedWriteChannel (BufferedWriteChannel.java:open(62)) - open log_inprogress_0 at position 0
2024-03-04 13:03:03,013 [omNode-2@group-523986131536-SegmentedRaftLogWorker] INFO  segmented.SegmentedRaftLogWorker (SegmentedRaftLogWorker.java:execute(634)) - omNode-2@group-523986131536-SegmentedRaftLogWorker: created new log segment /home/runner/work/ozone/ozone/hadoop-ozone/integration-test/target/test-dir/MiniOzoneClusterImpl-a24c3557-08b1-4f8b-a0f8-6c13b4e42376/omNode-2/ratis/c9bc4cf4-3bc3-3c60-a66b-523986131536/current/log_inprogress_0
2024-03-04 13:03:03,015 [omNode-1@group-523986131536-StateMachineUpdater] INFO  ratis.OzoneManagerStateMachine (OzoneManagerStateMachine.java:notifyConfigurationChanged(198)) - Received Configuration change notification from Ratis. New Peer list:
[id: "omNode-3"
address: "localhost:15230"
startupRole: FOLLOWER
, id: "omNode-1"
address: "localhost:15222"
startupRole: FOLLOWER
, id: "omNode-2"
address: "localhost:15226"
startupRole: FOLLOWER
]
2024-03-04 13:03:03,015 [omNode-1@group-523986131536-StateMachineUpdater] INFO  server.RaftServer$Division (LeaderStateImpl.java:isApplied(320)) - leader is ready since appliedIndex == 0 >= startIndex == 0
2024-03-04 13:03:03,016 [8524ad2e-bdc1-42ec-a210-9e3cb3b33839-DatanodeStateMachineTaskThread-0] INFO  datanode.InitDatanodeState (InitDatanodeState.java:persistContainerDatanodeDetails(139)) - DatanodeDetails is persisted to /home/runner/work/ozone/ozone/hadoop-ozone/integration-test/target/test-dir/MiniOzoneClusterImpl-a24c3557-08b1-4f8b-a0f8-6c13b4e42376/ozone-meta/datanode-3/meta/datanode.id
2024-03-04 13:03:03,519 [omNode-2@group-523986131536-StateMachineUpdater] INFO  ratis.OzoneManagerStateMachine (OzoneManagerStateMachine.java:notifyConfigurationChanged(198)) - Received Configuration change notification from Ratis. New Peer list:
[id: "omNode-3"
address: "localhost:15230"
startupRole: FOLLOWER
, id: "omNode-1"
address: "localhost:15222"
startupRole: FOLLOWER
, id: "omNode-2"
address: "localhost:15226"
startupRole: FOLLOWER
]
2024-03-04 13:03:03,519 [omNode-3@group-523986131536-StateMachineUpdater] INFO  ratis.OzoneManagerStateMachine (OzoneManagerStateMachine.java:notifyConfigurationChanged(198)) - Received Configuration change notification from Ratis. New Peer list:
[id: "omNode-3"
address: "localhost:15230"
startupRole: FOLLOWER
, id: "omNode-1"
address: "localhost:15222"
startupRole: FOLLOWER
, id: "omNode-2"
address: "localhost:15226"
startupRole: FOLLOWER
]
2024-03-04 13:03:04,000 [main] INFO  ozone.MiniOzoneClusterImpl (MiniOzoneClusterImpl.java:lambda$waitForClusterToBeReady$0(194)) - Waiting for nodes to be ready. Got 0 of 3 DN Heartbeats.
2024-03-04 13:03:04,000 [main] INFO  ozone.MiniOzoneClusterImpl (MiniOzoneClusterImpl.java:lambda$waitForClusterToBeReady$0(197)) - Waiting for cluster to exit safe mode
2024-03-04 13:03:04,000 [main] INFO  ozone.MiniOzoneClusterImpl (MiniOzoneClusterImpl.java:lambda$waitForClusterToBeReady$0(199)) - SCM became leader
2024-03-04 13:03:04,815 [6f4eae97-3d37-4aee-9d11-cbcb461265bf-EndpointStateMachineTaskThread-/0.0.0.0:15217-0 ] INFO  utils.DatanodeStoreCache (DatanodeStoreCache.java:addDB(72)) - Added db /home/runner/work/ozone/ozone/hadoop-ozone/integration-test/target/test-dir/MiniOzoneClusterImpl-a24c3557-08b1-4f8b-a0f8-6c13b4e42376/ozone-meta/datanode-1/data-0/hdds/a24c3557-08b1-4f8b-a0f8-6c13b4e42376/DS-7214f9ad-12b3-4f82-8b28-c6c345eb055d/container.db to cache
2024-03-04 13:03:04,815 [6f4eae97-3d37-4aee-9d11-cbcb461265bf-EndpointStateMachineTaskThread-/0.0.0.0:15217-0 ] INFO  volume.HddsVolume (HddsVolume.java:createDbStore(420)) - SchemaV3 db is created and loaded at /home/runner/work/ozone/ozone/hadoop-ozone/integration-test/target/test-dir/MiniOzoneClusterImpl-a24c3557-08b1-4f8b-a0f8-6c13b4e42376/ozone-meta/datanode-1/data-0/hdds/a24c3557-08b1-4f8b-a0f8-6c13b4e42376/DS-7214f9ad-12b3-4f82-8b28-c6c345eb055d/container.db for volume DS-7214f9ad-12b3-4f82-8b28-c6c345eb055d
2024-03-04 13:03:04,816 [6f4eae97-3d37-4aee-9d11-cbcb461265bf-ContainerReader-0] INFO  ozoneimpl.ContainerReader (ContainerReader.java:readVolume(148)) - Start to verify containers on volume /home/runner/work/ozone/ozone/hadoop-ozone/integration-test/target/test-dir/MiniOzoneClusterImpl-a24c3557-08b1-4f8b-a0f8-6c13b4e42376/ozone-meta/datanode-1/data-0/hdds
2024-03-04 13:03:04,816 [6f4eae97-3d37-4aee-9d11-cbcb461265bf-ContainerReader-0] INFO  ozoneimpl.ContainerReader (ContainerReader.java:readVolume(178)) - Finish verifying containers on volume /home/runner/work/ozone/ozone/hadoop-ozone/integration-test/target/test-dir/MiniOzoneClusterImpl-a24c3557-08b1-4f8b-a0f8-6c13b4e42376/ozone-meta/datanode-1/data-0/hdds
2024-03-04 13:03:04,816 [6f4eae97-3d37-4aee-9d11-cbcb461265bf-EndpointStateMachineTaskThread-/0.0.0.0:15217-0 ] INFO  ozoneimpl.OzoneContainer (OzoneContainer.java:buildContainerSet(328)) - Build ContainerSet costs 0s
2024-03-04 13:03:04,817 [6f4eae97-3d37-4aee-9d11-cbcb461265bf-EndpointStateMachineTaskThread-/0.0.0.0:15217-0 ] INFO  volume.ThrottledAsyncChecker (ThrottledAsyncChecker.java:schedule(141)) - Scheduling a check for /home/runner/work/ozone/ozone/hadoop-ozone/integration-test/target/test-dir/MiniOzoneClusterImpl-a24c3557-08b1-4f8b-a0f8-6c13b4e42376/ozone-meta/datanode-1/data-0/hdds
2024-03-04 13:03:04,817 [6f4eae97-3d37-4aee-9d11-cbcb461265bf-EndpointStateMachineTaskThread-/0.0.0.0:15217-0 ] INFO  volume.StorageVolumeChecker (StorageVolumeChecker.java:checkAllVolumes(218)) - Scheduled health check for volume /home/runner/work/ozone/ozone/hadoop-ozone/integration-test/target/test-dir/MiniOzoneClusterImpl-a24c3557-08b1-4f8b-a0f8-6c13b4e42376/ozone-meta/datanode-1/data-0/hdds
2024-03-04 13:03:04,819 [6f4eae97-3d37-4aee-9d11-cbcb461265bf-EndpointStateMachineTaskThread-/0.0.0.0:15217-0 ] INFO  volume.ThrottledAsyncChecker (ThrottledAsyncChecker.java:schedule(141)) - Scheduling a check for /home/runner/work/ozone/ozone/hadoop-ozone/integration-test/target/test-dir/MiniOzoneClusterImpl-a24c3557-08b1-4f8b-a0f8-6c13b4e42376/ozone-meta/datanode-1/ratis
2024-03-04 13:03:04,819 [6f4eae97-3d37-4aee-9d11-cbcb461265bf-EndpointStateMachineTaskThread-/0.0.0.0:15217-0 ] INFO  volume.StorageVolumeChecker (StorageVolumeChecker.java:checkAllVolumes(218)) - Scheduled health check for volume /home/runner/work/ozone/ozone/hadoop-ozone/integration-test/target/test-dir/MiniOzoneClusterImpl-a24c3557-08b1-4f8b-a0f8-6c13b4e42376/ozone-meta/datanode-1/ratis
2024-03-04 13:03:04,819 [6f4eae97-3d37-4aee-9d11-cbcb461265bf-EndpointStateMachineTaskThread-/0.0.0.0:15217-0 ] INFO  ozoneimpl.OzoneContainer (OzoneContainer.java:start(459)) - Attempting to start container services.
2024-03-04 13:03:04,820 [6f4eae97-3d37-4aee-9d11-cbcb461265bf-EndpointStateMachineTaskThread-/0.0.0.0:15217-0 ] INFO  ozoneimpl.OzoneContainer (OzoneContainer.java:startContainerScrub(339)) - Scheduled background container scanners and the on-demand container scanner have been disabled.
2024-03-04 13:03:04,821 [6f4eae97-3d37-4aee-9d11-cbcb461265bf-EndpointStateMachineTaskThread-/0.0.0.0:15217-0 ] INFO  replication.ReplicationServer (ReplicationServer.java:start(142)) - ReplicationServer is started using port 15239
2024-03-04 13:03:04,821 [6f4eae97-3d37-4aee-9d11-cbcb461265bf-EndpointStateMachineTaskThread-/0.0.0.0:15217-0 ] INFO  ratis.XceiverServerRatis (XceiverServerRatis.java:start(566)) - Starting XceiverServerRatis 6f4eae97-3d37-4aee-9d11-cbcb461265bf
2024-03-04 13:03:04,824 [6f4eae97-3d37-4aee-9d11-cbcb461265bf-EndpointStateMachineTaskThread-/0.0.0.0:15217-0 ] INFO  server.RaftServer (RaftServerProxy.java:startImpl(406)) - 6f4eae97-3d37-4aee-9d11-cbcb461265bf: start RPC server
2024-03-04 13:03:04,825 [6f4eae97-3d37-4aee-9d11-cbcb461265bf-EndpointStateMachineTaskThread-/0.0.0.0:15217-0 ] INFO  server.GrpcService (GrpcService.java:startImpl(302)) - 6f4eae97-3d37-4aee-9d11-cbcb461265bf: GrpcService started, listening on 15235
2024-03-04 13:03:04,826 [6f4eae97-3d37-4aee-9d11-cbcb461265bf-EndpointStateMachineTaskThread-/0.0.0.0:15217-0 ] INFO  server.GrpcService (GrpcService.java:startImpl(302)) - 6f4eae97-3d37-4aee-9d11-cbcb461265bf: GrpcService started, listening on 15237
2024-03-04 13:03:04,827 [6f4eae97-3d37-4aee-9d11-cbcb461265bf-EndpointStateMachineTaskThread-/0.0.0.0:15217-0 ] INFO  server.GrpcService (GrpcService.java:startImpl(302)) - 6f4eae97-3d37-4aee-9d11-cbcb461265bf: GrpcService started, listening on 15236
2024-03-04 13:03:04,827 [6f4eae97-3d37-4aee-9d11-cbcb461265bf-EndpointStateMachineTaskThread-/0.0.0.0:15217-0 ] INFO  ratis.XceiverServerRatis (XceiverServerRatis.java:getRealPort(592)) - XceiverServerRatis 6f4eae97-3d37-4aee-9d11-cbcb461265bf is started using port 15235 for RATIS
2024-03-04 13:03:04,827 [6f4eae97-3d37-4aee-9d11-cbcb461265bf-EndpointStateMachineTaskThread-/0.0.0.0:15217-0 ] INFO  ratis.XceiverServerRatis (XceiverServerRatis.java:getRealPort(592)) - XceiverServerRatis 6f4eae97-3d37-4aee-9d11-cbcb461265bf is started using port 15236 for RATIS_ADMIN
2024-03-04 13:03:04,827 [6f4eae97-3d37-4aee-9d11-cbcb461265bf-EndpointStateMachineTaskThread-/0.0.0.0:15217-0 ] INFO  ratis.XceiverServerRatis (XceiverServerRatis.java:getRealPort(592)) - XceiverServerRatis 6f4eae97-3d37-4aee-9d11-cbcb461265bf is started using port 15237 for RATIS_SERVER
2024-03-04 13:03:04,827 [6f4eae97-3d37-4aee-9d11-cbcb461265bf-EndpointStateMachineTaskThread-/0.0.0.0:15217-0 ] INFO  ratis.XceiverServerRatis (XceiverServerRatis.java:getRealPort(592)) - XceiverServerRatis 6f4eae97-3d37-4aee-9d11-cbcb461265bf is started using port 15238 for RATIS_DATASTREAM
2024-03-04 13:03:04,827 [JvmPauseMonitor63] INFO  util.JvmPauseMonitor (JvmPauseMonitor.java:run(146)) - JvmPauseMonitor-6f4eae97-3d37-4aee-9d11-cbcb461265bf: Started
2024-03-04 13:03:04,828 [6f4eae97-3d37-4aee-9d11-cbcb461265bf-BlockDeletingService#0] INFO  interfaces.ContainerDeletionChoosingPolicyTemplate (ContainerDeletionChoosingPolicyTemplate.java:chooseContainerForBlockDeletion(85)) - Chosen 0/5000 blocks from 0 candidate containers.
2024-03-04 13:03:04,891 [0de63147-ab38-4467-8675-efd501240ff2-EndpointStateMachineTaskThread-/0.0.0.0:15217-0 ] INFO  utils.DatanodeStoreCache (DatanodeStoreCache.java:addDB(72)) - Added db /home/runner/work/ozone/ozone/hadoop-ozone/integration-test/target/test-dir/MiniOzoneClusterImpl-a24c3557-08b1-4f8b-a0f8-6c13b4e42376/ozone-meta/datanode-2/data-0/hdds/a24c3557-08b1-4f8b-a0f8-6c13b4e42376/DS-79d49087-42a6-4ea3-b17c-87c456bd1771/container.db to cache
2024-03-04 13:03:04,891 [0de63147-ab38-4467-8675-efd501240ff2-EndpointStateMachineTaskThread-/0.0.0.0:15217-0 ] INFO  volume.HddsVolume (HddsVolume.java:createDbStore(420)) - SchemaV3 db is created and loaded at /home/runner/work/ozone/ozone/hadoop-ozone/integration-test/target/test-dir/MiniOzoneClusterImpl-a24c3557-08b1-4f8b-a0f8-6c13b4e42376/ozone-meta/datanode-2/data-0/hdds/a24c3557-08b1-4f8b-a0f8-6c13b4e42376/DS-79d49087-42a6-4ea3-b17c-87c456bd1771/container.db for volume DS-79d49087-42a6-4ea3-b17c-87c456bd1771
2024-03-04 13:03:04,892 [0de63147-ab38-4467-8675-efd501240ff2-ContainerReader-0] INFO  ozoneimpl.ContainerReader (ContainerReader.java:readVolume(148)) - Start to verify containers on volume /home/runner/work/ozone/ozone/hadoop-ozone/integration-test/target/test-dir/MiniOzoneClusterImpl-a24c3557-08b1-4f8b-a0f8-6c13b4e42376/ozone-meta/datanode-2/data-0/hdds
2024-03-04 13:03:04,892 [0de63147-ab38-4467-8675-efd501240ff2-ContainerReader-0] INFO  ozoneimpl.ContainerReader (ContainerReader.java:readVolume(178)) - Finish verifying containers on volume /home/runner/work/ozone/ozone/hadoop-ozone/integration-test/target/test-dir/MiniOzoneClusterImpl-a24c3557-08b1-4f8b-a0f8-6c13b4e42376/ozone-meta/datanode-2/data-0/hdds
2024-03-04 13:03:04,893 [0de63147-ab38-4467-8675-efd501240ff2-EndpointStateMachineTaskThread-/0.0.0.0:15217-0 ] INFO  ozoneimpl.OzoneContainer (OzoneContainer.java:buildContainerSet(328)) - Build ContainerSet costs 0s
2024-03-04 13:03:04,893 [0de63147-ab38-4467-8675-efd501240ff2-EndpointStateMachineTaskThread-/0.0.0.0:15217-0 ] INFO  volume.ThrottledAsyncChecker (ThrottledAsyncChecker.java:schedule(141)) - Scheduling a check for /home/runner/work/ozone/ozone/hadoop-ozone/integration-test/target/test-dir/MiniOzoneClusterImpl-a24c3557-08b1-4f8b-a0f8-6c13b4e42376/ozone-meta/datanode-2/data-0/hdds
2024-03-04 13:03:04,893 [0de63147-ab38-4467-8675-efd501240ff2-EndpointStateMachineTaskThread-/0.0.0.0:15217-0 ] INFO  volume.StorageVolumeChecker (StorageVolumeChecker.java:checkAllVolumes(218)) - Scheduled health check for volume /home/runner/work/ozone/ozone/hadoop-ozone/integration-test/target/test-dir/MiniOzoneClusterImpl-a24c3557-08b1-4f8b-a0f8-6c13b4e42376/ozone-meta/datanode-2/data-0/hdds
2024-03-04 13:03:04,895 [0de63147-ab38-4467-8675-efd501240ff2-EndpointStateMachineTaskThread-/0.0.0.0:15217-0 ] INFO  volume.ThrottledAsyncChecker (ThrottledAsyncChecker.java:schedule(141)) - Scheduling a check for /home/runner/work/ozone/ozone/hadoop-ozone/integration-test/target/test-dir/MiniOzoneClusterImpl-a24c3557-08b1-4f8b-a0f8-6c13b4e42376/ozone-meta/datanode-2/ratis
2024-03-04 13:03:04,895 [0de63147-ab38-4467-8675-efd501240ff2-EndpointStateMachineTaskThread-/0.0.0.0:15217-0 ] INFO  volume.StorageVolumeChecker (StorageVolumeChecker.java:checkAllVolumes(218)) - Scheduled health check for volume /home/runner/work/ozone/ozone/hadoop-ozone/integration-test/target/test-dir/MiniOzoneClusterImpl-a24c3557-08b1-4f8b-a0f8-6c13b4e42376/ozone-meta/datanode-2/ratis
2024-03-04 13:03:04,895 [0de63147-ab38-4467-8675-efd501240ff2-EndpointStateMachineTaskThread-/0.0.0.0:15217-0 ] INFO  ozoneimpl.OzoneContainer (OzoneContainer.java:start(459)) - Attempting to start container services.
2024-03-04 13:03:04,895 [0de63147-ab38-4467-8675-efd501240ff2-EndpointStateMachineTaskThread-/0.0.0.0:15217-0 ] INFO  ozoneimpl.OzoneContainer (OzoneContainer.java:startContainerScrub(339)) - Scheduled background container scanners and the on-demand container scanner have been disabled.
2024-03-04 13:03:04,896 [0de63147-ab38-4467-8675-efd501240ff2-EndpointStateMachineTaskThread-/0.0.0.0:15217-0 ] INFO  replication.ReplicationServer (ReplicationServer.java:start(142)) - ReplicationServer is started using port 15248
2024-03-04 13:03:04,896 [0de63147-ab38-4467-8675-efd501240ff2-EndpointStateMachineTaskThread-/0.0.0.0:15217-0 ] INFO  ratis.XceiverServerRatis (XceiverServerRatis.java:start(566)) - Starting XceiverServerRatis 0de63147-ab38-4467-8675-efd501240ff2
2024-03-04 13:03:04,897 [0de63147-ab38-4467-8675-efd501240ff2-EndpointStateMachineTaskThread-/0.0.0.0:15217-0 ] INFO  server.RaftServer (RaftServerProxy.java:startImpl(406)) - 0de63147-ab38-4467-8675-efd501240ff2: start RPC server
2024-03-04 13:03:04,900 [0de63147-ab38-4467-8675-efd501240ff2-EndpointStateMachineTaskThread-/0.0.0.0:15217-0 ] INFO  server.GrpcService (GrpcService.java:startImpl(302)) - 0de63147-ab38-4467-8675-efd501240ff2: GrpcService started, listening on 15244
2024-03-04 13:03:04,901 [0de63147-ab38-4467-8675-efd501240ff2-EndpointStateMachineTaskThread-/0.0.0.0:15217-0 ] INFO  server.GrpcService (GrpcService.java:startImpl(302)) - 0de63147-ab38-4467-8675-efd501240ff2: GrpcService started, listening on 15246
2024-03-04 13:03:04,901 [0de63147-ab38-4467-8675-efd501240ff2-EndpointStateMachineTaskThread-/0.0.0.0:15217-0 ] INFO  server.GrpcService (GrpcService.java:startImpl(302)) - 0de63147-ab38-4467-8675-efd501240ff2: GrpcService started, listening on 15245
2024-03-04 13:03:04,902 [0de63147-ab38-4467-8675-efd501240ff2-EndpointStateMachineTaskThread-/0.0.0.0:15217-0 ] INFO  ratis.XceiverServerRatis (XceiverServerRatis.java:getRealPort(592)) - XceiverServerRatis 0de63147-ab38-4467-8675-efd501240ff2 is started using port 15244 for RATIS
2024-03-04 13:03:04,902 [JvmPauseMonitor64] INFO  util.JvmPauseMonitor (JvmPauseMonitor.java:run(146)) - JvmPauseMonitor-0de63147-ab38-4467-8675-efd501240ff2: Started
2024-03-04 13:03:04,902 [0de63147-ab38-4467-8675-efd501240ff2-EndpointStateMachineTaskThread-/0.0.0.0:15217-0 ] INFO  ratis.XceiverServerRatis (XceiverServerRatis.java:getRealPort(592)) - XceiverServerRatis 0de63147-ab38-4467-8675-efd501240ff2 is started using port 15245 for RATIS_ADMIN
2024-03-04 13:03:04,902 [0de63147-ab38-4467-8675-efd501240ff2-EndpointStateMachineTaskThread-/0.0.0.0:15217-0 ] INFO  ratis.XceiverServerRatis (XceiverServerRatis.java:getRealPort(592)) - XceiverServerRatis 0de63147-ab38-4467-8675-efd501240ff2 is started using port 15246 for RATIS_SERVER
2024-03-04 13:03:04,903 [0de63147-ab38-4467-8675-efd501240ff2-EndpointStateMachineTaskThread-/0.0.0.0:15217-0 ] INFO  ratis.XceiverServerRatis (XceiverServerRatis.java:getRealPort(592)) - XceiverServerRatis 0de63147-ab38-4467-8675-efd501240ff2 is started using port 15247 for RATIS_DATASTREAM
2024-03-04 13:03:04,904 [0de63147-ab38-4467-8675-efd501240ff2-BlockDeletingService#0] INFO  interfaces.ContainerDeletionChoosingPolicyTemplate (ContainerDeletionChoosingPolicyTemplate.java:chooseContainerForBlockDeletion(85)) - Chosen 0/5000 blocks from 0 candidate containers.
2024-03-04 13:03:05,000 [main] INFO  ozone.MiniOzoneClusterImpl (MiniOzoneClusterImpl.java:lambda$waitForClusterToBeReady$0(194)) - Waiting for nodes to be ready. Got 0 of 3 DN Heartbeats.
2024-03-04 13:03:05,001 [main] INFO  ozone.MiniOzoneClusterImpl (MiniOzoneClusterImpl.java:lambda$waitForClusterToBeReady$0(197)) - Waiting for cluster to exit safe mode
2024-03-04 13:03:05,001 [main] INFO  ozone.MiniOzoneClusterImpl (MiniOzoneClusterImpl.java:lambda$waitForClusterToBeReady$0(199)) - SCM became leader
2024-03-04 13:03:05,028 [8524ad2e-bdc1-42ec-a210-9e3cb3b33839-EndpointStateMachineTaskThread-/0.0.0.0:15217-0 ] INFO  utils.DatanodeStoreCache (DatanodeStoreCache.java:addDB(72)) - Added db /home/runner/work/ozone/ozone/hadoop-ozone/integration-test/target/test-dir/MiniOzoneClusterImpl-a24c3557-08b1-4f8b-a0f8-6c13b4e42376/ozone-meta/datanode-3/data-0/hdds/a24c3557-08b1-4f8b-a0f8-6c13b4e42376/DS-6a09db33-8fcf-491f-b53c-1800df229e9a/container.db to cache
2024-03-04 13:03:05,028 [8524ad2e-bdc1-42ec-a210-9e3cb3b33839-EndpointStateMachineTaskThread-/0.0.0.0:15217-0 ] INFO  volume.HddsVolume (HddsVolume.java:createDbStore(420)) - SchemaV3 db is created and loaded at /home/runner/work/ozone/ozone/hadoop-ozone/integration-test/target/test-dir/MiniOzoneClusterImpl-a24c3557-08b1-4f8b-a0f8-6c13b4e42376/ozone-meta/datanode-3/data-0/hdds/a24c3557-08b1-4f8b-a0f8-6c13b4e42376/DS-6a09db33-8fcf-491f-b53c-1800df229e9a/container.db for volume DS-6a09db33-8fcf-491f-b53c-1800df229e9a
2024-03-04 13:03:05,029 [8524ad2e-bdc1-42ec-a210-9e3cb3b33839-ContainerReader-0] INFO  ozoneimpl.ContainerReader (ContainerReader.java:readVolume(148)) - Start to verify containers on volume /home/runner/work/ozone/ozone/hadoop-ozone/integration-test/target/test-dir/MiniOzoneClusterImpl-a24c3557-08b1-4f8b-a0f8-6c13b4e42376/ozone-meta/datanode-3/data-0/hdds
2024-03-04 13:03:05,030 [8524ad2e-bdc1-42ec-a210-9e3cb3b33839-ContainerReader-0] INFO  ozoneimpl.ContainerReader (ContainerReader.java:readVolume(178)) - Finish verifying containers on volume /home/runner/work/ozone/ozone/hadoop-ozone/integration-test/target/test-dir/MiniOzoneClusterImpl-a24c3557-08b1-4f8b-a0f8-6c13b4e42376/ozone-meta/datanode-3/data-0/hdds
2024-03-04 13:03:05,030 [8524ad2e-bdc1-42ec-a210-9e3cb3b33839-EndpointStateMachineTaskThread-/0.0.0.0:15217-0 ] INFO  ozoneimpl.OzoneContainer (OzoneContainer.java:buildContainerSet(328)) - Build ContainerSet costs 0s
2024-03-04 13:03:05,030 [8524ad2e-bdc1-42ec-a210-9e3cb3b33839-EndpointStateMachineTaskThread-/0.0.0.0:15217-0 ] INFO  volume.ThrottledAsyncChecker (ThrottledAsyncChecker.java:schedule(141)) - Scheduling a check for /home/runner/work/ozone/ozone/hadoop-ozone/integration-test/target/test-dir/MiniOzoneClusterImpl-a24c3557-08b1-4f8b-a0f8-6c13b4e42376/ozone-meta/datanode-3/data-0/hdds
2024-03-04 13:03:05,032 [8524ad2e-bdc1-42ec-a210-9e3cb3b33839-EndpointStateMachineTaskThread-/0.0.0.0:15217-0 ] INFO  volume.StorageVolumeChecker (StorageVolumeChecker.java:checkAllVolumes(218)) - Scheduled health check for volume /home/runner/work/ozone/ozone/hadoop-ozone/integration-test/target/test-dir/MiniOzoneClusterImpl-a24c3557-08b1-4f8b-a0f8-6c13b4e42376/ozone-meta/datanode-3/data-0/hdds
2024-03-04 13:03:05,033 [8524ad2e-bdc1-42ec-a210-9e3cb3b33839-EndpointStateMachineTaskThread-/0.0.0.0:15217-0 ] INFO  volume.ThrottledAsyncChecker (ThrottledAsyncChecker.java:schedule(141)) - Scheduling a check for /home/runner/work/ozone/ozone/hadoop-ozone/integration-test/target/test-dir/MiniOzoneClusterImpl-a24c3557-08b1-4f8b-a0f8-6c13b4e42376/ozone-meta/datanode-3/ratis
2024-03-04 13:03:05,033 [8524ad2e-bdc1-42ec-a210-9e3cb3b33839-EndpointStateMachineTaskThread-/0.0.0.0:15217-0 ] INFO  volume.StorageVolumeChecker (StorageVolumeChecker.java:checkAllVolumes(218)) - Scheduled health check for volume /home/runner/work/ozone/ozone/hadoop-ozone/integration-test/target/test-dir/MiniOzoneClusterImpl-a24c3557-08b1-4f8b-a0f8-6c13b4e42376/ozone-meta/datanode-3/ratis
2024-03-04 13:03:05,034 [8524ad2e-bdc1-42ec-a210-9e3cb3b33839-EndpointStateMachineTaskThread-/0.0.0.0:15217-0 ] INFO  ozoneimpl.OzoneContainer (OzoneContainer.java:start(459)) - Attempting to start container services.
2024-03-04 13:03:05,034 [8524ad2e-bdc1-42ec-a210-9e3cb3b33839-EndpointStateMachineTaskThread-/0.0.0.0:15217-0 ] INFO  ozoneimpl.OzoneContainer (OzoneContainer.java:startContainerScrub(339)) - Scheduled background container scanners and the on-demand container scanner have been disabled.
2024-03-04 13:03:05,035 [8524ad2e-bdc1-42ec-a210-9e3cb3b33839-EndpointStateMachineTaskThread-/0.0.0.0:15217-0 ] INFO  replication.ReplicationServer (ReplicationServer.java:start(142)) - ReplicationServer is started using port 15257
2024-03-04 13:03:05,035 [8524ad2e-bdc1-42ec-a210-9e3cb3b33839-EndpointStateMachineTaskThread-/0.0.0.0:15217-0 ] INFO  ratis.XceiverServerRatis (XceiverServerRatis.java:start(566)) - Starting XceiverServerRatis 8524ad2e-bdc1-42ec-a210-9e3cb3b33839
2024-03-04 13:03:05,041 [8524ad2e-bdc1-42ec-a210-9e3cb3b33839-EndpointStateMachineTaskThread-/0.0.0.0:15217-0 ] INFO  server.RaftServer (RaftServerProxy.java:startImpl(406)) - 8524ad2e-bdc1-42ec-a210-9e3cb3b33839: start RPC server
2024-03-04 13:03:05,042 [8524ad2e-bdc1-42ec-a210-9e3cb3b33839-EndpointStateMachineTaskThread-/0.0.0.0:15217-0 ] INFO  server.GrpcService (GrpcService.java:startImpl(302)) - 8524ad2e-bdc1-42ec-a210-9e3cb3b33839: GrpcService started, listening on 15253
2024-03-04 13:03:05,045 [8524ad2e-bdc1-42ec-a210-9e3cb3b33839-EndpointStateMachineTaskThread-/0.0.0.0:15217-0 ] INFO  server.GrpcService (GrpcService.java:startImpl(302)) - 8524ad2e-bdc1-42ec-a210-9e3cb3b33839: GrpcService started, listening on 15255
2024-03-04 13:03:05,045 [8524ad2e-bdc1-42ec-a210-9e3cb3b33839-EndpointStateMachineTaskThread-/0.0.0.0:15217-0 ] INFO  server.GrpcService (GrpcService.java:startImpl(302)) - 8524ad2e-bdc1-42ec-a210-9e3cb3b33839: GrpcService started, listening on 15254
2024-03-04 13:03:05,046 [8524ad2e-bdc1-42ec-a210-9e3cb3b33839-EndpointStateMachineTaskThread-/0.0.0.0:15217-0 ] INFO  ratis.XceiverServerRatis (XceiverServerRatis.java:getRealPort(592)) - XceiverServerRatis 8524ad2e-bdc1-42ec-a210-9e3cb3b33839 is started using port 15253 for RATIS
2024-03-04 13:03:05,046 [8524ad2e-bdc1-42ec-a210-9e3cb3b33839-EndpointStateMachineTaskThread-/0.0.0.0:15217-0 ] INFO  ratis.XceiverServerRatis (XceiverServerRatis.java:getRealPort(592)) - XceiverServerRatis 8524ad2e-bdc1-42ec-a210-9e3cb3b33839 is started using port 15254 for RATIS_ADMIN
2024-03-04 13:03:05,046 [8524ad2e-bdc1-42ec-a210-9e3cb3b33839-EndpointStateMachineTaskThread-/0.0.0.0:15217-0 ] INFO  ratis.XceiverServerRatis (XceiverServerRatis.java:getRealPort(592)) - XceiverServerRatis 8524ad2e-bdc1-42ec-a210-9e3cb3b33839 is started using port 15255 for RATIS_SERVER
2024-03-04 13:03:05,046 [8524ad2e-bdc1-42ec-a210-9e3cb3b33839-EndpointStateMachineTaskThread-/0.0.0.0:15217-0 ] INFO  ratis.XceiverServerRatis (XceiverServerRatis.java:getRealPort(592)) - XceiverServerRatis 8524ad2e-bdc1-42ec-a210-9e3cb3b33839 is started using port 15256 for RATIS_DATASTREAM
2024-03-04 13:03:05,046 [JvmPauseMonitor65] INFO  util.JvmPauseMonitor (JvmPauseMonitor.java:run(146)) - JvmPauseMonitor-8524ad2e-bdc1-42ec-a210-9e3cb3b33839: Started
2024-03-04 13:03:05,050 [8524ad2e-bdc1-42ec-a210-9e3cb3b33839-BlockDeletingService#0] INFO  interfaces.ContainerDeletionChoosingPolicyTemplate (ContainerDeletionChoosingPolicyTemplate.java:chooseContainerForBlockDeletion(85)) - Chosen 0/5000 blocks from 0 candidate containers.
2024-03-04 13:03:06,001 [main] INFO  ozone.MiniOzoneClusterImpl (MiniOzoneClusterImpl.java:lambda$waitForClusterToBeReady$0(194)) - Waiting for nodes to be ready. Got 0 of 3 DN Heartbeats.
2024-03-04 13:03:06,001 [main] INFO  ozone.MiniOzoneClusterImpl (MiniOzoneClusterImpl.java:lambda$waitForClusterToBeReady$0(197)) - Waiting for cluster to exit safe mode
2024-03-04 13:03:06,001 [main] INFO  ozone.MiniOzoneClusterImpl (MiniOzoneClusterImpl.java:lambda$waitForClusterToBeReady$0(199)) - SCM became leader
2024-03-04 13:03:06,795 [IPC Server handler 0 on default port 15217] INFO  net.NetworkTopologyImpl (NetworkTopologyImpl.java:add(124)) - Added a new node: /default-rack/6f4eae97-3d37-4aee-9d11-cbcb461265bf
2024-03-04 13:03:06,796 [IPC Server handler 0 on default port 15217] INFO  node.SCMNodeManager (SCMNodeManager.java:register(421)) - Registered datanode: 6f4eae97-3d37-4aee-9d11-cbcb461265bf{ip: 10.1.0.12, host: fv-az571-795.sssw3dgiwi1e5jwxh1zizygaca.bx.internal.cloudapp.net, ports: [HTTP=15232, CLIENT_RPC=15233, REPLICATION=15239, RATIS=15235, RATIS_ADMIN=15236, RATIS_SERVER=15237, RATIS_DATASTREAM=15238, STANDALONE=15234], networkLocation: /default-rack, certSerialId: null, persistedOpState: null, persistedOpStateExpiryEpochSec: 0}
2024-03-04 13:03:06,798 [EventQueue-NodeRegistrationContainerReportForContainerSafeModeRule] INFO  safemode.SCMSafeModeManager (SCMSafeModeManager.java:validateSafeModeExitRules(200)) - ContainerSafeModeRule rule is successfully validated
2024-03-04 13:03:06,798 [EventQueue-NewNodeForNewNodeHandler] INFO  pipeline.BackgroundPipelineCreator (BackgroundPipelineCreator.java:notifyEventTriggered(280)) - trigger a one-shot run on RatisPipelineUtilsThread.
2024-03-04 13:03:06,799 [RatisPipelineUtilsThread-0] INFO  pipeline.RatisPipelineProvider (RatisPipelineProvider.java:lambda$create$0(205)) - Sending CreatePipelineCommand for pipeline:PipelineID=75601d72-0408-4fd0-8009-fb1c5e6969eb to datanode:6f4eae97-3d37-4aee-9d11-cbcb461265bf
2024-03-04 13:03:06,799 [RatisPipelineUtilsThread-0] INFO  pipeline.BackgroundPipelineCreator (BackgroundPipelineCreator.java:createPipelines(236)) - Created new pipeline Pipeline[ Id: 75601d72-0408-4fd0-8009-fb1c5e6969eb, Nodes: 6f4eae97-3d37-4aee-9d11-cbcb461265bf(fv-az571-795.sssw3dgiwi1e5jwxh1zizygaca.bx.internal.cloudapp.net/10.1.0.12), ReplicationConfig: RATIS/ONE, State:ALLOCATED, leaderId:, CreationTimestamp2024-03-04T13:03:06.799Z[Etc/UTC]]
2024-03-04 13:03:06,801 [EventQueue-NodeRegistrationContainerReportForDataNodeSafeModeRule] INFO  safemode.SCMSafeModeManager (DataNodeSafeModeRule.java:process(71)) - SCM in safe mode. 1 DataNodes registered, 3 required.
2024-03-04 13:03:06,802 [EventQueue-PipelineReportForOneReplicaPipelineSafeModeRule] INFO  safemode.SCMSafeModeManager (SCMSafeModeManager.java:validateSafeModeExitRules(200)) - AtleastOneDatanodeReportedRule rule is successfully validated
2024-03-04 13:03:06,874 [IPC Server handler 1 on default port 15217] INFO  net.NetworkTopologyImpl (NetworkTopologyImpl.java:add(124)) - Added a new node: /default-rack/0de63147-ab38-4467-8675-efd501240ff2
2024-03-04 13:03:06,875 [IPC Server handler 1 on default port 15217] INFO  node.SCMNodeManager (SCMNodeManager.java:register(421)) - Registered datanode: 0de63147-ab38-4467-8675-efd501240ff2{ip: 10.1.0.12, host: fv-az571-795.sssw3dgiwi1e5jwxh1zizygaca.bx.internal.cloudapp.net, ports: [HTTP=15241, CLIENT_RPC=15242, REPLICATION=15248, RATIS=15244, RATIS_ADMIN=15245, RATIS_SERVER=15246, RATIS_DATASTREAM=15247, STANDALONE=15243], networkLocation: /default-rack, certSerialId: null, persistedOpState: null, persistedOpStateExpiryEpochSec: 0}
2024-03-04 13:03:06,875 [EventQueue-NewNodeForNewNodeHandler] INFO  pipeline.BackgroundPipelineCreator (BackgroundPipelineCreator.java:notifyEventTriggered(280)) - trigger a one-shot run on RatisPipelineUtilsThread.
2024-03-04 13:03:06,876 [RatisPipelineUtilsThread-0] INFO  pipeline.RatisPipelineProvider (RatisPipelineProvider.java:lambda$create$0(205)) - Sending CreatePipelineCommand for pipeline:PipelineID=035b6d65-f766-4335-aa7c-2f08ed923df5 to datanode:0de63147-ab38-4467-8675-efd501240ff2
2024-03-04 13:03:06,876 [EventQueue-NodeRegistrationContainerReportForDataNodeSafeModeRule] INFO  safemode.SCMSafeModeManager (DataNodeSafeModeRule.java:process(71)) - SCM in safe mode. 2 DataNodes registered, 3 required.
2024-03-04 13:03:06,876 [RatisPipelineUtilsThread-0] INFO  pipeline.BackgroundPipelineCreator (BackgroundPipelineCreator.java:createPipelines(236)) - Created new pipeline Pipeline[ Id: 035b6d65-f766-4335-aa7c-2f08ed923df5, Nodes: 0de63147-ab38-4467-8675-efd501240ff2(fv-az571-795.sssw3dgiwi1e5jwxh1zizygaca.bx.internal.cloudapp.net/10.1.0.12), ReplicationConfig: RATIS/ONE, State:ALLOCATED, leaderId:, CreationTimestamp2024-03-04T13:03:06.876Z[Etc/UTC]]
2024-03-04 13:03:07,001 [main] INFO  ozone.MiniOzoneClusterImpl (MiniOzoneClusterImpl.java:lambda$waitForClusterToBeReady$0(194)) - Waiting for nodes to be ready. Got 2 of 3 DN Heartbeats.
2024-03-04 13:03:07,002 [main] INFO  ozone.MiniOzoneClusterImpl (MiniOzoneClusterImpl.java:lambda$waitForClusterToBeReady$0(197)) - Waiting for cluster to exit safe mode
2024-03-04 13:03:07,002 [main] INFO  ozone.MiniOzoneClusterImpl (MiniOzoneClusterImpl.java:lambda$waitForClusterToBeReady$0(199)) - SCM became leader
2024-03-04 13:03:07,010 [IPC Server handler 2 on default port 15217] INFO  net.NetworkTopologyImpl (NetworkTopologyImpl.java:add(124)) - Added a new node: /default-rack/8524ad2e-bdc1-42ec-a210-9e3cb3b33839
2024-03-04 13:03:07,010 [IPC Server handler 2 on default port 15217] INFO  node.SCMNodeManager (SCMNodeManager.java:register(421)) - Registered datanode: 8524ad2e-bdc1-42ec-a210-9e3cb3b33839{ip: 10.1.0.12, host: fv-az571-795.sssw3dgiwi1e5jwxh1zizygaca.bx.internal.cloudapp.net, ports: [HTTP=15250, CLIENT_RPC=15251, REPLICATION=15257, RATIS=15253, RATIS_ADMIN=15254, RATIS_SERVER=15255, RATIS_DATASTREAM=15256, STANDALONE=15252], networkLocation: /default-rack, certSerialId: null, persistedOpState: null, persistedOpStateExpiryEpochSec: 0}
2024-03-04 13:03:07,011 [EventQueue-NewNodeForNewNodeHandler] INFO  pipeline.BackgroundPipelineCreator (BackgroundPipelineCreator.java:notifyEventTriggered(280)) - trigger a one-shot run on RatisPipelineUtilsThread.
2024-03-04 13:03:07,011 [RatisPipelineUtilsThread-0] INFO  pipeline.RatisPipelineProvider (RatisPipelineProvider.java:lambda$create$0(205)) - Sending CreatePipelineCommand for pipeline:PipelineID=d42c254f-247b-4e04-80bc-70af2616011f to datanode:8524ad2e-bdc1-42ec-a210-9e3cb3b33839
2024-03-04 13:03:07,012 [RatisPipelineUtilsThread-0] INFO  pipeline.BackgroundPipelineCreator (BackgroundPipelineCreator.java:createPipelines(236)) - Created new pipeline Pipeline[ Id: d42c254f-247b-4e04-80bc-70af2616011f, Nodes: 8524ad2e-bdc1-42ec-a210-9e3cb3b33839(fv-az571-795.sssw3dgiwi1e5jwxh1zizygaca.bx.internal.cloudapp.net/10.1.0.12), ReplicationConfig: RATIS/ONE, State:ALLOCATED, leaderId:, CreationTimestamp2024-03-04T13:03:07.011Z[Etc/UTC]]
2024-03-04 13:03:07,013 [EventQueue-NodeRegistrationContainerReportForDataNodeSafeModeRule] INFO  safemode.SCMSafeModeManager (DataNodeSafeModeRule.java:process(71)) - SCM in safe mode. 3 DataNodes registered, 3 required.
2024-03-04 13:03:07,013 [EventQueue-NodeRegistrationContainerReportForDataNodeSafeModeRule] INFO  safemode.SCMSafeModeManager (SCMSafeModeManager.java:validateSafeModeExitRules(200)) - DataNodeSafeModeRule rule is successfully validated
2024-03-04 13:03:07,013 [EventQueue-NodeRegistrationContainerReportForDataNodeSafeModeRule] INFO  safemode.SCMSafeModeManager (SCMSafeModeManager.java:completePreCheck(229)) - All SCM safe mode pre check rules have passed
2024-03-04 13:03:07,013 [EventQueue-NodeRegistrationContainerReportForDataNodeSafeModeRule] INFO  ha.SCMContext (SCMContext.java:updateSafeModeStatus(225)) - Update SafeModeStatus from SafeModeStatus{safeModeStatus=true, preCheckPassed=false} to SafeModeStatus{safeModeStatus=true, preCheckPassed=true}.
2024-03-04 13:03:07,013 [EventQueue-NodeRegistrationContainerReportForDataNodeSafeModeRule] INFO  pipeline.BackgroundPipelineCreator (BackgroundPipelineCreator.java:notifyEventTriggered(280)) - trigger a one-shot run on RatisPipelineUtilsThread.
2024-03-04 13:03:07,014 [RatisPipelineUtilsThread-0] INFO  pipeline.RatisPipelineProvider (RatisPipelineProvider.java:lambda$create$0(205)) - Sending CreatePipelineCommand for pipeline:PipelineID=67e9053d-a29c-437d-b32c-74c0bcd5d99e to datanode:0de63147-ab38-4467-8675-efd501240ff2
2024-03-04 13:03:07,014 [RatisPipelineUtilsThread-0] INFO  pipeline.RatisPipelineProvider (RatisPipelineProvider.java:lambda$create$0(205)) - Sending CreatePipelineCommand for pipeline:PipelineID=67e9053d-a29c-437d-b32c-74c0bcd5d99e to datanode:6f4eae97-3d37-4aee-9d11-cbcb461265bf
2024-03-04 13:03:07,014 [RatisPipelineUtilsThread-0] INFO  pipeline.RatisPipelineProvider (RatisPipelineProvider.java:lambda$create$0(205)) - Sending CreatePipelineCommand for pipeline:PipelineID=67e9053d-a29c-437d-b32c-74c0bcd5d99e to datanode:8524ad2e-bdc1-42ec-a210-9e3cb3b33839
2024-03-04 13:03:07,014 [RatisPipelineUtilsThread-0] INFO  pipeline.BackgroundPipelineCreator (BackgroundPipelineCreator.java:createPipelines(236)) - Created new pipeline Pipeline[ Id: 67e9053d-a29c-437d-b32c-74c0bcd5d99e, Nodes: 0de63147-ab38-4467-8675-efd501240ff2(fv-az571-795.sssw3dgiwi1e5jwxh1zizygaca.bx.internal.cloudapp.net/10.1.0.12)6f4eae97-3d37-4aee-9d11-cbcb461265bf(fv-az571-795.sssw3dgiwi1e5jwxh1zizygaca.bx.internal.cloudapp.net/10.1.0.12)8524ad2e-bdc1-42ec-a210-9e3cb3b33839(fv-az571-795.sssw3dgiwi1e5jwxh1zizygaca.bx.internal.cloudapp.net/10.1.0.12), ReplicationConfig: RATIS/THREE, State:ALLOCATED, leaderId:, CreationTimestamp2024-03-04T13:03:07.014Z[Etc/UTC]]
2024-03-04 13:03:07,015 [RatisPipelineUtilsThread-0] INFO  pipeline.RatisPipelineProvider (RatisPipelineProvider.java:lambda$create$0(205)) - Sending CreatePipelineCommand for pipeline:PipelineID=68800204-032d-45d2-83be-5f591d046286 to datanode:0de63147-ab38-4467-8675-efd501240ff2
2024-03-04 13:03:07,015 [RatisPipelineUtilsThread-0] INFO  pipeline.RatisPipelineProvider (RatisPipelineProvider.java:lambda$create$0(205)) - Sending CreatePipelineCommand for pipeline:PipelineID=68800204-032d-45d2-83be-5f591d046286 to datanode:8524ad2e-bdc1-42ec-a210-9e3cb3b33839
2024-03-04 13:03:07,015 [RatisPipelineUtilsThread-0] INFO  pipeline.RatisPipelineProvider (RatisPipelineProvider.java:lambda$create$0(205)) - Sending CreatePipelineCommand for pipeline:PipelineID=68800204-032d-45d2-83be-5f591d046286 to datanode:6f4eae97-3d37-4aee-9d11-cbcb461265bf
2024-03-04 13:03:07,015 [RatisPipelineUtilsThread-0] INFO  pipeline.PipelineManagerImpl (PipelineManagerImpl.java:recordMetricsForPipeline(916)) - Pipeline: PipelineID=68800204-032d-45d2-83be-5f591d046286 contains same datanodes as previous pipelines: PipelineID=67e9053d-a29c-437d-b32c-74c0bcd5d99e nodeIds: 0de63147-ab38-4467-8675-efd501240ff2, 8524ad2e-bdc1-42ec-a210-9e3cb3b33839, 6f4eae97-3d37-4aee-9d11-cbcb461265bf
2024-03-04 13:03:07,015 [RatisPipelineUtilsThread-0] INFO  pipeline.BackgroundPipelineCreator (BackgroundPipelineCreator.java:createPipelines(236)) - Created new pipeline Pipeline[ Id: 68800204-032d-45d2-83be-5f591d046286, Nodes: 0de63147-ab38-4467-8675-efd501240ff2(fv-az571-795.sssw3dgiwi1e5jwxh1zizygaca.bx.internal.cloudapp.net/10.1.0.12)8524ad2e-bdc1-42ec-a210-9e3cb3b33839(fv-az571-795.sssw3dgiwi1e5jwxh1zizygaca.bx.internal.cloudapp.net/10.1.0.12)6f4eae97-3d37-4aee-9d11-cbcb461265bf(fv-az571-795.sssw3dgiwi1e5jwxh1zizygaca.bx.internal.cloudapp.net/10.1.0.12), ReplicationConfig: RATIS/THREE, State:ALLOCATED, leaderId:, CreationTimestamp2024-03-04T13:03:07.015Z[Etc/UTC]]
2024-03-04 13:03:08,002 [main] INFO  ozone.MiniOzoneClusterImpl (MiniOzoneClusterImpl.java:lambda$waitForClusterToBeReady$0(194)) - Nodes are ready. Got 3 of 3 DN Heartbeats.
2024-03-04 13:03:08,002 [main] INFO  ozone.MiniOzoneClusterImpl (MiniOzoneClusterImpl.java:lambda$waitForClusterToBeReady$0(197)) - Waiting for cluster to exit safe mode
2024-03-04 13:03:08,002 [main] INFO  ozone.MiniOzoneClusterImpl (MiniOzoneClusterImpl.java:lambda$waitForClusterToBeReady$0(199)) - SCM became leader
2024-03-04 13:03:09,003 [main] INFO  ozone.MiniOzoneClusterImpl (MiniOzoneClusterImpl.java:lambda$waitForClusterToBeReady$0(194)) - Nodes are ready. Got 3 of 3 DN Heartbeats.
2024-03-04 13:03:09,003 [main] INFO  ozone.MiniOzoneClusterImpl (MiniOzoneClusterImpl.java:lambda$waitForClusterToBeReady$0(197)) - Waiting for cluster to exit safe mode
2024-03-04 13:03:09,003 [main] INFO  ozone.MiniOzoneClusterImpl (MiniOzoneClusterImpl.java:lambda$waitForClusterToBeReady$0(199)) - SCM became leader
2024-03-04 13:03:09,797 [6f4eae97-3d37-4aee-9d11-cbcb461265bf-PipelineCommandHandlerThread-0] INFO  server.RaftServer (RaftServerProxy.java:addNew(100)) - 6f4eae97-3d37-4aee-9d11-cbcb461265bf: addNew group-FB1C5E6969EB:[6f4eae97-3d37-4aee-9d11-cbcb461265bf|10.1.0.12:15237] returns group-FB1C5E6969EB:java.util.concurrent.CompletableFuture@304282b1[Not completed]
2024-03-04 13:03:09,797 [6f4eae97-3d37-4aee-9d11-cbcb461265bf-groupManagement] INFO  server.RaftServer$Division (RaftServerImpl.java:<init>(256)) - 6f4eae97-3d37-4aee-9d11-cbcb461265bf: new RaftServerImpl for group-FB1C5E6969EB:[6f4eae97-3d37-4aee-9d11-cbcb461265bf|10.1.0.12:15237] with ContainerStateMachine:uninitialized
2024-03-04 13:03:09,797 [6f4eae97-3d37-4aee-9d11-cbcb461265bf-groupManagement] INFO  server.RaftServerConfigKeys (ConfUtils.java:logGet(46)) - raft.server.rpc.timeout.min = 5s (custom)
2024-03-04 13:03:09,798 [6f4eae97-3d37-4aee-9d11-cbcb461265bf-groupManagement] INFO  server.RaftServerConfigKeys (ConfUtils.java:logGet(46)) - raft.server.rpc.timeout.max = 5200ms (custom)
2024-03-04 13:03:09,798 [6f4eae97-3d37-4aee-9d11-cbcb461265bf-groupManagement] INFO  server.RaftServerConfigKeys (ConfUtils.java:logGet(46)) - raft.server.rpc.sleep.time = 25ms (default)
2024-03-04 13:03:09,798 [6f4eae97-3d37-4aee-9d11-cbcb461265bf-groupManagement] INFO  server.RaftServerConfigKeys (ConfUtils.java:logGet(46)) - raft.server.rpc.slowness.timeout = 300s (custom)
2024-03-04 13:03:09,798 [6f4eae97-3d37-4aee-9d11-cbcb461265bf-groupManagement] INFO  server.RaftServerConfigKeys (ConfUtils.java:logGet(46)) - raft.server.leaderelection.leader.step-down.wait-time = 10s (default)
2024-03-04 13:03:09,798 [6f4eae97-3d37-4aee-9d11-cbcb461265bf-groupManagement] INFO  server.RaftServerConfigKeys (ConfUtils.java:logGet(46)) - raft.server.leaderelection.member.majority-add = false (default)
2024-03-04 13:03:09,798 [6f4eae97-3d37-4aee-9d11-cbcb461265bf-groupManagement] INFO  server.RaftServerConfigKeys (ConfUtils.java:logGet(46)) - raft.server.sleep.deviation.threshold = 300ms (default)
2024-03-04 13:03:09,798 [6f4eae97-3d37-4aee-9d11-cbcb461265bf-groupManagement] INFO  server.RaftServer$Division (ServerState.java:<init>(113)) - 6f4eae97-3d37-4aee-9d11-cbcb461265bf@group-FB1C5E6969EB: ConfigurationManager, init=-1: peers:[6f4eae97-3d37-4aee-9d11-cbcb461265bf|10.1.0.12:15237]|listeners:[], old=null, confs=<EMPTY_MAP>
2024-03-04 13:03:09,798 [6f4eae97-3d37-4aee-9d11-cbcb461265bf-groupManagement] INFO  server.RaftServerConfigKeys (ConfUtils.java:logGet(46)) - raft.server.notification.no-leader.timeout = 300s (custom)
2024-03-04 13:03:09,798 [6f4eae97-3d37-4aee-9d11-cbcb461265bf-groupManagement] INFO  server.RaftServerConfigKeys (ConfUtils.java:logGet(46)) - raft.server.read.timeout = 10s (default)
2024-03-04 13:03:09,798 [6f4eae97-3d37-4aee-9d11-cbcb461265bf-groupManagement] INFO  server.RaftServerConfigKeys (ConfUtils.java:logGet(46)) - raft.server.retrycache.expirytime = 600000ms (custom)
2024-03-04 13:03:09,798 [6f4eae97-3d37-4aee-9d11-cbcb461265bf-groupManagement] INFO  server.RaftServerConfigKeys (ConfUtils.java:logGet(46)) - raft.server.retrycache.statistics.expirytime = 100ms (default)
2024-03-04 13:03:09,798 [6f4eae97-3d37-4aee-9d11-cbcb461265bf-groupManagement] INFO  server.RaftServerConfigKeys (ConfUtils.java:logGet(46)) - raft.server.read.option = DEFAULT (default)
2024-03-04 13:03:09,798 [6f4eae97-3d37-4aee-9d11-cbcb461265bf-groupManagement] INFO  server.RaftServerConfigKeys (ConfUtils.java:logGet(46)) - raft.server.read.read-after-write-consistent.write-index-cache.expiry-time = 60s (default)
2024-03-04 13:03:09,799 [6f4eae97-3d37-4aee-9d11-cbcb461265bf-groupManagement] INFO  server.RaftServerConfigKeys (ConfUtils.java:logGet(46)) - raft.server.rpc.request.timeout = 60s (custom)
2024-03-04 13:03:09,799 [6f4eae97-3d37-4aee-9d11-cbcb461265bf-groupManagement] INFO  server.RaftServerConfigKeys (ConfUtils.java:logGet(46)) - raft.server.log.appender.install.snapshot.enabled = false (custom)
2024-03-04 13:03:09,800 [6f4eae97-3d37-4aee-9d11-cbcb461265bf-groupManagement] INFO  server.RaftServerConfigKeys (ConfUtils.java:logGet(46)) - raft.server.threadpool.server.cached = true (default)
2024-03-04 13:03:09,800 [6f4eae97-3d37-4aee-9d11-cbcb461265bf-groupManagement] INFO  server.RaftServerConfigKeys (ConfUtils.java:logGet(46)) - raft.server.threadpool.server.size = 0 (default)
2024-03-04 13:03:09,800 [6f4eae97-3d37-4aee-9d11-cbcb461265bf-groupManagement] INFO  server.RaftServerConfigKeys (ConfUtils.java:logGet(46)) - raft.server.threadpool.client.cached = true (default)
2024-03-04 13:03:09,800 [6f4eae97-3d37-4aee-9d11-cbcb461265bf-groupManagement] INFO  server.RaftServerConfigKeys (ConfUtils.java:logGet(46)) - raft.server.threadpool.client.size = 0 (default)
2024-03-04 13:03:09,800 [6f4eae97-3d37-4aee-9d11-cbcb461265bf-groupManagement] INFO  server.RaftServerConfigKeys (ConfUtils.java:logGet(46)) - raft.server.storage.free-space.min = 0MB (=0) (default)
2024-03-04 13:03:09,800 [6f4eae97-3d37-4aee-9d11-cbcb461265bf-groupManagement] INFO  server.RaftServerConfigKeys (ConfUtils.java:logGet(46)) - raft.server.log.corruption.policy = EXCEPTION (default)
2024-03-04 13:03:09,800 [6f4eae97-3d37-4aee-9d11-cbcb461265bf-groupManagement] INFO  server.RaftServerConfigKeys (ConfUtils.java:logGet(46)) - raft.server.storage.dir = [/home/runner/work/ozone/ozone/hadoop-ozone/integration-test/target/test-dir/MiniOzoneClusterImpl-a24c3557-08b1-4f8b-a0f8-6c13b4e42376/ozone-meta/datanode-1/ratis] (custom)
2024-03-04 13:03:09,800 [6f4eae97-3d37-4aee-9d11-cbcb461265bf-groupManagement] INFO  storage.RaftStorageDirectory (RaftStorageDirectoryImpl.java:analyzeStorage(138)) - The storage directory /home/runner/work/ozone/ozone/hadoop-ozone/integration-test/target/test-dir/MiniOzoneClusterImpl-a24c3557-08b1-4f8b-a0f8-6c13b4e42376/ozone-meta/datanode-1/ratis/75601d72-0408-4fd0-8009-fb1c5e6969eb does not exist. Creating ...
2024-03-04 13:03:09,801 [6f4eae97-3d37-4aee-9d11-cbcb461265bf-groupManagement] INFO  storage.RaftStorageDirectory (RaftStorageDirectoryImpl.java:tryLock(228)) - Lock on /home/runner/work/ozone/ozone/hadoop-ozone/integration-test/target/test-dir/MiniOzoneClusterImpl-a24c3557-08b1-4f8b-a0f8-6c13b4e42376/ozone-meta/datanode-1/ratis/75601d72-0408-4fd0-8009-fb1c5e6969eb/in_use.lock acquired by nodename 41993@fv-az571-795
2024-03-04 13:03:09,802 [6f4eae97-3d37-4aee-9d11-cbcb461265bf-groupManagement] INFO  storage.RaftStorage (RaftStorageImpl.java:format(99)) - Storage directory /home/runner/work/ozone/ozone/hadoop-ozone/integration-test/target/test-dir/MiniOzoneClusterImpl-a24c3557-08b1-4f8b-a0f8-6c13b4e42376/ozone-meta/datanode-1/ratis/75601d72-0408-4fd0-8009-fb1c5e6969eb has been successfully formatted.
2024-03-04 13:03:09,802 [6f4eae97-3d37-4aee-9d11-cbcb461265bf-groupManagement] WARN  util.FileUtils (LogUtils.java:supplyAndLog(63)) - Failed to Files.newInputStream /home/runner/work/ozone/ozone/hadoop-ozone/integration-test/target/test-dir/MiniOzoneClusterImpl-a24c3557-08b1-4f8b-a0f8-6c13b4e42376/ozone-meta/datanode-1/ratis/75601d72-0408-4fd0-8009-fb1c5e6969eb/current/raft-meta.conf with options []: java.nio.file.NoSuchFileException: /home/runner/work/ozone/ozone/hadoop-ozone/integration-test/target/test-dir/MiniOzoneClusterImpl-a24c3557-08b1-4f8b-a0f8-6c13b4e42376/ozone-meta/datanode-1/ratis/75601d72-0408-4fd0-8009-fb1c5e6969eb/current/raft-meta.conf
2024-03-04 13:03:09,803 [6f4eae97-3d37-4aee-9d11-cbcb461265bf-groupManagement] INFO  ratis.ContainerStateMachine (ContainerStateMachine.java:loadSnapshot(287)) - group-FB1C5E6969EB: The snapshot info is null. Setting the last applied index to:(t:0, i:~)
2024-03-04 13:03:09,803 [6f4eae97-3d37-4aee-9d11-cbcb461265bf-groupManagement] INFO  server.RaftServerConfigKeys (ConfUtils.java:logGet(46)) - raft.server.log.use.memory = false (default)
2024-03-04 13:03:09,803 [6f4eae97-3d37-4aee-9d11-cbcb461265bf-groupManagement] INFO  server.RaftServerConfigKeys (ConfUtils.java:logGet(46)) - raft.server.log.purge.gap = 1000000 (custom)
2024-03-04 13:03:09,803 [6f4eae97-3d37-4aee-9d11-cbcb461265bf-groupManagement] INFO  server.RaftServerConfigKeys (ConfUtils.java:logGet(46)) - raft.server.log.appender.buffer.byte-limit = 8388608 (custom)
2024-03-04 13:03:09,803 [6f4eae97-3d37-4aee-9d11-cbcb461265bf-groupManagement] INFO  server.RaftServerConfigKeys (ConfUtils.java:logGet(46)) - raft.server.log.statemachine.data.read.timeout = 1000ms (default)
2024-03-04 13:03:09,803 [6f4eae97-3d37-4aee-9d11-cbcb461265bf-groupManagement] INFO  server.RaftServerConfigKeys (ConfUtils.java:logGet(46)) - raft.server.log.purge.preservation.log.num = 0 (default)
2024-03-04 13:03:09,804 [6f4eae97-3d37-4aee-9d11-cbcb461265bf-groupManagement] INFO  server.RaftServerConfigKeys (ConfUtils.java:logGet(46)) - raft.server.log.segment.size.max = 67108864 (custom)
2024-03-04 13:03:09,804 [6f4eae97-3d37-4aee-9d11-cbcb461265bf-groupManagement] INFO  server.RaftServerConfigKeys (ConfUtils.java:logGet(46)) - raft.server.log.segment.cache.num.max = 2 (custom)
2024-03-04 13:03:09,804 [6f4eae97-3d37-4aee-9d11-cbcb461265bf-groupManagement] INFO  server.RaftServerConfigKeys (ConfUtils.java:logGet(46)) - raft.server.log.segment.cache.size.max = 200MB (=209715200) (default)
2024-03-04 13:03:09,804 [EventQueue-PipelineReportForPipelineReportHandler] INFO  pipeline.PipelineReportHandler (PipelineReportHandler.java:processPipelineReport(136)) - Opened pipeline PipelineID=75601d72-0408-4fd0-8009-fb1c5e6969eb
2024-03-04 13:03:09,804 [6f4eae97-3d37-4aee-9d11-cbcb461265bf-groupManagement] INFO  server.RaftServerConfigKeys (ConfUtils.java:logGet(46)) - raft.server.log.appender.buffer.byte-limit = 8388608 (custom)
2024-03-04 13:03:09,804 [6f4eae97-3d37-4aee-9d11-cbcb461265bf-groupManagement] INFO  util.AwaitToRun (AwaitToRun.java:start(81)) - Thread[6f4eae97-3d37-4aee-9d11-cbcb461265bf@group-FB1C5E6969EB-cacheEviction-AwaitToRun,5,main] started
2024-03-04 13:03:09,804 [6f4eae97-3d37-4aee-9d11-cbcb461265bf-groupManagement] INFO  segmented.SegmentedRaftLogWorker (SegmentedRaftLogWorker.java:<init>(182)) - new 6f4eae97-3d37-4aee-9d11-cbcb461265bf@group-FB1C5E6969EB-SegmentedRaftLogWorker for RaftStorageImpl:Storage Directory /home/runner/work/ozone/ozone/hadoop-ozone/integration-test/target/test-dir/MiniOzoneClusterImpl-a24c3557-08b1-4f8b-a0f8-6c13b4e42376/ozone-meta/datanode-1/ratis/75601d72-0408-4fd0-8009-fb1c5e6969eb
2024-03-04 13:03:09,805 [6f4eae97-3d37-4aee-9d11-cbcb461265bf-groupManagement] INFO  server.RaftServerConfigKeys (ConfUtils.java:logGet(46)) - raft.server.log.queue.byte-limit = 4294967296 (custom)
2024-03-04 13:03:09,805 [6f4eae97-3d37-4aee-9d11-cbcb461265bf-groupManagement] INFO  server.RaftServerConfigKeys (ConfUtils.java:logGet(46)) - raft.server.log.queue.element-limit = 1024 (custom)
2024-03-04 13:03:09,805 [6f4eae97-3d37-4aee-9d11-cbcb461265bf-groupManagement] INFO  server.RaftServerConfigKeys (ConfUtils.java:logGet(46)) - raft.server.log.segment.size.max = 67108864 (custom)
2024-03-04 13:03:09,805 [6f4eae97-3d37-4aee-9d11-cbcb461265bf-groupManagement] INFO  server.RaftServerConfigKeys (ConfUtils.java:logGet(46)) - raft.server.log.preallocated.size = 4194304 (custom)
2024-03-04 13:03:09,805 [6f4eae97-3d37-4aee-9d11-cbcb461265bf-groupManagement] INFO  server.RaftServerConfigKeys (ConfUtils.java:logGet(46)) - raft.server.log.force.sync.num = 128 (default)
2024-03-04 13:03:09,805 [6f4eae97-3d37-4aee-9d11-cbcb461265bf-groupManagement] INFO  server.RaftServerConfigKeys (ConfUtils.java:logGet(46)) - raft.server.log.statemachine.data.sync = true (default)
2024-03-04 13:03:09,805 [6f4eae97-3d37-4aee-9d11-cbcb461265bf-groupManagement] INFO  server.RaftServerConfigKeys (ConfUtils.java:logGet(46)) - raft.server.log.statemachine.data.sync.timeout = 10s (default)
2024-03-04 13:03:09,805 [6f4eae97-3d37-4aee-9d11-cbcb461265bf-groupManagement] INFO  server.RaftServerConfigKeys (ConfUtils.java:logGet(46)) - raft.server.log.statemachine.data.sync.timeout.retry = 0 (custom)
2024-03-04 13:03:09,805 [6f4eae97-3d37-4aee-9d11-cbcb461265bf-groupManagement] INFO  server.RaftServerConfigKeys (ConfUtils.java:logGet(46)) - raft.server.log.write.buffer.size = 8388616 (custom)
2024-03-04 13:03:09,808 [6f4eae97-3d37-4aee-9d11-cbcb461265bf-groupManagement] INFO  server.RaftServerConfigKeys (ConfUtils.java:logGet(46)) - raft.server.log.appender.buffer.byte-limit = 8388608 (custom)
2024-03-04 13:03:09,808 [EventQueue-OpenPipelineForHealthyPipelineSafeModeRule] INFO  safemode.SCMSafeModeManager (HealthyPipelineSafeModeRule.java:process(140)) - SCM in safe mode. Healthy pipelines reported count is 0, required healthy pipeline reported count is 1
2024-03-04 13:03:09,808 [6f4eae97-3d37-4aee-9d11-cbcb461265bf-groupManagement] INFO  server.RaftServerConfigKeys (ConfUtils.java:logGet(46)) - raft.server.log.unsafe-flush.enabled = false (default)
2024-03-04 13:03:09,808 [6f4eae97-3d37-4aee-9d11-cbcb461265bf-groupManagement] INFO  server.RaftServerConfigKeys (ConfUtils.java:logGet(46)) - raft.server.log.async-flush.enabled = false (default)
2024-03-04 13:03:09,808 [6f4eae97-3d37-4aee-9d11-cbcb461265bf-groupManagement] INFO  server.RaftServerConfigKeys (ConfUtils.java:logGet(46)) - raft.server.log.statemachine.data.caching.enabled = true (custom)
2024-03-04 13:03:09,808 [6f4eae97-3d37-4aee-9d11-cbcb461265bf-groupManagement] INFO  segmented.SegmentedRaftLogWorker (SegmentedRaftLogWorker.java:lambda$new$0(134)) - 6f4eae97-3d37-4aee-9d11-cbcb461265bf@group-FB1C5E6969EB-SegmentedRaftLogWorker: flushIndex: setUnconditionally 0 -> -1
2024-03-04 13:03:09,808 [6f4eae97-3d37-4aee-9d11-cbcb461265bf-groupManagement] INFO  segmented.SegmentedRaftLogWorker (SegmentedRaftLogWorker.java:lambda$new$0(134)) - 6f4eae97-3d37-4aee-9d11-cbcb461265bf@group-FB1C5E6969EB-SegmentedRaftLogWorker: safeCacheEvictIndex: setUnconditionally 0 -> -1
2024-03-04 13:03:09,808 [6f4eae97-3d37-4aee-9d11-cbcb461265bf-groupManagement] INFO  server.RaftServer$Division (RaftServerImpl.java:start(396)) - 6f4eae97-3d37-4aee-9d11-cbcb461265bf@group-FB1C5E6969EB: start as a follower, conf=-1: peers:[6f4eae97-3d37-4aee-9d11-cbcb461265bf|10.1.0.12:15237]|listeners:[], old=null
2024-03-04 13:03:09,809 [6f4eae97-3d37-4aee-9d11-cbcb461265bf-groupManagement] INFO  server.RaftServer$Division (RaftServerImpl.java:setRole(383)) - 6f4eae97-3d37-4aee-9d11-cbcb461265bf@group-FB1C5E6969EB: changes role from      null to FOLLOWER at term 0 for startAsFollower
2024-03-04 13:03:09,809 [6f4eae97-3d37-4aee-9d11-cbcb461265bf-groupManagement] INFO  impl.RoleInfo (RoleInfo.java:updateAndGet(139)) - 6f4eae97-3d37-4aee-9d11-cbcb461265bf: start 6f4eae97-3d37-4aee-9d11-cbcb461265bf@group-FB1C5E6969EB-FollowerState
2024-03-04 13:03:09,809 [6f4eae97-3d37-4aee-9d11-cbcb461265bf@group-FB1C5E6969EB-FollowerState] INFO  server.RaftServerConfigKeys (ConfUtils.java:logFallback(53)) - raft.server.rpc.first-election.timeout.min = 5s (fallback to raft.server.rpc.timeout.min)
2024-03-04 13:03:09,809 [6f4eae97-3d37-4aee-9d11-cbcb461265bf-groupManagement] INFO  util.JmxRegister (JmxRegister.java:tryRegister(44)) - Successfully registered JMX Bean with object name Ratis:service=RaftServer,group=group-FB1C5E6969EB,id=6f4eae97-3d37-4aee-9d11-cbcb461265bf
2024-03-04 13:03:09,809 [6f4eae97-3d37-4aee-9d11-cbcb461265bf@group-FB1C5E6969EB-FollowerState] INFO  server.RaftServerConfigKeys (ConfUtils.java:logFallback(53)) - raft.server.rpc.first-election.timeout.max = 5200ms (fallback to raft.server.rpc.timeout.max)
2024-03-04 13:03:09,809 [6f4eae97-3d37-4aee-9d11-cbcb461265bf-groupManagement] INFO  server.RaftServerConfigKeys (ConfUtils.java:logGet(46)) - raft.server.snapshot.trigger-when-stop.enabled = true (default)
2024-03-04 13:03:09,809 [6f4eae97-3d37-4aee-9d11-cbcb461265bf-groupManagement] INFO  server.RaftServerConfigKeys (ConfUtils.java:logGet(46)) - raft.server.snapshot.auto.trigger.enabled = true (custom)
2024-03-04 13:03:09,809 [6f4eae97-3d37-4aee-9d11-cbcb461265bf-groupManagement] INFO  server.RaftServerConfigKeys (ConfUtils.java:logGet(46)) - raft.server.snapshot.auto.trigger.threshold = 10000 (custom)
2024-03-04 13:03:09,809 [6f4eae97-3d37-4aee-9d11-cbcb461265bf-groupManagement] INFO  server.RaftServerConfigKeys (ConfUtils.java:logGet(46)) - raft.server.snapshot.retention.file.num = 5 (custom)
2024-03-04 13:03:09,809 [6f4eae97-3d37-4aee-9d11-cbcb461265bf-groupManagement] INFO  server.RaftServerConfigKeys (ConfUtils.java:logGet(46)) - raft.server.log.purge.upto.snapshot.index = false (default)
2024-03-04 13:03:09,810 [6f4eae97-3d37-4aee-9d11-cbcb461265bf-PipelineCommandHandlerThread-0] INFO  ratis.XceiverServerRatis (XceiverServerRatis.java:addGroup(864)) - Created group PipelineID=75601d72-0408-4fd0-8009-fb1c5e6969eb
2024-03-04 13:03:09,810 [6f4eae97-3d37-4aee-9d11-cbcb461265bf-PipelineCommandHandlerThread-0] INFO  commandhandler.CreatePipelineCommandHandler (CreatePipelineCommandHandler.java:lambda$handle$2(124)) - Created Pipeline RATIS ONE PipelineID=75601d72-0408-4fd0-8009-fb1c5e6969eb.
2024-03-04 13:03:09,810 [6f4eae97-3d37-4aee-9d11-cbcb461265bf-PipelineCommandHandlerThread-0] INFO  server.RaftServer (RaftServerProxy.java:addNew(100)) - 6f4eae97-3d37-4aee-9d11-cbcb461265bf: addNew group-74C0BCD5D99E:[6f4eae97-3d37-4aee-9d11-cbcb461265bf|10.1.0.12:15237, 0de63147-ab38-4467-8675-efd501240ff2|10.1.0.12:15246, 8524ad2e-bdc1-42ec-a210-9e3cb3b33839|10.1.0.12:15255] returns group-74C0BCD5D99E:java.util.concurrent.CompletableFuture@347d1061[Not completed]
2024-03-04 13:03:09,811 [6f4eae97-3d37-4aee-9d11-cbcb461265bf-groupManagement] INFO  server.RaftServer$Division (RaftServerImpl.java:<init>(256)) - 6f4eae97-3d37-4aee-9d11-cbcb461265bf: new RaftServerImpl for group-74C0BCD5D99E:[6f4eae97-3d37-4aee-9d11-cbcb461265bf|10.1.0.12:15237, 0de63147-ab38-4467-8675-efd501240ff2|10.1.0.12:15246, 8524ad2e-bdc1-42ec-a210-9e3cb3b33839|10.1.0.12:15255] with ContainerStateMachine:uninitialized
2024-03-04 13:03:09,811 [6f4eae97-3d37-4aee-9d11-cbcb461265bf-groupManagement] INFO  server.RaftServerConfigKeys (ConfUtils.java:logGet(46)) - raft.server.rpc.timeout.min = 5s (custom)
2024-03-04 13:03:09,811 [6f4eae97-3d37-4aee-9d11-cbcb461265bf-groupManagement] INFO  server.RaftServerConfigKeys (ConfUtils.java:logGet(46)) - raft.server.rpc.timeout.max = 5200ms (custom)
2024-03-04 13:03:09,811 [6f4eae97-3d37-4aee-9d11-cbcb461265bf-groupManagement] INFO  server.RaftServerConfigKeys (ConfUtils.java:logGet(46)) - raft.server.rpc.sleep.time = 25ms (default)
2024-03-04 13:03:09,811 [6f4eae97-3d37-4aee-9d11-cbcb461265bf-groupManagement] INFO  server.RaftServerConfigKeys (ConfUtils.java:logGet(46)) - raft.server.rpc.slowness.timeout = 300s (custom)
2024-03-04 13:03:09,811 [6f4eae97-3d37-4aee-9d11-cbcb461265bf-groupManagement] INFO  server.RaftServerConfigKeys (ConfUtils.java:logGet(46)) - raft.server.leaderelection.leader.step-down.wait-time = 10s (default)
2024-03-04 13:03:09,811 [6f4eae97-3d37-4aee-9d11-cbcb461265bf-groupManagement] INFO  server.RaftServerConfigKeys (ConfUtils.java:logGet(46)) - raft.server.leaderelection.member.majority-add = false (default)
2024-03-04 13:03:09,811 [6f4eae97-3d37-4aee-9d11-cbcb461265bf-groupManagement] INFO  server.RaftServerConfigKeys (ConfUtils.java:logGet(46)) - raft.server.sleep.deviation.threshold = 300ms (default)
2024-03-04 13:03:09,811 [6f4eae97-3d37-4aee-9d11-cbcb461265bf-groupManagement] INFO  server.RaftServer$Division (ServerState.java:<init>(113)) - 6f4eae97-3d37-4aee-9d11-cbcb461265bf@group-74C0BCD5D99E: ConfigurationManager, init=-1: peers:[6f4eae97-3d37-4aee-9d11-cbcb461265bf|10.1.0.12:15237, 0de63147-ab38-4467-8675-efd501240ff2|10.1.0.12:15246, 8524ad2e-bdc1-42ec-a210-9e3cb3b33839|10.1.0.12:15255]|listeners:[], old=null, confs=<EMPTY_MAP>
2024-03-04 13:03:09,811 [6f4eae97-3d37-4aee-9d11-cbcb461265bf-groupManagement] INFO  server.RaftServerConfigKeys (ConfUtils.java:logGet(46)) - raft.server.notification.no-leader.timeout = 300s (custom)
2024-03-04 13:03:09,811 [6f4eae97-3d37-4aee-9d11-cbcb461265bf-groupManagement] INFO  server.RaftServerConfigKeys (ConfUtils.java:logGet(46)) - raft.server.read.timeout = 10s (default)
2024-03-04 13:03:09,811 [6f4eae97-3d37-4aee-9d11-cbcb461265bf-groupManagement] INFO  server.RaftServerConfigKeys (ConfUtils.java:logGet(46)) - raft.server.retrycache.expirytime = 600000ms (custom)
2024-03-04 13:03:09,811 [6f4eae97-3d37-4aee-9d11-cbcb461265bf-groupManagement] INFO  server.RaftServerConfigKeys (ConfUtils.java:logGet(46)) - raft.server.retrycache.statistics.expirytime = 100ms (default)
2024-03-04 13:03:09,812 [6f4eae97-3d37-4aee-9d11-cbcb461265bf-groupManagement] INFO  server.RaftServerConfigKeys (ConfUtils.java:logGet(46)) - raft.server.read.option = DEFAULT (default)
2024-03-04 13:03:09,812 [6f4eae97-3d37-4aee-9d11-cbcb461265bf-groupManagement] INFO  server.RaftServerConfigKeys (ConfUtils.java:logGet(46)) - raft.server.read.read-after-write-consistent.write-index-cache.expiry-time = 60s (default)
2024-03-04 13:03:09,813 [6f4eae97-3d37-4aee-9d11-cbcb461265bf-groupManagement] INFO  server.RaftServerConfigKeys (ConfUtils.java:logGet(46)) - raft.server.rpc.request.timeout = 60s (custom)
2024-03-04 13:03:09,813 [6f4eae97-3d37-4aee-9d11-cbcb461265bf-groupManagement] INFO  server.RaftServerConfigKeys (ConfUtils.java:logGet(46)) - raft.server.log.appender.install.snapshot.enabled = false (custom)
2024-03-04 13:03:09,813 [6f4eae97-3d37-4aee-9d11-cbcb461265bf-groupManagement] INFO  server.RaftServerConfigKeys (ConfUtils.java:logGet(46)) - raft.server.threadpool.server.cached = true (default)
2024-03-04 13:03:09,814 [6f4eae97-3d37-4aee-9d11-cbcb461265bf-groupManagement] INFO  server.RaftServerConfigKeys (ConfUtils.java:logGet(46)) - raft.server.threadpool.server.size = 0 (default)
2024-03-04 13:03:09,814 [6f4eae97-3d37-4aee-9d11-cbcb461265bf-groupManagement] INFO  server.RaftServerConfigKeys (ConfUtils.java:logGet(46)) - raft.server.threadpool.client.cached = true (default)
2024-03-04 13:03:09,814 [6f4eae97-3d37-4aee-9d11-cbcb461265bf-groupManagement] INFO  server.RaftServerConfigKeys (ConfUtils.java:logGet(46)) - raft.server.threadpool.client.size = 0 (default)
2024-03-04 13:03:09,814 [6f4eae97-3d37-4aee-9d11-cbcb461265bf-groupManagement] INFO  server.RaftServerConfigKeys (ConfUtils.java:logGet(46)) - raft.server.storage.free-space.min = 0MB (=0) (default)
2024-03-04 13:03:09,814 [6f4eae97-3d37-4aee-9d11-cbcb461265bf-groupManagement] INFO  server.RaftServerConfigKeys (ConfUtils.java:logGet(46)) - raft.server.log.corruption.policy = EXCEPTION (default)
2024-03-04 13:03:09,814 [6f4eae97-3d37-4aee-9d11-cbcb461265bf-groupManagement] INFO  server.RaftServerConfigKeys (ConfUtils.java:logGet(46)) - raft.server.storage.dir = [/home/runner/work/ozone/ozone/hadoop-ozone/integration-test/target/test-dir/MiniOzoneClusterImpl-a24c3557-08b1-4f8b-a0f8-6c13b4e42376/ozone-meta/datanode-1/ratis] (custom)
2024-03-04 13:03:09,814 [6f4eae97-3d37-4aee-9d11-cbcb461265bf-groupManagement] INFO  storage.RaftStorageDirectory (RaftStorageDirectoryImpl.java:analyzeStorage(138)) - The storage directory /home/runner/work/ozone/ozone/hadoop-ozone/integration-test/target/test-dir/MiniOzoneClusterImpl-a24c3557-08b1-4f8b-a0f8-6c13b4e42376/ozone-meta/datanode-1/ratis/67e9053d-a29c-437d-b32c-74c0bcd5d99e does not exist. Creating ...
2024-03-04 13:03:09,815 [6f4eae97-3d37-4aee-9d11-cbcb461265bf-groupManagement] INFO  storage.RaftStorageDirectory (RaftStorageDirectoryImpl.java:tryLock(228)) - Lock on /home/runner/work/ozone/ozone/hadoop-ozone/integration-test/target/test-dir/MiniOzoneClusterImpl-a24c3557-08b1-4f8b-a0f8-6c13b4e42376/ozone-meta/datanode-1/ratis/67e9053d-a29c-437d-b32c-74c0bcd5d99e/in_use.lock acquired by nodename 41993@fv-az571-795
2024-03-04 13:03:09,816 [6f4eae97-3d37-4aee-9d11-cbcb461265bf-groupManagement] INFO  storage.RaftStorage (RaftStorageImpl.java:format(99)) - Storage directory /home/runner/work/ozone/ozone/hadoop-ozone/integration-test/target/test-dir/MiniOzoneClusterImpl-a24c3557-08b1-4f8b-a0f8-6c13b4e42376/ozone-meta/datanode-1/ratis/67e9053d-a29c-437d-b32c-74c0bcd5d99e has been successfully formatted.
2024-03-04 13:03:09,816 [6f4eae97-3d37-4aee-9d11-cbcb461265bf-groupManagement] WARN  util.FileUtils (LogUtils.java:supplyAndLog(63)) - Failed to Files.newInputStream /home/runner/work/ozone/ozone/hadoop-ozone/integration-test/target/test-dir/MiniOzoneClusterImpl-a24c3557-08b1-4f8b-a0f8-6c13b4e42376/ozone-meta/datanode-1/ratis/67e9053d-a29c-437d-b32c-74c0bcd5d99e/current/raft-meta.conf with options []: java.nio.file.NoSuchFileException: /home/runner/work/ozone/ozone/hadoop-ozone/integration-test/target/test-dir/MiniOzoneClusterImpl-a24c3557-08b1-4f8b-a0f8-6c13b4e42376/ozone-meta/datanode-1/ratis/67e9053d-a29c-437d-b32c-74c0bcd5d99e/current/raft-meta.conf
2024-03-04 13:03:09,816 [6f4eae97-3d37-4aee-9d11-cbcb461265bf-groupManagement] INFO  ratis.ContainerStateMachine (ContainerStateMachine.java:loadSnapshot(287)) - group-74C0BCD5D99E: The snapshot info is null. Setting the last applied index to:(t:0, i:~)
2024-03-04 13:03:09,816 [6f4eae97-3d37-4aee-9d11-cbcb461265bf-groupManagement] INFO  server.RaftServerConfigKeys (ConfUtils.java:logGet(46)) - raft.server.log.use.memory = false (default)
2024-03-04 13:03:09,816 [6f4eae97-3d37-4aee-9d11-cbcb461265bf-groupManagement] INFO  server.RaftServerConfigKeys (ConfUtils.java:logGet(46)) - raft.server.log.purge.gap = 1000000 (custom)
2024-03-04 13:03:09,817 [6f4eae97-3d37-4aee-9d11-cbcb461265bf-groupManagement] INFO  server.RaftServerConfigKeys (ConfUtils.java:logGet(46)) - raft.server.log.appender.buffer.byte-limit = 8388608 (custom)
2024-03-04 13:03:09,817 [6f4eae97-3d37-4aee-9d11-cbcb461265bf-groupManagement] INFO  server.RaftServerConfigKeys (ConfUtils.java:logGet(46)) - raft.server.log.statemachine.data.read.timeout = 1000ms (default)
2024-03-04 13:03:09,817 [6f4eae97-3d37-4aee-9d11-cbcb461265bf-groupManagement] INFO  server.RaftServerConfigKeys (ConfUtils.java:logGet(46)) - raft.server.log.purge.preservation.log.num = 0 (default)
2024-03-04 13:03:09,817 [EventQueue-OpenPipelineForHealthyPipelineSafeModeRule] INFO  safemode.SCMSafeModeManager (HealthyPipelineSafeModeRule.java:process(140)) - SCM in safe mode. Healthy pipelines reported count is 0, required healthy pipeline reported count is 1
2024-03-04 13:03:09,818 [6f4eae97-3d37-4aee-9d11-cbcb461265bf-groupManagement] INFO  server.RaftServerConfigKeys (ConfUtils.java:logGet(46)) - raft.server.log.segment.size.max = 67108864 (custom)
2024-03-04 13:03:09,818 [6f4eae97-3d37-4aee-9d11-cbcb461265bf-groupManagement] INFO  server.RaftServerConfigKeys (ConfUtils.java:logGet(46)) - raft.server.log.segment.cache.num.max = 2 (custom)
2024-03-04 13:03:09,818 [6f4eae97-3d37-4aee-9d11-cbcb461265bf-groupManagement] INFO  server.RaftServerConfigKeys (ConfUtils.java:logGet(46)) - raft.server.log.segment.cache.size.max = 200MB (=209715200) (default)
2024-03-04 13:03:09,818 [6f4eae97-3d37-4aee-9d11-cbcb461265bf-groupManagement] INFO  server.RaftServerConfigKeys (ConfUtils.java:logGet(46)) - raft.server.log.appender.buffer.byte-limit = 8388608 (custom)
2024-03-04 13:03:09,818 [6f4eae97-3d37-4aee-9d11-cbcb461265bf-groupManagement] INFO  util.AwaitToRun (AwaitToRun.java:start(81)) - Thread[6f4eae97-3d37-4aee-9d11-cbcb461265bf@group-74C0BCD5D99E-cacheEviction-AwaitToRun,5,main] started
2024-03-04 13:03:09,818 [6f4eae97-3d37-4aee-9d11-cbcb461265bf-groupManagement] INFO  segmented.SegmentedRaftLogWorker (SegmentedRaftLogWorker.java:<init>(182)) - new 6f4eae97-3d37-4aee-9d11-cbcb461265bf@group-74C0BCD5D99E-SegmentedRaftLogWorker for RaftStorageImpl:Storage Directory /home/runner/work/ozone/ozone/hadoop-ozone/integration-test/target/test-dir/MiniOzoneClusterImpl-a24c3557-08b1-4f8b-a0f8-6c13b4e42376/ozone-meta/datanode-1/ratis/67e9053d-a29c-437d-b32c-74c0bcd5d99e
2024-03-04 13:03:09,818 [6f4eae97-3d37-4aee-9d11-cbcb461265bf-groupManagement] INFO  server.RaftServerConfigKeys (ConfUtils.java:logGet(46)) - raft.server.log.queue.byte-limit = 4294967296 (custom)
2024-03-04 13:03:09,818 [6f4eae97-3d37-4aee-9d11-cbcb461265bf-groupManagement] INFO  server.RaftServerConfigKeys (ConfUtils.java:logGet(46)) - raft.server.log.queue.element-limit = 1024 (custom)
2024-03-04 13:03:09,818 [6f4eae97-3d37-4aee-9d11-cbcb461265bf-groupManagement] INFO  server.RaftServerConfigKeys (ConfUtils.java:logGet(46)) - raft.server.log.segment.size.max = 67108864 (custom)
2024-03-04 13:03:09,819 [6f4eae97-3d37-4aee-9d11-cbcb461265bf-groupManagement] INFO  server.RaftServerConfigKeys (ConfUtils.java:logGet(46)) - raft.server.log.preallocated.size = 4194304 (custom)
2024-03-04 13:03:09,819 [6f4eae97-3d37-4aee-9d11-cbcb461265bf-groupManagement] INFO  server.RaftServerConfigKeys (ConfUtils.java:logGet(46)) - raft.server.log.force.sync.num = 128 (default)
2024-03-04 13:03:09,819 [6f4eae97-3d37-4aee-9d11-cbcb461265bf-groupManagement] INFO  server.RaftServerConfigKeys (ConfUtils.java:logGet(46)) - raft.server.log.statemachine.data.sync = true (default)
2024-03-04 13:03:09,819 [6f4eae97-3d37-4aee-9d11-cbcb461265bf-groupManagement] INFO  server.RaftServerConfigKeys (ConfUtils.java:logGet(46)) - raft.server.log.statemachine.data.sync.timeout = 10s (default)
2024-03-04 13:03:09,819 [6f4eae97-3d37-4aee-9d11-cbcb461265bf-groupManagement] INFO  server.RaftServerConfigKeys (ConfUtils.java:logGet(46)) - raft.server.log.statemachine.data.sync.timeout.retry = 0 (custom)
2024-03-04 13:03:09,819 [6f4eae97-3d37-4aee-9d11-cbcb461265bf-groupManagement] INFO  server.RaftServerConfigKeys (ConfUtils.java:logGet(46)) - raft.server.log.write.buffer.size = 8388616 (custom)
2024-03-04 13:03:09,821 [6f4eae97-3d37-4aee-9d11-cbcb461265bf-groupManagement] INFO  server.RaftServerConfigKeys (ConfUtils.java:logGet(46)) - raft.server.log.appender.buffer.byte-limit = 8388608 (custom)
2024-03-04 13:03:09,821 [6f4eae97-3d37-4aee-9d11-cbcb461265bf-groupManagement] INFO  server.RaftServerConfigKeys (ConfUtils.java:logGet(46)) - raft.server.log.unsafe-flush.enabled = false (default)
2024-03-04 13:03:09,821 [6f4eae97-3d37-4aee-9d11-cbcb461265bf-groupManagement] INFO  server.RaftServerConfigKeys (ConfUtils.java:logGet(46)) - raft.server.log.async-flush.enabled = false (default)
2024-03-04 13:03:09,821 [6f4eae97-3d37-4aee-9d11-cbcb461265bf-groupManagement] INFO  server.RaftServerConfigKeys (ConfUtils.java:logGet(46)) - raft.server.log.statemachine.data.caching.enabled = true (custom)
2024-03-04 13:03:09,821 [6f4eae97-3d37-4aee-9d11-cbcb461265bf-groupManagement] INFO  segmented.SegmentedRaftLogWorker (SegmentedRaftLogWorker.java:lambda$new$0(134)) - 6f4eae97-3d37-4aee-9d11-cbcb461265bf@group-74C0BCD5D99E-SegmentedRaftLogWorker: flushIndex: setUnconditionally 0 -> -1
2024-03-04 13:03:09,821 [6f4eae97-3d37-4aee-9d11-cbcb461265bf-groupManagement] INFO  segmented.SegmentedRaftLogWorker (SegmentedRaftLogWorker.java:lambda$new$0(134)) - 6f4eae97-3d37-4aee-9d11-cbcb461265bf@group-74C0BCD5D99E-SegmentedRaftLogWorker: safeCacheEvictIndex: setUnconditionally 0 -> -1
2024-03-04 13:03:09,821 [6f4eae97-3d37-4aee-9d11-cbcb461265bf-groupManagement] INFO  server.RaftServer$Division (RaftServerImpl.java:start(396)) - 6f4eae97-3d37-4aee-9d11-cbcb461265bf@group-74C0BCD5D99E: start as a follower, conf=-1: peers:[6f4eae97-3d37-4aee-9d11-cbcb461265bf|10.1.0.12:15237, 0de63147-ab38-4467-8675-efd501240ff2|10.1.0.12:15246, 8524ad2e-bdc1-42ec-a210-9e3cb3b33839|10.1.0.12:15255]|listeners:[], old=null
2024-03-04 13:03:09,821 [6f4eae97-3d37-4aee-9d11-cbcb461265bf-groupManagement] INFO  server.RaftServer$Division (RaftServerImpl.java:setRole(383)) - 6f4eae97-3d37-4aee-9d11-cbcb461265bf@group-74C0BCD5D99E: changes role from      null to FOLLOWER at term 0 for startAsFollower
2024-03-04 13:03:09,821 [6f4eae97-3d37-4aee-9d11-cbcb461265bf-groupManagement] INFO  impl.RoleInfo (RoleInfo.java:updateAndGet(139)) - 6f4eae97-3d37-4aee-9d11-cbcb461265bf: start 6f4eae97-3d37-4aee-9d11-cbcb461265bf@group-74C0BCD5D99E-FollowerState
2024-03-04 13:03:09,821 [6f4eae97-3d37-4aee-9d11-cbcb461265bf-groupManagement] INFO  util.JmxRegister (JmxRegister.java:tryRegister(44)) - Successfully registered JMX Bean with object name Ratis:service=RaftServer,group=group-74C0BCD5D99E,id=6f4eae97-3d37-4aee-9d11-cbcb461265bf
2024-03-04 13:03:09,822 [6f4eae97-3d37-4aee-9d11-cbcb461265bf-groupManagement] INFO  server.RaftServerConfigKeys (ConfUtils.java:logGet(46)) - raft.server.snapshot.trigger-when-stop.enabled = true (default)
2024-03-04 13:03:09,822 [6f4eae97-3d37-4aee-9d11-cbcb461265bf-groupManagement] INFO  server.RaftServerConfigKeys (ConfUtils.java:logGet(46)) - raft.server.snapshot.auto.trigger.enabled = true (custom)
2024-03-04 13:03:09,822 [6f4eae97-3d37-4aee-9d11-cbcb461265bf-groupManagement] INFO  server.RaftServerConfigKeys (ConfUtils.java:logGet(46)) - raft.server.snapshot.auto.trigger.threshold = 10000 (custom)
2024-03-04 13:03:09,822 [6f4eae97-3d37-4aee-9d11-cbcb461265bf-groupManagement] INFO  server.RaftServerConfigKeys (ConfUtils.java:logGet(46)) - raft.server.snapshot.retention.file.num = 5 (custom)
2024-03-04 13:03:09,822 [6f4eae97-3d37-4aee-9d11-cbcb461265bf-groupManagement] INFO  server.RaftServerConfigKeys (ConfUtils.java:logGet(46)) - raft.server.log.purge.upto.snapshot.index = false (default)
2024-03-04 13:03:09,822 [6f4eae97-3d37-4aee-9d11-cbcb461265bf-PipelineCommandHandlerThread-0] INFO  ratis.XceiverServerRatis (XceiverServerRatis.java:addGroup(864)) - Created group PipelineID=67e9053d-a29c-437d-b32c-74c0bcd5d99e
2024-03-04 13:03:09,822 [6f4eae97-3d37-4aee-9d11-cbcb461265bf@group-74C0BCD5D99E-FollowerState] INFO  server.RaftServerConfigKeys (ConfUtils.java:logFallback(53)) - raft.server.rpc.first-election.timeout.min = 5s (fallback to raft.server.rpc.timeout.min)
2024-03-04 13:03:09,822 [6f4eae97-3d37-4aee-9d11-cbcb461265bf@group-74C0BCD5D99E-FollowerState] INFO  server.RaftServerConfigKeys (ConfUtils.java:logFallback(53)) - raft.server.rpc.first-election.timeout.max = 5200ms (fallback to raft.server.rpc.timeout.max)
2024-03-04 13:03:09,829 [grpc-default-executor-4] INFO  server.RaftServer (RaftServerProxy.java:addNew(100)) - 0de63147-ab38-4467-8675-efd501240ff2: addNew group-74C0BCD5D99E:[6f4eae97-3d37-4aee-9d11-cbcb461265bf|10.1.0.12:15237, 0de63147-ab38-4467-8675-efd501240ff2|10.1.0.12:15246, 8524ad2e-bdc1-42ec-a210-9e3cb3b33839|10.1.0.12:15255] returns group-74C0BCD5D99E:java.util.concurrent.CompletableFuture@6b242620[Not completed]
2024-03-04 13:03:09,830 [0de63147-ab38-4467-8675-efd501240ff2-groupManagement] INFO  server.RaftServer$Division (RaftServerImpl.java:<init>(256)) - 0de63147-ab38-4467-8675-efd501240ff2: new RaftServerImpl for group-74C0BCD5D99E:[6f4eae97-3d37-4aee-9d11-cbcb461265bf|10.1.0.12:15237, 0de63147-ab38-4467-8675-efd501240ff2|10.1.0.12:15246, 8524ad2e-bdc1-42ec-a210-9e3cb3b33839|10.1.0.12:15255] with ContainerStateMachine:uninitialized
2024-03-04 13:03:09,830 [0de63147-ab38-4467-8675-efd501240ff2-groupManagement] INFO  server.RaftServerConfigKeys (ConfUtils.java:logGet(46)) - raft.server.rpc.timeout.min = 5s (custom)
2024-03-04 13:03:09,830 [0de63147-ab38-4467-8675-efd501240ff2-groupManagement] INFO  server.RaftServerConfigKeys (ConfUtils.java:logGet(46)) - raft.server.rpc.timeout.max = 5200ms (custom)
2024-03-04 13:03:09,830 [0de63147-ab38-4467-8675-efd501240ff2-groupManagement] INFO  server.RaftServerConfigKeys (ConfUtils.java:logGet(46)) - raft.server.rpc.sleep.time = 25ms (default)
2024-03-04 13:03:09,830 [0de63147-ab38-4467-8675-efd501240ff2-groupManagement] INFO  server.RaftServerConfigKeys (ConfUtils.java:logGet(46)) - raft.server.rpc.slowness.timeout = 300s (custom)
2024-03-04 13:03:09,830 [0de63147-ab38-4467-8675-efd501240ff2-groupManagement] INFO  server.RaftServerConfigKeys (ConfUtils.java:logGet(46)) - raft.server.leaderelection.leader.step-down.wait-time = 10s (default)
2024-03-04 13:03:09,830 [0de63147-ab38-4467-8675-efd501240ff2-groupManagement] INFO  server.RaftServerConfigKeys (ConfUtils.java:logGet(46)) - raft.server.leaderelection.member.majority-add = false (default)
2024-03-04 13:03:09,830 [0de63147-ab38-4467-8675-efd501240ff2-groupManagement] INFO  server.RaftServerConfigKeys (ConfUtils.java:logGet(46)) - raft.server.sleep.deviation.threshold = 300ms (default)
2024-03-04 13:03:09,831 [0de63147-ab38-4467-8675-efd501240ff2-groupManagement] INFO  server.RaftServer$Division (ServerState.java:<init>(113)) - 0de63147-ab38-4467-8675-efd501240ff2@group-74C0BCD5D99E: ConfigurationManager, init=-1: peers:[6f4eae97-3d37-4aee-9d11-cbcb461265bf|10.1.0.12:15237, 0de63147-ab38-4467-8675-efd501240ff2|10.1.0.12:15246, 8524ad2e-bdc1-42ec-a210-9e3cb3b33839|10.1.0.12:15255]|listeners:[], old=null, confs=<EMPTY_MAP>
2024-03-04 13:03:09,831 [0de63147-ab38-4467-8675-efd501240ff2-groupManagement] INFO  server.RaftServerConfigKeys (ConfUtils.java:logGet(46)) - raft.server.notification.no-leader.timeout = 300s (custom)
2024-03-04 13:03:09,831 [0de63147-ab38-4467-8675-efd501240ff2-groupManagement] INFO  server.RaftServerConfigKeys (ConfUtils.java:logGet(46)) - raft.server.read.timeout = 10s (default)
2024-03-04 13:03:09,831 [0de63147-ab38-4467-8675-efd501240ff2-groupManagement] INFO  server.RaftServerConfigKeys (ConfUtils.java:logGet(46)) - raft.server.retrycache.expirytime = 600000ms (custom)
2024-03-04 13:03:09,831 [0de63147-ab38-4467-8675-efd501240ff2-groupManagement] INFO  server.RaftServerConfigKeys (ConfUtils.java:logGet(46)) - raft.server.retrycache.statistics.expirytime = 100ms (default)
2024-03-04 13:03:09,831 [0de63147-ab38-4467-8675-efd501240ff2-groupManagement] INFO  server.RaftServerConfigKeys (ConfUtils.java:logGet(46)) - raft.server.read.option = DEFAULT (default)
2024-03-04 13:03:09,831 [0de63147-ab38-4467-8675-efd501240ff2-groupManagement] INFO  server.RaftServerConfigKeys (ConfUtils.java:logGet(46)) - raft.server.read.read-after-write-consistent.write-index-cache.expiry-time = 60s (default)
2024-03-04 13:03:09,833 [0de63147-ab38-4467-8675-efd501240ff2-groupManagement] INFO  server.RaftServerConfigKeys (ConfUtils.java:logGet(46)) - raft.server.rpc.request.timeout = 60s (custom)
2024-03-04 13:03:09,833 [0de63147-ab38-4467-8675-efd501240ff2-groupManagement] INFO  server.RaftServerConfigKeys (ConfUtils.java:logGet(46)) - raft.server.log.appender.install.snapshot.enabled = false (custom)
2024-03-04 13:03:09,833 [0de63147-ab38-4467-8675-efd501240ff2-groupManagement] INFO  server.RaftServerConfigKeys (ConfUtils.java:logGet(46)) - raft.server.threadpool.server.cached = true (default)
2024-03-04 13:03:09,833 [0de63147-ab38-4467-8675-efd501240ff2-groupManagement] INFO  server.RaftServerConfigKeys (ConfUtils.java:logGet(46)) - raft.server.threadpool.server.size = 0 (default)
2024-03-04 13:03:09,833 [0de63147-ab38-4467-8675-efd501240ff2-groupManagement] INFO  server.RaftServerConfigKeys (ConfUtils.java:logGet(46)) - raft.server.threadpool.client.cached = true (default)
2024-03-04 13:03:09,833 [0de63147-ab38-4467-8675-efd501240ff2-groupManagement] INFO  server.RaftServerConfigKeys (ConfUtils.java:logGet(46)) - raft.server.threadpool.client.size = 0 (default)
2024-03-04 13:03:09,833 [0de63147-ab38-4467-8675-efd501240ff2-groupManagement] INFO  server.RaftServerConfigKeys (ConfUtils.java:logGet(46)) - raft.server.storage.free-space.min = 0MB (=0) (default)
2024-03-04 13:03:09,833 [0de63147-ab38-4467-8675-efd501240ff2-groupManagement] INFO  server.RaftServerConfigKeys (ConfUtils.java:logGet(46)) - raft.server.log.corruption.policy = EXCEPTION (default)
2024-03-04 13:03:09,833 [0de63147-ab38-4467-8675-efd501240ff2-groupManagement] INFO  server.RaftServerConfigKeys (ConfUtils.java:logGet(46)) - raft.server.storage.dir = [/home/runner/work/ozone/ozone/hadoop-ozone/integration-test/target/test-dir/MiniOzoneClusterImpl-a24c3557-08b1-4f8b-a0f8-6c13b4e42376/ozone-meta/datanode-2/ratis] (custom)
2024-03-04 13:03:09,833 [0de63147-ab38-4467-8675-efd501240ff2-groupManagement] INFO  storage.RaftStorageDirectory (RaftStorageDirectoryImpl.java:analyzeStorage(138)) - The storage directory /home/runner/work/ozone/ozone/hadoop-ozone/integration-test/target/test-dir/MiniOzoneClusterImpl-a24c3557-08b1-4f8b-a0f8-6c13b4e42376/ozone-meta/datanode-2/ratis/67e9053d-a29c-437d-b32c-74c0bcd5d99e does not exist. Creating ...
2024-03-04 13:03:09,834 [0de63147-ab38-4467-8675-efd501240ff2-groupManagement] INFO  storage.RaftStorageDirectory (RaftStorageDirectoryImpl.java:tryLock(228)) - Lock on /home/runner/work/ozone/ozone/hadoop-ozone/integration-test/target/test-dir/MiniOzoneClusterImpl-a24c3557-08b1-4f8b-a0f8-6c13b4e42376/ozone-meta/datanode-2/ratis/67e9053d-a29c-437d-b32c-74c0bcd5d99e/in_use.lock acquired by nodename 41993@fv-az571-795
2024-03-04 13:03:09,834 [0de63147-ab38-4467-8675-efd501240ff2-groupManagement] INFO  storage.RaftStorage (RaftStorageImpl.java:format(99)) - Storage directory /home/runner/work/ozone/ozone/hadoop-ozone/integration-test/target/test-dir/MiniOzoneClusterImpl-a24c3557-08b1-4f8b-a0f8-6c13b4e42376/ozone-meta/datanode-2/ratis/67e9053d-a29c-437d-b32c-74c0bcd5d99e has been successfully formatted.
2024-03-04 13:03:09,835 [0de63147-ab38-4467-8675-efd501240ff2-groupManagement] WARN  util.FileUtils (LogUtils.java:supplyAndLog(63)) - Failed to Files.newInputStream /home/runner/work/ozone/ozone/hadoop-ozone/integration-test/target/test-dir/MiniOzoneClusterImpl-a24c3557-08b1-4f8b-a0f8-6c13b4e42376/ozone-meta/datanode-2/ratis/67e9053d-a29c-437d-b32c-74c0bcd5d99e/current/raft-meta.conf with options []: java.nio.file.NoSuchFileException: /home/runner/work/ozone/ozone/hadoop-ozone/integration-test/target/test-dir/MiniOzoneClusterImpl-a24c3557-08b1-4f8b-a0f8-6c13b4e42376/ozone-meta/datanode-2/ratis/67e9053d-a29c-437d-b32c-74c0bcd5d99e/current/raft-meta.conf
2024-03-04 13:03:09,835 [0de63147-ab38-4467-8675-efd501240ff2-groupManagement] INFO  ratis.ContainerStateMachine (ContainerStateMachine.java:loadSnapshot(287)) - group-74C0BCD5D99E: The snapshot info is null. Setting the last applied index to:(t:0, i:~)
2024-03-04 13:03:09,835 [0de63147-ab38-4467-8675-efd501240ff2-groupManagement] INFO  server.RaftServerConfigKeys (ConfUtils.java:logGet(46)) - raft.server.log.use.memory = false (default)
2024-03-04 13:03:09,835 [0de63147-ab38-4467-8675-efd501240ff2-groupManagement] INFO  server.RaftServerConfigKeys (ConfUtils.java:logGet(46)) - raft.server.log.purge.gap = 1000000 (custom)
2024-03-04 13:03:09,836 [0de63147-ab38-4467-8675-efd501240ff2-groupManagement] INFO  server.RaftServerConfigKeys (ConfUtils.java:logGet(46)) - raft.server.log.appender.buffer.byte-limit = 8388608 (custom)
2024-03-04 13:03:09,836 [0de63147-ab38-4467-8675-efd501240ff2-groupManagement] INFO  server.RaftServerConfigKeys (ConfUtils.java:logGet(46)) - raft.server.log.statemachine.data.read.timeout = 1000ms (default)
2024-03-04 13:03:09,836 [0de63147-ab38-4467-8675-efd501240ff2-groupManagement] INFO  server.RaftServerConfigKeys (ConfUtils.java:logGet(46)) - raft.server.log.purge.preservation.log.num = 0 (default)
2024-03-04 13:03:09,836 [0de63147-ab38-4467-8675-efd501240ff2-groupManagement] INFO  server.RaftServerConfigKeys (ConfUtils.java:logGet(46)) - raft.server.log.segment.size.max = 67108864 (custom)
2024-03-04 13:03:09,837 [0de63147-ab38-4467-8675-efd501240ff2-groupManagement] INFO  server.RaftServerConfigKeys (ConfUtils.java:logGet(46)) - raft.server.log.segment.cache.num.max = 2 (custom)
2024-03-04 13:03:09,837 [0de63147-ab38-4467-8675-efd501240ff2-groupManagement] INFO  server.RaftServerConfigKeys (ConfUtils.java:logGet(46)) - raft.server.log.segment.cache.size.max = 200MB (=209715200) (default)
2024-03-04 13:03:09,837 [0de63147-ab38-4467-8675-efd501240ff2-groupManagement] INFO  server.RaftServerConfigKeys (ConfUtils.java:logGet(46)) - raft.server.log.appender.buffer.byte-limit = 8388608 (custom)
2024-03-04 13:03:09,837 [0de63147-ab38-4467-8675-efd501240ff2-groupManagement] INFO  util.AwaitToRun (AwaitToRun.java:start(81)) - Thread[0de63147-ab38-4467-8675-efd501240ff2@group-74C0BCD5D99E-cacheEviction-AwaitToRun,5,main] started
2024-03-04 13:03:09,837 [0de63147-ab38-4467-8675-efd501240ff2-groupManagement] INFO  segmented.SegmentedRaftLogWorker (SegmentedRaftLogWorker.java:<init>(182)) - new 0de63147-ab38-4467-8675-efd501240ff2@group-74C0BCD5D99E-SegmentedRaftLogWorker for RaftStorageImpl:Storage Directory /home/runner/work/ozone/ozone/hadoop-ozone/integration-test/target/test-dir/MiniOzoneClusterImpl-a24c3557-08b1-4f8b-a0f8-6c13b4e42376/ozone-meta/datanode-2/ratis/67e9053d-a29c-437d-b32c-74c0bcd5d99e
2024-03-04 13:03:09,837 [0de63147-ab38-4467-8675-efd501240ff2-groupManagement] INFO  server.RaftServerConfigKeys (ConfUtils.java:logGet(46)) - raft.server.log.queue.byte-limit = 4294967296 (custom)
2024-03-04 13:03:09,837 [0de63147-ab38-4467-8675-efd501240ff2-groupManagement] INFO  server.RaftServerConfigKeys (ConfUtils.java:logGet(46)) - raft.server.log.queue.element-limit = 1024 (custom)
2024-03-04 13:03:09,837 [0de63147-ab38-4467-8675-efd501240ff2-groupManagement] INFO  server.RaftServerConfigKeys (ConfUtils.java:logGet(46)) - raft.server.log.segment.size.max = 67108864 (custom)
2024-03-04 13:03:09,837 [0de63147-ab38-4467-8675-efd501240ff2-groupManagement] INFO  server.RaftServerConfigKeys (ConfUtils.java:logGet(46)) - raft.server.log.preallocated.size = 4194304 (custom)
2024-03-04 13:03:09,837 [0de63147-ab38-4467-8675-efd501240ff2-groupManagement] INFO  server.RaftServerConfigKeys (ConfUtils.java:logGet(46)) - raft.server.log.force.sync.num = 128 (default)
2024-03-04 13:03:09,837 [0de63147-ab38-4467-8675-efd501240ff2-groupManagement] INFO  server.RaftServerConfigKeys (ConfUtils.java:logGet(46)) - raft.server.log.statemachine.data.sync = true (default)
2024-03-04 13:03:09,837 [0de63147-ab38-4467-8675-efd501240ff2-groupManagement] INFO  server.RaftServerConfigKeys (ConfUtils.java:logGet(46)) - raft.server.log.statemachine.data.sync.timeout = 10s (default)
2024-03-04 13:03:09,837 [0de63147-ab38-4467-8675-efd501240ff2-groupManagement] INFO  server.RaftServerConfigKeys (ConfUtils.java:logGet(46)) - raft.server.log.statemachine.data.sync.timeout.retry = 0 (custom)
2024-03-04 13:03:09,838 [0de63147-ab38-4467-8675-efd501240ff2-groupManagement] INFO  server.RaftServerConfigKeys (ConfUtils.java:logGet(46)) - raft.server.log.write.buffer.size = 8388616 (custom)
2024-03-04 13:03:09,838 [0de63147-ab38-4467-8675-efd501240ff2-groupManagement] INFO  server.RaftServerConfigKeys (ConfUtils.java:logGet(46)) - raft.server.log.appender.buffer.byte-limit = 8388608 (custom)
2024-03-04 13:03:09,838 [0de63147-ab38-4467-8675-efd501240ff2-groupManagement] INFO  server.RaftServerConfigKeys (ConfUtils.java:logGet(46)) - raft.server.log.unsafe-flush.enabled = false (default)
2024-03-04 13:03:09,838 [0de63147-ab38-4467-8675-efd501240ff2-groupManagement] INFO  server.RaftServerConfigKeys (ConfUtils.java:logGet(46)) - raft.server.log.async-flush.enabled = false (default)
2024-03-04 13:03:09,838 [0de63147-ab38-4467-8675-efd501240ff2-groupManagement] INFO  server.RaftServerConfigKeys (ConfUtils.java:logGet(46)) - raft.server.log.statemachine.data.caching.enabled = true (custom)
2024-03-04 13:03:09,838 [0de63147-ab38-4467-8675-efd501240ff2-groupManagement] INFO  segmented.SegmentedRaftLogWorker (SegmentedRaftLogWorker.java:lambda$new$0(134)) - 0de63147-ab38-4467-8675-efd501240ff2@group-74C0BCD5D99E-SegmentedRaftLogWorker: flushIndex: setUnconditionally 0 -> -1
2024-03-04 13:03:09,838 [0de63147-ab38-4467-8675-efd501240ff2-groupManagement] INFO  segmented.SegmentedRaftLogWorker (SegmentedRaftLogWorker.java:lambda$new$0(134)) - 0de63147-ab38-4467-8675-efd501240ff2@group-74C0BCD5D99E-SegmentedRaftLogWorker: safeCacheEvictIndex: setUnconditionally 0 -> -1
2024-03-04 13:03:09,839 [0de63147-ab38-4467-8675-efd501240ff2-groupManagement] INFO  server.RaftServer$Division (RaftServerImpl.java:start(396)) - 0de63147-ab38-4467-8675-efd501240ff2@group-74C0BCD5D99E: start as a follower, conf=-1: peers:[6f4eae97-3d37-4aee-9d11-cbcb461265bf|10.1.0.12:15237, 0de63147-ab38-4467-8675-efd501240ff2|10.1.0.12:15246, 8524ad2e-bdc1-42ec-a210-9e3cb3b33839|10.1.0.12:15255]|listeners:[], old=null
2024-03-04 13:03:09,839 [0de63147-ab38-4467-8675-efd501240ff2-groupManagement] INFO  server.RaftServer$Division (RaftServerImpl.java:setRole(383)) - 0de63147-ab38-4467-8675-efd501240ff2@group-74C0BCD5D99E: changes role from      null to FOLLOWER at term 0 for startAsFollower
2024-03-04 13:03:09,839 [0de63147-ab38-4467-8675-efd501240ff2-groupManagement] INFO  impl.RoleInfo (RoleInfo.java:updateAndGet(139)) - 0de63147-ab38-4467-8675-efd501240ff2: start 0de63147-ab38-4467-8675-efd501240ff2@group-74C0BCD5D99E-FollowerState
2024-03-04 13:03:09,839 [0de63147-ab38-4467-8675-efd501240ff2@group-74C0BCD5D99E-FollowerState] INFO  server.RaftServerConfigKeys (ConfUtils.java:logFallback(53)) - raft.server.rpc.first-election.timeout.min = 5s (fallback to raft.server.rpc.timeout.min)
2024-03-04 13:03:09,839 [0de63147-ab38-4467-8675-efd501240ff2-groupManagement] INFO  util.JmxRegister (JmxRegister.java:tryRegister(44)) - Successfully registered JMX Bean with object name Ratis:service=RaftServer,group=group-74C0BCD5D99E,id=0de63147-ab38-4467-8675-efd501240ff2
2024-03-04 13:03:09,839 [0de63147-ab38-4467-8675-efd501240ff2-groupManagement] INFO  server.RaftServerConfigKeys (ConfUtils.java:logGet(46)) - raft.server.snapshot.trigger-when-stop.enabled = true (default)
2024-03-04 13:03:09,839 [0de63147-ab38-4467-8675-efd501240ff2-groupManagement] INFO  server.RaftServerConfigKeys (ConfUtils.java:logGet(46)) - raft.server.snapshot.auto.trigger.enabled = true (custom)
2024-03-04 13:03:09,839 [0de63147-ab38-4467-8675-efd501240ff2-groupManagement] INFO  server.RaftServerConfigKeys (ConfUtils.java:logGet(46)) - raft.server.snapshot.auto.trigger.threshold = 10000 (custom)
2024-03-04 13:03:09,839 [0de63147-ab38-4467-8675-efd501240ff2-groupManagement] INFO  server.RaftServerConfigKeys (ConfUtils.java:logGet(46)) - raft.server.snapshot.retention.file.num = 5 (custom)
2024-03-04 13:03:09,840 [0de63147-ab38-4467-8675-efd501240ff2-groupManagement] INFO  server.RaftServerConfigKeys (ConfUtils.java:logGet(46)) - raft.server.log.purge.upto.snapshot.index = false (default)
2024-03-04 13:03:09,839 [0de63147-ab38-4467-8675-efd501240ff2@group-74C0BCD5D99E-FollowerState] INFO  server.RaftServerConfigKeys (ConfUtils.java:logFallback(53)) - raft.server.rpc.first-election.timeout.max = 5200ms (fallback to raft.server.rpc.timeout.max)
2024-03-04 13:03:09,851 [grpc-default-executor-4] INFO  server.RaftServer (RaftServerProxy.java:addNew(100)) - 8524ad2e-bdc1-42ec-a210-9e3cb3b33839: addNew group-74C0BCD5D99E:[6f4eae97-3d37-4aee-9d11-cbcb461265bf|10.1.0.12:15237, 0de63147-ab38-4467-8675-efd501240ff2|10.1.0.12:15246, 8524ad2e-bdc1-42ec-a210-9e3cb3b33839|10.1.0.12:15255] returns group-74C0BCD5D99E:java.util.concurrent.CompletableFuture@192b82ec[Not completed]
2024-03-04 13:03:09,852 [8524ad2e-bdc1-42ec-a210-9e3cb3b33839-groupManagement] INFO  server.RaftServer$Division (RaftServerImpl.java:<init>(256)) - 8524ad2e-bdc1-42ec-a210-9e3cb3b33839: new RaftServerImpl for group-74C0BCD5D99E:[6f4eae97-3d37-4aee-9d11-cbcb461265bf|10.1.0.12:15237, 0de63147-ab38-4467-8675-efd501240ff2|10.1.0.12:15246, 8524ad2e-bdc1-42ec-a210-9e3cb3b33839|10.1.0.12:15255] with ContainerStateMachine:uninitialized
2024-03-04 13:03:09,852 [8524ad2e-bdc1-42ec-a210-9e3cb3b33839-groupManagement] INFO  server.RaftServerConfigKeys (ConfUtils.java:logGet(46)) - raft.server.rpc.timeout.min = 5s (custom)
2024-03-04 13:03:09,852 [8524ad2e-bdc1-42ec-a210-9e3cb3b33839-groupManagement] INFO  server.RaftServerConfigKeys (ConfUtils.java:logGet(46)) - raft.server.rpc.timeout.max = 5200ms (custom)
2024-03-04 13:03:09,852 [8524ad2e-bdc1-42ec-a210-9e3cb3b33839-groupManagement] INFO  server.RaftServerConfigKeys (ConfUtils.java:logGet(46)) - raft.server.rpc.sleep.time = 25ms (default)
2024-03-04 13:03:09,852 [8524ad2e-bdc1-42ec-a210-9e3cb3b33839-groupManagement] INFO  server.RaftServerConfigKeys (ConfUtils.java:logGet(46)) - raft.server.rpc.slowness.timeout = 300s (custom)
2024-03-04 13:03:09,852 [8524ad2e-bdc1-42ec-a210-9e3cb3b33839-groupManagement] INFO  server.RaftServerConfigKeys (ConfUtils.java:logGet(46)) - raft.server.leaderelection.leader.step-down.wait-time = 10s (default)
2024-03-04 13:03:09,852 [8524ad2e-bdc1-42ec-a210-9e3cb3b33839-groupManagement] INFO  server.RaftServerConfigKeys (ConfUtils.java:logGet(46)) - raft.server.leaderelection.member.majority-add = false (default)
2024-03-04 13:03:09,852 [8524ad2e-bdc1-42ec-a210-9e3cb3b33839-groupManagement] INFO  server.RaftServerConfigKeys (ConfUtils.java:logGet(46)) - raft.server.sleep.deviation.threshold = 300ms (default)
2024-03-04 13:03:09,853 [8524ad2e-bdc1-42ec-a210-9e3cb3b33839-groupManagement] INFO  server.RaftServer$Division (ServerState.java:<init>(113)) - 8524ad2e-bdc1-42ec-a210-9e3cb3b33839@group-74C0BCD5D99E: ConfigurationManager, init=-1: peers:[6f4eae97-3d37-4aee-9d11-cbcb461265bf|10.1.0.12:15237, 0de63147-ab38-4467-8675-efd501240ff2|10.1.0.12:15246, 8524ad2e-bdc1-42ec-a210-9e3cb3b33839|10.1.0.12:15255]|listeners:[], old=null, confs=<EMPTY_MAP>
2024-03-04 13:03:09,853 [8524ad2e-bdc1-42ec-a210-9e3cb3b33839-groupManagement] INFO  server.RaftServerConfigKeys (ConfUtils.java:logGet(46)) - raft.server.notification.no-leader.timeout = 300s (custom)
2024-03-04 13:03:09,853 [8524ad2e-bdc1-42ec-a210-9e3cb3b33839-groupManagement] INFO  server.RaftServerConfigKeys (ConfUtils.java:logGet(46)) - raft.server.read.timeout = 10s (default)
2024-03-04 13:03:09,853 [8524ad2e-bdc1-42ec-a210-9e3cb3b33839-groupManagement] INFO  server.RaftServerConfigKeys (ConfUtils.java:logGet(46)) - raft.server.retrycache.expirytime = 600000ms (custom)
2024-03-04 13:03:09,853 [8524ad2e-bdc1-42ec-a210-9e3cb3b33839-groupManagement] INFO  server.RaftServerConfigKeys (ConfUtils.java:logGet(46)) - raft.server.retrycache.statistics.expirytime = 100ms (default)
2024-03-04 13:03:09,853 [8524ad2e-bdc1-42ec-a210-9e3cb3b33839-groupManagement] INFO  server.RaftServerConfigKeys (ConfUtils.java:logGet(46)) - raft.server.read.option = DEFAULT (default)
2024-03-04 13:03:09,853 [8524ad2e-bdc1-42ec-a210-9e3cb3b33839-groupManagement] INFO  server.RaftServerConfigKeys (ConfUtils.java:logGet(46)) - raft.server.read.read-after-write-consistent.write-index-cache.expiry-time = 60s (default)
2024-03-04 13:03:09,854 [8524ad2e-bdc1-42ec-a210-9e3cb3b33839-groupManagement] INFO  server.RaftServerConfigKeys (ConfUtils.java:logGet(46)) - raft.server.rpc.request.timeout = 60s (custom)
2024-03-04 13:03:09,855 [8524ad2e-bdc1-42ec-a210-9e3cb3b33839-groupManagement] INFO  server.RaftServerConfigKeys (ConfUtils.java:logGet(46)) - raft.server.log.appender.install.snapshot.enabled = false (custom)
2024-03-04 13:03:09,855 [8524ad2e-bdc1-42ec-a210-9e3cb3b33839-groupManagement] INFO  server.RaftServerConfigKeys (ConfUtils.java:logGet(46)) - raft.server.threadpool.server.cached = true (default)
2024-03-04 13:03:09,855 [8524ad2e-bdc1-42ec-a210-9e3cb3b33839-groupManagement] INFO  server.RaftServerConfigKeys (ConfUtils.java:logGet(46)) - raft.server.threadpool.server.size = 0 (default)
2024-03-04 13:03:09,855 [8524ad2e-bdc1-42ec-a210-9e3cb3b33839-groupManagement] INFO  server.RaftServerConfigKeys (ConfUtils.java:logGet(46)) - raft.server.threadpool.client.cached = true (default)
2024-03-04 13:03:09,855 [8524ad2e-bdc1-42ec-a210-9e3cb3b33839-groupManagement] INFO  server.RaftServerConfigKeys (ConfUtils.java:logGet(46)) - raft.server.threadpool.client.size = 0 (default)
2024-03-04 13:03:09,855 [8524ad2e-bdc1-42ec-a210-9e3cb3b33839-groupManagement] INFO  server.RaftServerConfigKeys (ConfUtils.java:logGet(46)) - raft.server.storage.free-space.min = 0MB (=0) (default)
2024-03-04 13:03:09,855 [8524ad2e-bdc1-42ec-a210-9e3cb3b33839-groupManagement] INFO  server.RaftServerConfigKeys (ConfUtils.java:logGet(46)) - raft.server.log.corruption.policy = EXCEPTION (default)
2024-03-04 13:03:09,855 [8524ad2e-bdc1-42ec-a210-9e3cb3b33839-groupManagement] INFO  server.RaftServerConfigKeys (ConfUtils.java:logGet(46)) - raft.server.storage.dir = [/home/runner/work/ozone/ozone/hadoop-ozone/integration-test/target/test-dir/MiniOzoneClusterImpl-a24c3557-08b1-4f8b-a0f8-6c13b4e42376/ozone-meta/datanode-3/ratis] (custom)
2024-03-04 13:03:09,855 [8524ad2e-bdc1-42ec-a210-9e3cb3b33839-groupManagement] INFO  storage.RaftStorageDirectory (RaftStorageDirectoryImpl.java:analyzeStorage(138)) - The storage directory /home/runner/work/ozone/ozone/hadoop-ozone/integration-test/target/test-dir/MiniOzoneClusterImpl-a24c3557-08b1-4f8b-a0f8-6c13b4e42376/ozone-meta/datanode-3/ratis/67e9053d-a29c-437d-b32c-74c0bcd5d99e does not exist. Creating ...
2024-03-04 13:03:09,856 [8524ad2e-bdc1-42ec-a210-9e3cb3b33839-groupManagement] INFO  storage.RaftStorageDirectory (RaftStorageDirectoryImpl.java:tryLock(228)) - Lock on /home/runner/work/ozone/ozone/hadoop-ozone/integration-test/target/test-dir/MiniOzoneClusterImpl-a24c3557-08b1-4f8b-a0f8-6c13b4e42376/ozone-meta/datanode-3/ratis/67e9053d-a29c-437d-b32c-74c0bcd5d99e/in_use.lock acquired by nodename 41993@fv-az571-795
2024-03-04 13:03:09,857 [8524ad2e-bdc1-42ec-a210-9e3cb3b33839-groupManagement] INFO  storage.RaftStorage (RaftStorageImpl.java:format(99)) - Storage directory /home/runner/work/ozone/ozone/hadoop-ozone/integration-test/target/test-dir/MiniOzoneClusterImpl-a24c3557-08b1-4f8b-a0f8-6c13b4e42376/ozone-meta/datanode-3/ratis/67e9053d-a29c-437d-b32c-74c0bcd5d99e has been successfully formatted.
2024-03-04 13:03:09,857 [8524ad2e-bdc1-42ec-a210-9e3cb3b33839-groupManagement] WARN  util.FileUtils (LogUtils.java:supplyAndLog(63)) - Failed to Files.newInputStream /home/runner/work/ozone/ozone/hadoop-ozone/integration-test/target/test-dir/MiniOzoneClusterImpl-a24c3557-08b1-4f8b-a0f8-6c13b4e42376/ozone-meta/datanode-3/ratis/67e9053d-a29c-437d-b32c-74c0bcd5d99e/current/raft-meta.conf with options []: java.nio.file.NoSuchFileException: /home/runner/work/ozone/ozone/hadoop-ozone/integration-test/target/test-dir/MiniOzoneClusterImpl-a24c3557-08b1-4f8b-a0f8-6c13b4e42376/ozone-meta/datanode-3/ratis/67e9053d-a29c-437d-b32c-74c0bcd5d99e/current/raft-meta.conf
2024-03-04 13:03:09,858 [8524ad2e-bdc1-42ec-a210-9e3cb3b33839-groupManagement] INFO  ratis.ContainerStateMachine (ContainerStateMachine.java:loadSnapshot(287)) - group-74C0BCD5D99E: The snapshot info is null. Setting the last applied index to:(t:0, i:~)
2024-03-04 13:03:09,858 [8524ad2e-bdc1-42ec-a210-9e3cb3b33839-groupManagement] INFO  server.RaftServerConfigKeys (ConfUtils.java:logGet(46)) - raft.server.log.use.memory = false (default)
2024-03-04 13:03:09,858 [8524ad2e-bdc1-42ec-a210-9e3cb3b33839-groupManagement] INFO  server.RaftServerConfigKeys (ConfUtils.java:logGet(46)) - raft.server.log.purge.gap = 1000000 (custom)
2024-03-04 13:03:09,858 [8524ad2e-bdc1-42ec-a210-9e3cb3b33839-groupManagement] INFO  server.RaftServerConfigKeys (ConfUtils.java:logGet(46)) - raft.server.log.appender.buffer.byte-limit = 8388608 (custom)
2024-03-04 13:03:09,858 [8524ad2e-bdc1-42ec-a210-9e3cb3b33839-groupManagement] INFO  server.RaftServerConfigKeys (ConfUtils.java:logGet(46)) - raft.server.log.statemachine.data.read.timeout = 1000ms (default)
2024-03-04 13:03:09,858 [8524ad2e-bdc1-42ec-a210-9e3cb3b33839-groupManagement] INFO  server.RaftServerConfigKeys (ConfUtils.java:logGet(46)) - raft.server.log.purge.preservation.log.num = 0 (default)
2024-03-04 13:03:09,859 [8524ad2e-bdc1-42ec-a210-9e3cb3b33839-groupManagement] INFO  server.RaftServerConfigKeys (ConfUtils.java:logGet(46)) - raft.server.log.segment.size.max = 67108864 (custom)
2024-03-04 13:03:09,859 [8524ad2e-bdc1-42ec-a210-9e3cb3b33839-groupManagement] INFO  server.RaftServerConfigKeys (ConfUtils.java:logGet(46)) - raft.server.log.segment.cache.num.max = 2 (custom)
2024-03-04 13:03:09,859 [8524ad2e-bdc1-42ec-a210-9e3cb3b33839-groupManagement] INFO  server.RaftServerConfigKeys (ConfUtils.java:logGet(46)) - raft.server.log.segment.cache.size.max = 200MB (=209715200) (default)
2024-03-04 13:03:09,859 [8524ad2e-bdc1-42ec-a210-9e3cb3b33839-groupManagement] INFO  server.RaftServerConfigKeys (ConfUtils.java:logGet(46)) - raft.server.log.appender.buffer.byte-limit = 8388608 (custom)
2024-03-04 13:03:09,859 [8524ad2e-bdc1-42ec-a210-9e3cb3b33839-groupManagement] INFO  util.AwaitToRun (AwaitToRun.java:start(81)) - Thread[8524ad2e-bdc1-42ec-a210-9e3cb3b33839@group-74C0BCD5D99E-cacheEviction-AwaitToRun,5,main] started
2024-03-04 13:03:09,859 [8524ad2e-bdc1-42ec-a210-9e3cb3b33839-groupManagement] INFO  segmented.SegmentedRaftLogWorker (SegmentedRaftLogWorker.java:<init>(182)) - new 8524ad2e-bdc1-42ec-a210-9e3cb3b33839@group-74C0BCD5D99E-SegmentedRaftLogWorker for RaftStorageImpl:Storage Directory /home/runner/work/ozone/ozone/hadoop-ozone/integration-test/target/test-dir/MiniOzoneClusterImpl-a24c3557-08b1-4f8b-a0f8-6c13b4e42376/ozone-meta/datanode-3/ratis/67e9053d-a29c-437d-b32c-74c0bcd5d99e
2024-03-04 13:03:09,860 [8524ad2e-bdc1-42ec-a210-9e3cb3b33839-groupManagement] INFO  server.RaftServerConfigKeys (ConfUtils.java:logGet(46)) - raft.server.log.queue.byte-limit = 4294967296 (custom)
2024-03-04 13:03:09,860 [8524ad2e-bdc1-42ec-a210-9e3cb3b33839-groupManagement] INFO  server.RaftServerConfigKeys (ConfUtils.java:logGet(46)) - raft.server.log.queue.element-limit = 1024 (custom)
2024-03-04 13:03:09,860 [8524ad2e-bdc1-42ec-a210-9e3cb3b33839-groupManagement] INFO  server.RaftServerConfigKeys (ConfUtils.java:logGet(46)) - raft.server.log.segment.size.max = 67108864 (custom)
2024-03-04 13:03:09,860 [8524ad2e-bdc1-42ec-a210-9e3cb3b33839-groupManagement] INFO  server.RaftServerConfigKeys (ConfUtils.java:logGet(46)) - raft.server.log.preallocated.size = 4194304 (custom)
2024-03-04 13:03:09,860 [8524ad2e-bdc1-42ec-a210-9e3cb3b33839-groupManagement] INFO  server.RaftServerConfigKeys (ConfUtils.java:logGet(46)) - raft.server.log.force.sync.num = 128 (default)
2024-03-04 13:03:09,860 [8524ad2e-bdc1-42ec-a210-9e3cb3b33839-groupManagement] INFO  server.RaftServerConfigKeys (ConfUtils.java:logGet(46)) - raft.server.log.statemachine.data.sync = true (default)
2024-03-04 13:03:09,860 [8524ad2e-bdc1-42ec-a210-9e3cb3b33839-groupManagement] INFO  server.RaftServerConfigKeys (ConfUtils.java:logGet(46)) - raft.server.log.statemachine.data.sync.timeout = 10s (default)
2024-03-04 13:03:09,860 [8524ad2e-bdc1-42ec-a210-9e3cb3b33839-groupManagement] INFO  server.RaftServerConfigKeys (ConfUtils.java:logGet(46)) - raft.server.log.statemachine.data.sync.timeout.retry = 0 (custom)
2024-03-04 13:03:09,860 [8524ad2e-bdc1-42ec-a210-9e3cb3b33839-groupManagement] INFO  server.RaftServerConfigKeys (ConfUtils.java:logGet(46)) - raft.server.log.write.buffer.size = 8388616 (custom)
2024-03-04 13:03:09,861 [8524ad2e-bdc1-42ec-a210-9e3cb3b33839-groupManagement] INFO  server.RaftServerConfigKeys (ConfUtils.java:logGet(46)) - raft.server.log.appender.buffer.byte-limit = 8388608 (custom)
2024-03-04 13:03:09,861 [8524ad2e-bdc1-42ec-a210-9e3cb3b33839-groupManagement] INFO  server.RaftServerConfigKeys (ConfUtils.java:logGet(46)) - raft.server.log.unsafe-flush.enabled = false (default)
2024-03-04 13:03:09,864 [8524ad2e-bdc1-42ec-a210-9e3cb3b33839-groupManagement] INFO  server.RaftServerConfigKeys (ConfUtils.java:logGet(46)) - raft.server.log.async-flush.enabled = false (default)
2024-03-04 13:03:09,864 [8524ad2e-bdc1-42ec-a210-9e3cb3b33839-groupManagement] INFO  server.RaftServerConfigKeys (ConfUtils.java:logGet(46)) - raft.server.log.statemachine.data.caching.enabled = true (custom)
2024-03-04 13:03:09,864 [8524ad2e-bdc1-42ec-a210-9e3cb3b33839-groupManagement] INFO  segmented.SegmentedRaftLogWorker (SegmentedRaftLogWorker.java:lambda$new$0(134)) - 8524ad2e-bdc1-42ec-a210-9e3cb3b33839@group-74C0BCD5D99E-SegmentedRaftLogWorker: flushIndex: setUnconditionally 0 -> -1
2024-03-04 13:03:09,864 [8524ad2e-bdc1-42ec-a210-9e3cb3b33839-groupManagement] INFO  segmented.SegmentedRaftLogWorker (SegmentedRaftLogWorker.java:lambda$new$0(134)) - 8524ad2e-bdc1-42ec-a210-9e3cb3b33839@group-74C0BCD5D99E-SegmentedRaftLogWorker: safeCacheEvictIndex: setUnconditionally 0 -> -1
2024-03-04 13:03:09,865 [8524ad2e-bdc1-42ec-a210-9e3cb3b33839-groupManagement] INFO  server.RaftServer$Division (RaftServerImpl.java:start(396)) - 8524ad2e-bdc1-42ec-a210-9e3cb3b33839@group-74C0BCD5D99E: start as a follower, conf=-1: peers:[6f4eae97-3d37-4aee-9d11-cbcb461265bf|10.1.0.12:15237, 0de63147-ab38-4467-8675-efd501240ff2|10.1.0.12:15246, 8524ad2e-bdc1-42ec-a210-9e3cb3b33839|10.1.0.12:15255]|listeners:[], old=null
2024-03-04 13:03:09,865 [8524ad2e-bdc1-42ec-a210-9e3cb3b33839-groupManagement] INFO  server.RaftServer$Division (RaftServerImpl.java:setRole(383)) - 8524ad2e-bdc1-42ec-a210-9e3cb3b33839@group-74C0BCD5D99E: changes role from      null to FOLLOWER at term 0 for startAsFollower
2024-03-04 13:03:09,865 [8524ad2e-bdc1-42ec-a210-9e3cb3b33839-groupManagement] INFO  impl.RoleInfo (RoleInfo.java:updateAndGet(139)) - 8524ad2e-bdc1-42ec-a210-9e3cb3b33839: start 8524ad2e-bdc1-42ec-a210-9e3cb3b33839@group-74C0BCD5D99E-FollowerState
2024-03-04 13:03:09,865 [8524ad2e-bdc1-42ec-a210-9e3cb3b33839@group-74C0BCD5D99E-FollowerState] INFO  server.RaftServerConfigKeys (ConfUtils.java:logFallback(53)) - raft.server.rpc.first-election.timeout.min = 5s (fallback to raft.server.rpc.timeout.min)
2024-03-04 13:03:09,865 [8524ad2e-bdc1-42ec-a210-9e3cb3b33839-groupManagement] INFO  util.JmxRegister (JmxRegister.java:tryRegister(44)) - Successfully registered JMX Bean with object name Ratis:service=RaftServer,group=group-74C0BCD5D99E,id=8524ad2e-bdc1-42ec-a210-9e3cb3b33839
2024-03-04 13:03:09,865 [8524ad2e-bdc1-42ec-a210-9e3cb3b33839-groupManagement] INFO  server.RaftServerConfigKeys (ConfUtils.java:logGet(46)) - raft.server.snapshot.trigger-when-stop.enabled = true (default)
2024-03-04 13:03:09,865 [8524ad2e-bdc1-42ec-a210-9e3cb3b33839-groupManagement] INFO  server.RaftServerConfigKeys (ConfUtils.java:logGet(46)) - raft.server.snapshot.auto.trigger.enabled = true (custom)
2024-03-04 13:03:09,865 [8524ad2e-bdc1-42ec-a210-9e3cb3b33839-groupManagement] INFO  server.RaftServerConfigKeys (ConfUtils.java:logGet(46)) - raft.server.snapshot.auto.trigger.threshold = 10000 (custom)
2024-03-04 13:03:09,865 [8524ad2e-bdc1-42ec-a210-9e3cb3b33839@group-74C0BCD5D99E-FollowerState] INFO  server.RaftServerConfigKeys (ConfUtils.java:logFallback(53)) - raft.server.rpc.first-election.timeout.max = 5200ms (fallback to raft.server.rpc.timeout.max)
2024-03-04 13:03:09,865 [8524ad2e-bdc1-42ec-a210-9e3cb3b33839-groupManagement] INFO  server.RaftServerConfigKeys (ConfUtils.java:logGet(46)) - raft.server.snapshot.retention.file.num = 5 (custom)
2024-03-04 13:03:09,866 [8524ad2e-bdc1-42ec-a210-9e3cb3b33839-groupManagement] INFO  server.RaftServerConfigKeys (ConfUtils.java:logGet(46)) - raft.server.log.purge.upto.snapshot.index = false (default)
2024-03-04 13:03:09,869 [6f4eae97-3d37-4aee-9d11-cbcb461265bf-PipelineCommandHandlerThread-0] INFO  commandhandler.CreatePipelineCommandHandler (CreatePipelineCommandHandler.java:lambda$handle$2(124)) - Created Pipeline RATIS THREE PipelineID=67e9053d-a29c-437d-b32c-74c0bcd5d99e.
2024-03-04 13:03:09,869 [6f4eae97-3d37-4aee-9d11-cbcb461265bf-PipelineCommandHandlerThread-0] INFO  server.RaftServer (RaftServerProxy.java:addNew(100)) - 6f4eae97-3d37-4aee-9d11-cbcb461265bf: addNew group-5F591D046286:[6f4eae97-3d37-4aee-9d11-cbcb461265bf|10.1.0.12:15237, 0de63147-ab38-4467-8675-efd501240ff2|10.1.0.12:15246, 8524ad2e-bdc1-42ec-a210-9e3cb3b33839|10.1.0.12:15255] returns group-5F591D046286:java.util.concurrent.CompletableFuture@1dc7a0f6[Not completed]
2024-03-04 13:03:09,870 [6f4eae97-3d37-4aee-9d11-cbcb461265bf-groupManagement] INFO  server.RaftServer$Division (RaftServerImpl.java:<init>(256)) - 6f4eae97-3d37-4aee-9d11-cbcb461265bf: new RaftServerImpl for group-5F591D046286:[6f4eae97-3d37-4aee-9d11-cbcb461265bf|10.1.0.12:15237, 0de63147-ab38-4467-8675-efd501240ff2|10.1.0.12:15246, 8524ad2e-bdc1-42ec-a210-9e3cb3b33839|10.1.0.12:15255] with ContainerStateMachine:uninitialized
2024-03-04 13:03:09,870 [6f4eae97-3d37-4aee-9d11-cbcb461265bf-groupManagement] INFO  server.RaftServerConfigKeys (ConfUtils.java:logGet(46)) - raft.server.rpc.timeout.min = 5s (custom)
2024-03-04 13:03:09,870 [6f4eae97-3d37-4aee-9d11-cbcb461265bf-groupManagement] INFO  server.RaftServerConfigKeys (ConfUtils.java:logGet(46)) - raft.server.rpc.timeout.max = 5200ms (custom)
2024-03-04 13:03:09,870 [6f4eae97-3d37-4aee-9d11-cbcb461265bf-groupManagement] INFO  server.RaftServerConfigKeys (ConfUtils.java:logGet(46)) - raft.server.rpc.sleep.time = 25ms (default)
2024-03-04 13:03:09,870 [6f4eae97-3d37-4aee-9d11-cbcb461265bf-groupManagement] INFO  server.RaftServerConfigKeys (ConfUtils.java:logGet(46)) - raft.server.rpc.slowness.timeout = 300s (custom)
2024-03-04 13:03:09,870 [6f4eae97-3d37-4aee-9d11-cbcb461265bf-groupManagement] INFO  server.RaftServerConfigKeys (ConfUtils.java:logGet(46)) - raft.server.leaderelection.leader.step-down.wait-time = 10s (default)
2024-03-04 13:03:09,870 [6f4eae97-3d37-4aee-9d11-cbcb461265bf-groupManagement] INFO  server.RaftServerConfigKeys (ConfUtils.java:logGet(46)) - raft.server.leaderelection.member.majority-add = false (default)
2024-03-04 13:03:09,870 [6f4eae97-3d37-4aee-9d11-cbcb461265bf-groupManagement] INFO  server.RaftServerConfigKeys (ConfUtils.java:logGet(46)) - raft.server.sleep.deviation.threshold = 300ms (default)
2024-03-04 13:03:09,870 [6f4eae97-3d37-4aee-9d11-cbcb461265bf-groupManagement] INFO  server.RaftServer$Division (ServerState.java:<init>(113)) - 6f4eae97-3d37-4aee-9d11-cbcb461265bf@group-5F591D046286: ConfigurationManager, init=-1: peers:[6f4eae97-3d37-4aee-9d11-cbcb461265bf|10.1.0.12:15237, 0de63147-ab38-4467-8675-efd501240ff2|10.1.0.12:15246, 8524ad2e-bdc1-42ec-a210-9e3cb3b33839|10.1.0.12:15255]|listeners:[], old=null, confs=<EMPTY_MAP>
2024-03-04 13:03:09,870 [6f4eae97-3d37-4aee-9d11-cbcb461265bf-groupManagement] INFO  server.RaftServerConfigKeys (ConfUtils.java:logGet(46)) - raft.server.notification.no-leader.timeout = 300s (custom)
2024-03-04 13:03:09,870 [6f4eae97-3d37-4aee-9d11-cbcb461265bf-groupManagement] INFO  server.RaftServerConfigKeys (ConfUtils.java:logGet(46)) - raft.server.read.timeout = 10s (default)
2024-03-04 13:03:09,870 [6f4eae97-3d37-4aee-9d11-cbcb461265bf-groupManagement] INFO  server.RaftServerConfigKeys (ConfUtils.java:logGet(46)) - raft.server.retrycache.expirytime = 600000ms (custom)
2024-03-04 13:03:09,870 [6f4eae97-3d37-4aee-9d11-cbcb461265bf-groupManagement] INFO  server.RaftServerConfigKeys (ConfUtils.java:logGet(46)) - raft.server.retrycache.statistics.expirytime = 100ms (default)
2024-03-04 13:03:09,871 [6f4eae97-3d37-4aee-9d11-cbcb461265bf-groupManagement] INFO  server.RaftServerConfigKeys (ConfUtils.java:logGet(46)) - raft.server.read.option = DEFAULT (default)
2024-03-04 13:03:09,871 [6f4eae97-3d37-4aee-9d11-cbcb461265bf-groupManagement] INFO  server.RaftServerConfigKeys (ConfUtils.java:logGet(46)) - raft.server.read.read-after-write-consistent.write-index-cache.expiry-time = 60s (default)
2024-03-04 13:03:09,872 [6f4eae97-3d37-4aee-9d11-cbcb461265bf-groupManagement] INFO  server.RaftServerConfigKeys (ConfUtils.java:logGet(46)) - raft.server.rpc.request.timeout = 60s (custom)
2024-03-04 13:03:09,872 [6f4eae97-3d37-4aee-9d11-cbcb461265bf-groupManagement] INFO  server.RaftServerConfigKeys (ConfUtils.java:logGet(46)) - raft.server.log.appender.install.snapshot.enabled = false (custom)
2024-03-04 13:03:09,872 [6f4eae97-3d37-4aee-9d11-cbcb461265bf-groupManagement] INFO  server.RaftServerConfigKeys (ConfUtils.java:logGet(46)) - raft.server.threadpool.server.cached = true (default)
2024-03-04 13:03:09,872 [6f4eae97-3d37-4aee-9d11-cbcb461265bf-groupManagement] INFO  server.RaftServerConfigKeys (ConfUtils.java:logGet(46)) - raft.server.threadpool.server.size = 0 (default)
2024-03-04 13:03:09,872 [6f4eae97-3d37-4aee-9d11-cbcb461265bf-groupManagement] INFO  server.RaftServerConfigKeys (ConfUtils.java:logGet(46)) - raft.server.threadpool.client.cached = true (default)
2024-03-04 13:03:09,872 [6f4eae97-3d37-4aee-9d11-cbcb461265bf-groupManagement] INFO  server.RaftServerConfigKeys (ConfUtils.java:logGet(46)) - raft.server.threadpool.client.size = 0 (default)
2024-03-04 13:03:09,872 [6f4eae97-3d37-4aee-9d11-cbcb461265bf-groupManagement] INFO  server.RaftServerConfigKeys (ConfUtils.java:logGet(46)) - raft.server.storage.free-space.min = 0MB (=0) (default)
2024-03-04 13:03:09,872 [6f4eae97-3d37-4aee-9d11-cbcb461265bf-groupManagement] INFO  server.RaftServerConfigKeys (ConfUtils.java:logGet(46)) - raft.server.log.corruption.policy = EXCEPTION (default)
2024-03-04 13:03:09,872 [6f4eae97-3d37-4aee-9d11-cbcb461265bf-groupManagement] INFO  server.RaftServerConfigKeys (ConfUtils.java:logGet(46)) - raft.server.storage.dir = [/home/runner/work/ozone/ozone/hadoop-ozone/integration-test/target/test-dir/MiniOzoneClusterImpl-a24c3557-08b1-4f8b-a0f8-6c13b4e42376/ozone-meta/datanode-1/ratis] (custom)
2024-03-04 13:03:09,872 [6f4eae97-3d37-4aee-9d11-cbcb461265bf-groupManagement] INFO  storage.RaftStorageDirectory (RaftStorageDirectoryImpl.java:analyzeStorage(138)) - The storage directory /home/runner/work/ozone/ozone/hadoop-ozone/integration-test/target/test-dir/MiniOzoneClusterImpl-a24c3557-08b1-4f8b-a0f8-6c13b4e42376/ozone-meta/datanode-1/ratis/68800204-032d-45d2-83be-5f591d046286 does not exist. Creating ...
2024-03-04 13:03:09,873 [6f4eae97-3d37-4aee-9d11-cbcb461265bf-groupManagement] INFO  storage.RaftStorageDirectory (RaftStorageDirectoryImpl.java:tryLock(228)) - Lock on /home/runner/work/ozone/ozone/hadoop-ozone/integration-test/target/test-dir/MiniOzoneClusterImpl-a24c3557-08b1-4f8b-a0f8-6c13b4e42376/ozone-meta/datanode-1/ratis/68800204-032d-45d2-83be-5f591d046286/in_use.lock acquired by nodename 41993@fv-az571-795
2024-03-04 13:03:09,874 [6f4eae97-3d37-4aee-9d11-cbcb461265bf-groupManagement] INFO  storage.RaftStorage (RaftStorageImpl.java:format(99)) - Storage directory /home/runner/work/ozone/ozone/hadoop-ozone/integration-test/target/test-dir/MiniOzoneClusterImpl-a24c3557-08b1-4f8b-a0f8-6c13b4e42376/ozone-meta/datanode-1/ratis/68800204-032d-45d2-83be-5f591d046286 has been successfully formatted.
2024-03-04 13:03:09,874 [6f4eae97-3d37-4aee-9d11-cbcb461265bf-groupManagement] WARN  util.FileUtils (LogUtils.java:supplyAndLog(63)) - Failed to Files.newInputStream /home/runner/work/ozone/ozone/hadoop-ozone/integration-test/target/test-dir/MiniOzoneClusterImpl-a24c3557-08b1-4f8b-a0f8-6c13b4e42376/ozone-meta/datanode-1/ratis/68800204-032d-45d2-83be-5f591d046286/current/raft-meta.conf with options []: java.nio.file.NoSuchFileException: /home/runner/work/ozone/ozone/hadoop-ozone/integration-test/target/test-dir/MiniOzoneClusterImpl-a24c3557-08b1-4f8b-a0f8-6c13b4e42376/ozone-meta/datanode-1/ratis/68800204-032d-45d2-83be-5f591d046286/current/raft-meta.conf
2024-03-04 13:03:09,875 [6f4eae97-3d37-4aee-9d11-cbcb461265bf-groupManagement] INFO  ratis.ContainerStateMachine (ContainerStateMachine.java:loadSnapshot(287)) - group-5F591D046286: The snapshot info is null. Setting the last applied index to:(t:0, i:~)
2024-03-04 13:03:09,875 [6f4eae97-3d37-4aee-9d11-cbcb461265bf-groupManagement] INFO  server.RaftServerConfigKeys (ConfUtils.java:logGet(46)) - raft.server.log.use.memory = false (default)
2024-03-04 13:03:09,875 [0de63147-ab38-4467-8675-efd501240ff2-groupManagement] INFO  server.RaftServer$Division (RaftServerImpl.java:<init>(256)) - 0de63147-ab38-4467-8675-efd501240ff2: new RaftServerImpl for group-2F08ED923DF5:[0de63147-ab38-4467-8675-efd501240ff2|10.1.0.12:15246] with ContainerStateMachine:uninitialized
2024-03-04 13:03:09,875 [6f4eae97-3d37-4aee-9d11-cbcb461265bf-groupManagement] INFO  server.RaftServerConfigKeys (ConfUtils.java:logGet(46)) - raft.server.log.purge.gap = 1000000 (custom)
2024-03-04 13:03:09,875 [0de63147-ab38-4467-8675-efd501240ff2-groupManagement] INFO  server.RaftServerConfigKeys (ConfUtils.java:logGet(46)) - raft.server.rpc.timeout.min = 5s (custom)
2024-03-04 13:03:09,875 [6f4eae97-3d37-4aee-9d11-cbcb461265bf-groupManagement] INFO  server.RaftServerConfigKeys (ConfUtils.java:logGet(46)) - raft.server.log.appender.buffer.byte-limit = 8388608 (custom)
2024-03-04 13:03:09,875 [6f4eae97-3d37-4aee-9d11-cbcb461265bf-groupManagement] INFO  server.RaftServerConfigKeys (ConfUtils.java:logGet(46)) - raft.server.log.statemachine.data.read.timeout = 1000ms (default)
2024-03-04 13:03:09,875 [0de63147-ab38-4467-8675-efd501240ff2-groupManagement] INFO  server.RaftServerConfigKeys (ConfUtils.java:logGet(46)) - raft.server.rpc.timeout.max = 5200ms (custom)
2024-03-04 13:03:09,875 [0de63147-ab38-4467-8675-efd501240ff2-PipelineCommandHandlerThread-0] INFO  server.RaftServer (RaftServerProxy.java:addNew(100)) - 0de63147-ab38-4467-8675-efd501240ff2: addNew group-2F08ED923DF5:[0de63147-ab38-4467-8675-efd501240ff2|10.1.0.12:15246] returns group-2F08ED923DF5:java.util.concurrent.CompletableFuture@2169c520[Not completed]
2024-03-04 13:03:09,875 [6f4eae97-3d37-4aee-9d11-cbcb461265bf-groupManagement] INFO  server.RaftServerConfigKeys (ConfUtils.java:logGet(46)) - raft.server.log.purge.preservation.log.num = 0 (default)
2024-03-04 13:03:09,875 [EventQueue-OpenPipelineForHealthyPipelineSafeModeRule] INFO  safemode.SCMSafeModeManager (HealthyPipelineSafeModeRule.java:process(140)) - SCM in safe mode. Healthy pipelines reported count is 0, required healthy pipeline reported count is 1
2024-03-04 13:03:09,875 [0de63147-ab38-4467-8675-efd501240ff2-groupManagement] INFO  server.RaftServerConfigKeys (ConfUtils.java:logGet(46)) - raft.server.rpc.sleep.time = 25ms (default)
2024-03-04 13:03:09,875 [0de63147-ab38-4467-8675-efd501240ff2-groupManagement] INFO  server.RaftServerConfigKeys (ConfUtils.java:logGet(46)) - raft.server.rpc.slowness.timeout = 300s (custom)
2024-03-04 13:03:09,875 [0de63147-ab38-4467-8675-efd501240ff2-groupManagement] INFO  server.RaftServerConfigKeys (ConfUtils.java:logGet(46)) - raft.server.leaderelection.leader.step-down.wait-time = 10s (default)
2024-03-04 13:03:09,875 [0de63147-ab38-4467-8675-efd501240ff2-groupManagement] INFO  server.RaftServerConfigKeys (ConfUtils.java:logGet(46)) - raft.server.leaderelection.member.majority-add = false (default)
2024-03-04 13:03:09,876 [0de63147-ab38-4467-8675-efd501240ff2-groupManagement] INFO  server.RaftServerConfigKeys (ConfUtils.java:logGet(46)) - raft.server.sleep.deviation.threshold = 300ms (default)
2024-03-04 13:03:09,876 [0de63147-ab38-4467-8675-efd501240ff2-groupManagement] INFO  server.RaftServer$Division (ServerState.java:<init>(113)) - 0de63147-ab38-4467-8675-efd501240ff2@group-2F08ED923DF5: ConfigurationManager, init=-1: peers:[0de63147-ab38-4467-8675-efd501240ff2|10.1.0.12:15246]|listeners:[], old=null, confs=<EMPTY_MAP>
2024-03-04 13:03:09,876 [0de63147-ab38-4467-8675-efd501240ff2-groupManagement] INFO  server.RaftServerConfigKeys (ConfUtils.java:logGet(46)) - raft.server.notification.no-leader.timeout = 300s (custom)
2024-03-04 13:03:09,876 [0de63147-ab38-4467-8675-efd501240ff2-groupManagement] INFO  server.RaftServerConfigKeys (ConfUtils.java:logGet(46)) - raft.server.read.timeout = 10s (default)
2024-03-04 13:03:09,876 [0de63147-ab38-4467-8675-efd501240ff2-groupManagement] INFO  server.RaftServerConfigKeys (ConfUtils.java:logGet(46)) - raft.server.retrycache.expirytime = 600000ms (custom)
2024-03-04 13:03:09,876 [0de63147-ab38-4467-8675-efd501240ff2-groupManagement] INFO  server.RaftServerConfigKeys (ConfUtils.java:logGet(46)) - raft.server.retrycache.statistics.expirytime = 100ms (default)
2024-03-04 13:03:09,876 [0de63147-ab38-4467-8675-efd501240ff2-groupManagement] INFO  server.RaftServerConfigKeys (ConfUtils.java:logGet(46)) - raft.server.read.option = DEFAULT (default)
2024-03-04 13:03:09,876 [6f4eae97-3d37-4aee-9d11-cbcb461265bf-groupManagement] INFO  server.RaftServerConfigKeys (ConfUtils.java:logGet(46)) - raft.server.log.segment.size.max = 67108864 (custom)
2024-03-04 13:03:09,876 [0de63147-ab38-4467-8675-efd501240ff2-groupManagement] INFO  server.RaftServerConfigKeys (ConfUtils.java:logGet(46)) - raft.server.read.read-after-write-consistent.write-index-cache.expiry-time = 60s (default)
2024-03-04 13:03:09,876 [6f4eae97-3d37-4aee-9d11-cbcb461265bf-groupManagement] INFO  server.RaftServerConfigKeys (ConfUtils.java:logGet(46)) - raft.server.log.segment.cache.num.max = 2 (custom)
2024-03-04 13:03:09,876 [6f4eae97-3d37-4aee-9d11-cbcb461265bf-groupManagement] INFO  server.RaftServerConfigKeys (ConfUtils.java:logGet(46)) - raft.server.log.segment.cache.size.max = 200MB (=209715200) (default)
2024-03-04 13:03:09,876 [6f4eae97-3d37-4aee-9d11-cbcb461265bf-groupManagement] INFO  server.RaftServerConfigKeys (ConfUtils.java:logGet(46)) - raft.server.log.appender.buffer.byte-limit = 8388608 (custom)
2024-03-04 13:03:09,877 [0de63147-ab38-4467-8675-efd501240ff2-groupManagement] INFO  server.RaftServerConfigKeys (ConfUtils.java:logGet(46)) - raft.server.rpc.request.timeout = 60s (custom)
2024-03-04 13:03:09,877 [0de63147-ab38-4467-8675-efd501240ff2-groupManagement] INFO  server.RaftServerConfigKeys (ConfUtils.java:logGet(46)) - raft.server.log.appender.install.snapshot.enabled = false (custom)
2024-03-04 13:03:09,877 [0de63147-ab38-4467-8675-efd501240ff2-groupManagement] INFO  server.RaftServerConfigKeys (ConfUtils.java:logGet(46)) - raft.server.threadpool.server.cached = true (default)
2024-03-04 13:03:09,877 [0de63147-ab38-4467-8675-efd501240ff2-groupManagement] INFO  server.RaftServerConfigKeys (ConfUtils.java:logGet(46)) - raft.server.threadpool.server.size = 0 (default)
2024-03-04 13:03:09,877 [0de63147-ab38-4467-8675-efd501240ff2-groupManagement] INFO  server.RaftServerConfigKeys (ConfUtils.java:logGet(46)) - raft.server.threadpool.client.cached = true (default)
2024-03-04 13:03:09,877 [0de63147-ab38-4467-8675-efd501240ff2-groupManagement] INFO  server.RaftServerConfigKeys (ConfUtils.java:logGet(46)) - raft.server.threadpool.client.size = 0 (default)
2024-03-04 13:03:09,878 [0de63147-ab38-4467-8675-efd501240ff2-groupManagement] INFO  server.RaftServerConfigKeys (ConfUtils.java:logGet(46)) - raft.server.storage.free-space.min = 0MB (=0) (default)
2024-03-04 13:03:09,878 [0de63147-ab38-4467-8675-efd501240ff2-groupManagement] INFO  server.RaftServerConfigKeys (ConfUtils.java:logGet(46)) - raft.server.log.corruption.policy = EXCEPTION (default)
2024-03-04 13:03:09,878 [0de63147-ab38-4467-8675-efd501240ff2-groupManagement] INFO  server.RaftServerConfigKeys (ConfUtils.java:logGet(46)) - raft.server.storage.dir = [/home/runner/work/ozone/ozone/hadoop-ozone/integration-test/target/test-dir/MiniOzoneClusterImpl-a24c3557-08b1-4f8b-a0f8-6c13b4e42376/ozone-meta/datanode-2/ratis] (custom)
2024-03-04 13:03:09,878 [0de63147-ab38-4467-8675-efd501240ff2-groupManagement] INFO  storage.RaftStorageDirectory (RaftStorageDirectoryImpl.java:analyzeStorage(138)) - The storage directory /home/runner/work/ozone/ozone/hadoop-ozone/integration-test/target/test-dir/MiniOzoneClusterImpl-a24c3557-08b1-4f8b-a0f8-6c13b4e42376/ozone-meta/datanode-2/ratis/035b6d65-f766-4335-aa7c-2f08ed923df5 does not exist. Creating ...
2024-03-04 13:03:09,878 [0de63147-ab38-4467-8675-efd501240ff2-groupManagement] INFO  storage.RaftStorageDirectory (RaftStorageDirectoryImpl.java:tryLock(228)) - Lock on /home/runner/work/ozone/ozone/hadoop-ozone/integration-test/target/test-dir/MiniOzoneClusterImpl-a24c3557-08b1-4f8b-a0f8-6c13b4e42376/ozone-meta/datanode-2/ratis/035b6d65-f766-4335-aa7c-2f08ed923df5/in_use.lock acquired by nodename 41993@fv-az571-795
2024-03-04 13:03:09,879 [0de63147-ab38-4467-8675-efd501240ff2-groupManagement] INFO  storage.RaftStorage (RaftStorageImpl.java:format(99)) - Storage directory /home/runner/work/ozone/ozone/hadoop-ozone/integration-test/target/test-dir/MiniOzoneClusterImpl-a24c3557-08b1-4f8b-a0f8-6c13b4e42376/ozone-meta/datanode-2/ratis/035b6d65-f766-4335-aa7c-2f08ed923df5 has been successfully formatted.
2024-03-04 13:03:09,879 [0de63147-ab38-4467-8675-efd501240ff2-groupManagement] WARN  util.FileUtils (LogUtils.java:supplyAndLog(63)) - Failed to Files.newInputStream /home/runner/work/ozone/ozone/hadoop-ozone/integration-test/target/test-dir/MiniOzoneClusterImpl-a24c3557-08b1-4f8b-a0f8-6c13b4e42376/ozone-meta/datanode-2/ratis/035b6d65-f766-4335-aa7c-2f08ed923df5/current/raft-meta.conf with options []: java.nio.file.NoSuchFileException: /home/runner/work/ozone/ozone/hadoop-ozone/integration-test/target/test-dir/MiniOzoneClusterImpl-a24c3557-08b1-4f8b-a0f8-6c13b4e42376/ozone-meta/datanode-2/ratis/035b6d65-f766-4335-aa7c-2f08ed923df5/current/raft-meta.conf
2024-03-04 13:03:09,883 [6f4eae97-3d37-4aee-9d11-cbcb461265bf-groupManagement] INFO  util.AwaitToRun (AwaitToRun.java:start(81)) - Thread[6f4eae97-3d37-4aee-9d11-cbcb461265bf@group-5F591D046286-cacheEviction-AwaitToRun,5,main] started
2024-03-04 13:03:09,883 [6f4eae97-3d37-4aee-9d11-cbcb461265bf-groupManagement] INFO  segmented.SegmentedRaftLogWorker (SegmentedRaftLogWorker.java:<init>(182)) - new 6f4eae97-3d37-4aee-9d11-cbcb461265bf@group-5F591D046286-SegmentedRaftLogWorker for RaftStorageImpl:Storage Directory /home/runner/work/ozone/ozone/hadoop-ozone/integration-test/target/test-dir/MiniOzoneClusterImpl-a24c3557-08b1-4f8b-a0f8-6c13b4e42376/ozone-meta/datanode-1/ratis/68800204-032d-45d2-83be-5f591d046286
2024-03-04 13:03:09,883 [0de63147-ab38-4467-8675-efd501240ff2-groupManagement] INFO  ratis.ContainerStateMachine (ContainerStateMachine.java:loadSnapshot(287)) - group-2F08ED923DF5: The snapshot info is null. Setting the last applied index to:(t:0, i:~)
2024-03-04 13:03:09,884 [0de63147-ab38-4467-8675-efd501240ff2-groupManagement] INFO  server.RaftServerConfigKeys (ConfUtils.java:logGet(46)) - raft.server.log.use.memory = false (default)
2024-03-04 13:03:09,883 [6f4eae97-3d37-4aee-9d11-cbcb461265bf-groupManagement] INFO  server.RaftServerConfigKeys (ConfUtils.java:logGet(46)) - raft.server.log.queue.byte-limit = 4294967296 (custom)
2024-03-04 13:03:09,884 [0de63147-ab38-4467-8675-efd501240ff2-groupManagement] INFO  server.RaftServerConfigKeys (ConfUtils.java:logGet(46)) - raft.server.log.purge.gap = 1000000 (custom)
2024-03-04 13:03:09,884 [EventQueue-PipelineReportForPipelineReportHandler] INFO  pipeline.PipelineReportHandler (PipelineReportHandler.java:processPipelineReport(136)) - Opened pipeline PipelineID=035b6d65-f766-4335-aa7c-2f08ed923df5
2024-03-04 13:03:09,884 [EventQueue-OpenPipelineForHealthyPipelineSafeModeRule] INFO  safemode.SCMSafeModeManager (HealthyPipelineSafeModeRule.java:process(140)) - SCM in safe mode. Healthy pipelines reported count is 0, required healthy pipeline reported count is 1
2024-03-04 13:03:09,884 [6f4eae97-3d37-4aee-9d11-cbcb461265bf-groupManagement] INFO  server.RaftServerConfigKeys (ConfUtils.java:logGet(46)) - raft.server.log.queue.element-limit = 1024 (custom)
2024-03-04 13:03:09,885 [6f4eae97-3d37-4aee-9d11-cbcb461265bf-groupManagement] INFO  server.RaftServerConfigKeys (ConfUtils.java:logGet(46)) - raft.server.log.segment.size.max = 67108864 (custom)
2024-03-04 13:03:09,885 [6f4eae97-3d37-4aee-9d11-cbcb461265bf-groupManagement] INFO  server.RaftServerConfigKeys (ConfUtils.java:logGet(46)) - raft.server.log.preallocated.size = 4194304 (custom)
2024-03-04 13:03:09,885 [6f4eae97-3d37-4aee-9d11-cbcb461265bf-groupManagement] INFO  server.RaftServerConfigKeys (ConfUtils.java:logGet(46)) - raft.server.log.force.sync.num = 128 (default)
2024-03-04 13:03:09,884 [0de63147-ab38-4467-8675-efd501240ff2-groupManagement] INFO  server.RaftServerConfigKeys (ConfUtils.java:logGet(46)) - raft.server.log.appender.buffer.byte-limit = 8388608 (custom)
2024-03-04 13:03:09,885 [0de63147-ab38-4467-8675-efd501240ff2-groupManagement] INFO  server.RaftServerConfigKeys (ConfUtils.java:logGet(46)) - raft.server.log.statemachine.data.read.timeout = 1000ms (default)
2024-03-04 13:03:09,885 [6f4eae97-3d37-4aee-9d11-cbcb461265bf-groupManagement] INFO  server.RaftServerConfigKeys (ConfUtils.java:logGet(46)) - raft.server.log.statemachine.data.sync = true (default)
2024-03-04 13:03:09,885 [6f4eae97-3d37-4aee-9d11-cbcb461265bf-groupManagement] INFO  server.RaftServerConfigKeys (ConfUtils.java:logGet(46)) - raft.server.log.statemachine.data.sync.timeout = 10s (default)
2024-03-04 13:03:09,885 [6f4eae97-3d37-4aee-9d11-cbcb461265bf-groupManagement] INFO  server.RaftServerConfigKeys (ConfUtils.java:logGet(46)) - raft.server.log.statemachine.data.sync.timeout.retry = 0 (custom)
2024-03-04 13:03:09,885 [0de63147-ab38-4467-8675-efd501240ff2-groupManagement] INFO  server.RaftServerConfigKeys (ConfUtils.java:logGet(46)) - raft.server.log.purge.preservation.log.num = 0 (default)
2024-03-04 13:03:09,885 [6f4eae97-3d37-4aee-9d11-cbcb461265bf-groupManagement] INFO  server.RaftServerConfigKeys (ConfUtils.java:logGet(46)) - raft.server.log.write.buffer.size = 8388616 (custom)
2024-03-04 13:03:09,886 [0de63147-ab38-4467-8675-efd501240ff2-groupManagement] INFO  server.RaftServerConfigKeys (ConfUtils.java:logGet(46)) - raft.server.log.segment.size.max = 67108864 (custom)
2024-03-04 13:03:09,887 [0de63147-ab38-4467-8675-efd501240ff2-groupManagement] INFO  server.RaftServerConfigKeys (ConfUtils.java:logGet(46)) - raft.server.log.segment.cache.num.max = 2 (custom)
2024-03-04 13:03:09,887 [0de63147-ab38-4467-8675-efd501240ff2-groupManagement] INFO  server.RaftServerConfigKeys (ConfUtils.java:logGet(46)) - raft.server.log.segment.cache.size.max = 200MB (=209715200) (default)
2024-03-04 13:03:09,887 [0de63147-ab38-4467-8675-efd501240ff2-groupManagement] INFO  server.RaftServerConfigKeys (ConfUtils.java:logGet(46)) - raft.server.log.appender.buffer.byte-limit = 8388608 (custom)
2024-03-04 13:03:09,887 [0de63147-ab38-4467-8675-efd501240ff2-groupManagement] INFO  util.AwaitToRun (AwaitToRun.java:start(81)) - Thread[0de63147-ab38-4467-8675-efd501240ff2@group-2F08ED923DF5-cacheEviction-AwaitToRun,5,main] started
2024-03-04 13:03:09,887 [0de63147-ab38-4467-8675-efd501240ff2-groupManagement] INFO  segmented.SegmentedRaftLogWorker (SegmentedRaftLogWorker.java:<init>(182)) - new 0de63147-ab38-4467-8675-efd501240ff2@group-2F08ED923DF5-SegmentedRaftLogWorker for RaftStorageImpl:Storage Directory /home/runner/work/ozone/ozone/hadoop-ozone/integration-test/target/test-dir/MiniOzoneClusterImpl-a24c3557-08b1-4f8b-a0f8-6c13b4e42376/ozone-meta/datanode-2/ratis/035b6d65-f766-4335-aa7c-2f08ed923df5
2024-03-04 13:03:09,887 [6f4eae97-3d37-4aee-9d11-cbcb461265bf-groupManagement] INFO  server.RaftServerConfigKeys (ConfUtils.java:logGet(46)) - raft.server.log.appender.buffer.byte-limit = 8388608 (custom)
2024-03-04 13:03:09,887 [6f4eae97-3d37-4aee-9d11-cbcb461265bf-groupManagement] INFO  server.RaftServerConfigKeys (ConfUtils.java:logGet(46)) - raft.server.log.unsafe-flush.enabled = false (default)
2024-03-04 13:03:09,887 [6f4eae97-3d37-4aee-9d11-cbcb461265bf-groupManagement] INFO  server.RaftServerConfigKeys (ConfUtils.java:logGet(46)) - raft.server.log.async-flush.enabled = false (default)
2024-03-04 13:03:09,888 [6f4eae97-3d37-4aee-9d11-cbcb461265bf-groupManagement] INFO  server.RaftServerConfigKeys (ConfUtils.java:logGet(46)) - raft.server.log.statemachine.data.caching.enabled = true (custom)
2024-03-04 13:03:09,887 [0de63147-ab38-4467-8675-efd501240ff2-groupManagement] INFO  server.RaftServerConfigKeys (ConfUtils.java:logGet(46)) - raft.server.log.queue.byte-limit = 4294967296 (custom)
2024-03-04 13:03:09,888 [6f4eae97-3d37-4aee-9d11-cbcb461265bf-groupManagement] INFO  segmented.SegmentedRaftLogWorker (SegmentedRaftLogWorker.java:lambda$new$0(134)) - 6f4eae97-3d37-4aee-9d11-cbcb461265bf@group-5F591D046286-SegmentedRaftLogWorker: flushIndex: setUnconditionally 0 -> -1
2024-03-04 13:03:09,888 [6f4eae97-3d37-4aee-9d11-cbcb461265bf-groupManagement] INFO  segmented.SegmentedRaftLogWorker (SegmentedRaftLogWorker.java:lambda$new$0(134)) - 6f4eae97-3d37-4aee-9d11-cbcb461265bf@group-5F591D046286-SegmentedRaftLogWorker: safeCacheEvictIndex: setUnconditionally 0 -> -1
2024-03-04 13:03:09,888 [0de63147-ab38-4467-8675-efd501240ff2-groupManagement] INFO  server.RaftServerConfigKeys (ConfUtils.java:logGet(46)) - raft.server.log.queue.element-limit = 1024 (custom)
2024-03-04 13:03:09,888 [6f4eae97-3d37-4aee-9d11-cbcb461265bf-groupManagement] INFO  server.RaftServer$Division (RaftServerImpl.java:start(396)) - 6f4eae97-3d37-4aee-9d11-cbcb461265bf@group-5F591D046286: start as a follower, conf=-1: peers:[6f4eae97-3d37-4aee-9d11-cbcb461265bf|10.1.0.12:15237, 0de63147-ab38-4467-8675-efd501240ff2|10.1.0.12:15246, 8524ad2e-bdc1-42ec-a210-9e3cb3b33839|10.1.0.12:15255]|listeners:[], old=null
2024-03-04 13:03:09,888 [6f4eae97-3d37-4aee-9d11-cbcb461265bf-groupManagement] INFO  server.RaftServer$Division (RaftServerImpl.java:setRole(383)) - 6f4eae97-3d37-4aee-9d11-cbcb461265bf@group-5F591D046286: changes role from      null to FOLLOWER at term 0 for startAsFollower
2024-03-04 13:03:09,888 [6f4eae97-3d37-4aee-9d11-cbcb461265bf-groupManagement] INFO  impl.RoleInfo (RoleInfo.java:updateAndGet(139)) - 6f4eae97-3d37-4aee-9d11-cbcb461265bf: start 6f4eae97-3d37-4aee-9d11-cbcb461265bf@group-5F591D046286-FollowerState
2024-03-04 13:03:09,888 [0de63147-ab38-4467-8675-efd501240ff2-groupManagement] INFO  server.RaftServerConfigKeys (ConfUtils.java:logGet(46)) - raft.server.log.segment.size.max = 67108864 (custom)
2024-03-04 13:03:09,888 [6f4eae97-3d37-4aee-9d11-cbcb461265bf@group-5F591D046286-FollowerState] INFO  server.RaftServerConfigKeys (ConfUtils.java:logFallback(53)) - raft.server.rpc.first-election.timeout.min = 5s (fallback to raft.server.rpc.timeout.min)
2024-03-04 13:03:09,888 [6f4eae97-3d37-4aee-9d11-cbcb461265bf-groupManagement] INFO  util.JmxRegister (JmxRegister.java:tryRegister(44)) - Successfully registered JMX Bean with object name Ratis:service=RaftServer,group=group-5F591D046286,id=6f4eae97-3d37-4aee-9d11-cbcb461265bf
2024-03-04 13:03:09,889 [6f4eae97-3d37-4aee-9d11-cbcb461265bf-groupManagement] INFO  server.RaftServerConfigKeys (ConfUtils.java:logGet(46)) - raft.server.snapshot.trigger-when-stop.enabled = true (default)
2024-03-04 13:03:09,889 [6f4eae97-3d37-4aee-9d11-cbcb461265bf-groupManagement] INFO  server.RaftServerConfigKeys (ConfUtils.java:logGet(46)) - raft.server.snapshot.auto.trigger.enabled = true (custom)
2024-03-04 13:03:09,888 [0de63147-ab38-4467-8675-efd501240ff2-groupManagement] INFO  server.RaftServerConfigKeys (ConfUtils.java:logGet(46)) - raft.server.log.preallocated.size = 4194304 (custom)
2024-03-04 13:03:09,889 [0de63147-ab38-4467-8675-efd501240ff2-groupManagement] INFO  server.RaftServerConfigKeys (ConfUtils.java:logGet(46)) - raft.server.log.force.sync.num = 128 (default)
2024-03-04 13:03:09,889 [6f4eae97-3d37-4aee-9d11-cbcb461265bf-groupManagement] INFO  server.RaftServerConfigKeys (ConfUtils.java:logGet(46)) - raft.server.snapshot.auto.trigger.threshold = 10000 (custom)
2024-03-04 13:03:09,889 [6f4eae97-3d37-4aee-9d11-cbcb461265bf@group-5F591D046286-FollowerState] INFO  server.RaftServerConfigKeys (ConfUtils.java:logFallback(53)) - raft.server.rpc.first-election.timeout.max = 5200ms (fallback to raft.server.rpc.timeout.max)
2024-03-04 13:03:09,889 [6f4eae97-3d37-4aee-9d11-cbcb461265bf-groupManagement] INFO  server.RaftServerConfigKeys (ConfUtils.java:logGet(46)) - raft.server.snapshot.retention.file.num = 5 (custom)
2024-03-04 13:03:09,889 [6f4eae97-3d37-4aee-9d11-cbcb461265bf-groupManagement] INFO  server.RaftServerConfigKeys (ConfUtils.java:logGet(46)) - raft.server.log.purge.upto.snapshot.index = false (default)
2024-03-04 13:03:09,889 [0de63147-ab38-4467-8675-efd501240ff2-groupManagement] INFO  server.RaftServerConfigKeys (ConfUtils.java:logGet(46)) - raft.server.log.statemachine.data.sync = true (default)
2024-03-04 13:03:09,889 [0de63147-ab38-4467-8675-efd501240ff2-groupManagement] INFO  server.RaftServerConfigKeys (ConfUtils.java:logGet(46)) - raft.server.log.statemachine.data.sync.timeout = 10s (default)
2024-03-04 13:03:09,889 [0de63147-ab38-4467-8675-efd501240ff2-groupManagement] INFO  server.RaftServerConfigKeys (ConfUtils.java:logGet(46)) - raft.server.log.statemachine.data.sync.timeout.retry = 0 (custom)
2024-03-04 13:03:09,890 [0de63147-ab38-4467-8675-efd501240ff2-groupManagement] INFO  server.RaftServerConfigKeys (ConfUtils.java:logGet(46)) - raft.server.log.write.buffer.size = 8388616 (custom)
2024-03-04 13:03:09,890 [6f4eae97-3d37-4aee-9d11-cbcb461265bf-PipelineCommandHandlerThread-0] INFO  ratis.XceiverServerRatis (XceiverServerRatis.java:addGroup(864)) - Created group PipelineID=68800204-032d-45d2-83be-5f591d046286
2024-03-04 13:03:09,891 [0de63147-ab38-4467-8675-efd501240ff2-groupManagement] INFO  server.RaftServerConfigKeys (ConfUtils.java:logGet(46)) - raft.server.log.appender.buffer.byte-limit = 8388608 (custom)
2024-03-04 13:03:09,891 [0de63147-ab38-4467-8675-efd501240ff2-groupManagement] INFO  server.RaftServerConfigKeys (ConfUtils.java:logGet(46)) - raft.server.log.unsafe-flush.enabled = false (default)
2024-03-04 13:03:09,891 [0de63147-ab38-4467-8675-efd501240ff2-groupManagement] INFO  server.RaftServerConfigKeys (ConfUtils.java:logGet(46)) - raft.server.log.async-flush.enabled = false (default)
2024-03-04 13:03:09,892 [0de63147-ab38-4467-8675-efd501240ff2-groupManagement] INFO  server.RaftServerConfigKeys (ConfUtils.java:logGet(46)) - raft.server.log.statemachine.data.caching.enabled = true (custom)
2024-03-04 13:03:09,892 [0de63147-ab38-4467-8675-efd501240ff2-groupManagement] INFO  segmented.SegmentedRaftLogWorker (SegmentedRaftLogWorker.java:lambda$new$0(134)) - 0de63147-ab38-4467-8675-efd501240ff2@group-2F08ED923DF5-SegmentedRaftLogWorker: flushIndex: setUnconditionally 0 -> -1
2024-03-04 13:03:09,892 [0de63147-ab38-4467-8675-efd501240ff2-groupManagement] INFO  segmented.SegmentedRaftLogWorker (SegmentedRaftLogWorker.java:lambda$new$0(134)) - 0de63147-ab38-4467-8675-efd501240ff2@group-2F08ED923DF5-SegmentedRaftLogWorker: safeCacheEvictIndex: setUnconditionally 0 -> -1
2024-03-04 13:03:09,892 [0de63147-ab38-4467-8675-efd501240ff2-groupManagement] INFO  server.RaftServer$Division (RaftServerImpl.java:start(396)) - 0de63147-ab38-4467-8675-efd501240ff2@group-2F08ED923DF5: start as a follower, conf=-1: peers:[0de63147-ab38-4467-8675-efd501240ff2|10.1.0.12:15246]|listeners:[], old=null
2024-03-04 13:03:09,892 [0de63147-ab38-4467-8675-efd501240ff2-groupManagement] INFO  server.RaftServer$Division (RaftServerImpl.java:setRole(383)) - 0de63147-ab38-4467-8675-efd501240ff2@group-2F08ED923DF5: changes role from      null to FOLLOWER at term 0 for startAsFollower
2024-03-04 13:03:09,892 [0de63147-ab38-4467-8675-efd501240ff2-groupManagement] INFO  impl.RoleInfo (RoleInfo.java:updateAndGet(139)) - 0de63147-ab38-4467-8675-efd501240ff2: start 0de63147-ab38-4467-8675-efd501240ff2@group-2F08ED923DF5-FollowerState
2024-03-04 13:03:09,893 [0de63147-ab38-4467-8675-efd501240ff2@group-2F08ED923DF5-FollowerState] INFO  server.RaftServerConfigKeys (ConfUtils.java:logFallback(53)) - raft.server.rpc.first-election.timeout.min = 5s (fallback to raft.server.rpc.timeout.min)
2024-03-04 13:03:09,893 [0de63147-ab38-4467-8675-efd501240ff2@group-2F08ED923DF5-FollowerState] INFO  server.RaftServerConfigKeys (ConfUtils.java:logFallback(53)) - raft.server.rpc.first-election.timeout.max = 5200ms (fallback to raft.server.rpc.timeout.max)
2024-03-04 13:03:09,893 [0de63147-ab38-4467-8675-efd501240ff2-groupManagement] INFO  util.JmxRegister (JmxRegister.java:tryRegister(44)) - Successfully registered JMX Bean with object name Ratis:service=RaftServer,group=group-2F08ED923DF5,id=0de63147-ab38-4467-8675-efd501240ff2
2024-03-04 13:03:09,893 [0de63147-ab38-4467-8675-efd501240ff2-groupManagement] INFO  server.RaftServerConfigKeys (ConfUtils.java:logGet(46)) - raft.server.snapshot.trigger-when-stop.enabled = true (default)
2024-03-04 13:03:09,893 [0de63147-ab38-4467-8675-efd501240ff2-groupManagement] INFO  server.RaftServerConfigKeys (ConfUtils.java:logGet(46)) - raft.server.snapshot.auto.trigger.enabled = true (custom)
2024-03-04 13:03:09,894 [0de63147-ab38-4467-8675-efd501240ff2-groupManagement] INFO  server.RaftServerConfigKeys (ConfUtils.java:logGet(46)) - raft.server.snapshot.auto.trigger.threshold = 10000 (custom)
2024-03-04 13:03:09,894 [0de63147-ab38-4467-8675-efd501240ff2-groupManagement] INFO  server.RaftServerConfigKeys (ConfUtils.java:logGet(46)) - raft.server.snapshot.retention.file.num = 5 (custom)
2024-03-04 13:03:09,895 [0de63147-ab38-4467-8675-efd501240ff2-groupManagement] INFO  server.RaftServerConfigKeys (ConfUtils.java:logGet(46)) - raft.server.log.purge.upto.snapshot.index = false (default)
2024-03-04 13:03:09,895 [0de63147-ab38-4467-8675-efd501240ff2-PipelineCommandHandlerThread-0] INFO  ratis.XceiverServerRatis (XceiverServerRatis.java:addGroup(864)) - Created group PipelineID=035b6d65-f766-4335-aa7c-2f08ed923df5
2024-03-04 13:03:09,895 [0de63147-ab38-4467-8675-efd501240ff2-PipelineCommandHandlerThread-0] INFO  commandhandler.CreatePipelineCommandHandler (CreatePipelineCommandHandler.java:lambda$handle$2(124)) - Created Pipeline RATIS ONE PipelineID=035b6d65-f766-4335-aa7c-2f08ed923df5.
2024-03-04 13:03:09,895 [grpc-default-executor-4] INFO  server.RaftServer (RaftServerProxy.java:addNew(100)) - 0de63147-ab38-4467-8675-efd501240ff2: addNew group-5F591D046286:[6f4eae97-3d37-4aee-9d11-cbcb461265bf|10.1.0.12:15237, 0de63147-ab38-4467-8675-efd501240ff2|10.1.0.12:15246, 8524ad2e-bdc1-42ec-a210-9e3cb3b33839|10.1.0.12:15255] returns group-5F591D046286:java.util.concurrent.CompletableFuture@51c73126[Not completed]
2024-03-04 13:03:09,898 [0de63147-ab38-4467-8675-efd501240ff2-groupManagement] INFO  server.RaftServer$Division (RaftServerImpl.java:<init>(256)) - 0de63147-ab38-4467-8675-efd501240ff2: new RaftServerImpl for group-5F591D046286:[6f4eae97-3d37-4aee-9d11-cbcb461265bf|10.1.0.12:15237, 0de63147-ab38-4467-8675-efd501240ff2|10.1.0.12:15246, 8524ad2e-bdc1-42ec-a210-9e3cb3b33839|10.1.0.12:15255] with ContainerStateMachine:uninitialized
2024-03-04 13:03:09,898 [0de63147-ab38-4467-8675-efd501240ff2-groupManagement] INFO  server.RaftServerConfigKeys (ConfUtils.java:logGet(46)) - raft.server.rpc.timeout.min = 5s (custom)
2024-03-04 13:03:09,898 [0de63147-ab38-4467-8675-efd501240ff2-groupManagement] INFO  server.RaftServerConfigKeys (ConfUtils.java:logGet(46)) - raft.server.rpc.timeout.max = 5200ms (custom)
2024-03-04 13:03:09,898 [0de63147-ab38-4467-8675-efd501240ff2-groupManagement] INFO  server.RaftServerConfigKeys (ConfUtils.java:logGet(46)) - raft.server.rpc.sleep.time = 25ms (default)
2024-03-04 13:03:09,898 [0de63147-ab38-4467-8675-efd501240ff2-groupManagement] INFO  server.RaftServerConfigKeys (ConfUtils.java:logGet(46)) - raft.server.rpc.slowness.timeout = 300s (custom)
2024-03-04 13:03:09,898 [0de63147-ab38-4467-8675-efd501240ff2-groupManagement] INFO  server.RaftServerConfigKeys (ConfUtils.java:logGet(46)) - raft.server.leaderelection.leader.step-down.wait-time = 10s (default)
2024-03-04 13:03:09,898 [0de63147-ab38-4467-8675-efd501240ff2-groupManagement] INFO  server.RaftServerConfigKeys (ConfUtils.java:logGet(46)) - raft.server.leaderelection.member.majority-add = false (default)
2024-03-04 13:03:09,898 [0de63147-ab38-4467-8675-efd501240ff2-groupManagement] INFO  server.RaftServerConfigKeys (ConfUtils.java:logGet(46)) - raft.server.sleep.deviation.threshold = 300ms (default)
2024-03-04 13:03:09,898 [0de63147-ab38-4467-8675-efd501240ff2-groupManagement] INFO  server.RaftServer$Division (ServerState.java:<init>(113)) - 0de63147-ab38-4467-8675-efd501240ff2@group-5F591D046286: ConfigurationManager, init=-1: peers:[6f4eae97-3d37-4aee-9d11-cbcb461265bf|10.1.0.12:15237, 0de63147-ab38-4467-8675-efd501240ff2|10.1.0.12:15246, 8524ad2e-bdc1-42ec-a210-9e3cb3b33839|10.1.0.12:15255]|listeners:[], old=null, confs=<EMPTY_MAP>
2024-03-04 13:03:09,898 [0de63147-ab38-4467-8675-efd501240ff2-groupManagement] INFO  server.RaftServerConfigKeys (ConfUtils.java:logGet(46)) - raft.server.notification.no-leader.timeout = 300s (custom)
2024-03-04 13:03:09,898 [0de63147-ab38-4467-8675-efd501240ff2-groupManagement] INFO  server.RaftServerConfigKeys (ConfUtils.java:logGet(46)) - raft.server.read.timeout = 10s (default)
2024-03-04 13:03:09,898 [0de63147-ab38-4467-8675-efd501240ff2-groupManagement] INFO  server.RaftServerConfigKeys (ConfUtils.java:logGet(46)) - raft.server.retrycache.expirytime = 600000ms (custom)
2024-03-04 13:03:09,899 [0de63147-ab38-4467-8675-efd501240ff2-groupManagement] INFO  server.RaftServerConfigKeys (ConfUtils.java:logGet(46)) - raft.server.retrycache.statistics.expirytime = 100ms (default)
2024-03-04 13:03:09,899 [0de63147-ab38-4467-8675-efd501240ff2-groupManagement] INFO  server.RaftServerConfigKeys (ConfUtils.java:logGet(46)) - raft.server.read.option = DEFAULT (default)
2024-03-04 13:03:09,899 [0de63147-ab38-4467-8675-efd501240ff2-groupManagement] INFO  server.RaftServerConfigKeys (ConfUtils.java:logGet(46)) - raft.server.read.read-after-write-consistent.write-index-cache.expiry-time = 60s (default)
2024-03-04 13:03:09,900 [0de63147-ab38-4467-8675-efd501240ff2-groupManagement] INFO  server.RaftServerConfigKeys (ConfUtils.java:logGet(46)) - raft.server.rpc.request.timeout = 60s (custom)
2024-03-04 13:03:09,900 [0de63147-ab38-4467-8675-efd501240ff2-groupManagement] INFO  server.RaftServerConfigKeys (ConfUtils.java:logGet(46)) - raft.server.log.appender.install.snapshot.enabled = false (custom)
2024-03-04 13:03:09,900 [0de63147-ab38-4467-8675-efd501240ff2-groupManagement] INFO  server.RaftServerConfigKeys (ConfUtils.java:logGet(46)) - raft.server.threadpool.server.cached = true (default)
2024-03-04 13:03:09,900 [0de63147-ab38-4467-8675-efd501240ff2-groupManagement] INFO  server.RaftServerConfigKeys (ConfUtils.java:logGet(46)) - raft.server.threadpool.server.size = 0 (default)
2024-03-04 13:03:09,900 [0de63147-ab38-4467-8675-efd501240ff2-groupManagement] INFO  server.RaftServerConfigKeys (ConfUtils.java:logGet(46)) - raft.server.threadpool.client.cached = true (default)
2024-03-04 13:03:09,900 [0de63147-ab38-4467-8675-efd501240ff2-groupManagement] INFO  server.RaftServerConfigKeys (ConfUtils.java:logGet(46)) - raft.server.threadpool.client.size = 0 (default)
2024-03-04 13:03:09,900 [0de63147-ab38-4467-8675-efd501240ff2-groupManagement] INFO  server.RaftServerConfigKeys (ConfUtils.java:logGet(46)) - raft.server.storage.free-space.min = 0MB (=0) (default)
2024-03-04 13:03:09,900 [0de63147-ab38-4467-8675-efd501240ff2-groupManagement] INFO  server.RaftServerConfigKeys (ConfUtils.java:logGet(46)) - raft.server.log.corruption.policy = EXCEPTION (default)
2024-03-04 13:03:09,900 [0de63147-ab38-4467-8675-efd501240ff2-groupManagement] INFO  server.RaftServerConfigKeys (ConfUtils.java:logGet(46)) - raft.server.storage.dir = [/home/runner/work/ozone/ozone/hadoop-ozone/integration-test/target/test-dir/MiniOzoneClusterImpl-a24c3557-08b1-4f8b-a0f8-6c13b4e42376/ozone-meta/datanode-2/ratis] (custom)
2024-03-04 13:03:09,901 [0de63147-ab38-4467-8675-efd501240ff2-groupManagement] INFO  storage.RaftStorageDirectory (RaftStorageDirectoryImpl.java:analyzeStorage(138)) - The storage directory /home/runner/work/ozone/ozone/hadoop-ozone/integration-test/target/test-dir/MiniOzoneClusterImpl-a24c3557-08b1-4f8b-a0f8-6c13b4e42376/ozone-meta/datanode-2/ratis/68800204-032d-45d2-83be-5f591d046286 does not exist. Creating ...
2024-03-04 13:03:09,901 [0de63147-ab38-4467-8675-efd501240ff2-groupManagement] INFO  storage.RaftStorageDirectory (RaftStorageDirectoryImpl.java:tryLock(228)) - Lock on /home/runner/work/ozone/ozone/hadoop-ozone/integration-test/target/test-dir/MiniOzoneClusterImpl-a24c3557-08b1-4f8b-a0f8-6c13b4e42376/ozone-meta/datanode-2/ratis/68800204-032d-45d2-83be-5f591d046286/in_use.lock acquired by nodename 41993@fv-az571-795
2024-03-04 13:03:09,902 [0de63147-ab38-4467-8675-efd501240ff2-groupManagement] INFO  storage.RaftStorage (RaftStorageImpl.java:format(99)) - Storage directory /home/runner/work/ozone/ozone/hadoop-ozone/integration-test/target/test-dir/MiniOzoneClusterImpl-a24c3557-08b1-4f8b-a0f8-6c13b4e42376/ozone-meta/datanode-2/ratis/68800204-032d-45d2-83be-5f591d046286 has been successfully formatted.
2024-03-04 13:03:09,902 [0de63147-ab38-4467-8675-efd501240ff2-groupManagement] WARN  util.FileUtils (LogUtils.java:supplyAndLog(63)) - Failed to Files.newInputStream /home/runner/work/ozone/ozone/hadoop-ozone/integration-test/target/test-dir/MiniOzoneClusterImpl-a24c3557-08b1-4f8b-a0f8-6c13b4e42376/ozone-meta/datanode-2/ratis/68800204-032d-45d2-83be-5f591d046286/current/raft-meta.conf with options []: java.nio.file.NoSuchFileException: /home/runner/work/ozone/ozone/hadoop-ozone/integration-test/target/test-dir/MiniOzoneClusterImpl-a24c3557-08b1-4f8b-a0f8-6c13b4e42376/ozone-meta/datanode-2/ratis/68800204-032d-45d2-83be-5f591d046286/current/raft-meta.conf
2024-03-04 13:03:09,903 [0de63147-ab38-4467-8675-efd501240ff2-groupManagement] INFO  ratis.ContainerStateMachine (ContainerStateMachine.java:loadSnapshot(287)) - group-5F591D046286: The snapshot info is null. Setting the last applied index to:(t:0, i:~)
2024-03-04 13:03:09,903 [0de63147-ab38-4467-8675-efd501240ff2-groupManagement] INFO  server.RaftServerConfigKeys (ConfUtils.java:logGet(46)) - raft.server.log.use.memory = false (default)
2024-03-04 13:03:09,903 [0de63147-ab38-4467-8675-efd501240ff2-groupManagement] INFO  server.RaftServerConfigKeys (ConfUtils.java:logGet(46)) - raft.server.log.purge.gap = 1000000 (custom)
2024-03-04 13:03:09,903 [0de63147-ab38-4467-8675-efd501240ff2-groupManagement] INFO  server.RaftServerConfigKeys (ConfUtils.java:logGet(46)) - raft.server.log.appender.buffer.byte-limit = 8388608 (custom)
2024-03-04 13:03:09,903 [0de63147-ab38-4467-8675-efd501240ff2-groupManagement] INFO  server.RaftServerConfigKeys (ConfUtils.java:logGet(46)) - raft.server.log.statemachine.data.read.timeout = 1000ms (default)
2024-03-04 13:03:09,903 [0de63147-ab38-4467-8675-efd501240ff2-groupManagement] INFO  server.RaftServerConfigKeys (ConfUtils.java:logGet(46)) - raft.server.log.purge.preservation.log.num = 0 (default)
2024-03-04 13:03:09,903 [EventQueue-OpenPipelineForHealthyPipelineSafeModeRule] INFO  safemode.SCMSafeModeManager (HealthyPipelineSafeModeRule.java:process(140)) - SCM in safe mode. Healthy pipelines reported count is 0, required healthy pipeline reported count is 1
2024-03-04 13:03:09,904 [0de63147-ab38-4467-8675-efd501240ff2-groupManagement] INFO  server.RaftServerConfigKeys (ConfUtils.java:logGet(46)) - raft.server.log.segment.size.max = 67108864 (custom)
2024-03-04 13:03:09,904 [0de63147-ab38-4467-8675-efd501240ff2-groupManagement] INFO  server.RaftServerConfigKeys (ConfUtils.java:logGet(46)) - raft.server.log.segment.cache.num.max = 2 (custom)
2024-03-04 13:03:09,904 [0de63147-ab38-4467-8675-efd501240ff2-groupManagement] INFO  server.RaftServerConfigKeys (ConfUtils.java:logGet(46)) - raft.server.log.segment.cache.size.max = 200MB (=209715200) (default)
2024-03-04 13:03:09,904 [0de63147-ab38-4467-8675-efd501240ff2-groupManagement] INFO  server.RaftServerConfigKeys (ConfUtils.java:logGet(46)) - raft.server.log.appender.buffer.byte-limit = 8388608 (custom)
2024-03-04 13:03:09,904 [0de63147-ab38-4467-8675-efd501240ff2-groupManagement] INFO  util.AwaitToRun (AwaitToRun.java:start(81)) - Thread[0de63147-ab38-4467-8675-efd501240ff2@group-5F591D046286-cacheEviction-AwaitToRun,5,main] started
2024-03-04 13:03:09,904 [0de63147-ab38-4467-8675-efd501240ff2-groupManagement] INFO  segmented.SegmentedRaftLogWorker (SegmentedRaftLogWorker.java:<init>(182)) - new 0de63147-ab38-4467-8675-efd501240ff2@group-5F591D046286-SegmentedRaftLogWorker for RaftStorageImpl:Storage Directory /home/runner/work/ozone/ozone/hadoop-ozone/integration-test/target/test-dir/MiniOzoneClusterImpl-a24c3557-08b1-4f8b-a0f8-6c13b4e42376/ozone-meta/datanode-2/ratis/68800204-032d-45d2-83be-5f591d046286
2024-03-04 13:03:09,904 [0de63147-ab38-4467-8675-efd501240ff2-groupManagement] INFO  server.RaftServerConfigKeys (ConfUtils.java:logGet(46)) - raft.server.log.queue.byte-limit = 4294967296 (custom)
2024-03-04 13:03:09,904 [0de63147-ab38-4467-8675-efd501240ff2-groupManagement] INFO  server.RaftServerConfigKeys (ConfUtils.java:logGet(46)) - raft.server.log.queue.element-limit = 1024 (custom)
2024-03-04 13:03:09,904 [0de63147-ab38-4467-8675-efd501240ff2-groupManagement] INFO  server.RaftServerConfigKeys (ConfUtils.java:logGet(46)) - raft.server.log.segment.size.max = 67108864 (custom)
2024-03-04 13:03:09,904 [0de63147-ab38-4467-8675-efd501240ff2-groupManagement] INFO  server.RaftServerConfigKeys (ConfUtils.java:logGet(46)) - raft.server.log.preallocated.size = 4194304 (custom)
2024-03-04 13:03:09,904 [0de63147-ab38-4467-8675-efd501240ff2-groupManagement] INFO  server.RaftServerConfigKeys (ConfUtils.java:logGet(46)) - raft.server.log.force.sync.num = 128 (default)
2024-03-04 13:03:09,904 [0de63147-ab38-4467-8675-efd501240ff2-groupManagement] INFO  server.RaftServerConfigKeys (ConfUtils.java:logGet(46)) - raft.server.log.statemachine.data.sync = true (default)
2024-03-04 13:03:09,904 [0de63147-ab38-4467-8675-efd501240ff2-groupManagement] INFO  server.RaftServerConfigKeys (ConfUtils.java:logGet(46)) - raft.server.log.statemachine.data.sync.timeout = 10s (default)
2024-03-04 13:03:09,904 [0de63147-ab38-4467-8675-efd501240ff2-groupManagement] INFO  server.RaftServerConfigKeys (ConfUtils.java:logGet(46)) - raft.server.log.statemachine.data.sync.timeout.retry = 0 (custom)
2024-03-04 13:03:09,904 [0de63147-ab38-4467-8675-efd501240ff2-groupManagement] INFO  server.RaftServerConfigKeys (ConfUtils.java:logGet(46)) - raft.server.log.write.buffer.size = 8388616 (custom)
2024-03-04 13:03:09,906 [0de63147-ab38-4467-8675-efd501240ff2-groupManagement] INFO  server.RaftServerConfigKeys (ConfUtils.java:logGet(46)) - raft.server.log.appender.buffer.byte-limit = 8388608 (custom)
2024-03-04 13:03:09,906 [0de63147-ab38-4467-8675-efd501240ff2-groupManagement] INFO  server.RaftServerConfigKeys (ConfUtils.java:logGet(46)) - raft.server.log.unsafe-flush.enabled = false (default)
2024-03-04 13:03:09,906 [0de63147-ab38-4467-8675-efd501240ff2-groupManagement] INFO  server.RaftServerConfigKeys (ConfUtils.java:logGet(46)) - raft.server.log.async-flush.enabled = false (default)
2024-03-04 13:03:09,906 [0de63147-ab38-4467-8675-efd501240ff2-groupManagement] INFO  server.RaftServerConfigKeys (ConfUtils.java:logGet(46)) - raft.server.log.statemachine.data.caching.enabled = true (custom)
2024-03-04 13:03:09,906 [0de63147-ab38-4467-8675-efd501240ff2-groupManagement] INFO  segmented.SegmentedRaftLogWorker (SegmentedRaftLogWorker.java:lambda$new$0(134)) - 0de63147-ab38-4467-8675-efd501240ff2@group-5F591D046286-SegmentedRaftLogWorker: flushIndex: setUnconditionally 0 -> -1
2024-03-04 13:03:09,906 [0de63147-ab38-4467-8675-efd501240ff2-groupManagement] INFO  segmented.SegmentedRaftLogWorker (SegmentedRaftLogWorker.java:lambda$new$0(134)) - 0de63147-ab38-4467-8675-efd501240ff2@group-5F591D046286-SegmentedRaftLogWorker: safeCacheEvictIndex: setUnconditionally 0 -> -1
2024-03-04 13:03:09,906 [0de63147-ab38-4467-8675-efd501240ff2-groupManagement] INFO  server.RaftServer$Division (RaftServerImpl.java:start(396)) - 0de63147-ab38-4467-8675-efd501240ff2@group-5F591D046286: start as a follower, conf=-1: peers:[6f4eae97-3d37-4aee-9d11-cbcb461265bf|10.1.0.12:15237, 0de63147-ab38-4467-8675-efd501240ff2|10.1.0.12:15246, 8524ad2e-bdc1-42ec-a210-9e3cb3b33839|10.1.0.12:15255]|listeners:[], old=null
2024-03-04 13:03:09,906 [0de63147-ab38-4467-8675-efd501240ff2-groupManagement] INFO  server.RaftServer$Division (RaftServerImpl.java:setRole(383)) - 0de63147-ab38-4467-8675-efd501240ff2@group-5F591D046286: changes role from      null to FOLLOWER at term 0 for startAsFollower
2024-03-04 13:03:09,906 [0de63147-ab38-4467-8675-efd501240ff2-groupManagement] INFO  impl.RoleInfo (RoleInfo.java:updateAndGet(139)) - 0de63147-ab38-4467-8675-efd501240ff2: start 0de63147-ab38-4467-8675-efd501240ff2@group-5F591D046286-FollowerState
2024-03-04 13:03:09,906 [0de63147-ab38-4467-8675-efd501240ff2@group-5F591D046286-FollowerState] INFO  server.RaftServerConfigKeys (ConfUtils.java:logFallback(53)) - raft.server.rpc.first-election.timeout.min = 5s (fallback to raft.server.rpc.timeout.min)
2024-03-04 13:03:09,906 [0de63147-ab38-4467-8675-efd501240ff2-groupManagement] INFO  util.JmxRegister (JmxRegister.java:tryRegister(44)) - Successfully registered JMX Bean with object name Ratis:service=RaftServer,group=group-5F591D046286,id=0de63147-ab38-4467-8675-efd501240ff2
2024-03-04 13:03:09,906 [0de63147-ab38-4467-8675-efd501240ff2@group-5F591D046286-FollowerState] INFO  server.RaftServerConfigKeys (ConfUtils.java:logFallback(53)) - raft.server.rpc.first-election.timeout.max = 5200ms (fallback to raft.server.rpc.timeout.max)
2024-03-04 13:03:09,906 [0de63147-ab38-4467-8675-efd501240ff2-groupManagement] INFO  server.RaftServerConfigKeys (ConfUtils.java:logGet(46)) - raft.server.snapshot.trigger-when-stop.enabled = true (default)
2024-03-04 13:03:09,907 [0de63147-ab38-4467-8675-efd501240ff2-groupManagement] INFO  server.RaftServerConfigKeys (ConfUtils.java:logGet(46)) - raft.server.snapshot.auto.trigger.enabled = true (custom)
2024-03-04 13:03:09,907 [0de63147-ab38-4467-8675-efd501240ff2-groupManagement] INFO  server.RaftServerConfigKeys (ConfUtils.java:logGet(46)) - raft.server.snapshot.auto.trigger.threshold = 10000 (custom)
2024-03-04 13:03:09,907 [0de63147-ab38-4467-8675-efd501240ff2-groupManagement] INFO  server.RaftServerConfigKeys (ConfUtils.java:logGet(46)) - raft.server.snapshot.retention.file.num = 5 (custom)
2024-03-04 13:03:09,907 [0de63147-ab38-4467-8675-efd501240ff2-groupManagement] INFO  server.RaftServerConfigKeys (ConfUtils.java:logGet(46)) - raft.server.log.purge.upto.snapshot.index = false (default)
2024-03-04 13:03:09,918 [grpc-default-executor-4] INFO  server.RaftServer (RaftServerProxy.java:addNew(100)) - 8524ad2e-bdc1-42ec-a210-9e3cb3b33839: addNew group-5F591D046286:[6f4eae97-3d37-4aee-9d11-cbcb461265bf|10.1.0.12:15237, 0de63147-ab38-4467-8675-efd501240ff2|10.1.0.12:15246, 8524ad2e-bdc1-42ec-a210-9e3cb3b33839|10.1.0.12:15255] returns group-5F591D046286:java.util.concurrent.CompletableFuture@dc996bc[Not completed]
2024-03-04 13:03:09,918 [8524ad2e-bdc1-42ec-a210-9e3cb3b33839-groupManagement] INFO  server.RaftServer$Division (RaftServerImpl.java:<init>(256)) - 8524ad2e-bdc1-42ec-a210-9e3cb3b33839: new RaftServerImpl for group-5F591D046286:[6f4eae97-3d37-4aee-9d11-cbcb461265bf|10.1.0.12:15237, 0de63147-ab38-4467-8675-efd501240ff2|10.1.0.12:15246, 8524ad2e-bdc1-42ec-a210-9e3cb3b33839|10.1.0.12:15255] with ContainerStateMachine:uninitialized
2024-03-04 13:03:09,918 [8524ad2e-bdc1-42ec-a210-9e3cb3b33839-groupManagement] INFO  server.RaftServerConfigKeys (ConfUtils.java:logGet(46)) - raft.server.rpc.timeout.min = 5s (custom)
2024-03-04 13:03:09,918 [8524ad2e-bdc1-42ec-a210-9e3cb3b33839-groupManagement] INFO  server.RaftServerConfigKeys (ConfUtils.java:logGet(46)) - raft.server.rpc.timeout.max = 5200ms (custom)
2024-03-04 13:03:09,918 [8524ad2e-bdc1-42ec-a210-9e3cb3b33839-groupManagement] INFO  server.RaftServerConfigKeys (ConfUtils.java:logGet(46)) - raft.server.rpc.sleep.time = 25ms (default)
2024-03-04 13:03:09,919 [8524ad2e-bdc1-42ec-a210-9e3cb3b33839-groupManagement] INFO  server.RaftServerConfigKeys (ConfUtils.java:logGet(46)) - raft.server.rpc.slowness.timeout = 300s (custom)
2024-03-04 13:03:09,919 [8524ad2e-bdc1-42ec-a210-9e3cb3b33839-groupManagement] INFO  server.RaftServerConfigKeys (ConfUtils.java:logGet(46)) - raft.server.leaderelection.leader.step-down.wait-time = 10s (default)
2024-03-04 13:03:09,919 [8524ad2e-bdc1-42ec-a210-9e3cb3b33839-groupManagement] INFO  server.RaftServerConfigKeys (ConfUtils.java:logGet(46)) - raft.server.leaderelection.member.majority-add = false (default)
2024-03-04 13:03:09,919 [8524ad2e-bdc1-42ec-a210-9e3cb3b33839-groupManagement] INFO  server.RaftServerConfigKeys (ConfUtils.java:logGet(46)) - raft.server.sleep.deviation.threshold = 300ms (default)
2024-03-04 13:03:09,919 [8524ad2e-bdc1-42ec-a210-9e3cb3b33839-groupManagement] INFO  server.RaftServer$Division (ServerState.java:<init>(113)) - 8524ad2e-bdc1-42ec-a210-9e3cb3b33839@group-5F591D046286: ConfigurationManager, init=-1: peers:[6f4eae97-3d37-4aee-9d11-cbcb461265bf|10.1.0.12:15237, 0de63147-ab38-4467-8675-efd501240ff2|10.1.0.12:15246, 8524ad2e-bdc1-42ec-a210-9e3cb3b33839|10.1.0.12:15255]|listeners:[], old=null, confs=<EMPTY_MAP>
2024-03-04 13:03:09,919 [8524ad2e-bdc1-42ec-a210-9e3cb3b33839-groupManagement] INFO  server.RaftServerConfigKeys (ConfUtils.java:logGet(46)) - raft.server.notification.no-leader.timeout = 300s (custom)
2024-03-04 13:03:09,919 [8524ad2e-bdc1-42ec-a210-9e3cb3b33839-groupManagement] INFO  server.RaftServerConfigKeys (ConfUtils.java:logGet(46)) - raft.server.read.timeout = 10s (default)
2024-03-04 13:03:09,919 [8524ad2e-bdc1-42ec-a210-9e3cb3b33839-groupManagement] INFO  server.RaftServerConfigKeys (ConfUtils.java:logGet(46)) - raft.server.retrycache.expirytime = 600000ms (custom)
2024-03-04 13:03:09,919 [8524ad2e-bdc1-42ec-a210-9e3cb3b33839-groupManagement] INFO  server.RaftServerConfigKeys (ConfUtils.java:logGet(46)) - raft.server.retrycache.statistics.expirytime = 100ms (default)
2024-03-04 13:03:09,919 [8524ad2e-bdc1-42ec-a210-9e3cb3b33839-groupManagement] INFO  server.RaftServerConfigKeys (ConfUtils.java:logGet(46)) - raft.server.read.option = DEFAULT (default)
2024-03-04 13:03:09,919 [8524ad2e-bdc1-42ec-a210-9e3cb3b33839-groupManagement] INFO  server.RaftServerConfigKeys (ConfUtils.java:logGet(46)) - raft.server.read.read-after-write-consistent.write-index-cache.expiry-time = 60s (default)
2024-03-04 13:03:09,920 [8524ad2e-bdc1-42ec-a210-9e3cb3b33839-groupManagement] INFO  server.RaftServerConfigKeys (ConfUtils.java:logGet(46)) - raft.server.rpc.request.timeout = 60s (custom)
2024-03-04 13:03:09,920 [8524ad2e-bdc1-42ec-a210-9e3cb3b33839-groupManagement] INFO  server.RaftServerConfigKeys (ConfUtils.java:logGet(46)) - raft.server.log.appender.install.snapshot.enabled = false (custom)
2024-03-04 13:03:09,920 [8524ad2e-bdc1-42ec-a210-9e3cb3b33839-groupManagement] INFO  server.RaftServerConfigKeys (ConfUtils.java:logGet(46)) - raft.server.threadpool.server.cached = true (default)
2024-03-04 13:03:09,920 [8524ad2e-bdc1-42ec-a210-9e3cb3b33839-groupManagement] INFO  server.RaftServerConfigKeys (ConfUtils.java:logGet(46)) - raft.server.threadpool.server.size = 0 (default)
2024-03-04 13:03:09,920 [8524ad2e-bdc1-42ec-a210-9e3cb3b33839-groupManagement] INFO  server.RaftServerConfigKeys (ConfUtils.java:logGet(46)) - raft.server.threadpool.client.cached = true (default)
2024-03-04 13:03:09,920 [8524ad2e-bdc1-42ec-a210-9e3cb3b33839-groupManagement] INFO  server.RaftServerConfigKeys (ConfUtils.java:logGet(46)) - raft.server.threadpool.client.size = 0 (default)
2024-03-04 13:03:09,920 [8524ad2e-bdc1-42ec-a210-9e3cb3b33839-groupManagement] INFO  server.RaftServerConfigKeys (ConfUtils.java:logGet(46)) - raft.server.storage.free-space.min = 0MB (=0) (default)
2024-03-04 13:03:09,920 [8524ad2e-bdc1-42ec-a210-9e3cb3b33839-groupManagement] INFO  server.RaftServerConfigKeys (ConfUtils.java:logGet(46)) - raft.server.log.corruption.policy = EXCEPTION (default)
2024-03-04 13:03:09,921 [8524ad2e-bdc1-42ec-a210-9e3cb3b33839-groupManagement] INFO  server.RaftServerConfigKeys (ConfUtils.java:logGet(46)) - raft.server.storage.dir = [/home/runner/work/ozone/ozone/hadoop-ozone/integration-test/target/test-dir/MiniOzoneClusterImpl-a24c3557-08b1-4f8b-a0f8-6c13b4e42376/ozone-meta/datanode-3/ratis] (custom)
2024-03-04 13:03:09,921 [8524ad2e-bdc1-42ec-a210-9e3cb3b33839-groupManagement] INFO  storage.RaftStorageDirectory (RaftStorageDirectoryImpl.java:analyzeStorage(138)) - The storage directory /home/runner/work/ozone/ozone/hadoop-ozone/integration-test/target/test-dir/MiniOzoneClusterImpl-a24c3557-08b1-4f8b-a0f8-6c13b4e42376/ozone-meta/datanode-3/ratis/68800204-032d-45d2-83be-5f591d046286 does not exist. Creating ...
2024-03-04 13:03:09,921 [8524ad2e-bdc1-42ec-a210-9e3cb3b33839-groupManagement] INFO  storage.RaftStorageDirectory (RaftStorageDirectoryImpl.java:tryLock(228)) - Lock on /home/runner/work/ozone/ozone/hadoop-ozone/integration-test/target/test-dir/MiniOzoneClusterImpl-a24c3557-08b1-4f8b-a0f8-6c13b4e42376/ozone-meta/datanode-3/ratis/68800204-032d-45d2-83be-5f591d046286/in_use.lock acquired by nodename 41993@fv-az571-795
2024-03-04 13:03:09,922 [8524ad2e-bdc1-42ec-a210-9e3cb3b33839-groupManagement] INFO  storage.RaftStorage (RaftStorageImpl.java:format(99)) - Storage directory /home/runner/work/ozone/ozone/hadoop-ozone/integration-test/target/test-dir/MiniOzoneClusterImpl-a24c3557-08b1-4f8b-a0f8-6c13b4e42376/ozone-meta/datanode-3/ratis/68800204-032d-45d2-83be-5f591d046286 has been successfully formatted.
2024-03-04 13:03:09,922 [8524ad2e-bdc1-42ec-a210-9e3cb3b33839-groupManagement] WARN  util.FileUtils (LogUtils.java:supplyAndLog(63)) - Failed to Files.newInputStream /home/runner/work/ozone/ozone/hadoop-ozone/integration-test/target/test-dir/MiniOzoneClusterImpl-a24c3557-08b1-4f8b-a0f8-6c13b4e42376/ozone-meta/datanode-3/ratis/68800204-032d-45d2-83be-5f591d046286/current/raft-meta.conf with options []: java.nio.file.NoSuchFileException: /home/runner/work/ozone/ozone/hadoop-ozone/integration-test/target/test-dir/MiniOzoneClusterImpl-a24c3557-08b1-4f8b-a0f8-6c13b4e42376/ozone-meta/datanode-3/ratis/68800204-032d-45d2-83be-5f591d046286/current/raft-meta.conf
2024-03-04 13:03:09,923 [8524ad2e-bdc1-42ec-a210-9e3cb3b33839-groupManagement] INFO  ratis.ContainerStateMachine (ContainerStateMachine.java:loadSnapshot(287)) - group-5F591D046286: The snapshot info is null. Setting the last applied index to:(t:0, i:~)
2024-03-04 13:03:09,923 [8524ad2e-bdc1-42ec-a210-9e3cb3b33839-groupManagement] INFO  server.RaftServerConfigKeys (ConfUtils.java:logGet(46)) - raft.server.log.use.memory = false (default)
2024-03-04 13:03:09,923 [8524ad2e-bdc1-42ec-a210-9e3cb3b33839-groupManagement] INFO  server.RaftServerConfigKeys (ConfUtils.java:logGet(46)) - raft.server.log.purge.gap = 1000000 (custom)
2024-03-04 13:03:09,923 [8524ad2e-bdc1-42ec-a210-9e3cb3b33839-groupManagement] INFO  server.RaftServerConfigKeys (ConfUtils.java:logGet(46)) - raft.server.log.appender.buffer.byte-limit = 8388608 (custom)
2024-03-04 13:03:09,923 [8524ad2e-bdc1-42ec-a210-9e3cb3b33839-groupManagement] INFO  server.RaftServerConfigKeys (ConfUtils.java:logGet(46)) - raft.server.log.statemachine.data.read.timeout = 1000ms (default)
2024-03-04 13:03:09,923 [8524ad2e-bdc1-42ec-a210-9e3cb3b33839-groupManagement] INFO  server.RaftServerConfigKeys (ConfUtils.java:logGet(46)) - raft.server.log.purge.preservation.log.num = 0 (default)
2024-03-04 13:03:09,924 [8524ad2e-bdc1-42ec-a210-9e3cb3b33839-groupManagement] INFO  server.RaftServerConfigKeys (ConfUtils.java:logGet(46)) - raft.server.log.segment.size.max = 67108864 (custom)
2024-03-04 13:03:09,924 [8524ad2e-bdc1-42ec-a210-9e3cb3b33839-groupManagement] INFO  server.RaftServerConfigKeys (ConfUtils.java:logGet(46)) - raft.server.log.segment.cache.num.max = 2 (custom)
2024-03-04 13:03:09,924 [8524ad2e-bdc1-42ec-a210-9e3cb3b33839-groupManagement] INFO  server.RaftServerConfigKeys (ConfUtils.java:logGet(46)) - raft.server.log.segment.cache.size.max = 200MB (=209715200) (default)
2024-03-04 13:03:09,924 [8524ad2e-bdc1-42ec-a210-9e3cb3b33839-groupManagement] INFO  server.RaftServerConfigKeys (ConfUtils.java:logGet(46)) - raft.server.log.appender.buffer.byte-limit = 8388608 (custom)
2024-03-04 13:03:09,924 [8524ad2e-bdc1-42ec-a210-9e3cb3b33839-groupManagement] INFO  util.AwaitToRun (AwaitToRun.java:start(81)) - Thread[8524ad2e-bdc1-42ec-a210-9e3cb3b33839@group-5F591D046286-cacheEviction-AwaitToRun,5,main] started
2024-03-04 13:03:09,924 [8524ad2e-bdc1-42ec-a210-9e3cb3b33839-groupManagement] INFO  segmented.SegmentedRaftLogWorker (SegmentedRaftLogWorker.java:<init>(182)) - new 8524ad2e-bdc1-42ec-a210-9e3cb3b33839@group-5F591D046286-SegmentedRaftLogWorker for RaftStorageImpl:Storage Directory /home/runner/work/ozone/ozone/hadoop-ozone/integration-test/target/test-dir/MiniOzoneClusterImpl-a24c3557-08b1-4f8b-a0f8-6c13b4e42376/ozone-meta/datanode-3/ratis/68800204-032d-45d2-83be-5f591d046286
2024-03-04 13:03:09,924 [8524ad2e-bdc1-42ec-a210-9e3cb3b33839-groupManagement] INFO  server.RaftServerConfigKeys (ConfUtils.java:logGet(46)) - raft.server.log.queue.byte-limit = 4294967296 (custom)
2024-03-04 13:03:09,924 [8524ad2e-bdc1-42ec-a210-9e3cb3b33839-groupManagement] INFO  server.RaftServerConfigKeys (ConfUtils.java:logGet(46)) - raft.server.log.queue.element-limit = 1024 (custom)
2024-03-04 13:03:09,924 [8524ad2e-bdc1-42ec-a210-9e3cb3b33839-groupManagement] INFO  server.RaftServerConfigKeys (ConfUtils.java:logGet(46)) - raft.server.log.segment.size.max = 67108864 (custom)
2024-03-04 13:03:09,924 [8524ad2e-bdc1-42ec-a210-9e3cb3b33839-groupManagement] INFO  server.RaftServerConfigKeys (ConfUtils.java:logGet(46)) - raft.server.log.preallocated.size = 4194304 (custom)
2024-03-04 13:03:09,924 [8524ad2e-bdc1-42ec-a210-9e3cb3b33839-groupManagement] INFO  server.RaftServerConfigKeys (ConfUtils.java:logGet(46)) - raft.server.log.force.sync.num = 128 (default)
2024-03-04 13:03:09,925 [8524ad2e-bdc1-42ec-a210-9e3cb3b33839-groupManagement] INFO  server.RaftServerConfigKeys (ConfUtils.java:logGet(46)) - raft.server.log.statemachine.data.sync = true (default)
2024-03-04 13:03:09,925 [8524ad2e-bdc1-42ec-a210-9e3cb3b33839-groupManagement] INFO  server.RaftServerConfigKeys (ConfUtils.java:logGet(46)) - raft.server.log.statemachine.data.sync.timeout = 10s (default)
2024-03-04 13:03:09,925 [8524ad2e-bdc1-42ec-a210-9e3cb3b33839-groupManagement] INFO  server.RaftServerConfigKeys (ConfUtils.java:logGet(46)) - raft.server.log.statemachine.data.sync.timeout.retry = 0 (custom)
2024-03-04 13:03:09,925 [8524ad2e-bdc1-42ec-a210-9e3cb3b33839-groupManagement] INFO  server.RaftServerConfigKeys (ConfUtils.java:logGet(46)) - raft.server.log.write.buffer.size = 8388616 (custom)
2024-03-04 13:03:09,926 [8524ad2e-bdc1-42ec-a210-9e3cb3b33839-groupManagement] INFO  server.RaftServerConfigKeys (ConfUtils.java:logGet(46)) - raft.server.log.appender.buffer.byte-limit = 8388608 (custom)
2024-03-04 13:03:09,926 [8524ad2e-bdc1-42ec-a210-9e3cb3b33839-groupManagement] INFO  server.RaftServerConfigKeys (ConfUtils.java:logGet(46)) - raft.server.log.unsafe-flush.enabled = false (default)
2024-03-04 13:03:09,926 [8524ad2e-bdc1-42ec-a210-9e3cb3b33839-groupManagement] INFO  server.RaftServerConfigKeys (ConfUtils.java:logGet(46)) - raft.server.log.async-flush.enabled = false (default)
2024-03-04 13:03:09,926 [8524ad2e-bdc1-42ec-a210-9e3cb3b33839-groupManagement] INFO  server.RaftServerConfigKeys (ConfUtils.java:logGet(46)) - raft.server.log.statemachine.data.caching.enabled = true (custom)
2024-03-04 13:03:09,926 [8524ad2e-bdc1-42ec-a210-9e3cb3b33839-groupManagement] INFO  segmented.SegmentedRaftLogWorker (SegmentedRaftLogWorker.java:lambda$new$0(134)) - 8524ad2e-bdc1-42ec-a210-9e3cb3b33839@group-5F591D046286-SegmentedRaftLogWorker: flushIndex: setUnconditionally 0 -> -1
2024-03-04 13:03:09,926 [8524ad2e-bdc1-42ec-a210-9e3cb3b33839-groupManagement] INFO  segmented.SegmentedRaftLogWorker (SegmentedRaftLogWorker.java:lambda$new$0(134)) - 8524ad2e-bdc1-42ec-a210-9e3cb3b33839@group-5F591D046286-SegmentedRaftLogWorker: safeCacheEvictIndex: setUnconditionally 0 -> -1
2024-03-04 13:03:09,927 [8524ad2e-bdc1-42ec-a210-9e3cb3b33839-groupManagement] INFO  server.RaftServer$Division (RaftServerImpl.java:start(396)) - 8524ad2e-bdc1-42ec-a210-9e3cb3b33839@group-5F591D046286: start as a follower, conf=-1: peers:[6f4eae97-3d37-4aee-9d11-cbcb461265bf|10.1.0.12:15237, 0de63147-ab38-4467-8675-efd501240ff2|10.1.0.12:15246, 8524ad2e-bdc1-42ec-a210-9e3cb3b33839|10.1.0.12:15255]|listeners:[], old=null
2024-03-04 13:03:09,927 [8524ad2e-bdc1-42ec-a210-9e3cb3b33839-groupManagement] INFO  server.RaftServer$Division (RaftServerImpl.java:setRole(383)) - 8524ad2e-bdc1-42ec-a210-9e3cb3b33839@group-5F591D046286: changes role from      null to FOLLOWER at term 0 for startAsFollower
2024-03-04 13:03:09,927 [8524ad2e-bdc1-42ec-a210-9e3cb3b33839-groupManagement] INFO  impl.RoleInfo (RoleInfo.java:updateAndGet(139)) - 8524ad2e-bdc1-42ec-a210-9e3cb3b33839: start 8524ad2e-bdc1-42ec-a210-9e3cb3b33839@group-5F591D046286-FollowerState
2024-03-04 13:03:09,927 [8524ad2e-bdc1-42ec-a210-9e3cb3b33839-groupManagement] INFO  util.JmxRegister (JmxRegister.java:tryRegister(44)) - Successfully registered JMX Bean with object name Ratis:service=RaftServer,group=group-5F591D046286,id=8524ad2e-bdc1-42ec-a210-9e3cb3b33839
2024-03-04 13:03:09,927 [8524ad2e-bdc1-42ec-a210-9e3cb3b33839@group-5F591D046286-FollowerState] INFO  server.RaftServerConfigKeys (ConfUtils.java:logFallback(53)) - raft.server.rpc.first-election.timeout.min = 5s (fallback to raft.server.rpc.timeout.min)
2024-03-04 13:03:09,927 [8524ad2e-bdc1-42ec-a210-9e3cb3b33839-groupManagement] INFO  server.RaftServerConfigKeys (ConfUtils.java:logGet(46)) - raft.server.snapshot.trigger-when-stop.enabled = true (default)
2024-03-04 13:03:09,928 [8524ad2e-bdc1-42ec-a210-9e3cb3b33839@group-5F591D046286-FollowerState] INFO  server.RaftServerConfigKeys (ConfUtils.java:logFallback(53)) - raft.server.rpc.first-election.timeout.max = 5200ms (fallback to raft.server.rpc.timeout.max)
2024-03-04 13:03:09,928 [8524ad2e-bdc1-42ec-a210-9e3cb3b33839-groupManagement] INFO  server.RaftServerConfigKeys (ConfUtils.java:logGet(46)) - raft.server.snapshot.auto.trigger.enabled = true (custom)
2024-03-04 13:03:09,928 [8524ad2e-bdc1-42ec-a210-9e3cb3b33839-groupManagement] INFO  server.RaftServerConfigKeys (ConfUtils.java:logGet(46)) - raft.server.snapshot.auto.trigger.threshold = 10000 (custom)
2024-03-04 13:03:09,928 [8524ad2e-bdc1-42ec-a210-9e3cb3b33839-groupManagement] INFO  server.RaftServerConfigKeys (ConfUtils.java:logGet(46)) - raft.server.snapshot.retention.file.num = 5 (custom)
2024-03-04 13:03:09,928 [8524ad2e-bdc1-42ec-a210-9e3cb3b33839-groupManagement] INFO  server.RaftServerConfigKeys (ConfUtils.java:logGet(46)) - raft.server.log.purge.upto.snapshot.index = false (default)
2024-03-04 13:03:09,931 [6f4eae97-3d37-4aee-9d11-cbcb461265bf-PipelineCommandHandlerThread-0] INFO  commandhandler.CreatePipelineCommandHandler (CreatePipelineCommandHandler.java:lambda$handle$2(124)) - Created Pipeline RATIS THREE PipelineID=68800204-032d-45d2-83be-5f591d046286.
2024-03-04 13:03:10,003 [main] INFO  ozone.MiniOzoneClusterImpl (MiniOzoneClusterImpl.java:lambda$waitForClusterToBeReady$0(194)) - Nodes are ready. Got 3 of 3 DN Heartbeats.
2024-03-04 13:03:10,003 [main] INFO  ozone.MiniOzoneClusterImpl (MiniOzoneClusterImpl.java:lambda$waitForClusterToBeReady$0(197)) - Waiting for cluster to exit safe mode
2024-03-04 13:03:10,004 [main] INFO  ozone.MiniOzoneClusterImpl (MiniOzoneClusterImpl.java:lambda$waitForClusterToBeReady$0(199)) - SCM became leader
2024-03-04 13:03:10,010 [8524ad2e-bdc1-42ec-a210-9e3cb3b33839-PipelineCommandHandlerThread-0] INFO  server.RaftServer (RaftServerProxy.java:addNew(100)) - 8524ad2e-bdc1-42ec-a210-9e3cb3b33839: addNew group-70AF2616011F:[8524ad2e-bdc1-42ec-a210-9e3cb3b33839|10.1.0.12:15255] returns group-70AF2616011F:java.util.concurrent.CompletableFuture@2879954[Not completed]
2024-03-04 13:03:10,011 [8524ad2e-bdc1-42ec-a210-9e3cb3b33839-groupManagement] INFO  server.RaftServer$Division (RaftServerImpl.java:<init>(256)) - 8524ad2e-bdc1-42ec-a210-9e3cb3b33839: new RaftServerImpl for group-70AF2616011F:[8524ad2e-bdc1-42ec-a210-9e3cb3b33839|10.1.0.12:15255] with ContainerStateMachine:uninitialized
2024-03-04 13:03:10,011 [8524ad2e-bdc1-42ec-a210-9e3cb3b33839-groupManagement] INFO  server.RaftServerConfigKeys (ConfUtils.java:logGet(46)) - raft.server.rpc.timeout.min = 5s (custom)
2024-03-04 13:03:10,011 [8524ad2e-bdc1-42ec-a210-9e3cb3b33839-groupManagement] INFO  server.RaftServerConfigKeys (ConfUtils.java:logGet(46)) - raft.server.rpc.timeout.max = 5200ms (custom)
2024-03-04 13:03:10,011 [8524ad2e-bdc1-42ec-a210-9e3cb3b33839-groupManagement] INFO  server.RaftServerConfigKeys (ConfUtils.java:logGet(46)) - raft.server.rpc.sleep.time = 25ms (default)
2024-03-04 13:03:10,011 [8524ad2e-bdc1-42ec-a210-9e3cb3b33839-groupManagement] INFO  server.RaftServerConfigKeys (ConfUtils.java:logGet(46)) - raft.server.rpc.slowness.timeout = 300s (custom)
2024-03-04 13:03:10,011 [8524ad2e-bdc1-42ec-a210-9e3cb3b33839-groupManagement] INFO  server.RaftServerConfigKeys (ConfUtils.java:logGet(46)) - raft.server.leaderelection.leader.step-down.wait-time = 10s (default)
2024-03-04 13:03:10,011 [8524ad2e-bdc1-42ec-a210-9e3cb3b33839-groupManagement] INFO  server.RaftServerConfigKeys (ConfUtils.java:logGet(46)) - raft.server.leaderelection.member.majority-add = false (default)
2024-03-04 13:03:10,011 [8524ad2e-bdc1-42ec-a210-9e3cb3b33839-groupManagement] INFO  server.RaftServerConfigKeys (ConfUtils.java:logGet(46)) - raft.server.sleep.deviation.threshold = 300ms (default)
2024-03-04 13:03:10,011 [8524ad2e-bdc1-42ec-a210-9e3cb3b33839-groupManagement] INFO  server.RaftServer$Division (ServerState.java:<init>(113)) - 8524ad2e-bdc1-42ec-a210-9e3cb3b33839@group-70AF2616011F: ConfigurationManager, init=-1: peers:[8524ad2e-bdc1-42ec-a210-9e3cb3b33839|10.1.0.12:15255]|listeners:[], old=null, confs=<EMPTY_MAP>
2024-03-04 13:03:10,011 [8524ad2e-bdc1-42ec-a210-9e3cb3b33839-groupManagement] INFO  server.RaftServerConfigKeys (ConfUtils.java:logGet(46)) - raft.server.notification.no-leader.timeout = 300s (custom)
2024-03-04 13:03:10,012 [8524ad2e-bdc1-42ec-a210-9e3cb3b33839-groupManagement] INFO  server.RaftServerConfigKeys (ConfUtils.java:logGet(46)) - raft.server.read.timeout = 10s (default)
2024-03-04 13:03:10,012 [8524ad2e-bdc1-42ec-a210-9e3cb3b33839-groupManagement] INFO  server.RaftServerConfigKeys (ConfUtils.java:logGet(46)) - raft.server.retrycache.expirytime = 600000ms (custom)
2024-03-04 13:03:10,012 [8524ad2e-bdc1-42ec-a210-9e3cb3b33839-groupManagement] INFO  server.RaftServerConfigKeys (ConfUtils.java:logGet(46)) - raft.server.retrycache.statistics.expirytime = 100ms (default)
2024-03-04 13:03:10,012 [8524ad2e-bdc1-42ec-a210-9e3cb3b33839-groupManagement] INFO  server.RaftServerConfigKeys (ConfUtils.java:logGet(46)) - raft.server.read.option = DEFAULT (default)
2024-03-04 13:03:10,012 [8524ad2e-bdc1-42ec-a210-9e3cb3b33839-groupManagement] INFO  server.RaftServerConfigKeys (ConfUtils.java:logGet(46)) - raft.server.read.read-after-write-consistent.write-index-cache.expiry-time = 60s (default)
2024-03-04 13:03:10,013 [8524ad2e-bdc1-42ec-a210-9e3cb3b33839-groupManagement] INFO  server.RaftServerConfigKeys (ConfUtils.java:logGet(46)) - raft.server.rpc.request.timeout = 60s (custom)
2024-03-04 13:03:10,013 [8524ad2e-bdc1-42ec-a210-9e3cb3b33839-groupManagement] INFO  server.RaftServerConfigKeys (ConfUtils.java:logGet(46)) - raft.server.log.appender.install.snapshot.enabled = false (custom)
2024-03-04 13:03:10,013 [8524ad2e-bdc1-42ec-a210-9e3cb3b33839-groupManagement] INFO  server.RaftServerConfigKeys (ConfUtils.java:logGet(46)) - raft.server.threadpool.server.cached = true (default)
2024-03-04 13:03:10,014 [8524ad2e-bdc1-42ec-a210-9e3cb3b33839-groupManagement] INFO  server.RaftServerConfigKeys (ConfUtils.java:logGet(46)) - raft.server.threadpool.server.size = 0 (default)
2024-03-04 13:03:10,014 [8524ad2e-bdc1-42ec-a210-9e3cb3b33839-groupManagement] INFO  server.RaftServerConfigKeys (ConfUtils.java:logGet(46)) - raft.server.threadpool.client.cached = true (default)
2024-03-04 13:03:10,014 [8524ad2e-bdc1-42ec-a210-9e3cb3b33839-groupManagement] INFO  server.RaftServerConfigKeys (ConfUtils.java:logGet(46)) - raft.server.threadpool.client.size = 0 (default)
2024-03-04 13:03:10,014 [8524ad2e-bdc1-42ec-a210-9e3cb3b33839-groupManagement] INFO  server.RaftServerConfigKeys (ConfUtils.java:logGet(46)) - raft.server.storage.free-space.min = 0MB (=0) (default)
2024-03-04 13:03:10,014 [8524ad2e-bdc1-42ec-a210-9e3cb3b33839-groupManagement] INFO  server.RaftServerConfigKeys (ConfUtils.java:logGet(46)) - raft.server.log.corruption.policy = EXCEPTION (default)
2024-03-04 13:03:10,014 [8524ad2e-bdc1-42ec-a210-9e3cb3b33839-groupManagement] INFO  server.RaftServerConfigKeys (ConfUtils.java:logGet(46)) - raft.server.storage.dir = [/home/runner/work/ozone/ozone/hadoop-ozone/integration-test/target/test-dir/MiniOzoneClusterImpl-a24c3557-08b1-4f8b-a0f8-6c13b4e42376/ozone-meta/datanode-3/ratis] (custom)
2024-03-04 13:03:10,014 [8524ad2e-bdc1-42ec-a210-9e3cb3b33839-groupManagement] INFO  storage.RaftStorageDirectory (RaftStorageDirectoryImpl.java:analyzeStorage(138)) - The storage directory /home/runner/work/ozone/ozone/hadoop-ozone/integration-test/target/test-dir/MiniOzoneClusterImpl-a24c3557-08b1-4f8b-a0f8-6c13b4e42376/ozone-meta/datanode-3/ratis/d42c254f-247b-4e04-80bc-70af2616011f does not exist. Creating ...
2024-03-04 13:03:10,015 [8524ad2e-bdc1-42ec-a210-9e3cb3b33839-groupManagement] INFO  storage.RaftStorageDirectory (RaftStorageDirectoryImpl.java:tryLock(228)) - Lock on /home/runner/work/ozone/ozone/hadoop-ozone/integration-test/target/test-dir/MiniOzoneClusterImpl-a24c3557-08b1-4f8b-a0f8-6c13b4e42376/ozone-meta/datanode-3/ratis/d42c254f-247b-4e04-80bc-70af2616011f/in_use.lock acquired by nodename 41993@fv-az571-795
2024-03-04 13:03:10,016 [8524ad2e-bdc1-42ec-a210-9e3cb3b33839-groupManagement] INFO  storage.RaftStorage (RaftStorageImpl.java:format(99)) - Storage directory /home/runner/work/ozone/ozone/hadoop-ozone/integration-test/target/test-dir/MiniOzoneClusterImpl-a24c3557-08b1-4f8b-a0f8-6c13b4e42376/ozone-meta/datanode-3/ratis/d42c254f-247b-4e04-80bc-70af2616011f has been successfully formatted.
2024-03-04 13:03:10,016 [8524ad2e-bdc1-42ec-a210-9e3cb3b33839-groupManagement] WARN  util.FileUtils (LogUtils.java:supplyAndLog(63)) - Failed to Files.newInputStream /home/runner/work/ozone/ozone/hadoop-ozone/integration-test/target/test-dir/MiniOzoneClusterImpl-a24c3557-08b1-4f8b-a0f8-6c13b4e42376/ozone-meta/datanode-3/ratis/d42c254f-247b-4e04-80bc-70af2616011f/current/raft-meta.conf with options []: java.nio.file.NoSuchFileException: /home/runner/work/ozone/ozone/hadoop-ozone/integration-test/target/test-dir/MiniOzoneClusterImpl-a24c3557-08b1-4f8b-a0f8-6c13b4e42376/ozone-meta/datanode-3/ratis/d42c254f-247b-4e04-80bc-70af2616011f/current/raft-meta.conf
2024-03-04 13:03:10,016 [8524ad2e-bdc1-42ec-a210-9e3cb3b33839-groupManagement] INFO  ratis.ContainerStateMachine (ContainerStateMachine.java:loadSnapshot(287)) - group-70AF2616011F: The snapshot info is null. Setting the last applied index to:(t:0, i:~)
2024-03-04 13:03:10,016 [8524ad2e-bdc1-42ec-a210-9e3cb3b33839-groupManagement] INFO  server.RaftServerConfigKeys (ConfUtils.java:logGet(46)) - raft.server.log.use.memory = false (default)
2024-03-04 13:03:10,017 [8524ad2e-bdc1-42ec-a210-9e3cb3b33839-groupManagement] INFO  server.RaftServerConfigKeys (ConfUtils.java:logGet(46)) - raft.server.log.purge.gap = 1000000 (custom)
2024-03-04 13:03:10,017 [8524ad2e-bdc1-42ec-a210-9e3cb3b33839-groupManagement] INFO  server.RaftServerConfigKeys (ConfUtils.java:logGet(46)) - raft.server.log.appender.buffer.byte-limit = 8388608 (custom)
2024-03-04 13:03:10,017 [8524ad2e-bdc1-42ec-a210-9e3cb3b33839-groupManagement] INFO  server.RaftServerConfigKeys (ConfUtils.java:logGet(46)) - raft.server.log.statemachine.data.read.timeout = 1000ms (default)
2024-03-04 13:03:10,017 [8524ad2e-bdc1-42ec-a210-9e3cb3b33839-groupManagement] INFO  server.RaftServerConfigKeys (ConfUtils.java:logGet(46)) - raft.server.log.purge.preservation.log.num = 0 (default)
2024-03-04 13:03:10,018 [EventQueue-PipelineReportForPipelineReportHandler] INFO  pipeline.PipelineReportHandler (PipelineReportHandler.java:processPipelineReport(136)) - Opened pipeline PipelineID=d42c254f-247b-4e04-80bc-70af2616011f
2024-03-04 13:03:10,018 [EventQueue-OpenPipelineForHealthyPipelineSafeModeRule] INFO  safemode.SCMSafeModeManager (HealthyPipelineSafeModeRule.java:process(140)) - SCM in safe mode. Healthy pipelines reported count is 0, required healthy pipeline reported count is 1
2024-03-04 13:03:10,018 [8524ad2e-bdc1-42ec-a210-9e3cb3b33839-groupManagement] INFO  server.RaftServerConfigKeys (ConfUtils.java:logGet(46)) - raft.server.log.segment.size.max = 67108864 (custom)
2024-03-04 13:03:10,018 [8524ad2e-bdc1-42ec-a210-9e3cb3b33839-groupManagement] INFO  server.RaftServerConfigKeys (ConfUtils.java:logGet(46)) - raft.server.log.segment.cache.num.max = 2 (custom)
2024-03-04 13:03:10,018 [8524ad2e-bdc1-42ec-a210-9e3cb3b33839-groupManagement] INFO  server.RaftServerConfigKeys (ConfUtils.java:logGet(46)) - raft.server.log.segment.cache.size.max = 200MB (=209715200) (default)
2024-03-04 13:03:10,018 [8524ad2e-bdc1-42ec-a210-9e3cb3b33839-groupManagement] INFO  server.RaftServerConfigKeys (ConfUtils.java:logGet(46)) - raft.server.log.appender.buffer.byte-limit = 8388608 (custom)
2024-03-04 13:03:10,018 [8524ad2e-bdc1-42ec-a210-9e3cb3b33839-groupManagement] INFO  util.AwaitToRun (AwaitToRun.java:start(81)) - Thread[8524ad2e-bdc1-42ec-a210-9e3cb3b33839@group-70AF2616011F-cacheEviction-AwaitToRun,5,main] started
2024-03-04 13:03:10,018 [8524ad2e-bdc1-42ec-a210-9e3cb3b33839-groupManagement] INFO  segmented.SegmentedRaftLogWorker (SegmentedRaftLogWorker.java:<init>(182)) - new 8524ad2e-bdc1-42ec-a210-9e3cb3b33839@group-70AF2616011F-SegmentedRaftLogWorker for RaftStorageImpl:Storage Directory /home/runner/work/ozone/ozone/hadoop-ozone/integration-test/target/test-dir/MiniOzoneClusterImpl-a24c3557-08b1-4f8b-a0f8-6c13b4e42376/ozone-meta/datanode-3/ratis/d42c254f-247b-4e04-80bc-70af2616011f
2024-03-04 13:03:10,018 [8524ad2e-bdc1-42ec-a210-9e3cb3b33839-groupManagement] INFO  server.RaftServerConfigKeys (ConfUtils.java:logGet(46)) - raft.server.log.queue.byte-limit = 4294967296 (custom)
2024-03-04 13:03:10,018 [8524ad2e-bdc1-42ec-a210-9e3cb3b33839-groupManagement] INFO  server.RaftServerConfigKeys (ConfUtils.java:logGet(46)) - raft.server.log.queue.element-limit = 1024 (custom)
2024-03-04 13:03:10,019 [8524ad2e-bdc1-42ec-a210-9e3cb3b33839-groupManagement] INFO  server.RaftServerConfigKeys (ConfUtils.java:logGet(46)) - raft.server.log.segment.size.max = 67108864 (custom)
2024-03-04 13:03:10,019 [8524ad2e-bdc1-42ec-a210-9e3cb3b33839-groupManagement] INFO  server.RaftServerConfigKeys (ConfUtils.java:logGet(46)) - raft.server.log.preallocated.size = 4194304 (custom)
2024-03-04 13:03:10,019 [8524ad2e-bdc1-42ec-a210-9e3cb3b33839-groupManagement] INFO  server.RaftServerConfigKeys (ConfUtils.java:logGet(46)) - raft.server.log.force.sync.num = 128 (default)
2024-03-04 13:03:10,019 [8524ad2e-bdc1-42ec-a210-9e3cb3b33839-groupManagement] INFO  server.RaftServerConfigKeys (ConfUtils.java:logGet(46)) - raft.server.log.statemachine.data.sync = true (default)
2024-03-04 13:03:10,019 [8524ad2e-bdc1-42ec-a210-9e3cb3b33839-groupManagement] INFO  server.RaftServerConfigKeys (ConfUtils.java:logGet(46)) - raft.server.log.statemachine.data.sync.timeout = 10s (default)
2024-03-04 13:03:10,019 [8524ad2e-bdc1-42ec-a210-9e3cb3b33839-groupManagement] INFO  server.RaftServerConfigKeys (ConfUtils.java:logGet(46)) - raft.server.log.statemachine.data.sync.timeout.retry = 0 (custom)
2024-03-04 13:03:10,019 [8524ad2e-bdc1-42ec-a210-9e3cb3b33839-groupManagement] INFO  server.RaftServerConfigKeys (ConfUtils.java:logGet(46)) - raft.server.log.write.buffer.size = 8388616 (custom)
2024-03-04 13:03:10,021 [8524ad2e-bdc1-42ec-a210-9e3cb3b33839-groupManagement] INFO  server.RaftServerConfigKeys (ConfUtils.java:logGet(46)) - raft.server.log.appender.buffer.byte-limit = 8388608 (custom)
2024-03-04 13:03:10,021 [8524ad2e-bdc1-42ec-a210-9e3cb3b33839-groupManagement] INFO  server.RaftServerConfigKeys (ConfUtils.java:logGet(46)) - raft.server.log.unsafe-flush.enabled = false (default)
2024-03-04 13:03:10,021 [8524ad2e-bdc1-42ec-a210-9e3cb3b33839-groupManagement] INFO  server.RaftServerConfigKeys (ConfUtils.java:logGet(46)) - raft.server.log.async-flush.enabled = false (default)
2024-03-04 13:03:10,021 [8524ad2e-bdc1-42ec-a210-9e3cb3b33839-groupManagement] INFO  server.RaftServerConfigKeys (ConfUtils.java:logGet(46)) - raft.server.log.statemachine.data.caching.enabled = true (custom)
2024-03-04 13:03:10,021 [8524ad2e-bdc1-42ec-a210-9e3cb3b33839-groupManagement] INFO  segmented.SegmentedRaftLogWorker (SegmentedRaftLogWorker.java:lambda$new$0(134)) - 8524ad2e-bdc1-42ec-a210-9e3cb3b33839@group-70AF2616011F-SegmentedRaftLogWorker: flushIndex: setUnconditionally 0 -> -1
2024-03-04 13:03:10,021 [8524ad2e-bdc1-42ec-a210-9e3cb3b33839-groupManagement] INFO  segmented.SegmentedRaftLogWorker (SegmentedRaftLogWorker.java:lambda$new$0(134)) - 8524ad2e-bdc1-42ec-a210-9e3cb3b33839@group-70AF2616011F-SegmentedRaftLogWorker: safeCacheEvictIndex: setUnconditionally 0 -> -1
2024-03-04 13:03:10,021 [8524ad2e-bdc1-42ec-a210-9e3cb3b33839-groupManagement] INFO  server.RaftServer$Division (RaftServerImpl.java:start(396)) - 8524ad2e-bdc1-42ec-a210-9e3cb3b33839@group-70AF2616011F: start as a follower, conf=-1: peers:[8524ad2e-bdc1-42ec-a210-9e3cb3b33839|10.1.0.12:15255]|listeners:[], old=null
2024-03-04 13:03:10,021 [8524ad2e-bdc1-42ec-a210-9e3cb3b33839-groupManagement] INFO  server.RaftServer$Division (RaftServerImpl.java:setRole(383)) - 8524ad2e-bdc1-42ec-a210-9e3cb3b33839@group-70AF2616011F: changes role from      null to FOLLOWER at term 0 for startAsFollower
2024-03-04 13:03:10,021 [8524ad2e-bdc1-42ec-a210-9e3cb3b33839-groupManagement] INFO  impl.RoleInfo (RoleInfo.java:updateAndGet(139)) - 8524ad2e-bdc1-42ec-a210-9e3cb3b33839: start 8524ad2e-bdc1-42ec-a210-9e3cb3b33839@group-70AF2616011F-FollowerState
2024-03-04 13:03:10,022 [8524ad2e-bdc1-42ec-a210-9e3cb3b33839@group-70AF2616011F-FollowerState] INFO  server.RaftServerConfigKeys (ConfUtils.java:logFallback(53)) - raft.server.rpc.first-election.timeout.min = 5s (fallback to raft.server.rpc.timeout.min)
2024-03-04 13:03:10,022 [8524ad2e-bdc1-42ec-a210-9e3cb3b33839-groupManagement] INFO  util.JmxRegister (JmxRegister.java:tryRegister(44)) - Successfully registered JMX Bean with object name Ratis:service=RaftServer,group=group-70AF2616011F,id=8524ad2e-bdc1-42ec-a210-9e3cb3b33839
2024-03-04 13:03:10,022 [8524ad2e-bdc1-42ec-a210-9e3cb3b33839@group-70AF2616011F-FollowerState] INFO  server.RaftServerConfigKeys (ConfUtils.java:logFallback(53)) - raft.server.rpc.first-election.timeout.max = 5200ms (fallback to raft.server.rpc.timeout.max)
2024-03-04 13:03:10,022 [8524ad2e-bdc1-42ec-a210-9e3cb3b33839-groupManagement] INFO  server.RaftServerConfigKeys (ConfUtils.java:logGet(46)) - raft.server.snapshot.trigger-when-stop.enabled = true (default)
2024-03-04 13:03:10,022 [8524ad2e-bdc1-42ec-a210-9e3cb3b33839-groupManagement] INFO  server.RaftServerConfigKeys (ConfUtils.java:logGet(46)) - raft.server.snapshot.auto.trigger.enabled = true (custom)
2024-03-04 13:03:10,022 [8524ad2e-bdc1-42ec-a210-9e3cb3b33839-groupManagement] INFO  server.RaftServerConfigKeys (ConfUtils.java:logGet(46)) - raft.server.snapshot.auto.trigger.threshold = 10000 (custom)
2024-03-04 13:03:10,022 [8524ad2e-bdc1-42ec-a210-9e3cb3b33839-groupManagement] INFO  server.RaftServerConfigKeys (ConfUtils.java:logGet(46)) - raft.server.snapshot.retention.file.num = 5 (custom)
2024-03-04 13:03:10,022 [8524ad2e-bdc1-42ec-a210-9e3cb3b33839-groupManagement] INFO  server.RaftServerConfigKeys (ConfUtils.java:logGet(46)) - raft.server.log.purge.upto.snapshot.index = false (default)
2024-03-04 13:03:10,022 [8524ad2e-bdc1-42ec-a210-9e3cb3b33839-PipelineCommandHandlerThread-0] INFO  ratis.XceiverServerRatis (XceiverServerRatis.java:addGroup(864)) - Created group PipelineID=d42c254f-247b-4e04-80bc-70af2616011f
2024-03-04 13:03:10,023 [8524ad2e-bdc1-42ec-a210-9e3cb3b33839-PipelineCommandHandlerThread-0] INFO  commandhandler.CreatePipelineCommandHandler (CreatePipelineCommandHandler.java:lambda$handle$2(124)) - Created Pipeline RATIS ONE PipelineID=d42c254f-247b-4e04-80bc-70af2616011f.
2024-03-04 13:03:11,004 [main] INFO  ozone.MiniOzoneClusterImpl (MiniOzoneClusterImpl.java:lambda$waitForClusterToBeReady$0(194)) - Nodes are ready. Got 3 of 3 DN Heartbeats.
2024-03-04 13:03:11,004 [main] INFO  ozone.MiniOzoneClusterImpl (MiniOzoneClusterImpl.java:lambda$waitForClusterToBeReady$0(197)) - Waiting for cluster to exit safe mode
2024-03-04 13:03:11,004 [main] INFO  ozone.MiniOzoneClusterImpl (MiniOzoneClusterImpl.java:lambda$waitForClusterToBeReady$0(199)) - SCM became leader
2024-03-04 13:03:12,004 [main] INFO  ozone.MiniOzoneClusterImpl (MiniOzoneClusterImpl.java:lambda$waitForClusterToBeReady$0(194)) - Nodes are ready. Got 3 of 3 DN Heartbeats.
2024-03-04 13:03:12,005 [main] INFO  ozone.MiniOzoneClusterImpl (MiniOzoneClusterImpl.java:lambda$waitForClusterToBeReady$0(197)) - Waiting for cluster to exit safe mode
2024-03-04 13:03:12,005 [main] INFO  ozone.MiniOzoneClusterImpl (MiniOzoneClusterImpl.java:lambda$waitForClusterToBeReady$0(199)) - SCM became leader
2024-03-04 13:03:13,005 [main] INFO  ozone.MiniOzoneClusterImpl (MiniOzoneClusterImpl.java:lambda$waitForClusterToBeReady$0(194)) - Nodes are ready. Got 3 of 3 DN Heartbeats.
2024-03-04 13:03:13,005 [main] INFO  ozone.MiniOzoneClusterImpl (MiniOzoneClusterImpl.java:lambda$waitForClusterToBeReady$0(197)) - Waiting for cluster to exit safe mode
2024-03-04 13:03:13,005 [main] INFO  ozone.MiniOzoneClusterImpl (MiniOzoneClusterImpl.java:lambda$waitForClusterToBeReady$0(199)) - SCM became leader
2024-03-04 13:03:14,006 [main] INFO  ozone.MiniOzoneClusterImpl (MiniOzoneClusterImpl.java:lambda$waitForClusterToBeReady$0(194)) - Nodes are ready. Got 3 of 3 DN Heartbeats.
2024-03-04 13:03:14,006 [main] INFO  ozone.MiniOzoneClusterImpl (MiniOzoneClusterImpl.java:lambda$waitForClusterToBeReady$0(197)) - Waiting for cluster to exit safe mode
2024-03-04 13:03:14,006 [main] INFO  ozone.MiniOzoneClusterImpl (MiniOzoneClusterImpl.java:lambda$waitForClusterToBeReady$0(199)) - SCM became leader
2024-03-04 13:03:14,903 [6f4eae97-3d37-4aee-9d11-cbcb461265bf@group-5F591D046286-FollowerState] INFO  impl.FollowerState (FollowerState.java:run(143)) - 6f4eae97-3d37-4aee-9d11-cbcb461265bf@group-5F591D046286-FollowerState: change to CANDIDATE, lastRpcElapsedTime:5014959611ns, electionTimeout:5014ms
2024-03-04 13:03:14,903 [6f4eae97-3d37-4aee-9d11-cbcb461265bf@group-5F591D046286-FollowerState] INFO  impl.RoleInfo (RoleInfo.java:shutdownFollowerState(110)) - 6f4eae97-3d37-4aee-9d11-cbcb461265bf: shutdown 6f4eae97-3d37-4aee-9d11-cbcb461265bf@group-5F591D046286-FollowerState
2024-03-04 13:03:14,903 [6f4eae97-3d37-4aee-9d11-cbcb461265bf@group-5F591D046286-FollowerState] INFO  server.RaftServer$Division (RaftServerImpl.java:setRole(383)) - 6f4eae97-3d37-4aee-9d11-cbcb461265bf@group-5F591D046286: changes role from  FOLLOWER to CANDIDATE at term 0 for changeToCandidate
2024-03-04 13:03:14,903 [6f4eae97-3d37-4aee-9d11-cbcb461265bf@group-5F591D046286-FollowerState] INFO  server.RaftServerConfigKeys (ConfUtils.java:logGet(46)) - raft.server.leaderelection.pre-vote = true (default)
2024-03-04 13:03:14,903 [6f4eae97-3d37-4aee-9d11-cbcb461265bf@group-5F591D046286-FollowerState] INFO  impl.RoleInfo (RoleInfo.java:updateAndGet(139)) - 6f4eae97-3d37-4aee-9d11-cbcb461265bf: start 6f4eae97-3d37-4aee-9d11-cbcb461265bf@group-5F591D046286-LeaderElection50
2024-03-04 13:03:14,905 [6f4eae97-3d37-4aee-9d11-cbcb461265bf@group-5F591D046286-LeaderElection50] INFO  impl.LeaderElection (LeaderElection.java:askForVotes(321)) - 6f4eae97-3d37-4aee-9d11-cbcb461265bf@group-5F591D046286-LeaderElection50 PRE_VOTE round 0: submit vote requests at term 0 for -1: peers:[6f4eae97-3d37-4aee-9d11-cbcb461265bf|10.1.0.12:15237, 0de63147-ab38-4467-8675-efd501240ff2|10.1.0.12:15246, 8524ad2e-bdc1-42ec-a210-9e3cb3b33839|10.1.0.12:15255]|listeners:[], old=null
2024-03-04 13:03:14,905 [6f4eae97-3d37-4aee-9d11-cbcb461265bf@group-5F591D046286-LeaderElection50-1] INFO  server.GrpcServerProtocolClient (GrpcServerProtocolClient.java:<init>(65)) - Build channel for 0de63147-ab38-4467-8675-efd501240ff2|10.1.0.12:15246
2024-03-04 13:03:14,905 [6f4eae97-3d37-4aee-9d11-cbcb461265bf@group-5F591D046286-LeaderElection50] INFO  server.RaftServerConfigKeys (ConfUtils.java:logFallback(53)) - raft.server.rpc.first-election.timeout.min = 5s (fallback to raft.server.rpc.timeout.min)
2024-03-04 13:03:14,905 [6f4eae97-3d37-4aee-9d11-cbcb461265bf@group-5F591D046286-LeaderElection50] INFO  server.RaftServerConfigKeys (ConfUtils.java:logFallback(53)) - raft.server.rpc.first-election.timeout.max = 5200ms (fallback to raft.server.rpc.timeout.max)
2024-03-04 13:03:14,905 [6f4eae97-3d37-4aee-9d11-cbcb461265bf@group-5F591D046286-LeaderElection50-2] INFO  server.GrpcServerProtocolClient (GrpcServerProtocolClient.java:<init>(65)) - Build channel for 8524ad2e-bdc1-42ec-a210-9e3cb3b33839|10.1.0.12:15255
2024-03-04 13:03:14,908 [0de63147-ab38-4467-8675-efd501240ff2@group-74C0BCD5D99E-FollowerState] INFO  impl.FollowerState (FollowerState.java:run(143)) - 0de63147-ab38-4467-8675-efd501240ff2@group-74C0BCD5D99E-FollowerState: change to CANDIDATE, lastRpcElapsedTime:5069124389ns, electionTimeout:5068ms
2024-03-04 13:03:14,908 [0de63147-ab38-4467-8675-efd501240ff2@group-74C0BCD5D99E-FollowerState] INFO  impl.RoleInfo (RoleInfo.java:shutdownFollowerState(110)) - 0de63147-ab38-4467-8675-efd501240ff2: shutdown 0de63147-ab38-4467-8675-efd501240ff2@group-74C0BCD5D99E-FollowerState
2024-03-04 13:03:14,908 [0de63147-ab38-4467-8675-efd501240ff2@group-74C0BCD5D99E-FollowerState] INFO  server.RaftServer$Division (RaftServerImpl.java:setRole(383)) - 0de63147-ab38-4467-8675-efd501240ff2@group-74C0BCD5D99E: changes role from  FOLLOWER to CANDIDATE at term 0 for changeToCandidate
2024-03-04 13:03:14,908 [0de63147-ab38-4467-8675-efd501240ff2@group-74C0BCD5D99E-FollowerState] INFO  server.RaftServerConfigKeys (ConfUtils.java:logGet(46)) - raft.server.leaderelection.pre-vote = true (default)
2024-03-04 13:03:14,908 [0de63147-ab38-4467-8675-efd501240ff2@group-74C0BCD5D99E-FollowerState] INFO  impl.RoleInfo (RoleInfo.java:updateAndGet(139)) - 0de63147-ab38-4467-8675-efd501240ff2: start 0de63147-ab38-4467-8675-efd501240ff2@group-74C0BCD5D99E-LeaderElection51
2024-03-04 13:03:14,910 [0de63147-ab38-4467-8675-efd501240ff2@group-74C0BCD5D99E-LeaderElection51] INFO  impl.LeaderElection (LeaderElection.java:askForVotes(321)) - 0de63147-ab38-4467-8675-efd501240ff2@group-74C0BCD5D99E-LeaderElection51 PRE_VOTE round 0: submit vote requests at term 0 for -1: peers:[6f4eae97-3d37-4aee-9d11-cbcb461265bf|10.1.0.12:15237, 0de63147-ab38-4467-8675-efd501240ff2|10.1.0.12:15246, 8524ad2e-bdc1-42ec-a210-9e3cb3b33839|10.1.0.12:15255]|listeners:[], old=null
2024-03-04 13:03:14,910 [0de63147-ab38-4467-8675-efd501240ff2@group-74C0BCD5D99E-LeaderElection51-1] INFO  server.GrpcServerProtocolClient (GrpcServerProtocolClient.java:<init>(65)) - Build channel for 6f4eae97-3d37-4aee-9d11-cbcb461265bf|10.1.0.12:15237
2024-03-04 13:03:14,910 [grpc-default-executor-0] INFO  server.RaftServer$Division (RaftServerImpl.java:requestVote(1389)) - 8524ad2e-bdc1-42ec-a210-9e3cb3b33839@group-5F591D046286: receive requestVote(PRE_VOTE, 6f4eae97-3d37-4aee-9d11-cbcb461265bf, group-5F591D046286, 0, (t:0, i:0))
2024-03-04 13:03:14,911 [grpc-default-executor-0] INFO  impl.VoteContext (VoteContext.java:log(49)) - 8524ad2e-bdc1-42ec-a210-9e3cb3b33839@group-5F591D046286-FOLLOWER: accept PRE_VOTE from 6f4eae97-3d37-4aee-9d11-cbcb461265bf: our priority 0 <= candidate's priority 1
2024-03-04 13:03:14,911 [grpc-default-executor-0] INFO  server.RaftServer$Division (RaftServerImpl.java:requestVote(1422)) - 8524ad2e-bdc1-42ec-a210-9e3cb3b33839@group-5F591D046286 replies to PRE_VOTE vote request: 6f4eae97-3d37-4aee-9d11-cbcb461265bf<-8524ad2e-bdc1-42ec-a210-9e3cb3b33839#0:OK-t0. Peer's state: 8524ad2e-bdc1-42ec-a210-9e3cb3b33839@group-5F591D046286:t0, leader=null, voted=, raftlog=Memoized:8524ad2e-bdc1-42ec-a210-9e3cb3b33839@group-5F591D046286-SegmentedRaftLog:OPENED:c-1, conf=-1: peers:[6f4eae97-3d37-4aee-9d11-cbcb461265bf|10.1.0.12:15237, 0de63147-ab38-4467-8675-efd501240ff2|10.1.0.12:15246, 8524ad2e-bdc1-42ec-a210-9e3cb3b33839|10.1.0.12:15255]|listeners:[], old=null
2024-03-04 13:03:14,911 [0de63147-ab38-4467-8675-efd501240ff2@group-74C0BCD5D99E-LeaderElection51] INFO  server.RaftServerConfigKeys (ConfUtils.java:logFallback(53)) - raft.server.rpc.first-election.timeout.min = 5s (fallback to raft.server.rpc.timeout.min)
2024-03-04 13:03:14,911 [0de63147-ab38-4467-8675-efd501240ff2@group-74C0BCD5D99E-LeaderElection51] INFO  server.RaftServerConfigKeys (ConfUtils.java:logFallback(53)) - raft.server.rpc.first-election.timeout.max = 5200ms (fallback to raft.server.rpc.timeout.max)
2024-03-04 13:03:14,911 [0de63147-ab38-4467-8675-efd501240ff2@group-74C0BCD5D99E-LeaderElection51-2] INFO  server.GrpcServerProtocolClient (GrpcServerProtocolClient.java:<init>(65)) - Build channel for 8524ad2e-bdc1-42ec-a210-9e3cb3b33839|10.1.0.12:15255
2024-03-04 13:03:14,912 [6f4eae97-3d37-4aee-9d11-cbcb461265bf@group-5F591D046286-LeaderElection50] INFO  impl.LeaderElection (LeaderElection.java:logAndReturn(89)) - 6f4eae97-3d37-4aee-9d11-cbcb461265bf@group-5F591D046286-LeaderElection50: PRE_VOTE PASSED received 1 response(s) and 0 exception(s):
2024-03-04 13:03:14,912 [6f4eae97-3d37-4aee-9d11-cbcb461265bf@group-5F591D046286-LeaderElection50] INFO  impl.LeaderElection (LeaderElection.java:logAndReturn(93)) -   Response 0: 6f4eae97-3d37-4aee-9d11-cbcb461265bf<-8524ad2e-bdc1-42ec-a210-9e3cb3b33839#0:OK-t0
2024-03-04 13:03:14,913 [grpc-default-executor-0] INFO  server.RaftServer$Division (RaftServerImpl.java:requestVote(1389)) - 6f4eae97-3d37-4aee-9d11-cbcb461265bf@group-74C0BCD5D99E: receive requestVote(PRE_VOTE, 0de63147-ab38-4467-8675-efd501240ff2, group-74C0BCD5D99E, 0, (t:0, i:0))
2024-03-04 13:03:14,913 [grpc-default-executor-4] INFO  server.RaftServer$Division (RaftServerImpl.java:requestVote(1389)) - 0de63147-ab38-4467-8675-efd501240ff2@group-5F591D046286: receive requestVote(PRE_VOTE, 6f4eae97-3d37-4aee-9d11-cbcb461265bf, group-5F591D046286, 0, (t:0, i:0))
2024-03-04 13:03:14,913 [grpc-default-executor-4] INFO  impl.VoteContext (VoteContext.java:log(49)) - 0de63147-ab38-4467-8675-efd501240ff2@group-5F591D046286-FOLLOWER: accept PRE_VOTE from 6f4eae97-3d37-4aee-9d11-cbcb461265bf: our priority 0 <= candidate's priority 1
2024-03-04 13:03:14,913 [grpc-default-executor-4] INFO  server.RaftServer$Division (RaftServerImpl.java:requestVote(1422)) - 0de63147-ab38-4467-8675-efd501240ff2@group-5F591D046286 replies to PRE_VOTE vote request: 6f4eae97-3d37-4aee-9d11-cbcb461265bf<-0de63147-ab38-4467-8675-efd501240ff2#0:OK-t0. Peer's state: 0de63147-ab38-4467-8675-efd501240ff2@group-5F591D046286:t0, leader=null, voted=, raftlog=Memoized:0de63147-ab38-4467-8675-efd501240ff2@group-5F591D046286-SegmentedRaftLog:OPENED:c-1, conf=-1: peers:[6f4eae97-3d37-4aee-9d11-cbcb461265bf|10.1.0.12:15237, 0de63147-ab38-4467-8675-efd501240ff2|10.1.0.12:15246, 8524ad2e-bdc1-42ec-a210-9e3cb3b33839|10.1.0.12:15255]|listeners:[], old=null
2024-03-04 13:03:14,913 [6f4eae97-3d37-4aee-9d11-cbcb461265bf@group-5F591D046286-LeaderElection50] INFO  impl.LeaderElection (LeaderElection.java:askForVotes(323)) - 6f4eae97-3d37-4aee-9d11-cbcb461265bf@group-5F591D046286-LeaderElection50 PRE_VOTE round 0: result PASSED
2024-03-04 13:03:14,913 [grpc-default-executor-0] INFO  impl.VoteContext (VoteContext.java:log(49)) - 6f4eae97-3d37-4aee-9d11-cbcb461265bf@group-74C0BCD5D99E-FOLLOWER: accept PRE_VOTE from 0de63147-ab38-4467-8675-efd501240ff2: our priority 0 <= candidate's priority 0
2024-03-04 13:03:14,915 [grpc-default-executor-0] INFO  server.RaftServer$Division (RaftServerImpl.java:requestVote(1422)) - 6f4eae97-3d37-4aee-9d11-cbcb461265bf@group-74C0BCD5D99E replies to PRE_VOTE vote request: 0de63147-ab38-4467-8675-efd501240ff2<-6f4eae97-3d37-4aee-9d11-cbcb461265bf#0:OK-t0. Peer's state: 6f4eae97-3d37-4aee-9d11-cbcb461265bf@group-74C0BCD5D99E:t0, leader=null, voted=, raftlog=Memoized:6f4eae97-3d37-4aee-9d11-cbcb461265bf@group-74C0BCD5D99E-SegmentedRaftLog:OPENED:c-1, conf=-1: peers:[6f4eae97-3d37-4aee-9d11-cbcb461265bf|10.1.0.12:15237, 0de63147-ab38-4467-8675-efd501240ff2|10.1.0.12:15246, 8524ad2e-bdc1-42ec-a210-9e3cb3b33839|10.1.0.12:15255]|listeners:[], old=null
2024-03-04 13:03:14,915 [grpc-default-executor-0] INFO  server.RaftServer$Division (RaftServerImpl.java:requestVote(1389)) - 8524ad2e-bdc1-42ec-a210-9e3cb3b33839@group-74C0BCD5D99E: receive requestVote(PRE_VOTE, 0de63147-ab38-4467-8675-efd501240ff2, group-74C0BCD5D99E, 0, (t:0, i:0))
2024-03-04 13:03:14,916 [grpc-default-executor-0] INFO  impl.VoteContext (VoteContext.java:log(49)) - 8524ad2e-bdc1-42ec-a210-9e3cb3b33839@group-74C0BCD5D99E-FOLLOWER: reject PRE_VOTE from 0de63147-ab38-4467-8675-efd501240ff2: our priority 1 > candidate's priority 0
2024-03-04 13:03:14,916 [grpc-default-executor-0] INFO  server.RaftServer$Division (RaftServerImpl.java:requestVote(1422)) - 8524ad2e-bdc1-42ec-a210-9e3cb3b33839@group-74C0BCD5D99E replies to PRE_VOTE vote request: 0de63147-ab38-4467-8675-efd501240ff2<-8524ad2e-bdc1-42ec-a210-9e3cb3b33839#0:FAIL-t0. Peer's state: 8524ad2e-bdc1-42ec-a210-9e3cb3b33839@group-74C0BCD5D99E:t0, leader=null, voted=, raftlog=Memoized:8524ad2e-bdc1-42ec-a210-9e3cb3b33839@group-74C0BCD5D99E-SegmentedRaftLog:OPENED:c-1, conf=-1: peers:[6f4eae97-3d37-4aee-9d11-cbcb461265bf|10.1.0.12:15237, 0de63147-ab38-4467-8675-efd501240ff2|10.1.0.12:15246, 8524ad2e-bdc1-42ec-a210-9e3cb3b33839|10.1.0.12:15255]|listeners:[], old=null
2024-03-04 13:03:14,916 [0de63147-ab38-4467-8675-efd501240ff2@group-74C0BCD5D99E-LeaderElection51] INFO  impl.LeaderElection (LeaderElection.java:logAndReturn(89)) - 0de63147-ab38-4467-8675-efd501240ff2@group-74C0BCD5D99E-LeaderElection51: PRE_VOTE REJECTED received 2 response(s) and 0 exception(s):
2024-03-04 13:03:14,916 [0de63147-ab38-4467-8675-efd501240ff2@group-74C0BCD5D99E-LeaderElection51] INFO  impl.LeaderElection (LeaderElection.java:logAndReturn(93)) -   Response 0: 0de63147-ab38-4467-8675-efd501240ff2<-6f4eae97-3d37-4aee-9d11-cbcb461265bf#0:OK-t0
2024-03-04 13:03:14,916 [0de63147-ab38-4467-8675-efd501240ff2@group-74C0BCD5D99E-LeaderElection51] INFO  impl.LeaderElection (LeaderElection.java:logAndReturn(93)) -   Response 1: 0de63147-ab38-4467-8675-efd501240ff2<-8524ad2e-bdc1-42ec-a210-9e3cb3b33839#0:FAIL-t0
2024-03-04 13:03:14,916 [0de63147-ab38-4467-8675-efd501240ff2@group-74C0BCD5D99E-LeaderElection51] INFO  impl.LeaderElection (LeaderElection.java:askForVotes(323)) - 0de63147-ab38-4467-8675-efd501240ff2@group-74C0BCD5D99E-LeaderElection51 PRE_VOTE round 0: result REJECTED
2024-03-04 13:03:14,916 [0de63147-ab38-4467-8675-efd501240ff2@group-74C0BCD5D99E-LeaderElection51] INFO  server.RaftServer$Division (RaftServerImpl.java:setRole(383)) - 0de63147-ab38-4467-8675-efd501240ff2@group-74C0BCD5D99E: changes role from CANDIDATE to FOLLOWER at term 0 for REJECTED
2024-03-04 13:03:14,916 [0de63147-ab38-4467-8675-efd501240ff2@group-74C0BCD5D99E-LeaderElection51] INFO  impl.RoleInfo (RoleInfo.java:shutdownLeaderElection(130)) - 0de63147-ab38-4467-8675-efd501240ff2: shutdown 0de63147-ab38-4467-8675-efd501240ff2@group-74C0BCD5D99E-LeaderElection51
2024-03-04 13:03:14,916 [6f4eae97-3d37-4aee-9d11-cbcb461265bf@group-5F591D046286-LeaderElection50] INFO  impl.LeaderElection (LeaderElection.java:askForVotes(321)) - 6f4eae97-3d37-4aee-9d11-cbcb461265bf@group-5F591D046286-LeaderElection50 ELECTION round 0: submit vote requests at term 1 for -1: peers:[6f4eae97-3d37-4aee-9d11-cbcb461265bf|10.1.0.12:15237, 0de63147-ab38-4467-8675-efd501240ff2|10.1.0.12:15246, 8524ad2e-bdc1-42ec-a210-9e3cb3b33839|10.1.0.12:15255]|listeners:[], old=null
2024-03-04 13:03:14,916 [0de63147-ab38-4467-8675-efd501240ff2@group-74C0BCD5D99E-LeaderElection51] INFO  impl.RoleInfo (RoleInfo.java:updateAndGet(139)) - 0de63147-ab38-4467-8675-efd501240ff2: start 0de63147-ab38-4467-8675-efd501240ff2@group-74C0BCD5D99E-FollowerState
2024-03-04 13:03:14,916 [0de63147-ab38-4467-8675-efd501240ff2@group-74C0BCD5D99E-LeaderElection51] INFO  server.RaftServer$Division (RaftServerImpl.java:setFirstElection(574)) - 0de63147-ab38-4467-8675-efd501240ff2@group-74C0BCD5D99E: set firstElectionSinceStartup to false for REJECTED
2024-03-04 13:03:14,917 [6f4eae97-3d37-4aee-9d11-cbcb461265bf@group-5F591D046286-LeaderElection50] INFO  server.RaftServerConfigKeys (ConfUtils.java:logFallback(53)) - raft.server.rpc.first-election.timeout.min = 5s (fallback to raft.server.rpc.timeout.min)
2024-03-04 13:03:14,917 [6f4eae97-3d37-4aee-9d11-cbcb461265bf@group-5F591D046286-LeaderElection50] INFO  server.RaftServerConfigKeys (ConfUtils.java:logFallback(53)) - raft.server.rpc.first-election.timeout.max = 5200ms (fallback to raft.server.rpc.timeout.max)
2024-03-04 13:03:14,917 [grpc-default-executor-0] INFO  server.RaftServer$Division (RaftServerImpl.java:requestVote(1389)) - 0de63147-ab38-4467-8675-efd501240ff2@group-5F591D046286: receive requestVote(ELECTION, 6f4eae97-3d37-4aee-9d11-cbcb461265bf, group-5F591D046286, 1, (t:0, i:0))
2024-03-04 13:03:14,926 [grpc-default-executor-0] INFO  impl.VoteContext (VoteContext.java:log(49)) - 0de63147-ab38-4467-8675-efd501240ff2@group-5F591D046286-FOLLOWER: accept ELECTION from 6f4eae97-3d37-4aee-9d11-cbcb461265bf: our priority 0 <= candidate's priority 1
2024-03-04 13:03:14,926 [6f4eae97-3d37-4aee-9d11-cbcb461265bf@group-FB1C5E6969EB-FollowerState] INFO  impl.FollowerState (FollowerState.java:run(143)) - 6f4eae97-3d37-4aee-9d11-cbcb461265bf@group-FB1C5E6969EB-FollowerState: change to CANDIDATE, lastRpcElapsedTime:5117129213ns, electionTimeout:5114ms
2024-03-04 13:03:14,926 [grpc-default-executor-0] INFO  server.RaftServer$Division (RaftServerImpl.java:setRole(383)) - 0de63147-ab38-4467-8675-efd501240ff2@group-5F591D046286: changes role from  FOLLOWER to FOLLOWER at term 1 for candidate:6f4eae97-3d37-4aee-9d11-cbcb461265bf
2024-03-04 13:03:14,927 [grpc-default-executor-0] INFO  impl.RoleInfo (RoleInfo.java:shutdownFollowerState(110)) - 0de63147-ab38-4467-8675-efd501240ff2: shutdown 0de63147-ab38-4467-8675-efd501240ff2@group-5F591D046286-FollowerState
2024-03-04 13:03:14,926 [6f4eae97-3d37-4aee-9d11-cbcb461265bf@group-FB1C5E6969EB-FollowerState] INFO  impl.RoleInfo (RoleInfo.java:shutdownFollowerState(110)) - 6f4eae97-3d37-4aee-9d11-cbcb461265bf: shutdown 6f4eae97-3d37-4aee-9d11-cbcb461265bf@group-FB1C5E6969EB-FollowerState
2024-03-04 13:03:14,927 [6f4eae97-3d37-4aee-9d11-cbcb461265bf@group-FB1C5E6969EB-FollowerState] INFO  server.RaftServer$Division (RaftServerImpl.java:setRole(383)) - 6f4eae97-3d37-4aee-9d11-cbcb461265bf@group-FB1C5E6969EB: changes role from  FOLLOWER to CANDIDATE at term 0 for changeToCandidate
2024-03-04 13:03:14,927 [6f4eae97-3d37-4aee-9d11-cbcb461265bf@group-FB1C5E6969EB-FollowerState] INFO  server.RaftServerConfigKeys (ConfUtils.java:logGet(46)) - raft.server.leaderelection.pre-vote = true (default)
2024-03-04 13:03:14,927 [6f4eae97-3d37-4aee-9d11-cbcb461265bf@group-FB1C5E6969EB-FollowerState] INFO  impl.RoleInfo (RoleInfo.java:updateAndGet(139)) - 6f4eae97-3d37-4aee-9d11-cbcb461265bf: start 6f4eae97-3d37-4aee-9d11-cbcb461265bf@group-FB1C5E6969EB-LeaderElection52
2024-03-04 13:03:14,927 [0de63147-ab38-4467-8675-efd501240ff2@group-5F591D046286-FollowerState] INFO  impl.FollowerState (FollowerState.java:run(152)) - 0de63147-ab38-4467-8675-efd501240ff2@group-5F591D046286-FollowerState was interrupted
2024-03-04 13:03:14,926 [6f4eae97-3d37-4aee-9d11-cbcb461265bf@group-74C0BCD5D99E-FollowerState] INFO  server.RaftServerConfigKeys (ConfUtils.java:logFallback(53)) - raft.server.rpc.first-election.timeout.min = 5s (fallback to raft.server.rpc.timeout.min)
2024-03-04 13:03:14,928 [6f4eae97-3d37-4aee-9d11-cbcb461265bf@group-74C0BCD5D99E-FollowerState] INFO  server.RaftServerConfigKeys (ConfUtils.java:logFallback(53)) - raft.server.rpc.first-election.timeout.max = 5200ms (fallback to raft.server.rpc.timeout.max)
2024-03-04 13:03:14,928 [6f4eae97-3d37-4aee-9d11-cbcb461265bf@group-FB1C5E6969EB-LeaderElection52] INFO  impl.LeaderElection (LeaderElection.java:askForVotes(321)) - 6f4eae97-3d37-4aee-9d11-cbcb461265bf@group-FB1C5E6969EB-LeaderElection52 PRE_VOTE round 0: submit vote requests at term 0 for -1: peers:[6f4eae97-3d37-4aee-9d11-cbcb461265bf|10.1.0.12:15237]|listeners:[], old=null
2024-03-04 13:03:14,927 [grpc-default-executor-4] INFO  server.RaftServer$Division (RaftServerImpl.java:requestVote(1389)) - 8524ad2e-bdc1-42ec-a210-9e3cb3b33839@group-5F591D046286: receive requestVote(ELECTION, 6f4eae97-3d37-4aee-9d11-cbcb461265bf, group-5F591D046286, 1, (t:0, i:0))
2024-03-04 13:03:14,927 [grpc-default-executor-0] INFO  impl.RoleInfo (RoleInfo.java:updateAndGet(139)) - 0de63147-ab38-4467-8675-efd501240ff2: start 0de63147-ab38-4467-8675-efd501240ff2@group-5F591D046286-FollowerState
2024-03-04 13:03:14,928 [6f4eae97-3d37-4aee-9d11-cbcb461265bf@group-FB1C5E6969EB-LeaderElection52] INFO  impl.LeaderElection (LeaderElection.java:askForVotes(323)) - 6f4eae97-3d37-4aee-9d11-cbcb461265bf@group-FB1C5E6969EB-LeaderElection52 PRE_VOTE round 0: result PASSED (term=0)
2024-03-04 13:03:14,928 [grpc-default-executor-0] INFO  server.RaftServer$Division (RaftServerImpl.java:setFirstElection(574)) - 0de63147-ab38-4467-8675-efd501240ff2@group-5F591D046286: set firstElectionSinceStartup to false for candidate:6f4eae97-3d37-4aee-9d11-cbcb461265bf
2024-03-04 13:03:14,930 [grpc-default-executor-4] INFO  impl.VoteContext (VoteContext.java:log(49)) - 8524ad2e-bdc1-42ec-a210-9e3cb3b33839@group-5F591D046286-FOLLOWER: accept ELECTION from 6f4eae97-3d37-4aee-9d11-cbcb461265bf: our priority 0 <= candidate's priority 1
2024-03-04 13:03:14,930 [grpc-default-executor-0] INFO  server.RaftServer$Division (RaftServerImpl.java:requestVote(1422)) - 0de63147-ab38-4467-8675-efd501240ff2@group-5F591D046286 replies to ELECTION vote request: 6f4eae97-3d37-4aee-9d11-cbcb461265bf<-0de63147-ab38-4467-8675-efd501240ff2#0:OK-t1. Peer's state: 0de63147-ab38-4467-8675-efd501240ff2@group-5F591D046286:t1, leader=null, voted=6f4eae97-3d37-4aee-9d11-cbcb461265bf, raftlog=Memoized:0de63147-ab38-4467-8675-efd501240ff2@group-5F591D046286-SegmentedRaftLog:OPENED:c-1, conf=-1: peers:[6f4eae97-3d37-4aee-9d11-cbcb461265bf|10.1.0.12:15237, 0de63147-ab38-4467-8675-efd501240ff2|10.1.0.12:15246, 8524ad2e-bdc1-42ec-a210-9e3cb3b33839|10.1.0.12:15255]|listeners:[], old=null
2024-03-04 13:03:14,930 [grpc-default-executor-4] INFO  server.RaftServer$Division (RaftServerImpl.java:setRole(383)) - 8524ad2e-bdc1-42ec-a210-9e3cb3b33839@group-5F591D046286: changes role from  FOLLOWER to FOLLOWER at term 1 for candidate:6f4eae97-3d37-4aee-9d11-cbcb461265bf
2024-03-04 13:03:14,930 [grpc-default-executor-4] INFO  impl.RoleInfo (RoleInfo.java:shutdownFollowerState(110)) - 8524ad2e-bdc1-42ec-a210-9e3cb3b33839: shutdown 8524ad2e-bdc1-42ec-a210-9e3cb3b33839@group-5F591D046286-FollowerState
2024-03-04 13:03:14,930 [grpc-default-executor-4] INFO  impl.RoleInfo (RoleInfo.java:updateAndGet(139)) - 8524ad2e-bdc1-42ec-a210-9e3cb3b33839: start 8524ad2e-bdc1-42ec-a210-9e3cb3b33839@group-5F591D046286-FollowerState
2024-03-04 13:03:14,930 [grpc-default-executor-4] INFO  server.RaftServer$Division (RaftServerImpl.java:setFirstElection(574)) - 8524ad2e-bdc1-42ec-a210-9e3cb3b33839@group-5F591D046286: set firstElectionSinceStartup to false for candidate:6f4eae97-3d37-4aee-9d11-cbcb461265bf
2024-03-04 13:03:14,931 [grpc-default-executor-4] INFO  server.RaftServer$Division (RaftServerImpl.java:requestVote(1422)) - 8524ad2e-bdc1-42ec-a210-9e3cb3b33839@group-5F591D046286 replies to ELECTION vote request: 6f4eae97-3d37-4aee-9d11-cbcb461265bf<-8524ad2e-bdc1-42ec-a210-9e3cb3b33839#0:OK-t1. Peer's state: 8524ad2e-bdc1-42ec-a210-9e3cb3b33839@group-5F591D046286:t1, leader=null, voted=6f4eae97-3d37-4aee-9d11-cbcb461265bf, raftlog=Memoized:8524ad2e-bdc1-42ec-a210-9e3cb3b33839@group-5F591D046286-SegmentedRaftLog:OPENED:c-1, conf=-1: peers:[6f4eae97-3d37-4aee-9d11-cbcb461265bf|10.1.0.12:15237, 0de63147-ab38-4467-8675-efd501240ff2|10.1.0.12:15246, 8524ad2e-bdc1-42ec-a210-9e3cb3b33839|10.1.0.12:15255]|listeners:[], old=null
2024-03-04 13:03:14,932 [8524ad2e-bdc1-42ec-a210-9e3cb3b33839@group-5F591D046286-FollowerState] INFO  impl.FollowerState (FollowerState.java:run(152)) - 8524ad2e-bdc1-42ec-a210-9e3cb3b33839@group-5F591D046286-FollowerState was interrupted
2024-03-04 13:03:14,933 [6f4eae97-3d37-4aee-9d11-cbcb461265bf@group-FB1C5E6969EB-LeaderElection52] INFO  impl.LeaderElection (LeaderElection.java:askForVotes(321)) - 6f4eae97-3d37-4aee-9d11-cbcb461265bf@group-FB1C5E6969EB-LeaderElection52 ELECTION round 0: submit vote requests at term 1 for -1: peers:[6f4eae97-3d37-4aee-9d11-cbcb461265bf|10.1.0.12:15237]|listeners:[], old=null
2024-03-04 13:03:14,934 [6f4eae97-3d37-4aee-9d11-cbcb461265bf@group-FB1C5E6969EB-LeaderElection52] INFO  impl.LeaderElection (LeaderElection.java:askForVotes(323)) - 6f4eae97-3d37-4aee-9d11-cbcb461265bf@group-FB1C5E6969EB-LeaderElection52 ELECTION round 0: result PASSED (term=1)
2024-03-04 13:03:14,934 [6f4eae97-3d37-4aee-9d11-cbcb461265bf@group-FB1C5E6969EB-LeaderElection52] INFO  impl.RoleInfo (RoleInfo.java:shutdownLeaderElection(130)) - 6f4eae97-3d37-4aee-9d11-cbcb461265bf: shutdown 6f4eae97-3d37-4aee-9d11-cbcb461265bf@group-FB1C5E6969EB-LeaderElection52
2024-03-04 13:03:14,934 [6f4eae97-3d37-4aee-9d11-cbcb461265bf@group-FB1C5E6969EB-LeaderElection52] INFO  server.RaftServer$Division (RaftServerImpl.java:setRole(383)) - 6f4eae97-3d37-4aee-9d11-cbcb461265bf@group-FB1C5E6969EB: changes role from CANDIDATE to LEADER at term 1 for changeToLeader
2024-03-04 13:03:14,934 [6f4eae97-3d37-4aee-9d11-cbcb461265bf@group-FB1C5E6969EB-LeaderElection52] INFO  server.RaftServerConfigKeys (ConfUtils.java:logGet(46)) - raft.server.staging.catchup.gap = 1000 (default)
2024-03-04 13:03:14,934 [6f4eae97-3d37-4aee-9d11-cbcb461265bf@group-FB1C5E6969EB-LeaderElection52] INFO  server.RaftServerConfigKeys (ConfUtils.java:logGet(46)) - raft.server.write.element-limit = 1024 (custom)
2024-03-04 13:03:14,934 [6f4eae97-3d37-4aee-9d11-cbcb461265bf@group-FB1C5E6969EB-LeaderElection52] INFO  server.RaftServerConfigKeys (ConfUtils.java:logGet(46)) - raft.server.write.byte-limit = 1024 M (=1073741824) (custom)
2024-03-04 13:03:14,934 [6f4eae97-3d37-4aee-9d11-cbcb461265bf@group-FB1C5E6969EB-LeaderElection52] INFO  server.RaftServerConfigKeys (ConfUtils.java:logGet(46)) - raft.server.watch.timeout = 180s (custom)
2024-03-04 13:03:14,934 [6f4eae97-3d37-4aee-9d11-cbcb461265bf@group-FB1C5E6969EB-LeaderElection52] INFO  server.RaftServerConfigKeys (ConfUtils.java:logGet(46)) - raft.server.watch.timeout.denomination = 1s (default)
2024-03-04 13:03:14,934 [6f4eae97-3d37-4aee-9d11-cbcb461265bf@group-FB1C5E6969EB-LeaderElection52] INFO  server.RaftServerConfigKeys (ConfUtils.java:logGet(46)) - raft.server.watch.element-limit = 65536 (default)
2024-03-04 13:03:14,934 [6f4eae97-3d37-4aee-9d11-cbcb461265bf@group-FB1C5E6969EB-LeaderElection52] INFO  server.RaftServerConfigKeys (ConfUtils.java:logGet(46)) - raft.server.read.leader.lease.enabled = false (default)
2024-03-04 13:03:14,934 [6f4eae97-3d37-4aee-9d11-cbcb461265bf@group-FB1C5E6969EB-LeaderElection52] INFO  server.RaftServerConfigKeys (ConfUtils.java:logGet(46)) - raft.server.read.leader.lease.timeout.ratio = 0.9 (default)
2024-03-04 13:03:14,934 [6f4eae97-3d37-4aee-9d11-cbcb461265bf@group-FB1C5E6969EB-LeaderElection52] INFO  server.RaftServerConfigKeys (ConfUtils.java:logGet(46)) - raft.server.rpc.timeout.min = 5s (custom)
2024-03-04 13:03:14,934 [6f4eae97-3d37-4aee-9d11-cbcb461265bf@group-FB1C5E6969EB-LeaderElection52] INFO  server.RaftServerConfigKeys (ConfUtils.java:logGet(46)) - raft.server.write.element-limit = 1024 (custom)
2024-03-04 13:03:14,935 [6f4eae97-3d37-4aee-9d11-cbcb461265bf@group-FB1C5E6969EB-LeaderElection52] INFO  server.RaftServerConfigKeys (ConfUtils.java:logGet(46)) - raft.server.write.follower.gap.ratio.max = -1.0 (default)
2024-03-04 13:03:14,935 [6f4eae97-3d37-4aee-9d11-cbcb461265bf@group-FB1C5E6969EB-LeaderElection52] INFO  impl.RoleInfo (RoleInfo.java:updateAndGet(139)) - 6f4eae97-3d37-4aee-9d11-cbcb461265bf: start 6f4eae97-3d37-4aee-9d11-cbcb461265bf@group-FB1C5E6969EB-LeaderStateImpl
2024-03-04 13:03:14,935 [6f4eae97-3d37-4aee-9d11-cbcb461265bf@group-FB1C5E6969EB-LeaderElection52] INFO  server.RaftServer$Division (RaftServerImpl.java:setFirstElection(574)) - 6f4eae97-3d37-4aee-9d11-cbcb461265bf@group-FB1C5E6969EB: set firstElectionSinceStartup to false for becomeLeader
2024-03-04 13:03:14,935 [6f4eae97-3d37-4aee-9d11-cbcb461265bf@group-FB1C5E6969EB-LeaderElection52] INFO  ratis.XceiverServerRatis (XceiverServerRatis.java:handleLeaderChangedNotification(966)) - Leader change notification received for group: group-FB1C5E6969EB with new leaderId: 6f4eae97-3d37-4aee-9d11-cbcb461265bf
2024-03-04 13:03:14,935 [6f4eae97-3d37-4aee-9d11-cbcb461265bf@group-FB1C5E6969EB-LeaderElection52] INFO  server.RaftServer$Division (ServerState.java:setLeader(269)) - 6f4eae97-3d37-4aee-9d11-cbcb461265bf@group-FB1C5E6969EB: change Leader from null to 6f4eae97-3d37-4aee-9d11-cbcb461265bf at term 1 for becomeLeader, leader elected after 5136ms
2024-03-04 13:03:14,935 [6f4eae97-3d37-4aee-9d11-cbcb461265bf@group-FB1C5E6969EB-LeaderElection52] INFO  segmented.SegmentedRaftLogWorker (SegmentedRaftLogWorker.java:startLogSegment(430)) - 6f4eae97-3d37-4aee-9d11-cbcb461265bf@group-FB1C5E6969EB-SegmentedRaftLogWorker: Starting segment from index:0
2024-03-04 13:03:14,935 [6f4eae97-3d37-4aee-9d11-cbcb461265bf@group-FB1C5E6969EB-SegmentedRaftLogWorker] INFO  segmented.BufferedWriteChannel (BufferedWriteChannel.java:open(62)) - open log_inprogress_0 at position 0
2024-03-04 13:03:14,937 [6f4eae97-3d37-4aee-9d11-cbcb461265bf@group-FB1C5E6969EB-LeaderElection52] INFO  server.RaftServer$Division (ServerState.java:setRaftConf(386)) - 6f4eae97-3d37-4aee-9d11-cbcb461265bf@group-FB1C5E6969EB: set configuration 0: peers:[6f4eae97-3d37-4aee-9d11-cbcb461265bf|10.1.0.12:15237]|listeners:[], old=null
2024-03-04 13:03:14,937 [6f4eae97-3d37-4aee-9d11-cbcb461265bf@group-5F591D046286-LeaderElection50] INFO  impl.LeaderElection (LeaderElection.java:logAndReturn(89)) - 6f4eae97-3d37-4aee-9d11-cbcb461265bf@group-5F591D046286-LeaderElection50: ELECTION PASSED received 1 response(s) and 0 exception(s):
2024-03-04 13:03:14,937 [6f4eae97-3d37-4aee-9d11-cbcb461265bf@group-5F591D046286-LeaderElection50] INFO  impl.LeaderElection (LeaderElection.java:logAndReturn(93)) -   Response 0: 6f4eae97-3d37-4aee-9d11-cbcb461265bf<-0de63147-ab38-4467-8675-efd501240ff2#0:OK-t1
2024-03-04 13:03:14,937 [6f4eae97-3d37-4aee-9d11-cbcb461265bf@group-5F591D046286-LeaderElection50] INFO  impl.LeaderElection (LeaderElection.java:askForVotes(323)) - 6f4eae97-3d37-4aee-9d11-cbcb461265bf@group-5F591D046286-LeaderElection50 ELECTION round 0: result PASSED
2024-03-04 13:03:14,937 [6f4eae97-3d37-4aee-9d11-cbcb461265bf@group-5F591D046286-LeaderElection50] INFO  impl.RoleInfo (RoleInfo.java:shutdownLeaderElection(130)) - 6f4eae97-3d37-4aee-9d11-cbcb461265bf: shutdown 6f4eae97-3d37-4aee-9d11-cbcb461265bf@group-5F591D046286-LeaderElection50
2024-03-04 13:03:14,937 [6f4eae97-3d37-4aee-9d11-cbcb461265bf@group-5F591D046286-LeaderElection50] INFO  server.RaftServer$Division (RaftServerImpl.java:setRole(383)) - 6f4eae97-3d37-4aee-9d11-cbcb461265bf@group-5F591D046286: changes role from CANDIDATE to LEADER at term 1 for changeToLeader
2024-03-04 13:03:14,937 [6f4eae97-3d37-4aee-9d11-cbcb461265bf@group-5F591D046286-LeaderElection50] INFO  server.RaftServerConfigKeys (ConfUtils.java:logGet(46)) - raft.server.staging.catchup.gap = 1000 (default)
2024-03-04 13:03:14,938 [6f4eae97-3d37-4aee-9d11-cbcb461265bf@group-5F591D046286-LeaderElection50] INFO  server.RaftServerConfigKeys (ConfUtils.java:logGet(46)) - raft.server.write.element-limit = 1024 (custom)
2024-03-04 13:03:14,938 [6f4eae97-3d37-4aee-9d11-cbcb461265bf@group-5F591D046286-LeaderElection50] INFO  server.RaftServerConfigKeys (ConfUtils.java:logGet(46)) - raft.server.write.byte-limit = 1024 M (=1073741824) (custom)
2024-03-04 13:03:14,938 [6f4eae97-3d37-4aee-9d11-cbcb461265bf@group-5F591D046286-LeaderElection50] INFO  server.RaftServerConfigKeys (ConfUtils.java:logGet(46)) - raft.server.watch.timeout = 180s (custom)
2024-03-04 13:03:14,938 [6f4eae97-3d37-4aee-9d11-cbcb461265bf@group-5F591D046286-LeaderElection50] INFO  server.RaftServerConfigKeys (ConfUtils.java:logGet(46)) - raft.server.watch.timeout.denomination = 1s (default)
2024-03-04 13:03:14,938 [6f4eae97-3d37-4aee-9d11-cbcb461265bf@group-5F591D046286-LeaderElection50] INFO  server.RaftServerConfigKeys (ConfUtils.java:logGet(46)) - raft.server.watch.element-limit = 65536 (default)
2024-03-04 13:03:14,938 [6f4eae97-3d37-4aee-9d11-cbcb461265bf@group-5F591D046286-LeaderElection50] INFO  server.RaftServerConfigKeys (ConfUtils.java:logGet(46)) - raft.server.read.leader.lease.enabled = false (default)
2024-03-04 13:03:14,938 [6f4eae97-3d37-4aee-9d11-cbcb461265bf@group-5F591D046286-LeaderElection50] INFO  server.RaftServerConfigKeys (ConfUtils.java:logGet(46)) - raft.server.read.leader.lease.timeout.ratio = 0.9 (default)
2024-03-04 13:03:14,938 [6f4eae97-3d37-4aee-9d11-cbcb461265bf@group-5F591D046286-LeaderElection50] INFO  server.RaftServerConfigKeys (ConfUtils.java:logGet(46)) - raft.server.rpc.timeout.min = 5s (custom)
2024-03-04 13:03:14,938 [6f4eae97-3d37-4aee-9d11-cbcb461265bf@group-5F591D046286-LeaderElection50] INFO  server.RaftServerConfigKeys (ConfUtils.java:logGet(46)) - raft.server.write.element-limit = 1024 (custom)
2024-03-04 13:03:14,938 [6f4eae97-3d37-4aee-9d11-cbcb461265bf@group-5F591D046286-LeaderElection50] INFO  server.RaftServerConfigKeys (ConfUtils.java:logGet(46)) - raft.server.write.follower.gap.ratio.max = -1.0 (default)
2024-03-04 13:03:14,938 [6f4eae97-3d37-4aee-9d11-cbcb461265bf@group-5F591D046286-LeaderElection50] INFO  server.RaftServerConfigKeys (ConfUtils.java:logGet(46)) - raft.server.log.appender.snapshot.chunk.size.max = 16MB (=16777216) (default)
2024-03-04 13:03:14,938 [6f4eae97-3d37-4aee-9d11-cbcb461265bf@group-5F591D046286-LeaderElection50] INFO  server.RaftServerConfigKeys (ConfUtils.java:logGet(46)) - raft.server.log.appender.buffer.byte-limit = 8388608 (custom)
2024-03-04 13:03:14,938 [6f4eae97-3d37-4aee-9d11-cbcb461265bf@group-5F591D046286-LeaderElection50] INFO  server.RaftServerConfigKeys (ConfUtils.java:logGet(46)) - raft.server.log.appender.buffer.element-limit = 1 (custom)
2024-03-04 13:03:14,938 [6f4eae97-3d37-4aee-9d11-cbcb461265bf@group-5F591D046286-LeaderElection50] INFO  server.RaftServerConfigKeys (ConfUtils.java:logGet(46)) - raft.server.log.appender.wait-time.min = 0μs (custom)
2024-03-04 13:03:14,938 [6f4eae97-3d37-4aee-9d11-cbcb461265bf@group-5F591D046286-LeaderElection50] INFO  grpc.GrpcConfigKeys (ConfUtils.java:logGet(46)) - raft.grpc.server.leader.outstanding.appends.max = 8 (default)
2024-03-04 13:03:14,938 [6f4eae97-3d37-4aee-9d11-cbcb461265bf@group-5F591D046286-LeaderElection50] INFO  server.RaftServerConfigKeys (ConfUtils.java:logGet(46)) - raft.server.rpc.request.timeout = 60s (custom)
2024-03-04 13:03:14,938 [6f4eae97-3d37-4aee-9d11-cbcb461265bf@group-5F591D046286-LeaderElection50] INFO  grpc.GrpcConfigKeys (ConfUtils.java:logGet(46)) - raft.grpc.server.install_snapshot.request.element-limit = 8 (default)
2024-03-04 13:03:14,938 [6f4eae97-3d37-4aee-9d11-cbcb461265bf@group-5F591D046286-LeaderElection50] INFO  grpc.GrpcConfigKeys (ConfUtils.java:logGet(46)) - raft.grpc.server.install_snapshot.request.timeout = 3000ms (default)
2024-03-04 13:03:14,939 [6f4eae97-3d37-4aee-9d11-cbcb461265bf@group-5F591D046286-LeaderElection50] INFO  grpc.GrpcConfigKeys (ConfUtils.java:logGet(46)) - raft.grpc.server.log-message.batch.duration = 5s (default)
2024-03-04 13:03:14,940 [6f4eae97-3d37-4aee-9d11-cbcb461265bf@group-5F591D046286-LeaderElection50] INFO  server.RaftServerConfigKeys (ConfUtils.java:logGet(46)) - raft.server.log.appender.install.snapshot.enabled = false (custom)
2024-03-04 13:03:14,940 [6f4eae97-3d37-4aee-9d11-cbcb461265bf@group-5F591D046286-LeaderElection50] INFO  grpc.GrpcConfigKeys (ConfUtils.java:logGet(46)) - raft.grpc.server.heartbeat.channel = true (default)
2024-03-04 13:03:14,939 [8524ad2e-bdc1-42ec-a210-9e3cb3b33839@group-74C0BCD5D99E-FollowerState] INFO  impl.FollowerState (FollowerState.java:run(143)) - 8524ad2e-bdc1-42ec-a210-9e3cb3b33839@group-74C0BCD5D99E-FollowerState: change to CANDIDATE, lastRpcElapsedTime:5074587594ns, electionTimeout:5073ms
2024-03-04 13:03:14,940 [8524ad2e-bdc1-42ec-a210-9e3cb3b33839@group-74C0BCD5D99E-FollowerState] INFO  impl.RoleInfo (RoleInfo.java:shutdownFollowerState(110)) - 8524ad2e-bdc1-42ec-a210-9e3cb3b33839: shutdown 8524ad2e-bdc1-42ec-a210-9e3cb3b33839@group-74C0BCD5D99E-FollowerState
2024-03-04 13:03:14,940 [8524ad2e-bdc1-42ec-a210-9e3cb3b33839@group-74C0BCD5D99E-FollowerState] INFO  server.RaftServer$Division (RaftServerImpl.java:setRole(383)) - 8524ad2e-bdc1-42ec-a210-9e3cb3b33839@group-74C0BCD5D99E: changes role from  FOLLOWER to CANDIDATE at term 0 for changeToCandidate
2024-03-04 13:03:14,940 [8524ad2e-bdc1-42ec-a210-9e3cb3b33839@group-74C0BCD5D99E-FollowerState] INFO  server.RaftServerConfigKeys (ConfUtils.java:logGet(46)) - raft.server.leaderelection.pre-vote = true (default)
2024-03-04 13:03:14,940 [8524ad2e-bdc1-42ec-a210-9e3cb3b33839@group-74C0BCD5D99E-FollowerState] INFO  impl.RoleInfo (RoleInfo.java:updateAndGet(139)) - 8524ad2e-bdc1-42ec-a210-9e3cb3b33839: start 8524ad2e-bdc1-42ec-a210-9e3cb3b33839@group-74C0BCD5D99E-LeaderElection53
2024-03-04 13:03:14,940 [6f4eae97-3d37-4aee-9d11-cbcb461265bf@group-5F591D046286-LeaderElection50] INFO  server.RaftServerConfigKeys (ConfUtils.java:logGet(46)) - raft.server.log.appender.snapshot.chunk.size.max = 16MB (=16777216) (default)
2024-03-04 13:03:14,940 [6f4eae97-3d37-4aee-9d11-cbcb461265bf@group-5F591D046286-LeaderElection50] INFO  server.RaftServerConfigKeys (ConfUtils.java:logGet(46)) - raft.server.log.appender.buffer.byte-limit = 8388608 (custom)
2024-03-04 13:03:14,941 [6f4eae97-3d37-4aee-9d11-cbcb461265bf@group-5F591D046286-LeaderElection50] INFO  server.RaftServerConfigKeys (ConfUtils.java:logGet(46)) - raft.server.log.appender.buffer.element-limit = 1 (custom)
2024-03-04 13:03:14,941 [6f4eae97-3d37-4aee-9d11-cbcb461265bf@group-5F591D046286-LeaderElection50] INFO  server.RaftServerConfigKeys (ConfUtils.java:logGet(46)) - raft.server.log.appender.wait-time.min = 0μs (custom)
2024-03-04 13:03:14,941 [6f4eae97-3d37-4aee-9d11-cbcb461265bf@group-5F591D046286-LeaderElection50] INFO  grpc.GrpcConfigKeys (ConfUtils.java:logGet(46)) - raft.grpc.server.leader.outstanding.appends.max = 8 (default)
2024-03-04 13:03:14,941 [6f4eae97-3d37-4aee-9d11-cbcb461265bf@group-5F591D046286-LeaderElection50] INFO  server.RaftServerConfigKeys (ConfUtils.java:logGet(46)) - raft.server.rpc.request.timeout = 60s (custom)
2024-03-04 13:03:14,941 [6f4eae97-3d37-4aee-9d11-cbcb461265bf@group-5F591D046286-LeaderElection50] INFO  grpc.GrpcConfigKeys (ConfUtils.java:logGet(46)) - raft.grpc.server.install_snapshot.request.element-limit = 8 (default)
2024-03-04 13:03:14,941 [6f4eae97-3d37-4aee-9d11-cbcb461265bf@group-5F591D046286-LeaderElection50] INFO  grpc.GrpcConfigKeys (ConfUtils.java:logGet(46)) - raft.grpc.server.install_snapshot.request.timeout = 3000ms (default)
2024-03-04 13:03:14,941 [6f4eae97-3d37-4aee-9d11-cbcb461265bf@group-5F591D046286-LeaderElection50] INFO  grpc.GrpcConfigKeys (ConfUtils.java:logGet(46)) - raft.grpc.server.log-message.batch.duration = 5s (default)
2024-03-04 13:03:14,941 [6f4eae97-3d37-4aee-9d11-cbcb461265bf@group-5F591D046286-LeaderElection50] INFO  server.RaftServerConfigKeys (ConfUtils.java:logGet(46)) - raft.server.log.appender.install.snapshot.enabled = false (custom)
2024-03-04 13:03:14,941 [6f4eae97-3d37-4aee-9d11-cbcb461265bf@group-5F591D046286-LeaderElection50] INFO  grpc.GrpcConfigKeys (ConfUtils.java:logGet(46)) - raft.grpc.server.heartbeat.channel = true (default)
2024-03-04 13:03:14,941 [6f4eae97-3d37-4aee-9d11-cbcb461265bf@group-5F591D046286-LeaderElection50] INFO  impl.RoleInfo (RoleInfo.java:updateAndGet(139)) - 6f4eae97-3d37-4aee-9d11-cbcb461265bf: start 6f4eae97-3d37-4aee-9d11-cbcb461265bf@group-5F591D046286-LeaderStateImpl
2024-03-04 13:03:14,941 [6f4eae97-3d37-4aee-9d11-cbcb461265bf@group-5F591D046286-LeaderElection50] INFO  server.RaftServer$Division (RaftServerImpl.java:setFirstElection(574)) - 6f4eae97-3d37-4aee-9d11-cbcb461265bf@group-5F591D046286: set firstElectionSinceStartup to false for becomeLeader
2024-03-04 13:03:14,941 [6f4eae97-3d37-4aee-9d11-cbcb461265bf@group-5F591D046286-LeaderElection50] INFO  ratis.XceiverServerRatis (XceiverServerRatis.java:handleLeaderChangedNotification(966)) - Leader change notification received for group: group-5F591D046286 with new leaderId: 6f4eae97-3d37-4aee-9d11-cbcb461265bf
2024-03-04 13:03:14,941 [EventQueue-OpenPipelineForHealthyPipelineSafeModeRule] INFO  safemode.SCMSafeModeManager (HealthyPipelineSafeModeRule.java:process(140)) - SCM in safe mode. Healthy pipelines reported count is 0, required healthy pipeline reported count is 1
2024-03-04 13:03:14,942 [6f4eae97-3d37-4aee-9d11-cbcb461265bf@group-5F591D046286-LeaderElection50] INFO  server.RaftServer$Division (ServerState.java:setLeader(269)) - 6f4eae97-3d37-4aee-9d11-cbcb461265bf@group-5F591D046286: change Leader from null to 6f4eae97-3d37-4aee-9d11-cbcb461265bf at term 1 for becomeLeader, leader elected after 5070ms
2024-03-04 13:03:14,942 [6f4eae97-3d37-4aee-9d11-cbcb461265bf@group-5F591D046286-LeaderElection50] INFO  segmented.SegmentedRaftLogWorker (SegmentedRaftLogWorker.java:startLogSegment(430)) - 6f4eae97-3d37-4aee-9d11-cbcb461265bf@group-5F591D046286-SegmentedRaftLogWorker: Starting segment from index:0
2024-03-04 13:03:14,942 [6f4eae97-3d37-4aee-9d11-cbcb461265bf@group-5F591D046286-SegmentedRaftLogWorker] INFO  segmented.BufferedWriteChannel (BufferedWriteChannel.java:open(62)) - open log_inprogress_0 at position 0
2024-03-04 13:03:14,946 [EventQueue-PipelineReportForPipelineReportHandler] INFO  pipeline.PipelineReportHandler (PipelineReportHandler.java:processPipelineReport(136)) - Opened pipeline PipelineID=68800204-032d-45d2-83be-5f591d046286
2024-03-04 13:03:14,946 [EventQueue-OpenPipelineForHealthyPipelineSafeModeRule] INFO  safemode.SCMSafeModeManager (HealthyPipelineSafeModeRule.java:process(140)) - SCM in safe mode. Healthy pipelines reported count is 0, required healthy pipeline reported count is 1
2024-03-04 13:03:14,946 [EventQueue-OpenPipelineForHealthyPipelineSafeModeRule] INFO  safemode.SCMSafeModeManager (HealthyPipelineSafeModeRule.java:process(140)) - SCM in safe mode. Healthy pipelines reported count is 1, required healthy pipeline reported count is 1
2024-03-04 13:03:14,946 [EventQueue-OpenPipelineForHealthyPipelineSafeModeRule] INFO  safemode.SCMSafeModeManager (SCMSafeModeManager.java:validateSafeModeExitRules(200)) - HealthyPipelineSafeModeRule rule is successfully validated
2024-03-04 13:03:14,946 [EventQueue-OpenPipelineForHealthyPipelineSafeModeRule] INFO  safemode.SCMSafeModeManager (SCMSafeModeManager.java:validateSafeModeExitRules(215)) - ScmSafeModeManager, all rules are successfully validated
2024-03-04 13:03:14,946 [EventQueue-OpenPipelineForHealthyPipelineSafeModeRule] INFO  safemode.SCMSafeModeManager (SCMSafeModeManager.java:exitSafeMode(244)) - SCM exiting safe mode.
2024-03-04 13:03:14,946 [EventQueue-OpenPipelineForHealthyPipelineSafeModeRule] INFO  ha.SCMContext (SCMContext.java:updateSafeModeStatus(225)) - Update SafeModeStatus from SafeModeStatus{safeModeStatus=true, preCheckPassed=true} to SafeModeStatus{safeModeStatus=false, preCheckPassed=true}.
2024-03-04 13:03:14,946 [EventQueue-OpenPipelineForHealthyPipelineSafeModeRule] INFO  pipeline.BackgroundPipelineCreator (BackgroundPipelineCreator.java:notifyStatusChanged(258)) - Service BackgroundPipelineCreator transitions to RUNNING.
2024-03-04 13:03:14,946 [EventQueue-OpenPipelineForHealthyPipelineSafeModeRule] INFO  BackgroundPipelineScrubber (BackgroundSCMService.java:notifyStatusChanged(79)) - Service BackgroundPipelineScrubber transitions to RUNNING.
2024-03-04 13:03:14,946 [EventQueue-OpenPipelineForHealthyPipelineSafeModeRule] INFO  ExpiredContainerReplicaOpScrubber (BackgroundSCMService.java:notifyStatusChanged(79)) - Service ExpiredContainerReplicaOpScrubber transitions to RUNNING.
2024-03-04 13:03:14,946 [EventQueue-OpenPipelineForHealthyPipelineSafeModeRule] INFO  block.SCMBlockDeletingService (SCMBlockDeletingService.java:notifyStatusChanged(247)) - notifyStatusChanged:RUNNING
2024-03-04 13:03:14,946 [EventQueue-OpenPipelineForHealthyPipelineSafeModeRule] INFO  replication.ReplicationManager (ReplicationManager.java:notifyStatusChanged(1403)) - Service ReplicationManager transitions to RUNNING.
2024-03-04 13:03:14,946 [EventQueue-OpenPipelineForHealthyPipelineSafeModeRule] WARN  balancer.ContainerBalancer (ContainerBalancer.java:shouldRun(134)) - Could not find persisted configuration for ContainerBalancer when checking if ContainerBalancer should run. ContainerBalancer should not run now.
2024-03-04 13:03:14,947 [6f4eae97-3d37-4aee-9d11-cbcb461265bf@group-FB1C5E6969EB-SegmentedRaftLogWorker] INFO  segmented.SegmentedRaftLogWorker (SegmentedRaftLogWorker.java:execute(634)) - 6f4eae97-3d37-4aee-9d11-cbcb461265bf@group-FB1C5E6969EB-SegmentedRaftLogWorker: created new log segment /home/runner/work/ozone/ozone/hadoop-ozone/integration-test/target/test-dir/MiniOzoneClusterImpl-a24c3557-08b1-4f8b-a0f8-6c13b4e42376/ozone-meta/datanode-1/ratis/75601d72-0408-4fd0-8009-fb1c5e6969eb/current/log_inprogress_0
2024-03-04 13:03:14,949 [6f4eae97-3d37-4aee-9d11-cbcb461265bf@group-5F591D046286-LeaderElection50] INFO  server.RaftServer$Division (ServerState.java:setRaftConf(386)) - 6f4eae97-3d37-4aee-9d11-cbcb461265bf@group-5F591D046286: set configuration 0: peers:[6f4eae97-3d37-4aee-9d11-cbcb461265bf|10.1.0.12:15237, 0de63147-ab38-4467-8675-efd501240ff2|10.1.0.12:15246, 8524ad2e-bdc1-42ec-a210-9e3cb3b33839|10.1.0.12:15255]|listeners:[], old=null
2024-03-04 13:03:14,950 [6f4eae97-3d37-4aee-9d11-cbcb461265bf@group-FB1C5E6969EB-StateMachineUpdater] INFO  server.RaftServer$Division (LeaderStateImpl.java:isApplied(320)) - leader is ready since appliedIndex == 0 >= startIndex == 0
2024-03-04 13:03:14,953 [8524ad2e-bdc1-42ec-a210-9e3cb3b33839@group-74C0BCD5D99E-LeaderElection53] INFO  impl.LeaderElection (LeaderElection.java:askForVotes(321)) - 8524ad2e-bdc1-42ec-a210-9e3cb3b33839@group-74C0BCD5D99E-LeaderElection53 PRE_VOTE round 0: submit vote requests at term 0 for -1: peers:[6f4eae97-3d37-4aee-9d11-cbcb461265bf|10.1.0.12:15237, 0de63147-ab38-4467-8675-efd501240ff2|10.1.0.12:15246, 8524ad2e-bdc1-42ec-a210-9e3cb3b33839|10.1.0.12:15255]|listeners:[], old=null
2024-03-04 13:03:14,953 [6f4eae97-3d37-4aee-9d11-cbcb461265bf@group-5F591D046286-SegmentedRaftLogWorker] INFO  segmented.SegmentedRaftLogWorker (SegmentedRaftLogWorker.java:execute(634)) - 6f4eae97-3d37-4aee-9d11-cbcb461265bf@group-5F591D046286-SegmentedRaftLogWorker: created new log segment /home/runner/work/ozone/ozone/hadoop-ozone/integration-test/target/test-dir/MiniOzoneClusterImpl-a24c3557-08b1-4f8b-a0f8-6c13b4e42376/ozone-meta/datanode-1/ratis/68800204-032d-45d2-83be-5f591d046286/current/log_inprogress_0
2024-03-04 13:03:14,953 [8524ad2e-bdc1-42ec-a210-9e3cb3b33839@group-74C0BCD5D99E-LeaderElection53-1] INFO  server.GrpcServerProtocolClient (GrpcServerProtocolClient.java:<init>(65)) - Build channel for 6f4eae97-3d37-4aee-9d11-cbcb461265bf|10.1.0.12:15237
2024-03-04 13:03:14,954 [8524ad2e-bdc1-42ec-a210-9e3cb3b33839@group-74C0BCD5D99E-LeaderElection53] INFO  server.RaftServerConfigKeys (ConfUtils.java:logFallback(53)) - raft.server.rpc.first-election.timeout.min = 5s (fallback to raft.server.rpc.timeout.min)
2024-03-04 13:03:14,954 [8524ad2e-bdc1-42ec-a210-9e3cb3b33839@group-74C0BCD5D99E-LeaderElection53-2] INFO  server.GrpcServerProtocolClient (GrpcServerProtocolClient.java:<init>(65)) - Build channel for 0de63147-ab38-4467-8675-efd501240ff2|10.1.0.12:15246
2024-03-04 13:03:14,955 [8524ad2e-bdc1-42ec-a210-9e3cb3b33839-server-thread1] INFO  ratis.XceiverServerRatis (XceiverServerRatis.java:handleLeaderChangedNotification(966)) - Leader change notification received for group: group-5F591D046286 with new leaderId: 6f4eae97-3d37-4aee-9d11-cbcb461265bf
2024-03-04 13:03:14,955 [8524ad2e-bdc1-42ec-a210-9e3cb3b33839-server-thread1] INFO  server.RaftServer$Division (ServerState.java:setLeader(269)) - 8524ad2e-bdc1-42ec-a210-9e3cb3b33839@group-5F591D046286: change Leader from null to 6f4eae97-3d37-4aee-9d11-cbcb461265bf at term 1 for appendEntries, leader elected after 5036ms
2024-03-04 13:03:14,954 [8524ad2e-bdc1-42ec-a210-9e3cb3b33839@group-74C0BCD5D99E-LeaderElection53] INFO  server.RaftServerConfigKeys (ConfUtils.java:logFallback(53)) - raft.server.rpc.first-election.timeout.max = 5200ms (fallback to raft.server.rpc.timeout.max)
2024-03-04 13:03:14,955 [0de63147-ab38-4467-8675-efd501240ff2-server-thread1] INFO  ratis.XceiverServerRatis (XceiverServerRatis.java:handleLeaderChangedNotification(966)) - Leader change notification received for group: group-5F591D046286 with new leaderId: 6f4eae97-3d37-4aee-9d11-cbcb461265bf
2024-03-04 13:03:14,958 [0de63147-ab38-4467-8675-efd501240ff2-server-thread1] INFO  server.RaftServer$Division (ServerState.java:setLeader(269)) - 0de63147-ab38-4467-8675-efd501240ff2@group-5F591D046286: change Leader from null to 6f4eae97-3d37-4aee-9d11-cbcb461265bf at term 1 for appendEntries, leader elected after 5056ms
2024-03-04 13:03:14,958 [grpc-default-executor-0] INFO  server.RaftServer$Division (RaftServerImpl.java:requestVote(1389)) - 6f4eae97-3d37-4aee-9d11-cbcb461265bf@group-74C0BCD5D99E: receive requestVote(PRE_VOTE, 8524ad2e-bdc1-42ec-a210-9e3cb3b33839, group-74C0BCD5D99E, 0, (t:0, i:0))
2024-03-04 13:03:14,958 [grpc-default-executor-0] INFO  impl.VoteContext (VoteContext.java:log(49)) - 6f4eae97-3d37-4aee-9d11-cbcb461265bf@group-74C0BCD5D99E-FOLLOWER: accept PRE_VOTE from 8524ad2e-bdc1-42ec-a210-9e3cb3b33839: our priority 0 <= candidate's priority 1
2024-03-04 13:03:14,958 [grpc-default-executor-0] INFO  server.RaftServer$Division (RaftServerImpl.java:requestVote(1422)) - 6f4eae97-3d37-4aee-9d11-cbcb461265bf@group-74C0BCD5D99E replies to PRE_VOTE vote request: 8524ad2e-bdc1-42ec-a210-9e3cb3b33839<-6f4eae97-3d37-4aee-9d11-cbcb461265bf#0:OK-t0. Peer's state: 6f4eae97-3d37-4aee-9d11-cbcb461265bf@group-74C0BCD5D99E:t0, leader=null, voted=, raftlog=Memoized:6f4eae97-3d37-4aee-9d11-cbcb461265bf@group-74C0BCD5D99E-SegmentedRaftLog:OPENED:c-1, conf=-1: peers:[6f4eae97-3d37-4aee-9d11-cbcb461265bf|10.1.0.12:15237, 0de63147-ab38-4467-8675-efd501240ff2|10.1.0.12:15246, 8524ad2e-bdc1-42ec-a210-9e3cb3b33839|10.1.0.12:15255]|listeners:[], old=null
2024-03-04 13:03:14,960 [8524ad2e-bdc1-42ec-a210-9e3cb3b33839@group-74C0BCD5D99E-LeaderElection53] INFO  impl.LeaderElection (LeaderElection.java:logAndReturn(89)) - 8524ad2e-bdc1-42ec-a210-9e3cb3b33839@group-74C0BCD5D99E-LeaderElection53: PRE_VOTE PASSED received 1 response(s) and 0 exception(s):
2024-03-04 13:03:14,960 [0de63147-ab38-4467-8675-efd501240ff2-server-thread2] INFO  server.RaftServer$Division (ServerState.java:setRaftConf(386)) - 0de63147-ab38-4467-8675-efd501240ff2@group-5F591D046286: set configuration 0: peers:[6f4eae97-3d37-4aee-9d11-cbcb461265bf|10.1.0.12:15237, 0de63147-ab38-4467-8675-efd501240ff2|10.1.0.12:15246, 8524ad2e-bdc1-42ec-a210-9e3cb3b33839|10.1.0.12:15255]|listeners:[], old=null
2024-03-04 13:03:14,960 [8524ad2e-bdc1-42ec-a210-9e3cb3b33839@group-74C0BCD5D99E-LeaderElection53] INFO  impl.LeaderElection (LeaderElection.java:logAndReturn(93)) -   Response 0: 8524ad2e-bdc1-42ec-a210-9e3cb3b33839<-6f4eae97-3d37-4aee-9d11-cbcb461265bf#0:OK-t0
2024-03-04 13:03:14,960 [0de63147-ab38-4467-8675-efd501240ff2-server-thread2] INFO  segmented.SegmentedRaftLogWorker (SegmentedRaftLogWorker.java:startLogSegment(430)) - 0de63147-ab38-4467-8675-efd501240ff2@group-5F591D046286-SegmentedRaftLogWorker: Starting segment from index:0
2024-03-04 13:03:14,961 [8524ad2e-bdc1-42ec-a210-9e3cb3b33839@group-74C0BCD5D99E-LeaderElection53] INFO  impl.LeaderElection (LeaderElection.java:askForVotes(323)) - 8524ad2e-bdc1-42ec-a210-9e3cb3b33839@group-74C0BCD5D99E-LeaderElection53 PRE_VOTE round 0: result PASSED
2024-03-04 13:03:14,961 [0de63147-ab38-4467-8675-efd501240ff2@group-5F591D046286-SegmentedRaftLogWorker] INFO  segmented.BufferedWriteChannel (BufferedWriteChannel.java:open(62)) - open log_inprogress_0 at position 0
2024-03-04 13:03:14,962 [grpc-default-executor-4] INFO  server.RaftServer$Division (RaftServerImpl.java:requestVote(1389)) - 0de63147-ab38-4467-8675-efd501240ff2@group-74C0BCD5D99E: receive requestVote(PRE_VOTE, 8524ad2e-bdc1-42ec-a210-9e3cb3b33839, group-74C0BCD5D99E, 0, (t:0, i:0))
2024-03-04 13:03:14,962 [grpc-default-executor-4] INFO  impl.VoteContext (VoteContext.java:log(49)) - 0de63147-ab38-4467-8675-efd501240ff2@group-74C0BCD5D99E-FOLLOWER: accept PRE_VOTE from 8524ad2e-bdc1-42ec-a210-9e3cb3b33839: our priority 0 <= candidate's priority 1
2024-03-04 13:03:14,962 [grpc-default-executor-4] INFO  server.RaftServer$Division (RaftServerImpl.java:requestVote(1422)) - 0de63147-ab38-4467-8675-efd501240ff2@group-74C0BCD5D99E replies to PRE_VOTE vote request: 8524ad2e-bdc1-42ec-a210-9e3cb3b33839<-0de63147-ab38-4467-8675-efd501240ff2#0:OK-t0. Peer's state: 0de63147-ab38-4467-8675-efd501240ff2@group-74C0BCD5D99E:t0, leader=null, voted=, raftlog=Memoized:0de63147-ab38-4467-8675-efd501240ff2@group-74C0BCD5D99E-SegmentedRaftLog:OPENED:c-1, conf=-1: peers:[6f4eae97-3d37-4aee-9d11-cbcb461265bf|10.1.0.12:15237, 0de63147-ab38-4467-8675-efd501240ff2|10.1.0.12:15246, 8524ad2e-bdc1-42ec-a210-9e3cb3b33839|10.1.0.12:15255]|listeners:[], old=null
2024-03-04 13:03:14,963 [8524ad2e-bdc1-42ec-a210-9e3cb3b33839-server-thread2] INFO  server.RaftServer$Division (ServerState.java:setRaftConf(386)) - 8524ad2e-bdc1-42ec-a210-9e3cb3b33839@group-5F591D046286: set configuration 0: peers:[6f4eae97-3d37-4aee-9d11-cbcb461265bf|10.1.0.12:15237, 0de63147-ab38-4467-8675-efd501240ff2|10.1.0.12:15246, 8524ad2e-bdc1-42ec-a210-9e3cb3b33839|10.1.0.12:15255]|listeners:[], old=null
2024-03-04 13:03:14,963 [8524ad2e-bdc1-42ec-a210-9e3cb3b33839-server-thread2] INFO  segmented.SegmentedRaftLogWorker (SegmentedRaftLogWorker.java:startLogSegment(430)) - 8524ad2e-bdc1-42ec-a210-9e3cb3b33839@group-5F591D046286-SegmentedRaftLogWorker: Starting segment from index:0
2024-03-04 13:03:14,964 [8524ad2e-bdc1-42ec-a210-9e3cb3b33839@group-74C0BCD5D99E-LeaderElection53] INFO  impl.LeaderElection (LeaderElection.java:askForVotes(321)) - 8524ad2e-bdc1-42ec-a210-9e3cb3b33839@group-74C0BCD5D99E-LeaderElection53 ELECTION round 0: submit vote requests at term 1 for -1: peers:[6f4eae97-3d37-4aee-9d11-cbcb461265bf|10.1.0.12:15237, 0de63147-ab38-4467-8675-efd501240ff2|10.1.0.12:15246, 8524ad2e-bdc1-42ec-a210-9e3cb3b33839|10.1.0.12:15255]|listeners:[], old=null
2024-03-04 13:03:14,964 [8524ad2e-bdc1-42ec-a210-9e3cb3b33839@group-74C0BCD5D99E-LeaderElection53] INFO  server.RaftServerConfigKeys (ConfUtils.java:logFallback(53)) - raft.server.rpc.first-election.timeout.min = 5s (fallback to raft.server.rpc.timeout.min)
2024-03-04 13:03:14,964 [8524ad2e-bdc1-42ec-a210-9e3cb3b33839@group-74C0BCD5D99E-LeaderElection53] INFO  server.RaftServerConfigKeys (ConfUtils.java:logFallback(53)) - raft.server.rpc.first-election.timeout.max = 5200ms (fallback to raft.server.rpc.timeout.max)
2024-03-04 13:03:14,965 [8524ad2e-bdc1-42ec-a210-9e3cb3b33839@group-5F591D046286-SegmentedRaftLogWorker] INFO  segmented.BufferedWriteChannel (BufferedWriteChannel.java:open(62)) - open log_inprogress_0 at position 0
2024-03-04 13:03:14,967 [grpc-default-executor-2] INFO  server.RaftServer$Division (RaftServerImpl.java:requestVote(1389)) - 0de63147-ab38-4467-8675-efd501240ff2@group-74C0BCD5D99E: receive requestVote(ELECTION, 8524ad2e-bdc1-42ec-a210-9e3cb3b33839, group-74C0BCD5D99E, 1, (t:0, i:0))
2024-03-04 13:03:14,967 [grpc-default-executor-2] INFO  impl.VoteContext (VoteContext.java:log(49)) - 0de63147-ab38-4467-8675-efd501240ff2@group-74C0BCD5D99E-FOLLOWER: accept ELECTION from 8524ad2e-bdc1-42ec-a210-9e3cb3b33839: our priority 0 <= candidate's priority 1
2024-03-04 13:03:14,967 [grpc-default-executor-2] INFO  server.RaftServer$Division (RaftServerImpl.java:setRole(383)) - 0de63147-ab38-4467-8675-efd501240ff2@group-74C0BCD5D99E: changes role from  FOLLOWER to FOLLOWER at term 1 for candidate:8524ad2e-bdc1-42ec-a210-9e3cb3b33839
2024-03-04 13:03:14,967 [grpc-default-executor-2] INFO  impl.RoleInfo (RoleInfo.java:shutdownFollowerState(110)) - 0de63147-ab38-4467-8675-efd501240ff2: shutdown 0de63147-ab38-4467-8675-efd501240ff2@group-74C0BCD5D99E-FollowerState
2024-03-04 13:03:14,967 [grpc-default-executor-2] INFO  impl.RoleInfo (RoleInfo.java:updateAndGet(139)) - 0de63147-ab38-4467-8675-efd501240ff2: start 0de63147-ab38-4467-8675-efd501240ff2@group-74C0BCD5D99E-FollowerState
2024-03-04 13:03:14,967 [0de63147-ab38-4467-8675-efd501240ff2@group-74C0BCD5D99E-FollowerState] INFO  impl.FollowerState (FollowerState.java:run(152)) - 0de63147-ab38-4467-8675-efd501240ff2@group-74C0BCD5D99E-FollowerState was interrupted
2024-03-04 13:03:14,967 [grpc-default-executor-3] INFO  server.RaftServer$Division (RaftServerImpl.java:requestVote(1389)) - 6f4eae97-3d37-4aee-9d11-cbcb461265bf@group-74C0BCD5D99E: receive requestVote(ELECTION, 8524ad2e-bdc1-42ec-a210-9e3cb3b33839, group-74C0BCD5D99E, 1, (t:0, i:0))
2024-03-04 13:03:14,967 [grpc-default-executor-3] INFO  impl.VoteContext (VoteContext.java:log(49)) - 6f4eae97-3d37-4aee-9d11-cbcb461265bf@group-74C0BCD5D99E-FOLLOWER: accept ELECTION from 8524ad2e-bdc1-42ec-a210-9e3cb3b33839: our priority 0 <= candidate's priority 1
2024-03-04 13:03:14,967 [grpc-default-executor-3] INFO  server.RaftServer$Division (RaftServerImpl.java:setRole(383)) - 6f4eae97-3d37-4aee-9d11-cbcb461265bf@group-74C0BCD5D99E: changes role from  FOLLOWER to FOLLOWER at term 1 for candidate:8524ad2e-bdc1-42ec-a210-9e3cb3b33839
2024-03-04 13:03:14,968 [grpc-default-executor-3] INFO  impl.RoleInfo (RoleInfo.java:shutdownFollowerState(110)) - 6f4eae97-3d37-4aee-9d11-cbcb461265bf: shutdown 6f4eae97-3d37-4aee-9d11-cbcb461265bf@group-74C0BCD5D99E-FollowerState
2024-03-04 13:03:14,973 [grpc-default-executor-3] INFO  impl.RoleInfo (RoleInfo.java:updateAndGet(139)) - 6f4eae97-3d37-4aee-9d11-cbcb461265bf: start 6f4eae97-3d37-4aee-9d11-cbcb461265bf@group-74C0BCD5D99E-FollowerState
2024-03-04 13:03:14,973 [6f4eae97-3d37-4aee-9d11-cbcb461265bf@group-74C0BCD5D99E-FollowerState] INFO  impl.FollowerState (FollowerState.java:run(152)) - 6f4eae97-3d37-4aee-9d11-cbcb461265bf@group-74C0BCD5D99E-FollowerState was interrupted
2024-03-04 13:03:14,973 [grpc-default-executor-3] INFO  server.RaftServer$Division (RaftServerImpl.java:setFirstElection(574)) - 6f4eae97-3d37-4aee-9d11-cbcb461265bf@group-74C0BCD5D99E: set firstElectionSinceStartup to false for candidate:8524ad2e-bdc1-42ec-a210-9e3cb3b33839
2024-03-04 13:03:14,977 [0de63147-ab38-4467-8675-efd501240ff2@group-5F591D046286-SegmentedRaftLogWorker] INFO  segmented.SegmentedRaftLogWorker (SegmentedRaftLogWorker.java:execute(634)) - 0de63147-ab38-4467-8675-efd501240ff2@group-5F591D046286-SegmentedRaftLogWorker: created new log segment /home/runner/work/ozone/ozone/hadoop-ozone/integration-test/target/test-dir/MiniOzoneClusterImpl-a24c3557-08b1-4f8b-a0f8-6c13b4e42376/ozone-meta/datanode-2/ratis/68800204-032d-45d2-83be-5f591d046286/current/log_inprogress_0
2024-03-04 13:03:14,977 [grpc-default-executor-2] INFO  server.RaftServer$Division (RaftServerImpl.java:requestVote(1422)) - 0de63147-ab38-4467-8675-efd501240ff2@group-74C0BCD5D99E replies to ELECTION vote request: 8524ad2e-bdc1-42ec-a210-9e3cb3b33839<-0de63147-ab38-4467-8675-efd501240ff2#0:OK-t1. Peer's state: 0de63147-ab38-4467-8675-efd501240ff2@group-74C0BCD5D99E:t1, leader=null, voted=8524ad2e-bdc1-42ec-a210-9e3cb3b33839, raftlog=Memoized:0de63147-ab38-4467-8675-efd501240ff2@group-74C0BCD5D99E-SegmentedRaftLog:OPENED:c-1, conf=-1: peers:[6f4eae97-3d37-4aee-9d11-cbcb461265bf|10.1.0.12:15237, 0de63147-ab38-4467-8675-efd501240ff2|10.1.0.12:15246, 8524ad2e-bdc1-42ec-a210-9e3cb3b33839|10.1.0.12:15255]|listeners:[], old=null
2024-03-04 13:03:14,977 [8524ad2e-bdc1-42ec-a210-9e3cb3b33839@group-5F591D046286-SegmentedRaftLogWorker] INFO  segmented.SegmentedRaftLogWorker (SegmentedRaftLogWorker.java:execute(634)) - 8524ad2e-bdc1-42ec-a210-9e3cb3b33839@group-5F591D046286-SegmentedRaftLogWorker: created new log segment /home/runner/work/ozone/ozone/hadoop-ozone/integration-test/target/test-dir/MiniOzoneClusterImpl-a24c3557-08b1-4f8b-a0f8-6c13b4e42376/ozone-meta/datanode-3/ratis/68800204-032d-45d2-83be-5f591d046286/current/log_inprogress_0
2024-03-04 13:03:14,978 [8524ad2e-bdc1-42ec-a210-9e3cb3b33839@group-74C0BCD5D99E-LeaderElection53] INFO  impl.LeaderElection (LeaderElection.java:logAndReturn(89)) - 8524ad2e-bdc1-42ec-a210-9e3cb3b33839@group-74C0BCD5D99E-LeaderElection53: ELECTION PASSED received 1 response(s) and 0 exception(s):
2024-03-04 13:03:14,978 [8524ad2e-bdc1-42ec-a210-9e3cb3b33839@group-74C0BCD5D99E-LeaderElection53] INFO  impl.LeaderElection (LeaderElection.java:logAndReturn(93)) -   Response 0: 8524ad2e-bdc1-42ec-a210-9e3cb3b33839<-0de63147-ab38-4467-8675-efd501240ff2#0:OK-t1
2024-03-04 13:03:14,978 [8524ad2e-bdc1-42ec-a210-9e3cb3b33839@group-74C0BCD5D99E-LeaderElection53] INFO  impl.LeaderElection (LeaderElection.java:askForVotes(323)) - 8524ad2e-bdc1-42ec-a210-9e3cb3b33839@group-74C0BCD5D99E-LeaderElection53 ELECTION round 0: result PASSED
2024-03-04 13:03:14,978 [8524ad2e-bdc1-42ec-a210-9e3cb3b33839@group-74C0BCD5D99E-LeaderElection53] INFO  impl.RoleInfo (RoleInfo.java:shutdownLeaderElection(130)) - 8524ad2e-bdc1-42ec-a210-9e3cb3b33839: shutdown 8524ad2e-bdc1-42ec-a210-9e3cb3b33839@group-74C0BCD5D99E-LeaderElection53
2024-03-04 13:03:14,978 [8524ad2e-bdc1-42ec-a210-9e3cb3b33839@group-74C0BCD5D99E-LeaderElection53] INFO  server.RaftServer$Division (RaftServerImpl.java:setRole(383)) - 8524ad2e-bdc1-42ec-a210-9e3cb3b33839@group-74C0BCD5D99E: changes role from CANDIDATE to LEADER at term 1 for changeToLeader
2024-03-04 13:03:14,978 [8524ad2e-bdc1-42ec-a210-9e3cb3b33839@group-74C0BCD5D99E-LeaderElection53] INFO  server.RaftServerConfigKeys (ConfUtils.java:logGet(46)) - raft.server.staging.catchup.gap = 1000 (default)
2024-03-04 13:03:14,978 [8524ad2e-bdc1-42ec-a210-9e3cb3b33839@group-74C0BCD5D99E-LeaderElection53] INFO  server.RaftServerConfigKeys (ConfUtils.java:logGet(46)) - raft.server.write.element-limit = 1024 (custom)
2024-03-04 13:03:14,978 [8524ad2e-bdc1-42ec-a210-9e3cb3b33839@group-74C0BCD5D99E-LeaderElection53] INFO  server.RaftServerConfigKeys (ConfUtils.java:logGet(46)) - raft.server.write.byte-limit = 1024 M (=1073741824) (custom)
2024-03-04 13:03:14,978 [8524ad2e-bdc1-42ec-a210-9e3cb3b33839@group-74C0BCD5D99E-LeaderElection53] INFO  server.RaftServerConfigKeys (ConfUtils.java:logGet(46)) - raft.server.watch.timeout = 180s (custom)
2024-03-04 13:03:14,978 [8524ad2e-bdc1-42ec-a210-9e3cb3b33839@group-74C0BCD5D99E-LeaderElection53] INFO  server.RaftServerConfigKeys (ConfUtils.java:logGet(46)) - raft.server.watch.timeout.denomination = 1s (default)
2024-03-04 13:03:14,978 [8524ad2e-bdc1-42ec-a210-9e3cb3b33839@group-74C0BCD5D99E-LeaderElection53] INFO  server.RaftServerConfigKeys (ConfUtils.java:logGet(46)) - raft.server.watch.element-limit = 65536 (default)
2024-03-04 13:03:14,978 [8524ad2e-bdc1-42ec-a210-9e3cb3b33839@group-74C0BCD5D99E-LeaderElection53] INFO  server.RaftServerConfigKeys (ConfUtils.java:logGet(46)) - raft.server.read.leader.lease.enabled = false (default)
2024-03-04 13:03:14,979 [8524ad2e-bdc1-42ec-a210-9e3cb3b33839@group-74C0BCD5D99E-LeaderElection53] INFO  server.RaftServerConfigKeys (ConfUtils.java:logGet(46)) - raft.server.read.leader.lease.timeout.ratio = 0.9 (default)
2024-03-04 13:03:14,979 [8524ad2e-bdc1-42ec-a210-9e3cb3b33839@group-74C0BCD5D99E-LeaderElection53] INFO  server.RaftServerConfigKeys (ConfUtils.java:logGet(46)) - raft.server.rpc.timeout.min = 5s (custom)
2024-03-04 13:03:14,979 [8524ad2e-bdc1-42ec-a210-9e3cb3b33839@group-74C0BCD5D99E-LeaderElection53] INFO  server.RaftServerConfigKeys (ConfUtils.java:logGet(46)) - raft.server.write.element-limit = 1024 (custom)
2024-03-04 13:03:14,979 [8524ad2e-bdc1-42ec-a210-9e3cb3b33839@group-74C0BCD5D99E-LeaderElection53] INFO  server.RaftServerConfigKeys (ConfUtils.java:logGet(46)) - raft.server.write.follower.gap.ratio.max = -1.0 (default)
2024-03-04 13:03:14,979 [6f4eae97-3d37-4aee-9d11-cbcb461265bf@group-5F591D046286-StateMachineUpdater] INFO  server.RaftServer$Division (LeaderStateImpl.java:isApplied(320)) - leader is ready since appliedIndex == 0 >= startIndex == 0
2024-03-04 13:03:14,978 [grpc-default-executor-3] INFO  server.RaftServer$Division (RaftServerImpl.java:requestVote(1422)) - 6f4eae97-3d37-4aee-9d11-cbcb461265bf@group-74C0BCD5D99E replies to ELECTION vote request: 8524ad2e-bdc1-42ec-a210-9e3cb3b33839<-6f4eae97-3d37-4aee-9d11-cbcb461265bf#0:OK-t1. Peer's state: 6f4eae97-3d37-4aee-9d11-cbcb461265bf@group-74C0BCD5D99E:t1, leader=null, voted=8524ad2e-bdc1-42ec-a210-9e3cb3b33839, raftlog=Memoized:6f4eae97-3d37-4aee-9d11-cbcb461265bf@group-74C0BCD5D99E-SegmentedRaftLog:OPENED:c-1, conf=-1: peers:[6f4eae97-3d37-4aee-9d11-cbcb461265bf|10.1.0.12:15237, 0de63147-ab38-4467-8675-efd501240ff2|10.1.0.12:15246, 8524ad2e-bdc1-42ec-a210-9e3cb3b33839|10.1.0.12:15255]|listeners:[], old=null
2024-03-04 13:03:14,980 [8524ad2e-bdc1-42ec-a210-9e3cb3b33839@group-74C0BCD5D99E-LeaderElection53] INFO  server.RaftServerConfigKeys (ConfUtils.java:logGet(46)) - raft.server.log.appender.snapshot.chunk.size.max = 16MB (=16777216) (default)
2024-03-04 13:03:14,980 [8524ad2e-bdc1-42ec-a210-9e3cb3b33839@group-74C0BCD5D99E-LeaderElection53] INFO  server.RaftServerConfigKeys (ConfUtils.java:logGet(46)) - raft.server.log.appender.buffer.byte-limit = 8388608 (custom)
2024-03-04 13:03:14,980 [8524ad2e-bdc1-42ec-a210-9e3cb3b33839@group-74C0BCD5D99E-LeaderElection53] INFO  server.RaftServerConfigKeys (ConfUtils.java:logGet(46)) - raft.server.log.appender.buffer.element-limit = 1 (custom)
2024-03-04 13:03:14,980 [8524ad2e-bdc1-42ec-a210-9e3cb3b33839@group-74C0BCD5D99E-LeaderElection53] INFO  server.RaftServerConfigKeys (ConfUtils.java:logGet(46)) - raft.server.log.appender.wait-time.min = 0μs (custom)
2024-03-04 13:03:14,980 [8524ad2e-bdc1-42ec-a210-9e3cb3b33839@group-74C0BCD5D99E-LeaderElection53] INFO  grpc.GrpcConfigKeys (ConfUtils.java:logGet(46)) - raft.grpc.server.leader.outstanding.appends.max = 8 (default)
2024-03-04 13:03:14,980 [8524ad2e-bdc1-42ec-a210-9e3cb3b33839@group-74C0BCD5D99E-LeaderElection53] INFO  server.RaftServerConfigKeys (ConfUtils.java:logGet(46)) - raft.server.rpc.request.timeout = 60s (custom)
2024-03-04 13:03:14,981 [8524ad2e-bdc1-42ec-a210-9e3cb3b33839@group-74C0BCD5D99E-LeaderElection53] INFO  grpc.GrpcConfigKeys (ConfUtils.java:logGet(46)) - raft.grpc.server.install_snapshot.request.element-limit = 8 (default)
2024-03-04 13:03:14,981 [8524ad2e-bdc1-42ec-a210-9e3cb3b33839@group-74C0BCD5D99E-LeaderElection53] INFO  grpc.GrpcConfigKeys (ConfUtils.java:logGet(46)) - raft.grpc.server.install_snapshot.request.timeout = 3000ms (default)
2024-03-04 13:03:14,981 [8524ad2e-bdc1-42ec-a210-9e3cb3b33839@group-74C0BCD5D99E-LeaderElection53] INFO  grpc.GrpcConfigKeys (ConfUtils.java:logGet(46)) - raft.grpc.server.log-message.batch.duration = 5s (default)
2024-03-04 13:03:14,981 [8524ad2e-bdc1-42ec-a210-9e3cb3b33839@group-74C0BCD5D99E-LeaderElection53] INFO  server.RaftServerConfigKeys (ConfUtils.java:logGet(46)) - raft.server.log.appender.install.snapshot.enabled = false (custom)
2024-03-04 13:03:14,981 [8524ad2e-bdc1-42ec-a210-9e3cb3b33839@group-74C0BCD5D99E-LeaderElection53] INFO  grpc.GrpcConfigKeys (ConfUtils.java:logGet(46)) - raft.grpc.server.heartbeat.channel = true (default)
2024-03-04 13:03:14,982 [8524ad2e-bdc1-42ec-a210-9e3cb3b33839@group-74C0BCD5D99E-LeaderElection53] INFO  server.RaftServerConfigKeys (ConfUtils.java:logGet(46)) - raft.server.log.appender.snapshot.chunk.size.max = 16MB (=16777216) (default)
2024-03-04 13:03:14,982 [8524ad2e-bdc1-42ec-a210-9e3cb3b33839@group-74C0BCD5D99E-LeaderElection53] INFO  server.RaftServerConfigKeys (ConfUtils.java:logGet(46)) - raft.server.log.appender.buffer.byte-limit = 8388608 (custom)
2024-03-04 13:03:14,982 [8524ad2e-bdc1-42ec-a210-9e3cb3b33839@group-74C0BCD5D99E-LeaderElection53] INFO  server.RaftServerConfigKeys (ConfUtils.java:logGet(46)) - raft.server.log.appender.buffer.element-limit = 1 (custom)
2024-03-04 13:03:14,982 [8524ad2e-bdc1-42ec-a210-9e3cb3b33839@group-74C0BCD5D99E-LeaderElection53] INFO  server.RaftServerConfigKeys (ConfUtils.java:logGet(46)) - raft.server.log.appender.wait-time.min = 0μs (custom)
2024-03-04 13:03:14,982 [8524ad2e-bdc1-42ec-a210-9e3cb3b33839@group-74C0BCD5D99E-LeaderElection53] INFO  grpc.GrpcConfigKeys (ConfUtils.java:logGet(46)) - raft.grpc.server.leader.outstanding.appends.max = 8 (default)
2024-03-04 13:03:14,982 [8524ad2e-bdc1-42ec-a210-9e3cb3b33839@group-74C0BCD5D99E-LeaderElection53] INFO  server.RaftServerConfigKeys (ConfUtils.java:logGet(46)) - raft.server.rpc.request.timeout = 60s (custom)
2024-03-04 13:03:14,982 [8524ad2e-bdc1-42ec-a210-9e3cb3b33839@group-74C0BCD5D99E-LeaderElection53] INFO  grpc.GrpcConfigKeys (ConfUtils.java:logGet(46)) - raft.grpc.server.install_snapshot.request.element-limit = 8 (default)
2024-03-04 13:03:14,982 [8524ad2e-bdc1-42ec-a210-9e3cb3b33839@group-74C0BCD5D99E-LeaderElection53] INFO  grpc.GrpcConfigKeys (ConfUtils.java:logGet(46)) - raft.grpc.server.install_snapshot.request.timeout = 3000ms (default)
2024-03-04 13:03:14,982 [8524ad2e-bdc1-42ec-a210-9e3cb3b33839@group-74C0BCD5D99E-LeaderElection53] INFO  grpc.GrpcConfigKeys (ConfUtils.java:logGet(46)) - raft.grpc.server.log-message.batch.duration = 5s (default)
2024-03-04 13:03:14,983 [8524ad2e-bdc1-42ec-a210-9e3cb3b33839@group-74C0BCD5D99E-LeaderElection53] INFO  server.RaftServerConfigKeys (ConfUtils.java:logGet(46)) - raft.server.log.appender.install.snapshot.enabled = false (custom)
2024-03-04 13:03:14,983 [8524ad2e-bdc1-42ec-a210-9e3cb3b33839@group-74C0BCD5D99E-LeaderElection53] INFO  grpc.GrpcConfigKeys (ConfUtils.java:logGet(46)) - raft.grpc.server.heartbeat.channel = true (default)
2024-03-04 13:03:14,983 [8524ad2e-bdc1-42ec-a210-9e3cb3b33839@group-74C0BCD5D99E-LeaderElection53] INFO  impl.RoleInfo (RoleInfo.java:updateAndGet(139)) - 8524ad2e-bdc1-42ec-a210-9e3cb3b33839: start 8524ad2e-bdc1-42ec-a210-9e3cb3b33839@group-74C0BCD5D99E-LeaderStateImpl
2024-03-04 13:03:14,983 [8524ad2e-bdc1-42ec-a210-9e3cb3b33839@group-74C0BCD5D99E-LeaderElection53] INFO  server.RaftServer$Division (RaftServerImpl.java:setFirstElection(574)) - 8524ad2e-bdc1-42ec-a210-9e3cb3b33839@group-74C0BCD5D99E: set firstElectionSinceStartup to false for becomeLeader
2024-03-04 13:03:14,983 [8524ad2e-bdc1-42ec-a210-9e3cb3b33839@group-74C0BCD5D99E-LeaderElection53] INFO  ratis.XceiverServerRatis (XceiverServerRatis.java:handleLeaderChangedNotification(966)) - Leader change notification received for group: group-74C0BCD5D99E with new leaderId: 8524ad2e-bdc1-42ec-a210-9e3cb3b33839
2024-03-04 13:03:14,983 [8524ad2e-bdc1-42ec-a210-9e3cb3b33839@group-74C0BCD5D99E-LeaderElection53] INFO  server.RaftServer$Division (ServerState.java:setLeader(269)) - 8524ad2e-bdc1-42ec-a210-9e3cb3b33839@group-74C0BCD5D99E: change Leader from null to 8524ad2e-bdc1-42ec-a210-9e3cb3b33839 at term 1 for becomeLeader, leader elected after 5130ms
2024-03-04 13:03:14,983 [8524ad2e-bdc1-42ec-a210-9e3cb3b33839@group-74C0BCD5D99E-LeaderElection53] INFO  segmented.SegmentedRaftLogWorker (SegmentedRaftLogWorker.java:startLogSegment(430)) - 8524ad2e-bdc1-42ec-a210-9e3cb3b33839@group-74C0BCD5D99E-SegmentedRaftLogWorker: Starting segment from index:0
2024-03-04 13:03:14,984 [8524ad2e-bdc1-42ec-a210-9e3cb3b33839@group-74C0BCD5D99E-LeaderElection53] INFO  server.RaftServer$Division (ServerState.java:setRaftConf(386)) - 8524ad2e-bdc1-42ec-a210-9e3cb3b33839@group-74C0BCD5D99E: set configuration 0: peers:[6f4eae97-3d37-4aee-9d11-cbcb461265bf|10.1.0.12:15237, 0de63147-ab38-4467-8675-efd501240ff2|10.1.0.12:15246, 8524ad2e-bdc1-42ec-a210-9e3cb3b33839|10.1.0.12:15255]|listeners:[], old=null
2024-03-04 13:03:14,984 [8524ad2e-bdc1-42ec-a210-9e3cb3b33839@group-74C0BCD5D99E-SegmentedRaftLogWorker] INFO  segmented.BufferedWriteChannel (BufferedWriteChannel.java:open(62)) - open log_inprogress_0 at position 0
2024-03-04 13:03:14,986 [EventQueue-PipelineReportForPipelineReportHandler] INFO  pipeline.PipelineReportHandler (PipelineReportHandler.java:processPipelineReport(136)) - Opened pipeline PipelineID=67e9053d-a29c-437d-b32c-74c0bcd5d99e
2024-03-04 13:03:14,990 [0de63147-ab38-4467-8675-efd501240ff2@group-2F08ED923DF5-FollowerState] INFO  impl.FollowerState (FollowerState.java:run(143)) - 0de63147-ab38-4467-8675-efd501240ff2@group-2F08ED923DF5-FollowerState: change to CANDIDATE, lastRpcElapsedTime:5097505711ns, electionTimeout:5097ms
2024-03-04 13:03:14,990 [0de63147-ab38-4467-8675-efd501240ff2@group-2F08ED923DF5-FollowerState] INFO  impl.RoleInfo (RoleInfo.java:shutdownFollowerState(110)) - 0de63147-ab38-4467-8675-efd501240ff2: shutdown 0de63147-ab38-4467-8675-efd501240ff2@group-2F08ED923DF5-FollowerState
2024-03-04 13:03:14,990 [0de63147-ab38-4467-8675-efd501240ff2@group-2F08ED923DF5-FollowerState] INFO  server.RaftServer$Division (RaftServerImpl.java:setRole(383)) - 0de63147-ab38-4467-8675-efd501240ff2@group-2F08ED923DF5: changes role from  FOLLOWER to CANDIDATE at term 0 for changeToCandidate
2024-03-04 13:03:14,990 [0de63147-ab38-4467-8675-efd501240ff2@group-2F08ED923DF5-FollowerState] INFO  server.RaftServerConfigKeys (ConfUtils.java:logGet(46)) - raft.server.leaderelection.pre-vote = true (default)
2024-03-04 13:03:14,990 [0de63147-ab38-4467-8675-efd501240ff2@group-2F08ED923DF5-FollowerState] INFO  impl.RoleInfo (RoleInfo.java:updateAndGet(139)) - 0de63147-ab38-4467-8675-efd501240ff2: start 0de63147-ab38-4467-8675-efd501240ff2@group-2F08ED923DF5-LeaderElection54
2024-03-04 13:03:14,994 [0de63147-ab38-4467-8675-efd501240ff2@group-2F08ED923DF5-LeaderElection54] INFO  impl.LeaderElection (LeaderElection.java:askForVotes(321)) - 0de63147-ab38-4467-8675-efd501240ff2@group-2F08ED923DF5-LeaderElection54 PRE_VOTE round 0: submit vote requests at term 0 for -1: peers:[0de63147-ab38-4467-8675-efd501240ff2|10.1.0.12:15246]|listeners:[], old=null
2024-03-04 13:03:14,994 [0de63147-ab38-4467-8675-efd501240ff2@group-2F08ED923DF5-LeaderElection54] INFO  impl.LeaderElection (LeaderElection.java:askForVotes(323)) - 0de63147-ab38-4467-8675-efd501240ff2@group-2F08ED923DF5-LeaderElection54 PRE_VOTE round 0: result PASSED (term=0)
2024-03-04 13:03:14,994 [8524ad2e-bdc1-42ec-a210-9e3cb3b33839@group-74C0BCD5D99E-SegmentedRaftLogWorker] INFO  segmented.SegmentedRaftLogWorker (SegmentedRaftLogWorker.java:execute(634)) - 8524ad2e-bdc1-42ec-a210-9e3cb3b33839@group-74C0BCD5D99E-SegmentedRaftLogWorker: created new log segment /home/runner/work/ozone/ozone/hadoop-ozone/integration-test/target/test-dir/MiniOzoneClusterImpl-a24c3557-08b1-4f8b-a0f8-6c13b4e42376/ozone-meta/datanode-3/ratis/67e9053d-a29c-437d-b32c-74c0bcd5d99e/current/log_inprogress_0
2024-03-04 13:03:14,995 [6f4eae97-3d37-4aee-9d11-cbcb461265bf-server-thread1] INFO  ratis.XceiverServerRatis (XceiverServerRatis.java:handleLeaderChangedNotification(966)) - Leader change notification received for group: group-74C0BCD5D99E with new leaderId: 8524ad2e-bdc1-42ec-a210-9e3cb3b33839
2024-03-04 13:03:14,995 [6f4eae97-3d37-4aee-9d11-cbcb461265bf-server-thread1] INFO  server.RaftServer$Division (ServerState.java:setLeader(269)) - 6f4eae97-3d37-4aee-9d11-cbcb461265bf@group-74C0BCD5D99E: change Leader from null to 8524ad2e-bdc1-42ec-a210-9e3cb3b33839 at term 1 for appendEntries, leader elected after 5183ms
2024-03-04 13:03:14,995 [0de63147-ab38-4467-8675-efd501240ff2@group-2F08ED923DF5-LeaderElection54] INFO  impl.LeaderElection (LeaderElection.java:askForVotes(321)) - 0de63147-ab38-4467-8675-efd501240ff2@group-2F08ED923DF5-LeaderElection54 ELECTION round 0: submit vote requests at term 1 for -1: peers:[0de63147-ab38-4467-8675-efd501240ff2|10.1.0.12:15246]|listeners:[], old=null
2024-03-04 13:03:14,996 [0de63147-ab38-4467-8675-efd501240ff2@group-2F08ED923DF5-LeaderElection54] INFO  impl.LeaderElection (LeaderElection.java:askForVotes(323)) - 0de63147-ab38-4467-8675-efd501240ff2@group-2F08ED923DF5-LeaderElection54 ELECTION round 0: result PASSED (term=1)
2024-03-04 13:03:14,996 [0de63147-ab38-4467-8675-efd501240ff2@group-2F08ED923DF5-LeaderElection54] INFO  impl.RoleInfo (RoleInfo.java:shutdownLeaderElection(130)) - 0de63147-ab38-4467-8675-efd501240ff2: shutdown 0de63147-ab38-4467-8675-efd501240ff2@group-2F08ED923DF5-LeaderElection54
2024-03-04 13:03:14,996 [0de63147-ab38-4467-8675-efd501240ff2@group-2F08ED923DF5-LeaderElection54] INFO  server.RaftServer$Division (RaftServerImpl.java:setRole(383)) - 0de63147-ab38-4467-8675-efd501240ff2@group-2F08ED923DF5: changes role from CANDIDATE to LEADER at term 1 for changeToLeader
2024-03-04 13:03:14,996 [0de63147-ab38-4467-8675-efd501240ff2@group-2F08ED923DF5-LeaderElection54] INFO  server.RaftServerConfigKeys (ConfUtils.java:logGet(46)) - raft.server.staging.catchup.gap = 1000 (default)
2024-03-04 13:03:14,997 [0de63147-ab38-4467-8675-efd501240ff2-server-thread1] INFO  ratis.XceiverServerRatis (XceiverServerRatis.java:handleLeaderChangedNotification(966)) - Leader change notification received for group: group-74C0BCD5D99E with new leaderId: 8524ad2e-bdc1-42ec-a210-9e3cb3b33839
2024-03-04 13:03:14,997 [0de63147-ab38-4467-8675-efd501240ff2-server-thread1] INFO  server.RaftServer$Division (ServerState.java:setLeader(269)) - 0de63147-ab38-4467-8675-efd501240ff2@group-74C0BCD5D99E: change Leader from null to 8524ad2e-bdc1-42ec-a210-9e3cb3b33839 at term 1 for appendEntries, leader elected after 5166ms
2024-03-04 13:03:14,997 [0de63147-ab38-4467-8675-efd501240ff2@group-2F08ED923DF5-LeaderElection54] INFO  server.RaftServerConfigKeys (ConfUtils.java:logGet(46)) - raft.server.write.element-limit = 1024 (custom)
2024-03-04 13:03:14,998 [6f4eae97-3d37-4aee-9d11-cbcb461265bf-server-thread1] INFO  server.RaftServer$Division (ServerState.java:setRaftConf(386)) - 6f4eae97-3d37-4aee-9d11-cbcb461265bf@group-74C0BCD5D99E: set configuration 0: peers:[6f4eae97-3d37-4aee-9d11-cbcb461265bf|10.1.0.12:15237, 0de63147-ab38-4467-8675-efd501240ff2|10.1.0.12:15246, 8524ad2e-bdc1-42ec-a210-9e3cb3b33839|10.1.0.12:15255]|listeners:[], old=null
2024-03-04 13:03:14,998 [0de63147-ab38-4467-8675-efd501240ff2@group-2F08ED923DF5-LeaderElection54] INFO  server.RaftServerConfigKeys (ConfUtils.java:logGet(46)) - raft.server.write.byte-limit = 1024 M (=1073741824) (custom)
2024-03-04 13:03:14,998 [6f4eae97-3d37-4aee-9d11-cbcb461265bf-server-thread1] INFO  segmented.SegmentedRaftLogWorker (SegmentedRaftLogWorker.java:startLogSegment(430)) - 6f4eae97-3d37-4aee-9d11-cbcb461265bf@group-74C0BCD5D99E-SegmentedRaftLogWorker: Starting segment from index:0
2024-03-04 13:03:14,998 [0de63147-ab38-4467-8675-efd501240ff2@group-2F08ED923DF5-LeaderElection54] INFO  server.RaftServerConfigKeys (ConfUtils.java:logGet(46)) - raft.server.watch.timeout = 180s (custom)
2024-03-04 13:03:14,998 [0de63147-ab38-4467-8675-efd501240ff2@group-2F08ED923DF5-LeaderElection54] INFO  server.RaftServerConfigKeys (ConfUtils.java:logGet(46)) - raft.server.watch.timeout.denomination = 1s (default)
2024-03-04 13:03:14,998 [0de63147-ab38-4467-8675-efd501240ff2@group-2F08ED923DF5-LeaderElection54] INFO  server.RaftServerConfigKeys (ConfUtils.java:logGet(46)) - raft.server.watch.element-limit = 65536 (default)
2024-03-04 13:03:14,998 [0de63147-ab38-4467-8675-efd501240ff2@group-2F08ED923DF5-LeaderElection54] INFO  server.RaftServerConfigKeys (ConfUtils.java:logGet(46)) - raft.server.read.leader.lease.enabled = false (default)
2024-03-04 13:03:14,998 [0de63147-ab38-4467-8675-efd501240ff2@group-2F08ED923DF5-LeaderElection54] INFO  server.RaftServerConfigKeys (ConfUtils.java:logGet(46)) - raft.server.read.leader.lease.timeout.ratio = 0.9 (default)
2024-03-04 13:03:14,998 [0de63147-ab38-4467-8675-efd501240ff2@group-2F08ED923DF5-LeaderElection54] INFO  server.RaftServerConfigKeys (ConfUtils.java:logGet(46)) - raft.server.rpc.timeout.min = 5s (custom)
2024-03-04 13:03:14,998 [0de63147-ab38-4467-8675-efd501240ff2@group-2F08ED923DF5-LeaderElection54] INFO  server.RaftServerConfigKeys (ConfUtils.java:logGet(46)) - raft.server.write.element-limit = 1024 (custom)
2024-03-04 13:03:14,998 [0de63147-ab38-4467-8675-efd501240ff2@group-2F08ED923DF5-LeaderElection54] INFO  server.RaftServerConfigKeys (ConfUtils.java:logGet(46)) - raft.server.write.follower.gap.ratio.max = -1.0 (default)
2024-03-04 13:03:14,998 [0de63147-ab38-4467-8675-efd501240ff2@group-2F08ED923DF5-LeaderElection54] INFO  impl.RoleInfo (RoleInfo.java:updateAndGet(139)) - 0de63147-ab38-4467-8675-efd501240ff2: start 0de63147-ab38-4467-8675-efd501240ff2@group-2F08ED923DF5-LeaderStateImpl
2024-03-04 13:03:14,998 [0de63147-ab38-4467-8675-efd501240ff2@group-2F08ED923DF5-LeaderElection54] INFO  server.RaftServer$Division (RaftServerImpl.java:setFirstElection(574)) - 0de63147-ab38-4467-8675-efd501240ff2@group-2F08ED923DF5: set firstElectionSinceStartup to false for becomeLeader
2024-03-04 13:03:14,999 [0de63147-ab38-4467-8675-efd501240ff2@group-2F08ED923DF5-LeaderElection54] INFO  ratis.XceiverServerRatis (XceiverServerRatis.java:handleLeaderChangedNotification(966)) - Leader change notification received for group: group-2F08ED923DF5 with new leaderId: 0de63147-ab38-4467-8675-efd501240ff2
2024-03-04 13:03:14,999 [0de63147-ab38-4467-8675-efd501240ff2@group-2F08ED923DF5-LeaderElection54] INFO  server.RaftServer$Division (ServerState.java:setLeader(269)) - 0de63147-ab38-4467-8675-efd501240ff2@group-2F08ED923DF5: change Leader from null to 0de63147-ab38-4467-8675-efd501240ff2 at term 1 for becomeLeader, leader elected after 5122ms
2024-03-04 13:03:14,999 [0de63147-ab38-4467-8675-efd501240ff2-server-thread2] INFO  server.RaftServer$Division (ServerState.java:setRaftConf(386)) - 0de63147-ab38-4467-8675-efd501240ff2@group-74C0BCD5D99E: set configuration 0: peers:[6f4eae97-3d37-4aee-9d11-cbcb461265bf|10.1.0.12:15237, 0de63147-ab38-4467-8675-efd501240ff2|10.1.0.12:15246, 8524ad2e-bdc1-42ec-a210-9e3cb3b33839|10.1.0.12:15255]|listeners:[], old=null
2024-03-04 13:03:15,000 [0de63147-ab38-4467-8675-efd501240ff2-server-thread2] INFO  segmented.SegmentedRaftLogWorker (SegmentedRaftLogWorker.java:startLogSegment(430)) - 0de63147-ab38-4467-8675-efd501240ff2@group-74C0BCD5D99E-SegmentedRaftLogWorker: Starting segment from index:0
2024-03-04 13:03:14,999 [0de63147-ab38-4467-8675-efd501240ff2@group-2F08ED923DF5-LeaderElection54] INFO  segmented.SegmentedRaftLogWorker (SegmentedRaftLogWorker.java:startLogSegment(430)) - 0de63147-ab38-4467-8675-efd501240ff2@group-2F08ED923DF5-SegmentedRaftLogWorker: Starting segment from index:0
2024-03-04 13:03:15,000 [6f4eae97-3d37-4aee-9d11-cbcb461265bf@group-74C0BCD5D99E-SegmentedRaftLogWorker] INFO  segmented.BufferedWriteChannel (BufferedWriteChannel.java:open(62)) - open log_inprogress_0 at position 0
2024-03-04 13:03:15,000 [0de63147-ab38-4467-8675-efd501240ff2@group-2F08ED923DF5-SegmentedRaftLogWorker] INFO  segmented.BufferedWriteChannel (BufferedWriteChannel.java:open(62)) - open log_inprogress_0 at position 0
2024-03-04 13:03:15,004 [0de63147-ab38-4467-8675-efd501240ff2@group-74C0BCD5D99E-SegmentedRaftLogWorker] INFO  segmented.BufferedWriteChannel (BufferedWriteChannel.java:open(62)) - open log_inprogress_0 at position 0
2024-03-04 13:03:15,005 [0de63147-ab38-4467-8675-efd501240ff2@group-2F08ED923DF5-LeaderElection54] INFO  server.RaftServer$Division (ServerState.java:setRaftConf(386)) - 0de63147-ab38-4467-8675-efd501240ff2@group-2F08ED923DF5: set configuration 0: peers:[0de63147-ab38-4467-8675-efd501240ff2|10.1.0.12:15246]|listeners:[], old=null
2024-03-04 13:03:15,006 [main] INFO  ozone.MiniOzoneClusterImpl (MiniOzoneClusterImpl.java:lambda$waitForClusterToBeReady$0(194)) - Nodes are ready. Got 3 of 3 DN Heartbeats.
2024-03-04 13:03:15,006 [main] INFO  ozone.MiniOzoneClusterImpl (MiniOzoneClusterImpl.java:lambda$waitForClusterToBeReady$0(197)) - Cluster exits safe mode
2024-03-04 13:03:15,006 [main] INFO  ozone.MiniOzoneClusterImpl (MiniOzoneClusterImpl.java:lambda$waitForClusterToBeReady$0(199)) - SCM became leader
2024-03-04 13:03:15,007 [main] INFO  protocolPB.OmTransportFactory (OmTransportFactory.java:createFactory(62)) - Loading OM transport implementation org.apache.hadoop.ozone.om.protocolPB.Hadoop3OmTransportFactory as specified by configuration.
2024-03-04 13:03:15,016 [main] INFO  om.TestOzoneManagerPrepare (TestOzoneManagerPrepare.java:setup(101)) - Waiting for OM leader election
2024-03-04 13:03:15,017 [6f4eae97-3d37-4aee-9d11-cbcb461265bf@group-74C0BCD5D99E-SegmentedRaftLogWorker] INFO  segmented.SegmentedRaftLogWorker (SegmentedRaftLogWorker.java:execute(634)) - 6f4eae97-3d37-4aee-9d11-cbcb461265bf@group-74C0BCD5D99E-SegmentedRaftLogWorker: created new log segment /home/runner/work/ozone/ozone/hadoop-ozone/integration-test/target/test-dir/MiniOzoneClusterImpl-a24c3557-08b1-4f8b-a0f8-6c13b4e42376/ozone-meta/datanode-1/ratis/67e9053d-a29c-437d-b32c-74c0bcd5d99e/current/log_inprogress_0
2024-03-04 13:03:15,017 [0de63147-ab38-4467-8675-efd501240ff2@group-74C0BCD5D99E-SegmentedRaftLogWorker] INFO  segmented.SegmentedRaftLogWorker (SegmentedRaftLogWorker.java:execute(634)) - 0de63147-ab38-4467-8675-efd501240ff2@group-74C0BCD5D99E-SegmentedRaftLogWorker: created new log segment /home/runner/work/ozone/ozone/hadoop-ozone/integration-test/target/test-dir/MiniOzoneClusterImpl-a24c3557-08b1-4f8b-a0f8-6c13b4e42376/ozone-meta/datanode-2/ratis/67e9053d-a29c-437d-b32c-74c0bcd5d99e/current/log_inprogress_0
2024-03-04 13:03:15,017 [0de63147-ab38-4467-8675-efd501240ff2@group-2F08ED923DF5-SegmentedRaftLogWorker] INFO  segmented.SegmentedRaftLogWorker (SegmentedRaftLogWorker.java:execute(634)) - 0de63147-ab38-4467-8675-efd501240ff2@group-2F08ED923DF5-SegmentedRaftLogWorker: created new log segment /home/runner/work/ozone/ozone/hadoop-ozone/integration-test/target/test-dir/MiniOzoneClusterImpl-a24c3557-08b1-4f8b-a0f8-6c13b4e42376/ozone-meta/datanode-2/ratis/035b6d65-f766-4335-aa7c-2f08ed923df5/current/log_inprogress_0
2024-03-04 13:03:15,021 [0de63147-ab38-4467-8675-efd501240ff2@group-2F08ED923DF5-StateMachineUpdater] INFO  server.RaftServer$Division (LeaderStateImpl.java:isApplied(320)) - leader is ready since appliedIndex == 0 >= startIndex == 0
2024-03-04 13:03:15,021 [8524ad2e-bdc1-42ec-a210-9e3cb3b33839@group-74C0BCD5D99E-StateMachineUpdater] INFO  server.RaftServer$Division (LeaderStateImpl.java:isApplied(320)) - leader is ready since appliedIndex == 0 >= startIndex == 0
2024-03-04 13:03:15,025 [omNode-1-OMStateMachineApplyTransactionThread - 0] INFO  upgrade.OMCancelPrepareRequest (OMCancelPrepareRequest.java:validateAndUpdateCache(54)) - OM omNode-1 Received cancel prepare request with log (t:1, i:1)
2024-03-04 13:03:15,025 [omNode-1-OMStateMachineApplyTransactionThread - 0] INFO  upgrade.OMCancelPrepareRequest (OMCancelPrepareRequest.java:validateAndUpdateCache(82)) - OM omNode-1 prepare state cancelled at log (t:1, i:1). Returning response 
2024-03-04 13:03:15,025 [omNode-2-OMStateMachineApplyTransactionThread - 0] INFO  upgrade.OMCancelPrepareRequest (OMCancelPrepareRequest.java:validateAndUpdateCache(54)) - OM omNode-2 Received cancel prepare request with log (t:1, i:1)
2024-03-04 13:03:15,027 [omNode-2-OMStateMachineApplyTransactionThread - 0] INFO  upgrade.OMCancelPrepareRequest (OMCancelPrepareRequest.java:validateAndUpdateCache(82)) - OM omNode-2 prepare state cancelled at log (t:1, i:1). Returning response 
2024-03-04 13:03:15,027 [omNode-3-OMStateMachineApplyTransactionThread - 0] INFO  upgrade.OMCancelPrepareRequest (OMCancelPrepareRequest.java:validateAndUpdateCache(54)) - OM omNode-3 Received cancel prepare request with log (t:1, i:1)
2024-03-04 13:03:15,029 [omNode-3-OMStateMachineApplyTransactionThread - 0] INFO  upgrade.OMCancelPrepareRequest (OMCancelPrepareRequest.java:validateAndUpdateCache(82)) - OM omNode-3 prepare state cancelled at log (t:1, i:1). Returning response 
2024-03-04 13:03:15,032 [main] INFO  rpc.RpcClient (RpcClient.java:createVolume(466)) - Creating Volume: vol, with runner as owner and space quota set to -1 bytes, counts quota set to -1
2024-03-04 13:03:15,034 [omNode-1-OMStateMachineApplyTransactionThread - 0] INFO  volume.OMVolumeCreateRequest (OMVolumeCreateRequest.java:validateAndUpdateCache(198)) - created volume:vol for user:runner
2024-03-04 13:03:15,036 [omNode-2-OMStateMachineApplyTransactionThread - 0] INFO  volume.OMVolumeCreateRequest (OMVolumeCreateRequest.java:validateAndUpdateCache(198)) - created volume:vol for user:runner
2024-03-04 13:03:15,037 [omNode-3-OMStateMachineApplyTransactionThread - 0] INFO  volume.OMVolumeCreateRequest (OMVolumeCreateRequest.java:validateAndUpdateCache(198)) - created volume:vol for user:runner
2024-03-04 13:03:15,044 [main] INFO  rpc.RpcClient (RpcClient.java:createVolume(466)) - Creating Volume: volumed8b0b31f-f7be-4e2f-adb4-03acb6b7c7a2, with runner as owner and space quota set to -1 bytes, counts quota set to -1
2024-03-04 13:03:15,048 [omNode-1-OMStateMachineApplyTransactionThread - 0] INFO  volume.OMVolumeCreateRequest (OMVolumeCreateRequest.java:validateAndUpdateCache(198)) - created volume:volumed8b0b31f-f7be-4e2f-adb4-03acb6b7c7a2 for user:runner
2024-03-04 13:03:15,050 [omNode-2-OMStateMachineApplyTransactionThread - 0] INFO  volume.OMVolumeCreateRequest (OMVolumeCreateRequest.java:validateAndUpdateCache(198)) - created volume:volumed8b0b31f-f7be-4e2f-adb4-03acb6b7c7a2 for user:runner
2024-03-04 13:03:15,050 [omNode-3-OMStateMachineApplyTransactionThread - 0] INFO  volume.OMVolumeCreateRequest (OMVolumeCreateRequest.java:validateAndUpdateCache(198)) - created volume:volumed8b0b31f-f7be-4e2f-adb4-03acb6b7c7a2 for user:runner
2024-03-04 13:03:15,051 [main] INFO  rpc.RpcClient (RpcClient.java:createBucket(692)) - Creating Bucket: volumed8b0b31f-f7be-4e2f-adb4-03acb6b7c7a2/bucket, with server-side default bucket layout, runner as owner, Versioning false, Storage Type set to DISK and Encryption set to false, Replication Type set to server-side default replication type, Namespace Quota set to -1, Space Quota set to -1 
2024-03-04 13:03:15,052 [omNode-1-OMStateMachineApplyTransactionThread - 0] INFO  bucket.OMBucketCreateRequest (OMBucketCreateRequest.java:validateAndUpdateCache(292)) - created bucket: bucket of layout OBJECT_STORE in volume: volumed8b0b31f-f7be-4e2f-adb4-03acb6b7c7a2
2024-03-04 13:03:15,054 [omNode-3-OMStateMachineApplyTransactionThread - 0] INFO  bucket.OMBucketCreateRequest (OMBucketCreateRequest.java:validateAndUpdateCache(292)) - created bucket: bucket of layout OBJECT_STORE in volume: volumed8b0b31f-f7be-4e2f-adb4-03acb6b7c7a2
2024-03-04 13:03:15,054 [omNode-2-OMStateMachineApplyTransactionThread - 0] INFO  bucket.OMBucketCreateRequest (OMBucketCreateRequest.java:validateAndUpdateCache(292)) - created bucket: bucket of layout OBJECT_STORE in volume: volumed8b0b31f-f7be-4e2f-adb4-03acb6b7c7a2
2024-03-04 13:03:15,062 [IPC Server handler 4 on default port 15216] INFO  ha.SequenceIdGenerator (SequenceIdGenerator.java:getNextId(145)) - Allocate a batch for containerId, change lastId from 0 to 1000.
2024-03-04 13:03:15,062 [IPC Server handler 4 on default port 15216] WARN  ha.SequenceIdGenerator (SequenceIdGenerator.java:allocateBatch(258)) - Failed to allocate a batch for localId, expected lastId is 0, actual lastId is 113750153625600000.
2024-03-04 13:03:15,062 [IPC Server handler 4 on default port 15216] INFO  ha.SequenceIdGenerator (SequenceIdGenerator.java:getNextId(145)) - Allocate a batch for localId, change lastId from 113750153625600000 to 113750153625601000.
2024-03-04 13:03:15,193 [8524ad2e-bdc1-42ec-a210-9e3cb3b33839@group-70AF2616011F-FollowerState] INFO  impl.FollowerState (FollowerState.java:run(143)) - 8524ad2e-bdc1-42ec-a210-9e3cb3b33839@group-70AF2616011F-FollowerState: change to CANDIDATE, lastRpcElapsedTime:5171456053ns, electionTimeout:5171ms
2024-03-04 13:03:15,193 [8524ad2e-bdc1-42ec-a210-9e3cb3b33839@group-70AF2616011F-FollowerState] INFO  impl.RoleInfo (RoleInfo.java:shutdownFollowerState(110)) - 8524ad2e-bdc1-42ec-a210-9e3cb3b33839: shutdown 8524ad2e-bdc1-42ec-a210-9e3cb3b33839@group-70AF2616011F-FollowerState
2024-03-04 13:03:15,193 [8524ad2e-bdc1-42ec-a210-9e3cb3b33839@group-70AF2616011F-FollowerState] INFO  server.RaftServer$Division (RaftServerImpl.java:setRole(383)) - 8524ad2e-bdc1-42ec-a210-9e3cb3b33839@group-70AF2616011F: changes role from  FOLLOWER to CANDIDATE at term 0 for changeToCandidate
2024-03-04 13:03:15,193 [8524ad2e-bdc1-42ec-a210-9e3cb3b33839@group-70AF2616011F-FollowerState] INFO  server.RaftServerConfigKeys (ConfUtils.java:logGet(46)) - raft.server.leaderelection.pre-vote = true (default)
2024-03-04 13:03:15,193 [8524ad2e-bdc1-42ec-a210-9e3cb3b33839@group-70AF2616011F-FollowerState] INFO  impl.RoleInfo (RoleInfo.java:updateAndGet(139)) - 8524ad2e-bdc1-42ec-a210-9e3cb3b33839: start 8524ad2e-bdc1-42ec-a210-9e3cb3b33839@group-70AF2616011F-LeaderElection55
2024-03-04 13:03:15,199 [8524ad2e-bdc1-42ec-a210-9e3cb3b33839@group-70AF2616011F-LeaderElection55] INFO  impl.LeaderElection (LeaderElection.java:askForVotes(321)) - 8524ad2e-bdc1-42ec-a210-9e3cb3b33839@group-70AF2616011F-LeaderElection55 PRE_VOTE round 0: submit vote requests at term 0 for -1: peers:[8524ad2e-bdc1-42ec-a210-9e3cb3b33839|10.1.0.12:15255]|listeners:[], old=null
2024-03-04 13:03:15,200 [8524ad2e-bdc1-42ec-a210-9e3cb3b33839@group-70AF2616011F-LeaderElection55] INFO  impl.LeaderElection (LeaderElection.java:askForVotes(323)) - 8524ad2e-bdc1-42ec-a210-9e3cb3b33839@group-70AF2616011F-LeaderElection55 PRE_VOTE round 0: result PASSED (term=0)
2024-03-04 13:03:15,205 [8524ad2e-bdc1-42ec-a210-9e3cb3b33839@group-70AF2616011F-LeaderElection55] INFO  impl.LeaderElection (LeaderElection.java:askForVotes(321)) - 8524ad2e-bdc1-42ec-a210-9e3cb3b33839@group-70AF2616011F-LeaderElection55 ELECTION round 0: submit vote requests at term 1 for -1: peers:[8524ad2e-bdc1-42ec-a210-9e3cb3b33839|10.1.0.12:15255]|listeners:[], old=null
2024-03-04 13:03:15,205 [8524ad2e-bdc1-42ec-a210-9e3cb3b33839@group-70AF2616011F-LeaderElection55] INFO  impl.LeaderElection (LeaderElection.java:askForVotes(323)) - 8524ad2e-bdc1-42ec-a210-9e3cb3b33839@group-70AF2616011F-LeaderElection55 ELECTION round 0: result PASSED (term=1)
2024-03-04 13:03:15,205 [8524ad2e-bdc1-42ec-a210-9e3cb3b33839@group-70AF2616011F-LeaderElection55] INFO  impl.RoleInfo (RoleInfo.java:shutdownLeaderElection(130)) - 8524ad2e-bdc1-42ec-a210-9e3cb3b33839: shutdown 8524ad2e-bdc1-42ec-a210-9e3cb3b33839@group-70AF2616011F-LeaderElection55
2024-03-04 13:03:15,205 [8524ad2e-bdc1-42ec-a210-9e3cb3b33839@group-70AF2616011F-LeaderElection55] INFO  server.RaftServer$Division (RaftServerImpl.java:setRole(383)) - 8524ad2e-bdc1-42ec-a210-9e3cb3b33839@group-70AF2616011F: changes role from CANDIDATE to LEADER at term 1 for changeToLeader
2024-03-04 13:03:15,205 [8524ad2e-bdc1-42ec-a210-9e3cb3b33839@group-70AF2616011F-LeaderElection55] INFO  server.RaftServerConfigKeys (ConfUtils.java:logGet(46)) - raft.server.staging.catchup.gap = 1000 (default)
2024-03-04 13:03:15,208 [8524ad2e-bdc1-42ec-a210-9e3cb3b33839@group-70AF2616011F-LeaderElection55] INFO  server.RaftServerConfigKeys (ConfUtils.java:logGet(46)) - raft.server.write.element-limit = 1024 (custom)
2024-03-04 13:03:15,208 [8524ad2e-bdc1-42ec-a210-9e3cb3b33839@group-70AF2616011F-LeaderElection55] INFO  server.RaftServerConfigKeys (ConfUtils.java:logGet(46)) - raft.server.write.byte-limit = 1024 M (=1073741824) (custom)
2024-03-04 13:03:15,208 [8524ad2e-bdc1-42ec-a210-9e3cb3b33839@group-70AF2616011F-LeaderElection55] INFO  server.RaftServerConfigKeys (ConfUtils.java:logGet(46)) - raft.server.watch.timeout = 180s (custom)
2024-03-04 13:03:15,208 [8524ad2e-bdc1-42ec-a210-9e3cb3b33839@group-70AF2616011F-LeaderElection55] INFO  server.RaftServerConfigKeys (ConfUtils.java:logGet(46)) - raft.server.watch.timeout.denomination = 1s (default)
2024-03-04 13:03:15,208 [8524ad2e-bdc1-42ec-a210-9e3cb3b33839@group-70AF2616011F-LeaderElection55] INFO  server.RaftServerConfigKeys (ConfUtils.java:logGet(46)) - raft.server.watch.element-limit = 65536 (default)
2024-03-04 13:03:15,208 [8524ad2e-bdc1-42ec-a210-9e3cb3b33839@group-70AF2616011F-LeaderElection55] INFO  server.RaftServerConfigKeys (ConfUtils.java:logGet(46)) - raft.server.read.leader.lease.enabled = false (default)
2024-03-04 13:03:15,208 [8524ad2e-bdc1-42ec-a210-9e3cb3b33839@group-70AF2616011F-LeaderElection55] INFO  server.RaftServerConfigKeys (ConfUtils.java:logGet(46)) - raft.server.read.leader.lease.timeout.ratio = 0.9 (default)
2024-03-04 13:03:15,208 [8524ad2e-bdc1-42ec-a210-9e3cb3b33839@group-70AF2616011F-LeaderElection55] INFO  server.RaftServerConfigKeys (ConfUtils.java:logGet(46)) - raft.server.rpc.timeout.min = 5s (custom)
2024-03-04 13:03:15,208 [8524ad2e-bdc1-42ec-a210-9e3cb3b33839@group-70AF2616011F-LeaderElection55] INFO  server.RaftServerConfigKeys (ConfUtils.java:logGet(46)) - raft.server.write.element-limit = 1024 (custom)
2024-03-04 13:03:15,208 [8524ad2e-bdc1-42ec-a210-9e3cb3b33839@group-70AF2616011F-LeaderElection55] INFO  server.RaftServerConfigKeys (ConfUtils.java:logGet(46)) - raft.server.write.follower.gap.ratio.max = -1.0 (default)
2024-03-04 13:03:15,208 [8524ad2e-bdc1-42ec-a210-9e3cb3b33839@group-70AF2616011F-LeaderElection55] INFO  impl.RoleInfo (RoleInfo.java:updateAndGet(139)) - 8524ad2e-bdc1-42ec-a210-9e3cb3b33839: start 8524ad2e-bdc1-42ec-a210-9e3cb3b33839@group-70AF2616011F-LeaderStateImpl
2024-03-04 13:03:15,208 [8524ad2e-bdc1-42ec-a210-9e3cb3b33839@group-70AF2616011F-LeaderElection55] INFO  server.RaftServer$Division (RaftServerImpl.java:setFirstElection(574)) - 8524ad2e-bdc1-42ec-a210-9e3cb3b33839@group-70AF2616011F: set firstElectionSinceStartup to false for becomeLeader
2024-03-04 13:03:15,208 [8524ad2e-bdc1-42ec-a210-9e3cb3b33839@group-70AF2616011F-LeaderElection55] INFO  ratis.XceiverServerRatis (XceiverServerRatis.java:handleLeaderChangedNotification(966)) - Leader change notification received for group: group-70AF2616011F with new leaderId: 8524ad2e-bdc1-42ec-a210-9e3cb3b33839
2024-03-04 13:03:15,208 [8524ad2e-bdc1-42ec-a210-9e3cb3b33839@group-70AF2616011F-LeaderElection55] INFO  server.RaftServer$Division (ServerState.java:setLeader(269)) - 8524ad2e-bdc1-42ec-a210-9e3cb3b33839@group-70AF2616011F: change Leader from null to 8524ad2e-bdc1-42ec-a210-9e3cb3b33839 at term 1 for becomeLeader, leader elected after 5196ms
2024-03-04 13:03:15,208 [8524ad2e-bdc1-42ec-a210-9e3cb3b33839@group-70AF2616011F-LeaderElection55] INFO  segmented.SegmentedRaftLogWorker (SegmentedRaftLogWorker.java:startLogSegment(430)) - 8524ad2e-bdc1-42ec-a210-9e3cb3b33839@group-70AF2616011F-SegmentedRaftLogWorker: Starting segment from index:0
2024-03-04 13:03:15,210 [8524ad2e-bdc1-42ec-a210-9e3cb3b33839@group-70AF2616011F-LeaderElection55] INFO  server.RaftServer$Division (ServerState.java:setRaftConf(386)) - 8524ad2e-bdc1-42ec-a210-9e3cb3b33839@group-70AF2616011F: set configuration 0: peers:[8524ad2e-bdc1-42ec-a210-9e3cb3b33839|10.1.0.12:15255]|listeners:[], old=null
2024-03-04 13:03:15,211 [8524ad2e-bdc1-42ec-a210-9e3cb3b33839@group-70AF2616011F-SegmentedRaftLogWorker] INFO  segmented.BufferedWriteChannel (BufferedWriteChannel.java:open(62)) - open log_inprogress_0 at position 0
2024-03-04 13:03:15,217 [8524ad2e-bdc1-42ec-a210-9e3cb3b33839@group-70AF2616011F-SegmentedRaftLogWorker] INFO  segmented.SegmentedRaftLogWorker (SegmentedRaftLogWorker.java:execute(634)) - 8524ad2e-bdc1-42ec-a210-9e3cb3b33839@group-70AF2616011F-SegmentedRaftLogWorker: created new log segment /home/runner/work/ozone/ozone/hadoop-ozone/integration-test/target/test-dir/MiniOzoneClusterImpl-a24c3557-08b1-4f8b-a0f8-6c13b4e42376/ozone-meta/datanode-3/ratis/d42c254f-247b-4e04-80bc-70af2616011f/current/log_inprogress_0
2024-03-04 13:03:15,219 [8524ad2e-bdc1-42ec-a210-9e3cb3b33839@group-70AF2616011F-StateMachineUpdater] INFO  server.RaftServer$Division (LeaderStateImpl.java:isApplied(320)) - leader is ready since appliedIndex == 0 >= startIndex == 0
2024-03-04 13:03:15,301 [omNode-2@group-523986131536-StateMachineUpdater] INFO  ratis.OzoneManagerStateMachine (OzoneManagerStateMachine.java:takeSnapshotImpl(467)) -  applied = (t:1, i:49)
2024-03-04 13:03:15,301 [omNode-2@group-523986131536-StateMachineUpdater] INFO  ratis.OzoneManagerStateMachine (OzoneManagerStateMachine.java:takeSnapshotImpl(468)) -  skipped = 49
2024-03-04 13:03:15,301 [omNode-2@group-523986131536-StateMachineUpdater] INFO  ratis.OzoneManagerStateMachine (OzoneManagerStateMachine.java:takeSnapshotImpl(469)) - notified = (t:1, i:50)
2024-03-04 13:03:15,301 [omNode-2@group-523986131536-StateMachineUpdater] INFO  ratis.OzoneManagerStateMachine (OzoneManagerStateMachine.java:takeSnapshotImpl(470)) - snapshot = (t:1, i:50)
2024-03-04 13:03:15,301 [omNode-3@group-523986131536-StateMachineUpdater] INFO  ratis.OzoneManagerStateMachine (OzoneManagerStateMachine.java:takeSnapshotImpl(467)) -  applied = (t:1, i:49)
2024-03-04 13:03:15,301 [omNode-3@group-523986131536-StateMachineUpdater] INFO  ratis.OzoneManagerStateMachine (OzoneManagerStateMachine.java:takeSnapshotImpl(468)) -  skipped = 49
2024-03-04 13:03:15,301 [omNode-3@group-523986131536-StateMachineUpdater] INFO  ratis.OzoneManagerStateMachine (OzoneManagerStateMachine.java:takeSnapshotImpl(469)) - notified = (t:1, i:50)
2024-03-04 13:03:15,301 [omNode-3@group-523986131536-StateMachineUpdater] INFO  ratis.OzoneManagerStateMachine (OzoneManagerStateMachine.java:takeSnapshotImpl(470)) - snapshot = (t:1, i:50)
2024-03-04 13:03:15,302 [omNode-1-OMStateMachineApplyTransactionThread - 0] INFO  upgrade.OMPrepareRequest (OMPrepareRequest.java:validateAndUpdateCache(69)) - OM omNode-1 Received prepare request with log (t:1, i:51)
2024-03-04 13:03:15,302 [omNode-1-OMStateMachineApplyTransactionThread - 0] INFO  upgrade.OMPrepareRequest (OMPrepareRequest.java:waitForLogIndex(184)) - omNode-1 waiting for index 51 to flush to OM DB and index 52 to flush to Ratis state machine.
2024-03-04 13:03:15,315 [omNode-2@group-523986131536-StateMachineUpdater] INFO  impl.StateMachineUpdater (StateMachineUpdater.java:takeSnapshot(295)) - omNode-2@group-523986131536-StateMachineUpdater: Took a snapshot at index 50
2024-03-04 13:03:15,315 [omNode-2@group-523986131536-StateMachineUpdater] INFO  impl.StateMachineUpdater (StateMachineUpdater.java:lambda$new$0(98)) - omNode-2@group-523986131536-StateMachineUpdater: snapshotIndex: updateIncreasingly -1 -> 50
2024-03-04 13:03:15,315 [omNode-2@group-523986131536-StateMachineUpdater] INFO  raftlog.RaftLog (RaftLogBase.java:purge(330)) - omNode-2@group-523986131536-SegmentedRaftLog: purge 50
2024-03-04 13:03:15,315 [omNode-2@group-523986131536-StateMachineUpdater] INFO  raftlog.RaftLog (RaftLogBase.java:lambda$new$0(54)) - omNode-2@group-523986131536-SegmentedRaftLog: snapshotIndex: updateIncreasingly -1 -> 50
2024-03-04 13:03:15,315 [omNode-2@group-523986131536-StateMachineUpdater] INFO  raftlog.RaftLog (RaftLogBase.java:lambda$new$0(54)) - omNode-2@group-523986131536-SegmentedRaftLog: purgeIndex: updateToMax old=-1, new=50, updated? true
2024-03-04 13:03:15,315 [omNode-2-OMStateMachineApplyTransactionThread - 0] INFO  upgrade.OMPrepareRequest (OMPrepareRequest.java:validateAndUpdateCache(69)) - OM omNode-2 Received prepare request with log (t:1, i:51)
2024-03-04 13:03:15,315 [omNode-2-OMStateMachineApplyTransactionThread - 0] INFO  upgrade.OMPrepareRequest (OMPrepareRequest.java:waitForLogIndex(184)) - omNode-2 waiting for index 51 to flush to OM DB and index 52 to flush to Ratis state machine.
2024-03-04 13:03:15,317 [omNode-3@group-523986131536-StateMachineUpdater] INFO  impl.StateMachineUpdater (StateMachineUpdater.java:takeSnapshot(295)) - omNode-3@group-523986131536-StateMachineUpdater: Took a snapshot at index 50
2024-03-04 13:03:15,317 [omNode-3@group-523986131536-StateMachineUpdater] INFO  impl.StateMachineUpdater (StateMachineUpdater.java:lambda$new$0(98)) - omNode-3@group-523986131536-StateMachineUpdater: snapshotIndex: updateIncreasingly -1 -> 50
2024-03-04 13:03:15,317 [omNode-3@group-523986131536-StateMachineUpdater] INFO  raftlog.RaftLog (RaftLogBase.java:purge(330)) - omNode-3@group-523986131536-SegmentedRaftLog: purge 50
2024-03-04 13:03:15,317 [omNode-3@group-523986131536-StateMachineUpdater] INFO  raftlog.RaftLog (RaftLogBase.java:lambda$new$0(54)) - omNode-3@group-523986131536-SegmentedRaftLog: snapshotIndex: updateIncreasingly -1 -> 50
2024-03-04 13:03:15,317 [omNode-3@group-523986131536-StateMachineUpdater] INFO  raftlog.RaftLog (RaftLogBase.java:lambda$new$0(54)) - omNode-3@group-523986131536-SegmentedRaftLog: purgeIndex: updateToMax old=-1, new=50, updated? true
2024-03-04 13:03:15,317 [omNode-3-OMStateMachineApplyTransactionThread - 0] INFO  upgrade.OMPrepareRequest (OMPrepareRequest.java:validateAndUpdateCache(69)) - OM omNode-3 Received prepare request with log (t:1, i:51)
2024-03-04 13:03:15,318 [omNode-3-OMStateMachineApplyTransactionThread - 0] INFO  upgrade.OMPrepareRequest (OMPrepareRequest.java:waitForLogIndex(184)) - omNode-3 waiting for index 51 to flush to OM DB and index 52 to flush to Ratis state machine.
2024-03-04 13:03:20,315 [omNode-2-OMStateMachineApplyTransactionThread - 0] INFO  ratis.OzoneManagerStateMachine (OzoneManagerStateMachine.java:takeSnapshotImpl(467)) -  applied = (t:1, i:51)
2024-03-04 13:03:20,316 [omNode-2-OMStateMachineApplyTransactionThread - 0] INFO  ratis.OzoneManagerStateMachine (OzoneManagerStateMachine.java:takeSnapshotImpl(468)) -  skipped = 51
2024-03-04 13:03:20,316 [omNode-2-OMStateMachineApplyTransactionThread - 0] INFO  ratis.OzoneManagerStateMachine (OzoneManagerStateMachine.java:takeSnapshotImpl(469)) - notified = (t:1, i:52)
2024-03-04 13:03:20,316 [omNode-2-OMStateMachineApplyTransactionThread - 0] INFO  ratis.OzoneManagerStateMachine (OzoneManagerStateMachine.java:takeSnapshotImpl(470)) - snapshot = (t:1, i:52)
2024-03-04 13:03:20,318 [omNode-3-OMStateMachineApplyTransactionThread - 0] INFO  ratis.OzoneManagerStateMachine (OzoneManagerStateMachine.java:takeSnapshotImpl(467)) -  applied = (t:1, i:51)
2024-03-04 13:03:20,318 [omNode-3-OMStateMachineApplyTransactionThread - 0] INFO  ratis.OzoneManagerStateMachine (OzoneManagerStateMachine.java:takeSnapshotImpl(468)) -  skipped = 51
2024-03-04 13:03:20,318 [omNode-3-OMStateMachineApplyTransactionThread - 0] INFO  ratis.OzoneManagerStateMachine (OzoneManagerStateMachine.java:takeSnapshotImpl(469)) - notified = (t:1, i:52)
2024-03-04 13:03:20,318 [omNode-3-OMStateMachineApplyTransactionThread - 0] INFO  ratis.OzoneManagerStateMachine (OzoneManagerStateMachine.java:takeSnapshotImpl(470)) - snapshot = (t:1, i:52)
2024-03-04 13:03:20,319 [omNode-2-OMStateMachineApplyTransactionThread - 0] INFO  upgrade.OMPrepareRequest (OMPrepareRequest.java:takeSnapshotAndPurgeLogs(238)) - takeSnapshot at 52 for prepareIndex 52
2024-03-04 13:03:20,320 [omNode-2-OMStateMachineApplyTransactionThread - 0] INFO  raftlog.RaftLog (RaftLogBase.java:lambda$new$0(54)) - omNode-2@group-523986131536-SegmentedRaftLog: snapshotIndex: updateIncreasingly 50 -> 52
2024-03-04 13:03:20,320 [omNode-2-OMStateMachineApplyTransactionThread - 0] INFO  segmented.SegmentedRaftLogWorker (SegmentedRaftLogWorker.java:lambda$new$0(134)) - omNode-2@group-523986131536-SegmentedRaftLogWorker: safeCacheEvictIndex: setUnconditionally -1 -> 52
2024-03-04 13:03:20,320 [omNode-2-OMStateMachineApplyTransactionThread - 0] INFO  segmented.SegmentedRaftLogWorker (SegmentedRaftLogWorker.java:closeLogSegment(451)) - omNode-2@group-523986131536-SegmentedRaftLogWorker: Closing segment log_inprogress_0 to index: 52
2024-03-04 13:03:20,321 [omNode-2@group-523986131536-SegmentedRaftLogWorker] INFO  segmented.SegmentedRaftLogWorker (SegmentedRaftLogWorker.java:execute(591)) - omNode-2@group-523986131536-SegmentedRaftLogWorker: Rolled log segment from /home/runner/work/ozone/ozone/hadoop-ozone/integration-test/target/test-dir/MiniOzoneClusterImpl-a24c3557-08b1-4f8b-a0f8-6c13b4e42376/omNode-2/ratis/c9bc4cf4-3bc3-3c60-a66b-523986131536/current/log_inprogress_0 to /home/runner/work/ozone/ozone/hadoop-ozone/integration-test/target/test-dir/MiniOzoneClusterImpl-a24c3557-08b1-4f8b-a0f8-6c13b4e42376/omNode-2/ratis/c9bc4cf4-3bc3-3c60-a66b-523986131536/current/log_0-52
2024-03-04 13:03:20,321 [omNode-2-OMStateMachineApplyTransactionThread - 0] INFO  om.OzoneManagerPrepareState (OzoneManagerPrepareState.java:writePrepareMarkerFile(262)) - Prepare marker file written with log index 51 to file /home/runner/work/ozone/ozone/hadoop-ozone/integration-test/target/test-dir/MiniOzoneClusterImpl-a24c3557-08b1-4f8b-a0f8-6c13b4e42376/omNode-2/current/prepareMarker
2024-03-04 13:03:20,321 [omNode-2-OMStateMachineApplyTransactionThread - 0] INFO  upgrade.OMPrepareRequest (OMPrepareRequest.java:validateAndUpdateCache(122)) - OM omNode-2 prepared at log index 51. Returning response txnID: 51
 with log index 51
2024-03-04 13:03:20,322 [omNode-3-OMStateMachineApplyTransactionThread - 0] INFO  upgrade.OMPrepareRequest (OMPrepareRequest.java:takeSnapshotAndPurgeLogs(238)) - takeSnapshot at 52 for prepareIndex 52
2024-03-04 13:03:20,322 [omNode-3-OMStateMachineApplyTransactionThread - 0] INFO  raftlog.RaftLog (RaftLogBase.java:lambda$new$0(54)) - omNode-3@group-523986131536-SegmentedRaftLog: snapshotIndex: updateIncreasingly 50 -> 52
2024-03-04 13:03:20,322 [omNode-3-OMStateMachineApplyTransactionThread - 0] INFO  segmented.SegmentedRaftLogWorker (SegmentedRaftLogWorker.java:lambda$new$0(134)) - omNode-3@group-523986131536-SegmentedRaftLogWorker: safeCacheEvictIndex: setUnconditionally -1 -> 52
2024-03-04 13:03:20,322 [omNode-3-OMStateMachineApplyTransactionThread - 0] INFO  segmented.SegmentedRaftLogWorker (SegmentedRaftLogWorker.java:closeLogSegment(451)) - omNode-3@group-523986131536-SegmentedRaftLogWorker: Closing segment log_inprogress_0 to index: 52
2024-03-04 13:03:20,323 [omNode-3@group-523986131536-SegmentedRaftLogWorker] INFO  segmented.SegmentedRaftLogWorker (SegmentedRaftLogWorker.java:execute(591)) - omNode-3@group-523986131536-SegmentedRaftLogWorker: Rolled log segment from /home/runner/work/ozone/ozone/hadoop-ozone/integration-test/target/test-dir/MiniOzoneClusterImpl-a24c3557-08b1-4f8b-a0f8-6c13b4e42376/omNode-3/ratis/c9bc4cf4-3bc3-3c60-a66b-523986131536/current/log_inprogress_0 to /home/runner/work/ozone/ozone/hadoop-ozone/integration-test/target/test-dir/MiniOzoneClusterImpl-a24c3557-08b1-4f8b-a0f8-6c13b4e42376/omNode-3/ratis/c9bc4cf4-3bc3-3c60-a66b-523986131536/current/log_0-52
2024-03-04 13:03:20,323 [omNode-3-OMStateMachineApplyTransactionThread - 0] INFO  om.OzoneManagerPrepareState (OzoneManagerPrepareState.java:writePrepareMarkerFile(262)) - Prepare marker file written with log index 51 to file /home/runner/work/ozone/ozone/hadoop-ozone/integration-test/target/test-dir/MiniOzoneClusterImpl-a24c3557-08b1-4f8b-a0f8-6c13b4e42376/omNode-3/current/prepareMarker
2024-03-04 13:03:20,323 [omNode-3-OMStateMachineApplyTransactionThread - 0] INFO  upgrade.OMPrepareRequest (OMPrepareRequest.java:validateAndUpdateCache(122)) - OM omNode-3 prepared at log index 51. Returning response txnID: 51
 with log index 51
2024-03-04 13:04:04,828 [6f4eae97-3d37-4aee-9d11-cbcb461265bf-BlockDeletingService#0] INFO  interfaces.ContainerDeletionChoosingPolicyTemplate (ContainerDeletionChoosingPolicyTemplate.java:chooseContainerForBlockDeletion(85)) - Chosen 0/5000 blocks from 0 candidate containers.
2024-03-04 13:04:04,904 [0de63147-ab38-4467-8675-efd501240ff2-BlockDeletingService#0] INFO  interfaces.ContainerDeletionChoosingPolicyTemplate (ContainerDeletionChoosingPolicyTemplate.java:chooseContainerForBlockDeletion(85)) - Chosen 0/5000 blocks from 0 candidate containers.
2024-03-04 13:04:05,050 [8524ad2e-bdc1-42ec-a210-9e3cb3b33839-BlockDeletingService#0] INFO  interfaces.ContainerDeletionChoosingPolicyTemplate (ContainerDeletionChoosingPolicyTemplate.java:chooseContainerForBlockDeletion(85)) - Chosen 0/5000 blocks from 0 candidate containers.
2024-03-04 13:05:04,830 [6f4eae97-3d37-4aee-9d11-cbcb461265bf-BlockDeletingService#1] INFO  interfaces.ContainerDeletionChoosingPolicyTemplate (ContainerDeletionChoosingPolicyTemplate.java:chooseContainerForBlockDeletion(85)) - Chosen 0/5000 blocks from 0 candidate containers.
2024-03-04 13:05:04,906 [0de63147-ab38-4467-8675-efd501240ff2-BlockDeletingService#1] INFO  interfaces.ContainerDeletionChoosingPolicyTemplate (ContainerDeletionChoosingPolicyTemplate.java:chooseContainerForBlockDeletion(85)) - Chosen 0/5000 blocks from 0 candidate containers.
2024-03-04 13:05:05,051 [8524ad2e-bdc1-42ec-a210-9e3cb3b33839-BlockDeletingService#1] INFO  interfaces.ContainerDeletionChoosingPolicyTemplate (ContainerDeletionChoosingPolicyTemplate.java:chooseContainerForBlockDeletion(85)) - Chosen 0/5000 blocks from 0 candidate containers.
2024-03-04 13:05:15,308 [omNode-1-OMStateMachineApplyTransactionThread - 0] ERROR upgrade.OMPrepareRequest (OMPrepareRequest.java:validateAndUpdateCache(133)) - Prepare Request Apply failed in omNode-1. 
java.io.IOException: After waiting for 120 seconds, Ratis state machine applied index 50 which is less than the minimum required index 52.
	at org.apache.hadoop.ozone.om.request.upgrade.OMPrepareRequest.waitForLogIndex(OMPrepareRequest.java:216)
	at org.apache.hadoop.ozone.om.request.upgrade.OMPrepareRequest.validateAndUpdateCache(OMPrepareRequest.java:112)
	at org.apache.hadoop.ozone.protocolPB.OzoneManagerRequestHandler.lambda$0(OzoneManagerRequestHandler.java:397)
	at org.apache.hadoop.util.MetricUtil.captureLatencyNs(MetricUtil.java:45)
	at org.apache.hadoop.ozone.protocolPB.OzoneManagerRequestHandler.handleWriteRequestImpl(OzoneManagerRequestHandler.java:395)
	at org.apache.hadoop.ozone.protocolPB.RequestHandler.handleWriteRequest(RequestHandler.java:63)
	at org.apache.hadoop.ozone.om.ratis.OzoneManagerStateMachine.runCommand(OzoneManagerStateMachine.java:525)
	at org.apache.hadoop.ozone.om.ratis.OzoneManagerStateMachine.lambda$1(OzoneManagerStateMachine.java:343)
	at java.util.concurrent.CompletableFuture$AsyncSupply.run(CompletableFuture.java:1604)
	at java.util.concurrent.ThreadPoolExecutor.runWorker(ThreadPoolExecutor.java:1149)
	at java.util.concurrent.ThreadPoolExecutor$Worker.run(ThreadPoolExecutor.java:624)
	at java.lang.Thread.run(Thread.java:750)
2024-03-04 13:05:15,309 [omNode-1@group-523986131536-StateMachineUpdater] INFO  ratis.OzoneManagerStateMachine (OzoneManagerStateMachine.java:takeSnapshotImpl(467)) -  applied = (t:1, i:51)
2024-03-04 13:05:15,309 [omNode-1@group-523986131536-StateMachineUpdater] INFO  ratis.OzoneManagerStateMachine (OzoneManagerStateMachine.java:takeSnapshotImpl(468)) -  skipped = 49
2024-03-04 13:05:15,309 [omNode-1@group-523986131536-StateMachineUpdater] INFO  ratis.OzoneManagerStateMachine (OzoneManagerStateMachine.java:takeSnapshotImpl(469)) - notified = (t:1, i:50)
2024-03-04 13:05:15,309 [omNode-1@group-523986131536-StateMachineUpdater] INFO  ratis.OzoneManagerStateMachine (OzoneManagerStateMachine.java:takeSnapshotImpl(470)) - snapshot = (t:1, i:51)
2024-03-04 13:05:15,309 [main] INFO  om.OzoneManager (OzoneManager.java:stop(2204)) - omNode-3[localhost:15227]: Stopping Ozone Manager
2024-03-04 13:05:15,310 [main] INFO  ipc.Server (Server.java:stop(3523)) - Stopping server on 15227
2024-03-04 13:05:15,312 [IPC Server listener on 15227] INFO  ipc.Server (Server.java:run(1434)) - Stopping IPC Server listener on 15227
2024-03-04 13:05:15,313 [IPC Server Responder] INFO  ipc.Server (Server.java:run(1567)) - Stopping IPC Server Responder
2024-03-04 13:05:15,313 [main] INFO  ratis.OzoneManagerRatisServer (OzoneManagerRatisServer.java:stop(594)) - Stopping org.apache.hadoop.ozone.om.ratis.OzoneManagerRatisServer@6a1e08f9 at port 15230
2024-03-04 13:05:15,313 [main] INFO  server.RaftServer (RaftServerProxy.java:lambda$close$9(416)) - omNode-3: close
2024-03-04 13:05:15,314 [main] INFO  server.GrpcService (GrpcService.java:closeImpl(311)) - omNode-3: shutdown server GrpcServerProtocolService now
2024-03-04 13:05:15,314 [omNode-3-impl-thread2] INFO  server.RaftServer$Division (RaftServerImpl.java:lambda$close$3(526)) - omNode-3@group-523986131536: shutdown
2024-03-04 13:05:15,314 [omNode-3-impl-thread2] INFO  util.JmxRegister (JmxRegister.java:unregister(73)) - Successfully un-registered JMX Bean with object name Ratis:service=RaftServer,group=group-523986131536,id=omNode-3
2024-03-04 13:05:15,314 [omNode-3-impl-thread2] INFO  impl.RoleInfo (RoleInfo.java:shutdownFollowerState(110)) - omNode-3: shutdown omNode-3@group-523986131536-FollowerState
2024-03-04 13:05:15,314 [omNode-3@group-523986131536-StateMachineUpdater] INFO  ratis.OzoneManagerStateMachine (OzoneManagerStateMachine.java:takeSnapshotImpl(467)) -  applied = (t:1, i:51)
2024-03-04 13:05:15,314 [omNode-3@group-523986131536-StateMachineUpdater] INFO  ratis.OzoneManagerStateMachine (OzoneManagerStateMachine.java:takeSnapshotImpl(468)) -  skipped = 51
2024-03-04 13:05:15,314 [omNode-3@group-523986131536-StateMachineUpdater] INFO  ratis.OzoneManagerStateMachine (OzoneManagerStateMachine.java:takeSnapshotImpl(469)) - notified = (t:1, i:52)
2024-03-04 13:05:15,314 [omNode-3@group-523986131536-StateMachineUpdater] INFO  ratis.OzoneManagerStateMachine (OzoneManagerStateMachine.java:takeSnapshotImpl(470)) - snapshot = (t:1, i:52)
2024-03-04 13:05:15,314 [omNode-3@group-523986131536-FollowerState] INFO  impl.FollowerState (FollowerState.java:run(152)) - omNode-3@group-523986131536-FollowerState was interrupted
2024-03-04 13:05:15,315 [omNode-3-impl-thread2] INFO  impl.StateMachineUpdater (StateMachineUpdater.java:stopAndJoin(157)) - omNode-3@group-523986131536-StateMachineUpdater: set stopIndex = 52
2024-03-04 13:05:15,315 [grpc-default-executor-4] WARN  server.GrpcServerProtocolService (LogUtils.java:warn(121)) - omNode-3: APPEND_ENTRIES onError, lastRequest: null: org.apache.ratis.thirdparty.io.grpc.StatusRuntimeException: CANCELLED: client cancelled
2024-03-04 13:05:15,315 [grpc-default-executor-4] WARN  server.GrpcLogAppender (LogUtils.java:warn(121)) - omNode-1@group-523986131536->omNode-3-AppendLogResponseHandler: Failed appendEntries: org.apache.ratis.thirdparty.io.grpc.StatusRuntimeException: CANCELLED: RST_STREAM closed stream. HTTP/2 error code: CANCEL
2024-03-04 13:05:15,315 [grpc-default-executor-4] WARN  server.GrpcLogAppender (GrpcLogAppender.java:lambda$resetClient$1(217)) - omNode-1@group-523986131536->omNode-3-GrpcLogAppender: Follower failed (request=null, errorCount=1); keep nextIndex (53) unchanged and retry.
2024-03-04 13:05:15,316 [grpc-default-executor-4] WARN  server.GrpcServerProtocolService (LogUtils.java:warn(121)) - omNode-3: APPEND_ENTRIES onError, lastRequest: omNode-1->omNode-3#155-t1,previous=(t:1, i:51),leaderCommit=51,initializing? false,entries: size=1, first=(t:1, i:52), METADATAENTRY(c:51): org.apache.ratis.thirdparty.io.grpc.StatusRuntimeException: CANCELLED: client cancelled
2024-03-04 13:05:15,316 [main] INFO  server.GrpcService (GrpcService.java:closeImpl(320)) - omNode-3: shutdown server GrpcServerProtocolService successfully
2024-03-04 13:05:15,320 [omNode-3@group-523986131536-StateMachineUpdater] INFO  impl.StateMachineUpdater (StateMachineUpdater.java:takeSnapshot(295)) - omNode-3@group-523986131536-StateMachineUpdater: Took a snapshot at index 52
2024-03-04 13:05:15,320 [omNode-3@group-523986131536-StateMachineUpdater] INFO  impl.StateMachineUpdater (StateMachineUpdater.java:lambda$new$0(98)) - omNode-3@group-523986131536-StateMachineUpdater: snapshotIndex: updateIncreasingly 50 -> 52
2024-03-04 13:05:15,320 [omNode-3@group-523986131536-StateMachineUpdater] INFO  ratis.OzoneManagerStateMachine (OzoneManagerStateMachine.java:close(513)) - Stopping OzoneManagerStateMachine:omNode-3:group-523986131536.
2024-03-04 13:05:15,320 [omNode-3@group-523986131536-StateMachineUpdater] INFO  ratis.OzoneManagerDoubleBuffer (OzoneManagerDoubleBuffer.java:stopDaemon(518)) - Stopping OMDoubleBuffer flush thread
2024-03-04 13:05:15,321 [omNode-3-OMDoubleBufferFlushThread] INFO  ratis.OzoneManagerDoubleBuffer (OzoneManagerDoubleBuffer.java:canFlush(582)) - OMDoubleBuffer flush thread omNode-3-OMDoubleBufferFlushThread is interrupted and will exit.
2024-03-04 13:05:15,321 [omNode-3-impl-thread2] INFO  server.RaftServer$Division (ServerState.java:close(427)) - omNode-3@group-523986131536: applyIndex: 51
2024-03-04 13:05:15,321 [omNode-3@group-523986131536-cacheEviction-AwaitToRun] INFO  util.AwaitToRun (AwaitToRun.java:run(49)) - omNode-3@group-523986131536-cacheEviction-AwaitToRun-AwaitForSignal is interrupted
2024-03-04 13:05:15,327 [omNode-1@group-523986131536-StateMachineUpdater] INFO  impl.StateMachineUpdater (StateMachineUpdater.java:takeSnapshot(295)) - omNode-1@group-523986131536-StateMachineUpdater: Took a snapshot at index 51
2024-03-04 13:05:15,327 [omNode-1@group-523986131536-StateMachineUpdater] INFO  impl.StateMachineUpdater (StateMachineUpdater.java:lambda$new$0(98)) - omNode-1@group-523986131536-StateMachineUpdater: snapshotIndex: updateIncreasingly -1 -> 51
2024-03-04 13:05:15,327 [omNode-1@group-523986131536-StateMachineUpdater] INFO  raftlog.RaftLog (RaftLogBase.java:purge(330)) - omNode-1@group-523986131536-SegmentedRaftLog: purge 51
2024-03-04 13:05:15,327 [omNode-1@group-523986131536-StateMachineUpdater] INFO  raftlog.RaftLog (RaftLogBase.java:lambda$new$0(54)) - omNode-1@group-523986131536-SegmentedRaftLog: snapshotIndex: updateIncreasingly -1 -> 51
2024-03-04 13:05:15,327 [omNode-1@group-523986131536-StateMachineUpdater] INFO  raftlog.RaftLog (RaftLogBase.java:lambda$new$0(54)) - omNode-1@group-523986131536-SegmentedRaftLog: purgeIndex: updateToMax old=-1, new=51, updated? true
2024-03-04 13:05:15,330 [omNode-3-impl-thread2] INFO  segmented.SegmentedRaftLogWorker (SegmentedRaftLogWorker.java:close(245)) - omNode-3@group-523986131536-SegmentedRaftLogWorker close()
2024-03-04 13:05:15,331 [JvmPauseMonitor62] INFO  util.JvmPauseMonitor (JvmPauseMonitor.java:run(152)) - JvmPauseMonitor-omNode-3: Stopped
2024-03-04 13:05:15,333 [main] INFO  utils.BackgroundService (BackgroundService.java:shutdown(160)) - Shutting down service KeyDeletingService
2024-03-04 13:05:15,334 [main] INFO  utils.BackgroundService (BackgroundService.java:shutdown(160)) - Shutting down service DirectoryDeletingService
2024-03-04 13:05:15,334 [main] INFO  utils.BackgroundService (BackgroundService.java:shutdown(160)) - Shutting down service OpenKeyCleanupService
2024-03-04 13:05:15,334 [main] INFO  utils.BackgroundService (BackgroundService.java:shutdown(160)) - Shutting down service SstFilteringService
2024-03-04 13:05:15,334 [main] INFO  utils.BackgroundService (BackgroundService.java:shutdown(160)) - Shutting down service SnapshotDeletingService
2024-03-04 13:05:15,334 [main] INFO  utils.BackgroundService (BackgroundService.java:shutdown(160)) - Shutting down service MultipartUploadCleanupService
2024-03-04 13:05:15,335 [main] INFO  utils.BackgroundService (BackgroundService.java:shutdown(160)) - Shutting down service SnapshotDirectoryCleaningService
2024-03-04 13:05:15,335 [main] INFO  handler.ContextHandler (ContextHandler.java:doStop(1159)) - Stopped o.e.j.w.WebAppContext@685fa133{ozoneManager,/,null,STOPPED}{file:/home/runner/work/ozone/ozone/hadoop-ozone/integration-test/target/test-classes/webapps/ozoneManager}
2024-03-04 13:05:15,336 [main] INFO  server.AbstractConnector (AbstractConnector.java:doStop(383)) - Stopped ServerConnector@7c30ad67{HTTP/1.1, (http/1.1)}{0.0.0.0:15228}
2024-03-04 13:05:15,336 [main] INFO  server.session (HouseKeeper.java:stopScavenging(149)) - node0 Stopped scavenging
2024-03-04 13:05:15,336 [main] INFO  handler.ContextHandler (ContextHandler.java:doStop(1159)) - Stopped o.e.j.s.ServletContextHandler@4de042ec{static,/static,file:///home/runner/work/ozone/ozone/hadoop-ozone/integration-test/target/test-classes/webapps/static,STOPPED}
2024-03-04 13:05:15,336 [main] INFO  handler.ContextHandler (ContextHandler.java:doStop(1159)) - Stopped o.e.j.s.ServletContextHandler@2d40e440{logs,/logs,file:///home/runner/work/ozone/ozone/hadoop-ozone/integration-test/target/log,STOPPED}
2024-03-04 13:05:15,337 [main] INFO  rocksdiff.RocksDBCheckpointDiffer (RocksDBCheckpointDiffer.java:close(310)) - Shutting down CompactionDagPruningService.
2024-03-04 13:05:15,338 [main] INFO  snapshot.SnapshotDiffManager (SnapshotDiffManager.java:closeExecutorService(1657)) - Shutting down executorService: 'SnapDiffExecutor'
2024-03-04 13:05:15,338 [main] INFO  utils.BackgroundService (BackgroundService.java:shutdown(160)) - Shutting down service SnapshotDiffCleanupService
2024-03-04 13:05:15,340 [main] INFO  om.OzoneManager (OzoneManager.java:stop(2204)) - omNode-1[localhost:15219]: Stopping Ozone Manager
2024-03-04 13:05:15,340 [main] INFO  ipc.Server (Server.java:stop(3523)) - Stopping server on 15219
2024-03-04 13:05:15,342 [IPC Server listener on 15219] INFO  ipc.Server (Server.java:run(1434)) - Stopping IPC Server listener on 15219
2024-03-04 13:05:15,342 [IPC Server Responder] INFO  ipc.Server (Server.java:run(1567)) - Stopping IPC Server Responder
2024-03-04 13:05:15,342 [main] INFO  ratis.OzoneManagerRatisServer (OzoneManagerRatisServer.java:stop(594)) - Stopping org.apache.hadoop.ozone.om.ratis.OzoneManagerRatisServer@2570f89d at port 15222
2024-03-04 13:05:15,343 [main] INFO  server.RaftServer (RaftServerProxy.java:lambda$close$9(416)) - omNode-1: close
2024-03-04 13:05:15,343 [main] INFO  server.GrpcService (GrpcService.java:closeImpl(311)) - omNode-1: shutdown server GrpcServerProtocolService now
2024-03-04 13:05:15,343 [omNode-1-impl-thread2] INFO  server.RaftServer$Division (RaftServerImpl.java:lambda$close$3(526)) - omNode-1@group-523986131536: shutdown
2024-03-04 13:05:15,344 [omNode-1-impl-thread2] INFO  util.JmxRegister (JmxRegister.java:unregister(73)) - Successfully un-registered JMX Bean with object name Ratis:service=RaftServer,group=group-523986131536,id=omNode-1
2024-03-04 13:05:15,345 [omNode-1-impl-thread2] INFO  impl.RoleInfo (RoleInfo.java:shutdownLeaderState(94)) - omNode-1: shutdown omNode-1@group-523986131536-LeaderStateImpl
2024-03-04 13:05:15,345 [Thread-10240] INFO  server.GrpcServerProtocolClient (GrpcServerProtocolClient.java:close(103)) - omNode-2 Close channels
2024-03-04 13:05:15,346 [omNode-1@group-523986131536->omNode-3-GrpcLogAppender-LogAppenderDaemon] WARN  server.GrpcLogAppender (GrpcLogAppender.java:mayWait(289)) - omNode-1@group-523986131536->omNode-3-GrpcLogAppender: Wait interrupted by java.lang.InterruptedException
2024-03-04 13:05:15,345 [Thread-10238] INFO  server.GrpcServerProtocolClient (GrpcServerProtocolClient.java:close(103)) - omNode-3 Close channels
2024-03-04 13:05:15,346 [omNode-1-impl-thread2] INFO  impl.PendingRequests (PendingRequests.java:sendNotLeaderResponses(289)) - omNode-1@group-523986131536-PendingRequests: sendNotLeaderResponses
2024-03-04 13:05:15,346 [omNode-1@group-523986131536->omNode-2-GrpcLogAppender-LogAppenderDaemon] WARN  server.GrpcLogAppender (GrpcLogAppender.java:mayWait(289)) - omNode-1@group-523986131536->omNode-2-GrpcLogAppender: Wait interrupted by java.lang.InterruptedException
2024-03-04 13:05:15,349 [omNode-1@group-523986131536-StateMachineUpdater] INFO  ratis.OzoneManagerStateMachine (OzoneManagerStateMachine.java:takeSnapshotImpl(467)) -  applied = (t:1, i:51)
2024-03-04 13:05:15,349 [omNode-1@group-523986131536-StateMachineUpdater] INFO  ratis.OzoneManagerStateMachine (OzoneManagerStateMachine.java:takeSnapshotImpl(468)) -  skipped = 51
2024-03-04 13:05:15,349 [grpc-default-executor-0] INFO  server.GrpcServerProtocolService (GrpcServerProtocolService.java:onCompleted(157)) - omNode-2: Completed APPEND_ENTRIES, lastRequest: omNode-1->omNode-2#133-t1,previous=(t:1, i:51),leaderCommit=51,initializing? false,entries: size=1, first=(t:1, i:52), METADATAENTRY(c:51)
2024-03-04 13:05:15,349 [grpc-default-executor-0] INFO  server.GrpcServerProtocolService (GrpcServerProtocolService.java:lambda$onCompleted$5(159)) - omNode-2: Completed APPEND_ENTRIES, lastReply: null
2024-03-04 13:05:15,349 [omNode-1-impl-thread2] INFO  impl.StateMachineUpdater (StateMachineUpdater.java:stopAndJoin(157)) - omNode-1@group-523986131536-StateMachineUpdater: set stopIndex = 52
2024-03-04 13:05:15,349 [omNode-1@group-523986131536-StateMachineUpdater] INFO  ratis.OzoneManagerStateMachine (OzoneManagerStateMachine.java:takeSnapshotImpl(469)) - notified = (t:1, i:52)
2024-03-04 13:05:15,349 [omNode-1@group-523986131536-StateMachineUpdater] INFO  ratis.OzoneManagerStateMachine (OzoneManagerStateMachine.java:takeSnapshotImpl(470)) - snapshot = (t:1, i:52)
2024-03-04 13:05:15,350 [grpc-default-executor-0] INFO  server.GrpcLogAppender (GrpcLogAppender.java:onCompleted(546)) - omNode-1@group-523986131536->omNode-2-AppendLogResponseHandler: follower responses appendEntries COMPLETED
2024-03-04 13:05:15,350 [grpc-default-executor-5] INFO  server.GrpcServerProtocolService (GrpcServerProtocolService.java:onCompleted(157)) - omNode-2: Completed APPEND_ENTRIES, lastRequest: null
2024-03-04 13:05:15,350 [grpc-default-executor-0] WARN  server.GrpcLogAppender (GrpcLogAppender.java:resetClient(226)) - omNode-1@group-523986131536->omNode-2-GrpcLogAppender: Failed to getClient for omNode-2
org.apache.ratis.protocol.exceptions.AlreadyClosedException: omNode-1 is already CLOSED
	at org.apache.ratis.util.PeerProxyMap$PeerAndProxy.getProxy(PeerProxyMap.java:65)
	at org.apache.ratis.util.PeerProxyMap.getProxy(PeerProxyMap.java:114)
	at org.apache.ratis.grpc.server.GrpcLogAppender.getClient(GrpcLogAppender.java:196)
	at org.apache.ratis.grpc.server.GrpcLogAppender.resetClient(GrpcLogAppender.java:201)
	at org.apache.ratis.grpc.server.GrpcLogAppender.access$800(GrpcLogAppender.java:62)
	at org.apache.ratis.grpc.server.GrpcLogAppender$AppendLogResponseHandler.onCompleted(GrpcLogAppender.java:547)
	at org.apache.ratis.thirdparty.io.grpc.stub.ClientCalls$StreamObserverToCallListenerAdapter.onClose(ClientCalls.java:479)
	at org.apache.ratis.thirdparty.io.grpc.internal.ClientCallImpl.closeObserver(ClientCallImpl.java:567)
	at org.apache.ratis.thirdparty.io.grpc.internal.ClientCallImpl.access$300(ClientCallImpl.java:71)
	at org.apache.ratis.thirdparty.io.grpc.internal.ClientCallImpl$ClientStreamListenerImpl$1StreamClosed.runInternal(ClientCallImpl.java:735)
	at org.apache.ratis.thirdparty.io.grpc.internal.ClientCallImpl$ClientStreamListenerImpl$1StreamClosed.runInContext(ClientCallImpl.java:716)
	at org.apache.ratis.thirdparty.io.grpc.internal.ContextRunnable.run(ContextRunnable.java:37)
	at org.apache.ratis.thirdparty.io.grpc.internal.SerializingExecutor.run(SerializingExecutor.java:133)
	at java.util.concurrent.ThreadPoolExecutor.runWorker(ThreadPoolExecutor.java:1149)
	at java.util.concurrent.ThreadPoolExecutor$Worker.run(ThreadPoolExecutor.java:624)
	at java.lang.Thread.run(Thread.java:750)
2024-03-04 13:05:15,350 [grpc-default-executor-5] INFO  server.GrpcServerProtocolService (GrpcServerProtocolService.java:lambda$onCompleted$5(159)) - omNode-2: Completed APPEND_ENTRIES, lastReply: serverReply {
  requestorId: "omNode-1"
  replyId: "omNode-2"
  raftGroupId {
    id: "\311\274L\364;\303<`\246kR9\206\023\0256"
  }
  callId: 375
  success: true
}
term: 1
nextIndex: 53
followerCommit: 52
matchIndex: 18446744073709551615
isHearbeat: true

2024-03-04 13:05:15,350 [grpc-default-executor-5] INFO  server.GrpcLogAppender (GrpcLogAppender.java:onCompleted(546)) - omNode-1@group-523986131536->omNode-2-AppendLogResponseHandler: follower responses appendEntries COMPLETED
2024-03-04 13:05:15,350 [grpc-default-executor-5] WARN  server.GrpcLogAppender (GrpcLogAppender.java:resetClient(226)) - omNode-1@group-523986131536->omNode-2-GrpcLogAppender: Failed to getClient for omNode-2
org.apache.ratis.protocol.exceptions.AlreadyClosedException: omNode-1 is already CLOSED
	at org.apache.ratis.util.PeerProxyMap$PeerAndProxy.getProxy(PeerProxyMap.java:65)
	at org.apache.ratis.util.PeerProxyMap.getProxy(PeerProxyMap.java:114)
	at org.apache.ratis.grpc.server.GrpcLogAppender.getClient(GrpcLogAppender.java:196)
	at org.apache.ratis.grpc.server.GrpcLogAppender.resetClient(GrpcLogAppender.java:201)
	at org.apache.ratis.grpc.server.GrpcLogAppender.access$800(GrpcLogAppender.java:62)
	at org.apache.ratis.grpc.server.GrpcLogAppender$AppendLogResponseHandler.onCompleted(GrpcLogAppender.java:547)
	at org.apache.ratis.thirdparty.io.grpc.stub.ClientCalls$StreamObserverToCallListenerAdapter.onClose(ClientCalls.java:479)
	at org.apache.ratis.thirdparty.io.grpc.internal.DelayedClientCall$DelayedListener$3.run(DelayedClientCall.java:489)
	at org.apache.ratis.thirdparty.io.grpc.internal.DelayedClientCall$DelayedListener.delayOrExecute(DelayedClientCall.java:453)
	at org.apache.ratis.thirdparty.io.grpc.internal.DelayedClientCall$DelayedListener.onClose(DelayedClientCall.java:486)
	at org.apache.ratis.thirdparty.io.grpc.internal.ClientCallImpl.closeObserver(ClientCallImpl.java:567)
	at org.apache.ratis.thirdparty.io.grpc.internal.ClientCallImpl.access$300(ClientCallImpl.java:71)
	at org.apache.ratis.thirdparty.io.grpc.internal.ClientCallImpl$ClientStreamListenerImpl$1StreamClosed.runInternal(ClientCallImpl.java:735)
	at org.apache.ratis.thirdparty.io.grpc.internal.ClientCallImpl$ClientStreamListenerImpl$1StreamClosed.runInContext(ClientCallImpl.java:716)
	at org.apache.ratis.thirdparty.io.grpc.internal.ContextRunnable.run(ContextRunnable.java:37)
	at org.apache.ratis.thirdparty.io.grpc.internal.SerializingExecutor.run(SerializingExecutor.java:133)
	at java.util.concurrent.ThreadPoolExecutor.runWorker(ThreadPoolExecutor.java:1149)
	at java.util.concurrent.ThreadPoolExecutor$Worker.run(ThreadPoolExecutor.java:624)
	at java.lang.Thread.run(Thread.java:750)
2024-03-04 13:05:15,351 [main] INFO  server.GrpcService (GrpcService.java:closeImpl(320)) - omNode-1: shutdown server GrpcServerProtocolService successfully
2024-03-04 13:05:15,353 [omNode-1@group-523986131536-StateMachineUpdater] INFO  impl.StateMachineUpdater (StateMachineUpdater.java:takeSnapshot(295)) - omNode-1@group-523986131536-StateMachineUpdater: Took a snapshot at index 52
2024-03-04 13:05:15,353 [omNode-1@group-523986131536-StateMachineUpdater] INFO  impl.StateMachineUpdater (StateMachineUpdater.java:lambda$new$0(98)) - omNode-1@group-523986131536-StateMachineUpdater: snapshotIndex: updateIncreasingly 51 -> 52
2024-03-04 13:05:15,353 [omNode-1@group-523986131536-StateMachineUpdater] INFO  ratis.OzoneManagerStateMachine (OzoneManagerStateMachine.java:close(513)) - Stopping OzoneManagerStateMachine:omNode-1:group-523986131536.
2024-03-04 13:05:15,353 [omNode-1@group-523986131536-StateMachineUpdater] INFO  ratis.OzoneManagerDoubleBuffer (OzoneManagerDoubleBuffer.java:stopDaemon(518)) - Stopping OMDoubleBuffer flush thread
2024-03-04 13:05:15,354 [omNode-1-OMDoubleBufferFlushThread] INFO  ratis.OzoneManagerDoubleBuffer (OzoneManagerDoubleBuffer.java:canFlush(582)) - OMDoubleBuffer flush thread omNode-1-OMDoubleBufferFlushThread is interrupted and will exit.
2024-03-04 13:05:15,354 [omNode-1-impl-thread2] INFO  server.RaftServer$Division (ServerState.java:close(427)) - omNode-1@group-523986131536: applyIndex: 51
2024-03-04 13:05:15,354 [omNode-1@group-523986131536-cacheEviction-AwaitToRun] INFO  util.AwaitToRun (AwaitToRun.java:run(49)) - omNode-1@group-523986131536-cacheEviction-AwaitToRun-AwaitForSignal is interrupted
2024-03-04 13:05:16,309 [omNode-1-impl-thread2] INFO  segmented.SegmentedRaftLogWorker (SegmentedRaftLogWorker.java:close(245)) - omNode-1@group-523986131536-SegmentedRaftLogWorker close()
2024-03-04 13:05:16,310 [JvmPauseMonitor60] INFO  util.JvmPauseMonitor (JvmPauseMonitor.java:run(152)) - JvmPauseMonitor-omNode-1: Stopped
2024-03-04 13:05:16,311 [main] INFO  utils.BackgroundService (BackgroundService.java:shutdown(160)) - Shutting down service KeyDeletingService
2024-03-04 13:05:16,311 [main] INFO  utils.BackgroundService (BackgroundService.java:shutdown(160)) - Shutting down service DirectoryDeletingService
2024-03-04 13:05:16,311 [main] INFO  utils.BackgroundService (BackgroundService.java:shutdown(160)) - Shutting down service OpenKeyCleanupService
2024-03-04 13:05:16,311 [main] INFO  utils.BackgroundService (BackgroundService.java:shutdown(160)) - Shutting down service SstFilteringService
2024-03-04 13:05:16,311 [main] INFO  utils.BackgroundService (BackgroundService.java:shutdown(160)) - Shutting down service SnapshotDeletingService
2024-03-04 13:05:16,312 [main] INFO  utils.BackgroundService (BackgroundService.java:shutdown(160)) - Shutting down service MultipartUploadCleanupService
2024-03-04 13:05:16,312 [main] INFO  utils.BackgroundService (BackgroundService.java:shutdown(160)) - Shutting down service SnapshotDirectoryCleaningService
2024-03-04 13:05:16,312 [main] INFO  handler.ContextHandler (ContextHandler.java:doStop(1159)) - Stopped o.e.j.w.WebAppContext@5fad37c5{ozoneManager,/,null,STOPPED}{file:/home/runner/work/ozone/ozone/hadoop-ozone/integration-test/target/test-classes/webapps/ozoneManager}
2024-03-04 13:05:16,313 [main] INFO  server.AbstractConnector (AbstractConnector.java:doStop(383)) - Stopped ServerConnector@7f6cd769{HTTP/1.1, (http/1.1)}{0.0.0.0:15220}
2024-03-04 13:05:16,313 [main] INFO  server.session (HouseKeeper.java:stopScavenging(149)) - node0 Stopped scavenging
2024-03-04 13:05:16,313 [main] INFO  handler.ContextHandler (ContextHandler.java:doStop(1159)) - Stopped o.e.j.s.ServletContextHandler@78adaec4{static,/static,file:///home/runner/work/ozone/ozone/hadoop-ozone/integration-test/target/test-classes/webapps/static,STOPPED}
2024-03-04 13:05:16,313 [main] INFO  handler.ContextHandler (ContextHandler.java:doStop(1159)) - Stopped o.e.j.s.ServletContextHandler@2132d921{logs,/logs,file:///home/runner/work/ozone/ozone/hadoop-ozone/integration-test/target/log,STOPPED}
2024-03-04 13:05:16,314 [main] INFO  rocksdiff.RocksDBCheckpointDiffer (RocksDBCheckpointDiffer.java:close(310)) - Shutting down CompactionDagPruningService.
2024-03-04 13:05:16,315 [main] INFO  snapshot.SnapshotDiffManager (SnapshotDiffManager.java:closeExecutorService(1657)) - Shutting down executorService: 'SnapDiffExecutor'
2024-03-04 13:05:16,315 [main] INFO  utils.BackgroundService (BackgroundService.java:shutdown(160)) - Shutting down service SnapshotDiffCleanupService
2024-03-04 13:05:16,316 [main] INFO  om.OzoneManager (OzoneManager.java:stop(2204)) - omNode-2[localhost:15223]: Stopping Ozone Manager
2024-03-04 13:05:16,317 [main] INFO  ipc.Server (Server.java:stop(3523)) - Stopping server on 15223
2024-03-04 13:05:16,318 [IPC Server Responder] INFO  ipc.Server (Server.java:run(1567)) - Stopping IPC Server Responder
2024-03-04 13:05:16,318 [main] INFO  ratis.OzoneManagerRatisServer (OzoneManagerRatisServer.java:stop(594)) - Stopping org.apache.hadoop.ozone.om.ratis.OzoneManagerRatisServer@4bb5e818 at port 15226
2024-03-04 13:05:16,319 [main] INFO  server.RaftServer (RaftServerProxy.java:lambda$close$9(416)) - omNode-2: close
2024-03-04 13:05:16,319 [IPC Server listener on 15223] INFO  ipc.Server (Server.java:run(1434)) - Stopping IPC Server listener on 15223
2024-03-04 13:05:16,320 [main] INFO  server.GrpcService (GrpcService.java:closeImpl(311)) - omNode-2: shutdown server GrpcServerProtocolService now
2024-03-04 13:05:16,320 [omNode-2-impl-thread2] INFO  server.RaftServer$Division (RaftServerImpl.java:lambda$close$3(526)) - omNode-2@group-523986131536: shutdown
2024-03-04 13:05:16,322 [omNode-2-impl-thread2] INFO  util.JmxRegister (JmxRegister.java:unregister(73)) - Successfully un-registered JMX Bean with object name Ratis:service=RaftServer,group=group-523986131536,id=omNode-2
2024-03-04 13:05:16,323 [omNode-2-impl-thread2] INFO  impl.RoleInfo (RoleInfo.java:shutdownFollowerState(110)) - omNode-2: shutdown omNode-2@group-523986131536-FollowerState
2024-03-04 13:05:16,323 [omNode-2-impl-thread2] INFO  impl.StateMachineUpdater (StateMachineUpdater.java:stopAndJoin(157)) - omNode-2@group-523986131536-StateMachineUpdater: set stopIndex = 52
2024-03-04 13:05:16,323 [omNode-2@group-523986131536-StateMachineUpdater] INFO  ratis.OzoneManagerStateMachine (OzoneManagerStateMachine.java:takeSnapshotImpl(467)) -  applied = (t:1, i:51)
2024-03-04 13:05:16,323 [omNode-2@group-523986131536-StateMachineUpdater] INFO  ratis.OzoneManagerStateMachine (OzoneManagerStateMachine.java:takeSnapshotImpl(468)) -  skipped = 51
2024-03-04 13:05:16,323 [omNode-2@group-523986131536-FollowerState] INFO  impl.FollowerState (FollowerState.java:run(152)) - omNode-2@group-523986131536-FollowerState was interrupted
2024-03-04 13:05:16,323 [omNode-2@group-523986131536-StateMachineUpdater] INFO  ratis.OzoneManagerStateMachine (OzoneManagerStateMachine.java:takeSnapshotImpl(469)) - notified = (t:1, i:52)
2024-03-04 13:05:16,324 [omNode-2@group-523986131536-StateMachineUpdater] INFO  ratis.OzoneManagerStateMachine (OzoneManagerStateMachine.java:takeSnapshotImpl(470)) - snapshot = (t:1, i:52)
2024-03-04 13:05:16,324 [main] INFO  server.GrpcService (GrpcService.java:closeImpl(320)) - omNode-2: shutdown server GrpcServerProtocolService successfully
2024-03-04 13:05:16,327 [omNode-2@group-523986131536-StateMachineUpdater] INFO  impl.StateMachineUpdater (StateMachineUpdater.java:takeSnapshot(295)) - omNode-2@group-523986131536-StateMachineUpdater: Took a snapshot at index 52
2024-03-04 13:05:16,327 [omNode-2@group-523986131536-StateMachineUpdater] INFO  impl.StateMachineUpdater (StateMachineUpdater.java:lambda$new$0(98)) - omNode-2@group-523986131536-StateMachineUpdater: snapshotIndex: updateIncreasingly 50 -> 52
2024-03-04 13:05:16,327 [omNode-2@group-523986131536-StateMachineUpdater] INFO  ratis.OzoneManagerStateMachine (OzoneManagerStateMachine.java:close(513)) - Stopping OzoneManagerStateMachine:omNode-2:group-523986131536.
2024-03-04 13:05:16,328 [omNode-2@group-523986131536-StateMachineUpdater] INFO  ratis.OzoneManagerDoubleBuffer (OzoneManagerDoubleBuffer.java:stopDaemon(518)) - Stopping OMDoubleBuffer flush thread
2024-03-04 13:05:16,328 [omNode-2-OMDoubleBufferFlushThread] INFO  ratis.OzoneManagerDoubleBuffer (OzoneManagerDoubleBuffer.java:canFlush(582)) - OMDoubleBuffer flush thread omNode-2-OMDoubleBufferFlushThread is interrupted and will exit.
2024-03-04 13:05:16,328 [omNode-2-impl-thread2] INFO  server.RaftServer$Division (ServerState.java:close(427)) - omNode-2@group-523986131536: applyIndex: 51
2024-03-04 13:05:16,329 [omNode-2@group-523986131536-cacheEviction-AwaitToRun] INFO  util.AwaitToRun (AwaitToRun.java:run(49)) - omNode-2@group-523986131536-cacheEviction-AwaitToRun-AwaitForSignal is interrupted
2024-03-04 13:05:17,328 [omNode-2-impl-thread2] INFO  segmented.SegmentedRaftLogWorker (SegmentedRaftLogWorker.java:close(245)) - omNode-2@group-523986131536-SegmentedRaftLogWorker close()
2024-03-04 13:05:17,330 [JvmPauseMonitor61] INFO  util.JvmPauseMonitor (JvmPauseMonitor.java:run(152)) - JvmPauseMonitor-omNode-2: Stopped
2024-03-04 13:05:17,330 [main] INFO  utils.BackgroundService (BackgroundService.java:shutdown(160)) - Shutting down service KeyDeletingService
2024-03-04 13:05:17,330 [main] INFO  utils.BackgroundService (BackgroundService.java:shutdown(160)) - Shutting down service DirectoryDeletingService
2024-03-04 13:05:17,330 [main] INFO  utils.BackgroundService (BackgroundService.java:shutdown(160)) - Shutting down service OpenKeyCleanupService
2024-03-04 13:05:17,331 [main] INFO  utils.BackgroundService (BackgroundService.java:shutdown(160)) - Shutting down service SstFilteringService
2024-03-04 13:05:17,331 [main] INFO  utils.BackgroundService (BackgroundService.java:shutdown(160)) - Shutting down service SnapshotDeletingService
2024-03-04 13:05:17,331 [main] INFO  utils.BackgroundService (BackgroundService.java:shutdown(160)) - Shutting down service MultipartUploadCleanupService
2024-03-04 13:05:17,331 [main] INFO  utils.BackgroundService (BackgroundService.java:shutdown(160)) - Shutting down service SnapshotDirectoryCleaningService
2024-03-04 13:05:17,332 [main] INFO  handler.ContextHandler (ContextHandler.java:doStop(1159)) - Stopped o.e.j.w.WebAppContext@7074ec88{ozoneManager,/,null,STOPPED}{file:/home/runner/work/ozone/ozone/hadoop-ozone/integration-test/target/test-classes/webapps/ozoneManager}
2024-03-04 13:05:17,332 [main] INFO  server.AbstractConnector (AbstractConnector.java:doStop(383)) - Stopped ServerConnector@6b6ddc37{HTTP/1.1, (http/1.1)}{0.0.0.0:15224}
2024-03-04 13:05:17,333 [main] INFO  server.session (HouseKeeper.java:stopScavenging(149)) - node0 Stopped scavenging
2024-03-04 13:05:17,333 [main] INFO  handler.ContextHandler (ContextHandler.java:doStop(1159)) - Stopped o.e.j.s.ServletContextHandler@599258f9{static,/static,file:///home/runner/work/ozone/ozone/hadoop-ozone/integration-test/target/test-classes/webapps/static,STOPPED}
2024-03-04 13:05:17,333 [main] INFO  handler.ContextHandler (ContextHandler.java:doStop(1159)) - Stopped o.e.j.s.ServletContextHandler@77437ae1{logs,/logs,file:///home/runner/work/ozone/ozone/hadoop-ozone/integration-test/target/log,STOPPED}
2024-03-04 13:05:17,334 [main] INFO  rocksdiff.RocksDBCheckpointDiffer (RocksDBCheckpointDiffer.java:close(310)) - Shutting down CompactionDagPruningService.
2024-03-04 13:05:17,336 [main] INFO  snapshot.SnapshotDiffManager (SnapshotDiffManager.java:closeExecutorService(1657)) - Shutting down executorService: 'SnapDiffExecutor'
2024-03-04 13:05:17,336 [main] INFO  utils.BackgroundService (BackgroundService.java:shutdown(160)) - Shutting down service SnapshotDiffCleanupService
2024-03-04 13:05:17,338 [main] INFO  om.OzoneManager (OzoneManager.java:restart(1710)) - OzoneManager RPC server is listening at localhost/127.0.0.1:15227
2024-03-04 13:05:17,338 [main] INFO  impl.MetricsSystemImpl (MetricsSystemImpl.java:init(158)) - OzoneManager metrics system started (again)
2024-03-04 13:05:17,346 [main] WARN  server.ServerUtils (ServerUtils.java:getDBPath(299)) - ozone.om.db.dirs is not configured. We recommend adding this setting. Falling back to ozone.metadata.dirs instead.
2024-03-04 13:05:17,346 [main] INFO  helpers.OmKeyInfo (OmKeyInfo.java:getCodec(71)) - OmKeyInfo.getCodec ignorePipeline = true
2024-03-04 13:05:17,381 [main] INFO  om.OzoneManager (OzoneManager.java:instantiateServices(804)) - S3 Multi-Tenancy is disabled
2024-03-04 13:05:17,382 [main] INFO  om.OmSnapshotManager (OmSnapshotManager.java:<init>(177)) - Ozone filesystem snapshot feature is enabled.
2024-03-04 13:05:17,382 [main] WARN  server.ServerUtils (ServerUtils.java:getDBPath(299)) - ozone.om.snapshot.diff.db.dir is not configured. We recommend adding this setting. Falling back to ozone.metadata.dirs instead.
2024-03-04 13:05:17,391 [main] INFO  utils.NativeLibraryLoader (NativeLibraryLoader.java:loadLibrary(108)) - Loading Library: ozone_rocksdb_tools
2024-03-04 13:05:17,392 [main] ERROR snapshot.SnapshotDiffManager (SnapshotDiffManager.java:initNativeLibraryForEfficientDiff(287)) - Native Library for raw sst file reading loading failed.
org.apache.hadoop.hdds.utils.NativeLibraryNotLoadedException: Unable to load library ozone_rocksdb_tools from both java.library.path & resource file libozone_rocksdb_tools.so from jar.
	at org.apache.hadoop.hdds.utils.db.managed.ManagedRawSSTFileReader.loadLibrary(ManagedRawSSTFileReader.java:38)
	at org.apache.hadoop.ozone.om.snapshot.SnapshotDiffManager.initNativeLibraryForEfficientDiff(SnapshotDiffManager.java:285)
	at org.apache.hadoop.ozone.om.snapshot.SnapshotDiffManager.<init>(SnapshotDiffManager.java:259)
	at org.apache.hadoop.ozone.om.OmSnapshotManager.<init>(OmSnapshotManager.java:279)
	at org.apache.hadoop.ozone.om.OzoneManager.instantiateServices(OzoneManager.java:856)
	at org.apache.hadoop.ozone.om.OzoneManager.restart(OzoneManager.java:1715)
	at org.apache.hadoop.ozone.MiniOzoneHAClusterImpl.restartOzoneManager(MiniOzoneHAClusterImpl.java:211)
	at org.apache.hadoop.ozone.om.TestOzoneManagerPrepare.resetCluster(TestOzoneManagerPrepare.java:113)
	at sun.reflect.NativeMethodAccessorImpl.invoke0(Native Method)
	at sun.reflect.NativeMethodAccessorImpl.invoke(NativeMethodAccessorImpl.java:62)
	at sun.reflect.DelegatingMethodAccessorImpl.invoke(DelegatingMethodAccessorImpl.java:43)
	at java.lang.reflect.Method.invoke(Method.java:498)
	at org.junit.platform.commons.util.ReflectionUtils.invokeMethod(ReflectionUtils.java:728)
	at org.junit.jupiter.engine.execution.MethodInvocation.proceed(MethodInvocation.java:60)
	at org.junit.jupiter.engine.execution.InvocationInterceptorChain$ValidatingInvocation.proceed(InvocationInterceptorChain.java:131)
	at org.junit.jupiter.engine.extension.TimeoutExtension.intercept(TimeoutExtension.java:156)
	at org.junit.jupiter.engine.extension.TimeoutExtension.interceptLifecycleMethod(TimeoutExtension.java:128)
	at org.junit.jupiter.engine.extension.TimeoutExtension.interceptAfterEachMethod(TimeoutExtension.java:110)
	at org.junit.jupiter.engine.execution.InterceptingExecutableInvoker$ReflectiveInterceptorCall.lambda$ofVoidMethod$0(InterceptingExecutableInvoker.java:103)
	at org.junit.jupiter.engine.execution.InterceptingExecutableInvoker.lambda$invoke$0(InterceptingExecutableInvoker.java:93)
	at org.junit.jupiter.engine.execution.InvocationInterceptorChain$InterceptedInvocation.proceed(InvocationInterceptorChain.java:106)
	at org.junit.jupiter.engine.execution.InvocationInterceptorChain.proceed(InvocationInterceptorChain.java:64)
	at org.junit.jupiter.engine.execution.InvocationInterceptorChain.chainAndInvoke(InvocationInterceptorChain.java:45)
	at org.junit.jupiter.engine.execution.InvocationInterceptorChain.invoke(InvocationInterceptorChain.java:37)
	at org.junit.jupiter.engine.execution.InterceptingExecutableInvoker.invoke(InterceptingExecutableInvoker.java:92)
	at org.junit.jupiter.engine.execution.InterceptingExecutableInvoker.invoke(InterceptingExecutableInvoker.java:86)
	at org.junit.jupiter.engine.descriptor.ClassBasedTestDescriptor.invokeMethodInExtensionContext(ClassBasedTestDescriptor.java:521)
	at org.junit.jupiter.engine.descriptor.ClassBasedTestDescriptor.lambda$synthesizeAfterEachMethodAdapter$24(ClassBasedTestDescriptor.java:511)
	at org.junit.jupiter.engine.descriptor.TestMethodTestDescriptor.lambda$invokeAfterEachMethods$10(TestMethodTestDescriptor.java:244)
	at org.junit.jupiter.engine.descriptor.TestMethodTestDescriptor.lambda$invokeAllAfterMethodsOrCallbacks$13(TestMethodTestDescriptor.java:277)
	at org.junit.platform.engine.support.hierarchical.ThrowableCollector.execute(ThrowableCollector.java:73)
	at org.junit.jupiter.engine.descriptor.TestMethodTestDescriptor.lambda$invokeAllAfterMethodsOrCallbacks$14(TestMethodTestDescriptor.java:277)
	at org.junit.platform.commons.util.CollectionUtils.forEachInReverseOrder(CollectionUtils.java:217)
	at org.junit.jupiter.engine.descriptor.TestMethodTestDescriptor.invokeAllAfterMethodsOrCallbacks(TestMethodTestDescriptor.java:276)
	at org.junit.jupiter.engine.descriptor.TestMethodTestDescriptor.invokeAfterEachMethods(TestMethodTestDescriptor.java:242)
	at org.junit.jupiter.engine.descriptor.TestMethodTestDescriptor.execute(TestMethodTestDescriptor.java:143)
	at org.junit.jupiter.engine.descriptor.TestMethodTestDescriptor.execute(TestMethodTestDescriptor.java:69)
	at org.junit.platform.engine.support.hierarchical.NodeTestTask.lambda$executeRecursively$6(NodeTestTask.java:151)
	at org.junit.platform.engine.support.hierarchical.ThrowableCollector.execute(ThrowableCollector.java:73)
	at org.junit.platform.engine.support.hierarchical.NodeTestTask.lambda$executeRecursively$8(NodeTestTask.java:141)
	at org.junit.platform.engine.support.hierarchical.Node.around(Node.java:137)
	at org.junit.platform.engine.support.hierarchical.NodeTestTask.lambda$executeRecursively$9(NodeTestTask.java:139)
	at org.junit.platform.engine.support.hierarchical.ThrowableCollector.execute(ThrowableCollector.java:73)
	at org.junit.platform.engine.support.hierarchical.NodeTestTask.executeRecursively(NodeTestTask.java:138)
	at org.junit.platform.engine.support.hierarchical.NodeTestTask.execute(NodeTestTask.java:95)
	at java.util.ArrayList.forEach(ArrayList.java:1259)
	at org.junit.platform.engine.support.hierarchical.SameThreadHierarchicalTestExecutorService.invokeAll(SameThreadHierarchicalTestExecutorService.java:41)
	at org.junit.platform.engine.support.hierarchical.NodeTestTask.lambda$executeRecursively$6(NodeTestTask.java:155)
	at org.junit.platform.engine.support.hierarchical.ThrowableCollector.execute(ThrowableCollector.java:73)
	at org.junit.platform.engine.support.hierarchical.NodeTestTask.lambda$executeRecursively$8(NodeTestTask.java:141)
	at org.junit.platform.engine.support.hierarchical.Node.around(Node.java:137)
	at org.junit.platform.engine.support.hierarchical.NodeTestTask.lambda$executeRecursively$9(NodeTestTask.java:139)
	at org.junit.platform.engine.support.hierarchical.ThrowableCollector.execute(ThrowableCollector.java:73)
	at org.junit.platform.engine.support.hierarchical.NodeTestTask.executeRecursively(NodeTestTask.java:138)
	at org.junit.platform.engine.support.hierarchical.NodeTestTask.execute(NodeTestTask.java:95)
	at java.util.ArrayList.forEach(ArrayList.java:1259)
	at org.junit.platform.engine.support.hierarchical.SameThreadHierarchicalTestExecutorService.invokeAll(SameThreadHierarchicalTestExecutorService.java:41)
	at org.junit.platform.engine.support.hierarchical.NodeTestTask.lambda$executeRecursively$6(NodeTestTask.java:155)
	at org.junit.platform.engine.support.hierarchical.ThrowableCollector.execute(ThrowableCollector.java:73)
	at org.junit.platform.engine.support.hierarchical.NodeTestTask.lambda$executeRecursively$8(NodeTestTask.java:141)
	at org.junit.platform.engine.support.hierarchical.Node.around(Node.java:137)
	at org.junit.platform.engine.support.hierarchical.NodeTestTask.lambda$executeRecursively$9(NodeTestTask.java:139)
	at org.junit.platform.engine.support.hierarchical.ThrowableCollector.execute(ThrowableCollector.java:73)
	at org.junit.platform.engine.support.hierarchical.NodeTestTask.executeRecursively(NodeTestTask.java:138)
	at org.junit.platform.engine.support.hierarchical.NodeTestTask.execute(NodeTestTask.java:95)
	at org.junit.platform.engine.support.hierarchical.SameThreadHierarchicalTestExecutorService.submit(SameThreadHierarchicalTestExecutorService.java:35)
	at org.junit.platform.engine.support.hierarchical.HierarchicalTestExecutor.execute(HierarchicalTestExecutor.java:57)
	at org.junit.platform.engine.support.hierarchical.HierarchicalTestEngine.execute(HierarchicalTestEngine.java:54)
	at org.junit.platform.launcher.core.EngineExecutionOrchestrator.execute(EngineExecutionOrchestrator.java:198)
	at org.junit.platform.launcher.core.EngineExecutionOrchestrator.execute(EngineExecutionOrchestrator.java:169)
	at org.junit.platform.launcher.core.EngineExecutionOrchestrator.execute(EngineExecutionOrchestrator.java:93)
	at org.junit.platform.launcher.core.EngineExecutionOrchestrator.lambda$execute$0(EngineExecutionOrchestrator.java:58)
	at org.junit.platform.launcher.core.EngineExecutionOrchestrator.withInterceptedStreams(EngineExecutionOrchestrator.java:141)
	at org.junit.platform.launcher.core.EngineExecutionOrchestrator.execute(EngineExecutionOrchestrator.java:57)
	at org.junit.platform.launcher.core.DefaultLauncher.execute(DefaultLauncher.java:103)
	at org.junit.platform.launcher.core.DefaultLauncher.execute(DefaultLauncher.java:85)
	at org.junit.platform.launcher.core.DelegatingLauncher.execute(DelegatingLauncher.java:47)
	at org.junit.platform.launcher.core.SessionPerRequestLauncher.execute(SessionPerRequestLauncher.java:63)
	at org.apache.maven.surefire.junitplatform.JUnitPlatformProvider.invokeAllTests(JUnitPlatformProvider.java:165)
	at org.apache.maven.surefire.junitplatform.JUnitPlatformProvider.invoke(JUnitPlatformProvider.java:124)
	at org.apache.maven.surefire.booter.ForkedBooter.runSuitesInProcess(ForkedBooter.java:428)
	at org.apache.maven.surefire.booter.ForkedBooter.execute(ForkedBooter.java:162)
	at org.apache.maven.surefire.booter.ForkedBooter.run(ForkedBooter.java:562)
	at org.apache.maven.surefire.booter.ForkedBooter.main(ForkedBooter.java:548)
2024-03-04 13:05:17,393 [main] WARN  om.OzoneManager (OzoneManager.java:instantiatePrepareStateOnStartup(4511)) - Prepare marker file index 52 does not match DB prepare index 51. Writing DB index to prepare file and maintaining prepared state.
2024-03-04 13:05:17,394 [main] INFO  om.OzoneManagerPrepareState (OzoneManagerPrepareState.java:writePrepareMarkerFile(262)) - Prepare marker file written with log index 51 to file /home/runner/work/ozone/ozone/hadoop-ozone/integration-test/target/test-dir/MiniOzoneClusterImpl-a24c3557-08b1-4f8b-a0f8-6c13b4e42376/omNode-3/current/prepareMarker
2024-03-04 13:05:17,396 [main] WARN  server.ServerUtils (ServerUtils.java:getDefaultRatisDirectory(311)) - Storage directory for Ratis is not configured. It is a good idea to map this to an SSD disk. Falling back to ozone.metadata.dirs
2024-03-04 13:05:17,397 [main] INFO  ratis.OzoneManagerRatisServer (OzoneManagerRatisServer.java:<init>(167)) - Instantiating OM Ratis server with groupID: om-service-test1 and peers: localhost:15230, localhost:15222, localhost:15226
2024-03-04 13:05:17,397 [main] INFO  ratis.OzoneManagerStateMachine (OzoneManagerStateMachine.java:loadSnapshotInfoFromDB(573)) - LastAppliedIndex is set from TransactionInfo from OM DB as (t:1, i:52)
2024-03-04 13:05:17,400 [main] INFO  server.RaftServer (ConfUtils.java:logGet(46)) - raft.rpc.type = GRPC (default)
2024-03-04 13:05:17,400 [main] INFO  grpc.GrpcConfigKeys (ConfUtils.java:logFallback(53)) - raft.grpc.admin.host = null (fallback to raft.grpc.server.host)
2024-03-04 13:05:17,401 [main] INFO  grpc.GrpcConfigKeys (ConfUtils.java:logFallback(53)) - raft.grpc.admin.port = 15230 (fallback to raft.grpc.server.port)
2024-03-04 13:05:17,401 [main] INFO  grpc.GrpcConfigKeys (ConfUtils.java:logFallback(53)) - raft.grpc.client.host = null (fallback to raft.grpc.server.host)
2024-03-04 13:05:17,401 [main] INFO  grpc.GrpcConfigKeys (ConfUtils.java:logFallback(53)) - raft.grpc.client.port = 15230 (fallback to raft.grpc.server.port)
2024-03-04 13:05:17,401 [main] INFO  grpc.GrpcConfigKeys (ConfUtils.java:logGet(46)) - raft.grpc.server.host = null (default)
2024-03-04 13:05:17,401 [main] INFO  grpc.GrpcConfigKeys (ConfUtils.java:logGet(46)) - raft.grpc.server.port = 15230 (custom)
2024-03-04 13:05:17,401 [main] INFO  server.GrpcService (ConfUtils.java:logGet(46)) - raft.grpc.message.size.max = 4194304 (custom)
2024-03-04 13:05:17,401 [main] INFO  server.RaftServerConfigKeys (ConfUtils.java:logGet(46)) - raft.server.log.appender.buffer.byte-limit = 4194304 (custom)
2024-03-04 13:05:17,402 [main] INFO  server.GrpcService (ConfUtils.java:logGet(46)) - raft.grpc.flow.control.window = 1MB (=1048576) (default)
2024-03-04 13:05:17,402 [main] INFO  server.RaftServerConfigKeys (ConfUtils.java:logGet(46)) - raft.server.rpc.request.timeout = 3000ms (default)
2024-03-04 13:05:17,402 [main] INFO  grpc.GrpcConfigKeys (ConfUtils.java:logGet(46)) - raft.grpc.server.heartbeat.channel = true (default)
2024-03-04 13:05:17,402 [main] INFO  grpc.GrpcConfigKeys (ConfUtils.java:logGet(46)) - raft.grpc.server.async.request.thread.pool.cached = true (default)
2024-03-04 13:05:17,402 [main] INFO  grpc.GrpcConfigKeys (ConfUtils.java:logGet(46)) - raft.grpc.server.async.request.thread.pool.size = 32 (default)
2024-03-04 13:05:17,403 [main] INFO  impl.DataStreamServerImpl (ConfUtils.java:logGet(46)) - raft.datastream.type = DISABLED (default)
2024-03-04 13:05:17,403 [main] INFO  server.RaftServerConfigKeys (ConfUtils.java:logGet(46)) - raft.server.sleep.deviation.threshold = 300ms (default)
2024-03-04 13:05:17,403 [main] INFO  server.RaftServerConfigKeys (ConfUtils.java:logGet(46)) - raft.server.close.threshold = 60s (default)
2024-03-04 13:05:17,404 [main] INFO  server.RaftServerConfigKeys (ConfUtils.java:logGet(46)) - raft.server.leaderelection.leader.step-down.wait-time = 10s (default)
2024-03-04 13:05:17,404 [main] INFO  server.RaftServerConfigKeys (ConfUtils.java:logGet(46)) - raft.server.storage.dir = [/home/runner/work/ozone/ozone/hadoop-ozone/integration-test/target/test-dir/MiniOzoneClusterImpl-a24c3557-08b1-4f8b-a0f8-6c13b4e42376/omNode-3/ratis] (custom)
2024-03-04 13:05:17,404 [main] INFO  server.RaftServerConfigKeys (ConfUtils.java:logGet(46)) - raft.server.threadpool.proxy.cached = true (default)
2024-03-04 13:05:17,404 [main] INFO  server.RaftServerConfigKeys (ConfUtils.java:logGet(46)) - raft.server.threadpool.proxy.size = 0 (default)
2024-03-04 13:05:17,404 [omNode-3-impl-thread1] INFO  server.RaftServer (RaftServerProxy.java:initGroupDir(264)) - omNode-3: found a subdirectory /home/runner/work/ozone/ozone/hadoop-ozone/integration-test/target/test-dir/MiniOzoneClusterImpl-a24c3557-08b1-4f8b-a0f8-6c13b4e42376/omNode-3/ratis/c9bc4cf4-3bc3-3c60-a66b-523986131536
2024-03-04 13:05:17,405 [main] INFO  server.RaftServer (RaftServerProxy.java:addNew(100)) - omNode-3: addNew group-523986131536:[omNode-3|localhost:15230, omNode-1|localhost:15222, omNode-2|localhost:15226] returns group-523986131536:java.util.concurrent.CompletableFuture@685bf34[Not completed]
2024-03-04 13:05:17,405 [main] INFO  om.OzoneManager (OzoneManager.java:initializeRatisServer(2140)) - OzoneManager Ratis server initialized at port 15230
2024-03-04 13:05:17,405 [omNode-3-groupManagement] INFO  server.RaftServer$Division (RaftServerImpl.java:<init>(256)) - omNode-3: new RaftServerImpl for group-523986131536:[omNode-3|localhost:15230, omNode-1|localhost:15222, omNode-2|localhost:15226] with OzoneManagerStateMachine:uninitialized
2024-03-04 13:05:17,405 [main] INFO  ratis.OzoneManagerRatisServer (OzoneManagerRatisServer.java:start(588)) - Starting OzoneManagerRatisServer omNode-3 at port 15230
2024-03-04 13:05:17,405 [omNode-3-groupManagement] INFO  server.RaftServerConfigKeys (ConfUtils.java:logGet(46)) - raft.server.rpc.timeout.min = 1s (custom)
2024-03-04 13:05:17,405 [omNode-3-groupManagement] INFO  server.RaftServerConfigKeys (ConfUtils.java:logGet(46)) - raft.server.rpc.timeout.max = 1200ms (custom)
2024-03-04 13:05:17,405 [omNode-3-groupManagement] INFO  server.RaftServerConfigKeys (ConfUtils.java:logGet(46)) - raft.server.rpc.sleep.time = 25ms (default)
2024-03-04 13:05:17,405 [omNode-3-groupManagement] INFO  server.RaftServerConfigKeys (ConfUtils.java:logGet(46)) - raft.server.rpc.slowness.timeout = 2s (custom)
2024-03-04 13:05:17,405 [omNode-3-groupManagement] INFO  server.RaftServerConfigKeys (ConfUtils.java:logGet(46)) - raft.server.leaderelection.leader.step-down.wait-time = 10s (default)
2024-03-04 13:05:17,405 [omNode-3-groupManagement] INFO  server.RaftServerConfigKeys (ConfUtils.java:logGet(46)) - raft.server.leaderelection.member.majority-add = false (default)
2024-03-04 13:05:17,405 [omNode-3-groupManagement] INFO  server.RaftServerConfigKeys (ConfUtils.java:logGet(46)) - raft.server.sleep.deviation.threshold = 300ms (default)
2024-03-04 13:05:17,406 [omNode-3-groupManagement] INFO  server.RaftServer$Division (ServerState.java:<init>(113)) - omNode-3@group-523986131536: ConfigurationManager, init=-1: peers:[omNode-3|localhost:15230, omNode-1|localhost:15222, omNode-2|localhost:15226]|listeners:[], old=null, confs=<EMPTY_MAP>
2024-03-04 13:05:17,406 [omNode-3-groupManagement] INFO  server.RaftServerConfigKeys (ConfUtils.java:logGet(46)) - raft.server.notification.no-leader.timeout = 2s (custom)
2024-03-04 13:05:17,406 [omNode-3-groupManagement] INFO  server.RaftServerConfigKeys (ConfUtils.java:logGet(46)) - raft.server.read.timeout = 10s (default)
2024-03-04 13:05:17,406 [omNode-3-groupManagement] INFO  server.RaftServerConfigKeys (ConfUtils.java:logGet(46)) - raft.server.retrycache.expirytime = 30000ms (custom)
2024-03-04 13:05:17,406 [omNode-3-groupManagement] INFO  server.RaftServerConfigKeys (ConfUtils.java:logGet(46)) - raft.server.retrycache.statistics.expirytime = 100ms (default)
2024-03-04 13:05:17,406 [omNode-3-groupManagement] INFO  server.RaftServerConfigKeys (ConfUtils.java:logGet(46)) - raft.server.read.option = DEFAULT (default)
2024-03-04 13:05:17,406 [omNode-3-groupManagement] INFO  server.RaftServerConfigKeys (ConfUtils.java:logGet(46)) - raft.server.read.read-after-write-consistent.write-index-cache.expiry-time = 60s (default)
2024-03-04 13:05:17,407 [omNode-3-groupManagement] INFO  server.RaftServerConfigKeys (ConfUtils.java:logGet(46)) - raft.server.rpc.request.timeout = 3000ms (default)
2024-03-04 13:05:17,407 [omNode-3-groupManagement] INFO  server.RaftServerConfigKeys (ConfUtils.java:logGet(46)) - raft.server.log.appender.install.snapshot.enabled = false (custom)
2024-03-04 13:05:17,407 [omNode-3-groupManagement] INFO  server.RaftServerConfigKeys (ConfUtils.java:logGet(46)) - raft.server.threadpool.server.cached = true (default)
2024-03-04 13:05:17,407 [omNode-3-groupManagement] INFO  server.RaftServerConfigKeys (ConfUtils.java:logGet(46)) - raft.server.threadpool.server.size = 0 (default)
2024-03-04 13:05:17,407 [omNode-3-groupManagement] INFO  server.RaftServerConfigKeys (ConfUtils.java:logGet(46)) - raft.server.threadpool.client.cached = true (default)
2024-03-04 13:05:17,407 [omNode-3-groupManagement] INFO  server.RaftServerConfigKeys (ConfUtils.java:logGet(46)) - raft.server.threadpool.client.size = 0 (default)
2024-03-04 13:05:17,408 [omNode-3-impl-thread1] INFO  server.RaftServerConfigKeys (ConfUtils.java:logGet(46)) - raft.server.storage.free-space.min = 0MB (=0) (default)
2024-03-04 13:05:17,408 [omNode-3-impl-thread1] INFO  server.RaftServerConfigKeys (ConfUtils.java:logGet(46)) - raft.server.log.corruption.policy = EXCEPTION (default)
2024-03-04 13:05:17,408 [omNode-3-impl-thread1] INFO  server.RaftServerConfigKeys (ConfUtils.java:logGet(46)) - raft.server.storage.dir = [/home/runner/work/ozone/ozone/hadoop-ozone/integration-test/target/test-dir/MiniOzoneClusterImpl-a24c3557-08b1-4f8b-a0f8-6c13b4e42376/omNode-3/ratis] (custom)
2024-03-04 13:05:17,408 [omNode-3-impl-thread1] INFO  storage.RaftStorageDirectory (RaftStorageDirectoryImpl.java:tryLock(228)) - Lock on /home/runner/work/ozone/ozone/hadoop-ozone/integration-test/target/test-dir/MiniOzoneClusterImpl-a24c3557-08b1-4f8b-a0f8-6c13b4e42376/omNode-3/ratis/c9bc4cf4-3bc3-3c60-a66b-523986131536/in_use.lock acquired by nodename 41993@fv-az571-795
2024-03-04 13:05:17,409 [omNode-3-impl-thread1] INFO  storage.RaftStorage (RaftStorageImpl.java:analyzeAndRecoverStorage(119)) - Read RaftStorageMetadata{term=1, votedFor=omNode-1} from /home/runner/work/ozone/ozone/hadoop-ozone/integration-test/target/test-dir/MiniOzoneClusterImpl-a24c3557-08b1-4f8b-a0f8-6c13b4e42376/omNode-3/ratis/c9bc4cf4-3bc3-3c60-a66b-523986131536/current/raft-meta
2024-03-04 13:05:17,410 [omNode-3-impl-thread1] INFO  server.RaftServer$Division (ServerState.java:setRaftConf(386)) - omNode-3@group-523986131536: set configuration 0: peers:[omNode-3|localhost:15230, omNode-1|localhost:15222, omNode-2|localhost:15226]|listeners:[], old=null
2024-03-04 13:05:17,410 [omNode-3-impl-thread1] INFO  server.RaftServerConfigKeys (ConfUtils.java:logGet(46)) - raft.server.log.use.memory = false (default)
2024-03-04 13:05:17,410 [omNode-3-impl-thread1] INFO  server.RaftServerConfigKeys (ConfUtils.java:logGet(46)) - raft.server.log.purge.gap = 50 (custom)
2024-03-04 13:05:17,410 [omNode-3-impl-thread1] INFO  server.RaftServerConfigKeys (ConfUtils.java:logGet(46)) - raft.server.log.appender.buffer.byte-limit = 4194304 (custom)
2024-03-04 13:05:17,410 [omNode-3-impl-thread1] INFO  server.RaftServerConfigKeys (ConfUtils.java:logGet(46)) - raft.server.log.statemachine.data.read.timeout = 1000ms (default)
2024-03-04 13:05:17,410 [omNode-3-impl-thread1] INFO  server.RaftServerConfigKeys (ConfUtils.java:logGet(46)) - raft.server.log.purge.preservation.log.num = 0 (default)
2024-03-04 13:05:17,411 [omNode-3-impl-thread1] INFO  server.RaftServerConfigKeys (ConfUtils.java:logGet(46)) - raft.server.log.segment.size.max = 4194304 (custom)
2024-03-04 13:05:17,411 [omNode-3-impl-thread1] INFO  server.RaftServerConfigKeys (ConfUtils.java:logGet(46)) - raft.server.log.segment.cache.num.max = 2 (custom)
2024-03-04 13:05:17,411 [omNode-3-impl-thread1] INFO  server.RaftServerConfigKeys (ConfUtils.java:logGet(46)) - raft.server.log.segment.cache.size.max = 200MB (=209715200) (default)
2024-03-04 13:05:17,411 [omNode-3-impl-thread1] INFO  server.RaftServerConfigKeys (ConfUtils.java:logGet(46)) - raft.server.log.appender.buffer.byte-limit = 4194304 (custom)
2024-03-04 13:05:17,411 [omNode-3-impl-thread1] INFO  util.AwaitToRun (AwaitToRun.java:start(81)) - Thread[omNode-3@group-523986131536-cacheEviction-AwaitToRun,5,main] started
2024-03-04 13:05:17,411 [omNode-3-impl-thread1] INFO  segmented.SegmentedRaftLogWorker (SegmentedRaftLogWorker.java:<init>(182)) - new omNode-3@group-523986131536-SegmentedRaftLogWorker for RaftStorageImpl:Storage Directory /home/runner/work/ozone/ozone/hadoop-ozone/integration-test/target/test-dir/MiniOzoneClusterImpl-a24c3557-08b1-4f8b-a0f8-6c13b4e42376/omNode-3/ratis/c9bc4cf4-3bc3-3c60-a66b-523986131536
2024-03-04 13:05:17,411 [omNode-3-impl-thread1] INFO  server.RaftServerConfigKeys (ConfUtils.java:logGet(46)) - raft.server.log.queue.byte-limit = 64MB (=67108864) (default)
2024-03-04 13:05:17,411 [omNode-3-impl-thread1] INFO  server.RaftServerConfigKeys (ConfUtils.java:logGet(46)) - raft.server.log.queue.element-limit = 4096 (default)
2024-03-04 13:05:17,411 [omNode-3-impl-thread1] INFO  server.RaftServerConfigKeys (ConfUtils.java:logGet(46)) - raft.server.log.segment.size.max = 4194304 (custom)
2024-03-04 13:05:17,411 [omNode-3-impl-thread1] INFO  server.RaftServerConfigKeys (ConfUtils.java:logGet(46)) - raft.server.log.preallocated.size = 4194304 (custom)
2024-03-04 13:05:17,411 [omNode-3-impl-thread1] INFO  server.RaftServerConfigKeys (ConfUtils.java:logGet(46)) - raft.server.log.force.sync.num = 128 (default)
2024-03-04 13:05:17,411 [omNode-3-impl-thread1] INFO  server.RaftServerConfigKeys (ConfUtils.java:logGet(46)) - raft.server.log.statemachine.data.sync = true (default)
2024-03-04 13:05:17,411 [omNode-3-impl-thread1] INFO  server.RaftServerConfigKeys (ConfUtils.java:logGet(46)) - raft.server.log.statemachine.data.sync.timeout = 10s (default)
2024-03-04 13:05:17,411 [omNode-3-impl-thread1] INFO  server.RaftServerConfigKeys (ConfUtils.java:logGet(46)) - raft.server.log.statemachine.data.sync.timeout.retry = -1 (default)
2024-03-04 13:05:17,412 [omNode-3-impl-thread1] INFO  server.RaftServerConfigKeys (ConfUtils.java:logGet(46)) - raft.server.log.write.buffer.size = 4194312 (custom)
2024-03-04 13:05:17,412 [omNode-3-impl-thread1] INFO  server.RaftServerConfigKeys (ConfUtils.java:logGet(46)) - raft.server.log.appender.buffer.byte-limit = 4194304 (custom)
2024-03-04 13:05:17,412 [omNode-3-impl-thread1] INFO  server.RaftServerConfigKeys (ConfUtils.java:logGet(46)) - raft.server.log.unsafe-flush.enabled = false (default)
2024-03-04 13:05:17,412 [omNode-3-impl-thread1] INFO  server.RaftServerConfigKeys (ConfUtils.java:logGet(46)) - raft.server.log.async-flush.enabled = false (default)
2024-03-04 13:05:17,412 [omNode-3-impl-thread1] INFO  server.RaftServerConfigKeys (ConfUtils.java:logGet(46)) - raft.server.log.statemachine.data.caching.enabled = false (default)
2024-03-04 13:05:17,413 [omNode-3-impl-thread1] INFO  segmented.SegmentedRaftLogWorker (SegmentedRaftLogWorker.java:lambda$new$0(134)) - omNode-3@group-523986131536-SegmentedRaftLogWorker: flushIndex: setUnconditionally 0 -> 52
2024-03-04 13:05:17,413 [omNode-3-impl-thread1] INFO  segmented.SegmentedRaftLogWorker (SegmentedRaftLogWorker.java:lambda$new$0(134)) - omNode-3@group-523986131536-SegmentedRaftLogWorker: safeCacheEvictIndex: setUnconditionally 0 -> -1
2024-03-04 13:05:17,413 [omNode-3-impl-thread1] INFO  server.RaftServer$Division (RaftServerImpl.java:start(396)) - omNode-3@group-523986131536: start as a follower, conf=0: peers:[omNode-3|localhost:15230, omNode-1|localhost:15222, omNode-2|localhost:15226]|listeners:[], old=null
2024-03-04 13:05:17,413 [omNode-3-impl-thread1] INFO  server.RaftServer$Division (RaftServerImpl.java:setRole(383)) - omNode-3@group-523986131536: changes role from      null to FOLLOWER at term 1 for startAsFollower
2024-03-04 13:05:17,413 [omNode-3-impl-thread1] INFO  impl.RoleInfo (RoleInfo.java:updateAndGet(139)) - omNode-3: start omNode-3@group-523986131536-FollowerState
2024-03-04 13:05:17,413 [omNode-3@group-523986131536-FollowerState] INFO  server.RaftServerConfigKeys (ConfUtils.java:logFallback(53)) - raft.server.rpc.first-election.timeout.min = 1s (fallback to raft.server.rpc.timeout.min)
2024-03-04 13:05:17,413 [omNode-3-impl-thread1] INFO  util.JmxRegister (JmxRegister.java:tryRegister(44)) - Successfully registered JMX Bean with object name Ratis:service=RaftServer,group=group-523986131536,id=omNode-3
2024-03-04 13:05:17,413 [omNode-3@group-523986131536-FollowerState] INFO  server.RaftServerConfigKeys (ConfUtils.java:logFallback(53)) - raft.server.rpc.first-election.timeout.max = 1200ms (fallback to raft.server.rpc.timeout.max)
2024-03-04 13:05:17,413 [omNode-3-impl-thread1] INFO  server.RaftServerConfigKeys (ConfUtils.java:logGet(46)) - raft.server.snapshot.trigger-when-stop.enabled = true (default)
2024-03-04 13:05:17,413 [omNode-3-impl-thread1] INFO  server.RaftServerConfigKeys (ConfUtils.java:logGet(46)) - raft.server.snapshot.auto.trigger.enabled = true (custom)
2024-03-04 13:05:17,413 [omNode-3-impl-thread1] INFO  server.RaftServerConfigKeys (ConfUtils.java:logGet(46)) - raft.server.snapshot.auto.trigger.threshold = 50 (custom)
2024-03-04 13:05:17,413 [omNode-3-impl-thread1] INFO  server.RaftServerConfigKeys (ConfUtils.java:logGet(46)) - raft.server.snapshot.retention.file.num = -1 (default)
2024-03-04 13:05:17,413 [omNode-3-impl-thread1] INFO  server.RaftServerConfigKeys (ConfUtils.java:logGet(46)) - raft.server.log.purge.upto.snapshot.index = true (custom)
2024-03-04 13:05:17,415 [main] INFO  server.RaftServer (RaftServerProxy.java:startImpl(406)) - omNode-3: start RPC server
2024-03-04 13:05:17,416 [main] INFO  server.GrpcService (GrpcService.java:startImpl(302)) - omNode-3: GrpcService started, listening on 15230
2024-03-04 13:05:17,416 [main] INFO  om.OzoneManager (OzoneManager.java:getRpcServer(1206)) - Creating RPC Server
2024-03-04 13:05:17,416 [JvmPauseMonitor66] INFO  util.JvmPauseMonitor (JvmPauseMonitor.java:run(146)) - JvmPauseMonitor-omNode-3: Started
2024-03-04 13:05:17,624 [main] INFO  ipc.CallQueueManager (CallQueueManager.java:<init>(90)) - Using callQueue: class java.util.concurrent.LinkedBlockingQueue, queueCapacity: 2000, scheduler: class org.apache.hadoop.ipc.DefaultRpcScheduler, ipcBackoff: false.
2024-03-04 13:05:17,625 [main] INFO  ipc.Server (Server.java:<init>(1287)) - Listener at localhost:15227
2024-03-04 13:05:17,625 [Socket Reader #1 for port 15227] INFO  ipc.Server (Server.java:run(1323)) - Starting Socket Reader #1 for port 15227
2024-03-04 13:05:17,628 [main] INFO  http.BaseHttpServer (BaseHttpServer.java:newHttpServer2BuilderForOzone(223)) - Starting Web-server for ozoneManager at: http://0.0.0.0:15228
2024-03-04 13:05:17,628 [main] INFO  http.BaseHttpServer (BaseHttpServer.java:<init>(110)) - Hadoop Security Enabled: false Ozone Security Enabled: false Ozone HTTP Security Enabled: false 
2024-03-04 13:05:17,629 [main] WARN  server.AuthenticationFilter (AuthenticationFilter.java:constructSecretProvider(240)) - Unable to initialize FileSignerSecretProvider, falling back to use random secrets. Reason: Could not read signature secret file: /home/runner/hadoop-http-auth-signature-secret
2024-03-04 13:05:17,629 [main] INFO  http.HttpRequestLog (HttpRequestLog.java:getRequestLog(86)) - Http request log for http.requests.ozoneManager is not defined
2024-03-04 13:05:17,630 [main] INFO  http.HttpServer2 (HttpServer2.java:addGlobalFilter(1036)) - Added global filter 'safety' (class=org.apache.hadoop.hdds.server.http.HttpServer2$QuotingInputFilter)
2024-03-04 13:05:17,630 [main] INFO  http.HttpServer2 (HttpServer2.java:addFilter(1012)) - Added filter static_user_filter (class=org.apache.hadoop.http.lib.StaticUserWebFilter$StaticUserFilter) to context ozoneManager
2024-03-04 13:05:17,630 [main] INFO  http.HttpServer2 (HttpServer2.java:addFilter(1020)) - Added filter static_user_filter (class=org.apache.hadoop.http.lib.StaticUserWebFilter$StaticUserFilter) to context logs
2024-03-04 13:05:17,630 [main] INFO  http.HttpServer2 (HttpServer2.java:addFilter(1020)) - Added filter static_user_filter (class=org.apache.hadoop.http.lib.StaticUserWebFilter$StaticUserFilter) to context static
2024-03-04 13:05:17,631 [main] INFO  http.BaseHttpServer (BaseHttpServer.java:<init>(189)) - HTTP server of ozoneManager uses base directory /home/runner/work/ozone/ozone/hadoop-ozone/integration-test/target/test-dir/MiniOzoneClusterImpl-a24c3557-08b1-4f8b-a0f8-6c13b4e42376/omNode-3/webserver
2024-03-04 13:05:17,631 [main] INFO  http.HttpServer2 (HttpServer2.java:bindListener(1236)) - Jetty bound to port 15228
2024-03-04 13:05:17,631 [main] INFO  server.Server (Server.java:doStart(375)) - jetty-9.4.53.v20231009; built: 2023-10-09T12:29:09.265Z; git: 27bde00a0b95a1d5bbee0eae7984f891d2d0f8c9; jvm 1.8.0_402-b06
2024-03-04 13:05:17,632 [main] INFO  server.session (DefaultSessionIdManager.java:doStart(334)) - DefaultSessionIdManager workerName=node0
2024-03-04 13:05:17,632 [main] INFO  server.session (DefaultSessionIdManager.java:doStart(339)) - No SessionScavenger set, using defaults
2024-03-04 13:05:17,632 [main] INFO  server.session (HouseKeeper.java:startScavenging(132)) - node0 Scavenging every 660000ms
2024-03-04 13:05:17,633 [main] INFO  handler.ContextHandler (ContextHandler.java:doStart(921)) - Started o.e.j.s.ServletContextHandler@4535ed24{logs,/logs,file:///home/runner/work/ozone/ozone/hadoop-ozone/integration-test/target/log,AVAILABLE}
2024-03-04 13:05:17,633 [main] INFO  handler.ContextHandler (ContextHandler.java:doStart(921)) - Started o.e.j.s.ServletContextHandler@1af0d719{static,/static,file:///home/runner/work/ozone/ozone/hadoop-ozone/integration-test/target/test-classes/webapps/static,AVAILABLE}
2024-03-04 13:05:17,635 [main] INFO  handler.ContextHandler (ContextHandler.java:doStart(921)) - Started o.e.j.w.WebAppContext@4f5828c6{ozoneManager,/,file:///home/runner/work/ozone/ozone/hadoop-ozone/integration-test/target/test-classes/webapps/ozoneManager/,AVAILABLE}{file:/home/runner/work/ozone/ozone/hadoop-ozone/integration-test/target/test-classes/webapps/ozoneManager}
2024-03-04 13:05:17,635 [main] INFO  server.AbstractConnector (AbstractConnector.java:doStart(333)) - Started ServerConnector@7206bfe5{HTTP/1.1, (http/1.1)}{0.0.0.0:15228}
2024-03-04 13:05:17,635 [main] INFO  server.Server (Server.java:doStart(415)) - Started @813219ms
2024-03-04 13:05:17,635 [main] WARN  impl.MetricsSystemImpl (MetricsSystemImpl.java:register(279)) - Sink prometheus already exists!
2024-03-04 13:05:17,636 [main] INFO  http.BaseHttpServer (BaseHttpServer.java:updateConnectorAddress(354)) - HTTP server of ozoneManager listening at http://0.0.0.0:15228
2024-03-04 13:05:17,636 [IPC Server Responder] INFO  ipc.Server (Server.java:run(1562)) - IPC Server Responder: starting
2024-03-04 13:05:17,636 [IPC Server listener on 15227] INFO  ipc.Server (Server.java:run(1402)) - IPC Server listener on 15227: starting
2024-03-04 13:05:17,639 [main] INFO  om.OzoneManager (OzoneManager.java:startTrashEmptier(2093)) - Trash Interval set to 0. Files deleted won't move to trash
2024-03-04 13:05:17,639 [main] INFO  om.OzoneManager (OzoneManager.java:restart(1710)) - OzoneManager RPC server is listening at localhost/127.0.0.1:15219
2024-03-04 13:05:17,639 [main] INFO  impl.MetricsSystemImpl (MetricsSystemImpl.java:init(158)) - OzoneManager metrics system started (again)
2024-03-04 13:05:17,647 [main] WARN  server.ServerUtils (ServerUtils.java:getDBPath(299)) - ozone.om.db.dirs is not configured. We recommend adding this setting. Falling back to ozone.metadata.dirs instead.
2024-03-04 13:05:17,647 [main] INFO  helpers.OmKeyInfo (OmKeyInfo.java:getCodec(71)) - OmKeyInfo.getCodec ignorePipeline = true
2024-03-04 13:05:17,679 [main] INFO  om.OzoneManager (OzoneManager.java:instantiateServices(804)) - S3 Multi-Tenancy is disabled
2024-03-04 13:05:17,680 [main] INFO  om.OmSnapshotManager (OmSnapshotManager.java:<init>(177)) - Ozone filesystem snapshot feature is enabled.
2024-03-04 13:05:17,680 [main] WARN  server.ServerUtils (ServerUtils.java:getDBPath(299)) - ozone.om.snapshot.diff.db.dir is not configured. We recommend adding this setting. Falling back to ozone.metadata.dirs instead.
2024-03-04 13:05:17,688 [main] INFO  utils.NativeLibraryLoader (NativeLibraryLoader.java:loadLibrary(108)) - Loading Library: ozone_rocksdb_tools
2024-03-04 13:05:17,688 [main] ERROR snapshot.SnapshotDiffManager (SnapshotDiffManager.java:initNativeLibraryForEfficientDiff(287)) - Native Library for raw sst file reading loading failed.
org.apache.hadoop.hdds.utils.NativeLibraryNotLoadedException: Unable to load library ozone_rocksdb_tools from both java.library.path & resource file libozone_rocksdb_tools.so from jar.
	at org.apache.hadoop.hdds.utils.db.managed.ManagedRawSSTFileReader.loadLibrary(ManagedRawSSTFileReader.java:38)
	at org.apache.hadoop.ozone.om.snapshot.SnapshotDiffManager.initNativeLibraryForEfficientDiff(SnapshotDiffManager.java:285)
	at org.apache.hadoop.ozone.om.snapshot.SnapshotDiffManager.<init>(SnapshotDiffManager.java:259)
	at org.apache.hadoop.ozone.om.OmSnapshotManager.<init>(OmSnapshotManager.java:279)
	at org.apache.hadoop.ozone.om.OzoneManager.instantiateServices(OzoneManager.java:856)
	at org.apache.hadoop.ozone.om.OzoneManager.restart(OzoneManager.java:1715)
	at org.apache.hadoop.ozone.MiniOzoneHAClusterImpl.restartOzoneManager(MiniOzoneHAClusterImpl.java:211)
	at org.apache.hadoop.ozone.om.TestOzoneManagerPrepare.resetCluster(TestOzoneManagerPrepare.java:113)
	at sun.reflect.NativeMethodAccessorImpl.invoke0(Native Method)
	at sun.reflect.NativeMethodAccessorImpl.invoke(NativeMethodAccessorImpl.java:62)
	at sun.reflect.DelegatingMethodAccessorImpl.invoke(DelegatingMethodAccessorImpl.java:43)
	at java.lang.reflect.Method.invoke(Method.java:498)
	at org.junit.platform.commons.util.ReflectionUtils.invokeMethod(ReflectionUtils.java:728)
	at org.junit.jupiter.engine.execution.MethodInvocation.proceed(MethodInvocation.java:60)
	at org.junit.jupiter.engine.execution.InvocationInterceptorChain$ValidatingInvocation.proceed(InvocationInterceptorChain.java:131)
	at org.junit.jupiter.engine.extension.TimeoutExtension.intercept(TimeoutExtension.java:156)
	at org.junit.jupiter.engine.extension.TimeoutExtension.interceptLifecycleMethod(TimeoutExtension.java:128)
	at org.junit.jupiter.engine.extension.TimeoutExtension.interceptAfterEachMethod(TimeoutExtension.java:110)
	at org.junit.jupiter.engine.execution.InterceptingExecutableInvoker$ReflectiveInterceptorCall.lambda$ofVoidMethod$0(InterceptingExecutableInvoker.java:103)
	at org.junit.jupiter.engine.execution.InterceptingExecutableInvoker.lambda$invoke$0(InterceptingExecutableInvoker.java:93)
	at org.junit.jupiter.engine.execution.InvocationInterceptorChain$InterceptedInvocation.proceed(InvocationInterceptorChain.java:106)
	at org.junit.jupiter.engine.execution.InvocationInterceptorChain.proceed(InvocationInterceptorChain.java:64)
	at org.junit.jupiter.engine.execution.InvocationInterceptorChain.chainAndInvoke(InvocationInterceptorChain.java:45)
	at org.junit.jupiter.engine.execution.InvocationInterceptorChain.invoke(InvocationInterceptorChain.java:37)
	at org.junit.jupiter.engine.execution.InterceptingExecutableInvoker.invoke(InterceptingExecutableInvoker.java:92)
	at org.junit.jupiter.engine.execution.InterceptingExecutableInvoker.invoke(InterceptingExecutableInvoker.java:86)
	at org.junit.jupiter.engine.descriptor.ClassBasedTestDescriptor.invokeMethodInExtensionContext(ClassBasedTestDescriptor.java:521)
	at org.junit.jupiter.engine.descriptor.ClassBasedTestDescriptor.lambda$synthesizeAfterEachMethodAdapter$24(ClassBasedTestDescriptor.java:511)
	at org.junit.jupiter.engine.descriptor.TestMethodTestDescriptor.lambda$invokeAfterEachMethods$10(TestMethodTestDescriptor.java:244)
	at org.junit.jupiter.engine.descriptor.TestMethodTestDescriptor.lambda$invokeAllAfterMethodsOrCallbacks$13(TestMethodTestDescriptor.java:277)
	at org.junit.platform.engine.support.hierarchical.ThrowableCollector.execute(ThrowableCollector.java:73)
	at org.junit.jupiter.engine.descriptor.TestMethodTestDescriptor.lambda$invokeAllAfterMethodsOrCallbacks$14(TestMethodTestDescriptor.java:277)
	at org.junit.platform.commons.util.CollectionUtils.forEachInReverseOrder(CollectionUtils.java:217)
	at org.junit.jupiter.engine.descriptor.TestMethodTestDescriptor.invokeAllAfterMethodsOrCallbacks(TestMethodTestDescriptor.java:276)
	at org.junit.jupiter.engine.descriptor.TestMethodTestDescriptor.invokeAfterEachMethods(TestMethodTestDescriptor.java:242)
	at org.junit.jupiter.engine.descriptor.TestMethodTestDescriptor.execute(TestMethodTestDescriptor.java:143)
	at org.junit.jupiter.engine.descriptor.TestMethodTestDescriptor.execute(TestMethodTestDescriptor.java:69)
	at org.junit.platform.engine.support.hierarchical.NodeTestTask.lambda$executeRecursively$6(NodeTestTask.java:151)
	at org.junit.platform.engine.support.hierarchical.ThrowableCollector.execute(ThrowableCollector.java:73)
	at org.junit.platform.engine.support.hierarchical.NodeTestTask.lambda$executeRecursively$8(NodeTestTask.java:141)
	at org.junit.platform.engine.support.hierarchical.Node.around(Node.java:137)
	at org.junit.platform.engine.support.hierarchical.NodeTestTask.lambda$executeRecursively$9(NodeTestTask.java:139)
	at org.junit.platform.engine.support.hierarchical.ThrowableCollector.execute(ThrowableCollector.java:73)
	at org.junit.platform.engine.support.hierarchical.NodeTestTask.executeRecursively(NodeTestTask.java:138)
	at org.junit.platform.engine.support.hierarchical.NodeTestTask.execute(NodeTestTask.java:95)
	at java.util.ArrayList.forEach(ArrayList.java:1259)
	at org.junit.platform.engine.support.hierarchical.SameThreadHierarchicalTestExecutorService.invokeAll(SameThreadHierarchicalTestExecutorService.java:41)
	at org.junit.platform.engine.support.hierarchical.NodeTestTask.lambda$executeRecursively$6(NodeTestTask.java:155)
	at org.junit.platform.engine.support.hierarchical.ThrowableCollector.execute(ThrowableCollector.java:73)
	at org.junit.platform.engine.support.hierarchical.NodeTestTask.lambda$executeRecursively$8(NodeTestTask.java:141)
	at org.junit.platform.engine.support.hierarchical.Node.around(Node.java:137)
	at org.junit.platform.engine.support.hierarchical.NodeTestTask.lambda$executeRecursively$9(NodeTestTask.java:139)
	at org.junit.platform.engine.support.hierarchical.ThrowableCollector.execute(ThrowableCollector.java:73)
	at org.junit.platform.engine.support.hierarchical.NodeTestTask.executeRecursively(NodeTestTask.java:138)
	at org.junit.platform.engine.support.hierarchical.NodeTestTask.execute(NodeTestTask.java:95)
	at java.util.ArrayList.forEach(ArrayList.java:1259)
	at org.junit.platform.engine.support.hierarchical.SameThreadHierarchicalTestExecutorService.invokeAll(SameThreadHierarchicalTestExecutorService.java:41)
	at org.junit.platform.engine.support.hierarchical.NodeTestTask.lambda$executeRecursively$6(NodeTestTask.java:155)
	at org.junit.platform.engine.support.hierarchical.ThrowableCollector.execute(ThrowableCollector.java:73)
	at org.junit.platform.engine.support.hierarchical.NodeTestTask.lambda$executeRecursively$8(NodeTestTask.java:141)
	at org.junit.platform.engine.support.hierarchical.Node.around(Node.java:137)
	at org.junit.platform.engine.support.hierarchical.NodeTestTask.lambda$executeRecursively$9(NodeTestTask.java:139)
	at org.junit.platform.engine.support.hierarchical.ThrowableCollector.execute(ThrowableCollector.java:73)
	at org.junit.platform.engine.support.hierarchical.NodeTestTask.executeRecursively(NodeTestTask.java:138)
	at org.junit.platform.engine.support.hierarchical.NodeTestTask.execute(NodeTestTask.java:95)
	at org.junit.platform.engine.support.hierarchical.SameThreadHierarchicalTestExecutorService.submit(SameThreadHierarchicalTestExecutorService.java:35)
	at org.junit.platform.engine.support.hierarchical.HierarchicalTestExecutor.execute(HierarchicalTestExecutor.java:57)
	at org.junit.platform.engine.support.hierarchical.HierarchicalTestEngine.execute(HierarchicalTestEngine.java:54)
	at org.junit.platform.launcher.core.EngineExecutionOrchestrator.execute(EngineExecutionOrchestrator.java:198)
	at org.junit.platform.launcher.core.EngineExecutionOrchestrator.execute(EngineExecutionOrchestrator.java:169)
	at org.junit.platform.launcher.core.EngineExecutionOrchestrator.execute(EngineExecutionOrchestrator.java:93)
	at org.junit.platform.launcher.core.EngineExecutionOrchestrator.lambda$execute$0(EngineExecutionOrchestrator.java:58)
	at org.junit.platform.launcher.core.EngineExecutionOrchestrator.withInterceptedStreams(EngineExecutionOrchestrator.java:141)
	at org.junit.platform.launcher.core.EngineExecutionOrchestrator.execute(EngineExecutionOrchestrator.java:57)
	at org.junit.platform.launcher.core.DefaultLauncher.execute(DefaultLauncher.java:103)
	at org.junit.platform.launcher.core.DefaultLauncher.execute(DefaultLauncher.java:85)
	at org.junit.platform.launcher.core.DelegatingLauncher.execute(DelegatingLauncher.java:47)
	at org.junit.platform.launcher.core.SessionPerRequestLauncher.execute(SessionPerRequestLauncher.java:63)
	at org.apache.maven.surefire.junitplatform.JUnitPlatformProvider.invokeAllTests(JUnitPlatformProvider.java:165)
	at org.apache.maven.surefire.junitplatform.JUnitPlatformProvider.invoke(JUnitPlatformProvider.java:124)
	at org.apache.maven.surefire.booter.ForkedBooter.runSuitesInProcess(ForkedBooter.java:428)
	at org.apache.maven.surefire.booter.ForkedBooter.execute(ForkedBooter.java:162)
	at org.apache.maven.surefire.booter.ForkedBooter.run(ForkedBooter.java:562)
	at org.apache.maven.surefire.booter.ForkedBooter.main(ForkedBooter.java:548)
2024-03-04 13:05:17,695 [main] WARN  dropwizard3.Dm3MetricRegistriesImpl (Dm3MetricRegistriesImpl.java:addReporterRegistration(113)) - New reporters are added after registries were created. Some metrics will be missing from the reporter. Please add reporter before adding any new registry.
2024-03-04 13:05:17,695 [main] WARN  dropwizard3.Dm3MetricRegistriesImpl (Dm3MetricRegistriesImpl.java:addReporterRegistration(113)) - New reporters are added after registries were created. Some metrics will be missing from the reporter. Please add reporter before adding any new registry.
2024-03-04 13:05:17,695 [main] WARN  server.ServerUtils (ServerUtils.java:getDefaultRatisDirectory(311)) - Storage directory for Ratis is not configured. It is a good idea to map this to an SSD disk. Falling back to ozone.metadata.dirs
2024-03-04 13:05:17,696 [main] INFO  ratis.OzoneManagerRatisServer (OzoneManagerRatisServer.java:<init>(167)) - Instantiating OM Ratis server with groupID: om-service-test1 and peers: localhost:15222, localhost:15230, localhost:15226
2024-03-04 13:05:17,696 [main] INFO  ratis.OzoneManagerStateMachine (OzoneManagerStateMachine.java:loadSnapshotInfoFromDB(573)) - LastAppliedIndex is set from TransactionInfo from OM DB as (t:1, i:52)
2024-03-04 13:05:17,696 [main] INFO  server.RaftServer (ConfUtils.java:logGet(46)) - raft.rpc.type = GRPC (default)
2024-03-04 13:05:17,699 [main] INFO  grpc.GrpcConfigKeys (ConfUtils.java:logFallback(53)) - raft.grpc.admin.host = null (fallback to raft.grpc.server.host)
2024-03-04 13:05:17,699 [main] INFO  grpc.GrpcConfigKeys (ConfUtils.java:logFallback(53)) - raft.grpc.admin.port = 15222 (fallback to raft.grpc.server.port)
2024-03-04 13:05:17,699 [main] INFO  grpc.GrpcConfigKeys (ConfUtils.java:logFallback(53)) - raft.grpc.client.host = null (fallback to raft.grpc.server.host)
2024-03-04 13:05:17,700 [main] INFO  grpc.GrpcConfigKeys (ConfUtils.java:logFallback(53)) - raft.grpc.client.port = 15222 (fallback to raft.grpc.server.port)
2024-03-04 13:05:17,700 [main] INFO  grpc.GrpcConfigKeys (ConfUtils.java:logGet(46)) - raft.grpc.server.host = null (default)
2024-03-04 13:05:17,700 [main] INFO  grpc.GrpcConfigKeys (ConfUtils.java:logGet(46)) - raft.grpc.server.port = 15222 (custom)
2024-03-04 13:05:17,700 [main] INFO  server.GrpcService (ConfUtils.java:logGet(46)) - raft.grpc.message.size.max = 4194304 (custom)
2024-03-04 13:05:17,700 [main] INFO  server.RaftServerConfigKeys (ConfUtils.java:logGet(46)) - raft.server.log.appender.buffer.byte-limit = 4194304 (custom)
2024-03-04 13:05:17,700 [main] INFO  server.GrpcService (ConfUtils.java:logGet(46)) - raft.grpc.flow.control.window = 1MB (=1048576) (default)
2024-03-04 13:05:17,700 [main] INFO  server.RaftServerConfigKeys (ConfUtils.java:logGet(46)) - raft.server.rpc.request.timeout = 3000ms (default)
2024-03-04 13:05:17,701 [main] INFO  grpc.GrpcConfigKeys (ConfUtils.java:logGet(46)) - raft.grpc.server.heartbeat.channel = true (default)
2024-03-04 13:05:17,701 [main] INFO  grpc.GrpcConfigKeys (ConfUtils.java:logGet(46)) - raft.grpc.server.async.request.thread.pool.cached = true (default)
2024-03-04 13:05:17,701 [main] INFO  grpc.GrpcConfigKeys (ConfUtils.java:logGet(46)) - raft.grpc.server.async.request.thread.pool.size = 32 (default)
2024-03-04 13:05:17,702 [main] INFO  impl.DataStreamServerImpl (ConfUtils.java:logGet(46)) - raft.datastream.type = DISABLED (default)
2024-03-04 13:05:17,702 [main] INFO  server.RaftServerConfigKeys (ConfUtils.java:logGet(46)) - raft.server.sleep.deviation.threshold = 300ms (default)
2024-03-04 13:05:17,702 [main] INFO  server.RaftServerConfigKeys (ConfUtils.java:logGet(46)) - raft.server.close.threshold = 60s (default)
2024-03-04 13:05:17,702 [main] INFO  server.RaftServerConfigKeys (ConfUtils.java:logGet(46)) - raft.server.leaderelection.leader.step-down.wait-time = 10s (default)
2024-03-04 13:05:17,703 [main] INFO  server.RaftServerConfigKeys (ConfUtils.java:logGet(46)) - raft.server.storage.dir = [/home/runner/work/ozone/ozone/hadoop-ozone/integration-test/target/test-dir/MiniOzoneClusterImpl-a24c3557-08b1-4f8b-a0f8-6c13b4e42376/omNode-1/ratis] (custom)
2024-03-04 13:05:17,703 [main] INFO  server.RaftServerConfigKeys (ConfUtils.java:logGet(46)) - raft.server.threadpool.proxy.cached = true (default)
2024-03-04 13:05:17,703 [main] INFO  server.RaftServerConfigKeys (ConfUtils.java:logGet(46)) - raft.server.threadpool.proxy.size = 0 (default)
2024-03-04 13:05:17,703 [omNode-1-impl-thread1] INFO  server.RaftServer (RaftServerProxy.java:initGroupDir(264)) - omNode-1: found a subdirectory /home/runner/work/ozone/ozone/hadoop-ozone/integration-test/target/test-dir/MiniOzoneClusterImpl-a24c3557-08b1-4f8b-a0f8-6c13b4e42376/omNode-1/ratis/c9bc4cf4-3bc3-3c60-a66b-523986131536
2024-03-04 13:05:17,704 [main] INFO  server.RaftServer (RaftServerProxy.java:addNew(100)) - omNode-1: addNew group-523986131536:[omNode-3|localhost:15230, omNode-1|localhost:15222, omNode-2|localhost:15226] returns group-523986131536:java.util.concurrent.CompletableFuture@18548614[Not completed]
2024-03-04 13:05:17,704 [main] INFO  om.OzoneManager (OzoneManager.java:initializeRatisServer(2140)) - OzoneManager Ratis server initialized at port 15222
2024-03-04 13:05:17,704 [main] INFO  ratis.OzoneManagerRatisServer (OzoneManagerRatisServer.java:start(588)) - Starting OzoneManagerRatisServer omNode-1 at port 15222
2024-03-04 13:05:17,704 [omNode-1-groupManagement] INFO  server.RaftServer$Division (RaftServerImpl.java:<init>(256)) - omNode-1: new RaftServerImpl for group-523986131536:[omNode-3|localhost:15230, omNode-1|localhost:15222, omNode-2|localhost:15226] with OzoneManagerStateMachine:uninitialized
2024-03-04 13:05:17,704 [omNode-1-groupManagement] INFO  server.RaftServerConfigKeys (ConfUtils.java:logGet(46)) - raft.server.rpc.timeout.min = 1s (custom)
2024-03-04 13:05:17,704 [omNode-1-groupManagement] INFO  server.RaftServerConfigKeys (ConfUtils.java:logGet(46)) - raft.server.rpc.timeout.max = 1200ms (custom)
2024-03-04 13:05:17,704 [omNode-1-groupManagement] INFO  server.RaftServerConfigKeys (ConfUtils.java:logGet(46)) - raft.server.rpc.sleep.time = 25ms (default)
2024-03-04 13:05:17,704 [omNode-1-groupManagement] INFO  server.RaftServerConfigKeys (ConfUtils.java:logGet(46)) - raft.server.rpc.slowness.timeout = 2s (custom)
2024-03-04 13:05:17,705 [omNode-1-groupManagement] INFO  server.RaftServerConfigKeys (ConfUtils.java:logGet(46)) - raft.server.leaderelection.leader.step-down.wait-time = 10s (default)
2024-03-04 13:05:17,705 [omNode-1-groupManagement] INFO  server.RaftServerConfigKeys (ConfUtils.java:logGet(46)) - raft.server.leaderelection.member.majority-add = false (default)
2024-03-04 13:05:17,705 [omNode-1-groupManagement] INFO  server.RaftServerConfigKeys (ConfUtils.java:logGet(46)) - raft.server.sleep.deviation.threshold = 300ms (default)
2024-03-04 13:05:17,705 [omNode-1-groupManagement] INFO  server.RaftServer$Division (ServerState.java:<init>(113)) - omNode-1@group-523986131536: ConfigurationManager, init=-1: peers:[omNode-3|localhost:15230, omNode-1|localhost:15222, omNode-2|localhost:15226]|listeners:[], old=null, confs=<EMPTY_MAP>
2024-03-04 13:05:17,705 [omNode-1-groupManagement] INFO  server.RaftServerConfigKeys (ConfUtils.java:logGet(46)) - raft.server.notification.no-leader.timeout = 2s (custom)
2024-03-04 13:05:17,705 [omNode-1-groupManagement] INFO  server.RaftServerConfigKeys (ConfUtils.java:logGet(46)) - raft.server.read.timeout = 10s (default)
2024-03-04 13:05:17,705 [omNode-1-groupManagement] INFO  server.RaftServerConfigKeys (ConfUtils.java:logGet(46)) - raft.server.retrycache.expirytime = 30000ms (custom)
2024-03-04 13:05:17,705 [omNode-1-groupManagement] INFO  server.RaftServerConfigKeys (ConfUtils.java:logGet(46)) - raft.server.retrycache.statistics.expirytime = 100ms (default)
2024-03-04 13:05:17,705 [omNode-1-groupManagement] INFO  server.RaftServerConfigKeys (ConfUtils.java:logGet(46)) - raft.server.read.option = DEFAULT (default)
2024-03-04 13:05:17,706 [omNode-1-groupManagement] INFO  server.RaftServerConfigKeys (ConfUtils.java:logGet(46)) - raft.server.read.read-after-write-consistent.write-index-cache.expiry-time = 60s (default)
2024-03-04 13:05:17,707 [omNode-1-groupManagement] INFO  server.RaftServerConfigKeys (ConfUtils.java:logGet(46)) - raft.server.rpc.request.timeout = 3000ms (default)
2024-03-04 13:05:17,707 [omNode-1-groupManagement] INFO  server.RaftServerConfigKeys (ConfUtils.java:logGet(46)) - raft.server.log.appender.install.snapshot.enabled = false (custom)
2024-03-04 13:05:17,707 [omNode-1-groupManagement] INFO  server.RaftServerConfigKeys (ConfUtils.java:logGet(46)) - raft.server.threadpool.server.cached = true (default)
2024-03-04 13:05:17,707 [omNode-1-groupManagement] INFO  server.RaftServerConfigKeys (ConfUtils.java:logGet(46)) - raft.server.threadpool.server.size = 0 (default)
2024-03-04 13:05:17,707 [omNode-1-groupManagement] INFO  server.RaftServerConfigKeys (ConfUtils.java:logGet(46)) - raft.server.threadpool.client.cached = true (default)
2024-03-04 13:05:17,707 [omNode-1-groupManagement] INFO  server.RaftServerConfigKeys (ConfUtils.java:logGet(46)) - raft.server.threadpool.client.size = 0 (default)
2024-03-04 13:05:17,707 [omNode-1-impl-thread1] INFO  server.RaftServerConfigKeys (ConfUtils.java:logGet(46)) - raft.server.storage.free-space.min = 0MB (=0) (default)
2024-03-04 13:05:17,707 [omNode-1-impl-thread1] INFO  server.RaftServerConfigKeys (ConfUtils.java:logGet(46)) - raft.server.log.corruption.policy = EXCEPTION (default)
2024-03-04 13:05:17,707 [omNode-1-impl-thread1] INFO  server.RaftServerConfigKeys (ConfUtils.java:logGet(46)) - raft.server.storage.dir = [/home/runner/work/ozone/ozone/hadoop-ozone/integration-test/target/test-dir/MiniOzoneClusterImpl-a24c3557-08b1-4f8b-a0f8-6c13b4e42376/omNode-1/ratis] (custom)
2024-03-04 13:05:17,708 [omNode-1-impl-thread1] INFO  storage.RaftStorageDirectory (RaftStorageDirectoryImpl.java:tryLock(228)) - Lock on /home/runner/work/ozone/ozone/hadoop-ozone/integration-test/target/test-dir/MiniOzoneClusterImpl-a24c3557-08b1-4f8b-a0f8-6c13b4e42376/omNode-1/ratis/c9bc4cf4-3bc3-3c60-a66b-523986131536/in_use.lock acquired by nodename 41993@fv-az571-795
2024-03-04 13:05:17,708 [omNode-1-impl-thread1] INFO  storage.RaftStorage (RaftStorageImpl.java:analyzeAndRecoverStorage(119)) - Read RaftStorageMetadata{term=1, votedFor=omNode-1} from /home/runner/work/ozone/ozone/hadoop-ozone/integration-test/target/test-dir/MiniOzoneClusterImpl-a24c3557-08b1-4f8b-a0f8-6c13b4e42376/omNode-1/ratis/c9bc4cf4-3bc3-3c60-a66b-523986131536/current/raft-meta
2024-03-04 13:05:17,709 [omNode-1-impl-thread1] INFO  server.RaftServer$Division (ServerState.java:setRaftConf(386)) - omNode-1@group-523986131536: set configuration 0: peers:[omNode-3|localhost:15230, omNode-1|localhost:15222, omNode-2|localhost:15226]|listeners:[], old=null
2024-03-04 13:05:17,709 [omNode-1-impl-thread1] INFO  server.RaftServerConfigKeys (ConfUtils.java:logGet(46)) - raft.server.log.use.memory = false (default)
2024-03-04 13:05:17,709 [omNode-1-impl-thread1] INFO  server.RaftServerConfigKeys (ConfUtils.java:logGet(46)) - raft.server.log.purge.gap = 50 (custom)
2024-03-04 13:05:17,709 [omNode-1-impl-thread1] INFO  server.RaftServerConfigKeys (ConfUtils.java:logGet(46)) - raft.server.log.appender.buffer.byte-limit = 4194304 (custom)
2024-03-04 13:05:17,709 [omNode-1-impl-thread1] INFO  server.RaftServerConfigKeys (ConfUtils.java:logGet(46)) - raft.server.log.statemachine.data.read.timeout = 1000ms (default)
2024-03-04 13:05:17,709 [omNode-1-impl-thread1] INFO  server.RaftServerConfigKeys (ConfUtils.java:logGet(46)) - raft.server.log.purge.preservation.log.num = 0 (default)
2024-03-04 13:05:17,709 [omNode-1-impl-thread1] INFO  server.RaftServerConfigKeys (ConfUtils.java:logGet(46)) - raft.server.log.segment.size.max = 4194304 (custom)
2024-03-04 13:05:17,710 [omNode-1-impl-thread1] INFO  server.RaftServerConfigKeys (ConfUtils.java:logGet(46)) - raft.server.log.segment.cache.num.max = 2 (custom)
2024-03-04 13:05:17,710 [omNode-1-impl-thread1] INFO  server.RaftServerConfigKeys (ConfUtils.java:logGet(46)) - raft.server.log.segment.cache.size.max = 200MB (=209715200) (default)
2024-03-04 13:05:17,710 [omNode-1-impl-thread1] INFO  server.RaftServerConfigKeys (ConfUtils.java:logGet(46)) - raft.server.log.appender.buffer.byte-limit = 4194304 (custom)
2024-03-04 13:05:17,710 [omNode-1-impl-thread1] INFO  util.AwaitToRun (AwaitToRun.java:start(81)) - Thread[omNode-1@group-523986131536-cacheEviction-AwaitToRun,5,main] started
2024-03-04 13:05:17,710 [omNode-1-impl-thread1] INFO  segmented.SegmentedRaftLogWorker (SegmentedRaftLogWorker.java:<init>(182)) - new omNode-1@group-523986131536-SegmentedRaftLogWorker for RaftStorageImpl:Storage Directory /home/runner/work/ozone/ozone/hadoop-ozone/integration-test/target/test-dir/MiniOzoneClusterImpl-a24c3557-08b1-4f8b-a0f8-6c13b4e42376/omNode-1/ratis/c9bc4cf4-3bc3-3c60-a66b-523986131536
2024-03-04 13:05:17,710 [omNode-1-impl-thread1] INFO  server.RaftServerConfigKeys (ConfUtils.java:logGet(46)) - raft.server.log.queue.byte-limit = 64MB (=67108864) (default)
2024-03-04 13:05:17,710 [omNode-1-impl-thread1] INFO  server.RaftServerConfigKeys (ConfUtils.java:logGet(46)) - raft.server.log.queue.element-limit = 4096 (default)
2024-03-04 13:05:17,710 [omNode-1-impl-thread1] INFO  server.RaftServerConfigKeys (ConfUtils.java:logGet(46)) - raft.server.log.segment.size.max = 4194304 (custom)
2024-03-04 13:05:17,710 [omNode-1-impl-thread1] INFO  server.RaftServerConfigKeys (ConfUtils.java:logGet(46)) - raft.server.log.preallocated.size = 4194304 (custom)
2024-03-04 13:05:17,710 [omNode-1-impl-thread1] INFO  server.RaftServerConfigKeys (ConfUtils.java:logGet(46)) - raft.server.log.force.sync.num = 128 (default)
2024-03-04 13:05:17,710 [omNode-1-impl-thread1] INFO  server.RaftServerConfigKeys (ConfUtils.java:logGet(46)) - raft.server.log.statemachine.data.sync = true (default)
2024-03-04 13:05:17,710 [omNode-1-impl-thread1] INFO  server.RaftServerConfigKeys (ConfUtils.java:logGet(46)) - raft.server.log.statemachine.data.sync.timeout = 10s (default)
2024-03-04 13:05:17,710 [omNode-1-impl-thread1] INFO  server.RaftServerConfigKeys (ConfUtils.java:logGet(46)) - raft.server.log.statemachine.data.sync.timeout.retry = -1 (default)
2024-03-04 13:05:17,710 [omNode-1-impl-thread1] INFO  server.RaftServerConfigKeys (ConfUtils.java:logGet(46)) - raft.server.log.write.buffer.size = 4194312 (custom)
2024-03-04 13:05:17,711 [omNode-1-impl-thread1] INFO  server.RaftServerConfigKeys (ConfUtils.java:logGet(46)) - raft.server.log.appender.buffer.byte-limit = 4194304 (custom)
2024-03-04 13:05:17,711 [omNode-1-impl-thread1] INFO  server.RaftServerConfigKeys (ConfUtils.java:logGet(46)) - raft.server.log.unsafe-flush.enabled = false (default)
2024-03-04 13:05:17,711 [omNode-1-impl-thread1] INFO  server.RaftServerConfigKeys (ConfUtils.java:logGet(46)) - raft.server.log.async-flush.enabled = false (default)
2024-03-04 13:05:17,711 [omNode-1-impl-thread1] INFO  server.RaftServerConfigKeys (ConfUtils.java:logGet(46)) - raft.server.log.statemachine.data.caching.enabled = false (default)
2024-03-04 13:05:17,711 [omNode-1-impl-thread1] INFO  server.RaftServer$Division (ServerState.java:setRaftConf(386)) - omNode-1@group-523986131536: set configuration 0: peers:[omNode-3|localhost:15230, omNode-1|localhost:15222, omNode-2|localhost:15226]|listeners:[], old=null
2024-03-04 13:05:17,713 [omNode-1-impl-thread1] INFO  segmented.LogSegment (LogSegment.java:loadSegment(170)) - Successfully read 53 entries from segment file /home/runner/work/ozone/ozone/hadoop-ozone/integration-test/target/test-dir/MiniOzoneClusterImpl-a24c3557-08b1-4f8b-a0f8-6c13b4e42376/omNode-1/ratis/c9bc4cf4-3bc3-3c60-a66b-523986131536/current/log_inprogress_0
2024-03-04 13:05:17,713 [omNode-1-impl-thread1] INFO  segmented.SegmentedRaftLogWorker (SegmentedRaftLogWorker.java:lambda$new$0(134)) - omNode-1@group-523986131536-SegmentedRaftLogWorker: flushIndex: setUnconditionally 0 -> 52
2024-03-04 13:05:17,713 [omNode-1-impl-thread1] INFO  segmented.SegmentedRaftLogWorker (SegmentedRaftLogWorker.java:lambda$new$0(134)) - omNode-1@group-523986131536-SegmentedRaftLogWorker: safeCacheEvictIndex: setUnconditionally 0 -> -1
2024-03-04 13:05:17,713 [omNode-1-impl-thread1] INFO  segmented.BufferedWriteChannel (BufferedWriteChannel.java:open(62)) - open log_inprogress_0 (append) at position 16775
2024-03-04 13:05:17,713 [omNode-1-impl-thread1] INFO  server.RaftServer$Division (RaftServerImpl.java:start(396)) - omNode-1@group-523986131536: start as a follower, conf=0: peers:[omNode-3|localhost:15230, omNode-1|localhost:15222, omNode-2|localhost:15226]|listeners:[], old=null
2024-03-04 13:05:17,714 [omNode-1-impl-thread1] INFO  server.RaftServer$Division (RaftServerImpl.java:setRole(383)) - omNode-1@group-523986131536: changes role from      null to FOLLOWER at term 1 for startAsFollower
2024-03-04 13:05:17,714 [omNode-1-impl-thread1] INFO  impl.RoleInfo (RoleInfo.java:updateAndGet(139)) - omNode-1: start omNode-1@group-523986131536-FollowerState
2024-03-04 13:05:17,714 [omNode-1@group-523986131536-FollowerState] INFO  server.RaftServerConfigKeys (ConfUtils.java:logFallback(53)) - raft.server.rpc.first-election.timeout.min = 1s (fallback to raft.server.rpc.timeout.min)
2024-03-04 13:05:17,714 [omNode-1-impl-thread1] INFO  util.JmxRegister (JmxRegister.java:tryRegister(44)) - Successfully registered JMX Bean with object name Ratis:service=RaftServer,group=group-523986131536,id=omNode-1
2024-03-04 13:05:17,714 [omNode-1@group-523986131536-FollowerState] INFO  server.RaftServerConfigKeys (ConfUtils.java:logFallback(53)) - raft.server.rpc.first-election.timeout.max = 1200ms (fallback to raft.server.rpc.timeout.max)
2024-03-04 13:05:17,714 [omNode-1-impl-thread1] INFO  server.RaftServerConfigKeys (ConfUtils.java:logGet(46)) - raft.server.snapshot.trigger-when-stop.enabled = true (default)
2024-03-04 13:05:17,714 [omNode-1-impl-thread1] INFO  server.RaftServerConfigKeys (ConfUtils.java:logGet(46)) - raft.server.snapshot.auto.trigger.enabled = true (custom)
2024-03-04 13:05:17,714 [omNode-1-impl-thread1] INFO  server.RaftServerConfigKeys (ConfUtils.java:logGet(46)) - raft.server.snapshot.auto.trigger.threshold = 50 (custom)
2024-03-04 13:05:17,714 [omNode-1-impl-thread1] INFO  server.RaftServerConfigKeys (ConfUtils.java:logGet(46)) - raft.server.snapshot.retention.file.num = -1 (default)
2024-03-04 13:05:17,714 [omNode-1-impl-thread1] INFO  server.RaftServerConfigKeys (ConfUtils.java:logGet(46)) - raft.server.log.purge.upto.snapshot.index = true (custom)
2024-03-04 13:05:17,715 [main] INFO  server.RaftServer (RaftServerProxy.java:startImpl(406)) - omNode-1: start RPC server
2024-03-04 13:05:17,716 [main] INFO  server.GrpcService (GrpcService.java:startImpl(302)) - omNode-1: GrpcService started, listening on 15222
2024-03-04 13:05:17,716 [main] INFO  om.OzoneManager (OzoneManager.java:getRpcServer(1206)) - Creating RPC Server
2024-03-04 13:05:17,716 [JvmPauseMonitor67] INFO  util.JvmPauseMonitor (JvmPauseMonitor.java:run(146)) - JvmPauseMonitor-omNode-1: Started
2024-03-04 13:05:17,888 [main] INFO  ipc.CallQueueManager (CallQueueManager.java:<init>(90)) - Using callQueue: class java.util.concurrent.LinkedBlockingQueue, queueCapacity: 2000, scheduler: class org.apache.hadoop.ipc.DefaultRpcScheduler, ipcBackoff: false.
2024-03-04 13:05:17,888 [main] INFO  ipc.Server (Server.java:<init>(1287)) - Listener at localhost:15219
2024-03-04 13:05:17,888 [Socket Reader #1 for port 15219] INFO  ipc.Server (Server.java:run(1323)) - Starting Socket Reader #1 for port 15219
2024-03-04 13:05:17,891 [main] INFO  http.BaseHttpServer (BaseHttpServer.java:newHttpServer2BuilderForOzone(223)) - Starting Web-server for ozoneManager at: http://0.0.0.0:15220
2024-03-04 13:05:17,891 [main] INFO  http.BaseHttpServer (BaseHttpServer.java:<init>(110)) - Hadoop Security Enabled: false Ozone Security Enabled: false Ozone HTTP Security Enabled: false 
2024-03-04 13:05:17,892 [main] WARN  server.AuthenticationFilter (AuthenticationFilter.java:constructSecretProvider(240)) - Unable to initialize FileSignerSecretProvider, falling back to use random secrets. Reason: Could not read signature secret file: /home/runner/hadoop-http-auth-signature-secret
2024-03-04 13:05:17,892 [main] INFO  http.HttpRequestLog (HttpRequestLog.java:getRequestLog(86)) - Http request log for http.requests.ozoneManager is not defined
2024-03-04 13:05:17,893 [main] INFO  http.HttpServer2 (HttpServer2.java:addGlobalFilter(1036)) - Added global filter 'safety' (class=org.apache.hadoop.hdds.server.http.HttpServer2$QuotingInputFilter)
2024-03-04 13:05:17,893 [main] INFO  http.HttpServer2 (HttpServer2.java:addFilter(1012)) - Added filter static_user_filter (class=org.apache.hadoop.http.lib.StaticUserWebFilter$StaticUserFilter) to context ozoneManager
2024-03-04 13:05:17,893 [main] INFO  http.HttpServer2 (HttpServer2.java:addFilter(1020)) - Added filter static_user_filter (class=org.apache.hadoop.http.lib.StaticUserWebFilter$StaticUserFilter) to context logs
2024-03-04 13:05:17,893 [main] INFO  http.HttpServer2 (HttpServer2.java:addFilter(1020)) - Added filter static_user_filter (class=org.apache.hadoop.http.lib.StaticUserWebFilter$StaticUserFilter) to context static
2024-03-04 13:05:17,894 [main] INFO  http.BaseHttpServer (BaseHttpServer.java:<init>(189)) - HTTP server of ozoneManager uses base directory /home/runner/work/ozone/ozone/hadoop-ozone/integration-test/target/test-dir/MiniOzoneClusterImpl-a24c3557-08b1-4f8b-a0f8-6c13b4e42376/omNode-1/webserver
2024-03-04 13:05:17,894 [main] INFO  http.HttpServer2 (HttpServer2.java:bindListener(1236)) - Jetty bound to port 15220
2024-03-04 13:05:17,894 [main] INFO  server.Server (Server.java:doStart(375)) - jetty-9.4.53.v20231009; built: 2023-10-09T12:29:09.265Z; git: 27bde00a0b95a1d5bbee0eae7984f891d2d0f8c9; jvm 1.8.0_402-b06
2024-03-04 13:05:17,895 [main] INFO  server.session (DefaultSessionIdManager.java:doStart(334)) - DefaultSessionIdManager workerName=node0
2024-03-04 13:05:17,895 [main] INFO  server.session (DefaultSessionIdManager.java:doStart(339)) - No SessionScavenger set, using defaults
2024-03-04 13:05:17,896 [main] INFO  server.session (HouseKeeper.java:startScavenging(132)) - node0 Scavenging every 600000ms
2024-03-04 13:05:17,896 [main] INFO  handler.ContextHandler (ContextHandler.java:doStart(921)) - Started o.e.j.s.ServletContextHandler@a7b01a3{logs,/logs,file:///home/runner/work/ozone/ozone/hadoop-ozone/integration-test/target/log,AVAILABLE}
2024-03-04 13:05:17,896 [main] INFO  handler.ContextHandler (ContextHandler.java:doStart(921)) - Started o.e.j.s.ServletContextHandler@29bcc4b2{static,/static,file:///home/runner/work/ozone/ozone/hadoop-ozone/integration-test/target/test-classes/webapps/static,AVAILABLE}
2024-03-04 13:05:17,898 [main] INFO  handler.ContextHandler (ContextHandler.java:doStart(921)) - Started o.e.j.w.WebAppContext@798d91d0{ozoneManager,/,file:///home/runner/work/ozone/ozone/hadoop-ozone/integration-test/target/test-classes/webapps/ozoneManager/,AVAILABLE}{file:/home/runner/work/ozone/ozone/hadoop-ozone/integration-test/target/test-classes/webapps/ozoneManager}
2024-03-04 13:05:17,899 [main] INFO  server.AbstractConnector (AbstractConnector.java:doStart(333)) - Started ServerConnector@5c5e8e02{HTTP/1.1, (http/1.1)}{0.0.0.0:15220}
2024-03-04 13:05:17,899 [main] INFO  server.Server (Server.java:doStart(415)) - Started @813482ms
2024-03-04 13:05:17,899 [main] WARN  impl.MetricsSystemImpl (MetricsSystemImpl.java:register(279)) - Sink prometheus already exists!
2024-03-04 13:05:17,899 [main] INFO  http.BaseHttpServer (BaseHttpServer.java:updateConnectorAddress(354)) - HTTP server of ozoneManager listening at http://0.0.0.0:15220
2024-03-04 13:05:17,900 [IPC Server Responder] INFO  ipc.Server (Server.java:run(1562)) - IPC Server Responder: starting
2024-03-04 13:05:17,900 [IPC Server listener on 15219] INFO  ipc.Server (Server.java:run(1402)) - IPC Server listener on 15219: starting
2024-03-04 13:05:17,903 [main] INFO  om.OzoneManager (OzoneManager.java:startTrashEmptier(2093)) - Trash Interval set to 0. Files deleted won't move to trash
2024-03-04 13:05:17,903 [main] INFO  om.OzoneManager (OzoneManager.java:restart(1710)) - OzoneManager RPC server is listening at localhost/127.0.0.1:15223
2024-03-04 13:05:17,903 [main] INFO  impl.MetricsSystemImpl (MetricsSystemImpl.java:init(158)) - OzoneManager metrics system started (again)
2024-03-04 13:05:17,911 [main] WARN  server.ServerUtils (ServerUtils.java:getDBPath(299)) - ozone.om.db.dirs is not configured. We recommend adding this setting. Falling back to ozone.metadata.dirs instead.
2024-03-04 13:05:17,911 [main] INFO  helpers.OmKeyInfo (OmKeyInfo.java:getCodec(71)) - OmKeyInfo.getCodec ignorePipeline = true
2024-03-04 13:05:17,942 [main] INFO  om.OzoneManager (OzoneManager.java:instantiateServices(804)) - S3 Multi-Tenancy is disabled
2024-03-04 13:05:17,943 [main] INFO  om.OmSnapshotManager (OmSnapshotManager.java:<init>(177)) - Ozone filesystem snapshot feature is enabled.
2024-03-04 13:05:17,943 [main] WARN  server.ServerUtils (ServerUtils.java:getDBPath(299)) - ozone.om.snapshot.diff.db.dir is not configured. We recommend adding this setting. Falling back to ozone.metadata.dirs instead.
2024-03-04 13:05:17,951 [main] INFO  utils.NativeLibraryLoader (NativeLibraryLoader.java:loadLibrary(108)) - Loading Library: ozone_rocksdb_tools
2024-03-04 13:05:17,951 [main] ERROR snapshot.SnapshotDiffManager (SnapshotDiffManager.java:initNativeLibraryForEfficientDiff(287)) - Native Library for raw sst file reading loading failed.
org.apache.hadoop.hdds.utils.NativeLibraryNotLoadedException: Unable to load library ozone_rocksdb_tools from both java.library.path & resource file libozone_rocksdb_tools.so from jar.
	at org.apache.hadoop.hdds.utils.db.managed.ManagedRawSSTFileReader.loadLibrary(ManagedRawSSTFileReader.java:38)
	at org.apache.hadoop.ozone.om.snapshot.SnapshotDiffManager.initNativeLibraryForEfficientDiff(SnapshotDiffManager.java:285)
	at org.apache.hadoop.ozone.om.snapshot.SnapshotDiffManager.<init>(SnapshotDiffManager.java:259)
	at org.apache.hadoop.ozone.om.OmSnapshotManager.<init>(OmSnapshotManager.java:279)
	at org.apache.hadoop.ozone.om.OzoneManager.instantiateServices(OzoneManager.java:856)
	at org.apache.hadoop.ozone.om.OzoneManager.restart(OzoneManager.java:1715)
	at org.apache.hadoop.ozone.MiniOzoneHAClusterImpl.restartOzoneManager(MiniOzoneHAClusterImpl.java:211)
	at org.apache.hadoop.ozone.om.TestOzoneManagerPrepare.resetCluster(TestOzoneManagerPrepare.java:113)
	at sun.reflect.NativeMethodAccessorImpl.invoke0(Native Method)
	at sun.reflect.NativeMethodAccessorImpl.invoke(NativeMethodAccessorImpl.java:62)
	at sun.reflect.DelegatingMethodAccessorImpl.invoke(DelegatingMethodAccessorImpl.java:43)
	at java.lang.reflect.Method.invoke(Method.java:498)
	at org.junit.platform.commons.util.ReflectionUtils.invokeMethod(ReflectionUtils.java:728)
	at org.junit.jupiter.engine.execution.MethodInvocation.proceed(MethodInvocation.java:60)
	at org.junit.jupiter.engine.execution.InvocationInterceptorChain$ValidatingInvocation.proceed(InvocationInterceptorChain.java:131)
	at org.junit.jupiter.engine.extension.TimeoutExtension.intercept(TimeoutExtension.java:156)
	at org.junit.jupiter.engine.extension.TimeoutExtension.interceptLifecycleMethod(TimeoutExtension.java:128)
	at org.junit.jupiter.engine.extension.TimeoutExtension.interceptAfterEachMethod(TimeoutExtension.java:110)
	at org.junit.jupiter.engine.execution.InterceptingExecutableInvoker$ReflectiveInterceptorCall.lambda$ofVoidMethod$0(InterceptingExecutableInvoker.java:103)
	at org.junit.jupiter.engine.execution.InterceptingExecutableInvoker.lambda$invoke$0(InterceptingExecutableInvoker.java:93)
	at org.junit.jupiter.engine.execution.InvocationInterceptorChain$InterceptedInvocation.proceed(InvocationInterceptorChain.java:106)
	at org.junit.jupiter.engine.execution.InvocationInterceptorChain.proceed(InvocationInterceptorChain.java:64)
	at org.junit.jupiter.engine.execution.InvocationInterceptorChain.chainAndInvoke(InvocationInterceptorChain.java:45)
	at org.junit.jupiter.engine.execution.InvocationInterceptorChain.invoke(InvocationInterceptorChain.java:37)
	at org.junit.jupiter.engine.execution.InterceptingExecutableInvoker.invoke(InterceptingExecutableInvoker.java:92)
	at org.junit.jupiter.engine.execution.InterceptingExecutableInvoker.invoke(InterceptingExecutableInvoker.java:86)
	at org.junit.jupiter.engine.descriptor.ClassBasedTestDescriptor.invokeMethodInExtensionContext(ClassBasedTestDescriptor.java:521)
	at org.junit.jupiter.engine.descriptor.ClassBasedTestDescriptor.lambda$synthesizeAfterEachMethodAdapter$24(ClassBasedTestDescriptor.java:511)
	at org.junit.jupiter.engine.descriptor.TestMethodTestDescriptor.lambda$invokeAfterEachMethods$10(TestMethodTestDescriptor.java:244)
	at org.junit.jupiter.engine.descriptor.TestMethodTestDescriptor.lambda$invokeAllAfterMethodsOrCallbacks$13(TestMethodTestDescriptor.java:277)
	at org.junit.platform.engine.support.hierarchical.ThrowableCollector.execute(ThrowableCollector.java:73)
	at org.junit.jupiter.engine.descriptor.TestMethodTestDescriptor.lambda$invokeAllAfterMethodsOrCallbacks$14(TestMethodTestDescriptor.java:277)
	at org.junit.platform.commons.util.CollectionUtils.forEachInReverseOrder(CollectionUtils.java:217)
	at org.junit.jupiter.engine.descriptor.TestMethodTestDescriptor.invokeAllAfterMethodsOrCallbacks(TestMethodTestDescriptor.java:276)
	at org.junit.jupiter.engine.descriptor.TestMethodTestDescriptor.invokeAfterEachMethods(TestMethodTestDescriptor.java:242)
	at org.junit.jupiter.engine.descriptor.TestMethodTestDescriptor.execute(TestMethodTestDescriptor.java:143)
	at org.junit.jupiter.engine.descriptor.TestMethodTestDescriptor.execute(TestMethodTestDescriptor.java:69)
	at org.junit.platform.engine.support.hierarchical.NodeTestTask.lambda$executeRecursively$6(NodeTestTask.java:151)
	at org.junit.platform.engine.support.hierarchical.ThrowableCollector.execute(ThrowableCollector.java:73)
	at org.junit.platform.engine.support.hierarchical.NodeTestTask.lambda$executeRecursively$8(NodeTestTask.java:141)
	at org.junit.platform.engine.support.hierarchical.Node.around(Node.java:137)
	at org.junit.platform.engine.support.hierarchical.NodeTestTask.lambda$executeRecursively$9(NodeTestTask.java:139)
	at org.junit.platform.engine.support.hierarchical.ThrowableCollector.execute(ThrowableCollector.java:73)
	at org.junit.platform.engine.support.hierarchical.NodeTestTask.executeRecursively(NodeTestTask.java:138)
	at org.junit.platform.engine.support.hierarchical.NodeTestTask.execute(NodeTestTask.java:95)
	at java.util.ArrayList.forEach(ArrayList.java:1259)
	at org.junit.platform.engine.support.hierarchical.SameThreadHierarchicalTestExecutorService.invokeAll(SameThreadHierarchicalTestExecutorService.java:41)
	at org.junit.platform.engine.support.hierarchical.NodeTestTask.lambda$executeRecursively$6(NodeTestTask.java:155)
	at org.junit.platform.engine.support.hierarchical.ThrowableCollector.execute(ThrowableCollector.java:73)
	at org.junit.platform.engine.support.hierarchical.NodeTestTask.lambda$executeRecursively$8(NodeTestTask.java:141)
	at org.junit.platform.engine.support.hierarchical.Node.around(Node.java:137)
	at org.junit.platform.engine.support.hierarchical.NodeTestTask.lambda$executeRecursively$9(NodeTestTask.java:139)
	at org.junit.platform.engine.support.hierarchical.ThrowableCollector.execute(ThrowableCollector.java:73)
	at org.junit.platform.engine.support.hierarchical.NodeTestTask.executeRecursively(NodeTestTask.java:138)
	at org.junit.platform.engine.support.hierarchical.NodeTestTask.execute(NodeTestTask.java:95)
	at java.util.ArrayList.forEach(ArrayList.java:1259)
	at org.junit.platform.engine.support.hierarchical.SameThreadHierarchicalTestExecutorService.invokeAll(SameThreadHierarchicalTestExecutorService.java:41)
	at org.junit.platform.engine.support.hierarchical.NodeTestTask.lambda$executeRecursively$6(NodeTestTask.java:155)
	at org.junit.platform.engine.support.hierarchical.ThrowableCollector.execute(ThrowableCollector.java:73)
	at org.junit.platform.engine.support.hierarchical.NodeTestTask.lambda$executeRecursively$8(NodeTestTask.java:141)
	at org.junit.platform.engine.support.hierarchical.Node.around(Node.java:137)
	at org.junit.platform.engine.support.hierarchical.NodeTestTask.lambda$executeRecursively$9(NodeTestTask.java:139)
	at org.junit.platform.engine.support.hierarchical.ThrowableCollector.execute(ThrowableCollector.java:73)
	at org.junit.platform.engine.support.hierarchical.NodeTestTask.executeRecursively(NodeTestTask.java:138)
	at org.junit.platform.engine.support.hierarchical.NodeTestTask.execute(NodeTestTask.java:95)
	at org.junit.platform.engine.support.hierarchical.SameThreadHierarchicalTestExecutorService.submit(SameThreadHierarchicalTestExecutorService.java:35)
	at org.junit.platform.engine.support.hierarchical.HierarchicalTestExecutor.execute(HierarchicalTestExecutor.java:57)
	at org.junit.platform.engine.support.hierarchical.HierarchicalTestEngine.execute(HierarchicalTestEngine.java:54)
	at org.junit.platform.launcher.core.EngineExecutionOrchestrator.execute(EngineExecutionOrchestrator.java:198)
	at org.junit.platform.launcher.core.EngineExecutionOrchestrator.execute(EngineExecutionOrchestrator.java:169)
	at org.junit.platform.launcher.core.EngineExecutionOrchestrator.execute(EngineExecutionOrchestrator.java:93)
	at org.junit.platform.launcher.core.EngineExecutionOrchestrator.lambda$execute$0(EngineExecutionOrchestrator.java:58)
	at org.junit.platform.launcher.core.EngineExecutionOrchestrator.withInterceptedStreams(EngineExecutionOrchestrator.java:141)
	at org.junit.platform.launcher.core.EngineExecutionOrchestrator.execute(EngineExecutionOrchestrator.java:57)
	at org.junit.platform.launcher.core.DefaultLauncher.execute(DefaultLauncher.java:103)
	at org.junit.platform.launcher.core.DefaultLauncher.execute(DefaultLauncher.java:85)
	at org.junit.platform.launcher.core.DelegatingLauncher.execute(DelegatingLauncher.java:47)
	at org.junit.platform.launcher.core.SessionPerRequestLauncher.execute(SessionPerRequestLauncher.java:63)
	at org.apache.maven.surefire.junitplatform.JUnitPlatformProvider.invokeAllTests(JUnitPlatformProvider.java:165)
	at org.apache.maven.surefire.junitplatform.JUnitPlatformProvider.invoke(JUnitPlatformProvider.java:124)
	at org.apache.maven.surefire.booter.ForkedBooter.runSuitesInProcess(ForkedBooter.java:428)
	at org.apache.maven.surefire.booter.ForkedBooter.execute(ForkedBooter.java:162)
	at org.apache.maven.surefire.booter.ForkedBooter.run(ForkedBooter.java:562)
	at org.apache.maven.surefire.booter.ForkedBooter.main(ForkedBooter.java:548)
2024-03-04 13:05:17,953 [main] WARN  om.OzoneManager (OzoneManager.java:instantiatePrepareStateOnStartup(4511)) - Prepare marker file index 52 does not match DB prepare index 51. Writing DB index to prepare file and maintaining prepared state.
2024-03-04 13:05:17,953 [main] INFO  om.OzoneManagerPrepareState (OzoneManagerPrepareState.java:writePrepareMarkerFile(262)) - Prepare marker file written with log index 51 to file /home/runner/work/ozone/ozone/hadoop-ozone/integration-test/target/test-dir/MiniOzoneClusterImpl-a24c3557-08b1-4f8b-a0f8-6c13b4e42376/omNode-2/current/prepareMarker
2024-03-04 13:05:17,955 [main] WARN  dropwizard3.Dm3MetricRegistriesImpl (Dm3MetricRegistriesImpl.java:addReporterRegistration(113)) - New reporters are added after registries were created. Some metrics will be missing from the reporter. Please add reporter before adding any new registry.
2024-03-04 13:05:17,955 [main] WARN  dropwizard3.Dm3MetricRegistriesImpl (Dm3MetricRegistriesImpl.java:addReporterRegistration(113)) - New reporters are added after registries were created. Some metrics will be missing from the reporter. Please add reporter before adding any new registry.
2024-03-04 13:05:17,955 [main] WARN  server.ServerUtils (ServerUtils.java:getDefaultRatisDirectory(311)) - Storage directory for Ratis is not configured. It is a good idea to map this to an SSD disk. Falling back to ozone.metadata.dirs
2024-03-04 13:05:17,956 [main] INFO  ratis.OzoneManagerRatisServer (OzoneManagerRatisServer.java:<init>(167)) - Instantiating OM Ratis server with groupID: om-service-test1 and peers: localhost:15226, localhost:15230, localhost:15222
2024-03-04 13:05:17,956 [main] INFO  ratis.OzoneManagerStateMachine (OzoneManagerStateMachine.java:loadSnapshotInfoFromDB(573)) - LastAppliedIndex is set from TransactionInfo from OM DB as (t:1, i:52)
2024-03-04 13:05:17,957 [main] INFO  server.RaftServer (ConfUtils.java:logGet(46)) - raft.rpc.type = GRPC (default)
2024-03-04 13:05:17,957 [main] INFO  grpc.GrpcConfigKeys (ConfUtils.java:logFallback(53)) - raft.grpc.admin.host = null (fallback to raft.grpc.server.host)
2024-03-04 13:05:17,957 [main] INFO  grpc.GrpcConfigKeys (ConfUtils.java:logFallback(53)) - raft.grpc.admin.port = 15226 (fallback to raft.grpc.server.port)
2024-03-04 13:05:17,957 [main] INFO  grpc.GrpcConfigKeys (ConfUtils.java:logFallback(53)) - raft.grpc.client.host = null (fallback to raft.grpc.server.host)
2024-03-04 13:05:17,958 [main] INFO  grpc.GrpcConfigKeys (ConfUtils.java:logFallback(53)) - raft.grpc.client.port = 15226 (fallback to raft.grpc.server.port)
2024-03-04 13:05:17,958 [main] INFO  grpc.GrpcConfigKeys (ConfUtils.java:logGet(46)) - raft.grpc.server.host = null (default)
2024-03-04 13:05:17,958 [main] INFO  grpc.GrpcConfigKeys (ConfUtils.java:logGet(46)) - raft.grpc.server.port = 15226 (custom)
2024-03-04 13:05:17,958 [main] INFO  server.GrpcService (ConfUtils.java:logGet(46)) - raft.grpc.message.size.max = 4194304 (custom)
2024-03-04 13:05:17,958 [main] INFO  server.RaftServerConfigKeys (ConfUtils.java:logGet(46)) - raft.server.log.appender.buffer.byte-limit = 4194304 (custom)
2024-03-04 13:05:17,958 [main] INFO  server.GrpcService (ConfUtils.java:logGet(46)) - raft.grpc.flow.control.window = 1MB (=1048576) (default)
2024-03-04 13:05:17,958 [main] INFO  server.RaftServerConfigKeys (ConfUtils.java:logGet(46)) - raft.server.rpc.request.timeout = 3000ms (default)
2024-03-04 13:05:17,958 [main] INFO  grpc.GrpcConfigKeys (ConfUtils.java:logGet(46)) - raft.grpc.server.heartbeat.channel = true (default)
2024-03-04 13:05:17,959 [main] INFO  grpc.GrpcConfigKeys (ConfUtils.java:logGet(46)) - raft.grpc.server.async.request.thread.pool.cached = true (default)
2024-03-04 13:05:17,959 [main] INFO  grpc.GrpcConfigKeys (ConfUtils.java:logGet(46)) - raft.grpc.server.async.request.thread.pool.size = 32 (default)
2024-03-04 13:05:17,960 [main] INFO  impl.DataStreamServerImpl (ConfUtils.java:logGet(46)) - raft.datastream.type = DISABLED (default)
2024-03-04 13:05:17,960 [main] INFO  server.RaftServerConfigKeys (ConfUtils.java:logGet(46)) - raft.server.sleep.deviation.threshold = 300ms (default)
2024-03-04 13:05:17,960 [main] INFO  server.RaftServerConfigKeys (ConfUtils.java:logGet(46)) - raft.server.close.threshold = 60s (default)
2024-03-04 13:05:17,960 [main] INFO  server.RaftServerConfigKeys (ConfUtils.java:logGet(46)) - raft.server.leaderelection.leader.step-down.wait-time = 10s (default)
2024-03-04 13:05:17,961 [main] INFO  server.RaftServerConfigKeys (ConfUtils.java:logGet(46)) - raft.server.storage.dir = [/home/runner/work/ozone/ozone/hadoop-ozone/integration-test/target/test-dir/MiniOzoneClusterImpl-a24c3557-08b1-4f8b-a0f8-6c13b4e42376/omNode-2/ratis] (custom)
2024-03-04 13:05:17,961 [main] INFO  server.RaftServerConfigKeys (ConfUtils.java:logGet(46)) - raft.server.threadpool.proxy.cached = true (default)
2024-03-04 13:05:17,961 [main] INFO  server.RaftServerConfigKeys (ConfUtils.java:logGet(46)) - raft.server.threadpool.proxy.size = 0 (default)
2024-03-04 13:05:17,961 [omNode-2-impl-thread1] INFO  server.RaftServer (RaftServerProxy.java:initGroupDir(264)) - omNode-2: found a subdirectory /home/runner/work/ozone/ozone/hadoop-ozone/integration-test/target/test-dir/MiniOzoneClusterImpl-a24c3557-08b1-4f8b-a0f8-6c13b4e42376/omNode-2/ratis/c9bc4cf4-3bc3-3c60-a66b-523986131536
2024-03-04 13:05:17,961 [main] INFO  server.RaftServer (RaftServerProxy.java:addNew(100)) - omNode-2: addNew group-523986131536:[omNode-3|localhost:15230, omNode-1|localhost:15222, omNode-2|localhost:15226] returns group-523986131536:java.util.concurrent.CompletableFuture@69c0cfb6[Not completed]
2024-03-04 13:05:17,962 [main] INFO  om.OzoneManager (OzoneManager.java:initializeRatisServer(2140)) - OzoneManager Ratis server initialized at port 15226
2024-03-04 13:05:17,962 [main] INFO  ratis.OzoneManagerRatisServer (OzoneManagerRatisServer.java:start(588)) - Starting OzoneManagerRatisServer omNode-2 at port 15226
2024-03-04 13:05:17,962 [omNode-2-groupManagement] INFO  server.RaftServer$Division (RaftServerImpl.java:<init>(256)) - omNode-2: new RaftServerImpl for group-523986131536:[omNode-3|localhost:15230, omNode-1|localhost:15222, omNode-2|localhost:15226] with OzoneManagerStateMachine:uninitialized
2024-03-04 13:05:17,962 [omNode-2-groupManagement] INFO  server.RaftServerConfigKeys (ConfUtils.java:logGet(46)) - raft.server.rpc.timeout.min = 1s (custom)
2024-03-04 13:05:17,962 [omNode-2-groupManagement] INFO  server.RaftServerConfigKeys (ConfUtils.java:logGet(46)) - raft.server.rpc.timeout.max = 1200ms (custom)
2024-03-04 13:05:17,962 [omNode-2-groupManagement] INFO  server.RaftServerConfigKeys (ConfUtils.java:logGet(46)) - raft.server.rpc.sleep.time = 25ms (default)
2024-03-04 13:05:17,962 [omNode-2-groupManagement] INFO  server.RaftServerConfigKeys (ConfUtils.java:logGet(46)) - raft.server.rpc.slowness.timeout = 2s (custom)
2024-03-04 13:05:17,962 [omNode-2-groupManagement] INFO  server.RaftServerConfigKeys (ConfUtils.java:logGet(46)) - raft.server.leaderelection.leader.step-down.wait-time = 10s (default)
2024-03-04 13:05:17,962 [omNode-2-groupManagement] INFO  server.RaftServerConfigKeys (ConfUtils.java:logGet(46)) - raft.server.leaderelection.member.majority-add = false (default)
2024-03-04 13:05:17,962 [omNode-2-groupManagement] INFO  server.RaftServerConfigKeys (ConfUtils.java:logGet(46)) - raft.server.sleep.deviation.threshold = 300ms (default)
2024-03-04 13:05:17,962 [omNode-2-groupManagement] INFO  server.RaftServer$Division (ServerState.java:<init>(113)) - omNode-2@group-523986131536: ConfigurationManager, init=-1: peers:[omNode-3|localhost:15230, omNode-1|localhost:15222, omNode-2|localhost:15226]|listeners:[], old=null, confs=<EMPTY_MAP>
2024-03-04 13:05:17,963 [omNode-2-groupManagement] INFO  server.RaftServerConfigKeys (ConfUtils.java:logGet(46)) - raft.server.notification.no-leader.timeout = 2s (custom)
2024-03-04 13:05:17,963 [omNode-2-groupManagement] INFO  server.RaftServerConfigKeys (ConfUtils.java:logGet(46)) - raft.server.read.timeout = 10s (default)
2024-03-04 13:05:17,963 [omNode-2-groupManagement] INFO  server.RaftServerConfigKeys (ConfUtils.java:logGet(46)) - raft.server.retrycache.expirytime = 30000ms (custom)
2024-03-04 13:05:17,963 [omNode-2-groupManagement] INFO  server.RaftServerConfigKeys (ConfUtils.java:logGet(46)) - raft.server.retrycache.statistics.expirytime = 100ms (default)
2024-03-04 13:05:17,963 [omNode-2-groupManagement] INFO  server.RaftServerConfigKeys (ConfUtils.java:logGet(46)) - raft.server.read.option = DEFAULT (default)
2024-03-04 13:05:17,963 [omNode-2-groupManagement] INFO  server.RaftServerConfigKeys (ConfUtils.java:logGet(46)) - raft.server.read.read-after-write-consistent.write-index-cache.expiry-time = 60s (default)
2024-03-04 13:05:17,964 [omNode-2-groupManagement] INFO  server.RaftServerConfigKeys (ConfUtils.java:logGet(46)) - raft.server.rpc.request.timeout = 3000ms (default)
2024-03-04 13:05:17,964 [omNode-2-groupManagement] INFO  server.RaftServerConfigKeys (ConfUtils.java:logGet(46)) - raft.server.log.appender.install.snapshot.enabled = false (custom)
2024-03-04 13:05:17,964 [omNode-2-groupManagement] INFO  server.RaftServerConfigKeys (ConfUtils.java:logGet(46)) - raft.server.threadpool.server.cached = true (default)
2024-03-04 13:05:17,965 [omNode-2-groupManagement] INFO  server.RaftServerConfigKeys (ConfUtils.java:logGet(46)) - raft.server.threadpool.server.size = 0 (default)
2024-03-04 13:05:17,965 [omNode-2-groupManagement] INFO  server.RaftServerConfigKeys (ConfUtils.java:logGet(46)) - raft.server.threadpool.client.cached = true (default)
2024-03-04 13:05:17,965 [omNode-2-groupManagement] INFO  server.RaftServerConfigKeys (ConfUtils.java:logGet(46)) - raft.server.threadpool.client.size = 0 (default)
2024-03-04 13:05:17,965 [omNode-2-impl-thread1] INFO  server.RaftServerConfigKeys (ConfUtils.java:logGet(46)) - raft.server.storage.free-space.min = 0MB (=0) (default)
2024-03-04 13:05:17,965 [omNode-2-impl-thread1] INFO  server.RaftServerConfigKeys (ConfUtils.java:logGet(46)) - raft.server.log.corruption.policy = EXCEPTION (default)
2024-03-04 13:05:17,965 [omNode-2-impl-thread1] INFO  server.RaftServerConfigKeys (ConfUtils.java:logGet(46)) - raft.server.storage.dir = [/home/runner/work/ozone/ozone/hadoop-ozone/integration-test/target/test-dir/MiniOzoneClusterImpl-a24c3557-08b1-4f8b-a0f8-6c13b4e42376/omNode-2/ratis] (custom)
2024-03-04 13:05:17,966 [omNode-2-impl-thread1] INFO  storage.RaftStorageDirectory (RaftStorageDirectoryImpl.java:tryLock(228)) - Lock on /home/runner/work/ozone/ozone/hadoop-ozone/integration-test/target/test-dir/MiniOzoneClusterImpl-a24c3557-08b1-4f8b-a0f8-6c13b4e42376/omNode-2/ratis/c9bc4cf4-3bc3-3c60-a66b-523986131536/in_use.lock acquired by nodename 41993@fv-az571-795
2024-03-04 13:05:17,966 [omNode-2-impl-thread1] INFO  storage.RaftStorage (RaftStorageImpl.java:analyzeAndRecoverStorage(119)) - Read RaftStorageMetadata{term=1, votedFor=omNode-1} from /home/runner/work/ozone/ozone/hadoop-ozone/integration-test/target/test-dir/MiniOzoneClusterImpl-a24c3557-08b1-4f8b-a0f8-6c13b4e42376/omNode-2/ratis/c9bc4cf4-3bc3-3c60-a66b-523986131536/current/raft-meta
2024-03-04 13:05:17,967 [omNode-2-impl-thread1] INFO  server.RaftServer$Division (ServerState.java:setRaftConf(386)) - omNode-2@group-523986131536: set configuration 0: peers:[omNode-3|localhost:15230, omNode-1|localhost:15222, omNode-2|localhost:15226]|listeners:[], old=null
2024-03-04 13:05:17,967 [omNode-2-impl-thread1] INFO  server.RaftServerConfigKeys (ConfUtils.java:logGet(46)) - raft.server.log.use.memory = false (default)
2024-03-04 13:05:17,967 [omNode-2-impl-thread1] INFO  server.RaftServerConfigKeys (ConfUtils.java:logGet(46)) - raft.server.log.purge.gap = 50 (custom)
2024-03-04 13:05:17,967 [omNode-2-impl-thread1] INFO  server.RaftServerConfigKeys (ConfUtils.java:logGet(46)) - raft.server.log.appender.buffer.byte-limit = 4194304 (custom)
2024-03-04 13:05:17,967 [omNode-2-impl-thread1] INFO  server.RaftServerConfigKeys (ConfUtils.java:logGet(46)) - raft.server.log.statemachine.data.read.timeout = 1000ms (default)
2024-03-04 13:05:17,967 [omNode-2-impl-thread1] INFO  server.RaftServerConfigKeys (ConfUtils.java:logGet(46)) - raft.server.log.purge.preservation.log.num = 0 (default)
2024-03-04 13:05:17,968 [omNode-2-impl-thread1] INFO  server.RaftServerConfigKeys (ConfUtils.java:logGet(46)) - raft.server.log.segment.size.max = 4194304 (custom)
2024-03-04 13:05:17,968 [omNode-2-impl-thread1] INFO  server.RaftServerConfigKeys (ConfUtils.java:logGet(46)) - raft.server.log.segment.cache.num.max = 2 (custom)
2024-03-04 13:05:17,968 [omNode-2-impl-thread1] INFO  server.RaftServerConfigKeys (ConfUtils.java:logGet(46)) - raft.server.log.segment.cache.size.max = 200MB (=209715200) (default)
2024-03-04 13:05:17,968 [omNode-2-impl-thread1] INFO  server.RaftServerConfigKeys (ConfUtils.java:logGet(46)) - raft.server.log.appender.buffer.byte-limit = 4194304 (custom)
2024-03-04 13:05:17,969 [omNode-2-impl-thread1] INFO  util.AwaitToRun (AwaitToRun.java:start(81)) - Thread[omNode-2@group-523986131536-cacheEviction-AwaitToRun,5,main] started
2024-03-04 13:05:17,969 [omNode-2-impl-thread1] INFO  segmented.SegmentedRaftLogWorker (SegmentedRaftLogWorker.java:<init>(182)) - new omNode-2@group-523986131536-SegmentedRaftLogWorker for RaftStorageImpl:Storage Directory /home/runner/work/ozone/ozone/hadoop-ozone/integration-test/target/test-dir/MiniOzoneClusterImpl-a24c3557-08b1-4f8b-a0f8-6c13b4e42376/omNode-2/ratis/c9bc4cf4-3bc3-3c60-a66b-523986131536
2024-03-04 13:05:17,969 [omNode-2-impl-thread1] INFO  server.RaftServerConfigKeys (ConfUtils.java:logGet(46)) - raft.server.log.queue.byte-limit = 64MB (=67108864) (default)
2024-03-04 13:05:17,969 [omNode-2-impl-thread1] INFO  server.RaftServerConfigKeys (ConfUtils.java:logGet(46)) - raft.server.log.queue.element-limit = 4096 (default)
2024-03-04 13:05:17,969 [omNode-2-impl-thread1] INFO  server.RaftServerConfigKeys (ConfUtils.java:logGet(46)) - raft.server.log.segment.size.max = 4194304 (custom)
2024-03-04 13:05:17,969 [omNode-2-impl-thread1] INFO  server.RaftServerConfigKeys (ConfUtils.java:logGet(46)) - raft.server.log.preallocated.size = 4194304 (custom)
2024-03-04 13:05:17,969 [omNode-2-impl-thread1] INFO  server.RaftServerConfigKeys (ConfUtils.java:logGet(46)) - raft.server.log.force.sync.num = 128 (default)
2024-03-04 13:05:17,969 [omNode-2-impl-thread1] INFO  server.RaftServerConfigKeys (ConfUtils.java:logGet(46)) - raft.server.log.statemachine.data.sync = true (default)
2024-03-04 13:05:17,969 [omNode-2-impl-thread1] INFO  server.RaftServerConfigKeys (ConfUtils.java:logGet(46)) - raft.server.log.statemachine.data.sync.timeout = 10s (default)
2024-03-04 13:05:17,969 [omNode-2-impl-thread1] INFO  server.RaftServerConfigKeys (ConfUtils.java:logGet(46)) - raft.server.log.statemachine.data.sync.timeout.retry = -1 (default)
2024-03-04 13:05:17,969 [omNode-2-impl-thread1] INFO  server.RaftServerConfigKeys (ConfUtils.java:logGet(46)) - raft.server.log.write.buffer.size = 4194312 (custom)
2024-03-04 13:05:17,971 [omNode-2-impl-thread1] INFO  server.RaftServerConfigKeys (ConfUtils.java:logGet(46)) - raft.server.log.appender.buffer.byte-limit = 4194304 (custom)
2024-03-04 13:05:17,971 [omNode-2-impl-thread1] INFO  server.RaftServerConfigKeys (ConfUtils.java:logGet(46)) - raft.server.log.unsafe-flush.enabled = false (default)
2024-03-04 13:05:17,971 [omNode-2-impl-thread1] INFO  server.RaftServerConfigKeys (ConfUtils.java:logGet(46)) - raft.server.log.async-flush.enabled = false (default)
2024-03-04 13:05:17,971 [omNode-2-impl-thread1] INFO  server.RaftServerConfigKeys (ConfUtils.java:logGet(46)) - raft.server.log.statemachine.data.caching.enabled = false (default)
2024-03-04 13:05:17,971 [omNode-2-impl-thread1] INFO  segmented.SegmentedRaftLogWorker (SegmentedRaftLogWorker.java:lambda$new$0(134)) - omNode-2@group-523986131536-SegmentedRaftLogWorker: flushIndex: setUnconditionally 0 -> 52
2024-03-04 13:05:17,971 [omNode-2-impl-thread1] INFO  segmented.SegmentedRaftLogWorker (SegmentedRaftLogWorker.java:lambda$new$0(134)) - omNode-2@group-523986131536-SegmentedRaftLogWorker: safeCacheEvictIndex: setUnconditionally 0 -> -1
2024-03-04 13:05:17,971 [omNode-2-impl-thread1] INFO  server.RaftServer$Division (RaftServerImpl.java:start(396)) - omNode-2@group-523986131536: start as a follower, conf=0: peers:[omNode-3|localhost:15230, omNode-1|localhost:15222, omNode-2|localhost:15226]|listeners:[], old=null
2024-03-04 13:05:17,971 [omNode-2-impl-thread1] INFO  server.RaftServer$Division (RaftServerImpl.java:setRole(383)) - omNode-2@group-523986131536: changes role from      null to FOLLOWER at term 1 for startAsFollower
2024-03-04 13:05:17,971 [omNode-2-impl-thread1] INFO  impl.RoleInfo (RoleInfo.java:updateAndGet(139)) - omNode-2: start omNode-2@group-523986131536-FollowerState
2024-03-04 13:05:17,971 [omNode-2@group-523986131536-FollowerState] INFO  server.RaftServerConfigKeys (ConfUtils.java:logFallback(53)) - raft.server.rpc.first-election.timeout.min = 1s (fallback to raft.server.rpc.timeout.min)
2024-03-04 13:05:17,971 [omNode-2-impl-thread1] INFO  util.JmxRegister (JmxRegister.java:tryRegister(44)) - Successfully registered JMX Bean with object name Ratis:service=RaftServer,group=group-523986131536,id=omNode-2
2024-03-04 13:05:17,971 [omNode-2@group-523986131536-FollowerState] INFO  server.RaftServerConfigKeys (ConfUtils.java:logFallback(53)) - raft.server.rpc.first-election.timeout.max = 1200ms (fallback to raft.server.rpc.timeout.max)
2024-03-04 13:05:17,972 [omNode-2-impl-thread1] INFO  server.RaftServerConfigKeys (ConfUtils.java:logGet(46)) - raft.server.snapshot.trigger-when-stop.enabled = true (default)
2024-03-04 13:05:17,972 [omNode-2-impl-thread1] INFO  server.RaftServerConfigKeys (ConfUtils.java:logGet(46)) - raft.server.snapshot.auto.trigger.enabled = true (custom)
2024-03-04 13:05:17,972 [omNode-2-impl-thread1] INFO  server.RaftServerConfigKeys (ConfUtils.java:logGet(46)) - raft.server.snapshot.auto.trigger.threshold = 50 (custom)
2024-03-04 13:05:17,972 [omNode-2-impl-thread1] INFO  server.RaftServerConfigKeys (ConfUtils.java:logGet(46)) - raft.server.snapshot.retention.file.num = -1 (default)
2024-03-04 13:05:17,972 [omNode-2-impl-thread1] INFO  server.RaftServerConfigKeys (ConfUtils.java:logGet(46)) - raft.server.log.purge.upto.snapshot.index = true (custom)
2024-03-04 13:05:17,972 [main] INFO  server.RaftServer (RaftServerProxy.java:startImpl(406)) - omNode-2: start RPC server
2024-03-04 13:05:17,976 [main] INFO  server.GrpcService (GrpcService.java:startImpl(302)) - omNode-2: GrpcService started, listening on 15226
2024-03-04 13:05:17,976 [main] INFO  om.OzoneManager (OzoneManager.java:getRpcServer(1206)) - Creating RPC Server
2024-03-04 13:05:17,976 [JvmPauseMonitor68] INFO  util.JvmPauseMonitor (JvmPauseMonitor.java:run(146)) - JvmPauseMonitor-omNode-2: Started
2024-03-04 13:05:18,148 [main] INFO  ipc.CallQueueManager (CallQueueManager.java:<init>(90)) - Using callQueue: class java.util.concurrent.LinkedBlockingQueue, queueCapacity: 2000, scheduler: class org.apache.hadoop.ipc.DefaultRpcScheduler, ipcBackoff: false.
2024-03-04 13:05:18,148 [main] INFO  ipc.Server (Server.java:<init>(1287)) - Listener at localhost:15223
2024-03-04 13:05:18,148 [Socket Reader #1 for port 15223] INFO  ipc.Server (Server.java:run(1323)) - Starting Socket Reader #1 for port 15223
2024-03-04 13:05:18,151 [main] INFO  http.BaseHttpServer (BaseHttpServer.java:newHttpServer2BuilderForOzone(223)) - Starting Web-server for ozoneManager at: http://0.0.0.0:15224
2024-03-04 13:05:18,151 [main] INFO  http.BaseHttpServer (BaseHttpServer.java:<init>(110)) - Hadoop Security Enabled: false Ozone Security Enabled: false Ozone HTTP Security Enabled: false 
2024-03-04 13:05:18,152 [main] WARN  server.AuthenticationFilter (AuthenticationFilter.java:constructSecretProvider(240)) - Unable to initialize FileSignerSecretProvider, falling back to use random secrets. Reason: Could not read signature secret file: /home/runner/hadoop-http-auth-signature-secret
2024-03-04 13:05:18,152 [main] INFO  http.HttpRequestLog (HttpRequestLog.java:getRequestLog(86)) - Http request log for http.requests.ozoneManager is not defined
2024-03-04 13:05:18,152 [main] INFO  http.HttpServer2 (HttpServer2.java:addGlobalFilter(1036)) - Added global filter 'safety' (class=org.apache.hadoop.hdds.server.http.HttpServer2$QuotingInputFilter)
2024-03-04 13:05:18,153 [main] INFO  http.HttpServer2 (HttpServer2.java:addFilter(1012)) - Added filter static_user_filter (class=org.apache.hadoop.http.lib.StaticUserWebFilter$StaticUserFilter) to context ozoneManager
2024-03-04 13:05:18,153 [main] INFO  http.HttpServer2 (HttpServer2.java:addFilter(1020)) - Added filter static_user_filter (class=org.apache.hadoop.http.lib.StaticUserWebFilter$StaticUserFilter) to context static
2024-03-04 13:05:18,153 [main] INFO  http.HttpServer2 (HttpServer2.java:addFilter(1020)) - Added filter static_user_filter (class=org.apache.hadoop.http.lib.StaticUserWebFilter$StaticUserFilter) to context logs
2024-03-04 13:05:18,154 [main] INFO  http.BaseHttpServer (BaseHttpServer.java:<init>(189)) - HTTP server of ozoneManager uses base directory /home/runner/work/ozone/ozone/hadoop-ozone/integration-test/target/test-dir/MiniOzoneClusterImpl-a24c3557-08b1-4f8b-a0f8-6c13b4e42376/omNode-2/webserver
2024-03-04 13:05:18,154 [main] INFO  http.HttpServer2 (HttpServer2.java:bindListener(1236)) - Jetty bound to port 15224
2024-03-04 13:05:18,154 [main] INFO  server.Server (Server.java:doStart(375)) - jetty-9.4.53.v20231009; built: 2023-10-09T12:29:09.265Z; git: 27bde00a0b95a1d5bbee0eae7984f891d2d0f8c9; jvm 1.8.0_402-b06
2024-03-04 13:05:18,155 [main] INFO  server.session (DefaultSessionIdManager.java:doStart(334)) - DefaultSessionIdManager workerName=node0
2024-03-04 13:05:18,155 [main] INFO  server.session (DefaultSessionIdManager.java:doStart(339)) - No SessionScavenger set, using defaults
2024-03-04 13:05:18,155 [main] INFO  server.session (HouseKeeper.java:startScavenging(132)) - node0 Scavenging every 600000ms
2024-03-04 13:05:18,155 [main] INFO  handler.ContextHandler (ContextHandler.java:doStart(921)) - Started o.e.j.s.ServletContextHandler@32be866{logs,/logs,file:///home/runner/work/ozone/ozone/hadoop-ozone/integration-test/target/log,AVAILABLE}
2024-03-04 13:05:18,156 [main] INFO  handler.ContextHandler (ContextHandler.java:doStart(921)) - Started o.e.j.s.ServletContextHandler@4610c328{static,/static,file:///home/runner/work/ozone/ozone/hadoop-ozone/integration-test/target/test-classes/webapps/static,AVAILABLE}
2024-03-04 13:05:18,157 [main] INFO  handler.ContextHandler (ContextHandler.java:doStart(921)) - Started o.e.j.w.WebAppContext@6f712707{ozoneManager,/,file:///home/runner/work/ozone/ozone/hadoop-ozone/integration-test/target/test-classes/webapps/ozoneManager/,AVAILABLE}{file:/home/runner/work/ozone/ozone/hadoop-ozone/integration-test/target/test-classes/webapps/ozoneManager}
2024-03-04 13:05:18,158 [main] INFO  server.AbstractConnector (AbstractConnector.java:doStart(333)) - Started ServerConnector@502637d6{HTTP/1.1, (http/1.1)}{0.0.0.0:15224}
2024-03-04 13:05:18,158 [main] INFO  server.Server (Server.java:doStart(415)) - Started @813741ms
2024-03-04 13:05:18,158 [main] WARN  impl.MetricsSystemImpl (MetricsSystemImpl.java:register(279)) - Sink prometheus already exists!
2024-03-04 13:05:18,158 [main] INFO  http.BaseHttpServer (BaseHttpServer.java:updateConnectorAddress(354)) - HTTP server of ozoneManager listening at http://0.0.0.0:15224
2024-03-04 13:05:18,158 [IPC Server Responder] INFO  ipc.Server (Server.java:run(1562)) - IPC Server Responder: starting
2024-03-04 13:05:18,158 [IPC Server listener on 15223] INFO  ipc.Server (Server.java:run(1402)) - IPC Server listener on 15223: starting
2024-03-04 13:05:18,162 [main] INFO  om.OzoneManager (OzoneManager.java:startTrashEmptier(2093)) - Trash Interval set to 0. Files deleted won't move to trash
]]></system-out>
    </rerunError>
    <rerunError type="PREPARE_FAILED org.apache.hadoop.ozone.om.exceptions.OMException">
      <stackTrace><![CDATA[PREPARE_FAILED org.apache.hadoop.ozone.om.exceptions.OMException: java.io.IOException: After waiting for 120 seconds, Ratis state machine applied index 50 which is less than the minimum required index 52.
	at org.apache.hadoop.ozone.om.protocolPB.OzoneManagerProtocolClientSideTranslatorPB.handleError(OzoneManagerProtocolClientSideTranslatorPB.java:752)
	at org.apache.hadoop.ozone.om.protocolPB.OzoneManagerProtocolClientSideTranslatorPB.prepareOzoneManager(OzoneManagerProtocolClientSideTranslatorPB.java:2466)
	at org.apache.hadoop.ozone.om.TestOzoneManagerPrepare.submitPrepareRequest(TestOzoneManagerPrepare.java:445)
	at org.apache.hadoop.ozone.om.TestOzoneManagerPrepare.testCancelPrepare(TestOzoneManagerPrepare.java:314)
	at java.lang.reflect.Method.invoke(Method.java:498)
	at java.util.ArrayList.forEach(ArrayList.java:1259)
	at java.util.ArrayList.forEach(ArrayList.java:1259)
]]></stackTrace>
      <system-out><![CDATA[2024-03-04 13:05:24,538 [main] WARN  server.ServerUtils (ServerUtils.java:getScmDbDir(143)) - ozone.scm.db.dirs is not configured. We recommend adding this setting. Falling back to ozone.metadata.dirs instead.
2024-03-04 13:05:24,542 [main] WARN  server.ServerUtils (ServerUtils.java:getScmDbDir(143)) - ozone.scm.db.dirs is not configured. We recommend adding this setting. Falling back to ozone.metadata.dirs instead.
2024-03-04 13:05:24,542 [main] INFO  ha.SCMHANodeDetails (SCMHANodeDetails.java:loadSCMHAConfig(207)) - ServiceID for StorageContainerManager is null
2024-03-04 13:05:24,542 [main] INFO  ha.SCMHANodeDetails (SCMHANodeDetails.java:loadSCMHAConfig(212)) - ozone.scm.default.service.id is not defined, falling back to ozone.scm.service.ids to find serviceID for StorageContainerManager if it is HA enabled cluster
2024-03-04 13:05:24,543 [main] WARN  utils.HAUtils (HAUtils.java:getMetaDir(339)) - ozone.scm.db.dirs is not configured. We recommend adding this setting. Falling back to ozone.metadata.dirs instead.
2024-03-04 13:05:24,543 [main] WARN  db.DBStoreBuilder (DBStoreBuilder.java:applyDBDefinition(171)) - ozone.scm.db.dirs is not configured. We recommend adding this setting. Falling back to ozone.metadata.dirs instead.
2024-03-04 13:05:24,613 [main] INFO  net.NodeSchemaLoader (NodeSchemaLoader.java:loadSchemaFromFile(129)) - Loading schema from [jar:file:/home/runner/.m2/repository/org/apache/ozone/hdds-common/1.5.0-SNAPSHOT/hdds-common-1.5.0-SNAPSHOT.jar!/network-topology-default.xml]
2024-03-04 13:05:24,613 [main] INFO  net.NodeSchemaLoader (NodeSchemaLoader.java:loadSchema(176)) - Loading network topology layer schema file
2024-03-04 13:05:24,615 [main] INFO  upgrade.AbstractLayoutVersionManager (AbstractLayoutVersionManager.java:init(83)) - Initializing Layout version manager with metadata layout = HADOOP_PRC_PORTS_IN_DATANODEDETAILS (version = 7), software layout = HADOOP_PRC_PORTS_IN_DATANODEDETAILS (version = 7)
2024-03-04 13:05:24,616 [main] INFO  ha.SequenceIdGenerator (SequenceIdGenerator.java:upgradeToSequenceId(370)) - upgrade localId to 113750153625600000
2024-03-04 13:05:24,617 [main] INFO  ha.SequenceIdGenerator (SequenceIdGenerator.java:upgradeToSequenceId(380)) - upgrade delTxnId to 0
2024-03-04 13:05:24,618 [main] INFO  ha.SequenceIdGenerator (SequenceIdGenerator.java:upgradeToSequenceId(397)) - upgrade containerId to 0
2024-03-04 13:05:24,619 [main] INFO  ha.SequenceIdGenerator (SequenceIdGenerator.java:upgradeToCertificateSequenceId(444)) - upgrade CertificateId to 2
2024-03-04 13:05:24,619 [main] INFO  ha.SequenceIdGenerator (SequenceIdGenerator.java:<init>(241)) - Init the HA SequenceIdGenerator.
2024-03-04 13:05:24,619 [main] WARN  server.ServerUtils (ServerUtils.java:sanitizeUserArgs(79)) - ozone.scm.stale.node.interval value = 300000 is larger than max = 100000 based on the key value of ozone.scm.heartbeat.thread.interval, reset to the max value 100000.
2024-03-04 13:05:24,619 [main] WARN  server.ServerUtils (ServerUtils.java:sanitizeUserArgs(79)) - ozone.scm.stale.node.interval value = 300000 is larger than max = 100000 based on the key value of ozone.scm.heartbeat.thread.interval, reset to the max value 100000.
2024-03-04 13:05:24,619 [main] INFO  node.SCMNodeManager (SCMNodeManager.java:<init>(177)) - Entering startup safe mode.
2024-03-04 13:05:24,620 [main] INFO  algorithms.ContainerPlacementPolicyFactory (ContainerPlacementPolicyFactory.java:getPolicyInternal(86)) - Create container placement policy of type org.apache.hadoop.hdds.scm.container.placement.algorithms.SCMContainerPlacementRackAware
2024-03-04 13:05:24,620 [main] INFO  algorithms.ContainerPlacementPolicyFactory (ContainerPlacementPolicyFactory.java:getPolicyInternal(86)) - Create container placement policy of type org.apache.hadoop.hdds.scm.container.placement.algorithms.SCMContainerPlacementRackScatter
2024-03-04 13:05:24,620 [main] INFO  pipeline.PipelineStateManagerImpl (PipelineStateManagerImpl.java:initialize(78)) - No pipeline exists in current db
2024-03-04 13:05:24,620 [main] INFO  algorithms.LeaderChoosePolicyFactory (LeaderChoosePolicyFactory.java:getPolicy(57)) - Create leader choose policy of type org.apache.hadoop.hdds.scm.pipeline.leader.choose.algorithms.MinLeaderCountChoosePolicy
2024-03-04 13:05:24,620 [main] INFO  algorithms.ContainerPlacementPolicyFactory (ContainerPlacementPolicyFactory.java:getPolicyInternal(86)) - Create container placement policy of type org.apache.hadoop.hdds.scm.container.placement.algorithms.SCMContainerPlacementRackScatter
2024-03-04 13:05:24,621 [main] INFO  ha.SCMServiceManager (SCMServiceManager.java:register(42)) - Registering service BackgroundPipelineCreator.
2024-03-04 13:05:24,621 [main] INFO  pipeline.BackgroundPipelineCreator (BackgroundPipelineCreator.java:start(127)) - Starting RatisPipelineUtilsThread.
2024-03-04 13:05:24,621 [main] INFO  BackgroundPipelineScrubber (BackgroundSCMService.java:start(65)) - Starting BackgroundPipelineScrubber Service.
2024-03-04 13:05:24,621 [main] INFO  ha.SCMServiceManager (SCMServiceManager.java:register(42)) - Registering service BackgroundPipelineScrubber.
2024-03-04 13:05:24,621 [main] INFO  ExpiredContainerReplicaOpScrubber (BackgroundSCMService.java:start(65)) - Starting ExpiredContainerReplicaOpScrubber Service.
2024-03-04 13:05:24,621 [main] INFO  ha.SCMServiceManager (SCMServiceManager.java:register(42)) - Registering service ExpiredContainerReplicaOpScrubber.
2024-03-04 13:05:24,622 [main] INFO  algorithms.PipelineChoosePolicyFactory (PipelineChoosePolicyFactory.java:createPipelineChoosePolicyFromClass(80)) - Create pipeline choose policy of type org.apache.hadoop.hdds.scm.pipeline.choose.algorithms.RandomPipelineChoosePolicy
2024-03-04 13:05:24,622 [main] INFO  algorithms.PipelineChoosePolicyFactory (PipelineChoosePolicyFactory.java:createPipelineChoosePolicyFromClass(80)) - Create pipeline choose policy of type org.apache.hadoop.hdds.scm.pipeline.choose.algorithms.RandomPipelineChoosePolicy
2024-03-04 13:05:24,622 [main] INFO  ha.SCMServiceManager (SCMServiceManager.java:register(42)) - Registering service SCMBlockDeletingService.
2024-03-04 13:05:24,623 [main] INFO  replication.ReplicationManager (ReplicationManager.java:start(295)) - Starting Replication Monitor Thread.
2024-03-04 13:05:24,624 [ReplicationMonitor] INFO  replication.ReplicationManager (ReplicationManager.java:processAll(371)) - Replication Manager is not ready to run until 3000ms after safemode exit
2024-03-04 13:05:24,624 [main] INFO  ha.SCMServiceManager (SCMServiceManager.java:register(42)) - Registering service ReplicationManager.
2024-03-04 13:05:24,624 [main] INFO  safemode.ContainerSafeModeRule (ContainerSafeModeRule.java:<init>(91)) - containers with one replica threshold count 0
2024-03-04 13:05:24,625 [main] INFO  safemode.HealthyPipelineSafeModeRule (HealthyPipelineSafeModeRule.java:initializeRule(176)) - Total pipeline count is 0, healthy pipeline threshold count is 1
2024-03-04 13:05:24,625 [main] INFO  safemode.OneReplicaPipelineSafeModeRule (OneReplicaPipelineSafeModeRule.java:initializeRule(193)) - Total pipeline count is 0, pipeline's with at least one datanode reported threshold count is 0
2024-03-04 13:05:24,625 [main] INFO  server.StorageContainerManager (StorageContainerManager.java:<init>(440)) - SCM start with adminUsers: [*, runner]
2024-03-04 13:05:24,625 [main] INFO  ipc.CallQueueManager (CallQueueManager.java:<init>(90)) - Using callQueue: class java.util.concurrent.LinkedBlockingQueue, queueCapacity: 10000, scheduler: class org.apache.hadoop.ipc.DefaultRpcScheduler, ipcBackoff: false.
2024-03-04 13:05:24,626 [main] INFO  ipc.Server (Server.java:<init>(1287)) - Listener at 0.0.0.0:15260
2024-03-04 13:05:24,626 [Socket Reader #1 for port 15260] INFO  ipc.Server (Server.java:run(1323)) - Starting Socket Reader #1 for port 15260
2024-03-04 13:05:24,630 [main] INFO  ipc.CallQueueManager (CallQueueManager.java:<init>(90)) - Using callQueue: class java.util.concurrent.LinkedBlockingQueue, queueCapacity: 10000, scheduler: class org.apache.hadoop.ipc.DefaultRpcScheduler, ipcBackoff: false.
2024-03-04 13:05:24,630 [main] INFO  ipc.Server (Server.java:<init>(1287)) - Listener at 0.0.0.0:15259
2024-03-04 13:05:24,630 [Socket Reader #1 for port 15259] INFO  ipc.Server (Server.java:run(1323)) - Starting Socket Reader #1 for port 15259
2024-03-04 13:05:24,631 [main] INFO  ipc.CallQueueManager (CallQueueManager.java:<init>(90)) - Using callQueue: class java.util.concurrent.LinkedBlockingQueue, queueCapacity: 10000, scheduler: class org.apache.hadoop.ipc.DefaultRpcScheduler, ipcBackoff: false.
2024-03-04 13:05:24,631 [main] INFO  ipc.Server (Server.java:<init>(1287)) - Listener at 0.0.0.0:15258
2024-03-04 13:05:24,632 [Socket Reader #1 for port 15258] INFO  ipc.Server (Server.java:run(1323)) - Starting Socket Reader #1 for port 15258
2024-03-04 13:05:24,636 [main] INFO  ha.SCMServiceManager (SCMServiceManager.java:register(42)) - Registering service ContainerBalancer.
2024-03-04 13:05:24,636 [main] INFO  ha.SCMContext (SCMContext.java:updateSafeModeStatus(225)) - Update SafeModeStatus from SafeModeStatus{safeModeStatus=true, preCheckPassed=false} to SafeModeStatus{safeModeStatus=true, preCheckPassed=false}.
2024-03-04 13:05:24,636 [main] INFO  server.StorageContainerManager (StorageContainerManager.java:start(1545)) - StorageContainerLocationProtocol RPC server is listening at /0.0.0.0:15258
2024-03-04 13:05:24,637 [main] WARN  impl.MetricsConfig (MetricsConfig.java:loadFirst(136)) - Cannot locate configuration: tried hadoop-metrics2-storagecontainermanager.properties,hadoop-metrics2.properties
2024-03-04 13:05:24,638 [main] INFO  impl.MetricsSystemImpl (MetricsSystemImpl.java:startTimer(378)) - Scheduled Metric snapshot period at 10 second(s).
2024-03-04 13:05:24,638 [main] INFO  impl.MetricsSystemImpl (MetricsSystemImpl.java:start(191)) - StorageContainerManager metrics system started
2024-03-04 13:05:24,644 [main] INFO  impl.MetricsSinkAdapter (MetricsSinkAdapter.java:start(204)) - Sink prometheus started
2024-03-04 13:05:24,644 [main] INFO  impl.MetricsSystemImpl (MetricsSystemImpl.java:registerSink(305)) - Registered sink prometheus
2024-03-04 13:05:24,673 [main] INFO  server.SCMClientProtocolServer (SCMClientProtocolServer.java:start(204)) - RPC server for Client  is listening at /0.0.0.0:15258
2024-03-04 13:05:24,677 [IPC Server Responder] INFO  ipc.Server (Server.java:run(1562)) - IPC Server Responder: starting
2024-03-04 13:05:24,677 [IPC Server listener on 15258] INFO  ipc.Server (Server.java:run(1402)) - IPC Server listener on 15258: starting
2024-03-04 13:05:24,705 [main] INFO  server.StorageContainerManager (StorageContainerManager.java:start(1558)) - ScmBlockLocationProtocol RPC server is listening at /0.0.0.0:15259
2024-03-04 13:05:24,706 [main] INFO  server.SCMBlockProtocolServer (SCMBlockProtocolServer.java:start(160)) - RPC server for Block Protocol is listening at /0.0.0.0:15259
2024-03-04 13:05:24,706 [IPC Server Responder] INFO  ipc.Server (Server.java:run(1562)) - IPC Server Responder: starting
2024-03-04 13:05:24,706 [IPC Server listener on 15259] INFO  ipc.Server (Server.java:run(1402)) - IPC Server listener on 15259: starting
2024-03-04 13:05:24,726 [main] INFO  server.SCMDatanodeProtocolServer (SCMDatanodeProtocolServer.java:start(194)) - ScmDatanodeProtocol RPC server for DataNodes is listening at /0.0.0.0:15260
2024-03-04 13:05:24,729 [IPC Server Responder] INFO  ipc.Server (Server.java:run(1562)) - IPC Server Responder: starting
2024-03-04 13:05:24,733 [IPC Server listener on 15260] INFO  ipc.Server (Server.java:run(1402)) - IPC Server listener on 15260: starting
2024-03-04 13:05:24,761 [JvmPauseMonitor69] INFO  util.JvmPauseMonitor (JvmPauseMonitor.java:run(146)) - JvmPauseMonitor-8c22af4d-15a0-4a85-ab4c-525b284247c3: Started
2024-03-04 13:05:24,763 [main] INFO  http.BaseHttpServer (BaseHttpServer.java:newHttpServer2BuilderForOzone(223)) - Starting Web-server for scm at: http://0.0.0.0:15261
2024-03-04 13:05:24,763 [main] INFO  http.BaseHttpServer (BaseHttpServer.java:<init>(110)) - Hadoop Security Enabled: false Ozone Security Enabled: false Ozone HTTP Security Enabled: false 
2024-03-04 13:05:24,764 [main] WARN  server.AuthenticationFilter (AuthenticationFilter.java:constructSecretProvider(240)) - Unable to initialize FileSignerSecretProvider, falling back to use random secrets. Reason: Could not read signature secret file: /home/runner/hadoop-http-auth-signature-secret
2024-03-04 13:05:24,765 [main] INFO  http.HttpRequestLog (HttpRequestLog.java:getRequestLog(86)) - Http request log for http.requests.scm is not defined
2024-03-04 13:05:24,766 [main] INFO  http.HttpServer2 (HttpServer2.java:addGlobalFilter(1036)) - Added global filter 'safety' (class=org.apache.hadoop.hdds.server.http.HttpServer2$QuotingInputFilter)
2024-03-04 13:05:24,767 [main] INFO  http.HttpServer2 (HttpServer2.java:addFilter(1012)) - Added filter static_user_filter (class=org.apache.hadoop.http.lib.StaticUserWebFilter$StaticUserFilter) to context scm
2024-03-04 13:05:24,767 [main] INFO  http.HttpServer2 (HttpServer2.java:addFilter(1020)) - Added filter static_user_filter (class=org.apache.hadoop.http.lib.StaticUserWebFilter$StaticUserFilter) to context logs
2024-03-04 13:05:24,767 [main] INFO  http.HttpServer2 (HttpServer2.java:addFilter(1020)) - Added filter static_user_filter (class=org.apache.hadoop.http.lib.StaticUserWebFilter$StaticUserFilter) to context static
2024-03-04 13:05:24,767 [main] INFO  http.BaseHttpServer (BaseHttpServer.java:<init>(189)) - HTTP server of scm uses base directory /home/runner/work/ozone/ozone/hadoop-ozone/integration-test/target/test-dir/MiniOzoneClusterImpl-6b98b79e-1748-4853-9fc9-d757899c3dd5/ozone-meta/webserver
2024-03-04 13:05:24,767 [main] INFO  http.HttpServer2 (HttpServer2.java:bindListener(1236)) - Jetty bound to port 15261
2024-03-04 13:05:24,767 [main] INFO  server.Server (Server.java:doStart(375)) - jetty-9.4.53.v20231009; built: 2023-10-09T12:29:09.265Z; git: 27bde00a0b95a1d5bbee0eae7984f891d2d0f8c9; jvm 1.8.0_402-b06
2024-03-04 13:05:24,769 [main] INFO  server.session (DefaultSessionIdManager.java:doStart(334)) - DefaultSessionIdManager workerName=node0
2024-03-04 13:05:24,769 [main] INFO  server.session (DefaultSessionIdManager.java:doStart(339)) - No SessionScavenger set, using defaults
2024-03-04 13:05:24,769 [main] INFO  server.session (HouseKeeper.java:startScavenging(132)) - node0 Scavenging every 600000ms
2024-03-04 13:05:24,770 [main] INFO  handler.ContextHandler (ContextHandler.java:doStart(921)) - Started o.e.j.s.ServletContextHandler@74cfbd91{logs,/logs,file:///home/runner/work/ozone/ozone/hadoop-ozone/integration-test/target/log,AVAILABLE}
2024-03-04 13:05:24,770 [main] INFO  handler.ContextHandler (ContextHandler.java:doStart(921)) - Started o.e.j.s.ServletContextHandler@319b2134{static,/static,file:///home/runner/work/ozone/ozone/hadoop-ozone/integration-test/target/test-classes/webapps/static,AVAILABLE}
2024-03-04 13:05:24,771 [main] INFO  handler.ContextHandler (ContextHandler.java:doStart(921)) - Started o.e.j.w.WebAppContext@6161c24c{scm,/,file:///home/runner/work/ozone/ozone/hadoop-ozone/integration-test/target/test-classes/webapps/scm/,AVAILABLE}{file:/home/runner/work/ozone/ozone/hadoop-ozone/integration-test/target/test-classes/webapps/scm}
2024-03-04 13:05:24,772 [main] INFO  server.AbstractConnector (AbstractConnector.java:doStart(333)) - Started ServerConnector@1ab10e04{HTTP/1.1, (http/1.1)}{0.0.0.0:15261}
2024-03-04 13:05:24,772 [main] INFO  server.Server (Server.java:doStart(415)) - Started @820355ms
2024-03-04 13:05:24,772 [main] WARN  impl.MetricsSystemImpl (MetricsSystemImpl.java:register(279)) - Sink prometheus already exists!
2024-03-04 13:05:24,772 [main] INFO  http.BaseHttpServer (BaseHttpServer.java:updateConnectorAddress(354)) - HTTP server of scm listening at http://0.0.0.0:15261
2024-03-04 13:05:24,773 [main] INFO  ha.OMHANodeDetails (OMHANodeDetails.java:loadOMHAConfig(121)) - ServiceID for OzoneManager is om-service-test1
2024-03-04 13:05:24,773 [main] INFO  ha.OMHANodeDetails (OMHANodeDetails.java:loadOMHAConfig(201)) - Found matching OM address with OMServiceId: om-service-test1, OMNodeId: omNode-1, RPC Address: localhost:15262 and Ratis port: 15265
2024-03-04 13:05:24,773 [main] INFO  ha.OMHANodeDetails (ConfUtils.java:setNodeSpecificConfigs(97)) - Setting configuration key ozone.om.http-address with value of key ozone.om.http-address.om-service-test1.omNode-1: 127.0.0.1:15263
2024-03-04 13:05:24,773 [main] INFO  ha.OMHANodeDetails (ConfUtils.java:setNodeSpecificConfigs(97)) - Setting configuration key ozone.om.https-address with value of key ozone.om.https-address.om-service-test1.omNode-1: 127.0.0.1:15264
2024-03-04 13:05:24,773 [main] INFO  ha.OMHANodeDetails (ConfUtils.java:setNodeSpecificConfigs(97)) - Setting configuration key ozone.om.address with value of key ozone.om.address.om-service-test1.omNode-1: 127.0.0.1:15262
2024-03-04 13:05:24,773 [main] WARN  server.ServerUtils (ServerUtils.java:getDBPath(299)) - ozone.om.db.dirs is not configured. We recommend adding this setting. Falling back to ozone.metadata.dirs instead.
2024-03-04 13:05:24,774 [main] INFO  proxy.SCMBlockLocationFailoverProxyProvider (SCMBlockLocationFailoverProxyProvider.java:<init>(115)) - Created block location fail-over proxy with 1 nodes: [nodeId=scmNodeId,nodeAddress=/0.0.0.0:15259]
OM initialization succeeded.Current cluster id for sd=/home/runner/work/ozone/ozone/hadoop-ozone/integration-test/target/test-dir/MiniOzoneClusterImpl-6b98b79e-1748-4853-9fc9-d757899c3dd5/omNode-1/om;cid=6b98b79e-1748-4853-9fc9-d757899c3dd5;layoutVersion=6
2024-03-04 13:05:24,779 [main] INFO  ha.OMHANodeDetails (OMHANodeDetails.java:loadOMHAConfig(121)) - ServiceID for OzoneManager is om-service-test1
2024-03-04 13:05:24,780 [main] INFO  ha.OMHANodeDetails (OMHANodeDetails.java:loadOMHAConfig(201)) - Found matching OM address with OMServiceId: om-service-test1, OMNodeId: omNode-1, RPC Address: localhost:15262 and Ratis port: 15265
2024-03-04 13:05:24,780 [main] INFO  ha.OMHANodeDetails (ConfUtils.java:setNodeSpecificConfigs(97)) - Setting configuration key ozone.om.http-address with value of key ozone.om.http-address.om-service-test1.omNode-1: 127.0.0.1:15263
2024-03-04 13:05:24,780 [main] INFO  ha.OMHANodeDetails (ConfUtils.java:setNodeSpecificConfigs(97)) - Setting configuration key ozone.om.https-address with value of key ozone.om.https-address.om-service-test1.omNode-1: 127.0.0.1:15264
2024-03-04 13:05:24,780 [main] INFO  ha.OMHANodeDetails (ConfUtils.java:setNodeSpecificConfigs(97)) - Setting configuration key ozone.om.address with value of key ozone.om.address.om-service-test1.omNode-1: 127.0.0.1:15262
2024-03-04 13:05:24,780 [main] WARN  server.ServerUtils (ServerUtils.java:getDBPath(299)) - ozone.om.db.dirs is not configured. We recommend adding this setting. Falling back to ozone.metadata.dirs instead.
2024-03-04 13:05:24,781 [main] INFO  upgrade.AbstractLayoutVersionManager (AbstractLayoutVersionManager.java:init(83)) - Initializing Layout version manager with metadata layout = QUOTA (version = 6), software layout = QUOTA (version = 6)
2024-03-04 13:05:24,815 [main] INFO  upgrade.OMLayoutVersionManager (OMLayoutVersionManager.java:lambda$0(113)) - Skipping Upgrade Action QuotaRepairUpgradeAction since it has been finalized.
2024-03-04 13:05:24,815 [main] INFO  upgrade.OMLayoutVersionManager (OMLayoutVersionManager.java:lambda$0(113)) - Skipping Upgrade Action MockOmUpgradeAction since it has been finalized.
2024-03-04 13:05:24,815 [main] WARN  server.ServerUtils (ServerUtils.java:getDBPath(299)) - ozone.om.db.dirs is not configured. We recommend adding this setting. Falling back to ozone.metadata.dirs instead.
2024-03-04 13:05:24,816 [main] INFO  proxy.SCMBlockLocationFailoverProxyProvider (SCMBlockLocationFailoverProxyProvider.java:<init>(115)) - Created block location fail-over proxy with 1 nodes: [nodeId=scmNodeId,nodeAddress=/0.0.0.0:15259]
2024-03-04 13:05:24,816 [main] INFO  proxy.SCMBlockLocationFailoverProxyProvider (SCMBlockLocationFailoverProxyProvider.java:<init>(115)) - Created block location fail-over proxy with 1 nodes: [nodeId=scmNodeId,nodeAddress=/0.0.0.0:15259]
2024-03-04 13:05:24,821 [main] INFO  om.OzoneManager (OzoneManager.java:<init>(672)) - OM start with adminUsers: [*, runner]
2024-03-04 13:05:24,821 [main] WARN  server.ServerUtils (ServerUtils.java:getDBPath(299)) - ozone.om.db.dirs is not configured. We recommend adding this setting. Falling back to ozone.metadata.dirs instead.
2024-03-04 13:05:24,821 [main] INFO  helpers.OmKeyInfo (OmKeyInfo.java:getCodec(71)) - OmKeyInfo.getCodec ignorePipeline = true
2024-03-04 13:05:24,982 [main] INFO  om.OzoneManager (OzoneManager.java:instantiateServices(804)) - S3 Multi-Tenancy is disabled
2024-03-04 13:05:24,982 [main] INFO  om.OmSnapshotManager (OmSnapshotManager.java:<init>(177)) - Ozone filesystem snapshot feature is enabled.
2024-03-04 13:05:24,982 [main] WARN  server.ServerUtils (ServerUtils.java:getDBPath(299)) - ozone.om.snapshot.diff.db.dir is not configured. We recommend adding this setting. Falling back to ozone.metadata.dirs instead.
2024-03-04 13:05:24,995 [main] INFO  utils.NativeLibraryLoader (NativeLibraryLoader.java:loadLibrary(108)) - Loading Library: ozone_rocksdb_tools
2024-03-04 13:05:24,996 [main] ERROR snapshot.SnapshotDiffManager (SnapshotDiffManager.java:initNativeLibraryForEfficientDiff(287)) - Native Library for raw sst file reading loading failed.
org.apache.hadoop.hdds.utils.NativeLibraryNotLoadedException: Unable to load library ozone_rocksdb_tools from both java.library.path & resource file libozone_rocksdb_tools.so from jar.
	at org.apache.hadoop.hdds.utils.db.managed.ManagedRawSSTFileReader.loadLibrary(ManagedRawSSTFileReader.java:38)
	at org.apache.hadoop.ozone.om.snapshot.SnapshotDiffManager.initNativeLibraryForEfficientDiff(SnapshotDiffManager.java:285)
	at org.apache.hadoop.ozone.om.snapshot.SnapshotDiffManager.<init>(SnapshotDiffManager.java:259)
	at org.apache.hadoop.ozone.om.OmSnapshotManager.<init>(OmSnapshotManager.java:279)
	at org.apache.hadoop.ozone.om.OzoneManager.instantiateServices(OzoneManager.java:856)
	at org.apache.hadoop.ozone.om.OzoneManager.<init>(OzoneManager.java:682)
	at org.apache.hadoop.ozone.om.OzoneManager.createOm(OzoneManager.java:767)
	at org.apache.hadoop.ozone.MiniOzoneHAClusterImpl$Builder.createOMService(MiniOzoneHAClusterImpl.java:509)
	at org.apache.hadoop.ozone.MiniOzoneHAClusterImpl$Builder.build(MiniOzoneHAClusterImpl.java:425)
	at org.apache.hadoop.ozone.om.TestOzoneManagerHA.init(TestOzoneManagerHA.java:179)
	at sun.reflect.NativeMethodAccessorImpl.invoke0(Native Method)
	at sun.reflect.NativeMethodAccessorImpl.invoke(NativeMethodAccessorImpl.java:62)
	at sun.reflect.DelegatingMethodAccessorImpl.invoke(DelegatingMethodAccessorImpl.java:43)
	at java.lang.reflect.Method.invoke(Method.java:498)
	at org.junit.platform.commons.util.ReflectionUtils.invokeMethod(ReflectionUtils.java:728)
	at org.junit.jupiter.engine.execution.MethodInvocation.proceed(MethodInvocation.java:60)
	at org.junit.jupiter.engine.execution.InvocationInterceptorChain$ValidatingInvocation.proceed(InvocationInterceptorChain.java:131)
	at org.junit.jupiter.engine.extension.TimeoutExtension.intercept(TimeoutExtension.java:156)
	at org.junit.jupiter.engine.extension.TimeoutExtension.interceptLifecycleMethod(TimeoutExtension.java:128)
	at org.junit.jupiter.engine.extension.TimeoutExtension.interceptBeforeAllMethod(TimeoutExtension.java:70)
	at org.junit.jupiter.engine.execution.InterceptingExecutableInvoker$ReflectiveInterceptorCall.lambda$ofVoidMethod$0(InterceptingExecutableInvoker.java:103)
	at org.junit.jupiter.engine.execution.InterceptingExecutableInvoker.lambda$invoke$0(InterceptingExecutableInvoker.java:93)
	at org.junit.jupiter.engine.execution.InvocationInterceptorChain$InterceptedInvocation.proceed(InvocationInterceptorChain.java:106)
	at org.junit.jupiter.engine.execution.InvocationInterceptorChain.proceed(InvocationInterceptorChain.java:64)
	at org.junit.jupiter.engine.execution.InvocationInterceptorChain.chainAndInvoke(InvocationInterceptorChain.java:45)
	at org.junit.jupiter.engine.execution.InvocationInterceptorChain.invoke(InvocationInterceptorChain.java:37)
	at org.junit.jupiter.engine.execution.InterceptingExecutableInvoker.invoke(InterceptingExecutableInvoker.java:92)
	at org.junit.jupiter.engine.execution.InterceptingExecutableInvoker.invoke(InterceptingExecutableInvoker.java:86)
	at org.junit.jupiter.engine.descriptor.ClassBasedTestDescriptor.lambda$invokeBeforeAllMethods$13(ClassBasedTestDescriptor.java:412)
	at org.junit.platform.engine.support.hierarchical.ThrowableCollector.execute(ThrowableCollector.java:73)
	at org.junit.jupiter.engine.descriptor.ClassBasedTestDescriptor.invokeBeforeAllMethods(ClassBasedTestDescriptor.java:410)
	at org.junit.jupiter.engine.descriptor.ClassBasedTestDescriptor.before(ClassBasedTestDescriptor.java:216)
	at org.junit.jupiter.engine.descriptor.ClassBasedTestDescriptor.before(ClassBasedTestDescriptor.java:85)
	at org.junit.platform.engine.support.hierarchical.NodeTestTask.lambda$executeRecursively$6(NodeTestTask.java:148)
	at org.junit.platform.engine.support.hierarchical.ThrowableCollector.execute(ThrowableCollector.java:73)
	at org.junit.platform.engine.support.hierarchical.NodeTestTask.lambda$executeRecursively$8(NodeTestTask.java:141)
	at org.junit.platform.engine.support.hierarchical.Node.around(Node.java:137)
	at org.junit.platform.engine.support.hierarchical.NodeTestTask.lambda$executeRecursively$9(NodeTestTask.java:139)
	at org.junit.platform.engine.support.hierarchical.ThrowableCollector.execute(ThrowableCollector.java:73)
	at org.junit.platform.engine.support.hierarchical.NodeTestTask.executeRecursively(NodeTestTask.java:138)
	at org.junit.platform.engine.support.hierarchical.NodeTestTask.execute(NodeTestTask.java:95)
	at java.util.ArrayList.forEach(ArrayList.java:1259)
	at org.junit.platform.engine.support.hierarchical.SameThreadHierarchicalTestExecutorService.invokeAll(SameThreadHierarchicalTestExecutorService.java:41)
	at org.junit.platform.engine.support.hierarchical.NodeTestTask.lambda$executeRecursively$6(NodeTestTask.java:155)
	at org.junit.platform.engine.support.hierarchical.ThrowableCollector.execute(ThrowableCollector.java:73)
	at org.junit.platform.engine.support.hierarchical.NodeTestTask.lambda$executeRecursively$8(NodeTestTask.java:141)
	at org.junit.platform.engine.support.hierarchical.Node.around(Node.java:137)
	at org.junit.platform.engine.support.hierarchical.NodeTestTask.lambda$executeRecursively$9(NodeTestTask.java:139)
	at org.junit.platform.engine.support.hierarchical.ThrowableCollector.execute(ThrowableCollector.java:73)
	at org.junit.platform.engine.support.hierarchical.NodeTestTask.executeRecursively(NodeTestTask.java:138)
	at org.junit.platform.engine.support.hierarchical.NodeTestTask.execute(NodeTestTask.java:95)
	at org.junit.platform.engine.support.hierarchical.SameThreadHierarchicalTestExecutorService.submit(SameThreadHierarchicalTestExecutorService.java:35)
	at org.junit.platform.engine.support.hierarchical.HierarchicalTestExecutor.execute(HierarchicalTestExecutor.java:57)
	at org.junit.platform.engine.support.hierarchical.HierarchicalTestEngine.execute(HierarchicalTestEngine.java:54)
	at org.junit.platform.launcher.core.EngineExecutionOrchestrator.execute(EngineExecutionOrchestrator.java:198)
	at org.junit.platform.launcher.core.EngineExecutionOrchestrator.execute(EngineExecutionOrchestrator.java:169)
	at org.junit.platform.launcher.core.EngineExecutionOrchestrator.execute(EngineExecutionOrchestrator.java:93)
	at org.junit.platform.launcher.core.EngineExecutionOrchestrator.lambda$execute$0(EngineExecutionOrchestrator.java:58)
	at org.junit.platform.launcher.core.EngineExecutionOrchestrator.withInterceptedStreams(EngineExecutionOrchestrator.java:141)
	at org.junit.platform.launcher.core.EngineExecutionOrchestrator.execute(EngineExecutionOrchestrator.java:57)
	at org.junit.platform.launcher.core.DefaultLauncher.execute(DefaultLauncher.java:103)
	at org.junit.platform.launcher.core.DefaultLauncher.execute(DefaultLauncher.java:85)
	at org.junit.platform.launcher.core.DelegatingLauncher.execute(DelegatingLauncher.java:47)
	at org.junit.platform.launcher.core.SessionPerRequestLauncher.execute(SessionPerRequestLauncher.java:63)
	at org.apache.maven.surefire.junitplatform.JUnitPlatformProvider.invokeAllTests(JUnitPlatformProvider.java:165)
	at org.apache.maven.surefire.junitplatform.JUnitPlatformProvider.invoke(JUnitPlatformProvider.java:124)
	at org.apache.maven.surefire.booter.ForkedBooter.runSuitesInProcess(ForkedBooter.java:428)
	at org.apache.maven.surefire.booter.ForkedBooter.execute(ForkedBooter.java:162)
	at org.apache.maven.surefire.booter.ForkedBooter.run(ForkedBooter.java:562)
	at org.apache.maven.surefire.booter.ForkedBooter.main(ForkedBooter.java:548)
2024-03-04 13:05:24,998 [main] INFO  om.OzoneManager (OzoneManager.java:addS3GVolumeToDB(4426)) - Created Volume s3v With Owner runner required for S3Gateway operations.
2024-03-04 13:05:24,998 [main] WARN  server.ServerUtils (ServerUtils.java:getDefaultRatisDirectory(311)) - Storage directory for Ratis is not configured. It is a good idea to map this to an SSD disk. Falling back to ozone.metadata.dirs
2024-03-04 13:05:24,998 [main] WARN  utils.OzoneManagerRatisUtils (OzoneManagerRatisUtils.java:getOMRatisSnapshotDirectory(476)) - ozone.om.ratis.snapshot.dir is not configured. Falling back to ozone.metadata.dirs config
2024-03-04 13:05:24,998 [main] INFO  utils.RDBSnapshotProvider (RDBSnapshotProvider.java:init(87)) - Cleaning up the candidate dir: /home/runner/work/ozone/ozone/hadoop-ozone/integration-test/target/test-dir/MiniOzoneClusterImpl-6b98b79e-1748-4853-9fc9-d757899c3dd5/omNode-1/snapshot/om.db.candidate
2024-03-04 13:05:24,998 [main] INFO  ratis_snapshot.OmRatisSnapshotProvider (OmRatisSnapshotProvider.java:<init>(99)) - Initializing OM Snapshot Provider
2024-03-04 13:05:24,999 [main] WARN  server.ServerUtils (ServerUtils.java:getDefaultRatisDirectory(311)) - Storage directory for Ratis is not configured. It is a good idea to map this to an SSD disk. Falling back to ozone.metadata.dirs
2024-03-04 13:05:25,000 [main] INFO  ratis.OzoneManagerRatisServer (OzoneManagerRatisServer.java:<init>(167)) - Instantiating OM Ratis server with groupID: om-service-test1 and peers: localhost:15265, localhost:15273, localhost:15269
2024-03-04 13:05:25,000 [main] INFO  ratis.OzoneManagerStateMachine (OzoneManagerStateMachine.java:loadSnapshotInfoFromDB(575)) - TransactionInfo not found in OM DB.
2024-03-04 13:05:25,001 [main] INFO  server.RaftServer (ConfUtils.java:logGet(46)) - raft.rpc.type = GRPC (default)
2024-03-04 13:05:25,001 [main] INFO  grpc.GrpcConfigKeys (ConfUtils.java:logFallback(53)) - raft.grpc.admin.host = null (fallback to raft.grpc.server.host)
2024-03-04 13:05:25,001 [main] INFO  grpc.GrpcConfigKeys (ConfUtils.java:logFallback(53)) - raft.grpc.admin.port = 15265 (fallback to raft.grpc.server.port)
2024-03-04 13:05:25,001 [main] INFO  grpc.GrpcConfigKeys (ConfUtils.java:logFallback(53)) - raft.grpc.client.host = null (fallback to raft.grpc.server.host)
2024-03-04 13:05:25,001 [main] INFO  grpc.GrpcConfigKeys (ConfUtils.java:logFallback(53)) - raft.grpc.client.port = 15265 (fallback to raft.grpc.server.port)
2024-03-04 13:05:25,002 [main] INFO  grpc.GrpcConfigKeys (ConfUtils.java:logGet(46)) - raft.grpc.server.host = null (default)
2024-03-04 13:05:25,002 [main] INFO  grpc.GrpcConfigKeys (ConfUtils.java:logGet(46)) - raft.grpc.server.port = 15265 (custom)
2024-03-04 13:05:25,002 [main] INFO  server.GrpcService (ConfUtils.java:logGet(46)) - raft.grpc.message.size.max = 4194304 (custom)
2024-03-04 13:05:25,002 [main] INFO  server.RaftServerConfigKeys (ConfUtils.java:logGet(46)) - raft.server.log.appender.buffer.byte-limit = 4194304 (custom)
2024-03-04 13:05:25,002 [main] INFO  server.GrpcService (ConfUtils.java:logGet(46)) - raft.grpc.flow.control.window = 1MB (=1048576) (default)
2024-03-04 13:05:25,002 [main] INFO  server.RaftServerConfigKeys (ConfUtils.java:logGet(46)) - raft.server.rpc.request.timeout = 3000ms (default)
2024-03-04 13:05:25,002 [main] INFO  grpc.GrpcConfigKeys (ConfUtils.java:logGet(46)) - raft.grpc.server.heartbeat.channel = true (default)
2024-03-04 13:05:25,002 [main] INFO  grpc.GrpcConfigKeys (ConfUtils.java:logGet(46)) - raft.grpc.server.async.request.thread.pool.cached = true (default)
2024-03-04 13:05:25,002 [main] INFO  grpc.GrpcConfigKeys (ConfUtils.java:logGet(46)) - raft.grpc.server.async.request.thread.pool.size = 32 (default)
2024-03-04 13:05:25,003 [main] INFO  impl.DataStreamServerImpl (ConfUtils.java:logGet(46)) - raft.datastream.type = DISABLED (default)
2024-03-04 13:05:25,004 [main] INFO  server.RaftServerConfigKeys (ConfUtils.java:logGet(46)) - raft.server.sleep.deviation.threshold = 300ms (default)
2024-03-04 13:05:25,004 [main] INFO  server.RaftServerConfigKeys (ConfUtils.java:logGet(46)) - raft.server.close.threshold = 60s (default)
2024-03-04 13:05:25,004 [main] INFO  server.RaftServerConfigKeys (ConfUtils.java:logGet(46)) - raft.server.leaderelection.leader.step-down.wait-time = 10s (default)
2024-03-04 13:05:25,004 [main] INFO  server.RaftServerConfigKeys (ConfUtils.java:logGet(46)) - raft.server.storage.dir = [/home/runner/work/ozone/ozone/hadoop-ozone/integration-test/target/test-dir/MiniOzoneClusterImpl-6b98b79e-1748-4853-9fc9-d757899c3dd5/omNode-1/ratis] (custom)
2024-03-04 13:05:25,004 [main] INFO  server.RaftServerConfigKeys (ConfUtils.java:logGet(46)) - raft.server.threadpool.proxy.cached = true (default)
2024-03-04 13:05:25,004 [main] INFO  server.RaftServerConfigKeys (ConfUtils.java:logGet(46)) - raft.server.threadpool.proxy.size = 0 (default)
2024-03-04 13:05:25,005 [main] INFO  server.RaftServer (RaftServerProxy.java:addNew(100)) - omNode-1: addNew group-523986131536:[omNode-3|localhost:15273, omNode-1|localhost:15265, omNode-2|localhost:15269] returns group-523986131536:java.util.concurrent.CompletableFuture@455fead7[Not completed]
2024-03-04 13:05:25,005 [main] INFO  om.OzoneManager (OzoneManager.java:initializeRatisServer(2140)) - OzoneManager Ratis server initialized at port 15265
2024-03-04 13:05:25,005 [omNode-1-groupManagement] INFO  server.RaftServer$Division (RaftServerImpl.java:<init>(256)) - omNode-1: new RaftServerImpl for group-523986131536:[omNode-3|localhost:15273, omNode-1|localhost:15265, omNode-2|localhost:15269] with OzoneManagerStateMachine:uninitialized
2024-03-04 13:05:25,005 [main] INFO  om.OzoneManager (OzoneManager.java:getRpcServer(1206)) - Creating RPC Server
2024-03-04 13:05:25,005 [omNode-1-groupManagement] INFO  server.RaftServerConfigKeys (ConfUtils.java:logGet(46)) - raft.server.rpc.timeout.min = 1s (custom)
2024-03-04 13:05:25,005 [omNode-1-groupManagement] INFO  server.RaftServerConfigKeys (ConfUtils.java:logGet(46)) - raft.server.rpc.timeout.max = 1200ms (custom)
2024-03-04 13:05:25,005 [omNode-1-groupManagement] INFO  server.RaftServerConfigKeys (ConfUtils.java:logGet(46)) - raft.server.rpc.sleep.time = 25ms (default)
2024-03-04 13:05:25,005 [omNode-1-groupManagement] INFO  server.RaftServerConfigKeys (ConfUtils.java:logGet(46)) - raft.server.rpc.slowness.timeout = 2s (custom)
2024-03-04 13:05:25,005 [omNode-1-groupManagement] INFO  server.RaftServerConfigKeys (ConfUtils.java:logGet(46)) - raft.server.leaderelection.leader.step-down.wait-time = 10s (default)
2024-03-04 13:05:25,005 [omNode-1-groupManagement] INFO  server.RaftServerConfigKeys (ConfUtils.java:logGet(46)) - raft.server.leaderelection.member.majority-add = false (default)
2024-03-04 13:05:25,005 [omNode-1-groupManagement] INFO  server.RaftServerConfigKeys (ConfUtils.java:logGet(46)) - raft.server.sleep.deviation.threshold = 300ms (default)
2024-03-04 13:05:25,005 [omNode-1-groupManagement] INFO  server.RaftServer$Division (ServerState.java:<init>(113)) - omNode-1@group-523986131536: ConfigurationManager, init=-1: peers:[omNode-3|localhost:15273, omNode-1|localhost:15265, omNode-2|localhost:15269]|listeners:[], old=null, confs=<EMPTY_MAP>
2024-03-04 13:05:25,005 [omNode-1-groupManagement] INFO  server.RaftServerConfigKeys (ConfUtils.java:logGet(46)) - raft.server.notification.no-leader.timeout = 2s (custom)
2024-03-04 13:05:25,006 [omNode-1-groupManagement] INFO  server.RaftServerConfigKeys (ConfUtils.java:logGet(46)) - raft.server.read.timeout = 10s (default)
2024-03-04 13:05:25,006 [omNode-1-groupManagement] INFO  server.RaftServerConfigKeys (ConfUtils.java:logGet(46)) - raft.server.retrycache.expirytime = 30000ms (custom)
2024-03-04 13:05:25,006 [omNode-1-groupManagement] INFO  server.RaftServerConfigKeys (ConfUtils.java:logGet(46)) - raft.server.retrycache.statistics.expirytime = 100ms (default)
2024-03-04 13:05:25,006 [omNode-1-groupManagement] INFO  server.RaftServerConfigKeys (ConfUtils.java:logGet(46)) - raft.server.read.option = DEFAULT (default)
2024-03-04 13:05:25,006 [omNode-1-groupManagement] INFO  server.RaftServerConfigKeys (ConfUtils.java:logGet(46)) - raft.server.read.read-after-write-consistent.write-index-cache.expiry-time = 60s (default)
2024-03-04 13:05:25,006 [omNode-1-groupManagement] INFO  server.RaftServerConfigKeys (ConfUtils.java:logGet(46)) - raft.server.rpc.request.timeout = 3000ms (default)
2024-03-04 13:05:25,006 [omNode-1-groupManagement] INFO  server.RaftServerConfigKeys (ConfUtils.java:logGet(46)) - raft.server.log.appender.install.snapshot.enabled = false (custom)
2024-03-04 13:05:25,007 [omNode-1-groupManagement] INFO  server.RaftServerConfigKeys (ConfUtils.java:logGet(46)) - raft.server.threadpool.server.cached = true (default)
2024-03-04 13:05:25,007 [omNode-1-groupManagement] INFO  server.RaftServerConfigKeys (ConfUtils.java:logGet(46)) - raft.server.threadpool.server.size = 0 (default)
2024-03-04 13:05:25,007 [omNode-1-groupManagement] INFO  server.RaftServerConfigKeys (ConfUtils.java:logGet(46)) - raft.server.threadpool.client.cached = true (default)
2024-03-04 13:05:25,007 [omNode-1-groupManagement] INFO  server.RaftServerConfigKeys (ConfUtils.java:logGet(46)) - raft.server.threadpool.client.size = 0 (default)
2024-03-04 13:05:25,191 [main] INFO  ipc.CallQueueManager (CallQueueManager.java:<init>(90)) - Using callQueue: class java.util.concurrent.LinkedBlockingQueue, queueCapacity: 2000, scheduler: class org.apache.hadoop.ipc.DefaultRpcScheduler, ipcBackoff: false.
2024-03-04 13:05:25,191 [main] INFO  ipc.Server (Server.java:<init>(1287)) - Listener at 127.0.0.1:15262
2024-03-04 13:05:25,191 [Socket Reader #1 for port 15262] INFO  ipc.Server (Server.java:run(1323)) - Starting Socket Reader #1 for port 15262
2024-03-04 13:05:25,204 [main] INFO  impl.MetricsSystemImpl (MetricsSystemImpl.java:init(158)) - OzoneManager metrics system started (again)
2024-03-04 13:05:25,211 [main] INFO  om.OzoneManager (OzoneManager.java:start(1628)) - OzoneManager RPC server is listening at localhost/127.0.0.1:15262
2024-03-04 13:05:25,211 [main] INFO  ratis.OzoneManagerRatisServer (OzoneManagerRatisServer.java:start(588)) - Starting OzoneManagerRatisServer omNode-1 at port 15265
2024-03-04 13:05:25,211 [omNode-1-impl-thread1] INFO  server.RaftServerConfigKeys (ConfUtils.java:logGet(46)) - raft.server.storage.free-space.min = 0MB (=0) (default)
2024-03-04 13:05:25,211 [omNode-1-impl-thread1] INFO  server.RaftServerConfigKeys (ConfUtils.java:logGet(46)) - raft.server.log.corruption.policy = EXCEPTION (default)
2024-03-04 13:05:25,211 [omNode-1-impl-thread1] INFO  server.RaftServerConfigKeys (ConfUtils.java:logGet(46)) - raft.server.storage.dir = [/home/runner/work/ozone/ozone/hadoop-ozone/integration-test/target/test-dir/MiniOzoneClusterImpl-6b98b79e-1748-4853-9fc9-d757899c3dd5/omNode-1/ratis] (custom)
2024-03-04 13:05:25,211 [omNode-1-impl-thread1] INFO  storage.RaftStorageDirectory (RaftStorageDirectoryImpl.java:analyzeStorage(138)) - The storage directory /home/runner/work/ozone/ozone/hadoop-ozone/integration-test/target/test-dir/MiniOzoneClusterImpl-6b98b79e-1748-4853-9fc9-d757899c3dd5/omNode-1/ratis/c9bc4cf4-3bc3-3c60-a66b-523986131536 does not exist. Creating ...
2024-03-04 13:05:25,212 [omNode-1-impl-thread1] INFO  storage.RaftStorageDirectory (RaftStorageDirectoryImpl.java:tryLock(228)) - Lock on /home/runner/work/ozone/ozone/hadoop-ozone/integration-test/target/test-dir/MiniOzoneClusterImpl-6b98b79e-1748-4853-9fc9-d757899c3dd5/omNode-1/ratis/c9bc4cf4-3bc3-3c60-a66b-523986131536/in_use.lock acquired by nodename 41993@fv-az571-795
2024-03-04 13:05:25,213 [omNode-1-impl-thread1] INFO  storage.RaftStorage (RaftStorageImpl.java:format(99)) - Storage directory /home/runner/work/ozone/ozone/hadoop-ozone/integration-test/target/test-dir/MiniOzoneClusterImpl-6b98b79e-1748-4853-9fc9-d757899c3dd5/omNode-1/ratis/c9bc4cf4-3bc3-3c60-a66b-523986131536 has been successfully formatted.
2024-03-04 13:05:25,213 [omNode-1-impl-thread1] WARN  util.FileUtils (LogUtils.java:supplyAndLog(63)) - Failed to Files.newInputStream /home/runner/work/ozone/ozone/hadoop-ozone/integration-test/target/test-dir/MiniOzoneClusterImpl-6b98b79e-1748-4853-9fc9-d757899c3dd5/omNode-1/ratis/c9bc4cf4-3bc3-3c60-a66b-523986131536/current/raft-meta.conf with options []: java.nio.file.NoSuchFileException: /home/runner/work/ozone/ozone/hadoop-ozone/integration-test/target/test-dir/MiniOzoneClusterImpl-6b98b79e-1748-4853-9fc9-d757899c3dd5/omNode-1/ratis/c9bc4cf4-3bc3-3c60-a66b-523986131536/current/raft-meta.conf
2024-03-04 13:05:25,214 [omNode-1-impl-thread1] INFO  server.RaftServerConfigKeys (ConfUtils.java:logGet(46)) - raft.server.log.use.memory = false (default)
2024-03-04 13:05:25,214 [omNode-1-impl-thread1] INFO  server.RaftServerConfigKeys (ConfUtils.java:logGet(46)) - raft.server.log.purge.gap = 50 (custom)
2024-03-04 13:05:25,214 [omNode-1-impl-thread1] INFO  server.RaftServerConfigKeys (ConfUtils.java:logGet(46)) - raft.server.log.appender.buffer.byte-limit = 4194304 (custom)
2024-03-04 13:05:25,214 [omNode-1-impl-thread1] INFO  server.RaftServerConfigKeys (ConfUtils.java:logGet(46)) - raft.server.log.statemachine.data.read.timeout = 1000ms (default)
2024-03-04 13:05:25,214 [omNode-1-impl-thread1] INFO  server.RaftServerConfigKeys (ConfUtils.java:logGet(46)) - raft.server.log.purge.preservation.log.num = 0 (default)
2024-03-04 13:05:25,214 [omNode-1-impl-thread1] INFO  server.RaftServerConfigKeys (ConfUtils.java:logGet(46)) - raft.server.log.segment.size.max = 4194304 (custom)
2024-03-04 13:05:25,214 [omNode-1-impl-thread1] INFO  server.RaftServerConfigKeys (ConfUtils.java:logGet(46)) - raft.server.log.segment.cache.num.max = 2 (custom)
2024-03-04 13:05:25,214 [omNode-1-impl-thread1] INFO  server.RaftServerConfigKeys (ConfUtils.java:logGet(46)) - raft.server.log.segment.cache.size.max = 200MB (=209715200) (default)
2024-03-04 13:05:25,214 [omNode-1-impl-thread1] INFO  server.RaftServerConfigKeys (ConfUtils.java:logGet(46)) - raft.server.log.appender.buffer.byte-limit = 4194304 (custom)
2024-03-04 13:05:25,215 [omNode-1-impl-thread1] INFO  util.AwaitToRun (AwaitToRun.java:start(81)) - Thread[omNode-1@group-523986131536-cacheEviction-AwaitToRun,5,main] started
2024-03-04 13:05:25,215 [omNode-1-impl-thread1] INFO  segmented.SegmentedRaftLogWorker (SegmentedRaftLogWorker.java:<init>(182)) - new omNode-1@group-523986131536-SegmentedRaftLogWorker for RaftStorageImpl:Storage Directory /home/runner/work/ozone/ozone/hadoop-ozone/integration-test/target/test-dir/MiniOzoneClusterImpl-6b98b79e-1748-4853-9fc9-d757899c3dd5/omNode-1/ratis/c9bc4cf4-3bc3-3c60-a66b-523986131536
2024-03-04 13:05:25,215 [omNode-1-impl-thread1] INFO  server.RaftServerConfigKeys (ConfUtils.java:logGet(46)) - raft.server.log.queue.byte-limit = 64MB (=67108864) (default)
2024-03-04 13:05:25,215 [omNode-1-impl-thread1] INFO  server.RaftServerConfigKeys (ConfUtils.java:logGet(46)) - raft.server.log.queue.element-limit = 4096 (default)
2024-03-04 13:05:25,215 [omNode-1-impl-thread1] INFO  server.RaftServerConfigKeys (ConfUtils.java:logGet(46)) - raft.server.log.segment.size.max = 4194304 (custom)
2024-03-04 13:05:25,215 [omNode-1-impl-thread1] INFO  server.RaftServerConfigKeys (ConfUtils.java:logGet(46)) - raft.server.log.preallocated.size = 4194304 (custom)
2024-03-04 13:05:25,215 [omNode-1-impl-thread1] INFO  server.RaftServerConfigKeys (ConfUtils.java:logGet(46)) - raft.server.log.force.sync.num = 128 (default)
2024-03-04 13:05:25,215 [omNode-1-impl-thread1] INFO  server.RaftServerConfigKeys (ConfUtils.java:logGet(46)) - raft.server.log.statemachine.data.sync = true (default)
2024-03-04 13:05:25,215 [omNode-1-impl-thread1] INFO  server.RaftServerConfigKeys (ConfUtils.java:logGet(46)) - raft.server.log.statemachine.data.sync.timeout = 10s (default)
2024-03-04 13:05:25,215 [omNode-1-impl-thread1] INFO  server.RaftServerConfigKeys (ConfUtils.java:logGet(46)) - raft.server.log.statemachine.data.sync.timeout.retry = -1 (default)
2024-03-04 13:05:25,215 [omNode-1-impl-thread1] INFO  server.RaftServerConfigKeys (ConfUtils.java:logGet(46)) - raft.server.log.write.buffer.size = 4194312 (custom)
2024-03-04 13:05:25,215 [omNode-1-impl-thread1] INFO  server.RaftServerConfigKeys (ConfUtils.java:logGet(46)) - raft.server.log.appender.buffer.byte-limit = 4194304 (custom)
2024-03-04 13:05:25,215 [omNode-1-impl-thread1] INFO  server.RaftServerConfigKeys (ConfUtils.java:logGet(46)) - raft.server.log.unsafe-flush.enabled = false (default)
2024-03-04 13:05:25,216 [omNode-1-impl-thread1] INFO  server.RaftServerConfigKeys (ConfUtils.java:logGet(46)) - raft.server.log.async-flush.enabled = false (default)
2024-03-04 13:05:25,216 [omNode-1-impl-thread1] INFO  server.RaftServerConfigKeys (ConfUtils.java:logGet(46)) - raft.server.log.statemachine.data.caching.enabled = false (default)
2024-03-04 13:05:25,216 [omNode-1-impl-thread1] INFO  segmented.SegmentedRaftLogWorker (SegmentedRaftLogWorker.java:lambda$new$0(134)) - omNode-1@group-523986131536-SegmentedRaftLogWorker: flushIndex: setUnconditionally 0 -> -1
2024-03-04 13:05:25,216 [omNode-1-impl-thread1] INFO  segmented.SegmentedRaftLogWorker (SegmentedRaftLogWorker.java:lambda$new$0(134)) - omNode-1@group-523986131536-SegmentedRaftLogWorker: safeCacheEvictIndex: setUnconditionally 0 -> -1
2024-03-04 13:05:25,216 [omNode-1-impl-thread1] INFO  server.RaftServer$Division (RaftServerImpl.java:start(396)) - omNode-1@group-523986131536: start as a follower, conf=-1: peers:[omNode-3|localhost:15273, omNode-1|localhost:15265, omNode-2|localhost:15269]|listeners:[], old=null
2024-03-04 13:05:25,216 [omNode-1-impl-thread1] INFO  server.RaftServer$Division (RaftServerImpl.java:setRole(383)) - omNode-1@group-523986131536: changes role from      null to FOLLOWER at term 0 for startAsFollower
2024-03-04 13:05:25,216 [omNode-1-impl-thread1] INFO  impl.RoleInfo (RoleInfo.java:updateAndGet(139)) - omNode-1: start omNode-1@group-523986131536-FollowerState
2024-03-04 13:05:25,216 [omNode-1@group-523986131536-FollowerState] INFO  server.RaftServerConfigKeys (ConfUtils.java:logFallback(53)) - raft.server.rpc.first-election.timeout.min = 1s (fallback to raft.server.rpc.timeout.min)
2024-03-04 13:05:25,216 [omNode-1@group-523986131536-FollowerState] INFO  server.RaftServerConfigKeys (ConfUtils.java:logFallback(53)) - raft.server.rpc.first-election.timeout.max = 1200ms (fallback to raft.server.rpc.timeout.max)
2024-03-04 13:05:25,216 [omNode-1-impl-thread1] INFO  util.JmxRegister (JmxRegister.java:tryRegister(44)) - Successfully registered JMX Bean with object name Ratis:service=RaftServer,group=group-523986131536,id=omNode-1
2024-03-04 13:05:25,216 [omNode-1-impl-thread1] INFO  server.RaftServerConfigKeys (ConfUtils.java:logGet(46)) - raft.server.snapshot.trigger-when-stop.enabled = true (default)
2024-03-04 13:05:25,217 [omNode-1-impl-thread1] INFO  server.RaftServerConfigKeys (ConfUtils.java:logGet(46)) - raft.server.snapshot.auto.trigger.enabled = true (custom)
2024-03-04 13:05:25,217 [omNode-1-impl-thread1] INFO  server.RaftServerConfigKeys (ConfUtils.java:logGet(46)) - raft.server.snapshot.auto.trigger.threshold = 50 (custom)
2024-03-04 13:05:25,217 [omNode-1-impl-thread1] INFO  server.RaftServerConfigKeys (ConfUtils.java:logGet(46)) - raft.server.snapshot.retention.file.num = -1 (default)
2024-03-04 13:05:25,217 [omNode-1-impl-thread1] INFO  server.RaftServerConfigKeys (ConfUtils.java:logGet(46)) - raft.server.log.purge.upto.snapshot.index = true (custom)
2024-03-04 13:05:25,217 [main] INFO  server.RaftServer (RaftServerProxy.java:startImpl(406)) - omNode-1: start RPC server
2024-03-04 13:05:25,218 [main] INFO  server.GrpcService (GrpcService.java:startImpl(302)) - omNode-1: GrpcService started, listening on 15265
2024-03-04 13:05:25,218 [JvmPauseMonitor70] INFO  util.JvmPauseMonitor (JvmPauseMonitor.java:run(146)) - JvmPauseMonitor-omNode-1: Started
2024-03-04 13:05:25,219 [main] INFO  om.OzoneManager (OzoneManager.java:start(1644)) - Version File has different layout version (6) than OM DB (null). That is expected if this OM has never been finalized to a newer layout version.
2024-03-04 13:05:25,221 [main] INFO  http.BaseHttpServer (BaseHttpServer.java:newHttpServer2BuilderForOzone(223)) - Starting Web-server for ozoneManager at: http://0.0.0.0:15263
2024-03-04 13:05:25,221 [main] INFO  http.BaseHttpServer (BaseHttpServer.java:<init>(110)) - Hadoop Security Enabled: false Ozone Security Enabled: false Ozone HTTP Security Enabled: false 
2024-03-04 13:05:25,222 [main] WARN  server.AuthenticationFilter (AuthenticationFilter.java:constructSecretProvider(240)) - Unable to initialize FileSignerSecretProvider, falling back to use random secrets. Reason: Could not read signature secret file: /home/runner/hadoop-http-auth-signature-secret
2024-03-04 13:05:25,222 [main] INFO  http.HttpRequestLog (HttpRequestLog.java:getRequestLog(86)) - Http request log for http.requests.ozoneManager is not defined
2024-03-04 13:05:25,223 [main] INFO  http.HttpServer2 (HttpServer2.java:addGlobalFilter(1036)) - Added global filter 'safety' (class=org.apache.hadoop.hdds.server.http.HttpServer2$QuotingInputFilter)
2024-03-04 13:05:25,223 [main] INFO  http.HttpServer2 (HttpServer2.java:addFilter(1012)) - Added filter static_user_filter (class=org.apache.hadoop.http.lib.StaticUserWebFilter$StaticUserFilter) to context ozoneManager
2024-03-04 13:05:25,223 [main] INFO  http.HttpServer2 (HttpServer2.java:addFilter(1020)) - Added filter static_user_filter (class=org.apache.hadoop.http.lib.StaticUserWebFilter$StaticUserFilter) to context static
2024-03-04 13:05:25,223 [main] INFO  http.HttpServer2 (HttpServer2.java:addFilter(1020)) - Added filter static_user_filter (class=org.apache.hadoop.http.lib.StaticUserWebFilter$StaticUserFilter) to context logs
2024-03-04 13:05:25,224 [main] INFO  http.BaseHttpServer (BaseHttpServer.java:<init>(189)) - HTTP server of ozoneManager uses base directory /home/runner/work/ozone/ozone/hadoop-ozone/integration-test/target/test-dir/MiniOzoneClusterImpl-6b98b79e-1748-4853-9fc9-d757899c3dd5/omNode-1/webserver
2024-03-04 13:05:25,224 [main] INFO  http.HttpServer2 (HttpServer2.java:bindListener(1236)) - Jetty bound to port 15263
2024-03-04 13:05:25,224 [main] INFO  server.Server (Server.java:doStart(375)) - jetty-9.4.53.v20231009; built: 2023-10-09T12:29:09.265Z; git: 27bde00a0b95a1d5bbee0eae7984f891d2d0f8c9; jvm 1.8.0_402-b06
2024-03-04 13:05:25,225 [main] INFO  server.session (DefaultSessionIdManager.java:doStart(334)) - DefaultSessionIdManager workerName=node0
2024-03-04 13:05:25,225 [main] INFO  server.session (DefaultSessionIdManager.java:doStart(339)) - No SessionScavenger set, using defaults
2024-03-04 13:05:25,225 [main] INFO  server.session (HouseKeeper.java:startScavenging(132)) - node0 Scavenging every 600000ms
2024-03-04 13:05:25,226 [main] INFO  handler.ContextHandler (ContextHandler.java:doStart(921)) - Started o.e.j.s.ServletContextHandler@379cb756{logs,/logs,file:///home/runner/work/ozone/ozone/hadoop-ozone/integration-test/target/log,AVAILABLE}
2024-03-04 13:05:25,226 [main] INFO  handler.ContextHandler (ContextHandler.java:doStart(921)) - Started o.e.j.s.ServletContextHandler@3f7941fb{static,/static,file:///home/runner/work/ozone/ozone/hadoop-ozone/integration-test/target/test-classes/webapps/static,AVAILABLE}
2024-03-04 13:05:25,227 [main] INFO  handler.ContextHandler (ContextHandler.java:doStart(921)) - Started o.e.j.w.WebAppContext@7f6c6fe3{ozoneManager,/,file:///home/runner/work/ozone/ozone/hadoop-ozone/integration-test/target/test-classes/webapps/ozoneManager/,AVAILABLE}{file:/home/runner/work/ozone/ozone/hadoop-ozone/integration-test/target/test-classes/webapps/ozoneManager}
2024-03-04 13:05:25,228 [main] INFO  server.AbstractConnector (AbstractConnector.java:doStart(333)) - Started ServerConnector@45431ba2{HTTP/1.1, (http/1.1)}{0.0.0.0:15263}
2024-03-04 13:05:25,228 [main] INFO  server.Server (Server.java:doStart(415)) - Started @820812ms
2024-03-04 13:05:25,228 [main] WARN  impl.MetricsSystemImpl (MetricsSystemImpl.java:register(279)) - Sink prometheus already exists!
2024-03-04 13:05:25,228 [main] INFO  http.BaseHttpServer (BaseHttpServer.java:updateConnectorAddress(354)) - HTTP server of ozoneManager listening at http://0.0.0.0:15263
2024-03-04 13:05:25,229 [IPC Server Responder] INFO  ipc.Server (Server.java:run(1562)) - IPC Server Responder: starting
2024-03-04 13:05:25,229 [IPC Server listener on 15262] INFO  ipc.Server (Server.java:run(1402)) - IPC Server listener on 15262: starting
2024-03-04 13:05:25,234 [main] INFO  om.OzoneManager (OzoneManager.java:startTrashEmptier(2093)) - Trash Interval set to 0. Files deleted won't move to trash
2024-03-04 13:05:25,234 [main] INFO  ozone.MiniOzoneHAClusterImpl (MiniOzoneHAClusterImpl.java:createOMService(516)) - Started OzoneManager omNode-1 RPC server at localhost/127.0.0.1:15262
2024-03-04 13:05:25,234 [main] INFO  ha.OMHANodeDetails (OMHANodeDetails.java:loadOMHAConfig(121)) - ServiceID for OzoneManager is om-service-test1
2024-03-04 13:05:25,235 [main] INFO  ha.OMHANodeDetails (OMHANodeDetails.java:loadOMHAConfig(201)) - Found matching OM address with OMServiceId: om-service-test1, OMNodeId: omNode-2, RPC Address: localhost:15266 and Ratis port: 15269
2024-03-04 13:05:25,235 [main] INFO  ha.OMHANodeDetails (ConfUtils.java:setNodeSpecificConfigs(97)) - Setting configuration key ozone.om.http-address with value of key ozone.om.http-address.om-service-test1.omNode-2: 127.0.0.1:15267
2024-03-04 13:05:25,235 [main] INFO  ha.OMHANodeDetails (ConfUtils.java:setNodeSpecificConfigs(97)) - Setting configuration key ozone.om.https-address with value of key ozone.om.https-address.om-service-test1.omNode-2: 127.0.0.1:15268
2024-03-04 13:05:25,235 [main] INFO  ha.OMHANodeDetails (ConfUtils.java:setNodeSpecificConfigs(97)) - Setting configuration key ozone.om.address with value of key ozone.om.address.om-service-test1.omNode-2: 127.0.0.1:15266
2024-03-04 13:05:25,235 [main] WARN  server.ServerUtils (ServerUtils.java:getDBPath(299)) - ozone.om.db.dirs is not configured. We recommend adding this setting. Falling back to ozone.metadata.dirs instead.
2024-03-04 13:05:25,236 [main] INFO  proxy.SCMBlockLocationFailoverProxyProvider (SCMBlockLocationFailoverProxyProvider.java:<init>(115)) - Created block location fail-over proxy with 1 nodes: [nodeId=scmNodeId,nodeAddress=/0.0.0.0:15259]
OM initialization succeeded.Current cluster id for sd=/home/runner/work/ozone/ozone/hadoop-ozone/integration-test/target/test-dir/MiniOzoneClusterImpl-6b98b79e-1748-4853-9fc9-d757899c3dd5/omNode-2/om;cid=6b98b79e-1748-4853-9fc9-d757899c3dd5;layoutVersion=6
2024-03-04 13:05:25,240 [main] INFO  ha.OMHANodeDetails (OMHANodeDetails.java:loadOMHAConfig(121)) - ServiceID for OzoneManager is om-service-test1
2024-03-04 13:05:25,240 [main] INFO  ha.OMHANodeDetails (OMHANodeDetails.java:loadOMHAConfig(201)) - Found matching OM address with OMServiceId: om-service-test1, OMNodeId: omNode-2, RPC Address: localhost:15266 and Ratis port: 15269
2024-03-04 13:05:25,240 [main] INFO  ha.OMHANodeDetails (ConfUtils.java:setNodeSpecificConfigs(97)) - Setting configuration key ozone.om.http-address with value of key ozone.om.http-address.om-service-test1.omNode-2: 127.0.0.1:15267
2024-03-04 13:05:25,240 [main] INFO  ha.OMHANodeDetails (ConfUtils.java:setNodeSpecificConfigs(97)) - Setting configuration key ozone.om.https-address with value of key ozone.om.https-address.om-service-test1.omNode-2: 127.0.0.1:15268
2024-03-04 13:05:25,240 [main] INFO  ha.OMHANodeDetails (ConfUtils.java:setNodeSpecificConfigs(97)) - Setting configuration key ozone.om.address with value of key ozone.om.address.om-service-test1.omNode-2: 127.0.0.1:15266
2024-03-04 13:05:25,241 [main] WARN  server.ServerUtils (ServerUtils.java:getDBPath(299)) - ozone.om.db.dirs is not configured. We recommend adding this setting. Falling back to ozone.metadata.dirs instead.
2024-03-04 13:05:25,241 [main] INFO  upgrade.AbstractLayoutVersionManager (AbstractLayoutVersionManager.java:init(83)) - Initializing Layout version manager with metadata layout = QUOTA (version = 6), software layout = QUOTA (version = 6)
2024-03-04 13:05:25,272 [main] INFO  upgrade.OMLayoutVersionManager (OMLayoutVersionManager.java:lambda$0(113)) - Skipping Upgrade Action QuotaRepairUpgradeAction since it has been finalized.
2024-03-04 13:05:25,273 [main] INFO  upgrade.OMLayoutVersionManager (OMLayoutVersionManager.java:lambda$0(113)) - Skipping Upgrade Action MockOmUpgradeAction since it has been finalized.
2024-03-04 13:05:25,273 [main] WARN  server.ServerUtils (ServerUtils.java:getDBPath(299)) - ozone.om.db.dirs is not configured. We recommend adding this setting. Falling back to ozone.metadata.dirs instead.
2024-03-04 13:05:25,274 [main] INFO  proxy.SCMBlockLocationFailoverProxyProvider (SCMBlockLocationFailoverProxyProvider.java:<init>(115)) - Created block location fail-over proxy with 1 nodes: [nodeId=scmNodeId,nodeAddress=/0.0.0.0:15259]
2024-03-04 13:05:25,274 [main] INFO  proxy.SCMBlockLocationFailoverProxyProvider (SCMBlockLocationFailoverProxyProvider.java:<init>(115)) - Created block location fail-over proxy with 1 nodes: [nodeId=scmNodeId,nodeAddress=/0.0.0.0:15259]
2024-03-04 13:05:25,278 [main] INFO  om.OzoneManager (OzoneManager.java:<init>(672)) - OM start with adminUsers: [*, runner]
2024-03-04 13:05:25,279 [main] WARN  server.ServerUtils (ServerUtils.java:getDBPath(299)) - ozone.om.db.dirs is not configured. We recommend adding this setting. Falling back to ozone.metadata.dirs instead.
2024-03-04 13:05:25,279 [main] INFO  helpers.OmKeyInfo (OmKeyInfo.java:getCodec(71)) - OmKeyInfo.getCodec ignorePipeline = true
2024-03-04 13:05:25,409 [main] INFO  om.OzoneManager (OzoneManager.java:instantiateServices(804)) - S3 Multi-Tenancy is disabled
2024-03-04 13:05:25,409 [main] INFO  om.OmSnapshotManager (OmSnapshotManager.java:<init>(177)) - Ozone filesystem snapshot feature is enabled.
2024-03-04 13:05:25,409 [main] WARN  server.ServerUtils (ServerUtils.java:getDBPath(299)) - ozone.om.snapshot.diff.db.dir is not configured. We recommend adding this setting. Falling back to ozone.metadata.dirs instead.
2024-03-04 13:05:25,421 [main] INFO  utils.NativeLibraryLoader (NativeLibraryLoader.java:loadLibrary(108)) - Loading Library: ozone_rocksdb_tools
2024-03-04 13:05:25,422 [main] ERROR snapshot.SnapshotDiffManager (SnapshotDiffManager.java:initNativeLibraryForEfficientDiff(287)) - Native Library for raw sst file reading loading failed.
org.apache.hadoop.hdds.utils.NativeLibraryNotLoadedException: Unable to load library ozone_rocksdb_tools from both java.library.path & resource file libozone_rocksdb_tools.so from jar.
	at org.apache.hadoop.hdds.utils.db.managed.ManagedRawSSTFileReader.loadLibrary(ManagedRawSSTFileReader.java:38)
	at org.apache.hadoop.ozone.om.snapshot.SnapshotDiffManager.initNativeLibraryForEfficientDiff(SnapshotDiffManager.java:285)
	at org.apache.hadoop.ozone.om.snapshot.SnapshotDiffManager.<init>(SnapshotDiffManager.java:259)
	at org.apache.hadoop.ozone.om.OmSnapshotManager.<init>(OmSnapshotManager.java:279)
	at org.apache.hadoop.ozone.om.OzoneManager.instantiateServices(OzoneManager.java:856)
	at org.apache.hadoop.ozone.om.OzoneManager.<init>(OzoneManager.java:682)
	at org.apache.hadoop.ozone.om.OzoneManager.createOm(OzoneManager.java:767)
	at org.apache.hadoop.ozone.MiniOzoneHAClusterImpl$Builder.createOMService(MiniOzoneHAClusterImpl.java:509)
	at org.apache.hadoop.ozone.MiniOzoneHAClusterImpl$Builder.build(MiniOzoneHAClusterImpl.java:425)
	at org.apache.hadoop.ozone.om.TestOzoneManagerHA.init(TestOzoneManagerHA.java:179)
	at sun.reflect.NativeMethodAccessorImpl.invoke0(Native Method)
	at sun.reflect.NativeMethodAccessorImpl.invoke(NativeMethodAccessorImpl.java:62)
	at sun.reflect.DelegatingMethodAccessorImpl.invoke(DelegatingMethodAccessorImpl.java:43)
	at java.lang.reflect.Method.invoke(Method.java:498)
	at org.junit.platform.commons.util.ReflectionUtils.invokeMethod(ReflectionUtils.java:728)
	at org.junit.jupiter.engine.execution.MethodInvocation.proceed(MethodInvocation.java:60)
	at org.junit.jupiter.engine.execution.InvocationInterceptorChain$ValidatingInvocation.proceed(InvocationInterceptorChain.java:131)
	at org.junit.jupiter.engine.extension.TimeoutExtension.intercept(TimeoutExtension.java:156)
	at org.junit.jupiter.engine.extension.TimeoutExtension.interceptLifecycleMethod(TimeoutExtension.java:128)
	at org.junit.jupiter.engine.extension.TimeoutExtension.interceptBeforeAllMethod(TimeoutExtension.java:70)
	at org.junit.jupiter.engine.execution.InterceptingExecutableInvoker$ReflectiveInterceptorCall.lambda$ofVoidMethod$0(InterceptingExecutableInvoker.java:103)
	at org.junit.jupiter.engine.execution.InterceptingExecutableInvoker.lambda$invoke$0(InterceptingExecutableInvoker.java:93)
	at org.junit.jupiter.engine.execution.InvocationInterceptorChain$InterceptedInvocation.proceed(InvocationInterceptorChain.java:106)
	at org.junit.jupiter.engine.execution.InvocationInterceptorChain.proceed(InvocationInterceptorChain.java:64)
	at org.junit.jupiter.engine.execution.InvocationInterceptorChain.chainAndInvoke(InvocationInterceptorChain.java:45)
	at org.junit.jupiter.engine.execution.InvocationInterceptorChain.invoke(InvocationInterceptorChain.java:37)
	at org.junit.jupiter.engine.execution.InterceptingExecutableInvoker.invoke(InterceptingExecutableInvoker.java:92)
	at org.junit.jupiter.engine.execution.InterceptingExecutableInvoker.invoke(InterceptingExecutableInvoker.java:86)
	at org.junit.jupiter.engine.descriptor.ClassBasedTestDescriptor.lambda$invokeBeforeAllMethods$13(ClassBasedTestDescriptor.java:412)
	at org.junit.platform.engine.support.hierarchical.ThrowableCollector.execute(ThrowableCollector.java:73)
	at org.junit.jupiter.engine.descriptor.ClassBasedTestDescriptor.invokeBeforeAllMethods(ClassBasedTestDescriptor.java:410)
	at org.junit.jupiter.engine.descriptor.ClassBasedTestDescriptor.before(ClassBasedTestDescriptor.java:216)
	at org.junit.jupiter.engine.descriptor.ClassBasedTestDescriptor.before(ClassBasedTestDescriptor.java:85)
	at org.junit.platform.engine.support.hierarchical.NodeTestTask.lambda$executeRecursively$6(NodeTestTask.java:148)
	at org.junit.platform.engine.support.hierarchical.ThrowableCollector.execute(ThrowableCollector.java:73)
	at org.junit.platform.engine.support.hierarchical.NodeTestTask.lambda$executeRecursively$8(NodeTestTask.java:141)
	at org.junit.platform.engine.support.hierarchical.Node.around(Node.java:137)
	at org.junit.platform.engine.support.hierarchical.NodeTestTask.lambda$executeRecursively$9(NodeTestTask.java:139)
	at org.junit.platform.engine.support.hierarchical.ThrowableCollector.execute(ThrowableCollector.java:73)
	at org.junit.platform.engine.support.hierarchical.NodeTestTask.executeRecursively(NodeTestTask.java:138)
	at org.junit.platform.engine.support.hierarchical.NodeTestTask.execute(NodeTestTask.java:95)
	at java.util.ArrayList.forEach(ArrayList.java:1259)
	at org.junit.platform.engine.support.hierarchical.SameThreadHierarchicalTestExecutorService.invokeAll(SameThreadHierarchicalTestExecutorService.java:41)
	at org.junit.platform.engine.support.hierarchical.NodeTestTask.lambda$executeRecursively$6(NodeTestTask.java:155)
	at org.junit.platform.engine.support.hierarchical.ThrowableCollector.execute(ThrowableCollector.java:73)
	at org.junit.platform.engine.support.hierarchical.NodeTestTask.lambda$executeRecursively$8(NodeTestTask.java:141)
	at org.junit.platform.engine.support.hierarchical.Node.around(Node.java:137)
	at org.junit.platform.engine.support.hierarchical.NodeTestTask.lambda$executeRecursively$9(NodeTestTask.java:139)
	at org.junit.platform.engine.support.hierarchical.ThrowableCollector.execute(ThrowableCollector.java:73)
	at org.junit.platform.engine.support.hierarchical.NodeTestTask.executeRecursively(NodeTestTask.java:138)
	at org.junit.platform.engine.support.hierarchical.NodeTestTask.execute(NodeTestTask.java:95)
	at org.junit.platform.engine.support.hierarchical.SameThreadHierarchicalTestExecutorService.submit(SameThreadHierarchicalTestExecutorService.java:35)
	at org.junit.platform.engine.support.hierarchical.HierarchicalTestExecutor.execute(HierarchicalTestExecutor.java:57)
	at org.junit.platform.engine.support.hierarchical.HierarchicalTestEngine.execute(HierarchicalTestEngine.java:54)
	at org.junit.platform.launcher.core.EngineExecutionOrchestrator.execute(EngineExecutionOrchestrator.java:198)
	at org.junit.platform.launcher.core.EngineExecutionOrchestrator.execute(EngineExecutionOrchestrator.java:169)
	at org.junit.platform.launcher.core.EngineExecutionOrchestrator.execute(EngineExecutionOrchestrator.java:93)
	at org.junit.platform.launcher.core.EngineExecutionOrchestrator.lambda$execute$0(EngineExecutionOrchestrator.java:58)
	at org.junit.platform.launcher.core.EngineExecutionOrchestrator.withInterceptedStreams(EngineExecutionOrchestrator.java:141)
	at org.junit.platform.launcher.core.EngineExecutionOrchestrator.execute(EngineExecutionOrchestrator.java:57)
	at org.junit.platform.launcher.core.DefaultLauncher.execute(DefaultLauncher.java:103)
	at org.junit.platform.launcher.core.DefaultLauncher.execute(DefaultLauncher.java:85)
	at org.junit.platform.launcher.core.DelegatingLauncher.execute(DelegatingLauncher.java:47)
	at org.junit.platform.launcher.core.SessionPerRequestLauncher.execute(SessionPerRequestLauncher.java:63)
	at org.apache.maven.surefire.junitplatform.JUnitPlatformProvider.invokeAllTests(JUnitPlatformProvider.java:165)
	at org.apache.maven.surefire.junitplatform.JUnitPlatformProvider.invoke(JUnitPlatformProvider.java:124)
	at org.apache.maven.surefire.booter.ForkedBooter.runSuitesInProcess(ForkedBooter.java:428)
	at org.apache.maven.surefire.booter.ForkedBooter.execute(ForkedBooter.java:162)
	at org.apache.maven.surefire.booter.ForkedBooter.run(ForkedBooter.java:562)
	at org.apache.maven.surefire.booter.ForkedBooter.main(ForkedBooter.java:548)
2024-03-04 13:05:25,427 [main] INFO  om.OzoneManager (OzoneManager.java:addS3GVolumeToDB(4426)) - Created Volume s3v With Owner runner required for S3Gateway operations.
2024-03-04 13:05:25,427 [main] WARN  server.ServerUtils (ServerUtils.java:getDefaultRatisDirectory(311)) - Storage directory for Ratis is not configured. It is a good idea to map this to an SSD disk. Falling back to ozone.metadata.dirs
2024-03-04 13:05:25,427 [main] WARN  utils.OzoneManagerRatisUtils (OzoneManagerRatisUtils.java:getOMRatisSnapshotDirectory(476)) - ozone.om.ratis.snapshot.dir is not configured. Falling back to ozone.metadata.dirs config
2024-03-04 13:05:25,427 [main] INFO  utils.RDBSnapshotProvider (RDBSnapshotProvider.java:init(87)) - Cleaning up the candidate dir: /home/runner/work/ozone/ozone/hadoop-ozone/integration-test/target/test-dir/MiniOzoneClusterImpl-6b98b79e-1748-4853-9fc9-d757899c3dd5/omNode-2/snapshot/om.db.candidate
2024-03-04 13:05:25,428 [main] INFO  ratis_snapshot.OmRatisSnapshotProvider (OmRatisSnapshotProvider.java:<init>(99)) - Initializing OM Snapshot Provider
2024-03-04 13:05:25,429 [main] WARN  dropwizard3.Dm3MetricRegistriesImpl (Dm3MetricRegistriesImpl.java:addReporterRegistration(113)) - New reporters are added after registries were created. Some metrics will be missing from the reporter. Please add reporter before adding any new registry.
2024-03-04 13:05:25,429 [main] WARN  dropwizard3.Dm3MetricRegistriesImpl (Dm3MetricRegistriesImpl.java:addReporterRegistration(113)) - New reporters are added after registries were created. Some metrics will be missing from the reporter. Please add reporter before adding any new registry.
2024-03-04 13:05:25,429 [main] WARN  server.ServerUtils (ServerUtils.java:getDefaultRatisDirectory(311)) - Storage directory for Ratis is not configured. It is a good idea to map this to an SSD disk. Falling back to ozone.metadata.dirs
2024-03-04 13:05:25,430 [main] INFO  ratis.OzoneManagerRatisServer (OzoneManagerRatisServer.java:<init>(167)) - Instantiating OM Ratis server with groupID: om-service-test1 and peers: localhost:15269, localhost:15273, localhost:15265
2024-03-04 13:05:25,430 [main] INFO  ratis.OzoneManagerStateMachine (OzoneManagerStateMachine.java:loadSnapshotInfoFromDB(575)) - TransactionInfo not found in OM DB.
2024-03-04 13:05:25,430 [main] INFO  server.RaftServer (ConfUtils.java:logGet(46)) - raft.rpc.type = GRPC (default)
2024-03-04 13:05:25,431 [main] INFO  grpc.GrpcConfigKeys (ConfUtils.java:logFallback(53)) - raft.grpc.admin.host = null (fallback to raft.grpc.server.host)
2024-03-04 13:05:25,431 [main] INFO  grpc.GrpcConfigKeys (ConfUtils.java:logFallback(53)) - raft.grpc.admin.port = 15269 (fallback to raft.grpc.server.port)
2024-03-04 13:05:25,431 [main] INFO  grpc.GrpcConfigKeys (ConfUtils.java:logFallback(53)) - raft.grpc.client.host = null (fallback to raft.grpc.server.host)
2024-03-04 13:05:25,431 [main] INFO  grpc.GrpcConfigKeys (ConfUtils.java:logFallback(53)) - raft.grpc.client.port = 15269 (fallback to raft.grpc.server.port)
2024-03-04 13:05:25,431 [main] INFO  grpc.GrpcConfigKeys (ConfUtils.java:logGet(46)) - raft.grpc.server.host = null (default)
2024-03-04 13:05:25,432 [main] INFO  grpc.GrpcConfigKeys (ConfUtils.java:logGet(46)) - raft.grpc.server.port = 15269 (custom)
2024-03-04 13:05:25,432 [main] INFO  server.GrpcService (ConfUtils.java:logGet(46)) - raft.grpc.message.size.max = 4194304 (custom)
2024-03-04 13:05:25,432 [main] INFO  server.RaftServerConfigKeys (ConfUtils.java:logGet(46)) - raft.server.log.appender.buffer.byte-limit = 4194304 (custom)
2024-03-04 13:05:25,432 [main] INFO  server.GrpcService (ConfUtils.java:logGet(46)) - raft.grpc.flow.control.window = 1MB (=1048576) (default)
2024-03-04 13:05:25,432 [main] INFO  server.RaftServerConfigKeys (ConfUtils.java:logGet(46)) - raft.server.rpc.request.timeout = 3000ms (default)
2024-03-04 13:05:25,432 [main] INFO  grpc.GrpcConfigKeys (ConfUtils.java:logGet(46)) - raft.grpc.server.heartbeat.channel = true (default)
2024-03-04 13:05:25,432 [main] INFO  grpc.GrpcConfigKeys (ConfUtils.java:logGet(46)) - raft.grpc.server.async.request.thread.pool.cached = true (default)
2024-03-04 13:05:25,433 [main] INFO  grpc.GrpcConfigKeys (ConfUtils.java:logGet(46)) - raft.grpc.server.async.request.thread.pool.size = 32 (default)
2024-03-04 13:05:25,434 [main] INFO  impl.DataStreamServerImpl (ConfUtils.java:logGet(46)) - raft.datastream.type = DISABLED (default)
2024-03-04 13:05:25,434 [main] INFO  server.RaftServerConfigKeys (ConfUtils.java:logGet(46)) - raft.server.sleep.deviation.threshold = 300ms (default)
2024-03-04 13:05:25,434 [main] INFO  server.RaftServerConfigKeys (ConfUtils.java:logGet(46)) - raft.server.close.threshold = 60s (default)
2024-03-04 13:05:25,434 [main] INFO  server.RaftServerConfigKeys (ConfUtils.java:logGet(46)) - raft.server.leaderelection.leader.step-down.wait-time = 10s (default)
2024-03-04 13:05:25,434 [main] INFO  server.RaftServerConfigKeys (ConfUtils.java:logGet(46)) - raft.server.storage.dir = [/home/runner/work/ozone/ozone/hadoop-ozone/integration-test/target/test-dir/MiniOzoneClusterImpl-6b98b79e-1748-4853-9fc9-d757899c3dd5/omNode-2/ratis] (custom)
2024-03-04 13:05:25,434 [main] INFO  server.RaftServerConfigKeys (ConfUtils.java:logGet(46)) - raft.server.threadpool.proxy.cached = true (default)
2024-03-04 13:05:25,435 [main] INFO  server.RaftServerConfigKeys (ConfUtils.java:logGet(46)) - raft.server.threadpool.proxy.size = 0 (default)
2024-03-04 13:05:25,435 [main] INFO  server.RaftServer (RaftServerProxy.java:addNew(100)) - omNode-2: addNew group-523986131536:[omNode-3|localhost:15273, omNode-1|localhost:15265, omNode-2|localhost:15269] returns group-523986131536:java.util.concurrent.CompletableFuture@55bc1d9a[Not completed]
2024-03-04 13:05:25,435 [omNode-2-groupManagement] INFO  server.RaftServer$Division (RaftServerImpl.java:<init>(256)) - omNode-2: new RaftServerImpl for group-523986131536:[omNode-3|localhost:15273, omNode-1|localhost:15265, omNode-2|localhost:15269] with OzoneManagerStateMachine:uninitialized
2024-03-04 13:05:25,435 [main] INFO  om.OzoneManager (OzoneManager.java:initializeRatisServer(2140)) - OzoneManager Ratis server initialized at port 15269
2024-03-04 13:05:25,435 [omNode-2-groupManagement] INFO  server.RaftServerConfigKeys (ConfUtils.java:logGet(46)) - raft.server.rpc.timeout.min = 1s (custom)
2024-03-04 13:05:25,435 [main] INFO  om.OzoneManager (OzoneManager.java:getRpcServer(1206)) - Creating RPC Server
2024-03-04 13:05:25,435 [omNode-2-groupManagement] INFO  server.RaftServerConfigKeys (ConfUtils.java:logGet(46)) - raft.server.rpc.timeout.max = 1200ms (custom)
2024-03-04 13:05:25,435 [omNode-2-groupManagement] INFO  server.RaftServerConfigKeys (ConfUtils.java:logGet(46)) - raft.server.rpc.sleep.time = 25ms (default)
2024-03-04 13:05:25,436 [omNode-2-groupManagement] INFO  server.RaftServerConfigKeys (ConfUtils.java:logGet(46)) - raft.server.rpc.slowness.timeout = 2s (custom)
2024-03-04 13:05:25,436 [omNode-2-groupManagement] INFO  server.RaftServerConfigKeys (ConfUtils.java:logGet(46)) - raft.server.leaderelection.leader.step-down.wait-time = 10s (default)
2024-03-04 13:05:25,436 [omNode-2-groupManagement] INFO  server.RaftServerConfigKeys (ConfUtils.java:logGet(46)) - raft.server.leaderelection.member.majority-add = false (default)
2024-03-04 13:05:25,436 [omNode-2-groupManagement] INFO  server.RaftServerConfigKeys (ConfUtils.java:logGet(46)) - raft.server.sleep.deviation.threshold = 300ms (default)
2024-03-04 13:05:25,436 [omNode-2-groupManagement] INFO  server.RaftServer$Division (ServerState.java:<init>(113)) - omNode-2@group-523986131536: ConfigurationManager, init=-1: peers:[omNode-3|localhost:15273, omNode-1|localhost:15265, omNode-2|localhost:15269]|listeners:[], old=null, confs=<EMPTY_MAP>
2024-03-04 13:05:25,436 [omNode-2-groupManagement] INFO  server.RaftServerConfigKeys (ConfUtils.java:logGet(46)) - raft.server.notification.no-leader.timeout = 2s (custom)
2024-03-04 13:05:25,436 [omNode-2-groupManagement] INFO  server.RaftServerConfigKeys (ConfUtils.java:logGet(46)) - raft.server.read.timeout = 10s (default)
2024-03-04 13:05:25,436 [omNode-2-groupManagement] INFO  server.RaftServerConfigKeys (ConfUtils.java:logGet(46)) - raft.server.retrycache.expirytime = 30000ms (custom)
2024-03-04 13:05:25,436 [omNode-2-groupManagement] INFO  server.RaftServerConfigKeys (ConfUtils.java:logGet(46)) - raft.server.retrycache.statistics.expirytime = 100ms (default)
2024-03-04 13:05:25,436 [omNode-2-groupManagement] INFO  server.RaftServerConfigKeys (ConfUtils.java:logGet(46)) - raft.server.read.option = DEFAULT (default)
2024-03-04 13:05:25,436 [omNode-2-groupManagement] INFO  server.RaftServerConfigKeys (ConfUtils.java:logGet(46)) - raft.server.read.read-after-write-consistent.write-index-cache.expiry-time = 60s (default)
2024-03-04 13:05:25,437 [omNode-2-groupManagement] INFO  server.RaftServerConfigKeys (ConfUtils.java:logGet(46)) - raft.server.rpc.request.timeout = 3000ms (default)
2024-03-04 13:05:25,437 [omNode-2-groupManagement] INFO  server.RaftServerConfigKeys (ConfUtils.java:logGet(46)) - raft.server.log.appender.install.snapshot.enabled = false (custom)
2024-03-04 13:05:25,437 [omNode-2-groupManagement] INFO  server.RaftServerConfigKeys (ConfUtils.java:logGet(46)) - raft.server.threadpool.server.cached = true (default)
2024-03-04 13:05:25,437 [omNode-2-groupManagement] INFO  server.RaftServerConfigKeys (ConfUtils.java:logGet(46)) - raft.server.threadpool.server.size = 0 (default)
2024-03-04 13:05:25,437 [omNode-2-groupManagement] INFO  server.RaftServerConfigKeys (ConfUtils.java:logGet(46)) - raft.server.threadpool.client.cached = true (default)
2024-03-04 13:05:25,437 [omNode-2-groupManagement] INFO  server.RaftServerConfigKeys (ConfUtils.java:logGet(46)) - raft.server.threadpool.client.size = 0 (default)
2024-03-04 13:05:25,643 [main] INFO  ipc.CallQueueManager (CallQueueManager.java:<init>(90)) - Using callQueue: class java.util.concurrent.LinkedBlockingQueue, queueCapacity: 2000, scheduler: class org.apache.hadoop.ipc.DefaultRpcScheduler, ipcBackoff: false.
2024-03-04 13:05:25,644 [main] INFO  ipc.Server (Server.java:<init>(1287)) - Listener at 127.0.0.1:15266
2024-03-04 13:05:25,644 [Socket Reader #1 for port 15266] INFO  ipc.Server (Server.java:run(1323)) - Starting Socket Reader #1 for port 15266
2024-03-04 13:05:25,657 [main] INFO  impl.MetricsSystemImpl (MetricsSystemImpl.java:init(158)) - OzoneManager metrics system started (again)
2024-03-04 13:05:25,663 [main] INFO  om.OzoneManager (OzoneManager.java:start(1628)) - OzoneManager RPC server is listening at localhost/127.0.0.1:15266
2024-03-04 13:05:25,664 [main] INFO  ratis.OzoneManagerRatisServer (OzoneManagerRatisServer.java:start(588)) - Starting OzoneManagerRatisServer omNode-2 at port 15269
2024-03-04 13:05:25,664 [omNode-2-impl-thread1] INFO  server.RaftServerConfigKeys (ConfUtils.java:logGet(46)) - raft.server.storage.free-space.min = 0MB (=0) (default)
2024-03-04 13:05:25,664 [omNode-2-impl-thread1] INFO  server.RaftServerConfigKeys (ConfUtils.java:logGet(46)) - raft.server.log.corruption.policy = EXCEPTION (default)
2024-03-04 13:05:25,664 [omNode-2-impl-thread1] INFO  server.RaftServerConfigKeys (ConfUtils.java:logGet(46)) - raft.server.storage.dir = [/home/runner/work/ozone/ozone/hadoop-ozone/integration-test/target/test-dir/MiniOzoneClusterImpl-6b98b79e-1748-4853-9fc9-d757899c3dd5/omNode-2/ratis] (custom)
2024-03-04 13:05:25,664 [omNode-2-impl-thread1] INFO  storage.RaftStorageDirectory (RaftStorageDirectoryImpl.java:analyzeStorage(138)) - The storage directory /home/runner/work/ozone/ozone/hadoop-ozone/integration-test/target/test-dir/MiniOzoneClusterImpl-6b98b79e-1748-4853-9fc9-d757899c3dd5/omNode-2/ratis/c9bc4cf4-3bc3-3c60-a66b-523986131536 does not exist. Creating ...
2024-03-04 13:05:25,665 [omNode-2-impl-thread1] INFO  storage.RaftStorageDirectory (RaftStorageDirectoryImpl.java:tryLock(228)) - Lock on /home/runner/work/ozone/ozone/hadoop-ozone/integration-test/target/test-dir/MiniOzoneClusterImpl-6b98b79e-1748-4853-9fc9-d757899c3dd5/omNode-2/ratis/c9bc4cf4-3bc3-3c60-a66b-523986131536/in_use.lock acquired by nodename 41993@fv-az571-795
2024-03-04 13:05:25,666 [omNode-2-impl-thread1] INFO  storage.RaftStorage (RaftStorageImpl.java:format(99)) - Storage directory /home/runner/work/ozone/ozone/hadoop-ozone/integration-test/target/test-dir/MiniOzoneClusterImpl-6b98b79e-1748-4853-9fc9-d757899c3dd5/omNode-2/ratis/c9bc4cf4-3bc3-3c60-a66b-523986131536 has been successfully formatted.
2024-03-04 13:05:25,667 [omNode-2-impl-thread1] WARN  util.FileUtils (LogUtils.java:supplyAndLog(63)) - Failed to Files.newInputStream /home/runner/work/ozone/ozone/hadoop-ozone/integration-test/target/test-dir/MiniOzoneClusterImpl-6b98b79e-1748-4853-9fc9-d757899c3dd5/omNode-2/ratis/c9bc4cf4-3bc3-3c60-a66b-523986131536/current/raft-meta.conf with options []: java.nio.file.NoSuchFileException: /home/runner/work/ozone/ozone/hadoop-ozone/integration-test/target/test-dir/MiniOzoneClusterImpl-6b98b79e-1748-4853-9fc9-d757899c3dd5/omNode-2/ratis/c9bc4cf4-3bc3-3c60-a66b-523986131536/current/raft-meta.conf
2024-03-04 13:05:25,667 [omNode-2-impl-thread1] INFO  server.RaftServerConfigKeys (ConfUtils.java:logGet(46)) - raft.server.log.use.memory = false (default)
2024-03-04 13:05:25,667 [omNode-2-impl-thread1] INFO  server.RaftServerConfigKeys (ConfUtils.java:logGet(46)) - raft.server.log.purge.gap = 50 (custom)
2024-03-04 13:05:25,667 [omNode-2-impl-thread1] INFO  server.RaftServerConfigKeys (ConfUtils.java:logGet(46)) - raft.server.log.appender.buffer.byte-limit = 4194304 (custom)
2024-03-04 13:05:25,667 [omNode-2-impl-thread1] INFO  server.RaftServerConfigKeys (ConfUtils.java:logGet(46)) - raft.server.log.statemachine.data.read.timeout = 1000ms (default)
2024-03-04 13:05:25,667 [omNode-2-impl-thread1] INFO  server.RaftServerConfigKeys (ConfUtils.java:logGet(46)) - raft.server.log.purge.preservation.log.num = 0 (default)
2024-03-04 13:05:25,667 [omNode-2-impl-thread1] INFO  server.RaftServerConfigKeys (ConfUtils.java:logGet(46)) - raft.server.log.segment.size.max = 4194304 (custom)
2024-03-04 13:05:25,668 [omNode-2-impl-thread1] INFO  server.RaftServerConfigKeys (ConfUtils.java:logGet(46)) - raft.server.log.segment.cache.num.max = 2 (custom)
2024-03-04 13:05:25,668 [omNode-2-impl-thread1] INFO  server.RaftServerConfigKeys (ConfUtils.java:logGet(46)) - raft.server.log.segment.cache.size.max = 200MB (=209715200) (default)
2024-03-04 13:05:25,668 [omNode-2-impl-thread1] INFO  server.RaftServerConfigKeys (ConfUtils.java:logGet(46)) - raft.server.log.appender.buffer.byte-limit = 4194304 (custom)
2024-03-04 13:05:25,668 [omNode-2-impl-thread1] INFO  util.AwaitToRun (AwaitToRun.java:start(81)) - Thread[omNode-2@group-523986131536-cacheEviction-AwaitToRun,5,main] started
2024-03-04 13:05:25,668 [omNode-2-impl-thread1] INFO  segmented.SegmentedRaftLogWorker (SegmentedRaftLogWorker.java:<init>(182)) - new omNode-2@group-523986131536-SegmentedRaftLogWorker for RaftStorageImpl:Storage Directory /home/runner/work/ozone/ozone/hadoop-ozone/integration-test/target/test-dir/MiniOzoneClusterImpl-6b98b79e-1748-4853-9fc9-d757899c3dd5/omNode-2/ratis/c9bc4cf4-3bc3-3c60-a66b-523986131536
2024-03-04 13:05:25,668 [omNode-2-impl-thread1] INFO  server.RaftServerConfigKeys (ConfUtils.java:logGet(46)) - raft.server.log.queue.byte-limit = 64MB (=67108864) (default)
2024-03-04 13:05:25,668 [omNode-2-impl-thread1] INFO  server.RaftServerConfigKeys (ConfUtils.java:logGet(46)) - raft.server.log.queue.element-limit = 4096 (default)
2024-03-04 13:05:25,668 [omNode-2-impl-thread1] INFO  server.RaftServerConfigKeys (ConfUtils.java:logGet(46)) - raft.server.log.segment.size.max = 4194304 (custom)
2024-03-04 13:05:25,668 [omNode-2-impl-thread1] INFO  server.RaftServerConfigKeys (ConfUtils.java:logGet(46)) - raft.server.log.preallocated.size = 4194304 (custom)
2024-03-04 13:05:25,668 [omNode-2-impl-thread1] INFO  server.RaftServerConfigKeys (ConfUtils.java:logGet(46)) - raft.server.log.force.sync.num = 128 (default)
2024-03-04 13:05:25,668 [omNode-2-impl-thread1] INFO  server.RaftServerConfigKeys (ConfUtils.java:logGet(46)) - raft.server.log.statemachine.data.sync = true (default)
2024-03-04 13:05:25,668 [omNode-2-impl-thread1] INFO  server.RaftServerConfigKeys (ConfUtils.java:logGet(46)) - raft.server.log.statemachine.data.sync.timeout = 10s (default)
2024-03-04 13:05:25,669 [omNode-2-impl-thread1] INFO  server.RaftServerConfigKeys (ConfUtils.java:logGet(46)) - raft.server.log.statemachine.data.sync.timeout.retry = -1 (default)
2024-03-04 13:05:25,669 [omNode-2-impl-thread1] INFO  server.RaftServerConfigKeys (ConfUtils.java:logGet(46)) - raft.server.log.write.buffer.size = 4194312 (custom)
2024-03-04 13:05:25,669 [omNode-2-impl-thread1] INFO  server.RaftServerConfigKeys (ConfUtils.java:logGet(46)) - raft.server.log.appender.buffer.byte-limit = 4194304 (custom)
2024-03-04 13:05:25,669 [omNode-2-impl-thread1] INFO  server.RaftServerConfigKeys (ConfUtils.java:logGet(46)) - raft.server.log.unsafe-flush.enabled = false (default)
2024-03-04 13:05:25,669 [omNode-2-impl-thread1] INFO  server.RaftServerConfigKeys (ConfUtils.java:logGet(46)) - raft.server.log.async-flush.enabled = false (default)
2024-03-04 13:05:25,669 [omNode-2-impl-thread1] INFO  server.RaftServerConfigKeys (ConfUtils.java:logGet(46)) - raft.server.log.statemachine.data.caching.enabled = false (default)
2024-03-04 13:05:25,669 [omNode-2-impl-thread1] INFO  segmented.SegmentedRaftLogWorker (SegmentedRaftLogWorker.java:lambda$new$0(134)) - omNode-2@group-523986131536-SegmentedRaftLogWorker: flushIndex: setUnconditionally 0 -> -1
2024-03-04 13:05:25,669 [omNode-2-impl-thread1] INFO  segmented.SegmentedRaftLogWorker (SegmentedRaftLogWorker.java:lambda$new$0(134)) - omNode-2@group-523986131536-SegmentedRaftLogWorker: safeCacheEvictIndex: setUnconditionally 0 -> -1
2024-03-04 13:05:25,670 [omNode-2-impl-thread1] INFO  server.RaftServer$Division (RaftServerImpl.java:start(396)) - omNode-2@group-523986131536: start as a follower, conf=-1: peers:[omNode-3|localhost:15273, omNode-1|localhost:15265, omNode-2|localhost:15269]|listeners:[], old=null
2024-03-04 13:05:25,670 [omNode-2-impl-thread1] INFO  server.RaftServer$Division (RaftServerImpl.java:setRole(383)) - omNode-2@group-523986131536: changes role from      null to FOLLOWER at term 0 for startAsFollower
2024-03-04 13:05:25,670 [omNode-2-impl-thread1] INFO  impl.RoleInfo (RoleInfo.java:updateAndGet(139)) - omNode-2: start omNode-2@group-523986131536-FollowerState
2024-03-04 13:05:25,670 [omNode-2@group-523986131536-FollowerState] INFO  server.RaftServerConfigKeys (ConfUtils.java:logFallback(53)) - raft.server.rpc.first-election.timeout.min = 1s (fallback to raft.server.rpc.timeout.min)
2024-03-04 13:05:25,670 [omNode-2-impl-thread1] INFO  util.JmxRegister (JmxRegister.java:tryRegister(44)) - Successfully registered JMX Bean with object name Ratis:service=RaftServer,group=group-523986131536,id=omNode-2
2024-03-04 13:05:25,670 [omNode-2@group-523986131536-FollowerState] INFO  server.RaftServerConfigKeys (ConfUtils.java:logFallback(53)) - raft.server.rpc.first-election.timeout.max = 1200ms (fallback to raft.server.rpc.timeout.max)
2024-03-04 13:05:25,670 [omNode-2-impl-thread1] INFO  server.RaftServerConfigKeys (ConfUtils.java:logGet(46)) - raft.server.snapshot.trigger-when-stop.enabled = true (default)
2024-03-04 13:05:25,670 [omNode-2-impl-thread1] INFO  server.RaftServerConfigKeys (ConfUtils.java:logGet(46)) - raft.server.snapshot.auto.trigger.enabled = true (custom)
2024-03-04 13:05:25,670 [omNode-2-impl-thread1] INFO  server.RaftServerConfigKeys (ConfUtils.java:logGet(46)) - raft.server.snapshot.auto.trigger.threshold = 50 (custom)
2024-03-04 13:05:25,670 [omNode-2-impl-thread1] INFO  server.RaftServerConfigKeys (ConfUtils.java:logGet(46)) - raft.server.snapshot.retention.file.num = -1 (default)
2024-03-04 13:05:25,670 [omNode-2-impl-thread1] INFO  server.RaftServerConfigKeys (ConfUtils.java:logGet(46)) - raft.server.log.purge.upto.snapshot.index = true (custom)
2024-03-04 13:05:25,671 [main] INFO  server.RaftServer (RaftServerProxy.java:startImpl(406)) - omNode-2: start RPC server
2024-03-04 13:05:25,672 [main] INFO  server.GrpcService (GrpcService.java:startImpl(302)) - omNode-2: GrpcService started, listening on 15269
2024-03-04 13:05:25,673 [JvmPauseMonitor71] INFO  util.JvmPauseMonitor (JvmPauseMonitor.java:run(146)) - JvmPauseMonitor-omNode-2: Started
2024-03-04 13:05:25,673 [main] INFO  om.OzoneManager (OzoneManager.java:start(1644)) - Version File has different layout version (6) than OM DB (null). That is expected if this OM has never been finalized to a newer layout version.
2024-03-04 13:05:25,675 [main] INFO  http.BaseHttpServer (BaseHttpServer.java:newHttpServer2BuilderForOzone(223)) - Starting Web-server for ozoneManager at: http://0.0.0.0:15267
2024-03-04 13:05:25,675 [main] INFO  http.BaseHttpServer (BaseHttpServer.java:<init>(110)) - Hadoop Security Enabled: false Ozone Security Enabled: false Ozone HTTP Security Enabled: false 
2024-03-04 13:05:25,675 [main] WARN  server.AuthenticationFilter (AuthenticationFilter.java:constructSecretProvider(240)) - Unable to initialize FileSignerSecretProvider, falling back to use random secrets. Reason: Could not read signature secret file: /home/runner/hadoop-http-auth-signature-secret
2024-03-04 13:05:25,676 [main] INFO  http.HttpRequestLog (HttpRequestLog.java:getRequestLog(86)) - Http request log for http.requests.ozoneManager is not defined
2024-03-04 13:05:25,676 [main] INFO  http.HttpServer2 (HttpServer2.java:addGlobalFilter(1036)) - Added global filter 'safety' (class=org.apache.hadoop.hdds.server.http.HttpServer2$QuotingInputFilter)
2024-03-04 13:05:25,677 [main] INFO  http.HttpServer2 (HttpServer2.java:addFilter(1012)) - Added filter static_user_filter (class=org.apache.hadoop.http.lib.StaticUserWebFilter$StaticUserFilter) to context ozoneManager
2024-03-04 13:05:25,677 [main] INFO  http.HttpServer2 (HttpServer2.java:addFilter(1020)) - Added filter static_user_filter (class=org.apache.hadoop.http.lib.StaticUserWebFilter$StaticUserFilter) to context logs
2024-03-04 13:05:25,677 [main] INFO  http.HttpServer2 (HttpServer2.java:addFilter(1020)) - Added filter static_user_filter (class=org.apache.hadoop.http.lib.StaticUserWebFilter$StaticUserFilter) to context static
2024-03-04 13:05:25,677 [main] INFO  http.BaseHttpServer (BaseHttpServer.java:<init>(189)) - HTTP server of ozoneManager uses base directory /home/runner/work/ozone/ozone/hadoop-ozone/integration-test/target/test-dir/MiniOzoneClusterImpl-6b98b79e-1748-4853-9fc9-d757899c3dd5/omNode-2/webserver
2024-03-04 13:05:25,677 [main] INFO  http.HttpServer2 (HttpServer2.java:bindListener(1236)) - Jetty bound to port 15267
2024-03-04 13:05:25,677 [main] INFO  server.Server (Server.java:doStart(375)) - jetty-9.4.53.v20231009; built: 2023-10-09T12:29:09.265Z; git: 27bde00a0b95a1d5bbee0eae7984f891d2d0f8c9; jvm 1.8.0_402-b06
2024-03-04 13:05:25,678 [main] INFO  server.session (DefaultSessionIdManager.java:doStart(334)) - DefaultSessionIdManager workerName=node0
2024-03-04 13:05:25,678 [main] INFO  server.session (DefaultSessionIdManager.java:doStart(339)) - No SessionScavenger set, using defaults
2024-03-04 13:05:25,678 [main] INFO  server.session (HouseKeeper.java:startScavenging(132)) - node0 Scavenging every 660000ms
2024-03-04 13:05:25,679 [main] INFO  handler.ContextHandler (ContextHandler.java:doStart(921)) - Started o.e.j.s.ServletContextHandler@747132ca{logs,/logs,file:///home/runner/work/ozone/ozone/hadoop-ozone/integration-test/target/log,AVAILABLE}
2024-03-04 13:05:25,679 [main] INFO  handler.ContextHandler (ContextHandler.java:doStart(921)) - Started o.e.j.s.ServletContextHandler@306c7427{static,/static,file:///home/runner/work/ozone/ozone/hadoop-ozone/integration-test/target/test-classes/webapps/static,AVAILABLE}
2024-03-04 13:05:25,681 [main] INFO  handler.ContextHandler (ContextHandler.java:doStart(921)) - Started o.e.j.w.WebAppContext@57a7a4af{ozoneManager,/,file:///home/runner/work/ozone/ozone/hadoop-ozone/integration-test/target/test-classes/webapps/ozoneManager/,AVAILABLE}{file:/home/runner/work/ozone/ozone/hadoop-ozone/integration-test/target/test-classes/webapps/ozoneManager}
2024-03-04 13:05:25,681 [main] INFO  server.AbstractConnector (AbstractConnector.java:doStart(333)) - Started ServerConnector@47881e4d{HTTP/1.1, (http/1.1)}{0.0.0.0:15267}
2024-03-04 13:05:25,681 [main] INFO  server.Server (Server.java:doStart(415)) - Started @821265ms
2024-03-04 13:05:25,681 [main] WARN  impl.MetricsSystemImpl (MetricsSystemImpl.java:register(279)) - Sink prometheus already exists!
2024-03-04 13:05:25,682 [main] INFO  http.BaseHttpServer (BaseHttpServer.java:updateConnectorAddress(354)) - HTTP server of ozoneManager listening at http://0.0.0.0:15267
2024-03-04 13:05:25,682 [IPC Server Responder] INFO  ipc.Server (Server.java:run(1562)) - IPC Server Responder: starting
2024-03-04 13:05:25,682 [IPC Server listener on 15266] INFO  ipc.Server (Server.java:run(1402)) - IPC Server listener on 15266: starting
2024-03-04 13:05:25,684 [main] INFO  om.OzoneManager (OzoneManager.java:startTrashEmptier(2093)) - Trash Interval set to 0. Files deleted won't move to trash
2024-03-04 13:05:25,684 [main] INFO  ozone.MiniOzoneHAClusterImpl (MiniOzoneHAClusterImpl.java:createOMService(516)) - Started OzoneManager omNode-2 RPC server at localhost/127.0.0.1:15266
2024-03-04 13:05:25,684 [main] INFO  ha.OMHANodeDetails (OMHANodeDetails.java:loadOMHAConfig(121)) - ServiceID for OzoneManager is om-service-test1
2024-03-04 13:05:25,685 [main] INFO  ha.OMHANodeDetails (OMHANodeDetails.java:loadOMHAConfig(201)) - Found matching OM address with OMServiceId: om-service-test1, OMNodeId: omNode-3, RPC Address: localhost:15270 and Ratis port: 15273
2024-03-04 13:05:25,685 [main] INFO  ha.OMHANodeDetails (ConfUtils.java:setNodeSpecificConfigs(97)) - Setting configuration key ozone.om.http-address with value of key ozone.om.http-address.om-service-test1.omNode-3: 127.0.0.1:15271
2024-03-04 13:05:25,685 [main] INFO  ha.OMHANodeDetails (ConfUtils.java:setNodeSpecificConfigs(97)) - Setting configuration key ozone.om.https-address with value of key ozone.om.https-address.om-service-test1.omNode-3: 127.0.0.1:15272
2024-03-04 13:05:25,685 [main] INFO  ha.OMHANodeDetails (ConfUtils.java:setNodeSpecificConfigs(97)) - Setting configuration key ozone.om.address with value of key ozone.om.address.om-service-test1.omNode-3: 127.0.0.1:15270
2024-03-04 13:05:25,685 [main] WARN  server.ServerUtils (ServerUtils.java:getDBPath(299)) - ozone.om.db.dirs is not configured. We recommend adding this setting. Falling back to ozone.metadata.dirs instead.
2024-03-04 13:05:25,686 [main] INFO  proxy.SCMBlockLocationFailoverProxyProvider (SCMBlockLocationFailoverProxyProvider.java:<init>(115)) - Created block location fail-over proxy with 1 nodes: [nodeId=scmNodeId,nodeAddress=/0.0.0.0:15259]
OM initialization succeeded.Current cluster id for sd=/home/runner/work/ozone/ozone/hadoop-ozone/integration-test/target/test-dir/MiniOzoneClusterImpl-6b98b79e-1748-4853-9fc9-d757899c3dd5/omNode-3/om;cid=6b98b79e-1748-4853-9fc9-d757899c3dd5;layoutVersion=6
2024-03-04 13:05:25,699 [main] INFO  ha.OMHANodeDetails (OMHANodeDetails.java:loadOMHAConfig(121)) - ServiceID for OzoneManager is om-service-test1
2024-03-04 13:05:25,700 [main] INFO  ha.OMHANodeDetails (OMHANodeDetails.java:loadOMHAConfig(201)) - Found matching OM address with OMServiceId: om-service-test1, OMNodeId: omNode-3, RPC Address: localhost:15270 and Ratis port: 15273
2024-03-04 13:05:25,700 [main] INFO  ha.OMHANodeDetails (ConfUtils.java:setNodeSpecificConfigs(97)) - Setting configuration key ozone.om.http-address with value of key ozone.om.http-address.om-service-test1.omNode-3: 127.0.0.1:15271
2024-03-04 13:05:25,700 [main] INFO  ha.OMHANodeDetails (ConfUtils.java:setNodeSpecificConfigs(97)) - Setting configuration key ozone.om.https-address with value of key ozone.om.https-address.om-service-test1.omNode-3: 127.0.0.1:15272
2024-03-04 13:05:25,700 [main] INFO  ha.OMHANodeDetails (ConfUtils.java:setNodeSpecificConfigs(97)) - Setting configuration key ozone.om.address with value of key ozone.om.address.om-service-test1.omNode-3: 127.0.0.1:15270
2024-03-04 13:05:25,700 [main] WARN  server.ServerUtils (ServerUtils.java:getDBPath(299)) - ozone.om.db.dirs is not configured. We recommend adding this setting. Falling back to ozone.metadata.dirs instead.
2024-03-04 13:05:25,706 [main] INFO  upgrade.AbstractLayoutVersionManager (AbstractLayoutVersionManager.java:init(83)) - Initializing Layout version manager with metadata layout = QUOTA (version = 6), software layout = QUOTA (version = 6)
2024-03-04 13:05:25,749 [main] INFO  upgrade.OMLayoutVersionManager (OMLayoutVersionManager.java:lambda$0(113)) - Skipping Upgrade Action QuotaRepairUpgradeAction since it has been finalized.
2024-03-04 13:05:25,750 [main] INFO  upgrade.OMLayoutVersionManager (OMLayoutVersionManager.java:lambda$0(113)) - Skipping Upgrade Action MockOmUpgradeAction since it has been finalized.
2024-03-04 13:05:25,750 [main] WARN  server.ServerUtils (ServerUtils.java:getDBPath(299)) - ozone.om.db.dirs is not configured. We recommend adding this setting. Falling back to ozone.metadata.dirs instead.
2024-03-04 13:05:25,751 [main] INFO  proxy.SCMBlockLocationFailoverProxyProvider (SCMBlockLocationFailoverProxyProvider.java:<init>(115)) - Created block location fail-over proxy with 1 nodes: [nodeId=scmNodeId,nodeAddress=/0.0.0.0:15259]
2024-03-04 13:05:25,751 [main] INFO  proxy.SCMBlockLocationFailoverProxyProvider (SCMBlockLocationFailoverProxyProvider.java:<init>(115)) - Created block location fail-over proxy with 1 nodes: [nodeId=scmNodeId,nodeAddress=/0.0.0.0:15259]
2024-03-04 13:05:25,756 [main] INFO  om.OzoneManager (OzoneManager.java:<init>(672)) - OM start with adminUsers: [*, runner]
2024-03-04 13:05:25,756 [main] WARN  server.ServerUtils (ServerUtils.java:getDBPath(299)) - ozone.om.db.dirs is not configured. We recommend adding this setting. Falling back to ozone.metadata.dirs instead.
2024-03-04 13:05:25,756 [main] INFO  helpers.OmKeyInfo (OmKeyInfo.java:getCodec(71)) - OmKeyInfo.getCodec ignorePipeline = true
2024-03-04 13:05:25,905 [main] INFO  om.OzoneManager (OzoneManager.java:instantiateServices(804)) - S3 Multi-Tenancy is disabled
2024-03-04 13:05:25,906 [main] INFO  om.OmSnapshotManager (OmSnapshotManager.java:<init>(177)) - Ozone filesystem snapshot feature is enabled.
2024-03-04 13:05:25,906 [main] WARN  server.ServerUtils (ServerUtils.java:getDBPath(299)) - ozone.om.snapshot.diff.db.dir is not configured. We recommend adding this setting. Falling back to ozone.metadata.dirs instead.
2024-03-04 13:05:25,919 [main] INFO  utils.NativeLibraryLoader (NativeLibraryLoader.java:loadLibrary(108)) - Loading Library: ozone_rocksdb_tools
2024-03-04 13:05:25,920 [main] ERROR snapshot.SnapshotDiffManager (SnapshotDiffManager.java:initNativeLibraryForEfficientDiff(287)) - Native Library for raw sst file reading loading failed.
org.apache.hadoop.hdds.utils.NativeLibraryNotLoadedException: Unable to load library ozone_rocksdb_tools from both java.library.path & resource file libozone_rocksdb_tools.so from jar.
	at org.apache.hadoop.hdds.utils.db.managed.ManagedRawSSTFileReader.loadLibrary(ManagedRawSSTFileReader.java:38)
	at org.apache.hadoop.ozone.om.snapshot.SnapshotDiffManager.initNativeLibraryForEfficientDiff(SnapshotDiffManager.java:285)
	at org.apache.hadoop.ozone.om.snapshot.SnapshotDiffManager.<init>(SnapshotDiffManager.java:259)
	at org.apache.hadoop.ozone.om.OmSnapshotManager.<init>(OmSnapshotManager.java:279)
	at org.apache.hadoop.ozone.om.OzoneManager.instantiateServices(OzoneManager.java:856)
	at org.apache.hadoop.ozone.om.OzoneManager.<init>(OzoneManager.java:682)
	at org.apache.hadoop.ozone.om.OzoneManager.createOm(OzoneManager.java:767)
	at org.apache.hadoop.ozone.MiniOzoneHAClusterImpl$Builder.createOMService(MiniOzoneHAClusterImpl.java:509)
	at org.apache.hadoop.ozone.MiniOzoneHAClusterImpl$Builder.build(MiniOzoneHAClusterImpl.java:425)
	at org.apache.hadoop.ozone.om.TestOzoneManagerHA.init(TestOzoneManagerHA.java:179)
	at sun.reflect.NativeMethodAccessorImpl.invoke0(Native Method)
	at sun.reflect.NativeMethodAccessorImpl.invoke(NativeMethodAccessorImpl.java:62)
	at sun.reflect.DelegatingMethodAccessorImpl.invoke(DelegatingMethodAccessorImpl.java:43)
	at java.lang.reflect.Method.invoke(Method.java:498)
	at org.junit.platform.commons.util.ReflectionUtils.invokeMethod(ReflectionUtils.java:728)
	at org.junit.jupiter.engine.execution.MethodInvocation.proceed(MethodInvocation.java:60)
	at org.junit.jupiter.engine.execution.InvocationInterceptorChain$ValidatingInvocation.proceed(InvocationInterceptorChain.java:131)
	at org.junit.jupiter.engine.extension.TimeoutExtension.intercept(TimeoutExtension.java:156)
	at org.junit.jupiter.engine.extension.TimeoutExtension.interceptLifecycleMethod(TimeoutExtension.java:128)
	at org.junit.jupiter.engine.extension.TimeoutExtension.interceptBeforeAllMethod(TimeoutExtension.java:70)
	at org.junit.jupiter.engine.execution.InterceptingExecutableInvoker$ReflectiveInterceptorCall.lambda$ofVoidMethod$0(InterceptingExecutableInvoker.java:103)
	at org.junit.jupiter.engine.execution.InterceptingExecutableInvoker.lambda$invoke$0(InterceptingExecutableInvoker.java:93)
	at org.junit.jupiter.engine.execution.InvocationInterceptorChain$InterceptedInvocation.proceed(InvocationInterceptorChain.java:106)
	at org.junit.jupiter.engine.execution.InvocationInterceptorChain.proceed(InvocationInterceptorChain.java:64)
	at org.junit.jupiter.engine.execution.InvocationInterceptorChain.chainAndInvoke(InvocationInterceptorChain.java:45)
	at org.junit.jupiter.engine.execution.InvocationInterceptorChain.invoke(InvocationInterceptorChain.java:37)
	at org.junit.jupiter.engine.execution.InterceptingExecutableInvoker.invoke(InterceptingExecutableInvoker.java:92)
	at org.junit.jupiter.engine.execution.InterceptingExecutableInvoker.invoke(InterceptingExecutableInvoker.java:86)
	at org.junit.jupiter.engine.descriptor.ClassBasedTestDescriptor.lambda$invokeBeforeAllMethods$13(ClassBasedTestDescriptor.java:412)
	at org.junit.platform.engine.support.hierarchical.ThrowableCollector.execute(ThrowableCollector.java:73)
	at org.junit.jupiter.engine.descriptor.ClassBasedTestDescriptor.invokeBeforeAllMethods(ClassBasedTestDescriptor.java:410)
	at org.junit.jupiter.engine.descriptor.ClassBasedTestDescriptor.before(ClassBasedTestDescriptor.java:216)
	at org.junit.jupiter.engine.descriptor.ClassBasedTestDescriptor.before(ClassBasedTestDescriptor.java:85)
	at org.junit.platform.engine.support.hierarchical.NodeTestTask.lambda$executeRecursively$6(NodeTestTask.java:148)
	at org.junit.platform.engine.support.hierarchical.ThrowableCollector.execute(ThrowableCollector.java:73)
	at org.junit.platform.engine.support.hierarchical.NodeTestTask.lambda$executeRecursively$8(NodeTestTask.java:141)
	at org.junit.platform.engine.support.hierarchical.Node.around(Node.java:137)
	at org.junit.platform.engine.support.hierarchical.NodeTestTask.lambda$executeRecursively$9(NodeTestTask.java:139)
	at org.junit.platform.engine.support.hierarchical.ThrowableCollector.execute(ThrowableCollector.java:73)
	at org.junit.platform.engine.support.hierarchical.NodeTestTask.executeRecursively(NodeTestTask.java:138)
	at org.junit.platform.engine.support.hierarchical.NodeTestTask.execute(NodeTestTask.java:95)
	at java.util.ArrayList.forEach(ArrayList.java:1259)
	at org.junit.platform.engine.support.hierarchical.SameThreadHierarchicalTestExecutorService.invokeAll(SameThreadHierarchicalTestExecutorService.java:41)
	at org.junit.platform.engine.support.hierarchical.NodeTestTask.lambda$executeRecursively$6(NodeTestTask.java:155)
	at org.junit.platform.engine.support.hierarchical.ThrowableCollector.execute(ThrowableCollector.java:73)
	at org.junit.platform.engine.support.hierarchical.NodeTestTask.lambda$executeRecursively$8(NodeTestTask.java:141)
	at org.junit.platform.engine.support.hierarchical.Node.around(Node.java:137)
	at org.junit.platform.engine.support.hierarchical.NodeTestTask.lambda$executeRecursively$9(NodeTestTask.java:139)
	at org.junit.platform.engine.support.hierarchical.ThrowableCollector.execute(ThrowableCollector.java:73)
	at org.junit.platform.engine.support.hierarchical.NodeTestTask.executeRecursively(NodeTestTask.java:138)
	at org.junit.platform.engine.support.hierarchical.NodeTestTask.execute(NodeTestTask.java:95)
	at org.junit.platform.engine.support.hierarchical.SameThreadHierarchicalTestExecutorService.submit(SameThreadHierarchicalTestExecutorService.java:35)
	at org.junit.platform.engine.support.hierarchical.HierarchicalTestExecutor.execute(HierarchicalTestExecutor.java:57)
	at org.junit.platform.engine.support.hierarchical.HierarchicalTestEngine.execute(HierarchicalTestEngine.java:54)
	at org.junit.platform.launcher.core.EngineExecutionOrchestrator.execute(EngineExecutionOrchestrator.java:198)
	at org.junit.platform.launcher.core.EngineExecutionOrchestrator.execute(EngineExecutionOrchestrator.java:169)
	at org.junit.platform.launcher.core.EngineExecutionOrchestrator.execute(EngineExecutionOrchestrator.java:93)
	at org.junit.platform.launcher.core.EngineExecutionOrchestrator.lambda$execute$0(EngineExecutionOrchestrator.java:58)
	at org.junit.platform.launcher.core.EngineExecutionOrchestrator.withInterceptedStreams(EngineExecutionOrchestrator.java:141)
	at org.junit.platform.launcher.core.EngineExecutionOrchestrator.execute(EngineExecutionOrchestrator.java:57)
	at org.junit.platform.launcher.core.DefaultLauncher.execute(DefaultLauncher.java:103)
	at org.junit.platform.launcher.core.DefaultLauncher.execute(DefaultLauncher.java:85)
	at org.junit.platform.launcher.core.DelegatingLauncher.execute(DelegatingLauncher.java:47)
	at org.junit.platform.launcher.core.SessionPerRequestLauncher.execute(SessionPerRequestLauncher.java:63)
	at org.apache.maven.surefire.junitplatform.JUnitPlatformProvider.invokeAllTests(JUnitPlatformProvider.java:165)
	at org.apache.maven.surefire.junitplatform.JUnitPlatformProvider.invoke(JUnitPlatformProvider.java:124)
	at org.apache.maven.surefire.booter.ForkedBooter.runSuitesInProcess(ForkedBooter.java:428)
	at org.apache.maven.surefire.booter.ForkedBooter.execute(ForkedBooter.java:162)
	at org.apache.maven.surefire.booter.ForkedBooter.run(ForkedBooter.java:562)
	at org.apache.maven.surefire.booter.ForkedBooter.main(ForkedBooter.java:548)
2024-03-04 13:05:25,922 [main] INFO  om.OzoneManager (OzoneManager.java:addS3GVolumeToDB(4426)) - Created Volume s3v With Owner runner required for S3Gateway operations.
2024-03-04 13:05:25,922 [main] WARN  server.ServerUtils (ServerUtils.java:getDefaultRatisDirectory(311)) - Storage directory for Ratis is not configured. It is a good idea to map this to an SSD disk. Falling back to ozone.metadata.dirs
2024-03-04 13:05:25,922 [main] WARN  utils.OzoneManagerRatisUtils (OzoneManagerRatisUtils.java:getOMRatisSnapshotDirectory(476)) - ozone.om.ratis.snapshot.dir is not configured. Falling back to ozone.metadata.dirs config
2024-03-04 13:05:25,923 [main] INFO  utils.RDBSnapshotProvider (RDBSnapshotProvider.java:init(87)) - Cleaning up the candidate dir: /home/runner/work/ozone/ozone/hadoop-ozone/integration-test/target/test-dir/MiniOzoneClusterImpl-6b98b79e-1748-4853-9fc9-d757899c3dd5/omNode-3/snapshot/om.db.candidate
2024-03-04 13:05:25,923 [main] INFO  ratis_snapshot.OmRatisSnapshotProvider (OmRatisSnapshotProvider.java:<init>(99)) - Initializing OM Snapshot Provider
2024-03-04 13:05:25,924 [main] WARN  dropwizard3.Dm3MetricRegistriesImpl (Dm3MetricRegistriesImpl.java:addReporterRegistration(113)) - New reporters are added after registries were created. Some metrics will be missing from the reporter. Please add reporter before adding any new registry.
2024-03-04 13:05:25,924 [main] WARN  dropwizard3.Dm3MetricRegistriesImpl (Dm3MetricRegistriesImpl.java:addReporterRegistration(113)) - New reporters are added after registries were created. Some metrics will be missing from the reporter. Please add reporter before adding any new registry.
2024-03-04 13:05:25,924 [main] WARN  server.ServerUtils (ServerUtils.java:getDefaultRatisDirectory(311)) - Storage directory for Ratis is not configured. It is a good idea to map this to an SSD disk. Falling back to ozone.metadata.dirs
2024-03-04 13:05:25,924 [main] INFO  ratis.OzoneManagerRatisServer (OzoneManagerRatisServer.java:<init>(167)) - Instantiating OM Ratis server with groupID: om-service-test1 and peers: localhost:15273, localhost:15265, localhost:15269
2024-03-04 13:05:25,925 [main] INFO  ratis.OzoneManagerStateMachine (OzoneManagerStateMachine.java:loadSnapshotInfoFromDB(575)) - TransactionInfo not found in OM DB.
2024-03-04 13:05:25,925 [main] INFO  server.RaftServer (ConfUtils.java:logGet(46)) - raft.rpc.type = GRPC (default)
2024-03-04 13:05:25,925 [main] INFO  grpc.GrpcConfigKeys (ConfUtils.java:logFallback(53)) - raft.grpc.admin.host = null (fallback to raft.grpc.server.host)
2024-03-04 13:05:25,926 [main] INFO  grpc.GrpcConfigKeys (ConfUtils.java:logFallback(53)) - raft.grpc.admin.port = 15273 (fallback to raft.grpc.server.port)
2024-03-04 13:05:25,926 [main] INFO  grpc.GrpcConfigKeys (ConfUtils.java:logFallback(53)) - raft.grpc.client.host = null (fallback to raft.grpc.server.host)
2024-03-04 13:05:25,926 [main] INFO  grpc.GrpcConfigKeys (ConfUtils.java:logFallback(53)) - raft.grpc.client.port = 15273 (fallback to raft.grpc.server.port)
2024-03-04 13:05:25,926 [main] INFO  grpc.GrpcConfigKeys (ConfUtils.java:logGet(46)) - raft.grpc.server.host = null (default)
2024-03-04 13:05:25,926 [main] INFO  grpc.GrpcConfigKeys (ConfUtils.java:logGet(46)) - raft.grpc.server.port = 15273 (custom)
2024-03-04 13:05:25,926 [main] INFO  server.GrpcService (ConfUtils.java:logGet(46)) - raft.grpc.message.size.max = 4194304 (custom)
2024-03-04 13:05:25,927 [main] INFO  server.RaftServerConfigKeys (ConfUtils.java:logGet(46)) - raft.server.log.appender.buffer.byte-limit = 4194304 (custom)
2024-03-04 13:05:25,927 [main] INFO  server.GrpcService (ConfUtils.java:logGet(46)) - raft.grpc.flow.control.window = 1MB (=1048576) (default)
2024-03-04 13:05:25,927 [main] INFO  server.RaftServerConfigKeys (ConfUtils.java:logGet(46)) - raft.server.rpc.request.timeout = 3000ms (default)
2024-03-04 13:05:25,927 [main] INFO  grpc.GrpcConfigKeys (ConfUtils.java:logGet(46)) - raft.grpc.server.heartbeat.channel = true (default)
2024-03-04 13:05:25,927 [main] INFO  grpc.GrpcConfigKeys (ConfUtils.java:logGet(46)) - raft.grpc.server.async.request.thread.pool.cached = true (default)
2024-03-04 13:05:25,927 [main] INFO  grpc.GrpcConfigKeys (ConfUtils.java:logGet(46)) - raft.grpc.server.async.request.thread.pool.size = 32 (default)
2024-03-04 13:05:25,928 [main] INFO  impl.DataStreamServerImpl (ConfUtils.java:logGet(46)) - raft.datastream.type = DISABLED (default)
2024-03-04 13:05:25,928 [main] INFO  server.RaftServerConfigKeys (ConfUtils.java:logGet(46)) - raft.server.sleep.deviation.threshold = 300ms (default)
2024-03-04 13:05:25,928 [main] INFO  server.RaftServerConfigKeys (ConfUtils.java:logGet(46)) - raft.server.close.threshold = 60s (default)
2024-03-04 13:05:25,929 [main] INFO  server.RaftServerConfigKeys (ConfUtils.java:logGet(46)) - raft.server.leaderelection.leader.step-down.wait-time = 10s (default)
2024-03-04 13:05:25,929 [main] INFO  server.RaftServerConfigKeys (ConfUtils.java:logGet(46)) - raft.server.storage.dir = [/home/runner/work/ozone/ozone/hadoop-ozone/integration-test/target/test-dir/MiniOzoneClusterImpl-6b98b79e-1748-4853-9fc9-d757899c3dd5/omNode-3/ratis] (custom)
2024-03-04 13:05:25,929 [main] INFO  server.RaftServerConfigKeys (ConfUtils.java:logGet(46)) - raft.server.threadpool.proxy.cached = true (default)
2024-03-04 13:05:25,929 [main] INFO  server.RaftServerConfigKeys (ConfUtils.java:logGet(46)) - raft.server.threadpool.proxy.size = 0 (default)
2024-03-04 13:05:25,929 [main] INFO  server.RaftServer (RaftServerProxy.java:addNew(100)) - omNode-3: addNew group-523986131536:[omNode-3|localhost:15273, omNode-1|localhost:15265, omNode-2|localhost:15269] returns group-523986131536:java.util.concurrent.CompletableFuture@6b7cea87[Not completed]
2024-03-04 13:05:25,929 [omNode-3-groupManagement] INFO  server.RaftServer$Division (RaftServerImpl.java:<init>(256)) - omNode-3: new RaftServerImpl for group-523986131536:[omNode-3|localhost:15273, omNode-1|localhost:15265, omNode-2|localhost:15269] with OzoneManagerStateMachine:uninitialized
2024-03-04 13:05:25,929 [main] INFO  om.OzoneManager (OzoneManager.java:initializeRatisServer(2140)) - OzoneManager Ratis server initialized at port 15273
2024-03-04 13:05:25,929 [omNode-3-groupManagement] INFO  server.RaftServerConfigKeys (ConfUtils.java:logGet(46)) - raft.server.rpc.timeout.min = 1s (custom)
2024-03-04 13:05:25,930 [main] INFO  om.OzoneManager (OzoneManager.java:getRpcServer(1206)) - Creating RPC Server
2024-03-04 13:05:25,930 [omNode-3-groupManagement] INFO  server.RaftServerConfigKeys (ConfUtils.java:logGet(46)) - raft.server.rpc.timeout.max = 1200ms (custom)
2024-03-04 13:05:25,930 [omNode-3-groupManagement] INFO  server.RaftServerConfigKeys (ConfUtils.java:logGet(46)) - raft.server.rpc.sleep.time = 25ms (default)
2024-03-04 13:05:25,930 [omNode-3-groupManagement] INFO  server.RaftServerConfigKeys (ConfUtils.java:logGet(46)) - raft.server.rpc.slowness.timeout = 2s (custom)
2024-03-04 13:05:25,930 [omNode-3-groupManagement] INFO  server.RaftServerConfigKeys (ConfUtils.java:logGet(46)) - raft.server.leaderelection.leader.step-down.wait-time = 10s (default)
2024-03-04 13:05:25,930 [omNode-3-groupManagement] INFO  server.RaftServerConfigKeys (ConfUtils.java:logGet(46)) - raft.server.leaderelection.member.majority-add = false (default)
2024-03-04 13:05:25,930 [omNode-3-groupManagement] INFO  server.RaftServerConfigKeys (ConfUtils.java:logGet(46)) - raft.server.sleep.deviation.threshold = 300ms (default)
2024-03-04 13:05:25,930 [omNode-3-groupManagement] INFO  server.RaftServer$Division (ServerState.java:<init>(113)) - omNode-3@group-523986131536: ConfigurationManager, init=-1: peers:[omNode-3|localhost:15273, omNode-1|localhost:15265, omNode-2|localhost:15269]|listeners:[], old=null, confs=<EMPTY_MAP>
2024-03-04 13:05:25,930 [omNode-3-groupManagement] INFO  server.RaftServerConfigKeys (ConfUtils.java:logGet(46)) - raft.server.notification.no-leader.timeout = 2s (custom)
2024-03-04 13:05:25,930 [omNode-3-groupManagement] INFO  server.RaftServerConfigKeys (ConfUtils.java:logGet(46)) - raft.server.read.timeout = 10s (default)
2024-03-04 13:05:25,930 [omNode-3-groupManagement] INFO  server.RaftServerConfigKeys (ConfUtils.java:logGet(46)) - raft.server.retrycache.expirytime = 30000ms (custom)
2024-03-04 13:05:25,930 [omNode-3-groupManagement] INFO  server.RaftServerConfigKeys (ConfUtils.java:logGet(46)) - raft.server.retrycache.statistics.expirytime = 100ms (default)
2024-03-04 13:05:25,931 [omNode-3-groupManagement] INFO  server.RaftServerConfigKeys (ConfUtils.java:logGet(46)) - raft.server.read.option = DEFAULT (default)
2024-03-04 13:05:25,931 [omNode-3-groupManagement] INFO  server.RaftServerConfigKeys (ConfUtils.java:logGet(46)) - raft.server.read.read-after-write-consistent.write-index-cache.expiry-time = 60s (default)
2024-03-04 13:05:25,932 [omNode-3-groupManagement] INFO  server.RaftServerConfigKeys (ConfUtils.java:logGet(46)) - raft.server.rpc.request.timeout = 3000ms (default)
2024-03-04 13:05:25,932 [omNode-3-groupManagement] INFO  server.RaftServerConfigKeys (ConfUtils.java:logGet(46)) - raft.server.log.appender.install.snapshot.enabled = false (custom)
2024-03-04 13:05:25,932 [omNode-3-groupManagement] INFO  server.RaftServerConfigKeys (ConfUtils.java:logGet(46)) - raft.server.threadpool.server.cached = true (default)
2024-03-04 13:05:25,932 [omNode-3-groupManagement] INFO  server.RaftServerConfigKeys (ConfUtils.java:logGet(46)) - raft.server.threadpool.server.size = 0 (default)
2024-03-04 13:05:25,932 [omNode-3-groupManagement] INFO  server.RaftServerConfigKeys (ConfUtils.java:logGet(46)) - raft.server.threadpool.client.cached = true (default)
2024-03-04 13:05:25,932 [omNode-3-groupManagement] INFO  server.RaftServerConfigKeys (ConfUtils.java:logGet(46)) - raft.server.threadpool.client.size = 0 (default)
2024-03-04 13:05:26,104 [main] INFO  ipc.CallQueueManager (CallQueueManager.java:<init>(90)) - Using callQueue: class java.util.concurrent.LinkedBlockingQueue, queueCapacity: 2000, scheduler: class org.apache.hadoop.ipc.DefaultRpcScheduler, ipcBackoff: false.
2024-03-04 13:05:26,104 [main] INFO  ipc.Server (Server.java:<init>(1287)) - Listener at 127.0.0.1:15270
2024-03-04 13:05:26,105 [Socket Reader #1 for port 15270] INFO  ipc.Server (Server.java:run(1323)) - Starting Socket Reader #1 for port 15270
2024-03-04 13:05:26,118 [main] INFO  impl.MetricsSystemImpl (MetricsSystemImpl.java:init(158)) - OzoneManager metrics system started (again)
2024-03-04 13:05:26,125 [main] INFO  om.OzoneManager (OzoneManager.java:start(1628)) - OzoneManager RPC server is listening at localhost/127.0.0.1:15270
2024-03-04 13:05:26,125 [main] INFO  ratis.OzoneManagerRatisServer (OzoneManagerRatisServer.java:start(588)) - Starting OzoneManagerRatisServer omNode-3 at port 15273
2024-03-04 13:05:26,125 [omNode-3-impl-thread1] INFO  server.RaftServerConfigKeys (ConfUtils.java:logGet(46)) - raft.server.storage.free-space.min = 0MB (=0) (default)
2024-03-04 13:05:26,125 [omNode-3-impl-thread1] INFO  server.RaftServerConfigKeys (ConfUtils.java:logGet(46)) - raft.server.log.corruption.policy = EXCEPTION (default)
2024-03-04 13:05:26,125 [omNode-3-impl-thread1] INFO  server.RaftServerConfigKeys (ConfUtils.java:logGet(46)) - raft.server.storage.dir = [/home/runner/work/ozone/ozone/hadoop-ozone/integration-test/target/test-dir/MiniOzoneClusterImpl-6b98b79e-1748-4853-9fc9-d757899c3dd5/omNode-3/ratis] (custom)
2024-03-04 13:05:26,126 [omNode-3-impl-thread1] INFO  storage.RaftStorageDirectory (RaftStorageDirectoryImpl.java:analyzeStorage(138)) - The storage directory /home/runner/work/ozone/ozone/hadoop-ozone/integration-test/target/test-dir/MiniOzoneClusterImpl-6b98b79e-1748-4853-9fc9-d757899c3dd5/omNode-3/ratis/c9bc4cf4-3bc3-3c60-a66b-523986131536 does not exist. Creating ...
2024-03-04 13:05:26,126 [omNode-3-impl-thread1] INFO  storage.RaftStorageDirectory (RaftStorageDirectoryImpl.java:tryLock(228)) - Lock on /home/runner/work/ozone/ozone/hadoop-ozone/integration-test/target/test-dir/MiniOzoneClusterImpl-6b98b79e-1748-4853-9fc9-d757899c3dd5/omNode-3/ratis/c9bc4cf4-3bc3-3c60-a66b-523986131536/in_use.lock acquired by nodename 41993@fv-az571-795
2024-03-04 13:05:26,127 [omNode-3-impl-thread1] INFO  storage.RaftStorage (RaftStorageImpl.java:format(99)) - Storage directory /home/runner/work/ozone/ozone/hadoop-ozone/integration-test/target/test-dir/MiniOzoneClusterImpl-6b98b79e-1748-4853-9fc9-d757899c3dd5/omNode-3/ratis/c9bc4cf4-3bc3-3c60-a66b-523986131536 has been successfully formatted.
2024-03-04 13:05:26,127 [omNode-3-impl-thread1] WARN  util.FileUtils (LogUtils.java:supplyAndLog(63)) - Failed to Files.newInputStream /home/runner/work/ozone/ozone/hadoop-ozone/integration-test/target/test-dir/MiniOzoneClusterImpl-6b98b79e-1748-4853-9fc9-d757899c3dd5/omNode-3/ratis/c9bc4cf4-3bc3-3c60-a66b-523986131536/current/raft-meta.conf with options []: java.nio.file.NoSuchFileException: /home/runner/work/ozone/ozone/hadoop-ozone/integration-test/target/test-dir/MiniOzoneClusterImpl-6b98b79e-1748-4853-9fc9-d757899c3dd5/omNode-3/ratis/c9bc4cf4-3bc3-3c60-a66b-523986131536/current/raft-meta.conf
2024-03-04 13:05:26,127 [omNode-3-impl-thread1] INFO  server.RaftServerConfigKeys (ConfUtils.java:logGet(46)) - raft.server.log.use.memory = false (default)
2024-03-04 13:05:26,127 [omNode-3-impl-thread1] INFO  server.RaftServerConfigKeys (ConfUtils.java:logGet(46)) - raft.server.log.purge.gap = 50 (custom)
2024-03-04 13:05:26,128 [omNode-3-impl-thread1] INFO  server.RaftServerConfigKeys (ConfUtils.java:logGet(46)) - raft.server.log.appender.buffer.byte-limit = 4194304 (custom)
2024-03-04 13:05:26,128 [omNode-3-impl-thread1] INFO  server.RaftServerConfigKeys (ConfUtils.java:logGet(46)) - raft.server.log.statemachine.data.read.timeout = 1000ms (default)
2024-03-04 13:05:26,128 [omNode-3-impl-thread1] INFO  server.RaftServerConfigKeys (ConfUtils.java:logGet(46)) - raft.server.log.purge.preservation.log.num = 0 (default)
2024-03-04 13:05:26,128 [omNode-3-impl-thread1] INFO  server.RaftServerConfigKeys (ConfUtils.java:logGet(46)) - raft.server.log.segment.size.max = 4194304 (custom)
2024-03-04 13:05:26,128 [omNode-3-impl-thread1] INFO  server.RaftServerConfigKeys (ConfUtils.java:logGet(46)) - raft.server.log.segment.cache.num.max = 2 (custom)
2024-03-04 13:05:26,128 [omNode-3-impl-thread1] INFO  server.RaftServerConfigKeys (ConfUtils.java:logGet(46)) - raft.server.log.segment.cache.size.max = 200MB (=209715200) (default)
2024-03-04 13:05:26,128 [omNode-3-impl-thread1] INFO  server.RaftServerConfigKeys (ConfUtils.java:logGet(46)) - raft.server.log.appender.buffer.byte-limit = 4194304 (custom)
2024-03-04 13:05:26,128 [omNode-3-impl-thread1] INFO  util.AwaitToRun (AwaitToRun.java:start(81)) - Thread[omNode-3@group-523986131536-cacheEviction-AwaitToRun,5,main] started
2024-03-04 13:05:26,128 [omNode-3-impl-thread1] INFO  segmented.SegmentedRaftLogWorker (SegmentedRaftLogWorker.java:<init>(182)) - new omNode-3@group-523986131536-SegmentedRaftLogWorker for RaftStorageImpl:Storage Directory /home/runner/work/ozone/ozone/hadoop-ozone/integration-test/target/test-dir/MiniOzoneClusterImpl-6b98b79e-1748-4853-9fc9-d757899c3dd5/omNode-3/ratis/c9bc4cf4-3bc3-3c60-a66b-523986131536
2024-03-04 13:05:26,129 [omNode-3-impl-thread1] INFO  server.RaftServerConfigKeys (ConfUtils.java:logGet(46)) - raft.server.log.queue.byte-limit = 64MB (=67108864) (default)
2024-03-04 13:05:26,129 [omNode-3-impl-thread1] INFO  server.RaftServerConfigKeys (ConfUtils.java:logGet(46)) - raft.server.log.queue.element-limit = 4096 (default)
2024-03-04 13:05:26,129 [omNode-3-impl-thread1] INFO  server.RaftServerConfigKeys (ConfUtils.java:logGet(46)) - raft.server.log.segment.size.max = 4194304 (custom)
2024-03-04 13:05:26,129 [omNode-3-impl-thread1] INFO  server.RaftServerConfigKeys (ConfUtils.java:logGet(46)) - raft.server.log.preallocated.size = 4194304 (custom)
2024-03-04 13:05:26,129 [omNode-3-impl-thread1] INFO  server.RaftServerConfigKeys (ConfUtils.java:logGet(46)) - raft.server.log.force.sync.num = 128 (default)
2024-03-04 13:05:26,129 [omNode-3-impl-thread1] INFO  server.RaftServerConfigKeys (ConfUtils.java:logGet(46)) - raft.server.log.statemachine.data.sync = true (default)
2024-03-04 13:05:26,129 [omNode-3-impl-thread1] INFO  server.RaftServerConfigKeys (ConfUtils.java:logGet(46)) - raft.server.log.statemachine.data.sync.timeout = 10s (default)
2024-03-04 13:05:26,129 [omNode-3-impl-thread1] INFO  server.RaftServerConfigKeys (ConfUtils.java:logGet(46)) - raft.server.log.statemachine.data.sync.timeout.retry = -1 (default)
2024-03-04 13:05:26,129 [omNode-3-impl-thread1] INFO  server.RaftServerConfigKeys (ConfUtils.java:logGet(46)) - raft.server.log.write.buffer.size = 4194312 (custom)
2024-03-04 13:05:26,129 [omNode-3-impl-thread1] INFO  server.RaftServerConfigKeys (ConfUtils.java:logGet(46)) - raft.server.log.appender.buffer.byte-limit = 4194304 (custom)
2024-03-04 13:05:26,129 [omNode-3-impl-thread1] INFO  server.RaftServerConfigKeys (ConfUtils.java:logGet(46)) - raft.server.log.unsafe-flush.enabled = false (default)
2024-03-04 13:05:26,130 [omNode-3-impl-thread1] INFO  server.RaftServerConfigKeys (ConfUtils.java:logGet(46)) - raft.server.log.async-flush.enabled = false (default)
2024-03-04 13:05:26,130 [omNode-3-impl-thread1] INFO  server.RaftServerConfigKeys (ConfUtils.java:logGet(46)) - raft.server.log.statemachine.data.caching.enabled = false (default)
2024-03-04 13:05:26,130 [omNode-3-impl-thread1] INFO  segmented.SegmentedRaftLogWorker (SegmentedRaftLogWorker.java:lambda$new$0(134)) - omNode-3@group-523986131536-SegmentedRaftLogWorker: flushIndex: setUnconditionally 0 -> -1
2024-03-04 13:05:26,130 [omNode-3-impl-thread1] INFO  segmented.SegmentedRaftLogWorker (SegmentedRaftLogWorker.java:lambda$new$0(134)) - omNode-3@group-523986131536-SegmentedRaftLogWorker: safeCacheEvictIndex: setUnconditionally 0 -> -1
2024-03-04 13:05:26,130 [omNode-3-impl-thread1] INFO  server.RaftServer$Division (RaftServerImpl.java:start(396)) - omNode-3@group-523986131536: start as a follower, conf=-1: peers:[omNode-3|localhost:15273, omNode-1|localhost:15265, omNode-2|localhost:15269]|listeners:[], old=null
2024-03-04 13:05:26,130 [omNode-3-impl-thread1] INFO  server.RaftServer$Division (RaftServerImpl.java:setRole(383)) - omNode-3@group-523986131536: changes role from      null to FOLLOWER at term 0 for startAsFollower
2024-03-04 13:05:26,130 [omNode-3-impl-thread1] INFO  impl.RoleInfo (RoleInfo.java:updateAndGet(139)) - omNode-3: start omNode-3@group-523986131536-FollowerState
2024-03-04 13:05:26,130 [omNode-3-impl-thread1] INFO  util.JmxRegister (JmxRegister.java:tryRegister(44)) - Successfully registered JMX Bean with object name Ratis:service=RaftServer,group=group-523986131536,id=omNode-3
2024-03-04 13:05:26,130 [omNode-3-impl-thread1] INFO  server.RaftServerConfigKeys (ConfUtils.java:logGet(46)) - raft.server.snapshot.trigger-when-stop.enabled = true (default)
2024-03-04 13:05:26,131 [omNode-3-impl-thread1] INFO  server.RaftServerConfigKeys (ConfUtils.java:logGet(46)) - raft.server.snapshot.auto.trigger.enabled = true (custom)
2024-03-04 13:05:26,131 [omNode-3-impl-thread1] INFO  server.RaftServerConfigKeys (ConfUtils.java:logGet(46)) - raft.server.snapshot.auto.trigger.threshold = 50 (custom)
2024-03-04 13:05:26,131 [omNode-3-impl-thread1] INFO  server.RaftServerConfigKeys (ConfUtils.java:logGet(46)) - raft.server.snapshot.retention.file.num = -1 (default)
2024-03-04 13:05:26,131 [omNode-3-impl-thread1] INFO  server.RaftServerConfigKeys (ConfUtils.java:logGet(46)) - raft.server.log.purge.upto.snapshot.index = true (custom)
2024-03-04 13:05:26,130 [omNode-3@group-523986131536-FollowerState] INFO  server.RaftServerConfigKeys (ConfUtils.java:logFallback(53)) - raft.server.rpc.first-election.timeout.min = 1s (fallback to raft.server.rpc.timeout.min)
2024-03-04 13:05:26,131 [omNode-3@group-523986131536-FollowerState] INFO  server.RaftServerConfigKeys (ConfUtils.java:logFallback(53)) - raft.server.rpc.first-election.timeout.max = 1200ms (fallback to raft.server.rpc.timeout.max)
2024-03-04 13:05:26,132 [main] INFO  server.RaftServer (RaftServerProxy.java:startImpl(406)) - omNode-3: start RPC server
2024-03-04 13:05:26,133 [main] INFO  server.GrpcService (GrpcService.java:startImpl(302)) - omNode-3: GrpcService started, listening on 15273
2024-03-04 13:05:26,133 [JvmPauseMonitor72] INFO  util.JvmPauseMonitor (JvmPauseMonitor.java:run(146)) - JvmPauseMonitor-omNode-3: Started
2024-03-04 13:05:26,133 [main] INFO  om.OzoneManager (OzoneManager.java:start(1644)) - Version File has different layout version (6) than OM DB (null). That is expected if this OM has never been finalized to a newer layout version.
2024-03-04 13:05:26,135 [main] INFO  http.BaseHttpServer (BaseHttpServer.java:newHttpServer2BuilderForOzone(223)) - Starting Web-server for ozoneManager at: http://0.0.0.0:15271
2024-03-04 13:05:26,135 [main] INFO  http.BaseHttpServer (BaseHttpServer.java:<init>(110)) - Hadoop Security Enabled: false Ozone Security Enabled: false Ozone HTTP Security Enabled: false 
2024-03-04 13:05:26,136 [main] WARN  server.AuthenticationFilter (AuthenticationFilter.java:constructSecretProvider(240)) - Unable to initialize FileSignerSecretProvider, falling back to use random secrets. Reason: Could not read signature secret file: /home/runner/hadoop-http-auth-signature-secret
2024-03-04 13:05:26,136 [main] INFO  http.HttpRequestLog (HttpRequestLog.java:getRequestLog(86)) - Http request log for http.requests.ozoneManager is not defined
2024-03-04 13:05:26,137 [main] INFO  http.HttpServer2 (HttpServer2.java:addGlobalFilter(1036)) - Added global filter 'safety' (class=org.apache.hadoop.hdds.server.http.HttpServer2$QuotingInputFilter)
2024-03-04 13:05:26,137 [main] INFO  http.HttpServer2 (HttpServer2.java:addFilter(1012)) - Added filter static_user_filter (class=org.apache.hadoop.http.lib.StaticUserWebFilter$StaticUserFilter) to context ozoneManager
2024-03-04 13:05:26,137 [main] INFO  http.HttpServer2 (HttpServer2.java:addFilter(1020)) - Added filter static_user_filter (class=org.apache.hadoop.http.lib.StaticUserWebFilter$StaticUserFilter) to context logs
2024-03-04 13:05:26,137 [main] INFO  http.HttpServer2 (HttpServer2.java:addFilter(1020)) - Added filter static_user_filter (class=org.apache.hadoop.http.lib.StaticUserWebFilter$StaticUserFilter) to context static
2024-03-04 13:05:26,137 [main] INFO  http.BaseHttpServer (BaseHttpServer.java:<init>(189)) - HTTP server of ozoneManager uses base directory /home/runner/work/ozone/ozone/hadoop-ozone/integration-test/target/test-dir/MiniOzoneClusterImpl-6b98b79e-1748-4853-9fc9-d757899c3dd5/omNode-3/webserver
2024-03-04 13:05:26,137 [main] INFO  http.HttpServer2 (HttpServer2.java:bindListener(1236)) - Jetty bound to port 15271
2024-03-04 13:05:26,138 [main] INFO  server.Server (Server.java:doStart(375)) - jetty-9.4.53.v20231009; built: 2023-10-09T12:29:09.265Z; git: 27bde00a0b95a1d5bbee0eae7984f891d2d0f8c9; jvm 1.8.0_402-b06
2024-03-04 13:05:26,138 [main] INFO  server.session (DefaultSessionIdManager.java:doStart(334)) - DefaultSessionIdManager workerName=node0
2024-03-04 13:05:26,138 [main] INFO  server.session (DefaultSessionIdManager.java:doStart(339)) - No SessionScavenger set, using defaults
2024-03-04 13:05:26,139 [main] INFO  server.session (HouseKeeper.java:startScavenging(132)) - node0 Scavenging every 660000ms
2024-03-04 13:05:26,139 [main] INFO  handler.ContextHandler (ContextHandler.java:doStart(921)) - Started o.e.j.s.ServletContextHandler@335977cc{logs,/logs,file:///home/runner/work/ozone/ozone/hadoop-ozone/integration-test/target/log,AVAILABLE}
2024-03-04 13:05:26,139 [main] INFO  handler.ContextHandler (ContextHandler.java:doStart(921)) - Started o.e.j.s.ServletContextHandler@2157c1db{static,/static,file:///home/runner/work/ozone/ozone/hadoop-ozone/integration-test/target/test-classes/webapps/static,AVAILABLE}
2024-03-04 13:05:26,141 [main] INFO  handler.ContextHandler (ContextHandler.java:doStart(921)) - Started o.e.j.w.WebAppContext@6cf9b2fa{ozoneManager,/,file:///home/runner/work/ozone/ozone/hadoop-ozone/integration-test/target/test-classes/webapps/ozoneManager/,AVAILABLE}{file:/home/runner/work/ozone/ozone/hadoop-ozone/integration-test/target/test-classes/webapps/ozoneManager}
2024-03-04 13:05:26,141 [main] INFO  server.AbstractConnector (AbstractConnector.java:doStart(333)) - Started ServerConnector@4c97a3d6{HTTP/1.1, (http/1.1)}{0.0.0.0:15271}
2024-03-04 13:05:26,141 [main] INFO  server.Server (Server.java:doStart(415)) - Started @821725ms
2024-03-04 13:05:26,141 [main] WARN  impl.MetricsSystemImpl (MetricsSystemImpl.java:register(279)) - Sink prometheus already exists!
2024-03-04 13:05:26,142 [main] INFO  http.BaseHttpServer (BaseHttpServer.java:updateConnectorAddress(354)) - HTTP server of ozoneManager listening at http://0.0.0.0:15271
2024-03-04 13:05:26,142 [IPC Server Responder] INFO  ipc.Server (Server.java:run(1562)) - IPC Server Responder: starting
2024-03-04 13:05:26,142 [IPC Server listener on 15270] INFO  ipc.Server (Server.java:run(1402)) - IPC Server listener on 15270: starting
2024-03-04 13:05:26,144 [main] INFO  om.OzoneManager (OzoneManager.java:startTrashEmptier(2093)) - Trash Interval set to 0. Files deleted won't move to trash
2024-03-04 13:05:26,145 [main] INFO  ozone.MiniOzoneHAClusterImpl (MiniOzoneHAClusterImpl.java:createOMService(516)) - Started OzoneManager omNode-3 RPC server at localhost/127.0.0.1:15270
2024-03-04 13:05:26,149 [main] WARN  dropwizard3.Dm3MetricRegistriesImpl (Dm3MetricRegistriesImpl.java:addReporterRegistration(113)) - New reporters are added after registries were created. Some metrics will be missing from the reporter. Please add reporter before adding any new registry.
2024-03-04 13:05:26,150 [main] WARN  dropwizard3.Dm3MetricRegistriesImpl (Dm3MetricRegistriesImpl.java:addReporterRegistration(113)) - New reporters are added after registries were created. Some metrics will be missing from the reporter. Please add reporter before adding any new registry.
2024-03-04 13:05:26,150 [main] INFO  impl.MetricsSystemImpl (MetricsSystemImpl.java:init(158)) - HddsDatanode metrics system started (again)
2024-03-04 13:05:26,159 [main] INFO  ozone.HddsDatanodeService (HddsDatanodeService.java:start(240)) - HddsDatanodeService host:fv-az571-795.sssw3dgiwi1e5jwxh1zizygaca.bx.internal.cloudapp.net ip:10.1.0.12
2024-03-04 13:05:26,173 [main] INFO  upgrade.AbstractLayoutVersionManager (AbstractLayoutVersionManager.java:init(83)) - Initializing Layout version manager with metadata layout = HADOOP_PRC_PORTS_IN_DATANODEDETAILS (version = 7), software layout = HADOOP_PRC_PORTS_IN_DATANODEDETAILS (version = 7)
2024-03-04 13:05:26,174 [main] INFO  statemachine.DatanodeStateMachine (DatanodeStateMachine.java:getEndPointTaskThreadPoolSize(299)) - Datanode State Machine Task Thread Pool size 2
2024-03-04 13:05:26,175 [main] INFO  volume.HddsVolume (HddsVolume.java:<init>(125)) - Creating HddsVolume: /home/runner/work/ozone/ozone/hadoop-ozone/integration-test/target/test-dir/MiniOzoneClusterImpl-6b98b79e-1748-4853-9fc9-d757899c3dd5/ozone-meta/datanode-1/data-0/hdds of storage type : DISK capacity : 9223372036854775807
2024-03-04 13:05:26,175 [main] INFO  volume.MutableVolumeSet (MutableVolumeSet.java:initializeVolumeSet(173)) - Added Volume : /home/runner/work/ozone/ozone/hadoop-ozone/integration-test/target/test-dir/MiniOzoneClusterImpl-6b98b79e-1748-4853-9fc9-d757899c3dd5/ozone-meta/datanode-1/data-0/hdds to VolumeSet
2024-03-04 13:05:26,175 [main] INFO  volume.MutableVolumeSet (MutableVolumeSet.java:initializeVolumeSet(173)) - Added Volume : /home/runner/work/ozone/ozone/hadoop-ozone/integration-test/target/test-dir/MiniOzoneClusterImpl-6b98b79e-1748-4853-9fc9-d757899c3dd5/ozone-meta/datanode-1/ratis to VolumeSet
2024-03-04 13:05:26,176 [main] INFO  ozoneimpl.OzoneContainer (HddsVolumeUtil.java:loadAllHddsVolumeDbStore(103)) - Load 1 volumes DbStore cost: 0ms
2024-03-04 13:05:26,177 [main] INFO  server.RaftServer (ConfUtils.java:logGet(46)) - raft.rpc.type = GRPC (default)
2024-03-04 13:05:26,177 [main] INFO  grpc.GrpcConfigKeys (ConfUtils.java:logFallback(53)) - raft.grpc.admin.host = null (fallback to raft.grpc.server.host)
2024-03-04 13:05:26,177 [main] INFO  grpc.GrpcConfigKeys (ConfUtils.java:logGet(46)) - raft.grpc.admin.port = 15279 (custom)
2024-03-04 13:05:26,177 [main] INFO  grpc.GrpcConfigKeys (ConfUtils.java:logFallback(53)) - raft.grpc.client.host = null (fallback to raft.grpc.server.host)
2024-03-04 13:05:26,178 [main] INFO  grpc.GrpcConfigKeys (ConfUtils.java:logGet(46)) - raft.grpc.client.port = 15278 (custom)
2024-03-04 13:05:26,178 [main] INFO  grpc.GrpcConfigKeys (ConfUtils.java:logGet(46)) - raft.grpc.server.host = null (default)
2024-03-04 13:05:26,178 [main] INFO  grpc.GrpcConfigKeys (ConfUtils.java:logGet(46)) - raft.grpc.server.port = 15280 (custom)
2024-03-04 13:05:26,178 [main] INFO  server.GrpcService (ConfUtils.java:logGet(46)) - raft.grpc.message.size.max = 32MB (=33554432) (custom)
2024-03-04 13:05:26,178 [main] INFO  server.RaftServerConfigKeys (ConfUtils.java:logGet(46)) - raft.server.log.appender.buffer.byte-limit = 8388608 (custom)
2024-03-04 13:05:26,178 [main] INFO  server.GrpcService (ConfUtils.java:logGet(46)) - raft.grpc.flow.control.window = 5MB (=5242880) (custom)
2024-03-04 13:05:26,178 [main] INFO  server.RaftServerConfigKeys (ConfUtils.java:logGet(46)) - raft.server.rpc.request.timeout = 60s (custom)
2024-03-04 13:05:26,179 [main] INFO  grpc.GrpcConfigKeys (ConfUtils.java:logGet(46)) - raft.grpc.server.heartbeat.channel = true (default)
2024-03-04 13:05:26,179 [main] INFO  grpc.GrpcConfigKeys (ConfUtils.java:logGet(46)) - raft.grpc.server.async.request.thread.pool.cached = true (default)
2024-03-04 13:05:26,179 [main] INFO  grpc.GrpcConfigKeys (ConfUtils.java:logGet(46)) - raft.grpc.server.async.request.thread.pool.size = 32 (default)
2024-03-04 13:05:26,181 [main] INFO  impl.DataStreamServerImpl (ConfUtils.java:logGet(46)) - raft.datastream.type = NETTY (custom)
2024-03-04 13:05:26,181 [main] INFO  server.RaftServerConfigKeys (ConfUtils.java:logGet(46)) - raft.server.data-stream.async.request.thread.pool.cached = false (default)
2024-03-04 13:05:26,181 [main] INFO  server.RaftServerConfigKeys (ConfUtils.java:logGet(46)) - raft.server.data-stream.async.request.thread.pool.size = 20 (custom)
2024-03-04 13:05:26,181 [main] INFO  server.RaftServerConfigKeys (ConfUtils.java:logGet(46)) - raft.server.data-stream.async.write.thread.pool.size = 16 (default)
2024-03-04 13:05:26,181 [main] INFO  netty.NettyConfigKeys$DataStream (ConfUtils.java:logGet(46)) - raft.netty.dataStream.server.channel.inactive.grace-period = 10min (default)
2024-03-04 13:05:26,181 [main] INFO  server.RaftServerConfigKeys (ConfUtils.java:logGet(46)) - raft.server.data-stream.client.pool.size = 10 (default)
2024-03-04 13:05:26,182 [main] INFO  netty.NettyConfigKeys$DataStream (ConfUtils.java:logGet(46)) - raft.netty.dataStream.server.use-epoll = true (default)
2024-03-04 13:05:26,182 [main] INFO  netty.NettyConfigKeys$DataStream (ConfUtils.java:logGet(46)) - raft.netty.dataStream.server.boss-group.size = 0 (default)
2024-03-04 13:05:26,182 [main] INFO  netty.NettyUtils (NettyUtils.java:newEventLoopGroup(69)) - Create EpollEventLoopGroup for 030b8962-d3aa-491b-960b-91563df5eb7e-NettyServerStreamRpc-bossGroup; Thread size is 0.
2024-03-04 13:05:26,182 [main] INFO  netty.NettyConfigKeys$DataStream (ConfUtils.java:logGet(46)) - raft.netty.dataStream.server.worker-group.size = 0 (default)
2024-03-04 13:05:26,182 [main] INFO  netty.NettyUtils (NettyUtils.java:newEventLoopGroup(69)) - Create EpollEventLoopGroup for 030b8962-d3aa-491b-960b-91563df5eb7e-NettyServerStreamRpc-workerGroup; Thread size is 0.
2024-03-04 13:05:26,182 [main] INFO  netty.NettyConfigKeys$DataStream (ConfUtils.java:logGet(46)) - raft.netty.dataStream.server.tls.conf = null (default)
2024-03-04 13:05:26,182 [main] INFO  netty.NettyConfigKeys$DataStream (ConfUtils.java:logGet(46)) - raft.netty.dataStream.host = null (default)
2024-03-04 13:05:26,182 [main] INFO  netty.NettyConfigKeys$DataStream (ConfUtils.java:logGet(46)) - raft.netty.dataStream.port = 15281 (custom)
2024-03-04 13:05:26,183 [main] INFO  server.RaftServerConfigKeys (ConfUtils.java:logGet(46)) - raft.server.sleep.deviation.threshold = 300ms (default)
2024-03-04 13:05:26,183 [030b8962-d3aa-491b-960b-91563df5eb7e-NettyServerStreamRpc-bossGroup--thread1] INFO  logging.LoggingHandler (AbstractInternalLogger.java:log(148)) - [id: 0x665e9cd6] REGISTERED
2024-03-04 13:05:26,183 [main] INFO  server.RaftServerConfigKeys (ConfUtils.java:logGet(46)) - raft.server.close.threshold = 60s (default)
2024-03-04 13:05:26,183 [030b8962-d3aa-491b-960b-91563df5eb7e-NettyServerStreamRpc-bossGroup--thread1] INFO  logging.LoggingHandler (AbstractInternalLogger.java:log(148)) - [id: 0x665e9cd6] BIND: 0.0.0.0/0.0.0.0:15281
2024-03-04 13:05:26,183 [main] INFO  server.RaftServerConfigKeys (ConfUtils.java:logGet(46)) - raft.server.leaderelection.leader.step-down.wait-time = 10s (default)
2024-03-04 13:05:26,183 [030b8962-d3aa-491b-960b-91563df5eb7e-NettyServerStreamRpc-bossGroup--thread1] INFO  logging.LoggingHandler (AbstractInternalLogger.java:log(148)) - [id: 0x665e9cd6, L:/0.0.0.0:15281] ACTIVE
2024-03-04 13:05:26,183 [main] INFO  server.RaftServerConfigKeys (ConfUtils.java:logGet(46)) - raft.server.storage.dir = [/home/runner/work/ozone/ozone/hadoop-ozone/integration-test/target/test-dir/MiniOzoneClusterImpl-6b98b79e-1748-4853-9fc9-d757899c3dd5/ozone-meta/datanode-1/ratis] (custom)
2024-03-04 13:05:26,184 [main] INFO  server.RaftServerConfigKeys (ConfUtils.java:logGet(46)) - raft.server.threadpool.proxy.cached = true (default)
2024-03-04 13:05:26,184 [main] INFO  server.RaftServerConfigKeys (ConfUtils.java:logGet(46)) - raft.server.threadpool.proxy.size = 0 (default)
2024-03-04 13:05:26,184 [030b8962-d3aa-491b-960b-91563df5eb7e-impl-thread1] INFO  server.RaftServer (RaftServerProxy.java:initGroupDir(264)) - 030b8962-d3aa-491b-960b-91563df5eb7e: found a subdirectory /home/runner/work/ozone/ozone/hadoop-ozone/integration-test/target/test-dir/MiniOzoneClusterImpl-6b98b79e-1748-4853-9fc9-d757899c3dd5/ozone-meta/datanode-1/ratis/tmp
2024-03-04 13:05:26,184 [030b8962-d3aa-491b-960b-91563df5eb7e-impl-thread1] INFO  server.RaftServer (RaftServerProxy.java:initGroupDir(269)) - 030b8962-d3aa-491b-960b-91563df5eb7e: The directory /home/runner/work/ozone/ozone/hadoop-ozone/integration-test/target/test-dir/MiniOzoneClusterImpl-6b98b79e-1748-4853-9fc9-d757899c3dd5/ozone-meta/datanode-1/ratis/tmp is not a group directory; ignoring it. 
2024-03-04 13:05:26,184 [main] INFO  replication.ReplicationServer (ReplicationServer.java:<init>(86)) - Initializing replication server with thread count = 10 queue length = 4096
2024-03-04 13:05:26,185 [main] INFO  server.XceiverServerGrpc (XceiverServerGrpc.java:<init>(141)) - GrpcServer channel type EpollServerSocketChannel
2024-03-04 13:05:26,186 [main] INFO  replication.ReplicationSupervisor (ReplicationSupervisor.java:build(163)) - Initializing replication supervisor with thread count = 10
2024-03-04 13:05:26,186 [main] INFO  replication.ReplicationSupervisor (ReplicationSupervisor.java:nodeStateUpdated(317)) - Node state updated to IN_SERVICE, scaling executor pool size to 10
2024-03-04 13:05:26,187 [main] INFO  http.BaseHttpServer (BaseHttpServer.java:newHttpServer2BuilderForOzone(223)) - Starting Web-server for hddsDatanode at: http://0.0.0.0:15275
2024-03-04 13:05:26,187 [main] INFO  http.BaseHttpServer (BaseHttpServer.java:<init>(110)) - Hadoop Security Enabled: false Ozone Security Enabled: false Ozone HTTP Security Enabled: false 
2024-03-04 13:05:26,188 [main] WARN  server.AuthenticationFilter (AuthenticationFilter.java:constructSecretProvider(240)) - Unable to initialize FileSignerSecretProvider, falling back to use random secrets. Reason: Could not read signature secret file: /home/runner/hadoop-http-auth-signature-secret
2024-03-04 13:05:26,189 [main] INFO  http.HttpRequestLog (HttpRequestLog.java:getRequestLog(86)) - Http request log for http.requests.hddsDatanode is not defined
2024-03-04 13:05:26,189 [main] INFO  http.HttpServer2 (HttpServer2.java:addGlobalFilter(1036)) - Added global filter 'safety' (class=org.apache.hadoop.hdds.server.http.HttpServer2$QuotingInputFilter)
2024-03-04 13:05:26,190 [main] INFO  http.HttpServer2 (HttpServer2.java:addFilter(1012)) - Added filter static_user_filter (class=org.apache.hadoop.http.lib.StaticUserWebFilter$StaticUserFilter) to context hddsDatanode
2024-03-04 13:05:26,190 [main] INFO  http.HttpServer2 (HttpServer2.java:addFilter(1020)) - Added filter static_user_filter (class=org.apache.hadoop.http.lib.StaticUserWebFilter$StaticUserFilter) to context static
2024-03-04 13:05:26,190 [main] INFO  http.HttpServer2 (HttpServer2.java:addFilter(1020)) - Added filter static_user_filter (class=org.apache.hadoop.http.lib.StaticUserWebFilter$StaticUserFilter) to context logs
2024-03-04 13:05:26,190 [main] INFO  http.BaseHttpServer (BaseHttpServer.java:<init>(189)) - HTTP server of hddsDatanode uses base directory /home/runner/work/ozone/ozone/hadoop-ozone/integration-test/target/test-dir/MiniOzoneClusterImpl-6b98b79e-1748-4853-9fc9-d757899c3dd5/ozone-meta/datanode-1/meta/webserver
2024-03-04 13:05:26,191 [main] INFO  http.HttpServer2 (HttpServer2.java:bindListener(1236)) - Jetty bound to port 15275
2024-03-04 13:05:26,191 [main] INFO  server.Server (Server.java:doStart(375)) - jetty-9.4.53.v20231009; built: 2023-10-09T12:29:09.265Z; git: 27bde00a0b95a1d5bbee0eae7984f891d2d0f8c9; jvm 1.8.0_402-b06
2024-03-04 13:05:26,192 [main] INFO  server.session (DefaultSessionIdManager.java:doStart(334)) - DefaultSessionIdManager workerName=node0
2024-03-04 13:05:26,192 [main] INFO  server.session (DefaultSessionIdManager.java:doStart(339)) - No SessionScavenger set, using defaults
2024-03-04 13:05:26,192 [main] INFO  server.session (HouseKeeper.java:startScavenging(132)) - node0 Scavenging every 660000ms
2024-03-04 13:05:26,192 [main] INFO  handler.ContextHandler (ContextHandler.java:doStart(921)) - Started o.e.j.s.ServletContextHandler@10f363c8{logs,/logs,file:///home/runner/work/ozone/ozone/hadoop-ozone/integration-test/target/log,AVAILABLE}
2024-03-04 13:05:26,193 [main] INFO  handler.ContextHandler (ContextHandler.java:doStart(921)) - Started o.e.j.s.ServletContextHandler@7d6533b0{static,/static,jar:file:/home/runner/.m2/repository/org/apache/ozone/hdds-container-service/1.5.0-SNAPSHOT/hdds-container-service-1.5.0-SNAPSHOT.jar!/webapps/static,AVAILABLE}
2024-03-04 13:05:26,226 [main] INFO  handler.ContextHandler (ContextHandler.java:doStart(921)) - Started o.e.j.w.WebAppContext@3123fb56{hddsDatanode,/,file:///home/runner/work/ozone/ozone/hadoop-ozone/integration-test/target/test-dir/MiniOzoneClusterImpl-6b98b79e-1748-4853-9fc9-d757899c3dd5/ozone-meta/datanode-1/meta/webserver/jetty-0_0_0_0-15275-hdds-container-service-1_5_0-SNAPSHOT_jar-_-any-6620477355690323826/webapp/,AVAILABLE}{jar:file:/home/runner/.m2/repository/org/apache/ozone/hdds-container-service/1.5.0-SNAPSHOT/hdds-container-service-1.5.0-SNAPSHOT.jar!/webapps/hddsDatanode}
2024-03-04 13:05:26,227 [main] INFO  server.AbstractConnector (AbstractConnector.java:doStart(333)) - Started ServerConnector@5ce30d7c{HTTP/1.1, (http/1.1)}{0.0.0.0:15275}
2024-03-04 13:05:26,227 [main] INFO  server.Server (Server.java:doStart(415)) - Started @821811ms
2024-03-04 13:05:26,227 [main] WARN  impl.MetricsSystemImpl (MetricsSystemImpl.java:register(279)) - Sink prometheus already exists!
2024-03-04 13:05:26,228 [main] INFO  http.BaseHttpServer (BaseHttpServer.java:updateConnectorAddress(354)) - HTTP server of hddsDatanode listening at http://0.0.0.0:15275
2024-03-04 13:05:26,228 [main] INFO  ipc.CallQueueManager (CallQueueManager.java:<init>(90)) - Using callQueue: class java.util.concurrent.LinkedBlockingQueue, queueCapacity: 100, scheduler: class org.apache.hadoop.ipc.DefaultRpcScheduler, ipcBackoff: false.
2024-03-04 13:05:26,228 [main] INFO  ipc.Server (Server.java:<init>(1287)) - Listener at 0.0.0.0:15276
2024-03-04 13:05:26,229 [Socket Reader #1 for port 15276] INFO  ipc.Server (Server.java:run(1323)) - Starting Socket Reader #1 for port 15276
2024-03-04 13:05:26,233 [main] INFO  ozone.HddsDatanodeService (HddsDatanodeService.java:start(327)) - Datanode start with admins: [*, runner]
2024-03-04 13:05:26,234 [main] INFO  ozone.HddsDatanodeClientProtocolServer (HddsDatanodeClientProtocolServer.java:start(77)) - RPC server for Client /0.0.0.0:15276
2024-03-04 13:05:26,234 [IPC Server Responder] INFO  ipc.Server (Server.java:run(1562)) - IPC Server Responder: starting
2024-03-04 13:05:26,234 [IPC Server listener on 15276] INFO  ipc.Server (Server.java:run(1402)) - IPC Server listener on 15276: starting
2024-03-04 13:05:26,236 [030b8962-d3aa-491b-960b-91563df5eb7e-DatanodeStateMachineDaemonThread] INFO  statemachine.DatanodeStateMachine (DatanodeStateMachine.java:lambda$startDaemon$1(555)) - Ozone container server started.
2024-03-04 13:05:26,236 [main] WARN  dropwizard3.Dm3MetricRegistriesImpl (Dm3MetricRegistriesImpl.java:addReporterRegistration(113)) - New reporters are added after registries were created. Some metrics will be missing from the reporter. Please add reporter before adding any new registry.
2024-03-04 13:05:26,236 [main] WARN  dropwizard3.Dm3MetricRegistriesImpl (Dm3MetricRegistriesImpl.java:addReporterRegistration(113)) - New reporters are added after registries were created. Some metrics will be missing from the reporter. Please add reporter before adding any new registry.
2024-03-04 13:05:26,237 [main] INFO  impl.MetricsSystemImpl (MetricsSystemImpl.java:init(158)) - HddsDatanode metrics system started (again)
2024-03-04 13:05:26,240 [030b8962-d3aa-491b-960b-91563df5eb7e-DatanodeStateMachineTaskThread-0] INFO  datanode.InitDatanodeState (InitDatanodeState.java:persistContainerDatanodeDetails(139)) - DatanodeDetails is persisted to /home/runner/work/ozone/ozone/hadoop-ozone/integration-test/target/test-dir/MiniOzoneClusterImpl-6b98b79e-1748-4853-9fc9-d757899c3dd5/ozone-meta/datanode-1/meta/datanode.id
2024-03-04 13:05:26,246 [main] INFO  ozone.HddsDatanodeService (HddsDatanodeService.java:start(240)) - HddsDatanodeService host:fv-az571-795.sssw3dgiwi1e5jwxh1zizygaca.bx.internal.cloudapp.net ip:10.1.0.12
2024-03-04 13:05:26,259 [main] INFO  upgrade.AbstractLayoutVersionManager (AbstractLayoutVersionManager.java:init(83)) - Initializing Layout version manager with metadata layout = HADOOP_PRC_PORTS_IN_DATANODEDETAILS (version = 7), software layout = HADOOP_PRC_PORTS_IN_DATANODEDETAILS (version = 7)
2024-03-04 13:05:26,260 [main] INFO  statemachine.DatanodeStateMachine (DatanodeStateMachine.java:getEndPointTaskThreadPoolSize(299)) - Datanode State Machine Task Thread Pool size 2
2024-03-04 13:05:26,260 [main] INFO  volume.HddsVolume (HddsVolume.java:<init>(125)) - Creating HddsVolume: /home/runner/work/ozone/ozone/hadoop-ozone/integration-test/target/test-dir/MiniOzoneClusterImpl-6b98b79e-1748-4853-9fc9-d757899c3dd5/ozone-meta/datanode-2/data-0/hdds of storage type : DISK capacity : 9223372036854775807
2024-03-04 13:05:26,261 [main] INFO  volume.MutableVolumeSet (MutableVolumeSet.java:initializeVolumeSet(173)) - Added Volume : /home/runner/work/ozone/ozone/hadoop-ozone/integration-test/target/test-dir/MiniOzoneClusterImpl-6b98b79e-1748-4853-9fc9-d757899c3dd5/ozone-meta/datanode-2/data-0/hdds to VolumeSet
2024-03-04 13:05:26,261 [main] INFO  volume.MutableVolumeSet (MutableVolumeSet.java:initializeVolumeSet(173)) - Added Volume : /home/runner/work/ozone/ozone/hadoop-ozone/integration-test/target/test-dir/MiniOzoneClusterImpl-6b98b79e-1748-4853-9fc9-d757899c3dd5/ozone-meta/datanode-2/ratis to VolumeSet
2024-03-04 13:05:26,262 [main] INFO  ozoneimpl.OzoneContainer (HddsVolumeUtil.java:loadAllHddsVolumeDbStore(103)) - Load 1 volumes DbStore cost: 1ms
2024-03-04 13:05:26,263 [main] INFO  server.RaftServer (ConfUtils.java:logGet(46)) - raft.rpc.type = GRPC (default)
2024-03-04 13:05:26,263 [main] INFO  grpc.GrpcConfigKeys (ConfUtils.java:logFallback(53)) - raft.grpc.admin.host = null (fallback to raft.grpc.server.host)
2024-03-04 13:05:26,263 [main] INFO  grpc.GrpcConfigKeys (ConfUtils.java:logGet(46)) - raft.grpc.admin.port = 15288 (custom)
2024-03-04 13:05:26,263 [main] INFO  grpc.GrpcConfigKeys (ConfUtils.java:logFallback(53)) - raft.grpc.client.host = null (fallback to raft.grpc.server.host)
2024-03-04 13:05:26,263 [main] INFO  grpc.GrpcConfigKeys (ConfUtils.java:logGet(46)) - raft.grpc.client.port = 15287 (custom)
2024-03-04 13:05:26,264 [main] INFO  grpc.GrpcConfigKeys (ConfUtils.java:logGet(46)) - raft.grpc.server.host = null (default)
2024-03-04 13:05:26,264 [main] INFO  grpc.GrpcConfigKeys (ConfUtils.java:logGet(46)) - raft.grpc.server.port = 15289 (custom)
2024-03-04 13:05:26,264 [main] INFO  server.GrpcService (ConfUtils.java:logGet(46)) - raft.grpc.message.size.max = 32MB (=33554432) (custom)
2024-03-04 13:05:26,264 [main] INFO  server.RaftServerConfigKeys (ConfUtils.java:logGet(46)) - raft.server.log.appender.buffer.byte-limit = 8388608 (custom)
2024-03-04 13:05:26,264 [main] INFO  server.GrpcService (ConfUtils.java:logGet(46)) - raft.grpc.flow.control.window = 5MB (=5242880) (custom)
2024-03-04 13:05:26,264 [main] INFO  server.RaftServerConfigKeys (ConfUtils.java:logGet(46)) - raft.server.rpc.request.timeout = 60s (custom)
2024-03-04 13:05:26,264 [main] INFO  grpc.GrpcConfigKeys (ConfUtils.java:logGet(46)) - raft.grpc.server.heartbeat.channel = true (default)
2024-03-04 13:05:26,264 [main] INFO  grpc.GrpcConfigKeys (ConfUtils.java:logGet(46)) - raft.grpc.server.async.request.thread.pool.cached = true (default)
2024-03-04 13:05:26,265 [main] INFO  grpc.GrpcConfigKeys (ConfUtils.java:logGet(46)) - raft.grpc.server.async.request.thread.pool.size = 32 (default)
2024-03-04 13:05:26,266 [main] INFO  impl.DataStreamServerImpl (ConfUtils.java:logGet(46)) - raft.datastream.type = NETTY (custom)
2024-03-04 13:05:26,266 [main] INFO  server.RaftServerConfigKeys (ConfUtils.java:logGet(46)) - raft.server.data-stream.async.request.thread.pool.cached = false (default)
2024-03-04 13:05:26,266 [main] INFO  server.RaftServerConfigKeys (ConfUtils.java:logGet(46)) - raft.server.data-stream.async.request.thread.pool.size = 20 (custom)
2024-03-04 13:05:26,266 [main] INFO  server.RaftServerConfigKeys (ConfUtils.java:logGet(46)) - raft.server.data-stream.async.write.thread.pool.size = 16 (default)
2024-03-04 13:05:26,267 [main] INFO  netty.NettyConfigKeys$DataStream (ConfUtils.java:logGet(46)) - raft.netty.dataStream.server.channel.inactive.grace-period = 10min (default)
2024-03-04 13:05:26,267 [main] INFO  server.RaftServerConfigKeys (ConfUtils.java:logGet(46)) - raft.server.data-stream.client.pool.size = 10 (default)
2024-03-04 13:05:26,267 [main] INFO  netty.NettyConfigKeys$DataStream (ConfUtils.java:logGet(46)) - raft.netty.dataStream.server.use-epoll = true (default)
2024-03-04 13:05:26,267 [main] INFO  netty.NettyConfigKeys$DataStream (ConfUtils.java:logGet(46)) - raft.netty.dataStream.server.boss-group.size = 0 (default)
2024-03-04 13:05:26,267 [main] INFO  netty.NettyUtils (NettyUtils.java:newEventLoopGroup(69)) - Create EpollEventLoopGroup for 507f219d-b643-4f6d-9e61-19483d6f1b1a-NettyServerStreamRpc-bossGroup; Thread size is 0.
2024-03-04 13:05:26,267 [main] INFO  netty.NettyConfigKeys$DataStream (ConfUtils.java:logGet(46)) - raft.netty.dataStream.server.worker-group.size = 0 (default)
2024-03-04 13:05:26,267 [main] INFO  netty.NettyUtils (NettyUtils.java:newEventLoopGroup(69)) - Create EpollEventLoopGroup for 507f219d-b643-4f6d-9e61-19483d6f1b1a-NettyServerStreamRpc-workerGroup; Thread size is 0.
2024-03-04 13:05:26,268 [main] INFO  netty.NettyConfigKeys$DataStream (ConfUtils.java:logGet(46)) - raft.netty.dataStream.server.tls.conf = null (default)
2024-03-04 13:05:26,268 [main] INFO  netty.NettyConfigKeys$DataStream (ConfUtils.java:logGet(46)) - raft.netty.dataStream.host = null (default)
2024-03-04 13:05:26,268 [main] INFO  netty.NettyConfigKeys$DataStream (ConfUtils.java:logGet(46)) - raft.netty.dataStream.port = 15290 (custom)
2024-03-04 13:05:26,268 [main] INFO  server.RaftServerConfigKeys (ConfUtils.java:logGet(46)) - raft.server.sleep.deviation.threshold = 300ms (default)
2024-03-04 13:05:26,268 [main] INFO  server.RaftServerConfigKeys (ConfUtils.java:logGet(46)) - raft.server.close.threshold = 60s (default)
2024-03-04 13:05:26,268 [507f219d-b643-4f6d-9e61-19483d6f1b1a-NettyServerStreamRpc-bossGroup--thread1] INFO  logging.LoggingHandler (AbstractInternalLogger.java:log(148)) - [id: 0xb82eb6f6] REGISTERED
2024-03-04 13:05:26,268 [main] INFO  server.RaftServerConfigKeys (ConfUtils.java:logGet(46)) - raft.server.leaderelection.leader.step-down.wait-time = 10s (default)
2024-03-04 13:05:26,268 [507f219d-b643-4f6d-9e61-19483d6f1b1a-NettyServerStreamRpc-bossGroup--thread1] INFO  logging.LoggingHandler (AbstractInternalLogger.java:log(148)) - [id: 0xb82eb6f6] BIND: 0.0.0.0/0.0.0.0:15290
2024-03-04 13:05:26,269 [main] INFO  server.RaftServerConfigKeys (ConfUtils.java:logGet(46)) - raft.server.storage.dir = [/home/runner/work/ozone/ozone/hadoop-ozone/integration-test/target/test-dir/MiniOzoneClusterImpl-6b98b79e-1748-4853-9fc9-d757899c3dd5/ozone-meta/datanode-2/ratis] (custom)
2024-03-04 13:05:26,269 [507f219d-b643-4f6d-9e61-19483d6f1b1a-NettyServerStreamRpc-bossGroup--thread1] INFO  logging.LoggingHandler (AbstractInternalLogger.java:log(148)) - [id: 0xb82eb6f6, L:/0.0.0.0:15290] ACTIVE
2024-03-04 13:05:26,269 [main] INFO  server.RaftServerConfigKeys (ConfUtils.java:logGet(46)) - raft.server.threadpool.proxy.cached = true (default)
2024-03-04 13:05:26,269 [main] INFO  server.RaftServerConfigKeys (ConfUtils.java:logGet(46)) - raft.server.threadpool.proxy.size = 0 (default)
2024-03-04 13:05:26,269 [507f219d-b643-4f6d-9e61-19483d6f1b1a-impl-thread1] INFO  server.RaftServer (RaftServerProxy.java:initGroupDir(264)) - 507f219d-b643-4f6d-9e61-19483d6f1b1a: found a subdirectory /home/runner/work/ozone/ozone/hadoop-ozone/integration-test/target/test-dir/MiniOzoneClusterImpl-6b98b79e-1748-4853-9fc9-d757899c3dd5/ozone-meta/datanode-2/ratis/tmp
2024-03-04 13:05:26,269 [507f219d-b643-4f6d-9e61-19483d6f1b1a-impl-thread1] INFO  server.RaftServer (RaftServerProxy.java:initGroupDir(269)) - 507f219d-b643-4f6d-9e61-19483d6f1b1a: The directory /home/runner/work/ozone/ozone/hadoop-ozone/integration-test/target/test-dir/MiniOzoneClusterImpl-6b98b79e-1748-4853-9fc9-d757899c3dd5/ozone-meta/datanode-2/ratis/tmp is not a group directory; ignoring it. 
2024-03-04 13:05:26,269 [main] INFO  replication.ReplicationServer (ReplicationServer.java:<init>(86)) - Initializing replication server with thread count = 10 queue length = 4096
2024-03-04 13:05:26,270 [main] INFO  server.XceiverServerGrpc (XceiverServerGrpc.java:<init>(141)) - GrpcServer channel type EpollServerSocketChannel
2024-03-04 13:05:26,271 [main] INFO  replication.ReplicationSupervisor (ReplicationSupervisor.java:build(163)) - Initializing replication supervisor with thread count = 10
2024-03-04 13:05:26,271 [main] INFO  replication.ReplicationSupervisor (ReplicationSupervisor.java:nodeStateUpdated(317)) - Node state updated to IN_SERVICE, scaling executor pool size to 10
2024-03-04 13:05:26,272 [main] INFO  http.BaseHttpServer (BaseHttpServer.java:newHttpServer2BuilderForOzone(223)) - Starting Web-server for hddsDatanode at: http://0.0.0.0:15284
2024-03-04 13:05:26,272 [main] INFO  http.BaseHttpServer (BaseHttpServer.java:<init>(110)) - Hadoop Security Enabled: false Ozone Security Enabled: false Ozone HTTP Security Enabled: false 
2024-03-04 13:05:26,273 [main] WARN  server.AuthenticationFilter (AuthenticationFilter.java:constructSecretProvider(240)) - Unable to initialize FileSignerSecretProvider, falling back to use random secrets. Reason: Could not read signature secret file: /home/runner/hadoop-http-auth-signature-secret
2024-03-04 13:05:26,273 [main] INFO  http.HttpRequestLog (HttpRequestLog.java:getRequestLog(86)) - Http request log for http.requests.hddsDatanode is not defined
2024-03-04 13:05:26,274 [main] INFO  http.HttpServer2 (HttpServer2.java:addGlobalFilter(1036)) - Added global filter 'safety' (class=org.apache.hadoop.hdds.server.http.HttpServer2$QuotingInputFilter)
2024-03-04 13:05:26,274 [main] INFO  http.HttpServer2 (HttpServer2.java:addFilter(1012)) - Added filter static_user_filter (class=org.apache.hadoop.http.lib.StaticUserWebFilter$StaticUserFilter) to context hddsDatanode
2024-03-04 13:05:26,274 [main] INFO  http.HttpServer2 (HttpServer2.java:addFilter(1020)) - Added filter static_user_filter (class=org.apache.hadoop.http.lib.StaticUserWebFilter$StaticUserFilter) to context static
2024-03-04 13:05:26,274 [main] INFO  http.HttpServer2 (HttpServer2.java:addFilter(1020)) - Added filter static_user_filter (class=org.apache.hadoop.http.lib.StaticUserWebFilter$StaticUserFilter) to context logs
2024-03-04 13:05:26,274 [main] INFO  http.BaseHttpServer (BaseHttpServer.java:<init>(189)) - HTTP server of hddsDatanode uses base directory /home/runner/work/ozone/ozone/hadoop-ozone/integration-test/target/test-dir/MiniOzoneClusterImpl-6b98b79e-1748-4853-9fc9-d757899c3dd5/ozone-meta/datanode-2/meta/webserver
2024-03-04 13:05:26,275 [main] INFO  http.HttpServer2 (HttpServer2.java:bindListener(1236)) - Jetty bound to port 15284
2024-03-04 13:05:26,275 [main] INFO  server.Server (Server.java:doStart(375)) - jetty-9.4.53.v20231009; built: 2023-10-09T12:29:09.265Z; git: 27bde00a0b95a1d5bbee0eae7984f891d2d0f8c9; jvm 1.8.0_402-b06
2024-03-04 13:05:26,275 [main] INFO  server.session (DefaultSessionIdManager.java:doStart(334)) - DefaultSessionIdManager workerName=node0
2024-03-04 13:05:26,275 [main] INFO  server.session (DefaultSessionIdManager.java:doStart(339)) - No SessionScavenger set, using defaults
2024-03-04 13:05:26,276 [main] INFO  server.session (HouseKeeper.java:startScavenging(132)) - node0 Scavenging every 660000ms
2024-03-04 13:05:26,276 [main] INFO  handler.ContextHandler (ContextHandler.java:doStart(921)) - Started o.e.j.s.ServletContextHandler@5ab5f0d9{logs,/logs,file:///home/runner/work/ozone/ozone/hadoop-ozone/integration-test/target/log,AVAILABLE}
2024-03-04 13:05:26,276 [main] INFO  handler.ContextHandler (ContextHandler.java:doStart(921)) - Started o.e.j.s.ServletContextHandler@45d241c7{static,/static,jar:file:/home/runner/.m2/repository/org/apache/ozone/hdds-container-service/1.5.0-SNAPSHOT/hdds-container-service-1.5.0-SNAPSHOT.jar!/webapps/static,AVAILABLE}
2024-03-04 13:05:26,307 [main] INFO  handler.ContextHandler (ContextHandler.java:doStart(921)) - Started o.e.j.w.WebAppContext@5b0fd924{hddsDatanode,/,file:///home/runner/work/ozone/ozone/hadoop-ozone/integration-test/target/test-dir/MiniOzoneClusterImpl-6b98b79e-1748-4853-9fc9-d757899c3dd5/ozone-meta/datanode-2/meta/webserver/jetty-0_0_0_0-15284-hdds-container-service-1_5_0-SNAPSHOT_jar-_-any-2883940763068360252/webapp/,AVAILABLE}{jar:file:/home/runner/.m2/repository/org/apache/ozone/hdds-container-service/1.5.0-SNAPSHOT/hdds-container-service-1.5.0-SNAPSHOT.jar!/webapps/hddsDatanode}
2024-03-04 13:05:26,309 [main] INFO  server.AbstractConnector (AbstractConnector.java:doStart(333)) - Started ServerConnector@b2482f6{HTTP/1.1, (http/1.1)}{0.0.0.0:15284}
2024-03-04 13:05:26,309 [main] INFO  server.Server (Server.java:doStart(415)) - Started @821893ms
2024-03-04 13:05:26,309 [main] WARN  impl.MetricsSystemImpl (MetricsSystemImpl.java:register(279)) - Sink prometheus already exists!
2024-03-04 13:05:26,310 [main] INFO  http.BaseHttpServer (BaseHttpServer.java:updateConnectorAddress(354)) - HTTP server of hddsDatanode listening at http://0.0.0.0:15284
2024-03-04 13:05:26,310 [main] INFO  ipc.CallQueueManager (CallQueueManager.java:<init>(90)) - Using callQueue: class java.util.concurrent.LinkedBlockingQueue, queueCapacity: 100, scheduler: class org.apache.hadoop.ipc.DefaultRpcScheduler, ipcBackoff: false.
2024-03-04 13:05:26,310 [main] INFO  ipc.Server (Server.java:<init>(1287)) - Listener at 0.0.0.0:15285
2024-03-04 13:05:26,311 [Socket Reader #1 for port 15285] INFO  ipc.Server (Server.java:run(1323)) - Starting Socket Reader #1 for port 15285
2024-03-04 13:05:26,321 [main] INFO  ozone.HddsDatanodeService (HddsDatanodeService.java:start(327)) - Datanode start with admins: [*, runner]
2024-03-04 13:05:26,327 [main] INFO  ozone.HddsDatanodeClientProtocolServer (HddsDatanodeClientProtocolServer.java:start(77)) - RPC server for Client /0.0.0.0:15285
2024-03-04 13:05:26,327 [IPC Server Responder] INFO  ipc.Server (Server.java:run(1562)) - IPC Server Responder: starting
2024-03-04 13:05:26,328 [IPC Server listener on 15285] INFO  ipc.Server (Server.java:run(1402)) - IPC Server listener on 15285: starting
2024-03-04 13:05:26,329 [507f219d-b643-4f6d-9e61-19483d6f1b1a-DatanodeStateMachineDaemonThread] INFO  statemachine.DatanodeStateMachine (DatanodeStateMachine.java:lambda$startDaemon$1(555)) - Ozone container server started.
2024-03-04 13:05:26,329 [main] WARN  dropwizard3.Dm3MetricRegistriesImpl (Dm3MetricRegistriesImpl.java:addReporterRegistration(113)) - New reporters are added after registries were created. Some metrics will be missing from the reporter. Please add reporter before adding any new registry.
2024-03-04 13:05:26,331 [main] WARN  dropwizard3.Dm3MetricRegistriesImpl (Dm3MetricRegistriesImpl.java:addReporterRegistration(113)) - New reporters are added after registries were created. Some metrics will be missing from the reporter. Please add reporter before adding any new registry.
2024-03-04 13:05:26,331 [main] INFO  impl.MetricsSystemImpl (MetricsSystemImpl.java:init(158)) - HddsDatanode metrics system started (again)
2024-03-04 13:05:26,334 [507f219d-b643-4f6d-9e61-19483d6f1b1a-DatanodeStateMachineTaskThread-0] INFO  datanode.InitDatanodeState (InitDatanodeState.java:persistContainerDatanodeDetails(139)) - DatanodeDetails is persisted to /home/runner/work/ozone/ozone/hadoop-ozone/integration-test/target/test-dir/MiniOzoneClusterImpl-6b98b79e-1748-4853-9fc9-d757899c3dd5/ozone-meta/datanode-2/meta/datanode.id
2024-03-04 13:05:26,343 [main] INFO  ozone.HddsDatanodeService (HddsDatanodeService.java:start(240)) - HddsDatanodeService host:fv-az571-795.sssw3dgiwi1e5jwxh1zizygaca.bx.internal.cloudapp.net ip:10.1.0.12
2024-03-04 13:05:26,357 [main] INFO  upgrade.AbstractLayoutVersionManager (AbstractLayoutVersionManager.java:init(83)) - Initializing Layout version manager with metadata layout = HADOOP_PRC_PORTS_IN_DATANODEDETAILS (version = 7), software layout = HADOOP_PRC_PORTS_IN_DATANODEDETAILS (version = 7)
2024-03-04 13:05:26,357 [main] INFO  statemachine.DatanodeStateMachine (DatanodeStateMachine.java:getEndPointTaskThreadPoolSize(299)) - Datanode State Machine Task Thread Pool size 2
2024-03-04 13:05:26,358 [main] INFO  volume.HddsVolume (HddsVolume.java:<init>(125)) - Creating HddsVolume: /home/runner/work/ozone/ozone/hadoop-ozone/integration-test/target/test-dir/MiniOzoneClusterImpl-6b98b79e-1748-4853-9fc9-d757899c3dd5/ozone-meta/datanode-3/data-0/hdds of storage type : DISK capacity : 9223372036854775807
2024-03-04 13:05:26,358 [main] INFO  volume.MutableVolumeSet (MutableVolumeSet.java:initializeVolumeSet(173)) - Added Volume : /home/runner/work/ozone/ozone/hadoop-ozone/integration-test/target/test-dir/MiniOzoneClusterImpl-6b98b79e-1748-4853-9fc9-d757899c3dd5/ozone-meta/datanode-3/data-0/hdds to VolumeSet
2024-03-04 13:05:26,359 [main] INFO  volume.MutableVolumeSet (MutableVolumeSet.java:initializeVolumeSet(173)) - Added Volume : /home/runner/work/ozone/ozone/hadoop-ozone/integration-test/target/test-dir/MiniOzoneClusterImpl-6b98b79e-1748-4853-9fc9-d757899c3dd5/ozone-meta/datanode-3/ratis to VolumeSet
2024-03-04 13:05:26,359 [main] INFO  ozoneimpl.OzoneContainer (HddsVolumeUtil.java:loadAllHddsVolumeDbStore(103)) - Load 1 volumes DbStore cost: 0ms
2024-03-04 13:05:26,360 [main] INFO  server.RaftServer (ConfUtils.java:logGet(46)) - raft.rpc.type = GRPC (default)
2024-03-04 13:05:26,360 [main] INFO  grpc.GrpcConfigKeys (ConfUtils.java:logFallback(53)) - raft.grpc.admin.host = null (fallback to raft.grpc.server.host)
2024-03-04 13:05:26,360 [main] INFO  grpc.GrpcConfigKeys (ConfUtils.java:logGet(46)) - raft.grpc.admin.port = 15297 (custom)
2024-03-04 13:05:26,360 [main] INFO  grpc.GrpcConfigKeys (ConfUtils.java:logFallback(53)) - raft.grpc.client.host = null (fallback to raft.grpc.server.host)
2024-03-04 13:05:26,360 [main] INFO  grpc.GrpcConfigKeys (ConfUtils.java:logGet(46)) - raft.grpc.client.port = 15296 (custom)
2024-03-04 13:05:26,360 [main] INFO  grpc.GrpcConfigKeys (ConfUtils.java:logGet(46)) - raft.grpc.server.host = null (default)
2024-03-04 13:05:26,361 [main] INFO  grpc.GrpcConfigKeys (ConfUtils.java:logGet(46)) - raft.grpc.server.port = 15298 (custom)
2024-03-04 13:05:26,361 [main] INFO  server.GrpcService (ConfUtils.java:logGet(46)) - raft.grpc.message.size.max = 32MB (=33554432) (custom)
2024-03-04 13:05:26,361 [main] INFO  server.RaftServerConfigKeys (ConfUtils.java:logGet(46)) - raft.server.log.appender.buffer.byte-limit = 8388608 (custom)
2024-03-04 13:05:26,361 [main] INFO  server.GrpcService (ConfUtils.java:logGet(46)) - raft.grpc.flow.control.window = 5MB (=5242880) (custom)
2024-03-04 13:05:26,361 [main] INFO  server.RaftServerConfigKeys (ConfUtils.java:logGet(46)) - raft.server.rpc.request.timeout = 60s (custom)
2024-03-04 13:05:26,361 [main] INFO  grpc.GrpcConfigKeys (ConfUtils.java:logGet(46)) - raft.grpc.server.heartbeat.channel = true (default)
2024-03-04 13:05:26,361 [main] INFO  grpc.GrpcConfigKeys (ConfUtils.java:logGet(46)) - raft.grpc.server.async.request.thread.pool.cached = true (default)
2024-03-04 13:05:26,361 [main] INFO  grpc.GrpcConfigKeys (ConfUtils.java:logGet(46)) - raft.grpc.server.async.request.thread.pool.size = 32 (default)
2024-03-04 13:05:26,363 [main] INFO  impl.DataStreamServerImpl (ConfUtils.java:logGet(46)) - raft.datastream.type = NETTY (custom)
2024-03-04 13:05:26,363 [main] INFO  server.RaftServerConfigKeys (ConfUtils.java:logGet(46)) - raft.server.data-stream.async.request.thread.pool.cached = false (default)
2024-03-04 13:05:26,363 [main] INFO  server.RaftServerConfigKeys (ConfUtils.java:logGet(46)) - raft.server.data-stream.async.request.thread.pool.size = 20 (custom)
2024-03-04 13:05:26,363 [main] INFO  server.RaftServerConfigKeys (ConfUtils.java:logGet(46)) - raft.server.data-stream.async.write.thread.pool.size = 16 (default)
2024-03-04 13:05:26,363 [main] INFO  netty.NettyConfigKeys$DataStream (ConfUtils.java:logGet(46)) - raft.netty.dataStream.server.channel.inactive.grace-period = 10min (default)
2024-03-04 13:05:26,363 [main] INFO  server.RaftServerConfigKeys (ConfUtils.java:logGet(46)) - raft.server.data-stream.client.pool.size = 10 (default)
2024-03-04 13:05:26,364 [main] INFO  netty.NettyConfigKeys$DataStream (ConfUtils.java:logGet(46)) - raft.netty.dataStream.server.use-epoll = true (default)
2024-03-04 13:05:26,364 [main] INFO  netty.NettyConfigKeys$DataStream (ConfUtils.java:logGet(46)) - raft.netty.dataStream.server.boss-group.size = 0 (default)
2024-03-04 13:05:26,364 [main] INFO  netty.NettyUtils (NettyUtils.java:newEventLoopGroup(69)) - Create EpollEventLoopGroup for e959d54c-24d7-45fc-984c-db6978067a65-NettyServerStreamRpc-bossGroup; Thread size is 0.
2024-03-04 13:05:26,364 [main] INFO  netty.NettyConfigKeys$DataStream (ConfUtils.java:logGet(46)) - raft.netty.dataStream.server.worker-group.size = 0 (default)
2024-03-04 13:05:26,364 [main] INFO  netty.NettyUtils (NettyUtils.java:newEventLoopGroup(69)) - Create EpollEventLoopGroup for e959d54c-24d7-45fc-984c-db6978067a65-NettyServerStreamRpc-workerGroup; Thread size is 0.
2024-03-04 13:05:26,364 [main] INFO  netty.NettyConfigKeys$DataStream (ConfUtils.java:logGet(46)) - raft.netty.dataStream.server.tls.conf = null (default)
2024-03-04 13:05:26,365 [main] INFO  netty.NettyConfigKeys$DataStream (ConfUtils.java:logGet(46)) - raft.netty.dataStream.host = null (default)
2024-03-04 13:05:26,365 [main] INFO  netty.NettyConfigKeys$DataStream (ConfUtils.java:logGet(46)) - raft.netty.dataStream.port = 15299 (custom)
2024-03-04 13:05:26,365 [main] INFO  server.RaftServerConfigKeys (ConfUtils.java:logGet(46)) - raft.server.sleep.deviation.threshold = 300ms (default)
2024-03-04 13:05:26,365 [e959d54c-24d7-45fc-984c-db6978067a65-NettyServerStreamRpc-bossGroup--thread1] INFO  logging.LoggingHandler (AbstractInternalLogger.java:log(148)) - [id: 0x6e66608f] REGISTERED
2024-03-04 13:05:26,365 [main] INFO  server.RaftServerConfigKeys (ConfUtils.java:logGet(46)) - raft.server.close.threshold = 60s (default)
2024-03-04 13:05:26,365 [e959d54c-24d7-45fc-984c-db6978067a65-NettyServerStreamRpc-bossGroup--thread1] INFO  logging.LoggingHandler (AbstractInternalLogger.java:log(148)) - [id: 0x6e66608f] BIND: 0.0.0.0/0.0.0.0:15299
2024-03-04 13:05:26,365 [main] INFO  server.RaftServerConfigKeys (ConfUtils.java:logGet(46)) - raft.server.leaderelection.leader.step-down.wait-time = 10s (default)
2024-03-04 13:05:26,365 [e959d54c-24d7-45fc-984c-db6978067a65-NettyServerStreamRpc-bossGroup--thread1] INFO  logging.LoggingHandler (AbstractInternalLogger.java:log(148)) - [id: 0x6e66608f, L:/0.0.0.0:15299] ACTIVE
2024-03-04 13:05:26,366 [main] INFO  server.RaftServerConfigKeys (ConfUtils.java:logGet(46)) - raft.server.storage.dir = [/home/runner/work/ozone/ozone/hadoop-ozone/integration-test/target/test-dir/MiniOzoneClusterImpl-6b98b79e-1748-4853-9fc9-d757899c3dd5/ozone-meta/datanode-3/ratis] (custom)
2024-03-04 13:05:26,366 [main] INFO  server.RaftServerConfigKeys (ConfUtils.java:logGet(46)) - raft.server.threadpool.proxy.cached = true (default)
2024-03-04 13:05:26,366 [main] INFO  server.RaftServerConfigKeys (ConfUtils.java:logGet(46)) - raft.server.threadpool.proxy.size = 0 (default)
2024-03-04 13:05:26,366 [e959d54c-24d7-45fc-984c-db6978067a65-impl-thread1] INFO  server.RaftServer (RaftServerProxy.java:initGroupDir(264)) - e959d54c-24d7-45fc-984c-db6978067a65: found a subdirectory /home/runner/work/ozone/ozone/hadoop-ozone/integration-test/target/test-dir/MiniOzoneClusterImpl-6b98b79e-1748-4853-9fc9-d757899c3dd5/ozone-meta/datanode-3/ratis/tmp
2024-03-04 13:05:26,366 [e959d54c-24d7-45fc-984c-db6978067a65-impl-thread1] INFO  server.RaftServer (RaftServerProxy.java:initGroupDir(269)) - e959d54c-24d7-45fc-984c-db6978067a65: The directory /home/runner/work/ozone/ozone/hadoop-ozone/integration-test/target/test-dir/MiniOzoneClusterImpl-6b98b79e-1748-4853-9fc9-d757899c3dd5/ozone-meta/datanode-3/ratis/tmp is not a group directory; ignoring it. 
2024-03-04 13:05:26,366 [main] INFO  replication.ReplicationServer (ReplicationServer.java:<init>(86)) - Initializing replication server with thread count = 10 queue length = 4096
2024-03-04 13:05:26,367 [main] INFO  server.XceiverServerGrpc (XceiverServerGrpc.java:<init>(141)) - GrpcServer channel type EpollServerSocketChannel
2024-03-04 13:05:26,368 [main] INFO  replication.ReplicationSupervisor (ReplicationSupervisor.java:build(163)) - Initializing replication supervisor with thread count = 10
2024-03-04 13:05:26,368 [main] INFO  replication.ReplicationSupervisor (ReplicationSupervisor.java:nodeStateUpdated(317)) - Node state updated to IN_SERVICE, scaling executor pool size to 10
2024-03-04 13:05:26,369 [main] INFO  http.BaseHttpServer (BaseHttpServer.java:newHttpServer2BuilderForOzone(223)) - Starting Web-server for hddsDatanode at: http://0.0.0.0:15293
2024-03-04 13:05:26,369 [main] INFO  http.BaseHttpServer (BaseHttpServer.java:<init>(110)) - Hadoop Security Enabled: false Ozone Security Enabled: false Ozone HTTP Security Enabled: false 
2024-03-04 13:05:26,370 [main] WARN  server.AuthenticationFilter (AuthenticationFilter.java:constructSecretProvider(240)) - Unable to initialize FileSignerSecretProvider, falling back to use random secrets. Reason: Could not read signature secret file: /home/runner/hadoop-http-auth-signature-secret
2024-03-04 13:05:26,370 [main] INFO  http.HttpRequestLog (HttpRequestLog.java:getRequestLog(86)) - Http request log for http.requests.hddsDatanode is not defined
2024-03-04 13:05:26,371 [main] INFO  http.HttpServer2 (HttpServer2.java:addGlobalFilter(1036)) - Added global filter 'safety' (class=org.apache.hadoop.hdds.server.http.HttpServer2$QuotingInputFilter)
2024-03-04 13:05:26,371 [main] INFO  http.HttpServer2 (HttpServer2.java:addFilter(1012)) - Added filter static_user_filter (class=org.apache.hadoop.http.lib.StaticUserWebFilter$StaticUserFilter) to context hddsDatanode
2024-03-04 13:05:26,371 [main] INFO  http.HttpServer2 (HttpServer2.java:addFilter(1020)) - Added filter static_user_filter (class=org.apache.hadoop.http.lib.StaticUserWebFilter$StaticUserFilter) to context static
2024-03-04 13:05:26,371 [main] INFO  http.HttpServer2 (HttpServer2.java:addFilter(1020)) - Added filter static_user_filter (class=org.apache.hadoop.http.lib.StaticUserWebFilter$StaticUserFilter) to context logs
2024-03-04 13:05:26,371 [main] INFO  http.BaseHttpServer (BaseHttpServer.java:<init>(189)) - HTTP server of hddsDatanode uses base directory /home/runner/work/ozone/ozone/hadoop-ozone/integration-test/target/test-dir/MiniOzoneClusterImpl-6b98b79e-1748-4853-9fc9-d757899c3dd5/ozone-meta/datanode-3/meta/webserver
2024-03-04 13:05:26,372 [main] INFO  http.HttpServer2 (HttpServer2.java:bindListener(1236)) - Jetty bound to port 15293
2024-03-04 13:05:26,372 [main] INFO  server.Server (Server.java:doStart(375)) - jetty-9.4.53.v20231009; built: 2023-10-09T12:29:09.265Z; git: 27bde00a0b95a1d5bbee0eae7984f891d2d0f8c9; jvm 1.8.0_402-b06
2024-03-04 13:05:26,372 [main] INFO  server.session (DefaultSessionIdManager.java:doStart(334)) - DefaultSessionIdManager workerName=node0
2024-03-04 13:05:26,373 [main] INFO  server.session (DefaultSessionIdManager.java:doStart(339)) - No SessionScavenger set, using defaults
2024-03-04 13:05:26,373 [main] INFO  server.session (HouseKeeper.java:startScavenging(132)) - node0 Scavenging every 600000ms
2024-03-04 13:05:26,373 [main] INFO  handler.ContextHandler (ContextHandler.java:doStart(921)) - Started o.e.j.s.ServletContextHandler@5e74473a{logs,/logs,file:///home/runner/work/ozone/ozone/hadoop-ozone/integration-test/target/log,AVAILABLE}
2024-03-04 13:05:26,374 [main] INFO  handler.ContextHandler (ContextHandler.java:doStart(921)) - Started o.e.j.s.ServletContextHandler@776e78ab{static,/static,jar:file:/home/runner/.m2/repository/org/apache/ozone/hdds-container-service/1.5.0-SNAPSHOT/hdds-container-service-1.5.0-SNAPSHOT.jar!/webapps/static,AVAILABLE}
2024-03-04 13:05:26,407 [main] INFO  handler.ContextHandler (ContextHandler.java:doStart(921)) - Started o.e.j.w.WebAppContext@2a4bd855{hddsDatanode,/,file:///home/runner/work/ozone/ozone/hadoop-ozone/integration-test/target/test-dir/MiniOzoneClusterImpl-6b98b79e-1748-4853-9fc9-d757899c3dd5/ozone-meta/datanode-3/meta/webserver/jetty-0_0_0_0-15293-hdds-container-service-1_5_0-SNAPSHOT_jar-_-any-489044226799726713/webapp/,AVAILABLE}{jar:file:/home/runner/.m2/repository/org/apache/ozone/hdds-container-service/1.5.0-SNAPSHOT/hdds-container-service-1.5.0-SNAPSHOT.jar!/webapps/hddsDatanode}
2024-03-04 13:05:26,408 [main] INFO  server.AbstractConnector (AbstractConnector.java:doStart(333)) - Started ServerConnector@776c1e9f{HTTP/1.1, (http/1.1)}{0.0.0.0:15293}
2024-03-04 13:05:26,408 [main] INFO  server.Server (Server.java:doStart(415)) - Started @821991ms
2024-03-04 13:05:26,408 [main] WARN  impl.MetricsSystemImpl (MetricsSystemImpl.java:register(279)) - Sink prometheus already exists!
2024-03-04 13:05:26,408 [main] INFO  http.BaseHttpServer (BaseHttpServer.java:updateConnectorAddress(354)) - HTTP server of hddsDatanode listening at http://0.0.0.0:15293
2024-03-04 13:05:26,409 [main] INFO  ipc.CallQueueManager (CallQueueManager.java:<init>(90)) - Using callQueue: class java.util.concurrent.LinkedBlockingQueue, queueCapacity: 100, scheduler: class org.apache.hadoop.ipc.DefaultRpcScheduler, ipcBackoff: false.
2024-03-04 13:05:26,409 [main] INFO  ipc.Server (Server.java:<init>(1287)) - Listener at 0.0.0.0:15294
2024-03-04 13:05:26,409 [Socket Reader #1 for port 15294] INFO  ipc.Server (Server.java:run(1323)) - Starting Socket Reader #1 for port 15294
2024-03-04 13:05:26,409 [omNode-1@group-523986131536-FollowerState] INFO  impl.FollowerState (FollowerState.java:run(143)) - omNode-1@group-523986131536-FollowerState: change to CANDIDATE, lastRpcElapsedTime:1193413258ns, electionTimeout:1193ms
2024-03-04 13:05:26,409 [omNode-1@group-523986131536-FollowerState] INFO  impl.RoleInfo (RoleInfo.java:shutdownFollowerState(110)) - omNode-1: shutdown omNode-1@group-523986131536-FollowerState
2024-03-04 13:05:26,410 [omNode-1@group-523986131536-FollowerState] INFO  server.RaftServer$Division (RaftServerImpl.java:setRole(383)) - omNode-1@group-523986131536: changes role from  FOLLOWER to CANDIDATE at term 0 for changeToCandidate
2024-03-04 13:05:26,410 [omNode-1@group-523986131536-FollowerState] INFO  server.RaftServerConfigKeys (ConfUtils.java:logGet(46)) - raft.server.leaderelection.pre-vote = true (default)
2024-03-04 13:05:26,410 [omNode-1@group-523986131536-FollowerState] INFO  impl.RoleInfo (RoleInfo.java:updateAndGet(139)) - omNode-1: start omNode-1@group-523986131536-LeaderElection57
2024-03-04 13:05:26,412 [omNode-1@group-523986131536-LeaderElection57] INFO  impl.LeaderElection (LeaderElection.java:askForVotes(321)) - omNode-1@group-523986131536-LeaderElection57 PRE_VOTE round 0: submit vote requests at term 0 for -1: peers:[omNode-3|localhost:15273, omNode-1|localhost:15265, omNode-2|localhost:15269]|listeners:[], old=null
2024-03-04 13:05:26,413 [main] INFO  ozone.HddsDatanodeService (HddsDatanodeService.java:start(327)) - Datanode start with admins: [*, runner]
2024-03-04 13:05:26,413 [main] INFO  ozone.HddsDatanodeClientProtocolServer (HddsDatanodeClientProtocolServer.java:start(77)) - RPC server for Client /0.0.0.0:15294
2024-03-04 13:05:26,417 [omNode-1@group-523986131536-LeaderElection57-1] INFO  server.GrpcServerProtocolClient (GrpcServerProtocolClient.java:<init>(65)) - Build channel for omNode-3|localhost:15273
2024-03-04 13:05:26,421 [IPC Server Responder] INFO  ipc.Server (Server.java:run(1562)) - IPC Server Responder: starting
2024-03-04 13:05:26,421 [IPC Server listener on 15294] INFO  ipc.Server (Server.java:run(1402)) - IPC Server listener on 15294: starting
2024-03-04 13:05:26,432 [e959d54c-24d7-45fc-984c-db6978067a65-DatanodeStateMachineDaemonThread] INFO  statemachine.DatanodeStateMachine (DatanodeStateMachine.java:lambda$startDaemon$1(555)) - Ozone container server started.
2024-03-04 13:05:26,432 [main] INFO  ozone.MiniOzoneClusterImpl (MiniOzoneClusterImpl.java:lambda$waitForClusterToBeReady$0(194)) - Waiting for nodes to be ready. Got 0 of 3 DN Heartbeats.
2024-03-04 13:05:26,432 [main] INFO  ozone.MiniOzoneClusterImpl (MiniOzoneClusterImpl.java:lambda$waitForClusterToBeReady$0(197)) - Waiting for cluster to exit safe mode
2024-03-04 13:05:26,432 [main] INFO  ozone.MiniOzoneClusterImpl (MiniOzoneClusterImpl.java:lambda$waitForClusterToBeReady$0(199)) - SCM became leader
2024-03-04 13:05:26,433 [omNode-1@group-523986131536-LeaderElection57] INFO  server.RaftServerConfigKeys (ConfUtils.java:logFallback(53)) - raft.server.rpc.first-election.timeout.min = 1s (fallback to raft.server.rpc.timeout.min)
2024-03-04 13:05:26,433 [omNode-1@group-523986131536-LeaderElection57] INFO  server.RaftServerConfigKeys (ConfUtils.java:logFallback(53)) - raft.server.rpc.first-election.timeout.max = 1200ms (fallback to raft.server.rpc.timeout.max)
2024-03-04 13:05:26,433 [omNode-1@group-523986131536-LeaderElection57-2] INFO  server.GrpcServerProtocolClient (GrpcServerProtocolClient.java:<init>(65)) - Build channel for omNode-2|localhost:15269
2024-03-04 13:05:26,438 [grpc-default-executor-1] INFO  server.RaftServer$Division (RaftServerImpl.java:requestVote(1389)) - omNode-3@group-523986131536: receive requestVote(PRE_VOTE, omNode-1, group-523986131536, 0, (t:0, i:~))
2024-03-04 13:05:26,439 [grpc-default-executor-0] INFO  server.RaftServer$Division (RaftServerImpl.java:requestVote(1389)) - omNode-2@group-523986131536: receive requestVote(PRE_VOTE, omNode-1, group-523986131536, 0, (t:0, i:~))
2024-03-04 13:05:26,439 [grpc-default-executor-0] INFO  impl.VoteContext (VoteContext.java:log(49)) - omNode-2@group-523986131536-FOLLOWER: accept PRE_VOTE from omNode-1: our priority 0 <= candidate's priority 0
2024-03-04 13:05:26,439 [grpc-default-executor-0] INFO  server.RaftServer$Division (RaftServerImpl.java:requestVote(1422)) - omNode-2@group-523986131536 replies to PRE_VOTE vote request: omNode-1<-omNode-2#0:OK-t0. Peer's state: omNode-2@group-523986131536:t0, leader=null, voted=, raftlog=Memoized:omNode-2@group-523986131536-SegmentedRaftLog:OPENED:c-1, conf=-1: peers:[omNode-3|localhost:15273, omNode-1|localhost:15265, omNode-2|localhost:15269]|listeners:[], old=null
2024-03-04 13:05:26,439 [omNode-1@group-523986131536-LeaderElection57] INFO  impl.LeaderElection (LeaderElection.java:logAndReturn(89)) - omNode-1@group-523986131536-LeaderElection57: PRE_VOTE PASSED received 1 response(s) and 0 exception(s):
2024-03-04 13:05:26,439 [omNode-1@group-523986131536-LeaderElection57] INFO  impl.LeaderElection (LeaderElection.java:logAndReturn(93)) -   Response 0: omNode-1<-omNode-2#0:OK-t0
2024-03-04 13:05:26,439 [omNode-1@group-523986131536-LeaderElection57] INFO  impl.LeaderElection (LeaderElection.java:askForVotes(323)) - omNode-1@group-523986131536-LeaderElection57 PRE_VOTE round 0: result PASSED
2024-03-04 13:05:26,439 [grpc-default-executor-1] INFO  impl.VoteContext (VoteContext.java:log(49)) - omNode-3@group-523986131536-FOLLOWER: accept PRE_VOTE from omNode-1: our priority 0 <= candidate's priority 0
2024-03-04 13:05:26,441 [omNode-1@group-523986131536-LeaderElection57] INFO  impl.LeaderElection (LeaderElection.java:askForVotes(321)) - omNode-1@group-523986131536-LeaderElection57 ELECTION round 0: submit vote requests at term 1 for -1: peers:[omNode-3|localhost:15273, omNode-1|localhost:15265, omNode-2|localhost:15269]|listeners:[], old=null
2024-03-04 13:05:26,441 [e959d54c-24d7-45fc-984c-db6978067a65-DatanodeStateMachineTaskThread-0] INFO  datanode.InitDatanodeState (InitDatanodeState.java:persistContainerDatanodeDetails(139)) - DatanodeDetails is persisted to /home/runner/work/ozone/ozone/hadoop-ozone/integration-test/target/test-dir/MiniOzoneClusterImpl-6b98b79e-1748-4853-9fc9-d757899c3dd5/ozone-meta/datanode-3/meta/datanode.id
2024-03-04 13:05:26,441 [omNode-1@group-523986131536-LeaderElection57] INFO  server.RaftServerConfigKeys (ConfUtils.java:logFallback(53)) - raft.server.rpc.first-election.timeout.min = 1s (fallback to raft.server.rpc.timeout.min)
2024-03-04 13:05:26,441 [grpc-default-executor-1] INFO  server.RaftServer$Division (RaftServerImpl.java:requestVote(1422)) - omNode-3@group-523986131536 replies to PRE_VOTE vote request: omNode-1<-omNode-3#0:OK-t0. Peer's state: omNode-3@group-523986131536:t0, leader=null, voted=, raftlog=Memoized:omNode-3@group-523986131536-SegmentedRaftLog:OPENED:c-1, conf=-1: peers:[omNode-3|localhost:15273, omNode-1|localhost:15265, omNode-2|localhost:15269]|listeners:[], old=null
2024-03-04 13:05:26,441 [omNode-1@group-523986131536-LeaderElection57] INFO  server.RaftServerConfigKeys (ConfUtils.java:logFallback(53)) - raft.server.rpc.first-election.timeout.max = 1200ms (fallback to raft.server.rpc.timeout.max)
2024-03-04 13:05:26,442 [grpc-default-executor-1] INFO  server.RaftServer$Division (RaftServerImpl.java:requestVote(1389)) - omNode-3@group-523986131536: receive requestVote(ELECTION, omNode-1, group-523986131536, 1, (t:0, i:~))
2024-03-04 13:05:26,442 [grpc-default-executor-1] INFO  impl.VoteContext (VoteContext.java:log(49)) - omNode-3@group-523986131536-FOLLOWER: accept ELECTION from omNode-1: our priority 0 <= candidate's priority 0
2024-03-04 13:05:26,442 [grpc-default-executor-0] INFO  server.RaftServer$Division (RaftServerImpl.java:requestVote(1389)) - omNode-2@group-523986131536: receive requestVote(ELECTION, omNode-1, group-523986131536, 1, (t:0, i:~))
2024-03-04 13:05:26,442 [grpc-default-executor-1] INFO  server.RaftServer$Division (RaftServerImpl.java:setRole(383)) - omNode-3@group-523986131536: changes role from  FOLLOWER to FOLLOWER at term 1 for candidate:omNode-1
2024-03-04 13:05:26,442 [grpc-default-executor-1] INFO  impl.RoleInfo (RoleInfo.java:shutdownFollowerState(110)) - omNode-3: shutdown omNode-3@group-523986131536-FollowerState
2024-03-04 13:05:26,443 [grpc-default-executor-1] INFO  impl.RoleInfo (RoleInfo.java:updateAndGet(139)) - omNode-3: start omNode-3@group-523986131536-FollowerState
2024-03-04 13:05:26,442 [grpc-default-executor-0] INFO  impl.VoteContext (VoteContext.java:log(49)) - omNode-2@group-523986131536-FOLLOWER: accept ELECTION from omNode-1: our priority 0 <= candidate's priority 0
2024-03-04 13:05:26,443 [grpc-default-executor-1] INFO  server.RaftServer$Division (RaftServerImpl.java:setFirstElection(574)) - omNode-3@group-523986131536: set firstElectionSinceStartup to false for candidate:omNode-1
2024-03-04 13:05:26,443 [grpc-default-executor-0] INFO  server.RaftServer$Division (RaftServerImpl.java:setRole(383)) - omNode-2@group-523986131536: changes role from  FOLLOWER to FOLLOWER at term 1 for candidate:omNode-1
2024-03-04 13:05:26,443 [grpc-default-executor-0] INFO  impl.RoleInfo (RoleInfo.java:shutdownFollowerState(110)) - omNode-2: shutdown omNode-2@group-523986131536-FollowerState
2024-03-04 13:05:26,443 [grpc-default-executor-0] INFO  impl.RoleInfo (RoleInfo.java:updateAndGet(139)) - omNode-2: start omNode-2@group-523986131536-FollowerState
2024-03-04 13:05:26,443 [omNode-3@group-523986131536-FollowerState] INFO  impl.FollowerState (FollowerState.java:run(152)) - omNode-3@group-523986131536-FollowerState was interrupted
2024-03-04 13:05:26,443 [omNode-2@group-523986131536-FollowerState] INFO  impl.FollowerState (FollowerState.java:run(152)) - omNode-2@group-523986131536-FollowerState was interrupted
2024-03-04 13:05:26,443 [grpc-default-executor-0] INFO  server.RaftServer$Division (RaftServerImpl.java:setFirstElection(574)) - omNode-2@group-523986131536: set firstElectionSinceStartup to false for candidate:omNode-1
2024-03-04 13:05:26,444 [grpc-default-executor-1] INFO  server.RaftServer$Division (RaftServerImpl.java:requestVote(1422)) - omNode-3@group-523986131536 replies to ELECTION vote request: omNode-1<-omNode-3#0:OK-t1. Peer's state: omNode-3@group-523986131536:t1, leader=null, voted=omNode-1, raftlog=Memoized:omNode-3@group-523986131536-SegmentedRaftLog:OPENED:c-1, conf=-1: peers:[omNode-3|localhost:15273, omNode-1|localhost:15265, omNode-2|localhost:15269]|listeners:[], old=null
2024-03-04 13:05:26,444 [grpc-default-executor-0] INFO  server.RaftServer$Division (RaftServerImpl.java:requestVote(1422)) - omNode-2@group-523986131536 replies to ELECTION vote request: omNode-1<-omNode-2#0:OK-t1. Peer's state: omNode-2@group-523986131536:t1, leader=null, voted=omNode-1, raftlog=Memoized:omNode-2@group-523986131536-SegmentedRaftLog:OPENED:c-1, conf=-1: peers:[omNode-3|localhost:15273, omNode-1|localhost:15265, omNode-2|localhost:15269]|listeners:[], old=null
2024-03-04 13:05:26,444 [omNode-1@group-523986131536-LeaderElection57] INFO  impl.LeaderElection (LeaderElection.java:logAndReturn(89)) - omNode-1@group-523986131536-LeaderElection57: ELECTION PASSED received 1 response(s) and 0 exception(s):
2024-03-04 13:05:26,444 [omNode-1@group-523986131536-LeaderElection57] INFO  impl.LeaderElection (LeaderElection.java:logAndReturn(93)) -   Response 0: omNode-1<-omNode-3#0:OK-t1
2024-03-04 13:05:26,444 [omNode-1@group-523986131536-LeaderElection57] INFO  impl.LeaderElection (LeaderElection.java:askForVotes(323)) - omNode-1@group-523986131536-LeaderElection57 ELECTION round 0: result PASSED
2024-03-04 13:05:26,444 [omNode-1@group-523986131536-LeaderElection57] INFO  impl.RoleInfo (RoleInfo.java:shutdownLeaderElection(130)) - omNode-1: shutdown omNode-1@group-523986131536-LeaderElection57
2024-03-04 13:05:26,444 [omNode-1@group-523986131536-LeaderElection57] INFO  server.RaftServer$Division (RaftServerImpl.java:setRole(383)) - omNode-1@group-523986131536: changes role from CANDIDATE to LEADER at term 1 for changeToLeader
2024-03-04 13:05:26,444 [omNode-1@group-523986131536-LeaderElection57] INFO  server.RaftServerConfigKeys (ConfUtils.java:logGet(46)) - raft.server.staging.catchup.gap = 1000 (default)
2024-03-04 13:05:26,445 [omNode-1@group-523986131536-LeaderElection57] INFO  server.RaftServerConfigKeys (ConfUtils.java:logGet(46)) - raft.server.write.element-limit = 4096 (default)
2024-03-04 13:05:26,445 [omNode-1@group-523986131536-LeaderElection57] INFO  server.RaftServerConfigKeys (ConfUtils.java:logGet(46)) - raft.server.write.byte-limit = 64MB (=67108864) (default)
2024-03-04 13:05:26,445 [omNode-1@group-523986131536-LeaderElection57] INFO  server.RaftServerConfigKeys (ConfUtils.java:logGet(46)) - raft.server.watch.timeout = 10s (default)
2024-03-04 13:05:26,445 [omNode-1@group-523986131536-LeaderElection57] INFO  server.RaftServerConfigKeys (ConfUtils.java:logGet(46)) - raft.server.watch.timeout.denomination = 1s (default)
2024-03-04 13:05:26,445 [omNode-1@group-523986131536-LeaderElection57] INFO  server.RaftServerConfigKeys (ConfUtils.java:logGet(46)) - raft.server.watch.element-limit = 65536 (default)
2024-03-04 13:05:26,445 [omNode-1@group-523986131536-LeaderElection57] INFO  server.RaftServerConfigKeys (ConfUtils.java:logGet(46)) - raft.server.read.leader.lease.enabled = false (default)
2024-03-04 13:05:26,445 [omNode-1@group-523986131536-LeaderElection57] INFO  server.RaftServerConfigKeys (ConfUtils.java:logGet(46)) - raft.server.read.leader.lease.timeout.ratio = 0.9 (default)
2024-03-04 13:05:26,445 [omNode-1@group-523986131536-LeaderElection57] INFO  server.RaftServerConfigKeys (ConfUtils.java:logGet(46)) - raft.server.rpc.timeout.min = 1s (custom)
2024-03-04 13:05:26,445 [omNode-1@group-523986131536-LeaderElection57] INFO  server.RaftServerConfigKeys (ConfUtils.java:logGet(46)) - raft.server.write.element-limit = 4096 (default)
2024-03-04 13:05:26,445 [omNode-1@group-523986131536-LeaderElection57] INFO  server.RaftServerConfigKeys (ConfUtils.java:logGet(46)) - raft.server.write.follower.gap.ratio.max = -1.0 (default)
2024-03-04 13:05:26,445 [omNode-1@group-523986131536-LeaderElection57] INFO  server.RaftServerConfigKeys (ConfUtils.java:logGet(46)) - raft.server.log.appender.snapshot.chunk.size.max = 16MB (=16777216) (default)
2024-03-04 13:05:26,445 [omNode-1@group-523986131536-LeaderElection57] INFO  server.RaftServerConfigKeys (ConfUtils.java:logGet(46)) - raft.server.log.appender.buffer.byte-limit = 4194304 (custom)
2024-03-04 13:05:26,445 [omNode-1@group-523986131536-LeaderElection57] INFO  server.RaftServerConfigKeys (ConfUtils.java:logGet(46)) - raft.server.log.appender.buffer.element-limit = 1024 (custom)
2024-03-04 13:05:26,445 [omNode-1@group-523986131536-LeaderElection57] INFO  server.RaftServerConfigKeys (ConfUtils.java:logGet(46)) - raft.server.log.appender.wait-time.min = 0ms (custom)
2024-03-04 13:05:26,445 [omNode-1@group-523986131536-LeaderElection57] INFO  grpc.GrpcConfigKeys (ConfUtils.java:logGet(46)) - raft.grpc.server.leader.outstanding.appends.max = 8 (default)
2024-03-04 13:05:26,446 [omNode-1@group-523986131536-LeaderElection57] INFO  server.RaftServerConfigKeys (ConfUtils.java:logGet(46)) - raft.server.rpc.request.timeout = 3000ms (default)
2024-03-04 13:05:26,446 [omNode-1@group-523986131536-LeaderElection57] INFO  grpc.GrpcConfigKeys (ConfUtils.java:logGet(46)) - raft.grpc.server.install_snapshot.request.element-limit = 8 (default)
2024-03-04 13:05:26,446 [omNode-1@group-523986131536-LeaderElection57] INFO  grpc.GrpcConfigKeys (ConfUtils.java:logGet(46)) - raft.grpc.server.install_snapshot.request.timeout = 3000ms (default)
2024-03-04 13:05:26,446 [omNode-1@group-523986131536-LeaderElection57] INFO  grpc.GrpcConfigKeys (ConfUtils.java:logGet(46)) - raft.grpc.server.log-message.batch.duration = 5s (default)
2024-03-04 13:05:26,446 [omNode-1@group-523986131536-LeaderElection57] INFO  server.RaftServerConfigKeys (ConfUtils.java:logGet(46)) - raft.server.log.appender.install.snapshot.enabled = false (custom)
2024-03-04 13:05:26,446 [omNode-1@group-523986131536-LeaderElection57] INFO  grpc.GrpcConfigKeys (ConfUtils.java:logGet(46)) - raft.grpc.server.heartbeat.channel = true (default)
2024-03-04 13:05:26,446 [omNode-1@group-523986131536-LeaderElection57] INFO  server.RaftServerConfigKeys (ConfUtils.java:logGet(46)) - raft.server.log.appender.snapshot.chunk.size.max = 16MB (=16777216) (default)
2024-03-04 13:05:26,446 [omNode-1@group-523986131536-LeaderElection57] INFO  server.RaftServerConfigKeys (ConfUtils.java:logGet(46)) - raft.server.log.appender.buffer.byte-limit = 4194304 (custom)
2024-03-04 13:05:26,447 [omNode-1@group-523986131536-LeaderElection57] INFO  server.RaftServerConfigKeys (ConfUtils.java:logGet(46)) - raft.server.log.appender.buffer.element-limit = 1024 (custom)
2024-03-04 13:05:26,447 [omNode-1@group-523986131536-LeaderElection57] INFO  server.RaftServerConfigKeys (ConfUtils.java:logGet(46)) - raft.server.log.appender.wait-time.min = 0ms (custom)
2024-03-04 13:05:26,447 [omNode-1@group-523986131536-LeaderElection57] INFO  grpc.GrpcConfigKeys (ConfUtils.java:logGet(46)) - raft.grpc.server.leader.outstanding.appends.max = 8 (default)
2024-03-04 13:05:26,447 [omNode-1@group-523986131536-LeaderElection57] INFO  server.RaftServerConfigKeys (ConfUtils.java:logGet(46)) - raft.server.rpc.request.timeout = 3000ms (default)
2024-03-04 13:05:26,447 [omNode-1@group-523986131536-LeaderElection57] INFO  grpc.GrpcConfigKeys (ConfUtils.java:logGet(46)) - raft.grpc.server.install_snapshot.request.element-limit = 8 (default)
2024-03-04 13:05:26,447 [omNode-1@group-523986131536-LeaderElection57] INFO  grpc.GrpcConfigKeys (ConfUtils.java:logGet(46)) - raft.grpc.server.install_snapshot.request.timeout = 3000ms (default)
2024-03-04 13:05:26,447 [omNode-1@group-523986131536-LeaderElection57] INFO  grpc.GrpcConfigKeys (ConfUtils.java:logGet(46)) - raft.grpc.server.log-message.batch.duration = 5s (default)
2024-03-04 13:05:26,447 [omNode-1@group-523986131536-LeaderElection57] INFO  server.RaftServerConfigKeys (ConfUtils.java:logGet(46)) - raft.server.log.appender.install.snapshot.enabled = false (custom)
2024-03-04 13:05:26,447 [omNode-1@group-523986131536-LeaderElection57] INFO  grpc.GrpcConfigKeys (ConfUtils.java:logGet(46)) - raft.grpc.server.heartbeat.channel = true (default)
2024-03-04 13:05:26,447 [omNode-1@group-523986131536-LeaderElection57] INFO  impl.RoleInfo (RoleInfo.java:updateAndGet(139)) - omNode-1: start omNode-1@group-523986131536-LeaderStateImpl
2024-03-04 13:05:26,447 [omNode-1@group-523986131536-LeaderElection57] INFO  server.RaftServer$Division (RaftServerImpl.java:setFirstElection(574)) - omNode-1@group-523986131536: set firstElectionSinceStartup to false for becomeLeader
2024-03-04 13:05:26,447 [omNode-1@group-523986131536-LeaderElection57] INFO  server.RaftServer$Division (ServerState.java:setLeader(269)) - omNode-1@group-523986131536: change Leader from null to omNode-1 at term 1 for becomeLeader, leader elected after 1441ms
2024-03-04 13:05:26,448 [omNode-1@group-523986131536-LeaderElection57] INFO  segmented.SegmentedRaftLogWorker (SegmentedRaftLogWorker.java:startLogSegment(430)) - omNode-1@group-523986131536-SegmentedRaftLogWorker: Starting segment from index:0
2024-03-04 13:05:26,448 [omNode-1@group-523986131536-LeaderElection57] INFO  server.RaftServer$Division (ServerState.java:setRaftConf(386)) - omNode-1@group-523986131536: set configuration 0: peers:[omNode-3|localhost:15273, omNode-1|localhost:15265, omNode-2|localhost:15269]|listeners:[], old=null
2024-03-04 13:05:26,449 [omNode-1@group-523986131536-SegmentedRaftLogWorker] INFO  segmented.BufferedWriteChannel (BufferedWriteChannel.java:open(62)) - open log_inprogress_0 at position 0
2024-03-04 13:05:26,458 [omNode-1@group-523986131536-SegmentedRaftLogWorker] INFO  segmented.SegmentedRaftLogWorker (SegmentedRaftLogWorker.java:execute(634)) - omNode-1@group-523986131536-SegmentedRaftLogWorker: created new log segment /home/runner/work/ozone/ozone/hadoop-ozone/integration-test/target/test-dir/MiniOzoneClusterImpl-6b98b79e-1748-4853-9fc9-d757899c3dd5/omNode-1/ratis/c9bc4cf4-3bc3-3c60-a66b-523986131536/current/log_inprogress_0
2024-03-04 13:05:26,463 [omNode-3-server-thread1] INFO  server.RaftServer$Division (ServerState.java:setLeader(269)) - omNode-3@group-523986131536: change Leader from null to omNode-1 at term 1 for appendEntries, leader elected after 528ms
2024-03-04 13:05:26,464 [omNode-3-server-thread2] INFO  server.RaftServer$Division (ServerState.java:setRaftConf(386)) - omNode-3@group-523986131536: set configuration 0: peers:[omNode-3|localhost:15273, omNode-1|localhost:15265, omNode-2|localhost:15269]|listeners:[], old=null
2024-03-04 13:05:26,465 [omNode-3-server-thread2] INFO  segmented.SegmentedRaftLogWorker (SegmentedRaftLogWorker.java:startLogSegment(430)) - omNode-3@group-523986131536-SegmentedRaftLogWorker: Starting segment from index:0
2024-03-04 13:05:26,465 [omNode-3@group-523986131536-SegmentedRaftLogWorker] INFO  segmented.BufferedWriteChannel (BufferedWriteChannel.java:open(62)) - open log_inprogress_0 at position 0
2024-03-04 13:05:26,467 [omNode-2-server-thread1] INFO  server.RaftServer$Division (ServerState.java:setLeader(269)) - omNode-2@group-523986131536: change Leader from null to omNode-1 at term 1 for appendEntries, leader elected after 1030ms
2024-03-04 13:05:26,470 [omNode-2-server-thread2] INFO  server.RaftServer$Division (ServerState.java:setRaftConf(386)) - omNode-2@group-523986131536: set configuration 0: peers:[omNode-3|localhost:15273, omNode-1|localhost:15265, omNode-2|localhost:15269]|listeners:[], old=null
2024-03-04 13:05:26,470 [omNode-2-server-thread2] INFO  segmented.SegmentedRaftLogWorker (SegmentedRaftLogWorker.java:startLogSegment(430)) - omNode-2@group-523986131536-SegmentedRaftLogWorker: Starting segment from index:0
2024-03-04 13:05:26,471 [omNode-2@group-523986131536-SegmentedRaftLogWorker] INFO  segmented.BufferedWriteChannel (BufferedWriteChannel.java:open(62)) - open log_inprogress_0 at position 0
2024-03-04 13:05:26,473 [omNode-3@group-523986131536-SegmentedRaftLogWorker] INFO  segmented.SegmentedRaftLogWorker (SegmentedRaftLogWorker.java:execute(634)) - omNode-3@group-523986131536-SegmentedRaftLogWorker: created new log segment /home/runner/work/ozone/ozone/hadoop-ozone/integration-test/target/test-dir/MiniOzoneClusterImpl-6b98b79e-1748-4853-9fc9-d757899c3dd5/omNode-3/ratis/c9bc4cf4-3bc3-3c60-a66b-523986131536/current/log_inprogress_0
2024-03-04 13:05:26,478 [omNode-2@group-523986131536-SegmentedRaftLogWorker] INFO  segmented.SegmentedRaftLogWorker (SegmentedRaftLogWorker.java:execute(634)) - omNode-2@group-523986131536-SegmentedRaftLogWorker: created new log segment /home/runner/work/ozone/ozone/hadoop-ozone/integration-test/target/test-dir/MiniOzoneClusterImpl-6b98b79e-1748-4853-9fc9-d757899c3dd5/omNode-2/ratis/c9bc4cf4-3bc3-3c60-a66b-523986131536/current/log_inprogress_0
2024-03-04 13:05:26,479 [omNode-1@group-523986131536-StateMachineUpdater] INFO  ratis.OzoneManagerStateMachine (OzoneManagerStateMachine.java:notifyConfigurationChanged(198)) - Received Configuration change notification from Ratis. New Peer list:
[id: "omNode-3"
address: "localhost:15273"
startupRole: FOLLOWER
, id: "omNode-1"
address: "localhost:15265"
startupRole: FOLLOWER
, id: "omNode-2"
address: "localhost:15269"
startupRole: FOLLOWER
]
2024-03-04 13:05:26,479 [omNode-1@group-523986131536-StateMachineUpdater] INFO  server.RaftServer$Division (LeaderStateImpl.java:isApplied(320)) - leader is ready since appliedIndex == 0 >= startIndex == 0
2024-03-04 13:05:26,980 [omNode-3@group-523986131536-StateMachineUpdater] INFO  ratis.OzoneManagerStateMachine (OzoneManagerStateMachine.java:notifyConfigurationChanged(198)) - Received Configuration change notification from Ratis. New Peer list:
[id: "omNode-3"
address: "localhost:15273"
startupRole: FOLLOWER
, id: "omNode-1"
address: "localhost:15265"
startupRole: FOLLOWER
, id: "omNode-2"
address: "localhost:15269"
startupRole: FOLLOWER
]
2024-03-04 13:05:26,982 [omNode-2@group-523986131536-StateMachineUpdater] INFO  ratis.OzoneManagerStateMachine (OzoneManagerStateMachine.java:notifyConfigurationChanged(198)) - Received Configuration change notification from Ratis. New Peer list:
[id: "omNode-3"
address: "localhost:15273"
startupRole: FOLLOWER
, id: "omNode-1"
address: "localhost:15265"
startupRole: FOLLOWER
, id: "omNode-2"
address: "localhost:15269"
startupRole: FOLLOWER
]
2024-03-04 13:05:27,432 [main] INFO  ozone.MiniOzoneClusterImpl (MiniOzoneClusterImpl.java:lambda$waitForClusterToBeReady$0(194)) - Waiting for nodes to be ready. Got 0 of 3 DN Heartbeats.
2024-03-04 13:05:27,433 [main] INFO  ozone.MiniOzoneClusterImpl (MiniOzoneClusterImpl.java:lambda$waitForClusterToBeReady$0(197)) - Waiting for cluster to exit safe mode
2024-03-04 13:05:27,433 [main] INFO  ozone.MiniOzoneClusterImpl (MiniOzoneClusterImpl.java:lambda$waitForClusterToBeReady$0(199)) - SCM became leader
2024-03-04 13:05:28,257 [030b8962-d3aa-491b-960b-91563df5eb7e-EndpointStateMachineTaskThread-/0.0.0.0:15260-0 ] INFO  utils.DatanodeStoreCache (DatanodeStoreCache.java:addDB(72)) - Added db /home/runner/work/ozone/ozone/hadoop-ozone/integration-test/target/test-dir/MiniOzoneClusterImpl-6b98b79e-1748-4853-9fc9-d757899c3dd5/ozone-meta/datanode-1/data-0/hdds/6b98b79e-1748-4853-9fc9-d757899c3dd5/DS-e0ac17fa-ddd6-420c-8b78-c6864e9d2edb/container.db to cache
2024-03-04 13:05:28,257 [030b8962-d3aa-491b-960b-91563df5eb7e-EndpointStateMachineTaskThread-/0.0.0.0:15260-0 ] INFO  volume.HddsVolume (HddsVolume.java:createDbStore(420)) - SchemaV3 db is created and loaded at /home/runner/work/ozone/ozone/hadoop-ozone/integration-test/target/test-dir/MiniOzoneClusterImpl-6b98b79e-1748-4853-9fc9-d757899c3dd5/ozone-meta/datanode-1/data-0/hdds/6b98b79e-1748-4853-9fc9-d757899c3dd5/DS-e0ac17fa-ddd6-420c-8b78-c6864e9d2edb/container.db for volume DS-e0ac17fa-ddd6-420c-8b78-c6864e9d2edb
2024-03-04 13:05:28,258 [030b8962-d3aa-491b-960b-91563df5eb7e-ContainerReader-0] INFO  ozoneimpl.ContainerReader (ContainerReader.java:readVolume(148)) - Start to verify containers on volume /home/runner/work/ozone/ozone/hadoop-ozone/integration-test/target/test-dir/MiniOzoneClusterImpl-6b98b79e-1748-4853-9fc9-d757899c3dd5/ozone-meta/datanode-1/data-0/hdds
2024-03-04 13:05:28,258 [030b8962-d3aa-491b-960b-91563df5eb7e-ContainerReader-0] INFO  ozoneimpl.ContainerReader (ContainerReader.java:readVolume(178)) - Finish verifying containers on volume /home/runner/work/ozone/ozone/hadoop-ozone/integration-test/target/test-dir/MiniOzoneClusterImpl-6b98b79e-1748-4853-9fc9-d757899c3dd5/ozone-meta/datanode-1/data-0/hdds
2024-03-04 13:05:28,258 [030b8962-d3aa-491b-960b-91563df5eb7e-EndpointStateMachineTaskThread-/0.0.0.0:15260-0 ] INFO  ozoneimpl.OzoneContainer (OzoneContainer.java:buildContainerSet(328)) - Build ContainerSet costs 0s
2024-03-04 13:05:28,258 [030b8962-d3aa-491b-960b-91563df5eb7e-EndpointStateMachineTaskThread-/0.0.0.0:15260-0 ] INFO  volume.ThrottledAsyncChecker (ThrottledAsyncChecker.java:schedule(141)) - Scheduling a check for /home/runner/work/ozone/ozone/hadoop-ozone/integration-test/target/test-dir/MiniOzoneClusterImpl-6b98b79e-1748-4853-9fc9-d757899c3dd5/ozone-meta/datanode-1/data-0/hdds
2024-03-04 13:05:28,259 [030b8962-d3aa-491b-960b-91563df5eb7e-EndpointStateMachineTaskThread-/0.0.0.0:15260-0 ] INFO  volume.StorageVolumeChecker (StorageVolumeChecker.java:checkAllVolumes(218)) - Scheduled health check for volume /home/runner/work/ozone/ozone/hadoop-ozone/integration-test/target/test-dir/MiniOzoneClusterImpl-6b98b79e-1748-4853-9fc9-d757899c3dd5/ozone-meta/datanode-1/data-0/hdds
2024-03-04 13:05:28,260 [030b8962-d3aa-491b-960b-91563df5eb7e-EndpointStateMachineTaskThread-/0.0.0.0:15260-0 ] INFO  volume.ThrottledAsyncChecker (ThrottledAsyncChecker.java:schedule(141)) - Scheduling a check for /home/runner/work/ozone/ozone/hadoop-ozone/integration-test/target/test-dir/MiniOzoneClusterImpl-6b98b79e-1748-4853-9fc9-d757899c3dd5/ozone-meta/datanode-1/ratis
2024-03-04 13:05:28,260 [030b8962-d3aa-491b-960b-91563df5eb7e-EndpointStateMachineTaskThread-/0.0.0.0:15260-0 ] INFO  volume.StorageVolumeChecker (StorageVolumeChecker.java:checkAllVolumes(218)) - Scheduled health check for volume /home/runner/work/ozone/ozone/hadoop-ozone/integration-test/target/test-dir/MiniOzoneClusterImpl-6b98b79e-1748-4853-9fc9-d757899c3dd5/ozone-meta/datanode-1/ratis
2024-03-04 13:05:28,261 [030b8962-d3aa-491b-960b-91563df5eb7e-EndpointStateMachineTaskThread-/0.0.0.0:15260-0 ] INFO  ozoneimpl.OzoneContainer (OzoneContainer.java:start(459)) - Attempting to start container services.
2024-03-04 13:05:28,261 [030b8962-d3aa-491b-960b-91563df5eb7e-EndpointStateMachineTaskThread-/0.0.0.0:15260-0 ] INFO  ozoneimpl.OzoneContainer (OzoneContainer.java:startContainerScrub(339)) - Scheduled background container scanners and the on-demand container scanner have been disabled.
2024-03-04 13:05:28,262 [030b8962-d3aa-491b-960b-91563df5eb7e-EndpointStateMachineTaskThread-/0.0.0.0:15260-0 ] INFO  replication.ReplicationServer (ReplicationServer.java:start(142)) - ReplicationServer is started using port 15282
2024-03-04 13:05:28,262 [030b8962-d3aa-491b-960b-91563df5eb7e-EndpointStateMachineTaskThread-/0.0.0.0:15260-0 ] INFO  ratis.XceiverServerRatis (XceiverServerRatis.java:start(566)) - Starting XceiverServerRatis 030b8962-d3aa-491b-960b-91563df5eb7e
2024-03-04 13:05:28,262 [030b8962-d3aa-491b-960b-91563df5eb7e-EndpointStateMachineTaskThread-/0.0.0.0:15260-0 ] INFO  server.RaftServer (RaftServerProxy.java:startImpl(406)) - 030b8962-d3aa-491b-960b-91563df5eb7e: start RPC server
2024-03-04 13:05:28,263 [030b8962-d3aa-491b-960b-91563df5eb7e-EndpointStateMachineTaskThread-/0.0.0.0:15260-0 ] INFO  server.GrpcService (GrpcService.java:startImpl(302)) - 030b8962-d3aa-491b-960b-91563df5eb7e: GrpcService started, listening on 15278
2024-03-04 13:05:28,263 [030b8962-d3aa-491b-960b-91563df5eb7e-EndpointStateMachineTaskThread-/0.0.0.0:15260-0 ] INFO  server.GrpcService (GrpcService.java:startImpl(302)) - 030b8962-d3aa-491b-960b-91563df5eb7e: GrpcService started, listening on 15280
2024-03-04 13:05:28,264 [030b8962-d3aa-491b-960b-91563df5eb7e-EndpointStateMachineTaskThread-/0.0.0.0:15260-0 ] INFO  server.GrpcService (GrpcService.java:startImpl(302)) - 030b8962-d3aa-491b-960b-91563df5eb7e: GrpcService started, listening on 15279
2024-03-04 13:05:28,264 [030b8962-d3aa-491b-960b-91563df5eb7e-EndpointStateMachineTaskThread-/0.0.0.0:15260-0 ] INFO  ratis.XceiverServerRatis (XceiverServerRatis.java:getRealPort(592)) - XceiverServerRatis 030b8962-d3aa-491b-960b-91563df5eb7e is started using port 15278 for RATIS
2024-03-04 13:05:28,264 [030b8962-d3aa-491b-960b-91563df5eb7e-EndpointStateMachineTaskThread-/0.0.0.0:15260-0 ] INFO  ratis.XceiverServerRatis (XceiverServerRatis.java:getRealPort(592)) - XceiverServerRatis 030b8962-d3aa-491b-960b-91563df5eb7e is started using port 15279 for RATIS_ADMIN
2024-03-04 13:05:28,264 [030b8962-d3aa-491b-960b-91563df5eb7e-EndpointStateMachineTaskThread-/0.0.0.0:15260-0 ] INFO  ratis.XceiverServerRatis (XceiverServerRatis.java:getRealPort(592)) - XceiverServerRatis 030b8962-d3aa-491b-960b-91563df5eb7e is started using port 15280 for RATIS_SERVER
2024-03-04 13:05:28,264 [030b8962-d3aa-491b-960b-91563df5eb7e-EndpointStateMachineTaskThread-/0.0.0.0:15260-0 ] INFO  ratis.XceiverServerRatis (XceiverServerRatis.java:getRealPort(592)) - XceiverServerRatis 030b8962-d3aa-491b-960b-91563df5eb7e is started using port 15281 for RATIS_DATASTREAM
2024-03-04 13:05:28,264 [JvmPauseMonitor73] INFO  util.JvmPauseMonitor (JvmPauseMonitor.java:run(146)) - JvmPauseMonitor-030b8962-d3aa-491b-960b-91563df5eb7e: Started
2024-03-04 13:05:28,266 [030b8962-d3aa-491b-960b-91563df5eb7e-BlockDeletingService#0] INFO  interfaces.ContainerDeletionChoosingPolicyTemplate (ContainerDeletionChoosingPolicyTemplate.java:chooseContainerForBlockDeletion(85)) - Chosen 0/5000 blocks from 0 candidate containers.
2024-03-04 13:05:28,357 [507f219d-b643-4f6d-9e61-19483d6f1b1a-EndpointStateMachineTaskThread-/0.0.0.0:15260-0 ] INFO  utils.DatanodeStoreCache (DatanodeStoreCache.java:addDB(72)) - Added db /home/runner/work/ozone/ozone/hadoop-ozone/integration-test/target/test-dir/MiniOzoneClusterImpl-6b98b79e-1748-4853-9fc9-d757899c3dd5/ozone-meta/datanode-2/data-0/hdds/6b98b79e-1748-4853-9fc9-d757899c3dd5/DS-1f687aff-0bc6-429c-ba75-cbc177ea923a/container.db to cache
2024-03-04 13:05:28,357 [507f219d-b643-4f6d-9e61-19483d6f1b1a-EndpointStateMachineTaskThread-/0.0.0.0:15260-0 ] INFO  volume.HddsVolume (HddsVolume.java:createDbStore(420)) - SchemaV3 db is created and loaded at /home/runner/work/ozone/ozone/hadoop-ozone/integration-test/target/test-dir/MiniOzoneClusterImpl-6b98b79e-1748-4853-9fc9-d757899c3dd5/ozone-meta/datanode-2/data-0/hdds/6b98b79e-1748-4853-9fc9-d757899c3dd5/DS-1f687aff-0bc6-429c-ba75-cbc177ea923a/container.db for volume DS-1f687aff-0bc6-429c-ba75-cbc177ea923a
2024-03-04 13:05:28,360 [507f219d-b643-4f6d-9e61-19483d6f1b1a-ContainerReader-0] INFO  ozoneimpl.ContainerReader (ContainerReader.java:readVolume(148)) - Start to verify containers on volume /home/runner/work/ozone/ozone/hadoop-ozone/integration-test/target/test-dir/MiniOzoneClusterImpl-6b98b79e-1748-4853-9fc9-d757899c3dd5/ozone-meta/datanode-2/data-0/hdds
2024-03-04 13:05:28,360 [507f219d-b643-4f6d-9e61-19483d6f1b1a-ContainerReader-0] INFO  ozoneimpl.ContainerReader (ContainerReader.java:readVolume(178)) - Finish verifying containers on volume /home/runner/work/ozone/ozone/hadoop-ozone/integration-test/target/test-dir/MiniOzoneClusterImpl-6b98b79e-1748-4853-9fc9-d757899c3dd5/ozone-meta/datanode-2/data-0/hdds
2024-03-04 13:05:28,360 [507f219d-b643-4f6d-9e61-19483d6f1b1a-EndpointStateMachineTaskThread-/0.0.0.0:15260-0 ] INFO  ozoneimpl.OzoneContainer (OzoneContainer.java:buildContainerSet(328)) - Build ContainerSet costs 0s
2024-03-04 13:05:28,360 [507f219d-b643-4f6d-9e61-19483d6f1b1a-EndpointStateMachineTaskThread-/0.0.0.0:15260-0 ] INFO  volume.ThrottledAsyncChecker (ThrottledAsyncChecker.java:schedule(141)) - Scheduling a check for /home/runner/work/ozone/ozone/hadoop-ozone/integration-test/target/test-dir/MiniOzoneClusterImpl-6b98b79e-1748-4853-9fc9-d757899c3dd5/ozone-meta/datanode-2/data-0/hdds
2024-03-04 13:05:28,361 [507f219d-b643-4f6d-9e61-19483d6f1b1a-EndpointStateMachineTaskThread-/0.0.0.0:15260-0 ] INFO  volume.StorageVolumeChecker (StorageVolumeChecker.java:checkAllVolumes(218)) - Scheduled health check for volume /home/runner/work/ozone/ozone/hadoop-ozone/integration-test/target/test-dir/MiniOzoneClusterImpl-6b98b79e-1748-4853-9fc9-d757899c3dd5/ozone-meta/datanode-2/data-0/hdds
2024-03-04 13:05:28,364 [507f219d-b643-4f6d-9e61-19483d6f1b1a-EndpointStateMachineTaskThread-/0.0.0.0:15260-0 ] INFO  volume.ThrottledAsyncChecker (ThrottledAsyncChecker.java:schedule(141)) - Scheduling a check for /home/runner/work/ozone/ozone/hadoop-ozone/integration-test/target/test-dir/MiniOzoneClusterImpl-6b98b79e-1748-4853-9fc9-d757899c3dd5/ozone-meta/datanode-2/ratis
2024-03-04 13:05:28,364 [507f219d-b643-4f6d-9e61-19483d6f1b1a-EndpointStateMachineTaskThread-/0.0.0.0:15260-0 ] INFO  volume.StorageVolumeChecker (StorageVolumeChecker.java:checkAllVolumes(218)) - Scheduled health check for volume /home/runner/work/ozone/ozone/hadoop-ozone/integration-test/target/test-dir/MiniOzoneClusterImpl-6b98b79e-1748-4853-9fc9-d757899c3dd5/ozone-meta/datanode-2/ratis
2024-03-04 13:05:28,364 [507f219d-b643-4f6d-9e61-19483d6f1b1a-EndpointStateMachineTaskThread-/0.0.0.0:15260-0 ] INFO  ozoneimpl.OzoneContainer (OzoneContainer.java:start(459)) - Attempting to start container services.
2024-03-04 13:05:28,365 [507f219d-b643-4f6d-9e61-19483d6f1b1a-EndpointStateMachineTaskThread-/0.0.0.0:15260-0 ] INFO  ozoneimpl.OzoneContainer (OzoneContainer.java:startContainerScrub(339)) - Scheduled background container scanners and the on-demand container scanner have been disabled.
2024-03-04 13:05:28,365 [507f219d-b643-4f6d-9e61-19483d6f1b1a-EndpointStateMachineTaskThread-/0.0.0.0:15260-0 ] INFO  replication.ReplicationServer (ReplicationServer.java:start(142)) - ReplicationServer is started using port 15291
2024-03-04 13:05:28,366 [507f219d-b643-4f6d-9e61-19483d6f1b1a-EndpointStateMachineTaskThread-/0.0.0.0:15260-0 ] INFO  ratis.XceiverServerRatis (XceiverServerRatis.java:start(566)) - Starting XceiverServerRatis 507f219d-b643-4f6d-9e61-19483d6f1b1a
2024-03-04 13:05:28,366 [507f219d-b643-4f6d-9e61-19483d6f1b1a-EndpointStateMachineTaskThread-/0.0.0.0:15260-0 ] INFO  server.RaftServer (RaftServerProxy.java:startImpl(406)) - 507f219d-b643-4f6d-9e61-19483d6f1b1a: start RPC server
2024-03-04 13:05:28,367 [507f219d-b643-4f6d-9e61-19483d6f1b1a-EndpointStateMachineTaskThread-/0.0.0.0:15260-0 ] INFO  server.GrpcService (GrpcService.java:startImpl(302)) - 507f219d-b643-4f6d-9e61-19483d6f1b1a: GrpcService started, listening on 15287
2024-03-04 13:05:28,368 [507f219d-b643-4f6d-9e61-19483d6f1b1a-EndpointStateMachineTaskThread-/0.0.0.0:15260-0 ] INFO  server.GrpcService (GrpcService.java:startImpl(302)) - 507f219d-b643-4f6d-9e61-19483d6f1b1a: GrpcService started, listening on 15289
2024-03-04 13:05:28,368 [507f219d-b643-4f6d-9e61-19483d6f1b1a-EndpointStateMachineTaskThread-/0.0.0.0:15260-0 ] INFO  server.GrpcService (GrpcService.java:startImpl(302)) - 507f219d-b643-4f6d-9e61-19483d6f1b1a: GrpcService started, listening on 15288
2024-03-04 13:05:28,369 [507f219d-b643-4f6d-9e61-19483d6f1b1a-EndpointStateMachineTaskThread-/0.0.0.0:15260-0 ] INFO  ratis.XceiverServerRatis (XceiverServerRatis.java:getRealPort(592)) - XceiverServerRatis 507f219d-b643-4f6d-9e61-19483d6f1b1a is started using port 15287 for RATIS
2024-03-04 13:05:28,369 [JvmPauseMonitor74] INFO  util.JvmPauseMonitor (JvmPauseMonitor.java:run(146)) - JvmPauseMonitor-507f219d-b643-4f6d-9e61-19483d6f1b1a: Started
2024-03-04 13:05:28,369 [507f219d-b643-4f6d-9e61-19483d6f1b1a-EndpointStateMachineTaskThread-/0.0.0.0:15260-0 ] INFO  ratis.XceiverServerRatis (XceiverServerRatis.java:getRealPort(592)) - XceiverServerRatis 507f219d-b643-4f6d-9e61-19483d6f1b1a is started using port 15288 for RATIS_ADMIN
2024-03-04 13:05:28,369 [507f219d-b643-4f6d-9e61-19483d6f1b1a-EndpointStateMachineTaskThread-/0.0.0.0:15260-0 ] INFO  ratis.XceiverServerRatis (XceiverServerRatis.java:getRealPort(592)) - XceiverServerRatis 507f219d-b643-4f6d-9e61-19483d6f1b1a is started using port 15289 for RATIS_SERVER
2024-03-04 13:05:28,369 [507f219d-b643-4f6d-9e61-19483d6f1b1a-EndpointStateMachineTaskThread-/0.0.0.0:15260-0 ] INFO  ratis.XceiverServerRatis (XceiverServerRatis.java:getRealPort(592)) - XceiverServerRatis 507f219d-b643-4f6d-9e61-19483d6f1b1a is started using port 15290 for RATIS_DATASTREAM
2024-03-04 13:05:28,370 [507f219d-b643-4f6d-9e61-19483d6f1b1a-BlockDeletingService#0] INFO  interfaces.ContainerDeletionChoosingPolicyTemplate (ContainerDeletionChoosingPolicyTemplate.java:chooseContainerForBlockDeletion(85)) - Chosen 0/5000 blocks from 0 candidate containers.
2024-03-04 13:05:28,433 [main] INFO  ozone.MiniOzoneClusterImpl (MiniOzoneClusterImpl.java:lambda$waitForClusterToBeReady$0(194)) - Waiting for nodes to be ready. Got 0 of 3 DN Heartbeats.
2024-03-04 13:05:28,433 [main] INFO  ozone.MiniOzoneClusterImpl (MiniOzoneClusterImpl.java:lambda$waitForClusterToBeReady$0(197)) - Waiting for cluster to exit safe mode
2024-03-04 13:05:28,433 [main] INFO  ozone.MiniOzoneClusterImpl (MiniOzoneClusterImpl.java:lambda$waitForClusterToBeReady$0(199)) - SCM became leader
2024-03-04 13:05:28,454 [e959d54c-24d7-45fc-984c-db6978067a65-EndpointStateMachineTaskThread-/0.0.0.0:15260-0 ] INFO  utils.DatanodeStoreCache (DatanodeStoreCache.java:addDB(72)) - Added db /home/runner/work/ozone/ozone/hadoop-ozone/integration-test/target/test-dir/MiniOzoneClusterImpl-6b98b79e-1748-4853-9fc9-d757899c3dd5/ozone-meta/datanode-3/data-0/hdds/6b98b79e-1748-4853-9fc9-d757899c3dd5/DS-c4ea1eef-f6e9-4c4d-b1e1-647fa4e419fd/container.db to cache
2024-03-04 13:05:28,454 [e959d54c-24d7-45fc-984c-db6978067a65-EndpointStateMachineTaskThread-/0.0.0.0:15260-0 ] INFO  volume.HddsVolume (HddsVolume.java:createDbStore(420)) - SchemaV3 db is created and loaded at /home/runner/work/ozone/ozone/hadoop-ozone/integration-test/target/test-dir/MiniOzoneClusterImpl-6b98b79e-1748-4853-9fc9-d757899c3dd5/ozone-meta/datanode-3/data-0/hdds/6b98b79e-1748-4853-9fc9-d757899c3dd5/DS-c4ea1eef-f6e9-4c4d-b1e1-647fa4e419fd/container.db for volume DS-c4ea1eef-f6e9-4c4d-b1e1-647fa4e419fd
2024-03-04 13:05:28,455 [e959d54c-24d7-45fc-984c-db6978067a65-ContainerReader-0] INFO  ozoneimpl.ContainerReader (ContainerReader.java:readVolume(148)) - Start to verify containers on volume /home/runner/work/ozone/ozone/hadoop-ozone/integration-test/target/test-dir/MiniOzoneClusterImpl-6b98b79e-1748-4853-9fc9-d757899c3dd5/ozone-meta/datanode-3/data-0/hdds
2024-03-04 13:05:28,455 [e959d54c-24d7-45fc-984c-db6978067a65-ContainerReader-0] INFO  ozoneimpl.ContainerReader (ContainerReader.java:readVolume(178)) - Finish verifying containers on volume /home/runner/work/ozone/ozone/hadoop-ozone/integration-test/target/test-dir/MiniOzoneClusterImpl-6b98b79e-1748-4853-9fc9-d757899c3dd5/ozone-meta/datanode-3/data-0/hdds
2024-03-04 13:05:28,455 [e959d54c-24d7-45fc-984c-db6978067a65-EndpointStateMachineTaskThread-/0.0.0.0:15260-0 ] INFO  ozoneimpl.OzoneContainer (OzoneContainer.java:buildContainerSet(328)) - Build ContainerSet costs 0s
2024-03-04 13:05:28,456 [e959d54c-24d7-45fc-984c-db6978067a65-EndpointStateMachineTaskThread-/0.0.0.0:15260-0 ] INFO  volume.ThrottledAsyncChecker (ThrottledAsyncChecker.java:schedule(141)) - Scheduling a check for /home/runner/work/ozone/ozone/hadoop-ozone/integration-test/target/test-dir/MiniOzoneClusterImpl-6b98b79e-1748-4853-9fc9-d757899c3dd5/ozone-meta/datanode-3/data-0/hdds
2024-03-04 13:05:28,456 [e959d54c-24d7-45fc-984c-db6978067a65-EndpointStateMachineTaskThread-/0.0.0.0:15260-0 ] INFO  volume.StorageVolumeChecker (StorageVolumeChecker.java:checkAllVolumes(218)) - Scheduled health check for volume /home/runner/work/ozone/ozone/hadoop-ozone/integration-test/target/test-dir/MiniOzoneClusterImpl-6b98b79e-1748-4853-9fc9-d757899c3dd5/ozone-meta/datanode-3/data-0/hdds
2024-03-04 13:05:28,457 [e959d54c-24d7-45fc-984c-db6978067a65-EndpointStateMachineTaskThread-/0.0.0.0:15260-0 ] INFO  volume.ThrottledAsyncChecker (ThrottledAsyncChecker.java:schedule(141)) - Scheduling a check for /home/runner/work/ozone/ozone/hadoop-ozone/integration-test/target/test-dir/MiniOzoneClusterImpl-6b98b79e-1748-4853-9fc9-d757899c3dd5/ozone-meta/datanode-3/ratis
2024-03-04 13:05:28,457 [e959d54c-24d7-45fc-984c-db6978067a65-EndpointStateMachineTaskThread-/0.0.0.0:15260-0 ] INFO  volume.StorageVolumeChecker (StorageVolumeChecker.java:checkAllVolumes(218)) - Scheduled health check for volume /home/runner/work/ozone/ozone/hadoop-ozone/integration-test/target/test-dir/MiniOzoneClusterImpl-6b98b79e-1748-4853-9fc9-d757899c3dd5/ozone-meta/datanode-3/ratis
2024-03-04 13:05:28,457 [e959d54c-24d7-45fc-984c-db6978067a65-EndpointStateMachineTaskThread-/0.0.0.0:15260-0 ] INFO  ozoneimpl.OzoneContainer (OzoneContainer.java:start(459)) - Attempting to start container services.
2024-03-04 13:05:28,457 [e959d54c-24d7-45fc-984c-db6978067a65-EndpointStateMachineTaskThread-/0.0.0.0:15260-0 ] INFO  ozoneimpl.OzoneContainer (OzoneContainer.java:startContainerScrub(339)) - Scheduled background container scanners and the on-demand container scanner have been disabled.
2024-03-04 13:05:28,459 [e959d54c-24d7-45fc-984c-db6978067a65-EndpointStateMachineTaskThread-/0.0.0.0:15260-0 ] INFO  replication.ReplicationServer (ReplicationServer.java:start(142)) - ReplicationServer is started using port 15300
2024-03-04 13:05:28,459 [e959d54c-24d7-45fc-984c-db6978067a65-EndpointStateMachineTaskThread-/0.0.0.0:15260-0 ] INFO  ratis.XceiverServerRatis (XceiverServerRatis.java:start(566)) - Starting XceiverServerRatis e959d54c-24d7-45fc-984c-db6978067a65
2024-03-04 13:05:28,459 [e959d54c-24d7-45fc-984c-db6978067a65-EndpointStateMachineTaskThread-/0.0.0.0:15260-0 ] INFO  server.RaftServer (RaftServerProxy.java:startImpl(406)) - e959d54c-24d7-45fc-984c-db6978067a65: start RPC server
2024-03-04 13:05:28,460 [e959d54c-24d7-45fc-984c-db6978067a65-EndpointStateMachineTaskThread-/0.0.0.0:15260-0 ] INFO  server.GrpcService (GrpcService.java:startImpl(302)) - e959d54c-24d7-45fc-984c-db6978067a65: GrpcService started, listening on 15296
2024-03-04 13:05:28,463 [e959d54c-24d7-45fc-984c-db6978067a65-EndpointStateMachineTaskThread-/0.0.0.0:15260-0 ] INFO  server.GrpcService (GrpcService.java:startImpl(302)) - e959d54c-24d7-45fc-984c-db6978067a65: GrpcService started, listening on 15298
2024-03-04 13:05:28,464 [e959d54c-24d7-45fc-984c-db6978067a65-EndpointStateMachineTaskThread-/0.0.0.0:15260-0 ] INFO  server.GrpcService (GrpcService.java:startImpl(302)) - e959d54c-24d7-45fc-984c-db6978067a65: GrpcService started, listening on 15297
2024-03-04 13:05:28,464 [e959d54c-24d7-45fc-984c-db6978067a65-EndpointStateMachineTaskThread-/0.0.0.0:15260-0 ] INFO  ratis.XceiverServerRatis (XceiverServerRatis.java:getRealPort(592)) - XceiverServerRatis e959d54c-24d7-45fc-984c-db6978067a65 is started using port 15296 for RATIS
2024-03-04 13:05:28,465 [JvmPauseMonitor75] INFO  util.JvmPauseMonitor (JvmPauseMonitor.java:run(146)) - JvmPauseMonitor-e959d54c-24d7-45fc-984c-db6978067a65: Started
2024-03-04 13:05:28,465 [e959d54c-24d7-45fc-984c-db6978067a65-EndpointStateMachineTaskThread-/0.0.0.0:15260-0 ] INFO  ratis.XceiverServerRatis (XceiverServerRatis.java:getRealPort(592)) - XceiverServerRatis e959d54c-24d7-45fc-984c-db6978067a65 is started using port 15297 for RATIS_ADMIN
2024-03-04 13:05:28,465 [e959d54c-24d7-45fc-984c-db6978067a65-EndpointStateMachineTaskThread-/0.0.0.0:15260-0 ] INFO  ratis.XceiverServerRatis (XceiverServerRatis.java:getRealPort(592)) - XceiverServerRatis e959d54c-24d7-45fc-984c-db6978067a65 is started using port 15298 for RATIS_SERVER
2024-03-04 13:05:28,465 [e959d54c-24d7-45fc-984c-db6978067a65-EndpointStateMachineTaskThread-/0.0.0.0:15260-0 ] INFO  ratis.XceiverServerRatis (XceiverServerRatis.java:getRealPort(592)) - XceiverServerRatis e959d54c-24d7-45fc-984c-db6978067a65 is started using port 15299 for RATIS_DATASTREAM
2024-03-04 13:05:28,466 [e959d54c-24d7-45fc-984c-db6978067a65-BlockDeletingService#0] INFO  interfaces.ContainerDeletionChoosingPolicyTemplate (ContainerDeletionChoosingPolicyTemplate.java:chooseContainerForBlockDeletion(85)) - Chosen 0/5000 blocks from 0 candidate containers.
2024-03-04 13:05:29,434 [main] INFO  ozone.MiniOzoneClusterImpl (MiniOzoneClusterImpl.java:lambda$waitForClusterToBeReady$0(194)) - Waiting for nodes to be ready. Got 0 of 3 DN Heartbeats.
2024-03-04 13:05:29,434 [main] INFO  ozone.MiniOzoneClusterImpl (MiniOzoneClusterImpl.java:lambda$waitForClusterToBeReady$0(197)) - Waiting for cluster to exit safe mode
2024-03-04 13:05:29,434 [main] INFO  ozone.MiniOzoneClusterImpl (MiniOzoneClusterImpl.java:lambda$waitForClusterToBeReady$0(199)) - SCM became leader
2024-03-04 13:05:30,239 [IPC Server handler 0 on default port 15260] INFO  net.NetworkTopologyImpl (NetworkTopologyImpl.java:add(124)) - Added a new node: /default-rack/030b8962-d3aa-491b-960b-91563df5eb7e
2024-03-04 13:05:30,239 [IPC Server handler 0 on default port 15260] INFO  node.SCMNodeManager (SCMNodeManager.java:register(421)) - Registered datanode: 030b8962-d3aa-491b-960b-91563df5eb7e{ip: 10.1.0.12, host: fv-az571-795.sssw3dgiwi1e5jwxh1zizygaca.bx.internal.cloudapp.net, ports: [HTTP=15275, CLIENT_RPC=15276, REPLICATION=15282, RATIS=15278, RATIS_ADMIN=15279, RATIS_SERVER=15280, RATIS_DATASTREAM=15281, STANDALONE=15277], networkLocation: /default-rack, certSerialId: null, persistedOpState: null, persistedOpStateExpiryEpochSec: 0}
2024-03-04 13:05:30,241 [EventQueue-NewNodeForNewNodeHandler] INFO  pipeline.BackgroundPipelineCreator (BackgroundPipelineCreator.java:notifyEventTriggered(280)) - trigger a one-shot run on RatisPipelineUtilsThread.
2024-03-04 13:05:30,242 [RatisPipelineUtilsThread-0] INFO  pipeline.RatisPipelineProvider (RatisPipelineProvider.java:lambda$create$0(205)) - Sending CreatePipelineCommand for pipeline:PipelineID=b9b6aa7f-6fc3-4fce-9e5a-9a1c82559281 to datanode:030b8962-d3aa-491b-960b-91563df5eb7e
2024-03-04 13:05:30,242 [EventQueue-NodeRegistrationContainerReportForDataNodeSafeModeRule] INFO  safemode.SCMSafeModeManager (DataNodeSafeModeRule.java:process(71)) - SCM in safe mode. 1 DataNodes registered, 3 required.
2024-03-04 13:05:30,242 [EventQueue-NodeRegistrationContainerReportForContainerSafeModeRule] INFO  safemode.SCMSafeModeManager (SCMSafeModeManager.java:validateSafeModeExitRules(200)) - ContainerSafeModeRule rule is successfully validated
2024-03-04 13:05:30,242 [RatisPipelineUtilsThread-0] INFO  pipeline.BackgroundPipelineCreator (BackgroundPipelineCreator.java:createPipelines(236)) - Created new pipeline Pipeline[ Id: b9b6aa7f-6fc3-4fce-9e5a-9a1c82559281, Nodes: 030b8962-d3aa-491b-960b-91563df5eb7e(fv-az571-795.sssw3dgiwi1e5jwxh1zizygaca.bx.internal.cloudapp.net/10.1.0.12), ReplicationConfig: RATIS/ONE, State:ALLOCATED, leaderId:, CreationTimestamp2024-03-04T13:05:30.242Z[Etc/UTC]]
2024-03-04 13:05:30,244 [EventQueue-PipelineReportForOneReplicaPipelineSafeModeRule] INFO  safemode.SCMSafeModeManager (SCMSafeModeManager.java:validateSafeModeExitRules(200)) - AtleastOneDatanodeReportedRule rule is successfully validated
2024-03-04 13:05:30,332 [IPC Server handler 1 on default port 15260] INFO  net.NetworkTopologyImpl (NetworkTopologyImpl.java:add(124)) - Added a new node: /default-rack/507f219d-b643-4f6d-9e61-19483d6f1b1a
2024-03-04 13:05:30,332 [IPC Server handler 1 on default port 15260] INFO  node.SCMNodeManager (SCMNodeManager.java:register(421)) - Registered datanode: 507f219d-b643-4f6d-9e61-19483d6f1b1a{ip: 10.1.0.12, host: fv-az571-795.sssw3dgiwi1e5jwxh1zizygaca.bx.internal.cloudapp.net, ports: [HTTP=15284, CLIENT_RPC=15285, REPLICATION=15291, RATIS=15287, RATIS_ADMIN=15288, RATIS_SERVER=15289, RATIS_DATASTREAM=15290, STANDALONE=15286], networkLocation: /default-rack, certSerialId: null, persistedOpState: null, persistedOpStateExpiryEpochSec: 0}
2024-03-04 13:05:30,333 [EventQueue-NodeRegistrationContainerReportForDataNodeSafeModeRule] INFO  safemode.SCMSafeModeManager (DataNodeSafeModeRule.java:process(71)) - SCM in safe mode. 2 DataNodes registered, 3 required.
2024-03-04 13:05:30,334 [EventQueue-NewNodeForNewNodeHandler] INFO  pipeline.BackgroundPipelineCreator (BackgroundPipelineCreator.java:notifyEventTriggered(280)) - trigger a one-shot run on RatisPipelineUtilsThread.
2024-03-04 13:05:30,334 [RatisPipelineUtilsThread-0] INFO  pipeline.RatisPipelineProvider (RatisPipelineProvider.java:lambda$create$0(205)) - Sending CreatePipelineCommand for pipeline:PipelineID=eb38791f-3438-4eaf-8875-0643e4425fcc to datanode:507f219d-b643-4f6d-9e61-19483d6f1b1a
2024-03-04 13:05:30,334 [RatisPipelineUtilsThread-0] INFO  pipeline.BackgroundPipelineCreator (BackgroundPipelineCreator.java:createPipelines(236)) - Created new pipeline Pipeline[ Id: eb38791f-3438-4eaf-8875-0643e4425fcc, Nodes: 507f219d-b643-4f6d-9e61-19483d6f1b1a(fv-az571-795.sssw3dgiwi1e5jwxh1zizygaca.bx.internal.cloudapp.net/10.1.0.12), ReplicationConfig: RATIS/ONE, State:ALLOCATED, leaderId:, CreationTimestamp2024-03-04T13:05:30.334Z[Etc/UTC]]
2024-03-04 13:05:30,434 [main] INFO  ozone.MiniOzoneClusterImpl (MiniOzoneClusterImpl.java:lambda$waitForClusterToBeReady$0(194)) - Waiting for nodes to be ready. Got 2 of 3 DN Heartbeats.
2024-03-04 13:05:30,434 [main] INFO  ozone.MiniOzoneClusterImpl (MiniOzoneClusterImpl.java:lambda$waitForClusterToBeReady$0(197)) - Waiting for cluster to exit safe mode
2024-03-04 13:05:30,434 [main] INFO  ozone.MiniOzoneClusterImpl (MiniOzoneClusterImpl.java:lambda$waitForClusterToBeReady$0(199)) - SCM became leader
2024-03-04 13:05:30,438 [IPC Server handler 2 on default port 15260] INFO  net.NetworkTopologyImpl (NetworkTopologyImpl.java:add(124)) - Added a new node: /default-rack/e959d54c-24d7-45fc-984c-db6978067a65
2024-03-04 13:05:30,438 [IPC Server handler 2 on default port 15260] INFO  node.SCMNodeManager (SCMNodeManager.java:register(421)) - Registered datanode: e959d54c-24d7-45fc-984c-db6978067a65{ip: 10.1.0.12, host: fv-az571-795.sssw3dgiwi1e5jwxh1zizygaca.bx.internal.cloudapp.net, ports: [HTTP=15293, CLIENT_RPC=15294, REPLICATION=15300, RATIS=15296, RATIS_ADMIN=15297, RATIS_SERVER=15298, RATIS_DATASTREAM=15299, STANDALONE=15295], networkLocation: /default-rack, certSerialId: null, persistedOpState: null, persistedOpStateExpiryEpochSec: 0}
2024-03-04 13:05:30,439 [EventQueue-NodeRegistrationContainerReportForDataNodeSafeModeRule] INFO  safemode.SCMSafeModeManager (DataNodeSafeModeRule.java:process(71)) - SCM in safe mode. 3 DataNodes registered, 3 required.
2024-03-04 13:05:30,439 [EventQueue-NodeRegistrationContainerReportForDataNodeSafeModeRule] INFO  safemode.SCMSafeModeManager (SCMSafeModeManager.java:validateSafeModeExitRules(200)) - DataNodeSafeModeRule rule is successfully validated
2024-03-04 13:05:30,439 [EventQueue-NodeRegistrationContainerReportForDataNodeSafeModeRule] INFO  safemode.SCMSafeModeManager (SCMSafeModeManager.java:completePreCheck(229)) - All SCM safe mode pre check rules have passed
2024-03-04 13:05:30,439 [EventQueue-NodeRegistrationContainerReportForDataNodeSafeModeRule] INFO  ha.SCMContext (SCMContext.java:updateSafeModeStatus(225)) - Update SafeModeStatus from SafeModeStatus{safeModeStatus=true, preCheckPassed=false} to SafeModeStatus{safeModeStatus=true, preCheckPassed=true}.
2024-03-04 13:05:30,440 [EventQueue-NewNodeForNewNodeHandler] INFO  pipeline.BackgroundPipelineCreator (BackgroundPipelineCreator.java:notifyEventTriggered(280)) - trigger a one-shot run on RatisPipelineUtilsThread.
2024-03-04 13:05:30,440 [EventQueue-NodeRegistrationContainerReportForDataNodeSafeModeRule] INFO  pipeline.BackgroundPipelineCreator (BackgroundPipelineCreator.java:notifyEventTriggered(280)) - trigger a one-shot run on RatisPipelineUtilsThread.
2024-03-04 13:05:30,440 [RatisPipelineUtilsThread-0] INFO  pipeline.RatisPipelineProvider (RatisPipelineProvider.java:lambda$create$0(205)) - Sending CreatePipelineCommand for pipeline:PipelineID=91b12788-1f9f-42ef-90ff-d9fd34f124a7 to datanode:e959d54c-24d7-45fc-984c-db6978067a65
2024-03-04 13:05:30,441 [RatisPipelineUtilsThread-0] INFO  pipeline.BackgroundPipelineCreator (BackgroundPipelineCreator.java:createPipelines(236)) - Created new pipeline Pipeline[ Id: 91b12788-1f9f-42ef-90ff-d9fd34f124a7, Nodes: e959d54c-24d7-45fc-984c-db6978067a65(fv-az571-795.sssw3dgiwi1e5jwxh1zizygaca.bx.internal.cloudapp.net/10.1.0.12), ReplicationConfig: RATIS/ONE, State:ALLOCATED, leaderId:, CreationTimestamp2024-03-04T13:05:30.440Z[Etc/UTC]]
2024-03-04 13:05:30,441 [RatisPipelineUtilsThread-0] INFO  pipeline.RatisPipelineProvider (RatisPipelineProvider.java:lambda$create$0(205)) - Sending CreatePipelineCommand for pipeline:PipelineID=c877ae18-be5c-41d3-a799-6bf4fa2e25b5 to datanode:507f219d-b643-4f6d-9e61-19483d6f1b1a
2024-03-04 13:05:30,441 [RatisPipelineUtilsThread-0] INFO  pipeline.RatisPipelineProvider (RatisPipelineProvider.java:lambda$create$0(205)) - Sending CreatePipelineCommand for pipeline:PipelineID=c877ae18-be5c-41d3-a799-6bf4fa2e25b5 to datanode:030b8962-d3aa-491b-960b-91563df5eb7e
2024-03-04 13:05:30,441 [RatisPipelineUtilsThread-0] INFO  pipeline.RatisPipelineProvider (RatisPipelineProvider.java:lambda$create$0(205)) - Sending CreatePipelineCommand for pipeline:PipelineID=c877ae18-be5c-41d3-a799-6bf4fa2e25b5 to datanode:e959d54c-24d7-45fc-984c-db6978067a65
2024-03-04 13:05:30,441 [RatisPipelineUtilsThread-0] INFO  pipeline.BackgroundPipelineCreator (BackgroundPipelineCreator.java:createPipelines(236)) - Created new pipeline Pipeline[ Id: c877ae18-be5c-41d3-a799-6bf4fa2e25b5, Nodes: 507f219d-b643-4f6d-9e61-19483d6f1b1a(fv-az571-795.sssw3dgiwi1e5jwxh1zizygaca.bx.internal.cloudapp.net/10.1.0.12)030b8962-d3aa-491b-960b-91563df5eb7e(fv-az571-795.sssw3dgiwi1e5jwxh1zizygaca.bx.internal.cloudapp.net/10.1.0.12)e959d54c-24d7-45fc-984c-db6978067a65(fv-az571-795.sssw3dgiwi1e5jwxh1zizygaca.bx.internal.cloudapp.net/10.1.0.12), ReplicationConfig: RATIS/THREE, State:ALLOCATED, leaderId:, CreationTimestamp2024-03-04T13:05:30.441Z[Etc/UTC]]
2024-03-04 13:05:30,442 [RatisPipelineUtilsThread-0] INFO  pipeline.RatisPipelineProvider (RatisPipelineProvider.java:lambda$create$0(205)) - Sending CreatePipelineCommand for pipeline:PipelineID=797fedc8-d198-4570-be13-8b73651bde9d to datanode:e959d54c-24d7-45fc-984c-db6978067a65
2024-03-04 13:05:30,442 [RatisPipelineUtilsThread-0] INFO  pipeline.RatisPipelineProvider (RatisPipelineProvider.java:lambda$create$0(205)) - Sending CreatePipelineCommand for pipeline:PipelineID=797fedc8-d198-4570-be13-8b73651bde9d to datanode:507f219d-b643-4f6d-9e61-19483d6f1b1a
2024-03-04 13:05:30,442 [RatisPipelineUtilsThread-0] INFO  pipeline.RatisPipelineProvider (RatisPipelineProvider.java:lambda$create$0(205)) - Sending CreatePipelineCommand for pipeline:PipelineID=797fedc8-d198-4570-be13-8b73651bde9d to datanode:030b8962-d3aa-491b-960b-91563df5eb7e
2024-03-04 13:05:30,443 [RatisPipelineUtilsThread-0] INFO  pipeline.PipelineManagerImpl (PipelineManagerImpl.java:recordMetricsForPipeline(916)) - Pipeline: PipelineID=797fedc8-d198-4570-be13-8b73651bde9d contains same datanodes as previous pipelines: PipelineID=c877ae18-be5c-41d3-a799-6bf4fa2e25b5 nodeIds: e959d54c-24d7-45fc-984c-db6978067a65, 507f219d-b643-4f6d-9e61-19483d6f1b1a, 030b8962-d3aa-491b-960b-91563df5eb7e
2024-03-04 13:05:30,443 [RatisPipelineUtilsThread-0] INFO  pipeline.BackgroundPipelineCreator (BackgroundPipelineCreator.java:createPipelines(236)) - Created new pipeline Pipeline[ Id: 797fedc8-d198-4570-be13-8b73651bde9d, Nodes: e959d54c-24d7-45fc-984c-db6978067a65(fv-az571-795.sssw3dgiwi1e5jwxh1zizygaca.bx.internal.cloudapp.net/10.1.0.12)507f219d-b643-4f6d-9e61-19483d6f1b1a(fv-az571-795.sssw3dgiwi1e5jwxh1zizygaca.bx.internal.cloudapp.net/10.1.0.12)030b8962-d3aa-491b-960b-91563df5eb7e(fv-az571-795.sssw3dgiwi1e5jwxh1zizygaca.bx.internal.cloudapp.net/10.1.0.12), ReplicationConfig: RATIS/THREE, State:ALLOCATED, leaderId:, CreationTimestamp2024-03-04T13:05:30.442Z[Etc/UTC]]
2024-03-04 13:05:31,435 [main] INFO  ozone.MiniOzoneClusterImpl (MiniOzoneClusterImpl.java:lambda$waitForClusterToBeReady$0(194)) - Nodes are ready. Got 3 of 3 DN Heartbeats.
2024-03-04 13:05:31,435 [main] INFO  ozone.MiniOzoneClusterImpl (MiniOzoneClusterImpl.java:lambda$waitForClusterToBeReady$0(197)) - Waiting for cluster to exit safe mode
2024-03-04 13:05:31,435 [main] INFO  ozone.MiniOzoneClusterImpl (MiniOzoneClusterImpl.java:lambda$waitForClusterToBeReady$0(199)) - SCM became leader
2024-03-04 13:05:32,435 [main] INFO  ozone.MiniOzoneClusterImpl (MiniOzoneClusterImpl.java:lambda$waitForClusterToBeReady$0(194)) - Nodes are ready. Got 3 of 3 DN Heartbeats.
2024-03-04 13:05:32,435 [main] INFO  ozone.MiniOzoneClusterImpl (MiniOzoneClusterImpl.java:lambda$waitForClusterToBeReady$0(197)) - Waiting for cluster to exit safe mode
2024-03-04 13:05:32,436 [main] INFO  ozone.MiniOzoneClusterImpl (MiniOzoneClusterImpl.java:lambda$waitForClusterToBeReady$0(199)) - SCM became leader
2024-03-04 13:05:33,239 [030b8962-d3aa-491b-960b-91563df5eb7e-PipelineCommandHandlerThread-0] INFO  server.RaftServer (RaftServerProxy.java:addNew(100)) - 030b8962-d3aa-491b-960b-91563df5eb7e: addNew group-9A1C82559281:[030b8962-d3aa-491b-960b-91563df5eb7e|10.1.0.12:15280] returns group-9A1C82559281:java.util.concurrent.CompletableFuture@772580af[Not completed]
2024-03-04 13:05:33,240 [030b8962-d3aa-491b-960b-91563df5eb7e-groupManagement] INFO  server.RaftServer$Division (RaftServerImpl.java:<init>(256)) - 030b8962-d3aa-491b-960b-91563df5eb7e: new RaftServerImpl for group-9A1C82559281:[030b8962-d3aa-491b-960b-91563df5eb7e|10.1.0.12:15280] with ContainerStateMachine:uninitialized
2024-03-04 13:05:33,240 [030b8962-d3aa-491b-960b-91563df5eb7e-groupManagement] INFO  server.RaftServerConfigKeys (ConfUtils.java:logGet(46)) - raft.server.rpc.timeout.min = 5s (custom)
2024-03-04 13:05:33,240 [030b8962-d3aa-491b-960b-91563df5eb7e-groupManagement] INFO  server.RaftServerConfigKeys (ConfUtils.java:logGet(46)) - raft.server.rpc.timeout.max = 5200ms (custom)
2024-03-04 13:05:33,240 [030b8962-d3aa-491b-960b-91563df5eb7e-groupManagement] INFO  server.RaftServerConfigKeys (ConfUtils.java:logGet(46)) - raft.server.rpc.sleep.time = 25ms (default)
2024-03-04 13:05:33,240 [030b8962-d3aa-491b-960b-91563df5eb7e-groupManagement] INFO  server.RaftServerConfigKeys (ConfUtils.java:logGet(46)) - raft.server.rpc.slowness.timeout = 300s (custom)
2024-03-04 13:05:33,240 [030b8962-d3aa-491b-960b-91563df5eb7e-groupManagement] INFO  server.RaftServerConfigKeys (ConfUtils.java:logGet(46)) - raft.server.leaderelection.leader.step-down.wait-time = 10s (default)
2024-03-04 13:05:33,240 [030b8962-d3aa-491b-960b-91563df5eb7e-groupManagement] INFO  server.RaftServerConfigKeys (ConfUtils.java:logGet(46)) - raft.server.leaderelection.member.majority-add = false (default)
2024-03-04 13:05:33,240 [030b8962-d3aa-491b-960b-91563df5eb7e-groupManagement] INFO  server.RaftServerConfigKeys (ConfUtils.java:logGet(46)) - raft.server.sleep.deviation.threshold = 300ms (default)
2024-03-04 13:05:33,240 [030b8962-d3aa-491b-960b-91563df5eb7e-groupManagement] INFO  server.RaftServer$Division (ServerState.java:<init>(113)) - 030b8962-d3aa-491b-960b-91563df5eb7e@group-9A1C82559281: ConfigurationManager, init=-1: peers:[030b8962-d3aa-491b-960b-91563df5eb7e|10.1.0.12:15280]|listeners:[], old=null, confs=<EMPTY_MAP>
2024-03-04 13:05:33,240 [030b8962-d3aa-491b-960b-91563df5eb7e-groupManagement] INFO  server.RaftServerConfigKeys (ConfUtils.java:logGet(46)) - raft.server.notification.no-leader.timeout = 300s (custom)
2024-03-04 13:05:33,240 [030b8962-d3aa-491b-960b-91563df5eb7e-groupManagement] INFO  server.RaftServerConfigKeys (ConfUtils.java:logGet(46)) - raft.server.read.timeout = 10s (default)
2024-03-04 13:05:33,240 [030b8962-d3aa-491b-960b-91563df5eb7e-groupManagement] INFO  server.RaftServerConfigKeys (ConfUtils.java:logGet(46)) - raft.server.retrycache.expirytime = 600000ms (custom)
2024-03-04 13:05:33,241 [030b8962-d3aa-491b-960b-91563df5eb7e-groupManagement] INFO  server.RaftServerConfigKeys (ConfUtils.java:logGet(46)) - raft.server.retrycache.statistics.expirytime = 100ms (default)
2024-03-04 13:05:33,241 [030b8962-d3aa-491b-960b-91563df5eb7e-groupManagement] INFO  server.RaftServerConfigKeys (ConfUtils.java:logGet(46)) - raft.server.read.option = DEFAULT (default)
2024-03-04 13:05:33,241 [030b8962-d3aa-491b-960b-91563df5eb7e-groupManagement] INFO  server.RaftServerConfigKeys (ConfUtils.java:logGet(46)) - raft.server.read.read-after-write-consistent.write-index-cache.expiry-time = 60s (default)
2024-03-04 13:05:33,242 [030b8962-d3aa-491b-960b-91563df5eb7e-groupManagement] INFO  server.RaftServerConfigKeys (ConfUtils.java:logGet(46)) - raft.server.rpc.request.timeout = 60s (custom)
2024-03-04 13:05:33,242 [030b8962-d3aa-491b-960b-91563df5eb7e-groupManagement] INFO  server.RaftServerConfigKeys (ConfUtils.java:logGet(46)) - raft.server.log.appender.install.snapshot.enabled = false (custom)
2024-03-04 13:05:33,242 [030b8962-d3aa-491b-960b-91563df5eb7e-groupManagement] INFO  server.RaftServerConfigKeys (ConfUtils.java:logGet(46)) - raft.server.threadpool.server.cached = true (default)
2024-03-04 13:05:33,242 [030b8962-d3aa-491b-960b-91563df5eb7e-groupManagement] INFO  server.RaftServerConfigKeys (ConfUtils.java:logGet(46)) - raft.server.threadpool.server.size = 0 (default)
2024-03-04 13:05:33,242 [030b8962-d3aa-491b-960b-91563df5eb7e-groupManagement] INFO  server.RaftServerConfigKeys (ConfUtils.java:logGet(46)) - raft.server.threadpool.client.cached = true (default)
2024-03-04 13:05:33,242 [030b8962-d3aa-491b-960b-91563df5eb7e-groupManagement] INFO  server.RaftServerConfigKeys (ConfUtils.java:logGet(46)) - raft.server.threadpool.client.size = 0 (default)
2024-03-04 13:05:33,242 [030b8962-d3aa-491b-960b-91563df5eb7e-groupManagement] INFO  server.RaftServerConfigKeys (ConfUtils.java:logGet(46)) - raft.server.storage.free-space.min = 0MB (=0) (default)
2024-03-04 13:05:33,242 [030b8962-d3aa-491b-960b-91563df5eb7e-groupManagement] INFO  server.RaftServerConfigKeys (ConfUtils.java:logGet(46)) - raft.server.log.corruption.policy = EXCEPTION (default)
2024-03-04 13:05:33,242 [030b8962-d3aa-491b-960b-91563df5eb7e-groupManagement] INFO  server.RaftServerConfigKeys (ConfUtils.java:logGet(46)) - raft.server.storage.dir = [/home/runner/work/ozone/ozone/hadoop-ozone/integration-test/target/test-dir/MiniOzoneClusterImpl-6b98b79e-1748-4853-9fc9-d757899c3dd5/ozone-meta/datanode-1/ratis] (custom)
2024-03-04 13:05:33,243 [030b8962-d3aa-491b-960b-91563df5eb7e-groupManagement] INFO  storage.RaftStorageDirectory (RaftStorageDirectoryImpl.java:analyzeStorage(138)) - The storage directory /home/runner/work/ozone/ozone/hadoop-ozone/integration-test/target/test-dir/MiniOzoneClusterImpl-6b98b79e-1748-4853-9fc9-d757899c3dd5/ozone-meta/datanode-1/ratis/b9b6aa7f-6fc3-4fce-9e5a-9a1c82559281 does not exist. Creating ...
2024-03-04 13:05:33,243 [030b8962-d3aa-491b-960b-91563df5eb7e-groupManagement] INFO  storage.RaftStorageDirectory (RaftStorageDirectoryImpl.java:tryLock(228)) - Lock on /home/runner/work/ozone/ozone/hadoop-ozone/integration-test/target/test-dir/MiniOzoneClusterImpl-6b98b79e-1748-4853-9fc9-d757899c3dd5/ozone-meta/datanode-1/ratis/b9b6aa7f-6fc3-4fce-9e5a-9a1c82559281/in_use.lock acquired by nodename 41993@fv-az571-795
2024-03-04 13:05:33,244 [030b8962-d3aa-491b-960b-91563df5eb7e-groupManagement] INFO  storage.RaftStorage (RaftStorageImpl.java:format(99)) - Storage directory /home/runner/work/ozone/ozone/hadoop-ozone/integration-test/target/test-dir/MiniOzoneClusterImpl-6b98b79e-1748-4853-9fc9-d757899c3dd5/ozone-meta/datanode-1/ratis/b9b6aa7f-6fc3-4fce-9e5a-9a1c82559281 has been successfully formatted.
2024-03-04 13:05:33,244 [030b8962-d3aa-491b-960b-91563df5eb7e-groupManagement] WARN  util.FileUtils (LogUtils.java:supplyAndLog(63)) - Failed to Files.newInputStream /home/runner/work/ozone/ozone/hadoop-ozone/integration-test/target/test-dir/MiniOzoneClusterImpl-6b98b79e-1748-4853-9fc9-d757899c3dd5/ozone-meta/datanode-1/ratis/b9b6aa7f-6fc3-4fce-9e5a-9a1c82559281/current/raft-meta.conf with options []: java.nio.file.NoSuchFileException: /home/runner/work/ozone/ozone/hadoop-ozone/integration-test/target/test-dir/MiniOzoneClusterImpl-6b98b79e-1748-4853-9fc9-d757899c3dd5/ozone-meta/datanode-1/ratis/b9b6aa7f-6fc3-4fce-9e5a-9a1c82559281/current/raft-meta.conf
2024-03-04 13:05:33,245 [030b8962-d3aa-491b-960b-91563df5eb7e-groupManagement] INFO  ratis.ContainerStateMachine (ContainerStateMachine.java:loadSnapshot(287)) - group-9A1C82559281: The snapshot info is null. Setting the last applied index to:(t:0, i:~)
2024-03-04 13:05:33,245 [030b8962-d3aa-491b-960b-91563df5eb7e-groupManagement] INFO  server.RaftServerConfigKeys (ConfUtils.java:logGet(46)) - raft.server.log.use.memory = false (default)
2024-03-04 13:05:33,246 [030b8962-d3aa-491b-960b-91563df5eb7e-groupManagement] INFO  server.RaftServerConfigKeys (ConfUtils.java:logGet(46)) - raft.server.log.purge.gap = 1000000 (custom)
2024-03-04 13:05:33,246 [030b8962-d3aa-491b-960b-91563df5eb7e-groupManagement] INFO  server.RaftServerConfigKeys (ConfUtils.java:logGet(46)) - raft.server.log.appender.buffer.byte-limit = 8388608 (custom)
2024-03-04 13:05:33,246 [030b8962-d3aa-491b-960b-91563df5eb7e-groupManagement] INFO  server.RaftServerConfigKeys (ConfUtils.java:logGet(46)) - raft.server.log.statemachine.data.read.timeout = 1000ms (default)
2024-03-04 13:05:33,246 [030b8962-d3aa-491b-960b-91563df5eb7e-groupManagement] INFO  server.RaftServerConfigKeys (ConfUtils.java:logGet(46)) - raft.server.log.purge.preservation.log.num = 0 (default)
2024-03-04 13:05:33,246 [030b8962-d3aa-491b-960b-91563df5eb7e-groupManagement] INFO  server.RaftServerConfigKeys (ConfUtils.java:logGet(46)) - raft.server.log.segment.size.max = 67108864 (custom)
2024-03-04 13:05:33,246 [EventQueue-PipelineReportForPipelineReportHandler] INFO  pipeline.PipelineReportHandler (PipelineReportHandler.java:processPipelineReport(136)) - Opened pipeline PipelineID=b9b6aa7f-6fc3-4fce-9e5a-9a1c82559281
2024-03-04 13:05:33,247 [030b8962-d3aa-491b-960b-91563df5eb7e-groupManagement] INFO  server.RaftServerConfigKeys (ConfUtils.java:logGet(46)) - raft.server.log.segment.cache.num.max = 2 (custom)
2024-03-04 13:05:33,247 [030b8962-d3aa-491b-960b-91563df5eb7e-groupManagement] INFO  server.RaftServerConfigKeys (ConfUtils.java:logGet(46)) - raft.server.log.segment.cache.size.max = 200MB (=209715200) (default)
2024-03-04 13:05:33,247 [030b8962-d3aa-491b-960b-91563df5eb7e-groupManagement] INFO  server.RaftServerConfigKeys (ConfUtils.java:logGet(46)) - raft.server.log.appender.buffer.byte-limit = 8388608 (custom)
2024-03-04 13:05:33,248 [EventQueue-OpenPipelineForHealthyPipelineSafeModeRule] INFO  safemode.SCMSafeModeManager (HealthyPipelineSafeModeRule.java:process(140)) - SCM in safe mode. Healthy pipelines reported count is 0, required healthy pipeline reported count is 1
2024-03-04 13:05:33,248 [030b8962-d3aa-491b-960b-91563df5eb7e-groupManagement] INFO  util.AwaitToRun (AwaitToRun.java:start(81)) - Thread[030b8962-d3aa-491b-960b-91563df5eb7e@group-9A1C82559281-cacheEviction-AwaitToRun,5,main] started
2024-03-04 13:05:33,248 [030b8962-d3aa-491b-960b-91563df5eb7e-groupManagement] INFO  segmented.SegmentedRaftLogWorker (SegmentedRaftLogWorker.java:<init>(182)) - new 030b8962-d3aa-491b-960b-91563df5eb7e@group-9A1C82559281-SegmentedRaftLogWorker for RaftStorageImpl:Storage Directory /home/runner/work/ozone/ozone/hadoop-ozone/integration-test/target/test-dir/MiniOzoneClusterImpl-6b98b79e-1748-4853-9fc9-d757899c3dd5/ozone-meta/datanode-1/ratis/b9b6aa7f-6fc3-4fce-9e5a-9a1c82559281
2024-03-04 13:05:33,248 [030b8962-d3aa-491b-960b-91563df5eb7e-groupManagement] INFO  server.RaftServerConfigKeys (ConfUtils.java:logGet(46)) - raft.server.log.queue.byte-limit = 4294967296 (custom)
2024-03-04 13:05:33,248 [030b8962-d3aa-491b-960b-91563df5eb7e-groupManagement] INFO  server.RaftServerConfigKeys (ConfUtils.java:logGet(46)) - raft.server.log.queue.element-limit = 1024 (custom)
2024-03-04 13:05:33,249 [030b8962-d3aa-491b-960b-91563df5eb7e-groupManagement] INFO  server.RaftServerConfigKeys (ConfUtils.java:logGet(46)) - raft.server.log.segment.size.max = 67108864 (custom)
2024-03-04 13:05:33,249 [030b8962-d3aa-491b-960b-91563df5eb7e-groupManagement] INFO  server.RaftServerConfigKeys (ConfUtils.java:logGet(46)) - raft.server.log.preallocated.size = 4194304 (custom)
2024-03-04 13:05:33,249 [030b8962-d3aa-491b-960b-91563df5eb7e-groupManagement] INFO  server.RaftServerConfigKeys (ConfUtils.java:logGet(46)) - raft.server.log.force.sync.num = 128 (default)
2024-03-04 13:05:33,249 [030b8962-d3aa-491b-960b-91563df5eb7e-groupManagement] INFO  server.RaftServerConfigKeys (ConfUtils.java:logGet(46)) - raft.server.log.statemachine.data.sync = true (default)
2024-03-04 13:05:33,249 [030b8962-d3aa-491b-960b-91563df5eb7e-groupManagement] INFO  server.RaftServerConfigKeys (ConfUtils.java:logGet(46)) - raft.server.log.statemachine.data.sync.timeout = 10s (default)
2024-03-04 13:05:33,249 [030b8962-d3aa-491b-960b-91563df5eb7e-groupManagement] INFO  server.RaftServerConfigKeys (ConfUtils.java:logGet(46)) - raft.server.log.statemachine.data.sync.timeout.retry = 0 (custom)
2024-03-04 13:05:33,249 [030b8962-d3aa-491b-960b-91563df5eb7e-groupManagement] INFO  server.RaftServerConfigKeys (ConfUtils.java:logGet(46)) - raft.server.log.write.buffer.size = 8388616 (custom)
2024-03-04 13:05:33,250 [030b8962-d3aa-491b-960b-91563df5eb7e-groupManagement] INFO  server.RaftServerConfigKeys (ConfUtils.java:logGet(46)) - raft.server.log.appender.buffer.byte-limit = 8388608 (custom)
2024-03-04 13:05:33,251 [030b8962-d3aa-491b-960b-91563df5eb7e-groupManagement] INFO  server.RaftServerConfigKeys (ConfUtils.java:logGet(46)) - raft.server.log.unsafe-flush.enabled = false (default)
2024-03-04 13:05:33,251 [030b8962-d3aa-491b-960b-91563df5eb7e-groupManagement] INFO  server.RaftServerConfigKeys (ConfUtils.java:logGet(46)) - raft.server.log.async-flush.enabled = false (default)
2024-03-04 13:05:33,251 [030b8962-d3aa-491b-960b-91563df5eb7e-groupManagement] INFO  server.RaftServerConfigKeys (ConfUtils.java:logGet(46)) - raft.server.log.statemachine.data.caching.enabled = true (custom)
2024-03-04 13:05:33,251 [030b8962-d3aa-491b-960b-91563df5eb7e-groupManagement] INFO  segmented.SegmentedRaftLogWorker (SegmentedRaftLogWorker.java:lambda$new$0(134)) - 030b8962-d3aa-491b-960b-91563df5eb7e@group-9A1C82559281-SegmentedRaftLogWorker: flushIndex: setUnconditionally 0 -> -1
2024-03-04 13:05:33,251 [030b8962-d3aa-491b-960b-91563df5eb7e-groupManagement] INFO  segmented.SegmentedRaftLogWorker (SegmentedRaftLogWorker.java:lambda$new$0(134)) - 030b8962-d3aa-491b-960b-91563df5eb7e@group-9A1C82559281-SegmentedRaftLogWorker: safeCacheEvictIndex: setUnconditionally 0 -> -1
2024-03-04 13:05:33,251 [030b8962-d3aa-491b-960b-91563df5eb7e-groupManagement] INFO  server.RaftServer$Division (RaftServerImpl.java:start(396)) - 030b8962-d3aa-491b-960b-91563df5eb7e@group-9A1C82559281: start as a follower, conf=-1: peers:[030b8962-d3aa-491b-960b-91563df5eb7e|10.1.0.12:15280]|listeners:[], old=null
2024-03-04 13:05:33,251 [030b8962-d3aa-491b-960b-91563df5eb7e-groupManagement] INFO  server.RaftServer$Division (RaftServerImpl.java:setRole(383)) - 030b8962-d3aa-491b-960b-91563df5eb7e@group-9A1C82559281: changes role from      null to FOLLOWER at term 0 for startAsFollower
2024-03-04 13:05:33,251 [030b8962-d3aa-491b-960b-91563df5eb7e-groupManagement] INFO  impl.RoleInfo (RoleInfo.java:updateAndGet(139)) - 030b8962-d3aa-491b-960b-91563df5eb7e: start 030b8962-d3aa-491b-960b-91563df5eb7e@group-9A1C82559281-FollowerState
2024-03-04 13:05:33,251 [030b8962-d3aa-491b-960b-91563df5eb7e-groupManagement] INFO  util.JmxRegister (JmxRegister.java:tryRegister(44)) - Successfully registered JMX Bean with object name Ratis:service=RaftServer,group=group-9A1C82559281,id=030b8962-d3aa-491b-960b-91563df5eb7e
2024-03-04 13:05:33,251 [030b8962-d3aa-491b-960b-91563df5eb7e@group-9A1C82559281-FollowerState] INFO  server.RaftServerConfigKeys (ConfUtils.java:logFallback(53)) - raft.server.rpc.first-election.timeout.min = 5s (fallback to raft.server.rpc.timeout.min)
2024-03-04 13:05:33,251 [030b8962-d3aa-491b-960b-91563df5eb7e-groupManagement] INFO  server.RaftServerConfigKeys (ConfUtils.java:logGet(46)) - raft.server.snapshot.trigger-when-stop.enabled = true (default)
2024-03-04 13:05:33,251 [030b8962-d3aa-491b-960b-91563df5eb7e@group-9A1C82559281-FollowerState] INFO  server.RaftServerConfigKeys (ConfUtils.java:logFallback(53)) - raft.server.rpc.first-election.timeout.max = 5200ms (fallback to raft.server.rpc.timeout.max)
2024-03-04 13:05:33,251 [030b8962-d3aa-491b-960b-91563df5eb7e-groupManagement] INFO  server.RaftServerConfigKeys (ConfUtils.java:logGet(46)) - raft.server.snapshot.auto.trigger.enabled = true (custom)
2024-03-04 13:05:33,252 [030b8962-d3aa-491b-960b-91563df5eb7e-groupManagement] INFO  server.RaftServerConfigKeys (ConfUtils.java:logGet(46)) - raft.server.snapshot.auto.trigger.threshold = 10000 (custom)
2024-03-04 13:05:33,252 [030b8962-d3aa-491b-960b-91563df5eb7e-groupManagement] INFO  server.RaftServerConfigKeys (ConfUtils.java:logGet(46)) - raft.server.snapshot.retention.file.num = 5 (custom)
2024-03-04 13:05:33,252 [030b8962-d3aa-491b-960b-91563df5eb7e-groupManagement] INFO  server.RaftServerConfigKeys (ConfUtils.java:logGet(46)) - raft.server.log.purge.upto.snapshot.index = false (default)
2024-03-04 13:05:33,252 [030b8962-d3aa-491b-960b-91563df5eb7e-PipelineCommandHandlerThread-0] INFO  ratis.XceiverServerRatis (XceiverServerRatis.java:addGroup(864)) - Created group PipelineID=b9b6aa7f-6fc3-4fce-9e5a-9a1c82559281
2024-03-04 13:05:33,252 [030b8962-d3aa-491b-960b-91563df5eb7e-PipelineCommandHandlerThread-0] INFO  commandhandler.CreatePipelineCommandHandler (CreatePipelineCommandHandler.java:lambda$handle$2(124)) - Created Pipeline RATIS ONE PipelineID=b9b6aa7f-6fc3-4fce-9e5a-9a1c82559281.
2024-03-04 13:05:33,252 [030b8962-d3aa-491b-960b-91563df5eb7e-PipelineCommandHandlerThread-0] INFO  server.RaftServer (RaftServerProxy.java:addNew(100)) - 030b8962-d3aa-491b-960b-91563df5eb7e: addNew group-6BF4FA2E25B5:[030b8962-d3aa-491b-960b-91563df5eb7e|10.1.0.12:15280, e959d54c-24d7-45fc-984c-db6978067a65|10.1.0.12:15298, 507f219d-b643-4f6d-9e61-19483d6f1b1a|10.1.0.12:15289] returns group-6BF4FA2E25B5:java.util.concurrent.CompletableFuture@731a0a93[Not completed]
2024-03-04 13:05:33,253 [030b8962-d3aa-491b-960b-91563df5eb7e-groupManagement] INFO  server.RaftServer$Division (RaftServerImpl.java:<init>(256)) - 030b8962-d3aa-491b-960b-91563df5eb7e: new RaftServerImpl for group-6BF4FA2E25B5:[030b8962-d3aa-491b-960b-91563df5eb7e|10.1.0.12:15280, e959d54c-24d7-45fc-984c-db6978067a65|10.1.0.12:15298, 507f219d-b643-4f6d-9e61-19483d6f1b1a|10.1.0.12:15289] with ContainerStateMachine:uninitialized
2024-03-04 13:05:33,253 [030b8962-d3aa-491b-960b-91563df5eb7e-groupManagement] INFO  server.RaftServerConfigKeys (ConfUtils.java:logGet(46)) - raft.server.rpc.timeout.min = 5s (custom)
2024-03-04 13:05:33,253 [030b8962-d3aa-491b-960b-91563df5eb7e-groupManagement] INFO  server.RaftServerConfigKeys (ConfUtils.java:logGet(46)) - raft.server.rpc.timeout.max = 5200ms (custom)
2024-03-04 13:05:33,253 [030b8962-d3aa-491b-960b-91563df5eb7e-groupManagement] INFO  server.RaftServerConfigKeys (ConfUtils.java:logGet(46)) - raft.server.rpc.sleep.time = 25ms (default)
2024-03-04 13:05:33,253 [030b8962-d3aa-491b-960b-91563df5eb7e-groupManagement] INFO  server.RaftServerConfigKeys (ConfUtils.java:logGet(46)) - raft.server.rpc.slowness.timeout = 300s (custom)
2024-03-04 13:05:33,253 [030b8962-d3aa-491b-960b-91563df5eb7e-groupManagement] INFO  server.RaftServerConfigKeys (ConfUtils.java:logGet(46)) - raft.server.leaderelection.leader.step-down.wait-time = 10s (default)
2024-03-04 13:05:33,253 [030b8962-d3aa-491b-960b-91563df5eb7e-groupManagement] INFO  server.RaftServerConfigKeys (ConfUtils.java:logGet(46)) - raft.server.leaderelection.member.majority-add = false (default)
2024-03-04 13:05:33,253 [030b8962-d3aa-491b-960b-91563df5eb7e-groupManagement] INFO  server.RaftServerConfigKeys (ConfUtils.java:logGet(46)) - raft.server.sleep.deviation.threshold = 300ms (default)
2024-03-04 13:05:33,253 [030b8962-d3aa-491b-960b-91563df5eb7e-groupManagement] INFO  server.RaftServer$Division (ServerState.java:<init>(113)) - 030b8962-d3aa-491b-960b-91563df5eb7e@group-6BF4FA2E25B5: ConfigurationManager, init=-1: peers:[030b8962-d3aa-491b-960b-91563df5eb7e|10.1.0.12:15280, e959d54c-24d7-45fc-984c-db6978067a65|10.1.0.12:15298, 507f219d-b643-4f6d-9e61-19483d6f1b1a|10.1.0.12:15289]|listeners:[], old=null, confs=<EMPTY_MAP>
2024-03-04 13:05:33,253 [030b8962-d3aa-491b-960b-91563df5eb7e-groupManagement] INFO  server.RaftServerConfigKeys (ConfUtils.java:logGet(46)) - raft.server.notification.no-leader.timeout = 300s (custom)
2024-03-04 13:05:33,253 [030b8962-d3aa-491b-960b-91563df5eb7e-groupManagement] INFO  server.RaftServerConfigKeys (ConfUtils.java:logGet(46)) - raft.server.read.timeout = 10s (default)
2024-03-04 13:05:33,253 [030b8962-d3aa-491b-960b-91563df5eb7e-groupManagement] INFO  server.RaftServerConfigKeys (ConfUtils.java:logGet(46)) - raft.server.retrycache.expirytime = 600000ms (custom)
2024-03-04 13:05:33,253 [030b8962-d3aa-491b-960b-91563df5eb7e-groupManagement] INFO  server.RaftServerConfigKeys (ConfUtils.java:logGet(46)) - raft.server.retrycache.statistics.expirytime = 100ms (default)
2024-03-04 13:05:33,253 [030b8962-d3aa-491b-960b-91563df5eb7e-groupManagement] INFO  server.RaftServerConfigKeys (ConfUtils.java:logGet(46)) - raft.server.read.option = DEFAULT (default)
2024-03-04 13:05:33,254 [030b8962-d3aa-491b-960b-91563df5eb7e-groupManagement] INFO  server.RaftServerConfigKeys (ConfUtils.java:logGet(46)) - raft.server.read.read-after-write-consistent.write-index-cache.expiry-time = 60s (default)
2024-03-04 13:05:33,255 [030b8962-d3aa-491b-960b-91563df5eb7e-groupManagement] INFO  server.RaftServerConfigKeys (ConfUtils.java:logGet(46)) - raft.server.rpc.request.timeout = 60s (custom)
2024-03-04 13:05:33,255 [030b8962-d3aa-491b-960b-91563df5eb7e-groupManagement] INFO  server.RaftServerConfigKeys (ConfUtils.java:logGet(46)) - raft.server.log.appender.install.snapshot.enabled = false (custom)
2024-03-04 13:05:33,255 [030b8962-d3aa-491b-960b-91563df5eb7e-groupManagement] INFO  server.RaftServerConfigKeys (ConfUtils.java:logGet(46)) - raft.server.threadpool.server.cached = true (default)
2024-03-04 13:05:33,255 [030b8962-d3aa-491b-960b-91563df5eb7e-groupManagement] INFO  server.RaftServerConfigKeys (ConfUtils.java:logGet(46)) - raft.server.threadpool.server.size = 0 (default)
2024-03-04 13:05:33,255 [030b8962-d3aa-491b-960b-91563df5eb7e-groupManagement] INFO  server.RaftServerConfigKeys (ConfUtils.java:logGet(46)) - raft.server.threadpool.client.cached = true (default)
2024-03-04 13:05:33,255 [030b8962-d3aa-491b-960b-91563df5eb7e-groupManagement] INFO  server.RaftServerConfigKeys (ConfUtils.java:logGet(46)) - raft.server.threadpool.client.size = 0 (default)
2024-03-04 13:05:33,255 [030b8962-d3aa-491b-960b-91563df5eb7e-groupManagement] INFO  server.RaftServerConfigKeys (ConfUtils.java:logGet(46)) - raft.server.storage.free-space.min = 0MB (=0) (default)
2024-03-04 13:05:33,255 [030b8962-d3aa-491b-960b-91563df5eb7e-groupManagement] INFO  server.RaftServerConfigKeys (ConfUtils.java:logGet(46)) - raft.server.log.corruption.policy = EXCEPTION (default)
2024-03-04 13:05:33,255 [030b8962-d3aa-491b-960b-91563df5eb7e-groupManagement] INFO  server.RaftServerConfigKeys (ConfUtils.java:logGet(46)) - raft.server.storage.dir = [/home/runner/work/ozone/ozone/hadoop-ozone/integration-test/target/test-dir/MiniOzoneClusterImpl-6b98b79e-1748-4853-9fc9-d757899c3dd5/ozone-meta/datanode-1/ratis] (custom)
2024-03-04 13:05:33,256 [030b8962-d3aa-491b-960b-91563df5eb7e-groupManagement] INFO  storage.RaftStorageDirectory (RaftStorageDirectoryImpl.java:analyzeStorage(138)) - The storage directory /home/runner/work/ozone/ozone/hadoop-ozone/integration-test/target/test-dir/MiniOzoneClusterImpl-6b98b79e-1748-4853-9fc9-d757899c3dd5/ozone-meta/datanode-1/ratis/c877ae18-be5c-41d3-a799-6bf4fa2e25b5 does not exist. Creating ...
2024-03-04 13:05:33,256 [030b8962-d3aa-491b-960b-91563df5eb7e-groupManagement] INFO  storage.RaftStorageDirectory (RaftStorageDirectoryImpl.java:tryLock(228)) - Lock on /home/runner/work/ozone/ozone/hadoop-ozone/integration-test/target/test-dir/MiniOzoneClusterImpl-6b98b79e-1748-4853-9fc9-d757899c3dd5/ozone-meta/datanode-1/ratis/c877ae18-be5c-41d3-a799-6bf4fa2e25b5/in_use.lock acquired by nodename 41993@fv-az571-795
2024-03-04 13:05:33,257 [030b8962-d3aa-491b-960b-91563df5eb7e-groupManagement] INFO  storage.RaftStorage (RaftStorageImpl.java:format(99)) - Storage directory /home/runner/work/ozone/ozone/hadoop-ozone/integration-test/target/test-dir/MiniOzoneClusterImpl-6b98b79e-1748-4853-9fc9-d757899c3dd5/ozone-meta/datanode-1/ratis/c877ae18-be5c-41d3-a799-6bf4fa2e25b5 has been successfully formatted.
2024-03-04 13:05:33,257 [030b8962-d3aa-491b-960b-91563df5eb7e-groupManagement] WARN  util.FileUtils (LogUtils.java:supplyAndLog(63)) - Failed to Files.newInputStream /home/runner/work/ozone/ozone/hadoop-ozone/integration-test/target/test-dir/MiniOzoneClusterImpl-6b98b79e-1748-4853-9fc9-d757899c3dd5/ozone-meta/datanode-1/ratis/c877ae18-be5c-41d3-a799-6bf4fa2e25b5/current/raft-meta.conf with options []: java.nio.file.NoSuchFileException: /home/runner/work/ozone/ozone/hadoop-ozone/integration-test/target/test-dir/MiniOzoneClusterImpl-6b98b79e-1748-4853-9fc9-d757899c3dd5/ozone-meta/datanode-1/ratis/c877ae18-be5c-41d3-a799-6bf4fa2e25b5/current/raft-meta.conf
2024-03-04 13:05:33,257 [030b8962-d3aa-491b-960b-91563df5eb7e-groupManagement] INFO  ratis.ContainerStateMachine (ContainerStateMachine.java:loadSnapshot(287)) - group-6BF4FA2E25B5: The snapshot info is null. Setting the last applied index to:(t:0, i:~)
2024-03-04 13:05:33,257 [030b8962-d3aa-491b-960b-91563df5eb7e-groupManagement] INFO  server.RaftServerConfigKeys (ConfUtils.java:logGet(46)) - raft.server.log.use.memory = false (default)
2024-03-04 13:05:33,258 [030b8962-d3aa-491b-960b-91563df5eb7e-groupManagement] INFO  server.RaftServerConfigKeys (ConfUtils.java:logGet(46)) - raft.server.log.purge.gap = 1000000 (custom)
2024-03-04 13:05:33,258 [030b8962-d3aa-491b-960b-91563df5eb7e-groupManagement] INFO  server.RaftServerConfigKeys (ConfUtils.java:logGet(46)) - raft.server.log.appender.buffer.byte-limit = 8388608 (custom)
2024-03-04 13:05:33,258 [030b8962-d3aa-491b-960b-91563df5eb7e-groupManagement] INFO  server.RaftServerConfigKeys (ConfUtils.java:logGet(46)) - raft.server.log.statemachine.data.read.timeout = 1000ms (default)
2024-03-04 13:05:33,258 [030b8962-d3aa-491b-960b-91563df5eb7e-groupManagement] INFO  server.RaftServerConfigKeys (ConfUtils.java:logGet(46)) - raft.server.log.purge.preservation.log.num = 0 (default)
2024-03-04 13:05:33,258 [030b8962-d3aa-491b-960b-91563df5eb7e-groupManagement] INFO  server.RaftServerConfigKeys (ConfUtils.java:logGet(46)) - raft.server.log.segment.size.max = 67108864 (custom)
2024-03-04 13:05:33,259 [030b8962-d3aa-491b-960b-91563df5eb7e-groupManagement] INFO  server.RaftServerConfigKeys (ConfUtils.java:logGet(46)) - raft.server.log.segment.cache.num.max = 2 (custom)
2024-03-04 13:05:33,259 [030b8962-d3aa-491b-960b-91563df5eb7e-groupManagement] INFO  server.RaftServerConfigKeys (ConfUtils.java:logGet(46)) - raft.server.log.segment.cache.size.max = 200MB (=209715200) (default)
2024-03-04 13:05:33,259 [030b8962-d3aa-491b-960b-91563df5eb7e-groupManagement] INFO  server.RaftServerConfigKeys (ConfUtils.java:logGet(46)) - raft.server.log.appender.buffer.byte-limit = 8388608 (custom)
2024-03-04 13:05:33,259 [030b8962-d3aa-491b-960b-91563df5eb7e-groupManagement] INFO  util.AwaitToRun (AwaitToRun.java:start(81)) - Thread[030b8962-d3aa-491b-960b-91563df5eb7e@group-6BF4FA2E25B5-cacheEviction-AwaitToRun,5,main] started
2024-03-04 13:05:33,259 [030b8962-d3aa-491b-960b-91563df5eb7e-groupManagement] INFO  segmented.SegmentedRaftLogWorker (SegmentedRaftLogWorker.java:<init>(182)) - new 030b8962-d3aa-491b-960b-91563df5eb7e@group-6BF4FA2E25B5-SegmentedRaftLogWorker for RaftStorageImpl:Storage Directory /home/runner/work/ozone/ozone/hadoop-ozone/integration-test/target/test-dir/MiniOzoneClusterImpl-6b98b79e-1748-4853-9fc9-d757899c3dd5/ozone-meta/datanode-1/ratis/c877ae18-be5c-41d3-a799-6bf4fa2e25b5
2024-03-04 13:05:33,259 [030b8962-d3aa-491b-960b-91563df5eb7e-groupManagement] INFO  server.RaftServerConfigKeys (ConfUtils.java:logGet(46)) - raft.server.log.queue.byte-limit = 4294967296 (custom)
2024-03-04 13:05:33,259 [030b8962-d3aa-491b-960b-91563df5eb7e-groupManagement] INFO  server.RaftServerConfigKeys (ConfUtils.java:logGet(46)) - raft.server.log.queue.element-limit = 1024 (custom)
2024-03-04 13:05:33,259 [030b8962-d3aa-491b-960b-91563df5eb7e-groupManagement] INFO  server.RaftServerConfigKeys (ConfUtils.java:logGet(46)) - raft.server.log.segment.size.max = 67108864 (custom)
2024-03-04 13:05:33,259 [030b8962-d3aa-491b-960b-91563df5eb7e-groupManagement] INFO  server.RaftServerConfigKeys (ConfUtils.java:logGet(46)) - raft.server.log.preallocated.size = 4194304 (custom)
2024-03-04 13:05:33,259 [030b8962-d3aa-491b-960b-91563df5eb7e-groupManagement] INFO  server.RaftServerConfigKeys (ConfUtils.java:logGet(46)) - raft.server.log.force.sync.num = 128 (default)
2024-03-04 13:05:33,259 [030b8962-d3aa-491b-960b-91563df5eb7e-groupManagement] INFO  server.RaftServerConfigKeys (ConfUtils.java:logGet(46)) - raft.server.log.statemachine.data.sync = true (default)
2024-03-04 13:05:33,259 [030b8962-d3aa-491b-960b-91563df5eb7e-groupManagement] INFO  server.RaftServerConfigKeys (ConfUtils.java:logGet(46)) - raft.server.log.statemachine.data.sync.timeout = 10s (default)
2024-03-04 13:05:33,259 [030b8962-d3aa-491b-960b-91563df5eb7e-groupManagement] INFO  server.RaftServerConfigKeys (ConfUtils.java:logGet(46)) - raft.server.log.statemachine.data.sync.timeout.retry = 0 (custom)
2024-03-04 13:05:33,260 [030b8962-d3aa-491b-960b-91563df5eb7e-groupManagement] INFO  server.RaftServerConfigKeys (ConfUtils.java:logGet(46)) - raft.server.log.write.buffer.size = 8388616 (custom)
2024-03-04 13:05:33,261 [030b8962-d3aa-491b-960b-91563df5eb7e-groupManagement] INFO  server.RaftServerConfigKeys (ConfUtils.java:logGet(46)) - raft.server.log.appender.buffer.byte-limit = 8388608 (custom)
2024-03-04 13:05:33,261 [030b8962-d3aa-491b-960b-91563df5eb7e-groupManagement] INFO  server.RaftServerConfigKeys (ConfUtils.java:logGet(46)) - raft.server.log.unsafe-flush.enabled = false (default)
2024-03-04 13:05:33,261 [030b8962-d3aa-491b-960b-91563df5eb7e-groupManagement] INFO  server.RaftServerConfigKeys (ConfUtils.java:logGet(46)) - raft.server.log.async-flush.enabled = false (default)
2024-03-04 13:05:33,261 [030b8962-d3aa-491b-960b-91563df5eb7e-groupManagement] INFO  server.RaftServerConfigKeys (ConfUtils.java:logGet(46)) - raft.server.log.statemachine.data.caching.enabled = true (custom)
2024-03-04 13:05:33,261 [030b8962-d3aa-491b-960b-91563df5eb7e-groupManagement] INFO  segmented.SegmentedRaftLogWorker (SegmentedRaftLogWorker.java:lambda$new$0(134)) - 030b8962-d3aa-491b-960b-91563df5eb7e@group-6BF4FA2E25B5-SegmentedRaftLogWorker: flushIndex: setUnconditionally 0 -> -1
2024-03-04 13:05:33,261 [030b8962-d3aa-491b-960b-91563df5eb7e-groupManagement] INFO  segmented.SegmentedRaftLogWorker (SegmentedRaftLogWorker.java:lambda$new$0(134)) - 030b8962-d3aa-491b-960b-91563df5eb7e@group-6BF4FA2E25B5-SegmentedRaftLogWorker: safeCacheEvictIndex: setUnconditionally 0 -> -1
2024-03-04 13:05:33,261 [EventQueue-OpenPipelineForHealthyPipelineSafeModeRule] INFO  safemode.SCMSafeModeManager (HealthyPipelineSafeModeRule.java:process(140)) - SCM in safe mode. Healthy pipelines reported count is 0, required healthy pipeline reported count is 1
2024-03-04 13:05:33,261 [030b8962-d3aa-491b-960b-91563df5eb7e-groupManagement] INFO  server.RaftServer$Division (RaftServerImpl.java:start(396)) - 030b8962-d3aa-491b-960b-91563df5eb7e@group-6BF4FA2E25B5: start as a follower, conf=-1: peers:[030b8962-d3aa-491b-960b-91563df5eb7e|10.1.0.12:15280, e959d54c-24d7-45fc-984c-db6978067a65|10.1.0.12:15298, 507f219d-b643-4f6d-9e61-19483d6f1b1a|10.1.0.12:15289]|listeners:[], old=null
2024-03-04 13:05:33,261 [030b8962-d3aa-491b-960b-91563df5eb7e-groupManagement] INFO  server.RaftServer$Division (RaftServerImpl.java:setRole(383)) - 030b8962-d3aa-491b-960b-91563df5eb7e@group-6BF4FA2E25B5: changes role from      null to FOLLOWER at term 0 for startAsFollower
2024-03-04 13:05:33,262 [030b8962-d3aa-491b-960b-91563df5eb7e-groupManagement] INFO  impl.RoleInfo (RoleInfo.java:updateAndGet(139)) - 030b8962-d3aa-491b-960b-91563df5eb7e: start 030b8962-d3aa-491b-960b-91563df5eb7e@group-6BF4FA2E25B5-FollowerState
2024-03-04 13:05:33,262 [030b8962-d3aa-491b-960b-91563df5eb7e@group-6BF4FA2E25B5-FollowerState] INFO  server.RaftServerConfigKeys (ConfUtils.java:logFallback(53)) - raft.server.rpc.first-election.timeout.min = 5s (fallback to raft.server.rpc.timeout.min)
2024-03-04 13:05:33,262 [030b8962-d3aa-491b-960b-91563df5eb7e-groupManagement] INFO  util.JmxRegister (JmxRegister.java:tryRegister(44)) - Successfully registered JMX Bean with object name Ratis:service=RaftServer,group=group-6BF4FA2E25B5,id=030b8962-d3aa-491b-960b-91563df5eb7e
2024-03-04 13:05:33,262 [030b8962-d3aa-491b-960b-91563df5eb7e-groupManagement] INFO  server.RaftServerConfigKeys (ConfUtils.java:logGet(46)) - raft.server.snapshot.trigger-when-stop.enabled = true (default)
2024-03-04 13:05:33,262 [030b8962-d3aa-491b-960b-91563df5eb7e-groupManagement] INFO  server.RaftServerConfigKeys (ConfUtils.java:logGet(46)) - raft.server.snapshot.auto.trigger.enabled = true (custom)
2024-03-04 13:05:33,262 [030b8962-d3aa-491b-960b-91563df5eb7e-groupManagement] INFO  server.RaftServerConfigKeys (ConfUtils.java:logGet(46)) - raft.server.snapshot.auto.trigger.threshold = 10000 (custom)
2024-03-04 13:05:33,262 [030b8962-d3aa-491b-960b-91563df5eb7e-groupManagement] INFO  server.RaftServerConfigKeys (ConfUtils.java:logGet(46)) - raft.server.snapshot.retention.file.num = 5 (custom)
2024-03-04 13:05:33,262 [030b8962-d3aa-491b-960b-91563df5eb7e-groupManagement] INFO  server.RaftServerConfigKeys (ConfUtils.java:logGet(46)) - raft.server.log.purge.upto.snapshot.index = false (default)
2024-03-04 13:05:33,262 [030b8962-d3aa-491b-960b-91563df5eb7e@group-6BF4FA2E25B5-FollowerState] INFO  server.RaftServerConfigKeys (ConfUtils.java:logFallback(53)) - raft.server.rpc.first-election.timeout.max = 5200ms (fallback to raft.server.rpc.timeout.max)
2024-03-04 13:05:33,262 [030b8962-d3aa-491b-960b-91563df5eb7e-PipelineCommandHandlerThread-0] INFO  ratis.XceiverServerRatis (XceiverServerRatis.java:addGroup(864)) - Created group PipelineID=c877ae18-be5c-41d3-a799-6bf4fa2e25b5
2024-03-04 13:05:33,270 [grpc-default-executor-2] INFO  server.RaftServer (RaftServerProxy.java:addNew(100)) - 507f219d-b643-4f6d-9e61-19483d6f1b1a: addNew group-6BF4FA2E25B5:[030b8962-d3aa-491b-960b-91563df5eb7e|10.1.0.12:15280, e959d54c-24d7-45fc-984c-db6978067a65|10.1.0.12:15298, 507f219d-b643-4f6d-9e61-19483d6f1b1a|10.1.0.12:15289] returns group-6BF4FA2E25B5:java.util.concurrent.CompletableFuture@8e6272b[Not completed]
2024-03-04 13:05:33,270 [507f219d-b643-4f6d-9e61-19483d6f1b1a-groupManagement] INFO  server.RaftServer$Division (RaftServerImpl.java:<init>(256)) - 507f219d-b643-4f6d-9e61-19483d6f1b1a: new RaftServerImpl for group-6BF4FA2E25B5:[030b8962-d3aa-491b-960b-91563df5eb7e|10.1.0.12:15280, e959d54c-24d7-45fc-984c-db6978067a65|10.1.0.12:15298, 507f219d-b643-4f6d-9e61-19483d6f1b1a|10.1.0.12:15289] with ContainerStateMachine:uninitialized
2024-03-04 13:05:33,270 [507f219d-b643-4f6d-9e61-19483d6f1b1a-groupManagement] INFO  server.RaftServerConfigKeys (ConfUtils.java:logGet(46)) - raft.server.rpc.timeout.min = 5s (custom)
2024-03-04 13:05:33,270 [507f219d-b643-4f6d-9e61-19483d6f1b1a-groupManagement] INFO  server.RaftServerConfigKeys (ConfUtils.java:logGet(46)) - raft.server.rpc.timeout.max = 5200ms (custom)
2024-03-04 13:05:33,270 [507f219d-b643-4f6d-9e61-19483d6f1b1a-groupManagement] INFO  server.RaftServerConfigKeys (ConfUtils.java:logGet(46)) - raft.server.rpc.sleep.time = 25ms (default)
2024-03-04 13:05:33,270 [507f219d-b643-4f6d-9e61-19483d6f1b1a-groupManagement] INFO  server.RaftServerConfigKeys (ConfUtils.java:logGet(46)) - raft.server.rpc.slowness.timeout = 300s (custom)
2024-03-04 13:05:33,270 [507f219d-b643-4f6d-9e61-19483d6f1b1a-groupManagement] INFO  server.RaftServerConfigKeys (ConfUtils.java:logGet(46)) - raft.server.leaderelection.leader.step-down.wait-time = 10s (default)
2024-03-04 13:05:33,270 [507f219d-b643-4f6d-9e61-19483d6f1b1a-groupManagement] INFO  server.RaftServerConfigKeys (ConfUtils.java:logGet(46)) - raft.server.leaderelection.member.majority-add = false (default)
2024-03-04 13:05:33,270 [507f219d-b643-4f6d-9e61-19483d6f1b1a-groupManagement] INFO  server.RaftServerConfigKeys (ConfUtils.java:logGet(46)) - raft.server.sleep.deviation.threshold = 300ms (default)
2024-03-04 13:05:33,271 [507f219d-b643-4f6d-9e61-19483d6f1b1a-groupManagement] INFO  server.RaftServer$Division (ServerState.java:<init>(113)) - 507f219d-b643-4f6d-9e61-19483d6f1b1a@group-6BF4FA2E25B5: ConfigurationManager, init=-1: peers:[030b8962-d3aa-491b-960b-91563df5eb7e|10.1.0.12:15280, e959d54c-24d7-45fc-984c-db6978067a65|10.1.0.12:15298, 507f219d-b643-4f6d-9e61-19483d6f1b1a|10.1.0.12:15289]|listeners:[], old=null, confs=<EMPTY_MAP>
2024-03-04 13:05:33,271 [507f219d-b643-4f6d-9e61-19483d6f1b1a-groupManagement] INFO  server.RaftServerConfigKeys (ConfUtils.java:logGet(46)) - raft.server.notification.no-leader.timeout = 300s (custom)
2024-03-04 13:05:33,271 [507f219d-b643-4f6d-9e61-19483d6f1b1a-groupManagement] INFO  server.RaftServerConfigKeys (ConfUtils.java:logGet(46)) - raft.server.read.timeout = 10s (default)
2024-03-04 13:05:33,271 [507f219d-b643-4f6d-9e61-19483d6f1b1a-groupManagement] INFO  server.RaftServerConfigKeys (ConfUtils.java:logGet(46)) - raft.server.retrycache.expirytime = 600000ms (custom)
2024-03-04 13:05:33,271 [507f219d-b643-4f6d-9e61-19483d6f1b1a-groupManagement] INFO  server.RaftServerConfigKeys (ConfUtils.java:logGet(46)) - raft.server.retrycache.statistics.expirytime = 100ms (default)
2024-03-04 13:05:33,271 [507f219d-b643-4f6d-9e61-19483d6f1b1a-groupManagement] INFO  server.RaftServerConfigKeys (ConfUtils.java:logGet(46)) - raft.server.read.option = DEFAULT (default)
2024-03-04 13:05:33,271 [507f219d-b643-4f6d-9e61-19483d6f1b1a-groupManagement] INFO  server.RaftServerConfigKeys (ConfUtils.java:logGet(46)) - raft.server.read.read-after-write-consistent.write-index-cache.expiry-time = 60s (default)
2024-03-04 13:05:33,272 [507f219d-b643-4f6d-9e61-19483d6f1b1a-groupManagement] INFO  server.RaftServerConfigKeys (ConfUtils.java:logGet(46)) - raft.server.rpc.request.timeout = 60s (custom)
2024-03-04 13:05:33,272 [507f219d-b643-4f6d-9e61-19483d6f1b1a-groupManagement] INFO  server.RaftServerConfigKeys (ConfUtils.java:logGet(46)) - raft.server.log.appender.install.snapshot.enabled = false (custom)
2024-03-04 13:05:33,272 [507f219d-b643-4f6d-9e61-19483d6f1b1a-groupManagement] INFO  server.RaftServerConfigKeys (ConfUtils.java:logGet(46)) - raft.server.threadpool.server.cached = true (default)
2024-03-04 13:05:33,272 [507f219d-b643-4f6d-9e61-19483d6f1b1a-groupManagement] INFO  server.RaftServerConfigKeys (ConfUtils.java:logGet(46)) - raft.server.threadpool.server.size = 0 (default)
2024-03-04 13:05:33,272 [507f219d-b643-4f6d-9e61-19483d6f1b1a-groupManagement] INFO  server.RaftServerConfigKeys (ConfUtils.java:logGet(46)) - raft.server.threadpool.client.cached = true (default)
2024-03-04 13:05:33,272 [507f219d-b643-4f6d-9e61-19483d6f1b1a-groupManagement] INFO  server.RaftServerConfigKeys (ConfUtils.java:logGet(46)) - raft.server.threadpool.client.size = 0 (default)
2024-03-04 13:05:33,272 [507f219d-b643-4f6d-9e61-19483d6f1b1a-groupManagement] INFO  server.RaftServerConfigKeys (ConfUtils.java:logGet(46)) - raft.server.storage.free-space.min = 0MB (=0) (default)
2024-03-04 13:05:33,272 [507f219d-b643-4f6d-9e61-19483d6f1b1a-groupManagement] INFO  server.RaftServerConfigKeys (ConfUtils.java:logGet(46)) - raft.server.log.corruption.policy = EXCEPTION (default)
2024-03-04 13:05:33,272 [507f219d-b643-4f6d-9e61-19483d6f1b1a-groupManagement] INFO  server.RaftServerConfigKeys (ConfUtils.java:logGet(46)) - raft.server.storage.dir = [/home/runner/work/ozone/ozone/hadoop-ozone/integration-test/target/test-dir/MiniOzoneClusterImpl-6b98b79e-1748-4853-9fc9-d757899c3dd5/ozone-meta/datanode-2/ratis] (custom)
2024-03-04 13:05:33,272 [507f219d-b643-4f6d-9e61-19483d6f1b1a-groupManagement] INFO  storage.RaftStorageDirectory (RaftStorageDirectoryImpl.java:analyzeStorage(138)) - The storage directory /home/runner/work/ozone/ozone/hadoop-ozone/integration-test/target/test-dir/MiniOzoneClusterImpl-6b98b79e-1748-4853-9fc9-d757899c3dd5/ozone-meta/datanode-2/ratis/c877ae18-be5c-41d3-a799-6bf4fa2e25b5 does not exist. Creating ...
2024-03-04 13:05:33,273 [507f219d-b643-4f6d-9e61-19483d6f1b1a-groupManagement] INFO  storage.RaftStorageDirectory (RaftStorageDirectoryImpl.java:tryLock(228)) - Lock on /home/runner/work/ozone/ozone/hadoop-ozone/integration-test/target/test-dir/MiniOzoneClusterImpl-6b98b79e-1748-4853-9fc9-d757899c3dd5/ozone-meta/datanode-2/ratis/c877ae18-be5c-41d3-a799-6bf4fa2e25b5/in_use.lock acquired by nodename 41993@fv-az571-795
2024-03-04 13:05:33,273 [507f219d-b643-4f6d-9e61-19483d6f1b1a-groupManagement] INFO  storage.RaftStorage (RaftStorageImpl.java:format(99)) - Storage directory /home/runner/work/ozone/ozone/hadoop-ozone/integration-test/target/test-dir/MiniOzoneClusterImpl-6b98b79e-1748-4853-9fc9-d757899c3dd5/ozone-meta/datanode-2/ratis/c877ae18-be5c-41d3-a799-6bf4fa2e25b5 has been successfully formatted.
2024-03-04 13:05:33,274 [507f219d-b643-4f6d-9e61-19483d6f1b1a-groupManagement] WARN  util.FileUtils (LogUtils.java:supplyAndLog(63)) - Failed to Files.newInputStream /home/runner/work/ozone/ozone/hadoop-ozone/integration-test/target/test-dir/MiniOzoneClusterImpl-6b98b79e-1748-4853-9fc9-d757899c3dd5/ozone-meta/datanode-2/ratis/c877ae18-be5c-41d3-a799-6bf4fa2e25b5/current/raft-meta.conf with options []: java.nio.file.NoSuchFileException: /home/runner/work/ozone/ozone/hadoop-ozone/integration-test/target/test-dir/MiniOzoneClusterImpl-6b98b79e-1748-4853-9fc9-d757899c3dd5/ozone-meta/datanode-2/ratis/c877ae18-be5c-41d3-a799-6bf4fa2e25b5/current/raft-meta.conf
2024-03-04 13:05:33,276 [507f219d-b643-4f6d-9e61-19483d6f1b1a-groupManagement] INFO  ratis.ContainerStateMachine (ContainerStateMachine.java:loadSnapshot(287)) - group-6BF4FA2E25B5: The snapshot info is null. Setting the last applied index to:(t:0, i:~)
2024-03-04 13:05:33,277 [507f219d-b643-4f6d-9e61-19483d6f1b1a-groupManagement] INFO  server.RaftServerConfigKeys (ConfUtils.java:logGet(46)) - raft.server.log.use.memory = false (default)
2024-03-04 13:05:33,277 [507f219d-b643-4f6d-9e61-19483d6f1b1a-groupManagement] INFO  server.RaftServerConfigKeys (ConfUtils.java:logGet(46)) - raft.server.log.purge.gap = 1000000 (custom)
2024-03-04 13:05:33,277 [507f219d-b643-4f6d-9e61-19483d6f1b1a-groupManagement] INFO  server.RaftServerConfigKeys (ConfUtils.java:logGet(46)) - raft.server.log.appender.buffer.byte-limit = 8388608 (custom)
2024-03-04 13:05:33,278 [507f219d-b643-4f6d-9e61-19483d6f1b1a-groupManagement] INFO  server.RaftServerConfigKeys (ConfUtils.java:logGet(46)) - raft.server.log.statemachine.data.read.timeout = 1000ms (default)
2024-03-04 13:05:33,278 [507f219d-b643-4f6d-9e61-19483d6f1b1a-groupManagement] INFO  server.RaftServerConfigKeys (ConfUtils.java:logGet(46)) - raft.server.log.purge.preservation.log.num = 0 (default)
2024-03-04 13:05:33,278 [507f219d-b643-4f6d-9e61-19483d6f1b1a-groupManagement] INFO  server.RaftServerConfigKeys (ConfUtils.java:logGet(46)) - raft.server.log.segment.size.max = 67108864 (custom)
2024-03-04 13:05:33,279 [507f219d-b643-4f6d-9e61-19483d6f1b1a-groupManagement] INFO  server.RaftServerConfigKeys (ConfUtils.java:logGet(46)) - raft.server.log.segment.cache.num.max = 2 (custom)
2024-03-04 13:05:33,279 [507f219d-b643-4f6d-9e61-19483d6f1b1a-groupManagement] INFO  server.RaftServerConfigKeys (ConfUtils.java:logGet(46)) - raft.server.log.segment.cache.size.max = 200MB (=209715200) (default)
2024-03-04 13:05:33,279 [507f219d-b643-4f6d-9e61-19483d6f1b1a-groupManagement] INFO  server.RaftServerConfigKeys (ConfUtils.java:logGet(46)) - raft.server.log.appender.buffer.byte-limit = 8388608 (custom)
2024-03-04 13:05:33,279 [507f219d-b643-4f6d-9e61-19483d6f1b1a-groupManagement] INFO  util.AwaitToRun (AwaitToRun.java:start(81)) - Thread[507f219d-b643-4f6d-9e61-19483d6f1b1a@group-6BF4FA2E25B5-cacheEviction-AwaitToRun,5,main] started
2024-03-04 13:05:33,279 [507f219d-b643-4f6d-9e61-19483d6f1b1a-groupManagement] INFO  segmented.SegmentedRaftLogWorker (SegmentedRaftLogWorker.java:<init>(182)) - new 507f219d-b643-4f6d-9e61-19483d6f1b1a@group-6BF4FA2E25B5-SegmentedRaftLogWorker for RaftStorageImpl:Storage Directory /home/runner/work/ozone/ozone/hadoop-ozone/integration-test/target/test-dir/MiniOzoneClusterImpl-6b98b79e-1748-4853-9fc9-d757899c3dd5/ozone-meta/datanode-2/ratis/c877ae18-be5c-41d3-a799-6bf4fa2e25b5
2024-03-04 13:05:33,279 [507f219d-b643-4f6d-9e61-19483d6f1b1a-groupManagement] INFO  server.RaftServerConfigKeys (ConfUtils.java:logGet(46)) - raft.server.log.queue.byte-limit = 4294967296 (custom)
2024-03-04 13:05:33,279 [507f219d-b643-4f6d-9e61-19483d6f1b1a-groupManagement] INFO  server.RaftServerConfigKeys (ConfUtils.java:logGet(46)) - raft.server.log.queue.element-limit = 1024 (custom)
2024-03-04 13:05:33,279 [507f219d-b643-4f6d-9e61-19483d6f1b1a-groupManagement] INFO  server.RaftServerConfigKeys (ConfUtils.java:logGet(46)) - raft.server.log.segment.size.max = 67108864 (custom)
2024-03-04 13:05:33,279 [507f219d-b643-4f6d-9e61-19483d6f1b1a-groupManagement] INFO  server.RaftServerConfigKeys (ConfUtils.java:logGet(46)) - raft.server.log.preallocated.size = 4194304 (custom)
2024-03-04 13:05:33,279 [507f219d-b643-4f6d-9e61-19483d6f1b1a-groupManagement] INFO  server.RaftServerConfigKeys (ConfUtils.java:logGet(46)) - raft.server.log.force.sync.num = 128 (default)
2024-03-04 13:05:33,279 [507f219d-b643-4f6d-9e61-19483d6f1b1a-groupManagement] INFO  server.RaftServerConfigKeys (ConfUtils.java:logGet(46)) - raft.server.log.statemachine.data.sync = true (default)
2024-03-04 13:05:33,280 [507f219d-b643-4f6d-9e61-19483d6f1b1a-groupManagement] INFO  server.RaftServerConfigKeys (ConfUtils.java:logGet(46)) - raft.server.log.statemachine.data.sync.timeout = 10s (default)
2024-03-04 13:05:33,280 [507f219d-b643-4f6d-9e61-19483d6f1b1a-groupManagement] INFO  server.RaftServerConfigKeys (ConfUtils.java:logGet(46)) - raft.server.log.statemachine.data.sync.timeout.retry = 0 (custom)
2024-03-04 13:05:33,280 [507f219d-b643-4f6d-9e61-19483d6f1b1a-groupManagement] INFO  server.RaftServerConfigKeys (ConfUtils.java:logGet(46)) - raft.server.log.write.buffer.size = 8388616 (custom)
2024-03-04 13:05:33,281 [507f219d-b643-4f6d-9e61-19483d6f1b1a-groupManagement] INFO  server.RaftServerConfigKeys (ConfUtils.java:logGet(46)) - raft.server.log.appender.buffer.byte-limit = 8388608 (custom)
2024-03-04 13:05:33,281 [507f219d-b643-4f6d-9e61-19483d6f1b1a-groupManagement] INFO  server.RaftServerConfigKeys (ConfUtils.java:logGet(46)) - raft.server.log.unsafe-flush.enabled = false (default)
2024-03-04 13:05:33,281 [507f219d-b643-4f6d-9e61-19483d6f1b1a-groupManagement] INFO  server.RaftServerConfigKeys (ConfUtils.java:logGet(46)) - raft.server.log.async-flush.enabled = false (default)
2024-03-04 13:05:33,281 [507f219d-b643-4f6d-9e61-19483d6f1b1a-groupManagement] INFO  server.RaftServerConfigKeys (ConfUtils.java:logGet(46)) - raft.server.log.statemachine.data.caching.enabled = true (custom)
2024-03-04 13:05:33,282 [507f219d-b643-4f6d-9e61-19483d6f1b1a-groupManagement] INFO  segmented.SegmentedRaftLogWorker (SegmentedRaftLogWorker.java:lambda$new$0(134)) - 507f219d-b643-4f6d-9e61-19483d6f1b1a@group-6BF4FA2E25B5-SegmentedRaftLogWorker: flushIndex: setUnconditionally 0 -> -1
2024-03-04 13:05:33,282 [507f219d-b643-4f6d-9e61-19483d6f1b1a-groupManagement] INFO  segmented.SegmentedRaftLogWorker (SegmentedRaftLogWorker.java:lambda$new$0(134)) - 507f219d-b643-4f6d-9e61-19483d6f1b1a@group-6BF4FA2E25B5-SegmentedRaftLogWorker: safeCacheEvictIndex: setUnconditionally 0 -> -1
2024-03-04 13:05:33,282 [507f219d-b643-4f6d-9e61-19483d6f1b1a-groupManagement] INFO  server.RaftServer$Division (RaftServerImpl.java:start(396)) - 507f219d-b643-4f6d-9e61-19483d6f1b1a@group-6BF4FA2E25B5: start as a follower, conf=-1: peers:[030b8962-d3aa-491b-960b-91563df5eb7e|10.1.0.12:15280, e959d54c-24d7-45fc-984c-db6978067a65|10.1.0.12:15298, 507f219d-b643-4f6d-9e61-19483d6f1b1a|10.1.0.12:15289]|listeners:[], old=null
2024-03-04 13:05:33,282 [507f219d-b643-4f6d-9e61-19483d6f1b1a-groupManagement] INFO  server.RaftServer$Division (RaftServerImpl.java:setRole(383)) - 507f219d-b643-4f6d-9e61-19483d6f1b1a@group-6BF4FA2E25B5: changes role from      null to FOLLOWER at term 0 for startAsFollower
2024-03-04 13:05:33,282 [507f219d-b643-4f6d-9e61-19483d6f1b1a-groupManagement] INFO  impl.RoleInfo (RoleInfo.java:updateAndGet(139)) - 507f219d-b643-4f6d-9e61-19483d6f1b1a: start 507f219d-b643-4f6d-9e61-19483d6f1b1a@group-6BF4FA2E25B5-FollowerState
2024-03-04 13:05:33,282 [507f219d-b643-4f6d-9e61-19483d6f1b1a@group-6BF4FA2E25B5-FollowerState] INFO  server.RaftServerConfigKeys (ConfUtils.java:logFallback(53)) - raft.server.rpc.first-election.timeout.min = 5s (fallback to raft.server.rpc.timeout.min)
2024-03-04 13:05:33,282 [507f219d-b643-4f6d-9e61-19483d6f1b1a-groupManagement] INFO  util.JmxRegister (JmxRegister.java:tryRegister(44)) - Successfully registered JMX Bean with object name Ratis:service=RaftServer,group=group-6BF4FA2E25B5,id=507f219d-b643-4f6d-9e61-19483d6f1b1a
2024-03-04 13:05:33,282 [507f219d-b643-4f6d-9e61-19483d6f1b1a-groupManagement] INFO  server.RaftServerConfigKeys (ConfUtils.java:logGet(46)) - raft.server.snapshot.trigger-when-stop.enabled = true (default)
2024-03-04 13:05:33,283 [507f219d-b643-4f6d-9e61-19483d6f1b1a-groupManagement] INFO  server.RaftServerConfigKeys (ConfUtils.java:logGet(46)) - raft.server.snapshot.auto.trigger.enabled = true (custom)
2024-03-04 13:05:33,283 [507f219d-b643-4f6d-9e61-19483d6f1b1a-groupManagement] INFO  server.RaftServerConfigKeys (ConfUtils.java:logGet(46)) - raft.server.snapshot.auto.trigger.threshold = 10000 (custom)
2024-03-04 13:05:33,283 [507f219d-b643-4f6d-9e61-19483d6f1b1a-groupManagement] INFO  server.RaftServerConfigKeys (ConfUtils.java:logGet(46)) - raft.server.snapshot.retention.file.num = 5 (custom)
2024-03-04 13:05:33,283 [507f219d-b643-4f6d-9e61-19483d6f1b1a-groupManagement] INFO  server.RaftServerConfigKeys (ConfUtils.java:logGet(46)) - raft.server.log.purge.upto.snapshot.index = false (default)
2024-03-04 13:05:33,282 [507f219d-b643-4f6d-9e61-19483d6f1b1a@group-6BF4FA2E25B5-FollowerState] INFO  server.RaftServerConfigKeys (ConfUtils.java:logFallback(53)) - raft.server.rpc.first-election.timeout.max = 5200ms (fallback to raft.server.rpc.timeout.max)
2024-03-04 13:05:33,291 [grpc-default-executor-2] INFO  server.RaftServer (RaftServerProxy.java:addNew(100)) - e959d54c-24d7-45fc-984c-db6978067a65: addNew group-6BF4FA2E25B5:[030b8962-d3aa-491b-960b-91563df5eb7e|10.1.0.12:15280, e959d54c-24d7-45fc-984c-db6978067a65|10.1.0.12:15298, 507f219d-b643-4f6d-9e61-19483d6f1b1a|10.1.0.12:15289] returns group-6BF4FA2E25B5:java.util.concurrent.CompletableFuture@386dd89f[Not completed]
2024-03-04 13:05:33,292 [e959d54c-24d7-45fc-984c-db6978067a65-groupManagement] INFO  server.RaftServer$Division (RaftServerImpl.java:<init>(256)) - e959d54c-24d7-45fc-984c-db6978067a65: new RaftServerImpl for group-6BF4FA2E25B5:[030b8962-d3aa-491b-960b-91563df5eb7e|10.1.0.12:15280, e959d54c-24d7-45fc-984c-db6978067a65|10.1.0.12:15298, 507f219d-b643-4f6d-9e61-19483d6f1b1a|10.1.0.12:15289] with ContainerStateMachine:uninitialized
2024-03-04 13:05:33,292 [e959d54c-24d7-45fc-984c-db6978067a65-groupManagement] INFO  server.RaftServerConfigKeys (ConfUtils.java:logGet(46)) - raft.server.rpc.timeout.min = 5s (custom)
2024-03-04 13:05:33,292 [e959d54c-24d7-45fc-984c-db6978067a65-groupManagement] INFO  server.RaftServerConfigKeys (ConfUtils.java:logGet(46)) - raft.server.rpc.timeout.max = 5200ms (custom)
2024-03-04 13:05:33,293 [e959d54c-24d7-45fc-984c-db6978067a65-groupManagement] INFO  server.RaftServerConfigKeys (ConfUtils.java:logGet(46)) - raft.server.rpc.sleep.time = 25ms (default)
2024-03-04 13:05:33,294 [e959d54c-24d7-45fc-984c-db6978067a65-groupManagement] INFO  server.RaftServerConfigKeys (ConfUtils.java:logGet(46)) - raft.server.rpc.slowness.timeout = 300s (custom)
2024-03-04 13:05:33,294 [e959d54c-24d7-45fc-984c-db6978067a65-groupManagement] INFO  server.RaftServerConfigKeys (ConfUtils.java:logGet(46)) - raft.server.leaderelection.leader.step-down.wait-time = 10s (default)
2024-03-04 13:05:33,294 [e959d54c-24d7-45fc-984c-db6978067a65-groupManagement] INFO  server.RaftServerConfigKeys (ConfUtils.java:logGet(46)) - raft.server.leaderelection.member.majority-add = false (default)
2024-03-04 13:05:33,294 [e959d54c-24d7-45fc-984c-db6978067a65-groupManagement] INFO  server.RaftServerConfigKeys (ConfUtils.java:logGet(46)) - raft.server.sleep.deviation.threshold = 300ms (default)
2024-03-04 13:05:33,294 [e959d54c-24d7-45fc-984c-db6978067a65-groupManagement] INFO  server.RaftServer$Division (ServerState.java:<init>(113)) - e959d54c-24d7-45fc-984c-db6978067a65@group-6BF4FA2E25B5: ConfigurationManager, init=-1: peers:[030b8962-d3aa-491b-960b-91563df5eb7e|10.1.0.12:15280, e959d54c-24d7-45fc-984c-db6978067a65|10.1.0.12:15298, 507f219d-b643-4f6d-9e61-19483d6f1b1a|10.1.0.12:15289]|listeners:[], old=null, confs=<EMPTY_MAP>
2024-03-04 13:05:33,294 [e959d54c-24d7-45fc-984c-db6978067a65-groupManagement] INFO  server.RaftServerConfigKeys (ConfUtils.java:logGet(46)) - raft.server.notification.no-leader.timeout = 300s (custom)
2024-03-04 13:05:33,294 [e959d54c-24d7-45fc-984c-db6978067a65-groupManagement] INFO  server.RaftServerConfigKeys (ConfUtils.java:logGet(46)) - raft.server.read.timeout = 10s (default)
2024-03-04 13:05:33,294 [e959d54c-24d7-45fc-984c-db6978067a65-groupManagement] INFO  server.RaftServerConfigKeys (ConfUtils.java:logGet(46)) - raft.server.retrycache.expirytime = 600000ms (custom)
2024-03-04 13:05:33,294 [e959d54c-24d7-45fc-984c-db6978067a65-groupManagement] INFO  server.RaftServerConfigKeys (ConfUtils.java:logGet(46)) - raft.server.retrycache.statistics.expirytime = 100ms (default)
2024-03-04 13:05:33,294 [e959d54c-24d7-45fc-984c-db6978067a65-groupManagement] INFO  server.RaftServerConfigKeys (ConfUtils.java:logGet(46)) - raft.server.read.option = DEFAULT (default)
2024-03-04 13:05:33,295 [e959d54c-24d7-45fc-984c-db6978067a65-groupManagement] INFO  server.RaftServerConfigKeys (ConfUtils.java:logGet(46)) - raft.server.read.read-after-write-consistent.write-index-cache.expiry-time = 60s (default)
2024-03-04 13:05:33,296 [e959d54c-24d7-45fc-984c-db6978067a65-groupManagement] INFO  server.RaftServerConfigKeys (ConfUtils.java:logGet(46)) - raft.server.rpc.request.timeout = 60s (custom)
2024-03-04 13:05:33,296 [e959d54c-24d7-45fc-984c-db6978067a65-groupManagement] INFO  server.RaftServerConfigKeys (ConfUtils.java:logGet(46)) - raft.server.log.appender.install.snapshot.enabled = false (custom)
2024-03-04 13:05:33,296 [e959d54c-24d7-45fc-984c-db6978067a65-groupManagement] INFO  server.RaftServerConfigKeys (ConfUtils.java:logGet(46)) - raft.server.threadpool.server.cached = true (default)
2024-03-04 13:05:33,296 [e959d54c-24d7-45fc-984c-db6978067a65-groupManagement] INFO  server.RaftServerConfigKeys (ConfUtils.java:logGet(46)) - raft.server.threadpool.server.size = 0 (default)
2024-03-04 13:05:33,296 [e959d54c-24d7-45fc-984c-db6978067a65-groupManagement] INFO  server.RaftServerConfigKeys (ConfUtils.java:logGet(46)) - raft.server.threadpool.client.cached = true (default)
2024-03-04 13:05:33,296 [e959d54c-24d7-45fc-984c-db6978067a65-groupManagement] INFO  server.RaftServerConfigKeys (ConfUtils.java:logGet(46)) - raft.server.threadpool.client.size = 0 (default)
2024-03-04 13:05:33,296 [e959d54c-24d7-45fc-984c-db6978067a65-groupManagement] INFO  server.RaftServerConfigKeys (ConfUtils.java:logGet(46)) - raft.server.storage.free-space.min = 0MB (=0) (default)
2024-03-04 13:05:33,296 [e959d54c-24d7-45fc-984c-db6978067a65-groupManagement] INFO  server.RaftServerConfigKeys (ConfUtils.java:logGet(46)) - raft.server.log.corruption.policy = EXCEPTION (default)
2024-03-04 13:05:33,296 [e959d54c-24d7-45fc-984c-db6978067a65-groupManagement] INFO  server.RaftServerConfigKeys (ConfUtils.java:logGet(46)) - raft.server.storage.dir = [/home/runner/work/ozone/ozone/hadoop-ozone/integration-test/target/test-dir/MiniOzoneClusterImpl-6b98b79e-1748-4853-9fc9-d757899c3dd5/ozone-meta/datanode-3/ratis] (custom)
2024-03-04 13:05:33,296 [e959d54c-24d7-45fc-984c-db6978067a65-groupManagement] INFO  storage.RaftStorageDirectory (RaftStorageDirectoryImpl.java:analyzeStorage(138)) - The storage directory /home/runner/work/ozone/ozone/hadoop-ozone/integration-test/target/test-dir/MiniOzoneClusterImpl-6b98b79e-1748-4853-9fc9-d757899c3dd5/ozone-meta/datanode-3/ratis/c877ae18-be5c-41d3-a799-6bf4fa2e25b5 does not exist. Creating ...
2024-03-04 13:05:33,297 [e959d54c-24d7-45fc-984c-db6978067a65-groupManagement] INFO  storage.RaftStorageDirectory (RaftStorageDirectoryImpl.java:tryLock(228)) - Lock on /home/runner/work/ozone/ozone/hadoop-ozone/integration-test/target/test-dir/MiniOzoneClusterImpl-6b98b79e-1748-4853-9fc9-d757899c3dd5/ozone-meta/datanode-3/ratis/c877ae18-be5c-41d3-a799-6bf4fa2e25b5/in_use.lock acquired by nodename 41993@fv-az571-795
2024-03-04 13:05:33,298 [e959d54c-24d7-45fc-984c-db6978067a65-groupManagement] INFO  storage.RaftStorage (RaftStorageImpl.java:format(99)) - Storage directory /home/runner/work/ozone/ozone/hadoop-ozone/integration-test/target/test-dir/MiniOzoneClusterImpl-6b98b79e-1748-4853-9fc9-d757899c3dd5/ozone-meta/datanode-3/ratis/c877ae18-be5c-41d3-a799-6bf4fa2e25b5 has been successfully formatted.
2024-03-04 13:05:33,298 [e959d54c-24d7-45fc-984c-db6978067a65-groupManagement] WARN  util.FileUtils (LogUtils.java:supplyAndLog(63)) - Failed to Files.newInputStream /home/runner/work/ozone/ozone/hadoop-ozone/integration-test/target/test-dir/MiniOzoneClusterImpl-6b98b79e-1748-4853-9fc9-d757899c3dd5/ozone-meta/datanode-3/ratis/c877ae18-be5c-41d3-a799-6bf4fa2e25b5/current/raft-meta.conf with options []: java.nio.file.NoSuchFileException: /home/runner/work/ozone/ozone/hadoop-ozone/integration-test/target/test-dir/MiniOzoneClusterImpl-6b98b79e-1748-4853-9fc9-d757899c3dd5/ozone-meta/datanode-3/ratis/c877ae18-be5c-41d3-a799-6bf4fa2e25b5/current/raft-meta.conf
2024-03-04 13:05:33,299 [e959d54c-24d7-45fc-984c-db6978067a65-groupManagement] INFO  ratis.ContainerStateMachine (ContainerStateMachine.java:loadSnapshot(287)) - group-6BF4FA2E25B5: The snapshot info is null. Setting the last applied index to:(t:0, i:~)
2024-03-04 13:05:33,299 [e959d54c-24d7-45fc-984c-db6978067a65-groupManagement] INFO  server.RaftServerConfigKeys (ConfUtils.java:logGet(46)) - raft.server.log.use.memory = false (default)
2024-03-04 13:05:33,300 [e959d54c-24d7-45fc-984c-db6978067a65-groupManagement] INFO  server.RaftServerConfigKeys (ConfUtils.java:logGet(46)) - raft.server.log.purge.gap = 1000000 (custom)
2024-03-04 13:05:33,300 [e959d54c-24d7-45fc-984c-db6978067a65-groupManagement] INFO  server.RaftServerConfigKeys (ConfUtils.java:logGet(46)) - raft.server.log.appender.buffer.byte-limit = 8388608 (custom)
2024-03-04 13:05:33,300 [e959d54c-24d7-45fc-984c-db6978067a65-groupManagement] INFO  server.RaftServerConfigKeys (ConfUtils.java:logGet(46)) - raft.server.log.statemachine.data.read.timeout = 1000ms (default)
2024-03-04 13:05:33,300 [e959d54c-24d7-45fc-984c-db6978067a65-groupManagement] INFO  server.RaftServerConfigKeys (ConfUtils.java:logGet(46)) - raft.server.log.purge.preservation.log.num = 0 (default)
2024-03-04 13:05:33,300 [e959d54c-24d7-45fc-984c-db6978067a65-groupManagement] INFO  server.RaftServerConfigKeys (ConfUtils.java:logGet(46)) - raft.server.log.segment.size.max = 67108864 (custom)
2024-03-04 13:05:33,301 [e959d54c-24d7-45fc-984c-db6978067a65-groupManagement] INFO  server.RaftServerConfigKeys (ConfUtils.java:logGet(46)) - raft.server.log.segment.cache.num.max = 2 (custom)
2024-03-04 13:05:33,301 [e959d54c-24d7-45fc-984c-db6978067a65-groupManagement] INFO  server.RaftServerConfigKeys (ConfUtils.java:logGet(46)) - raft.server.log.segment.cache.size.max = 200MB (=209715200) (default)
2024-03-04 13:05:33,301 [e959d54c-24d7-45fc-984c-db6978067a65-groupManagement] INFO  server.RaftServerConfigKeys (ConfUtils.java:logGet(46)) - raft.server.log.appender.buffer.byte-limit = 8388608 (custom)
2024-03-04 13:05:33,301 [e959d54c-24d7-45fc-984c-db6978067a65-groupManagement] INFO  util.AwaitToRun (AwaitToRun.java:start(81)) - Thread[e959d54c-24d7-45fc-984c-db6978067a65@group-6BF4FA2E25B5-cacheEviction-AwaitToRun,5,main] started
2024-03-04 13:05:33,301 [e959d54c-24d7-45fc-984c-db6978067a65-groupManagement] INFO  segmented.SegmentedRaftLogWorker (SegmentedRaftLogWorker.java:<init>(182)) - new e959d54c-24d7-45fc-984c-db6978067a65@group-6BF4FA2E25B5-SegmentedRaftLogWorker for RaftStorageImpl:Storage Directory /home/runner/work/ozone/ozone/hadoop-ozone/integration-test/target/test-dir/MiniOzoneClusterImpl-6b98b79e-1748-4853-9fc9-d757899c3dd5/ozone-meta/datanode-3/ratis/c877ae18-be5c-41d3-a799-6bf4fa2e25b5
2024-03-04 13:05:33,301 [e959d54c-24d7-45fc-984c-db6978067a65-groupManagement] INFO  server.RaftServerConfigKeys (ConfUtils.java:logGet(46)) - raft.server.log.queue.byte-limit = 4294967296 (custom)
2024-03-04 13:05:33,301 [e959d54c-24d7-45fc-984c-db6978067a65-groupManagement] INFO  server.RaftServerConfigKeys (ConfUtils.java:logGet(46)) - raft.server.log.queue.element-limit = 1024 (custom)
2024-03-04 13:05:33,301 [e959d54c-24d7-45fc-984c-db6978067a65-groupManagement] INFO  server.RaftServerConfigKeys (ConfUtils.java:logGet(46)) - raft.server.log.segment.size.max = 67108864 (custom)
2024-03-04 13:05:33,301 [e959d54c-24d7-45fc-984c-db6978067a65-groupManagement] INFO  server.RaftServerConfigKeys (ConfUtils.java:logGet(46)) - raft.server.log.preallocated.size = 4194304 (custom)
2024-03-04 13:05:33,301 [e959d54c-24d7-45fc-984c-db6978067a65-groupManagement] INFO  server.RaftServerConfigKeys (ConfUtils.java:logGet(46)) - raft.server.log.force.sync.num = 128 (default)
2024-03-04 13:05:33,301 [e959d54c-24d7-45fc-984c-db6978067a65-groupManagement] INFO  server.RaftServerConfigKeys (ConfUtils.java:logGet(46)) - raft.server.log.statemachine.data.sync = true (default)
2024-03-04 13:05:33,301 [e959d54c-24d7-45fc-984c-db6978067a65-groupManagement] INFO  server.RaftServerConfigKeys (ConfUtils.java:logGet(46)) - raft.server.log.statemachine.data.sync.timeout = 10s (default)
2024-03-04 13:05:33,301 [e959d54c-24d7-45fc-984c-db6978067a65-groupManagement] INFO  server.RaftServerConfigKeys (ConfUtils.java:logGet(46)) - raft.server.log.statemachine.data.sync.timeout.retry = 0 (custom)
2024-03-04 13:05:33,301 [e959d54c-24d7-45fc-984c-db6978067a65-groupManagement] INFO  server.RaftServerConfigKeys (ConfUtils.java:logGet(46)) - raft.server.log.write.buffer.size = 8388616 (custom)
2024-03-04 13:05:33,303 [e959d54c-24d7-45fc-984c-db6978067a65-groupManagement] INFO  server.RaftServerConfigKeys (ConfUtils.java:logGet(46)) - raft.server.log.appender.buffer.byte-limit = 8388608 (custom)
2024-03-04 13:05:33,303 [e959d54c-24d7-45fc-984c-db6978067a65-groupManagement] INFO  server.RaftServerConfigKeys (ConfUtils.java:logGet(46)) - raft.server.log.unsafe-flush.enabled = false (default)
2024-03-04 13:05:33,303 [e959d54c-24d7-45fc-984c-db6978067a65-groupManagement] INFO  server.RaftServerConfigKeys (ConfUtils.java:logGet(46)) - raft.server.log.async-flush.enabled = false (default)
2024-03-04 13:05:33,303 [e959d54c-24d7-45fc-984c-db6978067a65-groupManagement] INFO  server.RaftServerConfigKeys (ConfUtils.java:logGet(46)) - raft.server.log.statemachine.data.caching.enabled = true (custom)
2024-03-04 13:05:33,303 [e959d54c-24d7-45fc-984c-db6978067a65-groupManagement] INFO  segmented.SegmentedRaftLogWorker (SegmentedRaftLogWorker.java:lambda$new$0(134)) - e959d54c-24d7-45fc-984c-db6978067a65@group-6BF4FA2E25B5-SegmentedRaftLogWorker: flushIndex: setUnconditionally 0 -> -1
2024-03-04 13:05:33,303 [e959d54c-24d7-45fc-984c-db6978067a65-groupManagement] INFO  segmented.SegmentedRaftLogWorker (SegmentedRaftLogWorker.java:lambda$new$0(134)) - e959d54c-24d7-45fc-984c-db6978067a65@group-6BF4FA2E25B5-SegmentedRaftLogWorker: safeCacheEvictIndex: setUnconditionally 0 -> -1
2024-03-04 13:05:33,303 [e959d54c-24d7-45fc-984c-db6978067a65-groupManagement] INFO  server.RaftServer$Division (RaftServerImpl.java:start(396)) - e959d54c-24d7-45fc-984c-db6978067a65@group-6BF4FA2E25B5: start as a follower, conf=-1: peers:[030b8962-d3aa-491b-960b-91563df5eb7e|10.1.0.12:15280, e959d54c-24d7-45fc-984c-db6978067a65|10.1.0.12:15298, 507f219d-b643-4f6d-9e61-19483d6f1b1a|10.1.0.12:15289]|listeners:[], old=null
2024-03-04 13:05:33,303 [e959d54c-24d7-45fc-984c-db6978067a65-groupManagement] INFO  server.RaftServer$Division (RaftServerImpl.java:setRole(383)) - e959d54c-24d7-45fc-984c-db6978067a65@group-6BF4FA2E25B5: changes role from      null to FOLLOWER at term 0 for startAsFollower
2024-03-04 13:05:33,303 [e959d54c-24d7-45fc-984c-db6978067a65-groupManagement] INFO  impl.RoleInfo (RoleInfo.java:updateAndGet(139)) - e959d54c-24d7-45fc-984c-db6978067a65: start e959d54c-24d7-45fc-984c-db6978067a65@group-6BF4FA2E25B5-FollowerState
2024-03-04 13:05:33,303 [e959d54c-24d7-45fc-984c-db6978067a65@group-6BF4FA2E25B5-FollowerState] INFO  server.RaftServerConfigKeys (ConfUtils.java:logFallback(53)) - raft.server.rpc.first-election.timeout.min = 5s (fallback to raft.server.rpc.timeout.min)
2024-03-04 13:05:33,303 [e959d54c-24d7-45fc-984c-db6978067a65-groupManagement] INFO  util.JmxRegister (JmxRegister.java:tryRegister(44)) - Successfully registered JMX Bean with object name Ratis:service=RaftServer,group=group-6BF4FA2E25B5,id=e959d54c-24d7-45fc-984c-db6978067a65
2024-03-04 13:05:33,304 [e959d54c-24d7-45fc-984c-db6978067a65@group-6BF4FA2E25B5-FollowerState] INFO  server.RaftServerConfigKeys (ConfUtils.java:logFallback(53)) - raft.server.rpc.first-election.timeout.max = 5200ms (fallback to raft.server.rpc.timeout.max)
2024-03-04 13:05:33,304 [e959d54c-24d7-45fc-984c-db6978067a65-groupManagement] INFO  server.RaftServerConfigKeys (ConfUtils.java:logGet(46)) - raft.server.snapshot.trigger-when-stop.enabled = true (default)
2024-03-04 13:05:33,304 [e959d54c-24d7-45fc-984c-db6978067a65-groupManagement] INFO  server.RaftServerConfigKeys (ConfUtils.java:logGet(46)) - raft.server.snapshot.auto.trigger.enabled = true (custom)
2024-03-04 13:05:33,304 [e959d54c-24d7-45fc-984c-db6978067a65-groupManagement] INFO  server.RaftServerConfigKeys (ConfUtils.java:logGet(46)) - raft.server.snapshot.auto.trigger.threshold = 10000 (custom)
2024-03-04 13:05:33,304 [e959d54c-24d7-45fc-984c-db6978067a65-groupManagement] INFO  server.RaftServerConfigKeys (ConfUtils.java:logGet(46)) - raft.server.snapshot.retention.file.num = 5 (custom)
2024-03-04 13:05:33,304 [e959d54c-24d7-45fc-984c-db6978067a65-groupManagement] INFO  server.RaftServerConfigKeys (ConfUtils.java:logGet(46)) - raft.server.log.purge.upto.snapshot.index = false (default)
2024-03-04 13:05:33,306 [030b8962-d3aa-491b-960b-91563df5eb7e-PipelineCommandHandlerThread-0] INFO  commandhandler.CreatePipelineCommandHandler (CreatePipelineCommandHandler.java:lambda$handle$2(124)) - Created Pipeline RATIS THREE PipelineID=c877ae18-be5c-41d3-a799-6bf4fa2e25b5.
2024-03-04 13:05:33,307 [030b8962-d3aa-491b-960b-91563df5eb7e-PipelineCommandHandlerThread-0] INFO  server.RaftServer (RaftServerProxy.java:addNew(100)) - 030b8962-d3aa-491b-960b-91563df5eb7e: addNew group-8B73651BDE9D:[e959d54c-24d7-45fc-984c-db6978067a65|10.1.0.12:15298, 030b8962-d3aa-491b-960b-91563df5eb7e|10.1.0.12:15280, 507f219d-b643-4f6d-9e61-19483d6f1b1a|10.1.0.12:15289] returns group-8B73651BDE9D:java.util.concurrent.CompletableFuture@2622df3c[Not completed]
2024-03-04 13:05:33,307 [030b8962-d3aa-491b-960b-91563df5eb7e-groupManagement] INFO  server.RaftServer$Division (RaftServerImpl.java:<init>(256)) - 030b8962-d3aa-491b-960b-91563df5eb7e: new RaftServerImpl for group-8B73651BDE9D:[e959d54c-24d7-45fc-984c-db6978067a65|10.1.0.12:15298, 030b8962-d3aa-491b-960b-91563df5eb7e|10.1.0.12:15280, 507f219d-b643-4f6d-9e61-19483d6f1b1a|10.1.0.12:15289] with ContainerStateMachine:uninitialized
2024-03-04 13:05:33,307 [030b8962-d3aa-491b-960b-91563df5eb7e-groupManagement] INFO  server.RaftServerConfigKeys (ConfUtils.java:logGet(46)) - raft.server.rpc.timeout.min = 5s (custom)
2024-03-04 13:05:33,307 [030b8962-d3aa-491b-960b-91563df5eb7e-groupManagement] INFO  server.RaftServerConfigKeys (ConfUtils.java:logGet(46)) - raft.server.rpc.timeout.max = 5200ms (custom)
2024-03-04 13:05:33,307 [030b8962-d3aa-491b-960b-91563df5eb7e-groupManagement] INFO  server.RaftServerConfigKeys (ConfUtils.java:logGet(46)) - raft.server.rpc.sleep.time = 25ms (default)
2024-03-04 13:05:33,307 [030b8962-d3aa-491b-960b-91563df5eb7e-groupManagement] INFO  server.RaftServerConfigKeys (ConfUtils.java:logGet(46)) - raft.server.rpc.slowness.timeout = 300s (custom)
2024-03-04 13:05:33,307 [030b8962-d3aa-491b-960b-91563df5eb7e-groupManagement] INFO  server.RaftServerConfigKeys (ConfUtils.java:logGet(46)) - raft.server.leaderelection.leader.step-down.wait-time = 10s (default)
2024-03-04 13:05:33,307 [030b8962-d3aa-491b-960b-91563df5eb7e-groupManagement] INFO  server.RaftServerConfigKeys (ConfUtils.java:logGet(46)) - raft.server.leaderelection.member.majority-add = false (default)
2024-03-04 13:05:33,307 [030b8962-d3aa-491b-960b-91563df5eb7e-groupManagement] INFO  server.RaftServerConfigKeys (ConfUtils.java:logGet(46)) - raft.server.sleep.deviation.threshold = 300ms (default)
2024-03-04 13:05:33,308 [030b8962-d3aa-491b-960b-91563df5eb7e-groupManagement] INFO  server.RaftServer$Division (ServerState.java:<init>(113)) - 030b8962-d3aa-491b-960b-91563df5eb7e@group-8B73651BDE9D: ConfigurationManager, init=-1: peers:[e959d54c-24d7-45fc-984c-db6978067a65|10.1.0.12:15298, 030b8962-d3aa-491b-960b-91563df5eb7e|10.1.0.12:15280, 507f219d-b643-4f6d-9e61-19483d6f1b1a|10.1.0.12:15289]|listeners:[], old=null, confs=<EMPTY_MAP>
2024-03-04 13:05:33,308 [030b8962-d3aa-491b-960b-91563df5eb7e-groupManagement] INFO  server.RaftServerConfigKeys (ConfUtils.java:logGet(46)) - raft.server.notification.no-leader.timeout = 300s (custom)
2024-03-04 13:05:33,308 [030b8962-d3aa-491b-960b-91563df5eb7e-groupManagement] INFO  server.RaftServerConfigKeys (ConfUtils.java:logGet(46)) - raft.server.read.timeout = 10s (default)
2024-03-04 13:05:33,308 [030b8962-d3aa-491b-960b-91563df5eb7e-groupManagement] INFO  server.RaftServerConfigKeys (ConfUtils.java:logGet(46)) - raft.server.retrycache.expirytime = 600000ms (custom)
2024-03-04 13:05:33,308 [030b8962-d3aa-491b-960b-91563df5eb7e-groupManagement] INFO  server.RaftServerConfigKeys (ConfUtils.java:logGet(46)) - raft.server.retrycache.statistics.expirytime = 100ms (default)
2024-03-04 13:05:33,308 [030b8962-d3aa-491b-960b-91563df5eb7e-groupManagement] INFO  server.RaftServerConfigKeys (ConfUtils.java:logGet(46)) - raft.server.read.option = DEFAULT (default)
2024-03-04 13:05:33,308 [030b8962-d3aa-491b-960b-91563df5eb7e-groupManagement] INFO  server.RaftServerConfigKeys (ConfUtils.java:logGet(46)) - raft.server.read.read-after-write-consistent.write-index-cache.expiry-time = 60s (default)
2024-03-04 13:05:33,309 [030b8962-d3aa-491b-960b-91563df5eb7e-groupManagement] INFO  server.RaftServerConfigKeys (ConfUtils.java:logGet(46)) - raft.server.rpc.request.timeout = 60s (custom)
2024-03-04 13:05:33,309 [030b8962-d3aa-491b-960b-91563df5eb7e-groupManagement] INFO  server.RaftServerConfigKeys (ConfUtils.java:logGet(46)) - raft.server.log.appender.install.snapshot.enabled = false (custom)
2024-03-04 13:05:33,309 [030b8962-d3aa-491b-960b-91563df5eb7e-groupManagement] INFO  server.RaftServerConfigKeys (ConfUtils.java:logGet(46)) - raft.server.threadpool.server.cached = true (default)
2024-03-04 13:05:33,309 [030b8962-d3aa-491b-960b-91563df5eb7e-groupManagement] INFO  server.RaftServerConfigKeys (ConfUtils.java:logGet(46)) - raft.server.threadpool.server.size = 0 (default)
2024-03-04 13:05:33,309 [030b8962-d3aa-491b-960b-91563df5eb7e-groupManagement] INFO  server.RaftServerConfigKeys (ConfUtils.java:logGet(46)) - raft.server.threadpool.client.cached = true (default)
2024-03-04 13:05:33,309 [030b8962-d3aa-491b-960b-91563df5eb7e-groupManagement] INFO  server.RaftServerConfigKeys (ConfUtils.java:logGet(46)) - raft.server.threadpool.client.size = 0 (default)
2024-03-04 13:05:33,309 [030b8962-d3aa-491b-960b-91563df5eb7e-groupManagement] INFO  server.RaftServerConfigKeys (ConfUtils.java:logGet(46)) - raft.server.storage.free-space.min = 0MB (=0) (default)
2024-03-04 13:05:33,309 [030b8962-d3aa-491b-960b-91563df5eb7e-groupManagement] INFO  server.RaftServerConfigKeys (ConfUtils.java:logGet(46)) - raft.server.log.corruption.policy = EXCEPTION (default)
2024-03-04 13:05:33,309 [030b8962-d3aa-491b-960b-91563df5eb7e-groupManagement] INFO  server.RaftServerConfigKeys (ConfUtils.java:logGet(46)) - raft.server.storage.dir = [/home/runner/work/ozone/ozone/hadoop-ozone/integration-test/target/test-dir/MiniOzoneClusterImpl-6b98b79e-1748-4853-9fc9-d757899c3dd5/ozone-meta/datanode-1/ratis] (custom)
2024-03-04 13:05:33,309 [030b8962-d3aa-491b-960b-91563df5eb7e-groupManagement] INFO  storage.RaftStorageDirectory (RaftStorageDirectoryImpl.java:analyzeStorage(138)) - The storage directory /home/runner/work/ozone/ozone/hadoop-ozone/integration-test/target/test-dir/MiniOzoneClusterImpl-6b98b79e-1748-4853-9fc9-d757899c3dd5/ozone-meta/datanode-1/ratis/797fedc8-d198-4570-be13-8b73651bde9d does not exist. Creating ...
2024-03-04 13:05:33,310 [030b8962-d3aa-491b-960b-91563df5eb7e-groupManagement] INFO  storage.RaftStorageDirectory (RaftStorageDirectoryImpl.java:tryLock(228)) - Lock on /home/runner/work/ozone/ozone/hadoop-ozone/integration-test/target/test-dir/MiniOzoneClusterImpl-6b98b79e-1748-4853-9fc9-d757899c3dd5/ozone-meta/datanode-1/ratis/797fedc8-d198-4570-be13-8b73651bde9d/in_use.lock acquired by nodename 41993@fv-az571-795
2024-03-04 13:05:33,310 [030b8962-d3aa-491b-960b-91563df5eb7e-groupManagement] INFO  storage.RaftStorage (RaftStorageImpl.java:format(99)) - Storage directory /home/runner/work/ozone/ozone/hadoop-ozone/integration-test/target/test-dir/MiniOzoneClusterImpl-6b98b79e-1748-4853-9fc9-d757899c3dd5/ozone-meta/datanode-1/ratis/797fedc8-d198-4570-be13-8b73651bde9d has been successfully formatted.
2024-03-04 13:05:33,311 [030b8962-d3aa-491b-960b-91563df5eb7e-groupManagement] WARN  util.FileUtils (LogUtils.java:supplyAndLog(63)) - Failed to Files.newInputStream /home/runner/work/ozone/ozone/hadoop-ozone/integration-test/target/test-dir/MiniOzoneClusterImpl-6b98b79e-1748-4853-9fc9-d757899c3dd5/ozone-meta/datanode-1/ratis/797fedc8-d198-4570-be13-8b73651bde9d/current/raft-meta.conf with options []: java.nio.file.NoSuchFileException: /home/runner/work/ozone/ozone/hadoop-ozone/integration-test/target/test-dir/MiniOzoneClusterImpl-6b98b79e-1748-4853-9fc9-d757899c3dd5/ozone-meta/datanode-1/ratis/797fedc8-d198-4570-be13-8b73651bde9d/current/raft-meta.conf
2024-03-04 13:05:33,311 [030b8962-d3aa-491b-960b-91563df5eb7e-groupManagement] INFO  ratis.ContainerStateMachine (ContainerStateMachine.java:loadSnapshot(287)) - group-8B73651BDE9D: The snapshot info is null. Setting the last applied index to:(t:0, i:~)
2024-03-04 13:05:33,311 [030b8962-d3aa-491b-960b-91563df5eb7e-groupManagement] INFO  server.RaftServerConfigKeys (ConfUtils.java:logGet(46)) - raft.server.log.use.memory = false (default)
2024-03-04 13:05:33,311 [030b8962-d3aa-491b-960b-91563df5eb7e-groupManagement] INFO  server.RaftServerConfigKeys (ConfUtils.java:logGet(46)) - raft.server.log.purge.gap = 1000000 (custom)
2024-03-04 13:05:33,311 [030b8962-d3aa-491b-960b-91563df5eb7e-groupManagement] INFO  server.RaftServerConfigKeys (ConfUtils.java:logGet(46)) - raft.server.log.appender.buffer.byte-limit = 8388608 (custom)
2024-03-04 13:05:33,311 [030b8962-d3aa-491b-960b-91563df5eb7e-groupManagement] INFO  server.RaftServerConfigKeys (ConfUtils.java:logGet(46)) - raft.server.log.statemachine.data.read.timeout = 1000ms (default)
2024-03-04 13:05:33,311 [030b8962-d3aa-491b-960b-91563df5eb7e-groupManagement] INFO  server.RaftServerConfigKeys (ConfUtils.java:logGet(46)) - raft.server.log.purge.preservation.log.num = 0 (default)
2024-03-04 13:05:33,311 [EventQueue-OpenPipelineForHealthyPipelineSafeModeRule] INFO  safemode.SCMSafeModeManager (HealthyPipelineSafeModeRule.java:process(140)) - SCM in safe mode. Healthy pipelines reported count is 0, required healthy pipeline reported count is 1
2024-03-04 13:05:33,311 [030b8962-d3aa-491b-960b-91563df5eb7e-groupManagement] INFO  server.RaftServerConfigKeys (ConfUtils.java:logGet(46)) - raft.server.log.segment.size.max = 67108864 (custom)
2024-03-04 13:05:33,312 [030b8962-d3aa-491b-960b-91563df5eb7e-groupManagement] INFO  server.RaftServerConfigKeys (ConfUtils.java:logGet(46)) - raft.server.log.segment.cache.num.max = 2 (custom)
2024-03-04 13:05:33,312 [030b8962-d3aa-491b-960b-91563df5eb7e-groupManagement] INFO  server.RaftServerConfigKeys (ConfUtils.java:logGet(46)) - raft.server.log.segment.cache.size.max = 200MB (=209715200) (default)
2024-03-04 13:05:33,312 [030b8962-d3aa-491b-960b-91563df5eb7e-groupManagement] INFO  server.RaftServerConfigKeys (ConfUtils.java:logGet(46)) - raft.server.log.appender.buffer.byte-limit = 8388608 (custom)
2024-03-04 13:05:33,312 [030b8962-d3aa-491b-960b-91563df5eb7e-groupManagement] INFO  util.AwaitToRun (AwaitToRun.java:start(81)) - Thread[030b8962-d3aa-491b-960b-91563df5eb7e@group-8B73651BDE9D-cacheEviction-AwaitToRun,5,main] started
2024-03-04 13:05:33,312 [030b8962-d3aa-491b-960b-91563df5eb7e-groupManagement] INFO  segmented.SegmentedRaftLogWorker (SegmentedRaftLogWorker.java:<init>(182)) - new 030b8962-d3aa-491b-960b-91563df5eb7e@group-8B73651BDE9D-SegmentedRaftLogWorker for RaftStorageImpl:Storage Directory /home/runner/work/ozone/ozone/hadoop-ozone/integration-test/target/test-dir/MiniOzoneClusterImpl-6b98b79e-1748-4853-9fc9-d757899c3dd5/ozone-meta/datanode-1/ratis/797fedc8-d198-4570-be13-8b73651bde9d
2024-03-04 13:05:33,312 [030b8962-d3aa-491b-960b-91563df5eb7e-groupManagement] INFO  server.RaftServerConfigKeys (ConfUtils.java:logGet(46)) - raft.server.log.queue.byte-limit = 4294967296 (custom)
2024-03-04 13:05:33,312 [030b8962-d3aa-491b-960b-91563df5eb7e-groupManagement] INFO  server.RaftServerConfigKeys (ConfUtils.java:logGet(46)) - raft.server.log.queue.element-limit = 1024 (custom)
2024-03-04 13:05:33,312 [030b8962-d3aa-491b-960b-91563df5eb7e-groupManagement] INFO  server.RaftServerConfigKeys (ConfUtils.java:logGet(46)) - raft.server.log.segment.size.max = 67108864 (custom)
2024-03-04 13:05:33,312 [030b8962-d3aa-491b-960b-91563df5eb7e-groupManagement] INFO  server.RaftServerConfigKeys (ConfUtils.java:logGet(46)) - raft.server.log.preallocated.size = 4194304 (custom)
2024-03-04 13:05:33,312 [030b8962-d3aa-491b-960b-91563df5eb7e-groupManagement] INFO  server.RaftServerConfigKeys (ConfUtils.java:logGet(46)) - raft.server.log.force.sync.num = 128 (default)
2024-03-04 13:05:33,312 [030b8962-d3aa-491b-960b-91563df5eb7e-groupManagement] INFO  server.RaftServerConfigKeys (ConfUtils.java:logGet(46)) - raft.server.log.statemachine.data.sync = true (default)
2024-03-04 13:05:33,312 [030b8962-d3aa-491b-960b-91563df5eb7e-groupManagement] INFO  server.RaftServerConfigKeys (ConfUtils.java:logGet(46)) - raft.server.log.statemachine.data.sync.timeout = 10s (default)
2024-03-04 13:05:33,312 [030b8962-d3aa-491b-960b-91563df5eb7e-groupManagement] INFO  server.RaftServerConfigKeys (ConfUtils.java:logGet(46)) - raft.server.log.statemachine.data.sync.timeout.retry = 0 (custom)
2024-03-04 13:05:33,312 [030b8962-d3aa-491b-960b-91563df5eb7e-groupManagement] INFO  server.RaftServerConfigKeys (ConfUtils.java:logGet(46)) - raft.server.log.write.buffer.size = 8388616 (custom)
2024-03-04 13:05:33,313 [030b8962-d3aa-491b-960b-91563df5eb7e-groupManagement] INFO  server.RaftServerConfigKeys (ConfUtils.java:logGet(46)) - raft.server.log.appender.buffer.byte-limit = 8388608 (custom)
2024-03-04 13:05:33,314 [030b8962-d3aa-491b-960b-91563df5eb7e-groupManagement] INFO  server.RaftServerConfigKeys (ConfUtils.java:logGet(46)) - raft.server.log.unsafe-flush.enabled = false (default)
2024-03-04 13:05:33,314 [030b8962-d3aa-491b-960b-91563df5eb7e-groupManagement] INFO  server.RaftServerConfigKeys (ConfUtils.java:logGet(46)) - raft.server.log.async-flush.enabled = false (default)
2024-03-04 13:05:33,314 [030b8962-d3aa-491b-960b-91563df5eb7e-groupManagement] INFO  server.RaftServerConfigKeys (ConfUtils.java:logGet(46)) - raft.server.log.statemachine.data.caching.enabled = true (custom)
2024-03-04 13:05:33,314 [030b8962-d3aa-491b-960b-91563df5eb7e-groupManagement] INFO  segmented.SegmentedRaftLogWorker (SegmentedRaftLogWorker.java:lambda$new$0(134)) - 030b8962-d3aa-491b-960b-91563df5eb7e@group-8B73651BDE9D-SegmentedRaftLogWorker: flushIndex: setUnconditionally 0 -> -1
2024-03-04 13:05:33,314 [030b8962-d3aa-491b-960b-91563df5eb7e-groupManagement] INFO  segmented.SegmentedRaftLogWorker (SegmentedRaftLogWorker.java:lambda$new$0(134)) - 030b8962-d3aa-491b-960b-91563df5eb7e@group-8B73651BDE9D-SegmentedRaftLogWorker: safeCacheEvictIndex: setUnconditionally 0 -> -1
2024-03-04 13:05:33,314 [030b8962-d3aa-491b-960b-91563df5eb7e-groupManagement] INFO  server.RaftServer$Division (RaftServerImpl.java:start(396)) - 030b8962-d3aa-491b-960b-91563df5eb7e@group-8B73651BDE9D: start as a follower, conf=-1: peers:[e959d54c-24d7-45fc-984c-db6978067a65|10.1.0.12:15298, 030b8962-d3aa-491b-960b-91563df5eb7e|10.1.0.12:15280, 507f219d-b643-4f6d-9e61-19483d6f1b1a|10.1.0.12:15289]|listeners:[], old=null
2024-03-04 13:05:33,314 [030b8962-d3aa-491b-960b-91563df5eb7e-groupManagement] INFO  server.RaftServer$Division (RaftServerImpl.java:setRole(383)) - 030b8962-d3aa-491b-960b-91563df5eb7e@group-8B73651BDE9D: changes role from      null to FOLLOWER at term 0 for startAsFollower
2024-03-04 13:05:33,314 [030b8962-d3aa-491b-960b-91563df5eb7e-groupManagement] INFO  impl.RoleInfo (RoleInfo.java:updateAndGet(139)) - 030b8962-d3aa-491b-960b-91563df5eb7e: start 030b8962-d3aa-491b-960b-91563df5eb7e@group-8B73651BDE9D-FollowerState
2024-03-04 13:05:33,314 [030b8962-d3aa-491b-960b-91563df5eb7e@group-8B73651BDE9D-FollowerState] INFO  server.RaftServerConfigKeys (ConfUtils.java:logFallback(53)) - raft.server.rpc.first-election.timeout.min = 5s (fallback to raft.server.rpc.timeout.min)
2024-03-04 13:05:33,314 [030b8962-d3aa-491b-960b-91563df5eb7e@group-8B73651BDE9D-FollowerState] INFO  server.RaftServerConfigKeys (ConfUtils.java:logFallback(53)) - raft.server.rpc.first-election.timeout.max = 5200ms (fallback to raft.server.rpc.timeout.max)
2024-03-04 13:05:33,314 [030b8962-d3aa-491b-960b-91563df5eb7e-groupManagement] INFO  util.JmxRegister (JmxRegister.java:tryRegister(44)) - Successfully registered JMX Bean with object name Ratis:service=RaftServer,group=group-8B73651BDE9D,id=030b8962-d3aa-491b-960b-91563df5eb7e
2024-03-04 13:05:33,314 [030b8962-d3aa-491b-960b-91563df5eb7e-groupManagement] INFO  server.RaftServerConfigKeys (ConfUtils.java:logGet(46)) - raft.server.snapshot.trigger-when-stop.enabled = true (default)
2024-03-04 13:05:33,314 [030b8962-d3aa-491b-960b-91563df5eb7e-groupManagement] INFO  server.RaftServerConfigKeys (ConfUtils.java:logGet(46)) - raft.server.snapshot.auto.trigger.enabled = true (custom)
2024-03-04 13:05:33,314 [030b8962-d3aa-491b-960b-91563df5eb7e-groupManagement] INFO  server.RaftServerConfigKeys (ConfUtils.java:logGet(46)) - raft.server.snapshot.auto.trigger.threshold = 10000 (custom)
2024-03-04 13:05:33,314 [030b8962-d3aa-491b-960b-91563df5eb7e-groupManagement] INFO  server.RaftServerConfigKeys (ConfUtils.java:logGet(46)) - raft.server.snapshot.retention.file.num = 5 (custom)
2024-03-04 13:05:33,314 [030b8962-d3aa-491b-960b-91563df5eb7e-groupManagement] INFO  server.RaftServerConfigKeys (ConfUtils.java:logGet(46)) - raft.server.log.purge.upto.snapshot.index = false (default)
2024-03-04 13:05:33,315 [030b8962-d3aa-491b-960b-91563df5eb7e-PipelineCommandHandlerThread-0] INFO  ratis.XceiverServerRatis (XceiverServerRatis.java:addGroup(864)) - Created group PipelineID=797fedc8-d198-4570-be13-8b73651bde9d
2024-03-04 13:05:33,321 [grpc-default-executor-2] INFO  server.RaftServer (RaftServerProxy.java:addNew(100)) - e959d54c-24d7-45fc-984c-db6978067a65: addNew group-8B73651BDE9D:[e959d54c-24d7-45fc-984c-db6978067a65|10.1.0.12:15298, 030b8962-d3aa-491b-960b-91563df5eb7e|10.1.0.12:15280, 507f219d-b643-4f6d-9e61-19483d6f1b1a|10.1.0.12:15289] returns group-8B73651BDE9D:java.util.concurrent.CompletableFuture@43cea9c0[Not completed]
2024-03-04 13:05:33,322 [e959d54c-24d7-45fc-984c-db6978067a65-groupManagement] INFO  server.RaftServer$Division (RaftServerImpl.java:<init>(256)) - e959d54c-24d7-45fc-984c-db6978067a65: new RaftServerImpl for group-8B73651BDE9D:[e959d54c-24d7-45fc-984c-db6978067a65|10.1.0.12:15298, 030b8962-d3aa-491b-960b-91563df5eb7e|10.1.0.12:15280, 507f219d-b643-4f6d-9e61-19483d6f1b1a|10.1.0.12:15289] with ContainerStateMachine:uninitialized
2024-03-04 13:05:33,322 [e959d54c-24d7-45fc-984c-db6978067a65-groupManagement] INFO  server.RaftServerConfigKeys (ConfUtils.java:logGet(46)) - raft.server.rpc.timeout.min = 5s (custom)
2024-03-04 13:05:33,322 [e959d54c-24d7-45fc-984c-db6978067a65-groupManagement] INFO  server.RaftServerConfigKeys (ConfUtils.java:logGet(46)) - raft.server.rpc.timeout.max = 5200ms (custom)
2024-03-04 13:05:33,322 [e959d54c-24d7-45fc-984c-db6978067a65-groupManagement] INFO  server.RaftServerConfigKeys (ConfUtils.java:logGet(46)) - raft.server.rpc.sleep.time = 25ms (default)
2024-03-04 13:05:33,322 [e959d54c-24d7-45fc-984c-db6978067a65-groupManagement] INFO  server.RaftServerConfigKeys (ConfUtils.java:logGet(46)) - raft.server.rpc.slowness.timeout = 300s (custom)
2024-03-04 13:05:33,322 [e959d54c-24d7-45fc-984c-db6978067a65-groupManagement] INFO  server.RaftServerConfigKeys (ConfUtils.java:logGet(46)) - raft.server.leaderelection.leader.step-down.wait-time = 10s (default)
2024-03-04 13:05:33,322 [e959d54c-24d7-45fc-984c-db6978067a65-groupManagement] INFO  server.RaftServerConfigKeys (ConfUtils.java:logGet(46)) - raft.server.leaderelection.member.majority-add = false (default)
2024-03-04 13:05:33,322 [e959d54c-24d7-45fc-984c-db6978067a65-groupManagement] INFO  server.RaftServerConfigKeys (ConfUtils.java:logGet(46)) - raft.server.sleep.deviation.threshold = 300ms (default)
2024-03-04 13:05:33,322 [e959d54c-24d7-45fc-984c-db6978067a65-groupManagement] INFO  server.RaftServer$Division (ServerState.java:<init>(113)) - e959d54c-24d7-45fc-984c-db6978067a65@group-8B73651BDE9D: ConfigurationManager, init=-1: peers:[e959d54c-24d7-45fc-984c-db6978067a65|10.1.0.12:15298, 030b8962-d3aa-491b-960b-91563df5eb7e|10.1.0.12:15280, 507f219d-b643-4f6d-9e61-19483d6f1b1a|10.1.0.12:15289]|listeners:[], old=null, confs=<EMPTY_MAP>
2024-03-04 13:05:33,322 [e959d54c-24d7-45fc-984c-db6978067a65-groupManagement] INFO  server.RaftServerConfigKeys (ConfUtils.java:logGet(46)) - raft.server.notification.no-leader.timeout = 300s (custom)
2024-03-04 13:05:33,322 [e959d54c-24d7-45fc-984c-db6978067a65-groupManagement] INFO  server.RaftServerConfigKeys (ConfUtils.java:logGet(46)) - raft.server.read.timeout = 10s (default)
2024-03-04 13:05:33,322 [e959d54c-24d7-45fc-984c-db6978067a65-groupManagement] INFO  server.RaftServerConfigKeys (ConfUtils.java:logGet(46)) - raft.server.retrycache.expirytime = 600000ms (custom)
2024-03-04 13:05:33,322 [e959d54c-24d7-45fc-984c-db6978067a65-groupManagement] INFO  server.RaftServerConfigKeys (ConfUtils.java:logGet(46)) - raft.server.retrycache.statistics.expirytime = 100ms (default)
2024-03-04 13:05:33,322 [e959d54c-24d7-45fc-984c-db6978067a65-groupManagement] INFO  server.RaftServerConfigKeys (ConfUtils.java:logGet(46)) - raft.server.read.option = DEFAULT (default)
2024-03-04 13:05:33,322 [e959d54c-24d7-45fc-984c-db6978067a65-groupManagement] INFO  server.RaftServerConfigKeys (ConfUtils.java:logGet(46)) - raft.server.read.read-after-write-consistent.write-index-cache.expiry-time = 60s (default)
2024-03-04 13:05:33,323 [e959d54c-24d7-45fc-984c-db6978067a65-groupManagement] INFO  server.RaftServerConfigKeys (ConfUtils.java:logGet(46)) - raft.server.rpc.request.timeout = 60s (custom)
2024-03-04 13:05:33,323 [e959d54c-24d7-45fc-984c-db6978067a65-groupManagement] INFO  server.RaftServerConfigKeys (ConfUtils.java:logGet(46)) - raft.server.log.appender.install.snapshot.enabled = false (custom)
2024-03-04 13:05:33,323 [e959d54c-24d7-45fc-984c-db6978067a65-groupManagement] INFO  server.RaftServerConfigKeys (ConfUtils.java:logGet(46)) - raft.server.threadpool.server.cached = true (default)
2024-03-04 13:05:33,323 [e959d54c-24d7-45fc-984c-db6978067a65-groupManagement] INFO  server.RaftServerConfigKeys (ConfUtils.java:logGet(46)) - raft.server.threadpool.server.size = 0 (default)
2024-03-04 13:05:33,323 [e959d54c-24d7-45fc-984c-db6978067a65-groupManagement] INFO  server.RaftServerConfigKeys (ConfUtils.java:logGet(46)) - raft.server.threadpool.client.cached = true (default)
2024-03-04 13:05:33,323 [e959d54c-24d7-45fc-984c-db6978067a65-groupManagement] INFO  server.RaftServerConfigKeys (ConfUtils.java:logGet(46)) - raft.server.threadpool.client.size = 0 (default)
2024-03-04 13:05:33,323 [e959d54c-24d7-45fc-984c-db6978067a65-groupManagement] INFO  server.RaftServerConfigKeys (ConfUtils.java:logGet(46)) - raft.server.storage.free-space.min = 0MB (=0) (default)
2024-03-04 13:05:33,324 [e959d54c-24d7-45fc-984c-db6978067a65-groupManagement] INFO  server.RaftServerConfigKeys (ConfUtils.java:logGet(46)) - raft.server.log.corruption.policy = EXCEPTION (default)
2024-03-04 13:05:33,324 [e959d54c-24d7-45fc-984c-db6978067a65-groupManagement] INFO  server.RaftServerConfigKeys (ConfUtils.java:logGet(46)) - raft.server.storage.dir = [/home/runner/work/ozone/ozone/hadoop-ozone/integration-test/target/test-dir/MiniOzoneClusterImpl-6b98b79e-1748-4853-9fc9-d757899c3dd5/ozone-meta/datanode-3/ratis] (custom)
2024-03-04 13:05:33,324 [e959d54c-24d7-45fc-984c-db6978067a65-groupManagement] INFO  storage.RaftStorageDirectory (RaftStorageDirectoryImpl.java:analyzeStorage(138)) - The storage directory /home/runner/work/ozone/ozone/hadoop-ozone/integration-test/target/test-dir/MiniOzoneClusterImpl-6b98b79e-1748-4853-9fc9-d757899c3dd5/ozone-meta/datanode-3/ratis/797fedc8-d198-4570-be13-8b73651bde9d does not exist. Creating ...
2024-03-04 13:05:33,324 [e959d54c-24d7-45fc-984c-db6978067a65-groupManagement] INFO  storage.RaftStorageDirectory (RaftStorageDirectoryImpl.java:tryLock(228)) - Lock on /home/runner/work/ozone/ozone/hadoop-ozone/integration-test/target/test-dir/MiniOzoneClusterImpl-6b98b79e-1748-4853-9fc9-d757899c3dd5/ozone-meta/datanode-3/ratis/797fedc8-d198-4570-be13-8b73651bde9d/in_use.lock acquired by nodename 41993@fv-az571-795
2024-03-04 13:05:33,325 [e959d54c-24d7-45fc-984c-db6978067a65-groupManagement] INFO  storage.RaftStorage (RaftStorageImpl.java:format(99)) - Storage directory /home/runner/work/ozone/ozone/hadoop-ozone/integration-test/target/test-dir/MiniOzoneClusterImpl-6b98b79e-1748-4853-9fc9-d757899c3dd5/ozone-meta/datanode-3/ratis/797fedc8-d198-4570-be13-8b73651bde9d has been successfully formatted.
2024-03-04 13:05:33,325 [e959d54c-24d7-45fc-984c-db6978067a65-groupManagement] WARN  util.FileUtils (LogUtils.java:supplyAndLog(63)) - Failed to Files.newInputStream /home/runner/work/ozone/ozone/hadoop-ozone/integration-test/target/test-dir/MiniOzoneClusterImpl-6b98b79e-1748-4853-9fc9-d757899c3dd5/ozone-meta/datanode-3/ratis/797fedc8-d198-4570-be13-8b73651bde9d/current/raft-meta.conf with options []: java.nio.file.NoSuchFileException: /home/runner/work/ozone/ozone/hadoop-ozone/integration-test/target/test-dir/MiniOzoneClusterImpl-6b98b79e-1748-4853-9fc9-d757899c3dd5/ozone-meta/datanode-3/ratis/797fedc8-d198-4570-be13-8b73651bde9d/current/raft-meta.conf
2024-03-04 13:05:33,325 [e959d54c-24d7-45fc-984c-db6978067a65-groupManagement] INFO  ratis.ContainerStateMachine (ContainerStateMachine.java:loadSnapshot(287)) - group-8B73651BDE9D: The snapshot info is null. Setting the last applied index to:(t:0, i:~)
2024-03-04 13:05:33,326 [e959d54c-24d7-45fc-984c-db6978067a65-groupManagement] INFO  server.RaftServerConfigKeys (ConfUtils.java:logGet(46)) - raft.server.log.use.memory = false (default)
2024-03-04 13:05:33,326 [e959d54c-24d7-45fc-984c-db6978067a65-groupManagement] INFO  server.RaftServerConfigKeys (ConfUtils.java:logGet(46)) - raft.server.log.purge.gap = 1000000 (custom)
2024-03-04 13:05:33,326 [e959d54c-24d7-45fc-984c-db6978067a65-groupManagement] INFO  server.RaftServerConfigKeys (ConfUtils.java:logGet(46)) - raft.server.log.appender.buffer.byte-limit = 8388608 (custom)
2024-03-04 13:05:33,326 [e959d54c-24d7-45fc-984c-db6978067a65-groupManagement] INFO  server.RaftServerConfigKeys (ConfUtils.java:logGet(46)) - raft.server.log.statemachine.data.read.timeout = 1000ms (default)
2024-03-04 13:05:33,326 [e959d54c-24d7-45fc-984c-db6978067a65-groupManagement] INFO  server.RaftServerConfigKeys (ConfUtils.java:logGet(46)) - raft.server.log.purge.preservation.log.num = 0 (default)
2024-03-04 13:05:33,326 [e959d54c-24d7-45fc-984c-db6978067a65-groupManagement] INFO  server.RaftServerConfigKeys (ConfUtils.java:logGet(46)) - raft.server.log.segment.size.max = 67108864 (custom)
2024-03-04 13:05:33,327 [e959d54c-24d7-45fc-984c-db6978067a65-groupManagement] INFO  server.RaftServerConfigKeys (ConfUtils.java:logGet(46)) - raft.server.log.segment.cache.num.max = 2 (custom)
2024-03-04 13:05:33,328 [e959d54c-24d7-45fc-984c-db6978067a65-groupManagement] INFO  server.RaftServerConfigKeys (ConfUtils.java:logGet(46)) - raft.server.log.segment.cache.size.max = 200MB (=209715200) (default)
2024-03-04 13:05:33,328 [e959d54c-24d7-45fc-984c-db6978067a65-groupManagement] INFO  server.RaftServerConfigKeys (ConfUtils.java:logGet(46)) - raft.server.log.appender.buffer.byte-limit = 8388608 (custom)
2024-03-04 13:05:33,328 [e959d54c-24d7-45fc-984c-db6978067a65-groupManagement] INFO  util.AwaitToRun (AwaitToRun.java:start(81)) - Thread[e959d54c-24d7-45fc-984c-db6978067a65@group-8B73651BDE9D-cacheEviction-AwaitToRun,5,main] started
2024-03-04 13:05:33,328 [e959d54c-24d7-45fc-984c-db6978067a65-groupManagement] INFO  segmented.SegmentedRaftLogWorker (SegmentedRaftLogWorker.java:<init>(182)) - new e959d54c-24d7-45fc-984c-db6978067a65@group-8B73651BDE9D-SegmentedRaftLogWorker for RaftStorageImpl:Storage Directory /home/runner/work/ozone/ozone/hadoop-ozone/integration-test/target/test-dir/MiniOzoneClusterImpl-6b98b79e-1748-4853-9fc9-d757899c3dd5/ozone-meta/datanode-3/ratis/797fedc8-d198-4570-be13-8b73651bde9d
2024-03-04 13:05:33,328 [e959d54c-24d7-45fc-984c-db6978067a65-groupManagement] INFO  server.RaftServerConfigKeys (ConfUtils.java:logGet(46)) - raft.server.log.queue.byte-limit = 4294967296 (custom)
2024-03-04 13:05:33,328 [e959d54c-24d7-45fc-984c-db6978067a65-groupManagement] INFO  server.RaftServerConfigKeys (ConfUtils.java:logGet(46)) - raft.server.log.queue.element-limit = 1024 (custom)
2024-03-04 13:05:33,328 [e959d54c-24d7-45fc-984c-db6978067a65-groupManagement] INFO  server.RaftServerConfigKeys (ConfUtils.java:logGet(46)) - raft.server.log.segment.size.max = 67108864 (custom)
2024-03-04 13:05:33,328 [e959d54c-24d7-45fc-984c-db6978067a65-groupManagement] INFO  server.RaftServerConfigKeys (ConfUtils.java:logGet(46)) - raft.server.log.preallocated.size = 4194304 (custom)
2024-03-04 13:05:33,328 [e959d54c-24d7-45fc-984c-db6978067a65-groupManagement] INFO  server.RaftServerConfigKeys (ConfUtils.java:logGet(46)) - raft.server.log.force.sync.num = 128 (default)
2024-03-04 13:05:33,328 [e959d54c-24d7-45fc-984c-db6978067a65-groupManagement] INFO  server.RaftServerConfigKeys (ConfUtils.java:logGet(46)) - raft.server.log.statemachine.data.sync = true (default)
2024-03-04 13:05:33,328 [e959d54c-24d7-45fc-984c-db6978067a65-groupManagement] INFO  server.RaftServerConfigKeys (ConfUtils.java:logGet(46)) - raft.server.log.statemachine.data.sync.timeout = 10s (default)
2024-03-04 13:05:33,328 [e959d54c-24d7-45fc-984c-db6978067a65-groupManagement] INFO  server.RaftServerConfigKeys (ConfUtils.java:logGet(46)) - raft.server.log.statemachine.data.sync.timeout.retry = 0 (custom)
2024-03-04 13:05:33,329 [e959d54c-24d7-45fc-984c-db6978067a65-groupManagement] INFO  server.RaftServerConfigKeys (ConfUtils.java:logGet(46)) - raft.server.log.write.buffer.size = 8388616 (custom)
2024-03-04 13:05:33,330 [e959d54c-24d7-45fc-984c-db6978067a65-groupManagement] INFO  server.RaftServerConfigKeys (ConfUtils.java:logGet(46)) - raft.server.log.appender.buffer.byte-limit = 8388608 (custom)
2024-03-04 13:05:33,330 [e959d54c-24d7-45fc-984c-db6978067a65-groupManagement] INFO  server.RaftServerConfigKeys (ConfUtils.java:logGet(46)) - raft.server.log.unsafe-flush.enabled = false (default)
2024-03-04 13:05:33,330 [e959d54c-24d7-45fc-984c-db6978067a65-groupManagement] INFO  server.RaftServerConfigKeys (ConfUtils.java:logGet(46)) - raft.server.log.async-flush.enabled = false (default)
2024-03-04 13:05:33,330 [e959d54c-24d7-45fc-984c-db6978067a65-groupManagement] INFO  server.RaftServerConfigKeys (ConfUtils.java:logGet(46)) - raft.server.log.statemachine.data.caching.enabled = true (custom)
2024-03-04 13:05:33,330 [e959d54c-24d7-45fc-984c-db6978067a65-groupManagement] INFO  segmented.SegmentedRaftLogWorker (SegmentedRaftLogWorker.java:lambda$new$0(134)) - e959d54c-24d7-45fc-984c-db6978067a65@group-8B73651BDE9D-SegmentedRaftLogWorker: flushIndex: setUnconditionally 0 -> -1
2024-03-04 13:05:33,330 [e959d54c-24d7-45fc-984c-db6978067a65-groupManagement] INFO  segmented.SegmentedRaftLogWorker (SegmentedRaftLogWorker.java:lambda$new$0(134)) - e959d54c-24d7-45fc-984c-db6978067a65@group-8B73651BDE9D-SegmentedRaftLogWorker: safeCacheEvictIndex: setUnconditionally 0 -> -1
2024-03-04 13:05:33,330 [e959d54c-24d7-45fc-984c-db6978067a65-groupManagement] INFO  server.RaftServer$Division (RaftServerImpl.java:start(396)) - e959d54c-24d7-45fc-984c-db6978067a65@group-8B73651BDE9D: start as a follower, conf=-1: peers:[e959d54c-24d7-45fc-984c-db6978067a65|10.1.0.12:15298, 030b8962-d3aa-491b-960b-91563df5eb7e|10.1.0.12:15280, 507f219d-b643-4f6d-9e61-19483d6f1b1a|10.1.0.12:15289]|listeners:[], old=null
2024-03-04 13:05:33,330 [e959d54c-24d7-45fc-984c-db6978067a65-groupManagement] INFO  server.RaftServer$Division (RaftServerImpl.java:setRole(383)) - e959d54c-24d7-45fc-984c-db6978067a65@group-8B73651BDE9D: changes role from      null to FOLLOWER at term 0 for startAsFollower
2024-03-04 13:05:33,330 [e959d54c-24d7-45fc-984c-db6978067a65-groupManagement] INFO  impl.RoleInfo (RoleInfo.java:updateAndGet(139)) - e959d54c-24d7-45fc-984c-db6978067a65: start e959d54c-24d7-45fc-984c-db6978067a65@group-8B73651BDE9D-FollowerState
2024-03-04 13:05:33,332 [e959d54c-24d7-45fc-984c-db6978067a65-groupManagement] INFO  util.JmxRegister (JmxRegister.java:tryRegister(44)) - Successfully registered JMX Bean with object name Ratis:service=RaftServer,group=group-8B73651BDE9D,id=e959d54c-24d7-45fc-984c-db6978067a65
2024-03-04 13:05:33,332 [e959d54c-24d7-45fc-984c-db6978067a65@group-8B73651BDE9D-FollowerState] INFO  server.RaftServerConfigKeys (ConfUtils.java:logFallback(53)) - raft.server.rpc.first-election.timeout.min = 5s (fallback to raft.server.rpc.timeout.min)
2024-03-04 13:05:33,332 [e959d54c-24d7-45fc-984c-db6978067a65-groupManagement] INFO  server.RaftServerConfigKeys (ConfUtils.java:logGet(46)) - raft.server.snapshot.trigger-when-stop.enabled = true (default)
2024-03-04 13:05:33,332 [e959d54c-24d7-45fc-984c-db6978067a65-groupManagement] INFO  server.RaftServerConfigKeys (ConfUtils.java:logGet(46)) - raft.server.snapshot.auto.trigger.enabled = true (custom)
2024-03-04 13:05:33,332 [e959d54c-24d7-45fc-984c-db6978067a65-groupManagement] INFO  server.RaftServerConfigKeys (ConfUtils.java:logGet(46)) - raft.server.snapshot.auto.trigger.threshold = 10000 (custom)
2024-03-04 13:05:33,332 [e959d54c-24d7-45fc-984c-db6978067a65-groupManagement] INFO  server.RaftServerConfigKeys (ConfUtils.java:logGet(46)) - raft.server.snapshot.retention.file.num = 5 (custom)
2024-03-04 13:05:33,332 [e959d54c-24d7-45fc-984c-db6978067a65-groupManagement] INFO  server.RaftServerConfigKeys (ConfUtils.java:logGet(46)) - raft.server.log.purge.upto.snapshot.index = false (default)
2024-03-04 13:05:33,332 [507f219d-b643-4f6d-9e61-19483d6f1b1a-PipelineCommandHandlerThread-0] INFO  server.RaftServer (RaftServerProxy.java:addNew(100)) - 507f219d-b643-4f6d-9e61-19483d6f1b1a: addNew group-0643E4425FCC:[507f219d-b643-4f6d-9e61-19483d6f1b1a|10.1.0.12:15289] returns group-0643E4425FCC:java.util.concurrent.CompletableFuture@153ebb17[Not completed]
2024-03-04 13:05:33,332 [e959d54c-24d7-45fc-984c-db6978067a65@group-8B73651BDE9D-FollowerState] INFO  server.RaftServerConfigKeys (ConfUtils.java:logFallback(53)) - raft.server.rpc.first-election.timeout.max = 5200ms (fallback to raft.server.rpc.timeout.max)
2024-03-04 13:05:33,333 [507f219d-b643-4f6d-9e61-19483d6f1b1a-groupManagement] INFO  server.RaftServer$Division (RaftServerImpl.java:<init>(256)) - 507f219d-b643-4f6d-9e61-19483d6f1b1a: new RaftServerImpl for group-0643E4425FCC:[507f219d-b643-4f6d-9e61-19483d6f1b1a|10.1.0.12:15289] with ContainerStateMachine:uninitialized
2024-03-04 13:05:33,333 [507f219d-b643-4f6d-9e61-19483d6f1b1a-groupManagement] INFO  server.RaftServerConfigKeys (ConfUtils.java:logGet(46)) - raft.server.rpc.timeout.min = 5s (custom)
2024-03-04 13:05:33,333 [507f219d-b643-4f6d-9e61-19483d6f1b1a-groupManagement] INFO  server.RaftServerConfigKeys (ConfUtils.java:logGet(46)) - raft.server.rpc.timeout.max = 5200ms (custom)
2024-03-04 13:05:33,333 [507f219d-b643-4f6d-9e61-19483d6f1b1a-groupManagement] INFO  server.RaftServerConfigKeys (ConfUtils.java:logGet(46)) - raft.server.rpc.sleep.time = 25ms (default)
2024-03-04 13:05:33,333 [507f219d-b643-4f6d-9e61-19483d6f1b1a-groupManagement] INFO  server.RaftServerConfigKeys (ConfUtils.java:logGet(46)) - raft.server.rpc.slowness.timeout = 300s (custom)
2024-03-04 13:05:33,333 [507f219d-b643-4f6d-9e61-19483d6f1b1a-groupManagement] INFO  server.RaftServerConfigKeys (ConfUtils.java:logGet(46)) - raft.server.leaderelection.leader.step-down.wait-time = 10s (default)
2024-03-04 13:05:33,333 [507f219d-b643-4f6d-9e61-19483d6f1b1a-groupManagement] INFO  server.RaftServerConfigKeys (ConfUtils.java:logGet(46)) - raft.server.leaderelection.member.majority-add = false (default)
2024-03-04 13:05:33,333 [507f219d-b643-4f6d-9e61-19483d6f1b1a-groupManagement] INFO  server.RaftServerConfigKeys (ConfUtils.java:logGet(46)) - raft.server.sleep.deviation.threshold = 300ms (default)
2024-03-04 13:05:33,333 [507f219d-b643-4f6d-9e61-19483d6f1b1a-groupManagement] INFO  server.RaftServer$Division (ServerState.java:<init>(113)) - 507f219d-b643-4f6d-9e61-19483d6f1b1a@group-0643E4425FCC: ConfigurationManager, init=-1: peers:[507f219d-b643-4f6d-9e61-19483d6f1b1a|10.1.0.12:15289]|listeners:[], old=null, confs=<EMPTY_MAP>
2024-03-04 13:05:33,333 [507f219d-b643-4f6d-9e61-19483d6f1b1a-groupManagement] INFO  server.RaftServerConfigKeys (ConfUtils.java:logGet(46)) - raft.server.notification.no-leader.timeout = 300s (custom)
2024-03-04 13:05:33,333 [507f219d-b643-4f6d-9e61-19483d6f1b1a-groupManagement] INFO  server.RaftServerConfigKeys (ConfUtils.java:logGet(46)) - raft.server.read.timeout = 10s (default)
2024-03-04 13:05:33,333 [507f219d-b643-4f6d-9e61-19483d6f1b1a-groupManagement] INFO  server.RaftServerConfigKeys (ConfUtils.java:logGet(46)) - raft.server.retrycache.expirytime = 600000ms (custom)
2024-03-04 13:05:33,333 [507f219d-b643-4f6d-9e61-19483d6f1b1a-groupManagement] INFO  server.RaftServerConfigKeys (ConfUtils.java:logGet(46)) - raft.server.retrycache.statistics.expirytime = 100ms (default)
2024-03-04 13:05:33,334 [507f219d-b643-4f6d-9e61-19483d6f1b1a-groupManagement] INFO  server.RaftServerConfigKeys (ConfUtils.java:logGet(46)) - raft.server.read.option = DEFAULT (default)
2024-03-04 13:05:33,334 [507f219d-b643-4f6d-9e61-19483d6f1b1a-groupManagement] INFO  server.RaftServerConfigKeys (ConfUtils.java:logGet(46)) - raft.server.read.read-after-write-consistent.write-index-cache.expiry-time = 60s (default)
2024-03-04 13:05:33,337 [507f219d-b643-4f6d-9e61-19483d6f1b1a-groupManagement] INFO  server.RaftServerConfigKeys (ConfUtils.java:logGet(46)) - raft.server.rpc.request.timeout = 60s (custom)
2024-03-04 13:05:33,337 [507f219d-b643-4f6d-9e61-19483d6f1b1a-groupManagement] INFO  server.RaftServerConfigKeys (ConfUtils.java:logGet(46)) - raft.server.log.appender.install.snapshot.enabled = false (custom)
2024-03-04 13:05:33,337 [507f219d-b643-4f6d-9e61-19483d6f1b1a-groupManagement] INFO  server.RaftServerConfigKeys (ConfUtils.java:logGet(46)) - raft.server.threadpool.server.cached = true (default)
2024-03-04 13:05:33,337 [507f219d-b643-4f6d-9e61-19483d6f1b1a-groupManagement] INFO  server.RaftServerConfigKeys (ConfUtils.java:logGet(46)) - raft.server.threadpool.server.size = 0 (default)
2024-03-04 13:05:33,337 [507f219d-b643-4f6d-9e61-19483d6f1b1a-groupManagement] INFO  server.RaftServerConfigKeys (ConfUtils.java:logGet(46)) - raft.server.threadpool.client.cached = true (default)
2024-03-04 13:05:33,338 [507f219d-b643-4f6d-9e61-19483d6f1b1a-groupManagement] INFO  server.RaftServerConfigKeys (ConfUtils.java:logGet(46)) - raft.server.threadpool.client.size = 0 (default)
2024-03-04 13:05:33,338 [507f219d-b643-4f6d-9e61-19483d6f1b1a-groupManagement] INFO  server.RaftServerConfigKeys (ConfUtils.java:logGet(46)) - raft.server.storage.free-space.min = 0MB (=0) (default)
2024-03-04 13:05:33,338 [507f219d-b643-4f6d-9e61-19483d6f1b1a-groupManagement] INFO  server.RaftServerConfigKeys (ConfUtils.java:logGet(46)) - raft.server.log.corruption.policy = EXCEPTION (default)
2024-03-04 13:05:33,338 [507f219d-b643-4f6d-9e61-19483d6f1b1a-groupManagement] INFO  server.RaftServerConfigKeys (ConfUtils.java:logGet(46)) - raft.server.storage.dir = [/home/runner/work/ozone/ozone/hadoop-ozone/integration-test/target/test-dir/MiniOzoneClusterImpl-6b98b79e-1748-4853-9fc9-d757899c3dd5/ozone-meta/datanode-2/ratis] (custom)
2024-03-04 13:05:33,338 [507f219d-b643-4f6d-9e61-19483d6f1b1a-groupManagement] INFO  storage.RaftStorageDirectory (RaftStorageDirectoryImpl.java:analyzeStorage(138)) - The storage directory /home/runner/work/ozone/ozone/hadoop-ozone/integration-test/target/test-dir/MiniOzoneClusterImpl-6b98b79e-1748-4853-9fc9-d757899c3dd5/ozone-meta/datanode-2/ratis/eb38791f-3438-4eaf-8875-0643e4425fcc does not exist. Creating ...
2024-03-04 13:05:33,339 [507f219d-b643-4f6d-9e61-19483d6f1b1a-groupManagement] INFO  storage.RaftStorageDirectory (RaftStorageDirectoryImpl.java:tryLock(228)) - Lock on /home/runner/work/ozone/ozone/hadoop-ozone/integration-test/target/test-dir/MiniOzoneClusterImpl-6b98b79e-1748-4853-9fc9-d757899c3dd5/ozone-meta/datanode-2/ratis/eb38791f-3438-4eaf-8875-0643e4425fcc/in_use.lock acquired by nodename 41993@fv-az571-795
2024-03-04 13:05:33,340 [507f219d-b643-4f6d-9e61-19483d6f1b1a-groupManagement] INFO  storage.RaftStorage (RaftStorageImpl.java:format(99)) - Storage directory /home/runner/work/ozone/ozone/hadoop-ozone/integration-test/target/test-dir/MiniOzoneClusterImpl-6b98b79e-1748-4853-9fc9-d757899c3dd5/ozone-meta/datanode-2/ratis/eb38791f-3438-4eaf-8875-0643e4425fcc has been successfully formatted.
2024-03-04 13:05:33,340 [507f219d-b643-4f6d-9e61-19483d6f1b1a-groupManagement] WARN  util.FileUtils (LogUtils.java:supplyAndLog(63)) - Failed to Files.newInputStream /home/runner/work/ozone/ozone/hadoop-ozone/integration-test/target/test-dir/MiniOzoneClusterImpl-6b98b79e-1748-4853-9fc9-d757899c3dd5/ozone-meta/datanode-2/ratis/eb38791f-3438-4eaf-8875-0643e4425fcc/current/raft-meta.conf with options []: java.nio.file.NoSuchFileException: /home/runner/work/ozone/ozone/hadoop-ozone/integration-test/target/test-dir/MiniOzoneClusterImpl-6b98b79e-1748-4853-9fc9-d757899c3dd5/ozone-meta/datanode-2/ratis/eb38791f-3438-4eaf-8875-0643e4425fcc/current/raft-meta.conf
2024-03-04 13:05:33,340 [507f219d-b643-4f6d-9e61-19483d6f1b1a-groupManagement] INFO  ratis.ContainerStateMachine (ContainerStateMachine.java:loadSnapshot(287)) - group-0643E4425FCC: The snapshot info is null. Setting the last applied index to:(t:0, i:~)
2024-03-04 13:05:33,340 [507f219d-b643-4f6d-9e61-19483d6f1b1a-groupManagement] INFO  server.RaftServerConfigKeys (ConfUtils.java:logGet(46)) - raft.server.log.use.memory = false (default)
2024-03-04 13:05:33,340 [507f219d-b643-4f6d-9e61-19483d6f1b1a-groupManagement] INFO  server.RaftServerConfigKeys (ConfUtils.java:logGet(46)) - raft.server.log.purge.gap = 1000000 (custom)
2024-03-04 13:05:33,340 [507f219d-b643-4f6d-9e61-19483d6f1b1a-groupManagement] INFO  server.RaftServerConfigKeys (ConfUtils.java:logGet(46)) - raft.server.log.appender.buffer.byte-limit = 8388608 (custom)
2024-03-04 13:05:33,340 [507f219d-b643-4f6d-9e61-19483d6f1b1a-groupManagement] INFO  server.RaftServerConfigKeys (ConfUtils.java:logGet(46)) - raft.server.log.statemachine.data.read.timeout = 1000ms (default)
2024-03-04 13:05:33,340 [507f219d-b643-4f6d-9e61-19483d6f1b1a-groupManagement] INFO  server.RaftServerConfigKeys (ConfUtils.java:logGet(46)) - raft.server.log.purge.preservation.log.num = 0 (default)
2024-03-04 13:05:33,341 [EventQueue-PipelineReportForPipelineReportHandler] INFO  pipeline.PipelineReportHandler (PipelineReportHandler.java:processPipelineReport(136)) - Opened pipeline PipelineID=eb38791f-3438-4eaf-8875-0643e4425fcc
2024-03-04 13:05:33,342 [EventQueue-OpenPipelineForHealthyPipelineSafeModeRule] INFO  safemode.SCMSafeModeManager (HealthyPipelineSafeModeRule.java:process(140)) - SCM in safe mode. Healthy pipelines reported count is 0, required healthy pipeline reported count is 1
2024-03-04 13:05:33,342 [507f219d-b643-4f6d-9e61-19483d6f1b1a-groupManagement] INFO  server.RaftServerConfigKeys (ConfUtils.java:logGet(46)) - raft.server.log.segment.size.max = 67108864 (custom)
2024-03-04 13:05:33,342 [507f219d-b643-4f6d-9e61-19483d6f1b1a-groupManagement] INFO  server.RaftServerConfigKeys (ConfUtils.java:logGet(46)) - raft.server.log.segment.cache.num.max = 2 (custom)
2024-03-04 13:05:33,343 [507f219d-b643-4f6d-9e61-19483d6f1b1a-groupManagement] INFO  server.RaftServerConfigKeys (ConfUtils.java:logGet(46)) - raft.server.log.segment.cache.size.max = 200MB (=209715200) (default)
2024-03-04 13:05:33,343 [507f219d-b643-4f6d-9e61-19483d6f1b1a-groupManagement] INFO  server.RaftServerConfigKeys (ConfUtils.java:logGet(46)) - raft.server.log.appender.buffer.byte-limit = 8388608 (custom)
2024-03-04 13:05:33,343 [507f219d-b643-4f6d-9e61-19483d6f1b1a-groupManagement] INFO  util.AwaitToRun (AwaitToRun.java:start(81)) - Thread[507f219d-b643-4f6d-9e61-19483d6f1b1a@group-0643E4425FCC-cacheEviction-AwaitToRun,5,main] started
2024-03-04 13:05:33,343 [507f219d-b643-4f6d-9e61-19483d6f1b1a-groupManagement] INFO  segmented.SegmentedRaftLogWorker (SegmentedRaftLogWorker.java:<init>(182)) - new 507f219d-b643-4f6d-9e61-19483d6f1b1a@group-0643E4425FCC-SegmentedRaftLogWorker for RaftStorageImpl:Storage Directory /home/runner/work/ozone/ozone/hadoop-ozone/integration-test/target/test-dir/MiniOzoneClusterImpl-6b98b79e-1748-4853-9fc9-d757899c3dd5/ozone-meta/datanode-2/ratis/eb38791f-3438-4eaf-8875-0643e4425fcc
2024-03-04 13:05:33,343 [507f219d-b643-4f6d-9e61-19483d6f1b1a-groupManagement] INFO  server.RaftServerConfigKeys (ConfUtils.java:logGet(46)) - raft.server.log.queue.byte-limit = 4294967296 (custom)
2024-03-04 13:05:33,343 [507f219d-b643-4f6d-9e61-19483d6f1b1a-groupManagement] INFO  server.RaftServerConfigKeys (ConfUtils.java:logGet(46)) - raft.server.log.queue.element-limit = 1024 (custom)
2024-03-04 13:05:33,343 [507f219d-b643-4f6d-9e61-19483d6f1b1a-groupManagement] INFO  server.RaftServerConfigKeys (ConfUtils.java:logGet(46)) - raft.server.log.segment.size.max = 67108864 (custom)
2024-03-04 13:05:33,343 [507f219d-b643-4f6d-9e61-19483d6f1b1a-groupManagement] INFO  server.RaftServerConfigKeys (ConfUtils.java:logGet(46)) - raft.server.log.preallocated.size = 4194304 (custom)
2024-03-04 13:05:33,343 [507f219d-b643-4f6d-9e61-19483d6f1b1a-groupManagement] INFO  server.RaftServerConfigKeys (ConfUtils.java:logGet(46)) - raft.server.log.force.sync.num = 128 (default)
2024-03-04 13:05:33,343 [507f219d-b643-4f6d-9e61-19483d6f1b1a-groupManagement] INFO  server.RaftServerConfigKeys (ConfUtils.java:logGet(46)) - raft.server.log.statemachine.data.sync = true (default)
2024-03-04 13:05:33,343 [grpc-default-executor-2] INFO  server.RaftServer (RaftServerProxy.java:addNew(100)) - 507f219d-b643-4f6d-9e61-19483d6f1b1a: addNew group-8B73651BDE9D:[e959d54c-24d7-45fc-984c-db6978067a65|10.1.0.12:15298, 030b8962-d3aa-491b-960b-91563df5eb7e|10.1.0.12:15280, 507f219d-b643-4f6d-9e61-19483d6f1b1a|10.1.0.12:15289] returns group-8B73651BDE9D:java.util.concurrent.CompletableFuture@2ec8e16d[Not completed]
2024-03-04 13:05:33,343 [507f219d-b643-4f6d-9e61-19483d6f1b1a-groupManagement] INFO  server.RaftServerConfigKeys (ConfUtils.java:logGet(46)) - raft.server.log.statemachine.data.sync.timeout = 10s (default)
2024-03-04 13:05:33,344 [507f219d-b643-4f6d-9e61-19483d6f1b1a-groupManagement] INFO  server.RaftServerConfigKeys (ConfUtils.java:logGet(46)) - raft.server.log.statemachine.data.sync.timeout.retry = 0 (custom)
2024-03-04 13:05:33,344 [507f219d-b643-4f6d-9e61-19483d6f1b1a-groupManagement] INFO  server.RaftServerConfigKeys (ConfUtils.java:logGet(46)) - raft.server.log.write.buffer.size = 8388616 (custom)
2024-03-04 13:05:33,345 [507f219d-b643-4f6d-9e61-19483d6f1b1a-groupManagement] INFO  server.RaftServerConfigKeys (ConfUtils.java:logGet(46)) - raft.server.log.appender.buffer.byte-limit = 8388608 (custom)
2024-03-04 13:05:33,345 [507f219d-b643-4f6d-9e61-19483d6f1b1a-groupManagement] INFO  server.RaftServerConfigKeys (ConfUtils.java:logGet(46)) - raft.server.log.unsafe-flush.enabled = false (default)
2024-03-04 13:05:33,345 [507f219d-b643-4f6d-9e61-19483d6f1b1a-groupManagement] INFO  server.RaftServerConfigKeys (ConfUtils.java:logGet(46)) - raft.server.log.async-flush.enabled = false (default)
2024-03-04 13:05:33,345 [507f219d-b643-4f6d-9e61-19483d6f1b1a-groupManagement] INFO  server.RaftServerConfigKeys (ConfUtils.java:logGet(46)) - raft.server.log.statemachine.data.caching.enabled = true (custom)
2024-03-04 13:05:33,345 [507f219d-b643-4f6d-9e61-19483d6f1b1a-groupManagement] INFO  segmented.SegmentedRaftLogWorker (SegmentedRaftLogWorker.java:lambda$new$0(134)) - 507f219d-b643-4f6d-9e61-19483d6f1b1a@group-0643E4425FCC-SegmentedRaftLogWorker: flushIndex: setUnconditionally 0 -> -1
2024-03-04 13:05:33,346 [507f219d-b643-4f6d-9e61-19483d6f1b1a-groupManagement] INFO  segmented.SegmentedRaftLogWorker (SegmentedRaftLogWorker.java:lambda$new$0(134)) - 507f219d-b643-4f6d-9e61-19483d6f1b1a@group-0643E4425FCC-SegmentedRaftLogWorker: safeCacheEvictIndex: setUnconditionally 0 -> -1
2024-03-04 13:05:33,346 [507f219d-b643-4f6d-9e61-19483d6f1b1a-groupManagement] INFO  server.RaftServer$Division (RaftServerImpl.java:start(396)) - 507f219d-b643-4f6d-9e61-19483d6f1b1a@group-0643E4425FCC: start as a follower, conf=-1: peers:[507f219d-b643-4f6d-9e61-19483d6f1b1a|10.1.0.12:15289]|listeners:[], old=null
2024-03-04 13:05:33,346 [507f219d-b643-4f6d-9e61-19483d6f1b1a-groupManagement] INFO  server.RaftServer$Division (RaftServerImpl.java:setRole(383)) - 507f219d-b643-4f6d-9e61-19483d6f1b1a@group-0643E4425FCC: changes role from      null to FOLLOWER at term 0 for startAsFollower
2024-03-04 13:05:33,346 [507f219d-b643-4f6d-9e61-19483d6f1b1a-groupManagement] INFO  impl.RoleInfo (RoleInfo.java:updateAndGet(139)) - 507f219d-b643-4f6d-9e61-19483d6f1b1a: start 507f219d-b643-4f6d-9e61-19483d6f1b1a@group-0643E4425FCC-FollowerState
2024-03-04 13:05:33,346 [507f219d-b643-4f6d-9e61-19483d6f1b1a@group-0643E4425FCC-FollowerState] INFO  server.RaftServerConfigKeys (ConfUtils.java:logFallback(53)) - raft.server.rpc.first-election.timeout.min = 5s (fallback to raft.server.rpc.timeout.min)
2024-03-04 13:05:33,346 [507f219d-b643-4f6d-9e61-19483d6f1b1a@group-0643E4425FCC-FollowerState] INFO  server.RaftServerConfigKeys (ConfUtils.java:logFallback(53)) - raft.server.rpc.first-election.timeout.max = 5200ms (fallback to raft.server.rpc.timeout.max)
2024-03-04 13:05:33,346 [507f219d-b643-4f6d-9e61-19483d6f1b1a-groupManagement] INFO  util.JmxRegister (JmxRegister.java:tryRegister(44)) - Successfully registered JMX Bean with object name Ratis:service=RaftServer,group=group-0643E4425FCC,id=507f219d-b643-4f6d-9e61-19483d6f1b1a
2024-03-04 13:05:33,346 [507f219d-b643-4f6d-9e61-19483d6f1b1a-groupManagement] INFO  server.RaftServerConfigKeys (ConfUtils.java:logGet(46)) - raft.server.snapshot.trigger-when-stop.enabled = true (default)
2024-03-04 13:05:33,346 [507f219d-b643-4f6d-9e61-19483d6f1b1a-groupManagement] INFO  server.RaftServerConfigKeys (ConfUtils.java:logGet(46)) - raft.server.snapshot.auto.trigger.enabled = true (custom)
2024-03-04 13:05:33,346 [507f219d-b643-4f6d-9e61-19483d6f1b1a-groupManagement] INFO  server.RaftServerConfigKeys (ConfUtils.java:logGet(46)) - raft.server.snapshot.auto.trigger.threshold = 10000 (custom)
2024-03-04 13:05:33,346 [507f219d-b643-4f6d-9e61-19483d6f1b1a-groupManagement] INFO  server.RaftServerConfigKeys (ConfUtils.java:logGet(46)) - raft.server.snapshot.retention.file.num = 5 (custom)
2024-03-04 13:05:33,347 [507f219d-b643-4f6d-9e61-19483d6f1b1a-groupManagement] INFO  server.RaftServerConfigKeys (ConfUtils.java:logGet(46)) - raft.server.log.purge.upto.snapshot.index = false (default)
2024-03-04 13:05:33,347 [507f219d-b643-4f6d-9e61-19483d6f1b1a-PipelineCommandHandlerThread-0] INFO  ratis.XceiverServerRatis (XceiverServerRatis.java:addGroup(864)) - Created group PipelineID=eb38791f-3438-4eaf-8875-0643e4425fcc
2024-03-04 13:05:33,347 [507f219d-b643-4f6d-9e61-19483d6f1b1a-PipelineCommandHandlerThread-0] INFO  commandhandler.CreatePipelineCommandHandler (CreatePipelineCommandHandler.java:lambda$handle$2(124)) - Created Pipeline RATIS ONE PipelineID=eb38791f-3438-4eaf-8875-0643e4425fcc.
2024-03-04 13:05:33,348 [507f219d-b643-4f6d-9e61-19483d6f1b1a-groupManagement] INFO  server.RaftServer$Division (RaftServerImpl.java:<init>(256)) - 507f219d-b643-4f6d-9e61-19483d6f1b1a: new RaftServerImpl for group-8B73651BDE9D:[e959d54c-24d7-45fc-984c-db6978067a65|10.1.0.12:15298, 030b8962-d3aa-491b-960b-91563df5eb7e|10.1.0.12:15280, 507f219d-b643-4f6d-9e61-19483d6f1b1a|10.1.0.12:15289] with ContainerStateMachine:uninitialized
2024-03-04 13:05:33,348 [507f219d-b643-4f6d-9e61-19483d6f1b1a-groupManagement] INFO  server.RaftServerConfigKeys (ConfUtils.java:logGet(46)) - raft.server.rpc.timeout.min = 5s (custom)
2024-03-04 13:05:33,348 [507f219d-b643-4f6d-9e61-19483d6f1b1a-groupManagement] INFO  server.RaftServerConfigKeys (ConfUtils.java:logGet(46)) - raft.server.rpc.timeout.max = 5200ms (custom)
2024-03-04 13:05:33,348 [507f219d-b643-4f6d-9e61-19483d6f1b1a-groupManagement] INFO  server.RaftServerConfigKeys (ConfUtils.java:logGet(46)) - raft.server.rpc.sleep.time = 25ms (default)
2024-03-04 13:05:33,348 [507f219d-b643-4f6d-9e61-19483d6f1b1a-groupManagement] INFO  server.RaftServerConfigKeys (ConfUtils.java:logGet(46)) - raft.server.rpc.slowness.timeout = 300s (custom)
2024-03-04 13:05:33,348 [507f219d-b643-4f6d-9e61-19483d6f1b1a-groupManagement] INFO  server.RaftServerConfigKeys (ConfUtils.java:logGet(46)) - raft.server.leaderelection.leader.step-down.wait-time = 10s (default)
2024-03-04 13:05:33,348 [507f219d-b643-4f6d-9e61-19483d6f1b1a-groupManagement] INFO  server.RaftServerConfigKeys (ConfUtils.java:logGet(46)) - raft.server.leaderelection.member.majority-add = false (default)
2024-03-04 13:05:33,348 [507f219d-b643-4f6d-9e61-19483d6f1b1a-groupManagement] INFO  server.RaftServerConfigKeys (ConfUtils.java:logGet(46)) - raft.server.sleep.deviation.threshold = 300ms (default)
2024-03-04 13:05:33,348 [507f219d-b643-4f6d-9e61-19483d6f1b1a-groupManagement] INFO  server.RaftServer$Division (ServerState.java:<init>(113)) - 507f219d-b643-4f6d-9e61-19483d6f1b1a@group-8B73651BDE9D: ConfigurationManager, init=-1: peers:[e959d54c-24d7-45fc-984c-db6978067a65|10.1.0.12:15298, 030b8962-d3aa-491b-960b-91563df5eb7e|10.1.0.12:15280, 507f219d-b643-4f6d-9e61-19483d6f1b1a|10.1.0.12:15289]|listeners:[], old=null, confs=<EMPTY_MAP>
2024-03-04 13:05:33,348 [507f219d-b643-4f6d-9e61-19483d6f1b1a-groupManagement] INFO  server.RaftServerConfigKeys (ConfUtils.java:logGet(46)) - raft.server.notification.no-leader.timeout = 300s (custom)
2024-03-04 13:05:33,348 [507f219d-b643-4f6d-9e61-19483d6f1b1a-groupManagement] INFO  server.RaftServerConfigKeys (ConfUtils.java:logGet(46)) - raft.server.read.timeout = 10s (default)
2024-03-04 13:05:33,348 [507f219d-b643-4f6d-9e61-19483d6f1b1a-groupManagement] INFO  server.RaftServerConfigKeys (ConfUtils.java:logGet(46)) - raft.server.retrycache.expirytime = 600000ms (custom)
2024-03-04 13:05:33,348 [507f219d-b643-4f6d-9e61-19483d6f1b1a-groupManagement] INFO  server.RaftServerConfigKeys (ConfUtils.java:logGet(46)) - raft.server.retrycache.statistics.expirytime = 100ms (default)
2024-03-04 13:05:33,349 [507f219d-b643-4f6d-9e61-19483d6f1b1a-groupManagement] INFO  server.RaftServerConfigKeys (ConfUtils.java:logGet(46)) - raft.server.read.option = DEFAULT (default)
2024-03-04 13:05:33,349 [507f219d-b643-4f6d-9e61-19483d6f1b1a-groupManagement] INFO  server.RaftServerConfigKeys (ConfUtils.java:logGet(46)) - raft.server.read.read-after-write-consistent.write-index-cache.expiry-time = 60s (default)
2024-03-04 13:05:33,350 [507f219d-b643-4f6d-9e61-19483d6f1b1a-groupManagement] INFO  server.RaftServerConfigKeys (ConfUtils.java:logGet(46)) - raft.server.rpc.request.timeout = 60s (custom)
2024-03-04 13:05:33,350 [507f219d-b643-4f6d-9e61-19483d6f1b1a-groupManagement] INFO  server.RaftServerConfigKeys (ConfUtils.java:logGet(46)) - raft.server.log.appender.install.snapshot.enabled = false (custom)
2024-03-04 13:05:33,350 [507f219d-b643-4f6d-9e61-19483d6f1b1a-groupManagement] INFO  server.RaftServerConfigKeys (ConfUtils.java:logGet(46)) - raft.server.threadpool.server.cached = true (default)
2024-03-04 13:05:33,350 [507f219d-b643-4f6d-9e61-19483d6f1b1a-groupManagement] INFO  server.RaftServerConfigKeys (ConfUtils.java:logGet(46)) - raft.server.threadpool.server.size = 0 (default)
2024-03-04 13:05:33,350 [507f219d-b643-4f6d-9e61-19483d6f1b1a-groupManagement] INFO  server.RaftServerConfigKeys (ConfUtils.java:logGet(46)) - raft.server.threadpool.client.cached = true (default)
2024-03-04 13:05:33,350 [507f219d-b643-4f6d-9e61-19483d6f1b1a-groupManagement] INFO  server.RaftServerConfigKeys (ConfUtils.java:logGet(46)) - raft.server.threadpool.client.size = 0 (default)
2024-03-04 13:05:33,350 [507f219d-b643-4f6d-9e61-19483d6f1b1a-groupManagement] INFO  server.RaftServerConfigKeys (ConfUtils.java:logGet(46)) - raft.server.storage.free-space.min = 0MB (=0) (default)
2024-03-04 13:05:33,350 [507f219d-b643-4f6d-9e61-19483d6f1b1a-groupManagement] INFO  server.RaftServerConfigKeys (ConfUtils.java:logGet(46)) - raft.server.log.corruption.policy = EXCEPTION (default)
2024-03-04 13:05:33,350 [507f219d-b643-4f6d-9e61-19483d6f1b1a-groupManagement] INFO  server.RaftServerConfigKeys (ConfUtils.java:logGet(46)) - raft.server.storage.dir = [/home/runner/work/ozone/ozone/hadoop-ozone/integration-test/target/test-dir/MiniOzoneClusterImpl-6b98b79e-1748-4853-9fc9-d757899c3dd5/ozone-meta/datanode-2/ratis] (custom)
2024-03-04 13:05:33,350 [507f219d-b643-4f6d-9e61-19483d6f1b1a-groupManagement] INFO  storage.RaftStorageDirectory (RaftStorageDirectoryImpl.java:analyzeStorage(138)) - The storage directory /home/runner/work/ozone/ozone/hadoop-ozone/integration-test/target/test-dir/MiniOzoneClusterImpl-6b98b79e-1748-4853-9fc9-d757899c3dd5/ozone-meta/datanode-2/ratis/797fedc8-d198-4570-be13-8b73651bde9d does not exist. Creating ...
2024-03-04 13:05:33,351 [507f219d-b643-4f6d-9e61-19483d6f1b1a-groupManagement] INFO  storage.RaftStorageDirectory (RaftStorageDirectoryImpl.java:tryLock(228)) - Lock on /home/runner/work/ozone/ozone/hadoop-ozone/integration-test/target/test-dir/MiniOzoneClusterImpl-6b98b79e-1748-4853-9fc9-d757899c3dd5/ozone-meta/datanode-2/ratis/797fedc8-d198-4570-be13-8b73651bde9d/in_use.lock acquired by nodename 41993@fv-az571-795
2024-03-04 13:05:33,352 [507f219d-b643-4f6d-9e61-19483d6f1b1a-groupManagement] INFO  storage.RaftStorage (RaftStorageImpl.java:format(99)) - Storage directory /home/runner/work/ozone/ozone/hadoop-ozone/integration-test/target/test-dir/MiniOzoneClusterImpl-6b98b79e-1748-4853-9fc9-d757899c3dd5/ozone-meta/datanode-2/ratis/797fedc8-d198-4570-be13-8b73651bde9d has been successfully formatted.
2024-03-04 13:05:33,352 [507f219d-b643-4f6d-9e61-19483d6f1b1a-groupManagement] WARN  util.FileUtils (LogUtils.java:supplyAndLog(63)) - Failed to Files.newInputStream /home/runner/work/ozone/ozone/hadoop-ozone/integration-test/target/test-dir/MiniOzoneClusterImpl-6b98b79e-1748-4853-9fc9-d757899c3dd5/ozone-meta/datanode-2/ratis/797fedc8-d198-4570-be13-8b73651bde9d/current/raft-meta.conf with options []: java.nio.file.NoSuchFileException: /home/runner/work/ozone/ozone/hadoop-ozone/integration-test/target/test-dir/MiniOzoneClusterImpl-6b98b79e-1748-4853-9fc9-d757899c3dd5/ozone-meta/datanode-2/ratis/797fedc8-d198-4570-be13-8b73651bde9d/current/raft-meta.conf
2024-03-04 13:05:33,352 [507f219d-b643-4f6d-9e61-19483d6f1b1a-groupManagement] INFO  ratis.ContainerStateMachine (ContainerStateMachine.java:loadSnapshot(287)) - group-8B73651BDE9D: The snapshot info is null. Setting the last applied index to:(t:0, i:~)
2024-03-04 13:05:33,352 [507f219d-b643-4f6d-9e61-19483d6f1b1a-groupManagement] INFO  server.RaftServerConfigKeys (ConfUtils.java:logGet(46)) - raft.server.log.use.memory = false (default)
2024-03-04 13:05:33,353 [507f219d-b643-4f6d-9e61-19483d6f1b1a-groupManagement] INFO  server.RaftServerConfigKeys (ConfUtils.java:logGet(46)) - raft.server.log.purge.gap = 1000000 (custom)
2024-03-04 13:05:33,353 [507f219d-b643-4f6d-9e61-19483d6f1b1a-groupManagement] INFO  server.RaftServerConfigKeys (ConfUtils.java:logGet(46)) - raft.server.log.appender.buffer.byte-limit = 8388608 (custom)
2024-03-04 13:05:33,353 [507f219d-b643-4f6d-9e61-19483d6f1b1a-groupManagement] INFO  server.RaftServerConfigKeys (ConfUtils.java:logGet(46)) - raft.server.log.statemachine.data.read.timeout = 1000ms (default)
2024-03-04 13:05:33,353 [507f219d-b643-4f6d-9e61-19483d6f1b1a-groupManagement] INFO  server.RaftServerConfigKeys (ConfUtils.java:logGet(46)) - raft.server.log.purge.preservation.log.num = 0 (default)
2024-03-04 13:05:33,353 [EventQueue-OpenPipelineForHealthyPipelineSafeModeRule] INFO  safemode.SCMSafeModeManager (HealthyPipelineSafeModeRule.java:process(140)) - SCM in safe mode. Healthy pipelines reported count is 0, required healthy pipeline reported count is 1
2024-03-04 13:05:33,353 [507f219d-b643-4f6d-9e61-19483d6f1b1a-groupManagement] INFO  server.RaftServerConfigKeys (ConfUtils.java:logGet(46)) - raft.server.log.segment.size.max = 67108864 (custom)
2024-03-04 13:05:33,354 [507f219d-b643-4f6d-9e61-19483d6f1b1a-groupManagement] INFO  server.RaftServerConfigKeys (ConfUtils.java:logGet(46)) - raft.server.log.segment.cache.num.max = 2 (custom)
2024-03-04 13:05:33,354 [507f219d-b643-4f6d-9e61-19483d6f1b1a-groupManagement] INFO  server.RaftServerConfigKeys (ConfUtils.java:logGet(46)) - raft.server.log.segment.cache.size.max = 200MB (=209715200) (default)
2024-03-04 13:05:33,354 [507f219d-b643-4f6d-9e61-19483d6f1b1a-groupManagement] INFO  server.RaftServerConfigKeys (ConfUtils.java:logGet(46)) - raft.server.log.appender.buffer.byte-limit = 8388608 (custom)
2024-03-04 13:05:33,354 [507f219d-b643-4f6d-9e61-19483d6f1b1a-groupManagement] INFO  util.AwaitToRun (AwaitToRun.java:start(81)) - Thread[507f219d-b643-4f6d-9e61-19483d6f1b1a@group-8B73651BDE9D-cacheEviction-AwaitToRun,5,main] started
2024-03-04 13:05:33,354 [507f219d-b643-4f6d-9e61-19483d6f1b1a-groupManagement] INFO  segmented.SegmentedRaftLogWorker (SegmentedRaftLogWorker.java:<init>(182)) - new 507f219d-b643-4f6d-9e61-19483d6f1b1a@group-8B73651BDE9D-SegmentedRaftLogWorker for RaftStorageImpl:Storage Directory /home/runner/work/ozone/ozone/hadoop-ozone/integration-test/target/test-dir/MiniOzoneClusterImpl-6b98b79e-1748-4853-9fc9-d757899c3dd5/ozone-meta/datanode-2/ratis/797fedc8-d198-4570-be13-8b73651bde9d
2024-03-04 13:05:33,354 [507f219d-b643-4f6d-9e61-19483d6f1b1a-groupManagement] INFO  server.RaftServerConfigKeys (ConfUtils.java:logGet(46)) - raft.server.log.queue.byte-limit = 4294967296 (custom)
2024-03-04 13:05:33,354 [507f219d-b643-4f6d-9e61-19483d6f1b1a-groupManagement] INFO  server.RaftServerConfigKeys (ConfUtils.java:logGet(46)) - raft.server.log.queue.element-limit = 1024 (custom)
2024-03-04 13:05:33,354 [507f219d-b643-4f6d-9e61-19483d6f1b1a-groupManagement] INFO  server.RaftServerConfigKeys (ConfUtils.java:logGet(46)) - raft.server.log.segment.size.max = 67108864 (custom)
2024-03-04 13:05:33,354 [507f219d-b643-4f6d-9e61-19483d6f1b1a-groupManagement] INFO  server.RaftServerConfigKeys (ConfUtils.java:logGet(46)) - raft.server.log.preallocated.size = 4194304 (custom)
2024-03-04 13:05:33,354 [507f219d-b643-4f6d-9e61-19483d6f1b1a-groupManagement] INFO  server.RaftServerConfigKeys (ConfUtils.java:logGet(46)) - raft.server.log.force.sync.num = 128 (default)
2024-03-04 13:05:33,354 [507f219d-b643-4f6d-9e61-19483d6f1b1a-groupManagement] INFO  server.RaftServerConfigKeys (ConfUtils.java:logGet(46)) - raft.server.log.statemachine.data.sync = true (default)
2024-03-04 13:05:33,354 [507f219d-b643-4f6d-9e61-19483d6f1b1a-groupManagement] INFO  server.RaftServerConfigKeys (ConfUtils.java:logGet(46)) - raft.server.log.statemachine.data.sync.timeout = 10s (default)
2024-03-04 13:05:33,354 [507f219d-b643-4f6d-9e61-19483d6f1b1a-groupManagement] INFO  server.RaftServerConfigKeys (ConfUtils.java:logGet(46)) - raft.server.log.statemachine.data.sync.timeout.retry = 0 (custom)
2024-03-04 13:05:33,355 [507f219d-b643-4f6d-9e61-19483d6f1b1a-groupManagement] INFO  server.RaftServerConfigKeys (ConfUtils.java:logGet(46)) - raft.server.log.write.buffer.size = 8388616 (custom)
2024-03-04 13:05:33,356 [507f219d-b643-4f6d-9e61-19483d6f1b1a-groupManagement] INFO  server.RaftServerConfigKeys (ConfUtils.java:logGet(46)) - raft.server.log.appender.buffer.byte-limit = 8388608 (custom)
2024-03-04 13:05:33,356 [507f219d-b643-4f6d-9e61-19483d6f1b1a-groupManagement] INFO  server.RaftServerConfigKeys (ConfUtils.java:logGet(46)) - raft.server.log.unsafe-flush.enabled = false (default)
2024-03-04 13:05:33,356 [507f219d-b643-4f6d-9e61-19483d6f1b1a-groupManagement] INFO  server.RaftServerConfigKeys (ConfUtils.java:logGet(46)) - raft.server.log.async-flush.enabled = false (default)
2024-03-04 13:05:33,356 [507f219d-b643-4f6d-9e61-19483d6f1b1a-groupManagement] INFO  server.RaftServerConfigKeys (ConfUtils.java:logGet(46)) - raft.server.log.statemachine.data.caching.enabled = true (custom)
2024-03-04 13:05:33,356 [507f219d-b643-4f6d-9e61-19483d6f1b1a-groupManagement] INFO  segmented.SegmentedRaftLogWorker (SegmentedRaftLogWorker.java:lambda$new$0(134)) - 507f219d-b643-4f6d-9e61-19483d6f1b1a@group-8B73651BDE9D-SegmentedRaftLogWorker: flushIndex: setUnconditionally 0 -> -1
2024-03-04 13:05:33,356 [507f219d-b643-4f6d-9e61-19483d6f1b1a-groupManagement] INFO  segmented.SegmentedRaftLogWorker (SegmentedRaftLogWorker.java:lambda$new$0(134)) - 507f219d-b643-4f6d-9e61-19483d6f1b1a@group-8B73651BDE9D-SegmentedRaftLogWorker: safeCacheEvictIndex: setUnconditionally 0 -> -1
2024-03-04 13:05:33,356 [507f219d-b643-4f6d-9e61-19483d6f1b1a-groupManagement] INFO  server.RaftServer$Division (RaftServerImpl.java:start(396)) - 507f219d-b643-4f6d-9e61-19483d6f1b1a@group-8B73651BDE9D: start as a follower, conf=-1: peers:[e959d54c-24d7-45fc-984c-db6978067a65|10.1.0.12:15298, 030b8962-d3aa-491b-960b-91563df5eb7e|10.1.0.12:15280, 507f219d-b643-4f6d-9e61-19483d6f1b1a|10.1.0.12:15289]|listeners:[], old=null
2024-03-04 13:05:33,356 [507f219d-b643-4f6d-9e61-19483d6f1b1a-groupManagement] INFO  server.RaftServer$Division (RaftServerImpl.java:setRole(383)) - 507f219d-b643-4f6d-9e61-19483d6f1b1a@group-8B73651BDE9D: changes role from      null to FOLLOWER at term 0 for startAsFollower
2024-03-04 13:05:33,357 [507f219d-b643-4f6d-9e61-19483d6f1b1a-groupManagement] INFO  impl.RoleInfo (RoleInfo.java:updateAndGet(139)) - 507f219d-b643-4f6d-9e61-19483d6f1b1a: start 507f219d-b643-4f6d-9e61-19483d6f1b1a@group-8B73651BDE9D-FollowerState
2024-03-04 13:05:33,357 [507f219d-b643-4f6d-9e61-19483d6f1b1a-groupManagement] INFO  util.JmxRegister (JmxRegister.java:tryRegister(44)) - Successfully registered JMX Bean with object name Ratis:service=RaftServer,group=group-8B73651BDE9D,id=507f219d-b643-4f6d-9e61-19483d6f1b1a
2024-03-04 13:05:33,357 [507f219d-b643-4f6d-9e61-19483d6f1b1a@group-8B73651BDE9D-FollowerState] INFO  server.RaftServerConfigKeys (ConfUtils.java:logFallback(53)) - raft.server.rpc.first-election.timeout.min = 5s (fallback to raft.server.rpc.timeout.min)
2024-03-04 13:05:33,357 [507f219d-b643-4f6d-9e61-19483d6f1b1a-groupManagement] INFO  server.RaftServerConfigKeys (ConfUtils.java:logGet(46)) - raft.server.snapshot.trigger-when-stop.enabled = true (default)
2024-03-04 13:05:33,357 [507f219d-b643-4f6d-9e61-19483d6f1b1a@group-8B73651BDE9D-FollowerState] INFO  server.RaftServerConfigKeys (ConfUtils.java:logFallback(53)) - raft.server.rpc.first-election.timeout.max = 5200ms (fallback to raft.server.rpc.timeout.max)
2024-03-04 13:05:33,357 [507f219d-b643-4f6d-9e61-19483d6f1b1a-groupManagement] INFO  server.RaftServerConfigKeys (ConfUtils.java:logGet(46)) - raft.server.snapshot.auto.trigger.enabled = true (custom)
2024-03-04 13:05:33,357 [507f219d-b643-4f6d-9e61-19483d6f1b1a-groupManagement] INFO  server.RaftServerConfigKeys (ConfUtils.java:logGet(46)) - raft.server.snapshot.auto.trigger.threshold = 10000 (custom)
2024-03-04 13:05:33,357 [507f219d-b643-4f6d-9e61-19483d6f1b1a-groupManagement] INFO  server.RaftServerConfigKeys (ConfUtils.java:logGet(46)) - raft.server.snapshot.retention.file.num = 5 (custom)
2024-03-04 13:05:33,357 [507f219d-b643-4f6d-9e61-19483d6f1b1a-groupManagement] INFO  server.RaftServerConfigKeys (ConfUtils.java:logGet(46)) - raft.server.log.purge.upto.snapshot.index = false (default)
2024-03-04 13:05:33,362 [030b8962-d3aa-491b-960b-91563df5eb7e-PipelineCommandHandlerThread-0] INFO  commandhandler.CreatePipelineCommandHandler (CreatePipelineCommandHandler.java:lambda$handle$2(124)) - Created Pipeline RATIS THREE PipelineID=797fedc8-d198-4570-be13-8b73651bde9d.
2024-03-04 13:05:33,436 [main] INFO  ozone.MiniOzoneClusterImpl (MiniOzoneClusterImpl.java:lambda$waitForClusterToBeReady$0(194)) - Nodes are ready. Got 3 of 3 DN Heartbeats.
2024-03-04 13:05:33,436 [main] INFO  ozone.MiniOzoneClusterImpl (MiniOzoneClusterImpl.java:lambda$waitForClusterToBeReady$0(197)) - Waiting for cluster to exit safe mode
2024-03-04 13:05:33,436 [main] INFO  ozone.MiniOzoneClusterImpl (MiniOzoneClusterImpl.java:lambda$waitForClusterToBeReady$0(199)) - SCM became leader
2024-03-04 13:05:33,438 [e959d54c-24d7-45fc-984c-db6978067a65-PipelineCommandHandlerThread-0] INFO  server.RaftServer (RaftServerProxy.java:addNew(100)) - e959d54c-24d7-45fc-984c-db6978067a65: addNew group-D9FD34F124A7:[e959d54c-24d7-45fc-984c-db6978067a65|10.1.0.12:15298] returns group-D9FD34F124A7:java.util.concurrent.CompletableFuture@1b3c2004[Not completed]
2024-03-04 13:05:33,438 [e959d54c-24d7-45fc-984c-db6978067a65-groupManagement] INFO  server.RaftServer$Division (RaftServerImpl.java:<init>(256)) - e959d54c-24d7-45fc-984c-db6978067a65: new RaftServerImpl for group-D9FD34F124A7:[e959d54c-24d7-45fc-984c-db6978067a65|10.1.0.12:15298] with ContainerStateMachine:uninitialized
2024-03-04 13:05:33,438 [e959d54c-24d7-45fc-984c-db6978067a65-groupManagement] INFO  server.RaftServerConfigKeys (ConfUtils.java:logGet(46)) - raft.server.rpc.timeout.min = 5s (custom)
2024-03-04 13:05:33,438 [e959d54c-24d7-45fc-984c-db6978067a65-groupManagement] INFO  server.RaftServerConfigKeys (ConfUtils.java:logGet(46)) - raft.server.rpc.timeout.max = 5200ms (custom)
2024-03-04 13:05:33,438 [e959d54c-24d7-45fc-984c-db6978067a65-groupManagement] INFO  server.RaftServerConfigKeys (ConfUtils.java:logGet(46)) - raft.server.rpc.sleep.time = 25ms (default)
2024-03-04 13:05:33,438 [e959d54c-24d7-45fc-984c-db6978067a65-groupManagement] INFO  server.RaftServerConfigKeys (ConfUtils.java:logGet(46)) - raft.server.rpc.slowness.timeout = 300s (custom)
2024-03-04 13:05:33,439 [e959d54c-24d7-45fc-984c-db6978067a65-groupManagement] INFO  server.RaftServerConfigKeys (ConfUtils.java:logGet(46)) - raft.server.leaderelection.leader.step-down.wait-time = 10s (default)
2024-03-04 13:05:33,439 [e959d54c-24d7-45fc-984c-db6978067a65-groupManagement] INFO  server.RaftServerConfigKeys (ConfUtils.java:logGet(46)) - raft.server.leaderelection.member.majority-add = false (default)
2024-03-04 13:05:33,439 [e959d54c-24d7-45fc-984c-db6978067a65-groupManagement] INFO  server.RaftServerConfigKeys (ConfUtils.java:logGet(46)) - raft.server.sleep.deviation.threshold = 300ms (default)
2024-03-04 13:05:33,439 [e959d54c-24d7-45fc-984c-db6978067a65-groupManagement] INFO  server.RaftServer$Division (ServerState.java:<init>(113)) - e959d54c-24d7-45fc-984c-db6978067a65@group-D9FD34F124A7: ConfigurationManager, init=-1: peers:[e959d54c-24d7-45fc-984c-db6978067a65|10.1.0.12:15298]|listeners:[], old=null, confs=<EMPTY_MAP>
2024-03-04 13:05:33,439 [e959d54c-24d7-45fc-984c-db6978067a65-groupManagement] INFO  server.RaftServerConfigKeys (ConfUtils.java:logGet(46)) - raft.server.notification.no-leader.timeout = 300s (custom)
2024-03-04 13:05:33,439 [e959d54c-24d7-45fc-984c-db6978067a65-groupManagement] INFO  server.RaftServerConfigKeys (ConfUtils.java:logGet(46)) - raft.server.read.timeout = 10s (default)
2024-03-04 13:05:33,439 [e959d54c-24d7-45fc-984c-db6978067a65-groupManagement] INFO  server.RaftServerConfigKeys (ConfUtils.java:logGet(46)) - raft.server.retrycache.expirytime = 600000ms (custom)
2024-03-04 13:05:33,439 [e959d54c-24d7-45fc-984c-db6978067a65-groupManagement] INFO  server.RaftServerConfigKeys (ConfUtils.java:logGet(46)) - raft.server.retrycache.statistics.expirytime = 100ms (default)
2024-03-04 13:05:33,439 [e959d54c-24d7-45fc-984c-db6978067a65-groupManagement] INFO  server.RaftServerConfigKeys (ConfUtils.java:logGet(46)) - raft.server.read.option = DEFAULT (default)
2024-03-04 13:05:33,439 [e959d54c-24d7-45fc-984c-db6978067a65-groupManagement] INFO  server.RaftServerConfigKeys (ConfUtils.java:logGet(46)) - raft.server.read.read-after-write-consistent.write-index-cache.expiry-time = 60s (default)
2024-03-04 13:05:33,440 [e959d54c-24d7-45fc-984c-db6978067a65-groupManagement] INFO  server.RaftServerConfigKeys (ConfUtils.java:logGet(46)) - raft.server.rpc.request.timeout = 60s (custom)
2024-03-04 13:05:33,440 [e959d54c-24d7-45fc-984c-db6978067a65-groupManagement] INFO  server.RaftServerConfigKeys (ConfUtils.java:logGet(46)) - raft.server.log.appender.install.snapshot.enabled = false (custom)
2024-03-04 13:05:33,440 [e959d54c-24d7-45fc-984c-db6978067a65-groupManagement] INFO  server.RaftServerConfigKeys (ConfUtils.java:logGet(46)) - raft.server.threadpool.server.cached = true (default)
2024-03-04 13:05:33,440 [e959d54c-24d7-45fc-984c-db6978067a65-groupManagement] INFO  server.RaftServerConfigKeys (ConfUtils.java:logGet(46)) - raft.server.threadpool.server.size = 0 (default)
2024-03-04 13:05:33,440 [e959d54c-24d7-45fc-984c-db6978067a65-groupManagement] INFO  server.RaftServerConfigKeys (ConfUtils.java:logGet(46)) - raft.server.threadpool.client.cached = true (default)
2024-03-04 13:05:33,440 [e959d54c-24d7-45fc-984c-db6978067a65-groupManagement] INFO  server.RaftServerConfigKeys (ConfUtils.java:logGet(46)) - raft.server.threadpool.client.size = 0 (default)
2024-03-04 13:05:33,440 [e959d54c-24d7-45fc-984c-db6978067a65-groupManagement] INFO  server.RaftServerConfigKeys (ConfUtils.java:logGet(46)) - raft.server.storage.free-space.min = 0MB (=0) (default)
2024-03-04 13:05:33,441 [e959d54c-24d7-45fc-984c-db6978067a65-groupManagement] INFO  server.RaftServerConfigKeys (ConfUtils.java:logGet(46)) - raft.server.log.corruption.policy = EXCEPTION (default)
2024-03-04 13:05:33,441 [e959d54c-24d7-45fc-984c-db6978067a65-groupManagement] INFO  server.RaftServerConfigKeys (ConfUtils.java:logGet(46)) - raft.server.storage.dir = [/home/runner/work/ozone/ozone/hadoop-ozone/integration-test/target/test-dir/MiniOzoneClusterImpl-6b98b79e-1748-4853-9fc9-d757899c3dd5/ozone-meta/datanode-3/ratis] (custom)
2024-03-04 13:05:33,441 [e959d54c-24d7-45fc-984c-db6978067a65-groupManagement] INFO  storage.RaftStorageDirectory (RaftStorageDirectoryImpl.java:analyzeStorage(138)) - The storage directory /home/runner/work/ozone/ozone/hadoop-ozone/integration-test/target/test-dir/MiniOzoneClusterImpl-6b98b79e-1748-4853-9fc9-d757899c3dd5/ozone-meta/datanode-3/ratis/91b12788-1f9f-42ef-90ff-d9fd34f124a7 does not exist. Creating ...
2024-03-04 13:05:33,442 [e959d54c-24d7-45fc-984c-db6978067a65-groupManagement] INFO  storage.RaftStorageDirectory (RaftStorageDirectoryImpl.java:tryLock(228)) - Lock on /home/runner/work/ozone/ozone/hadoop-ozone/integration-test/target/test-dir/MiniOzoneClusterImpl-6b98b79e-1748-4853-9fc9-d757899c3dd5/ozone-meta/datanode-3/ratis/91b12788-1f9f-42ef-90ff-d9fd34f124a7/in_use.lock acquired by nodename 41993@fv-az571-795
2024-03-04 13:05:33,442 [e959d54c-24d7-45fc-984c-db6978067a65-groupManagement] INFO  storage.RaftStorage (RaftStorageImpl.java:format(99)) - Storage directory /home/runner/work/ozone/ozone/hadoop-ozone/integration-test/target/test-dir/MiniOzoneClusterImpl-6b98b79e-1748-4853-9fc9-d757899c3dd5/ozone-meta/datanode-3/ratis/91b12788-1f9f-42ef-90ff-d9fd34f124a7 has been successfully formatted.
2024-03-04 13:05:33,443 [e959d54c-24d7-45fc-984c-db6978067a65-groupManagement] WARN  util.FileUtils (LogUtils.java:supplyAndLog(63)) - Failed to Files.newInputStream /home/runner/work/ozone/ozone/hadoop-ozone/integration-test/target/test-dir/MiniOzoneClusterImpl-6b98b79e-1748-4853-9fc9-d757899c3dd5/ozone-meta/datanode-3/ratis/91b12788-1f9f-42ef-90ff-d9fd34f124a7/current/raft-meta.conf with options []: java.nio.file.NoSuchFileException: /home/runner/work/ozone/ozone/hadoop-ozone/integration-test/target/test-dir/MiniOzoneClusterImpl-6b98b79e-1748-4853-9fc9-d757899c3dd5/ozone-meta/datanode-3/ratis/91b12788-1f9f-42ef-90ff-d9fd34f124a7/current/raft-meta.conf
2024-03-04 13:05:33,443 [e959d54c-24d7-45fc-984c-db6978067a65-groupManagement] INFO  ratis.ContainerStateMachine (ContainerStateMachine.java:loadSnapshot(287)) - group-D9FD34F124A7: The snapshot info is null. Setting the last applied index to:(t:0, i:~)
2024-03-04 13:05:33,443 [e959d54c-24d7-45fc-984c-db6978067a65-groupManagement] INFO  server.RaftServerConfigKeys (ConfUtils.java:logGet(46)) - raft.server.log.use.memory = false (default)
2024-03-04 13:05:33,443 [e959d54c-24d7-45fc-984c-db6978067a65-groupManagement] INFO  server.RaftServerConfigKeys (ConfUtils.java:logGet(46)) - raft.server.log.purge.gap = 1000000 (custom)
2024-03-04 13:05:33,443 [e959d54c-24d7-45fc-984c-db6978067a65-groupManagement] INFO  server.RaftServerConfigKeys (ConfUtils.java:logGet(46)) - raft.server.log.appender.buffer.byte-limit = 8388608 (custom)
2024-03-04 13:05:33,443 [e959d54c-24d7-45fc-984c-db6978067a65-groupManagement] INFO  server.RaftServerConfigKeys (ConfUtils.java:logGet(46)) - raft.server.log.statemachine.data.read.timeout = 1000ms (default)
2024-03-04 13:05:33,443 [e959d54c-24d7-45fc-984c-db6978067a65-groupManagement] INFO  server.RaftServerConfigKeys (ConfUtils.java:logGet(46)) - raft.server.log.purge.preservation.log.num = 0 (default)
2024-03-04 13:05:33,444 [EventQueue-PipelineReportForPipelineReportHandler] INFO  pipeline.PipelineReportHandler (PipelineReportHandler.java:processPipelineReport(136)) - Opened pipeline PipelineID=91b12788-1f9f-42ef-90ff-d9fd34f124a7
2024-03-04 13:05:33,444 [EventQueue-OpenPipelineForHealthyPipelineSafeModeRule] INFO  safemode.SCMSafeModeManager (HealthyPipelineSafeModeRule.java:process(140)) - SCM in safe mode. Healthy pipelines reported count is 0, required healthy pipeline reported count is 1
2024-03-04 13:05:33,444 [e959d54c-24d7-45fc-984c-db6978067a65-groupManagement] INFO  server.RaftServerConfigKeys (ConfUtils.java:logGet(46)) - raft.server.log.segment.size.max = 67108864 (custom)
2024-03-04 13:05:33,445 [e959d54c-24d7-45fc-984c-db6978067a65-groupManagement] INFO  server.RaftServerConfigKeys (ConfUtils.java:logGet(46)) - raft.server.log.segment.cache.num.max = 2 (custom)
2024-03-04 13:05:33,445 [e959d54c-24d7-45fc-984c-db6978067a65-groupManagement] INFO  server.RaftServerConfigKeys (ConfUtils.java:logGet(46)) - raft.server.log.segment.cache.size.max = 200MB (=209715200) (default)
2024-03-04 13:05:33,445 [e959d54c-24d7-45fc-984c-db6978067a65-groupManagement] INFO  server.RaftServerConfigKeys (ConfUtils.java:logGet(46)) - raft.server.log.appender.buffer.byte-limit = 8388608 (custom)
2024-03-04 13:05:33,445 [e959d54c-24d7-45fc-984c-db6978067a65-groupManagement] INFO  util.AwaitToRun (AwaitToRun.java:start(81)) - Thread[e959d54c-24d7-45fc-984c-db6978067a65@group-D9FD34F124A7-cacheEviction-AwaitToRun,5,main] started
2024-03-04 13:05:33,445 [e959d54c-24d7-45fc-984c-db6978067a65-groupManagement] INFO  segmented.SegmentedRaftLogWorker (SegmentedRaftLogWorker.java:<init>(182)) - new e959d54c-24d7-45fc-984c-db6978067a65@group-D9FD34F124A7-SegmentedRaftLogWorker for RaftStorageImpl:Storage Directory /home/runner/work/ozone/ozone/hadoop-ozone/integration-test/target/test-dir/MiniOzoneClusterImpl-6b98b79e-1748-4853-9fc9-d757899c3dd5/ozone-meta/datanode-3/ratis/91b12788-1f9f-42ef-90ff-d9fd34f124a7
2024-03-04 13:05:33,445 [e959d54c-24d7-45fc-984c-db6978067a65-groupManagement] INFO  server.RaftServerConfigKeys (ConfUtils.java:logGet(46)) - raft.server.log.queue.byte-limit = 4294967296 (custom)
2024-03-04 13:05:33,445 [e959d54c-24d7-45fc-984c-db6978067a65-groupManagement] INFO  server.RaftServerConfigKeys (ConfUtils.java:logGet(46)) - raft.server.log.queue.element-limit = 1024 (custom)
2024-03-04 13:05:33,445 [e959d54c-24d7-45fc-984c-db6978067a65-groupManagement] INFO  server.RaftServerConfigKeys (ConfUtils.java:logGet(46)) - raft.server.log.segment.size.max = 67108864 (custom)
2024-03-04 13:05:33,445 [e959d54c-24d7-45fc-984c-db6978067a65-groupManagement] INFO  server.RaftServerConfigKeys (ConfUtils.java:logGet(46)) - raft.server.log.preallocated.size = 4194304 (custom)
2024-03-04 13:05:33,445 [e959d54c-24d7-45fc-984c-db6978067a65-groupManagement] INFO  server.RaftServerConfigKeys (ConfUtils.java:logGet(46)) - raft.server.log.force.sync.num = 128 (default)
2024-03-04 13:05:33,445 [e959d54c-24d7-45fc-984c-db6978067a65-groupManagement] INFO  server.RaftServerConfigKeys (ConfUtils.java:logGet(46)) - raft.server.log.statemachine.data.sync = true (default)
2024-03-04 13:05:33,445 [e959d54c-24d7-45fc-984c-db6978067a65-groupManagement] INFO  server.RaftServerConfigKeys (ConfUtils.java:logGet(46)) - raft.server.log.statemachine.data.sync.timeout = 10s (default)
2024-03-04 13:05:33,445 [e959d54c-24d7-45fc-984c-db6978067a65-groupManagement] INFO  server.RaftServerConfigKeys (ConfUtils.java:logGet(46)) - raft.server.log.statemachine.data.sync.timeout.retry = 0 (custom)
2024-03-04 13:05:33,445 [e959d54c-24d7-45fc-984c-db6978067a65-groupManagement] INFO  server.RaftServerConfigKeys (ConfUtils.java:logGet(46)) - raft.server.log.write.buffer.size = 8388616 (custom)
2024-03-04 13:05:33,447 [e959d54c-24d7-45fc-984c-db6978067a65-groupManagement] INFO  server.RaftServerConfigKeys (ConfUtils.java:logGet(46)) - raft.server.log.appender.buffer.byte-limit = 8388608 (custom)
2024-03-04 13:05:33,447 [e959d54c-24d7-45fc-984c-db6978067a65-groupManagement] INFO  server.RaftServerConfigKeys (ConfUtils.java:logGet(46)) - raft.server.log.unsafe-flush.enabled = false (default)
2024-03-04 13:05:33,447 [e959d54c-24d7-45fc-984c-db6978067a65-groupManagement] INFO  server.RaftServerConfigKeys (ConfUtils.java:logGet(46)) - raft.server.log.async-flush.enabled = false (default)
2024-03-04 13:05:33,447 [e959d54c-24d7-45fc-984c-db6978067a65-groupManagement] INFO  server.RaftServerConfigKeys (ConfUtils.java:logGet(46)) - raft.server.log.statemachine.data.caching.enabled = true (custom)
2024-03-04 13:05:33,447 [e959d54c-24d7-45fc-984c-db6978067a65-groupManagement] INFO  segmented.SegmentedRaftLogWorker (SegmentedRaftLogWorker.java:lambda$new$0(134)) - e959d54c-24d7-45fc-984c-db6978067a65@group-D9FD34F124A7-SegmentedRaftLogWorker: flushIndex: setUnconditionally 0 -> -1
2024-03-04 13:05:33,447 [e959d54c-24d7-45fc-984c-db6978067a65-groupManagement] INFO  segmented.SegmentedRaftLogWorker (SegmentedRaftLogWorker.java:lambda$new$0(134)) - e959d54c-24d7-45fc-984c-db6978067a65@group-D9FD34F124A7-SegmentedRaftLogWorker: safeCacheEvictIndex: setUnconditionally 0 -> -1
2024-03-04 13:05:33,447 [e959d54c-24d7-45fc-984c-db6978067a65-groupManagement] INFO  server.RaftServer$Division (RaftServerImpl.java:start(396)) - e959d54c-24d7-45fc-984c-db6978067a65@group-D9FD34F124A7: start as a follower, conf=-1: peers:[e959d54c-24d7-45fc-984c-db6978067a65|10.1.0.12:15298]|listeners:[], old=null
2024-03-04 13:05:33,447 [e959d54c-24d7-45fc-984c-db6978067a65-groupManagement] INFO  server.RaftServer$Division (RaftServerImpl.java:setRole(383)) - e959d54c-24d7-45fc-984c-db6978067a65@group-D9FD34F124A7: changes role from      null to FOLLOWER at term 0 for startAsFollower
2024-03-04 13:05:33,447 [e959d54c-24d7-45fc-984c-db6978067a65-groupManagement] INFO  impl.RoleInfo (RoleInfo.java:updateAndGet(139)) - e959d54c-24d7-45fc-984c-db6978067a65: start e959d54c-24d7-45fc-984c-db6978067a65@group-D9FD34F124A7-FollowerState
2024-03-04 13:05:33,447 [e959d54c-24d7-45fc-984c-db6978067a65@group-D9FD34F124A7-FollowerState] INFO  server.RaftServerConfigKeys (ConfUtils.java:logFallback(53)) - raft.server.rpc.first-election.timeout.min = 5s (fallback to raft.server.rpc.timeout.min)
2024-03-04 13:05:33,447 [e959d54c-24d7-45fc-984c-db6978067a65-groupManagement] INFO  util.JmxRegister (JmxRegister.java:tryRegister(44)) - Successfully registered JMX Bean with object name Ratis:service=RaftServer,group=group-D9FD34F124A7,id=e959d54c-24d7-45fc-984c-db6978067a65
2024-03-04 13:05:33,448 [e959d54c-24d7-45fc-984c-db6978067a65@group-D9FD34F124A7-FollowerState] INFO  server.RaftServerConfigKeys (ConfUtils.java:logFallback(53)) - raft.server.rpc.first-election.timeout.max = 5200ms (fallback to raft.server.rpc.timeout.max)
2024-03-04 13:05:33,448 [e959d54c-24d7-45fc-984c-db6978067a65-groupManagement] INFO  server.RaftServerConfigKeys (ConfUtils.java:logGet(46)) - raft.server.snapshot.trigger-when-stop.enabled = true (default)
2024-03-04 13:05:33,448 [e959d54c-24d7-45fc-984c-db6978067a65-groupManagement] INFO  server.RaftServerConfigKeys (ConfUtils.java:logGet(46)) - raft.server.snapshot.auto.trigger.enabled = true (custom)
2024-03-04 13:05:33,448 [e959d54c-24d7-45fc-984c-db6978067a65-groupManagement] INFO  server.RaftServerConfigKeys (ConfUtils.java:logGet(46)) - raft.server.snapshot.auto.trigger.threshold = 10000 (custom)
2024-03-04 13:05:33,448 [e959d54c-24d7-45fc-984c-db6978067a65-groupManagement] INFO  server.RaftServerConfigKeys (ConfUtils.java:logGet(46)) - raft.server.snapshot.retention.file.num = 5 (custom)
2024-03-04 13:05:33,448 [e959d54c-24d7-45fc-984c-db6978067a65-groupManagement] INFO  server.RaftServerConfigKeys (ConfUtils.java:logGet(46)) - raft.server.log.purge.upto.snapshot.index = false (default)
2024-03-04 13:05:33,448 [e959d54c-24d7-45fc-984c-db6978067a65-PipelineCommandHandlerThread-0] INFO  ratis.XceiverServerRatis (XceiverServerRatis.java:addGroup(864)) - Created group PipelineID=91b12788-1f9f-42ef-90ff-d9fd34f124a7
2024-03-04 13:05:33,448 [e959d54c-24d7-45fc-984c-db6978067a65-PipelineCommandHandlerThread-0] INFO  commandhandler.CreatePipelineCommandHandler (CreatePipelineCommandHandler.java:lambda$handle$2(124)) - Created Pipeline RATIS ONE PipelineID=91b12788-1f9f-42ef-90ff-d9fd34f124a7.
2024-03-04 13:05:34,436 [main] INFO  ozone.MiniOzoneClusterImpl (MiniOzoneClusterImpl.java:lambda$waitForClusterToBeReady$0(194)) - Nodes are ready. Got 3 of 3 DN Heartbeats.
2024-03-04 13:05:34,437 [main] INFO  ozone.MiniOzoneClusterImpl (MiniOzoneClusterImpl.java:lambda$waitForClusterToBeReady$0(197)) - Waiting for cluster to exit safe mode
2024-03-04 13:05:34,437 [main] INFO  ozone.MiniOzoneClusterImpl (MiniOzoneClusterImpl.java:lambda$waitForClusterToBeReady$0(199)) - SCM became leader
2024-03-04 13:05:35,437 [main] INFO  ozone.MiniOzoneClusterImpl (MiniOzoneClusterImpl.java:lambda$waitForClusterToBeReady$0(194)) - Nodes are ready. Got 3 of 3 DN Heartbeats.
2024-03-04 13:05:35,437 [main] INFO  ozone.MiniOzoneClusterImpl (MiniOzoneClusterImpl.java:lambda$waitForClusterToBeReady$0(197)) - Waiting for cluster to exit safe mode
2024-03-04 13:05:35,437 [main] INFO  ozone.MiniOzoneClusterImpl (MiniOzoneClusterImpl.java:lambda$waitForClusterToBeReady$0(199)) - SCM became leader
2024-03-04 13:05:36,437 [main] INFO  ozone.MiniOzoneClusterImpl (MiniOzoneClusterImpl.java:lambda$waitForClusterToBeReady$0(194)) - Nodes are ready. Got 3 of 3 DN Heartbeats.
2024-03-04 13:05:36,438 [main] INFO  ozone.MiniOzoneClusterImpl (MiniOzoneClusterImpl.java:lambda$waitForClusterToBeReady$0(197)) - Waiting for cluster to exit safe mode
2024-03-04 13:05:36,438 [main] INFO  ozone.MiniOzoneClusterImpl (MiniOzoneClusterImpl.java:lambda$waitForClusterToBeReady$0(199)) - SCM became leader
2024-03-04 13:05:37,438 [main] INFO  ozone.MiniOzoneClusterImpl (MiniOzoneClusterImpl.java:lambda$waitForClusterToBeReady$0(194)) - Nodes are ready. Got 3 of 3 DN Heartbeats.
2024-03-04 13:05:37,438 [main] INFO  ozone.MiniOzoneClusterImpl (MiniOzoneClusterImpl.java:lambda$waitForClusterToBeReady$0(197)) - Waiting for cluster to exit safe mode
2024-03-04 13:05:37,438 [main] INFO  ozone.MiniOzoneClusterImpl (MiniOzoneClusterImpl.java:lambda$waitForClusterToBeReady$0(199)) - SCM became leader
2024-03-04 13:05:38,338 [030b8962-d3aa-491b-960b-91563df5eb7e@group-8B73651BDE9D-FollowerState] INFO  impl.FollowerState (FollowerState.java:run(143)) - 030b8962-d3aa-491b-960b-91563df5eb7e@group-8B73651BDE9D-FollowerState: change to CANDIDATE, lastRpcElapsedTime:5024377676ns, electionTimeout:5024ms
2024-03-04 13:05:38,339 [030b8962-d3aa-491b-960b-91563df5eb7e@group-8B73651BDE9D-FollowerState] INFO  impl.RoleInfo (RoleInfo.java:shutdownFollowerState(110)) - 030b8962-d3aa-491b-960b-91563df5eb7e: shutdown 030b8962-d3aa-491b-960b-91563df5eb7e@group-8B73651BDE9D-FollowerState
2024-03-04 13:05:38,339 [030b8962-d3aa-491b-960b-91563df5eb7e@group-8B73651BDE9D-FollowerState] INFO  server.RaftServer$Division (RaftServerImpl.java:setRole(383)) - 030b8962-d3aa-491b-960b-91563df5eb7e@group-8B73651BDE9D: changes role from  FOLLOWER to CANDIDATE at term 0 for changeToCandidate
2024-03-04 13:05:38,339 [030b8962-d3aa-491b-960b-91563df5eb7e@group-8B73651BDE9D-FollowerState] INFO  server.RaftServerConfigKeys (ConfUtils.java:logGet(46)) - raft.server.leaderelection.pre-vote = true (default)
2024-03-04 13:05:38,339 [030b8962-d3aa-491b-960b-91563df5eb7e@group-8B73651BDE9D-FollowerState] INFO  impl.RoleInfo (RoleInfo.java:updateAndGet(139)) - 030b8962-d3aa-491b-960b-91563df5eb7e: start 030b8962-d3aa-491b-960b-91563df5eb7e@group-8B73651BDE9D-LeaderElection58
2024-03-04 13:05:38,340 [030b8962-d3aa-491b-960b-91563df5eb7e@group-8B73651BDE9D-LeaderElection58] INFO  impl.LeaderElection (LeaderElection.java:askForVotes(321)) - 030b8962-d3aa-491b-960b-91563df5eb7e@group-8B73651BDE9D-LeaderElection58 PRE_VOTE round 0: submit vote requests at term 0 for -1: peers:[e959d54c-24d7-45fc-984c-db6978067a65|10.1.0.12:15298, 030b8962-d3aa-491b-960b-91563df5eb7e|10.1.0.12:15280, 507f219d-b643-4f6d-9e61-19483d6f1b1a|10.1.0.12:15289]|listeners:[], old=null
2024-03-04 13:05:38,341 [030b8962-d3aa-491b-960b-91563df5eb7e@group-8B73651BDE9D-LeaderElection58] INFO  server.RaftServerConfigKeys (ConfUtils.java:logFallback(53)) - raft.server.rpc.first-election.timeout.min = 5s (fallback to raft.server.rpc.timeout.min)
2024-03-04 13:05:38,341 [030b8962-d3aa-491b-960b-91563df5eb7e@group-8B73651BDE9D-LeaderElection58-2] INFO  server.GrpcServerProtocolClient (GrpcServerProtocolClient.java:<init>(65)) - Build channel for 507f219d-b643-4f6d-9e61-19483d6f1b1a|10.1.0.12:15289
2024-03-04 13:05:38,341 [030b8962-d3aa-491b-960b-91563df5eb7e@group-8B73651BDE9D-LeaderElection58-1] INFO  server.GrpcServerProtocolClient (GrpcServerProtocolClient.java:<init>(65)) - Build channel for e959d54c-24d7-45fc-984c-db6978067a65|10.1.0.12:15298
2024-03-04 13:05:38,341 [030b8962-d3aa-491b-960b-91563df5eb7e@group-8B73651BDE9D-LeaderElection58] INFO  server.RaftServerConfigKeys (ConfUtils.java:logFallback(53)) - raft.server.rpc.first-election.timeout.max = 5200ms (fallback to raft.server.rpc.timeout.max)
2024-03-04 13:05:38,345 [grpc-default-executor-0] INFO  server.RaftServer$Division (RaftServerImpl.java:requestVote(1389)) - 507f219d-b643-4f6d-9e61-19483d6f1b1a@group-8B73651BDE9D: receive requestVote(PRE_VOTE, 030b8962-d3aa-491b-960b-91563df5eb7e, group-8B73651BDE9D, 0, (t:0, i:0))
2024-03-04 13:05:38,345 [grpc-default-executor-0] INFO  impl.VoteContext (VoteContext.java:log(49)) - 507f219d-b643-4f6d-9e61-19483d6f1b1a@group-8B73651BDE9D-FOLLOWER: accept PRE_VOTE from 030b8962-d3aa-491b-960b-91563df5eb7e: our priority 0 <= candidate's priority 0
2024-03-04 13:05:38,345 [grpc-default-executor-0] INFO  server.RaftServer$Division (RaftServerImpl.java:requestVote(1422)) - 507f219d-b643-4f6d-9e61-19483d6f1b1a@group-8B73651BDE9D replies to PRE_VOTE vote request: 030b8962-d3aa-491b-960b-91563df5eb7e<-507f219d-b643-4f6d-9e61-19483d6f1b1a#0:OK-t0. Peer's state: 507f219d-b643-4f6d-9e61-19483d6f1b1a@group-8B73651BDE9D:t0, leader=null, voted=, raftlog=Memoized:507f219d-b643-4f6d-9e61-19483d6f1b1a@group-8B73651BDE9D-SegmentedRaftLog:OPENED:c-1, conf=-1: peers:[e959d54c-24d7-45fc-984c-db6978067a65|10.1.0.12:15298, 030b8962-d3aa-491b-960b-91563df5eb7e|10.1.0.12:15280, 507f219d-b643-4f6d-9e61-19483d6f1b1a|10.1.0.12:15289]|listeners:[], old=null
2024-03-04 13:05:38,347 [507f219d-b643-4f6d-9e61-19483d6f1b1a@group-0643E4425FCC-FollowerState] INFO  impl.FollowerState (FollowerState.java:run(143)) - 507f219d-b643-4f6d-9e61-19483d6f1b1a@group-0643E4425FCC-FollowerState: change to CANDIDATE, lastRpcElapsedTime:5001394093ns, electionTimeout:5001ms
2024-03-04 13:05:38,347 [507f219d-b643-4f6d-9e61-19483d6f1b1a@group-0643E4425FCC-FollowerState] INFO  impl.RoleInfo (RoleInfo.java:shutdownFollowerState(110)) - 507f219d-b643-4f6d-9e61-19483d6f1b1a: shutdown 507f219d-b643-4f6d-9e61-19483d6f1b1a@group-0643E4425FCC-FollowerState
2024-03-04 13:05:38,347 [507f219d-b643-4f6d-9e61-19483d6f1b1a@group-0643E4425FCC-FollowerState] INFO  server.RaftServer$Division (RaftServerImpl.java:setRole(383)) - 507f219d-b643-4f6d-9e61-19483d6f1b1a@group-0643E4425FCC: changes role from  FOLLOWER to CANDIDATE at term 0 for changeToCandidate
2024-03-04 13:05:38,347 [507f219d-b643-4f6d-9e61-19483d6f1b1a@group-0643E4425FCC-FollowerState] INFO  server.RaftServerConfigKeys (ConfUtils.java:logGet(46)) - raft.server.leaderelection.pre-vote = true (default)
2024-03-04 13:05:38,348 [507f219d-b643-4f6d-9e61-19483d6f1b1a@group-0643E4425FCC-FollowerState] INFO  impl.RoleInfo (RoleInfo.java:updateAndGet(139)) - 507f219d-b643-4f6d-9e61-19483d6f1b1a: start 507f219d-b643-4f6d-9e61-19483d6f1b1a@group-0643E4425FCC-LeaderElection59
2024-03-04 13:05:38,349 [507f219d-b643-4f6d-9e61-19483d6f1b1a@group-0643E4425FCC-LeaderElection59] INFO  impl.LeaderElection (LeaderElection.java:askForVotes(321)) - 507f219d-b643-4f6d-9e61-19483d6f1b1a@group-0643E4425FCC-LeaderElection59 PRE_VOTE round 0: submit vote requests at term 0 for -1: peers:[507f219d-b643-4f6d-9e61-19483d6f1b1a|10.1.0.12:15289]|listeners:[], old=null
2024-03-04 13:05:38,349 [507f219d-b643-4f6d-9e61-19483d6f1b1a@group-0643E4425FCC-LeaderElection59] INFO  impl.LeaderElection (LeaderElection.java:askForVotes(323)) - 507f219d-b643-4f6d-9e61-19483d6f1b1a@group-0643E4425FCC-LeaderElection59 PRE_VOTE round 0: result PASSED (term=0)
2024-03-04 13:05:38,350 [grpc-default-executor-0] INFO  server.RaftServer$Division (RaftServerImpl.java:requestVote(1389)) - e959d54c-24d7-45fc-984c-db6978067a65@group-8B73651BDE9D: receive requestVote(PRE_VOTE, 030b8962-d3aa-491b-960b-91563df5eb7e, group-8B73651BDE9D, 0, (t:0, i:0))
2024-03-04 13:05:38,350 [grpc-default-executor-0] INFO  impl.VoteContext (VoteContext.java:log(49)) - e959d54c-24d7-45fc-984c-db6978067a65@group-8B73651BDE9D-FOLLOWER: reject PRE_VOTE from 030b8962-d3aa-491b-960b-91563df5eb7e: our priority 1 > candidate's priority 0
2024-03-04 13:05:38,350 [grpc-default-executor-0] INFO  server.RaftServer$Division (RaftServerImpl.java:requestVote(1422)) - e959d54c-24d7-45fc-984c-db6978067a65@group-8B73651BDE9D replies to PRE_VOTE vote request: 030b8962-d3aa-491b-960b-91563df5eb7e<-e959d54c-24d7-45fc-984c-db6978067a65#0:FAIL-t0. Peer's state: e959d54c-24d7-45fc-984c-db6978067a65@group-8B73651BDE9D:t0, leader=null, voted=, raftlog=Memoized:e959d54c-24d7-45fc-984c-db6978067a65@group-8B73651BDE9D-SegmentedRaftLog:OPENED:c-1, conf=-1: peers:[e959d54c-24d7-45fc-984c-db6978067a65|10.1.0.12:15298, 030b8962-d3aa-491b-960b-91563df5eb7e|10.1.0.12:15280, 507f219d-b643-4f6d-9e61-19483d6f1b1a|10.1.0.12:15289]|listeners:[], old=null
2024-03-04 13:05:38,350 [030b8962-d3aa-491b-960b-91563df5eb7e@group-8B73651BDE9D-LeaderElection58] INFO  impl.LeaderElection (LeaderElection.java:logAndReturn(89)) - 030b8962-d3aa-491b-960b-91563df5eb7e@group-8B73651BDE9D-LeaderElection58: PRE_VOTE REJECTED received 2 response(s) and 0 exception(s):
2024-03-04 13:05:38,350 [030b8962-d3aa-491b-960b-91563df5eb7e@group-8B73651BDE9D-LeaderElection58] INFO  impl.LeaderElection (LeaderElection.java:logAndReturn(93)) -   Response 0: 030b8962-d3aa-491b-960b-91563df5eb7e<-e959d54c-24d7-45fc-984c-db6978067a65#0:FAIL-t0
2024-03-04 13:05:38,350 [030b8962-d3aa-491b-960b-91563df5eb7e@group-8B73651BDE9D-LeaderElection58] INFO  impl.LeaderElection (LeaderElection.java:logAndReturn(93)) -   Response 1: 030b8962-d3aa-491b-960b-91563df5eb7e<-507f219d-b643-4f6d-9e61-19483d6f1b1a#0:OK-t0
2024-03-04 13:05:38,350 [030b8962-d3aa-491b-960b-91563df5eb7e@group-8B73651BDE9D-LeaderElection58] INFO  impl.LeaderElection (LeaderElection.java:askForVotes(323)) - 030b8962-d3aa-491b-960b-91563df5eb7e@group-8B73651BDE9D-LeaderElection58 PRE_VOTE round 0: result REJECTED
2024-03-04 13:05:38,350 [030b8962-d3aa-491b-960b-91563df5eb7e@group-8B73651BDE9D-LeaderElection58] INFO  server.RaftServer$Division (RaftServerImpl.java:setRole(383)) - 030b8962-d3aa-491b-960b-91563df5eb7e@group-8B73651BDE9D: changes role from CANDIDATE to FOLLOWER at term 0 for REJECTED
2024-03-04 13:05:38,351 [030b8962-d3aa-491b-960b-91563df5eb7e@group-8B73651BDE9D-LeaderElection58] INFO  impl.RoleInfo (RoleInfo.java:shutdownLeaderElection(130)) - 030b8962-d3aa-491b-960b-91563df5eb7e: shutdown 030b8962-d3aa-491b-960b-91563df5eb7e@group-8B73651BDE9D-LeaderElection58
2024-03-04 13:05:38,351 [030b8962-d3aa-491b-960b-91563df5eb7e@group-8B73651BDE9D-LeaderElection58] INFO  impl.RoleInfo (RoleInfo.java:updateAndGet(139)) - 030b8962-d3aa-491b-960b-91563df5eb7e: start 030b8962-d3aa-491b-960b-91563df5eb7e@group-8B73651BDE9D-FollowerState
2024-03-04 13:05:38,351 [030b8962-d3aa-491b-960b-91563df5eb7e@group-8B73651BDE9D-LeaderElection58] INFO  server.RaftServer$Division (RaftServerImpl.java:setFirstElection(574)) - 030b8962-d3aa-491b-960b-91563df5eb7e@group-8B73651BDE9D: set firstElectionSinceStartup to false for REJECTED
2024-03-04 13:05:38,351 [507f219d-b643-4f6d-9e61-19483d6f1b1a@group-0643E4425FCC-LeaderElection59] INFO  impl.LeaderElection (LeaderElection.java:askForVotes(321)) - 507f219d-b643-4f6d-9e61-19483d6f1b1a@group-0643E4425FCC-LeaderElection59 ELECTION round 0: submit vote requests at term 1 for -1: peers:[507f219d-b643-4f6d-9e61-19483d6f1b1a|10.1.0.12:15289]|listeners:[], old=null
2024-03-04 13:05:38,351 [507f219d-b643-4f6d-9e61-19483d6f1b1a@group-0643E4425FCC-LeaderElection59] INFO  impl.LeaderElection (LeaderElection.java:askForVotes(323)) - 507f219d-b643-4f6d-9e61-19483d6f1b1a@group-0643E4425FCC-LeaderElection59 ELECTION round 0: result PASSED (term=1)
2024-03-04 13:05:38,351 [507f219d-b643-4f6d-9e61-19483d6f1b1a@group-0643E4425FCC-LeaderElection59] INFO  impl.RoleInfo (RoleInfo.java:shutdownLeaderElection(130)) - 507f219d-b643-4f6d-9e61-19483d6f1b1a: shutdown 507f219d-b643-4f6d-9e61-19483d6f1b1a@group-0643E4425FCC-LeaderElection59
2024-03-04 13:05:38,351 [507f219d-b643-4f6d-9e61-19483d6f1b1a@group-0643E4425FCC-LeaderElection59] INFO  server.RaftServer$Division (RaftServerImpl.java:setRole(383)) - 507f219d-b643-4f6d-9e61-19483d6f1b1a@group-0643E4425FCC: changes role from CANDIDATE to LEADER at term 1 for changeToLeader
2024-03-04 13:05:38,351 [507f219d-b643-4f6d-9e61-19483d6f1b1a@group-0643E4425FCC-LeaderElection59] INFO  server.RaftServerConfigKeys (ConfUtils.java:logGet(46)) - raft.server.staging.catchup.gap = 1000 (default)
2024-03-04 13:05:38,352 [507f219d-b643-4f6d-9e61-19483d6f1b1a@group-0643E4425FCC-LeaderElection59] INFO  server.RaftServerConfigKeys (ConfUtils.java:logGet(46)) - raft.server.write.element-limit = 1024 (custom)
2024-03-04 13:05:38,352 [507f219d-b643-4f6d-9e61-19483d6f1b1a@group-0643E4425FCC-LeaderElection59] INFO  server.RaftServerConfigKeys (ConfUtils.java:logGet(46)) - raft.server.write.byte-limit = 1024 M (=1073741824) (custom)
2024-03-04 13:05:38,352 [507f219d-b643-4f6d-9e61-19483d6f1b1a@group-0643E4425FCC-LeaderElection59] INFO  server.RaftServerConfigKeys (ConfUtils.java:logGet(46)) - raft.server.watch.timeout = 180s (custom)
2024-03-04 13:05:38,352 [507f219d-b643-4f6d-9e61-19483d6f1b1a@group-0643E4425FCC-LeaderElection59] INFO  server.RaftServerConfigKeys (ConfUtils.java:logGet(46)) - raft.server.watch.timeout.denomination = 1s (default)
2024-03-04 13:05:38,352 [507f219d-b643-4f6d-9e61-19483d6f1b1a@group-0643E4425FCC-LeaderElection59] INFO  server.RaftServerConfigKeys (ConfUtils.java:logGet(46)) - raft.server.watch.element-limit = 65536 (default)
2024-03-04 13:05:38,352 [507f219d-b643-4f6d-9e61-19483d6f1b1a@group-0643E4425FCC-LeaderElection59] INFO  server.RaftServerConfigKeys (ConfUtils.java:logGet(46)) - raft.server.read.leader.lease.enabled = false (default)
2024-03-04 13:05:38,352 [507f219d-b643-4f6d-9e61-19483d6f1b1a@group-0643E4425FCC-LeaderElection59] INFO  server.RaftServerConfigKeys (ConfUtils.java:logGet(46)) - raft.server.read.leader.lease.timeout.ratio = 0.9 (default)
2024-03-04 13:05:38,352 [507f219d-b643-4f6d-9e61-19483d6f1b1a@group-0643E4425FCC-LeaderElection59] INFO  server.RaftServerConfigKeys (ConfUtils.java:logGet(46)) - raft.server.rpc.timeout.min = 5s (custom)
2024-03-04 13:05:38,352 [507f219d-b643-4f6d-9e61-19483d6f1b1a@group-0643E4425FCC-LeaderElection59] INFO  server.RaftServerConfigKeys (ConfUtils.java:logGet(46)) - raft.server.write.element-limit = 1024 (custom)
2024-03-04 13:05:38,352 [507f219d-b643-4f6d-9e61-19483d6f1b1a@group-0643E4425FCC-LeaderElection59] INFO  server.RaftServerConfigKeys (ConfUtils.java:logGet(46)) - raft.server.write.follower.gap.ratio.max = -1.0 (default)
2024-03-04 13:05:38,353 [507f219d-b643-4f6d-9e61-19483d6f1b1a@group-0643E4425FCC-LeaderElection59] INFO  impl.RoleInfo (RoleInfo.java:updateAndGet(139)) - 507f219d-b643-4f6d-9e61-19483d6f1b1a: start 507f219d-b643-4f6d-9e61-19483d6f1b1a@group-0643E4425FCC-LeaderStateImpl
2024-03-04 13:05:38,353 [507f219d-b643-4f6d-9e61-19483d6f1b1a@group-0643E4425FCC-LeaderElection59] INFO  server.RaftServer$Division (RaftServerImpl.java:setFirstElection(574)) - 507f219d-b643-4f6d-9e61-19483d6f1b1a@group-0643E4425FCC: set firstElectionSinceStartup to false for becomeLeader
2024-03-04 13:05:38,353 [507f219d-b643-4f6d-9e61-19483d6f1b1a@group-0643E4425FCC-LeaderElection59] INFO  ratis.XceiverServerRatis (XceiverServerRatis.java:handleLeaderChangedNotification(966)) - Leader change notification received for group: group-0643E4425FCC with new leaderId: 507f219d-b643-4f6d-9e61-19483d6f1b1a
2024-03-04 13:05:38,353 [507f219d-b643-4f6d-9e61-19483d6f1b1a@group-0643E4425FCC-LeaderElection59] INFO  server.RaftServer$Division (ServerState.java:setLeader(269)) - 507f219d-b643-4f6d-9e61-19483d6f1b1a@group-0643E4425FCC: change Leader from null to 507f219d-b643-4f6d-9e61-19483d6f1b1a at term 1 for becomeLeader, leader elected after 5019ms
2024-03-04 13:05:38,353 [507f219d-b643-4f6d-9e61-19483d6f1b1a@group-0643E4425FCC-LeaderElection59] INFO  segmented.SegmentedRaftLogWorker (SegmentedRaftLogWorker.java:startLogSegment(430)) - 507f219d-b643-4f6d-9e61-19483d6f1b1a@group-0643E4425FCC-SegmentedRaftLogWorker: Starting segment from index:0
2024-03-04 13:05:38,354 [EventQueue-OpenPipelineForHealthyPipelineSafeModeRule] INFO  safemode.SCMSafeModeManager (HealthyPipelineSafeModeRule.java:process(140)) - SCM in safe mode. Healthy pipelines reported count is 0, required healthy pipeline reported count is 1
2024-03-04 13:05:38,354 [507f219d-b643-4f6d-9e61-19483d6f1b1a@group-0643E4425FCC-SegmentedRaftLogWorker] INFO  segmented.BufferedWriteChannel (BufferedWriteChannel.java:open(62)) - open log_inprogress_0 at position 0
2024-03-04 13:05:38,358 [507f219d-b643-4f6d-9e61-19483d6f1b1a@group-0643E4425FCC-LeaderElection59] INFO  server.RaftServer$Division (ServerState.java:setRaftConf(386)) - 507f219d-b643-4f6d-9e61-19483d6f1b1a@group-0643E4425FCC: set configuration 0: peers:[507f219d-b643-4f6d-9e61-19483d6f1b1a|10.1.0.12:15289]|listeners:[], old=null
2024-03-04 13:05:38,361 [507f219d-b643-4f6d-9e61-19483d6f1b1a@group-0643E4425FCC-SegmentedRaftLogWorker] INFO  segmented.SegmentedRaftLogWorker (SegmentedRaftLogWorker.java:execute(634)) - 507f219d-b643-4f6d-9e61-19483d6f1b1a@group-0643E4425FCC-SegmentedRaftLogWorker: created new log segment /home/runner/work/ozone/ozone/hadoop-ozone/integration-test/target/test-dir/MiniOzoneClusterImpl-6b98b79e-1748-4853-9fc9-d757899c3dd5/ozone-meta/datanode-2/ratis/eb38791f-3438-4eaf-8875-0643e4425fcc/current/log_inprogress_0
2024-03-04 13:05:38,362 [507f219d-b643-4f6d-9e61-19483d6f1b1a@group-0643E4425FCC-StateMachineUpdater] INFO  server.RaftServer$Division (LeaderStateImpl.java:isApplied(320)) - leader is ready since appliedIndex == 0 >= startIndex == 0
2024-03-04 13:05:38,373 [030b8962-d3aa-491b-960b-91563df5eb7e@group-6BF4FA2E25B5-FollowerState] INFO  impl.FollowerState (FollowerState.java:run(143)) - 030b8962-d3aa-491b-960b-91563df5eb7e@group-6BF4FA2E25B5-FollowerState: change to CANDIDATE, lastRpcElapsedTime:5110963589ns, electionTimeout:5110ms
2024-03-04 13:05:38,373 [030b8962-d3aa-491b-960b-91563df5eb7e@group-6BF4FA2E25B5-FollowerState] INFO  impl.RoleInfo (RoleInfo.java:shutdownFollowerState(110)) - 030b8962-d3aa-491b-960b-91563df5eb7e: shutdown 030b8962-d3aa-491b-960b-91563df5eb7e@group-6BF4FA2E25B5-FollowerState
2024-03-04 13:05:38,373 [030b8962-d3aa-491b-960b-91563df5eb7e@group-6BF4FA2E25B5-FollowerState] INFO  server.RaftServer$Division (RaftServerImpl.java:setRole(383)) - 030b8962-d3aa-491b-960b-91563df5eb7e@group-6BF4FA2E25B5: changes role from  FOLLOWER to CANDIDATE at term 0 for changeToCandidate
2024-03-04 13:05:38,373 [030b8962-d3aa-491b-960b-91563df5eb7e@group-6BF4FA2E25B5-FollowerState] INFO  server.RaftServerConfigKeys (ConfUtils.java:logGet(46)) - raft.server.leaderelection.pre-vote = true (default)
2024-03-04 13:05:38,373 [030b8962-d3aa-491b-960b-91563df5eb7e@group-6BF4FA2E25B5-FollowerState] INFO  impl.RoleInfo (RoleInfo.java:updateAndGet(139)) - 030b8962-d3aa-491b-960b-91563df5eb7e: start 030b8962-d3aa-491b-960b-91563df5eb7e@group-6BF4FA2E25B5-LeaderElection60
2024-03-04 13:05:38,374 [030b8962-d3aa-491b-960b-91563df5eb7e@group-6BF4FA2E25B5-LeaderElection60] INFO  impl.LeaderElection (LeaderElection.java:askForVotes(321)) - 030b8962-d3aa-491b-960b-91563df5eb7e@group-6BF4FA2E25B5-LeaderElection60 PRE_VOTE round 0: submit vote requests at term 0 for -1: peers:[030b8962-d3aa-491b-960b-91563df5eb7e|10.1.0.12:15280, e959d54c-24d7-45fc-984c-db6978067a65|10.1.0.12:15298, 507f219d-b643-4f6d-9e61-19483d6f1b1a|10.1.0.12:15289]|listeners:[], old=null
2024-03-04 13:05:38,375 [030b8962-d3aa-491b-960b-91563df5eb7e@group-6BF4FA2E25B5-LeaderElection60] INFO  server.RaftServerConfigKeys (ConfUtils.java:logFallback(53)) - raft.server.rpc.first-election.timeout.min = 5s (fallback to raft.server.rpc.timeout.min)
2024-03-04 13:05:38,375 [030b8962-d3aa-491b-960b-91563df5eb7e@group-6BF4FA2E25B5-LeaderElection60] INFO  server.RaftServerConfigKeys (ConfUtils.java:logFallback(53)) - raft.server.rpc.first-election.timeout.max = 5200ms (fallback to raft.server.rpc.timeout.max)
2024-03-04 13:05:38,375 [grpc-default-executor-0] INFO  server.RaftServer$Division (RaftServerImpl.java:requestVote(1389)) - e959d54c-24d7-45fc-984c-db6978067a65@group-6BF4FA2E25B5: receive requestVote(PRE_VOTE, 030b8962-d3aa-491b-960b-91563df5eb7e, group-6BF4FA2E25B5, 0, (t:0, i:0))
2024-03-04 13:05:38,376 [grpc-default-executor-0] INFO  impl.VoteContext (VoteContext.java:log(49)) - e959d54c-24d7-45fc-984c-db6978067a65@group-6BF4FA2E25B5-FOLLOWER: accept PRE_VOTE from 030b8962-d3aa-491b-960b-91563df5eb7e: our priority 0 <= candidate's priority 0
2024-03-04 13:05:38,376 [grpc-default-executor-0] INFO  server.RaftServer$Division (RaftServerImpl.java:requestVote(1422)) - e959d54c-24d7-45fc-984c-db6978067a65@group-6BF4FA2E25B5 replies to PRE_VOTE vote request: 030b8962-d3aa-491b-960b-91563df5eb7e<-e959d54c-24d7-45fc-984c-db6978067a65#0:OK-t0. Peer's state: e959d54c-24d7-45fc-984c-db6978067a65@group-6BF4FA2E25B5:t0, leader=null, voted=, raftlog=Memoized:e959d54c-24d7-45fc-984c-db6978067a65@group-6BF4FA2E25B5-SegmentedRaftLog:OPENED:c-1, conf=-1: peers:[030b8962-d3aa-491b-960b-91563df5eb7e|10.1.0.12:15280, e959d54c-24d7-45fc-984c-db6978067a65|10.1.0.12:15298, 507f219d-b643-4f6d-9e61-19483d6f1b1a|10.1.0.12:15289]|listeners:[], old=null
2024-03-04 13:05:38,376 [grpc-default-executor-2] INFO  server.RaftServer$Division (RaftServerImpl.java:requestVote(1389)) - 507f219d-b643-4f6d-9e61-19483d6f1b1a@group-6BF4FA2E25B5: receive requestVote(PRE_VOTE, 030b8962-d3aa-491b-960b-91563df5eb7e, group-6BF4FA2E25B5, 0, (t:0, i:0))
2024-03-04 13:05:38,376 [grpc-default-executor-2] INFO  impl.VoteContext (VoteContext.java:log(49)) - 507f219d-b643-4f6d-9e61-19483d6f1b1a@group-6BF4FA2E25B5-FOLLOWER: reject PRE_VOTE from 030b8962-d3aa-491b-960b-91563df5eb7e: our priority 1 > candidate's priority 0
2024-03-04 13:05:38,376 [grpc-default-executor-2] INFO  server.RaftServer$Division (RaftServerImpl.java:requestVote(1422)) - 507f219d-b643-4f6d-9e61-19483d6f1b1a@group-6BF4FA2E25B5 replies to PRE_VOTE vote request: 030b8962-d3aa-491b-960b-91563df5eb7e<-507f219d-b643-4f6d-9e61-19483d6f1b1a#0:FAIL-t0. Peer's state: 507f219d-b643-4f6d-9e61-19483d6f1b1a@group-6BF4FA2E25B5:t0, leader=null, voted=, raftlog=Memoized:507f219d-b643-4f6d-9e61-19483d6f1b1a@group-6BF4FA2E25B5-SegmentedRaftLog:OPENED:c-1, conf=-1: peers:[030b8962-d3aa-491b-960b-91563df5eb7e|10.1.0.12:15280, e959d54c-24d7-45fc-984c-db6978067a65|10.1.0.12:15298, 507f219d-b643-4f6d-9e61-19483d6f1b1a|10.1.0.12:15289]|listeners:[], old=null
2024-03-04 13:05:38,377 [030b8962-d3aa-491b-960b-91563df5eb7e@group-6BF4FA2E25B5-LeaderElection60] INFO  impl.LeaderElection (LeaderElection.java:logAndReturn(89)) - 030b8962-d3aa-491b-960b-91563df5eb7e@group-6BF4FA2E25B5-LeaderElection60: PRE_VOTE REJECTED received 2 response(s) and 0 exception(s):
2024-03-04 13:05:38,377 [030b8962-d3aa-491b-960b-91563df5eb7e@group-6BF4FA2E25B5-LeaderElection60] INFO  impl.LeaderElection (LeaderElection.java:logAndReturn(93)) -   Response 0: 030b8962-d3aa-491b-960b-91563df5eb7e<-e959d54c-24d7-45fc-984c-db6978067a65#0:OK-t0
2024-03-04 13:05:38,377 [030b8962-d3aa-491b-960b-91563df5eb7e@group-6BF4FA2E25B5-LeaderElection60] INFO  impl.LeaderElection (LeaderElection.java:logAndReturn(93)) -   Response 1: 030b8962-d3aa-491b-960b-91563df5eb7e<-507f219d-b643-4f6d-9e61-19483d6f1b1a#0:FAIL-t0
2024-03-04 13:05:38,377 [030b8962-d3aa-491b-960b-91563df5eb7e@group-6BF4FA2E25B5-LeaderElection60] INFO  impl.LeaderElection (LeaderElection.java:askForVotes(323)) - 030b8962-d3aa-491b-960b-91563df5eb7e@group-6BF4FA2E25B5-LeaderElection60 PRE_VOTE round 0: result REJECTED
2024-03-04 13:05:38,377 [030b8962-d3aa-491b-960b-91563df5eb7e@group-6BF4FA2E25B5-LeaderElection60] INFO  server.RaftServer$Division (RaftServerImpl.java:setRole(383)) - 030b8962-d3aa-491b-960b-91563df5eb7e@group-6BF4FA2E25B5: changes role from CANDIDATE to FOLLOWER at term 0 for REJECTED
2024-03-04 13:05:38,377 [030b8962-d3aa-491b-960b-91563df5eb7e@group-6BF4FA2E25B5-LeaderElection60] INFO  impl.RoleInfo (RoleInfo.java:shutdownLeaderElection(130)) - 030b8962-d3aa-491b-960b-91563df5eb7e: shutdown 030b8962-d3aa-491b-960b-91563df5eb7e@group-6BF4FA2E25B5-LeaderElection60
2024-03-04 13:05:38,377 [030b8962-d3aa-491b-960b-91563df5eb7e@group-6BF4FA2E25B5-LeaderElection60] INFO  impl.RoleInfo (RoleInfo.java:updateAndGet(139)) - 030b8962-d3aa-491b-960b-91563df5eb7e: start 030b8962-d3aa-491b-960b-91563df5eb7e@group-6BF4FA2E25B5-FollowerState
2024-03-04 13:05:38,377 [030b8962-d3aa-491b-960b-91563df5eb7e@group-6BF4FA2E25B5-LeaderElection60] INFO  server.RaftServer$Division (RaftServerImpl.java:setFirstElection(574)) - 030b8962-d3aa-491b-960b-91563df5eb7e@group-6BF4FA2E25B5: set firstElectionSinceStartup to false for REJECTED
2024-03-04 13:05:38,383 [030b8962-d3aa-491b-960b-91563df5eb7e@group-9A1C82559281-FollowerState] INFO  impl.FollowerState (FollowerState.java:run(143)) - 030b8962-d3aa-491b-960b-91563df5eb7e@group-9A1C82559281-FollowerState: change to CANDIDATE, lastRpcElapsedTime:5131472844ns, electionTimeout:5131ms
2024-03-04 13:05:38,383 [030b8962-d3aa-491b-960b-91563df5eb7e@group-9A1C82559281-FollowerState] INFO  impl.RoleInfo (RoleInfo.java:shutdownFollowerState(110)) - 030b8962-d3aa-491b-960b-91563df5eb7e: shutdown 030b8962-d3aa-491b-960b-91563df5eb7e@group-9A1C82559281-FollowerState
2024-03-04 13:05:38,383 [030b8962-d3aa-491b-960b-91563df5eb7e@group-9A1C82559281-FollowerState] INFO  server.RaftServer$Division (RaftServerImpl.java:setRole(383)) - 030b8962-d3aa-491b-960b-91563df5eb7e@group-9A1C82559281: changes role from  FOLLOWER to CANDIDATE at term 0 for changeToCandidate
2024-03-04 13:05:38,383 [030b8962-d3aa-491b-960b-91563df5eb7e@group-9A1C82559281-FollowerState] INFO  server.RaftServerConfigKeys (ConfUtils.java:logGet(46)) - raft.server.leaderelection.pre-vote = true (default)
2024-03-04 13:05:38,383 [030b8962-d3aa-491b-960b-91563df5eb7e@group-9A1C82559281-FollowerState] INFO  impl.RoleInfo (RoleInfo.java:updateAndGet(139)) - 030b8962-d3aa-491b-960b-91563df5eb7e: start 030b8962-d3aa-491b-960b-91563df5eb7e@group-9A1C82559281-LeaderElection61
2024-03-04 13:05:38,384 [030b8962-d3aa-491b-960b-91563df5eb7e@group-9A1C82559281-LeaderElection61] INFO  impl.LeaderElection (LeaderElection.java:askForVotes(321)) - 030b8962-d3aa-491b-960b-91563df5eb7e@group-9A1C82559281-LeaderElection61 PRE_VOTE round 0: submit vote requests at term 0 for -1: peers:[030b8962-d3aa-491b-960b-91563df5eb7e|10.1.0.12:15280]|listeners:[], old=null
2024-03-04 13:05:38,384 [030b8962-d3aa-491b-960b-91563df5eb7e@group-9A1C82559281-LeaderElection61] INFO  impl.LeaderElection (LeaderElection.java:askForVotes(323)) - 030b8962-d3aa-491b-960b-91563df5eb7e@group-9A1C82559281-LeaderElection61 PRE_VOTE round 0: result PASSED (term=0)
2024-03-04 13:05:38,385 [030b8962-d3aa-491b-960b-91563df5eb7e@group-9A1C82559281-LeaderElection61] INFO  impl.LeaderElection (LeaderElection.java:askForVotes(321)) - 030b8962-d3aa-491b-960b-91563df5eb7e@group-9A1C82559281-LeaderElection61 ELECTION round 0: submit vote requests at term 1 for -1: peers:[030b8962-d3aa-491b-960b-91563df5eb7e|10.1.0.12:15280]|listeners:[], old=null
2024-03-04 13:05:38,385 [030b8962-d3aa-491b-960b-91563df5eb7e@group-9A1C82559281-LeaderElection61] INFO  impl.LeaderElection (LeaderElection.java:askForVotes(323)) - 030b8962-d3aa-491b-960b-91563df5eb7e@group-9A1C82559281-LeaderElection61 ELECTION round 0: result PASSED (term=1)
2024-03-04 13:05:38,385 [030b8962-d3aa-491b-960b-91563df5eb7e@group-9A1C82559281-LeaderElection61] INFO  impl.RoleInfo (RoleInfo.java:shutdownLeaderElection(130)) - 030b8962-d3aa-491b-960b-91563df5eb7e: shutdown 030b8962-d3aa-491b-960b-91563df5eb7e@group-9A1C82559281-LeaderElection61
2024-03-04 13:05:38,385 [030b8962-d3aa-491b-960b-91563df5eb7e@group-9A1C82559281-LeaderElection61] INFO  server.RaftServer$Division (RaftServerImpl.java:setRole(383)) - 030b8962-d3aa-491b-960b-91563df5eb7e@group-9A1C82559281: changes role from CANDIDATE to LEADER at term 1 for changeToLeader
2024-03-04 13:05:38,385 [030b8962-d3aa-491b-960b-91563df5eb7e@group-9A1C82559281-LeaderElection61] INFO  server.RaftServerConfigKeys (ConfUtils.java:logGet(46)) - raft.server.staging.catchup.gap = 1000 (default)
2024-03-04 13:05:38,385 [030b8962-d3aa-491b-960b-91563df5eb7e@group-9A1C82559281-LeaderElection61] INFO  server.RaftServerConfigKeys (ConfUtils.java:logGet(46)) - raft.server.write.element-limit = 1024 (custom)
2024-03-04 13:05:38,385 [030b8962-d3aa-491b-960b-91563df5eb7e@group-9A1C82559281-LeaderElection61] INFO  server.RaftServerConfigKeys (ConfUtils.java:logGet(46)) - raft.server.write.byte-limit = 1024 M (=1073741824) (custom)
2024-03-04 13:05:38,386 [030b8962-d3aa-491b-960b-91563df5eb7e@group-9A1C82559281-LeaderElection61] INFO  server.RaftServerConfigKeys (ConfUtils.java:logGet(46)) - raft.server.watch.timeout = 180s (custom)
2024-03-04 13:05:38,386 [030b8962-d3aa-491b-960b-91563df5eb7e@group-9A1C82559281-LeaderElection61] INFO  server.RaftServerConfigKeys (ConfUtils.java:logGet(46)) - raft.server.watch.timeout.denomination = 1s (default)
2024-03-04 13:05:38,386 [030b8962-d3aa-491b-960b-91563df5eb7e@group-9A1C82559281-LeaderElection61] INFO  server.RaftServerConfigKeys (ConfUtils.java:logGet(46)) - raft.server.watch.element-limit = 65536 (default)
2024-03-04 13:05:38,386 [030b8962-d3aa-491b-960b-91563df5eb7e@group-9A1C82559281-LeaderElection61] INFO  server.RaftServerConfigKeys (ConfUtils.java:logGet(46)) - raft.server.read.leader.lease.enabled = false (default)
2024-03-04 13:05:38,386 [030b8962-d3aa-491b-960b-91563df5eb7e@group-9A1C82559281-LeaderElection61] INFO  server.RaftServerConfigKeys (ConfUtils.java:logGet(46)) - raft.server.read.leader.lease.timeout.ratio = 0.9 (default)
2024-03-04 13:05:38,386 [030b8962-d3aa-491b-960b-91563df5eb7e@group-9A1C82559281-LeaderElection61] INFO  server.RaftServerConfigKeys (ConfUtils.java:logGet(46)) - raft.server.rpc.timeout.min = 5s (custom)
2024-03-04 13:05:38,386 [030b8962-d3aa-491b-960b-91563df5eb7e@group-9A1C82559281-LeaderElection61] INFO  server.RaftServerConfigKeys (ConfUtils.java:logGet(46)) - raft.server.write.element-limit = 1024 (custom)
2024-03-04 13:05:38,386 [030b8962-d3aa-491b-960b-91563df5eb7e@group-9A1C82559281-LeaderElection61] INFO  server.RaftServerConfigKeys (ConfUtils.java:logGet(46)) - raft.server.write.follower.gap.ratio.max = -1.0 (default)
2024-03-04 13:05:38,386 [030b8962-d3aa-491b-960b-91563df5eb7e@group-9A1C82559281-LeaderElection61] INFO  impl.RoleInfo (RoleInfo.java:updateAndGet(139)) - 030b8962-d3aa-491b-960b-91563df5eb7e: start 030b8962-d3aa-491b-960b-91563df5eb7e@group-9A1C82559281-LeaderStateImpl
2024-03-04 13:05:38,386 [030b8962-d3aa-491b-960b-91563df5eb7e@group-9A1C82559281-LeaderElection61] INFO  server.RaftServer$Division (RaftServerImpl.java:setFirstElection(574)) - 030b8962-d3aa-491b-960b-91563df5eb7e@group-9A1C82559281: set firstElectionSinceStartup to false for becomeLeader
2024-03-04 13:05:38,386 [030b8962-d3aa-491b-960b-91563df5eb7e@group-9A1C82559281-LeaderElection61] INFO  ratis.XceiverServerRatis (XceiverServerRatis.java:handleLeaderChangedNotification(966)) - Leader change notification received for group: group-9A1C82559281 with new leaderId: 030b8962-d3aa-491b-960b-91563df5eb7e
2024-03-04 13:05:38,386 [030b8962-d3aa-491b-960b-91563df5eb7e@group-9A1C82559281-LeaderElection61] INFO  server.RaftServer$Division (ServerState.java:setLeader(269)) - 030b8962-d3aa-491b-960b-91563df5eb7e@group-9A1C82559281: change Leader from null to 030b8962-d3aa-491b-960b-91563df5eb7e at term 1 for becomeLeader, leader elected after 5145ms
2024-03-04 13:05:38,387 [030b8962-d3aa-491b-960b-91563df5eb7e@group-9A1C82559281-LeaderElection61] INFO  segmented.SegmentedRaftLogWorker (SegmentedRaftLogWorker.java:startLogSegment(430)) - 030b8962-d3aa-491b-960b-91563df5eb7e@group-9A1C82559281-SegmentedRaftLogWorker: Starting segment from index:0
2024-03-04 13:05:38,388 [030b8962-d3aa-491b-960b-91563df5eb7e@group-9A1C82559281-LeaderElection61] INFO  server.RaftServer$Division (ServerState.java:setRaftConf(386)) - 030b8962-d3aa-491b-960b-91563df5eb7e@group-9A1C82559281: set configuration 0: peers:[030b8962-d3aa-491b-960b-91563df5eb7e|10.1.0.12:15280]|listeners:[], old=null
2024-03-04 13:05:38,388 [030b8962-d3aa-491b-960b-91563df5eb7e@group-9A1C82559281-SegmentedRaftLogWorker] INFO  segmented.BufferedWriteChannel (BufferedWriteChannel.java:open(62)) - open log_inprogress_0 at position 0
2024-03-04 13:05:38,388 [EventQueue-OpenPipelineForHealthyPipelineSafeModeRule] INFO  safemode.SCMSafeModeManager (HealthyPipelineSafeModeRule.java:process(140)) - SCM in safe mode. Healthy pipelines reported count is 0, required healthy pipeline reported count is 1
2024-03-04 13:05:38,396 [030b8962-d3aa-491b-960b-91563df5eb7e@group-9A1C82559281-SegmentedRaftLogWorker] INFO  segmented.SegmentedRaftLogWorker (SegmentedRaftLogWorker.java:execute(634)) - 030b8962-d3aa-491b-960b-91563df5eb7e@group-9A1C82559281-SegmentedRaftLogWorker: created new log segment /home/runner/work/ozone/ozone/hadoop-ozone/integration-test/target/test-dir/MiniOzoneClusterImpl-6b98b79e-1748-4853-9fc9-d757899c3dd5/ozone-meta/datanode-1/ratis/b9b6aa7f-6fc3-4fce-9e5a-9a1c82559281/current/log_inprogress_0
2024-03-04 13:05:38,397 [030b8962-d3aa-491b-960b-91563df5eb7e@group-9A1C82559281-StateMachineUpdater] INFO  server.RaftServer$Division (LeaderStateImpl.java:isApplied(320)) - leader is ready since appliedIndex == 0 >= startIndex == 0
2024-03-04 13:05:38,406 [507f219d-b643-4f6d-9e61-19483d6f1b1a@group-6BF4FA2E25B5-FollowerState] INFO  impl.FollowerState (FollowerState.java:run(143)) - 507f219d-b643-4f6d-9e61-19483d6f1b1a@group-6BF4FA2E25B5-FollowerState: change to CANDIDATE, lastRpcElapsedTime:5123580043ns, electionTimeout:5122ms
2024-03-04 13:05:38,406 [507f219d-b643-4f6d-9e61-19483d6f1b1a@group-6BF4FA2E25B5-FollowerState] INFO  impl.RoleInfo (RoleInfo.java:shutdownFollowerState(110)) - 507f219d-b643-4f6d-9e61-19483d6f1b1a: shutdown 507f219d-b643-4f6d-9e61-19483d6f1b1a@group-6BF4FA2E25B5-FollowerState
2024-03-04 13:05:38,406 [507f219d-b643-4f6d-9e61-19483d6f1b1a@group-6BF4FA2E25B5-FollowerState] INFO  server.RaftServer$Division (RaftServerImpl.java:setRole(383)) - 507f219d-b643-4f6d-9e61-19483d6f1b1a@group-6BF4FA2E25B5: changes role from  FOLLOWER to CANDIDATE at term 0 for changeToCandidate
2024-03-04 13:05:38,406 [507f219d-b643-4f6d-9e61-19483d6f1b1a@group-6BF4FA2E25B5-FollowerState] INFO  server.RaftServerConfigKeys (ConfUtils.java:logGet(46)) - raft.server.leaderelection.pre-vote = true (default)
2024-03-04 13:05:38,406 [507f219d-b643-4f6d-9e61-19483d6f1b1a@group-6BF4FA2E25B5-FollowerState] INFO  impl.RoleInfo (RoleInfo.java:updateAndGet(139)) - 507f219d-b643-4f6d-9e61-19483d6f1b1a: start 507f219d-b643-4f6d-9e61-19483d6f1b1a@group-6BF4FA2E25B5-LeaderElection62
2024-03-04 13:05:38,406 [507f219d-b643-4f6d-9e61-19483d6f1b1a@group-6BF4FA2E25B5-LeaderElection62] INFO  impl.LeaderElection (LeaderElection.java:askForVotes(321)) - 507f219d-b643-4f6d-9e61-19483d6f1b1a@group-6BF4FA2E25B5-LeaderElection62 PRE_VOTE round 0: submit vote requests at term 0 for -1: peers:[030b8962-d3aa-491b-960b-91563df5eb7e|10.1.0.12:15280, e959d54c-24d7-45fc-984c-db6978067a65|10.1.0.12:15298, 507f219d-b643-4f6d-9e61-19483d6f1b1a|10.1.0.12:15289]|listeners:[], old=null
2024-03-04 13:05:38,406 [507f219d-b643-4f6d-9e61-19483d6f1b1a@group-6BF4FA2E25B5-LeaderElection62-1] INFO  server.GrpcServerProtocolClient (GrpcServerProtocolClient.java:<init>(65)) - Build channel for 030b8962-d3aa-491b-960b-91563df5eb7e|10.1.0.12:15280
2024-03-04 13:05:38,406 [507f219d-b643-4f6d-9e61-19483d6f1b1a@group-6BF4FA2E25B5-LeaderElection62] INFO  server.RaftServerConfigKeys (ConfUtils.java:logFallback(53)) - raft.server.rpc.first-election.timeout.min = 5s (fallback to raft.server.rpc.timeout.min)
2024-03-04 13:05:38,406 [507f219d-b643-4f6d-9e61-19483d6f1b1a@group-6BF4FA2E25B5-LeaderElection62] INFO  server.RaftServerConfigKeys (ConfUtils.java:logFallback(53)) - raft.server.rpc.first-election.timeout.max = 5200ms (fallback to raft.server.rpc.timeout.max)
2024-03-04 13:05:38,406 [507f219d-b643-4f6d-9e61-19483d6f1b1a@group-6BF4FA2E25B5-LeaderElection62-2] INFO  server.GrpcServerProtocolClient (GrpcServerProtocolClient.java:<init>(65)) - Build channel for e959d54c-24d7-45fc-984c-db6978067a65|10.1.0.12:15298
2024-03-04 13:05:38,410 [grpc-default-executor-2] INFO  server.RaftServer$Division (RaftServerImpl.java:requestVote(1389)) - e959d54c-24d7-45fc-984c-db6978067a65@group-6BF4FA2E25B5: receive requestVote(PRE_VOTE, 507f219d-b643-4f6d-9e61-19483d6f1b1a, group-6BF4FA2E25B5, 0, (t:0, i:0))
2024-03-04 13:05:38,410 [grpc-default-executor-0] INFO  server.RaftServer$Division (RaftServerImpl.java:requestVote(1389)) - 030b8962-d3aa-491b-960b-91563df5eb7e@group-6BF4FA2E25B5: receive requestVote(PRE_VOTE, 507f219d-b643-4f6d-9e61-19483d6f1b1a, group-6BF4FA2E25B5, 0, (t:0, i:0))
2024-03-04 13:05:38,410 [grpc-default-executor-0] INFO  impl.VoteContext (VoteContext.java:log(49)) - 030b8962-d3aa-491b-960b-91563df5eb7e@group-6BF4FA2E25B5-FOLLOWER: accept PRE_VOTE from 507f219d-b643-4f6d-9e61-19483d6f1b1a: our priority 0 <= candidate's priority 1
2024-03-04 13:05:38,410 [grpc-default-executor-0] INFO  server.RaftServer$Division (RaftServerImpl.java:requestVote(1422)) - 030b8962-d3aa-491b-960b-91563df5eb7e@group-6BF4FA2E25B5 replies to PRE_VOTE vote request: 507f219d-b643-4f6d-9e61-19483d6f1b1a<-030b8962-d3aa-491b-960b-91563df5eb7e#0:OK-t0. Peer's state: 030b8962-d3aa-491b-960b-91563df5eb7e@group-6BF4FA2E25B5:t0, leader=null, voted=, raftlog=Memoized:030b8962-d3aa-491b-960b-91563df5eb7e@group-6BF4FA2E25B5-SegmentedRaftLog:OPENED:c-1, conf=-1: peers:[030b8962-d3aa-491b-960b-91563df5eb7e|10.1.0.12:15280, e959d54c-24d7-45fc-984c-db6978067a65|10.1.0.12:15298, 507f219d-b643-4f6d-9e61-19483d6f1b1a|10.1.0.12:15289]|listeners:[], old=null
2024-03-04 13:05:38,411 [grpc-default-executor-2] INFO  impl.VoteContext (VoteContext.java:log(49)) - e959d54c-24d7-45fc-984c-db6978067a65@group-6BF4FA2E25B5-FOLLOWER: accept PRE_VOTE from 507f219d-b643-4f6d-9e61-19483d6f1b1a: our priority 0 <= candidate's priority 1
2024-03-04 13:05:38,411 [grpc-default-executor-2] INFO  server.RaftServer$Division (RaftServerImpl.java:requestVote(1422)) - e959d54c-24d7-45fc-984c-db6978067a65@group-6BF4FA2E25B5 replies to PRE_VOTE vote request: 507f219d-b643-4f6d-9e61-19483d6f1b1a<-e959d54c-24d7-45fc-984c-db6978067a65#0:OK-t0. Peer's state: e959d54c-24d7-45fc-984c-db6978067a65@group-6BF4FA2E25B5:t0, leader=null, voted=, raftlog=Memoized:e959d54c-24d7-45fc-984c-db6978067a65@group-6BF4FA2E25B5-SegmentedRaftLog:OPENED:c-1, conf=-1: peers:[030b8962-d3aa-491b-960b-91563df5eb7e|10.1.0.12:15280, e959d54c-24d7-45fc-984c-db6978067a65|10.1.0.12:15298, 507f219d-b643-4f6d-9e61-19483d6f1b1a|10.1.0.12:15289]|listeners:[], old=null
2024-03-04 13:05:38,411 [507f219d-b643-4f6d-9e61-19483d6f1b1a@group-6BF4FA2E25B5-LeaderElection62] INFO  impl.LeaderElection (LeaderElection.java:logAndReturn(89)) - 507f219d-b643-4f6d-9e61-19483d6f1b1a@group-6BF4FA2E25B5-LeaderElection62: PRE_VOTE PASSED received 1 response(s) and 0 exception(s):
2024-03-04 13:05:38,411 [507f219d-b643-4f6d-9e61-19483d6f1b1a@group-6BF4FA2E25B5-LeaderElection62] INFO  impl.LeaderElection (LeaderElection.java:logAndReturn(93)) -   Response 0: 507f219d-b643-4f6d-9e61-19483d6f1b1a<-e959d54c-24d7-45fc-984c-db6978067a65#0:OK-t0
2024-03-04 13:05:38,411 [507f219d-b643-4f6d-9e61-19483d6f1b1a@group-6BF4FA2E25B5-LeaderElection62] INFO  impl.LeaderElection (LeaderElection.java:askForVotes(323)) - 507f219d-b643-4f6d-9e61-19483d6f1b1a@group-6BF4FA2E25B5-LeaderElection62 PRE_VOTE round 0: result PASSED
2024-03-04 13:05:38,412 [507f219d-b643-4f6d-9e61-19483d6f1b1a@group-6BF4FA2E25B5-LeaderElection62] INFO  impl.LeaderElection (LeaderElection.java:askForVotes(321)) - 507f219d-b643-4f6d-9e61-19483d6f1b1a@group-6BF4FA2E25B5-LeaderElection62 ELECTION round 0: submit vote requests at term 1 for -1: peers:[030b8962-d3aa-491b-960b-91563df5eb7e|10.1.0.12:15280, e959d54c-24d7-45fc-984c-db6978067a65|10.1.0.12:15298, 507f219d-b643-4f6d-9e61-19483d6f1b1a|10.1.0.12:15289]|listeners:[], old=null
2024-03-04 13:05:38,413 [507f219d-b643-4f6d-9e61-19483d6f1b1a@group-6BF4FA2E25B5-LeaderElection62] INFO  server.RaftServerConfigKeys (ConfUtils.java:logFallback(53)) - raft.server.rpc.first-election.timeout.min = 5s (fallback to raft.server.rpc.timeout.min)
2024-03-04 13:05:38,413 [grpc-default-executor-2] INFO  server.RaftServer$Division (RaftServerImpl.java:requestVote(1389)) - 030b8962-d3aa-491b-960b-91563df5eb7e@group-6BF4FA2E25B5: receive requestVote(ELECTION, 507f219d-b643-4f6d-9e61-19483d6f1b1a, group-6BF4FA2E25B5, 1, (t:0, i:0))
2024-03-04 13:05:38,413 [507f219d-b643-4f6d-9e61-19483d6f1b1a@group-6BF4FA2E25B5-LeaderElection62] INFO  server.RaftServerConfigKeys (ConfUtils.java:logFallback(53)) - raft.server.rpc.first-election.timeout.max = 5200ms (fallback to raft.server.rpc.timeout.max)
2024-03-04 13:05:38,413 [grpc-default-executor-0] INFO  server.RaftServer$Division (RaftServerImpl.java:requestVote(1389)) - e959d54c-24d7-45fc-984c-db6978067a65@group-6BF4FA2E25B5: receive requestVote(ELECTION, 507f219d-b643-4f6d-9e61-19483d6f1b1a, group-6BF4FA2E25B5, 1, (t:0, i:0))
2024-03-04 13:05:38,413 [grpc-default-executor-0] INFO  impl.VoteContext (VoteContext.java:log(49)) - e959d54c-24d7-45fc-984c-db6978067a65@group-6BF4FA2E25B5-FOLLOWER: accept ELECTION from 507f219d-b643-4f6d-9e61-19483d6f1b1a: our priority 0 <= candidate's priority 1
2024-03-04 13:05:38,414 [grpc-default-executor-0] INFO  server.RaftServer$Division (RaftServerImpl.java:setRole(383)) - e959d54c-24d7-45fc-984c-db6978067a65@group-6BF4FA2E25B5: changes role from  FOLLOWER to FOLLOWER at term 1 for candidate:507f219d-b643-4f6d-9e61-19483d6f1b1a
2024-03-04 13:05:38,414 [grpc-default-executor-0] INFO  impl.RoleInfo (RoleInfo.java:shutdownFollowerState(110)) - e959d54c-24d7-45fc-984c-db6978067a65: shutdown e959d54c-24d7-45fc-984c-db6978067a65@group-6BF4FA2E25B5-FollowerState
2024-03-04 13:05:38,414 [grpc-default-executor-0] INFO  impl.RoleInfo (RoleInfo.java:updateAndGet(139)) - e959d54c-24d7-45fc-984c-db6978067a65: start e959d54c-24d7-45fc-984c-db6978067a65@group-6BF4FA2E25B5-FollowerState
2024-03-04 13:05:38,413 [grpc-default-executor-2] INFO  impl.VoteContext (VoteContext.java:log(49)) - 030b8962-d3aa-491b-960b-91563df5eb7e@group-6BF4FA2E25B5-FOLLOWER: accept ELECTION from 507f219d-b643-4f6d-9e61-19483d6f1b1a: our priority 0 <= candidate's priority 1
2024-03-04 13:05:38,414 [grpc-default-executor-2] INFO  server.RaftServer$Division (RaftServerImpl.java:setRole(383)) - 030b8962-d3aa-491b-960b-91563df5eb7e@group-6BF4FA2E25B5: changes role from  FOLLOWER to FOLLOWER at term 1 for candidate:507f219d-b643-4f6d-9e61-19483d6f1b1a
2024-03-04 13:05:38,414 [e959d54c-24d7-45fc-984c-db6978067a65@group-6BF4FA2E25B5-FollowerState] INFO  impl.FollowerState (FollowerState.java:run(152)) - e959d54c-24d7-45fc-984c-db6978067a65@group-6BF4FA2E25B5-FollowerState was interrupted
2024-03-04 13:05:38,414 [grpc-default-executor-2] INFO  impl.RoleInfo (RoleInfo.java:shutdownFollowerState(110)) - 030b8962-d3aa-491b-960b-91563df5eb7e: shutdown 030b8962-d3aa-491b-960b-91563df5eb7e@group-6BF4FA2E25B5-FollowerState
2024-03-04 13:05:38,414 [grpc-default-executor-2] INFO  impl.RoleInfo (RoleInfo.java:updateAndGet(139)) - 030b8962-d3aa-491b-960b-91563df5eb7e: start 030b8962-d3aa-491b-960b-91563df5eb7e@group-6BF4FA2E25B5-FollowerState
2024-03-04 13:05:38,414 [030b8962-d3aa-491b-960b-91563df5eb7e@group-6BF4FA2E25B5-FollowerState] INFO  impl.FollowerState (FollowerState.java:run(152)) - 030b8962-d3aa-491b-960b-91563df5eb7e@group-6BF4FA2E25B5-FollowerState was interrupted
2024-03-04 13:05:38,414 [grpc-default-executor-0] INFO  server.RaftServer$Division (RaftServerImpl.java:setFirstElection(574)) - e959d54c-24d7-45fc-984c-db6978067a65@group-6BF4FA2E25B5: set firstElectionSinceStartup to false for candidate:507f219d-b643-4f6d-9e61-19483d6f1b1a
2024-03-04 13:05:38,415 [grpc-default-executor-0] INFO  server.RaftServer$Division (RaftServerImpl.java:requestVote(1422)) - e959d54c-24d7-45fc-984c-db6978067a65@group-6BF4FA2E25B5 replies to ELECTION vote request: 507f219d-b643-4f6d-9e61-19483d6f1b1a<-e959d54c-24d7-45fc-984c-db6978067a65#0:OK-t1. Peer's state: e959d54c-24d7-45fc-984c-db6978067a65@group-6BF4FA2E25B5:t1, leader=null, voted=507f219d-b643-4f6d-9e61-19483d6f1b1a, raftlog=Memoized:e959d54c-24d7-45fc-984c-db6978067a65@group-6BF4FA2E25B5-SegmentedRaftLog:OPENED:c-1, conf=-1: peers:[030b8962-d3aa-491b-960b-91563df5eb7e|10.1.0.12:15280, e959d54c-24d7-45fc-984c-db6978067a65|10.1.0.12:15298, 507f219d-b643-4f6d-9e61-19483d6f1b1a|10.1.0.12:15289]|listeners:[], old=null
2024-03-04 13:05:38,415 [507f219d-b643-4f6d-9e61-19483d6f1b1a@group-6BF4FA2E25B5-LeaderElection62] INFO  impl.LeaderElection (LeaderElection.java:logAndReturn(89)) - 507f219d-b643-4f6d-9e61-19483d6f1b1a@group-6BF4FA2E25B5-LeaderElection62: ELECTION PASSED received 1 response(s) and 0 exception(s):
2024-03-04 13:05:38,416 [507f219d-b643-4f6d-9e61-19483d6f1b1a@group-6BF4FA2E25B5-LeaderElection62] INFO  impl.LeaderElection (LeaderElection.java:logAndReturn(93)) -   Response 0: 507f219d-b643-4f6d-9e61-19483d6f1b1a<-e959d54c-24d7-45fc-984c-db6978067a65#0:OK-t1
2024-03-04 13:05:38,416 [grpc-default-executor-2] INFO  server.RaftServer$Division (RaftServerImpl.java:requestVote(1422)) - 030b8962-d3aa-491b-960b-91563df5eb7e@group-6BF4FA2E25B5 replies to ELECTION vote request: 507f219d-b643-4f6d-9e61-19483d6f1b1a<-030b8962-d3aa-491b-960b-91563df5eb7e#0:OK-t1. Peer's state: 030b8962-d3aa-491b-960b-91563df5eb7e@group-6BF4FA2E25B5:t1, leader=null, voted=507f219d-b643-4f6d-9e61-19483d6f1b1a, raftlog=Memoized:030b8962-d3aa-491b-960b-91563df5eb7e@group-6BF4FA2E25B5-SegmentedRaftLog:OPENED:c-1, conf=-1: peers:[030b8962-d3aa-491b-960b-91563df5eb7e|10.1.0.12:15280, e959d54c-24d7-45fc-984c-db6978067a65|10.1.0.12:15298, 507f219d-b643-4f6d-9e61-19483d6f1b1a|10.1.0.12:15289]|listeners:[], old=null
2024-03-04 13:05:38,416 [507f219d-b643-4f6d-9e61-19483d6f1b1a@group-6BF4FA2E25B5-LeaderElection62] INFO  impl.LeaderElection (LeaderElection.java:askForVotes(323)) - 507f219d-b643-4f6d-9e61-19483d6f1b1a@group-6BF4FA2E25B5-LeaderElection62 ELECTION round 0: result PASSED
2024-03-04 13:05:38,416 [507f219d-b643-4f6d-9e61-19483d6f1b1a@group-6BF4FA2E25B5-LeaderElection62] INFO  impl.RoleInfo (RoleInfo.java:shutdownLeaderElection(130)) - 507f219d-b643-4f6d-9e61-19483d6f1b1a: shutdown 507f219d-b643-4f6d-9e61-19483d6f1b1a@group-6BF4FA2E25B5-LeaderElection62
2024-03-04 13:05:38,416 [507f219d-b643-4f6d-9e61-19483d6f1b1a@group-6BF4FA2E25B5-LeaderElection62] INFO  server.RaftServer$Division (RaftServerImpl.java:setRole(383)) - 507f219d-b643-4f6d-9e61-19483d6f1b1a@group-6BF4FA2E25B5: changes role from CANDIDATE to LEADER at term 1 for changeToLeader
2024-03-04 13:05:38,416 [507f219d-b643-4f6d-9e61-19483d6f1b1a@group-6BF4FA2E25B5-LeaderElection62] INFO  server.RaftServerConfigKeys (ConfUtils.java:logGet(46)) - raft.server.staging.catchup.gap = 1000 (default)
2024-03-04 13:05:38,416 [507f219d-b643-4f6d-9e61-19483d6f1b1a@group-6BF4FA2E25B5-LeaderElection62] INFO  server.RaftServerConfigKeys (ConfUtils.java:logGet(46)) - raft.server.write.element-limit = 1024 (custom)
2024-03-04 13:05:38,416 [507f219d-b643-4f6d-9e61-19483d6f1b1a@group-6BF4FA2E25B5-LeaderElection62] INFO  server.RaftServerConfigKeys (ConfUtils.java:logGet(46)) - raft.server.write.byte-limit = 1024 M (=1073741824) (custom)
2024-03-04 13:05:38,416 [507f219d-b643-4f6d-9e61-19483d6f1b1a@group-6BF4FA2E25B5-LeaderElection62] INFO  server.RaftServerConfigKeys (ConfUtils.java:logGet(46)) - raft.server.watch.timeout = 180s (custom)
2024-03-04 13:05:38,416 [507f219d-b643-4f6d-9e61-19483d6f1b1a@group-6BF4FA2E25B5-LeaderElection62] INFO  server.RaftServerConfigKeys (ConfUtils.java:logGet(46)) - raft.server.watch.timeout.denomination = 1s (default)
2024-03-04 13:05:38,416 [507f219d-b643-4f6d-9e61-19483d6f1b1a@group-6BF4FA2E25B5-LeaderElection62] INFO  server.RaftServerConfigKeys (ConfUtils.java:logGet(46)) - raft.server.watch.element-limit = 65536 (default)
2024-03-04 13:05:38,416 [507f219d-b643-4f6d-9e61-19483d6f1b1a@group-6BF4FA2E25B5-LeaderElection62] INFO  server.RaftServerConfigKeys (ConfUtils.java:logGet(46)) - raft.server.read.leader.lease.enabled = false (default)
2024-03-04 13:05:38,417 [507f219d-b643-4f6d-9e61-19483d6f1b1a@group-6BF4FA2E25B5-LeaderElection62] INFO  server.RaftServerConfigKeys (ConfUtils.java:logGet(46)) - raft.server.read.leader.lease.timeout.ratio = 0.9 (default)
2024-03-04 13:05:38,417 [507f219d-b643-4f6d-9e61-19483d6f1b1a@group-6BF4FA2E25B5-LeaderElection62] INFO  server.RaftServerConfigKeys (ConfUtils.java:logGet(46)) - raft.server.rpc.timeout.min = 5s (custom)
2024-03-04 13:05:38,417 [507f219d-b643-4f6d-9e61-19483d6f1b1a@group-6BF4FA2E25B5-LeaderElection62] INFO  server.RaftServerConfigKeys (ConfUtils.java:logGet(46)) - raft.server.write.element-limit = 1024 (custom)
2024-03-04 13:05:38,417 [507f219d-b643-4f6d-9e61-19483d6f1b1a@group-6BF4FA2E25B5-LeaderElection62] INFO  server.RaftServerConfigKeys (ConfUtils.java:logGet(46)) - raft.server.write.follower.gap.ratio.max = -1.0 (default)
2024-03-04 13:05:38,417 [507f219d-b643-4f6d-9e61-19483d6f1b1a@group-6BF4FA2E25B5-LeaderElection62] INFO  server.RaftServerConfigKeys (ConfUtils.java:logGet(46)) - raft.server.log.appender.snapshot.chunk.size.max = 16MB (=16777216) (default)
2024-03-04 13:05:38,417 [507f219d-b643-4f6d-9e61-19483d6f1b1a@group-6BF4FA2E25B5-LeaderElection62] INFO  server.RaftServerConfigKeys (ConfUtils.java:logGet(46)) - raft.server.log.appender.buffer.byte-limit = 8388608 (custom)
2024-03-04 13:05:38,417 [507f219d-b643-4f6d-9e61-19483d6f1b1a@group-6BF4FA2E25B5-LeaderElection62] INFO  server.RaftServerConfigKeys (ConfUtils.java:logGet(46)) - raft.server.log.appender.buffer.element-limit = 1 (custom)
2024-03-04 13:05:38,417 [507f219d-b643-4f6d-9e61-19483d6f1b1a@group-6BF4FA2E25B5-LeaderElection62] INFO  server.RaftServerConfigKeys (ConfUtils.java:logGet(46)) - raft.server.log.appender.wait-time.min = 0μs (custom)
2024-03-04 13:05:38,417 [507f219d-b643-4f6d-9e61-19483d6f1b1a@group-6BF4FA2E25B5-LeaderElection62] INFO  grpc.GrpcConfigKeys (ConfUtils.java:logGet(46)) - raft.grpc.server.leader.outstanding.appends.max = 8 (default)
2024-03-04 13:05:38,418 [507f219d-b643-4f6d-9e61-19483d6f1b1a@group-6BF4FA2E25B5-LeaderElection62] INFO  server.RaftServerConfigKeys (ConfUtils.java:logGet(46)) - raft.server.rpc.request.timeout = 60s (custom)
2024-03-04 13:05:38,418 [507f219d-b643-4f6d-9e61-19483d6f1b1a@group-6BF4FA2E25B5-LeaderElection62] INFO  grpc.GrpcConfigKeys (ConfUtils.java:logGet(46)) - raft.grpc.server.install_snapshot.request.element-limit = 8 (default)
2024-03-04 13:05:38,418 [507f219d-b643-4f6d-9e61-19483d6f1b1a@group-6BF4FA2E25B5-LeaderElection62] INFO  grpc.GrpcConfigKeys (ConfUtils.java:logGet(46)) - raft.grpc.server.install_snapshot.request.timeout = 3000ms (default)
2024-03-04 13:05:38,418 [507f219d-b643-4f6d-9e61-19483d6f1b1a@group-6BF4FA2E25B5-LeaderElection62] INFO  grpc.GrpcConfigKeys (ConfUtils.java:logGet(46)) - raft.grpc.server.log-message.batch.duration = 5s (default)
2024-03-04 13:05:38,418 [507f219d-b643-4f6d-9e61-19483d6f1b1a@group-6BF4FA2E25B5-LeaderElection62] INFO  server.RaftServerConfigKeys (ConfUtils.java:logGet(46)) - raft.server.log.appender.install.snapshot.enabled = false (custom)
2024-03-04 13:05:38,418 [507f219d-b643-4f6d-9e61-19483d6f1b1a@group-6BF4FA2E25B5-LeaderElection62] INFO  grpc.GrpcConfigKeys (ConfUtils.java:logGet(46)) - raft.grpc.server.heartbeat.channel = true (default)
2024-03-04 13:05:38,419 [507f219d-b643-4f6d-9e61-19483d6f1b1a@group-6BF4FA2E25B5-LeaderElection62] INFO  server.RaftServerConfigKeys (ConfUtils.java:logGet(46)) - raft.server.log.appender.snapshot.chunk.size.max = 16MB (=16777216) (default)
2024-03-04 13:05:38,419 [507f219d-b643-4f6d-9e61-19483d6f1b1a@group-6BF4FA2E25B5-LeaderElection62] INFO  server.RaftServerConfigKeys (ConfUtils.java:logGet(46)) - raft.server.log.appender.buffer.byte-limit = 8388608 (custom)
2024-03-04 13:05:38,419 [507f219d-b643-4f6d-9e61-19483d6f1b1a@group-6BF4FA2E25B5-LeaderElection62] INFO  server.RaftServerConfigKeys (ConfUtils.java:logGet(46)) - raft.server.log.appender.buffer.element-limit = 1 (custom)
2024-03-04 13:05:38,419 [507f219d-b643-4f6d-9e61-19483d6f1b1a@group-6BF4FA2E25B5-LeaderElection62] INFO  server.RaftServerConfigKeys (ConfUtils.java:logGet(46)) - raft.server.log.appender.wait-time.min = 0μs (custom)
2024-03-04 13:05:38,419 [507f219d-b643-4f6d-9e61-19483d6f1b1a@group-6BF4FA2E25B5-LeaderElection62] INFO  grpc.GrpcConfigKeys (ConfUtils.java:logGet(46)) - raft.grpc.server.leader.outstanding.appends.max = 8 (default)
2024-03-04 13:05:38,419 [507f219d-b643-4f6d-9e61-19483d6f1b1a@group-6BF4FA2E25B5-LeaderElection62] INFO  server.RaftServerConfigKeys (ConfUtils.java:logGet(46)) - raft.server.rpc.request.timeout = 60s (custom)
2024-03-04 13:05:38,419 [507f219d-b643-4f6d-9e61-19483d6f1b1a@group-6BF4FA2E25B5-LeaderElection62] INFO  grpc.GrpcConfigKeys (ConfUtils.java:logGet(46)) - raft.grpc.server.install_snapshot.request.element-limit = 8 (default)
2024-03-04 13:05:38,419 [507f219d-b643-4f6d-9e61-19483d6f1b1a@group-6BF4FA2E25B5-LeaderElection62] INFO  grpc.GrpcConfigKeys (ConfUtils.java:logGet(46)) - raft.grpc.server.install_snapshot.request.timeout = 3000ms (default)
2024-03-04 13:05:38,419 [507f219d-b643-4f6d-9e61-19483d6f1b1a@group-6BF4FA2E25B5-LeaderElection62] INFO  grpc.GrpcConfigKeys (ConfUtils.java:logGet(46)) - raft.grpc.server.log-message.batch.duration = 5s (default)
2024-03-04 13:05:38,419 [507f219d-b643-4f6d-9e61-19483d6f1b1a@group-6BF4FA2E25B5-LeaderElection62] INFO  server.RaftServerConfigKeys (ConfUtils.java:logGet(46)) - raft.server.log.appender.install.snapshot.enabled = false (custom)
2024-03-04 13:05:38,419 [507f219d-b643-4f6d-9e61-19483d6f1b1a@group-6BF4FA2E25B5-LeaderElection62] INFO  grpc.GrpcConfigKeys (ConfUtils.java:logGet(46)) - raft.grpc.server.heartbeat.channel = true (default)
2024-03-04 13:05:38,419 [507f219d-b643-4f6d-9e61-19483d6f1b1a@group-6BF4FA2E25B5-LeaderElection62] INFO  impl.RoleInfo (RoleInfo.java:updateAndGet(139)) - 507f219d-b643-4f6d-9e61-19483d6f1b1a: start 507f219d-b643-4f6d-9e61-19483d6f1b1a@group-6BF4FA2E25B5-LeaderStateImpl
2024-03-04 13:05:38,419 [507f219d-b643-4f6d-9e61-19483d6f1b1a@group-6BF4FA2E25B5-LeaderElection62] INFO  server.RaftServer$Division (RaftServerImpl.java:setFirstElection(574)) - 507f219d-b643-4f6d-9e61-19483d6f1b1a@group-6BF4FA2E25B5: set firstElectionSinceStartup to false for becomeLeader
2024-03-04 13:05:38,419 [507f219d-b643-4f6d-9e61-19483d6f1b1a@group-6BF4FA2E25B5-LeaderElection62] INFO  ratis.XceiverServerRatis (XceiverServerRatis.java:handleLeaderChangedNotification(966)) - Leader change notification received for group: group-6BF4FA2E25B5 with new leaderId: 507f219d-b643-4f6d-9e61-19483d6f1b1a
2024-03-04 13:05:38,420 [507f219d-b643-4f6d-9e61-19483d6f1b1a@group-6BF4FA2E25B5-LeaderElection62] INFO  server.RaftServer$Division (ServerState.java:setLeader(269)) - 507f219d-b643-4f6d-9e61-19483d6f1b1a@group-6BF4FA2E25B5: change Leader from null to 507f219d-b643-4f6d-9e61-19483d6f1b1a at term 1 for becomeLeader, leader elected after 5148ms
2024-03-04 13:05:38,420 [507f219d-b643-4f6d-9e61-19483d6f1b1a@group-6BF4FA2E25B5-LeaderElection62] INFO  segmented.SegmentedRaftLogWorker (SegmentedRaftLogWorker.java:startLogSegment(430)) - 507f219d-b643-4f6d-9e61-19483d6f1b1a@group-6BF4FA2E25B5-SegmentedRaftLogWorker: Starting segment from index:0
2024-03-04 13:05:38,423 [507f219d-b643-4f6d-9e61-19483d6f1b1a@group-6BF4FA2E25B5-LeaderElection62] INFO  server.RaftServer$Division (ServerState.java:setRaftConf(386)) - 507f219d-b643-4f6d-9e61-19483d6f1b1a@group-6BF4FA2E25B5: set configuration 0: peers:[030b8962-d3aa-491b-960b-91563df5eb7e|10.1.0.12:15280, e959d54c-24d7-45fc-984c-db6978067a65|10.1.0.12:15298, 507f219d-b643-4f6d-9e61-19483d6f1b1a|10.1.0.12:15289]|listeners:[], old=null
2024-03-04 13:05:38,423 [507f219d-b643-4f6d-9e61-19483d6f1b1a@group-6BF4FA2E25B5-SegmentedRaftLogWorker] INFO  segmented.BufferedWriteChannel (BufferedWriteChannel.java:open(62)) - open log_inprogress_0 at position 0
2024-03-04 13:05:38,424 [EventQueue-PipelineReportForPipelineReportHandler] INFO  pipeline.PipelineReportHandler (PipelineReportHandler.java:processPipelineReport(136)) - Opened pipeline PipelineID=c877ae18-be5c-41d3-a799-6bf4fa2e25b5
2024-03-04 13:05:38,424 [EventQueue-OpenPipelineForHealthyPipelineSafeModeRule] INFO  safemode.SCMSafeModeManager (HealthyPipelineSafeModeRule.java:process(140)) - SCM in safe mode. Healthy pipelines reported count is 1, required healthy pipeline reported count is 1
2024-03-04 13:05:38,424 [EventQueue-OpenPipelineForHealthyPipelineSafeModeRule] INFO  safemode.SCMSafeModeManager (SCMSafeModeManager.java:validateSafeModeExitRules(200)) - HealthyPipelineSafeModeRule rule is successfully validated
2024-03-04 13:05:38,424 [EventQueue-OpenPipelineForHealthyPipelineSafeModeRule] INFO  safemode.SCMSafeModeManager (SCMSafeModeManager.java:validateSafeModeExitRules(215)) - ScmSafeModeManager, all rules are successfully validated
2024-03-04 13:05:38,424 [EventQueue-OpenPipelineForHealthyPipelineSafeModeRule] INFO  safemode.SCMSafeModeManager (SCMSafeModeManager.java:exitSafeMode(244)) - SCM exiting safe mode.
2024-03-04 13:05:38,424 [EventQueue-OpenPipelineForHealthyPipelineSafeModeRule] INFO  ha.SCMContext (SCMContext.java:updateSafeModeStatus(225)) - Update SafeModeStatus from SafeModeStatus{safeModeStatus=true, preCheckPassed=true} to SafeModeStatus{safeModeStatus=false, preCheckPassed=true}.
2024-03-04 13:05:38,424 [EventQueue-OpenPipelineForHealthyPipelineSafeModeRule] INFO  pipeline.BackgroundPipelineCreator (BackgroundPipelineCreator.java:notifyStatusChanged(258)) - Service BackgroundPipelineCreator transitions to RUNNING.
2024-03-04 13:05:38,424 [EventQueue-OpenPipelineForHealthyPipelineSafeModeRule] INFO  BackgroundPipelineScrubber (BackgroundSCMService.java:notifyStatusChanged(79)) - Service BackgroundPipelineScrubber transitions to RUNNING.
2024-03-04 13:05:38,424 [EventQueue-OpenPipelineForHealthyPipelineSafeModeRule] INFO  ExpiredContainerReplicaOpScrubber (BackgroundSCMService.java:notifyStatusChanged(79)) - Service ExpiredContainerReplicaOpScrubber transitions to RUNNING.
2024-03-04 13:05:38,424 [EventQueue-OpenPipelineForHealthyPipelineSafeModeRule] INFO  block.SCMBlockDeletingService (SCMBlockDeletingService.java:notifyStatusChanged(247)) - notifyStatusChanged:RUNNING
2024-03-04 13:05:38,424 [EventQueue-OpenPipelineForHealthyPipelineSafeModeRule] INFO  replication.ReplicationManager (ReplicationManager.java:notifyStatusChanged(1403)) - Service ReplicationManager transitions to RUNNING.
2024-03-04 13:05:38,424 [EventQueue-OpenPipelineForHealthyPipelineSafeModeRule] WARN  balancer.ContainerBalancer (ContainerBalancer.java:shouldRun(134)) - Could not find persisted configuration for ContainerBalancer when checking if ContainerBalancer should run. ContainerBalancer should not run now.
2024-03-04 13:05:38,430 [507f219d-b643-4f6d-9e61-19483d6f1b1a@group-6BF4FA2E25B5-SegmentedRaftLogWorker] INFO  segmented.SegmentedRaftLogWorker (SegmentedRaftLogWorker.java:execute(634)) - 507f219d-b643-4f6d-9e61-19483d6f1b1a@group-6BF4FA2E25B5-SegmentedRaftLogWorker: created new log segment /home/runner/work/ozone/ozone/hadoop-ozone/integration-test/target/test-dir/MiniOzoneClusterImpl-6b98b79e-1748-4853-9fc9-d757899c3dd5/ozone-meta/datanode-2/ratis/c877ae18-be5c-41d3-a799-6bf4fa2e25b5/current/log_inprogress_0
2024-03-04 13:05:38,432 [030b8962-d3aa-491b-960b-91563df5eb7e-server-thread1] INFO  ratis.XceiverServerRatis (XceiverServerRatis.java:handleLeaderChangedNotification(966)) - Leader change notification received for group: group-6BF4FA2E25B5 with new leaderId: 507f219d-b643-4f6d-9e61-19483d6f1b1a
2024-03-04 13:05:38,432 [030b8962-d3aa-491b-960b-91563df5eb7e-server-thread1] INFO  server.RaftServer$Division (ServerState.java:setLeader(269)) - 030b8962-d3aa-491b-960b-91563df5eb7e@group-6BF4FA2E25B5: change Leader from null to 507f219d-b643-4f6d-9e61-19483d6f1b1a at term 1 for appendEntries, leader elected after 5178ms
2024-03-04 13:05:38,432 [e959d54c-24d7-45fc-984c-db6978067a65-server-thread2] INFO  ratis.XceiverServerRatis (XceiverServerRatis.java:handleLeaderChangedNotification(966)) - Leader change notification received for group: group-6BF4FA2E25B5 with new leaderId: 507f219d-b643-4f6d-9e61-19483d6f1b1a
2024-03-04 13:05:38,432 [e959d54c-24d7-45fc-984c-db6978067a65-server-thread2] INFO  server.RaftServer$Division (ServerState.java:setLeader(269)) - e959d54c-24d7-45fc-984c-db6978067a65@group-6BF4FA2E25B5: change Leader from null to 507f219d-b643-4f6d-9e61-19483d6f1b1a at term 1 for appendEntries, leader elected after 5137ms
2024-03-04 13:05:38,432 [e959d54c-24d7-45fc-984c-db6978067a65-server-thread2] INFO  server.RaftServer$Division (ServerState.java:setRaftConf(386)) - e959d54c-24d7-45fc-984c-db6978067a65@group-6BF4FA2E25B5: set configuration 0: peers:[030b8962-d3aa-491b-960b-91563df5eb7e|10.1.0.12:15280, e959d54c-24d7-45fc-984c-db6978067a65|10.1.0.12:15298, 507f219d-b643-4f6d-9e61-19483d6f1b1a|10.1.0.12:15289]|listeners:[], old=null
2024-03-04 13:05:38,432 [e959d54c-24d7-45fc-984c-db6978067a65-server-thread2] INFO  segmented.SegmentedRaftLogWorker (SegmentedRaftLogWorker.java:startLogSegment(430)) - e959d54c-24d7-45fc-984c-db6978067a65@group-6BF4FA2E25B5-SegmentedRaftLogWorker: Starting segment from index:0
2024-03-04 13:05:38,434 [e959d54c-24d7-45fc-984c-db6978067a65@group-6BF4FA2E25B5-SegmentedRaftLogWorker] INFO  segmented.BufferedWriteChannel (BufferedWriteChannel.java:open(62)) - open log_inprogress_0 at position 0
2024-03-04 13:05:38,439 [main] INFO  ozone.MiniOzoneClusterImpl (MiniOzoneClusterImpl.java:lambda$waitForClusterToBeReady$0(194)) - Nodes are ready. Got 3 of 3 DN Heartbeats.
2024-03-04 13:05:38,440 [main] INFO  ozone.MiniOzoneClusterImpl (MiniOzoneClusterImpl.java:lambda$waitForClusterToBeReady$0(197)) - Cluster exits safe mode
2024-03-04 13:05:38,440 [main] INFO  ozone.MiniOzoneClusterImpl (MiniOzoneClusterImpl.java:lambda$waitForClusterToBeReady$0(199)) - SCM became leader
2024-03-04 13:05:38,440 [main] INFO  protocolPB.OmTransportFactory (OmTransportFactory.java:createFactory(62)) - Loading OM transport implementation org.apache.hadoop.ozone.om.protocolPB.Hadoop3OmTransportFactory as specified by configuration.
2024-03-04 13:05:38,442 [e959d54c-24d7-45fc-984c-db6978067a65@group-6BF4FA2E25B5-SegmentedRaftLogWorker] INFO  segmented.SegmentedRaftLogWorker (SegmentedRaftLogWorker.java:execute(634)) - e959d54c-24d7-45fc-984c-db6978067a65@group-6BF4FA2E25B5-SegmentedRaftLogWorker: created new log segment /home/runner/work/ozone/ozone/hadoop-ozone/integration-test/target/test-dir/MiniOzoneClusterImpl-6b98b79e-1748-4853-9fc9-d757899c3dd5/ozone-meta/datanode-3/ratis/c877ae18-be5c-41d3-a799-6bf4fa2e25b5/current/log_inprogress_0
2024-03-04 13:05:38,446 [030b8962-d3aa-491b-960b-91563df5eb7e-server-thread1] INFO  server.RaftServer$Division (ServerState.java:setRaftConf(386)) - 030b8962-d3aa-491b-960b-91563df5eb7e@group-6BF4FA2E25B5: set configuration 0: peers:[030b8962-d3aa-491b-960b-91563df5eb7e|10.1.0.12:15280, e959d54c-24d7-45fc-984c-db6978067a65|10.1.0.12:15298, 507f219d-b643-4f6d-9e61-19483d6f1b1a|10.1.0.12:15289]|listeners:[], old=null
2024-03-04 13:05:38,446 [030b8962-d3aa-491b-960b-91563df5eb7e-server-thread1] INFO  segmented.SegmentedRaftLogWorker (SegmentedRaftLogWorker.java:startLogSegment(430)) - 030b8962-d3aa-491b-960b-91563df5eb7e@group-6BF4FA2E25B5-SegmentedRaftLogWorker: Starting segment from index:0
2024-03-04 13:05:38,446 [030b8962-d3aa-491b-960b-91563df5eb7e@group-6BF4FA2E25B5-SegmentedRaftLogWorker] INFO  segmented.BufferedWriteChannel (BufferedWriteChannel.java:open(62)) - open log_inprogress_0 at position 0
2024-03-04 13:05:38,448 [main] INFO  om.TestOzoneManagerPrepare (TestOzoneManagerPrepare.java:setup(101)) - Waiting for OM leader election
2024-03-04 13:05:38,450 [507f219d-b643-4f6d-9e61-19483d6f1b1a@group-6BF4FA2E25B5-StateMachineUpdater] INFO  server.RaftServer$Division (LeaderStateImpl.java:isApplied(320)) - leader is ready since appliedIndex == 0 >= startIndex == 0
2024-03-04 13:05:38,457 [030b8962-d3aa-491b-960b-91563df5eb7e@group-6BF4FA2E25B5-SegmentedRaftLogWorker] INFO  segmented.SegmentedRaftLogWorker (SegmentedRaftLogWorker.java:execute(634)) - 030b8962-d3aa-491b-960b-91563df5eb7e@group-6BF4FA2E25B5-SegmentedRaftLogWorker: created new log segment /home/runner/work/ozone/ozone/hadoop-ozone/integration-test/target/test-dir/MiniOzoneClusterImpl-6b98b79e-1748-4853-9fc9-d757899c3dd5/ozone-meta/datanode-1/ratis/c877ae18-be5c-41d3-a799-6bf4fa2e25b5/current/log_inprogress_0
2024-03-04 13:05:38,457 [omNode-1-OMStateMachineApplyTransactionThread - 0] INFO  upgrade.OMCancelPrepareRequest (OMCancelPrepareRequest.java:validateAndUpdateCache(54)) - OM omNode-1 Received cancel prepare request with log (t:1, i:1)
2024-03-04 13:05:38,463 [507f219d-b643-4f6d-9e61-19483d6f1b1a@group-8B73651BDE9D-FollowerState] INFO  server.RaftServerConfigKeys (ConfUtils.java:logFallback(53)) - raft.server.rpc.first-election.timeout.min = 5s (fallback to raft.server.rpc.timeout.min)
2024-03-04 13:05:38,463 [507f219d-b643-4f6d-9e61-19483d6f1b1a@group-8B73651BDE9D-FollowerState] INFO  server.RaftServerConfigKeys (ConfUtils.java:logFallback(53)) - raft.server.rpc.first-election.timeout.max = 5200ms (fallback to raft.server.rpc.timeout.max)
2024-03-04 13:05:38,463 [omNode-1-OMStateMachineApplyTransactionThread - 0] INFO  upgrade.OMCancelPrepareRequest (OMCancelPrepareRequest.java:validateAndUpdateCache(82)) - OM omNode-1 prepare state cancelled at log (t:1, i:1). Returning response 
2024-03-04 13:05:38,467 [omNode-2-OMStateMachineApplyTransactionThread - 0] INFO  upgrade.OMCancelPrepareRequest (OMCancelPrepareRequest.java:validateAndUpdateCache(54)) - OM omNode-2 Received cancel prepare request with log (t:1, i:1)
2024-03-04 13:05:38,467 [omNode-3-OMStateMachineApplyTransactionThread - 0] INFO  upgrade.OMCancelPrepareRequest (OMCancelPrepareRequest.java:validateAndUpdateCache(54)) - OM omNode-3 Received cancel prepare request with log (t:1, i:1)
2024-03-04 13:05:38,474 [omNode-3-OMStateMachineApplyTransactionThread - 0] INFO  upgrade.OMCancelPrepareRequest (OMCancelPrepareRequest.java:validateAndUpdateCache(82)) - OM omNode-3 prepare state cancelled at log (t:1, i:1). Returning response 
2024-03-04 13:05:38,475 [main] INFO  rpc.RpcClient (RpcClient.java:createVolume(466)) - Creating Volume: vol, with runner as owner and space quota set to -1 bytes, counts quota set to -1
2024-03-04 13:05:38,478 [e959d54c-24d7-45fc-984c-db6978067a65@group-8B73651BDE9D-FollowerState] INFO  impl.FollowerState (FollowerState.java:run(143)) - e959d54c-24d7-45fc-984c-db6978067a65@group-8B73651BDE9D-FollowerState: change to CANDIDATE, lastRpcElapsedTime:5147131985ns, electionTimeout:5140ms
2024-03-04 13:05:38,478 [omNode-2-OMStateMachineApplyTransactionThread - 0] INFO  upgrade.OMCancelPrepareRequest (OMCancelPrepareRequest.java:validateAndUpdateCache(82)) - OM omNode-2 prepare state cancelled at log (t:1, i:1). Returning response 
2024-03-04 13:05:38,478 [e959d54c-24d7-45fc-984c-db6978067a65@group-8B73651BDE9D-FollowerState] INFO  impl.RoleInfo (RoleInfo.java:shutdownFollowerState(110)) - e959d54c-24d7-45fc-984c-db6978067a65: shutdown e959d54c-24d7-45fc-984c-db6978067a65@group-8B73651BDE9D-FollowerState
2024-03-04 13:05:38,478 [e959d54c-24d7-45fc-984c-db6978067a65@group-8B73651BDE9D-FollowerState] INFO  server.RaftServer$Division (RaftServerImpl.java:setRole(383)) - e959d54c-24d7-45fc-984c-db6978067a65@group-8B73651BDE9D: changes role from  FOLLOWER to CANDIDATE at term 0 for changeToCandidate
2024-03-04 13:05:38,478 [e959d54c-24d7-45fc-984c-db6978067a65@group-8B73651BDE9D-FollowerState] INFO  server.RaftServerConfigKeys (ConfUtils.java:logGet(46)) - raft.server.leaderelection.pre-vote = true (default)
2024-03-04 13:05:38,478 [e959d54c-24d7-45fc-984c-db6978067a65@group-8B73651BDE9D-FollowerState] INFO  impl.RoleInfo (RoleInfo.java:updateAndGet(139)) - e959d54c-24d7-45fc-984c-db6978067a65: start e959d54c-24d7-45fc-984c-db6978067a65@group-8B73651BDE9D-LeaderElection63
2024-03-04 13:05:38,481 [e959d54c-24d7-45fc-984c-db6978067a65@group-8B73651BDE9D-LeaderElection63] INFO  impl.LeaderElection (LeaderElection.java:askForVotes(321)) - e959d54c-24d7-45fc-984c-db6978067a65@group-8B73651BDE9D-LeaderElection63 PRE_VOTE round 0: submit vote requests at term 0 for -1: peers:[e959d54c-24d7-45fc-984c-db6978067a65|10.1.0.12:15298, 030b8962-d3aa-491b-960b-91563df5eb7e|10.1.0.12:15280, 507f219d-b643-4f6d-9e61-19483d6f1b1a|10.1.0.12:15289]|listeners:[], old=null
2024-03-04 13:05:38,482 [e959d54c-24d7-45fc-984c-db6978067a65@group-8B73651BDE9D-LeaderElection63-1] INFO  server.GrpcServerProtocolClient (GrpcServerProtocolClient.java:<init>(65)) - Build channel for 030b8962-d3aa-491b-960b-91563df5eb7e|10.1.0.12:15280
2024-03-04 13:05:38,482 [e959d54c-24d7-45fc-984c-db6978067a65@group-8B73651BDE9D-LeaderElection63-2] INFO  server.GrpcServerProtocolClient (GrpcServerProtocolClient.java:<init>(65)) - Build channel for 507f219d-b643-4f6d-9e61-19483d6f1b1a|10.1.0.12:15289
2024-03-04 13:05:38,482 [e959d54c-24d7-45fc-984c-db6978067a65@group-8B73651BDE9D-LeaderElection63] INFO  server.RaftServerConfigKeys (ConfUtils.java:logFallback(53)) - raft.server.rpc.first-election.timeout.min = 5s (fallback to raft.server.rpc.timeout.min)
2024-03-04 13:05:38,482 [e959d54c-24d7-45fc-984c-db6978067a65@group-8B73651BDE9D-LeaderElection63] INFO  server.RaftServerConfigKeys (ConfUtils.java:logFallback(53)) - raft.server.rpc.first-election.timeout.max = 5200ms (fallback to raft.server.rpc.timeout.max)
2024-03-04 13:05:38,483 [omNode-1-OMStateMachineApplyTransactionThread - 0] INFO  volume.OMVolumeCreateRequest (OMVolumeCreateRequest.java:validateAndUpdateCache(198)) - created volume:vol for user:runner
2024-03-04 13:05:38,483 [omNode-2-OMStateMachineApplyTransactionThread - 0] INFO  volume.OMVolumeCreateRequest (OMVolumeCreateRequest.java:validateAndUpdateCache(198)) - created volume:vol for user:runner
2024-03-04 13:05:38,490 [omNode-3-OMStateMachineApplyTransactionThread - 0] INFO  volume.OMVolumeCreateRequest (OMVolumeCreateRequest.java:validateAndUpdateCache(198)) - created volume:vol for user:runner
2024-03-04 13:05:38,491 [grpc-default-executor-6] INFO  server.RaftServer$Division (RaftServerImpl.java:requestVote(1389)) - 507f219d-b643-4f6d-9e61-19483d6f1b1a@group-8B73651BDE9D: receive requestVote(PRE_VOTE, e959d54c-24d7-45fc-984c-db6978067a65, group-8B73651BDE9D, 0, (t:0, i:0))
2024-03-04 13:05:38,492 [grpc-default-executor-6] INFO  impl.VoteContext (VoteContext.java:log(49)) - 507f219d-b643-4f6d-9e61-19483d6f1b1a@group-8B73651BDE9D-FOLLOWER: accept PRE_VOTE from e959d54c-24d7-45fc-984c-db6978067a65: our priority 0 <= candidate's priority 1
2024-03-04 13:05:38,492 [grpc-default-executor-6] INFO  server.RaftServer$Division (RaftServerImpl.java:requestVote(1422)) - 507f219d-b643-4f6d-9e61-19483d6f1b1a@group-8B73651BDE9D replies to PRE_VOTE vote request: e959d54c-24d7-45fc-984c-db6978067a65<-507f219d-b643-4f6d-9e61-19483d6f1b1a#0:OK-t0. Peer's state: 507f219d-b643-4f6d-9e61-19483d6f1b1a@group-8B73651BDE9D:t0, leader=null, voted=, raftlog=Memoized:507f219d-b643-4f6d-9e61-19483d6f1b1a@group-8B73651BDE9D-SegmentedRaftLog:OPENED:c-1, conf=-1: peers:[e959d54c-24d7-45fc-984c-db6978067a65|10.1.0.12:15298, 030b8962-d3aa-491b-960b-91563df5eb7e|10.1.0.12:15280, 507f219d-b643-4f6d-9e61-19483d6f1b1a|10.1.0.12:15289]|listeners:[], old=null
2024-03-04 13:05:38,493 [grpc-default-executor-6] INFO  server.RaftServer$Division (RaftServerImpl.java:requestVote(1389)) - 030b8962-d3aa-491b-960b-91563df5eb7e@group-8B73651BDE9D: receive requestVote(PRE_VOTE, e959d54c-24d7-45fc-984c-db6978067a65, group-8B73651BDE9D, 0, (t:0, i:0))
2024-03-04 13:05:38,493 [e959d54c-24d7-45fc-984c-db6978067a65@group-8B73651BDE9D-LeaderElection63] INFO  impl.LeaderElection (LeaderElection.java:logAndReturn(89)) - e959d54c-24d7-45fc-984c-db6978067a65@group-8B73651BDE9D-LeaderElection63: PRE_VOTE PASSED received 1 response(s) and 0 exception(s):
2024-03-04 13:05:38,494 [grpc-default-executor-6] INFO  impl.VoteContext (VoteContext.java:log(49)) - 030b8962-d3aa-491b-960b-91563df5eb7e@group-8B73651BDE9D-FOLLOWER: accept PRE_VOTE from e959d54c-24d7-45fc-984c-db6978067a65: our priority 0 <= candidate's priority 1
2024-03-04 13:05:38,494 [grpc-default-executor-6] INFO  server.RaftServer$Division (RaftServerImpl.java:requestVote(1422)) - 030b8962-d3aa-491b-960b-91563df5eb7e@group-8B73651BDE9D replies to PRE_VOTE vote request: e959d54c-24d7-45fc-984c-db6978067a65<-030b8962-d3aa-491b-960b-91563df5eb7e#0:OK-t0. Peer's state: 030b8962-d3aa-491b-960b-91563df5eb7e@group-8B73651BDE9D:t0, leader=null, voted=, raftlog=Memoized:030b8962-d3aa-491b-960b-91563df5eb7e@group-8B73651BDE9D-SegmentedRaftLog:OPENED:c-1, conf=-1: peers:[e959d54c-24d7-45fc-984c-db6978067a65|10.1.0.12:15298, 030b8962-d3aa-491b-960b-91563df5eb7e|10.1.0.12:15280, 507f219d-b643-4f6d-9e61-19483d6f1b1a|10.1.0.12:15289]|listeners:[], old=null
2024-03-04 13:05:38,494 [e959d54c-24d7-45fc-984c-db6978067a65@group-8B73651BDE9D-LeaderElection63] INFO  impl.LeaderElection (LeaderElection.java:logAndReturn(93)) -   Response 0: e959d54c-24d7-45fc-984c-db6978067a65<-507f219d-b643-4f6d-9e61-19483d6f1b1a#0:OK-t0
2024-03-04 13:05:38,494 [e959d54c-24d7-45fc-984c-db6978067a65@group-8B73651BDE9D-LeaderElection63] INFO  impl.LeaderElection (LeaderElection.java:askForVotes(323)) - e959d54c-24d7-45fc-984c-db6978067a65@group-8B73651BDE9D-LeaderElection63 PRE_VOTE round 0: result PASSED
2024-03-04 13:05:38,496 [main] INFO  rpc.RpcClient (RpcClient.java:createVolume(466)) - Creating Volume: volume872622fa-a881-4132-b2de-f437a8886ba0, with runner as owner and space quota set to -1 bytes, counts quota set to -1
2024-03-04 13:05:38,496 [e959d54c-24d7-45fc-984c-db6978067a65@group-8B73651BDE9D-LeaderElection63] INFO  impl.LeaderElection (LeaderElection.java:askForVotes(321)) - e959d54c-24d7-45fc-984c-db6978067a65@group-8B73651BDE9D-LeaderElection63 ELECTION round 0: submit vote requests at term 1 for -1: peers:[e959d54c-24d7-45fc-984c-db6978067a65|10.1.0.12:15298, 030b8962-d3aa-491b-960b-91563df5eb7e|10.1.0.12:15280, 507f219d-b643-4f6d-9e61-19483d6f1b1a|10.1.0.12:15289]|listeners:[], old=null
2024-03-04 13:05:38,499 [grpc-default-executor-2] INFO  server.RaftServer$Division (RaftServerImpl.java:requestVote(1389)) - 030b8962-d3aa-491b-960b-91563df5eb7e@group-8B73651BDE9D: receive requestVote(ELECTION, e959d54c-24d7-45fc-984c-db6978067a65, group-8B73651BDE9D, 1, (t:0, i:0))
2024-03-04 13:05:38,499 [grpc-default-executor-2] INFO  impl.VoteContext (VoteContext.java:log(49)) - 030b8962-d3aa-491b-960b-91563df5eb7e@group-8B73651BDE9D-FOLLOWER: accept ELECTION from e959d54c-24d7-45fc-984c-db6978067a65: our priority 0 <= candidate's priority 1
2024-03-04 13:05:38,499 [grpc-default-executor-2] INFO  server.RaftServer$Division (RaftServerImpl.java:setRole(383)) - 030b8962-d3aa-491b-960b-91563df5eb7e@group-8B73651BDE9D: changes role from  FOLLOWER to FOLLOWER at term 1 for candidate:e959d54c-24d7-45fc-984c-db6978067a65
2024-03-04 13:05:38,499 [grpc-default-executor-2] INFO  impl.RoleInfo (RoleInfo.java:shutdownFollowerState(110)) - 030b8962-d3aa-491b-960b-91563df5eb7e: shutdown 030b8962-d3aa-491b-960b-91563df5eb7e@group-8B73651BDE9D-FollowerState
2024-03-04 13:05:38,500 [omNode-3-OMStateMachineApplyTransactionThread - 0] INFO  volume.OMVolumeCreateRequest (OMVolumeCreateRequest.java:validateAndUpdateCache(198)) - created volume:volume872622fa-a881-4132-b2de-f437a8886ba0 for user:runner
2024-03-04 13:05:38,500 [e959d54c-24d7-45fc-984c-db6978067a65@group-8B73651BDE9D-LeaderElection63] INFO  server.RaftServerConfigKeys (ConfUtils.java:logFallback(53)) - raft.server.rpc.first-election.timeout.min = 5s (fallback to raft.server.rpc.timeout.min)
2024-03-04 13:05:38,500 [e959d54c-24d7-45fc-984c-db6978067a65@group-8B73651BDE9D-LeaderElection63] INFO  server.RaftServerConfigKeys (ConfUtils.java:logFallback(53)) - raft.server.rpc.first-election.timeout.max = 5200ms (fallback to raft.server.rpc.timeout.max)
2024-03-04 13:05:38,501 [grpc-default-executor-2] INFO  impl.RoleInfo (RoleInfo.java:updateAndGet(139)) - 030b8962-d3aa-491b-960b-91563df5eb7e: start 030b8962-d3aa-491b-960b-91563df5eb7e@group-8B73651BDE9D-FollowerState
2024-03-04 13:05:38,501 [omNode-2-OMStateMachineApplyTransactionThread - 0] INFO  volume.OMVolumeCreateRequest (OMVolumeCreateRequest.java:validateAndUpdateCache(198)) - created volume:volume872622fa-a881-4132-b2de-f437a8886ba0 for user:runner
2024-03-04 13:05:38,501 [030b8962-d3aa-491b-960b-91563df5eb7e@group-8B73651BDE9D-FollowerState] INFO  impl.FollowerState (FollowerState.java:run(152)) - 030b8962-d3aa-491b-960b-91563df5eb7e@group-8B73651BDE9D-FollowerState was interrupted
2024-03-04 13:05:38,502 [omNode-1-OMStateMachineApplyTransactionThread - 0] INFO  volume.OMVolumeCreateRequest (OMVolumeCreateRequest.java:validateAndUpdateCache(198)) - created volume:volume872622fa-a881-4132-b2de-f437a8886ba0 for user:runner
2024-03-04 13:05:38,502 [grpc-default-executor-2] INFO  server.RaftServer$Division (RaftServerImpl.java:requestVote(1422)) - 030b8962-d3aa-491b-960b-91563df5eb7e@group-8B73651BDE9D replies to ELECTION vote request: e959d54c-24d7-45fc-984c-db6978067a65<-030b8962-d3aa-491b-960b-91563df5eb7e#0:OK-t1. Peer's state: 030b8962-d3aa-491b-960b-91563df5eb7e@group-8B73651BDE9D:t1, leader=null, voted=e959d54c-24d7-45fc-984c-db6978067a65, raftlog=Memoized:030b8962-d3aa-491b-960b-91563df5eb7e@group-8B73651BDE9D-SegmentedRaftLog:OPENED:c-1, conf=-1: peers:[e959d54c-24d7-45fc-984c-db6978067a65|10.1.0.12:15298, 030b8962-d3aa-491b-960b-91563df5eb7e|10.1.0.12:15280, 507f219d-b643-4f6d-9e61-19483d6f1b1a|10.1.0.12:15289]|listeners:[], old=null
2024-03-04 13:05:38,502 [e959d54c-24d7-45fc-984c-db6978067a65@group-8B73651BDE9D-LeaderElection63] INFO  impl.LeaderElection (LeaderElection.java:logAndReturn(89)) - e959d54c-24d7-45fc-984c-db6978067a65@group-8B73651BDE9D-LeaderElection63: ELECTION PASSED received 1 response(s) and 0 exception(s):
2024-03-04 13:05:38,502 [e959d54c-24d7-45fc-984c-db6978067a65@group-8B73651BDE9D-LeaderElection63] INFO  impl.LeaderElection (LeaderElection.java:logAndReturn(93)) -   Response 0: e959d54c-24d7-45fc-984c-db6978067a65<-030b8962-d3aa-491b-960b-91563df5eb7e#0:OK-t1
2024-03-04 13:05:38,502 [e959d54c-24d7-45fc-984c-db6978067a65@group-8B73651BDE9D-LeaderElection63] INFO  impl.LeaderElection (LeaderElection.java:askForVotes(323)) - e959d54c-24d7-45fc-984c-db6978067a65@group-8B73651BDE9D-LeaderElection63 ELECTION round 0: result PASSED
2024-03-04 13:05:38,502 [e959d54c-24d7-45fc-984c-db6978067a65@group-8B73651BDE9D-LeaderElection63] INFO  impl.RoleInfo (RoleInfo.java:shutdownLeaderElection(130)) - e959d54c-24d7-45fc-984c-db6978067a65: shutdown e959d54c-24d7-45fc-984c-db6978067a65@group-8B73651BDE9D-LeaderElection63
2024-03-04 13:05:38,502 [e959d54c-24d7-45fc-984c-db6978067a65@group-8B73651BDE9D-LeaderElection63] INFO  server.RaftServer$Division (RaftServerImpl.java:setRole(383)) - e959d54c-24d7-45fc-984c-db6978067a65@group-8B73651BDE9D: changes role from CANDIDATE to LEADER at term 1 for changeToLeader
2024-03-04 13:05:38,503 [e959d54c-24d7-45fc-984c-db6978067a65@group-8B73651BDE9D-LeaderElection63] INFO  server.RaftServerConfigKeys (ConfUtils.java:logGet(46)) - raft.server.staging.catchup.gap = 1000 (default)
2024-03-04 13:05:38,503 [e959d54c-24d7-45fc-984c-db6978067a65@group-8B73651BDE9D-LeaderElection63] INFO  server.RaftServerConfigKeys (ConfUtils.java:logGet(46)) - raft.server.write.element-limit = 1024 (custom)
2024-03-04 13:05:38,503 [e959d54c-24d7-45fc-984c-db6978067a65@group-8B73651BDE9D-LeaderElection63] INFO  server.RaftServerConfigKeys (ConfUtils.java:logGet(46)) - raft.server.write.byte-limit = 1024 M (=1073741824) (custom)
2024-03-04 13:05:38,503 [e959d54c-24d7-45fc-984c-db6978067a65@group-8B73651BDE9D-LeaderElection63] INFO  server.RaftServerConfigKeys (ConfUtils.java:logGet(46)) - raft.server.watch.timeout = 180s (custom)
2024-03-04 13:05:38,503 [e959d54c-24d7-45fc-984c-db6978067a65@group-8B73651BDE9D-LeaderElection63] INFO  server.RaftServerConfigKeys (ConfUtils.java:logGet(46)) - raft.server.watch.timeout.denomination = 1s (default)
2024-03-04 13:05:38,503 [e959d54c-24d7-45fc-984c-db6978067a65@group-8B73651BDE9D-LeaderElection63] INFO  server.RaftServerConfigKeys (ConfUtils.java:logGet(46)) - raft.server.watch.element-limit = 65536 (default)
2024-03-04 13:05:38,503 [e959d54c-24d7-45fc-984c-db6978067a65@group-8B73651BDE9D-LeaderElection63] INFO  server.RaftServerConfigKeys (ConfUtils.java:logGet(46)) - raft.server.read.leader.lease.enabled = false (default)
2024-03-04 13:05:38,503 [e959d54c-24d7-45fc-984c-db6978067a65@group-8B73651BDE9D-LeaderElection63] INFO  server.RaftServerConfigKeys (ConfUtils.java:logGet(46)) - raft.server.read.leader.lease.timeout.ratio = 0.9 (default)
2024-03-04 13:05:38,503 [e959d54c-24d7-45fc-984c-db6978067a65@group-8B73651BDE9D-LeaderElection63] INFO  server.RaftServerConfigKeys (ConfUtils.java:logGet(46)) - raft.server.rpc.timeout.min = 5s (custom)
2024-03-04 13:05:38,503 [e959d54c-24d7-45fc-984c-db6978067a65@group-8B73651BDE9D-LeaderElection63] INFO  server.RaftServerConfigKeys (ConfUtils.java:logGet(46)) - raft.server.write.element-limit = 1024 (custom)
2024-03-04 13:05:38,503 [e959d54c-24d7-45fc-984c-db6978067a65@group-8B73651BDE9D-LeaderElection63] INFO  server.RaftServerConfigKeys (ConfUtils.java:logGet(46)) - raft.server.write.follower.gap.ratio.max = -1.0 (default)
2024-03-04 13:05:38,504 [e959d54c-24d7-45fc-984c-db6978067a65@group-8B73651BDE9D-LeaderElection63] INFO  server.RaftServerConfigKeys (ConfUtils.java:logGet(46)) - raft.server.log.appender.snapshot.chunk.size.max = 16MB (=16777216) (default)
2024-03-04 13:05:38,504 [e959d54c-24d7-45fc-984c-db6978067a65@group-8B73651BDE9D-LeaderElection63] INFO  server.RaftServerConfigKeys (ConfUtils.java:logGet(46)) - raft.server.log.appender.buffer.byte-limit = 8388608 (custom)
2024-03-04 13:05:38,504 [e959d54c-24d7-45fc-984c-db6978067a65@group-8B73651BDE9D-LeaderElection63] INFO  server.RaftServerConfigKeys (ConfUtils.java:logGet(46)) - raft.server.log.appender.buffer.element-limit = 1 (custom)
2024-03-04 13:05:38,504 [e959d54c-24d7-45fc-984c-db6978067a65@group-8B73651BDE9D-LeaderElection63] INFO  server.RaftServerConfigKeys (ConfUtils.java:logGet(46)) - raft.server.log.appender.wait-time.min = 0μs (custom)
2024-03-04 13:05:38,504 [e959d54c-24d7-45fc-984c-db6978067a65@group-8B73651BDE9D-LeaderElection63] INFO  grpc.GrpcConfigKeys (ConfUtils.java:logGet(46)) - raft.grpc.server.leader.outstanding.appends.max = 8 (default)
2024-03-04 13:05:38,504 [e959d54c-24d7-45fc-984c-db6978067a65@group-8B73651BDE9D-LeaderElection63] INFO  server.RaftServerConfigKeys (ConfUtils.java:logGet(46)) - raft.server.rpc.request.timeout = 60s (custom)
2024-03-04 13:05:38,504 [e959d54c-24d7-45fc-984c-db6978067a65@group-8B73651BDE9D-LeaderElection63] INFO  grpc.GrpcConfigKeys (ConfUtils.java:logGet(46)) - raft.grpc.server.install_snapshot.request.element-limit = 8 (default)
2024-03-04 13:05:38,504 [e959d54c-24d7-45fc-984c-db6978067a65@group-8B73651BDE9D-LeaderElection63] INFO  grpc.GrpcConfigKeys (ConfUtils.java:logGet(46)) - raft.grpc.server.install_snapshot.request.timeout = 3000ms (default)
2024-03-04 13:05:38,504 [e959d54c-24d7-45fc-984c-db6978067a65@group-8B73651BDE9D-LeaderElection63] INFO  grpc.GrpcConfigKeys (ConfUtils.java:logGet(46)) - raft.grpc.server.log-message.batch.duration = 5s (default)
2024-03-04 13:05:38,504 [e959d54c-24d7-45fc-984c-db6978067a65@group-8B73651BDE9D-LeaderElection63] INFO  server.RaftServerConfigKeys (ConfUtils.java:logGet(46)) - raft.server.log.appender.install.snapshot.enabled = false (custom)
2024-03-04 13:05:38,504 [e959d54c-24d7-45fc-984c-db6978067a65@group-8B73651BDE9D-LeaderElection63] INFO  grpc.GrpcConfigKeys (ConfUtils.java:logGet(46)) - raft.grpc.server.heartbeat.channel = true (default)
2024-03-04 13:05:38,505 [e959d54c-24d7-45fc-984c-db6978067a65@group-8B73651BDE9D-LeaderElection63] INFO  server.RaftServerConfigKeys (ConfUtils.java:logGet(46)) - raft.server.log.appender.snapshot.chunk.size.max = 16MB (=16777216) (default)
2024-03-04 13:05:38,505 [e959d54c-24d7-45fc-984c-db6978067a65@group-8B73651BDE9D-LeaderElection63] INFO  server.RaftServerConfigKeys (ConfUtils.java:logGet(46)) - raft.server.log.appender.buffer.byte-limit = 8388608 (custom)
2024-03-04 13:05:38,505 [e959d54c-24d7-45fc-984c-db6978067a65@group-8B73651BDE9D-LeaderElection63] INFO  server.RaftServerConfigKeys (ConfUtils.java:logGet(46)) - raft.server.log.appender.buffer.element-limit = 1 (custom)
2024-03-04 13:05:38,505 [e959d54c-24d7-45fc-984c-db6978067a65@group-8B73651BDE9D-LeaderElection63] INFO  server.RaftServerConfigKeys (ConfUtils.java:logGet(46)) - raft.server.log.appender.wait-time.min = 0μs (custom)
2024-03-04 13:05:38,505 [e959d54c-24d7-45fc-984c-db6978067a65@group-8B73651BDE9D-LeaderElection63] INFO  grpc.GrpcConfigKeys (ConfUtils.java:logGet(46)) - raft.grpc.server.leader.outstanding.appends.max = 8 (default)
2024-03-04 13:05:38,505 [e959d54c-24d7-45fc-984c-db6978067a65@group-8B73651BDE9D-LeaderElection63] INFO  server.RaftServerConfigKeys (ConfUtils.java:logGet(46)) - raft.server.rpc.request.timeout = 60s (custom)
2024-03-04 13:05:38,505 [e959d54c-24d7-45fc-984c-db6978067a65@group-8B73651BDE9D-LeaderElection63] INFO  grpc.GrpcConfigKeys (ConfUtils.java:logGet(46)) - raft.grpc.server.install_snapshot.request.element-limit = 8 (default)
2024-03-04 13:05:38,505 [e959d54c-24d7-45fc-984c-db6978067a65@group-8B73651BDE9D-LeaderElection63] INFO  grpc.GrpcConfigKeys (ConfUtils.java:logGet(46)) - raft.grpc.server.install_snapshot.request.timeout = 3000ms (default)
2024-03-04 13:05:38,505 [e959d54c-24d7-45fc-984c-db6978067a65@group-8B73651BDE9D-LeaderElection63] INFO  grpc.GrpcConfigKeys (ConfUtils.java:logGet(46)) - raft.grpc.server.log-message.batch.duration = 5s (default)
2024-03-04 13:05:38,505 [e959d54c-24d7-45fc-984c-db6978067a65@group-8B73651BDE9D-LeaderElection63] INFO  server.RaftServerConfigKeys (ConfUtils.java:logGet(46)) - raft.server.log.appender.install.snapshot.enabled = false (custom)
2024-03-04 13:05:38,505 [e959d54c-24d7-45fc-984c-db6978067a65@group-8B73651BDE9D-LeaderElection63] INFO  grpc.GrpcConfigKeys (ConfUtils.java:logGet(46)) - raft.grpc.server.heartbeat.channel = true (default)
2024-03-04 13:05:38,506 [e959d54c-24d7-45fc-984c-db6978067a65@group-8B73651BDE9D-LeaderElection63] INFO  impl.RoleInfo (RoleInfo.java:updateAndGet(139)) - e959d54c-24d7-45fc-984c-db6978067a65: start e959d54c-24d7-45fc-984c-db6978067a65@group-8B73651BDE9D-LeaderStateImpl
2024-03-04 13:05:38,506 [e959d54c-24d7-45fc-984c-db6978067a65@group-8B73651BDE9D-LeaderElection63] INFO  server.RaftServer$Division (RaftServerImpl.java:setFirstElection(574)) - e959d54c-24d7-45fc-984c-db6978067a65@group-8B73651BDE9D: set firstElectionSinceStartup to false for becomeLeader
2024-03-04 13:05:38,506 [e959d54c-24d7-45fc-984c-db6978067a65@group-8B73651BDE9D-LeaderElection63] INFO  ratis.XceiverServerRatis (XceiverServerRatis.java:handleLeaderChangedNotification(966)) - Leader change notification received for group: group-8B73651BDE9D with new leaderId: e959d54c-24d7-45fc-984c-db6978067a65
2024-03-04 13:05:38,506 [e959d54c-24d7-45fc-984c-db6978067a65@group-8B73651BDE9D-LeaderElection63] INFO  server.RaftServer$Division (ServerState.java:setLeader(269)) - e959d54c-24d7-45fc-984c-db6978067a65@group-8B73651BDE9D: change Leader from null to e959d54c-24d7-45fc-984c-db6978067a65 at term 1 for becomeLeader, leader elected after 5183ms
2024-03-04 13:05:38,506 [e959d54c-24d7-45fc-984c-db6978067a65@group-8B73651BDE9D-LeaderElection63] INFO  segmented.SegmentedRaftLogWorker (SegmentedRaftLogWorker.java:startLogSegment(430)) - e959d54c-24d7-45fc-984c-db6978067a65@group-8B73651BDE9D-SegmentedRaftLogWorker: Starting segment from index:0
2024-03-04 13:05:38,506 [e959d54c-24d7-45fc-984c-db6978067a65@group-8B73651BDE9D-LeaderElection63] INFO  server.RaftServer$Division (ServerState.java:setRaftConf(386)) - e959d54c-24d7-45fc-984c-db6978067a65@group-8B73651BDE9D: set configuration 0: peers:[e959d54c-24d7-45fc-984c-db6978067a65|10.1.0.12:15298, 030b8962-d3aa-491b-960b-91563df5eb7e|10.1.0.12:15280, 507f219d-b643-4f6d-9e61-19483d6f1b1a|10.1.0.12:15289]|listeners:[], old=null
2024-03-04 13:05:38,507 [EventQueue-PipelineReportForPipelineReportHandler] INFO  pipeline.PipelineReportHandler (PipelineReportHandler.java:processPipelineReport(136)) - Opened pipeline PipelineID=797fedc8-d198-4570-be13-8b73651bde9d
2024-03-04 13:05:38,506 [e959d54c-24d7-45fc-984c-db6978067a65@group-8B73651BDE9D-SegmentedRaftLogWorker] INFO  segmented.BufferedWriteChannel (BufferedWriteChannel.java:open(62)) - open log_inprogress_0 at position 0
2024-03-04 13:05:38,507 [main] INFO  rpc.RpcClient (RpcClient.java:createBucket(692)) - Creating Bucket: volume872622fa-a881-4132-b2de-f437a8886ba0/bucket, with server-side default bucket layout, runner as owner, Versioning false, Storage Type set to DISK and Encryption set to false, Replication Type set to server-side default replication type, Namespace Quota set to -1, Space Quota set to -1 
2024-03-04 13:05:38,511 [030b8962-d3aa-491b-960b-91563df5eb7e-server-thread1] INFO  ratis.XceiverServerRatis (XceiverServerRatis.java:handleLeaderChangedNotification(966)) - Leader change notification received for group: group-8B73651BDE9D with new leaderId: e959d54c-24d7-45fc-984c-db6978067a65
2024-03-04 13:05:38,511 [030b8962-d3aa-491b-960b-91563df5eb7e-server-thread1] INFO  server.RaftServer$Division (ServerState.java:setLeader(269)) - 030b8962-d3aa-491b-960b-91563df5eb7e@group-8B73651BDE9D: change Leader from null to e959d54c-24d7-45fc-984c-db6978067a65 at term 1 for appendEntries, leader elected after 5203ms
2024-03-04 13:05:38,512 [omNode-1-OMStateMachineApplyTransactionThread - 0] INFO  bucket.OMBucketCreateRequest (OMBucketCreateRequest.java:validateAndUpdateCache(292)) - created bucket: bucket of layout OBJECT_STORE in volume: volume872622fa-a881-4132-b2de-f437a8886ba0
2024-03-04 13:05:38,516 [e959d54c-24d7-45fc-984c-db6978067a65@group-8B73651BDE9D-SegmentedRaftLogWorker] INFO  segmented.SegmentedRaftLogWorker (SegmentedRaftLogWorker.java:execute(634)) - e959d54c-24d7-45fc-984c-db6978067a65@group-8B73651BDE9D-SegmentedRaftLogWorker: created new log segment /home/runner/work/ozone/ozone/hadoop-ozone/integration-test/target/test-dir/MiniOzoneClusterImpl-6b98b79e-1748-4853-9fc9-d757899c3dd5/ozone-meta/datanode-3/ratis/797fedc8-d198-4570-be13-8b73651bde9d/current/log_inprogress_0
2024-03-04 13:05:38,516 [omNode-2-OMStateMachineApplyTransactionThread - 0] INFO  bucket.OMBucketCreateRequest (OMBucketCreateRequest.java:validateAndUpdateCache(292)) - created bucket: bucket of layout OBJECT_STORE in volume: volume872622fa-a881-4132-b2de-f437a8886ba0
2024-03-04 13:05:38,517 [507f219d-b643-4f6d-9e61-19483d6f1b1a-server-thread1] INFO  server.RaftServer$Division (RaftServerImpl.java:setFirstElection(574)) - 507f219d-b643-4f6d-9e61-19483d6f1b1a@group-8B73651BDE9D: set firstElectionSinceStartup to false for appendEntries
2024-03-04 13:05:38,531 [IPC Server handler 5 on default port 15259] INFO  ha.SequenceIdGenerator (SequenceIdGenerator.java:getNextId(145)) - Allocate a batch for containerId, change lastId from 0 to 1000.
2024-03-04 13:05:38,522 [030b8962-d3aa-491b-960b-91563df5eb7e-server-thread2] INFO  server.RaftServer$Division (ServerState.java:setRaftConf(386)) - 030b8962-d3aa-491b-960b-91563df5eb7e@group-8B73651BDE9D: set configuration 0: peers:[e959d54c-24d7-45fc-984c-db6978067a65|10.1.0.12:15298, 030b8962-d3aa-491b-960b-91563df5eb7e|10.1.0.12:15280, 507f219d-b643-4f6d-9e61-19483d6f1b1a|10.1.0.12:15289]|listeners:[], old=null
2024-03-04 13:05:38,531 [030b8962-d3aa-491b-960b-91563df5eb7e-server-thread2] INFO  segmented.SegmentedRaftLogWorker (SegmentedRaftLogWorker.java:startLogSegment(430)) - 030b8962-d3aa-491b-960b-91563df5eb7e@group-8B73651BDE9D-SegmentedRaftLogWorker: Starting segment from index:0
2024-03-04 13:05:38,522 [omNode-3-OMStateMachineApplyTransactionThread - 0] INFO  bucket.OMBucketCreateRequest (OMBucketCreateRequest.java:validateAndUpdateCache(292)) - created bucket: bucket of layout OBJECT_STORE in volume: volume872622fa-a881-4132-b2de-f437a8886ba0
2024-03-04 13:05:38,532 [030b8962-d3aa-491b-960b-91563df5eb7e@group-8B73651BDE9D-SegmentedRaftLogWorker] INFO  segmented.BufferedWriteChannel (BufferedWriteChannel.java:open(62)) - open log_inprogress_0 at position 0
2024-03-04 13:05:38,532 [IPC Server handler 5 on default port 15259] WARN  ha.SequenceIdGenerator (SequenceIdGenerator.java:allocateBatch(258)) - Failed to allocate a batch for localId, expected lastId is 0, actual lastId is 113750153625600000.
2024-03-04 13:05:38,532 [IPC Server handler 5 on default port 15259] INFO  ha.SequenceIdGenerator (SequenceIdGenerator.java:getNextId(145)) - Allocate a batch for localId, change lastId from 113750153625600000 to 113750153625601000.
2024-03-04 13:05:38,517 [grpc-default-executor-3] INFO  server.RaftServer$Division (RaftServerImpl.java:requestVote(1389)) - 507f219d-b643-4f6d-9e61-19483d6f1b1a@group-8B73651BDE9D: receive requestVote(ELECTION, e959d54c-24d7-45fc-984c-db6978067a65, group-8B73651BDE9D, 1, (t:0, i:0))
2024-03-04 13:05:38,533 [507f219d-b643-4f6d-9e61-19483d6f1b1a-server-thread1] INFO  ratis.XceiverServerRatis (XceiverServerRatis.java:handleLeaderChangedNotification(966)) - Leader change notification received for group: group-8B73651BDE9D with new leaderId: e959d54c-24d7-45fc-984c-db6978067a65
2024-03-04 13:05:38,533 [507f219d-b643-4f6d-9e61-19483d6f1b1a-server-thread1] INFO  server.RaftServer$Division (ServerState.java:setLeader(269)) - 507f219d-b643-4f6d-9e61-19483d6f1b1a@group-8B73651BDE9D: change Leader from null to e959d54c-24d7-45fc-984c-db6978067a65 at term 1 for appendEntries, leader elected after 5168ms
2024-03-04 13:05:38,534 [grpc-default-executor-3] INFO  impl.VoteContext (VoteContext.java:log(49)) - 507f219d-b643-4f6d-9e61-19483d6f1b1a@group-8B73651BDE9D-FOLLOWER: reject ELECTION from e959d54c-24d7-45fc-984c-db6978067a65: this server is a follower and still has a valid leader e959d54c-24d7-45fc-984c-db6978067a65
2024-03-04 13:05:38,534 [grpc-default-executor-3] INFO  server.RaftServer$Division (RaftServerImpl.java:requestVote(1422)) - 507f219d-b643-4f6d-9e61-19483d6f1b1a@group-8B73651BDE9D replies to ELECTION vote request: e959d54c-24d7-45fc-984c-db6978067a65<-507f219d-b643-4f6d-9e61-19483d6f1b1a#0:FAIL-t1. Peer's state: 507f219d-b643-4f6d-9e61-19483d6f1b1a@group-8B73651BDE9D:t1, leader=e959d54c-24d7-45fc-984c-db6978067a65, voted=null, raftlog=Memoized:507f219d-b643-4f6d-9e61-19483d6f1b1a@group-8B73651BDE9D-SegmentedRaftLog:OPENED:c-1, conf=-1: peers:[e959d54c-24d7-45fc-984c-db6978067a65|10.1.0.12:15298, 030b8962-d3aa-491b-960b-91563df5eb7e|10.1.0.12:15280, 507f219d-b643-4f6d-9e61-19483d6f1b1a|10.1.0.12:15289]|listeners:[], old=null
2024-03-04 13:05:38,535 [507f219d-b643-4f6d-9e61-19483d6f1b1a-server-thread2] INFO  server.RaftServer$Division (ServerState.java:setRaftConf(386)) - 507f219d-b643-4f6d-9e61-19483d6f1b1a@group-8B73651BDE9D: set configuration 0: peers:[e959d54c-24d7-45fc-984c-db6978067a65|10.1.0.12:15298, 030b8962-d3aa-491b-960b-91563df5eb7e|10.1.0.12:15280, 507f219d-b643-4f6d-9e61-19483d6f1b1a|10.1.0.12:15289]|listeners:[], old=null
2024-03-04 13:05:38,535 [507f219d-b643-4f6d-9e61-19483d6f1b1a-server-thread2] INFO  segmented.SegmentedRaftLogWorker (SegmentedRaftLogWorker.java:startLogSegment(430)) - 507f219d-b643-4f6d-9e61-19483d6f1b1a@group-8B73651BDE9D-SegmentedRaftLogWorker: Starting segment from index:0
2024-03-04 13:05:38,535 [507f219d-b643-4f6d-9e61-19483d6f1b1a@group-8B73651BDE9D-SegmentedRaftLogWorker] INFO  segmented.BufferedWriteChannel (BufferedWriteChannel.java:open(62)) - open log_inprogress_0 at position 0
2024-03-04 13:05:38,547 [030b8962-d3aa-491b-960b-91563df5eb7e@group-8B73651BDE9D-SegmentedRaftLogWorker] INFO  segmented.SegmentedRaftLogWorker (SegmentedRaftLogWorker.java:execute(634)) - 030b8962-d3aa-491b-960b-91563df5eb7e@group-8B73651BDE9D-SegmentedRaftLogWorker: created new log segment /home/runner/work/ozone/ozone/hadoop-ozone/integration-test/target/test-dir/MiniOzoneClusterImpl-6b98b79e-1748-4853-9fc9-d757899c3dd5/ozone-meta/datanode-1/ratis/797fedc8-d198-4570-be13-8b73651bde9d/current/log_inprogress_0
2024-03-04 13:05:38,547 [507f219d-b643-4f6d-9e61-19483d6f1b1a@group-8B73651BDE9D-SegmentedRaftLogWorker] INFO  segmented.SegmentedRaftLogWorker (SegmentedRaftLogWorker.java:execute(634)) - 507f219d-b643-4f6d-9e61-19483d6f1b1a@group-8B73651BDE9D-SegmentedRaftLogWorker: created new log segment /home/runner/work/ozone/ozone/hadoop-ozone/integration-test/target/test-dir/MiniOzoneClusterImpl-6b98b79e-1748-4853-9fc9-d757899c3dd5/ozone-meta/datanode-2/ratis/797fedc8-d198-4570-be13-8b73651bde9d/current/log_inprogress_0
2024-03-04 13:05:38,550 [e959d54c-24d7-45fc-984c-db6978067a65@group-8B73651BDE9D-StateMachineUpdater] INFO  server.RaftServer$Division (LeaderStateImpl.java:isApplied(320)) - leader is ready since appliedIndex == 0 >= startIndex == 0
2024-03-04 13:05:38,593 [grpc-default-executor-5] ERROR impl.OrderedAsync (OrderedAsync.java:lambda$sendRequest$9(247)) - client-5D9DB6A53A15: Failed* RaftClientRequest:client-5D9DB6A53A15->e959d54c-24d7-45fc-984c-db6978067a65@group-D9FD34F124A7, cid=279, seq=1*, Watch(0), null
java.util.concurrent.CompletionException: org.apache.ratis.protocol.exceptions.NotLeaderException: Server e959d54c-24d7-45fc-984c-db6978067a65@group-D9FD34F124A7 is not the leader
	at java.util.concurrent.CompletableFuture.encodeThrowable(CompletableFuture.java:292)
	at java.util.concurrent.CompletableFuture.completeThrowable(CompletableFuture.java:308)
	at java.util.concurrent.CompletableFuture.uniApply(CompletableFuture.java:607)
	at java.util.concurrent.CompletableFuture$UniApply.tryFire(CompletableFuture.java:591)
	at java.util.concurrent.CompletableFuture.postComplete(CompletableFuture.java:488)
	at java.util.concurrent.CompletableFuture.completeExceptionally(CompletableFuture.java:1990)
	at org.apache.ratis.grpc.client.GrpcClientProtocolClient$AsyncStreamObservers.completeReplyExceptionally(GrpcClientProtocolClient.java:394)
	at org.apache.ratis.grpc.client.GrpcClientProtocolClient$AsyncStreamObservers.access$000(GrpcClientProtocolClient.java:300)
	at org.apache.ratis.grpc.client.GrpcClientProtocolClient$AsyncStreamObservers$1.onNext(GrpcClientProtocolClient.java:314)
	at org.apache.ratis.grpc.client.GrpcClientProtocolClient$AsyncStreamObservers$1.onNext(GrpcClientProtocolClient.java:305)
	at org.apache.ratis.thirdparty.io.grpc.stub.ClientCalls$StreamObserverToCallListenerAdapter.onMessage(ClientCalls.java:468)
	at org.apache.ratis.thirdparty.io.grpc.ForwardingClientCallListener.onMessage(ForwardingClientCallListener.java:33)
	at org.apache.ratis.thirdparty.io.grpc.internal.ClientCallImpl$ClientStreamListenerImpl$1MessagesAvailable.runInternal(ClientCallImpl.java:660)
	at org.apache.ratis.thirdparty.io.grpc.internal.ClientCallImpl$ClientStreamListenerImpl$1MessagesAvailable.runInContext(ClientCallImpl.java:647)
	at org.apache.ratis.thirdparty.io.grpc.internal.ContextRunnable.run(ContextRunnable.java:37)
	at org.apache.ratis.thirdparty.io.grpc.internal.SerializingExecutor.run(SerializingExecutor.java:133)
	at java.util.concurrent.ThreadPoolExecutor.runWorker(ThreadPoolExecutor.java:1149)
	at java.util.concurrent.ThreadPoolExecutor$Worker.run(ThreadPoolExecutor.java:624)
	at java.lang.Thread.run(Thread.java:750)
Caused by: org.apache.ratis.protocol.exceptions.NotLeaderException: Server e959d54c-24d7-45fc-984c-db6978067a65@group-D9FD34F124A7 is not the leader
	at org.apache.ratis.client.impl.ClientProtoUtils.toRaftClientReply(ClientProtoUtils.java:397)
	at org.apache.ratis.grpc.client.GrpcClientProtocolClient$AsyncStreamObservers$1.onNext(GrpcClientProtocolClient.java:310)
	... 10 more
2024-03-04 13:05:38,595 [e959d54c-24d7-45fc-984c-db6978067a65@group-D9FD34F124A7-FollowerState] INFO  impl.FollowerState (FollowerState.java:run(143)) - e959d54c-24d7-45fc-984c-db6978067a65@group-D9FD34F124A7-FollowerState: change to CANDIDATE, lastRpcElapsedTime:5147466332ns, electionTimeout:5147ms
2024-03-04 13:05:38,595 [e959d54c-24d7-45fc-984c-db6978067a65@group-D9FD34F124A7-FollowerState] INFO  impl.RoleInfo (RoleInfo.java:shutdownFollowerState(110)) - e959d54c-24d7-45fc-984c-db6978067a65: shutdown e959d54c-24d7-45fc-984c-db6978067a65@group-D9FD34F124A7-FollowerState
2024-03-04 13:05:38,595 [e959d54c-24d7-45fc-984c-db6978067a65@group-D9FD34F124A7-FollowerState] INFO  server.RaftServer$Division (RaftServerImpl.java:setRole(383)) - e959d54c-24d7-45fc-984c-db6978067a65@group-D9FD34F124A7: changes role from  FOLLOWER to CANDIDATE at term 0 for changeToCandidate
2024-03-04 13:05:38,595 [e959d54c-24d7-45fc-984c-db6978067a65@group-D9FD34F124A7-FollowerState] INFO  server.RaftServerConfigKeys (ConfUtils.java:logGet(46)) - raft.server.leaderelection.pre-vote = true (default)
2024-03-04 13:05:38,595 [e959d54c-24d7-45fc-984c-db6978067a65@group-D9FD34F124A7-FollowerState] INFO  impl.RoleInfo (RoleInfo.java:updateAndGet(139)) - e959d54c-24d7-45fc-984c-db6978067a65: start e959d54c-24d7-45fc-984c-db6978067a65@group-D9FD34F124A7-LeaderElection64
2024-03-04 13:05:38,596 [e959d54c-24d7-45fc-984c-db6978067a65@group-D9FD34F124A7-LeaderElection64] INFO  impl.LeaderElection (LeaderElection.java:askForVotes(321)) - e959d54c-24d7-45fc-984c-db6978067a65@group-D9FD34F124A7-LeaderElection64 PRE_VOTE round 0: submit vote requests at term 0 for -1: peers:[e959d54c-24d7-45fc-984c-db6978067a65|10.1.0.12:15298]|listeners:[], old=null
2024-03-04 13:05:38,596 [e959d54c-24d7-45fc-984c-db6978067a65@group-D9FD34F124A7-LeaderElection64] INFO  impl.LeaderElection (LeaderElection.java:askForVotes(323)) - e959d54c-24d7-45fc-984c-db6978067a65@group-D9FD34F124A7-LeaderElection64 PRE_VOTE round 0: result PASSED (term=0)
2024-03-04 13:05:38,597 [e959d54c-24d7-45fc-984c-db6978067a65@group-D9FD34F124A7-LeaderElection64] INFO  impl.LeaderElection (LeaderElection.java:askForVotes(321)) - e959d54c-24d7-45fc-984c-db6978067a65@group-D9FD34F124A7-LeaderElection64 ELECTION round 0: submit vote requests at term 1 for -1: peers:[e959d54c-24d7-45fc-984c-db6978067a65|10.1.0.12:15298]|listeners:[], old=null
2024-03-04 13:05:38,597 [e959d54c-24d7-45fc-984c-db6978067a65@group-D9FD34F124A7-LeaderElection64] INFO  impl.LeaderElection (LeaderElection.java:askForVotes(323)) - e959d54c-24d7-45fc-984c-db6978067a65@group-D9FD34F124A7-LeaderElection64 ELECTION round 0: result PASSED (term=1)
2024-03-04 13:05:38,597 [e959d54c-24d7-45fc-984c-db6978067a65@group-D9FD34F124A7-LeaderElection64] INFO  impl.RoleInfo (RoleInfo.java:shutdownLeaderElection(130)) - e959d54c-24d7-45fc-984c-db6978067a65: shutdown e959d54c-24d7-45fc-984c-db6978067a65@group-D9FD34F124A7-LeaderElection64
2024-03-04 13:05:38,597 [e959d54c-24d7-45fc-984c-db6978067a65@group-D9FD34F124A7-LeaderElection64] INFO  server.RaftServer$Division (RaftServerImpl.java:setRole(383)) - e959d54c-24d7-45fc-984c-db6978067a65@group-D9FD34F124A7: changes role from CANDIDATE to LEADER at term 1 for changeToLeader
2024-03-04 13:05:38,597 [e959d54c-24d7-45fc-984c-db6978067a65@group-D9FD34F124A7-LeaderElection64] INFO  server.RaftServerConfigKeys (ConfUtils.java:logGet(46)) - raft.server.staging.catchup.gap = 1000 (default)
2024-03-04 13:05:38,597 [e959d54c-24d7-45fc-984c-db6978067a65@group-D9FD34F124A7-LeaderElection64] INFO  server.RaftServerConfigKeys (ConfUtils.java:logGet(46)) - raft.server.write.element-limit = 1024 (custom)
2024-03-04 13:05:38,598 [e959d54c-24d7-45fc-984c-db6978067a65@group-D9FD34F124A7-LeaderElection64] INFO  server.RaftServerConfigKeys (ConfUtils.java:logGet(46)) - raft.server.write.byte-limit = 1024 M (=1073741824) (custom)
2024-03-04 13:05:38,598 [e959d54c-24d7-45fc-984c-db6978067a65@group-D9FD34F124A7-LeaderElection64] INFO  server.RaftServerConfigKeys (ConfUtils.java:logGet(46)) - raft.server.watch.timeout = 180s (custom)
2024-03-04 13:05:38,598 [e959d54c-24d7-45fc-984c-db6978067a65@group-D9FD34F124A7-LeaderElection64] INFO  server.RaftServerConfigKeys (ConfUtils.java:logGet(46)) - raft.server.watch.timeout.denomination = 1s (default)
2024-03-04 13:05:38,598 [e959d54c-24d7-45fc-984c-db6978067a65@group-D9FD34F124A7-LeaderElection64] INFO  server.RaftServerConfigKeys (ConfUtils.java:logGet(46)) - raft.server.watch.element-limit = 65536 (default)
2024-03-04 13:05:38,598 [e959d54c-24d7-45fc-984c-db6978067a65@group-D9FD34F124A7-LeaderElection64] INFO  server.RaftServerConfigKeys (ConfUtils.java:logGet(46)) - raft.server.read.leader.lease.enabled = false (default)
2024-03-04 13:05:38,598 [e959d54c-24d7-45fc-984c-db6978067a65@group-D9FD34F124A7-LeaderElection64] INFO  server.RaftServerConfigKeys (ConfUtils.java:logGet(46)) - raft.server.read.leader.lease.timeout.ratio = 0.9 (default)
2024-03-04 13:05:38,598 [e959d54c-24d7-45fc-984c-db6978067a65@group-D9FD34F124A7-LeaderElection64] INFO  server.RaftServerConfigKeys (ConfUtils.java:logGet(46)) - raft.server.rpc.timeout.min = 5s (custom)
2024-03-04 13:05:38,598 [e959d54c-24d7-45fc-984c-db6978067a65@group-D9FD34F124A7-LeaderElection64] INFO  server.RaftServerConfigKeys (ConfUtils.java:logGet(46)) - raft.server.write.element-limit = 1024 (custom)
2024-03-04 13:05:38,598 [e959d54c-24d7-45fc-984c-db6978067a65@group-D9FD34F124A7-LeaderElection64] INFO  server.RaftServerConfigKeys (ConfUtils.java:logGet(46)) - raft.server.write.follower.gap.ratio.max = -1.0 (default)
2024-03-04 13:05:38,598 [e959d54c-24d7-45fc-984c-db6978067a65@group-D9FD34F124A7-LeaderElection64] INFO  impl.RoleInfo (RoleInfo.java:updateAndGet(139)) - e959d54c-24d7-45fc-984c-db6978067a65: start e959d54c-24d7-45fc-984c-db6978067a65@group-D9FD34F124A7-LeaderStateImpl
2024-03-04 13:05:38,598 [e959d54c-24d7-45fc-984c-db6978067a65@group-D9FD34F124A7-LeaderElection64] INFO  server.RaftServer$Division (RaftServerImpl.java:setFirstElection(574)) - e959d54c-24d7-45fc-984c-db6978067a65@group-D9FD34F124A7: set firstElectionSinceStartup to false for becomeLeader
2024-03-04 13:05:38,598 [e959d54c-24d7-45fc-984c-db6978067a65@group-D9FD34F124A7-LeaderElection64] INFO  ratis.XceiverServerRatis (XceiverServerRatis.java:handleLeaderChangedNotification(966)) - Leader change notification received for group: group-D9FD34F124A7 with new leaderId: e959d54c-24d7-45fc-984c-db6978067a65
2024-03-04 13:05:38,599 [e959d54c-24d7-45fc-984c-db6978067a65@group-D9FD34F124A7-LeaderElection64] INFO  server.RaftServer$Division (ServerState.java:setLeader(269)) - e959d54c-24d7-45fc-984c-db6978067a65@group-D9FD34F124A7: change Leader from null to e959d54c-24d7-45fc-984c-db6978067a65 at term 1 for becomeLeader, leader elected after 5159ms
2024-03-04 13:05:38,600 [e959d54c-24d7-45fc-984c-db6978067a65@group-D9FD34F124A7-LeaderElection64] INFO  segmented.SegmentedRaftLogWorker (SegmentedRaftLogWorker.java:startLogSegment(430)) - e959d54c-24d7-45fc-984c-db6978067a65@group-D9FD34F124A7-SegmentedRaftLogWorker: Starting segment from index:0
2024-03-04 13:05:38,600 [e959d54c-24d7-45fc-984c-db6978067a65@group-D9FD34F124A7-SegmentedRaftLogWorker] INFO  segmented.BufferedWriteChannel (BufferedWriteChannel.java:open(62)) - open log_inprogress_0 at position 0
2024-03-04 13:05:38,601 [e959d54c-24d7-45fc-984c-db6978067a65@group-D9FD34F124A7-LeaderElection64] INFO  server.RaftServer$Division (ServerState.java:setRaftConf(386)) - e959d54c-24d7-45fc-984c-db6978067a65@group-D9FD34F124A7: set configuration 0: peers:[e959d54c-24d7-45fc-984c-db6978067a65|10.1.0.12:15298]|listeners:[], old=null
2024-03-04 13:05:38,607 [e959d54c-24d7-45fc-984c-db6978067a65@group-D9FD34F124A7-SegmentedRaftLogWorker] INFO  segmented.SegmentedRaftLogWorker (SegmentedRaftLogWorker.java:execute(634)) - e959d54c-24d7-45fc-984c-db6978067a65@group-D9FD34F124A7-SegmentedRaftLogWorker: created new log segment /home/runner/work/ozone/ozone/hadoop-ozone/integration-test/target/test-dir/MiniOzoneClusterImpl-6b98b79e-1748-4853-9fc9-d757899c3dd5/ozone-meta/datanode-3/ratis/91b12788-1f9f-42ef-90ff-d9fd34f124a7/current/log_inprogress_0
2024-03-04 13:05:38,608 [e959d54c-24d7-45fc-984c-db6978067a65@group-D9FD34F124A7-StateMachineUpdater] INFO  server.RaftServer$Division (LeaderStateImpl.java:isApplied(320)) - leader is ready since appliedIndex == 0 >= startIndex == 0
2024-03-04 13:05:42,770 [timer6] ERROR impl.OrderedAsync (OrderedAsync.java:lambda$sendRequest$9(247)) - client-5D9DB6A53A15: Failed* RaftClientRequest:client-5D9DB6A53A15->e959d54c-24d7-45fc-984c-db6978067a65@group-D9FD34F124A7, cid=279, seq=1*, Watch(0), null
java.util.concurrent.CompletionException: org.apache.ratis.protocol.exceptions.AlreadyClosedException: client-5D9DB6A53A15->e959d54c-24d7-45fc-984c-db6978067a65 is closed.
	at java.util.concurrent.CompletableFuture.encodeThrowable(CompletableFuture.java:292)
	at java.util.concurrent.CompletableFuture.completeThrowable(CompletableFuture.java:308)
	at java.util.concurrent.CompletableFuture.uniApply(CompletableFuture.java:607)
	at java.util.concurrent.CompletableFuture.uniApplyStage(CompletableFuture.java:628)
	at java.util.concurrent.CompletableFuture.thenApply(CompletableFuture.java:1996)
	at org.apache.ratis.client.impl.OrderedAsync.sendRequest(OrderedAsync.java:239)
	at org.apache.ratis.client.impl.OrderedAsync.sendRequestWithRetry(OrderedAsync.java:203)
	at org.apache.ratis.util.SlidingWindow$Client.sendOrDelayRequest(SlidingWindow.java:312)
	at org.apache.ratis.util.SlidingWindow$Client.retry(SlidingWindow.java:328)
	at org.apache.ratis.client.impl.OrderedAsync.lambda$scheduleWithTimeout$6(OrderedAsync.java:227)
	at org.apache.ratis.util.TimeoutTimer.lambda$onTimeout$2(TimeoutTimer.java:101)
	at org.apache.ratis.util.LogUtils.runAndLog(LogUtils.java:38)
	at org.apache.ratis.util.LogUtils$1.run(LogUtils.java:78)
	at org.apache.ratis.util.TimeoutTimer$Task.run(TimeoutTimer.java:55)
	at java.util.TimerThread.mainLoop(Timer.java:555)
	at java.util.TimerThread.run(Timer.java:505)
Caused by: org.apache.ratis.protocol.exceptions.AlreadyClosedException: client-5D9DB6A53A15->e959d54c-24d7-45fc-984c-db6978067a65 is closed.
	at org.apache.ratis.grpc.client.GrpcClientProtocolClient$AsyncStreamObservers.onNext(GrpcClientProtocolClient.java:349)
	at org.apache.ratis.grpc.client.GrpcClientRpc.sendRequestAsync(GrpcClientRpc.java:71)
	... 11 more
2024-03-04 13:05:46,865 [omNode-2@group-523986131536-StateMachineUpdater] INFO  ratis.OzoneManagerStateMachine (OzoneManagerStateMachine.java:takeSnapshotImpl(467)) -  applied = (t:1, i:49)
2024-03-04 13:05:46,865 [omNode-2@group-523986131536-StateMachineUpdater] INFO  ratis.OzoneManagerStateMachine (OzoneManagerStateMachine.java:takeSnapshotImpl(468)) -  skipped = 49
2024-03-04 13:05:46,865 [omNode-2@group-523986131536-StateMachineUpdater] INFO  ratis.OzoneManagerStateMachine (OzoneManagerStateMachine.java:takeSnapshotImpl(469)) - notified = (t:1, i:50)
2024-03-04 13:05:46,865 [omNode-2@group-523986131536-StateMachineUpdater] INFO  ratis.OzoneManagerStateMachine (OzoneManagerStateMachine.java:takeSnapshotImpl(470)) - snapshot = (t:1, i:50)
2024-03-04 13:05:46,865 [omNode-3@group-523986131536-StateMachineUpdater] INFO  ratis.OzoneManagerStateMachine (OzoneManagerStateMachine.java:takeSnapshotImpl(467)) -  applied = (t:1, i:49)
2024-03-04 13:05:46,866 [omNode-3@group-523986131536-StateMachineUpdater] INFO  ratis.OzoneManagerStateMachine (OzoneManagerStateMachine.java:takeSnapshotImpl(468)) -  skipped = 49
2024-03-04 13:05:46,866 [omNode-3@group-523986131536-StateMachineUpdater] INFO  ratis.OzoneManagerStateMachine (OzoneManagerStateMachine.java:takeSnapshotImpl(469)) - notified = (t:1, i:50)
2024-03-04 13:05:46,866 [omNode-3@group-523986131536-StateMachineUpdater] INFO  ratis.OzoneManagerStateMachine (OzoneManagerStateMachine.java:takeSnapshotImpl(470)) - snapshot = (t:1, i:50)
2024-03-04 13:05:46,866 [omNode-1-OMStateMachineApplyTransactionThread - 0] INFO  upgrade.OMPrepareRequest (OMPrepareRequest.java:validateAndUpdateCache(69)) - OM omNode-1 Received prepare request with log (t:1, i:51)
2024-03-04 13:05:46,866 [omNode-1-OMStateMachineApplyTransactionThread - 0] INFO  upgrade.OMPrepareRequest (OMPrepareRequest.java:waitForLogIndex(184)) - omNode-1 waiting for index 51 to flush to OM DB and index 52 to flush to Ratis state machine.
2024-03-04 13:05:46,878 [omNode-2@group-523986131536-StateMachineUpdater] INFO  impl.StateMachineUpdater (StateMachineUpdater.java:takeSnapshot(295)) - omNode-2@group-523986131536-StateMachineUpdater: Took a snapshot at index 50
2024-03-04 13:05:46,878 [omNode-2@group-523986131536-StateMachineUpdater] INFO  impl.StateMachineUpdater (StateMachineUpdater.java:lambda$new$0(98)) - omNode-2@group-523986131536-StateMachineUpdater: snapshotIndex: updateIncreasingly -1 -> 50
2024-03-04 13:05:46,878 [omNode-2@group-523986131536-StateMachineUpdater] INFO  raftlog.RaftLog (RaftLogBase.java:purge(330)) - omNode-2@group-523986131536-SegmentedRaftLog: purge 50
2024-03-04 13:05:46,878 [omNode-2@group-523986131536-StateMachineUpdater] INFO  raftlog.RaftLog (RaftLogBase.java:lambda$new$0(54)) - omNode-2@group-523986131536-SegmentedRaftLog: snapshotIndex: updateIncreasingly -1 -> 50
2024-03-04 13:05:46,878 [omNode-2@group-523986131536-StateMachineUpdater] INFO  raftlog.RaftLog (RaftLogBase.java:lambda$new$0(54)) - omNode-2@group-523986131536-SegmentedRaftLog: purgeIndex: updateToMax old=-1, new=50, updated? true
2024-03-04 13:05:46,878 [omNode-3@group-523986131536-StateMachineUpdater] INFO  impl.StateMachineUpdater (StateMachineUpdater.java:takeSnapshot(295)) - omNode-3@group-523986131536-StateMachineUpdater: Took a snapshot at index 50
2024-03-04 13:05:46,878 [omNode-2-OMStateMachineApplyTransactionThread - 0] INFO  upgrade.OMPrepareRequest (OMPrepareRequest.java:validateAndUpdateCache(69)) - OM omNode-2 Received prepare request with log (t:1, i:51)
2024-03-04 13:05:46,878 [omNode-3@group-523986131536-StateMachineUpdater] INFO  impl.StateMachineUpdater (StateMachineUpdater.java:lambda$new$0(98)) - omNode-3@group-523986131536-StateMachineUpdater: snapshotIndex: updateIncreasingly -1 -> 50
2024-03-04 13:05:46,878 [omNode-3@group-523986131536-StateMachineUpdater] INFO  raftlog.RaftLog (RaftLogBase.java:purge(330)) - omNode-3@group-523986131536-SegmentedRaftLog: purge 50
2024-03-04 13:05:46,878 [omNode-2-OMStateMachineApplyTransactionThread - 0] INFO  upgrade.OMPrepareRequest (OMPrepareRequest.java:waitForLogIndex(184)) - omNode-2 waiting for index 51 to flush to OM DB and index 52 to flush to Ratis state machine.
2024-03-04 13:05:46,878 [omNode-3@group-523986131536-StateMachineUpdater] INFO  raftlog.RaftLog (RaftLogBase.java:lambda$new$0(54)) - omNode-3@group-523986131536-SegmentedRaftLog: snapshotIndex: updateIncreasingly -1 -> 50
2024-03-04 13:05:46,879 [omNode-3@group-523986131536-StateMachineUpdater] INFO  raftlog.RaftLog (RaftLogBase.java:lambda$new$0(54)) - omNode-3@group-523986131536-SegmentedRaftLog: purgeIndex: updateToMax old=-1, new=50, updated? true
2024-03-04 13:05:46,879 [omNode-3-OMStateMachineApplyTransactionThread - 0] INFO  upgrade.OMPrepareRequest (OMPrepareRequest.java:validateAndUpdateCache(69)) - OM omNode-3 Received prepare request with log (t:1, i:51)
2024-03-04 13:05:46,879 [omNode-3-OMStateMachineApplyTransactionThread - 0] INFO  upgrade.OMPrepareRequest (OMPrepareRequest.java:waitForLogIndex(184)) - omNode-3 waiting for index 51 to flush to OM DB and index 52 to flush to Ratis state machine.
2024-03-04 13:05:51,879 [omNode-2-OMStateMachineApplyTransactionThread - 0] INFO  ratis.OzoneManagerStateMachine (OzoneManagerStateMachine.java:takeSnapshotImpl(467)) -  applied = (t:1, i:51)
2024-03-04 13:05:51,879 [omNode-2-OMStateMachineApplyTransactionThread - 0] INFO  ratis.OzoneManagerStateMachine (OzoneManagerStateMachine.java:takeSnapshotImpl(468)) -  skipped = 51
2024-03-04 13:05:51,879 [omNode-2-OMStateMachineApplyTransactionThread - 0] INFO  ratis.OzoneManagerStateMachine (OzoneManagerStateMachine.java:takeSnapshotImpl(469)) - notified = (t:1, i:52)
2024-03-04 13:05:51,879 [omNode-2-OMStateMachineApplyTransactionThread - 0] INFO  ratis.OzoneManagerStateMachine (OzoneManagerStateMachine.java:takeSnapshotImpl(470)) - snapshot = (t:1, i:52)
2024-03-04 13:05:51,879 [omNode-3-OMStateMachineApplyTransactionThread - 0] INFO  ratis.OzoneManagerStateMachine (OzoneManagerStateMachine.java:takeSnapshotImpl(467)) -  applied = (t:1, i:51)
2024-03-04 13:05:51,879 [omNode-3-OMStateMachineApplyTransactionThread - 0] INFO  ratis.OzoneManagerStateMachine (OzoneManagerStateMachine.java:takeSnapshotImpl(468)) -  skipped = 51
2024-03-04 13:05:51,879 [omNode-3-OMStateMachineApplyTransactionThread - 0] INFO  ratis.OzoneManagerStateMachine (OzoneManagerStateMachine.java:takeSnapshotImpl(469)) - notified = (t:1, i:52)
2024-03-04 13:05:51,879 [omNode-3-OMStateMachineApplyTransactionThread - 0] INFO  ratis.OzoneManagerStateMachine (OzoneManagerStateMachine.java:takeSnapshotImpl(470)) - snapshot = (t:1, i:52)
2024-03-04 13:05:51,883 [omNode-2-OMStateMachineApplyTransactionThread - 0] INFO  upgrade.OMPrepareRequest (OMPrepareRequest.java:takeSnapshotAndPurgeLogs(238)) - takeSnapshot at 52 for prepareIndex 52
2024-03-04 13:05:51,883 [omNode-2-OMStateMachineApplyTransactionThread - 0] INFO  raftlog.RaftLog (RaftLogBase.java:lambda$new$0(54)) - omNode-2@group-523986131536-SegmentedRaftLog: snapshotIndex: updateIncreasingly 50 -> 52
2024-03-04 13:05:51,883 [omNode-2-OMStateMachineApplyTransactionThread - 0] INFO  segmented.SegmentedRaftLogWorker (SegmentedRaftLogWorker.java:lambda$new$0(134)) - omNode-2@group-523986131536-SegmentedRaftLogWorker: safeCacheEvictIndex: setUnconditionally -1 -> 52
2024-03-04 13:05:51,883 [omNode-2-OMStateMachineApplyTransactionThread - 0] INFO  segmented.SegmentedRaftLogWorker (SegmentedRaftLogWorker.java:closeLogSegment(451)) - omNode-2@group-523986131536-SegmentedRaftLogWorker: Closing segment log_inprogress_0 to index: 52
2024-03-04 13:05:51,883 [omNode-3-OMStateMachineApplyTransactionThread - 0] INFO  upgrade.OMPrepareRequest (OMPrepareRequest.java:takeSnapshotAndPurgeLogs(238)) - takeSnapshot at 52 for prepareIndex 52
2024-03-04 13:05:51,883 [omNode-3-OMStateMachineApplyTransactionThread - 0] INFO  raftlog.RaftLog (RaftLogBase.java:lambda$new$0(54)) - omNode-3@group-523986131536-SegmentedRaftLog: snapshotIndex: updateIncreasingly 50 -> 52
2024-03-04 13:05:51,883 [omNode-3-OMStateMachineApplyTransactionThread - 0] INFO  segmented.SegmentedRaftLogWorker (SegmentedRaftLogWorker.java:lambda$new$0(134)) - omNode-3@group-523986131536-SegmentedRaftLogWorker: safeCacheEvictIndex: setUnconditionally -1 -> 52
2024-03-04 13:05:51,883 [omNode-3-OMStateMachineApplyTransactionThread - 0] INFO  segmented.SegmentedRaftLogWorker (SegmentedRaftLogWorker.java:closeLogSegment(451)) - omNode-3@group-523986131536-SegmentedRaftLogWorker: Closing segment log_inprogress_0 to index: 52
2024-03-04 13:05:51,884 [omNode-2@group-523986131536-SegmentedRaftLogWorker] INFO  segmented.SegmentedRaftLogWorker (SegmentedRaftLogWorker.java:execute(591)) - omNode-2@group-523986131536-SegmentedRaftLogWorker: Rolled log segment from /home/runner/work/ozone/ozone/hadoop-ozone/integration-test/target/test-dir/MiniOzoneClusterImpl-6b98b79e-1748-4853-9fc9-d757899c3dd5/omNode-2/ratis/c9bc4cf4-3bc3-3c60-a66b-523986131536/current/log_inprogress_0 to /home/runner/work/ozone/ozone/hadoop-ozone/integration-test/target/test-dir/MiniOzoneClusterImpl-6b98b79e-1748-4853-9fc9-d757899c3dd5/omNode-2/ratis/c9bc4cf4-3bc3-3c60-a66b-523986131536/current/log_0-52
2024-03-04 13:05:51,884 [omNode-3@group-523986131536-SegmentedRaftLogWorker] INFO  segmented.SegmentedRaftLogWorker (SegmentedRaftLogWorker.java:execute(591)) - omNode-3@group-523986131536-SegmentedRaftLogWorker: Rolled log segment from /home/runner/work/ozone/ozone/hadoop-ozone/integration-test/target/test-dir/MiniOzoneClusterImpl-6b98b79e-1748-4853-9fc9-d757899c3dd5/omNode-3/ratis/c9bc4cf4-3bc3-3c60-a66b-523986131536/current/log_inprogress_0 to /home/runner/work/ozone/ozone/hadoop-ozone/integration-test/target/test-dir/MiniOzoneClusterImpl-6b98b79e-1748-4853-9fc9-d757899c3dd5/omNode-3/ratis/c9bc4cf4-3bc3-3c60-a66b-523986131536/current/log_0-52
2024-03-04 13:05:51,885 [omNode-3-OMStateMachineApplyTransactionThread - 0] INFO  om.OzoneManagerPrepareState (OzoneManagerPrepareState.java:writePrepareMarkerFile(262)) - Prepare marker file written with log index 51 to file /home/runner/work/ozone/ozone/hadoop-ozone/integration-test/target/test-dir/MiniOzoneClusterImpl-6b98b79e-1748-4853-9fc9-d757899c3dd5/omNode-3/current/prepareMarker
2024-03-04 13:05:51,885 [omNode-2-OMStateMachineApplyTransactionThread - 0] INFO  om.OzoneManagerPrepareState (OzoneManagerPrepareState.java:writePrepareMarkerFile(262)) - Prepare marker file written with log index 51 to file /home/runner/work/ozone/ozone/hadoop-ozone/integration-test/target/test-dir/MiniOzoneClusterImpl-6b98b79e-1748-4853-9fc9-d757899c3dd5/omNode-2/current/prepareMarker
2024-03-04 13:05:51,885 [omNode-2-OMStateMachineApplyTransactionThread - 0] INFO  upgrade.OMPrepareRequest (OMPrepareRequest.java:validateAndUpdateCache(122)) - OM omNode-2 prepared at log index 51. Returning response txnID: 51
 with log index 51
2024-03-04 13:05:51,885 [omNode-3-OMStateMachineApplyTransactionThread - 0] INFO  upgrade.OMPrepareRequest (OMPrepareRequest.java:validateAndUpdateCache(122)) - OM omNode-3 prepared at log index 51. Returning response txnID: 51
 with log index 51
2024-03-04 13:06:28,266 [030b8962-d3aa-491b-960b-91563df5eb7e-BlockDeletingService#0] INFO  interfaces.ContainerDeletionChoosingPolicyTemplate (ContainerDeletionChoosingPolicyTemplate.java:chooseContainerForBlockDeletion(85)) - Chosen 0/5000 blocks from 0 candidate containers.
2024-03-04 13:06:28,370 [507f219d-b643-4f6d-9e61-19483d6f1b1a-BlockDeletingService#0] INFO  interfaces.ContainerDeletionChoosingPolicyTemplate (ContainerDeletionChoosingPolicyTemplate.java:chooseContainerForBlockDeletion(85)) - Chosen 0/5000 blocks from 0 candidate containers.
2024-03-04 13:06:28,467 [e959d54c-24d7-45fc-984c-db6978067a65-BlockDeletingService#0] INFO  interfaces.ContainerDeletionChoosingPolicyTemplate (ContainerDeletionChoosingPolicyTemplate.java:chooseContainerForBlockDeletion(85)) - Chosen 0/5000 blocks from 0 candidate containers.
2024-03-04 13:07:28,268 [030b8962-d3aa-491b-960b-91563df5eb7e-BlockDeletingService#1] INFO  interfaces.ContainerDeletionChoosingPolicyTemplate (ContainerDeletionChoosingPolicyTemplate.java:chooseContainerForBlockDeletion(85)) - Chosen 0/5000 blocks from 0 candidate containers.
2024-03-04 13:07:28,372 [507f219d-b643-4f6d-9e61-19483d6f1b1a-BlockDeletingService#1] INFO  interfaces.ContainerDeletionChoosingPolicyTemplate (ContainerDeletionChoosingPolicyTemplate.java:chooseContainerForBlockDeletion(85)) - Chosen 0/5000 blocks from 0 candidate containers.
2024-03-04 13:07:28,468 [e959d54c-24d7-45fc-984c-db6978067a65-BlockDeletingService#1] INFO  interfaces.ContainerDeletionChoosingPolicyTemplate (ContainerDeletionChoosingPolicyTemplate.java:chooseContainerForBlockDeletion(85)) - Chosen 0/5000 blocks from 0 candidate containers.
2024-03-04 13:07:46,873 [omNode-1-OMStateMachineApplyTransactionThread - 0] ERROR upgrade.OMPrepareRequest (OMPrepareRequest.java:validateAndUpdateCache(133)) - Prepare Request Apply failed in omNode-1. 
java.io.IOException: After waiting for 120 seconds, Ratis state machine applied index 50 which is less than the minimum required index 52.
	at org.apache.hadoop.ozone.om.request.upgrade.OMPrepareRequest.waitForLogIndex(OMPrepareRequest.java:216)
	at org.apache.hadoop.ozone.om.request.upgrade.OMPrepareRequest.validateAndUpdateCache(OMPrepareRequest.java:112)
	at org.apache.hadoop.ozone.protocolPB.OzoneManagerRequestHandler.lambda$0(OzoneManagerRequestHandler.java:397)
	at org.apache.hadoop.util.MetricUtil.captureLatencyNs(MetricUtil.java:45)
	at org.apache.hadoop.ozone.protocolPB.OzoneManagerRequestHandler.handleWriteRequestImpl(OzoneManagerRequestHandler.java:395)
	at org.apache.hadoop.ozone.protocolPB.RequestHandler.handleWriteRequest(RequestHandler.java:63)
	at org.apache.hadoop.ozone.om.ratis.OzoneManagerStateMachine.runCommand(OzoneManagerStateMachine.java:525)
	at org.apache.hadoop.ozone.om.ratis.OzoneManagerStateMachine.lambda$1(OzoneManagerStateMachine.java:343)
	at java.util.concurrent.CompletableFuture$AsyncSupply.run(CompletableFuture.java:1604)
	at java.util.concurrent.ThreadPoolExecutor.runWorker(ThreadPoolExecutor.java:1149)
	at java.util.concurrent.ThreadPoolExecutor$Worker.run(ThreadPoolExecutor.java:624)
	at java.lang.Thread.run(Thread.java:750)
2024-03-04 13:07:46,873 [omNode-1@group-523986131536-StateMachineUpdater] INFO  ratis.OzoneManagerStateMachine (OzoneManagerStateMachine.java:takeSnapshotImpl(467)) -  applied = (t:1, i:51)
2024-03-04 13:07:46,873 [omNode-1@group-523986131536-StateMachineUpdater] INFO  ratis.OzoneManagerStateMachine (OzoneManagerStateMachine.java:takeSnapshotImpl(468)) -  skipped = 49
2024-03-04 13:07:46,873 [omNode-1@group-523986131536-StateMachineUpdater] INFO  ratis.OzoneManagerStateMachine (OzoneManagerStateMachine.java:takeSnapshotImpl(469)) - notified = (t:1, i:50)
2024-03-04 13:07:46,873 [omNode-1@group-523986131536-StateMachineUpdater] INFO  ratis.OzoneManagerStateMachine (OzoneManagerStateMachine.java:takeSnapshotImpl(470)) - snapshot = (t:1, i:51)
2024-03-04 13:07:46,874 [main] INFO  om.OzoneManager (OzoneManager.java:stop(2204)) - omNode-3[localhost:15270]: Stopping Ozone Manager
2024-03-04 13:07:46,874 [main] INFO  ipc.Server (Server.java:stop(3523)) - Stopping server on 15270
2024-03-04 13:07:46,877 [IPC Server listener on 15270] INFO  ipc.Server (Server.java:run(1434)) - Stopping IPC Server listener on 15270
2024-03-04 13:07:46,878 [IPC Server Responder] INFO  ipc.Server (Server.java:run(1567)) - Stopping IPC Server Responder
2024-03-04 13:07:46,878 [main] INFO  ratis.OzoneManagerRatisServer (OzoneManagerRatisServer.java:stop(594)) - Stopping org.apache.hadoop.ozone.om.ratis.OzoneManagerRatisServer@2e31b6bb at port 15273
2024-03-04 13:07:46,878 [main] INFO  server.RaftServer (RaftServerProxy.java:lambda$close$9(416)) - omNode-3: close
2024-03-04 13:07:46,878 [main] INFO  server.GrpcService (GrpcService.java:closeImpl(311)) - omNode-3: shutdown server GrpcServerProtocolService now
2024-03-04 13:07:46,878 [omNode-3-impl-thread2] INFO  server.RaftServer$Division (RaftServerImpl.java:lambda$close$3(526)) - omNode-3@group-523986131536: shutdown
2024-03-04 13:07:46,879 [omNode-3-impl-thread2] INFO  util.JmxRegister (JmxRegister.java:unregister(73)) - Successfully un-registered JMX Bean with object name Ratis:service=RaftServer,group=group-523986131536,id=omNode-3
2024-03-04 13:07:46,879 [omNode-3-impl-thread2] INFO  impl.RoleInfo (RoleInfo.java:shutdownFollowerState(110)) - omNode-3: shutdown omNode-3@group-523986131536-FollowerState
2024-03-04 13:07:46,879 [omNode-3@group-523986131536-FollowerState] INFO  impl.FollowerState (FollowerState.java:run(152)) - omNode-3@group-523986131536-FollowerState was interrupted
2024-03-04 13:07:46,879 [omNode-3-impl-thread2] INFO  impl.StateMachineUpdater (StateMachineUpdater.java:stopAndJoin(157)) - omNode-3@group-523986131536-StateMachineUpdater: set stopIndex = 52
2024-03-04 13:07:46,879 [omNode-3@group-523986131536-StateMachineUpdater] INFO  ratis.OzoneManagerStateMachine (OzoneManagerStateMachine.java:takeSnapshotImpl(467)) -  applied = (t:1, i:51)
2024-03-04 13:07:46,880 [grpc-default-executor-3] WARN  server.GrpcServerProtocolService (LogUtils.java:warn(121)) - omNode-3: APPEND_ENTRIES onError, lastRequest: omNode-1->omNode-3#166-t1,previous=(t:1, i:51),leaderCommit=51,initializing? false,entries: size=1, first=(t:1, i:52), METADATAENTRY(c:51): org.apache.ratis.thirdparty.io.grpc.StatusRuntimeException: CANCELLED: client cancelled
2024-03-04 13:07:46,880 [omNode-3@group-523986131536-StateMachineUpdater] INFO  ratis.OzoneManagerStateMachine (OzoneManagerStateMachine.java:takeSnapshotImpl(468)) -  skipped = 51
2024-03-04 13:07:46,880 [omNode-3@group-523986131536-StateMachineUpdater] INFO  ratis.OzoneManagerStateMachine (OzoneManagerStateMachine.java:takeSnapshotImpl(469)) - notified = (t:1, i:52)
2024-03-04 13:07:46,880 [omNode-3@group-523986131536-StateMachineUpdater] INFO  ratis.OzoneManagerStateMachine (OzoneManagerStateMachine.java:takeSnapshotImpl(470)) - snapshot = (t:1, i:52)
2024-03-04 13:07:46,880 [main] INFO  server.GrpcService (GrpcService.java:closeImpl(320)) - omNode-3: shutdown server GrpcServerProtocolService successfully
2024-03-04 13:07:46,880 [grpc-default-executor-3] WARN  server.GrpcServerProtocolService (LogUtils.java:warn(121)) - omNode-3: APPEND_ENTRIES onError, lastRequest: null: org.apache.ratis.thirdparty.io.grpc.StatusRuntimeException: CANCELLED: client cancelled
2024-03-04 13:07:46,881 [grpc-default-executor-3] WARN  server.GrpcLogAppender (LogUtils.java:warn(121)) - omNode-1@group-523986131536->omNode-3-AppendLogResponseHandler: Failed appendEntries: org.apache.ratis.thirdparty.io.grpc.StatusRuntimeException: CANCELLED: RST_STREAM closed stream. HTTP/2 error code: CANCEL
2024-03-04 13:07:46,881 [grpc-default-executor-3] WARN  server.GrpcLogAppender (GrpcLogAppender.java:lambda$resetClient$1(217)) - omNode-1@group-523986131536->omNode-3-GrpcLogAppender: Follower failed (request=null, errorCount=1); keep nextIndex (53) unchanged and retry.
2024-03-04 13:07:46,886 [omNode-3@group-523986131536-StateMachineUpdater] INFO  impl.StateMachineUpdater (StateMachineUpdater.java:takeSnapshot(295)) - omNode-3@group-523986131536-StateMachineUpdater: Took a snapshot at index 52
2024-03-04 13:07:46,886 [omNode-3@group-523986131536-StateMachineUpdater] INFO  impl.StateMachineUpdater (StateMachineUpdater.java:lambda$new$0(98)) - omNode-3@group-523986131536-StateMachineUpdater: snapshotIndex: updateIncreasingly 50 -> 52
2024-03-04 13:07:46,886 [omNode-3@group-523986131536-StateMachineUpdater] INFO  ratis.OzoneManagerStateMachine (OzoneManagerStateMachine.java:close(513)) - Stopping OzoneManagerStateMachine:omNode-3:group-523986131536.
2024-03-04 13:07:46,886 [omNode-3@group-523986131536-StateMachineUpdater] INFO  ratis.OzoneManagerDoubleBuffer (OzoneManagerDoubleBuffer.java:stopDaemon(518)) - Stopping OMDoubleBuffer flush thread
2024-03-04 13:07:46,887 [omNode-3-OMDoubleBufferFlushThread] INFO  ratis.OzoneManagerDoubleBuffer (OzoneManagerDoubleBuffer.java:canFlush(582)) - OMDoubleBuffer flush thread omNode-3-OMDoubleBufferFlushThread is interrupted and will exit.
2024-03-04 13:07:46,888 [omNode-3-impl-thread2] INFO  server.RaftServer$Division (ServerState.java:close(427)) - omNode-3@group-523986131536: applyIndex: 51
2024-03-04 13:07:46,888 [omNode-3@group-523986131536-cacheEviction-AwaitToRun] INFO  util.AwaitToRun (AwaitToRun.java:run(49)) - omNode-3@group-523986131536-cacheEviction-AwaitToRun-AwaitForSignal is interrupted
2024-03-04 13:07:46,892 [omNode-3-impl-thread2] INFO  segmented.SegmentedRaftLogWorker (SegmentedRaftLogWorker.java:close(245)) - omNode-3@group-523986131536-SegmentedRaftLogWorker close()
2024-03-04 13:07:46,892 [omNode-1@group-523986131536-StateMachineUpdater] INFO  impl.StateMachineUpdater (StateMachineUpdater.java:takeSnapshot(295)) - omNode-1@group-523986131536-StateMachineUpdater: Took a snapshot at index 51
2024-03-04 13:07:46,893 [omNode-1@group-523986131536-StateMachineUpdater] INFO  impl.StateMachineUpdater (StateMachineUpdater.java:lambda$new$0(98)) - omNode-1@group-523986131536-StateMachineUpdater: snapshotIndex: updateIncreasingly -1 -> 51
2024-03-04 13:07:46,893 [omNode-1@group-523986131536-StateMachineUpdater] INFO  raftlog.RaftLog (RaftLogBase.java:purge(330)) - omNode-1@group-523986131536-SegmentedRaftLog: purge 51
2024-03-04 13:07:46,892 [JvmPauseMonitor72] INFO  util.JvmPauseMonitor (JvmPauseMonitor.java:run(152)) - JvmPauseMonitor-omNode-3: Stopped
2024-03-04 13:07:46,893 [omNode-1@group-523986131536-StateMachineUpdater] INFO  raftlog.RaftLog (RaftLogBase.java:lambda$new$0(54)) - omNode-1@group-523986131536-SegmentedRaftLog: snapshotIndex: updateIncreasingly -1 -> 51
2024-03-04 13:07:46,893 [omNode-1@group-523986131536-StateMachineUpdater] INFO  raftlog.RaftLog (RaftLogBase.java:lambda$new$0(54)) - omNode-1@group-523986131536-SegmentedRaftLog: purgeIndex: updateToMax old=-1, new=51, updated? true
2024-03-04 13:07:46,893 [main] INFO  utils.BackgroundService (BackgroundService.java:shutdown(160)) - Shutting down service KeyDeletingService
2024-03-04 13:07:46,894 [main] INFO  utils.BackgroundService (BackgroundService.java:shutdown(160)) - Shutting down service DirectoryDeletingService
2024-03-04 13:07:46,894 [main] INFO  utils.BackgroundService (BackgroundService.java:shutdown(160)) - Shutting down service OpenKeyCleanupService
2024-03-04 13:07:46,894 [main] INFO  utils.BackgroundService (BackgroundService.java:shutdown(160)) - Shutting down service SstFilteringService
2024-03-04 13:07:46,894 [main] INFO  utils.BackgroundService (BackgroundService.java:shutdown(160)) - Shutting down service SnapshotDeletingService
2024-03-04 13:07:46,894 [main] INFO  utils.BackgroundService (BackgroundService.java:shutdown(160)) - Shutting down service MultipartUploadCleanupService
2024-03-04 13:07:46,894 [main] INFO  utils.BackgroundService (BackgroundService.java:shutdown(160)) - Shutting down service SnapshotDirectoryCleaningService
2024-03-04 13:07:46,895 [main] INFO  handler.ContextHandler (ContextHandler.java:doStop(1159)) - Stopped o.e.j.w.WebAppContext@6cf9b2fa{ozoneManager,/,null,STOPPED}{file:/home/runner/work/ozone/ozone/hadoop-ozone/integration-test/target/test-classes/webapps/ozoneManager}
2024-03-04 13:07:46,895 [main] INFO  server.AbstractConnector (AbstractConnector.java:doStop(383)) - Stopped ServerConnector@4c97a3d6{HTTP/1.1, (http/1.1)}{0.0.0.0:15271}
2024-03-04 13:07:46,896 [main] INFO  server.session (HouseKeeper.java:stopScavenging(149)) - node0 Stopped scavenging
2024-03-04 13:07:46,896 [main] INFO  handler.ContextHandler (ContextHandler.java:doStop(1159)) - Stopped o.e.j.s.ServletContextHandler@2157c1db{static,/static,file:///home/runner/work/ozone/ozone/hadoop-ozone/integration-test/target/test-classes/webapps/static,STOPPED}
2024-03-04 13:07:46,896 [main] INFO  handler.ContextHandler (ContextHandler.java:doStop(1159)) - Stopped o.e.j.s.ServletContextHandler@335977cc{logs,/logs,file:///home/runner/work/ozone/ozone/hadoop-ozone/integration-test/target/log,STOPPED}
2024-03-04 13:07:46,899 [main] INFO  rocksdiff.RocksDBCheckpointDiffer (RocksDBCheckpointDiffer.java:close(310)) - Shutting down CompactionDagPruningService.
2024-03-04 13:07:46,900 [main] INFO  snapshot.SnapshotDiffManager (SnapshotDiffManager.java:closeExecutorService(1657)) - Shutting down executorService: 'SnapDiffExecutor'
2024-03-04 13:07:46,900 [main] INFO  utils.BackgroundService (BackgroundService.java:shutdown(160)) - Shutting down service SnapshotDiffCleanupService
2024-03-04 13:07:46,901 [main] INFO  om.OzoneManager (OzoneManager.java:stop(2204)) - omNode-1[localhost:15262]: Stopping Ozone Manager
2024-03-04 13:07:46,901 [main] INFO  ipc.Server (Server.java:stop(3523)) - Stopping server on 15262
2024-03-04 13:07:46,905 [IPC Server listener on 15262] INFO  ipc.Server (Server.java:run(1434)) - Stopping IPC Server listener on 15262
2024-03-04 13:07:46,905 [IPC Server Responder] INFO  ipc.Server (Server.java:run(1567)) - Stopping IPC Server Responder
2024-03-04 13:07:46,905 [main] INFO  ratis.OzoneManagerRatisServer (OzoneManagerRatisServer.java:stop(594)) - Stopping org.apache.hadoop.ozone.om.ratis.OzoneManagerRatisServer@5fdbdf9c at port 15265
2024-03-04 13:07:46,906 [main] INFO  server.RaftServer (RaftServerProxy.java:lambda$close$9(416)) - omNode-1: close
2024-03-04 13:07:46,906 [main] INFO  server.GrpcService (GrpcService.java:closeImpl(311)) - omNode-1: shutdown server GrpcServerProtocolService now
2024-03-04 13:07:46,906 [omNode-1-impl-thread2] INFO  server.RaftServer$Division (RaftServerImpl.java:lambda$close$3(526)) - omNode-1@group-523986131536: shutdown
2024-03-04 13:07:46,907 [omNode-1-impl-thread2] INFO  util.JmxRegister (JmxRegister.java:unregister(73)) - Successfully un-registered JMX Bean with object name Ratis:service=RaftServer,group=group-523986131536,id=omNode-1
2024-03-04 13:07:46,907 [omNode-1-impl-thread2] INFO  impl.RoleInfo (RoleInfo.java:shutdownLeaderState(94)) - omNode-1: shutdown omNode-1@group-523986131536-LeaderStateImpl
2024-03-04 13:07:46,907 [Thread-11651] INFO  server.GrpcServerProtocolClient (GrpcServerProtocolClient.java:close(103)) - omNode-3 Close channels
2024-03-04 13:07:46,907 [omNode-1@group-523986131536->omNode-3-GrpcLogAppender-LogAppenderDaemon] WARN  server.GrpcLogAppender (GrpcLogAppender.java:mayWait(289)) - omNode-1@group-523986131536->omNode-3-GrpcLogAppender: Wait interrupted by java.lang.InterruptedException
2024-03-04 13:07:46,907 [Thread-11653] INFO  server.GrpcServerProtocolClient (GrpcServerProtocolClient.java:close(103)) - omNode-2 Close channels
2024-03-04 13:07:46,908 [omNode-1-impl-thread2] INFO  impl.PendingRequests (PendingRequests.java:sendNotLeaderResponses(289)) - omNode-1@group-523986131536-PendingRequests: sendNotLeaderResponses
2024-03-04 13:07:46,908 [omNode-1@group-523986131536->omNode-2-GrpcLogAppender-LogAppenderDaemon] WARN  server.GrpcLogAppender (GrpcLogAppender.java:mayWait(289)) - omNode-1@group-523986131536->omNode-2-GrpcLogAppender: Wait interrupted by java.lang.InterruptedException
2024-03-04 13:07:46,910 [omNode-1@group-523986131536-StateMachineUpdater] INFO  ratis.OzoneManagerStateMachine (OzoneManagerStateMachine.java:takeSnapshotImpl(467)) -  applied = (t:1, i:51)
2024-03-04 13:07:46,910 [grpc-default-executor-7] INFO  server.GrpcServerProtocolService (GrpcServerProtocolService.java:onCompleted(157)) - omNode-2: Completed APPEND_ENTRIES, lastRequest: omNode-1->omNode-2#167-t1,previous=(t:1, i:51),leaderCommit=51,initializing? false,entries: size=1, first=(t:1, i:52), METADATAENTRY(c:51)
2024-03-04 13:07:46,910 [grpc-default-executor-7] INFO  server.GrpcServerProtocolService (GrpcServerProtocolService.java:lambda$onCompleted$5(159)) - omNode-2: Completed APPEND_ENTRIES, lastReply: null
2024-03-04 13:07:46,910 [omNode-1-impl-thread2] INFO  impl.StateMachineUpdater (StateMachineUpdater.java:stopAndJoin(157)) - omNode-1@group-523986131536-StateMachineUpdater: set stopIndex = 52
2024-03-04 13:07:46,910 [omNode-1@group-523986131536-StateMachineUpdater] INFO  ratis.OzoneManagerStateMachine (OzoneManagerStateMachine.java:takeSnapshotImpl(468)) -  skipped = 51
2024-03-04 13:07:46,910 [grpc-default-executor-8] INFO  server.GrpcServerProtocolService (GrpcServerProtocolService.java:onCompleted(157)) - omNode-2: Completed APPEND_ENTRIES, lastRequest: null
2024-03-04 13:07:46,910 [omNode-1@group-523986131536-StateMachineUpdater] INFO  ratis.OzoneManagerStateMachine (OzoneManagerStateMachine.java:takeSnapshotImpl(469)) - notified = (t:1, i:52)
2024-03-04 13:07:46,910 [omNode-1@group-523986131536-StateMachineUpdater] INFO  ratis.OzoneManagerStateMachine (OzoneManagerStateMachine.java:takeSnapshotImpl(470)) - snapshot = (t:1, i:52)
2024-03-04 13:07:46,910 [grpc-default-executor-3] INFO  server.GrpcLogAppender (GrpcLogAppender.java:onCompleted(546)) - omNode-1@group-523986131536->omNode-2-AppendLogResponseHandler: follower responses appendEntries COMPLETED
2024-03-04 13:07:46,911 [grpc-default-executor-3] WARN  server.GrpcLogAppender (GrpcLogAppender.java:resetClient(226)) - omNode-1@group-523986131536->omNode-2-GrpcLogAppender: Failed to getClient for omNode-2
org.apache.ratis.protocol.exceptions.AlreadyClosedException: omNode-1 is already CLOSED
	at org.apache.ratis.util.PeerProxyMap$PeerAndProxy.getProxy(PeerProxyMap.java:65)
	at org.apache.ratis.util.PeerProxyMap.getProxy(PeerProxyMap.java:114)
	at org.apache.ratis.grpc.server.GrpcLogAppender.getClient(GrpcLogAppender.java:196)
	at org.apache.ratis.grpc.server.GrpcLogAppender.resetClient(GrpcLogAppender.java:201)
	at org.apache.ratis.grpc.server.GrpcLogAppender.access$800(GrpcLogAppender.java:62)
	at org.apache.ratis.grpc.server.GrpcLogAppender$AppendLogResponseHandler.onCompleted(GrpcLogAppender.java:547)
	at org.apache.ratis.thirdparty.io.grpc.stub.ClientCalls$StreamObserverToCallListenerAdapter.onClose(ClientCalls.java:479)
	at org.apache.ratis.thirdparty.io.grpc.internal.ClientCallImpl.closeObserver(ClientCallImpl.java:567)
	at org.apache.ratis.thirdparty.io.grpc.internal.ClientCallImpl.access$300(ClientCallImpl.java:71)
	at org.apache.ratis.thirdparty.io.grpc.internal.ClientCallImpl$ClientStreamListenerImpl$1StreamClosed.runInternal(ClientCallImpl.java:735)
	at org.apache.ratis.thirdparty.io.grpc.internal.ClientCallImpl$ClientStreamListenerImpl$1StreamClosed.runInContext(ClientCallImpl.java:716)
	at org.apache.ratis.thirdparty.io.grpc.internal.ContextRunnable.run(ContextRunnable.java:37)
	at org.apache.ratis.thirdparty.io.grpc.internal.SerializingExecutor.run(SerializingExecutor.java:133)
	at java.util.concurrent.ThreadPoolExecutor.runWorker(ThreadPoolExecutor.java:1149)
	at java.util.concurrent.ThreadPoolExecutor$Worker.run(ThreadPoolExecutor.java:624)
	at java.lang.Thread.run(Thread.java:750)
2024-03-04 13:07:46,911 [grpc-default-executor-8] INFO  server.GrpcServerProtocolService (GrpcServerProtocolService.java:lambda$onCompleted$5(159)) - omNode-2: Completed APPEND_ENTRIES, lastReply: serverReply {
  requestorId: "omNode-1"
  replyId: "omNode-2"
  raftGroupId {
    id: "\311\274L\364;\303<`\246kR9\206\023\0256"
  }
  callId: 408
  success: true
}
term: 1
nextIndex: 53
followerCommit: 52
matchIndex: 18446744073709551615
isHearbeat: true

2024-03-04 13:07:46,912 [grpc-default-executor-8] INFO  server.GrpcLogAppender (GrpcLogAppender.java:onCompleted(546)) - omNode-1@group-523986131536->omNode-2-AppendLogResponseHandler: follower responses appendEntries COMPLETED
2024-03-04 13:07:46,912 [grpc-default-executor-8] WARN  server.GrpcLogAppender (GrpcLogAppender.java:resetClient(226)) - omNode-1@group-523986131536->omNode-2-GrpcLogAppender: Failed to getClient for omNode-2
org.apache.ratis.protocol.exceptions.AlreadyClosedException: omNode-1 is already CLOSED
	at org.apache.ratis.util.PeerProxyMap$PeerAndProxy.getProxy(PeerProxyMap.java:65)
	at org.apache.ratis.util.PeerProxyMap.getProxy(PeerProxyMap.java:114)
	at org.apache.ratis.grpc.server.GrpcLogAppender.getClient(GrpcLogAppender.java:196)
	at org.apache.ratis.grpc.server.GrpcLogAppender.resetClient(GrpcLogAppender.java:201)
	at org.apache.ratis.grpc.server.GrpcLogAppender.access$800(GrpcLogAppender.java:62)
	at org.apache.ratis.grpc.server.GrpcLogAppender$AppendLogResponseHandler.onCompleted(GrpcLogAppender.java:547)
	at org.apache.ratis.thirdparty.io.grpc.stub.ClientCalls$StreamObserverToCallListenerAdapter.onClose(ClientCalls.java:479)
	at org.apache.ratis.thirdparty.io.grpc.internal.ClientCallImpl.closeObserver(ClientCallImpl.java:567)
	at org.apache.ratis.thirdparty.io.grpc.internal.ClientCallImpl.access$300(ClientCallImpl.java:71)
	at org.apache.ratis.thirdparty.io.grpc.internal.ClientCallImpl$ClientStreamListenerImpl$1StreamClosed.runInternal(ClientCallImpl.java:735)
	at org.apache.ratis.thirdparty.io.grpc.internal.ClientCallImpl$ClientStreamListenerImpl$1StreamClosed.runInContext(ClientCallImpl.java:716)
	at org.apache.ratis.thirdparty.io.grpc.internal.ContextRunnable.run(ContextRunnable.java:37)
	at org.apache.ratis.thirdparty.io.grpc.internal.SerializingExecutor.run(SerializingExecutor.java:133)
	at java.util.concurrent.ThreadPoolExecutor.runWorker(ThreadPoolExecutor.java:1149)
	at java.util.concurrent.ThreadPoolExecutor$Worker.run(ThreadPoolExecutor.java:624)
	at java.lang.Thread.run(Thread.java:750)
2024-03-04 13:07:46,912 [main] INFO  server.GrpcService (GrpcService.java:closeImpl(320)) - omNode-1: shutdown server GrpcServerProtocolService successfully
2024-03-04 13:07:46,914 [omNode-1@group-523986131536-StateMachineUpdater] INFO  impl.StateMachineUpdater (StateMachineUpdater.java:takeSnapshot(295)) - omNode-1@group-523986131536-StateMachineUpdater: Took a snapshot at index 52
2024-03-04 13:07:46,914 [omNode-1@group-523986131536-StateMachineUpdater] INFO  impl.StateMachineUpdater (StateMachineUpdater.java:lambda$new$0(98)) - omNode-1@group-523986131536-StateMachineUpdater: snapshotIndex: updateIncreasingly 51 -> 52
2024-03-04 13:07:46,914 [omNode-1@group-523986131536-StateMachineUpdater] INFO  ratis.OzoneManagerStateMachine (OzoneManagerStateMachine.java:close(513)) - Stopping OzoneManagerStateMachine:omNode-1:group-523986131536.
2024-03-04 13:07:46,914 [omNode-1@group-523986131536-StateMachineUpdater] INFO  ratis.OzoneManagerDoubleBuffer (OzoneManagerDoubleBuffer.java:stopDaemon(518)) - Stopping OMDoubleBuffer flush thread
2024-03-04 13:07:46,915 [omNode-1-OMDoubleBufferFlushThread] INFO  ratis.OzoneManagerDoubleBuffer (OzoneManagerDoubleBuffer.java:canFlush(582)) - OMDoubleBuffer flush thread omNode-1-OMDoubleBufferFlushThread is interrupted and will exit.
2024-03-04 13:07:46,915 [omNode-1-impl-thread2] INFO  server.RaftServer$Division (ServerState.java:close(427)) - omNode-1@group-523986131536: applyIndex: 51
2024-03-04 13:07:46,915 [omNode-1@group-523986131536-cacheEviction-AwaitToRun] INFO  util.AwaitToRun (AwaitToRun.java:run(49)) - omNode-1@group-523986131536-cacheEviction-AwaitToRun-AwaitForSignal is interrupted
2024-03-04 13:07:47,874 [omNode-1-impl-thread2] INFO  segmented.SegmentedRaftLogWorker (SegmentedRaftLogWorker.java:close(245)) - omNode-1@group-523986131536-SegmentedRaftLogWorker close()
2024-03-04 13:07:47,875 [JvmPauseMonitor70] INFO  util.JvmPauseMonitor (JvmPauseMonitor.java:run(152)) - JvmPauseMonitor-omNode-1: Stopped
2024-03-04 13:07:47,875 [main] INFO  utils.BackgroundService (BackgroundService.java:shutdown(160)) - Shutting down service KeyDeletingService
2024-03-04 13:07:47,875 [main] INFO  utils.BackgroundService (BackgroundService.java:shutdown(160)) - Shutting down service DirectoryDeletingService
2024-03-04 13:07:47,876 [main] INFO  utils.BackgroundService (BackgroundService.java:shutdown(160)) - Shutting down service OpenKeyCleanupService
2024-03-04 13:07:47,876 [main] INFO  utils.BackgroundService (BackgroundService.java:shutdown(160)) - Shutting down service SstFilteringService
2024-03-04 13:07:47,876 [main] INFO  utils.BackgroundService (BackgroundService.java:shutdown(160)) - Shutting down service SnapshotDeletingService
2024-03-04 13:07:47,876 [main] INFO  utils.BackgroundService (BackgroundService.java:shutdown(160)) - Shutting down service MultipartUploadCleanupService
2024-03-04 13:07:47,876 [main] INFO  utils.BackgroundService (BackgroundService.java:shutdown(160)) - Shutting down service SnapshotDirectoryCleaningService
2024-03-04 13:07:47,877 [main] INFO  handler.ContextHandler (ContextHandler.java:doStop(1159)) - Stopped o.e.j.w.WebAppContext@7f6c6fe3{ozoneManager,/,null,STOPPED}{file:/home/runner/work/ozone/ozone/hadoop-ozone/integration-test/target/test-classes/webapps/ozoneManager}
2024-03-04 13:07:47,877 [main] INFO  server.AbstractConnector (AbstractConnector.java:doStop(383)) - Stopped ServerConnector@45431ba2{HTTP/1.1, (http/1.1)}{0.0.0.0:15263}
2024-03-04 13:07:47,878 [main] INFO  server.session (HouseKeeper.java:stopScavenging(149)) - node0 Stopped scavenging
2024-03-04 13:07:47,878 [main] INFO  handler.ContextHandler (ContextHandler.java:doStop(1159)) - Stopped o.e.j.s.ServletContextHandler@3f7941fb{static,/static,file:///home/runner/work/ozone/ozone/hadoop-ozone/integration-test/target/test-classes/webapps/static,STOPPED}
2024-03-04 13:07:47,878 [main] INFO  handler.ContextHandler (ContextHandler.java:doStop(1159)) - Stopped o.e.j.s.ServletContextHandler@379cb756{logs,/logs,file:///home/runner/work/ozone/ozone/hadoop-ozone/integration-test/target/log,STOPPED}
2024-03-04 13:07:47,879 [main] INFO  rocksdiff.RocksDBCheckpointDiffer (RocksDBCheckpointDiffer.java:close(310)) - Shutting down CompactionDagPruningService.
2024-03-04 13:07:47,880 [main] INFO  snapshot.SnapshotDiffManager (SnapshotDiffManager.java:closeExecutorService(1657)) - Shutting down executorService: 'SnapDiffExecutor'
2024-03-04 13:07:47,880 [main] INFO  utils.BackgroundService (BackgroundService.java:shutdown(160)) - Shutting down service SnapshotDiffCleanupService
2024-03-04 13:07:47,882 [main] INFO  om.OzoneManager (OzoneManager.java:stop(2204)) - omNode-2[localhost:15266]: Stopping Ozone Manager
2024-03-04 13:07:47,882 [main] INFO  ipc.Server (Server.java:stop(3523)) - Stopping server on 15266
2024-03-04 13:07:47,883 [IPC Server listener on 15266] INFO  ipc.Server (Server.java:run(1434)) - Stopping IPC Server listener on 15266
2024-03-04 13:07:47,884 [main] INFO  ratis.OzoneManagerRatisServer (OzoneManagerRatisServer.java:stop(594)) - Stopping org.apache.hadoop.ozone.om.ratis.OzoneManagerRatisServer@2730b7c6 at port 15269
2024-03-04 13:07:47,884 [IPC Server Responder] INFO  ipc.Server (Server.java:run(1567)) - Stopping IPC Server Responder
2024-03-04 13:07:47,885 [main] INFO  server.RaftServer (RaftServerProxy.java:lambda$close$9(416)) - omNode-2: close
2024-03-04 13:07:47,885 [main] INFO  server.GrpcService (GrpcService.java:closeImpl(311)) - omNode-2: shutdown server GrpcServerProtocolService now
2024-03-04 13:07:47,885 [omNode-2-impl-thread2] INFO  server.RaftServer$Division (RaftServerImpl.java:lambda$close$3(526)) - omNode-2@group-523986131536: shutdown
2024-03-04 13:07:47,885 [omNode-2-impl-thread2] INFO  util.JmxRegister (JmxRegister.java:unregister(73)) - Successfully un-registered JMX Bean with object name Ratis:service=RaftServer,group=group-523986131536,id=omNode-2
2024-03-04 13:07:47,885 [omNode-2-impl-thread2] INFO  impl.RoleInfo (RoleInfo.java:shutdownFollowerState(110)) - omNode-2: shutdown omNode-2@group-523986131536-FollowerState
2024-03-04 13:07:47,885 [omNode-2-impl-thread2] INFO  impl.StateMachineUpdater (StateMachineUpdater.java:stopAndJoin(157)) - omNode-2@group-523986131536-StateMachineUpdater: set stopIndex = 52
2024-03-04 13:07:47,885 [omNode-2@group-523986131536-FollowerState] INFO  impl.FollowerState (FollowerState.java:run(152)) - omNode-2@group-523986131536-FollowerState was interrupted
2024-03-04 13:07:47,887 [omNode-2@group-523986131536-StateMachineUpdater] INFO  ratis.OzoneManagerStateMachine (OzoneManagerStateMachine.java:takeSnapshotImpl(467)) -  applied = (t:1, i:51)
2024-03-04 13:07:47,887 [omNode-2@group-523986131536-StateMachineUpdater] INFO  ratis.OzoneManagerStateMachine (OzoneManagerStateMachine.java:takeSnapshotImpl(468)) -  skipped = 51
2024-03-04 13:07:47,887 [omNode-2@group-523986131536-StateMachineUpdater] INFO  ratis.OzoneManagerStateMachine (OzoneManagerStateMachine.java:takeSnapshotImpl(469)) - notified = (t:1, i:52)
2024-03-04 13:07:47,887 [omNode-2@group-523986131536-StateMachineUpdater] INFO  ratis.OzoneManagerStateMachine (OzoneManagerStateMachine.java:takeSnapshotImpl(470)) - snapshot = (t:1, i:52)
2024-03-04 13:07:47,887 [main] INFO  server.GrpcService (GrpcService.java:closeImpl(320)) - omNode-2: shutdown server GrpcServerProtocolService successfully
2024-03-04 13:07:47,891 [omNode-2@group-523986131536-StateMachineUpdater] INFO  impl.StateMachineUpdater (StateMachineUpdater.java:takeSnapshot(295)) - omNode-2@group-523986131536-StateMachineUpdater: Took a snapshot at index 52
2024-03-04 13:07:47,891 [omNode-2@group-523986131536-StateMachineUpdater] INFO  impl.StateMachineUpdater (StateMachineUpdater.java:lambda$new$0(98)) - omNode-2@group-523986131536-StateMachineUpdater: snapshotIndex: updateIncreasingly 50 -> 52
2024-03-04 13:07:47,891 [omNode-2@group-523986131536-StateMachineUpdater] INFO  ratis.OzoneManagerStateMachine (OzoneManagerStateMachine.java:close(513)) - Stopping OzoneManagerStateMachine:omNode-2:group-523986131536.
2024-03-04 13:07:47,891 [omNode-2@group-523986131536-StateMachineUpdater] INFO  ratis.OzoneManagerDoubleBuffer (OzoneManagerDoubleBuffer.java:stopDaemon(518)) - Stopping OMDoubleBuffer flush thread
2024-03-04 13:07:47,891 [omNode-2-OMDoubleBufferFlushThread] INFO  ratis.OzoneManagerDoubleBuffer (OzoneManagerDoubleBuffer.java:canFlush(582)) - OMDoubleBuffer flush thread omNode-2-OMDoubleBufferFlushThread is interrupted and will exit.
2024-03-04 13:07:47,892 [omNode-2-impl-thread2] INFO  server.RaftServer$Division (ServerState.java:close(427)) - omNode-2@group-523986131536: applyIndex: 51
2024-03-04 13:07:47,892 [omNode-2@group-523986131536-cacheEviction-AwaitToRun] INFO  util.AwaitToRun (AwaitToRun.java:run(49)) - omNode-2@group-523986131536-cacheEviction-AwaitToRun-AwaitForSignal is interrupted
2024-03-04 13:07:48,892 [omNode-2-impl-thread2] INFO  segmented.SegmentedRaftLogWorker (SegmentedRaftLogWorker.java:close(245)) - omNode-2@group-523986131536-SegmentedRaftLogWorker close()
2024-03-04 13:07:48,893 [JvmPauseMonitor71] INFO  util.JvmPauseMonitor (JvmPauseMonitor.java:run(152)) - JvmPauseMonitor-omNode-2: Stopped
2024-03-04 13:07:48,893 [main] INFO  utils.BackgroundService (BackgroundService.java:shutdown(160)) - Shutting down service KeyDeletingService
2024-03-04 13:07:48,893 [main] INFO  utils.BackgroundService (BackgroundService.java:shutdown(160)) - Shutting down service DirectoryDeletingService
2024-03-04 13:07:48,893 [main] INFO  utils.BackgroundService (BackgroundService.java:shutdown(160)) - Shutting down service OpenKeyCleanupService
2024-03-04 13:07:48,894 [main] INFO  utils.BackgroundService (BackgroundService.java:shutdown(160)) - Shutting down service SstFilteringService
2024-03-04 13:07:48,894 [main] INFO  utils.BackgroundService (BackgroundService.java:shutdown(160)) - Shutting down service SnapshotDeletingService
2024-03-04 13:07:48,894 [main] INFO  utils.BackgroundService (BackgroundService.java:shutdown(160)) - Shutting down service MultipartUploadCleanupService
2024-03-04 13:07:48,894 [main] INFO  utils.BackgroundService (BackgroundService.java:shutdown(160)) - Shutting down service SnapshotDirectoryCleaningService
2024-03-04 13:07:48,895 [main] INFO  handler.ContextHandler (ContextHandler.java:doStop(1159)) - Stopped o.e.j.w.WebAppContext@57a7a4af{ozoneManager,/,null,STOPPED}{file:/home/runner/work/ozone/ozone/hadoop-ozone/integration-test/target/test-classes/webapps/ozoneManager}
2024-03-04 13:07:48,895 [main] INFO  server.AbstractConnector (AbstractConnector.java:doStop(383)) - Stopped ServerConnector@47881e4d{HTTP/1.1, (http/1.1)}{0.0.0.0:15267}
2024-03-04 13:07:48,895 [main] INFO  server.session (HouseKeeper.java:stopScavenging(149)) - node0 Stopped scavenging
2024-03-04 13:07:48,895 [main] INFO  handler.ContextHandler (ContextHandler.java:doStop(1159)) - Stopped o.e.j.s.ServletContextHandler@306c7427{static,/static,file:///home/runner/work/ozone/ozone/hadoop-ozone/integration-test/target/test-classes/webapps/static,STOPPED}
2024-03-04 13:07:48,896 [main] INFO  handler.ContextHandler (ContextHandler.java:doStop(1159)) - Stopped o.e.j.s.ServletContextHandler@747132ca{logs,/logs,file:///home/runner/work/ozone/ozone/hadoop-ozone/integration-test/target/log,STOPPED}
2024-03-04 13:07:48,896 [main] INFO  rocksdiff.RocksDBCheckpointDiffer (RocksDBCheckpointDiffer.java:close(310)) - Shutting down CompactionDagPruningService.
2024-03-04 13:07:48,898 [main] INFO  snapshot.SnapshotDiffManager (SnapshotDiffManager.java:closeExecutorService(1657)) - Shutting down executorService: 'SnapDiffExecutor'
2024-03-04 13:07:48,898 [main] INFO  utils.BackgroundService (BackgroundService.java:shutdown(160)) - Shutting down service SnapshotDiffCleanupService
2024-03-04 13:07:48,899 [main] INFO  om.OzoneManager (OzoneManager.java:restart(1710)) - OzoneManager RPC server is listening at localhost/127.0.0.1:15270
2024-03-04 13:07:48,899 [main] INFO  impl.MetricsSystemImpl (MetricsSystemImpl.java:init(158)) - OzoneManager metrics system started (again)
2024-03-04 13:07:48,907 [main] WARN  server.ServerUtils (ServerUtils.java:getDBPath(299)) - ozone.om.db.dirs is not configured. We recommend adding this setting. Falling back to ozone.metadata.dirs instead.
2024-03-04 13:07:48,908 [main] INFO  helpers.OmKeyInfo (OmKeyInfo.java:getCodec(71)) - OmKeyInfo.getCodec ignorePipeline = true
2024-03-04 13:07:48,942 [main] INFO  om.OzoneManager (OzoneManager.java:instantiateServices(804)) - S3 Multi-Tenancy is disabled
2024-03-04 13:07:48,942 [main] INFO  om.OmSnapshotManager (OmSnapshotManager.java:<init>(177)) - Ozone filesystem snapshot feature is enabled.
2024-03-04 13:07:48,942 [main] WARN  server.ServerUtils (ServerUtils.java:getDBPath(299)) - ozone.om.snapshot.diff.db.dir is not configured. We recommend adding this setting. Falling back to ozone.metadata.dirs instead.
2024-03-04 13:07:48,950 [main] INFO  utils.NativeLibraryLoader (NativeLibraryLoader.java:loadLibrary(108)) - Loading Library: ozone_rocksdb_tools
2024-03-04 13:07:48,951 [main] ERROR snapshot.SnapshotDiffManager (SnapshotDiffManager.java:initNativeLibraryForEfficientDiff(287)) - Native Library for raw sst file reading loading failed.
org.apache.hadoop.hdds.utils.NativeLibraryNotLoadedException: Unable to load library ozone_rocksdb_tools from both java.library.path & resource file libozone_rocksdb_tools.so from jar.
	at org.apache.hadoop.hdds.utils.db.managed.ManagedRawSSTFileReader.loadLibrary(ManagedRawSSTFileReader.java:38)
	at org.apache.hadoop.ozone.om.snapshot.SnapshotDiffManager.initNativeLibraryForEfficientDiff(SnapshotDiffManager.java:285)
	at org.apache.hadoop.ozone.om.snapshot.SnapshotDiffManager.<init>(SnapshotDiffManager.java:259)
	at org.apache.hadoop.ozone.om.OmSnapshotManager.<init>(OmSnapshotManager.java:279)
	at org.apache.hadoop.ozone.om.OzoneManager.instantiateServices(OzoneManager.java:856)
	at org.apache.hadoop.ozone.om.OzoneManager.restart(OzoneManager.java:1715)
	at org.apache.hadoop.ozone.MiniOzoneHAClusterImpl.restartOzoneManager(MiniOzoneHAClusterImpl.java:211)
	at org.apache.hadoop.ozone.om.TestOzoneManagerPrepare.resetCluster(TestOzoneManagerPrepare.java:113)
	at sun.reflect.NativeMethodAccessorImpl.invoke0(Native Method)
	at sun.reflect.NativeMethodAccessorImpl.invoke(NativeMethodAccessorImpl.java:62)
	at sun.reflect.DelegatingMethodAccessorImpl.invoke(DelegatingMethodAccessorImpl.java:43)
	at java.lang.reflect.Method.invoke(Method.java:498)
	at org.junit.platform.commons.util.ReflectionUtils.invokeMethod(ReflectionUtils.java:728)
	at org.junit.jupiter.engine.execution.MethodInvocation.proceed(MethodInvocation.java:60)
	at org.junit.jupiter.engine.execution.InvocationInterceptorChain$ValidatingInvocation.proceed(InvocationInterceptorChain.java:131)
	at org.junit.jupiter.engine.extension.TimeoutExtension.intercept(TimeoutExtension.java:156)
	at org.junit.jupiter.engine.extension.TimeoutExtension.interceptLifecycleMethod(TimeoutExtension.java:128)
	at org.junit.jupiter.engine.extension.TimeoutExtension.interceptAfterEachMethod(TimeoutExtension.java:110)
	at org.junit.jupiter.engine.execution.InterceptingExecutableInvoker$ReflectiveInterceptorCall.lambda$ofVoidMethod$0(InterceptingExecutableInvoker.java:103)
	at org.junit.jupiter.engine.execution.InterceptingExecutableInvoker.lambda$invoke$0(InterceptingExecutableInvoker.java:93)
	at org.junit.jupiter.engine.execution.InvocationInterceptorChain$InterceptedInvocation.proceed(InvocationInterceptorChain.java:106)
	at org.junit.jupiter.engine.execution.InvocationInterceptorChain.proceed(InvocationInterceptorChain.java:64)
	at org.junit.jupiter.engine.execution.InvocationInterceptorChain.chainAndInvoke(InvocationInterceptorChain.java:45)
	at org.junit.jupiter.engine.execution.InvocationInterceptorChain.invoke(InvocationInterceptorChain.java:37)
	at org.junit.jupiter.engine.execution.InterceptingExecutableInvoker.invoke(InterceptingExecutableInvoker.java:92)
	at org.junit.jupiter.engine.execution.InterceptingExecutableInvoker.invoke(InterceptingExecutableInvoker.java:86)
	at org.junit.jupiter.engine.descriptor.ClassBasedTestDescriptor.invokeMethodInExtensionContext(ClassBasedTestDescriptor.java:521)
	at org.junit.jupiter.engine.descriptor.ClassBasedTestDescriptor.lambda$synthesizeAfterEachMethodAdapter$24(ClassBasedTestDescriptor.java:511)
	at org.junit.jupiter.engine.descriptor.TestMethodTestDescriptor.lambda$invokeAfterEachMethods$10(TestMethodTestDescriptor.java:244)
	at org.junit.jupiter.engine.descriptor.TestMethodTestDescriptor.lambda$invokeAllAfterMethodsOrCallbacks$13(TestMethodTestDescriptor.java:277)
	at org.junit.platform.engine.support.hierarchical.ThrowableCollector.execute(ThrowableCollector.java:73)
	at org.junit.jupiter.engine.descriptor.TestMethodTestDescriptor.lambda$invokeAllAfterMethodsOrCallbacks$14(TestMethodTestDescriptor.java:277)
	at org.junit.platform.commons.util.CollectionUtils.forEachInReverseOrder(CollectionUtils.java:217)
	at org.junit.jupiter.engine.descriptor.TestMethodTestDescriptor.invokeAllAfterMethodsOrCallbacks(TestMethodTestDescriptor.java:276)
	at org.junit.jupiter.engine.descriptor.TestMethodTestDescriptor.invokeAfterEachMethods(TestMethodTestDescriptor.java:242)
	at org.junit.jupiter.engine.descriptor.TestMethodTestDescriptor.execute(TestMethodTestDescriptor.java:143)
	at org.junit.jupiter.engine.descriptor.TestMethodTestDescriptor.execute(TestMethodTestDescriptor.java:69)
	at org.junit.platform.engine.support.hierarchical.NodeTestTask.lambda$executeRecursively$6(NodeTestTask.java:151)
	at org.junit.platform.engine.support.hierarchical.ThrowableCollector.execute(ThrowableCollector.java:73)
	at org.junit.platform.engine.support.hierarchical.NodeTestTask.lambda$executeRecursively$8(NodeTestTask.java:141)
	at org.junit.platform.engine.support.hierarchical.Node.around(Node.java:137)
	at org.junit.platform.engine.support.hierarchical.NodeTestTask.lambda$executeRecursively$9(NodeTestTask.java:139)
	at org.junit.platform.engine.support.hierarchical.ThrowableCollector.execute(ThrowableCollector.java:73)
	at org.junit.platform.engine.support.hierarchical.NodeTestTask.executeRecursively(NodeTestTask.java:138)
	at org.junit.platform.engine.support.hierarchical.NodeTestTask.execute(NodeTestTask.java:95)
	at java.util.ArrayList.forEach(ArrayList.java:1259)
	at org.junit.platform.engine.support.hierarchical.SameThreadHierarchicalTestExecutorService.invokeAll(SameThreadHierarchicalTestExecutorService.java:41)
	at org.junit.platform.engine.support.hierarchical.NodeTestTask.lambda$executeRecursively$6(NodeTestTask.java:155)
	at org.junit.platform.engine.support.hierarchical.ThrowableCollector.execute(ThrowableCollector.java:73)
	at org.junit.platform.engine.support.hierarchical.NodeTestTask.lambda$executeRecursively$8(NodeTestTask.java:141)
	at org.junit.platform.engine.support.hierarchical.Node.around(Node.java:137)
	at org.junit.platform.engine.support.hierarchical.NodeTestTask.lambda$executeRecursively$9(NodeTestTask.java:139)
	at org.junit.platform.engine.support.hierarchical.ThrowableCollector.execute(ThrowableCollector.java:73)
	at org.junit.platform.engine.support.hierarchical.NodeTestTask.executeRecursively(NodeTestTask.java:138)
	at org.junit.platform.engine.support.hierarchical.NodeTestTask.execute(NodeTestTask.java:95)
	at java.util.ArrayList.forEach(ArrayList.java:1259)
	at org.junit.platform.engine.support.hierarchical.SameThreadHierarchicalTestExecutorService.invokeAll(SameThreadHierarchicalTestExecutorService.java:41)
	at org.junit.platform.engine.support.hierarchical.NodeTestTask.lambda$executeRecursively$6(NodeTestTask.java:155)
	at org.junit.platform.engine.support.hierarchical.ThrowableCollector.execute(ThrowableCollector.java:73)
	at org.junit.platform.engine.support.hierarchical.NodeTestTask.lambda$executeRecursively$8(NodeTestTask.java:141)
	at org.junit.platform.engine.support.hierarchical.Node.around(Node.java:137)
	at org.junit.platform.engine.support.hierarchical.NodeTestTask.lambda$executeRecursively$9(NodeTestTask.java:139)
	at org.junit.platform.engine.support.hierarchical.ThrowableCollector.execute(ThrowableCollector.java:73)
	at org.junit.platform.engine.support.hierarchical.NodeTestTask.executeRecursively(NodeTestTask.java:138)
	at org.junit.platform.engine.support.hierarchical.NodeTestTask.execute(NodeTestTask.java:95)
	at org.junit.platform.engine.support.hierarchical.SameThreadHierarchicalTestExecutorService.submit(SameThreadHierarchicalTestExecutorService.java:35)
	at org.junit.platform.engine.support.hierarchical.HierarchicalTestExecutor.execute(HierarchicalTestExecutor.java:57)
	at org.junit.platform.engine.support.hierarchical.HierarchicalTestEngine.execute(HierarchicalTestEngine.java:54)
	at org.junit.platform.launcher.core.EngineExecutionOrchestrator.execute(EngineExecutionOrchestrator.java:198)
	at org.junit.platform.launcher.core.EngineExecutionOrchestrator.execute(EngineExecutionOrchestrator.java:169)
	at org.junit.platform.launcher.core.EngineExecutionOrchestrator.execute(EngineExecutionOrchestrator.java:93)
	at org.junit.platform.launcher.core.EngineExecutionOrchestrator.lambda$execute$0(EngineExecutionOrchestrator.java:58)
	at org.junit.platform.launcher.core.EngineExecutionOrchestrator.withInterceptedStreams(EngineExecutionOrchestrator.java:141)
	at org.junit.platform.launcher.core.EngineExecutionOrchestrator.execute(EngineExecutionOrchestrator.java:57)
	at org.junit.platform.launcher.core.DefaultLauncher.execute(DefaultLauncher.java:103)
	at org.junit.platform.launcher.core.DefaultLauncher.execute(DefaultLauncher.java:85)
	at org.junit.platform.launcher.core.DelegatingLauncher.execute(DelegatingLauncher.java:47)
	at org.junit.platform.launcher.core.SessionPerRequestLauncher.execute(SessionPerRequestLauncher.java:63)
	at org.apache.maven.surefire.junitplatform.JUnitPlatformProvider.invokeAllTests(JUnitPlatformProvider.java:165)
	at org.apache.maven.surefire.junitplatform.JUnitPlatformProvider.invoke(JUnitPlatformProvider.java:124)
	at org.apache.maven.surefire.booter.ForkedBooter.runSuitesInProcess(ForkedBooter.java:428)
	at org.apache.maven.surefire.booter.ForkedBooter.execute(ForkedBooter.java:162)
	at org.apache.maven.surefire.booter.ForkedBooter.run(ForkedBooter.java:562)
	at org.apache.maven.surefire.booter.ForkedBooter.main(ForkedBooter.java:548)
2024-03-04 13:07:48,952 [main] WARN  om.OzoneManager (OzoneManager.java:instantiatePrepareStateOnStartup(4511)) - Prepare marker file index 52 does not match DB prepare index 51. Writing DB index to prepare file and maintaining prepared state.
2024-03-04 13:07:48,952 [main] INFO  om.OzoneManagerPrepareState (OzoneManagerPrepareState.java:writePrepareMarkerFile(262)) - Prepare marker file written with log index 51 to file /home/runner/work/ozone/ozone/hadoop-ozone/integration-test/target/test-dir/MiniOzoneClusterImpl-6b98b79e-1748-4853-9fc9-d757899c3dd5/omNode-3/current/prepareMarker
2024-03-04 13:07:48,955 [main] WARN  server.ServerUtils (ServerUtils.java:getDefaultRatisDirectory(311)) - Storage directory for Ratis is not configured. It is a good idea to map this to an SSD disk. Falling back to ozone.metadata.dirs
2024-03-04 13:07:48,955 [main] INFO  ratis.OzoneManagerRatisServer (OzoneManagerRatisServer.java:<init>(167)) - Instantiating OM Ratis server with groupID: om-service-test1 and peers: localhost:15273, localhost:15265, localhost:15269
2024-03-04 13:07:48,955 [main] INFO  ratis.OzoneManagerStateMachine (OzoneManagerStateMachine.java:loadSnapshotInfoFromDB(573)) - LastAppliedIndex is set from TransactionInfo from OM DB as (t:1, i:52)
2024-03-04 13:07:48,956 [main] INFO  server.RaftServer (ConfUtils.java:logGet(46)) - raft.rpc.type = GRPC (default)
2024-03-04 13:07:48,956 [main] INFO  grpc.GrpcConfigKeys (ConfUtils.java:logFallback(53)) - raft.grpc.admin.host = null (fallback to raft.grpc.server.host)
2024-03-04 13:07:48,956 [main] INFO  grpc.GrpcConfigKeys (ConfUtils.java:logFallback(53)) - raft.grpc.admin.port = 15273 (fallback to raft.grpc.server.port)
2024-03-04 13:07:48,956 [main] INFO  grpc.GrpcConfigKeys (ConfUtils.java:logFallback(53)) - raft.grpc.client.host = null (fallback to raft.grpc.server.host)
2024-03-04 13:07:48,956 [main] INFO  grpc.GrpcConfigKeys (ConfUtils.java:logFallback(53)) - raft.grpc.client.port = 15273 (fallback to raft.grpc.server.port)
2024-03-04 13:07:48,957 [main] INFO  grpc.GrpcConfigKeys (ConfUtils.java:logGet(46)) - raft.grpc.server.host = null (default)
2024-03-04 13:07:48,957 [main] INFO  grpc.GrpcConfigKeys (ConfUtils.java:logGet(46)) - raft.grpc.server.port = 15273 (custom)
2024-03-04 13:07:48,957 [main] INFO  server.GrpcService (ConfUtils.java:logGet(46)) - raft.grpc.message.size.max = 4194304 (custom)
2024-03-04 13:07:48,957 [main] INFO  server.RaftServerConfigKeys (ConfUtils.java:logGet(46)) - raft.server.log.appender.buffer.byte-limit = 4194304 (custom)
2024-03-04 13:07:48,957 [main] INFO  server.GrpcService (ConfUtils.java:logGet(46)) - raft.grpc.flow.control.window = 1MB (=1048576) (default)
2024-03-04 13:07:48,957 [main] INFO  server.RaftServerConfigKeys (ConfUtils.java:logGet(46)) - raft.server.rpc.request.timeout = 3000ms (default)
2024-03-04 13:07:48,957 [main] INFO  grpc.GrpcConfigKeys (ConfUtils.java:logGet(46)) - raft.grpc.server.heartbeat.channel = true (default)
2024-03-04 13:07:48,958 [main] INFO  grpc.GrpcConfigKeys (ConfUtils.java:logGet(46)) - raft.grpc.server.async.request.thread.pool.cached = true (default)
2024-03-04 13:07:48,958 [main] INFO  grpc.GrpcConfigKeys (ConfUtils.java:logGet(46)) - raft.grpc.server.async.request.thread.pool.size = 32 (default)
2024-03-04 13:07:48,959 [main] INFO  impl.DataStreamServerImpl (ConfUtils.java:logGet(46)) - raft.datastream.type = DISABLED (default)
2024-03-04 13:07:48,959 [main] INFO  server.RaftServerConfigKeys (ConfUtils.java:logGet(46)) - raft.server.sleep.deviation.threshold = 300ms (default)
2024-03-04 13:07:48,959 [main] INFO  server.RaftServerConfigKeys (ConfUtils.java:logGet(46)) - raft.server.close.threshold = 60s (default)
2024-03-04 13:07:48,959 [main] INFO  server.RaftServerConfigKeys (ConfUtils.java:logGet(46)) - raft.server.leaderelection.leader.step-down.wait-time = 10s (default)
2024-03-04 13:07:48,959 [main] INFO  server.RaftServerConfigKeys (ConfUtils.java:logGet(46)) - raft.server.storage.dir = [/home/runner/work/ozone/ozone/hadoop-ozone/integration-test/target/test-dir/MiniOzoneClusterImpl-6b98b79e-1748-4853-9fc9-d757899c3dd5/omNode-3/ratis] (custom)
2024-03-04 13:07:48,959 [main] INFO  server.RaftServerConfigKeys (ConfUtils.java:logGet(46)) - raft.server.threadpool.proxy.cached = true (default)
2024-03-04 13:07:48,959 [main] INFO  server.RaftServerConfigKeys (ConfUtils.java:logGet(46)) - raft.server.threadpool.proxy.size = 0 (default)
2024-03-04 13:07:48,960 [omNode-3-impl-thread1] INFO  server.RaftServer (RaftServerProxy.java:initGroupDir(264)) - omNode-3: found a subdirectory /home/runner/work/ozone/ozone/hadoop-ozone/integration-test/target/test-dir/MiniOzoneClusterImpl-6b98b79e-1748-4853-9fc9-d757899c3dd5/omNode-3/ratis/c9bc4cf4-3bc3-3c60-a66b-523986131536
2024-03-04 13:07:48,960 [main] INFO  server.RaftServer (RaftServerProxy.java:addNew(100)) - omNode-3: addNew group-523986131536:[omNode-3|localhost:15273, omNode-1|localhost:15265, omNode-2|localhost:15269] returns group-523986131536:java.util.concurrent.CompletableFuture@53952e01[Not completed]
2024-03-04 13:07:48,960 [omNode-3-groupManagement] INFO  server.RaftServer$Division (RaftServerImpl.java:<init>(256)) - omNode-3: new RaftServerImpl for group-523986131536:[omNode-3|localhost:15273, omNode-1|localhost:15265, omNode-2|localhost:15269] with OzoneManagerStateMachine:uninitialized
2024-03-04 13:07:48,960 [main] INFO  om.OzoneManager (OzoneManager.java:initializeRatisServer(2140)) - OzoneManager Ratis server initialized at port 15273
2024-03-04 13:07:48,960 [omNode-3-groupManagement] INFO  server.RaftServerConfigKeys (ConfUtils.java:logGet(46)) - raft.server.rpc.timeout.min = 1s (custom)
2024-03-04 13:07:48,960 [main] INFO  ratis.OzoneManagerRatisServer (OzoneManagerRatisServer.java:start(588)) - Starting OzoneManagerRatisServer omNode-3 at port 15273
2024-03-04 13:07:48,960 [omNode-3-groupManagement] INFO  server.RaftServerConfigKeys (ConfUtils.java:logGet(46)) - raft.server.rpc.timeout.max = 1200ms (custom)
2024-03-04 13:07:48,961 [omNode-3-groupManagement] INFO  server.RaftServerConfigKeys (ConfUtils.java:logGet(46)) - raft.server.rpc.sleep.time = 25ms (default)
2024-03-04 13:07:48,961 [omNode-3-groupManagement] INFO  server.RaftServerConfigKeys (ConfUtils.java:logGet(46)) - raft.server.rpc.slowness.timeout = 2s (custom)
2024-03-04 13:07:48,961 [omNode-3-groupManagement] INFO  server.RaftServerConfigKeys (ConfUtils.java:logGet(46)) - raft.server.leaderelection.leader.step-down.wait-time = 10s (default)
2024-03-04 13:07:48,961 [omNode-3-groupManagement] INFO  server.RaftServerConfigKeys (ConfUtils.java:logGet(46)) - raft.server.leaderelection.member.majority-add = false (default)
2024-03-04 13:07:48,961 [omNode-3-groupManagement] INFO  server.RaftServerConfigKeys (ConfUtils.java:logGet(46)) - raft.server.sleep.deviation.threshold = 300ms (default)
2024-03-04 13:07:48,961 [omNode-3-groupManagement] INFO  server.RaftServer$Division (ServerState.java:<init>(113)) - omNode-3@group-523986131536: ConfigurationManager, init=-1: peers:[omNode-3|localhost:15273, omNode-1|localhost:15265, omNode-2|localhost:15269]|listeners:[], old=null, confs=<EMPTY_MAP>
2024-03-04 13:07:48,961 [omNode-3-groupManagement] INFO  server.RaftServerConfigKeys (ConfUtils.java:logGet(46)) - raft.server.notification.no-leader.timeout = 2s (custom)
2024-03-04 13:07:48,961 [omNode-3-groupManagement] INFO  server.RaftServerConfigKeys (ConfUtils.java:logGet(46)) - raft.server.read.timeout = 10s (default)
2024-03-04 13:07:48,961 [omNode-3-groupManagement] INFO  server.RaftServerConfigKeys (ConfUtils.java:logGet(46)) - raft.server.retrycache.expirytime = 30000ms (custom)
2024-03-04 13:07:48,961 [omNode-3-groupManagement] INFO  server.RaftServerConfigKeys (ConfUtils.java:logGet(46)) - raft.server.retrycache.statistics.expirytime = 100ms (default)
2024-03-04 13:07:48,961 [omNode-3-groupManagement] INFO  server.RaftServerConfigKeys (ConfUtils.java:logGet(46)) - raft.server.read.option = DEFAULT (default)
2024-03-04 13:07:48,961 [omNode-3-groupManagement] INFO  server.RaftServerConfigKeys (ConfUtils.java:logGet(46)) - raft.server.read.read-after-write-consistent.write-index-cache.expiry-time = 60s (default)
2024-03-04 13:07:48,962 [omNode-3-groupManagement] INFO  server.RaftServerConfigKeys (ConfUtils.java:logGet(46)) - raft.server.rpc.request.timeout = 3000ms (default)
2024-03-04 13:07:48,962 [omNode-3-groupManagement] INFO  server.RaftServerConfigKeys (ConfUtils.java:logGet(46)) - raft.server.log.appender.install.snapshot.enabled = false (custom)
2024-03-04 13:07:48,962 [omNode-3-groupManagement] INFO  server.RaftServerConfigKeys (ConfUtils.java:logGet(46)) - raft.server.threadpool.server.cached = true (default)
2024-03-04 13:07:48,962 [omNode-3-groupManagement] INFO  server.RaftServerConfigKeys (ConfUtils.java:logGet(46)) - raft.server.threadpool.server.size = 0 (default)
2024-03-04 13:07:48,962 [omNode-3-groupManagement] INFO  server.RaftServerConfigKeys (ConfUtils.java:logGet(46)) - raft.server.threadpool.client.cached = true (default)
2024-03-04 13:07:48,962 [omNode-3-groupManagement] INFO  server.RaftServerConfigKeys (ConfUtils.java:logGet(46)) - raft.server.threadpool.client.size = 0 (default)
2024-03-04 13:07:48,962 [omNode-3-impl-thread1] INFO  server.RaftServerConfigKeys (ConfUtils.java:logGet(46)) - raft.server.storage.free-space.min = 0MB (=0) (default)
2024-03-04 13:07:48,962 [omNode-3-impl-thread1] INFO  server.RaftServerConfigKeys (ConfUtils.java:logGet(46)) - raft.server.log.corruption.policy = EXCEPTION (default)
2024-03-04 13:07:48,962 [omNode-3-impl-thread1] INFO  server.RaftServerConfigKeys (ConfUtils.java:logGet(46)) - raft.server.storage.dir = [/home/runner/work/ozone/ozone/hadoop-ozone/integration-test/target/test-dir/MiniOzoneClusterImpl-6b98b79e-1748-4853-9fc9-d757899c3dd5/omNode-3/ratis] (custom)
2024-03-04 13:07:48,963 [omNode-3-impl-thread1] INFO  storage.RaftStorageDirectory (RaftStorageDirectoryImpl.java:tryLock(228)) - Lock on /home/runner/work/ozone/ozone/hadoop-ozone/integration-test/target/test-dir/MiniOzoneClusterImpl-6b98b79e-1748-4853-9fc9-d757899c3dd5/omNode-3/ratis/c9bc4cf4-3bc3-3c60-a66b-523986131536/in_use.lock acquired by nodename 41993@fv-az571-795
2024-03-04 13:07:48,963 [omNode-3-impl-thread1] INFO  storage.RaftStorage (RaftStorageImpl.java:analyzeAndRecoverStorage(119)) - Read RaftStorageMetadata{term=1, votedFor=omNode-1} from /home/runner/work/ozone/ozone/hadoop-ozone/integration-test/target/test-dir/MiniOzoneClusterImpl-6b98b79e-1748-4853-9fc9-d757899c3dd5/omNode-3/ratis/c9bc4cf4-3bc3-3c60-a66b-523986131536/current/raft-meta
2024-03-04 13:07:48,964 [omNode-3-impl-thread1] INFO  server.RaftServer$Division (ServerState.java:setRaftConf(386)) - omNode-3@group-523986131536: set configuration 0: peers:[omNode-3|localhost:15273, omNode-1|localhost:15265, omNode-2|localhost:15269]|listeners:[], old=null
2024-03-04 13:07:48,964 [omNode-3-impl-thread1] INFO  server.RaftServerConfigKeys (ConfUtils.java:logGet(46)) - raft.server.log.use.memory = false (default)
2024-03-04 13:07:48,964 [omNode-3-impl-thread1] INFO  server.RaftServerConfigKeys (ConfUtils.java:logGet(46)) - raft.server.log.purge.gap = 50 (custom)
2024-03-04 13:07:48,964 [omNode-3-impl-thread1] INFO  server.RaftServerConfigKeys (ConfUtils.java:logGet(46)) - raft.server.log.appender.buffer.byte-limit = 4194304 (custom)
2024-03-04 13:07:48,964 [omNode-3-impl-thread1] INFO  server.RaftServerConfigKeys (ConfUtils.java:logGet(46)) - raft.server.log.statemachine.data.read.timeout = 1000ms (default)
2024-03-04 13:07:48,964 [omNode-3-impl-thread1] INFO  server.RaftServerConfigKeys (ConfUtils.java:logGet(46)) - raft.server.log.purge.preservation.log.num = 0 (default)
2024-03-04 13:07:48,965 [omNode-3-impl-thread1] INFO  server.RaftServerConfigKeys (ConfUtils.java:logGet(46)) - raft.server.log.segment.size.max = 4194304 (custom)
2024-03-04 13:07:48,965 [omNode-3-impl-thread1] INFO  server.RaftServerConfigKeys (ConfUtils.java:logGet(46)) - raft.server.log.segment.cache.num.max = 2 (custom)
2024-03-04 13:07:48,965 [omNode-3-impl-thread1] INFO  server.RaftServerConfigKeys (ConfUtils.java:logGet(46)) - raft.server.log.segment.cache.size.max = 200MB (=209715200) (default)
2024-03-04 13:07:48,965 [omNode-3-impl-thread1] INFO  server.RaftServerConfigKeys (ConfUtils.java:logGet(46)) - raft.server.log.appender.buffer.byte-limit = 4194304 (custom)
2024-03-04 13:07:48,965 [omNode-3-impl-thread1] INFO  util.AwaitToRun (AwaitToRun.java:start(81)) - Thread[omNode-3@group-523986131536-cacheEviction-AwaitToRun,5,main] started
2024-03-04 13:07:48,965 [omNode-3-impl-thread1] INFO  segmented.SegmentedRaftLogWorker (SegmentedRaftLogWorker.java:<init>(182)) - new omNode-3@group-523986131536-SegmentedRaftLogWorker for RaftStorageImpl:Storage Directory /home/runner/work/ozone/ozone/hadoop-ozone/integration-test/target/test-dir/MiniOzoneClusterImpl-6b98b79e-1748-4853-9fc9-d757899c3dd5/omNode-3/ratis/c9bc4cf4-3bc3-3c60-a66b-523986131536
2024-03-04 13:07:48,965 [omNode-3-impl-thread1] INFO  server.RaftServerConfigKeys (ConfUtils.java:logGet(46)) - raft.server.log.queue.byte-limit = 64MB (=67108864) (default)
2024-03-04 13:07:48,965 [omNode-3-impl-thread1] INFO  server.RaftServerConfigKeys (ConfUtils.java:logGet(46)) - raft.server.log.queue.element-limit = 4096 (default)
2024-03-04 13:07:48,965 [omNode-3-impl-thread1] INFO  server.RaftServerConfigKeys (ConfUtils.java:logGet(46)) - raft.server.log.segment.size.max = 4194304 (custom)
2024-03-04 13:07:48,966 [omNode-3-impl-thread1] INFO  server.RaftServerConfigKeys (ConfUtils.java:logGet(46)) - raft.server.log.preallocated.size = 4194304 (custom)
2024-03-04 13:07:48,966 [omNode-3-impl-thread1] INFO  server.RaftServerConfigKeys (ConfUtils.java:logGet(46)) - raft.server.log.force.sync.num = 128 (default)
2024-03-04 13:07:48,966 [omNode-3-impl-thread1] INFO  server.RaftServerConfigKeys (ConfUtils.java:logGet(46)) - raft.server.log.statemachine.data.sync = true (default)
2024-03-04 13:07:48,966 [omNode-3-impl-thread1] INFO  server.RaftServerConfigKeys (ConfUtils.java:logGet(46)) - raft.server.log.statemachine.data.sync.timeout = 10s (default)
2024-03-04 13:07:48,966 [omNode-3-impl-thread1] INFO  server.RaftServerConfigKeys (ConfUtils.java:logGet(46)) - raft.server.log.statemachine.data.sync.timeout.retry = -1 (default)
2024-03-04 13:07:48,966 [omNode-3-impl-thread1] INFO  server.RaftServerConfigKeys (ConfUtils.java:logGet(46)) - raft.server.log.write.buffer.size = 4194312 (custom)
2024-03-04 13:07:48,966 [omNode-3-impl-thread1] INFO  server.RaftServerConfigKeys (ConfUtils.java:logGet(46)) - raft.server.log.appender.buffer.byte-limit = 4194304 (custom)
2024-03-04 13:07:48,966 [omNode-3-impl-thread1] INFO  server.RaftServerConfigKeys (ConfUtils.java:logGet(46)) - raft.server.log.unsafe-flush.enabled = false (default)
2024-03-04 13:07:48,966 [omNode-3-impl-thread1] INFO  server.RaftServerConfigKeys (ConfUtils.java:logGet(46)) - raft.server.log.async-flush.enabled = false (default)
2024-03-04 13:07:48,966 [omNode-3-impl-thread1] INFO  server.RaftServerConfigKeys (ConfUtils.java:logGet(46)) - raft.server.log.statemachine.data.caching.enabled = false (default)
2024-03-04 13:07:48,967 [omNode-3-impl-thread1] INFO  segmented.SegmentedRaftLogWorker (SegmentedRaftLogWorker.java:lambda$new$0(134)) - omNode-3@group-523986131536-SegmentedRaftLogWorker: flushIndex: setUnconditionally 0 -> 52
2024-03-04 13:07:48,967 [omNode-3-impl-thread1] INFO  segmented.SegmentedRaftLogWorker (SegmentedRaftLogWorker.java:lambda$new$0(134)) - omNode-3@group-523986131536-SegmentedRaftLogWorker: safeCacheEvictIndex: setUnconditionally 0 -> -1
2024-03-04 13:07:48,967 [omNode-3-impl-thread1] INFO  server.RaftServer$Division (RaftServerImpl.java:start(396)) - omNode-3@group-523986131536: start as a follower, conf=0: peers:[omNode-3|localhost:15273, omNode-1|localhost:15265, omNode-2|localhost:15269]|listeners:[], old=null
2024-03-04 13:07:48,967 [omNode-3-impl-thread1] INFO  server.RaftServer$Division (RaftServerImpl.java:setRole(383)) - omNode-3@group-523986131536: changes role from      null to FOLLOWER at term 1 for startAsFollower
2024-03-04 13:07:48,967 [omNode-3-impl-thread1] INFO  impl.RoleInfo (RoleInfo.java:updateAndGet(139)) - omNode-3: start omNode-3@group-523986131536-FollowerState
2024-03-04 13:07:48,967 [omNode-3-impl-thread1] INFO  util.JmxRegister (JmxRegister.java:tryRegister(44)) - Successfully registered JMX Bean with object name Ratis:service=RaftServer,group=group-523986131536,id=omNode-3
2024-03-04 13:07:48,967 [omNode-3@group-523986131536-FollowerState] INFO  server.RaftServerConfigKeys (ConfUtils.java:logFallback(53)) - raft.server.rpc.first-election.timeout.min = 1s (fallback to raft.server.rpc.timeout.min)
2024-03-04 13:07:48,967 [omNode-3-impl-thread1] INFO  server.RaftServerConfigKeys (ConfUtils.java:logGet(46)) - raft.server.snapshot.trigger-when-stop.enabled = true (default)
2024-03-04 13:07:48,967 [omNode-3@group-523986131536-FollowerState] INFO  server.RaftServerConfigKeys (ConfUtils.java:logFallback(53)) - raft.server.rpc.first-election.timeout.max = 1200ms (fallback to raft.server.rpc.timeout.max)
2024-03-04 13:07:48,967 [omNode-3-impl-thread1] INFO  server.RaftServerConfigKeys (ConfUtils.java:logGet(46)) - raft.server.snapshot.auto.trigger.enabled = true (custom)
2024-03-04 13:07:48,967 [omNode-3-impl-thread1] INFO  server.RaftServerConfigKeys (ConfUtils.java:logGet(46)) - raft.server.snapshot.auto.trigger.threshold = 50 (custom)
2024-03-04 13:07:48,967 [omNode-3-impl-thread1] INFO  server.RaftServerConfigKeys (ConfUtils.java:logGet(46)) - raft.server.snapshot.retention.file.num = -1 (default)
2024-03-04 13:07:48,968 [omNode-3-impl-thread1] INFO  server.RaftServerConfigKeys (ConfUtils.java:logGet(46)) - raft.server.log.purge.upto.snapshot.index = true (custom)
2024-03-04 13:07:48,968 [main] INFO  server.RaftServer (RaftServerProxy.java:startImpl(406)) - omNode-3: start RPC server
2024-03-04 13:07:48,969 [main] INFO  server.GrpcService (GrpcService.java:startImpl(302)) - omNode-3: GrpcService started, listening on 15273
2024-03-04 13:07:48,969 [main] INFO  om.OzoneManager (OzoneManager.java:getRpcServer(1206)) - Creating RPC Server
2024-03-04 13:07:48,969 [JvmPauseMonitor76] INFO  util.JvmPauseMonitor (JvmPauseMonitor.java:run(146)) - JvmPauseMonitor-omNode-3: Started
2024-03-04 13:07:49,147 [main] INFO  ipc.CallQueueManager (CallQueueManager.java:<init>(90)) - Using callQueue: class java.util.concurrent.LinkedBlockingQueue, queueCapacity: 2000, scheduler: class org.apache.hadoop.ipc.DefaultRpcScheduler, ipcBackoff: false.
2024-03-04 13:07:49,148 [main] INFO  ipc.Server (Server.java:<init>(1287)) - Listener at localhost:15270
2024-03-04 13:07:49,148 [Socket Reader #1 for port 15270] INFO  ipc.Server (Server.java:run(1323)) - Starting Socket Reader #1 for port 15270
2024-03-04 13:07:49,150 [main] INFO  http.BaseHttpServer (BaseHttpServer.java:newHttpServer2BuilderForOzone(223)) - Starting Web-server for ozoneManager at: http://0.0.0.0:15271
2024-03-04 13:07:49,150 [main] INFO  http.BaseHttpServer (BaseHttpServer.java:<init>(110)) - Hadoop Security Enabled: false Ozone Security Enabled: false Ozone HTTP Security Enabled: false 
2024-03-04 13:07:49,151 [main] WARN  server.AuthenticationFilter (AuthenticationFilter.java:constructSecretProvider(240)) - Unable to initialize FileSignerSecretProvider, falling back to use random secrets. Reason: Could not read signature secret file: /home/runner/hadoop-http-auth-signature-secret
2024-03-04 13:07:49,151 [main] INFO  http.HttpRequestLog (HttpRequestLog.java:getRequestLog(86)) - Http request log for http.requests.ozoneManager is not defined
2024-03-04 13:07:49,152 [main] INFO  http.HttpServer2 (HttpServer2.java:addGlobalFilter(1036)) - Added global filter 'safety' (class=org.apache.hadoop.hdds.server.http.HttpServer2$QuotingInputFilter)
2024-03-04 13:07:49,153 [main] INFO  http.HttpServer2 (HttpServer2.java:addFilter(1012)) - Added filter static_user_filter (class=org.apache.hadoop.http.lib.StaticUserWebFilter$StaticUserFilter) to context ozoneManager
2024-03-04 13:07:49,153 [main] INFO  http.HttpServer2 (HttpServer2.java:addFilter(1020)) - Added filter static_user_filter (class=org.apache.hadoop.http.lib.StaticUserWebFilter$StaticUserFilter) to context static
2024-03-04 13:07:49,153 [main] INFO  http.HttpServer2 (HttpServer2.java:addFilter(1020)) - Added filter static_user_filter (class=org.apache.hadoop.http.lib.StaticUserWebFilter$StaticUserFilter) to context logs
2024-03-04 13:07:49,153 [main] INFO  http.BaseHttpServer (BaseHttpServer.java:<init>(189)) - HTTP server of ozoneManager uses base directory /home/runner/work/ozone/ozone/hadoop-ozone/integration-test/target/test-dir/MiniOzoneClusterImpl-6b98b79e-1748-4853-9fc9-d757899c3dd5/omNode-3/webserver
2024-03-04 13:07:49,153 [main] INFO  http.HttpServer2 (HttpServer2.java:bindListener(1236)) - Jetty bound to port 15271
2024-03-04 13:07:49,154 [main] INFO  server.Server (Server.java:doStart(375)) - jetty-9.4.53.v20231009; built: 2023-10-09T12:29:09.265Z; git: 27bde00a0b95a1d5bbee0eae7984f891d2d0f8c9; jvm 1.8.0_402-b06
2024-03-04 13:07:49,154 [main] INFO  server.session (DefaultSessionIdManager.java:doStart(334)) - DefaultSessionIdManager workerName=node0
2024-03-04 13:07:49,154 [main] INFO  server.session (DefaultSessionIdManager.java:doStart(339)) - No SessionScavenger set, using defaults
2024-03-04 13:07:49,155 [main] INFO  server.session (HouseKeeper.java:startScavenging(132)) - node0 Scavenging every 600000ms
2024-03-04 13:07:49,155 [main] INFO  handler.ContextHandler (ContextHandler.java:doStart(921)) - Started o.e.j.s.ServletContextHandler@725f69c8{logs,/logs,file:///home/runner/work/ozone/ozone/hadoop-ozone/integration-test/target/log,AVAILABLE}
2024-03-04 13:07:49,156 [main] INFO  handler.ContextHandler (ContextHandler.java:doStart(921)) - Started o.e.j.s.ServletContextHandler@29e251a1{static,/static,file:///home/runner/work/ozone/ozone/hadoop-ozone/integration-test/target/test-classes/webapps/static,AVAILABLE}
2024-03-04 13:07:49,158 [main] INFO  handler.ContextHandler (ContextHandler.java:doStart(921)) - Started o.e.j.w.WebAppContext@7abbc7b8{ozoneManager,/,file:///home/runner/work/ozone/ozone/hadoop-ozone/integration-test/target/test-classes/webapps/ozoneManager/,AVAILABLE}{file:/home/runner/work/ozone/ozone/hadoop-ozone/integration-test/target/test-classes/webapps/ozoneManager}
2024-03-04 13:07:49,158 [main] INFO  server.AbstractConnector (AbstractConnector.java:doStart(333)) - Started ServerConnector@1db4798e{HTTP/1.1, (http/1.1)}{0.0.0.0:15271}
2024-03-04 13:07:49,158 [main] INFO  server.Server (Server.java:doStart(415)) - Started @964742ms
2024-03-04 13:07:49,158 [main] WARN  impl.MetricsSystemImpl (MetricsSystemImpl.java:register(279)) - Sink prometheus already exists!
2024-03-04 13:07:49,159 [main] INFO  http.BaseHttpServer (BaseHttpServer.java:updateConnectorAddress(354)) - HTTP server of ozoneManager listening at http://0.0.0.0:15271
2024-03-04 13:07:49,161 [IPC Server Responder] INFO  ipc.Server (Server.java:run(1562)) - IPC Server Responder: starting
2024-03-04 13:07:49,161 [IPC Server listener on 15270] INFO  ipc.Server (Server.java:run(1402)) - IPC Server listener on 15270: starting
2024-03-04 13:07:49,163 [main] INFO  om.OzoneManager (OzoneManager.java:startTrashEmptier(2093)) - Trash Interval set to 0. Files deleted won't move to trash
2024-03-04 13:07:49,164 [main] INFO  om.OzoneManager (OzoneManager.java:restart(1710)) - OzoneManager RPC server is listening at localhost/127.0.0.1:15262
2024-03-04 13:07:49,164 [main] INFO  impl.MetricsSystemImpl (MetricsSystemImpl.java:init(158)) - OzoneManager metrics system started (again)
2024-03-04 13:07:49,172 [main] WARN  server.ServerUtils (ServerUtils.java:getDBPath(299)) - ozone.om.db.dirs is not configured. We recommend adding this setting. Falling back to ozone.metadata.dirs instead.
2024-03-04 13:07:49,172 [main] INFO  helpers.OmKeyInfo (OmKeyInfo.java:getCodec(71)) - OmKeyInfo.getCodec ignorePipeline = true
2024-03-04 13:07:49,204 [main] INFO  om.OzoneManager (OzoneManager.java:instantiateServices(804)) - S3 Multi-Tenancy is disabled
2024-03-04 13:07:49,205 [main] INFO  om.OmSnapshotManager (OmSnapshotManager.java:<init>(177)) - Ozone filesystem snapshot feature is enabled.
2024-03-04 13:07:49,205 [main] WARN  server.ServerUtils (ServerUtils.java:getDBPath(299)) - ozone.om.snapshot.diff.db.dir is not configured. We recommend adding this setting. Falling back to ozone.metadata.dirs instead.
2024-03-04 13:07:49,212 [main] INFO  utils.NativeLibraryLoader (NativeLibraryLoader.java:loadLibrary(108)) - Loading Library: ozone_rocksdb_tools
2024-03-04 13:07:49,213 [main] ERROR snapshot.SnapshotDiffManager (SnapshotDiffManager.java:initNativeLibraryForEfficientDiff(287)) - Native Library for raw sst file reading loading failed.
org.apache.hadoop.hdds.utils.NativeLibraryNotLoadedException: Unable to load library ozone_rocksdb_tools from both java.library.path & resource file libozone_rocksdb_tools.so from jar.
	at org.apache.hadoop.hdds.utils.db.managed.ManagedRawSSTFileReader.loadLibrary(ManagedRawSSTFileReader.java:38)
	at org.apache.hadoop.ozone.om.snapshot.SnapshotDiffManager.initNativeLibraryForEfficientDiff(SnapshotDiffManager.java:285)
	at org.apache.hadoop.ozone.om.snapshot.SnapshotDiffManager.<init>(SnapshotDiffManager.java:259)
	at org.apache.hadoop.ozone.om.OmSnapshotManager.<init>(OmSnapshotManager.java:279)
	at org.apache.hadoop.ozone.om.OzoneManager.instantiateServices(OzoneManager.java:856)
	at org.apache.hadoop.ozone.om.OzoneManager.restart(OzoneManager.java:1715)
	at org.apache.hadoop.ozone.MiniOzoneHAClusterImpl.restartOzoneManager(MiniOzoneHAClusterImpl.java:211)
	at org.apache.hadoop.ozone.om.TestOzoneManagerPrepare.resetCluster(TestOzoneManagerPrepare.java:113)
	at sun.reflect.NativeMethodAccessorImpl.invoke0(Native Method)
	at sun.reflect.NativeMethodAccessorImpl.invoke(NativeMethodAccessorImpl.java:62)
	at sun.reflect.DelegatingMethodAccessorImpl.invoke(DelegatingMethodAccessorImpl.java:43)
	at java.lang.reflect.Method.invoke(Method.java:498)
	at org.junit.platform.commons.util.ReflectionUtils.invokeMethod(ReflectionUtils.java:728)
	at org.junit.jupiter.engine.execution.MethodInvocation.proceed(MethodInvocation.java:60)
	at org.junit.jupiter.engine.execution.InvocationInterceptorChain$ValidatingInvocation.proceed(InvocationInterceptorChain.java:131)
	at org.junit.jupiter.engine.extension.TimeoutExtension.intercept(TimeoutExtension.java:156)
	at org.junit.jupiter.engine.extension.TimeoutExtension.interceptLifecycleMethod(TimeoutExtension.java:128)
	at org.junit.jupiter.engine.extension.TimeoutExtension.interceptAfterEachMethod(TimeoutExtension.java:110)
	at org.junit.jupiter.engine.execution.InterceptingExecutableInvoker$ReflectiveInterceptorCall.lambda$ofVoidMethod$0(InterceptingExecutableInvoker.java:103)
	at org.junit.jupiter.engine.execution.InterceptingExecutableInvoker.lambda$invoke$0(InterceptingExecutableInvoker.java:93)
	at org.junit.jupiter.engine.execution.InvocationInterceptorChain$InterceptedInvocation.proceed(InvocationInterceptorChain.java:106)
	at org.junit.jupiter.engine.execution.InvocationInterceptorChain.proceed(InvocationInterceptorChain.java:64)
	at org.junit.jupiter.engine.execution.InvocationInterceptorChain.chainAndInvoke(InvocationInterceptorChain.java:45)
	at org.junit.jupiter.engine.execution.InvocationInterceptorChain.invoke(InvocationInterceptorChain.java:37)
	at org.junit.jupiter.engine.execution.InterceptingExecutableInvoker.invoke(InterceptingExecutableInvoker.java:92)
	at org.junit.jupiter.engine.execution.InterceptingExecutableInvoker.invoke(InterceptingExecutableInvoker.java:86)
	at org.junit.jupiter.engine.descriptor.ClassBasedTestDescriptor.invokeMethodInExtensionContext(ClassBasedTestDescriptor.java:521)
	at org.junit.jupiter.engine.descriptor.ClassBasedTestDescriptor.lambda$synthesizeAfterEachMethodAdapter$24(ClassBasedTestDescriptor.java:511)
	at org.junit.jupiter.engine.descriptor.TestMethodTestDescriptor.lambda$invokeAfterEachMethods$10(TestMethodTestDescriptor.java:244)
	at org.junit.jupiter.engine.descriptor.TestMethodTestDescriptor.lambda$invokeAllAfterMethodsOrCallbacks$13(TestMethodTestDescriptor.java:277)
	at org.junit.platform.engine.support.hierarchical.ThrowableCollector.execute(ThrowableCollector.java:73)
	at org.junit.jupiter.engine.descriptor.TestMethodTestDescriptor.lambda$invokeAllAfterMethodsOrCallbacks$14(TestMethodTestDescriptor.java:277)
	at org.junit.platform.commons.util.CollectionUtils.forEachInReverseOrder(CollectionUtils.java:217)
	at org.junit.jupiter.engine.descriptor.TestMethodTestDescriptor.invokeAllAfterMethodsOrCallbacks(TestMethodTestDescriptor.java:276)
	at org.junit.jupiter.engine.descriptor.TestMethodTestDescriptor.invokeAfterEachMethods(TestMethodTestDescriptor.java:242)
	at org.junit.jupiter.engine.descriptor.TestMethodTestDescriptor.execute(TestMethodTestDescriptor.java:143)
	at org.junit.jupiter.engine.descriptor.TestMethodTestDescriptor.execute(TestMethodTestDescriptor.java:69)
	at org.junit.platform.engine.support.hierarchical.NodeTestTask.lambda$executeRecursively$6(NodeTestTask.java:151)
	at org.junit.platform.engine.support.hierarchical.ThrowableCollector.execute(ThrowableCollector.java:73)
	at org.junit.platform.engine.support.hierarchical.NodeTestTask.lambda$executeRecursively$8(NodeTestTask.java:141)
	at org.junit.platform.engine.support.hierarchical.Node.around(Node.java:137)
	at org.junit.platform.engine.support.hierarchical.NodeTestTask.lambda$executeRecursively$9(NodeTestTask.java:139)
	at org.junit.platform.engine.support.hierarchical.ThrowableCollector.execute(ThrowableCollector.java:73)
	at org.junit.platform.engine.support.hierarchical.NodeTestTask.executeRecursively(NodeTestTask.java:138)
	at org.junit.platform.engine.support.hierarchical.NodeTestTask.execute(NodeTestTask.java:95)
	at java.util.ArrayList.forEach(ArrayList.java:1259)
	at org.junit.platform.engine.support.hierarchical.SameThreadHierarchicalTestExecutorService.invokeAll(SameThreadHierarchicalTestExecutorService.java:41)
	at org.junit.platform.engine.support.hierarchical.NodeTestTask.lambda$executeRecursively$6(NodeTestTask.java:155)
	at org.junit.platform.engine.support.hierarchical.ThrowableCollector.execute(ThrowableCollector.java:73)
	at org.junit.platform.engine.support.hierarchical.NodeTestTask.lambda$executeRecursively$8(NodeTestTask.java:141)
	at org.junit.platform.engine.support.hierarchical.Node.around(Node.java:137)
	at org.junit.platform.engine.support.hierarchical.NodeTestTask.lambda$executeRecursively$9(NodeTestTask.java:139)
	at org.junit.platform.engine.support.hierarchical.ThrowableCollector.execute(ThrowableCollector.java:73)
	at org.junit.platform.engine.support.hierarchical.NodeTestTask.executeRecursively(NodeTestTask.java:138)
	at org.junit.platform.engine.support.hierarchical.NodeTestTask.execute(NodeTestTask.java:95)
	at java.util.ArrayList.forEach(ArrayList.java:1259)
	at org.junit.platform.engine.support.hierarchical.SameThreadHierarchicalTestExecutorService.invokeAll(SameThreadHierarchicalTestExecutorService.java:41)
	at org.junit.platform.engine.support.hierarchical.NodeTestTask.lambda$executeRecursively$6(NodeTestTask.java:155)
	at org.junit.platform.engine.support.hierarchical.ThrowableCollector.execute(ThrowableCollector.java:73)
	at org.junit.platform.engine.support.hierarchical.NodeTestTask.lambda$executeRecursively$8(NodeTestTask.java:141)
	at org.junit.platform.engine.support.hierarchical.Node.around(Node.java:137)
	at org.junit.platform.engine.support.hierarchical.NodeTestTask.lambda$executeRecursively$9(NodeTestTask.java:139)
	at org.junit.platform.engine.support.hierarchical.ThrowableCollector.execute(ThrowableCollector.java:73)
	at org.junit.platform.engine.support.hierarchical.NodeTestTask.executeRecursively(NodeTestTask.java:138)
	at org.junit.platform.engine.support.hierarchical.NodeTestTask.execute(NodeTestTask.java:95)
	at org.junit.platform.engine.support.hierarchical.SameThreadHierarchicalTestExecutorService.submit(SameThreadHierarchicalTestExecutorService.java:35)
	at org.junit.platform.engine.support.hierarchical.HierarchicalTestExecutor.execute(HierarchicalTestExecutor.java:57)
	at org.junit.platform.engine.support.hierarchical.HierarchicalTestEngine.execute(HierarchicalTestEngine.java:54)
	at org.junit.platform.launcher.core.EngineExecutionOrchestrator.execute(EngineExecutionOrchestrator.java:198)
	at org.junit.platform.launcher.core.EngineExecutionOrchestrator.execute(EngineExecutionOrchestrator.java:169)
	at org.junit.platform.launcher.core.EngineExecutionOrchestrator.execute(EngineExecutionOrchestrator.java:93)
	at org.junit.platform.launcher.core.EngineExecutionOrchestrator.lambda$execute$0(EngineExecutionOrchestrator.java:58)
	at org.junit.platform.launcher.core.EngineExecutionOrchestrator.withInterceptedStreams(EngineExecutionOrchestrator.java:141)
	at org.junit.platform.launcher.core.EngineExecutionOrchestrator.execute(EngineExecutionOrchestrator.java:57)
	at org.junit.platform.launcher.core.DefaultLauncher.execute(DefaultLauncher.java:103)
	at org.junit.platform.launcher.core.DefaultLauncher.execute(DefaultLauncher.java:85)
	at org.junit.platform.launcher.core.DelegatingLauncher.execute(DelegatingLauncher.java:47)
	at org.junit.platform.launcher.core.SessionPerRequestLauncher.execute(SessionPerRequestLauncher.java:63)
	at org.apache.maven.surefire.junitplatform.JUnitPlatformProvider.invokeAllTests(JUnitPlatformProvider.java:165)
	at org.apache.maven.surefire.junitplatform.JUnitPlatformProvider.invoke(JUnitPlatformProvider.java:124)
	at org.apache.maven.surefire.booter.ForkedBooter.runSuitesInProcess(ForkedBooter.java:428)
	at org.apache.maven.surefire.booter.ForkedBooter.execute(ForkedBooter.java:162)
	at org.apache.maven.surefire.booter.ForkedBooter.run(ForkedBooter.java:562)
	at org.apache.maven.surefire.booter.ForkedBooter.main(ForkedBooter.java:548)
2024-03-04 13:07:49,217 [main] WARN  dropwizard3.Dm3MetricRegistriesImpl (Dm3MetricRegistriesImpl.java:addReporterRegistration(113)) - New reporters are added after registries were created. Some metrics will be missing from the reporter. Please add reporter before adding any new registry.
2024-03-04 13:07:49,217 [main] WARN  dropwizard3.Dm3MetricRegistriesImpl (Dm3MetricRegistriesImpl.java:addReporterRegistration(113)) - New reporters are added after registries were created. Some metrics will be missing from the reporter. Please add reporter before adding any new registry.
2024-03-04 13:07:49,218 [main] WARN  server.ServerUtils (ServerUtils.java:getDefaultRatisDirectory(311)) - Storage directory for Ratis is not configured. It is a good idea to map this to an SSD disk. Falling back to ozone.metadata.dirs
2024-03-04 13:07:49,219 [main] INFO  ratis.OzoneManagerRatisServer (OzoneManagerRatisServer.java:<init>(167)) - Instantiating OM Ratis server with groupID: om-service-test1 and peers: localhost:15265, localhost:15273, localhost:15269
2024-03-04 13:07:49,219 [main] INFO  ratis.OzoneManagerStateMachine (OzoneManagerStateMachine.java:loadSnapshotInfoFromDB(573)) - LastAppliedIndex is set from TransactionInfo from OM DB as (t:1, i:52)
2024-03-04 13:07:49,219 [main] INFO  server.RaftServer (ConfUtils.java:logGet(46)) - raft.rpc.type = GRPC (default)
2024-03-04 13:07:49,220 [main] INFO  grpc.GrpcConfigKeys (ConfUtils.java:logFallback(53)) - raft.grpc.admin.host = null (fallback to raft.grpc.server.host)
2024-03-04 13:07:49,220 [main] INFO  grpc.GrpcConfigKeys (ConfUtils.java:logFallback(53)) - raft.grpc.admin.port = 15265 (fallback to raft.grpc.server.port)
2024-03-04 13:07:49,220 [main] INFO  grpc.GrpcConfigKeys (ConfUtils.java:logFallback(53)) - raft.grpc.client.host = null (fallback to raft.grpc.server.host)
2024-03-04 13:07:49,220 [main] INFO  grpc.GrpcConfigKeys (ConfUtils.java:logFallback(53)) - raft.grpc.client.port = 15265 (fallback to raft.grpc.server.port)
2024-03-04 13:07:49,220 [main] INFO  grpc.GrpcConfigKeys (ConfUtils.java:logGet(46)) - raft.grpc.server.host = null (default)
2024-03-04 13:07:49,220 [main] INFO  grpc.GrpcConfigKeys (ConfUtils.java:logGet(46)) - raft.grpc.server.port = 15265 (custom)
2024-03-04 13:07:49,220 [main] INFO  server.GrpcService (ConfUtils.java:logGet(46)) - raft.grpc.message.size.max = 4194304 (custom)
2024-03-04 13:07:49,221 [main] INFO  server.RaftServerConfigKeys (ConfUtils.java:logGet(46)) - raft.server.log.appender.buffer.byte-limit = 4194304 (custom)
2024-03-04 13:07:49,221 [main] INFO  server.GrpcService (ConfUtils.java:logGet(46)) - raft.grpc.flow.control.window = 1MB (=1048576) (default)
2024-03-04 13:07:49,221 [main] INFO  server.RaftServerConfigKeys (ConfUtils.java:logGet(46)) - raft.server.rpc.request.timeout = 3000ms (default)
2024-03-04 13:07:49,221 [main] INFO  grpc.GrpcConfigKeys (ConfUtils.java:logGet(46)) - raft.grpc.server.heartbeat.channel = true (default)
2024-03-04 13:07:49,221 [main] INFO  grpc.GrpcConfigKeys (ConfUtils.java:logGet(46)) - raft.grpc.server.async.request.thread.pool.cached = true (default)
2024-03-04 13:07:49,221 [main] INFO  grpc.GrpcConfigKeys (ConfUtils.java:logGet(46)) - raft.grpc.server.async.request.thread.pool.size = 32 (default)
2024-03-04 13:07:49,222 [main] INFO  impl.DataStreamServerImpl (ConfUtils.java:logGet(46)) - raft.datastream.type = DISABLED (default)
2024-03-04 13:07:49,222 [main] INFO  server.RaftServerConfigKeys (ConfUtils.java:logGet(46)) - raft.server.sleep.deviation.threshold = 300ms (default)
2024-03-04 13:07:49,222 [main] INFO  server.RaftServerConfigKeys (ConfUtils.java:logGet(46)) - raft.server.close.threshold = 60s (default)
2024-03-04 13:07:49,222 [main] INFO  server.RaftServerConfigKeys (ConfUtils.java:logGet(46)) - raft.server.leaderelection.leader.step-down.wait-time = 10s (default)
2024-03-04 13:07:49,222 [main] INFO  server.RaftServerConfigKeys (ConfUtils.java:logGet(46)) - raft.server.storage.dir = [/home/runner/work/ozone/ozone/hadoop-ozone/integration-test/target/test-dir/MiniOzoneClusterImpl-6b98b79e-1748-4853-9fc9-d757899c3dd5/omNode-1/ratis] (custom)
2024-03-04 13:07:49,223 [main] INFO  server.RaftServerConfigKeys (ConfUtils.java:logGet(46)) - raft.server.threadpool.proxy.cached = true (default)
2024-03-04 13:07:49,223 [main] INFO  server.RaftServerConfigKeys (ConfUtils.java:logGet(46)) - raft.server.threadpool.proxy.size = 0 (default)
2024-03-04 13:07:49,223 [omNode-1-impl-thread1] INFO  server.RaftServer (RaftServerProxy.java:initGroupDir(264)) - omNode-1: found a subdirectory /home/runner/work/ozone/ozone/hadoop-ozone/integration-test/target/test-dir/MiniOzoneClusterImpl-6b98b79e-1748-4853-9fc9-d757899c3dd5/omNode-1/ratis/c9bc4cf4-3bc3-3c60-a66b-523986131536
2024-03-04 13:07:49,223 [main] INFO  server.RaftServer (RaftServerProxy.java:addNew(100)) - omNode-1: addNew group-523986131536:[omNode-3|localhost:15273, omNode-1|localhost:15265, omNode-2|localhost:15269] returns group-523986131536:java.util.concurrent.CompletableFuture@137bdeea[Not completed]
2024-03-04 13:07:49,223 [main] INFO  om.OzoneManager (OzoneManager.java:initializeRatisServer(2140)) - OzoneManager Ratis server initialized at port 15265
2024-03-04 13:07:49,223 [main] INFO  ratis.OzoneManagerRatisServer (OzoneManagerRatisServer.java:start(588)) - Starting OzoneManagerRatisServer omNode-1 at port 15265
2024-03-04 13:07:49,223 [omNode-1-groupManagement] INFO  server.RaftServer$Division (RaftServerImpl.java:<init>(256)) - omNode-1: new RaftServerImpl for group-523986131536:[omNode-3|localhost:15273, omNode-1|localhost:15265, omNode-2|localhost:15269] with OzoneManagerStateMachine:uninitialized
2024-03-04 13:07:49,224 [omNode-1-groupManagement] INFO  server.RaftServerConfigKeys (ConfUtils.java:logGet(46)) - raft.server.rpc.timeout.min = 1s (custom)
2024-03-04 13:07:49,224 [omNode-1-groupManagement] INFO  server.RaftServerConfigKeys (ConfUtils.java:logGet(46)) - raft.server.rpc.timeout.max = 1200ms (custom)
2024-03-04 13:07:49,224 [omNode-1-groupManagement] INFO  server.RaftServerConfigKeys (ConfUtils.java:logGet(46)) - raft.server.rpc.sleep.time = 25ms (default)
2024-03-04 13:07:49,224 [omNode-1-groupManagement] INFO  server.RaftServerConfigKeys (ConfUtils.java:logGet(46)) - raft.server.rpc.slowness.timeout = 2s (custom)
2024-03-04 13:07:49,224 [omNode-1-groupManagement] INFO  server.RaftServerConfigKeys (ConfUtils.java:logGet(46)) - raft.server.leaderelection.leader.step-down.wait-time = 10s (default)
2024-03-04 13:07:49,224 [omNode-1-groupManagement] INFO  server.RaftServerConfigKeys (ConfUtils.java:logGet(46)) - raft.server.leaderelection.member.majority-add = false (default)
2024-03-04 13:07:49,224 [omNode-1-groupManagement] INFO  server.RaftServerConfigKeys (ConfUtils.java:logGet(46)) - raft.server.sleep.deviation.threshold = 300ms (default)
2024-03-04 13:07:49,224 [omNode-1-groupManagement] INFO  server.RaftServer$Division (ServerState.java:<init>(113)) - omNode-1@group-523986131536: ConfigurationManager, init=-1: peers:[omNode-3|localhost:15273, omNode-1|localhost:15265, omNode-2|localhost:15269]|listeners:[], old=null, confs=<EMPTY_MAP>
2024-03-04 13:07:49,224 [omNode-1-groupManagement] INFO  server.RaftServerConfigKeys (ConfUtils.java:logGet(46)) - raft.server.notification.no-leader.timeout = 2s (custom)
2024-03-04 13:07:49,224 [omNode-1-groupManagement] INFO  server.RaftServerConfigKeys (ConfUtils.java:logGet(46)) - raft.server.read.timeout = 10s (default)
2024-03-04 13:07:49,224 [omNode-1-groupManagement] INFO  server.RaftServerConfigKeys (ConfUtils.java:logGet(46)) - raft.server.retrycache.expirytime = 30000ms (custom)
2024-03-04 13:07:49,224 [omNode-1-groupManagement] INFO  server.RaftServerConfigKeys (ConfUtils.java:logGet(46)) - raft.server.retrycache.statistics.expirytime = 100ms (default)
2024-03-04 13:07:49,224 [omNode-1-groupManagement] INFO  server.RaftServerConfigKeys (ConfUtils.java:logGet(46)) - raft.server.read.option = DEFAULT (default)
2024-03-04 13:07:49,224 [omNode-1-groupManagement] INFO  server.RaftServerConfigKeys (ConfUtils.java:logGet(46)) - raft.server.read.read-after-write-consistent.write-index-cache.expiry-time = 60s (default)
2024-03-04 13:07:49,225 [omNode-1-groupManagement] INFO  server.RaftServerConfigKeys (ConfUtils.java:logGet(46)) - raft.server.rpc.request.timeout = 3000ms (default)
2024-03-04 13:07:49,225 [omNode-1-groupManagement] INFO  server.RaftServerConfigKeys (ConfUtils.java:logGet(46)) - raft.server.log.appender.install.snapshot.enabled = false (custom)
2024-03-04 13:07:49,225 [omNode-1-groupManagement] INFO  server.RaftServerConfigKeys (ConfUtils.java:logGet(46)) - raft.server.threadpool.server.cached = true (default)
2024-03-04 13:07:49,225 [omNode-1-groupManagement] INFO  server.RaftServerConfigKeys (ConfUtils.java:logGet(46)) - raft.server.threadpool.server.size = 0 (default)
2024-03-04 13:07:49,225 [omNode-1-groupManagement] INFO  server.RaftServerConfigKeys (ConfUtils.java:logGet(46)) - raft.server.threadpool.client.cached = true (default)
2024-03-04 13:07:49,225 [omNode-1-groupManagement] INFO  server.RaftServerConfigKeys (ConfUtils.java:logGet(46)) - raft.server.threadpool.client.size = 0 (default)
2024-03-04 13:07:49,225 [omNode-1-impl-thread1] INFO  server.RaftServerConfigKeys (ConfUtils.java:logGet(46)) - raft.server.storage.free-space.min = 0MB (=0) (default)
2024-03-04 13:07:49,225 [omNode-1-impl-thread1] INFO  server.RaftServerConfigKeys (ConfUtils.java:logGet(46)) - raft.server.log.corruption.policy = EXCEPTION (default)
2024-03-04 13:07:49,225 [omNode-1-impl-thread1] INFO  server.RaftServerConfigKeys (ConfUtils.java:logGet(46)) - raft.server.storage.dir = [/home/runner/work/ozone/ozone/hadoop-ozone/integration-test/target/test-dir/MiniOzoneClusterImpl-6b98b79e-1748-4853-9fc9-d757899c3dd5/omNode-1/ratis] (custom)
2024-03-04 13:07:49,226 [omNode-1-impl-thread1] INFO  storage.RaftStorageDirectory (RaftStorageDirectoryImpl.java:tryLock(228)) - Lock on /home/runner/work/ozone/ozone/hadoop-ozone/integration-test/target/test-dir/MiniOzoneClusterImpl-6b98b79e-1748-4853-9fc9-d757899c3dd5/omNode-1/ratis/c9bc4cf4-3bc3-3c60-a66b-523986131536/in_use.lock acquired by nodename 41993@fv-az571-795
2024-03-04 13:07:49,226 [omNode-1-impl-thread1] INFO  storage.RaftStorage (RaftStorageImpl.java:analyzeAndRecoverStorage(119)) - Read RaftStorageMetadata{term=1, votedFor=omNode-1} from /home/runner/work/ozone/ozone/hadoop-ozone/integration-test/target/test-dir/MiniOzoneClusterImpl-6b98b79e-1748-4853-9fc9-d757899c3dd5/omNode-1/ratis/c9bc4cf4-3bc3-3c60-a66b-523986131536/current/raft-meta
2024-03-04 13:07:49,228 [omNode-1-impl-thread1] INFO  server.RaftServer$Division (ServerState.java:setRaftConf(386)) - omNode-1@group-523986131536: set configuration 0: peers:[omNode-3|localhost:15273, omNode-1|localhost:15265, omNode-2|localhost:15269]|listeners:[], old=null
2024-03-04 13:07:49,228 [omNode-1-impl-thread1] INFO  server.RaftServerConfigKeys (ConfUtils.java:logGet(46)) - raft.server.log.use.memory = false (default)
2024-03-04 13:07:49,228 [omNode-1-impl-thread1] INFO  server.RaftServerConfigKeys (ConfUtils.java:logGet(46)) - raft.server.log.purge.gap = 50 (custom)
2024-03-04 13:07:49,228 [omNode-1-impl-thread1] INFO  server.RaftServerConfigKeys (ConfUtils.java:logGet(46)) - raft.server.log.appender.buffer.byte-limit = 4194304 (custom)
2024-03-04 13:07:49,228 [omNode-1-impl-thread1] INFO  server.RaftServerConfigKeys (ConfUtils.java:logGet(46)) - raft.server.log.statemachine.data.read.timeout = 1000ms (default)
2024-03-04 13:07:49,228 [omNode-1-impl-thread1] INFO  server.RaftServerConfigKeys (ConfUtils.java:logGet(46)) - raft.server.log.purge.preservation.log.num = 0 (default)
2024-03-04 13:07:49,228 [omNode-1-impl-thread1] INFO  server.RaftServerConfigKeys (ConfUtils.java:logGet(46)) - raft.server.log.segment.size.max = 4194304 (custom)
2024-03-04 13:07:49,228 [omNode-1-impl-thread1] INFO  server.RaftServerConfigKeys (ConfUtils.java:logGet(46)) - raft.server.log.segment.cache.num.max = 2 (custom)
2024-03-04 13:07:49,228 [omNode-1-impl-thread1] INFO  server.RaftServerConfigKeys (ConfUtils.java:logGet(46)) - raft.server.log.segment.cache.size.max = 200MB (=209715200) (default)
2024-03-04 13:07:49,228 [omNode-1-impl-thread1] INFO  server.RaftServerConfigKeys (ConfUtils.java:logGet(46)) - raft.server.log.appender.buffer.byte-limit = 4194304 (custom)
2024-03-04 13:07:49,229 [omNode-1-impl-thread1] INFO  util.AwaitToRun (AwaitToRun.java:start(81)) - Thread[omNode-1@group-523986131536-cacheEviction-AwaitToRun,5,main] started
2024-03-04 13:07:49,229 [omNode-1-impl-thread1] INFO  segmented.SegmentedRaftLogWorker (SegmentedRaftLogWorker.java:<init>(182)) - new omNode-1@group-523986131536-SegmentedRaftLogWorker for RaftStorageImpl:Storage Directory /home/runner/work/ozone/ozone/hadoop-ozone/integration-test/target/test-dir/MiniOzoneClusterImpl-6b98b79e-1748-4853-9fc9-d757899c3dd5/omNode-1/ratis/c9bc4cf4-3bc3-3c60-a66b-523986131536
2024-03-04 13:07:49,229 [omNode-1-impl-thread1] INFO  server.RaftServerConfigKeys (ConfUtils.java:logGet(46)) - raft.server.log.queue.byte-limit = 64MB (=67108864) (default)
2024-03-04 13:07:49,229 [omNode-1-impl-thread1] INFO  server.RaftServerConfigKeys (ConfUtils.java:logGet(46)) - raft.server.log.queue.element-limit = 4096 (default)
2024-03-04 13:07:49,229 [omNode-1-impl-thread1] INFO  server.RaftServerConfigKeys (ConfUtils.java:logGet(46)) - raft.server.log.segment.size.max = 4194304 (custom)
2024-03-04 13:07:49,229 [omNode-1-impl-thread1] INFO  server.RaftServerConfigKeys (ConfUtils.java:logGet(46)) - raft.server.log.preallocated.size = 4194304 (custom)
2024-03-04 13:07:49,229 [omNode-1-impl-thread1] INFO  server.RaftServerConfigKeys (ConfUtils.java:logGet(46)) - raft.server.log.force.sync.num = 128 (default)
2024-03-04 13:07:49,229 [omNode-1-impl-thread1] INFO  server.RaftServerConfigKeys (ConfUtils.java:logGet(46)) - raft.server.log.statemachine.data.sync = true (default)
2024-03-04 13:07:49,229 [omNode-1-impl-thread1] INFO  server.RaftServerConfigKeys (ConfUtils.java:logGet(46)) - raft.server.log.statemachine.data.sync.timeout = 10s (default)
2024-03-04 13:07:49,229 [omNode-1-impl-thread1] INFO  server.RaftServerConfigKeys (ConfUtils.java:logGet(46)) - raft.server.log.statemachine.data.sync.timeout.retry = -1 (default)
2024-03-04 13:07:49,229 [omNode-1-impl-thread1] INFO  server.RaftServerConfigKeys (ConfUtils.java:logGet(46)) - raft.server.log.write.buffer.size = 4194312 (custom)
2024-03-04 13:07:49,230 [omNode-1-impl-thread1] INFO  server.RaftServerConfigKeys (ConfUtils.java:logGet(46)) - raft.server.log.appender.buffer.byte-limit = 4194304 (custom)
2024-03-04 13:07:49,230 [omNode-1-impl-thread1] INFO  server.RaftServerConfigKeys (ConfUtils.java:logGet(46)) - raft.server.log.unsafe-flush.enabled = false (default)
2024-03-04 13:07:49,230 [omNode-1-impl-thread1] INFO  server.RaftServerConfigKeys (ConfUtils.java:logGet(46)) - raft.server.log.async-flush.enabled = false (default)
2024-03-04 13:07:49,230 [omNode-1-impl-thread1] INFO  server.RaftServerConfigKeys (ConfUtils.java:logGet(46)) - raft.server.log.statemachine.data.caching.enabled = false (default)
2024-03-04 13:07:49,230 [omNode-1-impl-thread1] INFO  server.RaftServer$Division (ServerState.java:setRaftConf(386)) - omNode-1@group-523986131536: set configuration 0: peers:[omNode-3|localhost:15273, omNode-1|localhost:15265, omNode-2|localhost:15269]|listeners:[], old=null
2024-03-04 13:07:49,231 [omNode-1-impl-thread1] INFO  segmented.LogSegment (LogSegment.java:loadSegment(170)) - Successfully read 53 entries from segment file /home/runner/work/ozone/ozone/hadoop-ozone/integration-test/target/test-dir/MiniOzoneClusterImpl-6b98b79e-1748-4853-9fc9-d757899c3dd5/omNode-1/ratis/c9bc4cf4-3bc3-3c60-a66b-523986131536/current/log_inprogress_0
2024-03-04 13:07:49,231 [omNode-1-impl-thread1] INFO  segmented.SegmentedRaftLogWorker (SegmentedRaftLogWorker.java:lambda$new$0(134)) - omNode-1@group-523986131536-SegmentedRaftLogWorker: flushIndex: setUnconditionally 0 -> 52
2024-03-04 13:07:49,231 [omNode-1-impl-thread1] INFO  segmented.SegmentedRaftLogWorker (SegmentedRaftLogWorker.java:lambda$new$0(134)) - omNode-1@group-523986131536-SegmentedRaftLogWorker: safeCacheEvictIndex: setUnconditionally 0 -> -1
2024-03-04 13:07:49,231 [omNode-1-impl-thread1] INFO  segmented.BufferedWriteChannel (BufferedWriteChannel.java:open(62)) - open log_inprogress_0 (append) at position 16809
2024-03-04 13:07:49,231 [omNode-1-impl-thread1] INFO  server.RaftServer$Division (RaftServerImpl.java:start(396)) - omNode-1@group-523986131536: start as a follower, conf=0: peers:[omNode-3|localhost:15273, omNode-1|localhost:15265, omNode-2|localhost:15269]|listeners:[], old=null
2024-03-04 13:07:49,231 [omNode-1-impl-thread1] INFO  server.RaftServer$Division (RaftServerImpl.java:setRole(383)) - omNode-1@group-523986131536: changes role from      null to FOLLOWER at term 1 for startAsFollower
2024-03-04 13:07:49,231 [omNode-1-impl-thread1] INFO  impl.RoleInfo (RoleInfo.java:updateAndGet(139)) - omNode-1: start omNode-1@group-523986131536-FollowerState
2024-03-04 13:07:49,231 [omNode-1@group-523986131536-FollowerState] INFO  server.RaftServerConfigKeys (ConfUtils.java:logFallback(53)) - raft.server.rpc.first-election.timeout.min = 1s (fallback to raft.server.rpc.timeout.min)
2024-03-04 13:07:49,231 [omNode-1-impl-thread1] INFO  util.JmxRegister (JmxRegister.java:tryRegister(44)) - Successfully registered JMX Bean with object name Ratis:service=RaftServer,group=group-523986131536,id=omNode-1
2024-03-04 13:07:49,231 [omNode-1@group-523986131536-FollowerState] INFO  server.RaftServerConfigKeys (ConfUtils.java:logFallback(53)) - raft.server.rpc.first-election.timeout.max = 1200ms (fallback to raft.server.rpc.timeout.max)
2024-03-04 13:07:49,231 [omNode-1-impl-thread1] INFO  server.RaftServerConfigKeys (ConfUtils.java:logGet(46)) - raft.server.snapshot.trigger-when-stop.enabled = true (default)
2024-03-04 13:07:49,232 [omNode-1-impl-thread1] INFO  server.RaftServerConfigKeys (ConfUtils.java:logGet(46)) - raft.server.snapshot.auto.trigger.enabled = true (custom)
2024-03-04 13:07:49,232 [omNode-1-impl-thread1] INFO  server.RaftServerConfigKeys (ConfUtils.java:logGet(46)) - raft.server.snapshot.auto.trigger.threshold = 50 (custom)
2024-03-04 13:07:49,232 [omNode-1-impl-thread1] INFO  server.RaftServerConfigKeys (ConfUtils.java:logGet(46)) - raft.server.snapshot.retention.file.num = -1 (default)
2024-03-04 13:07:49,232 [omNode-1-impl-thread1] INFO  server.RaftServerConfigKeys (ConfUtils.java:logGet(46)) - raft.server.log.purge.upto.snapshot.index = true (custom)
2024-03-04 13:07:49,232 [main] INFO  server.RaftServer (RaftServerProxy.java:startImpl(406)) - omNode-1: start RPC server
2024-03-04 13:07:49,233 [main] INFO  server.GrpcService (GrpcService.java:startImpl(302)) - omNode-1: GrpcService started, listening on 15265
2024-03-04 13:07:49,237 [main] INFO  om.OzoneManager (OzoneManager.java:getRpcServer(1206)) - Creating RPC Server
2024-03-04 13:07:49,237 [JvmPauseMonitor77] INFO  util.JvmPauseMonitor (JvmPauseMonitor.java:run(146)) - JvmPauseMonitor-omNode-1: Started
2024-03-04 13:07:49,412 [main] INFO  ipc.CallQueueManager (CallQueueManager.java:<init>(90)) - Using callQueue: class java.util.concurrent.LinkedBlockingQueue, queueCapacity: 2000, scheduler: class org.apache.hadoop.ipc.DefaultRpcScheduler, ipcBackoff: false.
2024-03-04 13:07:49,412 [main] INFO  ipc.Server (Server.java:<init>(1287)) - Listener at localhost:15262
2024-03-04 13:07:49,412 [Socket Reader #1 for port 15262] INFO  ipc.Server (Server.java:run(1323)) - Starting Socket Reader #1 for port 15262
2024-03-04 13:07:49,415 [main] INFO  http.BaseHttpServer (BaseHttpServer.java:newHttpServer2BuilderForOzone(223)) - Starting Web-server for ozoneManager at: http://0.0.0.0:15263
2024-03-04 13:07:49,415 [main] INFO  http.BaseHttpServer (BaseHttpServer.java:<init>(110)) - Hadoop Security Enabled: false Ozone Security Enabled: false Ozone HTTP Security Enabled: false 
2024-03-04 13:07:49,416 [main] WARN  server.AuthenticationFilter (AuthenticationFilter.java:constructSecretProvider(240)) - Unable to initialize FileSignerSecretProvider, falling back to use random secrets. Reason: Could not read signature secret file: /home/runner/hadoop-http-auth-signature-secret
2024-03-04 13:07:49,416 [main] INFO  http.HttpRequestLog (HttpRequestLog.java:getRequestLog(86)) - Http request log for http.requests.ozoneManager is not defined
2024-03-04 13:07:49,417 [main] INFO  http.HttpServer2 (HttpServer2.java:addGlobalFilter(1036)) - Added global filter 'safety' (class=org.apache.hadoop.hdds.server.http.HttpServer2$QuotingInputFilter)
2024-03-04 13:07:49,417 [main] INFO  http.HttpServer2 (HttpServer2.java:addFilter(1012)) - Added filter static_user_filter (class=org.apache.hadoop.http.lib.StaticUserWebFilter$StaticUserFilter) to context ozoneManager
2024-03-04 13:07:49,417 [main] INFO  http.HttpServer2 (HttpServer2.java:addFilter(1020)) - Added filter static_user_filter (class=org.apache.hadoop.http.lib.StaticUserWebFilter$StaticUserFilter) to context static
2024-03-04 13:07:49,418 [main] INFO  http.HttpServer2 (HttpServer2.java:addFilter(1020)) - Added filter static_user_filter (class=org.apache.hadoop.http.lib.StaticUserWebFilter$StaticUserFilter) to context logs
2024-03-04 13:07:49,418 [main] INFO  http.BaseHttpServer (BaseHttpServer.java:<init>(189)) - HTTP server of ozoneManager uses base directory /home/runner/work/ozone/ozone/hadoop-ozone/integration-test/target/test-dir/MiniOzoneClusterImpl-6b98b79e-1748-4853-9fc9-d757899c3dd5/omNode-1/webserver
2024-03-04 13:07:49,418 [main] INFO  http.HttpServer2 (HttpServer2.java:bindListener(1236)) - Jetty bound to port 15263
2024-03-04 13:07:49,418 [main] INFO  server.Server (Server.java:doStart(375)) - jetty-9.4.53.v20231009; built: 2023-10-09T12:29:09.265Z; git: 27bde00a0b95a1d5bbee0eae7984f891d2d0f8c9; jvm 1.8.0_402-b06
2024-03-04 13:07:49,419 [main] INFO  server.session (DefaultSessionIdManager.java:doStart(334)) - DefaultSessionIdManager workerName=node0
2024-03-04 13:07:49,419 [main] INFO  server.session (DefaultSessionIdManager.java:doStart(339)) - No SessionScavenger set, using defaults
2024-03-04 13:07:49,420 [main] INFO  server.session (HouseKeeper.java:startScavenging(132)) - node0 Scavenging every 660000ms
2024-03-04 13:07:49,420 [main] INFO  handler.ContextHandler (ContextHandler.java:doStart(921)) - Started o.e.j.s.ServletContextHandler@6a7f1034{logs,/logs,file:///home/runner/work/ozone/ozone/hadoop-ozone/integration-test/target/log,AVAILABLE}
2024-03-04 13:07:49,420 [main] INFO  handler.ContextHandler (ContextHandler.java:doStart(921)) - Started o.e.j.s.ServletContextHandler@29247f47{static,/static,file:///home/runner/work/ozone/ozone/hadoop-ozone/integration-test/target/test-classes/webapps/static,AVAILABLE}
2024-03-04 13:07:49,423 [main] INFO  handler.ContextHandler (ContextHandler.java:doStart(921)) - Started o.e.j.w.WebAppContext@27522a0a{ozoneManager,/,file:///home/runner/work/ozone/ozone/hadoop-ozone/integration-test/target/test-classes/webapps/ozoneManager/,AVAILABLE}{file:/home/runner/work/ozone/ozone/hadoop-ozone/integration-test/target/test-classes/webapps/ozoneManager}
2024-03-04 13:07:49,423 [main] INFO  server.AbstractConnector (AbstractConnector.java:doStart(333)) - Started ServerConnector@3bd59894{HTTP/1.1, (http/1.1)}{0.0.0.0:15263}
2024-03-04 13:07:49,424 [main] INFO  server.Server (Server.java:doStart(415)) - Started @965007ms
2024-03-04 13:07:49,424 [main] WARN  impl.MetricsSystemImpl (MetricsSystemImpl.java:register(279)) - Sink prometheus already exists!
2024-03-04 13:07:49,424 [main] INFO  http.BaseHttpServer (BaseHttpServer.java:updateConnectorAddress(354)) - HTTP server of ozoneManager listening at http://0.0.0.0:15263
2024-03-04 13:07:49,424 [IPC Server Responder] INFO  ipc.Server (Server.java:run(1562)) - IPC Server Responder: starting
2024-03-04 13:07:49,425 [IPC Server listener on 15262] INFO  ipc.Server (Server.java:run(1402)) - IPC Server listener on 15262: starting
2024-03-04 13:07:49,431 [main] INFO  om.OzoneManager (OzoneManager.java:startTrashEmptier(2093)) - Trash Interval set to 0. Files deleted won't move to trash
2024-03-04 13:07:49,431 [main] INFO  om.OzoneManager (OzoneManager.java:restart(1710)) - OzoneManager RPC server is listening at localhost/127.0.0.1:15266
2024-03-04 13:07:49,431 [main] INFO  impl.MetricsSystemImpl (MetricsSystemImpl.java:init(158)) - OzoneManager metrics system started (again)
2024-03-04 13:07:49,439 [main] WARN  server.ServerUtils (ServerUtils.java:getDBPath(299)) - ozone.om.db.dirs is not configured. We recommend adding this setting. Falling back to ozone.metadata.dirs instead.
2024-03-04 13:07:49,439 [main] INFO  helpers.OmKeyInfo (OmKeyInfo.java:getCodec(71)) - OmKeyInfo.getCodec ignorePipeline = true
2024-03-04 13:07:49,472 [main] INFO  om.OzoneManager (OzoneManager.java:instantiateServices(804)) - S3 Multi-Tenancy is disabled
2024-03-04 13:07:49,473 [main] INFO  om.OmSnapshotManager (OmSnapshotManager.java:<init>(177)) - Ozone filesystem snapshot feature is enabled.
2024-03-04 13:07:49,473 [main] WARN  server.ServerUtils (ServerUtils.java:getDBPath(299)) - ozone.om.snapshot.diff.db.dir is not configured. We recommend adding this setting. Falling back to ozone.metadata.dirs instead.
2024-03-04 13:07:49,480 [main] INFO  utils.NativeLibraryLoader (NativeLibraryLoader.java:loadLibrary(108)) - Loading Library: ozone_rocksdb_tools
2024-03-04 13:07:49,481 [main] ERROR snapshot.SnapshotDiffManager (SnapshotDiffManager.java:initNativeLibraryForEfficientDiff(287)) - Native Library for raw sst file reading loading failed.
org.apache.hadoop.hdds.utils.NativeLibraryNotLoadedException: Unable to load library ozone_rocksdb_tools from both java.library.path & resource file libozone_rocksdb_tools.so from jar.
	at org.apache.hadoop.hdds.utils.db.managed.ManagedRawSSTFileReader.loadLibrary(ManagedRawSSTFileReader.java:38)
	at org.apache.hadoop.ozone.om.snapshot.SnapshotDiffManager.initNativeLibraryForEfficientDiff(SnapshotDiffManager.java:285)
	at org.apache.hadoop.ozone.om.snapshot.SnapshotDiffManager.<init>(SnapshotDiffManager.java:259)
	at org.apache.hadoop.ozone.om.OmSnapshotManager.<init>(OmSnapshotManager.java:279)
	at org.apache.hadoop.ozone.om.OzoneManager.instantiateServices(OzoneManager.java:856)
	at org.apache.hadoop.ozone.om.OzoneManager.restart(OzoneManager.java:1715)
	at org.apache.hadoop.ozone.MiniOzoneHAClusterImpl.restartOzoneManager(MiniOzoneHAClusterImpl.java:211)
	at org.apache.hadoop.ozone.om.TestOzoneManagerPrepare.resetCluster(TestOzoneManagerPrepare.java:113)
	at sun.reflect.NativeMethodAccessorImpl.invoke0(Native Method)
	at sun.reflect.NativeMethodAccessorImpl.invoke(NativeMethodAccessorImpl.java:62)
	at sun.reflect.DelegatingMethodAccessorImpl.invoke(DelegatingMethodAccessorImpl.java:43)
	at java.lang.reflect.Method.invoke(Method.java:498)
	at org.junit.platform.commons.util.ReflectionUtils.invokeMethod(ReflectionUtils.java:728)
	at org.junit.jupiter.engine.execution.MethodInvocation.proceed(MethodInvocation.java:60)
	at org.junit.jupiter.engine.execution.InvocationInterceptorChain$ValidatingInvocation.proceed(InvocationInterceptorChain.java:131)
	at org.junit.jupiter.engine.extension.TimeoutExtension.intercept(TimeoutExtension.java:156)
	at org.junit.jupiter.engine.extension.TimeoutExtension.interceptLifecycleMethod(TimeoutExtension.java:128)
	at org.junit.jupiter.engine.extension.TimeoutExtension.interceptAfterEachMethod(TimeoutExtension.java:110)
	at org.junit.jupiter.engine.execution.InterceptingExecutableInvoker$ReflectiveInterceptorCall.lambda$ofVoidMethod$0(InterceptingExecutableInvoker.java:103)
	at org.junit.jupiter.engine.execution.InterceptingExecutableInvoker.lambda$invoke$0(InterceptingExecutableInvoker.java:93)
	at org.junit.jupiter.engine.execution.InvocationInterceptorChain$InterceptedInvocation.proceed(InvocationInterceptorChain.java:106)
	at org.junit.jupiter.engine.execution.InvocationInterceptorChain.proceed(InvocationInterceptorChain.java:64)
	at org.junit.jupiter.engine.execution.InvocationInterceptorChain.chainAndInvoke(InvocationInterceptorChain.java:45)
	at org.junit.jupiter.engine.execution.InvocationInterceptorChain.invoke(InvocationInterceptorChain.java:37)
	at org.junit.jupiter.engine.execution.InterceptingExecutableInvoker.invoke(InterceptingExecutableInvoker.java:92)
	at org.junit.jupiter.engine.execution.InterceptingExecutableInvoker.invoke(InterceptingExecutableInvoker.java:86)
	at org.junit.jupiter.engine.descriptor.ClassBasedTestDescriptor.invokeMethodInExtensionContext(ClassBasedTestDescriptor.java:521)
	at org.junit.jupiter.engine.descriptor.ClassBasedTestDescriptor.lambda$synthesizeAfterEachMethodAdapter$24(ClassBasedTestDescriptor.java:511)
	at org.junit.jupiter.engine.descriptor.TestMethodTestDescriptor.lambda$invokeAfterEachMethods$10(TestMethodTestDescriptor.java:244)
	at org.junit.jupiter.engine.descriptor.TestMethodTestDescriptor.lambda$invokeAllAfterMethodsOrCallbacks$13(TestMethodTestDescriptor.java:277)
	at org.junit.platform.engine.support.hierarchical.ThrowableCollector.execute(ThrowableCollector.java:73)
	at org.junit.jupiter.engine.descriptor.TestMethodTestDescriptor.lambda$invokeAllAfterMethodsOrCallbacks$14(TestMethodTestDescriptor.java:277)
	at org.junit.platform.commons.util.CollectionUtils.forEachInReverseOrder(CollectionUtils.java:217)
	at org.junit.jupiter.engine.descriptor.TestMethodTestDescriptor.invokeAllAfterMethodsOrCallbacks(TestMethodTestDescriptor.java:276)
	at org.junit.jupiter.engine.descriptor.TestMethodTestDescriptor.invokeAfterEachMethods(TestMethodTestDescriptor.java:242)
	at org.junit.jupiter.engine.descriptor.TestMethodTestDescriptor.execute(TestMethodTestDescriptor.java:143)
	at org.junit.jupiter.engine.descriptor.TestMethodTestDescriptor.execute(TestMethodTestDescriptor.java:69)
	at org.junit.platform.engine.support.hierarchical.NodeTestTask.lambda$executeRecursively$6(NodeTestTask.java:151)
	at org.junit.platform.engine.support.hierarchical.ThrowableCollector.execute(ThrowableCollector.java:73)
	at org.junit.platform.engine.support.hierarchical.NodeTestTask.lambda$executeRecursively$8(NodeTestTask.java:141)
	at org.junit.platform.engine.support.hierarchical.Node.around(Node.java:137)
	at org.junit.platform.engine.support.hierarchical.NodeTestTask.lambda$executeRecursively$9(NodeTestTask.java:139)
	at org.junit.platform.engine.support.hierarchical.ThrowableCollector.execute(ThrowableCollector.java:73)
	at org.junit.platform.engine.support.hierarchical.NodeTestTask.executeRecursively(NodeTestTask.java:138)
	at org.junit.platform.engine.support.hierarchical.NodeTestTask.execute(NodeTestTask.java:95)
	at java.util.ArrayList.forEach(ArrayList.java:1259)
	at org.junit.platform.engine.support.hierarchical.SameThreadHierarchicalTestExecutorService.invokeAll(SameThreadHierarchicalTestExecutorService.java:41)
	at org.junit.platform.engine.support.hierarchical.NodeTestTask.lambda$executeRecursively$6(NodeTestTask.java:155)
	at org.junit.platform.engine.support.hierarchical.ThrowableCollector.execute(ThrowableCollector.java:73)
	at org.junit.platform.engine.support.hierarchical.NodeTestTask.lambda$executeRecursively$8(NodeTestTask.java:141)
	at org.junit.platform.engine.support.hierarchical.Node.around(Node.java:137)
	at org.junit.platform.engine.support.hierarchical.NodeTestTask.lambda$executeRecursively$9(NodeTestTask.java:139)
	at org.junit.platform.engine.support.hierarchical.ThrowableCollector.execute(ThrowableCollector.java:73)
	at org.junit.platform.engine.support.hierarchical.NodeTestTask.executeRecursively(NodeTestTask.java:138)
	at org.junit.platform.engine.support.hierarchical.NodeTestTask.execute(NodeTestTask.java:95)
	at java.util.ArrayList.forEach(ArrayList.java:1259)
	at org.junit.platform.engine.support.hierarchical.SameThreadHierarchicalTestExecutorService.invokeAll(SameThreadHierarchicalTestExecutorService.java:41)
	at org.junit.platform.engine.support.hierarchical.NodeTestTask.lambda$executeRecursively$6(NodeTestTask.java:155)
	at org.junit.platform.engine.support.hierarchical.ThrowableCollector.execute(ThrowableCollector.java:73)
	at org.junit.platform.engine.support.hierarchical.NodeTestTask.lambda$executeRecursively$8(NodeTestTask.java:141)
	at org.junit.platform.engine.support.hierarchical.Node.around(Node.java:137)
	at org.junit.platform.engine.support.hierarchical.NodeTestTask.lambda$executeRecursively$9(NodeTestTask.java:139)
	at org.junit.platform.engine.support.hierarchical.ThrowableCollector.execute(ThrowableCollector.java:73)
	at org.junit.platform.engine.support.hierarchical.NodeTestTask.executeRecursively(NodeTestTask.java:138)
	at org.junit.platform.engine.support.hierarchical.NodeTestTask.execute(NodeTestTask.java:95)
	at org.junit.platform.engine.support.hierarchical.SameThreadHierarchicalTestExecutorService.submit(SameThreadHierarchicalTestExecutorService.java:35)
	at org.junit.platform.engine.support.hierarchical.HierarchicalTestExecutor.execute(HierarchicalTestExecutor.java:57)
	at org.junit.platform.engine.support.hierarchical.HierarchicalTestEngine.execute(HierarchicalTestEngine.java:54)
	at org.junit.platform.launcher.core.EngineExecutionOrchestrator.execute(EngineExecutionOrchestrator.java:198)
	at org.junit.platform.launcher.core.EngineExecutionOrchestrator.execute(EngineExecutionOrchestrator.java:169)
	at org.junit.platform.launcher.core.EngineExecutionOrchestrator.execute(EngineExecutionOrchestrator.java:93)
	at org.junit.platform.launcher.core.EngineExecutionOrchestrator.lambda$execute$0(EngineExecutionOrchestrator.java:58)
	at org.junit.platform.launcher.core.EngineExecutionOrchestrator.withInterceptedStreams(EngineExecutionOrchestrator.java:141)
	at org.junit.platform.launcher.core.EngineExecutionOrchestrator.execute(EngineExecutionOrchestrator.java:57)
	at org.junit.platform.launcher.core.DefaultLauncher.execute(DefaultLauncher.java:103)
	at org.junit.platform.launcher.core.DefaultLauncher.execute(DefaultLauncher.java:85)
	at org.junit.platform.launcher.core.DelegatingLauncher.execute(DelegatingLauncher.java:47)
	at org.junit.platform.launcher.core.SessionPerRequestLauncher.execute(SessionPerRequestLauncher.java:63)
	at org.apache.maven.surefire.junitplatform.JUnitPlatformProvider.invokeAllTests(JUnitPlatformProvider.java:165)
	at org.apache.maven.surefire.junitplatform.JUnitPlatformProvider.invoke(JUnitPlatformProvider.java:124)
	at org.apache.maven.surefire.booter.ForkedBooter.runSuitesInProcess(ForkedBooter.java:428)
	at org.apache.maven.surefire.booter.ForkedBooter.execute(ForkedBooter.java:162)
	at org.apache.maven.surefire.booter.ForkedBooter.run(ForkedBooter.java:562)
	at org.apache.maven.surefire.booter.ForkedBooter.main(ForkedBooter.java:548)
2024-03-04 13:07:49,483 [main] WARN  om.OzoneManager (OzoneManager.java:instantiatePrepareStateOnStartup(4511)) - Prepare marker file index 52 does not match DB prepare index 51. Writing DB index to prepare file and maintaining prepared state.
2024-03-04 13:07:49,483 [main] INFO  om.OzoneManagerPrepareState (OzoneManagerPrepareState.java:writePrepareMarkerFile(262)) - Prepare marker file written with log index 51 to file /home/runner/work/ozone/ozone/hadoop-ozone/integration-test/target/test-dir/MiniOzoneClusterImpl-6b98b79e-1748-4853-9fc9-d757899c3dd5/omNode-2/current/prepareMarker
2024-03-04 13:07:49,485 [main] WARN  dropwizard3.Dm3MetricRegistriesImpl (Dm3MetricRegistriesImpl.java:addReporterRegistration(113)) - New reporters are added after registries were created. Some metrics will be missing from the reporter. Please add reporter before adding any new registry.
2024-03-04 13:07:49,485 [main] WARN  dropwizard3.Dm3MetricRegistriesImpl (Dm3MetricRegistriesImpl.java:addReporterRegistration(113)) - New reporters are added after registries were created. Some metrics will be missing from the reporter. Please add reporter before adding any new registry.
2024-03-04 13:07:49,486 [main] WARN  server.ServerUtils (ServerUtils.java:getDefaultRatisDirectory(311)) - Storage directory for Ratis is not configured. It is a good idea to map this to an SSD disk. Falling back to ozone.metadata.dirs
2024-03-04 13:07:49,486 [main] INFO  ratis.OzoneManagerRatisServer (OzoneManagerRatisServer.java:<init>(167)) - Instantiating OM Ratis server with groupID: om-service-test1 and peers: localhost:15269, localhost:15273, localhost:15265
2024-03-04 13:07:49,487 [main] INFO  ratis.OzoneManagerStateMachine (OzoneManagerStateMachine.java:loadSnapshotInfoFromDB(573)) - LastAppliedIndex is set from TransactionInfo from OM DB as (t:1, i:52)
2024-03-04 13:07:49,487 [main] INFO  server.RaftServer (ConfUtils.java:logGet(46)) - raft.rpc.type = GRPC (default)
2024-03-04 13:07:49,487 [main] INFO  grpc.GrpcConfigKeys (ConfUtils.java:logFallback(53)) - raft.grpc.admin.host = null (fallback to raft.grpc.server.host)
2024-03-04 13:07:49,487 [main] INFO  grpc.GrpcConfigKeys (ConfUtils.java:logFallback(53)) - raft.grpc.admin.port = 15269 (fallback to raft.grpc.server.port)
2024-03-04 13:07:49,488 [main] INFO  grpc.GrpcConfigKeys (ConfUtils.java:logFallback(53)) - raft.grpc.client.host = null (fallback to raft.grpc.server.host)
2024-03-04 13:07:49,488 [main] INFO  grpc.GrpcConfigKeys (ConfUtils.java:logFallback(53)) - raft.grpc.client.port = 15269 (fallback to raft.grpc.server.port)
2024-03-04 13:07:49,488 [main] INFO  grpc.GrpcConfigKeys (ConfUtils.java:logGet(46)) - raft.grpc.server.host = null (default)
2024-03-04 13:07:49,488 [main] INFO  grpc.GrpcConfigKeys (ConfUtils.java:logGet(46)) - raft.grpc.server.port = 15269 (custom)
2024-03-04 13:07:49,488 [main] INFO  server.GrpcService (ConfUtils.java:logGet(46)) - raft.grpc.message.size.max = 4194304 (custom)
2024-03-04 13:07:49,489 [main] INFO  server.RaftServerConfigKeys (ConfUtils.java:logGet(46)) - raft.server.log.appender.buffer.byte-limit = 4194304 (custom)
2024-03-04 13:07:49,489 [main] INFO  server.GrpcService (ConfUtils.java:logGet(46)) - raft.grpc.flow.control.window = 1MB (=1048576) (default)
2024-03-04 13:07:49,489 [main] INFO  server.RaftServerConfigKeys (ConfUtils.java:logGet(46)) - raft.server.rpc.request.timeout = 3000ms (default)
2024-03-04 13:07:49,489 [main] INFO  grpc.GrpcConfigKeys (ConfUtils.java:logGet(46)) - raft.grpc.server.heartbeat.channel = true (default)
2024-03-04 13:07:49,489 [main] INFO  grpc.GrpcConfigKeys (ConfUtils.java:logGet(46)) - raft.grpc.server.async.request.thread.pool.cached = true (default)
2024-03-04 13:07:49,489 [main] INFO  grpc.GrpcConfigKeys (ConfUtils.java:logGet(46)) - raft.grpc.server.async.request.thread.pool.size = 32 (default)
2024-03-04 13:07:49,490 [main] INFO  impl.DataStreamServerImpl (ConfUtils.java:logGet(46)) - raft.datastream.type = DISABLED (default)
2024-03-04 13:07:49,491 [main] INFO  server.RaftServerConfigKeys (ConfUtils.java:logGet(46)) - raft.server.sleep.deviation.threshold = 300ms (default)
2024-03-04 13:07:49,491 [main] INFO  server.RaftServerConfigKeys (ConfUtils.java:logGet(46)) - raft.server.close.threshold = 60s (default)
2024-03-04 13:07:49,491 [main] INFO  server.RaftServerConfigKeys (ConfUtils.java:logGet(46)) - raft.server.leaderelection.leader.step-down.wait-time = 10s (default)
2024-03-04 13:07:49,491 [main] INFO  server.RaftServerConfigKeys (ConfUtils.java:logGet(46)) - raft.server.storage.dir = [/home/runner/work/ozone/ozone/hadoop-ozone/integration-test/target/test-dir/MiniOzoneClusterImpl-6b98b79e-1748-4853-9fc9-d757899c3dd5/omNode-2/ratis] (custom)
2024-03-04 13:07:49,491 [main] INFO  server.RaftServerConfigKeys (ConfUtils.java:logGet(46)) - raft.server.threadpool.proxy.cached = true (default)
2024-03-04 13:07:49,492 [main] INFO  server.RaftServerConfigKeys (ConfUtils.java:logGet(46)) - raft.server.threadpool.proxy.size = 0 (default)
2024-03-04 13:07:49,492 [omNode-2-impl-thread1] INFO  server.RaftServer (RaftServerProxy.java:initGroupDir(264)) - omNode-2: found a subdirectory /home/runner/work/ozone/ozone/hadoop-ozone/integration-test/target/test-dir/MiniOzoneClusterImpl-6b98b79e-1748-4853-9fc9-d757899c3dd5/omNode-2/ratis/c9bc4cf4-3bc3-3c60-a66b-523986131536
2024-03-04 13:07:49,492 [main] INFO  server.RaftServer (RaftServerProxy.java:addNew(100)) - omNode-2: addNew group-523986131536:[omNode-3|localhost:15273, omNode-1|localhost:15265, omNode-2|localhost:15269] returns group-523986131536:java.util.concurrent.CompletableFuture@57e6d85f[Not completed]
2024-03-04 13:07:49,492 [omNode-2-groupManagement] INFO  server.RaftServer$Division (RaftServerImpl.java:<init>(256)) - omNode-2: new RaftServerImpl for group-523986131536:[omNode-3|localhost:15273, omNode-1|localhost:15265, omNode-2|localhost:15269] with OzoneManagerStateMachine:uninitialized
2024-03-04 13:07:49,492 [main] INFO  om.OzoneManager (OzoneManager.java:initializeRatisServer(2140)) - OzoneManager Ratis server initialized at port 15269
2024-03-04 13:07:49,492 [omNode-2-groupManagement] INFO  server.RaftServerConfigKeys (ConfUtils.java:logGet(46)) - raft.server.rpc.timeout.min = 1s (custom)
2024-03-04 13:07:49,493 [main] INFO  ratis.OzoneManagerRatisServer (OzoneManagerRatisServer.java:start(588)) - Starting OzoneManagerRatisServer omNode-2 at port 15269
2024-03-04 13:07:49,493 [omNode-2-groupManagement] INFO  server.RaftServerConfigKeys (ConfUtils.java:logGet(46)) - raft.server.rpc.timeout.max = 1200ms (custom)
2024-03-04 13:07:49,493 [omNode-2-groupManagement] INFO  server.RaftServerConfigKeys (ConfUtils.java:logGet(46)) - raft.server.rpc.sleep.time = 25ms (default)
2024-03-04 13:07:49,493 [omNode-2-groupManagement] INFO  server.RaftServerConfigKeys (ConfUtils.java:logGet(46)) - raft.server.rpc.slowness.timeout = 2s (custom)
2024-03-04 13:07:49,493 [omNode-2-groupManagement] INFO  server.RaftServerConfigKeys (ConfUtils.java:logGet(46)) - raft.server.leaderelection.leader.step-down.wait-time = 10s (default)
2024-03-04 13:07:49,493 [omNode-2-groupManagement] INFO  server.RaftServerConfigKeys (ConfUtils.java:logGet(46)) - raft.server.leaderelection.member.majority-add = false (default)
2024-03-04 13:07:49,493 [omNode-2-groupManagement] INFO  server.RaftServerConfigKeys (ConfUtils.java:logGet(46)) - raft.server.sleep.deviation.threshold = 300ms (default)
2024-03-04 13:07:49,493 [omNode-2-groupManagement] INFO  server.RaftServer$Division (ServerState.java:<init>(113)) - omNode-2@group-523986131536: ConfigurationManager, init=-1: peers:[omNode-3|localhost:15273, omNode-1|localhost:15265, omNode-2|localhost:15269]|listeners:[], old=null, confs=<EMPTY_MAP>
2024-03-04 13:07:49,493 [omNode-2-groupManagement] INFO  server.RaftServerConfigKeys (ConfUtils.java:logGet(46)) - raft.server.notification.no-leader.timeout = 2s (custom)
2024-03-04 13:07:49,493 [omNode-2-groupManagement] INFO  server.RaftServerConfigKeys (ConfUtils.java:logGet(46)) - raft.server.read.timeout = 10s (default)
2024-03-04 13:07:49,493 [omNode-2-groupManagement] INFO  server.RaftServerConfigKeys (ConfUtils.java:logGet(46)) - raft.server.retrycache.expirytime = 30000ms (custom)
2024-03-04 13:07:49,493 [omNode-2-groupManagement] INFO  server.RaftServerConfigKeys (ConfUtils.java:logGet(46)) - raft.server.retrycache.statistics.expirytime = 100ms (default)
2024-03-04 13:07:49,493 [omNode-2-groupManagement] INFO  server.RaftServerConfigKeys (ConfUtils.java:logGet(46)) - raft.server.read.option = DEFAULT (default)
2024-03-04 13:07:49,493 [omNode-2-groupManagement] INFO  server.RaftServerConfigKeys (ConfUtils.java:logGet(46)) - raft.server.read.read-after-write-consistent.write-index-cache.expiry-time = 60s (default)
2024-03-04 13:07:49,494 [omNode-2-groupManagement] INFO  server.RaftServerConfigKeys (ConfUtils.java:logGet(46)) - raft.server.rpc.request.timeout = 3000ms (default)
2024-03-04 13:07:49,494 [omNode-2-groupManagement] INFO  server.RaftServerConfigKeys (ConfUtils.java:logGet(46)) - raft.server.log.appender.install.snapshot.enabled = false (custom)
2024-03-04 13:07:49,494 [omNode-2-groupManagement] INFO  server.RaftServerConfigKeys (ConfUtils.java:logGet(46)) - raft.server.threadpool.server.cached = true (default)
2024-03-04 13:07:49,495 [omNode-2-groupManagement] INFO  server.RaftServerConfigKeys (ConfUtils.java:logGet(46)) - raft.server.threadpool.server.size = 0 (default)
2024-03-04 13:07:49,495 [omNode-2-groupManagement] INFO  server.RaftServerConfigKeys (ConfUtils.java:logGet(46)) - raft.server.threadpool.client.cached = true (default)
2024-03-04 13:07:49,495 [omNode-2-groupManagement] INFO  server.RaftServerConfigKeys (ConfUtils.java:logGet(46)) - raft.server.threadpool.client.size = 0 (default)
2024-03-04 13:07:49,495 [omNode-2-impl-thread1] INFO  server.RaftServerConfigKeys (ConfUtils.java:logGet(46)) - raft.server.storage.free-space.min = 0MB (=0) (default)
2024-03-04 13:07:49,495 [omNode-2-impl-thread1] INFO  server.RaftServerConfigKeys (ConfUtils.java:logGet(46)) - raft.server.log.corruption.policy = EXCEPTION (default)
2024-03-04 13:07:49,495 [omNode-2-impl-thread1] INFO  server.RaftServerConfigKeys (ConfUtils.java:logGet(46)) - raft.server.storage.dir = [/home/runner/work/ozone/ozone/hadoop-ozone/integration-test/target/test-dir/MiniOzoneClusterImpl-6b98b79e-1748-4853-9fc9-d757899c3dd5/omNode-2/ratis] (custom)
2024-03-04 13:07:49,495 [omNode-2-impl-thread1] INFO  storage.RaftStorageDirectory (RaftStorageDirectoryImpl.java:tryLock(228)) - Lock on /home/runner/work/ozone/ozone/hadoop-ozone/integration-test/target/test-dir/MiniOzoneClusterImpl-6b98b79e-1748-4853-9fc9-d757899c3dd5/omNode-2/ratis/c9bc4cf4-3bc3-3c60-a66b-523986131536/in_use.lock acquired by nodename 41993@fv-az571-795
2024-03-04 13:07:49,496 [omNode-2-impl-thread1] INFO  storage.RaftStorage (RaftStorageImpl.java:analyzeAndRecoverStorage(119)) - Read RaftStorageMetadata{term=1, votedFor=omNode-1} from /home/runner/work/ozone/ozone/hadoop-ozone/integration-test/target/test-dir/MiniOzoneClusterImpl-6b98b79e-1748-4853-9fc9-d757899c3dd5/omNode-2/ratis/c9bc4cf4-3bc3-3c60-a66b-523986131536/current/raft-meta
2024-03-04 13:07:49,497 [omNode-2-impl-thread1] INFO  server.RaftServer$Division (ServerState.java:setRaftConf(386)) - omNode-2@group-523986131536: set configuration 0: peers:[omNode-3|localhost:15273, omNode-1|localhost:15265, omNode-2|localhost:15269]|listeners:[], old=null
2024-03-04 13:07:49,497 [omNode-2-impl-thread1] INFO  server.RaftServerConfigKeys (ConfUtils.java:logGet(46)) - raft.server.log.use.memory = false (default)
2024-03-04 13:07:49,497 [omNode-2-impl-thread1] INFO  server.RaftServerConfigKeys (ConfUtils.java:logGet(46)) - raft.server.log.purge.gap = 50 (custom)
2024-03-04 13:07:49,497 [omNode-2-impl-thread1] INFO  server.RaftServerConfigKeys (ConfUtils.java:logGet(46)) - raft.server.log.appender.buffer.byte-limit = 4194304 (custom)
2024-03-04 13:07:49,497 [omNode-2-impl-thread1] INFO  server.RaftServerConfigKeys (ConfUtils.java:logGet(46)) - raft.server.log.statemachine.data.read.timeout = 1000ms (default)
2024-03-04 13:07:49,497 [omNode-2-impl-thread1] INFO  server.RaftServerConfigKeys (ConfUtils.java:logGet(46)) - raft.server.log.purge.preservation.log.num = 0 (default)
2024-03-04 13:07:49,498 [omNode-2-impl-thread1] INFO  server.RaftServerConfigKeys (ConfUtils.java:logGet(46)) - raft.server.log.segment.size.max = 4194304 (custom)
2024-03-04 13:07:49,498 [omNode-2-impl-thread1] INFO  server.RaftServerConfigKeys (ConfUtils.java:logGet(46)) - raft.server.log.segment.cache.num.max = 2 (custom)
2024-03-04 13:07:49,498 [omNode-2-impl-thread1] INFO  server.RaftServerConfigKeys (ConfUtils.java:logGet(46)) - raft.server.log.segment.cache.size.max = 200MB (=209715200) (default)
2024-03-04 13:07:49,499 [omNode-2-impl-thread1] INFO  server.RaftServerConfigKeys (ConfUtils.java:logGet(46)) - raft.server.log.appender.buffer.byte-limit = 4194304 (custom)
2024-03-04 13:07:49,499 [omNode-2-impl-thread1] INFO  util.AwaitToRun (AwaitToRun.java:start(81)) - Thread[omNode-2@group-523986131536-cacheEviction-AwaitToRun,5,main] started
2024-03-04 13:07:49,499 [omNode-2-impl-thread1] INFO  segmented.SegmentedRaftLogWorker (SegmentedRaftLogWorker.java:<init>(182)) - new omNode-2@group-523986131536-SegmentedRaftLogWorker for RaftStorageImpl:Storage Directory /home/runner/work/ozone/ozone/hadoop-ozone/integration-test/target/test-dir/MiniOzoneClusterImpl-6b98b79e-1748-4853-9fc9-d757899c3dd5/omNode-2/ratis/c9bc4cf4-3bc3-3c60-a66b-523986131536
2024-03-04 13:07:49,499 [omNode-2-impl-thread1] INFO  server.RaftServerConfigKeys (ConfUtils.java:logGet(46)) - raft.server.log.queue.byte-limit = 64MB (=67108864) (default)
2024-03-04 13:07:49,499 [omNode-2-impl-thread1] INFO  server.RaftServerConfigKeys (ConfUtils.java:logGet(46)) - raft.server.log.queue.element-limit = 4096 (default)
2024-03-04 13:07:49,499 [omNode-2-impl-thread1] INFO  server.RaftServerConfigKeys (ConfUtils.java:logGet(46)) - raft.server.log.segment.size.max = 4194304 (custom)
2024-03-04 13:07:49,499 [omNode-2-impl-thread1] INFO  server.RaftServerConfigKeys (ConfUtils.java:logGet(46)) - raft.server.log.preallocated.size = 4194304 (custom)
2024-03-04 13:07:49,499 [omNode-2-impl-thread1] INFO  server.RaftServerConfigKeys (ConfUtils.java:logGet(46)) - raft.server.log.force.sync.num = 128 (default)
2024-03-04 13:07:49,499 [omNode-2-impl-thread1] INFO  server.RaftServerConfigKeys (ConfUtils.java:logGet(46)) - raft.server.log.statemachine.data.sync = true (default)
2024-03-04 13:07:49,499 [omNode-2-impl-thread1] INFO  server.RaftServerConfigKeys (ConfUtils.java:logGet(46)) - raft.server.log.statemachine.data.sync.timeout = 10s (default)
2024-03-04 13:07:49,499 [omNode-2-impl-thread1] INFO  server.RaftServerConfigKeys (ConfUtils.java:logGet(46)) - raft.server.log.statemachine.data.sync.timeout.retry = -1 (default)
2024-03-04 13:07:49,500 [omNode-2-impl-thread1] INFO  server.RaftServerConfigKeys (ConfUtils.java:logGet(46)) - raft.server.log.write.buffer.size = 4194312 (custom)
2024-03-04 13:07:49,501 [omNode-2-impl-thread1] INFO  server.RaftServerConfigKeys (ConfUtils.java:logGet(46)) - raft.server.log.appender.buffer.byte-limit = 4194304 (custom)
2024-03-04 13:07:49,501 [omNode-2-impl-thread1] INFO  server.RaftServerConfigKeys (ConfUtils.java:logGet(46)) - raft.server.log.unsafe-flush.enabled = false (default)
2024-03-04 13:07:49,501 [omNode-2-impl-thread1] INFO  server.RaftServerConfigKeys (ConfUtils.java:logGet(46)) - raft.server.log.async-flush.enabled = false (default)
2024-03-04 13:07:49,501 [omNode-2-impl-thread1] INFO  server.RaftServerConfigKeys (ConfUtils.java:logGet(46)) - raft.server.log.statemachine.data.caching.enabled = false (default)
2024-03-04 13:07:49,501 [omNode-2-impl-thread1] INFO  segmented.SegmentedRaftLogWorker (SegmentedRaftLogWorker.java:lambda$new$0(134)) - omNode-2@group-523986131536-SegmentedRaftLogWorker: flushIndex: setUnconditionally 0 -> 52
2024-03-04 13:07:49,501 [omNode-2-impl-thread1] INFO  segmented.SegmentedRaftLogWorker (SegmentedRaftLogWorker.java:lambda$new$0(134)) - omNode-2@group-523986131536-SegmentedRaftLogWorker: safeCacheEvictIndex: setUnconditionally 0 -> -1
2024-03-04 13:07:49,502 [omNode-2-impl-thread1] INFO  server.RaftServer$Division (RaftServerImpl.java:start(396)) - omNode-2@group-523986131536: start as a follower, conf=0: peers:[omNode-3|localhost:15273, omNode-1|localhost:15265, omNode-2|localhost:15269]|listeners:[], old=null
2024-03-04 13:07:49,502 [omNode-2-impl-thread1] INFO  server.RaftServer$Division (RaftServerImpl.java:setRole(383)) - omNode-2@group-523986131536: changes role from      null to FOLLOWER at term 1 for startAsFollower
2024-03-04 13:07:49,502 [omNode-2-impl-thread1] INFO  impl.RoleInfo (RoleInfo.java:updateAndGet(139)) - omNode-2: start omNode-2@group-523986131536-FollowerState
2024-03-04 13:07:49,502 [omNode-2@group-523986131536-FollowerState] INFO  server.RaftServerConfigKeys (ConfUtils.java:logFallback(53)) - raft.server.rpc.first-election.timeout.min = 1s (fallback to raft.server.rpc.timeout.min)
2024-03-04 13:07:49,502 [omNode-2-impl-thread1] INFO  util.JmxRegister (JmxRegister.java:tryRegister(44)) - Successfully registered JMX Bean with object name Ratis:service=RaftServer,group=group-523986131536,id=omNode-2
2024-03-04 13:07:49,502 [omNode-2-impl-thread1] INFO  server.RaftServerConfigKeys (ConfUtils.java:logGet(46)) - raft.server.snapshot.trigger-when-stop.enabled = true (default)
2024-03-04 13:07:49,502 [omNode-2-impl-thread1] INFO  server.RaftServerConfigKeys (ConfUtils.java:logGet(46)) - raft.server.snapshot.auto.trigger.enabled = true (custom)
2024-03-04 13:07:49,502 [omNode-2-impl-thread1] INFO  server.RaftServerConfigKeys (ConfUtils.java:logGet(46)) - raft.server.snapshot.auto.trigger.threshold = 50 (custom)
2024-03-04 13:07:49,502 [omNode-2-impl-thread1] INFO  server.RaftServerConfigKeys (ConfUtils.java:logGet(46)) - raft.server.snapshot.retention.file.num = -1 (default)
2024-03-04 13:07:49,502 [omNode-2-impl-thread1] INFO  server.RaftServerConfigKeys (ConfUtils.java:logGet(46)) - raft.server.log.purge.upto.snapshot.index = true (custom)
2024-03-04 13:07:49,502 [omNode-2@group-523986131536-FollowerState] INFO  server.RaftServerConfigKeys (ConfUtils.java:logFallback(53)) - raft.server.rpc.first-election.timeout.max = 1200ms (fallback to raft.server.rpc.timeout.max)
2024-03-04 13:07:49,503 [main] INFO  server.RaftServer (RaftServerProxy.java:startImpl(406)) - omNode-2: start RPC server
2024-03-04 13:07:49,504 [main] INFO  server.GrpcService (GrpcService.java:startImpl(302)) - omNode-2: GrpcService started, listening on 15269
2024-03-04 13:07:49,504 [main] INFO  om.OzoneManager (OzoneManager.java:getRpcServer(1206)) - Creating RPC Server
2024-03-04 13:07:49,504 [JvmPauseMonitor78] INFO  util.JvmPauseMonitor (JvmPauseMonitor.java:run(146)) - JvmPauseMonitor-omNode-2: Started
2024-03-04 13:07:49,722 [main] INFO  ipc.CallQueueManager (CallQueueManager.java:<init>(90)) - Using callQueue: class java.util.concurrent.LinkedBlockingQueue, queueCapacity: 2000, scheduler: class org.apache.hadoop.ipc.DefaultRpcScheduler, ipcBackoff: false.
2024-03-04 13:07:49,722 [main] INFO  ipc.Server (Server.java:<init>(1287)) - Listener at localhost:15266
2024-03-04 13:07:49,723 [Socket Reader #1 for port 15266] INFO  ipc.Server (Server.java:run(1323)) - Starting Socket Reader #1 for port 15266
2024-03-04 13:07:49,725 [main] INFO  http.BaseHttpServer (BaseHttpServer.java:newHttpServer2BuilderForOzone(223)) - Starting Web-server for ozoneManager at: http://0.0.0.0:15267
2024-03-04 13:07:49,725 [main] INFO  http.BaseHttpServer (BaseHttpServer.java:<init>(110)) - Hadoop Security Enabled: false Ozone Security Enabled: false Ozone HTTP Security Enabled: false 
2024-03-04 13:07:49,726 [main] WARN  server.AuthenticationFilter (AuthenticationFilter.java:constructSecretProvider(240)) - Unable to initialize FileSignerSecretProvider, falling back to use random secrets. Reason: Could not read signature secret file: /home/runner/hadoop-http-auth-signature-secret
2024-03-04 13:07:49,727 [main] INFO  http.HttpRequestLog (HttpRequestLog.java:getRequestLog(86)) - Http request log for http.requests.ozoneManager is not defined
2024-03-04 13:07:49,727 [main] INFO  http.HttpServer2 (HttpServer2.java:addGlobalFilter(1036)) - Added global filter 'safety' (class=org.apache.hadoop.hdds.server.http.HttpServer2$QuotingInputFilter)
2024-03-04 13:07:49,727 [main] INFO  http.HttpServer2 (HttpServer2.java:addFilter(1012)) - Added filter static_user_filter (class=org.apache.hadoop.http.lib.StaticUserWebFilter$StaticUserFilter) to context ozoneManager
2024-03-04 13:07:49,728 [main] INFO  http.HttpServer2 (HttpServer2.java:addFilter(1020)) - Added filter static_user_filter (class=org.apache.hadoop.http.lib.StaticUserWebFilter$StaticUserFilter) to context logs
2024-03-04 13:07:49,728 [main] INFO  http.HttpServer2 (HttpServer2.java:addFilter(1020)) - Added filter static_user_filter (class=org.apache.hadoop.http.lib.StaticUserWebFilter$StaticUserFilter) to context static
2024-03-04 13:07:49,728 [main] INFO  http.BaseHttpServer (BaseHttpServer.java:<init>(189)) - HTTP server of ozoneManager uses base directory /home/runner/work/ozone/ozone/hadoop-ozone/integration-test/target/test-dir/MiniOzoneClusterImpl-6b98b79e-1748-4853-9fc9-d757899c3dd5/omNode-2/webserver
2024-03-04 13:07:49,728 [main] INFO  http.HttpServer2 (HttpServer2.java:bindListener(1236)) - Jetty bound to port 15267
2024-03-04 13:07:49,728 [main] INFO  server.Server (Server.java:doStart(375)) - jetty-9.4.53.v20231009; built: 2023-10-09T12:29:09.265Z; git: 27bde00a0b95a1d5bbee0eae7984f891d2d0f8c9; jvm 1.8.0_402-b06
2024-03-04 13:07:49,729 [main] INFO  server.session (DefaultSessionIdManager.java:doStart(334)) - DefaultSessionIdManager workerName=node0
2024-03-04 13:07:49,729 [main] INFO  server.session (DefaultSessionIdManager.java:doStart(339)) - No SessionScavenger set, using defaults
2024-03-04 13:07:49,730 [main] INFO  server.session (HouseKeeper.java:startScavenging(132)) - node0 Scavenging every 660000ms
2024-03-04 13:07:49,730 [main] INFO  handler.ContextHandler (ContextHandler.java:doStart(921)) - Started o.e.j.s.ServletContextHandler@1d94b913{logs,/logs,file:///home/runner/work/ozone/ozone/hadoop-ozone/integration-test/target/log,AVAILABLE}
2024-03-04 13:07:49,730 [main] INFO  handler.ContextHandler (ContextHandler.java:doStart(921)) - Started o.e.j.s.ServletContextHandler@70113bbf{static,/static,file:///home/runner/work/ozone/ozone/hadoop-ozone/integration-test/target/test-classes/webapps/static,AVAILABLE}
2024-03-04 13:07:49,732 [main] INFO  handler.ContextHandler (ContextHandler.java:doStart(921)) - Started o.e.j.w.WebAppContext@69484737{ozoneManager,/,file:///home/runner/work/ozone/ozone/hadoop-ozone/integration-test/target/test-classes/webapps/ozoneManager/,AVAILABLE}{file:/home/runner/work/ozone/ozone/hadoop-ozone/integration-test/target/test-classes/webapps/ozoneManager}
2024-03-04 13:07:49,733 [main] INFO  server.AbstractConnector (AbstractConnector.java:doStart(333)) - Started ServerConnector@4da443aa{HTTP/1.1, (http/1.1)}{0.0.0.0:15267}
2024-03-04 13:07:49,733 [main] INFO  server.Server (Server.java:doStart(415)) - Started @965316ms
2024-03-04 13:07:49,733 [main] WARN  impl.MetricsSystemImpl (MetricsSystemImpl.java:register(279)) - Sink prometheus already exists!
2024-03-04 13:07:49,733 [main] INFO  http.BaseHttpServer (BaseHttpServer.java:updateConnectorAddress(354)) - HTTP server of ozoneManager listening at http://0.0.0.0:15267
2024-03-04 13:07:49,733 [IPC Server Responder] INFO  ipc.Server (Server.java:run(1562)) - IPC Server Responder: starting
2024-03-04 13:07:49,733 [IPC Server listener on 15266] INFO  ipc.Server (Server.java:run(1402)) - IPC Server listener on 15266: starting
2024-03-04 13:07:49,737 [main] INFO  om.OzoneManager (OzoneManager.java:startTrashEmptier(2093)) - Trash Interval set to 0. Files deleted won't move to trash
]]></system-out>
    </rerunError>
  </testcase>
  <testcase name="testPrepareWithTransactions" classname="org.apache.hadoop.ozone.om.TestOzoneManagerPrepare" time="23.779"/>
  <testcase name="testPrepareWithRestart" classname="org.apache.hadoop.ozone.om.TestOzoneManagerPrepare" time="39.891"/>
</testsuite>