<?xml version="1.0" encoding="UTF-8"?>
<testsuite xmlns:xsi="http://www.w3.org/2001/XMLSchema-instance" xsi:noNamespaceSchemaLocation="https://maven.apache.org/surefire/maven-surefire-plugin/xsd/surefire-test-report.xsd" name="org.apache.hadoop.ozone.client.rpc.TestWatchForCommit" time="220.115" tests="4" errors="1" skipped="0" failures="0">
  <properties>
    <property name="awt.toolkit" value="sun.awt.X11.XToolkit"/>
    <property name="file.encoding.pkg" value="sun.io"/>
    <property name="java.specification.version" value="1.8"/>
    <property name="sun.cpu.isalist" value=""/>
    <property name="sun.jnu.encoding" value="ANSI_X3.4-1968"/>
    <property name="java.class.path" value="/github/workspace/mnt/ozone/hadoop-ozone/integration-test/target/test-classes:/github/workspace/mnt/ozone/hadoop-ozone/integration-test/target/classes:/home/user/.m2/repository/org/apache/hadoop/hadoop-ozone-common/0.6.0-SNAPSHOT/hadoop-ozone-common-0.6.0-SNAPSHOT.jar:/home/user/.m2/repository/org/apache/commons/commons-compress/1.4.1/commons-compress-1.4.1.jar:/home/user/.m2/repository/org/tukaani/xz/1.0/xz-1.0.jar:/home/user/.m2/repository/org/apache/hadoop/hadoop-hdds-common/0.6.0-SNAPSHOT/hadoop-hdds-common-0.6.0-SNAPSHOT.jar:/home/user/.m2/repository/org/apache/hadoop/hadoop-hdds-hadoop-dependency-client/0.6.0-SNAPSHOT/hadoop-hdds-hadoop-dependency-client-0.6.0-SNAPSHOT.jar:/home/user/.m2/repository/info/picocli/picocli/3.9.6/picocli-3.9.6.jar:/home/user/.m2/repository/com/fasterxml/jackson/core/jackson-annotations/2.10.3/jackson-annotations-2.10.3.jar:/home/user/.m2/repository/javax/annotation/javax.annotation-api/1.2/javax.annotation-api-1.2.jar:/home/user/.m2/repository/org/apache/ratis/ratis-server/1.0.0/ratis-server-1.0.0.jar:/home/user/.m2/repository/org/apache/ratis/ratis-client/1.0.0/ratis-client-1.0.0.jar:/home/user/.m2/repository/org/apache/ratis/ratis-metrics/1.0.0/ratis-metrics-1.0.0.jar:/home/user/.m2/repository/org/apache/ratis/ratis-netty/1.0.0/ratis-netty-1.0.0.jar:/home/user/.m2/repository/org/apache/ratis/ratis-grpc/1.0.0/ratis-grpc-1.0.0.jar:/home/user/.m2/repository/org/apache/logging/log4j/log4j-api/2.11.0/log4j-api-2.11.0.jar:/home/user/.m2/repository/org/apache/logging/log4j/log4j-core/2.11.0/log4j-core-2.11.0.jar:/home/user/.m2/repository/com/lmax/disruptor/3.4.2/disruptor-3.4.2.jar:/home/user/.m2/repository/org/apache/commons/commons-pool2/2.6.0/commons-pool2-2.6.0.jar:/home/user/.m2/repository/org/bouncycastle/bcpkix-jdk15on/1.60/bcpkix-jdk15on-1.60.jar:/home/user/.m2/repository/commons-validator/commons-validator/1.6/commons-validator-1.6.jar:/home/user/.m2/repository/commons-digester/commons-digester/1.8.1/commons-digester-1.8.1.jar:/home/user/.m2/repository/io/jaegertracing/jaeger-client/1.2.0/jaeger-client-1.2.0.jar:/home/user/.m2/repository/io/jaegertracing/jaeger-thrift/1.2.0/jaeger-thrift-1.2.0.jar:/home/user/.m2/repository/org/apache/thrift/libthrift/0.13.0/libthrift-0.13.0.jar:/home/user/.m2/repository/com/squareup/okhttp3/okhttp/4.2.2/okhttp-4.2.2.jar:/home/user/.m2/repository/com/squareup/okio/okio/2.2.2/okio-2.2.2.jar:/home/user/.m2/repository/org/jetbrains/kotlin/kotlin-stdlib/1.3.50/kotlin-stdlib-1.3.50.jar:/home/user/.m2/repository/org/jetbrains/kotlin/kotlin-stdlib-common/1.3.50/kotlin-stdlib-common-1.3.50.jar:/home/user/.m2/repository/org/jetbrains/annotations/13.0/annotations-13.0.jar:/home/user/.m2/repository/io/jaegertracing/jaeger-core/1.2.0/jaeger-core-1.2.0.jar:/home/user/.m2/repository/io/jaegertracing/jaeger-tracerresolver/1.2.0/jaeger-tracerresolver-1.2.0.jar:/home/user/.m2/repository/io/opentracing/contrib/opentracing-tracerresolver/0.1.8/opentracing-tracerresolver-0.1.8.jar:/home/user/.m2/repository/io/opentracing/opentracing-util/0.33.0/opentracing-util-0.33.0.jar:/home/user/.m2/repository/io/opentracing/opentracing-api/0.33.0/opentracing-api-0.33.0.jar:/home/user/.m2/repository/io/opentracing/opentracing-noop/0.33.0/opentracing-noop-0.33.0.jar:/home/user/.m2/repository/org/apache/hadoop/hadoop-hdds-client/0.6.0-SNAPSHOT/hadoop-hdds-client-0.6.0-SNAPSHOT.jar:/home/user/.m2/repository/org/apache/hadoop/hadoop-ozone-interface-client/0.6.0-SNAPSHOT/hadoop-ozone-interface-client-0.6.0-SNAPSHOT.jar:/home/user/.m2/repository/org/apache/hadoop/hadoop-hdds-test-utils/0.6.0-SNAPSHOT/hadoop-hdds-test-utils-0.6.0-SNAPSHOT.jar:/home/user/.m2/repository/com/google/guava/guava/28.2-jre/guava-28.2-jre.jar:/home/user/.m2/repository/com/google/guava/failureaccess/1.0.1/failureaccess-1.0.1.jar:/home/user/.m2/repository/com/google/guava/listenablefuture/9999.0-empty-to-avoid-conflict-with-guava/listenablefuture-9999.0-empty-to-avoid-conflict-with-guava.jar:/home/user/.m2/repository/com/google/code/findbugs/jsr305/3.0.0/jsr305-3.0.0.jar:/home/user/.m2/repository/org/checkerframework/checker-qual/2.10.0/checker-qual-2.10.0.jar:/home/user/.m2/repository/com/google/errorprone/error_prone_annotations/2.2.0/error_prone_annotations-2.2.0.jar:/home/user/.m2/repository/com/google/j2objc/j2objc-annotations/1.3/j2objc-annotations-1.3.jar:/home/user/.m2/repository/commons-io/commons-io/2.5/commons-io-2.5.jar:/home/user/.m2/repository/commons-logging/commons-logging/1.2/commons-logging-1.2.jar:/home/user/.m2/repository/log4j/log4j/1.2.17/log4j-1.2.17.jar:/home/user/.m2/repository/org/slf4j/slf4j-api/1.7.25/slf4j-api-1.7.25.jar:/home/user/.m2/repository/org/apache/hadoop/hadoop-hdds-server-scm/0.6.0-SNAPSHOT/hadoop-hdds-server-scm-0.6.0-SNAPSHOT.jar:/home/user/.m2/repository/org/apache/hadoop/hadoop-hdds-container-service/0.6.0-SNAPSHOT/hadoop-hdds-container-service-0.6.0-SNAPSHOT.jar:/home/user/.m2/repository/org/apache/hadoop/hadoop-hdds-hadoop-dependency-server/0.6.0-SNAPSHOT/hadoop-hdds-hadoop-dependency-server-0.6.0-SNAPSHOT.jar:/home/user/.m2/repository/org/apache/hadoop/hadoop-hdds-server-framework/0.6.0-SNAPSHOT/hadoop-hdds-server-framework-0.6.0-SNAPSHOT.jar:/home/user/.m2/repository/org/apache/hadoop/hadoop-hdds-interface-server/0.6.0-SNAPSHOT/hadoop-hdds-interface-server-0.6.0-SNAPSHOT.jar:/home/user/.m2/repository/org/apache/hadoop/hadoop-hdds-interface-admin/0.6.0-SNAPSHOT/hadoop-hdds-interface-admin-0.6.0-SNAPSHOT.jar:/home/user/.m2/repository/org/rocksdb/rocksdbjni/6.8.1/rocksdbjni-6.8.1.jar:/home/user/.m2/repository/io/prometheus/simpleclient_dropwizard/0.7.0/simpleclient_dropwizard-0.7.0.jar:/home/user/.m2/repository/io/prometheus/simpleclient/0.7.0/simpleclient-0.7.0.jar:/home/user/.m2/repository/io/prometheus/simpleclient_common/0.7.0/simpleclient_common-0.7.0.jar:/home/user/.m2/repository/com/fasterxml/jackson/datatype/jackson-datatype-jsr310/2.10.3/jackson-datatype-jsr310-2.10.3.jar:/home/user/.m2/repository/org/apache/hadoop/hadoop-hdds-docs/0.6.0-SNAPSHOT/hadoop-hdds-docs-0.6.0-SNAPSHOT.jar:/home/user/.m2/repository/io/dropwizard/metrics/metrics-core/3.2.4/metrics-core-3.2.4.jar:/home/user/.m2/repository/org/apache/hadoop/hadoop-hdfs-client/3.2.1/hadoop-hdfs-client-3.2.1.jar:/home/user/.m2/repository/org/bouncycastle/bcprov-jdk15on/1.60/bcprov-jdk15on-1.60.jar:/home/user/.m2/repository/org/apache/hadoop/hadoop-ozone-ozone-manager/0.6.0-SNAPSHOT/hadoop-ozone-ozone-manager-0.6.0-SNAPSHOT.jar:/home/user/.m2/repository/org/apache/hadoop/hadoop-hdds-interface-client/0.6.0-SNAPSHOT/hadoop-hdds-interface-client-0.6.0-SNAPSHOT.jar:/home/user/.m2/repository/org/apache/ratis/ratis-thirdparty-misc/0.5.0/ratis-thirdparty-misc-0.5.0.jar:/home/user/.m2/repository/org/apache/hadoop/hadoop-minikdc/3.2.1/hadoop-minikdc-3.2.1.jar:/home/user/.m2/repository/org/apache/kerby/kerb-simplekdc/1.0.1/kerb-simplekdc-1.0.1.jar:/home/user/.m2/repository/org/apache/kerby/kerb-client/1.0.1/kerb-client-1.0.1.jar:/home/user/.m2/repository/org/apache/kerby/kerby-config/1.0.1/kerby-config-1.0.1.jar:/home/user/.m2/repository/org/apache/kerby/kerb-core/1.0.1/kerb-core-1.0.1.jar:/home/user/.m2/repository/org/apache/kerby/kerby-pkix/1.0.1/kerby-pkix-1.0.1.jar:/home/user/.m2/repository/org/apache/kerby/kerby-asn1/1.0.1/kerby-asn1-1.0.1.jar:/home/user/.m2/repository/org/apache/kerby/kerby-util/1.0.1/kerby-util-1.0.1.jar:/home/user/.m2/repository/org/apache/kerby/kerb-common/1.0.1/kerb-common-1.0.1.jar:/home/user/.m2/repository/org/apache/kerby/kerb-crypto/1.0.1/kerb-crypto-1.0.1.jar:/home/user/.m2/repository/org/apache/kerby/kerb-util/1.0.1/kerb-util-1.0.1.jar:/home/user/.m2/repository/org/apache/kerby/token-provider/1.0.1/token-provider-1.0.1.jar:/home/user/.m2/repository/org/apache/kerby/kerb-admin/1.0.1/kerb-admin-1.0.1.jar:/home/user/.m2/repository/org/apache/kerby/kerb-server/1.0.1/kerb-server-1.0.1.jar:/home/user/.m2/repository/org/apache/kerby/kerb-identity/1.0.1/kerb-identity-1.0.1.jar:/home/user/.m2/repository/org/apache/kerby/kerby-xdr/1.0.1/kerby-xdr-1.0.1.jar:/home/user/.m2/repository/org/slf4j/slf4j-log4j12/1.7.25/slf4j-log4j12-1.7.25.jar:/home/user/.m2/repository/org/apache/hadoop/hadoop-ozone-s3gateway/0.6.0-SNAPSHOT/hadoop-ozone-s3gateway-0.6.0-SNAPSHOT.jar:/home/user/.m2/repository/org/jboss/weld/servlet/weld-servlet/2.4.7.Final/weld-servlet-2.4.7.Final.jar:/home/user/.m2/repository/org/glassfish/jersey/containers/jersey-container-servlet-core/2.27/jersey-container-servlet-core-2.27.jar:/home/user/.m2/repository/org/glassfish/hk2/external/javax.inject/2.5.0-b42/javax.inject-2.5.0-b42.jar:/home/user/.m2/repository/org/glassfish/jersey/core/jersey-common/2.27/jersey-common-2.27.jar:/home/user/.m2/repository/org/glassfish/hk2/osgi-resource-locator/1.0.1/osgi-resource-locator-1.0.1.jar:/home/user/.m2/repository/javax/ws/rs/javax.ws.rs-api/2.1/javax.ws.rs-api-2.1.jar:/home/user/.m2/repository/org/glassfish/jersey/ext/cdi/jersey-cdi1x/2.27/jersey-cdi1x-2.27.jar:/home/user/.m2/repository/org/glassfish/jersey/inject/jersey-hk2/2.27/jersey-hk2-2.27.jar:/home/user/.m2/repository/org/glassfish/hk2/hk2-locator/2.5.0-b42/hk2-locator-2.5.0-b42.jar:/home/user/.m2/repository/org/javassist/javassist/3.22.0-CR2/javassist-3.22.0-CR2.jar:/home/user/.m2/repository/org/glassfish/hk2/hk2-api/2.5.0/hk2-api-2.5.0.jar:/home/user/.m2/repository/org/glassfish/hk2/external/jakarta.inject/2.5.0/jakarta.inject-2.5.0.jar:/home/user/.m2/repository/org/glassfish/hk2/hk2-utils/2.5.0/hk2-utils-2.5.0.jar:/home/user/.m2/repository/jakarta/annotation/jakarta.annotation-api/1.3.4/jakarta.annotation-api-1.3.4.jar:/home/user/.m2/repository/org/glassfish/hk2/external/aopalliance-repackaged/2.5.0/aopalliance-repackaged-2.5.0.jar:/home/user/.m2/repository/com/fasterxml/jackson/dataformat/jackson-dataformat-xml/2.10.3/jackson-dataformat-xml-2.10.3.jar:/home/user/.m2/repository/com/fasterxml/jackson/core/jackson-core/2.10.3/jackson-core-2.10.3.jar:/home/user/.m2/repository/com/fasterxml/jackson/module/jackson-module-jaxb-annotations/2.10.3/jackson-module-jaxb-annotations-2.10.3.jar:/home/user/.m2/repository/jakarta/xml/bind/jakarta.xml.bind-api/2.3.2/jakarta.xml.bind-api-2.3.2.jar:/home/user/.m2/repository/jakarta/activation/jakarta.activation-api/1.2.1/jakarta.activation-api-1.2.1.jar:/home/user/.m2/repository/org/codehaus/woodstox/stax2-api/3.1.4/stax2-api-3.1.4.jar:/home/user/.m2/repository/com/fasterxml/woodstox/woodstox-core/5.0.3/woodstox-core-5.0.3.jar:/home/user/.m2/repository/javax/enterprise/cdi-api/1.2/cdi-api-1.2.jar:/home/user/.m2/repository/javax/el/javax.el-api/3.0.0/javax.el-api-3.0.0.jar:/home/user/.m2/repository/javax/interceptor/javax.interceptor-api/1.2/javax.interceptor-api-1.2.jar:/home/user/.m2/repository/javax/inject/javax.inject/1/javax.inject-1.jar:/home/user/.m2/repository/com/sun/xml/bind/jaxb-impl/2.3.0.1/jaxb-impl-2.3.0.1.jar:/home/user/.m2/repository/com/sun/xml/bind/jaxb-core/2.3.0.1/jaxb-core-2.3.0.1.jar:/home/user/.m2/repository/javax/xml/bind/jaxb-api/2.3.0/jaxb-api-2.3.0.jar:/home/user/.m2/repository/javax/activation/activation/1.1.1/activation-1.1.1.jar:/home/user/.m2/repository/org/apache/hadoop/hadoop-ozone-csi/0.6.0-SNAPSHOT/hadoop-ozone-csi-0.6.0-SNAPSHOT.jar:/home/user/.m2/repository/com/google/protobuf/protobuf-java-util/3.11.0/protobuf-java-util-3.11.0.jar:/home/user/.m2/repository/com/google/code/gson/gson/2.2.4/gson-2.2.4.jar:/home/user/.m2/repository/org/apache/hadoop/hadoop-hdds-config/0.6.0-SNAPSHOT/hadoop-hdds-config-0.6.0-SNAPSHOT.jar:/home/user/.m2/repository/com/google/protobuf/protobuf-java/2.5.0/protobuf-java-2.5.0.jar:/home/user/.m2/repository/io/grpc/grpc-netty/1.29.0/grpc-netty-1.29.0.jar:/home/user/.m2/repository/io/grpc/grpc-core/1.29.0/grpc-core-1.29.0.jar:/home/user/.m2/repository/com/google/android/annotations/4.1.1.4/annotations-4.1.1.4.jar:/home/user/.m2/repository/io/perfmark/perfmark-api/0.19.0/perfmark-api-0.19.0.jar:/home/user/.m2/repository/io/netty/netty-codec-http2/4.1.48.Final/netty-codec-http2-4.1.48.Final.jar:/home/user/.m2/repository/io/netty/netty-codec/4.1.48.Final/netty-codec-4.1.48.Final.jar:/home/user/.m2/repository/io/netty/netty-handler/4.1.48.Final/netty-handler-4.1.48.Final.jar:/home/user/.m2/repository/io/netty/netty-codec-http/4.1.48.Final/netty-codec-http-4.1.48.Final.jar:/home/user/.m2/repository/io/netty/netty-handler-proxy/4.1.48.Final/netty-handler-proxy-4.1.48.Final.jar:/home/user/.m2/repository/io/netty/netty-codec-socks/4.1.48.Final/netty-codec-socks-4.1.48.Final.jar:/home/user/.m2/repository/io/netty/netty-transport-native-epoll/4.1.48.Final/netty-transport-native-epoll-4.1.48.Final.jar:/home/user/.m2/repository/io/netty/netty-common/4.1.48.Final/netty-common-4.1.48.Final.jar:/home/user/.m2/repository/io/netty/netty-buffer/4.1.48.Final/netty-buffer-4.1.48.Final.jar:/home/user/.m2/repository/io/netty/netty-transport/4.1.48.Final/netty-transport-4.1.48.Final.jar:/home/user/.m2/repository/io/netty/netty-resolver/4.1.48.Final/netty-resolver-4.1.48.Final.jar:/home/user/.m2/repository/io/netty/netty-transport-native-unix-common/4.1.48.Final/netty-transport-native-unix-common-4.1.48.Final.jar:/home/user/.m2/repository/io/grpc/grpc-protobuf/1.29.0/grpc-protobuf-1.29.0.jar:/home/user/.m2/repository/io/grpc/grpc-api/1.29.0/grpc-api-1.29.0.jar:/home/user/.m2/repository/io/grpc/grpc-context/1.29.0/grpc-context-1.29.0.jar:/home/user/.m2/repository/org/codehaus/mojo/animal-sniffer-annotations/1.18/animal-sniffer-annotations-1.18.jar:/home/user/.m2/repository/com/google/api/grpc/proto-google-common-protos/1.17.0/proto-google-common-protos-1.17.0.jar:/home/user/.m2/repository/io/grpc/grpc-protobuf-lite/1.29.0/grpc-protobuf-lite-1.29.0.jar:/home/user/.m2/repository/io/grpc/grpc-stub/1.29.0/grpc-stub-1.29.0.jar:/home/user/.m2/repository/org/apache/hadoop/hadoop-ozone-recon/0.6.0-SNAPSHOT/hadoop-ozone-recon-0.6.0-SNAPSHOT.jar:/home/user/.m2/repository/org/apache/hadoop/hadoop-ozone-reconcodegen/0.6.0-SNAPSHOT/hadoop-ozone-reconcodegen-0.6.0-SNAPSHOT.jar:/home/user/.m2/repository/com/google/inject/extensions/guice-multibindings/4.0/guice-multibindings-4.0.jar:/home/user/.m2/repository/com/google/inject/guice/4.0/guice-4.0.jar:/home/user/.m2/repository/aopalliance/aopalliance/1.0/aopalliance-1.0.jar:/home/user/.m2/repository/com/google/inject/extensions/guice-assistedinject/4.0/guice-assistedinject-4.0.jar:/home/user/.m2/repository/com/google/inject/extensions/guice-servlet/4.0/guice-servlet-4.0.jar:/home/user/.m2/repository/org/glassfish/jersey/containers/jersey-container-servlet/2.27/jersey-container-servlet-2.27.jar:/home/user/.m2/repository/org/glassfish/hk2/guice-bridge/2.5.0/guice-bridge-2.5.0.jar:/home/user/.m2/repository/org/glassfish/jersey/core/jersey-server/2.27/jersey-server-2.27.jar:/home/user/.m2/repository/org/glassfish/jersey/core/jersey-client/2.27/jersey-client-2.27.jar:/home/user/.m2/repository/org/glassfish/jersey/media/jersey-media-jaxb/2.27/jersey-media-jaxb-2.27.jar:/home/user/.m2/repository/javax/validation/validation-api/1.1.0.Final/validation-api-1.1.0.Final.jar:/home/user/.m2/repository/org/glassfish/jersey/media/jersey-media-json-jackson/2.27/jersey-media-json-jackson-2.27.jar:/home/user/.m2/repository/org/glassfish/jersey/ext/jersey-entity-filtering/2.27/jersey-entity-filtering-2.27.jar:/home/user/.m2/repository/org/jooq/jooq/3.11.10/jooq-3.11.10.jar:/home/user/.m2/repository/org/jooq/jooq-meta/3.11.10/jooq-meta-3.11.10.jar:/home/user/.m2/repository/org/jooq/jooq-codegen/3.11.10/jooq-codegen-3.11.10.jar:/home/user/.m2/repository/com/jolbox/bonecp/0.8.0.RELEASE/bonecp-0.8.0.RELEASE.jar:/home/user/.m2/repository/org/apache/derby/derby/10.14.2.0/derby-10.14.2.0.jar:/home/user/.m2/repository/org/xerial/sqlite-jdbc/3.25.2/sqlite-jdbc-3.25.2.jar:/home/user/.m2/repository/org/springframework/spring-jdbc/5.2.5.RELEASE/spring-jdbc-5.2.5.RELEASE.jar:/home/user/.m2/repository/org/springframework/spring-beans/5.2.5.RELEASE/spring-beans-5.2.5.RELEASE.jar:/home/user/.m2/repository/org/springframework/spring-core/5.2.5.RELEASE/spring-core-5.2.5.RELEASE.jar:/home/user/.m2/repository/org/springframework/spring-jcl/5.2.5.RELEASE/spring-jcl-5.2.5.RELEASE.jar:/home/user/.m2/repository/org/springframework/spring-tx/5.2.5.RELEASE/spring-tx-5.2.5.RELEASE.jar:/home/user/.m2/repository/org/apache/hadoop/hadoop-ozone-client/0.6.0-SNAPSHOT/hadoop-ozone-client-0.6.0-SNAPSHOT.jar:/home/user/.m2/repository/org/apache/hadoop/hadoop-ozone-filesystem/0.6.0-SNAPSHOT/hadoop-ozone-filesystem-0.6.0-SNAPSHOT.jar:/home/user/.m2/repository/org/apache/hadoop/hadoop-ozone-filesystem-common/0.6.0-SNAPSHOT/hadoop-ozone-filesystem-common-0.6.0-SNAPSHOT.jar:/home/user/.m2/repository/org/apache/hadoop/hadoop-ozone-tools/0.6.0-SNAPSHOT/hadoop-ozone-tools-0.6.0-SNAPSHOT.jar:/home/user/.m2/repository/org/apache/hadoop/hadoop-hdfs/3.2.1/hadoop-hdfs-3.2.1.jar:/home/user/.m2/repository/org/apache/ratis/ratis-tools/1.0.0/ratis-tools-1.0.0.jar:/home/user/.m2/repository/org/apache/ratis/ratis-proto/1.0.0/ratis-proto-1.0.0.jar:/home/user/.m2/repository/org/apache/ratis/ratis-common/1.0.0/ratis-common-1.0.0.jar:/home/user/.m2/repository/com/amazonaws/aws-java-sdk-core/1.11.615/aws-java-sdk-core-1.11.615.jar:/home/user/.m2/repository/org/apache/httpcomponents/httpclient/4.5.2/httpclient-4.5.2.jar:/home/user/.m2/repository/org/apache/httpcomponents/httpcore/4.4.4/httpcore-4.4.4.jar:/home/user/.m2/repository/software/amazon/ion/ion-java/1.0.2/ion-java-1.0.2.jar:/home/user/.m2/repository/com/fasterxml/jackson/dataformat/jackson-dataformat-cbor/2.10.3/jackson-dataformat-cbor-2.10.3.jar:/home/user/.m2/repository/joda-time/joda-time/2.8.1/joda-time-2.8.1.jar:/home/user/.m2/repository/com/amazonaws/aws-java-sdk-s3/1.11.615/aws-java-sdk-s3-1.11.615.jar:/home/user/.m2/repository/com/amazonaws/aws-java-sdk-kms/1.11.615/aws-java-sdk-kms-1.11.615.jar:/home/user/.m2/repository/com/amazonaws/jmespath-java/1.11.615/jmespath-java-1.11.615.jar:/home/user/.m2/repository/org/apache/hadoop/hadoop-hdds-tools/0.6.0-SNAPSHOT/hadoop-hdds-tools-0.6.0-SNAPSHOT.jar:/home/user/.m2/repository/commons-cli/commons-cli/1.2/commons-cli-1.2.jar:/home/user/.m2/repository/org/apache/commons/commons-lang3/3.7/commons-lang3-3.7.jar:/home/user/.m2/repository/org/apache/hadoop/hadoop-ozone-ozone-manager/0.6.0-SNAPSHOT/hadoop-ozone-ozone-manager-0.6.0-SNAPSHOT-tests.jar:/home/user/.m2/repository/junit/junit/4.11/junit-4.11.jar:/home/user/.m2/repository/org/hamcrest/hamcrest-core/1.3/hamcrest-core-1.3.jar:/home/user/.m2/repository/org/openjdk/jmh/jmh-core/1.19/jmh-core-1.19.jar:/home/user/.m2/repository/net/sf/jopt-simple/jopt-simple/4.6/jopt-simple-4.6.jar:/home/user/.m2/repository/org/apache/commons/commons-math3/3.1.1/commons-math3-3.1.1.jar:/home/user/.m2/repository/org/openjdk/jmh/jmh-generator-annprocess/1.19/jmh-generator-annprocess-1.19.jar:/home/user/.m2/repository/org/mockito/mockito-all/1.8.5/mockito-all-1.8.5.jar:/home/user/.m2/repository/org/apache/hadoop/hadoop-kms/3.2.1/hadoop-kms-3.2.1.jar:/home/user/.m2/repository/org/apache/hadoop/hadoop-auth/3.2.1/hadoop-auth-3.2.1.jar:/home/user/.m2/repository/com/nimbusds/nimbus-jose-jwt/7.9/nimbus-jose-jwt-7.9.jar:/home/user/.m2/repository/com/github/stephenc/jcip/jcip-annotations/1.0-1/jcip-annotations-1.0-1.jar:/home/user/.m2/repository/net/minidev/json-smart/2.3/json-smart-2.3.jar:/home/user/.m2/repository/net/minidev/accessors-smart/1.2/accessors-smart-1.2.jar:/home/user/.m2/repository/org/ow2/asm/asm/5.0.4/asm-5.0.4.jar:/home/user/.m2/repository/org/apache/zookeeper/zookeeper/3.4.13/zookeeper-3.4.13.jar:/home/user/.m2/repository/org/apache/yetus/audience-annotations/0.5.0/audience-annotations-0.5.0.jar:/home/user/.m2/repository/org/apache/curator/curator-framework/2.13.0/curator-framework-2.13.0.jar:/home/user/.m2/repository/com/sun/jersey/jersey-core/1.19/jersey-core-1.19.jar:/home/user/.m2/repository/javax/ws/rs/jsr311-api/1.1.1/jsr311-api-1.1.1.jar:/home/user/.m2/repository/com/sun/jersey/jersey-server/1.19/jersey-server-1.19.jar:/home/user/.m2/repository/javax/servlet/javax.servlet-api/3.1.0/javax.servlet-api-3.1.0.jar:/home/user/.m2/repository/org/eclipse/jetty/jetty-server/9.4.26.v20200117/jetty-server-9.4.26.v20200117.jar:/home/user/.m2/repository/org/eclipse/jetty/jetty-http/9.4.26.v20200117/jetty-http-9.4.26.v20200117.jar:/home/user/.m2/repository/org/eclipse/jetty/jetty-io/9.4.26.v20200117/jetty-io-9.4.26.v20200117.jar:/home/user/.m2/repository/org/eclipse/jetty/jetty-webapp/9.4.26.v20200117/jetty-webapp-9.4.26.v20200117.jar:/home/user/.m2/repository/org/eclipse/jetty/jetty-xml/9.4.26.v20200117/jetty-xml-9.4.26.v20200117.jar:/home/user/.m2/repository/org/eclipse/jetty/jetty-servlet/9.4.26.v20200117/jetty-servlet-9.4.26.v20200117.jar:/home/user/.m2/repository/org/eclipse/jetty/jetty-security/9.4.26.v20200117/jetty-security-9.4.26.v20200117.jar:/home/user/.m2/repository/org/apache/hadoop/hadoop-common/3.2.1/hadoop-common-3.2.1.jar:/home/user/.m2/repository/commons-net/commons-net/3.6/commons-net-3.6.jar:/home/user/.m2/repository/commons-collections/commons-collections/3.2.2/commons-collections-3.2.2.jar:/home/user/.m2/repository/com/sun/jersey/jersey-servlet/1.19/jersey-servlet-1.19.jar:/home/user/.m2/repository/com/sun/jersey/jersey-json/1.19/jersey-json-1.19.jar:/home/user/.m2/repository/org/codehaus/jettison/jettison/1.1/jettison-1.1.jar:/home/user/.m2/repository/org/codehaus/jackson/jackson-jaxrs/1.9.2/jackson-jaxrs-1.9.2.jar:/home/user/.m2/repository/org/codehaus/jackson/jackson-xc/1.9.2/jackson-xc-1.9.2.jar:/home/user/.m2/repository/commons-beanutils/commons-beanutils/1.9.4/commons-beanutils-1.9.4.jar:/home/user/.m2/repository/org/apache/commons/commons-configuration2/2.1.1/commons-configuration2-2.1.1.jar:/home/user/.m2/repository/org/apache/commons/commons-text/1.4/commons-text-1.4.jar:/home/user/.m2/repository/com/google/re2j/re2j/1.1/re2j-1.1.jar:/home/user/.m2/repository/com/jcraft/jsch/0.1.54/jsch-0.1.54.jar:/home/user/.m2/repository/org/apache/curator/curator-client/2.13.0/curator-client-2.13.0.jar:/home/user/.m2/repository/org/apache/curator/curator-recipes/2.13.0/curator-recipes-2.13.0.jar:/home/user/.m2/repository/dnsjava/dnsjava/2.1.7/dnsjava-2.1.7.jar:/home/user/.m2/repository/org/slf4j/jul-to-slf4j/1.7.25/jul-to-slf4j-1.7.25.jar:/home/user/.m2/repository/org/eclipse/jetty/jetty-util/9.4.26.v20200117/jetty-util-9.4.26.v20200117.jar:/home/user/.m2/repository/com/fasterxml/jackson/core/jackson-databind/2.10.3/jackson-databind-2.10.3.jar:/home/user/.m2/repository/org/apache/hadoop/hadoop-kms/3.2.1/hadoop-kms-3.2.1-tests.jar:/home/user/.m2/repository/org/apache/hadoop/hadoop-hdds-server-scm/0.6.0-SNAPSHOT/hadoop-hdds-server-scm-0.6.0-SNAPSHOT-tests.jar:/home/user/.m2/repository/org/apache/hadoop/hadoop-hdds-container-service/0.6.0-SNAPSHOT/hadoop-hdds-container-service-0.6.0-SNAPSHOT-tests.jar:/home/user/.m2/repository/org/apache/hadoop/hadoop-hdds-common/0.6.0-SNAPSHOT/hadoop-hdds-common-0.6.0-SNAPSHOT-tests.jar:/home/user/.m2/repository/org/yaml/snakeyaml/1.16/snakeyaml-1.16.jar:/home/user/.m2/repository/org/apache/hadoop/hadoop-hdds-hadoop-dependency-test/0.6.0-SNAPSHOT/hadoop-hdds-hadoop-dependency-test-0.6.0-SNAPSHOT.jar:/home/user/.m2/repository/org/apache/hadoop/hadoop-common/3.2.1/hadoop-common-3.2.1-tests.jar:/home/user/.m2/repository/javax/servlet/jsp/jsp-api/2.1/jsp-api-2.1.jar:/home/user/.m2/repository/org/apache/hadoop/hadoop-hdfs/3.2.1/hadoop-hdfs-3.2.1-tests.jar:/home/user/.m2/repository/org/eclipse/jetty/jetty-util-ajax/9.4.26.v20200117/jetty-util-ajax-9.4.26.v20200117.jar:/home/user/.m2/repository/commons-codec/commons-codec/1.11/commons-codec-1.11.jar:/home/user/.m2/repository/commons-daemon/commons-daemon/1.0.13/commons-daemon-1.0.13.jar:/home/user/.m2/repository/io/netty/netty/3.10.5.Final/netty-3.10.5.Final.jar:/home/user/.m2/repository/io/netty/netty-all/4.1.48.Final/netty-all-4.1.48.Final.jar:/home/user/.m2/repository/org/apache/htrace/htrace-core4/4.1.0-incubating/htrace-core4-4.1.0-incubating.jar:/home/user/.m2/repository/org/fusesource/leveldbjni/leveldbjni-all/1.8/leveldbjni-all-1.8.jar:/home/user/.m2/repository/org/apache/hadoop/hadoop-distcp/3.2.1/hadoop-distcp-3.2.1.jar:/home/user/.m2/repository/org/apache/hadoop/hadoop-mapreduce-client-jobclient/3.2.1/hadoop-mapreduce-client-jobclient-3.2.1.jar:/home/user/.m2/repository/org/apache/hadoop/hadoop-mapreduce-client-common/3.2.1/hadoop-mapreduce-client-common-3.2.1.jar:/home/user/.m2/repository/org/apache/hadoop/hadoop-yarn-common/3.2.1/hadoop-yarn-common-3.2.1.jar:/home/user/.m2/repository/org/apache/hadoop/hadoop-yarn-api/3.2.1/hadoop-yarn-api-3.2.1.jar:/home/user/.m2/repository/com/sun/jersey/jersey-client/1.19/jersey-client-1.19.jar:/home/user/.m2/repository/com/sun/jersey/contribs/jersey-guice/1.19/jersey-guice-1.19.jar:/home/user/.m2/repository/com/fasterxml/jackson/jaxrs/jackson-jaxrs-json-provider/2.10.3/jackson-jaxrs-json-provider-2.10.3.jar:/home/user/.m2/repository/com/fasterxml/jackson/jaxrs/jackson-jaxrs-base/2.10.3/jackson-jaxrs-base-2.10.3.jar:/home/user/.m2/repository/org/apache/hadoop/hadoop-yarn-client/3.2.1/hadoop-yarn-client-3.2.1.jar:/home/user/.m2/repository/org/apache/hadoop/hadoop-mapreduce-client-core/3.2.1/hadoop-mapreduce-client-core-3.2.1.jar:/home/user/.m2/repository/org/apache/avro/avro/1.7.7/avro-1.7.7.jar:/home/user/.m2/repository/org/codehaus/jackson/jackson-core-asl/1.9.13/jackson-core-asl-1.9.13.jar:/home/user/.m2/repository/org/codehaus/jackson/jackson-mapper-asl/1.9.13/jackson-mapper-asl-1.9.13.jar:/home/user/.m2/repository/com/thoughtworks/paranamer/paranamer/2.3/paranamer-2.3.jar:/home/user/.m2/repository/org/xerial/snappy/snappy-java/1.0.5/snappy-java-1.0.5.jar:/home/user/.m2/repository/org/apache/hadoop/hadoop-annotations/3.2.1/hadoop-annotations-3.2.1.jar:/usr/lib/jvm/java-1.8.0-openjdk-1.8.0.232.b09-0.el7_7.x86_64/jre/../lib/tools.jar:/home/user/.m2/repository/org/apache/hadoop/hadoop-distcp/3.2.1/hadoop-distcp-3.2.1-tests.jar:"/>
    <property name="java.vm.vendor" value="Oracle Corporation"/>
    <property name="sun.arch.data.model" value="64"/>
    <property name="test.build.dir" value="/github/workspace/mnt/ozone/hadoop-ozone/integration-test/target/test-dir"/>
    <property name="test.cache.data" value=""/>
    <property name="java.vendor.url" value="http://java.oracle.com/"/>
    <property name="user.timezone" value=""/>
    <property name="java.vm.specification.version" value="1.8"/>
    <property name="os.name" value="Linux"/>
    <property name="test.build.data" value="/github/workspace/mnt/ozone/hadoop-ozone/integration-test/target/test-dir"/>
    <property name="user.country" value="US"/>
    <property name="sun.java.launcher" value="SUN_STANDARD"/>
    <property name="sun.boot.library.path" value="/usr/lib/jvm/java-1.8.0-openjdk-1.8.0.232.b09-0.el7_7.x86_64/jre/lib/amd64"/>
    <property name="sun.java.command" value="/github/workspace/mnt/ozone/hadoop-ozone/integration-test/target/surefire/surefirebooter2538569049617184730.jar /github/workspace/mnt/ozone/hadoop-ozone/integration-test/target/surefire 2020-07-22T12-20-58_617-jvmRun1 surefire7589787467715225757tmp surefire_93764684807293544366tmp"/>
    <property name="surefire.test.class.path" value="/github/workspace/mnt/ozone/hadoop-ozone/integration-test/target/test-classes:/github/workspace/mnt/ozone/hadoop-ozone/integration-test/target/classes:/home/user/.m2/repository/org/apache/hadoop/hadoop-ozone-common/0.6.0-SNAPSHOT/hadoop-ozone-common-0.6.0-SNAPSHOT.jar:/home/user/.m2/repository/org/apache/commons/commons-compress/1.4.1/commons-compress-1.4.1.jar:/home/user/.m2/repository/org/tukaani/xz/1.0/xz-1.0.jar:/home/user/.m2/repository/org/apache/hadoop/hadoop-hdds-common/0.6.0-SNAPSHOT/hadoop-hdds-common-0.6.0-SNAPSHOT.jar:/home/user/.m2/repository/org/apache/hadoop/hadoop-hdds-hadoop-dependency-client/0.6.0-SNAPSHOT/hadoop-hdds-hadoop-dependency-client-0.6.0-SNAPSHOT.jar:/home/user/.m2/repository/info/picocli/picocli/3.9.6/picocli-3.9.6.jar:/home/user/.m2/repository/com/fasterxml/jackson/core/jackson-annotations/2.10.3/jackson-annotations-2.10.3.jar:/home/user/.m2/repository/javax/annotation/javax.annotation-api/1.2/javax.annotation-api-1.2.jar:/home/user/.m2/repository/org/apache/ratis/ratis-server/1.0.0/ratis-server-1.0.0.jar:/home/user/.m2/repository/org/apache/ratis/ratis-client/1.0.0/ratis-client-1.0.0.jar:/home/user/.m2/repository/org/apache/ratis/ratis-metrics/1.0.0/ratis-metrics-1.0.0.jar:/home/user/.m2/repository/org/apache/ratis/ratis-netty/1.0.0/ratis-netty-1.0.0.jar:/home/user/.m2/repository/org/apache/ratis/ratis-grpc/1.0.0/ratis-grpc-1.0.0.jar:/home/user/.m2/repository/org/apache/logging/log4j/log4j-api/2.11.0/log4j-api-2.11.0.jar:/home/user/.m2/repository/org/apache/logging/log4j/log4j-core/2.11.0/log4j-core-2.11.0.jar:/home/user/.m2/repository/com/lmax/disruptor/3.4.2/disruptor-3.4.2.jar:/home/user/.m2/repository/org/apache/commons/commons-pool2/2.6.0/commons-pool2-2.6.0.jar:/home/user/.m2/repository/org/bouncycastle/bcpkix-jdk15on/1.60/bcpkix-jdk15on-1.60.jar:/home/user/.m2/repository/commons-validator/commons-validator/1.6/commons-validator-1.6.jar:/home/user/.m2/repository/commons-digester/commons-digester/1.8.1/commons-digester-1.8.1.jar:/home/user/.m2/repository/io/jaegertracing/jaeger-client/1.2.0/jaeger-client-1.2.0.jar:/home/user/.m2/repository/io/jaegertracing/jaeger-thrift/1.2.0/jaeger-thrift-1.2.0.jar:/home/user/.m2/repository/org/apache/thrift/libthrift/0.13.0/libthrift-0.13.0.jar:/home/user/.m2/repository/com/squareup/okhttp3/okhttp/4.2.2/okhttp-4.2.2.jar:/home/user/.m2/repository/com/squareup/okio/okio/2.2.2/okio-2.2.2.jar:/home/user/.m2/repository/org/jetbrains/kotlin/kotlin-stdlib/1.3.50/kotlin-stdlib-1.3.50.jar:/home/user/.m2/repository/org/jetbrains/kotlin/kotlin-stdlib-common/1.3.50/kotlin-stdlib-common-1.3.50.jar:/home/user/.m2/repository/org/jetbrains/annotations/13.0/annotations-13.0.jar:/home/user/.m2/repository/io/jaegertracing/jaeger-core/1.2.0/jaeger-core-1.2.0.jar:/home/user/.m2/repository/io/jaegertracing/jaeger-tracerresolver/1.2.0/jaeger-tracerresolver-1.2.0.jar:/home/user/.m2/repository/io/opentracing/contrib/opentracing-tracerresolver/0.1.8/opentracing-tracerresolver-0.1.8.jar:/home/user/.m2/repository/io/opentracing/opentracing-util/0.33.0/opentracing-util-0.33.0.jar:/home/user/.m2/repository/io/opentracing/opentracing-api/0.33.0/opentracing-api-0.33.0.jar:/home/user/.m2/repository/io/opentracing/opentracing-noop/0.33.0/opentracing-noop-0.33.0.jar:/home/user/.m2/repository/org/apache/hadoop/hadoop-hdds-client/0.6.0-SNAPSHOT/hadoop-hdds-client-0.6.0-SNAPSHOT.jar:/home/user/.m2/repository/org/apache/hadoop/hadoop-ozone-interface-client/0.6.0-SNAPSHOT/hadoop-ozone-interface-client-0.6.0-SNAPSHOT.jar:/home/user/.m2/repository/org/apache/hadoop/hadoop-hdds-test-utils/0.6.0-SNAPSHOT/hadoop-hdds-test-utils-0.6.0-SNAPSHOT.jar:/home/user/.m2/repository/com/google/guava/guava/28.2-jre/guava-28.2-jre.jar:/home/user/.m2/repository/com/google/guava/failureaccess/1.0.1/failureaccess-1.0.1.jar:/home/user/.m2/repository/com/google/guava/listenablefuture/9999.0-empty-to-avoid-conflict-with-guava/listenablefuture-9999.0-empty-to-avoid-conflict-with-guava.jar:/home/user/.m2/repository/com/google/code/findbugs/jsr305/3.0.0/jsr305-3.0.0.jar:/home/user/.m2/repository/org/checkerframework/checker-qual/2.10.0/checker-qual-2.10.0.jar:/home/user/.m2/repository/com/google/errorprone/error_prone_annotations/2.2.0/error_prone_annotations-2.2.0.jar:/home/user/.m2/repository/com/google/j2objc/j2objc-annotations/1.3/j2objc-annotations-1.3.jar:/home/user/.m2/repository/commons-io/commons-io/2.5/commons-io-2.5.jar:/home/user/.m2/repository/commons-logging/commons-logging/1.2/commons-logging-1.2.jar:/home/user/.m2/repository/log4j/log4j/1.2.17/log4j-1.2.17.jar:/home/user/.m2/repository/org/slf4j/slf4j-api/1.7.25/slf4j-api-1.7.25.jar:/home/user/.m2/repository/org/apache/hadoop/hadoop-hdds-server-scm/0.6.0-SNAPSHOT/hadoop-hdds-server-scm-0.6.0-SNAPSHOT.jar:/home/user/.m2/repository/org/apache/hadoop/hadoop-hdds-container-service/0.6.0-SNAPSHOT/hadoop-hdds-container-service-0.6.0-SNAPSHOT.jar:/home/user/.m2/repository/org/apache/hadoop/hadoop-hdds-hadoop-dependency-server/0.6.0-SNAPSHOT/hadoop-hdds-hadoop-dependency-server-0.6.0-SNAPSHOT.jar:/home/user/.m2/repository/org/apache/hadoop/hadoop-hdds-server-framework/0.6.0-SNAPSHOT/hadoop-hdds-server-framework-0.6.0-SNAPSHOT.jar:/home/user/.m2/repository/org/apache/hadoop/hadoop-hdds-interface-server/0.6.0-SNAPSHOT/hadoop-hdds-interface-server-0.6.0-SNAPSHOT.jar:/home/user/.m2/repository/org/apache/hadoop/hadoop-hdds-interface-admin/0.6.0-SNAPSHOT/hadoop-hdds-interface-admin-0.6.0-SNAPSHOT.jar:/home/user/.m2/repository/org/rocksdb/rocksdbjni/6.8.1/rocksdbjni-6.8.1.jar:/home/user/.m2/repository/io/prometheus/simpleclient_dropwizard/0.7.0/simpleclient_dropwizard-0.7.0.jar:/home/user/.m2/repository/io/prometheus/simpleclient/0.7.0/simpleclient-0.7.0.jar:/home/user/.m2/repository/io/prometheus/simpleclient_common/0.7.0/simpleclient_common-0.7.0.jar:/home/user/.m2/repository/com/fasterxml/jackson/datatype/jackson-datatype-jsr310/2.10.3/jackson-datatype-jsr310-2.10.3.jar:/home/user/.m2/repository/org/apache/hadoop/hadoop-hdds-docs/0.6.0-SNAPSHOT/hadoop-hdds-docs-0.6.0-SNAPSHOT.jar:/home/user/.m2/repository/io/dropwizard/metrics/metrics-core/3.2.4/metrics-core-3.2.4.jar:/home/user/.m2/repository/org/apache/hadoop/hadoop-hdfs-client/3.2.1/hadoop-hdfs-client-3.2.1.jar:/home/user/.m2/repository/org/bouncycastle/bcprov-jdk15on/1.60/bcprov-jdk15on-1.60.jar:/home/user/.m2/repository/org/apache/hadoop/hadoop-ozone-ozone-manager/0.6.0-SNAPSHOT/hadoop-ozone-ozone-manager-0.6.0-SNAPSHOT.jar:/home/user/.m2/repository/org/apache/hadoop/hadoop-hdds-interface-client/0.6.0-SNAPSHOT/hadoop-hdds-interface-client-0.6.0-SNAPSHOT.jar:/home/user/.m2/repository/org/apache/ratis/ratis-thirdparty-misc/0.5.0/ratis-thirdparty-misc-0.5.0.jar:/home/user/.m2/repository/org/apache/hadoop/hadoop-minikdc/3.2.1/hadoop-minikdc-3.2.1.jar:/home/user/.m2/repository/org/apache/kerby/kerb-simplekdc/1.0.1/kerb-simplekdc-1.0.1.jar:/home/user/.m2/repository/org/apache/kerby/kerb-client/1.0.1/kerb-client-1.0.1.jar:/home/user/.m2/repository/org/apache/kerby/kerby-config/1.0.1/kerby-config-1.0.1.jar:/home/user/.m2/repository/org/apache/kerby/kerb-core/1.0.1/kerb-core-1.0.1.jar:/home/user/.m2/repository/org/apache/kerby/kerby-pkix/1.0.1/kerby-pkix-1.0.1.jar:/home/user/.m2/repository/org/apache/kerby/kerby-asn1/1.0.1/kerby-asn1-1.0.1.jar:/home/user/.m2/repository/org/apache/kerby/kerby-util/1.0.1/kerby-util-1.0.1.jar:/home/user/.m2/repository/org/apache/kerby/kerb-common/1.0.1/kerb-common-1.0.1.jar:/home/user/.m2/repository/org/apache/kerby/kerb-crypto/1.0.1/kerb-crypto-1.0.1.jar:/home/user/.m2/repository/org/apache/kerby/kerb-util/1.0.1/kerb-util-1.0.1.jar:/home/user/.m2/repository/org/apache/kerby/token-provider/1.0.1/token-provider-1.0.1.jar:/home/user/.m2/repository/org/apache/kerby/kerb-admin/1.0.1/kerb-admin-1.0.1.jar:/home/user/.m2/repository/org/apache/kerby/kerb-server/1.0.1/kerb-server-1.0.1.jar:/home/user/.m2/repository/org/apache/kerby/kerb-identity/1.0.1/kerb-identity-1.0.1.jar:/home/user/.m2/repository/org/apache/kerby/kerby-xdr/1.0.1/kerby-xdr-1.0.1.jar:/home/user/.m2/repository/org/slf4j/slf4j-log4j12/1.7.25/slf4j-log4j12-1.7.25.jar:/home/user/.m2/repository/org/apache/hadoop/hadoop-ozone-s3gateway/0.6.0-SNAPSHOT/hadoop-ozone-s3gateway-0.6.0-SNAPSHOT.jar:/home/user/.m2/repository/org/jboss/weld/servlet/weld-servlet/2.4.7.Final/weld-servlet-2.4.7.Final.jar:/home/user/.m2/repository/org/glassfish/jersey/containers/jersey-container-servlet-core/2.27/jersey-container-servlet-core-2.27.jar:/home/user/.m2/repository/org/glassfish/hk2/external/javax.inject/2.5.0-b42/javax.inject-2.5.0-b42.jar:/home/user/.m2/repository/org/glassfish/jersey/core/jersey-common/2.27/jersey-common-2.27.jar:/home/user/.m2/repository/org/glassfish/hk2/osgi-resource-locator/1.0.1/osgi-resource-locator-1.0.1.jar:/home/user/.m2/repository/javax/ws/rs/javax.ws.rs-api/2.1/javax.ws.rs-api-2.1.jar:/home/user/.m2/repository/org/glassfish/jersey/ext/cdi/jersey-cdi1x/2.27/jersey-cdi1x-2.27.jar:/home/user/.m2/repository/org/glassfish/jersey/inject/jersey-hk2/2.27/jersey-hk2-2.27.jar:/home/user/.m2/repository/org/glassfish/hk2/hk2-locator/2.5.0-b42/hk2-locator-2.5.0-b42.jar:/home/user/.m2/repository/org/javassist/javassist/3.22.0-CR2/javassist-3.22.0-CR2.jar:/home/user/.m2/repository/org/glassfish/hk2/hk2-api/2.5.0/hk2-api-2.5.0.jar:/home/user/.m2/repository/org/glassfish/hk2/external/jakarta.inject/2.5.0/jakarta.inject-2.5.0.jar:/home/user/.m2/repository/org/glassfish/hk2/hk2-utils/2.5.0/hk2-utils-2.5.0.jar:/home/user/.m2/repository/jakarta/annotation/jakarta.annotation-api/1.3.4/jakarta.annotation-api-1.3.4.jar:/home/user/.m2/repository/org/glassfish/hk2/external/aopalliance-repackaged/2.5.0/aopalliance-repackaged-2.5.0.jar:/home/user/.m2/repository/com/fasterxml/jackson/dataformat/jackson-dataformat-xml/2.10.3/jackson-dataformat-xml-2.10.3.jar:/home/user/.m2/repository/com/fasterxml/jackson/core/jackson-core/2.10.3/jackson-core-2.10.3.jar:/home/user/.m2/repository/com/fasterxml/jackson/module/jackson-module-jaxb-annotations/2.10.3/jackson-module-jaxb-annotations-2.10.3.jar:/home/user/.m2/repository/jakarta/xml/bind/jakarta.xml.bind-api/2.3.2/jakarta.xml.bind-api-2.3.2.jar:/home/user/.m2/repository/jakarta/activation/jakarta.activation-api/1.2.1/jakarta.activation-api-1.2.1.jar:/home/user/.m2/repository/org/codehaus/woodstox/stax2-api/3.1.4/stax2-api-3.1.4.jar:/home/user/.m2/repository/com/fasterxml/woodstox/woodstox-core/5.0.3/woodstox-core-5.0.3.jar:/home/user/.m2/repository/javax/enterprise/cdi-api/1.2/cdi-api-1.2.jar:/home/user/.m2/repository/javax/el/javax.el-api/3.0.0/javax.el-api-3.0.0.jar:/home/user/.m2/repository/javax/interceptor/javax.interceptor-api/1.2/javax.interceptor-api-1.2.jar:/home/user/.m2/repository/javax/inject/javax.inject/1/javax.inject-1.jar:/home/user/.m2/repository/com/sun/xml/bind/jaxb-impl/2.3.0.1/jaxb-impl-2.3.0.1.jar:/home/user/.m2/repository/com/sun/xml/bind/jaxb-core/2.3.0.1/jaxb-core-2.3.0.1.jar:/home/user/.m2/repository/javax/xml/bind/jaxb-api/2.3.0/jaxb-api-2.3.0.jar:/home/user/.m2/repository/javax/activation/activation/1.1.1/activation-1.1.1.jar:/home/user/.m2/repository/org/apache/hadoop/hadoop-ozone-csi/0.6.0-SNAPSHOT/hadoop-ozone-csi-0.6.0-SNAPSHOT.jar:/home/user/.m2/repository/com/google/protobuf/protobuf-java-util/3.11.0/protobuf-java-util-3.11.0.jar:/home/user/.m2/repository/com/google/code/gson/gson/2.2.4/gson-2.2.4.jar:/home/user/.m2/repository/org/apache/hadoop/hadoop-hdds-config/0.6.0-SNAPSHOT/hadoop-hdds-config-0.6.0-SNAPSHOT.jar:/home/user/.m2/repository/com/google/protobuf/protobuf-java/2.5.0/protobuf-java-2.5.0.jar:/home/user/.m2/repository/io/grpc/grpc-netty/1.29.0/grpc-netty-1.29.0.jar:/home/user/.m2/repository/io/grpc/grpc-core/1.29.0/grpc-core-1.29.0.jar:/home/user/.m2/repository/com/google/android/annotations/4.1.1.4/annotations-4.1.1.4.jar:/home/user/.m2/repository/io/perfmark/perfmark-api/0.19.0/perfmark-api-0.19.0.jar:/home/user/.m2/repository/io/netty/netty-codec-http2/4.1.48.Final/netty-codec-http2-4.1.48.Final.jar:/home/user/.m2/repository/io/netty/netty-codec/4.1.48.Final/netty-codec-4.1.48.Final.jar:/home/user/.m2/repository/io/netty/netty-handler/4.1.48.Final/netty-handler-4.1.48.Final.jar:/home/user/.m2/repository/io/netty/netty-codec-http/4.1.48.Final/netty-codec-http-4.1.48.Final.jar:/home/user/.m2/repository/io/netty/netty-handler-proxy/4.1.48.Final/netty-handler-proxy-4.1.48.Final.jar:/home/user/.m2/repository/io/netty/netty-codec-socks/4.1.48.Final/netty-codec-socks-4.1.48.Final.jar:/home/user/.m2/repository/io/netty/netty-transport-native-epoll/4.1.48.Final/netty-transport-native-epoll-4.1.48.Final.jar:/home/user/.m2/repository/io/netty/netty-common/4.1.48.Final/netty-common-4.1.48.Final.jar:/home/user/.m2/repository/io/netty/netty-buffer/4.1.48.Final/netty-buffer-4.1.48.Final.jar:/home/user/.m2/repository/io/netty/netty-transport/4.1.48.Final/netty-transport-4.1.48.Final.jar:/home/user/.m2/repository/io/netty/netty-resolver/4.1.48.Final/netty-resolver-4.1.48.Final.jar:/home/user/.m2/repository/io/netty/netty-transport-native-unix-common/4.1.48.Final/netty-transport-native-unix-common-4.1.48.Final.jar:/home/user/.m2/repository/io/grpc/grpc-protobuf/1.29.0/grpc-protobuf-1.29.0.jar:/home/user/.m2/repository/io/grpc/grpc-api/1.29.0/grpc-api-1.29.0.jar:/home/user/.m2/repository/io/grpc/grpc-context/1.29.0/grpc-context-1.29.0.jar:/home/user/.m2/repository/org/codehaus/mojo/animal-sniffer-annotations/1.18/animal-sniffer-annotations-1.18.jar:/home/user/.m2/repository/com/google/api/grpc/proto-google-common-protos/1.17.0/proto-google-common-protos-1.17.0.jar:/home/user/.m2/repository/io/grpc/grpc-protobuf-lite/1.29.0/grpc-protobuf-lite-1.29.0.jar:/home/user/.m2/repository/io/grpc/grpc-stub/1.29.0/grpc-stub-1.29.0.jar:/home/user/.m2/repository/org/apache/hadoop/hadoop-ozone-recon/0.6.0-SNAPSHOT/hadoop-ozone-recon-0.6.0-SNAPSHOT.jar:/home/user/.m2/repository/org/apache/hadoop/hadoop-ozone-reconcodegen/0.6.0-SNAPSHOT/hadoop-ozone-reconcodegen-0.6.0-SNAPSHOT.jar:/home/user/.m2/repository/com/google/inject/extensions/guice-multibindings/4.0/guice-multibindings-4.0.jar:/home/user/.m2/repository/com/google/inject/guice/4.0/guice-4.0.jar:/home/user/.m2/repository/aopalliance/aopalliance/1.0/aopalliance-1.0.jar:/home/user/.m2/repository/com/google/inject/extensions/guice-assistedinject/4.0/guice-assistedinject-4.0.jar:/home/user/.m2/repository/com/google/inject/extensions/guice-servlet/4.0/guice-servlet-4.0.jar:/home/user/.m2/repository/org/glassfish/jersey/containers/jersey-container-servlet/2.27/jersey-container-servlet-2.27.jar:/home/user/.m2/repository/org/glassfish/hk2/guice-bridge/2.5.0/guice-bridge-2.5.0.jar:/home/user/.m2/repository/org/glassfish/jersey/core/jersey-server/2.27/jersey-server-2.27.jar:/home/user/.m2/repository/org/glassfish/jersey/core/jersey-client/2.27/jersey-client-2.27.jar:/home/user/.m2/repository/org/glassfish/jersey/media/jersey-media-jaxb/2.27/jersey-media-jaxb-2.27.jar:/home/user/.m2/repository/javax/validation/validation-api/1.1.0.Final/validation-api-1.1.0.Final.jar:/home/user/.m2/repository/org/glassfish/jersey/media/jersey-media-json-jackson/2.27/jersey-media-json-jackson-2.27.jar:/home/user/.m2/repository/org/glassfish/jersey/ext/jersey-entity-filtering/2.27/jersey-entity-filtering-2.27.jar:/home/user/.m2/repository/org/jooq/jooq/3.11.10/jooq-3.11.10.jar:/home/user/.m2/repository/org/jooq/jooq-meta/3.11.10/jooq-meta-3.11.10.jar:/home/user/.m2/repository/org/jooq/jooq-codegen/3.11.10/jooq-codegen-3.11.10.jar:/home/user/.m2/repository/com/jolbox/bonecp/0.8.0.RELEASE/bonecp-0.8.0.RELEASE.jar:/home/user/.m2/repository/org/apache/derby/derby/10.14.2.0/derby-10.14.2.0.jar:/home/user/.m2/repository/org/xerial/sqlite-jdbc/3.25.2/sqlite-jdbc-3.25.2.jar:/home/user/.m2/repository/org/springframework/spring-jdbc/5.2.5.RELEASE/spring-jdbc-5.2.5.RELEASE.jar:/home/user/.m2/repository/org/springframework/spring-beans/5.2.5.RELEASE/spring-beans-5.2.5.RELEASE.jar:/home/user/.m2/repository/org/springframework/spring-core/5.2.5.RELEASE/spring-core-5.2.5.RELEASE.jar:/home/user/.m2/repository/org/springframework/spring-jcl/5.2.5.RELEASE/spring-jcl-5.2.5.RELEASE.jar:/home/user/.m2/repository/org/springframework/spring-tx/5.2.5.RELEASE/spring-tx-5.2.5.RELEASE.jar:/home/user/.m2/repository/org/apache/hadoop/hadoop-ozone-client/0.6.0-SNAPSHOT/hadoop-ozone-client-0.6.0-SNAPSHOT.jar:/home/user/.m2/repository/org/apache/hadoop/hadoop-ozone-filesystem/0.6.0-SNAPSHOT/hadoop-ozone-filesystem-0.6.0-SNAPSHOT.jar:/home/user/.m2/repository/org/apache/hadoop/hadoop-ozone-filesystem-common/0.6.0-SNAPSHOT/hadoop-ozone-filesystem-common-0.6.0-SNAPSHOT.jar:/home/user/.m2/repository/org/apache/hadoop/hadoop-ozone-tools/0.6.0-SNAPSHOT/hadoop-ozone-tools-0.6.0-SNAPSHOT.jar:/home/user/.m2/repository/org/apache/hadoop/hadoop-hdfs/3.2.1/hadoop-hdfs-3.2.1.jar:/home/user/.m2/repository/org/apache/ratis/ratis-tools/1.0.0/ratis-tools-1.0.0.jar:/home/user/.m2/repository/org/apache/ratis/ratis-proto/1.0.0/ratis-proto-1.0.0.jar:/home/user/.m2/repository/org/apache/ratis/ratis-common/1.0.0/ratis-common-1.0.0.jar:/home/user/.m2/repository/com/amazonaws/aws-java-sdk-core/1.11.615/aws-java-sdk-core-1.11.615.jar:/home/user/.m2/repository/org/apache/httpcomponents/httpclient/4.5.2/httpclient-4.5.2.jar:/home/user/.m2/repository/org/apache/httpcomponents/httpcore/4.4.4/httpcore-4.4.4.jar:/home/user/.m2/repository/software/amazon/ion/ion-java/1.0.2/ion-java-1.0.2.jar:/home/user/.m2/repository/com/fasterxml/jackson/dataformat/jackson-dataformat-cbor/2.10.3/jackson-dataformat-cbor-2.10.3.jar:/home/user/.m2/repository/joda-time/joda-time/2.8.1/joda-time-2.8.1.jar:/home/user/.m2/repository/com/amazonaws/aws-java-sdk-s3/1.11.615/aws-java-sdk-s3-1.11.615.jar:/home/user/.m2/repository/com/amazonaws/aws-java-sdk-kms/1.11.615/aws-java-sdk-kms-1.11.615.jar:/home/user/.m2/repository/com/amazonaws/jmespath-java/1.11.615/jmespath-java-1.11.615.jar:/home/user/.m2/repository/org/apache/hadoop/hadoop-hdds-tools/0.6.0-SNAPSHOT/hadoop-hdds-tools-0.6.0-SNAPSHOT.jar:/home/user/.m2/repository/commons-cli/commons-cli/1.2/commons-cli-1.2.jar:/home/user/.m2/repository/org/apache/commons/commons-lang3/3.7/commons-lang3-3.7.jar:/home/user/.m2/repository/org/apache/hadoop/hadoop-ozone-ozone-manager/0.6.0-SNAPSHOT/hadoop-ozone-ozone-manager-0.6.0-SNAPSHOT-tests.jar:/home/user/.m2/repository/junit/junit/4.11/junit-4.11.jar:/home/user/.m2/repository/org/hamcrest/hamcrest-core/1.3/hamcrest-core-1.3.jar:/home/user/.m2/repository/org/openjdk/jmh/jmh-core/1.19/jmh-core-1.19.jar:/home/user/.m2/repository/net/sf/jopt-simple/jopt-simple/4.6/jopt-simple-4.6.jar:/home/user/.m2/repository/org/apache/commons/commons-math3/3.1.1/commons-math3-3.1.1.jar:/home/user/.m2/repository/org/openjdk/jmh/jmh-generator-annprocess/1.19/jmh-generator-annprocess-1.19.jar:/home/user/.m2/repository/org/mockito/mockito-all/1.8.5/mockito-all-1.8.5.jar:/home/user/.m2/repository/org/apache/hadoop/hadoop-kms/3.2.1/hadoop-kms-3.2.1.jar:/home/user/.m2/repository/org/apache/hadoop/hadoop-auth/3.2.1/hadoop-auth-3.2.1.jar:/home/user/.m2/repository/com/nimbusds/nimbus-jose-jwt/7.9/nimbus-jose-jwt-7.9.jar:/home/user/.m2/repository/com/github/stephenc/jcip/jcip-annotations/1.0-1/jcip-annotations-1.0-1.jar:/home/user/.m2/repository/net/minidev/json-smart/2.3/json-smart-2.3.jar:/home/user/.m2/repository/net/minidev/accessors-smart/1.2/accessors-smart-1.2.jar:/home/user/.m2/repository/org/ow2/asm/asm/5.0.4/asm-5.0.4.jar:/home/user/.m2/repository/org/apache/zookeeper/zookeeper/3.4.13/zookeeper-3.4.13.jar:/home/user/.m2/repository/org/apache/yetus/audience-annotations/0.5.0/audience-annotations-0.5.0.jar:/home/user/.m2/repository/org/apache/curator/curator-framework/2.13.0/curator-framework-2.13.0.jar:/home/user/.m2/repository/com/sun/jersey/jersey-core/1.19/jersey-core-1.19.jar:/home/user/.m2/repository/javax/ws/rs/jsr311-api/1.1.1/jsr311-api-1.1.1.jar:/home/user/.m2/repository/com/sun/jersey/jersey-server/1.19/jersey-server-1.19.jar:/home/user/.m2/repository/javax/servlet/javax.servlet-api/3.1.0/javax.servlet-api-3.1.0.jar:/home/user/.m2/repository/org/eclipse/jetty/jetty-server/9.4.26.v20200117/jetty-server-9.4.26.v20200117.jar:/home/user/.m2/repository/org/eclipse/jetty/jetty-http/9.4.26.v20200117/jetty-http-9.4.26.v20200117.jar:/home/user/.m2/repository/org/eclipse/jetty/jetty-io/9.4.26.v20200117/jetty-io-9.4.26.v20200117.jar:/home/user/.m2/repository/org/eclipse/jetty/jetty-webapp/9.4.26.v20200117/jetty-webapp-9.4.26.v20200117.jar:/home/user/.m2/repository/org/eclipse/jetty/jetty-xml/9.4.26.v20200117/jetty-xml-9.4.26.v20200117.jar:/home/user/.m2/repository/org/eclipse/jetty/jetty-servlet/9.4.26.v20200117/jetty-servlet-9.4.26.v20200117.jar:/home/user/.m2/repository/org/eclipse/jetty/jetty-security/9.4.26.v20200117/jetty-security-9.4.26.v20200117.jar:/home/user/.m2/repository/org/apache/hadoop/hadoop-common/3.2.1/hadoop-common-3.2.1.jar:/home/user/.m2/repository/commons-net/commons-net/3.6/commons-net-3.6.jar:/home/user/.m2/repository/commons-collections/commons-collections/3.2.2/commons-collections-3.2.2.jar:/home/user/.m2/repository/com/sun/jersey/jersey-servlet/1.19/jersey-servlet-1.19.jar:/home/user/.m2/repository/com/sun/jersey/jersey-json/1.19/jersey-json-1.19.jar:/home/user/.m2/repository/org/codehaus/jettison/jettison/1.1/jettison-1.1.jar:/home/user/.m2/repository/org/codehaus/jackson/jackson-jaxrs/1.9.2/jackson-jaxrs-1.9.2.jar:/home/user/.m2/repository/org/codehaus/jackson/jackson-xc/1.9.2/jackson-xc-1.9.2.jar:/home/user/.m2/repository/commons-beanutils/commons-beanutils/1.9.4/commons-beanutils-1.9.4.jar:/home/user/.m2/repository/org/apache/commons/commons-configuration2/2.1.1/commons-configuration2-2.1.1.jar:/home/user/.m2/repository/org/apache/commons/commons-text/1.4/commons-text-1.4.jar:/home/user/.m2/repository/com/google/re2j/re2j/1.1/re2j-1.1.jar:/home/user/.m2/repository/com/jcraft/jsch/0.1.54/jsch-0.1.54.jar:/home/user/.m2/repository/org/apache/curator/curator-client/2.13.0/curator-client-2.13.0.jar:/home/user/.m2/repository/org/apache/curator/curator-recipes/2.13.0/curator-recipes-2.13.0.jar:/home/user/.m2/repository/dnsjava/dnsjava/2.1.7/dnsjava-2.1.7.jar:/home/user/.m2/repository/org/slf4j/jul-to-slf4j/1.7.25/jul-to-slf4j-1.7.25.jar:/home/user/.m2/repository/org/eclipse/jetty/jetty-util/9.4.26.v20200117/jetty-util-9.4.26.v20200117.jar:/home/user/.m2/repository/com/fasterxml/jackson/core/jackson-databind/2.10.3/jackson-databind-2.10.3.jar:/home/user/.m2/repository/org/apache/hadoop/hadoop-kms/3.2.1/hadoop-kms-3.2.1-tests.jar:/home/user/.m2/repository/org/apache/hadoop/hadoop-hdds-server-scm/0.6.0-SNAPSHOT/hadoop-hdds-server-scm-0.6.0-SNAPSHOT-tests.jar:/home/user/.m2/repository/org/apache/hadoop/hadoop-hdds-container-service/0.6.0-SNAPSHOT/hadoop-hdds-container-service-0.6.0-SNAPSHOT-tests.jar:/home/user/.m2/repository/org/apache/hadoop/hadoop-hdds-common/0.6.0-SNAPSHOT/hadoop-hdds-common-0.6.0-SNAPSHOT-tests.jar:/home/user/.m2/repository/org/yaml/snakeyaml/1.16/snakeyaml-1.16.jar:/home/user/.m2/repository/org/apache/hadoop/hadoop-hdds-hadoop-dependency-test/0.6.0-SNAPSHOT/hadoop-hdds-hadoop-dependency-test-0.6.0-SNAPSHOT.jar:/home/user/.m2/repository/org/apache/hadoop/hadoop-common/3.2.1/hadoop-common-3.2.1-tests.jar:/home/user/.m2/repository/javax/servlet/jsp/jsp-api/2.1/jsp-api-2.1.jar:/home/user/.m2/repository/org/apache/hadoop/hadoop-hdfs/3.2.1/hadoop-hdfs-3.2.1-tests.jar:/home/user/.m2/repository/org/eclipse/jetty/jetty-util-ajax/9.4.26.v20200117/jetty-util-ajax-9.4.26.v20200117.jar:/home/user/.m2/repository/commons-codec/commons-codec/1.11/commons-codec-1.11.jar:/home/user/.m2/repository/commons-daemon/commons-daemon/1.0.13/commons-daemon-1.0.13.jar:/home/user/.m2/repository/io/netty/netty/3.10.5.Final/netty-3.10.5.Final.jar:/home/user/.m2/repository/io/netty/netty-all/4.1.48.Final/netty-all-4.1.48.Final.jar:/home/user/.m2/repository/org/apache/htrace/htrace-core4/4.1.0-incubating/htrace-core4-4.1.0-incubating.jar:/home/user/.m2/repository/org/fusesource/leveldbjni/leveldbjni-all/1.8/leveldbjni-all-1.8.jar:/home/user/.m2/repository/org/apache/hadoop/hadoop-distcp/3.2.1/hadoop-distcp-3.2.1.jar:/home/user/.m2/repository/org/apache/hadoop/hadoop-mapreduce-client-jobclient/3.2.1/hadoop-mapreduce-client-jobclient-3.2.1.jar:/home/user/.m2/repository/org/apache/hadoop/hadoop-mapreduce-client-common/3.2.1/hadoop-mapreduce-client-common-3.2.1.jar:/home/user/.m2/repository/org/apache/hadoop/hadoop-yarn-common/3.2.1/hadoop-yarn-common-3.2.1.jar:/home/user/.m2/repository/org/apache/hadoop/hadoop-yarn-api/3.2.1/hadoop-yarn-api-3.2.1.jar:/home/user/.m2/repository/com/sun/jersey/jersey-client/1.19/jersey-client-1.19.jar:/home/user/.m2/repository/com/sun/jersey/contribs/jersey-guice/1.19/jersey-guice-1.19.jar:/home/user/.m2/repository/com/fasterxml/jackson/jaxrs/jackson-jaxrs-json-provider/2.10.3/jackson-jaxrs-json-provider-2.10.3.jar:/home/user/.m2/repository/com/fasterxml/jackson/jaxrs/jackson-jaxrs-base/2.10.3/jackson-jaxrs-base-2.10.3.jar:/home/user/.m2/repository/org/apache/hadoop/hadoop-yarn-client/3.2.1/hadoop-yarn-client-3.2.1.jar:/home/user/.m2/repository/org/apache/hadoop/hadoop-mapreduce-client-core/3.2.1/hadoop-mapreduce-client-core-3.2.1.jar:/home/user/.m2/repository/org/apache/avro/avro/1.7.7/avro-1.7.7.jar:/home/user/.m2/repository/org/codehaus/jackson/jackson-core-asl/1.9.13/jackson-core-asl-1.9.13.jar:/home/user/.m2/repository/org/codehaus/jackson/jackson-mapper-asl/1.9.13/jackson-mapper-asl-1.9.13.jar:/home/user/.m2/repository/com/thoughtworks/paranamer/paranamer/2.3/paranamer-2.3.jar:/home/user/.m2/repository/org/xerial/snappy/snappy-java/1.0.5/snappy-java-1.0.5.jar:/home/user/.m2/repository/org/apache/hadoop/hadoop-annotations/3.2.1/hadoop-annotations-3.2.1.jar:/usr/lib/jvm/java-1.8.0-openjdk-1.8.0.232.b09-0.el7_7.x86_64/jre/../lib/tools.jar:/home/user/.m2/repository/org/apache/hadoop/hadoop-distcp/3.2.1/hadoop-distcp-3.2.1-tests.jar:"/>
    <property name="sun.cpu.endian" value="little"/>
    <property name="user.home" value="/home/user"/>
    <property name="user.language" value="en"/>
    <property name="java.specification.vendor" value="Oracle Corporation"/>
    <property name="java.home" value="/usr/lib/jvm/java-1.8.0-openjdk-1.8.0.232.b09-0.el7_7.x86_64/jre"/>
    <property name="java.security.krb5.conf" value="/github/workspace/mnt/ozone/hadoop-ozone/integration-test/target/test-classes/krb5.conf"/>
    <property name="basedir" value="/github/workspace/mnt/ozone/hadoop-ozone/integration-test"/>
    <property name="file.separator" value="/"/>
    <property name="line.separator" value="&#10;"/>
    <property name="java.vm.specification.vendor" value="Oracle Corporation"/>
    <property name="java.specification.name" value="Java Platform API Specification"/>
    <property name="java.awt.graphicsenv" value="sun.awt.X11GraphicsEnvironment"/>
    <property name="skip.installnpx" value="true"/>
    <property name="surefire.real.class.path" value="/github/workspace/mnt/ozone/hadoop-ozone/integration-test/target/surefire/surefirebooter2538569049617184730.jar:/home/user/.m2/repository/org/jacoco/org.jacoco.agent/0.8.5/org.jacoco.agent-0.8.5-runtime.jar"/>
    <property name="hadoop.log.dir" value="/github/workspace/mnt/ozone/hadoop-ozone/integration-test/target/log"/>
    <property name="sun.boot.class.path" value="/usr/lib/jvm/java-1.8.0-openjdk-1.8.0.232.b09-0.el7_7.x86_64/jre/lib/resources.jar:/usr/lib/jvm/java-1.8.0-openjdk-1.8.0.232.b09-0.el7_7.x86_64/jre/lib/rt.jar:/usr/lib/jvm/java-1.8.0-openjdk-1.8.0.232.b09-0.el7_7.x86_64/jre/lib/sunrsasign.jar:/usr/lib/jvm/java-1.8.0-openjdk-1.8.0.232.b09-0.el7_7.x86_64/jre/lib/jsse.jar:/usr/lib/jvm/java-1.8.0-openjdk-1.8.0.232.b09-0.el7_7.x86_64/jre/lib/jce.jar:/usr/lib/jvm/java-1.8.0-openjdk-1.8.0.232.b09-0.el7_7.x86_64/jre/lib/charsets.jar:/usr/lib/jvm/java-1.8.0-openjdk-1.8.0.232.b09-0.el7_7.x86_64/jre/lib/jfr.jar:/usr/lib/jvm/java-1.8.0-openjdk-1.8.0.232.b09-0.el7_7.x86_64/jre/classes"/>
    <property name="sun.management.compiler" value="HotSpot 64-Bit Tiered Compilers"/>
    <property name="skip.npx" value="true"/>
    <property name="java.runtime.version" value="1.8.0_232-b09"/>
    <property name="java.net.preferIPv4Stack" value="true"/>
    <property name="user.name" value="jenkins1001"/>
    <property name="path.separator" value=":"/>
    <property name="java.security.egd" value="file:///dev/urandom"/>
    <property name="os.version" value="5.3.0-1032-azure"/>
    <property name="java.endorsed.dirs" value="/usr/lib/jvm/java-1.8.0-openjdk-1.8.0.232.b09-0.el7_7.x86_64/jre/lib/endorsed"/>
    <property name="java.runtime.name" value="OpenJDK Runtime Environment"/>
    <property name="file.encoding" value="ANSI_X3.4-1968"/>
    <property name="java.vm.name" value="OpenJDK 64-Bit Server VM"/>
    <property name="test.build.webapps" value=""/>
    <property name="localRepository" value="/home/user/.m2/repository"/>
    <property name="java.vendor.url.bug" value="http://bugreport.sun.com/bugreport/"/>
    <property name="java.io.tmpdir" value="/tmp"/>
    <property name="require.test.libhadoop" value=""/>
    <property name="java.version" value="1.8.0_232"/>
    <property name="user.dir" value="/github/workspace/mnt/ozone/hadoop-ozone/integration-test"/>
    <property name="os.arch" value="amd64"/>
    <property name="java.vm.specification.name" value="Java Virtual Machine Specification"/>
    <property name="test.build.classes" value="/github/workspace/mnt/ozone/hadoop-ozone/integration-test/target/test-classes"/>
    <property name="java.awt.printerjob" value="sun.print.PSPrinterJob"/>
    <property name="sun.os.patch.level" value="unknown"/>
    <property name="hadoop.tmp.dir" value="/github/workspace/mnt/ozone/hadoop-ozone/integration-test/target/tmp"/>
    <property name="java.library.path" value="/usr/lib:/usr/java/packages/lib/amd64:/usr/lib64:/lib64:/lib:/usr/lib"/>
    <property name="java.vm.info" value="mixed mode"/>
    <property name="java.vendor" value="Oracle Corporation"/>
    <property name="java.vm.version" value="25.232-b09"/>
    <property name="java.ext.dirs" value="/usr/lib/jvm/java-1.8.0-openjdk-1.8.0.232.b09-0.el7_7.x86_64/jre/lib/ext:/usr/java/packages/lib/ext"/>
    <property name="sun.io.unicode.encoding" value="UnicodeLittle"/>
    <property name="java.class.version" value="52.0"/>
  </properties>
  <testcase name="testWatchForCommitWithKeyWrite" classname="org.apache.hadoop.ozone.client.rpc.TestWatchForCommit" time="68.663"/>
  <testcase name="testWatchForCommitForRetryfailure" classname="org.apache.hadoop.ozone.client.rpc.TestWatchForCommit" time="69.519"/>
  <testcase name="testWatchForCommitForGroupMismatchException" classname="org.apache.hadoop.ozone.client.rpc.TestWatchForCommit" time="39.021">
    <error message="13de87ee-83ad-45df-97c4-bee39bf390b1: Group group-8E549E931988 not found." type="java.io.IOException">java.io.IOException: 13de87ee-83ad-45df-97c4-bee39bf390b1: Group group-8E549E931988 not found.
	at org.apache.hadoop.ozone.container.common.transport.server.ratis.XceiverServerRatis.removeGroup(XceiverServerRatis.java:740)
	at org.apache.hadoop.ozone.container.TestHelper.waitForPipelineClose(TestHelper.java:220)
	at org.apache.hadoop.ozone.client.rpc.TestWatchForCommit.testWatchForCommitForGroupMismatchException(TestWatchForCommit.java:344)
	at sun.reflect.NativeMethodAccessorImpl.invoke0(Native Method)
	at sun.reflect.NativeMethodAccessorImpl.invoke(NativeMethodAccessorImpl.java:62)
	at sun.reflect.DelegatingMethodAccessorImpl.invoke(DelegatingMethodAccessorImpl.java:43)
	at java.lang.reflect.Method.invoke(Method.java:498)
	at org.junit.runners.model.FrameworkMethod$1.runReflectiveCall(FrameworkMethod.java:47)
	at org.junit.internal.runners.model.ReflectiveCallable.run(ReflectiveCallable.java:12)
	at org.junit.runners.model.FrameworkMethod.invokeExplosively(FrameworkMethod.java:44)
	at org.junit.internal.runners.statements.InvokeMethod.evaluate(InvokeMethod.java:17)
	at org.junit.internal.runners.statements.RunBefores.evaluate(RunBefores.java:26)
	at org.junit.internal.runners.statements.RunAfters.evaluate(RunAfters.java:27)
	at org.junit.runners.ParentRunner.runLeaf(ParentRunner.java:271)
	at org.junit.runners.BlockJUnit4ClassRunner.runChild(BlockJUnit4ClassRunner.java:70)
	at org.junit.runners.BlockJUnit4ClassRunner.runChild(BlockJUnit4ClassRunner.java:50)
	at org.junit.runners.ParentRunner$3.run(ParentRunner.java:238)
	at org.junit.runners.ParentRunner$1.schedule(ParentRunner.java:63)
	at org.junit.runners.ParentRunner.runChildren(ParentRunner.java:236)
	at org.junit.runners.ParentRunner.access$000(ParentRunner.java:53)
	at org.junit.runners.ParentRunner$2.evaluate(ParentRunner.java:229)
	at org.junit.runners.ParentRunner.run(ParentRunner.java:309)
	at org.apache.maven.surefire.junit4.JUnit4Provider.execute(JUnit4Provider.java:365)
	at org.apache.maven.surefire.junit4.JUnit4Provider.executeWithRerun(JUnit4Provider.java:273)
	at org.apache.maven.surefire.junit4.JUnit4Provider.executeTestSet(JUnit4Provider.java:238)
	at org.apache.maven.surefire.junit4.JUnit4Provider.invoke(JUnit4Provider.java:159)
	at org.apache.maven.surefire.booter.ForkedBooter.invokeProviderInSameClassLoader(ForkedBooter.java:384)
	at org.apache.maven.surefire.booter.ForkedBooter.runSuitesInProcess(ForkedBooter.java:345)
	at org.apache.maven.surefire.booter.ForkedBooter.execute(ForkedBooter.java:126)
	at org.apache.maven.surefire.booter.ForkedBooter.main(ForkedBooter.java:418)
Caused by: org.apache.ratis.protocol.GroupMismatchException: 13de87ee-83ad-45df-97c4-bee39bf390b1: Group group-8E549E931988 not found.
	at org.apache.ratis.server.impl.RaftServerProxy.groupRemoveAsync(RaftServerProxy.java:414)
	at org.apache.ratis.server.impl.RaftServerProxy.groupManagementAsync(RaftServerProxy.java:372)
	at org.apache.ratis.server.impl.RaftServerProxy.groupManagement(RaftServerProxy.java:355)
	at org.apache.hadoop.ozone.container.common.transport.server.ratis.XceiverServerRatis.removeGroup(XceiverServerRatis.java:738)
	... 29 more
</error>
    <system-out><![CDATA[2020-07-22 12:33:28,536 [Listener at 127.0.0.1/38405] WARN  server.ServerUtils (ServerUtils.java:getScmDbDir(148)) - ozone.scm.db.dirs is not configured. We recommend adding this setting. Falling back to ozone.metadata.dirs instead.
2020-07-22 12:33:28,538 [Listener at 127.0.0.1/38405] WARN  server.ServerUtils (ServerUtils.java:getScmDbDir(148)) - ozone.scm.db.dirs is not configured. We recommend adding this setting. Falling back to ozone.metadata.dirs instead.
2020-07-22 12:33:28,538 [Listener at 127.0.0.1/38405] WARN  db.DBStoreBuilder (DBStoreBuilder.java:createDBStoreBuilder(277)) - ozone.scm.db.dirs is not configured. We recommend adding this setting. Falling back to ozone.metadata.dirs instead.
2020-07-22 12:33:28,564 [Listener at 127.0.0.1/38405] INFO  net.NodeSchemaLoader (NodeSchemaLoader.java:loadSchemaFromFile(126)) - Loading file from sun.misc.CompoundEnumeration@a151493
2020-07-22 12:33:28,564 [Listener at 127.0.0.1/38405] INFO  net.NodeSchemaLoader (NodeSchemaLoader.java:loadSchema(172)) - Loading network topology layer schema file
2020-07-22 12:33:28,567 [Listener at 127.0.0.1/38405] INFO  node.SCMNodeManager (SCMNodeManager.java:<init>(116)) - Entering startup safe mode.
2020-07-22 12:33:28,568 [Listener at 127.0.0.1/38405] INFO  algorithms.ContainerPlacementPolicyFactory (ContainerPlacementPolicyFactory.java:getPolicy(60)) - Create container placement policy of type org.apache.hadoop.hdds.scm.container.placement.algorithms.SCMContainerPlacementRandom
2020-07-22 12:33:28,569 [Listener at 127.0.0.1/38405] INFO  pipeline.SCMPipelineManager (SCMPipelineManager.java:initializePipelineState(158)) - No pipeline exists in current db
2020-07-22 12:33:28,572 [Listener at 127.0.0.1/38405] INFO  safemode.HealthyPipelineSafeModeRule (HealthyPipelineSafeModeRule.java:<init>(89)) - Total pipeline count is 0, healthy pipeline threshold count is 0
2020-07-22 12:33:28,572 [Listener at 127.0.0.1/38405] INFO  safemode.OneReplicaPipelineSafeModeRule (OneReplicaPipelineSafeModeRule.java:<init>(79)) - Total pipeline count is 0, pipeline's with at least one datanode reported threshold count is 0
2020-07-22 12:33:28,574 [RatisPipelineUtilsThread] ERROR pipeline.SCMPipelineManager (SCMPipelineManager.java:createPipeline(275)) - Failed to create pipeline of type RATIS and factor ONE. Exception: Cannot create pipeline of factor 1 using 0 nodes. Used 0 nodes. Healthy nodes 0
2020-07-22 12:33:28,574 [Listener at 127.0.0.1/38405] INFO  ipc.CallQueueManager (CallQueueManager.java:<init>(84)) - Using callQueue: class java.util.concurrent.LinkedBlockingQueue, queueCapacity: 2000, scheduler: class org.apache.hadoop.ipc.DefaultRpcScheduler, ipcBackoff: false.
2020-07-22 12:33:28,575 [Socket Reader #1 for port 0] INFO  ipc.Server (Server.java:run(1219)) - Starting Socket Reader #1 for port 0
2020-07-22 12:33:28,577 [Listener at 0.0.0.0/36033] INFO  ipc.CallQueueManager (CallQueueManager.java:<init>(84)) - Using callQueue: class java.util.concurrent.LinkedBlockingQueue, queueCapacity: 2000, scheduler: class org.apache.hadoop.ipc.DefaultRpcScheduler, ipcBackoff: false.
2020-07-22 12:33:28,578 [Socket Reader #1 for port 0] INFO  ipc.Server (Server.java:run(1219)) - Starting Socket Reader #1 for port 0
2020-07-22 12:33:28,581 [Listener at 0.0.0.0/39143] INFO  ipc.CallQueueManager (CallQueueManager.java:<init>(84)) - Using callQueue: class java.util.concurrent.LinkedBlockingQueue, queueCapacity: 2000, scheduler: class org.apache.hadoop.ipc.DefaultRpcScheduler, ipcBackoff: false.
2020-07-22 12:33:28,581 [Socket Reader #1 for port 0] INFO  ipc.Server (Server.java:run(1219)) - Starting Socket Reader #1 for port 0
2020-07-22 12:33:28,586 [Listener at 0.0.0.0/34263] INFO  http.BaseHttpServer (BaseHttpServer.java:newHttpServer2BuilderForOzone(207)) - Starting Web-server for scm at: http://0.0.0.0:0
2020-07-22 12:33:28,586 [Listener at 0.0.0.0/34263] INFO  http.BaseHttpServer (BaseHttpServer.java:<init>(106)) - Hadoop Security Enabled: false Ozone Security Enabled: false Ozone HTTP Security Enabled: false 
2020-07-22 12:33:28,587 [Listener at 0.0.0.0/34263] INFO  server.AuthenticationFilter (AuthenticationFilter.java:constructSecretProvider(240)) - Unable to initialize FileSignerSecretProvider, falling back to use random secrets.
2020-07-22 12:33:28,587 [Listener at 0.0.0.0/34263] WARN  http.HttpRequestLog (HttpRequestLog.java:getRequestLog(103)) - Jetty request log can only be enabled using Log4j
2020-07-22 12:33:28,588 [Listener at 0.0.0.0/34263] INFO  http.HttpServer2 (HttpServer2.java:addGlobalFilter(998)) - Added global filter 'safety' (class=org.apache.hadoop.hdds.server.http.HttpServer2$QuotingInputFilter)
2020-07-22 12:33:28,589 [Listener at 0.0.0.0/34263] INFO  http.HttpServer2 (HttpServer2.java:addFilter(974)) - Added filter static_user_filter (class=org.apache.hadoop.http.lib.StaticUserWebFilter$StaticUserFilter) to context scm
2020-07-22 12:33:28,589 [Listener at 0.0.0.0/34263] INFO  http.HttpServer2 (HttpServer2.java:addFilter(982)) - Added filter static_user_filter (class=org.apache.hadoop.http.lib.StaticUserWebFilter$StaticUserFilter) to context logs
2020-07-22 12:33:28,589 [Listener at 0.0.0.0/34263] INFO  http.HttpServer2 (HttpServer2.java:addFilter(982)) - Added filter static_user_filter (class=org.apache.hadoop.http.lib.StaticUserWebFilter$StaticUserFilter) to context static
2020-07-22 12:33:28,593 [Listener at 0.0.0.0/34263] INFO  server.StorageContainerManager (StorageContainerManager.java:start(784)) - StorageContainerLocationProtocol RPC server is listening at /0.0.0.0:34263
2020-07-22 12:33:28,594 [Listener at 0.0.0.0/34263] WARN  impl.MetricsConfig (MetricsConfig.java:loadFirst(134)) - Cannot locate configuration: tried hadoop-metrics2-storagecontainermanager.properties,hadoop-metrics2.properties
2020-07-22 12:33:28,595 [Listener at 0.0.0.0/34263] INFO  impl.MetricsSystemImpl (MetricsSystemImpl.java:startTimer(374)) - Scheduled Metric snapshot period at 10 second(s).
2020-07-22 12:33:28,595 [Listener at 0.0.0.0/34263] INFO  impl.MetricsSystemImpl (MetricsSystemImpl.java:start(191)) - StorageContainerManager metrics system started
2020-07-22 12:33:28,623 [Listener at 0.0.0.0/34263] WARN  impl.MetricsSystemImpl (MetricsSystemImpl.java:register(276)) - Sink prometheus already exists!
2020-07-22 12:33:28,632 [Listener at 0.0.0.0/34263] INFO  server.SCMClientProtocolServer (SCMClientProtocolServer.java:start(156)) - RPC server for Client  is listening at /0.0.0.0:34263
2020-07-22 12:33:28,632 [IPC Server Responder] INFO  ipc.Server (Server.java:run(1460)) - IPC Server Responder: starting
2020-07-22 12:33:28,633 [IPC Server listener on 0] INFO  ipc.Server (Server.java:run(1298)) - IPC Server listener on 0: starting
2020-07-22 12:33:28,645 [Listener at 0.0.0.0/34263] INFO  server.StorageContainerManager (StorageContainerManager.java:start(796)) - ScmBlockLocationProtocol RPC server is listening at /0.0.0.0:39143
2020-07-22 12:33:28,645 [Listener at 0.0.0.0/34263] INFO  server.SCMBlockProtocolServer (SCMBlockProtocolServer.java:start(149)) - RPC server for Block Protocol is listening at /0.0.0.0:39143
2020-07-22 12:33:28,647 [IPC Server Responder] INFO  ipc.Server (Server.java:run(1460)) - IPC Server Responder: starting
2020-07-22 12:33:28,649 [IPC Server listener on 0] INFO  ipc.Server (Server.java:run(1298)) - IPC Server listener on 0: starting
2020-07-22 12:33:28,655 [Listener at 0.0.0.0/34263] INFO  server.StorageContainerManager (StorageContainerManager.java:start(802)) - ScmDatanodeProtocl RPC server is listening at /0.0.0.0:36033
2020-07-22 12:33:28,655 [Listener at 0.0.0.0/34263] INFO  server.SCMDatanodeProtocolServer (SCMDatanodeProtocolServer.java:start(172)) - RPC server for DataNodes is listening at /0.0.0.0:36033
2020-07-22 12:33:28,656 [IPC Server Responder] INFO  ipc.Server (Server.java:run(1460)) - IPC Server Responder: starting
2020-07-22 12:33:28,661 [IPC Server listener on 0] INFO  ipc.Server (Server.java:run(1298)) - IPC Server listener on 0: starting
2020-07-22 12:33:28,667 [Listener at 0.0.0.0/34263] INFO  http.HttpServer2 (HttpServer2.java:bindListener(1216)) - Jetty bound to port 40325
2020-07-22 12:33:28,667 [Listener at 0.0.0.0/34263] INFO  server.Server (Server.java:doStart(359)) - jetty-9.4.26.v20200117; built: 2020-01-17T12:35:33.676Z; git: 7b38981d25d14afb4a12ff1f2596756144edf695; jvm 1.8.0_232-b09
2020-07-22 12:33:28,670 [Listener at 0.0.0.0/34263] INFO  server.session (DefaultSessionIdManager.java:doStart(333)) - DefaultSessionIdManager workerName=node0
2020-07-22 12:33:28,670 [Listener at 0.0.0.0/34263] INFO  server.session (DefaultSessionIdManager.java:doStart(338)) - No SessionScavenger set, using defaults
2020-07-22 12:33:28,670 [Listener at 0.0.0.0/34263] INFO  server.session (HouseKeeper.java:startScavenging(140)) - node0 Scavenging every 660000ms
2020-07-22 12:33:28,671 [Listener at 0.0.0.0/34263] INFO  handler.ContextHandler (ContextHandler.java:doStart(825)) - Started o.e.j.s.ServletContextHandler@7146e9a4{logs,/logs,file:///github/workspace/mnt/ozone/hadoop-ozone/integration-test/target/log,AVAILABLE}
2020-07-22 12:33:28,671 [Listener at 0.0.0.0/34263] INFO  handler.ContextHandler (ContextHandler.java:doStart(825)) - Started o.e.j.s.ServletContextHandler@52c86b9f{static,/static,file:///github/workspace/mnt/ozone/hadoop-ozone/integration-test/target/test-classes/webapps/static,AVAILABLE}
2020-07-22 12:33:28,675 [Listener at 0.0.0.0/34263] INFO  handler.ContextHandler (ContextHandler.java:doStart(825)) - Started o.e.j.w.WebAppContext@303b9e6e{scm,/,file:///github/workspace/mnt/ozone/hadoop-ozone/integration-test/target/test-classes/webapps/scm/,AVAILABLE}{file:/github/workspace/mnt/ozone/hadoop-ozone/integration-test/target/test-classes/webapps/scm}
2020-07-22 12:33:28,676 [Listener at 0.0.0.0/34263] INFO  server.AbstractConnector (AbstractConnector.java:doStart(330)) - Started ServerConnector@402cdf60{HTTP/1.1,[http/1.1]}{0.0.0.0:40325}
2020-07-22 12:33:28,677 [Listener at 0.0.0.0/34263] INFO  server.Server (Server.java:doStart(399)) - Started @139181ms
2020-07-22 12:33:28,677 [Listener at 0.0.0.0/34263] WARN  impl.MetricsSystemImpl (MetricsSystemImpl.java:register(276)) - Sink prometheus already exists!
2020-07-22 12:33:28,682 [Listener at 0.0.0.0/34263] INFO  http.BaseHttpServer (BaseHttpServer.java:updateConnectorAddress(327)) - HTTP server of scm listening at http://0.0.0.0:40325
2020-07-22 12:33:28,683 [Listener at 0.0.0.0/34263] WARN  server.ServerUtils (ServerUtils.java:getDBPath(225)) - ozone.om.db.dirs is not configured. We recommend adding this setting. Falling back to ozone.metadata.dirs instead.
2020-07-22 12:33:28,683 [org.apache.hadoop.util.JvmPauseMonitor$Monitor@48dad22b] INFO  util.JvmPauseMonitor (JvmPauseMonitor.java:run(188)) - Starting JVM pause monitor
2020-07-22 12:33:28,684 [Listener at 0.0.0.0/34263] INFO  ha.OMHANodeDetails (OMHANodeDetails.java:loadOMHAConfig(104)) - ozone.om.internal.service.id is not defined, falling back to ozone.om.service.ids to find serviceID for OzoneManager if it is HA enabled cluster
2020-07-22 12:33:28,684 [Listener at 0.0.0.0/34263] INFO  ha.OMHANodeDetails (OMHANodeDetails.java:loadOMHAConfig(213)) - Configuration either no ozone.om.address set. Falling back to the default OM address /127.0.0.1:0
2020-07-22 12:33:28,685 [Listener at 0.0.0.0/34263] INFO  ha.OMHANodeDetails (OMHANodeDetails.java:getOMNodeDetails(241)) - OM Service ID is not set. Setting it to the default ID: omServiceIdDefault
2020-07-22 12:33:28,685 [Listener at 0.0.0.0/34263] WARN  server.ServerUtils (ServerUtils.java:getDBPath(225)) - ozone.om.db.dirs is not configured. We recommend adding this setting. Falling back to ozone.metadata.dirs instead.
2020-07-22 12:33:28,685 [Listener at 0.0.0.0/34263] WARN  server.ServerUtils (ServerUtils.java:getDBPath(225)) - ozone.om.db.dirs is not configured. We recommend adding this setting. Falling back to ozone.metadata.dirs instead.
2020-07-22 12:33:28,689 [Listener at 0.0.0.0/34263] WARN  server.ServerUtils (ServerUtils.java:getDBPath(225)) - ozone.om.db.dirs is not configured. We recommend adding this setting. Falling back to ozone.metadata.dirs instead.
2020-07-22 12:33:28,744 [Listener at 0.0.0.0/34263] INFO  ipc.CallQueueManager (CallQueueManager.java:<init>(84)) - Using callQueue: class java.util.concurrent.LinkedBlockingQueue, queueCapacity: 2000, scheduler: class org.apache.hadoop.ipc.DefaultRpcScheduler, ipcBackoff: false.
2020-07-22 12:33:28,745 [Socket Reader #1 for port 0] INFO  ipc.Server (Server.java:run(1219)) - Starting Socket Reader #1 for port 0
2020-07-22 12:33:28,762 [Listener at 127.0.0.1/42799] INFO  impl.MetricsSystemImpl (MetricsSystemImpl.java:init(158)) - OzoneManager metrics system started (again)
2020-07-22 12:33:28,763 [Listener at 127.0.0.1/42799] INFO  om.OzoneManager (OzoneManager.java:start(1101)) - OzoneManager RPC server is listening at localhost/127.0.0.1:42799
2020-07-22 12:33:28,766 [IPC Server Responder] INFO  ipc.Server (Server.java:run(1460)) - IPC Server Responder: starting
2020-07-22 12:33:28,769 [IPC Server listener on 0] INFO  ipc.Server (Server.java:run(1298)) - IPC Server listener on 0: starting
2020-07-22 12:33:28,780 [Listener at 127.0.0.1/42799] INFO  http.BaseHttpServer (BaseHttpServer.java:newHttpServer2BuilderForOzone(207)) - Starting Web-server for ozoneManager at: http://0.0.0.0:0
2020-07-22 12:33:28,780 [Listener at 127.0.0.1/42799] INFO  http.BaseHttpServer (BaseHttpServer.java:<init>(106)) - Hadoop Security Enabled: false Ozone Security Enabled: false Ozone HTTP Security Enabled: false 
2020-07-22 12:33:28,781 [Listener at 127.0.0.1/42799] INFO  server.AuthenticationFilter (AuthenticationFilter.java:constructSecretProvider(240)) - Unable to initialize FileSignerSecretProvider, falling back to use random secrets.
2020-07-22 12:33:28,782 [Listener at 127.0.0.1/42799] WARN  http.HttpRequestLog (HttpRequestLog.java:getRequestLog(103)) - Jetty request log can only be enabled using Log4j
2020-07-22 12:33:28,783 [Listener at 127.0.0.1/42799] INFO  http.HttpServer2 (HttpServer2.java:addGlobalFilter(998)) - Added global filter 'safety' (class=org.apache.hadoop.hdds.server.http.HttpServer2$QuotingInputFilter)
2020-07-22 12:33:28,783 [Listener at 127.0.0.1/42799] INFO  http.HttpServer2 (HttpServer2.java:addFilter(974)) - Added filter static_user_filter (class=org.apache.hadoop.http.lib.StaticUserWebFilter$StaticUserFilter) to context ozoneManager
2020-07-22 12:33:28,784 [Listener at 127.0.0.1/42799] INFO  http.HttpServer2 (HttpServer2.java:addFilter(982)) - Added filter static_user_filter (class=org.apache.hadoop.http.lib.StaticUserWebFilter$StaticUserFilter) to context static
2020-07-22 12:33:28,784 [Listener at 127.0.0.1/42799] INFO  http.HttpServer2 (HttpServer2.java:addFilter(982)) - Added filter static_user_filter (class=org.apache.hadoop.http.lib.StaticUserWebFilter$StaticUserFilter) to context logs
2020-07-22 12:33:28,784 [Listener at 127.0.0.1/42799] INFO  http.HttpServer2 (HttpServer2.java:bindListener(1216)) - Jetty bound to port 33111
2020-07-22 12:33:28,784 [Listener at 127.0.0.1/42799] INFO  server.Server (Server.java:doStart(359)) - jetty-9.4.26.v20200117; built: 2020-01-17T12:35:33.676Z; git: 7b38981d25d14afb4a12ff1f2596756144edf695; jvm 1.8.0_232-b09
2020-07-22 12:33:28,786 [Listener at 127.0.0.1/42799] INFO  server.session (DefaultSessionIdManager.java:doStart(333)) - DefaultSessionIdManager workerName=node0
2020-07-22 12:33:28,786 [Listener at 127.0.0.1/42799] INFO  server.session (DefaultSessionIdManager.java:doStart(338)) - No SessionScavenger set, using defaults
2020-07-22 12:33:28,786 [Listener at 127.0.0.1/42799] INFO  server.session (HouseKeeper.java:startScavenging(140)) - node0 Scavenging every 660000ms
2020-07-22 12:33:28,787 [Listener at 127.0.0.1/42799] INFO  handler.ContextHandler (ContextHandler.java:doStart(825)) - Started o.e.j.s.ServletContextHandler@4c44928e{logs,/logs,file:///github/workspace/mnt/ozone/hadoop-ozone/integration-test/target/log,AVAILABLE}
2020-07-22 12:33:28,787 [Listener at 127.0.0.1/42799] INFO  handler.ContextHandler (ContextHandler.java:doStart(825)) - Started o.e.j.s.ServletContextHandler@38c00fa1{static,/static,file:///github/workspace/mnt/ozone/hadoop-ozone/integration-test/target/test-classes/webapps/static,AVAILABLE}
2020-07-22 12:33:28,790 [Listener at 127.0.0.1/42799] INFO  handler.ContextHandler (ContextHandler.java:doStart(825)) - Started o.e.j.w.WebAppContext@7997b8a7{ozoneManager,/,file:///github/workspace/mnt/ozone/hadoop-ozone/integration-test/target/test-classes/webapps/ozoneManager/,AVAILABLE}{file:/github/workspace/mnt/ozone/hadoop-ozone/integration-test/target/test-classes/webapps/ozoneManager}
2020-07-22 12:33:28,791 [Listener at 127.0.0.1/42799] INFO  server.AbstractConnector (AbstractConnector.java:doStart(330)) - Started ServerConnector@7eb22e87{HTTP/1.1,[http/1.1]}{0.0.0.0:33111}
2020-07-22 12:33:28,791 [Listener at 127.0.0.1/42799] INFO  server.Server (Server.java:doStart(399)) - Started @139295ms
2020-07-22 12:33:28,791 [Listener at 127.0.0.1/42799] WARN  impl.MetricsSystemImpl (MetricsSystemImpl.java:register(276)) - Sink prometheus already exists!
2020-07-22 12:33:28,794 [Listener at 127.0.0.1/42799] INFO  http.BaseHttpServer (BaseHttpServer.java:updateConnectorAddress(327)) - HTTP server of ozoneManager listening at http://0.0.0.0:33111
2020-07-22 12:33:28,795 [org.apache.hadoop.util.JvmPauseMonitor$Monitor@2b515b5c] INFO  util.JvmPauseMonitor (JvmPauseMonitor.java:run(188)) - Starting JVM pause monitor
2020-07-22 12:33:28,811 [Listener at 127.0.0.1/42799] INFO  impl.MetricsSystemImpl (MetricsSystemImpl.java:init(158)) - HddsDatanode metrics system started (again)
2020-07-22 12:33:28,813 [Listener at 127.0.0.1/42799] INFO  ozone.HddsDatanodeService (HddsDatanodeService.java:start(217)) - HddsDatanodeService host:c8d1cb744cae ip:172.17.0.2
2020-07-22 12:33:28,814 [Listener at 127.0.0.1/42799] INFO  volume.HddsVolume (HddsVolume.java:<init>(176)) - Creating Volume: /github/workspace/mnt/ozone/hadoop-ozone/integration-test/target/test-dir/MiniOzoneClusterImpl-27133a7a-4276-4edb-aad9-b93835fdb948/datanode-0/data-0/containers/hdds of storage type : DISK and capacity : 9223372036854775807
2020-07-22 12:33:28,814 [Listener at 127.0.0.1/42799] INFO  volume.MutableVolumeSet (MutableVolumeSet.java:initializeVolumeSet(179)) - Added Volume : /github/workspace/mnt/ozone/hadoop-ozone/integration-test/target/test-dir/MiniOzoneClusterImpl-27133a7a-4276-4edb-aad9-b93835fdb948/datanode-0/data-0/containers/hdds to VolumeSet
2020-07-22 12:33:28,814 [Listener at 127.0.0.1/42799] INFO  volume.ThrottledAsyncChecker (ThrottledAsyncChecker.java:schedule(141)) - Scheduling a check for /github/workspace/mnt/ozone/hadoop-ozone/integration-test/target/test-dir/MiniOzoneClusterImpl-27133a7a-4276-4edb-aad9-b93835fdb948/datanode-0/data-0/containers/hdds
2020-07-22 12:33:28,815 [Listener at 127.0.0.1/42799] INFO  volume.HddsVolumeChecker (HddsVolumeChecker.java:checkAllVolumes(200)) - Scheduled health check for volume /github/workspace/mnt/ozone/hadoop-ozone/integration-test/target/test-dir/MiniOzoneClusterImpl-27133a7a-4276-4edb-aad9-b93835fdb948/datanode-0/data-0/containers/hdds
2020-07-22 12:33:28,828 [Thread-1139] INFO  ozoneimpl.ContainerReader (ContainerReader.java:readVolume(123)) - Start to verify containers on volume /github/workspace/mnt/ozone/hadoop-ozone/integration-test/target/test-dir/MiniOzoneClusterImpl-27133a7a-4276-4edb-aad9-b93835fdb948/datanode-0/data-0/containers/hdds
2020-07-22 12:33:28,828 [Thread-1139] INFO  ozoneimpl.ContainerReader (ContainerReader.java:readVolume(148)) - Finish verifying containers on volume /github/workspace/mnt/ozone/hadoop-ozone/integration-test/target/test-dir/MiniOzoneClusterImpl-27133a7a-4276-4edb-aad9-b93835fdb948/datanode-0/data-0/containers/hdds
2020-07-22 12:33:28,828 [Listener at 127.0.0.1/42799] INFO  ozoneimpl.OzoneContainer (OzoneContainer.java:buildContainerSet(187)) - Build ContainerSet costs 0s
2020-07-22 12:33:28,830 [Listener at 127.0.0.1/42799] INFO  impl.RaftServerProxy (ConfUtils.java:logGet(44)) - raft.rpc.type = GRPC (default)
2020-07-22 12:33:28,830 [Listener at 127.0.0.1/42799] INFO  grpc.GrpcFactory (GrpcFactory.java:checkPooledByteBufAllocatorUseCacheForAllThreads(45)) - PERFORMANCE WARNING: useCacheForAllThreads is true that may cause Netty to create a lot garbage objects and, as a result, trigger GC.
	It is recommended to disable useCacheForAllThreads by setting -Dorg.apache.ratis.thirdparty.io.netty.allocator.useCacheForAllThreads=false in command line.
2020-07-22 12:33:28,830 [Listener at 127.0.0.1/42799] INFO  grpc.GrpcConfigKeys (ConfUtils.java:logGet(44)) - raft.grpc.server.port = 0 (default)
2020-07-22 12:33:28,830 [Listener at 127.0.0.1/42799] INFO  server.GrpcService (ConfUtils.java:logGet(44)) - raft.grpc.message.size.max = 32MB (=33554432) (custom)
2020-07-22 12:33:28,830 [Listener at 127.0.0.1/42799] INFO  server.RaftServerConfigKeys (ConfUtils.java:logGet(44)) - raft.server.log.appender.buffer.byte-limit = 33554432 (custom)
2020-07-22 12:33:28,830 [Listener at 127.0.0.1/42799] INFO  server.GrpcService (ConfUtils.java:logGet(44)) - raft.grpc.flow.control.window = 5MB (=5242880) (custom)
2020-07-22 12:33:28,831 [Listener at 127.0.0.1/42799] INFO  server.RaftServerConfigKeys (ConfUtils.java:logGet(44)) - raft.server.rpc.request.timeout = 3000ms (default)
2020-07-22 12:33:28,832 [Listener at 127.0.0.1/42799] INFO  server.RaftServerConfigKeys (ConfUtils.java:logGet(44)) - raft.server.storage.dir = [/github/workspace/mnt/ozone/hadoop-ozone/integration-test/target/test-dir/MiniOzoneClusterImpl-27133a7a-4276-4edb-aad9-b93835fdb948/datanode-0/data/ratis] (custom)
2020-07-22 12:33:28,836 [Listener at 127.0.0.1/42799] INFO  http.BaseHttpServer (BaseHttpServer.java:newHttpServer2BuilderForOzone(207)) - Starting Web-server for hddsDatanode at: http://0.0.0.0:0
2020-07-22 12:33:28,836 [Listener at 127.0.0.1/42799] INFO  http.BaseHttpServer (BaseHttpServer.java:<init>(106)) - Hadoop Security Enabled: false Ozone Security Enabled: false Ozone HTTP Security Enabled: false 
2020-07-22 12:33:28,837 [Listener at 127.0.0.1/42799] INFO  server.AuthenticationFilter (AuthenticationFilter.java:constructSecretProvider(240)) - Unable to initialize FileSignerSecretProvider, falling back to use random secrets.
2020-07-22 12:33:28,837 [Listener at 127.0.0.1/42799] WARN  http.HttpRequestLog (HttpRequestLog.java:getRequestLog(103)) - Jetty request log can only be enabled using Log4j
2020-07-22 12:33:28,838 [Listener at 127.0.0.1/42799] INFO  http.HttpServer2 (HttpServer2.java:addGlobalFilter(998)) - Added global filter 'safety' (class=org.apache.hadoop.hdds.server.http.HttpServer2$QuotingInputFilter)
2020-07-22 12:33:28,838 [Listener at 127.0.0.1/42799] INFO  http.HttpServer2 (HttpServer2.java:addFilter(974)) - Added filter static_user_filter (class=org.apache.hadoop.http.lib.StaticUserWebFilter$StaticUserFilter) to context hddsDatanode
2020-07-22 12:33:28,838 [Listener at 127.0.0.1/42799] INFO  http.HttpServer2 (HttpServer2.java:addFilter(982)) - Added filter static_user_filter (class=org.apache.hadoop.http.lib.StaticUserWebFilter$StaticUserFilter) to context static
2020-07-22 12:33:28,838 [Listener at 127.0.0.1/42799] INFO  http.HttpServer2 (HttpServer2.java:addFilter(982)) - Added filter static_user_filter (class=org.apache.hadoop.http.lib.StaticUserWebFilter$StaticUserFilter) to context logs
2020-07-22 12:33:28,839 [Listener at 127.0.0.1/42799] INFO  http.HttpServer2 (HttpServer2.java:bindListener(1216)) - Jetty bound to port 37211
2020-07-22 12:33:28,839 [Listener at 127.0.0.1/42799] INFO  server.Server (Server.java:doStart(359)) - jetty-9.4.26.v20200117; built: 2020-01-17T12:35:33.676Z; git: 7b38981d25d14afb4a12ff1f2596756144edf695; jvm 1.8.0_232-b09
2020-07-22 12:33:28,841 [Listener at 127.0.0.1/42799] INFO  server.session (DefaultSessionIdManager.java:doStart(333)) - DefaultSessionIdManager workerName=node0
2020-07-22 12:33:28,841 [Listener at 127.0.0.1/42799] INFO  server.session (DefaultSessionIdManager.java:doStart(338)) - No SessionScavenger set, using defaults
2020-07-22 12:33:28,841 [Listener at 127.0.0.1/42799] INFO  server.session (HouseKeeper.java:startScavenging(140)) - node0 Scavenging every 600000ms
2020-07-22 12:33:28,842 [Listener at 127.0.0.1/42799] INFO  handler.ContextHandler (ContextHandler.java:doStart(825)) - Started o.e.j.s.ServletContextHandler@5bc1eaa7{logs,/logs,file:///github/workspace/mnt/ozone/hadoop-ozone/integration-test/target/log,AVAILABLE}
2020-07-22 12:33:28,842 [Listener at 127.0.0.1/42799] INFO  handler.ContextHandler (ContextHandler.java:doStart(825)) - Started o.e.j.s.ServletContextHandler@2a60cd41{static,/static,jar:file:/home/user/.m2/repository/org/apache/hadoop/hadoop-hdds-container-service/0.6.0-SNAPSHOT/hadoop-hdds-container-service-0.6.0-SNAPSHOT.jar!/webapps/static,AVAILABLE}
2020-07-22 12:33:28,914 [Listener at 127.0.0.1/42799] INFO  handler.ContextHandler (ContextHandler.java:doStart(825)) - Started o.e.j.w.WebAppContext@276ccfec{hddsDatanode,/,file:///tmp/jetty-0_0_0_0-37211-hadoop-hdds-container-service-0_6_0-SNAPSHOT_jar-_-any-430428012264360543.dir/webapp/,AVAILABLE}{jar:file:/home/user/.m2/repository/org/apache/hadoop/hadoop-hdds-container-service/0.6.0-SNAPSHOT/hadoop-hdds-container-service-0.6.0-SNAPSHOT.jar!/webapps/hddsDatanode}
2020-07-22 12:33:28,917 [Listener at 127.0.0.1/42799] INFO  server.AbstractConnector (AbstractConnector.java:doStart(330)) - Started ServerConnector@68ac7598{HTTP/1.1,[http/1.1]}{0.0.0.0:37211}
2020-07-22 12:33:28,917 [Listener at 127.0.0.1/42799] INFO  server.Server (Server.java:doStart(399)) - Started @139421ms
2020-07-22 12:33:28,917 [Listener at 127.0.0.1/42799] WARN  impl.MetricsSystemImpl (MetricsSystemImpl.java:register(276)) - Sink prometheus already exists!
2020-07-22 12:33:28,920 [Listener at 127.0.0.1/42799] INFO  http.BaseHttpServer (BaseHttpServer.java:updateConnectorAddress(327)) - HTTP server of hddsDatanode listening at http://0.0.0.0:37211
2020-07-22 12:33:28,921 [Listener at 127.0.0.1/42799] INFO  impl.MetricsSystemImpl (MetricsSystemImpl.java:init(158)) - HddsDatanode metrics system started (again)
2020-07-22 12:33:28,925 [Listener at 127.0.0.1/42799] INFO  ozone.HddsDatanodeService (HddsDatanodeService.java:start(217)) - HddsDatanodeService host:c8d1cb744cae ip:172.17.0.2
2020-07-22 12:33:28,926 [Listener at 127.0.0.1/42799] INFO  volume.HddsVolume (HddsVolume.java:<init>(176)) - Creating Volume: /github/workspace/mnt/ozone/hadoop-ozone/integration-test/target/test-dir/MiniOzoneClusterImpl-27133a7a-4276-4edb-aad9-b93835fdb948/datanode-1/data-0/containers/hdds of storage type : DISK and capacity : 9223372036854775807
2020-07-22 12:33:28,927 [Listener at 127.0.0.1/42799] INFO  volume.MutableVolumeSet (MutableVolumeSet.java:initializeVolumeSet(179)) - Added Volume : /github/workspace/mnt/ozone/hadoop-ozone/integration-test/target/test-dir/MiniOzoneClusterImpl-27133a7a-4276-4edb-aad9-b93835fdb948/datanode-1/data-0/containers/hdds to VolumeSet
2020-07-22 12:33:28,927 [Listener at 127.0.0.1/42799] INFO  volume.ThrottledAsyncChecker (ThrottledAsyncChecker.java:schedule(141)) - Scheduling a check for /github/workspace/mnt/ozone/hadoop-ozone/integration-test/target/test-dir/MiniOzoneClusterImpl-27133a7a-4276-4edb-aad9-b93835fdb948/datanode-1/data-0/containers/hdds
2020-07-22 12:33:28,936 [Listener at 127.0.0.1/42799] INFO  volume.HddsVolumeChecker (HddsVolumeChecker.java:checkAllVolumes(200)) - Scheduled health check for volume /github/workspace/mnt/ozone/hadoop-ozone/integration-test/target/test-dir/MiniOzoneClusterImpl-27133a7a-4276-4edb-aad9-b93835fdb948/datanode-1/data-0/containers/hdds
2020-07-22 12:33:28,936 [org.apache.hadoop.util.JvmPauseMonitor$Monitor@21d47afd] INFO  util.JvmPauseMonitor (JvmPauseMonitor.java:run(188)) - Starting JVM pause monitor
2020-07-22 12:33:28,941 [Datanode State Machine Thread - 0] INFO  datanode.InitDatanodeState (InitDatanodeState.java:persistContainerDatanodeDetails(145)) - DatanodeDetails is persisted to /github/workspace/mnt/ozone/hadoop-ozone/integration-test/target/test-dir/MiniOzoneClusterImpl-27133a7a-4276-4edb-aad9-b93835fdb948/datanode-0/meta/datanode.id
2020-07-22 12:33:28,949 [Thread-1150] INFO  ozoneimpl.ContainerReader (ContainerReader.java:readVolume(123)) - Start to verify containers on volume /github/workspace/mnt/ozone/hadoop-ozone/integration-test/target/test-dir/MiniOzoneClusterImpl-27133a7a-4276-4edb-aad9-b93835fdb948/datanode-1/data-0/containers/hdds
2020-07-22 12:33:28,949 [Thread-1150] INFO  ozoneimpl.ContainerReader (ContainerReader.java:readVolume(148)) - Finish verifying containers on volume /github/workspace/mnt/ozone/hadoop-ozone/integration-test/target/test-dir/MiniOzoneClusterImpl-27133a7a-4276-4edb-aad9-b93835fdb948/datanode-1/data-0/containers/hdds
2020-07-22 12:33:28,949 [Listener at 127.0.0.1/42799] INFO  ozoneimpl.OzoneContainer (OzoneContainer.java:buildContainerSet(187)) - Build ContainerSet costs 0s
2020-07-22 12:33:28,951 [Listener at 127.0.0.1/42799] INFO  impl.RaftServerProxy (ConfUtils.java:logGet(44)) - raft.rpc.type = GRPC (default)
2020-07-22 12:33:28,951 [Listener at 127.0.0.1/42799] INFO  grpc.GrpcFactory (GrpcFactory.java:checkPooledByteBufAllocatorUseCacheForAllThreads(45)) - PERFORMANCE WARNING: useCacheForAllThreads is true that may cause Netty to create a lot garbage objects and, as a result, trigger GC.
	It is recommended to disable useCacheForAllThreads by setting -Dorg.apache.ratis.thirdparty.io.netty.allocator.useCacheForAllThreads=false in command line.
2020-07-22 12:33:28,951 [Listener at 127.0.0.1/42799] INFO  grpc.GrpcConfigKeys (ConfUtils.java:logGet(44)) - raft.grpc.server.port = 0 (default)
2020-07-22 12:33:28,951 [Listener at 127.0.0.1/42799] INFO  server.GrpcService (ConfUtils.java:logGet(44)) - raft.grpc.message.size.max = 32MB (=33554432) (custom)
2020-07-22 12:33:28,951 [Listener at 127.0.0.1/42799] INFO  server.RaftServerConfigKeys (ConfUtils.java:logGet(44)) - raft.server.log.appender.buffer.byte-limit = 33554432 (custom)
2020-07-22 12:33:28,951 [Listener at 127.0.0.1/42799] INFO  server.GrpcService (ConfUtils.java:logGet(44)) - raft.grpc.flow.control.window = 5MB (=5242880) (custom)
2020-07-22 12:33:28,952 [Listener at 127.0.0.1/42799] INFO  server.RaftServerConfigKeys (ConfUtils.java:logGet(44)) - raft.server.rpc.request.timeout = 3000ms (default)
2020-07-22 12:33:28,953 [Listener at 127.0.0.1/42799] INFO  server.RaftServerConfigKeys (ConfUtils.java:logGet(44)) - raft.server.storage.dir = [/github/workspace/mnt/ozone/hadoop-ozone/integration-test/target/test-dir/MiniOzoneClusterImpl-27133a7a-4276-4edb-aad9-b93835fdb948/datanode-1/data/ratis] (custom)
2020-07-22 12:33:28,957 [Listener at 127.0.0.1/42799] INFO  http.BaseHttpServer (BaseHttpServer.java:newHttpServer2BuilderForOzone(207)) - Starting Web-server for hddsDatanode at: http://0.0.0.0:0
2020-07-22 12:33:28,957 [Listener at 127.0.0.1/42799] INFO  http.BaseHttpServer (BaseHttpServer.java:<init>(106)) - Hadoop Security Enabled: false Ozone Security Enabled: false Ozone HTTP Security Enabled: false 
2020-07-22 12:33:28,958 [Listener at 127.0.0.1/42799] INFO  server.AuthenticationFilter (AuthenticationFilter.java:constructSecretProvider(240)) - Unable to initialize FileSignerSecretProvider, falling back to use random secrets.
2020-07-22 12:33:28,958 [Listener at 127.0.0.1/42799] WARN  http.HttpRequestLog (HttpRequestLog.java:getRequestLog(103)) - Jetty request log can only be enabled using Log4j
2020-07-22 12:33:28,959 [Listener at 127.0.0.1/42799] INFO  http.HttpServer2 (HttpServer2.java:addGlobalFilter(998)) - Added global filter 'safety' (class=org.apache.hadoop.hdds.server.http.HttpServer2$QuotingInputFilter)
2020-07-22 12:33:28,960 [Listener at 127.0.0.1/42799] INFO  http.HttpServer2 (HttpServer2.java:addFilter(974)) - Added filter static_user_filter (class=org.apache.hadoop.http.lib.StaticUserWebFilter$StaticUserFilter) to context hddsDatanode
2020-07-22 12:33:28,960 [Listener at 127.0.0.1/42799] INFO  http.HttpServer2 (HttpServer2.java:addFilter(982)) - Added filter static_user_filter (class=org.apache.hadoop.http.lib.StaticUserWebFilter$StaticUserFilter) to context static
2020-07-22 12:33:28,960 [Listener at 127.0.0.1/42799] INFO  http.HttpServer2 (HttpServer2.java:addFilter(982)) - Added filter static_user_filter (class=org.apache.hadoop.http.lib.StaticUserWebFilter$StaticUserFilter) to context logs
2020-07-22 12:33:28,960 [Listener at 127.0.0.1/42799] INFO  http.HttpServer2 (HttpServer2.java:bindListener(1216)) - Jetty bound to port 39457
2020-07-22 12:33:28,961 [Listener at 127.0.0.1/42799] INFO  server.Server (Server.java:doStart(359)) - jetty-9.4.26.v20200117; built: 2020-01-17T12:35:33.676Z; git: 7b38981d25d14afb4a12ff1f2596756144edf695; jvm 1.8.0_232-b09
2020-07-22 12:33:28,962 [Listener at 127.0.0.1/42799] INFO  server.session (DefaultSessionIdManager.java:doStart(333)) - DefaultSessionIdManager workerName=node0
2020-07-22 12:33:28,963 [Listener at 127.0.0.1/42799] INFO  server.session (DefaultSessionIdManager.java:doStart(338)) - No SessionScavenger set, using defaults
2020-07-22 12:33:28,963 [Listener at 127.0.0.1/42799] INFO  server.session (HouseKeeper.java:startScavenging(140)) - node0 Scavenging every 600000ms
2020-07-22 12:33:28,963 [Listener at 127.0.0.1/42799] INFO  handler.ContextHandler (ContextHandler.java:doStart(825)) - Started o.e.j.s.ServletContextHandler@548c7eab{logs,/logs,file:///github/workspace/mnt/ozone/hadoop-ozone/integration-test/target/log,AVAILABLE}
2020-07-22 12:33:28,964 [Listener at 127.0.0.1/42799] INFO  handler.ContextHandler (ContextHandler.java:doStart(825)) - Started o.e.j.s.ServletContextHandler@66f18fa{static,/static,jar:file:/home/user/.m2/repository/org/apache/hadoop/hadoop-hdds-container-service/0.6.0-SNAPSHOT/hadoop-hdds-container-service-0.6.0-SNAPSHOT.jar!/webapps/static,AVAILABLE}
2020-07-22 12:33:29,037 [Listener at 127.0.0.1/42799] INFO  handler.ContextHandler (ContextHandler.java:doStart(825)) - Started o.e.j.w.WebAppContext@3f51fcf5{hddsDatanode,/,file:///tmp/jetty-0_0_0_0-39457-hadoop-hdds-container-service-0_6_0-SNAPSHOT_jar-_-any-7738116870303199197.dir/webapp/,AVAILABLE}{jar:file:/home/user/.m2/repository/org/apache/hadoop/hadoop-hdds-container-service/0.6.0-SNAPSHOT/hadoop-hdds-container-service-0.6.0-SNAPSHOT.jar!/webapps/hddsDatanode}
2020-07-22 12:33:29,038 [Listener at 127.0.0.1/42799] INFO  server.AbstractConnector (AbstractConnector.java:doStart(330)) - Started ServerConnector@17e7df9e{HTTP/1.1,[http/1.1]}{0.0.0.0:39457}
2020-07-22 12:33:29,039 [Listener at 127.0.0.1/42799] INFO  server.Server (Server.java:doStart(399)) - Started @139543ms
2020-07-22 12:33:29,039 [Listener at 127.0.0.1/42799] WARN  impl.MetricsSystemImpl (MetricsSystemImpl.java:register(276)) - Sink prometheus already exists!
2020-07-22 12:33:29,044 [Listener at 127.0.0.1/42799] INFO  http.BaseHttpServer (BaseHttpServer.java:updateConnectorAddress(327)) - HTTP server of hddsDatanode listening at http://0.0.0.0:39457
2020-07-22 12:33:29,047 [Listener at 127.0.0.1/42799] INFO  impl.MetricsSystemImpl (MetricsSystemImpl.java:init(158)) - HddsDatanode metrics system started (again)
2020-07-22 12:33:29,047 [org.apache.hadoop.util.JvmPauseMonitor$Monitor@5806644b] INFO  util.JvmPauseMonitor (JvmPauseMonitor.java:run(188)) - Starting JVM pause monitor
2020-07-22 12:33:29,048 [Listener at 127.0.0.1/42799] INFO  ozone.HddsDatanodeService (HddsDatanodeService.java:start(217)) - HddsDatanodeService host:c8d1cb744cae ip:172.17.0.2
2020-07-22 12:33:29,049 [Datanode State Machine Thread - 0] INFO  datanode.InitDatanodeState (InitDatanodeState.java:persistContainerDatanodeDetails(145)) - DatanodeDetails is persisted to /github/workspace/mnt/ozone/hadoop-ozone/integration-test/target/test-dir/MiniOzoneClusterImpl-27133a7a-4276-4edb-aad9-b93835fdb948/datanode-1/meta/datanode.id
2020-07-22 12:33:29,050 [Listener at 127.0.0.1/42799] INFO  volume.HddsVolume (HddsVolume.java:<init>(176)) - Creating Volume: /github/workspace/mnt/ozone/hadoop-ozone/integration-test/target/test-dir/MiniOzoneClusterImpl-27133a7a-4276-4edb-aad9-b93835fdb948/datanode-2/data-0/containers/hdds of storage type : DISK and capacity : 9223372036854775807
2020-07-22 12:33:29,050 [Listener at 127.0.0.1/42799] INFO  volume.MutableVolumeSet (MutableVolumeSet.java:initializeVolumeSet(179)) - Added Volume : /github/workspace/mnt/ozone/hadoop-ozone/integration-test/target/test-dir/MiniOzoneClusterImpl-27133a7a-4276-4edb-aad9-b93835fdb948/datanode-2/data-0/containers/hdds to VolumeSet
2020-07-22 12:33:29,050 [Listener at 127.0.0.1/42799] INFO  volume.ThrottledAsyncChecker (ThrottledAsyncChecker.java:schedule(141)) - Scheduling a check for /github/workspace/mnt/ozone/hadoop-ozone/integration-test/target/test-dir/MiniOzoneClusterImpl-27133a7a-4276-4edb-aad9-b93835fdb948/datanode-2/data-0/containers/hdds
2020-07-22 12:33:29,051 [Listener at 127.0.0.1/42799] INFO  volume.HddsVolumeChecker (HddsVolumeChecker.java:checkAllVolumes(200)) - Scheduled health check for volume /github/workspace/mnt/ozone/hadoop-ozone/integration-test/target/test-dir/MiniOzoneClusterImpl-27133a7a-4276-4edb-aad9-b93835fdb948/datanode-2/data-0/containers/hdds
2020-07-22 12:33:29,064 [Thread-1161] INFO  ozoneimpl.ContainerReader (ContainerReader.java:readVolume(123)) - Start to verify containers on volume /github/workspace/mnt/ozone/hadoop-ozone/integration-test/target/test-dir/MiniOzoneClusterImpl-27133a7a-4276-4edb-aad9-b93835fdb948/datanode-2/data-0/containers/hdds
2020-07-22 12:33:29,064 [Thread-1161] INFO  ozoneimpl.ContainerReader (ContainerReader.java:readVolume(148)) - Finish verifying containers on volume /github/workspace/mnt/ozone/hadoop-ozone/integration-test/target/test-dir/MiniOzoneClusterImpl-27133a7a-4276-4edb-aad9-b93835fdb948/datanode-2/data-0/containers/hdds
2020-07-22 12:33:29,064 [Listener at 127.0.0.1/42799] INFO  ozoneimpl.OzoneContainer (OzoneContainer.java:buildContainerSet(187)) - Build ContainerSet costs 0s
2020-07-22 12:33:29,066 [Listener at 127.0.0.1/42799] INFO  impl.RaftServerProxy (ConfUtils.java:logGet(44)) - raft.rpc.type = GRPC (default)
2020-07-22 12:33:29,066 [Listener at 127.0.0.1/42799] INFO  grpc.GrpcFactory (GrpcFactory.java:checkPooledByteBufAllocatorUseCacheForAllThreads(45)) - PERFORMANCE WARNING: useCacheForAllThreads is true that may cause Netty to create a lot garbage objects and, as a result, trigger GC.
	It is recommended to disable useCacheForAllThreads by setting -Dorg.apache.ratis.thirdparty.io.netty.allocator.useCacheForAllThreads=false in command line.
2020-07-22 12:33:29,067 [Listener at 127.0.0.1/42799] INFO  grpc.GrpcConfigKeys (ConfUtils.java:logGet(44)) - raft.grpc.server.port = 0 (default)
2020-07-22 12:33:29,067 [Listener at 127.0.0.1/42799] INFO  server.GrpcService (ConfUtils.java:logGet(44)) - raft.grpc.message.size.max = 32MB (=33554432) (custom)
2020-07-22 12:33:29,067 [Listener at 127.0.0.1/42799] INFO  server.RaftServerConfigKeys (ConfUtils.java:logGet(44)) - raft.server.log.appender.buffer.byte-limit = 33554432 (custom)
2020-07-22 12:33:29,067 [Listener at 127.0.0.1/42799] INFO  server.GrpcService (ConfUtils.java:logGet(44)) - raft.grpc.flow.control.window = 5MB (=5242880) (custom)
2020-07-22 12:33:29,067 [Listener at 127.0.0.1/42799] INFO  server.RaftServerConfigKeys (ConfUtils.java:logGet(44)) - raft.server.rpc.request.timeout = 3000ms (default)
2020-07-22 12:33:29,069 [Listener at 127.0.0.1/42799] INFO  server.RaftServerConfigKeys (ConfUtils.java:logGet(44)) - raft.server.storage.dir = [/github/workspace/mnt/ozone/hadoop-ozone/integration-test/target/test-dir/MiniOzoneClusterImpl-27133a7a-4276-4edb-aad9-b93835fdb948/datanode-2/data/ratis] (custom)
2020-07-22 12:33:29,074 [Listener at 127.0.0.1/42799] INFO  http.BaseHttpServer (BaseHttpServer.java:newHttpServer2BuilderForOzone(207)) - Starting Web-server for hddsDatanode at: http://0.0.0.0:0
2020-07-22 12:33:29,074 [Listener at 127.0.0.1/42799] INFO  http.BaseHttpServer (BaseHttpServer.java:<init>(106)) - Hadoop Security Enabled: false Ozone Security Enabled: false Ozone HTTP Security Enabled: false 
2020-07-22 12:33:29,075 [Listener at 127.0.0.1/42799] INFO  server.AuthenticationFilter (AuthenticationFilter.java:constructSecretProvider(240)) - Unable to initialize FileSignerSecretProvider, falling back to use random secrets.
2020-07-22 12:33:29,076 [Listener at 127.0.0.1/42799] WARN  http.HttpRequestLog (HttpRequestLog.java:getRequestLog(103)) - Jetty request log can only be enabled using Log4j
2020-07-22 12:33:29,076 [Listener at 127.0.0.1/42799] INFO  http.HttpServer2 (HttpServer2.java:addGlobalFilter(998)) - Added global filter 'safety' (class=org.apache.hadoop.hdds.server.http.HttpServer2$QuotingInputFilter)
2020-07-22 12:33:29,077 [Listener at 127.0.0.1/42799] INFO  http.HttpServer2 (HttpServer2.java:addFilter(974)) - Added filter static_user_filter (class=org.apache.hadoop.http.lib.StaticUserWebFilter$StaticUserFilter) to context hddsDatanode
2020-07-22 12:33:29,077 [Listener at 127.0.0.1/42799] INFO  http.HttpServer2 (HttpServer2.java:addFilter(982)) - Added filter static_user_filter (class=org.apache.hadoop.http.lib.StaticUserWebFilter$StaticUserFilter) to context logs
2020-07-22 12:33:29,077 [Listener at 127.0.0.1/42799] INFO  http.HttpServer2 (HttpServer2.java:addFilter(982)) - Added filter static_user_filter (class=org.apache.hadoop.http.lib.StaticUserWebFilter$StaticUserFilter) to context static
2020-07-22 12:33:29,077 [Listener at 127.0.0.1/42799] INFO  http.HttpServer2 (HttpServer2.java:bindListener(1216)) - Jetty bound to port 35883
2020-07-22 12:33:29,078 [Listener at 127.0.0.1/42799] INFO  server.Server (Server.java:doStart(359)) - jetty-9.4.26.v20200117; built: 2020-01-17T12:35:33.676Z; git: 7b38981d25d14afb4a12ff1f2596756144edf695; jvm 1.8.0_232-b09
2020-07-22 12:33:29,079 [Listener at 127.0.0.1/42799] INFO  server.session (DefaultSessionIdManager.java:doStart(333)) - DefaultSessionIdManager workerName=node0
2020-07-22 12:33:29,079 [Listener at 127.0.0.1/42799] INFO  server.session (DefaultSessionIdManager.java:doStart(338)) - No SessionScavenger set, using defaults
2020-07-22 12:33:29,079 [Listener at 127.0.0.1/42799] INFO  server.session (HouseKeeper.java:startScavenging(140)) - node0 Scavenging every 600000ms
2020-07-22 12:33:29,080 [Listener at 127.0.0.1/42799] INFO  handler.ContextHandler (ContextHandler.java:doStart(825)) - Started o.e.j.s.ServletContextHandler@688c1b2a{logs,/logs,file:///github/workspace/mnt/ozone/hadoop-ozone/integration-test/target/log,AVAILABLE}
2020-07-22 12:33:29,080 [Listener at 127.0.0.1/42799] INFO  handler.ContextHandler (ContextHandler.java:doStart(825)) - Started o.e.j.s.ServletContextHandler@b027acf{static,/static,jar:file:/home/user/.m2/repository/org/apache/hadoop/hadoop-hdds-container-service/0.6.0-SNAPSHOT/hadoop-hdds-container-service-0.6.0-SNAPSHOT.jar!/webapps/static,AVAILABLE}
2020-07-22 12:33:29,153 [Listener at 127.0.0.1/42799] INFO  handler.ContextHandler (ContextHandler.java:doStart(825)) - Started o.e.j.w.WebAppContext@15bb7acd{hddsDatanode,/,file:///tmp/jetty-0_0_0_0-35883-hadoop-hdds-container-service-0_6_0-SNAPSHOT_jar-_-any-7409635364273727079.dir/webapp/,AVAILABLE}{jar:file:/home/user/.m2/repository/org/apache/hadoop/hadoop-hdds-container-service/0.6.0-SNAPSHOT/hadoop-hdds-container-service-0.6.0-SNAPSHOT.jar!/webapps/hddsDatanode}
2020-07-22 12:33:29,154 [Listener at 127.0.0.1/42799] INFO  server.AbstractConnector (AbstractConnector.java:doStart(330)) - Started ServerConnector@390d87cf{HTTP/1.1,[http/1.1]}{0.0.0.0:35883}
2020-07-22 12:33:29,154 [Listener at 127.0.0.1/42799] INFO  server.Server (Server.java:doStart(399)) - Started @139658ms
2020-07-22 12:33:29,155 [Listener at 127.0.0.1/42799] WARN  impl.MetricsSystemImpl (MetricsSystemImpl.java:register(276)) - Sink prometheus already exists!
2020-07-22 12:33:29,158 [Listener at 127.0.0.1/42799] INFO  http.BaseHttpServer (BaseHttpServer.java:updateConnectorAddress(327)) - HTTP server of hddsDatanode listening at http://0.0.0.0:35883
2020-07-22 12:33:29,161 [Listener at 127.0.0.1/42799] INFO  impl.MetricsSystemImpl (MetricsSystemImpl.java:init(158)) - HddsDatanode metrics system started (again)
2020-07-22 12:33:29,163 [Listener at 127.0.0.1/42799] INFO  ozone.HddsDatanodeService (HddsDatanodeService.java:start(217)) - HddsDatanodeService host:c8d1cb744cae ip:172.17.0.2
2020-07-22 12:33:29,165 [Listener at 127.0.0.1/42799] INFO  volume.HddsVolume (HddsVolume.java:<init>(176)) - Creating Volume: /github/workspace/mnt/ozone/hadoop-ozone/integration-test/target/test-dir/MiniOzoneClusterImpl-27133a7a-4276-4edb-aad9-b93835fdb948/datanode-3/data-0/containers/hdds of storage type : DISK and capacity : 9223372036854775807
2020-07-22 12:33:29,165 [Listener at 127.0.0.1/42799] INFO  volume.MutableVolumeSet (MutableVolumeSet.java:initializeVolumeSet(179)) - Added Volume : /github/workspace/mnt/ozone/hadoop-ozone/integration-test/target/test-dir/MiniOzoneClusterImpl-27133a7a-4276-4edb-aad9-b93835fdb948/datanode-3/data-0/containers/hdds to VolumeSet
2020-07-22 12:33:29,166 [Listener at 127.0.0.1/42799] INFO  volume.ThrottledAsyncChecker (ThrottledAsyncChecker.java:schedule(141)) - Scheduling a check for /github/workspace/mnt/ozone/hadoop-ozone/integration-test/target/test-dir/MiniOzoneClusterImpl-27133a7a-4276-4edb-aad9-b93835fdb948/datanode-3/data-0/containers/hdds
2020-07-22 12:33:29,166 [org.apache.hadoop.util.JvmPauseMonitor$Monitor@45d93c4b] INFO  util.JvmPauseMonitor (JvmPauseMonitor.java:run(188)) - Starting JVM pause monitor
2020-07-22 12:33:29,166 [Listener at 127.0.0.1/42799] INFO  volume.HddsVolumeChecker (HddsVolumeChecker.java:checkAllVolumes(200)) - Scheduled health check for volume /github/workspace/mnt/ozone/hadoop-ozone/integration-test/target/test-dir/MiniOzoneClusterImpl-27133a7a-4276-4edb-aad9-b93835fdb948/datanode-3/data-0/containers/hdds
2020-07-22 12:33:29,169 [Datanode State Machine Thread - 0] INFO  datanode.InitDatanodeState (InitDatanodeState.java:persistContainerDatanodeDetails(145)) - DatanodeDetails is persisted to /github/workspace/mnt/ozone/hadoop-ozone/integration-test/target/test-dir/MiniOzoneClusterImpl-27133a7a-4276-4edb-aad9-b93835fdb948/datanode-2/meta/datanode.id
2020-07-22 12:33:29,181 [Thread-1172] INFO  ozoneimpl.ContainerReader (ContainerReader.java:readVolume(123)) - Start to verify containers on volume /github/workspace/mnt/ozone/hadoop-ozone/integration-test/target/test-dir/MiniOzoneClusterImpl-27133a7a-4276-4edb-aad9-b93835fdb948/datanode-3/data-0/containers/hdds
2020-07-22 12:33:29,181 [Thread-1172] INFO  ozoneimpl.ContainerReader (ContainerReader.java:readVolume(148)) - Finish verifying containers on volume /github/workspace/mnt/ozone/hadoop-ozone/integration-test/target/test-dir/MiniOzoneClusterImpl-27133a7a-4276-4edb-aad9-b93835fdb948/datanode-3/data-0/containers/hdds
2020-07-22 12:33:29,182 [Listener at 127.0.0.1/42799] INFO  ozoneimpl.OzoneContainer (OzoneContainer.java:buildContainerSet(187)) - Build ContainerSet costs 0s
2020-07-22 12:33:29,183 [Listener at 127.0.0.1/42799] INFO  impl.RaftServerProxy (ConfUtils.java:logGet(44)) - raft.rpc.type = GRPC (default)
2020-07-22 12:33:29,183 [Listener at 127.0.0.1/42799] INFO  grpc.GrpcFactory (GrpcFactory.java:checkPooledByteBufAllocatorUseCacheForAllThreads(45)) - PERFORMANCE WARNING: useCacheForAllThreads is true that may cause Netty to create a lot garbage objects and, as a result, trigger GC.
	It is recommended to disable useCacheForAllThreads by setting -Dorg.apache.ratis.thirdparty.io.netty.allocator.useCacheForAllThreads=false in command line.
2020-07-22 12:33:29,184 [Listener at 127.0.0.1/42799] INFO  grpc.GrpcConfigKeys (ConfUtils.java:logGet(44)) - raft.grpc.server.port = 0 (default)
2020-07-22 12:33:29,184 [Listener at 127.0.0.1/42799] INFO  server.GrpcService (ConfUtils.java:logGet(44)) - raft.grpc.message.size.max = 32MB (=33554432) (custom)
2020-07-22 12:33:29,184 [Listener at 127.0.0.1/42799] INFO  server.RaftServerConfigKeys (ConfUtils.java:logGet(44)) - raft.server.log.appender.buffer.byte-limit = 33554432 (custom)
2020-07-22 12:33:29,184 [Listener at 127.0.0.1/42799] INFO  server.GrpcService (ConfUtils.java:logGet(44)) - raft.grpc.flow.control.window = 5MB (=5242880) (custom)
2020-07-22 12:33:29,184 [Listener at 127.0.0.1/42799] INFO  server.RaftServerConfigKeys (ConfUtils.java:logGet(44)) - raft.server.rpc.request.timeout = 3000ms (default)
2020-07-22 12:33:29,188 [Listener at 127.0.0.1/42799] INFO  server.RaftServerConfigKeys (ConfUtils.java:logGet(44)) - raft.server.storage.dir = [/github/workspace/mnt/ozone/hadoop-ozone/integration-test/target/test-dir/MiniOzoneClusterImpl-27133a7a-4276-4edb-aad9-b93835fdb948/datanode-3/data/ratis] (custom)
2020-07-22 12:33:29,197 [Listener at 127.0.0.1/42799] INFO  http.BaseHttpServer (BaseHttpServer.java:newHttpServer2BuilderForOzone(207)) - Starting Web-server for hddsDatanode at: http://0.0.0.0:0
2020-07-22 12:33:29,197 [Listener at 127.0.0.1/42799] INFO  http.BaseHttpServer (BaseHttpServer.java:<init>(106)) - Hadoop Security Enabled: false Ozone Security Enabled: false Ozone HTTP Security Enabled: false 
2020-07-22 12:33:29,198 [Listener at 127.0.0.1/42799] INFO  server.AuthenticationFilter (AuthenticationFilter.java:constructSecretProvider(240)) - Unable to initialize FileSignerSecretProvider, falling back to use random secrets.
2020-07-22 12:33:29,200 [Listener at 127.0.0.1/42799] WARN  http.HttpRequestLog (HttpRequestLog.java:getRequestLog(103)) - Jetty request log can only be enabled using Log4j
2020-07-22 12:33:29,201 [Listener at 127.0.0.1/42799] INFO  http.HttpServer2 (HttpServer2.java:addGlobalFilter(998)) - Added global filter 'safety' (class=org.apache.hadoop.hdds.server.http.HttpServer2$QuotingInputFilter)
2020-07-22 12:33:29,202 [Listener at 127.0.0.1/42799] INFO  http.HttpServer2 (HttpServer2.java:addFilter(974)) - Added filter static_user_filter (class=org.apache.hadoop.http.lib.StaticUserWebFilter$StaticUserFilter) to context hddsDatanode
2020-07-22 12:33:29,202 [Listener at 127.0.0.1/42799] INFO  http.HttpServer2 (HttpServer2.java:addFilter(982)) - Added filter static_user_filter (class=org.apache.hadoop.http.lib.StaticUserWebFilter$StaticUserFilter) to context logs
2020-07-22 12:33:29,202 [Listener at 127.0.0.1/42799] INFO  http.HttpServer2 (HttpServer2.java:addFilter(982)) - Added filter static_user_filter (class=org.apache.hadoop.http.lib.StaticUserWebFilter$StaticUserFilter) to context static
2020-07-22 12:33:29,202 [Listener at 127.0.0.1/42799] INFO  http.HttpServer2 (HttpServer2.java:bindListener(1216)) - Jetty bound to port 34443
2020-07-22 12:33:29,202 [Listener at 127.0.0.1/42799] INFO  server.Server (Server.java:doStart(359)) - jetty-9.4.26.v20200117; built: 2020-01-17T12:35:33.676Z; git: 7b38981d25d14afb4a12ff1f2596756144edf695; jvm 1.8.0_232-b09
2020-07-22 12:33:29,209 [Listener at 127.0.0.1/42799] INFO  server.session (DefaultSessionIdManager.java:doStart(333)) - DefaultSessionIdManager workerName=node0
2020-07-22 12:33:29,209 [Listener at 127.0.0.1/42799] INFO  server.session (DefaultSessionIdManager.java:doStart(338)) - No SessionScavenger set, using defaults
2020-07-22 12:33:29,209 [Listener at 127.0.0.1/42799] INFO  server.session (HouseKeeper.java:startScavenging(140)) - node0 Scavenging every 600000ms
2020-07-22 12:33:29,210 [Listener at 127.0.0.1/42799] INFO  handler.ContextHandler (ContextHandler.java:doStart(825)) - Started o.e.j.s.ServletContextHandler@7edc785e{logs,/logs,file:///github/workspace/mnt/ozone/hadoop-ozone/integration-test/target/log,AVAILABLE}
2020-07-22 12:33:29,210 [Listener at 127.0.0.1/42799] INFO  handler.ContextHandler (ContextHandler.java:doStart(825)) - Started o.e.j.s.ServletContextHandler@2683fbab{static,/static,jar:file:/home/user/.m2/repository/org/apache/hadoop/hadoop-hdds-container-service/0.6.0-SNAPSHOT/hadoop-hdds-container-service-0.6.0-SNAPSHOT.jar!/webapps/static,AVAILABLE}
2020-07-22 12:33:29,283 [Listener at 127.0.0.1/42799] INFO  handler.ContextHandler (ContextHandler.java:doStart(825)) - Started o.e.j.w.WebAppContext@4a281ae0{hddsDatanode,/,file:///tmp/jetty-0_0_0_0-34443-hadoop-hdds-container-service-0_6_0-SNAPSHOT_jar-_-any-4457824125497843622.dir/webapp/,AVAILABLE}{jar:file:/home/user/.m2/repository/org/apache/hadoop/hadoop-hdds-container-service/0.6.0-SNAPSHOT/hadoop-hdds-container-service-0.6.0-SNAPSHOT.jar!/webapps/hddsDatanode}
2020-07-22 12:33:29,285 [Listener at 127.0.0.1/42799] INFO  server.AbstractConnector (AbstractConnector.java:doStart(330)) - Started ServerConnector@110ed523{HTTP/1.1,[http/1.1]}{0.0.0.0:34443}
2020-07-22 12:33:29,285 [Listener at 127.0.0.1/42799] INFO  server.Server (Server.java:doStart(399)) - Started @139789ms
2020-07-22 12:33:29,285 [Listener at 127.0.0.1/42799] WARN  impl.MetricsSystemImpl (MetricsSystemImpl.java:register(276)) - Sink prometheus already exists!
2020-07-22 12:33:29,289 [Listener at 127.0.0.1/42799] INFO  http.BaseHttpServer (BaseHttpServer.java:updateConnectorAddress(327)) - HTTP server of hddsDatanode listening at http://0.0.0.0:34443
2020-07-22 12:33:29,290 [Listener at 127.0.0.1/42799] INFO  impl.MetricsSystemImpl (MetricsSystemImpl.java:init(158)) - HddsDatanode metrics system started (again)
2020-07-22 12:33:29,292 [Listener at 127.0.0.1/42799] INFO  ozone.HddsDatanodeService (HddsDatanodeService.java:start(217)) - HddsDatanodeService host:c8d1cb744cae ip:172.17.0.2
2020-07-22 12:33:29,297 [Listener at 127.0.0.1/42799] INFO  volume.HddsVolume (HddsVolume.java:<init>(176)) - Creating Volume: /github/workspace/mnt/ozone/hadoop-ozone/integration-test/target/test-dir/MiniOzoneClusterImpl-27133a7a-4276-4edb-aad9-b93835fdb948/datanode-4/data-0/containers/hdds of storage type : DISK and capacity : 9223372036854775807
2020-07-22 12:33:29,297 [Listener at 127.0.0.1/42799] INFO  volume.MutableVolumeSet (MutableVolumeSet.java:initializeVolumeSet(179)) - Added Volume : /github/workspace/mnt/ozone/hadoop-ozone/integration-test/target/test-dir/MiniOzoneClusterImpl-27133a7a-4276-4edb-aad9-b93835fdb948/datanode-4/data-0/containers/hdds to VolumeSet
2020-07-22 12:33:29,297 [Listener at 127.0.0.1/42799] INFO  volume.ThrottledAsyncChecker (ThrottledAsyncChecker.java:schedule(141)) - Scheduling a check for /github/workspace/mnt/ozone/hadoop-ozone/integration-test/target/test-dir/MiniOzoneClusterImpl-27133a7a-4276-4edb-aad9-b93835fdb948/datanode-4/data-0/containers/hdds
2020-07-22 12:33:29,300 [Listener at 127.0.0.1/42799] INFO  volume.HddsVolumeChecker (HddsVolumeChecker.java:checkAllVolumes(200)) - Scheduled health check for volume /github/workspace/mnt/ozone/hadoop-ozone/integration-test/target/test-dir/MiniOzoneClusterImpl-27133a7a-4276-4edb-aad9-b93835fdb948/datanode-4/data-0/containers/hdds
2020-07-22 12:33:29,300 [org.apache.hadoop.util.JvmPauseMonitor$Monitor@dd49744] INFO  util.JvmPauseMonitor (JvmPauseMonitor.java:run(188)) - Starting JVM pause monitor
2020-07-22 12:33:29,306 [Datanode State Machine Thread - 0] INFO  datanode.InitDatanodeState (InitDatanodeState.java:persistContainerDatanodeDetails(145)) - DatanodeDetails is persisted to /github/workspace/mnt/ozone/hadoop-ozone/integration-test/target/test-dir/MiniOzoneClusterImpl-27133a7a-4276-4edb-aad9-b93835fdb948/datanode-3/meta/datanode.id
2020-07-22 12:33:29,313 [Thread-1183] INFO  ozoneimpl.ContainerReader (ContainerReader.java:readVolume(123)) - Start to verify containers on volume /github/workspace/mnt/ozone/hadoop-ozone/integration-test/target/test-dir/MiniOzoneClusterImpl-27133a7a-4276-4edb-aad9-b93835fdb948/datanode-4/data-0/containers/hdds
2020-07-22 12:33:29,314 [Thread-1183] INFO  ozoneimpl.ContainerReader (ContainerReader.java:readVolume(148)) - Finish verifying containers on volume /github/workspace/mnt/ozone/hadoop-ozone/integration-test/target/test-dir/MiniOzoneClusterImpl-27133a7a-4276-4edb-aad9-b93835fdb948/datanode-4/data-0/containers/hdds
2020-07-22 12:33:29,314 [Listener at 127.0.0.1/42799] INFO  ozoneimpl.OzoneContainer (OzoneContainer.java:buildContainerSet(187)) - Build ContainerSet costs 0s
2020-07-22 12:33:29,315 [Listener at 127.0.0.1/42799] INFO  impl.RaftServerProxy (ConfUtils.java:logGet(44)) - raft.rpc.type = GRPC (default)
2020-07-22 12:33:29,315 [Listener at 127.0.0.1/42799] INFO  grpc.GrpcFactory (GrpcFactory.java:checkPooledByteBufAllocatorUseCacheForAllThreads(45)) - PERFORMANCE WARNING: useCacheForAllThreads is true that may cause Netty to create a lot garbage objects and, as a result, trigger GC.
	It is recommended to disable useCacheForAllThreads by setting -Dorg.apache.ratis.thirdparty.io.netty.allocator.useCacheForAllThreads=false in command line.
2020-07-22 12:33:29,315 [Listener at 127.0.0.1/42799] INFO  grpc.GrpcConfigKeys (ConfUtils.java:logGet(44)) - raft.grpc.server.port = 0 (default)
2020-07-22 12:33:29,316 [Listener at 127.0.0.1/42799] INFO  server.GrpcService (ConfUtils.java:logGet(44)) - raft.grpc.message.size.max = 32MB (=33554432) (custom)
2020-07-22 12:33:29,316 [Listener at 127.0.0.1/42799] INFO  server.RaftServerConfigKeys (ConfUtils.java:logGet(44)) - raft.server.log.appender.buffer.byte-limit = 33554432 (custom)
2020-07-22 12:33:29,316 [Listener at 127.0.0.1/42799] INFO  server.GrpcService (ConfUtils.java:logGet(44)) - raft.grpc.flow.control.window = 5MB (=5242880) (custom)
2020-07-22 12:33:29,316 [Listener at 127.0.0.1/42799] INFO  server.RaftServerConfigKeys (ConfUtils.java:logGet(44)) - raft.server.rpc.request.timeout = 3000ms (default)
2020-07-22 12:33:29,317 [Listener at 127.0.0.1/42799] INFO  server.RaftServerConfigKeys (ConfUtils.java:logGet(44)) - raft.server.storage.dir = [/github/workspace/mnt/ozone/hadoop-ozone/integration-test/target/test-dir/MiniOzoneClusterImpl-27133a7a-4276-4edb-aad9-b93835fdb948/datanode-4/data/ratis] (custom)
2020-07-22 12:33:29,326 [Listener at 127.0.0.1/42799] INFO  http.BaseHttpServer (BaseHttpServer.java:newHttpServer2BuilderForOzone(207)) - Starting Web-server for hddsDatanode at: http://0.0.0.0:0
2020-07-22 12:33:29,327 [Listener at 127.0.0.1/42799] INFO  http.BaseHttpServer (BaseHttpServer.java:<init>(106)) - Hadoop Security Enabled: false Ozone Security Enabled: false Ozone HTTP Security Enabled: false 
2020-07-22 12:33:29,327 [Listener at 127.0.0.1/42799] INFO  server.AuthenticationFilter (AuthenticationFilter.java:constructSecretProvider(240)) - Unable to initialize FileSignerSecretProvider, falling back to use random secrets.
2020-07-22 12:33:29,328 [Listener at 127.0.0.1/42799] WARN  http.HttpRequestLog (HttpRequestLog.java:getRequestLog(103)) - Jetty request log can only be enabled using Log4j
2020-07-22 12:33:29,329 [Listener at 127.0.0.1/42799] INFO  http.HttpServer2 (HttpServer2.java:addGlobalFilter(998)) - Added global filter 'safety' (class=org.apache.hadoop.hdds.server.http.HttpServer2$QuotingInputFilter)
2020-07-22 12:33:29,329 [Listener at 127.0.0.1/42799] INFO  http.HttpServer2 (HttpServer2.java:addFilter(974)) - Added filter static_user_filter (class=org.apache.hadoop.http.lib.StaticUserWebFilter$StaticUserFilter) to context hddsDatanode
2020-07-22 12:33:29,329 [Listener at 127.0.0.1/42799] INFO  http.HttpServer2 (HttpServer2.java:addFilter(982)) - Added filter static_user_filter (class=org.apache.hadoop.http.lib.StaticUserWebFilter$StaticUserFilter) to context static
2020-07-22 12:33:29,329 [Listener at 127.0.0.1/42799] INFO  http.HttpServer2 (HttpServer2.java:addFilter(982)) - Added filter static_user_filter (class=org.apache.hadoop.http.lib.StaticUserWebFilter$StaticUserFilter) to context logs
2020-07-22 12:33:29,330 [Listener at 127.0.0.1/42799] INFO  http.HttpServer2 (HttpServer2.java:bindListener(1216)) - Jetty bound to port 35239
2020-07-22 12:33:29,330 [Listener at 127.0.0.1/42799] INFO  server.Server (Server.java:doStart(359)) - jetty-9.4.26.v20200117; built: 2020-01-17T12:35:33.676Z; git: 7b38981d25d14afb4a12ff1f2596756144edf695; jvm 1.8.0_232-b09
2020-07-22 12:33:29,340 [Listener at 127.0.0.1/42799] INFO  server.session (DefaultSessionIdManager.java:doStart(333)) - DefaultSessionIdManager workerName=node0
2020-07-22 12:33:29,341 [Listener at 127.0.0.1/42799] INFO  server.session (DefaultSessionIdManager.java:doStart(338)) - No SessionScavenger set, using defaults
2020-07-22 12:33:29,341 [Listener at 127.0.0.1/42799] INFO  server.session (HouseKeeper.java:startScavenging(140)) - node0 Scavenging every 600000ms
2020-07-22 12:33:29,342 [Listener at 127.0.0.1/42799] INFO  handler.ContextHandler (ContextHandler.java:doStart(825)) - Started o.e.j.s.ServletContextHandler@207ceea4{logs,/logs,file:///github/workspace/mnt/ozone/hadoop-ozone/integration-test/target/log,AVAILABLE}
2020-07-22 12:33:29,342 [Listener at 127.0.0.1/42799] INFO  handler.ContextHandler (ContextHandler.java:doStart(825)) - Started o.e.j.s.ServletContextHandler@5f58ff4f{static,/static,jar:file:/home/user/.m2/repository/org/apache/hadoop/hadoop-hdds-container-service/0.6.0-SNAPSHOT/hadoop-hdds-container-service-0.6.0-SNAPSHOT.jar!/webapps/static,AVAILABLE}
2020-07-22 12:33:29,418 [Listener at 127.0.0.1/42799] INFO  handler.ContextHandler (ContextHandler.java:doStart(825)) - Started o.e.j.w.WebAppContext@980142a{hddsDatanode,/,file:///tmp/jetty-0_0_0_0-35239-hadoop-hdds-container-service-0_6_0-SNAPSHOT_jar-_-any-1964193194928643142.dir/webapp/,AVAILABLE}{jar:file:/home/user/.m2/repository/org/apache/hadoop/hadoop-hdds-container-service/0.6.0-SNAPSHOT/hadoop-hdds-container-service-0.6.0-SNAPSHOT.jar!/webapps/hddsDatanode}
2020-07-22 12:33:29,420 [Listener at 127.0.0.1/42799] INFO  server.AbstractConnector (AbstractConnector.java:doStart(330)) - Started ServerConnector@7b7eb8c{HTTP/1.1,[http/1.1]}{0.0.0.0:35239}
2020-07-22 12:33:29,420 [Listener at 127.0.0.1/42799] INFO  server.Server (Server.java:doStart(399)) - Started @139924ms
2020-07-22 12:33:29,420 [Listener at 127.0.0.1/42799] WARN  impl.MetricsSystemImpl (MetricsSystemImpl.java:register(276)) - Sink prometheus already exists!
2020-07-22 12:33:29,423 [Listener at 127.0.0.1/42799] INFO  http.BaseHttpServer (BaseHttpServer.java:updateConnectorAddress(327)) - HTTP server of hddsDatanode listening at http://0.0.0.0:35239
2020-07-22 12:33:29,424 [Listener at 127.0.0.1/42799] INFO  impl.MetricsSystemImpl (MetricsSystemImpl.java:init(158)) - HddsDatanode metrics system started (again)
2020-07-22 12:33:29,426 [Listener at 127.0.0.1/42799] INFO  ozone.HddsDatanodeService (HddsDatanodeService.java:start(217)) - HddsDatanodeService host:c8d1cb744cae ip:172.17.0.2
2020-07-22 12:33:29,429 [Listener at 127.0.0.1/42799] INFO  volume.HddsVolume (HddsVolume.java:<init>(176)) - Creating Volume: /github/workspace/mnt/ozone/hadoop-ozone/integration-test/target/test-dir/MiniOzoneClusterImpl-27133a7a-4276-4edb-aad9-b93835fdb948/datanode-5/data-0/containers/hdds of storage type : DISK and capacity : 9223372036854775807
2020-07-22 12:33:29,431 [Listener at 127.0.0.1/42799] INFO  volume.MutableVolumeSet (MutableVolumeSet.java:initializeVolumeSet(179)) - Added Volume : /github/workspace/mnt/ozone/hadoop-ozone/integration-test/target/test-dir/MiniOzoneClusterImpl-27133a7a-4276-4edb-aad9-b93835fdb948/datanode-5/data-0/containers/hdds to VolumeSet
2020-07-22 12:33:29,431 [Listener at 127.0.0.1/42799] INFO  volume.ThrottledAsyncChecker (ThrottledAsyncChecker.java:schedule(141)) - Scheduling a check for /github/workspace/mnt/ozone/hadoop-ozone/integration-test/target/test-dir/MiniOzoneClusterImpl-27133a7a-4276-4edb-aad9-b93835fdb948/datanode-5/data-0/containers/hdds
2020-07-22 12:33:29,432 [Listener at 127.0.0.1/42799] INFO  volume.HddsVolumeChecker (HddsVolumeChecker.java:checkAllVolumes(200)) - Scheduled health check for volume /github/workspace/mnt/ozone/hadoop-ozone/integration-test/target/test-dir/MiniOzoneClusterImpl-27133a7a-4276-4edb-aad9-b93835fdb948/datanode-5/data-0/containers/hdds
2020-07-22 12:33:29,438 [org.apache.hadoop.util.JvmPauseMonitor$Monitor@1c88dfe4] INFO  util.JvmPauseMonitor (JvmPauseMonitor.java:run(188)) - Starting JVM pause monitor
2020-07-22 12:33:29,440 [Datanode State Machine Thread - 0] INFO  datanode.InitDatanodeState (InitDatanodeState.java:persistContainerDatanodeDetails(145)) - DatanodeDetails is persisted to /github/workspace/mnt/ozone/hadoop-ozone/integration-test/target/test-dir/MiniOzoneClusterImpl-27133a7a-4276-4edb-aad9-b93835fdb948/datanode-4/meta/datanode.id
2020-07-22 12:33:29,451 [Thread-1194] INFO  ozoneimpl.ContainerReader (ContainerReader.java:readVolume(123)) - Start to verify containers on volume /github/workspace/mnt/ozone/hadoop-ozone/integration-test/target/test-dir/MiniOzoneClusterImpl-27133a7a-4276-4edb-aad9-b93835fdb948/datanode-5/data-0/containers/hdds
2020-07-22 12:33:29,452 [Thread-1194] INFO  ozoneimpl.ContainerReader (ContainerReader.java:readVolume(148)) - Finish verifying containers on volume /github/workspace/mnt/ozone/hadoop-ozone/integration-test/target/test-dir/MiniOzoneClusterImpl-27133a7a-4276-4edb-aad9-b93835fdb948/datanode-5/data-0/containers/hdds
2020-07-22 12:33:29,452 [Listener at 127.0.0.1/42799] INFO  ozoneimpl.OzoneContainer (OzoneContainer.java:buildContainerSet(187)) - Build ContainerSet costs 0s
2020-07-22 12:33:29,453 [Listener at 127.0.0.1/42799] INFO  impl.RaftServerProxy (ConfUtils.java:logGet(44)) - raft.rpc.type = GRPC (default)
2020-07-22 12:33:29,453 [Listener at 127.0.0.1/42799] INFO  grpc.GrpcFactory (GrpcFactory.java:checkPooledByteBufAllocatorUseCacheForAllThreads(45)) - PERFORMANCE WARNING: useCacheForAllThreads is true that may cause Netty to create a lot garbage objects and, as a result, trigger GC.
	It is recommended to disable useCacheForAllThreads by setting -Dorg.apache.ratis.thirdparty.io.netty.allocator.useCacheForAllThreads=false in command line.
2020-07-22 12:33:29,454 [Listener at 127.0.0.1/42799] INFO  grpc.GrpcConfigKeys (ConfUtils.java:logGet(44)) - raft.grpc.server.port = 0 (default)
2020-07-22 12:33:29,454 [Listener at 127.0.0.1/42799] INFO  server.GrpcService (ConfUtils.java:logGet(44)) - raft.grpc.message.size.max = 32MB (=33554432) (custom)
2020-07-22 12:33:29,454 [Listener at 127.0.0.1/42799] INFO  server.RaftServerConfigKeys (ConfUtils.java:logGet(44)) - raft.server.log.appender.buffer.byte-limit = 33554432 (custom)
2020-07-22 12:33:29,454 [Listener at 127.0.0.1/42799] INFO  server.GrpcService (ConfUtils.java:logGet(44)) - raft.grpc.flow.control.window = 5MB (=5242880) (custom)
2020-07-22 12:33:29,454 [Listener at 127.0.0.1/42799] INFO  server.RaftServerConfigKeys (ConfUtils.java:logGet(44)) - raft.server.rpc.request.timeout = 3000ms (default)
2020-07-22 12:33:29,455 [Listener at 127.0.0.1/42799] INFO  server.RaftServerConfigKeys (ConfUtils.java:logGet(44)) - raft.server.storage.dir = [/github/workspace/mnt/ozone/hadoop-ozone/integration-test/target/test-dir/MiniOzoneClusterImpl-27133a7a-4276-4edb-aad9-b93835fdb948/datanode-5/data/ratis] (custom)
2020-07-22 12:33:29,468 [Listener at 127.0.0.1/42799] INFO  http.BaseHttpServer (BaseHttpServer.java:newHttpServer2BuilderForOzone(207)) - Starting Web-server for hddsDatanode at: http://0.0.0.0:0
2020-07-22 12:33:29,468 [Listener at 127.0.0.1/42799] INFO  http.BaseHttpServer (BaseHttpServer.java:<init>(106)) - Hadoop Security Enabled: false Ozone Security Enabled: false Ozone HTTP Security Enabled: false 
2020-07-22 12:33:29,469 [Listener at 127.0.0.1/42799] INFO  server.AuthenticationFilter (AuthenticationFilter.java:constructSecretProvider(240)) - Unable to initialize FileSignerSecretProvider, falling back to use random secrets.
2020-07-22 12:33:29,470 [Listener at 127.0.0.1/42799] WARN  http.HttpRequestLog (HttpRequestLog.java:getRequestLog(103)) - Jetty request log can only be enabled using Log4j
2020-07-22 12:33:29,470 [Listener at 127.0.0.1/42799] INFO  http.HttpServer2 (HttpServer2.java:addGlobalFilter(998)) - Added global filter 'safety' (class=org.apache.hadoop.hdds.server.http.HttpServer2$QuotingInputFilter)
2020-07-22 12:33:29,471 [Listener at 127.0.0.1/42799] INFO  http.HttpServer2 (HttpServer2.java:addFilter(974)) - Added filter static_user_filter (class=org.apache.hadoop.http.lib.StaticUserWebFilter$StaticUserFilter) to context hddsDatanode
2020-07-22 12:33:29,471 [Listener at 127.0.0.1/42799] INFO  http.HttpServer2 (HttpServer2.java:addFilter(982)) - Added filter static_user_filter (class=org.apache.hadoop.http.lib.StaticUserWebFilter$StaticUserFilter) to context static
2020-07-22 12:33:29,471 [Listener at 127.0.0.1/42799] INFO  http.HttpServer2 (HttpServer2.java:addFilter(982)) - Added filter static_user_filter (class=org.apache.hadoop.http.lib.StaticUserWebFilter$StaticUserFilter) to context logs
2020-07-22 12:33:29,471 [Listener at 127.0.0.1/42799] INFO  http.HttpServer2 (HttpServer2.java:bindListener(1216)) - Jetty bound to port 39009
2020-07-22 12:33:29,471 [Listener at 127.0.0.1/42799] INFO  server.Server (Server.java:doStart(359)) - jetty-9.4.26.v20200117; built: 2020-01-17T12:35:33.676Z; git: 7b38981d25d14afb4a12ff1f2596756144edf695; jvm 1.8.0_232-b09
2020-07-22 12:33:29,473 [Listener at 127.0.0.1/42799] INFO  server.session (DefaultSessionIdManager.java:doStart(333)) - DefaultSessionIdManager workerName=node0
2020-07-22 12:33:29,473 [Listener at 127.0.0.1/42799] INFO  server.session (DefaultSessionIdManager.java:doStart(338)) - No SessionScavenger set, using defaults
2020-07-22 12:33:29,473 [Listener at 127.0.0.1/42799] INFO  server.session (HouseKeeper.java:startScavenging(140)) - node0 Scavenging every 600000ms
2020-07-22 12:33:29,474 [Listener at 127.0.0.1/42799] INFO  handler.ContextHandler (ContextHandler.java:doStart(825)) - Started o.e.j.s.ServletContextHandler@6f2d77e9{logs,/logs,file:///github/workspace/mnt/ozone/hadoop-ozone/integration-test/target/log,AVAILABLE}
2020-07-22 12:33:29,474 [Listener at 127.0.0.1/42799] INFO  handler.ContextHandler (ContextHandler.java:doStart(825)) - Started o.e.j.s.ServletContextHandler@23ea17e{static,/static,jar:file:/home/user/.m2/repository/org/apache/hadoop/hadoop-hdds-container-service/0.6.0-SNAPSHOT/hadoop-hdds-container-service-0.6.0-SNAPSHOT.jar!/webapps/static,AVAILABLE}
2020-07-22 12:33:29,550 [Listener at 127.0.0.1/42799] INFO  handler.ContextHandler (ContextHandler.java:doStart(825)) - Started o.e.j.w.WebAppContext@96277ae{hddsDatanode,/,file:///tmp/jetty-0_0_0_0-39009-hadoop-hdds-container-service-0_6_0-SNAPSHOT_jar-_-any-8618618869666088867.dir/webapp/,AVAILABLE}{jar:file:/home/user/.m2/repository/org/apache/hadoop/hadoop-hdds-container-service/0.6.0-SNAPSHOT/hadoop-hdds-container-service-0.6.0-SNAPSHOT.jar!/webapps/hddsDatanode}
2020-07-22 12:33:29,552 [Listener at 127.0.0.1/42799] INFO  server.AbstractConnector (AbstractConnector.java:doStart(330)) - Started ServerConnector@735b638{HTTP/1.1,[http/1.1]}{0.0.0.0:39009}
2020-07-22 12:33:29,552 [Listener at 127.0.0.1/42799] INFO  server.Server (Server.java:doStart(399)) - Started @140056ms
2020-07-22 12:33:29,552 [Listener at 127.0.0.1/42799] WARN  impl.MetricsSystemImpl (MetricsSystemImpl.java:register(276)) - Sink prometheus already exists!
2020-07-22 12:33:29,555 [Listener at 127.0.0.1/42799] INFO  http.BaseHttpServer (BaseHttpServer.java:updateConnectorAddress(327)) - HTTP server of hddsDatanode listening at http://0.0.0.0:39009
2020-07-22 12:33:29,563 [Listener at 127.0.0.1/42799] INFO  impl.MetricsSystemImpl (MetricsSystemImpl.java:init(158)) - HddsDatanode metrics system started (again)
2020-07-22 12:33:29,566 [org.apache.hadoop.util.JvmPauseMonitor$Monitor@74ec0ba2] INFO  util.JvmPauseMonitor (JvmPauseMonitor.java:run(188)) - Starting JVM pause monitor
2020-07-22 12:33:29,566 [Listener at 127.0.0.1/42799] INFO  ozone.HddsDatanodeService (HddsDatanodeService.java:start(217)) - HddsDatanodeService host:c8d1cb744cae ip:172.17.0.2
2020-07-22 12:33:29,567 [Datanode State Machine Thread - 0] INFO  datanode.InitDatanodeState (InitDatanodeState.java:persistContainerDatanodeDetails(145)) - DatanodeDetails is persisted to /github/workspace/mnt/ozone/hadoop-ozone/integration-test/target/test-dir/MiniOzoneClusterImpl-27133a7a-4276-4edb-aad9-b93835fdb948/datanode-5/meta/datanode.id
2020-07-22 12:33:29,567 [Listener at 127.0.0.1/42799] INFO  volume.HddsVolume (HddsVolume.java:<init>(176)) - Creating Volume: /github/workspace/mnt/ozone/hadoop-ozone/integration-test/target/test-dir/MiniOzoneClusterImpl-27133a7a-4276-4edb-aad9-b93835fdb948/datanode-6/data-0/containers/hdds of storage type : DISK and capacity : 9223372036854775807
2020-07-22 12:33:29,568 [Listener at 127.0.0.1/42799] INFO  volume.MutableVolumeSet (MutableVolumeSet.java:initializeVolumeSet(179)) - Added Volume : /github/workspace/mnt/ozone/hadoop-ozone/integration-test/target/test-dir/MiniOzoneClusterImpl-27133a7a-4276-4edb-aad9-b93835fdb948/datanode-6/data-0/containers/hdds to VolumeSet
2020-07-22 12:33:29,568 [Listener at 127.0.0.1/42799] INFO  volume.ThrottledAsyncChecker (ThrottledAsyncChecker.java:schedule(141)) - Scheduling a check for /github/workspace/mnt/ozone/hadoop-ozone/integration-test/target/test-dir/MiniOzoneClusterImpl-27133a7a-4276-4edb-aad9-b93835fdb948/datanode-6/data-0/containers/hdds
2020-07-22 12:33:29,568 [Listener at 127.0.0.1/42799] INFO  volume.HddsVolumeChecker (HddsVolumeChecker.java:checkAllVolumes(200)) - Scheduled health check for volume /github/workspace/mnt/ozone/hadoop-ozone/integration-test/target/test-dir/MiniOzoneClusterImpl-27133a7a-4276-4edb-aad9-b93835fdb948/datanode-6/data-0/containers/hdds
2020-07-22 12:33:29,583 [Thread-1205] INFO  ozoneimpl.ContainerReader (ContainerReader.java:readVolume(123)) - Start to verify containers on volume /github/workspace/mnt/ozone/hadoop-ozone/integration-test/target/test-dir/MiniOzoneClusterImpl-27133a7a-4276-4edb-aad9-b93835fdb948/datanode-6/data-0/containers/hdds
2020-07-22 12:33:29,583 [Thread-1205] INFO  ozoneimpl.ContainerReader (ContainerReader.java:readVolume(148)) - Finish verifying containers on volume /github/workspace/mnt/ozone/hadoop-ozone/integration-test/target/test-dir/MiniOzoneClusterImpl-27133a7a-4276-4edb-aad9-b93835fdb948/datanode-6/data-0/containers/hdds
2020-07-22 12:33:29,583 [Listener at 127.0.0.1/42799] INFO  ozoneimpl.OzoneContainer (OzoneContainer.java:buildContainerSet(187)) - Build ContainerSet costs 0s
2020-07-22 12:33:29,585 [Listener at 127.0.0.1/42799] INFO  impl.RaftServerProxy (ConfUtils.java:logGet(44)) - raft.rpc.type = GRPC (default)
2020-07-22 12:33:29,585 [Listener at 127.0.0.1/42799] INFO  grpc.GrpcFactory (GrpcFactory.java:checkPooledByteBufAllocatorUseCacheForAllThreads(45)) - PERFORMANCE WARNING: useCacheForAllThreads is true that may cause Netty to create a lot garbage objects and, as a result, trigger GC.
	It is recommended to disable useCacheForAllThreads by setting -Dorg.apache.ratis.thirdparty.io.netty.allocator.useCacheForAllThreads=false in command line.
2020-07-22 12:33:29,585 [Listener at 127.0.0.1/42799] INFO  grpc.GrpcConfigKeys (ConfUtils.java:logGet(44)) - raft.grpc.server.port = 0 (default)
2020-07-22 12:33:29,586 [Listener at 127.0.0.1/42799] INFO  server.GrpcService (ConfUtils.java:logGet(44)) - raft.grpc.message.size.max = 32MB (=33554432) (custom)
2020-07-22 12:33:29,586 [Listener at 127.0.0.1/42799] INFO  server.RaftServerConfigKeys (ConfUtils.java:logGet(44)) - raft.server.log.appender.buffer.byte-limit = 33554432 (custom)
2020-07-22 12:33:29,586 [Listener at 127.0.0.1/42799] INFO  server.GrpcService (ConfUtils.java:logGet(44)) - raft.grpc.flow.control.window = 5MB (=5242880) (custom)
2020-07-22 12:33:29,586 [Listener at 127.0.0.1/42799] INFO  server.RaftServerConfigKeys (ConfUtils.java:logGet(44)) - raft.server.rpc.request.timeout = 3000ms (default)
2020-07-22 12:33:29,587 [Listener at 127.0.0.1/42799] INFO  server.RaftServerConfigKeys (ConfUtils.java:logGet(44)) - raft.server.storage.dir = [/github/workspace/mnt/ozone/hadoop-ozone/integration-test/target/test-dir/MiniOzoneClusterImpl-27133a7a-4276-4edb-aad9-b93835fdb948/datanode-6/data/ratis] (custom)
2020-07-22 12:33:29,593 [Listener at 127.0.0.1/42799] INFO  http.BaseHttpServer (BaseHttpServer.java:newHttpServer2BuilderForOzone(207)) - Starting Web-server for hddsDatanode at: http://0.0.0.0:0
2020-07-22 12:33:29,593 [Listener at 127.0.0.1/42799] INFO  http.BaseHttpServer (BaseHttpServer.java:<init>(106)) - Hadoop Security Enabled: false Ozone Security Enabled: false Ozone HTTP Security Enabled: false 
2020-07-22 12:33:29,594 [Listener at 127.0.0.1/42799] INFO  server.AuthenticationFilter (AuthenticationFilter.java:constructSecretProvider(240)) - Unable to initialize FileSignerSecretProvider, falling back to use random secrets.
2020-07-22 12:33:29,594 [Listener at 127.0.0.1/42799] WARN  http.HttpRequestLog (HttpRequestLog.java:getRequestLog(103)) - Jetty request log can only be enabled using Log4j
2020-07-22 12:33:29,595 [Listener at 127.0.0.1/42799] INFO  http.HttpServer2 (HttpServer2.java:addGlobalFilter(998)) - Added global filter 'safety' (class=org.apache.hadoop.hdds.server.http.HttpServer2$QuotingInputFilter)
2020-07-22 12:33:29,596 [Listener at 127.0.0.1/42799] INFO  http.HttpServer2 (HttpServer2.java:addFilter(974)) - Added filter static_user_filter (class=org.apache.hadoop.http.lib.StaticUserWebFilter$StaticUserFilter) to context hddsDatanode
2020-07-22 12:33:29,596 [Listener at 127.0.0.1/42799] INFO  http.HttpServer2 (HttpServer2.java:addFilter(982)) - Added filter static_user_filter (class=org.apache.hadoop.http.lib.StaticUserWebFilter$StaticUserFilter) to context logs
2020-07-22 12:33:29,596 [Listener at 127.0.0.1/42799] INFO  http.HttpServer2 (HttpServer2.java:addFilter(982)) - Added filter static_user_filter (class=org.apache.hadoop.http.lib.StaticUserWebFilter$StaticUserFilter) to context static
2020-07-22 12:33:29,597 [Listener at 127.0.0.1/42799] INFO  http.HttpServer2 (HttpServer2.java:bindListener(1216)) - Jetty bound to port 38661
2020-07-22 12:33:29,597 [Listener at 127.0.0.1/42799] INFO  server.Server (Server.java:doStart(359)) - jetty-9.4.26.v20200117; built: 2020-01-17T12:35:33.676Z; git: 7b38981d25d14afb4a12ff1f2596756144edf695; jvm 1.8.0_232-b09
2020-07-22 12:33:29,599 [Listener at 127.0.0.1/42799] INFO  server.session (DefaultSessionIdManager.java:doStart(333)) - DefaultSessionIdManager workerName=node0
2020-07-22 12:33:29,599 [Listener at 127.0.0.1/42799] INFO  server.session (DefaultSessionIdManager.java:doStart(338)) - No SessionScavenger set, using defaults
2020-07-22 12:33:29,600 [Listener at 127.0.0.1/42799] INFO  server.session (HouseKeeper.java:startScavenging(140)) - node0 Scavenging every 660000ms
2020-07-22 12:33:29,600 [Listener at 127.0.0.1/42799] INFO  handler.ContextHandler (ContextHandler.java:doStart(825)) - Started o.e.j.s.ServletContextHandler@b753aa5{logs,/logs,file:///github/workspace/mnt/ozone/hadoop-ozone/integration-test/target/log,AVAILABLE}
2020-07-22 12:33:29,601 [Listener at 127.0.0.1/42799] INFO  handler.ContextHandler (ContextHandler.java:doStart(825)) - Started o.e.j.s.ServletContextHandler@321325d7{static,/static,jar:file:/home/user/.m2/repository/org/apache/hadoop/hadoop-hdds-container-service/0.6.0-SNAPSHOT/hadoop-hdds-container-service-0.6.0-SNAPSHOT.jar!/webapps/static,AVAILABLE}
2020-07-22 12:33:29,687 [Listener at 127.0.0.1/42799] INFO  handler.ContextHandler (ContextHandler.java:doStart(825)) - Started o.e.j.w.WebAppContext@6636e1dd{hddsDatanode,/,file:///tmp/jetty-0_0_0_0-38661-hadoop-hdds-container-service-0_6_0-SNAPSHOT_jar-_-any-6150921025832742466.dir/webapp/,AVAILABLE}{jar:file:/home/user/.m2/repository/org/apache/hadoop/hadoop-hdds-container-service/0.6.0-SNAPSHOT/hadoop-hdds-container-service-0.6.0-SNAPSHOT.jar!/webapps/hddsDatanode}
2020-07-22 12:33:29,689 [Listener at 127.0.0.1/42799] INFO  server.AbstractConnector (AbstractConnector.java:doStart(330)) - Started ServerConnector@41d101d4{HTTP/1.1,[http/1.1]}{0.0.0.0:38661}
2020-07-22 12:33:29,689 [Listener at 127.0.0.1/42799] INFO  server.Server (Server.java:doStart(399)) - Started @140193ms
2020-07-22 12:33:29,689 [Listener at 127.0.0.1/42799] WARN  impl.MetricsSystemImpl (MetricsSystemImpl.java:register(276)) - Sink prometheus already exists!
2020-07-22 12:33:29,692 [Listener at 127.0.0.1/42799] INFO  http.BaseHttpServer (BaseHttpServer.java:updateConnectorAddress(327)) - HTTP server of hddsDatanode listening at http://0.0.0.0:38661
2020-07-22 12:33:29,696 [Listener at 127.0.0.1/42799] INFO  impl.MetricsSystemImpl (MetricsSystemImpl.java:init(158)) - HddsDatanode metrics system started (again)
2020-07-22 12:33:29,699 [Listener at 127.0.0.1/42799] INFO  ozone.HddsDatanodeService (HddsDatanodeService.java:start(217)) - HddsDatanodeService host:c8d1cb744cae ip:172.17.0.2
2020-07-22 12:33:29,705 [org.apache.hadoop.util.JvmPauseMonitor$Monitor@2c949314] INFO  util.JvmPauseMonitor (JvmPauseMonitor.java:run(188)) - Starting JVM pause monitor
2020-07-22 12:33:29,705 [Datanode State Machine Thread - 0] INFO  datanode.InitDatanodeState (InitDatanodeState.java:persistContainerDatanodeDetails(145)) - DatanodeDetails is persisted to /github/workspace/mnt/ozone/hadoop-ozone/integration-test/target/test-dir/MiniOzoneClusterImpl-27133a7a-4276-4edb-aad9-b93835fdb948/datanode-6/meta/datanode.id
2020-07-22 12:33:29,706 [Listener at 127.0.0.1/42799] INFO  volume.HddsVolume (HddsVolume.java:<init>(176)) - Creating Volume: /github/workspace/mnt/ozone/hadoop-ozone/integration-test/target/test-dir/MiniOzoneClusterImpl-27133a7a-4276-4edb-aad9-b93835fdb948/datanode-7/data-0/containers/hdds of storage type : DISK and capacity : 9223372036854775807
2020-07-22 12:33:29,706 [Listener at 127.0.0.1/42799] INFO  volume.MutableVolumeSet (MutableVolumeSet.java:initializeVolumeSet(179)) - Added Volume : /github/workspace/mnt/ozone/hadoop-ozone/integration-test/target/test-dir/MiniOzoneClusterImpl-27133a7a-4276-4edb-aad9-b93835fdb948/datanode-7/data-0/containers/hdds to VolumeSet
2020-07-22 12:33:29,706 [Listener at 127.0.0.1/42799] INFO  volume.ThrottledAsyncChecker (ThrottledAsyncChecker.java:schedule(141)) - Scheduling a check for /github/workspace/mnt/ozone/hadoop-ozone/integration-test/target/test-dir/MiniOzoneClusterImpl-27133a7a-4276-4edb-aad9-b93835fdb948/datanode-7/data-0/containers/hdds
2020-07-22 12:33:29,707 [Listener at 127.0.0.1/42799] INFO  volume.HddsVolumeChecker (HddsVolumeChecker.java:checkAllVolumes(200)) - Scheduled health check for volume /github/workspace/mnt/ozone/hadoop-ozone/integration-test/target/test-dir/MiniOzoneClusterImpl-27133a7a-4276-4edb-aad9-b93835fdb948/datanode-7/data-0/containers/hdds
2020-07-22 12:33:29,720 [Thread-1216] INFO  ozoneimpl.ContainerReader (ContainerReader.java:readVolume(123)) - Start to verify containers on volume /github/workspace/mnt/ozone/hadoop-ozone/integration-test/target/test-dir/MiniOzoneClusterImpl-27133a7a-4276-4edb-aad9-b93835fdb948/datanode-7/data-0/containers/hdds
2020-07-22 12:33:29,721 [Thread-1216] INFO  ozoneimpl.ContainerReader (ContainerReader.java:readVolume(148)) - Finish verifying containers on volume /github/workspace/mnt/ozone/hadoop-ozone/integration-test/target/test-dir/MiniOzoneClusterImpl-27133a7a-4276-4edb-aad9-b93835fdb948/datanode-7/data-0/containers/hdds
2020-07-22 12:33:29,721 [Listener at 127.0.0.1/42799] INFO  ozoneimpl.OzoneContainer (OzoneContainer.java:buildContainerSet(187)) - Build ContainerSet costs 0s
2020-07-22 12:33:29,722 [Listener at 127.0.0.1/42799] INFO  impl.RaftServerProxy (ConfUtils.java:logGet(44)) - raft.rpc.type = GRPC (default)
2020-07-22 12:33:29,722 [Listener at 127.0.0.1/42799] INFO  grpc.GrpcFactory (GrpcFactory.java:checkPooledByteBufAllocatorUseCacheForAllThreads(45)) - PERFORMANCE WARNING: useCacheForAllThreads is true that may cause Netty to create a lot garbage objects and, as a result, trigger GC.
	It is recommended to disable useCacheForAllThreads by setting -Dorg.apache.ratis.thirdparty.io.netty.allocator.useCacheForAllThreads=false in command line.
2020-07-22 12:33:29,723 [Listener at 127.0.0.1/42799] INFO  grpc.GrpcConfigKeys (ConfUtils.java:logGet(44)) - raft.grpc.server.port = 0 (default)
2020-07-22 12:33:29,723 [Listener at 127.0.0.1/42799] INFO  server.GrpcService (ConfUtils.java:logGet(44)) - raft.grpc.message.size.max = 32MB (=33554432) (custom)
2020-07-22 12:33:29,723 [Listener at 127.0.0.1/42799] INFO  server.RaftServerConfigKeys (ConfUtils.java:logGet(44)) - raft.server.log.appender.buffer.byte-limit = 33554432 (custom)
2020-07-22 12:33:29,723 [Listener at 127.0.0.1/42799] INFO  server.GrpcService (ConfUtils.java:logGet(44)) - raft.grpc.flow.control.window = 5MB (=5242880) (custom)
2020-07-22 12:33:29,723 [Listener at 127.0.0.1/42799] INFO  server.RaftServerConfigKeys (ConfUtils.java:logGet(44)) - raft.server.rpc.request.timeout = 3000ms (default)
2020-07-22 12:33:29,724 [Listener at 127.0.0.1/42799] INFO  server.RaftServerConfigKeys (ConfUtils.java:logGet(44)) - raft.server.storage.dir = [/github/workspace/mnt/ozone/hadoop-ozone/integration-test/target/test-dir/MiniOzoneClusterImpl-27133a7a-4276-4edb-aad9-b93835fdb948/datanode-7/data/ratis] (custom)
2020-07-22 12:33:29,728 [Listener at 127.0.0.1/42799] INFO  http.BaseHttpServer (BaseHttpServer.java:newHttpServer2BuilderForOzone(207)) - Starting Web-server for hddsDatanode at: http://0.0.0.0:0
2020-07-22 12:33:29,729 [Listener at 127.0.0.1/42799] INFO  http.BaseHttpServer (BaseHttpServer.java:<init>(106)) - Hadoop Security Enabled: false Ozone Security Enabled: false Ozone HTTP Security Enabled: false 
2020-07-22 12:33:29,729 [Listener at 127.0.0.1/42799] INFO  server.AuthenticationFilter (AuthenticationFilter.java:constructSecretProvider(240)) - Unable to initialize FileSignerSecretProvider, falling back to use random secrets.
2020-07-22 12:33:29,731 [Listener at 127.0.0.1/42799] WARN  http.HttpRequestLog (HttpRequestLog.java:getRequestLog(103)) - Jetty request log can only be enabled using Log4j
2020-07-22 12:33:29,732 [Listener at 127.0.0.1/42799] INFO  http.HttpServer2 (HttpServer2.java:addGlobalFilter(998)) - Added global filter 'safety' (class=org.apache.hadoop.hdds.server.http.HttpServer2$QuotingInputFilter)
2020-07-22 12:33:29,732 [Listener at 127.0.0.1/42799] INFO  http.HttpServer2 (HttpServer2.java:addFilter(974)) - Added filter static_user_filter (class=org.apache.hadoop.http.lib.StaticUserWebFilter$StaticUserFilter) to context hddsDatanode
2020-07-22 12:33:29,733 [Listener at 127.0.0.1/42799] INFO  http.HttpServer2 (HttpServer2.java:addFilter(982)) - Added filter static_user_filter (class=org.apache.hadoop.http.lib.StaticUserWebFilter$StaticUserFilter) to context static
2020-07-22 12:33:29,733 [Listener at 127.0.0.1/42799] INFO  http.HttpServer2 (HttpServer2.java:addFilter(982)) - Added filter static_user_filter (class=org.apache.hadoop.http.lib.StaticUserWebFilter$StaticUserFilter) to context logs
2020-07-22 12:33:29,733 [Listener at 127.0.0.1/42799] INFO  http.HttpServer2 (HttpServer2.java:bindListener(1216)) - Jetty bound to port 43349
2020-07-22 12:33:29,733 [Listener at 127.0.0.1/42799] INFO  server.Server (Server.java:doStart(359)) - jetty-9.4.26.v20200117; built: 2020-01-17T12:35:33.676Z; git: 7b38981d25d14afb4a12ff1f2596756144edf695; jvm 1.8.0_232-b09
2020-07-22 12:33:29,736 [Listener at 127.0.0.1/42799] INFO  server.session (DefaultSessionIdManager.java:doStart(333)) - DefaultSessionIdManager workerName=node0
2020-07-22 12:33:29,736 [Listener at 127.0.0.1/42799] INFO  server.session (DefaultSessionIdManager.java:doStart(338)) - No SessionScavenger set, using defaults
2020-07-22 12:33:29,736 [Listener at 127.0.0.1/42799] INFO  server.session (HouseKeeper.java:startScavenging(140)) - node0 Scavenging every 660000ms
2020-07-22 12:33:29,741 [Listener at 127.0.0.1/42799] INFO  handler.ContextHandler (ContextHandler.java:doStart(825)) - Started o.e.j.s.ServletContextHandler@23c9da95{logs,/logs,file:///github/workspace/mnt/ozone/hadoop-ozone/integration-test/target/log,AVAILABLE}
2020-07-22 12:33:29,741 [Listener at 127.0.0.1/42799] INFO  handler.ContextHandler (ContextHandler.java:doStart(825)) - Started o.e.j.s.ServletContextHandler@5814fe43{static,/static,jar:file:/home/user/.m2/repository/org/apache/hadoop/hadoop-hdds-container-service/0.6.0-SNAPSHOT/hadoop-hdds-container-service-0.6.0-SNAPSHOT.jar!/webapps/static,AVAILABLE}
2020-07-22 12:33:29,816 [Listener at 127.0.0.1/42799] INFO  handler.ContextHandler (ContextHandler.java:doStart(825)) - Started o.e.j.w.WebAppContext@589b0021{hddsDatanode,/,file:///tmp/jetty-0_0_0_0-43349-hadoop-hdds-container-service-0_6_0-SNAPSHOT_jar-_-any-6021989306928775474.dir/webapp/,AVAILABLE}{jar:file:/home/user/.m2/repository/org/apache/hadoop/hadoop-hdds-container-service/0.6.0-SNAPSHOT/hadoop-hdds-container-service-0.6.0-SNAPSHOT.jar!/webapps/hddsDatanode}
2020-07-22 12:33:29,820 [Listener at 127.0.0.1/42799] INFO  server.AbstractConnector (AbstractConnector.java:doStart(330)) - Started ServerConnector@3e2d5b6{HTTP/1.1,[http/1.1]}{0.0.0.0:43349}
2020-07-22 12:33:29,821 [Listener at 127.0.0.1/42799] INFO  server.Server (Server.java:doStart(399)) - Started @140325ms
2020-07-22 12:33:29,821 [Listener at 127.0.0.1/42799] WARN  impl.MetricsSystemImpl (MetricsSystemImpl.java:register(276)) - Sink prometheus already exists!
2020-07-22 12:33:29,824 [Listener at 127.0.0.1/42799] INFO  http.BaseHttpServer (BaseHttpServer.java:updateConnectorAddress(327)) - HTTP server of hddsDatanode listening at http://0.0.0.0:43349
2020-07-22 12:33:29,824 [Listener at 127.0.0.1/42799] INFO  impl.MetricsSystemImpl (MetricsSystemImpl.java:init(158)) - HddsDatanode metrics system started (again)
2020-07-22 12:33:29,827 [Listener at 127.0.0.1/42799] INFO  ozone.HddsDatanodeService (HddsDatanodeService.java:start(217)) - HddsDatanodeService host:c8d1cb744cae ip:172.17.0.2
2020-07-22 12:33:29,828 [Listener at 127.0.0.1/42799] INFO  volume.HddsVolume (HddsVolume.java:<init>(176)) - Creating Volume: /github/workspace/mnt/ozone/hadoop-ozone/integration-test/target/test-dir/MiniOzoneClusterImpl-27133a7a-4276-4edb-aad9-b93835fdb948/datanode-8/data-0/containers/hdds of storage type : DISK and capacity : 9223372036854775807
2020-07-22 12:33:29,828 [Listener at 127.0.0.1/42799] INFO  volume.MutableVolumeSet (MutableVolumeSet.java:initializeVolumeSet(179)) - Added Volume : /github/workspace/mnt/ozone/hadoop-ozone/integration-test/target/test-dir/MiniOzoneClusterImpl-27133a7a-4276-4edb-aad9-b93835fdb948/datanode-8/data-0/containers/hdds to VolumeSet
2020-07-22 12:33:29,828 [Listener at 127.0.0.1/42799] INFO  volume.ThrottledAsyncChecker (ThrottledAsyncChecker.java:schedule(141)) - Scheduling a check for /github/workspace/mnt/ozone/hadoop-ozone/integration-test/target/test-dir/MiniOzoneClusterImpl-27133a7a-4276-4edb-aad9-b93835fdb948/datanode-8/data-0/containers/hdds
2020-07-22 12:33:29,835 [Listener at 127.0.0.1/42799] INFO  volume.HddsVolumeChecker (HddsVolumeChecker.java:checkAllVolumes(200)) - Scheduled health check for volume /github/workspace/mnt/ozone/hadoop-ozone/integration-test/target/test-dir/MiniOzoneClusterImpl-27133a7a-4276-4edb-aad9-b93835fdb948/datanode-8/data-0/containers/hdds
2020-07-22 12:33:29,846 [org.apache.hadoop.util.JvmPauseMonitor$Monitor@31e57b56] INFO  util.JvmPauseMonitor (JvmPauseMonitor.java:run(188)) - Starting JVM pause monitor
2020-07-22 12:33:29,851 [Datanode State Machine Thread - 0] INFO  datanode.InitDatanodeState (InitDatanodeState.java:persistContainerDatanodeDetails(145)) - DatanodeDetails is persisted to /github/workspace/mnt/ozone/hadoop-ozone/integration-test/target/test-dir/MiniOzoneClusterImpl-27133a7a-4276-4edb-aad9-b93835fdb948/datanode-7/meta/datanode.id
2020-07-22 12:33:29,851 [Thread-1227] INFO  ozoneimpl.ContainerReader (ContainerReader.java:readVolume(123)) - Start to verify containers on volume /github/workspace/mnt/ozone/hadoop-ozone/integration-test/target/test-dir/MiniOzoneClusterImpl-27133a7a-4276-4edb-aad9-b93835fdb948/datanode-8/data-0/containers/hdds
2020-07-22 12:33:29,851 [Thread-1227] INFO  ozoneimpl.ContainerReader (ContainerReader.java:readVolume(148)) - Finish verifying containers on volume /github/workspace/mnt/ozone/hadoop-ozone/integration-test/target/test-dir/MiniOzoneClusterImpl-27133a7a-4276-4edb-aad9-b93835fdb948/datanode-8/data-0/containers/hdds
2020-07-22 12:33:29,852 [Listener at 127.0.0.1/42799] INFO  ozoneimpl.OzoneContainer (OzoneContainer.java:buildContainerSet(187)) - Build ContainerSet costs 0s
2020-07-22 12:33:29,853 [Listener at 127.0.0.1/42799] INFO  impl.RaftServerProxy (ConfUtils.java:logGet(44)) - raft.rpc.type = GRPC (default)
2020-07-22 12:33:29,853 [Listener at 127.0.0.1/42799] INFO  grpc.GrpcFactory (GrpcFactory.java:checkPooledByteBufAllocatorUseCacheForAllThreads(45)) - PERFORMANCE WARNING: useCacheForAllThreads is true that may cause Netty to create a lot garbage objects and, as a result, trigger GC.
	It is recommended to disable useCacheForAllThreads by setting -Dorg.apache.ratis.thirdparty.io.netty.allocator.useCacheForAllThreads=false in command line.
2020-07-22 12:33:29,854 [Listener at 127.0.0.1/42799] INFO  grpc.GrpcConfigKeys (ConfUtils.java:logGet(44)) - raft.grpc.server.port = 0 (default)
2020-07-22 12:33:29,854 [Listener at 127.0.0.1/42799] INFO  server.GrpcService (ConfUtils.java:logGet(44)) - raft.grpc.message.size.max = 32MB (=33554432) (custom)
2020-07-22 12:33:29,854 [Listener at 127.0.0.1/42799] INFO  server.RaftServerConfigKeys (ConfUtils.java:logGet(44)) - raft.server.log.appender.buffer.byte-limit = 33554432 (custom)
2020-07-22 12:33:29,854 [Listener at 127.0.0.1/42799] INFO  server.GrpcService (ConfUtils.java:logGet(44)) - raft.grpc.flow.control.window = 5MB (=5242880) (custom)
2020-07-22 12:33:29,854 [Listener at 127.0.0.1/42799] INFO  server.RaftServerConfigKeys (ConfUtils.java:logGet(44)) - raft.server.rpc.request.timeout = 3000ms (default)
2020-07-22 12:33:29,855 [Listener at 127.0.0.1/42799] INFO  server.RaftServerConfigKeys (ConfUtils.java:logGet(44)) - raft.server.storage.dir = [/github/workspace/mnt/ozone/hadoop-ozone/integration-test/target/test-dir/MiniOzoneClusterImpl-27133a7a-4276-4edb-aad9-b93835fdb948/datanode-8/data/ratis] (custom)
2020-07-22 12:33:29,860 [Listener at 127.0.0.1/42799] INFO  http.BaseHttpServer (BaseHttpServer.java:newHttpServer2BuilderForOzone(207)) - Starting Web-server for hddsDatanode at: http://0.0.0.0:0
2020-07-22 12:33:29,860 [Listener at 127.0.0.1/42799] INFO  http.BaseHttpServer (BaseHttpServer.java:<init>(106)) - Hadoop Security Enabled: false Ozone Security Enabled: false Ozone HTTP Security Enabled: false 
2020-07-22 12:33:29,861 [Listener at 127.0.0.1/42799] INFO  server.AuthenticationFilter (AuthenticationFilter.java:constructSecretProvider(240)) - Unable to initialize FileSignerSecretProvider, falling back to use random secrets.
2020-07-22 12:33:29,861 [Listener at 127.0.0.1/42799] WARN  http.HttpRequestLog (HttpRequestLog.java:getRequestLog(103)) - Jetty request log can only be enabled using Log4j
2020-07-22 12:33:29,862 [Listener at 127.0.0.1/42799] INFO  http.HttpServer2 (HttpServer2.java:addGlobalFilter(998)) - Added global filter 'safety' (class=org.apache.hadoop.hdds.server.http.HttpServer2$QuotingInputFilter)
2020-07-22 12:33:29,862 [Listener at 127.0.0.1/42799] INFO  http.HttpServer2 (HttpServer2.java:addFilter(974)) - Added filter static_user_filter (class=org.apache.hadoop.http.lib.StaticUserWebFilter$StaticUserFilter) to context hddsDatanode
2020-07-22 12:33:29,862 [Listener at 127.0.0.1/42799] INFO  http.HttpServer2 (HttpServer2.java:addFilter(982)) - Added filter static_user_filter (class=org.apache.hadoop.http.lib.StaticUserWebFilter$StaticUserFilter) to context logs
2020-07-22 12:33:29,862 [Listener at 127.0.0.1/42799] INFO  http.HttpServer2 (HttpServer2.java:addFilter(982)) - Added filter static_user_filter (class=org.apache.hadoop.http.lib.StaticUserWebFilter$StaticUserFilter) to context static
2020-07-22 12:33:29,863 [Listener at 127.0.0.1/42799] INFO  http.HttpServer2 (HttpServer2.java:bindListener(1216)) - Jetty bound to port 42125
2020-07-22 12:33:29,863 [Listener at 127.0.0.1/42799] INFO  server.Server (Server.java:doStart(359)) - jetty-9.4.26.v20200117; built: 2020-01-17T12:35:33.676Z; git: 7b38981d25d14afb4a12ff1f2596756144edf695; jvm 1.8.0_232-b09
2020-07-22 12:33:29,865 [Listener at 127.0.0.1/42799] INFO  server.session (DefaultSessionIdManager.java:doStart(333)) - DefaultSessionIdManager workerName=node0
2020-07-22 12:33:29,865 [Listener at 127.0.0.1/42799] INFO  server.session (DefaultSessionIdManager.java:doStart(338)) - No SessionScavenger set, using defaults
2020-07-22 12:33:29,865 [Listener at 127.0.0.1/42799] INFO  server.session (HouseKeeper.java:startScavenging(140)) - node0 Scavenging every 600000ms
2020-07-22 12:33:29,866 [Listener at 127.0.0.1/42799] INFO  handler.ContextHandler (ContextHandler.java:doStart(825)) - Started o.e.j.s.ServletContextHandler@763de177{logs,/logs,file:///github/workspace/mnt/ozone/hadoop-ozone/integration-test/target/log,AVAILABLE}
2020-07-22 12:33:29,866 [Listener at 127.0.0.1/42799] INFO  handler.ContextHandler (ContextHandler.java:doStart(825)) - Started o.e.j.s.ServletContextHandler@6840f38e{static,/static,jar:file:/home/user/.m2/repository/org/apache/hadoop/hadoop-hdds-container-service/0.6.0-SNAPSHOT/hadoop-hdds-container-service-0.6.0-SNAPSHOT.jar!/webapps/static,AVAILABLE}
2020-07-22 12:33:29,942 [Listener at 127.0.0.1/42799] INFO  handler.ContextHandler (ContextHandler.java:doStart(825)) - Started o.e.j.w.WebAppContext@27ae4c06{hddsDatanode,/,file:///tmp/jetty-0_0_0_0-42125-hadoop-hdds-container-service-0_6_0-SNAPSHOT_jar-_-any-631292341216163094.dir/webapp/,AVAILABLE}{jar:file:/home/user/.m2/repository/org/apache/hadoop/hadoop-hdds-container-service/0.6.0-SNAPSHOT/hadoop-hdds-container-service-0.6.0-SNAPSHOT.jar!/webapps/hddsDatanode}
2020-07-22 12:33:29,944 [Listener at 127.0.0.1/42799] INFO  server.AbstractConnector (AbstractConnector.java:doStart(330)) - Started ServerConnector@bc168ac{HTTP/1.1,[http/1.1]}{0.0.0.0:42125}
2020-07-22 12:33:29,944 [Listener at 127.0.0.1/42799] INFO  server.Server (Server.java:doStart(399)) - Started @140448ms
2020-07-22 12:33:29,944 [Listener at 127.0.0.1/42799] WARN  impl.MetricsSystemImpl (MetricsSystemImpl.java:register(276)) - Sink prometheus already exists!
2020-07-22 12:33:29,947 [Listener at 127.0.0.1/42799] INFO  http.BaseHttpServer (BaseHttpServer.java:updateConnectorAddress(327)) - HTTP server of hddsDatanode listening at http://0.0.0.0:42125
2020-07-22 12:33:29,948 [Listener at 127.0.0.1/42799] INFO  ozone.MiniOzoneClusterImpl (MiniOzoneClusterImpl.java:lambda$waitForClusterToBeReady$0(177)) - Waiting for nodes to be ready. Got 0 of 9 DN Heartbeats.
2020-07-22 12:33:29,948 [Listener at 127.0.0.1/42799] INFO  ozone.MiniOzoneClusterImpl (MiniOzoneClusterImpl.java:lambda$waitForClusterToBeReady$0(180)) - Waiting for cluster to exit safe mode
2020-07-22 12:33:29,952 [org.apache.hadoop.util.JvmPauseMonitor$Monitor@13e2a3ab] INFO  util.JvmPauseMonitor (JvmPauseMonitor.java:run(188)) - Starting JVM pause monitor
2020-07-22 12:33:29,953 [Datanode State Machine Thread - 0] INFO  datanode.InitDatanodeState (InitDatanodeState.java:persistContainerDatanodeDetails(145)) - DatanodeDetails is persisted to /github/workspace/mnt/ozone/hadoop-ozone/integration-test/target/test-dir/MiniOzoneClusterImpl-27133a7a-4276-4edb-aad9-b93835fdb948/datanode-8/meta/datanode.id
2020-07-22 12:33:30,942 [Datanode State Machine Thread - 0] INFO  ozoneimpl.OzoneContainer (OzoneContainer.java:start(236)) - Attempting to start container services.
2020-07-22 12:33:30,943 [Datanode State Machine Thread - 0] INFO  ozoneimpl.OzoneContainer (OzoneContainer.java:startContainerScrub(200)) - Background container scanner has been disabled.
2020-07-22 12:33:30,943 [Datanode State Machine Thread - 0] INFO  ratis.XceiverServerRatis (XceiverServerRatis.java:start(438)) - Starting XceiverServerRatis d5a0b463-2013-4be7-b2a9-4f4f38929cc0 at port 0
2020-07-22 12:33:30,945 [Datanode State Machine Thread - 0] INFO  impl.RaftServerProxy (RaftServerProxy.java:lambda$start$3(304)) - d5a0b463-2013-4be7-b2a9-4f4f38929cc0: start RPC server
2020-07-22 12:33:30,946 [Datanode State Machine Thread - 0] INFO  server.GrpcService (GrpcService.java:startImpl(160)) - d5a0b463-2013-4be7-b2a9-4f4f38929cc0: GrpcService started, listening on 0.0.0.0/0.0.0.0:40645
2020-07-22 12:33:30,946 [Datanode State Machine Thread - 0] INFO  ratis.XceiverServerRatis (XceiverServerRatis.java:start(450)) - XceiverServerRatis d5a0b463-2013-4be7-b2a9-4f4f38929cc0 is started using port 40645
2020-07-22 12:33:30,947 [Datanode State Machine Thread - 0] INFO  server.XceiverServerGrpc (XceiverServerGrpc.java:start(145)) - XceiverServerGrpc d5a0b463-2013-4be7-b2a9-4f4f38929cc0 is started using port 34011
2020-07-22 12:33:30,949 [Listener at 127.0.0.1/42799] INFO  ozone.MiniOzoneClusterImpl (MiniOzoneClusterImpl.java:lambda$waitForClusterToBeReady$0(177)) - Waiting for nodes to be ready. Got 0 of 9 DN Heartbeats.
2020-07-22 12:33:30,950 [Listener at 127.0.0.1/42799] INFO  ozone.MiniOzoneClusterImpl (MiniOzoneClusterImpl.java:lambda$waitForClusterToBeReady$0(180)) - Waiting for cluster to exit safe mode
2020-07-22 12:33:31,050 [Datanode State Machine Thread - 0] INFO  ozoneimpl.OzoneContainer (OzoneContainer.java:start(236)) - Attempting to start container services.
2020-07-22 12:33:31,051 [Datanode State Machine Thread - 0] INFO  ozoneimpl.OzoneContainer (OzoneContainer.java:startContainerScrub(200)) - Background container scanner has been disabled.
2020-07-22 12:33:31,051 [Datanode State Machine Thread - 0] INFO  ratis.XceiverServerRatis (XceiverServerRatis.java:start(438)) - Starting XceiverServerRatis 13de87ee-83ad-45df-97c4-bee39bf390b1 at port 0
2020-07-22 12:33:31,051 [Datanode State Machine Thread - 0] INFO  impl.RaftServerProxy (RaftServerProxy.java:lambda$start$3(304)) - 13de87ee-83ad-45df-97c4-bee39bf390b1: start RPC server
2020-07-22 12:33:31,052 [Datanode State Machine Thread - 0] INFO  server.GrpcService (GrpcService.java:startImpl(160)) - 13de87ee-83ad-45df-97c4-bee39bf390b1: GrpcService started, listening on 0.0.0.0/0.0.0.0:42819
2020-07-22 12:33:31,052 [Datanode State Machine Thread - 0] INFO  ratis.XceiverServerRatis (XceiverServerRatis.java:start(450)) - XceiverServerRatis 13de87ee-83ad-45df-97c4-bee39bf390b1 is started using port 42819
2020-07-22 12:33:31,052 [Datanode State Machine Thread - 0] INFO  server.XceiverServerGrpc (XceiverServerGrpc.java:start(145)) - XceiverServerGrpc 13de87ee-83ad-45df-97c4-bee39bf390b1 is started using port 39211
2020-07-22 12:33:31,168 [Datanode State Machine Thread - 0] INFO  ozoneimpl.OzoneContainer (OzoneContainer.java:start(236)) - Attempting to start container services.
2020-07-22 12:33:31,168 [Datanode State Machine Thread - 0] INFO  ozoneimpl.OzoneContainer (OzoneContainer.java:startContainerScrub(200)) - Background container scanner has been disabled.
2020-07-22 12:33:31,168 [Datanode State Machine Thread - 0] INFO  ratis.XceiverServerRatis (XceiverServerRatis.java:start(438)) - Starting XceiverServerRatis 1cc64804-5db2-44d9-9a87-fdc1313ba49d at port 0
2020-07-22 12:33:31,169 [Datanode State Machine Thread - 0] INFO  impl.RaftServerProxy (RaftServerProxy.java:lambda$start$3(304)) - 1cc64804-5db2-44d9-9a87-fdc1313ba49d: start RPC server
2020-07-22 12:33:31,170 [Datanode State Machine Thread - 0] INFO  server.GrpcService (GrpcService.java:startImpl(160)) - 1cc64804-5db2-44d9-9a87-fdc1313ba49d: GrpcService started, listening on 0.0.0.0/0.0.0.0:40525
2020-07-22 12:33:31,170 [Datanode State Machine Thread - 0] INFO  ratis.XceiverServerRatis (XceiverServerRatis.java:start(450)) - XceiverServerRatis 1cc64804-5db2-44d9-9a87-fdc1313ba49d is started using port 40525
2020-07-22 12:33:31,170 [Datanode State Machine Thread - 0] INFO  server.XceiverServerGrpc (XceiverServerGrpc.java:start(145)) - XceiverServerGrpc 1cc64804-5db2-44d9-9a87-fdc1313ba49d is started using port 40069
2020-07-22 12:33:31,302 [Datanode State Machine Thread - 0] INFO  ozoneimpl.OzoneContainer (OzoneContainer.java:start(236)) - Attempting to start container services.
2020-07-22 12:33:31,302 [Datanode State Machine Thread - 0] INFO  ozoneimpl.OzoneContainer (OzoneContainer.java:startContainerScrub(200)) - Background container scanner has been disabled.
2020-07-22 12:33:31,302 [Datanode State Machine Thread - 0] INFO  ratis.XceiverServerRatis (XceiverServerRatis.java:start(438)) - Starting XceiverServerRatis 48b67410-02a7-4c3c-a008-f346ec25aee5 at port 0
2020-07-22 12:33:31,305 [Datanode State Machine Thread - 0] INFO  impl.RaftServerProxy (RaftServerProxy.java:lambda$start$3(304)) - 48b67410-02a7-4c3c-a008-f346ec25aee5: start RPC server
2020-07-22 12:33:31,306 [Datanode State Machine Thread - 0] INFO  server.GrpcService (GrpcService.java:startImpl(160)) - 48b67410-02a7-4c3c-a008-f346ec25aee5: GrpcService started, listening on 0.0.0.0/0.0.0.0:43115
2020-07-22 12:33:31,306 [Datanode State Machine Thread - 0] INFO  ratis.XceiverServerRatis (XceiverServerRatis.java:start(450)) - XceiverServerRatis 48b67410-02a7-4c3c-a008-f346ec25aee5 is started using port 43115
2020-07-22 12:33:31,306 [Datanode State Machine Thread - 0] INFO  server.XceiverServerGrpc (XceiverServerGrpc.java:start(145)) - XceiverServerGrpc 48b67410-02a7-4c3c-a008-f346ec25aee5 is started using port 42931
2020-07-22 12:33:31,441 [Datanode State Machine Thread - 0] INFO  ozoneimpl.OzoneContainer (OzoneContainer.java:start(236)) - Attempting to start container services.
2020-07-22 12:33:31,441 [Datanode State Machine Thread - 0] INFO  ozoneimpl.OzoneContainer (OzoneContainer.java:startContainerScrub(200)) - Background container scanner has been disabled.
2020-07-22 12:33:31,441 [Datanode State Machine Thread - 0] INFO  ratis.XceiverServerRatis (XceiverServerRatis.java:start(438)) - Starting XceiverServerRatis cbf3b94c-a31f-438c-8480-20d914ac9d1c at port 0
2020-07-22 12:33:31,442 [Datanode State Machine Thread - 0] INFO  impl.RaftServerProxy (RaftServerProxy.java:lambda$start$3(304)) - cbf3b94c-a31f-438c-8480-20d914ac9d1c: start RPC server
2020-07-22 12:33:31,442 [Datanode State Machine Thread - 0] INFO  server.GrpcService (GrpcService.java:startImpl(160)) - cbf3b94c-a31f-438c-8480-20d914ac9d1c: GrpcService started, listening on 0.0.0.0/0.0.0.0:36295
2020-07-22 12:33:31,443 [Datanode State Machine Thread - 0] INFO  ratis.XceiverServerRatis (XceiverServerRatis.java:start(450)) - XceiverServerRatis cbf3b94c-a31f-438c-8480-20d914ac9d1c is started using port 36295
2020-07-22 12:33:31,443 [Datanode State Machine Thread - 0] INFO  server.XceiverServerGrpc (XceiverServerGrpc.java:start(145)) - XceiverServerGrpc cbf3b94c-a31f-438c-8480-20d914ac9d1c is started using port 36413
2020-07-22 12:33:31,569 [Datanode State Machine Thread - 0] INFO  ozoneimpl.OzoneContainer (OzoneContainer.java:start(236)) - Attempting to start container services.
2020-07-22 12:33:31,569 [Datanode State Machine Thread - 0] INFO  ozoneimpl.OzoneContainer (OzoneContainer.java:startContainerScrub(200)) - Background container scanner has been disabled.
2020-07-22 12:33:31,569 [Datanode State Machine Thread - 0] INFO  ratis.XceiverServerRatis (XceiverServerRatis.java:start(438)) - Starting XceiverServerRatis d6264bd5-628b-4389-82c0-e2589ee55aba at port 0
2020-07-22 12:33:31,570 [Datanode State Machine Thread - 0] INFO  impl.RaftServerProxy (RaftServerProxy.java:lambda$start$3(304)) - d6264bd5-628b-4389-82c0-e2589ee55aba: start RPC server
2020-07-22 12:33:31,571 [Datanode State Machine Thread - 0] INFO  server.GrpcService (GrpcService.java:startImpl(160)) - d6264bd5-628b-4389-82c0-e2589ee55aba: GrpcService started, listening on 0.0.0.0/0.0.0.0:46661
2020-07-22 12:33:31,571 [Datanode State Machine Thread - 0] INFO  ratis.XceiverServerRatis (XceiverServerRatis.java:start(450)) - XceiverServerRatis d6264bd5-628b-4389-82c0-e2589ee55aba is started using port 46661
2020-07-22 12:33:31,571 [Datanode State Machine Thread - 0] INFO  server.XceiverServerGrpc (XceiverServerGrpc.java:start(145)) - XceiverServerGrpc d6264bd5-628b-4389-82c0-e2589ee55aba is started using port 43719
2020-07-22 12:33:31,706 [Datanode State Machine Thread - 0] INFO  ozoneimpl.OzoneContainer (OzoneContainer.java:start(236)) - Attempting to start container services.
2020-07-22 12:33:31,706 [Datanode State Machine Thread - 0] INFO  ozoneimpl.OzoneContainer (OzoneContainer.java:startContainerScrub(200)) - Background container scanner has been disabled.
2020-07-22 12:33:31,706 [Datanode State Machine Thread - 0] INFO  ratis.XceiverServerRatis (XceiverServerRatis.java:start(438)) - Starting XceiverServerRatis ed643190-f63c-42a5-a25b-abc89167c706 at port 0
2020-07-22 12:33:31,707 [Datanode State Machine Thread - 0] INFO  impl.RaftServerProxy (RaftServerProxy.java:lambda$start$3(304)) - ed643190-f63c-42a5-a25b-abc89167c706: start RPC server
2020-07-22 12:33:31,708 [Datanode State Machine Thread - 0] INFO  server.GrpcService (GrpcService.java:startImpl(160)) - ed643190-f63c-42a5-a25b-abc89167c706: GrpcService started, listening on 0.0.0.0/0.0.0.0:40075
2020-07-22 12:33:31,708 [Datanode State Machine Thread - 0] INFO  ratis.XceiverServerRatis (XceiverServerRatis.java:start(450)) - XceiverServerRatis ed643190-f63c-42a5-a25b-abc89167c706 is started using port 40075
2020-07-22 12:33:31,709 [Datanode State Machine Thread - 0] INFO  server.XceiverServerGrpc (XceiverServerGrpc.java:start(145)) - XceiverServerGrpc ed643190-f63c-42a5-a25b-abc89167c706 is started using port 36053
2020-07-22 12:33:31,847 [Datanode State Machine Thread - 0] INFO  ozoneimpl.OzoneContainer (OzoneContainer.java:start(236)) - Attempting to start container services.
2020-07-22 12:33:31,848 [Datanode State Machine Thread - 0] INFO  ozoneimpl.OzoneContainer (OzoneContainer.java:startContainerScrub(200)) - Background container scanner has been disabled.
2020-07-22 12:33:31,848 [Datanode State Machine Thread - 0] INFO  ratis.XceiverServerRatis (XceiverServerRatis.java:start(438)) - Starting XceiverServerRatis 6a8f51fc-5a65-4029-99ea-81b8e3132c48 at port 0
2020-07-22 12:33:31,849 [Datanode State Machine Thread - 0] INFO  impl.RaftServerProxy (RaftServerProxy.java:lambda$start$3(304)) - 6a8f51fc-5a65-4029-99ea-81b8e3132c48: start RPC server
2020-07-22 12:33:31,850 [Datanode State Machine Thread - 0] INFO  server.GrpcService (GrpcService.java:startImpl(160)) - 6a8f51fc-5a65-4029-99ea-81b8e3132c48: GrpcService started, listening on 0.0.0.0/0.0.0.0:41437
2020-07-22 12:33:31,850 [Datanode State Machine Thread - 0] INFO  ratis.XceiverServerRatis (XceiverServerRatis.java:start(450)) - XceiverServerRatis 6a8f51fc-5a65-4029-99ea-81b8e3132c48 is started using port 41437
2020-07-22 12:33:31,850 [Datanode State Machine Thread - 0] INFO  server.XceiverServerGrpc (XceiverServerGrpc.java:start(145)) - XceiverServerGrpc 6a8f51fc-5a65-4029-99ea-81b8e3132c48 is started using port 43297
2020-07-22 12:33:31,950 [Listener at 127.0.0.1/42799] INFO  ozone.MiniOzoneClusterImpl (MiniOzoneClusterImpl.java:lambda$waitForClusterToBeReady$0(177)) - Waiting for nodes to be ready. Got 0 of 9 DN Heartbeats.
2020-07-22 12:33:31,950 [Listener at 127.0.0.1/42799] INFO  ozone.MiniOzoneClusterImpl (MiniOzoneClusterImpl.java:lambda$waitForClusterToBeReady$0(180)) - Waiting for cluster to exit safe mode
2020-07-22 12:33:31,956 [Datanode State Machine Thread - 0] INFO  ozoneimpl.OzoneContainer (OzoneContainer.java:start(236)) - Attempting to start container services.
2020-07-22 12:33:31,956 [Datanode State Machine Thread - 0] INFO  ozoneimpl.OzoneContainer (OzoneContainer.java:startContainerScrub(200)) - Background container scanner has been disabled.
2020-07-22 12:33:31,956 [Datanode State Machine Thread - 0] INFO  ratis.XceiverServerRatis (XceiverServerRatis.java:start(438)) - Starting XceiverServerRatis 3c19c41d-1b55-464a-b43c-8bd35cf9b08d at port 0
2020-07-22 12:33:31,957 [Datanode State Machine Thread - 0] INFO  impl.RaftServerProxy (RaftServerProxy.java:lambda$start$3(304)) - 3c19c41d-1b55-464a-b43c-8bd35cf9b08d: start RPC server
2020-07-22 12:33:31,958 [Datanode State Machine Thread - 0] INFO  server.GrpcService (GrpcService.java:startImpl(160)) - 3c19c41d-1b55-464a-b43c-8bd35cf9b08d: GrpcService started, listening on 0.0.0.0/0.0.0.0:35713
2020-07-22 12:33:31,958 [Datanode State Machine Thread - 0] INFO  ratis.XceiverServerRatis (XceiverServerRatis.java:start(450)) - XceiverServerRatis 3c19c41d-1b55-464a-b43c-8bd35cf9b08d is started using port 35713
2020-07-22 12:33:31,958 [Datanode State Machine Thread - 0] INFO  server.XceiverServerGrpc (XceiverServerGrpc.java:start(145)) - XceiverServerGrpc 3c19c41d-1b55-464a-b43c-8bd35cf9b08d is started using port 44325
2020-07-22 12:33:32,939 [IPC Server handler 1 on default port 36033] INFO  net.NetworkTopology (NetworkTopologyImpl.java:add(111)) - Added a new node: /default-rack/d5a0b463-2013-4be7-b2a9-4f4f38929cc0
2020-07-22 12:33:32,940 [IPC Server handler 1 on default port 36033] INFO  node.SCMNodeManager (SCMNodeManager.java:register(273)) - Registered Data node : d5a0b463-2013-4be7-b2a9-4f4f38929cc0{ip: 172.17.0.2, host: c8d1cb744cae, networkLocation: /default-rack, certSerialId: null}
2020-07-22 12:33:32,941 [RatisPipelineUtilsThread] INFO  pipeline.RatisPipelineProvider (RatisPipelineProvider.java:lambda$create$0(138)) - Sending CreatePipelineCommand for pipeline:PipelineID=2b884c04-d8b4-4162-98f2-0624427c6167 to datanode:d5a0b463-2013-4be7-b2a9-4f4f38929cc0
2020-07-22 12:33:32,941 [EventQueue-NodeRegistrationContainerReportForContainerSafeModeRule] INFO  safemode.SCMSafeModeManager (SCMSafeModeManager.java:validateSafeModeExitRules(214)) - ContainerSafeModeRule rule is successfully validated
2020-07-22 12:33:32,942 [EventQueue-NodeRegistrationContainerReportForDataNodeSafeModeRule] INFO  safemode.SCMSafeModeManager (DataNodeSafeModeRule.java:process(71)) - SCM in safe mode. 1 DataNodes registered, 1 required.
2020-07-22 12:33:32,945 [EventQueue-NodeRegistrationContainerReportForDataNodeSafeModeRule] INFO  safemode.SCMSafeModeManager (SCMSafeModeManager.java:validateSafeModeExitRules(214)) - DataNodeSafeModeRule rule is successfully validated
2020-07-22 12:33:32,945 [EventQueue-NodeRegistrationContainerReportForDataNodeSafeModeRule] INFO  safemode.SCMSafeModeManager (SCMSafeModeManager.java:completePreCheck(242)) - All SCM safe mode pre check rules have passed
2020-07-22 12:33:32,946 [RatisPipelineUtilsThread] INFO  pipeline.PipelineStateManager (PipelineStateManager.java:addPipeline(54)) - Created pipeline Pipeline[ Id: 2b884c04-d8b4-4162-98f2-0624427c6167, Nodes: d5a0b463-2013-4be7-b2a9-4f4f38929cc0{ip: 172.17.0.2, host: c8d1cb744cae, networkLocation: /default-rack, certSerialId: null}, Type:RATIS, Factor:ONE, State:ALLOCATED, leaderId:, CreationTimestamp2020-07-22T12:33:32.941Z]
2020-07-22 12:33:32,946 [RatisPipelineUtilsThread] ERROR pipeline.SCMPipelineManager (SCMPipelineManager.java:createPipeline(275)) - Failed to create pipeline of type RATIS and factor ONE. Exception: Cannot create pipeline of factor 1 using 0 nodes. Used 1 nodes. Healthy nodes 1
2020-07-22 12:33:32,946 [RatisPipelineUtilsThread] WARN  pipeline.PipelinePlacementPolicy (PipelinePlacementPolicy.java:filterViableNodes(133)) - Pipeline creation failed due to no sufficient healthy datanodes. Required 3. Found 1.
2020-07-22 12:33:32,946 [RatisPipelineUtilsThread] ERROR pipeline.SCMPipelineManager (SCMPipelineManager.java:createPipeline(275)) - Failed to create pipeline of type RATIS and factor THREE. Exception: Pipeline creation failed due to no sufficient healthy datanodes. Required 3. Found 1.
2020-07-22 12:33:32,950 [Listener at 127.0.0.1/42799] INFO  ozone.MiniOzoneClusterImpl (MiniOzoneClusterImpl.java:lambda$waitForClusterToBeReady$0(177)) - Waiting for nodes to be ready. Got 1 of 9 DN Heartbeats.
2020-07-22 12:33:32,950 [Listener at 127.0.0.1/42799] INFO  ozone.MiniOzoneClusterImpl (MiniOzoneClusterImpl.java:lambda$waitForClusterToBeReady$0(180)) - Waiting for cluster to exit safe mode
2020-07-22 12:33:33,047 [IPC Server handler 3 on default port 36033] INFO  net.NetworkTopology (NetworkTopologyImpl.java:add(111)) - Added a new node: /default-rack/13de87ee-83ad-45df-97c4-bee39bf390b1
2020-07-22 12:33:33,048 [IPC Server handler 3 on default port 36033] INFO  node.SCMNodeManager (SCMNodeManager.java:register(273)) - Registered Data node : 13de87ee-83ad-45df-97c4-bee39bf390b1{ip: 172.17.0.2, host: c8d1cb744cae, networkLocation: /default-rack, certSerialId: null}
2020-07-22 12:33:33,048 [EventQueue-NodeRegistrationContainerReportForContainerSafeModeRule] INFO  safemode.SCMSafeModeManager (SCMSafeModeManager.java:validateSafeModeExitRules(214)) - ContainerSafeModeRule rule is successfully validated
2020-07-22 12:33:33,049 [EventQueue-NodeRegistrationContainerReportForDataNodeSafeModeRule] INFO  safemode.SCMSafeModeManager (SCMSafeModeManager.java:validateSafeModeExitRules(214)) - DataNodeSafeModeRule rule is successfully validated
2020-07-22 12:33:33,049 [RatisPipelineUtilsThread] INFO  pipeline.RatisPipelineProvider (RatisPipelineProvider.java:lambda$create$0(138)) - Sending CreatePipelineCommand for pipeline:PipelineID=70f2ab6c-0473-4069-ba41-e289c143edd1 to datanode:13de87ee-83ad-45df-97c4-bee39bf390b1
2020-07-22 12:33:33,049 [RatisPipelineUtilsThread] INFO  pipeline.PipelineStateManager (PipelineStateManager.java:addPipeline(54)) - Created pipeline Pipeline[ Id: 70f2ab6c-0473-4069-ba41-e289c143edd1, Nodes: 13de87ee-83ad-45df-97c4-bee39bf390b1{ip: 172.17.0.2, host: c8d1cb744cae, networkLocation: /default-rack, certSerialId: null}, Type:RATIS, Factor:ONE, State:ALLOCATED, leaderId:, CreationTimestamp2020-07-22T12:33:33.049Z]
2020-07-22 12:33:33,050 [RatisPipelineUtilsThread] ERROR pipeline.SCMPipelineManager (SCMPipelineManager.java:createPipeline(275)) - Failed to create pipeline of type RATIS and factor ONE. Exception: Cannot create pipeline of factor 1 using 0 nodes. Used 2 nodes. Healthy nodes 2
2020-07-22 12:33:33,050 [RatisPipelineUtilsThread] WARN  pipeline.PipelinePlacementPolicy (PipelinePlacementPolicy.java:filterViableNodes(133)) - Pipeline creation failed due to no sufficient healthy datanodes. Required 3. Found 2.
2020-07-22 12:33:33,050 [RatisPipelineUtilsThread] ERROR pipeline.SCMPipelineManager (SCMPipelineManager.java:createPipeline(275)) - Failed to create pipeline of type RATIS and factor THREE. Exception: Pipeline creation failed due to no sufficient healthy datanodes. Required 3. Found 2.
2020-07-22 12:33:33,167 [IPC Server handler 4 on default port 36033] INFO  net.NetworkTopology (NetworkTopologyImpl.java:add(111)) - Added a new node: /default-rack/1cc64804-5db2-44d9-9a87-fdc1313ba49d
2020-07-22 12:33:33,167 [IPC Server handler 4 on default port 36033] INFO  node.SCMNodeManager (SCMNodeManager.java:register(273)) - Registered Data node : 1cc64804-5db2-44d9-9a87-fdc1313ba49d{ip: 172.17.0.2, host: c8d1cb744cae, networkLocation: /default-rack, certSerialId: null}
2020-07-22 12:33:33,168 [RatisPipelineUtilsThread] INFO  pipeline.RatisPipelineProvider (RatisPipelineProvider.java:lambda$create$0(138)) - Sending CreatePipelineCommand for pipeline:PipelineID=b5a02f61-6181-4649-a7f1-52bf0be3e4fd to datanode:1cc64804-5db2-44d9-9a87-fdc1313ba49d
2020-07-22 12:33:33,168 [RatisPipelineUtilsThread] INFO  pipeline.PipelineStateManager (PipelineStateManager.java:addPipeline(54)) - Created pipeline Pipeline[ Id: b5a02f61-6181-4649-a7f1-52bf0be3e4fd, Nodes: 1cc64804-5db2-44d9-9a87-fdc1313ba49d{ip: 172.17.0.2, host: c8d1cb744cae, networkLocation: /default-rack, certSerialId: null}, Type:RATIS, Factor:ONE, State:ALLOCATED, leaderId:, CreationTimestamp2020-07-22T12:33:33.168Z]
2020-07-22 12:33:33,168 [RatisPipelineUtilsThread] ERROR pipeline.SCMPipelineManager (SCMPipelineManager.java:createPipeline(275)) - Failed to create pipeline of type RATIS and factor ONE. Exception: Cannot create pipeline of factor 1 using 0 nodes. Used 3 nodes. Healthy nodes 3
2020-07-22 12:33:33,169 [EventQueue-NodeRegistrationContainerReportForContainerSafeModeRule] INFO  safemode.SCMSafeModeManager (SCMSafeModeManager.java:validateSafeModeExitRules(214)) - ContainerSafeModeRule rule is successfully validated
2020-07-22 12:33:33,169 [EventQueue-NodeRegistrationContainerReportForDataNodeSafeModeRule] INFO  safemode.SCMSafeModeManager (SCMSafeModeManager.java:validateSafeModeExitRules(214)) - DataNodeSafeModeRule rule is successfully validated
2020-07-22 12:33:33,169 [RatisPipelineUtilsThread] INFO  pipeline.RatisPipelineProvider (RatisPipelineProvider.java:lambda$create$0(138)) - Sending CreatePipelineCommand for pipeline:PipelineID=46d9def9-d2a0-46be-8503-8e549e931988 to datanode:d5a0b463-2013-4be7-b2a9-4f4f38929cc0
2020-07-22 12:33:33,169 [RatisPipelineUtilsThread] INFO  pipeline.RatisPipelineProvider (RatisPipelineProvider.java:lambda$create$0(138)) - Sending CreatePipelineCommand for pipeline:PipelineID=46d9def9-d2a0-46be-8503-8e549e931988 to datanode:13de87ee-83ad-45df-97c4-bee39bf390b1
2020-07-22 12:33:33,169 [RatisPipelineUtilsThread] INFO  pipeline.RatisPipelineProvider (RatisPipelineProvider.java:lambda$create$0(138)) - Sending CreatePipelineCommand for pipeline:PipelineID=46d9def9-d2a0-46be-8503-8e549e931988 to datanode:1cc64804-5db2-44d9-9a87-fdc1313ba49d
2020-07-22 12:33:33,169 [RatisPipelineUtilsThread] INFO  pipeline.PipelineStateManager (PipelineStateManager.java:addPipeline(54)) - Created pipeline Pipeline[ Id: 46d9def9-d2a0-46be-8503-8e549e931988, Nodes: d5a0b463-2013-4be7-b2a9-4f4f38929cc0{ip: 172.17.0.2, host: c8d1cb744cae, networkLocation: /default-rack, certSerialId: null}13de87ee-83ad-45df-97c4-bee39bf390b1{ip: 172.17.0.2, host: c8d1cb744cae, networkLocation: /default-rack, certSerialId: null}1cc64804-5db2-44d9-9a87-fdc1313ba49d{ip: 172.17.0.2, host: c8d1cb744cae, networkLocation: /default-rack, certSerialId: null}, Type:RATIS, Factor:THREE, State:ALLOCATED, leaderId:, CreationTimestamp2020-07-22T12:33:33.169Z]
2020-07-22 12:33:33,170 [RatisPipelineUtilsThread] ERROR pipeline.SCMPipelineManager (SCMPipelineManager.java:createPipeline(275)) - Failed to create pipeline of type RATIS and factor THREE. Exception: Pipeline creation failed because nodes are engaged in other pipelines and every node can only be engaged in max 2 pipelines. Required 3. Found 0
2020-07-22 12:33:33,301 [IPC Server handler 5 on default port 36033] INFO  net.NetworkTopology (NetworkTopologyImpl.java:add(111)) - Added a new node: /default-rack/48b67410-02a7-4c3c-a008-f346ec25aee5
2020-07-22 12:33:33,302 [IPC Server handler 5 on default port 36033] INFO  node.SCMNodeManager (SCMNodeManager.java:register(273)) - Registered Data node : 48b67410-02a7-4c3c-a008-f346ec25aee5{ip: 172.17.0.2, host: c8d1cb744cae, networkLocation: /default-rack, certSerialId: null}
2020-07-22 12:33:33,303 [EventQueue-NodeRegistrationContainerReportForContainerSafeModeRule] INFO  safemode.SCMSafeModeManager (SCMSafeModeManager.java:validateSafeModeExitRules(214)) - ContainerSafeModeRule rule is successfully validated
2020-07-22 12:33:33,303 [EventQueue-NodeRegistrationContainerReportForDataNodeSafeModeRule] INFO  safemode.SCMSafeModeManager (SCMSafeModeManager.java:validateSafeModeExitRules(214)) - DataNodeSafeModeRule rule is successfully validated
2020-07-22 12:33:33,303 [RatisPipelineUtilsThread] INFO  pipeline.RatisPipelineProvider (RatisPipelineProvider.java:lambda$create$0(138)) - Sending CreatePipelineCommand for pipeline:PipelineID=17745301-e484-4fd4-bdd9-66379b4596b2 to datanode:48b67410-02a7-4c3c-a008-f346ec25aee5
2020-07-22 12:33:33,303 [RatisPipelineUtilsThread] INFO  pipeline.PipelineStateManager (PipelineStateManager.java:addPipeline(54)) - Created pipeline Pipeline[ Id: 17745301-e484-4fd4-bdd9-66379b4596b2, Nodes: 48b67410-02a7-4c3c-a008-f346ec25aee5{ip: 172.17.0.2, host: c8d1cb744cae, networkLocation: /default-rack, certSerialId: null}, Type:RATIS, Factor:ONE, State:ALLOCATED, leaderId:, CreationTimestamp2020-07-22T12:33:33.303Z]
2020-07-22 12:33:33,304 [RatisPipelineUtilsThread] ERROR pipeline.SCMPipelineManager (SCMPipelineManager.java:createPipeline(275)) - Failed to create pipeline of type RATIS and factor ONE. Exception: Cannot create pipeline of factor 1 using 0 nodes. Used 4 nodes. Healthy nodes 4
2020-07-22 12:33:33,304 [RatisPipelineUtilsThread] ERROR pipeline.SCMPipelineManager (SCMPipelineManager.java:createPipeline(275)) - Failed to create pipeline of type RATIS and factor THREE. Exception: Pipeline creation failed because nodes are engaged in other pipelines and every node can only be engaged in max 2 pipelines. Required 3. Found 1
2020-07-22 12:33:33,439 [IPC Server handler 6 on default port 36033] INFO  net.NetworkTopology (NetworkTopologyImpl.java:add(111)) - Added a new node: /default-rack/cbf3b94c-a31f-438c-8480-20d914ac9d1c
2020-07-22 12:33:33,439 [IPC Server handler 6 on default port 36033] INFO  node.SCMNodeManager (SCMNodeManager.java:register(273)) - Registered Data node : cbf3b94c-a31f-438c-8480-20d914ac9d1c{ip: 172.17.0.2, host: c8d1cb744cae, networkLocation: /default-rack, certSerialId: null}
2020-07-22 12:33:33,439 [EventQueue-NodeRegistrationContainerReportForDataNodeSafeModeRule] INFO  safemode.SCMSafeModeManager (SCMSafeModeManager.java:validateSafeModeExitRules(214)) - DataNodeSafeModeRule rule is successfully validated
2020-07-22 12:33:33,440 [EventQueue-NodeRegistrationContainerReportForContainerSafeModeRule] INFO  safemode.SCMSafeModeManager (SCMSafeModeManager.java:validateSafeModeExitRules(214)) - ContainerSafeModeRule rule is successfully validated
2020-07-22 12:33:33,440 [RatisPipelineUtilsThread] INFO  pipeline.RatisPipelineProvider (RatisPipelineProvider.java:lambda$create$0(138)) - Sending CreatePipelineCommand for pipeline:PipelineID=ae4b61c7-78f9-4f72-b628-962450ae1251 to datanode:cbf3b94c-a31f-438c-8480-20d914ac9d1c
2020-07-22 12:33:33,440 [RatisPipelineUtilsThread] INFO  pipeline.PipelineStateManager (PipelineStateManager.java:addPipeline(54)) - Created pipeline Pipeline[ Id: ae4b61c7-78f9-4f72-b628-962450ae1251, Nodes: cbf3b94c-a31f-438c-8480-20d914ac9d1c{ip: 172.17.0.2, host: c8d1cb744cae, networkLocation: /default-rack, certSerialId: null}, Type:RATIS, Factor:ONE, State:ALLOCATED, leaderId:, CreationTimestamp2020-07-22T12:33:33.440Z]
2020-07-22 12:33:33,441 [RatisPipelineUtilsThread] ERROR pipeline.SCMPipelineManager (SCMPipelineManager.java:createPipeline(275)) - Failed to create pipeline of type RATIS and factor ONE. Exception: Cannot create pipeline of factor 1 using 0 nodes. Used 5 nodes. Healthy nodes 5
2020-07-22 12:33:33,441 [RatisPipelineUtilsThread] ERROR pipeline.SCMPipelineManager (SCMPipelineManager.java:createPipeline(275)) - Failed to create pipeline of type RATIS and factor THREE. Exception: Pipeline creation failed because nodes are engaged in other pipelines and every node can only be engaged in max 2 pipelines. Required 3. Found 2
2020-07-22 12:33:33,567 [IPC Server handler 7 on default port 36033] INFO  net.NetworkTopology (NetworkTopologyImpl.java:add(111)) - Added a new node: /default-rack/d6264bd5-628b-4389-82c0-e2589ee55aba
2020-07-22 12:33:33,567 [IPC Server handler 7 on default port 36033] INFO  node.SCMNodeManager (SCMNodeManager.java:register(273)) - Registered Data node : d6264bd5-628b-4389-82c0-e2589ee55aba{ip: 172.17.0.2, host: c8d1cb744cae, networkLocation: /default-rack, certSerialId: null}
2020-07-22 12:33:33,567 [EventQueue-NodeRegistrationContainerReportForContainerSafeModeRule] INFO  safemode.SCMSafeModeManager (SCMSafeModeManager.java:validateSafeModeExitRules(214)) - ContainerSafeModeRule rule is successfully validated
2020-07-22 12:33:33,568 [EventQueue-NodeRegistrationContainerReportForDataNodeSafeModeRule] INFO  safemode.SCMSafeModeManager (SCMSafeModeManager.java:validateSafeModeExitRules(214)) - DataNodeSafeModeRule rule is successfully validated
2020-07-22 12:33:33,568 [RatisPipelineUtilsThread] INFO  pipeline.RatisPipelineProvider (RatisPipelineProvider.java:lambda$create$0(138)) - Sending CreatePipelineCommand for pipeline:PipelineID=7da5d299-1741-493f-bc8d-73e2e86f0e11 to datanode:d6264bd5-628b-4389-82c0-e2589ee55aba
2020-07-22 12:33:33,568 [RatisPipelineUtilsThread] INFO  pipeline.PipelineStateManager (PipelineStateManager.java:addPipeline(54)) - Created pipeline Pipeline[ Id: 7da5d299-1741-493f-bc8d-73e2e86f0e11, Nodes: d6264bd5-628b-4389-82c0-e2589ee55aba{ip: 172.17.0.2, host: c8d1cb744cae, networkLocation: /default-rack, certSerialId: null}, Type:RATIS, Factor:ONE, State:ALLOCATED, leaderId:, CreationTimestamp2020-07-22T12:33:33.568Z]
2020-07-22 12:33:33,569 [RatisPipelineUtilsThread] ERROR pipeline.SCMPipelineManager (SCMPipelineManager.java:createPipeline(275)) - Failed to create pipeline of type RATIS and factor ONE. Exception: Cannot create pipeline of factor 1 using 0 nodes. Used 6 nodes. Healthy nodes 6
2020-07-22 12:33:33,569 [RatisPipelineUtilsThread] INFO  pipeline.RatisPipelineProvider (RatisPipelineProvider.java:lambda$create$0(138)) - Sending CreatePipelineCommand for pipeline:PipelineID=1d7d8fe0-aec6-4d19-bd70-992d786a5571 to datanode:48b67410-02a7-4c3c-a008-f346ec25aee5
2020-07-22 12:33:33,569 [RatisPipelineUtilsThread] INFO  pipeline.RatisPipelineProvider (RatisPipelineProvider.java:lambda$create$0(138)) - Sending CreatePipelineCommand for pipeline:PipelineID=1d7d8fe0-aec6-4d19-bd70-992d786a5571 to datanode:cbf3b94c-a31f-438c-8480-20d914ac9d1c
2020-07-22 12:33:33,569 [RatisPipelineUtilsThread] INFO  pipeline.RatisPipelineProvider (RatisPipelineProvider.java:lambda$create$0(138)) - Sending CreatePipelineCommand for pipeline:PipelineID=1d7d8fe0-aec6-4d19-bd70-992d786a5571 to datanode:d6264bd5-628b-4389-82c0-e2589ee55aba
2020-07-22 12:33:33,569 [RatisPipelineUtilsThread] INFO  pipeline.PipelineStateManager (PipelineStateManager.java:addPipeline(54)) - Created pipeline Pipeline[ Id: 1d7d8fe0-aec6-4d19-bd70-992d786a5571, Nodes: 48b67410-02a7-4c3c-a008-f346ec25aee5{ip: 172.17.0.2, host: c8d1cb744cae, networkLocation: /default-rack, certSerialId: null}cbf3b94c-a31f-438c-8480-20d914ac9d1c{ip: 172.17.0.2, host: c8d1cb744cae, networkLocation: /default-rack, certSerialId: null}d6264bd5-628b-4389-82c0-e2589ee55aba{ip: 172.17.0.2, host: c8d1cb744cae, networkLocation: /default-rack, certSerialId: null}, Type:RATIS, Factor:THREE, State:ALLOCATED, leaderId:, CreationTimestamp2020-07-22T12:33:33.569Z]
2020-07-22 12:33:33,570 [RatisPipelineUtilsThread] ERROR pipeline.SCMPipelineManager (SCMPipelineManager.java:createPipeline(275)) - Failed to create pipeline of type RATIS and factor THREE. Exception: Pipeline creation failed because nodes are engaged in other pipelines and every node can only be engaged in max 2 pipelines. Required 3. Found 0
2020-07-22 12:33:33,705 [IPC Server handler 0 on default port 36033] INFO  net.NetworkTopology (NetworkTopologyImpl.java:add(111)) - Added a new node: /default-rack/ed643190-f63c-42a5-a25b-abc89167c706
2020-07-22 12:33:33,706 [IPC Server handler 0 on default port 36033] INFO  node.SCMNodeManager (SCMNodeManager.java:register(273)) - Registered Data node : ed643190-f63c-42a5-a25b-abc89167c706{ip: 172.17.0.2, host: c8d1cb744cae, networkLocation: /default-rack, certSerialId: null}
2020-07-22 12:33:33,707 [EventQueue-NodeRegistrationContainerReportForContainerSafeModeRule] INFO  safemode.SCMSafeModeManager (SCMSafeModeManager.java:validateSafeModeExitRules(214)) - ContainerSafeModeRule rule is successfully validated
2020-07-22 12:33:33,707 [EventQueue-NodeRegistrationContainerReportForDataNodeSafeModeRule] INFO  safemode.SCMSafeModeManager (SCMSafeModeManager.java:validateSafeModeExitRules(214)) - DataNodeSafeModeRule rule is successfully validated
2020-07-22 12:33:33,707 [RatisPipelineUtilsThread] INFO  pipeline.RatisPipelineProvider (RatisPipelineProvider.java:lambda$create$0(138)) - Sending CreatePipelineCommand for pipeline:PipelineID=2634048c-d62b-44af-82a4-ea8bdd649163 to datanode:ed643190-f63c-42a5-a25b-abc89167c706
2020-07-22 12:33:33,708 [RatisPipelineUtilsThread] INFO  pipeline.PipelineStateManager (PipelineStateManager.java:addPipeline(54)) - Created pipeline Pipeline[ Id: 2634048c-d62b-44af-82a4-ea8bdd649163, Nodes: ed643190-f63c-42a5-a25b-abc89167c706{ip: 172.17.0.2, host: c8d1cb744cae, networkLocation: /default-rack, certSerialId: null}, Type:RATIS, Factor:ONE, State:ALLOCATED, leaderId:, CreationTimestamp2020-07-22T12:33:33.707Z]
2020-07-22 12:33:33,708 [RatisPipelineUtilsThread] ERROR pipeline.SCMPipelineManager (SCMPipelineManager.java:createPipeline(275)) - Failed to create pipeline of type RATIS and factor ONE. Exception: Cannot create pipeline of factor 1 using 0 nodes. Used 7 nodes. Healthy nodes 7
2020-07-22 12:33:33,708 [RatisPipelineUtilsThread] ERROR pipeline.SCMPipelineManager (SCMPipelineManager.java:createPipeline(275)) - Failed to create pipeline of type RATIS and factor THREE. Exception: Pipeline creation failed because nodes are engaged in other pipelines and every node can only be engaged in max 2 pipelines. Required 3. Found 1
2020-07-22 12:33:33,846 [IPC Server handler 2 on default port 36033] INFO  net.NetworkTopology (NetworkTopologyImpl.java:add(111)) - Added a new node: /default-rack/6a8f51fc-5a65-4029-99ea-81b8e3132c48
2020-07-22 12:33:33,846 [IPC Server handler 2 on default port 36033] INFO  node.SCMNodeManager (SCMNodeManager.java:register(273)) - Registered Data node : 6a8f51fc-5a65-4029-99ea-81b8e3132c48{ip: 172.17.0.2, host: c8d1cb744cae, networkLocation: /default-rack, certSerialId: null}
2020-07-22 12:33:33,847 [EventQueue-NodeRegistrationContainerReportForContainerSafeModeRule] INFO  safemode.SCMSafeModeManager (SCMSafeModeManager.java:validateSafeModeExitRules(214)) - ContainerSafeModeRule rule is successfully validated
2020-07-22 12:33:33,847 [EventQueue-NodeRegistrationContainerReportForDataNodeSafeModeRule] INFO  safemode.SCMSafeModeManager (SCMSafeModeManager.java:validateSafeModeExitRules(214)) - DataNodeSafeModeRule rule is successfully validated
2020-07-22 12:33:33,847 [RatisPipelineUtilsThread] INFO  pipeline.RatisPipelineProvider (RatisPipelineProvider.java:lambda$create$0(138)) - Sending CreatePipelineCommand for pipeline:PipelineID=64124d48-5aaf-47dc-849f-6c3c5eca1677 to datanode:6a8f51fc-5a65-4029-99ea-81b8e3132c48
2020-07-22 12:33:33,847 [RatisPipelineUtilsThread] INFO  pipeline.PipelineStateManager (PipelineStateManager.java:addPipeline(54)) - Created pipeline Pipeline[ Id: 64124d48-5aaf-47dc-849f-6c3c5eca1677, Nodes: 6a8f51fc-5a65-4029-99ea-81b8e3132c48{ip: 172.17.0.2, host: c8d1cb744cae, networkLocation: /default-rack, certSerialId: null}, Type:RATIS, Factor:ONE, State:ALLOCATED, leaderId:, CreationTimestamp2020-07-22T12:33:33.847Z]
2020-07-22 12:33:33,848 [RatisPipelineUtilsThread] ERROR pipeline.SCMPipelineManager (SCMPipelineManager.java:createPipeline(275)) - Failed to create pipeline of type RATIS and factor ONE. Exception: Cannot create pipeline of factor 1 using 0 nodes. Used 8 nodes. Healthy nodes 8
2020-07-22 12:33:33,848 [RatisPipelineUtilsThread] ERROR pipeline.SCMPipelineManager (SCMPipelineManager.java:createPipeline(275)) - Failed to create pipeline of type RATIS and factor THREE. Exception: Pipeline creation failed because nodes are engaged in other pipelines and every node can only be engaged in max 2 pipelines. Required 3. Found 2
2020-07-22 12:33:33,951 [Listener at 127.0.0.1/42799] INFO  ozone.MiniOzoneClusterImpl (MiniOzoneClusterImpl.java:lambda$waitForClusterToBeReady$0(177)) - Waiting for nodes to be ready. Got 8 of 9 DN Heartbeats.
2020-07-22 12:33:33,951 [Listener at 127.0.0.1/42799] INFO  ozone.MiniOzoneClusterImpl (MiniOzoneClusterImpl.java:lambda$waitForClusterToBeReady$0(180)) - Waiting for cluster to exit safe mode
2020-07-22 12:33:33,953 [IPC Server handler 3 on default port 36033] INFO  net.NetworkTopology (NetworkTopologyImpl.java:add(111)) - Added a new node: /default-rack/3c19c41d-1b55-464a-b43c-8bd35cf9b08d
2020-07-22 12:33:33,953 [IPC Server handler 3 on default port 36033] INFO  node.SCMNodeManager (SCMNodeManager.java:register(273)) - Registered Data node : 3c19c41d-1b55-464a-b43c-8bd35cf9b08d{ip: 172.17.0.2, host: c8d1cb744cae, networkLocation: /default-rack, certSerialId: null}
2020-07-22 12:33:33,954 [EventQueue-NodeRegistrationContainerReportForContainerSafeModeRule] INFO  safemode.SCMSafeModeManager (SCMSafeModeManager.java:validateSafeModeExitRules(214)) - ContainerSafeModeRule rule is successfully validated
2020-07-22 12:33:33,954 [EventQueue-NodeRegistrationContainerReportForDataNodeSafeModeRule] INFO  safemode.SCMSafeModeManager (SCMSafeModeManager.java:validateSafeModeExitRules(214)) - DataNodeSafeModeRule rule is successfully validated
2020-07-22 12:33:33,954 [RatisPipelineUtilsThread] INFO  pipeline.RatisPipelineProvider (RatisPipelineProvider.java:lambda$create$0(138)) - Sending CreatePipelineCommand for pipeline:PipelineID=555776ac-9447-4c44-b360-f807d85041b3 to datanode:3c19c41d-1b55-464a-b43c-8bd35cf9b08d
2020-07-22 12:33:33,955 [RatisPipelineUtilsThread] INFO  pipeline.PipelineStateManager (PipelineStateManager.java:addPipeline(54)) - Created pipeline Pipeline[ Id: 555776ac-9447-4c44-b360-f807d85041b3, Nodes: 3c19c41d-1b55-464a-b43c-8bd35cf9b08d{ip: 172.17.0.2, host: c8d1cb744cae, networkLocation: /default-rack, certSerialId: null}, Type:RATIS, Factor:ONE, State:ALLOCATED, leaderId:, CreationTimestamp2020-07-22T12:33:33.954Z]
2020-07-22 12:33:33,955 [RatisPipelineUtilsThread] ERROR pipeline.SCMPipelineManager (SCMPipelineManager.java:createPipeline(275)) - Failed to create pipeline of type RATIS and factor ONE. Exception: Cannot create pipeline of factor 1 using 0 nodes. Used 9 nodes. Healthy nodes 9
2020-07-22 12:33:33,955 [RatisPipelineUtilsThread] INFO  pipeline.RatisPipelineProvider (RatisPipelineProvider.java:lambda$create$0(138)) - Sending CreatePipelineCommand for pipeline:PipelineID=39facacb-e427-42b1-8966-fb061b3bd71d to datanode:3c19c41d-1b55-464a-b43c-8bd35cf9b08d
2020-07-22 12:33:33,955 [RatisPipelineUtilsThread] INFO  pipeline.RatisPipelineProvider (RatisPipelineProvider.java:lambda$create$0(138)) - Sending CreatePipelineCommand for pipeline:PipelineID=39facacb-e427-42b1-8966-fb061b3bd71d to datanode:6a8f51fc-5a65-4029-99ea-81b8e3132c48
2020-07-22 12:33:33,955 [RatisPipelineUtilsThread] INFO  pipeline.RatisPipelineProvider (RatisPipelineProvider.java:lambda$create$0(138)) - Sending CreatePipelineCommand for pipeline:PipelineID=39facacb-e427-42b1-8966-fb061b3bd71d to datanode:ed643190-f63c-42a5-a25b-abc89167c706
2020-07-22 12:33:33,956 [RatisPipelineUtilsThread] INFO  pipeline.PipelineStateManager (PipelineStateManager.java:addPipeline(54)) - Created pipeline Pipeline[ Id: 39facacb-e427-42b1-8966-fb061b3bd71d, Nodes: 3c19c41d-1b55-464a-b43c-8bd35cf9b08d{ip: 172.17.0.2, host: c8d1cb744cae, networkLocation: /default-rack, certSerialId: null}6a8f51fc-5a65-4029-99ea-81b8e3132c48{ip: 172.17.0.2, host: c8d1cb744cae, networkLocation: /default-rack, certSerialId: null}ed643190-f63c-42a5-a25b-abc89167c706{ip: 172.17.0.2, host: c8d1cb744cae, networkLocation: /default-rack, certSerialId: null}, Type:RATIS, Factor:THREE, State:ALLOCATED, leaderId:, CreationTimestamp2020-07-22T12:33:33.955Z]
2020-07-22 12:33:33,956 [RatisPipelineUtilsThread] ERROR pipeline.SCMPipelineManager (SCMPipelineManager.java:createPipeline(275)) - Failed to create pipeline of type RATIS and factor THREE. Exception: Pipeline creation failed because nodes are engaged in other pipelines and every node can only be engaged in max 2 pipelines. Required 3. Found 0
2020-07-22 12:33:34,951 [Listener at 127.0.0.1/42799] INFO  ozone.MiniOzoneClusterImpl (MiniOzoneClusterImpl.java:lambda$waitForClusterToBeReady$0(177)) - Nodes are ready. Got 9 of 9 DN Heartbeats.
2020-07-22 12:33:34,952 [Listener at 127.0.0.1/42799] INFO  ozone.MiniOzoneClusterImpl (MiniOzoneClusterImpl.java:lambda$waitForClusterToBeReady$0(180)) - Waiting for cluster to exit safe mode
2020-07-22 12:33:35,940 [Command processor thread] INFO  impl.RaftServerProxy (RaftServerProxy.java:addNew(89)) - d5a0b463-2013-4be7-b2a9-4f4f38929cc0: addNew group-0624427C6167:[d5a0b463-2013-4be7-b2a9-4f4f38929cc0:172.17.0.2:40645] returns group-0624427C6167:java.util.concurrent.CompletableFuture@d9501d5[Not completed]
2020-07-22 12:33:35,941 [pool-347-thread-1] INFO  impl.RaftServerImpl (RaftServerImpl.java:<init>(107)) - d5a0b463-2013-4be7-b2a9-4f4f38929cc0: new RaftServerImpl for group-0624427C6167:[d5a0b463-2013-4be7-b2a9-4f4f38929cc0:172.17.0.2:40645] with ContainerStateMachine:uninitialized
2020-07-22 12:33:35,941 [pool-347-thread-1] INFO  server.RaftServerConfigKeys (ConfUtils.java:logGet(44)) - raft.server.rpc.timeout.min = 5s (custom)
2020-07-22 12:33:35,941 [pool-347-thread-1] INFO  server.RaftServerConfigKeys (ConfUtils.java:logGet(44)) - raft.server.rpc.timeout.max = 5200ms (custom)
2020-07-22 12:33:35,941 [pool-347-thread-1] INFO  server.RaftServerConfigKeys (ConfUtils.java:logGet(44)) - raft.server.rpcslowness.timeout = 300000ms (custom)
2020-07-22 12:33:35,941 [pool-347-thread-1] INFO  server.RaftServerConfigKeys (ConfUtils.java:logGet(44)) - raft.server.sleep.deviation.threshold = 300 (default)
2020-07-22 12:33:35,941 [pool-347-thread-1] INFO  server.RaftServerConfigKeys (ConfUtils.java:logGet(44)) - raft.server.log.appender.install.snapshot.enabled = false (custom)
2020-07-22 12:33:35,941 [pool-347-thread-1] INFO  impl.RaftServerImpl (ServerState.java:<init>(103)) - d5a0b463-2013-4be7-b2a9-4f4f38929cc0@group-0624427C6167: ConfigurationManager, init=-1: [d5a0b463-2013-4be7-b2a9-4f4f38929cc0:172.17.0.2:40645], old=null, confs=<EMPTY_MAP>
2020-07-22 12:33:35,942 [pool-347-thread-1] INFO  server.RaftServerConfigKeys (ConfUtils.java:logGet(44)) - raft.server.storage.dir = [/github/workspace/mnt/ozone/hadoop-ozone/integration-test/target/test-dir/MiniOzoneClusterImpl-27133a7a-4276-4edb-aad9-b93835fdb948/datanode-0/data/ratis] (custom)
2020-07-22 12:33:35,942 [pool-347-thread-1] INFO  server.RaftServerConfigKeys (ConfUtils.java:logGet(44)) - raft.server.log.corruption.policy = EXCEPTION (default)
2020-07-22 12:33:35,942 [pool-347-thread-1] INFO  storage.RaftStorageDirectory (RaftStorageDirectory.java:analyzeStorage(261)) - The storage directory /github/workspace/mnt/ozone/hadoop-ozone/integration-test/target/test-dir/MiniOzoneClusterImpl-27133a7a-4276-4edb-aad9-b93835fdb948/datanode-0/data/ratis/2b884c04-d8b4-4162-98f2-0624427c6167 does not exist. Creating ...
2020-07-22 12:33:35,944 [pool-347-thread-1] INFO  storage.RaftStorageDirectory (RaftStorageDirectory.java:tryLock(343)) - Lock on /github/workspace/mnt/ozone/hadoop-ozone/integration-test/target/test-dir/MiniOzoneClusterImpl-27133a7a-4276-4edb-aad9-b93835fdb948/datanode-0/data/ratis/2b884c04-d8b4-4162-98f2-0624427c6167/in_use.lock acquired by nodename 10747@c8d1cb744cae
2020-07-22 12:33:35,945 [pool-347-thread-1] INFO  storage.RaftStorage (RaftStorage.java:format(84)) - Storage directory /github/workspace/mnt/ozone/hadoop-ozone/integration-test/target/test-dir/MiniOzoneClusterImpl-27133a7a-4276-4edb-aad9-b93835fdb948/datanode-0/data/ratis/2b884c04-d8b4-4162-98f2-0624427c6167 has been successfully formatted.
2020-07-22 12:33:35,946 [pool-347-thread-1] INFO  ratis.ContainerStateMachine (ContainerStateMachine.java:loadSnapshot(225)) - group-0624427C6167: The snapshot info is null. Setting the last applied indexto:(t:0, i:~)
2020-07-22 12:33:35,946 [pool-347-thread-1] INFO  server.RaftServerConfigKeys (ConfUtils.java:logGet(44)) - raft.server.notification.no-leader.timeout = 300000ms (custom)
2020-07-22 12:33:35,947 [pool-347-thread-1] INFO  server.RaftServerConfigKeys (ConfUtils.java:logGet(44)) - raft.server.log.use.memory = false (default)
2020-07-22 12:33:35,947 [pool-347-thread-1] INFO  server.RaftServerConfigKeys (ConfUtils.java:logGet(44)) - raft.server.log.purge.gap = 1000000 (custom)
2020-07-22 12:33:35,947 [pool-347-thread-1] INFO  metrics.RatisMetrics (RatisMetrics.java:lambda$create$0(36)) - Creating Metrics Registry : ratis.log_worker.d5a0b463-2013-4be7-b2a9-4f4f38929cc0@group-0624427C6167
2020-07-22 12:33:35,947 [pool-347-thread-1] INFO  server.RaftServerConfigKeys (ConfUtils.java:logGet(44)) - raft.server.log.appender.buffer.byte-limit = 33554432 (custom)
2020-07-22 12:33:35,947 [EventQueue-PipelineReportForPipelineReportHandler] INFO  pipeline.PipelineStateManager (PipelineStateManager.java:openPipeline(131)) - Pipeline Pipeline[ Id: 2b884c04-d8b4-4162-98f2-0624427c6167, Nodes: d5a0b463-2013-4be7-b2a9-4f4f38929cc0{ip: 172.17.0.2, host: c8d1cb744cae, networkLocation: /default-rack, certSerialId: null}, Type:RATIS, Factor:ONE, State:ALLOCATED, leaderId:d5a0b463-2013-4be7-b2a9-4f4f38929cc0, CreationTimestamp2020-07-22T12:33:32.941Z] moved to OPEN state
2020-07-22 12:33:35,947 [pool-347-thread-1] INFO  server.RaftServerConfigKeys (ConfUtils.java:logGet(44)) - raft.server.log.segment.size.max = 1048576 (custom)
2020-07-22 12:33:35,948 [EventQueue-OpenPipelineForHealthyPipelineSafeModeRule] INFO  safemode.SCMSafeModeManager (HealthyPipelineSafeModeRule.java:process(129)) - SCM in safe mode. Healthy pipelines reported count is 0, required healthy pipeline reported count is 1
2020-07-22 12:33:35,949 [pool-347-thread-1] INFO  server.RaftServerConfigKeys (ConfUtils.java:logGet(44)) - raft.server.log.segment.cache.num.max = 2 (custom)
2020-07-22 12:33:35,949 [pool-347-thread-1] INFO  segmented.SegmentedRaftLogWorker (SegmentedRaftLogWorker.java:<init>(180)) - new d5a0b463-2013-4be7-b2a9-4f4f38929cc0@group-0624427C6167-SegmentedRaftLogWorker for RaftStorage:Storage Directory /github/workspace/mnt/ozone/hadoop-ozone/integration-test/target/test-dir/MiniOzoneClusterImpl-27133a7a-4276-4edb-aad9-b93835fdb948/datanode-0/data/ratis/2b884c04-d8b4-4162-98f2-0624427c6167
2020-07-22 12:33:35,949 [pool-347-thread-1] INFO  server.RaftServerConfigKeys (ConfUtils.java:logGet(44)) - raft.server.log.queue.byte-limit = 2147483647 (custom)
2020-07-22 12:33:35,949 [pool-347-thread-1] INFO  server.RaftServerConfigKeys (ConfUtils.java:logGet(44)) - raft.server.log.queue.element-limit = 1024 (custom)
2020-07-22 12:33:35,949 [pool-347-thread-1] INFO  server.RaftServerConfigKeys (ConfUtils.java:logGet(44)) - raft.server.log.segment.size.max = 1048576 (custom)
2020-07-22 12:33:35,949 [pool-347-thread-1] INFO  server.RaftServerConfigKeys (ConfUtils.java:logGet(44)) - raft.server.log.preallocated.size = 16384 (custom)
2020-07-22 12:33:35,949 [pool-347-thread-1] INFO  server.RaftServerConfigKeys (ConfUtils.java:logGet(44)) - raft.server.log.write.buffer.size = 1048576 (custom)
2020-07-22 12:33:35,949 [pool-347-thread-1] INFO  server.RaftServerConfigKeys (ConfUtils.java:logGet(44)) - raft.server.log.force.sync.num = 128 (default)
2020-07-22 12:33:35,949 [pool-347-thread-1] INFO  server.RaftServerConfigKeys (ConfUtils.java:logGet(44)) - raft.server.log.statemachine.data.sync = true (default)
2020-07-22 12:33:35,950 [pool-347-thread-1] INFO  server.RaftServerConfigKeys (ConfUtils.java:logGet(44)) - raft.server.log.statemachine.data.sync.timeout = 10s (default)
2020-07-22 12:33:35,950 [pool-347-thread-1] INFO  server.RaftServerConfigKeys (ConfUtils.java:logGet(44)) - raft.server.log.statemachine.data.sync.timeout.retry = -1 (default)
2020-07-22 12:33:35,951 [pool-347-thread-1] INFO  server.RaftServerConfigKeys (ConfUtils.java:logGet(44)) - raft.server.log.statemachine.data.caching.enabled = true (custom)
2020-07-22 12:33:35,951 [pool-347-thread-1] INFO  segmented.SegmentedRaftLogWorker (SegmentedRaftLogWorker.java:lambda$new$0(129)) - d5a0b463-2013-4be7-b2a9-4f4f38929cc0@group-0624427C6167-SegmentedRaftLogWorker: flushIndex: setUnconditionally 0 -> -1
2020-07-22 12:33:35,952 [pool-347-thread-1] INFO  segmented.SegmentedRaftLogWorker (SegmentedRaftLogWorker.java:lambda$new$0(129)) - d5a0b463-2013-4be7-b2a9-4f4f38929cc0@group-0624427C6167-SegmentedRaftLogWorker: safeCacheEvictIndex: setUnconditionally 0 -> -1
2020-07-22 12:33:35,952 [EventQueue-OpenPipelineForOneReplicaPipelineSafeModeRule] INFO  safemode.SCMSafeModeManager (SCMSafeModeManager.java:validateSafeModeExitRules(214)) - AtleastOneDatanodeReportedRule rule is successfully validated
2020-07-22 12:33:35,952 [pool-347-thread-1] INFO  server.RaftServerConfigKeys (ConfUtils.java:logGet(44)) - raft.server.snapshot.auto.trigger.enabled = true (custom)
2020-07-22 12:33:35,952 [pool-347-thread-1] INFO  server.RaftServerConfigKeys (ConfUtils.java:logGet(44)) - raft.server.snapshot.auto.trigger.threshold = 10000 (custom)
2020-07-22 12:33:35,952 [pool-347-thread-1] INFO  server.RaftServerConfigKeys (ConfUtils.java:logGet(44)) - raft.server.snapshot.retention.file.num = 5 (custom)
2020-07-22 12:33:35,952 [pool-347-thread-1] INFO  server.RaftServerConfigKeys (ConfUtils.java:logGet(44)) - raft.server.log.purge.upto.snapshot.index = false (default)
2020-07-22 12:33:35,952 [pool-347-thread-1] INFO  server.RaftServerConfigKeys (ConfUtils.java:logGet(44)) - raft.server.retrycache.expirytime = 600000ms (custom)
2020-07-22 12:33:35,953 [pool-347-thread-1] INFO  metrics.RatisMetrics (RatisMetrics.java:lambda$create$0(36)) - Creating Metrics Registry : ratis.leader_election.d5a0b463-2013-4be7-b2a9-4f4f38929cc0@group-0624427C6167
2020-07-22 12:33:35,953 [pool-347-thread-1] INFO  metrics.RatisMetrics (RatisMetrics.java:lambda$create$0(36)) - Creating Metrics Registry : ratis.server.d5a0b463-2013-4be7-b2a9-4f4f38929cc0@group-0624427C6167
2020-07-22 12:33:35,953 [Listener at 127.0.0.1/42799] INFO  ozone.MiniOzoneClusterImpl (MiniOzoneClusterImpl.java:lambda$waitForClusterToBeReady$0(177)) - Nodes are ready. Got 9 of 9 DN Heartbeats.
2020-07-22 12:33:35,954 [Listener at 127.0.0.1/42799] INFO  ozone.MiniOzoneClusterImpl (MiniOzoneClusterImpl.java:lambda$waitForClusterToBeReady$0(180)) - Waiting for cluster to exit safe mode
2020-07-22 12:33:35,954 [pool-347-thread-1] INFO  impl.RaftServerImpl (RaftServerImpl.java:start(196)) - d5a0b463-2013-4be7-b2a9-4f4f38929cc0@group-0624427C6167: start as a follower, conf=-1: [d5a0b463-2013-4be7-b2a9-4f4f38929cc0:172.17.0.2:40645], old=null
2020-07-22 12:33:35,954 [pool-347-thread-1] INFO  impl.RaftServerImpl (RaftServerImpl.java:setRole(185)) - d5a0b463-2013-4be7-b2a9-4f4f38929cc0@group-0624427C6167: changes role from      null to FOLLOWER at term 0 for startAsFollower
2020-07-22 12:33:35,955 [pool-347-thread-1] INFO  impl.RoleInfo (RoleInfo.java:updateAndGet(143)) - d5a0b463-2013-4be7-b2a9-4f4f38929cc0: start FollowerState
2020-07-22 12:33:35,955 [pool-347-thread-1] INFO  util.JmxRegister (JmxRegister.java:tryRegister(44)) - Successfully registered JMX Bean with object name Ratis:service=RaftServer,group=group-0624427C6167,id=d5a0b463-2013-4be7-b2a9-4f4f38929cc0
2020-07-22 12:33:35,955 [pool-347-thread-1] INFO  metrics.RatisMetrics (RatisMetrics.java:lambda$create$0(36)) - Creating Metrics Registry : ratis.state_machine.d5a0b463-2013-4be7-b2a9-4f4f38929cc0@group-0624427C6167
2020-07-22 12:33:35,956 [Command processor thread] INFO  commandhandler.CreatePipelineCommandHandler (CreatePipelineCommandHandler.java:handle(109)) - Created Pipeline RATIS ONE #id: "2b884c04-d8b4-4162-98f2-0624427c6167"
uuid128 {
  mostSigBits: 3136840724162822498
  leastSigBits: -7425866082776489625
}
.
2020-07-22 12:33:35,956 [Command processor thread] INFO  impl.RaftServerProxy (RaftServerProxy.java:addNew(89)) - d5a0b463-2013-4be7-b2a9-4f4f38929cc0: addNew group-8E549E931988:[1cc64804-5db2-44d9-9a87-fdc1313ba49d:172.17.0.2:40525, 13de87ee-83ad-45df-97c4-bee39bf390b1:172.17.0.2:42819, d5a0b463-2013-4be7-b2a9-4f4f38929cc0:172.17.0.2:40645] returns group-8E549E931988:java.util.concurrent.CompletableFuture@9aa84bf[Not completed]
2020-07-22 12:33:35,958 [pool-347-thread-1] INFO  impl.RaftServerImpl (RaftServerImpl.java:<init>(107)) - d5a0b463-2013-4be7-b2a9-4f4f38929cc0: new RaftServerImpl for group-8E549E931988:[1cc64804-5db2-44d9-9a87-fdc1313ba49d:172.17.0.2:40525, 13de87ee-83ad-45df-97c4-bee39bf390b1:172.17.0.2:42819, d5a0b463-2013-4be7-b2a9-4f4f38929cc0:172.17.0.2:40645] with ContainerStateMachine:uninitialized
2020-07-22 12:33:35,958 [pool-347-thread-1] INFO  server.RaftServerConfigKeys (ConfUtils.java:logGet(44)) - raft.server.rpc.timeout.min = 5s (custom)
2020-07-22 12:33:35,958 [pool-347-thread-1] INFO  server.RaftServerConfigKeys (ConfUtils.java:logGet(44)) - raft.server.rpc.timeout.max = 5200ms (custom)
2020-07-22 12:33:35,958 [pool-347-thread-1] INFO  server.RaftServerConfigKeys (ConfUtils.java:logGet(44)) - raft.server.rpcslowness.timeout = 300000ms (custom)
2020-07-22 12:33:35,958 [pool-347-thread-1] INFO  server.RaftServerConfigKeys (ConfUtils.java:logGet(44)) - raft.server.sleep.deviation.threshold = 300 (default)
2020-07-22 12:33:35,959 [pool-347-thread-1] INFO  server.RaftServerConfigKeys (ConfUtils.java:logGet(44)) - raft.server.log.appender.install.snapshot.enabled = false (custom)
2020-07-22 12:33:35,959 [pool-347-thread-1] INFO  impl.RaftServerImpl (ServerState.java:<init>(103)) - d5a0b463-2013-4be7-b2a9-4f4f38929cc0@group-8E549E931988: ConfigurationManager, init=-1: [1cc64804-5db2-44d9-9a87-fdc1313ba49d:172.17.0.2:40525, 13de87ee-83ad-45df-97c4-bee39bf390b1:172.17.0.2:42819, d5a0b463-2013-4be7-b2a9-4f4f38929cc0:172.17.0.2:40645], old=null, confs=<EMPTY_MAP>
2020-07-22 12:33:35,959 [pool-347-thread-1] INFO  server.RaftServerConfigKeys (ConfUtils.java:logGet(44)) - raft.server.storage.dir = [/github/workspace/mnt/ozone/hadoop-ozone/integration-test/target/test-dir/MiniOzoneClusterImpl-27133a7a-4276-4edb-aad9-b93835fdb948/datanode-0/data/ratis] (custom)
2020-07-22 12:33:35,959 [pool-347-thread-1] INFO  server.RaftServerConfigKeys (ConfUtils.java:logGet(44)) - raft.server.log.corruption.policy = EXCEPTION (default)
2020-07-22 12:33:35,959 [pool-347-thread-1] INFO  storage.RaftStorageDirectory (RaftStorageDirectory.java:analyzeStorage(261)) - The storage directory /github/workspace/mnt/ozone/hadoop-ozone/integration-test/target/test-dir/MiniOzoneClusterImpl-27133a7a-4276-4edb-aad9-b93835fdb948/datanode-0/data/ratis/46d9def9-d2a0-46be-8503-8e549e931988 does not exist. Creating ...
2020-07-22 12:33:35,961 [pool-347-thread-1] INFO  storage.RaftStorageDirectory (RaftStorageDirectory.java:tryLock(343)) - Lock on /github/workspace/mnt/ozone/hadoop-ozone/integration-test/target/test-dir/MiniOzoneClusterImpl-27133a7a-4276-4edb-aad9-b93835fdb948/datanode-0/data/ratis/46d9def9-d2a0-46be-8503-8e549e931988/in_use.lock acquired by nodename 10747@c8d1cb744cae
2020-07-22 12:33:35,962 [pool-347-thread-1] INFO  storage.RaftStorage (RaftStorage.java:format(84)) - Storage directory /github/workspace/mnt/ozone/hadoop-ozone/integration-test/target/test-dir/MiniOzoneClusterImpl-27133a7a-4276-4edb-aad9-b93835fdb948/datanode-0/data/ratis/46d9def9-d2a0-46be-8503-8e549e931988 has been successfully formatted.
2020-07-22 12:33:35,962 [pool-347-thread-1] INFO  ratis.ContainerStateMachine (ContainerStateMachine.java:loadSnapshot(225)) - group-8E549E931988: The snapshot info is null. Setting the last applied indexto:(t:0, i:~)
2020-07-22 12:33:35,962 [pool-347-thread-1] INFO  server.RaftServerConfigKeys (ConfUtils.java:logGet(44)) - raft.server.notification.no-leader.timeout = 300000ms (custom)
2020-07-22 12:33:35,963 [pool-347-thread-1] INFO  server.RaftServerConfigKeys (ConfUtils.java:logGet(44)) - raft.server.log.use.memory = false (default)
2020-07-22 12:33:35,963 [pool-347-thread-1] INFO  server.RaftServerConfigKeys (ConfUtils.java:logGet(44)) - raft.server.log.purge.gap = 1000000 (custom)
2020-07-22 12:33:35,963 [pool-347-thread-1] INFO  metrics.RatisMetrics (RatisMetrics.java:lambda$create$0(36)) - Creating Metrics Registry : ratis.log_worker.d5a0b463-2013-4be7-b2a9-4f4f38929cc0@group-8E549E931988
2020-07-22 12:33:35,963 [pool-347-thread-1] INFO  server.RaftServerConfigKeys (ConfUtils.java:logGet(44)) - raft.server.log.appender.buffer.byte-limit = 33554432 (custom)
2020-07-22 12:33:35,963 [pool-347-thread-1] INFO  server.RaftServerConfigKeys (ConfUtils.java:logGet(44)) - raft.server.log.segment.size.max = 1048576 (custom)
2020-07-22 12:33:35,964 [pool-347-thread-1] INFO  server.RaftServerConfigKeys (ConfUtils.java:logGet(44)) - raft.server.log.segment.cache.num.max = 2 (custom)
2020-07-22 12:33:35,964 [pool-347-thread-1] INFO  segmented.SegmentedRaftLogWorker (SegmentedRaftLogWorker.java:<init>(180)) - new d5a0b463-2013-4be7-b2a9-4f4f38929cc0@group-8E549E931988-SegmentedRaftLogWorker for RaftStorage:Storage Directory /github/workspace/mnt/ozone/hadoop-ozone/integration-test/target/test-dir/MiniOzoneClusterImpl-27133a7a-4276-4edb-aad9-b93835fdb948/datanode-0/data/ratis/46d9def9-d2a0-46be-8503-8e549e931988
2020-07-22 12:33:35,964 [pool-347-thread-1] INFO  server.RaftServerConfigKeys (ConfUtils.java:logGet(44)) - raft.server.log.queue.byte-limit = 2147483647 (custom)
2020-07-22 12:33:35,964 [pool-347-thread-1] INFO  server.RaftServerConfigKeys (ConfUtils.java:logGet(44)) - raft.server.log.queue.element-limit = 1024 (custom)
2020-07-22 12:33:35,965 [pool-347-thread-1] INFO  server.RaftServerConfigKeys (ConfUtils.java:logGet(44)) - raft.server.log.segment.size.max = 1048576 (custom)
2020-07-22 12:33:35,965 [pool-347-thread-1] INFO  server.RaftServerConfigKeys (ConfUtils.java:logGet(44)) - raft.server.log.preallocated.size = 16384 (custom)
2020-07-22 12:33:35,965 [pool-347-thread-1] INFO  server.RaftServerConfigKeys (ConfUtils.java:logGet(44)) - raft.server.log.write.buffer.size = 1048576 (custom)
2020-07-22 12:33:35,965 [pool-347-thread-1] INFO  server.RaftServerConfigKeys (ConfUtils.java:logGet(44)) - raft.server.log.force.sync.num = 128 (default)
2020-07-22 12:33:35,965 [pool-347-thread-1] INFO  server.RaftServerConfigKeys (ConfUtils.java:logGet(44)) - raft.server.log.statemachine.data.sync = true (default)
2020-07-22 12:33:35,965 [pool-347-thread-1] INFO  server.RaftServerConfigKeys (ConfUtils.java:logGet(44)) - raft.server.log.statemachine.data.sync.timeout = 10s (default)
2020-07-22 12:33:35,965 [pool-347-thread-1] INFO  server.RaftServerConfigKeys (ConfUtils.java:logGet(44)) - raft.server.log.statemachine.data.sync.timeout.retry = -1 (default)
2020-07-22 12:33:35,967 [pool-347-thread-1] INFO  server.RaftServerConfigKeys (ConfUtils.java:logGet(44)) - raft.server.log.statemachine.data.caching.enabled = true (custom)
2020-07-22 12:33:35,968 [pool-347-thread-1] INFO  segmented.SegmentedRaftLogWorker (SegmentedRaftLogWorker.java:lambda$new$0(129)) - d5a0b463-2013-4be7-b2a9-4f4f38929cc0@group-8E549E931988-SegmentedRaftLogWorker: flushIndex: setUnconditionally 0 -> -1
2020-07-22 12:33:35,968 [pool-347-thread-1] INFO  segmented.SegmentedRaftLogWorker (SegmentedRaftLogWorker.java:lambda$new$0(129)) - d5a0b463-2013-4be7-b2a9-4f4f38929cc0@group-8E549E931988-SegmentedRaftLogWorker: safeCacheEvictIndex: setUnconditionally 0 -> -1
2020-07-22 12:33:35,972 [pool-347-thread-1] INFO  server.RaftServerConfigKeys (ConfUtils.java:logGet(44)) - raft.server.snapshot.auto.trigger.enabled = true (custom)
2020-07-22 12:33:35,972 [pool-347-thread-1] INFO  server.RaftServerConfigKeys (ConfUtils.java:logGet(44)) - raft.server.snapshot.auto.trigger.threshold = 10000 (custom)
2020-07-22 12:33:35,972 [pool-347-thread-1] INFO  server.RaftServerConfigKeys (ConfUtils.java:logGet(44)) - raft.server.snapshot.retention.file.num = 5 (custom)
2020-07-22 12:33:35,973 [pool-347-thread-1] INFO  server.RaftServerConfigKeys (ConfUtils.java:logGet(44)) - raft.server.log.purge.upto.snapshot.index = false (default)
2020-07-22 12:33:35,973 [pool-347-thread-1] INFO  server.RaftServerConfigKeys (ConfUtils.java:logGet(44)) - raft.server.retrycache.expirytime = 600000ms (custom)
2020-07-22 12:33:35,973 [pool-347-thread-1] INFO  metrics.RatisMetrics (RatisMetrics.java:lambda$create$0(36)) - Creating Metrics Registry : ratis.leader_election.d5a0b463-2013-4be7-b2a9-4f4f38929cc0@group-8E549E931988
2020-07-22 12:33:35,973 [pool-347-thread-1] INFO  metrics.RatisMetrics (RatisMetrics.java:lambda$create$0(36)) - Creating Metrics Registry : ratis.server.d5a0b463-2013-4be7-b2a9-4f4f38929cc0@group-8E549E931988
2020-07-22 12:33:35,975 [pool-347-thread-1] INFO  impl.RaftServerImpl (RaftServerImpl.java:start(196)) - d5a0b463-2013-4be7-b2a9-4f4f38929cc0@group-8E549E931988: start as a follower, conf=-1: [1cc64804-5db2-44d9-9a87-fdc1313ba49d:172.17.0.2:40525, 13de87ee-83ad-45df-97c4-bee39bf390b1:172.17.0.2:42819, d5a0b463-2013-4be7-b2a9-4f4f38929cc0:172.17.0.2:40645], old=null
2020-07-22 12:33:35,975 [pool-347-thread-1] INFO  impl.RaftServerImpl (RaftServerImpl.java:setRole(185)) - d5a0b463-2013-4be7-b2a9-4f4f38929cc0@group-8E549E931988: changes role from      null to FOLLOWER at term 0 for startAsFollower
2020-07-22 12:33:35,975 [pool-347-thread-1] INFO  impl.RoleInfo (RoleInfo.java:updateAndGet(143)) - d5a0b463-2013-4be7-b2a9-4f4f38929cc0: start FollowerState
2020-07-22 12:33:35,976 [pool-347-thread-1] INFO  util.JmxRegister (JmxRegister.java:tryRegister(44)) - Successfully registered JMX Bean with object name Ratis:service=RaftServer,group=group-8E549E931988,id=d5a0b463-2013-4be7-b2a9-4f4f38929cc0
2020-07-22 12:33:35,976 [pool-347-thread-1] INFO  metrics.RatisMetrics (RatisMetrics.java:lambda$create$0(36)) - Creating Metrics Registry : ratis.state_machine.d5a0b463-2013-4be7-b2a9-4f4f38929cc0@group-8E549E931988
2020-07-22 12:33:35,985 [grpc-default-executor-1] INFO  impl.RaftServerProxy (RaftServerProxy.java:addNew(89)) - 13de87ee-83ad-45df-97c4-bee39bf390b1: addNew group-8E549E931988:[1cc64804-5db2-44d9-9a87-fdc1313ba49d:172.17.0.2:40525, 13de87ee-83ad-45df-97c4-bee39bf390b1:172.17.0.2:42819, d5a0b463-2013-4be7-b2a9-4f4f38929cc0:172.17.0.2:40645] returns group-8E549E931988:java.util.concurrent.CompletableFuture@730944a[Not completed]
2020-07-22 12:33:35,989 [pool-362-thread-1] INFO  impl.RaftServerImpl (RaftServerImpl.java:<init>(107)) - 13de87ee-83ad-45df-97c4-bee39bf390b1: new RaftServerImpl for group-8E549E931988:[1cc64804-5db2-44d9-9a87-fdc1313ba49d:172.17.0.2:40525, 13de87ee-83ad-45df-97c4-bee39bf390b1:172.17.0.2:42819, d5a0b463-2013-4be7-b2a9-4f4f38929cc0:172.17.0.2:40645] with ContainerStateMachine:uninitialized
2020-07-22 12:33:35,989 [pool-362-thread-1] INFO  server.RaftServerConfigKeys (ConfUtils.java:logGet(44)) - raft.server.rpc.timeout.min = 5s (custom)
2020-07-22 12:33:35,989 [pool-362-thread-1] INFO  server.RaftServerConfigKeys (ConfUtils.java:logGet(44)) - raft.server.rpc.timeout.max = 5200ms (custom)
2020-07-22 12:33:35,989 [pool-362-thread-1] INFO  server.RaftServerConfigKeys (ConfUtils.java:logGet(44)) - raft.server.rpcslowness.timeout = 300000ms (custom)
2020-07-22 12:33:35,989 [pool-362-thread-1] INFO  server.RaftServerConfigKeys (ConfUtils.java:logGet(44)) - raft.server.sleep.deviation.threshold = 300 (default)
2020-07-22 12:33:35,989 [pool-362-thread-1] INFO  server.RaftServerConfigKeys (ConfUtils.java:logGet(44)) - raft.server.log.appender.install.snapshot.enabled = false (custom)
2020-07-22 12:33:35,989 [pool-362-thread-1] INFO  impl.RaftServerImpl (ServerState.java:<init>(103)) - 13de87ee-83ad-45df-97c4-bee39bf390b1@group-8E549E931988: ConfigurationManager, init=-1: [1cc64804-5db2-44d9-9a87-fdc1313ba49d:172.17.0.2:40525, 13de87ee-83ad-45df-97c4-bee39bf390b1:172.17.0.2:42819, d5a0b463-2013-4be7-b2a9-4f4f38929cc0:172.17.0.2:40645], old=null, confs=<EMPTY_MAP>
2020-07-22 12:33:35,989 [pool-362-thread-1] INFO  server.RaftServerConfigKeys (ConfUtils.java:logGet(44)) - raft.server.storage.dir = [/github/workspace/mnt/ozone/hadoop-ozone/integration-test/target/test-dir/MiniOzoneClusterImpl-27133a7a-4276-4edb-aad9-b93835fdb948/datanode-1/data/ratis] (custom)
2020-07-22 12:33:35,990 [pool-362-thread-1] INFO  server.RaftServerConfigKeys (ConfUtils.java:logGet(44)) - raft.server.log.corruption.policy = EXCEPTION (default)
2020-07-22 12:33:35,990 [pool-362-thread-1] INFO  storage.RaftStorageDirectory (RaftStorageDirectory.java:analyzeStorage(261)) - The storage directory /github/workspace/mnt/ozone/hadoop-ozone/integration-test/target/test-dir/MiniOzoneClusterImpl-27133a7a-4276-4edb-aad9-b93835fdb948/datanode-1/data/ratis/46d9def9-d2a0-46be-8503-8e549e931988 does not exist. Creating ...
2020-07-22 12:33:35,991 [pool-362-thread-1] INFO  storage.RaftStorageDirectory (RaftStorageDirectory.java:tryLock(343)) - Lock on /github/workspace/mnt/ozone/hadoop-ozone/integration-test/target/test-dir/MiniOzoneClusterImpl-27133a7a-4276-4edb-aad9-b93835fdb948/datanode-1/data/ratis/46d9def9-d2a0-46be-8503-8e549e931988/in_use.lock acquired by nodename 10747@c8d1cb744cae
2020-07-22 12:33:35,993 [pool-362-thread-1] INFO  storage.RaftStorage (RaftStorage.java:format(84)) - Storage directory /github/workspace/mnt/ozone/hadoop-ozone/integration-test/target/test-dir/MiniOzoneClusterImpl-27133a7a-4276-4edb-aad9-b93835fdb948/datanode-1/data/ratis/46d9def9-d2a0-46be-8503-8e549e931988 has been successfully formatted.
2020-07-22 12:33:35,994 [pool-362-thread-1] INFO  ratis.ContainerStateMachine (ContainerStateMachine.java:loadSnapshot(225)) - group-8E549E931988: The snapshot info is null. Setting the last applied indexto:(t:0, i:~)
2020-07-22 12:33:35,994 [pool-362-thread-1] INFO  server.RaftServerConfigKeys (ConfUtils.java:logGet(44)) - raft.server.notification.no-leader.timeout = 300000ms (custom)
2020-07-22 12:33:35,994 [pool-362-thread-1] INFO  server.RaftServerConfigKeys (ConfUtils.java:logGet(44)) - raft.server.log.use.memory = false (default)
2020-07-22 12:33:35,994 [pool-362-thread-1] INFO  server.RaftServerConfigKeys (ConfUtils.java:logGet(44)) - raft.server.log.purge.gap = 1000000 (custom)
2020-07-22 12:33:35,995 [pool-362-thread-1] INFO  metrics.RatisMetrics (RatisMetrics.java:lambda$create$0(36)) - Creating Metrics Registry : ratis.log_worker.13de87ee-83ad-45df-97c4-bee39bf390b1@group-8E549E931988
2020-07-22 12:33:35,995 [pool-362-thread-1] INFO  server.RaftServerConfigKeys (ConfUtils.java:logGet(44)) - raft.server.log.appender.buffer.byte-limit = 33554432 (custom)
2020-07-22 12:33:35,995 [pool-362-thread-1] INFO  server.RaftServerConfigKeys (ConfUtils.java:logGet(44)) - raft.server.log.segment.size.max = 1048576 (custom)
2020-07-22 12:33:35,996 [pool-362-thread-1] INFO  server.RaftServerConfigKeys (ConfUtils.java:logGet(44)) - raft.server.log.segment.cache.num.max = 2 (custom)
2020-07-22 12:33:35,996 [pool-362-thread-1] INFO  segmented.SegmentedRaftLogWorker (SegmentedRaftLogWorker.java:<init>(180)) - new 13de87ee-83ad-45df-97c4-bee39bf390b1@group-8E549E931988-SegmentedRaftLogWorker for RaftStorage:Storage Directory /github/workspace/mnt/ozone/hadoop-ozone/integration-test/target/test-dir/MiniOzoneClusterImpl-27133a7a-4276-4edb-aad9-b93835fdb948/datanode-1/data/ratis/46d9def9-d2a0-46be-8503-8e549e931988
2020-07-22 12:33:35,996 [pool-362-thread-1] INFO  server.RaftServerConfigKeys (ConfUtils.java:logGet(44)) - raft.server.log.queue.byte-limit = 2147483647 (custom)
2020-07-22 12:33:35,996 [pool-362-thread-1] INFO  server.RaftServerConfigKeys (ConfUtils.java:logGet(44)) - raft.server.log.queue.element-limit = 1024 (custom)
2020-07-22 12:33:35,996 [pool-362-thread-1] INFO  server.RaftServerConfigKeys (ConfUtils.java:logGet(44)) - raft.server.log.segment.size.max = 1048576 (custom)
2020-07-22 12:33:35,996 [pool-362-thread-1] INFO  server.RaftServerConfigKeys (ConfUtils.java:logGet(44)) - raft.server.log.preallocated.size = 16384 (custom)
2020-07-22 12:33:35,996 [pool-362-thread-1] INFO  server.RaftServerConfigKeys (ConfUtils.java:logGet(44)) - raft.server.log.write.buffer.size = 1048576 (custom)
2020-07-22 12:33:35,996 [pool-362-thread-1] INFO  server.RaftServerConfigKeys (ConfUtils.java:logGet(44)) - raft.server.log.force.sync.num = 128 (default)
2020-07-22 12:33:35,997 [pool-362-thread-1] INFO  server.RaftServerConfigKeys (ConfUtils.java:logGet(44)) - raft.server.log.statemachine.data.sync = true (default)
2020-07-22 12:33:35,997 [pool-362-thread-1] INFO  server.RaftServerConfigKeys (ConfUtils.java:logGet(44)) - raft.server.log.statemachine.data.sync.timeout = 10s (default)
2020-07-22 12:33:35,997 [pool-362-thread-1] INFO  server.RaftServerConfigKeys (ConfUtils.java:logGet(44)) - raft.server.log.statemachine.data.sync.timeout.retry = -1 (default)
2020-07-22 12:33:35,999 [pool-362-thread-1] INFO  server.RaftServerConfigKeys (ConfUtils.java:logGet(44)) - raft.server.log.statemachine.data.caching.enabled = true (custom)
2020-07-22 12:33:35,999 [pool-362-thread-1] INFO  segmented.SegmentedRaftLogWorker (SegmentedRaftLogWorker.java:lambda$new$0(129)) - 13de87ee-83ad-45df-97c4-bee39bf390b1@group-8E549E931988-SegmentedRaftLogWorker: flushIndex: setUnconditionally 0 -> -1
2020-07-22 12:33:35,999 [pool-362-thread-1] INFO  segmented.SegmentedRaftLogWorker (SegmentedRaftLogWorker.java:lambda$new$0(129)) - 13de87ee-83ad-45df-97c4-bee39bf390b1@group-8E549E931988-SegmentedRaftLogWorker: safeCacheEvictIndex: setUnconditionally 0 -> -1
2020-07-22 12:33:36,000 [pool-362-thread-1] INFO  server.RaftServerConfigKeys (ConfUtils.java:logGet(44)) - raft.server.snapshot.auto.trigger.enabled = true (custom)
2020-07-22 12:33:36,000 [pool-362-thread-1] INFO  server.RaftServerConfigKeys (ConfUtils.java:logGet(44)) - raft.server.snapshot.auto.trigger.threshold = 10000 (custom)
2020-07-22 12:33:36,000 [pool-362-thread-1] INFO  server.RaftServerConfigKeys (ConfUtils.java:logGet(44)) - raft.server.snapshot.retention.file.num = 5 (custom)
2020-07-22 12:33:36,000 [pool-362-thread-1] INFO  server.RaftServerConfigKeys (ConfUtils.java:logGet(44)) - raft.server.log.purge.upto.snapshot.index = false (default)
2020-07-22 12:33:36,000 [pool-362-thread-1] INFO  server.RaftServerConfigKeys (ConfUtils.java:logGet(44)) - raft.server.retrycache.expirytime = 600000ms (custom)
2020-07-22 12:33:36,000 [pool-362-thread-1] INFO  metrics.RatisMetrics (RatisMetrics.java:lambda$create$0(36)) - Creating Metrics Registry : ratis.leader_election.13de87ee-83ad-45df-97c4-bee39bf390b1@group-8E549E931988
2020-07-22 12:33:36,001 [pool-362-thread-1] INFO  metrics.RatisMetrics (RatisMetrics.java:lambda$create$0(36)) - Creating Metrics Registry : ratis.server.13de87ee-83ad-45df-97c4-bee39bf390b1@group-8E549E931988
2020-07-22 12:33:36,002 [pool-362-thread-1] INFO  impl.RaftServerImpl (RaftServerImpl.java:start(196)) - 13de87ee-83ad-45df-97c4-bee39bf390b1@group-8E549E931988: start as a follower, conf=-1: [1cc64804-5db2-44d9-9a87-fdc1313ba49d:172.17.0.2:40525, 13de87ee-83ad-45df-97c4-bee39bf390b1:172.17.0.2:42819, d5a0b463-2013-4be7-b2a9-4f4f38929cc0:172.17.0.2:40645], old=null
2020-07-22 12:33:36,002 [pool-362-thread-1] INFO  impl.RaftServerImpl (RaftServerImpl.java:setRole(185)) - 13de87ee-83ad-45df-97c4-bee39bf390b1@group-8E549E931988: changes role from      null to FOLLOWER at term 0 for startAsFollower
2020-07-22 12:33:36,002 [pool-362-thread-1] INFO  impl.RoleInfo (RoleInfo.java:updateAndGet(143)) - 13de87ee-83ad-45df-97c4-bee39bf390b1: start FollowerState
2020-07-22 12:33:36,002 [pool-362-thread-1] INFO  util.JmxRegister (JmxRegister.java:tryRegister(44)) - Successfully registered JMX Bean with object name Ratis:service=RaftServer,group=group-8E549E931988,id=13de87ee-83ad-45df-97c4-bee39bf390b1
2020-07-22 12:33:36,002 [pool-362-thread-1] INFO  metrics.RatisMetrics (RatisMetrics.java:lambda$create$0(36)) - Creating Metrics Registry : ratis.state_machine.13de87ee-83ad-45df-97c4-bee39bf390b1@group-8E549E931988
2020-07-22 12:33:36,013 [grpc-default-executor-1] INFO  impl.RaftServerProxy (RaftServerProxy.java:addNew(89)) - 1cc64804-5db2-44d9-9a87-fdc1313ba49d: addNew group-8E549E931988:[1cc64804-5db2-44d9-9a87-fdc1313ba49d:172.17.0.2:40525, 13de87ee-83ad-45df-97c4-bee39bf390b1:172.17.0.2:42819, d5a0b463-2013-4be7-b2a9-4f4f38929cc0:172.17.0.2:40645] returns group-8E549E931988:java.util.concurrent.CompletableFuture@298d7403[Not completed]
2020-07-22 12:33:36,015 [pool-377-thread-1] INFO  impl.RaftServerImpl (RaftServerImpl.java:<init>(107)) - 1cc64804-5db2-44d9-9a87-fdc1313ba49d: new RaftServerImpl for group-8E549E931988:[1cc64804-5db2-44d9-9a87-fdc1313ba49d:172.17.0.2:40525, 13de87ee-83ad-45df-97c4-bee39bf390b1:172.17.0.2:42819, d5a0b463-2013-4be7-b2a9-4f4f38929cc0:172.17.0.2:40645] with ContainerStateMachine:uninitialized
2020-07-22 12:33:36,015 [pool-377-thread-1] INFO  server.RaftServerConfigKeys (ConfUtils.java:logGet(44)) - raft.server.rpc.timeout.min = 5s (custom)
2020-07-22 12:33:36,015 [pool-377-thread-1] INFO  server.RaftServerConfigKeys (ConfUtils.java:logGet(44)) - raft.server.rpc.timeout.max = 5200ms (custom)
2020-07-22 12:33:36,015 [pool-377-thread-1] INFO  server.RaftServerConfigKeys (ConfUtils.java:logGet(44)) - raft.server.rpcslowness.timeout = 300000ms (custom)
2020-07-22 12:33:36,015 [pool-377-thread-1] INFO  server.RaftServerConfigKeys (ConfUtils.java:logGet(44)) - raft.server.sleep.deviation.threshold = 300 (default)
2020-07-22 12:33:36,015 [pool-377-thread-1] INFO  server.RaftServerConfigKeys (ConfUtils.java:logGet(44)) - raft.server.log.appender.install.snapshot.enabled = false (custom)
2020-07-22 12:33:36,015 [pool-377-thread-1] INFO  impl.RaftServerImpl (ServerState.java:<init>(103)) - 1cc64804-5db2-44d9-9a87-fdc1313ba49d@group-8E549E931988: ConfigurationManager, init=-1: [1cc64804-5db2-44d9-9a87-fdc1313ba49d:172.17.0.2:40525, 13de87ee-83ad-45df-97c4-bee39bf390b1:172.17.0.2:42819, d5a0b463-2013-4be7-b2a9-4f4f38929cc0:172.17.0.2:40645], old=null, confs=<EMPTY_MAP>
2020-07-22 12:33:36,015 [pool-377-thread-1] INFO  server.RaftServerConfigKeys (ConfUtils.java:logGet(44)) - raft.server.storage.dir = [/github/workspace/mnt/ozone/hadoop-ozone/integration-test/target/test-dir/MiniOzoneClusterImpl-27133a7a-4276-4edb-aad9-b93835fdb948/datanode-2/data/ratis] (custom)
2020-07-22 12:33:36,016 [pool-377-thread-1] INFO  server.RaftServerConfigKeys (ConfUtils.java:logGet(44)) - raft.server.log.corruption.policy = EXCEPTION (default)
2020-07-22 12:33:36,016 [pool-377-thread-1] INFO  storage.RaftStorageDirectory (RaftStorageDirectory.java:analyzeStorage(261)) - The storage directory /github/workspace/mnt/ozone/hadoop-ozone/integration-test/target/test-dir/MiniOzoneClusterImpl-27133a7a-4276-4edb-aad9-b93835fdb948/datanode-2/data/ratis/46d9def9-d2a0-46be-8503-8e549e931988 does not exist. Creating ...
2020-07-22 12:33:36,017 [pool-377-thread-1] INFO  storage.RaftStorageDirectory (RaftStorageDirectory.java:tryLock(343)) - Lock on /github/workspace/mnt/ozone/hadoop-ozone/integration-test/target/test-dir/MiniOzoneClusterImpl-27133a7a-4276-4edb-aad9-b93835fdb948/datanode-2/data/ratis/46d9def9-d2a0-46be-8503-8e549e931988/in_use.lock acquired by nodename 10747@c8d1cb744cae
2020-07-22 12:33:36,018 [pool-377-thread-1] INFO  storage.RaftStorage (RaftStorage.java:format(84)) - Storage directory /github/workspace/mnt/ozone/hadoop-ozone/integration-test/target/test-dir/MiniOzoneClusterImpl-27133a7a-4276-4edb-aad9-b93835fdb948/datanode-2/data/ratis/46d9def9-d2a0-46be-8503-8e549e931988 has been successfully formatted.
2020-07-22 12:33:36,020 [pool-377-thread-1] INFO  ratis.ContainerStateMachine (ContainerStateMachine.java:loadSnapshot(225)) - group-8E549E931988: The snapshot info is null. Setting the last applied indexto:(t:0, i:~)
2020-07-22 12:33:36,020 [pool-377-thread-1] INFO  server.RaftServerConfigKeys (ConfUtils.java:logGet(44)) - raft.server.notification.no-leader.timeout = 300000ms (custom)
2020-07-22 12:33:36,020 [pool-377-thread-1] INFO  server.RaftServerConfigKeys (ConfUtils.java:logGet(44)) - raft.server.log.use.memory = false (default)
2020-07-22 12:33:36,020 [pool-377-thread-1] INFO  server.RaftServerConfigKeys (ConfUtils.java:logGet(44)) - raft.server.log.purge.gap = 1000000 (custom)
2020-07-22 12:33:36,021 [pool-377-thread-1] INFO  metrics.RatisMetrics (RatisMetrics.java:lambda$create$0(36)) - Creating Metrics Registry : ratis.log_worker.1cc64804-5db2-44d9-9a87-fdc1313ba49d@group-8E549E931988
2020-07-22 12:33:36,022 [pool-377-thread-1] INFO  server.RaftServerConfigKeys (ConfUtils.java:logGet(44)) - raft.server.log.appender.buffer.byte-limit = 33554432 (custom)
2020-07-22 12:33:36,022 [pool-377-thread-1] INFO  server.RaftServerConfigKeys (ConfUtils.java:logGet(44)) - raft.server.log.segment.size.max = 1048576 (custom)
2020-07-22 12:33:36,022 [pool-377-thread-1] INFO  server.RaftServerConfigKeys (ConfUtils.java:logGet(44)) - raft.server.log.segment.cache.num.max = 2 (custom)
2020-07-22 12:33:36,022 [pool-377-thread-1] INFO  segmented.SegmentedRaftLogWorker (SegmentedRaftLogWorker.java:<init>(180)) - new 1cc64804-5db2-44d9-9a87-fdc1313ba49d@group-8E549E931988-SegmentedRaftLogWorker for RaftStorage:Storage Directory /github/workspace/mnt/ozone/hadoop-ozone/integration-test/target/test-dir/MiniOzoneClusterImpl-27133a7a-4276-4edb-aad9-b93835fdb948/datanode-2/data/ratis/46d9def9-d2a0-46be-8503-8e549e931988
2020-07-22 12:33:36,023 [pool-377-thread-1] INFO  server.RaftServerConfigKeys (ConfUtils.java:logGet(44)) - raft.server.log.queue.byte-limit = 2147483647 (custom)
2020-07-22 12:33:36,023 [pool-377-thread-1] INFO  server.RaftServerConfigKeys (ConfUtils.java:logGet(44)) - raft.server.log.queue.element-limit = 1024 (custom)
2020-07-22 12:33:36,023 [pool-377-thread-1] INFO  server.RaftServerConfigKeys (ConfUtils.java:logGet(44)) - raft.server.log.segment.size.max = 1048576 (custom)
2020-07-22 12:33:36,023 [pool-377-thread-1] INFO  server.RaftServerConfigKeys (ConfUtils.java:logGet(44)) - raft.server.log.preallocated.size = 16384 (custom)
2020-07-22 12:33:36,023 [pool-377-thread-1] INFO  server.RaftServerConfigKeys (ConfUtils.java:logGet(44)) - raft.server.log.write.buffer.size = 1048576 (custom)
2020-07-22 12:33:36,023 [pool-377-thread-1] INFO  server.RaftServerConfigKeys (ConfUtils.java:logGet(44)) - raft.server.log.force.sync.num = 128 (default)
2020-07-22 12:33:36,023 [pool-377-thread-1] INFO  server.RaftServerConfigKeys (ConfUtils.java:logGet(44)) - raft.server.log.statemachine.data.sync = true (default)
2020-07-22 12:33:36,023 [pool-377-thread-1] INFO  server.RaftServerConfigKeys (ConfUtils.java:logGet(44)) - raft.server.log.statemachine.data.sync.timeout = 10s (default)
2020-07-22 12:33:36,023 [pool-377-thread-1] INFO  server.RaftServerConfigKeys (ConfUtils.java:logGet(44)) - raft.server.log.statemachine.data.sync.timeout.retry = -1 (default)
2020-07-22 12:33:36,025 [pool-377-thread-1] INFO  server.RaftServerConfigKeys (ConfUtils.java:logGet(44)) - raft.server.log.statemachine.data.caching.enabled = true (custom)
2020-07-22 12:33:36,025 [pool-377-thread-1] INFO  segmented.SegmentedRaftLogWorker (SegmentedRaftLogWorker.java:lambda$new$0(129)) - 1cc64804-5db2-44d9-9a87-fdc1313ba49d@group-8E549E931988-SegmentedRaftLogWorker: flushIndex: setUnconditionally 0 -> -1
2020-07-22 12:33:36,025 [pool-377-thread-1] INFO  segmented.SegmentedRaftLogWorker (SegmentedRaftLogWorker.java:lambda$new$0(129)) - 1cc64804-5db2-44d9-9a87-fdc1313ba49d@group-8E549E931988-SegmentedRaftLogWorker: safeCacheEvictIndex: setUnconditionally 0 -> -1
2020-07-22 12:33:36,026 [pool-377-thread-1] INFO  server.RaftServerConfigKeys (ConfUtils.java:logGet(44)) - raft.server.snapshot.auto.trigger.enabled = true (custom)
2020-07-22 12:33:36,026 [pool-377-thread-1] INFO  server.RaftServerConfigKeys (ConfUtils.java:logGet(44)) - raft.server.snapshot.auto.trigger.threshold = 10000 (custom)
2020-07-22 12:33:36,026 [pool-377-thread-1] INFO  server.RaftServerConfigKeys (ConfUtils.java:logGet(44)) - raft.server.snapshot.retention.file.num = 5 (custom)
2020-07-22 12:33:36,026 [pool-377-thread-1] INFO  server.RaftServerConfigKeys (ConfUtils.java:logGet(44)) - raft.server.log.purge.upto.snapshot.index = false (default)
2020-07-22 12:33:36,026 [pool-377-thread-1] INFO  server.RaftServerConfigKeys (ConfUtils.java:logGet(44)) - raft.server.retrycache.expirytime = 600000ms (custom)
2020-07-22 12:33:36,026 [pool-377-thread-1] INFO  metrics.RatisMetrics (RatisMetrics.java:lambda$create$0(36)) - Creating Metrics Registry : ratis.leader_election.1cc64804-5db2-44d9-9a87-fdc1313ba49d@group-8E549E931988
2020-07-22 12:33:36,027 [pool-377-thread-1] INFO  metrics.RatisMetrics (RatisMetrics.java:lambda$create$0(36)) - Creating Metrics Registry : ratis.server.1cc64804-5db2-44d9-9a87-fdc1313ba49d@group-8E549E931988
2020-07-22 12:33:36,028 [pool-377-thread-1] INFO  impl.RaftServerImpl (RaftServerImpl.java:start(196)) - 1cc64804-5db2-44d9-9a87-fdc1313ba49d@group-8E549E931988: start as a follower, conf=-1: [1cc64804-5db2-44d9-9a87-fdc1313ba49d:172.17.0.2:40525, 13de87ee-83ad-45df-97c4-bee39bf390b1:172.17.0.2:42819, d5a0b463-2013-4be7-b2a9-4f4f38929cc0:172.17.0.2:40645], old=null
2020-07-22 12:33:36,028 [pool-377-thread-1] INFO  impl.RaftServerImpl (RaftServerImpl.java:setRole(185)) - 1cc64804-5db2-44d9-9a87-fdc1313ba49d@group-8E549E931988: changes role from      null to FOLLOWER at term 0 for startAsFollower
2020-07-22 12:33:36,028 [pool-377-thread-1] INFO  impl.RoleInfo (RoleInfo.java:updateAndGet(143)) - 1cc64804-5db2-44d9-9a87-fdc1313ba49d: start FollowerState
2020-07-22 12:33:36,028 [pool-377-thread-1] INFO  util.JmxRegister (JmxRegister.java:tryRegister(44)) - Successfully registered JMX Bean with object name Ratis:service=RaftServer,group=group-8E549E931988,id=1cc64804-5db2-44d9-9a87-fdc1313ba49d
2020-07-22 12:33:36,028 [pool-377-thread-1] INFO  metrics.RatisMetrics (RatisMetrics.java:lambda$create$0(36)) - Creating Metrics Registry : ratis.state_machine.1cc64804-5db2-44d9-9a87-fdc1313ba49d@group-8E549E931988
2020-07-22 12:33:36,032 [Command processor thread] INFO  commandhandler.CreatePipelineCommandHandler (CreatePipelineCommandHandler.java:handle(109)) - Created Pipeline RATIS THREE #id: "46d9def9-d2a0-46be-8503-8e549e931988"
uuid128 {
  mostSigBits: 5105356817163110078
  leastSigBits: -8862083147646166648
}
.
2020-07-22 12:33:36,047 [Command processor thread] INFO  impl.RaftServerProxy (RaftServerProxy.java:addNew(89)) - 13de87ee-83ad-45df-97c4-bee39bf390b1: addNew group-E289C143EDD1:[13de87ee-83ad-45df-97c4-bee39bf390b1:172.17.0.2:42819] returns group-E289C143EDD1:java.util.concurrent.CompletableFuture@5fb72c28[Not completed]
2020-07-22 12:33:36,048 [pool-362-thread-1] INFO  impl.RaftServerImpl (RaftServerImpl.java:<init>(107)) - 13de87ee-83ad-45df-97c4-bee39bf390b1: new RaftServerImpl for group-E289C143EDD1:[13de87ee-83ad-45df-97c4-bee39bf390b1:172.17.0.2:42819] with ContainerStateMachine:uninitialized
2020-07-22 12:33:36,048 [pool-362-thread-1] INFO  server.RaftServerConfigKeys (ConfUtils.java:logGet(44)) - raft.server.rpc.timeout.min = 5s (custom)
2020-07-22 12:33:36,048 [pool-362-thread-1] INFO  server.RaftServerConfigKeys (ConfUtils.java:logGet(44)) - raft.server.rpc.timeout.max = 5200ms (custom)
2020-07-22 12:33:36,048 [pool-362-thread-1] INFO  server.RaftServerConfigKeys (ConfUtils.java:logGet(44)) - raft.server.rpcslowness.timeout = 300000ms (custom)
2020-07-22 12:33:36,048 [pool-362-thread-1] INFO  server.RaftServerConfigKeys (ConfUtils.java:logGet(44)) - raft.server.sleep.deviation.threshold = 300 (default)
2020-07-22 12:33:36,048 [pool-362-thread-1] INFO  server.RaftServerConfigKeys (ConfUtils.java:logGet(44)) - raft.server.log.appender.install.snapshot.enabled = false (custom)
2020-07-22 12:33:36,048 [pool-362-thread-1] INFO  impl.RaftServerImpl (ServerState.java:<init>(103)) - 13de87ee-83ad-45df-97c4-bee39bf390b1@group-E289C143EDD1: ConfigurationManager, init=-1: [13de87ee-83ad-45df-97c4-bee39bf390b1:172.17.0.2:42819], old=null, confs=<EMPTY_MAP>
2020-07-22 12:33:36,049 [pool-362-thread-1] INFO  server.RaftServerConfigKeys (ConfUtils.java:logGet(44)) - raft.server.storage.dir = [/github/workspace/mnt/ozone/hadoop-ozone/integration-test/target/test-dir/MiniOzoneClusterImpl-27133a7a-4276-4edb-aad9-b93835fdb948/datanode-1/data/ratis] (custom)
2020-07-22 12:33:36,049 [pool-362-thread-1] INFO  server.RaftServerConfigKeys (ConfUtils.java:logGet(44)) - raft.server.log.corruption.policy = EXCEPTION (default)
2020-07-22 12:33:36,049 [pool-362-thread-1] INFO  storage.RaftStorageDirectory (RaftStorageDirectory.java:analyzeStorage(261)) - The storage directory /github/workspace/mnt/ozone/hadoop-ozone/integration-test/target/test-dir/MiniOzoneClusterImpl-27133a7a-4276-4edb-aad9-b93835fdb948/datanode-1/data/ratis/70f2ab6c-0473-4069-ba41-e289c143edd1 does not exist. Creating ...
2020-07-22 12:33:36,053 [pool-362-thread-1] INFO  storage.RaftStorageDirectory (RaftStorageDirectory.java:tryLock(343)) - Lock on /github/workspace/mnt/ozone/hadoop-ozone/integration-test/target/test-dir/MiniOzoneClusterImpl-27133a7a-4276-4edb-aad9-b93835fdb948/datanode-1/data/ratis/70f2ab6c-0473-4069-ba41-e289c143edd1/in_use.lock acquired by nodename 10747@c8d1cb744cae
2020-07-22 12:33:36,055 [pool-362-thread-1] INFO  storage.RaftStorage (RaftStorage.java:format(84)) - Storage directory /github/workspace/mnt/ozone/hadoop-ozone/integration-test/target/test-dir/MiniOzoneClusterImpl-27133a7a-4276-4edb-aad9-b93835fdb948/datanode-1/data/ratis/70f2ab6c-0473-4069-ba41-e289c143edd1 has been successfully formatted.
2020-07-22 12:33:36,056 [pool-362-thread-1] INFO  ratis.ContainerStateMachine (ContainerStateMachine.java:loadSnapshot(225)) - group-E289C143EDD1: The snapshot info is null. Setting the last applied indexto:(t:0, i:~)
2020-07-22 12:33:36,056 [EventQueue-PipelineReportForPipelineReportHandler] INFO  pipeline.PipelineStateManager (PipelineStateManager.java:openPipeline(131)) - Pipeline Pipeline[ Id: 70f2ab6c-0473-4069-ba41-e289c143edd1, Nodes: 13de87ee-83ad-45df-97c4-bee39bf390b1{ip: 172.17.0.2, host: c8d1cb744cae, networkLocation: /default-rack, certSerialId: null}, Type:RATIS, Factor:ONE, State:ALLOCATED, leaderId:13de87ee-83ad-45df-97c4-bee39bf390b1, CreationTimestamp2020-07-22T12:33:33.049Z] moved to OPEN state
2020-07-22 12:33:36,056 [EventQueue-OpenPipelineForOneReplicaPipelineSafeModeRule] INFO  safemode.SCMSafeModeManager (SCMSafeModeManager.java:validateSafeModeExitRules(214)) - AtleastOneDatanodeReportedRule rule is successfully validated
2020-07-22 12:33:36,056 [pool-362-thread-1] INFO  server.RaftServerConfigKeys (ConfUtils.java:logGet(44)) - raft.server.notification.no-leader.timeout = 300000ms (custom)
2020-07-22 12:33:36,056 [EventQueue-OpenPipelineForHealthyPipelineSafeModeRule] INFO  safemode.SCMSafeModeManager (HealthyPipelineSafeModeRule.java:process(129)) - SCM in safe mode. Healthy pipelines reported count is 0, required healthy pipeline reported count is 1
2020-07-22 12:33:36,057 [pool-362-thread-1] INFO  server.RaftServerConfigKeys (ConfUtils.java:logGet(44)) - raft.server.log.use.memory = false (default)
2020-07-22 12:33:36,057 [pool-362-thread-1] INFO  server.RaftServerConfigKeys (ConfUtils.java:logGet(44)) - raft.server.log.purge.gap = 1000000 (custom)
2020-07-22 12:33:36,057 [pool-362-thread-1] INFO  metrics.RatisMetrics (RatisMetrics.java:lambda$create$0(36)) - Creating Metrics Registry : ratis.log_worker.13de87ee-83ad-45df-97c4-bee39bf390b1@group-E289C143EDD1
2020-07-22 12:33:36,057 [pool-362-thread-1] INFO  server.RaftServerConfigKeys (ConfUtils.java:logGet(44)) - raft.server.log.appender.buffer.byte-limit = 33554432 (custom)
2020-07-22 12:33:36,057 [pool-362-thread-1] INFO  server.RaftServerConfigKeys (ConfUtils.java:logGet(44)) - raft.server.log.segment.size.max = 1048576 (custom)
2020-07-22 12:33:36,058 [pool-362-thread-1] INFO  server.RaftServerConfigKeys (ConfUtils.java:logGet(44)) - raft.server.log.segment.cache.num.max = 2 (custom)
2020-07-22 12:33:36,058 [pool-362-thread-1] INFO  segmented.SegmentedRaftLogWorker (SegmentedRaftLogWorker.java:<init>(180)) - new 13de87ee-83ad-45df-97c4-bee39bf390b1@group-E289C143EDD1-SegmentedRaftLogWorker for RaftStorage:Storage Directory /github/workspace/mnt/ozone/hadoop-ozone/integration-test/target/test-dir/MiniOzoneClusterImpl-27133a7a-4276-4edb-aad9-b93835fdb948/datanode-1/data/ratis/70f2ab6c-0473-4069-ba41-e289c143edd1
2020-07-22 12:33:36,058 [pool-362-thread-1] INFO  server.RaftServerConfigKeys (ConfUtils.java:logGet(44)) - raft.server.log.queue.byte-limit = 2147483647 (custom)
2020-07-22 12:33:36,058 [pool-362-thread-1] INFO  server.RaftServerConfigKeys (ConfUtils.java:logGet(44)) - raft.server.log.queue.element-limit = 1024 (custom)
2020-07-22 12:33:36,058 [pool-362-thread-1] INFO  server.RaftServerConfigKeys (ConfUtils.java:logGet(44)) - raft.server.log.segment.size.max = 1048576 (custom)
2020-07-22 12:33:36,058 [pool-362-thread-1] INFO  server.RaftServerConfigKeys (ConfUtils.java:logGet(44)) - raft.server.log.preallocated.size = 16384 (custom)
2020-07-22 12:33:36,058 [pool-362-thread-1] INFO  server.RaftServerConfigKeys (ConfUtils.java:logGet(44)) - raft.server.log.write.buffer.size = 1048576 (custom)
2020-07-22 12:33:36,058 [pool-362-thread-1] INFO  server.RaftServerConfigKeys (ConfUtils.java:logGet(44)) - raft.server.log.force.sync.num = 128 (default)
2020-07-22 12:33:36,058 [pool-362-thread-1] INFO  server.RaftServerConfigKeys (ConfUtils.java:logGet(44)) - raft.server.log.statemachine.data.sync = true (default)
2020-07-22 12:33:36,058 [pool-362-thread-1] INFO  server.RaftServerConfigKeys (ConfUtils.java:logGet(44)) - raft.server.log.statemachine.data.sync.timeout = 10s (default)
2020-07-22 12:33:36,059 [pool-362-thread-1] INFO  server.RaftServerConfigKeys (ConfUtils.java:logGet(44)) - raft.server.log.statemachine.data.sync.timeout.retry = -1 (default)
2020-07-22 12:33:36,061 [pool-362-thread-1] INFO  server.RaftServerConfigKeys (ConfUtils.java:logGet(44)) - raft.server.log.statemachine.data.caching.enabled = true (custom)
2020-07-22 12:33:36,061 [pool-362-thread-1] INFO  segmented.SegmentedRaftLogWorker (SegmentedRaftLogWorker.java:lambda$new$0(129)) - 13de87ee-83ad-45df-97c4-bee39bf390b1@group-E289C143EDD1-SegmentedRaftLogWorker: flushIndex: setUnconditionally 0 -> -1
2020-07-22 12:33:36,061 [pool-362-thread-1] INFO  segmented.SegmentedRaftLogWorker (SegmentedRaftLogWorker.java:lambda$new$0(129)) - 13de87ee-83ad-45df-97c4-bee39bf390b1@group-E289C143EDD1-SegmentedRaftLogWorker: safeCacheEvictIndex: setUnconditionally 0 -> -1
2020-07-22 12:33:36,061 [pool-362-thread-1] INFO  server.RaftServerConfigKeys (ConfUtils.java:logGet(44)) - raft.server.snapshot.auto.trigger.enabled = true (custom)
2020-07-22 12:33:36,061 [pool-362-thread-1] INFO  server.RaftServerConfigKeys (ConfUtils.java:logGet(44)) - raft.server.snapshot.auto.trigger.threshold = 10000 (custom)
2020-07-22 12:33:36,061 [pool-362-thread-1] INFO  server.RaftServerConfigKeys (ConfUtils.java:logGet(44)) - raft.server.snapshot.retention.file.num = 5 (custom)
2020-07-22 12:33:36,061 [pool-362-thread-1] INFO  server.RaftServerConfigKeys (ConfUtils.java:logGet(44)) - raft.server.log.purge.upto.snapshot.index = false (default)
2020-07-22 12:33:36,062 [pool-362-thread-1] INFO  server.RaftServerConfigKeys (ConfUtils.java:logGet(44)) - raft.server.retrycache.expirytime = 600000ms (custom)
2020-07-22 12:33:36,062 [pool-362-thread-1] INFO  metrics.RatisMetrics (RatisMetrics.java:lambda$create$0(36)) - Creating Metrics Registry : ratis.leader_election.13de87ee-83ad-45df-97c4-bee39bf390b1@group-E289C143EDD1
2020-07-22 12:33:36,062 [pool-362-thread-1] INFO  metrics.RatisMetrics (RatisMetrics.java:lambda$create$0(36)) - Creating Metrics Registry : ratis.server.13de87ee-83ad-45df-97c4-bee39bf390b1@group-E289C143EDD1
2020-07-22 12:33:36,063 [pool-362-thread-1] INFO  impl.RaftServerImpl (RaftServerImpl.java:start(196)) - 13de87ee-83ad-45df-97c4-bee39bf390b1@group-E289C143EDD1: start as a follower, conf=-1: [13de87ee-83ad-45df-97c4-bee39bf390b1:172.17.0.2:42819], old=null
2020-07-22 12:33:36,064 [pool-362-thread-1] INFO  impl.RaftServerImpl (RaftServerImpl.java:setRole(185)) - 13de87ee-83ad-45df-97c4-bee39bf390b1@group-E289C143EDD1: changes role from      null to FOLLOWER at term 0 for startAsFollower
2020-07-22 12:33:36,064 [pool-362-thread-1] INFO  impl.RoleInfo (RoleInfo.java:updateAndGet(143)) - 13de87ee-83ad-45df-97c4-bee39bf390b1: start FollowerState
2020-07-22 12:33:36,065 [pool-362-thread-1] INFO  util.JmxRegister (JmxRegister.java:tryRegister(44)) - Successfully registered JMX Bean with object name Ratis:service=RaftServer,group=group-E289C143EDD1,id=13de87ee-83ad-45df-97c4-bee39bf390b1
2020-07-22 12:33:36,065 [pool-362-thread-1] INFO  metrics.RatisMetrics (RatisMetrics.java:lambda$create$0(36)) - Creating Metrics Registry : ratis.state_machine.13de87ee-83ad-45df-97c4-bee39bf390b1@group-E289C143EDD1
2020-07-22 12:33:36,066 [Command processor thread] INFO  commandhandler.CreatePipelineCommandHandler (CreatePipelineCommandHandler.java:handle(109)) - Created Pipeline RATIS ONE #id: "70f2ab6c-0473-4069-ba41-e289c143edd1"
uuid128 {
  mostSigBits: 8138755957031387241
  leastSigBits: -5025486627887911471
}
.
2020-07-22 12:33:36,167 [Command processor thread] INFO  impl.RaftServerProxy (RaftServerProxy.java:addNew(89)) - 1cc64804-5db2-44d9-9a87-fdc1313ba49d: addNew group-52BF0BE3E4FD:[1cc64804-5db2-44d9-9a87-fdc1313ba49d:172.17.0.2:40525] returns group-52BF0BE3E4FD:java.util.concurrent.CompletableFuture@159f9708[Not completed]
2020-07-22 12:33:36,167 [pool-377-thread-1] INFO  impl.RaftServerImpl (RaftServerImpl.java:<init>(107)) - 1cc64804-5db2-44d9-9a87-fdc1313ba49d: new RaftServerImpl for group-52BF0BE3E4FD:[1cc64804-5db2-44d9-9a87-fdc1313ba49d:172.17.0.2:40525] with ContainerStateMachine:uninitialized
2020-07-22 12:33:36,168 [pool-377-thread-1] INFO  server.RaftServerConfigKeys (ConfUtils.java:logGet(44)) - raft.server.rpc.timeout.min = 5s (custom)
2020-07-22 12:33:36,168 [pool-377-thread-1] INFO  server.RaftServerConfigKeys (ConfUtils.java:logGet(44)) - raft.server.rpc.timeout.max = 5200ms (custom)
2020-07-22 12:33:36,168 [pool-377-thread-1] INFO  server.RaftServerConfigKeys (ConfUtils.java:logGet(44)) - raft.server.rpcslowness.timeout = 300000ms (custom)
2020-07-22 12:33:36,168 [pool-377-thread-1] INFO  server.RaftServerConfigKeys (ConfUtils.java:logGet(44)) - raft.server.sleep.deviation.threshold = 300 (default)
2020-07-22 12:33:36,168 [pool-377-thread-1] INFO  server.RaftServerConfigKeys (ConfUtils.java:logGet(44)) - raft.server.log.appender.install.snapshot.enabled = false (custom)
2020-07-22 12:33:36,168 [pool-377-thread-1] INFO  impl.RaftServerImpl (ServerState.java:<init>(103)) - 1cc64804-5db2-44d9-9a87-fdc1313ba49d@group-52BF0BE3E4FD: ConfigurationManager, init=-1: [1cc64804-5db2-44d9-9a87-fdc1313ba49d:172.17.0.2:40525], old=null, confs=<EMPTY_MAP>
2020-07-22 12:33:36,168 [pool-377-thread-1] INFO  server.RaftServerConfigKeys (ConfUtils.java:logGet(44)) - raft.server.storage.dir = [/github/workspace/mnt/ozone/hadoop-ozone/integration-test/target/test-dir/MiniOzoneClusterImpl-27133a7a-4276-4edb-aad9-b93835fdb948/datanode-2/data/ratis] (custom)
2020-07-22 12:33:36,168 [pool-377-thread-1] INFO  server.RaftServerConfigKeys (ConfUtils.java:logGet(44)) - raft.server.log.corruption.policy = EXCEPTION (default)
2020-07-22 12:33:36,168 [pool-377-thread-1] INFO  storage.RaftStorageDirectory (RaftStorageDirectory.java:analyzeStorage(261)) - The storage directory /github/workspace/mnt/ozone/hadoop-ozone/integration-test/target/test-dir/MiniOzoneClusterImpl-27133a7a-4276-4edb-aad9-b93835fdb948/datanode-2/data/ratis/b5a02f61-6181-4649-a7f1-52bf0be3e4fd does not exist. Creating ...
2020-07-22 12:33:36,170 [pool-377-thread-1] INFO  storage.RaftStorageDirectory (RaftStorageDirectory.java:tryLock(343)) - Lock on /github/workspace/mnt/ozone/hadoop-ozone/integration-test/target/test-dir/MiniOzoneClusterImpl-27133a7a-4276-4edb-aad9-b93835fdb948/datanode-2/data/ratis/b5a02f61-6181-4649-a7f1-52bf0be3e4fd/in_use.lock acquired by nodename 10747@c8d1cb744cae
2020-07-22 12:33:36,171 [pool-377-thread-1] INFO  storage.RaftStorage (RaftStorage.java:format(84)) - Storage directory /github/workspace/mnt/ozone/hadoop-ozone/integration-test/target/test-dir/MiniOzoneClusterImpl-27133a7a-4276-4edb-aad9-b93835fdb948/datanode-2/data/ratis/b5a02f61-6181-4649-a7f1-52bf0be3e4fd has been successfully formatted.
2020-07-22 12:33:36,171 [pool-377-thread-1] INFO  ratis.ContainerStateMachine (ContainerStateMachine.java:loadSnapshot(225)) - group-52BF0BE3E4FD: The snapshot info is null. Setting the last applied indexto:(t:0, i:~)
2020-07-22 12:33:36,171 [pool-377-thread-1] INFO  server.RaftServerConfigKeys (ConfUtils.java:logGet(44)) - raft.server.notification.no-leader.timeout = 300000ms (custom)
2020-07-22 12:33:36,171 [pool-377-thread-1] INFO  server.RaftServerConfigKeys (ConfUtils.java:logGet(44)) - raft.server.log.use.memory = false (default)
2020-07-22 12:33:36,171 [pool-377-thread-1] INFO  server.RaftServerConfigKeys (ConfUtils.java:logGet(44)) - raft.server.log.purge.gap = 1000000 (custom)
2020-07-22 12:33:36,171 [pool-377-thread-1] INFO  metrics.RatisMetrics (RatisMetrics.java:lambda$create$0(36)) - Creating Metrics Registry : ratis.log_worker.1cc64804-5db2-44d9-9a87-fdc1313ba49d@group-52BF0BE3E4FD
2020-07-22 12:33:36,172 [pool-377-thread-1] INFO  server.RaftServerConfigKeys (ConfUtils.java:logGet(44)) - raft.server.log.appender.buffer.byte-limit = 33554432 (custom)
2020-07-22 12:33:36,172 [pool-377-thread-1] INFO  server.RaftServerConfigKeys (ConfUtils.java:logGet(44)) - raft.server.log.segment.size.max = 1048576 (custom)
2020-07-22 12:33:36,172 [EventQueue-PipelineReportForPipelineReportHandler] INFO  pipeline.PipelineStateManager (PipelineStateManager.java:openPipeline(131)) - Pipeline Pipeline[ Id: b5a02f61-6181-4649-a7f1-52bf0be3e4fd, Nodes: 1cc64804-5db2-44d9-9a87-fdc1313ba49d{ip: 172.17.0.2, host: c8d1cb744cae, networkLocation: /default-rack, certSerialId: null}, Type:RATIS, Factor:ONE, State:ALLOCATED, leaderId:1cc64804-5db2-44d9-9a87-fdc1313ba49d, CreationTimestamp2020-07-22T12:33:33.168Z] moved to OPEN state
2020-07-22 12:33:36,172 [EventQueue-OpenPipelineForHealthyPipelineSafeModeRule] INFO  safemode.SCMSafeModeManager (HealthyPipelineSafeModeRule.java:process(129)) - SCM in safe mode. Healthy pipelines reported count is 0, required healthy pipeline reported count is 1
2020-07-22 12:33:36,174 [EventQueue-OpenPipelineForOneReplicaPipelineSafeModeRule] INFO  safemode.SCMSafeModeManager (SCMSafeModeManager.java:validateSafeModeExitRules(214)) - AtleastOneDatanodeReportedRule rule is successfully validated
2020-07-22 12:33:36,174 [pool-377-thread-1] INFO  server.RaftServerConfigKeys (ConfUtils.java:logGet(44)) - raft.server.log.segment.cache.num.max = 2 (custom)
2020-07-22 12:33:36,175 [pool-377-thread-1] INFO  segmented.SegmentedRaftLogWorker (SegmentedRaftLogWorker.java:<init>(180)) - new 1cc64804-5db2-44d9-9a87-fdc1313ba49d@group-52BF0BE3E4FD-SegmentedRaftLogWorker for RaftStorage:Storage Directory /github/workspace/mnt/ozone/hadoop-ozone/integration-test/target/test-dir/MiniOzoneClusterImpl-27133a7a-4276-4edb-aad9-b93835fdb948/datanode-2/data/ratis/b5a02f61-6181-4649-a7f1-52bf0be3e4fd
2020-07-22 12:33:36,175 [pool-377-thread-1] INFO  server.RaftServerConfigKeys (ConfUtils.java:logGet(44)) - raft.server.log.queue.byte-limit = 2147483647 (custom)
2020-07-22 12:33:36,175 [pool-377-thread-1] INFO  server.RaftServerConfigKeys (ConfUtils.java:logGet(44)) - raft.server.log.queue.element-limit = 1024 (custom)
2020-07-22 12:33:36,175 [pool-377-thread-1] INFO  server.RaftServerConfigKeys (ConfUtils.java:logGet(44)) - raft.server.log.segment.size.max = 1048576 (custom)
2020-07-22 12:33:36,175 [pool-377-thread-1] INFO  server.RaftServerConfigKeys (ConfUtils.java:logGet(44)) - raft.server.log.preallocated.size = 16384 (custom)
2020-07-22 12:33:36,175 [pool-377-thread-1] INFO  server.RaftServerConfigKeys (ConfUtils.java:logGet(44)) - raft.server.log.write.buffer.size = 1048576 (custom)
2020-07-22 12:33:36,175 [pool-377-thread-1] INFO  server.RaftServerConfigKeys (ConfUtils.java:logGet(44)) - raft.server.log.force.sync.num = 128 (default)
2020-07-22 12:33:36,175 [pool-377-thread-1] INFO  server.RaftServerConfigKeys (ConfUtils.java:logGet(44)) - raft.server.log.statemachine.data.sync = true (default)
2020-07-22 12:33:36,175 [pool-377-thread-1] INFO  server.RaftServerConfigKeys (ConfUtils.java:logGet(44)) - raft.server.log.statemachine.data.sync.timeout = 10s (default)
2020-07-22 12:33:36,175 [pool-377-thread-1] INFO  server.RaftServerConfigKeys (ConfUtils.java:logGet(44)) - raft.server.log.statemachine.data.sync.timeout.retry = -1 (default)
2020-07-22 12:33:36,178 [pool-377-thread-1] INFO  server.RaftServerConfigKeys (ConfUtils.java:logGet(44)) - raft.server.log.statemachine.data.caching.enabled = true (custom)
2020-07-22 12:33:36,179 [pool-377-thread-1] INFO  segmented.SegmentedRaftLogWorker (SegmentedRaftLogWorker.java:lambda$new$0(129)) - 1cc64804-5db2-44d9-9a87-fdc1313ba49d@group-52BF0BE3E4FD-SegmentedRaftLogWorker: flushIndex: setUnconditionally 0 -> -1
2020-07-22 12:33:36,179 [pool-377-thread-1] INFO  segmented.SegmentedRaftLogWorker (SegmentedRaftLogWorker.java:lambda$new$0(129)) - 1cc64804-5db2-44d9-9a87-fdc1313ba49d@group-52BF0BE3E4FD-SegmentedRaftLogWorker: safeCacheEvictIndex: setUnconditionally 0 -> -1
2020-07-22 12:33:36,179 [pool-377-thread-1] INFO  server.RaftServerConfigKeys (ConfUtils.java:logGet(44)) - raft.server.snapshot.auto.trigger.enabled = true (custom)
2020-07-22 12:33:36,179 [pool-377-thread-1] INFO  server.RaftServerConfigKeys (ConfUtils.java:logGet(44)) - raft.server.snapshot.auto.trigger.threshold = 10000 (custom)
2020-07-22 12:33:36,179 [pool-377-thread-1] INFO  server.RaftServerConfigKeys (ConfUtils.java:logGet(44)) - raft.server.snapshot.retention.file.num = 5 (custom)
2020-07-22 12:33:36,179 [pool-377-thread-1] INFO  server.RaftServerConfigKeys (ConfUtils.java:logGet(44)) - raft.server.log.purge.upto.snapshot.index = false (default)
2020-07-22 12:33:36,179 [pool-377-thread-1] INFO  server.RaftServerConfigKeys (ConfUtils.java:logGet(44)) - raft.server.retrycache.expirytime = 600000ms (custom)
2020-07-22 12:33:36,179 [pool-377-thread-1] INFO  metrics.RatisMetrics (RatisMetrics.java:lambda$create$0(36)) - Creating Metrics Registry : ratis.leader_election.1cc64804-5db2-44d9-9a87-fdc1313ba49d@group-52BF0BE3E4FD
2020-07-22 12:33:36,230 [pool-377-thread-1] INFO  metrics.RatisMetrics (RatisMetrics.java:lambda$create$0(36)) - Creating Metrics Registry : ratis.server.1cc64804-5db2-44d9-9a87-fdc1313ba49d@group-52BF0BE3E4FD
2020-07-22 12:33:36,253 [pool-377-thread-1] INFO  impl.RaftServerImpl (RaftServerImpl.java:start(196)) - 1cc64804-5db2-44d9-9a87-fdc1313ba49d@group-52BF0BE3E4FD: start as a follower, conf=-1: [1cc64804-5db2-44d9-9a87-fdc1313ba49d:172.17.0.2:40525], old=null
2020-07-22 12:33:36,253 [pool-377-thread-1] INFO  impl.RaftServerImpl (RaftServerImpl.java:setRole(185)) - 1cc64804-5db2-44d9-9a87-fdc1313ba49d@group-52BF0BE3E4FD: changes role from      null to FOLLOWER at term 0 for startAsFollower
2020-07-22 12:33:36,253 [pool-377-thread-1] INFO  impl.RoleInfo (RoleInfo.java:updateAndGet(143)) - 1cc64804-5db2-44d9-9a87-fdc1313ba49d: start FollowerState
2020-07-22 12:33:36,253 [pool-377-thread-1] INFO  util.JmxRegister (JmxRegister.java:tryRegister(44)) - Successfully registered JMX Bean with object name Ratis:service=RaftServer,group=group-52BF0BE3E4FD,id=1cc64804-5db2-44d9-9a87-fdc1313ba49d
2020-07-22 12:33:36,253 [pool-377-thread-1] INFO  metrics.RatisMetrics (RatisMetrics.java:lambda$create$0(36)) - Creating Metrics Registry : ratis.state_machine.1cc64804-5db2-44d9-9a87-fdc1313ba49d@group-52BF0BE3E4FD
2020-07-22 12:33:36,254 [Command processor thread] INFO  commandhandler.CreatePipelineCommandHandler (CreatePipelineCommandHandler.java:handle(109)) - Created Pipeline RATIS ONE #id: "b5a02f61-6181-4649-a7f1-52bf0be3e4fd"
uuid128 {
  mostSigBits: -5359231461276694967
  leastSigBits: -6345199419496602371
}
.
2020-07-22 12:33:36,300 [Command processor thread] INFO  impl.RaftServerProxy (RaftServerProxy.java:addNew(89)) - 48b67410-02a7-4c3c-a008-f346ec25aee5: addNew group-66379B4596B2:[48b67410-02a7-4c3c-a008-f346ec25aee5:172.17.0.2:43115] returns group-66379B4596B2:java.util.concurrent.CompletableFuture@22410886[Not completed]
2020-07-22 12:33:36,301 [pool-392-thread-1] INFO  impl.RaftServerImpl (RaftServerImpl.java:<init>(107)) - 48b67410-02a7-4c3c-a008-f346ec25aee5: new RaftServerImpl for group-66379B4596B2:[48b67410-02a7-4c3c-a008-f346ec25aee5:172.17.0.2:43115] with ContainerStateMachine:uninitialized
2020-07-22 12:33:36,301 [pool-392-thread-1] INFO  server.RaftServerConfigKeys (ConfUtils.java:logGet(44)) - raft.server.rpc.timeout.min = 5s (custom)
2020-07-22 12:33:36,301 [pool-392-thread-1] INFO  server.RaftServerConfigKeys (ConfUtils.java:logGet(44)) - raft.server.rpc.timeout.max = 5200ms (custom)
2020-07-22 12:33:36,301 [pool-392-thread-1] INFO  server.RaftServerConfigKeys (ConfUtils.java:logGet(44)) - raft.server.rpcslowness.timeout = 300000ms (custom)
2020-07-22 12:33:36,301 [pool-392-thread-1] INFO  server.RaftServerConfigKeys (ConfUtils.java:logGet(44)) - raft.server.sleep.deviation.threshold = 300 (default)
2020-07-22 12:33:36,302 [pool-392-thread-1] INFO  server.RaftServerConfigKeys (ConfUtils.java:logGet(44)) - raft.server.log.appender.install.snapshot.enabled = false (custom)
2020-07-22 12:33:36,302 [pool-392-thread-1] INFO  impl.RaftServerImpl (ServerState.java:<init>(103)) - 48b67410-02a7-4c3c-a008-f346ec25aee5@group-66379B4596B2: ConfigurationManager, init=-1: [48b67410-02a7-4c3c-a008-f346ec25aee5:172.17.0.2:43115], old=null, confs=<EMPTY_MAP>
2020-07-22 12:33:36,302 [pool-392-thread-1] INFO  server.RaftServerConfigKeys (ConfUtils.java:logGet(44)) - raft.server.storage.dir = [/github/workspace/mnt/ozone/hadoop-ozone/integration-test/target/test-dir/MiniOzoneClusterImpl-27133a7a-4276-4edb-aad9-b93835fdb948/datanode-3/data/ratis] (custom)
2020-07-22 12:33:36,302 [pool-392-thread-1] INFO  server.RaftServerConfigKeys (ConfUtils.java:logGet(44)) - raft.server.log.corruption.policy = EXCEPTION (default)
2020-07-22 12:33:36,302 [pool-392-thread-1] INFO  storage.RaftStorageDirectory (RaftStorageDirectory.java:analyzeStorage(261)) - The storage directory /github/workspace/mnt/ozone/hadoop-ozone/integration-test/target/test-dir/MiniOzoneClusterImpl-27133a7a-4276-4edb-aad9-b93835fdb948/datanode-3/data/ratis/17745301-e484-4fd4-bdd9-66379b4596b2 does not exist. Creating ...
2020-07-22 12:33:36,303 [pool-392-thread-1] INFO  storage.RaftStorageDirectory (RaftStorageDirectory.java:tryLock(343)) - Lock on /github/workspace/mnt/ozone/hadoop-ozone/integration-test/target/test-dir/MiniOzoneClusterImpl-27133a7a-4276-4edb-aad9-b93835fdb948/datanode-3/data/ratis/17745301-e484-4fd4-bdd9-66379b4596b2/in_use.lock acquired by nodename 10747@c8d1cb744cae
2020-07-22 12:33:36,304 [pool-392-thread-1] INFO  storage.RaftStorage (RaftStorage.java:format(84)) - Storage directory /github/workspace/mnt/ozone/hadoop-ozone/integration-test/target/test-dir/MiniOzoneClusterImpl-27133a7a-4276-4edb-aad9-b93835fdb948/datanode-3/data/ratis/17745301-e484-4fd4-bdd9-66379b4596b2 has been successfully formatted.
2020-07-22 12:33:36,307 [pool-392-thread-1] INFO  ratis.ContainerStateMachine (ContainerStateMachine.java:loadSnapshot(225)) - group-66379B4596B2: The snapshot info is null. Setting the last applied indexto:(t:0, i:~)
2020-07-22 12:33:36,307 [pool-392-thread-1] INFO  server.RaftServerConfigKeys (ConfUtils.java:logGet(44)) - raft.server.notification.no-leader.timeout = 300000ms (custom)
2020-07-22 12:33:36,307 [EventQueue-PipelineReportForPipelineReportHandler] INFO  pipeline.PipelineStateManager (PipelineStateManager.java:openPipeline(131)) - Pipeline Pipeline[ Id: 17745301-e484-4fd4-bdd9-66379b4596b2, Nodes: 48b67410-02a7-4c3c-a008-f346ec25aee5{ip: 172.17.0.2, host: c8d1cb744cae, networkLocation: /default-rack, certSerialId: null}, Type:RATIS, Factor:ONE, State:ALLOCATED, leaderId:48b67410-02a7-4c3c-a008-f346ec25aee5, CreationTimestamp2020-07-22T12:33:33.303Z] moved to OPEN state
2020-07-22 12:33:36,307 [pool-392-thread-1] INFO  server.RaftServerConfigKeys (ConfUtils.java:logGet(44)) - raft.server.log.use.memory = false (default)
2020-07-22 12:33:36,308 [pool-392-thread-1] INFO  server.RaftServerConfigKeys (ConfUtils.java:logGet(44)) - raft.server.log.purge.gap = 1000000 (custom)
2020-07-22 12:33:36,308 [pool-392-thread-1] INFO  metrics.RatisMetrics (RatisMetrics.java:lambda$create$0(36)) - Creating Metrics Registry : ratis.log_worker.48b67410-02a7-4c3c-a008-f346ec25aee5@group-66379B4596B2
2020-07-22 12:33:36,308 [EventQueue-OpenPipelineForOneReplicaPipelineSafeModeRule] INFO  safemode.SCMSafeModeManager (SCMSafeModeManager.java:validateSafeModeExitRules(214)) - AtleastOneDatanodeReportedRule rule is successfully validated
2020-07-22 12:33:36,308 [EventQueue-OpenPipelineForHealthyPipelineSafeModeRule] INFO  safemode.SCMSafeModeManager (HealthyPipelineSafeModeRule.java:process(129)) - SCM in safe mode. Healthy pipelines reported count is 0, required healthy pipeline reported count is 1
2020-07-22 12:33:36,308 [pool-392-thread-1] INFO  server.RaftServerConfigKeys (ConfUtils.java:logGet(44)) - raft.server.log.appender.buffer.byte-limit = 33554432 (custom)
2020-07-22 12:33:36,308 [pool-392-thread-1] INFO  server.RaftServerConfigKeys (ConfUtils.java:logGet(44)) - raft.server.log.segment.size.max = 1048576 (custom)
2020-07-22 12:33:36,309 [pool-392-thread-1] INFO  server.RaftServerConfigKeys (ConfUtils.java:logGet(44)) - raft.server.log.segment.cache.num.max = 2 (custom)
2020-07-22 12:33:36,309 [pool-392-thread-1] INFO  segmented.SegmentedRaftLogWorker (SegmentedRaftLogWorker.java:<init>(180)) - new 48b67410-02a7-4c3c-a008-f346ec25aee5@group-66379B4596B2-SegmentedRaftLogWorker for RaftStorage:Storage Directory /github/workspace/mnt/ozone/hadoop-ozone/integration-test/target/test-dir/MiniOzoneClusterImpl-27133a7a-4276-4edb-aad9-b93835fdb948/datanode-3/data/ratis/17745301-e484-4fd4-bdd9-66379b4596b2
2020-07-22 12:33:36,309 [pool-392-thread-1] INFO  server.RaftServerConfigKeys (ConfUtils.java:logGet(44)) - raft.server.log.queue.byte-limit = 2147483647 (custom)
2020-07-22 12:33:36,309 [pool-392-thread-1] INFO  server.RaftServerConfigKeys (ConfUtils.java:logGet(44)) - raft.server.log.queue.element-limit = 1024 (custom)
2020-07-22 12:33:36,309 [pool-392-thread-1] INFO  server.RaftServerConfigKeys (ConfUtils.java:logGet(44)) - raft.server.log.segment.size.max = 1048576 (custom)
2020-07-22 12:33:36,309 [pool-392-thread-1] INFO  server.RaftServerConfigKeys (ConfUtils.java:logGet(44)) - raft.server.log.preallocated.size = 16384 (custom)
2020-07-22 12:33:36,309 [pool-392-thread-1] INFO  server.RaftServerConfigKeys (ConfUtils.java:logGet(44)) - raft.server.log.write.buffer.size = 1048576 (custom)
2020-07-22 12:33:36,309 [pool-392-thread-1] INFO  server.RaftServerConfigKeys (ConfUtils.java:logGet(44)) - raft.server.log.force.sync.num = 128 (default)
2020-07-22 12:33:36,309 [pool-392-thread-1] INFO  server.RaftServerConfigKeys (ConfUtils.java:logGet(44)) - raft.server.log.statemachine.data.sync = true (default)
2020-07-22 12:33:36,309 [pool-392-thread-1] INFO  server.RaftServerConfigKeys (ConfUtils.java:logGet(44)) - raft.server.log.statemachine.data.sync.timeout = 10s (default)
2020-07-22 12:33:36,309 [pool-392-thread-1] INFO  server.RaftServerConfigKeys (ConfUtils.java:logGet(44)) - raft.server.log.statemachine.data.sync.timeout.retry = -1 (default)
2020-07-22 12:33:36,311 [pool-392-thread-1] INFO  server.RaftServerConfigKeys (ConfUtils.java:logGet(44)) - raft.server.log.statemachine.data.caching.enabled = true (custom)
2020-07-22 12:33:36,312 [pool-392-thread-1] INFO  segmented.SegmentedRaftLogWorker (SegmentedRaftLogWorker.java:lambda$new$0(129)) - 48b67410-02a7-4c3c-a008-f346ec25aee5@group-66379B4596B2-SegmentedRaftLogWorker: flushIndex: setUnconditionally 0 -> -1
2020-07-22 12:33:36,312 [pool-392-thread-1] INFO  segmented.SegmentedRaftLogWorker (SegmentedRaftLogWorker.java:lambda$new$0(129)) - 48b67410-02a7-4c3c-a008-f346ec25aee5@group-66379B4596B2-SegmentedRaftLogWorker: safeCacheEvictIndex: setUnconditionally 0 -> -1
2020-07-22 12:33:36,320 [pool-392-thread-1] INFO  server.RaftServerConfigKeys (ConfUtils.java:logGet(44)) - raft.server.snapshot.auto.trigger.enabled = true (custom)
2020-07-22 12:33:36,320 [pool-392-thread-1] INFO  server.RaftServerConfigKeys (ConfUtils.java:logGet(44)) - raft.server.snapshot.auto.trigger.threshold = 10000 (custom)
2020-07-22 12:33:36,320 [pool-392-thread-1] INFO  server.RaftServerConfigKeys (ConfUtils.java:logGet(44)) - raft.server.snapshot.retention.file.num = 5 (custom)
2020-07-22 12:33:36,320 [pool-392-thread-1] INFO  server.RaftServerConfigKeys (ConfUtils.java:logGet(44)) - raft.server.log.purge.upto.snapshot.index = false (default)
2020-07-22 12:33:36,320 [pool-392-thread-1] INFO  server.RaftServerConfigKeys (ConfUtils.java:logGet(44)) - raft.server.retrycache.expirytime = 600000ms (custom)
2020-07-22 12:33:36,320 [pool-392-thread-1] INFO  metrics.RatisMetrics (RatisMetrics.java:lambda$create$0(36)) - Creating Metrics Registry : ratis.leader_election.48b67410-02a7-4c3c-a008-f346ec25aee5@group-66379B4596B2
2020-07-22 12:33:36,321 [pool-392-thread-1] INFO  metrics.RatisMetrics (RatisMetrics.java:lambda$create$0(36)) - Creating Metrics Registry : ratis.server.48b67410-02a7-4c3c-a008-f346ec25aee5@group-66379B4596B2
2020-07-22 12:33:36,322 [pool-392-thread-1] INFO  impl.RaftServerImpl (RaftServerImpl.java:start(196)) - 48b67410-02a7-4c3c-a008-f346ec25aee5@group-66379B4596B2: start as a follower, conf=-1: [48b67410-02a7-4c3c-a008-f346ec25aee5:172.17.0.2:43115], old=null
2020-07-22 12:33:36,322 [pool-392-thread-1] INFO  impl.RaftServerImpl (RaftServerImpl.java:setRole(185)) - 48b67410-02a7-4c3c-a008-f346ec25aee5@group-66379B4596B2: changes role from      null to FOLLOWER at term 0 for startAsFollower
2020-07-22 12:33:36,322 [pool-392-thread-1] INFO  impl.RoleInfo (RoleInfo.java:updateAndGet(143)) - 48b67410-02a7-4c3c-a008-f346ec25aee5: start FollowerState
2020-07-22 12:33:36,323 [pool-392-thread-1] INFO  util.JmxRegister (JmxRegister.java:tryRegister(44)) - Successfully registered JMX Bean with object name Ratis:service=RaftServer,group=group-66379B4596B2,id=48b67410-02a7-4c3c-a008-f346ec25aee5
2020-07-22 12:33:36,323 [pool-392-thread-1] INFO  metrics.RatisMetrics (RatisMetrics.java:lambda$create$0(36)) - Creating Metrics Registry : ratis.state_machine.48b67410-02a7-4c3c-a008-f346ec25aee5@group-66379B4596B2
2020-07-22 12:33:36,324 [Command processor thread] INFO  commandhandler.CreatePipelineCommandHandler (CreatePipelineCommandHandler.java:handle(109)) - Created Pipeline RATIS ONE #id: "17745301-e484-4fd4-bdd9-66379b4596b2"
uuid128 {
  mostSigBits: 1690067027764727764
  leastSigBits: -4766666341580695886
}
.
2020-07-22 12:33:36,324 [Command processor thread] INFO  impl.RaftServerProxy (RaftServerProxy.java:addNew(89)) - 48b67410-02a7-4c3c-a008-f346ec25aee5: addNew group-992D786A5571:[cbf3b94c-a31f-438c-8480-20d914ac9d1c:172.17.0.2:36295, 48b67410-02a7-4c3c-a008-f346ec25aee5:172.17.0.2:43115, d6264bd5-628b-4389-82c0-e2589ee55aba:172.17.0.2:46661] returns group-992D786A5571:java.util.concurrent.CompletableFuture@267e8816[Not completed]
2020-07-22 12:33:36,325 [pool-392-thread-1] INFO  impl.RaftServerImpl (RaftServerImpl.java:<init>(107)) - 48b67410-02a7-4c3c-a008-f346ec25aee5: new RaftServerImpl for group-992D786A5571:[cbf3b94c-a31f-438c-8480-20d914ac9d1c:172.17.0.2:36295, 48b67410-02a7-4c3c-a008-f346ec25aee5:172.17.0.2:43115, d6264bd5-628b-4389-82c0-e2589ee55aba:172.17.0.2:46661] with ContainerStateMachine:uninitialized
2020-07-22 12:33:36,325 [pool-392-thread-1] INFO  server.RaftServerConfigKeys (ConfUtils.java:logGet(44)) - raft.server.rpc.timeout.min = 5s (custom)
2020-07-22 12:33:36,325 [pool-392-thread-1] INFO  server.RaftServerConfigKeys (ConfUtils.java:logGet(44)) - raft.server.rpc.timeout.max = 5200ms (custom)
2020-07-22 12:33:36,325 [pool-392-thread-1] INFO  server.RaftServerConfigKeys (ConfUtils.java:logGet(44)) - raft.server.rpcslowness.timeout = 300000ms (custom)
2020-07-22 12:33:36,325 [pool-392-thread-1] INFO  server.RaftServerConfigKeys (ConfUtils.java:logGet(44)) - raft.server.sleep.deviation.threshold = 300 (default)
2020-07-22 12:33:36,325 [pool-392-thread-1] INFO  server.RaftServerConfigKeys (ConfUtils.java:logGet(44)) - raft.server.log.appender.install.snapshot.enabled = false (custom)
2020-07-22 12:33:36,325 [pool-392-thread-1] INFO  impl.RaftServerImpl (ServerState.java:<init>(103)) - 48b67410-02a7-4c3c-a008-f346ec25aee5@group-992D786A5571: ConfigurationManager, init=-1: [cbf3b94c-a31f-438c-8480-20d914ac9d1c:172.17.0.2:36295, 48b67410-02a7-4c3c-a008-f346ec25aee5:172.17.0.2:43115, d6264bd5-628b-4389-82c0-e2589ee55aba:172.17.0.2:46661], old=null, confs=<EMPTY_MAP>
2020-07-22 12:33:36,325 [pool-392-thread-1] INFO  server.RaftServerConfigKeys (ConfUtils.java:logGet(44)) - raft.server.storage.dir = [/github/workspace/mnt/ozone/hadoop-ozone/integration-test/target/test-dir/MiniOzoneClusterImpl-27133a7a-4276-4edb-aad9-b93835fdb948/datanode-3/data/ratis] (custom)
2020-07-22 12:33:36,325 [pool-392-thread-1] INFO  server.RaftServerConfigKeys (ConfUtils.java:logGet(44)) - raft.server.log.corruption.policy = EXCEPTION (default)
2020-07-22 12:33:36,326 [pool-392-thread-1] INFO  storage.RaftStorageDirectory (RaftStorageDirectory.java:analyzeStorage(261)) - The storage directory /github/workspace/mnt/ozone/hadoop-ozone/integration-test/target/test-dir/MiniOzoneClusterImpl-27133a7a-4276-4edb-aad9-b93835fdb948/datanode-3/data/ratis/1d7d8fe0-aec6-4d19-bd70-992d786a5571 does not exist. Creating ...
2020-07-22 12:33:36,327 [pool-392-thread-1] INFO  storage.RaftStorageDirectory (RaftStorageDirectory.java:tryLock(343)) - Lock on /github/workspace/mnt/ozone/hadoop-ozone/integration-test/target/test-dir/MiniOzoneClusterImpl-27133a7a-4276-4edb-aad9-b93835fdb948/datanode-3/data/ratis/1d7d8fe0-aec6-4d19-bd70-992d786a5571/in_use.lock acquired by nodename 10747@c8d1cb744cae
2020-07-22 12:33:36,328 [pool-392-thread-1] INFO  storage.RaftStorage (RaftStorage.java:format(84)) - Storage directory /github/workspace/mnt/ozone/hadoop-ozone/integration-test/target/test-dir/MiniOzoneClusterImpl-27133a7a-4276-4edb-aad9-b93835fdb948/datanode-3/data/ratis/1d7d8fe0-aec6-4d19-bd70-992d786a5571 has been successfully formatted.
2020-07-22 12:33:36,328 [pool-392-thread-1] INFO  ratis.ContainerStateMachine (ContainerStateMachine.java:loadSnapshot(225)) - group-992D786A5571: The snapshot info is null. Setting the last applied indexto:(t:0, i:~)
2020-07-22 12:33:36,328 [pool-392-thread-1] INFO  server.RaftServerConfigKeys (ConfUtils.java:logGet(44)) - raft.server.notification.no-leader.timeout = 300000ms (custom)
2020-07-22 12:33:36,328 [pool-392-thread-1] INFO  server.RaftServerConfigKeys (ConfUtils.java:logGet(44)) - raft.server.log.use.memory = false (default)
2020-07-22 12:33:36,328 [pool-392-thread-1] INFO  server.RaftServerConfigKeys (ConfUtils.java:logGet(44)) - raft.server.log.purge.gap = 1000000 (custom)
2020-07-22 12:33:36,329 [pool-392-thread-1] INFO  metrics.RatisMetrics (RatisMetrics.java:lambda$create$0(36)) - Creating Metrics Registry : ratis.log_worker.48b67410-02a7-4c3c-a008-f346ec25aee5@group-992D786A5571
2020-07-22 12:33:36,329 [pool-392-thread-1] INFO  server.RaftServerConfigKeys (ConfUtils.java:logGet(44)) - raft.server.log.appender.buffer.byte-limit = 33554432 (custom)
2020-07-22 12:33:36,329 [pool-392-thread-1] INFO  server.RaftServerConfigKeys (ConfUtils.java:logGet(44)) - raft.server.log.segment.size.max = 1048576 (custom)
2020-07-22 12:33:36,330 [pool-392-thread-1] INFO  server.RaftServerConfigKeys (ConfUtils.java:logGet(44)) - raft.server.log.segment.cache.num.max = 2 (custom)
2020-07-22 12:33:36,330 [pool-392-thread-1] INFO  segmented.SegmentedRaftLogWorker (SegmentedRaftLogWorker.java:<init>(180)) - new 48b67410-02a7-4c3c-a008-f346ec25aee5@group-992D786A5571-SegmentedRaftLogWorker for RaftStorage:Storage Directory /github/workspace/mnt/ozone/hadoop-ozone/integration-test/target/test-dir/MiniOzoneClusterImpl-27133a7a-4276-4edb-aad9-b93835fdb948/datanode-3/data/ratis/1d7d8fe0-aec6-4d19-bd70-992d786a5571
2020-07-22 12:33:36,330 [pool-392-thread-1] INFO  server.RaftServerConfigKeys (ConfUtils.java:logGet(44)) - raft.server.log.queue.byte-limit = 2147483647 (custom)
2020-07-22 12:33:36,330 [pool-392-thread-1] INFO  server.RaftServerConfigKeys (ConfUtils.java:logGet(44)) - raft.server.log.queue.element-limit = 1024 (custom)
2020-07-22 12:33:36,330 [pool-392-thread-1] INFO  server.RaftServerConfigKeys (ConfUtils.java:logGet(44)) - raft.server.log.segment.size.max = 1048576 (custom)
2020-07-22 12:33:36,330 [pool-392-thread-1] INFO  server.RaftServerConfigKeys (ConfUtils.java:logGet(44)) - raft.server.log.preallocated.size = 16384 (custom)
2020-07-22 12:33:36,330 [pool-392-thread-1] INFO  server.RaftServerConfigKeys (ConfUtils.java:logGet(44)) - raft.server.log.write.buffer.size = 1048576 (custom)
2020-07-22 12:33:36,330 [pool-392-thread-1] INFO  server.RaftServerConfigKeys (ConfUtils.java:logGet(44)) - raft.server.log.force.sync.num = 128 (default)
2020-07-22 12:33:36,330 [pool-392-thread-1] INFO  server.RaftServerConfigKeys (ConfUtils.java:logGet(44)) - raft.server.log.statemachine.data.sync = true (default)
2020-07-22 12:33:36,330 [pool-392-thread-1] INFO  server.RaftServerConfigKeys (ConfUtils.java:logGet(44)) - raft.server.log.statemachine.data.sync.timeout = 10s (default)
2020-07-22 12:33:36,330 [pool-392-thread-1] INFO  server.RaftServerConfigKeys (ConfUtils.java:logGet(44)) - raft.server.log.statemachine.data.sync.timeout.retry = -1 (default)
2020-07-22 12:33:36,332 [pool-392-thread-1] INFO  server.RaftServerConfigKeys (ConfUtils.java:logGet(44)) - raft.server.log.statemachine.data.caching.enabled = true (custom)
2020-07-22 12:33:36,333 [pool-392-thread-1] INFO  segmented.SegmentedRaftLogWorker (SegmentedRaftLogWorker.java:lambda$new$0(129)) - 48b67410-02a7-4c3c-a008-f346ec25aee5@group-992D786A5571-SegmentedRaftLogWorker: flushIndex: setUnconditionally 0 -> -1
2020-07-22 12:33:36,333 [pool-392-thread-1] INFO  segmented.SegmentedRaftLogWorker (SegmentedRaftLogWorker.java:lambda$new$0(129)) - 48b67410-02a7-4c3c-a008-f346ec25aee5@group-992D786A5571-SegmentedRaftLogWorker: safeCacheEvictIndex: setUnconditionally 0 -> -1
2020-07-22 12:33:36,336 [pool-392-thread-1] INFO  server.RaftServerConfigKeys (ConfUtils.java:logGet(44)) - raft.server.snapshot.auto.trigger.enabled = true (custom)
2020-07-22 12:33:36,336 [pool-392-thread-1] INFO  server.RaftServerConfigKeys (ConfUtils.java:logGet(44)) - raft.server.snapshot.auto.trigger.threshold = 10000 (custom)
2020-07-22 12:33:36,336 [pool-392-thread-1] INFO  server.RaftServerConfigKeys (ConfUtils.java:logGet(44)) - raft.server.snapshot.retention.file.num = 5 (custom)
2020-07-22 12:33:36,336 [pool-392-thread-1] INFO  server.RaftServerConfigKeys (ConfUtils.java:logGet(44)) - raft.server.log.purge.upto.snapshot.index = false (default)
2020-07-22 12:33:36,337 [pool-392-thread-1] INFO  server.RaftServerConfigKeys (ConfUtils.java:logGet(44)) - raft.server.retrycache.expirytime = 600000ms (custom)
2020-07-22 12:33:36,337 [pool-392-thread-1] INFO  metrics.RatisMetrics (RatisMetrics.java:lambda$create$0(36)) - Creating Metrics Registry : ratis.leader_election.48b67410-02a7-4c3c-a008-f346ec25aee5@group-992D786A5571
2020-07-22 12:33:36,337 [pool-392-thread-1] INFO  metrics.RatisMetrics (RatisMetrics.java:lambda$create$0(36)) - Creating Metrics Registry : ratis.server.48b67410-02a7-4c3c-a008-f346ec25aee5@group-992D786A5571
2020-07-22 12:33:36,338 [pool-392-thread-1] INFO  impl.RaftServerImpl (RaftServerImpl.java:start(196)) - 48b67410-02a7-4c3c-a008-f346ec25aee5@group-992D786A5571: start as a follower, conf=-1: [cbf3b94c-a31f-438c-8480-20d914ac9d1c:172.17.0.2:36295, 48b67410-02a7-4c3c-a008-f346ec25aee5:172.17.0.2:43115, d6264bd5-628b-4389-82c0-e2589ee55aba:172.17.0.2:46661], old=null
2020-07-22 12:33:36,338 [pool-392-thread-1] INFO  impl.RaftServerImpl (RaftServerImpl.java:setRole(185)) - 48b67410-02a7-4c3c-a008-f346ec25aee5@group-992D786A5571: changes role from      null to FOLLOWER at term 0 for startAsFollower
2020-07-22 12:33:36,338 [pool-392-thread-1] INFO  impl.RoleInfo (RoleInfo.java:updateAndGet(143)) - 48b67410-02a7-4c3c-a008-f346ec25aee5: start FollowerState
2020-07-22 12:33:36,338 [pool-392-thread-1] INFO  util.JmxRegister (JmxRegister.java:tryRegister(44)) - Successfully registered JMX Bean with object name Ratis:service=RaftServer,group=group-992D786A5571,id=48b67410-02a7-4c3c-a008-f346ec25aee5
2020-07-22 12:33:36,339 [pool-392-thread-1] INFO  metrics.RatisMetrics (RatisMetrics.java:lambda$create$0(36)) - Creating Metrics Registry : ratis.state_machine.48b67410-02a7-4c3c-a008-f346ec25aee5@group-992D786A5571
2020-07-22 12:33:36,354 [grpc-default-executor-1] INFO  impl.RaftServerProxy (RaftServerProxy.java:addNew(89)) - cbf3b94c-a31f-438c-8480-20d914ac9d1c: addNew group-992D786A5571:[cbf3b94c-a31f-438c-8480-20d914ac9d1c:172.17.0.2:36295, 48b67410-02a7-4c3c-a008-f346ec25aee5:172.17.0.2:43115, d6264bd5-628b-4389-82c0-e2589ee55aba:172.17.0.2:46661] returns group-992D786A5571:java.util.concurrent.CompletableFuture@6c010123[Not completed]
2020-07-22 12:33:36,355 [pool-407-thread-1] INFO  impl.RaftServerImpl (RaftServerImpl.java:<init>(107)) - cbf3b94c-a31f-438c-8480-20d914ac9d1c: new RaftServerImpl for group-992D786A5571:[cbf3b94c-a31f-438c-8480-20d914ac9d1c:172.17.0.2:36295, 48b67410-02a7-4c3c-a008-f346ec25aee5:172.17.0.2:43115, d6264bd5-628b-4389-82c0-e2589ee55aba:172.17.0.2:46661] with ContainerStateMachine:uninitialized
2020-07-22 12:33:36,356 [pool-407-thread-1] INFO  server.RaftServerConfigKeys (ConfUtils.java:logGet(44)) - raft.server.rpc.timeout.min = 5s (custom)
2020-07-22 12:33:36,356 [pool-407-thread-1] INFO  server.RaftServerConfigKeys (ConfUtils.java:logGet(44)) - raft.server.rpc.timeout.max = 5200ms (custom)
2020-07-22 12:33:36,356 [pool-407-thread-1] INFO  server.RaftServerConfigKeys (ConfUtils.java:logGet(44)) - raft.server.rpcslowness.timeout = 300000ms (custom)
2020-07-22 12:33:36,356 [pool-407-thread-1] INFO  server.RaftServerConfigKeys (ConfUtils.java:logGet(44)) - raft.server.sleep.deviation.threshold = 300 (default)
2020-07-22 12:33:36,356 [pool-407-thread-1] INFO  server.RaftServerConfigKeys (ConfUtils.java:logGet(44)) - raft.server.log.appender.install.snapshot.enabled = false (custom)
2020-07-22 12:33:36,356 [pool-407-thread-1] INFO  impl.RaftServerImpl (ServerState.java:<init>(103)) - cbf3b94c-a31f-438c-8480-20d914ac9d1c@group-992D786A5571: ConfigurationManager, init=-1: [cbf3b94c-a31f-438c-8480-20d914ac9d1c:172.17.0.2:36295, 48b67410-02a7-4c3c-a008-f346ec25aee5:172.17.0.2:43115, d6264bd5-628b-4389-82c0-e2589ee55aba:172.17.0.2:46661], old=null, confs=<EMPTY_MAP>
2020-07-22 12:33:36,356 [pool-407-thread-1] INFO  server.RaftServerConfigKeys (ConfUtils.java:logGet(44)) - raft.server.storage.dir = [/github/workspace/mnt/ozone/hadoop-ozone/integration-test/target/test-dir/MiniOzoneClusterImpl-27133a7a-4276-4edb-aad9-b93835fdb948/datanode-4/data/ratis] (custom)
2020-07-22 12:33:36,356 [pool-407-thread-1] INFO  server.RaftServerConfigKeys (ConfUtils.java:logGet(44)) - raft.server.log.corruption.policy = EXCEPTION (default)
2020-07-22 12:33:36,356 [pool-407-thread-1] INFO  storage.RaftStorageDirectory (RaftStorageDirectory.java:analyzeStorage(261)) - The storage directory /github/workspace/mnt/ozone/hadoop-ozone/integration-test/target/test-dir/MiniOzoneClusterImpl-27133a7a-4276-4edb-aad9-b93835fdb948/datanode-4/data/ratis/1d7d8fe0-aec6-4d19-bd70-992d786a5571 does not exist. Creating ...
2020-07-22 12:33:36,357 [pool-407-thread-1] INFO  storage.RaftStorageDirectory (RaftStorageDirectory.java:tryLock(343)) - Lock on /github/workspace/mnt/ozone/hadoop-ozone/integration-test/target/test-dir/MiniOzoneClusterImpl-27133a7a-4276-4edb-aad9-b93835fdb948/datanode-4/data/ratis/1d7d8fe0-aec6-4d19-bd70-992d786a5571/in_use.lock acquired by nodename 10747@c8d1cb744cae
2020-07-22 12:33:36,358 [pool-407-thread-1] INFO  storage.RaftStorage (RaftStorage.java:format(84)) - Storage directory /github/workspace/mnt/ozone/hadoop-ozone/integration-test/target/test-dir/MiniOzoneClusterImpl-27133a7a-4276-4edb-aad9-b93835fdb948/datanode-4/data/ratis/1d7d8fe0-aec6-4d19-bd70-992d786a5571 has been successfully formatted.
2020-07-22 12:33:36,360 [pool-407-thread-1] INFO  ratis.ContainerStateMachine (ContainerStateMachine.java:loadSnapshot(225)) - group-992D786A5571: The snapshot info is null. Setting the last applied indexto:(t:0, i:~)
2020-07-22 12:33:36,360 [pool-407-thread-1] INFO  server.RaftServerConfigKeys (ConfUtils.java:logGet(44)) - raft.server.notification.no-leader.timeout = 300000ms (custom)
2020-07-22 12:33:36,360 [pool-407-thread-1] INFO  server.RaftServerConfigKeys (ConfUtils.java:logGet(44)) - raft.server.log.use.memory = false (default)
2020-07-22 12:33:36,360 [pool-407-thread-1] INFO  server.RaftServerConfigKeys (ConfUtils.java:logGet(44)) - raft.server.log.purge.gap = 1000000 (custom)
2020-07-22 12:33:36,360 [pool-407-thread-1] INFO  metrics.RatisMetrics (RatisMetrics.java:lambda$create$0(36)) - Creating Metrics Registry : ratis.log_worker.cbf3b94c-a31f-438c-8480-20d914ac9d1c@group-992D786A5571
2020-07-22 12:33:36,361 [pool-407-thread-1] INFO  server.RaftServerConfigKeys (ConfUtils.java:logGet(44)) - raft.server.log.appender.buffer.byte-limit = 33554432 (custom)
2020-07-22 12:33:36,361 [pool-407-thread-1] INFO  server.RaftServerConfigKeys (ConfUtils.java:logGet(44)) - raft.server.log.segment.size.max = 1048576 (custom)
2020-07-22 12:33:36,362 [pool-407-thread-1] INFO  server.RaftServerConfigKeys (ConfUtils.java:logGet(44)) - raft.server.log.segment.cache.num.max = 2 (custom)
2020-07-22 12:33:36,362 [pool-407-thread-1] INFO  segmented.SegmentedRaftLogWorker (SegmentedRaftLogWorker.java:<init>(180)) - new cbf3b94c-a31f-438c-8480-20d914ac9d1c@group-992D786A5571-SegmentedRaftLogWorker for RaftStorage:Storage Directory /github/workspace/mnt/ozone/hadoop-ozone/integration-test/target/test-dir/MiniOzoneClusterImpl-27133a7a-4276-4edb-aad9-b93835fdb948/datanode-4/data/ratis/1d7d8fe0-aec6-4d19-bd70-992d786a5571
2020-07-22 12:33:36,363 [pool-407-thread-1] INFO  server.RaftServerConfigKeys (ConfUtils.java:logGet(44)) - raft.server.log.queue.byte-limit = 2147483647 (custom)
2020-07-22 12:33:36,363 [pool-407-thread-1] INFO  server.RaftServerConfigKeys (ConfUtils.java:logGet(44)) - raft.server.log.queue.element-limit = 1024 (custom)
2020-07-22 12:33:36,363 [pool-407-thread-1] INFO  server.RaftServerConfigKeys (ConfUtils.java:logGet(44)) - raft.server.log.segment.size.max = 1048576 (custom)
2020-07-22 12:33:36,363 [pool-407-thread-1] INFO  server.RaftServerConfigKeys (ConfUtils.java:logGet(44)) - raft.server.log.preallocated.size = 16384 (custom)
2020-07-22 12:33:36,363 [pool-407-thread-1] INFO  server.RaftServerConfigKeys (ConfUtils.java:logGet(44)) - raft.server.log.write.buffer.size = 1048576 (custom)
2020-07-22 12:33:36,364 [pool-407-thread-1] INFO  server.RaftServerConfigKeys (ConfUtils.java:logGet(44)) - raft.server.log.force.sync.num = 128 (default)
2020-07-22 12:33:36,364 [pool-407-thread-1] INFO  server.RaftServerConfigKeys (ConfUtils.java:logGet(44)) - raft.server.log.statemachine.data.sync = true (default)
2020-07-22 12:33:36,365 [pool-407-thread-1] INFO  server.RaftServerConfigKeys (ConfUtils.java:logGet(44)) - raft.server.log.statemachine.data.sync.timeout = 10s (default)
2020-07-22 12:33:36,365 [pool-407-thread-1] INFO  server.RaftServerConfigKeys (ConfUtils.java:logGet(44)) - raft.server.log.statemachine.data.sync.timeout.retry = -1 (default)
2020-07-22 12:33:36,367 [pool-407-thread-1] INFO  server.RaftServerConfigKeys (ConfUtils.java:logGet(44)) - raft.server.log.statemachine.data.caching.enabled = true (custom)
2020-07-22 12:33:36,367 [pool-407-thread-1] INFO  segmented.SegmentedRaftLogWorker (SegmentedRaftLogWorker.java:lambda$new$0(129)) - cbf3b94c-a31f-438c-8480-20d914ac9d1c@group-992D786A5571-SegmentedRaftLogWorker: flushIndex: setUnconditionally 0 -> -1
2020-07-22 12:33:36,367 [pool-407-thread-1] INFO  segmented.SegmentedRaftLogWorker (SegmentedRaftLogWorker.java:lambda$new$0(129)) - cbf3b94c-a31f-438c-8480-20d914ac9d1c@group-992D786A5571-SegmentedRaftLogWorker: safeCacheEvictIndex: setUnconditionally 0 -> -1
2020-07-22 12:33:36,368 [pool-407-thread-1] INFO  server.RaftServerConfigKeys (ConfUtils.java:logGet(44)) - raft.server.snapshot.auto.trigger.enabled = true (custom)
2020-07-22 12:33:36,368 [pool-407-thread-1] INFO  server.RaftServerConfigKeys (ConfUtils.java:logGet(44)) - raft.server.snapshot.auto.trigger.threshold = 10000 (custom)
2020-07-22 12:33:36,368 [pool-407-thread-1] INFO  server.RaftServerConfigKeys (ConfUtils.java:logGet(44)) - raft.server.snapshot.retention.file.num = 5 (custom)
2020-07-22 12:33:36,368 [pool-407-thread-1] INFO  server.RaftServerConfigKeys (ConfUtils.java:logGet(44)) - raft.server.log.purge.upto.snapshot.index = false (default)
2020-07-22 12:33:36,368 [pool-407-thread-1] INFO  server.RaftServerConfigKeys (ConfUtils.java:logGet(44)) - raft.server.retrycache.expirytime = 600000ms (custom)
2020-07-22 12:33:36,368 [pool-407-thread-1] INFO  metrics.RatisMetrics (RatisMetrics.java:lambda$create$0(36)) - Creating Metrics Registry : ratis.leader_election.cbf3b94c-a31f-438c-8480-20d914ac9d1c@group-992D786A5571
2020-07-22 12:33:36,369 [pool-407-thread-1] INFO  metrics.RatisMetrics (RatisMetrics.java:lambda$create$0(36)) - Creating Metrics Registry : ratis.server.cbf3b94c-a31f-438c-8480-20d914ac9d1c@group-992D786A5571
2020-07-22 12:33:36,370 [pool-407-thread-1] INFO  impl.RaftServerImpl (RaftServerImpl.java:start(196)) - cbf3b94c-a31f-438c-8480-20d914ac9d1c@group-992D786A5571: start as a follower, conf=-1: [cbf3b94c-a31f-438c-8480-20d914ac9d1c:172.17.0.2:36295, 48b67410-02a7-4c3c-a008-f346ec25aee5:172.17.0.2:43115, d6264bd5-628b-4389-82c0-e2589ee55aba:172.17.0.2:46661], old=null
2020-07-22 12:33:36,370 [pool-407-thread-1] INFO  impl.RaftServerImpl (RaftServerImpl.java:setRole(185)) - cbf3b94c-a31f-438c-8480-20d914ac9d1c@group-992D786A5571: changes role from      null to FOLLOWER at term 0 for startAsFollower
2020-07-22 12:33:36,370 [pool-407-thread-1] INFO  impl.RoleInfo (RoleInfo.java:updateAndGet(143)) - cbf3b94c-a31f-438c-8480-20d914ac9d1c: start FollowerState
2020-07-22 12:33:36,370 [pool-407-thread-1] INFO  util.JmxRegister (JmxRegister.java:tryRegister(44)) - Successfully registered JMX Bean with object name Ratis:service=RaftServer,group=group-992D786A5571,id=cbf3b94c-a31f-438c-8480-20d914ac9d1c
2020-07-22 12:33:36,370 [pool-407-thread-1] INFO  metrics.RatisMetrics (RatisMetrics.java:lambda$create$0(36)) - Creating Metrics Registry : ratis.state_machine.cbf3b94c-a31f-438c-8480-20d914ac9d1c@group-992D786A5571
2020-07-22 12:33:36,383 [grpc-default-executor-1] INFO  impl.RaftServerProxy (RaftServerProxy.java:addNew(89)) - d6264bd5-628b-4389-82c0-e2589ee55aba: addNew group-992D786A5571:[cbf3b94c-a31f-438c-8480-20d914ac9d1c:172.17.0.2:36295, 48b67410-02a7-4c3c-a008-f346ec25aee5:172.17.0.2:43115, d6264bd5-628b-4389-82c0-e2589ee55aba:172.17.0.2:46661] returns group-992D786A5571:java.util.concurrent.CompletableFuture@70a87a78[Not completed]
2020-07-22 12:33:36,384 [pool-422-thread-1] INFO  impl.RaftServerImpl (RaftServerImpl.java:<init>(107)) - d6264bd5-628b-4389-82c0-e2589ee55aba: new RaftServerImpl for group-992D786A5571:[cbf3b94c-a31f-438c-8480-20d914ac9d1c:172.17.0.2:36295, 48b67410-02a7-4c3c-a008-f346ec25aee5:172.17.0.2:43115, d6264bd5-628b-4389-82c0-e2589ee55aba:172.17.0.2:46661] with ContainerStateMachine:uninitialized
2020-07-22 12:33:36,384 [pool-422-thread-1] INFO  server.RaftServerConfigKeys (ConfUtils.java:logGet(44)) - raft.server.rpc.timeout.min = 5s (custom)
2020-07-22 12:33:36,384 [pool-422-thread-1] INFO  server.RaftServerConfigKeys (ConfUtils.java:logGet(44)) - raft.server.rpc.timeout.max = 5200ms (custom)
2020-07-22 12:33:36,384 [pool-422-thread-1] INFO  server.RaftServerConfigKeys (ConfUtils.java:logGet(44)) - raft.server.rpcslowness.timeout = 300000ms (custom)
2020-07-22 12:33:36,384 [pool-422-thread-1] INFO  server.RaftServerConfigKeys (ConfUtils.java:logGet(44)) - raft.server.sleep.deviation.threshold = 300 (default)
2020-07-22 12:33:36,385 [pool-422-thread-1] INFO  server.RaftServerConfigKeys (ConfUtils.java:logGet(44)) - raft.server.log.appender.install.snapshot.enabled = false (custom)
2020-07-22 12:33:36,385 [pool-422-thread-1] INFO  impl.RaftServerImpl (ServerState.java:<init>(103)) - d6264bd5-628b-4389-82c0-e2589ee55aba@group-992D786A5571: ConfigurationManager, init=-1: [cbf3b94c-a31f-438c-8480-20d914ac9d1c:172.17.0.2:36295, 48b67410-02a7-4c3c-a008-f346ec25aee5:172.17.0.2:43115, d6264bd5-628b-4389-82c0-e2589ee55aba:172.17.0.2:46661], old=null, confs=<EMPTY_MAP>
2020-07-22 12:33:36,385 [pool-422-thread-1] INFO  server.RaftServerConfigKeys (ConfUtils.java:logGet(44)) - raft.server.storage.dir = [/github/workspace/mnt/ozone/hadoop-ozone/integration-test/target/test-dir/MiniOzoneClusterImpl-27133a7a-4276-4edb-aad9-b93835fdb948/datanode-5/data/ratis] (custom)
2020-07-22 12:33:36,385 [pool-422-thread-1] INFO  server.RaftServerConfigKeys (ConfUtils.java:logGet(44)) - raft.server.log.corruption.policy = EXCEPTION (default)
2020-07-22 12:33:36,385 [pool-422-thread-1] INFO  storage.RaftStorageDirectory (RaftStorageDirectory.java:analyzeStorage(261)) - The storage directory /github/workspace/mnt/ozone/hadoop-ozone/integration-test/target/test-dir/MiniOzoneClusterImpl-27133a7a-4276-4edb-aad9-b93835fdb948/datanode-5/data/ratis/1d7d8fe0-aec6-4d19-bd70-992d786a5571 does not exist. Creating ...
2020-07-22 12:33:36,386 [pool-422-thread-1] INFO  storage.RaftStorageDirectory (RaftStorageDirectory.java:tryLock(343)) - Lock on /github/workspace/mnt/ozone/hadoop-ozone/integration-test/target/test-dir/MiniOzoneClusterImpl-27133a7a-4276-4edb-aad9-b93835fdb948/datanode-5/data/ratis/1d7d8fe0-aec6-4d19-bd70-992d786a5571/in_use.lock acquired by nodename 10747@c8d1cb744cae
2020-07-22 12:33:36,387 [pool-422-thread-1] INFO  storage.RaftStorage (RaftStorage.java:format(84)) - Storage directory /github/workspace/mnt/ozone/hadoop-ozone/integration-test/target/test-dir/MiniOzoneClusterImpl-27133a7a-4276-4edb-aad9-b93835fdb948/datanode-5/data/ratis/1d7d8fe0-aec6-4d19-bd70-992d786a5571 has been successfully formatted.
2020-07-22 12:33:36,389 [pool-422-thread-1] INFO  ratis.ContainerStateMachine (ContainerStateMachine.java:loadSnapshot(225)) - group-992D786A5571: The snapshot info is null. Setting the last applied indexto:(t:0, i:~)
2020-07-22 12:33:36,389 [pool-422-thread-1] INFO  server.RaftServerConfigKeys (ConfUtils.java:logGet(44)) - raft.server.notification.no-leader.timeout = 300000ms (custom)
2020-07-22 12:33:36,389 [pool-422-thread-1] INFO  server.RaftServerConfigKeys (ConfUtils.java:logGet(44)) - raft.server.log.use.memory = false (default)
2020-07-22 12:33:36,389 [pool-422-thread-1] INFO  server.RaftServerConfigKeys (ConfUtils.java:logGet(44)) - raft.server.log.purge.gap = 1000000 (custom)
2020-07-22 12:33:36,389 [pool-422-thread-1] INFO  metrics.RatisMetrics (RatisMetrics.java:lambda$create$0(36)) - Creating Metrics Registry : ratis.log_worker.d6264bd5-628b-4389-82c0-e2589ee55aba@group-992D786A5571
2020-07-22 12:33:36,390 [pool-422-thread-1] INFO  server.RaftServerConfigKeys (ConfUtils.java:logGet(44)) - raft.server.log.appender.buffer.byte-limit = 33554432 (custom)
2020-07-22 12:33:36,390 [pool-422-thread-1] INFO  server.RaftServerConfigKeys (ConfUtils.java:logGet(44)) - raft.server.log.segment.size.max = 1048576 (custom)
2020-07-22 12:33:36,391 [pool-422-thread-1] INFO  server.RaftServerConfigKeys (ConfUtils.java:logGet(44)) - raft.server.log.segment.cache.num.max = 2 (custom)
2020-07-22 12:33:36,391 [pool-422-thread-1] INFO  segmented.SegmentedRaftLogWorker (SegmentedRaftLogWorker.java:<init>(180)) - new d6264bd5-628b-4389-82c0-e2589ee55aba@group-992D786A5571-SegmentedRaftLogWorker for RaftStorage:Storage Directory /github/workspace/mnt/ozone/hadoop-ozone/integration-test/target/test-dir/MiniOzoneClusterImpl-27133a7a-4276-4edb-aad9-b93835fdb948/datanode-5/data/ratis/1d7d8fe0-aec6-4d19-bd70-992d786a5571
2020-07-22 12:33:36,391 [pool-422-thread-1] INFO  server.RaftServerConfigKeys (ConfUtils.java:logGet(44)) - raft.server.log.queue.byte-limit = 2147483647 (custom)
2020-07-22 12:33:36,391 [pool-422-thread-1] INFO  server.RaftServerConfigKeys (ConfUtils.java:logGet(44)) - raft.server.log.queue.element-limit = 1024 (custom)
2020-07-22 12:33:36,391 [pool-422-thread-1] INFO  server.RaftServerConfigKeys (ConfUtils.java:logGet(44)) - raft.server.log.segment.size.max = 1048576 (custom)
2020-07-22 12:33:36,391 [pool-422-thread-1] INFO  server.RaftServerConfigKeys (ConfUtils.java:logGet(44)) - raft.server.log.preallocated.size = 16384 (custom)
2020-07-22 12:33:36,391 [pool-422-thread-1] INFO  server.RaftServerConfigKeys (ConfUtils.java:logGet(44)) - raft.server.log.write.buffer.size = 1048576 (custom)
2020-07-22 12:33:36,392 [pool-422-thread-1] INFO  server.RaftServerConfigKeys (ConfUtils.java:logGet(44)) - raft.server.log.force.sync.num = 128 (default)
2020-07-22 12:33:36,392 [pool-422-thread-1] INFO  server.RaftServerConfigKeys (ConfUtils.java:logGet(44)) - raft.server.log.statemachine.data.sync = true (default)
2020-07-22 12:33:36,392 [pool-422-thread-1] INFO  server.RaftServerConfigKeys (ConfUtils.java:logGet(44)) - raft.server.log.statemachine.data.sync.timeout = 10s (default)
2020-07-22 12:33:36,392 [pool-422-thread-1] INFO  server.RaftServerConfigKeys (ConfUtils.java:logGet(44)) - raft.server.log.statemachine.data.sync.timeout.retry = -1 (default)
2020-07-22 12:33:36,397 [pool-422-thread-1] INFO  server.RaftServerConfigKeys (ConfUtils.java:logGet(44)) - raft.server.log.statemachine.data.caching.enabled = true (custom)
2020-07-22 12:33:36,397 [pool-422-thread-1] INFO  segmented.SegmentedRaftLogWorker (SegmentedRaftLogWorker.java:lambda$new$0(129)) - d6264bd5-628b-4389-82c0-e2589ee55aba@group-992D786A5571-SegmentedRaftLogWorker: flushIndex: setUnconditionally 0 -> -1
2020-07-22 12:33:36,397 [pool-422-thread-1] INFO  segmented.SegmentedRaftLogWorker (SegmentedRaftLogWorker.java:lambda$new$0(129)) - d6264bd5-628b-4389-82c0-e2589ee55aba@group-992D786A5571-SegmentedRaftLogWorker: safeCacheEvictIndex: setUnconditionally 0 -> -1
2020-07-22 12:33:36,397 [pool-422-thread-1] INFO  server.RaftServerConfigKeys (ConfUtils.java:logGet(44)) - raft.server.snapshot.auto.trigger.enabled = true (custom)
2020-07-22 12:33:36,398 [pool-422-thread-1] INFO  server.RaftServerConfigKeys (ConfUtils.java:logGet(44)) - raft.server.snapshot.auto.trigger.threshold = 10000 (custom)
2020-07-22 12:33:36,398 [pool-422-thread-1] INFO  server.RaftServerConfigKeys (ConfUtils.java:logGet(44)) - raft.server.snapshot.retention.file.num = 5 (custom)
2020-07-22 12:33:36,398 [pool-422-thread-1] INFO  server.RaftServerConfigKeys (ConfUtils.java:logGet(44)) - raft.server.log.purge.upto.snapshot.index = false (default)
2020-07-22 12:33:36,398 [pool-422-thread-1] INFO  server.RaftServerConfigKeys (ConfUtils.java:logGet(44)) - raft.server.retrycache.expirytime = 600000ms (custom)
2020-07-22 12:33:36,398 [pool-422-thread-1] INFO  metrics.RatisMetrics (RatisMetrics.java:lambda$create$0(36)) - Creating Metrics Registry : ratis.leader_election.d6264bd5-628b-4389-82c0-e2589ee55aba@group-992D786A5571
2020-07-22 12:33:36,398 [pool-422-thread-1] INFO  metrics.RatisMetrics (RatisMetrics.java:lambda$create$0(36)) - Creating Metrics Registry : ratis.server.d6264bd5-628b-4389-82c0-e2589ee55aba@group-992D786A5571
2020-07-22 12:33:36,400 [pool-422-thread-1] INFO  impl.RaftServerImpl (RaftServerImpl.java:start(196)) - d6264bd5-628b-4389-82c0-e2589ee55aba@group-992D786A5571: start as a follower, conf=-1: [cbf3b94c-a31f-438c-8480-20d914ac9d1c:172.17.0.2:36295, 48b67410-02a7-4c3c-a008-f346ec25aee5:172.17.0.2:43115, d6264bd5-628b-4389-82c0-e2589ee55aba:172.17.0.2:46661], old=null
2020-07-22 12:33:36,400 [pool-422-thread-1] INFO  impl.RaftServerImpl (RaftServerImpl.java:setRole(185)) - d6264bd5-628b-4389-82c0-e2589ee55aba@group-992D786A5571: changes role from      null to FOLLOWER at term 0 for startAsFollower
2020-07-22 12:33:36,400 [pool-422-thread-1] INFO  impl.RoleInfo (RoleInfo.java:updateAndGet(143)) - d6264bd5-628b-4389-82c0-e2589ee55aba: start FollowerState
2020-07-22 12:33:36,404 [pool-422-thread-1] INFO  util.JmxRegister (JmxRegister.java:tryRegister(44)) - Successfully registered JMX Bean with object name Ratis:service=RaftServer,group=group-992D786A5571,id=d6264bd5-628b-4389-82c0-e2589ee55aba
2020-07-22 12:33:36,404 [pool-422-thread-1] INFO  metrics.RatisMetrics (RatisMetrics.java:lambda$create$0(36)) - Creating Metrics Registry : ratis.state_machine.d6264bd5-628b-4389-82c0-e2589ee55aba@group-992D786A5571
2020-07-22 12:33:36,407 [Command processor thread] INFO  commandhandler.CreatePipelineCommandHandler (CreatePipelineCommandHandler.java:handle(109)) - Created Pipeline RATIS THREE #id: "1d7d8fe0-aec6-4d19-bd70-992d786a5571"
uuid128 {
  mostSigBits: 2125012794356419865
  leastSigBits: -4796165182576765583
}
.
2020-07-22 12:33:36,438 [Command processor thread] INFO  impl.RaftServerProxy (RaftServerProxy.java:addNew(89)) - cbf3b94c-a31f-438c-8480-20d914ac9d1c: addNew group-962450AE1251:[cbf3b94c-a31f-438c-8480-20d914ac9d1c:172.17.0.2:36295] returns group-962450AE1251:java.util.concurrent.CompletableFuture@591caf73[Not completed]
2020-07-22 12:33:36,438 [pool-407-thread-1] INFO  impl.RaftServerImpl (RaftServerImpl.java:<init>(107)) - cbf3b94c-a31f-438c-8480-20d914ac9d1c: new RaftServerImpl for group-962450AE1251:[cbf3b94c-a31f-438c-8480-20d914ac9d1c:172.17.0.2:36295] with ContainerStateMachine:uninitialized
2020-07-22 12:33:36,439 [pool-407-thread-1] INFO  server.RaftServerConfigKeys (ConfUtils.java:logGet(44)) - raft.server.rpc.timeout.min = 5s (custom)
2020-07-22 12:33:36,439 [pool-407-thread-1] INFO  server.RaftServerConfigKeys (ConfUtils.java:logGet(44)) - raft.server.rpc.timeout.max = 5200ms (custom)
2020-07-22 12:33:36,439 [pool-407-thread-1] INFO  server.RaftServerConfigKeys (ConfUtils.java:logGet(44)) - raft.server.rpcslowness.timeout = 300000ms (custom)
2020-07-22 12:33:36,439 [pool-407-thread-1] INFO  server.RaftServerConfigKeys (ConfUtils.java:logGet(44)) - raft.server.sleep.deviation.threshold = 300 (default)
2020-07-22 12:33:36,439 [pool-407-thread-1] INFO  server.RaftServerConfigKeys (ConfUtils.java:logGet(44)) - raft.server.log.appender.install.snapshot.enabled = false (custom)
2020-07-22 12:33:36,439 [pool-407-thread-1] INFO  impl.RaftServerImpl (ServerState.java:<init>(103)) - cbf3b94c-a31f-438c-8480-20d914ac9d1c@group-962450AE1251: ConfigurationManager, init=-1: [cbf3b94c-a31f-438c-8480-20d914ac9d1c:172.17.0.2:36295], old=null, confs=<EMPTY_MAP>
2020-07-22 12:33:36,439 [pool-407-thread-1] INFO  server.RaftServerConfigKeys (ConfUtils.java:logGet(44)) - raft.server.storage.dir = [/github/workspace/mnt/ozone/hadoop-ozone/integration-test/target/test-dir/MiniOzoneClusterImpl-27133a7a-4276-4edb-aad9-b93835fdb948/datanode-4/data/ratis] (custom)
2020-07-22 12:33:36,439 [pool-407-thread-1] INFO  server.RaftServerConfigKeys (ConfUtils.java:logGet(44)) - raft.server.log.corruption.policy = EXCEPTION (default)
2020-07-22 12:33:36,439 [pool-407-thread-1] INFO  storage.RaftStorageDirectory (RaftStorageDirectory.java:analyzeStorage(261)) - The storage directory /github/workspace/mnt/ozone/hadoop-ozone/integration-test/target/test-dir/MiniOzoneClusterImpl-27133a7a-4276-4edb-aad9-b93835fdb948/datanode-4/data/ratis/ae4b61c7-78f9-4f72-b628-962450ae1251 does not exist. Creating ...
2020-07-22 12:33:36,440 [pool-407-thread-1] INFO  storage.RaftStorageDirectory (RaftStorageDirectory.java:tryLock(343)) - Lock on /github/workspace/mnt/ozone/hadoop-ozone/integration-test/target/test-dir/MiniOzoneClusterImpl-27133a7a-4276-4edb-aad9-b93835fdb948/datanode-4/data/ratis/ae4b61c7-78f9-4f72-b628-962450ae1251/in_use.lock acquired by nodename 10747@c8d1cb744cae
2020-07-22 12:33:36,441 [pool-407-thread-1] INFO  storage.RaftStorage (RaftStorage.java:format(84)) - Storage directory /github/workspace/mnt/ozone/hadoop-ozone/integration-test/target/test-dir/MiniOzoneClusterImpl-27133a7a-4276-4edb-aad9-b93835fdb948/datanode-4/data/ratis/ae4b61c7-78f9-4f72-b628-962450ae1251 has been successfully formatted.
2020-07-22 12:33:36,442 [pool-407-thread-1] INFO  ratis.ContainerStateMachine (ContainerStateMachine.java:loadSnapshot(225)) - group-962450AE1251: The snapshot info is null. Setting the last applied indexto:(t:0, i:~)
2020-07-22 12:33:36,442 [pool-407-thread-1] INFO  server.RaftServerConfigKeys (ConfUtils.java:logGet(44)) - raft.server.notification.no-leader.timeout = 300000ms (custom)
2020-07-22 12:33:36,442 [pool-407-thread-1] INFO  server.RaftServerConfigKeys (ConfUtils.java:logGet(44)) - raft.server.log.use.memory = false (default)
2020-07-22 12:33:36,442 [pool-407-thread-1] INFO  server.RaftServerConfigKeys (ConfUtils.java:logGet(44)) - raft.server.log.purge.gap = 1000000 (custom)
2020-07-22 12:33:36,442 [pool-407-thread-1] INFO  metrics.RatisMetrics (RatisMetrics.java:lambda$create$0(36)) - Creating Metrics Registry : ratis.log_worker.cbf3b94c-a31f-438c-8480-20d914ac9d1c@group-962450AE1251
2020-07-22 12:33:36,443 [EventQueue-PipelineReportForPipelineReportHandler] INFO  pipeline.PipelineStateManager (PipelineStateManager.java:openPipeline(131)) - Pipeline Pipeline[ Id: ae4b61c7-78f9-4f72-b628-962450ae1251, Nodes: cbf3b94c-a31f-438c-8480-20d914ac9d1c{ip: 172.17.0.2, host: c8d1cb744cae, networkLocation: /default-rack, certSerialId: null}, Type:RATIS, Factor:ONE, State:ALLOCATED, leaderId:cbf3b94c-a31f-438c-8480-20d914ac9d1c, CreationTimestamp2020-07-22T12:33:33.440Z] moved to OPEN state
2020-07-22 12:33:36,443 [pool-407-thread-1] INFO  server.RaftServerConfigKeys (ConfUtils.java:logGet(44)) - raft.server.log.appender.buffer.byte-limit = 33554432 (custom)
2020-07-22 12:33:36,443 [EventQueue-OpenPipelineForHealthyPipelineSafeModeRule] INFO  safemode.SCMSafeModeManager (HealthyPipelineSafeModeRule.java:process(129)) - SCM in safe mode. Healthy pipelines reported count is 0, required healthy pipeline reported count is 1
2020-07-22 12:33:36,443 [EventQueue-OpenPipelineForOneReplicaPipelineSafeModeRule] INFO  safemode.SCMSafeModeManager (SCMSafeModeManager.java:validateSafeModeExitRules(214)) - AtleastOneDatanodeReportedRule rule is successfully validated
2020-07-22 12:33:36,444 [pool-407-thread-1] INFO  server.RaftServerConfigKeys (ConfUtils.java:logGet(44)) - raft.server.log.segment.size.max = 1048576 (custom)
2020-07-22 12:33:36,444 [pool-407-thread-1] INFO  server.RaftServerConfigKeys (ConfUtils.java:logGet(44)) - raft.server.log.segment.cache.num.max = 2 (custom)
2020-07-22 12:33:36,445 [pool-407-thread-1] INFO  segmented.SegmentedRaftLogWorker (SegmentedRaftLogWorker.java:<init>(180)) - new cbf3b94c-a31f-438c-8480-20d914ac9d1c@group-962450AE1251-SegmentedRaftLogWorker for RaftStorage:Storage Directory /github/workspace/mnt/ozone/hadoop-ozone/integration-test/target/test-dir/MiniOzoneClusterImpl-27133a7a-4276-4edb-aad9-b93835fdb948/datanode-4/data/ratis/ae4b61c7-78f9-4f72-b628-962450ae1251
2020-07-22 12:33:36,445 [pool-407-thread-1] INFO  server.RaftServerConfigKeys (ConfUtils.java:logGet(44)) - raft.server.log.queue.byte-limit = 2147483647 (custom)
2020-07-22 12:33:36,445 [pool-407-thread-1] INFO  server.RaftServerConfigKeys (ConfUtils.java:logGet(44)) - raft.server.log.queue.element-limit = 1024 (custom)
2020-07-22 12:33:36,445 [pool-407-thread-1] INFO  server.RaftServerConfigKeys (ConfUtils.java:logGet(44)) - raft.server.log.segment.size.max = 1048576 (custom)
2020-07-22 12:33:36,445 [pool-407-thread-1] INFO  server.RaftServerConfigKeys (ConfUtils.java:logGet(44)) - raft.server.log.preallocated.size = 16384 (custom)
2020-07-22 12:33:36,445 [pool-407-thread-1] INFO  server.RaftServerConfigKeys (ConfUtils.java:logGet(44)) - raft.server.log.write.buffer.size = 1048576 (custom)
2020-07-22 12:33:36,445 [pool-407-thread-1] INFO  server.RaftServerConfigKeys (ConfUtils.java:logGet(44)) - raft.server.log.force.sync.num = 128 (default)
2020-07-22 12:33:36,445 [pool-407-thread-1] INFO  server.RaftServerConfigKeys (ConfUtils.java:logGet(44)) - raft.server.log.statemachine.data.sync = true (default)
2020-07-22 12:33:36,446 [pool-407-thread-1] INFO  server.RaftServerConfigKeys (ConfUtils.java:logGet(44)) - raft.server.log.statemachine.data.sync.timeout = 10s (default)
2020-07-22 12:33:36,446 [pool-407-thread-1] INFO  server.RaftServerConfigKeys (ConfUtils.java:logGet(44)) - raft.server.log.statemachine.data.sync.timeout.retry = -1 (default)
2020-07-22 12:33:36,448 [pool-407-thread-1] INFO  server.RaftServerConfigKeys (ConfUtils.java:logGet(44)) - raft.server.log.statemachine.data.caching.enabled = true (custom)
2020-07-22 12:33:36,448 [pool-407-thread-1] INFO  segmented.SegmentedRaftLogWorker (SegmentedRaftLogWorker.java:lambda$new$0(129)) - cbf3b94c-a31f-438c-8480-20d914ac9d1c@group-962450AE1251-SegmentedRaftLogWorker: flushIndex: setUnconditionally 0 -> -1
2020-07-22 12:33:36,448 [pool-407-thread-1] INFO  segmented.SegmentedRaftLogWorker (SegmentedRaftLogWorker.java:lambda$new$0(129)) - cbf3b94c-a31f-438c-8480-20d914ac9d1c@group-962450AE1251-SegmentedRaftLogWorker: safeCacheEvictIndex: setUnconditionally 0 -> -1
2020-07-22 12:33:36,448 [pool-407-thread-1] INFO  server.RaftServerConfigKeys (ConfUtils.java:logGet(44)) - raft.server.snapshot.auto.trigger.enabled = true (custom)
2020-07-22 12:33:36,448 [pool-407-thread-1] INFO  server.RaftServerConfigKeys (ConfUtils.java:logGet(44)) - raft.server.snapshot.auto.trigger.threshold = 10000 (custom)
2020-07-22 12:33:36,448 [pool-407-thread-1] INFO  server.RaftServerConfigKeys (ConfUtils.java:logGet(44)) - raft.server.snapshot.retention.file.num = 5 (custom)
2020-07-22 12:33:36,448 [pool-407-thread-1] INFO  server.RaftServerConfigKeys (ConfUtils.java:logGet(44)) - raft.server.log.purge.upto.snapshot.index = false (default)
2020-07-22 12:33:36,448 [pool-407-thread-1] INFO  server.RaftServerConfigKeys (ConfUtils.java:logGet(44)) - raft.server.retrycache.expirytime = 600000ms (custom)
2020-07-22 12:33:36,448 [pool-407-thread-1] INFO  metrics.RatisMetrics (RatisMetrics.java:lambda$create$0(36)) - Creating Metrics Registry : ratis.leader_election.cbf3b94c-a31f-438c-8480-20d914ac9d1c@group-962450AE1251
2020-07-22 12:33:36,449 [pool-407-thread-1] INFO  metrics.RatisMetrics (RatisMetrics.java:lambda$create$0(36)) - Creating Metrics Registry : ratis.server.cbf3b94c-a31f-438c-8480-20d914ac9d1c@group-962450AE1251
2020-07-22 12:33:36,450 [pool-407-thread-1] INFO  impl.RaftServerImpl (RaftServerImpl.java:start(196)) - cbf3b94c-a31f-438c-8480-20d914ac9d1c@group-962450AE1251: start as a follower, conf=-1: [cbf3b94c-a31f-438c-8480-20d914ac9d1c:172.17.0.2:36295], old=null
2020-07-22 12:33:36,450 [pool-407-thread-1] INFO  impl.RaftServerImpl (RaftServerImpl.java:setRole(185)) - cbf3b94c-a31f-438c-8480-20d914ac9d1c@group-962450AE1251: changes role from      null to FOLLOWER at term 0 for startAsFollower
2020-07-22 12:33:36,450 [pool-407-thread-1] INFO  impl.RoleInfo (RoleInfo.java:updateAndGet(143)) - cbf3b94c-a31f-438c-8480-20d914ac9d1c: start FollowerState
2020-07-22 12:33:36,451 [pool-407-thread-1] INFO  util.JmxRegister (JmxRegister.java:tryRegister(44)) - Successfully registered JMX Bean with object name Ratis:service=RaftServer,group=group-962450AE1251,id=cbf3b94c-a31f-438c-8480-20d914ac9d1c
2020-07-22 12:33:36,451 [pool-407-thread-1] INFO  metrics.RatisMetrics (RatisMetrics.java:lambda$create$0(36)) - Creating Metrics Registry : ratis.state_machine.cbf3b94c-a31f-438c-8480-20d914ac9d1c@group-962450AE1251
2020-07-22 12:33:36,451 [Command processor thread] INFO  commandhandler.CreatePipelineCommandHandler (CreatePipelineCommandHandler.java:handle(109)) - Created Pipeline RATIS ONE #id: "ae4b61c7-78f9-4f72-b628-962450ae1251"
uuid128 {
  mostSigBits: -5887504578500800654
  leastSigBits: -5320837877021666735
}
.
2020-07-22 12:33:36,566 [Command processor thread] INFO  impl.RaftServerProxy (RaftServerProxy.java:addNew(89)) - d6264bd5-628b-4389-82c0-e2589ee55aba: addNew group-73E2E86F0E11:[d6264bd5-628b-4389-82c0-e2589ee55aba:172.17.0.2:46661] returns group-73E2E86F0E11:java.util.concurrent.CompletableFuture@17b2213c[Not completed]
2020-07-22 12:33:36,567 [pool-422-thread-1] INFO  impl.RaftServerImpl (RaftServerImpl.java:<init>(107)) - d6264bd5-628b-4389-82c0-e2589ee55aba: new RaftServerImpl for group-73E2E86F0E11:[d6264bd5-628b-4389-82c0-e2589ee55aba:172.17.0.2:46661] with ContainerStateMachine:uninitialized
2020-07-22 12:33:36,567 [pool-422-thread-1] INFO  server.RaftServerConfigKeys (ConfUtils.java:logGet(44)) - raft.server.rpc.timeout.min = 5s (custom)
2020-07-22 12:33:36,567 [pool-422-thread-1] INFO  server.RaftServerConfigKeys (ConfUtils.java:logGet(44)) - raft.server.rpc.timeout.max = 5200ms (custom)
2020-07-22 12:33:36,567 [pool-422-thread-1] INFO  server.RaftServerConfigKeys (ConfUtils.java:logGet(44)) - raft.server.rpcslowness.timeout = 300000ms (custom)
2020-07-22 12:33:36,567 [pool-422-thread-1] INFO  server.RaftServerConfigKeys (ConfUtils.java:logGet(44)) - raft.server.sleep.deviation.threshold = 300 (default)
2020-07-22 12:33:36,567 [pool-422-thread-1] INFO  server.RaftServerConfigKeys (ConfUtils.java:logGet(44)) - raft.server.log.appender.install.snapshot.enabled = false (custom)
2020-07-22 12:33:36,567 [pool-422-thread-1] INFO  impl.RaftServerImpl (ServerState.java:<init>(103)) - d6264bd5-628b-4389-82c0-e2589ee55aba@group-73E2E86F0E11: ConfigurationManager, init=-1: [d6264bd5-628b-4389-82c0-e2589ee55aba:172.17.0.2:46661], old=null, confs=<EMPTY_MAP>
2020-07-22 12:33:36,567 [pool-422-thread-1] INFO  server.RaftServerConfigKeys (ConfUtils.java:logGet(44)) - raft.server.storage.dir = [/github/workspace/mnt/ozone/hadoop-ozone/integration-test/target/test-dir/MiniOzoneClusterImpl-27133a7a-4276-4edb-aad9-b93835fdb948/datanode-5/data/ratis] (custom)
2020-07-22 12:33:36,567 [pool-422-thread-1] INFO  server.RaftServerConfigKeys (ConfUtils.java:logGet(44)) - raft.server.log.corruption.policy = EXCEPTION (default)
2020-07-22 12:33:36,568 [pool-422-thread-1] INFO  storage.RaftStorageDirectory (RaftStorageDirectory.java:analyzeStorage(261)) - The storage directory /github/workspace/mnt/ozone/hadoop-ozone/integration-test/target/test-dir/MiniOzoneClusterImpl-27133a7a-4276-4edb-aad9-b93835fdb948/datanode-5/data/ratis/7da5d299-1741-493f-bc8d-73e2e86f0e11 does not exist. Creating ...
2020-07-22 12:33:36,570 [pool-422-thread-1] INFO  storage.RaftStorageDirectory (RaftStorageDirectory.java:tryLock(343)) - Lock on /github/workspace/mnt/ozone/hadoop-ozone/integration-test/target/test-dir/MiniOzoneClusterImpl-27133a7a-4276-4edb-aad9-b93835fdb948/datanode-5/data/ratis/7da5d299-1741-493f-bc8d-73e2e86f0e11/in_use.lock acquired by nodename 10747@c8d1cb744cae
2020-07-22 12:33:36,571 [pool-422-thread-1] INFO  storage.RaftStorage (RaftStorage.java:format(84)) - Storage directory /github/workspace/mnt/ozone/hadoop-ozone/integration-test/target/test-dir/MiniOzoneClusterImpl-27133a7a-4276-4edb-aad9-b93835fdb948/datanode-5/data/ratis/7da5d299-1741-493f-bc8d-73e2e86f0e11 has been successfully formatted.
2020-07-22 12:33:36,572 [pool-422-thread-1] INFO  ratis.ContainerStateMachine (ContainerStateMachine.java:loadSnapshot(225)) - group-73E2E86F0E11: The snapshot info is null. Setting the last applied indexto:(t:0, i:~)
2020-07-22 12:33:36,572 [pool-422-thread-1] INFO  server.RaftServerConfigKeys (ConfUtils.java:logGet(44)) - raft.server.notification.no-leader.timeout = 300000ms (custom)
2020-07-22 12:33:36,572 [pool-422-thread-1] INFO  server.RaftServerConfigKeys (ConfUtils.java:logGet(44)) - raft.server.log.use.memory = false (default)
2020-07-22 12:33:36,572 [pool-422-thread-1] INFO  server.RaftServerConfigKeys (ConfUtils.java:logGet(44)) - raft.server.log.purge.gap = 1000000 (custom)
2020-07-22 12:33:36,572 [pool-422-thread-1] INFO  metrics.RatisMetrics (RatisMetrics.java:lambda$create$0(36)) - Creating Metrics Registry : ratis.log_worker.d6264bd5-628b-4389-82c0-e2589ee55aba@group-73E2E86F0E11
2020-07-22 12:33:36,573 [EventQueue-PipelineReportForPipelineReportHandler] INFO  pipeline.PipelineStateManager (PipelineStateManager.java:openPipeline(131)) - Pipeline Pipeline[ Id: 7da5d299-1741-493f-bc8d-73e2e86f0e11, Nodes: d6264bd5-628b-4389-82c0-e2589ee55aba{ip: 172.17.0.2, host: c8d1cb744cae, networkLocation: /default-rack, certSerialId: null}, Type:RATIS, Factor:ONE, State:ALLOCATED, leaderId:d6264bd5-628b-4389-82c0-e2589ee55aba, CreationTimestamp2020-07-22T12:33:33.568Z] moved to OPEN state
2020-07-22 12:33:36,573 [pool-422-thread-1] INFO  server.RaftServerConfigKeys (ConfUtils.java:logGet(44)) - raft.server.log.appender.buffer.byte-limit = 33554432 (custom)
2020-07-22 12:33:36,573 [pool-422-thread-1] INFO  server.RaftServerConfigKeys (ConfUtils.java:logGet(44)) - raft.server.log.segment.size.max = 1048576 (custom)
2020-07-22 12:33:36,573 [EventQueue-OpenPipelineForHealthyPipelineSafeModeRule] INFO  safemode.SCMSafeModeManager (HealthyPipelineSafeModeRule.java:process(129)) - SCM in safe mode. Healthy pipelines reported count is 0, required healthy pipeline reported count is 1
2020-07-22 12:33:36,573 [EventQueue-OpenPipelineForOneReplicaPipelineSafeModeRule] INFO  safemode.SCMSafeModeManager (SCMSafeModeManager.java:validateSafeModeExitRules(214)) - AtleastOneDatanodeReportedRule rule is successfully validated
2020-07-22 12:33:36,574 [pool-422-thread-1] INFO  server.RaftServerConfigKeys (ConfUtils.java:logGet(44)) - raft.server.log.segment.cache.num.max = 2 (custom)
2020-07-22 12:33:36,574 [pool-422-thread-1] INFO  segmented.SegmentedRaftLogWorker (SegmentedRaftLogWorker.java:<init>(180)) - new d6264bd5-628b-4389-82c0-e2589ee55aba@group-73E2E86F0E11-SegmentedRaftLogWorker for RaftStorage:Storage Directory /github/workspace/mnt/ozone/hadoop-ozone/integration-test/target/test-dir/MiniOzoneClusterImpl-27133a7a-4276-4edb-aad9-b93835fdb948/datanode-5/data/ratis/7da5d299-1741-493f-bc8d-73e2e86f0e11
2020-07-22 12:33:36,574 [pool-422-thread-1] INFO  server.RaftServerConfigKeys (ConfUtils.java:logGet(44)) - raft.server.log.queue.byte-limit = 2147483647 (custom)
2020-07-22 12:33:36,574 [pool-422-thread-1] INFO  server.RaftServerConfigKeys (ConfUtils.java:logGet(44)) - raft.server.log.queue.element-limit = 1024 (custom)
2020-07-22 12:33:36,574 [pool-422-thread-1] INFO  server.RaftServerConfigKeys (ConfUtils.java:logGet(44)) - raft.server.log.segment.size.max = 1048576 (custom)
2020-07-22 12:33:36,574 [pool-422-thread-1] INFO  server.RaftServerConfigKeys (ConfUtils.java:logGet(44)) - raft.server.log.preallocated.size = 16384 (custom)
2020-07-22 12:33:36,574 [pool-422-thread-1] INFO  server.RaftServerConfigKeys (ConfUtils.java:logGet(44)) - raft.server.log.write.buffer.size = 1048576 (custom)
2020-07-22 12:33:36,574 [pool-422-thread-1] INFO  server.RaftServerConfigKeys (ConfUtils.java:logGet(44)) - raft.server.log.force.sync.num = 128 (default)
2020-07-22 12:33:36,574 [pool-422-thread-1] INFO  server.RaftServerConfigKeys (ConfUtils.java:logGet(44)) - raft.server.log.statemachine.data.sync = true (default)
2020-07-22 12:33:36,574 [pool-422-thread-1] INFO  server.RaftServerConfigKeys (ConfUtils.java:logGet(44)) - raft.server.log.statemachine.data.sync.timeout = 10s (default)
2020-07-22 12:33:36,574 [pool-422-thread-1] INFO  server.RaftServerConfigKeys (ConfUtils.java:logGet(44)) - raft.server.log.statemachine.data.sync.timeout.retry = -1 (default)
2020-07-22 12:33:36,576 [pool-422-thread-1] INFO  server.RaftServerConfigKeys (ConfUtils.java:logGet(44)) - raft.server.log.statemachine.data.caching.enabled = true (custom)
2020-07-22 12:33:36,577 [pool-422-thread-1] INFO  segmented.SegmentedRaftLogWorker (SegmentedRaftLogWorker.java:lambda$new$0(129)) - d6264bd5-628b-4389-82c0-e2589ee55aba@group-73E2E86F0E11-SegmentedRaftLogWorker: flushIndex: setUnconditionally 0 -> -1
2020-07-22 12:33:36,577 [pool-422-thread-1] INFO  segmented.SegmentedRaftLogWorker (SegmentedRaftLogWorker.java:lambda$new$0(129)) - d6264bd5-628b-4389-82c0-e2589ee55aba@group-73E2E86F0E11-SegmentedRaftLogWorker: safeCacheEvictIndex: setUnconditionally 0 -> -1
2020-07-22 12:33:36,577 [pool-422-thread-1] INFO  server.RaftServerConfigKeys (ConfUtils.java:logGet(44)) - raft.server.snapshot.auto.trigger.enabled = true (custom)
2020-07-22 12:33:36,577 [pool-422-thread-1] INFO  server.RaftServerConfigKeys (ConfUtils.java:logGet(44)) - raft.server.snapshot.auto.trigger.threshold = 10000 (custom)
2020-07-22 12:33:36,577 [pool-422-thread-1] INFO  server.RaftServerConfigKeys (ConfUtils.java:logGet(44)) - raft.server.snapshot.retention.file.num = 5 (custom)
2020-07-22 12:33:36,577 [pool-422-thread-1] INFO  server.RaftServerConfigKeys (ConfUtils.java:logGet(44)) - raft.server.log.purge.upto.snapshot.index = false (default)
2020-07-22 12:33:36,577 [pool-422-thread-1] INFO  server.RaftServerConfigKeys (ConfUtils.java:logGet(44)) - raft.server.retrycache.expirytime = 600000ms (custom)
2020-07-22 12:33:36,577 [pool-422-thread-1] INFO  metrics.RatisMetrics (RatisMetrics.java:lambda$create$0(36)) - Creating Metrics Registry : ratis.leader_election.d6264bd5-628b-4389-82c0-e2589ee55aba@group-73E2E86F0E11
2020-07-22 12:33:36,578 [pool-422-thread-1] INFO  metrics.RatisMetrics (RatisMetrics.java:lambda$create$0(36)) - Creating Metrics Registry : ratis.server.d6264bd5-628b-4389-82c0-e2589ee55aba@group-73E2E86F0E11
2020-07-22 12:33:36,579 [pool-422-thread-1] INFO  impl.RaftServerImpl (RaftServerImpl.java:start(196)) - d6264bd5-628b-4389-82c0-e2589ee55aba@group-73E2E86F0E11: start as a follower, conf=-1: [d6264bd5-628b-4389-82c0-e2589ee55aba:172.17.0.2:46661], old=null
2020-07-22 12:33:36,579 [pool-422-thread-1] INFO  impl.RaftServerImpl (RaftServerImpl.java:setRole(185)) - d6264bd5-628b-4389-82c0-e2589ee55aba@group-73E2E86F0E11: changes role from      null to FOLLOWER at term 0 for startAsFollower
2020-07-22 12:33:36,579 [pool-422-thread-1] INFO  impl.RoleInfo (RoleInfo.java:updateAndGet(143)) - d6264bd5-628b-4389-82c0-e2589ee55aba: start FollowerState
2020-07-22 12:33:36,580 [pool-422-thread-1] INFO  util.JmxRegister (JmxRegister.java:tryRegister(44)) - Successfully registered JMX Bean with object name Ratis:service=RaftServer,group=group-73E2E86F0E11,id=d6264bd5-628b-4389-82c0-e2589ee55aba
2020-07-22 12:33:36,580 [pool-422-thread-1] INFO  metrics.RatisMetrics (RatisMetrics.java:lambda$create$0(36)) - Creating Metrics Registry : ratis.state_machine.d6264bd5-628b-4389-82c0-e2589ee55aba@group-73E2E86F0E11
2020-07-22 12:33:36,581 [Command processor thread] INFO  commandhandler.CreatePipelineCommandHandler (CreatePipelineCommandHandler.java:handle(109)) - Created Pipeline RATIS ONE #id: "7da5d299-1741-493f-bc8d-73e2e86f0e11"
uuid128 {
  mostSigBits: 9053874180860234047
  leastSigBits: -4860101004463501807
}
.
2020-07-22 12:33:36,704 [Command processor thread] INFO  impl.RaftServerProxy (RaftServerProxy.java:addNew(89)) - ed643190-f63c-42a5-a25b-abc89167c706: addNew group-EA8BDD649163:[ed643190-f63c-42a5-a25b-abc89167c706:172.17.0.2:40075] returns group-EA8BDD649163:java.util.concurrent.CompletableFuture@79145afe[Not completed]
2020-07-22 12:33:36,705 [pool-437-thread-1] INFO  impl.RaftServerImpl (RaftServerImpl.java:<init>(107)) - ed643190-f63c-42a5-a25b-abc89167c706: new RaftServerImpl for group-EA8BDD649163:[ed643190-f63c-42a5-a25b-abc89167c706:172.17.0.2:40075] with ContainerStateMachine:uninitialized
2020-07-22 12:33:36,706 [pool-437-thread-1] INFO  server.RaftServerConfigKeys (ConfUtils.java:logGet(44)) - raft.server.rpc.timeout.min = 5s (custom)
2020-07-22 12:33:36,706 [pool-437-thread-1] INFO  server.RaftServerConfigKeys (ConfUtils.java:logGet(44)) - raft.server.rpc.timeout.max = 5200ms (custom)
2020-07-22 12:33:36,706 [pool-437-thread-1] INFO  server.RaftServerConfigKeys (ConfUtils.java:logGet(44)) - raft.server.rpcslowness.timeout = 300000ms (custom)
2020-07-22 12:33:36,706 [pool-437-thread-1] INFO  server.RaftServerConfigKeys (ConfUtils.java:logGet(44)) - raft.server.sleep.deviation.threshold = 300 (default)
2020-07-22 12:33:36,706 [pool-437-thread-1] INFO  server.RaftServerConfigKeys (ConfUtils.java:logGet(44)) - raft.server.log.appender.install.snapshot.enabled = false (custom)
2020-07-22 12:33:36,706 [pool-437-thread-1] INFO  impl.RaftServerImpl (ServerState.java:<init>(103)) - ed643190-f63c-42a5-a25b-abc89167c706@group-EA8BDD649163: ConfigurationManager, init=-1: [ed643190-f63c-42a5-a25b-abc89167c706:172.17.0.2:40075], old=null, confs=<EMPTY_MAP>
2020-07-22 12:33:36,706 [pool-437-thread-1] INFO  server.RaftServerConfigKeys (ConfUtils.java:logGet(44)) - raft.server.storage.dir = [/github/workspace/mnt/ozone/hadoop-ozone/integration-test/target/test-dir/MiniOzoneClusterImpl-27133a7a-4276-4edb-aad9-b93835fdb948/datanode-6/data/ratis] (custom)
2020-07-22 12:33:36,706 [pool-437-thread-1] INFO  server.RaftServerConfigKeys (ConfUtils.java:logGet(44)) - raft.server.log.corruption.policy = EXCEPTION (default)
2020-07-22 12:33:36,706 [pool-437-thread-1] INFO  storage.RaftStorageDirectory (RaftStorageDirectory.java:analyzeStorage(261)) - The storage directory /github/workspace/mnt/ozone/hadoop-ozone/integration-test/target/test-dir/MiniOzoneClusterImpl-27133a7a-4276-4edb-aad9-b93835fdb948/datanode-6/data/ratis/2634048c-d62b-44af-82a4-ea8bdd649163 does not exist. Creating ...
2020-07-22 12:33:36,708 [pool-437-thread-1] INFO  storage.RaftStorageDirectory (RaftStorageDirectory.java:tryLock(343)) - Lock on /github/workspace/mnt/ozone/hadoop-ozone/integration-test/target/test-dir/MiniOzoneClusterImpl-27133a7a-4276-4edb-aad9-b93835fdb948/datanode-6/data/ratis/2634048c-d62b-44af-82a4-ea8bdd649163/in_use.lock acquired by nodename 10747@c8d1cb744cae
2020-07-22 12:33:36,710 [pool-437-thread-1] INFO  storage.RaftStorage (RaftStorage.java:format(84)) - Storage directory /github/workspace/mnt/ozone/hadoop-ozone/integration-test/target/test-dir/MiniOzoneClusterImpl-27133a7a-4276-4edb-aad9-b93835fdb948/datanode-6/data/ratis/2634048c-d62b-44af-82a4-ea8bdd649163 has been successfully formatted.
2020-07-22 12:33:36,711 [pool-437-thread-1] INFO  ratis.ContainerStateMachine (ContainerStateMachine.java:loadSnapshot(225)) - group-EA8BDD649163: The snapshot info is null. Setting the last applied indexto:(t:0, i:~)
2020-07-22 12:33:36,712 [EventQueue-PipelineReportForPipelineReportHandler] INFO  pipeline.PipelineStateManager (PipelineStateManager.java:openPipeline(131)) - Pipeline Pipeline[ Id: 2634048c-d62b-44af-82a4-ea8bdd649163, Nodes: ed643190-f63c-42a5-a25b-abc89167c706{ip: 172.17.0.2, host: c8d1cb744cae, networkLocation: /default-rack, certSerialId: null}, Type:RATIS, Factor:ONE, State:ALLOCATED, leaderId:ed643190-f63c-42a5-a25b-abc89167c706, CreationTimestamp2020-07-22T12:33:33.707Z] moved to OPEN state
2020-07-22 12:33:36,712 [pool-437-thread-1] INFO  server.RaftServerConfigKeys (ConfUtils.java:logGet(44)) - raft.server.notification.no-leader.timeout = 300000ms (custom)
2020-07-22 12:33:36,712 [pool-437-thread-1] INFO  server.RaftServerConfigKeys (ConfUtils.java:logGet(44)) - raft.server.log.use.memory = false (default)
2020-07-22 12:33:36,712 [EventQueue-OpenPipelineForHealthyPipelineSafeModeRule] INFO  safemode.SCMSafeModeManager (HealthyPipelineSafeModeRule.java:process(129)) - SCM in safe mode. Healthy pipelines reported count is 0, required healthy pipeline reported count is 1
2020-07-22 12:33:36,713 [EventQueue-OpenPipelineForOneReplicaPipelineSafeModeRule] INFO  safemode.SCMSafeModeManager (SCMSafeModeManager.java:validateSafeModeExitRules(214)) - AtleastOneDatanodeReportedRule rule is successfully validated
2020-07-22 12:33:36,712 [pool-437-thread-1] INFO  server.RaftServerConfigKeys (ConfUtils.java:logGet(44)) - raft.server.log.purge.gap = 1000000 (custom)
2020-07-22 12:33:36,713 [pool-437-thread-1] INFO  metrics.RatisMetrics (RatisMetrics.java:lambda$create$0(36)) - Creating Metrics Registry : ratis.log_worker.ed643190-f63c-42a5-a25b-abc89167c706@group-EA8BDD649163
2020-07-22 12:33:36,713 [pool-437-thread-1] INFO  server.RaftServerConfigKeys (ConfUtils.java:logGet(44)) - raft.server.log.appender.buffer.byte-limit = 33554432 (custom)
2020-07-22 12:33:36,713 [pool-437-thread-1] INFO  server.RaftServerConfigKeys (ConfUtils.java:logGet(44)) - raft.server.log.segment.size.max = 1048576 (custom)
2020-07-22 12:33:36,714 [pool-437-thread-1] INFO  server.RaftServerConfigKeys (ConfUtils.java:logGet(44)) - raft.server.log.segment.cache.num.max = 2 (custom)
2020-07-22 12:33:36,714 [pool-437-thread-1] INFO  segmented.SegmentedRaftLogWorker (SegmentedRaftLogWorker.java:<init>(180)) - new ed643190-f63c-42a5-a25b-abc89167c706@group-EA8BDD649163-SegmentedRaftLogWorker for RaftStorage:Storage Directory /github/workspace/mnt/ozone/hadoop-ozone/integration-test/target/test-dir/MiniOzoneClusterImpl-27133a7a-4276-4edb-aad9-b93835fdb948/datanode-6/data/ratis/2634048c-d62b-44af-82a4-ea8bdd649163
2020-07-22 12:33:36,714 [pool-437-thread-1] INFO  server.RaftServerConfigKeys (ConfUtils.java:logGet(44)) - raft.server.log.queue.byte-limit = 2147483647 (custom)
2020-07-22 12:33:36,714 [pool-437-thread-1] INFO  server.RaftServerConfigKeys (ConfUtils.java:logGet(44)) - raft.server.log.queue.element-limit = 1024 (custom)
2020-07-22 12:33:36,714 [pool-437-thread-1] INFO  server.RaftServerConfigKeys (ConfUtils.java:logGet(44)) - raft.server.log.segment.size.max = 1048576 (custom)
2020-07-22 12:33:36,714 [pool-437-thread-1] INFO  server.RaftServerConfigKeys (ConfUtils.java:logGet(44)) - raft.server.log.preallocated.size = 16384 (custom)
2020-07-22 12:33:36,714 [pool-437-thread-1] INFO  server.RaftServerConfigKeys (ConfUtils.java:logGet(44)) - raft.server.log.write.buffer.size = 1048576 (custom)
2020-07-22 12:33:36,714 [pool-437-thread-1] INFO  server.RaftServerConfigKeys (ConfUtils.java:logGet(44)) - raft.server.log.force.sync.num = 128 (default)
2020-07-22 12:33:36,715 [pool-437-thread-1] INFO  server.RaftServerConfigKeys (ConfUtils.java:logGet(44)) - raft.server.log.statemachine.data.sync = true (default)
2020-07-22 12:33:36,715 [pool-437-thread-1] INFO  server.RaftServerConfigKeys (ConfUtils.java:logGet(44)) - raft.server.log.statemachine.data.sync.timeout = 10s (default)
2020-07-22 12:33:36,715 [pool-437-thread-1] INFO  server.RaftServerConfigKeys (ConfUtils.java:logGet(44)) - raft.server.log.statemachine.data.sync.timeout.retry = -1 (default)
2020-07-22 12:33:36,717 [pool-437-thread-1] INFO  server.RaftServerConfigKeys (ConfUtils.java:logGet(44)) - raft.server.log.statemachine.data.caching.enabled = true (custom)
2020-07-22 12:33:36,717 [pool-437-thread-1] INFO  segmented.SegmentedRaftLogWorker (SegmentedRaftLogWorker.java:lambda$new$0(129)) - ed643190-f63c-42a5-a25b-abc89167c706@group-EA8BDD649163-SegmentedRaftLogWorker: flushIndex: setUnconditionally 0 -> -1
2020-07-22 12:33:36,717 [pool-437-thread-1] INFO  segmented.SegmentedRaftLogWorker (SegmentedRaftLogWorker.java:lambda$new$0(129)) - ed643190-f63c-42a5-a25b-abc89167c706@group-EA8BDD649163-SegmentedRaftLogWorker: safeCacheEvictIndex: setUnconditionally 0 -> -1
2020-07-22 12:33:36,720 [pool-437-thread-1] INFO  server.RaftServerConfigKeys (ConfUtils.java:logGet(44)) - raft.server.snapshot.auto.trigger.enabled = true (custom)
2020-07-22 12:33:36,720 [pool-437-thread-1] INFO  server.RaftServerConfigKeys (ConfUtils.java:logGet(44)) - raft.server.snapshot.auto.trigger.threshold = 10000 (custom)
2020-07-22 12:33:36,720 [pool-437-thread-1] INFO  server.RaftServerConfigKeys (ConfUtils.java:logGet(44)) - raft.server.snapshot.retention.file.num = 5 (custom)
2020-07-22 12:33:36,720 [pool-437-thread-1] INFO  server.RaftServerConfigKeys (ConfUtils.java:logGet(44)) - raft.server.log.purge.upto.snapshot.index = false (default)
2020-07-22 12:33:36,720 [pool-437-thread-1] INFO  server.RaftServerConfigKeys (ConfUtils.java:logGet(44)) - raft.server.retrycache.expirytime = 600000ms (custom)
2020-07-22 12:33:36,721 [pool-437-thread-1] INFO  metrics.RatisMetrics (RatisMetrics.java:lambda$create$0(36)) - Creating Metrics Registry : ratis.leader_election.ed643190-f63c-42a5-a25b-abc89167c706@group-EA8BDD649163
2020-07-22 12:33:36,721 [pool-437-thread-1] INFO  metrics.RatisMetrics (RatisMetrics.java:lambda$create$0(36)) - Creating Metrics Registry : ratis.server.ed643190-f63c-42a5-a25b-abc89167c706@group-EA8BDD649163
2020-07-22 12:33:36,722 [pool-437-thread-1] INFO  impl.RaftServerImpl (RaftServerImpl.java:start(196)) - ed643190-f63c-42a5-a25b-abc89167c706@group-EA8BDD649163: start as a follower, conf=-1: [ed643190-f63c-42a5-a25b-abc89167c706:172.17.0.2:40075], old=null
2020-07-22 12:33:36,722 [pool-437-thread-1] INFO  impl.RaftServerImpl (RaftServerImpl.java:setRole(185)) - ed643190-f63c-42a5-a25b-abc89167c706@group-EA8BDD649163: changes role from      null to FOLLOWER at term 0 for startAsFollower
2020-07-22 12:33:36,722 [pool-437-thread-1] INFO  impl.RoleInfo (RoleInfo.java:updateAndGet(143)) - ed643190-f63c-42a5-a25b-abc89167c706: start FollowerState
2020-07-22 12:33:36,723 [pool-437-thread-1] INFO  util.JmxRegister (JmxRegister.java:tryRegister(44)) - Successfully registered JMX Bean with object name Ratis:service=RaftServer,group=group-EA8BDD649163,id=ed643190-f63c-42a5-a25b-abc89167c706
2020-07-22 12:33:36,723 [pool-437-thread-1] INFO  metrics.RatisMetrics (RatisMetrics.java:lambda$create$0(36)) - Creating Metrics Registry : ratis.state_machine.ed643190-f63c-42a5-a25b-abc89167c706@group-EA8BDD649163
2020-07-22 12:33:36,723 [Command processor thread] INFO  commandhandler.CreatePipelineCommandHandler (CreatePipelineCommandHandler.java:handle(109)) - Created Pipeline RATIS ONE #id: "2634048c-d62b-44af-82a4-ea8bdd649163"
uuid128 {
  mostSigBits: 2752830275165308079
  leastSigBits: -9032837066162663069
}
.
2020-07-22 12:33:36,724 [Command processor thread] INFO  impl.RaftServerProxy (RaftServerProxy.java:addNew(89)) - ed643190-f63c-42a5-a25b-abc89167c706: addNew group-FB061B3BD71D:[ed643190-f63c-42a5-a25b-abc89167c706:172.17.0.2:40075, 3c19c41d-1b55-464a-b43c-8bd35cf9b08d:172.17.0.2:35713, 6a8f51fc-5a65-4029-99ea-81b8e3132c48:172.17.0.2:41437] returns group-FB061B3BD71D:java.util.concurrent.CompletableFuture@7d2bc104[Not completed]
2020-07-22 12:33:36,725 [pool-437-thread-1] INFO  impl.RaftServerImpl (RaftServerImpl.java:<init>(107)) - ed643190-f63c-42a5-a25b-abc89167c706: new RaftServerImpl for group-FB061B3BD71D:[ed643190-f63c-42a5-a25b-abc89167c706:172.17.0.2:40075, 3c19c41d-1b55-464a-b43c-8bd35cf9b08d:172.17.0.2:35713, 6a8f51fc-5a65-4029-99ea-81b8e3132c48:172.17.0.2:41437] with ContainerStateMachine:uninitialized
2020-07-22 12:33:36,725 [pool-437-thread-1] INFO  server.RaftServerConfigKeys (ConfUtils.java:logGet(44)) - raft.server.rpc.timeout.min = 5s (custom)
2020-07-22 12:33:36,725 [pool-437-thread-1] INFO  server.RaftServerConfigKeys (ConfUtils.java:logGet(44)) - raft.server.rpc.timeout.max = 5200ms (custom)
2020-07-22 12:33:36,726 [pool-437-thread-1] INFO  server.RaftServerConfigKeys (ConfUtils.java:logGet(44)) - raft.server.rpcslowness.timeout = 300000ms (custom)
2020-07-22 12:33:36,726 [pool-437-thread-1] INFO  server.RaftServerConfigKeys (ConfUtils.java:logGet(44)) - raft.server.sleep.deviation.threshold = 300 (default)
2020-07-22 12:33:36,726 [pool-437-thread-1] INFO  server.RaftServerConfigKeys (ConfUtils.java:logGet(44)) - raft.server.log.appender.install.snapshot.enabled = false (custom)
2020-07-22 12:33:36,726 [pool-437-thread-1] INFO  impl.RaftServerImpl (ServerState.java:<init>(103)) - ed643190-f63c-42a5-a25b-abc89167c706@group-FB061B3BD71D: ConfigurationManager, init=-1: [ed643190-f63c-42a5-a25b-abc89167c706:172.17.0.2:40075, 3c19c41d-1b55-464a-b43c-8bd35cf9b08d:172.17.0.2:35713, 6a8f51fc-5a65-4029-99ea-81b8e3132c48:172.17.0.2:41437], old=null, confs=<EMPTY_MAP>
2020-07-22 12:33:36,726 [pool-437-thread-1] INFO  server.RaftServerConfigKeys (ConfUtils.java:logGet(44)) - raft.server.storage.dir = [/github/workspace/mnt/ozone/hadoop-ozone/integration-test/target/test-dir/MiniOzoneClusterImpl-27133a7a-4276-4edb-aad9-b93835fdb948/datanode-6/data/ratis] (custom)
2020-07-22 12:33:36,726 [pool-437-thread-1] INFO  server.RaftServerConfigKeys (ConfUtils.java:logGet(44)) - raft.server.log.corruption.policy = EXCEPTION (default)
2020-07-22 12:33:36,726 [pool-437-thread-1] INFO  storage.RaftStorageDirectory (RaftStorageDirectory.java:analyzeStorage(261)) - The storage directory /github/workspace/mnt/ozone/hadoop-ozone/integration-test/target/test-dir/MiniOzoneClusterImpl-27133a7a-4276-4edb-aad9-b93835fdb948/datanode-6/data/ratis/39facacb-e427-42b1-8966-fb061b3bd71d does not exist. Creating ...
2020-07-22 12:33:36,727 [pool-437-thread-1] INFO  storage.RaftStorageDirectory (RaftStorageDirectory.java:tryLock(343)) - Lock on /github/workspace/mnt/ozone/hadoop-ozone/integration-test/target/test-dir/MiniOzoneClusterImpl-27133a7a-4276-4edb-aad9-b93835fdb948/datanode-6/data/ratis/39facacb-e427-42b1-8966-fb061b3bd71d/in_use.lock acquired by nodename 10747@c8d1cb744cae
2020-07-22 12:33:36,729 [pool-437-thread-1] INFO  storage.RaftStorage (RaftStorage.java:format(84)) - Storage directory /github/workspace/mnt/ozone/hadoop-ozone/integration-test/target/test-dir/MiniOzoneClusterImpl-27133a7a-4276-4edb-aad9-b93835fdb948/datanode-6/data/ratis/39facacb-e427-42b1-8966-fb061b3bd71d has been successfully formatted.
2020-07-22 12:33:36,729 [pool-437-thread-1] INFO  ratis.ContainerStateMachine (ContainerStateMachine.java:loadSnapshot(225)) - group-FB061B3BD71D: The snapshot info is null. Setting the last applied indexto:(t:0, i:~)
2020-07-22 12:33:36,730 [pool-437-thread-1] INFO  server.RaftServerConfigKeys (ConfUtils.java:logGet(44)) - raft.server.notification.no-leader.timeout = 300000ms (custom)
2020-07-22 12:33:36,730 [pool-437-thread-1] INFO  server.RaftServerConfigKeys (ConfUtils.java:logGet(44)) - raft.server.log.use.memory = false (default)
2020-07-22 12:33:36,730 [pool-437-thread-1] INFO  server.RaftServerConfigKeys (ConfUtils.java:logGet(44)) - raft.server.log.purge.gap = 1000000 (custom)
2020-07-22 12:33:36,730 [pool-437-thread-1] INFO  metrics.RatisMetrics (RatisMetrics.java:lambda$create$0(36)) - Creating Metrics Registry : ratis.log_worker.ed643190-f63c-42a5-a25b-abc89167c706@group-FB061B3BD71D
2020-07-22 12:33:36,730 [pool-437-thread-1] INFO  server.RaftServerConfigKeys (ConfUtils.java:logGet(44)) - raft.server.log.appender.buffer.byte-limit = 33554432 (custom)
2020-07-22 12:33:36,730 [pool-437-thread-1] INFO  server.RaftServerConfigKeys (ConfUtils.java:logGet(44)) - raft.server.log.segment.size.max = 1048576 (custom)
2020-07-22 12:33:36,731 [pool-437-thread-1] INFO  server.RaftServerConfigKeys (ConfUtils.java:logGet(44)) - raft.server.log.segment.cache.num.max = 2 (custom)
2020-07-22 12:33:36,731 [pool-437-thread-1] INFO  segmented.SegmentedRaftLogWorker (SegmentedRaftLogWorker.java:<init>(180)) - new ed643190-f63c-42a5-a25b-abc89167c706@group-FB061B3BD71D-SegmentedRaftLogWorker for RaftStorage:Storage Directory /github/workspace/mnt/ozone/hadoop-ozone/integration-test/target/test-dir/MiniOzoneClusterImpl-27133a7a-4276-4edb-aad9-b93835fdb948/datanode-6/data/ratis/39facacb-e427-42b1-8966-fb061b3bd71d
2020-07-22 12:33:36,731 [pool-437-thread-1] INFO  server.RaftServerConfigKeys (ConfUtils.java:logGet(44)) - raft.server.log.queue.byte-limit = 2147483647 (custom)
2020-07-22 12:33:36,731 [pool-437-thread-1] INFO  server.RaftServerConfigKeys (ConfUtils.java:logGet(44)) - raft.server.log.queue.element-limit = 1024 (custom)
2020-07-22 12:33:36,731 [pool-437-thread-1] INFO  server.RaftServerConfigKeys (ConfUtils.java:logGet(44)) - raft.server.log.segment.size.max = 1048576 (custom)
2020-07-22 12:33:36,731 [pool-437-thread-1] INFO  server.RaftServerConfigKeys (ConfUtils.java:logGet(44)) - raft.server.log.preallocated.size = 16384 (custom)
2020-07-22 12:33:36,731 [pool-437-thread-1] INFO  server.RaftServerConfigKeys (ConfUtils.java:logGet(44)) - raft.server.log.write.buffer.size = 1048576 (custom)
2020-07-22 12:33:36,732 [pool-437-thread-1] INFO  server.RaftServerConfigKeys (ConfUtils.java:logGet(44)) - raft.server.log.force.sync.num = 128 (default)
2020-07-22 12:33:36,732 [pool-437-thread-1] INFO  server.RaftServerConfigKeys (ConfUtils.java:logGet(44)) - raft.server.log.statemachine.data.sync = true (default)
2020-07-22 12:33:36,732 [pool-437-thread-1] INFO  server.RaftServerConfigKeys (ConfUtils.java:logGet(44)) - raft.server.log.statemachine.data.sync.timeout = 10s (default)
2020-07-22 12:33:36,732 [pool-437-thread-1] INFO  server.RaftServerConfigKeys (ConfUtils.java:logGet(44)) - raft.server.log.statemachine.data.sync.timeout.retry = -1 (default)
2020-07-22 12:33:36,734 [pool-437-thread-1] INFO  server.RaftServerConfigKeys (ConfUtils.java:logGet(44)) - raft.server.log.statemachine.data.caching.enabled = true (custom)
2020-07-22 12:33:36,734 [pool-437-thread-1] INFO  segmented.SegmentedRaftLogWorker (SegmentedRaftLogWorker.java:lambda$new$0(129)) - ed643190-f63c-42a5-a25b-abc89167c706@group-FB061B3BD71D-SegmentedRaftLogWorker: flushIndex: setUnconditionally 0 -> -1
2020-07-22 12:33:36,734 [pool-437-thread-1] INFO  segmented.SegmentedRaftLogWorker (SegmentedRaftLogWorker.java:lambda$new$0(129)) - ed643190-f63c-42a5-a25b-abc89167c706@group-FB061B3BD71D-SegmentedRaftLogWorker: safeCacheEvictIndex: setUnconditionally 0 -> -1
2020-07-22 12:33:36,734 [pool-437-thread-1] INFO  server.RaftServerConfigKeys (ConfUtils.java:logGet(44)) - raft.server.snapshot.auto.trigger.enabled = true (custom)
2020-07-22 12:33:36,734 [pool-437-thread-1] INFO  server.RaftServerConfigKeys (ConfUtils.java:logGet(44)) - raft.server.snapshot.auto.trigger.threshold = 10000 (custom)
2020-07-22 12:33:36,734 [pool-437-thread-1] INFO  server.RaftServerConfigKeys (ConfUtils.java:logGet(44)) - raft.server.snapshot.retention.file.num = 5 (custom)
2020-07-22 12:33:36,734 [pool-437-thread-1] INFO  server.RaftServerConfigKeys (ConfUtils.java:logGet(44)) - raft.server.log.purge.upto.snapshot.index = false (default)
2020-07-22 12:33:36,735 [pool-437-thread-1] INFO  server.RaftServerConfigKeys (ConfUtils.java:logGet(44)) - raft.server.retrycache.expirytime = 600000ms (custom)
2020-07-22 12:33:36,735 [pool-437-thread-1] INFO  metrics.RatisMetrics (RatisMetrics.java:lambda$create$0(36)) - Creating Metrics Registry : ratis.leader_election.ed643190-f63c-42a5-a25b-abc89167c706@group-FB061B3BD71D
2020-07-22 12:33:36,735 [pool-437-thread-1] INFO  metrics.RatisMetrics (RatisMetrics.java:lambda$create$0(36)) - Creating Metrics Registry : ratis.server.ed643190-f63c-42a5-a25b-abc89167c706@group-FB061B3BD71D
2020-07-22 12:33:36,736 [pool-437-thread-1] INFO  impl.RaftServerImpl (RaftServerImpl.java:start(196)) - ed643190-f63c-42a5-a25b-abc89167c706@group-FB061B3BD71D: start as a follower, conf=-1: [ed643190-f63c-42a5-a25b-abc89167c706:172.17.0.2:40075, 3c19c41d-1b55-464a-b43c-8bd35cf9b08d:172.17.0.2:35713, 6a8f51fc-5a65-4029-99ea-81b8e3132c48:172.17.0.2:41437], old=null
2020-07-22 12:33:36,736 [pool-437-thread-1] INFO  impl.RaftServerImpl (RaftServerImpl.java:setRole(185)) - ed643190-f63c-42a5-a25b-abc89167c706@group-FB061B3BD71D: changes role from      null to FOLLOWER at term 0 for startAsFollower
2020-07-22 12:33:36,737 [pool-437-thread-1] INFO  impl.RoleInfo (RoleInfo.java:updateAndGet(143)) - ed643190-f63c-42a5-a25b-abc89167c706: start FollowerState
2020-07-22 12:33:36,737 [pool-437-thread-1] INFO  util.JmxRegister (JmxRegister.java:tryRegister(44)) - Successfully registered JMX Bean with object name Ratis:service=RaftServer,group=group-FB061B3BD71D,id=ed643190-f63c-42a5-a25b-abc89167c706
2020-07-22 12:33:36,737 [pool-437-thread-1] INFO  metrics.RatisMetrics (RatisMetrics.java:lambda$create$0(36)) - Creating Metrics Registry : ratis.state_machine.ed643190-f63c-42a5-a25b-abc89167c706@group-FB061B3BD71D
2020-07-22 12:33:36,744 [grpc-default-executor-1] INFO  impl.RaftServerProxy (RaftServerProxy.java:addNew(89)) - 3c19c41d-1b55-464a-b43c-8bd35cf9b08d: addNew group-FB061B3BD71D:[ed643190-f63c-42a5-a25b-abc89167c706:172.17.0.2:40075, 3c19c41d-1b55-464a-b43c-8bd35cf9b08d:172.17.0.2:35713, 6a8f51fc-5a65-4029-99ea-81b8e3132c48:172.17.0.2:41437] returns group-FB061B3BD71D:java.util.concurrent.CompletableFuture@540867ab[Not completed]
2020-07-22 12:33:36,745 [pool-467-thread-1] INFO  impl.RaftServerImpl (RaftServerImpl.java:<init>(107)) - 3c19c41d-1b55-464a-b43c-8bd35cf9b08d: new RaftServerImpl for group-FB061B3BD71D:[ed643190-f63c-42a5-a25b-abc89167c706:172.17.0.2:40075, 3c19c41d-1b55-464a-b43c-8bd35cf9b08d:172.17.0.2:35713, 6a8f51fc-5a65-4029-99ea-81b8e3132c48:172.17.0.2:41437] with ContainerStateMachine:uninitialized
2020-07-22 12:33:36,746 [pool-467-thread-1] INFO  server.RaftServerConfigKeys (ConfUtils.java:logGet(44)) - raft.server.rpc.timeout.min = 5s (custom)
2020-07-22 12:33:36,746 [pool-467-thread-1] INFO  server.RaftServerConfigKeys (ConfUtils.java:logGet(44)) - raft.server.rpc.timeout.max = 5200ms (custom)
2020-07-22 12:33:36,746 [pool-467-thread-1] INFO  server.RaftServerConfigKeys (ConfUtils.java:logGet(44)) - raft.server.rpcslowness.timeout = 300000ms (custom)
2020-07-22 12:33:36,746 [pool-467-thread-1] INFO  server.RaftServerConfigKeys (ConfUtils.java:logGet(44)) - raft.server.sleep.deviation.threshold = 300 (default)
2020-07-22 12:33:36,749 [pool-467-thread-1] INFO  server.RaftServerConfigKeys (ConfUtils.java:logGet(44)) - raft.server.log.appender.install.snapshot.enabled = false (custom)
2020-07-22 12:33:36,749 [pool-467-thread-1] INFO  impl.RaftServerImpl (ServerState.java:<init>(103)) - 3c19c41d-1b55-464a-b43c-8bd35cf9b08d@group-FB061B3BD71D: ConfigurationManager, init=-1: [ed643190-f63c-42a5-a25b-abc89167c706:172.17.0.2:40075, 3c19c41d-1b55-464a-b43c-8bd35cf9b08d:172.17.0.2:35713, 6a8f51fc-5a65-4029-99ea-81b8e3132c48:172.17.0.2:41437], old=null, confs=<EMPTY_MAP>
2020-07-22 12:33:36,749 [pool-467-thread-1] INFO  server.RaftServerConfigKeys (ConfUtils.java:logGet(44)) - raft.server.storage.dir = [/github/workspace/mnt/ozone/hadoop-ozone/integration-test/target/test-dir/MiniOzoneClusterImpl-27133a7a-4276-4edb-aad9-b93835fdb948/datanode-8/data/ratis] (custom)
2020-07-22 12:33:36,749 [pool-467-thread-1] INFO  server.RaftServerConfigKeys (ConfUtils.java:logGet(44)) - raft.server.log.corruption.policy = EXCEPTION (default)
2020-07-22 12:33:36,749 [pool-467-thread-1] INFO  storage.RaftStorageDirectory (RaftStorageDirectory.java:analyzeStorage(261)) - The storage directory /github/workspace/mnt/ozone/hadoop-ozone/integration-test/target/test-dir/MiniOzoneClusterImpl-27133a7a-4276-4edb-aad9-b93835fdb948/datanode-8/data/ratis/39facacb-e427-42b1-8966-fb061b3bd71d does not exist. Creating ...
2020-07-22 12:33:36,750 [pool-467-thread-1] INFO  storage.RaftStorageDirectory (RaftStorageDirectory.java:tryLock(343)) - Lock on /github/workspace/mnt/ozone/hadoop-ozone/integration-test/target/test-dir/MiniOzoneClusterImpl-27133a7a-4276-4edb-aad9-b93835fdb948/datanode-8/data/ratis/39facacb-e427-42b1-8966-fb061b3bd71d/in_use.lock acquired by nodename 10747@c8d1cb744cae
2020-07-22 12:33:36,752 [pool-467-thread-1] INFO  storage.RaftStorage (RaftStorage.java:format(84)) - Storage directory /github/workspace/mnt/ozone/hadoop-ozone/integration-test/target/test-dir/MiniOzoneClusterImpl-27133a7a-4276-4edb-aad9-b93835fdb948/datanode-8/data/ratis/39facacb-e427-42b1-8966-fb061b3bd71d has been successfully formatted.
2020-07-22 12:33:36,753 [pool-467-thread-1] INFO  ratis.ContainerStateMachine (ContainerStateMachine.java:loadSnapshot(225)) - group-FB061B3BD71D: The snapshot info is null. Setting the last applied indexto:(t:0, i:~)
2020-07-22 12:33:36,754 [pool-467-thread-1] INFO  server.RaftServerConfigKeys (ConfUtils.java:logGet(44)) - raft.server.notification.no-leader.timeout = 300000ms (custom)
2020-07-22 12:33:36,754 [pool-467-thread-1] INFO  server.RaftServerConfigKeys (ConfUtils.java:logGet(44)) - raft.server.log.use.memory = false (default)
2020-07-22 12:33:36,755 [pool-467-thread-1] INFO  server.RaftServerConfigKeys (ConfUtils.java:logGet(44)) - raft.server.log.purge.gap = 1000000 (custom)
2020-07-22 12:33:36,755 [pool-467-thread-1] INFO  metrics.RatisMetrics (RatisMetrics.java:lambda$create$0(36)) - Creating Metrics Registry : ratis.log_worker.3c19c41d-1b55-464a-b43c-8bd35cf9b08d@group-FB061B3BD71D
2020-07-22 12:33:36,756 [pool-467-thread-1] INFO  server.RaftServerConfigKeys (ConfUtils.java:logGet(44)) - raft.server.log.appender.buffer.byte-limit = 33554432 (custom)
2020-07-22 12:33:36,756 [pool-467-thread-1] INFO  server.RaftServerConfigKeys (ConfUtils.java:logGet(44)) - raft.server.log.segment.size.max = 1048576 (custom)
2020-07-22 12:33:36,756 [pool-467-thread-1] INFO  server.RaftServerConfigKeys (ConfUtils.java:logGet(44)) - raft.server.log.segment.cache.num.max = 2 (custom)
2020-07-22 12:33:36,757 [pool-467-thread-1] INFO  segmented.SegmentedRaftLogWorker (SegmentedRaftLogWorker.java:<init>(180)) - new 3c19c41d-1b55-464a-b43c-8bd35cf9b08d@group-FB061B3BD71D-SegmentedRaftLogWorker for RaftStorage:Storage Directory /github/workspace/mnt/ozone/hadoop-ozone/integration-test/target/test-dir/MiniOzoneClusterImpl-27133a7a-4276-4edb-aad9-b93835fdb948/datanode-8/data/ratis/39facacb-e427-42b1-8966-fb061b3bd71d
2020-07-22 12:33:36,757 [pool-467-thread-1] INFO  server.RaftServerConfigKeys (ConfUtils.java:logGet(44)) - raft.server.log.queue.byte-limit = 2147483647 (custom)
2020-07-22 12:33:36,757 [pool-467-thread-1] INFO  server.RaftServerConfigKeys (ConfUtils.java:logGet(44)) - raft.server.log.queue.element-limit = 1024 (custom)
2020-07-22 12:33:36,757 [pool-467-thread-1] INFO  server.RaftServerConfigKeys (ConfUtils.java:logGet(44)) - raft.server.log.segment.size.max = 1048576 (custom)
2020-07-22 12:33:36,757 [pool-467-thread-1] INFO  server.RaftServerConfigKeys (ConfUtils.java:logGet(44)) - raft.server.log.preallocated.size = 16384 (custom)
2020-07-22 12:33:36,757 [pool-467-thread-1] INFO  server.RaftServerConfigKeys (ConfUtils.java:logGet(44)) - raft.server.log.write.buffer.size = 1048576 (custom)
2020-07-22 12:33:36,757 [pool-467-thread-1] INFO  server.RaftServerConfigKeys (ConfUtils.java:logGet(44)) - raft.server.log.force.sync.num = 128 (default)
2020-07-22 12:33:36,757 [pool-467-thread-1] INFO  server.RaftServerConfigKeys (ConfUtils.java:logGet(44)) - raft.server.log.statemachine.data.sync = true (default)
2020-07-22 12:33:36,757 [pool-467-thread-1] INFO  server.RaftServerConfigKeys (ConfUtils.java:logGet(44)) - raft.server.log.statemachine.data.sync.timeout = 10s (default)
2020-07-22 12:33:36,757 [pool-467-thread-1] INFO  server.RaftServerConfigKeys (ConfUtils.java:logGet(44)) - raft.server.log.statemachine.data.sync.timeout.retry = -1 (default)
2020-07-22 12:33:36,759 [pool-467-thread-1] INFO  server.RaftServerConfigKeys (ConfUtils.java:logGet(44)) - raft.server.log.statemachine.data.caching.enabled = true (custom)
2020-07-22 12:33:36,759 [pool-467-thread-1] INFO  segmented.SegmentedRaftLogWorker (SegmentedRaftLogWorker.java:lambda$new$0(129)) - 3c19c41d-1b55-464a-b43c-8bd35cf9b08d@group-FB061B3BD71D-SegmentedRaftLogWorker: flushIndex: setUnconditionally 0 -> -1
2020-07-22 12:33:36,759 [pool-467-thread-1] INFO  segmented.SegmentedRaftLogWorker (SegmentedRaftLogWorker.java:lambda$new$0(129)) - 3c19c41d-1b55-464a-b43c-8bd35cf9b08d@group-FB061B3BD71D-SegmentedRaftLogWorker: safeCacheEvictIndex: setUnconditionally 0 -> -1
2020-07-22 12:33:36,760 [pool-467-thread-1] INFO  server.RaftServerConfigKeys (ConfUtils.java:logGet(44)) - raft.server.snapshot.auto.trigger.enabled = true (custom)
2020-07-22 12:33:36,760 [pool-467-thread-1] INFO  server.RaftServerConfigKeys (ConfUtils.java:logGet(44)) - raft.server.snapshot.auto.trigger.threshold = 10000 (custom)
2020-07-22 12:33:36,760 [pool-467-thread-1] INFO  server.RaftServerConfigKeys (ConfUtils.java:logGet(44)) - raft.server.snapshot.retention.file.num = 5 (custom)
2020-07-22 12:33:36,760 [pool-467-thread-1] INFO  server.RaftServerConfigKeys (ConfUtils.java:logGet(44)) - raft.server.log.purge.upto.snapshot.index = false (default)
2020-07-22 12:33:36,760 [pool-467-thread-1] INFO  server.RaftServerConfigKeys (ConfUtils.java:logGet(44)) - raft.server.retrycache.expirytime = 600000ms (custom)
2020-07-22 12:33:36,760 [pool-467-thread-1] INFO  metrics.RatisMetrics (RatisMetrics.java:lambda$create$0(36)) - Creating Metrics Registry : ratis.leader_election.3c19c41d-1b55-464a-b43c-8bd35cf9b08d@group-FB061B3BD71D
2020-07-22 12:33:36,761 [pool-467-thread-1] INFO  metrics.RatisMetrics (RatisMetrics.java:lambda$create$0(36)) - Creating Metrics Registry : ratis.server.3c19c41d-1b55-464a-b43c-8bd35cf9b08d@group-FB061B3BD71D
2020-07-22 12:33:36,762 [pool-467-thread-1] INFO  impl.RaftServerImpl (RaftServerImpl.java:start(196)) - 3c19c41d-1b55-464a-b43c-8bd35cf9b08d@group-FB061B3BD71D: start as a follower, conf=-1: [ed643190-f63c-42a5-a25b-abc89167c706:172.17.0.2:40075, 3c19c41d-1b55-464a-b43c-8bd35cf9b08d:172.17.0.2:35713, 6a8f51fc-5a65-4029-99ea-81b8e3132c48:172.17.0.2:41437], old=null
2020-07-22 12:33:36,762 [pool-467-thread-1] INFO  impl.RaftServerImpl (RaftServerImpl.java:setRole(185)) - 3c19c41d-1b55-464a-b43c-8bd35cf9b08d@group-FB061B3BD71D: changes role from      null to FOLLOWER at term 0 for startAsFollower
2020-07-22 12:33:36,762 [pool-467-thread-1] INFO  impl.RoleInfo (RoleInfo.java:updateAndGet(143)) - 3c19c41d-1b55-464a-b43c-8bd35cf9b08d: start FollowerState
2020-07-22 12:33:36,768 [pool-467-thread-1] INFO  util.JmxRegister (JmxRegister.java:tryRegister(44)) - Successfully registered JMX Bean with object name Ratis:service=RaftServer,group=group-FB061B3BD71D,id=3c19c41d-1b55-464a-b43c-8bd35cf9b08d
2020-07-22 12:33:36,768 [pool-467-thread-1] INFO  metrics.RatisMetrics (RatisMetrics.java:lambda$create$0(36)) - Creating Metrics Registry : ratis.state_machine.3c19c41d-1b55-464a-b43c-8bd35cf9b08d@group-FB061B3BD71D
2020-07-22 12:33:36,797 [grpc-default-executor-1] INFO  impl.RaftServerProxy (RaftServerProxy.java:addNew(89)) - 6a8f51fc-5a65-4029-99ea-81b8e3132c48: addNew group-FB061B3BD71D:[ed643190-f63c-42a5-a25b-abc89167c706:172.17.0.2:40075, 3c19c41d-1b55-464a-b43c-8bd35cf9b08d:172.17.0.2:35713, 6a8f51fc-5a65-4029-99ea-81b8e3132c48:172.17.0.2:41437] returns group-FB061B3BD71D:java.util.concurrent.CompletableFuture@639af143[Not completed]
2020-07-22 12:33:36,798 [pool-452-thread-1] INFO  impl.RaftServerImpl (RaftServerImpl.java:<init>(107)) - 6a8f51fc-5a65-4029-99ea-81b8e3132c48: new RaftServerImpl for group-FB061B3BD71D:[ed643190-f63c-42a5-a25b-abc89167c706:172.17.0.2:40075, 3c19c41d-1b55-464a-b43c-8bd35cf9b08d:172.17.0.2:35713, 6a8f51fc-5a65-4029-99ea-81b8e3132c48:172.17.0.2:41437] with ContainerStateMachine:uninitialized
2020-07-22 12:33:36,798 [pool-452-thread-1] INFO  server.RaftServerConfigKeys (ConfUtils.java:logGet(44)) - raft.server.rpc.timeout.min = 5s (custom)
2020-07-22 12:33:36,798 [pool-452-thread-1] INFO  server.RaftServerConfigKeys (ConfUtils.java:logGet(44)) - raft.server.rpc.timeout.max = 5200ms (custom)
2020-07-22 12:33:36,798 [pool-452-thread-1] INFO  server.RaftServerConfigKeys (ConfUtils.java:logGet(44)) - raft.server.rpcslowness.timeout = 300000ms (custom)
2020-07-22 12:33:36,798 [pool-452-thread-1] INFO  server.RaftServerConfigKeys (ConfUtils.java:logGet(44)) - raft.server.sleep.deviation.threshold = 300 (default)
2020-07-22 12:33:36,798 [pool-452-thread-1] INFO  server.RaftServerConfigKeys (ConfUtils.java:logGet(44)) - raft.server.log.appender.install.snapshot.enabled = false (custom)
2020-07-22 12:33:36,799 [pool-452-thread-1] INFO  impl.RaftServerImpl (ServerState.java:<init>(103)) - 6a8f51fc-5a65-4029-99ea-81b8e3132c48@group-FB061B3BD71D: ConfigurationManager, init=-1: [ed643190-f63c-42a5-a25b-abc89167c706:172.17.0.2:40075, 3c19c41d-1b55-464a-b43c-8bd35cf9b08d:172.17.0.2:35713, 6a8f51fc-5a65-4029-99ea-81b8e3132c48:172.17.0.2:41437], old=null, confs=<EMPTY_MAP>
2020-07-22 12:33:36,799 [pool-452-thread-1] INFO  server.RaftServerConfigKeys (ConfUtils.java:logGet(44)) - raft.server.storage.dir = [/github/workspace/mnt/ozone/hadoop-ozone/integration-test/target/test-dir/MiniOzoneClusterImpl-27133a7a-4276-4edb-aad9-b93835fdb948/datanode-7/data/ratis] (custom)
2020-07-22 12:33:36,799 [pool-452-thread-1] INFO  server.RaftServerConfigKeys (ConfUtils.java:logGet(44)) - raft.server.log.corruption.policy = EXCEPTION (default)
2020-07-22 12:33:36,799 [pool-452-thread-1] INFO  storage.RaftStorageDirectory (RaftStorageDirectory.java:analyzeStorage(261)) - The storage directory /github/workspace/mnt/ozone/hadoop-ozone/integration-test/target/test-dir/MiniOzoneClusterImpl-27133a7a-4276-4edb-aad9-b93835fdb948/datanode-7/data/ratis/39facacb-e427-42b1-8966-fb061b3bd71d does not exist. Creating ...
2020-07-22 12:33:36,800 [pool-452-thread-1] INFO  storage.RaftStorageDirectory (RaftStorageDirectory.java:tryLock(343)) - Lock on /github/workspace/mnt/ozone/hadoop-ozone/integration-test/target/test-dir/MiniOzoneClusterImpl-27133a7a-4276-4edb-aad9-b93835fdb948/datanode-7/data/ratis/39facacb-e427-42b1-8966-fb061b3bd71d/in_use.lock acquired by nodename 10747@c8d1cb744cae
2020-07-22 12:33:36,801 [pool-452-thread-1] INFO  storage.RaftStorage (RaftStorage.java:format(84)) - Storage directory /github/workspace/mnt/ozone/hadoop-ozone/integration-test/target/test-dir/MiniOzoneClusterImpl-27133a7a-4276-4edb-aad9-b93835fdb948/datanode-7/data/ratis/39facacb-e427-42b1-8966-fb061b3bd71d has been successfully formatted.
2020-07-22 12:33:36,803 [pool-452-thread-1] INFO  ratis.ContainerStateMachine (ContainerStateMachine.java:loadSnapshot(225)) - group-FB061B3BD71D: The snapshot info is null. Setting the last applied indexto:(t:0, i:~)
2020-07-22 12:33:36,803 [pool-452-thread-1] INFO  server.RaftServerConfigKeys (ConfUtils.java:logGet(44)) - raft.server.notification.no-leader.timeout = 300000ms (custom)
2020-07-22 12:33:36,804 [pool-452-thread-1] INFO  server.RaftServerConfigKeys (ConfUtils.java:logGet(44)) - raft.server.log.use.memory = false (default)
2020-07-22 12:33:36,804 [pool-452-thread-1] INFO  server.RaftServerConfigKeys (ConfUtils.java:logGet(44)) - raft.server.log.purge.gap = 1000000 (custom)
2020-07-22 12:33:36,804 [pool-452-thread-1] INFO  metrics.RatisMetrics (RatisMetrics.java:lambda$create$0(36)) - Creating Metrics Registry : ratis.log_worker.6a8f51fc-5a65-4029-99ea-81b8e3132c48@group-FB061B3BD71D
2020-07-22 12:33:36,804 [pool-452-thread-1] INFO  server.RaftServerConfigKeys (ConfUtils.java:logGet(44)) - raft.server.log.appender.buffer.byte-limit = 33554432 (custom)
2020-07-22 12:33:36,804 [pool-452-thread-1] INFO  server.RaftServerConfigKeys (ConfUtils.java:logGet(44)) - raft.server.log.segment.size.max = 1048576 (custom)
2020-07-22 12:33:36,805 [pool-452-thread-1] INFO  server.RaftServerConfigKeys (ConfUtils.java:logGet(44)) - raft.server.log.segment.cache.num.max = 2 (custom)
2020-07-22 12:33:36,805 [pool-452-thread-1] INFO  segmented.SegmentedRaftLogWorker (SegmentedRaftLogWorker.java:<init>(180)) - new 6a8f51fc-5a65-4029-99ea-81b8e3132c48@group-FB061B3BD71D-SegmentedRaftLogWorker for RaftStorage:Storage Directory /github/workspace/mnt/ozone/hadoop-ozone/integration-test/target/test-dir/MiniOzoneClusterImpl-27133a7a-4276-4edb-aad9-b93835fdb948/datanode-7/data/ratis/39facacb-e427-42b1-8966-fb061b3bd71d
2020-07-22 12:33:36,805 [pool-452-thread-1] INFO  server.RaftServerConfigKeys (ConfUtils.java:logGet(44)) - raft.server.log.queue.byte-limit = 2147483647 (custom)
2020-07-22 12:33:36,805 [pool-452-thread-1] INFO  server.RaftServerConfigKeys (ConfUtils.java:logGet(44)) - raft.server.log.queue.element-limit = 1024 (custom)
2020-07-22 12:33:36,805 [pool-452-thread-1] INFO  server.RaftServerConfigKeys (ConfUtils.java:logGet(44)) - raft.server.log.segment.size.max = 1048576 (custom)
2020-07-22 12:33:36,805 [pool-452-thread-1] INFO  server.RaftServerConfigKeys (ConfUtils.java:logGet(44)) - raft.server.log.preallocated.size = 16384 (custom)
2020-07-22 12:33:36,805 [pool-452-thread-1] INFO  server.RaftServerConfigKeys (ConfUtils.java:logGet(44)) - raft.server.log.write.buffer.size = 1048576 (custom)
2020-07-22 12:33:36,806 [pool-452-thread-1] INFO  server.RaftServerConfigKeys (ConfUtils.java:logGet(44)) - raft.server.log.force.sync.num = 128 (default)
2020-07-22 12:33:36,806 [pool-452-thread-1] INFO  server.RaftServerConfigKeys (ConfUtils.java:logGet(44)) - raft.server.log.statemachine.data.sync = true (default)
2020-07-22 12:33:36,806 [pool-452-thread-1] INFO  server.RaftServerConfigKeys (ConfUtils.java:logGet(44)) - raft.server.log.statemachine.data.sync.timeout = 10s (default)
2020-07-22 12:33:36,806 [pool-452-thread-1] INFO  server.RaftServerConfigKeys (ConfUtils.java:logGet(44)) - raft.server.log.statemachine.data.sync.timeout.retry = -1 (default)
2020-07-22 12:33:36,808 [pool-452-thread-1] INFO  server.RaftServerConfigKeys (ConfUtils.java:logGet(44)) - raft.server.log.statemachine.data.caching.enabled = true (custom)
2020-07-22 12:33:36,808 [pool-452-thread-1] INFO  segmented.SegmentedRaftLogWorker (SegmentedRaftLogWorker.java:lambda$new$0(129)) - 6a8f51fc-5a65-4029-99ea-81b8e3132c48@group-FB061B3BD71D-SegmentedRaftLogWorker: flushIndex: setUnconditionally 0 -> -1
2020-07-22 12:33:36,808 [pool-452-thread-1] INFO  segmented.SegmentedRaftLogWorker (SegmentedRaftLogWorker.java:lambda$new$0(129)) - 6a8f51fc-5a65-4029-99ea-81b8e3132c48@group-FB061B3BD71D-SegmentedRaftLogWorker: safeCacheEvictIndex: setUnconditionally 0 -> -1
2020-07-22 12:33:36,808 [pool-452-thread-1] INFO  server.RaftServerConfigKeys (ConfUtils.java:logGet(44)) - raft.server.snapshot.auto.trigger.enabled = true (custom)
2020-07-22 12:33:36,808 [pool-452-thread-1] INFO  server.RaftServerConfigKeys (ConfUtils.java:logGet(44)) - raft.server.snapshot.auto.trigger.threshold = 10000 (custom)
2020-07-22 12:33:36,809 [pool-452-thread-1] INFO  server.RaftServerConfigKeys (ConfUtils.java:logGet(44)) - raft.server.snapshot.retention.file.num = 5 (custom)
2020-07-22 12:33:36,809 [pool-452-thread-1] INFO  server.RaftServerConfigKeys (ConfUtils.java:logGet(44)) - raft.server.log.purge.upto.snapshot.index = false (default)
2020-07-22 12:33:36,809 [pool-452-thread-1] INFO  server.RaftServerConfigKeys (ConfUtils.java:logGet(44)) - raft.server.retrycache.expirytime = 600000ms (custom)
2020-07-22 12:33:36,809 [pool-452-thread-1] INFO  metrics.RatisMetrics (RatisMetrics.java:lambda$create$0(36)) - Creating Metrics Registry : ratis.leader_election.6a8f51fc-5a65-4029-99ea-81b8e3132c48@group-FB061B3BD71D
2020-07-22 12:33:36,809 [pool-452-thread-1] INFO  metrics.RatisMetrics (RatisMetrics.java:lambda$create$0(36)) - Creating Metrics Registry : ratis.server.6a8f51fc-5a65-4029-99ea-81b8e3132c48@group-FB061B3BD71D
2020-07-22 12:33:36,811 [pool-452-thread-1] INFO  impl.RaftServerImpl (RaftServerImpl.java:start(196)) - 6a8f51fc-5a65-4029-99ea-81b8e3132c48@group-FB061B3BD71D: start as a follower, conf=-1: [ed643190-f63c-42a5-a25b-abc89167c706:172.17.0.2:40075, 3c19c41d-1b55-464a-b43c-8bd35cf9b08d:172.17.0.2:35713, 6a8f51fc-5a65-4029-99ea-81b8e3132c48:172.17.0.2:41437], old=null
2020-07-22 12:33:36,811 [pool-452-thread-1] INFO  impl.RaftServerImpl (RaftServerImpl.java:setRole(185)) - 6a8f51fc-5a65-4029-99ea-81b8e3132c48@group-FB061B3BD71D: changes role from      null to FOLLOWER at term 0 for startAsFollower
2020-07-22 12:33:36,811 [pool-452-thread-1] INFO  impl.RoleInfo (RoleInfo.java:updateAndGet(143)) - 6a8f51fc-5a65-4029-99ea-81b8e3132c48: start FollowerState
2020-07-22 12:33:36,811 [pool-452-thread-1] INFO  util.JmxRegister (JmxRegister.java:tryRegister(44)) - Successfully registered JMX Bean with object name Ratis:service=RaftServer,group=group-FB061B3BD71D,id=6a8f51fc-5a65-4029-99ea-81b8e3132c48
2020-07-22 12:33:36,811 [pool-452-thread-1] INFO  metrics.RatisMetrics (RatisMetrics.java:lambda$create$0(36)) - Creating Metrics Registry : ratis.state_machine.6a8f51fc-5a65-4029-99ea-81b8e3132c48@group-FB061B3BD71D
2020-07-22 12:33:36,820 [Command processor thread] INFO  commandhandler.CreatePipelineCommandHandler (CreatePipelineCommandHandler.java:handle(109)) - Created Pipeline RATIS THREE #id: "39facacb-e427-42b1-8966-fb061b3bd71d"
uuid128 {
  mostSigBits: 4177874581394506417
  leastSigBits: -8545867239243655395
}
.
2020-07-22 12:33:36,845 [Command processor thread] INFO  impl.RaftServerProxy (RaftServerProxy.java:addNew(89)) - 6a8f51fc-5a65-4029-99ea-81b8e3132c48: addNew group-6C3C5ECA1677:[6a8f51fc-5a65-4029-99ea-81b8e3132c48:172.17.0.2:41437] returns group-6C3C5ECA1677:java.util.concurrent.CompletableFuture@50d1871b[Not completed]
2020-07-22 12:33:36,846 [pool-452-thread-1] INFO  impl.RaftServerImpl (RaftServerImpl.java:<init>(107)) - 6a8f51fc-5a65-4029-99ea-81b8e3132c48: new RaftServerImpl for group-6C3C5ECA1677:[6a8f51fc-5a65-4029-99ea-81b8e3132c48:172.17.0.2:41437] with ContainerStateMachine:uninitialized
2020-07-22 12:33:36,846 [pool-452-thread-1] INFO  server.RaftServerConfigKeys (ConfUtils.java:logGet(44)) - raft.server.rpc.timeout.min = 5s (custom)
2020-07-22 12:33:36,846 [pool-452-thread-1] INFO  server.RaftServerConfigKeys (ConfUtils.java:logGet(44)) - raft.server.rpc.timeout.max = 5200ms (custom)
2020-07-22 12:33:36,846 [pool-452-thread-1] INFO  server.RaftServerConfigKeys (ConfUtils.java:logGet(44)) - raft.server.rpcslowness.timeout = 300000ms (custom)
2020-07-22 12:33:36,846 [pool-452-thread-1] INFO  server.RaftServerConfigKeys (ConfUtils.java:logGet(44)) - raft.server.sleep.deviation.threshold = 300 (default)
2020-07-22 12:33:36,846 [pool-452-thread-1] INFO  server.RaftServerConfigKeys (ConfUtils.java:logGet(44)) - raft.server.log.appender.install.snapshot.enabled = false (custom)
2020-07-22 12:33:36,846 [pool-452-thread-1] INFO  impl.RaftServerImpl (ServerState.java:<init>(103)) - 6a8f51fc-5a65-4029-99ea-81b8e3132c48@group-6C3C5ECA1677: ConfigurationManager, init=-1: [6a8f51fc-5a65-4029-99ea-81b8e3132c48:172.17.0.2:41437], old=null, confs=<EMPTY_MAP>
2020-07-22 12:33:36,846 [pool-452-thread-1] INFO  server.RaftServerConfigKeys (ConfUtils.java:logGet(44)) - raft.server.storage.dir = [/github/workspace/mnt/ozone/hadoop-ozone/integration-test/target/test-dir/MiniOzoneClusterImpl-27133a7a-4276-4edb-aad9-b93835fdb948/datanode-7/data/ratis] (custom)
2020-07-22 12:33:36,846 [pool-452-thread-1] INFO  server.RaftServerConfigKeys (ConfUtils.java:logGet(44)) - raft.server.log.corruption.policy = EXCEPTION (default)
2020-07-22 12:33:36,847 [pool-452-thread-1] INFO  storage.RaftStorageDirectory (RaftStorageDirectory.java:analyzeStorage(261)) - The storage directory /github/workspace/mnt/ozone/hadoop-ozone/integration-test/target/test-dir/MiniOzoneClusterImpl-27133a7a-4276-4edb-aad9-b93835fdb948/datanode-7/data/ratis/64124d48-5aaf-47dc-849f-6c3c5eca1677 does not exist. Creating ...
2020-07-22 12:33:36,848 [pool-452-thread-1] INFO  storage.RaftStorageDirectory (RaftStorageDirectory.java:tryLock(343)) - Lock on /github/workspace/mnt/ozone/hadoop-ozone/integration-test/target/test-dir/MiniOzoneClusterImpl-27133a7a-4276-4edb-aad9-b93835fdb948/datanode-7/data/ratis/64124d48-5aaf-47dc-849f-6c3c5eca1677/in_use.lock acquired by nodename 10747@c8d1cb744cae
2020-07-22 12:33:36,849 [pool-452-thread-1] INFO  storage.RaftStorage (RaftStorage.java:format(84)) - Storage directory /github/workspace/mnt/ozone/hadoop-ozone/integration-test/target/test-dir/MiniOzoneClusterImpl-27133a7a-4276-4edb-aad9-b93835fdb948/datanode-7/data/ratis/64124d48-5aaf-47dc-849f-6c3c5eca1677 has been successfully formatted.
2020-07-22 12:33:36,850 [EventQueue-PipelineReportForPipelineReportHandler] INFO  pipeline.PipelineStateManager (PipelineStateManager.java:openPipeline(131)) - Pipeline Pipeline[ Id: 64124d48-5aaf-47dc-849f-6c3c5eca1677, Nodes: 6a8f51fc-5a65-4029-99ea-81b8e3132c48{ip: 172.17.0.2, host: c8d1cb744cae, networkLocation: /default-rack, certSerialId: null}, Type:RATIS, Factor:ONE, State:ALLOCATED, leaderId:6a8f51fc-5a65-4029-99ea-81b8e3132c48, CreationTimestamp2020-07-22T12:33:33.847Z] moved to OPEN state
2020-07-22 12:33:36,850 [EventQueue-OpenPipelineForOneReplicaPipelineSafeModeRule] INFO  safemode.SCMSafeModeManager (SCMSafeModeManager.java:validateSafeModeExitRules(214)) - AtleastOneDatanodeReportedRule rule is successfully validated
2020-07-22 12:33:36,850 [EventQueue-OpenPipelineForHealthyPipelineSafeModeRule] INFO  safemode.SCMSafeModeManager (HealthyPipelineSafeModeRule.java:process(129)) - SCM in safe mode. Healthy pipelines reported count is 0, required healthy pipeline reported count is 1
2020-07-22 12:33:36,851 [pool-452-thread-1] INFO  ratis.ContainerStateMachine (ContainerStateMachine.java:loadSnapshot(225)) - group-6C3C5ECA1677: The snapshot info is null. Setting the last applied indexto:(t:0, i:~)
2020-07-22 12:33:36,851 [pool-452-thread-1] INFO  server.RaftServerConfigKeys (ConfUtils.java:logGet(44)) - raft.server.notification.no-leader.timeout = 300000ms (custom)
2020-07-22 12:33:36,851 [pool-452-thread-1] INFO  server.RaftServerConfigKeys (ConfUtils.java:logGet(44)) - raft.server.log.use.memory = false (default)
2020-07-22 12:33:36,851 [pool-452-thread-1] INFO  server.RaftServerConfigKeys (ConfUtils.java:logGet(44)) - raft.server.log.purge.gap = 1000000 (custom)
2020-07-22 12:33:36,851 [pool-452-thread-1] INFO  metrics.RatisMetrics (RatisMetrics.java:lambda$create$0(36)) - Creating Metrics Registry : ratis.log_worker.6a8f51fc-5a65-4029-99ea-81b8e3132c48@group-6C3C5ECA1677
2020-07-22 12:33:36,851 [pool-452-thread-1] INFO  server.RaftServerConfigKeys (ConfUtils.java:logGet(44)) - raft.server.log.appender.buffer.byte-limit = 33554432 (custom)
2020-07-22 12:33:36,851 [pool-452-thread-1] INFO  server.RaftServerConfigKeys (ConfUtils.java:logGet(44)) - raft.server.log.segment.size.max = 1048576 (custom)
2020-07-22 12:33:36,852 [pool-452-thread-1] INFO  server.RaftServerConfigKeys (ConfUtils.java:logGet(44)) - raft.server.log.segment.cache.num.max = 2 (custom)
2020-07-22 12:33:36,852 [pool-452-thread-1] INFO  segmented.SegmentedRaftLogWorker (SegmentedRaftLogWorker.java:<init>(180)) - new 6a8f51fc-5a65-4029-99ea-81b8e3132c48@group-6C3C5ECA1677-SegmentedRaftLogWorker for RaftStorage:Storage Directory /github/workspace/mnt/ozone/hadoop-ozone/integration-test/target/test-dir/MiniOzoneClusterImpl-27133a7a-4276-4edb-aad9-b93835fdb948/datanode-7/data/ratis/64124d48-5aaf-47dc-849f-6c3c5eca1677
2020-07-22 12:33:36,852 [pool-452-thread-1] INFO  server.RaftServerConfigKeys (ConfUtils.java:logGet(44)) - raft.server.log.queue.byte-limit = 2147483647 (custom)
2020-07-22 12:33:36,852 [pool-452-thread-1] INFO  server.RaftServerConfigKeys (ConfUtils.java:logGet(44)) - raft.server.log.queue.element-limit = 1024 (custom)
2020-07-22 12:33:36,852 [pool-452-thread-1] INFO  server.RaftServerConfigKeys (ConfUtils.java:logGet(44)) - raft.server.log.segment.size.max = 1048576 (custom)
2020-07-22 12:33:36,852 [pool-452-thread-1] INFO  server.RaftServerConfigKeys (ConfUtils.java:logGet(44)) - raft.server.log.preallocated.size = 16384 (custom)
2020-07-22 12:33:36,852 [pool-452-thread-1] INFO  server.RaftServerConfigKeys (ConfUtils.java:logGet(44)) - raft.server.log.write.buffer.size = 1048576 (custom)
2020-07-22 12:33:36,852 [pool-452-thread-1] INFO  server.RaftServerConfigKeys (ConfUtils.java:logGet(44)) - raft.server.log.force.sync.num = 128 (default)
2020-07-22 12:33:36,852 [pool-452-thread-1] INFO  server.RaftServerConfigKeys (ConfUtils.java:logGet(44)) - raft.server.log.statemachine.data.sync = true (default)
2020-07-22 12:33:36,853 [pool-452-thread-1] INFO  server.RaftServerConfigKeys (ConfUtils.java:logGet(44)) - raft.server.log.statemachine.data.sync.timeout = 10s (default)
2020-07-22 12:33:36,853 [pool-452-thread-1] INFO  server.RaftServerConfigKeys (ConfUtils.java:logGet(44)) - raft.server.log.statemachine.data.sync.timeout.retry = -1 (default)
2020-07-22 12:33:36,855 [pool-452-thread-1] INFO  server.RaftServerConfigKeys (ConfUtils.java:logGet(44)) - raft.server.log.statemachine.data.caching.enabled = true (custom)
2020-07-22 12:33:36,855 [pool-452-thread-1] INFO  segmented.SegmentedRaftLogWorker (SegmentedRaftLogWorker.java:lambda$new$0(129)) - 6a8f51fc-5a65-4029-99ea-81b8e3132c48@group-6C3C5ECA1677-SegmentedRaftLogWorker: flushIndex: setUnconditionally 0 -> -1
2020-07-22 12:33:36,855 [pool-452-thread-1] INFO  segmented.SegmentedRaftLogWorker (SegmentedRaftLogWorker.java:lambda$new$0(129)) - 6a8f51fc-5a65-4029-99ea-81b8e3132c48@group-6C3C5ECA1677-SegmentedRaftLogWorker: safeCacheEvictIndex: setUnconditionally 0 -> -1
2020-07-22 12:33:36,855 [pool-452-thread-1] INFO  server.RaftServerConfigKeys (ConfUtils.java:logGet(44)) - raft.server.snapshot.auto.trigger.enabled = true (custom)
2020-07-22 12:33:36,855 [pool-452-thread-1] INFO  server.RaftServerConfigKeys (ConfUtils.java:logGet(44)) - raft.server.snapshot.auto.trigger.threshold = 10000 (custom)
2020-07-22 12:33:36,856 [pool-452-thread-1] INFO  server.RaftServerConfigKeys (ConfUtils.java:logGet(44)) - raft.server.snapshot.retention.file.num = 5 (custom)
2020-07-22 12:33:36,856 [pool-452-thread-1] INFO  server.RaftServerConfigKeys (ConfUtils.java:logGet(44)) - raft.server.log.purge.upto.snapshot.index = false (default)
2020-07-22 12:33:36,856 [pool-452-thread-1] INFO  server.RaftServerConfigKeys (ConfUtils.java:logGet(44)) - raft.server.retrycache.expirytime = 600000ms (custom)
2020-07-22 12:33:36,856 [pool-452-thread-1] INFO  metrics.RatisMetrics (RatisMetrics.java:lambda$create$0(36)) - Creating Metrics Registry : ratis.leader_election.6a8f51fc-5a65-4029-99ea-81b8e3132c48@group-6C3C5ECA1677
2020-07-22 12:33:36,857 [pool-452-thread-1] INFO  metrics.RatisMetrics (RatisMetrics.java:lambda$create$0(36)) - Creating Metrics Registry : ratis.server.6a8f51fc-5a65-4029-99ea-81b8e3132c48@group-6C3C5ECA1677
2020-07-22 12:33:36,858 [pool-452-thread-1] INFO  impl.RaftServerImpl (RaftServerImpl.java:start(196)) - 6a8f51fc-5a65-4029-99ea-81b8e3132c48@group-6C3C5ECA1677: start as a follower, conf=-1: [6a8f51fc-5a65-4029-99ea-81b8e3132c48:172.17.0.2:41437], old=null
2020-07-22 12:33:36,858 [pool-452-thread-1] INFO  impl.RaftServerImpl (RaftServerImpl.java:setRole(185)) - 6a8f51fc-5a65-4029-99ea-81b8e3132c48@group-6C3C5ECA1677: changes role from      null to FOLLOWER at term 0 for startAsFollower
2020-07-22 12:33:36,858 [pool-452-thread-1] INFO  impl.RoleInfo (RoleInfo.java:updateAndGet(143)) - 6a8f51fc-5a65-4029-99ea-81b8e3132c48: start FollowerState
2020-07-22 12:33:36,858 [pool-452-thread-1] INFO  util.JmxRegister (JmxRegister.java:tryRegister(44)) - Successfully registered JMX Bean with object name Ratis:service=RaftServer,group=group-6C3C5ECA1677,id=6a8f51fc-5a65-4029-99ea-81b8e3132c48
2020-07-22 12:33:36,858 [pool-452-thread-1] INFO  metrics.RatisMetrics (RatisMetrics.java:lambda$create$0(36)) - Creating Metrics Registry : ratis.state_machine.6a8f51fc-5a65-4029-99ea-81b8e3132c48@group-6C3C5ECA1677
2020-07-22 12:33:36,859 [Command processor thread] INFO  commandhandler.CreatePipelineCommandHandler (CreatePipelineCommandHandler.java:handle(109)) - Created Pipeline RATIS ONE #id: "64124d48-5aaf-47dc-849f-6c3c5eca1677"
uuid128 {
  mostSigBits: 7210910926528006108
  leastSigBits: -8890268132861929865
}
.
2020-07-22 12:33:36,953 [Command processor thread] INFO  impl.RaftServerProxy (RaftServerProxy.java:addNew(89)) - 3c19c41d-1b55-464a-b43c-8bd35cf9b08d: addNew group-F807D85041B3:[3c19c41d-1b55-464a-b43c-8bd35cf9b08d:172.17.0.2:35713] returns group-F807D85041B3:java.util.concurrent.CompletableFuture@7cda2400[Not completed]
2020-07-22 12:33:36,954 [pool-467-thread-1] INFO  impl.RaftServerImpl (RaftServerImpl.java:<init>(107)) - 3c19c41d-1b55-464a-b43c-8bd35cf9b08d: new RaftServerImpl for group-F807D85041B3:[3c19c41d-1b55-464a-b43c-8bd35cf9b08d:172.17.0.2:35713] with ContainerStateMachine:uninitialized
2020-07-22 12:33:36,954 [pool-467-thread-1] INFO  server.RaftServerConfigKeys (ConfUtils.java:logGet(44)) - raft.server.rpc.timeout.min = 5s (custom)
2020-07-22 12:33:36,954 [pool-467-thread-1] INFO  server.RaftServerConfigKeys (ConfUtils.java:logGet(44)) - raft.server.rpc.timeout.max = 5200ms (custom)
2020-07-22 12:33:36,954 [pool-467-thread-1] INFO  server.RaftServerConfigKeys (ConfUtils.java:logGet(44)) - raft.server.rpcslowness.timeout = 300000ms (custom)
2020-07-22 12:33:36,954 [pool-467-thread-1] INFO  server.RaftServerConfigKeys (ConfUtils.java:logGet(44)) - raft.server.sleep.deviation.threshold = 300 (default)
2020-07-22 12:33:36,954 [pool-467-thread-1] INFO  server.RaftServerConfigKeys (ConfUtils.java:logGet(44)) - raft.server.log.appender.install.snapshot.enabled = false (custom)
2020-07-22 12:33:36,954 [pool-467-thread-1] INFO  impl.RaftServerImpl (ServerState.java:<init>(103)) - 3c19c41d-1b55-464a-b43c-8bd35cf9b08d@group-F807D85041B3: ConfigurationManager, init=-1: [3c19c41d-1b55-464a-b43c-8bd35cf9b08d:172.17.0.2:35713], old=null, confs=<EMPTY_MAP>
2020-07-22 12:33:36,954 [pool-467-thread-1] INFO  server.RaftServerConfigKeys (ConfUtils.java:logGet(44)) - raft.server.storage.dir = [/github/workspace/mnt/ozone/hadoop-ozone/integration-test/target/test-dir/MiniOzoneClusterImpl-27133a7a-4276-4edb-aad9-b93835fdb948/datanode-8/data/ratis] (custom)
2020-07-22 12:33:36,954 [Listener at 127.0.0.1/42799] INFO  ozone.MiniOzoneClusterImpl (MiniOzoneClusterImpl.java:lambda$waitForClusterToBeReady$0(177)) - Nodes are ready. Got 9 of 9 DN Heartbeats.
2020-07-22 12:33:36,955 [Listener at 127.0.0.1/42799] INFO  ozone.MiniOzoneClusterImpl (MiniOzoneClusterImpl.java:lambda$waitForClusterToBeReady$0(180)) - Waiting for cluster to exit safe mode
2020-07-22 12:33:36,954 [pool-467-thread-1] INFO  server.RaftServerConfigKeys (ConfUtils.java:logGet(44)) - raft.server.log.corruption.policy = EXCEPTION (default)
2020-07-22 12:33:36,955 [pool-467-thread-1] INFO  storage.RaftStorageDirectory (RaftStorageDirectory.java:analyzeStorage(261)) - The storage directory /github/workspace/mnt/ozone/hadoop-ozone/integration-test/target/test-dir/MiniOzoneClusterImpl-27133a7a-4276-4edb-aad9-b93835fdb948/datanode-8/data/ratis/555776ac-9447-4c44-b360-f807d85041b3 does not exist. Creating ...
2020-07-22 12:33:36,956 [pool-467-thread-1] INFO  storage.RaftStorageDirectory (RaftStorageDirectory.java:tryLock(343)) - Lock on /github/workspace/mnt/ozone/hadoop-ozone/integration-test/target/test-dir/MiniOzoneClusterImpl-27133a7a-4276-4edb-aad9-b93835fdb948/datanode-8/data/ratis/555776ac-9447-4c44-b360-f807d85041b3/in_use.lock acquired by nodename 10747@c8d1cb744cae
2020-07-22 12:33:36,957 [pool-467-thread-1] INFO  storage.RaftStorage (RaftStorage.java:format(84)) - Storage directory /github/workspace/mnt/ozone/hadoop-ozone/integration-test/target/test-dir/MiniOzoneClusterImpl-27133a7a-4276-4edb-aad9-b93835fdb948/datanode-8/data/ratis/555776ac-9447-4c44-b360-f807d85041b3 has been successfully formatted.
2020-07-22 12:33:36,958 [pool-467-thread-1] INFO  ratis.ContainerStateMachine (ContainerStateMachine.java:loadSnapshot(225)) - group-F807D85041B3: The snapshot info is null. Setting the last applied indexto:(t:0, i:~)
2020-07-22 12:33:36,958 [pool-467-thread-1] INFO  server.RaftServerConfigKeys (ConfUtils.java:logGet(44)) - raft.server.notification.no-leader.timeout = 300000ms (custom)
2020-07-22 12:33:36,958 [pool-467-thread-1] INFO  server.RaftServerConfigKeys (ConfUtils.java:logGet(44)) - raft.server.log.use.memory = false (default)
2020-07-22 12:33:36,958 [pool-467-thread-1] INFO  server.RaftServerConfigKeys (ConfUtils.java:logGet(44)) - raft.server.log.purge.gap = 1000000 (custom)
2020-07-22 12:33:36,958 [pool-467-thread-1] INFO  metrics.RatisMetrics (RatisMetrics.java:lambda$create$0(36)) - Creating Metrics Registry : ratis.log_worker.3c19c41d-1b55-464a-b43c-8bd35cf9b08d@group-F807D85041B3
2020-07-22 12:33:36,959 [EventQueue-PipelineReportForPipelineReportHandler] INFO  pipeline.PipelineStateManager (PipelineStateManager.java:openPipeline(131)) - Pipeline Pipeline[ Id: 555776ac-9447-4c44-b360-f807d85041b3, Nodes: 3c19c41d-1b55-464a-b43c-8bd35cf9b08d{ip: 172.17.0.2, host: c8d1cb744cae, networkLocation: /default-rack, certSerialId: null}, Type:RATIS, Factor:ONE, State:ALLOCATED, leaderId:3c19c41d-1b55-464a-b43c-8bd35cf9b08d, CreationTimestamp2020-07-22T12:33:33.954Z] moved to OPEN state
2020-07-22 12:33:36,959 [EventQueue-OpenPipelineForHealthyPipelineSafeModeRule] INFO  safemode.SCMSafeModeManager (HealthyPipelineSafeModeRule.java:process(129)) - SCM in safe mode. Healthy pipelines reported count is 0, required healthy pipeline reported count is 1
2020-07-22 12:33:36,959 [EventQueue-OpenPipelineForOneReplicaPipelineSafeModeRule] INFO  safemode.SCMSafeModeManager (SCMSafeModeManager.java:validateSafeModeExitRules(214)) - AtleastOneDatanodeReportedRule rule is successfully validated
2020-07-22 12:33:36,959 [pool-467-thread-1] INFO  server.RaftServerConfigKeys (ConfUtils.java:logGet(44)) - raft.server.log.appender.buffer.byte-limit = 33554432 (custom)
2020-07-22 12:33:36,959 [pool-467-thread-1] INFO  server.RaftServerConfigKeys (ConfUtils.java:logGet(44)) - raft.server.log.segment.size.max = 1048576 (custom)
2020-07-22 12:33:36,960 [pool-467-thread-1] INFO  server.RaftServerConfigKeys (ConfUtils.java:logGet(44)) - raft.server.log.segment.cache.num.max = 2 (custom)
2020-07-22 12:33:36,960 [pool-467-thread-1] INFO  segmented.SegmentedRaftLogWorker (SegmentedRaftLogWorker.java:<init>(180)) - new 3c19c41d-1b55-464a-b43c-8bd35cf9b08d@group-F807D85041B3-SegmentedRaftLogWorker for RaftStorage:Storage Directory /github/workspace/mnt/ozone/hadoop-ozone/integration-test/target/test-dir/MiniOzoneClusterImpl-27133a7a-4276-4edb-aad9-b93835fdb948/datanode-8/data/ratis/555776ac-9447-4c44-b360-f807d85041b3
2020-07-22 12:33:36,960 [pool-467-thread-1] INFO  server.RaftServerConfigKeys (ConfUtils.java:logGet(44)) - raft.server.log.queue.byte-limit = 2147483647 (custom)
2020-07-22 12:33:36,960 [pool-467-thread-1] INFO  server.RaftServerConfigKeys (ConfUtils.java:logGet(44)) - raft.server.log.queue.element-limit = 1024 (custom)
2020-07-22 12:33:36,960 [pool-467-thread-1] INFO  server.RaftServerConfigKeys (ConfUtils.java:logGet(44)) - raft.server.log.segment.size.max = 1048576 (custom)
2020-07-22 12:33:36,960 [pool-467-thread-1] INFO  server.RaftServerConfigKeys (ConfUtils.java:logGet(44)) - raft.server.log.preallocated.size = 16384 (custom)
2020-07-22 12:33:36,960 [pool-467-thread-1] INFO  server.RaftServerConfigKeys (ConfUtils.java:logGet(44)) - raft.server.log.write.buffer.size = 1048576 (custom)
2020-07-22 12:33:36,960 [pool-467-thread-1] INFO  server.RaftServerConfigKeys (ConfUtils.java:logGet(44)) - raft.server.log.force.sync.num = 128 (default)
2020-07-22 12:33:36,960 [pool-467-thread-1] INFO  server.RaftServerConfigKeys (ConfUtils.java:logGet(44)) - raft.server.log.statemachine.data.sync = true (default)
2020-07-22 12:33:36,960 [pool-467-thread-1] INFO  server.RaftServerConfigKeys (ConfUtils.java:logGet(44)) - raft.server.log.statemachine.data.sync.timeout = 10s (default)
2020-07-22 12:33:36,960 [pool-467-thread-1] INFO  server.RaftServerConfigKeys (ConfUtils.java:logGet(44)) - raft.server.log.statemachine.data.sync.timeout.retry = -1 (default)
2020-07-22 12:33:36,962 [pool-467-thread-1] INFO  server.RaftServerConfigKeys (ConfUtils.java:logGet(44)) - raft.server.log.statemachine.data.caching.enabled = true (custom)
2020-07-22 12:33:36,962 [pool-467-thread-1] INFO  segmented.SegmentedRaftLogWorker (SegmentedRaftLogWorker.java:lambda$new$0(129)) - 3c19c41d-1b55-464a-b43c-8bd35cf9b08d@group-F807D85041B3-SegmentedRaftLogWorker: flushIndex: setUnconditionally 0 -> -1
2020-07-22 12:33:36,962 [pool-467-thread-1] INFO  segmented.SegmentedRaftLogWorker (SegmentedRaftLogWorker.java:lambda$new$0(129)) - 3c19c41d-1b55-464a-b43c-8bd35cf9b08d@group-F807D85041B3-SegmentedRaftLogWorker: safeCacheEvictIndex: setUnconditionally 0 -> -1
2020-07-22 12:33:36,962 [pool-467-thread-1] INFO  server.RaftServerConfigKeys (ConfUtils.java:logGet(44)) - raft.server.snapshot.auto.trigger.enabled = true (custom)
2020-07-22 12:33:36,962 [pool-467-thread-1] INFO  server.RaftServerConfigKeys (ConfUtils.java:logGet(44)) - raft.server.snapshot.auto.trigger.threshold = 10000 (custom)
2020-07-22 12:33:36,963 [pool-467-thread-1] INFO  server.RaftServerConfigKeys (ConfUtils.java:logGet(44)) - raft.server.snapshot.retention.file.num = 5 (custom)
2020-07-22 12:33:36,963 [pool-467-thread-1] INFO  server.RaftServerConfigKeys (ConfUtils.java:logGet(44)) - raft.server.log.purge.upto.snapshot.index = false (default)
2020-07-22 12:33:36,963 [pool-467-thread-1] INFO  server.RaftServerConfigKeys (ConfUtils.java:logGet(44)) - raft.server.retrycache.expirytime = 600000ms (custom)
2020-07-22 12:33:36,963 [pool-467-thread-1] INFO  metrics.RatisMetrics (RatisMetrics.java:lambda$create$0(36)) - Creating Metrics Registry : ratis.leader_election.3c19c41d-1b55-464a-b43c-8bd35cf9b08d@group-F807D85041B3
2020-07-22 12:33:36,963 [pool-467-thread-1] INFO  metrics.RatisMetrics (RatisMetrics.java:lambda$create$0(36)) - Creating Metrics Registry : ratis.server.3c19c41d-1b55-464a-b43c-8bd35cf9b08d@group-F807D85041B3
2020-07-22 12:33:36,965 [pool-467-thread-1] INFO  impl.RaftServerImpl (RaftServerImpl.java:start(196)) - 3c19c41d-1b55-464a-b43c-8bd35cf9b08d@group-F807D85041B3: start as a follower, conf=-1: [3c19c41d-1b55-464a-b43c-8bd35cf9b08d:172.17.0.2:35713], old=null
2020-07-22 12:33:36,965 [pool-467-thread-1] INFO  impl.RaftServerImpl (RaftServerImpl.java:setRole(185)) - 3c19c41d-1b55-464a-b43c-8bd35cf9b08d@group-F807D85041B3: changes role from      null to FOLLOWER at term 0 for startAsFollower
2020-07-22 12:33:36,965 [pool-467-thread-1] INFO  impl.RoleInfo (RoleInfo.java:updateAndGet(143)) - 3c19c41d-1b55-464a-b43c-8bd35cf9b08d: start FollowerState
2020-07-22 12:33:36,965 [pool-467-thread-1] INFO  util.JmxRegister (JmxRegister.java:tryRegister(44)) - Successfully registered JMX Bean with object name Ratis:service=RaftServer,group=group-F807D85041B3,id=3c19c41d-1b55-464a-b43c-8bd35cf9b08d
2020-07-22 12:33:36,965 [pool-467-thread-1] INFO  metrics.RatisMetrics (RatisMetrics.java:lambda$create$0(36)) - Creating Metrics Registry : ratis.state_machine.3c19c41d-1b55-464a-b43c-8bd35cf9b08d@group-F807D85041B3
2020-07-22 12:33:36,966 [Command processor thread] INFO  commandhandler.CreatePipelineCommandHandler (CreatePipelineCommandHandler.java:handle(109)) - Created Pipeline RATIS ONE #id: "555776ac-9447-4c44-b360-f807d85041b3"
uuid128 {
  mostSigBits: 6149514299791854660
  leastSigBits: -5521140430578630221
}
.
2020-07-22 12:33:37,955 [Listener at 127.0.0.1/42799] INFO  ozone.MiniOzoneClusterImpl (MiniOzoneClusterImpl.java:lambda$waitForClusterToBeReady$0(177)) - Nodes are ready. Got 9 of 9 DN Heartbeats.
2020-07-22 12:33:37,955 [Listener at 127.0.0.1/42799] INFO  ozone.MiniOzoneClusterImpl (MiniOzoneClusterImpl.java:lambda$waitForClusterToBeReady$0(180)) - Waiting for cluster to exit safe mode
2020-07-22 12:33:38,955 [Listener at 127.0.0.1/42799] INFO  ozone.MiniOzoneClusterImpl (MiniOzoneClusterImpl.java:lambda$waitForClusterToBeReady$0(177)) - Nodes are ready. Got 9 of 9 DN Heartbeats.
2020-07-22 12:33:38,955 [Listener at 127.0.0.1/42799] INFO  ozone.MiniOzoneClusterImpl (MiniOzoneClusterImpl.java:lambda$waitForClusterToBeReady$0(180)) - Waiting for cluster to exit safe mode
2020-07-22 12:33:39,956 [Listener at 127.0.0.1/42799] INFO  ozone.MiniOzoneClusterImpl (MiniOzoneClusterImpl.java:lambda$waitForClusterToBeReady$0(177)) - Nodes are ready. Got 9 of 9 DN Heartbeats.
2020-07-22 12:33:39,956 [Listener at 127.0.0.1/42799] INFO  ozone.MiniOzoneClusterImpl (MiniOzoneClusterImpl.java:lambda$waitForClusterToBeReady$0(180)) - Waiting for cluster to exit safe mode
2020-07-22 12:33:40,956 [Listener at 127.0.0.1/42799] INFO  ozone.MiniOzoneClusterImpl (MiniOzoneClusterImpl.java:lambda$waitForClusterToBeReady$0(177)) - Nodes are ready. Got 9 of 9 DN Heartbeats.
2020-07-22 12:33:40,956 [Listener at 127.0.0.1/42799] INFO  ozone.MiniOzoneClusterImpl (MiniOzoneClusterImpl.java:lambda$waitForClusterToBeReady$0(180)) - Waiting for cluster to exit safe mode
2020-07-22 12:33:40,986 [Thread-1268] INFO  impl.FollowerState (FollowerState.java:run(108)) - d5a0b463-2013-4be7-b2a9-4f4f38929cc0@group-8E549E931988-FollowerState: change to CANDIDATE, lastRpcTime:5010ms, electionTimeout:5009ms
2020-07-22 12:33:40,986 [Thread-1268] INFO  impl.RoleInfo (RoleInfo.java:shutdownFollowerState(121)) - d5a0b463-2013-4be7-b2a9-4f4f38929cc0: shutdown FollowerState
2020-07-22 12:33:40,986 [Thread-1268] INFO  impl.RaftServerImpl (RaftServerImpl.java:setRole(185)) - d5a0b463-2013-4be7-b2a9-4f4f38929cc0@group-8E549E931988: changes role from  FOLLOWER to CANDIDATE at term 0 for changeToCandidate
2020-07-22 12:33:40,986 [Thread-1268] INFO  impl.RoleInfo (RoleInfo.java:updateAndGet(143)) - d5a0b463-2013-4be7-b2a9-4f4f38929cc0: start LeaderElection
2020-07-22 12:33:40,990 [d5a0b463-2013-4be7-b2a9-4f4f38929cc0@group-8E549E931988-LeaderElection32] INFO  impl.LeaderElection (LeaderElection.java:askForVotes(209)) - d5a0b463-2013-4be7-b2a9-4f4f38929cc0@group-8E549E931988-LeaderElection32: begin an election at term 1 for -1: [1cc64804-5db2-44d9-9a87-fdc1313ba49d:172.17.0.2:40525, 13de87ee-83ad-45df-97c4-bee39bf390b1:172.17.0.2:42819, d5a0b463-2013-4be7-b2a9-4f4f38929cc0:172.17.0.2:40645], old=null
2020-07-22 12:33:40,999 [grpc-default-executor-4] INFO  impl.RaftServerImpl (RaftServerImpl.java:setRole(185)) - 1cc64804-5db2-44d9-9a87-fdc1313ba49d@group-8E549E931988: changes role from  FOLLOWER to FOLLOWER at term 1 for recognizeCandidate:d5a0b463-2013-4be7-b2a9-4f4f38929cc0
2020-07-22 12:33:40,999 [grpc-default-executor-4] INFO  impl.RoleInfo (RoleInfo.java:shutdownFollowerState(121)) - 1cc64804-5db2-44d9-9a87-fdc1313ba49d: shutdown FollowerState
2020-07-22 12:33:40,999 [grpc-default-executor-4] INFO  impl.RoleInfo (RoleInfo.java:updateAndGet(143)) - 1cc64804-5db2-44d9-9a87-fdc1313ba49d: start FollowerState
2020-07-22 12:33:40,999 [Thread-1273] INFO  impl.FollowerState (FollowerState.java:run(117)) - 1cc64804-5db2-44d9-9a87-fdc1313ba49d@group-8E549E931988-FollowerState was interrupted: java.lang.InterruptedException: sleep interrupted
2020-07-22 12:33:41,003 [grpc-default-executor-1] INFO  impl.RaftServerImpl (RaftServerImpl.java:setRole(185)) - 13de87ee-83ad-45df-97c4-bee39bf390b1@group-8E549E931988: changes role from  FOLLOWER to FOLLOWER at term 1 for recognizeCandidate:d5a0b463-2013-4be7-b2a9-4f4f38929cc0
2020-07-22 12:33:41,003 [grpc-default-executor-1] INFO  impl.RoleInfo (RoleInfo.java:shutdownFollowerState(121)) - 13de87ee-83ad-45df-97c4-bee39bf390b1: shutdown FollowerState
2020-07-22 12:33:41,003 [grpc-default-executor-1] INFO  impl.RoleInfo (RoleInfo.java:updateAndGet(143)) - 13de87ee-83ad-45df-97c4-bee39bf390b1: start FollowerState
2020-07-22 12:33:41,003 [Thread-1270] INFO  impl.FollowerState (FollowerState.java:run(117)) - 13de87ee-83ad-45df-97c4-bee39bf390b1@group-8E549E931988-FollowerState was interrupted: java.lang.InterruptedException: sleep interrupted
2020-07-22 12:33:41,011 [d5a0b463-2013-4be7-b2a9-4f4f38929cc0@group-8E549E931988-LeaderElection32] INFO  impl.LeaderElection (LeaderElection.java:logAndReturn(61)) - d5a0b463-2013-4be7-b2a9-4f4f38929cc0@group-8E549E931988-LeaderElection32: Election PASSED; received 1 response(s) [d5a0b463-2013-4be7-b2a9-4f4f38929cc0<-1cc64804-5db2-44d9-9a87-fdc1313ba49d#0:OK-t1] and 0 exception(s); d5a0b463-2013-4be7-b2a9-4f4f38929cc0@group-8E549E931988:t1, leader=null, voted=d5a0b463-2013-4be7-b2a9-4f4f38929cc0, raftlog=d5a0b463-2013-4be7-b2a9-4f4f38929cc0@group-8E549E931988-SegmentedRaftLog:OPENED:c-1,f-1,i0, conf=-1: [1cc64804-5db2-44d9-9a87-fdc1313ba49d:172.17.0.2:40525, 13de87ee-83ad-45df-97c4-bee39bf390b1:172.17.0.2:42819, d5a0b463-2013-4be7-b2a9-4f4f38929cc0:172.17.0.2:40645], old=null
2020-07-22 12:33:41,011 [d5a0b463-2013-4be7-b2a9-4f4f38929cc0@group-8E549E931988-LeaderElection32] INFO  impl.RoleInfo (RoleInfo.java:shutdownLeaderElection(134)) - d5a0b463-2013-4be7-b2a9-4f4f38929cc0: shutdown LeaderElection
2020-07-22 12:33:41,011 [d5a0b463-2013-4be7-b2a9-4f4f38929cc0@group-8E549E931988-LeaderElection32] INFO  impl.RaftServerImpl (RaftServerImpl.java:setRole(185)) - d5a0b463-2013-4be7-b2a9-4f4f38929cc0@group-8E549E931988: changes role from CANDIDATE to LEADER at term 1 for changeToLeader
2020-07-22 12:33:41,011 [d5a0b463-2013-4be7-b2a9-4f4f38929cc0@group-8E549E931988-LeaderElection32] INFO  ratis.XceiverServerRatis (XceiverServerRatis.java:handleLeaderChangedNotification(820)) - Leader change notification received for group: group-8E549E931988 with new leaderId: d5a0b463-2013-4be7-b2a9-4f4f38929cc0
2020-07-22 12:33:41,012 [d5a0b463-2013-4be7-b2a9-4f4f38929cc0@group-8E549E931988-LeaderElection32] INFO  impl.RaftServerImpl (ServerState.java:setLeader(255)) - d5a0b463-2013-4be7-b2a9-4f4f38929cc0@group-8E549E931988: change Leader from null to d5a0b463-2013-4be7-b2a9-4f4f38929cc0 at term 1 for becomeLeader, leader elected after 5049ms
2020-07-22 12:33:41,014 [EventQueue-PipelineReportForPipelineReportHandler] INFO  pipeline.PipelineStateManager (PipelineStateManager.java:openPipeline(131)) - Pipeline Pipeline[ Id: 46d9def9-d2a0-46be-8503-8e549e931988, Nodes: d5a0b463-2013-4be7-b2a9-4f4f38929cc0{ip: 172.17.0.2, host: c8d1cb744cae, networkLocation: /default-rack, certSerialId: null}13de87ee-83ad-45df-97c4-bee39bf390b1{ip: 172.17.0.2, host: c8d1cb744cae, networkLocation: /default-rack, certSerialId: null}1cc64804-5db2-44d9-9a87-fdc1313ba49d{ip: 172.17.0.2, host: c8d1cb744cae, networkLocation: /default-rack, certSerialId: null}, Type:RATIS, Factor:THREE, State:ALLOCATED, leaderId:d5a0b463-2013-4be7-b2a9-4f4f38929cc0, CreationTimestamp2020-07-22T12:33:33.169Z] moved to OPEN state
2020-07-22 12:33:41,015 [d5a0b463-2013-4be7-b2a9-4f4f38929cc0@group-8E549E931988-LeaderElection32] INFO  server.RaftServerConfigKeys (ConfUtils.java:logGet(44)) - raft.server.staging.catchup.gap = 1000 (default)
2020-07-22 12:33:41,016 [d5a0b463-2013-4be7-b2a9-4f4f38929cc0@group-8E549E931988-LeaderElection32] INFO  server.RaftServerConfigKeys (ConfUtils.java:logGet(44)) - raft.server.rpc.sleep.time = 25ms (default)
2020-07-22 12:33:41,016 [EventQueue-OpenPipelineForHealthyPipelineSafeModeRule] INFO  safemode.SCMSafeModeManager (HealthyPipelineSafeModeRule.java:process(129)) - SCM in safe mode. Healthy pipelines reported count is 1, required healthy pipeline reported count is 1
2020-07-22 12:33:41,016 [EventQueue-OpenPipelineForOneReplicaPipelineSafeModeRule] INFO  safemode.SCMSafeModeManager (SCMSafeModeManager.java:validateSafeModeExitRules(214)) - AtleastOneDatanodeReportedRule rule is successfully validated
2020-07-22 12:33:41,016 [d5a0b463-2013-4be7-b2a9-4f4f38929cc0@group-8E549E931988-LeaderElection32] INFO  metrics.RatisMetrics (RatisMetrics.java:lambda$create$0(36)) - Creating Metrics Registry : ratis.log_appender.d5a0b463-2013-4be7-b2a9-4f4f38929cc0@group-8E549E931988
2020-07-22 12:33:41,017 [EventQueue-OpenPipelineForHealthyPipelineSafeModeRule] INFO  safemode.SCMSafeModeManager (SCMSafeModeManager.java:validateSafeModeExitRules(214)) - HealthyPipelineSafeModeRule rule is successfully validated
2020-07-22 12:33:41,017 [EventQueue-OpenPipelineForHealthyPipelineSafeModeRule] INFO  safemode.SCMSafeModeManager (SCMSafeModeManager.java:validateSafeModeExitRules(228)) - ScmSafeModeManager, all rules are successfully validated
2020-07-22 12:33:41,017 [EventQueue-OpenPipelineForHealthyPipelineSafeModeRule] INFO  safemode.SCMSafeModeManager (SCMSafeModeManager.java:exitSafeMode(257)) - SCM exiting safe mode.
2020-07-22 12:33:41,017 [d5a0b463-2013-4be7-b2a9-4f4f38929cc0@group-8E549E931988-LeaderElection32] INFO  server.RaftServerConfigKeys (ConfUtils.java:logGet(44)) - raft.server.write.element-limit = 1024 (custom)
2020-07-22 12:33:41,017 [d5a0b463-2013-4be7-b2a9-4f4f38929cc0@group-8E549E931988-LeaderElection32] INFO  server.RaftServerConfigKeys (ConfUtils.java:logGet(44)) - raft.server.write.byte-limit = 1073741824 (custom)
2020-07-22 12:33:41,018 [d5a0b463-2013-4be7-b2a9-4f4f38929cc0@group-8E549E931988-LeaderElection32] INFO  server.RaftServerConfigKeys (ConfUtils.java:logGet(44)) - raft.server.watch.timeout = 3000ms (custom)
2020-07-22 12:33:41,018 [d5a0b463-2013-4be7-b2a9-4f4f38929cc0@group-8E549E931988-LeaderElection32] INFO  server.RaftServerConfigKeys (ConfUtils.java:logGet(44)) - raft.server.watch.timeout.denomination = 1s (default)
2020-07-22 12:33:41,018 [d5a0b463-2013-4be7-b2a9-4f4f38929cc0@group-8E549E931988-LeaderElection32] INFO  server.RaftServerConfigKeys (ConfUtils.java:logGet(44)) - raft.server.watch.element-limit = 65536 (default)
2020-07-22 12:33:41,018 [d5a0b463-2013-4be7-b2a9-4f4f38929cc0@group-8E549E931988-LeaderElection32] INFO  server.RaftServerConfigKeys (ConfUtils.java:logGet(44)) - raft.server.log.appender.snapshot.chunk.size.max = 16MB (=16777216) (default)
2020-07-22 12:33:41,018 [d5a0b463-2013-4be7-b2a9-4f4f38929cc0@group-8E549E931988-LeaderElection32] INFO  server.RaftServerConfigKeys (ConfUtils.java:logGet(44)) - raft.server.log.appender.buffer.byte-limit = 33554432 (custom)
2020-07-22 12:33:41,018 [d5a0b463-2013-4be7-b2a9-4f4f38929cc0@group-8E549E931988-LeaderElection32] INFO  server.RaftServerConfigKeys (ConfUtils.java:logGet(44)) - raft.server.log.appender.buffer.element-limit = 1 (custom)
2020-07-22 12:33:41,018 [d5a0b463-2013-4be7-b2a9-4f4f38929cc0@group-8E549E931988-LeaderElection32] INFO  grpc.GrpcConfigKeys (ConfUtils.java:logGet(44)) - raft.grpc.server.leader.outstanding.appends.max = 128 (default)
2020-07-22 12:33:41,018 [d5a0b463-2013-4be7-b2a9-4f4f38929cc0@group-8E549E931988-LeaderElection32] INFO  server.RaftServerConfigKeys (ConfUtils.java:logGet(44)) - raft.server.rpc.request.timeout = 3000ms (default)
2020-07-22 12:33:41,019 [d5a0b463-2013-4be7-b2a9-4f4f38929cc0@group-8E549E931988-LeaderElection32] INFO  server.RaftServerConfigKeys (ConfUtils.java:logGet(44)) - raft.server.log.appender.install.snapshot.enabled = false (custom)
2020-07-22 12:33:41,019 [d5a0b463-2013-4be7-b2a9-4f4f38929cc0@group-8E549E931988-LeaderElection32] INFO  metrics.RatisMetrics (RatisMetrics.java:lambda$create$0(36)) - Creating Metrics Registry : ratis_grpc.log_appender.d5a0b463-2013-4be7-b2a9-4f4f38929cc0@group-8E549E931988
2020-07-22 12:33:41,020 [d5a0b463-2013-4be7-b2a9-4f4f38929cc0@group-8E549E931988-LeaderElection32] INFO  server.RaftServerConfigKeys (ConfUtils.java:logGet(44)) - raft.server.log.appender.snapshot.chunk.size.max = 16MB (=16777216) (default)
2020-07-22 12:33:41,020 [d5a0b463-2013-4be7-b2a9-4f4f38929cc0@group-8E549E931988-LeaderElection32] INFO  server.RaftServerConfigKeys (ConfUtils.java:logGet(44)) - raft.server.log.appender.buffer.byte-limit = 33554432 (custom)
2020-07-22 12:33:41,020 [d5a0b463-2013-4be7-b2a9-4f4f38929cc0@group-8E549E931988-LeaderElection32] INFO  server.RaftServerConfigKeys (ConfUtils.java:logGet(44)) - raft.server.log.appender.buffer.element-limit = 1 (custom)
2020-07-22 12:33:41,020 [d5a0b463-2013-4be7-b2a9-4f4f38929cc0@group-8E549E931988-LeaderElection32] INFO  grpc.GrpcConfigKeys (ConfUtils.java:logGet(44)) - raft.grpc.server.leader.outstanding.appends.max = 128 (default)
2020-07-22 12:33:41,021 [d5a0b463-2013-4be7-b2a9-4f4f38929cc0@group-8E549E931988-LeaderElection32] INFO  server.RaftServerConfigKeys (ConfUtils.java:logGet(44)) - raft.server.rpc.request.timeout = 3000ms (default)
2020-07-22 12:33:41,021 [d5a0b463-2013-4be7-b2a9-4f4f38929cc0@group-8E549E931988-LeaderElection32] INFO  server.RaftServerConfigKeys (ConfUtils.java:logGet(44)) - raft.server.log.appender.install.snapshot.enabled = false (custom)
2020-07-22 12:33:41,022 [d5a0b463-2013-4be7-b2a9-4f4f38929cc0@group-8E549E931988-LeaderElection32] INFO  impl.RoleInfo (RoleInfo.java:updateAndGet(143)) - d5a0b463-2013-4be7-b2a9-4f4f38929cc0: start LeaderState
2020-07-22 12:33:41,022 [d5a0b463-2013-4be7-b2a9-4f4f38929cc0@group-8E549E931988-LeaderElection32] INFO  segmented.SegmentedRaftLogWorker (SegmentedRaftLogWorker.java:startLogSegment(397)) - d5a0b463-2013-4be7-b2a9-4f4f38929cc0@group-8E549E931988-SegmentedRaftLogWorker: Starting segment from index:0
2020-07-22 12:33:41,025 [d5a0b463-2013-4be7-b2a9-4f4f38929cc0@group-8E549E931988-LeaderElection32] INFO  impl.RaftServerImpl (ServerState.java:setRaftConf(356)) - d5a0b463-2013-4be7-b2a9-4f4f38929cc0@group-8E549E931988: set configuration 0: [1cc64804-5db2-44d9-9a87-fdc1313ba49d:172.17.0.2:40525, 13de87ee-83ad-45df-97c4-bee39bf390b1:172.17.0.2:42819, d5a0b463-2013-4be7-b2a9-4f4f38929cc0:172.17.0.2:40645], old=null at 0
2020-07-22 12:33:41,025 [d5a0b463-2013-4be7-b2a9-4f4f38929cc0@group-8E549E931988-SegmentedRaftLogWorker] INFO  segmented.SegmentedRaftLogWorker (SegmentedRaftLogWorker.java:execute(596)) - d5a0b463-2013-4be7-b2a9-4f4f38929cc0@group-8E549E931988-SegmentedRaftLogWorker: created new log segment /github/workspace/mnt/ozone/hadoop-ozone/integration-test/target/test-dir/MiniOzoneClusterImpl-27133a7a-4276-4edb-aad9-b93835fdb948/datanode-0/data/ratis/46d9def9-d2a0-46be-8503-8e549e931988/current/log_inprogress_0
2020-07-22 12:33:41,036 [grpc-default-executor-4] INFO  ratis.XceiverServerRatis (XceiverServerRatis.java:handleLeaderChangedNotification(820)) - Leader change notification received for group: group-8E549E931988 with new leaderId: d5a0b463-2013-4be7-b2a9-4f4f38929cc0
2020-07-22 12:33:41,036 [grpc-default-executor-4] INFO  impl.RaftServerImpl (ServerState.java:setLeader(255)) - 1cc64804-5db2-44d9-9a87-fdc1313ba49d@group-8E549E931988: change Leader from null to d5a0b463-2013-4be7-b2a9-4f4f38929cc0 at term 1 for appendEntries, leader elected after 5015ms
2020-07-22 12:33:41,036 [grpc-default-executor-1] INFO  ratis.XceiverServerRatis (XceiverServerRatis.java:handleLeaderChangedNotification(820)) - Leader change notification received for group: group-8E549E931988 with new leaderId: d5a0b463-2013-4be7-b2a9-4f4f38929cc0
2020-07-22 12:33:41,036 [grpc-default-executor-1] INFO  impl.RaftServerImpl (ServerState.java:setLeader(255)) - 13de87ee-83ad-45df-97c4-bee39bf390b1@group-8E549E931988: change Leader from null to d5a0b463-2013-4be7-b2a9-4f4f38929cc0 at term 1 for appendEntries, leader elected after 5041ms
2020-07-22 12:33:41,041 [grpc-default-executor-1] INFO  impl.RaftServerImpl (ServerState.java:setRaftConf(356)) - 1cc64804-5db2-44d9-9a87-fdc1313ba49d@group-8E549E931988: set configuration 0: [1cc64804-5db2-44d9-9a87-fdc1313ba49d:172.17.0.2:40525, 13de87ee-83ad-45df-97c4-bee39bf390b1:172.17.0.2:42819, d5a0b463-2013-4be7-b2a9-4f4f38929cc0:172.17.0.2:40645], old=null at 0
2020-07-22 12:33:41,042 [grpc-default-executor-7] INFO  impl.RaftServerImpl (ServerState.java:setRaftConf(356)) - 13de87ee-83ad-45df-97c4-bee39bf390b1@group-8E549E931988: set configuration 0: [1cc64804-5db2-44d9-9a87-fdc1313ba49d:172.17.0.2:40525, 13de87ee-83ad-45df-97c4-bee39bf390b1:172.17.0.2:42819, d5a0b463-2013-4be7-b2a9-4f4f38929cc0:172.17.0.2:40645], old=null at 0
2020-07-22 12:33:41,044 [grpc-default-executor-1] INFO  segmented.SegmentedRaftLogWorker (SegmentedRaftLogWorker.java:startLogSegment(397)) - 1cc64804-5db2-44d9-9a87-fdc1313ba49d@group-8E549E931988-SegmentedRaftLogWorker: Starting segment from index:0
2020-07-22 12:33:41,044 [grpc-default-executor-7] INFO  segmented.SegmentedRaftLogWorker (SegmentedRaftLogWorker.java:startLogSegment(397)) - 13de87ee-83ad-45df-97c4-bee39bf390b1@group-8E549E931988-SegmentedRaftLogWorker: Starting segment from index:0
2020-07-22 12:33:41,046 [13de87ee-83ad-45df-97c4-bee39bf390b1@group-8E549E931988-SegmentedRaftLogWorker] INFO  segmented.SegmentedRaftLogWorker (SegmentedRaftLogWorker.java:execute(596)) - 13de87ee-83ad-45df-97c4-bee39bf390b1@group-8E549E931988-SegmentedRaftLogWorker: created new log segment /github/workspace/mnt/ozone/hadoop-ozone/integration-test/target/test-dir/MiniOzoneClusterImpl-27133a7a-4276-4edb-aad9-b93835fdb948/datanode-1/data/ratis/46d9def9-d2a0-46be-8503-8e549e931988/current/log_inprogress_0
2020-07-22 12:33:41,047 [1cc64804-5db2-44d9-9a87-fdc1313ba49d@group-8E549E931988-SegmentedRaftLogWorker] INFO  segmented.SegmentedRaftLogWorker (SegmentedRaftLogWorker.java:execute(596)) - 1cc64804-5db2-44d9-9a87-fdc1313ba49d@group-8E549E931988-SegmentedRaftLogWorker: created new log segment /github/workspace/mnt/ozone/hadoop-ozone/integration-test/target/test-dir/MiniOzoneClusterImpl-27133a7a-4276-4edb-aad9-b93835fdb948/datanode-2/data/ratis/46d9def9-d2a0-46be-8503-8e549e931988/current/log_inprogress_0
2020-07-22 12:33:41,089 [Thread-1266] INFO  impl.FollowerState (FollowerState.java:run(108)) - d5a0b463-2013-4be7-b2a9-4f4f38929cc0@group-0624427C6167-FollowerState: change to CANDIDATE, lastRpcTime:5134ms, electionTimeout:5133ms
2020-07-22 12:33:41,089 [Thread-1266] INFO  impl.RoleInfo (RoleInfo.java:shutdownFollowerState(121)) - d5a0b463-2013-4be7-b2a9-4f4f38929cc0: shutdown FollowerState
2020-07-22 12:33:41,089 [Thread-1266] INFO  impl.RaftServerImpl (RaftServerImpl.java:setRole(185)) - d5a0b463-2013-4be7-b2a9-4f4f38929cc0@group-0624427C6167: changes role from  FOLLOWER to CANDIDATE at term 0 for changeToCandidate
2020-07-22 12:33:41,089 [Thread-1266] INFO  impl.RoleInfo (RoleInfo.java:updateAndGet(143)) - d5a0b463-2013-4be7-b2a9-4f4f38929cc0: start LeaderElection
2020-07-22 12:33:41,093 [d5a0b463-2013-4be7-b2a9-4f4f38929cc0@group-0624427C6167-LeaderElection33] INFO  impl.LeaderElection (LeaderElection.java:askForVotes(209)) - d5a0b463-2013-4be7-b2a9-4f4f38929cc0@group-0624427C6167-LeaderElection33: begin an election at term 1 for -1: [d5a0b463-2013-4be7-b2a9-4f4f38929cc0:172.17.0.2:40645], old=null
2020-07-22 12:33:41,093 [d5a0b463-2013-4be7-b2a9-4f4f38929cc0@group-0624427C6167-LeaderElection33] INFO  impl.RoleInfo (RoleInfo.java:shutdownLeaderElection(134)) - d5a0b463-2013-4be7-b2a9-4f4f38929cc0: shutdown LeaderElection
2020-07-22 12:33:41,093 [d5a0b463-2013-4be7-b2a9-4f4f38929cc0@group-0624427C6167-LeaderElection33] INFO  impl.RaftServerImpl (RaftServerImpl.java:setRole(185)) - d5a0b463-2013-4be7-b2a9-4f4f38929cc0@group-0624427C6167: changes role from CANDIDATE to LEADER at term 1 for changeToLeader
2020-07-22 12:33:41,094 [d5a0b463-2013-4be7-b2a9-4f4f38929cc0@group-0624427C6167-LeaderElection33] INFO  ratis.XceiverServerRatis (XceiverServerRatis.java:handleLeaderChangedNotification(820)) - Leader change notification received for group: group-0624427C6167 with new leaderId: d5a0b463-2013-4be7-b2a9-4f4f38929cc0
2020-07-22 12:33:41,094 [d5a0b463-2013-4be7-b2a9-4f4f38929cc0@group-0624427C6167-LeaderElection33] INFO  impl.RaftServerImpl (ServerState.java:setLeader(255)) - d5a0b463-2013-4be7-b2a9-4f4f38929cc0@group-0624427C6167: change Leader from null to d5a0b463-2013-4be7-b2a9-4f4f38929cc0 at term 1 for becomeLeader, leader elected after 5147ms
2020-07-22 12:33:41,094 [d5a0b463-2013-4be7-b2a9-4f4f38929cc0@group-0624427C6167-LeaderElection33] INFO  server.RaftServerConfigKeys (ConfUtils.java:logGet(44)) - raft.server.staging.catchup.gap = 1000 (default)
2020-07-22 12:33:41,094 [d5a0b463-2013-4be7-b2a9-4f4f38929cc0@group-0624427C6167-LeaderElection33] INFO  server.RaftServerConfigKeys (ConfUtils.java:logGet(44)) - raft.server.rpc.sleep.time = 25ms (default)
2020-07-22 12:33:41,094 [d5a0b463-2013-4be7-b2a9-4f4f38929cc0@group-0624427C6167-LeaderElection33] INFO  metrics.RatisMetrics (RatisMetrics.java:lambda$create$0(36)) - Creating Metrics Registry : ratis.log_appender.d5a0b463-2013-4be7-b2a9-4f4f38929cc0@group-0624427C6167
2020-07-22 12:33:41,095 [d5a0b463-2013-4be7-b2a9-4f4f38929cc0@group-0624427C6167-LeaderElection33] INFO  server.RaftServerConfigKeys (ConfUtils.java:logGet(44)) - raft.server.write.element-limit = 1024 (custom)
2020-07-22 12:33:41,095 [d5a0b463-2013-4be7-b2a9-4f4f38929cc0@group-0624427C6167-LeaderElection33] INFO  server.RaftServerConfigKeys (ConfUtils.java:logGet(44)) - raft.server.write.byte-limit = 1073741824 (custom)
2020-07-22 12:33:41,096 [d5a0b463-2013-4be7-b2a9-4f4f38929cc0@group-0624427C6167-LeaderElection33] INFO  server.RaftServerConfigKeys (ConfUtils.java:logGet(44)) - raft.server.watch.timeout = 3000ms (custom)
2020-07-22 12:33:41,096 [d5a0b463-2013-4be7-b2a9-4f4f38929cc0@group-0624427C6167-LeaderElection33] INFO  server.RaftServerConfigKeys (ConfUtils.java:logGet(44)) - raft.server.watch.timeout.denomination = 1s (default)
2020-07-22 12:33:41,096 [d5a0b463-2013-4be7-b2a9-4f4f38929cc0@group-0624427C6167-LeaderElection33] INFO  server.RaftServerConfigKeys (ConfUtils.java:logGet(44)) - raft.server.watch.element-limit = 65536 (default)
2020-07-22 12:33:41,096 [d5a0b463-2013-4be7-b2a9-4f4f38929cc0@group-0624427C6167-LeaderElection33] INFO  impl.RoleInfo (RoleInfo.java:updateAndGet(143)) - d5a0b463-2013-4be7-b2a9-4f4f38929cc0: start LeaderState
2020-07-22 12:33:41,096 [d5a0b463-2013-4be7-b2a9-4f4f38929cc0@group-0624427C6167-LeaderElection33] INFO  segmented.SegmentedRaftLogWorker (SegmentedRaftLogWorker.java:startLogSegment(397)) - d5a0b463-2013-4be7-b2a9-4f4f38929cc0@group-0624427C6167-SegmentedRaftLogWorker: Starting segment from index:0
2020-07-22 12:33:41,097 [d5a0b463-2013-4be7-b2a9-4f4f38929cc0@group-0624427C6167-LeaderElection33] INFO  impl.RaftServerImpl (ServerState.java:setRaftConf(356)) - d5a0b463-2013-4be7-b2a9-4f4f38929cc0@group-0624427C6167: set configuration 0: [d5a0b463-2013-4be7-b2a9-4f4f38929cc0:172.17.0.2:40645], old=null at 0
2020-07-22 12:33:41,098 [d5a0b463-2013-4be7-b2a9-4f4f38929cc0@group-0624427C6167-SegmentedRaftLogWorker] INFO  segmented.SegmentedRaftLogWorker (SegmentedRaftLogWorker.java:execute(596)) - d5a0b463-2013-4be7-b2a9-4f4f38929cc0@group-0624427C6167-SegmentedRaftLogWorker: created new log segment /github/workspace/mnt/ozone/hadoop-ozone/integration-test/target/test-dir/MiniOzoneClusterImpl-27133a7a-4276-4edb-aad9-b93835fdb948/datanode-0/data/ratis/2b884c04-d8b4-4162-98f2-0624427c6167/current/log_inprogress_0
2020-07-22 12:33:41,238 [Thread-1276] INFO  impl.FollowerState (FollowerState.java:run(108)) - 13de87ee-83ad-45df-97c4-bee39bf390b1@group-E289C143EDD1-FollowerState: change to CANDIDATE, lastRpcTime:5174ms, electionTimeout:5174ms
2020-07-22 12:33:41,238 [Thread-1276] INFO  impl.RoleInfo (RoleInfo.java:shutdownFollowerState(121)) - 13de87ee-83ad-45df-97c4-bee39bf390b1: shutdown FollowerState
2020-07-22 12:33:41,239 [Thread-1276] INFO  impl.RaftServerImpl (RaftServerImpl.java:setRole(185)) - 13de87ee-83ad-45df-97c4-bee39bf390b1@group-E289C143EDD1: changes role from  FOLLOWER to CANDIDATE at term 0 for changeToCandidate
2020-07-22 12:33:41,239 [Thread-1276] INFO  impl.RoleInfo (RoleInfo.java:updateAndGet(143)) - 13de87ee-83ad-45df-97c4-bee39bf390b1: start LeaderElection
2020-07-22 12:33:41,243 [13de87ee-83ad-45df-97c4-bee39bf390b1@group-E289C143EDD1-LeaderElection34] INFO  impl.LeaderElection (LeaderElection.java:askForVotes(209)) - 13de87ee-83ad-45df-97c4-bee39bf390b1@group-E289C143EDD1-LeaderElection34: begin an election at term 1 for -1: [13de87ee-83ad-45df-97c4-bee39bf390b1:172.17.0.2:42819], old=null
2020-07-22 12:33:41,243 [13de87ee-83ad-45df-97c4-bee39bf390b1@group-E289C143EDD1-LeaderElection34] INFO  impl.RoleInfo (RoleInfo.java:shutdownLeaderElection(134)) - 13de87ee-83ad-45df-97c4-bee39bf390b1: shutdown LeaderElection
2020-07-22 12:33:41,243 [13de87ee-83ad-45df-97c4-bee39bf390b1@group-E289C143EDD1-LeaderElection34] INFO  impl.RaftServerImpl (RaftServerImpl.java:setRole(185)) - 13de87ee-83ad-45df-97c4-bee39bf390b1@group-E289C143EDD1: changes role from CANDIDATE to LEADER at term 1 for changeToLeader
2020-07-22 12:33:41,243 [13de87ee-83ad-45df-97c4-bee39bf390b1@group-E289C143EDD1-LeaderElection34] INFO  ratis.XceiverServerRatis (XceiverServerRatis.java:handleLeaderChangedNotification(820)) - Leader change notification received for group: group-E289C143EDD1 with new leaderId: 13de87ee-83ad-45df-97c4-bee39bf390b1
2020-07-22 12:33:41,244 [13de87ee-83ad-45df-97c4-bee39bf390b1@group-E289C143EDD1-LeaderElection34] INFO  impl.RaftServerImpl (ServerState.java:setLeader(255)) - 13de87ee-83ad-45df-97c4-bee39bf390b1@group-E289C143EDD1: change Leader from null to 13de87ee-83ad-45df-97c4-bee39bf390b1 at term 1 for becomeLeader, leader elected after 5187ms
2020-07-22 12:33:41,244 [13de87ee-83ad-45df-97c4-bee39bf390b1@group-E289C143EDD1-LeaderElection34] INFO  server.RaftServerConfigKeys (ConfUtils.java:logGet(44)) - raft.server.staging.catchup.gap = 1000 (default)
2020-07-22 12:33:41,244 [13de87ee-83ad-45df-97c4-bee39bf390b1@group-E289C143EDD1-LeaderElection34] INFO  server.RaftServerConfigKeys (ConfUtils.java:logGet(44)) - raft.server.rpc.sleep.time = 25ms (default)
2020-07-22 12:33:41,245 [13de87ee-83ad-45df-97c4-bee39bf390b1@group-E289C143EDD1-LeaderElection34] INFO  metrics.RatisMetrics (RatisMetrics.java:lambda$create$0(36)) - Creating Metrics Registry : ratis.log_appender.13de87ee-83ad-45df-97c4-bee39bf390b1@group-E289C143EDD1
2020-07-22 12:33:41,245 [13de87ee-83ad-45df-97c4-bee39bf390b1@group-E289C143EDD1-LeaderElection34] INFO  server.RaftServerConfigKeys (ConfUtils.java:logGet(44)) - raft.server.write.element-limit = 1024 (custom)
2020-07-22 12:33:41,245 [13de87ee-83ad-45df-97c4-bee39bf390b1@group-E289C143EDD1-LeaderElection34] INFO  server.RaftServerConfigKeys (ConfUtils.java:logGet(44)) - raft.server.write.byte-limit = 1073741824 (custom)
2020-07-22 12:33:41,246 [13de87ee-83ad-45df-97c4-bee39bf390b1@group-E289C143EDD1-LeaderElection34] INFO  server.RaftServerConfigKeys (ConfUtils.java:logGet(44)) - raft.server.watch.timeout = 3000ms (custom)
2020-07-22 12:33:41,246 [13de87ee-83ad-45df-97c4-bee39bf390b1@group-E289C143EDD1-LeaderElection34] INFO  server.RaftServerConfigKeys (ConfUtils.java:logGet(44)) - raft.server.watch.timeout.denomination = 1s (default)
2020-07-22 12:33:41,246 [13de87ee-83ad-45df-97c4-bee39bf390b1@group-E289C143EDD1-LeaderElection34] INFO  server.RaftServerConfigKeys (ConfUtils.java:logGet(44)) - raft.server.watch.element-limit = 65536 (default)
2020-07-22 12:33:41,246 [13de87ee-83ad-45df-97c4-bee39bf390b1@group-E289C143EDD1-LeaderElection34] INFO  impl.RoleInfo (RoleInfo.java:updateAndGet(143)) - 13de87ee-83ad-45df-97c4-bee39bf390b1: start LeaderState
2020-07-22 12:33:41,247 [13de87ee-83ad-45df-97c4-bee39bf390b1@group-E289C143EDD1-LeaderElection34] INFO  segmented.SegmentedRaftLogWorker (SegmentedRaftLogWorker.java:startLogSegment(397)) - 13de87ee-83ad-45df-97c4-bee39bf390b1@group-E289C143EDD1-SegmentedRaftLogWorker: Starting segment from index:0
2020-07-22 12:33:41,247 [13de87ee-83ad-45df-97c4-bee39bf390b1@group-E289C143EDD1-LeaderElection34] INFO  impl.RaftServerImpl (ServerState.java:setRaftConf(356)) - 13de87ee-83ad-45df-97c4-bee39bf390b1@group-E289C143EDD1: set configuration 0: [13de87ee-83ad-45df-97c4-bee39bf390b1:172.17.0.2:42819], old=null at 0
2020-07-22 12:33:41,248 [13de87ee-83ad-45df-97c4-bee39bf390b1@group-E289C143EDD1-SegmentedRaftLogWorker] INFO  segmented.SegmentedRaftLogWorker (SegmentedRaftLogWorker.java:execute(596)) - 13de87ee-83ad-45df-97c4-bee39bf390b1@group-E289C143EDD1-SegmentedRaftLogWorker: created new log segment /github/workspace/mnt/ozone/hadoop-ozone/integration-test/target/test-dir/MiniOzoneClusterImpl-27133a7a-4276-4edb-aad9-b93835fdb948/datanode-1/data/ratis/70f2ab6c-0473-4069-ba41-e289c143edd1/current/log_inprogress_0
2020-07-22 12:33:41,342 [Thread-1278] INFO  impl.FollowerState (FollowerState.java:run(108)) - 1cc64804-5db2-44d9-9a87-fdc1313ba49d@group-52BF0BE3E4FD-FollowerState: change to CANDIDATE, lastRpcTime:5089ms, electionTimeout:5088ms
2020-07-22 12:33:41,342 [Thread-1278] INFO  impl.RoleInfo (RoleInfo.java:shutdownFollowerState(121)) - 1cc64804-5db2-44d9-9a87-fdc1313ba49d: shutdown FollowerState
2020-07-22 12:33:41,343 [Thread-1278] INFO  impl.RaftServerImpl (RaftServerImpl.java:setRole(185)) - 1cc64804-5db2-44d9-9a87-fdc1313ba49d@group-52BF0BE3E4FD: changes role from  FOLLOWER to CANDIDATE at term 0 for changeToCandidate
2020-07-22 12:33:41,343 [Thread-1278] INFO  impl.RoleInfo (RoleInfo.java:updateAndGet(143)) - 1cc64804-5db2-44d9-9a87-fdc1313ba49d: start LeaderElection
2020-07-22 12:33:41,346 [1cc64804-5db2-44d9-9a87-fdc1313ba49d@group-52BF0BE3E4FD-LeaderElection35] INFO  impl.LeaderElection (LeaderElection.java:askForVotes(209)) - 1cc64804-5db2-44d9-9a87-fdc1313ba49d@group-52BF0BE3E4FD-LeaderElection35: begin an election at term 1 for -1: [1cc64804-5db2-44d9-9a87-fdc1313ba49d:172.17.0.2:40525], old=null
2020-07-22 12:33:41,346 [1cc64804-5db2-44d9-9a87-fdc1313ba49d@group-52BF0BE3E4FD-LeaderElection35] INFO  impl.RoleInfo (RoleInfo.java:shutdownLeaderElection(134)) - 1cc64804-5db2-44d9-9a87-fdc1313ba49d: shutdown LeaderElection
2020-07-22 12:33:41,346 [1cc64804-5db2-44d9-9a87-fdc1313ba49d@group-52BF0BE3E4FD-LeaderElection35] INFO  impl.RaftServerImpl (RaftServerImpl.java:setRole(185)) - 1cc64804-5db2-44d9-9a87-fdc1313ba49d@group-52BF0BE3E4FD: changes role from CANDIDATE to LEADER at term 1 for changeToLeader
2020-07-22 12:33:41,346 [1cc64804-5db2-44d9-9a87-fdc1313ba49d@group-52BF0BE3E4FD-LeaderElection35] INFO  ratis.XceiverServerRatis (XceiverServerRatis.java:handleLeaderChangedNotification(820)) - Leader change notification received for group: group-52BF0BE3E4FD with new leaderId: 1cc64804-5db2-44d9-9a87-fdc1313ba49d
2020-07-22 12:33:41,347 [1cc64804-5db2-44d9-9a87-fdc1313ba49d@group-52BF0BE3E4FD-LeaderElection35] INFO  impl.RaftServerImpl (ServerState.java:setLeader(255)) - 1cc64804-5db2-44d9-9a87-fdc1313ba49d@group-52BF0BE3E4FD: change Leader from null to 1cc64804-5db2-44d9-9a87-fdc1313ba49d at term 1 for becomeLeader, leader elected after 5175ms
2020-07-22 12:33:41,348 [1cc64804-5db2-44d9-9a87-fdc1313ba49d@group-52BF0BE3E4FD-LeaderElection35] INFO  server.RaftServerConfigKeys (ConfUtils.java:logGet(44)) - raft.server.staging.catchup.gap = 1000 (default)
2020-07-22 12:33:41,348 [1cc64804-5db2-44d9-9a87-fdc1313ba49d@group-52BF0BE3E4FD-LeaderElection35] INFO  server.RaftServerConfigKeys (ConfUtils.java:logGet(44)) - raft.server.rpc.sleep.time = 25ms (default)
2020-07-22 12:33:41,348 [1cc64804-5db2-44d9-9a87-fdc1313ba49d@group-52BF0BE3E4FD-LeaderElection35] INFO  metrics.RatisMetrics (RatisMetrics.java:lambda$create$0(36)) - Creating Metrics Registry : ratis.log_appender.1cc64804-5db2-44d9-9a87-fdc1313ba49d@group-52BF0BE3E4FD
2020-07-22 12:33:41,349 [1cc64804-5db2-44d9-9a87-fdc1313ba49d@group-52BF0BE3E4FD-LeaderElection35] INFO  server.RaftServerConfigKeys (ConfUtils.java:logGet(44)) - raft.server.write.element-limit = 1024 (custom)
2020-07-22 12:33:41,349 [1cc64804-5db2-44d9-9a87-fdc1313ba49d@group-52BF0BE3E4FD-LeaderElection35] INFO  server.RaftServerConfigKeys (ConfUtils.java:logGet(44)) - raft.server.write.byte-limit = 1073741824 (custom)
2020-07-22 12:33:41,349 [1cc64804-5db2-44d9-9a87-fdc1313ba49d@group-52BF0BE3E4FD-LeaderElection35] INFO  server.RaftServerConfigKeys (ConfUtils.java:logGet(44)) - raft.server.watch.timeout = 3000ms (custom)
2020-07-22 12:33:41,349 [1cc64804-5db2-44d9-9a87-fdc1313ba49d@group-52BF0BE3E4FD-LeaderElection35] INFO  server.RaftServerConfigKeys (ConfUtils.java:logGet(44)) - raft.server.watch.timeout.denomination = 1s (default)
2020-07-22 12:33:41,350 [1cc64804-5db2-44d9-9a87-fdc1313ba49d@group-52BF0BE3E4FD-LeaderElection35] INFO  server.RaftServerConfigKeys (ConfUtils.java:logGet(44)) - raft.server.watch.element-limit = 65536 (default)
2020-07-22 12:33:41,350 [1cc64804-5db2-44d9-9a87-fdc1313ba49d@group-52BF0BE3E4FD-LeaderElection35] INFO  impl.RoleInfo (RoleInfo.java:updateAndGet(143)) - 1cc64804-5db2-44d9-9a87-fdc1313ba49d: start LeaderState
2020-07-22 12:33:41,350 [1cc64804-5db2-44d9-9a87-fdc1313ba49d@group-52BF0BE3E4FD-LeaderElection35] INFO  segmented.SegmentedRaftLogWorker (SegmentedRaftLogWorker.java:startLogSegment(397)) - 1cc64804-5db2-44d9-9a87-fdc1313ba49d@group-52BF0BE3E4FD-SegmentedRaftLogWorker: Starting segment from index:0
2020-07-22 12:33:41,351 [1cc64804-5db2-44d9-9a87-fdc1313ba49d@group-52BF0BE3E4FD-LeaderElection35] INFO  impl.RaftServerImpl (ServerState.java:setRaftConf(356)) - 1cc64804-5db2-44d9-9a87-fdc1313ba49d@group-52BF0BE3E4FD: set configuration 0: [1cc64804-5db2-44d9-9a87-fdc1313ba49d:172.17.0.2:40525], old=null at 0
2020-07-22 12:33:41,351 [1cc64804-5db2-44d9-9a87-fdc1313ba49d@group-52BF0BE3E4FD-SegmentedRaftLogWorker] INFO  segmented.SegmentedRaftLogWorker (SegmentedRaftLogWorker.java:execute(596)) - 1cc64804-5db2-44d9-9a87-fdc1313ba49d@group-52BF0BE3E4FD-SegmentedRaftLogWorker: created new log segment /github/workspace/mnt/ozone/hadoop-ozone/integration-test/target/test-dir/MiniOzoneClusterImpl-27133a7a-4276-4edb-aad9-b93835fdb948/datanode-2/data/ratis/b5a02f61-6181-4649-a7f1-52bf0be3e4fd/current/log_inprogress_0
2020-07-22 12:33:41,366 [Thread-1280] INFO  impl.FollowerState (FollowerState.java:run(108)) - 48b67410-02a7-4c3c-a008-f346ec25aee5@group-66379B4596B2-FollowerState: change to CANDIDATE, lastRpcTime:5043ms, electionTimeout:5043ms
2020-07-22 12:33:41,366 [Thread-1280] INFO  impl.RoleInfo (RoleInfo.java:shutdownFollowerState(121)) - 48b67410-02a7-4c3c-a008-f346ec25aee5: shutdown FollowerState
2020-07-22 12:33:41,366 [Thread-1280] INFO  impl.RaftServerImpl (RaftServerImpl.java:setRole(185)) - 48b67410-02a7-4c3c-a008-f346ec25aee5@group-66379B4596B2: changes role from  FOLLOWER to CANDIDATE at term 0 for changeToCandidate
2020-07-22 12:33:41,366 [Thread-1280] INFO  impl.RoleInfo (RoleInfo.java:updateAndGet(143)) - 48b67410-02a7-4c3c-a008-f346ec25aee5: start LeaderElection
2020-07-22 12:33:41,374 [48b67410-02a7-4c3c-a008-f346ec25aee5@group-66379B4596B2-LeaderElection36] INFO  impl.LeaderElection (LeaderElection.java:askForVotes(209)) - 48b67410-02a7-4c3c-a008-f346ec25aee5@group-66379B4596B2-LeaderElection36: begin an election at term 1 for -1: [48b67410-02a7-4c3c-a008-f346ec25aee5:172.17.0.2:43115], old=null
2020-07-22 12:33:41,374 [48b67410-02a7-4c3c-a008-f346ec25aee5@group-66379B4596B2-LeaderElection36] INFO  impl.RoleInfo (RoleInfo.java:shutdownLeaderElection(134)) - 48b67410-02a7-4c3c-a008-f346ec25aee5: shutdown LeaderElection
2020-07-22 12:33:41,374 [48b67410-02a7-4c3c-a008-f346ec25aee5@group-66379B4596B2-LeaderElection36] INFO  impl.RaftServerImpl (RaftServerImpl.java:setRole(185)) - 48b67410-02a7-4c3c-a008-f346ec25aee5@group-66379B4596B2: changes role from CANDIDATE to LEADER at term 1 for changeToLeader
2020-07-22 12:33:41,374 [48b67410-02a7-4c3c-a008-f346ec25aee5@group-66379B4596B2-LeaderElection36] INFO  ratis.XceiverServerRatis (XceiverServerRatis.java:handleLeaderChangedNotification(820)) - Leader change notification received for group: group-66379B4596B2 with new leaderId: 48b67410-02a7-4c3c-a008-f346ec25aee5
2020-07-22 12:33:41,375 [48b67410-02a7-4c3c-a008-f346ec25aee5@group-66379B4596B2-LeaderElection36] INFO  impl.RaftServerImpl (ServerState.java:setLeader(255)) - 48b67410-02a7-4c3c-a008-f346ec25aee5@group-66379B4596B2: change Leader from null to 48b67410-02a7-4c3c-a008-f346ec25aee5 at term 1 for becomeLeader, leader elected after 5067ms
2020-07-22 12:33:41,377 [48b67410-02a7-4c3c-a008-f346ec25aee5@group-66379B4596B2-LeaderElection36] INFO  server.RaftServerConfigKeys (ConfUtils.java:logGet(44)) - raft.server.staging.catchup.gap = 1000 (default)
2020-07-22 12:33:41,377 [48b67410-02a7-4c3c-a008-f346ec25aee5@group-66379B4596B2-LeaderElection36] INFO  server.RaftServerConfigKeys (ConfUtils.java:logGet(44)) - raft.server.rpc.sleep.time = 25ms (default)
2020-07-22 12:33:41,377 [48b67410-02a7-4c3c-a008-f346ec25aee5@group-66379B4596B2-LeaderElection36] INFO  metrics.RatisMetrics (RatisMetrics.java:lambda$create$0(36)) - Creating Metrics Registry : ratis.log_appender.48b67410-02a7-4c3c-a008-f346ec25aee5@group-66379B4596B2
2020-07-22 12:33:41,378 [48b67410-02a7-4c3c-a008-f346ec25aee5@group-66379B4596B2-LeaderElection36] INFO  server.RaftServerConfigKeys (ConfUtils.java:logGet(44)) - raft.server.write.element-limit = 1024 (custom)
2020-07-22 12:33:41,378 [48b67410-02a7-4c3c-a008-f346ec25aee5@group-66379B4596B2-LeaderElection36] INFO  server.RaftServerConfigKeys (ConfUtils.java:logGet(44)) - raft.server.write.byte-limit = 1073741824 (custom)
2020-07-22 12:33:41,378 [48b67410-02a7-4c3c-a008-f346ec25aee5@group-66379B4596B2-LeaderElection36] INFO  server.RaftServerConfigKeys (ConfUtils.java:logGet(44)) - raft.server.watch.timeout = 3000ms (custom)
2020-07-22 12:33:41,378 [48b67410-02a7-4c3c-a008-f346ec25aee5@group-66379B4596B2-LeaderElection36] INFO  server.RaftServerConfigKeys (ConfUtils.java:logGet(44)) - raft.server.watch.timeout.denomination = 1s (default)
2020-07-22 12:33:41,378 [48b67410-02a7-4c3c-a008-f346ec25aee5@group-66379B4596B2-LeaderElection36] INFO  server.RaftServerConfigKeys (ConfUtils.java:logGet(44)) - raft.server.watch.element-limit = 65536 (default)
2020-07-22 12:33:41,379 [48b67410-02a7-4c3c-a008-f346ec25aee5@group-66379B4596B2-LeaderElection36] INFO  impl.RoleInfo (RoleInfo.java:updateAndGet(143)) - 48b67410-02a7-4c3c-a008-f346ec25aee5: start LeaderState
2020-07-22 12:33:41,379 [48b67410-02a7-4c3c-a008-f346ec25aee5@group-66379B4596B2-LeaderElection36] INFO  segmented.SegmentedRaftLogWorker (SegmentedRaftLogWorker.java:startLogSegment(397)) - 48b67410-02a7-4c3c-a008-f346ec25aee5@group-66379B4596B2-SegmentedRaftLogWorker: Starting segment from index:0
2020-07-22 12:33:41,380 [48b67410-02a7-4c3c-a008-f346ec25aee5@group-66379B4596B2-SegmentedRaftLogWorker] INFO  segmented.SegmentedRaftLogWorker (SegmentedRaftLogWorker.java:execute(596)) - 48b67410-02a7-4c3c-a008-f346ec25aee5@group-66379B4596B2-SegmentedRaftLogWorker: created new log segment /github/workspace/mnt/ozone/hadoop-ozone/integration-test/target/test-dir/MiniOzoneClusterImpl-27133a7a-4276-4edb-aad9-b93835fdb948/datanode-3/data/ratis/17745301-e484-4fd4-bdd9-66379b4596b2/current/log_inprogress_0
2020-07-22 12:33:41,384 [48b67410-02a7-4c3c-a008-f346ec25aee5@group-66379B4596B2-LeaderElection36] INFO  impl.RaftServerImpl (ServerState.java:setRaftConf(356)) - 48b67410-02a7-4c3c-a008-f346ec25aee5@group-66379B4596B2: set configuration 0: [48b67410-02a7-4c3c-a008-f346ec25aee5:172.17.0.2:43115], old=null at 0
2020-07-22 12:33:41,415 [Thread-1282] INFO  impl.FollowerState (FollowerState.java:run(108)) - 48b67410-02a7-4c3c-a008-f346ec25aee5@group-992D786A5571-FollowerState: change to CANDIDATE, lastRpcTime:5077ms, electionTimeout:5076ms
2020-07-22 12:33:41,416 [Thread-1282] INFO  impl.RoleInfo (RoleInfo.java:shutdownFollowerState(121)) - 48b67410-02a7-4c3c-a008-f346ec25aee5: shutdown FollowerState
2020-07-22 12:33:41,416 [Thread-1282] INFO  impl.RaftServerImpl (RaftServerImpl.java:setRole(185)) - 48b67410-02a7-4c3c-a008-f346ec25aee5@group-992D786A5571: changes role from  FOLLOWER to CANDIDATE at term 0 for changeToCandidate
2020-07-22 12:33:41,416 [Thread-1282] INFO  impl.RoleInfo (RoleInfo.java:updateAndGet(143)) - 48b67410-02a7-4c3c-a008-f346ec25aee5: start LeaderElection
2020-07-22 12:33:41,420 [48b67410-02a7-4c3c-a008-f346ec25aee5@group-992D786A5571-LeaderElection37] INFO  impl.LeaderElection (LeaderElection.java:askForVotes(209)) - 48b67410-02a7-4c3c-a008-f346ec25aee5@group-992D786A5571-LeaderElection37: begin an election at term 1 for -1: [cbf3b94c-a31f-438c-8480-20d914ac9d1c:172.17.0.2:36295, 48b67410-02a7-4c3c-a008-f346ec25aee5:172.17.0.2:43115, d6264bd5-628b-4389-82c0-e2589ee55aba:172.17.0.2:46661], old=null
2020-07-22 12:33:41,431 [grpc-default-executor-7] INFO  impl.RaftServerImpl (RaftServerImpl.java:setRole(185)) - cbf3b94c-a31f-438c-8480-20d914ac9d1c@group-992D786A5571: changes role from  FOLLOWER to FOLLOWER at term 1 for recognizeCandidate:48b67410-02a7-4c3c-a008-f346ec25aee5
2020-07-22 12:33:41,432 [grpc-default-executor-7] INFO  impl.RoleInfo (RoleInfo.java:shutdownFollowerState(121)) - cbf3b94c-a31f-438c-8480-20d914ac9d1c: shutdown FollowerState
2020-07-22 12:33:41,432 [grpc-default-executor-7] INFO  impl.RoleInfo (RoleInfo.java:updateAndGet(143)) - cbf3b94c-a31f-438c-8480-20d914ac9d1c: start FollowerState
2020-07-22 12:33:41,432 [Thread-1284] INFO  impl.FollowerState (FollowerState.java:run(117)) - cbf3b94c-a31f-438c-8480-20d914ac9d1c@group-992D786A5571-FollowerState was interrupted: java.lang.InterruptedException: sleep interrupted
2020-07-22 12:33:41,445 [48b67410-02a7-4c3c-a008-f346ec25aee5@group-992D786A5571-LeaderElection37] INFO  impl.LeaderElection (LeaderElection.java:logAndReturn(61)) - 48b67410-02a7-4c3c-a008-f346ec25aee5@group-992D786A5571-LeaderElection37: Election PASSED; received 1 response(s) [48b67410-02a7-4c3c-a008-f346ec25aee5<-cbf3b94c-a31f-438c-8480-20d914ac9d1c#0:OK-t1] and 0 exception(s); 48b67410-02a7-4c3c-a008-f346ec25aee5@group-992D786A5571:t1, leader=null, voted=48b67410-02a7-4c3c-a008-f346ec25aee5, raftlog=48b67410-02a7-4c3c-a008-f346ec25aee5@group-992D786A5571-SegmentedRaftLog:OPENED:c-1,f-1,i0, conf=-1: [cbf3b94c-a31f-438c-8480-20d914ac9d1c:172.17.0.2:36295, 48b67410-02a7-4c3c-a008-f346ec25aee5:172.17.0.2:43115, d6264bd5-628b-4389-82c0-e2589ee55aba:172.17.0.2:46661], old=null
2020-07-22 12:33:41,446 [48b67410-02a7-4c3c-a008-f346ec25aee5@group-992D786A5571-LeaderElection37] INFO  impl.RoleInfo (RoleInfo.java:shutdownLeaderElection(134)) - 48b67410-02a7-4c3c-a008-f346ec25aee5: shutdown LeaderElection
2020-07-22 12:33:41,446 [48b67410-02a7-4c3c-a008-f346ec25aee5@group-992D786A5571-LeaderElection37] INFO  impl.RaftServerImpl (RaftServerImpl.java:setRole(185)) - 48b67410-02a7-4c3c-a008-f346ec25aee5@group-992D786A5571: changes role from CANDIDATE to LEADER at term 1 for changeToLeader
2020-07-22 12:33:41,446 [48b67410-02a7-4c3c-a008-f346ec25aee5@group-992D786A5571-LeaderElection37] INFO  ratis.XceiverServerRatis (XceiverServerRatis.java:handleLeaderChangedNotification(820)) - Leader change notification received for group: group-992D786A5571 with new leaderId: 48b67410-02a7-4c3c-a008-f346ec25aee5
2020-07-22 12:33:41,446 [48b67410-02a7-4c3c-a008-f346ec25aee5@group-992D786A5571-LeaderElection37] INFO  impl.RaftServerImpl (ServerState.java:setLeader(255)) - 48b67410-02a7-4c3c-a008-f346ec25aee5@group-992D786A5571: change Leader from null to 48b67410-02a7-4c3c-a008-f346ec25aee5 at term 1 for becomeLeader, leader elected after 5117ms
2020-07-22 12:33:41,446 [48b67410-02a7-4c3c-a008-f346ec25aee5@group-992D786A5571-LeaderElection37] INFO  server.RaftServerConfigKeys (ConfUtils.java:logGet(44)) - raft.server.staging.catchup.gap = 1000 (default)
2020-07-22 12:33:41,446 [48b67410-02a7-4c3c-a008-f346ec25aee5@group-992D786A5571-LeaderElection37] INFO  server.RaftServerConfigKeys (ConfUtils.java:logGet(44)) - raft.server.rpc.sleep.time = 25ms (default)
2020-07-22 12:33:41,446 [48b67410-02a7-4c3c-a008-f346ec25aee5@group-992D786A5571-LeaderElection37] INFO  metrics.RatisMetrics (RatisMetrics.java:lambda$create$0(36)) - Creating Metrics Registry : ratis.log_appender.48b67410-02a7-4c3c-a008-f346ec25aee5@group-992D786A5571
2020-07-22 12:33:41,446 [48b67410-02a7-4c3c-a008-f346ec25aee5@group-992D786A5571-LeaderElection37] INFO  server.RaftServerConfigKeys (ConfUtils.java:logGet(44)) - raft.server.write.element-limit = 1024 (custom)
2020-07-22 12:33:41,446 [48b67410-02a7-4c3c-a008-f346ec25aee5@group-992D786A5571-LeaderElection37] INFO  server.RaftServerConfigKeys (ConfUtils.java:logGet(44)) - raft.server.write.byte-limit = 1073741824 (custom)
2020-07-22 12:33:41,447 [48b67410-02a7-4c3c-a008-f346ec25aee5@group-992D786A5571-LeaderElection37] INFO  server.RaftServerConfigKeys (ConfUtils.java:logGet(44)) - raft.server.watch.timeout = 3000ms (custom)
2020-07-22 12:33:41,447 [48b67410-02a7-4c3c-a008-f346ec25aee5@group-992D786A5571-LeaderElection37] INFO  server.RaftServerConfigKeys (ConfUtils.java:logGet(44)) - raft.server.watch.timeout.denomination = 1s (default)
2020-07-22 12:33:41,447 [48b67410-02a7-4c3c-a008-f346ec25aee5@group-992D786A5571-LeaderElection37] INFO  server.RaftServerConfigKeys (ConfUtils.java:logGet(44)) - raft.server.watch.element-limit = 65536 (default)
2020-07-22 12:33:41,447 [48b67410-02a7-4c3c-a008-f346ec25aee5@group-992D786A5571-LeaderElection37] INFO  server.RaftServerConfigKeys (ConfUtils.java:logGet(44)) - raft.server.log.appender.snapshot.chunk.size.max = 16MB (=16777216) (default)
2020-07-22 12:33:41,447 [48b67410-02a7-4c3c-a008-f346ec25aee5@group-992D786A5571-LeaderElection37] INFO  server.RaftServerConfigKeys (ConfUtils.java:logGet(44)) - raft.server.log.appender.buffer.byte-limit = 33554432 (custom)
2020-07-22 12:33:41,447 [48b67410-02a7-4c3c-a008-f346ec25aee5@group-992D786A5571-LeaderElection37] INFO  server.RaftServerConfigKeys (ConfUtils.java:logGet(44)) - raft.server.log.appender.buffer.element-limit = 1 (custom)
2020-07-22 12:33:41,448 [48b67410-02a7-4c3c-a008-f346ec25aee5@group-992D786A5571-LeaderElection37] INFO  grpc.GrpcConfigKeys (ConfUtils.java:logGet(44)) - raft.grpc.server.leader.outstanding.appends.max = 128 (default)
2020-07-22 12:33:41,448 [48b67410-02a7-4c3c-a008-f346ec25aee5@group-992D786A5571-LeaderElection37] INFO  server.RaftServerConfigKeys (ConfUtils.java:logGet(44)) - raft.server.rpc.request.timeout = 3000ms (default)
2020-07-22 12:33:41,451 [48b67410-02a7-4c3c-a008-f346ec25aee5@group-992D786A5571-LeaderElection37] INFO  server.RaftServerConfigKeys (ConfUtils.java:logGet(44)) - raft.server.log.appender.install.snapshot.enabled = false (custom)
2020-07-22 12:33:41,451 [48b67410-02a7-4c3c-a008-f346ec25aee5@group-992D786A5571-LeaderElection37] INFO  metrics.RatisMetrics (RatisMetrics.java:lambda$create$0(36)) - Creating Metrics Registry : ratis_grpc.log_appender.48b67410-02a7-4c3c-a008-f346ec25aee5@group-992D786A5571
2020-07-22 12:33:41,449 [grpc-default-executor-7] INFO  impl.RaftServerImpl (RaftServerImpl.java:setRole(185)) - d6264bd5-628b-4389-82c0-e2589ee55aba@group-992D786A5571: changes role from  FOLLOWER to FOLLOWER at term 1 for recognizeCandidate:48b67410-02a7-4c3c-a008-f346ec25aee5
2020-07-22 12:33:41,456 [grpc-default-executor-7] INFO  impl.RoleInfo (RoleInfo.java:shutdownFollowerState(121)) - d6264bd5-628b-4389-82c0-e2589ee55aba: shutdown FollowerState
2020-07-22 12:33:41,456 [grpc-default-executor-7] INFO  impl.RoleInfo (RoleInfo.java:updateAndGet(143)) - d6264bd5-628b-4389-82c0-e2589ee55aba: start FollowerState
2020-07-22 12:33:41,456 [Thread-1287] INFO  impl.FollowerState (FollowerState.java:run(117)) - d6264bd5-628b-4389-82c0-e2589ee55aba@group-992D786A5571-FollowerState was interrupted: java.lang.InterruptedException: sleep interrupted
2020-07-22 12:33:41,457 [EventQueue-PipelineReportForPipelineReportHandler] INFO  pipeline.PipelineStateManager (PipelineStateManager.java:openPipeline(131)) - Pipeline Pipeline[ Id: 1d7d8fe0-aec6-4d19-bd70-992d786a5571, Nodes: 48b67410-02a7-4c3c-a008-f346ec25aee5{ip: 172.17.0.2, host: c8d1cb744cae, networkLocation: /default-rack, certSerialId: null}cbf3b94c-a31f-438c-8480-20d914ac9d1c{ip: 172.17.0.2, host: c8d1cb744cae, networkLocation: /default-rack, certSerialId: null}d6264bd5-628b-4389-82c0-e2589ee55aba{ip: 172.17.0.2, host: c8d1cb744cae, networkLocation: /default-rack, certSerialId: null}, Type:RATIS, Factor:THREE, State:ALLOCATED, leaderId:48b67410-02a7-4c3c-a008-f346ec25aee5, CreationTimestamp2020-07-22T12:33:33.569Z] moved to OPEN state
2020-07-22 12:33:41,467 [48b67410-02a7-4c3c-a008-f346ec25aee5@group-992D786A5571-LeaderElection37] INFO  server.RaftServerConfigKeys (ConfUtils.java:logGet(44)) - raft.server.log.appender.snapshot.chunk.size.max = 16MB (=16777216) (default)
2020-07-22 12:33:41,467 [48b67410-02a7-4c3c-a008-f346ec25aee5@group-992D786A5571-LeaderElection37] INFO  server.RaftServerConfigKeys (ConfUtils.java:logGet(44)) - raft.server.log.appender.buffer.byte-limit = 33554432 (custom)
2020-07-22 12:33:41,467 [48b67410-02a7-4c3c-a008-f346ec25aee5@group-992D786A5571-LeaderElection37] INFO  server.RaftServerConfigKeys (ConfUtils.java:logGet(44)) - raft.server.log.appender.buffer.element-limit = 1 (custom)
2020-07-22 12:33:41,467 [48b67410-02a7-4c3c-a008-f346ec25aee5@group-992D786A5571-LeaderElection37] INFO  grpc.GrpcConfigKeys (ConfUtils.java:logGet(44)) - raft.grpc.server.leader.outstanding.appends.max = 128 (default)
2020-07-22 12:33:41,467 [48b67410-02a7-4c3c-a008-f346ec25aee5@group-992D786A5571-LeaderElection37] INFO  server.RaftServerConfigKeys (ConfUtils.java:logGet(44)) - raft.server.rpc.request.timeout = 3000ms (default)
2020-07-22 12:33:41,467 [48b67410-02a7-4c3c-a008-f346ec25aee5@group-992D786A5571-LeaderElection37] INFO  server.RaftServerConfigKeys (ConfUtils.java:logGet(44)) - raft.server.log.appender.install.snapshot.enabled = false (custom)
2020-07-22 12:33:41,469 [48b67410-02a7-4c3c-a008-f346ec25aee5@group-992D786A5571-LeaderElection37] INFO  impl.RoleInfo (RoleInfo.java:updateAndGet(143)) - 48b67410-02a7-4c3c-a008-f346ec25aee5: start LeaderState
2020-07-22 12:33:41,469 [48b67410-02a7-4c3c-a008-f346ec25aee5@group-992D786A5571-LeaderElection37] INFO  segmented.SegmentedRaftLogWorker (SegmentedRaftLogWorker.java:startLogSegment(397)) - 48b67410-02a7-4c3c-a008-f346ec25aee5@group-992D786A5571-SegmentedRaftLogWorker: Starting segment from index:0
2020-07-22 12:33:41,472 [48b67410-02a7-4c3c-a008-f346ec25aee5@group-992D786A5571-SegmentedRaftLogWorker] INFO  segmented.SegmentedRaftLogWorker (SegmentedRaftLogWorker.java:execute(596)) - 48b67410-02a7-4c3c-a008-f346ec25aee5@group-992D786A5571-SegmentedRaftLogWorker: created new log segment /github/workspace/mnt/ozone/hadoop-ozone/integration-test/target/test-dir/MiniOzoneClusterImpl-27133a7a-4276-4edb-aad9-b93835fdb948/datanode-3/data/ratis/1d7d8fe0-aec6-4d19-bd70-992d786a5571/current/log_inprogress_0
2020-07-22 12:33:41,473 [48b67410-02a7-4c3c-a008-f346ec25aee5@group-992D786A5571-LeaderElection37] INFO  impl.RaftServerImpl (ServerState.java:setRaftConf(356)) - 48b67410-02a7-4c3c-a008-f346ec25aee5@group-992D786A5571: set configuration 0: [cbf3b94c-a31f-438c-8480-20d914ac9d1c:172.17.0.2:36295, 48b67410-02a7-4c3c-a008-f346ec25aee5:172.17.0.2:43115, d6264bd5-628b-4389-82c0-e2589ee55aba:172.17.0.2:46661], old=null at 0
2020-07-22 12:33:41,488 [grpc-default-executor-7] INFO  ratis.XceiverServerRatis (XceiverServerRatis.java:handleLeaderChangedNotification(820)) - Leader change notification received for group: group-992D786A5571 with new leaderId: 48b67410-02a7-4c3c-a008-f346ec25aee5
2020-07-22 12:33:41,488 [grpc-default-executor-7] INFO  impl.RaftServerImpl (ServerState.java:setLeader(255)) - d6264bd5-628b-4389-82c0-e2589ee55aba@group-992D786A5571: change Leader from null to 48b67410-02a7-4c3c-a008-f346ec25aee5 at term 1 for appendEntries, leader elected after 5099ms
2020-07-22 12:33:41,490 [grpc-default-executor-7] INFO  impl.RaftServerImpl (ServerState.java:setRaftConf(356)) - d6264bd5-628b-4389-82c0-e2589ee55aba@group-992D786A5571: set configuration 0: [cbf3b94c-a31f-438c-8480-20d914ac9d1c:172.17.0.2:36295, 48b67410-02a7-4c3c-a008-f346ec25aee5:172.17.0.2:43115, d6264bd5-628b-4389-82c0-e2589ee55aba:172.17.0.2:46661], old=null at 0
2020-07-22 12:33:41,490 [grpc-default-executor-7] INFO  segmented.SegmentedRaftLogWorker (SegmentedRaftLogWorker.java:startLogSegment(397)) - d6264bd5-628b-4389-82c0-e2589ee55aba@group-992D786A5571-SegmentedRaftLogWorker: Starting segment from index:0
2020-07-22 12:33:41,501 [d6264bd5-628b-4389-82c0-e2589ee55aba@group-992D786A5571-SegmentedRaftLogWorker] INFO  segmented.SegmentedRaftLogWorker (SegmentedRaftLogWorker.java:execute(596)) - d6264bd5-628b-4389-82c0-e2589ee55aba@group-992D786A5571-SegmentedRaftLogWorker: created new log segment /github/workspace/mnt/ozone/hadoop-ozone/integration-test/target/test-dir/MiniOzoneClusterImpl-27133a7a-4276-4edb-aad9-b93835fdb948/datanode-5/data/ratis/1d7d8fe0-aec6-4d19-bd70-992d786a5571/current/log_inprogress_0
2020-07-22 12:33:41,503 [grpc-default-executor-1] INFO  ratis.XceiverServerRatis (XceiverServerRatis.java:handleLeaderChangedNotification(820)) - Leader change notification received for group: group-992D786A5571 with new leaderId: 48b67410-02a7-4c3c-a008-f346ec25aee5
2020-07-22 12:33:41,503 [grpc-default-executor-1] INFO  impl.RaftServerImpl (ServerState.java:setLeader(255)) - cbf3b94c-a31f-438c-8480-20d914ac9d1c@group-992D786A5571: change Leader from null to 48b67410-02a7-4c3c-a008-f346ec25aee5 at term 1 for appendEntries, leader elected after 5142ms
2020-07-22 12:33:41,518 [grpc-default-executor-1] INFO  impl.RaftServerImpl (ServerState.java:setRaftConf(356)) - cbf3b94c-a31f-438c-8480-20d914ac9d1c@group-992D786A5571: set configuration 0: [cbf3b94c-a31f-438c-8480-20d914ac9d1c:172.17.0.2:36295, 48b67410-02a7-4c3c-a008-f346ec25aee5:172.17.0.2:43115, d6264bd5-628b-4389-82c0-e2589ee55aba:172.17.0.2:46661], old=null at 0
2020-07-22 12:33:41,521 [grpc-default-executor-1] INFO  segmented.SegmentedRaftLogWorker (SegmentedRaftLogWorker.java:startLogSegment(397)) - cbf3b94c-a31f-438c-8480-20d914ac9d1c@group-992D786A5571-SegmentedRaftLogWorker: Starting segment from index:0
2020-07-22 12:33:41,523 [cbf3b94c-a31f-438c-8480-20d914ac9d1c@group-992D786A5571-SegmentedRaftLogWorker] INFO  segmented.SegmentedRaftLogWorker (SegmentedRaftLogWorker.java:execute(596)) - cbf3b94c-a31f-438c-8480-20d914ac9d1c@group-992D786A5571-SegmentedRaftLogWorker: created new log segment /github/workspace/mnt/ozone/hadoop-ozone/integration-test/target/test-dir/MiniOzoneClusterImpl-27133a7a-4276-4edb-aad9-b93835fdb948/datanode-4/data/ratis/1d7d8fe0-aec6-4d19-bd70-992d786a5571/current/log_inprogress_0
2020-07-22 12:33:41,561 [Thread-1290] INFO  impl.FollowerState (FollowerState.java:run(108)) - cbf3b94c-a31f-438c-8480-20d914ac9d1c@group-962450AE1251-FollowerState: change to CANDIDATE, lastRpcTime:5110ms, electionTimeout:5110ms
2020-07-22 12:33:41,561 [Thread-1290] INFO  impl.RoleInfo (RoleInfo.java:shutdownFollowerState(121)) - cbf3b94c-a31f-438c-8480-20d914ac9d1c: shutdown FollowerState
2020-07-22 12:33:41,561 [Thread-1290] INFO  impl.RaftServerImpl (RaftServerImpl.java:setRole(185)) - cbf3b94c-a31f-438c-8480-20d914ac9d1c@group-962450AE1251: changes role from  FOLLOWER to CANDIDATE at term 0 for changeToCandidate
2020-07-22 12:33:41,561 [Thread-1290] INFO  impl.RoleInfo (RoleInfo.java:updateAndGet(143)) - cbf3b94c-a31f-438c-8480-20d914ac9d1c: start LeaderElection
2020-07-22 12:33:41,565 [cbf3b94c-a31f-438c-8480-20d914ac9d1c@group-962450AE1251-LeaderElection38] INFO  impl.LeaderElection (LeaderElection.java:askForVotes(209)) - cbf3b94c-a31f-438c-8480-20d914ac9d1c@group-962450AE1251-LeaderElection38: begin an election at term 1 for -1: [cbf3b94c-a31f-438c-8480-20d914ac9d1c:172.17.0.2:36295], old=null
2020-07-22 12:33:41,565 [cbf3b94c-a31f-438c-8480-20d914ac9d1c@group-962450AE1251-LeaderElection38] INFO  impl.RoleInfo (RoleInfo.java:shutdownLeaderElection(134)) - cbf3b94c-a31f-438c-8480-20d914ac9d1c: shutdown LeaderElection
2020-07-22 12:33:41,565 [cbf3b94c-a31f-438c-8480-20d914ac9d1c@group-962450AE1251-LeaderElection38] INFO  impl.RaftServerImpl (RaftServerImpl.java:setRole(185)) - cbf3b94c-a31f-438c-8480-20d914ac9d1c@group-962450AE1251: changes role from CANDIDATE to LEADER at term 1 for changeToLeader
2020-07-22 12:33:41,565 [cbf3b94c-a31f-438c-8480-20d914ac9d1c@group-962450AE1251-LeaderElection38] INFO  ratis.XceiverServerRatis (XceiverServerRatis.java:handleLeaderChangedNotification(820)) - Leader change notification received for group: group-962450AE1251 with new leaderId: cbf3b94c-a31f-438c-8480-20d914ac9d1c
2020-07-22 12:33:41,565 [cbf3b94c-a31f-438c-8480-20d914ac9d1c@group-962450AE1251-LeaderElection38] INFO  impl.RaftServerImpl (ServerState.java:setLeader(255)) - cbf3b94c-a31f-438c-8480-20d914ac9d1c@group-962450AE1251: change Leader from null to cbf3b94c-a31f-438c-8480-20d914ac9d1c at term 1 for becomeLeader, leader elected after 5123ms
2020-07-22 12:33:41,566 [cbf3b94c-a31f-438c-8480-20d914ac9d1c@group-962450AE1251-LeaderElection38] INFO  server.RaftServerConfigKeys (ConfUtils.java:logGet(44)) - raft.server.staging.catchup.gap = 1000 (default)
2020-07-22 12:33:41,566 [cbf3b94c-a31f-438c-8480-20d914ac9d1c@group-962450AE1251-LeaderElection38] INFO  server.RaftServerConfigKeys (ConfUtils.java:logGet(44)) - raft.server.rpc.sleep.time = 25ms (default)
2020-07-22 12:33:41,566 [cbf3b94c-a31f-438c-8480-20d914ac9d1c@group-962450AE1251-LeaderElection38] INFO  metrics.RatisMetrics (RatisMetrics.java:lambda$create$0(36)) - Creating Metrics Registry : ratis.log_appender.cbf3b94c-a31f-438c-8480-20d914ac9d1c@group-962450AE1251
2020-07-22 12:33:41,566 [cbf3b94c-a31f-438c-8480-20d914ac9d1c@group-962450AE1251-LeaderElection38] INFO  server.RaftServerConfigKeys (ConfUtils.java:logGet(44)) - raft.server.write.element-limit = 1024 (custom)
2020-07-22 12:33:41,567 [cbf3b94c-a31f-438c-8480-20d914ac9d1c@group-962450AE1251-LeaderElection38] INFO  server.RaftServerConfigKeys (ConfUtils.java:logGet(44)) - raft.server.write.byte-limit = 1073741824 (custom)
2020-07-22 12:33:41,567 [cbf3b94c-a31f-438c-8480-20d914ac9d1c@group-962450AE1251-LeaderElection38] INFO  server.RaftServerConfigKeys (ConfUtils.java:logGet(44)) - raft.server.watch.timeout = 3000ms (custom)
2020-07-22 12:33:41,567 [cbf3b94c-a31f-438c-8480-20d914ac9d1c@group-962450AE1251-LeaderElection38] INFO  server.RaftServerConfigKeys (ConfUtils.java:logGet(44)) - raft.server.watch.timeout.denomination = 1s (default)
2020-07-22 12:33:41,568 [cbf3b94c-a31f-438c-8480-20d914ac9d1c@group-962450AE1251-LeaderElection38] INFO  server.RaftServerConfigKeys (ConfUtils.java:logGet(44)) - raft.server.watch.element-limit = 65536 (default)
2020-07-22 12:33:41,568 [cbf3b94c-a31f-438c-8480-20d914ac9d1c@group-962450AE1251-LeaderElection38] INFO  impl.RoleInfo (RoleInfo.java:updateAndGet(143)) - cbf3b94c-a31f-438c-8480-20d914ac9d1c: start LeaderState
2020-07-22 12:33:41,569 [cbf3b94c-a31f-438c-8480-20d914ac9d1c@group-962450AE1251-LeaderElection38] INFO  segmented.SegmentedRaftLogWorker (SegmentedRaftLogWorker.java:startLogSegment(397)) - cbf3b94c-a31f-438c-8480-20d914ac9d1c@group-962450AE1251-SegmentedRaftLogWorker: Starting segment from index:0
2020-07-22 12:33:41,570 [cbf3b94c-a31f-438c-8480-20d914ac9d1c@group-962450AE1251-SegmentedRaftLogWorker] INFO  segmented.SegmentedRaftLogWorker (SegmentedRaftLogWorker.java:execute(596)) - cbf3b94c-a31f-438c-8480-20d914ac9d1c@group-962450AE1251-SegmentedRaftLogWorker: created new log segment /github/workspace/mnt/ozone/hadoop-ozone/integration-test/target/test-dir/MiniOzoneClusterImpl-27133a7a-4276-4edb-aad9-b93835fdb948/datanode-4/data/ratis/ae4b61c7-78f9-4f72-b628-962450ae1251/current/log_inprogress_0
2020-07-22 12:33:41,571 [cbf3b94c-a31f-438c-8480-20d914ac9d1c@group-962450AE1251-LeaderElection38] INFO  impl.RaftServerImpl (ServerState.java:setRaftConf(356)) - cbf3b94c-a31f-438c-8480-20d914ac9d1c@group-962450AE1251: set configuration 0: [cbf3b94c-a31f-438c-8480-20d914ac9d1c:172.17.0.2:36295], old=null at 0
2020-07-22 12:33:41,643 [Thread-1292] INFO  impl.FollowerState (FollowerState.java:run(108)) - d6264bd5-628b-4389-82c0-e2589ee55aba@group-73E2E86F0E11-FollowerState: change to CANDIDATE, lastRpcTime:5063ms, electionTimeout:5062ms
2020-07-22 12:33:41,643 [Thread-1292] INFO  impl.RoleInfo (RoleInfo.java:shutdownFollowerState(121)) - d6264bd5-628b-4389-82c0-e2589ee55aba: shutdown FollowerState
2020-07-22 12:33:41,643 [Thread-1292] INFO  impl.RaftServerImpl (RaftServerImpl.java:setRole(185)) - d6264bd5-628b-4389-82c0-e2589ee55aba@group-73E2E86F0E11: changes role from  FOLLOWER to CANDIDATE at term 0 for changeToCandidate
2020-07-22 12:33:41,643 [Thread-1292] INFO  impl.RoleInfo (RoleInfo.java:updateAndGet(143)) - d6264bd5-628b-4389-82c0-e2589ee55aba: start LeaderElection
2020-07-22 12:33:41,649 [d6264bd5-628b-4389-82c0-e2589ee55aba@group-73E2E86F0E11-LeaderElection39] INFO  impl.LeaderElection (LeaderElection.java:askForVotes(209)) - d6264bd5-628b-4389-82c0-e2589ee55aba@group-73E2E86F0E11-LeaderElection39: begin an election at term 1 for -1: [d6264bd5-628b-4389-82c0-e2589ee55aba:172.17.0.2:46661], old=null
2020-07-22 12:33:41,649 [d6264bd5-628b-4389-82c0-e2589ee55aba@group-73E2E86F0E11-LeaderElection39] INFO  impl.RoleInfo (RoleInfo.java:shutdownLeaderElection(134)) - d6264bd5-628b-4389-82c0-e2589ee55aba: shutdown LeaderElection
2020-07-22 12:33:41,649 [d6264bd5-628b-4389-82c0-e2589ee55aba@group-73E2E86F0E11-LeaderElection39] INFO  impl.RaftServerImpl (RaftServerImpl.java:setRole(185)) - d6264bd5-628b-4389-82c0-e2589ee55aba@group-73E2E86F0E11: changes role from CANDIDATE to LEADER at term 1 for changeToLeader
2020-07-22 12:33:41,649 [d6264bd5-628b-4389-82c0-e2589ee55aba@group-73E2E86F0E11-LeaderElection39] INFO  ratis.XceiverServerRatis (XceiverServerRatis.java:handleLeaderChangedNotification(820)) - Leader change notification received for group: group-73E2E86F0E11 with new leaderId: d6264bd5-628b-4389-82c0-e2589ee55aba
2020-07-22 12:33:41,649 [d6264bd5-628b-4389-82c0-e2589ee55aba@group-73E2E86F0E11-LeaderElection39] INFO  impl.RaftServerImpl (ServerState.java:setLeader(255)) - d6264bd5-628b-4389-82c0-e2589ee55aba@group-73E2E86F0E11: change Leader from null to d6264bd5-628b-4389-82c0-e2589ee55aba at term 1 for becomeLeader, leader elected after 5076ms
2020-07-22 12:33:41,650 [d6264bd5-628b-4389-82c0-e2589ee55aba@group-73E2E86F0E11-LeaderElection39] INFO  server.RaftServerConfigKeys (ConfUtils.java:logGet(44)) - raft.server.staging.catchup.gap = 1000 (default)
2020-07-22 12:33:41,650 [d6264bd5-628b-4389-82c0-e2589ee55aba@group-73E2E86F0E11-LeaderElection39] INFO  server.RaftServerConfigKeys (ConfUtils.java:logGet(44)) - raft.server.rpc.sleep.time = 25ms (default)
2020-07-22 12:33:41,650 [d6264bd5-628b-4389-82c0-e2589ee55aba@group-73E2E86F0E11-LeaderElection39] INFO  metrics.RatisMetrics (RatisMetrics.java:lambda$create$0(36)) - Creating Metrics Registry : ratis.log_appender.d6264bd5-628b-4389-82c0-e2589ee55aba@group-73E2E86F0E11
2020-07-22 12:33:41,650 [d6264bd5-628b-4389-82c0-e2589ee55aba@group-73E2E86F0E11-LeaderElection39] INFO  server.RaftServerConfigKeys (ConfUtils.java:logGet(44)) - raft.server.write.element-limit = 1024 (custom)
2020-07-22 12:33:41,650 [d6264bd5-628b-4389-82c0-e2589ee55aba@group-73E2E86F0E11-LeaderElection39] INFO  server.RaftServerConfigKeys (ConfUtils.java:logGet(44)) - raft.server.write.byte-limit = 1073741824 (custom)
2020-07-22 12:33:41,651 [d6264bd5-628b-4389-82c0-e2589ee55aba@group-73E2E86F0E11-LeaderElection39] INFO  server.RaftServerConfigKeys (ConfUtils.java:logGet(44)) - raft.server.watch.timeout = 3000ms (custom)
2020-07-22 12:33:41,651 [d6264bd5-628b-4389-82c0-e2589ee55aba@group-73E2E86F0E11-LeaderElection39] INFO  server.RaftServerConfigKeys (ConfUtils.java:logGet(44)) - raft.server.watch.timeout.denomination = 1s (default)
2020-07-22 12:33:41,651 [d6264bd5-628b-4389-82c0-e2589ee55aba@group-73E2E86F0E11-LeaderElection39] INFO  server.RaftServerConfigKeys (ConfUtils.java:logGet(44)) - raft.server.watch.element-limit = 65536 (default)
2020-07-22 12:33:41,651 [d6264bd5-628b-4389-82c0-e2589ee55aba@group-73E2E86F0E11-LeaderElection39] INFO  impl.RoleInfo (RoleInfo.java:updateAndGet(143)) - d6264bd5-628b-4389-82c0-e2589ee55aba: start LeaderState
2020-07-22 12:33:41,652 [d6264bd5-628b-4389-82c0-e2589ee55aba@group-73E2E86F0E11-LeaderElection39] INFO  segmented.SegmentedRaftLogWorker (SegmentedRaftLogWorker.java:startLogSegment(397)) - d6264bd5-628b-4389-82c0-e2589ee55aba@group-73E2E86F0E11-SegmentedRaftLogWorker: Starting segment from index:0
2020-07-22 12:33:41,653 [d6264bd5-628b-4389-82c0-e2589ee55aba@group-73E2E86F0E11-LeaderElection39] INFO  impl.RaftServerImpl (ServerState.java:setRaftConf(356)) - d6264bd5-628b-4389-82c0-e2589ee55aba@group-73E2E86F0E11: set configuration 0: [d6264bd5-628b-4389-82c0-e2589ee55aba:172.17.0.2:46661], old=null at 0
2020-07-22 12:33:41,654 [d6264bd5-628b-4389-82c0-e2589ee55aba@group-73E2E86F0E11-SegmentedRaftLogWorker] INFO  segmented.SegmentedRaftLogWorker (SegmentedRaftLogWorker.java:execute(596)) - d6264bd5-628b-4389-82c0-e2589ee55aba@group-73E2E86F0E11-SegmentedRaftLogWorker: created new log segment /github/workspace/mnt/ozone/hadoop-ozone/integration-test/target/test-dir/MiniOzoneClusterImpl-27133a7a-4276-4edb-aad9-b93835fdb948/datanode-5/data/ratis/7da5d299-1741-493f-bc8d-73e2e86f0e11/current/log_inprogress_0
2020-07-22 12:33:41,754 [Thread-1294] INFO  impl.FollowerState (FollowerState.java:run(108)) - ed643190-f63c-42a5-a25b-abc89167c706@group-EA8BDD649163-FollowerState: change to CANDIDATE, lastRpcTime:5031ms, electionTimeout:5031ms
2020-07-22 12:33:41,754 [Thread-1294] INFO  impl.RoleInfo (RoleInfo.java:shutdownFollowerState(121)) - ed643190-f63c-42a5-a25b-abc89167c706: shutdown FollowerState
2020-07-22 12:33:41,754 [Thread-1294] INFO  impl.RaftServerImpl (RaftServerImpl.java:setRole(185)) - ed643190-f63c-42a5-a25b-abc89167c706@group-EA8BDD649163: changes role from  FOLLOWER to CANDIDATE at term 0 for changeToCandidate
2020-07-22 12:33:41,754 [Thread-1294] INFO  impl.RoleInfo (RoleInfo.java:updateAndGet(143)) - ed643190-f63c-42a5-a25b-abc89167c706: start LeaderElection
2020-07-22 12:33:41,758 [ed643190-f63c-42a5-a25b-abc89167c706@group-EA8BDD649163-LeaderElection40] INFO  impl.LeaderElection (LeaderElection.java:askForVotes(209)) - ed643190-f63c-42a5-a25b-abc89167c706@group-EA8BDD649163-LeaderElection40: begin an election at term 1 for -1: [ed643190-f63c-42a5-a25b-abc89167c706:172.17.0.2:40075], old=null
2020-07-22 12:33:41,758 [ed643190-f63c-42a5-a25b-abc89167c706@group-EA8BDD649163-LeaderElection40] INFO  impl.RoleInfo (RoleInfo.java:shutdownLeaderElection(134)) - ed643190-f63c-42a5-a25b-abc89167c706: shutdown LeaderElection
2020-07-22 12:33:41,758 [ed643190-f63c-42a5-a25b-abc89167c706@group-EA8BDD649163-LeaderElection40] INFO  impl.RaftServerImpl (RaftServerImpl.java:setRole(185)) - ed643190-f63c-42a5-a25b-abc89167c706@group-EA8BDD649163: changes role from CANDIDATE to LEADER at term 1 for changeToLeader
2020-07-22 12:33:41,758 [ed643190-f63c-42a5-a25b-abc89167c706@group-EA8BDD649163-LeaderElection40] INFO  ratis.XceiverServerRatis (XceiverServerRatis.java:handleLeaderChangedNotification(820)) - Leader change notification received for group: group-EA8BDD649163 with new leaderId: ed643190-f63c-42a5-a25b-abc89167c706
2020-07-22 12:33:41,759 [ed643190-f63c-42a5-a25b-abc89167c706@group-EA8BDD649163-LeaderElection40] INFO  impl.RaftServerImpl (ServerState.java:setLeader(255)) - ed643190-f63c-42a5-a25b-abc89167c706@group-EA8BDD649163: change Leader from null to ed643190-f63c-42a5-a25b-abc89167c706 at term 1 for becomeLeader, leader elected after 5046ms
2020-07-22 12:33:41,759 [ed643190-f63c-42a5-a25b-abc89167c706@group-EA8BDD649163-LeaderElection40] INFO  server.RaftServerConfigKeys (ConfUtils.java:logGet(44)) - raft.server.staging.catchup.gap = 1000 (default)
2020-07-22 12:33:41,760 [ed643190-f63c-42a5-a25b-abc89167c706@group-EA8BDD649163-LeaderElection40] INFO  server.RaftServerConfigKeys (ConfUtils.java:logGet(44)) - raft.server.rpc.sleep.time = 25ms (default)
2020-07-22 12:33:41,760 [ed643190-f63c-42a5-a25b-abc89167c706@group-EA8BDD649163-LeaderElection40] INFO  metrics.RatisMetrics (RatisMetrics.java:lambda$create$0(36)) - Creating Metrics Registry : ratis.log_appender.ed643190-f63c-42a5-a25b-abc89167c706@group-EA8BDD649163
2020-07-22 12:33:41,760 [ed643190-f63c-42a5-a25b-abc89167c706@group-EA8BDD649163-LeaderElection40] INFO  server.RaftServerConfigKeys (ConfUtils.java:logGet(44)) - raft.server.write.element-limit = 1024 (custom)
2020-07-22 12:33:41,760 [ed643190-f63c-42a5-a25b-abc89167c706@group-EA8BDD649163-LeaderElection40] INFO  server.RaftServerConfigKeys (ConfUtils.java:logGet(44)) - raft.server.write.byte-limit = 1073741824 (custom)
2020-07-22 12:33:41,761 [ed643190-f63c-42a5-a25b-abc89167c706@group-EA8BDD649163-LeaderElection40] INFO  server.RaftServerConfigKeys (ConfUtils.java:logGet(44)) - raft.server.watch.timeout = 3000ms (custom)
2020-07-22 12:33:41,761 [ed643190-f63c-42a5-a25b-abc89167c706@group-EA8BDD649163-LeaderElection40] INFO  server.RaftServerConfigKeys (ConfUtils.java:logGet(44)) - raft.server.watch.timeout.denomination = 1s (default)
2020-07-22 12:33:41,761 [ed643190-f63c-42a5-a25b-abc89167c706@group-EA8BDD649163-LeaderElection40] INFO  server.RaftServerConfigKeys (ConfUtils.java:logGet(44)) - raft.server.watch.element-limit = 65536 (default)
2020-07-22 12:33:41,761 [ed643190-f63c-42a5-a25b-abc89167c706@group-EA8BDD649163-LeaderElection40] INFO  impl.RoleInfo (RoleInfo.java:updateAndGet(143)) - ed643190-f63c-42a5-a25b-abc89167c706: start LeaderState
2020-07-22 12:33:41,761 [ed643190-f63c-42a5-a25b-abc89167c706@group-EA8BDD649163-LeaderElection40] INFO  segmented.SegmentedRaftLogWorker (SegmentedRaftLogWorker.java:startLogSegment(397)) - ed643190-f63c-42a5-a25b-abc89167c706@group-EA8BDD649163-SegmentedRaftLogWorker: Starting segment from index:0
2020-07-22 12:33:41,762 [ed643190-f63c-42a5-a25b-abc89167c706@group-EA8BDD649163-LeaderElection40] INFO  impl.RaftServerImpl (ServerState.java:setRaftConf(356)) - ed643190-f63c-42a5-a25b-abc89167c706@group-EA8BDD649163: set configuration 0: [ed643190-f63c-42a5-a25b-abc89167c706:172.17.0.2:40075], old=null at 0
2020-07-22 12:33:41,763 [ed643190-f63c-42a5-a25b-abc89167c706@group-EA8BDD649163-SegmentedRaftLogWorker] INFO  segmented.SegmentedRaftLogWorker (SegmentedRaftLogWorker.java:execute(596)) - ed643190-f63c-42a5-a25b-abc89167c706@group-EA8BDD649163-SegmentedRaftLogWorker: created new log segment /github/workspace/mnt/ozone/hadoop-ozone/integration-test/target/test-dir/MiniOzoneClusterImpl-27133a7a-4276-4edb-aad9-b93835fdb948/datanode-6/data/ratis/2634048c-d62b-44af-82a4-ea8bdd649163/current/log_inprogress_0
2020-07-22 12:33:41,869 [Thread-1296] INFO  impl.FollowerState (FollowerState.java:run(108)) - ed643190-f63c-42a5-a25b-abc89167c706@group-FB061B3BD71D-FollowerState: change to CANDIDATE, lastRpcTime:5132ms, electionTimeout:5132ms
2020-07-22 12:33:41,869 [Thread-1296] INFO  impl.RoleInfo (RoleInfo.java:shutdownFollowerState(121)) - ed643190-f63c-42a5-a25b-abc89167c706: shutdown FollowerState
2020-07-22 12:33:41,869 [Thread-1296] INFO  impl.RaftServerImpl (RaftServerImpl.java:setRole(185)) - ed643190-f63c-42a5-a25b-abc89167c706@group-FB061B3BD71D: changes role from  FOLLOWER to CANDIDATE at term 0 for changeToCandidate
2020-07-22 12:33:41,870 [Thread-1296] INFO  impl.RoleInfo (RoleInfo.java:updateAndGet(143)) - ed643190-f63c-42a5-a25b-abc89167c706: start LeaderElection
2020-07-22 12:33:41,873 [ed643190-f63c-42a5-a25b-abc89167c706@group-FB061B3BD71D-LeaderElection41] INFO  impl.LeaderElection (LeaderElection.java:askForVotes(209)) - ed643190-f63c-42a5-a25b-abc89167c706@group-FB061B3BD71D-LeaderElection41: begin an election at term 1 for -1: [ed643190-f63c-42a5-a25b-abc89167c706:172.17.0.2:40075, 3c19c41d-1b55-464a-b43c-8bd35cf9b08d:172.17.0.2:35713, 6a8f51fc-5a65-4029-99ea-81b8e3132c48:172.17.0.2:41437], old=null
2020-07-22 12:33:41,881 [grpc-default-executor-1] INFO  impl.RaftServerImpl (RaftServerImpl.java:setRole(185)) - 3c19c41d-1b55-464a-b43c-8bd35cf9b08d@group-FB061B3BD71D: changes role from  FOLLOWER to FOLLOWER at term 1 for recognizeCandidate:ed643190-f63c-42a5-a25b-abc89167c706
2020-07-22 12:33:41,881 [grpc-default-executor-1] INFO  impl.RoleInfo (RoleInfo.java:shutdownFollowerState(121)) - 3c19c41d-1b55-464a-b43c-8bd35cf9b08d: shutdown FollowerState
2020-07-22 12:33:41,881 [grpc-default-executor-1] INFO  impl.RoleInfo (RoleInfo.java:updateAndGet(143)) - 3c19c41d-1b55-464a-b43c-8bd35cf9b08d: start FollowerState
2020-07-22 12:33:41,882 [Thread-1298] INFO  impl.FollowerState (FollowerState.java:run(117)) - 3c19c41d-1b55-464a-b43c-8bd35cf9b08d@group-FB061B3BD71D-FollowerState was interrupted: java.lang.InterruptedException: sleep interrupted
2020-07-22 12:33:41,889 [ed643190-f63c-42a5-a25b-abc89167c706@group-FB061B3BD71D-LeaderElection41] INFO  impl.LeaderElection (LeaderElection.java:logAndReturn(61)) - ed643190-f63c-42a5-a25b-abc89167c706@group-FB061B3BD71D-LeaderElection41: Election PASSED; received 1 response(s) [ed643190-f63c-42a5-a25b-abc89167c706<-3c19c41d-1b55-464a-b43c-8bd35cf9b08d#0:OK-t1] and 0 exception(s); ed643190-f63c-42a5-a25b-abc89167c706@group-FB061B3BD71D:t1, leader=null, voted=ed643190-f63c-42a5-a25b-abc89167c706, raftlog=ed643190-f63c-42a5-a25b-abc89167c706@group-FB061B3BD71D-SegmentedRaftLog:OPENED:c-1,f-1,i0, conf=-1: [ed643190-f63c-42a5-a25b-abc89167c706:172.17.0.2:40075, 3c19c41d-1b55-464a-b43c-8bd35cf9b08d:172.17.0.2:35713, 6a8f51fc-5a65-4029-99ea-81b8e3132c48:172.17.0.2:41437], old=null
2020-07-22 12:33:41,889 [ed643190-f63c-42a5-a25b-abc89167c706@group-FB061B3BD71D-LeaderElection41] INFO  impl.RoleInfo (RoleInfo.java:shutdownLeaderElection(134)) - ed643190-f63c-42a5-a25b-abc89167c706: shutdown LeaderElection
2020-07-22 12:33:41,889 [ed643190-f63c-42a5-a25b-abc89167c706@group-FB061B3BD71D-LeaderElection41] INFO  impl.RaftServerImpl (RaftServerImpl.java:setRole(185)) - ed643190-f63c-42a5-a25b-abc89167c706@group-FB061B3BD71D: changes role from CANDIDATE to LEADER at term 1 for changeToLeader
2020-07-22 12:33:41,889 [ed643190-f63c-42a5-a25b-abc89167c706@group-FB061B3BD71D-LeaderElection41] INFO  ratis.XceiverServerRatis (XceiverServerRatis.java:handleLeaderChangedNotification(820)) - Leader change notification received for group: group-FB061B3BD71D with new leaderId: ed643190-f63c-42a5-a25b-abc89167c706
2020-07-22 12:33:41,889 [ed643190-f63c-42a5-a25b-abc89167c706@group-FB061B3BD71D-LeaderElection41] INFO  impl.RaftServerImpl (ServerState.java:setLeader(255)) - ed643190-f63c-42a5-a25b-abc89167c706@group-FB061B3BD71D: change Leader from null to ed643190-f63c-42a5-a25b-abc89167c706 at term 1 for becomeLeader, leader elected after 5159ms
2020-07-22 12:33:41,889 [ed643190-f63c-42a5-a25b-abc89167c706@group-FB061B3BD71D-LeaderElection41] INFO  server.RaftServerConfigKeys (ConfUtils.java:logGet(44)) - raft.server.staging.catchup.gap = 1000 (default)
2020-07-22 12:33:41,890 [ed643190-f63c-42a5-a25b-abc89167c706@group-FB061B3BD71D-LeaderElection41] INFO  server.RaftServerConfigKeys (ConfUtils.java:logGet(44)) - raft.server.rpc.sleep.time = 25ms (default)
2020-07-22 12:33:41,890 [ed643190-f63c-42a5-a25b-abc89167c706@group-FB061B3BD71D-LeaderElection41] INFO  metrics.RatisMetrics (RatisMetrics.java:lambda$create$0(36)) - Creating Metrics Registry : ratis.log_appender.ed643190-f63c-42a5-a25b-abc89167c706@group-FB061B3BD71D
2020-07-22 12:33:41,890 [ed643190-f63c-42a5-a25b-abc89167c706@group-FB061B3BD71D-LeaderElection41] INFO  server.RaftServerConfigKeys (ConfUtils.java:logGet(44)) - raft.server.write.element-limit = 1024 (custom)
2020-07-22 12:33:41,890 [ed643190-f63c-42a5-a25b-abc89167c706@group-FB061B3BD71D-LeaderElection41] INFO  server.RaftServerConfigKeys (ConfUtils.java:logGet(44)) - raft.server.write.byte-limit = 1073741824 (custom)
2020-07-22 12:33:41,890 [ed643190-f63c-42a5-a25b-abc89167c706@group-FB061B3BD71D-LeaderElection41] INFO  server.RaftServerConfigKeys (ConfUtils.java:logGet(44)) - raft.server.watch.timeout = 3000ms (custom)
2020-07-22 12:33:41,890 [ed643190-f63c-42a5-a25b-abc89167c706@group-FB061B3BD71D-LeaderElection41] INFO  server.RaftServerConfigKeys (ConfUtils.java:logGet(44)) - raft.server.watch.timeout.denomination = 1s (default)
2020-07-22 12:33:41,890 [ed643190-f63c-42a5-a25b-abc89167c706@group-FB061B3BD71D-LeaderElection41] INFO  server.RaftServerConfigKeys (ConfUtils.java:logGet(44)) - raft.server.watch.element-limit = 65536 (default)
2020-07-22 12:33:41,891 [ed643190-f63c-42a5-a25b-abc89167c706@group-FB061B3BD71D-LeaderElection41] INFO  server.RaftServerConfigKeys (ConfUtils.java:logGet(44)) - raft.server.log.appender.snapshot.chunk.size.max = 16MB (=16777216) (default)
2020-07-22 12:33:41,891 [ed643190-f63c-42a5-a25b-abc89167c706@group-FB061B3BD71D-LeaderElection41] INFO  server.RaftServerConfigKeys (ConfUtils.java:logGet(44)) - raft.server.log.appender.buffer.byte-limit = 33554432 (custom)
2020-07-22 12:33:41,891 [ed643190-f63c-42a5-a25b-abc89167c706@group-FB061B3BD71D-LeaderElection41] INFO  server.RaftServerConfigKeys (ConfUtils.java:logGet(44)) - raft.server.log.appender.buffer.element-limit = 1 (custom)
2020-07-22 12:33:41,891 [ed643190-f63c-42a5-a25b-abc89167c706@group-FB061B3BD71D-LeaderElection41] INFO  grpc.GrpcConfigKeys (ConfUtils.java:logGet(44)) - raft.grpc.server.leader.outstanding.appends.max = 128 (default)
2020-07-22 12:33:41,891 [ed643190-f63c-42a5-a25b-abc89167c706@group-FB061B3BD71D-LeaderElection41] INFO  server.RaftServerConfigKeys (ConfUtils.java:logGet(44)) - raft.server.rpc.request.timeout = 3000ms (default)
2020-07-22 12:33:41,891 [ed643190-f63c-42a5-a25b-abc89167c706@group-FB061B3BD71D-LeaderElection41] INFO  server.RaftServerConfigKeys (ConfUtils.java:logGet(44)) - raft.server.log.appender.install.snapshot.enabled = false (custom)
2020-07-22 12:33:41,891 [ed643190-f63c-42a5-a25b-abc89167c706@group-FB061B3BD71D-LeaderElection41] INFO  metrics.RatisMetrics (RatisMetrics.java:lambda$create$0(36)) - Creating Metrics Registry : ratis_grpc.log_appender.ed643190-f63c-42a5-a25b-abc89167c706@group-FB061B3BD71D
2020-07-22 12:33:41,893 [EventQueue-PipelineReportForPipelineReportHandler] INFO  pipeline.PipelineStateManager (PipelineStateManager.java:openPipeline(131)) - Pipeline Pipeline[ Id: 39facacb-e427-42b1-8966-fb061b3bd71d, Nodes: 3c19c41d-1b55-464a-b43c-8bd35cf9b08d{ip: 172.17.0.2, host: c8d1cb744cae, networkLocation: /default-rack, certSerialId: null}6a8f51fc-5a65-4029-99ea-81b8e3132c48{ip: 172.17.0.2, host: c8d1cb744cae, networkLocation: /default-rack, certSerialId: null}ed643190-f63c-42a5-a25b-abc89167c706{ip: 172.17.0.2, host: c8d1cb744cae, networkLocation: /default-rack, certSerialId: null}, Type:RATIS, Factor:THREE, State:ALLOCATED, leaderId:ed643190-f63c-42a5-a25b-abc89167c706, CreationTimestamp2020-07-22T12:33:33.955Z] moved to OPEN state
2020-07-22 12:33:41,894 [ed643190-f63c-42a5-a25b-abc89167c706@group-FB061B3BD71D-LeaderElection41] INFO  server.RaftServerConfigKeys (ConfUtils.java:logGet(44)) - raft.server.log.appender.snapshot.chunk.size.max = 16MB (=16777216) (default)
2020-07-22 12:33:41,900 [grpc-default-executor-3] INFO  impl.RaftServerImpl (RaftServerImpl.java:setRole(185)) - 6a8f51fc-5a65-4029-99ea-81b8e3132c48@group-FB061B3BD71D: changes role from  FOLLOWER to FOLLOWER at term 1 for recognizeCandidate:ed643190-f63c-42a5-a25b-abc89167c706
2020-07-22 12:33:41,903 [grpc-default-executor-3] INFO  impl.RoleInfo (RoleInfo.java:shutdownFollowerState(121)) - 6a8f51fc-5a65-4029-99ea-81b8e3132c48: shutdown FollowerState
2020-07-22 12:33:41,904 [grpc-default-executor-3] INFO  impl.RoleInfo (RoleInfo.java:updateAndGet(143)) - 6a8f51fc-5a65-4029-99ea-81b8e3132c48: start FollowerState
2020-07-22 12:33:41,904 [Thread-1301] INFO  impl.FollowerState (FollowerState.java:run(117)) - 6a8f51fc-5a65-4029-99ea-81b8e3132c48@group-FB061B3BD71D-FollowerState was interrupted: java.lang.InterruptedException: sleep interrupted
2020-07-22 12:33:41,900 [ed643190-f63c-42a5-a25b-abc89167c706@group-FB061B3BD71D-LeaderElection41] INFO  server.RaftServerConfigKeys (ConfUtils.java:logGet(44)) - raft.server.log.appender.buffer.byte-limit = 33554432 (custom)
2020-07-22 12:33:41,904 [Thread-1304] INFO  impl.FollowerState (FollowerState.java:run(108)) - 6a8f51fc-5a65-4029-99ea-81b8e3132c48@group-6C3C5ECA1677-FollowerState: change to CANDIDATE, lastRpcTime:5046ms, electionTimeout:5041ms
2020-07-22 12:33:41,908 [ed643190-f63c-42a5-a25b-abc89167c706@group-FB061B3BD71D-LeaderElection41] INFO  server.RaftServerConfigKeys (ConfUtils.java:logGet(44)) - raft.server.log.appender.buffer.element-limit = 1 (custom)
2020-07-22 12:33:41,909 [Thread-1304] INFO  impl.RoleInfo (RoleInfo.java:shutdownFollowerState(121)) - 6a8f51fc-5a65-4029-99ea-81b8e3132c48: shutdown FollowerState
2020-07-22 12:33:41,909 [Thread-1304] INFO  impl.RaftServerImpl (RaftServerImpl.java:setRole(185)) - 6a8f51fc-5a65-4029-99ea-81b8e3132c48@group-6C3C5ECA1677: changes role from  FOLLOWER to CANDIDATE at term 0 for changeToCandidate
2020-07-22 12:33:41,909 [ed643190-f63c-42a5-a25b-abc89167c706@group-FB061B3BD71D-LeaderElection41] INFO  grpc.GrpcConfigKeys (ConfUtils.java:logGet(44)) - raft.grpc.server.leader.outstanding.appends.max = 128 (default)
2020-07-22 12:33:41,909 [ed643190-f63c-42a5-a25b-abc89167c706@group-FB061B3BD71D-LeaderElection41] INFO  server.RaftServerConfigKeys (ConfUtils.java:logGet(44)) - raft.server.rpc.request.timeout = 3000ms (default)
2020-07-22 12:33:41,909 [Thread-1304] INFO  impl.RoleInfo (RoleInfo.java:updateAndGet(143)) - 6a8f51fc-5a65-4029-99ea-81b8e3132c48: start LeaderElection
2020-07-22 12:33:41,909 [ed643190-f63c-42a5-a25b-abc89167c706@group-FB061B3BD71D-LeaderElection41] INFO  server.RaftServerConfigKeys (ConfUtils.java:logGet(44)) - raft.server.log.appender.install.snapshot.enabled = false (custom)
2020-07-22 12:33:41,915 [ed643190-f63c-42a5-a25b-abc89167c706@group-FB061B3BD71D-LeaderElection41] INFO  impl.RoleInfo (RoleInfo.java:updateAndGet(143)) - ed643190-f63c-42a5-a25b-abc89167c706: start LeaderState
2020-07-22 12:33:41,916 [ed643190-f63c-42a5-a25b-abc89167c706@group-FB061B3BD71D-LeaderElection41] INFO  segmented.SegmentedRaftLogWorker (SegmentedRaftLogWorker.java:startLogSegment(397)) - ed643190-f63c-42a5-a25b-abc89167c706@group-FB061B3BD71D-SegmentedRaftLogWorker: Starting segment from index:0
2020-07-22 12:33:41,916 [6a8f51fc-5a65-4029-99ea-81b8e3132c48@group-6C3C5ECA1677-LeaderElection42] INFO  impl.LeaderElection (LeaderElection.java:askForVotes(209)) - 6a8f51fc-5a65-4029-99ea-81b8e3132c48@group-6C3C5ECA1677-LeaderElection42: begin an election at term 1 for -1: [6a8f51fc-5a65-4029-99ea-81b8e3132c48:172.17.0.2:41437], old=null
2020-07-22 12:33:41,916 [6a8f51fc-5a65-4029-99ea-81b8e3132c48@group-6C3C5ECA1677-LeaderElection42] INFO  impl.RoleInfo (RoleInfo.java:shutdownLeaderElection(134)) - 6a8f51fc-5a65-4029-99ea-81b8e3132c48: shutdown LeaderElection
2020-07-22 12:33:41,916 [6a8f51fc-5a65-4029-99ea-81b8e3132c48@group-6C3C5ECA1677-LeaderElection42] INFO  impl.RaftServerImpl (RaftServerImpl.java:setRole(185)) - 6a8f51fc-5a65-4029-99ea-81b8e3132c48@group-6C3C5ECA1677: changes role from CANDIDATE to LEADER at term 1 for changeToLeader
2020-07-22 12:33:41,916 [6a8f51fc-5a65-4029-99ea-81b8e3132c48@group-6C3C5ECA1677-LeaderElection42] INFO  ratis.XceiverServerRatis (XceiverServerRatis.java:handleLeaderChangedNotification(820)) - Leader change notification received for group: group-6C3C5ECA1677 with new leaderId: 6a8f51fc-5a65-4029-99ea-81b8e3132c48
2020-07-22 12:33:41,917 [6a8f51fc-5a65-4029-99ea-81b8e3132c48@group-6C3C5ECA1677-LeaderElection42] INFO  impl.RaftServerImpl (ServerState.java:setLeader(255)) - 6a8f51fc-5a65-4029-99ea-81b8e3132c48@group-6C3C5ECA1677: change Leader from null to 6a8f51fc-5a65-4029-99ea-81b8e3132c48 at term 1 for becomeLeader, leader elected after 5065ms
2020-07-22 12:33:41,917 [ed643190-f63c-42a5-a25b-abc89167c706@group-FB061B3BD71D-LeaderElection41] INFO  impl.RaftServerImpl (ServerState.java:setRaftConf(356)) - ed643190-f63c-42a5-a25b-abc89167c706@group-FB061B3BD71D: set configuration 0: [ed643190-f63c-42a5-a25b-abc89167c706:172.17.0.2:40075, 3c19c41d-1b55-464a-b43c-8bd35cf9b08d:172.17.0.2:35713, 6a8f51fc-5a65-4029-99ea-81b8e3132c48:172.17.0.2:41437], old=null at 0
2020-07-22 12:33:41,917 [ed643190-f63c-42a5-a25b-abc89167c706@group-FB061B3BD71D-SegmentedRaftLogWorker] INFO  segmented.SegmentedRaftLogWorker (SegmentedRaftLogWorker.java:execute(596)) - ed643190-f63c-42a5-a25b-abc89167c706@group-FB061B3BD71D-SegmentedRaftLogWorker: created new log segment /github/workspace/mnt/ozone/hadoop-ozone/integration-test/target/test-dir/MiniOzoneClusterImpl-27133a7a-4276-4edb-aad9-b93835fdb948/datanode-6/data/ratis/39facacb-e427-42b1-8966-fb061b3bd71d/current/log_inprogress_0
2020-07-22 12:33:41,918 [6a8f51fc-5a65-4029-99ea-81b8e3132c48@group-6C3C5ECA1677-LeaderElection42] INFO  server.RaftServerConfigKeys (ConfUtils.java:logGet(44)) - raft.server.staging.catchup.gap = 1000 (default)
2020-07-22 12:33:41,918 [6a8f51fc-5a65-4029-99ea-81b8e3132c48@group-6C3C5ECA1677-LeaderElection42] INFO  server.RaftServerConfigKeys (ConfUtils.java:logGet(44)) - raft.server.rpc.sleep.time = 25ms (default)
2020-07-22 12:33:41,918 [6a8f51fc-5a65-4029-99ea-81b8e3132c48@group-6C3C5ECA1677-LeaderElection42] INFO  metrics.RatisMetrics (RatisMetrics.java:lambda$create$0(36)) - Creating Metrics Registry : ratis.log_appender.6a8f51fc-5a65-4029-99ea-81b8e3132c48@group-6C3C5ECA1677
2020-07-22 12:33:41,918 [6a8f51fc-5a65-4029-99ea-81b8e3132c48@group-6C3C5ECA1677-LeaderElection42] INFO  server.RaftServerConfigKeys (ConfUtils.java:logGet(44)) - raft.server.write.element-limit = 1024 (custom)
2020-07-22 12:33:41,919 [6a8f51fc-5a65-4029-99ea-81b8e3132c48@group-6C3C5ECA1677-LeaderElection42] INFO  server.RaftServerConfigKeys (ConfUtils.java:logGet(44)) - raft.server.write.byte-limit = 1073741824 (custom)
2020-07-22 12:33:41,930 [6a8f51fc-5a65-4029-99ea-81b8e3132c48@group-6C3C5ECA1677-LeaderElection42] INFO  server.RaftServerConfigKeys (ConfUtils.java:logGet(44)) - raft.server.watch.timeout = 3000ms (custom)
2020-07-22 12:33:41,930 [6a8f51fc-5a65-4029-99ea-81b8e3132c48@group-6C3C5ECA1677-LeaderElection42] INFO  server.RaftServerConfigKeys (ConfUtils.java:logGet(44)) - raft.server.watch.timeout.denomination = 1s (default)
2020-07-22 12:33:41,930 [6a8f51fc-5a65-4029-99ea-81b8e3132c48@group-6C3C5ECA1677-LeaderElection42] INFO  server.RaftServerConfigKeys (ConfUtils.java:logGet(44)) - raft.server.watch.element-limit = 65536 (default)
2020-07-22 12:33:41,930 [6a8f51fc-5a65-4029-99ea-81b8e3132c48@group-6C3C5ECA1677-LeaderElection42] INFO  impl.RoleInfo (RoleInfo.java:updateAndGet(143)) - 6a8f51fc-5a65-4029-99ea-81b8e3132c48: start LeaderState
2020-07-22 12:33:41,931 [grpc-default-executor-3] INFO  ratis.XceiverServerRatis (XceiverServerRatis.java:handleLeaderChangedNotification(820)) - Leader change notification received for group: group-FB061B3BD71D with new leaderId: ed643190-f63c-42a5-a25b-abc89167c706
2020-07-22 12:33:41,931 [grpc-default-executor-3] INFO  impl.RaftServerImpl (ServerState.java:setLeader(255)) - 6a8f51fc-5a65-4029-99ea-81b8e3132c48@group-FB061B3BD71D: change Leader from null to ed643190-f63c-42a5-a25b-abc89167c706 at term 1 for appendEntries, leader elected after 5128ms
2020-07-22 12:33:41,933 [grpc-default-executor-1] INFO  ratis.XceiverServerRatis (XceiverServerRatis.java:handleLeaderChangedNotification(820)) - Leader change notification received for group: group-FB061B3BD71D with new leaderId: ed643190-f63c-42a5-a25b-abc89167c706
2020-07-22 12:33:41,933 [grpc-default-executor-1] INFO  impl.RaftServerImpl (ServerState.java:setLeader(255)) - 3c19c41d-1b55-464a-b43c-8bd35cf9b08d@group-FB061B3BD71D: change Leader from null to ed643190-f63c-42a5-a25b-abc89167c706 at term 1 for appendEntries, leader elected after 5179ms
2020-07-22 12:33:41,937 [6a8f51fc-5a65-4029-99ea-81b8e3132c48@group-6C3C5ECA1677-LeaderElection42] INFO  segmented.SegmentedRaftLogWorker (SegmentedRaftLogWorker.java:startLogSegment(397)) - 6a8f51fc-5a65-4029-99ea-81b8e3132c48@group-6C3C5ECA1677-SegmentedRaftLogWorker: Starting segment from index:0
2020-07-22 12:33:41,938 [6a8f51fc-5a65-4029-99ea-81b8e3132c48@group-6C3C5ECA1677-LeaderElection42] INFO  impl.RaftServerImpl (ServerState.java:setRaftConf(356)) - 6a8f51fc-5a65-4029-99ea-81b8e3132c48@group-6C3C5ECA1677: set configuration 0: [6a8f51fc-5a65-4029-99ea-81b8e3132c48:172.17.0.2:41437], old=null at 0
2020-07-22 12:33:41,949 [6a8f51fc-5a65-4029-99ea-81b8e3132c48@group-6C3C5ECA1677-SegmentedRaftLogWorker] INFO  segmented.SegmentedRaftLogWorker (SegmentedRaftLogWorker.java:execute(596)) - 6a8f51fc-5a65-4029-99ea-81b8e3132c48@group-6C3C5ECA1677-SegmentedRaftLogWorker: created new log segment /github/workspace/mnt/ozone/hadoop-ozone/integration-test/target/test-dir/MiniOzoneClusterImpl-27133a7a-4276-4edb-aad9-b93835fdb948/datanode-7/data/ratis/64124d48-5aaf-47dc-849f-6c3c5eca1677/current/log_inprogress_0
2020-07-22 12:33:41,949 [grpc-default-executor-7] INFO  impl.RaftServerImpl (ServerState.java:setRaftConf(356)) - 6a8f51fc-5a65-4029-99ea-81b8e3132c48@group-FB061B3BD71D: set configuration 0: [ed643190-f63c-42a5-a25b-abc89167c706:172.17.0.2:40075, 3c19c41d-1b55-464a-b43c-8bd35cf9b08d:172.17.0.2:35713, 6a8f51fc-5a65-4029-99ea-81b8e3132c48:172.17.0.2:41437], old=null at 0
2020-07-22 12:33:41,949 [grpc-default-executor-4] INFO  impl.RaftServerImpl (ServerState.java:setRaftConf(356)) - 3c19c41d-1b55-464a-b43c-8bd35cf9b08d@group-FB061B3BD71D: set configuration 0: [ed643190-f63c-42a5-a25b-abc89167c706:172.17.0.2:40075, 3c19c41d-1b55-464a-b43c-8bd35cf9b08d:172.17.0.2:35713, 6a8f51fc-5a65-4029-99ea-81b8e3132c48:172.17.0.2:41437], old=null at 0
2020-07-22 12:33:41,955 [grpc-default-executor-4] INFO  segmented.SegmentedRaftLogWorker (SegmentedRaftLogWorker.java:startLogSegment(397)) - 3c19c41d-1b55-464a-b43c-8bd35cf9b08d@group-FB061B3BD71D-SegmentedRaftLogWorker: Starting segment from index:0
2020-07-22 12:33:41,955 [grpc-default-executor-7] INFO  segmented.SegmentedRaftLogWorker (SegmentedRaftLogWorker.java:startLogSegment(397)) - 6a8f51fc-5a65-4029-99ea-81b8e3132c48@group-FB061B3BD71D-SegmentedRaftLogWorker: Starting segment from index:0
2020-07-22 12:33:41,957 [Listener at 127.0.0.1/42799] INFO  ozone.MiniOzoneClusterImpl (MiniOzoneClusterImpl.java:lambda$waitForClusterToBeReady$0(177)) - Nodes are ready. Got 9 of 9 DN Heartbeats.
2020-07-22 12:33:41,957 [Listener at 127.0.0.1/42799] INFO  ozone.MiniOzoneClusterImpl (MiniOzoneClusterImpl.java:lambda$waitForClusterToBeReady$0(180)) - Cluster exits safe mode
2020-07-22 12:33:41,963 [3c19c41d-1b55-464a-b43c-8bd35cf9b08d@group-FB061B3BD71D-SegmentedRaftLogWorker] INFO  segmented.SegmentedRaftLogWorker (SegmentedRaftLogWorker.java:execute(596)) - 3c19c41d-1b55-464a-b43c-8bd35cf9b08d@group-FB061B3BD71D-SegmentedRaftLogWorker: created new log segment /github/workspace/mnt/ozone/hadoop-ozone/integration-test/target/test-dir/MiniOzoneClusterImpl-27133a7a-4276-4edb-aad9-b93835fdb948/datanode-8/data/ratis/39facacb-e427-42b1-8966-fb061b3bd71d/current/log_inprogress_0
2020-07-22 12:33:41,964 [6a8f51fc-5a65-4029-99ea-81b8e3132c48@group-FB061B3BD71D-SegmentedRaftLogWorker] INFO  segmented.SegmentedRaftLogWorker (SegmentedRaftLogWorker.java:execute(596)) - 6a8f51fc-5a65-4029-99ea-81b8e3132c48@group-FB061B3BD71D-SegmentedRaftLogWorker: created new log segment /github/workspace/mnt/ozone/hadoop-ozone/integration-test/target/test-dir/MiniOzoneClusterImpl-27133a7a-4276-4edb-aad9-b93835fdb948/datanode-7/data/ratis/39facacb-e427-42b1-8966-fb061b3bd71d/current/log_inprogress_0
2020-07-22 12:33:41,985 [Listener at 127.0.0.1/42799] INFO  rpc.RpcClient (RpcClient.java:createVolume(314)) - Creating Volume: watchforcommithandlingtest, with jenkins1001 as owner.
2020-07-22 12:33:41,986 [IPC Server handler 6 on default port 42799] INFO  volume.OMVolumeCreateRequest (OMVolumeCreateRequest.java:validateAndUpdateCache(195)) - created volume:watchforcommithandlingtest for user:jenkins1001
2020-07-22 12:33:41,991 [Listener at 127.0.0.1/42799] INFO  rpc.RpcClient (RpcClient.java:createBucket(459)) - Creating Bucket: watchforcommithandlingtest/watchforcommithandlingtest, with Versioning false and Storage Type set to DISK and Encryption set to false 
2020-07-22 12:33:41,993 [Listener at 127.0.0.1/42799] INFO  ozone.MiniOzoneClusterImpl (MiniOzoneClusterImpl.java:getStorageContainerLocationClient(289)) - Creating StorageContainerLocationProtocol RPC client with address /0.0.0.0:34263
2020-07-22 12:33:42,048 [Listener at 127.0.0.1/42799] INFO  pipeline.SCMPipelineManager (SCMPipelineManager.java:finalizeAndDestroyPipeline(450)) - Destroying pipeline:Pipeline[ Id: 46d9def9-d2a0-46be-8503-8e549e931988, Nodes: d5a0b463-2013-4be7-b2a9-4f4f38929cc0{ip: 172.17.0.2, host: c8d1cb744cae, networkLocation: /default-rack, certSerialId: null}13de87ee-83ad-45df-97c4-bee39bf390b1{ip: 172.17.0.2, host: c8d1cb744cae, networkLocation: /default-rack, certSerialId: null}1cc64804-5db2-44d9-9a87-fdc1313ba49d{ip: 172.17.0.2, host: c8d1cb744cae, networkLocation: /default-rack, certSerialId: null}, Type:RATIS, Factor:THREE, State:OPEN, leaderId:d5a0b463-2013-4be7-b2a9-4f4f38929cc0, CreationTimestamp2020-07-22T12:33:33.169Z]
2020-07-22 12:33:42,048 [Listener at 127.0.0.1/42799] INFO  pipeline.PipelineStateManager (PipelineStateManager.java:finalizePipeline(120)) - Pipeline Pipeline[ Id: 46d9def9-d2a0-46be-8503-8e549e931988, Nodes: d5a0b463-2013-4be7-b2a9-4f4f38929cc0{ip: 172.17.0.2, host: c8d1cb744cae, networkLocation: /default-rack, certSerialId: null}13de87ee-83ad-45df-97c4-bee39bf390b1{ip: 172.17.0.2, host: c8d1cb744cae, networkLocation: /default-rack, certSerialId: null}1cc64804-5db2-44d9-9a87-fdc1313ba49d{ip: 172.17.0.2, host: c8d1cb744cae, networkLocation: /default-rack, certSerialId: null}, Type:RATIS, Factor:THREE, State:CLOSED, leaderId:d5a0b463-2013-4be7-b2a9-4f4f38929cc0, CreationTimestamp2020-07-22T12:33:33.169Z] moved to CLOSED state
2020-07-22 12:33:42,048 [Listener at 127.0.0.1/42799] INFO  pipeline.RatisPipelineProvider (RatisPipelineProvider.java:lambda$close$1(176)) - Send pipeline:PipelineID=46d9def9-d2a0-46be-8503-8e549e931988 close command to datanode d5a0b463-2013-4be7-b2a9-4f4f38929cc0
2020-07-22 12:33:42,048 [Listener at 127.0.0.1/42799] INFO  pipeline.RatisPipelineProvider (RatisPipelineProvider.java:lambda$close$1(176)) - Send pipeline:PipelineID=46d9def9-d2a0-46be-8503-8e549e931988 close command to datanode 13de87ee-83ad-45df-97c4-bee39bf390b1
2020-07-22 12:33:42,048 [Listener at 127.0.0.1/42799] INFO  pipeline.RatisPipelineProvider (RatisPipelineProvider.java:lambda$close$1(176)) - Send pipeline:PipelineID=46d9def9-d2a0-46be-8503-8e549e931988 close command to datanode 1cc64804-5db2-44d9-9a87-fdc1313ba49d
2020-07-22 12:33:42,049 [Listener at 127.0.0.1/42799] INFO  pipeline.PipelineStateManager (PipelineStateManager.java:removePipeline(105)) - Pipeline Pipeline[ Id: 46d9def9-d2a0-46be-8503-8e549e931988, Nodes: d5a0b463-2013-4be7-b2a9-4f4f38929cc0{ip: 172.17.0.2, host: c8d1cb744cae, networkLocation: /default-rack, certSerialId: null}13de87ee-83ad-45df-97c4-bee39bf390b1{ip: 172.17.0.2, host: c8d1cb744cae, networkLocation: /default-rack, certSerialId: null}1cc64804-5db2-44d9-9a87-fdc1313ba49d{ip: 172.17.0.2, host: c8d1cb744cae, networkLocation: /default-rack, certSerialId: null}, Type:RATIS, Factor:THREE, State:CLOSED, leaderId:d5a0b463-2013-4be7-b2a9-4f4f38929cc0, CreationTimestamp2020-07-22T12:33:33.169Z] removed from db
2020-07-22 12:33:42,049 [EventQueue-CloseContainerForCloseContainerEventHandler] INFO  container.CloseContainerEventHandler (CloseContainerEventHandler.java:onMessage(61)) - Close container Event triggered for container : #1
2020-07-22 12:33:42,054 [Listener at 127.0.0.1/42799] INFO  impl.RaftServerProxy (RaftServerProxy.java:remove(100)) - d5a0b463-2013-4be7-b2a9-4f4f38929cc0: remove    LEADER d5a0b463-2013-4be7-b2a9-4f4f38929cc0@group-8E549E931988:t1, leader=d5a0b463-2013-4be7-b2a9-4f4f38929cc0, voted=d5a0b463-2013-4be7-b2a9-4f4f38929cc0, raftlog=d5a0b463-2013-4be7-b2a9-4f4f38929cc0@group-8E549E931988-SegmentedRaftLog:OPENED:c2,f2,i2, conf=0: [1cc64804-5db2-44d9-9a87-fdc1313ba49d:172.17.0.2:40525, 13de87ee-83ad-45df-97c4-bee39bf390b1:172.17.0.2:42819, d5a0b463-2013-4be7-b2a9-4f4f38929cc0:172.17.0.2:40645], old=null RUNNING
2020-07-22 12:33:42,057 [Listener at 127.0.0.1/42799] INFO  impl.RaftServerImpl (RaftServerImpl.java:lambda$shutdown$3(263)) - d5a0b463-2013-4be7-b2a9-4f4f38929cc0@group-8E549E931988: shutdown
2020-07-22 12:33:42,058 [Listener at 127.0.0.1/42799] INFO  util.JmxRegister (JmxRegister.java:unregister(73)) - Successfully un-registered JMX Bean with object name Ratis:service=RaftServer,group=group-8E549E931988,id=d5a0b463-2013-4be7-b2a9-4f4f38929cc0
2020-07-22 12:33:42,058 [Listener at 127.0.0.1/42799] INFO  impl.RoleInfo (RoleInfo.java:shutdownLeaderState(104)) - d5a0b463-2013-4be7-b2a9-4f4f38929cc0: shutdown LeaderState
2020-07-22 12:33:42,058 [Listener at 127.0.0.1/42799] INFO  metrics.RatisMetrics (RatisMetrics.java:unregister(43)) - Unregistering Metrics Registry : ratis_grpc.log_appender.d5a0b463-2013-4be7-b2a9-4f4f38929cc0@group-8E549E931988
2020-07-22 12:33:42,058 [Listener at 127.0.0.1/42799] INFO  metrics.RatisMetrics (RatisMetrics.java:unregister(43)) - Unregistering Metrics Registry : ratis_grpc.log_appender.d5a0b463-2013-4be7-b2a9-4f4f38929cc0@group-8E549E931988
2020-07-22 12:33:42,058 [Listener at 127.0.0.1/42799] INFO  impl.PendingRequests (PendingRequests.java:sendNotLeaderResponses(249)) - d5a0b463-2013-4be7-b2a9-4f4f38929cc0@group-8E549E931988-PendingRequests: sendNotLeaderResponses
2020-07-22 12:33:42,058 [org.apache.ratis.server.impl.LogAppender$AppenderDaemon$$Lambda$428/1470153499@3f34968a] WARN  server.GrpcLogAppender (GrpcLogAppender.java:mayWait(153)) - d5a0b463-2013-4be7-b2a9-4f4f38929cc0@group-8E549E931988->1cc64804-5db2-44d9-9a87-fdc1313ba49d-GrpcLogAppender: Wait interrupted by java.lang.InterruptedException
2020-07-22 12:33:42,058 [org.apache.ratis.server.impl.LogAppender$AppenderDaemon$$Lambda$428/1470153499@3016c8c4] WARN  server.GrpcLogAppender (GrpcLogAppender.java:mayWait(153)) - d5a0b463-2013-4be7-b2a9-4f4f38929cc0@group-8E549E931988->13de87ee-83ad-45df-97c4-bee39bf390b1-GrpcLogAppender: Wait interrupted by java.lang.InterruptedException
2020-07-22 12:33:42,061 [Command processor thread] INFO  impl.RaftServerProxy (RaftServerProxy.java:remove(100)) - 13de87ee-83ad-45df-97c4-bee39bf390b1: remove  FOLLOWER 13de87ee-83ad-45df-97c4-bee39bf390b1@group-8E549E931988:t1, leader=d5a0b463-2013-4be7-b2a9-4f4f38929cc0, voted=d5a0b463-2013-4be7-b2a9-4f4f38929cc0, raftlog=13de87ee-83ad-45df-97c4-bee39bf390b1@group-8E549E931988-SegmentedRaftLog:OPENED:c1,f2,i2, conf=0: [1cc64804-5db2-44d9-9a87-fdc1313ba49d:172.17.0.2:40525, 13de87ee-83ad-45df-97c4-bee39bf390b1:172.17.0.2:42819, d5a0b463-2013-4be7-b2a9-4f4f38929cc0:172.17.0.2:40645], old=null RUNNING
2020-07-22 12:33:42,061 [Command processor thread] INFO  impl.RaftServerImpl (RaftServerImpl.java:lambda$shutdown$3(263)) - 13de87ee-83ad-45df-97c4-bee39bf390b1@group-8E549E931988: shutdown
2020-07-22 12:33:42,061 [Command processor thread] INFO  util.JmxRegister (JmxRegister.java:unregister(73)) - Successfully un-registered JMX Bean with object name Ratis:service=RaftServer,group=group-8E549E931988,id=13de87ee-83ad-45df-97c4-bee39bf390b1
2020-07-22 12:33:42,061 [Command processor thread] INFO  impl.RoleInfo (RoleInfo.java:shutdownFollowerState(121)) - 13de87ee-83ad-45df-97c4-bee39bf390b1: shutdown FollowerState
2020-07-22 12:33:42,062 [RatisPipelineUtilsThread] ERROR pipeline.SCMPipelineManager (SCMPipelineManager.java:createPipeline(275)) - Failed to create pipeline of type RATIS and factor ONE. Exception: Cannot create pipeline of factor 1 using 0 nodes. Used 9 nodes. Healthy nodes 9
2020-07-22 12:33:42,063 [13de87ee-83ad-45df-97c4-bee39bf390b1@group-8E549E931988-StateMachineUpdater] INFO  ratis.ContainerStateMachine (ContainerStateMachine.java:takeSnapshot(293)) - group-8E549E931988: Taking a snapshot at:(t:1, i:1) file /github/workspace/mnt/ozone/hadoop-ozone/integration-test/target/test-dir/MiniOzoneClusterImpl-27133a7a-4276-4edb-aad9-b93835fdb948/datanode-1/data/ratis/46d9def9-d2a0-46be-8503-8e549e931988/sm/snapshot.1_1
2020-07-22 12:33:42,062 [Thread-1311] INFO  impl.FollowerState (FollowerState.java:run(117)) - 13de87ee-83ad-45df-97c4-bee39bf390b1@group-8E549E931988-FollowerState was interrupted: java.lang.InterruptedException: sleep interrupted
2020-07-22 12:33:42,063 [grpc-default-executor-4] INFO  server.GrpcServerProtocolService (GrpcServerProtocolService.java:onCompleted(138)) - 13de87ee-83ad-45df-97c4-bee39bf390b1: Completed APPEND_ENTRIES, lastRequest: d5a0b463-2013-4be7-b2a9-4f4f38929cc0->13de87ee-83ad-45df-97c4-bee39bf390b1#3-t1, previous=(t:1, i:1), leaderCommit=1, initializing? false, entries: size=1, first=(t:1, i:2), METADATAENTRY(c:1)
2020-07-22 12:33:42,062 [Command processor thread] INFO  impl.StateMachineUpdater (StateMachineUpdater.java:stopAndJoin(142)) - 13de87ee-83ad-45df-97c4-bee39bf390b1@group-8E549E931988-StateMachineUpdater: set stopIndex = 1
2020-07-22 12:33:42,067 [13de87ee-83ad-45df-97c4-bee39bf390b1@group-8E549E931988-StateMachineUpdater] INFO  ratis.ContainerStateMachine (ContainerStateMachine.java:takeSnapshot(304)) - group-8E549E931988: Finished taking a snapshot at:(t:1, i:1) file:/github/workspace/mnt/ozone/hadoop-ozone/integration-test/target/test-dir/MiniOzoneClusterImpl-27133a7a-4276-4edb-aad9-b93835fdb948/datanode-1/data/ratis/46d9def9-d2a0-46be-8503-8e549e931988/sm/snapshot.1_1 time:4
2020-07-22 12:33:42,068 [13de87ee-83ad-45df-97c4-bee39bf390b1@group-8E549E931988-StateMachineUpdater] INFO  impl.StateMachineUpdater (StateMachineUpdater.java:takeSnapshot(277)) - 13de87ee-83ad-45df-97c4-bee39bf390b1@group-8E549E931988-StateMachineUpdater: Took a snapshot at index 1
2020-07-22 12:33:42,068 [13de87ee-83ad-45df-97c4-bee39bf390b1@group-8E549E931988-StateMachineUpdater] INFO  impl.StateMachineUpdater (StateMachineUpdater.java:lambda$new$0(87)) - 13de87ee-83ad-45df-97c4-bee39bf390b1@group-8E549E931988-StateMachineUpdater: snapshotIndex: updateIncreasingly -1 -> 1
2020-07-22 12:33:42,069 [13de87ee-83ad-45df-97c4-bee39bf390b1@group-8E549E931988-StateMachineUpdater] INFO  metrics.RatisMetrics (RatisMetrics.java:unregister(43)) - Unregistering Metrics Registry : ratis.state_machine.13de87ee-83ad-45df-97c4-bee39bf390b1@group-8E549E931988
2020-07-22 12:33:42,066 [Listener at 127.0.0.1/42799] INFO  metrics.RatisMetrics (RatisMetrics.java:unregister(43)) - Unregistering Metrics Registry : ratis.log_appender.d5a0b463-2013-4be7-b2a9-4f4f38929cc0@group-8E549E931988
2020-07-22 12:33:42,063 [grpc-default-executor-7] INFO  server.GrpcServerProtocolService (GrpcServerProtocolService.java:onCompleted(138)) - 1cc64804-5db2-44d9-9a87-fdc1313ba49d: Completed APPEND_ENTRIES, lastRequest: d5a0b463-2013-4be7-b2a9-4f4f38929cc0->1cc64804-5db2-44d9-9a87-fdc1313ba49d#3-t1, previous=(t:1, i:1), leaderCommit=1, initializing? false, entries: size=1, first=(t:1, i:2), METADATAENTRY(c:1)
2020-07-22 12:33:42,063 [RatisPipelineUtilsThread] INFO  pipeline.RatisPipelineProvider (RatisPipelineProvider.java:lambda$create$0(138)) - Sending CreatePipelineCommand for pipeline:PipelineID=6439c0fb-e42f-43cb-9890-a0e25addd1bf to datanode:d5a0b463-2013-4be7-b2a9-4f4f38929cc0
2020-07-22 12:33:42,070 [RatisPipelineUtilsThread] INFO  pipeline.RatisPipelineProvider (RatisPipelineProvider.java:lambda$create$0(138)) - Sending CreatePipelineCommand for pipeline:PipelineID=6439c0fb-e42f-43cb-9890-a0e25addd1bf to datanode:13de87ee-83ad-45df-97c4-bee39bf390b1
2020-07-22 12:33:42,070 [RatisPipelineUtilsThread] INFO  pipeline.RatisPipelineProvider (RatisPipelineProvider.java:lambda$create$0(138)) - Sending CreatePipelineCommand for pipeline:PipelineID=6439c0fb-e42f-43cb-9890-a0e25addd1bf to datanode:1cc64804-5db2-44d9-9a87-fdc1313ba49d
2020-07-22 12:33:42,069 [Command processor thread] INFO  impl.RaftServerImpl (ServerState.java:close(387)) - 13de87ee-83ad-45df-97c4-bee39bf390b1@group-8E549E931988: closes. applyIndex: 1
2020-07-22 12:33:42,069 [Listener at 127.0.0.1/42799] INFO  metrics.RatisMetrics (RatisMetrics.java:unregister(43)) - Unregistering Metrics Registry : ratis.server.d5a0b463-2013-4be7-b2a9-4f4f38929cc0@group-8E549E931988
2020-07-22 12:33:42,069 [grpc-default-executor-1] INFO  server.GrpcLogAppender (GrpcLogAppender.java:onCompleted(319)) - d5a0b463-2013-4be7-b2a9-4f4f38929cc0@group-8E549E931988->13de87ee-83ad-45df-97c4-bee39bf390b1-AppendLogResponseHandler: follower responses appendEntries COMPLETED
2020-07-22 12:33:42,071 [Listener at 127.0.0.1/42799] INFO  impl.StateMachineUpdater (StateMachineUpdater.java:stopAndJoin(142)) - d5a0b463-2013-4be7-b2a9-4f4f38929cc0@group-8E549E931988-StateMachineUpdater: set stopIndex = 2
2020-07-22 12:33:42,071 [13de87ee-83ad-45df-97c4-bee39bf390b1@group-8E549E931988-SegmentedRaftLogWorker] INFO  segmented.SegmentedRaftLogWorker (SegmentedRaftLogWorker.java:run(327)) - 13de87ee-83ad-45df-97c4-bee39bf390b1@group-8E549E931988-SegmentedRaftLogWorker was interrupted, exiting. There are 0 tasks remaining in the queue.
2020-07-22 12:33:42,072 [grpc-default-executor-4] INFO  server.GrpcLogAppender (GrpcLogAppender.java:onCompleted(319)) - d5a0b463-2013-4be7-b2a9-4f4f38929cc0@group-8E549E931988->1cc64804-5db2-44d9-9a87-fdc1313ba49d-AppendLogResponseHandler: follower responses appendEntries COMPLETED
2020-07-22 12:33:42,072 [d5a0b463-2013-4be7-b2a9-4f4f38929cc0@group-8E549E931988-StateMachineUpdater] INFO  ratis.ContainerStateMachine (ContainerStateMachine.java:takeSnapshot(293)) - group-8E549E931988: Taking a snapshot at:(t:1, i:2) file /github/workspace/mnt/ozone/hadoop-ozone/integration-test/target/test-dir/MiniOzoneClusterImpl-27133a7a-4276-4edb-aad9-b93835fdb948/datanode-0/data/ratis/46d9def9-d2a0-46be-8503-8e549e931988/sm/snapshot.1_2
2020-07-22 12:33:42,072 [grpc-default-executor-1] INFO  impl.FollowerInfo (FollowerInfo.java:lambda$new$0(51)) - d5a0b463-2013-4be7-b2a9-4f4f38929cc0@group-8E549E931988->13de87ee-83ad-45df-97c4-bee39bf390b1: nextIndex: updateUnconditionally 3 -> 2
2020-07-22 12:33:42,070 [RatisPipelineUtilsThread] INFO  pipeline.PipelineStateManager (PipelineStateManager.java:addPipeline(54)) - Created pipeline Pipeline[ Id: 6439c0fb-e42f-43cb-9890-a0e25addd1bf, Nodes: d5a0b463-2013-4be7-b2a9-4f4f38929cc0{ip: 172.17.0.2, host: c8d1cb744cae, networkLocation: /default-rack, certSerialId: null}13de87ee-83ad-45df-97c4-bee39bf390b1{ip: 172.17.0.2, host: c8d1cb744cae, networkLocation: /default-rack, certSerialId: null}1cc64804-5db2-44d9-9a87-fdc1313ba49d{ip: 172.17.0.2, host: c8d1cb744cae, networkLocation: /default-rack, certSerialId: null}, Type:RATIS, Factor:THREE, State:ALLOCATED, leaderId:, CreationTimestamp2020-07-22T12:33:42.063Z]
2020-07-22 12:33:42,075 [RatisPipelineUtilsThread] ERROR pipeline.SCMPipelineManager (SCMPipelineManager.java:createPipeline(275)) - Failed to create pipeline of type RATIS and factor THREE. Exception: Pipeline creation failed because nodes are engaged in other pipelines and every node can only be engaged in max 2 pipelines. Required 3. Found 0
2020-07-22 12:33:42,073 [Command processor thread] INFO  segmented.SegmentedRaftLogWorker (SegmentedRaftLogWorker.java:close(234)) - 13de87ee-83ad-45df-97c4-bee39bf390b1@group-8E549E931988-SegmentedRaftLogWorker close()
2020-07-22 12:33:42,073 [d5a0b463-2013-4be7-b2a9-4f4f38929cc0@group-8E549E931988-StateMachineUpdater] INFO  ratis.ContainerStateMachine (ContainerStateMachine.java:takeSnapshot(304)) - group-8E549E931988: Finished taking a snapshot at:(t:1, i:2) file:/github/workspace/mnt/ozone/hadoop-ozone/integration-test/target/test-dir/MiniOzoneClusterImpl-27133a7a-4276-4edb-aad9-b93835fdb948/datanode-0/data/ratis/46d9def9-d2a0-46be-8503-8e549e931988/sm/snapshot.1_2 time:1
2020-07-22 12:33:42,072 [grpc-default-executor-4] INFO  impl.FollowerInfo (FollowerInfo.java:lambda$new$0(51)) - d5a0b463-2013-4be7-b2a9-4f4f38929cc0@group-8E549E931988->1cc64804-5db2-44d9-9a87-fdc1313ba49d: nextIndex: updateUnconditionally 3 -> 2
2020-07-22 12:33:42,076 [d5a0b463-2013-4be7-b2a9-4f4f38929cc0@group-8E549E931988-StateMachineUpdater] INFO  impl.StateMachineUpdater (StateMachineUpdater.java:takeSnapshot(277)) - d5a0b463-2013-4be7-b2a9-4f4f38929cc0@group-8E549E931988-StateMachineUpdater: Took a snapshot at index 2
2020-07-22 12:33:42,076 [d5a0b463-2013-4be7-b2a9-4f4f38929cc0@group-8E549E931988-StateMachineUpdater] INFO  impl.StateMachineUpdater (StateMachineUpdater.java:lambda$new$0(87)) - d5a0b463-2013-4be7-b2a9-4f4f38929cc0@group-8E549E931988-StateMachineUpdater: snapshotIndex: updateIncreasingly -1 -> 2
2020-07-22 12:33:42,076 [d5a0b463-2013-4be7-b2a9-4f4f38929cc0@group-8E549E931988-StateMachineUpdater] INFO  metrics.RatisMetrics (RatisMetrics.java:unregister(43)) - Unregistering Metrics Registry : ratis.state_machine.d5a0b463-2013-4be7-b2a9-4f4f38929cc0@group-8E549E931988
2020-07-22 12:33:42,077 [Listener at 127.0.0.1/42799] INFO  impl.RaftServerImpl (ServerState.java:close(387)) - d5a0b463-2013-4be7-b2a9-4f4f38929cc0@group-8E549E931988: closes. applyIndex: 2
2020-07-22 12:33:42,076 [EventQueue-CloseContainerForCloseContainerEventHandler] ERROR container.CloseContainerEventHandler (CloseContainerEventHandler.java:onMessage(89)) - Failed to close the container #1.
org.apache.hadoop.hdds.scm.pipeline.PipelineNotFoundException: PipelineID=46d9def9-d2a0-46be-8503-8e549e931988 not found
	at org.apache.hadoop.hdds.scm.pipeline.PipelineStateMap.removeContainerFromPipeline(PipelineStateMap.java:372)
	at org.apache.hadoop.hdds.scm.pipeline.PipelineStateManager.removeContainerFromPipeline(PipelineStateManager.java:111)
	at org.apache.hadoop.hdds.scm.pipeline.SCMPipelineManager.removeContainerFromPipeline(SCMPipelineManager.java:403)
	at org.apache.hadoop.hdds.scm.container.SCMContainerManager.updateContainerState(SCMContainerManager.java:352)
	at org.apache.hadoop.hdds.scm.container.SCMContainerManager.updateContainerState(SCMContainerManager.java:331)
	at org.apache.hadoop.hdds.scm.container.CloseContainerEventHandler.onMessage(CloseContainerEventHandler.java:66)
	at org.apache.hadoop.hdds.scm.container.CloseContainerEventHandler.onMessage(CloseContainerEventHandler.java:45)
	at org.apache.hadoop.hdds.server.events.SingleThreadExecutor.lambda$onMessage$1(SingleThreadExecutor.java:81)
	at java.util.concurrent.ThreadPoolExecutor.runWorker(ThreadPoolExecutor.java:1149)
	at java.util.concurrent.ThreadPoolExecutor$Worker.run(ThreadPoolExecutor.java:624)
	at java.lang.Thread.run(Thread.java:748)
2020-07-22 12:33:42,078 [Command processor thread] INFO  metrics.RatisMetrics (RatisMetrics.java:unregister(43)) - Unregistering Metrics Registry : ratis.log_worker.13de87ee-83ad-45df-97c4-bee39bf390b1@group-8E549E931988
2020-07-22 12:33:42,077 [d5a0b463-2013-4be7-b2a9-4f4f38929cc0@group-8E549E931988-SegmentedRaftLogWorker] INFO  segmented.SegmentedRaftLogWorker (SegmentedRaftLogWorker.java:run(327)) - d5a0b463-2013-4be7-b2a9-4f4f38929cc0@group-8E549E931988-SegmentedRaftLogWorker was interrupted, exiting. There are 0 tasks remaining in the queue.
2020-07-22 12:33:42,079 [Command processor thread] INFO  metrics.RatisMetrics (RatisMetrics.java:unregister(43)) - Unregistering Metrics Registry : ratis.leader_election.13de87ee-83ad-45df-97c4-bee39bf390b1@group-8E549E931988
2020-07-22 12:33:42,079 [Command processor thread] INFO  metrics.RatisMetrics (RatisMetrics.java:unregister(43)) - Unregistering Metrics Registry : ratis.server.13de87ee-83ad-45df-97c4-bee39bf390b1@group-8E549E931988
2020-07-22 12:33:42,082 [Listener at 127.0.0.1/42799] INFO  segmented.SegmentedRaftLogWorker (SegmentedRaftLogWorker.java:close(234)) - d5a0b463-2013-4be7-b2a9-4f4f38929cc0@group-8E549E931988-SegmentedRaftLogWorker close()
2020-07-22 12:33:42,083 [Thread-1306] INFO  impl.FollowerState (FollowerState.java:run(108)) - 3c19c41d-1b55-464a-b43c-8bd35cf9b08d@group-F807D85041B3-FollowerState: change to CANDIDATE, lastRpcTime:5118ms, electionTimeout:5118ms
2020-07-22 12:33:42,084 [Thread-1306] INFO  impl.RoleInfo (RoleInfo.java:shutdownFollowerState(121)) - 3c19c41d-1b55-464a-b43c-8bd35cf9b08d: shutdown FollowerState
2020-07-22 12:33:42,084 [Thread-1306] INFO  impl.RaftServerImpl (RaftServerImpl.java:setRole(185)) - 3c19c41d-1b55-464a-b43c-8bd35cf9b08d@group-F807D85041B3: changes role from  FOLLOWER to CANDIDATE at term 0 for changeToCandidate
2020-07-22 12:33:42,084 [Thread-1306] INFO  impl.RoleInfo (RoleInfo.java:updateAndGet(143)) - 3c19c41d-1b55-464a-b43c-8bd35cf9b08d: start LeaderElection
2020-07-22 12:33:42,084 [Listener at 127.0.0.1/42799] INFO  metrics.RatisMetrics (RatisMetrics.java:unregister(43)) - Unregistering Metrics Registry : ratis.log_worker.d5a0b463-2013-4be7-b2a9-4f4f38929cc0@group-8E549E931988
2020-07-22 12:33:42,084 [Listener at 127.0.0.1/42799] INFO  metrics.RatisMetrics (RatisMetrics.java:unregister(43)) - Unregistering Metrics Registry : ratis.leader_election.d5a0b463-2013-4be7-b2a9-4f4f38929cc0@group-8E549E931988
2020-07-22 12:33:42,084 [Listener at 127.0.0.1/42799] INFO  metrics.RatisMetrics (RatisMetrics.java:unregister(43)) - Unregistering Metrics Registry : ratis.server.d5a0b463-2013-4be7-b2a9-4f4f38929cc0@group-8E549E931988
2020-07-22 12:33:42,086 [Listener at 127.0.0.1/42799] INFO  impl.RaftServerImpl (RaftServerImpl.java:lambda$shutdown$3(301)) - d5a0b463-2013-4be7-b2a9-4f4f38929cc0@group-8E549E931988: Succeed to remove RaftStorageDirectory Storage Directory /github/workspace/mnt/ozone/hadoop-ozone/integration-test/target/test-dir/MiniOzoneClusterImpl-27133a7a-4276-4edb-aad9-b93835fdb948/datanode-0/data/ratis/46d9def9-d2a0-46be-8503-8e549e931988
2020-07-22 12:33:42,086 [Command processor thread] INFO  impl.RaftServerImpl (RaftServerImpl.java:lambda$shutdown$3(301)) - 13de87ee-83ad-45df-97c4-bee39bf390b1@group-8E549E931988: Succeed to remove RaftStorageDirectory Storage Directory /github/workspace/mnt/ozone/hadoop-ozone/integration-test/target/test-dir/MiniOzoneClusterImpl-27133a7a-4276-4edb-aad9-b93835fdb948/datanode-1/data/ratis/46d9def9-d2a0-46be-8503-8e549e931988
2020-07-22 12:33:42,095 [Command processor thread] INFO  interfaces.Container (KeyValueContainer.java:flushAndSyncDB(382)) - Container 1 is synced with bcsId 0.
2020-07-22 12:33:42,095 [Command processor thread] INFO  interfaces.Container (KeyValueContainer.java:flushAndSyncDB(382)) - Container 1 is synced with bcsId 0.
2020-07-22 12:33:42,099 [Command processor thread] INFO  commandhandler.ClosePipelineCommandHandler (ClosePipelineCommandHandler.java:handle(78)) - Close Pipeline #id: "46d9def9-d2a0-46be-8503-8e549e931988"
uuid128 {
  mostSigBits: 5105356817163110078
  leastSigBits: -8862083147646166648
}
 command on datanode #13de87ee-83ad-45df-97c4-bee39bf390b1.
2020-07-22 12:33:42,095 [Listener at 127.0.0.1/42799] INFO  interfaces.Container (KeyValueContainer.java:flushAndSyncDB(382)) - Container 1 is synced with bcsId 0.
2020-07-22 12:33:42,100 [Listener at 127.0.0.1/42799] INFO  interfaces.Container (KeyValueContainer.java:flushAndSyncDB(382)) - Container 1 is synced with bcsId 0.
2020-07-22 12:33:42,099 [EventQueue-IncrementalContainerReportForIncrementalContainerReportHandler] INFO  container.IncrementalContainerReportHandler (AbstractContainerReportHandler.java:updateContainerState(164)) - Moving container #1 to QUASI_CLOSED state, datanode 13de87ee-83ad-45df-97c4-bee39bf390b1{ip: 172.17.0.2, host: c8d1cb744cae, networkLocation: /default-rack, certSerialId: null} reported QUASI_CLOSED replica.
2020-07-22 12:33:42,102 [Command processor thread] INFO  impl.RaftServerProxy (RaftServerProxy.java:addNew(89)) - 13de87ee-83ad-45df-97c4-bee39bf390b1: addNew group-A0E25ADDD1BF:[1cc64804-5db2-44d9-9a87-fdc1313ba49d:172.17.0.2:40525, 13de87ee-83ad-45df-97c4-bee39bf390b1:172.17.0.2:42819, d5a0b463-2013-4be7-b2a9-4f4f38929cc0:172.17.0.2:40645] returns group-A0E25ADDD1BF:java.util.concurrent.CompletableFuture@60be408f[Not completed]
2020-07-22 12:33:42,105 [pool-362-thread-1] INFO  impl.RaftServerImpl (RaftServerImpl.java:<init>(107)) - 13de87ee-83ad-45df-97c4-bee39bf390b1: new RaftServerImpl for group-A0E25ADDD1BF:[1cc64804-5db2-44d9-9a87-fdc1313ba49d:172.17.0.2:40525, 13de87ee-83ad-45df-97c4-bee39bf390b1:172.17.0.2:42819, d5a0b463-2013-4be7-b2a9-4f4f38929cc0:172.17.0.2:40645] with ContainerStateMachine:uninitialized
2020-07-22 12:33:42,110 [pool-362-thread-1] INFO  server.RaftServerConfigKeys (ConfUtils.java:logGet(44)) - raft.server.rpc.timeout.min = 5s (custom)
2020-07-22 12:33:42,110 [pool-362-thread-1] INFO  server.RaftServerConfigKeys (ConfUtils.java:logGet(44)) - raft.server.rpc.timeout.max = 5200ms (custom)
2020-07-22 12:33:42,110 [pool-362-thread-1] INFO  server.RaftServerConfigKeys (ConfUtils.java:logGet(44)) - raft.server.rpcslowness.timeout = 300000ms (custom)
2020-07-22 12:33:42,110 [pool-362-thread-1] INFO  server.RaftServerConfigKeys (ConfUtils.java:logGet(44)) - raft.server.sleep.deviation.threshold = 300 (default)
2020-07-22 12:33:42,110 [pool-362-thread-1] INFO  server.RaftServerConfigKeys (ConfUtils.java:logGet(44)) - raft.server.log.appender.install.snapshot.enabled = false (custom)
2020-07-22 12:33:42,110 [Listener at 127.0.0.1/42799] WARN  impl.RaftServerProxy (RaftServerProxy.java:remove(95)) - 13de87ee-83ad-45df-97c4-bee39bf390b1: does not contain group: group-8E549E931988
2020-07-22 12:33:42,110 [Listener at 127.0.0.1/42799] INFO  ozone.MiniOzoneClusterImpl (MiniOzoneClusterImpl.java:shutdown(387)) - Shutting down the Mini Ozone Cluster
2020-07-22 12:33:42,111 [3c19c41d-1b55-464a-b43c-8bd35cf9b08d@group-F807D85041B3-LeaderElection43] INFO  impl.LeaderElection (LeaderElection.java:askForVotes(209)) - 3c19c41d-1b55-464a-b43c-8bd35cf9b08d@group-F807D85041B3-LeaderElection43: begin an election at term 1 for -1: [3c19c41d-1b55-464a-b43c-8bd35cf9b08d:172.17.0.2:35713], old=null
2020-07-22 12:33:42,111 [3c19c41d-1b55-464a-b43c-8bd35cf9b08d@group-F807D85041B3-LeaderElection43] INFO  impl.RoleInfo (RoleInfo.java:shutdownLeaderElection(134)) - 3c19c41d-1b55-464a-b43c-8bd35cf9b08d: shutdown LeaderElection
2020-07-22 12:33:42,111 [3c19c41d-1b55-464a-b43c-8bd35cf9b08d@group-F807D85041B3-LeaderElection43] INFO  impl.RaftServerImpl (RaftServerImpl.java:setRole(185)) - 3c19c41d-1b55-464a-b43c-8bd35cf9b08d@group-F807D85041B3: changes role from CANDIDATE to LEADER at term 1 for changeToLeader
2020-07-22 12:33:42,111 [3c19c41d-1b55-464a-b43c-8bd35cf9b08d@group-F807D85041B3-LeaderElection43] INFO  ratis.XceiverServerRatis (XceiverServerRatis.java:handleLeaderChangedNotification(820)) - Leader change notification received for group: group-F807D85041B3 with new leaderId: 3c19c41d-1b55-464a-b43c-8bd35cf9b08d
2020-07-22 12:33:42,111 [3c19c41d-1b55-464a-b43c-8bd35cf9b08d@group-F807D85041B3-LeaderElection43] INFO  impl.RaftServerImpl (ServerState.java:setLeader(255)) - 3c19c41d-1b55-464a-b43c-8bd35cf9b08d@group-F807D85041B3: change Leader from null to 3c19c41d-1b55-464a-b43c-8bd35cf9b08d at term 1 for becomeLeader, leader elected after 5153ms
2020-07-22 12:33:42,111 [3c19c41d-1b55-464a-b43c-8bd35cf9b08d@group-F807D85041B3-LeaderElection43] INFO  server.RaftServerConfigKeys (ConfUtils.java:logGet(44)) - raft.server.staging.catchup.gap = 1000 (default)
2020-07-22 12:33:42,111 [3c19c41d-1b55-464a-b43c-8bd35cf9b08d@group-F807D85041B3-LeaderElection43] INFO  server.RaftServerConfigKeys (ConfUtils.java:logGet(44)) - raft.server.rpc.sleep.time = 25ms (default)
2020-07-22 12:33:42,111 [3c19c41d-1b55-464a-b43c-8bd35cf9b08d@group-F807D85041B3-LeaderElection43] INFO  metrics.RatisMetrics (RatisMetrics.java:lambda$create$0(36)) - Creating Metrics Registry : ratis.log_appender.3c19c41d-1b55-464a-b43c-8bd35cf9b08d@group-F807D85041B3
2020-07-22 12:33:42,111 [3c19c41d-1b55-464a-b43c-8bd35cf9b08d@group-F807D85041B3-LeaderElection43] INFO  server.RaftServerConfigKeys (ConfUtils.java:logGet(44)) - raft.server.write.element-limit = 1024 (custom)
2020-07-22 12:33:42,111 [3c19c41d-1b55-464a-b43c-8bd35cf9b08d@group-F807D85041B3-LeaderElection43] INFO  server.RaftServerConfigKeys (ConfUtils.java:logGet(44)) - raft.server.write.byte-limit = 1073741824 (custom)
2020-07-22 12:33:42,111 [pool-362-thread-1] INFO  impl.RaftServerImpl (ServerState.java:<init>(103)) - 13de87ee-83ad-45df-97c4-bee39bf390b1@group-A0E25ADDD1BF: ConfigurationManager, init=-1: [1cc64804-5db2-44d9-9a87-fdc1313ba49d:172.17.0.2:40525, 13de87ee-83ad-45df-97c4-bee39bf390b1:172.17.0.2:42819, d5a0b463-2013-4be7-b2a9-4f4f38929cc0:172.17.0.2:40645], old=null, confs=<EMPTY_MAP>
2020-07-22 12:33:42,112 [pool-362-thread-1] INFO  server.RaftServerConfigKeys (ConfUtils.java:logGet(44)) - raft.server.storage.dir = [/github/workspace/mnt/ozone/hadoop-ozone/integration-test/target/test-dir/MiniOzoneClusterImpl-27133a7a-4276-4edb-aad9-b93835fdb948/datanode-1/data/ratis] (custom)
2020-07-22 12:33:42,112 [pool-362-thread-1] INFO  server.RaftServerConfigKeys (ConfUtils.java:logGet(44)) - raft.server.log.corruption.policy = EXCEPTION (default)
2020-07-22 12:33:42,112 [3c19c41d-1b55-464a-b43c-8bd35cf9b08d@group-F807D85041B3-LeaderElection43] INFO  server.RaftServerConfigKeys (ConfUtils.java:logGet(44)) - raft.server.watch.timeout = 3000ms (custom)
2020-07-22 12:33:42,112 [3c19c41d-1b55-464a-b43c-8bd35cf9b08d@group-F807D85041B3-LeaderElection43] INFO  server.RaftServerConfigKeys (ConfUtils.java:logGet(44)) - raft.server.watch.timeout.denomination = 1s (default)
2020-07-22 12:33:42,112 [3c19c41d-1b55-464a-b43c-8bd35cf9b08d@group-F807D85041B3-LeaderElection43] INFO  server.RaftServerConfigKeys (ConfUtils.java:logGet(44)) - raft.server.watch.element-limit = 65536 (default)
2020-07-22 12:33:42,112 [3c19c41d-1b55-464a-b43c-8bd35cf9b08d@group-F807D85041B3-LeaderElection43] INFO  impl.RoleInfo (RoleInfo.java:updateAndGet(143)) - 3c19c41d-1b55-464a-b43c-8bd35cf9b08d: start LeaderState
2020-07-22 12:33:42,111 [Listener at 127.0.0.1/42799] INFO  ozone.MiniOzoneClusterImpl (MiniOzoneClusterImpl.java:stop(402)) - Stopping the Mini Ozone Cluster
2020-07-22 12:33:42,112 [Listener at 127.0.0.1/42799] INFO  ozone.MiniOzoneClusterImpl (MiniOzoneClusterImpl.java:stopOM(484)) - Stopping the OzoneManager
2020-07-22 12:33:42,112 [Listener at 127.0.0.1/42799] INFO  ipc.Server (Server.java:stop(3359)) - Stopping server on 42799
2020-07-22 12:33:42,112 [pool-362-thread-1] INFO  storage.RaftStorageDirectory (RaftStorageDirectory.java:analyzeStorage(261)) - The storage directory /github/workspace/mnt/ozone/hadoop-ozone/integration-test/target/test-dir/MiniOzoneClusterImpl-27133a7a-4276-4edb-aad9-b93835fdb948/datanode-1/data/ratis/6439c0fb-e42f-43cb-9890-a0e25addd1bf does not exist. Creating ...
2020-07-22 12:33:42,117 [Listener at 127.0.0.1/42799] INFO  ratis.OzoneManagerDoubleBuffer (OzoneManagerDoubleBuffer.java:stop(458)) - Stopping OMDoubleBuffer flush thread
2020-07-22 12:33:42,118 [OMDoubleBufferFlushThread] INFO  ratis.OzoneManagerDoubleBuffer (OzoneManagerDoubleBuffer.java:flushTransactions(357)) - OMDoubleBuffer flush thread OMDoubleBufferFlushThread is interrupted and will exit. OMDoubleBufferFlushThread
2020-07-22 12:33:42,118 [3c19c41d-1b55-464a-b43c-8bd35cf9b08d@group-F807D85041B3-LeaderElection43] INFO  segmented.SegmentedRaftLogWorker (SegmentedRaftLogWorker.java:startLogSegment(397)) - 3c19c41d-1b55-464a-b43c-8bd35cf9b08d@group-F807D85041B3-SegmentedRaftLogWorker: Starting segment from index:0
2020-07-22 12:33:42,118 [Listener at 127.0.0.1/42799] INFO  utils.BackgroundService (BackgroundService.java:shutdown(157)) - Shutting down service KeyDeletingService
2020-07-22 12:33:42,117 [pool-362-thread-1] INFO  storage.RaftStorageDirectory (RaftStorageDirectory.java:tryLock(343)) - Lock on /github/workspace/mnt/ozone/hadoop-ozone/integration-test/target/test-dir/MiniOzoneClusterImpl-27133a7a-4276-4edb-aad9-b93835fdb948/datanode-1/data/ratis/6439c0fb-e42f-43cb-9890-a0e25addd1bf/in_use.lock acquired by nodename 10747@c8d1cb744cae
2020-07-22 12:33:42,117 [IPC Server listener on 0] INFO  ipc.Server (Server.java:run(1330)) - Stopping IPC Server listener on 0
2020-07-22 12:33:42,117 [IPC Server Responder] INFO  ipc.Server (Server.java:run(1465)) - Stopping IPC Server Responder
2020-07-22 12:33:42,119 [3c19c41d-1b55-464a-b43c-8bd35cf9b08d@group-F807D85041B3-SegmentedRaftLogWorker] INFO  segmented.SegmentedRaftLogWorker (SegmentedRaftLogWorker.java:execute(596)) - 3c19c41d-1b55-464a-b43c-8bd35cf9b08d@group-F807D85041B3-SegmentedRaftLogWorker: created new log segment /github/workspace/mnt/ozone/hadoop-ozone/integration-test/target/test-dir/MiniOzoneClusterImpl-27133a7a-4276-4edb-aad9-b93835fdb948/datanode-8/data/ratis/555776ac-9447-4c44-b360-f807d85041b3/current/log_inprogress_0
2020-07-22 12:33:42,119 [pool-362-thread-1] INFO  storage.RaftStorage (RaftStorage.java:format(84)) - Storage directory /github/workspace/mnt/ozone/hadoop-ozone/integration-test/target/test-dir/MiniOzoneClusterImpl-27133a7a-4276-4edb-aad9-b93835fdb948/datanode-1/data/ratis/6439c0fb-e42f-43cb-9890-a0e25addd1bf has been successfully formatted.
2020-07-22 12:33:42,125 [pool-362-thread-1] INFO  ratis.ContainerStateMachine (ContainerStateMachine.java:loadSnapshot(225)) - group-A0E25ADDD1BF: The snapshot info is null. Setting the last applied indexto:(t:0, i:~)
2020-07-22 12:33:42,125 [3c19c41d-1b55-464a-b43c-8bd35cf9b08d@group-F807D85041B3-LeaderElection43] INFO  impl.RaftServerImpl (ServerState.java:setRaftConf(356)) - 3c19c41d-1b55-464a-b43c-8bd35cf9b08d@group-F807D85041B3: set configuration 0: [3c19c41d-1b55-464a-b43c-8bd35cf9b08d:172.17.0.2:35713], old=null at 0
2020-07-22 12:33:42,129 [pool-362-thread-1] INFO  server.RaftServerConfigKeys (ConfUtils.java:logGet(44)) - raft.server.notification.no-leader.timeout = 300000ms (custom)
2020-07-22 12:33:42,130 [pool-362-thread-1] INFO  server.RaftServerConfigKeys (ConfUtils.java:logGet(44)) - raft.server.log.use.memory = false (default)
2020-07-22 12:33:42,130 [pool-362-thread-1] INFO  server.RaftServerConfigKeys (ConfUtils.java:logGet(44)) - raft.server.log.purge.gap = 1000000 (custom)
2020-07-22 12:33:42,130 [pool-362-thread-1] INFO  metrics.RatisMetrics (RatisMetrics.java:lambda$create$0(36)) - Creating Metrics Registry : ratis.log_worker.13de87ee-83ad-45df-97c4-bee39bf390b1@group-A0E25ADDD1BF
2020-07-22 12:33:42,130 [pool-362-thread-1] INFO  server.RaftServerConfigKeys (ConfUtils.java:logGet(44)) - raft.server.log.appender.buffer.byte-limit = 33554432 (custom)
2020-07-22 12:33:42,130 [pool-362-thread-1] INFO  server.RaftServerConfigKeys (ConfUtils.java:logGet(44)) - raft.server.log.segment.size.max = 1048576 (custom)
2020-07-22 12:33:42,131 [pool-362-thread-1] INFO  server.RaftServerConfigKeys (ConfUtils.java:logGet(44)) - raft.server.log.segment.cache.num.max = 2 (custom)
2020-07-22 12:33:42,131 [pool-362-thread-1] INFO  segmented.SegmentedRaftLogWorker (SegmentedRaftLogWorker.java:<init>(180)) - new 13de87ee-83ad-45df-97c4-bee39bf390b1@group-A0E25ADDD1BF-SegmentedRaftLogWorker for RaftStorage:Storage Directory /github/workspace/mnt/ozone/hadoop-ozone/integration-test/target/test-dir/MiniOzoneClusterImpl-27133a7a-4276-4edb-aad9-b93835fdb948/datanode-1/data/ratis/6439c0fb-e42f-43cb-9890-a0e25addd1bf
2020-07-22 12:33:42,131 [pool-362-thread-1] INFO  server.RaftServerConfigKeys (ConfUtils.java:logGet(44)) - raft.server.log.queue.byte-limit = 2147483647 (custom)
2020-07-22 12:33:42,131 [pool-362-thread-1] INFO  server.RaftServerConfigKeys (ConfUtils.java:logGet(44)) - raft.server.log.queue.element-limit = 1024 (custom)
2020-07-22 12:33:42,131 [pool-362-thread-1] INFO  server.RaftServerConfigKeys (ConfUtils.java:logGet(44)) - raft.server.log.segment.size.max = 1048576 (custom)
2020-07-22 12:33:42,131 [pool-362-thread-1] INFO  server.RaftServerConfigKeys (ConfUtils.java:logGet(44)) - raft.server.log.preallocated.size = 16384 (custom)
2020-07-22 12:33:42,131 [pool-362-thread-1] INFO  server.RaftServerConfigKeys (ConfUtils.java:logGet(44)) - raft.server.log.write.buffer.size = 1048576 (custom)
2020-07-22 12:33:42,131 [pool-362-thread-1] INFO  server.RaftServerConfigKeys (ConfUtils.java:logGet(44)) - raft.server.log.force.sync.num = 128 (default)
2020-07-22 12:33:42,131 [pool-362-thread-1] INFO  server.RaftServerConfigKeys (ConfUtils.java:logGet(44)) - raft.server.log.statemachine.data.sync = true (default)
2020-07-22 12:33:42,131 [pool-362-thread-1] INFO  server.RaftServerConfigKeys (ConfUtils.java:logGet(44)) - raft.server.log.statemachine.data.sync.timeout = 10s (default)
2020-07-22 12:33:42,131 [pool-362-thread-1] INFO  server.RaftServerConfigKeys (ConfUtils.java:logGet(44)) - raft.server.log.statemachine.data.sync.timeout.retry = -1 (default)
2020-07-22 12:33:42,133 [pool-362-thread-1] INFO  server.RaftServerConfigKeys (ConfUtils.java:logGet(44)) - raft.server.log.statemachine.data.caching.enabled = true (custom)
2020-07-22 12:33:42,134 [pool-362-thread-1] INFO  segmented.SegmentedRaftLogWorker (SegmentedRaftLogWorker.java:lambda$new$0(129)) - 13de87ee-83ad-45df-97c4-bee39bf390b1@group-A0E25ADDD1BF-SegmentedRaftLogWorker: flushIndex: setUnconditionally 0 -> -1
2020-07-22 12:33:42,134 [pool-362-thread-1] INFO  segmented.SegmentedRaftLogWorker (SegmentedRaftLogWorker.java:lambda$new$0(129)) - 13de87ee-83ad-45df-97c4-bee39bf390b1@group-A0E25ADDD1BF-SegmentedRaftLogWorker: safeCacheEvictIndex: setUnconditionally 0 -> -1
2020-07-22 12:33:42,134 [Listener at 127.0.0.1/42799] INFO  handler.ContextHandler (ContextHandler.java:doStop(1016)) - Stopped o.e.j.w.WebAppContext@7997b8a7{ozoneManager,/,null,UNAVAILABLE}{file:/github/workspace/mnt/ozone/hadoop-ozone/integration-test/target/test-classes/webapps/ozoneManager}
2020-07-22 12:33:42,134 [Listener at 127.0.0.1/42799] INFO  server.AbstractConnector (AbstractConnector.java:doStop(380)) - Stopped ServerConnector@7eb22e87{HTTP/1.1,[http/1.1]}{0.0.0.0:0}
2020-07-22 12:33:42,134 [Listener at 127.0.0.1/42799] INFO  server.session (HouseKeeper.java:stopScavenging(158)) - node0 Stopped scavenging
2020-07-22 12:33:42,140 [pool-362-thread-1] INFO  server.RaftServerConfigKeys (ConfUtils.java:logGet(44)) - raft.server.snapshot.auto.trigger.enabled = true (custom)
2020-07-22 12:33:42,140 [pool-362-thread-1] INFO  server.RaftServerConfigKeys (ConfUtils.java:logGet(44)) - raft.server.snapshot.auto.trigger.threshold = 10000 (custom)
2020-07-22 12:33:42,140 [pool-362-thread-1] INFO  server.RaftServerConfigKeys (ConfUtils.java:logGet(44)) - raft.server.snapshot.retention.file.num = 5 (custom)
2020-07-22 12:33:42,140 [pool-362-thread-1] INFO  server.RaftServerConfigKeys (ConfUtils.java:logGet(44)) - raft.server.log.purge.upto.snapshot.index = false (default)
2020-07-22 12:33:42,141 [pool-362-thread-1] INFO  server.RaftServerConfigKeys (ConfUtils.java:logGet(44)) - raft.server.retrycache.expirytime = 600000ms (custom)
2020-07-22 12:33:42,141 [pool-362-thread-1] INFO  metrics.RatisMetrics (RatisMetrics.java:lambda$create$0(36)) - Creating Metrics Registry : ratis.leader_election.13de87ee-83ad-45df-97c4-bee39bf390b1@group-A0E25ADDD1BF
2020-07-22 12:33:42,141 [pool-362-thread-1] INFO  metrics.RatisMetrics (RatisMetrics.java:lambda$create$0(36)) - Creating Metrics Registry : ratis.server.13de87ee-83ad-45df-97c4-bee39bf390b1@group-A0E25ADDD1BF
2020-07-22 12:33:42,142 [pool-362-thread-1] INFO  impl.RaftServerImpl (RaftServerImpl.java:start(196)) - 13de87ee-83ad-45df-97c4-bee39bf390b1@group-A0E25ADDD1BF: start as a follower, conf=-1: [1cc64804-5db2-44d9-9a87-fdc1313ba49d:172.17.0.2:40525, 13de87ee-83ad-45df-97c4-bee39bf390b1:172.17.0.2:42819, d5a0b463-2013-4be7-b2a9-4f4f38929cc0:172.17.0.2:40645], old=null
2020-07-22 12:33:42,142 [pool-362-thread-1] INFO  impl.RaftServerImpl (RaftServerImpl.java:setRole(185)) - 13de87ee-83ad-45df-97c4-bee39bf390b1@group-A0E25ADDD1BF: changes role from      null to FOLLOWER at term 0 for startAsFollower
2020-07-22 12:33:42,142 [pool-362-thread-1] INFO  impl.RoleInfo (RoleInfo.java:updateAndGet(143)) - 13de87ee-83ad-45df-97c4-bee39bf390b1: start FollowerState
2020-07-22 12:33:42,143 [pool-362-thread-1] INFO  util.JmxRegister (JmxRegister.java:tryRegister(44)) - Successfully registered JMX Bean with object name Ratis:service=RaftServer,group=group-A0E25ADDD1BF,id=13de87ee-83ad-45df-97c4-bee39bf390b1
2020-07-22 12:33:42,143 [pool-362-thread-1] INFO  metrics.RatisMetrics (RatisMetrics.java:lambda$create$0(36)) - Creating Metrics Registry : ratis.state_machine.13de87ee-83ad-45df-97c4-bee39bf390b1@group-A0E25ADDD1BF
2020-07-22 12:33:42,144 [Listener at 127.0.0.1/42799] INFO  handler.ContextHandler (ContextHandler.java:doStop(1016)) - Stopped o.e.j.s.ServletContextHandler@38c00fa1{static,/static,file:///github/workspace/mnt/ozone/hadoop-ozone/integration-test/target/test-classes/webapps/static,UNAVAILABLE}
2020-07-22 12:33:42,145 [Listener at 127.0.0.1/42799] INFO  handler.ContextHandler (ContextHandler.java:doStop(1016)) - Stopped o.e.j.s.ServletContextHandler@4c44928e{logs,/logs,file:///github/workspace/mnt/ozone/hadoop-ozone/integration-test/target/log,UNAVAILABLE}
2020-07-22 12:33:42,153 [Listener at 127.0.0.1/42799] INFO  ozone.MiniOzoneClusterImpl (MiniOzoneClusterImpl.java:stopDatanodes(461)) - Stopping the HddsDatanodes
2020-07-22 12:33:42,154 [grpc-default-executor-4] INFO  impl.RaftServerProxy (RaftServerProxy.java:addNew(89)) - d5a0b463-2013-4be7-b2a9-4f4f38929cc0: addNew group-A0E25ADDD1BF:[1cc64804-5db2-44d9-9a87-fdc1313ba49d:172.17.0.2:40525, 13de87ee-83ad-45df-97c4-bee39bf390b1:172.17.0.2:42819, d5a0b463-2013-4be7-b2a9-4f4f38929cc0:172.17.0.2:40645] returns group-A0E25ADDD1BF:java.util.concurrent.CompletableFuture@30bcca28[Not completed]
2020-07-22 12:33:42,155 [pool-347-thread-1] INFO  impl.RaftServerImpl (RaftServerImpl.java:<init>(107)) - d5a0b463-2013-4be7-b2a9-4f4f38929cc0: new RaftServerImpl for group-A0E25ADDD1BF:[1cc64804-5db2-44d9-9a87-fdc1313ba49d:172.17.0.2:40525, 13de87ee-83ad-45df-97c4-bee39bf390b1:172.17.0.2:42819, d5a0b463-2013-4be7-b2a9-4f4f38929cc0:172.17.0.2:40645] with ContainerStateMachine:uninitialized
2020-07-22 12:33:42,155 [pool-347-thread-1] INFO  server.RaftServerConfigKeys (ConfUtils.java:logGet(44)) - raft.server.rpc.timeout.min = 5s (custom)
2020-07-22 12:33:42,155 [pool-347-thread-1] INFO  server.RaftServerConfigKeys (ConfUtils.java:logGet(44)) - raft.server.rpc.timeout.max = 5200ms (custom)
2020-07-22 12:33:42,155 [pool-347-thread-1] INFO  server.RaftServerConfigKeys (ConfUtils.java:logGet(44)) - raft.server.rpcslowness.timeout = 300000ms (custom)
2020-07-22 12:33:42,155 [pool-347-thread-1] INFO  server.RaftServerConfigKeys (ConfUtils.java:logGet(44)) - raft.server.sleep.deviation.threshold = 300 (default)
2020-07-22 12:33:42,156 [pool-347-thread-1] INFO  server.RaftServerConfigKeys (ConfUtils.java:logGet(44)) - raft.server.log.appender.install.snapshot.enabled = false (custom)
2020-07-22 12:33:42,156 [pool-347-thread-1] INFO  impl.RaftServerImpl (ServerState.java:<init>(103)) - d5a0b463-2013-4be7-b2a9-4f4f38929cc0@group-A0E25ADDD1BF: ConfigurationManager, init=-1: [1cc64804-5db2-44d9-9a87-fdc1313ba49d:172.17.0.2:40525, 13de87ee-83ad-45df-97c4-bee39bf390b1:172.17.0.2:42819, d5a0b463-2013-4be7-b2a9-4f4f38929cc0:172.17.0.2:40645], old=null, confs=<EMPTY_MAP>
2020-07-22 12:33:42,156 [pool-347-thread-1] INFO  server.RaftServerConfigKeys (ConfUtils.java:logGet(44)) - raft.server.storage.dir = [/github/workspace/mnt/ozone/hadoop-ozone/integration-test/target/test-dir/MiniOzoneClusterImpl-27133a7a-4276-4edb-aad9-b93835fdb948/datanode-0/data/ratis] (custom)
2020-07-22 12:33:42,156 [pool-347-thread-1] INFO  server.RaftServerConfigKeys (ConfUtils.java:logGet(44)) - raft.server.log.corruption.policy = EXCEPTION (default)
2020-07-22 12:33:42,156 [pool-347-thread-1] INFO  storage.RaftStorageDirectory (RaftStorageDirectory.java:analyzeStorage(261)) - The storage directory /github/workspace/mnt/ozone/hadoop-ozone/integration-test/target/test-dir/MiniOzoneClusterImpl-27133a7a-4276-4edb-aad9-b93835fdb948/datanode-0/data/ratis/6439c0fb-e42f-43cb-9890-a0e25addd1bf does not exist. Creating ...
2020-07-22 12:33:42,157 [pool-347-thread-1] INFO  storage.RaftStorageDirectory (RaftStorageDirectory.java:tryLock(343)) - Lock on /github/workspace/mnt/ozone/hadoop-ozone/integration-test/target/test-dir/MiniOzoneClusterImpl-27133a7a-4276-4edb-aad9-b93835fdb948/datanode-0/data/ratis/6439c0fb-e42f-43cb-9890-a0e25addd1bf/in_use.lock acquired by nodename 10747@c8d1cb744cae
2020-07-22 12:33:42,158 [pool-347-thread-1] INFO  storage.RaftStorage (RaftStorage.java:format(84)) - Storage directory /github/workspace/mnt/ozone/hadoop-ozone/integration-test/target/test-dir/MiniOzoneClusterImpl-27133a7a-4276-4edb-aad9-b93835fdb948/datanode-0/data/ratis/6439c0fb-e42f-43cb-9890-a0e25addd1bf has been successfully formatted.
2020-07-22 12:33:42,159 [pool-347-thread-1] INFO  ratis.ContainerStateMachine (ContainerStateMachine.java:loadSnapshot(225)) - group-A0E25ADDD1BF: The snapshot info is null. Setting the last applied indexto:(t:0, i:~)
2020-07-22 12:33:42,160 [pool-347-thread-1] INFO  server.RaftServerConfigKeys (ConfUtils.java:logGet(44)) - raft.server.notification.no-leader.timeout = 300000ms (custom)
2020-07-22 12:33:42,160 [pool-347-thread-1] INFO  server.RaftServerConfigKeys (ConfUtils.java:logGet(44)) - raft.server.log.use.memory = false (default)
2020-07-22 12:33:42,160 [pool-347-thread-1] INFO  server.RaftServerConfigKeys (ConfUtils.java:logGet(44)) - raft.server.log.purge.gap = 1000000 (custom)
2020-07-22 12:33:42,160 [pool-347-thread-1] INFO  metrics.RatisMetrics (RatisMetrics.java:lambda$create$0(36)) - Creating Metrics Registry : ratis.log_worker.d5a0b463-2013-4be7-b2a9-4f4f38929cc0@group-A0E25ADDD1BF
2020-07-22 12:33:42,160 [pool-347-thread-1] INFO  server.RaftServerConfigKeys (ConfUtils.java:logGet(44)) - raft.server.log.appender.buffer.byte-limit = 33554432 (custom)
2020-07-22 12:33:42,160 [pool-347-thread-1] INFO  server.RaftServerConfigKeys (ConfUtils.java:logGet(44)) - raft.server.log.segment.size.max = 1048576 (custom)
2020-07-22 12:33:42,161 [pool-347-thread-1] INFO  server.RaftServerConfigKeys (ConfUtils.java:logGet(44)) - raft.server.log.segment.cache.num.max = 2 (custom)
2020-07-22 12:33:42,161 [pool-347-thread-1] INFO  segmented.SegmentedRaftLogWorker (SegmentedRaftLogWorker.java:<init>(180)) - new d5a0b463-2013-4be7-b2a9-4f4f38929cc0@group-A0E25ADDD1BF-SegmentedRaftLogWorker for RaftStorage:Storage Directory /github/workspace/mnt/ozone/hadoop-ozone/integration-test/target/test-dir/MiniOzoneClusterImpl-27133a7a-4276-4edb-aad9-b93835fdb948/datanode-0/data/ratis/6439c0fb-e42f-43cb-9890-a0e25addd1bf
2020-07-22 12:33:42,161 [pool-347-thread-1] INFO  server.RaftServerConfigKeys (ConfUtils.java:logGet(44)) - raft.server.log.queue.byte-limit = 2147483647 (custom)
2020-07-22 12:33:42,161 [pool-347-thread-1] INFO  server.RaftServerConfigKeys (ConfUtils.java:logGet(44)) - raft.server.log.queue.element-limit = 1024 (custom)
2020-07-22 12:33:42,161 [pool-347-thread-1] INFO  server.RaftServerConfigKeys (ConfUtils.java:logGet(44)) - raft.server.log.segment.size.max = 1048576 (custom)
2020-07-22 12:33:42,161 [pool-347-thread-1] INFO  server.RaftServerConfigKeys (ConfUtils.java:logGet(44)) - raft.server.log.preallocated.size = 16384 (custom)
2020-07-22 12:33:42,162 [pool-347-thread-1] INFO  server.RaftServerConfigKeys (ConfUtils.java:logGet(44)) - raft.server.log.write.buffer.size = 1048576 (custom)
2020-07-22 12:33:42,162 [pool-347-thread-1] INFO  server.RaftServerConfigKeys (ConfUtils.java:logGet(44)) - raft.server.log.force.sync.num = 128 (default)
2020-07-22 12:33:42,162 [pool-347-thread-1] INFO  server.RaftServerConfigKeys (ConfUtils.java:logGet(44)) - raft.server.log.statemachine.data.sync = true (default)
2020-07-22 12:33:42,162 [pool-347-thread-1] INFO  server.RaftServerConfigKeys (ConfUtils.java:logGet(44)) - raft.server.log.statemachine.data.sync.timeout = 10s (default)
2020-07-22 12:33:42,162 [pool-347-thread-1] INFO  server.RaftServerConfigKeys (ConfUtils.java:logGet(44)) - raft.server.log.statemachine.data.sync.timeout.retry = -1 (default)
2020-07-22 12:33:42,164 [pool-347-thread-1] INFO  server.RaftServerConfigKeys (ConfUtils.java:logGet(44)) - raft.server.log.statemachine.data.caching.enabled = true (custom)
2020-07-22 12:33:42,164 [pool-347-thread-1] INFO  segmented.SegmentedRaftLogWorker (SegmentedRaftLogWorker.java:lambda$new$0(129)) - d5a0b463-2013-4be7-b2a9-4f4f38929cc0@group-A0E25ADDD1BF-SegmentedRaftLogWorker: flushIndex: setUnconditionally 0 -> -1
2020-07-22 12:33:42,164 [pool-347-thread-1] INFO  segmented.SegmentedRaftLogWorker (SegmentedRaftLogWorker.java:lambda$new$0(129)) - d5a0b463-2013-4be7-b2a9-4f4f38929cc0@group-A0E25ADDD1BF-SegmentedRaftLogWorker: safeCacheEvictIndex: setUnconditionally 0 -> -1
2020-07-22 12:33:42,164 [pool-347-thread-1] INFO  server.RaftServerConfigKeys (ConfUtils.java:logGet(44)) - raft.server.snapshot.auto.trigger.enabled = true (custom)
2020-07-22 12:33:42,164 [pool-347-thread-1] INFO  server.RaftServerConfigKeys (ConfUtils.java:logGet(44)) - raft.server.snapshot.auto.trigger.threshold = 10000 (custom)
2020-07-22 12:33:42,164 [pool-347-thread-1] INFO  server.RaftServerConfigKeys (ConfUtils.java:logGet(44)) - raft.server.snapshot.retention.file.num = 5 (custom)
2020-07-22 12:33:42,164 [pool-347-thread-1] INFO  server.RaftServerConfigKeys (ConfUtils.java:logGet(44)) - raft.server.log.purge.upto.snapshot.index = false (default)
2020-07-22 12:33:42,164 [pool-347-thread-1] INFO  server.RaftServerConfigKeys (ConfUtils.java:logGet(44)) - raft.server.retrycache.expirytime = 600000ms (custom)
2020-07-22 12:33:42,165 [pool-347-thread-1] INFO  metrics.RatisMetrics (RatisMetrics.java:lambda$create$0(36)) - Creating Metrics Registry : ratis.leader_election.d5a0b463-2013-4be7-b2a9-4f4f38929cc0@group-A0E25ADDD1BF
2020-07-22 12:33:42,165 [pool-347-thread-1] INFO  metrics.RatisMetrics (RatisMetrics.java:lambda$create$0(36)) - Creating Metrics Registry : ratis.server.d5a0b463-2013-4be7-b2a9-4f4f38929cc0@group-A0E25ADDD1BF
2020-07-22 12:33:42,166 [pool-347-thread-1] INFO  impl.RaftServerImpl (RaftServerImpl.java:start(196)) - d5a0b463-2013-4be7-b2a9-4f4f38929cc0@group-A0E25ADDD1BF: start as a follower, conf=-1: [1cc64804-5db2-44d9-9a87-fdc1313ba49d:172.17.0.2:40525, 13de87ee-83ad-45df-97c4-bee39bf390b1:172.17.0.2:42819, d5a0b463-2013-4be7-b2a9-4f4f38929cc0:172.17.0.2:40645], old=null
2020-07-22 12:33:42,166 [pool-347-thread-1] INFO  impl.RaftServerImpl (RaftServerImpl.java:setRole(185)) - d5a0b463-2013-4be7-b2a9-4f4f38929cc0@group-A0E25ADDD1BF: changes role from      null to FOLLOWER at term 0 for startAsFollower
2020-07-22 12:33:42,166 [pool-347-thread-1] INFO  impl.RoleInfo (RoleInfo.java:updateAndGet(143)) - d5a0b463-2013-4be7-b2a9-4f4f38929cc0: start FollowerState
2020-07-22 12:33:42,171 [pool-347-thread-1] INFO  util.JmxRegister (JmxRegister.java:tryRegister(44)) - Successfully registered JMX Bean with object name Ratis:service=RaftServer,group=group-A0E25ADDD1BF,id=d5a0b463-2013-4be7-b2a9-4f4f38929cc0
2020-07-22 12:33:42,171 [pool-347-thread-1] INFO  metrics.RatisMetrics (RatisMetrics.java:lambda$create$0(36)) - Creating Metrics Registry : ratis.state_machine.d5a0b463-2013-4be7-b2a9-4f4f38929cc0@group-A0E25ADDD1BF
2020-07-22 12:33:42,198 [grpc-default-executor-4] INFO  impl.RaftServerProxy (RaftServerProxy.java:addNew(89)) - 1cc64804-5db2-44d9-9a87-fdc1313ba49d: addNew group-A0E25ADDD1BF:[1cc64804-5db2-44d9-9a87-fdc1313ba49d:172.17.0.2:40525, 13de87ee-83ad-45df-97c4-bee39bf390b1:172.17.0.2:42819, d5a0b463-2013-4be7-b2a9-4f4f38929cc0:172.17.0.2:40645] returns group-A0E25ADDD1BF:java.util.concurrent.CompletableFuture@1a1fd4e6[Not completed]
2020-07-22 12:33:42,198 [pool-377-thread-1] INFO  impl.RaftServerImpl (RaftServerImpl.java:<init>(107)) - 1cc64804-5db2-44d9-9a87-fdc1313ba49d: new RaftServerImpl for group-A0E25ADDD1BF:[1cc64804-5db2-44d9-9a87-fdc1313ba49d:172.17.0.2:40525, 13de87ee-83ad-45df-97c4-bee39bf390b1:172.17.0.2:42819, d5a0b463-2013-4be7-b2a9-4f4f38929cc0:172.17.0.2:40645] with ContainerStateMachine:uninitialized
2020-07-22 12:33:42,198 [pool-377-thread-1] INFO  server.RaftServerConfigKeys (ConfUtils.java:logGet(44)) - raft.server.rpc.timeout.min = 5s (custom)
2020-07-22 12:33:42,199 [pool-377-thread-1] INFO  server.RaftServerConfigKeys (ConfUtils.java:logGet(44)) - raft.server.rpc.timeout.max = 5200ms (custom)
2020-07-22 12:33:42,199 [pool-377-thread-1] INFO  server.RaftServerConfigKeys (ConfUtils.java:logGet(44)) - raft.server.rpcslowness.timeout = 300000ms (custom)
2020-07-22 12:33:42,199 [pool-377-thread-1] INFO  server.RaftServerConfigKeys (ConfUtils.java:logGet(44)) - raft.server.sleep.deviation.threshold = 300 (default)
2020-07-22 12:33:42,199 [pool-377-thread-1] INFO  server.RaftServerConfigKeys (ConfUtils.java:logGet(44)) - raft.server.log.appender.install.snapshot.enabled = false (custom)
2020-07-22 12:33:42,199 [pool-377-thread-1] INFO  impl.RaftServerImpl (ServerState.java:<init>(103)) - 1cc64804-5db2-44d9-9a87-fdc1313ba49d@group-A0E25ADDD1BF: ConfigurationManager, init=-1: [1cc64804-5db2-44d9-9a87-fdc1313ba49d:172.17.0.2:40525, 13de87ee-83ad-45df-97c4-bee39bf390b1:172.17.0.2:42819, d5a0b463-2013-4be7-b2a9-4f4f38929cc0:172.17.0.2:40645], old=null, confs=<EMPTY_MAP>
2020-07-22 12:33:42,199 [pool-377-thread-1] INFO  server.RaftServerConfigKeys (ConfUtils.java:logGet(44)) - raft.server.storage.dir = [/github/workspace/mnt/ozone/hadoop-ozone/integration-test/target/test-dir/MiniOzoneClusterImpl-27133a7a-4276-4edb-aad9-b93835fdb948/datanode-2/data/ratis] (custom)
2020-07-22 12:33:42,199 [pool-377-thread-1] INFO  server.RaftServerConfigKeys (ConfUtils.java:logGet(44)) - raft.server.log.corruption.policy = EXCEPTION (default)
2020-07-22 12:33:42,199 [pool-377-thread-1] INFO  storage.RaftStorageDirectory (RaftStorageDirectory.java:analyzeStorage(261)) - The storage directory /github/workspace/mnt/ozone/hadoop-ozone/integration-test/target/test-dir/MiniOzoneClusterImpl-27133a7a-4276-4edb-aad9-b93835fdb948/datanode-2/data/ratis/6439c0fb-e42f-43cb-9890-a0e25addd1bf does not exist. Creating ...
2020-07-22 12:33:42,201 [pool-377-thread-1] INFO  storage.RaftStorageDirectory (RaftStorageDirectory.java:tryLock(343)) - Lock on /github/workspace/mnt/ozone/hadoop-ozone/integration-test/target/test-dir/MiniOzoneClusterImpl-27133a7a-4276-4edb-aad9-b93835fdb948/datanode-2/data/ratis/6439c0fb-e42f-43cb-9890-a0e25addd1bf/in_use.lock acquired by nodename 10747@c8d1cb744cae
2020-07-22 12:33:42,202 [pool-377-thread-1] INFO  storage.RaftStorage (RaftStorage.java:format(84)) - Storage directory /github/workspace/mnt/ozone/hadoop-ozone/integration-test/target/test-dir/MiniOzoneClusterImpl-27133a7a-4276-4edb-aad9-b93835fdb948/datanode-2/data/ratis/6439c0fb-e42f-43cb-9890-a0e25addd1bf has been successfully formatted.
2020-07-22 12:33:42,202 [Datanode State Machine Thread - 0] INFO  statemachine.DatanodeStateMachine (DatanodeStateMachine.java:lambda$startDaemon$0(380)) - Ozone container server started.
2020-07-22 12:33:42,203 [pool-377-thread-1] INFO  ratis.ContainerStateMachine (ContainerStateMachine.java:loadSnapshot(225)) - group-A0E25ADDD1BF: The snapshot info is null. Setting the last applied indexto:(t:0, i:~)
2020-07-22 12:33:42,203 [pool-377-thread-1] INFO  server.RaftServerConfigKeys (ConfUtils.java:logGet(44)) - raft.server.notification.no-leader.timeout = 300000ms (custom)
2020-07-22 12:33:42,203 [pool-377-thread-1] INFO  server.RaftServerConfigKeys (ConfUtils.java:logGet(44)) - raft.server.log.use.memory = false (default)
2020-07-22 12:33:42,203 [pool-377-thread-1] INFO  server.RaftServerConfigKeys (ConfUtils.java:logGet(44)) - raft.server.log.purge.gap = 1000000 (custom)
2020-07-22 12:33:42,203 [pool-377-thread-1] INFO  metrics.RatisMetrics (RatisMetrics.java:lambda$create$0(36)) - Creating Metrics Registry : ratis.log_worker.1cc64804-5db2-44d9-9a87-fdc1313ba49d@group-A0E25ADDD1BF
2020-07-22 12:33:42,203 [pool-377-thread-1] INFO  server.RaftServerConfigKeys (ConfUtils.java:logGet(44)) - raft.server.log.appender.buffer.byte-limit = 33554432 (custom)
2020-07-22 12:33:42,203 [pool-377-thread-1] INFO  server.RaftServerConfigKeys (ConfUtils.java:logGet(44)) - raft.server.log.segment.size.max = 1048576 (custom)
2020-07-22 12:33:42,204 [pool-377-thread-1] INFO  server.RaftServerConfigKeys (ConfUtils.java:logGet(44)) - raft.server.log.segment.cache.num.max = 2 (custom)
2020-07-22 12:33:42,204 [pool-377-thread-1] INFO  segmented.SegmentedRaftLogWorker (SegmentedRaftLogWorker.java:<init>(180)) - new 1cc64804-5db2-44d9-9a87-fdc1313ba49d@group-A0E25ADDD1BF-SegmentedRaftLogWorker for RaftStorage:Storage Directory /github/workspace/mnt/ozone/hadoop-ozone/integration-test/target/test-dir/MiniOzoneClusterImpl-27133a7a-4276-4edb-aad9-b93835fdb948/datanode-2/data/ratis/6439c0fb-e42f-43cb-9890-a0e25addd1bf
2020-07-22 12:33:42,204 [pool-377-thread-1] INFO  server.RaftServerConfigKeys (ConfUtils.java:logGet(44)) - raft.server.log.queue.byte-limit = 2147483647 (custom)
2020-07-22 12:33:42,204 [pool-377-thread-1] INFO  server.RaftServerConfigKeys (ConfUtils.java:logGet(44)) - raft.server.log.queue.element-limit = 1024 (custom)
2020-07-22 12:33:42,204 [pool-377-thread-1] INFO  server.RaftServerConfigKeys (ConfUtils.java:logGet(44)) - raft.server.log.segment.size.max = 1048576 (custom)
2020-07-22 12:33:42,204 [pool-377-thread-1] INFO  server.RaftServerConfigKeys (ConfUtils.java:logGet(44)) - raft.server.log.preallocated.size = 16384 (custom)
2020-07-22 12:33:42,205 [pool-377-thread-1] INFO  server.RaftServerConfigKeys (ConfUtils.java:logGet(44)) - raft.server.log.write.buffer.size = 1048576 (custom)
2020-07-22 12:33:42,205 [pool-377-thread-1] INFO  server.RaftServerConfigKeys (ConfUtils.java:logGet(44)) - raft.server.log.force.sync.num = 128 (default)
2020-07-22 12:33:42,205 [pool-377-thread-1] INFO  server.RaftServerConfigKeys (ConfUtils.java:logGet(44)) - raft.server.log.statemachine.data.sync = true (default)
2020-07-22 12:33:42,205 [pool-377-thread-1] INFO  server.RaftServerConfigKeys (ConfUtils.java:logGet(44)) - raft.server.log.statemachine.data.sync.timeout = 10s (default)
2020-07-22 12:33:42,205 [pool-377-thread-1] INFO  server.RaftServerConfigKeys (ConfUtils.java:logGet(44)) - raft.server.log.statemachine.data.sync.timeout.retry = -1 (default)
2020-07-22 12:33:42,207 [pool-377-thread-1] INFO  server.RaftServerConfigKeys (ConfUtils.java:logGet(44)) - raft.server.log.statemachine.data.caching.enabled = true (custom)
2020-07-22 12:33:42,208 [pool-377-thread-1] INFO  segmented.SegmentedRaftLogWorker (SegmentedRaftLogWorker.java:lambda$new$0(129)) - 1cc64804-5db2-44d9-9a87-fdc1313ba49d@group-A0E25ADDD1BF-SegmentedRaftLogWorker: flushIndex: setUnconditionally 0 -> -1
2020-07-22 12:33:42,208 [pool-377-thread-1] INFO  segmented.SegmentedRaftLogWorker (SegmentedRaftLogWorker.java:lambda$new$0(129)) - 1cc64804-5db2-44d9-9a87-fdc1313ba49d@group-A0E25ADDD1BF-SegmentedRaftLogWorker: safeCacheEvictIndex: setUnconditionally 0 -> -1
2020-07-22 12:33:42,209 [pool-377-thread-1] INFO  server.RaftServerConfigKeys (ConfUtils.java:logGet(44)) - raft.server.snapshot.auto.trigger.enabled = true (custom)
2020-07-22 12:33:42,209 [pool-377-thread-1] INFO  server.RaftServerConfigKeys (ConfUtils.java:logGet(44)) - raft.server.snapshot.auto.trigger.threshold = 10000 (custom)
2020-07-22 12:33:42,209 [pool-377-thread-1] INFO  server.RaftServerConfigKeys (ConfUtils.java:logGet(44)) - raft.server.snapshot.retention.file.num = 5 (custom)
2020-07-22 12:33:42,209 [pool-377-thread-1] INFO  server.RaftServerConfigKeys (ConfUtils.java:logGet(44)) - raft.server.log.purge.upto.snapshot.index = false (default)
2020-07-22 12:33:42,210 [pool-377-thread-1] INFO  server.RaftServerConfigKeys (ConfUtils.java:logGet(44)) - raft.server.retrycache.expirytime = 600000ms (custom)
2020-07-22 12:33:42,210 [pool-377-thread-1] INFO  metrics.RatisMetrics (RatisMetrics.java:lambda$create$0(36)) - Creating Metrics Registry : ratis.leader_election.1cc64804-5db2-44d9-9a87-fdc1313ba49d@group-A0E25ADDD1BF
2020-07-22 12:33:42,210 [pool-377-thread-1] INFO  metrics.RatisMetrics (RatisMetrics.java:lambda$create$0(36)) - Creating Metrics Registry : ratis.server.1cc64804-5db2-44d9-9a87-fdc1313ba49d@group-A0E25ADDD1BF
2020-07-22 12:33:42,211 [pool-377-thread-1] INFO  impl.RaftServerImpl (RaftServerImpl.java:start(196)) - 1cc64804-5db2-44d9-9a87-fdc1313ba49d@group-A0E25ADDD1BF: start as a follower, conf=-1: [1cc64804-5db2-44d9-9a87-fdc1313ba49d:172.17.0.2:40525, 13de87ee-83ad-45df-97c4-bee39bf390b1:172.17.0.2:42819, d5a0b463-2013-4be7-b2a9-4f4f38929cc0:172.17.0.2:40645], old=null
2020-07-22 12:33:42,211 [pool-377-thread-1] INFO  impl.RaftServerImpl (RaftServerImpl.java:setRole(185)) - 1cc64804-5db2-44d9-9a87-fdc1313ba49d@group-A0E25ADDD1BF: changes role from      null to FOLLOWER at term 0 for startAsFollower
2020-07-22 12:33:42,211 [pool-377-thread-1] INFO  impl.RoleInfo (RoleInfo.java:updateAndGet(143)) - 1cc64804-5db2-44d9-9a87-fdc1313ba49d: start FollowerState
2020-07-22 12:33:42,212 [pool-377-thread-1] INFO  util.JmxRegister (JmxRegister.java:tryRegister(44)) - Successfully registered JMX Bean with object name Ratis:service=RaftServer,group=group-A0E25ADDD1BF,id=1cc64804-5db2-44d9-9a87-fdc1313ba49d
2020-07-22 12:33:42,212 [pool-377-thread-1] INFO  metrics.RatisMetrics (RatisMetrics.java:lambda$create$0(36)) - Creating Metrics Registry : ratis.state_machine.1cc64804-5db2-44d9-9a87-fdc1313ba49d@group-A0E25ADDD1BF
2020-07-22 12:33:42,215 [Command processor thread] INFO  commandhandler.CreatePipelineCommandHandler (CreatePipelineCommandHandler.java:handle(109)) - Created Pipeline RATIS THREE #id: "6439c0fb-e42f-43cb-9890-a0e25addd1bf"
uuid128 {
  mostSigBits: 7222015665562928075
  leastSigBits: -7453280489250631233
}
.
2020-07-22 12:33:42,565 [Datanode State Machine Thread - 0] INFO  statemachine.DatanodeStateMachine (DatanodeStateMachine.java:lambda$startDaemon$0(380)) - Ozone container server started.
2020-07-22 12:33:43,094 [Command processor thread] WARN  impl.RaftServerProxy (RaftServerProxy.java:remove(95)) - d5a0b463-2013-4be7-b2a9-4f4f38929cc0: does not contain group: group-8E549E931988
2020-07-22 12:33:43,094 [Command processor thread] ERROR commandhandler.ClosePipelineCommandHandler (ClosePipelineCommandHandler.java:handle(81)) - Can't close pipeline #id: "46d9def9-d2a0-46be-8503-8e549e931988"
uuid128 {
  mostSigBits: 5105356817163110078
  leastSigBits: -8862083147646166648
}

java.io.IOException: d5a0b463-2013-4be7-b2a9-4f4f38929cc0: Group group-8E549E931988 not found.
	at org.apache.hadoop.ozone.container.common.transport.server.ratis.XceiverServerRatis.removeGroup(XceiverServerRatis.java:740)
	at org.apache.hadoop.ozone.container.common.statemachine.commandhandler.ClosePipelineCommandHandler.handle(ClosePipelineCommandHandler.java:77)
	at org.apache.hadoop.ozone.container.common.statemachine.commandhandler.CommandDispatcher.handle(CommandDispatcher.java:99)
	at org.apache.hadoop.ozone.container.common.statemachine.DatanodeStateMachine.lambda$initCommandHandlerThread$1(DatanodeStateMachine.java:465)
	at java.lang.Thread.run(Thread.java:748)
Caused by: org.apache.ratis.protocol.GroupMismatchException: d5a0b463-2013-4be7-b2a9-4f4f38929cc0: Group group-8E549E931988 not found.
	at org.apache.ratis.server.impl.RaftServerProxy.groupRemoveAsync(RaftServerProxy.java:414)
	at org.apache.ratis.server.impl.RaftServerProxy.groupManagementAsync(RaftServerProxy.java:372)
	at org.apache.ratis.server.impl.RaftServerProxy.groupManagement(RaftServerProxy.java:355)
	at org.apache.hadoop.ozone.container.common.transport.server.ratis.XceiverServerRatis.removeGroup(XceiverServerRatis.java:738)
	... 4 more
2020-07-22 12:33:44,019 [EventQueue-Delayed safe mode statusForReplicationManager] INFO  container.ReplicationManager (ReplicationManager.java:start(177)) - Starting Replication Monitor Thread.
2020-07-22 12:33:44,023 [ReplicationMonitor] INFO  container.ReplicationManager (ReplicationManager.java:forceCloseContainer(494)) - Force closing container #1 with BCSID 0, which is in QUASI_CLOSED state.
2020-07-22 12:33:44,024 [ReplicationMonitor] INFO  container.ReplicationManager (ReplicationManager.java:sendCloseCommand(783)) - Sending close container command for container #1 to datanode 13de87ee-83ad-45df-97c4-bee39bf390b1{ip: 172.17.0.2, host: c8d1cb744cae, networkLocation: /default-rack, certSerialId: null}.
2020-07-22 12:33:44,025 [ReplicationMonitor] INFO  container.ReplicationManager (ReplicationManager.java:sendCloseCommand(783)) - Sending close container command for container #1 to datanode d5a0b463-2013-4be7-b2a9-4f4f38929cc0{ip: 172.17.0.2, host: c8d1cb744cae, networkLocation: /default-rack, certSerialId: null}.
2020-07-22 12:33:44,025 [ReplicationMonitor] INFO  container.ReplicationManager (ReplicationManager.java:run(241)) - Replication Monitor Thread took 4 milliseconds for processing 1 containers.
2020-07-22 12:33:46,144 [Command processor thread] INFO  interfaces.Container (KeyValueContainer.java:flushAndSyncDB(382)) - Container 1 is synced with bcsId 0.
2020-07-22 12:33:46,145 [Command processor thread] INFO  interfaces.Container (KeyValueContainer.java:flushAndSyncDB(382)) - Container 1 is synced with bcsId 0.
2020-07-22 12:33:46,147 [Command processor thread] INFO  interfaces.Container (KeyValueContainer.java:close(320)) - Container 1 is closed with bcsId 0.
2020-07-22 12:33:46,148 [EventQueue-IncrementalContainerReportForIncrementalContainerReportHandler] INFO  container.IncrementalContainerReportHandler (AbstractContainerReportHandler.java:updateContainerState(197)) - Moving container #1 to CLOSED state, datanode 13de87ee-83ad-45df-97c4-bee39bf390b1{ip: 172.17.0.2, host: c8d1cb744cae, networkLocation: /default-rack, certSerialId: null} reported CLOSED replica.
2020-07-22 12:33:46,159 [Command processor thread] INFO  interfaces.Container (KeyValueContainer.java:flushAndSyncDB(382)) - Container 1 is synced with bcsId 0.
2020-07-22 12:33:46,160 [Command processor thread] INFO  interfaces.Container (KeyValueContainer.java:flushAndSyncDB(382)) - Container 1 is synced with bcsId 0.
2020-07-22 12:33:46,162 [Command processor thread] INFO  interfaces.Container (KeyValueContainer.java:close(320)) - Container 1 is closed with bcsId 0.
2020-07-22 12:33:47,153 [ForkJoinPool.commonPool-worker-1] INFO  ozoneimpl.OzoneContainer (OzoneContainer.java:stop(250)) - Attempting to stop container services.
2020-07-22 12:33:47,153 [Listener at 127.0.0.1/42799] INFO  ozoneimpl.OzoneContainer (OzoneContainer.java:stop(250)) - Attempting to stop container services.
2020-07-22 12:33:47,154 [ForkJoinPool.commonPool-worker-1] INFO  impl.RaftServerProxy (RaftServerProxy.java:lambda$close$4(319)) - 1cc64804-5db2-44d9-9a87-fdc1313ba49d: close
2020-07-22 12:33:47,154 [ForkJoinPool.commonPool-worker-1] INFO  impl.RaftServerImpl (RaftServerImpl.java:lambda$shutdown$3(263)) - 1cc64804-5db2-44d9-9a87-fdc1313ba49d@group-8E549E931988: shutdown
2020-07-22 12:33:47,154 [Listener at 127.0.0.1/42799] INFO  impl.RaftServerProxy (RaftServerProxy.java:lambda$close$4(319)) - cbf3b94c-a31f-438c-8480-20d914ac9d1c: close
2020-07-22 12:33:47,154 [ForkJoinPool.commonPool-worker-1] INFO  util.JmxRegister (JmxRegister.java:unregister(73)) - Successfully un-registered JMX Bean with object name Ratis:service=RaftServer,group=group-8E549E931988,id=1cc64804-5db2-44d9-9a87-fdc1313ba49d
2020-07-22 12:33:47,154 [ForkJoinPool.commonPool-worker-1] INFO  impl.RoleInfo (RoleInfo.java:shutdownFollowerState(121)) - 1cc64804-5db2-44d9-9a87-fdc1313ba49d: shutdown FollowerState
2020-07-22 12:33:47,154 [ForkJoinPool.commonPool-worker-1] INFO  impl.StateMachineUpdater (StateMachineUpdater.java:stopAndJoin(142)) - 1cc64804-5db2-44d9-9a87-fdc1313ba49d@group-8E549E931988-StateMachineUpdater: set stopIndex = 1
2020-07-22 12:33:47,154 [Listener at 127.0.0.1/42799] INFO  impl.RaftServerImpl (RaftServerImpl.java:lambda$shutdown$3(263)) - cbf3b94c-a31f-438c-8480-20d914ac9d1c@group-992D786A5571: shutdown
2020-07-22 12:33:47,155 [Listener at 127.0.0.1/42799] INFO  util.JmxRegister (JmxRegister.java:unregister(73)) - Successfully un-registered JMX Bean with object name Ratis:service=RaftServer,group=group-992D786A5571,id=cbf3b94c-a31f-438c-8480-20d914ac9d1c
2020-07-22 12:33:47,154 [Thread-1310] INFO  impl.FollowerState (FollowerState.java:run(117)) - 1cc64804-5db2-44d9-9a87-fdc1313ba49d@group-8E549E931988-FollowerState was interrupted: java.lang.InterruptedException: sleep interrupted
2020-07-22 12:33:47,155 [Listener at 127.0.0.1/42799] INFO  impl.RoleInfo (RoleInfo.java:shutdownFollowerState(121)) - cbf3b94c-a31f-438c-8480-20d914ac9d1c: shutdown FollowerState
2020-07-22 12:33:47,155 [1cc64804-5db2-44d9-9a87-fdc1313ba49d@group-8E549E931988-StateMachineUpdater] INFO  ratis.ContainerStateMachine (ContainerStateMachine.java:takeSnapshot(293)) - group-8E549E931988: Taking a snapshot at:(t:1, i:1) file /github/workspace/mnt/ozone/hadoop-ozone/integration-test/target/test-dir/MiniOzoneClusterImpl-27133a7a-4276-4edb-aad9-b93835fdb948/datanode-2/data/ratis/46d9def9-d2a0-46be-8503-8e549e931988/sm/snapshot.1_1
2020-07-22 12:33:47,155 [cbf3b94c-a31f-438c-8480-20d914ac9d1c@group-992D786A5571-StateMachineUpdater] INFO  ratis.ContainerStateMachine (ContainerStateMachine.java:takeSnapshot(293)) - group-992D786A5571: Taking a snapshot at:(t:1, i:0) file /github/workspace/mnt/ozone/hadoop-ozone/integration-test/target/test-dir/MiniOzoneClusterImpl-27133a7a-4276-4edb-aad9-b93835fdb948/datanode-4/data/ratis/1d7d8fe0-aec6-4d19-bd70-992d786a5571/sm/snapshot.1_0
2020-07-22 12:33:47,155 [Thread-1332] INFO  impl.FollowerState (FollowerState.java:run(117)) - cbf3b94c-a31f-438c-8480-20d914ac9d1c@group-992D786A5571-FollowerState was interrupted: java.lang.InterruptedException: sleep interrupted
2020-07-22 12:33:47,155 [Listener at 127.0.0.1/42799] INFO  impl.StateMachineUpdater (StateMachineUpdater.java:stopAndJoin(142)) - cbf3b94c-a31f-438c-8480-20d914ac9d1c@group-992D786A5571-StateMachineUpdater: set stopIndex = 0
2020-07-22 12:33:47,156 [cbf3b94c-a31f-438c-8480-20d914ac9d1c@group-992D786A5571-StateMachineUpdater] INFO  ratis.ContainerStateMachine (ContainerStateMachine.java:takeSnapshot(304)) - group-992D786A5571: Finished taking a snapshot at:(t:1, i:0) file:/github/workspace/mnt/ozone/hadoop-ozone/integration-test/target/test-dir/MiniOzoneClusterImpl-27133a7a-4276-4edb-aad9-b93835fdb948/datanode-4/data/ratis/1d7d8fe0-aec6-4d19-bd70-992d786a5571/sm/snapshot.1_0 time:1
2020-07-22 12:33:47,156 [1cc64804-5db2-44d9-9a87-fdc1313ba49d@group-8E549E931988-StateMachineUpdater] INFO  ratis.ContainerStateMachine (ContainerStateMachine.java:takeSnapshot(304)) - group-8E549E931988: Finished taking a snapshot at:(t:1, i:1) file:/github/workspace/mnt/ozone/hadoop-ozone/integration-test/target/test-dir/MiniOzoneClusterImpl-27133a7a-4276-4edb-aad9-b93835fdb948/datanode-2/data/ratis/46d9def9-d2a0-46be-8503-8e549e931988/sm/snapshot.1_1 time:2
2020-07-22 12:33:47,157 [cbf3b94c-a31f-438c-8480-20d914ac9d1c@group-992D786A5571-StateMachineUpdater] INFO  impl.StateMachineUpdater (StateMachineUpdater.java:takeSnapshot(277)) - cbf3b94c-a31f-438c-8480-20d914ac9d1c@group-992D786A5571-StateMachineUpdater: Took a snapshot at index 0
2020-07-22 12:33:47,157 [1cc64804-5db2-44d9-9a87-fdc1313ba49d@group-8E549E931988-StateMachineUpdater] INFO  impl.StateMachineUpdater (StateMachineUpdater.java:takeSnapshot(277)) - 1cc64804-5db2-44d9-9a87-fdc1313ba49d@group-8E549E931988-StateMachineUpdater: Took a snapshot at index 1
2020-07-22 12:33:47,157 [1cc64804-5db2-44d9-9a87-fdc1313ba49d@group-8E549E931988-StateMachineUpdater] INFO  impl.StateMachineUpdater (StateMachineUpdater.java:lambda$new$0(87)) - 1cc64804-5db2-44d9-9a87-fdc1313ba49d@group-8E549E931988-StateMachineUpdater: snapshotIndex: updateIncreasingly -1 -> 1
2020-07-22 12:33:47,157 [cbf3b94c-a31f-438c-8480-20d914ac9d1c@group-992D786A5571-StateMachineUpdater] INFO  impl.StateMachineUpdater (StateMachineUpdater.java:lambda$new$0(87)) - cbf3b94c-a31f-438c-8480-20d914ac9d1c@group-992D786A5571-StateMachineUpdater: snapshotIndex: updateIncreasingly -1 -> 0
2020-07-22 12:33:47,157 [1cc64804-5db2-44d9-9a87-fdc1313ba49d@group-8E549E931988-StateMachineUpdater] INFO  metrics.RatisMetrics (RatisMetrics.java:unregister(43)) - Unregistering Metrics Registry : ratis.state_machine.1cc64804-5db2-44d9-9a87-fdc1313ba49d@group-8E549E931988
2020-07-22 12:33:47,157 [cbf3b94c-a31f-438c-8480-20d914ac9d1c@group-992D786A5571-StateMachineUpdater] INFO  metrics.RatisMetrics (RatisMetrics.java:unregister(43)) - Unregistering Metrics Registry : ratis.state_machine.cbf3b94c-a31f-438c-8480-20d914ac9d1c@group-992D786A5571
2020-07-22 12:33:47,157 [Listener at 127.0.0.1/42799] INFO  impl.RaftServerImpl (ServerState.java:close(387)) - cbf3b94c-a31f-438c-8480-20d914ac9d1c@group-992D786A5571: closes. applyIndex: 0
2020-07-22 12:33:47,157 [ForkJoinPool.commonPool-worker-1] INFO  impl.RaftServerImpl (ServerState.java:close(387)) - 1cc64804-5db2-44d9-9a87-fdc1313ba49d@group-8E549E931988: closes. applyIndex: 1
2020-07-22 12:33:47,158 [cbf3b94c-a31f-438c-8480-20d914ac9d1c@group-992D786A5571-SegmentedRaftLogWorker] INFO  segmented.SegmentedRaftLogWorker (SegmentedRaftLogWorker.java:run(327)) - cbf3b94c-a31f-438c-8480-20d914ac9d1c@group-992D786A5571-SegmentedRaftLogWorker was interrupted, exiting. There are 0 tasks remaining in the queue.
2020-07-22 12:33:47,158 [1cc64804-5db2-44d9-9a87-fdc1313ba49d@group-8E549E931988-SegmentedRaftLogWorker] INFO  segmented.SegmentedRaftLogWorker (SegmentedRaftLogWorker.java:run(327)) - 1cc64804-5db2-44d9-9a87-fdc1313ba49d@group-8E549E931988-SegmentedRaftLogWorker was interrupted, exiting. There are 0 tasks remaining in the queue.
2020-07-22 12:33:47,159 [ForkJoinPool.commonPool-worker-1] INFO  segmented.SegmentedRaftLogWorker (SegmentedRaftLogWorker.java:close(234)) - 1cc64804-5db2-44d9-9a87-fdc1313ba49d@group-8E549E931988-SegmentedRaftLogWorker close()
2020-07-22 12:33:47,159 [Listener at 127.0.0.1/42799] INFO  segmented.SegmentedRaftLogWorker (SegmentedRaftLogWorker.java:close(234)) - cbf3b94c-a31f-438c-8480-20d914ac9d1c@group-992D786A5571-SegmentedRaftLogWorker close()
2020-07-22 12:33:47,160 [ForkJoinPool.commonPool-worker-1] INFO  metrics.RatisMetrics (RatisMetrics.java:unregister(43)) - Unregistering Metrics Registry : ratis.log_worker.1cc64804-5db2-44d9-9a87-fdc1313ba49d@group-8E549E931988
2020-07-22 12:33:47,161 [ForkJoinPool.commonPool-worker-1] INFO  metrics.RatisMetrics (RatisMetrics.java:unregister(43)) - Unregistering Metrics Registry : ratis.leader_election.1cc64804-5db2-44d9-9a87-fdc1313ba49d@group-8E549E931988
2020-07-22 12:33:47,161 [ForkJoinPool.commonPool-worker-1] INFO  metrics.RatisMetrics (RatisMetrics.java:unregister(43)) - Unregistering Metrics Registry : ratis.server.1cc64804-5db2-44d9-9a87-fdc1313ba49d@group-8E549E931988
2020-07-22 12:33:47,161 [ForkJoinPool.commonPool-worker-1] INFO  impl.RaftServerImpl (RaftServerImpl.java:lambda$shutdown$3(263)) - 1cc64804-5db2-44d9-9a87-fdc1313ba49d@group-A0E25ADDD1BF: shutdown
2020-07-22 12:33:47,161 [ForkJoinPool.commonPool-worker-1] INFO  util.JmxRegister (JmxRegister.java:unregister(73)) - Successfully un-registered JMX Bean with object name Ratis:service=RaftServer,group=group-A0E25ADDD1BF,id=1cc64804-5db2-44d9-9a87-fdc1313ba49d
2020-07-22 12:33:47,161 [ForkJoinPool.commonPool-worker-1] INFO  impl.RoleInfo (RoleInfo.java:shutdownFollowerState(121)) - 1cc64804-5db2-44d9-9a87-fdc1313ba49d: shutdown FollowerState
2020-07-22 12:33:47,161 [Thread-1382] INFO  impl.FollowerState (FollowerState.java:run(117)) - 1cc64804-5db2-44d9-9a87-fdc1313ba49d@group-A0E25ADDD1BF-FollowerState was interrupted: java.lang.InterruptedException: sleep interrupted
2020-07-22 12:33:47,162 [ForkJoinPool.commonPool-worker-1] INFO  impl.StateMachineUpdater (StateMachineUpdater.java:stopAndJoin(142)) - 1cc64804-5db2-44d9-9a87-fdc1313ba49d@group-A0E25ADDD1BF-StateMachineUpdater: set stopIndex = -1
2020-07-22 12:33:47,163 [Listener at 127.0.0.1/42799] INFO  metrics.RatisMetrics (RatisMetrics.java:unregister(43)) - Unregistering Metrics Registry : ratis.log_worker.cbf3b94c-a31f-438c-8480-20d914ac9d1c@group-992D786A5571
2020-07-22 12:33:47,164 [Listener at 127.0.0.1/42799] INFO  metrics.RatisMetrics (RatisMetrics.java:unregister(43)) - Unregistering Metrics Registry : ratis.leader_election.cbf3b94c-a31f-438c-8480-20d914ac9d1c@group-992D786A5571
2020-07-22 12:33:47,164 [Listener at 127.0.0.1/42799] INFO  metrics.RatisMetrics (RatisMetrics.java:unregister(43)) - Unregistering Metrics Registry : ratis.server.cbf3b94c-a31f-438c-8480-20d914ac9d1c@group-992D786A5571
2020-07-22 12:33:47,164 [Listener at 127.0.0.1/42799] INFO  impl.RaftServerImpl (RaftServerImpl.java:lambda$shutdown$3(263)) - cbf3b94c-a31f-438c-8480-20d914ac9d1c@group-962450AE1251: shutdown
2020-07-22 12:33:47,165 [Listener at 127.0.0.1/42799] INFO  util.JmxRegister (JmxRegister.java:unregister(73)) - Successfully un-registered JMX Bean with object name Ratis:service=RaftServer,group=group-962450AE1251,id=cbf3b94c-a31f-438c-8480-20d914ac9d1c
2020-07-22 12:33:47,165 [Listener at 127.0.0.1/42799] INFO  impl.RoleInfo (RoleInfo.java:shutdownLeaderState(104)) - cbf3b94c-a31f-438c-8480-20d914ac9d1c: shutdown LeaderState
2020-07-22 12:33:47,165 [Listener at 127.0.0.1/42799] INFO  impl.PendingRequests (PendingRequests.java:sendNotLeaderResponses(249)) - cbf3b94c-a31f-438c-8480-20d914ac9d1c@group-962450AE1251-PendingRequests: sendNotLeaderResponses
2020-07-22 12:33:47,165 [Listener at 127.0.0.1/42799] INFO  metrics.RatisMetrics (RatisMetrics.java:unregister(43)) - Unregistering Metrics Registry : ratis.log_appender.cbf3b94c-a31f-438c-8480-20d914ac9d1c@group-962450AE1251
2020-07-22 12:33:47,165 [Listener at 127.0.0.1/42799] INFO  metrics.RatisMetrics (RatisMetrics.java:unregister(43)) - Unregistering Metrics Registry : ratis.server.cbf3b94c-a31f-438c-8480-20d914ac9d1c@group-962450AE1251
2020-07-22 12:33:47,166 [Listener at 127.0.0.1/42799] INFO  impl.StateMachineUpdater (StateMachineUpdater.java:stopAndJoin(142)) - cbf3b94c-a31f-438c-8480-20d914ac9d1c@group-962450AE1251-StateMachineUpdater: set stopIndex = 0
2020-07-22 12:33:47,166 [cbf3b94c-a31f-438c-8480-20d914ac9d1c@group-962450AE1251-StateMachineUpdater] INFO  ratis.ContainerStateMachine (ContainerStateMachine.java:takeSnapshot(293)) - group-962450AE1251: Taking a snapshot at:(t:1, i:0) file /github/workspace/mnt/ozone/hadoop-ozone/integration-test/target/test-dir/MiniOzoneClusterImpl-27133a7a-4276-4edb-aad9-b93835fdb948/datanode-4/data/ratis/ae4b61c7-78f9-4f72-b628-962450ae1251/sm/snapshot.1_0
2020-07-22 12:33:47,163 [1cc64804-5db2-44d9-9a87-fdc1313ba49d@group-A0E25ADDD1BF-StateMachineUpdater] INFO  metrics.RatisMetrics (RatisMetrics.java:unregister(43)) - Unregistering Metrics Registry : ratis.state_machine.1cc64804-5db2-44d9-9a87-fdc1313ba49d@group-A0E25ADDD1BF
2020-07-22 12:33:47,167 [ForkJoinPool.commonPool-worker-1] INFO  impl.RaftServerImpl (ServerState.java:close(387)) - 1cc64804-5db2-44d9-9a87-fdc1313ba49d@group-A0E25ADDD1BF: closes. applyIndex: -1
2020-07-22 12:33:47,168 [1cc64804-5db2-44d9-9a87-fdc1313ba49d@group-A0E25ADDD1BF-SegmentedRaftLogWorker] INFO  segmented.SegmentedRaftLogWorker (SegmentedRaftLogWorker.java:run(327)) - 1cc64804-5db2-44d9-9a87-fdc1313ba49d@group-A0E25ADDD1BF-SegmentedRaftLogWorker was interrupted, exiting. There are 0 tasks remaining in the queue.
2020-07-22 12:33:47,168 [cbf3b94c-a31f-438c-8480-20d914ac9d1c@group-962450AE1251-StateMachineUpdater] INFO  ratis.ContainerStateMachine (ContainerStateMachine.java:takeSnapshot(304)) - group-962450AE1251: Finished taking a snapshot at:(t:1, i:0) file:/github/workspace/mnt/ozone/hadoop-ozone/integration-test/target/test-dir/MiniOzoneClusterImpl-27133a7a-4276-4edb-aad9-b93835fdb948/datanode-4/data/ratis/ae4b61c7-78f9-4f72-b628-962450ae1251/sm/snapshot.1_0 time:1
2020-07-22 12:33:47,168 [ForkJoinPool.commonPool-worker-1] INFO  segmented.SegmentedRaftLogWorker (SegmentedRaftLogWorker.java:close(234)) - 1cc64804-5db2-44d9-9a87-fdc1313ba49d@group-A0E25ADDD1BF-SegmentedRaftLogWorker close()
2020-07-22 12:33:47,168 [cbf3b94c-a31f-438c-8480-20d914ac9d1c@group-962450AE1251-StateMachineUpdater] INFO  impl.StateMachineUpdater (StateMachineUpdater.java:takeSnapshot(277)) - cbf3b94c-a31f-438c-8480-20d914ac9d1c@group-962450AE1251-StateMachineUpdater: Took a snapshot at index 0
2020-07-22 12:33:47,169 [cbf3b94c-a31f-438c-8480-20d914ac9d1c@group-962450AE1251-StateMachineUpdater] INFO  impl.StateMachineUpdater (StateMachineUpdater.java:lambda$new$0(87)) - cbf3b94c-a31f-438c-8480-20d914ac9d1c@group-962450AE1251-StateMachineUpdater: snapshotIndex: updateIncreasingly -1 -> 0
2020-07-22 12:33:47,169 [cbf3b94c-a31f-438c-8480-20d914ac9d1c@group-962450AE1251-StateMachineUpdater] INFO  metrics.RatisMetrics (RatisMetrics.java:unregister(43)) - Unregistering Metrics Registry : ratis.state_machine.cbf3b94c-a31f-438c-8480-20d914ac9d1c@group-962450AE1251
2020-07-22 12:33:47,170 [Listener at 127.0.0.1/42799] INFO  impl.RaftServerImpl (ServerState.java:close(387)) - cbf3b94c-a31f-438c-8480-20d914ac9d1c@group-962450AE1251: closes. applyIndex: 0
2020-07-22 12:33:47,169 [ForkJoinPool.commonPool-worker-1] INFO  metrics.RatisMetrics (RatisMetrics.java:unregister(43)) - Unregistering Metrics Registry : ratis.log_worker.1cc64804-5db2-44d9-9a87-fdc1313ba49d@group-A0E25ADDD1BF
2020-07-22 12:33:47,170 [cbf3b94c-a31f-438c-8480-20d914ac9d1c@group-962450AE1251-SegmentedRaftLogWorker] INFO  segmented.SegmentedRaftLogWorker (SegmentedRaftLogWorker.java:run(327)) - cbf3b94c-a31f-438c-8480-20d914ac9d1c@group-962450AE1251-SegmentedRaftLogWorker was interrupted, exiting. There are 0 tasks remaining in the queue.
2020-07-22 12:33:47,171 [Listener at 127.0.0.1/42799] INFO  segmented.SegmentedRaftLogWorker (SegmentedRaftLogWorker.java:close(234)) - cbf3b94c-a31f-438c-8480-20d914ac9d1c@group-962450AE1251-SegmentedRaftLogWorker close()
2020-07-22 12:33:47,171 [ForkJoinPool.commonPool-worker-1] INFO  metrics.RatisMetrics (RatisMetrics.java:unregister(43)) - Unregistering Metrics Registry : ratis.leader_election.1cc64804-5db2-44d9-9a87-fdc1313ba49d@group-A0E25ADDD1BF
2020-07-22 12:33:47,175 [ForkJoinPool.commonPool-worker-1] INFO  metrics.RatisMetrics (RatisMetrics.java:unregister(43)) - Unregistering Metrics Registry : ratis.server.1cc64804-5db2-44d9-9a87-fdc1313ba49d@group-A0E25ADDD1BF
2020-07-22 12:33:47,175 [ForkJoinPool.commonPool-worker-1] INFO  impl.RaftServerImpl (RaftServerImpl.java:lambda$shutdown$3(263)) - 1cc64804-5db2-44d9-9a87-fdc1313ba49d@group-52BF0BE3E4FD: shutdown
2020-07-22 12:33:47,175 [ForkJoinPool.commonPool-worker-1] INFO  util.JmxRegister (JmxRegister.java:unregister(73)) - Successfully un-registered JMX Bean with object name Ratis:service=RaftServer,group=group-52BF0BE3E4FD,id=1cc64804-5db2-44d9-9a87-fdc1313ba49d
2020-07-22 12:33:47,176 [ForkJoinPool.commonPool-worker-1] INFO  impl.RoleInfo (RoleInfo.java:shutdownLeaderState(104)) - 1cc64804-5db2-44d9-9a87-fdc1313ba49d: shutdown LeaderState
2020-07-22 12:33:47,176 [ForkJoinPool.commonPool-worker-1] INFO  impl.PendingRequests (PendingRequests.java:sendNotLeaderResponses(249)) - 1cc64804-5db2-44d9-9a87-fdc1313ba49d@group-52BF0BE3E4FD-PendingRequests: sendNotLeaderResponses
2020-07-22 12:33:47,176 [ForkJoinPool.commonPool-worker-1] INFO  metrics.RatisMetrics (RatisMetrics.java:unregister(43)) - Unregistering Metrics Registry : ratis.log_appender.1cc64804-5db2-44d9-9a87-fdc1313ba49d@group-52BF0BE3E4FD
2020-07-22 12:33:47,176 [ForkJoinPool.commonPool-worker-1] INFO  metrics.RatisMetrics (RatisMetrics.java:unregister(43)) - Unregistering Metrics Registry : ratis.server.1cc64804-5db2-44d9-9a87-fdc1313ba49d@group-52BF0BE3E4FD
2020-07-22 12:33:47,177 [1cc64804-5db2-44d9-9a87-fdc1313ba49d@group-52BF0BE3E4FD-StateMachineUpdater] INFO  ratis.ContainerStateMachine (ContainerStateMachine.java:takeSnapshot(293)) - group-52BF0BE3E4FD: Taking a snapshot at:(t:1, i:0) file /github/workspace/mnt/ozone/hadoop-ozone/integration-test/target/test-dir/MiniOzoneClusterImpl-27133a7a-4276-4edb-aad9-b93835fdb948/datanode-2/data/ratis/b5a02f61-6181-4649-a7f1-52bf0be3e4fd/sm/snapshot.1_0
2020-07-22 12:33:47,177 [ForkJoinPool.commonPool-worker-1] INFO  impl.StateMachineUpdater (StateMachineUpdater.java:stopAndJoin(142)) - 1cc64804-5db2-44d9-9a87-fdc1313ba49d@group-52BF0BE3E4FD-StateMachineUpdater: set stopIndex = 0
2020-07-22 12:33:47,172 [Listener at 127.0.0.1/42799] INFO  metrics.RatisMetrics (RatisMetrics.java:unregister(43)) - Unregistering Metrics Registry : ratis.log_worker.cbf3b94c-a31f-438c-8480-20d914ac9d1c@group-962450AE1251
2020-07-22 12:33:47,178 [1cc64804-5db2-44d9-9a87-fdc1313ba49d@group-52BF0BE3E4FD-StateMachineUpdater] INFO  ratis.ContainerStateMachine (ContainerStateMachine.java:takeSnapshot(304)) - group-52BF0BE3E4FD: Finished taking a snapshot at:(t:1, i:0) file:/github/workspace/mnt/ozone/hadoop-ozone/integration-test/target/test-dir/MiniOzoneClusterImpl-27133a7a-4276-4edb-aad9-b93835fdb948/datanode-2/data/ratis/b5a02f61-6181-4649-a7f1-52bf0be3e4fd/sm/snapshot.1_0 time:1
2020-07-22 12:33:47,178 [Listener at 127.0.0.1/42799] INFO  metrics.RatisMetrics (RatisMetrics.java:unregister(43)) - Unregistering Metrics Registry : ratis.leader_election.cbf3b94c-a31f-438c-8480-20d914ac9d1c@group-962450AE1251
2020-07-22 12:33:47,178 [1cc64804-5db2-44d9-9a87-fdc1313ba49d@group-52BF0BE3E4FD-StateMachineUpdater] INFO  impl.StateMachineUpdater (StateMachineUpdater.java:takeSnapshot(277)) - 1cc64804-5db2-44d9-9a87-fdc1313ba49d@group-52BF0BE3E4FD-StateMachineUpdater: Took a snapshot at index 0
2020-07-22 12:33:47,179 [1cc64804-5db2-44d9-9a87-fdc1313ba49d@group-52BF0BE3E4FD-StateMachineUpdater] INFO  impl.StateMachineUpdater (StateMachineUpdater.java:lambda$new$0(87)) - 1cc64804-5db2-44d9-9a87-fdc1313ba49d@group-52BF0BE3E4FD-StateMachineUpdater: snapshotIndex: updateIncreasingly -1 -> 0
2020-07-22 12:33:47,179 [Listener at 127.0.0.1/42799] INFO  metrics.RatisMetrics (RatisMetrics.java:unregister(43)) - Unregistering Metrics Registry : ratis.server.cbf3b94c-a31f-438c-8480-20d914ac9d1c@group-962450AE1251
2020-07-22 12:33:47,179 [1cc64804-5db2-44d9-9a87-fdc1313ba49d@group-52BF0BE3E4FD-StateMachineUpdater] INFO  metrics.RatisMetrics (RatisMetrics.java:unregister(43)) - Unregistering Metrics Registry : ratis.state_machine.1cc64804-5db2-44d9-9a87-fdc1313ba49d@group-52BF0BE3E4FD
2020-07-22 12:33:47,179 [Listener at 127.0.0.1/42799] INFO  server.GrpcService (GrpcService.java:closeImpl(166)) - cbf3b94c-a31f-438c-8480-20d914ac9d1c: shutdown server with port 36295 now
2020-07-22 12:33:47,179 [ForkJoinPool.commonPool-worker-1] INFO  impl.RaftServerImpl (ServerState.java:close(387)) - 1cc64804-5db2-44d9-9a87-fdc1313ba49d@group-52BF0BE3E4FD: closes. applyIndex: 0
2020-07-22 12:33:47,180 [1cc64804-5db2-44d9-9a87-fdc1313ba49d@group-52BF0BE3E4FD-SegmentedRaftLogWorker] INFO  segmented.SegmentedRaftLogWorker (SegmentedRaftLogWorker.java:run(327)) - 1cc64804-5db2-44d9-9a87-fdc1313ba49d@group-52BF0BE3E4FD-SegmentedRaftLogWorker was interrupted, exiting. There are 0 tasks remaining in the queue.
2020-07-22 12:33:47,185 [ForkJoinPool.commonPool-worker-1] INFO  segmented.SegmentedRaftLogWorker (SegmentedRaftLogWorker.java:close(234)) - 1cc64804-5db2-44d9-9a87-fdc1313ba49d@group-52BF0BE3E4FD-SegmentedRaftLogWorker close()
2020-07-22 12:33:47,187 [grpc-default-executor-1] WARN  server.GrpcLogAppender (LogUtils.java:warn(122)) - 48b67410-02a7-4c3c-a008-f346ec25aee5@group-992D786A5571->cbf3b94c-a31f-438c-8480-20d914ac9d1c-AppendLogResponseHandler: Failed appendEntries: org.apache.ratis.thirdparty.io.grpc.StatusRuntimeException: CANCELLED: HTTP/2 error code: CANCEL
Received Rst Stream
2020-07-22 12:33:47,187 [grpc-default-executor-7] WARN  server.GrpcServerProtocolService (LogUtils.java:warn(122)) - cbf3b94c-a31f-438c-8480-20d914ac9d1c: installSnapshot onError, lastRequest: 48b67410-02a7-4c3c-a008-f346ec25aee5->cbf3b94c-a31f-438c-8480-20d914ac9d1c#1-t1, previous=(t:0, i:0), leaderCommit=0, initializing? false, entries: size=1, first=(t:1, i:0), CONFIGURATIONENTRY: org.apache.ratis.thirdparty.io.grpc.StatusRuntimeException: CANCELLED: cancelled before receiving half close
2020-07-22 12:33:47,188 [ForkJoinPool.commonPool-worker-1] INFO  metrics.RatisMetrics (RatisMetrics.java:unregister(43)) - Unregistering Metrics Registry : ratis.log_worker.1cc64804-5db2-44d9-9a87-fdc1313ba49d@group-52BF0BE3E4FD
2020-07-22 12:33:47,188 [ForkJoinPool.commonPool-worker-1] INFO  metrics.RatisMetrics (RatisMetrics.java:unregister(43)) - Unregistering Metrics Registry : ratis.leader_election.1cc64804-5db2-44d9-9a87-fdc1313ba49d@group-52BF0BE3E4FD
2020-07-22 12:33:47,188 [ForkJoinPool.commonPool-worker-1] INFO  metrics.RatisMetrics (RatisMetrics.java:unregister(43)) - Unregistering Metrics Registry : ratis.server.1cc64804-5db2-44d9-9a87-fdc1313ba49d@group-52BF0BE3E4FD
2020-07-22 12:33:47,189 [ForkJoinPool.commonPool-worker-1] INFO  server.GrpcService (GrpcService.java:closeImpl(166)) - 1cc64804-5db2-44d9-9a87-fdc1313ba49d: shutdown server with port 40525 now
2020-07-22 12:33:47,192 [Listener at 127.0.0.1/42799] INFO  server.GrpcService (GrpcService.java:closeImpl(174)) - cbf3b94c-a31f-438c-8480-20d914ac9d1c: shutdown server with port 36295 successfully
2020-07-22 12:33:47,192 [grpc-default-executor-1] INFO  impl.FollowerInfo (FollowerInfo.java:lambda$new$0(51)) - 48b67410-02a7-4c3c-a008-f346ec25aee5@group-992D786A5571->cbf3b94c-a31f-438c-8480-20d914ac9d1c: nextIndex: updateUnconditionally 1 -> 0
2020-07-22 12:33:47,195 [ForkJoinPool.commonPool-worker-1] INFO  server.GrpcService (GrpcService.java:closeImpl(174)) - 1cc64804-5db2-44d9-9a87-fdc1313ba49d: shutdown server with port 40525 successfully
2020-07-22 12:33:47,199 [Listener at 127.0.0.1/42799] INFO  utils.BackgroundService (BackgroundService.java:shutdown(157)) - Shutting down service BlockDeletingService
2020-07-22 12:33:47,201 [ForkJoinPool.commonPool-worker-1] INFO  utils.BackgroundService (BackgroundService.java:shutdown(157)) - Shutting down service BlockDeletingService
2020-07-22 12:33:47,202 [Listener at 127.0.0.1/42799] INFO  statemachine.DatanodeStateMachine (DatanodeStateMachine.java:stopDaemon(428)) - Ozone container server stopped.
2020-07-22 12:33:47,208 [Listener at 127.0.0.1/42799] INFO  handler.ContextHandler (ContextHandler.java:doStop(1016)) - Stopped o.e.j.w.WebAppContext@980142a{hddsDatanode,/,null,UNAVAILABLE}{jar:file:/home/user/.m2/repository/org/apache/hadoop/hadoop-hdds-container-service/0.6.0-SNAPSHOT/hadoop-hdds-container-service-0.6.0-SNAPSHOT.jar!/webapps/hddsDatanode}
2020-07-22 12:33:47,211 [Listener at 127.0.0.1/42799] INFO  server.AbstractConnector (AbstractConnector.java:doStop(380)) - Stopped ServerConnector@7b7eb8c{HTTP/1.1,[http/1.1]}{0.0.0.0:0}
2020-07-22 12:33:47,212 [Listener at 127.0.0.1/42799] INFO  server.session (HouseKeeper.java:stopScavenging(158)) - node0 Stopped scavenging
2020-07-22 12:33:47,214 [Listener at 127.0.0.1/42799] INFO  handler.ContextHandler (ContextHandler.java:doStop(1016)) - Stopped o.e.j.s.ServletContextHandler@5f58ff4f{static,/static,jar:file:/home/user/.m2/repository/org/apache/hadoop/hadoop-hdds-container-service/0.6.0-SNAPSHOT/hadoop-hdds-container-service-0.6.0-SNAPSHOT.jar!/webapps/static,UNAVAILABLE}
2020-07-22 12:33:47,214 [Listener at 127.0.0.1/42799] INFO  handler.ContextHandler (ContextHandler.java:doStop(1016)) - Stopped o.e.j.s.ServletContextHandler@207ceea4{logs,/logs,file:///github/workspace/mnt/ozone/hadoop-ozone/integration-test/target/log,UNAVAILABLE}
2020-07-22 12:33:47,222 [ForkJoinPool.commonPool-worker-1] INFO  statemachine.DatanodeStateMachine (DatanodeStateMachine.java:stopDaemon(428)) - Ozone container server stopped.
2020-07-22 12:33:47,233 [ForkJoinPool.commonPool-worker-1] INFO  handler.ContextHandler (ContextHandler.java:doStop(1016)) - Stopped o.e.j.w.WebAppContext@15bb7acd{hddsDatanode,/,null,UNAVAILABLE}{jar:file:/home/user/.m2/repository/org/apache/hadoop/hadoop-hdds-container-service/0.6.0-SNAPSHOT/hadoop-hdds-container-service-0.6.0-SNAPSHOT.jar!/webapps/hddsDatanode}
2020-07-22 12:33:47,234 [ForkJoinPool.commonPool-worker-1] INFO  server.AbstractConnector (AbstractConnector.java:doStop(380)) - Stopped ServerConnector@390d87cf{HTTP/1.1,[http/1.1]}{0.0.0.0:0}
2020-07-22 12:33:47,234 [ForkJoinPool.commonPool-worker-1] INFO  server.session (HouseKeeper.java:stopScavenging(158)) - node0 Stopped scavenging
2020-07-22 12:33:47,235 [ForkJoinPool.commonPool-worker-1] INFO  handler.ContextHandler (ContextHandler.java:doStop(1016)) - Stopped o.e.j.s.ServletContextHandler@b027acf{static,/static,jar:file:/home/user/.m2/repository/org/apache/hadoop/hadoop-hdds-container-service/0.6.0-SNAPSHOT/hadoop-hdds-container-service-0.6.0-SNAPSHOT.jar!/webapps/static,UNAVAILABLE}
2020-07-22 12:33:47,236 [ForkJoinPool.commonPool-worker-1] INFO  handler.ContextHandler (ContextHandler.java:doStop(1016)) - Stopped o.e.j.s.ServletContextHandler@688c1b2a{logs,/logs,file:///github/workspace/mnt/ozone/hadoop-ozone/integration-test/target/log,UNAVAILABLE}
2020-07-22 12:33:47,241 [Thread-1377] INFO  impl.FollowerState (FollowerState.java:run(108)) - 13de87ee-83ad-45df-97c4-bee39bf390b1@group-A0E25ADDD1BF-FollowerState: change to CANDIDATE, lastRpcTime:5098ms, electionTimeout:5097ms
2020-07-22 12:33:47,241 [Thread-1377] INFO  impl.RoleInfo (RoleInfo.java:shutdownFollowerState(121)) - 13de87ee-83ad-45df-97c4-bee39bf390b1: shutdown FollowerState
2020-07-22 12:33:47,241 [Thread-1377] INFO  impl.RaftServerImpl (RaftServerImpl.java:setRole(185)) - 13de87ee-83ad-45df-97c4-bee39bf390b1@group-A0E25ADDD1BF: changes role from  FOLLOWER to CANDIDATE at term 0 for changeToCandidate
2020-07-22 12:33:47,241 [Thread-1377] INFO  impl.RoleInfo (RoleInfo.java:updateAndGet(143)) - 13de87ee-83ad-45df-97c4-bee39bf390b1: start LeaderElection
2020-07-22 12:33:47,252 [13de87ee-83ad-45df-97c4-bee39bf390b1@group-A0E25ADDD1BF-LeaderElection44] INFO  impl.LeaderElection (LeaderElection.java:askForVotes(209)) - 13de87ee-83ad-45df-97c4-bee39bf390b1@group-A0E25ADDD1BF-LeaderElection44: begin an election at term 1 for -1: [1cc64804-5db2-44d9-9a87-fdc1313ba49d:172.17.0.2:40525, 13de87ee-83ad-45df-97c4-bee39bf390b1:172.17.0.2:42819, d5a0b463-2013-4be7-b2a9-4f4f38929cc0:172.17.0.2:40645], old=null
2020-07-22 12:33:47,256 [13de87ee-83ad-45df-97c4-bee39bf390b1@group-A0E25ADDD1BF-LeaderElection44] INFO  impl.LeaderElection (LogUtils.java:infoOrTrace(137)) - 13de87ee-83ad-45df-97c4-bee39bf390b1@group-A0E25ADDD1BF-LeaderElection44 got exception when requesting votes: java.util.concurrent.ExecutionException: org.apache.ratis.thirdparty.io.grpc.StatusRuntimeException: UNAVAILABLE: io exception
2020-07-22 12:33:47,262 [grpc-default-executor-1] INFO  impl.RaftServerImpl (RaftServerImpl.java:setRole(185)) - d5a0b463-2013-4be7-b2a9-4f4f38929cc0@group-A0E25ADDD1BF: changes role from  FOLLOWER to FOLLOWER at term 1 for recognizeCandidate:13de87ee-83ad-45df-97c4-bee39bf390b1
2020-07-22 12:33:47,262 [grpc-default-executor-1] INFO  impl.RoleInfo (RoleInfo.java:shutdownFollowerState(121)) - d5a0b463-2013-4be7-b2a9-4f4f38929cc0: shutdown FollowerState
2020-07-22 12:33:47,262 [grpc-default-executor-1] INFO  impl.RoleInfo (RoleInfo.java:updateAndGet(143)) - d5a0b463-2013-4be7-b2a9-4f4f38929cc0: start FollowerState
2020-07-22 12:33:47,262 [Thread-1379] INFO  impl.FollowerState (FollowerState.java:run(117)) - d5a0b463-2013-4be7-b2a9-4f4f38929cc0@group-A0E25ADDD1BF-FollowerState was interrupted: java.lang.InterruptedException: sleep interrupted
2020-07-22 12:33:47,265 [13de87ee-83ad-45df-97c4-bee39bf390b1@group-A0E25ADDD1BF-LeaderElection44] INFO  impl.LeaderElection (LeaderElection.java:logAndReturn(61)) - 13de87ee-83ad-45df-97c4-bee39bf390b1@group-A0E25ADDD1BF-LeaderElection44: Election PASSED; received 1 response(s) [13de87ee-83ad-45df-97c4-bee39bf390b1<-d5a0b463-2013-4be7-b2a9-4f4f38929cc0#0:OK-t1] and 1 exception(s); 13de87ee-83ad-45df-97c4-bee39bf390b1@group-A0E25ADDD1BF:t1, leader=null, voted=13de87ee-83ad-45df-97c4-bee39bf390b1, raftlog=13de87ee-83ad-45df-97c4-bee39bf390b1@group-A0E25ADDD1BF-SegmentedRaftLog:OPENED:c-1,f-1,i0, conf=-1: [1cc64804-5db2-44d9-9a87-fdc1313ba49d:172.17.0.2:40525, 13de87ee-83ad-45df-97c4-bee39bf390b1:172.17.0.2:42819, d5a0b463-2013-4be7-b2a9-4f4f38929cc0:172.17.0.2:40645], old=null
2020-07-22 12:33:47,265 [13de87ee-83ad-45df-97c4-bee39bf390b1@group-A0E25ADDD1BF-LeaderElection44] INFO  impl.LeaderElection (LogUtils.java:infoOrTrace(137)) -   Exception 0: java.util.concurrent.ExecutionException: org.apache.ratis.thirdparty.io.grpc.StatusRuntimeException: UNAVAILABLE: io exception
2020-07-22 12:33:47,266 [13de87ee-83ad-45df-97c4-bee39bf390b1@group-A0E25ADDD1BF-LeaderElection44] INFO  impl.RoleInfo (RoleInfo.java:shutdownLeaderElection(134)) - 13de87ee-83ad-45df-97c4-bee39bf390b1: shutdown LeaderElection
2020-07-22 12:33:47,266 [13de87ee-83ad-45df-97c4-bee39bf390b1@group-A0E25ADDD1BF-LeaderElection44] INFO  impl.RaftServerImpl (RaftServerImpl.java:setRole(185)) - 13de87ee-83ad-45df-97c4-bee39bf390b1@group-A0E25ADDD1BF: changes role from CANDIDATE to LEADER at term 1 for changeToLeader
2020-07-22 12:33:47,266 [13de87ee-83ad-45df-97c4-bee39bf390b1@group-A0E25ADDD1BF-LeaderElection44] INFO  ratis.XceiverServerRatis (XceiverServerRatis.java:handleLeaderChangedNotification(820)) - Leader change notification received for group: group-A0E25ADDD1BF with new leaderId: 13de87ee-83ad-45df-97c4-bee39bf390b1
2020-07-22 12:33:47,266 [13de87ee-83ad-45df-97c4-bee39bf390b1@group-A0E25ADDD1BF-LeaderElection44] INFO  impl.RaftServerImpl (ServerState.java:setLeader(255)) - 13de87ee-83ad-45df-97c4-bee39bf390b1@group-A0E25ADDD1BF: change Leader from null to 13de87ee-83ad-45df-97c4-bee39bf390b1 at term 1 for becomeLeader, leader elected after 5140ms
2020-07-22 12:33:47,266 [13de87ee-83ad-45df-97c4-bee39bf390b1@group-A0E25ADDD1BF-LeaderElection44] INFO  server.RaftServerConfigKeys (ConfUtils.java:logGet(44)) - raft.server.staging.catchup.gap = 1000 (default)
2020-07-22 12:33:47,266 [13de87ee-83ad-45df-97c4-bee39bf390b1@group-A0E25ADDD1BF-LeaderElection44] INFO  server.RaftServerConfigKeys (ConfUtils.java:logGet(44)) - raft.server.rpc.sleep.time = 25ms (default)
2020-07-22 12:33:47,266 [13de87ee-83ad-45df-97c4-bee39bf390b1@group-A0E25ADDD1BF-LeaderElection44] INFO  metrics.RatisMetrics (RatisMetrics.java:lambda$create$0(36)) - Creating Metrics Registry : ratis.log_appender.13de87ee-83ad-45df-97c4-bee39bf390b1@group-A0E25ADDD1BF
2020-07-22 12:33:47,267 [13de87ee-83ad-45df-97c4-bee39bf390b1@group-A0E25ADDD1BF-LeaderElection44] INFO  server.RaftServerConfigKeys (ConfUtils.java:logGet(44)) - raft.server.write.element-limit = 1024 (custom)
2020-07-22 12:33:47,267 [13de87ee-83ad-45df-97c4-bee39bf390b1@group-A0E25ADDD1BF-LeaderElection44] INFO  server.RaftServerConfigKeys (ConfUtils.java:logGet(44)) - raft.server.write.byte-limit = 1073741824 (custom)
2020-07-22 12:33:47,267 [13de87ee-83ad-45df-97c4-bee39bf390b1@group-A0E25ADDD1BF-LeaderElection44] INFO  server.RaftServerConfigKeys (ConfUtils.java:logGet(44)) - raft.server.watch.timeout = 3000ms (custom)
2020-07-22 12:33:47,267 [13de87ee-83ad-45df-97c4-bee39bf390b1@group-A0E25ADDD1BF-LeaderElection44] INFO  server.RaftServerConfigKeys (ConfUtils.java:logGet(44)) - raft.server.watch.timeout.denomination = 1s (default)
2020-07-22 12:33:47,267 [13de87ee-83ad-45df-97c4-bee39bf390b1@group-A0E25ADDD1BF-LeaderElection44] INFO  server.RaftServerConfigKeys (ConfUtils.java:logGet(44)) - raft.server.watch.element-limit = 65536 (default)
2020-07-22 12:33:47,267 [13de87ee-83ad-45df-97c4-bee39bf390b1@group-A0E25ADDD1BF-LeaderElection44] INFO  server.RaftServerConfigKeys (ConfUtils.java:logGet(44)) - raft.server.log.appender.snapshot.chunk.size.max = 16MB (=16777216) (default)
2020-07-22 12:33:47,268 [13de87ee-83ad-45df-97c4-bee39bf390b1@group-A0E25ADDD1BF-LeaderElection44] INFO  server.RaftServerConfigKeys (ConfUtils.java:logGet(44)) - raft.server.log.appender.buffer.byte-limit = 33554432 (custom)
2020-07-22 12:33:47,268 [13de87ee-83ad-45df-97c4-bee39bf390b1@group-A0E25ADDD1BF-LeaderElection44] INFO  server.RaftServerConfigKeys (ConfUtils.java:logGet(44)) - raft.server.log.appender.buffer.element-limit = 1 (custom)
2020-07-22 12:33:47,268 [13de87ee-83ad-45df-97c4-bee39bf390b1@group-A0E25ADDD1BF-LeaderElection44] INFO  grpc.GrpcConfigKeys (ConfUtils.java:logGet(44)) - raft.grpc.server.leader.outstanding.appends.max = 128 (default)
2020-07-22 12:33:47,268 [13de87ee-83ad-45df-97c4-bee39bf390b1@group-A0E25ADDD1BF-LeaderElection44] INFO  server.RaftServerConfigKeys (ConfUtils.java:logGet(44)) - raft.server.rpc.request.timeout = 3000ms (default)
2020-07-22 12:33:47,268 [13de87ee-83ad-45df-97c4-bee39bf390b1@group-A0E25ADDD1BF-LeaderElection44] INFO  server.RaftServerConfigKeys (ConfUtils.java:logGet(44)) - raft.server.log.appender.install.snapshot.enabled = false (custom)
2020-07-22 12:33:47,268 [13de87ee-83ad-45df-97c4-bee39bf390b1@group-A0E25ADDD1BF-LeaderElection44] INFO  metrics.RatisMetrics (RatisMetrics.java:lambda$create$0(36)) - Creating Metrics Registry : ratis_grpc.log_appender.13de87ee-83ad-45df-97c4-bee39bf390b1@group-A0E25ADDD1BF
2020-07-22 12:33:47,270 [13de87ee-83ad-45df-97c4-bee39bf390b1@group-A0E25ADDD1BF-LeaderElection44] INFO  server.RaftServerConfigKeys (ConfUtils.java:logGet(44)) - raft.server.log.appender.snapshot.chunk.size.max = 16MB (=16777216) (default)
2020-07-22 12:33:47,270 [13de87ee-83ad-45df-97c4-bee39bf390b1@group-A0E25ADDD1BF-LeaderElection44] INFO  server.RaftServerConfigKeys (ConfUtils.java:logGet(44)) - raft.server.log.appender.buffer.byte-limit = 33554432 (custom)
2020-07-22 12:33:47,270 [13de87ee-83ad-45df-97c4-bee39bf390b1@group-A0E25ADDD1BF-LeaderElection44] INFO  server.RaftServerConfigKeys (ConfUtils.java:logGet(44)) - raft.server.log.appender.buffer.element-limit = 1 (custom)
2020-07-22 12:33:47,270 [13de87ee-83ad-45df-97c4-bee39bf390b1@group-A0E25ADDD1BF-LeaderElection44] INFO  grpc.GrpcConfigKeys (ConfUtils.java:logGet(44)) - raft.grpc.server.leader.outstanding.appends.max = 128 (default)
2020-07-22 12:33:47,270 [13de87ee-83ad-45df-97c4-bee39bf390b1@group-A0E25ADDD1BF-LeaderElection44] INFO  server.RaftServerConfigKeys (ConfUtils.java:logGet(44)) - raft.server.rpc.request.timeout = 3000ms (default)
2020-07-22 12:33:47,270 [13de87ee-83ad-45df-97c4-bee39bf390b1@group-A0E25ADDD1BF-LeaderElection44] INFO  server.RaftServerConfigKeys (ConfUtils.java:logGet(44)) - raft.server.log.appender.install.snapshot.enabled = false (custom)
2020-07-22 12:33:47,272 [13de87ee-83ad-45df-97c4-bee39bf390b1@group-A0E25ADDD1BF-LeaderElection44] INFO  impl.RoleInfo (RoleInfo.java:updateAndGet(143)) - 13de87ee-83ad-45df-97c4-bee39bf390b1: start LeaderState
2020-07-22 12:33:47,272 [13de87ee-83ad-45df-97c4-bee39bf390b1@group-A0E25ADDD1BF-LeaderElection44] INFO  segmented.SegmentedRaftLogWorker (SegmentedRaftLogWorker.java:startLogSegment(397)) - 13de87ee-83ad-45df-97c4-bee39bf390b1@group-A0E25ADDD1BF-SegmentedRaftLogWorker: Starting segment from index:0
2020-07-22 12:33:47,273 [13de87ee-83ad-45df-97c4-bee39bf390b1@group-A0E25ADDD1BF-LeaderElection44] INFO  impl.RaftServerImpl (ServerState.java:setRaftConf(356)) - 13de87ee-83ad-45df-97c4-bee39bf390b1@group-A0E25ADDD1BF: set configuration 0: [1cc64804-5db2-44d9-9a87-fdc1313ba49d:172.17.0.2:40525, 13de87ee-83ad-45df-97c4-bee39bf390b1:172.17.0.2:42819, d5a0b463-2013-4be7-b2a9-4f4f38929cc0:172.17.0.2:40645], old=null at 0
2020-07-22 12:33:47,274 [13de87ee-83ad-45df-97c4-bee39bf390b1@group-A0E25ADDD1BF-SegmentedRaftLogWorker] INFO  segmented.SegmentedRaftLogWorker (SegmentedRaftLogWorker.java:execute(596)) - 13de87ee-83ad-45df-97c4-bee39bf390b1@group-A0E25ADDD1BF-SegmentedRaftLogWorker: created new log segment /github/workspace/mnt/ozone/hadoop-ozone/integration-test/target/test-dir/MiniOzoneClusterImpl-27133a7a-4276-4edb-aad9-b93835fdb948/datanode-1/data/ratis/6439c0fb-e42f-43cb-9890-a0e25addd1bf/current/log_inprogress_0
2020-07-22 12:33:47,280 [grpc-default-executor-1] WARN  server.GrpcLogAppender (LogUtils.java:warn(122)) - 13de87ee-83ad-45df-97c4-bee39bf390b1@group-A0E25ADDD1BF->1cc64804-5db2-44d9-9a87-fdc1313ba49d-AppendLogResponseHandler: Failed appendEntries: org.apache.ratis.thirdparty.io.grpc.StatusRuntimeException: UNAVAILABLE: io exception
2020-07-22 12:33:47,283 [grpc-default-executor-1] INFO  impl.FollowerInfo (FollowerInfo.java:lambda$new$0(51)) - 13de87ee-83ad-45df-97c4-bee39bf390b1@group-A0E25ADDD1BF->1cc64804-5db2-44d9-9a87-fdc1313ba49d: nextIndex: updateUnconditionally 0 -> 0
2020-07-22 12:33:47,298 [grpc-default-executor-7] INFO  ratis.XceiverServerRatis (XceiverServerRatis.java:handleLeaderChangedNotification(820)) - Leader change notification received for group: group-A0E25ADDD1BF with new leaderId: 13de87ee-83ad-45df-97c4-bee39bf390b1
2020-07-22 12:33:47,298 [grpc-default-executor-7] INFO  impl.RaftServerImpl (ServerState.java:setLeader(255)) - d5a0b463-2013-4be7-b2a9-4f4f38929cc0@group-A0E25ADDD1BF: change Leader from null to 13de87ee-83ad-45df-97c4-bee39bf390b1 at term 1 for appendEntries, leader elected after 5138ms
2020-07-22 12:33:47,299 [grpc-default-executor-7] INFO  impl.RaftServerImpl (ServerState.java:setRaftConf(356)) - d5a0b463-2013-4be7-b2a9-4f4f38929cc0@group-A0E25ADDD1BF: set configuration 0: [1cc64804-5db2-44d9-9a87-fdc1313ba49d:172.17.0.2:40525, 13de87ee-83ad-45df-97c4-bee39bf390b1:172.17.0.2:42819, d5a0b463-2013-4be7-b2a9-4f4f38929cc0:172.17.0.2:40645], old=null at 0
2020-07-22 12:33:47,300 [grpc-default-executor-7] INFO  segmented.SegmentedRaftLogWorker (SegmentedRaftLogWorker.java:startLogSegment(397)) - d5a0b463-2013-4be7-b2a9-4f4f38929cc0@group-A0E25ADDD1BF-SegmentedRaftLogWorker: Starting segment from index:0
2020-07-22 12:33:47,301 [d5a0b463-2013-4be7-b2a9-4f4f38929cc0@group-A0E25ADDD1BF-SegmentedRaftLogWorker] INFO  segmented.SegmentedRaftLogWorker (SegmentedRaftLogWorker.java:execute(596)) - d5a0b463-2013-4be7-b2a9-4f4f38929cc0@group-A0E25ADDD1BF-SegmentedRaftLogWorker: created new log segment /github/workspace/mnt/ozone/hadoop-ozone/integration-test/target/test-dir/MiniOzoneClusterImpl-27133a7a-4276-4edb-aad9-b93835fdb948/datanode-0/data/ratis/6439c0fb-e42f-43cb-9890-a0e25addd1bf/current/log_inprogress_0
2020-07-22 12:33:47,307 [grpc-default-executor-4] WARN  server.GrpcLogAppender (LogUtils.java:warn(122)) - 13de87ee-83ad-45df-97c4-bee39bf390b1@group-A0E25ADDD1BF->1cc64804-5db2-44d9-9a87-fdc1313ba49d-AppendLogResponseHandler: Failed appendEntries: org.apache.ratis.thirdparty.io.grpc.StatusRuntimeException: UNAVAILABLE: io exception
2020-07-22 12:33:47,307 [grpc-default-executor-4] INFO  impl.FollowerInfo (FollowerInfo.java:lambda$new$0(51)) - 13de87ee-83ad-45df-97c4-bee39bf390b1@group-A0E25ADDD1BF->1cc64804-5db2-44d9-9a87-fdc1313ba49d: nextIndex: updateUnconditionally 1 -> 0
2020-07-22 12:33:47,449 [Datanode State Machine Thread - 0] INFO  statemachine.DatanodeStateMachine (DatanodeStateMachine.java:lambda$startDaemon$0(380)) - Ozone container server started.
2020-07-22 12:33:47,649 [Datanode State Machine Thread - 0] INFO  statemachine.DatanodeStateMachine (DatanodeStateMachine.java:lambda$startDaemon$0(380)) - Ozone container server started.
2020-07-22 12:33:49,031 [grpc-default-executor-4] WARN  server.GrpcLogAppender (LogUtils.java:warn(122)) - 48b67410-02a7-4c3c-a008-f346ec25aee5@group-992D786A5571->cbf3b94c-a31f-438c-8480-20d914ac9d1c-AppendLogResponseHandler: Failed appendEntries: org.apache.ratis.thirdparty.io.grpc.StatusRuntimeException: UNAVAILABLE: io exception
2020-07-22 12:33:49,032 [grpc-default-executor-4] INFO  impl.FollowerInfo (FollowerInfo.java:lambda$new$0(51)) - 48b67410-02a7-4c3c-a008-f346ec25aee5@group-992D786A5571->cbf3b94c-a31f-438c-8480-20d914ac9d1c: nextIndex: updateUnconditionally 1 -> 0
2020-07-22 12:33:49,809 [grpc-default-executor-7] WARN  server.GrpcLogAppender (LogUtils.java:warn(122)) - 13de87ee-83ad-45df-97c4-bee39bf390b1@group-A0E25ADDD1BF->1cc64804-5db2-44d9-9a87-fdc1313ba49d-AppendLogResponseHandler: Failed appendEntries: org.apache.ratis.thirdparty.io.grpc.StatusRuntimeException: UNAVAILABLE: io exception
2020-07-22 12:33:49,810 [grpc-default-executor-7] INFO  impl.FollowerInfo (FollowerInfo.java:lambda$new$0(51)) - 13de87ee-83ad-45df-97c4-bee39bf390b1@group-A0E25ADDD1BF->1cc64804-5db2-44d9-9a87-fdc1313ba49d: nextIndex: updateUnconditionally 1 -> 0
2020-07-22 12:33:51,534 [grpc-default-executor-7] WARN  server.GrpcLogAppender (LogUtils.java:warn(122)) - 48b67410-02a7-4c3c-a008-f346ec25aee5@group-992D786A5571->cbf3b94c-a31f-438c-8480-20d914ac9d1c-AppendLogResponseHandler: Failed appendEntries: org.apache.ratis.thirdparty.io.grpc.StatusRuntimeException: UNAVAILABLE: io exception
2020-07-22 12:33:51,535 [grpc-default-executor-7] INFO  impl.FollowerInfo (FollowerInfo.java:lambda$new$0(51)) - 48b67410-02a7-4c3c-a008-f346ec25aee5@group-992D786A5571->cbf3b94c-a31f-438c-8480-20d914ac9d1c: nextIndex: updateUnconditionally 0 -> 0
2020-07-22 12:33:51,537 [grpc-default-executor-7] WARN  server.GrpcLogAppender (LogUtils.java:warn(122)) - 48b67410-02a7-4c3c-a008-f346ec25aee5@group-992D786A5571->cbf3b94c-a31f-438c-8480-20d914ac9d1c-AppendLogResponseHandler: Failed appendEntries: org.apache.ratis.thirdparty.io.grpc.StatusRuntimeException: UNAVAILABLE: io exception
2020-07-22 12:33:51,537 [grpc-default-executor-7] INFO  impl.FollowerInfo (FollowerInfo.java:lambda$new$0(51)) - 48b67410-02a7-4c3c-a008-f346ec25aee5@group-992D786A5571->cbf3b94c-a31f-438c-8480-20d914ac9d1c: nextIndex: updateUnconditionally 1 -> 0
2020-07-22 12:33:51,539 [grpc-default-executor-7] WARN  server.GrpcLogAppender (LogUtils.java:warn(122)) - 48b67410-02a7-4c3c-a008-f346ec25aee5@group-992D786A5571->cbf3b94c-a31f-438c-8480-20d914ac9d1c-AppendLogResponseHandler: Failed appendEntries: org.apache.ratis.thirdparty.io.grpc.StatusRuntimeException: UNAVAILABLE: io exception
2020-07-22 12:33:51,540 [grpc-default-executor-7] INFO  impl.FollowerInfo (FollowerInfo.java:lambda$new$0(51)) - 48b67410-02a7-4c3c-a008-f346ec25aee5@group-992D786A5571->cbf3b94c-a31f-438c-8480-20d914ac9d1c: nextIndex: updateUnconditionally 1 -> 0
2020-07-22 12:33:51,542 [grpc-default-executor-7] WARN  server.GrpcLogAppender (LogUtils.java:warn(122)) - 48b67410-02a7-4c3c-a008-f346ec25aee5@group-992D786A5571->cbf3b94c-a31f-438c-8480-20d914ac9d1c-AppendLogResponseHandler: Failed appendEntries: org.apache.ratis.thirdparty.io.grpc.StatusRuntimeException: UNAVAILABLE: io exception
2020-07-22 12:33:51,542 [grpc-default-executor-7] INFO  impl.FollowerInfo (FollowerInfo.java:lambda$new$0(51)) - 48b67410-02a7-4c3c-a008-f346ec25aee5@group-992D786A5571->cbf3b94c-a31f-438c-8480-20d914ac9d1c: nextIndex: updateUnconditionally 1 -> 0
2020-07-22 12:33:51,544 [grpc-default-executor-4] WARN  server.GrpcLogAppender (LogUtils.java:warn(122)) - 48b67410-02a7-4c3c-a008-f346ec25aee5@group-992D786A5571->cbf3b94c-a31f-438c-8480-20d914ac9d1c-AppendLogResponseHandler: Failed appendEntries: org.apache.ratis.thirdparty.io.grpc.StatusRuntimeException: UNAVAILABLE: io exception
2020-07-22 12:33:51,544 [grpc-default-executor-4] INFO  impl.FollowerInfo (FollowerInfo.java:lambda$new$0(51)) - 48b67410-02a7-4c3c-a008-f346ec25aee5@group-992D786A5571->cbf3b94c-a31f-438c-8480-20d914ac9d1c: nextIndex: updateUnconditionally 1 -> 0
2020-07-22 12:33:52,219 [Listener at 127.0.0.1/42799] INFO  ozoneimpl.OzoneContainer (OzoneContainer.java:stop(250)) - Attempting to stop container services.
2020-07-22 12:33:52,220 [Listener at 127.0.0.1/42799] INFO  impl.RaftServerProxy (RaftServerProxy.java:lambda$close$4(319)) - d6264bd5-628b-4389-82c0-e2589ee55aba: close
2020-07-22 12:33:52,220 [Listener at 127.0.0.1/42799] INFO  impl.RaftServerImpl (RaftServerImpl.java:lambda$shutdown$3(263)) - d6264bd5-628b-4389-82c0-e2589ee55aba@group-73E2E86F0E11: shutdown
2020-07-22 12:33:52,220 [Listener at 127.0.0.1/42799] INFO  util.JmxRegister (JmxRegister.java:unregister(73)) - Successfully un-registered JMX Bean with object name Ratis:service=RaftServer,group=group-73E2E86F0E11,id=d6264bd5-628b-4389-82c0-e2589ee55aba
2020-07-22 12:33:52,220 [Listener at 127.0.0.1/42799] INFO  impl.RoleInfo (RoleInfo.java:shutdownLeaderState(104)) - d6264bd5-628b-4389-82c0-e2589ee55aba: shutdown LeaderState
2020-07-22 12:33:52,221 [Listener at 127.0.0.1/42799] INFO  impl.PendingRequests (PendingRequests.java:sendNotLeaderResponses(249)) - d6264bd5-628b-4389-82c0-e2589ee55aba@group-73E2E86F0E11-PendingRequests: sendNotLeaderResponses
2020-07-22 12:33:52,221 [Listener at 127.0.0.1/42799] INFO  metrics.RatisMetrics (RatisMetrics.java:unregister(43)) - Unregistering Metrics Registry : ratis.log_appender.d6264bd5-628b-4389-82c0-e2589ee55aba@group-73E2E86F0E11
2020-07-22 12:33:52,221 [Listener at 127.0.0.1/42799] INFO  metrics.RatisMetrics (RatisMetrics.java:unregister(43)) - Unregistering Metrics Registry : ratis.server.d6264bd5-628b-4389-82c0-e2589ee55aba@group-73E2E86F0E11
2020-07-22 12:33:52,222 [Listener at 127.0.0.1/42799] INFO  impl.StateMachineUpdater (StateMachineUpdater.java:stopAndJoin(142)) - d6264bd5-628b-4389-82c0-e2589ee55aba@group-73E2E86F0E11-StateMachineUpdater: set stopIndex = 0
2020-07-22 12:33:52,222 [d6264bd5-628b-4389-82c0-e2589ee55aba@group-73E2E86F0E11-StateMachineUpdater] INFO  ratis.ContainerStateMachine (ContainerStateMachine.java:takeSnapshot(293)) - group-73E2E86F0E11: Taking a snapshot at:(t:1, i:0) file /github/workspace/mnt/ozone/hadoop-ozone/integration-test/target/test-dir/MiniOzoneClusterImpl-27133a7a-4276-4edb-aad9-b93835fdb948/datanode-5/data/ratis/7da5d299-1741-493f-bc8d-73e2e86f0e11/sm/snapshot.1_0
2020-07-22 12:33:52,223 [d6264bd5-628b-4389-82c0-e2589ee55aba@group-73E2E86F0E11-StateMachineUpdater] INFO  ratis.ContainerStateMachine (ContainerStateMachine.java:takeSnapshot(304)) - group-73E2E86F0E11: Finished taking a snapshot at:(t:1, i:0) file:/github/workspace/mnt/ozone/hadoop-ozone/integration-test/target/test-dir/MiniOzoneClusterImpl-27133a7a-4276-4edb-aad9-b93835fdb948/datanode-5/data/ratis/7da5d299-1741-493f-bc8d-73e2e86f0e11/sm/snapshot.1_0 time:1
2020-07-22 12:33:52,223 [d6264bd5-628b-4389-82c0-e2589ee55aba@group-73E2E86F0E11-StateMachineUpdater] INFO  impl.StateMachineUpdater (StateMachineUpdater.java:takeSnapshot(277)) - d6264bd5-628b-4389-82c0-e2589ee55aba@group-73E2E86F0E11-StateMachineUpdater: Took a snapshot at index 0
2020-07-22 12:33:52,223 [d6264bd5-628b-4389-82c0-e2589ee55aba@group-73E2E86F0E11-StateMachineUpdater] INFO  impl.StateMachineUpdater (StateMachineUpdater.java:lambda$new$0(87)) - d6264bd5-628b-4389-82c0-e2589ee55aba@group-73E2E86F0E11-StateMachineUpdater: snapshotIndex: updateIncreasingly -1 -> 0
2020-07-22 12:33:52,223 [d6264bd5-628b-4389-82c0-e2589ee55aba@group-73E2E86F0E11-StateMachineUpdater] INFO  metrics.RatisMetrics (RatisMetrics.java:unregister(43)) - Unregistering Metrics Registry : ratis.state_machine.d6264bd5-628b-4389-82c0-e2589ee55aba@group-73E2E86F0E11
2020-07-22 12:33:52,224 [Listener at 127.0.0.1/42799] INFO  impl.RaftServerImpl (ServerState.java:close(387)) - d6264bd5-628b-4389-82c0-e2589ee55aba@group-73E2E86F0E11: closes. applyIndex: 0
2020-07-22 12:33:52,224 [d6264bd5-628b-4389-82c0-e2589ee55aba@group-73E2E86F0E11-SegmentedRaftLogWorker] INFO  segmented.SegmentedRaftLogWorker (SegmentedRaftLogWorker.java:run(327)) - d6264bd5-628b-4389-82c0-e2589ee55aba@group-73E2E86F0E11-SegmentedRaftLogWorker was interrupted, exiting. There are 0 tasks remaining in the queue.
2020-07-22 12:33:52,226 [Listener at 127.0.0.1/42799] INFO  segmented.SegmentedRaftLogWorker (SegmentedRaftLogWorker.java:close(234)) - d6264bd5-628b-4389-82c0-e2589ee55aba@group-73E2E86F0E11-SegmentedRaftLogWorker close()
2020-07-22 12:33:52,227 [Listener at 127.0.0.1/42799] INFO  metrics.RatisMetrics (RatisMetrics.java:unregister(43)) - Unregistering Metrics Registry : ratis.log_worker.d6264bd5-628b-4389-82c0-e2589ee55aba@group-73E2E86F0E11
2020-07-22 12:33:52,227 [Listener at 127.0.0.1/42799] INFO  metrics.RatisMetrics (RatisMetrics.java:unregister(43)) - Unregistering Metrics Registry : ratis.leader_election.d6264bd5-628b-4389-82c0-e2589ee55aba@group-73E2E86F0E11
2020-07-22 12:33:52,227 [Listener at 127.0.0.1/42799] INFO  metrics.RatisMetrics (RatisMetrics.java:unregister(43)) - Unregistering Metrics Registry : ratis.server.d6264bd5-628b-4389-82c0-e2589ee55aba@group-73E2E86F0E11
2020-07-22 12:33:52,228 [Listener at 127.0.0.1/42799] INFO  impl.RaftServerImpl (RaftServerImpl.java:lambda$shutdown$3(263)) - d6264bd5-628b-4389-82c0-e2589ee55aba@group-992D786A5571: shutdown
2020-07-22 12:33:52,228 [Listener at 127.0.0.1/42799] INFO  util.JmxRegister (JmxRegister.java:unregister(73)) - Successfully un-registered JMX Bean with object name Ratis:service=RaftServer,group=group-992D786A5571,id=d6264bd5-628b-4389-82c0-e2589ee55aba
2020-07-22 12:33:52,228 [Listener at 127.0.0.1/42799] INFO  impl.RoleInfo (RoleInfo.java:shutdownFollowerState(121)) - d6264bd5-628b-4389-82c0-e2589ee55aba: shutdown FollowerState
2020-07-22 12:33:52,228 [Thread-1335] INFO  impl.FollowerState (FollowerState.java:run(117)) - d6264bd5-628b-4389-82c0-e2589ee55aba@group-992D786A5571-FollowerState was interrupted: java.lang.InterruptedException: sleep interrupted
2020-07-22 12:33:52,229 [d6264bd5-628b-4389-82c0-e2589ee55aba@group-992D786A5571-StateMachineUpdater] INFO  ratis.ContainerStateMachine (ContainerStateMachine.java:takeSnapshot(293)) - group-992D786A5571: Taking a snapshot at:(t:1, i:0) file /github/workspace/mnt/ozone/hadoop-ozone/integration-test/target/test-dir/MiniOzoneClusterImpl-27133a7a-4276-4edb-aad9-b93835fdb948/datanode-5/data/ratis/1d7d8fe0-aec6-4d19-bd70-992d786a5571/sm/snapshot.1_0
2020-07-22 12:33:52,229 [Listener at 127.0.0.1/42799] INFO  impl.StateMachineUpdater (StateMachineUpdater.java:stopAndJoin(142)) - d6264bd5-628b-4389-82c0-e2589ee55aba@group-992D786A5571-StateMachineUpdater: set stopIndex = 0
2020-07-22 12:33:52,229 [d6264bd5-628b-4389-82c0-e2589ee55aba@group-992D786A5571-StateMachineUpdater] INFO  ratis.ContainerStateMachine (ContainerStateMachine.java:takeSnapshot(304)) - group-992D786A5571: Finished taking a snapshot at:(t:1, i:0) file:/github/workspace/mnt/ozone/hadoop-ozone/integration-test/target/test-dir/MiniOzoneClusterImpl-27133a7a-4276-4edb-aad9-b93835fdb948/datanode-5/data/ratis/1d7d8fe0-aec6-4d19-bd70-992d786a5571/sm/snapshot.1_0 time:1
2020-07-22 12:33:52,230 [d6264bd5-628b-4389-82c0-e2589ee55aba@group-992D786A5571-StateMachineUpdater] INFO  impl.StateMachineUpdater (StateMachineUpdater.java:takeSnapshot(277)) - d6264bd5-628b-4389-82c0-e2589ee55aba@group-992D786A5571-StateMachineUpdater: Took a snapshot at index 0
2020-07-22 12:33:52,230 [d6264bd5-628b-4389-82c0-e2589ee55aba@group-992D786A5571-StateMachineUpdater] INFO  impl.StateMachineUpdater (StateMachineUpdater.java:lambda$new$0(87)) - d6264bd5-628b-4389-82c0-e2589ee55aba@group-992D786A5571-StateMachineUpdater: snapshotIndex: updateIncreasingly -1 -> 0
2020-07-22 12:33:52,230 [d6264bd5-628b-4389-82c0-e2589ee55aba@group-992D786A5571-StateMachineUpdater] INFO  metrics.RatisMetrics (RatisMetrics.java:unregister(43)) - Unregistering Metrics Registry : ratis.state_machine.d6264bd5-628b-4389-82c0-e2589ee55aba@group-992D786A5571
2020-07-22 12:33:52,230 [Listener at 127.0.0.1/42799] INFO  impl.RaftServerImpl (ServerState.java:close(387)) - d6264bd5-628b-4389-82c0-e2589ee55aba@group-992D786A5571: closes. applyIndex: 0
2020-07-22 12:33:52,230 [d6264bd5-628b-4389-82c0-e2589ee55aba@group-992D786A5571-SegmentedRaftLogWorker] INFO  segmented.SegmentedRaftLogWorker (SegmentedRaftLogWorker.java:run(327)) - d6264bd5-628b-4389-82c0-e2589ee55aba@group-992D786A5571-SegmentedRaftLogWorker was interrupted, exiting. There are 0 tasks remaining in the queue.
2020-07-22 12:33:52,231 [Listener at 127.0.0.1/42799] INFO  segmented.SegmentedRaftLogWorker (SegmentedRaftLogWorker.java:close(234)) - d6264bd5-628b-4389-82c0-e2589ee55aba@group-992D786A5571-SegmentedRaftLogWorker close()
2020-07-22 12:33:52,233 [Listener at 127.0.0.1/42799] INFO  metrics.RatisMetrics (RatisMetrics.java:unregister(43)) - Unregistering Metrics Registry : ratis.log_worker.d6264bd5-628b-4389-82c0-e2589ee55aba@group-992D786A5571
2020-07-22 12:33:52,233 [Listener at 127.0.0.1/42799] INFO  metrics.RatisMetrics (RatisMetrics.java:unregister(43)) - Unregistering Metrics Registry : ratis.leader_election.d6264bd5-628b-4389-82c0-e2589ee55aba@group-992D786A5571
2020-07-22 12:33:52,233 [Listener at 127.0.0.1/42799] INFO  metrics.RatisMetrics (RatisMetrics.java:unregister(43)) - Unregistering Metrics Registry : ratis.server.d6264bd5-628b-4389-82c0-e2589ee55aba@group-992D786A5571
2020-07-22 12:33:52,233 [Listener at 127.0.0.1/42799] INFO  server.GrpcService (GrpcService.java:closeImpl(166)) - d6264bd5-628b-4389-82c0-e2589ee55aba: shutdown server with port 46661 now
2020-07-22 12:33:52,235 [grpc-default-executor-7] WARN  server.GrpcServerProtocolService (LogUtils.java:warn(122)) - d6264bd5-628b-4389-82c0-e2589ee55aba: installSnapshot onError, lastRequest: 48b67410-02a7-4c3c-a008-f346ec25aee5->d6264bd5-628b-4389-82c0-e2589ee55aba#1-t1, previous=(t:0, i:0), leaderCommit=0, initializing? false, entries: size=1, first=(t:1, i:0), CONFIGURATIONENTRY: org.apache.ratis.thirdparty.io.grpc.StatusRuntimeException: CANCELLED: cancelled before receiving half close
2020-07-22 12:33:52,237 [grpc-default-executor-4] WARN  server.GrpcLogAppender (LogUtils.java:warn(122)) - 48b67410-02a7-4c3c-a008-f346ec25aee5@group-992D786A5571->d6264bd5-628b-4389-82c0-e2589ee55aba-AppendLogResponseHandler: Failed appendEntries: org.apache.ratis.thirdparty.io.grpc.StatusRuntimeException: CANCELLED: HTTP/2 error code: CANCEL
Received Rst Stream
2020-07-22 12:33:52,237 [grpc-default-executor-4] INFO  impl.FollowerInfo (FollowerInfo.java:lambda$new$0(51)) - 48b67410-02a7-4c3c-a008-f346ec25aee5@group-992D786A5571->d6264bd5-628b-4389-82c0-e2589ee55aba: nextIndex: updateUnconditionally 1 -> 0
2020-07-22 12:33:52,237 [Listener at 127.0.0.1/42799] INFO  server.GrpcService (GrpcService.java:closeImpl(174)) - d6264bd5-628b-4389-82c0-e2589ee55aba: shutdown server with port 46661 successfully
2020-07-22 12:33:52,238 [Listener at 127.0.0.1/42799] INFO  utils.BackgroundService (BackgroundService.java:shutdown(157)) - Shutting down service BlockDeletingService
2020-07-22 12:33:52,239 [ForkJoinPool.commonPool-worker-1] INFO  ozoneimpl.OzoneContainer (OzoneContainer.java:stop(250)) - Attempting to stop container services.
2020-07-22 12:33:52,244 [ForkJoinPool.commonPool-worker-1] INFO  impl.RaftServerProxy (RaftServerProxy.java:lambda$close$4(319)) - 48b67410-02a7-4c3c-a008-f346ec25aee5: close
2020-07-22 12:33:52,244 [ForkJoinPool.commonPool-worker-1] INFO  impl.RaftServerImpl (RaftServerImpl.java:lambda$shutdown$3(263)) - 48b67410-02a7-4c3c-a008-f346ec25aee5@group-992D786A5571: shutdown
2020-07-22 12:33:52,245 [ForkJoinPool.commonPool-worker-1] INFO  util.JmxRegister (JmxRegister.java:unregister(73)) - Successfully un-registered JMX Bean with object name Ratis:service=RaftServer,group=group-992D786A5571,id=48b67410-02a7-4c3c-a008-f346ec25aee5
2020-07-22 12:33:52,245 [ForkJoinPool.commonPool-worker-1] INFO  impl.RoleInfo (RoleInfo.java:shutdownLeaderState(104)) - 48b67410-02a7-4c3c-a008-f346ec25aee5: shutdown LeaderState
2020-07-22 12:33:52,245 [ForkJoinPool.commonPool-worker-1] INFO  metrics.RatisMetrics (RatisMetrics.java:unregister(43)) - Unregistering Metrics Registry : ratis_grpc.log_appender.48b67410-02a7-4c3c-a008-f346ec25aee5@group-992D786A5571
2020-07-22 12:33:52,245 [ForkJoinPool.commonPool-worker-1] INFO  metrics.RatisMetrics (RatisMetrics.java:unregister(43)) - Unregistering Metrics Registry : ratis_grpc.log_appender.48b67410-02a7-4c3c-a008-f346ec25aee5@group-992D786A5571
2020-07-22 12:33:52,245 [ForkJoinPool.commonPool-worker-1] INFO  impl.PendingRequests (PendingRequests.java:sendNotLeaderResponses(249)) - 48b67410-02a7-4c3c-a008-f346ec25aee5@group-992D786A5571-PendingRequests: sendNotLeaderResponses
2020-07-22 12:33:52,245 [org.apache.ratis.server.impl.LogAppender$AppenderDaemon$$Lambda$428/1470153499@2fd23ec1] WARN  server.GrpcLogAppender (GrpcLogAppender.java:mayWait(153)) - 48b67410-02a7-4c3c-a008-f346ec25aee5@group-992D786A5571->cbf3b94c-a31f-438c-8480-20d914ac9d1c-GrpcLogAppender: Wait interrupted by java.lang.InterruptedException
2020-07-22 12:33:52,245 [ForkJoinPool.commonPool-worker-1] INFO  metrics.RatisMetrics (RatisMetrics.java:unregister(43)) - Unregistering Metrics Registry : ratis.log_appender.48b67410-02a7-4c3c-a008-f346ec25aee5@group-992D786A5571
2020-07-22 12:33:52,245 [org.apache.ratis.server.impl.LogAppender$AppenderDaemon$$Lambda$428/1470153499@65561a48] WARN  server.GrpcLogAppender (GrpcLogAppender.java:mayWait(153)) - 48b67410-02a7-4c3c-a008-f346ec25aee5@group-992D786A5571->d6264bd5-628b-4389-82c0-e2589ee55aba-GrpcLogAppender: Wait interrupted by java.lang.InterruptedException
2020-07-22 12:33:52,246 [ForkJoinPool.commonPool-worker-1] INFO  metrics.RatisMetrics (RatisMetrics.java:unregister(43)) - Unregistering Metrics Registry : ratis.server.48b67410-02a7-4c3c-a008-f346ec25aee5@group-992D786A5571
2020-07-22 12:33:52,247 [48b67410-02a7-4c3c-a008-f346ec25aee5@group-992D786A5571-StateMachineUpdater] INFO  ratis.ContainerStateMachine (ContainerStateMachine.java:takeSnapshot(293)) - group-992D786A5571: Taking a snapshot at:(t:1, i:0) file /github/workspace/mnt/ozone/hadoop-ozone/integration-test/target/test-dir/MiniOzoneClusterImpl-27133a7a-4276-4edb-aad9-b93835fdb948/datanode-3/data/ratis/1d7d8fe0-aec6-4d19-bd70-992d786a5571/sm/snapshot.1_0
2020-07-22 12:33:52,247 [ForkJoinPool.commonPool-worker-1] INFO  impl.StateMachineUpdater (StateMachineUpdater.java:stopAndJoin(142)) - 48b67410-02a7-4c3c-a008-f346ec25aee5@group-992D786A5571-StateMachineUpdater: set stopIndex = 0
2020-07-22 12:33:52,248 [48b67410-02a7-4c3c-a008-f346ec25aee5@group-992D786A5571-StateMachineUpdater] INFO  ratis.ContainerStateMachine (ContainerStateMachine.java:takeSnapshot(304)) - group-992D786A5571: Finished taking a snapshot at:(t:1, i:0) file:/github/workspace/mnt/ozone/hadoop-ozone/integration-test/target/test-dir/MiniOzoneClusterImpl-27133a7a-4276-4edb-aad9-b93835fdb948/datanode-3/data/ratis/1d7d8fe0-aec6-4d19-bd70-992d786a5571/sm/snapshot.1_0 time:1
2020-07-22 12:33:52,248 [48b67410-02a7-4c3c-a008-f346ec25aee5@group-992D786A5571-StateMachineUpdater] INFO  impl.StateMachineUpdater (StateMachineUpdater.java:takeSnapshot(277)) - 48b67410-02a7-4c3c-a008-f346ec25aee5@group-992D786A5571-StateMachineUpdater: Took a snapshot at index 0
2020-07-22 12:33:52,248 [48b67410-02a7-4c3c-a008-f346ec25aee5@group-992D786A5571-StateMachineUpdater] INFO  impl.StateMachineUpdater (StateMachineUpdater.java:lambda$new$0(87)) - 48b67410-02a7-4c3c-a008-f346ec25aee5@group-992D786A5571-StateMachineUpdater: snapshotIndex: updateIncreasingly -1 -> 0
2020-07-22 12:33:52,248 [48b67410-02a7-4c3c-a008-f346ec25aee5@group-992D786A5571-StateMachineUpdater] INFO  metrics.RatisMetrics (RatisMetrics.java:unregister(43)) - Unregistering Metrics Registry : ratis.state_machine.48b67410-02a7-4c3c-a008-f346ec25aee5@group-992D786A5571
2020-07-22 12:33:52,251 [ForkJoinPool.commonPool-worker-1] INFO  impl.RaftServerImpl (ServerState.java:close(387)) - 48b67410-02a7-4c3c-a008-f346ec25aee5@group-992D786A5571: closes. applyIndex: 0
2020-07-22 12:33:52,251 [48b67410-02a7-4c3c-a008-f346ec25aee5@group-992D786A5571-SegmentedRaftLogWorker] INFO  segmented.SegmentedRaftLogWorker (SegmentedRaftLogWorker.java:run(327)) - 48b67410-02a7-4c3c-a008-f346ec25aee5@group-992D786A5571-SegmentedRaftLogWorker was interrupted, exiting. There are 0 tasks remaining in the queue.
2020-07-22 12:33:52,252 [ForkJoinPool.commonPool-worker-1] INFO  segmented.SegmentedRaftLogWorker (SegmentedRaftLogWorker.java:close(234)) - 48b67410-02a7-4c3c-a008-f346ec25aee5@group-992D786A5571-SegmentedRaftLogWorker close()
2020-07-22 12:33:52,253 [ForkJoinPool.commonPool-worker-1] INFO  metrics.RatisMetrics (RatisMetrics.java:unregister(43)) - Unregistering Metrics Registry : ratis.log_worker.48b67410-02a7-4c3c-a008-f346ec25aee5@group-992D786A5571
2020-07-22 12:33:52,254 [ForkJoinPool.commonPool-worker-1] INFO  metrics.RatisMetrics (RatisMetrics.java:unregister(43)) - Unregistering Metrics Registry : ratis.leader_election.48b67410-02a7-4c3c-a008-f346ec25aee5@group-992D786A5571
2020-07-22 12:33:52,254 [ForkJoinPool.commonPool-worker-1] INFO  metrics.RatisMetrics (RatisMetrics.java:unregister(43)) - Unregistering Metrics Registry : ratis.server.48b67410-02a7-4c3c-a008-f346ec25aee5@group-992D786A5571
2020-07-22 12:33:52,254 [ForkJoinPool.commonPool-worker-1] INFO  impl.RaftServerImpl (RaftServerImpl.java:lambda$shutdown$3(263)) - 48b67410-02a7-4c3c-a008-f346ec25aee5@group-66379B4596B2: shutdown
2020-07-22 12:33:52,256 [ForkJoinPool.commonPool-worker-1] INFO  util.JmxRegister (JmxRegister.java:unregister(73)) - Successfully un-registered JMX Bean with object name Ratis:service=RaftServer,group=group-66379B4596B2,id=48b67410-02a7-4c3c-a008-f346ec25aee5
2020-07-22 12:33:52,256 [ForkJoinPool.commonPool-worker-1] INFO  impl.RoleInfo (RoleInfo.java:shutdownLeaderState(104)) - 48b67410-02a7-4c3c-a008-f346ec25aee5: shutdown LeaderState
2020-07-22 12:33:52,256 [ForkJoinPool.commonPool-worker-1] INFO  impl.PendingRequests (PendingRequests.java:sendNotLeaderResponses(249)) - 48b67410-02a7-4c3c-a008-f346ec25aee5@group-66379B4596B2-PendingRequests: sendNotLeaderResponses
2020-07-22 12:33:52,257 [ForkJoinPool.commonPool-worker-1] INFO  metrics.RatisMetrics (RatisMetrics.java:unregister(43)) - Unregistering Metrics Registry : ratis.log_appender.48b67410-02a7-4c3c-a008-f346ec25aee5@group-66379B4596B2
2020-07-22 12:33:52,257 [ForkJoinPool.commonPool-worker-1] INFO  metrics.RatisMetrics (RatisMetrics.java:unregister(43)) - Unregistering Metrics Registry : ratis.server.48b67410-02a7-4c3c-a008-f346ec25aee5@group-66379B4596B2
2020-07-22 12:33:52,258 [ForkJoinPool.commonPool-worker-1] INFO  impl.StateMachineUpdater (StateMachineUpdater.java:stopAndJoin(142)) - 48b67410-02a7-4c3c-a008-f346ec25aee5@group-66379B4596B2-StateMachineUpdater: set stopIndex = 0
2020-07-22 12:33:52,258 [48b67410-02a7-4c3c-a008-f346ec25aee5@group-66379B4596B2-StateMachineUpdater] INFO  ratis.ContainerStateMachine (ContainerStateMachine.java:takeSnapshot(293)) - group-66379B4596B2: Taking a snapshot at:(t:1, i:0) file /github/workspace/mnt/ozone/hadoop-ozone/integration-test/target/test-dir/MiniOzoneClusterImpl-27133a7a-4276-4edb-aad9-b93835fdb948/datanode-3/data/ratis/17745301-e484-4fd4-bdd9-66379b4596b2/sm/snapshot.1_0
2020-07-22 12:33:52,259 [48b67410-02a7-4c3c-a008-f346ec25aee5@group-66379B4596B2-StateMachineUpdater] INFO  ratis.ContainerStateMachine (ContainerStateMachine.java:takeSnapshot(304)) - group-66379B4596B2: Finished taking a snapshot at:(t:1, i:0) file:/github/workspace/mnt/ozone/hadoop-ozone/integration-test/target/test-dir/MiniOzoneClusterImpl-27133a7a-4276-4edb-aad9-b93835fdb948/datanode-3/data/ratis/17745301-e484-4fd4-bdd9-66379b4596b2/sm/snapshot.1_0 time:1
2020-07-22 12:33:52,259 [48b67410-02a7-4c3c-a008-f346ec25aee5@group-66379B4596B2-StateMachineUpdater] INFO  impl.StateMachineUpdater (StateMachineUpdater.java:takeSnapshot(277)) - 48b67410-02a7-4c3c-a008-f346ec25aee5@group-66379B4596B2-StateMachineUpdater: Took a snapshot at index 0
2020-07-22 12:33:52,259 [48b67410-02a7-4c3c-a008-f346ec25aee5@group-66379B4596B2-StateMachineUpdater] INFO  impl.StateMachineUpdater (StateMachineUpdater.java:lambda$new$0(87)) - 48b67410-02a7-4c3c-a008-f346ec25aee5@group-66379B4596B2-StateMachineUpdater: snapshotIndex: updateIncreasingly -1 -> 0
2020-07-22 12:33:52,259 [48b67410-02a7-4c3c-a008-f346ec25aee5@group-66379B4596B2-StateMachineUpdater] INFO  metrics.RatisMetrics (RatisMetrics.java:unregister(43)) - Unregistering Metrics Registry : ratis.state_machine.48b67410-02a7-4c3c-a008-f346ec25aee5@group-66379B4596B2
2020-07-22 12:33:52,259 [ForkJoinPool.commonPool-worker-1] INFO  impl.RaftServerImpl (ServerState.java:close(387)) - 48b67410-02a7-4c3c-a008-f346ec25aee5@group-66379B4596B2: closes. applyIndex: 0
2020-07-22 12:33:52,259 [48b67410-02a7-4c3c-a008-f346ec25aee5@group-66379B4596B2-SegmentedRaftLogWorker] INFO  segmented.SegmentedRaftLogWorker (SegmentedRaftLogWorker.java:run(327)) - 48b67410-02a7-4c3c-a008-f346ec25aee5@group-66379B4596B2-SegmentedRaftLogWorker was interrupted, exiting. There are 0 tasks remaining in the queue.
2020-07-22 12:33:52,259 [Listener at 127.0.0.1/42799] INFO  statemachine.DatanodeStateMachine (DatanodeStateMachine.java:stopDaemon(428)) - Ozone container server stopped.
2020-07-22 12:33:52,260 [ForkJoinPool.commonPool-worker-1] INFO  segmented.SegmentedRaftLogWorker (SegmentedRaftLogWorker.java:close(234)) - 48b67410-02a7-4c3c-a008-f346ec25aee5@group-66379B4596B2-SegmentedRaftLogWorker close()
2020-07-22 12:33:52,262 [ForkJoinPool.commonPool-worker-1] INFO  metrics.RatisMetrics (RatisMetrics.java:unregister(43)) - Unregistering Metrics Registry : ratis.log_worker.48b67410-02a7-4c3c-a008-f346ec25aee5@group-66379B4596B2
2020-07-22 12:33:52,262 [ForkJoinPool.commonPool-worker-1] INFO  metrics.RatisMetrics (RatisMetrics.java:unregister(43)) - Unregistering Metrics Registry : ratis.leader_election.48b67410-02a7-4c3c-a008-f346ec25aee5@group-66379B4596B2
2020-07-22 12:33:52,262 [ForkJoinPool.commonPool-worker-1] INFO  metrics.RatisMetrics (RatisMetrics.java:unregister(43)) - Unregistering Metrics Registry : ratis.server.48b67410-02a7-4c3c-a008-f346ec25aee5@group-66379B4596B2
2020-07-22 12:33:52,262 [ForkJoinPool.commonPool-worker-1] INFO  server.GrpcService (GrpcService.java:closeImpl(166)) - 48b67410-02a7-4c3c-a008-f346ec25aee5: shutdown server with port 43115 now
2020-07-22 12:33:52,263 [ForkJoinPool.commonPool-worker-1] INFO  server.GrpcService (GrpcService.java:closeImpl(174)) - 48b67410-02a7-4c3c-a008-f346ec25aee5: shutdown server with port 43115 successfully
2020-07-22 12:33:52,265 [ForkJoinPool.commonPool-worker-1] INFO  utils.BackgroundService (BackgroundService.java:shutdown(157)) - Shutting down service BlockDeletingService
2020-07-22 12:33:52,268 [ForkJoinPool.commonPool-worker-1] INFO  statemachine.DatanodeStateMachine (DatanodeStateMachine.java:stopDaemon(428)) - Ozone container server stopped.
2020-07-22 12:33:52,283 [Listener at 127.0.0.1/42799] INFO  handler.ContextHandler (ContextHandler.java:doStop(1016)) - Stopped o.e.j.w.WebAppContext@96277ae{hddsDatanode,/,null,UNAVAILABLE}{jar:file:/home/user/.m2/repository/org/apache/hadoop/hadoop-hdds-container-service/0.6.0-SNAPSHOT/hadoop-hdds-container-service-0.6.0-SNAPSHOT.jar!/webapps/hddsDatanode}
2020-07-22 12:33:52,284 [ForkJoinPool.commonPool-worker-1] INFO  handler.ContextHandler (ContextHandler.java:doStop(1016)) - Stopped o.e.j.w.WebAppContext@4a281ae0{hddsDatanode,/,null,UNAVAILABLE}{jar:file:/home/user/.m2/repository/org/apache/hadoop/hadoop-hdds-container-service/0.6.0-SNAPSHOT/hadoop-hdds-container-service-0.6.0-SNAPSHOT.jar!/webapps/hddsDatanode}
2020-07-22 12:33:52,285 [ForkJoinPool.commonPool-worker-1] INFO  server.AbstractConnector (AbstractConnector.java:doStop(380)) - Stopped ServerConnector@110ed523{HTTP/1.1,[http/1.1]}{0.0.0.0:0}
2020-07-22 12:33:52,285 [ForkJoinPool.commonPool-worker-1] INFO  server.session (HouseKeeper.java:stopScavenging(158)) - node0 Stopped scavenging
2020-07-22 12:33:52,285 [Listener at 127.0.0.1/42799] INFO  server.AbstractConnector (AbstractConnector.java:doStop(380)) - Stopped ServerConnector@735b638{HTTP/1.1,[http/1.1]}{0.0.0.0:0}
2020-07-22 12:33:52,286 [Listener at 127.0.0.1/42799] INFO  server.session (HouseKeeper.java:stopScavenging(158)) - node0 Stopped scavenging
2020-07-22 12:33:52,287 [Listener at 127.0.0.1/42799] INFO  handler.ContextHandler (ContextHandler.java:doStop(1016)) - Stopped o.e.j.s.ServletContextHandler@23ea17e{static,/static,jar:file:/home/user/.m2/repository/org/apache/hadoop/hadoop-hdds-container-service/0.6.0-SNAPSHOT/hadoop-hdds-container-service-0.6.0-SNAPSHOT.jar!/webapps/static,UNAVAILABLE}
2020-07-22 12:33:52,287 [Listener at 127.0.0.1/42799] INFO  handler.ContextHandler (ContextHandler.java:doStop(1016)) - Stopped o.e.j.s.ServletContextHandler@6f2d77e9{logs,/logs,file:///github/workspace/mnt/ozone/hadoop-ozone/integration-test/target/log,UNAVAILABLE}
2020-07-22 12:33:52,286 [ForkJoinPool.commonPool-worker-1] INFO  handler.ContextHandler (ContextHandler.java:doStop(1016)) - Stopped o.e.j.s.ServletContextHandler@2683fbab{static,/static,jar:file:/home/user/.m2/repository/org/apache/hadoop/hadoop-hdds-container-service/0.6.0-SNAPSHOT/hadoop-hdds-container-service-0.6.0-SNAPSHOT.jar!/webapps/static,UNAVAILABLE}
2020-07-22 12:33:52,288 [ForkJoinPool.commonPool-worker-1] INFO  handler.ContextHandler (ContextHandler.java:doStop(1016)) - Stopped o.e.j.s.ServletContextHandler@7edc785e{logs,/logs,file:///github/workspace/mnt/ozone/hadoop-ozone/integration-test/target/log,UNAVAILABLE}
2020-07-22 12:33:52,311 [grpc-default-executor-7] WARN  server.GrpcLogAppender (LogUtils.java:warn(122)) - 13de87ee-83ad-45df-97c4-bee39bf390b1@group-A0E25ADDD1BF->1cc64804-5db2-44d9-9a87-fdc1313ba49d-AppendLogResponseHandler: Failed appendEntries: org.apache.ratis.thirdparty.io.grpc.StatusRuntimeException: UNAVAILABLE: io exception
2020-07-22 12:33:52,311 [grpc-default-executor-7] INFO  impl.FollowerInfo (FollowerInfo.java:lambda$new$0(51)) - 13de87ee-83ad-45df-97c4-bee39bf390b1@group-A0E25ADDD1BF->1cc64804-5db2-44d9-9a87-fdc1313ba49d: nextIndex: updateUnconditionally 1 -> 0
2020-07-22 12:33:52,917 [Datanode State Machine Thread - 0] INFO  statemachine.DatanodeStateMachine (DatanodeStateMachine.java:lambda$startDaemon$0(380)) - Ozone container server started.
2020-07-22 12:33:53,164 [Datanode State Machine Thread - 0] INFO  statemachine.DatanodeStateMachine (DatanodeStateMachine.java:lambda$startDaemon$0(380)) - Ozone container server started.
2020-07-22 12:33:54,814 [grpc-default-executor-4] WARN  server.GrpcLogAppender (LogUtils.java:warn(122)) - 13de87ee-83ad-45df-97c4-bee39bf390b1@group-A0E25ADDD1BF->1cc64804-5db2-44d9-9a87-fdc1313ba49d-AppendLogResponseHandler: Failed appendEntries: org.apache.ratis.thirdparty.io.grpc.StatusRuntimeException: UNAVAILABLE: io exception
2020-07-22 12:33:54,814 [grpc-default-executor-4] INFO  impl.FollowerInfo (FollowerInfo.java:lambda$new$0(51)) - 13de87ee-83ad-45df-97c4-bee39bf390b1@group-A0E25ADDD1BF->1cc64804-5db2-44d9-9a87-fdc1313ba49d: nextIndex: updateUnconditionally 1 -> 0
2020-07-22 12:33:57,292 [ForkJoinPool.commonPool-worker-1] INFO  ozoneimpl.OzoneContainer (OzoneContainer.java:stop(250)) - Attempting to stop container services.
2020-07-22 12:33:57,292 [ForkJoinPool.commonPool-worker-1] INFO  impl.RaftServerProxy (RaftServerProxy.java:lambda$close$4(319)) - d5a0b463-2013-4be7-b2a9-4f4f38929cc0: close
2020-07-22 12:33:57,292 [Listener at 127.0.0.1/42799] INFO  ozoneimpl.OzoneContainer (OzoneContainer.java:stop(250)) - Attempting to stop container services.
2020-07-22 12:33:57,292 [Listener at 127.0.0.1/42799] INFO  impl.RaftServerProxy (RaftServerProxy.java:lambda$close$4(319)) - 6a8f51fc-5a65-4029-99ea-81b8e3132c48: close
2020-07-22 12:33:57,292 [ForkJoinPool.commonPool-worker-1] INFO  impl.RaftServerImpl (RaftServerImpl.java:lambda$shutdown$3(263)) - d5a0b463-2013-4be7-b2a9-4f4f38929cc0@group-A0E25ADDD1BF: shutdown
2020-07-22 12:33:57,293 [ForkJoinPool.commonPool-worker-1] INFO  util.JmxRegister (JmxRegister.java:unregister(73)) - Successfully un-registered JMX Bean with object name Ratis:service=RaftServer,group=group-A0E25ADDD1BF,id=d5a0b463-2013-4be7-b2a9-4f4f38929cc0
2020-07-22 12:33:57,293 [ForkJoinPool.commonPool-worker-1] INFO  impl.RoleInfo (RoleInfo.java:shutdownFollowerState(121)) - d5a0b463-2013-4be7-b2a9-4f4f38929cc0: shutdown FollowerState
2020-07-22 12:33:57,293 [ForkJoinPool.commonPool-worker-1] INFO  impl.StateMachineUpdater (StateMachineUpdater.java:stopAndJoin(142)) - d5a0b463-2013-4be7-b2a9-4f4f38929cc0@group-A0E25ADDD1BF-StateMachineUpdater: set stopIndex = 0
2020-07-22 12:33:57,293 [d5a0b463-2013-4be7-b2a9-4f4f38929cc0@group-A0E25ADDD1BF-StateMachineUpdater] INFO  ratis.ContainerStateMachine (ContainerStateMachine.java:takeSnapshot(293)) - group-A0E25ADDD1BF: Taking a snapshot at:(t:1, i:0) file /github/workspace/mnt/ozone/hadoop-ozone/integration-test/target/test-dir/MiniOzoneClusterImpl-27133a7a-4276-4edb-aad9-b93835fdb948/datanode-0/data/ratis/6439c0fb-e42f-43cb-9890-a0e25addd1bf/sm/snapshot.1_0
2020-07-22 12:33:57,293 [Listener at 127.0.0.1/42799] INFO  impl.RaftServerImpl (RaftServerImpl.java:lambda$shutdown$3(263)) - 6a8f51fc-5a65-4029-99ea-81b8e3132c48@group-FB061B3BD71D: shutdown
2020-07-22 12:33:57,293 [Thread-1397] INFO  impl.FollowerState (FollowerState.java:run(117)) - d5a0b463-2013-4be7-b2a9-4f4f38929cc0@group-A0E25ADDD1BF-FollowerState was interrupted: java.lang.InterruptedException: sleep interrupted
2020-07-22 12:33:57,294 [Listener at 127.0.0.1/42799] INFO  util.JmxRegister (JmxRegister.java:unregister(73)) - Successfully un-registered JMX Bean with object name Ratis:service=RaftServer,group=group-FB061B3BD71D,id=6a8f51fc-5a65-4029-99ea-81b8e3132c48
2020-07-22 12:33:57,295 [Listener at 127.0.0.1/42799] INFO  impl.RoleInfo (RoleInfo.java:shutdownFollowerState(121)) - 6a8f51fc-5a65-4029-99ea-81b8e3132c48: shutdown FollowerState
2020-07-22 12:33:57,295 [Listener at 127.0.0.1/42799] INFO  impl.StateMachineUpdater (StateMachineUpdater.java:stopAndJoin(142)) - 6a8f51fc-5a65-4029-99ea-81b8e3132c48@group-FB061B3BD71D-StateMachineUpdater: set stopIndex = 0
2020-07-22 12:33:57,295 [d5a0b463-2013-4be7-b2a9-4f4f38929cc0@group-A0E25ADDD1BF-StateMachineUpdater] INFO  ratis.ContainerStateMachine (ContainerStateMachine.java:takeSnapshot(304)) - group-A0E25ADDD1BF: Finished taking a snapshot at:(t:1, i:0) file:/github/workspace/mnt/ozone/hadoop-ozone/integration-test/target/test-dir/MiniOzoneClusterImpl-27133a7a-4276-4edb-aad9-b93835fdb948/datanode-0/data/ratis/6439c0fb-e42f-43cb-9890-a0e25addd1bf/sm/snapshot.1_0 time:1
2020-07-22 12:33:57,295 [6a8f51fc-5a65-4029-99ea-81b8e3132c48@group-FB061B3BD71D-StateMachineUpdater] INFO  ratis.ContainerStateMachine (ContainerStateMachine.java:takeSnapshot(293)) - group-FB061B3BD71D: Taking a snapshot at:(t:1, i:0) file /github/workspace/mnt/ozone/hadoop-ozone/integration-test/target/test-dir/MiniOzoneClusterImpl-27133a7a-4276-4edb-aad9-b93835fdb948/datanode-7/data/ratis/39facacb-e427-42b1-8966-fb061b3bd71d/sm/snapshot.1_0
2020-07-22 12:33:57,296 [Thread-1353] INFO  impl.FollowerState (FollowerState.java:run(117)) - 6a8f51fc-5a65-4029-99ea-81b8e3132c48@group-FB061B3BD71D-FollowerState was interrupted: java.lang.InterruptedException: sleep interrupted
2020-07-22 12:33:57,296 [d5a0b463-2013-4be7-b2a9-4f4f38929cc0@group-A0E25ADDD1BF-StateMachineUpdater] INFO  impl.StateMachineUpdater (StateMachineUpdater.java:takeSnapshot(277)) - d5a0b463-2013-4be7-b2a9-4f4f38929cc0@group-A0E25ADDD1BF-StateMachineUpdater: Took a snapshot at index 0
2020-07-22 12:33:57,296 [d5a0b463-2013-4be7-b2a9-4f4f38929cc0@group-A0E25ADDD1BF-StateMachineUpdater] INFO  impl.StateMachineUpdater (StateMachineUpdater.java:lambda$new$0(87)) - d5a0b463-2013-4be7-b2a9-4f4f38929cc0@group-A0E25ADDD1BF-StateMachineUpdater: snapshotIndex: updateIncreasingly -1 -> 0
2020-07-22 12:33:57,296 [d5a0b463-2013-4be7-b2a9-4f4f38929cc0@group-A0E25ADDD1BF-StateMachineUpdater] INFO  metrics.RatisMetrics (RatisMetrics.java:unregister(43)) - Unregistering Metrics Registry : ratis.state_machine.d5a0b463-2013-4be7-b2a9-4f4f38929cc0@group-A0E25ADDD1BF
2020-07-22 12:33:57,296 [6a8f51fc-5a65-4029-99ea-81b8e3132c48@group-FB061B3BD71D-StateMachineUpdater] INFO  ratis.ContainerStateMachine (ContainerStateMachine.java:takeSnapshot(304)) - group-FB061B3BD71D: Finished taking a snapshot at:(t:1, i:0) file:/github/workspace/mnt/ozone/hadoop-ozone/integration-test/target/test-dir/MiniOzoneClusterImpl-27133a7a-4276-4edb-aad9-b93835fdb948/datanode-7/data/ratis/39facacb-e427-42b1-8966-fb061b3bd71d/sm/snapshot.1_0 time:0
2020-07-22 12:33:57,296 [ForkJoinPool.commonPool-worker-1] INFO  impl.RaftServerImpl (ServerState.java:close(387)) - d5a0b463-2013-4be7-b2a9-4f4f38929cc0@group-A0E25ADDD1BF: closes. applyIndex: 0
2020-07-22 12:33:57,296 [6a8f51fc-5a65-4029-99ea-81b8e3132c48@group-FB061B3BD71D-StateMachineUpdater] INFO  impl.StateMachineUpdater (StateMachineUpdater.java:takeSnapshot(277)) - 6a8f51fc-5a65-4029-99ea-81b8e3132c48@group-FB061B3BD71D-StateMachineUpdater: Took a snapshot at index 0
2020-07-22 12:33:57,297 [d5a0b463-2013-4be7-b2a9-4f4f38929cc0@group-A0E25ADDD1BF-SegmentedRaftLogWorker] INFO  segmented.SegmentedRaftLogWorker (SegmentedRaftLogWorker.java:run(327)) - d5a0b463-2013-4be7-b2a9-4f4f38929cc0@group-A0E25ADDD1BF-SegmentedRaftLogWorker was interrupted, exiting. There are 0 tasks remaining in the queue.
2020-07-22 12:33:57,297 [6a8f51fc-5a65-4029-99ea-81b8e3132c48@group-FB061B3BD71D-StateMachineUpdater] INFO  impl.StateMachineUpdater (StateMachineUpdater.java:lambda$new$0(87)) - 6a8f51fc-5a65-4029-99ea-81b8e3132c48@group-FB061B3BD71D-StateMachineUpdater: snapshotIndex: updateIncreasingly -1 -> 0
2020-07-22 12:33:57,297 [6a8f51fc-5a65-4029-99ea-81b8e3132c48@group-FB061B3BD71D-StateMachineUpdater] INFO  metrics.RatisMetrics (RatisMetrics.java:unregister(43)) - Unregistering Metrics Registry : ratis.state_machine.6a8f51fc-5a65-4029-99ea-81b8e3132c48@group-FB061B3BD71D
2020-07-22 12:33:57,297 [Listener at 127.0.0.1/42799] INFO  impl.RaftServerImpl (ServerState.java:close(387)) - 6a8f51fc-5a65-4029-99ea-81b8e3132c48@group-FB061B3BD71D: closes. applyIndex: 0
2020-07-22 12:33:57,298 [ForkJoinPool.commonPool-worker-1] INFO  segmented.SegmentedRaftLogWorker (SegmentedRaftLogWorker.java:close(234)) - d5a0b463-2013-4be7-b2a9-4f4f38929cc0@group-A0E25ADDD1BF-SegmentedRaftLogWorker close()
2020-07-22 12:33:57,298 [6a8f51fc-5a65-4029-99ea-81b8e3132c48@group-FB061B3BD71D-SegmentedRaftLogWorker] INFO  segmented.SegmentedRaftLogWorker (SegmentedRaftLogWorker.java:run(327)) - 6a8f51fc-5a65-4029-99ea-81b8e3132c48@group-FB061B3BD71D-SegmentedRaftLogWorker was interrupted, exiting. There are 0 tasks remaining in the queue.
2020-07-22 12:33:57,299 [ForkJoinPool.commonPool-worker-1] INFO  metrics.RatisMetrics (RatisMetrics.java:unregister(43)) - Unregistering Metrics Registry : ratis.log_worker.d5a0b463-2013-4be7-b2a9-4f4f38929cc0@group-A0E25ADDD1BF
2020-07-22 12:33:57,299 [ForkJoinPool.commonPool-worker-1] INFO  metrics.RatisMetrics (RatisMetrics.java:unregister(43)) - Unregistering Metrics Registry : ratis.leader_election.d5a0b463-2013-4be7-b2a9-4f4f38929cc0@group-A0E25ADDD1BF
2020-07-22 12:33:57,299 [ForkJoinPool.commonPool-worker-1] INFO  metrics.RatisMetrics (RatisMetrics.java:unregister(43)) - Unregistering Metrics Registry : ratis.server.d5a0b463-2013-4be7-b2a9-4f4f38929cc0@group-A0E25ADDD1BF
2020-07-22 12:33:57,299 [ForkJoinPool.commonPool-worker-1] INFO  impl.RaftServerImpl (RaftServerImpl.java:lambda$shutdown$3(263)) - d5a0b463-2013-4be7-b2a9-4f4f38929cc0@group-0624427C6167: shutdown
2020-07-22 12:33:57,299 [ForkJoinPool.commonPool-worker-1] INFO  util.JmxRegister (JmxRegister.java:unregister(73)) - Successfully un-registered JMX Bean with object name Ratis:service=RaftServer,group=group-0624427C6167,id=d5a0b463-2013-4be7-b2a9-4f4f38929cc0
2020-07-22 12:33:57,300 [ForkJoinPool.commonPool-worker-1] INFO  impl.RoleInfo (RoleInfo.java:shutdownLeaderState(104)) - d5a0b463-2013-4be7-b2a9-4f4f38929cc0: shutdown LeaderState
2020-07-22 12:33:57,300 [ForkJoinPool.commonPool-worker-1] INFO  impl.PendingRequests (PendingRequests.java:sendNotLeaderResponses(249)) - d5a0b463-2013-4be7-b2a9-4f4f38929cc0@group-0624427C6167-PendingRequests: sendNotLeaderResponses
2020-07-22 12:33:57,300 [ForkJoinPool.commonPool-worker-1] INFO  metrics.RatisMetrics (RatisMetrics.java:unregister(43)) - Unregistering Metrics Registry : ratis.log_appender.d5a0b463-2013-4be7-b2a9-4f4f38929cc0@group-0624427C6167
2020-07-22 12:33:57,300 [ForkJoinPool.commonPool-worker-1] INFO  metrics.RatisMetrics (RatisMetrics.java:unregister(43)) - Unregistering Metrics Registry : ratis.server.d5a0b463-2013-4be7-b2a9-4f4f38929cc0@group-0624427C6167
2020-07-22 12:33:57,301 [ForkJoinPool.commonPool-worker-1] INFO  impl.StateMachineUpdater (StateMachineUpdater.java:stopAndJoin(142)) - d5a0b463-2013-4be7-b2a9-4f4f38929cc0@group-0624427C6167-StateMachineUpdater: set stopIndex = 0
2020-07-22 12:33:57,303 [d5a0b463-2013-4be7-b2a9-4f4f38929cc0@group-0624427C6167-StateMachineUpdater] INFO  ratis.ContainerStateMachine (ContainerStateMachine.java:takeSnapshot(293)) - group-0624427C6167: Taking a snapshot at:(t:1, i:0) file /github/workspace/mnt/ozone/hadoop-ozone/integration-test/target/test-dir/MiniOzoneClusterImpl-27133a7a-4276-4edb-aad9-b93835fdb948/datanode-0/data/ratis/2b884c04-d8b4-4162-98f2-0624427c6167/sm/snapshot.1_0
2020-07-22 12:33:57,303 [Listener at 127.0.0.1/42799] INFO  segmented.SegmentedRaftLogWorker (SegmentedRaftLogWorker.java:close(234)) - 6a8f51fc-5a65-4029-99ea-81b8e3132c48@group-FB061B3BD71D-SegmentedRaftLogWorker close()
2020-07-22 12:33:57,304 [d5a0b463-2013-4be7-b2a9-4f4f38929cc0@group-0624427C6167-StateMachineUpdater] INFO  ratis.ContainerStateMachine (ContainerStateMachine.java:takeSnapshot(304)) - group-0624427C6167: Finished taking a snapshot at:(t:1, i:0) file:/github/workspace/mnt/ozone/hadoop-ozone/integration-test/target/test-dir/MiniOzoneClusterImpl-27133a7a-4276-4edb-aad9-b93835fdb948/datanode-0/data/ratis/2b884c04-d8b4-4162-98f2-0624427c6167/sm/snapshot.1_0 time:1
2020-07-22 12:33:57,304 [d5a0b463-2013-4be7-b2a9-4f4f38929cc0@group-0624427C6167-StateMachineUpdater] INFO  impl.StateMachineUpdater (StateMachineUpdater.java:takeSnapshot(277)) - d5a0b463-2013-4be7-b2a9-4f4f38929cc0@group-0624427C6167-StateMachineUpdater: Took a snapshot at index 0
2020-07-22 12:33:57,304 [d5a0b463-2013-4be7-b2a9-4f4f38929cc0@group-0624427C6167-StateMachineUpdater] INFO  impl.StateMachineUpdater (StateMachineUpdater.java:lambda$new$0(87)) - d5a0b463-2013-4be7-b2a9-4f4f38929cc0@group-0624427C6167-StateMachineUpdater: snapshotIndex: updateIncreasingly -1 -> 0
2020-07-22 12:33:57,304 [d5a0b463-2013-4be7-b2a9-4f4f38929cc0@group-0624427C6167-StateMachineUpdater] INFO  metrics.RatisMetrics (RatisMetrics.java:unregister(43)) - Unregistering Metrics Registry : ratis.state_machine.d5a0b463-2013-4be7-b2a9-4f4f38929cc0@group-0624427C6167
2020-07-22 12:33:57,304 [ForkJoinPool.commonPool-worker-1] INFO  impl.RaftServerImpl (ServerState.java:close(387)) - d5a0b463-2013-4be7-b2a9-4f4f38929cc0@group-0624427C6167: closes. applyIndex: 0
2020-07-22 12:33:57,305 [Listener at 127.0.0.1/42799] INFO  metrics.RatisMetrics (RatisMetrics.java:unregister(43)) - Unregistering Metrics Registry : ratis.log_worker.6a8f51fc-5a65-4029-99ea-81b8e3132c48@group-FB061B3BD71D
2020-07-22 12:33:57,305 [Listener at 127.0.0.1/42799] INFO  metrics.RatisMetrics (RatisMetrics.java:unregister(43)) - Unregistering Metrics Registry : ratis.leader_election.6a8f51fc-5a65-4029-99ea-81b8e3132c48@group-FB061B3BD71D
2020-07-22 12:33:57,305 [d5a0b463-2013-4be7-b2a9-4f4f38929cc0@group-0624427C6167-SegmentedRaftLogWorker] INFO  segmented.SegmentedRaftLogWorker (SegmentedRaftLogWorker.java:run(327)) - d5a0b463-2013-4be7-b2a9-4f4f38929cc0@group-0624427C6167-SegmentedRaftLogWorker was interrupted, exiting. There are 0 tasks remaining in the queue.
2020-07-22 12:33:57,305 [Listener at 127.0.0.1/42799] INFO  metrics.RatisMetrics (RatisMetrics.java:unregister(43)) - Unregistering Metrics Registry : ratis.server.6a8f51fc-5a65-4029-99ea-81b8e3132c48@group-FB061B3BD71D
2020-07-22 12:33:57,305 [Listener at 127.0.0.1/42799] INFO  impl.RaftServerImpl (RaftServerImpl.java:lambda$shutdown$3(263)) - 6a8f51fc-5a65-4029-99ea-81b8e3132c48@group-6C3C5ECA1677: shutdown
2020-07-22 12:33:57,306 [Listener at 127.0.0.1/42799] INFO  util.JmxRegister (JmxRegister.java:unregister(73)) - Successfully un-registered JMX Bean with object name Ratis:service=RaftServer,group=group-6C3C5ECA1677,id=6a8f51fc-5a65-4029-99ea-81b8e3132c48
2020-07-22 12:33:57,306 [Listener at 127.0.0.1/42799] INFO  impl.RoleInfo (RoleInfo.java:shutdownLeaderState(104)) - 6a8f51fc-5a65-4029-99ea-81b8e3132c48: shutdown LeaderState
2020-07-22 12:33:57,306 [Listener at 127.0.0.1/42799] INFO  impl.PendingRequests (PendingRequests.java:sendNotLeaderResponses(249)) - 6a8f51fc-5a65-4029-99ea-81b8e3132c48@group-6C3C5ECA1677-PendingRequests: sendNotLeaderResponses
2020-07-22 12:33:57,306 [Listener at 127.0.0.1/42799] INFO  metrics.RatisMetrics (RatisMetrics.java:unregister(43)) - Unregistering Metrics Registry : ratis.log_appender.6a8f51fc-5a65-4029-99ea-81b8e3132c48@group-6C3C5ECA1677
2020-07-22 12:33:57,306 [Listener at 127.0.0.1/42799] INFO  metrics.RatisMetrics (RatisMetrics.java:unregister(43)) - Unregistering Metrics Registry : ratis.server.6a8f51fc-5a65-4029-99ea-81b8e3132c48@group-6C3C5ECA1677
2020-07-22 12:33:57,307 [Listener at 127.0.0.1/42799] INFO  impl.StateMachineUpdater (StateMachineUpdater.java:stopAndJoin(142)) - 6a8f51fc-5a65-4029-99ea-81b8e3132c48@group-6C3C5ECA1677-StateMachineUpdater: set stopIndex = 0
2020-07-22 12:33:57,307 [ForkJoinPool.commonPool-worker-1] INFO  segmented.SegmentedRaftLogWorker (SegmentedRaftLogWorker.java:close(234)) - d5a0b463-2013-4be7-b2a9-4f4f38929cc0@group-0624427C6167-SegmentedRaftLogWorker close()
2020-07-22 12:33:57,308 [6a8f51fc-5a65-4029-99ea-81b8e3132c48@group-6C3C5ECA1677-StateMachineUpdater] INFO  ratis.ContainerStateMachine (ContainerStateMachine.java:takeSnapshot(293)) - group-6C3C5ECA1677: Taking a snapshot at:(t:1, i:0) file /github/workspace/mnt/ozone/hadoop-ozone/integration-test/target/test-dir/MiniOzoneClusterImpl-27133a7a-4276-4edb-aad9-b93835fdb948/datanode-7/data/ratis/64124d48-5aaf-47dc-849f-6c3c5eca1677/sm/snapshot.1_0
2020-07-22 12:33:57,308 [ForkJoinPool.commonPool-worker-1] INFO  metrics.RatisMetrics (RatisMetrics.java:unregister(43)) - Unregistering Metrics Registry : ratis.log_worker.d5a0b463-2013-4be7-b2a9-4f4f38929cc0@group-0624427C6167
2020-07-22 12:33:57,308 [ForkJoinPool.commonPool-worker-1] INFO  metrics.RatisMetrics (RatisMetrics.java:unregister(43)) - Unregistering Metrics Registry : ratis.leader_election.d5a0b463-2013-4be7-b2a9-4f4f38929cc0@group-0624427C6167
2020-07-22 12:33:57,308 [6a8f51fc-5a65-4029-99ea-81b8e3132c48@group-6C3C5ECA1677-StateMachineUpdater] INFO  ratis.ContainerStateMachine (ContainerStateMachine.java:takeSnapshot(304)) - group-6C3C5ECA1677: Finished taking a snapshot at:(t:1, i:0) file:/github/workspace/mnt/ozone/hadoop-ozone/integration-test/target/test-dir/MiniOzoneClusterImpl-27133a7a-4276-4edb-aad9-b93835fdb948/datanode-7/data/ratis/64124d48-5aaf-47dc-849f-6c3c5eca1677/sm/snapshot.1_0 time:1
2020-07-22 12:33:57,309 [ForkJoinPool.commonPool-worker-1] INFO  metrics.RatisMetrics (RatisMetrics.java:unregister(43)) - Unregistering Metrics Registry : ratis.server.d5a0b463-2013-4be7-b2a9-4f4f38929cc0@group-0624427C6167
2020-07-22 12:33:57,309 [6a8f51fc-5a65-4029-99ea-81b8e3132c48@group-6C3C5ECA1677-StateMachineUpdater] INFO  impl.StateMachineUpdater (StateMachineUpdater.java:takeSnapshot(277)) - 6a8f51fc-5a65-4029-99ea-81b8e3132c48@group-6C3C5ECA1677-StateMachineUpdater: Took a snapshot at index 0
2020-07-22 12:33:57,309 [6a8f51fc-5a65-4029-99ea-81b8e3132c48@group-6C3C5ECA1677-StateMachineUpdater] INFO  impl.StateMachineUpdater (StateMachineUpdater.java:lambda$new$0(87)) - 6a8f51fc-5a65-4029-99ea-81b8e3132c48@group-6C3C5ECA1677-StateMachineUpdater: snapshotIndex: updateIncreasingly -1 -> 0
2020-07-22 12:33:57,309 [ForkJoinPool.commonPool-worker-1] INFO  server.GrpcService (GrpcService.java:closeImpl(166)) - d5a0b463-2013-4be7-b2a9-4f4f38929cc0: shutdown server with port 40645 now
2020-07-22 12:33:57,309 [6a8f51fc-5a65-4029-99ea-81b8e3132c48@group-6C3C5ECA1677-StateMachineUpdater] INFO  metrics.RatisMetrics (RatisMetrics.java:unregister(43)) - Unregistering Metrics Registry : ratis.state_machine.6a8f51fc-5a65-4029-99ea-81b8e3132c48@group-6C3C5ECA1677
2020-07-22 12:33:57,310 [Listener at 127.0.0.1/42799] INFO  impl.RaftServerImpl (ServerState.java:close(387)) - 6a8f51fc-5a65-4029-99ea-81b8e3132c48@group-6C3C5ECA1677: closes. applyIndex: 0
2020-07-22 12:33:57,310 [6a8f51fc-5a65-4029-99ea-81b8e3132c48@group-6C3C5ECA1677-SegmentedRaftLogWorker] INFO  segmented.SegmentedRaftLogWorker (SegmentedRaftLogWorker.java:run(327)) - 6a8f51fc-5a65-4029-99ea-81b8e3132c48@group-6C3C5ECA1677-SegmentedRaftLogWorker was interrupted, exiting. There are 0 tasks remaining in the queue.
2020-07-22 12:33:57,311 [Listener at 127.0.0.1/42799] INFO  segmented.SegmentedRaftLogWorker (SegmentedRaftLogWorker.java:close(234)) - 6a8f51fc-5a65-4029-99ea-81b8e3132c48@group-6C3C5ECA1677-SegmentedRaftLogWorker close()
2020-07-22 12:33:57,311 [Listener at 127.0.0.1/42799] INFO  metrics.RatisMetrics (RatisMetrics.java:unregister(43)) - Unregistering Metrics Registry : ratis.log_worker.6a8f51fc-5a65-4029-99ea-81b8e3132c48@group-6C3C5ECA1677
2020-07-22 12:33:57,311 [Listener at 127.0.0.1/42799] INFO  metrics.RatisMetrics (RatisMetrics.java:unregister(43)) - Unregistering Metrics Registry : ratis.leader_election.6a8f51fc-5a65-4029-99ea-81b8e3132c48@group-6C3C5ECA1677
2020-07-22 12:33:57,312 [Listener at 127.0.0.1/42799] INFO  metrics.RatisMetrics (RatisMetrics.java:unregister(43)) - Unregistering Metrics Registry : ratis.server.6a8f51fc-5a65-4029-99ea-81b8e3132c48@group-6C3C5ECA1677
2020-07-22 12:33:57,312 [Listener at 127.0.0.1/42799] INFO  server.GrpcService (GrpcService.java:closeImpl(166)) - 6a8f51fc-5a65-4029-99ea-81b8e3132c48: shutdown server with port 41437 now
2020-07-22 12:33:57,312 [grpc-default-executor-7] WARN  server.GrpcServerProtocolService (LogUtils.java:warn(122)) - d5a0b463-2013-4be7-b2a9-4f4f38929cc0: installSnapshot onError, lastRequest: 13de87ee-83ad-45df-97c4-bee39bf390b1->d5a0b463-2013-4be7-b2a9-4f4f38929cc0#1-t1, previous=(t:0, i:0), leaderCommit=0, initializing? false, entries: size=1, first=(t:1, i:0), CONFIGURATIONENTRY: org.apache.ratis.thirdparty.io.grpc.StatusRuntimeException: CANCELLED: cancelled before receiving half close
2020-07-22 12:33:57,314 [grpc-default-executor-4] WARN  server.GrpcServerProtocolService (LogUtils.java:warn(122)) - 6a8f51fc-5a65-4029-99ea-81b8e3132c48: installSnapshot onError, lastRequest: ed643190-f63c-42a5-a25b-abc89167c706->6a8f51fc-5a65-4029-99ea-81b8e3132c48#1-t1, previous=(t:0, i:0), leaderCommit=-1, initializing? false, entries: size=1, first=(t:1, i:0), CONFIGURATIONENTRY: org.apache.ratis.thirdparty.io.grpc.StatusRuntimeException: CANCELLED: cancelled before receiving half close
2020-07-22 12:33:57,314 [grpc-default-executor-4] WARN  server.GrpcLogAppender (LogUtils.java:warn(122)) - 13de87ee-83ad-45df-97c4-bee39bf390b1@group-A0E25ADDD1BF->d5a0b463-2013-4be7-b2a9-4f4f38929cc0-AppendLogResponseHandler: Failed appendEntries: org.apache.ratis.thirdparty.io.grpc.StatusRuntimeException: CANCELLED: HTTP/2 error code: CANCEL
Received Rst Stream
2020-07-22 12:33:57,314 [grpc-default-executor-4] INFO  impl.FollowerInfo (FollowerInfo.java:lambda$new$0(51)) - 13de87ee-83ad-45df-97c4-bee39bf390b1@group-A0E25ADDD1BF->d5a0b463-2013-4be7-b2a9-4f4f38929cc0: nextIndex: updateUnconditionally 1 -> 0
2020-07-22 12:33:57,315 [grpc-default-executor-1] WARN  server.GrpcLogAppender (LogUtils.java:warn(122)) - ed643190-f63c-42a5-a25b-abc89167c706@group-FB061B3BD71D->6a8f51fc-5a65-4029-99ea-81b8e3132c48-AppendLogResponseHandler: Failed appendEntries: org.apache.ratis.thirdparty.io.grpc.StatusRuntimeException: CANCELLED: HTTP/2 error code: CANCEL
Received Rst Stream
2020-07-22 12:33:57,315 [grpc-default-executor-1] INFO  impl.FollowerInfo (FollowerInfo.java:lambda$new$0(51)) - ed643190-f63c-42a5-a25b-abc89167c706@group-FB061B3BD71D->6a8f51fc-5a65-4029-99ea-81b8e3132c48: nextIndex: updateUnconditionally 1 -> 0
2020-07-22 12:33:57,316 [grpc-default-executor-1] WARN  server.GrpcLogAppender (LogUtils.java:warn(122)) - 13de87ee-83ad-45df-97c4-bee39bf390b1@group-A0E25ADDD1BF->1cc64804-5db2-44d9-9a87-fdc1313ba49d-AppendLogResponseHandler: Failed appendEntries: org.apache.ratis.thirdparty.io.grpc.StatusRuntimeException: UNAVAILABLE: io exception
2020-07-22 12:33:57,316 [grpc-default-executor-1] INFO  impl.FollowerInfo (FollowerInfo.java:lambda$new$0(51)) - 13de87ee-83ad-45df-97c4-bee39bf390b1@group-A0E25ADDD1BF->1cc64804-5db2-44d9-9a87-fdc1313ba49d: nextIndex: updateUnconditionally 1 -> 0
2020-07-22 12:33:57,317 [Listener at 127.0.0.1/42799] INFO  server.GrpcService (GrpcService.java:closeImpl(174)) - 6a8f51fc-5a65-4029-99ea-81b8e3132c48: shutdown server with port 41437 successfully
2020-07-22 12:33:57,318 [Listener at 127.0.0.1/42799] INFO  utils.BackgroundService (BackgroundService.java:shutdown(157)) - Shutting down service BlockDeletingService
2020-07-22 12:33:57,319 [ForkJoinPool.commonPool-worker-1] INFO  server.GrpcService (GrpcService.java:closeImpl(174)) - d5a0b463-2013-4be7-b2a9-4f4f38929cc0: shutdown server with port 40645 successfully
2020-07-22 12:33:57,319 [grpc-default-executor-3] WARN  server.GrpcLogAppender (LogUtils.java:warn(122)) - 13de87ee-83ad-45df-97c4-bee39bf390b1@group-A0E25ADDD1BF->d5a0b463-2013-4be7-b2a9-4f4f38929cc0-AppendLogResponseHandler: Failed appendEntries: org.apache.ratis.thirdparty.io.grpc.StatusRuntimeException: UNAVAILABLE: io exception
2020-07-22 12:33:57,320 [grpc-default-executor-3] INFO  impl.FollowerInfo (FollowerInfo.java:lambda$new$0(51)) - 13de87ee-83ad-45df-97c4-bee39bf390b1@group-A0E25ADDD1BF->d5a0b463-2013-4be7-b2a9-4f4f38929cc0: nextIndex: updateUnconditionally 1 -> 0
2020-07-22 12:33:57,321 [ForkJoinPool.commonPool-worker-1] INFO  utils.BackgroundService (BackgroundService.java:shutdown(157)) - Shutting down service BlockDeletingService
2020-07-22 12:33:57,321 [Listener at 127.0.0.1/42799] INFO  statemachine.DatanodeStateMachine (DatanodeStateMachine.java:stopDaemon(428)) - Ozone container server stopped.
2020-07-22 12:33:57,322 [ForkJoinPool.commonPool-worker-1] INFO  statemachine.DatanodeStateMachine (DatanodeStateMachine.java:stopDaemon(428)) - Ozone container server stopped.
2020-07-22 12:33:57,330 [Listener at 127.0.0.1/42799] INFO  handler.ContextHandler (ContextHandler.java:doStop(1016)) - Stopped o.e.j.w.WebAppContext@589b0021{hddsDatanode,/,null,UNAVAILABLE}{jar:file:/home/user/.m2/repository/org/apache/hadoop/hadoop-hdds-container-service/0.6.0-SNAPSHOT/hadoop-hdds-container-service-0.6.0-SNAPSHOT.jar!/webapps/hddsDatanode}
2020-07-22 12:33:57,333 [Listener at 127.0.0.1/42799] INFO  server.AbstractConnector (AbstractConnector.java:doStop(380)) - Stopped ServerConnector@3e2d5b6{HTTP/1.1,[http/1.1]}{0.0.0.0:0}
2020-07-22 12:33:57,333 [Listener at 127.0.0.1/42799] INFO  server.session (HouseKeeper.java:stopScavenging(158)) - node0 Stopped scavenging
2020-07-22 12:33:57,333 [Listener at 127.0.0.1/42799] INFO  handler.ContextHandler (ContextHandler.java:doStop(1016)) - Stopped o.e.j.s.ServletContextHandler@5814fe43{static,/static,jar:file:/home/user/.m2/repository/org/apache/hadoop/hadoop-hdds-container-service/0.6.0-SNAPSHOT/hadoop-hdds-container-service-0.6.0-SNAPSHOT.jar!/webapps/static,UNAVAILABLE}
2020-07-22 12:33:57,334 [Listener at 127.0.0.1/42799] INFO  handler.ContextHandler (ContextHandler.java:doStop(1016)) - Stopped o.e.j.s.ServletContextHandler@23c9da95{logs,/logs,file:///github/workspace/mnt/ozone/hadoop-ozone/integration-test/target/log,UNAVAILABLE}
2020-07-22 12:33:57,342 [ForkJoinPool.commonPool-worker-1] INFO  handler.ContextHandler (ContextHandler.java:doStop(1016)) - Stopped o.e.j.w.WebAppContext@276ccfec{hddsDatanode,/,null,UNAVAILABLE}{jar:file:/home/user/.m2/repository/org/apache/hadoop/hadoop-hdds-container-service/0.6.0-SNAPSHOT/hadoop-hdds-container-service-0.6.0-SNAPSHOT.jar!/webapps/hddsDatanode}
2020-07-22 12:33:57,344 [ForkJoinPool.commonPool-worker-1] INFO  server.AbstractConnector (AbstractConnector.java:doStop(380)) - Stopped ServerConnector@68ac7598{HTTP/1.1,[http/1.1]}{0.0.0.0:0}
2020-07-22 12:33:57,344 [ForkJoinPool.commonPool-worker-1] INFO  server.session (HouseKeeper.java:stopScavenging(158)) - node0 Stopped scavenging
2020-07-22 12:33:57,345 [ForkJoinPool.commonPool-worker-1] INFO  handler.ContextHandler (ContextHandler.java:doStop(1016)) - Stopped o.e.j.s.ServletContextHandler@2a60cd41{static,/static,jar:file:/home/user/.m2/repository/org/apache/hadoop/hadoop-hdds-container-service/0.6.0-SNAPSHOT/hadoop-hdds-container-service-0.6.0-SNAPSHOT.jar!/webapps/static,UNAVAILABLE}
2020-07-22 12:33:57,346 [ForkJoinPool.commonPool-worker-1] INFO  handler.ContextHandler (ContextHandler.java:doStop(1016)) - Stopped o.e.j.s.ServletContextHandler@5bc1eaa7{logs,/logs,file:///github/workspace/mnt/ozone/hadoop-ozone/integration-test/target/log,UNAVAILABLE}
2020-07-22 12:33:58,112 [Datanode State Machine Thread - 0] INFO  statemachine.DatanodeStateMachine (DatanodeStateMachine.java:lambda$startDaemon$0(380)) - Ozone container server started.
2020-07-22 12:33:58,272 [Datanode State Machine Thread - 0] INFO  statemachine.DatanodeStateMachine (DatanodeStateMachine.java:lambda$startDaemon$0(380)) - Ozone container server started.
2020-07-22 12:33:59,483 [grpc-default-executor-3] WARN  server.GrpcLogAppender (LogUtils.java:warn(122)) - ed643190-f63c-42a5-a25b-abc89167c706@group-FB061B3BD71D->6a8f51fc-5a65-4029-99ea-81b8e3132c48-AppendLogResponseHandler: Failed appendEntries: org.apache.ratis.thirdparty.io.grpc.StatusRuntimeException: UNAVAILABLE: io exception
2020-07-22 12:33:59,484 [grpc-default-executor-3] INFO  impl.FollowerInfo (FollowerInfo.java:lambda$new$0(51)) - ed643190-f63c-42a5-a25b-abc89167c706@group-FB061B3BD71D->6a8f51fc-5a65-4029-99ea-81b8e3132c48: nextIndex: updateUnconditionally 1 -> 0
2020-07-22 12:33:59,818 [grpc-default-executor-7] WARN  server.GrpcLogAppender (LogUtils.java:warn(122)) - 13de87ee-83ad-45df-97c4-bee39bf390b1@group-A0E25ADDD1BF->1cc64804-5db2-44d9-9a87-fdc1313ba49d-AppendLogResponseHandler: Failed appendEntries: org.apache.ratis.thirdparty.io.grpc.StatusRuntimeException: UNAVAILABLE: io exception
2020-07-22 12:33:59,818 [grpc-default-executor-7] INFO  impl.FollowerInfo (FollowerInfo.java:lambda$new$0(51)) - 13de87ee-83ad-45df-97c4-bee39bf390b1@group-A0E25ADDD1BF->1cc64804-5db2-44d9-9a87-fdc1313ba49d: nextIndex: updateUnconditionally 1 -> 0
2020-07-22 12:33:59,821 [grpc-default-executor-3] WARN  server.GrpcLogAppender (LogUtils.java:warn(122)) - 13de87ee-83ad-45df-97c4-bee39bf390b1@group-A0E25ADDD1BF->d5a0b463-2013-4be7-b2a9-4f4f38929cc0-AppendLogResponseHandler: Failed appendEntries: org.apache.ratis.thirdparty.io.grpc.StatusRuntimeException: UNAVAILABLE: io exception
2020-07-22 12:33:59,821 [grpc-default-executor-3] INFO  impl.FollowerInfo (FollowerInfo.java:lambda$new$0(51)) - 13de87ee-83ad-45df-97c4-bee39bf390b1@group-A0E25ADDD1BF->d5a0b463-2013-4be7-b2a9-4f4f38929cc0: nextIndex: updateUnconditionally 1 -> 0
2020-07-22 12:34:01,985 [grpc-default-executor-7] WARN  server.GrpcLogAppender (LogUtils.java:warn(122)) - ed643190-f63c-42a5-a25b-abc89167c706@group-FB061B3BD71D->6a8f51fc-5a65-4029-99ea-81b8e3132c48-AppendLogResponseHandler: Failed appendEntries: org.apache.ratis.thirdparty.io.grpc.StatusRuntimeException: UNAVAILABLE: io exception
2020-07-22 12:34:01,986 [grpc-default-executor-7] INFO  impl.FollowerInfo (FollowerInfo.java:lambda$new$0(51)) - ed643190-f63c-42a5-a25b-abc89167c706@group-FB061B3BD71D->6a8f51fc-5a65-4029-99ea-81b8e3132c48: nextIndex: updateUnconditionally 1 -> 0
2020-07-22 12:34:02,320 [grpc-default-executor-3] WARN  server.GrpcLogAppender (LogUtils.java:warn(122)) - 13de87ee-83ad-45df-97c4-bee39bf390b1@group-A0E25ADDD1BF->1cc64804-5db2-44d9-9a87-fdc1313ba49d-AppendLogResponseHandler: Failed appendEntries: org.apache.ratis.thirdparty.io.grpc.StatusRuntimeException: UNAVAILABLE: io exception
2020-07-22 12:34:02,320 [grpc-default-executor-3] INFO  impl.FollowerInfo (FollowerInfo.java:lambda$new$0(51)) - 13de87ee-83ad-45df-97c4-bee39bf390b1@group-A0E25ADDD1BF->1cc64804-5db2-44d9-9a87-fdc1313ba49d: nextIndex: updateUnconditionally 1 -> 0
2020-07-22 12:34:02,322 [grpc-default-executor-7] WARN  server.GrpcLogAppender (LogUtils.java:warn(122)) - 13de87ee-83ad-45df-97c4-bee39bf390b1@group-A0E25ADDD1BF->d5a0b463-2013-4be7-b2a9-4f4f38929cc0-AppendLogResponseHandler: Failed appendEntries: org.apache.ratis.thirdparty.io.grpc.StatusRuntimeException: UNAVAILABLE: io exception
2020-07-22 12:34:02,322 [grpc-default-executor-7] INFO  impl.FollowerInfo (FollowerInfo.java:lambda$new$0(51)) - 13de87ee-83ad-45df-97c4-bee39bf390b1@group-A0E25ADDD1BF->d5a0b463-2013-4be7-b2a9-4f4f38929cc0: nextIndex: updateUnconditionally 1 -> 0
2020-07-22 12:34:02,335 [Listener at 127.0.0.1/42799] INFO  ozoneimpl.OzoneContainer (OzoneContainer.java:stop(250)) - Attempting to stop container services.
2020-07-22 12:34:02,336 [Listener at 127.0.0.1/42799] INFO  impl.RaftServerProxy (RaftServerProxy.java:lambda$close$4(319)) - 3c19c41d-1b55-464a-b43c-8bd35cf9b08d: close
2020-07-22 12:34:02,336 [Listener at 127.0.0.1/42799] INFO  impl.RaftServerImpl (RaftServerImpl.java:lambda$shutdown$3(263)) - 3c19c41d-1b55-464a-b43c-8bd35cf9b08d@group-FB061B3BD71D: shutdown
2020-07-22 12:34:02,336 [Listener at 127.0.0.1/42799] INFO  util.JmxRegister (JmxRegister.java:unregister(73)) - Successfully un-registered JMX Bean with object name Ratis:service=RaftServer,group=group-FB061B3BD71D,id=3c19c41d-1b55-464a-b43c-8bd35cf9b08d
2020-07-22 12:34:02,336 [Listener at 127.0.0.1/42799] INFO  impl.RoleInfo (RoleInfo.java:shutdownFollowerState(121)) - 3c19c41d-1b55-464a-b43c-8bd35cf9b08d: shutdown FollowerState
2020-07-22 12:34:02,337 [Listener at 127.0.0.1/42799] INFO  impl.StateMachineUpdater (StateMachineUpdater.java:stopAndJoin(142)) - 3c19c41d-1b55-464a-b43c-8bd35cf9b08d@group-FB061B3BD71D-StateMachineUpdater: set stopIndex = 0
2020-07-22 12:34:02,337 [Thread-1350] INFO  impl.FollowerState (FollowerState.java:run(117)) - 3c19c41d-1b55-464a-b43c-8bd35cf9b08d@group-FB061B3BD71D-FollowerState was interrupted: java.lang.InterruptedException: sleep interrupted
2020-07-22 12:34:02,337 [3c19c41d-1b55-464a-b43c-8bd35cf9b08d@group-FB061B3BD71D-StateMachineUpdater] INFO  ratis.ContainerStateMachine (ContainerStateMachine.java:takeSnapshot(293)) - group-FB061B3BD71D: Taking a snapshot at:(t:1, i:0) file /github/workspace/mnt/ozone/hadoop-ozone/integration-test/target/test-dir/MiniOzoneClusterImpl-27133a7a-4276-4edb-aad9-b93835fdb948/datanode-8/data/ratis/39facacb-e427-42b1-8966-fb061b3bd71d/sm/snapshot.1_0
2020-07-22 12:34:02,339 [3c19c41d-1b55-464a-b43c-8bd35cf9b08d@group-FB061B3BD71D-StateMachineUpdater] INFO  ratis.ContainerStateMachine (ContainerStateMachine.java:takeSnapshot(304)) - group-FB061B3BD71D: Finished taking a snapshot at:(t:1, i:0) file:/github/workspace/mnt/ozone/hadoop-ozone/integration-test/target/test-dir/MiniOzoneClusterImpl-27133a7a-4276-4edb-aad9-b93835fdb948/datanode-8/data/ratis/39facacb-e427-42b1-8966-fb061b3bd71d/sm/snapshot.1_0 time:2
2020-07-22 12:34:02,339 [3c19c41d-1b55-464a-b43c-8bd35cf9b08d@group-FB061B3BD71D-StateMachineUpdater] INFO  impl.StateMachineUpdater (StateMachineUpdater.java:takeSnapshot(277)) - 3c19c41d-1b55-464a-b43c-8bd35cf9b08d@group-FB061B3BD71D-StateMachineUpdater: Took a snapshot at index 0
2020-07-22 12:34:02,339 [3c19c41d-1b55-464a-b43c-8bd35cf9b08d@group-FB061B3BD71D-StateMachineUpdater] INFO  impl.StateMachineUpdater (StateMachineUpdater.java:lambda$new$0(87)) - 3c19c41d-1b55-464a-b43c-8bd35cf9b08d@group-FB061B3BD71D-StateMachineUpdater: snapshotIndex: updateIncreasingly -1 -> 0
2020-07-22 12:34:02,339 [3c19c41d-1b55-464a-b43c-8bd35cf9b08d@group-FB061B3BD71D-StateMachineUpdater] INFO  metrics.RatisMetrics (RatisMetrics.java:unregister(43)) - Unregistering Metrics Registry : ratis.state_machine.3c19c41d-1b55-464a-b43c-8bd35cf9b08d@group-FB061B3BD71D
2020-07-22 12:34:02,339 [Listener at 127.0.0.1/42799] INFO  impl.RaftServerImpl (ServerState.java:close(387)) - 3c19c41d-1b55-464a-b43c-8bd35cf9b08d@group-FB061B3BD71D: closes. applyIndex: 0
2020-07-22 12:34:02,340 [3c19c41d-1b55-464a-b43c-8bd35cf9b08d@group-FB061B3BD71D-SegmentedRaftLogWorker] INFO  segmented.SegmentedRaftLogWorker (SegmentedRaftLogWorker.java:run(327)) - 3c19c41d-1b55-464a-b43c-8bd35cf9b08d@group-FB061B3BD71D-SegmentedRaftLogWorker was interrupted, exiting. There are 0 tasks remaining in the queue.
2020-07-22 12:34:02,340 [Listener at 127.0.0.1/42799] INFO  segmented.SegmentedRaftLogWorker (SegmentedRaftLogWorker.java:close(234)) - 3c19c41d-1b55-464a-b43c-8bd35cf9b08d@group-FB061B3BD71D-SegmentedRaftLogWorker close()
2020-07-22 12:34:02,341 [Listener at 127.0.0.1/42799] INFO  metrics.RatisMetrics (RatisMetrics.java:unregister(43)) - Unregistering Metrics Registry : ratis.log_worker.3c19c41d-1b55-464a-b43c-8bd35cf9b08d@group-FB061B3BD71D
2020-07-22 12:34:02,341 [Listener at 127.0.0.1/42799] INFO  metrics.RatisMetrics (RatisMetrics.java:unregister(43)) - Unregistering Metrics Registry : ratis.leader_election.3c19c41d-1b55-464a-b43c-8bd35cf9b08d@group-FB061B3BD71D
2020-07-22 12:34:02,341 [Listener at 127.0.0.1/42799] INFO  metrics.RatisMetrics (RatisMetrics.java:unregister(43)) - Unregistering Metrics Registry : ratis.server.3c19c41d-1b55-464a-b43c-8bd35cf9b08d@group-FB061B3BD71D
2020-07-22 12:34:02,342 [Listener at 127.0.0.1/42799] INFO  impl.RaftServerImpl (RaftServerImpl.java:lambda$shutdown$3(263)) - 3c19c41d-1b55-464a-b43c-8bd35cf9b08d@group-F807D85041B3: shutdown
2020-07-22 12:34:02,342 [Listener at 127.0.0.1/42799] INFO  util.JmxRegister (JmxRegister.java:unregister(73)) - Successfully un-registered JMX Bean with object name Ratis:service=RaftServer,group=group-F807D85041B3,id=3c19c41d-1b55-464a-b43c-8bd35cf9b08d
2020-07-22 12:34:02,342 [Listener at 127.0.0.1/42799] INFO  impl.RoleInfo (RoleInfo.java:shutdownLeaderState(104)) - 3c19c41d-1b55-464a-b43c-8bd35cf9b08d: shutdown LeaderState
2020-07-22 12:34:02,342 [Listener at 127.0.0.1/42799] INFO  impl.PendingRequests (PendingRequests.java:sendNotLeaderResponses(249)) - 3c19c41d-1b55-464a-b43c-8bd35cf9b08d@group-F807D85041B3-PendingRequests: sendNotLeaderResponses
2020-07-22 12:34:02,342 [Listener at 127.0.0.1/42799] INFO  metrics.RatisMetrics (RatisMetrics.java:unregister(43)) - Unregistering Metrics Registry : ratis.log_appender.3c19c41d-1b55-464a-b43c-8bd35cf9b08d@group-F807D85041B3
2020-07-22 12:34:02,343 [Listener at 127.0.0.1/42799] INFO  metrics.RatisMetrics (RatisMetrics.java:unregister(43)) - Unregistering Metrics Registry : ratis.server.3c19c41d-1b55-464a-b43c-8bd35cf9b08d@group-F807D85041B3
2020-07-22 12:34:02,344 [Listener at 127.0.0.1/42799] INFO  impl.StateMachineUpdater (StateMachineUpdater.java:stopAndJoin(142)) - 3c19c41d-1b55-464a-b43c-8bd35cf9b08d@group-F807D85041B3-StateMachineUpdater: set stopIndex = 0
2020-07-22 12:34:02,344 [3c19c41d-1b55-464a-b43c-8bd35cf9b08d@group-F807D85041B3-StateMachineUpdater] INFO  ratis.ContainerStateMachine (ContainerStateMachine.java:takeSnapshot(293)) - group-F807D85041B3: Taking a snapshot at:(t:1, i:0) file /github/workspace/mnt/ozone/hadoop-ozone/integration-test/target/test-dir/MiniOzoneClusterImpl-27133a7a-4276-4edb-aad9-b93835fdb948/datanode-8/data/ratis/555776ac-9447-4c44-b360-f807d85041b3/sm/snapshot.1_0
2020-07-22 12:34:02,344 [3c19c41d-1b55-464a-b43c-8bd35cf9b08d@group-F807D85041B3-StateMachineUpdater] INFO  ratis.ContainerStateMachine (ContainerStateMachine.java:takeSnapshot(304)) - group-F807D85041B3: Finished taking a snapshot at:(t:1, i:0) file:/github/workspace/mnt/ozone/hadoop-ozone/integration-test/target/test-dir/MiniOzoneClusterImpl-27133a7a-4276-4edb-aad9-b93835fdb948/datanode-8/data/ratis/555776ac-9447-4c44-b360-f807d85041b3/sm/snapshot.1_0 time:1
2020-07-22 12:34:02,345 [3c19c41d-1b55-464a-b43c-8bd35cf9b08d@group-F807D85041B3-StateMachineUpdater] INFO  impl.StateMachineUpdater (StateMachineUpdater.java:takeSnapshot(277)) - 3c19c41d-1b55-464a-b43c-8bd35cf9b08d@group-F807D85041B3-StateMachineUpdater: Took a snapshot at index 0
2020-07-22 12:34:02,345 [3c19c41d-1b55-464a-b43c-8bd35cf9b08d@group-F807D85041B3-StateMachineUpdater] INFO  impl.StateMachineUpdater (StateMachineUpdater.java:lambda$new$0(87)) - 3c19c41d-1b55-464a-b43c-8bd35cf9b08d@group-F807D85041B3-StateMachineUpdater: snapshotIndex: updateIncreasingly -1 -> 0
2020-07-22 12:34:02,345 [3c19c41d-1b55-464a-b43c-8bd35cf9b08d@group-F807D85041B3-StateMachineUpdater] INFO  metrics.RatisMetrics (RatisMetrics.java:unregister(43)) - Unregistering Metrics Registry : ratis.state_machine.3c19c41d-1b55-464a-b43c-8bd35cf9b08d@group-F807D85041B3
2020-07-22 12:34:02,345 [Listener at 127.0.0.1/42799] INFO  impl.RaftServerImpl (ServerState.java:close(387)) - 3c19c41d-1b55-464a-b43c-8bd35cf9b08d@group-F807D85041B3: closes. applyIndex: 0
2020-07-22 12:34:02,345 [3c19c41d-1b55-464a-b43c-8bd35cf9b08d@group-F807D85041B3-SegmentedRaftLogWorker] INFO  segmented.SegmentedRaftLogWorker (SegmentedRaftLogWorker.java:run(327)) - 3c19c41d-1b55-464a-b43c-8bd35cf9b08d@group-F807D85041B3-SegmentedRaftLogWorker was interrupted, exiting. There are 0 tasks remaining in the queue.
2020-07-22 12:34:02,345 [Listener at 127.0.0.1/42799] INFO  segmented.SegmentedRaftLogWorker (SegmentedRaftLogWorker.java:close(234)) - 3c19c41d-1b55-464a-b43c-8bd35cf9b08d@group-F807D85041B3-SegmentedRaftLogWorker close()
2020-07-22 12:34:02,346 [Listener at 127.0.0.1/42799] INFO  metrics.RatisMetrics (RatisMetrics.java:unregister(43)) - Unregistering Metrics Registry : ratis.log_worker.3c19c41d-1b55-464a-b43c-8bd35cf9b08d@group-F807D85041B3
2020-07-22 12:34:02,346 [Listener at 127.0.0.1/42799] INFO  metrics.RatisMetrics (RatisMetrics.java:unregister(43)) - Unregistering Metrics Registry : ratis.leader_election.3c19c41d-1b55-464a-b43c-8bd35cf9b08d@group-F807D85041B3
2020-07-22 12:34:02,346 [Listener at 127.0.0.1/42799] INFO  metrics.RatisMetrics (RatisMetrics.java:unregister(43)) - Unregistering Metrics Registry : ratis.server.3c19c41d-1b55-464a-b43c-8bd35cf9b08d@group-F807D85041B3
2020-07-22 12:34:02,347 [Listener at 127.0.0.1/42799] INFO  server.GrpcService (GrpcService.java:closeImpl(166)) - 3c19c41d-1b55-464a-b43c-8bd35cf9b08d: shutdown server with port 35713 now
2020-07-22 12:34:02,348 [grpc-default-executor-1] WARN  server.GrpcLogAppender (LogUtils.java:warn(122)) - ed643190-f63c-42a5-a25b-abc89167c706@group-FB061B3BD71D->3c19c41d-1b55-464a-b43c-8bd35cf9b08d-AppendLogResponseHandler: Failed appendEntries: org.apache.ratis.thirdparty.io.grpc.StatusRuntimeException: CANCELLED: HTTP/2 error code: CANCEL
Received Rst Stream
2020-07-22 12:34:02,348 [Listener at 127.0.0.1/42799] INFO  server.GrpcService (GrpcService.java:closeImpl(174)) - 3c19c41d-1b55-464a-b43c-8bd35cf9b08d: shutdown server with port 35713 successfully
2020-07-22 12:34:02,348 [grpc-default-executor-3] WARN  server.GrpcServerProtocolService (LogUtils.java:warn(122)) - 3c19c41d-1b55-464a-b43c-8bd35cf9b08d: installSnapshot onError, lastRequest: ed643190-f63c-42a5-a25b-abc89167c706->3c19c41d-1b55-464a-b43c-8bd35cf9b08d#1-t1, previous=(t:0, i:0), leaderCommit=-1, initializing? false, entries: size=1, first=(t:1, i:0), CONFIGURATIONENTRY: org.apache.ratis.thirdparty.io.grpc.StatusRuntimeException: CANCELLED: cancelled before receiving half close
2020-07-22 12:34:02,348 [grpc-default-executor-1] INFO  impl.FollowerInfo (FollowerInfo.java:lambda$new$0(51)) - ed643190-f63c-42a5-a25b-abc89167c706@group-FB061B3BD71D->3c19c41d-1b55-464a-b43c-8bd35cf9b08d: nextIndex: updateUnconditionally 1 -> 0
2020-07-22 12:34:02,352 [ForkJoinPool.commonPool-worker-1] INFO  ozoneimpl.OzoneContainer (OzoneContainer.java:stop(250)) - Attempting to stop container services.
2020-07-22 12:34:02,353 [ForkJoinPool.commonPool-worker-1] INFO  impl.RaftServerProxy (RaftServerProxy.java:lambda$close$4(319)) - 13de87ee-83ad-45df-97c4-bee39bf390b1: close
2020-07-22 12:34:02,353 [ForkJoinPool.commonPool-worker-1] INFO  impl.RaftServerImpl (RaftServerImpl.java:lambda$shutdown$3(263)) - 13de87ee-83ad-45df-97c4-bee39bf390b1@group-A0E25ADDD1BF: shutdown
2020-07-22 12:34:02,353 [ForkJoinPool.commonPool-worker-1] INFO  util.JmxRegister (JmxRegister.java:unregister(73)) - Successfully un-registered JMX Bean with object name Ratis:service=RaftServer,group=group-A0E25ADDD1BF,id=13de87ee-83ad-45df-97c4-bee39bf390b1
2020-07-22 12:34:02,353 [ForkJoinPool.commonPool-worker-1] INFO  impl.RoleInfo (RoleInfo.java:shutdownLeaderState(104)) - 13de87ee-83ad-45df-97c4-bee39bf390b1: shutdown LeaderState
2020-07-22 12:34:02,353 [ForkJoinPool.commonPool-worker-1] INFO  metrics.RatisMetrics (RatisMetrics.java:unregister(43)) - Unregistering Metrics Registry : ratis_grpc.log_appender.13de87ee-83ad-45df-97c4-bee39bf390b1@group-A0E25ADDD1BF
2020-07-22 12:34:02,354 [ForkJoinPool.commonPool-worker-1] INFO  metrics.RatisMetrics (RatisMetrics.java:unregister(43)) - Unregistering Metrics Registry : ratis_grpc.log_appender.13de87ee-83ad-45df-97c4-bee39bf390b1@group-A0E25ADDD1BF
2020-07-22 12:34:02,354 [ForkJoinPool.commonPool-worker-1] INFO  impl.PendingRequests (PendingRequests.java:sendNotLeaderResponses(249)) - 13de87ee-83ad-45df-97c4-bee39bf390b1@group-A0E25ADDD1BF-PendingRequests: sendNotLeaderResponses
2020-07-22 12:34:02,354 [org.apache.ratis.server.impl.LogAppender$AppenderDaemon$$Lambda$428/1470153499@27468fbd] WARN  server.GrpcLogAppender (GrpcLogAppender.java:mayWait(153)) - 13de87ee-83ad-45df-97c4-bee39bf390b1@group-A0E25ADDD1BF->1cc64804-5db2-44d9-9a87-fdc1313ba49d-GrpcLogAppender: Wait interrupted by java.lang.InterruptedException
2020-07-22 12:34:02,354 [org.apache.ratis.server.impl.LogAppender$AppenderDaemon$$Lambda$428/1470153499@152d4e87] WARN  server.GrpcLogAppender (GrpcLogAppender.java:mayWait(153)) - 13de87ee-83ad-45df-97c4-bee39bf390b1@group-A0E25ADDD1BF->d5a0b463-2013-4be7-b2a9-4f4f38929cc0-GrpcLogAppender: Wait interrupted by java.lang.InterruptedException
2020-07-22 12:34:02,354 [ForkJoinPool.commonPool-worker-1] INFO  metrics.RatisMetrics (RatisMetrics.java:unregister(43)) - Unregistering Metrics Registry : ratis.log_appender.13de87ee-83ad-45df-97c4-bee39bf390b1@group-A0E25ADDD1BF
2020-07-22 12:34:02,355 [ForkJoinPool.commonPool-worker-1] INFO  metrics.RatisMetrics (RatisMetrics.java:unregister(43)) - Unregistering Metrics Registry : ratis.server.13de87ee-83ad-45df-97c4-bee39bf390b1@group-A0E25ADDD1BF
2020-07-22 12:34:02,356 [13de87ee-83ad-45df-97c4-bee39bf390b1@group-A0E25ADDD1BF-StateMachineUpdater] INFO  ratis.ContainerStateMachine (ContainerStateMachine.java:takeSnapshot(293)) - group-A0E25ADDD1BF: Taking a snapshot at:(t:1, i:0) file /github/workspace/mnt/ozone/hadoop-ozone/integration-test/target/test-dir/MiniOzoneClusterImpl-27133a7a-4276-4edb-aad9-b93835fdb948/datanode-1/data/ratis/6439c0fb-e42f-43cb-9890-a0e25addd1bf/sm/snapshot.1_0
2020-07-22 12:34:02,356 [ForkJoinPool.commonPool-worker-1] INFO  impl.StateMachineUpdater (StateMachineUpdater.java:stopAndJoin(142)) - 13de87ee-83ad-45df-97c4-bee39bf390b1@group-A0E25ADDD1BF-StateMachineUpdater: set stopIndex = 0
2020-07-22 12:34:02,356 [Listener at 127.0.0.1/42799] INFO  utils.BackgroundService (BackgroundService.java:shutdown(157)) - Shutting down service BlockDeletingService
2020-07-22 12:34:02,357 [13de87ee-83ad-45df-97c4-bee39bf390b1@group-A0E25ADDD1BF-StateMachineUpdater] INFO  ratis.ContainerStateMachine (ContainerStateMachine.java:takeSnapshot(304)) - group-A0E25ADDD1BF: Finished taking a snapshot at:(t:1, i:0) file:/github/workspace/mnt/ozone/hadoop-ozone/integration-test/target/test-dir/MiniOzoneClusterImpl-27133a7a-4276-4edb-aad9-b93835fdb948/datanode-1/data/ratis/6439c0fb-e42f-43cb-9890-a0e25addd1bf/sm/snapshot.1_0 time:1
2020-07-22 12:34:02,360 [13de87ee-83ad-45df-97c4-bee39bf390b1@group-A0E25ADDD1BF-StateMachineUpdater] INFO  impl.StateMachineUpdater (StateMachineUpdater.java:takeSnapshot(277)) - 13de87ee-83ad-45df-97c4-bee39bf390b1@group-A0E25ADDD1BF-StateMachineUpdater: Took a snapshot at index 0
2020-07-22 12:34:02,360 [13de87ee-83ad-45df-97c4-bee39bf390b1@group-A0E25ADDD1BF-StateMachineUpdater] INFO  impl.StateMachineUpdater (StateMachineUpdater.java:lambda$new$0(87)) - 13de87ee-83ad-45df-97c4-bee39bf390b1@group-A0E25ADDD1BF-StateMachineUpdater: snapshotIndex: updateIncreasingly -1 -> 0
2020-07-22 12:34:02,361 [Listener at 127.0.0.1/42799] INFO  statemachine.DatanodeStateMachine (DatanodeStateMachine.java:stopDaemon(428)) - Ozone container server stopped.
2020-07-22 12:34:02,361 [13de87ee-83ad-45df-97c4-bee39bf390b1@group-A0E25ADDD1BF-StateMachineUpdater] INFO  metrics.RatisMetrics (RatisMetrics.java:unregister(43)) - Unregistering Metrics Registry : ratis.state_machine.13de87ee-83ad-45df-97c4-bee39bf390b1@group-A0E25ADDD1BF
2020-07-22 12:34:02,362 [ForkJoinPool.commonPool-worker-1] INFO  impl.RaftServerImpl (ServerState.java:close(387)) - 13de87ee-83ad-45df-97c4-bee39bf390b1@group-A0E25ADDD1BF: closes. applyIndex: 0
2020-07-22 12:34:02,362 [13de87ee-83ad-45df-97c4-bee39bf390b1@group-A0E25ADDD1BF-SegmentedRaftLogWorker] INFO  segmented.SegmentedRaftLogWorker (SegmentedRaftLogWorker.java:run(327)) - 13de87ee-83ad-45df-97c4-bee39bf390b1@group-A0E25ADDD1BF-SegmentedRaftLogWorker was interrupted, exiting. There are 0 tasks remaining in the queue.
2020-07-22 12:34:02,362 [ForkJoinPool.commonPool-worker-1] INFO  segmented.SegmentedRaftLogWorker (SegmentedRaftLogWorker.java:close(234)) - 13de87ee-83ad-45df-97c4-bee39bf390b1@group-A0E25ADDD1BF-SegmentedRaftLogWorker close()
2020-07-22 12:34:02,363 [ForkJoinPool.commonPool-worker-1] INFO  metrics.RatisMetrics (RatisMetrics.java:unregister(43)) - Unregistering Metrics Registry : ratis.log_worker.13de87ee-83ad-45df-97c4-bee39bf390b1@group-A0E25ADDD1BF
2020-07-22 12:34:02,363 [ForkJoinPool.commonPool-worker-1] INFO  metrics.RatisMetrics (RatisMetrics.java:unregister(43)) - Unregistering Metrics Registry : ratis.leader_election.13de87ee-83ad-45df-97c4-bee39bf390b1@group-A0E25ADDD1BF
2020-07-22 12:34:02,363 [ForkJoinPool.commonPool-worker-1] INFO  metrics.RatisMetrics (RatisMetrics.java:unregister(43)) - Unregistering Metrics Registry : ratis.server.13de87ee-83ad-45df-97c4-bee39bf390b1@group-A0E25ADDD1BF
2020-07-22 12:34:02,363 [ForkJoinPool.commonPool-worker-1] INFO  impl.RaftServerImpl (RaftServerImpl.java:lambda$shutdown$3(263)) - 13de87ee-83ad-45df-97c4-bee39bf390b1@group-E289C143EDD1: shutdown
2020-07-22 12:34:02,363 [ForkJoinPool.commonPool-worker-1] INFO  util.JmxRegister (JmxRegister.java:unregister(73)) - Successfully un-registered JMX Bean with object name Ratis:service=RaftServer,group=group-E289C143EDD1,id=13de87ee-83ad-45df-97c4-bee39bf390b1
2020-07-22 12:34:02,364 [ForkJoinPool.commonPool-worker-1] INFO  impl.RoleInfo (RoleInfo.java:shutdownLeaderState(104)) - 13de87ee-83ad-45df-97c4-bee39bf390b1: shutdown LeaderState
2020-07-22 12:34:02,364 [ForkJoinPool.commonPool-worker-1] INFO  impl.PendingRequests (PendingRequests.java:sendNotLeaderResponses(249)) - 13de87ee-83ad-45df-97c4-bee39bf390b1@group-E289C143EDD1-PendingRequests: sendNotLeaderResponses
2020-07-22 12:34:02,364 [ForkJoinPool.commonPool-worker-1] INFO  metrics.RatisMetrics (RatisMetrics.java:unregister(43)) - Unregistering Metrics Registry : ratis.log_appender.13de87ee-83ad-45df-97c4-bee39bf390b1@group-E289C143EDD1
2020-07-22 12:34:02,364 [ForkJoinPool.commonPool-worker-1] INFO  metrics.RatisMetrics (RatisMetrics.java:unregister(43)) - Unregistering Metrics Registry : ratis.server.13de87ee-83ad-45df-97c4-bee39bf390b1@group-E289C143EDD1
2020-07-22 12:34:02,365 [ForkJoinPool.commonPool-worker-1] INFO  impl.StateMachineUpdater (StateMachineUpdater.java:stopAndJoin(142)) - 13de87ee-83ad-45df-97c4-bee39bf390b1@group-E289C143EDD1-StateMachineUpdater: set stopIndex = 0
2020-07-22 12:34:02,365 [13de87ee-83ad-45df-97c4-bee39bf390b1@group-E289C143EDD1-StateMachineUpdater] INFO  ratis.ContainerStateMachine (ContainerStateMachine.java:takeSnapshot(293)) - group-E289C143EDD1: Taking a snapshot at:(t:1, i:0) file /github/workspace/mnt/ozone/hadoop-ozone/integration-test/target/test-dir/MiniOzoneClusterImpl-27133a7a-4276-4edb-aad9-b93835fdb948/datanode-1/data/ratis/70f2ab6c-0473-4069-ba41-e289c143edd1/sm/snapshot.1_0
2020-07-22 12:34:02,366 [13de87ee-83ad-45df-97c4-bee39bf390b1@group-E289C143EDD1-StateMachineUpdater] INFO  ratis.ContainerStateMachine (ContainerStateMachine.java:takeSnapshot(304)) - group-E289C143EDD1: Finished taking a snapshot at:(t:1, i:0) file:/github/workspace/mnt/ozone/hadoop-ozone/integration-test/target/test-dir/MiniOzoneClusterImpl-27133a7a-4276-4edb-aad9-b93835fdb948/datanode-1/data/ratis/70f2ab6c-0473-4069-ba41-e289c143edd1/sm/snapshot.1_0 time:1
2020-07-22 12:34:02,366 [13de87ee-83ad-45df-97c4-bee39bf390b1@group-E289C143EDD1-StateMachineUpdater] INFO  impl.StateMachineUpdater (StateMachineUpdater.java:takeSnapshot(277)) - 13de87ee-83ad-45df-97c4-bee39bf390b1@group-E289C143EDD1-StateMachineUpdater: Took a snapshot at index 0
2020-07-22 12:34:02,366 [13de87ee-83ad-45df-97c4-bee39bf390b1@group-E289C143EDD1-StateMachineUpdater] INFO  impl.StateMachineUpdater (StateMachineUpdater.java:lambda$new$0(87)) - 13de87ee-83ad-45df-97c4-bee39bf390b1@group-E289C143EDD1-StateMachineUpdater: snapshotIndex: updateIncreasingly -1 -> 0
2020-07-22 12:34:02,366 [13de87ee-83ad-45df-97c4-bee39bf390b1@group-E289C143EDD1-StateMachineUpdater] INFO  metrics.RatisMetrics (RatisMetrics.java:unregister(43)) - Unregistering Metrics Registry : ratis.state_machine.13de87ee-83ad-45df-97c4-bee39bf390b1@group-E289C143EDD1
2020-07-22 12:34:02,366 [ForkJoinPool.commonPool-worker-1] INFO  impl.RaftServerImpl (ServerState.java:close(387)) - 13de87ee-83ad-45df-97c4-bee39bf390b1@group-E289C143EDD1: closes. applyIndex: 0
2020-07-22 12:34:02,366 [13de87ee-83ad-45df-97c4-bee39bf390b1@group-E289C143EDD1-SegmentedRaftLogWorker] INFO  segmented.SegmentedRaftLogWorker (SegmentedRaftLogWorker.java:run(327)) - 13de87ee-83ad-45df-97c4-bee39bf390b1@group-E289C143EDD1-SegmentedRaftLogWorker was interrupted, exiting. There are 0 tasks remaining in the queue.
2020-07-22 12:34:02,367 [ForkJoinPool.commonPool-worker-1] INFO  segmented.SegmentedRaftLogWorker (SegmentedRaftLogWorker.java:close(234)) - 13de87ee-83ad-45df-97c4-bee39bf390b1@group-E289C143EDD1-SegmentedRaftLogWorker close()
2020-07-22 12:34:02,367 [ForkJoinPool.commonPool-worker-1] INFO  metrics.RatisMetrics (RatisMetrics.java:unregister(43)) - Unregistering Metrics Registry : ratis.log_worker.13de87ee-83ad-45df-97c4-bee39bf390b1@group-E289C143EDD1
2020-07-22 12:34:02,367 [ForkJoinPool.commonPool-worker-1] INFO  metrics.RatisMetrics (RatisMetrics.java:unregister(43)) - Unregistering Metrics Registry : ratis.leader_election.13de87ee-83ad-45df-97c4-bee39bf390b1@group-E289C143EDD1
2020-07-22 12:34:02,368 [ForkJoinPool.commonPool-worker-1] INFO  metrics.RatisMetrics (RatisMetrics.java:unregister(43)) - Unregistering Metrics Registry : ratis.server.13de87ee-83ad-45df-97c4-bee39bf390b1@group-E289C143EDD1
2020-07-22 12:34:02,368 [ForkJoinPool.commonPool-worker-1] INFO  server.GrpcService (GrpcService.java:closeImpl(166)) - 13de87ee-83ad-45df-97c4-bee39bf390b1: shutdown server with port 42819 now
2020-07-22 12:34:02,368 [ForkJoinPool.commonPool-worker-1] INFO  server.GrpcService (GrpcService.java:closeImpl(174)) - 13de87ee-83ad-45df-97c4-bee39bf390b1: shutdown server with port 42819 successfully
2020-07-22 12:34:02,369 [ForkJoinPool.commonPool-worker-1] INFO  utils.BackgroundService (BackgroundService.java:shutdown(157)) - Shutting down service BlockDeletingService
2020-07-22 12:34:02,370 [ForkJoinPool.commonPool-worker-1] INFO  statemachine.DatanodeStateMachine (DatanodeStateMachine.java:stopDaemon(428)) - Ozone container server stopped.
2020-07-22 12:34:02,375 [Listener at 127.0.0.1/42799] INFO  handler.ContextHandler (ContextHandler.java:doStop(1016)) - Stopped o.e.j.w.WebAppContext@27ae4c06{hddsDatanode,/,null,UNAVAILABLE}{jar:file:/home/user/.m2/repository/org/apache/hadoop/hadoop-hdds-container-service/0.6.0-SNAPSHOT/hadoop-hdds-container-service-0.6.0-SNAPSHOT.jar!/webapps/hddsDatanode}
2020-07-22 12:34:02,375 [Listener at 127.0.0.1/42799] INFO  server.AbstractConnector (AbstractConnector.java:doStop(380)) - Stopped ServerConnector@bc168ac{HTTP/1.1,[http/1.1]}{0.0.0.0:0}
2020-07-22 12:34:02,376 [Listener at 127.0.0.1/42799] INFO  server.session (HouseKeeper.java:stopScavenging(158)) - node0 Stopped scavenging
2020-07-22 12:34:02,376 [Listener at 127.0.0.1/42799] INFO  handler.ContextHandler (ContextHandler.java:doStop(1016)) - Stopped o.e.j.s.ServletContextHandler@6840f38e{static,/static,jar:file:/home/user/.m2/repository/org/apache/hadoop/hadoop-hdds-container-service/0.6.0-SNAPSHOT/hadoop-hdds-container-service-0.6.0-SNAPSHOT.jar!/webapps/static,UNAVAILABLE}
2020-07-22 12:34:02,376 [Listener at 127.0.0.1/42799] INFO  handler.ContextHandler (ContextHandler.java:doStop(1016)) - Stopped o.e.j.s.ServletContextHandler@763de177{logs,/logs,file:///github/workspace/mnt/ozone/hadoop-ozone/integration-test/target/log,UNAVAILABLE}
2020-07-22 12:34:02,379 [ForkJoinPool.commonPool-worker-1] INFO  handler.ContextHandler (ContextHandler.java:doStop(1016)) - Stopped o.e.j.w.WebAppContext@3f51fcf5{hddsDatanode,/,null,UNAVAILABLE}{jar:file:/home/user/.m2/repository/org/apache/hadoop/hadoop-hdds-container-service/0.6.0-SNAPSHOT/hadoop-hdds-container-service-0.6.0-SNAPSHOT.jar!/webapps/hddsDatanode}
2020-07-22 12:34:02,380 [ForkJoinPool.commonPool-worker-1] INFO  server.AbstractConnector (AbstractConnector.java:doStop(380)) - Stopped ServerConnector@17e7df9e{HTTP/1.1,[http/1.1]}{0.0.0.0:0}
2020-07-22 12:34:02,381 [ForkJoinPool.commonPool-worker-1] INFO  server.session (HouseKeeper.java:stopScavenging(158)) - node0 Stopped scavenging
2020-07-22 12:34:02,381 [ForkJoinPool.commonPool-worker-1] INFO  handler.ContextHandler (ContextHandler.java:doStop(1016)) - Stopped o.e.j.s.ServletContextHandler@66f18fa{static,/static,jar:file:/home/user/.m2/repository/org/apache/hadoop/hadoop-hdds-container-service/0.6.0-SNAPSHOT/hadoop-hdds-container-service-0.6.0-SNAPSHOT.jar!/webapps/static,UNAVAILABLE}
2020-07-22 12:34:02,382 [ForkJoinPool.commonPool-worker-1] INFO  handler.ContextHandler (ContextHandler.java:doStop(1016)) - Stopped o.e.j.s.ServletContextHandler@548c7eab{logs,/logs,file:///github/workspace/mnt/ozone/hadoop-ozone/integration-test/target/log,UNAVAILABLE}
2020-07-22 12:34:02,894 [Datanode State Machine Thread - 0] INFO  statemachine.DatanodeStateMachine (DatanodeStateMachine.java:lambda$startDaemon$0(380)) - Ozone container server started.
2020-07-22 12:34:04,490 [grpc-default-executor-1] WARN  server.GrpcLogAppender (LogUtils.java:warn(122)) - ed643190-f63c-42a5-a25b-abc89167c706@group-FB061B3BD71D->3c19c41d-1b55-464a-b43c-8bd35cf9b08d-AppendLogResponseHandler: Failed appendEntries: org.apache.ratis.thirdparty.io.grpc.StatusRuntimeException: UNAVAILABLE: io exception
2020-07-22 12:34:04,490 [grpc-default-executor-1] INFO  impl.FollowerInfo (FollowerInfo.java:lambda$new$0(51)) - ed643190-f63c-42a5-a25b-abc89167c706@group-FB061B3BD71D->3c19c41d-1b55-464a-b43c-8bd35cf9b08d: nextIndex: updateUnconditionally 1 -> 0
2020-07-22 12:34:04,490 [grpc-default-executor-1] WARN  server.GrpcLogAppender (LogUtils.java:warn(122)) - ed643190-f63c-42a5-a25b-abc89167c706@group-FB061B3BD71D->6a8f51fc-5a65-4029-99ea-81b8e3132c48-AppendLogResponseHandler: Failed appendEntries: org.apache.ratis.thirdparty.io.grpc.StatusRuntimeException: UNAVAILABLE: io exception
2020-07-22 12:34:04,491 [grpc-default-executor-1] INFO  impl.FollowerInfo (FollowerInfo.java:lambda$new$0(51)) - ed643190-f63c-42a5-a25b-abc89167c706@group-FB061B3BD71D->6a8f51fc-5a65-4029-99ea-81b8e3132c48: nextIndex: updateUnconditionally 0 -> 0
2020-07-22 12:34:04,493 [grpc-default-executor-1] WARN  server.GrpcLogAppender (LogUtils.java:warn(122)) - ed643190-f63c-42a5-a25b-abc89167c706@group-FB061B3BD71D->6a8f51fc-5a65-4029-99ea-81b8e3132c48-AppendLogResponseHandler: Failed appendEntries: org.apache.ratis.thirdparty.io.grpc.StatusRuntimeException: UNAVAILABLE: io exception
2020-07-22 12:34:04,493 [grpc-default-executor-1] INFO  impl.FollowerInfo (FollowerInfo.java:lambda$new$0(51)) - ed643190-f63c-42a5-a25b-abc89167c706@group-FB061B3BD71D->6a8f51fc-5a65-4029-99ea-81b8e3132c48: nextIndex: updateUnconditionally 1 -> 0
2020-07-22 12:34:04,496 [grpc-default-executor-3] WARN  server.GrpcLogAppender (LogUtils.java:warn(122)) - ed643190-f63c-42a5-a25b-abc89167c706@group-FB061B3BD71D->6a8f51fc-5a65-4029-99ea-81b8e3132c48-AppendLogResponseHandler: Failed appendEntries: org.apache.ratis.thirdparty.io.grpc.StatusRuntimeException: UNAVAILABLE: io exception
2020-07-22 12:34:04,496 [grpc-default-executor-3] INFO  impl.FollowerInfo (FollowerInfo.java:lambda$new$0(51)) - ed643190-f63c-42a5-a25b-abc89167c706@group-FB061B3BD71D->6a8f51fc-5a65-4029-99ea-81b8e3132c48: nextIndex: updateUnconditionally 1 -> 0
2020-07-22 12:34:06,992 [grpc-default-executor-1] WARN  server.GrpcLogAppender (LogUtils.java:warn(122)) - ed643190-f63c-42a5-a25b-abc89167c706@group-FB061B3BD71D->3c19c41d-1b55-464a-b43c-8bd35cf9b08d-AppendLogResponseHandler: Failed appendEntries: org.apache.ratis.thirdparty.io.grpc.StatusRuntimeException: UNAVAILABLE: io exception
2020-07-22 12:34:06,992 [grpc-default-executor-1] INFO  impl.FollowerInfo (FollowerInfo.java:lambda$new$0(51)) - ed643190-f63c-42a5-a25b-abc89167c706@group-FB061B3BD71D->3c19c41d-1b55-464a-b43c-8bd35cf9b08d: nextIndex: updateUnconditionally 1 -> 0
2020-07-22 12:34:06,998 [grpc-default-executor-3] WARN  server.GrpcLogAppender (LogUtils.java:warn(122)) - ed643190-f63c-42a5-a25b-abc89167c706@group-FB061B3BD71D->6a8f51fc-5a65-4029-99ea-81b8e3132c48-AppendLogResponseHandler: Failed appendEntries: org.apache.ratis.thirdparty.io.grpc.StatusRuntimeException: UNAVAILABLE: io exception
2020-07-22 12:34:06,998 [grpc-default-executor-3] INFO  impl.FollowerInfo (FollowerInfo.java:lambda$new$0(51)) - ed643190-f63c-42a5-a25b-abc89167c706@group-FB061B3BD71D->6a8f51fc-5a65-4029-99ea-81b8e3132c48: nextIndex: updateUnconditionally 1 -> 0
2020-07-22 12:34:07,379 [Listener at 127.0.0.1/42799] INFO  ozoneimpl.OzoneContainer (OzoneContainer.java:stop(250)) - Attempting to stop container services.
2020-07-22 12:34:07,379 [Listener at 127.0.0.1/42799] INFO  impl.RaftServerProxy (RaftServerProxy.java:lambda$close$4(319)) - ed643190-f63c-42a5-a25b-abc89167c706: close
2020-07-22 12:34:07,379 [Listener at 127.0.0.1/42799] INFO  impl.RaftServerImpl (RaftServerImpl.java:lambda$shutdown$3(263)) - ed643190-f63c-42a5-a25b-abc89167c706@group-FB061B3BD71D: shutdown
2020-07-22 12:34:07,380 [Listener at 127.0.0.1/42799] INFO  util.JmxRegister (JmxRegister.java:unregister(73)) - Successfully un-registered JMX Bean with object name Ratis:service=RaftServer,group=group-FB061B3BD71D,id=ed643190-f63c-42a5-a25b-abc89167c706
2020-07-22 12:34:07,380 [Listener at 127.0.0.1/42799] INFO  impl.RoleInfo (RoleInfo.java:shutdownLeaderState(104)) - ed643190-f63c-42a5-a25b-abc89167c706: shutdown LeaderState
2020-07-22 12:34:07,380 [Listener at 127.0.0.1/42799] INFO  metrics.RatisMetrics (RatisMetrics.java:unregister(43)) - Unregistering Metrics Registry : ratis_grpc.log_appender.ed643190-f63c-42a5-a25b-abc89167c706@group-FB061B3BD71D
2020-07-22 12:34:07,380 [Listener at 127.0.0.1/42799] INFO  metrics.RatisMetrics (RatisMetrics.java:unregister(43)) - Unregistering Metrics Registry : ratis_grpc.log_appender.ed643190-f63c-42a5-a25b-abc89167c706@group-FB061B3BD71D
2020-07-22 12:34:07,380 [org.apache.ratis.server.impl.LogAppender$AppenderDaemon$$Lambda$428/1470153499@566abe4f] WARN  server.GrpcLogAppender (GrpcLogAppender.java:mayWait(153)) - ed643190-f63c-42a5-a25b-abc89167c706@group-FB061B3BD71D->3c19c41d-1b55-464a-b43c-8bd35cf9b08d-GrpcLogAppender: Wait interrupted by java.lang.InterruptedException
2020-07-22 12:34:07,381 [Listener at 127.0.0.1/42799] INFO  impl.PendingRequests (PendingRequests.java:sendNotLeaderResponses(249)) - ed643190-f63c-42a5-a25b-abc89167c706@group-FB061B3BD71D-PendingRequests: sendNotLeaderResponses
2020-07-22 12:34:07,381 [org.apache.ratis.server.impl.LogAppender$AppenderDaemon$$Lambda$428/1470153499@3b4dd083] WARN  server.GrpcLogAppender (GrpcLogAppender.java:mayWait(153)) - ed643190-f63c-42a5-a25b-abc89167c706@group-FB061B3BD71D->6a8f51fc-5a65-4029-99ea-81b8e3132c48-GrpcLogAppender: Wait interrupted by java.lang.InterruptedException
2020-07-22 12:34:07,381 [Listener at 127.0.0.1/42799] INFO  metrics.RatisMetrics (RatisMetrics.java:unregister(43)) - Unregistering Metrics Registry : ratis.log_appender.ed643190-f63c-42a5-a25b-abc89167c706@group-FB061B3BD71D
2020-07-22 12:34:07,381 [Listener at 127.0.0.1/42799] INFO  metrics.RatisMetrics (RatisMetrics.java:unregister(43)) - Unregistering Metrics Registry : ratis.server.ed643190-f63c-42a5-a25b-abc89167c706@group-FB061B3BD71D
2020-07-22 12:34:07,382 [Listener at 127.0.0.1/42799] INFO  impl.StateMachineUpdater (StateMachineUpdater.java:stopAndJoin(142)) - ed643190-f63c-42a5-a25b-abc89167c706@group-FB061B3BD71D-StateMachineUpdater: set stopIndex = 0
2020-07-22 12:34:07,382 [ed643190-f63c-42a5-a25b-abc89167c706@group-FB061B3BD71D-StateMachineUpdater] INFO  ratis.ContainerStateMachine (ContainerStateMachine.java:takeSnapshot(293)) - group-FB061B3BD71D: Taking a snapshot at:(t:1, i:0) file /github/workspace/mnt/ozone/hadoop-ozone/integration-test/target/test-dir/MiniOzoneClusterImpl-27133a7a-4276-4edb-aad9-b93835fdb948/datanode-6/data/ratis/39facacb-e427-42b1-8966-fb061b3bd71d/sm/snapshot.1_0
2020-07-22 12:34:07,383 [ed643190-f63c-42a5-a25b-abc89167c706@group-FB061B3BD71D-StateMachineUpdater] INFO  ratis.ContainerStateMachine (ContainerStateMachine.java:takeSnapshot(304)) - group-FB061B3BD71D: Finished taking a snapshot at:(t:1, i:0) file:/github/workspace/mnt/ozone/hadoop-ozone/integration-test/target/test-dir/MiniOzoneClusterImpl-27133a7a-4276-4edb-aad9-b93835fdb948/datanode-6/data/ratis/39facacb-e427-42b1-8966-fb061b3bd71d/sm/snapshot.1_0 time:1
2020-07-22 12:34:07,384 [ed643190-f63c-42a5-a25b-abc89167c706@group-FB061B3BD71D-StateMachineUpdater] INFO  impl.StateMachineUpdater (StateMachineUpdater.java:takeSnapshot(277)) - ed643190-f63c-42a5-a25b-abc89167c706@group-FB061B3BD71D-StateMachineUpdater: Took a snapshot at index 0
2020-07-22 12:34:07,384 [ed643190-f63c-42a5-a25b-abc89167c706@group-FB061B3BD71D-StateMachineUpdater] INFO  impl.StateMachineUpdater (StateMachineUpdater.java:lambda$new$0(87)) - ed643190-f63c-42a5-a25b-abc89167c706@group-FB061B3BD71D-StateMachineUpdater: snapshotIndex: updateIncreasingly -1 -> 0
2020-07-22 12:34:07,384 [ed643190-f63c-42a5-a25b-abc89167c706@group-FB061B3BD71D-StateMachineUpdater] INFO  metrics.RatisMetrics (RatisMetrics.java:unregister(43)) - Unregistering Metrics Registry : ratis.state_machine.ed643190-f63c-42a5-a25b-abc89167c706@group-FB061B3BD71D
2020-07-22 12:34:07,384 [Listener at 127.0.0.1/42799] INFO  impl.RaftServerImpl (ServerState.java:close(387)) - ed643190-f63c-42a5-a25b-abc89167c706@group-FB061B3BD71D: closes. applyIndex: 0
2020-07-22 12:34:07,384 [ed643190-f63c-42a5-a25b-abc89167c706@group-FB061B3BD71D-SegmentedRaftLogWorker] INFO  segmented.SegmentedRaftLogWorker (SegmentedRaftLogWorker.java:run(327)) - ed643190-f63c-42a5-a25b-abc89167c706@group-FB061B3BD71D-SegmentedRaftLogWorker was interrupted, exiting. There are 0 tasks remaining in the queue.
2020-07-22 12:34:07,385 [Listener at 127.0.0.1/42799] INFO  segmented.SegmentedRaftLogWorker (SegmentedRaftLogWorker.java:close(234)) - ed643190-f63c-42a5-a25b-abc89167c706@group-FB061B3BD71D-SegmentedRaftLogWorker close()
2020-07-22 12:34:07,387 [Listener at 127.0.0.1/42799] INFO  metrics.RatisMetrics (RatisMetrics.java:unregister(43)) - Unregistering Metrics Registry : ratis.log_worker.ed643190-f63c-42a5-a25b-abc89167c706@group-FB061B3BD71D
2020-07-22 12:34:07,387 [Listener at 127.0.0.1/42799] INFO  metrics.RatisMetrics (RatisMetrics.java:unregister(43)) - Unregistering Metrics Registry : ratis.leader_election.ed643190-f63c-42a5-a25b-abc89167c706@group-FB061B3BD71D
2020-07-22 12:34:07,387 [Listener at 127.0.0.1/42799] INFO  metrics.RatisMetrics (RatisMetrics.java:unregister(43)) - Unregistering Metrics Registry : ratis.server.ed643190-f63c-42a5-a25b-abc89167c706@group-FB061B3BD71D
2020-07-22 12:34:07,387 [Listener at 127.0.0.1/42799] INFO  impl.RaftServerImpl (RaftServerImpl.java:lambda$shutdown$3(263)) - ed643190-f63c-42a5-a25b-abc89167c706@group-EA8BDD649163: shutdown
2020-07-22 12:34:07,387 [Listener at 127.0.0.1/42799] INFO  util.JmxRegister (JmxRegister.java:unregister(73)) - Successfully un-registered JMX Bean with object name Ratis:service=RaftServer,group=group-EA8BDD649163,id=ed643190-f63c-42a5-a25b-abc89167c706
2020-07-22 12:34:07,388 [Listener at 127.0.0.1/42799] INFO  impl.RoleInfo (RoleInfo.java:shutdownLeaderState(104)) - ed643190-f63c-42a5-a25b-abc89167c706: shutdown LeaderState
2020-07-22 12:34:07,388 [Listener at 127.0.0.1/42799] INFO  impl.PendingRequests (PendingRequests.java:sendNotLeaderResponses(249)) - ed643190-f63c-42a5-a25b-abc89167c706@group-EA8BDD649163-PendingRequests: sendNotLeaderResponses
2020-07-22 12:34:07,388 [Listener at 127.0.0.1/42799] INFO  metrics.RatisMetrics (RatisMetrics.java:unregister(43)) - Unregistering Metrics Registry : ratis.log_appender.ed643190-f63c-42a5-a25b-abc89167c706@group-EA8BDD649163
2020-07-22 12:34:07,388 [Listener at 127.0.0.1/42799] INFO  metrics.RatisMetrics (RatisMetrics.java:unregister(43)) - Unregistering Metrics Registry : ratis.server.ed643190-f63c-42a5-a25b-abc89167c706@group-EA8BDD649163
2020-07-22 12:34:07,389 [Listener at 127.0.0.1/42799] INFO  impl.StateMachineUpdater (StateMachineUpdater.java:stopAndJoin(142)) - ed643190-f63c-42a5-a25b-abc89167c706@group-EA8BDD649163-StateMachineUpdater: set stopIndex = 0
2020-07-22 12:34:07,390 [ed643190-f63c-42a5-a25b-abc89167c706@group-EA8BDD649163-StateMachineUpdater] INFO  ratis.ContainerStateMachine (ContainerStateMachine.java:takeSnapshot(293)) - group-EA8BDD649163: Taking a snapshot at:(t:1, i:0) file /github/workspace/mnt/ozone/hadoop-ozone/integration-test/target/test-dir/MiniOzoneClusterImpl-27133a7a-4276-4edb-aad9-b93835fdb948/datanode-6/data/ratis/2634048c-d62b-44af-82a4-ea8bdd649163/sm/snapshot.1_0
2020-07-22 12:34:07,391 [ed643190-f63c-42a5-a25b-abc89167c706@group-EA8BDD649163-StateMachineUpdater] INFO  ratis.ContainerStateMachine (ContainerStateMachine.java:takeSnapshot(304)) - group-EA8BDD649163: Finished taking a snapshot at:(t:1, i:0) file:/github/workspace/mnt/ozone/hadoop-ozone/integration-test/target/test-dir/MiniOzoneClusterImpl-27133a7a-4276-4edb-aad9-b93835fdb948/datanode-6/data/ratis/2634048c-d62b-44af-82a4-ea8bdd649163/sm/snapshot.1_0 time:1
2020-07-22 12:34:07,391 [ed643190-f63c-42a5-a25b-abc89167c706@group-EA8BDD649163-StateMachineUpdater] INFO  impl.StateMachineUpdater (StateMachineUpdater.java:takeSnapshot(277)) - ed643190-f63c-42a5-a25b-abc89167c706@group-EA8BDD649163-StateMachineUpdater: Took a snapshot at index 0
2020-07-22 12:34:07,392 [ed643190-f63c-42a5-a25b-abc89167c706@group-EA8BDD649163-StateMachineUpdater] INFO  impl.StateMachineUpdater (StateMachineUpdater.java:lambda$new$0(87)) - ed643190-f63c-42a5-a25b-abc89167c706@group-EA8BDD649163-StateMachineUpdater: snapshotIndex: updateIncreasingly -1 -> 0
2020-07-22 12:34:07,392 [ed643190-f63c-42a5-a25b-abc89167c706@group-EA8BDD649163-StateMachineUpdater] INFO  metrics.RatisMetrics (RatisMetrics.java:unregister(43)) - Unregistering Metrics Registry : ratis.state_machine.ed643190-f63c-42a5-a25b-abc89167c706@group-EA8BDD649163
2020-07-22 12:34:07,392 [Listener at 127.0.0.1/42799] INFO  impl.RaftServerImpl (ServerState.java:close(387)) - ed643190-f63c-42a5-a25b-abc89167c706@group-EA8BDD649163: closes. applyIndex: 0
2020-07-22 12:34:07,392 [ed643190-f63c-42a5-a25b-abc89167c706@group-EA8BDD649163-SegmentedRaftLogWorker] INFO  segmented.SegmentedRaftLogWorker (SegmentedRaftLogWorker.java:run(327)) - ed643190-f63c-42a5-a25b-abc89167c706@group-EA8BDD649163-SegmentedRaftLogWorker was interrupted, exiting. There are 0 tasks remaining in the queue.
2020-07-22 12:34:07,392 [Listener at 127.0.0.1/42799] INFO  segmented.SegmentedRaftLogWorker (SegmentedRaftLogWorker.java:close(234)) - ed643190-f63c-42a5-a25b-abc89167c706@group-EA8BDD649163-SegmentedRaftLogWorker close()
2020-07-22 12:34:07,392 [Listener at 127.0.0.1/42799] INFO  metrics.RatisMetrics (RatisMetrics.java:unregister(43)) - Unregistering Metrics Registry : ratis.log_worker.ed643190-f63c-42a5-a25b-abc89167c706@group-EA8BDD649163
2020-07-22 12:34:07,393 [Listener at 127.0.0.1/42799] INFO  metrics.RatisMetrics (RatisMetrics.java:unregister(43)) - Unregistering Metrics Registry : ratis.leader_election.ed643190-f63c-42a5-a25b-abc89167c706@group-EA8BDD649163
2020-07-22 12:34:07,393 [Listener at 127.0.0.1/42799] INFO  metrics.RatisMetrics (RatisMetrics.java:unregister(43)) - Unregistering Metrics Registry : ratis.server.ed643190-f63c-42a5-a25b-abc89167c706@group-EA8BDD649163
2020-07-22 12:34:07,393 [Listener at 127.0.0.1/42799] INFO  server.GrpcService (GrpcService.java:closeImpl(166)) - ed643190-f63c-42a5-a25b-abc89167c706: shutdown server with port 40075 now
2020-07-22 12:34:07,393 [Listener at 127.0.0.1/42799] INFO  server.GrpcService (GrpcService.java:closeImpl(174)) - ed643190-f63c-42a5-a25b-abc89167c706: shutdown server with port 40075 successfully
2020-07-22 12:34:07,394 [Listener at 127.0.0.1/42799] INFO  utils.BackgroundService (BackgroundService.java:shutdown(157)) - Shutting down service BlockDeletingService
2020-07-22 12:34:07,395 [Listener at 127.0.0.1/42799] INFO  statemachine.DatanodeStateMachine (DatanodeStateMachine.java:stopDaemon(428)) - Ozone container server stopped.
2020-07-22 12:34:07,403 [Listener at 127.0.0.1/42799] INFO  handler.ContextHandler (ContextHandler.java:doStop(1016)) - Stopped o.e.j.w.WebAppContext@6636e1dd{hddsDatanode,/,null,UNAVAILABLE}{jar:file:/home/user/.m2/repository/org/apache/hadoop/hadoop-hdds-container-service/0.6.0-SNAPSHOT/hadoop-hdds-container-service-0.6.0-SNAPSHOT.jar!/webapps/hddsDatanode}
2020-07-22 12:34:07,403 [Listener at 127.0.0.1/42799] INFO  server.AbstractConnector (AbstractConnector.java:doStop(380)) - Stopped ServerConnector@41d101d4{HTTP/1.1,[http/1.1]}{0.0.0.0:0}
2020-07-22 12:34:07,404 [Listener at 127.0.0.1/42799] INFO  server.session (HouseKeeper.java:stopScavenging(158)) - node0 Stopped scavenging
2020-07-22 12:34:07,404 [Listener at 127.0.0.1/42799] INFO  handler.ContextHandler (ContextHandler.java:doStop(1016)) - Stopped o.e.j.s.ServletContextHandler@321325d7{static,/static,jar:file:/home/user/.m2/repository/org/apache/hadoop/hadoop-hdds-container-service/0.6.0-SNAPSHOT/hadoop-hdds-container-service-0.6.0-SNAPSHOT.jar!/webapps/static,UNAVAILABLE}
2020-07-22 12:34:07,404 [Listener at 127.0.0.1/42799] INFO  handler.ContextHandler (ContextHandler.java:doStop(1016)) - Stopped o.e.j.s.ServletContextHandler@b753aa5{logs,/logs,file:///github/workspace/mnt/ozone/hadoop-ozone/integration-test/target/log,UNAVAILABLE}
2020-07-22 12:34:07,406 [Listener at 127.0.0.1/42799] INFO  ozone.MiniOzoneClusterImpl (MiniOzoneClusterImpl.java:stopSCM(476)) - Stopping the StorageContainerManager
2020-07-22 12:34:07,406 [Listener at 127.0.0.1/42799] INFO  server.StorageContainerManager (StorageContainerManager.java:stop(827)) - Stopping Replication Manager Service.
2020-07-22 12:34:07,406 [Listener at 127.0.0.1/42799] INFO  container.ReplicationManager (ReplicationManager.java:stop(218)) - Stopping Replication Monitor Thread.
2020-07-22 12:34:07,408 [Listener at 127.0.0.1/42799] INFO  server.StorageContainerManager (StorageContainerManager.java:stop(834)) - Stopping Lease Manager of the command watchers
2020-07-22 12:34:07,408 [CommandWatcher-LeaseManager#LeaseMonitor] ERROR lease.LeaseManager (LeaseManager.java:run(238)) - Execution was interrupted 
java.lang.InterruptedException: sleep interrupted
	at java.lang.Thread.sleep(Native Method)
	at org.apache.hadoop.ozone.lease.LeaseManager$LeaseMonitor.run(LeaseManager.java:234)
	at java.lang.Thread.run(Thread.java:748)
2020-07-22 12:34:07,408 [Listener at 127.0.0.1/42799] INFO  server.StorageContainerManager (StorageContainerManager.java:stop(841)) - Stopping datanode service RPC server
2020-07-22 12:34:07,408 [Listener at 127.0.0.1/42799] INFO  server.SCMDatanodeProtocolServer (SCMDatanodeProtocolServer.java:stop(361)) - Stopping the RPC server for DataNodes
2020-07-22 12:34:07,408 [Listener at 127.0.0.1/42799] INFO  ipc.Server (Server.java:stop(3359)) - Stopping server on 36033
2020-07-22 12:34:07,410 [IPC Server listener on 0] INFO  ipc.Server (Server.java:run(1330)) - Stopping IPC Server listener on 0
2020-07-22 12:34:07,412 [IPC Server Responder] INFO  ipc.Server (Server.java:run(1465)) - Stopping IPC Server Responder
2020-07-22 12:34:07,493 [SCM Heartbeat Processing Thread - 0] WARN  node.NodeStateManager (NodeStateManager.java:scheduleNextHealthCheck(661)) - Current Thread is interrupted, shutting down HB processing thread for Node Manager.
2020-07-22 12:34:07,493 [Listener at 127.0.0.1/42799] INFO  server.StorageContainerManager (StorageContainerManager.java:stop(849)) - Stopping block service RPC server
2020-07-22 12:34:07,494 [Listener at 127.0.0.1/42799] INFO  server.SCMBlockProtocolServer (SCMBlockProtocolServer.java:stop(158)) - Stopping the RPC server for Block Protocol
2020-07-22 12:34:07,494 [Listener at 127.0.0.1/42799] INFO  ipc.Server (Server.java:stop(3359)) - Stopping server on 39143
2020-07-22 12:34:07,495 [IPC Server listener on 0] INFO  ipc.Server (Server.java:run(1330)) - Stopping IPC Server listener on 0
2020-07-22 12:34:07,496 [IPC Server Responder] INFO  ipc.Server (Server.java:run(1465)) - Stopping IPC Server Responder
2020-07-22 12:34:07,496 [Listener at 127.0.0.1/42799] INFO  server.StorageContainerManager (StorageContainerManager.java:stop(856)) - Stopping the StorageContainerLocationProtocol RPC server
2020-07-22 12:34:07,496 [Listener at 127.0.0.1/42799] INFO  server.SCMClientProtocolServer (SCMClientProtocolServer.java:stop(165)) - Stopping the RPC server for Client Protocol
2020-07-22 12:34:07,496 [Listener at 127.0.0.1/42799] INFO  ipc.Server (Server.java:stop(3359)) - Stopping server on 34263
2020-07-22 12:34:07,497 [IPC Server listener on 0] INFO  ipc.Server (Server.java:run(1330)) - Stopping IPC Server listener on 0
2020-07-22 12:34:07,500 [IPC Server Responder] INFO  ipc.Server (Server.java:run(1465)) - Stopping IPC Server Responder
2020-07-22 12:34:07,500 [Listener at 127.0.0.1/42799] INFO  server.StorageContainerManager (StorageContainerManager.java:stop(863)) - Stopping Storage Container Manager HTTP server.
2020-07-22 12:34:07,501 [Listener at 127.0.0.1/42799] INFO  handler.ContextHandler (ContextHandler.java:doStop(1016)) - Stopped o.e.j.w.WebAppContext@303b9e6e{scm,/,null,UNAVAILABLE}{file:/github/workspace/mnt/ozone/hadoop-ozone/integration-test/target/test-classes/webapps/scm}
2020-07-22 12:34:07,501 [Listener at 127.0.0.1/42799] INFO  server.AbstractConnector (AbstractConnector.java:doStop(380)) - Stopped ServerConnector@402cdf60{HTTP/1.1,[http/1.1]}{0.0.0.0:0}
2020-07-22 12:34:07,501 [Listener at 127.0.0.1/42799] INFO  server.session (HouseKeeper.java:stopScavenging(158)) - node0 Stopped scavenging
2020-07-22 12:34:07,501 [Listener at 127.0.0.1/42799] INFO  handler.ContextHandler (ContextHandler.java:doStop(1016)) - Stopped o.e.j.s.ServletContextHandler@52c86b9f{static,/static,file:///github/workspace/mnt/ozone/hadoop-ozone/integration-test/target/test-classes/webapps/static,UNAVAILABLE}
2020-07-22 12:34:07,502 [Listener at 127.0.0.1/42799] INFO  handler.ContextHandler (ContextHandler.java:doStop(1016)) - Stopped o.e.j.s.ServletContextHandler@7146e9a4{logs,/logs,file:///github/workspace/mnt/ozone/hadoop-ozone/integration-test/target/log,UNAVAILABLE}
2020-07-22 12:34:07,502 [Listener at 127.0.0.1/42799] INFO  server.StorageContainerManager (StorageContainerManager.java:stop(874)) - Stopping Block Manager Service.
2020-07-22 12:34:07,502 [Listener at 127.0.0.1/42799] INFO  utils.BackgroundService (BackgroundService.java:shutdown(157)) - Shutting down service SCMBlockDeletingService
2020-07-22 12:34:07,503 [Listener at 127.0.0.1/42799] INFO  utils.BackgroundService (BackgroundService.java:shutdown(157)) - Shutting down service SCMBlockDeletingService
2020-07-22 12:34:07,503 [Listener at 127.0.0.1/42799] INFO  server.StorageContainerManager (StorageContainerManager.java:stop(899)) - Stopping SCM Event Queue.
2020-07-22 12:34:07,507 [Listener at 127.0.0.1/42799] INFO  impl.MetricsSystemImpl (MetricsSystemImpl.java:stop(210)) - Stopping HddsDatanode metrics system...
2020-07-22 12:34:07,514 [Listener at 127.0.0.1/42799] INFO  impl.MetricsSystemImpl (MetricsSystemImpl.java:stop(216)) - HddsDatanode metrics system stopped.
]]></system-out>
    <system-err><![CDATA[Jul 22, 2020 12:33:36 PM org.apache.ratis.thirdparty.io.grpc.internal.ManagedChannelOrphanWrapper$ManagedChannelReference cleanQueue
SEVERE: *~*~*~ Channel ManagedChannelImpl{logId=529, target=172.17.0.2:34551} was not shutdown properly!!! ~*~*~*
    Make sure to call shutdown()/shutdownNow() and wait until awaitTermination() returns true.
java.lang.RuntimeException: ManagedChannel allocation site
	at org.apache.ratis.thirdparty.io.grpc.internal.ManagedChannelOrphanWrapper$ManagedChannelReference.<init>(ManagedChannelOrphanWrapper.java:93)
	at org.apache.ratis.thirdparty.io.grpc.internal.ManagedChannelOrphanWrapper.<init>(ManagedChannelOrphanWrapper.java:53)
	at org.apache.ratis.thirdparty.io.grpc.internal.ManagedChannelOrphanWrapper.<init>(ManagedChannelOrphanWrapper.java:44)
	at org.apache.ratis.thirdparty.io.grpc.internal.AbstractManagedChannelImplBuilder.build(AbstractManagedChannelImplBuilder.java:518)
	at org.apache.ratis.grpc.client.GrpcClientProtocolClient.<init>(GrpcClientProtocolClient.java:128)
	at org.apache.ratis.grpc.client.GrpcClientRpc.lambda$new$0(GrpcClientRpc.java:55)
	at org.apache.ratis.util.PeerProxyMap$PeerAndProxy.lambda$getProxy$0(PeerProxyMap.java:62)
	at org.apache.ratis.util.LifeCycle.startAndTransition(LifeCycle.java:214)
	at org.apache.ratis.util.PeerProxyMap$PeerAndProxy.getProxy(PeerProxyMap.java:61)
	at org.apache.ratis.util.PeerProxyMap.getProxy(PeerProxyMap.java:109)
	at org.apache.ratis.grpc.client.GrpcClientRpc.sendRequestAsyncUnordered(GrpcClientRpc.java:78)
	at org.apache.ratis.client.impl.UnorderedAsync.sendRequestWithRetry(UnorderedAsync.java:76)
	at org.apache.ratis.client.impl.UnorderedAsync.lambda$null$2(UnorderedAsync.java:124)
	at org.apache.ratis.util.TimeoutScheduler.lambda$onTimeout$0(TimeoutScheduler.java:141)
	at org.apache.ratis.util.TimeoutScheduler.lambda$onTimeout$1(TimeoutScheduler.java:155)
	at org.apache.ratis.util.LogUtils.runAndLog(LogUtils.java:38)
	at org.apache.ratis.util.LogUtils$1.run(LogUtils.java:79)
	at java.util.concurrent.Executors$RunnableAdapter.call(Executors.java:511)
	at java.util.concurrent.FutureTask.run(FutureTask.java:266)
	at java.util.concurrent.ScheduledThreadPoolExecutor$ScheduledFutureTask.access$201(ScheduledThreadPoolExecutor.java:180)
	at java.util.concurrent.ScheduledThreadPoolExecutor$ScheduledFutureTask.run(ScheduledThreadPoolExecutor.java:293)
	at java.util.concurrent.ThreadPoolExecutor.runWorker(ThreadPoolExecutor.java:1149)
	at java.util.concurrent.ThreadPoolExecutor$Worker.run(ThreadPoolExecutor.java:624)
	at java.lang.Thread.run(Thread.java:748)

]]></system-err>
  </testcase>
  <testcase name="test2WayCommitForTimeoutException" classname="org.apache.hadoop.ozone.client.rpc.TestWatchForCommit" time="42.779"/>
</testsuite>