<?xml version="1.0" encoding="UTF-8"?>
<testsuite xmlns:xsi="http://www.w3.org/2001/XMLSchema-instance" xsi:noNamespaceSchemaLocation="https://maven.apache.org/surefire/maven-surefire-plugin/xsd/surefire-test-report.xsd" name="org.apache.hadoop.fs.ozone.TestOzoneFileInterfaces" time="457.385" tests="18" errors="0" skipped="0" failures="1">
  <properties>
    <property name="awt.toolkit" value="sun.awt.X11.XToolkit"/>
    <property name="file.encoding.pkg" value="sun.io"/>
    <property name="java.specification.version" value="1.8"/>
    <property name="sun.cpu.isalist" value=""/>
    <property name="sun.jnu.encoding" value="ANSI_X3.4-1968"/>
    <property name="java.class.path" value="/github/workspace/mnt/ozone/hadoop-ozone/integration-test/target/test-classes:/github/workspace/mnt/ozone/hadoop-ozone/integration-test/target/classes:/home/user/.m2/repository/org/apache/hadoop/hadoop-ozone-common/0.6.0-SNAPSHOT/hadoop-ozone-common-0.6.0-SNAPSHOT.jar:/home/user/.m2/repository/org/apache/commons/commons-compress/1.4.1/commons-compress-1.4.1.jar:/home/user/.m2/repository/org/tukaani/xz/1.0/xz-1.0.jar:/home/user/.m2/repository/org/apache/hadoop/hadoop-hdds-common/0.6.0-SNAPSHOT/hadoop-hdds-common-0.6.0-SNAPSHOT.jar:/home/user/.m2/repository/info/picocli/picocli/3.9.6/picocli-3.9.6.jar:/home/user/.m2/repository/com/fasterxml/jackson/core/jackson-annotations/2.10.3/jackson-annotations-2.10.3.jar:/home/user/.m2/repository/javax/annotation/javax.annotation-api/1.2/javax.annotation-api-1.2.jar:/home/user/.m2/repository/org/apache/ratis/ratis-server/0.6.0-490b689-SNAPSHOT/ratis-server-0.6.0-490b689-SNAPSHOT.jar:/home/user/.m2/repository/org/apache/ratis/ratis-thirdparty-misc/0.3.0/ratis-thirdparty-misc-0.3.0.jar:/home/user/.m2/repository/org/apache/ratis/ratis-client/0.6.0-490b689-SNAPSHOT/ratis-client-0.6.0-490b689-SNAPSHOT.jar:/home/user/.m2/repository/org/apache/ratis/ratis-metrics/0.6.0-490b689-SNAPSHOT/ratis-metrics-0.6.0-490b689-SNAPSHOT.jar:/home/user/.m2/repository/org/apache/ratis/ratis-netty/0.6.0-490b689-SNAPSHOT/ratis-netty-0.6.0-490b689-SNAPSHOT.jar:/home/user/.m2/repository/org/apache/ratis/ratis-grpc/0.6.0-490b689-SNAPSHOT/ratis-grpc-0.6.0-490b689-SNAPSHOT.jar:/home/user/.m2/repository/org/apache/logging/log4j/log4j-api/2.11.0/log4j-api-2.11.0.jar:/home/user/.m2/repository/org/apache/logging/log4j/log4j-core/2.11.0/log4j-core-2.11.0.jar:/home/user/.m2/repository/com/lmax/disruptor/3.4.2/disruptor-3.4.2.jar:/home/user/.m2/repository/org/apache/commons/commons-pool2/2.6.0/commons-pool2-2.6.0.jar:/home/user/.m2/repository/org/bouncycastle/bcpkix-jdk15on/1.60/bcpkix-jdk15on-1.60.jar:/home/user/.m2/repository/commons-validator/commons-validator/1.6/commons-validator-1.6.jar:/home/user/.m2/repository/commons-digester/commons-digester/1.8.1/commons-digester-1.8.1.jar:/home/user/.m2/repository/io/jaegertracing/jaeger-client/1.2.0/jaeger-client-1.2.0.jar:/home/user/.m2/repository/io/jaegertracing/jaeger-thrift/1.2.0/jaeger-thrift-1.2.0.jar:/home/user/.m2/repository/org/apache/thrift/libthrift/0.13.0/libthrift-0.13.0.jar:/home/user/.m2/repository/com/squareup/okhttp3/okhttp/4.2.2/okhttp-4.2.2.jar:/home/user/.m2/repository/com/squareup/okio/okio/2.2.2/okio-2.2.2.jar:/home/user/.m2/repository/org/jetbrains/kotlin/kotlin-stdlib/1.3.50/kotlin-stdlib-1.3.50.jar:/home/user/.m2/repository/org/jetbrains/kotlin/kotlin-stdlib-common/1.3.50/kotlin-stdlib-common-1.3.50.jar:/home/user/.m2/repository/org/jetbrains/annotations/13.0/annotations-13.0.jar:/home/user/.m2/repository/io/jaegertracing/jaeger-core/1.2.0/jaeger-core-1.2.0.jar:/home/user/.m2/repository/io/jaegertracing/jaeger-tracerresolver/1.2.0/jaeger-tracerresolver-1.2.0.jar:/home/user/.m2/repository/io/opentracing/contrib/opentracing-tracerresolver/0.1.8/opentracing-tracerresolver-0.1.8.jar:/home/user/.m2/repository/io/opentracing/opentracing-util/0.33.0/opentracing-util-0.33.0.jar:/home/user/.m2/repository/io/opentracing/opentracing-api/0.33.0/opentracing-api-0.33.0.jar:/home/user/.m2/repository/io/opentracing/opentracing-noop/0.33.0/opentracing-noop-0.33.0.jar:/home/user/.m2/repository/org/apache/hadoop/hadoop-hdds-client/0.6.0-SNAPSHOT/hadoop-hdds-client-0.6.0-SNAPSHOT.jar:/home/user/.m2/repository/org/apache/hadoop/hadoop-hdds-test-utils/0.6.0-SNAPSHOT/hadoop-hdds-test-utils-0.6.0-SNAPSHOT.jar:/home/user/.m2/repository/com/google/guava/guava/28.2-jre/guava-28.2-jre.jar:/home/user/.m2/repository/com/google/guava/failureaccess/1.0.1/failureaccess-1.0.1.jar:/home/user/.m2/repository/com/google/guava/listenablefuture/9999.0-empty-to-avoid-conflict-with-guava/listenablefuture-9999.0-empty-to-avoid-conflict-with-guava.jar:/home/user/.m2/repository/com/google/code/findbugs/jsr305/3.0.0/jsr305-3.0.0.jar:/home/user/.m2/repository/org/checkerframework/checker-qual/2.10.0/checker-qual-2.10.0.jar:/home/user/.m2/repository/com/google/errorprone/error_prone_annotations/2.3.4/error_prone_annotations-2.3.4.jar:/home/user/.m2/repository/com/google/j2objc/j2objc-annotations/1.3/j2objc-annotations-1.3.jar:/home/user/.m2/repository/commons-io/commons-io/2.5/commons-io-2.5.jar:/home/user/.m2/repository/commons-logging/commons-logging/1.1.3/commons-logging-1.1.3.jar:/home/user/.m2/repository/log4j/log4j/1.2.17/log4j-1.2.17.jar:/home/user/.m2/repository/org/apache/commons/commons-lang3/3.7/commons-lang3-3.7.jar:/home/user/.m2/repository/org/slf4j/slf4j-api/1.7.25/slf4j-api-1.7.25.jar:/home/user/.m2/repository/org/apache/hadoop/hadoop-hdds-server-scm/0.6.0-SNAPSHOT/hadoop-hdds-server-scm-0.6.0-SNAPSHOT.jar:/home/user/.m2/repository/org/apache/hadoop/hadoop-hdds-container-service/0.6.0-SNAPSHOT/hadoop-hdds-container-service-0.6.0-SNAPSHOT.jar:/home/user/.m2/repository/org/apache/hadoop/hadoop-hdds-hadoop-dependency-server/0.6.0-SNAPSHOT/hadoop-hdds-hadoop-dependency-server-0.6.0-SNAPSHOT.jar:/home/user/.m2/repository/org/apache/hadoop/hadoop-hdds-server-framework/0.6.0-SNAPSHOT/hadoop-hdds-server-framework-0.6.0-SNAPSHOT.jar:/home/user/.m2/repository/org/rocksdb/rocksdbjni/6.6.4/rocksdbjni-6.6.4.jar:/home/user/.m2/repository/io/prometheus/simpleclient_dropwizard/0.7.0/simpleclient_dropwizard-0.7.0.jar:/home/user/.m2/repository/io/prometheus/simpleclient/0.7.0/simpleclient-0.7.0.jar:/home/user/.m2/repository/io/prometheus/simpleclient_common/0.7.0/simpleclient_common-0.7.0.jar:/home/user/.m2/repository/com/fasterxml/jackson/datatype/jackson-datatype-jsr310/2.10.3/jackson-datatype-jsr310-2.10.3.jar:/home/user/.m2/repository/org/apache/hadoop/hadoop-hdds-docs/0.6.0-SNAPSHOT/hadoop-hdds-docs-0.6.0-SNAPSHOT.jar:/home/user/.m2/repository/io/dropwizard/metrics/metrics-core/3.2.4/metrics-core-3.2.4.jar:/home/user/.m2/repository/org/apache/hadoop/hadoop-hdfs-client/3.2.0/hadoop-hdfs-client-3.2.0.jar:/home/user/.m2/repository/org/bouncycastle/bcprov-jdk15on/1.60/bcprov-jdk15on-1.60.jar:/home/user/.m2/repository/org/apache/hadoop/hadoop-ozone-ozone-manager/0.6.0-SNAPSHOT/hadoop-ozone-ozone-manager-0.6.0-SNAPSHOT.jar:/home/user/.m2/repository/org/apache/hadoop/hadoop-minikdc/3.2.0/hadoop-minikdc-3.2.0.jar:/home/user/.m2/repository/org/apache/kerby/kerb-simplekdc/1.0.1/kerb-simplekdc-1.0.1.jar:/home/user/.m2/repository/org/apache/kerby/kerb-client/1.0.1/kerb-client-1.0.1.jar:/home/user/.m2/repository/org/apache/kerby/kerby-config/1.0.1/kerby-config-1.0.1.jar:/home/user/.m2/repository/org/apache/kerby/kerb-core/1.0.1/kerb-core-1.0.1.jar:/home/user/.m2/repository/org/apache/kerby/kerby-pkix/1.0.1/kerby-pkix-1.0.1.jar:/home/user/.m2/repository/org/apache/kerby/kerby-asn1/1.0.1/kerby-asn1-1.0.1.jar:/home/user/.m2/repository/org/apache/kerby/kerby-util/1.0.1/kerby-util-1.0.1.jar:/home/user/.m2/repository/org/apache/kerby/kerb-common/1.0.1/kerb-common-1.0.1.jar:/home/user/.m2/repository/org/apache/kerby/kerb-crypto/1.0.1/kerb-crypto-1.0.1.jar:/home/user/.m2/repository/org/apache/kerby/kerb-util/1.0.1/kerb-util-1.0.1.jar:/home/user/.m2/repository/org/apache/kerby/token-provider/1.0.1/token-provider-1.0.1.jar:/home/user/.m2/repository/org/apache/kerby/kerb-admin/1.0.1/kerb-admin-1.0.1.jar:/home/user/.m2/repository/org/apache/kerby/kerb-server/1.0.1/kerb-server-1.0.1.jar:/home/user/.m2/repository/org/apache/kerby/kerb-identity/1.0.1/kerb-identity-1.0.1.jar:/home/user/.m2/repository/org/apache/kerby/kerby-xdr/1.0.1/kerby-xdr-1.0.1.jar:/home/user/.m2/repository/org/slf4j/slf4j-log4j12/1.7.25/slf4j-log4j12-1.7.25.jar:/home/user/.m2/repository/org/apache/hadoop/hadoop-ozone-s3gateway/0.6.0-SNAPSHOT/hadoop-ozone-s3gateway-0.6.0-SNAPSHOT.jar:/home/user/.m2/repository/org/jboss/weld/servlet/weld-servlet/2.4.7.Final/weld-servlet-2.4.7.Final.jar:/home/user/.m2/repository/org/glassfish/jersey/containers/jersey-container-servlet-core/2.27/jersey-container-servlet-core-2.27.jar:/home/user/.m2/repository/org/glassfish/hk2/external/javax.inject/2.5.0-b42/javax.inject-2.5.0-b42.jar:/home/user/.m2/repository/org/glassfish/jersey/core/jersey-common/2.27/jersey-common-2.27.jar:/home/user/.m2/repository/org/glassfish/hk2/osgi-resource-locator/1.0.1/osgi-resource-locator-1.0.1.jar:/home/user/.m2/repository/javax/ws/rs/javax.ws.rs-api/2.1/javax.ws.rs-api-2.1.jar:/home/user/.m2/repository/org/glassfish/jersey/ext/cdi/jersey-cdi1x/2.27/jersey-cdi1x-2.27.jar:/home/user/.m2/repository/org/glassfish/jersey/inject/jersey-hk2/2.27/jersey-hk2-2.27.jar:/home/user/.m2/repository/org/glassfish/hk2/hk2-locator/2.5.0-b42/hk2-locator-2.5.0-b42.jar:/home/user/.m2/repository/org/javassist/javassist/3.22.0-CR2/javassist-3.22.0-CR2.jar:/home/user/.m2/repository/org/glassfish/hk2/hk2-api/2.5.0/hk2-api-2.5.0.jar:/home/user/.m2/repository/org/glassfish/hk2/external/jakarta.inject/2.5.0/jakarta.inject-2.5.0.jar:/home/user/.m2/repository/org/glassfish/hk2/hk2-utils/2.5.0/hk2-utils-2.5.0.jar:/home/user/.m2/repository/jakarta/annotation/jakarta.annotation-api/1.3.4/jakarta.annotation-api-1.3.4.jar:/home/user/.m2/repository/org/glassfish/hk2/external/aopalliance-repackaged/2.5.0/aopalliance-repackaged-2.5.0.jar:/home/user/.m2/repository/com/fasterxml/jackson/dataformat/jackson-dataformat-xml/2.9.0/jackson-dataformat-xml-2.9.0.jar:/home/user/.m2/repository/com/fasterxml/jackson/core/jackson-core/2.10.3/jackson-core-2.10.3.jar:/home/user/.m2/repository/com/fasterxml/jackson/module/jackson-module-jaxb-annotations/2.10.3/jackson-module-jaxb-annotations-2.10.3.jar:/home/user/.m2/repository/jakarta/xml/bind/jakarta.xml.bind-api/2.3.2/jakarta.xml.bind-api-2.3.2.jar:/home/user/.m2/repository/jakarta/activation/jakarta.activation-api/1.2.1/jakarta.activation-api-1.2.1.jar:/home/user/.m2/repository/org/codehaus/woodstox/stax2-api/3.1.4/stax2-api-3.1.4.jar:/home/user/.m2/repository/com/fasterxml/woodstox/woodstox-core/5.0.3/woodstox-core-5.0.3.jar:/home/user/.m2/repository/javax/enterprise/cdi-api/1.2/cdi-api-1.2.jar:/home/user/.m2/repository/javax/el/javax.el-api/3.0.0/javax.el-api-3.0.0.jar:/home/user/.m2/repository/javax/interceptor/javax.interceptor-api/1.2/javax.interceptor-api-1.2.jar:/home/user/.m2/repository/javax/inject/javax.inject/1/javax.inject-1.jar:/home/user/.m2/repository/com/sun/xml/bind/jaxb-impl/2.3.0.1/jaxb-impl-2.3.0.1.jar:/home/user/.m2/repository/com/sun/xml/bind/jaxb-core/2.3.0.1/jaxb-core-2.3.0.1.jar:/home/user/.m2/repository/javax/xml/bind/jaxb-api/2.3.0/jaxb-api-2.3.0.jar:/home/user/.m2/repository/javax/activation/activation/1.1.1/activation-1.1.1.jar:/home/user/.m2/repository/org/apache/hadoop/hadoop-ozone-csi/0.6.0-SNAPSHOT/hadoop-ozone-csi-0.6.0-SNAPSHOT.jar:/home/user/.m2/repository/com/google/protobuf/protobuf-java-util/3.5.1/protobuf-java-util-3.5.1.jar:/home/user/.m2/repository/com/google/code/gson/gson/2.2.4/gson-2.2.4.jar:/home/user/.m2/repository/org/apache/hadoop/hadoop-hdds-config/0.6.0-SNAPSHOT/hadoop-hdds-config-0.6.0-SNAPSHOT.jar:/home/user/.m2/repository/com/google/protobuf/protobuf-java/2.5.0/protobuf-java-2.5.0.jar:/home/user/.m2/repository/io/grpc/grpc-netty/1.17.1/grpc-netty-1.17.1.jar:/home/user/.m2/repository/io/grpc/grpc-core/1.17.1/grpc-core-1.17.1.jar:/home/user/.m2/repository/io/grpc/grpc-context/1.17.1/grpc-context-1.17.1.jar:/home/user/.m2/repository/org/codehaus/mojo/animal-sniffer-annotations/1.17/animal-sniffer-annotations-1.17.jar:/home/user/.m2/repository/io/opencensus/opencensus-api/0.17.0/opencensus-api-0.17.0.jar:/home/user/.m2/repository/io/opencensus/opencensus-contrib-grpc-metrics/0.17.0/opencensus-contrib-grpc-metrics-0.17.0.jar:/home/user/.m2/repository/io/netty/netty-codec-http2/4.1.30.Final/netty-codec-http2-4.1.30.Final.jar:/home/user/.m2/repository/io/netty/netty-codec-http/4.1.30.Final/netty-codec-http-4.1.30.Final.jar:/home/user/.m2/repository/io/netty/netty-codec/4.1.30.Final/netty-codec-4.1.30.Final.jar:/home/user/.m2/repository/io/netty/netty-handler/4.1.30.Final/netty-handler-4.1.30.Final.jar:/home/user/.m2/repository/io/netty/netty-handler-proxy/4.1.30.Final/netty-handler-proxy-4.1.30.Final.jar:/home/user/.m2/repository/io/netty/netty-codec-socks/4.1.30.Final/netty-codec-socks-4.1.30.Final.jar:/home/user/.m2/repository/io/netty/netty-transport-native-epoll/4.1.30.Final/netty-transport-native-epoll-4.1.30.Final.jar:/home/user/.m2/repository/io/netty/netty-common/4.1.30.Final/netty-common-4.1.30.Final.jar:/home/user/.m2/repository/io/netty/netty-buffer/4.1.30.Final/netty-buffer-4.1.30.Final.jar:/home/user/.m2/repository/io/netty/netty-transport/4.1.30.Final/netty-transport-4.1.30.Final.jar:/home/user/.m2/repository/io/netty/netty-resolver/4.1.30.Final/netty-resolver-4.1.30.Final.jar:/home/user/.m2/repository/io/netty/netty-transport-native-unix-common/4.1.30.Final/netty-transport-native-unix-common-4.1.30.Final.jar:/home/user/.m2/repository/io/grpc/grpc-protobuf/1.17.1/grpc-protobuf-1.17.1.jar:/home/user/.m2/repository/com/google/api/grpc/proto-google-common-protos/1.0.0/proto-google-common-protos-1.0.0.jar:/home/user/.m2/repository/io/grpc/grpc-protobuf-lite/1.17.1/grpc-protobuf-lite-1.17.1.jar:/home/user/.m2/repository/io/grpc/grpc-stub/1.17.1/grpc-stub-1.17.1.jar:/home/user/.m2/repository/org/apache/hadoop/hadoop-ozone-recon/0.6.0-SNAPSHOT/hadoop-ozone-recon-0.6.0-SNAPSHOT.jar:/home/user/.m2/repository/org/apache/hadoop/hadoop-ozone-reconcodegen/0.6.0-SNAPSHOT/hadoop-ozone-reconcodegen-0.6.0-SNAPSHOT.jar:/home/user/.m2/repository/com/google/inject/extensions/guice-multibindings/4.0/guice-multibindings-4.0.jar:/home/user/.m2/repository/com/google/inject/guice/4.0/guice-4.0.jar:/home/user/.m2/repository/aopalliance/aopalliance/1.0/aopalliance-1.0.jar:/home/user/.m2/repository/com/google/inject/extensions/guice-servlet/4.0/guice-servlet-4.0.jar:/home/user/.m2/repository/org/glassfish/jersey/containers/jersey-container-servlet/2.27/jersey-container-servlet-2.27.jar:/home/user/.m2/repository/org/glassfish/hk2/guice-bridge/2.5.0/guice-bridge-2.5.0.jar:/home/user/.m2/repository/org/glassfish/jersey/core/jersey-server/2.27/jersey-server-2.27.jar:/home/user/.m2/repository/org/glassfish/jersey/core/jersey-client/2.27/jersey-client-2.27.jar:/home/user/.m2/repository/org/glassfish/jersey/media/jersey-media-jaxb/2.27/jersey-media-jaxb-2.27.jar:/home/user/.m2/repository/javax/validation/validation-api/1.1.0.Final/validation-api-1.1.0.Final.jar:/home/user/.m2/repository/org/glassfish/jersey/media/jersey-media-json-jackson/2.27/jersey-media-json-jackson-2.27.jar:/home/user/.m2/repository/org/glassfish/jersey/ext/jersey-entity-filtering/2.27/jersey-entity-filtering-2.27.jar:/home/user/.m2/repository/com/google/inject/extensions/guice-assistedinject/4.0/guice-assistedinject-4.0.jar:/home/user/.m2/repository/org/jooq/jooq/3.11.10/jooq-3.11.10.jar:/home/user/.m2/repository/org/jooq/jooq-meta/3.11.10/jooq-meta-3.11.10.jar:/home/user/.m2/repository/org/jooq/jooq-codegen/3.11.10/jooq-codegen-3.11.10.jar:/home/user/.m2/repository/com/jolbox/bonecp/0.8.0.RELEASE/bonecp-0.8.0.RELEASE.jar:/home/user/.m2/repository/org/xerial/sqlite-jdbc/3.25.2/sqlite-jdbc-3.25.2.jar:/home/user/.m2/repository/org/springframework/spring-jdbc/5.2.5.RELEASE/spring-jdbc-5.2.5.RELEASE.jar:/home/user/.m2/repository/org/springframework/spring-beans/5.2.5.RELEASE/spring-beans-5.2.5.RELEASE.jar:/home/user/.m2/repository/org/springframework/spring-core/5.2.5.RELEASE/spring-core-5.2.5.RELEASE.jar:/home/user/.m2/repository/org/springframework/spring-jcl/5.2.5.RELEASE/spring-jcl-5.2.5.RELEASE.jar:/home/user/.m2/repository/org/springframework/spring-tx/5.2.5.RELEASE/spring-tx-5.2.5.RELEASE.jar:/home/user/.m2/repository/org/apache/hadoop/hadoop-ozone-client/0.6.0-SNAPSHOT/hadoop-ozone-client-0.6.0-SNAPSHOT.jar:/home/user/.m2/repository/org/apache/hadoop/hadoop-ozone-filesystem/0.6.0-SNAPSHOT/hadoop-ozone-filesystem-0.6.0-SNAPSHOT.jar:/home/user/.m2/repository/org/apache/hadoop/hadoop-hdds-hadoop-dependency-client/0.6.0-SNAPSHOT/hadoop-hdds-hadoop-dependency-client-0.6.0-SNAPSHOT.jar:/home/user/.m2/repository/org/apache/hadoop/hadoop-ozone-tools/0.6.0-SNAPSHOT/hadoop-ozone-tools-0.6.0-SNAPSHOT.jar:/home/user/.m2/repository/org/apache/hadoop/hadoop-hdfs/3.2.0/hadoop-hdfs-3.2.0.jar:/home/user/.m2/repository/org/apache/ratis/ratis-tools/0.6.0-490b689-SNAPSHOT/ratis-tools-0.6.0-490b689-SNAPSHOT.jar:/home/user/.m2/repository/org/apache/ratis/ratis-proto/0.6.0-490b689-SNAPSHOT/ratis-proto-0.6.0-490b689-SNAPSHOT.jar:/home/user/.m2/repository/org/apache/ratis/ratis-common/0.6.0-490b689-SNAPSHOT/ratis-common-0.6.0-490b689-SNAPSHOT.jar:/home/user/.m2/repository/com/amazonaws/aws-java-sdk-core/1.11.615/aws-java-sdk-core-1.11.615.jar:/home/user/.m2/repository/org/apache/httpcomponents/httpclient/4.5.2/httpclient-4.5.2.jar:/home/user/.m2/repository/org/apache/httpcomponents/httpcore/4.4.4/httpcore-4.4.4.jar:/home/user/.m2/repository/software/amazon/ion/ion-java/1.0.2/ion-java-1.0.2.jar:/home/user/.m2/repository/com/fasterxml/jackson/dataformat/jackson-dataformat-cbor/2.10.3/jackson-dataformat-cbor-2.10.3.jar:/home/user/.m2/repository/joda-time/joda-time/2.9.9/joda-time-2.9.9.jar:/home/user/.m2/repository/com/amazonaws/aws-java-sdk-s3/1.11.615/aws-java-sdk-s3-1.11.615.jar:/home/user/.m2/repository/com/amazonaws/aws-java-sdk-kms/1.11.615/aws-java-sdk-kms-1.11.615.jar:/home/user/.m2/repository/com/amazonaws/jmespath-java/1.11.615/jmespath-java-1.11.615.jar:/home/user/.m2/repository/org/apache/hadoop/hadoop-hdds-tools/0.6.0-SNAPSHOT/hadoop-hdds-tools-0.6.0-SNAPSHOT.jar:/home/user/.m2/repository/commons-cli/commons-cli/1.2/commons-cli-1.2.jar:/home/user/.m2/repository/commons-lang/commons-lang/2.6/commons-lang-2.6.jar:/home/user/.m2/repository/org/apache/hadoop/hadoop-ozone-ozone-manager/0.6.0-SNAPSHOT/hadoop-ozone-ozone-manager-0.6.0-SNAPSHOT-tests.jar:/home/user/.m2/repository/junit/junit/4.11/junit-4.11.jar:/home/user/.m2/repository/org/hamcrest/hamcrest-core/1.3/hamcrest-core-1.3.jar:/home/user/.m2/repository/org/openjdk/jmh/jmh-core/1.19/jmh-core-1.19.jar:/home/user/.m2/repository/net/sf/jopt-simple/jopt-simple/4.6/jopt-simple-4.6.jar:/home/user/.m2/repository/org/apache/commons/commons-math3/3.1.1/commons-math3-3.1.1.jar:/home/user/.m2/repository/org/openjdk/jmh/jmh-generator-annprocess/1.19/jmh-generator-annprocess-1.19.jar:/home/user/.m2/repository/org/mockito/mockito-all/1.8.5/mockito-all-1.8.5.jar:/home/user/.m2/repository/org/apache/hadoop/hadoop-kms/3.2.0/hadoop-kms-3.2.0.jar:/home/user/.m2/repository/org/apache/hadoop/hadoop-auth/3.2.0/hadoop-auth-3.2.0.jar:/home/user/.m2/repository/com/nimbusds/nimbus-jose-jwt/7.9/nimbus-jose-jwt-7.9.jar:/home/user/.m2/repository/com/github/stephenc/jcip/jcip-annotations/1.0-1/jcip-annotations-1.0-1.jar:/home/user/.m2/repository/net/minidev/json-smart/2.3/json-smart-2.3.jar:/home/user/.m2/repository/net/minidev/accessors-smart/1.2/accessors-smart-1.2.jar:/home/user/.m2/repository/org/ow2/asm/asm/5.0.4/asm-5.0.4.jar:/home/user/.m2/repository/org/apache/zookeeper/zookeeper/3.4.13/zookeeper-3.4.13.jar:/home/user/.m2/repository/org/apache/yetus/audience-annotations/0.5.0/audience-annotations-0.5.0.jar:/home/user/.m2/repository/org/apache/curator/curator-framework/2.12.0/curator-framework-2.12.0.jar:/home/user/.m2/repository/com/sun/jersey/jersey-core/1.19/jersey-core-1.19.jar:/home/user/.m2/repository/javax/ws/rs/jsr311-api/1.1.1/jsr311-api-1.1.1.jar:/home/user/.m2/repository/com/sun/jersey/jersey-server/1.19/jersey-server-1.19.jar:/home/user/.m2/repository/javax/servlet/javax.servlet-api/3.1.0/javax.servlet-api-3.1.0.jar:/home/user/.m2/repository/org/eclipse/jetty/jetty-server/9.4.26.v20200117/jetty-server-9.4.26.v20200117.jar:/home/user/.m2/repository/org/eclipse/jetty/jetty-http/9.4.26.v20200117/jetty-http-9.4.26.v20200117.jar:/home/user/.m2/repository/org/eclipse/jetty/jetty-io/9.4.26.v20200117/jetty-io-9.4.26.v20200117.jar:/home/user/.m2/repository/org/eclipse/jetty/jetty-webapp/9.4.26.v20200117/jetty-webapp-9.4.26.v20200117.jar:/home/user/.m2/repository/org/eclipse/jetty/jetty-xml/9.4.26.v20200117/jetty-xml-9.4.26.v20200117.jar:/home/user/.m2/repository/org/eclipse/jetty/jetty-servlet/9.4.26.v20200117/jetty-servlet-9.4.26.v20200117.jar:/home/user/.m2/repository/org/eclipse/jetty/jetty-security/9.4.26.v20200117/jetty-security-9.4.26.v20200117.jar:/home/user/.m2/repository/org/apache/hadoop/hadoop-common/3.2.0/hadoop-common-3.2.0.jar:/home/user/.m2/repository/commons-net/commons-net/3.6/commons-net-3.6.jar:/home/user/.m2/repository/commons-collections/commons-collections/3.2.2/commons-collections-3.2.2.jar:/home/user/.m2/repository/com/sun/jersey/jersey-servlet/1.19/jersey-servlet-1.19.jar:/home/user/.m2/repository/com/sun/jersey/jersey-json/1.19/jersey-json-1.19.jar:/home/user/.m2/repository/org/codehaus/jettison/jettison/1.1/jettison-1.1.jar:/home/user/.m2/repository/org/codehaus/jackson/jackson-jaxrs/1.9.2/jackson-jaxrs-1.9.2.jar:/home/user/.m2/repository/org/codehaus/jackson/jackson-xc/1.9.2/jackson-xc-1.9.2.jar:/home/user/.m2/repository/commons-beanutils/commons-beanutils/1.9.4/commons-beanutils-1.9.4.jar:/home/user/.m2/repository/org/apache/commons/commons-configuration2/2.1.1/commons-configuration2-2.1.1.jar:/home/user/.m2/repository/org/apache/commons/commons-text/1.4/commons-text-1.4.jar:/home/user/.m2/repository/com/google/re2j/re2j/1.1/re2j-1.1.jar:/home/user/.m2/repository/com/jcraft/jsch/0.1.54/jsch-0.1.54.jar:/home/user/.m2/repository/org/apache/curator/curator-client/2.12.0/curator-client-2.12.0.jar:/home/user/.m2/repository/org/apache/curator/curator-recipes/2.12.0/curator-recipes-2.12.0.jar:/home/user/.m2/repository/dnsjava/dnsjava/2.1.7/dnsjava-2.1.7.jar:/home/user/.m2/repository/org/slf4j/jul-to-slf4j/1.7.25/jul-to-slf4j-1.7.25.jar:/home/user/.m2/repository/org/eclipse/jetty/jetty-util/9.4.26.v20200117/jetty-util-9.4.26.v20200117.jar:/home/user/.m2/repository/com/fasterxml/jackson/core/jackson-databind/2.10.3/jackson-databind-2.10.3.jar:/home/user/.m2/repository/org/apache/hadoop/hadoop-kms/3.2.0/hadoop-kms-3.2.0-tests.jar:/home/user/.m2/repository/org/apache/hadoop/hadoop-hdds-server-scm/0.6.0-SNAPSHOT/hadoop-hdds-server-scm-0.6.0-SNAPSHOT-tests.jar:/home/user/.m2/repository/org/apache/hadoop/hadoop-hdds-container-service/0.6.0-SNAPSHOT/hadoop-hdds-container-service-0.6.0-SNAPSHOT-tests.jar:/home/user/.m2/repository/org/apache/hadoop/hadoop-hdds-common/0.6.0-SNAPSHOT/hadoop-hdds-common-0.6.0-SNAPSHOT-tests.jar:/home/user/.m2/repository/org/yaml/snakeyaml/1.16/snakeyaml-1.16.jar:/home/user/.m2/repository/org/apache/hadoop/hadoop-hdds-hadoop-dependency-test/0.6.0-SNAPSHOT/hadoop-hdds-hadoop-dependency-test-0.6.0-SNAPSHOT.jar:/home/user/.m2/repository/org/apache/hadoop/hadoop-common/3.2.0/hadoop-common-3.2.0-tests.jar:/home/user/.m2/repository/javax/servlet/jsp/jsp-api/2.1/jsp-api-2.1.jar:/home/user/.m2/repository/org/apache/hadoop/hadoop-hdfs/3.2.0/hadoop-hdfs-3.2.0-tests.jar:/home/user/.m2/repository/org/eclipse/jetty/jetty-util-ajax/9.4.26.v20200117/jetty-util-ajax-9.4.26.v20200117.jar:/home/user/.m2/repository/commons-codec/commons-codec/1.11/commons-codec-1.11.jar:/home/user/.m2/repository/commons-daemon/commons-daemon/1.0.13/commons-daemon-1.0.13.jar:/home/user/.m2/repository/io/netty/netty/3.10.5.Final/netty-3.10.5.Final.jar:/home/user/.m2/repository/io/netty/netty-all/4.1.47.Final/netty-all-4.1.47.Final.jar:/home/user/.m2/repository/org/apache/htrace/htrace-core4/4.1.0-incubating/htrace-core4-4.1.0-incubating.jar:/home/user/.m2/repository/org/fusesource/leveldbjni/leveldbjni-all/1.8/leveldbjni-all-1.8.jar:/home/user/.m2/repository/org/apache/hadoop/hadoop-distcp/3.2.0/hadoop-distcp-3.2.0.jar:/home/user/.m2/repository/org/apache/hadoop/hadoop-mapreduce-client-jobclient/3.2.0/hadoop-mapreduce-client-jobclient-3.2.0.jar:/home/user/.m2/repository/org/apache/hadoop/hadoop-mapreduce-client-common/3.2.0/hadoop-mapreduce-client-common-3.2.0.jar:/home/user/.m2/repository/org/apache/hadoop/hadoop-yarn-common/3.2.0/hadoop-yarn-common-3.2.0.jar:/home/user/.m2/repository/org/apache/hadoop/hadoop-yarn-api/3.2.0/hadoop-yarn-api-3.2.0.jar:/home/user/.m2/repository/com/sun/jersey/jersey-client/1.19/jersey-client-1.19.jar:/home/user/.m2/repository/com/sun/jersey/contribs/jersey-guice/1.19/jersey-guice-1.19.jar:/home/user/.m2/repository/com/fasterxml/jackson/jaxrs/jackson-jaxrs-json-provider/2.10.3/jackson-jaxrs-json-provider-2.10.3.jar:/home/user/.m2/repository/com/fasterxml/jackson/jaxrs/jackson-jaxrs-base/2.10.3/jackson-jaxrs-base-2.10.3.jar:/home/user/.m2/repository/org/apache/hadoop/hadoop-yarn-client/3.2.0/hadoop-yarn-client-3.2.0.jar:/home/user/.m2/repository/org/apache/hadoop/hadoop-mapreduce-client-core/3.2.0/hadoop-mapreduce-client-core-3.2.0.jar:/home/user/.m2/repository/org/apache/avro/avro/1.7.7/avro-1.7.7.jar:/home/user/.m2/repository/org/codehaus/jackson/jackson-core-asl/1.9.13/jackson-core-asl-1.9.13.jar:/home/user/.m2/repository/org/codehaus/jackson/jackson-mapper-asl/1.9.13/jackson-mapper-asl-1.9.13.jar:/home/user/.m2/repository/com/thoughtworks/paranamer/paranamer/2.3/paranamer-2.3.jar:/home/user/.m2/repository/org/xerial/snappy/snappy-java/1.0.5/snappy-java-1.0.5.jar:/home/user/.m2/repository/org/apache/hadoop/hadoop-annotations/3.2.0/hadoop-annotations-3.2.0.jar:/usr/lib/jvm/java-1.8.0-openjdk-1.8.0.232.b09-0.el7_7.x86_64/jre/../lib/tools.jar:/home/user/.m2/repository/org/apache/hadoop/hadoop-distcp/3.2.0/hadoop-distcp-3.2.0-tests.jar:"/>
    <property name="java.vm.vendor" value="Oracle Corporation"/>
    <property name="sun.arch.data.model" value="64"/>
    <property name="test.build.dir" value="/github/workspace/mnt/ozone/hadoop-ozone/integration-test/target/test-dir"/>
    <property name="test.cache.data" value=""/>
    <property name="java.vendor.url" value="http://java.oracle.com/"/>
    <property name="user.timezone" value=""/>
    <property name="java.vm.specification.version" value="1.8"/>
    <property name="os.name" value="Linux"/>
    <property name="test.build.data" value="/github/workspace/mnt/ozone/hadoop-ozone/integration-test/target/test-dir"/>
    <property name="user.country" value="US"/>
    <property name="sun.java.launcher" value="SUN_STANDARD"/>
    <property name="sun.boot.library.path" value="/usr/lib/jvm/java-1.8.0-openjdk-1.8.0.232.b09-0.el7_7.x86_64/jre/lib/amd64"/>
    <property name="sun.java.command" value="/github/workspace/mnt/ozone/hadoop-ozone/integration-test/target/surefire/surefirebooter8816678948409477669.jar /github/workspace/mnt/ozone/hadoop-ozone/integration-test/target/surefire 2020-04-27T22-01-18_859-jvmRun1 surefire8935514353922937332tmp surefire_33180400077867893599tmp"/>
    <property name="surefire.test.class.path" value="/github/workspace/mnt/ozone/hadoop-ozone/integration-test/target/test-classes:/github/workspace/mnt/ozone/hadoop-ozone/integration-test/target/classes:/home/user/.m2/repository/org/apache/hadoop/hadoop-ozone-common/0.6.0-SNAPSHOT/hadoop-ozone-common-0.6.0-SNAPSHOT.jar:/home/user/.m2/repository/org/apache/commons/commons-compress/1.4.1/commons-compress-1.4.1.jar:/home/user/.m2/repository/org/tukaani/xz/1.0/xz-1.0.jar:/home/user/.m2/repository/org/apache/hadoop/hadoop-hdds-common/0.6.0-SNAPSHOT/hadoop-hdds-common-0.6.0-SNAPSHOT.jar:/home/user/.m2/repository/info/picocli/picocli/3.9.6/picocli-3.9.6.jar:/home/user/.m2/repository/com/fasterxml/jackson/core/jackson-annotations/2.10.3/jackson-annotations-2.10.3.jar:/home/user/.m2/repository/javax/annotation/javax.annotation-api/1.2/javax.annotation-api-1.2.jar:/home/user/.m2/repository/org/apache/ratis/ratis-server/0.6.0-490b689-SNAPSHOT/ratis-server-0.6.0-490b689-SNAPSHOT.jar:/home/user/.m2/repository/org/apache/ratis/ratis-thirdparty-misc/0.3.0/ratis-thirdparty-misc-0.3.0.jar:/home/user/.m2/repository/org/apache/ratis/ratis-client/0.6.0-490b689-SNAPSHOT/ratis-client-0.6.0-490b689-SNAPSHOT.jar:/home/user/.m2/repository/org/apache/ratis/ratis-metrics/0.6.0-490b689-SNAPSHOT/ratis-metrics-0.6.0-490b689-SNAPSHOT.jar:/home/user/.m2/repository/org/apache/ratis/ratis-netty/0.6.0-490b689-SNAPSHOT/ratis-netty-0.6.0-490b689-SNAPSHOT.jar:/home/user/.m2/repository/org/apache/ratis/ratis-grpc/0.6.0-490b689-SNAPSHOT/ratis-grpc-0.6.0-490b689-SNAPSHOT.jar:/home/user/.m2/repository/org/apache/logging/log4j/log4j-api/2.11.0/log4j-api-2.11.0.jar:/home/user/.m2/repository/org/apache/logging/log4j/log4j-core/2.11.0/log4j-core-2.11.0.jar:/home/user/.m2/repository/com/lmax/disruptor/3.4.2/disruptor-3.4.2.jar:/home/user/.m2/repository/org/apache/commons/commons-pool2/2.6.0/commons-pool2-2.6.0.jar:/home/user/.m2/repository/org/bouncycastle/bcpkix-jdk15on/1.60/bcpkix-jdk15on-1.60.jar:/home/user/.m2/repository/commons-validator/commons-validator/1.6/commons-validator-1.6.jar:/home/user/.m2/repository/commons-digester/commons-digester/1.8.1/commons-digester-1.8.1.jar:/home/user/.m2/repository/io/jaegertracing/jaeger-client/1.2.0/jaeger-client-1.2.0.jar:/home/user/.m2/repository/io/jaegertracing/jaeger-thrift/1.2.0/jaeger-thrift-1.2.0.jar:/home/user/.m2/repository/org/apache/thrift/libthrift/0.13.0/libthrift-0.13.0.jar:/home/user/.m2/repository/com/squareup/okhttp3/okhttp/4.2.2/okhttp-4.2.2.jar:/home/user/.m2/repository/com/squareup/okio/okio/2.2.2/okio-2.2.2.jar:/home/user/.m2/repository/org/jetbrains/kotlin/kotlin-stdlib/1.3.50/kotlin-stdlib-1.3.50.jar:/home/user/.m2/repository/org/jetbrains/kotlin/kotlin-stdlib-common/1.3.50/kotlin-stdlib-common-1.3.50.jar:/home/user/.m2/repository/org/jetbrains/annotations/13.0/annotations-13.0.jar:/home/user/.m2/repository/io/jaegertracing/jaeger-core/1.2.0/jaeger-core-1.2.0.jar:/home/user/.m2/repository/io/jaegertracing/jaeger-tracerresolver/1.2.0/jaeger-tracerresolver-1.2.0.jar:/home/user/.m2/repository/io/opentracing/contrib/opentracing-tracerresolver/0.1.8/opentracing-tracerresolver-0.1.8.jar:/home/user/.m2/repository/io/opentracing/opentracing-util/0.33.0/opentracing-util-0.33.0.jar:/home/user/.m2/repository/io/opentracing/opentracing-api/0.33.0/opentracing-api-0.33.0.jar:/home/user/.m2/repository/io/opentracing/opentracing-noop/0.33.0/opentracing-noop-0.33.0.jar:/home/user/.m2/repository/org/apache/hadoop/hadoop-hdds-client/0.6.0-SNAPSHOT/hadoop-hdds-client-0.6.0-SNAPSHOT.jar:/home/user/.m2/repository/org/apache/hadoop/hadoop-hdds-test-utils/0.6.0-SNAPSHOT/hadoop-hdds-test-utils-0.6.0-SNAPSHOT.jar:/home/user/.m2/repository/com/google/guava/guava/28.2-jre/guava-28.2-jre.jar:/home/user/.m2/repository/com/google/guava/failureaccess/1.0.1/failureaccess-1.0.1.jar:/home/user/.m2/repository/com/google/guava/listenablefuture/9999.0-empty-to-avoid-conflict-with-guava/listenablefuture-9999.0-empty-to-avoid-conflict-with-guava.jar:/home/user/.m2/repository/com/google/code/findbugs/jsr305/3.0.0/jsr305-3.0.0.jar:/home/user/.m2/repository/org/checkerframework/checker-qual/2.10.0/checker-qual-2.10.0.jar:/home/user/.m2/repository/com/google/errorprone/error_prone_annotations/2.3.4/error_prone_annotations-2.3.4.jar:/home/user/.m2/repository/com/google/j2objc/j2objc-annotations/1.3/j2objc-annotations-1.3.jar:/home/user/.m2/repository/commons-io/commons-io/2.5/commons-io-2.5.jar:/home/user/.m2/repository/commons-logging/commons-logging/1.1.3/commons-logging-1.1.3.jar:/home/user/.m2/repository/log4j/log4j/1.2.17/log4j-1.2.17.jar:/home/user/.m2/repository/org/apache/commons/commons-lang3/3.7/commons-lang3-3.7.jar:/home/user/.m2/repository/org/slf4j/slf4j-api/1.7.25/slf4j-api-1.7.25.jar:/home/user/.m2/repository/org/apache/hadoop/hadoop-hdds-server-scm/0.6.0-SNAPSHOT/hadoop-hdds-server-scm-0.6.0-SNAPSHOT.jar:/home/user/.m2/repository/org/apache/hadoop/hadoop-hdds-container-service/0.6.0-SNAPSHOT/hadoop-hdds-container-service-0.6.0-SNAPSHOT.jar:/home/user/.m2/repository/org/apache/hadoop/hadoop-hdds-hadoop-dependency-server/0.6.0-SNAPSHOT/hadoop-hdds-hadoop-dependency-server-0.6.0-SNAPSHOT.jar:/home/user/.m2/repository/org/apache/hadoop/hadoop-hdds-server-framework/0.6.0-SNAPSHOT/hadoop-hdds-server-framework-0.6.0-SNAPSHOT.jar:/home/user/.m2/repository/org/rocksdb/rocksdbjni/6.6.4/rocksdbjni-6.6.4.jar:/home/user/.m2/repository/io/prometheus/simpleclient_dropwizard/0.7.0/simpleclient_dropwizard-0.7.0.jar:/home/user/.m2/repository/io/prometheus/simpleclient/0.7.0/simpleclient-0.7.0.jar:/home/user/.m2/repository/io/prometheus/simpleclient_common/0.7.0/simpleclient_common-0.7.0.jar:/home/user/.m2/repository/com/fasterxml/jackson/datatype/jackson-datatype-jsr310/2.10.3/jackson-datatype-jsr310-2.10.3.jar:/home/user/.m2/repository/org/apache/hadoop/hadoop-hdds-docs/0.6.0-SNAPSHOT/hadoop-hdds-docs-0.6.0-SNAPSHOT.jar:/home/user/.m2/repository/io/dropwizard/metrics/metrics-core/3.2.4/metrics-core-3.2.4.jar:/home/user/.m2/repository/org/apache/hadoop/hadoop-hdfs-client/3.2.0/hadoop-hdfs-client-3.2.0.jar:/home/user/.m2/repository/org/bouncycastle/bcprov-jdk15on/1.60/bcprov-jdk15on-1.60.jar:/home/user/.m2/repository/org/apache/hadoop/hadoop-ozone-ozone-manager/0.6.0-SNAPSHOT/hadoop-ozone-ozone-manager-0.6.0-SNAPSHOT.jar:/home/user/.m2/repository/org/apache/hadoop/hadoop-minikdc/3.2.0/hadoop-minikdc-3.2.0.jar:/home/user/.m2/repository/org/apache/kerby/kerb-simplekdc/1.0.1/kerb-simplekdc-1.0.1.jar:/home/user/.m2/repository/org/apache/kerby/kerb-client/1.0.1/kerb-client-1.0.1.jar:/home/user/.m2/repository/org/apache/kerby/kerby-config/1.0.1/kerby-config-1.0.1.jar:/home/user/.m2/repository/org/apache/kerby/kerb-core/1.0.1/kerb-core-1.0.1.jar:/home/user/.m2/repository/org/apache/kerby/kerby-pkix/1.0.1/kerby-pkix-1.0.1.jar:/home/user/.m2/repository/org/apache/kerby/kerby-asn1/1.0.1/kerby-asn1-1.0.1.jar:/home/user/.m2/repository/org/apache/kerby/kerby-util/1.0.1/kerby-util-1.0.1.jar:/home/user/.m2/repository/org/apache/kerby/kerb-common/1.0.1/kerb-common-1.0.1.jar:/home/user/.m2/repository/org/apache/kerby/kerb-crypto/1.0.1/kerb-crypto-1.0.1.jar:/home/user/.m2/repository/org/apache/kerby/kerb-util/1.0.1/kerb-util-1.0.1.jar:/home/user/.m2/repository/org/apache/kerby/token-provider/1.0.1/token-provider-1.0.1.jar:/home/user/.m2/repository/org/apache/kerby/kerb-admin/1.0.1/kerb-admin-1.0.1.jar:/home/user/.m2/repository/org/apache/kerby/kerb-server/1.0.1/kerb-server-1.0.1.jar:/home/user/.m2/repository/org/apache/kerby/kerb-identity/1.0.1/kerb-identity-1.0.1.jar:/home/user/.m2/repository/org/apache/kerby/kerby-xdr/1.0.1/kerby-xdr-1.0.1.jar:/home/user/.m2/repository/org/slf4j/slf4j-log4j12/1.7.25/slf4j-log4j12-1.7.25.jar:/home/user/.m2/repository/org/apache/hadoop/hadoop-ozone-s3gateway/0.6.0-SNAPSHOT/hadoop-ozone-s3gateway-0.6.0-SNAPSHOT.jar:/home/user/.m2/repository/org/jboss/weld/servlet/weld-servlet/2.4.7.Final/weld-servlet-2.4.7.Final.jar:/home/user/.m2/repository/org/glassfish/jersey/containers/jersey-container-servlet-core/2.27/jersey-container-servlet-core-2.27.jar:/home/user/.m2/repository/org/glassfish/hk2/external/javax.inject/2.5.0-b42/javax.inject-2.5.0-b42.jar:/home/user/.m2/repository/org/glassfish/jersey/core/jersey-common/2.27/jersey-common-2.27.jar:/home/user/.m2/repository/org/glassfish/hk2/osgi-resource-locator/1.0.1/osgi-resource-locator-1.0.1.jar:/home/user/.m2/repository/javax/ws/rs/javax.ws.rs-api/2.1/javax.ws.rs-api-2.1.jar:/home/user/.m2/repository/org/glassfish/jersey/ext/cdi/jersey-cdi1x/2.27/jersey-cdi1x-2.27.jar:/home/user/.m2/repository/org/glassfish/jersey/inject/jersey-hk2/2.27/jersey-hk2-2.27.jar:/home/user/.m2/repository/org/glassfish/hk2/hk2-locator/2.5.0-b42/hk2-locator-2.5.0-b42.jar:/home/user/.m2/repository/org/javassist/javassist/3.22.0-CR2/javassist-3.22.0-CR2.jar:/home/user/.m2/repository/org/glassfish/hk2/hk2-api/2.5.0/hk2-api-2.5.0.jar:/home/user/.m2/repository/org/glassfish/hk2/external/jakarta.inject/2.5.0/jakarta.inject-2.5.0.jar:/home/user/.m2/repository/org/glassfish/hk2/hk2-utils/2.5.0/hk2-utils-2.5.0.jar:/home/user/.m2/repository/jakarta/annotation/jakarta.annotation-api/1.3.4/jakarta.annotation-api-1.3.4.jar:/home/user/.m2/repository/org/glassfish/hk2/external/aopalliance-repackaged/2.5.0/aopalliance-repackaged-2.5.0.jar:/home/user/.m2/repository/com/fasterxml/jackson/dataformat/jackson-dataformat-xml/2.9.0/jackson-dataformat-xml-2.9.0.jar:/home/user/.m2/repository/com/fasterxml/jackson/core/jackson-core/2.10.3/jackson-core-2.10.3.jar:/home/user/.m2/repository/com/fasterxml/jackson/module/jackson-module-jaxb-annotations/2.10.3/jackson-module-jaxb-annotations-2.10.3.jar:/home/user/.m2/repository/jakarta/xml/bind/jakarta.xml.bind-api/2.3.2/jakarta.xml.bind-api-2.3.2.jar:/home/user/.m2/repository/jakarta/activation/jakarta.activation-api/1.2.1/jakarta.activation-api-1.2.1.jar:/home/user/.m2/repository/org/codehaus/woodstox/stax2-api/3.1.4/stax2-api-3.1.4.jar:/home/user/.m2/repository/com/fasterxml/woodstox/woodstox-core/5.0.3/woodstox-core-5.0.3.jar:/home/user/.m2/repository/javax/enterprise/cdi-api/1.2/cdi-api-1.2.jar:/home/user/.m2/repository/javax/el/javax.el-api/3.0.0/javax.el-api-3.0.0.jar:/home/user/.m2/repository/javax/interceptor/javax.interceptor-api/1.2/javax.interceptor-api-1.2.jar:/home/user/.m2/repository/javax/inject/javax.inject/1/javax.inject-1.jar:/home/user/.m2/repository/com/sun/xml/bind/jaxb-impl/2.3.0.1/jaxb-impl-2.3.0.1.jar:/home/user/.m2/repository/com/sun/xml/bind/jaxb-core/2.3.0.1/jaxb-core-2.3.0.1.jar:/home/user/.m2/repository/javax/xml/bind/jaxb-api/2.3.0/jaxb-api-2.3.0.jar:/home/user/.m2/repository/javax/activation/activation/1.1.1/activation-1.1.1.jar:/home/user/.m2/repository/org/apache/hadoop/hadoop-ozone-csi/0.6.0-SNAPSHOT/hadoop-ozone-csi-0.6.0-SNAPSHOT.jar:/home/user/.m2/repository/com/google/protobuf/protobuf-java-util/3.5.1/protobuf-java-util-3.5.1.jar:/home/user/.m2/repository/com/google/code/gson/gson/2.2.4/gson-2.2.4.jar:/home/user/.m2/repository/org/apache/hadoop/hadoop-hdds-config/0.6.0-SNAPSHOT/hadoop-hdds-config-0.6.0-SNAPSHOT.jar:/home/user/.m2/repository/com/google/protobuf/protobuf-java/2.5.0/protobuf-java-2.5.0.jar:/home/user/.m2/repository/io/grpc/grpc-netty/1.17.1/grpc-netty-1.17.1.jar:/home/user/.m2/repository/io/grpc/grpc-core/1.17.1/grpc-core-1.17.1.jar:/home/user/.m2/repository/io/grpc/grpc-context/1.17.1/grpc-context-1.17.1.jar:/home/user/.m2/repository/org/codehaus/mojo/animal-sniffer-annotations/1.17/animal-sniffer-annotations-1.17.jar:/home/user/.m2/repository/io/opencensus/opencensus-api/0.17.0/opencensus-api-0.17.0.jar:/home/user/.m2/repository/io/opencensus/opencensus-contrib-grpc-metrics/0.17.0/opencensus-contrib-grpc-metrics-0.17.0.jar:/home/user/.m2/repository/io/netty/netty-codec-http2/4.1.30.Final/netty-codec-http2-4.1.30.Final.jar:/home/user/.m2/repository/io/netty/netty-codec-http/4.1.30.Final/netty-codec-http-4.1.30.Final.jar:/home/user/.m2/repository/io/netty/netty-codec/4.1.30.Final/netty-codec-4.1.30.Final.jar:/home/user/.m2/repository/io/netty/netty-handler/4.1.30.Final/netty-handler-4.1.30.Final.jar:/home/user/.m2/repository/io/netty/netty-handler-proxy/4.1.30.Final/netty-handler-proxy-4.1.30.Final.jar:/home/user/.m2/repository/io/netty/netty-codec-socks/4.1.30.Final/netty-codec-socks-4.1.30.Final.jar:/home/user/.m2/repository/io/netty/netty-transport-native-epoll/4.1.30.Final/netty-transport-native-epoll-4.1.30.Final.jar:/home/user/.m2/repository/io/netty/netty-common/4.1.30.Final/netty-common-4.1.30.Final.jar:/home/user/.m2/repository/io/netty/netty-buffer/4.1.30.Final/netty-buffer-4.1.30.Final.jar:/home/user/.m2/repository/io/netty/netty-transport/4.1.30.Final/netty-transport-4.1.30.Final.jar:/home/user/.m2/repository/io/netty/netty-resolver/4.1.30.Final/netty-resolver-4.1.30.Final.jar:/home/user/.m2/repository/io/netty/netty-transport-native-unix-common/4.1.30.Final/netty-transport-native-unix-common-4.1.30.Final.jar:/home/user/.m2/repository/io/grpc/grpc-protobuf/1.17.1/grpc-protobuf-1.17.1.jar:/home/user/.m2/repository/com/google/api/grpc/proto-google-common-protos/1.0.0/proto-google-common-protos-1.0.0.jar:/home/user/.m2/repository/io/grpc/grpc-protobuf-lite/1.17.1/grpc-protobuf-lite-1.17.1.jar:/home/user/.m2/repository/io/grpc/grpc-stub/1.17.1/grpc-stub-1.17.1.jar:/home/user/.m2/repository/org/apache/hadoop/hadoop-ozone-recon/0.6.0-SNAPSHOT/hadoop-ozone-recon-0.6.0-SNAPSHOT.jar:/home/user/.m2/repository/org/apache/hadoop/hadoop-ozone-reconcodegen/0.6.0-SNAPSHOT/hadoop-ozone-reconcodegen-0.6.0-SNAPSHOT.jar:/home/user/.m2/repository/com/google/inject/extensions/guice-multibindings/4.0/guice-multibindings-4.0.jar:/home/user/.m2/repository/com/google/inject/guice/4.0/guice-4.0.jar:/home/user/.m2/repository/aopalliance/aopalliance/1.0/aopalliance-1.0.jar:/home/user/.m2/repository/com/google/inject/extensions/guice-servlet/4.0/guice-servlet-4.0.jar:/home/user/.m2/repository/org/glassfish/jersey/containers/jersey-container-servlet/2.27/jersey-container-servlet-2.27.jar:/home/user/.m2/repository/org/glassfish/hk2/guice-bridge/2.5.0/guice-bridge-2.5.0.jar:/home/user/.m2/repository/org/glassfish/jersey/core/jersey-server/2.27/jersey-server-2.27.jar:/home/user/.m2/repository/org/glassfish/jersey/core/jersey-client/2.27/jersey-client-2.27.jar:/home/user/.m2/repository/org/glassfish/jersey/media/jersey-media-jaxb/2.27/jersey-media-jaxb-2.27.jar:/home/user/.m2/repository/javax/validation/validation-api/1.1.0.Final/validation-api-1.1.0.Final.jar:/home/user/.m2/repository/org/glassfish/jersey/media/jersey-media-json-jackson/2.27/jersey-media-json-jackson-2.27.jar:/home/user/.m2/repository/org/glassfish/jersey/ext/jersey-entity-filtering/2.27/jersey-entity-filtering-2.27.jar:/home/user/.m2/repository/com/google/inject/extensions/guice-assistedinject/4.0/guice-assistedinject-4.0.jar:/home/user/.m2/repository/org/jooq/jooq/3.11.10/jooq-3.11.10.jar:/home/user/.m2/repository/org/jooq/jooq-meta/3.11.10/jooq-meta-3.11.10.jar:/home/user/.m2/repository/org/jooq/jooq-codegen/3.11.10/jooq-codegen-3.11.10.jar:/home/user/.m2/repository/com/jolbox/bonecp/0.8.0.RELEASE/bonecp-0.8.0.RELEASE.jar:/home/user/.m2/repository/org/xerial/sqlite-jdbc/3.25.2/sqlite-jdbc-3.25.2.jar:/home/user/.m2/repository/org/springframework/spring-jdbc/5.2.5.RELEASE/spring-jdbc-5.2.5.RELEASE.jar:/home/user/.m2/repository/org/springframework/spring-beans/5.2.5.RELEASE/spring-beans-5.2.5.RELEASE.jar:/home/user/.m2/repository/org/springframework/spring-core/5.2.5.RELEASE/spring-core-5.2.5.RELEASE.jar:/home/user/.m2/repository/org/springframework/spring-jcl/5.2.5.RELEASE/spring-jcl-5.2.5.RELEASE.jar:/home/user/.m2/repository/org/springframework/spring-tx/5.2.5.RELEASE/spring-tx-5.2.5.RELEASE.jar:/home/user/.m2/repository/org/apache/hadoop/hadoop-ozone-client/0.6.0-SNAPSHOT/hadoop-ozone-client-0.6.0-SNAPSHOT.jar:/home/user/.m2/repository/org/apache/hadoop/hadoop-ozone-filesystem/0.6.0-SNAPSHOT/hadoop-ozone-filesystem-0.6.0-SNAPSHOT.jar:/home/user/.m2/repository/org/apache/hadoop/hadoop-hdds-hadoop-dependency-client/0.6.0-SNAPSHOT/hadoop-hdds-hadoop-dependency-client-0.6.0-SNAPSHOT.jar:/home/user/.m2/repository/org/apache/hadoop/hadoop-ozone-tools/0.6.0-SNAPSHOT/hadoop-ozone-tools-0.6.0-SNAPSHOT.jar:/home/user/.m2/repository/org/apache/hadoop/hadoop-hdfs/3.2.0/hadoop-hdfs-3.2.0.jar:/home/user/.m2/repository/org/apache/ratis/ratis-tools/0.6.0-490b689-SNAPSHOT/ratis-tools-0.6.0-490b689-SNAPSHOT.jar:/home/user/.m2/repository/org/apache/ratis/ratis-proto/0.6.0-490b689-SNAPSHOT/ratis-proto-0.6.0-490b689-SNAPSHOT.jar:/home/user/.m2/repository/org/apache/ratis/ratis-common/0.6.0-490b689-SNAPSHOT/ratis-common-0.6.0-490b689-SNAPSHOT.jar:/home/user/.m2/repository/com/amazonaws/aws-java-sdk-core/1.11.615/aws-java-sdk-core-1.11.615.jar:/home/user/.m2/repository/org/apache/httpcomponents/httpclient/4.5.2/httpclient-4.5.2.jar:/home/user/.m2/repository/org/apache/httpcomponents/httpcore/4.4.4/httpcore-4.4.4.jar:/home/user/.m2/repository/software/amazon/ion/ion-java/1.0.2/ion-java-1.0.2.jar:/home/user/.m2/repository/com/fasterxml/jackson/dataformat/jackson-dataformat-cbor/2.10.3/jackson-dataformat-cbor-2.10.3.jar:/home/user/.m2/repository/joda-time/joda-time/2.9.9/joda-time-2.9.9.jar:/home/user/.m2/repository/com/amazonaws/aws-java-sdk-s3/1.11.615/aws-java-sdk-s3-1.11.615.jar:/home/user/.m2/repository/com/amazonaws/aws-java-sdk-kms/1.11.615/aws-java-sdk-kms-1.11.615.jar:/home/user/.m2/repository/com/amazonaws/jmespath-java/1.11.615/jmespath-java-1.11.615.jar:/home/user/.m2/repository/org/apache/hadoop/hadoop-hdds-tools/0.6.0-SNAPSHOT/hadoop-hdds-tools-0.6.0-SNAPSHOT.jar:/home/user/.m2/repository/commons-cli/commons-cli/1.2/commons-cli-1.2.jar:/home/user/.m2/repository/commons-lang/commons-lang/2.6/commons-lang-2.6.jar:/home/user/.m2/repository/org/apache/hadoop/hadoop-ozone-ozone-manager/0.6.0-SNAPSHOT/hadoop-ozone-ozone-manager-0.6.0-SNAPSHOT-tests.jar:/home/user/.m2/repository/junit/junit/4.11/junit-4.11.jar:/home/user/.m2/repository/org/hamcrest/hamcrest-core/1.3/hamcrest-core-1.3.jar:/home/user/.m2/repository/org/openjdk/jmh/jmh-core/1.19/jmh-core-1.19.jar:/home/user/.m2/repository/net/sf/jopt-simple/jopt-simple/4.6/jopt-simple-4.6.jar:/home/user/.m2/repository/org/apache/commons/commons-math3/3.1.1/commons-math3-3.1.1.jar:/home/user/.m2/repository/org/openjdk/jmh/jmh-generator-annprocess/1.19/jmh-generator-annprocess-1.19.jar:/home/user/.m2/repository/org/mockito/mockito-all/1.8.5/mockito-all-1.8.5.jar:/home/user/.m2/repository/org/apache/hadoop/hadoop-kms/3.2.0/hadoop-kms-3.2.0.jar:/home/user/.m2/repository/org/apache/hadoop/hadoop-auth/3.2.0/hadoop-auth-3.2.0.jar:/home/user/.m2/repository/com/nimbusds/nimbus-jose-jwt/7.9/nimbus-jose-jwt-7.9.jar:/home/user/.m2/repository/com/github/stephenc/jcip/jcip-annotations/1.0-1/jcip-annotations-1.0-1.jar:/home/user/.m2/repository/net/minidev/json-smart/2.3/json-smart-2.3.jar:/home/user/.m2/repository/net/minidev/accessors-smart/1.2/accessors-smart-1.2.jar:/home/user/.m2/repository/org/ow2/asm/asm/5.0.4/asm-5.0.4.jar:/home/user/.m2/repository/org/apache/zookeeper/zookeeper/3.4.13/zookeeper-3.4.13.jar:/home/user/.m2/repository/org/apache/yetus/audience-annotations/0.5.0/audience-annotations-0.5.0.jar:/home/user/.m2/repository/org/apache/curator/curator-framework/2.12.0/curator-framework-2.12.0.jar:/home/user/.m2/repository/com/sun/jersey/jersey-core/1.19/jersey-core-1.19.jar:/home/user/.m2/repository/javax/ws/rs/jsr311-api/1.1.1/jsr311-api-1.1.1.jar:/home/user/.m2/repository/com/sun/jersey/jersey-server/1.19/jersey-server-1.19.jar:/home/user/.m2/repository/javax/servlet/javax.servlet-api/3.1.0/javax.servlet-api-3.1.0.jar:/home/user/.m2/repository/org/eclipse/jetty/jetty-server/9.4.26.v20200117/jetty-server-9.4.26.v20200117.jar:/home/user/.m2/repository/org/eclipse/jetty/jetty-http/9.4.26.v20200117/jetty-http-9.4.26.v20200117.jar:/home/user/.m2/repository/org/eclipse/jetty/jetty-io/9.4.26.v20200117/jetty-io-9.4.26.v20200117.jar:/home/user/.m2/repository/org/eclipse/jetty/jetty-webapp/9.4.26.v20200117/jetty-webapp-9.4.26.v20200117.jar:/home/user/.m2/repository/org/eclipse/jetty/jetty-xml/9.4.26.v20200117/jetty-xml-9.4.26.v20200117.jar:/home/user/.m2/repository/org/eclipse/jetty/jetty-servlet/9.4.26.v20200117/jetty-servlet-9.4.26.v20200117.jar:/home/user/.m2/repository/org/eclipse/jetty/jetty-security/9.4.26.v20200117/jetty-security-9.4.26.v20200117.jar:/home/user/.m2/repository/org/apache/hadoop/hadoop-common/3.2.0/hadoop-common-3.2.0.jar:/home/user/.m2/repository/commons-net/commons-net/3.6/commons-net-3.6.jar:/home/user/.m2/repository/commons-collections/commons-collections/3.2.2/commons-collections-3.2.2.jar:/home/user/.m2/repository/com/sun/jersey/jersey-servlet/1.19/jersey-servlet-1.19.jar:/home/user/.m2/repository/com/sun/jersey/jersey-json/1.19/jersey-json-1.19.jar:/home/user/.m2/repository/org/codehaus/jettison/jettison/1.1/jettison-1.1.jar:/home/user/.m2/repository/org/codehaus/jackson/jackson-jaxrs/1.9.2/jackson-jaxrs-1.9.2.jar:/home/user/.m2/repository/org/codehaus/jackson/jackson-xc/1.9.2/jackson-xc-1.9.2.jar:/home/user/.m2/repository/commons-beanutils/commons-beanutils/1.9.4/commons-beanutils-1.9.4.jar:/home/user/.m2/repository/org/apache/commons/commons-configuration2/2.1.1/commons-configuration2-2.1.1.jar:/home/user/.m2/repository/org/apache/commons/commons-text/1.4/commons-text-1.4.jar:/home/user/.m2/repository/com/google/re2j/re2j/1.1/re2j-1.1.jar:/home/user/.m2/repository/com/jcraft/jsch/0.1.54/jsch-0.1.54.jar:/home/user/.m2/repository/org/apache/curator/curator-client/2.12.0/curator-client-2.12.0.jar:/home/user/.m2/repository/org/apache/curator/curator-recipes/2.12.0/curator-recipes-2.12.0.jar:/home/user/.m2/repository/dnsjava/dnsjava/2.1.7/dnsjava-2.1.7.jar:/home/user/.m2/repository/org/slf4j/jul-to-slf4j/1.7.25/jul-to-slf4j-1.7.25.jar:/home/user/.m2/repository/org/eclipse/jetty/jetty-util/9.4.26.v20200117/jetty-util-9.4.26.v20200117.jar:/home/user/.m2/repository/com/fasterxml/jackson/core/jackson-databind/2.10.3/jackson-databind-2.10.3.jar:/home/user/.m2/repository/org/apache/hadoop/hadoop-kms/3.2.0/hadoop-kms-3.2.0-tests.jar:/home/user/.m2/repository/org/apache/hadoop/hadoop-hdds-server-scm/0.6.0-SNAPSHOT/hadoop-hdds-server-scm-0.6.0-SNAPSHOT-tests.jar:/home/user/.m2/repository/org/apache/hadoop/hadoop-hdds-container-service/0.6.0-SNAPSHOT/hadoop-hdds-container-service-0.6.0-SNAPSHOT-tests.jar:/home/user/.m2/repository/org/apache/hadoop/hadoop-hdds-common/0.6.0-SNAPSHOT/hadoop-hdds-common-0.6.0-SNAPSHOT-tests.jar:/home/user/.m2/repository/org/yaml/snakeyaml/1.16/snakeyaml-1.16.jar:/home/user/.m2/repository/org/apache/hadoop/hadoop-hdds-hadoop-dependency-test/0.6.0-SNAPSHOT/hadoop-hdds-hadoop-dependency-test-0.6.0-SNAPSHOT.jar:/home/user/.m2/repository/org/apache/hadoop/hadoop-common/3.2.0/hadoop-common-3.2.0-tests.jar:/home/user/.m2/repository/javax/servlet/jsp/jsp-api/2.1/jsp-api-2.1.jar:/home/user/.m2/repository/org/apache/hadoop/hadoop-hdfs/3.2.0/hadoop-hdfs-3.2.0-tests.jar:/home/user/.m2/repository/org/eclipse/jetty/jetty-util-ajax/9.4.26.v20200117/jetty-util-ajax-9.4.26.v20200117.jar:/home/user/.m2/repository/commons-codec/commons-codec/1.11/commons-codec-1.11.jar:/home/user/.m2/repository/commons-daemon/commons-daemon/1.0.13/commons-daemon-1.0.13.jar:/home/user/.m2/repository/io/netty/netty/3.10.5.Final/netty-3.10.5.Final.jar:/home/user/.m2/repository/io/netty/netty-all/4.1.47.Final/netty-all-4.1.47.Final.jar:/home/user/.m2/repository/org/apache/htrace/htrace-core4/4.1.0-incubating/htrace-core4-4.1.0-incubating.jar:/home/user/.m2/repository/org/fusesource/leveldbjni/leveldbjni-all/1.8/leveldbjni-all-1.8.jar:/home/user/.m2/repository/org/apache/hadoop/hadoop-distcp/3.2.0/hadoop-distcp-3.2.0.jar:/home/user/.m2/repository/org/apache/hadoop/hadoop-mapreduce-client-jobclient/3.2.0/hadoop-mapreduce-client-jobclient-3.2.0.jar:/home/user/.m2/repository/org/apache/hadoop/hadoop-mapreduce-client-common/3.2.0/hadoop-mapreduce-client-common-3.2.0.jar:/home/user/.m2/repository/org/apache/hadoop/hadoop-yarn-common/3.2.0/hadoop-yarn-common-3.2.0.jar:/home/user/.m2/repository/org/apache/hadoop/hadoop-yarn-api/3.2.0/hadoop-yarn-api-3.2.0.jar:/home/user/.m2/repository/com/sun/jersey/jersey-client/1.19/jersey-client-1.19.jar:/home/user/.m2/repository/com/sun/jersey/contribs/jersey-guice/1.19/jersey-guice-1.19.jar:/home/user/.m2/repository/com/fasterxml/jackson/jaxrs/jackson-jaxrs-json-provider/2.10.3/jackson-jaxrs-json-provider-2.10.3.jar:/home/user/.m2/repository/com/fasterxml/jackson/jaxrs/jackson-jaxrs-base/2.10.3/jackson-jaxrs-base-2.10.3.jar:/home/user/.m2/repository/org/apache/hadoop/hadoop-yarn-client/3.2.0/hadoop-yarn-client-3.2.0.jar:/home/user/.m2/repository/org/apache/hadoop/hadoop-mapreduce-client-core/3.2.0/hadoop-mapreduce-client-core-3.2.0.jar:/home/user/.m2/repository/org/apache/avro/avro/1.7.7/avro-1.7.7.jar:/home/user/.m2/repository/org/codehaus/jackson/jackson-core-asl/1.9.13/jackson-core-asl-1.9.13.jar:/home/user/.m2/repository/org/codehaus/jackson/jackson-mapper-asl/1.9.13/jackson-mapper-asl-1.9.13.jar:/home/user/.m2/repository/com/thoughtworks/paranamer/paranamer/2.3/paranamer-2.3.jar:/home/user/.m2/repository/org/xerial/snappy/snappy-java/1.0.5/snappy-java-1.0.5.jar:/home/user/.m2/repository/org/apache/hadoop/hadoop-annotations/3.2.0/hadoop-annotations-3.2.0.jar:/usr/lib/jvm/java-1.8.0-openjdk-1.8.0.232.b09-0.el7_7.x86_64/jre/../lib/tools.jar:/home/user/.m2/repository/org/apache/hadoop/hadoop-distcp/3.2.0/hadoop-distcp-3.2.0-tests.jar:"/>
    <property name="sun.cpu.endian" value="little"/>
    <property name="user.home" value="/home/user"/>
    <property name="user.language" value="en"/>
    <property name="java.specification.vendor" value="Oracle Corporation"/>
    <property name="java.home" value="/usr/lib/jvm/java-1.8.0-openjdk-1.8.0.232.b09-0.el7_7.x86_64/jre"/>
    <property name="java.security.krb5.conf" value="/github/workspace/mnt/ozone/hadoop-ozone/integration-test/target/test-classes/krb5.conf"/>
    <property name="basedir" value="/github/workspace/mnt/ozone/hadoop-ozone/integration-test"/>
    <property name="file.separator" value="/"/>
    <property name="line.separator" value="&#10;"/>
    <property name="java.vm.specification.vendor" value="Oracle Corporation"/>
    <property name="java.specification.name" value="Java Platform API Specification"/>
    <property name="java.awt.graphicsenv" value="sun.awt.X11GraphicsEnvironment"/>
    <property name="surefire.real.class.path" value="/github/workspace/mnt/ozone/hadoop-ozone/integration-test/target/surefire/surefirebooter8816678948409477669.jar:/home/user/.m2/repository/org/jacoco/org.jacoco.agent/0.8.3/org.jacoco.agent-0.8.3-runtime.jar"/>
    <property name="hadoop.log.dir" value="/github/workspace/mnt/ozone/hadoop-ozone/integration-test/target/log"/>
    <property name="sun.boot.class.path" value="/usr/lib/jvm/java-1.8.0-openjdk-1.8.0.232.b09-0.el7_7.x86_64/jre/lib/resources.jar:/usr/lib/jvm/java-1.8.0-openjdk-1.8.0.232.b09-0.el7_7.x86_64/jre/lib/rt.jar:/usr/lib/jvm/java-1.8.0-openjdk-1.8.0.232.b09-0.el7_7.x86_64/jre/lib/sunrsasign.jar:/usr/lib/jvm/java-1.8.0-openjdk-1.8.0.232.b09-0.el7_7.x86_64/jre/lib/jsse.jar:/usr/lib/jvm/java-1.8.0-openjdk-1.8.0.232.b09-0.el7_7.x86_64/jre/lib/jce.jar:/usr/lib/jvm/java-1.8.0-openjdk-1.8.0.232.b09-0.el7_7.x86_64/jre/lib/charsets.jar:/usr/lib/jvm/java-1.8.0-openjdk-1.8.0.232.b09-0.el7_7.x86_64/jre/lib/jfr.jar:/usr/lib/jvm/java-1.8.0-openjdk-1.8.0.232.b09-0.el7_7.x86_64/jre/classes"/>
    <property name="sun.management.compiler" value="HotSpot 64-Bit Tiered Compilers"/>
    <property name="java.runtime.version" value="1.8.0_232-b09"/>
    <property name="java.net.preferIPv4Stack" value="true"/>
    <property name="user.name" value="jenkins1001"/>
    <property name="path.separator" value=":"/>
    <property name="java.security.egd" value="file:///dev/urandom"/>
    <property name="os.version" value="5.0.0-1035-azure"/>
    <property name="java.endorsed.dirs" value="/usr/lib/jvm/java-1.8.0-openjdk-1.8.0.232.b09-0.el7_7.x86_64/jre/lib/endorsed"/>
    <property name="java.runtime.name" value="OpenJDK Runtime Environment"/>
    <property name="file.encoding" value="ANSI_X3.4-1968"/>
    <property name="java.vm.name" value="OpenJDK 64-Bit Server VM"/>
    <property name="test.build.webapps" value=""/>
    <property name="localRepository" value="/home/user/.m2/repository"/>
    <property name="java.vendor.url.bug" value="http://bugreport.sun.com/bugreport/"/>
    <property name="java.io.tmpdir" value="/tmp"/>
    <property name="require.test.libhadoop" value=""/>
    <property name="java.version" value="1.8.0_232"/>
    <property name="user.dir" value="/github/workspace/mnt/ozone/hadoop-ozone/integration-test"/>
    <property name="os.arch" value="amd64"/>
    <property name="java.vm.specification.name" value="Java Virtual Machine Specification"/>
    <property name="test.build.classes" value="/github/workspace/mnt/ozone/hadoop-ozone/integration-test/target/test-classes"/>
    <property name="java.awt.printerjob" value="sun.print.PSPrinterJob"/>
    <property name="sun.os.patch.level" value="unknown"/>
    <property name="hadoop.tmp.dir" value="/github/workspace/mnt/ozone/hadoop-ozone/integration-test/target/tmp"/>
    <property name="java.library.path" value="/usr/lib:/usr/java/packages/lib/amd64:/usr/lib64:/lib64:/lib:/usr/lib"/>
    <property name="java.vm.info" value="mixed mode"/>
    <property name="java.vendor" value="Oracle Corporation"/>
    <property name="java.vm.version" value="25.232-b09"/>
    <property name="java.ext.dirs" value="/usr/lib/jvm/java-1.8.0-openjdk-1.8.0.232.b09-0.el7_7.x86_64/jre/lib/ext:/usr/java/packages/lib/ext"/>
    <property name="sun.io.unicode.encoding" value="UnicodeLittle"/>
    <property name="java.class.version" value="52.0"/>
  </properties>
  <testcase name="testReplication[0]" classname="org.apache.hadoop.fs.ozone.TestOzoneFileInterfaces" time="31.199"/>
  <testcase name="testOzoneManagerLocatedFileStatusBlockOffsetsWithMultiBlockFile[0]" classname="org.apache.hadoop.fs.ozone.TestOzoneFileInterfaces" time="31.89">
    <failure message="expected:&lt;4194304&gt; but was:&lt;1048576&gt;" type="java.lang.AssertionError"><![CDATA[java.lang.AssertionError: expected:<4194304> but was:<1048576>
	at org.junit.Assert.fail(Assert.java:88)
	at org.junit.Assert.failNotEquals(Assert.java:743)
	at org.junit.Assert.assertEquals(Assert.java:118)
	at org.junit.Assert.assertEquals(Assert.java:555)
	at org.junit.Assert.assertEquals(Assert.java:542)
	at org.apache.hadoop.fs.ozone.TestOzoneFileInterfaces.testOzoneManagerLocatedFileStatusBlockOffsetsWithMultiBlockFile(TestOzoneFileInterfaces.java:453)
	at sun.reflect.NativeMethodAccessorImpl.invoke0(Native Method)
	at sun.reflect.NativeMethodAccessorImpl.invoke(NativeMethodAccessorImpl.java:62)
	at sun.reflect.DelegatingMethodAccessorImpl.invoke(DelegatingMethodAccessorImpl.java:43)
	at java.lang.reflect.Method.invoke(Method.java:498)
	at org.junit.runners.model.FrameworkMethod$1.runReflectiveCall(FrameworkMethod.java:47)
	at org.junit.internal.runners.model.ReflectiveCallable.run(ReflectiveCallable.java:12)
	at org.junit.runners.model.FrameworkMethod.invokeExplosively(FrameworkMethod.java:44)
	at org.junit.internal.runners.statements.InvokeMethod.evaluate(InvokeMethod.java:17)
	at org.junit.internal.runners.statements.RunBefores.evaluate(RunBefores.java:26)
	at org.junit.internal.runners.statements.RunAfters.evaluate(RunAfters.java:27)
	at org.junit.runners.ParentRunner.runLeaf(ParentRunner.java:271)
	at org.junit.runners.BlockJUnit4ClassRunner.runChild(BlockJUnit4ClassRunner.java:70)
	at org.junit.runners.BlockJUnit4ClassRunner.runChild(BlockJUnit4ClassRunner.java:50)
	at org.junit.runners.ParentRunner$3.run(ParentRunner.java:238)
	at org.junit.runners.ParentRunner$1.schedule(ParentRunner.java:63)
	at org.junit.runners.ParentRunner.runChildren(ParentRunner.java:236)
	at org.junit.runners.ParentRunner.access$000(ParentRunner.java:53)
	at org.junit.runners.ParentRunner$2.evaluate(ParentRunner.java:229)
	at org.junit.runners.ParentRunner.run(ParentRunner.java:309)
	at org.junit.runners.Suite.runChild(Suite.java:127)
	at org.junit.runners.Suite.runChild(Suite.java:26)
	at org.junit.runners.ParentRunner$3.run(ParentRunner.java:238)
	at org.junit.runners.ParentRunner$1.schedule(ParentRunner.java:63)
	at org.junit.runners.ParentRunner.runChildren(ParentRunner.java:236)
	at org.junit.runners.ParentRunner.access$000(ParentRunner.java:53)
	at org.junit.runners.ParentRunner$2.evaluate(ParentRunner.java:229)
	at org.junit.runners.ParentRunner.run(ParentRunner.java:309)
	at org.apache.maven.surefire.junit4.JUnit4Provider.execute(JUnit4Provider.java:365)
	at org.apache.maven.surefire.junit4.JUnit4Provider.executeWithRerun(JUnit4Provider.java:273)
	at org.apache.maven.surefire.junit4.JUnit4Provider.executeTestSet(JUnit4Provider.java:238)
	at org.apache.maven.surefire.junit4.JUnit4Provider.invoke(JUnit4Provider.java:159)
	at org.apache.maven.surefire.booter.ForkedBooter.invokeProviderInSameClassLoader(ForkedBooter.java:384)
	at org.apache.maven.surefire.booter.ForkedBooter.runSuitesInProcess(ForkedBooter.java:345)
	at org.apache.maven.surefire.booter.ForkedBooter.execute(ForkedBooter.java:126)
	at org.apache.maven.surefire.booter.ForkedBooter.main(ForkedBooter.java:418)
]]></failure>
    <system-out><![CDATA[2020-04-27 22:05:54,646 [main] WARN  server.ServerUtils (ServerUtils.java:getScmDbDir(148)) - ozone.scm.db.dirs is not configured. We recommend adding this setting. Falling back to ozone.metadata.dirs instead.
2020-04-27 22:05:54,649 [main] WARN  server.ServerUtils (ServerUtils.java:getScmDbDir(148)) - ozone.scm.db.dirs is not configured. We recommend adding this setting. Falling back to ozone.metadata.dirs instead.
2020-04-27 22:05:54,650 [main] WARN  db.DBStoreBuilder (DBStoreBuilder.java:createDBStoreBuilder(277)) - ozone.scm.db.dirs is not configured. We recommend adding this setting. Falling back to ozone.metadata.dirs instead.
2020-04-27 22:05:54,680 [main] INFO  net.NodeSchemaLoader (NodeSchemaLoader.java:loadSchemaFromFile(126)) - Loading file from sun.misc.CompoundEnumeration@6e168a08
2020-04-27 22:05:54,680 [main] INFO  net.NodeSchemaLoader (NodeSchemaLoader.java:loadSchema(172)) - Loading network topology layer schema file
2020-04-27 22:05:54,684 [main] WARN  server.ServerUtils (ServerUtils.java:sanitizeUserArgs(73)) - ozone.scm.stale.node.interval value = 300000 is larger than max = 100000 based on the key value of ozone.scm.heartbeat.thread.interval, reset to the max value 100000.
2020-04-27 22:05:54,684 [main] WARN  server.ServerUtils (ServerUtils.java:sanitizeUserArgs(73)) - ozone.scm.stale.node.interval value = 300000 is larger than max = 100000 based on the key value of ozone.scm.heartbeat.thread.interval, reset to the max value 100000.
2020-04-27 22:05:54,685 [main] INFO  node.SCMNodeManager (SCMNodeManager.java:<init>(116)) - Entering startup safe mode.
2020-04-27 22:05:54,685 [main] INFO  algorithms.ContainerPlacementPolicyFactory (ContainerPlacementPolicyFactory.java:getPolicy(60)) - Create container placement policy of type org.apache.hadoop.hdds.scm.container.placement.algorithms.SCMContainerPlacementRandom
2020-04-27 22:05:54,686 [main] INFO  pipeline.SCMPipelineManager (SCMPipelineManager.java:initializePipelineState(158)) - No pipeline exists in current db
2020-04-27 22:05:54,688 [main] INFO  safemode.HealthyPipelineSafeModeRule (HealthyPipelineSafeModeRule.java:<init>(89)) - Total pipeline count is 0, healthy pipeline threshold count is 0
2020-04-27 22:05:54,689 [main] INFO  safemode.OneReplicaPipelineSafeModeRule (OneReplicaPipelineSafeModeRule.java:<init>(79)) - Total pipeline count is 0, pipeline's with at least one datanode reported threshold count is 0
2020-04-27 22:05:54,690 [main] INFO  ipc.CallQueueManager (CallQueueManager.java:<init>(84)) - Using callQueue: class java.util.concurrent.LinkedBlockingQueue, queueCapacity: 2000, scheduler: class org.apache.hadoop.ipc.DefaultRpcScheduler, ipcBackoff: false.
2020-04-27 22:05:54,693 [RatisPipelineUtilsThread] ERROR pipeline.SCMPipelineManager (SCMPipelineManager.java:createPipeline(222)) - Failed to create pipeline of type RATIS and factor ONE. Exception: Cannot create pipeline of factor 1 using 0 nodes. Used 0 nodes. Healthy nodes 0
2020-04-27 22:05:54,697 [main] INFO  ipc.CallQueueManager (CallQueueManager.java:<init>(84)) - Using callQueue: class java.util.concurrent.LinkedBlockingQueue, queueCapacity: 2000, scheduler: class org.apache.hadoop.ipc.DefaultRpcScheduler, ipcBackoff: false.
2020-04-27 22:05:54,698 [Socket Reader #1 for port 41045] INFO  ipc.Server (Server.java:run(1074)) - Starting Socket Reader #1 for port 41045
2020-04-27 22:05:54,701 [main] INFO  ipc.CallQueueManager (CallQueueManager.java:<init>(84)) - Using callQueue: class java.util.concurrent.LinkedBlockingQueue, queueCapacity: 2000, scheduler: class org.apache.hadoop.ipc.DefaultRpcScheduler, ipcBackoff: false.
2020-04-27 22:05:54,702 [Socket Reader #1 for port 37547] INFO  ipc.Server (Server.java:run(1074)) - Starting Socket Reader #1 for port 37547
2020-04-27 22:05:54,703 [Socket Reader #1 for port 38161] INFO  ipc.Server (Server.java:run(1074)) - Starting Socket Reader #1 for port 38161
2020-04-27 22:05:54,712 [main] INFO  http.BaseHttpServer (BaseHttpServer.java:newHttpServer2BuilderForOzone(174)) - Starting Web-server for scm at: http://0.0.0.0:0
2020-04-27 22:05:54,714 [main] INFO  server.AuthenticationFilter (AuthenticationFilter.java:constructSecretProvider(240)) - Unable to initialize FileSignerSecretProvider, falling back to use random secrets.
2020-04-27 22:05:54,721 [main] WARN  http.HttpRequestLog (HttpRequestLog.java:getRequestLog(103)) - Jetty request log can only be enabled using Log4j
2020-04-27 22:05:54,722 [main] INFO  http.HttpServer2 (HttpServer2.java:addGlobalFilter(979)) - Added global filter 'safety' (class=org.apache.hadoop.hdds.server.http.HttpServer2$QuotingInputFilter)
2020-04-27 22:05:54,722 [main] INFO  http.HttpServer2 (HttpServer2.java:addFilter(955)) - Added filter static_user_filter (class=org.apache.hadoop.hdds.server.http.StaticUserWebFilter$StaticUserFilter) to context scm
2020-04-27 22:05:54,722 [main] INFO  http.HttpServer2 (HttpServer2.java:addFilter(963)) - Added filter static_user_filter (class=org.apache.hadoop.hdds.server.http.StaticUserWebFilter$StaticUserFilter) to context static
2020-04-27 22:05:54,723 [main] INFO  http.HttpServer2 (HttpServer2.java:addFilter(963)) - Added filter static_user_filter (class=org.apache.hadoop.hdds.server.http.StaticUserWebFilter$StaticUserFilter) to context logs
2020-04-27 22:05:54,728 [main] INFO  server.StorageContainerManager (StorageContainerManager.java:start(781)) - StorageContainerLocationProtocol RPC server is listening at /0.0.0.0:38161
2020-04-27 22:05:54,730 [main] WARN  impl.MetricsConfig (MetricsConfig.java:loadFirst(134)) - Cannot locate configuration: tried hadoop-metrics2-storagecontainermanager.properties,hadoop-metrics2.properties
2020-04-27 22:05:54,732 [main] INFO  impl.MetricsSystemImpl (MetricsSystemImpl.java:startTimer(374)) - Scheduled Metric snapshot period at 10 second(s).
2020-04-27 22:05:54,733 [main] INFO  impl.MetricsSystemImpl (MetricsSystemImpl.java:start(191)) - StorageContainerManager metrics system started
2020-04-27 22:05:54,749 [main] WARN  impl.MetricsSystemImpl (MetricsSystemImpl.java:register(276)) - Sink prometheus already exists!
2020-04-27 22:05:54,760 [main] INFO  server.SCMClientProtocolServer (SCMClientProtocolServer.java:start(155)) - RPC server for Client  is listening at /0.0.0.0:38161
2020-04-27 22:05:54,760 [IPC Server Responder] INFO  ipc.Server (Server.java:run(1314)) - IPC Server Responder: starting
2020-04-27 22:05:54,760 [IPC Server listener on 38161] INFO  ipc.Server (Server.java:run(1153)) - IPC Server listener on 38161: starting
2020-04-27 22:05:54,768 [main] INFO  server.StorageContainerManager (StorageContainerManager.java:start(793)) - ScmBlockLocationProtocol RPC server is listening at /0.0.0.0:41045
2020-04-27 22:05:54,769 [main] INFO  server.SCMBlockProtocolServer (SCMBlockProtocolServer.java:start(149)) - RPC server for Block Protocol is listening at /0.0.0.0:41045
2020-04-27 22:05:54,769 [IPC Server Responder] INFO  ipc.Server (Server.java:run(1314)) - IPC Server Responder: starting
2020-04-27 22:05:54,769 [IPC Server listener on 41045] INFO  ipc.Server (Server.java:run(1153)) - IPC Server listener on 41045: starting
2020-04-27 22:05:54,782 [main] INFO  server.StorageContainerManager (StorageContainerManager.java:start(799)) - ScmDatanodeProtocl RPC server is listening at /0.0.0.0:37547
2020-04-27 22:05:54,782 [main] INFO  server.SCMDatanodeProtocolServer (SCMDatanodeProtocolServer.java:start(172)) - RPC server for DataNodes is listening at /0.0.0.0:37547
2020-04-27 22:05:54,783 [IPC Server Responder] INFO  ipc.Server (Server.java:run(1314)) - IPC Server Responder: starting
2020-04-27 22:05:54,784 [IPC Server listener on 37547] INFO  ipc.Server (Server.java:run(1153)) - IPC Server listener on 37547: starting
2020-04-27 22:05:54,797 [main] INFO  http.HttpServer2 (HttpServer2.java:bindListener(1197)) - Jetty bound to port 42297
2020-04-27 22:05:54,797 [main] INFO  server.Server (Server.java:doStart(359)) - jetty-9.4.26.v20200117; built: 2020-01-17T12:35:33.676Z; git: 7b38981d25d14afb4a12ff1f2596756144edf695; jvm 1.8.0_232-b09
2020-04-27 22:05:54,799 [main] INFO  server.session (DefaultSessionIdManager.java:doStart(333)) - DefaultSessionIdManager workerName=node0
2020-04-27 22:05:54,799 [main] INFO  server.session (DefaultSessionIdManager.java:doStart(338)) - No SessionScavenger set, using defaults
2020-04-27 22:05:54,799 [main] INFO  server.session (HouseKeeper.java:startScavenging(140)) - node0 Scavenging every 600000ms
2020-04-27 22:05:54,801 [main] INFO  handler.ContextHandler (ContextHandler.java:doStart(825)) - Started o.e.j.s.ServletContextHandler@30b80d16{logs,/logs,file:///github/workspace/mnt/ozone/hadoop-ozone/integration-test/target/log,AVAILABLE}
2020-04-27 22:05:54,801 [main] INFO  handler.ContextHandler (ContextHandler.java:doStart(825)) - Started o.e.j.s.ServletContextHandler@174600ea{static,/static,file:///github/workspace/mnt/ozone/hadoop-ozone/integration-test/target/test-classes/webapps/static,AVAILABLE}
2020-04-27 22:05:54,807 [main] INFO  handler.ContextHandler (ContextHandler.java:doStart(825)) - Started o.e.j.w.WebAppContext@5f834ca0{scm,/,file:///github/workspace/mnt/ozone/hadoop-ozone/integration-test/target/test-classes/webapps/scm/,AVAILABLE}{file:/github/workspace/mnt/ozone/hadoop-ozone/integration-test/target/test-classes/webapps/scm}
2020-04-27 22:05:54,808 [main] INFO  server.AbstractConnector (AbstractConnector.java:doStart(330)) - Started ServerConnector@18af3389{HTTP/1.1,[http/1.1]}{0.0.0.0:42297}
2020-04-27 22:05:54,808 [main] INFO  server.Server (Server.java:doStart(399)) - Started @32540ms
2020-04-27 22:05:54,808 [main] WARN  impl.MetricsSystemImpl (MetricsSystemImpl.java:register(276)) - Sink prometheus already exists!
2020-04-27 22:05:54,811 [main] INFO  http.BaseHttpServer (BaseHttpServer.java:updateConnectorAddress(288)) - HTTP server of scm listening at http://0.0.0.0:42297
2020-04-27 22:05:54,812 [main] WARN  server.ServerUtils (ServerUtils.java:getDBPath(225)) - ozone.om.db.dirs is not configured. We recommend adding this setting. Falling back to ozone.metadata.dirs instead.
2020-04-27 22:05:54,813 [org.apache.hadoop.util.JvmPauseMonitor$Monitor@73a16f36] INFO  util.JvmPauseMonitor (JvmPauseMonitor.java:run(188)) - Starting JVM pause monitor
2020-04-27 22:05:54,813 [main] INFO  ha.OMHANodeDetails (OMHANodeDetails.java:loadOMHAConfig(104)) - ozone.om.internal.service.id is not defined, falling back to ozone.om.service.ids to find serviceID for OzoneManager if it is HA enabled cluster
2020-04-27 22:05:54,814 [main] INFO  ha.OMHANodeDetails (OMHANodeDetails.java:loadOMHAConfig(207)) - Configuration either no ozone.om.address set. Falling back to the default OM address /127.0.0.1:0
2020-04-27 22:05:54,814 [main] INFO  ha.OMHANodeDetails (OMHANodeDetails.java:getOMNodeDetails(237)) - OM Service ID is not set. Setting it to the default ID: omServiceIdDefault
2020-04-27 22:05:54,814 [main] WARN  server.ServerUtils (ServerUtils.java:getDBPath(225)) - ozone.om.db.dirs is not configured. We recommend adding this setting. Falling back to ozone.metadata.dirs instead.
2020-04-27 22:05:54,814 [main] WARN  server.ServerUtils (ServerUtils.java:getDBPath(225)) - ozone.om.db.dirs is not configured. We recommend adding this setting. Falling back to ozone.metadata.dirs instead.
2020-04-27 22:05:54,824 [main] WARN  server.ServerUtils (ServerUtils.java:getDBPath(225)) - ozone.om.db.dirs is not configured. We recommend adding this setting. Falling back to ozone.metadata.dirs instead.
2020-04-27 22:05:54,885 [main] INFO  ipc.CallQueueManager (CallQueueManager.java:<init>(84)) - Using callQueue: class java.util.concurrent.LinkedBlockingQueue, queueCapacity: 2000, scheduler: class org.apache.hadoop.ipc.DefaultRpcScheduler, ipcBackoff: false.
2020-04-27 22:05:54,885 [Socket Reader #1 for port 36607] INFO  ipc.Server (Server.java:run(1074)) - Starting Socket Reader #1 for port 36607
2020-04-27 22:05:54,907 [main] INFO  impl.MetricsSystemImpl (MetricsSystemImpl.java:init(158)) - OzoneManager metrics system started (again)
2020-04-27 22:05:54,908 [main] INFO  om.OzoneManager (OzoneManager.java:start(1113)) - OzoneManager RPC server is listening at localhost/127.0.0.1:36607
2020-04-27 22:05:54,915 [IPC Server Responder] INFO  ipc.Server (Server.java:run(1314)) - IPC Server Responder: starting
2020-04-27 22:05:54,915 [IPC Server listener on 36607] INFO  ipc.Server (Server.java:run(1153)) - IPC Server listener on 36607: starting
2020-04-27 22:05:54,930 [main] INFO  http.BaseHttpServer (BaseHttpServer.java:newHttpServer2BuilderForOzone(174)) - Starting Web-server for ozoneManager at: http://0.0.0.0:0
2020-04-27 22:05:54,931 [main] INFO  server.AuthenticationFilter (AuthenticationFilter.java:constructSecretProvider(240)) - Unable to initialize FileSignerSecretProvider, falling back to use random secrets.
2020-04-27 22:05:54,935 [main] WARN  http.HttpRequestLog (HttpRequestLog.java:getRequestLog(103)) - Jetty request log can only be enabled using Log4j
2020-04-27 22:05:54,936 [main] INFO  http.HttpServer2 (HttpServer2.java:addGlobalFilter(979)) - Added global filter 'safety' (class=org.apache.hadoop.hdds.server.http.HttpServer2$QuotingInputFilter)
2020-04-27 22:05:54,936 [main] INFO  http.HttpServer2 (HttpServer2.java:addFilter(955)) - Added filter static_user_filter (class=org.apache.hadoop.hdds.server.http.StaticUserWebFilter$StaticUserFilter) to context ozoneManager
2020-04-27 22:05:54,937 [main] INFO  http.HttpServer2 (HttpServer2.java:addFilter(963)) - Added filter static_user_filter (class=org.apache.hadoop.hdds.server.http.StaticUserWebFilter$StaticUserFilter) to context logs
2020-04-27 22:05:54,937 [main] INFO  http.HttpServer2 (HttpServer2.java:addFilter(963)) - Added filter static_user_filter (class=org.apache.hadoop.hdds.server.http.StaticUserWebFilter$StaticUserFilter) to context static
2020-04-27 22:05:54,937 [main] INFO  http.HttpServer2 (HttpServer2.java:bindListener(1197)) - Jetty bound to port 33669
2020-04-27 22:05:54,937 [main] INFO  server.Server (Server.java:doStart(359)) - jetty-9.4.26.v20200117; built: 2020-01-17T12:35:33.676Z; git: 7b38981d25d14afb4a12ff1f2596756144edf695; jvm 1.8.0_232-b09
2020-04-27 22:05:54,939 [main] INFO  server.session (DefaultSessionIdManager.java:doStart(333)) - DefaultSessionIdManager workerName=node0
2020-04-27 22:05:54,939 [main] INFO  server.session (DefaultSessionIdManager.java:doStart(338)) - No SessionScavenger set, using defaults
2020-04-27 22:05:54,940 [main] INFO  server.session (HouseKeeper.java:startScavenging(140)) - node0 Scavenging every 660000ms
2020-04-27 22:05:54,941 [main] INFO  handler.ContextHandler (ContextHandler.java:doStart(825)) - Started o.e.j.s.ServletContextHandler@4e13ac96{logs,/logs,file:///github/workspace/mnt/ozone/hadoop-ozone/integration-test/target/log,AVAILABLE}
2020-04-27 22:05:54,941 [main] INFO  handler.ContextHandler (ContextHandler.java:doStart(825)) - Started o.e.j.s.ServletContextHandler@789121db{static,/static,file:///github/workspace/mnt/ozone/hadoop-ozone/integration-test/target/test-classes/webapps/static,AVAILABLE}
2020-04-27 22:05:54,946 [main] INFO  handler.ContextHandler (ContextHandler.java:doStart(825)) - Started o.e.j.w.WebAppContext@6a883776{ozoneManager,/,file:///github/workspace/mnt/ozone/hadoop-ozone/integration-test/target/test-classes/webapps/ozoneManager/,AVAILABLE}{file:/github/workspace/mnt/ozone/hadoop-ozone/integration-test/target/test-classes/webapps/ozoneManager}
2020-04-27 22:05:54,947 [main] INFO  server.AbstractConnector (AbstractConnector.java:doStart(330)) - Started ServerConnector@2ff415a8{HTTP/1.1,[http/1.1]}{0.0.0.0:33669}
2020-04-27 22:05:54,947 [main] INFO  server.Server (Server.java:doStart(399)) - Started @32678ms
2020-04-27 22:05:54,947 [main] WARN  impl.MetricsSystemImpl (MetricsSystemImpl.java:register(276)) - Sink prometheus already exists!
2020-04-27 22:05:54,949 [main] INFO  http.BaseHttpServer (BaseHttpServer.java:updateConnectorAddress(288)) - HTTP server of ozoneManager listening at http://0.0.0.0:33669
2020-04-27 22:05:54,957 [main] INFO  impl.MetricsSystemImpl (MetricsSystemImpl.java:init(158)) - HddsDatanode metrics system started (again)
2020-04-27 22:05:54,958 [main] INFO  ozone.HddsDatanodeService (HddsDatanodeService.java:start(204)) - HddsDatanodeService host:ee1a19d1c070 ip:172.17.0.2
2020-04-27 22:05:54,960 [main] INFO  volume.HddsVolume (HddsVolume.java:<init>(176)) - Creating Volume: /github/workspace/mnt/ozone/hadoop-ozone/integration-test/target/test-dir/MiniOzoneClusterImpl-87458686-d964-4780-b149-8f8debb88dcf/datanode-0/data-0/containers/hdds of storage type : DISK and capacity : 9223372036854775807
2020-04-27 22:05:54,961 [main] INFO  volume.MutableVolumeSet (MutableVolumeSet.java:initializeVolumeSet(189)) - Added Volume : /github/workspace/mnt/ozone/hadoop-ozone/integration-test/target/test-dir/MiniOzoneClusterImpl-87458686-d964-4780-b149-8f8debb88dcf/datanode-0/data-0/containers/hdds to VolumeSet
2020-04-27 22:05:54,961 [main] INFO  volume.ThrottledAsyncChecker (ThrottledAsyncChecker.java:schedule(141)) - Scheduling a check for /github/workspace/mnt/ozone/hadoop-ozone/integration-test/target/test-dir/MiniOzoneClusterImpl-87458686-d964-4780-b149-8f8debb88dcf/datanode-0/data-0/containers/hdds
2020-04-27 22:05:54,962 [main] INFO  volume.HddsVolumeChecker (HddsVolumeChecker.java:checkAllVolumes(200)) - Scheduled health check for volume /github/workspace/mnt/ozone/hadoop-ozone/integration-test/target/test-dir/MiniOzoneClusterImpl-87458686-d964-4780-b149-8f8debb88dcf/datanode-0/data-0/containers/hdds
2020-04-27 22:05:54,981 [main] INFO  impl.RaftServerProxy (ConfUtils.java:logGet(44)) - raft.rpc.type = GRPC (default)
2020-04-27 22:05:54,981 [main] INFO  grpc.GrpcFactory (GrpcFactory.java:checkPooledByteBufAllocatorUseCacheForAllThreads(45)) - PERFORMANCE WARNING: useCacheForAllThreads is true that may cause Netty to create a lot garbage objects and, as a result, trigger GC.
	It is recommended to disable useCacheForAllThreads by setting -Dorg.apache.ratis.thirdparty.io.netty.allocator.useCacheForAllThreads=false in command line.
2020-04-27 22:05:54,981 [main] INFO  grpc.GrpcConfigKeys (ConfUtils.java:logGet(44)) - raft.grpc.server.port = 0 (default)
2020-04-27 22:05:54,981 [main] INFO  server.GrpcService (ConfUtils.java:logGet(44)) - raft.grpc.message.size.max = 32MB (=33554432) (custom)
2020-04-27 22:05:54,981 [main] INFO  server.RaftServerConfigKeys (ConfUtils.java:logGet(44)) - raft.server.log.appender.buffer.byte-limit = 33554432 (custom)
2020-04-27 22:05:54,982 [main] INFO  server.GrpcService (ConfUtils.java:logGet(44)) - raft.grpc.flow.control.window = 5MB (=5242880) (custom)
2020-04-27 22:05:54,982 [main] INFO  server.RaftServerConfigKeys (ConfUtils.java:logGet(44)) - raft.server.rpc.request.timeout = 60s (custom)
2020-04-27 22:05:54,982 [main] INFO  server.RaftServerConfigKeys (ConfUtils.java:logGet(44)) - raft.server.storage.dir = [/github/workspace/mnt/ozone/hadoop-ozone/integration-test/target/test-dir/MiniOzoneClusterImpl-87458686-d964-4780-b149-8f8debb88dcf/datanode-0/data/ratis] (custom)
2020-04-27 22:05:54,985 [main] INFO  http.BaseHttpServer (BaseHttpServer.java:newHttpServer2BuilderForOzone(174)) - Starting Web-server for hddsDatanode at: http://0.0.0.0:0
2020-04-27 22:05:54,987 [main] INFO  server.AuthenticationFilter (AuthenticationFilter.java:constructSecretProvider(240)) - Unable to initialize FileSignerSecretProvider, falling back to use random secrets.
2020-04-27 22:05:54,987 [main] WARN  http.HttpRequestLog (HttpRequestLog.java:getRequestLog(103)) - Jetty request log can only be enabled using Log4j
2020-04-27 22:05:54,988 [main] INFO  http.HttpServer2 (HttpServer2.java:addGlobalFilter(979)) - Added global filter 'safety' (class=org.apache.hadoop.hdds.server.http.HttpServer2$QuotingInputFilter)
2020-04-27 22:05:54,988 [main] INFO  http.HttpServer2 (HttpServer2.java:addFilter(955)) - Added filter static_user_filter (class=org.apache.hadoop.hdds.server.http.StaticUserWebFilter$StaticUserFilter) to context hddsDatanode
2020-04-27 22:05:54,988 [main] INFO  http.HttpServer2 (HttpServer2.java:addFilter(963)) - Added filter static_user_filter (class=org.apache.hadoop.hdds.server.http.StaticUserWebFilter$StaticUserFilter) to context static
2020-04-27 22:05:54,989 [main] INFO  http.HttpServer2 (HttpServer2.java:addFilter(963)) - Added filter static_user_filter (class=org.apache.hadoop.hdds.server.http.StaticUserWebFilter$StaticUserFilter) to context logs
2020-04-27 22:05:54,989 [main] INFO  http.HttpServer2 (HttpServer2.java:bindListener(1197)) - Jetty bound to port 38307
2020-04-27 22:05:54,989 [main] INFO  server.Server (Server.java:doStart(359)) - jetty-9.4.26.v20200117; built: 2020-01-17T12:35:33.676Z; git: 7b38981d25d14afb4a12ff1f2596756144edf695; jvm 1.8.0_232-b09
2020-04-27 22:05:54,992 [main] INFO  server.session (DefaultSessionIdManager.java:doStart(333)) - DefaultSessionIdManager workerName=node0
2020-04-27 22:05:54,992 [main] INFO  server.session (DefaultSessionIdManager.java:doStart(338)) - No SessionScavenger set, using defaults
2020-04-27 22:05:54,993 [main] INFO  server.session (HouseKeeper.java:startScavenging(140)) - node0 Scavenging every 600000ms
2020-04-27 22:05:54,993 [main] INFO  handler.ContextHandler (ContextHandler.java:doStart(825)) - Started o.e.j.s.ServletContextHandler@67b60899{logs,/logs,file:///github/workspace/mnt/ozone/hadoop-ozone/integration-test/target/log,AVAILABLE}
2020-04-27 22:05:54,994 [main] INFO  handler.ContextHandler (ContextHandler.java:doStart(825)) - Started o.e.j.s.ServletContextHandler@27836e0a{static,/static,jar:file:/home/user/.m2/repository/org/apache/hadoop/hadoop-hdds-container-service/0.6.0-SNAPSHOT/hadoop-hdds-container-service-0.6.0-SNAPSHOT.jar!/webapps/static,AVAILABLE}
2020-04-27 22:05:55,023 [main] INFO  handler.ContextHandler (ContextHandler.java:doStart(825)) - Started o.e.j.w.WebAppContext@46a88033{hddsDatanode,/,file:///tmp/jetty-0_0_0_0-38307-hadoop-hdds-container-service-0_6_0-SNAPSHOT_jar-_-any-6084232891737740381.dir/webapp/,AVAILABLE}{jar:file:/home/user/.m2/repository/org/apache/hadoop/hadoop-hdds-container-service/0.6.0-SNAPSHOT/hadoop-hdds-container-service-0.6.0-SNAPSHOT.jar!/webapps/hddsDatanode}
2020-04-27 22:05:55,024 [main] INFO  server.AbstractConnector (AbstractConnector.java:doStart(330)) - Started ServerConnector@7bbf28de{HTTP/1.1,[http/1.1]}{0.0.0.0:38307}
2020-04-27 22:05:55,024 [main] INFO  server.Server (Server.java:doStart(399)) - Started @32756ms
2020-04-27 22:05:55,024 [main] WARN  impl.MetricsSystemImpl (MetricsSystemImpl.java:register(276)) - Sink prometheus already exists!
2020-04-27 22:05:55,027 [main] INFO  http.BaseHttpServer (BaseHttpServer.java:updateConnectorAddress(288)) - HTTP server of hddsDatanode listening at http://0.0.0.0:38307
2020-04-27 22:05:55,028 [main] INFO  impl.MetricsSystemImpl (MetricsSystemImpl.java:init(158)) - HddsDatanode metrics system started (again)
2020-04-27 22:05:55,029 [main] INFO  ozone.HddsDatanodeService (HddsDatanodeService.java:start(204)) - HddsDatanodeService host:ee1a19d1c070 ip:172.17.0.2
2020-04-27 22:05:55,033 [main] INFO  volume.HddsVolume (HddsVolume.java:<init>(176)) - Creating Volume: /github/workspace/mnt/ozone/hadoop-ozone/integration-test/target/test-dir/MiniOzoneClusterImpl-87458686-d964-4780-b149-8f8debb88dcf/datanode-1/data-0/containers/hdds of storage type : DISK and capacity : 9223372036854775807
2020-04-27 22:05:55,033 [main] INFO  volume.MutableVolumeSet (MutableVolumeSet.java:initializeVolumeSet(189)) - Added Volume : /github/workspace/mnt/ozone/hadoop-ozone/integration-test/target/test-dir/MiniOzoneClusterImpl-87458686-d964-4780-b149-8f8debb88dcf/datanode-1/data-0/containers/hdds to VolumeSet
2020-04-27 22:05:55,033 [main] INFO  volume.ThrottledAsyncChecker (ThrottledAsyncChecker.java:schedule(141)) - Scheduling a check for /github/workspace/mnt/ozone/hadoop-ozone/integration-test/target/test-dir/MiniOzoneClusterImpl-87458686-d964-4780-b149-8f8debb88dcf/datanode-1/data-0/containers/hdds
2020-04-27 22:05:55,037 [main] INFO  volume.HddsVolumeChecker (HddsVolumeChecker.java:checkAllVolumes(200)) - Scheduled health check for volume /github/workspace/mnt/ozone/hadoop-ozone/integration-test/target/test-dir/MiniOzoneClusterImpl-87458686-d964-4780-b149-8f8debb88dcf/datanode-1/data-0/containers/hdds
2020-04-27 22:05:55,056 [org.apache.hadoop.util.JvmPauseMonitor$Monitor@e26116b] INFO  util.JvmPauseMonitor (JvmPauseMonitor.java:run(188)) - Starting JVM pause monitor
2020-04-27 22:05:55,058 [main] INFO  impl.RaftServerProxy (ConfUtils.java:logGet(44)) - raft.rpc.type = GRPC (default)
2020-04-27 22:05:55,058 [main] INFO  grpc.GrpcFactory (GrpcFactory.java:checkPooledByteBufAllocatorUseCacheForAllThreads(45)) - PERFORMANCE WARNING: useCacheForAllThreads is true that may cause Netty to create a lot garbage objects and, as a result, trigger GC.
	It is recommended to disable useCacheForAllThreads by setting -Dorg.apache.ratis.thirdparty.io.netty.allocator.useCacheForAllThreads=false in command line.
2020-04-27 22:05:55,059 [main] INFO  grpc.GrpcConfigKeys (ConfUtils.java:logGet(44)) - raft.grpc.server.port = 0 (default)
2020-04-27 22:05:55,059 [main] INFO  server.GrpcService (ConfUtils.java:logGet(44)) - raft.grpc.message.size.max = 32MB (=33554432) (custom)
2020-04-27 22:05:55,059 [main] INFO  server.RaftServerConfigKeys (ConfUtils.java:logGet(44)) - raft.server.log.appender.buffer.byte-limit = 33554432 (custom)
2020-04-27 22:05:55,059 [main] INFO  server.GrpcService (ConfUtils.java:logGet(44)) - raft.grpc.flow.control.window = 5MB (=5242880) (custom)
2020-04-27 22:05:55,059 [main] INFO  server.RaftServerConfigKeys (ConfUtils.java:logGet(44)) - raft.server.rpc.request.timeout = 60s (custom)
2020-04-27 22:05:55,060 [main] INFO  server.RaftServerConfigKeys (ConfUtils.java:logGet(44)) - raft.server.storage.dir = [/github/workspace/mnt/ozone/hadoop-ozone/integration-test/target/test-dir/MiniOzoneClusterImpl-87458686-d964-4780-b149-8f8debb88dcf/datanode-1/data/ratis] (custom)
2020-04-27 22:05:55,065 [Datanode State Machine Thread - 0] INFO  datanode.InitDatanodeState (InitDatanodeState.java:persistContainerDatanodeDetails(145)) - DatanodeDetails is persisted to /github/workspace/mnt/ozone/hadoop-ozone/integration-test/target/test-dir/MiniOzoneClusterImpl-87458686-d964-4780-b149-8f8debb88dcf/datanode-0/meta/datanode.id
2020-04-27 22:05:55,068 [main] INFO  http.BaseHttpServer (BaseHttpServer.java:newHttpServer2BuilderForOzone(174)) - Starting Web-server for hddsDatanode at: http://0.0.0.0:0
2020-04-27 22:05:55,070 [main] INFO  server.AuthenticationFilter (AuthenticationFilter.java:constructSecretProvider(240)) - Unable to initialize FileSignerSecretProvider, falling back to use random secrets.
2020-04-27 22:05:55,072 [main] WARN  http.HttpRequestLog (HttpRequestLog.java:getRequestLog(103)) - Jetty request log can only be enabled using Log4j
2020-04-27 22:05:55,073 [main] INFO  http.HttpServer2 (HttpServer2.java:addGlobalFilter(979)) - Added global filter 'safety' (class=org.apache.hadoop.hdds.server.http.HttpServer2$QuotingInputFilter)
2020-04-27 22:05:55,073 [main] INFO  http.HttpServer2 (HttpServer2.java:addFilter(955)) - Added filter static_user_filter (class=org.apache.hadoop.hdds.server.http.StaticUserWebFilter$StaticUserFilter) to context hddsDatanode
2020-04-27 22:05:55,073 [main] INFO  http.HttpServer2 (HttpServer2.java:addFilter(963)) - Added filter static_user_filter (class=org.apache.hadoop.hdds.server.http.StaticUserWebFilter$StaticUserFilter) to context logs
2020-04-27 22:05:55,073 [main] INFO  http.HttpServer2 (HttpServer2.java:addFilter(963)) - Added filter static_user_filter (class=org.apache.hadoop.hdds.server.http.StaticUserWebFilter$StaticUserFilter) to context static
2020-04-27 22:05:55,074 [main] INFO  http.HttpServer2 (HttpServer2.java:bindListener(1197)) - Jetty bound to port 38351
2020-04-27 22:05:55,074 [main] INFO  server.Server (Server.java:doStart(359)) - jetty-9.4.26.v20200117; built: 2020-01-17T12:35:33.676Z; git: 7b38981d25d14afb4a12ff1f2596756144edf695; jvm 1.8.0_232-b09
2020-04-27 22:05:55,076 [main] INFO  server.session (DefaultSessionIdManager.java:doStart(333)) - DefaultSessionIdManager workerName=node0
2020-04-27 22:05:55,076 [main] INFO  server.session (DefaultSessionIdManager.java:doStart(338)) - No SessionScavenger set, using defaults
2020-04-27 22:05:55,076 [main] INFO  server.session (HouseKeeper.java:startScavenging(140)) - node0 Scavenging every 660000ms
2020-04-27 22:05:55,077 [main] INFO  handler.ContextHandler (ContextHandler.java:doStart(825)) - Started o.e.j.s.ServletContextHandler@6b0e892a{logs,/logs,file:///github/workspace/mnt/ozone/hadoop-ozone/integration-test/target/log,AVAILABLE}
2020-04-27 22:05:55,078 [main] INFO  handler.ContextHandler (ContextHandler.java:doStart(825)) - Started o.e.j.s.ServletContextHandler@2eed5e9{static,/static,jar:file:/home/user/.m2/repository/org/apache/hadoop/hadoop-hdds-container-service/0.6.0-SNAPSHOT/hadoop-hdds-container-service-0.6.0-SNAPSHOT.jar!/webapps/static,AVAILABLE}
2020-04-27 22:05:55,107 [main] INFO  handler.ContextHandler (ContextHandler.java:doStart(825)) - Started o.e.j.w.WebAppContext@2a2e0e40{hddsDatanode,/,file:///tmp/jetty-0_0_0_0-38351-hadoop-hdds-container-service-0_6_0-SNAPSHOT_jar-_-any-5876201192544455916.dir/webapp/,AVAILABLE}{jar:file:/home/user/.m2/repository/org/apache/hadoop/hadoop-hdds-container-service/0.6.0-SNAPSHOT/hadoop-hdds-container-service-0.6.0-SNAPSHOT.jar!/webapps/hddsDatanode}
2020-04-27 22:05:55,112 [main] INFO  server.AbstractConnector (AbstractConnector.java:doStart(330)) - Started ServerConnector@791cf38c{HTTP/1.1,[http/1.1]}{0.0.0.0:38351}
2020-04-27 22:05:55,112 [main] INFO  server.Server (Server.java:doStart(399)) - Started @32844ms
2020-04-27 22:05:55,112 [main] WARN  impl.MetricsSystemImpl (MetricsSystemImpl.java:register(276)) - Sink prometheus already exists!
2020-04-27 22:05:55,117 [main] INFO  http.BaseHttpServer (BaseHttpServer.java:updateConnectorAddress(288)) - HTTP server of hddsDatanode listening at http://0.0.0.0:38351
2020-04-27 22:05:55,117 [main] INFO  impl.MetricsSystemImpl (MetricsSystemImpl.java:init(158)) - HddsDatanode metrics system started (again)
2020-04-27 22:05:55,121 [main] INFO  ozone.HddsDatanodeService (HddsDatanodeService.java:start(204)) - HddsDatanodeService host:ee1a19d1c070 ip:172.17.0.2
2020-04-27 22:05:55,124 [main] INFO  volume.HddsVolume (HddsVolume.java:<init>(176)) - Creating Volume: /github/workspace/mnt/ozone/hadoop-ozone/integration-test/target/test-dir/MiniOzoneClusterImpl-87458686-d964-4780-b149-8f8debb88dcf/datanode-2/data-0/containers/hdds of storage type : DISK and capacity : 9223372036854775807
2020-04-27 22:05:55,125 [main] INFO  volume.MutableVolumeSet (MutableVolumeSet.java:initializeVolumeSet(189)) - Added Volume : /github/workspace/mnt/ozone/hadoop-ozone/integration-test/target/test-dir/MiniOzoneClusterImpl-87458686-d964-4780-b149-8f8debb88dcf/datanode-2/data-0/containers/hdds to VolumeSet
2020-04-27 22:05:55,125 [main] INFO  volume.ThrottledAsyncChecker (ThrottledAsyncChecker.java:schedule(141)) - Scheduling a check for /github/workspace/mnt/ozone/hadoop-ozone/integration-test/target/test-dir/MiniOzoneClusterImpl-87458686-d964-4780-b149-8f8debb88dcf/datanode-2/data-0/containers/hdds
2020-04-27 22:05:55,129 [org.apache.hadoop.util.JvmPauseMonitor$Monitor@377f3870] INFO  util.JvmPauseMonitor (JvmPauseMonitor.java:run(188)) - Starting JVM pause monitor
2020-04-27 22:05:55,129 [main] INFO  volume.HddsVolumeChecker (HddsVolumeChecker.java:checkAllVolumes(200)) - Scheduled health check for volume /github/workspace/mnt/ozone/hadoop-ozone/integration-test/target/test-dir/MiniOzoneClusterImpl-87458686-d964-4780-b149-8f8debb88dcf/datanode-2/data-0/containers/hdds
2020-04-27 22:05:55,131 [Datanode State Machine Thread - 0] INFO  datanode.InitDatanodeState (InitDatanodeState.java:persistContainerDatanodeDetails(145)) - DatanodeDetails is persisted to /github/workspace/mnt/ozone/hadoop-ozone/integration-test/target/test-dir/MiniOzoneClusterImpl-87458686-d964-4780-b149-8f8debb88dcf/datanode-1/meta/datanode.id
2020-04-27 22:05:55,154 [main] INFO  impl.RaftServerProxy (ConfUtils.java:logGet(44)) - raft.rpc.type = GRPC (default)
2020-04-27 22:05:55,154 [main] INFO  grpc.GrpcFactory (GrpcFactory.java:checkPooledByteBufAllocatorUseCacheForAllThreads(45)) - PERFORMANCE WARNING: useCacheForAllThreads is true that may cause Netty to create a lot garbage objects and, as a result, trigger GC.
	It is recommended to disable useCacheForAllThreads by setting -Dorg.apache.ratis.thirdparty.io.netty.allocator.useCacheForAllThreads=false in command line.
2020-04-27 22:05:55,154 [main] INFO  grpc.GrpcConfigKeys (ConfUtils.java:logGet(44)) - raft.grpc.server.port = 0 (default)
2020-04-27 22:05:55,154 [main] INFO  server.GrpcService (ConfUtils.java:logGet(44)) - raft.grpc.message.size.max = 32MB (=33554432) (custom)
2020-04-27 22:05:55,155 [main] INFO  server.RaftServerConfigKeys (ConfUtils.java:logGet(44)) - raft.server.log.appender.buffer.byte-limit = 33554432 (custom)
2020-04-27 22:05:55,155 [main] INFO  server.GrpcService (ConfUtils.java:logGet(44)) - raft.grpc.flow.control.window = 5MB (=5242880) (custom)
2020-04-27 22:05:55,155 [main] INFO  server.RaftServerConfigKeys (ConfUtils.java:logGet(44)) - raft.server.rpc.request.timeout = 60s (custom)
2020-04-27 22:05:55,155 [main] INFO  server.RaftServerConfigKeys (ConfUtils.java:logGet(44)) - raft.server.storage.dir = [/github/workspace/mnt/ozone/hadoop-ozone/integration-test/target/test-dir/MiniOzoneClusterImpl-87458686-d964-4780-b149-8f8debb88dcf/datanode-2/data/ratis] (custom)
2020-04-27 22:05:55,159 [main] INFO  http.BaseHttpServer (BaseHttpServer.java:newHttpServer2BuilderForOzone(174)) - Starting Web-server for hddsDatanode at: http://0.0.0.0:0
2020-04-27 22:05:55,160 [main] INFO  server.AuthenticationFilter (AuthenticationFilter.java:constructSecretProvider(240)) - Unable to initialize FileSignerSecretProvider, falling back to use random secrets.
2020-04-27 22:05:55,160 [main] WARN  http.HttpRequestLog (HttpRequestLog.java:getRequestLog(103)) - Jetty request log can only be enabled using Log4j
2020-04-27 22:05:55,161 [main] INFO  http.HttpServer2 (HttpServer2.java:addGlobalFilter(979)) - Added global filter 'safety' (class=org.apache.hadoop.hdds.server.http.HttpServer2$QuotingInputFilter)
2020-04-27 22:05:55,162 [main] INFO  http.HttpServer2 (HttpServer2.java:addFilter(955)) - Added filter static_user_filter (class=org.apache.hadoop.hdds.server.http.StaticUserWebFilter$StaticUserFilter) to context hddsDatanode
2020-04-27 22:05:55,162 [main] INFO  http.HttpServer2 (HttpServer2.java:addFilter(963)) - Added filter static_user_filter (class=org.apache.hadoop.hdds.server.http.StaticUserWebFilter$StaticUserFilter) to context logs
2020-04-27 22:05:55,162 [main] INFO  http.HttpServer2 (HttpServer2.java:addFilter(963)) - Added filter static_user_filter (class=org.apache.hadoop.hdds.server.http.StaticUserWebFilter$StaticUserFilter) to context static
2020-04-27 22:05:55,162 [main] INFO  http.HttpServer2 (HttpServer2.java:bindListener(1197)) - Jetty bound to port 45737
2020-04-27 22:05:55,163 [main] INFO  server.Server (Server.java:doStart(359)) - jetty-9.4.26.v20200117; built: 2020-01-17T12:35:33.676Z; git: 7b38981d25d14afb4a12ff1f2596756144edf695; jvm 1.8.0_232-b09
2020-04-27 22:05:55,165 [main] INFO  server.session (DefaultSessionIdManager.java:doStart(333)) - DefaultSessionIdManager workerName=node0
2020-04-27 22:05:55,165 [main] INFO  server.session (DefaultSessionIdManager.java:doStart(338)) - No SessionScavenger set, using defaults
2020-04-27 22:05:55,165 [main] INFO  server.session (HouseKeeper.java:startScavenging(140)) - node0 Scavenging every 600000ms
2020-04-27 22:05:55,166 [main] INFO  handler.ContextHandler (ContextHandler.java:doStart(825)) - Started o.e.j.s.ServletContextHandler@5f404d1c{logs,/logs,file:///github/workspace/mnt/ozone/hadoop-ozone/integration-test/target/log,AVAILABLE}
2020-04-27 22:05:55,166 [main] INFO  handler.ContextHandler (ContextHandler.java:doStart(825)) - Started o.e.j.s.ServletContextHandler@10763ec8{static,/static,jar:file:/home/user/.m2/repository/org/apache/hadoop/hadoop-hdds-container-service/0.6.0-SNAPSHOT/hadoop-hdds-container-service-0.6.0-SNAPSHOT.jar!/webapps/static,AVAILABLE}
2020-04-27 22:05:55,194 [main] INFO  handler.ContextHandler (ContextHandler.java:doStart(825)) - Started o.e.j.w.WebAppContext@7f68a356{hddsDatanode,/,file:///tmp/jetty-0_0_0_0-45737-hadoop-hdds-container-service-0_6_0-SNAPSHOT_jar-_-any-4332000704748924580.dir/webapp/,AVAILABLE}{jar:file:/home/user/.m2/repository/org/apache/hadoop/hadoop-hdds-container-service/0.6.0-SNAPSHOT/hadoop-hdds-container-service-0.6.0-SNAPSHOT.jar!/webapps/hddsDatanode}
2020-04-27 22:05:55,195 [main] INFO  server.AbstractConnector (AbstractConnector.java:doStart(330)) - Started ServerConnector@4d223c9d{HTTP/1.1,[http/1.1]}{0.0.0.0:45737}
2020-04-27 22:05:55,196 [main] INFO  server.Server (Server.java:doStart(399)) - Started @32927ms
2020-04-27 22:05:55,196 [main] WARN  impl.MetricsSystemImpl (MetricsSystemImpl.java:register(276)) - Sink prometheus already exists!
2020-04-27 22:05:55,198 [main] INFO  http.BaseHttpServer (BaseHttpServer.java:updateConnectorAddress(288)) - HTTP server of hddsDatanode listening at http://0.0.0.0:45737
2020-04-27 22:05:55,198 [main] INFO  ozone.MiniOzoneClusterImpl (MiniOzoneClusterImpl.java:lambda$waitForClusterToBeReady$0(177)) - Waiting for nodes to be ready. Got 0 of 3 DN Heartbeats.
2020-04-27 22:05:55,198 [main] INFO  ozone.MiniOzoneClusterImpl (MiniOzoneClusterImpl.java:lambda$waitForClusterToBeReady$0(180)) - Waiting for cluster to exit safe mode
2020-04-27 22:05:55,208 [org.apache.hadoop.util.JvmPauseMonitor$Monitor@6dae7d06] INFO  util.JvmPauseMonitor (JvmPauseMonitor.java:run(188)) - Starting JVM pause monitor
2020-04-27 22:05:55,217 [Datanode State Machine Thread - 0] INFO  datanode.InitDatanodeState (InitDatanodeState.java:persistContainerDatanodeDetails(145)) - DatanodeDetails is persisted to /github/workspace/mnt/ozone/hadoop-ozone/integration-test/target/test-dir/MiniOzoneClusterImpl-87458686-d964-4780-b149-8f8debb88dcf/datanode-2/meta/datanode.id
2020-04-27 22:05:56,199 [main] INFO  ozone.MiniOzoneClusterImpl (MiniOzoneClusterImpl.java:lambda$waitForClusterToBeReady$0(177)) - Waiting for nodes to be ready. Got 0 of 3 DN Heartbeats.
2020-04-27 22:05:56,199 [main] INFO  ozone.MiniOzoneClusterImpl (MiniOzoneClusterImpl.java:lambda$waitForClusterToBeReady$0(180)) - Waiting for cluster to exit safe mode
2020-04-27 22:05:57,065 [Datanode State Machine Thread - 0] INFO  ozoneimpl.OzoneContainer (OzoneContainer.java:start(232)) - Attempting to start container services.
2020-04-27 22:05:57,066 [Datanode State Machine Thread - 0] INFO  ozoneimpl.OzoneContainer (OzoneContainer.java:startContainerScrub(196)) - Background container scanner has been disabled.
2020-04-27 22:05:57,066 [Datanode State Machine Thread - 0] INFO  ratis.XceiverServerRatis (XceiverServerRatis.java:start(424)) - Starting XceiverServerRatis c3bc2ae2-91d1-488e-9e90-a9189158d07d at port 0
2020-04-27 22:05:57,067 [Datanode State Machine Thread - 0] INFO  impl.RaftServerProxy (RaftServerProxy.java:lambda$start$3(299)) - c3bc2ae2-91d1-488e-9e90-a9189158d07d: start RPC server
2020-04-27 22:05:57,069 [Datanode State Machine Thread - 0] INFO  server.GrpcService (GrpcService.java:startImpl(159)) - c3bc2ae2-91d1-488e-9e90-a9189158d07d: GrpcService started, listening on 0.0.0.0/0.0.0.0:38589
2020-04-27 22:05:57,069 [Datanode State Machine Thread - 0] INFO  ratis.XceiverServerRatis (XceiverServerRatis.java:start(436)) - XceiverServerRatis c3bc2ae2-91d1-488e-9e90-a9189158d07d is started using port 38589
2020-04-27 22:05:57,070 [Datanode State Machine Thread - 0] INFO  server.XceiverServerGrpc (XceiverServerGrpc.java:start(145)) - XceiverServerGrpc c3bc2ae2-91d1-488e-9e90-a9189158d07d is started using port 43921
2020-04-27 22:05:57,132 [Datanode State Machine Thread - 0] INFO  ozoneimpl.OzoneContainer (OzoneContainer.java:start(232)) - Attempting to start container services.
2020-04-27 22:05:57,132 [Datanode State Machine Thread - 0] INFO  ozoneimpl.OzoneContainer (OzoneContainer.java:startContainerScrub(196)) - Background container scanner has been disabled.
2020-04-27 22:05:57,133 [Datanode State Machine Thread - 0] INFO  ratis.XceiverServerRatis (XceiverServerRatis.java:start(424)) - Starting XceiverServerRatis c0969769-aa36-4254-80bf-14e01cf29afd at port 0
2020-04-27 22:05:57,133 [Datanode State Machine Thread - 0] INFO  impl.RaftServerProxy (RaftServerProxy.java:lambda$start$3(299)) - c0969769-aa36-4254-80bf-14e01cf29afd: start RPC server
2020-04-27 22:05:57,135 [Datanode State Machine Thread - 0] INFO  server.GrpcService (GrpcService.java:startImpl(159)) - c0969769-aa36-4254-80bf-14e01cf29afd: GrpcService started, listening on 0.0.0.0/0.0.0.0:41769
2020-04-27 22:05:57,135 [Datanode State Machine Thread - 0] INFO  ratis.XceiverServerRatis (XceiverServerRatis.java:start(436)) - XceiverServerRatis c0969769-aa36-4254-80bf-14e01cf29afd is started using port 41769
2020-04-27 22:05:57,140 [Datanode State Machine Thread - 0] INFO  server.XceiverServerGrpc (XceiverServerGrpc.java:start(145)) - XceiverServerGrpc c0969769-aa36-4254-80bf-14e01cf29afd is started using port 45873
2020-04-27 22:05:57,199 [main] INFO  ozone.MiniOzoneClusterImpl (MiniOzoneClusterImpl.java:lambda$waitForClusterToBeReady$0(177)) - Waiting for nodes to be ready. Got 0 of 3 DN Heartbeats.
2020-04-27 22:05:57,199 [main] INFO  ozone.MiniOzoneClusterImpl (MiniOzoneClusterImpl.java:lambda$waitForClusterToBeReady$0(180)) - Waiting for cluster to exit safe mode
2020-04-27 22:05:57,213 [Datanode State Machine Thread - 0] INFO  ozoneimpl.OzoneContainer (OzoneContainer.java:start(232)) - Attempting to start container services.
2020-04-27 22:05:57,213 [Datanode State Machine Thread - 0] INFO  ozoneimpl.OzoneContainer (OzoneContainer.java:startContainerScrub(196)) - Background container scanner has been disabled.
2020-04-27 22:05:57,213 [Datanode State Machine Thread - 0] INFO  ratis.XceiverServerRatis (XceiverServerRatis.java:start(424)) - Starting XceiverServerRatis 583c6497-c40e-42b3-9211-ce20d6e17cc4 at port 0
2020-04-27 22:05:57,217 [Datanode State Machine Thread - 0] INFO  impl.RaftServerProxy (RaftServerProxy.java:lambda$start$3(299)) - 583c6497-c40e-42b3-9211-ce20d6e17cc4: start RPC server
2020-04-27 22:05:57,224 [Datanode State Machine Thread - 0] INFO  server.GrpcService (GrpcService.java:startImpl(159)) - 583c6497-c40e-42b3-9211-ce20d6e17cc4: GrpcService started, listening on 0.0.0.0/0.0.0.0:40725
2020-04-27 22:05:57,225 [Datanode State Machine Thread - 0] INFO  ratis.XceiverServerRatis (XceiverServerRatis.java:start(436)) - XceiverServerRatis 583c6497-c40e-42b3-9211-ce20d6e17cc4 is started using port 40725
2020-04-27 22:05:57,226 [Datanode State Machine Thread - 0] INFO  server.XceiverServerGrpc (XceiverServerGrpc.java:start(145)) - XceiverServerGrpc 583c6497-c40e-42b3-9211-ce20d6e17cc4 is started using port 37311
2020-04-27 22:05:58,200 [main] INFO  ozone.MiniOzoneClusterImpl (MiniOzoneClusterImpl.java:lambda$waitForClusterToBeReady$0(177)) - Waiting for nodes to be ready. Got 0 of 3 DN Heartbeats.
2020-04-27 22:05:58,200 [main] INFO  ozone.MiniOzoneClusterImpl (MiniOzoneClusterImpl.java:lambda$waitForClusterToBeReady$0(180)) - Waiting for cluster to exit safe mode
2020-04-27 22:05:59,059 [IPC Server handler 0 on 37547] INFO  net.NetworkTopology (NetworkTopologyImpl.java:add(111)) - Added a new node: /default-rack/c3bc2ae2-91d1-488e-9e90-a9189158d07d
2020-04-27 22:05:59,060 [IPC Server handler 0 on 37547] INFO  node.SCMNodeManager (SCMNodeManager.java:register(268)) - Registered Data node : c3bc2ae2-91d1-488e-9e90-a9189158d07d{ip: 172.17.0.2, host: ee1a19d1c070, networkLocation: /default-rack, certSerialId: null}
2020-04-27 22:05:59,061 [RatisPipelineUtilsThread] INFO  pipeline.RatisPipelineProvider (RatisPipelineProvider.java:lambda$create$0(138)) - Sending CreatePipelineCommand for pipeline:PipelineID=2c9a9ec1-1d3c-4b40-80ff-24250cbc26b3 to datanode:c3bc2ae2-91d1-488e-9e90-a9189158d07d
2020-04-27 22:05:59,062 [EventQueue-NodeRegistrationContainerReportForContainerSafeModeRule] INFO  safemode.SCMSafeModeManager (SCMSafeModeManager.java:validateSafeModeExitRules(183)) - ContainerSafeModeRule rule is successfully validated
2020-04-27 22:05:59,063 [RatisPipelineUtilsThread] INFO  pipeline.PipelineStateManager (PipelineStateManager.java:addPipeline(54)) - Created pipeline Pipeline[ Id: 2c9a9ec1-1d3c-4b40-80ff-24250cbc26b3, Nodes: c3bc2ae2-91d1-488e-9e90-a9189158d07d{ip: 172.17.0.2, host: ee1a19d1c070, networkLocation: /default-rack, certSerialId: null}, Type:RATIS, Factor:ONE, State:ALLOCATED, leaderId:null, CreationTimestamp2020-04-27T22:05:59.061Z]
2020-04-27 22:05:59,063 [RatisPipelineUtilsThread] ERROR pipeline.SCMPipelineManager (SCMPipelineManager.java:createPipeline(222)) - Failed to create pipeline of type RATIS and factor ONE. Exception: Cannot create pipeline of factor 1 using 0 nodes. Used 1 nodes. Healthy nodes 1
2020-04-27 22:05:59,064 [EventQueue-NodeRegistrationContainerReportForDataNodeSafeModeRule] INFO  safemode.SCMSafeModeManager (DataNodeSafeModeRule.java:process(71)) - SCM in safe mode. 1 DataNodes registered, 1 required.
2020-04-27 22:05:59,066 [EventQueue-NodeRegistrationContainerReportForDataNodeSafeModeRule] INFO  safemode.SCMSafeModeManager (SCMSafeModeManager.java:validateSafeModeExitRules(183)) - DataNodeSafeModeRule rule is successfully validated
2020-04-27 22:05:59,066 [EventQueue-NodeRegistrationContainerReportForDataNodeSafeModeRule] INFO  safemode.SCMSafeModeManager (SCMSafeModeManager.java:completePreCheck(211)) - All SCM safe mode pre check rules have passed
2020-04-27 22:05:59,066 [RatisPipelineUtilsThread] ERROR pipeline.SCMPipelineManager (SCMPipelineManager.java:createPipeline(222)) - Failed to create pipeline of type RATIS and factor ONE. Exception: Cannot create pipeline of factor 1 using 0 nodes. Used 1 nodes. Healthy nodes 1
2020-04-27 22:05:59,066 [RatisPipelineUtilsThread] WARN  pipeline.PipelinePlacementPolicy (PipelinePlacementPolicy.java:filterViableNodes(132)) - Pipeline creation failed due to no sufficient healthy datanodes. Required 3. Found 1.
2020-04-27 22:05:59,067 [RatisPipelineUtilsThread] ERROR pipeline.SCMPipelineManager (SCMPipelineManager.java:createPipeline(222)) - Failed to create pipeline of type RATIS and factor THREE. Exception: Pipeline creation failed due to no sufficient healthy datanodes. Required 3. Found 1.
2020-04-27 22:05:59,131 [IPC Server handler 1 on 37547] INFO  net.NetworkTopology (NetworkTopologyImpl.java:add(111)) - Added a new node: /default-rack/c0969769-aa36-4254-80bf-14e01cf29afd
2020-04-27 22:05:59,131 [IPC Server handler 1 on 37547] INFO  node.SCMNodeManager (SCMNodeManager.java:register(268)) - Registered Data node : c0969769-aa36-4254-80bf-14e01cf29afd{ip: 172.17.0.2, host: ee1a19d1c070, networkLocation: /default-rack, certSerialId: null}
2020-04-27 22:05:59,131 [EventQueue-NodeRegistrationContainerReportForContainerSafeModeRule] INFO  safemode.SCMSafeModeManager (SCMSafeModeManager.java:validateSafeModeExitRules(183)) - ContainerSafeModeRule rule is successfully validated
2020-04-27 22:05:59,132 [EventQueue-NodeRegistrationContainerReportForDataNodeSafeModeRule] INFO  safemode.SCMSafeModeManager (SCMSafeModeManager.java:validateSafeModeExitRules(183)) - DataNodeSafeModeRule rule is successfully validated
2020-04-27 22:05:59,132 [RatisPipelineUtilsThread] INFO  pipeline.RatisPipelineProvider (RatisPipelineProvider.java:lambda$create$0(138)) - Sending CreatePipelineCommand for pipeline:PipelineID=4097de1c-19b4-4d37-859c-2dbbdb4bf8bc to datanode:c0969769-aa36-4254-80bf-14e01cf29afd
2020-04-27 22:05:59,132 [RatisPipelineUtilsThread] INFO  pipeline.PipelineStateManager (PipelineStateManager.java:addPipeline(54)) - Created pipeline Pipeline[ Id: 4097de1c-19b4-4d37-859c-2dbbdb4bf8bc, Nodes: c0969769-aa36-4254-80bf-14e01cf29afd{ip: 172.17.0.2, host: ee1a19d1c070, networkLocation: /default-rack, certSerialId: null}, Type:RATIS, Factor:ONE, State:ALLOCATED, leaderId:null, CreationTimestamp2020-04-27T22:05:59.132Z]
2020-04-27 22:05:59,133 [RatisPipelineUtilsThread] ERROR pipeline.SCMPipelineManager (SCMPipelineManager.java:createPipeline(222)) - Failed to create pipeline of type RATIS and factor ONE. Exception: Cannot create pipeline of factor 1 using 0 nodes. Used 2 nodes. Healthy nodes 2
2020-04-27 22:05:59,133 [RatisPipelineUtilsThread] WARN  pipeline.PipelinePlacementPolicy (PipelinePlacementPolicy.java:filterViableNodes(132)) - Pipeline creation failed due to no sufficient healthy datanodes. Required 3. Found 2.
2020-04-27 22:05:59,133 [RatisPipelineUtilsThread] ERROR pipeline.SCMPipelineManager (SCMPipelineManager.java:createPipeline(222)) - Failed to create pipeline of type RATIS and factor THREE. Exception: Pipeline creation failed due to no sufficient healthy datanodes. Required 3. Found 2.
2020-04-27 22:05:59,200 [main] INFO  ozone.MiniOzoneClusterImpl (MiniOzoneClusterImpl.java:lambda$waitForClusterToBeReady$0(177)) - Waiting for nodes to be ready. Got 2 of 3 DN Heartbeats.
2020-04-27 22:05:59,201 [main] INFO  ozone.MiniOzoneClusterImpl (MiniOzoneClusterImpl.java:lambda$waitForClusterToBeReady$0(180)) - Waiting for cluster to exit safe mode
2020-04-27 22:05:59,211 [IPC Server handler 2 on 37547] INFO  net.NetworkTopology (NetworkTopologyImpl.java:add(111)) - Added a new node: /default-rack/583c6497-c40e-42b3-9211-ce20d6e17cc4
2020-04-27 22:05:59,211 [IPC Server handler 2 on 37547] INFO  node.SCMNodeManager (SCMNodeManager.java:register(268)) - Registered Data node : 583c6497-c40e-42b3-9211-ce20d6e17cc4{ip: 172.17.0.2, host: ee1a19d1c070, networkLocation: /default-rack, certSerialId: null}
2020-04-27 22:05:59,212 [EventQueue-NodeRegistrationContainerReportForContainerSafeModeRule] INFO  safemode.SCMSafeModeManager (SCMSafeModeManager.java:validateSafeModeExitRules(183)) - ContainerSafeModeRule rule is successfully validated
2020-04-27 22:05:59,212 [EventQueue-NodeRegistrationContainerReportForDataNodeSafeModeRule] INFO  safemode.SCMSafeModeManager (SCMSafeModeManager.java:validateSafeModeExitRules(183)) - DataNodeSafeModeRule rule is successfully validated
2020-04-27 22:05:59,212 [RatisPipelineUtilsThread] INFO  pipeline.RatisPipelineProvider (RatisPipelineProvider.java:lambda$create$0(138)) - Sending CreatePipelineCommand for pipeline:PipelineID=d5dc71da-a718-43e3-a9bb-95f673c2b998 to datanode:583c6497-c40e-42b3-9211-ce20d6e17cc4
2020-04-27 22:05:59,213 [RatisPipelineUtilsThread] INFO  pipeline.PipelineStateManager (PipelineStateManager.java:addPipeline(54)) - Created pipeline Pipeline[ Id: d5dc71da-a718-43e3-a9bb-95f673c2b998, Nodes: 583c6497-c40e-42b3-9211-ce20d6e17cc4{ip: 172.17.0.2, host: ee1a19d1c070, networkLocation: /default-rack, certSerialId: null}, Type:RATIS, Factor:ONE, State:ALLOCATED, leaderId:null, CreationTimestamp2020-04-27T22:05:59.212Z]
2020-04-27 22:05:59,213 [RatisPipelineUtilsThread] ERROR pipeline.SCMPipelineManager (SCMPipelineManager.java:createPipeline(222)) - Failed to create pipeline of type RATIS and factor ONE. Exception: Cannot create pipeline of factor 1 using 0 nodes. Used 3 nodes. Healthy nodes 3
2020-04-27 22:05:59,214 [RatisPipelineUtilsThread] INFO  pipeline.RatisPipelineProvider (RatisPipelineProvider.java:lambda$create$0(138)) - Sending CreatePipelineCommand for pipeline:PipelineID=8ad318fe-8f4d-45b2-8a67-976282c6c226 to datanode:583c6497-c40e-42b3-9211-ce20d6e17cc4
2020-04-27 22:05:59,214 [RatisPipelineUtilsThread] INFO  pipeline.RatisPipelineProvider (RatisPipelineProvider.java:lambda$create$0(138)) - Sending CreatePipelineCommand for pipeline:PipelineID=8ad318fe-8f4d-45b2-8a67-976282c6c226 to datanode:c3bc2ae2-91d1-488e-9e90-a9189158d07d
2020-04-27 22:05:59,214 [RatisPipelineUtilsThread] INFO  pipeline.RatisPipelineProvider (RatisPipelineProvider.java:lambda$create$0(138)) - Sending CreatePipelineCommand for pipeline:PipelineID=8ad318fe-8f4d-45b2-8a67-976282c6c226 to datanode:c0969769-aa36-4254-80bf-14e01cf29afd
2020-04-27 22:05:59,215 [RatisPipelineUtilsThread] INFO  pipeline.PipelineStateManager (PipelineStateManager.java:addPipeline(54)) - Created pipeline Pipeline[ Id: 8ad318fe-8f4d-45b2-8a67-976282c6c226, Nodes: 583c6497-c40e-42b3-9211-ce20d6e17cc4{ip: 172.17.0.2, host: ee1a19d1c070, networkLocation: /default-rack, certSerialId: null}c3bc2ae2-91d1-488e-9e90-a9189158d07d{ip: 172.17.0.2, host: ee1a19d1c070, networkLocation: /default-rack, certSerialId: null}c0969769-aa36-4254-80bf-14e01cf29afd{ip: 172.17.0.2, host: ee1a19d1c070, networkLocation: /default-rack, certSerialId: null}, Type:RATIS, Factor:THREE, State:ALLOCATED, leaderId:null, CreationTimestamp2020-04-27T22:05:59.214Z]
2020-04-27 22:05:59,215 [RatisPipelineUtilsThread] ERROR pipeline.SCMPipelineManager (SCMPipelineManager.java:createPipeline(222)) - Failed to create pipeline of type RATIS and factor THREE. Exception: Pipeline creation failed because nodes are engaged in other pipelines and every node can only be engaged in max 2 pipelines. Required 3. Found 0
2020-04-27 22:06:00,201 [main] INFO  ozone.MiniOzoneClusterImpl (MiniOzoneClusterImpl.java:lambda$waitForClusterToBeReady$0(177)) - Nodes are ready. Got 3 of 3 DN Heartbeats.
2020-04-27 22:06:00,202 [main] INFO  ozone.MiniOzoneClusterImpl (MiniOzoneClusterImpl.java:lambda$waitForClusterToBeReady$0(180)) - Waiting for cluster to exit safe mode
2020-04-27 22:06:01,202 [main] INFO  ozone.MiniOzoneClusterImpl (MiniOzoneClusterImpl.java:lambda$waitForClusterToBeReady$0(177)) - Nodes are ready. Got 3 of 3 DN Heartbeats.
2020-04-27 22:06:01,203 [main] INFO  ozone.MiniOzoneClusterImpl (MiniOzoneClusterImpl.java:lambda$waitForClusterToBeReady$0(180)) - Waiting for cluster to exit safe mode
2020-04-27 22:06:02,058 [Command processor thread] INFO  impl.RaftServerProxy (RaftServerProxy.java:addNew(89)) - c3bc2ae2-91d1-488e-9e90-a9189158d07d: addNew group-24250CBC26B3:[c3bc2ae2-91d1-488e-9e90-a9189158d07d:172.17.0.2:38589] returns group-24250CBC26B3:java.util.concurrent.CompletableFuture@128e56c2[Not completed]
2020-04-27 22:06:02,061 [pool-102-thread-1] INFO  impl.RaftServerImpl (RaftServerImpl.java:<init>(97)) - c3bc2ae2-91d1-488e-9e90-a9189158d07d: new RaftServerImpl for group-24250CBC26B3:[c3bc2ae2-91d1-488e-9e90-a9189158d07d:172.17.0.2:38589] with ContainerStateMachine:uninitialized
2020-04-27 22:06:02,062 [pool-102-thread-1] INFO  server.RaftServerConfigKeys (ConfUtils.java:logGet(44)) - raft.server.rpc.timeout.min = 5s (custom)
2020-04-27 22:06:02,062 [pool-102-thread-1] INFO  server.RaftServerConfigKeys (ConfUtils.java:logGet(44)) - raft.server.rpc.timeout.max = 5200ms (custom)
2020-04-27 22:06:02,062 [pool-102-thread-1] INFO  server.RaftServerConfigKeys (ConfUtils.java:logGet(44)) - raft.server.rpcslowness.timeout = 300s (custom)
2020-04-27 22:06:02,062 [pool-102-thread-1] INFO  server.RaftServerConfigKeys (ConfUtils.java:logGet(44)) - raft.server.sleep.deviation.threshold = 300 (default)
2020-04-27 22:06:02,062 [pool-102-thread-1] INFO  server.RaftServerConfigKeys (ConfUtils.java:logGet(44)) - raft.server.log.appender.install.snapshot.enabled = false (custom)
2020-04-27 22:06:02,063 [pool-102-thread-1] INFO  impl.RaftServerImpl (ServerState.java:<init>(103)) - c3bc2ae2-91d1-488e-9e90-a9189158d07d@group-24250CBC26B3: ConfigurationManager, init=-1: [c3bc2ae2-91d1-488e-9e90-a9189158d07d:172.17.0.2:38589], old=null, confs=<EMPTY_MAP>
2020-04-27 22:06:02,063 [pool-102-thread-1] INFO  server.RaftServerConfigKeys (ConfUtils.java:logGet(44)) - raft.server.storage.dir = [/github/workspace/mnt/ozone/hadoop-ozone/integration-test/target/test-dir/MiniOzoneClusterImpl-87458686-d964-4780-b149-8f8debb88dcf/datanode-0/data/ratis] (custom)
2020-04-27 22:06:02,063 [pool-102-thread-1] INFO  server.RaftServerConfigKeys (ConfUtils.java:logGet(44)) - raft.server.log.corruption.policy = EXCEPTION (default)
2020-04-27 22:06:02,064 [pool-102-thread-1] INFO  storage.RaftStorageDirectory (RaftStorageDirectory.java:analyzeStorage(253)) - The storage directory /github/workspace/mnt/ozone/hadoop-ozone/integration-test/target/test-dir/MiniOzoneClusterImpl-87458686-d964-4780-b149-8f8debb88dcf/datanode-0/data/ratis/2c9a9ec1-1d3c-4b40-80ff-24250cbc26b3 does not exist. Creating ...
2020-04-27 22:06:02,067 [pool-102-thread-1] INFO  storage.RaftStorageDirectory (RaftStorageDirectory.java:tryLock(335)) - Lock on /github/workspace/mnt/ozone/hadoop-ozone/integration-test/target/test-dir/MiniOzoneClusterImpl-87458686-d964-4780-b149-8f8debb88dcf/datanode-0/data/ratis/2c9a9ec1-1d3c-4b40-80ff-24250cbc26b3/in_use.lock acquired by nodename 4361@ee1a19d1c070
2020-04-27 22:06:02,069 [pool-102-thread-1] INFO  storage.RaftStorage (RaftStorage.java:format(84)) - Storage directory /github/workspace/mnt/ozone/hadoop-ozone/integration-test/target/test-dir/MiniOzoneClusterImpl-87458686-d964-4780-b149-8f8debb88dcf/datanode-0/data/ratis/2c9a9ec1-1d3c-4b40-80ff-24250cbc26b3 has been successfully formatted.
2020-04-27 22:06:02,070 [pool-102-thread-1] INFO  ratis.ContainerStateMachine (ContainerStateMachine.java:loadSnapshot(226)) - group-24250CBC26B3: The snapshot info is null. Setting the last applied indexto:(t:0, i:~)
2020-04-27 22:06:02,071 [EventQueue-PipelineReportForPipelineReportHandler] INFO  pipeline.PipelineStateManager (PipelineStateManager.java:openPipeline(131)) - Pipeline Pipeline[ Id: 2c9a9ec1-1d3c-4b40-80ff-24250cbc26b3, Nodes: c3bc2ae2-91d1-488e-9e90-a9189158d07d{ip: 172.17.0.2, host: ee1a19d1c070, networkLocation: /default-rack, certSerialId: null}, Type:RATIS, Factor:ONE, State:ALLOCATED, leaderId:c3bc2ae2-91d1-488e-9e90-a9189158d07d, CreationTimestamp2020-04-27T22:05:59.061Z] moved to OPEN state
2020-04-27 22:06:02,074 [pool-102-thread-1] INFO  server.RaftServerConfigKeys (ConfUtils.java:logGet(44)) - raft.server.notification.no-leader.timeout = 60s (default)
2020-04-27 22:06:02,074 [pool-102-thread-1] INFO  server.RaftServerConfigKeys (ConfUtils.java:logGet(44)) - raft.server.log.use.memory = false (default)
2020-04-27 22:06:02,075 [pool-102-thread-1] INFO  server.RaftServerConfigKeys (ConfUtils.java:logGet(44)) - raft.server.log.purge.gap = 1000000 (custom)
2020-04-27 22:06:02,075 [EventQueue-OpenPipelineForOneReplicaPipelineSafeModeRule] INFO  safemode.SCMSafeModeManager (SCMSafeModeManager.java:validateSafeModeExitRules(183)) - AtleastOneDatanodeReportedRule rule is successfully validated
2020-04-27 22:06:02,075 [pool-102-thread-1] INFO  server.RaftServerConfigKeys (ConfUtils.java:logGet(44)) - raft.server.log.appender.buffer.byte-limit = 33554432 (custom)
2020-04-27 22:06:02,080 [EventQueue-OpenPipelineForHealthyPipelineSafeModeRule] INFO  safemode.SCMSafeModeManager (HealthyPipelineSafeModeRule.java:process(132)) - SCM in safe mode. Healthy pipelines reported count is 0, required healthy pipeline reported count is 1
2020-04-27 22:06:02,080 [pool-102-thread-1] INFO  server.RaftServerConfigKeys (ConfUtils.java:logGet(44)) - raft.server.log.segment.size.max = 1048576 (custom)
2020-04-27 22:06:02,083 [pool-102-thread-1] INFO  metrics.RatisMetrics (RatisMetrics.java:lambda$create$0(39)) - Creating Metrics Registry : ratis.log_worker.c3bc2ae2-91d1-488e-9e90-a9189158d07d
2020-04-27 22:06:02,083 [pool-102-thread-1] INFO  server.RaftServerConfigKeys (ConfUtils.java:logGet(44)) - raft.server.log.segment.cache.num.max = 2 (custom)
2020-04-27 22:06:02,083 [pool-102-thread-1] INFO  segmented.SegmentedRaftLogWorker (SegmentedRaftLogWorker.java:<init>(176)) - new c3bc2ae2-91d1-488e-9e90-a9189158d07d@group-24250CBC26B3-SegmentedRaftLogWorker for RaftStorage:Storage Directory /github/workspace/mnt/ozone/hadoop-ozone/integration-test/target/test-dir/MiniOzoneClusterImpl-87458686-d964-4780-b149-8f8debb88dcf/datanode-0/data/ratis/2c9a9ec1-1d3c-4b40-80ff-24250cbc26b3
2020-04-27 22:06:02,083 [pool-102-thread-1] INFO  server.RaftServerConfigKeys (ConfUtils.java:logGet(44)) - raft.server.log.queue.byte-limit = 2147483647 (custom)
2020-04-27 22:06:02,084 [pool-102-thread-1] INFO  server.RaftServerConfigKeys (ConfUtils.java:logGet(44)) - raft.server.log.queue.element-limit = 1024 (custom)
2020-04-27 22:06:02,084 [pool-102-thread-1] INFO  server.RaftServerConfigKeys (ConfUtils.java:logGet(44)) - raft.server.log.segment.size.max = 1048576 (custom)
2020-04-27 22:06:02,084 [pool-102-thread-1] INFO  server.RaftServerConfigKeys (ConfUtils.java:logGet(44)) - raft.server.log.preallocated.size = 16384 (custom)
2020-04-27 22:06:02,084 [pool-102-thread-1] INFO  server.RaftServerConfigKeys (ConfUtils.java:logGet(44)) - raft.server.log.write.buffer.size = 1048576 (custom)
2020-04-27 22:06:02,084 [pool-102-thread-1] INFO  server.RaftServerConfigKeys (ConfUtils.java:logGet(44)) - raft.server.log.force.sync.num = 128 (default)
2020-04-27 22:06:02,085 [pool-102-thread-1] INFO  server.RaftServerConfigKeys (ConfUtils.java:logGet(44)) - raft.server.log.statemachine.data.sync = true (default)
2020-04-27 22:06:02,085 [pool-102-thread-1] INFO  server.RaftServerConfigKeys (ConfUtils.java:logGet(44)) - raft.server.log.statemachine.data.sync.timeout = 10s (default)
2020-04-27 22:06:02,085 [pool-102-thread-1] INFO  server.RaftServerConfigKeys (ConfUtils.java:logGet(44)) - raft.server.log.statemachine.data.sync.timeout.retry = -1 (default)
2020-04-27 22:06:02,088 [pool-102-thread-1] INFO  server.RaftServerConfigKeys (ConfUtils.java:logGet(44)) - raft.server.log.statemachine.data.caching.enabled = true (custom)
2020-04-27 22:06:02,089 [pool-102-thread-1] INFO  segmented.SegmentedRaftLogWorker (SegmentedRaftLogWorker.java:lambda$new$0(129)) - c3bc2ae2-91d1-488e-9e90-a9189158d07d@group-24250CBC26B3-SegmentedRaftLogWorker: flushIndex: setUnconditionally 0 -> -1
2020-04-27 22:06:02,089 [pool-102-thread-1] INFO  server.RaftServerConfigKeys (ConfUtils.java:logGet(44)) - raft.server.snapshot.auto.trigger.enabled = true (custom)
2020-04-27 22:06:02,089 [pool-102-thread-1] INFO  server.RaftServerConfigKeys (ConfUtils.java:logGet(44)) - raft.server.snapshot.auto.trigger.threshold = 10000 (custom)
2020-04-27 22:06:02,089 [pool-102-thread-1] INFO  server.RaftServerConfigKeys (ConfUtils.java:logGet(44)) - raft.server.snapshot.retention.file.num = 5 (custom)
2020-04-27 22:06:02,089 [pool-102-thread-1] INFO  server.RaftServerConfigKeys (ConfUtils.java:logGet(44)) - raft.server.retrycache.expirytime = 600000ms (custom)
2020-04-27 22:06:02,089 [pool-102-thread-1] INFO  metrics.RatisMetrics (RatisMetrics.java:lambda$create$0(39)) - Creating Metrics Registry : ratis.leader_election.c3bc2ae2-91d1-488e-9e90-a9189158d07d@group-24250CBC26B3
2020-04-27 22:06:02,090 [pool-102-thread-1] INFO  metrics.RatisMetrics (RatisMetrics.java:lambda$create$0(39)) - Creating Metrics Registry : ratis.server.c3bc2ae2-91d1-488e-9e90-a9189158d07d@group-24250CBC26B3
2020-04-27 22:06:02,092 [pool-102-thread-1] INFO  impl.RaftServerImpl (RaftServerImpl.java:start(183)) - c3bc2ae2-91d1-488e-9e90-a9189158d07d@group-24250CBC26B3: start as a follower, conf=-1: [c3bc2ae2-91d1-488e-9e90-a9189158d07d:172.17.0.2:38589], old=null
2020-04-27 22:06:02,093 [pool-102-thread-1] INFO  impl.RaftServerImpl (RaftServerImpl.java:setRole(172)) - c3bc2ae2-91d1-488e-9e90-a9189158d07d@group-24250CBC26B3: changes role from      null to FOLLOWER at term 0 for startAsFollower
2020-04-27 22:06:02,093 [pool-102-thread-1] INFO  impl.RoleInfo (RoleInfo.java:updateAndGet(143)) - c3bc2ae2-91d1-488e-9e90-a9189158d07d: start FollowerState
2020-04-27 22:06:02,093 [pool-102-thread-1] INFO  util.JmxRegister (JmxRegister.java:tryRegister(44)) - Successfully registered JMX Bean with object name Ratis:service=RaftServer,group=group-24250CBC26B3,id=c3bc2ae2-91d1-488e-9e90-a9189158d07d
2020-04-27 22:06:02,094 [pool-102-thread-1] INFO  metrics.RatisMetrics (RatisMetrics.java:lambda$create$0(39)) - Creating Metrics Registry : ratis.state_machine.c3bc2ae2-91d1-488e-9e90-a9189158d07d@group-24250CBC26B3
2020-04-27 22:06:02,102 [Command processor thread] INFO  commandhandler.CreatePipelineCommandHandler (CreatePipelineCommandHandler.java:handle(109)) - Created Pipeline RATIS ONE #id: "2c9a9ec1-1d3c-4b40-80ff-24250cbc26b3"
.
2020-04-27 22:06:02,103 [Command processor thread] INFO  impl.RaftServerProxy (RaftServerProxy.java:addNew(89)) - c3bc2ae2-91d1-488e-9e90-a9189158d07d: addNew group-976282C6C226:[583c6497-c40e-42b3-9211-ce20d6e17cc4:172.17.0.2:40725, c0969769-aa36-4254-80bf-14e01cf29afd:172.17.0.2:41769, c3bc2ae2-91d1-488e-9e90-a9189158d07d:172.17.0.2:38589] returns group-976282C6C226:java.util.concurrent.CompletableFuture@16b1d04b[Not completed]
2020-04-27 22:06:02,104 [pool-102-thread-1] INFO  impl.RaftServerImpl (RaftServerImpl.java:<init>(97)) - c3bc2ae2-91d1-488e-9e90-a9189158d07d: new RaftServerImpl for group-976282C6C226:[583c6497-c40e-42b3-9211-ce20d6e17cc4:172.17.0.2:40725, c0969769-aa36-4254-80bf-14e01cf29afd:172.17.0.2:41769, c3bc2ae2-91d1-488e-9e90-a9189158d07d:172.17.0.2:38589] with ContainerStateMachine:uninitialized
2020-04-27 22:06:02,104 [pool-102-thread-1] INFO  server.RaftServerConfigKeys (ConfUtils.java:logGet(44)) - raft.server.rpc.timeout.min = 5s (custom)
2020-04-27 22:06:02,104 [pool-102-thread-1] INFO  server.RaftServerConfigKeys (ConfUtils.java:logGet(44)) - raft.server.rpc.timeout.max = 5200ms (custom)
2020-04-27 22:06:02,105 [pool-102-thread-1] INFO  server.RaftServerConfigKeys (ConfUtils.java:logGet(44)) - raft.server.rpcslowness.timeout = 300s (custom)
2020-04-27 22:06:02,105 [pool-102-thread-1] INFO  server.RaftServerConfigKeys (ConfUtils.java:logGet(44)) - raft.server.sleep.deviation.threshold = 300 (default)
2020-04-27 22:06:02,105 [pool-102-thread-1] INFO  server.RaftServerConfigKeys (ConfUtils.java:logGet(44)) - raft.server.log.appender.install.snapshot.enabled = false (custom)
2020-04-27 22:06:02,105 [pool-102-thread-1] INFO  impl.RaftServerImpl (ServerState.java:<init>(103)) - c3bc2ae2-91d1-488e-9e90-a9189158d07d@group-976282C6C226: ConfigurationManager, init=-1: [583c6497-c40e-42b3-9211-ce20d6e17cc4:172.17.0.2:40725, c0969769-aa36-4254-80bf-14e01cf29afd:172.17.0.2:41769, c3bc2ae2-91d1-488e-9e90-a9189158d07d:172.17.0.2:38589], old=null, confs=<EMPTY_MAP>
2020-04-27 22:06:02,105 [pool-102-thread-1] INFO  server.RaftServerConfigKeys (ConfUtils.java:logGet(44)) - raft.server.storage.dir = [/github/workspace/mnt/ozone/hadoop-ozone/integration-test/target/test-dir/MiniOzoneClusterImpl-87458686-d964-4780-b149-8f8debb88dcf/datanode-0/data/ratis] (custom)
2020-04-27 22:06:02,105 [pool-102-thread-1] INFO  server.RaftServerConfigKeys (ConfUtils.java:logGet(44)) - raft.server.log.corruption.policy = EXCEPTION (default)
2020-04-27 22:06:02,105 [pool-102-thread-1] INFO  storage.RaftStorageDirectory (RaftStorageDirectory.java:analyzeStorage(253)) - The storage directory /github/workspace/mnt/ozone/hadoop-ozone/integration-test/target/test-dir/MiniOzoneClusterImpl-87458686-d964-4780-b149-8f8debb88dcf/datanode-0/data/ratis/8ad318fe-8f4d-45b2-8a67-976282c6c226 does not exist. Creating ...
2020-04-27 22:06:02,107 [pool-102-thread-1] INFO  storage.RaftStorageDirectory (RaftStorageDirectory.java:tryLock(335)) - Lock on /github/workspace/mnt/ozone/hadoop-ozone/integration-test/target/test-dir/MiniOzoneClusterImpl-87458686-d964-4780-b149-8f8debb88dcf/datanode-0/data/ratis/8ad318fe-8f4d-45b2-8a67-976282c6c226/in_use.lock acquired by nodename 4361@ee1a19d1c070
2020-04-27 22:06:02,109 [pool-102-thread-1] INFO  storage.RaftStorage (RaftStorage.java:format(84)) - Storage directory /github/workspace/mnt/ozone/hadoop-ozone/integration-test/target/test-dir/MiniOzoneClusterImpl-87458686-d964-4780-b149-8f8debb88dcf/datanode-0/data/ratis/8ad318fe-8f4d-45b2-8a67-976282c6c226 has been successfully formatted.
2020-04-27 22:06:02,109 [pool-102-thread-1] INFO  ratis.ContainerStateMachine (ContainerStateMachine.java:loadSnapshot(226)) - group-976282C6C226: The snapshot info is null. Setting the last applied indexto:(t:0, i:~)
2020-04-27 22:06:02,109 [pool-102-thread-1] INFO  server.RaftServerConfigKeys (ConfUtils.java:logGet(44)) - raft.server.notification.no-leader.timeout = 60s (default)
2020-04-27 22:06:02,109 [pool-102-thread-1] INFO  server.RaftServerConfigKeys (ConfUtils.java:logGet(44)) - raft.server.log.use.memory = false (default)
2020-04-27 22:06:02,109 [pool-102-thread-1] INFO  server.RaftServerConfigKeys (ConfUtils.java:logGet(44)) - raft.server.log.purge.gap = 1000000 (custom)
2020-04-27 22:06:02,110 [pool-102-thread-1] INFO  server.RaftServerConfigKeys (ConfUtils.java:logGet(44)) - raft.server.log.appender.buffer.byte-limit = 33554432 (custom)
2020-04-27 22:06:02,110 [pool-102-thread-1] INFO  server.RaftServerConfigKeys (ConfUtils.java:logGet(44)) - raft.server.log.segment.size.max = 1048576 (custom)
2020-04-27 22:06:02,111 [pool-102-thread-1] INFO  server.RaftServerConfigKeys (ConfUtils.java:logGet(44)) - raft.server.log.segment.cache.num.max = 2 (custom)
2020-04-27 22:06:02,111 [pool-102-thread-1] INFO  segmented.SegmentedRaftLogWorker (SegmentedRaftLogWorker.java:<init>(176)) - new c3bc2ae2-91d1-488e-9e90-a9189158d07d@group-976282C6C226-SegmentedRaftLogWorker for RaftStorage:Storage Directory /github/workspace/mnt/ozone/hadoop-ozone/integration-test/target/test-dir/MiniOzoneClusterImpl-87458686-d964-4780-b149-8f8debb88dcf/datanode-0/data/ratis/8ad318fe-8f4d-45b2-8a67-976282c6c226
2020-04-27 22:06:02,111 [pool-102-thread-1] INFO  server.RaftServerConfigKeys (ConfUtils.java:logGet(44)) - raft.server.log.queue.byte-limit = 2147483647 (custom)
2020-04-27 22:06:02,111 [pool-102-thread-1] INFO  server.RaftServerConfigKeys (ConfUtils.java:logGet(44)) - raft.server.log.queue.element-limit = 1024 (custom)
2020-04-27 22:06:02,111 [pool-102-thread-1] INFO  server.RaftServerConfigKeys (ConfUtils.java:logGet(44)) - raft.server.log.segment.size.max = 1048576 (custom)
2020-04-27 22:06:02,111 [pool-102-thread-1] INFO  server.RaftServerConfigKeys (ConfUtils.java:logGet(44)) - raft.server.log.preallocated.size = 16384 (custom)
2020-04-27 22:06:02,112 [pool-102-thread-1] INFO  server.RaftServerConfigKeys (ConfUtils.java:logGet(44)) - raft.server.log.write.buffer.size = 1048576 (custom)
2020-04-27 22:06:02,112 [pool-102-thread-1] INFO  server.RaftServerConfigKeys (ConfUtils.java:logGet(44)) - raft.server.log.force.sync.num = 128 (default)
2020-04-27 22:06:02,112 [pool-102-thread-1] INFO  server.RaftServerConfigKeys (ConfUtils.java:logGet(44)) - raft.server.log.statemachine.data.sync = true (default)
2020-04-27 22:06:02,112 [pool-102-thread-1] INFO  server.RaftServerConfigKeys (ConfUtils.java:logGet(44)) - raft.server.log.statemachine.data.sync.timeout = 10s (default)
2020-04-27 22:06:02,112 [pool-102-thread-1] INFO  server.RaftServerConfigKeys (ConfUtils.java:logGet(44)) - raft.server.log.statemachine.data.sync.timeout.retry = -1 (default)
2020-04-27 22:06:02,113 [pool-102-thread-1] INFO  server.RaftServerConfigKeys (ConfUtils.java:logGet(44)) - raft.server.log.statemachine.data.caching.enabled = true (custom)
2020-04-27 22:06:02,114 [pool-102-thread-1] INFO  segmented.SegmentedRaftLogWorker (SegmentedRaftLogWorker.java:lambda$new$0(129)) - c3bc2ae2-91d1-488e-9e90-a9189158d07d@group-976282C6C226-SegmentedRaftLogWorker: flushIndex: setUnconditionally 0 -> -1
2020-04-27 22:06:02,116 [pool-102-thread-1] INFO  server.RaftServerConfigKeys (ConfUtils.java:logGet(44)) - raft.server.snapshot.auto.trigger.enabled = true (custom)
2020-04-27 22:06:02,117 [pool-102-thread-1] INFO  server.RaftServerConfigKeys (ConfUtils.java:logGet(44)) - raft.server.snapshot.auto.trigger.threshold = 10000 (custom)
2020-04-27 22:06:02,117 [pool-102-thread-1] INFO  server.RaftServerConfigKeys (ConfUtils.java:logGet(44)) - raft.server.snapshot.retention.file.num = 5 (custom)
2020-04-27 22:06:02,117 [pool-102-thread-1] INFO  server.RaftServerConfigKeys (ConfUtils.java:logGet(44)) - raft.server.retrycache.expirytime = 600000ms (custom)
2020-04-27 22:06:02,117 [pool-102-thread-1] INFO  metrics.RatisMetrics (RatisMetrics.java:lambda$create$0(39)) - Creating Metrics Registry : ratis.leader_election.c3bc2ae2-91d1-488e-9e90-a9189158d07d@group-976282C6C226
2020-04-27 22:06:02,118 [pool-102-thread-1] INFO  metrics.RatisMetrics (RatisMetrics.java:lambda$create$0(39)) - Creating Metrics Registry : ratis.server.c3bc2ae2-91d1-488e-9e90-a9189158d07d@group-976282C6C226
2020-04-27 22:06:02,119 [pool-102-thread-1] INFO  impl.RaftServerImpl (RaftServerImpl.java:start(183)) - c3bc2ae2-91d1-488e-9e90-a9189158d07d@group-976282C6C226: start as a follower, conf=-1: [583c6497-c40e-42b3-9211-ce20d6e17cc4:172.17.0.2:40725, c0969769-aa36-4254-80bf-14e01cf29afd:172.17.0.2:41769, c3bc2ae2-91d1-488e-9e90-a9189158d07d:172.17.0.2:38589], old=null
2020-04-27 22:06:02,120 [pool-102-thread-1] INFO  impl.RaftServerImpl (RaftServerImpl.java:setRole(172)) - c3bc2ae2-91d1-488e-9e90-a9189158d07d@group-976282C6C226: changes role from      null to FOLLOWER at term 0 for startAsFollower
2020-04-27 22:06:02,120 [pool-102-thread-1] INFO  impl.RoleInfo (RoleInfo.java:updateAndGet(143)) - c3bc2ae2-91d1-488e-9e90-a9189158d07d: start FollowerState
2020-04-27 22:06:02,120 [pool-102-thread-1] INFO  util.JmxRegister (JmxRegister.java:tryRegister(44)) - Successfully registered JMX Bean with object name Ratis:service=RaftServer,group=group-976282C6C226,id=c3bc2ae2-91d1-488e-9e90-a9189158d07d
2020-04-27 22:06:02,120 [pool-102-thread-1] INFO  metrics.RatisMetrics (RatisMetrics.java:lambda$create$0(39)) - Creating Metrics Registry : ratis.state_machine.c3bc2ae2-91d1-488e-9e90-a9189158d07d@group-976282C6C226
2020-04-27 22:06:02,132 [Command processor thread] INFO  impl.RaftServerProxy (RaftServerProxy.java:addNew(89)) - c0969769-aa36-4254-80bf-14e01cf29afd: addNew group-2DBBDB4BF8BC:[c0969769-aa36-4254-80bf-14e01cf29afd:172.17.0.2:41769] returns group-2DBBDB4BF8BC:java.util.concurrent.CompletableFuture@7d706a53[Not completed]
2020-04-27 22:06:02,134 [pool-117-thread-1] INFO  impl.RaftServerImpl (RaftServerImpl.java:<init>(97)) - c0969769-aa36-4254-80bf-14e01cf29afd: new RaftServerImpl for group-2DBBDB4BF8BC:[c0969769-aa36-4254-80bf-14e01cf29afd:172.17.0.2:41769] with ContainerStateMachine:uninitialized
2020-04-27 22:06:02,138 [pool-117-thread-1] INFO  server.RaftServerConfigKeys (ConfUtils.java:logGet(44)) - raft.server.rpc.timeout.min = 5s (custom)
2020-04-27 22:06:02,145 [grpc-default-executor-0] INFO  impl.RaftServerProxy (RaftServerProxy.java:addNew(89)) - 583c6497-c40e-42b3-9211-ce20d6e17cc4: addNew group-976282C6C226:[583c6497-c40e-42b3-9211-ce20d6e17cc4:172.17.0.2:40725, c0969769-aa36-4254-80bf-14e01cf29afd:172.17.0.2:41769, c3bc2ae2-91d1-488e-9e90-a9189158d07d:172.17.0.2:38589] returns group-976282C6C226:java.util.concurrent.CompletableFuture@2f132a93[Not completed]
2020-04-27 22:06:02,146 [pool-117-thread-1] INFO  server.RaftServerConfigKeys (ConfUtils.java:logGet(44)) - raft.server.rpc.timeout.max = 5200ms (custom)
2020-04-27 22:06:02,146 [pool-117-thread-1] INFO  server.RaftServerConfigKeys (ConfUtils.java:logGet(44)) - raft.server.rpcslowness.timeout = 300s (custom)
2020-04-27 22:06:02,146 [pool-117-thread-1] INFO  server.RaftServerConfigKeys (ConfUtils.java:logGet(44)) - raft.server.sleep.deviation.threshold = 300 (default)
2020-04-27 22:06:02,146 [pool-117-thread-1] INFO  server.RaftServerConfigKeys (ConfUtils.java:logGet(44)) - raft.server.log.appender.install.snapshot.enabled = false (custom)
2020-04-27 22:06:02,146 [pool-117-thread-1] INFO  impl.RaftServerImpl (ServerState.java:<init>(103)) - c0969769-aa36-4254-80bf-14e01cf29afd@group-2DBBDB4BF8BC: ConfigurationManager, init=-1: [c0969769-aa36-4254-80bf-14e01cf29afd:172.17.0.2:41769], old=null, confs=<EMPTY_MAP>
2020-04-27 22:06:02,146 [pool-117-thread-1] INFO  server.RaftServerConfigKeys (ConfUtils.java:logGet(44)) - raft.server.storage.dir = [/github/workspace/mnt/ozone/hadoop-ozone/integration-test/target/test-dir/MiniOzoneClusterImpl-87458686-d964-4780-b149-8f8debb88dcf/datanode-1/data/ratis] (custom)
2020-04-27 22:06:02,146 [pool-117-thread-1] INFO  server.RaftServerConfigKeys (ConfUtils.java:logGet(44)) - raft.server.log.corruption.policy = EXCEPTION (default)
2020-04-27 22:06:02,146 [pool-117-thread-1] INFO  storage.RaftStorageDirectory (RaftStorageDirectory.java:analyzeStorage(253)) - The storage directory /github/workspace/mnt/ozone/hadoop-ozone/integration-test/target/test-dir/MiniOzoneClusterImpl-87458686-d964-4780-b149-8f8debb88dcf/datanode-1/data/ratis/4097de1c-19b4-4d37-859c-2dbbdb4bf8bc does not exist. Creating ...
2020-04-27 22:06:02,149 [pool-132-thread-1] INFO  impl.RaftServerImpl (RaftServerImpl.java:<init>(97)) - 583c6497-c40e-42b3-9211-ce20d6e17cc4: new RaftServerImpl for group-976282C6C226:[583c6497-c40e-42b3-9211-ce20d6e17cc4:172.17.0.2:40725, c0969769-aa36-4254-80bf-14e01cf29afd:172.17.0.2:41769, c3bc2ae2-91d1-488e-9e90-a9189158d07d:172.17.0.2:38589] with ContainerStateMachine:uninitialized
2020-04-27 22:06:02,150 [pool-132-thread-1] INFO  server.RaftServerConfigKeys (ConfUtils.java:logGet(44)) - raft.server.rpc.timeout.min = 5s (custom)
2020-04-27 22:06:02,150 [pool-132-thread-1] INFO  server.RaftServerConfigKeys (ConfUtils.java:logGet(44)) - raft.server.rpc.timeout.max = 5200ms (custom)
2020-04-27 22:06:02,151 [pool-132-thread-1] INFO  server.RaftServerConfigKeys (ConfUtils.java:logGet(44)) - raft.server.rpcslowness.timeout = 300s (custom)
2020-04-27 22:06:02,151 [pool-132-thread-1] INFO  server.RaftServerConfigKeys (ConfUtils.java:logGet(44)) - raft.server.sleep.deviation.threshold = 300 (default)
2020-04-27 22:06:02,151 [pool-132-thread-1] INFO  server.RaftServerConfigKeys (ConfUtils.java:logGet(44)) - raft.server.log.appender.install.snapshot.enabled = false (custom)
2020-04-27 22:06:02,151 [pool-132-thread-1] INFO  impl.RaftServerImpl (ServerState.java:<init>(103)) - 583c6497-c40e-42b3-9211-ce20d6e17cc4@group-976282C6C226: ConfigurationManager, init=-1: [583c6497-c40e-42b3-9211-ce20d6e17cc4:172.17.0.2:40725, c0969769-aa36-4254-80bf-14e01cf29afd:172.17.0.2:41769, c3bc2ae2-91d1-488e-9e90-a9189158d07d:172.17.0.2:38589], old=null, confs=<EMPTY_MAP>
2020-04-27 22:06:02,151 [pool-132-thread-1] INFO  server.RaftServerConfigKeys (ConfUtils.java:logGet(44)) - raft.server.storage.dir = [/github/workspace/mnt/ozone/hadoop-ozone/integration-test/target/test-dir/MiniOzoneClusterImpl-87458686-d964-4780-b149-8f8debb88dcf/datanode-2/data/ratis] (custom)
2020-04-27 22:06:02,152 [pool-132-thread-1] INFO  server.RaftServerConfigKeys (ConfUtils.java:logGet(44)) - raft.server.log.corruption.policy = EXCEPTION (default)
2020-04-27 22:06:02,152 [pool-117-thread-1] INFO  storage.RaftStorageDirectory (RaftStorageDirectory.java:tryLock(335)) - Lock on /github/workspace/mnt/ozone/hadoop-ozone/integration-test/target/test-dir/MiniOzoneClusterImpl-87458686-d964-4780-b149-8f8debb88dcf/datanode-1/data/ratis/4097de1c-19b4-4d37-859c-2dbbdb4bf8bc/in_use.lock acquired by nodename 4361@ee1a19d1c070
2020-04-27 22:06:02,152 [pool-132-thread-1] INFO  storage.RaftStorageDirectory (RaftStorageDirectory.java:analyzeStorage(253)) - The storage directory /github/workspace/mnt/ozone/hadoop-ozone/integration-test/target/test-dir/MiniOzoneClusterImpl-87458686-d964-4780-b149-8f8debb88dcf/datanode-2/data/ratis/8ad318fe-8f4d-45b2-8a67-976282c6c226 does not exist. Creating ...
2020-04-27 22:06:02,154 [pool-117-thread-1] INFO  storage.RaftStorage (RaftStorage.java:format(84)) - Storage directory /github/workspace/mnt/ozone/hadoop-ozone/integration-test/target/test-dir/MiniOzoneClusterImpl-87458686-d964-4780-b149-8f8debb88dcf/datanode-1/data/ratis/4097de1c-19b4-4d37-859c-2dbbdb4bf8bc has been successfully formatted.
2020-04-27 22:06:02,154 [pool-117-thread-1] INFO  ratis.ContainerStateMachine (ContainerStateMachine.java:loadSnapshot(226)) - group-2DBBDB4BF8BC: The snapshot info is null. Setting the last applied indexto:(t:0, i:~)
2020-04-27 22:06:02,155 [pool-132-thread-1] INFO  storage.RaftStorageDirectory (RaftStorageDirectory.java:tryLock(335)) - Lock on /github/workspace/mnt/ozone/hadoop-ozone/integration-test/target/test-dir/MiniOzoneClusterImpl-87458686-d964-4780-b149-8f8debb88dcf/datanode-2/data/ratis/8ad318fe-8f4d-45b2-8a67-976282c6c226/in_use.lock acquired by nodename 4361@ee1a19d1c070
2020-04-27 22:06:02,156 [EventQueue-PipelineReportForPipelineReportHandler] INFO  pipeline.PipelineStateManager (PipelineStateManager.java:openPipeline(131)) - Pipeline Pipeline[ Id: 4097de1c-19b4-4d37-859c-2dbbdb4bf8bc, Nodes: c0969769-aa36-4254-80bf-14e01cf29afd{ip: 172.17.0.2, host: ee1a19d1c070, networkLocation: /default-rack, certSerialId: null}, Type:RATIS, Factor:ONE, State:ALLOCATED, leaderId:c0969769-aa36-4254-80bf-14e01cf29afd, CreationTimestamp2020-04-27T22:05:59.132Z] moved to OPEN state
2020-04-27 22:06:02,156 [EventQueue-OpenPipelineForOneReplicaPipelineSafeModeRule] INFO  safemode.SCMSafeModeManager (SCMSafeModeManager.java:validateSafeModeExitRules(183)) - AtleastOneDatanodeReportedRule rule is successfully validated
2020-04-27 22:06:02,156 [EventQueue-OpenPipelineForHealthyPipelineSafeModeRule] INFO  safemode.SCMSafeModeManager (HealthyPipelineSafeModeRule.java:process(132)) - SCM in safe mode. Healthy pipelines reported count is 0, required healthy pipeline reported count is 1
2020-04-27 22:06:02,156 [pool-117-thread-1] INFO  server.RaftServerConfigKeys (ConfUtils.java:logGet(44)) - raft.server.notification.no-leader.timeout = 60s (default)
2020-04-27 22:06:02,156 [pool-117-thread-1] INFO  server.RaftServerConfigKeys (ConfUtils.java:logGet(44)) - raft.server.log.use.memory = false (default)
2020-04-27 22:06:02,156 [pool-117-thread-1] INFO  server.RaftServerConfigKeys (ConfUtils.java:logGet(44)) - raft.server.log.purge.gap = 1000000 (custom)
2020-04-27 22:06:02,157 [pool-117-thread-1] INFO  server.RaftServerConfigKeys (ConfUtils.java:logGet(44)) - raft.server.log.appender.buffer.byte-limit = 33554432 (custom)
2020-04-27 22:06:02,157 [pool-117-thread-1] INFO  server.RaftServerConfigKeys (ConfUtils.java:logGet(44)) - raft.server.log.segment.size.max = 1048576 (custom)
2020-04-27 22:06:02,157 [pool-117-thread-1] INFO  metrics.RatisMetrics (RatisMetrics.java:lambda$create$0(39)) - Creating Metrics Registry : ratis.log_worker.c0969769-aa36-4254-80bf-14e01cf29afd
2020-04-27 22:06:02,157 [pool-117-thread-1] INFO  server.RaftServerConfigKeys (ConfUtils.java:logGet(44)) - raft.server.log.segment.cache.num.max = 2 (custom)
2020-04-27 22:06:02,157 [pool-117-thread-1] INFO  segmented.SegmentedRaftLogWorker (SegmentedRaftLogWorker.java:<init>(176)) - new c0969769-aa36-4254-80bf-14e01cf29afd@group-2DBBDB4BF8BC-SegmentedRaftLogWorker for RaftStorage:Storage Directory /github/workspace/mnt/ozone/hadoop-ozone/integration-test/target/test-dir/MiniOzoneClusterImpl-87458686-d964-4780-b149-8f8debb88dcf/datanode-1/data/ratis/4097de1c-19b4-4d37-859c-2dbbdb4bf8bc
2020-04-27 22:06:02,157 [pool-117-thread-1] INFO  server.RaftServerConfigKeys (ConfUtils.java:logGet(44)) - raft.server.log.queue.byte-limit = 2147483647 (custom)
2020-04-27 22:06:02,157 [pool-117-thread-1] INFO  server.RaftServerConfigKeys (ConfUtils.java:logGet(44)) - raft.server.log.queue.element-limit = 1024 (custom)
2020-04-27 22:06:02,157 [pool-117-thread-1] INFO  server.RaftServerConfigKeys (ConfUtils.java:logGet(44)) - raft.server.log.segment.size.max = 1048576 (custom)
2020-04-27 22:06:02,158 [pool-117-thread-1] INFO  server.RaftServerConfigKeys (ConfUtils.java:logGet(44)) - raft.server.log.preallocated.size = 16384 (custom)
2020-04-27 22:06:02,158 [pool-117-thread-1] INFO  server.RaftServerConfigKeys (ConfUtils.java:logGet(44)) - raft.server.log.write.buffer.size = 1048576 (custom)
2020-04-27 22:06:02,158 [pool-117-thread-1] INFO  server.RaftServerConfigKeys (ConfUtils.java:logGet(44)) - raft.server.log.force.sync.num = 128 (default)
2020-04-27 22:06:02,158 [pool-117-thread-1] INFO  server.RaftServerConfigKeys (ConfUtils.java:logGet(44)) - raft.server.log.statemachine.data.sync = true (default)
2020-04-27 22:06:02,158 [pool-117-thread-1] INFO  server.RaftServerConfigKeys (ConfUtils.java:logGet(44)) - raft.server.log.statemachine.data.sync.timeout = 10s (default)
2020-04-27 22:06:02,158 [pool-117-thread-1] INFO  server.RaftServerConfigKeys (ConfUtils.java:logGet(44)) - raft.server.log.statemachine.data.sync.timeout.retry = -1 (default)
2020-04-27 22:06:02,160 [pool-117-thread-1] INFO  server.RaftServerConfigKeys (ConfUtils.java:logGet(44)) - raft.server.log.statemachine.data.caching.enabled = true (custom)
2020-04-27 22:06:02,160 [pool-117-thread-1] INFO  segmented.SegmentedRaftLogWorker (SegmentedRaftLogWorker.java:lambda$new$0(129)) - c0969769-aa36-4254-80bf-14e01cf29afd@group-2DBBDB4BF8BC-SegmentedRaftLogWorker: flushIndex: setUnconditionally 0 -> -1
2020-04-27 22:06:02,161 [pool-117-thread-1] INFO  server.RaftServerConfigKeys (ConfUtils.java:logGet(44)) - raft.server.snapshot.auto.trigger.enabled = true (custom)
2020-04-27 22:06:02,161 [pool-117-thread-1] INFO  server.RaftServerConfigKeys (ConfUtils.java:logGet(44)) - raft.server.snapshot.auto.trigger.threshold = 10000 (custom)
2020-04-27 22:06:02,161 [pool-117-thread-1] INFO  server.RaftServerConfigKeys (ConfUtils.java:logGet(44)) - raft.server.snapshot.retention.file.num = 5 (custom)
2020-04-27 22:06:02,161 [pool-117-thread-1] INFO  server.RaftServerConfigKeys (ConfUtils.java:logGet(44)) - raft.server.retrycache.expirytime = 600000ms (custom)
2020-04-27 22:06:02,161 [pool-117-thread-1] INFO  metrics.RatisMetrics (RatisMetrics.java:lambda$create$0(39)) - Creating Metrics Registry : ratis.leader_election.c0969769-aa36-4254-80bf-14e01cf29afd@group-2DBBDB4BF8BC
2020-04-27 22:06:02,162 [pool-117-thread-1] INFO  metrics.RatisMetrics (RatisMetrics.java:lambda$create$0(39)) - Creating Metrics Registry : ratis.server.c0969769-aa36-4254-80bf-14e01cf29afd@group-2DBBDB4BF8BC
2020-04-27 22:06:02,163 [pool-117-thread-1] INFO  impl.RaftServerImpl (RaftServerImpl.java:start(183)) - c0969769-aa36-4254-80bf-14e01cf29afd@group-2DBBDB4BF8BC: start as a follower, conf=-1: [c0969769-aa36-4254-80bf-14e01cf29afd:172.17.0.2:41769], old=null
2020-04-27 22:06:02,164 [pool-117-thread-1] INFO  impl.RaftServerImpl (RaftServerImpl.java:setRole(172)) - c0969769-aa36-4254-80bf-14e01cf29afd@group-2DBBDB4BF8BC: changes role from      null to FOLLOWER at term 0 for startAsFollower
2020-04-27 22:06:02,164 [pool-117-thread-1] INFO  impl.RoleInfo (RoleInfo.java:updateAndGet(143)) - c0969769-aa36-4254-80bf-14e01cf29afd: start FollowerState
2020-04-27 22:06:02,164 [pool-117-thread-1] INFO  util.JmxRegister (JmxRegister.java:tryRegister(44)) - Successfully registered JMX Bean with object name Ratis:service=RaftServer,group=group-2DBBDB4BF8BC,id=c0969769-aa36-4254-80bf-14e01cf29afd
2020-04-27 22:06:02,164 [pool-117-thread-1] INFO  metrics.RatisMetrics (RatisMetrics.java:lambda$create$0(39)) - Creating Metrics Registry : ratis.state_machine.c0969769-aa36-4254-80bf-14e01cf29afd@group-2DBBDB4BF8BC
2020-04-27 22:06:02,165 [Command processor thread] INFO  commandhandler.CreatePipelineCommandHandler (CreatePipelineCommandHandler.java:handle(109)) - Created Pipeline RATIS ONE #id: "4097de1c-19b4-4d37-859c-2dbbdb4bf8bc"
.
2020-04-27 22:06:02,166 [Command processor thread] INFO  impl.RaftServerProxy (RaftServerProxy.java:addNew(89)) - c0969769-aa36-4254-80bf-14e01cf29afd: addNew group-976282C6C226:[583c6497-c40e-42b3-9211-ce20d6e17cc4:172.17.0.2:40725, c0969769-aa36-4254-80bf-14e01cf29afd:172.17.0.2:41769, c3bc2ae2-91d1-488e-9e90-a9189158d07d:172.17.0.2:38589] returns group-976282C6C226:java.util.concurrent.CompletableFuture@794ff125[Not completed]
2020-04-27 22:06:02,167 [pool-117-thread-1] INFO  impl.RaftServerImpl (RaftServerImpl.java:<init>(97)) - c0969769-aa36-4254-80bf-14e01cf29afd: new RaftServerImpl for group-976282C6C226:[583c6497-c40e-42b3-9211-ce20d6e17cc4:172.17.0.2:40725, c0969769-aa36-4254-80bf-14e01cf29afd:172.17.0.2:41769, c3bc2ae2-91d1-488e-9e90-a9189158d07d:172.17.0.2:38589] with ContainerStateMachine:uninitialized
2020-04-27 22:06:02,167 [pool-117-thread-1] INFO  server.RaftServerConfigKeys (ConfUtils.java:logGet(44)) - raft.server.rpc.timeout.min = 5s (custom)
2020-04-27 22:06:02,167 [pool-117-thread-1] INFO  server.RaftServerConfigKeys (ConfUtils.java:logGet(44)) - raft.server.rpc.timeout.max = 5200ms (custom)
2020-04-27 22:06:02,167 [pool-117-thread-1] INFO  server.RaftServerConfigKeys (ConfUtils.java:logGet(44)) - raft.server.rpcslowness.timeout = 300s (custom)
2020-04-27 22:06:02,167 [pool-117-thread-1] INFO  server.RaftServerConfigKeys (ConfUtils.java:logGet(44)) - raft.server.sleep.deviation.threshold = 300 (default)
2020-04-27 22:06:02,167 [pool-132-thread-1] INFO  storage.RaftStorage (RaftStorage.java:format(84)) - Storage directory /github/workspace/mnt/ozone/hadoop-ozone/integration-test/target/test-dir/MiniOzoneClusterImpl-87458686-d964-4780-b149-8f8debb88dcf/datanode-2/data/ratis/8ad318fe-8f4d-45b2-8a67-976282c6c226 has been successfully formatted.
2020-04-27 22:06:02,168 [pool-117-thread-1] INFO  server.RaftServerConfigKeys (ConfUtils.java:logGet(44)) - raft.server.log.appender.install.snapshot.enabled = false (custom)
2020-04-27 22:06:02,168 [pool-132-thread-1] INFO  ratis.ContainerStateMachine (ContainerStateMachine.java:loadSnapshot(226)) - group-976282C6C226: The snapshot info is null. Setting the last applied indexto:(t:0, i:~)
2020-04-27 22:06:02,168 [pool-132-thread-1] INFO  server.RaftServerConfigKeys (ConfUtils.java:logGet(44)) - raft.server.notification.no-leader.timeout = 60s (default)
2020-04-27 22:06:02,168 [pool-132-thread-1] INFO  server.RaftServerConfigKeys (ConfUtils.java:logGet(44)) - raft.server.log.use.memory = false (default)
2020-04-27 22:06:02,168 [pool-132-thread-1] INFO  server.RaftServerConfigKeys (ConfUtils.java:logGet(44)) - raft.server.log.purge.gap = 1000000 (custom)
2020-04-27 22:06:02,169 [pool-132-thread-1] INFO  server.RaftServerConfigKeys (ConfUtils.java:logGet(44)) - raft.server.log.appender.buffer.byte-limit = 33554432 (custom)
2020-04-27 22:06:02,169 [pool-132-thread-1] INFO  server.RaftServerConfigKeys (ConfUtils.java:logGet(44)) - raft.server.log.segment.size.max = 1048576 (custom)
2020-04-27 22:06:02,169 [pool-132-thread-1] INFO  metrics.RatisMetrics (RatisMetrics.java:lambda$create$0(39)) - Creating Metrics Registry : ratis.log_worker.583c6497-c40e-42b3-9211-ce20d6e17cc4
2020-04-27 22:06:02,169 [pool-132-thread-1] INFO  server.RaftServerConfigKeys (ConfUtils.java:logGet(44)) - raft.server.log.segment.cache.num.max = 2 (custom)
2020-04-27 22:06:02,169 [pool-132-thread-1] INFO  segmented.SegmentedRaftLogWorker (SegmentedRaftLogWorker.java:<init>(176)) - new 583c6497-c40e-42b3-9211-ce20d6e17cc4@group-976282C6C226-SegmentedRaftLogWorker for RaftStorage:Storage Directory /github/workspace/mnt/ozone/hadoop-ozone/integration-test/target/test-dir/MiniOzoneClusterImpl-87458686-d964-4780-b149-8f8debb88dcf/datanode-2/data/ratis/8ad318fe-8f4d-45b2-8a67-976282c6c226
2020-04-27 22:06:02,169 [pool-132-thread-1] INFO  server.RaftServerConfigKeys (ConfUtils.java:logGet(44)) - raft.server.log.queue.byte-limit = 2147483647 (custom)
2020-04-27 22:06:02,169 [pool-132-thread-1] INFO  server.RaftServerConfigKeys (ConfUtils.java:logGet(44)) - raft.server.log.queue.element-limit = 1024 (custom)
2020-04-27 22:06:02,170 [pool-132-thread-1] INFO  server.RaftServerConfigKeys (ConfUtils.java:logGet(44)) - raft.server.log.segment.size.max = 1048576 (custom)
2020-04-27 22:06:02,170 [pool-132-thread-1] INFO  server.RaftServerConfigKeys (ConfUtils.java:logGet(44)) - raft.server.log.preallocated.size = 16384 (custom)
2020-04-27 22:06:02,170 [pool-132-thread-1] INFO  server.RaftServerConfigKeys (ConfUtils.java:logGet(44)) - raft.server.log.write.buffer.size = 1048576 (custom)
2020-04-27 22:06:02,170 [pool-132-thread-1] INFO  server.RaftServerConfigKeys (ConfUtils.java:logGet(44)) - raft.server.log.force.sync.num = 128 (default)
2020-04-27 22:06:02,170 [pool-132-thread-1] INFO  server.RaftServerConfigKeys (ConfUtils.java:logGet(44)) - raft.server.log.statemachine.data.sync = true (default)
2020-04-27 22:06:02,170 [pool-132-thread-1] INFO  server.RaftServerConfigKeys (ConfUtils.java:logGet(44)) - raft.server.log.statemachine.data.sync.timeout = 10s (default)
2020-04-27 22:06:02,168 [pool-117-thread-1] INFO  impl.RaftServerImpl (ServerState.java:<init>(103)) - c0969769-aa36-4254-80bf-14e01cf29afd@group-976282C6C226: ConfigurationManager, init=-1: [583c6497-c40e-42b3-9211-ce20d6e17cc4:172.17.0.2:40725, c0969769-aa36-4254-80bf-14e01cf29afd:172.17.0.2:41769, c3bc2ae2-91d1-488e-9e90-a9189158d07d:172.17.0.2:38589], old=null, confs=<EMPTY_MAP>
2020-04-27 22:06:02,171 [pool-117-thread-1] INFO  server.RaftServerConfigKeys (ConfUtils.java:logGet(44)) - raft.server.storage.dir = [/github/workspace/mnt/ozone/hadoop-ozone/integration-test/target/test-dir/MiniOzoneClusterImpl-87458686-d964-4780-b149-8f8debb88dcf/datanode-1/data/ratis] (custom)
2020-04-27 22:06:02,171 [pool-117-thread-1] INFO  server.RaftServerConfigKeys (ConfUtils.java:logGet(44)) - raft.server.log.corruption.policy = EXCEPTION (default)
2020-04-27 22:06:02,171 [pool-117-thread-1] INFO  storage.RaftStorageDirectory (RaftStorageDirectory.java:analyzeStorage(253)) - The storage directory /github/workspace/mnt/ozone/hadoop-ozone/integration-test/target/test-dir/MiniOzoneClusterImpl-87458686-d964-4780-b149-8f8debb88dcf/datanode-1/data/ratis/8ad318fe-8f4d-45b2-8a67-976282c6c226 does not exist. Creating ...
2020-04-27 22:06:02,171 [pool-132-thread-1] INFO  server.RaftServerConfigKeys (ConfUtils.java:logGet(44)) - raft.server.log.statemachine.data.sync.timeout.retry = -1 (default)
2020-04-27 22:06:02,173 [pool-132-thread-1] INFO  server.RaftServerConfigKeys (ConfUtils.java:logGet(44)) - raft.server.log.statemachine.data.caching.enabled = true (custom)
2020-04-27 22:06:02,173 [pool-132-thread-1] INFO  segmented.SegmentedRaftLogWorker (SegmentedRaftLogWorker.java:lambda$new$0(129)) - 583c6497-c40e-42b3-9211-ce20d6e17cc4@group-976282C6C226-SegmentedRaftLogWorker: flushIndex: setUnconditionally 0 -> -1
2020-04-27 22:06:02,173 [pool-132-thread-1] INFO  server.RaftServerConfigKeys (ConfUtils.java:logGet(44)) - raft.server.snapshot.auto.trigger.enabled = true (custom)
2020-04-27 22:06:02,173 [pool-132-thread-1] INFO  server.RaftServerConfigKeys (ConfUtils.java:logGet(44)) - raft.server.snapshot.auto.trigger.threshold = 10000 (custom)
2020-04-27 22:06:02,173 [pool-132-thread-1] INFO  server.RaftServerConfigKeys (ConfUtils.java:logGet(44)) - raft.server.snapshot.retention.file.num = 5 (custom)
2020-04-27 22:06:02,174 [pool-132-thread-1] INFO  server.RaftServerConfigKeys (ConfUtils.java:logGet(44)) - raft.server.retrycache.expirytime = 600000ms (custom)
2020-04-27 22:06:02,174 [pool-132-thread-1] INFO  metrics.RatisMetrics (RatisMetrics.java:lambda$create$0(39)) - Creating Metrics Registry : ratis.leader_election.583c6497-c40e-42b3-9211-ce20d6e17cc4@group-976282C6C226
2020-04-27 22:06:02,174 [pool-132-thread-1] INFO  metrics.RatisMetrics (RatisMetrics.java:lambda$create$0(39)) - Creating Metrics Registry : ratis.server.583c6497-c40e-42b3-9211-ce20d6e17cc4@group-976282C6C226
2020-04-27 22:06:02,175 [pool-132-thread-1] INFO  impl.RaftServerImpl (RaftServerImpl.java:start(183)) - 583c6497-c40e-42b3-9211-ce20d6e17cc4@group-976282C6C226: start as a follower, conf=-1: [583c6497-c40e-42b3-9211-ce20d6e17cc4:172.17.0.2:40725, c0969769-aa36-4254-80bf-14e01cf29afd:172.17.0.2:41769, c3bc2ae2-91d1-488e-9e90-a9189158d07d:172.17.0.2:38589], old=null
2020-04-27 22:06:02,175 [pool-132-thread-1] INFO  impl.RaftServerImpl (RaftServerImpl.java:setRole(172)) - 583c6497-c40e-42b3-9211-ce20d6e17cc4@group-976282C6C226: changes role from      null to FOLLOWER at term 0 for startAsFollower
2020-04-27 22:06:02,176 [pool-132-thread-1] INFO  impl.RoleInfo (RoleInfo.java:updateAndGet(143)) - 583c6497-c40e-42b3-9211-ce20d6e17cc4: start FollowerState
2020-04-27 22:06:02,176 [pool-117-thread-1] INFO  storage.RaftStorageDirectory (RaftStorageDirectory.java:tryLock(335)) - Lock on /github/workspace/mnt/ozone/hadoop-ozone/integration-test/target/test-dir/MiniOzoneClusterImpl-87458686-d964-4780-b149-8f8debb88dcf/datanode-1/data/ratis/8ad318fe-8f4d-45b2-8a67-976282c6c226/in_use.lock acquired by nodename 4361@ee1a19d1c070
2020-04-27 22:06:02,176 [pool-132-thread-1] INFO  util.JmxRegister (JmxRegister.java:tryRegister(44)) - Successfully registered JMX Bean with object name Ratis:service=RaftServer,group=group-976282C6C226,id=583c6497-c40e-42b3-9211-ce20d6e17cc4
2020-04-27 22:06:02,177 [pool-132-thread-1] INFO  metrics.RatisMetrics (RatisMetrics.java:lambda$create$0(39)) - Creating Metrics Registry : ratis.state_machine.583c6497-c40e-42b3-9211-ce20d6e17cc4@group-976282C6C226
2020-04-27 22:06:02,196 [pool-117-thread-1] INFO  storage.RaftStorage (RaftStorage.java:format(84)) - Storage directory /github/workspace/mnt/ozone/hadoop-ozone/integration-test/target/test-dir/MiniOzoneClusterImpl-87458686-d964-4780-b149-8f8debb88dcf/datanode-1/data/ratis/8ad318fe-8f4d-45b2-8a67-976282c6c226 has been successfully formatted.
2020-04-27 22:06:02,196 [pool-117-thread-1] INFO  ratis.ContainerStateMachine (ContainerStateMachine.java:loadSnapshot(226)) - group-976282C6C226: The snapshot info is null. Setting the last applied indexto:(t:0, i:~)
2020-04-27 22:06:02,196 [pool-117-thread-1] INFO  server.RaftServerConfigKeys (ConfUtils.java:logGet(44)) - raft.server.notification.no-leader.timeout = 60s (default)
2020-04-27 22:06:02,196 [pool-117-thread-1] INFO  server.RaftServerConfigKeys (ConfUtils.java:logGet(44)) - raft.server.log.use.memory = false (default)
2020-04-27 22:06:02,196 [pool-117-thread-1] INFO  server.RaftServerConfigKeys (ConfUtils.java:logGet(44)) - raft.server.log.purge.gap = 1000000 (custom)
2020-04-27 22:06:02,197 [pool-117-thread-1] INFO  server.RaftServerConfigKeys (ConfUtils.java:logGet(44)) - raft.server.log.appender.buffer.byte-limit = 33554432 (custom)
2020-04-27 22:06:02,197 [pool-117-thread-1] INFO  server.RaftServerConfigKeys (ConfUtils.java:logGet(44)) - raft.server.log.segment.size.max = 1048576 (custom)
2020-04-27 22:06:02,197 [pool-117-thread-1] INFO  server.RaftServerConfigKeys (ConfUtils.java:logGet(44)) - raft.server.log.segment.cache.num.max = 2 (custom)
2020-04-27 22:06:02,197 [pool-117-thread-1] INFO  segmented.SegmentedRaftLogWorker (SegmentedRaftLogWorker.java:<init>(176)) - new c0969769-aa36-4254-80bf-14e01cf29afd@group-976282C6C226-SegmentedRaftLogWorker for RaftStorage:Storage Directory /github/workspace/mnt/ozone/hadoop-ozone/integration-test/target/test-dir/MiniOzoneClusterImpl-87458686-d964-4780-b149-8f8debb88dcf/datanode-1/data/ratis/8ad318fe-8f4d-45b2-8a67-976282c6c226
2020-04-27 22:06:02,197 [pool-117-thread-1] INFO  server.RaftServerConfigKeys (ConfUtils.java:logGet(44)) - raft.server.log.queue.byte-limit = 2147483647 (custom)
2020-04-27 22:06:02,197 [pool-117-thread-1] INFO  server.RaftServerConfigKeys (ConfUtils.java:logGet(44)) - raft.server.log.queue.element-limit = 1024 (custom)
2020-04-27 22:06:02,197 [pool-117-thread-1] INFO  server.RaftServerConfigKeys (ConfUtils.java:logGet(44)) - raft.server.log.segment.size.max = 1048576 (custom)
2020-04-27 22:06:02,197 [pool-117-thread-1] INFO  server.RaftServerConfigKeys (ConfUtils.java:logGet(44)) - raft.server.log.preallocated.size = 16384 (custom)
2020-04-27 22:06:02,197 [pool-117-thread-1] INFO  server.RaftServerConfigKeys (ConfUtils.java:logGet(44)) - raft.server.log.write.buffer.size = 1048576 (custom)
2020-04-27 22:06:02,197 [pool-117-thread-1] INFO  server.RaftServerConfigKeys (ConfUtils.java:logGet(44)) - raft.server.log.force.sync.num = 128 (default)
2020-04-27 22:06:02,197 [pool-117-thread-1] INFO  server.RaftServerConfigKeys (ConfUtils.java:logGet(44)) - raft.server.log.statemachine.data.sync = true (default)
2020-04-27 22:06:02,197 [pool-117-thread-1] INFO  server.RaftServerConfigKeys (ConfUtils.java:logGet(44)) - raft.server.log.statemachine.data.sync.timeout = 10s (default)
2020-04-27 22:06:02,198 [pool-117-thread-1] INFO  server.RaftServerConfigKeys (ConfUtils.java:logGet(44)) - raft.server.log.statemachine.data.sync.timeout.retry = -1 (default)
2020-04-27 22:06:02,198 [pool-117-thread-1] INFO  server.RaftServerConfigKeys (ConfUtils.java:logGet(44)) - raft.server.log.statemachine.data.caching.enabled = true (custom)
2020-04-27 22:06:02,198 [pool-117-thread-1] INFO  segmented.SegmentedRaftLogWorker (SegmentedRaftLogWorker.java:lambda$new$0(129)) - c0969769-aa36-4254-80bf-14e01cf29afd@group-976282C6C226-SegmentedRaftLogWorker: flushIndex: setUnconditionally 0 -> -1
2020-04-27 22:06:02,198 [pool-117-thread-1] INFO  server.RaftServerConfigKeys (ConfUtils.java:logGet(44)) - raft.server.snapshot.auto.trigger.enabled = true (custom)
2020-04-27 22:06:02,198 [pool-117-thread-1] INFO  server.RaftServerConfigKeys (ConfUtils.java:logGet(44)) - raft.server.snapshot.auto.trigger.threshold = 10000 (custom)
2020-04-27 22:06:02,198 [pool-117-thread-1] INFO  server.RaftServerConfigKeys (ConfUtils.java:logGet(44)) - raft.server.snapshot.retention.file.num = 5 (custom)
2020-04-27 22:06:02,199 [pool-117-thread-1] INFO  server.RaftServerConfigKeys (ConfUtils.java:logGet(44)) - raft.server.retrycache.expirytime = 600000ms (custom)
2020-04-27 22:06:02,199 [pool-117-thread-1] INFO  metrics.RatisMetrics (RatisMetrics.java:lambda$create$0(39)) - Creating Metrics Registry : ratis.leader_election.c0969769-aa36-4254-80bf-14e01cf29afd@group-976282C6C226
2020-04-27 22:06:02,199 [pool-117-thread-1] INFO  metrics.RatisMetrics (RatisMetrics.java:lambda$create$0(39)) - Creating Metrics Registry : ratis.server.c0969769-aa36-4254-80bf-14e01cf29afd@group-976282C6C226
2020-04-27 22:06:02,201 [pool-117-thread-1] INFO  impl.RaftServerImpl (RaftServerImpl.java:start(183)) - c0969769-aa36-4254-80bf-14e01cf29afd@group-976282C6C226: start as a follower, conf=-1: [583c6497-c40e-42b3-9211-ce20d6e17cc4:172.17.0.2:40725, c0969769-aa36-4254-80bf-14e01cf29afd:172.17.0.2:41769, c3bc2ae2-91d1-488e-9e90-a9189158d07d:172.17.0.2:38589], old=null
2020-04-27 22:06:02,201 [pool-117-thread-1] INFO  impl.RaftServerImpl (RaftServerImpl.java:setRole(172)) - c0969769-aa36-4254-80bf-14e01cf29afd@group-976282C6C226: changes role from      null to FOLLOWER at term 0 for startAsFollower
2020-04-27 22:06:02,201 [pool-117-thread-1] INFO  impl.RoleInfo (RoleInfo.java:updateAndGet(143)) - c0969769-aa36-4254-80bf-14e01cf29afd: start FollowerState
2020-04-27 22:06:02,202 [pool-117-thread-1] INFO  util.JmxRegister (JmxRegister.java:tryRegister(44)) - Successfully registered JMX Bean with object name Ratis:service=RaftServer,group=group-976282C6C226,id=c0969769-aa36-4254-80bf-14e01cf29afd
2020-04-27 22:06:02,202 [pool-117-thread-1] INFO  metrics.RatisMetrics (RatisMetrics.java:lambda$create$0(39)) - Creating Metrics Registry : ratis.state_machine.c0969769-aa36-4254-80bf-14e01cf29afd@group-976282C6C226
2020-04-27 22:06:02,203 [main] INFO  ozone.MiniOzoneClusterImpl (MiniOzoneClusterImpl.java:lambda$waitForClusterToBeReady$0(177)) - Nodes are ready. Got 3 of 3 DN Heartbeats.
2020-04-27 22:06:02,203 [main] INFO  ozone.MiniOzoneClusterImpl (MiniOzoneClusterImpl.java:lambda$waitForClusterToBeReady$0(180)) - Waiting for cluster to exit safe mode
2020-04-27 22:06:02,210 [Command processor thread] INFO  impl.RaftServerProxy (RaftServerProxy.java:addNew(89)) - 583c6497-c40e-42b3-9211-ce20d6e17cc4: addNew group-95F673C2B998:[583c6497-c40e-42b3-9211-ce20d6e17cc4:172.17.0.2:40725] returns group-95F673C2B998:java.util.concurrent.CompletableFuture@416ffa0[Not completed]
2020-04-27 22:06:02,221 [pool-132-thread-1] INFO  impl.RaftServerImpl (RaftServerImpl.java:<init>(97)) - 583c6497-c40e-42b3-9211-ce20d6e17cc4: new RaftServerImpl for group-95F673C2B998:[583c6497-c40e-42b3-9211-ce20d6e17cc4:172.17.0.2:40725] with ContainerStateMachine:uninitialized
2020-04-27 22:06:02,221 [pool-132-thread-1] INFO  server.RaftServerConfigKeys (ConfUtils.java:logGet(44)) - raft.server.rpc.timeout.min = 5s (custom)
2020-04-27 22:06:02,221 [pool-132-thread-1] INFO  server.RaftServerConfigKeys (ConfUtils.java:logGet(44)) - raft.server.rpc.timeout.max = 5200ms (custom)
2020-04-27 22:06:02,222 [pool-132-thread-1] INFO  server.RaftServerConfigKeys (ConfUtils.java:logGet(44)) - raft.server.rpcslowness.timeout = 300s (custom)
2020-04-27 22:06:02,222 [pool-132-thread-1] INFO  server.RaftServerConfigKeys (ConfUtils.java:logGet(44)) - raft.server.sleep.deviation.threshold = 300 (default)
2020-04-27 22:06:02,222 [pool-132-thread-1] INFO  server.RaftServerConfigKeys (ConfUtils.java:logGet(44)) - raft.server.log.appender.install.snapshot.enabled = false (custom)
2020-04-27 22:06:02,222 [pool-132-thread-1] INFO  impl.RaftServerImpl (ServerState.java:<init>(103)) - 583c6497-c40e-42b3-9211-ce20d6e17cc4@group-95F673C2B998: ConfigurationManager, init=-1: [583c6497-c40e-42b3-9211-ce20d6e17cc4:172.17.0.2:40725], old=null, confs=<EMPTY_MAP>
2020-04-27 22:06:02,222 [pool-132-thread-1] INFO  server.RaftServerConfigKeys (ConfUtils.java:logGet(44)) - raft.server.storage.dir = [/github/workspace/mnt/ozone/hadoop-ozone/integration-test/target/test-dir/MiniOzoneClusterImpl-87458686-d964-4780-b149-8f8debb88dcf/datanode-2/data/ratis] (custom)
2020-04-27 22:06:02,222 [pool-132-thread-1] INFO  server.RaftServerConfigKeys (ConfUtils.java:logGet(44)) - raft.server.log.corruption.policy = EXCEPTION (default)
2020-04-27 22:06:02,222 [pool-132-thread-1] INFO  storage.RaftStorageDirectory (RaftStorageDirectory.java:analyzeStorage(253)) - The storage directory /github/workspace/mnt/ozone/hadoop-ozone/integration-test/target/test-dir/MiniOzoneClusterImpl-87458686-d964-4780-b149-8f8debb88dcf/datanode-2/data/ratis/d5dc71da-a718-43e3-a9bb-95f673c2b998 does not exist. Creating ...
2020-04-27 22:06:02,224 [pool-132-thread-1] INFO  storage.RaftStorageDirectory (RaftStorageDirectory.java:tryLock(335)) - Lock on /github/workspace/mnt/ozone/hadoop-ozone/integration-test/target/test-dir/MiniOzoneClusterImpl-87458686-d964-4780-b149-8f8debb88dcf/datanode-2/data/ratis/d5dc71da-a718-43e3-a9bb-95f673c2b998/in_use.lock acquired by nodename 4361@ee1a19d1c070
2020-04-27 22:06:02,225 [pool-132-thread-1] INFO  storage.RaftStorage (RaftStorage.java:format(84)) - Storage directory /github/workspace/mnt/ozone/hadoop-ozone/integration-test/target/test-dir/MiniOzoneClusterImpl-87458686-d964-4780-b149-8f8debb88dcf/datanode-2/data/ratis/d5dc71da-a718-43e3-a9bb-95f673c2b998 has been successfully formatted.
2020-04-27 22:06:02,225 [pool-132-thread-1] INFO  ratis.ContainerStateMachine (ContainerStateMachine.java:loadSnapshot(226)) - group-95F673C2B998: The snapshot info is null. Setting the last applied indexto:(t:0, i:~)
2020-04-27 22:06:02,225 [pool-132-thread-1] INFO  server.RaftServerConfigKeys (ConfUtils.java:logGet(44)) - raft.server.notification.no-leader.timeout = 60s (default)
2020-04-27 22:06:02,226 [pool-132-thread-1] INFO  server.RaftServerConfigKeys (ConfUtils.java:logGet(44)) - raft.server.log.use.memory = false (default)
2020-04-27 22:06:02,226 [pool-132-thread-1] INFO  server.RaftServerConfigKeys (ConfUtils.java:logGet(44)) - raft.server.log.purge.gap = 1000000 (custom)
2020-04-27 22:06:02,226 [pool-132-thread-1] INFO  server.RaftServerConfigKeys (ConfUtils.java:logGet(44)) - raft.server.log.appender.buffer.byte-limit = 33554432 (custom)
2020-04-27 22:06:02,226 [pool-132-thread-1] INFO  server.RaftServerConfigKeys (ConfUtils.java:logGet(44)) - raft.server.log.segment.size.max = 1048576 (custom)
2020-04-27 22:06:02,226 [pool-132-thread-1] INFO  server.RaftServerConfigKeys (ConfUtils.java:logGet(44)) - raft.server.log.segment.cache.num.max = 2 (custom)
2020-04-27 22:06:02,226 [pool-132-thread-1] INFO  segmented.SegmentedRaftLogWorker (SegmentedRaftLogWorker.java:<init>(176)) - new 583c6497-c40e-42b3-9211-ce20d6e17cc4@group-95F673C2B998-SegmentedRaftLogWorker for RaftStorage:Storage Directory /github/workspace/mnt/ozone/hadoop-ozone/integration-test/target/test-dir/MiniOzoneClusterImpl-87458686-d964-4780-b149-8f8debb88dcf/datanode-2/data/ratis/d5dc71da-a718-43e3-a9bb-95f673c2b998
2020-04-27 22:06:02,226 [pool-132-thread-1] INFO  server.RaftServerConfigKeys (ConfUtils.java:logGet(44)) - raft.server.log.queue.byte-limit = 2147483647 (custom)
2020-04-27 22:06:02,226 [pool-132-thread-1] INFO  server.RaftServerConfigKeys (ConfUtils.java:logGet(44)) - raft.server.log.queue.element-limit = 1024 (custom)
2020-04-27 22:06:02,227 [pool-132-thread-1] INFO  server.RaftServerConfigKeys (ConfUtils.java:logGet(44)) - raft.server.log.segment.size.max = 1048576 (custom)
2020-04-27 22:06:02,227 [pool-132-thread-1] INFO  server.RaftServerConfigKeys (ConfUtils.java:logGet(44)) - raft.server.log.preallocated.size = 16384 (custom)
2020-04-27 22:06:02,227 [EventQueue-PipelineReportForPipelineReportHandler] INFO  pipeline.PipelineStateManager (PipelineStateManager.java:openPipeline(131)) - Pipeline Pipeline[ Id: d5dc71da-a718-43e3-a9bb-95f673c2b998, Nodes: 583c6497-c40e-42b3-9211-ce20d6e17cc4{ip: 172.17.0.2, host: ee1a19d1c070, networkLocation: /default-rack, certSerialId: null}, Type:RATIS, Factor:ONE, State:ALLOCATED, leaderId:583c6497-c40e-42b3-9211-ce20d6e17cc4, CreationTimestamp2020-04-27T22:05:59.212Z] moved to OPEN state
2020-04-27 22:06:02,227 [EventQueue-OpenPipelineForOneReplicaPipelineSafeModeRule] INFO  safemode.SCMSafeModeManager (SCMSafeModeManager.java:validateSafeModeExitRules(183)) - AtleastOneDatanodeReportedRule rule is successfully validated
2020-04-27 22:06:02,227 [EventQueue-OpenPipelineForHealthyPipelineSafeModeRule] INFO  safemode.SCMSafeModeManager (HealthyPipelineSafeModeRule.java:process(132)) - SCM in safe mode. Healthy pipelines reported count is 0, required healthy pipeline reported count is 1
2020-04-27 22:06:02,227 [pool-132-thread-1] INFO  server.RaftServerConfigKeys (ConfUtils.java:logGet(44)) - raft.server.log.write.buffer.size = 1048576 (custom)
2020-04-27 22:06:02,235 [pool-132-thread-1] INFO  server.RaftServerConfigKeys (ConfUtils.java:logGet(44)) - raft.server.log.force.sync.num = 128 (default)
2020-04-27 22:06:02,235 [pool-132-thread-1] INFO  server.RaftServerConfigKeys (ConfUtils.java:logGet(44)) - raft.server.log.statemachine.data.sync = true (default)
2020-04-27 22:06:02,235 [pool-132-thread-1] INFO  server.RaftServerConfigKeys (ConfUtils.java:logGet(44)) - raft.server.log.statemachine.data.sync.timeout = 10s (default)
2020-04-27 22:06:02,236 [pool-132-thread-1] INFO  server.RaftServerConfigKeys (ConfUtils.java:logGet(44)) - raft.server.log.statemachine.data.sync.timeout.retry = -1 (default)
2020-04-27 22:06:02,236 [pool-132-thread-1] INFO  server.RaftServerConfigKeys (ConfUtils.java:logGet(44)) - raft.server.log.statemachine.data.caching.enabled = true (custom)
2020-04-27 22:06:02,236 [pool-132-thread-1] INFO  segmented.SegmentedRaftLogWorker (SegmentedRaftLogWorker.java:lambda$new$0(129)) - 583c6497-c40e-42b3-9211-ce20d6e17cc4@group-95F673C2B998-SegmentedRaftLogWorker: flushIndex: setUnconditionally 0 -> -1
2020-04-27 22:06:02,242 [pool-132-thread-1] INFO  server.RaftServerConfigKeys (ConfUtils.java:logGet(44)) - raft.server.snapshot.auto.trigger.enabled = true (custom)
2020-04-27 22:06:02,242 [pool-132-thread-1] INFO  server.RaftServerConfigKeys (ConfUtils.java:logGet(44)) - raft.server.snapshot.auto.trigger.threshold = 10000 (custom)
2020-04-27 22:06:02,242 [pool-132-thread-1] INFO  server.RaftServerConfigKeys (ConfUtils.java:logGet(44)) - raft.server.snapshot.retention.file.num = 5 (custom)
2020-04-27 22:06:02,242 [pool-132-thread-1] INFO  server.RaftServerConfigKeys (ConfUtils.java:logGet(44)) - raft.server.retrycache.expirytime = 600000ms (custom)
2020-04-27 22:06:02,242 [pool-132-thread-1] INFO  metrics.RatisMetrics (RatisMetrics.java:lambda$create$0(39)) - Creating Metrics Registry : ratis.leader_election.583c6497-c40e-42b3-9211-ce20d6e17cc4@group-95F673C2B998
2020-04-27 22:06:02,243 [pool-132-thread-1] INFO  metrics.RatisMetrics (RatisMetrics.java:lambda$create$0(39)) - Creating Metrics Registry : ratis.server.583c6497-c40e-42b3-9211-ce20d6e17cc4@group-95F673C2B998
2020-04-27 22:06:02,244 [pool-132-thread-1] INFO  impl.RaftServerImpl (RaftServerImpl.java:start(183)) - 583c6497-c40e-42b3-9211-ce20d6e17cc4@group-95F673C2B998: start as a follower, conf=-1: [583c6497-c40e-42b3-9211-ce20d6e17cc4:172.17.0.2:40725], old=null
2020-04-27 22:06:02,244 [pool-132-thread-1] INFO  impl.RaftServerImpl (RaftServerImpl.java:setRole(172)) - 583c6497-c40e-42b3-9211-ce20d6e17cc4@group-95F673C2B998: changes role from      null to FOLLOWER at term 0 for startAsFollower
2020-04-27 22:06:02,244 [pool-132-thread-1] INFO  impl.RoleInfo (RoleInfo.java:updateAndGet(143)) - 583c6497-c40e-42b3-9211-ce20d6e17cc4: start FollowerState
2020-04-27 22:06:02,253 [pool-132-thread-1] INFO  util.JmxRegister (JmxRegister.java:tryRegister(44)) - Successfully registered JMX Bean with object name Ratis:service=RaftServer,group=group-95F673C2B998,id=583c6497-c40e-42b3-9211-ce20d6e17cc4
2020-04-27 22:06:02,253 [pool-132-thread-1] INFO  metrics.RatisMetrics (RatisMetrics.java:lambda$create$0(39)) - Creating Metrics Registry : ratis.state_machine.583c6497-c40e-42b3-9211-ce20d6e17cc4@group-95F673C2B998
2020-04-27 22:06:02,261 [Command processor thread] INFO  commandhandler.CreatePipelineCommandHandler (CreatePipelineCommandHandler.java:handle(109)) - Created Pipeline RATIS ONE #id: "d5dc71da-a718-43e3-a9bb-95f673c2b998"
.
2020-04-27 22:06:02,295 [Command processor thread] INFO  commandhandler.CreatePipelineCommandHandler (CreatePipelineCommandHandler.java:handle(109)) - Created Pipeline RATIS THREE #id: "8ad318fe-8f4d-45b2-8a67-976282c6c226"
.
2020-04-27 22:06:02,299 [Command processor thread] INFO  commandhandler.CreatePipelineCommandHandler (CreatePipelineCommandHandler.java:handle(109)) - Created Pipeline RATIS THREE #id: "8ad318fe-8f4d-45b2-8a67-976282c6c226"
.
2020-04-27 22:06:03,203 [main] INFO  ozone.MiniOzoneClusterImpl (MiniOzoneClusterImpl.java:lambda$waitForClusterToBeReady$0(177)) - Nodes are ready. Got 3 of 3 DN Heartbeats.
2020-04-27 22:06:03,204 [main] INFO  ozone.MiniOzoneClusterImpl (MiniOzoneClusterImpl.java:lambda$waitForClusterToBeReady$0(180)) - Waiting for cluster to exit safe mode
2020-04-27 22:06:04,204 [main] INFO  ozone.MiniOzoneClusterImpl (MiniOzoneClusterImpl.java:lambda$waitForClusterToBeReady$0(177)) - Nodes are ready. Got 3 of 3 DN Heartbeats.
2020-04-27 22:06:04,204 [main] INFO  ozone.MiniOzoneClusterImpl (MiniOzoneClusterImpl.java:lambda$waitForClusterToBeReady$0(180)) - Waiting for cluster to exit safe mode
2020-04-27 22:06:05,205 [main] INFO  ozone.MiniOzoneClusterImpl (MiniOzoneClusterImpl.java:lambda$waitForClusterToBeReady$0(177)) - Nodes are ready. Got 3 of 3 DN Heartbeats.
2020-04-27 22:06:05,205 [main] INFO  ozone.MiniOzoneClusterImpl (MiniOzoneClusterImpl.java:lambda$waitForClusterToBeReady$0(180)) - Waiting for cluster to exit safe mode
2020-04-27 22:06:06,205 [main] INFO  ozone.MiniOzoneClusterImpl (MiniOzoneClusterImpl.java:lambda$waitForClusterToBeReady$0(177)) - Nodes are ready. Got 3 of 3 DN Heartbeats.
2020-04-27 22:06:06,205 [main] INFO  ozone.MiniOzoneClusterImpl (MiniOzoneClusterImpl.java:lambda$waitForClusterToBeReady$0(180)) - Waiting for cluster to exit safe mode
2020-04-27 22:06:07,154 [Thread-416] INFO  impl.FollowerState (FollowerState.java:run(108)) - c3bc2ae2-91d1-488e-9e90-a9189158d07d@group-24250CBC26B3-FollowerState: change to CANDIDATE, lastRpcTime:5061ms, electionTimeout:5061ms
2020-04-27 22:06:07,155 [Thread-416] INFO  impl.RoleInfo (RoleInfo.java:shutdownFollowerState(121)) - c3bc2ae2-91d1-488e-9e90-a9189158d07d: shutdown FollowerState
2020-04-27 22:06:07,155 [Thread-416] INFO  impl.RaftServerImpl (RaftServerImpl.java:setRole(172)) - c3bc2ae2-91d1-488e-9e90-a9189158d07d@group-24250CBC26B3: changes role from  FOLLOWER to CANDIDATE at term 0 for changeToCandidate
2020-04-27 22:06:07,155 [Thread-416] INFO  impl.RoleInfo (RoleInfo.java:updateAndGet(143)) - c3bc2ae2-91d1-488e-9e90-a9189158d07d: start LeaderElection
2020-04-27 22:06:07,160 [c3bc2ae2-91d1-488e-9e90-a9189158d07d@group-24250CBC26B3-LeaderElection6] INFO  impl.LeaderElection (LeaderElection.java:askForVotes(206)) - c3bc2ae2-91d1-488e-9e90-a9189158d07d@group-24250CBC26B3-LeaderElection6: begin an election at term 1 for -1: [c3bc2ae2-91d1-488e-9e90-a9189158d07d:172.17.0.2:38589], old=null
2020-04-27 22:06:07,160 [c3bc2ae2-91d1-488e-9e90-a9189158d07d@group-24250CBC26B3-LeaderElection6] INFO  impl.RoleInfo (RoleInfo.java:shutdownLeaderElection(134)) - c3bc2ae2-91d1-488e-9e90-a9189158d07d: shutdown LeaderElection
2020-04-27 22:06:07,160 [c3bc2ae2-91d1-488e-9e90-a9189158d07d@group-24250CBC26B3-LeaderElection6] INFO  impl.RaftServerImpl (RaftServerImpl.java:setRole(172)) - c3bc2ae2-91d1-488e-9e90-a9189158d07d@group-24250CBC26B3: changes role from CANDIDATE to LEADER at term 1 for changeToLeader
2020-04-27 22:06:07,160 [c3bc2ae2-91d1-488e-9e90-a9189158d07d@group-24250CBC26B3-LeaderElection6] INFO  ratis.XceiverServerRatis (XceiverServerRatis.java:handleLeaderChangedNotification(761)) - Leader change notification received for group: group-24250CBC26B3 with new leaderId: c3bc2ae2-91d1-488e-9e90-a9189158d07d
2020-04-27 22:06:07,161 [c3bc2ae2-91d1-488e-9e90-a9189158d07d@group-24250CBC26B3-LeaderElection6] INFO  impl.RaftServerImpl (ServerState.java:setLeader(255)) - c3bc2ae2-91d1-488e-9e90-a9189158d07d@group-24250CBC26B3: change Leader from null to c3bc2ae2-91d1-488e-9e90-a9189158d07d at term 1 for becomeLeader, leader elected after 5086ms
2020-04-27 22:06:07,162 [c3bc2ae2-91d1-488e-9e90-a9189158d07d@group-24250CBC26B3-LeaderElection6] INFO  server.RaftServerConfigKeys (ConfUtils.java:logGet(44)) - raft.server.staging.catchup.gap = 1000 (default)
2020-04-27 22:06:07,163 [c3bc2ae2-91d1-488e-9e90-a9189158d07d@group-24250CBC26B3-LeaderElection6] INFO  server.RaftServerConfigKeys (ConfUtils.java:logGet(44)) - raft.server.rpc.sleep.time = 25ms (default)
2020-04-27 22:06:07,163 [c3bc2ae2-91d1-488e-9e90-a9189158d07d@group-24250CBC26B3-LeaderElection6] INFO  metrics.RatisMetrics (RatisMetrics.java:lambda$create$0(39)) - Creating Metrics Registry : ratis.log_appender.c3bc2ae2-91d1-488e-9e90-a9189158d07d@group-24250CBC26B3
2020-04-27 22:06:07,163 [c3bc2ae2-91d1-488e-9e90-a9189158d07d@group-24250CBC26B3-LeaderElection6] INFO  server.RaftServerConfigKeys (ConfUtils.java:logGet(44)) - raft.server.write.element-limit = 1024 (custom)
2020-04-27 22:06:07,164 [c3bc2ae2-91d1-488e-9e90-a9189158d07d@group-24250CBC26B3-LeaderElection6] INFO  server.RaftServerConfigKeys (ConfUtils.java:logGet(44)) - raft.server.write.byte-limit = 1073741824 (custom)
2020-04-27 22:06:07,164 [c3bc2ae2-91d1-488e-9e90-a9189158d07d@group-24250CBC26B3-LeaderElection6] INFO  server.RaftServerConfigKeys (ConfUtils.java:logGet(44)) - raft.server.watch.timeout = 180s (custom)
2020-04-27 22:06:07,165 [c3bc2ae2-91d1-488e-9e90-a9189158d07d@group-24250CBC26B3-LeaderElection6] INFO  server.RaftServerConfigKeys (ConfUtils.java:logGet(44)) - raft.server.watch.timeout.denomination = 1s (default)
2020-04-27 22:06:07,165 [c3bc2ae2-91d1-488e-9e90-a9189158d07d@group-24250CBC26B3-LeaderElection6] INFO  server.RaftServerConfigKeys (ConfUtils.java:logGet(44)) - raft.server.watch.element-limit = 65536 (default)
2020-04-27 22:06:07,165 [c3bc2ae2-91d1-488e-9e90-a9189158d07d@group-24250CBC26B3-LeaderElection6] INFO  impl.RoleInfo (RoleInfo.java:updateAndGet(143)) - c3bc2ae2-91d1-488e-9e90-a9189158d07d: start LeaderState
2020-04-27 22:06:07,166 [c3bc2ae2-91d1-488e-9e90-a9189158d07d@group-24250CBC26B3-LeaderElection6] INFO  segmented.SegmentedRaftLogWorker (SegmentedRaftLogWorker.java:startLogSegment(391)) - c3bc2ae2-91d1-488e-9e90-a9189158d07d@group-24250CBC26B3-SegmentedRaftLogWorker: Starting segment from index:0
2020-04-27 22:06:07,167 [c3bc2ae2-91d1-488e-9e90-a9189158d07d@group-24250CBC26B3-LeaderElection6] INFO  impl.RaftServerImpl (ServerState.java:setRaftConf(356)) - c3bc2ae2-91d1-488e-9e90-a9189158d07d@group-24250CBC26B3: set configuration 0: [c3bc2ae2-91d1-488e-9e90-a9189158d07d:172.17.0.2:38589], old=null at 0
2020-04-27 22:06:07,168 [c3bc2ae2-91d1-488e-9e90-a9189158d07d@group-24250CBC26B3-SegmentedRaftLogWorker] INFO  segmented.SegmentedRaftLogWorker (SegmentedRaftLogWorker.java:execute(583)) - c3bc2ae2-91d1-488e-9e90-a9189158d07d@group-24250CBC26B3-SegmentedRaftLogWorker: created new log segment /github/workspace/mnt/ozone/hadoop-ozone/integration-test/target/test-dir/MiniOzoneClusterImpl-87458686-d964-4780-b149-8f8debb88dcf/datanode-0/data/ratis/2c9a9ec1-1d3c-4b40-80ff-24250cbc26b3/current/log_inprogress_0
2020-04-27 22:06:07,206 [main] INFO  ozone.MiniOzoneClusterImpl (MiniOzoneClusterImpl.java:lambda$waitForClusterToBeReady$0(177)) - Nodes are ready. Got 3 of 3 DN Heartbeats.
2020-04-27 22:06:07,206 [main] INFO  ozone.MiniOzoneClusterImpl (MiniOzoneClusterImpl.java:lambda$waitForClusterToBeReady$0(180)) - Waiting for cluster to exit safe mode
2020-04-27 22:06:07,230 [Thread-420] INFO  impl.FollowerState (FollowerState.java:run(108)) - c0969769-aa36-4254-80bf-14e01cf29afd@group-2DBBDB4BF8BC-FollowerState: change to CANDIDATE, lastRpcTime:5066ms, electionTimeout:5063ms
2020-04-27 22:06:07,230 [Thread-420] INFO  impl.RoleInfo (RoleInfo.java:shutdownFollowerState(121)) - c0969769-aa36-4254-80bf-14e01cf29afd: shutdown FollowerState
2020-04-27 22:06:07,231 [Thread-420] INFO  impl.RaftServerImpl (RaftServerImpl.java:setRole(172)) - c0969769-aa36-4254-80bf-14e01cf29afd@group-2DBBDB4BF8BC: changes role from  FOLLOWER to CANDIDATE at term 0 for changeToCandidate
2020-04-27 22:06:07,231 [Thread-420] INFO  impl.RoleInfo (RoleInfo.java:updateAndGet(143)) - c0969769-aa36-4254-80bf-14e01cf29afd: start LeaderElection
2020-04-27 22:06:07,239 [c0969769-aa36-4254-80bf-14e01cf29afd@group-2DBBDB4BF8BC-LeaderElection7] INFO  impl.LeaderElection (LeaderElection.java:askForVotes(206)) - c0969769-aa36-4254-80bf-14e01cf29afd@group-2DBBDB4BF8BC-LeaderElection7: begin an election at term 1 for -1: [c0969769-aa36-4254-80bf-14e01cf29afd:172.17.0.2:41769], old=null
2020-04-27 22:06:07,239 [c0969769-aa36-4254-80bf-14e01cf29afd@group-2DBBDB4BF8BC-LeaderElection7] INFO  impl.RoleInfo (RoleInfo.java:shutdownLeaderElection(134)) - c0969769-aa36-4254-80bf-14e01cf29afd: shutdown LeaderElection
2020-04-27 22:06:07,239 [c0969769-aa36-4254-80bf-14e01cf29afd@group-2DBBDB4BF8BC-LeaderElection7] INFO  impl.RaftServerImpl (RaftServerImpl.java:setRole(172)) - c0969769-aa36-4254-80bf-14e01cf29afd@group-2DBBDB4BF8BC: changes role from CANDIDATE to LEADER at term 1 for changeToLeader
2020-04-27 22:06:07,239 [c0969769-aa36-4254-80bf-14e01cf29afd@group-2DBBDB4BF8BC-LeaderElection7] INFO  ratis.XceiverServerRatis (XceiverServerRatis.java:handleLeaderChangedNotification(761)) - Leader change notification received for group: group-2DBBDB4BF8BC with new leaderId: c0969769-aa36-4254-80bf-14e01cf29afd
2020-04-27 22:06:07,240 [c0969769-aa36-4254-80bf-14e01cf29afd@group-2DBBDB4BF8BC-LeaderElection7] INFO  impl.RaftServerImpl (ServerState.java:setLeader(255)) - c0969769-aa36-4254-80bf-14e01cf29afd@group-2DBBDB4BF8BC: change Leader from null to c0969769-aa36-4254-80bf-14e01cf29afd at term 1 for becomeLeader, leader elected after 5084ms
2020-04-27 22:06:07,241 [c0969769-aa36-4254-80bf-14e01cf29afd@group-2DBBDB4BF8BC-LeaderElection7] INFO  server.RaftServerConfigKeys (ConfUtils.java:logGet(44)) - raft.server.staging.catchup.gap = 1000 (default)
2020-04-27 22:06:07,241 [c0969769-aa36-4254-80bf-14e01cf29afd@group-2DBBDB4BF8BC-LeaderElection7] INFO  server.RaftServerConfigKeys (ConfUtils.java:logGet(44)) - raft.server.rpc.sleep.time = 25ms (default)
2020-04-27 22:06:07,241 [c0969769-aa36-4254-80bf-14e01cf29afd@group-2DBBDB4BF8BC-LeaderElection7] INFO  metrics.RatisMetrics (RatisMetrics.java:lambda$create$0(39)) - Creating Metrics Registry : ratis.log_appender.c0969769-aa36-4254-80bf-14e01cf29afd@group-2DBBDB4BF8BC
2020-04-27 22:06:07,242 [c0969769-aa36-4254-80bf-14e01cf29afd@group-2DBBDB4BF8BC-LeaderElection7] INFO  server.RaftServerConfigKeys (ConfUtils.java:logGet(44)) - raft.server.write.element-limit = 1024 (custom)
2020-04-27 22:06:07,242 [c0969769-aa36-4254-80bf-14e01cf29afd@group-2DBBDB4BF8BC-LeaderElection7] INFO  server.RaftServerConfigKeys (ConfUtils.java:logGet(44)) - raft.server.write.byte-limit = 1073741824 (custom)
2020-04-27 22:06:07,243 [c0969769-aa36-4254-80bf-14e01cf29afd@group-2DBBDB4BF8BC-LeaderElection7] INFO  server.RaftServerConfigKeys (ConfUtils.java:logGet(44)) - raft.server.watch.timeout = 180s (custom)
2020-04-27 22:06:07,243 [c0969769-aa36-4254-80bf-14e01cf29afd@group-2DBBDB4BF8BC-LeaderElection7] INFO  server.RaftServerConfigKeys (ConfUtils.java:logGet(44)) - raft.server.watch.timeout.denomination = 1s (default)
2020-04-27 22:06:07,243 [c0969769-aa36-4254-80bf-14e01cf29afd@group-2DBBDB4BF8BC-LeaderElection7] INFO  server.RaftServerConfigKeys (ConfUtils.java:logGet(44)) - raft.server.watch.element-limit = 65536 (default)
2020-04-27 22:06:07,244 [c0969769-aa36-4254-80bf-14e01cf29afd@group-2DBBDB4BF8BC-LeaderElection7] INFO  impl.RoleInfo (RoleInfo.java:updateAndGet(143)) - c0969769-aa36-4254-80bf-14e01cf29afd: start LeaderState
2020-04-27 22:06:07,244 [c0969769-aa36-4254-80bf-14e01cf29afd@group-2DBBDB4BF8BC-LeaderElection7] INFO  segmented.SegmentedRaftLogWorker (SegmentedRaftLogWorker.java:startLogSegment(391)) - c0969769-aa36-4254-80bf-14e01cf29afd@group-2DBBDB4BF8BC-SegmentedRaftLogWorker: Starting segment from index:0
2020-04-27 22:06:07,246 [c0969769-aa36-4254-80bf-14e01cf29afd@group-2DBBDB4BF8BC-LeaderElection7] INFO  impl.RaftServerImpl (ServerState.java:setRaftConf(356)) - c0969769-aa36-4254-80bf-14e01cf29afd@group-2DBBDB4BF8BC: set configuration 0: [c0969769-aa36-4254-80bf-14e01cf29afd:172.17.0.2:41769], old=null at 0
2020-04-27 22:06:07,248 [c0969769-aa36-4254-80bf-14e01cf29afd@group-2DBBDB4BF8BC-SegmentedRaftLogWorker] INFO  segmented.SegmentedRaftLogWorker (SegmentedRaftLogWorker.java:execute(583)) - c0969769-aa36-4254-80bf-14e01cf29afd@group-2DBBDB4BF8BC-SegmentedRaftLogWorker: created new log segment /github/workspace/mnt/ozone/hadoop-ozone/integration-test/target/test-dir/MiniOzoneClusterImpl-87458686-d964-4780-b149-8f8debb88dcf/datanode-1/data/ratis/4097de1c-19b4-4d37-859c-2dbbdb4bf8bc/current/log_inprogress_0
2020-04-27 22:06:07,253 [Thread-418] INFO  impl.FollowerState (FollowerState.java:run(108)) - c3bc2ae2-91d1-488e-9e90-a9189158d07d@group-976282C6C226-FollowerState: change to CANDIDATE, lastRpcTime:5133ms, electionTimeout:5132ms
2020-04-27 22:06:07,254 [Thread-418] INFO  impl.RoleInfo (RoleInfo.java:shutdownFollowerState(121)) - c3bc2ae2-91d1-488e-9e90-a9189158d07d: shutdown FollowerState
2020-04-27 22:06:07,254 [Thread-418] INFO  impl.RaftServerImpl (RaftServerImpl.java:setRole(172)) - c3bc2ae2-91d1-488e-9e90-a9189158d07d@group-976282C6C226: changes role from  FOLLOWER to CANDIDATE at term 0 for changeToCandidate
2020-04-27 22:06:07,254 [Thread-418] INFO  impl.RoleInfo (RoleInfo.java:updateAndGet(143)) - c3bc2ae2-91d1-488e-9e90-a9189158d07d: start LeaderElection
2020-04-27 22:06:07,258 [c3bc2ae2-91d1-488e-9e90-a9189158d07d@group-976282C6C226-LeaderElection8] INFO  impl.LeaderElection (LeaderElection.java:askForVotes(206)) - c3bc2ae2-91d1-488e-9e90-a9189158d07d@group-976282C6C226-LeaderElection8: begin an election at term 1 for -1: [583c6497-c40e-42b3-9211-ce20d6e17cc4:172.17.0.2:40725, c0969769-aa36-4254-80bf-14e01cf29afd:172.17.0.2:41769, c3bc2ae2-91d1-488e-9e90-a9189158d07d:172.17.0.2:38589], old=null
2020-04-27 22:06:07,278 [grpc-default-executor-2] INFO  impl.RaftServerImpl (RaftServerImpl.java:setRole(172)) - 583c6497-c40e-42b3-9211-ce20d6e17cc4@group-976282C6C226: changes role from  FOLLOWER to FOLLOWER at term 1 for recognizeCandidate:c3bc2ae2-91d1-488e-9e90-a9189158d07d
2020-04-27 22:06:07,279 [grpc-default-executor-2] INFO  impl.RoleInfo (RoleInfo.java:shutdownFollowerState(121)) - 583c6497-c40e-42b3-9211-ce20d6e17cc4: shutdown FollowerState
2020-04-27 22:06:07,279 [grpc-default-executor-2] INFO  impl.RoleInfo (RoleInfo.java:updateAndGet(143)) - 583c6497-c40e-42b3-9211-ce20d6e17cc4: start FollowerState
2020-04-27 22:06:07,279 [Thread-422] INFO  impl.FollowerState (FollowerState.java:run(117)) - 583c6497-c40e-42b3-9211-ce20d6e17cc4@group-976282C6C226-FollowerState was interrupted: java.lang.InterruptedException: sleep interrupted
2020-04-27 22:06:07,284 [Thread-425] INFO  impl.FollowerState (FollowerState.java:run(108)) - c0969769-aa36-4254-80bf-14e01cf29afd@group-976282C6C226-FollowerState: change to CANDIDATE, lastRpcTime:5082ms, electionTimeout:5081ms
2020-04-27 22:06:07,284 [Thread-425] INFO  impl.RoleInfo (RoleInfo.java:shutdownFollowerState(121)) - c0969769-aa36-4254-80bf-14e01cf29afd: shutdown FollowerState
2020-04-27 22:06:07,284 [Thread-425] INFO  impl.RaftServerImpl (RaftServerImpl.java:setRole(172)) - c0969769-aa36-4254-80bf-14e01cf29afd@group-976282C6C226: changes role from  FOLLOWER to CANDIDATE at term 0 for changeToCandidate
2020-04-27 22:06:07,284 [Thread-425] INFO  impl.RoleInfo (RoleInfo.java:updateAndGet(143)) - c0969769-aa36-4254-80bf-14e01cf29afd: start LeaderElection
2020-04-27 22:06:07,295 [c3bc2ae2-91d1-488e-9e90-a9189158d07d@group-976282C6C226-LeaderElection8] INFO  impl.LeaderElection (LeaderElection.java:logAndReturn(61)) - c3bc2ae2-91d1-488e-9e90-a9189158d07d@group-976282C6C226-LeaderElection8: Election PASSED; received 1 response(s) [c3bc2ae2-91d1-488e-9e90-a9189158d07d<-583c6497-c40e-42b3-9211-ce20d6e17cc4#0:OK-t1] and 0 exception(s); c3bc2ae2-91d1-488e-9e90-a9189158d07d@group-976282C6C226:t1, leader=null, voted=c3bc2ae2-91d1-488e-9e90-a9189158d07d, raftlog=c3bc2ae2-91d1-488e-9e90-a9189158d07d@group-976282C6C226-SegmentedRaftLog:OPENED:c-1,f-1,i0, conf=-1: [583c6497-c40e-42b3-9211-ce20d6e17cc4:172.17.0.2:40725, c0969769-aa36-4254-80bf-14e01cf29afd:172.17.0.2:41769, c3bc2ae2-91d1-488e-9e90-a9189158d07d:172.17.0.2:38589], old=null
2020-04-27 22:06:07,295 [c3bc2ae2-91d1-488e-9e90-a9189158d07d@group-976282C6C226-LeaderElection8] INFO  impl.RoleInfo (RoleInfo.java:shutdownLeaderElection(134)) - c3bc2ae2-91d1-488e-9e90-a9189158d07d: shutdown LeaderElection
2020-04-27 22:06:07,295 [c3bc2ae2-91d1-488e-9e90-a9189158d07d@group-976282C6C226-LeaderElection8] INFO  impl.RaftServerImpl (RaftServerImpl.java:setRole(172)) - c3bc2ae2-91d1-488e-9e90-a9189158d07d@group-976282C6C226: changes role from CANDIDATE to LEADER at term 1 for changeToLeader
2020-04-27 22:06:07,295 [c3bc2ae2-91d1-488e-9e90-a9189158d07d@group-976282C6C226-LeaderElection8] INFO  ratis.XceiverServerRatis (XceiverServerRatis.java:handleLeaderChangedNotification(761)) - Leader change notification received for group: group-976282C6C226 with new leaderId: c3bc2ae2-91d1-488e-9e90-a9189158d07d
2020-04-27 22:06:07,296 [c3bc2ae2-91d1-488e-9e90-a9189158d07d@group-976282C6C226-LeaderElection8] INFO  impl.RaftServerImpl (ServerState.java:setLeader(255)) - c3bc2ae2-91d1-488e-9e90-a9189158d07d@group-976282C6C226: change Leader from null to c3bc2ae2-91d1-488e-9e90-a9189158d07d at term 1 for becomeLeader, leader elected after 5186ms
2020-04-27 22:06:07,296 [c3bc2ae2-91d1-488e-9e90-a9189158d07d@group-976282C6C226-LeaderElection8] INFO  server.RaftServerConfigKeys (ConfUtils.java:logGet(44)) - raft.server.staging.catchup.gap = 1000 (default)
2020-04-27 22:06:07,296 [c3bc2ae2-91d1-488e-9e90-a9189158d07d@group-976282C6C226-LeaderElection8] INFO  server.RaftServerConfigKeys (ConfUtils.java:logGet(44)) - raft.server.rpc.sleep.time = 25ms (default)
2020-04-27 22:06:07,299 [grpc-default-executor-2] INFO  impl.RaftServerImpl (RaftServerImpl.java:setRole(172)) - c0969769-aa36-4254-80bf-14e01cf29afd@group-976282C6C226: changes role from CANDIDATE to FOLLOWER at term 1 for recognizeCandidate:c3bc2ae2-91d1-488e-9e90-a9189158d07d
2020-04-27 22:06:07,304 [grpc-default-executor-2] INFO  impl.RoleInfo (RoleInfo.java:shutdownLeaderElection(134)) - c0969769-aa36-4254-80bf-14e01cf29afd: shutdown LeaderElection
2020-04-27 22:06:07,304 [Thread-428] INFO  impl.FollowerState (FollowerState.java:run(108)) - 583c6497-c40e-42b3-9211-ce20d6e17cc4@group-95F673C2B998-FollowerState: change to CANDIDATE, lastRpcTime:5059ms, electionTimeout:5049ms
2020-04-27 22:06:07,304 [Thread-428] INFO  impl.RoleInfo (RoleInfo.java:shutdownFollowerState(121)) - 583c6497-c40e-42b3-9211-ce20d6e17cc4: shutdown FollowerState
2020-04-27 22:06:07,304 [Thread-428] INFO  impl.RaftServerImpl (RaftServerImpl.java:setRole(172)) - 583c6497-c40e-42b3-9211-ce20d6e17cc4@group-95F673C2B998: changes role from  FOLLOWER to CANDIDATE at term 0 for changeToCandidate
2020-04-27 22:06:07,305 [Thread-428] INFO  impl.RoleInfo (RoleInfo.java:updateAndGet(143)) - 583c6497-c40e-42b3-9211-ce20d6e17cc4: start LeaderElection
2020-04-27 22:06:07,300 [EventQueue-PipelineReportForPipelineReportHandler] INFO  pipeline.PipelineStateManager (PipelineStateManager.java:openPipeline(131)) - Pipeline Pipeline[ Id: 8ad318fe-8f4d-45b2-8a67-976282c6c226, Nodes: 583c6497-c40e-42b3-9211-ce20d6e17cc4{ip: 172.17.0.2, host: ee1a19d1c070, networkLocation: /default-rack, certSerialId: null}c3bc2ae2-91d1-488e-9e90-a9189158d07d{ip: 172.17.0.2, host: ee1a19d1c070, networkLocation: /default-rack, certSerialId: null}c0969769-aa36-4254-80bf-14e01cf29afd{ip: 172.17.0.2, host: ee1a19d1c070, networkLocation: /default-rack, certSerialId: null}, Type:RATIS, Factor:THREE, State:ALLOCATED, leaderId:c3bc2ae2-91d1-488e-9e90-a9189158d07d, CreationTimestamp2020-04-27T22:05:59.214Z] moved to OPEN state
2020-04-27 22:06:07,299 [c3bc2ae2-91d1-488e-9e90-a9189158d07d@group-976282C6C226-LeaderElection8] INFO  metrics.RatisMetrics (RatisMetrics.java:lambda$create$0(39)) - Creating Metrics Registry : ratis.log_appender.c3bc2ae2-91d1-488e-9e90-a9189158d07d@group-976282C6C226
2020-04-27 22:06:07,305 [c3bc2ae2-91d1-488e-9e90-a9189158d07d@group-976282C6C226-LeaderElection8] INFO  server.RaftServerConfigKeys (ConfUtils.java:logGet(44)) - raft.server.write.element-limit = 1024 (custom)
2020-04-27 22:06:07,305 [EventQueue-OpenPipelineForHealthyPipelineSafeModeRule] INFO  safemode.SCMSafeModeManager (HealthyPipelineSafeModeRule.java:process(132)) - SCM in safe mode. Healthy pipelines reported count is 1, required healthy pipeline reported count is 1
2020-04-27 22:06:07,305 [EventQueue-OpenPipelineForOneReplicaPipelineSafeModeRule] INFO  safemode.SCMSafeModeManager (SCMSafeModeManager.java:validateSafeModeExitRules(183)) - AtleastOneDatanodeReportedRule rule is successfully validated
2020-04-27 22:06:07,305 [grpc-default-executor-2] INFO  impl.RoleInfo (RoleInfo.java:updateAndGet(143)) - c0969769-aa36-4254-80bf-14e01cf29afd: start FollowerState
2020-04-27 22:06:07,307 [EventQueue-OpenPipelineForHealthyPipelineSafeModeRule] INFO  safemode.SCMSafeModeManager (SCMSafeModeManager.java:validateSafeModeExitRules(183)) - HealthyPipelineSafeModeRule rule is successfully validated
2020-04-27 22:06:07,308 [EventQueue-OpenPipelineForHealthyPipelineSafeModeRule] INFO  safemode.SCMSafeModeManager (SCMSafeModeManager.java:validateSafeModeExitRules(197)) - ScmSafeModeManager, all rules are successfully validated
2020-04-27 22:06:07,308 [EventQueue-OpenPipelineForHealthyPipelineSafeModeRule] INFO  safemode.SCMSafeModeManager (SCMSafeModeManager.java:exitSafeMode(226)) - SCM exiting safe mode.
2020-04-27 22:06:07,306 [c3bc2ae2-91d1-488e-9e90-a9189158d07d@group-976282C6C226-LeaderElection8] INFO  server.RaftServerConfigKeys (ConfUtils.java:logGet(44)) - raft.server.write.byte-limit = 1073741824 (custom)
2020-04-27 22:06:07,309 [c3bc2ae2-91d1-488e-9e90-a9189158d07d@group-976282C6C226-LeaderElection8] INFO  server.RaftServerConfigKeys (ConfUtils.java:logGet(44)) - raft.server.watch.timeout = 180s (custom)
2020-04-27 22:06:07,309 [c3bc2ae2-91d1-488e-9e90-a9189158d07d@group-976282C6C226-LeaderElection8] INFO  server.RaftServerConfigKeys (ConfUtils.java:logGet(44)) - raft.server.watch.timeout.denomination = 1s (default)
2020-04-27 22:06:07,309 [c3bc2ae2-91d1-488e-9e90-a9189158d07d@group-976282C6C226-LeaderElection8] INFO  server.RaftServerConfigKeys (ConfUtils.java:logGet(44)) - raft.server.watch.element-limit = 65536 (default)
2020-04-27 22:06:07,309 [c3bc2ae2-91d1-488e-9e90-a9189158d07d@group-976282C6C226-LeaderElection8] INFO  server.RaftServerConfigKeys (ConfUtils.java:logGet(44)) - raft.server.log.appender.snapshot.chunk.size.max = 16MB (=16777216) (default)
2020-04-27 22:06:07,309 [c3bc2ae2-91d1-488e-9e90-a9189158d07d@group-976282C6C226-LeaderElection8] INFO  server.RaftServerConfigKeys (ConfUtils.java:logGet(44)) - raft.server.log.appender.buffer.byte-limit = 33554432 (custom)
2020-04-27 22:06:07,309 [c3bc2ae2-91d1-488e-9e90-a9189158d07d@group-976282C6C226-LeaderElection8] INFO  server.RaftServerConfigKeys (ConfUtils.java:logGet(44)) - raft.server.log.appender.buffer.element-limit = 1 (custom)
2020-04-27 22:06:07,309 [c3bc2ae2-91d1-488e-9e90-a9189158d07d@group-976282C6C226-LeaderElection8] INFO  grpc.GrpcConfigKeys (ConfUtils.java:logGet(44)) - raft.grpc.server.leader.outstanding.appends.max = 128 (default)
2020-04-27 22:06:07,310 [c3bc2ae2-91d1-488e-9e90-a9189158d07d@group-976282C6C226-LeaderElection8] INFO  server.RaftServerConfigKeys (ConfUtils.java:logGet(44)) - raft.server.rpc.request.timeout = 60s (custom)
2020-04-27 22:06:07,310 [c3bc2ae2-91d1-488e-9e90-a9189158d07d@group-976282C6C226-LeaderElection8] INFO  server.RaftServerConfigKeys (ConfUtils.java:logGet(44)) - raft.server.log.appender.install.snapshot.enabled = false (custom)
2020-04-27 22:06:07,311 [c0969769-aa36-4254-80bf-14e01cf29afd@group-976282C6C226-LeaderElection9] INFO  impl.LeaderElection (LeaderElection.java:askForVotes(206)) - c0969769-aa36-4254-80bf-14e01cf29afd@group-976282C6C226-LeaderElection9: begin an election at term 2 for -1: [583c6497-c40e-42b3-9211-ce20d6e17cc4:172.17.0.2:40725, c0969769-aa36-4254-80bf-14e01cf29afd:172.17.0.2:41769, c3bc2ae2-91d1-488e-9e90-a9189158d07d:172.17.0.2:38589], old=null
2020-04-27 22:06:07,311 [c3bc2ae2-91d1-488e-9e90-a9189158d07d@group-976282C6C226-LeaderElection8] INFO  server.RaftServerConfigKeys (ConfUtils.java:logGet(44)) - raft.server.log.appender.snapshot.chunk.size.max = 16MB (=16777216) (default)
2020-04-27 22:06:07,313 [c3bc2ae2-91d1-488e-9e90-a9189158d07d@group-976282C6C226-LeaderElection8] INFO  server.RaftServerConfigKeys (ConfUtils.java:logGet(44)) - raft.server.log.appender.buffer.byte-limit = 33554432 (custom)
2020-04-27 22:06:07,313 [c3bc2ae2-91d1-488e-9e90-a9189158d07d@group-976282C6C226-LeaderElection8] INFO  server.RaftServerConfigKeys (ConfUtils.java:logGet(44)) - raft.server.log.appender.buffer.element-limit = 1 (custom)
2020-04-27 22:06:07,316 [583c6497-c40e-42b3-9211-ce20d6e17cc4@group-95F673C2B998-LeaderElection10] INFO  impl.LeaderElection (LeaderElection.java:askForVotes(206)) - 583c6497-c40e-42b3-9211-ce20d6e17cc4@group-95F673C2B998-LeaderElection10: begin an election at term 1 for -1: [583c6497-c40e-42b3-9211-ce20d6e17cc4:172.17.0.2:40725], old=null
2020-04-27 22:06:07,316 [583c6497-c40e-42b3-9211-ce20d6e17cc4@group-95F673C2B998-LeaderElection10] INFO  impl.RoleInfo (RoleInfo.java:shutdownLeaderElection(134)) - 583c6497-c40e-42b3-9211-ce20d6e17cc4: shutdown LeaderElection
2020-04-27 22:06:07,317 [583c6497-c40e-42b3-9211-ce20d6e17cc4@group-95F673C2B998-LeaderElection10] INFO  impl.RaftServerImpl (RaftServerImpl.java:setRole(172)) - 583c6497-c40e-42b3-9211-ce20d6e17cc4@group-95F673C2B998: changes role from CANDIDATE to LEADER at term 1 for changeToLeader
2020-04-27 22:06:07,317 [583c6497-c40e-42b3-9211-ce20d6e17cc4@group-95F673C2B998-LeaderElection10] INFO  ratis.XceiverServerRatis (XceiverServerRatis.java:handleLeaderChangedNotification(761)) - Leader change notification received for group: group-95F673C2B998 with new leaderId: 583c6497-c40e-42b3-9211-ce20d6e17cc4
2020-04-27 22:06:07,320 [583c6497-c40e-42b3-9211-ce20d6e17cc4@group-95F673C2B998-LeaderElection10] INFO  impl.RaftServerImpl (ServerState.java:setLeader(255)) - 583c6497-c40e-42b3-9211-ce20d6e17cc4@group-95F673C2B998: change Leader from null to 583c6497-c40e-42b3-9211-ce20d6e17cc4 at term 1 for becomeLeader, leader elected after 5091ms
2020-04-27 22:06:07,320 [c0969769-aa36-4254-80bf-14e01cf29afd@group-976282C6C226-LeaderElection9] INFO  impl.LeaderElection (LeaderElection.java:logAndReturn(61)) - c0969769-aa36-4254-80bf-14e01cf29afd@group-976282C6C226-LeaderElection9: Election REJECTED; received 0 response(s) [] and 0 exception(s); c0969769-aa36-4254-80bf-14e01cf29afd@group-976282C6C226:t2, leader=null, voted=c0969769-aa36-4254-80bf-14e01cf29afd, raftlog=c0969769-aa36-4254-80bf-14e01cf29afd@group-976282C6C226-SegmentedRaftLog:OPENED:c-1,f-1,i0, conf=-1: [583c6497-c40e-42b3-9211-ce20d6e17cc4:172.17.0.2:40725, c0969769-aa36-4254-80bf-14e01cf29afd:172.17.0.2:41769, c3bc2ae2-91d1-488e-9e90-a9189158d07d:172.17.0.2:38589], old=null
2020-04-27 22:06:07,325 [c3bc2ae2-91d1-488e-9e90-a9189158d07d@group-976282C6C226-LeaderElection8] INFO  grpc.GrpcConfigKeys (ConfUtils.java:logGet(44)) - raft.grpc.server.leader.outstanding.appends.max = 128 (default)
2020-04-27 22:06:07,331 [c3bc2ae2-91d1-488e-9e90-a9189158d07d@group-976282C6C226-LeaderElection8] INFO  server.RaftServerConfigKeys (ConfUtils.java:logGet(44)) - raft.server.rpc.request.timeout = 60s (custom)
2020-04-27 22:06:07,333 [c3bc2ae2-91d1-488e-9e90-a9189158d07d@group-976282C6C226-LeaderElection8] INFO  server.RaftServerConfigKeys (ConfUtils.java:logGet(44)) - raft.server.log.appender.install.snapshot.enabled = false (custom)
2020-04-27 22:06:07,334 [c3bc2ae2-91d1-488e-9e90-a9189158d07d@group-976282C6C226-LeaderElection8] INFO  impl.RoleInfo (RoleInfo.java:updateAndGet(143)) - c3bc2ae2-91d1-488e-9e90-a9189158d07d: start LeaderState
2020-04-27 22:06:07,334 [c3bc2ae2-91d1-488e-9e90-a9189158d07d@group-976282C6C226-LeaderElection8] INFO  segmented.SegmentedRaftLogWorker (SegmentedRaftLogWorker.java:startLogSegment(391)) - c3bc2ae2-91d1-488e-9e90-a9189158d07d@group-976282C6C226-SegmentedRaftLogWorker: Starting segment from index:0
2020-04-27 22:06:07,332 [583c6497-c40e-42b3-9211-ce20d6e17cc4@group-95F673C2B998-LeaderElection10] INFO  server.RaftServerConfigKeys (ConfUtils.java:logGet(44)) - raft.server.staging.catchup.gap = 1000 (default)
2020-04-27 22:06:07,338 [583c6497-c40e-42b3-9211-ce20d6e17cc4@group-95F673C2B998-LeaderElection10] INFO  server.RaftServerConfigKeys (ConfUtils.java:logGet(44)) - raft.server.rpc.sleep.time = 25ms (default)
2020-04-27 22:06:07,338 [583c6497-c40e-42b3-9211-ce20d6e17cc4@group-95F673C2B998-LeaderElection10] INFO  metrics.RatisMetrics (RatisMetrics.java:lambda$create$0(39)) - Creating Metrics Registry : ratis.log_appender.583c6497-c40e-42b3-9211-ce20d6e17cc4@group-95F673C2B998
2020-04-27 22:06:07,339 [583c6497-c40e-42b3-9211-ce20d6e17cc4@group-95F673C2B998-LeaderElection10] INFO  server.RaftServerConfigKeys (ConfUtils.java:logGet(44)) - raft.server.write.element-limit = 1024 (custom)
2020-04-27 22:06:07,339 [583c6497-c40e-42b3-9211-ce20d6e17cc4@group-95F673C2B998-LeaderElection10] INFO  server.RaftServerConfigKeys (ConfUtils.java:logGet(44)) - raft.server.write.byte-limit = 1073741824 (custom)
2020-04-27 22:06:07,339 [583c6497-c40e-42b3-9211-ce20d6e17cc4@group-95F673C2B998-LeaderElection10] INFO  server.RaftServerConfigKeys (ConfUtils.java:logGet(44)) - raft.server.watch.timeout = 180s (custom)
2020-04-27 22:06:07,339 [583c6497-c40e-42b3-9211-ce20d6e17cc4@group-95F673C2B998-LeaderElection10] INFO  server.RaftServerConfigKeys (ConfUtils.java:logGet(44)) - raft.server.watch.timeout.denomination = 1s (default)
2020-04-27 22:06:07,339 [583c6497-c40e-42b3-9211-ce20d6e17cc4@group-95F673C2B998-LeaderElection10] INFO  server.RaftServerConfigKeys (ConfUtils.java:logGet(44)) - raft.server.watch.element-limit = 65536 (default)
2020-04-27 22:06:07,337 [c3bc2ae2-91d1-488e-9e90-a9189158d07d@group-976282C6C226-LeaderElection8] INFO  impl.RaftServerImpl (ServerState.java:setRaftConf(356)) - c3bc2ae2-91d1-488e-9e90-a9189158d07d@group-976282C6C226: set configuration 0: [583c6497-c40e-42b3-9211-ce20d6e17cc4:172.17.0.2:40725, c0969769-aa36-4254-80bf-14e01cf29afd:172.17.0.2:41769, c3bc2ae2-91d1-488e-9e90-a9189158d07d:172.17.0.2:38589], old=null at 0
2020-04-27 22:06:07,340 [583c6497-c40e-42b3-9211-ce20d6e17cc4@group-95F673C2B998-LeaderElection10] INFO  impl.RoleInfo (RoleInfo.java:updateAndGet(143)) - 583c6497-c40e-42b3-9211-ce20d6e17cc4: start LeaderState
2020-04-27 22:06:07,340 [583c6497-c40e-42b3-9211-ce20d6e17cc4@group-95F673C2B998-LeaderElection10] INFO  segmented.SegmentedRaftLogWorker (SegmentedRaftLogWorker.java:startLogSegment(391)) - 583c6497-c40e-42b3-9211-ce20d6e17cc4@group-95F673C2B998-SegmentedRaftLogWorker: Starting segment from index:0
2020-04-27 22:06:07,341 [583c6497-c40e-42b3-9211-ce20d6e17cc4@group-95F673C2B998-LeaderElection10] INFO  impl.RaftServerImpl (ServerState.java:setRaftConf(356)) - 583c6497-c40e-42b3-9211-ce20d6e17cc4@group-95F673C2B998: set configuration 0: [583c6497-c40e-42b3-9211-ce20d6e17cc4:172.17.0.2:40725], old=null at 0
2020-04-27 22:06:07,341 [c3bc2ae2-91d1-488e-9e90-a9189158d07d@group-976282C6C226-SegmentedRaftLogWorker] INFO  segmented.SegmentedRaftLogWorker (SegmentedRaftLogWorker.java:execute(583)) - c3bc2ae2-91d1-488e-9e90-a9189158d07d@group-976282C6C226-SegmentedRaftLogWorker: created new log segment /github/workspace/mnt/ozone/hadoop-ozone/integration-test/target/test-dir/MiniOzoneClusterImpl-87458686-d964-4780-b149-8f8debb88dcf/datanode-0/data/ratis/8ad318fe-8f4d-45b2-8a67-976282c6c226/current/log_inprogress_0
2020-04-27 22:06:07,346 [grpc-default-executor-2] INFO  ratis.XceiverServerRatis (XceiverServerRatis.java:handleLeaderChangedNotification(761)) - Leader change notification received for group: group-976282C6C226 with new leaderId: c3bc2ae2-91d1-488e-9e90-a9189158d07d
2020-04-27 22:06:07,346 [583c6497-c40e-42b3-9211-ce20d6e17cc4@group-95F673C2B998-SegmentedRaftLogWorker] INFO  segmented.SegmentedRaftLogWorker (SegmentedRaftLogWorker.java:execute(583)) - 583c6497-c40e-42b3-9211-ce20d6e17cc4@group-95F673C2B998-SegmentedRaftLogWorker: created new log segment /github/workspace/mnt/ozone/hadoop-ozone/integration-test/target/test-dir/MiniOzoneClusterImpl-87458686-d964-4780-b149-8f8debb88dcf/datanode-2/data/ratis/d5dc71da-a718-43e3-a9bb-95f673c2b998/current/log_inprogress_0
2020-04-27 22:06:07,346 [grpc-default-executor-2] INFO  impl.RaftServerImpl (ServerState.java:setLeader(255)) - 583c6497-c40e-42b3-9211-ce20d6e17cc4@group-976282C6C226: change Leader from null to c3bc2ae2-91d1-488e-9e90-a9189158d07d at term 1 for appendEntries, leader elected after 5177ms
2020-04-27 22:06:07,355 [grpc-default-executor-2] INFO  impl.RaftServerImpl (ServerState.java:setLeader(255)) - c3bc2ae2-91d1-488e-9e90-a9189158d07d@group-976282C6C226: change Leader from c3bc2ae2-91d1-488e-9e90-a9189158d07d to null at term 2 for updateCurrentTerm
2020-04-27 22:06:07,355 [grpc-default-executor-2] INFO  impl.RaftServerImpl (RaftServerImpl.java:setRole(172)) - c3bc2ae2-91d1-488e-9e90-a9189158d07d@group-976282C6C226: changes role from    LEADER to FOLLOWER at term 2 for recognizeCandidate:c0969769-aa36-4254-80bf-14e01cf29afd
2020-04-27 22:06:07,355 [grpc-default-executor-2] INFO  impl.RoleInfo (RoleInfo.java:shutdownLeaderState(104)) - c3bc2ae2-91d1-488e-9e90-a9189158d07d: shutdown LeaderState
2020-04-27 22:06:07,356 [org.apache.ratis.server.impl.LogAppender$AppenderDaemon$$Lambda$442/1749133073@1b9de45e] WARN  server.GrpcLogAppender (GrpcLogAppender.java:mayWait(153)) - c3bc2ae2-91d1-488e-9e90-a9189158d07d@group-976282C6C226->583c6497-c40e-42b3-9211-ce20d6e17cc4-GrpcLogAppender: Wait interrupted by java.lang.InterruptedException
2020-04-27 22:06:07,357 [org.apache.ratis.server.impl.LogAppender$AppenderDaemon$$Lambda$442/1749133073@3b24dcfd] WARN  server.GrpcLogAppender (GrpcLogAppender.java:mayWait(153)) - c3bc2ae2-91d1-488e-9e90-a9189158d07d@group-976282C6C226->c0969769-aa36-4254-80bf-14e01cf29afd-GrpcLogAppender: Wait interrupted by java.lang.InterruptedException
2020-04-27 22:06:07,358 [grpc-default-executor-2] INFO  impl.PendingRequests (PendingRequests.java:sendNotLeaderResponses(240)) - c3bc2ae2-91d1-488e-9e90-a9189158d07d@group-976282C6C226-PendingRequests: sendNotLeaderResponses
2020-04-27 22:06:07,358 [grpc-default-executor-2] INFO  metrics.RatisMetrics (RatisMetrics.java:unregister(46)) - Unregistering Metrics Registry : ratis.log_appender.c3bc2ae2-91d1-488e-9e90-a9189158d07d@group-976282C6C226
2020-04-27 22:06:07,358 [grpc-default-executor-2] INFO  impl.RoleInfo (RoleInfo.java:updateAndGet(143)) - c3bc2ae2-91d1-488e-9e90-a9189158d07d: start FollowerState
2020-04-27 22:06:07,372 [grpc-default-executor-1] INFO  impl.RaftServerImpl (ServerState.java:setRaftConf(356)) - 583c6497-c40e-42b3-9211-ce20d6e17cc4@group-976282C6C226: set configuration 0: [583c6497-c40e-42b3-9211-ce20d6e17cc4:172.17.0.2:40725, c0969769-aa36-4254-80bf-14e01cf29afd:172.17.0.2:41769, c3bc2ae2-91d1-488e-9e90-a9189158d07d:172.17.0.2:38589], old=null at 0
2020-04-27 22:06:07,372 [grpc-default-executor-1] INFO  segmented.SegmentedRaftLogWorker (SegmentedRaftLogWorker.java:startLogSegment(391)) - 583c6497-c40e-42b3-9211-ce20d6e17cc4@group-976282C6C226-SegmentedRaftLogWorker: Starting segment from index:0
2020-04-27 22:06:07,373 [grpc-default-executor-1] INFO  server.GrpcServerProtocolService (GrpcServerProtocolService.java:onCompleted(137)) - 583c6497-c40e-42b3-9211-ce20d6e17cc4: Completed APPEND_ENTRIES, lastRequest: c3bc2ae2-91d1-488e-9e90-a9189158d07d->583c6497-c40e-42b3-9211-ce20d6e17cc4#1-t1, previous=(t:0, i:0), leaderCommit=-1, initializing? false, entries: size=1, first=(t:1, i:0), CONFIGURATIONENTRY
2020-04-27 22:06:07,375 [583c6497-c40e-42b3-9211-ce20d6e17cc4@group-976282C6C226-SegmentedRaftLogWorker] INFO  segmented.SegmentedRaftLogWorker (SegmentedRaftLogWorker.java:execute(583)) - 583c6497-c40e-42b3-9211-ce20d6e17cc4@group-976282C6C226-SegmentedRaftLogWorker: created new log segment /github/workspace/mnt/ozone/hadoop-ozone/integration-test/target/test-dir/MiniOzoneClusterImpl-87458686-d964-4780-b149-8f8debb88dcf/datanode-2/data/ratis/8ad318fe-8f4d-45b2-8a67-976282c6c226/current/log_inprogress_0
2020-04-27 22:06:07,377 [grpc-default-executor-2] INFO  server.GrpcLogAppender (GrpcLogAppender.java:onCompleted(309)) - c3bc2ae2-91d1-488e-9e90-a9189158d07d@group-976282C6C226->583c6497-c40e-42b3-9211-ce20d6e17cc4-AppendLogResponseHandler: follower responses appendEntries COMPLETED
2020-04-27 22:06:07,384 [grpc-default-executor-1] INFO  server.GrpcServerProtocolService (GrpcServerProtocolService.java:onCompleted(137)) - c0969769-aa36-4254-80bf-14e01cf29afd: Completed APPEND_ENTRIES, lastRequest: c3bc2ae2-91d1-488e-9e90-a9189158d07d->c0969769-aa36-4254-80bf-14e01cf29afd#1-t1, previous=(t:0, i:0), leaderCommit=0, initializing? false, entries: size=1, first=(t:1, i:0), CONFIGURATIONENTRY
2020-04-27 22:06:07,387 [grpc-default-executor-1] INFO  impl.RaftServerImpl (ServerState.java:setLeader(255)) - 583c6497-c40e-42b3-9211-ce20d6e17cc4@group-976282C6C226: change Leader from c3bc2ae2-91d1-488e-9e90-a9189158d07d to null at term 2 for updateCurrentTerm
2020-04-27 22:06:07,387 [grpc-default-executor-1] INFO  impl.RaftServerImpl (RaftServerImpl.java:setRole(172)) - 583c6497-c40e-42b3-9211-ce20d6e17cc4@group-976282C6C226: changes role from  FOLLOWER to FOLLOWER at term 2 for recognizeCandidate:c0969769-aa36-4254-80bf-14e01cf29afd
2020-04-27 22:06:07,387 [grpc-default-executor-1] INFO  impl.RoleInfo (RoleInfo.java:shutdownFollowerState(121)) - 583c6497-c40e-42b3-9211-ce20d6e17cc4: shutdown FollowerState
2020-04-27 22:06:07,387 [grpc-default-executor-1] INFO  impl.RoleInfo (RoleInfo.java:updateAndGet(143)) - 583c6497-c40e-42b3-9211-ce20d6e17cc4: start FollowerState
2020-04-27 22:06:07,387 [Thread-438] INFO  impl.FollowerState (FollowerState.java:run(117)) - 583c6497-c40e-42b3-9211-ce20d6e17cc4@group-976282C6C226-FollowerState was interrupted: java.lang.InterruptedException: sleep interrupted
2020-04-27 22:06:07,388 [grpc-default-executor-2] INFO  impl.FollowerInfo (FollowerInfo.java:lambda$new$0(50)) - c3bc2ae2-91d1-488e-9e90-a9189158d07d@group-976282C6C226->583c6497-c40e-42b3-9211-ce20d6e17cc4: nextIndex: updateUnconditionally 1 -> 0
2020-04-27 22:06:07,388 [grpc-default-executor-2] INFO  server.GrpcLogAppender (GrpcLogAppender.java:onCompleted(309)) - c3bc2ae2-91d1-488e-9e90-a9189158d07d@group-976282C6C226->c0969769-aa36-4254-80bf-14e01cf29afd-AppendLogResponseHandler: follower responses appendEntries COMPLETED
2020-04-27 22:06:07,393 [grpc-default-executor-2] INFO  impl.FollowerInfo (FollowerInfo.java:lambda$new$0(50)) - c3bc2ae2-91d1-488e-9e90-a9189158d07d@group-976282C6C226->c0969769-aa36-4254-80bf-14e01cf29afd: nextIndex: updateUnconditionally 1 -> 0
2020-04-27 22:06:08,206 [main] INFO  ozone.MiniOzoneClusterImpl (MiniOzoneClusterImpl.java:lambda$waitForClusterToBeReady$0(177)) - Nodes are ready. Got 3 of 3 DN Heartbeats.
2020-04-27 22:06:08,207 [main] INFO  ozone.MiniOzoneClusterImpl (MiniOzoneClusterImpl.java:lambda$waitForClusterToBeReady$0(180)) - Cluster exits safe mode
2020-04-27 22:06:08,244 [main] INFO  rpc.RpcClient (RpcClient.java:createVolume(308)) - Creating Volume: admqwbwkja, with user87492 as owner.
2020-04-27 22:06:08,246 [IPC Server handler 1 on 36607] INFO  volume.OMVolumeCreateRequest (OMVolumeCreateRequest.java:validateAndUpdateCache(209)) - created volume:admqwbwkja for user:user87492
2020-04-27 22:06:08,260 [main] INFO  rpc.RpcClient (RpcClient.java:createBucket(447)) - Creating Bucket: admqwbwkja/edccnzsceu, with Versioning false and Storage Type set to DISK and Encryption set to false 
2020-04-27 22:06:10,315 [Thread-443] INFO  container.ReplicationManager (ReplicationManager.java:start(165)) - Starting Replication Monitor Thread.
2020-04-27 22:06:10,316 [ReplicationMonitor] INFO  container.ReplicationManager (ReplicationManager.java:run(228)) - Replication Monitor Thread took 1 milliseconds for processing 1 containers.
2020-04-27 22:06:10,317 [EventQueue-CloseContainerForCloseContainerEventHandler] INFO  container.CloseContainerEventHandler (CloseContainerEventHandler.java:onMessage(61)) - Close container Event triggered for container : #1
2020-04-27 22:06:12,241 [Command processor thread] ERROR commandhandler.CloseContainerCommandHandler (CloseContainerCommandHandler.java:handle(85)) - Container #1 does not exist in datanode. Container close failed.
2020-04-27 22:06:12,320 [Command processor thread] ERROR commandhandler.CloseContainerCommandHandler (CloseContainerCommandHandler.java:handle(85)) - Container #1 does not exist in datanode. Container close failed.
2020-04-27 22:06:12,386 [Thread-451] INFO  impl.FollowerState (FollowerState.java:run(108)) - c3bc2ae2-91d1-488e-9e90-a9189158d07d@group-976282C6C226-FollowerState: change to CANDIDATE, lastRpcTime:5027ms, electionTimeout:5027ms
2020-04-27 22:06:12,386 [Thread-451] INFO  impl.RoleInfo (RoleInfo.java:shutdownFollowerState(121)) - c3bc2ae2-91d1-488e-9e90-a9189158d07d: shutdown FollowerState
2020-04-27 22:06:12,386 [Thread-451] INFO  impl.RaftServerImpl (RaftServerImpl.java:setRole(172)) - c3bc2ae2-91d1-488e-9e90-a9189158d07d@group-976282C6C226: changes role from  FOLLOWER to CANDIDATE at term 2 for changeToCandidate
2020-04-27 22:06:12,386 [Thread-451] INFO  impl.RoleInfo (RoleInfo.java:updateAndGet(143)) - c3bc2ae2-91d1-488e-9e90-a9189158d07d: start LeaderElection
2020-04-27 22:06:12,389 [c3bc2ae2-91d1-488e-9e90-a9189158d07d@group-976282C6C226-LeaderElection11] INFO  impl.LeaderElection (LeaderElection.java:askForVotes(206)) - c3bc2ae2-91d1-488e-9e90-a9189158d07d@group-976282C6C226-LeaderElection11: begin an election at term 3 for 0: [583c6497-c40e-42b3-9211-ce20d6e17cc4:172.17.0.2:40725, c0969769-aa36-4254-80bf-14e01cf29afd:172.17.0.2:41769, c3bc2ae2-91d1-488e-9e90-a9189158d07d:172.17.0.2:38589], old=null
2020-04-27 22:06:12,416 [grpc-default-executor-2] INFO  impl.RaftServerImpl (RaftServerImpl.java:setRole(172)) - 583c6497-c40e-42b3-9211-ce20d6e17cc4@group-976282C6C226: changes role from  FOLLOWER to FOLLOWER at term 3 for recognizeCandidate:c3bc2ae2-91d1-488e-9e90-a9189158d07d
2020-04-27 22:06:12,416 [grpc-default-executor-2] INFO  impl.RoleInfo (RoleInfo.java:shutdownFollowerState(121)) - 583c6497-c40e-42b3-9211-ce20d6e17cc4: shutdown FollowerState
2020-04-27 22:06:12,417 [grpc-default-executor-2] INFO  impl.RoleInfo (RoleInfo.java:updateAndGet(143)) - 583c6497-c40e-42b3-9211-ce20d6e17cc4: start FollowerState
2020-04-27 22:06:12,417 [Thread-453] INFO  impl.FollowerState (FollowerState.java:run(117)) - 583c6497-c40e-42b3-9211-ce20d6e17cc4@group-976282C6C226-FollowerState was interrupted: java.lang.InterruptedException: sleep interrupted
2020-04-27 22:06:12,420 [Thread-442] INFO  impl.FollowerState (FollowerState.java:run(108)) - c0969769-aa36-4254-80bf-14e01cf29afd@group-976282C6C226-FollowerState: change to CANDIDATE, lastRpcTime:5114ms, electionTimeout:5111ms
2020-04-27 22:06:12,420 [Thread-442] INFO  impl.RoleInfo (RoleInfo.java:shutdownFollowerState(121)) - c0969769-aa36-4254-80bf-14e01cf29afd: shutdown FollowerState
2020-04-27 22:06:12,420 [Thread-442] INFO  impl.RaftServerImpl (RaftServerImpl.java:setRole(172)) - c0969769-aa36-4254-80bf-14e01cf29afd@group-976282C6C226: changes role from  FOLLOWER to CANDIDATE at term 2 for changeToCandidate
2020-04-27 22:06:12,420 [Thread-442] INFO  impl.RoleInfo (RoleInfo.java:updateAndGet(143)) - c0969769-aa36-4254-80bf-14e01cf29afd: start LeaderElection
2020-04-27 22:06:12,427 [c0969769-aa36-4254-80bf-14e01cf29afd@group-976282C6C226-LeaderElection12] INFO  impl.LeaderElection (LeaderElection.java:askForVotes(206)) - c0969769-aa36-4254-80bf-14e01cf29afd@group-976282C6C226-LeaderElection12: begin an election at term 3 for -1: [583c6497-c40e-42b3-9211-ce20d6e17cc4:172.17.0.2:40725, c0969769-aa36-4254-80bf-14e01cf29afd:172.17.0.2:41769, c3bc2ae2-91d1-488e-9e90-a9189158d07d:172.17.0.2:38589], old=null
2020-04-27 22:06:12,427 [c3bc2ae2-91d1-488e-9e90-a9189158d07d@group-976282C6C226-LeaderElection11] INFO  impl.LeaderElection (LeaderElection.java:logAndReturn(61)) - c3bc2ae2-91d1-488e-9e90-a9189158d07d@group-976282C6C226-LeaderElection11: Election PASSED; received 1 response(s) [c3bc2ae2-91d1-488e-9e90-a9189158d07d<-583c6497-c40e-42b3-9211-ce20d6e17cc4#0:OK-t3] and 0 exception(s); c3bc2ae2-91d1-488e-9e90-a9189158d07d@group-976282C6C226:t3, leader=null, voted=c3bc2ae2-91d1-488e-9e90-a9189158d07d, raftlog=c3bc2ae2-91d1-488e-9e90-a9189158d07d@group-976282C6C226-SegmentedRaftLog:OPENED:c0,f0,i0, conf=0: [583c6497-c40e-42b3-9211-ce20d6e17cc4:172.17.0.2:40725, c0969769-aa36-4254-80bf-14e01cf29afd:172.17.0.2:41769, c3bc2ae2-91d1-488e-9e90-a9189158d07d:172.17.0.2:38589], old=null
2020-04-27 22:06:12,427 [c3bc2ae2-91d1-488e-9e90-a9189158d07d@group-976282C6C226-LeaderElection11] INFO  impl.RoleInfo (RoleInfo.java:shutdownLeaderElection(134)) - c3bc2ae2-91d1-488e-9e90-a9189158d07d: shutdown LeaderElection
2020-04-27 22:06:12,427 [c3bc2ae2-91d1-488e-9e90-a9189158d07d@group-976282C6C226-LeaderElection11] INFO  impl.RaftServerImpl (RaftServerImpl.java:setRole(172)) - c3bc2ae2-91d1-488e-9e90-a9189158d07d@group-976282C6C226: changes role from CANDIDATE to LEADER at term 3 for changeToLeader
2020-04-27 22:06:12,427 [c3bc2ae2-91d1-488e-9e90-a9189158d07d@group-976282C6C226-LeaderElection11] INFO  ratis.XceiverServerRatis (XceiverServerRatis.java:handleLeaderChangedNotification(761)) - Leader change notification received for group: group-976282C6C226 with new leaderId: c3bc2ae2-91d1-488e-9e90-a9189158d07d
2020-04-27 22:06:12,427 [c3bc2ae2-91d1-488e-9e90-a9189158d07d@group-976282C6C226-LeaderElection11] INFO  impl.RaftServerImpl (ServerState.java:setLeader(255)) - c3bc2ae2-91d1-488e-9e90-a9189158d07d@group-976282C6C226: change Leader from null to c3bc2ae2-91d1-488e-9e90-a9189158d07d at term 3 for becomeLeader, leader elected after 5071ms
2020-04-27 22:06:12,427 [c3bc2ae2-91d1-488e-9e90-a9189158d07d@group-976282C6C226-LeaderElection11] INFO  server.RaftServerConfigKeys (ConfUtils.java:logGet(44)) - raft.server.staging.catchup.gap = 1000 (default)
2020-04-27 22:06:12,428 [c3bc2ae2-91d1-488e-9e90-a9189158d07d@group-976282C6C226-LeaderElection11] INFO  server.RaftServerConfigKeys (ConfUtils.java:logGet(44)) - raft.server.rpc.sleep.time = 25ms (default)
2020-04-27 22:06:12,428 [c3bc2ae2-91d1-488e-9e90-a9189158d07d@group-976282C6C226-LeaderElection11] INFO  metrics.RatisMetrics (RatisMetrics.java:lambda$create$0(39)) - Creating Metrics Registry : ratis.log_appender.c3bc2ae2-91d1-488e-9e90-a9189158d07d@group-976282C6C226
2020-04-27 22:06:12,428 [c3bc2ae2-91d1-488e-9e90-a9189158d07d@group-976282C6C226-LeaderElection11] INFO  server.RaftServerConfigKeys (ConfUtils.java:logGet(44)) - raft.server.write.element-limit = 1024 (custom)
2020-04-27 22:06:12,428 [c3bc2ae2-91d1-488e-9e90-a9189158d07d@group-976282C6C226-LeaderElection11] INFO  server.RaftServerConfigKeys (ConfUtils.java:logGet(44)) - raft.server.write.byte-limit = 1073741824 (custom)
2020-04-27 22:06:12,428 [c3bc2ae2-91d1-488e-9e90-a9189158d07d@group-976282C6C226-LeaderElection11] INFO  server.RaftServerConfigKeys (ConfUtils.java:logGet(44)) - raft.server.watch.timeout = 180s (custom)
2020-04-27 22:06:12,428 [c3bc2ae2-91d1-488e-9e90-a9189158d07d@group-976282C6C226-LeaderElection11] INFO  server.RaftServerConfigKeys (ConfUtils.java:logGet(44)) - raft.server.watch.timeout.denomination = 1s (default)
2020-04-27 22:06:12,429 [c3bc2ae2-91d1-488e-9e90-a9189158d07d@group-976282C6C226-LeaderElection11] INFO  server.RaftServerConfigKeys (ConfUtils.java:logGet(44)) - raft.server.watch.element-limit = 65536 (default)
2020-04-27 22:06:12,429 [c3bc2ae2-91d1-488e-9e90-a9189158d07d@group-976282C6C226-LeaderElection11] INFO  server.RaftServerConfigKeys (ConfUtils.java:logGet(44)) - raft.server.log.appender.snapshot.chunk.size.max = 16MB (=16777216) (default)
2020-04-27 22:06:12,429 [c3bc2ae2-91d1-488e-9e90-a9189158d07d@group-976282C6C226-LeaderElection11] INFO  server.RaftServerConfigKeys (ConfUtils.java:logGet(44)) - raft.server.log.appender.buffer.byte-limit = 33554432 (custom)
2020-04-27 22:06:12,429 [c3bc2ae2-91d1-488e-9e90-a9189158d07d@group-976282C6C226-LeaderElection11] INFO  server.RaftServerConfigKeys (ConfUtils.java:logGet(44)) - raft.server.log.appender.buffer.element-limit = 1 (custom)
2020-04-27 22:06:12,429 [c3bc2ae2-91d1-488e-9e90-a9189158d07d@group-976282C6C226-LeaderElection11] INFO  grpc.GrpcConfigKeys (ConfUtils.java:logGet(44)) - raft.grpc.server.leader.outstanding.appends.max = 128 (default)
2020-04-27 22:06:12,429 [c3bc2ae2-91d1-488e-9e90-a9189158d07d@group-976282C6C226-LeaderElection11] INFO  server.RaftServerConfigKeys (ConfUtils.java:logGet(44)) - raft.server.rpc.request.timeout = 60s (custom)
2020-04-27 22:06:12,429 [c3bc2ae2-91d1-488e-9e90-a9189158d07d@group-976282C6C226-LeaderElection11] INFO  server.RaftServerConfigKeys (ConfUtils.java:logGet(44)) - raft.server.log.appender.install.snapshot.enabled = false (custom)
2020-04-27 22:06:12,430 [c3bc2ae2-91d1-488e-9e90-a9189158d07d@group-976282C6C226-LeaderElection11] INFO  server.RaftServerConfigKeys (ConfUtils.java:logGet(44)) - raft.server.log.appender.snapshot.chunk.size.max = 16MB (=16777216) (default)
2020-04-27 22:06:12,430 [c3bc2ae2-91d1-488e-9e90-a9189158d07d@group-976282C6C226-LeaderElection11] INFO  server.RaftServerConfigKeys (ConfUtils.java:logGet(44)) - raft.server.log.appender.buffer.byte-limit = 33554432 (custom)
2020-04-27 22:06:12,430 [c3bc2ae2-91d1-488e-9e90-a9189158d07d@group-976282C6C226-LeaderElection11] INFO  server.RaftServerConfigKeys (ConfUtils.java:logGet(44)) - raft.server.log.appender.buffer.element-limit = 1 (custom)
2020-04-27 22:06:12,430 [c3bc2ae2-91d1-488e-9e90-a9189158d07d@group-976282C6C226-LeaderElection11] INFO  grpc.GrpcConfigKeys (ConfUtils.java:logGet(44)) - raft.grpc.server.leader.outstanding.appends.max = 128 (default)
2020-04-27 22:06:12,431 [c3bc2ae2-91d1-488e-9e90-a9189158d07d@group-976282C6C226-LeaderElection11] INFO  server.RaftServerConfigKeys (ConfUtils.java:logGet(44)) - raft.server.rpc.request.timeout = 60s (custom)
2020-04-27 22:06:12,431 [c3bc2ae2-91d1-488e-9e90-a9189158d07d@group-976282C6C226-LeaderElection11] INFO  server.RaftServerConfigKeys (ConfUtils.java:logGet(44)) - raft.server.log.appender.install.snapshot.enabled = false (custom)
2020-04-27 22:06:12,431 [c3bc2ae2-91d1-488e-9e90-a9189158d07d@group-976282C6C226-LeaderElection11] INFO  impl.RoleInfo (RoleInfo.java:updateAndGet(143)) - c3bc2ae2-91d1-488e-9e90-a9189158d07d: start LeaderState
2020-04-27 22:06:12,432 [c3bc2ae2-91d1-488e-9e90-a9189158d07d@group-976282C6C226-LeaderElection11] INFO  segmented.SegmentedRaftLogWorker (SegmentedRaftLogWorker.java:rollLogSegment(396)) - c3bc2ae2-91d1-488e-9e90-a9189158d07d@group-976282C6C226-SegmentedRaftLogWorker: Rolling segment log-0_0 to index:0
2020-04-27 22:06:12,443 [c3bc2ae2-91d1-488e-9e90-a9189158d07d@group-976282C6C226-SegmentedRaftLogWorker] INFO  segmented.SegmentedRaftLogWorker (SegmentedRaftLogWorker.java:execute(541)) - c3bc2ae2-91d1-488e-9e90-a9189158d07d@group-976282C6C226-SegmentedRaftLogWorker: Rolled log segment from /github/workspace/mnt/ozone/hadoop-ozone/integration-test/target/test-dir/MiniOzoneClusterImpl-87458686-d964-4780-b149-8f8debb88dcf/datanode-0/data/ratis/8ad318fe-8f4d-45b2-8a67-976282c6c226/current/log_inprogress_0 to /github/workspace/mnt/ozone/hadoop-ozone/integration-test/target/test-dir/MiniOzoneClusterImpl-87458686-d964-4780-b149-8f8debb88dcf/datanode-0/data/ratis/8ad318fe-8f4d-45b2-8a67-976282c6c226/current/log_0-0
2020-04-27 22:06:12,444 [c3bc2ae2-91d1-488e-9e90-a9189158d07d@group-976282C6C226-LeaderElection11] INFO  impl.RaftServerImpl (ServerState.java:setRaftConf(356)) - c3bc2ae2-91d1-488e-9e90-a9189158d07d@group-976282C6C226: set configuration 1: [583c6497-c40e-42b3-9211-ce20d6e17cc4:172.17.0.2:40725, c0969769-aa36-4254-80bf-14e01cf29afd:172.17.0.2:41769, c3bc2ae2-91d1-488e-9e90-a9189158d07d:172.17.0.2:38589], old=null at 1
2020-04-27 22:06:12,449 [grpc-default-executor-1] INFO  impl.RaftServerImpl (RaftServerImpl.java:requestVote(805)) - c3bc2ae2-91d1-488e-9e90-a9189158d07d@group-976282C6C226-   LEADER: Withhold vote from candidate c0969769-aa36-4254-80bf-14e01cf29afd with term 3. State: leader=c3bc2ae2-91d1-488e-9e90-a9189158d07d, term=3, lastRpcElapsed=null
2020-04-27 22:06:12,450 [c3bc2ae2-91d1-488e-9e90-a9189158d07d@group-976282C6C226-SegmentedRaftLogWorker] INFO  segmented.SegmentedRaftLogWorker (SegmentedRaftLogWorker.java:execute(583)) - c3bc2ae2-91d1-488e-9e90-a9189158d07d@group-976282C6C226-SegmentedRaftLogWorker: created new log segment /github/workspace/mnt/ozone/hadoop-ozone/integration-test/target/test-dir/MiniOzoneClusterImpl-87458686-d964-4780-b149-8f8debb88dcf/datanode-0/data/ratis/8ad318fe-8f4d-45b2-8a67-976282c6c226/current/log_inprogress_1
2020-04-27 22:06:12,456 [c0969769-aa36-4254-80bf-14e01cf29afd@group-976282C6C226-LeaderElection12] INFO  impl.LeaderElection (LeaderElection.java:logAndReturn(61)) - c0969769-aa36-4254-80bf-14e01cf29afd@group-976282C6C226-LeaderElection12: Election REJECTED; received 2 response(s) [c0969769-aa36-4254-80bf-14e01cf29afd<-583c6497-c40e-42b3-9211-ce20d6e17cc4#0:FAIL-t3, c0969769-aa36-4254-80bf-14e01cf29afd<-c3bc2ae2-91d1-488e-9e90-a9189158d07d#0:FAIL-t3] and 0 exception(s); c0969769-aa36-4254-80bf-14e01cf29afd@group-976282C6C226:t3, leader=null, voted=c0969769-aa36-4254-80bf-14e01cf29afd, raftlog=c0969769-aa36-4254-80bf-14e01cf29afd@group-976282C6C226-SegmentedRaftLog:OPENED:c-1,f-1,i0, conf=-1: [583c6497-c40e-42b3-9211-ce20d6e17cc4:172.17.0.2:40725, c0969769-aa36-4254-80bf-14e01cf29afd:172.17.0.2:41769, c3bc2ae2-91d1-488e-9e90-a9189158d07d:172.17.0.2:38589], old=null
2020-04-27 22:06:12,456 [c0969769-aa36-4254-80bf-14e01cf29afd@group-976282C6C226-LeaderElection12] INFO  impl.RaftServerImpl (RaftServerImpl.java:setRole(172)) - c0969769-aa36-4254-80bf-14e01cf29afd@group-976282C6C226: changes role from CANDIDATE to FOLLOWER at term 3 for DISCOVERED_A_NEW_TERM
2020-04-27 22:06:12,457 [c0969769-aa36-4254-80bf-14e01cf29afd@group-976282C6C226-LeaderElection12] INFO  impl.RoleInfo (RoleInfo.java:shutdownLeaderElection(134)) - c0969769-aa36-4254-80bf-14e01cf29afd: shutdown LeaderElection
2020-04-27 22:06:12,457 [c0969769-aa36-4254-80bf-14e01cf29afd@group-976282C6C226-LeaderElection12] INFO  impl.RoleInfo (RoleInfo.java:updateAndGet(143)) - c0969769-aa36-4254-80bf-14e01cf29afd: start FollowerState
2020-04-27 22:06:12,463 [grpc-default-executor-1] INFO  ratis.XceiverServerRatis (XceiverServerRatis.java:handleLeaderChangedNotification(761)) - Leader change notification received for group: group-976282C6C226 with new leaderId: c3bc2ae2-91d1-488e-9e90-a9189158d07d
2020-04-27 22:06:12,464 [grpc-default-executor-1] INFO  impl.RaftServerImpl (ServerState.java:setLeader(255)) - 583c6497-c40e-42b3-9211-ce20d6e17cc4@group-976282C6C226: change Leader from null to c3bc2ae2-91d1-488e-9e90-a9189158d07d at term 3 for appendEntries, leader elected after 5076ms
2020-04-27 22:06:12,465 [grpc-default-executor-1] INFO  impl.RaftServerImpl (ServerState.java:setRaftConf(356)) - 583c6497-c40e-42b3-9211-ce20d6e17cc4@group-976282C6C226: set configuration 1: [583c6497-c40e-42b3-9211-ce20d6e17cc4:172.17.0.2:40725, c0969769-aa36-4254-80bf-14e01cf29afd:172.17.0.2:41769, c3bc2ae2-91d1-488e-9e90-a9189158d07d:172.17.0.2:38589], old=null at 1
2020-04-27 22:06:12,466 [grpc-default-executor-1] INFO  segmented.SegmentedRaftLogWorker (SegmentedRaftLogWorker.java:rollLogSegment(396)) - 583c6497-c40e-42b3-9211-ce20d6e17cc4@group-976282C6C226-SegmentedRaftLogWorker: Rolling segment log-0_0 to index:0
2020-04-27 22:06:12,466 [grpc-default-executor-2] INFO  ratis.XceiverServerRatis (XceiverServerRatis.java:handleLeaderChangedNotification(761)) - Leader change notification received for group: group-976282C6C226 with new leaderId: c3bc2ae2-91d1-488e-9e90-a9189158d07d
2020-04-27 22:06:12,467 [grpc-default-executor-2] INFO  impl.RaftServerImpl (ServerState.java:setLeader(255)) - c0969769-aa36-4254-80bf-14e01cf29afd@group-976282C6C226: change Leader from null to c3bc2ae2-91d1-488e-9e90-a9189158d07d at term 3 for appendEntries, leader elected after 10269ms
2020-04-27 22:06:12,467 [grpc-default-executor-2] INFO  impl.RaftServerImpl (RaftServerImpl.java:checkInconsistentAppendEntries(1064)) - c0969769-aa36-4254-80bf-14e01cf29afd@group-976282C6C226: Failed appendEntries as previous log entry ((t:1, i:0)) is not found
2020-04-27 22:06:12,467 [grpc-default-executor-2] INFO  impl.RaftServerImpl (RaftServerImpl.java:checkInconsistentAppendEntries(1030)) - c0969769-aa36-4254-80bf-14e01cf29afd@group-976282C6C226: inconsistency entries. Reply:c3bc2ae2-91d1-488e-9e90-a9189158d07d<-c0969769-aa36-4254-80bf-14e01cf29afd#0:FAIL,INCONSISTENCY,nextIndex:0,term:3,followerCommit:-1
2020-04-27 22:06:12,472 [583c6497-c40e-42b3-9211-ce20d6e17cc4@group-976282C6C226-SegmentedRaftLogWorker] INFO  segmented.SegmentedRaftLogWorker (SegmentedRaftLogWorker.java:execute(541)) - 583c6497-c40e-42b3-9211-ce20d6e17cc4@group-976282C6C226-SegmentedRaftLogWorker: Rolled log segment from /github/workspace/mnt/ozone/hadoop-ozone/integration-test/target/test-dir/MiniOzoneClusterImpl-87458686-d964-4780-b149-8f8debb88dcf/datanode-2/data/ratis/8ad318fe-8f4d-45b2-8a67-976282c6c226/current/log_inprogress_0 to /github/workspace/mnt/ozone/hadoop-ozone/integration-test/target/test-dir/MiniOzoneClusterImpl-87458686-d964-4780-b149-8f8debb88dcf/datanode-2/data/ratis/8ad318fe-8f4d-45b2-8a67-976282c6c226/current/log_0-0
2020-04-27 22:06:12,474 [grpc-default-executor-1] INFO  impl.FollowerInfo (FollowerInfo.java:lambda$new$0(50)) - c3bc2ae2-91d1-488e-9e90-a9189158d07d@group-976282C6C226->c0969769-aa36-4254-80bf-14e01cf29afd: nextIndex: updateUnconditionally 2 -> 0
2020-04-27 22:06:12,475 [grpc-default-executor-2] INFO  impl.RaftServerImpl (RaftServerImpl.java:checkInconsistentAppendEntries(1064)) - c0969769-aa36-4254-80bf-14e01cf29afd@group-976282C6C226: Failed appendEntries as previous log entry ((t:1, i:0)) is not found
2020-04-27 22:06:12,476 [583c6497-c40e-42b3-9211-ce20d6e17cc4@group-976282C6C226-SegmentedRaftLogWorker] INFO  segmented.SegmentedRaftLogWorker (SegmentedRaftLogWorker.java:execute(583)) - 583c6497-c40e-42b3-9211-ce20d6e17cc4@group-976282C6C226-SegmentedRaftLogWorker: created new log segment /github/workspace/mnt/ozone/hadoop-ozone/integration-test/target/test-dir/MiniOzoneClusterImpl-87458686-d964-4780-b149-8f8debb88dcf/datanode-2/data/ratis/8ad318fe-8f4d-45b2-8a67-976282c6c226/current/log_inprogress_1
2020-04-27 22:06:12,480 [grpc-default-executor-2] INFO  impl.RaftServerImpl (RaftServerImpl.java:checkInconsistentAppendEntries(1030)) - c0969769-aa36-4254-80bf-14e01cf29afd@group-976282C6C226: inconsistency entries. Reply:c3bc2ae2-91d1-488e-9e90-a9189158d07d<-c0969769-aa36-4254-80bf-14e01cf29afd#1:FAIL,INCONSISTENCY,nextIndex:0,term:3,followerCommit:-1
2020-04-27 22:06:12,481 [grpc-default-executor-2] INFO  impl.RaftServerImpl (ServerState.java:setRaftConf(356)) - c0969769-aa36-4254-80bf-14e01cf29afd@group-976282C6C226: set configuration 0: [583c6497-c40e-42b3-9211-ce20d6e17cc4:172.17.0.2:40725, c0969769-aa36-4254-80bf-14e01cf29afd:172.17.0.2:41769, c3bc2ae2-91d1-488e-9e90-a9189158d07d:172.17.0.2:38589], old=null at 0
2020-04-27 22:06:12,482 [grpc-default-executor-2] INFO  segmented.SegmentedRaftLogWorker (SegmentedRaftLogWorker.java:startLogSegment(391)) - c0969769-aa36-4254-80bf-14e01cf29afd@group-976282C6C226-SegmentedRaftLogWorker: Starting segment from index:0
2020-04-27 22:06:12,483 [grpc-default-executor-1] INFO  impl.FollowerInfo (FollowerInfo.java:lambda$new$0(50)) - c3bc2ae2-91d1-488e-9e90-a9189158d07d@group-976282C6C226->c0969769-aa36-4254-80bf-14e01cf29afd: nextIndex: updateUnconditionally 2 -> 0
2020-04-27 22:06:12,484 [grpc-default-executor-2] INFO  impl.RaftServerImpl (ServerState.java:setRaftConf(356)) - c0969769-aa36-4254-80bf-14e01cf29afd@group-976282C6C226: set configuration 1: [583c6497-c40e-42b3-9211-ce20d6e17cc4:172.17.0.2:40725, c0969769-aa36-4254-80bf-14e01cf29afd:172.17.0.2:41769, c3bc2ae2-91d1-488e-9e90-a9189158d07d:172.17.0.2:38589], old=null at 1
2020-04-27 22:06:12,484 [grpc-default-executor-2] INFO  segmented.SegmentedRaftLogWorker (SegmentedRaftLogWorker.java:rollLogSegment(396)) - c0969769-aa36-4254-80bf-14e01cf29afd@group-976282C6C226-SegmentedRaftLogWorker: Rolling segment log-0_0 to index:0
2020-04-27 22:06:12,485 [grpc-default-executor-2] INFO  impl.RaftServerImpl (ServerState.java:setRaftConf(356)) - c0969769-aa36-4254-80bf-14e01cf29afd@group-976282C6C226: set configuration 0: [583c6497-c40e-42b3-9211-ce20d6e17cc4:172.17.0.2:40725, c0969769-aa36-4254-80bf-14e01cf29afd:172.17.0.2:41769, c3bc2ae2-91d1-488e-9e90-a9189158d07d:172.17.0.2:38589], old=null at 0
2020-04-27 22:06:12,487 [grpc-default-executor-2] INFO  impl.RaftServerImpl (ServerState.java:setRaftConf(356)) - c0969769-aa36-4254-80bf-14e01cf29afd@group-976282C6C226: set configuration 1: [583c6497-c40e-42b3-9211-ce20d6e17cc4:172.17.0.2:40725, c0969769-aa36-4254-80bf-14e01cf29afd:172.17.0.2:41769, c3bc2ae2-91d1-488e-9e90-a9189158d07d:172.17.0.2:38589], old=null at 1
2020-04-27 22:06:12,488 [c0969769-aa36-4254-80bf-14e01cf29afd@group-976282C6C226-SegmentedRaftLogWorker] INFO  segmented.SegmentedRaftLogWorker (SegmentedRaftLogWorker.java:execute(583)) - c0969769-aa36-4254-80bf-14e01cf29afd@group-976282C6C226-SegmentedRaftLogWorker: created new log segment /github/workspace/mnt/ozone/hadoop-ozone/integration-test/target/test-dir/MiniOzoneClusterImpl-87458686-d964-4780-b149-8f8debb88dcf/datanode-1/data/ratis/8ad318fe-8f4d-45b2-8a67-976282c6c226/current/log_inprogress_0
2020-04-27 22:06:12,491 [c0969769-aa36-4254-80bf-14e01cf29afd@group-976282C6C226-SegmentedRaftLogWorker] INFO  segmented.SegmentedRaftLogWorker (SegmentedRaftLogWorker.java:execute(541)) - c0969769-aa36-4254-80bf-14e01cf29afd@group-976282C6C226-SegmentedRaftLogWorker: Rolled log segment from /github/workspace/mnt/ozone/hadoop-ozone/integration-test/target/test-dir/MiniOzoneClusterImpl-87458686-d964-4780-b149-8f8debb88dcf/datanode-1/data/ratis/8ad318fe-8f4d-45b2-8a67-976282c6c226/current/log_inprogress_0 to /github/workspace/mnt/ozone/hadoop-ozone/integration-test/target/test-dir/MiniOzoneClusterImpl-87458686-d964-4780-b149-8f8debb88dcf/datanode-1/data/ratis/8ad318fe-8f4d-45b2-8a67-976282c6c226/current/log_0-0
2020-04-27 22:06:12,494 [c0969769-aa36-4254-80bf-14e01cf29afd@group-976282C6C226-SegmentedRaftLogWorker] INFO  segmented.SegmentedRaftLogWorker (SegmentedRaftLogWorker.java:execute(583)) - c0969769-aa36-4254-80bf-14e01cf29afd@group-976282C6C226-SegmentedRaftLogWorker: created new log segment /github/workspace/mnt/ozone/hadoop-ozone/integration-test/target/test-dir/MiniOzoneClusterImpl-87458686-d964-4780-b149-8f8debb88dcf/datanode-1/data/ratis/8ad318fe-8f4d-45b2-8a67-976282c6c226/current/log_inprogress_1
22:06:13.330 [grpc-default-executor-1] ERROR DNAudit - user=null | ip=null | op=WRITE_CHUNK {blockData=conID: 1 locID: 104072817462738948 bcsId: 6} | ret=FAILURE
org.apache.hadoop.hdds.scm.container.common.helpers.ContainerNotOpenException: Container 1 in CLOSING state
	at org.apache.hadoop.ozone.container.common.impl.HddsDispatcher.validateContainerCommand(HddsDispatcher.java:478) ~[hadoop-hdds-container-service-0.6.0-SNAPSHOT.jar:?]
	at org.apache.hadoop.ozone.container.common.transport.server.ratis.ContainerStateMachine.startTransaction(ContainerStateMachine.java:314) ~[hadoop-hdds-container-service-0.6.0-SNAPSHOT.jar:?]
	at org.apache.ratis.server.impl.RaftServerImpl.submitClientRequestAsync(RaftServerImpl.java:596) ~[ratis-server-0.6.0-490b689-SNAPSHOT.jar:0.6.0-490b689-SNAPSHOT]
	at org.apache.ratis.server.impl.RaftServerProxy.lambda$submitClientRequestAsync$7(RaftServerProxy.java:333) ~[ratis-server-0.6.0-490b689-SNAPSHOT.jar:0.6.0-490b689-SNAPSHOT]
	at org.apache.ratis.server.impl.RaftServerProxy.lambda$null$5(RaftServerProxy.java:328) ~[ratis-server-0.6.0-490b689-SNAPSHOT.jar:0.6.0-490b689-SNAPSHOT]
	at org.apache.ratis.util.JavaUtils.callAsUnchecked(JavaUtils.java:109) ~[ratis-common-0.6.0-490b689-SNAPSHOT.jar:0.6.0-490b689-SNAPSHOT]
	at org.apache.ratis.server.impl.RaftServerProxy.lambda$submitRequest$6(RaftServerProxy.java:328) ~[ratis-server-0.6.0-490b689-SNAPSHOT.jar:0.6.0-490b689-SNAPSHOT]
	at java.util.concurrent.CompletableFuture.uniComposeStage(CompletableFuture.java:995) ~[?:1.8.0_232]
	at java.util.concurrent.CompletableFuture.thenCompose(CompletableFuture.java:2137) ~[?:1.8.0_232]
	at org.apache.ratis.server.impl.RaftServerProxy.submitRequest(RaftServerProxy.java:327) ~[ratis-server-0.6.0-490b689-SNAPSHOT.jar:0.6.0-490b689-SNAPSHOT]
	at org.apache.ratis.server.impl.RaftServerProxy.submitClientRequestAsync(RaftServerProxy.java:333) ~[ratis-server-0.6.0-490b689-SNAPSHOT.jar:0.6.0-490b689-SNAPSHOT]
	at org.apache.ratis.grpc.client.GrpcClientProtocolService$RequestStreamObserver.processClientRequest(GrpcClientProtocolService.java:225) ~[ratis-grpc-0.6.0-490b689-SNAPSHOT.jar:0.6.0-490b689-SNAPSHOT]
	at org.apache.ratis.grpc.client.GrpcClientProtocolService$OrderedRequestStreamObserver.processClientRequest(GrpcClientProtocolService.java:331) ~[ratis-grpc-0.6.0-490b689-SNAPSHOT.jar:0.6.0-490b689-SNAPSHOT]
	at org.apache.ratis.util.SlidingWindow$Server.processRequestsFromHead(SlidingWindow.java:429) [ratis-common-0.6.0-490b689-SNAPSHOT.jar:0.6.0-490b689-SNAPSHOT]
	at org.apache.ratis.util.SlidingWindow$Server.receivedRequest(SlidingWindow.java:421) [ratis-common-0.6.0-490b689-SNAPSHOT.jar:0.6.0-490b689-SNAPSHOT]
	at org.apache.ratis.grpc.client.GrpcClientProtocolService$OrderedRequestStreamObserver.processClientRequest(GrpcClientProtocolService.java:355) [ratis-grpc-0.6.0-490b689-SNAPSHOT.jar:0.6.0-490b689-SNAPSHOT]
	at org.apache.ratis.grpc.client.GrpcClientProtocolService$RequestStreamObserver.onNext(GrpcClientProtocolService.java:245) [ratis-grpc-0.6.0-490b689-SNAPSHOT.jar:0.6.0-490b689-SNAPSHOT]
	at org.apache.ratis.grpc.client.GrpcClientProtocolService$RequestStreamObserver.onNext(GrpcClientProtocolService.java:168) [ratis-grpc-0.6.0-490b689-SNAPSHOT.jar:0.6.0-490b689-SNAPSHOT]
	at org.apache.ratis.thirdparty.io.grpc.stub.ServerCalls$StreamingServerCallHandler$StreamingServerCallListener.onMessage(ServerCalls.java:251) [ratis-thirdparty-misc-0.3.0.jar:0.3.0]
	at org.apache.ratis.thirdparty.io.grpc.internal.ServerCallImpl$ServerStreamListenerImpl.messagesAvailableInternal(ServerCallImpl.java:309) [ratis-thirdparty-misc-0.3.0.jar:0.3.0]
	at org.apache.ratis.thirdparty.io.grpc.internal.ServerCallImpl$ServerStreamListenerImpl.messagesAvailable(ServerCallImpl.java:292) [ratis-thirdparty-misc-0.3.0.jar:0.3.0]
	at org.apache.ratis.thirdparty.io.grpc.internal.ServerImpl$JumpToApplicationThreadServerStreamListener$1MessagesAvailable.runInContext(ServerImpl.java:779) [ratis-thirdparty-misc-0.3.0.jar:0.3.0]
	at org.apache.ratis.thirdparty.io.grpc.internal.ContextRunnable.run(ContextRunnable.java:37) [ratis-thirdparty-misc-0.3.0.jar:0.3.0]
	at org.apache.ratis.thirdparty.io.grpc.internal.SerializingExecutor.run(SerializingExecutor.java:123) [ratis-thirdparty-misc-0.3.0.jar:0.3.0]
	at java.util.concurrent.ThreadPoolExecutor.runWorker(ThreadPoolExecutor.java:1149) [?:1.8.0_232]
	at java.util.concurrent.ThreadPoolExecutor$Worker.run(ThreadPoolExecutor.java:624) [?:1.8.0_232]
	at java.lang.Thread.run(Thread.java:748) [?:1.8.0_232]
2020-04-27 22:06:13,338 [RatisApplyTransactionExecutor 1] INFO  interfaces.Container (KeyValueContainer.java:flushAndSyncDB(387)) - Container 1 is synced with bcsId 6.
2020-04-27 22:06:13,352 [RatisApplyTransactionExecutor 1] INFO  interfaces.Container (KeyValueContainer.java:flushAndSyncDB(387)) - Container 1 is synced with bcsId 6.
2020-04-27 22:06:13,360 [RatisApplyTransactionExecutor 1] INFO  interfaces.Container (KeyValueContainer.java:flushAndSyncDB(387)) - Container 1 is synced with bcsId 6.
2020-04-27 22:06:13,360 [RatisApplyTransactionExecutor 1] INFO  interfaces.Container (KeyValueContainer.java:flushAndSyncDB(387)) - Container 1 is synced with bcsId 6.
2020-04-27 22:06:13,368 [RatisApplyTransactionExecutor 1] INFO  interfaces.Container (KeyValueContainer.java:close(325)) - Container 1 is closed with bcsId 6.
2020-04-27 22:06:13,370 [RatisApplyTransactionExecutor 1] INFO  interfaces.Container (KeyValueContainer.java:close(325)) - Container 1 is closed with bcsId 6.
2020-04-27 22:06:13,371 [EventQueue-IncrementalContainerReportForIncrementalContainerReportHandler] INFO  container.IncrementalContainerReportHandler (AbstractContainerReportHandler.java:updateContainerState(178)) - Moving container #1 to CLOSED state, datanode c3bc2ae2-91d1-488e-9e90-a9189158d07d{ip: 172.17.0.2, host: ee1a19d1c070, networkLocation: /default-rack, certSerialId: null} reported CLOSED replica.
22:06:13.374 [grpc-default-executor-1] ERROR DNAudit - user=null | ip=null | op=PUT_BLOCK {blockData=[blockId=conID: 1 locID: 104072817462738948 bcsId: 0,size=3145728]} | ret=FAILURE
org.apache.hadoop.hdds.scm.container.common.helpers.ContainerNotOpenException: Container 1 in CLOSED state
	at org.apache.hadoop.ozone.container.common.impl.HddsDispatcher.validateContainerCommand(HddsDispatcher.java:478) ~[hadoop-hdds-container-service-0.6.0-SNAPSHOT.jar:?]
	at org.apache.hadoop.ozone.container.common.transport.server.ratis.ContainerStateMachine.startTransaction(ContainerStateMachine.java:314) ~[hadoop-hdds-container-service-0.6.0-SNAPSHOT.jar:?]
	at org.apache.ratis.server.impl.RaftServerImpl.submitClientRequestAsync(RaftServerImpl.java:596) ~[ratis-server-0.6.0-490b689-SNAPSHOT.jar:0.6.0-490b689-SNAPSHOT]
	at org.apache.ratis.server.impl.RaftServerProxy.lambda$submitClientRequestAsync$7(RaftServerProxy.java:333) ~[ratis-server-0.6.0-490b689-SNAPSHOT.jar:0.6.0-490b689-SNAPSHOT]
	at org.apache.ratis.server.impl.RaftServerProxy.lambda$null$5(RaftServerProxy.java:328) ~[ratis-server-0.6.0-490b689-SNAPSHOT.jar:0.6.0-490b689-SNAPSHOT]
	at org.apache.ratis.util.JavaUtils.callAsUnchecked(JavaUtils.java:109) ~[ratis-common-0.6.0-490b689-SNAPSHOT.jar:0.6.0-490b689-SNAPSHOT]
	at org.apache.ratis.server.impl.RaftServerProxy.lambda$submitRequest$6(RaftServerProxy.java:328) ~[ratis-server-0.6.0-490b689-SNAPSHOT.jar:0.6.0-490b689-SNAPSHOT]
	at java.util.concurrent.CompletableFuture.uniComposeStage(CompletableFuture.java:995) ~[?:1.8.0_232]
	at java.util.concurrent.CompletableFuture.thenCompose(CompletableFuture.java:2137) ~[?:1.8.0_232]
	at org.apache.ratis.server.impl.RaftServerProxy.submitRequest(RaftServerProxy.java:327) ~[ratis-server-0.6.0-490b689-SNAPSHOT.jar:0.6.0-490b689-SNAPSHOT]
	at org.apache.ratis.server.impl.RaftServerProxy.submitClientRequestAsync(RaftServerProxy.java:333) ~[ratis-server-0.6.0-490b689-SNAPSHOT.jar:0.6.0-490b689-SNAPSHOT]
	at org.apache.ratis.grpc.client.GrpcClientProtocolService$RequestStreamObserver.processClientRequest(GrpcClientProtocolService.java:225) ~[ratis-grpc-0.6.0-490b689-SNAPSHOT.jar:0.6.0-490b689-SNAPSHOT]
	at org.apache.ratis.grpc.client.GrpcClientProtocolService$OrderedRequestStreamObserver.processClientRequest(GrpcClientProtocolService.java:331) ~[ratis-grpc-0.6.0-490b689-SNAPSHOT.jar:0.6.0-490b689-SNAPSHOT]
	at org.apache.ratis.util.SlidingWindow$Server.processRequestsFromHead(SlidingWindow.java:429) [ratis-common-0.6.0-490b689-SNAPSHOT.jar:0.6.0-490b689-SNAPSHOT]
	at org.apache.ratis.util.SlidingWindow$Server.receivedRequest(SlidingWindow.java:421) [ratis-common-0.6.0-490b689-SNAPSHOT.jar:0.6.0-490b689-SNAPSHOT]
	at org.apache.ratis.grpc.client.GrpcClientProtocolService$OrderedRequestStreamObserver.processClientRequest(GrpcClientProtocolService.java:355) [ratis-grpc-0.6.0-490b689-SNAPSHOT.jar:0.6.0-490b689-SNAPSHOT]
	at org.apache.ratis.grpc.client.GrpcClientProtocolService$RequestStreamObserver.onNext(GrpcClientProtocolService.java:245) [ratis-grpc-0.6.0-490b689-SNAPSHOT.jar:0.6.0-490b689-SNAPSHOT]
	at org.apache.ratis.grpc.client.GrpcClientProtocolService$RequestStreamObserver.onNext(GrpcClientProtocolService.java:168) [ratis-grpc-0.6.0-490b689-SNAPSHOT.jar:0.6.0-490b689-SNAPSHOT]
	at org.apache.ratis.thirdparty.io.grpc.stub.ServerCalls$StreamingServerCallHandler$StreamingServerCallListener.onMessage(ServerCalls.java:251) [ratis-thirdparty-misc-0.3.0.jar:0.3.0]
	at org.apache.ratis.thirdparty.io.grpc.internal.ServerCallImpl$ServerStreamListenerImpl.messagesAvailableInternal(ServerCallImpl.java:309) [ratis-thirdparty-misc-0.3.0.jar:0.3.0]
	at org.apache.ratis.thirdparty.io.grpc.internal.ServerCallImpl$ServerStreamListenerImpl.messagesAvailable(ServerCallImpl.java:292) [ratis-thirdparty-misc-0.3.0.jar:0.3.0]
	at org.apache.ratis.thirdparty.io.grpc.internal.ServerImpl$JumpToApplicationThreadServerStreamListener$1MessagesAvailable.runInContext(ServerImpl.java:779) [ratis-thirdparty-misc-0.3.0.jar:0.3.0]
	at org.apache.ratis.thirdparty.io.grpc.internal.ContextRunnable.run(ContextRunnable.java:37) [ratis-thirdparty-misc-0.3.0.jar:0.3.0]
	at org.apache.ratis.thirdparty.io.grpc.internal.SerializingExecutor.run(SerializingExecutor.java:123) [ratis-thirdparty-misc-0.3.0.jar:0.3.0]
	at java.util.concurrent.ThreadPoolExecutor.runWorker(ThreadPoolExecutor.java:1149) [?:1.8.0_232]
	at java.util.concurrent.ThreadPoolExecutor$Worker.run(ThreadPoolExecutor.java:624) [?:1.8.0_232]
	at java.lang.Thread.run(Thread.java:748) [?:1.8.0_232]
2020-04-27 22:06:13,375 [RatisApplyTransactionExecutor 1] INFO  interfaces.Container (KeyValueContainer.java:flushAndSyncDB(387)) - Container 1 is synced with bcsId 6.
2020-04-27 22:06:13,376 [RatisApplyTransactionExecutor 1] INFO  interfaces.Container (KeyValueContainer.java:flushAndSyncDB(387)) - Container 1 is synced with bcsId 6.
2020-04-27 22:06:13,381 [RatisApplyTransactionExecutor 1] INFO  interfaces.Container (KeyValueContainer.java:close(325)) - Container 1 is closed with bcsId 6.
2020-04-27 22:06:13,399 [main] INFO  io.BlockOutputStreamEntryPool (BlockOutputStreamEntryPool.java:allocateNewBlock(284)) - Allocating block with ExcludeList {datanodes = [], containerIds = [#1], pipelineIds = []}
2020-04-27 22:06:14,669 [main] INFO  io.BlockOutputStreamEntryPool (BlockOutputStreamEntryPool.java:allocateNewBlock(284)) - Allocating block with ExcludeList {datanodes = [], containerIds = [#1], pipelineIds = []}
2020-04-27 22:06:16,241 [main] INFO  ozone.MiniOzoneClusterImpl (MiniOzoneClusterImpl.java:shutdown(387)) - Shutting down the Mini Ozone Cluster
2020-04-27 22:06:16,242 [main] INFO  ozone.MiniOzoneClusterImpl (MiniOzoneClusterImpl.java:stop(402)) - Stopping the Mini Ozone Cluster
2020-04-27 22:06:16,242 [main] INFO  ozone.MiniOzoneClusterImpl (MiniOzoneClusterImpl.java:stopOM(484)) - Stopping the OzoneManager
2020-04-27 22:06:16,242 [main] INFO  ipc.Server (Server.java:stop(3082)) - Stopping server on 36607
2020-04-27 22:06:16,245 [IPC Server Responder] INFO  ipc.Server (Server.java:run(1319)) - Stopping IPC Server Responder
2020-04-27 22:06:16,245 [IPC Server listener on 36607] INFO  ipc.Server (Server.java:run(1185)) - Stopping IPC Server listener on 36607
2020-04-27 22:06:16,245 [main] INFO  ratis.OzoneManagerDoubleBuffer (OzoneManagerDoubleBuffer.java:stop(272)) - Stopping OMDoubleBuffer flush thread
2020-04-27 22:06:16,253 [OMDoubleBufferFlushThread] INFO  ratis.OzoneManagerDoubleBuffer (OzoneManagerDoubleBuffer.java:flushTransactions(206)) - OMDoubleBuffer flush thread OMDoubleBufferFlushThread is interrupted and will exit. OMDoubleBufferFlushThread
2020-04-27 22:06:16,253 [main] INFO  utils.BackgroundService (BackgroundService.java:shutdown(157)) - Shutting down service KeyDeletingService
2020-04-27 22:06:16,254 [main] INFO  handler.ContextHandler (ContextHandler.java:doStop(1016)) - Stopped o.e.j.w.WebAppContext@6a883776{ozoneManager,/,null,UNAVAILABLE}{file:/github/workspace/mnt/ozone/hadoop-ozone/integration-test/target/test-classes/webapps/ozoneManager}
2020-04-27 22:06:16,255 [main] INFO  server.AbstractConnector (AbstractConnector.java:doStop(380)) - Stopped ServerConnector@2ff415a8{HTTP/1.1,[http/1.1]}{0.0.0.0:0}
2020-04-27 22:06:16,255 [main] INFO  server.session (HouseKeeper.java:stopScavenging(158)) - node0 Stopped scavenging
2020-04-27 22:06:16,256 [main] INFO  handler.ContextHandler (ContextHandler.java:doStop(1016)) - Stopped o.e.j.s.ServletContextHandler@789121db{static,/static,file:///github/workspace/mnt/ozone/hadoop-ozone/integration-test/target/test-classes/webapps/static,UNAVAILABLE}
2020-04-27 22:06:16,256 [main] INFO  handler.ContextHandler (ContextHandler.java:doStop(1016)) - Stopped o.e.j.s.ServletContextHandler@4e13ac96{logs,/logs,file:///github/workspace/mnt/ozone/hadoop-ozone/integration-test/target/log,UNAVAILABLE}
2020-04-27 22:06:16,260 [main] INFO  ozone.MiniOzoneClusterImpl (MiniOzoneClusterImpl.java:stopDatanodes(461)) - Stopping the HddsDatanodes
2020-04-27 22:06:17,208 [Datanode State Machine Thread - 0] INFO  statemachine.DatanodeStateMachine (DatanodeStateMachine.java:lambda$startDaemon$0(376)) - Ozone container server started.
2020-04-27 22:06:17,212 [Datanode State Machine Thread - 0] INFO  statemachine.DatanodeStateMachine (DatanodeStateMachine.java:lambda$startDaemon$0(376)) - Ozone container server started.
2020-04-27 22:06:21,261 [main] INFO  ozoneimpl.OzoneContainer (OzoneContainer.java:stop(246)) - Attempting to stop container services.
2020-04-27 22:06:21,261 [main] INFO  impl.RaftServerProxy (RaftServerProxy.java:lambda$close$4(314)) - c0969769-aa36-4254-80bf-14e01cf29afd: close
2020-04-27 22:06:21,261 [ForkJoinPool.commonPool-worker-1] INFO  ozoneimpl.OzoneContainer (OzoneContainer.java:stop(246)) - Attempting to stop container services.
2020-04-27 22:06:21,262 [main] INFO  impl.RaftServerImpl (RaftServerImpl.java:lambda$shutdown$3(249)) - c0969769-aa36-4254-80bf-14e01cf29afd@group-976282C6C226: shutdown
2020-04-27 22:06:21,262 [ForkJoinPool.commonPool-worker-1] INFO  impl.RaftServerProxy (RaftServerProxy.java:lambda$close$4(314)) - c3bc2ae2-91d1-488e-9e90-a9189158d07d: close
2020-04-27 22:06:21,262 [main] INFO  util.JmxRegister (JmxRegister.java:unregister(73)) - Successfully un-registered JMX Bean with object name Ratis:service=RaftServer,group=group-976282C6C226,id=c0969769-aa36-4254-80bf-14e01cf29afd
2020-04-27 22:06:21,262 [ForkJoinPool.commonPool-worker-1] INFO  impl.RaftServerImpl (RaftServerImpl.java:lambda$shutdown$3(249)) - c3bc2ae2-91d1-488e-9e90-a9189158d07d@group-24250CBC26B3: shutdown
2020-04-27 22:06:21,262 [main] INFO  impl.RoleInfo (RoleInfo.java:shutdownFollowerState(121)) - c0969769-aa36-4254-80bf-14e01cf29afd: shutdown FollowerState
2020-04-27 22:06:21,263 [ForkJoinPool.commonPool-worker-1] INFO  util.JmxRegister (JmxRegister.java:unregister(73)) - Successfully un-registered JMX Bean with object name Ratis:service=RaftServer,group=group-24250CBC26B3,id=c3bc2ae2-91d1-488e-9e90-a9189158d07d
2020-04-27 22:06:21,263 [Thread-476] INFO  impl.FollowerState (FollowerState.java:run(117)) - c0969769-aa36-4254-80bf-14e01cf29afd@group-976282C6C226-FollowerState was interrupted: java.lang.InterruptedException: sleep interrupted
2020-04-27 22:06:21,263 [ForkJoinPool.commonPool-worker-1] INFO  impl.RoleInfo (RoleInfo.java:shutdownLeaderState(104)) - c3bc2ae2-91d1-488e-9e90-a9189158d07d: shutdown LeaderState
2020-04-27 22:06:21,263 [ForkJoinPool.commonPool-worker-1] INFO  impl.PendingRequests (PendingRequests.java:sendNotLeaderResponses(240)) - c3bc2ae2-91d1-488e-9e90-a9189158d07d@group-24250CBC26B3-PendingRequests: sendNotLeaderResponses
2020-04-27 22:06:21,263 [c0969769-aa36-4254-80bf-14e01cf29afd@group-976282C6C226-StateMachineUpdater] INFO  ratis.ContainerStateMachine (ContainerStateMachine.java:takeSnapshot(288)) - group-976282C6C226: Taking a snapshot at:(t:3, i:46) file /github/workspace/mnt/ozone/hadoop-ozone/integration-test/target/test-dir/MiniOzoneClusterImpl-87458686-d964-4780-b149-8f8debb88dcf/datanode-1/data/ratis/8ad318fe-8f4d-45b2-8a67-976282c6c226/sm/snapshot.3_46
2020-04-27 22:06:21,263 [main] INFO  impl.StateMachineUpdater (StateMachineUpdater.java:stopAndJoin(139)) - c0969769-aa36-4254-80bf-14e01cf29afd@group-976282C6C226-StateMachineUpdater: set stopIndex = 46
2020-04-27 22:06:21,263 [ForkJoinPool.commonPool-worker-1] INFO  metrics.RatisMetrics (RatisMetrics.java:unregister(46)) - Unregistering Metrics Registry : ratis.log_appender.c3bc2ae2-91d1-488e-9e90-a9189158d07d@group-24250CBC26B3
2020-04-27 22:06:21,265 [ForkJoinPool.commonPool-worker-1] INFO  impl.StateMachineUpdater (StateMachineUpdater.java:stopAndJoin(139)) - c3bc2ae2-91d1-488e-9e90-a9189158d07d@group-24250CBC26B3-StateMachineUpdater: set stopIndex = 0
2020-04-27 22:06:21,265 [c3bc2ae2-91d1-488e-9e90-a9189158d07d@group-24250CBC26B3-StateMachineUpdater] INFO  ratis.ContainerStateMachine (ContainerStateMachine.java:takeSnapshot(288)) - group-24250CBC26B3: Taking a snapshot at:(t:1, i:0) file /github/workspace/mnt/ozone/hadoop-ozone/integration-test/target/test-dir/MiniOzoneClusterImpl-87458686-d964-4780-b149-8f8debb88dcf/datanode-0/data/ratis/2c9a9ec1-1d3c-4b40-80ff-24250cbc26b3/sm/snapshot.1_0
2020-04-27 22:06:21,266 [c0969769-aa36-4254-80bf-14e01cf29afd@group-976282C6C226-StateMachineUpdater] INFO  ratis.ContainerStateMachine (ContainerStateMachine.java:takeSnapshot(299)) - group-976282C6C226: Finished taking a snapshot at:(t:3, i:46) file:/github/workspace/mnt/ozone/hadoop-ozone/integration-test/target/test-dir/MiniOzoneClusterImpl-87458686-d964-4780-b149-8f8debb88dcf/datanode-1/data/ratis/8ad318fe-8f4d-45b2-8a67-976282c6c226/sm/snapshot.3_46 time:2
2020-04-27 22:06:21,266 [c0969769-aa36-4254-80bf-14e01cf29afd@group-976282C6C226-StateMachineUpdater] INFO  impl.StateMachineUpdater (StateMachineUpdater.java:takeSnapshot(274)) - c0969769-aa36-4254-80bf-14e01cf29afd@group-976282C6C226-StateMachineUpdater: Took a snapshot at index 46
2020-04-27 22:06:21,266 [c0969769-aa36-4254-80bf-14e01cf29afd@group-976282C6C226-StateMachineUpdater] INFO  impl.StateMachineUpdater (StateMachineUpdater.java:lambda$new$0(86)) - c0969769-aa36-4254-80bf-14e01cf29afd@group-976282C6C226-StateMachineUpdater: snapshotIndex: updateIncreasingly -1 -> 46
2020-04-27 22:06:21,267 [c0969769-aa36-4254-80bf-14e01cf29afd@group-976282C6C226-StateMachineUpdater] INFO  metrics.RatisMetrics (RatisMetrics.java:unregister(46)) - Unregistering Metrics Registry : ratis.state_machine.c0969769-aa36-4254-80bf-14e01cf29afd@group-976282C6C226
2020-04-27 22:06:21,267 [main] INFO  impl.RaftServerImpl (ServerState.java:close(387)) - c0969769-aa36-4254-80bf-14e01cf29afd@group-976282C6C226: closes. applyIndex: 46
2020-04-27 22:06:21,267 [c3bc2ae2-91d1-488e-9e90-a9189158d07d@group-24250CBC26B3-StateMachineUpdater] INFO  ratis.ContainerStateMachine (ContainerStateMachine.java:takeSnapshot(299)) - group-24250CBC26B3: Finished taking a snapshot at:(t:1, i:0) file:/github/workspace/mnt/ozone/hadoop-ozone/integration-test/target/test-dir/MiniOzoneClusterImpl-87458686-d964-4780-b149-8f8debb88dcf/datanode-0/data/ratis/2c9a9ec1-1d3c-4b40-80ff-24250cbc26b3/sm/snapshot.1_0 time:1
2020-04-27 22:06:21,267 [c0969769-aa36-4254-80bf-14e01cf29afd@group-976282C6C226-SegmentedRaftLogWorker] INFO  segmented.SegmentedRaftLogWorker (SegmentedRaftLogWorker.java:run(321)) - c0969769-aa36-4254-80bf-14e01cf29afd@group-976282C6C226-SegmentedRaftLogWorker was interrupted, exiting. There are 0 tasks remaining in the queue.
2020-04-27 22:06:21,267 [c3bc2ae2-91d1-488e-9e90-a9189158d07d@group-24250CBC26B3-StateMachineUpdater] INFO  impl.StateMachineUpdater (StateMachineUpdater.java:takeSnapshot(274)) - c3bc2ae2-91d1-488e-9e90-a9189158d07d@group-24250CBC26B3-StateMachineUpdater: Took a snapshot at index 0
2020-04-27 22:06:21,267 [c3bc2ae2-91d1-488e-9e90-a9189158d07d@group-24250CBC26B3-StateMachineUpdater] INFO  impl.StateMachineUpdater (StateMachineUpdater.java:lambda$new$0(86)) - c3bc2ae2-91d1-488e-9e90-a9189158d07d@group-24250CBC26B3-StateMachineUpdater: snapshotIndex: updateIncreasingly -1 -> 0
2020-04-27 22:06:21,267 [main] INFO  segmented.SegmentedRaftLogWorker (SegmentedRaftLogWorker.java:close(229)) - c0969769-aa36-4254-80bf-14e01cf29afd@group-976282C6C226-SegmentedRaftLogWorker close()
2020-04-27 22:06:21,268 [c3bc2ae2-91d1-488e-9e90-a9189158d07d@group-24250CBC26B3-StateMachineUpdater] INFO  metrics.RatisMetrics (RatisMetrics.java:unregister(46)) - Unregistering Metrics Registry : ratis.state_machine.c3bc2ae2-91d1-488e-9e90-a9189158d07d@group-24250CBC26B3
2020-04-27 22:06:21,268 [ForkJoinPool.commonPool-worker-1] INFO  impl.RaftServerImpl (ServerState.java:close(387)) - c3bc2ae2-91d1-488e-9e90-a9189158d07d@group-24250CBC26B3: closes. applyIndex: 0
2020-04-27 22:06:21,269 [main] INFO  metrics.RatisMetrics (RatisMetrics.java:unregister(46)) - Unregistering Metrics Registry : ratis.log_worker.c0969769-aa36-4254-80bf-14e01cf29afd
2020-04-27 22:06:21,269 [main] INFO  metrics.RatisMetrics (RatisMetrics.java:unregister(46)) - Unregistering Metrics Registry : ratis.leader_election.c0969769-aa36-4254-80bf-14e01cf29afd@group-976282C6C226
2020-04-27 22:06:21,269 [main] INFO  metrics.RatisMetrics (RatisMetrics.java:unregister(46)) - Unregistering Metrics Registry : ratis.server.c0969769-aa36-4254-80bf-14e01cf29afd@group-976282C6C226
2020-04-27 22:06:21,270 [main] INFO  impl.RaftServerImpl (RaftServerImpl.java:lambda$shutdown$3(249)) - c0969769-aa36-4254-80bf-14e01cf29afd@group-2DBBDB4BF8BC: shutdown
2020-04-27 22:06:21,270 [main] INFO  util.JmxRegister (JmxRegister.java:unregister(73)) - Successfully un-registered JMX Bean with object name Ratis:service=RaftServer,group=group-2DBBDB4BF8BC,id=c0969769-aa36-4254-80bf-14e01cf29afd
2020-04-27 22:06:21,270 [main] INFO  impl.RoleInfo (RoleInfo.java:shutdownLeaderState(104)) - c0969769-aa36-4254-80bf-14e01cf29afd: shutdown LeaderState
2020-04-27 22:06:21,270 [main] INFO  impl.PendingRequests (PendingRequests.java:sendNotLeaderResponses(240)) - c0969769-aa36-4254-80bf-14e01cf29afd@group-2DBBDB4BF8BC-PendingRequests: sendNotLeaderResponses
2020-04-27 22:06:21,270 [main] INFO  metrics.RatisMetrics (RatisMetrics.java:unregister(46)) - Unregistering Metrics Registry : ratis.log_appender.c0969769-aa36-4254-80bf-14e01cf29afd@group-2DBBDB4BF8BC
2020-04-27 22:06:21,271 [main] INFO  impl.StateMachineUpdater (StateMachineUpdater.java:stopAndJoin(139)) - c0969769-aa36-4254-80bf-14e01cf29afd@group-2DBBDB4BF8BC-StateMachineUpdater: set stopIndex = 0
2020-04-27 22:06:21,271 [c0969769-aa36-4254-80bf-14e01cf29afd@group-2DBBDB4BF8BC-StateMachineUpdater] INFO  ratis.ContainerStateMachine (ContainerStateMachine.java:takeSnapshot(288)) - group-2DBBDB4BF8BC: Taking a snapshot at:(t:1, i:0) file /github/workspace/mnt/ozone/hadoop-ozone/integration-test/target/test-dir/MiniOzoneClusterImpl-87458686-d964-4780-b149-8f8debb88dcf/datanode-1/data/ratis/4097de1c-19b4-4d37-859c-2dbbdb4bf8bc/sm/snapshot.1_0
2020-04-27 22:06:21,271 [c3bc2ae2-91d1-488e-9e90-a9189158d07d@group-24250CBC26B3-SegmentedRaftLogWorker] INFO  segmented.SegmentedRaftLogWorker (SegmentedRaftLogWorker.java:run(321)) - c3bc2ae2-91d1-488e-9e90-a9189158d07d@group-24250CBC26B3-SegmentedRaftLogWorker was interrupted, exiting. There are 0 tasks remaining in the queue.
2020-04-27 22:06:21,272 [ForkJoinPool.commonPool-worker-1] INFO  segmented.SegmentedRaftLogWorker (SegmentedRaftLogWorker.java:close(229)) - c3bc2ae2-91d1-488e-9e90-a9189158d07d@group-24250CBC26B3-SegmentedRaftLogWorker close()
2020-04-27 22:06:21,272 [c0969769-aa36-4254-80bf-14e01cf29afd@group-2DBBDB4BF8BC-StateMachineUpdater] INFO  ratis.ContainerStateMachine (ContainerStateMachine.java:takeSnapshot(299)) - group-2DBBDB4BF8BC: Finished taking a snapshot at:(t:1, i:0) file:/github/workspace/mnt/ozone/hadoop-ozone/integration-test/target/test-dir/MiniOzoneClusterImpl-87458686-d964-4780-b149-8f8debb88dcf/datanode-1/data/ratis/4097de1c-19b4-4d37-859c-2dbbdb4bf8bc/sm/snapshot.1_0 time:1
2020-04-27 22:06:21,272 [c0969769-aa36-4254-80bf-14e01cf29afd@group-2DBBDB4BF8BC-StateMachineUpdater] INFO  impl.StateMachineUpdater (StateMachineUpdater.java:takeSnapshot(274)) - c0969769-aa36-4254-80bf-14e01cf29afd@group-2DBBDB4BF8BC-StateMachineUpdater: Took a snapshot at index 0
2020-04-27 22:06:21,272 [c0969769-aa36-4254-80bf-14e01cf29afd@group-2DBBDB4BF8BC-StateMachineUpdater] INFO  impl.StateMachineUpdater (StateMachineUpdater.java:lambda$new$0(86)) - c0969769-aa36-4254-80bf-14e01cf29afd@group-2DBBDB4BF8BC-StateMachineUpdater: snapshotIndex: updateIncreasingly -1 -> 0
2020-04-27 22:06:21,273 [c0969769-aa36-4254-80bf-14e01cf29afd@group-2DBBDB4BF8BC-StateMachineUpdater] INFO  metrics.RatisMetrics (RatisMetrics.java:unregister(46)) - Unregistering Metrics Registry : ratis.state_machine.c0969769-aa36-4254-80bf-14e01cf29afd@group-2DBBDB4BF8BC
2020-04-27 22:06:21,273 [main] INFO  impl.RaftServerImpl (ServerState.java:close(387)) - c0969769-aa36-4254-80bf-14e01cf29afd@group-2DBBDB4BF8BC: closes. applyIndex: 0
2020-04-27 22:06:21,273 [ForkJoinPool.commonPool-worker-1] INFO  metrics.RatisMetrics (RatisMetrics.java:unregister(46)) - Unregistering Metrics Registry : ratis.log_worker.c3bc2ae2-91d1-488e-9e90-a9189158d07d
2020-04-27 22:06:21,273 [c0969769-aa36-4254-80bf-14e01cf29afd@group-2DBBDB4BF8BC-SegmentedRaftLogWorker] INFO  segmented.SegmentedRaftLogWorker (SegmentedRaftLogWorker.java:run(321)) - c0969769-aa36-4254-80bf-14e01cf29afd@group-2DBBDB4BF8BC-SegmentedRaftLogWorker was interrupted, exiting. There are 0 tasks remaining in the queue.
2020-04-27 22:06:21,274 [ForkJoinPool.commonPool-worker-1] INFO  metrics.RatisMetrics (RatisMetrics.java:unregister(46)) - Unregistering Metrics Registry : ratis.leader_election.c3bc2ae2-91d1-488e-9e90-a9189158d07d@group-24250CBC26B3
2020-04-27 22:06:21,274 [ForkJoinPool.commonPool-worker-1] INFO  metrics.RatisMetrics (RatisMetrics.java:unregister(46)) - Unregistering Metrics Registry : ratis.server.c3bc2ae2-91d1-488e-9e90-a9189158d07d@group-24250CBC26B3
2020-04-27 22:06:21,274 [main] INFO  segmented.SegmentedRaftLogWorker (SegmentedRaftLogWorker.java:close(229)) - c0969769-aa36-4254-80bf-14e01cf29afd@group-2DBBDB4BF8BC-SegmentedRaftLogWorker close()
2020-04-27 22:06:21,274 [ForkJoinPool.commonPool-worker-1] INFO  impl.RaftServerImpl (RaftServerImpl.java:lambda$shutdown$3(249)) - c3bc2ae2-91d1-488e-9e90-a9189158d07d@group-976282C6C226: shutdown
2020-04-27 22:06:21,274 [main] INFO  metrics.RatisMetrics (RatisMetrics.java:unregister(46)) - Unregistering Metrics Registry : ratis.log_worker.c0969769-aa36-4254-80bf-14e01cf29afd
2020-04-27 22:06:21,275 [main] INFO  metrics.RatisMetrics (RatisMetrics.java:unregister(46)) - Unregistering Metrics Registry : ratis.leader_election.c0969769-aa36-4254-80bf-14e01cf29afd@group-2DBBDB4BF8BC
2020-04-27 22:06:21,275 [main] INFO  metrics.RatisMetrics (RatisMetrics.java:unregister(46)) - Unregistering Metrics Registry : ratis.server.c0969769-aa36-4254-80bf-14e01cf29afd@group-2DBBDB4BF8BC
2020-04-27 22:06:21,275 [ForkJoinPool.commonPool-worker-1] INFO  util.JmxRegister (JmxRegister.java:unregister(73)) - Successfully un-registered JMX Bean with object name Ratis:service=RaftServer,group=group-976282C6C226,id=c3bc2ae2-91d1-488e-9e90-a9189158d07d
2020-04-27 22:06:21,275 [ForkJoinPool.commonPool-worker-1] INFO  impl.RoleInfo (RoleInfo.java:shutdownLeaderState(104)) - c3bc2ae2-91d1-488e-9e90-a9189158d07d: shutdown LeaderState
2020-04-27 22:06:21,275 [main] INFO  server.GrpcService (GrpcService.java:closeImpl(165)) - c0969769-aa36-4254-80bf-14e01cf29afd: shutdown server with port 41769 now
2020-04-27 22:06:21,276 [org.apache.ratis.server.impl.LogAppender$AppenderDaemon$$Lambda$442/1749133073@2188b1f5] WARN  server.GrpcLogAppender (GrpcLogAppender.java:mayWait(153)) - c3bc2ae2-91d1-488e-9e90-a9189158d07d@group-976282C6C226->c0969769-aa36-4254-80bf-14e01cf29afd-GrpcLogAppender: Wait interrupted by java.lang.InterruptedException
2020-04-27 22:06:21,276 [ForkJoinPool.commonPool-worker-1] INFO  impl.PendingRequests (PendingRequests.java:sendNotLeaderResponses(240)) - c3bc2ae2-91d1-488e-9e90-a9189158d07d@group-976282C6C226-PendingRequests: sendNotLeaderResponses
2020-04-27 22:06:21,276 [org.apache.ratis.server.impl.LogAppender$AppenderDaemon$$Lambda$442/1749133073@533f308d] WARN  server.GrpcLogAppender (GrpcLogAppender.java:mayWait(153)) - c3bc2ae2-91d1-488e-9e90-a9189158d07d@group-976282C6C226->583c6497-c40e-42b3-9211-ce20d6e17cc4-GrpcLogAppender: Wait interrupted by java.lang.InterruptedException
2020-04-27 22:06:21,278 [grpc-default-executor-2] INFO  server.GrpcServerProtocolService (GrpcServerProtocolService.java:onCompleted(137)) - c0969769-aa36-4254-80bf-14e01cf29afd: Completed APPEND_ENTRIES, lastRequest: c3bc2ae2-91d1-488e-9e90-a9189158d07d->c0969769-aa36-4254-80bf-14e01cf29afd#50-t3, previous=(t:3, i:45), leaderCommit=44, initializing? false, entries: size=1, first=(t:3, i:46), METADATAENTRY(c:44)
2020-04-27 22:06:21,279 [grpc-default-executor-2] INFO  server.GrpcServerProtocolService (GrpcServerProtocolService.java:onCompleted(137)) - 583c6497-c40e-42b3-9211-ce20d6e17cc4: Completed APPEND_ENTRIES, lastRequest: c3bc2ae2-91d1-488e-9e90-a9189158d07d->583c6497-c40e-42b3-9211-ce20d6e17cc4#46-t3, previous=(t:3, i:45), leaderCommit=44, initializing? false, entries: size=1, first=(t:3, i:46), METADATAENTRY(c:44)
2020-04-27 22:06:21,281 [grpc-default-executor-1] INFO  server.GrpcLogAppender (GrpcLogAppender.java:onCompleted(309)) - c3bc2ae2-91d1-488e-9e90-a9189158d07d@group-976282C6C226->583c6497-c40e-42b3-9211-ce20d6e17cc4-AppendLogResponseHandler: follower responses appendEntries COMPLETED
2020-04-27 22:06:21,281 [grpc-default-executor-0] INFO  server.GrpcLogAppender (GrpcLogAppender.java:onCompleted(309)) - c3bc2ae2-91d1-488e-9e90-a9189158d07d@group-976282C6C226->c0969769-aa36-4254-80bf-14e01cf29afd-AppendLogResponseHandler: follower responses appendEntries COMPLETED
2020-04-27 22:06:21,285 [ForkJoinPool.commonPool-worker-1] INFO  metrics.RatisMetrics (RatisMetrics.java:unregister(46)) - Unregistering Metrics Registry : ratis.log_appender.c3bc2ae2-91d1-488e-9e90-a9189158d07d@group-976282C6C226
2020-04-27 22:06:21,285 [ForkJoinPool.commonPool-worker-1] INFO  impl.StateMachineUpdater (StateMachineUpdater.java:stopAndJoin(139)) - c3bc2ae2-91d1-488e-9e90-a9189158d07d@group-976282C6C226-StateMachineUpdater: set stopIndex = 46
2020-04-27 22:06:21,286 [c3bc2ae2-91d1-488e-9e90-a9189158d07d@group-976282C6C226-StateMachineUpdater] INFO  ratis.ContainerStateMachine (ContainerStateMachine.java:takeSnapshot(288)) - group-976282C6C226: Taking a snapshot at:(t:3, i:46) file /github/workspace/mnt/ozone/hadoop-ozone/integration-test/target/test-dir/MiniOzoneClusterImpl-87458686-d964-4780-b149-8f8debb88dcf/datanode-0/data/ratis/8ad318fe-8f4d-45b2-8a67-976282c6c226/sm/snapshot.3_46
2020-04-27 22:06:21,287 [grpc-default-executor-0] INFO  impl.FollowerInfo (FollowerInfo.java:lambda$new$0(50)) - c3bc2ae2-91d1-488e-9e90-a9189158d07d@group-976282C6C226->c0969769-aa36-4254-80bf-14e01cf29afd: nextIndex: updateUnconditionally 47 -> 46
2020-04-27 22:06:21,288 [grpc-default-executor-1] INFO  impl.FollowerInfo (FollowerInfo.java:lambda$new$0(50)) - c3bc2ae2-91d1-488e-9e90-a9189158d07d@group-976282C6C226->583c6497-c40e-42b3-9211-ce20d6e17cc4: nextIndex: updateUnconditionally 47 -> 46
2020-04-27 22:06:21,288 [c3bc2ae2-91d1-488e-9e90-a9189158d07d@group-976282C6C226-StateMachineUpdater] INFO  ratis.ContainerStateMachine (ContainerStateMachine.java:takeSnapshot(299)) - group-976282C6C226: Finished taking a snapshot at:(t:3, i:46) file:/github/workspace/mnt/ozone/hadoop-ozone/integration-test/target/test-dir/MiniOzoneClusterImpl-87458686-d964-4780-b149-8f8debb88dcf/datanode-0/data/ratis/8ad318fe-8f4d-45b2-8a67-976282c6c226/sm/snapshot.3_46 time:2
2020-04-27 22:06:21,289 [c3bc2ae2-91d1-488e-9e90-a9189158d07d@group-976282C6C226-StateMachineUpdater] INFO  impl.StateMachineUpdater (StateMachineUpdater.java:takeSnapshot(274)) - c3bc2ae2-91d1-488e-9e90-a9189158d07d@group-976282C6C226-StateMachineUpdater: Took a snapshot at index 46
2020-04-27 22:06:21,289 [c3bc2ae2-91d1-488e-9e90-a9189158d07d@group-976282C6C226-StateMachineUpdater] INFO  impl.StateMachineUpdater (StateMachineUpdater.java:lambda$new$0(86)) - c3bc2ae2-91d1-488e-9e90-a9189158d07d@group-976282C6C226-StateMachineUpdater: snapshotIndex: updateIncreasingly -1 -> 46
2020-04-27 22:06:21,289 [c3bc2ae2-91d1-488e-9e90-a9189158d07d@group-976282C6C226-StateMachineUpdater] INFO  metrics.RatisMetrics (RatisMetrics.java:unregister(46)) - Unregistering Metrics Registry : ratis.state_machine.c3bc2ae2-91d1-488e-9e90-a9189158d07d@group-976282C6C226
2020-04-27 22:06:21,289 [ForkJoinPool.commonPool-worker-1] INFO  impl.RaftServerImpl (ServerState.java:close(387)) - c3bc2ae2-91d1-488e-9e90-a9189158d07d@group-976282C6C226: closes. applyIndex: 46
2020-04-27 22:06:21,290 [c3bc2ae2-91d1-488e-9e90-a9189158d07d@group-976282C6C226-SegmentedRaftLogWorker] INFO  segmented.SegmentedRaftLogWorker (SegmentedRaftLogWorker.java:run(321)) - c3bc2ae2-91d1-488e-9e90-a9189158d07d@group-976282C6C226-SegmentedRaftLogWorker was interrupted, exiting. There are 0 tasks remaining in the queue.
2020-04-27 22:06:21,290 [ForkJoinPool.commonPool-worker-1] INFO  segmented.SegmentedRaftLogWorker (SegmentedRaftLogWorker.java:close(229)) - c3bc2ae2-91d1-488e-9e90-a9189158d07d@group-976282C6C226-SegmentedRaftLogWorker close()
2020-04-27 22:06:21,290 [ForkJoinPool.commonPool-worker-1] INFO  metrics.RatisMetrics (RatisMetrics.java:unregister(46)) - Unregistering Metrics Registry : ratis.log_worker.c3bc2ae2-91d1-488e-9e90-a9189158d07d
2020-04-27 22:06:21,291 [ForkJoinPool.commonPool-worker-1] INFO  metrics.RatisMetrics (RatisMetrics.java:unregister(46)) - Unregistering Metrics Registry : ratis.leader_election.c3bc2ae2-91d1-488e-9e90-a9189158d07d@group-976282C6C226
2020-04-27 22:06:21,291 [ForkJoinPool.commonPool-worker-1] INFO  metrics.RatisMetrics (RatisMetrics.java:unregister(46)) - Unregistering Metrics Registry : ratis.server.c3bc2ae2-91d1-488e-9e90-a9189158d07d@group-976282C6C226
2020-04-27 22:06:21,291 [ForkJoinPool.commonPool-worker-1] INFO  server.GrpcService (GrpcService.java:closeImpl(165)) - c3bc2ae2-91d1-488e-9e90-a9189158d07d: shutdown server with port 38589 now
2020-04-27 22:06:21,293 [grpc-default-executor-0] WARN  client.GrpcClientProtocolService (LogUtils.java:warn(122)) - 3-UnorderedRequestStreamObserver3: onError: org.apache.ratis.thirdparty.io.grpc.StatusRuntimeException: CANCELLED: cancelled before receiving half close
2020-04-27 22:06:21,300 [ForkJoinPool.commonPool-worker-1] INFO  server.GrpcService (GrpcService.java:closeImpl(173)) - c3bc2ae2-91d1-488e-9e90-a9189158d07d: shutdown server with port 38589 successfully
2020-04-27 22:06:21,306 [main] INFO  server.GrpcService (GrpcService.java:closeImpl(173)) - c0969769-aa36-4254-80bf-14e01cf29afd: shutdown server with port 41769 successfully
2020-04-27 22:06:21,352 [main] INFO  utils.BackgroundService (BackgroundService.java:shutdown(157)) - Shutting down service BlockDeletingService
2020-04-27 22:06:21,354 [ForkJoinPool.commonPool-worker-1] INFO  utils.BackgroundService (BackgroundService.java:shutdown(157)) - Shutting down service BlockDeletingService
2020-04-27 22:06:21,358 [main] INFO  statemachine.DatanodeStateMachine (DatanodeStateMachine.java:stopDaemon(424)) - Ozone container server stopped.
2020-04-27 22:06:21,359 [main] INFO  handler.ContextHandler (ContextHandler.java:doStop(1016)) - Stopped o.e.j.w.WebAppContext@2a2e0e40{hddsDatanode,/,null,UNAVAILABLE}{jar:file:/home/user/.m2/repository/org/apache/hadoop/hadoop-hdds-container-service/0.6.0-SNAPSHOT/hadoop-hdds-container-service-0.6.0-SNAPSHOT.jar!/webapps/hddsDatanode}
2020-04-27 22:06:21,359 [main] INFO  server.AbstractConnector (AbstractConnector.java:doStop(380)) - Stopped ServerConnector@791cf38c{HTTP/1.1,[http/1.1]}{0.0.0.0:0}
2020-04-27 22:06:21,359 [main] INFO  server.session (HouseKeeper.java:stopScavenging(158)) - node0 Stopped scavenging
2020-04-27 22:06:21,360 [main] INFO  handler.ContextHandler (ContextHandler.java:doStop(1016)) - Stopped o.e.j.s.ServletContextHandler@2eed5e9{static,/static,jar:file:/home/user/.m2/repository/org/apache/hadoop/hadoop-hdds-container-service/0.6.0-SNAPSHOT/hadoop-hdds-container-service-0.6.0-SNAPSHOT.jar!/webapps/static,UNAVAILABLE}
2020-04-27 22:06:21,360 [main] INFO  handler.ContextHandler (ContextHandler.java:doStop(1016)) - Stopped o.e.j.s.ServletContextHandler@6b0e892a{logs,/logs,file:///github/workspace/mnt/ozone/hadoop-ozone/integration-test/target/log,UNAVAILABLE}
2020-04-27 22:06:21,376 [ForkJoinPool.commonPool-worker-1] INFO  statemachine.DatanodeStateMachine (DatanodeStateMachine.java:stopDaemon(424)) - Ozone container server stopped.
2020-04-27 22:06:21,378 [ForkJoinPool.commonPool-worker-1] INFO  handler.ContextHandler (ContextHandler.java:doStop(1016)) - Stopped o.e.j.w.WebAppContext@46a88033{hddsDatanode,/,null,UNAVAILABLE}{jar:file:/home/user/.m2/repository/org/apache/hadoop/hadoop-hdds-container-service/0.6.0-SNAPSHOT/hadoop-hdds-container-service-0.6.0-SNAPSHOT.jar!/webapps/hddsDatanode}
2020-04-27 22:06:21,379 [ForkJoinPool.commonPool-worker-1] INFO  server.AbstractConnector (AbstractConnector.java:doStop(380)) - Stopped ServerConnector@7bbf28de{HTTP/1.1,[http/1.1]}{0.0.0.0:0}
2020-04-27 22:06:21,379 [ForkJoinPool.commonPool-worker-1] INFO  server.session (HouseKeeper.java:stopScavenging(158)) - node0 Stopped scavenging
2020-04-27 22:06:21,379 [ForkJoinPool.commonPool-worker-1] INFO  handler.ContextHandler (ContextHandler.java:doStop(1016)) - Stopped o.e.j.s.ServletContextHandler@27836e0a{static,/static,jar:file:/home/user/.m2/repository/org/apache/hadoop/hadoop-hdds-container-service/0.6.0-SNAPSHOT/hadoop-hdds-container-service-0.6.0-SNAPSHOT.jar!/webapps/static,UNAVAILABLE}
2020-04-27 22:06:21,380 [ForkJoinPool.commonPool-worker-1] INFO  handler.ContextHandler (ContextHandler.java:doStop(1016)) - Stopped o.e.j.s.ServletContextHandler@67b60899{logs,/logs,file:///github/workspace/mnt/ozone/hadoop-ozone/integration-test/target/log,UNAVAILABLE}
2020-04-27 22:06:22,238 [Datanode State Machine Thread - 0] INFO  statemachine.DatanodeStateMachine (DatanodeStateMachine.java:lambda$startDaemon$0(376)) - Ozone container server started.
2020-04-27 22:06:26,376 [main] INFO  ozoneimpl.OzoneContainer (OzoneContainer.java:stop(246)) - Attempting to stop container services.
2020-04-27 22:06:26,377 [main] INFO  impl.RaftServerProxy (RaftServerProxy.java:lambda$close$4(314)) - 583c6497-c40e-42b3-9211-ce20d6e17cc4: close
2020-04-27 22:06:26,378 [main] INFO  impl.RaftServerImpl (RaftServerImpl.java:lambda$shutdown$3(249)) - 583c6497-c40e-42b3-9211-ce20d6e17cc4@group-976282C6C226: shutdown
2020-04-27 22:06:26,378 [main] INFO  util.JmxRegister (JmxRegister.java:unregister(73)) - Successfully un-registered JMX Bean with object name Ratis:service=RaftServer,group=group-976282C6C226,id=583c6497-c40e-42b3-9211-ce20d6e17cc4
2020-04-27 22:06:26,378 [main] INFO  impl.RoleInfo (RoleInfo.java:shutdownFollowerState(121)) - 583c6497-c40e-42b3-9211-ce20d6e17cc4: shutdown FollowerState
2020-04-27 22:06:26,378 [main] INFO  impl.StateMachineUpdater (StateMachineUpdater.java:stopAndJoin(139)) - 583c6497-c40e-42b3-9211-ce20d6e17cc4@group-976282C6C226-StateMachineUpdater: set stopIndex = 46
2020-04-27 22:06:26,379 [Thread-469] INFO  impl.FollowerState (FollowerState.java:run(117)) - 583c6497-c40e-42b3-9211-ce20d6e17cc4@group-976282C6C226-FollowerState was interrupted: java.lang.InterruptedException: sleep interrupted
2020-04-27 22:06:26,379 [583c6497-c40e-42b3-9211-ce20d6e17cc4@group-976282C6C226-StateMachineUpdater] INFO  ratis.ContainerStateMachine (ContainerStateMachine.java:takeSnapshot(288)) - group-976282C6C226: Taking a snapshot at:(t:3, i:46) file /github/workspace/mnt/ozone/hadoop-ozone/integration-test/target/test-dir/MiniOzoneClusterImpl-87458686-d964-4780-b149-8f8debb88dcf/datanode-2/data/ratis/8ad318fe-8f4d-45b2-8a67-976282c6c226/sm/snapshot.3_46
2020-04-27 22:06:26,382 [ForkJoinPool.commonPool-worker-0] INFO  impl.RaftServerImpl (RaftServerImpl.java:lambda$shutdown$3(249)) - 583c6497-c40e-42b3-9211-ce20d6e17cc4@group-95F673C2B998: shutdown
2020-04-27 22:06:26,383 [ForkJoinPool.commonPool-worker-0] INFO  util.JmxRegister (JmxRegister.java:unregister(73)) - Successfully un-registered JMX Bean with object name Ratis:service=RaftServer,group=group-95F673C2B998,id=583c6497-c40e-42b3-9211-ce20d6e17cc4
2020-04-27 22:06:26,383 [ForkJoinPool.commonPool-worker-0] INFO  impl.RoleInfo (RoleInfo.java:shutdownLeaderState(104)) - 583c6497-c40e-42b3-9211-ce20d6e17cc4: shutdown LeaderState
2020-04-27 22:06:26,383 [ForkJoinPool.commonPool-worker-0] INFO  impl.PendingRequests (PendingRequests.java:sendNotLeaderResponses(240)) - 583c6497-c40e-42b3-9211-ce20d6e17cc4@group-95F673C2B998-PendingRequests: sendNotLeaderResponses
2020-04-27 22:06:26,383 [ForkJoinPool.commonPool-worker-0] INFO  metrics.RatisMetrics (RatisMetrics.java:unregister(46)) - Unregistering Metrics Registry : ratis.log_appender.583c6497-c40e-42b3-9211-ce20d6e17cc4@group-95F673C2B998
2020-04-27 22:06:26,384 [583c6497-c40e-42b3-9211-ce20d6e17cc4@group-95F673C2B998-StateMachineUpdater] INFO  ratis.ContainerStateMachine (ContainerStateMachine.java:takeSnapshot(288)) - group-95F673C2B998: Taking a snapshot at:(t:1, i:0) file /github/workspace/mnt/ozone/hadoop-ozone/integration-test/target/test-dir/MiniOzoneClusterImpl-87458686-d964-4780-b149-8f8debb88dcf/datanode-2/data/ratis/d5dc71da-a718-43e3-a9bb-95f673c2b998/sm/snapshot.1_0
2020-04-27 22:06:26,384 [ForkJoinPool.commonPool-worker-0] INFO  impl.StateMachineUpdater (StateMachineUpdater.java:stopAndJoin(139)) - 583c6497-c40e-42b3-9211-ce20d6e17cc4@group-95F673C2B998-StateMachineUpdater: set stopIndex = 0
2020-04-27 22:06:26,385 [583c6497-c40e-42b3-9211-ce20d6e17cc4@group-95F673C2B998-StateMachineUpdater] INFO  ratis.ContainerStateMachine (ContainerStateMachine.java:takeSnapshot(299)) - group-95F673C2B998: Finished taking a snapshot at:(t:1, i:0) file:/github/workspace/mnt/ozone/hadoop-ozone/integration-test/target/test-dir/MiniOzoneClusterImpl-87458686-d964-4780-b149-8f8debb88dcf/datanode-2/data/ratis/d5dc71da-a718-43e3-a9bb-95f673c2b998/sm/snapshot.1_0 time:2
2020-04-27 22:06:26,386 [583c6497-c40e-42b3-9211-ce20d6e17cc4@group-95F673C2B998-StateMachineUpdater] INFO  impl.StateMachineUpdater (StateMachineUpdater.java:takeSnapshot(274)) - 583c6497-c40e-42b3-9211-ce20d6e17cc4@group-95F673C2B998-StateMachineUpdater: Took a snapshot at index 0
2020-04-27 22:06:26,386 [583c6497-c40e-42b3-9211-ce20d6e17cc4@group-95F673C2B998-StateMachineUpdater] INFO  impl.StateMachineUpdater (StateMachineUpdater.java:lambda$new$0(86)) - 583c6497-c40e-42b3-9211-ce20d6e17cc4@group-95F673C2B998-StateMachineUpdater: snapshotIndex: updateIncreasingly -1 -> 0
2020-04-27 22:06:26,386 [583c6497-c40e-42b3-9211-ce20d6e17cc4@group-95F673C2B998-StateMachineUpdater] INFO  metrics.RatisMetrics (RatisMetrics.java:unregister(46)) - Unregistering Metrics Registry : ratis.state_machine.583c6497-c40e-42b3-9211-ce20d6e17cc4@group-95F673C2B998
2020-04-27 22:06:26,386 [583c6497-c40e-42b3-9211-ce20d6e17cc4@group-976282C6C226-StateMachineUpdater] INFO  ratis.ContainerStateMachine (ContainerStateMachine.java:takeSnapshot(299)) - group-976282C6C226: Finished taking a snapshot at:(t:3, i:46) file:/github/workspace/mnt/ozone/hadoop-ozone/integration-test/target/test-dir/MiniOzoneClusterImpl-87458686-d964-4780-b149-8f8debb88dcf/datanode-2/data/ratis/8ad318fe-8f4d-45b2-8a67-976282c6c226/sm/snapshot.3_46 time:8
2020-04-27 22:06:26,386 [ForkJoinPool.commonPool-worker-0] INFO  impl.RaftServerImpl (ServerState.java:close(387)) - 583c6497-c40e-42b3-9211-ce20d6e17cc4@group-95F673C2B998: closes. applyIndex: 0
2020-04-27 22:06:26,387 [583c6497-c40e-42b3-9211-ce20d6e17cc4@group-976282C6C226-StateMachineUpdater] INFO  impl.StateMachineUpdater (StateMachineUpdater.java:takeSnapshot(274)) - 583c6497-c40e-42b3-9211-ce20d6e17cc4@group-976282C6C226-StateMachineUpdater: Took a snapshot at index 46
2020-04-27 22:06:26,387 [583c6497-c40e-42b3-9211-ce20d6e17cc4@group-976282C6C226-StateMachineUpdater] INFO  impl.StateMachineUpdater (StateMachineUpdater.java:lambda$new$0(86)) - 583c6497-c40e-42b3-9211-ce20d6e17cc4@group-976282C6C226-StateMachineUpdater: snapshotIndex: updateIncreasingly -1 -> 46
2020-04-27 22:06:26,387 [583c6497-c40e-42b3-9211-ce20d6e17cc4@group-976282C6C226-StateMachineUpdater] INFO  metrics.RatisMetrics (RatisMetrics.java:unregister(46)) - Unregistering Metrics Registry : ratis.state_machine.583c6497-c40e-42b3-9211-ce20d6e17cc4@group-976282C6C226
2020-04-27 22:06:26,388 [main] INFO  impl.RaftServerImpl (ServerState.java:close(387)) - 583c6497-c40e-42b3-9211-ce20d6e17cc4@group-976282C6C226: closes. applyIndex: 46
2020-04-27 22:06:26,390 [583c6497-c40e-42b3-9211-ce20d6e17cc4@group-976282C6C226-SegmentedRaftLogWorker] INFO  segmented.SegmentedRaftLogWorker (SegmentedRaftLogWorker.java:run(321)) - 583c6497-c40e-42b3-9211-ce20d6e17cc4@group-976282C6C226-SegmentedRaftLogWorker was interrupted, exiting. There are 0 tasks remaining in the queue.
2020-04-27 22:06:26,390 [583c6497-c40e-42b3-9211-ce20d6e17cc4@group-95F673C2B998-SegmentedRaftLogWorker] INFO  segmented.SegmentedRaftLogWorker (SegmentedRaftLogWorker.java:run(321)) - 583c6497-c40e-42b3-9211-ce20d6e17cc4@group-95F673C2B998-SegmentedRaftLogWorker was interrupted, exiting. There are 0 tasks remaining in the queue.
2020-04-27 22:06:26,390 [main] INFO  segmented.SegmentedRaftLogWorker (SegmentedRaftLogWorker.java:close(229)) - 583c6497-c40e-42b3-9211-ce20d6e17cc4@group-976282C6C226-SegmentedRaftLogWorker close()
2020-04-27 22:06:26,391 [main] INFO  metrics.RatisMetrics (RatisMetrics.java:unregister(46)) - Unregistering Metrics Registry : ratis.log_worker.583c6497-c40e-42b3-9211-ce20d6e17cc4
2020-04-27 22:06:26,391 [main] INFO  metrics.RatisMetrics (RatisMetrics.java:unregister(46)) - Unregistering Metrics Registry : ratis.leader_election.583c6497-c40e-42b3-9211-ce20d6e17cc4@group-976282C6C226
2020-04-27 22:06:26,392 [main] INFO  metrics.RatisMetrics (RatisMetrics.java:unregister(46)) - Unregistering Metrics Registry : ratis.server.583c6497-c40e-42b3-9211-ce20d6e17cc4@group-976282C6C226
2020-04-27 22:06:26,391 [ForkJoinPool.commonPool-worker-0] INFO  segmented.SegmentedRaftLogWorker (SegmentedRaftLogWorker.java:close(229)) - 583c6497-c40e-42b3-9211-ce20d6e17cc4@group-95F673C2B998-SegmentedRaftLogWorker close()
2020-04-27 22:06:26,394 [ForkJoinPool.commonPool-worker-0] INFO  metrics.RatisMetrics (RatisMetrics.java:unregister(46)) - Unregistering Metrics Registry : ratis.log_worker.583c6497-c40e-42b3-9211-ce20d6e17cc4
2020-04-27 22:06:26,395 [ForkJoinPool.commonPool-worker-0] INFO  metrics.RatisMetrics (RatisMetrics.java:unregister(46)) - Unregistering Metrics Registry : ratis.leader_election.583c6497-c40e-42b3-9211-ce20d6e17cc4@group-95F673C2B998
2020-04-27 22:06:26,395 [ForkJoinPool.commonPool-worker-0] INFO  metrics.RatisMetrics (RatisMetrics.java:unregister(46)) - Unregistering Metrics Registry : ratis.server.583c6497-c40e-42b3-9211-ce20d6e17cc4@group-95F673C2B998
2020-04-27 22:06:26,395 [main] INFO  server.GrpcService (GrpcService.java:closeImpl(165)) - 583c6497-c40e-42b3-9211-ce20d6e17cc4: shutdown server with port 40725 now
2020-04-27 22:06:26,395 [main] INFO  server.GrpcService (GrpcService.java:closeImpl(173)) - 583c6497-c40e-42b3-9211-ce20d6e17cc4: shutdown server with port 40725 successfully
2020-04-27 22:06:26,416 [main] INFO  utils.BackgroundService (BackgroundService.java:shutdown(157)) - Shutting down service BlockDeletingService
2020-04-27 22:06:26,418 [main] INFO  statemachine.DatanodeStateMachine (DatanodeStateMachine.java:stopDaemon(424)) - Ozone container server stopped.
2020-04-27 22:06:26,419 [main] INFO  handler.ContextHandler (ContextHandler.java:doStop(1016)) - Stopped o.e.j.w.WebAppContext@7f68a356{hddsDatanode,/,null,UNAVAILABLE}{jar:file:/home/user/.m2/repository/org/apache/hadoop/hadoop-hdds-container-service/0.6.0-SNAPSHOT/hadoop-hdds-container-service-0.6.0-SNAPSHOT.jar!/webapps/hddsDatanode}
2020-04-27 22:06:26,420 [main] INFO  server.AbstractConnector (AbstractConnector.java:doStop(380)) - Stopped ServerConnector@4d223c9d{HTTP/1.1,[http/1.1]}{0.0.0.0:0}
2020-04-27 22:06:26,420 [main] INFO  server.session (HouseKeeper.java:stopScavenging(158)) - node0 Stopped scavenging
2020-04-27 22:06:26,421 [main] INFO  handler.ContextHandler (ContextHandler.java:doStop(1016)) - Stopped o.e.j.s.ServletContextHandler@10763ec8{static,/static,jar:file:/home/user/.m2/repository/org/apache/hadoop/hadoop-hdds-container-service/0.6.0-SNAPSHOT/hadoop-hdds-container-service-0.6.0-SNAPSHOT.jar!/webapps/static,UNAVAILABLE}
2020-04-27 22:06:26,421 [main] INFO  handler.ContextHandler (ContextHandler.java:doStop(1016)) - Stopped o.e.j.s.ServletContextHandler@5f404d1c{logs,/logs,file:///github/workspace/mnt/ozone/hadoop-ozone/integration-test/target/log,UNAVAILABLE}
2020-04-27 22:06:26,422 [main] INFO  ozone.MiniOzoneClusterImpl (MiniOzoneClusterImpl.java:stopSCM(476)) - Stopping the StorageContainerManager
2020-04-27 22:06:26,423 [main] INFO  server.StorageContainerManager (StorageContainerManager.java:stop(824)) - Stopping Replication Manager Service.
2020-04-27 22:06:26,423 [main] INFO  container.ReplicationManager (ReplicationManager.java:stop(206)) - Stopping Replication Monitor Thread.
2020-04-27 22:06:26,423 [main] INFO  server.StorageContainerManager (StorageContainerManager.java:stop(831)) - Stopping Lease Manager of the command watchers
2020-04-27 22:06:26,423 [CommandWatcher-LeaseManager#LeaseMonitor] ERROR lease.LeaseManager (LeaseManager.java:run(238)) - Execution was interrupted 
java.lang.InterruptedException: sleep interrupted
	at java.lang.Thread.sleep(Native Method)
	at org.apache.hadoop.ozone.lease.LeaseManager$LeaseMonitor.run(LeaseManager.java:234)
	at java.lang.Thread.run(Thread.java:748)
2020-04-27 22:06:26,424 [main] INFO  server.StorageContainerManager (StorageContainerManager.java:stop(838)) - Stopping datanode service RPC server
2020-04-27 22:06:26,424 [main] INFO  server.SCMDatanodeProtocolServer (SCMDatanodeProtocolServer.java:stop(361)) - Stopping the RPC server for DataNodes
2020-04-27 22:06:26,424 [main] INFO  ipc.Server (Server.java:stop(3082)) - Stopping server on 37547
2020-04-27 22:06:26,425 [IPC Server listener on 37547] INFO  ipc.Server (Server.java:run(1185)) - Stopping IPC Server listener on 37547
2020-04-27 22:06:26,428 [IPC Server Responder] INFO  ipc.Server (Server.java:run(1319)) - Stopping IPC Server Responder
2020-04-27 22:06:26,458 [SCM Heartbeat Processing Thread - 0] WARN  node.NodeStateManager (NodeStateManager.java:scheduleNextHealthCheck(661)) - Current Thread is interrupted, shutting down HB processing thread for Node Manager.
2020-04-27 22:06:26,458 [main] INFO  server.StorageContainerManager (StorageContainerManager.java:stop(846)) - Stopping block service RPC server
2020-04-27 22:06:26,458 [main] INFO  server.SCMBlockProtocolServer (SCMBlockProtocolServer.java:stop(158)) - Stopping the RPC server for Block Protocol
2020-04-27 22:06:26,458 [main] INFO  ipc.Server (Server.java:stop(3082)) - Stopping server on 41045
2020-04-27 22:06:26,461 [IPC Server Responder] INFO  ipc.Server (Server.java:run(1319)) - Stopping IPC Server Responder
2020-04-27 22:06:26,461 [IPC Server listener on 41045] INFO  ipc.Server (Server.java:run(1185)) - Stopping IPC Server listener on 41045
2020-04-27 22:06:26,462 [main] INFO  server.StorageContainerManager (StorageContainerManager.java:stop(853)) - Stopping the StorageContainerLocationProtocol RPC server
2020-04-27 22:06:26,463 [main] INFO  server.SCMClientProtocolServer (SCMClientProtocolServer.java:stop(164)) - Stopping the RPC server for Client Protocol
2020-04-27 22:06:26,463 [main] INFO  ipc.Server (Server.java:stop(3082)) - Stopping server on 38161
2020-04-27 22:06:26,465 [IPC Server Responder] INFO  ipc.Server (Server.java:run(1319)) - Stopping IPC Server Responder
2020-04-27 22:06:26,465 [main] INFO  server.StorageContainerManager (StorageContainerManager.java:stop(860)) - Stopping Storage Container Manager HTTP server.
2020-04-27 22:06:26,465 [IPC Server listener on 38161] INFO  ipc.Server (Server.java:run(1185)) - Stopping IPC Server listener on 38161
2020-04-27 22:06:26,466 [main] INFO  handler.ContextHandler (ContextHandler.java:doStop(1016)) - Stopped o.e.j.w.WebAppContext@5f834ca0{scm,/,null,UNAVAILABLE}{file:/github/workspace/mnt/ozone/hadoop-ozone/integration-test/target/test-classes/webapps/scm}
2020-04-27 22:06:26,467 [main] INFO  server.AbstractConnector (AbstractConnector.java:doStop(380)) - Stopped ServerConnector@18af3389{HTTP/1.1,[http/1.1]}{0.0.0.0:0}
2020-04-27 22:06:26,468 [main] INFO  server.session (HouseKeeper.java:stopScavenging(158)) - node0 Stopped scavenging
2020-04-27 22:06:26,468 [main] INFO  handler.ContextHandler (ContextHandler.java:doStop(1016)) - Stopped o.e.j.s.ServletContextHandler@174600ea{static,/static,file:///github/workspace/mnt/ozone/hadoop-ozone/integration-test/target/test-classes/webapps/static,UNAVAILABLE}
2020-04-27 22:06:26,468 [main] INFO  handler.ContextHandler (ContextHandler.java:doStop(1016)) - Stopped o.e.j.s.ServletContextHandler@30b80d16{logs,/logs,file:///github/workspace/mnt/ozone/hadoop-ozone/integration-test/target/log,UNAVAILABLE}
2020-04-27 22:06:26,469 [main] INFO  server.StorageContainerManager (StorageContainerManager.java:stop(871)) - Stopping Block Manager Service.
2020-04-27 22:06:26,469 [main] INFO  utils.BackgroundService (BackgroundService.java:shutdown(157)) - Shutting down service SCMBlockDeletingService
2020-04-27 22:06:26,470 [main] INFO  utils.BackgroundService (BackgroundService.java:shutdown(157)) - Shutting down service SCMBlockDeletingService
2020-04-27 22:06:26,470 [main] INFO  server.StorageContainerManager (StorageContainerManager.java:stop(896)) - Stopping SCM Event Queue.
2020-04-27 22:06:26,474 [main] INFO  impl.MetricsSystemImpl (MetricsSystemImpl.java:stop(210)) - Stopping HddsDatanode metrics system...
2020-04-27 22:06:26,478 [main] INFO  impl.MetricsSystemImpl (MetricsSystemImpl.java:stop(216)) - HddsDatanode metrics system stopped.
]]></system-out>
  </testcase>
  <testcase name="testOzoneManagerFileSystemInterface[0]" classname="org.apache.hadoop.fs.ozone.TestOzoneFileInterfaces" time="23.941"/>
  <testcase name="testListStatus[0]" classname="org.apache.hadoop.fs.ozone.TestOzoneFileInterfaces" time="24.056"/>
  <testcase name="testDirectory[0]" classname="org.apache.hadoop.fs.ozone.TestOzoneFileInterfaces" time="23.94"/>
  <testcase name="testPathToKey[0]" classname="org.apache.hadoop.fs.ozone.TestOzoneFileInterfaces" time="24.027"/>
  <testcase name="testFileSystemInit[0]" classname="org.apache.hadoop.fs.ozone.TestOzoneFileInterfaces" time="23.938"/>
  <testcase name="testOzFsReadWrite[0]" classname="org.apache.hadoop.fs.ozone.TestOzoneFileInterfaces" time="24.141"/>
  <testcase name="testOzoneManagerLocatedFileStatus[0]" classname="org.apache.hadoop.fs.ozone.TestOzoneFileInterfaces" time="26.531"/>
  <testcase name="testReplication[1]" classname="org.apache.hadoop.fs.ozone.TestOzoneFileInterfaces" time="24.109"/>
  <testcase name="testOzoneManagerLocatedFileStatusBlockOffsetsWithMultiBlockFile[1]" classname="org.apache.hadoop.fs.ozone.TestOzoneFileInterfaces" time="28.453"/>
  <testcase name="testOzoneManagerFileSystemInterface[1]" classname="org.apache.hadoop.fs.ozone.TestOzoneFileInterfaces" time="23.933"/>
  <testcase name="testListStatus[1]" classname="org.apache.hadoop.fs.ozone.TestOzoneFileInterfaces" time="29.033"/>
  <testcase name="testDirectory[1]" classname="org.apache.hadoop.fs.ozone.TestOzoneFileInterfaces" time="23.919"/>
  <testcase name="testPathToKey[1]" classname="org.apache.hadoop.fs.ozone.TestOzoneFileInterfaces" time="23.911"/>
  <testcase name="testFileSystemInit[1]" classname="org.apache.hadoop.fs.ozone.TestOzoneFileInterfaces" time="23.024"/>
  <testcase name="testOzFsReadWrite[1]" classname="org.apache.hadoop.fs.ozone.TestOzoneFileInterfaces" time="23.131"/>
  <testcase name="testOzoneManagerLocatedFileStatus[1]" classname="org.apache.hadoop.fs.ozone.TestOzoneFileInterfaces" time="24.024"/>
</testsuite>