<?xml version="1.0" encoding="UTF-8"?>
<testsuite xmlns:xsi="http://www.w3.org/2001/XMLSchema-instance" xsi:noNamespaceSchemaLocation="https://maven.apache.org/surefire/maven-surefire-plugin/xsd/surefire-test-report.xsd" name="org.apache.hadoop.fs.contract.s3a.ITestS3AContractVectoredRead" time="11.096" tests="46" errors="0" skipped="0" failures="0">
  <properties>
    <property name="awt.toolkit" value="sun.awt.X11.XToolkit"/>
    <property name="java.specification.version" value="11"/>
    <property name="sun.cpu.isalist" value=""/>
    <property name="sun.jnu.encoding" value="UTF-8"/>
    <property name="java.class.path" value="/home/runner/work/ozone/ozone/target/hadoop-src/target/test-classes:/home/runner/work/ozone/ozone/target/hadoop-src/target/classes:/home/runner/.m2/repository/org/apache/hadoop/hadoop-common/3.3.6/hadoop-common-3.3.6.jar:/home/runner/.m2/repository/org/apache/hadoop/thirdparty/hadoop-shaded-protobuf_3_7/1.1.1/hadoop-shaded-protobuf_3_7-1.1.1.jar:/home/runner/.m2/repository/org/apache/hadoop/hadoop-annotations/3.3.6/hadoop-annotations-3.3.6.jar:/home/runner/.m2/repository/org/apache/hadoop/thirdparty/hadoop-shaded-guava/1.1.1/hadoop-shaded-guava-1.1.1.jar:/home/runner/.m2/repository/com/google/guava/guava/27.0-jre/guava-27.0-jre.jar:/home/runner/.m2/repository/com/google/guava/failureaccess/1.0/failureaccess-1.0.jar:/home/runner/.m2/repository/com/google/guava/listenablefuture/9999.0-empty-to-avoid-conflict-with-guava/listenablefuture-9999.0-empty-to-avoid-conflict-with-guava.jar:/home/runner/.m2/repository/org/checkerframework/checker-qual/2.5.2/checker-qual-2.5.2.jar:/home/runner/.m2/repository/com/google/j2objc/j2objc-annotations/1.1/j2objc-annotations-1.1.jar:/home/runner/.m2/repository/org/codehaus/mojo/animal-sniffer-annotations/1.17/animal-sniffer-annotations-1.17.jar:/home/runner/.m2/repository/commons-cli/commons-cli/1.2/commons-cli-1.2.jar:/home/runner/.m2/repository/org/apache/commons/commons-math3/3.1.1/commons-math3-3.1.1.jar:/home/runner/.m2/repository/org/apache/httpcomponents/httpclient/4.5.13/httpclient-4.5.13.jar:/home/runner/.m2/repository/org/apache/httpcomponents/httpcore/4.4.13/httpcore-4.4.13.jar:/home/runner/.m2/repository/commons-codec/commons-codec/1.15/commons-codec-1.15.jar:/home/runner/.m2/repository/commons-io/commons-io/2.8.0/commons-io-2.8.0.jar:/home/runner/.m2/repository/commons-net/commons-net/3.9.0/commons-net-3.9.0.jar:/home/runner/.m2/repository/commons-collections/commons-collections/3.2.2/commons-collections-3.2.2.jar:/home/runner/.m2/repository/javax/servlet/javax.servlet-api/3.1.0/javax.servlet-api-3.1.0.jar:/home/runner/.m2/repository/jakarta/activation/jakarta.activation-api/1.2.1/jakarta.activation-api-1.2.1.jar:/home/runner/.m2/repository/org/eclipse/jetty/jetty-server/9.4.51.v20230217/jetty-server-9.4.51.v20230217.jar:/home/runner/.m2/repository/org/eclipse/jetty/jetty-http/9.4.51.v20230217/jetty-http-9.4.51.v20230217.jar:/home/runner/.m2/repository/org/eclipse/jetty/jetty-io/9.4.51.v20230217/jetty-io-9.4.51.v20230217.jar:/home/runner/.m2/repository/org/eclipse/jetty/jetty-util/9.4.51.v20230217/jetty-util-9.4.51.v20230217.jar:/home/runner/.m2/repository/org/eclipse/jetty/jetty-servlet/9.4.51.v20230217/jetty-servlet-9.4.51.v20230217.jar:/home/runner/.m2/repository/org/eclipse/jetty/jetty-security/9.4.51.v20230217/jetty-security-9.4.51.v20230217.jar:/home/runner/.m2/repository/org/eclipse/jetty/jetty-webapp/9.4.51.v20230217/jetty-webapp-9.4.51.v20230217.jar:/home/runner/.m2/repository/org/eclipse/jetty/jetty-xml/9.4.51.v20230217/jetty-xml-9.4.51.v20230217.jar:/home/runner/.m2/repository/javax/servlet/jsp/jsp-api/2.1/jsp-api-2.1.jar:/home/runner/.m2/repository/com/sun/jersey/jersey-core/1.19.4/jersey-core-1.19.4.jar:/home/runner/.m2/repository/javax/ws/rs/jsr311-api/1.1.1/jsr311-api-1.1.1.jar:/home/runner/.m2/repository/com/sun/jersey/jersey-servlet/1.19.4/jersey-servlet-1.19.4.jar:/home/runner/.m2/repository/com/github/pjfanning/jersey-json/1.20/jersey-json-1.20.jar:/home/runner/.m2/repository/org/codehaus/jettison/jettison/1.5.4/jettison-1.5.4.jar:/home/runner/.m2/repository/com/sun/xml/bind/jaxb-impl/2.2.3-1/jaxb-impl-2.2.3-1.jar:/home/runner/.m2/repository/com/sun/jersey/jersey-server/1.19.4/jersey-server-1.19.4.jar:/home/runner/.m2/repository/commons-logging/commons-logging/1.1.3/commons-logging-1.1.3.jar:/home/runner/.m2/repository/ch/qos/reload4j/reload4j/1.2.22/reload4j-1.2.22.jar:/home/runner/.m2/repository/commons-beanutils/commons-beanutils/1.9.4/commons-beanutils-1.9.4.jar:/home/runner/.m2/repository/org/apache/commons/commons-configuration2/2.8.0/commons-configuration2-2.8.0.jar:/home/runner/.m2/repository/org/apache/commons/commons-lang3/3.12.0/commons-lang3-3.12.0.jar:/home/runner/.m2/repository/org/apache/commons/commons-text/1.10.0/commons-text-1.10.0.jar:/home/runner/.m2/repository/org/slf4j/slf4j-api/1.7.36/slf4j-api-1.7.36.jar:/home/runner/.m2/repository/org/apache/avro/avro/1.7.7/avro-1.7.7.jar:/home/runner/.m2/repository/org/codehaus/jackson/jackson-core-asl/1.9.13/jackson-core-asl-1.9.13.jar:/home/runner/.m2/repository/org/codehaus/jackson/jackson-mapper-asl/1.9.13/jackson-mapper-asl-1.9.13.jar:/home/runner/.m2/repository/com/thoughtworks/paranamer/paranamer/2.3/paranamer-2.3.jar:/home/runner/.m2/repository/com/google/re2j/re2j/1.1/re2j-1.1.jar:/home/runner/.m2/repository/com/google/protobuf/protobuf-java/2.5.0/protobuf-java-2.5.0.jar:/home/runner/.m2/repository/com/google/code/gson/gson/2.9.0/gson-2.9.0.jar:/home/runner/.m2/repository/org/apache/hadoop/hadoop-auth/3.3.6/hadoop-auth-3.3.6.jar:/home/runner/.m2/repository/com/nimbusds/nimbus-jose-jwt/9.8.1/nimbus-jose-jwt-9.8.1.jar:/home/runner/.m2/repository/com/github/stephenc/jcip/jcip-annotations/1.0-1/jcip-annotations-1.0-1.jar:/home/runner/.m2/repository/org/apache/curator/curator-framework/5.2.0/curator-framework-5.2.0.jar:/home/runner/.m2/repository/com/jcraft/jsch/0.1.55/jsch-0.1.55.jar:/home/runner/.m2/repository/org/apache/curator/curator-client/5.2.0/curator-client-5.2.0.jar:/home/runner/.m2/repository/org/apache/curator/curator-recipes/5.2.0/curator-recipes-5.2.0.jar:/home/runner/.m2/repository/com/google/code/findbugs/jsr305/3.0.2/jsr305-3.0.2.jar:/home/runner/.m2/repository/org/apache/zookeeper/zookeeper/3.6.3/zookeeper-3.6.3.jar:/home/runner/.m2/repository/org/apache/zookeeper/zookeeper-jute/3.6.3/zookeeper-jute-3.6.3.jar:/home/runner/.m2/repository/org/apache/yetus/audience-annotations/0.5.0/audience-annotations-0.5.0.jar:/home/runner/.m2/repository/io/dropwizard/metrics/metrics-core/3.2.4/metrics-core-3.2.4.jar:/home/runner/.m2/repository/org/apache/commons/commons-compress/1.21/commons-compress-1.21.jar:/home/runner/.m2/repository/org/apache/kerby/kerb-core/1.0.1/kerb-core-1.0.1.jar:/home/runner/.m2/repository/org/apache/kerby/kerby-pkix/1.0.1/kerby-pkix-1.0.1.jar:/home/runner/.m2/repository/org/apache/kerby/kerby-asn1/1.0.1/kerby-asn1-1.0.1.jar:/home/runner/.m2/repository/org/apache/kerby/kerby-util/1.0.1/kerby-util-1.0.1.jar:/home/runner/.m2/repository/com/fasterxml/jackson/core/jackson-databind/2.12.7.1/jackson-databind-2.12.7.1.jar:/home/runner/.m2/repository/com/fasterxml/jackson/core/jackson-annotations/2.12.7/jackson-annotations-2.12.7.jar:/home/runner/.m2/repository/com/fasterxml/jackson/core/jackson-core/2.12.7/jackson-core-2.12.7.jar:/home/runner/.m2/repository/org/codehaus/woodstox/stax2-api/4.2.1/stax2-api-4.2.1.jar:/home/runner/.m2/repository/com/fasterxml/woodstox/woodstox-core/5.4.0/woodstox-core-5.4.0.jar:/home/runner/.m2/repository/dnsjava/dnsjava/2.1.7/dnsjava-2.1.7.jar:/home/runner/.m2/repository/org/xerial/snappy/snappy-java/1.1.8.2/snappy-java-1.1.8.2.jar:/home/runner/.m2/repository/org/apache/hadoop/hadoop-common/3.3.6/hadoop-common-3.3.6-tests.jar:/home/runner/.m2/repository/org/slf4j/slf4j-reload4j/1.7.36/slf4j-reload4j-1.7.36.jar:/home/runner/.m2/repository/com/amazonaws/aws-java-sdk-bundle/1.12.367/aws-java-sdk-bundle-1.12.367.jar:/home/runner/.m2/repository/org/assertj/assertj-core/3.12.2/assertj-core-3.12.2.jar:/home/runner/.m2/repository/org/wildfly/openssl/wildfly-openssl/1.1.3.Final/wildfly-openssl-1.1.3.Final.jar:/home/runner/.m2/repository/junit/junit/4.13.2/junit-4.13.2.jar:/home/runner/.m2/repository/org/hamcrest/hamcrest-core/1.3/hamcrest-core-1.3.jar:/home/runner/.m2/repository/org/mockito/mockito-core/2.28.2/mockito-core-2.28.2.jar:/home/runner/.m2/repository/net/bytebuddy/byte-buddy/1.9.10/byte-buddy-1.9.10.jar:/home/runner/.m2/repository/net/bytebuddy/byte-buddy-agent/1.9.10/byte-buddy-agent-1.9.10.jar:/home/runner/.m2/repository/org/objenesis/objenesis/2.6/objenesis-2.6.jar:/home/runner/.m2/repository/org/apache/hadoop/hadoop-mapreduce-client-core/3.3.6/hadoop-mapreduce-client-core-3.3.6.jar:/home/runner/.m2/repository/org/apache/hadoop/hadoop-yarn-client/3.3.6/hadoop-yarn-client-3.3.6.jar:/home/runner/.m2/repository/org/eclipse/jetty/websocket/websocket-client/9.4.51.v20230217/websocket-client-9.4.51.v20230217.jar:/home/runner/.m2/repository/org/eclipse/jetty/jetty-client/9.4.51.v20230217/jetty-client-9.4.51.v20230217.jar:/home/runner/.m2/repository/org/eclipse/jetty/websocket/websocket-common/9.4.51.v20230217/websocket-common-9.4.51.v20230217.jar:/home/runner/.m2/repository/org/eclipse/jetty/websocket/websocket-api/9.4.51.v20230217/websocket-api-9.4.51.v20230217.jar:/home/runner/.m2/repository/org/jline/jline/3.9.0/jline-3.9.0.jar:/home/runner/.m2/repository/org/apache/hadoop/hadoop-yarn-common/3.3.6/hadoop-yarn-common-3.3.6.jar:/home/runner/.m2/repository/javax/xml/bind/jaxb-api/2.2.11/jaxb-api-2.2.11.jar:/home/runner/.m2/repository/com/sun/jersey/jersey-client/1.19.4/jersey-client-1.19.4.jar:/home/runner/.m2/repository/com/google/inject/guice/4.0/guice-4.0.jar:/home/runner/.m2/repository/javax/inject/javax.inject/1/javax.inject-1.jar:/home/runner/.m2/repository/aopalliance/aopalliance/1.0/aopalliance-1.0.jar:/home/runner/.m2/repository/com/sun/jersey/contribs/jersey-guice/1.19.4/jersey-guice-1.19.4.jar:/home/runner/.m2/repository/com/fasterxml/jackson/module/jackson-module-jaxb-annotations/2.12.7/jackson-module-jaxb-annotations-2.12.7.jar:/home/runner/.m2/repository/jakarta/xml/bind/jakarta.xml.bind-api/2.3.2/jakarta.xml.bind-api-2.3.2.jar:/home/runner/.m2/repository/com/fasterxml/jackson/jaxrs/jackson-jaxrs-json-provider/2.12.7/jackson-jaxrs-json-provider-2.12.7.jar:/home/runner/.m2/repository/com/fasterxml/jackson/jaxrs/jackson-jaxrs-base/2.12.7/jackson-jaxrs-base-2.12.7.jar:/home/runner/.m2/repository/org/apache/hadoop/hadoop-hdfs-client/3.3.6/hadoop-hdfs-client-3.3.6.jar:/home/runner/.m2/repository/com/squareup/okhttp3/okhttp/4.9.3/okhttp-4.9.3.jar:/home/runner/.m2/repository/com/squareup/okio/okio/2.8.0/okio-2.8.0.jar:/home/runner/.m2/repository/org/jetbrains/kotlin/kotlin-stdlib/1.4.10/kotlin-stdlib-1.4.10.jar:/home/runner/.m2/repository/org/jetbrains/kotlin/kotlin-stdlib-common/1.4.10/kotlin-stdlib-common-1.4.10.jar:/home/runner/.m2/repository/com/google/inject/extensions/guice-servlet/4.0/guice-servlet-4.0.jar:/home/runner/.m2/repository/io/netty/netty/3.10.6.Final/netty-3.10.6.Final.jar:/home/runner/.m2/repository/org/apache/hadoop/hadoop-yarn-server-tests/3.3.6/hadoop-yarn-server-tests-3.3.6-tests.jar:/home/runner/.m2/repository/org/apache/hadoop/hadoop-yarn-server-common/3.3.6/hadoop-yarn-server-common-3.3.6.jar:/home/runner/.m2/repository/org/apache/hadoop/hadoop-registry/3.3.6/hadoop-registry-3.3.6.jar:/home/runner/.m2/repository/org/apache/geronimo/specs/geronimo-jcache_1.0_spec/1.0-alpha-1/geronimo-jcache_1.0_spec-1.0-alpha-1.jar:/home/runner/.m2/repository/org/ehcache/ehcache/3.3.1/ehcache-3.3.1.jar:/home/runner/.m2/repository/com/zaxxer/HikariCP-java7/2.4.12/HikariCP-java7-2.4.12.jar:/home/runner/.m2/repository/com/microsoft/sqlserver/mssql-jdbc/6.2.1.jre7/mssql-jdbc-6.2.1.jre7.jar:/home/runner/.m2/repository/org/apache/hadoop/hadoop-yarn-server-nodemanager/3.3.6/hadoop-yarn-server-nodemanager-3.3.6.jar:/home/runner/.m2/repository/org/eclipse/jetty/websocket/javax-websocket-server-impl/9.4.51.v20230217/javax-websocket-server-impl-9.4.51.v20230217.jar:/home/runner/.m2/repository/org/eclipse/jetty/jetty-annotations/9.4.51.v20230217/jetty-annotations-9.4.51.v20230217.jar:/home/runner/.m2/repository/org/eclipse/jetty/jetty-plus/9.4.51.v20230217/jetty-plus-9.4.51.v20230217.jar:/home/runner/.m2/repository/org/eclipse/jetty/jetty-jndi/9.4.51.v20230217/jetty-jndi-9.4.51.v20230217.jar:/home/runner/.m2/repository/javax/annotation/javax.annotation-api/1.3.2/javax.annotation-api-1.3.2.jar:/home/runner/.m2/repository/org/ow2/asm/asm-commons/9.4/asm-commons-9.4.jar:/home/runner/.m2/repository/org/ow2/asm/asm-tree/9.4/asm-tree-9.4.jar:/home/runner/.m2/repository/org/eclipse/jetty/websocket/javax-websocket-client-impl/9.4.51.v20230217/javax-websocket-client-impl-9.4.51.v20230217.jar:/home/runner/.m2/repository/javax/websocket/javax.websocket-client-api/1.0/javax.websocket-client-api-1.0.jar:/home/runner/.m2/repository/org/eclipse/jetty/websocket/websocket-server/9.4.51.v20230217/websocket-server-9.4.51.v20230217.jar:/home/runner/.m2/repository/org/eclipse/jetty/websocket/websocket-servlet/9.4.51.v20230217/websocket-servlet-9.4.51.v20230217.jar:/home/runner/.m2/repository/javax/websocket/javax.websocket-api/1.0/javax.websocket-api-1.0.jar:/home/runner/.m2/repository/net/java/dev/jna/jna/5.2.0/jna-5.2.0.jar:/home/runner/.m2/repository/org/apache/hadoop/hadoop-yarn-server-resourcemanager/3.3.6/hadoop-yarn-server-resourcemanager-3.3.6.jar:/home/runner/.m2/repository/org/apache/hadoop/hadoop-yarn-server-applicationhistoryservice/3.3.6/hadoop-yarn-server-applicationhistoryservice-3.3.6.jar:/home/runner/.m2/repository/de/ruedigermoeller/fst/2.50/fst-2.50.jar:/home/runner/.m2/repository/com/cedarsoftware/java-util/1.9.0/java-util-1.9.0.jar:/home/runner/.m2/repository/com/cedarsoftware/json-io/2.5.1/json-io-2.5.1.jar:/home/runner/.m2/repository/org/apache/hadoop/hadoop-yarn-server-timelineservice/3.3.6/hadoop-yarn-server-timelineservice-3.3.6.jar:/home/runner/.m2/repository/org/apache/commons/commons-csv/1.9.0/commons-csv-1.9.0.jar:/home/runner/.m2/repository/org/apache/hadoop/hadoop-yarn-api/3.3.6/hadoop-yarn-api-3.3.6.jar:/home/runner/.m2/repository/org/apache/hadoop/hadoop-mapreduce-client-hs/3.3.6/hadoop-mapreduce-client-hs-3.3.6.jar:/home/runner/.m2/repository/org/apache/hadoop/hadoop-hdfs/3.3.6/hadoop-hdfs-3.3.6.jar:/home/runner/.m2/repository/org/apache/hadoop/hadoop-mapreduce-client-common/3.3.6/hadoop-mapreduce-client-common-3.3.6.jar:/home/runner/.m2/repository/org/fusesource/leveldbjni/leveldbjni-all/1.8/leveldbjni-all-1.8.jar:/home/runner/.m2/repository/org/apache/hadoop/hadoop-mapreduce-examples/3.3.6/hadoop-mapreduce-examples-3.3.6.jar:/home/runner/.m2/repository/org/apache/hadoop/hadoop-hdfs/3.3.6/hadoop-hdfs-3.3.6-tests.jar:/home/runner/.m2/repository/org/eclipse/jetty/jetty-util-ajax/9.4.51.v20230217/jetty-util-ajax-9.4.51.v20230217.jar:/home/runner/.m2/repository/commons-daemon/commons-daemon/1.0.13/commons-daemon-1.0.13.jar:/home/runner/.m2/repository/io/netty/netty-all/4.1.89.Final/netty-all-4.1.89.Final.jar:/home/runner/.m2/repository/io/netty/netty-buffer/4.1.89.Final/netty-buffer-4.1.89.Final.jar:/home/runner/.m2/repository/io/netty/netty-codec/4.1.89.Final/netty-codec-4.1.89.Final.jar:/home/runner/.m2/repository/io/netty/netty-codec-dns/4.1.89.Final/netty-codec-dns-4.1.89.Final.jar:/home/runner/.m2/repository/io/netty/netty-codec-haproxy/4.1.89.Final/netty-codec-haproxy-4.1.89.Final.jar:/home/runner/.m2/repository/io/netty/netty-codec-http/4.1.89.Final/netty-codec-http-4.1.89.Final.jar:/home/runner/.m2/repository/io/netty/netty-codec-http2/4.1.89.Final/netty-codec-http2-4.1.89.Final.jar:/home/runner/.m2/repository/io/netty/netty-codec-memcache/4.1.89.Final/netty-codec-memcache-4.1.89.Final.jar:/home/runner/.m2/repository/io/netty/netty-codec-mqtt/4.1.89.Final/netty-codec-mqtt-4.1.89.Final.jar:/home/runner/.m2/repository/io/netty/netty-codec-redis/4.1.89.Final/netty-codec-redis-4.1.89.Final.jar:/home/runner/.m2/repository/io/netty/netty-codec-smtp/4.1.89.Final/netty-codec-smtp-4.1.89.Final.jar:/home/runner/.m2/repository/io/netty/netty-codec-socks/4.1.89.Final/netty-codec-socks-4.1.89.Final.jar:/home/runner/.m2/repository/io/netty/netty-codec-stomp/4.1.89.Final/netty-codec-stomp-4.1.89.Final.jar:/home/runner/.m2/repository/io/netty/netty-codec-xml/4.1.89.Final/netty-codec-xml-4.1.89.Final.jar:/home/runner/.m2/repository/io/netty/netty-common/4.1.89.Final/netty-common-4.1.89.Final.jar:/home/runner/.m2/repository/io/netty/netty-handler/4.1.89.Final/netty-handler-4.1.89.Final.jar:/home/runner/.m2/repository/io/netty/netty-transport-native-unix-common/4.1.89.Final/netty-transport-native-unix-common-4.1.89.Final.jar:/home/runner/.m2/repository/io/netty/netty-handler-proxy/4.1.89.Final/netty-handler-proxy-4.1.89.Final.jar:/home/runner/.m2/repository/io/netty/netty-handler-ssl-ocsp/4.1.89.Final/netty-handler-ssl-ocsp-4.1.89.Final.jar:/home/runner/.m2/repository/io/netty/netty-resolver/4.1.89.Final/netty-resolver-4.1.89.Final.jar:/home/runner/.m2/repository/io/netty/netty-resolver-dns/4.1.89.Final/netty-resolver-dns-4.1.89.Final.jar:/home/runner/.m2/repository/io/netty/netty-transport/4.1.89.Final/netty-transport-4.1.89.Final.jar:/home/runner/.m2/repository/io/netty/netty-transport-rxtx/4.1.89.Final/netty-transport-rxtx-4.1.89.Final.jar:/home/runner/.m2/repository/io/netty/netty-transport-sctp/4.1.89.Final/netty-transport-sctp-4.1.89.Final.jar:/home/runner/.m2/repository/io/netty/netty-transport-udt/4.1.89.Final/netty-transport-udt-4.1.89.Final.jar:/home/runner/.m2/repository/io/netty/netty-transport-classes-epoll/4.1.89.Final/netty-transport-classes-epoll-4.1.89.Final.jar:/home/runner/.m2/repository/io/netty/netty-transport-classes-kqueue/4.1.89.Final/netty-transport-classes-kqueue-4.1.89.Final.jar:/home/runner/.m2/repository/io/netty/netty-resolver-dns-classes-macos/4.1.89.Final/netty-resolver-dns-classes-macos-4.1.89.Final.jar:/home/runner/.m2/repository/io/netty/netty-transport-native-epoll/4.1.89.Final/netty-transport-native-epoll-4.1.89.Final-linux-x86_64.jar:/home/runner/.m2/repository/io/netty/netty-transport-native-epoll/4.1.89.Final/netty-transport-native-epoll-4.1.89.Final-linux-aarch_64.jar:/home/runner/.m2/repository/io/netty/netty-transport-native-kqueue/4.1.89.Final/netty-transport-native-kqueue-4.1.89.Final-osx-x86_64.jar:/home/runner/.m2/repository/io/netty/netty-transport-native-kqueue/4.1.89.Final/netty-transport-native-kqueue-4.1.89.Final-osx-aarch_64.jar:/home/runner/.m2/repository/io/netty/netty-resolver-dns-native-macos/4.1.89.Final/netty-resolver-dns-native-macos-4.1.89.Final-osx-x86_64.jar:/home/runner/.m2/repository/io/netty/netty-resolver-dns-native-macos/4.1.89.Final/netty-resolver-dns-native-macos-4.1.89.Final-osx-aarch_64.jar:/home/runner/.m2/repository/org/apache/hadoop/hadoop-distcp/3.3.6/hadoop-distcp-3.3.6.jar:/home/runner/.m2/repository/org/apache/hadoop/hadoop-distcp/3.3.6/hadoop-distcp-3.3.6-tests.jar:/home/runner/.m2/repository/org/apache/hadoop/hadoop-mapreduce-client-app/3.3.6/hadoop-mapreduce-client-app-3.3.6.jar:/home/runner/.m2/repository/org/apache/hadoop/hadoop-yarn-server-web-proxy/3.3.6/hadoop-yarn-server-web-proxy-3.3.6.jar:/home/runner/.m2/repository/org/apache/hadoop/hadoop-mapreduce-client-shuffle/3.3.6/hadoop-mapreduce-client-shuffle-3.3.6.jar:/home/runner/.m2/repository/org/apache/hadoop/hadoop-mapreduce-client-app/3.3.6/hadoop-mapreduce-client-app-3.3.6-tests.jar:/home/runner/.m2/repository/org/apache/hadoop/hadoop-mapreduce-client-jobclient/3.3.6/hadoop-mapreduce-client-jobclient-3.3.6.jar:/home/runner/.m2/repository/org/apache/hadoop/hadoop-mapreduce-client-jobclient/3.3.6/hadoop-mapreduce-client-jobclient-3.3.6-tests.jar:/home/runner/.m2/repository/org/apache/hadoop/hadoop-minikdc/3.3.6/hadoop-minikdc-3.3.6.jar:/home/runner/.m2/repository/org/apache/kerby/kerb-simplekdc/1.0.1/kerb-simplekdc-1.0.1.jar:/home/runner/.m2/repository/org/apache/kerby/kerb-client/1.0.1/kerb-client-1.0.1.jar:/home/runner/.m2/repository/org/apache/kerby/kerby-config/1.0.1/kerby-config-1.0.1.jar:/home/runner/.m2/repository/org/apache/kerby/kerb-common/1.0.1/kerb-common-1.0.1.jar:/home/runner/.m2/repository/org/apache/kerby/kerb-crypto/1.0.1/kerb-crypto-1.0.1.jar:/home/runner/.m2/repository/org/apache/kerby/kerb-util/1.0.1/kerb-util-1.0.1.jar:/home/runner/.m2/repository/org/apache/kerby/token-provider/1.0.1/token-provider-1.0.1.jar:/home/runner/.m2/repository/org/apache/kerby/kerb-admin/1.0.1/kerb-admin-1.0.1.jar:/home/runner/.m2/repository/org/apache/kerby/kerb-server/1.0.1/kerb-server-1.0.1.jar:/home/runner/.m2/repository/org/apache/kerby/kerb-identity/1.0.1/kerb-identity-1.0.1.jar:/home/runner/.m2/repository/org/apache/kerby/kerby-xdr/1.0.1/kerby-xdr-1.0.1.jar:/home/runner/.m2/repository/org/hamcrest/hamcrest-library/1.3/hamcrest-library-1.3.jar:/home/runner/.m2/repository/org/bouncycastle/bcprov-jdk15on/1.68/bcprov-jdk15on-1.68.jar:/home/runner/.m2/repository/org/bouncycastle/bcpkix-jdk15on/1.68/bcpkix-jdk15on-1.68.jar:/home/runner/work/ozone/ozone/target/hadoop-src/target/gradle-enterprise/test-listeners.jar:"/>
    <property name="java.vm.vendor" value="Eclipse Adoptium"/>
    <property name="sun.arch.data.model" value="64"/>
    <property name="test.build.dir" value="/home/runner/work/ozone/ozone/target/hadoop-src/target/test-dir"/>
    <property name="test.cache.data" value=""/>
    <property name="java.vendor.url" value="https://adoptium.net/"/>
    <property name="user.timezone" value=""/>
    <property name="java.vm.specification.version" value="11"/>
    <property name="os.name" value="Linux"/>
    <property name="test.build.data" value="/home/runner/work/ozone/ozone/target/hadoop-src/target/test-dir"/>
    <property name="sun.java.launcher" value="SUN_STANDARD"/>
    <property name="sun.boot.library.path" value="/usr/lib/jvm/temurin-11-jdk-amd64/lib"/>
    <property name="sun.java.command" value="/home/runner/work/ozone/ozone/target/hadoop-src/target/surefire/surefirebooter10333920255932556101.jar /home/runner/work/ozone/ozone/target/hadoop-src/target/surefire 2024-11-16T17-41-08_994-jvmRun1 surefire9560367255035759248tmp surefire_45739218062431934276tmp"/>
    <property name="jdk.debug" value="release"/>
    <property name="test" value="ITestS3AContract*, ITestS3ACommitterMRJob, !ITestS3AContractDistCp, !ITestS3AContractRename"/>
    <property name="surefire.test.class.path" value="/home/runner/work/ozone/ozone/target/hadoop-src/target/test-classes:/home/runner/work/ozone/ozone/target/hadoop-src/target/classes:/home/runner/.m2/repository/org/apache/hadoop/hadoop-common/3.3.6/hadoop-common-3.3.6.jar:/home/runner/.m2/repository/org/apache/hadoop/thirdparty/hadoop-shaded-protobuf_3_7/1.1.1/hadoop-shaded-protobuf_3_7-1.1.1.jar:/home/runner/.m2/repository/org/apache/hadoop/hadoop-annotations/3.3.6/hadoop-annotations-3.3.6.jar:/home/runner/.m2/repository/org/apache/hadoop/thirdparty/hadoop-shaded-guava/1.1.1/hadoop-shaded-guava-1.1.1.jar:/home/runner/.m2/repository/com/google/guava/guava/27.0-jre/guava-27.0-jre.jar:/home/runner/.m2/repository/com/google/guava/failureaccess/1.0/failureaccess-1.0.jar:/home/runner/.m2/repository/com/google/guava/listenablefuture/9999.0-empty-to-avoid-conflict-with-guava/listenablefuture-9999.0-empty-to-avoid-conflict-with-guava.jar:/home/runner/.m2/repository/org/checkerframework/checker-qual/2.5.2/checker-qual-2.5.2.jar:/home/runner/.m2/repository/com/google/j2objc/j2objc-annotations/1.1/j2objc-annotations-1.1.jar:/home/runner/.m2/repository/org/codehaus/mojo/animal-sniffer-annotations/1.17/animal-sniffer-annotations-1.17.jar:/home/runner/.m2/repository/commons-cli/commons-cli/1.2/commons-cli-1.2.jar:/home/runner/.m2/repository/org/apache/commons/commons-math3/3.1.1/commons-math3-3.1.1.jar:/home/runner/.m2/repository/org/apache/httpcomponents/httpclient/4.5.13/httpclient-4.5.13.jar:/home/runner/.m2/repository/org/apache/httpcomponents/httpcore/4.4.13/httpcore-4.4.13.jar:/home/runner/.m2/repository/commons-codec/commons-codec/1.15/commons-codec-1.15.jar:/home/runner/.m2/repository/commons-io/commons-io/2.8.0/commons-io-2.8.0.jar:/home/runner/.m2/repository/commons-net/commons-net/3.9.0/commons-net-3.9.0.jar:/home/runner/.m2/repository/commons-collections/commons-collections/3.2.2/commons-collections-3.2.2.jar:/home/runner/.m2/repository/javax/servlet/javax.servlet-api/3.1.0/javax.servlet-api-3.1.0.jar:/home/runner/.m2/repository/jakarta/activation/jakarta.activation-api/1.2.1/jakarta.activation-api-1.2.1.jar:/home/runner/.m2/repository/org/eclipse/jetty/jetty-server/9.4.51.v20230217/jetty-server-9.4.51.v20230217.jar:/home/runner/.m2/repository/org/eclipse/jetty/jetty-http/9.4.51.v20230217/jetty-http-9.4.51.v20230217.jar:/home/runner/.m2/repository/org/eclipse/jetty/jetty-io/9.4.51.v20230217/jetty-io-9.4.51.v20230217.jar:/home/runner/.m2/repository/org/eclipse/jetty/jetty-util/9.4.51.v20230217/jetty-util-9.4.51.v20230217.jar:/home/runner/.m2/repository/org/eclipse/jetty/jetty-servlet/9.4.51.v20230217/jetty-servlet-9.4.51.v20230217.jar:/home/runner/.m2/repository/org/eclipse/jetty/jetty-security/9.4.51.v20230217/jetty-security-9.4.51.v20230217.jar:/home/runner/.m2/repository/org/eclipse/jetty/jetty-webapp/9.4.51.v20230217/jetty-webapp-9.4.51.v20230217.jar:/home/runner/.m2/repository/org/eclipse/jetty/jetty-xml/9.4.51.v20230217/jetty-xml-9.4.51.v20230217.jar:/home/runner/.m2/repository/javax/servlet/jsp/jsp-api/2.1/jsp-api-2.1.jar:/home/runner/.m2/repository/com/sun/jersey/jersey-core/1.19.4/jersey-core-1.19.4.jar:/home/runner/.m2/repository/javax/ws/rs/jsr311-api/1.1.1/jsr311-api-1.1.1.jar:/home/runner/.m2/repository/com/sun/jersey/jersey-servlet/1.19.4/jersey-servlet-1.19.4.jar:/home/runner/.m2/repository/com/github/pjfanning/jersey-json/1.20/jersey-json-1.20.jar:/home/runner/.m2/repository/org/codehaus/jettison/jettison/1.5.4/jettison-1.5.4.jar:/home/runner/.m2/repository/com/sun/xml/bind/jaxb-impl/2.2.3-1/jaxb-impl-2.2.3-1.jar:/home/runner/.m2/repository/com/sun/jersey/jersey-server/1.19.4/jersey-server-1.19.4.jar:/home/runner/.m2/repository/commons-logging/commons-logging/1.1.3/commons-logging-1.1.3.jar:/home/runner/.m2/repository/ch/qos/reload4j/reload4j/1.2.22/reload4j-1.2.22.jar:/home/runner/.m2/repository/commons-beanutils/commons-beanutils/1.9.4/commons-beanutils-1.9.4.jar:/home/runner/.m2/repository/org/apache/commons/commons-configuration2/2.8.0/commons-configuration2-2.8.0.jar:/home/runner/.m2/repository/org/apache/commons/commons-lang3/3.12.0/commons-lang3-3.12.0.jar:/home/runner/.m2/repository/org/apache/commons/commons-text/1.10.0/commons-text-1.10.0.jar:/home/runner/.m2/repository/org/slf4j/slf4j-api/1.7.36/slf4j-api-1.7.36.jar:/home/runner/.m2/repository/org/apache/avro/avro/1.7.7/avro-1.7.7.jar:/home/runner/.m2/repository/org/codehaus/jackson/jackson-core-asl/1.9.13/jackson-core-asl-1.9.13.jar:/home/runner/.m2/repository/org/codehaus/jackson/jackson-mapper-asl/1.9.13/jackson-mapper-asl-1.9.13.jar:/home/runner/.m2/repository/com/thoughtworks/paranamer/paranamer/2.3/paranamer-2.3.jar:/home/runner/.m2/repository/com/google/re2j/re2j/1.1/re2j-1.1.jar:/home/runner/.m2/repository/com/google/protobuf/protobuf-java/2.5.0/protobuf-java-2.5.0.jar:/home/runner/.m2/repository/com/google/code/gson/gson/2.9.0/gson-2.9.0.jar:/home/runner/.m2/repository/org/apache/hadoop/hadoop-auth/3.3.6/hadoop-auth-3.3.6.jar:/home/runner/.m2/repository/com/nimbusds/nimbus-jose-jwt/9.8.1/nimbus-jose-jwt-9.8.1.jar:/home/runner/.m2/repository/com/github/stephenc/jcip/jcip-annotations/1.0-1/jcip-annotations-1.0-1.jar:/home/runner/.m2/repository/org/apache/curator/curator-framework/5.2.0/curator-framework-5.2.0.jar:/home/runner/.m2/repository/com/jcraft/jsch/0.1.55/jsch-0.1.55.jar:/home/runner/.m2/repository/org/apache/curator/curator-client/5.2.0/curator-client-5.2.0.jar:/home/runner/.m2/repository/org/apache/curator/curator-recipes/5.2.0/curator-recipes-5.2.0.jar:/home/runner/.m2/repository/com/google/code/findbugs/jsr305/3.0.2/jsr305-3.0.2.jar:/home/runner/.m2/repository/org/apache/zookeeper/zookeeper/3.6.3/zookeeper-3.6.3.jar:/home/runner/.m2/repository/org/apache/zookeeper/zookeeper-jute/3.6.3/zookeeper-jute-3.6.3.jar:/home/runner/.m2/repository/org/apache/yetus/audience-annotations/0.5.0/audience-annotations-0.5.0.jar:/home/runner/.m2/repository/io/dropwizard/metrics/metrics-core/3.2.4/metrics-core-3.2.4.jar:/home/runner/.m2/repository/org/apache/commons/commons-compress/1.21/commons-compress-1.21.jar:/home/runner/.m2/repository/org/apache/kerby/kerb-core/1.0.1/kerb-core-1.0.1.jar:/home/runner/.m2/repository/org/apache/kerby/kerby-pkix/1.0.1/kerby-pkix-1.0.1.jar:/home/runner/.m2/repository/org/apache/kerby/kerby-asn1/1.0.1/kerby-asn1-1.0.1.jar:/home/runner/.m2/repository/org/apache/kerby/kerby-util/1.0.1/kerby-util-1.0.1.jar:/home/runner/.m2/repository/com/fasterxml/jackson/core/jackson-databind/2.12.7.1/jackson-databind-2.12.7.1.jar:/home/runner/.m2/repository/com/fasterxml/jackson/core/jackson-annotations/2.12.7/jackson-annotations-2.12.7.jar:/home/runner/.m2/repository/com/fasterxml/jackson/core/jackson-core/2.12.7/jackson-core-2.12.7.jar:/home/runner/.m2/repository/org/codehaus/woodstox/stax2-api/4.2.1/stax2-api-4.2.1.jar:/home/runner/.m2/repository/com/fasterxml/woodstox/woodstox-core/5.4.0/woodstox-core-5.4.0.jar:/home/runner/.m2/repository/dnsjava/dnsjava/2.1.7/dnsjava-2.1.7.jar:/home/runner/.m2/repository/org/xerial/snappy/snappy-java/1.1.8.2/snappy-java-1.1.8.2.jar:/home/runner/.m2/repository/org/apache/hadoop/hadoop-common/3.3.6/hadoop-common-3.3.6-tests.jar:/home/runner/.m2/repository/org/slf4j/slf4j-reload4j/1.7.36/slf4j-reload4j-1.7.36.jar:/home/runner/.m2/repository/com/amazonaws/aws-java-sdk-bundle/1.12.367/aws-java-sdk-bundle-1.12.367.jar:/home/runner/.m2/repository/org/assertj/assertj-core/3.12.2/assertj-core-3.12.2.jar:/home/runner/.m2/repository/org/wildfly/openssl/wildfly-openssl/1.1.3.Final/wildfly-openssl-1.1.3.Final.jar:/home/runner/.m2/repository/junit/junit/4.13.2/junit-4.13.2.jar:/home/runner/.m2/repository/org/hamcrest/hamcrest-core/1.3/hamcrest-core-1.3.jar:/home/runner/.m2/repository/org/mockito/mockito-core/2.28.2/mockito-core-2.28.2.jar:/home/runner/.m2/repository/net/bytebuddy/byte-buddy/1.9.10/byte-buddy-1.9.10.jar:/home/runner/.m2/repository/net/bytebuddy/byte-buddy-agent/1.9.10/byte-buddy-agent-1.9.10.jar:/home/runner/.m2/repository/org/objenesis/objenesis/2.6/objenesis-2.6.jar:/home/runner/.m2/repository/org/apache/hadoop/hadoop-mapreduce-client-core/3.3.6/hadoop-mapreduce-client-core-3.3.6.jar:/home/runner/.m2/repository/org/apache/hadoop/hadoop-yarn-client/3.3.6/hadoop-yarn-client-3.3.6.jar:/home/runner/.m2/repository/org/eclipse/jetty/websocket/websocket-client/9.4.51.v20230217/websocket-client-9.4.51.v20230217.jar:/home/runner/.m2/repository/org/eclipse/jetty/jetty-client/9.4.51.v20230217/jetty-client-9.4.51.v20230217.jar:/home/runner/.m2/repository/org/eclipse/jetty/websocket/websocket-common/9.4.51.v20230217/websocket-common-9.4.51.v20230217.jar:/home/runner/.m2/repository/org/eclipse/jetty/websocket/websocket-api/9.4.51.v20230217/websocket-api-9.4.51.v20230217.jar:/home/runner/.m2/repository/org/jline/jline/3.9.0/jline-3.9.0.jar:/home/runner/.m2/repository/org/apache/hadoop/hadoop-yarn-common/3.3.6/hadoop-yarn-common-3.3.6.jar:/home/runner/.m2/repository/javax/xml/bind/jaxb-api/2.2.11/jaxb-api-2.2.11.jar:/home/runner/.m2/repository/com/sun/jersey/jersey-client/1.19.4/jersey-client-1.19.4.jar:/home/runner/.m2/repository/com/google/inject/guice/4.0/guice-4.0.jar:/home/runner/.m2/repository/javax/inject/javax.inject/1/javax.inject-1.jar:/home/runner/.m2/repository/aopalliance/aopalliance/1.0/aopalliance-1.0.jar:/home/runner/.m2/repository/com/sun/jersey/contribs/jersey-guice/1.19.4/jersey-guice-1.19.4.jar:/home/runner/.m2/repository/com/fasterxml/jackson/module/jackson-module-jaxb-annotations/2.12.7/jackson-module-jaxb-annotations-2.12.7.jar:/home/runner/.m2/repository/jakarta/xml/bind/jakarta.xml.bind-api/2.3.2/jakarta.xml.bind-api-2.3.2.jar:/home/runner/.m2/repository/com/fasterxml/jackson/jaxrs/jackson-jaxrs-json-provider/2.12.7/jackson-jaxrs-json-provider-2.12.7.jar:/home/runner/.m2/repository/com/fasterxml/jackson/jaxrs/jackson-jaxrs-base/2.12.7/jackson-jaxrs-base-2.12.7.jar:/home/runner/.m2/repository/org/apache/hadoop/hadoop-hdfs-client/3.3.6/hadoop-hdfs-client-3.3.6.jar:/home/runner/.m2/repository/com/squareup/okhttp3/okhttp/4.9.3/okhttp-4.9.3.jar:/home/runner/.m2/repository/com/squareup/okio/okio/2.8.0/okio-2.8.0.jar:/home/runner/.m2/repository/org/jetbrains/kotlin/kotlin-stdlib/1.4.10/kotlin-stdlib-1.4.10.jar:/home/runner/.m2/repository/org/jetbrains/kotlin/kotlin-stdlib-common/1.4.10/kotlin-stdlib-common-1.4.10.jar:/home/runner/.m2/repository/com/google/inject/extensions/guice-servlet/4.0/guice-servlet-4.0.jar:/home/runner/.m2/repository/io/netty/netty/3.10.6.Final/netty-3.10.6.Final.jar:/home/runner/.m2/repository/org/apache/hadoop/hadoop-yarn-server-tests/3.3.6/hadoop-yarn-server-tests-3.3.6-tests.jar:/home/runner/.m2/repository/org/apache/hadoop/hadoop-yarn-server-common/3.3.6/hadoop-yarn-server-common-3.3.6.jar:/home/runner/.m2/repository/org/apache/hadoop/hadoop-registry/3.3.6/hadoop-registry-3.3.6.jar:/home/runner/.m2/repository/org/apache/geronimo/specs/geronimo-jcache_1.0_spec/1.0-alpha-1/geronimo-jcache_1.0_spec-1.0-alpha-1.jar:/home/runner/.m2/repository/org/ehcache/ehcache/3.3.1/ehcache-3.3.1.jar:/home/runner/.m2/repository/com/zaxxer/HikariCP-java7/2.4.12/HikariCP-java7-2.4.12.jar:/home/runner/.m2/repository/com/microsoft/sqlserver/mssql-jdbc/6.2.1.jre7/mssql-jdbc-6.2.1.jre7.jar:/home/runner/.m2/repository/org/apache/hadoop/hadoop-yarn-server-nodemanager/3.3.6/hadoop-yarn-server-nodemanager-3.3.6.jar:/home/runner/.m2/repository/org/eclipse/jetty/websocket/javax-websocket-server-impl/9.4.51.v20230217/javax-websocket-server-impl-9.4.51.v20230217.jar:/home/runner/.m2/repository/org/eclipse/jetty/jetty-annotations/9.4.51.v20230217/jetty-annotations-9.4.51.v20230217.jar:/home/runner/.m2/repository/org/eclipse/jetty/jetty-plus/9.4.51.v20230217/jetty-plus-9.4.51.v20230217.jar:/home/runner/.m2/repository/org/eclipse/jetty/jetty-jndi/9.4.51.v20230217/jetty-jndi-9.4.51.v20230217.jar:/home/runner/.m2/repository/javax/annotation/javax.annotation-api/1.3.2/javax.annotation-api-1.3.2.jar:/home/runner/.m2/repository/org/ow2/asm/asm-commons/9.4/asm-commons-9.4.jar:/home/runner/.m2/repository/org/ow2/asm/asm-tree/9.4/asm-tree-9.4.jar:/home/runner/.m2/repository/org/eclipse/jetty/websocket/javax-websocket-client-impl/9.4.51.v20230217/javax-websocket-client-impl-9.4.51.v20230217.jar:/home/runner/.m2/repository/javax/websocket/javax.websocket-client-api/1.0/javax.websocket-client-api-1.0.jar:/home/runner/.m2/repository/org/eclipse/jetty/websocket/websocket-server/9.4.51.v20230217/websocket-server-9.4.51.v20230217.jar:/home/runner/.m2/repository/org/eclipse/jetty/websocket/websocket-servlet/9.4.51.v20230217/websocket-servlet-9.4.51.v20230217.jar:/home/runner/.m2/repository/javax/websocket/javax.websocket-api/1.0/javax.websocket-api-1.0.jar:/home/runner/.m2/repository/net/java/dev/jna/jna/5.2.0/jna-5.2.0.jar:/home/runner/.m2/repository/org/apache/hadoop/hadoop-yarn-server-resourcemanager/3.3.6/hadoop-yarn-server-resourcemanager-3.3.6.jar:/home/runner/.m2/repository/org/apache/hadoop/hadoop-yarn-server-applicationhistoryservice/3.3.6/hadoop-yarn-server-applicationhistoryservice-3.3.6.jar:/home/runner/.m2/repository/de/ruedigermoeller/fst/2.50/fst-2.50.jar:/home/runner/.m2/repository/com/cedarsoftware/java-util/1.9.0/java-util-1.9.0.jar:/home/runner/.m2/repository/com/cedarsoftware/json-io/2.5.1/json-io-2.5.1.jar:/home/runner/.m2/repository/org/apache/hadoop/hadoop-yarn-server-timelineservice/3.3.6/hadoop-yarn-server-timelineservice-3.3.6.jar:/home/runner/.m2/repository/org/apache/commons/commons-csv/1.9.0/commons-csv-1.9.0.jar:/home/runner/.m2/repository/org/apache/hadoop/hadoop-yarn-api/3.3.6/hadoop-yarn-api-3.3.6.jar:/home/runner/.m2/repository/org/apache/hadoop/hadoop-mapreduce-client-hs/3.3.6/hadoop-mapreduce-client-hs-3.3.6.jar:/home/runner/.m2/repository/org/apache/hadoop/hadoop-hdfs/3.3.6/hadoop-hdfs-3.3.6.jar:/home/runner/.m2/repository/org/apache/hadoop/hadoop-mapreduce-client-common/3.3.6/hadoop-mapreduce-client-common-3.3.6.jar:/home/runner/.m2/repository/org/fusesource/leveldbjni/leveldbjni-all/1.8/leveldbjni-all-1.8.jar:/home/runner/.m2/repository/org/apache/hadoop/hadoop-mapreduce-examples/3.3.6/hadoop-mapreduce-examples-3.3.6.jar:/home/runner/.m2/repository/org/apache/hadoop/hadoop-hdfs/3.3.6/hadoop-hdfs-3.3.6-tests.jar:/home/runner/.m2/repository/org/eclipse/jetty/jetty-util-ajax/9.4.51.v20230217/jetty-util-ajax-9.4.51.v20230217.jar:/home/runner/.m2/repository/commons-daemon/commons-daemon/1.0.13/commons-daemon-1.0.13.jar:/home/runner/.m2/repository/io/netty/netty-all/4.1.89.Final/netty-all-4.1.89.Final.jar:/home/runner/.m2/repository/io/netty/netty-buffer/4.1.89.Final/netty-buffer-4.1.89.Final.jar:/home/runner/.m2/repository/io/netty/netty-codec/4.1.89.Final/netty-codec-4.1.89.Final.jar:/home/runner/.m2/repository/io/netty/netty-codec-dns/4.1.89.Final/netty-codec-dns-4.1.89.Final.jar:/home/runner/.m2/repository/io/netty/netty-codec-haproxy/4.1.89.Final/netty-codec-haproxy-4.1.89.Final.jar:/home/runner/.m2/repository/io/netty/netty-codec-http/4.1.89.Final/netty-codec-http-4.1.89.Final.jar:/home/runner/.m2/repository/io/netty/netty-codec-http2/4.1.89.Final/netty-codec-http2-4.1.89.Final.jar:/home/runner/.m2/repository/io/netty/netty-codec-memcache/4.1.89.Final/netty-codec-memcache-4.1.89.Final.jar:/home/runner/.m2/repository/io/netty/netty-codec-mqtt/4.1.89.Final/netty-codec-mqtt-4.1.89.Final.jar:/home/runner/.m2/repository/io/netty/netty-codec-redis/4.1.89.Final/netty-codec-redis-4.1.89.Final.jar:/home/runner/.m2/repository/io/netty/netty-codec-smtp/4.1.89.Final/netty-codec-smtp-4.1.89.Final.jar:/home/runner/.m2/repository/io/netty/netty-codec-socks/4.1.89.Final/netty-codec-socks-4.1.89.Final.jar:/home/runner/.m2/repository/io/netty/netty-codec-stomp/4.1.89.Final/netty-codec-stomp-4.1.89.Final.jar:/home/runner/.m2/repository/io/netty/netty-codec-xml/4.1.89.Final/netty-codec-xml-4.1.89.Final.jar:/home/runner/.m2/repository/io/netty/netty-common/4.1.89.Final/netty-common-4.1.89.Final.jar:/home/runner/.m2/repository/io/netty/netty-handler/4.1.89.Final/netty-handler-4.1.89.Final.jar:/home/runner/.m2/repository/io/netty/netty-transport-native-unix-common/4.1.89.Final/netty-transport-native-unix-common-4.1.89.Final.jar:/home/runner/.m2/repository/io/netty/netty-handler-proxy/4.1.89.Final/netty-handler-proxy-4.1.89.Final.jar:/home/runner/.m2/repository/io/netty/netty-handler-ssl-ocsp/4.1.89.Final/netty-handler-ssl-ocsp-4.1.89.Final.jar:/home/runner/.m2/repository/io/netty/netty-resolver/4.1.89.Final/netty-resolver-4.1.89.Final.jar:/home/runner/.m2/repository/io/netty/netty-resolver-dns/4.1.89.Final/netty-resolver-dns-4.1.89.Final.jar:/home/runner/.m2/repository/io/netty/netty-transport/4.1.89.Final/netty-transport-4.1.89.Final.jar:/home/runner/.m2/repository/io/netty/netty-transport-rxtx/4.1.89.Final/netty-transport-rxtx-4.1.89.Final.jar:/home/runner/.m2/repository/io/netty/netty-transport-sctp/4.1.89.Final/netty-transport-sctp-4.1.89.Final.jar:/home/runner/.m2/repository/io/netty/netty-transport-udt/4.1.89.Final/netty-transport-udt-4.1.89.Final.jar:/home/runner/.m2/repository/io/netty/netty-transport-classes-epoll/4.1.89.Final/netty-transport-classes-epoll-4.1.89.Final.jar:/home/runner/.m2/repository/io/netty/netty-transport-classes-kqueue/4.1.89.Final/netty-transport-classes-kqueue-4.1.89.Final.jar:/home/runner/.m2/repository/io/netty/netty-resolver-dns-classes-macos/4.1.89.Final/netty-resolver-dns-classes-macos-4.1.89.Final.jar:/home/runner/.m2/repository/io/netty/netty-transport-native-epoll/4.1.89.Final/netty-transport-native-epoll-4.1.89.Final-linux-x86_64.jar:/home/runner/.m2/repository/io/netty/netty-transport-native-epoll/4.1.89.Final/netty-transport-native-epoll-4.1.89.Final-linux-aarch_64.jar:/home/runner/.m2/repository/io/netty/netty-transport-native-kqueue/4.1.89.Final/netty-transport-native-kqueue-4.1.89.Final-osx-x86_64.jar:/home/runner/.m2/repository/io/netty/netty-transport-native-kqueue/4.1.89.Final/netty-transport-native-kqueue-4.1.89.Final-osx-aarch_64.jar:/home/runner/.m2/repository/io/netty/netty-resolver-dns-native-macos/4.1.89.Final/netty-resolver-dns-native-macos-4.1.89.Final-osx-x86_64.jar:/home/runner/.m2/repository/io/netty/netty-resolver-dns-native-macos/4.1.89.Final/netty-resolver-dns-native-macos-4.1.89.Final-osx-aarch_64.jar:/home/runner/.m2/repository/org/apache/hadoop/hadoop-distcp/3.3.6/hadoop-distcp-3.3.6.jar:/home/runner/.m2/repository/org/apache/hadoop/hadoop-distcp/3.3.6/hadoop-distcp-3.3.6-tests.jar:/home/runner/.m2/repository/org/apache/hadoop/hadoop-mapreduce-client-app/3.3.6/hadoop-mapreduce-client-app-3.3.6.jar:/home/runner/.m2/repository/org/apache/hadoop/hadoop-yarn-server-web-proxy/3.3.6/hadoop-yarn-server-web-proxy-3.3.6.jar:/home/runner/.m2/repository/org/apache/hadoop/hadoop-mapreduce-client-shuffle/3.3.6/hadoop-mapreduce-client-shuffle-3.3.6.jar:/home/runner/.m2/repository/org/apache/hadoop/hadoop-mapreduce-client-app/3.3.6/hadoop-mapreduce-client-app-3.3.6-tests.jar:/home/runner/.m2/repository/org/apache/hadoop/hadoop-mapreduce-client-jobclient/3.3.6/hadoop-mapreduce-client-jobclient-3.3.6.jar:/home/runner/.m2/repository/org/apache/hadoop/hadoop-mapreduce-client-jobclient/3.3.6/hadoop-mapreduce-client-jobclient-3.3.6-tests.jar:/home/runner/.m2/repository/org/apache/hadoop/hadoop-minikdc/3.3.6/hadoop-minikdc-3.3.6.jar:/home/runner/.m2/repository/org/apache/kerby/kerb-simplekdc/1.0.1/kerb-simplekdc-1.0.1.jar:/home/runner/.m2/repository/org/apache/kerby/kerb-client/1.0.1/kerb-client-1.0.1.jar:/home/runner/.m2/repository/org/apache/kerby/kerby-config/1.0.1/kerby-config-1.0.1.jar:/home/runner/.m2/repository/org/apache/kerby/kerb-common/1.0.1/kerb-common-1.0.1.jar:/home/runner/.m2/repository/org/apache/kerby/kerb-crypto/1.0.1/kerb-crypto-1.0.1.jar:/home/runner/.m2/repository/org/apache/kerby/kerb-util/1.0.1/kerb-util-1.0.1.jar:/home/runner/.m2/repository/org/apache/kerby/token-provider/1.0.1/token-provider-1.0.1.jar:/home/runner/.m2/repository/org/apache/kerby/kerb-admin/1.0.1/kerb-admin-1.0.1.jar:/home/runner/.m2/repository/org/apache/kerby/kerb-server/1.0.1/kerb-server-1.0.1.jar:/home/runner/.m2/repository/org/apache/kerby/kerb-identity/1.0.1/kerb-identity-1.0.1.jar:/home/runner/.m2/repository/org/apache/kerby/kerby-xdr/1.0.1/kerby-xdr-1.0.1.jar:/home/runner/.m2/repository/org/hamcrest/hamcrest-library/1.3/hamcrest-library-1.3.jar:/home/runner/.m2/repository/org/bouncycastle/bcprov-jdk15on/1.68/bcprov-jdk15on-1.68.jar:/home/runner/.m2/repository/org/bouncycastle/bcpkix-jdk15on/1.68/bcpkix-jdk15on-1.68.jar:/home/runner/work/ozone/ozone/target/hadoop-src/target/gradle-enterprise/test-listeners.jar:"/>
    <property name="sun.cpu.endian" value="little"/>
    <property name="user.home" value="/home/runner"/>
    <property name="user.language" value="en"/>
    <property name="java.specification.vendor" value="Oracle Corporation"/>
    <property name="java.version.date" value="2024-10-15"/>
    <property name="java.home" value="/usr/lib/jvm/temurin-11-jdk-amd64"/>
    <property name="java.security.krb5.conf" value="/home/runner/work/ozone/ozone/target/hadoop-src/target/test-classes/krb5.conf"/>
    <property name="file.separator" value="/"/>
    <property name="basedir" value="/home/runner/work/ozone/ozone/target/hadoop-src"/>
    <property name="java.vm.compressedOopsMode" value="32-bit"/>
    <property name="line.separator" value="&#10;"/>
    <property name="java.specification.name" value="Java Platform API Specification"/>
    <property name="java.vm.specification.vendor" value="Oracle Corporation"/>
    <property name="java.awt.graphicsenv" value="sun.awt.X11GraphicsEnvironment"/>
    <property name="surefire.real.class.path" value="/home/runner/work/ozone/ozone/target/hadoop-src/target/surefire/surefirebooter10333920255932556101.jar"/>
    <property name="hadoop.log.dir" value="/home/runner/work/ozone/ozone/target/hadoop-src/target/log"/>
    <property name="sun.management.compiler" value="HotSpot 64-Bit Tiered Compilers"/>
    <property name="java.runtime.version" value="11.0.25+9"/>
    <property name="user.name" value="runner"/>
    <property name="java.net.preferIPv4Stack" value="true"/>
    <property name="path.separator" value=":"/>
    <property name="java.security.egd" value="file:///dev/urandom"/>
    <property name="os.version" value="5.15.0-1074-azure"/>
    <property name="java.runtime.name" value="OpenJDK Runtime Environment"/>
    <property name="file.encoding" value="UTF-8"/>
    <property name="java.vm.name" value="OpenJDK 64-Bit Server VM"/>
    <property name="java.vendor.version" value="Temurin-11.0.25+9"/>
    <property name="test.build.webapps" value=""/>
    <property name="develocity.listener.surefire.forkId" value="1"/>
    <property name="localRepository" value="/home/runner/.m2/repository"/>
    <property name="java.vendor.url.bug" value="https://github.com/adoptium/adoptium-support/issues"/>
    <property name="java.io.tmpdir" value="/tmp"/>
    <property name="require.test.libhadoop" value=""/>
    <property name="java.version" value="11.0.25"/>
    <property name="user.dir" value="/home/runner/work/ozone/ozone/target/hadoop-src"/>
    <property name="os.arch" value="amd64"/>
    <property name="java.vm.specification.name" value="Java Virtual Machine Specification"/>
    <property name="test.build.classes" value="/home/runner/work/ozone/ozone/target/hadoop-src/target/test-classes"/>
    <property name="java.awt.printerjob" value="sun.print.PSPrinterJob"/>
    <property name="sun.os.patch.level" value="unknown"/>
    <property name="test.default.timeout" value="200000"/>
    <property name="hadoop.tmp.dir" value="/home/runner/work/ozone/ozone/target/hadoop-src/target/tmp"/>
    <property name="java.library.path" value="${env.LD_LIBRARY_PATH}:/home/runner/work/ozone/ozone/target/hadoop-src/target/native/target/usr/local/lib:/home/runner/work/ozone/ozone/target/hadoop-src/../../hadoop-common-project/hadoop-common/target/native/target/usr/local/lib:/usr/java/packages/lib:/usr/lib64:/lib64:/lib:/usr/lib"/>
    <property name="java.vm.info" value="mixed mode"/>
    <property name="java.vendor" value="Eclipse Adoptium"/>
    <property name="java.vm.version" value="11.0.25+9"/>
    <property name="java.specification.maintenance.version" value="3"/>
    <property name="sun.io.unicode.encoding" value="UnicodeLittle"/>
    <property name="develocity.listener.port" value="41805"/>
    <property name="java.class.version" value="55.0"/>
  </properties>
  <testcase name="testMinSeekAndMaxSizeDefaultValues[Buffer type : direct]" classname="org.apache.hadoop.fs.contract.s3a.ITestS3AContractVectoredRead" time="2.302"/>
  <testcase name="testMinSeekAndMaxSizeConfigsPropagation[Buffer type : direct]" classname="org.apache.hadoop.fs.contract.s3a.ITestS3AContractVectoredRead" time="0.302"/>
  <testcase name="testStopVectoredIoOperationsCloseStream[Buffer type : direct]" classname="org.apache.hadoop.fs.contract.s3a.ITestS3AContractVectoredRead" time="0.285"/>
  <testcase name="testStopVectoredIoOperationsUnbuffer[Buffer type : direct]" classname="org.apache.hadoop.fs.contract.s3a.ITestS3AContractVectoredRead" time="0.231"/>
  <testcase name="testMultiVectoredReadStatsCollection[Buffer type : direct]" classname="org.apache.hadoop.fs.contract.s3a.ITestS3AContractVectoredRead" time="0.347"/>
  <testcase name="testNormalReadVsVectoredReadStatsCollection[Buffer type : direct]" classname="org.apache.hadoop.fs.contract.s3a.ITestS3AContractVectoredRead" time="0.489"/>
  <testcase name="testNormalReadAfterVectoredRead[Buffer type : direct]" classname="org.apache.hadoop.fs.contract.s3a.ITestS3AContractVectoredRead" time="0.24"/>
  <testcase name="testNegativeLengthRange[Buffer type : direct]" classname="org.apache.hadoop.fs.contract.s3a.ITestS3AContractVectoredRead" time="0.137"/>
  <testcase name="testVectoredReadMultipleRanges[Buffer type : direct]" classname="org.apache.hadoop.fs.contract.s3a.ITestS3AContractVectoredRead" time="0.185"/>
  <testcase name="testSomeRangesMergedSomeUnmerged[Buffer type : direct]" classname="org.apache.hadoop.fs.contract.s3a.ITestS3AContractVectoredRead" time="0.185"/>
  <testcase name="testEOFRanges[Buffer type : direct]" classname="org.apache.hadoop.fs.contract.s3a.ITestS3AContractVectoredRead" time="0.191"/>
  <testcase name="testVectoredReadAfterNormalRead[Buffer type : direct]" classname="org.apache.hadoop.fs.contract.s3a.ITestS3AContractVectoredRead" time="0.181"/>
  <testcase name="testDisjointRanges[Buffer type : direct]" classname="org.apache.hadoop.fs.contract.s3a.ITestS3AContractVectoredRead" time="0.143"/>
  <testcase name="testVectoredReadCapability[Buffer type : direct]" classname="org.apache.hadoop.fs.contract.s3a.ITestS3AContractVectoredRead" time="0.134"/>
  <testcase name="testSomeRandomNonOverlappingRanges[Buffer type : direct]" classname="org.apache.hadoop.fs.contract.s3a.ITestS3AContractVectoredRead" time="0.164"/>
  <testcase name="testAllRangesMergedIntoOne[Buffer type : direct]" classname="org.apache.hadoop.fs.contract.s3a.ITestS3AContractVectoredRead" time="0.216"/>
  <testcase name="testVectoredIOEndToEnd[Buffer type : direct]" classname="org.apache.hadoop.fs.contract.s3a.ITestS3AContractVectoredRead" time="0.247"/>
  <testcase name="testVectoredReadAndReadFully[Buffer type : direct]" classname="org.apache.hadoop.fs.contract.s3a.ITestS3AContractVectoredRead" time="0.299"/>
  <testcase name="testOverlappingRanges[Buffer type : direct]" classname="org.apache.hadoop.fs.contract.s3a.ITestS3AContractVectoredRead" time="0.253"/>
  <testcase name="testSameRanges[Buffer type : direct]" classname="org.apache.hadoop.fs.contract.s3a.ITestS3AContractVectoredRead" time="0.176"/>
  <testcase name="testMultipleVectoredReads[Buffer type : direct]" classname="org.apache.hadoop.fs.contract.s3a.ITestS3AContractVectoredRead" time="0.161"/>
  <testcase name="testNegativeOffsetRange[Buffer type : direct]" classname="org.apache.hadoop.fs.contract.s3a.ITestS3AContractVectoredRead" time="0.13"/>
  <testcase name="testConsecutiveRanges[Buffer type : direct]" classname="org.apache.hadoop.fs.contract.s3a.ITestS3AContractVectoredRead" time="0.148"/>
  <testcase name="testMinSeekAndMaxSizeDefaultValues[Buffer type : array]" classname="org.apache.hadoop.fs.contract.s3a.ITestS3AContractVectoredRead" time="0.179"/>
  <testcase name="testMinSeekAndMaxSizeConfigsPropagation[Buffer type : array]" classname="org.apache.hadoop.fs.contract.s3a.ITestS3AContractVectoredRead" time="0.199"/>
  <testcase name="testStopVectoredIoOperationsCloseStream[Buffer type : array]" classname="org.apache.hadoop.fs.contract.s3a.ITestS3AContractVectoredRead" time="0.168"/>
  <testcase name="testStopVectoredIoOperationsUnbuffer[Buffer type : array]" classname="org.apache.hadoop.fs.contract.s3a.ITestS3AContractVectoredRead" time="0.134"/>
  <testcase name="testMultiVectoredReadStatsCollection[Buffer type : array]" classname="org.apache.hadoop.fs.contract.s3a.ITestS3AContractVectoredRead" time="0.192"/>
  <testcase name="testNormalReadVsVectoredReadStatsCollection[Buffer type : array]" classname="org.apache.hadoop.fs.contract.s3a.ITestS3AContractVectoredRead" time="0.212"/>
  <testcase name="testNormalReadAfterVectoredRead[Buffer type : array]" classname="org.apache.hadoop.fs.contract.s3a.ITestS3AContractVectoredRead" time="0.138"/>
  <testcase name="testNegativeLengthRange[Buffer type : array]" classname="org.apache.hadoop.fs.contract.s3a.ITestS3AContractVectoredRead" time="0.166"/>
  <testcase name="testVectoredReadMultipleRanges[Buffer type : array]" classname="org.apache.hadoop.fs.contract.s3a.ITestS3AContractVectoredRead" time="0.202"/>
  <testcase name="testSomeRangesMergedSomeUnmerged[Buffer type : array]" classname="org.apache.hadoop.fs.contract.s3a.ITestS3AContractVectoredRead" time="0.18"/>
  <testcase name="testEOFRanges[Buffer type : array]" classname="org.apache.hadoop.fs.contract.s3a.ITestS3AContractVectoredRead" time="0.143"/>
  <testcase name="testVectoredReadAfterNormalRead[Buffer type : array]" classname="org.apache.hadoop.fs.contract.s3a.ITestS3AContractVectoredRead" time="0.167"/>
  <testcase name="testDisjointRanges[Buffer type : array]" classname="org.apache.hadoop.fs.contract.s3a.ITestS3AContractVectoredRead" time="0.158"/>
  <testcase name="testVectoredReadCapability[Buffer type : array]" classname="org.apache.hadoop.fs.contract.s3a.ITestS3AContractVectoredRead" time="0.153"/>
  <testcase name="testSomeRandomNonOverlappingRanges[Buffer type : array]" classname="org.apache.hadoop.fs.contract.s3a.ITestS3AContractVectoredRead" time="0.13"/>
  <testcase name="testAllRangesMergedIntoOne[Buffer type : array]" classname="org.apache.hadoop.fs.contract.s3a.ITestS3AContractVectoredRead" time="0.143"/>
  <testcase name="testVectoredIOEndToEnd[Buffer type : array]" classname="org.apache.hadoop.fs.contract.s3a.ITestS3AContractVectoredRead" time="0.136"/>
  <testcase name="testVectoredReadAndReadFully[Buffer type : array]" classname="org.apache.hadoop.fs.contract.s3a.ITestS3AContractVectoredRead" time="0.154"/>
  <testcase name="testOverlappingRanges[Buffer type : array]" classname="org.apache.hadoop.fs.contract.s3a.ITestS3AContractVectoredRead" time="0.12"/>
  <testcase name="testSameRanges[Buffer type : array]" classname="org.apache.hadoop.fs.contract.s3a.ITestS3AContractVectoredRead" time="0.167"/>
  <testcase name="testMultipleVectoredReads[Buffer type : array]" classname="org.apache.hadoop.fs.contract.s3a.ITestS3AContractVectoredRead" time="0.133"/>
  <testcase name="testNegativeOffsetRange[Buffer type : array]" classname="org.apache.hadoop.fs.contract.s3a.ITestS3AContractVectoredRead" time="0.172"/>
  <testcase name="testConsecutiveRanges[Buffer type : array]" classname="org.apache.hadoop.fs.contract.s3a.ITestS3AContractVectoredRead" time="0.183"/>
</testsuite>