<?xml version="1.0" encoding="UTF-8"?>
<testsuite xmlns:xsi="http://www.w3.org/2001/XMLSchema-instance" xsi:noNamespaceSchemaLocation="https://maven.apache.org/surefire/maven-surefire-plugin/xsd/surefire-test-report.xsd" name="org.apache.hadoop.ozone.client.rpc.TestWatchForCommit" time="192.738" tests="4" errors="1" skipped="0" failures="0">
  <properties>
    <property name="awt.toolkit" value="sun.awt.X11.XToolkit"/>
    <property name="file.encoding.pkg" value="sun.io"/>
    <property name="java.specification.version" value="1.8"/>
    <property name="sun.cpu.isalist" value=""/>
    <property name="sun.jnu.encoding" value="ANSI_X3.4-1968"/>
    <property name="java.class.path" value="/github/workspace/mnt/ozone/hadoop-ozone/integration-test/target/test-classes:/github/workspace/mnt/ozone/hadoop-ozone/integration-test/target/classes:/home/user/.m2/repository/org/apache/hadoop/hadoop-ozone-common/0.6.0-SNAPSHOT/hadoop-ozone-common-0.6.0-SNAPSHOT.jar:/home/user/.m2/repository/org/apache/commons/commons-compress/1.4.1/commons-compress-1.4.1.jar:/home/user/.m2/repository/org/tukaani/xz/1.0/xz-1.0.jar:/home/user/.m2/repository/org/apache/hadoop/hadoop-hdds-common/0.6.0-SNAPSHOT/hadoop-hdds-common-0.6.0-SNAPSHOT.jar:/home/user/.m2/repository/org/apache/hadoop/hadoop-hdds-hadoop-dependency-client/0.6.0-SNAPSHOT/hadoop-hdds-hadoop-dependency-client-0.6.0-SNAPSHOT.jar:/home/user/.m2/repository/info/picocli/picocli/3.9.6/picocli-3.9.6.jar:/home/user/.m2/repository/com/fasterxml/jackson/core/jackson-annotations/2.10.3/jackson-annotations-2.10.3.jar:/home/user/.m2/repository/javax/annotation/javax.annotation-api/1.2/javax.annotation-api-1.2.jar:/home/user/.m2/repository/org/apache/ratis/ratis-server/1.0.0/ratis-server-1.0.0.jar:/home/user/.m2/repository/org/apache/ratis/ratis-client/1.0.0/ratis-client-1.0.0.jar:/home/user/.m2/repository/org/apache/ratis/ratis-metrics/1.0.0/ratis-metrics-1.0.0.jar:/home/user/.m2/repository/org/apache/ratis/ratis-netty/1.0.0/ratis-netty-1.0.0.jar:/home/user/.m2/repository/org/apache/ratis/ratis-grpc/1.0.0/ratis-grpc-1.0.0.jar:/home/user/.m2/repository/org/apache/logging/log4j/log4j-api/2.11.0/log4j-api-2.11.0.jar:/home/user/.m2/repository/org/apache/logging/log4j/log4j-core/2.11.0/log4j-core-2.11.0.jar:/home/user/.m2/repository/com/lmax/disruptor/3.4.2/disruptor-3.4.2.jar:/home/user/.m2/repository/org/apache/commons/commons-pool2/2.6.0/commons-pool2-2.6.0.jar:/home/user/.m2/repository/org/bouncycastle/bcpkix-jdk15on/1.60/bcpkix-jdk15on-1.60.jar:/home/user/.m2/repository/commons-validator/commons-validator/1.6/commons-validator-1.6.jar:/home/user/.m2/repository/commons-digester/commons-digester/1.8.1/commons-digester-1.8.1.jar:/home/user/.m2/repository/io/jaegertracing/jaeger-client/1.2.0/jaeger-client-1.2.0.jar:/home/user/.m2/repository/io/jaegertracing/jaeger-thrift/1.2.0/jaeger-thrift-1.2.0.jar:/home/user/.m2/repository/org/apache/thrift/libthrift/0.13.0/libthrift-0.13.0.jar:/home/user/.m2/repository/com/squareup/okhttp3/okhttp/4.2.2/okhttp-4.2.2.jar:/home/user/.m2/repository/com/squareup/okio/okio/2.2.2/okio-2.2.2.jar:/home/user/.m2/repository/org/jetbrains/kotlin/kotlin-stdlib/1.3.50/kotlin-stdlib-1.3.50.jar:/home/user/.m2/repository/org/jetbrains/kotlin/kotlin-stdlib-common/1.3.50/kotlin-stdlib-common-1.3.50.jar:/home/user/.m2/repository/org/jetbrains/annotations/13.0/annotations-13.0.jar:/home/user/.m2/repository/io/jaegertracing/jaeger-core/1.2.0/jaeger-core-1.2.0.jar:/home/user/.m2/repository/io/jaegertracing/jaeger-tracerresolver/1.2.0/jaeger-tracerresolver-1.2.0.jar:/home/user/.m2/repository/io/opentracing/contrib/opentracing-tracerresolver/0.1.8/opentracing-tracerresolver-0.1.8.jar:/home/user/.m2/repository/io/opentracing/opentracing-util/0.33.0/opentracing-util-0.33.0.jar:/home/user/.m2/repository/io/opentracing/opentracing-api/0.33.0/opentracing-api-0.33.0.jar:/home/user/.m2/repository/io/opentracing/opentracing-noop/0.33.0/opentracing-noop-0.33.0.jar:/home/user/.m2/repository/org/apache/hadoop/hadoop-hdds-client/0.6.0-SNAPSHOT/hadoop-hdds-client-0.6.0-SNAPSHOT.jar:/home/user/.m2/repository/org/apache/hadoop/hadoop-ozone-interface-client/0.6.0-SNAPSHOT/hadoop-ozone-interface-client-0.6.0-SNAPSHOT.jar:/home/user/.m2/repository/org/apache/hadoop/hadoop-hdds-test-utils/0.6.0-SNAPSHOT/hadoop-hdds-test-utils-0.6.0-SNAPSHOT.jar:/home/user/.m2/repository/com/google/guava/guava/28.2-jre/guava-28.2-jre.jar:/home/user/.m2/repository/com/google/guava/failureaccess/1.0.1/failureaccess-1.0.1.jar:/home/user/.m2/repository/com/google/guava/listenablefuture/9999.0-empty-to-avoid-conflict-with-guava/listenablefuture-9999.0-empty-to-avoid-conflict-with-guava.jar:/home/user/.m2/repository/com/google/code/findbugs/jsr305/3.0.0/jsr305-3.0.0.jar:/home/user/.m2/repository/org/checkerframework/checker-qual/2.10.0/checker-qual-2.10.0.jar:/home/user/.m2/repository/com/google/errorprone/error_prone_annotations/2.2.0/error_prone_annotations-2.2.0.jar:/home/user/.m2/repository/com/google/j2objc/j2objc-annotations/1.3/j2objc-annotations-1.3.jar:/home/user/.m2/repository/commons-io/commons-io/2.5/commons-io-2.5.jar:/home/user/.m2/repository/commons-logging/commons-logging/1.2/commons-logging-1.2.jar:/home/user/.m2/repository/log4j/log4j/1.2.17/log4j-1.2.17.jar:/home/user/.m2/repository/org/slf4j/slf4j-api/1.7.25/slf4j-api-1.7.25.jar:/home/user/.m2/repository/org/apache/hadoop/hadoop-hdds-server-scm/0.6.0-SNAPSHOT/hadoop-hdds-server-scm-0.6.0-SNAPSHOT.jar:/home/user/.m2/repository/org/apache/hadoop/hadoop-hdds-container-service/0.6.0-SNAPSHOT/hadoop-hdds-container-service-0.6.0-SNAPSHOT.jar:/home/user/.m2/repository/org/apache/hadoop/hadoop-hdds-hadoop-dependency-server/0.6.0-SNAPSHOT/hadoop-hdds-hadoop-dependency-server-0.6.0-SNAPSHOT.jar:/home/user/.m2/repository/org/apache/hadoop/hadoop-hdds-server-framework/0.6.0-SNAPSHOT/hadoop-hdds-server-framework-0.6.0-SNAPSHOT.jar:/home/user/.m2/repository/org/apache/hadoop/hadoop-hdds-interface-server/0.6.0-SNAPSHOT/hadoop-hdds-interface-server-0.6.0-SNAPSHOT.jar:/home/user/.m2/repository/org/apache/hadoop/hadoop-hdds-interface-admin/0.6.0-SNAPSHOT/hadoop-hdds-interface-admin-0.6.0-SNAPSHOT.jar:/home/user/.m2/repository/org/rocksdb/rocksdbjni/6.8.1/rocksdbjni-6.8.1.jar:/home/user/.m2/repository/io/prometheus/simpleclient_dropwizard/0.7.0/simpleclient_dropwizard-0.7.0.jar:/home/user/.m2/repository/io/prometheus/simpleclient/0.7.0/simpleclient-0.7.0.jar:/home/user/.m2/repository/io/prometheus/simpleclient_common/0.7.0/simpleclient_common-0.7.0.jar:/home/user/.m2/repository/com/fasterxml/jackson/datatype/jackson-datatype-jsr310/2.10.3/jackson-datatype-jsr310-2.10.3.jar:/home/user/.m2/repository/org/apache/hadoop/hadoop-hdds-docs/0.6.0-SNAPSHOT/hadoop-hdds-docs-0.6.0-SNAPSHOT.jar:/home/user/.m2/repository/io/dropwizard/metrics/metrics-core/3.2.4/metrics-core-3.2.4.jar:/home/user/.m2/repository/org/apache/hadoop/hadoop-hdfs-client/3.2.1/hadoop-hdfs-client-3.2.1.jar:/home/user/.m2/repository/org/bouncycastle/bcprov-jdk15on/1.60/bcprov-jdk15on-1.60.jar:/home/user/.m2/repository/org/apache/hadoop/hadoop-ozone-ozone-manager/0.6.0-SNAPSHOT/hadoop-ozone-ozone-manager-0.6.0-SNAPSHOT.jar:/home/user/.m2/repository/org/apache/hadoop/hadoop-hdds-interface-client/0.6.0-SNAPSHOT/hadoop-hdds-interface-client-0.6.0-SNAPSHOT.jar:/home/user/.m2/repository/org/apache/ratis/ratis-thirdparty-misc/0.5.0/ratis-thirdparty-misc-0.5.0.jar:/home/user/.m2/repository/org/apache/hadoop/hadoop-minikdc/3.2.1/hadoop-minikdc-3.2.1.jar:/home/user/.m2/repository/org/apache/kerby/kerb-simplekdc/1.0.1/kerb-simplekdc-1.0.1.jar:/home/user/.m2/repository/org/apache/kerby/kerb-client/1.0.1/kerb-client-1.0.1.jar:/home/user/.m2/repository/org/apache/kerby/kerby-config/1.0.1/kerby-config-1.0.1.jar:/home/user/.m2/repository/org/apache/kerby/kerb-core/1.0.1/kerb-core-1.0.1.jar:/home/user/.m2/repository/org/apache/kerby/kerby-pkix/1.0.1/kerby-pkix-1.0.1.jar:/home/user/.m2/repository/org/apache/kerby/kerby-asn1/1.0.1/kerby-asn1-1.0.1.jar:/home/user/.m2/repository/org/apache/kerby/kerby-util/1.0.1/kerby-util-1.0.1.jar:/home/user/.m2/repository/org/apache/kerby/kerb-common/1.0.1/kerb-common-1.0.1.jar:/home/user/.m2/repository/org/apache/kerby/kerb-crypto/1.0.1/kerb-crypto-1.0.1.jar:/home/user/.m2/repository/org/apache/kerby/kerb-util/1.0.1/kerb-util-1.0.1.jar:/home/user/.m2/repository/org/apache/kerby/token-provider/1.0.1/token-provider-1.0.1.jar:/home/user/.m2/repository/org/apache/kerby/kerb-admin/1.0.1/kerb-admin-1.0.1.jar:/home/user/.m2/repository/org/apache/kerby/kerb-server/1.0.1/kerb-server-1.0.1.jar:/home/user/.m2/repository/org/apache/kerby/kerb-identity/1.0.1/kerb-identity-1.0.1.jar:/home/user/.m2/repository/org/apache/kerby/kerby-xdr/1.0.1/kerby-xdr-1.0.1.jar:/home/user/.m2/repository/org/slf4j/slf4j-log4j12/1.7.25/slf4j-log4j12-1.7.25.jar:/home/user/.m2/repository/org/apache/hadoop/hadoop-ozone-s3gateway/0.6.0-SNAPSHOT/hadoop-ozone-s3gateway-0.6.0-SNAPSHOT.jar:/home/user/.m2/repository/org/jboss/weld/servlet/weld-servlet/2.4.7.Final/weld-servlet-2.4.7.Final.jar:/home/user/.m2/repository/org/glassfish/jersey/containers/jersey-container-servlet-core/2.27/jersey-container-servlet-core-2.27.jar:/home/user/.m2/repository/org/glassfish/hk2/external/javax.inject/2.5.0-b42/javax.inject-2.5.0-b42.jar:/home/user/.m2/repository/org/glassfish/jersey/core/jersey-common/2.27/jersey-common-2.27.jar:/home/user/.m2/repository/org/glassfish/hk2/osgi-resource-locator/1.0.1/osgi-resource-locator-1.0.1.jar:/home/user/.m2/repository/javax/ws/rs/javax.ws.rs-api/2.1/javax.ws.rs-api-2.1.jar:/home/user/.m2/repository/org/glassfish/jersey/ext/cdi/jersey-cdi1x/2.27/jersey-cdi1x-2.27.jar:/home/user/.m2/repository/org/glassfish/jersey/inject/jersey-hk2/2.27/jersey-hk2-2.27.jar:/home/user/.m2/repository/org/glassfish/hk2/hk2-locator/2.5.0-b42/hk2-locator-2.5.0-b42.jar:/home/user/.m2/repository/org/javassist/javassist/3.22.0-CR2/javassist-3.22.0-CR2.jar:/home/user/.m2/repository/org/glassfish/hk2/hk2-api/2.5.0/hk2-api-2.5.0.jar:/home/user/.m2/repository/org/glassfish/hk2/external/jakarta.inject/2.5.0/jakarta.inject-2.5.0.jar:/home/user/.m2/repository/org/glassfish/hk2/hk2-utils/2.5.0/hk2-utils-2.5.0.jar:/home/user/.m2/repository/jakarta/annotation/jakarta.annotation-api/1.3.4/jakarta.annotation-api-1.3.4.jar:/home/user/.m2/repository/org/glassfish/hk2/external/aopalliance-repackaged/2.5.0/aopalliance-repackaged-2.5.0.jar:/home/user/.m2/repository/com/fasterxml/jackson/dataformat/jackson-dataformat-xml/2.10.3/jackson-dataformat-xml-2.10.3.jar:/home/user/.m2/repository/com/fasterxml/jackson/core/jackson-core/2.10.3/jackson-core-2.10.3.jar:/home/user/.m2/repository/com/fasterxml/jackson/module/jackson-module-jaxb-annotations/2.10.3/jackson-module-jaxb-annotations-2.10.3.jar:/home/user/.m2/repository/jakarta/xml/bind/jakarta.xml.bind-api/2.3.2/jakarta.xml.bind-api-2.3.2.jar:/home/user/.m2/repository/jakarta/activation/jakarta.activation-api/1.2.1/jakarta.activation-api-1.2.1.jar:/home/user/.m2/repository/org/codehaus/woodstox/stax2-api/3.1.4/stax2-api-3.1.4.jar:/home/user/.m2/repository/com/fasterxml/woodstox/woodstox-core/5.0.3/woodstox-core-5.0.3.jar:/home/user/.m2/repository/javax/enterprise/cdi-api/1.2/cdi-api-1.2.jar:/home/user/.m2/repository/javax/el/javax.el-api/3.0.0/javax.el-api-3.0.0.jar:/home/user/.m2/repository/javax/interceptor/javax.interceptor-api/1.2/javax.interceptor-api-1.2.jar:/home/user/.m2/repository/javax/inject/javax.inject/1/javax.inject-1.jar:/home/user/.m2/repository/com/sun/xml/bind/jaxb-impl/2.3.0.1/jaxb-impl-2.3.0.1.jar:/home/user/.m2/repository/com/sun/xml/bind/jaxb-core/2.3.0.1/jaxb-core-2.3.0.1.jar:/home/user/.m2/repository/javax/xml/bind/jaxb-api/2.3.0/jaxb-api-2.3.0.jar:/home/user/.m2/repository/javax/activation/activation/1.1.1/activation-1.1.1.jar:/home/user/.m2/repository/org/apache/hadoop/hadoop-ozone-csi/0.6.0-SNAPSHOT/hadoop-ozone-csi-0.6.0-SNAPSHOT.jar:/home/user/.m2/repository/com/google/protobuf/protobuf-java-util/3.11.0/protobuf-java-util-3.11.0.jar:/home/user/.m2/repository/com/google/code/gson/gson/2.2.4/gson-2.2.4.jar:/home/user/.m2/repository/org/apache/hadoop/hadoop-hdds-config/0.6.0-SNAPSHOT/hadoop-hdds-config-0.6.0-SNAPSHOT.jar:/home/user/.m2/repository/com/google/protobuf/protobuf-java/2.5.0/protobuf-java-2.5.0.jar:/home/user/.m2/repository/io/grpc/grpc-netty/1.29.0/grpc-netty-1.29.0.jar:/home/user/.m2/repository/io/grpc/grpc-core/1.29.0/grpc-core-1.29.0.jar:/home/user/.m2/repository/com/google/android/annotations/4.1.1.4/annotations-4.1.1.4.jar:/home/user/.m2/repository/io/perfmark/perfmark-api/0.19.0/perfmark-api-0.19.0.jar:/home/user/.m2/repository/io/netty/netty-codec-http2/4.1.48.Final/netty-codec-http2-4.1.48.Final.jar:/home/user/.m2/repository/io/netty/netty-codec/4.1.48.Final/netty-codec-4.1.48.Final.jar:/home/user/.m2/repository/io/netty/netty-handler/4.1.48.Final/netty-handler-4.1.48.Final.jar:/home/user/.m2/repository/io/netty/netty-codec-http/4.1.48.Final/netty-codec-http-4.1.48.Final.jar:/home/user/.m2/repository/io/netty/netty-handler-proxy/4.1.48.Final/netty-handler-proxy-4.1.48.Final.jar:/home/user/.m2/repository/io/netty/netty-codec-socks/4.1.48.Final/netty-codec-socks-4.1.48.Final.jar:/home/user/.m2/repository/io/netty/netty-transport-native-epoll/4.1.48.Final/netty-transport-native-epoll-4.1.48.Final.jar:/home/user/.m2/repository/io/netty/netty-common/4.1.48.Final/netty-common-4.1.48.Final.jar:/home/user/.m2/repository/io/netty/netty-buffer/4.1.48.Final/netty-buffer-4.1.48.Final.jar:/home/user/.m2/repository/io/netty/netty-transport/4.1.48.Final/netty-transport-4.1.48.Final.jar:/home/user/.m2/repository/io/netty/netty-resolver/4.1.48.Final/netty-resolver-4.1.48.Final.jar:/home/user/.m2/repository/io/netty/netty-transport-native-unix-common/4.1.48.Final/netty-transport-native-unix-common-4.1.48.Final.jar:/home/user/.m2/repository/io/grpc/grpc-protobuf/1.29.0/grpc-protobuf-1.29.0.jar:/home/user/.m2/repository/io/grpc/grpc-api/1.29.0/grpc-api-1.29.0.jar:/home/user/.m2/repository/io/grpc/grpc-context/1.29.0/grpc-context-1.29.0.jar:/home/user/.m2/repository/org/codehaus/mojo/animal-sniffer-annotations/1.18/animal-sniffer-annotations-1.18.jar:/home/user/.m2/repository/com/google/api/grpc/proto-google-common-protos/1.17.0/proto-google-common-protos-1.17.0.jar:/home/user/.m2/repository/io/grpc/grpc-protobuf-lite/1.29.0/grpc-protobuf-lite-1.29.0.jar:/home/user/.m2/repository/io/grpc/grpc-stub/1.29.0/grpc-stub-1.29.0.jar:/home/user/.m2/repository/org/apache/hadoop/hadoop-ozone-recon/0.6.0-SNAPSHOT/hadoop-ozone-recon-0.6.0-SNAPSHOT.jar:/home/user/.m2/repository/org/apache/hadoop/hadoop-ozone-reconcodegen/0.6.0-SNAPSHOT/hadoop-ozone-reconcodegen-0.6.0-SNAPSHOT.jar:/home/user/.m2/repository/com/google/inject/extensions/guice-multibindings/4.0/guice-multibindings-4.0.jar:/home/user/.m2/repository/com/google/inject/guice/4.0/guice-4.0.jar:/home/user/.m2/repository/aopalliance/aopalliance/1.0/aopalliance-1.0.jar:/home/user/.m2/repository/com/google/inject/extensions/guice-assistedinject/4.0/guice-assistedinject-4.0.jar:/home/user/.m2/repository/com/google/inject/extensions/guice-servlet/4.0/guice-servlet-4.0.jar:/home/user/.m2/repository/org/glassfish/jersey/containers/jersey-container-servlet/2.27/jersey-container-servlet-2.27.jar:/home/user/.m2/repository/org/glassfish/hk2/guice-bridge/2.5.0/guice-bridge-2.5.0.jar:/home/user/.m2/repository/org/glassfish/jersey/core/jersey-server/2.27/jersey-server-2.27.jar:/home/user/.m2/repository/org/glassfish/jersey/core/jersey-client/2.27/jersey-client-2.27.jar:/home/user/.m2/repository/org/glassfish/jersey/media/jersey-media-jaxb/2.27/jersey-media-jaxb-2.27.jar:/home/user/.m2/repository/javax/validation/validation-api/1.1.0.Final/validation-api-1.1.0.Final.jar:/home/user/.m2/repository/org/glassfish/jersey/media/jersey-media-json-jackson/2.27/jersey-media-json-jackson-2.27.jar:/home/user/.m2/repository/org/glassfish/jersey/ext/jersey-entity-filtering/2.27/jersey-entity-filtering-2.27.jar:/home/user/.m2/repository/org/jooq/jooq/3.11.10/jooq-3.11.10.jar:/home/user/.m2/repository/org/jooq/jooq-meta/3.11.10/jooq-meta-3.11.10.jar:/home/user/.m2/repository/org/jooq/jooq-codegen/3.11.10/jooq-codegen-3.11.10.jar:/home/user/.m2/repository/com/jolbox/bonecp/0.8.0.RELEASE/bonecp-0.8.0.RELEASE.jar:/home/user/.m2/repository/org/apache/derby/derby/10.14.2.0/derby-10.14.2.0.jar:/home/user/.m2/repository/org/xerial/sqlite-jdbc/3.25.2/sqlite-jdbc-3.25.2.jar:/home/user/.m2/repository/org/springframework/spring-jdbc/5.2.5.RELEASE/spring-jdbc-5.2.5.RELEASE.jar:/home/user/.m2/repository/org/springframework/spring-beans/5.2.5.RELEASE/spring-beans-5.2.5.RELEASE.jar:/home/user/.m2/repository/org/springframework/spring-core/5.2.5.RELEASE/spring-core-5.2.5.RELEASE.jar:/home/user/.m2/repository/org/springframework/spring-jcl/5.2.5.RELEASE/spring-jcl-5.2.5.RELEASE.jar:/home/user/.m2/repository/org/springframework/spring-tx/5.2.5.RELEASE/spring-tx-5.2.5.RELEASE.jar:/home/user/.m2/repository/org/apache/hadoop/hadoop-ozone-client/0.6.0-SNAPSHOT/hadoop-ozone-client-0.6.0-SNAPSHOT.jar:/home/user/.m2/repository/org/apache/hadoop/hadoop-ozone-filesystem/0.6.0-SNAPSHOT/hadoop-ozone-filesystem-0.6.0-SNAPSHOT.jar:/home/user/.m2/repository/org/apache/hadoop/hadoop-ozone-filesystem-common/0.6.0-SNAPSHOT/hadoop-ozone-filesystem-common-0.6.0-SNAPSHOT.jar:/home/user/.m2/repository/org/apache/hadoop/hadoop-ozone-tools/0.6.0-SNAPSHOT/hadoop-ozone-tools-0.6.0-SNAPSHOT.jar:/home/user/.m2/repository/org/apache/hadoop/hadoop-hdfs/3.2.1/hadoop-hdfs-3.2.1.jar:/home/user/.m2/repository/org/apache/ratis/ratis-tools/1.0.0/ratis-tools-1.0.0.jar:/home/user/.m2/repository/org/apache/ratis/ratis-proto/1.0.0/ratis-proto-1.0.0.jar:/home/user/.m2/repository/org/apache/ratis/ratis-common/1.0.0/ratis-common-1.0.0.jar:/home/user/.m2/repository/com/amazonaws/aws-java-sdk-core/1.11.615/aws-java-sdk-core-1.11.615.jar:/home/user/.m2/repository/org/apache/httpcomponents/httpclient/4.5.2/httpclient-4.5.2.jar:/home/user/.m2/repository/org/apache/httpcomponents/httpcore/4.4.4/httpcore-4.4.4.jar:/home/user/.m2/repository/software/amazon/ion/ion-java/1.0.2/ion-java-1.0.2.jar:/home/user/.m2/repository/com/fasterxml/jackson/dataformat/jackson-dataformat-cbor/2.10.3/jackson-dataformat-cbor-2.10.3.jar:/home/user/.m2/repository/joda-time/joda-time/2.8.1/joda-time-2.8.1.jar:/home/user/.m2/repository/com/amazonaws/aws-java-sdk-s3/1.11.615/aws-java-sdk-s3-1.11.615.jar:/home/user/.m2/repository/com/amazonaws/aws-java-sdk-kms/1.11.615/aws-java-sdk-kms-1.11.615.jar:/home/user/.m2/repository/com/amazonaws/jmespath-java/1.11.615/jmespath-java-1.11.615.jar:/home/user/.m2/repository/org/apache/hadoop/hadoop-hdds-tools/0.6.0-SNAPSHOT/hadoop-hdds-tools-0.6.0-SNAPSHOT.jar:/home/user/.m2/repository/commons-cli/commons-cli/1.2/commons-cli-1.2.jar:/home/user/.m2/repository/org/apache/commons/commons-lang3/3.7/commons-lang3-3.7.jar:/home/user/.m2/repository/org/apache/hadoop/hadoop-ozone-ozone-manager/0.6.0-SNAPSHOT/hadoop-ozone-ozone-manager-0.6.0-SNAPSHOT-tests.jar:/home/user/.m2/repository/junit/junit/4.11/junit-4.11.jar:/home/user/.m2/repository/org/hamcrest/hamcrest-core/1.3/hamcrest-core-1.3.jar:/home/user/.m2/repository/org/openjdk/jmh/jmh-core/1.19/jmh-core-1.19.jar:/home/user/.m2/repository/net/sf/jopt-simple/jopt-simple/4.6/jopt-simple-4.6.jar:/home/user/.m2/repository/org/apache/commons/commons-math3/3.1.1/commons-math3-3.1.1.jar:/home/user/.m2/repository/org/openjdk/jmh/jmh-generator-annprocess/1.19/jmh-generator-annprocess-1.19.jar:/home/user/.m2/repository/org/mockito/mockito-all/1.8.5/mockito-all-1.8.5.jar:/home/user/.m2/repository/org/apache/hadoop/hadoop-kms/3.2.1/hadoop-kms-3.2.1.jar:/home/user/.m2/repository/org/apache/hadoop/hadoop-auth/3.2.1/hadoop-auth-3.2.1.jar:/home/user/.m2/repository/com/nimbusds/nimbus-jose-jwt/7.9/nimbus-jose-jwt-7.9.jar:/home/user/.m2/repository/com/github/stephenc/jcip/jcip-annotations/1.0-1/jcip-annotations-1.0-1.jar:/home/user/.m2/repository/net/minidev/json-smart/2.3/json-smart-2.3.jar:/home/user/.m2/repository/net/minidev/accessors-smart/1.2/accessors-smart-1.2.jar:/home/user/.m2/repository/org/ow2/asm/asm/5.0.4/asm-5.0.4.jar:/home/user/.m2/repository/org/apache/zookeeper/zookeeper/3.4.13/zookeeper-3.4.13.jar:/home/user/.m2/repository/org/apache/yetus/audience-annotations/0.5.0/audience-annotations-0.5.0.jar:/home/user/.m2/repository/org/apache/curator/curator-framework/2.13.0/curator-framework-2.13.0.jar:/home/user/.m2/repository/com/sun/jersey/jersey-core/1.19/jersey-core-1.19.jar:/home/user/.m2/repository/javax/ws/rs/jsr311-api/1.1.1/jsr311-api-1.1.1.jar:/home/user/.m2/repository/com/sun/jersey/jersey-server/1.19/jersey-server-1.19.jar:/home/user/.m2/repository/javax/servlet/javax.servlet-api/3.1.0/javax.servlet-api-3.1.0.jar:/home/user/.m2/repository/org/eclipse/jetty/jetty-server/9.4.26.v20200117/jetty-server-9.4.26.v20200117.jar:/home/user/.m2/repository/org/eclipse/jetty/jetty-http/9.4.26.v20200117/jetty-http-9.4.26.v20200117.jar:/home/user/.m2/repository/org/eclipse/jetty/jetty-io/9.4.26.v20200117/jetty-io-9.4.26.v20200117.jar:/home/user/.m2/repository/org/eclipse/jetty/jetty-webapp/9.4.26.v20200117/jetty-webapp-9.4.26.v20200117.jar:/home/user/.m2/repository/org/eclipse/jetty/jetty-xml/9.4.26.v20200117/jetty-xml-9.4.26.v20200117.jar:/home/user/.m2/repository/org/eclipse/jetty/jetty-servlet/9.4.26.v20200117/jetty-servlet-9.4.26.v20200117.jar:/home/user/.m2/repository/org/eclipse/jetty/jetty-security/9.4.26.v20200117/jetty-security-9.4.26.v20200117.jar:/home/user/.m2/repository/org/apache/hadoop/hadoop-common/3.2.1/hadoop-common-3.2.1.jar:/home/user/.m2/repository/commons-net/commons-net/3.6/commons-net-3.6.jar:/home/user/.m2/repository/commons-collections/commons-collections/3.2.2/commons-collections-3.2.2.jar:/home/user/.m2/repository/com/sun/jersey/jersey-servlet/1.19/jersey-servlet-1.19.jar:/home/user/.m2/repository/com/sun/jersey/jersey-json/1.19/jersey-json-1.19.jar:/home/user/.m2/repository/org/codehaus/jettison/jettison/1.1/jettison-1.1.jar:/home/user/.m2/repository/org/codehaus/jackson/jackson-jaxrs/1.9.2/jackson-jaxrs-1.9.2.jar:/home/user/.m2/repository/org/codehaus/jackson/jackson-xc/1.9.2/jackson-xc-1.9.2.jar:/home/user/.m2/repository/commons-beanutils/commons-beanutils/1.9.4/commons-beanutils-1.9.4.jar:/home/user/.m2/repository/org/apache/commons/commons-configuration2/2.1.1/commons-configuration2-2.1.1.jar:/home/user/.m2/repository/org/apache/commons/commons-text/1.4/commons-text-1.4.jar:/home/user/.m2/repository/com/google/re2j/re2j/1.1/re2j-1.1.jar:/home/user/.m2/repository/com/jcraft/jsch/0.1.54/jsch-0.1.54.jar:/home/user/.m2/repository/org/apache/curator/curator-client/2.13.0/curator-client-2.13.0.jar:/home/user/.m2/repository/org/apache/curator/curator-recipes/2.13.0/curator-recipes-2.13.0.jar:/home/user/.m2/repository/dnsjava/dnsjava/2.1.7/dnsjava-2.1.7.jar:/home/user/.m2/repository/org/slf4j/jul-to-slf4j/1.7.25/jul-to-slf4j-1.7.25.jar:/home/user/.m2/repository/org/eclipse/jetty/jetty-util/9.4.26.v20200117/jetty-util-9.4.26.v20200117.jar:/home/user/.m2/repository/com/fasterxml/jackson/core/jackson-databind/2.10.3/jackson-databind-2.10.3.jar:/home/user/.m2/repository/org/apache/hadoop/hadoop-kms/3.2.1/hadoop-kms-3.2.1-tests.jar:/home/user/.m2/repository/org/apache/hadoop/hadoop-hdds-server-scm/0.6.0-SNAPSHOT/hadoop-hdds-server-scm-0.6.0-SNAPSHOT-tests.jar:/home/user/.m2/repository/org/apache/hadoop/hadoop-hdds-container-service/0.6.0-SNAPSHOT/hadoop-hdds-container-service-0.6.0-SNAPSHOT-tests.jar:/home/user/.m2/repository/org/apache/hadoop/hadoop-hdds-common/0.6.0-SNAPSHOT/hadoop-hdds-common-0.6.0-SNAPSHOT-tests.jar:/home/user/.m2/repository/org/yaml/snakeyaml/1.16/snakeyaml-1.16.jar:/home/user/.m2/repository/org/apache/hadoop/hadoop-hdds-hadoop-dependency-test/0.6.0-SNAPSHOT/hadoop-hdds-hadoop-dependency-test-0.6.0-SNAPSHOT.jar:/home/user/.m2/repository/org/apache/hadoop/hadoop-common/3.2.1/hadoop-common-3.2.1-tests.jar:/home/user/.m2/repository/javax/servlet/jsp/jsp-api/2.1/jsp-api-2.1.jar:/home/user/.m2/repository/org/apache/hadoop/hadoop-hdfs/3.2.1/hadoop-hdfs-3.2.1-tests.jar:/home/user/.m2/repository/org/eclipse/jetty/jetty-util-ajax/9.4.26.v20200117/jetty-util-ajax-9.4.26.v20200117.jar:/home/user/.m2/repository/commons-codec/commons-codec/1.11/commons-codec-1.11.jar:/home/user/.m2/repository/commons-daemon/commons-daemon/1.0.13/commons-daemon-1.0.13.jar:/home/user/.m2/repository/io/netty/netty/3.10.5.Final/netty-3.10.5.Final.jar:/home/user/.m2/repository/io/netty/netty-all/4.1.48.Final/netty-all-4.1.48.Final.jar:/home/user/.m2/repository/org/apache/htrace/htrace-core4/4.1.0-incubating/htrace-core4-4.1.0-incubating.jar:/home/user/.m2/repository/org/fusesource/leveldbjni/leveldbjni-all/1.8/leveldbjni-all-1.8.jar:/home/user/.m2/repository/org/apache/hadoop/hadoop-distcp/3.2.1/hadoop-distcp-3.2.1.jar:/home/user/.m2/repository/org/apache/hadoop/hadoop-mapreduce-client-jobclient/3.2.1/hadoop-mapreduce-client-jobclient-3.2.1.jar:/home/user/.m2/repository/org/apache/hadoop/hadoop-mapreduce-client-common/3.2.1/hadoop-mapreduce-client-common-3.2.1.jar:/home/user/.m2/repository/org/apache/hadoop/hadoop-yarn-common/3.2.1/hadoop-yarn-common-3.2.1.jar:/home/user/.m2/repository/org/apache/hadoop/hadoop-yarn-api/3.2.1/hadoop-yarn-api-3.2.1.jar:/home/user/.m2/repository/com/sun/jersey/jersey-client/1.19/jersey-client-1.19.jar:/home/user/.m2/repository/com/sun/jersey/contribs/jersey-guice/1.19/jersey-guice-1.19.jar:/home/user/.m2/repository/com/fasterxml/jackson/jaxrs/jackson-jaxrs-json-provider/2.10.3/jackson-jaxrs-json-provider-2.10.3.jar:/home/user/.m2/repository/com/fasterxml/jackson/jaxrs/jackson-jaxrs-base/2.10.3/jackson-jaxrs-base-2.10.3.jar:/home/user/.m2/repository/org/apache/hadoop/hadoop-yarn-client/3.2.1/hadoop-yarn-client-3.2.1.jar:/home/user/.m2/repository/org/apache/hadoop/hadoop-mapreduce-client-core/3.2.1/hadoop-mapreduce-client-core-3.2.1.jar:/home/user/.m2/repository/org/apache/avro/avro/1.7.7/avro-1.7.7.jar:/home/user/.m2/repository/org/codehaus/jackson/jackson-core-asl/1.9.13/jackson-core-asl-1.9.13.jar:/home/user/.m2/repository/org/codehaus/jackson/jackson-mapper-asl/1.9.13/jackson-mapper-asl-1.9.13.jar:/home/user/.m2/repository/com/thoughtworks/paranamer/paranamer/2.3/paranamer-2.3.jar:/home/user/.m2/repository/org/xerial/snappy/snappy-java/1.0.5/snappy-java-1.0.5.jar:/home/user/.m2/repository/org/apache/hadoop/hadoop-annotations/3.2.1/hadoop-annotations-3.2.1.jar:/usr/lib/jvm/java-1.8.0-openjdk-1.8.0.232.b09-0.el7_7.x86_64/jre/../lib/tools.jar:/home/user/.m2/repository/org/apache/hadoop/hadoop-distcp/3.2.1/hadoop-distcp-3.2.1-tests.jar:"/>
    <property name="java.vm.vendor" value="Oracle Corporation"/>
    <property name="sun.arch.data.model" value="64"/>
    <property name="test.build.dir" value="/github/workspace/mnt/ozone/hadoop-ozone/integration-test/target/test-dir"/>
    <property name="test.cache.data" value=""/>
    <property name="java.vendor.url" value="http://java.oracle.com/"/>
    <property name="user.timezone" value=""/>
    <property name="java.vm.specification.version" value="1.8"/>
    <property name="os.name" value="Linux"/>
    <property name="test.build.data" value="/github/workspace/mnt/ozone/hadoop-ozone/integration-test/target/test-dir"/>
    <property name="user.country" value="US"/>
    <property name="sun.java.launcher" value="SUN_STANDARD"/>
    <property name="sun.boot.library.path" value="/usr/lib/jvm/java-1.8.0-openjdk-1.8.0.232.b09-0.el7_7.x86_64/jre/lib/amd64"/>
    <property name="sun.java.command" value="/github/workspace/mnt/ozone/hadoop-ozone/integration-test/target/surefire/surefirebooter3765436784950029773.jar /github/workspace/mnt/ozone/hadoop-ozone/integration-test/target/surefire 2020-08-11T10-19-35_654-jvmRun1 surefire3830897163914354754tmp surefire_0300692809276676400tmp"/>
    <property name="surefire.test.class.path" value="/github/workspace/mnt/ozone/hadoop-ozone/integration-test/target/test-classes:/github/workspace/mnt/ozone/hadoop-ozone/integration-test/target/classes:/home/user/.m2/repository/org/apache/hadoop/hadoop-ozone-common/0.6.0-SNAPSHOT/hadoop-ozone-common-0.6.0-SNAPSHOT.jar:/home/user/.m2/repository/org/apache/commons/commons-compress/1.4.1/commons-compress-1.4.1.jar:/home/user/.m2/repository/org/tukaani/xz/1.0/xz-1.0.jar:/home/user/.m2/repository/org/apache/hadoop/hadoop-hdds-common/0.6.0-SNAPSHOT/hadoop-hdds-common-0.6.0-SNAPSHOT.jar:/home/user/.m2/repository/org/apache/hadoop/hadoop-hdds-hadoop-dependency-client/0.6.0-SNAPSHOT/hadoop-hdds-hadoop-dependency-client-0.6.0-SNAPSHOT.jar:/home/user/.m2/repository/info/picocli/picocli/3.9.6/picocli-3.9.6.jar:/home/user/.m2/repository/com/fasterxml/jackson/core/jackson-annotations/2.10.3/jackson-annotations-2.10.3.jar:/home/user/.m2/repository/javax/annotation/javax.annotation-api/1.2/javax.annotation-api-1.2.jar:/home/user/.m2/repository/org/apache/ratis/ratis-server/1.0.0/ratis-server-1.0.0.jar:/home/user/.m2/repository/org/apache/ratis/ratis-client/1.0.0/ratis-client-1.0.0.jar:/home/user/.m2/repository/org/apache/ratis/ratis-metrics/1.0.0/ratis-metrics-1.0.0.jar:/home/user/.m2/repository/org/apache/ratis/ratis-netty/1.0.0/ratis-netty-1.0.0.jar:/home/user/.m2/repository/org/apache/ratis/ratis-grpc/1.0.0/ratis-grpc-1.0.0.jar:/home/user/.m2/repository/org/apache/logging/log4j/log4j-api/2.11.0/log4j-api-2.11.0.jar:/home/user/.m2/repository/org/apache/logging/log4j/log4j-core/2.11.0/log4j-core-2.11.0.jar:/home/user/.m2/repository/com/lmax/disruptor/3.4.2/disruptor-3.4.2.jar:/home/user/.m2/repository/org/apache/commons/commons-pool2/2.6.0/commons-pool2-2.6.0.jar:/home/user/.m2/repository/org/bouncycastle/bcpkix-jdk15on/1.60/bcpkix-jdk15on-1.60.jar:/home/user/.m2/repository/commons-validator/commons-validator/1.6/commons-validator-1.6.jar:/home/user/.m2/repository/commons-digester/commons-digester/1.8.1/commons-digester-1.8.1.jar:/home/user/.m2/repository/io/jaegertracing/jaeger-client/1.2.0/jaeger-client-1.2.0.jar:/home/user/.m2/repository/io/jaegertracing/jaeger-thrift/1.2.0/jaeger-thrift-1.2.0.jar:/home/user/.m2/repository/org/apache/thrift/libthrift/0.13.0/libthrift-0.13.0.jar:/home/user/.m2/repository/com/squareup/okhttp3/okhttp/4.2.2/okhttp-4.2.2.jar:/home/user/.m2/repository/com/squareup/okio/okio/2.2.2/okio-2.2.2.jar:/home/user/.m2/repository/org/jetbrains/kotlin/kotlin-stdlib/1.3.50/kotlin-stdlib-1.3.50.jar:/home/user/.m2/repository/org/jetbrains/kotlin/kotlin-stdlib-common/1.3.50/kotlin-stdlib-common-1.3.50.jar:/home/user/.m2/repository/org/jetbrains/annotations/13.0/annotations-13.0.jar:/home/user/.m2/repository/io/jaegertracing/jaeger-core/1.2.0/jaeger-core-1.2.0.jar:/home/user/.m2/repository/io/jaegertracing/jaeger-tracerresolver/1.2.0/jaeger-tracerresolver-1.2.0.jar:/home/user/.m2/repository/io/opentracing/contrib/opentracing-tracerresolver/0.1.8/opentracing-tracerresolver-0.1.8.jar:/home/user/.m2/repository/io/opentracing/opentracing-util/0.33.0/opentracing-util-0.33.0.jar:/home/user/.m2/repository/io/opentracing/opentracing-api/0.33.0/opentracing-api-0.33.0.jar:/home/user/.m2/repository/io/opentracing/opentracing-noop/0.33.0/opentracing-noop-0.33.0.jar:/home/user/.m2/repository/org/apache/hadoop/hadoop-hdds-client/0.6.0-SNAPSHOT/hadoop-hdds-client-0.6.0-SNAPSHOT.jar:/home/user/.m2/repository/org/apache/hadoop/hadoop-ozone-interface-client/0.6.0-SNAPSHOT/hadoop-ozone-interface-client-0.6.0-SNAPSHOT.jar:/home/user/.m2/repository/org/apache/hadoop/hadoop-hdds-test-utils/0.6.0-SNAPSHOT/hadoop-hdds-test-utils-0.6.0-SNAPSHOT.jar:/home/user/.m2/repository/com/google/guava/guava/28.2-jre/guava-28.2-jre.jar:/home/user/.m2/repository/com/google/guava/failureaccess/1.0.1/failureaccess-1.0.1.jar:/home/user/.m2/repository/com/google/guava/listenablefuture/9999.0-empty-to-avoid-conflict-with-guava/listenablefuture-9999.0-empty-to-avoid-conflict-with-guava.jar:/home/user/.m2/repository/com/google/code/findbugs/jsr305/3.0.0/jsr305-3.0.0.jar:/home/user/.m2/repository/org/checkerframework/checker-qual/2.10.0/checker-qual-2.10.0.jar:/home/user/.m2/repository/com/google/errorprone/error_prone_annotations/2.2.0/error_prone_annotations-2.2.0.jar:/home/user/.m2/repository/com/google/j2objc/j2objc-annotations/1.3/j2objc-annotations-1.3.jar:/home/user/.m2/repository/commons-io/commons-io/2.5/commons-io-2.5.jar:/home/user/.m2/repository/commons-logging/commons-logging/1.2/commons-logging-1.2.jar:/home/user/.m2/repository/log4j/log4j/1.2.17/log4j-1.2.17.jar:/home/user/.m2/repository/org/slf4j/slf4j-api/1.7.25/slf4j-api-1.7.25.jar:/home/user/.m2/repository/org/apache/hadoop/hadoop-hdds-server-scm/0.6.0-SNAPSHOT/hadoop-hdds-server-scm-0.6.0-SNAPSHOT.jar:/home/user/.m2/repository/org/apache/hadoop/hadoop-hdds-container-service/0.6.0-SNAPSHOT/hadoop-hdds-container-service-0.6.0-SNAPSHOT.jar:/home/user/.m2/repository/org/apache/hadoop/hadoop-hdds-hadoop-dependency-server/0.6.0-SNAPSHOT/hadoop-hdds-hadoop-dependency-server-0.6.0-SNAPSHOT.jar:/home/user/.m2/repository/org/apache/hadoop/hadoop-hdds-server-framework/0.6.0-SNAPSHOT/hadoop-hdds-server-framework-0.6.0-SNAPSHOT.jar:/home/user/.m2/repository/org/apache/hadoop/hadoop-hdds-interface-server/0.6.0-SNAPSHOT/hadoop-hdds-interface-server-0.6.0-SNAPSHOT.jar:/home/user/.m2/repository/org/apache/hadoop/hadoop-hdds-interface-admin/0.6.0-SNAPSHOT/hadoop-hdds-interface-admin-0.6.0-SNAPSHOT.jar:/home/user/.m2/repository/org/rocksdb/rocksdbjni/6.8.1/rocksdbjni-6.8.1.jar:/home/user/.m2/repository/io/prometheus/simpleclient_dropwizard/0.7.0/simpleclient_dropwizard-0.7.0.jar:/home/user/.m2/repository/io/prometheus/simpleclient/0.7.0/simpleclient-0.7.0.jar:/home/user/.m2/repository/io/prometheus/simpleclient_common/0.7.0/simpleclient_common-0.7.0.jar:/home/user/.m2/repository/com/fasterxml/jackson/datatype/jackson-datatype-jsr310/2.10.3/jackson-datatype-jsr310-2.10.3.jar:/home/user/.m2/repository/org/apache/hadoop/hadoop-hdds-docs/0.6.0-SNAPSHOT/hadoop-hdds-docs-0.6.0-SNAPSHOT.jar:/home/user/.m2/repository/io/dropwizard/metrics/metrics-core/3.2.4/metrics-core-3.2.4.jar:/home/user/.m2/repository/org/apache/hadoop/hadoop-hdfs-client/3.2.1/hadoop-hdfs-client-3.2.1.jar:/home/user/.m2/repository/org/bouncycastle/bcprov-jdk15on/1.60/bcprov-jdk15on-1.60.jar:/home/user/.m2/repository/org/apache/hadoop/hadoop-ozone-ozone-manager/0.6.0-SNAPSHOT/hadoop-ozone-ozone-manager-0.6.0-SNAPSHOT.jar:/home/user/.m2/repository/org/apache/hadoop/hadoop-hdds-interface-client/0.6.0-SNAPSHOT/hadoop-hdds-interface-client-0.6.0-SNAPSHOT.jar:/home/user/.m2/repository/org/apache/ratis/ratis-thirdparty-misc/0.5.0/ratis-thirdparty-misc-0.5.0.jar:/home/user/.m2/repository/org/apache/hadoop/hadoop-minikdc/3.2.1/hadoop-minikdc-3.2.1.jar:/home/user/.m2/repository/org/apache/kerby/kerb-simplekdc/1.0.1/kerb-simplekdc-1.0.1.jar:/home/user/.m2/repository/org/apache/kerby/kerb-client/1.0.1/kerb-client-1.0.1.jar:/home/user/.m2/repository/org/apache/kerby/kerby-config/1.0.1/kerby-config-1.0.1.jar:/home/user/.m2/repository/org/apache/kerby/kerb-core/1.0.1/kerb-core-1.0.1.jar:/home/user/.m2/repository/org/apache/kerby/kerby-pkix/1.0.1/kerby-pkix-1.0.1.jar:/home/user/.m2/repository/org/apache/kerby/kerby-asn1/1.0.1/kerby-asn1-1.0.1.jar:/home/user/.m2/repository/org/apache/kerby/kerby-util/1.0.1/kerby-util-1.0.1.jar:/home/user/.m2/repository/org/apache/kerby/kerb-common/1.0.1/kerb-common-1.0.1.jar:/home/user/.m2/repository/org/apache/kerby/kerb-crypto/1.0.1/kerb-crypto-1.0.1.jar:/home/user/.m2/repository/org/apache/kerby/kerb-util/1.0.1/kerb-util-1.0.1.jar:/home/user/.m2/repository/org/apache/kerby/token-provider/1.0.1/token-provider-1.0.1.jar:/home/user/.m2/repository/org/apache/kerby/kerb-admin/1.0.1/kerb-admin-1.0.1.jar:/home/user/.m2/repository/org/apache/kerby/kerb-server/1.0.1/kerb-server-1.0.1.jar:/home/user/.m2/repository/org/apache/kerby/kerb-identity/1.0.1/kerb-identity-1.0.1.jar:/home/user/.m2/repository/org/apache/kerby/kerby-xdr/1.0.1/kerby-xdr-1.0.1.jar:/home/user/.m2/repository/org/slf4j/slf4j-log4j12/1.7.25/slf4j-log4j12-1.7.25.jar:/home/user/.m2/repository/org/apache/hadoop/hadoop-ozone-s3gateway/0.6.0-SNAPSHOT/hadoop-ozone-s3gateway-0.6.0-SNAPSHOT.jar:/home/user/.m2/repository/org/jboss/weld/servlet/weld-servlet/2.4.7.Final/weld-servlet-2.4.7.Final.jar:/home/user/.m2/repository/org/glassfish/jersey/containers/jersey-container-servlet-core/2.27/jersey-container-servlet-core-2.27.jar:/home/user/.m2/repository/org/glassfish/hk2/external/javax.inject/2.5.0-b42/javax.inject-2.5.0-b42.jar:/home/user/.m2/repository/org/glassfish/jersey/core/jersey-common/2.27/jersey-common-2.27.jar:/home/user/.m2/repository/org/glassfish/hk2/osgi-resource-locator/1.0.1/osgi-resource-locator-1.0.1.jar:/home/user/.m2/repository/javax/ws/rs/javax.ws.rs-api/2.1/javax.ws.rs-api-2.1.jar:/home/user/.m2/repository/org/glassfish/jersey/ext/cdi/jersey-cdi1x/2.27/jersey-cdi1x-2.27.jar:/home/user/.m2/repository/org/glassfish/jersey/inject/jersey-hk2/2.27/jersey-hk2-2.27.jar:/home/user/.m2/repository/org/glassfish/hk2/hk2-locator/2.5.0-b42/hk2-locator-2.5.0-b42.jar:/home/user/.m2/repository/org/javassist/javassist/3.22.0-CR2/javassist-3.22.0-CR2.jar:/home/user/.m2/repository/org/glassfish/hk2/hk2-api/2.5.0/hk2-api-2.5.0.jar:/home/user/.m2/repository/org/glassfish/hk2/external/jakarta.inject/2.5.0/jakarta.inject-2.5.0.jar:/home/user/.m2/repository/org/glassfish/hk2/hk2-utils/2.5.0/hk2-utils-2.5.0.jar:/home/user/.m2/repository/jakarta/annotation/jakarta.annotation-api/1.3.4/jakarta.annotation-api-1.3.4.jar:/home/user/.m2/repository/org/glassfish/hk2/external/aopalliance-repackaged/2.5.0/aopalliance-repackaged-2.5.0.jar:/home/user/.m2/repository/com/fasterxml/jackson/dataformat/jackson-dataformat-xml/2.10.3/jackson-dataformat-xml-2.10.3.jar:/home/user/.m2/repository/com/fasterxml/jackson/core/jackson-core/2.10.3/jackson-core-2.10.3.jar:/home/user/.m2/repository/com/fasterxml/jackson/module/jackson-module-jaxb-annotations/2.10.3/jackson-module-jaxb-annotations-2.10.3.jar:/home/user/.m2/repository/jakarta/xml/bind/jakarta.xml.bind-api/2.3.2/jakarta.xml.bind-api-2.3.2.jar:/home/user/.m2/repository/jakarta/activation/jakarta.activation-api/1.2.1/jakarta.activation-api-1.2.1.jar:/home/user/.m2/repository/org/codehaus/woodstox/stax2-api/3.1.4/stax2-api-3.1.4.jar:/home/user/.m2/repository/com/fasterxml/woodstox/woodstox-core/5.0.3/woodstox-core-5.0.3.jar:/home/user/.m2/repository/javax/enterprise/cdi-api/1.2/cdi-api-1.2.jar:/home/user/.m2/repository/javax/el/javax.el-api/3.0.0/javax.el-api-3.0.0.jar:/home/user/.m2/repository/javax/interceptor/javax.interceptor-api/1.2/javax.interceptor-api-1.2.jar:/home/user/.m2/repository/javax/inject/javax.inject/1/javax.inject-1.jar:/home/user/.m2/repository/com/sun/xml/bind/jaxb-impl/2.3.0.1/jaxb-impl-2.3.0.1.jar:/home/user/.m2/repository/com/sun/xml/bind/jaxb-core/2.3.0.1/jaxb-core-2.3.0.1.jar:/home/user/.m2/repository/javax/xml/bind/jaxb-api/2.3.0/jaxb-api-2.3.0.jar:/home/user/.m2/repository/javax/activation/activation/1.1.1/activation-1.1.1.jar:/home/user/.m2/repository/org/apache/hadoop/hadoop-ozone-csi/0.6.0-SNAPSHOT/hadoop-ozone-csi-0.6.0-SNAPSHOT.jar:/home/user/.m2/repository/com/google/protobuf/protobuf-java-util/3.11.0/protobuf-java-util-3.11.0.jar:/home/user/.m2/repository/com/google/code/gson/gson/2.2.4/gson-2.2.4.jar:/home/user/.m2/repository/org/apache/hadoop/hadoop-hdds-config/0.6.0-SNAPSHOT/hadoop-hdds-config-0.6.0-SNAPSHOT.jar:/home/user/.m2/repository/com/google/protobuf/protobuf-java/2.5.0/protobuf-java-2.5.0.jar:/home/user/.m2/repository/io/grpc/grpc-netty/1.29.0/grpc-netty-1.29.0.jar:/home/user/.m2/repository/io/grpc/grpc-core/1.29.0/grpc-core-1.29.0.jar:/home/user/.m2/repository/com/google/android/annotations/4.1.1.4/annotations-4.1.1.4.jar:/home/user/.m2/repository/io/perfmark/perfmark-api/0.19.0/perfmark-api-0.19.0.jar:/home/user/.m2/repository/io/netty/netty-codec-http2/4.1.48.Final/netty-codec-http2-4.1.48.Final.jar:/home/user/.m2/repository/io/netty/netty-codec/4.1.48.Final/netty-codec-4.1.48.Final.jar:/home/user/.m2/repository/io/netty/netty-handler/4.1.48.Final/netty-handler-4.1.48.Final.jar:/home/user/.m2/repository/io/netty/netty-codec-http/4.1.48.Final/netty-codec-http-4.1.48.Final.jar:/home/user/.m2/repository/io/netty/netty-handler-proxy/4.1.48.Final/netty-handler-proxy-4.1.48.Final.jar:/home/user/.m2/repository/io/netty/netty-codec-socks/4.1.48.Final/netty-codec-socks-4.1.48.Final.jar:/home/user/.m2/repository/io/netty/netty-transport-native-epoll/4.1.48.Final/netty-transport-native-epoll-4.1.48.Final.jar:/home/user/.m2/repository/io/netty/netty-common/4.1.48.Final/netty-common-4.1.48.Final.jar:/home/user/.m2/repository/io/netty/netty-buffer/4.1.48.Final/netty-buffer-4.1.48.Final.jar:/home/user/.m2/repository/io/netty/netty-transport/4.1.48.Final/netty-transport-4.1.48.Final.jar:/home/user/.m2/repository/io/netty/netty-resolver/4.1.48.Final/netty-resolver-4.1.48.Final.jar:/home/user/.m2/repository/io/netty/netty-transport-native-unix-common/4.1.48.Final/netty-transport-native-unix-common-4.1.48.Final.jar:/home/user/.m2/repository/io/grpc/grpc-protobuf/1.29.0/grpc-protobuf-1.29.0.jar:/home/user/.m2/repository/io/grpc/grpc-api/1.29.0/grpc-api-1.29.0.jar:/home/user/.m2/repository/io/grpc/grpc-context/1.29.0/grpc-context-1.29.0.jar:/home/user/.m2/repository/org/codehaus/mojo/animal-sniffer-annotations/1.18/animal-sniffer-annotations-1.18.jar:/home/user/.m2/repository/com/google/api/grpc/proto-google-common-protos/1.17.0/proto-google-common-protos-1.17.0.jar:/home/user/.m2/repository/io/grpc/grpc-protobuf-lite/1.29.0/grpc-protobuf-lite-1.29.0.jar:/home/user/.m2/repository/io/grpc/grpc-stub/1.29.0/grpc-stub-1.29.0.jar:/home/user/.m2/repository/org/apache/hadoop/hadoop-ozone-recon/0.6.0-SNAPSHOT/hadoop-ozone-recon-0.6.0-SNAPSHOT.jar:/home/user/.m2/repository/org/apache/hadoop/hadoop-ozone-reconcodegen/0.6.0-SNAPSHOT/hadoop-ozone-reconcodegen-0.6.0-SNAPSHOT.jar:/home/user/.m2/repository/com/google/inject/extensions/guice-multibindings/4.0/guice-multibindings-4.0.jar:/home/user/.m2/repository/com/google/inject/guice/4.0/guice-4.0.jar:/home/user/.m2/repository/aopalliance/aopalliance/1.0/aopalliance-1.0.jar:/home/user/.m2/repository/com/google/inject/extensions/guice-assistedinject/4.0/guice-assistedinject-4.0.jar:/home/user/.m2/repository/com/google/inject/extensions/guice-servlet/4.0/guice-servlet-4.0.jar:/home/user/.m2/repository/org/glassfish/jersey/containers/jersey-container-servlet/2.27/jersey-container-servlet-2.27.jar:/home/user/.m2/repository/org/glassfish/hk2/guice-bridge/2.5.0/guice-bridge-2.5.0.jar:/home/user/.m2/repository/org/glassfish/jersey/core/jersey-server/2.27/jersey-server-2.27.jar:/home/user/.m2/repository/org/glassfish/jersey/core/jersey-client/2.27/jersey-client-2.27.jar:/home/user/.m2/repository/org/glassfish/jersey/media/jersey-media-jaxb/2.27/jersey-media-jaxb-2.27.jar:/home/user/.m2/repository/javax/validation/validation-api/1.1.0.Final/validation-api-1.1.0.Final.jar:/home/user/.m2/repository/org/glassfish/jersey/media/jersey-media-json-jackson/2.27/jersey-media-json-jackson-2.27.jar:/home/user/.m2/repository/org/glassfish/jersey/ext/jersey-entity-filtering/2.27/jersey-entity-filtering-2.27.jar:/home/user/.m2/repository/org/jooq/jooq/3.11.10/jooq-3.11.10.jar:/home/user/.m2/repository/org/jooq/jooq-meta/3.11.10/jooq-meta-3.11.10.jar:/home/user/.m2/repository/org/jooq/jooq-codegen/3.11.10/jooq-codegen-3.11.10.jar:/home/user/.m2/repository/com/jolbox/bonecp/0.8.0.RELEASE/bonecp-0.8.0.RELEASE.jar:/home/user/.m2/repository/org/apache/derby/derby/10.14.2.0/derby-10.14.2.0.jar:/home/user/.m2/repository/org/xerial/sqlite-jdbc/3.25.2/sqlite-jdbc-3.25.2.jar:/home/user/.m2/repository/org/springframework/spring-jdbc/5.2.5.RELEASE/spring-jdbc-5.2.5.RELEASE.jar:/home/user/.m2/repository/org/springframework/spring-beans/5.2.5.RELEASE/spring-beans-5.2.5.RELEASE.jar:/home/user/.m2/repository/org/springframework/spring-core/5.2.5.RELEASE/spring-core-5.2.5.RELEASE.jar:/home/user/.m2/repository/org/springframework/spring-jcl/5.2.5.RELEASE/spring-jcl-5.2.5.RELEASE.jar:/home/user/.m2/repository/org/springframework/spring-tx/5.2.5.RELEASE/spring-tx-5.2.5.RELEASE.jar:/home/user/.m2/repository/org/apache/hadoop/hadoop-ozone-client/0.6.0-SNAPSHOT/hadoop-ozone-client-0.6.0-SNAPSHOT.jar:/home/user/.m2/repository/org/apache/hadoop/hadoop-ozone-filesystem/0.6.0-SNAPSHOT/hadoop-ozone-filesystem-0.6.0-SNAPSHOT.jar:/home/user/.m2/repository/org/apache/hadoop/hadoop-ozone-filesystem-common/0.6.0-SNAPSHOT/hadoop-ozone-filesystem-common-0.6.0-SNAPSHOT.jar:/home/user/.m2/repository/org/apache/hadoop/hadoop-ozone-tools/0.6.0-SNAPSHOT/hadoop-ozone-tools-0.6.0-SNAPSHOT.jar:/home/user/.m2/repository/org/apache/hadoop/hadoop-hdfs/3.2.1/hadoop-hdfs-3.2.1.jar:/home/user/.m2/repository/org/apache/ratis/ratis-tools/1.0.0/ratis-tools-1.0.0.jar:/home/user/.m2/repository/org/apache/ratis/ratis-proto/1.0.0/ratis-proto-1.0.0.jar:/home/user/.m2/repository/org/apache/ratis/ratis-common/1.0.0/ratis-common-1.0.0.jar:/home/user/.m2/repository/com/amazonaws/aws-java-sdk-core/1.11.615/aws-java-sdk-core-1.11.615.jar:/home/user/.m2/repository/org/apache/httpcomponents/httpclient/4.5.2/httpclient-4.5.2.jar:/home/user/.m2/repository/org/apache/httpcomponents/httpcore/4.4.4/httpcore-4.4.4.jar:/home/user/.m2/repository/software/amazon/ion/ion-java/1.0.2/ion-java-1.0.2.jar:/home/user/.m2/repository/com/fasterxml/jackson/dataformat/jackson-dataformat-cbor/2.10.3/jackson-dataformat-cbor-2.10.3.jar:/home/user/.m2/repository/joda-time/joda-time/2.8.1/joda-time-2.8.1.jar:/home/user/.m2/repository/com/amazonaws/aws-java-sdk-s3/1.11.615/aws-java-sdk-s3-1.11.615.jar:/home/user/.m2/repository/com/amazonaws/aws-java-sdk-kms/1.11.615/aws-java-sdk-kms-1.11.615.jar:/home/user/.m2/repository/com/amazonaws/jmespath-java/1.11.615/jmespath-java-1.11.615.jar:/home/user/.m2/repository/org/apache/hadoop/hadoop-hdds-tools/0.6.0-SNAPSHOT/hadoop-hdds-tools-0.6.0-SNAPSHOT.jar:/home/user/.m2/repository/commons-cli/commons-cli/1.2/commons-cli-1.2.jar:/home/user/.m2/repository/org/apache/commons/commons-lang3/3.7/commons-lang3-3.7.jar:/home/user/.m2/repository/org/apache/hadoop/hadoop-ozone-ozone-manager/0.6.0-SNAPSHOT/hadoop-ozone-ozone-manager-0.6.0-SNAPSHOT-tests.jar:/home/user/.m2/repository/junit/junit/4.11/junit-4.11.jar:/home/user/.m2/repository/org/hamcrest/hamcrest-core/1.3/hamcrest-core-1.3.jar:/home/user/.m2/repository/org/openjdk/jmh/jmh-core/1.19/jmh-core-1.19.jar:/home/user/.m2/repository/net/sf/jopt-simple/jopt-simple/4.6/jopt-simple-4.6.jar:/home/user/.m2/repository/org/apache/commons/commons-math3/3.1.1/commons-math3-3.1.1.jar:/home/user/.m2/repository/org/openjdk/jmh/jmh-generator-annprocess/1.19/jmh-generator-annprocess-1.19.jar:/home/user/.m2/repository/org/mockito/mockito-all/1.8.5/mockito-all-1.8.5.jar:/home/user/.m2/repository/org/apache/hadoop/hadoop-kms/3.2.1/hadoop-kms-3.2.1.jar:/home/user/.m2/repository/org/apache/hadoop/hadoop-auth/3.2.1/hadoop-auth-3.2.1.jar:/home/user/.m2/repository/com/nimbusds/nimbus-jose-jwt/7.9/nimbus-jose-jwt-7.9.jar:/home/user/.m2/repository/com/github/stephenc/jcip/jcip-annotations/1.0-1/jcip-annotations-1.0-1.jar:/home/user/.m2/repository/net/minidev/json-smart/2.3/json-smart-2.3.jar:/home/user/.m2/repository/net/minidev/accessors-smart/1.2/accessors-smart-1.2.jar:/home/user/.m2/repository/org/ow2/asm/asm/5.0.4/asm-5.0.4.jar:/home/user/.m2/repository/org/apache/zookeeper/zookeeper/3.4.13/zookeeper-3.4.13.jar:/home/user/.m2/repository/org/apache/yetus/audience-annotations/0.5.0/audience-annotations-0.5.0.jar:/home/user/.m2/repository/org/apache/curator/curator-framework/2.13.0/curator-framework-2.13.0.jar:/home/user/.m2/repository/com/sun/jersey/jersey-core/1.19/jersey-core-1.19.jar:/home/user/.m2/repository/javax/ws/rs/jsr311-api/1.1.1/jsr311-api-1.1.1.jar:/home/user/.m2/repository/com/sun/jersey/jersey-server/1.19/jersey-server-1.19.jar:/home/user/.m2/repository/javax/servlet/javax.servlet-api/3.1.0/javax.servlet-api-3.1.0.jar:/home/user/.m2/repository/org/eclipse/jetty/jetty-server/9.4.26.v20200117/jetty-server-9.4.26.v20200117.jar:/home/user/.m2/repository/org/eclipse/jetty/jetty-http/9.4.26.v20200117/jetty-http-9.4.26.v20200117.jar:/home/user/.m2/repository/org/eclipse/jetty/jetty-io/9.4.26.v20200117/jetty-io-9.4.26.v20200117.jar:/home/user/.m2/repository/org/eclipse/jetty/jetty-webapp/9.4.26.v20200117/jetty-webapp-9.4.26.v20200117.jar:/home/user/.m2/repository/org/eclipse/jetty/jetty-xml/9.4.26.v20200117/jetty-xml-9.4.26.v20200117.jar:/home/user/.m2/repository/org/eclipse/jetty/jetty-servlet/9.4.26.v20200117/jetty-servlet-9.4.26.v20200117.jar:/home/user/.m2/repository/org/eclipse/jetty/jetty-security/9.4.26.v20200117/jetty-security-9.4.26.v20200117.jar:/home/user/.m2/repository/org/apache/hadoop/hadoop-common/3.2.1/hadoop-common-3.2.1.jar:/home/user/.m2/repository/commons-net/commons-net/3.6/commons-net-3.6.jar:/home/user/.m2/repository/commons-collections/commons-collections/3.2.2/commons-collections-3.2.2.jar:/home/user/.m2/repository/com/sun/jersey/jersey-servlet/1.19/jersey-servlet-1.19.jar:/home/user/.m2/repository/com/sun/jersey/jersey-json/1.19/jersey-json-1.19.jar:/home/user/.m2/repository/org/codehaus/jettison/jettison/1.1/jettison-1.1.jar:/home/user/.m2/repository/org/codehaus/jackson/jackson-jaxrs/1.9.2/jackson-jaxrs-1.9.2.jar:/home/user/.m2/repository/org/codehaus/jackson/jackson-xc/1.9.2/jackson-xc-1.9.2.jar:/home/user/.m2/repository/commons-beanutils/commons-beanutils/1.9.4/commons-beanutils-1.9.4.jar:/home/user/.m2/repository/org/apache/commons/commons-configuration2/2.1.1/commons-configuration2-2.1.1.jar:/home/user/.m2/repository/org/apache/commons/commons-text/1.4/commons-text-1.4.jar:/home/user/.m2/repository/com/google/re2j/re2j/1.1/re2j-1.1.jar:/home/user/.m2/repository/com/jcraft/jsch/0.1.54/jsch-0.1.54.jar:/home/user/.m2/repository/org/apache/curator/curator-client/2.13.0/curator-client-2.13.0.jar:/home/user/.m2/repository/org/apache/curator/curator-recipes/2.13.0/curator-recipes-2.13.0.jar:/home/user/.m2/repository/dnsjava/dnsjava/2.1.7/dnsjava-2.1.7.jar:/home/user/.m2/repository/org/slf4j/jul-to-slf4j/1.7.25/jul-to-slf4j-1.7.25.jar:/home/user/.m2/repository/org/eclipse/jetty/jetty-util/9.4.26.v20200117/jetty-util-9.4.26.v20200117.jar:/home/user/.m2/repository/com/fasterxml/jackson/core/jackson-databind/2.10.3/jackson-databind-2.10.3.jar:/home/user/.m2/repository/org/apache/hadoop/hadoop-kms/3.2.1/hadoop-kms-3.2.1-tests.jar:/home/user/.m2/repository/org/apache/hadoop/hadoop-hdds-server-scm/0.6.0-SNAPSHOT/hadoop-hdds-server-scm-0.6.0-SNAPSHOT-tests.jar:/home/user/.m2/repository/org/apache/hadoop/hadoop-hdds-container-service/0.6.0-SNAPSHOT/hadoop-hdds-container-service-0.6.0-SNAPSHOT-tests.jar:/home/user/.m2/repository/org/apache/hadoop/hadoop-hdds-common/0.6.0-SNAPSHOT/hadoop-hdds-common-0.6.0-SNAPSHOT-tests.jar:/home/user/.m2/repository/org/yaml/snakeyaml/1.16/snakeyaml-1.16.jar:/home/user/.m2/repository/org/apache/hadoop/hadoop-hdds-hadoop-dependency-test/0.6.0-SNAPSHOT/hadoop-hdds-hadoop-dependency-test-0.6.0-SNAPSHOT.jar:/home/user/.m2/repository/org/apache/hadoop/hadoop-common/3.2.1/hadoop-common-3.2.1-tests.jar:/home/user/.m2/repository/javax/servlet/jsp/jsp-api/2.1/jsp-api-2.1.jar:/home/user/.m2/repository/org/apache/hadoop/hadoop-hdfs/3.2.1/hadoop-hdfs-3.2.1-tests.jar:/home/user/.m2/repository/org/eclipse/jetty/jetty-util-ajax/9.4.26.v20200117/jetty-util-ajax-9.4.26.v20200117.jar:/home/user/.m2/repository/commons-codec/commons-codec/1.11/commons-codec-1.11.jar:/home/user/.m2/repository/commons-daemon/commons-daemon/1.0.13/commons-daemon-1.0.13.jar:/home/user/.m2/repository/io/netty/netty/3.10.5.Final/netty-3.10.5.Final.jar:/home/user/.m2/repository/io/netty/netty-all/4.1.48.Final/netty-all-4.1.48.Final.jar:/home/user/.m2/repository/org/apache/htrace/htrace-core4/4.1.0-incubating/htrace-core4-4.1.0-incubating.jar:/home/user/.m2/repository/org/fusesource/leveldbjni/leveldbjni-all/1.8/leveldbjni-all-1.8.jar:/home/user/.m2/repository/org/apache/hadoop/hadoop-distcp/3.2.1/hadoop-distcp-3.2.1.jar:/home/user/.m2/repository/org/apache/hadoop/hadoop-mapreduce-client-jobclient/3.2.1/hadoop-mapreduce-client-jobclient-3.2.1.jar:/home/user/.m2/repository/org/apache/hadoop/hadoop-mapreduce-client-common/3.2.1/hadoop-mapreduce-client-common-3.2.1.jar:/home/user/.m2/repository/org/apache/hadoop/hadoop-yarn-common/3.2.1/hadoop-yarn-common-3.2.1.jar:/home/user/.m2/repository/org/apache/hadoop/hadoop-yarn-api/3.2.1/hadoop-yarn-api-3.2.1.jar:/home/user/.m2/repository/com/sun/jersey/jersey-client/1.19/jersey-client-1.19.jar:/home/user/.m2/repository/com/sun/jersey/contribs/jersey-guice/1.19/jersey-guice-1.19.jar:/home/user/.m2/repository/com/fasterxml/jackson/jaxrs/jackson-jaxrs-json-provider/2.10.3/jackson-jaxrs-json-provider-2.10.3.jar:/home/user/.m2/repository/com/fasterxml/jackson/jaxrs/jackson-jaxrs-base/2.10.3/jackson-jaxrs-base-2.10.3.jar:/home/user/.m2/repository/org/apache/hadoop/hadoop-yarn-client/3.2.1/hadoop-yarn-client-3.2.1.jar:/home/user/.m2/repository/org/apache/hadoop/hadoop-mapreduce-client-core/3.2.1/hadoop-mapreduce-client-core-3.2.1.jar:/home/user/.m2/repository/org/apache/avro/avro/1.7.7/avro-1.7.7.jar:/home/user/.m2/repository/org/codehaus/jackson/jackson-core-asl/1.9.13/jackson-core-asl-1.9.13.jar:/home/user/.m2/repository/org/codehaus/jackson/jackson-mapper-asl/1.9.13/jackson-mapper-asl-1.9.13.jar:/home/user/.m2/repository/com/thoughtworks/paranamer/paranamer/2.3/paranamer-2.3.jar:/home/user/.m2/repository/org/xerial/snappy/snappy-java/1.0.5/snappy-java-1.0.5.jar:/home/user/.m2/repository/org/apache/hadoop/hadoop-annotations/3.2.1/hadoop-annotations-3.2.1.jar:/usr/lib/jvm/java-1.8.0-openjdk-1.8.0.232.b09-0.el7_7.x86_64/jre/../lib/tools.jar:/home/user/.m2/repository/org/apache/hadoop/hadoop-distcp/3.2.1/hadoop-distcp-3.2.1-tests.jar:"/>
    <property name="sun.cpu.endian" value="little"/>
    <property name="user.home" value="/home/user"/>
    <property name="user.language" value="en"/>
    <property name="java.specification.vendor" value="Oracle Corporation"/>
    <property name="java.home" value="/usr/lib/jvm/java-1.8.0-openjdk-1.8.0.232.b09-0.el7_7.x86_64/jre"/>
    <property name="java.security.krb5.conf" value="/github/workspace/mnt/ozone/hadoop-ozone/integration-test/target/test-classes/krb5.conf"/>
    <property name="basedir" value="/github/workspace/mnt/ozone/hadoop-ozone/integration-test"/>
    <property name="file.separator" value="/"/>
    <property name="line.separator" value="&#10;"/>
    <property name="java.vm.specification.vendor" value="Oracle Corporation"/>
    <property name="java.specification.name" value="Java Platform API Specification"/>
    <property name="java.awt.graphicsenv" value="sun.awt.X11GraphicsEnvironment"/>
    <property name="skip.installnpx" value="true"/>
    <property name="surefire.real.class.path" value="/github/workspace/mnt/ozone/hadoop-ozone/integration-test/target/surefire/surefirebooter3765436784950029773.jar:/home/user/.m2/repository/org/jacoco/org.jacoco.agent/0.8.5/org.jacoco.agent-0.8.5-runtime.jar"/>
    <property name="hadoop.log.dir" value="/github/workspace/mnt/ozone/hadoop-ozone/integration-test/target/log"/>
    <property name="sun.boot.class.path" value="/usr/lib/jvm/java-1.8.0-openjdk-1.8.0.232.b09-0.el7_7.x86_64/jre/lib/resources.jar:/usr/lib/jvm/java-1.8.0-openjdk-1.8.0.232.b09-0.el7_7.x86_64/jre/lib/rt.jar:/usr/lib/jvm/java-1.8.0-openjdk-1.8.0.232.b09-0.el7_7.x86_64/jre/lib/sunrsasign.jar:/usr/lib/jvm/java-1.8.0-openjdk-1.8.0.232.b09-0.el7_7.x86_64/jre/lib/jsse.jar:/usr/lib/jvm/java-1.8.0-openjdk-1.8.0.232.b09-0.el7_7.x86_64/jre/lib/jce.jar:/usr/lib/jvm/java-1.8.0-openjdk-1.8.0.232.b09-0.el7_7.x86_64/jre/lib/charsets.jar:/usr/lib/jvm/java-1.8.0-openjdk-1.8.0.232.b09-0.el7_7.x86_64/jre/lib/jfr.jar:/usr/lib/jvm/java-1.8.0-openjdk-1.8.0.232.b09-0.el7_7.x86_64/jre/classes"/>
    <property name="sun.management.compiler" value="HotSpot 64-Bit Tiered Compilers"/>
    <property name="skip.npx" value="true"/>
    <property name="java.runtime.version" value="1.8.0_232-b09"/>
    <property name="java.net.preferIPv4Stack" value="true"/>
    <property name="user.name" value="jenkins1001"/>
    <property name="path.separator" value=":"/>
    <property name="java.security.egd" value="file:///dev/urandom"/>
    <property name="os.version" value="5.3.0-1034-azure"/>
    <property name="java.endorsed.dirs" value="/usr/lib/jvm/java-1.8.0-openjdk-1.8.0.232.b09-0.el7_7.x86_64/jre/lib/endorsed"/>
    <property name="java.runtime.name" value="OpenJDK Runtime Environment"/>
    <property name="file.encoding" value="ANSI_X3.4-1968"/>
    <property name="java.vm.name" value="OpenJDK 64-Bit Server VM"/>
    <property name="test.build.webapps" value=""/>
    <property name="localRepository" value="/home/user/.m2/repository"/>
    <property name="java.vendor.url.bug" value="http://bugreport.sun.com/bugreport/"/>
    <property name="java.io.tmpdir" value="/tmp"/>
    <property name="require.test.libhadoop" value=""/>
    <property name="java.version" value="1.8.0_232"/>
    <property name="user.dir" value="/github/workspace/mnt/ozone/hadoop-ozone/integration-test"/>
    <property name="os.arch" value="amd64"/>
    <property name="java.vm.specification.name" value="Java Virtual Machine Specification"/>
    <property name="test.build.classes" value="/github/workspace/mnt/ozone/hadoop-ozone/integration-test/target/test-classes"/>
    <property name="java.awt.printerjob" value="sun.print.PSPrinterJob"/>
    <property name="sun.os.patch.level" value="unknown"/>
    <property name="hadoop.tmp.dir" value="/github/workspace/mnt/ozone/hadoop-ozone/integration-test/target/tmp"/>
    <property name="java.library.path" value="/usr/lib:/usr/java/packages/lib/amd64:/usr/lib64:/lib64:/lib:/usr/lib"/>
    <property name="java.vm.info" value="mixed mode"/>
    <property name="java.vendor" value="Oracle Corporation"/>
    <property name="java.vm.version" value="25.232-b09"/>
    <property name="java.ext.dirs" value="/usr/lib/jvm/java-1.8.0-openjdk-1.8.0.232.b09-0.el7_7.x86_64/jre/lib/ext:/usr/java/packages/lib/ext"/>
    <property name="sun.io.unicode.encoding" value="UnicodeLittle"/>
    <property name="java.class.version" value="52.0"/>
  </properties>
  <testcase name="testWatchForCommitWithKeyWrite" classname="org.apache.hadoop.ozone.client.rpc.TestWatchForCommit" time="63.092"/>
  <testcase name="testWatchForCommitForRetryfailure" classname="org.apache.hadoop.ozone.client.rpc.TestWatchForCommit" time="51.548"/>
  <testcase name="testWatchForCommitForGroupMismatchException" classname="org.apache.hadoop.ozone.client.rpc.TestWatchForCommit" time="38.989"/>
  <testcase name="test2WayCommitForTimeoutException" classname="org.apache.hadoop.ozone.client.rpc.TestWatchForCommit" time="38.939">
    <error message="234a1256-f899-4d30-a672-4552a70ba9bb: group-14F6F6330515 not found." type="org.apache.ratis.protocol.GroupMismatchException">org.apache.ratis.protocol.GroupMismatchException: 234a1256-f899-4d30-a672-4552a70ba9bb: group-14F6F6330515 not found.
	at org.apache.ratis.server.impl.RaftServerProxy$ImplMap.get(RaftServerProxy.java:127)
	at org.apache.ratis.server.impl.RaftServerProxy.getImplFuture(RaftServerProxy.java:274)
	at org.apache.ratis.server.impl.RaftServerProxy.getImpl(RaftServerProxy.java:283)
	at org.apache.hadoop.ozone.container.ContainerTestHelper.getRaftServerImpl(ContainerTestHelper.java:593)
	at org.apache.hadoop.ozone.container.ContainerTestHelper.isRatisFollower(ContainerTestHelper.java:608)
	at org.apache.hadoop.ozone.client.rpc.TestWatchForCommit.test2WayCommitForTimeoutException(TestWatchForCommit.java:302)
	at sun.reflect.NativeMethodAccessorImpl.invoke0(Native Method)
	at sun.reflect.NativeMethodAccessorImpl.invoke(NativeMethodAccessorImpl.java:62)
	at sun.reflect.DelegatingMethodAccessorImpl.invoke(DelegatingMethodAccessorImpl.java:43)
	at java.lang.reflect.Method.invoke(Method.java:498)
	at org.junit.runners.model.FrameworkMethod$1.runReflectiveCall(FrameworkMethod.java:47)
	at org.junit.internal.runners.model.ReflectiveCallable.run(ReflectiveCallable.java:12)
	at org.junit.runners.model.FrameworkMethod.invokeExplosively(FrameworkMethod.java:44)
	at org.junit.internal.runners.statements.InvokeMethod.evaluate(InvokeMethod.java:17)
	at org.junit.internal.runners.statements.RunBefores.evaluate(RunBefores.java:26)
	at org.junit.internal.runners.statements.RunAfters.evaluate(RunAfters.java:27)
	at org.junit.runners.ParentRunner.runLeaf(ParentRunner.java:271)
	at org.junit.runners.BlockJUnit4ClassRunner.runChild(BlockJUnit4ClassRunner.java:70)
	at org.junit.runners.BlockJUnit4ClassRunner.runChild(BlockJUnit4ClassRunner.java:50)
	at org.junit.runners.ParentRunner$3.run(ParentRunner.java:238)
	at org.junit.runners.ParentRunner$1.schedule(ParentRunner.java:63)
	at org.junit.runners.ParentRunner.runChildren(ParentRunner.java:236)
	at org.junit.runners.ParentRunner.access$000(ParentRunner.java:53)
	at org.junit.runners.ParentRunner$2.evaluate(ParentRunner.java:229)
	at org.junit.runners.ParentRunner.run(ParentRunner.java:309)
	at org.apache.maven.surefire.junit4.JUnit4Provider.execute(JUnit4Provider.java:365)
	at org.apache.maven.surefire.junit4.JUnit4Provider.executeWithRerun(JUnit4Provider.java:273)
	at org.apache.maven.surefire.junit4.JUnit4Provider.executeTestSet(JUnit4Provider.java:238)
	at org.apache.maven.surefire.junit4.JUnit4Provider.invoke(JUnit4Provider.java:159)
	at org.apache.maven.surefire.booter.ForkedBooter.invokeProviderInSameClassLoader(ForkedBooter.java:384)
	at org.apache.maven.surefire.booter.ForkedBooter.runSuitesInProcess(ForkedBooter.java:345)
	at org.apache.maven.surefire.booter.ForkedBooter.execute(ForkedBooter.java:126)
	at org.apache.maven.surefire.booter.ForkedBooter.main(ForkedBooter.java:418)
</error>
    <system-out><![CDATA[2020-08-11 10:22:11,533 [Listener at 127.0.0.1/35503] WARN  server.ServerUtils (ServerUtils.java:getScmDbDir(148)) - ozone.scm.db.dirs is not configured. We recommend adding this setting. Falling back to ozone.metadata.dirs instead.
2020-08-11 10:22:11,536 [Listener at 127.0.0.1/35503] WARN  server.ServerUtils (ServerUtils.java:getScmDbDir(148)) - ozone.scm.db.dirs is not configured. We recommend adding this setting. Falling back to ozone.metadata.dirs instead.
2020-08-11 10:22:11,537 [Listener at 127.0.0.1/35503] WARN  db.DBStoreBuilder (DBStoreBuilder.java:createDBStoreBuilder(277)) - ozone.scm.db.dirs is not configured. We recommend adding this setting. Falling back to ozone.metadata.dirs instead.
2020-08-11 10:22:11,564 [Listener at 127.0.0.1/35503] INFO  net.NodeSchemaLoader (NodeSchemaLoader.java:loadSchemaFromFile(126)) - Loading file from sun.misc.CompoundEnumeration@5b481d77
2020-08-11 10:22:11,564 [Listener at 127.0.0.1/35503] INFO  net.NodeSchemaLoader (NodeSchemaLoader.java:loadSchema(172)) - Loading network topology layer schema file
2020-08-11 10:22:11,567 [Listener at 127.0.0.1/35503] INFO  node.SCMNodeManager (SCMNodeManager.java:<init>(117)) - Entering startup safe mode.
2020-08-11 10:22:11,568 [Listener at 127.0.0.1/35503] INFO  algorithms.ContainerPlacementPolicyFactory (ContainerPlacementPolicyFactory.java:getPolicy(60)) - Create container placement policy of type org.apache.hadoop.hdds.scm.container.placement.algorithms.SCMContainerPlacementRandom
2020-08-11 10:22:11,568 [Listener at 127.0.0.1/35503] INFO  pipeline.SCMPipelineManager (SCMPipelineManager.java:initializePipelineState(161)) - No pipeline exists in current db
2020-08-11 10:22:11,569 [Listener at 127.0.0.1/35503] INFO  safemode.HealthyPipelineSafeModeRule (HealthyPipelineSafeModeRule.java:<init>(89)) - Total pipeline count is 0, healthy pipeline threshold count is 0
2020-08-11 10:22:11,570 [Listener at 127.0.0.1/35503] INFO  safemode.OneReplicaPipelineSafeModeRule (OneReplicaPipelineSafeModeRule.java:<init>(79)) - Total pipeline count is 0, pipeline's with at least one datanode reported threshold count is 0
2020-08-11 10:22:11,571 [Listener at 127.0.0.1/35503] INFO  ipc.CallQueueManager (CallQueueManager.java:<init>(84)) - Using callQueue: class java.util.concurrent.LinkedBlockingQueue, queueCapacity: 2000, scheduler: class org.apache.hadoop.ipc.DefaultRpcScheduler, ipcBackoff: false.
2020-08-11 10:22:11,574 [Socket Reader #1 for port 0] INFO  ipc.Server (Server.java:run(1219)) - Starting Socket Reader #1 for port 0
2020-08-11 10:22:11,579 [Listener at 0.0.0.0/46527] INFO  ipc.CallQueueManager (CallQueueManager.java:<init>(84)) - Using callQueue: class java.util.concurrent.LinkedBlockingQueue, queueCapacity: 2000, scheduler: class org.apache.hadoop.ipc.DefaultRpcScheduler, ipcBackoff: false.
2020-08-11 10:22:11,580 [Socket Reader #1 for port 0] INFO  ipc.Server (Server.java:run(1219)) - Starting Socket Reader #1 for port 0
2020-08-11 10:22:11,581 [Listener at 0.0.0.0/41905] INFO  ipc.CallQueueManager (CallQueueManager.java:<init>(84)) - Using callQueue: class java.util.concurrent.LinkedBlockingQueue, queueCapacity: 2000, scheduler: class org.apache.hadoop.ipc.DefaultRpcScheduler, ipcBackoff: false.
2020-08-11 10:22:11,583 [Socket Reader #1 for port 0] INFO  ipc.Server (Server.java:run(1219)) - Starting Socket Reader #1 for port 0
2020-08-11 10:22:11,588 [Listener at 0.0.0.0/42469] INFO  http.BaseHttpServer (BaseHttpServer.java:newHttpServer2BuilderForOzone(207)) - Starting Web-server for scm at: http://0.0.0.0:0
2020-08-11 10:22:11,588 [Listener at 0.0.0.0/42469] INFO  http.BaseHttpServer (BaseHttpServer.java:<init>(106)) - Hadoop Security Enabled: false Ozone Security Enabled: false Ozone HTTP Security Enabled: false 
2020-08-11 10:22:11,589 [Listener at 0.0.0.0/42469] INFO  server.AuthenticationFilter (AuthenticationFilter.java:constructSecretProvider(240)) - Unable to initialize FileSignerSecretProvider, falling back to use random secrets.
2020-08-11 10:22:11,590 [Listener at 0.0.0.0/42469] WARN  http.HttpRequestLog (HttpRequestLog.java:getRequestLog(103)) - Jetty request log can only be enabled using Log4j
2020-08-11 10:22:11,591 [Listener at 0.0.0.0/42469] INFO  http.HttpServer2 (HttpServer2.java:addGlobalFilter(1019)) - Added global filter 'safety' (class=org.apache.hadoop.hdds.server.http.HttpServer2$QuotingInputFilter)
2020-08-11 10:22:11,591 [Listener at 0.0.0.0/42469] INFO  http.HttpServer2 (HttpServer2.java:addFilter(995)) - Added filter static_user_filter (class=org.apache.hadoop.http.lib.StaticUserWebFilter$StaticUserFilter) to context scm
2020-08-11 10:22:11,591 [Listener at 0.0.0.0/42469] INFO  http.HttpServer2 (HttpServer2.java:addFilter(1003)) - Added filter static_user_filter (class=org.apache.hadoop.http.lib.StaticUserWebFilter$StaticUserFilter) to context static
2020-08-11 10:22:11,592 [Listener at 0.0.0.0/42469] INFO  http.HttpServer2 (HttpServer2.java:addFilter(1003)) - Added filter static_user_filter (class=org.apache.hadoop.http.lib.StaticUserWebFilter$StaticUserFilter) to context logs
2020-08-11 10:22:11,596 [Listener at 0.0.0.0/42469] INFO  server.StorageContainerManager (StorageContainerManager.java:start(785)) - StorageContainerLocationProtocol RPC server is listening at /0.0.0.0:42469
2020-08-11 10:22:11,597 [Listener at 0.0.0.0/42469] WARN  impl.MetricsConfig (MetricsConfig.java:loadFirst(134)) - Cannot locate configuration: tried hadoop-metrics2-storagecontainermanager.properties,hadoop-metrics2.properties
2020-08-11 10:22:11,600 [Listener at 0.0.0.0/42469] INFO  impl.MetricsSystemImpl (MetricsSystemImpl.java:startTimer(374)) - Scheduled Metric snapshot period at 10 second(s).
2020-08-11 10:22:11,600 [Listener at 0.0.0.0/42469] INFO  impl.MetricsSystemImpl (MetricsSystemImpl.java:start(191)) - StorageContainerManager metrics system started
2020-08-11 10:22:11,647 [Listener at 0.0.0.0/42469] WARN  impl.MetricsSystemImpl (MetricsSystemImpl.java:register(276)) - Sink prometheus already exists!
2020-08-11 10:22:11,654 [Listener at 0.0.0.0/42469] INFO  server.SCMClientProtocolServer (SCMClientProtocolServer.java:start(156)) - RPC server for Client  is listening at /0.0.0.0:42469
2020-08-11 10:22:11,655 [IPC Server Responder] INFO  ipc.Server (Server.java:run(1460)) - IPC Server Responder: starting
2020-08-11 10:22:11,656 [IPC Server listener on 0] INFO  ipc.Server (Server.java:run(1298)) - IPC Server listener on 0: starting
2020-08-11 10:22:11,664 [Listener at 0.0.0.0/42469] INFO  server.StorageContainerManager (StorageContainerManager.java:start(797)) - ScmBlockLocationProtocol RPC server is listening at /0.0.0.0:41905
2020-08-11 10:22:11,664 [Listener at 0.0.0.0/42469] INFO  server.SCMBlockProtocolServer (SCMBlockProtocolServer.java:start(149)) - RPC server for Block Protocol is listening at /0.0.0.0:41905
2020-08-11 10:22:11,665 [IPC Server Responder] INFO  ipc.Server (Server.java:run(1460)) - IPC Server Responder: starting
2020-08-11 10:22:11,665 [IPC Server listener on 0] INFO  ipc.Server (Server.java:run(1298)) - IPC Server listener on 0: starting
2020-08-11 10:22:11,668 [Listener at 0.0.0.0/42469] INFO  server.StorageContainerManager (StorageContainerManager.java:start(803)) - ScmDatanodeProtocl RPC server is listening at /0.0.0.0:46527
2020-08-11 10:22:11,668 [Listener at 0.0.0.0/42469] INFO  server.SCMDatanodeProtocolServer (SCMDatanodeProtocolServer.java:start(172)) - RPC server for DataNodes is listening at /0.0.0.0:46527
2020-08-11 10:22:11,669 [IPC Server Responder] INFO  ipc.Server (Server.java:run(1460)) - IPC Server Responder: starting
2020-08-11 10:22:11,669 [IPC Server listener on 0] INFO  ipc.Server (Server.java:run(1298)) - IPC Server listener on 0: starting
2020-08-11 10:22:11,676 [Listener at 0.0.0.0/42469] INFO  http.HttpServer2 (HttpServer2.java:bindListener(1237)) - Jetty bound to port 33005
2020-08-11 10:22:11,676 [Listener at 0.0.0.0/42469] INFO  server.Server (Server.java:doStart(359)) - jetty-9.4.26.v20200117; built: 2020-01-17T12:35:33.676Z; git: 7b38981d25d14afb4a12ff1f2596756144edf695; jvm 1.8.0_232-b09
2020-08-11 10:22:11,679 [Listener at 0.0.0.0/42469] INFO  server.session (DefaultSessionIdManager.java:doStart(333)) - DefaultSessionIdManager workerName=node0
2020-08-11 10:22:11,679 [Listener at 0.0.0.0/42469] INFO  server.session (DefaultSessionIdManager.java:doStart(338)) - No SessionScavenger set, using defaults
2020-08-11 10:22:11,679 [Listener at 0.0.0.0/42469] INFO  server.session (HouseKeeper.java:startScavenging(140)) - node0 Scavenging every 600000ms
2020-08-11 10:22:11,683 [Listener at 0.0.0.0/42469] INFO  handler.ContextHandler (ContextHandler.java:doStart(825)) - Started o.e.j.s.ServletContextHandler@647b7f63{logs,/logs,file:///github/workspace/mnt/ozone/hadoop-ozone/integration-test/target/log,AVAILABLE}
2020-08-11 10:22:11,683 [Listener at 0.0.0.0/42469] INFO  handler.ContextHandler (ContextHandler.java:doStart(825)) - Started o.e.j.s.ServletContextHandler@e06d647{static,/static,file:///github/workspace/mnt/ozone/hadoop-ozone/integration-test/target/test-classes/webapps/static,AVAILABLE}
2020-08-11 10:22:11,686 [Listener at 0.0.0.0/42469] INFO  handler.ContextHandler (ContextHandler.java:doStart(825)) - Started o.e.j.w.WebAppContext@6c238208{scm,/,file:///github/workspace/mnt/ozone/hadoop-ozone/integration-test/target/test-classes/webapps/scm/,AVAILABLE}{file:/github/workspace/mnt/ozone/hadoop-ozone/integration-test/target/test-classes/webapps/scm}
2020-08-11 10:22:11,687 [Listener at 0.0.0.0/42469] INFO  server.AbstractConnector (AbstractConnector.java:doStart(330)) - Started ServerConnector@1e69a310{HTTP/1.1,[http/1.1]}{0.0.0.0:33005}
2020-08-11 10:22:11,687 [Listener at 0.0.0.0/42469] INFO  server.Server (Server.java:doStart(399)) - Started @154694ms
2020-08-11 10:22:11,687 [Listener at 0.0.0.0/42469] WARN  impl.MetricsSystemImpl (MetricsSystemImpl.java:register(276)) - Sink prometheus already exists!
2020-08-11 10:22:11,692 [Listener at 0.0.0.0/42469] INFO  http.BaseHttpServer (BaseHttpServer.java:updateConnectorAddress(327)) - HTTP server of scm listening at http://0.0.0.0:33005
2020-08-11 10:22:11,693 [Listener at 0.0.0.0/42469] WARN  server.ServerUtils (ServerUtils.java:getDBPath(225)) - ozone.om.db.dirs is not configured. We recommend adding this setting. Falling back to ozone.metadata.dirs instead.
2020-08-11 10:22:11,702 [Listener at 0.0.0.0/42469] INFO  ha.OMHANodeDetails (OMHANodeDetails.java:loadOMHAConfig(104)) - ozone.om.internal.service.id is not defined, falling back to ozone.om.service.ids to find serviceID for OzoneManager if it is HA enabled cluster
2020-08-11 10:22:11,702 [Listener at 0.0.0.0/42469] INFO  ha.OMHANodeDetails (OMHANodeDetails.java:loadOMHAConfig(213)) - Configuration either no ozone.om.address set. Falling back to the default OM address /127.0.0.1:0
2020-08-11 10:22:11,702 [Listener at 0.0.0.0/42469] INFO  ha.OMHANodeDetails (OMHANodeDetails.java:getOMNodeDetails(241)) - OM Service ID is not set. Setting it to the default ID: omServiceIdDefault
2020-08-11 10:22:11,702 [Listener at 0.0.0.0/42469] WARN  server.ServerUtils (ServerUtils.java:getDBPath(225)) - ozone.om.db.dirs is not configured. We recommend adding this setting. Falling back to ozone.metadata.dirs instead.
2020-08-11 10:22:11,703 [Listener at 0.0.0.0/42469] WARN  server.ServerUtils (ServerUtils.java:getDBPath(225)) - ozone.om.db.dirs is not configured. We recommend adding this setting. Falling back to ozone.metadata.dirs instead.
2020-08-11 10:22:11,704 [org.apache.hadoop.util.JvmPauseMonitor$Monitor@4e02800b] INFO  util.JvmPauseMonitor (JvmPauseMonitor.java:run(188)) - Starting JVM pause monitor
2020-08-11 10:22:11,711 [Listener at 0.0.0.0/42469] WARN  server.ServerUtils (ServerUtils.java:getDBPath(225)) - ozone.om.db.dirs is not configured. We recommend adding this setting. Falling back to ozone.metadata.dirs instead.
2020-08-11 10:22:11,711 [Listener at 0.0.0.0/42469] INFO  codec.OmKeyInfoCodec (OmKeyInfoCodec.java:<init>(41)) - OmKeyInfoCodec ignorePipeline = true
2020-08-11 10:22:11,711 [Listener at 0.0.0.0/42469] INFO  codec.RepeatedOmKeyInfoCodec (RepeatedOmKeyInfoCodec.java:<init>(40)) - RepeatedOmKeyInfoCodec ignorePipeline = true
2020-08-11 10:22:11,766 [Listener at 0.0.0.0/42469] INFO  om.OzoneManager (OzoneManager.java:addS3GVolumeToDB(3592)) - Created Volume s3v With Owner jenkins1001 required for S3Gateway operations.
2020-08-11 10:22:11,768 [Listener at 0.0.0.0/42469] INFO  ipc.CallQueueManager (CallQueueManager.java:<init>(84)) - Using callQueue: class java.util.concurrent.LinkedBlockingQueue, queueCapacity: 2000, scheduler: class org.apache.hadoop.ipc.DefaultRpcScheduler, ipcBackoff: false.
2020-08-11 10:22:11,769 [Socket Reader #1 for port 0] INFO  ipc.Server (Server.java:run(1219)) - Starting Socket Reader #1 for port 0
2020-08-11 10:22:11,784 [Listener at 127.0.0.1/39953] INFO  impl.MetricsSystemImpl (MetricsSystemImpl.java:init(158)) - OzoneManager metrics system started (again)
2020-08-11 10:22:11,784 [Listener at 127.0.0.1/39953] INFO  om.OzoneManager (OzoneManager.java:start(1132)) - OzoneManager RPC server is listening at localhost/127.0.0.1:39953
2020-08-11 10:22:11,792 [Listener at 127.0.0.1/39953] INFO  http.BaseHttpServer (BaseHttpServer.java:newHttpServer2BuilderForOzone(207)) - Starting Web-server for ozoneManager at: http://0.0.0.0:0
2020-08-11 10:22:11,792 [Listener at 127.0.0.1/39953] INFO  http.BaseHttpServer (BaseHttpServer.java:<init>(106)) - Hadoop Security Enabled: false Ozone Security Enabled: false Ozone HTTP Security Enabled: false 
2020-08-11 10:22:11,792 [Listener at 127.0.0.1/39953] INFO  server.AuthenticationFilter (AuthenticationFilter.java:constructSecretProvider(240)) - Unable to initialize FileSignerSecretProvider, falling back to use random secrets.
2020-08-11 10:22:11,793 [Listener at 127.0.0.1/39953] WARN  http.HttpRequestLog (HttpRequestLog.java:getRequestLog(103)) - Jetty request log can only be enabled using Log4j
2020-08-11 10:22:11,794 [Listener at 127.0.0.1/39953] INFO  http.HttpServer2 (HttpServer2.java:addGlobalFilter(1019)) - Added global filter 'safety' (class=org.apache.hadoop.hdds.server.http.HttpServer2$QuotingInputFilter)
2020-08-11 10:22:11,794 [Listener at 127.0.0.1/39953] INFO  http.HttpServer2 (HttpServer2.java:addFilter(995)) - Added filter static_user_filter (class=org.apache.hadoop.http.lib.StaticUserWebFilter$StaticUserFilter) to context ozoneManager
2020-08-11 10:22:11,794 [Listener at 127.0.0.1/39953] INFO  http.HttpServer2 (HttpServer2.java:addFilter(1003)) - Added filter static_user_filter (class=org.apache.hadoop.http.lib.StaticUserWebFilter$StaticUserFilter) to context logs
2020-08-11 10:22:11,794 [Listener at 127.0.0.1/39953] INFO  http.HttpServer2 (HttpServer2.java:addFilter(1003)) - Added filter static_user_filter (class=org.apache.hadoop.http.lib.StaticUserWebFilter$StaticUserFilter) to context static
2020-08-11 10:22:11,795 [Listener at 127.0.0.1/39953] INFO  http.HttpServer2 (HttpServer2.java:bindListener(1237)) - Jetty bound to port 44343
2020-08-11 10:22:11,795 [Listener at 127.0.0.1/39953] INFO  server.Server (Server.java:doStart(359)) - jetty-9.4.26.v20200117; built: 2020-01-17T12:35:33.676Z; git: 7b38981d25d14afb4a12ff1f2596756144edf695; jvm 1.8.0_232-b09
2020-08-11 10:22:11,796 [Listener at 127.0.0.1/39953] INFO  server.session (DefaultSessionIdManager.java:doStart(333)) - DefaultSessionIdManager workerName=node0
2020-08-11 10:22:11,797 [Listener at 127.0.0.1/39953] INFO  server.session (DefaultSessionIdManager.java:doStart(338)) - No SessionScavenger set, using defaults
2020-08-11 10:22:11,797 [Listener at 127.0.0.1/39953] INFO  server.session (HouseKeeper.java:startScavenging(140)) - node0 Scavenging every 600000ms
2020-08-11 10:22:11,797 [Listener at 127.0.0.1/39953] INFO  handler.ContextHandler (ContextHandler.java:doStart(825)) - Started o.e.j.s.ServletContextHandler@4cec414d{logs,/logs,file:///github/workspace/mnt/ozone/hadoop-ozone/integration-test/target/log,AVAILABLE}
2020-08-11 10:22:11,798 [Listener at 127.0.0.1/39953] INFO  handler.ContextHandler (ContextHandler.java:doStart(825)) - Started o.e.j.s.ServletContextHandler@b722630{static,/static,file:///github/workspace/mnt/ozone/hadoop-ozone/integration-test/target/test-classes/webapps/static,AVAILABLE}
2020-08-11 10:22:11,801 [Listener at 127.0.0.1/39953] INFO  handler.ContextHandler (ContextHandler.java:doStart(825)) - Started o.e.j.w.WebAppContext@14150a0a{ozoneManager,/,file:///github/workspace/mnt/ozone/hadoop-ozone/integration-test/target/test-classes/webapps/ozoneManager/,AVAILABLE}{file:/github/workspace/mnt/ozone/hadoop-ozone/integration-test/target/test-classes/webapps/ozoneManager}
2020-08-11 10:22:11,802 [Listener at 127.0.0.1/39953] INFO  server.AbstractConnector (AbstractConnector.java:doStart(330)) - Started ServerConnector@3109f8ae{HTTP/1.1,[http/1.1]}{0.0.0.0:44343}
2020-08-11 10:22:11,802 [Listener at 127.0.0.1/39953] INFO  server.Server (Server.java:doStart(399)) - Started @154808ms
2020-08-11 10:22:11,802 [Listener at 127.0.0.1/39953] WARN  impl.MetricsSystemImpl (MetricsSystemImpl.java:register(276)) - Sink prometheus already exists!
2020-08-11 10:22:11,806 [Listener at 127.0.0.1/39953] INFO  http.BaseHttpServer (BaseHttpServer.java:updateConnectorAddress(327)) - HTTP server of ozoneManager listening at http://0.0.0.0:44343
2020-08-11 10:22:11,806 [IPC Server Responder] INFO  ipc.Server (Server.java:run(1460)) - IPC Server Responder: starting
2020-08-11 10:22:11,811 [IPC Server listener on 0] INFO  ipc.Server (Server.java:run(1298)) - IPC Server listener on 0: starting
2020-08-11 10:22:11,818 [org.apache.hadoop.util.JvmPauseMonitor$Monitor@104ce963] INFO  util.JvmPauseMonitor (JvmPauseMonitor.java:run(188)) - Starting JVM pause monitor
2020-08-11 10:22:11,833 [Listener at 127.0.0.1/39953] INFO  impl.MetricsSystemImpl (MetricsSystemImpl.java:init(158)) - HddsDatanode metrics system started (again)
2020-08-11 10:22:11,835 [Listener at 127.0.0.1/39953] INFO  ozone.HddsDatanodeService (HddsDatanodeService.java:start(217)) - HddsDatanodeService host:5c5695bd1bfd ip:172.17.0.2
2020-08-11 10:22:11,836 [Listener at 127.0.0.1/39953] INFO  volume.HddsVolume (HddsVolume.java:<init>(176)) - Creating Volume: /github/workspace/mnt/ozone/hadoop-ozone/integration-test/target/test-dir/MiniOzoneClusterImpl-8391e218-a55d-4210-9d4e-82a64144cc20/datanode-0/data-0/containers/hdds of storage type : DISK and capacity : 9223372036854775807
2020-08-11 10:22:11,836 [Listener at 127.0.0.1/39953] INFO  volume.MutableVolumeSet (MutableVolumeSet.java:initializeVolumeSet(179)) - Added Volume : /github/workspace/mnt/ozone/hadoop-ozone/integration-test/target/test-dir/MiniOzoneClusterImpl-8391e218-a55d-4210-9d4e-82a64144cc20/datanode-0/data-0/containers/hdds to VolumeSet
2020-08-11 10:22:11,836 [Listener at 127.0.0.1/39953] INFO  volume.ThrottledAsyncChecker (ThrottledAsyncChecker.java:schedule(141)) - Scheduling a check for /github/workspace/mnt/ozone/hadoop-ozone/integration-test/target/test-dir/MiniOzoneClusterImpl-8391e218-a55d-4210-9d4e-82a64144cc20/datanode-0/data-0/containers/hdds
2020-08-11 10:22:11,837 [Listener at 127.0.0.1/39953] INFO  volume.HddsVolumeChecker (HddsVolumeChecker.java:checkAllVolumes(200)) - Scheduled health check for volume /github/workspace/mnt/ozone/hadoop-ozone/integration-test/target/test-dir/MiniOzoneClusterImpl-8391e218-a55d-4210-9d4e-82a64144cc20/datanode-0/data-0/containers/hdds
2020-08-11 10:22:11,850 [Thread-1495] INFO  ozoneimpl.ContainerReader (ContainerReader.java:readVolume(123)) - Start to verify containers on volume /github/workspace/mnt/ozone/hadoop-ozone/integration-test/target/test-dir/MiniOzoneClusterImpl-8391e218-a55d-4210-9d4e-82a64144cc20/datanode-0/data-0/containers/hdds
2020-08-11 10:22:11,850 [Thread-1495] INFO  ozoneimpl.ContainerReader (ContainerReader.java:readVolume(148)) - Finish verifying containers on volume /github/workspace/mnt/ozone/hadoop-ozone/integration-test/target/test-dir/MiniOzoneClusterImpl-8391e218-a55d-4210-9d4e-82a64144cc20/datanode-0/data-0/containers/hdds
2020-08-11 10:22:11,850 [Listener at 127.0.0.1/39953] INFO  ozoneimpl.OzoneContainer (OzoneContainer.java:buildContainerSet(196)) - Build ContainerSet costs 0s
2020-08-11 10:22:11,852 [Listener at 127.0.0.1/39953] INFO  impl.RaftServerProxy (ConfUtils.java:logGet(44)) - raft.rpc.type = GRPC (default)
2020-08-11 10:22:11,852 [Listener at 127.0.0.1/39953] INFO  grpc.GrpcFactory (GrpcFactory.java:checkPooledByteBufAllocatorUseCacheForAllThreads(45)) - PERFORMANCE WARNING: useCacheForAllThreads is true that may cause Netty to create a lot garbage objects and, as a result, trigger GC.
	It is recommended to disable useCacheForAllThreads by setting -Dorg.apache.ratis.thirdparty.io.netty.allocator.useCacheForAllThreads=false in command line.
2020-08-11 10:22:11,852 [Listener at 127.0.0.1/39953] INFO  grpc.GrpcConfigKeys (ConfUtils.java:logGet(44)) - raft.grpc.server.port = 0 (default)
2020-08-11 10:22:11,852 [Listener at 127.0.0.1/39953] INFO  server.GrpcService (ConfUtils.java:logGet(44)) - raft.grpc.message.size.max = 32MB (=33554432) (custom)
2020-08-11 10:22:11,852 [Listener at 127.0.0.1/39953] INFO  server.RaftServerConfigKeys (ConfUtils.java:logGet(44)) - raft.server.log.appender.buffer.byte-limit = 33554432 (custom)
2020-08-11 10:22:11,852 [Listener at 127.0.0.1/39953] INFO  server.GrpcService (ConfUtils.java:logGet(44)) - raft.grpc.flow.control.window = 5MB (=5242880) (custom)
2020-08-11 10:22:11,852 [Listener at 127.0.0.1/39953] INFO  server.RaftServerConfigKeys (ConfUtils.java:logGet(44)) - raft.server.rpc.request.timeout = 3000ms (default)
2020-08-11 10:22:11,853 [Listener at 127.0.0.1/39953] INFO  server.RaftServerConfigKeys (ConfUtils.java:logGet(44)) - raft.server.storage.dir = [/github/workspace/mnt/ozone/hadoop-ozone/integration-test/target/test-dir/MiniOzoneClusterImpl-8391e218-a55d-4210-9d4e-82a64144cc20/datanode-0/data/ratis] (custom)
2020-08-11 10:22:11,860 [Listener at 127.0.0.1/39953] INFO  http.BaseHttpServer (BaseHttpServer.java:newHttpServer2BuilderForOzone(207)) - Starting Web-server for hddsDatanode at: http://0.0.0.0:0
2020-08-11 10:22:11,860 [Listener at 127.0.0.1/39953] INFO  http.BaseHttpServer (BaseHttpServer.java:<init>(106)) - Hadoop Security Enabled: false Ozone Security Enabled: false Ozone HTTP Security Enabled: false 
2020-08-11 10:22:11,861 [Listener at 127.0.0.1/39953] INFO  server.AuthenticationFilter (AuthenticationFilter.java:constructSecretProvider(240)) - Unable to initialize FileSignerSecretProvider, falling back to use random secrets.
2020-08-11 10:22:11,861 [Listener at 127.0.0.1/39953] WARN  http.HttpRequestLog (HttpRequestLog.java:getRequestLog(103)) - Jetty request log can only be enabled using Log4j
2020-08-11 10:22:11,864 [Listener at 127.0.0.1/39953] INFO  http.HttpServer2 (HttpServer2.java:addGlobalFilter(1019)) - Added global filter 'safety' (class=org.apache.hadoop.hdds.server.http.HttpServer2$QuotingInputFilter)
2020-08-11 10:22:11,864 [Listener at 127.0.0.1/39953] INFO  http.HttpServer2 (HttpServer2.java:addFilter(995)) - Added filter static_user_filter (class=org.apache.hadoop.http.lib.StaticUserWebFilter$StaticUserFilter) to context hddsDatanode
2020-08-11 10:22:11,864 [Listener at 127.0.0.1/39953] INFO  http.HttpServer2 (HttpServer2.java:addFilter(1003)) - Added filter static_user_filter (class=org.apache.hadoop.http.lib.StaticUserWebFilter$StaticUserFilter) to context static
2020-08-11 10:22:11,865 [Listener at 127.0.0.1/39953] INFO  http.HttpServer2 (HttpServer2.java:addFilter(1003)) - Added filter static_user_filter (class=org.apache.hadoop.http.lib.StaticUserWebFilter$StaticUserFilter) to context logs
2020-08-11 10:22:11,865 [Listener at 127.0.0.1/39953] INFO  http.HttpServer2 (HttpServer2.java:bindListener(1237)) - Jetty bound to port 35537
2020-08-11 10:22:11,865 [Listener at 127.0.0.1/39953] INFO  server.Server (Server.java:doStart(359)) - jetty-9.4.26.v20200117; built: 2020-01-17T12:35:33.676Z; git: 7b38981d25d14afb4a12ff1f2596756144edf695; jvm 1.8.0_232-b09
2020-08-11 10:22:11,870 [Listener at 127.0.0.1/39953] INFO  server.session (DefaultSessionIdManager.java:doStart(333)) - DefaultSessionIdManager workerName=node0
2020-08-11 10:22:11,870 [Listener at 127.0.0.1/39953] INFO  server.session (DefaultSessionIdManager.java:doStart(338)) - No SessionScavenger set, using defaults
2020-08-11 10:22:11,870 [Listener at 127.0.0.1/39953] INFO  server.session (HouseKeeper.java:startScavenging(140)) - node0 Scavenging every 660000ms
2020-08-11 10:22:11,871 [Listener at 127.0.0.1/39953] INFO  handler.ContextHandler (ContextHandler.java:doStart(825)) - Started o.e.j.s.ServletContextHandler@7e41619d{logs,/logs,file:///github/workspace/mnt/ozone/hadoop-ozone/integration-test/target/log,AVAILABLE}
2020-08-11 10:22:11,871 [Listener at 127.0.0.1/39953] INFO  handler.ContextHandler (ContextHandler.java:doStart(825)) - Started o.e.j.s.ServletContextHandler@30bb4248{static,/static,jar:file:/home/user/.m2/repository/org/apache/hadoop/hadoop-hdds-container-service/0.6.0-SNAPSHOT/hadoop-hdds-container-service-0.6.0-SNAPSHOT.jar!/webapps/static,AVAILABLE}
2020-08-11 10:22:11,946 [Listener at 127.0.0.1/39953] INFO  handler.ContextHandler (ContextHandler.java:doStart(825)) - Started o.e.j.w.WebAppContext@385269dd{hddsDatanode,/,file:///tmp/jetty-0_0_0_0-35537-hadoop-hdds-container-service-0_6_0-SNAPSHOT_jar-_-any-9208153126683128507.dir/webapp/,AVAILABLE}{jar:file:/home/user/.m2/repository/org/apache/hadoop/hadoop-hdds-container-service/0.6.0-SNAPSHOT/hadoop-hdds-container-service-0.6.0-SNAPSHOT.jar!/webapps/hddsDatanode}
2020-08-11 10:22:11,948 [Listener at 127.0.0.1/39953] INFO  server.AbstractConnector (AbstractConnector.java:doStart(330)) - Started ServerConnector@84e1883{HTTP/1.1,[http/1.1]}{0.0.0.0:35537}
2020-08-11 10:22:11,948 [Listener at 127.0.0.1/39953] INFO  server.Server (Server.java:doStart(399)) - Started @154954ms
2020-08-11 10:22:11,949 [Listener at 127.0.0.1/39953] WARN  impl.MetricsSystemImpl (MetricsSystemImpl.java:register(276)) - Sink prometheus already exists!
2020-08-11 10:22:11,953 [Listener at 127.0.0.1/39953] INFO  http.BaseHttpServer (BaseHttpServer.java:updateConnectorAddress(327)) - HTTP server of hddsDatanode listening at http://0.0.0.0:35537
2020-08-11 10:22:11,954 [Listener at 127.0.0.1/39953] INFO  impl.MetricsSystemImpl (MetricsSystemImpl.java:init(158)) - HddsDatanode metrics system started (again)
2020-08-11 10:22:11,963 [org.apache.hadoop.util.JvmPauseMonitor$Monitor@3f89e0c7] INFO  util.JvmPauseMonitor (JvmPauseMonitor.java:run(188)) - Starting JVM pause monitor
2020-08-11 10:22:11,965 [Listener at 127.0.0.1/39953] INFO  ozone.HddsDatanodeService (HddsDatanodeService.java:start(217)) - HddsDatanodeService host:5c5695bd1bfd ip:172.17.0.2
2020-08-11 10:22:11,965 [Listener at 127.0.0.1/39953] INFO  volume.HddsVolume (HddsVolume.java:<init>(176)) - Creating Volume: /github/workspace/mnt/ozone/hadoop-ozone/integration-test/target/test-dir/MiniOzoneClusterImpl-8391e218-a55d-4210-9d4e-82a64144cc20/datanode-1/data-0/containers/hdds of storage type : DISK and capacity : 9223372036854775807
2020-08-11 10:22:11,966 [Listener at 127.0.0.1/39953] INFO  volume.MutableVolumeSet (MutableVolumeSet.java:initializeVolumeSet(179)) - Added Volume : /github/workspace/mnt/ozone/hadoop-ozone/integration-test/target/test-dir/MiniOzoneClusterImpl-8391e218-a55d-4210-9d4e-82a64144cc20/datanode-1/data-0/containers/hdds to VolumeSet
2020-08-11 10:22:11,966 [Listener at 127.0.0.1/39953] INFO  volume.ThrottledAsyncChecker (ThrottledAsyncChecker.java:schedule(141)) - Scheduling a check for /github/workspace/mnt/ozone/hadoop-ozone/integration-test/target/test-dir/MiniOzoneClusterImpl-8391e218-a55d-4210-9d4e-82a64144cc20/datanode-1/data-0/containers/hdds
2020-08-11 10:22:11,966 [Listener at 127.0.0.1/39953] INFO  volume.HddsVolumeChecker (HddsVolumeChecker.java:checkAllVolumes(200)) - Scheduled health check for volume /github/workspace/mnt/ozone/hadoop-ozone/integration-test/target/test-dir/MiniOzoneClusterImpl-8391e218-a55d-4210-9d4e-82a64144cc20/datanode-1/data-0/containers/hdds
2020-08-11 10:22:11,973 [Datanode State Machine Task Thread - 0] INFO  datanode.InitDatanodeState (InitDatanodeState.java:persistContainerDatanodeDetails(145)) - DatanodeDetails is persisted to /github/workspace/mnt/ozone/hadoop-ozone/integration-test/target/test-dir/MiniOzoneClusterImpl-8391e218-a55d-4210-9d4e-82a64144cc20/datanode-0/meta/datanode.id
2020-08-11 10:22:11,978 [Thread-1506] INFO  ozoneimpl.ContainerReader (ContainerReader.java:readVolume(123)) - Start to verify containers on volume /github/workspace/mnt/ozone/hadoop-ozone/integration-test/target/test-dir/MiniOzoneClusterImpl-8391e218-a55d-4210-9d4e-82a64144cc20/datanode-1/data-0/containers/hdds
2020-08-11 10:22:11,978 [Thread-1506] INFO  ozoneimpl.ContainerReader (ContainerReader.java:readVolume(148)) - Finish verifying containers on volume /github/workspace/mnt/ozone/hadoop-ozone/integration-test/target/test-dir/MiniOzoneClusterImpl-8391e218-a55d-4210-9d4e-82a64144cc20/datanode-1/data-0/containers/hdds
2020-08-11 10:22:11,978 [Listener at 127.0.0.1/39953] INFO  ozoneimpl.OzoneContainer (OzoneContainer.java:buildContainerSet(196)) - Build ContainerSet costs 0s
2020-08-11 10:22:11,980 [Listener at 127.0.0.1/39953] INFO  impl.RaftServerProxy (ConfUtils.java:logGet(44)) - raft.rpc.type = GRPC (default)
2020-08-11 10:22:11,980 [Listener at 127.0.0.1/39953] INFO  grpc.GrpcFactory (GrpcFactory.java:checkPooledByteBufAllocatorUseCacheForAllThreads(45)) - PERFORMANCE WARNING: useCacheForAllThreads is true that may cause Netty to create a lot garbage objects and, as a result, trigger GC.
	It is recommended to disable useCacheForAllThreads by setting -Dorg.apache.ratis.thirdparty.io.netty.allocator.useCacheForAllThreads=false in command line.
2020-08-11 10:22:11,980 [Listener at 127.0.0.1/39953] INFO  grpc.GrpcConfigKeys (ConfUtils.java:logGet(44)) - raft.grpc.server.port = 0 (default)
2020-08-11 10:22:11,980 [Listener at 127.0.0.1/39953] INFO  server.GrpcService (ConfUtils.java:logGet(44)) - raft.grpc.message.size.max = 32MB (=33554432) (custom)
2020-08-11 10:22:11,980 [Listener at 127.0.0.1/39953] INFO  server.RaftServerConfigKeys (ConfUtils.java:logGet(44)) - raft.server.log.appender.buffer.byte-limit = 33554432 (custom)
2020-08-11 10:22:11,980 [Listener at 127.0.0.1/39953] INFO  server.GrpcService (ConfUtils.java:logGet(44)) - raft.grpc.flow.control.window = 5MB (=5242880) (custom)
2020-08-11 10:22:11,980 [Listener at 127.0.0.1/39953] INFO  server.RaftServerConfigKeys (ConfUtils.java:logGet(44)) - raft.server.rpc.request.timeout = 3000ms (default)
2020-08-11 10:22:11,981 [Listener at 127.0.0.1/39953] INFO  server.RaftServerConfigKeys (ConfUtils.java:logGet(44)) - raft.server.storage.dir = [/github/workspace/mnt/ozone/hadoop-ozone/integration-test/target/test-dir/MiniOzoneClusterImpl-8391e218-a55d-4210-9d4e-82a64144cc20/datanode-1/data/ratis] (custom)
2020-08-11 10:22:11,987 [Listener at 127.0.0.1/39953] INFO  http.BaseHttpServer (BaseHttpServer.java:newHttpServer2BuilderForOzone(207)) - Starting Web-server for hddsDatanode at: http://0.0.0.0:0
2020-08-11 10:22:11,988 [Listener at 127.0.0.1/39953] INFO  http.BaseHttpServer (BaseHttpServer.java:<init>(106)) - Hadoop Security Enabled: false Ozone Security Enabled: false Ozone HTTP Security Enabled: false 
2020-08-11 10:22:11,988 [Listener at 127.0.0.1/39953] INFO  server.AuthenticationFilter (AuthenticationFilter.java:constructSecretProvider(240)) - Unable to initialize FileSignerSecretProvider, falling back to use random secrets.
2020-08-11 10:22:11,989 [Listener at 127.0.0.1/39953] WARN  http.HttpRequestLog (HttpRequestLog.java:getRequestLog(103)) - Jetty request log can only be enabled using Log4j
2020-08-11 10:22:11,990 [Listener at 127.0.0.1/39953] INFO  http.HttpServer2 (HttpServer2.java:addGlobalFilter(1019)) - Added global filter 'safety' (class=org.apache.hadoop.hdds.server.http.HttpServer2$QuotingInputFilter)
2020-08-11 10:22:11,990 [Listener at 127.0.0.1/39953] INFO  http.HttpServer2 (HttpServer2.java:addFilter(995)) - Added filter static_user_filter (class=org.apache.hadoop.http.lib.StaticUserWebFilter$StaticUserFilter) to context hddsDatanode
2020-08-11 10:22:11,990 [Listener at 127.0.0.1/39953] INFO  http.HttpServer2 (HttpServer2.java:addFilter(1003)) - Added filter static_user_filter (class=org.apache.hadoop.http.lib.StaticUserWebFilter$StaticUserFilter) to context logs
2020-08-11 10:22:11,990 [Listener at 127.0.0.1/39953] INFO  http.HttpServer2 (HttpServer2.java:addFilter(1003)) - Added filter static_user_filter (class=org.apache.hadoop.http.lib.StaticUserWebFilter$StaticUserFilter) to context static
2020-08-11 10:22:11,991 [Listener at 127.0.0.1/39953] INFO  http.HttpServer2 (HttpServer2.java:bindListener(1237)) - Jetty bound to port 45889
2020-08-11 10:22:11,991 [Listener at 127.0.0.1/39953] INFO  server.Server (Server.java:doStart(359)) - jetty-9.4.26.v20200117; built: 2020-01-17T12:35:33.676Z; git: 7b38981d25d14afb4a12ff1f2596756144edf695; jvm 1.8.0_232-b09
2020-08-11 10:22:11,992 [Listener at 127.0.0.1/39953] INFO  server.session (DefaultSessionIdManager.java:doStart(333)) - DefaultSessionIdManager workerName=node0
2020-08-11 10:22:11,992 [Listener at 127.0.0.1/39953] INFO  server.session (DefaultSessionIdManager.java:doStart(338)) - No SessionScavenger set, using defaults
2020-08-11 10:22:11,992 [Listener at 127.0.0.1/39953] INFO  server.session (HouseKeeper.java:startScavenging(140)) - node0 Scavenging every 660000ms
2020-08-11 10:22:11,993 [Listener at 127.0.0.1/39953] INFO  handler.ContextHandler (ContextHandler.java:doStart(825)) - Started o.e.j.s.ServletContextHandler@418b946b{logs,/logs,file:///github/workspace/mnt/ozone/hadoop-ozone/integration-test/target/log,AVAILABLE}
2020-08-11 10:22:11,993 [Listener at 127.0.0.1/39953] INFO  handler.ContextHandler (ContextHandler.java:doStart(825)) - Started o.e.j.s.ServletContextHandler@62e0fe3{static,/static,jar:file:/home/user/.m2/repository/org/apache/hadoop/hadoop-hdds-container-service/0.6.0-SNAPSHOT/hadoop-hdds-container-service-0.6.0-SNAPSHOT.jar!/webapps/static,AVAILABLE}
2020-08-11 10:22:12,066 [Listener at 127.0.0.1/39953] INFO  handler.ContextHandler (ContextHandler.java:doStart(825)) - Started o.e.j.w.WebAppContext@59c9df97{hddsDatanode,/,file:///tmp/jetty-0_0_0_0-45889-hadoop-hdds-container-service-0_6_0-SNAPSHOT_jar-_-any-6556210308140220983.dir/webapp/,AVAILABLE}{jar:file:/home/user/.m2/repository/org/apache/hadoop/hadoop-hdds-container-service/0.6.0-SNAPSHOT/hadoop-hdds-container-service-0.6.0-SNAPSHOT.jar!/webapps/hddsDatanode}
2020-08-11 10:22:12,068 [Listener at 127.0.0.1/39953] INFO  server.AbstractConnector (AbstractConnector.java:doStart(330)) - Started ServerConnector@6198bac2{HTTP/1.1,[http/1.1]}{0.0.0.0:45889}
2020-08-11 10:22:12,068 [Listener at 127.0.0.1/39953] INFO  server.Server (Server.java:doStart(399)) - Started @155074ms
2020-08-11 10:22:12,068 [Listener at 127.0.0.1/39953] WARN  impl.MetricsSystemImpl (MetricsSystemImpl.java:register(276)) - Sink prometheus already exists!
2020-08-11 10:22:12,073 [Listener at 127.0.0.1/39953] INFO  http.BaseHttpServer (BaseHttpServer.java:updateConnectorAddress(327)) - HTTP server of hddsDatanode listening at http://0.0.0.0:45889
2020-08-11 10:22:12,074 [Listener at 127.0.0.1/39953] INFO  impl.MetricsSystemImpl (MetricsSystemImpl.java:init(158)) - HddsDatanode metrics system started (again)
2020-08-11 10:22:12,076 [Listener at 127.0.0.1/39953] INFO  ozone.HddsDatanodeService (HddsDatanodeService.java:start(217)) - HddsDatanodeService host:5c5695bd1bfd ip:172.17.0.2
2020-08-11 10:22:12,079 [org.apache.hadoop.util.JvmPauseMonitor$Monitor@21f6db08] INFO  util.JvmPauseMonitor (JvmPauseMonitor.java:run(188)) - Starting JVM pause monitor
2020-08-11 10:22:12,079 [Listener at 127.0.0.1/39953] INFO  volume.HddsVolume (HddsVolume.java:<init>(176)) - Creating Volume: /github/workspace/mnt/ozone/hadoop-ozone/integration-test/target/test-dir/MiniOzoneClusterImpl-8391e218-a55d-4210-9d4e-82a64144cc20/datanode-2/data-0/containers/hdds of storage type : DISK and capacity : 9223372036854775807
2020-08-11 10:22:12,079 [Listener at 127.0.0.1/39953] INFO  volume.MutableVolumeSet (MutableVolumeSet.java:initializeVolumeSet(179)) - Added Volume : /github/workspace/mnt/ozone/hadoop-ozone/integration-test/target/test-dir/MiniOzoneClusterImpl-8391e218-a55d-4210-9d4e-82a64144cc20/datanode-2/data-0/containers/hdds to VolumeSet
2020-08-11 10:22:12,079 [Listener at 127.0.0.1/39953] INFO  volume.ThrottledAsyncChecker (ThrottledAsyncChecker.java:schedule(141)) - Scheduling a check for /github/workspace/mnt/ozone/hadoop-ozone/integration-test/target/test-dir/MiniOzoneClusterImpl-8391e218-a55d-4210-9d4e-82a64144cc20/datanode-2/data-0/containers/hdds
2020-08-11 10:22:12,081 [Datanode State Machine Task Thread - 0] INFO  datanode.InitDatanodeState (InitDatanodeState.java:persistContainerDatanodeDetails(145)) - DatanodeDetails is persisted to /github/workspace/mnt/ozone/hadoop-ozone/integration-test/target/test-dir/MiniOzoneClusterImpl-8391e218-a55d-4210-9d4e-82a64144cc20/datanode-1/meta/datanode.id
2020-08-11 10:22:12,081 [Listener at 127.0.0.1/39953] INFO  volume.HddsVolumeChecker (HddsVolumeChecker.java:checkAllVolumes(200)) - Scheduled health check for volume /github/workspace/mnt/ozone/hadoop-ozone/integration-test/target/test-dir/MiniOzoneClusterImpl-8391e218-a55d-4210-9d4e-82a64144cc20/datanode-2/data-0/containers/hdds
2020-08-11 10:22:12,093 [Thread-1517] INFO  ozoneimpl.ContainerReader (ContainerReader.java:readVolume(123)) - Start to verify containers on volume /github/workspace/mnt/ozone/hadoop-ozone/integration-test/target/test-dir/MiniOzoneClusterImpl-8391e218-a55d-4210-9d4e-82a64144cc20/datanode-2/data-0/containers/hdds
2020-08-11 10:22:12,093 [Thread-1517] INFO  ozoneimpl.ContainerReader (ContainerReader.java:readVolume(148)) - Finish verifying containers on volume /github/workspace/mnt/ozone/hadoop-ozone/integration-test/target/test-dir/MiniOzoneClusterImpl-8391e218-a55d-4210-9d4e-82a64144cc20/datanode-2/data-0/containers/hdds
2020-08-11 10:22:12,093 [Listener at 127.0.0.1/39953] INFO  ozoneimpl.OzoneContainer (OzoneContainer.java:buildContainerSet(196)) - Build ContainerSet costs 0s
2020-08-11 10:22:12,095 [Listener at 127.0.0.1/39953] INFO  impl.RaftServerProxy (ConfUtils.java:logGet(44)) - raft.rpc.type = GRPC (default)
2020-08-11 10:22:12,095 [Listener at 127.0.0.1/39953] INFO  grpc.GrpcFactory (GrpcFactory.java:checkPooledByteBufAllocatorUseCacheForAllThreads(45)) - PERFORMANCE WARNING: useCacheForAllThreads is true that may cause Netty to create a lot garbage objects and, as a result, trigger GC.
	It is recommended to disable useCacheForAllThreads by setting -Dorg.apache.ratis.thirdparty.io.netty.allocator.useCacheForAllThreads=false in command line.
2020-08-11 10:22:12,095 [Listener at 127.0.0.1/39953] INFO  grpc.GrpcConfigKeys (ConfUtils.java:logGet(44)) - raft.grpc.server.port = 0 (default)
2020-08-11 10:22:12,095 [Listener at 127.0.0.1/39953] INFO  server.GrpcService (ConfUtils.java:logGet(44)) - raft.grpc.message.size.max = 32MB (=33554432) (custom)
2020-08-11 10:22:12,095 [Listener at 127.0.0.1/39953] INFO  server.RaftServerConfigKeys (ConfUtils.java:logGet(44)) - raft.server.log.appender.buffer.byte-limit = 33554432 (custom)
2020-08-11 10:22:12,096 [Listener at 127.0.0.1/39953] INFO  server.GrpcService (ConfUtils.java:logGet(44)) - raft.grpc.flow.control.window = 5MB (=5242880) (custom)
2020-08-11 10:22:12,096 [Listener at 127.0.0.1/39953] INFO  server.RaftServerConfigKeys (ConfUtils.java:logGet(44)) - raft.server.rpc.request.timeout = 3000ms (default)
2020-08-11 10:22:12,097 [Listener at 127.0.0.1/39953] INFO  server.RaftServerConfigKeys (ConfUtils.java:logGet(44)) - raft.server.storage.dir = [/github/workspace/mnt/ozone/hadoop-ozone/integration-test/target/test-dir/MiniOzoneClusterImpl-8391e218-a55d-4210-9d4e-82a64144cc20/datanode-2/data/ratis] (custom)
2020-08-11 10:22:12,103 [Listener at 127.0.0.1/39953] INFO  http.BaseHttpServer (BaseHttpServer.java:newHttpServer2BuilderForOzone(207)) - Starting Web-server for hddsDatanode at: http://0.0.0.0:0
2020-08-11 10:22:12,103 [Listener at 127.0.0.1/39953] INFO  http.BaseHttpServer (BaseHttpServer.java:<init>(106)) - Hadoop Security Enabled: false Ozone Security Enabled: false Ozone HTTP Security Enabled: false 
2020-08-11 10:22:12,104 [Listener at 127.0.0.1/39953] INFO  server.AuthenticationFilter (AuthenticationFilter.java:constructSecretProvider(240)) - Unable to initialize FileSignerSecretProvider, falling back to use random secrets.
2020-08-11 10:22:12,105 [Listener at 127.0.0.1/39953] WARN  http.HttpRequestLog (HttpRequestLog.java:getRequestLog(103)) - Jetty request log can only be enabled using Log4j
2020-08-11 10:22:12,105 [Listener at 127.0.0.1/39953] INFO  http.HttpServer2 (HttpServer2.java:addGlobalFilter(1019)) - Added global filter 'safety' (class=org.apache.hadoop.hdds.server.http.HttpServer2$QuotingInputFilter)
2020-08-11 10:22:12,106 [Listener at 127.0.0.1/39953] INFO  http.HttpServer2 (HttpServer2.java:addFilter(995)) - Added filter static_user_filter (class=org.apache.hadoop.http.lib.StaticUserWebFilter$StaticUserFilter) to context hddsDatanode
2020-08-11 10:22:12,106 [Listener at 127.0.0.1/39953] INFO  http.HttpServer2 (HttpServer2.java:addFilter(1003)) - Added filter static_user_filter (class=org.apache.hadoop.http.lib.StaticUserWebFilter$StaticUserFilter) to context static
2020-08-11 10:22:12,106 [Listener at 127.0.0.1/39953] INFO  http.HttpServer2 (HttpServer2.java:addFilter(1003)) - Added filter static_user_filter (class=org.apache.hadoop.http.lib.StaticUserWebFilter$StaticUserFilter) to context logs
2020-08-11 10:22:12,106 [Listener at 127.0.0.1/39953] INFO  http.HttpServer2 (HttpServer2.java:bindListener(1237)) - Jetty bound to port 43437
2020-08-11 10:22:12,106 [Listener at 127.0.0.1/39953] INFO  server.Server (Server.java:doStart(359)) - jetty-9.4.26.v20200117; built: 2020-01-17T12:35:33.676Z; git: 7b38981d25d14afb4a12ff1f2596756144edf695; jvm 1.8.0_232-b09
2020-08-11 10:22:12,108 [Listener at 127.0.0.1/39953] INFO  server.session (DefaultSessionIdManager.java:doStart(333)) - DefaultSessionIdManager workerName=node0
2020-08-11 10:22:12,108 [Listener at 127.0.0.1/39953] INFO  server.session (DefaultSessionIdManager.java:doStart(338)) - No SessionScavenger set, using defaults
2020-08-11 10:22:12,108 [Listener at 127.0.0.1/39953] INFO  server.session (HouseKeeper.java:startScavenging(140)) - node0 Scavenging every 660000ms
2020-08-11 10:22:12,110 [Listener at 127.0.0.1/39953] INFO  handler.ContextHandler (ContextHandler.java:doStart(825)) - Started o.e.j.s.ServletContextHandler@620a2725{logs,/logs,file:///github/workspace/mnt/ozone/hadoop-ozone/integration-test/target/log,AVAILABLE}
2020-08-11 10:22:12,110 [Listener at 127.0.0.1/39953] INFO  handler.ContextHandler (ContextHandler.java:doStart(825)) - Started o.e.j.s.ServletContextHandler@6f49a165{static,/static,jar:file:/home/user/.m2/repository/org/apache/hadoop/hadoop-hdds-container-service/0.6.0-SNAPSHOT/hadoop-hdds-container-service-0.6.0-SNAPSHOT.jar!/webapps/static,AVAILABLE}
2020-08-11 10:22:12,180 [Listener at 127.0.0.1/39953] INFO  handler.ContextHandler (ContextHandler.java:doStart(825)) - Started o.e.j.w.WebAppContext@73c2097e{hddsDatanode,/,file:///tmp/jetty-0_0_0_0-43437-hadoop-hdds-container-service-0_6_0-SNAPSHOT_jar-_-any-7032598786982482515.dir/webapp/,AVAILABLE}{jar:file:/home/user/.m2/repository/org/apache/hadoop/hadoop-hdds-container-service/0.6.0-SNAPSHOT/hadoop-hdds-container-service-0.6.0-SNAPSHOT.jar!/webapps/hddsDatanode}
2020-08-11 10:22:12,181 [Listener at 127.0.0.1/39953] INFO  server.AbstractConnector (AbstractConnector.java:doStart(330)) - Started ServerConnector@3bf572e0{HTTP/1.1,[http/1.1]}{0.0.0.0:43437}
2020-08-11 10:22:12,182 [Listener at 127.0.0.1/39953] INFO  server.Server (Server.java:doStart(399)) - Started @155188ms
2020-08-11 10:22:12,182 [Listener at 127.0.0.1/39953] WARN  impl.MetricsSystemImpl (MetricsSystemImpl.java:register(276)) - Sink prometheus already exists!
2020-08-11 10:22:12,185 [Listener at 127.0.0.1/39953] INFO  http.BaseHttpServer (BaseHttpServer.java:updateConnectorAddress(327)) - HTTP server of hddsDatanode listening at http://0.0.0.0:43437
2020-08-11 10:22:12,185 [Listener at 127.0.0.1/39953] INFO  impl.MetricsSystemImpl (MetricsSystemImpl.java:init(158)) - HddsDatanode metrics system started (again)
2020-08-11 10:22:12,188 [Listener at 127.0.0.1/39953] INFO  ozone.HddsDatanodeService (HddsDatanodeService.java:start(217)) - HddsDatanodeService host:5c5695bd1bfd ip:172.17.0.2
2020-08-11 10:22:12,189 [Listener at 127.0.0.1/39953] INFO  volume.HddsVolume (HddsVolume.java:<init>(176)) - Creating Volume: /github/workspace/mnt/ozone/hadoop-ozone/integration-test/target/test-dir/MiniOzoneClusterImpl-8391e218-a55d-4210-9d4e-82a64144cc20/datanode-3/data-0/containers/hdds of storage type : DISK and capacity : 9223372036854775807
2020-08-11 10:22:12,189 [Listener at 127.0.0.1/39953] INFO  volume.MutableVolumeSet (MutableVolumeSet.java:initializeVolumeSet(179)) - Added Volume : /github/workspace/mnt/ozone/hadoop-ozone/integration-test/target/test-dir/MiniOzoneClusterImpl-8391e218-a55d-4210-9d4e-82a64144cc20/datanode-3/data-0/containers/hdds to VolumeSet
2020-08-11 10:22:12,189 [Listener at 127.0.0.1/39953] INFO  volume.ThrottledAsyncChecker (ThrottledAsyncChecker.java:schedule(141)) - Scheduling a check for /github/workspace/mnt/ozone/hadoop-ozone/integration-test/target/test-dir/MiniOzoneClusterImpl-8391e218-a55d-4210-9d4e-82a64144cc20/datanode-3/data-0/containers/hdds
2020-08-11 10:22:12,195 [org.apache.hadoop.util.JvmPauseMonitor$Monitor@10b612b8] INFO  util.JvmPauseMonitor (JvmPauseMonitor.java:run(188)) - Starting JVM pause monitor
2020-08-11 10:22:12,195 [Listener at 127.0.0.1/39953] INFO  volume.HddsVolumeChecker (HddsVolumeChecker.java:checkAllVolumes(200)) - Scheduled health check for volume /github/workspace/mnt/ozone/hadoop-ozone/integration-test/target/test-dir/MiniOzoneClusterImpl-8391e218-a55d-4210-9d4e-82a64144cc20/datanode-3/data-0/containers/hdds
2020-08-11 10:22:12,200 [Datanode State Machine Task Thread - 0] INFO  datanode.InitDatanodeState (InitDatanodeState.java:persistContainerDatanodeDetails(145)) - DatanodeDetails is persisted to /github/workspace/mnt/ozone/hadoop-ozone/integration-test/target/test-dir/MiniOzoneClusterImpl-8391e218-a55d-4210-9d4e-82a64144cc20/datanode-2/meta/datanode.id
2020-08-11 10:22:12,206 [Thread-1528] INFO  ozoneimpl.ContainerReader (ContainerReader.java:readVolume(123)) - Start to verify containers on volume /github/workspace/mnt/ozone/hadoop-ozone/integration-test/target/test-dir/MiniOzoneClusterImpl-8391e218-a55d-4210-9d4e-82a64144cc20/datanode-3/data-0/containers/hdds
2020-08-11 10:22:12,207 [Thread-1528] INFO  ozoneimpl.ContainerReader (ContainerReader.java:readVolume(148)) - Finish verifying containers on volume /github/workspace/mnt/ozone/hadoop-ozone/integration-test/target/test-dir/MiniOzoneClusterImpl-8391e218-a55d-4210-9d4e-82a64144cc20/datanode-3/data-0/containers/hdds
2020-08-11 10:22:12,207 [Listener at 127.0.0.1/39953] INFO  ozoneimpl.OzoneContainer (OzoneContainer.java:buildContainerSet(196)) - Build ContainerSet costs 0s
2020-08-11 10:22:12,208 [Listener at 127.0.0.1/39953] INFO  impl.RaftServerProxy (ConfUtils.java:logGet(44)) - raft.rpc.type = GRPC (default)
2020-08-11 10:22:12,208 [Listener at 127.0.0.1/39953] INFO  grpc.GrpcFactory (GrpcFactory.java:checkPooledByteBufAllocatorUseCacheForAllThreads(45)) - PERFORMANCE WARNING: useCacheForAllThreads is true that may cause Netty to create a lot garbage objects and, as a result, trigger GC.
	It is recommended to disable useCacheForAllThreads by setting -Dorg.apache.ratis.thirdparty.io.netty.allocator.useCacheForAllThreads=false in command line.
2020-08-11 10:22:12,208 [Listener at 127.0.0.1/39953] INFO  grpc.GrpcConfigKeys (ConfUtils.java:logGet(44)) - raft.grpc.server.port = 0 (default)
2020-08-11 10:22:12,208 [Listener at 127.0.0.1/39953] INFO  server.GrpcService (ConfUtils.java:logGet(44)) - raft.grpc.message.size.max = 32MB (=33554432) (custom)
2020-08-11 10:22:12,208 [Listener at 127.0.0.1/39953] INFO  server.RaftServerConfigKeys (ConfUtils.java:logGet(44)) - raft.server.log.appender.buffer.byte-limit = 33554432 (custom)
2020-08-11 10:22:12,209 [Listener at 127.0.0.1/39953] INFO  server.GrpcService (ConfUtils.java:logGet(44)) - raft.grpc.flow.control.window = 5MB (=5242880) (custom)
2020-08-11 10:22:12,209 [Listener at 127.0.0.1/39953] INFO  server.RaftServerConfigKeys (ConfUtils.java:logGet(44)) - raft.server.rpc.request.timeout = 3000ms (default)
2020-08-11 10:22:12,210 [Listener at 127.0.0.1/39953] INFO  server.RaftServerConfigKeys (ConfUtils.java:logGet(44)) - raft.server.storage.dir = [/github/workspace/mnt/ozone/hadoop-ozone/integration-test/target/test-dir/MiniOzoneClusterImpl-8391e218-a55d-4210-9d4e-82a64144cc20/datanode-3/data/ratis] (custom)
2020-08-11 10:22:12,216 [Listener at 127.0.0.1/39953] INFO  http.BaseHttpServer (BaseHttpServer.java:newHttpServer2BuilderForOzone(207)) - Starting Web-server for hddsDatanode at: http://0.0.0.0:0
2020-08-11 10:22:12,216 [Listener at 127.0.0.1/39953] INFO  http.BaseHttpServer (BaseHttpServer.java:<init>(106)) - Hadoop Security Enabled: false Ozone Security Enabled: false Ozone HTTP Security Enabled: false 
2020-08-11 10:22:12,216 [Listener at 127.0.0.1/39953] INFO  server.AuthenticationFilter (AuthenticationFilter.java:constructSecretProvider(240)) - Unable to initialize FileSignerSecretProvider, falling back to use random secrets.
2020-08-11 10:22:12,217 [Listener at 127.0.0.1/39953] WARN  http.HttpRequestLog (HttpRequestLog.java:getRequestLog(103)) - Jetty request log can only be enabled using Log4j
2020-08-11 10:22:12,217 [Listener at 127.0.0.1/39953] INFO  http.HttpServer2 (HttpServer2.java:addGlobalFilter(1019)) - Added global filter 'safety' (class=org.apache.hadoop.hdds.server.http.HttpServer2$QuotingInputFilter)
2020-08-11 10:22:12,218 [Listener at 127.0.0.1/39953] INFO  http.HttpServer2 (HttpServer2.java:addFilter(995)) - Added filter static_user_filter (class=org.apache.hadoop.http.lib.StaticUserWebFilter$StaticUserFilter) to context hddsDatanode
2020-08-11 10:22:12,218 [Listener at 127.0.0.1/39953] INFO  http.HttpServer2 (HttpServer2.java:addFilter(1003)) - Added filter static_user_filter (class=org.apache.hadoop.http.lib.StaticUserWebFilter$StaticUserFilter) to context logs
2020-08-11 10:22:12,218 [Listener at 127.0.0.1/39953] INFO  http.HttpServer2 (HttpServer2.java:addFilter(1003)) - Added filter static_user_filter (class=org.apache.hadoop.http.lib.StaticUserWebFilter$StaticUserFilter) to context static
2020-08-11 10:22:12,218 [Listener at 127.0.0.1/39953] INFO  http.HttpServer2 (HttpServer2.java:bindListener(1237)) - Jetty bound to port 46313
2020-08-11 10:22:12,219 [Listener at 127.0.0.1/39953] INFO  server.Server (Server.java:doStart(359)) - jetty-9.4.26.v20200117; built: 2020-01-17T12:35:33.676Z; git: 7b38981d25d14afb4a12ff1f2596756144edf695; jvm 1.8.0_232-b09
2020-08-11 10:22:12,220 [Listener at 127.0.0.1/39953] INFO  server.session (DefaultSessionIdManager.java:doStart(333)) - DefaultSessionIdManager workerName=node0
2020-08-11 10:22:12,220 [Listener at 127.0.0.1/39953] INFO  server.session (DefaultSessionIdManager.java:doStart(338)) - No SessionScavenger set, using defaults
2020-08-11 10:22:12,220 [Listener at 127.0.0.1/39953] INFO  server.session (HouseKeeper.java:startScavenging(140)) - node0 Scavenging every 660000ms
2020-08-11 10:22:12,221 [Listener at 127.0.0.1/39953] INFO  handler.ContextHandler (ContextHandler.java:doStart(825)) - Started o.e.j.s.ServletContextHandler@712a6e68{logs,/logs,file:///github/workspace/mnt/ozone/hadoop-ozone/integration-test/target/log,AVAILABLE}
2020-08-11 10:22:12,221 [Listener at 127.0.0.1/39953] INFO  handler.ContextHandler (ContextHandler.java:doStart(825)) - Started o.e.j.s.ServletContextHandler@7e9bb52f{static,/static,jar:file:/home/user/.m2/repository/org/apache/hadoop/hadoop-hdds-container-service/0.6.0-SNAPSHOT/hadoop-hdds-container-service-0.6.0-SNAPSHOT.jar!/webapps/static,AVAILABLE}
2020-08-11 10:22:12,289 [Listener at 127.0.0.1/39953] INFO  handler.ContextHandler (ContextHandler.java:doStart(825)) - Started o.e.j.w.WebAppContext@33966111{hddsDatanode,/,file:///tmp/jetty-0_0_0_0-46313-hadoop-hdds-container-service-0_6_0-SNAPSHOT_jar-_-any-2026426440699939523.dir/webapp/,AVAILABLE}{jar:file:/home/user/.m2/repository/org/apache/hadoop/hadoop-hdds-container-service/0.6.0-SNAPSHOT/hadoop-hdds-container-service-0.6.0-SNAPSHOT.jar!/webapps/hddsDatanode}
2020-08-11 10:22:12,291 [Listener at 127.0.0.1/39953] INFO  server.AbstractConnector (AbstractConnector.java:doStart(330)) - Started ServerConnector@5640a424{HTTP/1.1,[http/1.1]}{0.0.0.0:46313}
2020-08-11 10:22:12,291 [Listener at 127.0.0.1/39953] INFO  server.Server (Server.java:doStart(399)) - Started @155297ms
2020-08-11 10:22:12,291 [Listener at 127.0.0.1/39953] WARN  impl.MetricsSystemImpl (MetricsSystemImpl.java:register(276)) - Sink prometheus already exists!
2020-08-11 10:22:12,296 [Listener at 127.0.0.1/39953] INFO  http.BaseHttpServer (BaseHttpServer.java:updateConnectorAddress(327)) - HTTP server of hddsDatanode listening at http://0.0.0.0:46313
2020-08-11 10:22:12,297 [Listener at 127.0.0.1/39953] INFO  impl.MetricsSystemImpl (MetricsSystemImpl.java:init(158)) - HddsDatanode metrics system started (again)
2020-08-11 10:22:12,299 [Listener at 127.0.0.1/39953] INFO  ozone.HddsDatanodeService (HddsDatanodeService.java:start(217)) - HddsDatanodeService host:5c5695bd1bfd ip:172.17.0.2
2020-08-11 10:22:12,300 [Listener at 127.0.0.1/39953] INFO  volume.HddsVolume (HddsVolume.java:<init>(176)) - Creating Volume: /github/workspace/mnt/ozone/hadoop-ozone/integration-test/target/test-dir/MiniOzoneClusterImpl-8391e218-a55d-4210-9d4e-82a64144cc20/datanode-4/data-0/containers/hdds of storage type : DISK and capacity : 9223372036854775807
2020-08-11 10:22:12,300 [Listener at 127.0.0.1/39953] INFO  volume.MutableVolumeSet (MutableVolumeSet.java:initializeVolumeSet(179)) - Added Volume : /github/workspace/mnt/ozone/hadoop-ozone/integration-test/target/test-dir/MiniOzoneClusterImpl-8391e218-a55d-4210-9d4e-82a64144cc20/datanode-4/data-0/containers/hdds to VolumeSet
2020-08-11 10:22:12,301 [Listener at 127.0.0.1/39953] INFO  volume.ThrottledAsyncChecker (ThrottledAsyncChecker.java:schedule(141)) - Scheduling a check for /github/workspace/mnt/ozone/hadoop-ozone/integration-test/target/test-dir/MiniOzoneClusterImpl-8391e218-a55d-4210-9d4e-82a64144cc20/datanode-4/data-0/containers/hdds
2020-08-11 10:22:12,306 [org.apache.hadoop.util.JvmPauseMonitor$Monitor@c577d47] INFO  util.JvmPauseMonitor (JvmPauseMonitor.java:run(188)) - Starting JVM pause monitor
2020-08-11 10:22:12,306 [Listener at 127.0.0.1/39953] INFO  volume.HddsVolumeChecker (HddsVolumeChecker.java:checkAllVolumes(200)) - Scheduled health check for volume /github/workspace/mnt/ozone/hadoop-ozone/integration-test/target/test-dir/MiniOzoneClusterImpl-8391e218-a55d-4210-9d4e-82a64144cc20/datanode-4/data-0/containers/hdds
2020-08-11 10:22:12,308 [Datanode State Machine Task Thread - 0] INFO  datanode.InitDatanodeState (InitDatanodeState.java:persistContainerDatanodeDetails(145)) - DatanodeDetails is persisted to /github/workspace/mnt/ozone/hadoop-ozone/integration-test/target/test-dir/MiniOzoneClusterImpl-8391e218-a55d-4210-9d4e-82a64144cc20/datanode-3/meta/datanode.id
2020-08-11 10:22:12,319 [Thread-1539] INFO  ozoneimpl.ContainerReader (ContainerReader.java:readVolume(123)) - Start to verify containers on volume /github/workspace/mnt/ozone/hadoop-ozone/integration-test/target/test-dir/MiniOzoneClusterImpl-8391e218-a55d-4210-9d4e-82a64144cc20/datanode-4/data-0/containers/hdds
2020-08-11 10:22:12,319 [Thread-1539] INFO  ozoneimpl.ContainerReader (ContainerReader.java:readVolume(148)) - Finish verifying containers on volume /github/workspace/mnt/ozone/hadoop-ozone/integration-test/target/test-dir/MiniOzoneClusterImpl-8391e218-a55d-4210-9d4e-82a64144cc20/datanode-4/data-0/containers/hdds
2020-08-11 10:22:12,319 [Listener at 127.0.0.1/39953] INFO  ozoneimpl.OzoneContainer (OzoneContainer.java:buildContainerSet(196)) - Build ContainerSet costs 0s
2020-08-11 10:22:12,320 [Listener at 127.0.0.1/39953] INFO  impl.RaftServerProxy (ConfUtils.java:logGet(44)) - raft.rpc.type = GRPC (default)
2020-08-11 10:22:12,321 [Listener at 127.0.0.1/39953] INFO  grpc.GrpcFactory (GrpcFactory.java:checkPooledByteBufAllocatorUseCacheForAllThreads(45)) - PERFORMANCE WARNING: useCacheForAllThreads is true that may cause Netty to create a lot garbage objects and, as a result, trigger GC.
	It is recommended to disable useCacheForAllThreads by setting -Dorg.apache.ratis.thirdparty.io.netty.allocator.useCacheForAllThreads=false in command line.
2020-08-11 10:22:12,321 [Listener at 127.0.0.1/39953] INFO  grpc.GrpcConfigKeys (ConfUtils.java:logGet(44)) - raft.grpc.server.port = 0 (default)
2020-08-11 10:22:12,321 [Listener at 127.0.0.1/39953] INFO  server.GrpcService (ConfUtils.java:logGet(44)) - raft.grpc.message.size.max = 32MB (=33554432) (custom)
2020-08-11 10:22:12,321 [Listener at 127.0.0.1/39953] INFO  server.RaftServerConfigKeys (ConfUtils.java:logGet(44)) - raft.server.log.appender.buffer.byte-limit = 33554432 (custom)
2020-08-11 10:22:12,321 [Listener at 127.0.0.1/39953] INFO  server.GrpcService (ConfUtils.java:logGet(44)) - raft.grpc.flow.control.window = 5MB (=5242880) (custom)
2020-08-11 10:22:12,321 [Listener at 127.0.0.1/39953] INFO  server.RaftServerConfigKeys (ConfUtils.java:logGet(44)) - raft.server.rpc.request.timeout = 3000ms (default)
2020-08-11 10:22:12,322 [Listener at 127.0.0.1/39953] INFO  server.RaftServerConfigKeys (ConfUtils.java:logGet(44)) - raft.server.storage.dir = [/github/workspace/mnt/ozone/hadoop-ozone/integration-test/target/test-dir/MiniOzoneClusterImpl-8391e218-a55d-4210-9d4e-82a64144cc20/datanode-4/data/ratis] (custom)
2020-08-11 10:22:12,329 [Listener at 127.0.0.1/39953] INFO  http.BaseHttpServer (BaseHttpServer.java:newHttpServer2BuilderForOzone(207)) - Starting Web-server for hddsDatanode at: http://0.0.0.0:0
2020-08-11 10:22:12,329 [Listener at 127.0.0.1/39953] INFO  http.BaseHttpServer (BaseHttpServer.java:<init>(106)) - Hadoop Security Enabled: false Ozone Security Enabled: false Ozone HTTP Security Enabled: false 
2020-08-11 10:22:12,330 [Listener at 127.0.0.1/39953] INFO  server.AuthenticationFilter (AuthenticationFilter.java:constructSecretProvider(240)) - Unable to initialize FileSignerSecretProvider, falling back to use random secrets.
2020-08-11 10:22:12,330 [Listener at 127.0.0.1/39953] WARN  http.HttpRequestLog (HttpRequestLog.java:getRequestLog(103)) - Jetty request log can only be enabled using Log4j
2020-08-11 10:22:12,331 [Listener at 127.0.0.1/39953] INFO  http.HttpServer2 (HttpServer2.java:addGlobalFilter(1019)) - Added global filter 'safety' (class=org.apache.hadoop.hdds.server.http.HttpServer2$QuotingInputFilter)
2020-08-11 10:22:12,331 [Listener at 127.0.0.1/39953] INFO  http.HttpServer2 (HttpServer2.java:addFilter(995)) - Added filter static_user_filter (class=org.apache.hadoop.http.lib.StaticUserWebFilter$StaticUserFilter) to context hddsDatanode
2020-08-11 10:22:12,332 [Listener at 127.0.0.1/39953] INFO  http.HttpServer2 (HttpServer2.java:addFilter(1003)) - Added filter static_user_filter (class=org.apache.hadoop.http.lib.StaticUserWebFilter$StaticUserFilter) to context logs
2020-08-11 10:22:12,332 [Listener at 127.0.0.1/39953] INFO  http.HttpServer2 (HttpServer2.java:addFilter(1003)) - Added filter static_user_filter (class=org.apache.hadoop.http.lib.StaticUserWebFilter$StaticUserFilter) to context static
2020-08-11 10:22:12,332 [Listener at 127.0.0.1/39953] INFO  http.HttpServer2 (HttpServer2.java:bindListener(1237)) - Jetty bound to port 45861
2020-08-11 10:22:12,332 [Listener at 127.0.0.1/39953] INFO  server.Server (Server.java:doStart(359)) - jetty-9.4.26.v20200117; built: 2020-01-17T12:35:33.676Z; git: 7b38981d25d14afb4a12ff1f2596756144edf695; jvm 1.8.0_232-b09
2020-08-11 10:22:12,335 [Listener at 127.0.0.1/39953] INFO  server.session (DefaultSessionIdManager.java:doStart(333)) - DefaultSessionIdManager workerName=node0
2020-08-11 10:22:12,335 [Listener at 127.0.0.1/39953] INFO  server.session (DefaultSessionIdManager.java:doStart(338)) - No SessionScavenger set, using defaults
2020-08-11 10:22:12,336 [Listener at 127.0.0.1/39953] INFO  server.session (HouseKeeper.java:startScavenging(140)) - node0 Scavenging every 600000ms
2020-08-11 10:22:12,343 [Listener at 127.0.0.1/39953] INFO  handler.ContextHandler (ContextHandler.java:doStart(825)) - Started o.e.j.s.ServletContextHandler@23368646{logs,/logs,file:///github/workspace/mnt/ozone/hadoop-ozone/integration-test/target/log,AVAILABLE}
2020-08-11 10:22:12,343 [Listener at 127.0.0.1/39953] INFO  handler.ContextHandler (ContextHandler.java:doStart(825)) - Started o.e.j.s.ServletContextHandler@5882ff51{static,/static,jar:file:/home/user/.m2/repository/org/apache/hadoop/hadoop-hdds-container-service/0.6.0-SNAPSHOT/hadoop-hdds-container-service-0.6.0-SNAPSHOT.jar!/webapps/static,AVAILABLE}
2020-08-11 10:22:12,419 [Listener at 127.0.0.1/39953] INFO  handler.ContextHandler (ContextHandler.java:doStart(825)) - Started o.e.j.w.WebAppContext@3b9bfa09{hddsDatanode,/,file:///tmp/jetty-0_0_0_0-45861-hadoop-hdds-container-service-0_6_0-SNAPSHOT_jar-_-any-7007236817660791288.dir/webapp/,AVAILABLE}{jar:file:/home/user/.m2/repository/org/apache/hadoop/hadoop-hdds-container-service/0.6.0-SNAPSHOT/hadoop-hdds-container-service-0.6.0-SNAPSHOT.jar!/webapps/hddsDatanode}
2020-08-11 10:22:12,422 [Listener at 127.0.0.1/39953] INFO  server.AbstractConnector (AbstractConnector.java:doStart(330)) - Started ServerConnector@46cd3592{HTTP/1.1,[http/1.1]}{0.0.0.0:45861}
2020-08-11 10:22:12,423 [Listener at 127.0.0.1/39953] INFO  server.Server (Server.java:doStart(399)) - Started @155429ms
2020-08-11 10:22:12,423 [Listener at 127.0.0.1/39953] WARN  impl.MetricsSystemImpl (MetricsSystemImpl.java:register(276)) - Sink prometheus already exists!
2020-08-11 10:22:12,430 [Listener at 127.0.0.1/39953] INFO  http.BaseHttpServer (BaseHttpServer.java:updateConnectorAddress(327)) - HTTP server of hddsDatanode listening at http://0.0.0.0:45861
2020-08-11 10:22:12,431 [Listener at 127.0.0.1/39953] INFO  impl.MetricsSystemImpl (MetricsSystemImpl.java:init(158)) - HddsDatanode metrics system started (again)
2020-08-11 10:22:12,433 [Listener at 127.0.0.1/39953] INFO  ozone.HddsDatanodeService (HddsDatanodeService.java:start(217)) - HddsDatanodeService host:5c5695bd1bfd ip:172.17.0.2
2020-08-11 10:22:12,434 [Listener at 127.0.0.1/39953] INFO  volume.HddsVolume (HddsVolume.java:<init>(176)) - Creating Volume: /github/workspace/mnt/ozone/hadoop-ozone/integration-test/target/test-dir/MiniOzoneClusterImpl-8391e218-a55d-4210-9d4e-82a64144cc20/datanode-5/data-0/containers/hdds of storage type : DISK and capacity : 9223372036854775807
2020-08-11 10:22:12,434 [Listener at 127.0.0.1/39953] INFO  volume.MutableVolumeSet (MutableVolumeSet.java:initializeVolumeSet(179)) - Added Volume : /github/workspace/mnt/ozone/hadoop-ozone/integration-test/target/test-dir/MiniOzoneClusterImpl-8391e218-a55d-4210-9d4e-82a64144cc20/datanode-5/data-0/containers/hdds to VolumeSet
2020-08-11 10:22:12,434 [Listener at 127.0.0.1/39953] INFO  volume.ThrottledAsyncChecker (ThrottledAsyncChecker.java:schedule(141)) - Scheduling a check for /github/workspace/mnt/ozone/hadoop-ozone/integration-test/target/test-dir/MiniOzoneClusterImpl-8391e218-a55d-4210-9d4e-82a64144cc20/datanode-5/data-0/containers/hdds
2020-08-11 10:22:12,435 [Listener at 127.0.0.1/39953] INFO  volume.HddsVolumeChecker (HddsVolumeChecker.java:checkAllVolumes(200)) - Scheduled health check for volume /github/workspace/mnt/ozone/hadoop-ozone/integration-test/target/test-dir/MiniOzoneClusterImpl-8391e218-a55d-4210-9d4e-82a64144cc20/datanode-5/data-0/containers/hdds
2020-08-11 10:22:12,436 [org.apache.hadoop.util.JvmPauseMonitor$Monitor@564c94a5] INFO  util.JvmPauseMonitor (JvmPauseMonitor.java:run(188)) - Starting JVM pause monitor
2020-08-11 10:22:12,439 [Datanode State Machine Task Thread - 0] INFO  datanode.InitDatanodeState (InitDatanodeState.java:persistContainerDatanodeDetails(145)) - DatanodeDetails is persisted to /github/workspace/mnt/ozone/hadoop-ozone/integration-test/target/test-dir/MiniOzoneClusterImpl-8391e218-a55d-4210-9d4e-82a64144cc20/datanode-4/meta/datanode.id
2020-08-11 10:22:12,448 [Thread-1550] INFO  ozoneimpl.ContainerReader (ContainerReader.java:readVolume(123)) - Start to verify containers on volume /github/workspace/mnt/ozone/hadoop-ozone/integration-test/target/test-dir/MiniOzoneClusterImpl-8391e218-a55d-4210-9d4e-82a64144cc20/datanode-5/data-0/containers/hdds
2020-08-11 10:22:12,448 [Thread-1550] INFO  ozoneimpl.ContainerReader (ContainerReader.java:readVolume(148)) - Finish verifying containers on volume /github/workspace/mnt/ozone/hadoop-ozone/integration-test/target/test-dir/MiniOzoneClusterImpl-8391e218-a55d-4210-9d4e-82a64144cc20/datanode-5/data-0/containers/hdds
2020-08-11 10:22:12,448 [Listener at 127.0.0.1/39953] INFO  ozoneimpl.OzoneContainer (OzoneContainer.java:buildContainerSet(196)) - Build ContainerSet costs 0s
2020-08-11 10:22:12,449 [Listener at 127.0.0.1/39953] INFO  impl.RaftServerProxy (ConfUtils.java:logGet(44)) - raft.rpc.type = GRPC (default)
2020-08-11 10:22:12,450 [Listener at 127.0.0.1/39953] INFO  grpc.GrpcFactory (GrpcFactory.java:checkPooledByteBufAllocatorUseCacheForAllThreads(45)) - PERFORMANCE WARNING: useCacheForAllThreads is true that may cause Netty to create a lot garbage objects and, as a result, trigger GC.
	It is recommended to disable useCacheForAllThreads by setting -Dorg.apache.ratis.thirdparty.io.netty.allocator.useCacheForAllThreads=false in command line.
2020-08-11 10:22:12,450 [Listener at 127.0.0.1/39953] INFO  grpc.GrpcConfigKeys (ConfUtils.java:logGet(44)) - raft.grpc.server.port = 0 (default)
2020-08-11 10:22:12,450 [Listener at 127.0.0.1/39953] INFO  server.GrpcService (ConfUtils.java:logGet(44)) - raft.grpc.message.size.max = 32MB (=33554432) (custom)
2020-08-11 10:22:12,450 [Listener at 127.0.0.1/39953] INFO  server.RaftServerConfigKeys (ConfUtils.java:logGet(44)) - raft.server.log.appender.buffer.byte-limit = 33554432 (custom)
2020-08-11 10:22:12,450 [Listener at 127.0.0.1/39953] INFO  server.GrpcService (ConfUtils.java:logGet(44)) - raft.grpc.flow.control.window = 5MB (=5242880) (custom)
2020-08-11 10:22:12,450 [Listener at 127.0.0.1/39953] INFO  server.RaftServerConfigKeys (ConfUtils.java:logGet(44)) - raft.server.rpc.request.timeout = 3000ms (default)
2020-08-11 10:22:12,451 [Listener at 127.0.0.1/39953] INFO  server.RaftServerConfigKeys (ConfUtils.java:logGet(44)) - raft.server.storage.dir = [/github/workspace/mnt/ozone/hadoop-ozone/integration-test/target/test-dir/MiniOzoneClusterImpl-8391e218-a55d-4210-9d4e-82a64144cc20/datanode-5/data/ratis] (custom)
2020-08-11 10:22:12,459 [Listener at 127.0.0.1/39953] INFO  http.BaseHttpServer (BaseHttpServer.java:newHttpServer2BuilderForOzone(207)) - Starting Web-server for hddsDatanode at: http://0.0.0.0:0
2020-08-11 10:22:12,459 [Listener at 127.0.0.1/39953] INFO  http.BaseHttpServer (BaseHttpServer.java:<init>(106)) - Hadoop Security Enabled: false Ozone Security Enabled: false Ozone HTTP Security Enabled: false 
2020-08-11 10:22:12,460 [Listener at 127.0.0.1/39953] INFO  server.AuthenticationFilter (AuthenticationFilter.java:constructSecretProvider(240)) - Unable to initialize FileSignerSecretProvider, falling back to use random secrets.
2020-08-11 10:22:12,460 [Listener at 127.0.0.1/39953] WARN  http.HttpRequestLog (HttpRequestLog.java:getRequestLog(103)) - Jetty request log can only be enabled using Log4j
2020-08-11 10:22:12,461 [Listener at 127.0.0.1/39953] INFO  http.HttpServer2 (HttpServer2.java:addGlobalFilter(1019)) - Added global filter 'safety' (class=org.apache.hadoop.hdds.server.http.HttpServer2$QuotingInputFilter)
2020-08-11 10:22:12,461 [Listener at 127.0.0.1/39953] INFO  http.HttpServer2 (HttpServer2.java:addFilter(995)) - Added filter static_user_filter (class=org.apache.hadoop.http.lib.StaticUserWebFilter$StaticUserFilter) to context hddsDatanode
2020-08-11 10:22:12,461 [Listener at 127.0.0.1/39953] INFO  http.HttpServer2 (HttpServer2.java:addFilter(1003)) - Added filter static_user_filter (class=org.apache.hadoop.http.lib.StaticUserWebFilter$StaticUserFilter) to context logs
2020-08-11 10:22:12,461 [Listener at 127.0.0.1/39953] INFO  http.HttpServer2 (HttpServer2.java:addFilter(1003)) - Added filter static_user_filter (class=org.apache.hadoop.http.lib.StaticUserWebFilter$StaticUserFilter) to context static
2020-08-11 10:22:12,462 [Listener at 127.0.0.1/39953] INFO  http.HttpServer2 (HttpServer2.java:bindListener(1237)) - Jetty bound to port 42089
2020-08-11 10:22:12,462 [Listener at 127.0.0.1/39953] INFO  server.Server (Server.java:doStart(359)) - jetty-9.4.26.v20200117; built: 2020-01-17T12:35:33.676Z; git: 7b38981d25d14afb4a12ff1f2596756144edf695; jvm 1.8.0_232-b09
2020-08-11 10:22:12,463 [Listener at 127.0.0.1/39953] INFO  server.session (DefaultSessionIdManager.java:doStart(333)) - DefaultSessionIdManager workerName=node0
2020-08-11 10:22:12,463 [Listener at 127.0.0.1/39953] INFO  server.session (DefaultSessionIdManager.java:doStart(338)) - No SessionScavenger set, using defaults
2020-08-11 10:22:12,464 [Listener at 127.0.0.1/39953] INFO  server.session (HouseKeeper.java:startScavenging(140)) - node0 Scavenging every 600000ms
2020-08-11 10:22:12,464 [Listener at 127.0.0.1/39953] INFO  handler.ContextHandler (ContextHandler.java:doStart(825)) - Started o.e.j.s.ServletContextHandler@2ae56ac6{logs,/logs,file:///github/workspace/mnt/ozone/hadoop-ozone/integration-test/target/log,AVAILABLE}
2020-08-11 10:22:12,464 [Listener at 127.0.0.1/39953] INFO  handler.ContextHandler (ContextHandler.java:doStart(825)) - Started o.e.j.s.ServletContextHandler@2d7d92a7{static,/static,jar:file:/home/user/.m2/repository/org/apache/hadoop/hadoop-hdds-container-service/0.6.0-SNAPSHOT/hadoop-hdds-container-service-0.6.0-SNAPSHOT.jar!/webapps/static,AVAILABLE}
2020-08-11 10:22:12,538 [Listener at 127.0.0.1/39953] INFO  handler.ContextHandler (ContextHandler.java:doStart(825)) - Started o.e.j.w.WebAppContext@3330bdd1{hddsDatanode,/,file:///tmp/jetty-0_0_0_0-42089-hadoop-hdds-container-service-0_6_0-SNAPSHOT_jar-_-any-1287870000684966685.dir/webapp/,AVAILABLE}{jar:file:/home/user/.m2/repository/org/apache/hadoop/hadoop-hdds-container-service/0.6.0-SNAPSHOT/hadoop-hdds-container-service-0.6.0-SNAPSHOT.jar!/webapps/hddsDatanode}
2020-08-11 10:22:12,542 [Listener at 127.0.0.1/39953] INFO  server.AbstractConnector (AbstractConnector.java:doStart(330)) - Started ServerConnector@62c732d2{HTTP/1.1,[http/1.1]}{0.0.0.0:42089}
2020-08-11 10:22:12,542 [Listener at 127.0.0.1/39953] INFO  server.Server (Server.java:doStart(399)) - Started @155548ms
2020-08-11 10:22:12,542 [Listener at 127.0.0.1/39953] WARN  impl.MetricsSystemImpl (MetricsSystemImpl.java:register(276)) - Sink prometheus already exists!
2020-08-11 10:22:12,547 [Listener at 127.0.0.1/39953] INFO  http.BaseHttpServer (BaseHttpServer.java:updateConnectorAddress(327)) - HTTP server of hddsDatanode listening at http://0.0.0.0:42089
2020-08-11 10:22:12,549 [Listener at 127.0.0.1/39953] INFO  impl.MetricsSystemImpl (MetricsSystemImpl.java:init(158)) - HddsDatanode metrics system started (again)
2020-08-11 10:22:12,551 [Listener at 127.0.0.1/39953] INFO  ozone.HddsDatanodeService (HddsDatanodeService.java:start(217)) - HddsDatanodeService host:5c5695bd1bfd ip:172.17.0.2
2020-08-11 10:22:12,554 [org.apache.hadoop.util.JvmPauseMonitor$Monitor@1fef62ca] INFO  util.JvmPauseMonitor (JvmPauseMonitor.java:run(188)) - Starting JVM pause monitor
2020-08-11 10:22:12,555 [Datanode State Machine Task Thread - 0] INFO  datanode.InitDatanodeState (InitDatanodeState.java:persistContainerDatanodeDetails(145)) - DatanodeDetails is persisted to /github/workspace/mnt/ozone/hadoop-ozone/integration-test/target/test-dir/MiniOzoneClusterImpl-8391e218-a55d-4210-9d4e-82a64144cc20/datanode-5/meta/datanode.id
2020-08-11 10:22:12,558 [Listener at 127.0.0.1/39953] INFO  volume.HddsVolume (HddsVolume.java:<init>(176)) - Creating Volume: /github/workspace/mnt/ozone/hadoop-ozone/integration-test/target/test-dir/MiniOzoneClusterImpl-8391e218-a55d-4210-9d4e-82a64144cc20/datanode-6/data-0/containers/hdds of storage type : DISK and capacity : 9223372036854775807
2020-08-11 10:22:12,558 [Listener at 127.0.0.1/39953] INFO  volume.MutableVolumeSet (MutableVolumeSet.java:initializeVolumeSet(179)) - Added Volume : /github/workspace/mnt/ozone/hadoop-ozone/integration-test/target/test-dir/MiniOzoneClusterImpl-8391e218-a55d-4210-9d4e-82a64144cc20/datanode-6/data-0/containers/hdds to VolumeSet
2020-08-11 10:22:12,559 [Listener at 127.0.0.1/39953] INFO  volume.ThrottledAsyncChecker (ThrottledAsyncChecker.java:schedule(141)) - Scheduling a check for /github/workspace/mnt/ozone/hadoop-ozone/integration-test/target/test-dir/MiniOzoneClusterImpl-8391e218-a55d-4210-9d4e-82a64144cc20/datanode-6/data-0/containers/hdds
2020-08-11 10:22:12,559 [Listener at 127.0.0.1/39953] INFO  volume.HddsVolumeChecker (HddsVolumeChecker.java:checkAllVolumes(200)) - Scheduled health check for volume /github/workspace/mnt/ozone/hadoop-ozone/integration-test/target/test-dir/MiniOzoneClusterImpl-8391e218-a55d-4210-9d4e-82a64144cc20/datanode-6/data-0/containers/hdds
2020-08-11 10:22:12,571 [Thread-1561] INFO  ozoneimpl.ContainerReader (ContainerReader.java:readVolume(123)) - Start to verify containers on volume /github/workspace/mnt/ozone/hadoop-ozone/integration-test/target/test-dir/MiniOzoneClusterImpl-8391e218-a55d-4210-9d4e-82a64144cc20/datanode-6/data-0/containers/hdds
2020-08-11 10:22:12,571 [Thread-1561] INFO  ozoneimpl.ContainerReader (ContainerReader.java:readVolume(148)) - Finish verifying containers on volume /github/workspace/mnt/ozone/hadoop-ozone/integration-test/target/test-dir/MiniOzoneClusterImpl-8391e218-a55d-4210-9d4e-82a64144cc20/datanode-6/data-0/containers/hdds
2020-08-11 10:22:12,571 [Listener at 127.0.0.1/39953] INFO  ozoneimpl.OzoneContainer (OzoneContainer.java:buildContainerSet(196)) - Build ContainerSet costs 0s
2020-08-11 10:22:12,572 [Listener at 127.0.0.1/39953] INFO  impl.RaftServerProxy (ConfUtils.java:logGet(44)) - raft.rpc.type = GRPC (default)
2020-08-11 10:22:12,572 [Listener at 127.0.0.1/39953] INFO  grpc.GrpcFactory (GrpcFactory.java:checkPooledByteBufAllocatorUseCacheForAllThreads(45)) - PERFORMANCE WARNING: useCacheForAllThreads is true that may cause Netty to create a lot garbage objects and, as a result, trigger GC.
	It is recommended to disable useCacheForAllThreads by setting -Dorg.apache.ratis.thirdparty.io.netty.allocator.useCacheForAllThreads=false in command line.
2020-08-11 10:22:12,572 [Listener at 127.0.0.1/39953] INFO  grpc.GrpcConfigKeys (ConfUtils.java:logGet(44)) - raft.grpc.server.port = 0 (default)
2020-08-11 10:22:12,573 [Listener at 127.0.0.1/39953] INFO  server.GrpcService (ConfUtils.java:logGet(44)) - raft.grpc.message.size.max = 32MB (=33554432) (custom)
2020-08-11 10:22:12,573 [Listener at 127.0.0.1/39953] INFO  server.RaftServerConfigKeys (ConfUtils.java:logGet(44)) - raft.server.log.appender.buffer.byte-limit = 33554432 (custom)
2020-08-11 10:22:12,573 [Listener at 127.0.0.1/39953] INFO  server.GrpcService (ConfUtils.java:logGet(44)) - raft.grpc.flow.control.window = 5MB (=5242880) (custom)
2020-08-11 10:22:12,573 [Listener at 127.0.0.1/39953] INFO  server.RaftServerConfigKeys (ConfUtils.java:logGet(44)) - raft.server.rpc.request.timeout = 3000ms (default)
2020-08-11 10:22:12,574 [Listener at 127.0.0.1/39953] INFO  server.RaftServerConfigKeys (ConfUtils.java:logGet(44)) - raft.server.storage.dir = [/github/workspace/mnt/ozone/hadoop-ozone/integration-test/target/test-dir/MiniOzoneClusterImpl-8391e218-a55d-4210-9d4e-82a64144cc20/datanode-6/data/ratis] (custom)
2020-08-11 10:22:12,580 [Listener at 127.0.0.1/39953] INFO  http.BaseHttpServer (BaseHttpServer.java:newHttpServer2BuilderForOzone(207)) - Starting Web-server for hddsDatanode at: http://0.0.0.0:0
2020-08-11 10:22:12,581 [Listener at 127.0.0.1/39953] INFO  http.BaseHttpServer (BaseHttpServer.java:<init>(106)) - Hadoop Security Enabled: false Ozone Security Enabled: false Ozone HTTP Security Enabled: false 
2020-08-11 10:22:12,587 [Listener at 127.0.0.1/39953] INFO  server.AuthenticationFilter (AuthenticationFilter.java:constructSecretProvider(240)) - Unable to initialize FileSignerSecretProvider, falling back to use random secrets.
2020-08-11 10:22:12,587 [Listener at 127.0.0.1/39953] WARN  http.HttpRequestLog (HttpRequestLog.java:getRequestLog(103)) - Jetty request log can only be enabled using Log4j
2020-08-11 10:22:12,588 [Listener at 127.0.0.1/39953] INFO  http.HttpServer2 (HttpServer2.java:addGlobalFilter(1019)) - Added global filter 'safety' (class=org.apache.hadoop.hdds.server.http.HttpServer2$QuotingInputFilter)
2020-08-11 10:22:12,588 [Listener at 127.0.0.1/39953] INFO  http.HttpServer2 (HttpServer2.java:addFilter(995)) - Added filter static_user_filter (class=org.apache.hadoop.http.lib.StaticUserWebFilter$StaticUserFilter) to context hddsDatanode
2020-08-11 10:22:12,588 [Listener at 127.0.0.1/39953] INFO  http.HttpServer2 (HttpServer2.java:addFilter(1003)) - Added filter static_user_filter (class=org.apache.hadoop.http.lib.StaticUserWebFilter$StaticUserFilter) to context static
2020-08-11 10:22:12,589 [Listener at 127.0.0.1/39953] INFO  http.HttpServer2 (HttpServer2.java:addFilter(1003)) - Added filter static_user_filter (class=org.apache.hadoop.http.lib.StaticUserWebFilter$StaticUserFilter) to context logs
2020-08-11 10:22:12,589 [Listener at 127.0.0.1/39953] INFO  http.HttpServer2 (HttpServer2.java:bindListener(1237)) - Jetty bound to port 39713
2020-08-11 10:22:12,589 [Listener at 127.0.0.1/39953] INFO  server.Server (Server.java:doStart(359)) - jetty-9.4.26.v20200117; built: 2020-01-17T12:35:33.676Z; git: 7b38981d25d14afb4a12ff1f2596756144edf695; jvm 1.8.0_232-b09
2020-08-11 10:22:12,592 [Listener at 127.0.0.1/39953] INFO  server.session (DefaultSessionIdManager.java:doStart(333)) - DefaultSessionIdManager workerName=node0
2020-08-11 10:22:12,592 [Listener at 127.0.0.1/39953] INFO  server.session (DefaultSessionIdManager.java:doStart(338)) - No SessionScavenger set, using defaults
2020-08-11 10:22:12,592 [Listener at 127.0.0.1/39953] INFO  server.session (HouseKeeper.java:startScavenging(140)) - node0 Scavenging every 660000ms
2020-08-11 10:22:12,592 [Listener at 127.0.0.1/39953] INFO  handler.ContextHandler (ContextHandler.java:doStart(825)) - Started o.e.j.s.ServletContextHandler@5f7a911f{logs,/logs,file:///github/workspace/mnt/ozone/hadoop-ozone/integration-test/target/log,AVAILABLE}
2020-08-11 10:22:12,593 [Listener at 127.0.0.1/39953] INFO  handler.ContextHandler (ContextHandler.java:doStart(825)) - Started o.e.j.s.ServletContextHandler@52ebb73a{static,/static,jar:file:/home/user/.m2/repository/org/apache/hadoop/hadoop-hdds-container-service/0.6.0-SNAPSHOT/hadoop-hdds-container-service-0.6.0-SNAPSHOT.jar!/webapps/static,AVAILABLE}
2020-08-11 10:22:12,664 [Listener at 127.0.0.1/39953] INFO  handler.ContextHandler (ContextHandler.java:doStart(825)) - Started o.e.j.w.WebAppContext@5b152082{hddsDatanode,/,file:///tmp/jetty-0_0_0_0-39713-hadoop-hdds-container-service-0_6_0-SNAPSHOT_jar-_-any-2765907962198168863.dir/webapp/,AVAILABLE}{jar:file:/home/user/.m2/repository/org/apache/hadoop/hadoop-hdds-container-service/0.6.0-SNAPSHOT/hadoop-hdds-container-service-0.6.0-SNAPSHOT.jar!/webapps/hddsDatanode}
2020-08-11 10:22:12,666 [Listener at 127.0.0.1/39953] INFO  server.AbstractConnector (AbstractConnector.java:doStart(330)) - Started ServerConnector@52bf434b{HTTP/1.1,[http/1.1]}{0.0.0.0:39713}
2020-08-11 10:22:12,666 [Listener at 127.0.0.1/39953] INFO  server.Server (Server.java:doStart(399)) - Started @155672ms
2020-08-11 10:22:12,666 [Listener at 127.0.0.1/39953] WARN  impl.MetricsSystemImpl (MetricsSystemImpl.java:register(276)) - Sink prometheus already exists!
2020-08-11 10:22:12,671 [Listener at 127.0.0.1/39953] INFO  http.BaseHttpServer (BaseHttpServer.java:updateConnectorAddress(327)) - HTTP server of hddsDatanode listening at http://0.0.0.0:39713
2020-08-11 10:22:12,677 [Listener at 127.0.0.1/39953] INFO  impl.MetricsSystemImpl (MetricsSystemImpl.java:init(158)) - HddsDatanode metrics system started (again)
2020-08-11 10:22:12,679 [Listener at 127.0.0.1/39953] INFO  ozone.HddsDatanodeService (HddsDatanodeService.java:start(217)) - HddsDatanodeService host:5c5695bd1bfd ip:172.17.0.2
2020-08-11 10:22:12,683 [org.apache.hadoop.util.JvmPauseMonitor$Monitor@2e57b193] INFO  util.JvmPauseMonitor (JvmPauseMonitor.java:run(188)) - Starting JVM pause monitor
2020-08-11 10:22:12,683 [Listener at 127.0.0.1/39953] INFO  volume.HddsVolume (HddsVolume.java:<init>(176)) - Creating Volume: /github/workspace/mnt/ozone/hadoop-ozone/integration-test/target/test-dir/MiniOzoneClusterImpl-8391e218-a55d-4210-9d4e-82a64144cc20/datanode-7/data-0/containers/hdds of storage type : DISK and capacity : 9223372036854775807
2020-08-11 10:22:12,683 [Listener at 127.0.0.1/39953] INFO  volume.MutableVolumeSet (MutableVolumeSet.java:initializeVolumeSet(179)) - Added Volume : /github/workspace/mnt/ozone/hadoop-ozone/integration-test/target/test-dir/MiniOzoneClusterImpl-8391e218-a55d-4210-9d4e-82a64144cc20/datanode-7/data-0/containers/hdds to VolumeSet
2020-08-11 10:22:12,684 [Listener at 127.0.0.1/39953] INFO  volume.ThrottledAsyncChecker (ThrottledAsyncChecker.java:schedule(141)) - Scheduling a check for /github/workspace/mnt/ozone/hadoop-ozone/integration-test/target/test-dir/MiniOzoneClusterImpl-8391e218-a55d-4210-9d4e-82a64144cc20/datanode-7/data-0/containers/hdds
2020-08-11 10:22:12,686 [Datanode State Machine Task Thread - 0] INFO  datanode.InitDatanodeState (InitDatanodeState.java:persistContainerDatanodeDetails(145)) - DatanodeDetails is persisted to /github/workspace/mnt/ozone/hadoop-ozone/integration-test/target/test-dir/MiniOzoneClusterImpl-8391e218-a55d-4210-9d4e-82a64144cc20/datanode-6/meta/datanode.id
2020-08-11 10:22:12,686 [Listener at 127.0.0.1/39953] INFO  volume.HddsVolumeChecker (HddsVolumeChecker.java:checkAllVolumes(200)) - Scheduled health check for volume /github/workspace/mnt/ozone/hadoop-ozone/integration-test/target/test-dir/MiniOzoneClusterImpl-8391e218-a55d-4210-9d4e-82a64144cc20/datanode-7/data-0/containers/hdds
2020-08-11 10:22:12,699 [Thread-1572] INFO  ozoneimpl.ContainerReader (ContainerReader.java:readVolume(123)) - Start to verify containers on volume /github/workspace/mnt/ozone/hadoop-ozone/integration-test/target/test-dir/MiniOzoneClusterImpl-8391e218-a55d-4210-9d4e-82a64144cc20/datanode-7/data-0/containers/hdds
2020-08-11 10:22:12,699 [Thread-1572] INFO  ozoneimpl.ContainerReader (ContainerReader.java:readVolume(148)) - Finish verifying containers on volume /github/workspace/mnt/ozone/hadoop-ozone/integration-test/target/test-dir/MiniOzoneClusterImpl-8391e218-a55d-4210-9d4e-82a64144cc20/datanode-7/data-0/containers/hdds
2020-08-11 10:22:12,700 [Listener at 127.0.0.1/39953] INFO  ozoneimpl.OzoneContainer (OzoneContainer.java:buildContainerSet(196)) - Build ContainerSet costs 0s
2020-08-11 10:22:12,701 [Listener at 127.0.0.1/39953] INFO  impl.RaftServerProxy (ConfUtils.java:logGet(44)) - raft.rpc.type = GRPC (default)
2020-08-11 10:22:12,701 [Listener at 127.0.0.1/39953] INFO  grpc.GrpcFactory (GrpcFactory.java:checkPooledByteBufAllocatorUseCacheForAllThreads(45)) - PERFORMANCE WARNING: useCacheForAllThreads is true that may cause Netty to create a lot garbage objects and, as a result, trigger GC.
	It is recommended to disable useCacheForAllThreads by setting -Dorg.apache.ratis.thirdparty.io.netty.allocator.useCacheForAllThreads=false in command line.
2020-08-11 10:22:12,701 [Listener at 127.0.0.1/39953] INFO  grpc.GrpcConfigKeys (ConfUtils.java:logGet(44)) - raft.grpc.server.port = 0 (default)
2020-08-11 10:22:12,702 [Listener at 127.0.0.1/39953] INFO  server.GrpcService (ConfUtils.java:logGet(44)) - raft.grpc.message.size.max = 32MB (=33554432) (custom)
2020-08-11 10:22:12,702 [Listener at 127.0.0.1/39953] INFO  server.RaftServerConfigKeys (ConfUtils.java:logGet(44)) - raft.server.log.appender.buffer.byte-limit = 33554432 (custom)
2020-08-11 10:22:12,702 [Listener at 127.0.0.1/39953] INFO  server.GrpcService (ConfUtils.java:logGet(44)) - raft.grpc.flow.control.window = 5MB (=5242880) (custom)
2020-08-11 10:22:12,702 [Listener at 127.0.0.1/39953] INFO  server.RaftServerConfigKeys (ConfUtils.java:logGet(44)) - raft.server.rpc.request.timeout = 3000ms (default)
2020-08-11 10:22:12,703 [Listener at 127.0.0.1/39953] INFO  server.RaftServerConfigKeys (ConfUtils.java:logGet(44)) - raft.server.storage.dir = [/github/workspace/mnt/ozone/hadoop-ozone/integration-test/target/test-dir/MiniOzoneClusterImpl-8391e218-a55d-4210-9d4e-82a64144cc20/datanode-7/data/ratis] (custom)
2020-08-11 10:22:12,709 [Listener at 127.0.0.1/39953] INFO  http.BaseHttpServer (BaseHttpServer.java:newHttpServer2BuilderForOzone(207)) - Starting Web-server for hddsDatanode at: http://0.0.0.0:0
2020-08-11 10:22:12,709 [Listener at 127.0.0.1/39953] INFO  http.BaseHttpServer (BaseHttpServer.java:<init>(106)) - Hadoop Security Enabled: false Ozone Security Enabled: false Ozone HTTP Security Enabled: false 
2020-08-11 10:22:12,710 [Listener at 127.0.0.1/39953] INFO  server.AuthenticationFilter (AuthenticationFilter.java:constructSecretProvider(240)) - Unable to initialize FileSignerSecretProvider, falling back to use random secrets.
2020-08-11 10:22:12,710 [Listener at 127.0.0.1/39953] WARN  http.HttpRequestLog (HttpRequestLog.java:getRequestLog(103)) - Jetty request log can only be enabled using Log4j
2020-08-11 10:22:12,712 [Listener at 127.0.0.1/39953] INFO  http.HttpServer2 (HttpServer2.java:addGlobalFilter(1019)) - Added global filter 'safety' (class=org.apache.hadoop.hdds.server.http.HttpServer2$QuotingInputFilter)
2020-08-11 10:22:12,712 [Listener at 127.0.0.1/39953] INFO  http.HttpServer2 (HttpServer2.java:addFilter(995)) - Added filter static_user_filter (class=org.apache.hadoop.http.lib.StaticUserWebFilter$StaticUserFilter) to context hddsDatanode
2020-08-11 10:22:12,713 [Listener at 127.0.0.1/39953] INFO  http.HttpServer2 (HttpServer2.java:addFilter(1003)) - Added filter static_user_filter (class=org.apache.hadoop.http.lib.StaticUserWebFilter$StaticUserFilter) to context logs
2020-08-11 10:22:12,713 [Listener at 127.0.0.1/39953] INFO  http.HttpServer2 (HttpServer2.java:addFilter(1003)) - Added filter static_user_filter (class=org.apache.hadoop.http.lib.StaticUserWebFilter$StaticUserFilter) to context static
2020-08-11 10:22:12,713 [Listener at 127.0.0.1/39953] INFO  http.HttpServer2 (HttpServer2.java:bindListener(1237)) - Jetty bound to port 39827
2020-08-11 10:22:12,713 [Listener at 127.0.0.1/39953] INFO  server.Server (Server.java:doStart(359)) - jetty-9.4.26.v20200117; built: 2020-01-17T12:35:33.676Z; git: 7b38981d25d14afb4a12ff1f2596756144edf695; jvm 1.8.0_232-b09
2020-08-11 10:22:12,715 [Listener at 127.0.0.1/39953] INFO  server.session (DefaultSessionIdManager.java:doStart(333)) - DefaultSessionIdManager workerName=node0
2020-08-11 10:22:12,715 [Listener at 127.0.0.1/39953] INFO  server.session (DefaultSessionIdManager.java:doStart(338)) - No SessionScavenger set, using defaults
2020-08-11 10:22:12,715 [Listener at 127.0.0.1/39953] INFO  server.session (HouseKeeper.java:startScavenging(140)) - node0 Scavenging every 600000ms
2020-08-11 10:22:12,719 [Listener at 127.0.0.1/39953] INFO  handler.ContextHandler (ContextHandler.java:doStart(825)) - Started o.e.j.s.ServletContextHandler@418e1cd6{logs,/logs,file:///github/workspace/mnt/ozone/hadoop-ozone/integration-test/target/log,AVAILABLE}
2020-08-11 10:22:12,719 [Listener at 127.0.0.1/39953] INFO  handler.ContextHandler (ContextHandler.java:doStart(825)) - Started o.e.j.s.ServletContextHandler@6a584533{static,/static,jar:file:/home/user/.m2/repository/org/apache/hadoop/hadoop-hdds-container-service/0.6.0-SNAPSHOT/hadoop-hdds-container-service-0.6.0-SNAPSHOT.jar!/webapps/static,AVAILABLE}
2020-08-11 10:22:12,787 [Listener at 127.0.0.1/39953] INFO  handler.ContextHandler (ContextHandler.java:doStart(825)) - Started o.e.j.w.WebAppContext@203f929{hddsDatanode,/,file:///tmp/jetty-0_0_0_0-39827-hadoop-hdds-container-service-0_6_0-SNAPSHOT_jar-_-any-2061502440571003240.dir/webapp/,AVAILABLE}{jar:file:/home/user/.m2/repository/org/apache/hadoop/hadoop-hdds-container-service/0.6.0-SNAPSHOT/hadoop-hdds-container-service-0.6.0-SNAPSHOT.jar!/webapps/hddsDatanode}
2020-08-11 10:22:12,789 [Listener at 127.0.0.1/39953] INFO  server.AbstractConnector (AbstractConnector.java:doStart(330)) - Started ServerConnector@5ef99f75{HTTP/1.1,[http/1.1]}{0.0.0.0:39827}
2020-08-11 10:22:12,789 [Listener at 127.0.0.1/39953] INFO  server.Server (Server.java:doStart(399)) - Started @155795ms
2020-08-11 10:22:12,789 [Listener at 127.0.0.1/39953] WARN  impl.MetricsSystemImpl (MetricsSystemImpl.java:register(276)) - Sink prometheus already exists!
2020-08-11 10:22:12,793 [Listener at 127.0.0.1/39953] INFO  http.BaseHttpServer (BaseHttpServer.java:updateConnectorAddress(327)) - HTTP server of hddsDatanode listening at http://0.0.0.0:39827
2020-08-11 10:22:12,795 [Listener at 127.0.0.1/39953] INFO  impl.MetricsSystemImpl (MetricsSystemImpl.java:init(158)) - HddsDatanode metrics system started (again)
2020-08-11 10:22:12,798 [Listener at 127.0.0.1/39953] INFO  ozone.HddsDatanodeService (HddsDatanodeService.java:start(217)) - HddsDatanodeService host:5c5695bd1bfd ip:172.17.0.2
2020-08-11 10:22:12,802 [org.apache.hadoop.util.JvmPauseMonitor$Monitor@f36dc20] INFO  util.JvmPauseMonitor (JvmPauseMonitor.java:run(188)) - Starting JVM pause monitor
2020-08-11 10:22:12,803 [Listener at 127.0.0.1/39953] INFO  volume.HddsVolume (HddsVolume.java:<init>(176)) - Creating Volume: /github/workspace/mnt/ozone/hadoop-ozone/integration-test/target/test-dir/MiniOzoneClusterImpl-8391e218-a55d-4210-9d4e-82a64144cc20/datanode-8/data-0/containers/hdds of storage type : DISK and capacity : 9223372036854775807
2020-08-11 10:22:12,803 [Datanode State Machine Task Thread - 0] INFO  datanode.InitDatanodeState (InitDatanodeState.java:persistContainerDatanodeDetails(145)) - DatanodeDetails is persisted to /github/workspace/mnt/ozone/hadoop-ozone/integration-test/target/test-dir/MiniOzoneClusterImpl-8391e218-a55d-4210-9d4e-82a64144cc20/datanode-7/meta/datanode.id
2020-08-11 10:22:12,803 [Listener at 127.0.0.1/39953] INFO  volume.MutableVolumeSet (MutableVolumeSet.java:initializeVolumeSet(179)) - Added Volume : /github/workspace/mnt/ozone/hadoop-ozone/integration-test/target/test-dir/MiniOzoneClusterImpl-8391e218-a55d-4210-9d4e-82a64144cc20/datanode-8/data-0/containers/hdds to VolumeSet
2020-08-11 10:22:12,803 [Listener at 127.0.0.1/39953] INFO  volume.ThrottledAsyncChecker (ThrottledAsyncChecker.java:schedule(141)) - Scheduling a check for /github/workspace/mnt/ozone/hadoop-ozone/integration-test/target/test-dir/MiniOzoneClusterImpl-8391e218-a55d-4210-9d4e-82a64144cc20/datanode-8/data-0/containers/hdds
2020-08-11 10:22:12,804 [Listener at 127.0.0.1/39953] INFO  volume.HddsVolumeChecker (HddsVolumeChecker.java:checkAllVolumes(200)) - Scheduled health check for volume /github/workspace/mnt/ozone/hadoop-ozone/integration-test/target/test-dir/MiniOzoneClusterImpl-8391e218-a55d-4210-9d4e-82a64144cc20/datanode-8/data-0/containers/hdds
2020-08-11 10:22:12,815 [Thread-1583] INFO  ozoneimpl.ContainerReader (ContainerReader.java:readVolume(123)) - Start to verify containers on volume /github/workspace/mnt/ozone/hadoop-ozone/integration-test/target/test-dir/MiniOzoneClusterImpl-8391e218-a55d-4210-9d4e-82a64144cc20/datanode-8/data-0/containers/hdds
2020-08-11 10:22:12,815 [Thread-1583] INFO  ozoneimpl.ContainerReader (ContainerReader.java:readVolume(148)) - Finish verifying containers on volume /github/workspace/mnt/ozone/hadoop-ozone/integration-test/target/test-dir/MiniOzoneClusterImpl-8391e218-a55d-4210-9d4e-82a64144cc20/datanode-8/data-0/containers/hdds
2020-08-11 10:22:12,815 [Listener at 127.0.0.1/39953] INFO  ozoneimpl.OzoneContainer (OzoneContainer.java:buildContainerSet(196)) - Build ContainerSet costs 0s
2020-08-11 10:22:12,817 [Listener at 127.0.0.1/39953] INFO  impl.RaftServerProxy (ConfUtils.java:logGet(44)) - raft.rpc.type = GRPC (default)
2020-08-11 10:22:12,817 [Listener at 127.0.0.1/39953] INFO  grpc.GrpcFactory (GrpcFactory.java:checkPooledByteBufAllocatorUseCacheForAllThreads(45)) - PERFORMANCE WARNING: useCacheForAllThreads is true that may cause Netty to create a lot garbage objects and, as a result, trigger GC.
	It is recommended to disable useCacheForAllThreads by setting -Dorg.apache.ratis.thirdparty.io.netty.allocator.useCacheForAllThreads=false in command line.
2020-08-11 10:22:12,817 [Listener at 127.0.0.1/39953] INFO  grpc.GrpcConfigKeys (ConfUtils.java:logGet(44)) - raft.grpc.server.port = 0 (default)
2020-08-11 10:22:12,817 [Listener at 127.0.0.1/39953] INFO  server.GrpcService (ConfUtils.java:logGet(44)) - raft.grpc.message.size.max = 32MB (=33554432) (custom)
2020-08-11 10:22:12,817 [Listener at 127.0.0.1/39953] INFO  server.RaftServerConfigKeys (ConfUtils.java:logGet(44)) - raft.server.log.appender.buffer.byte-limit = 33554432 (custom)
2020-08-11 10:22:12,817 [Listener at 127.0.0.1/39953] INFO  server.GrpcService (ConfUtils.java:logGet(44)) - raft.grpc.flow.control.window = 5MB (=5242880) (custom)
2020-08-11 10:22:12,818 [Listener at 127.0.0.1/39953] INFO  server.RaftServerConfigKeys (ConfUtils.java:logGet(44)) - raft.server.rpc.request.timeout = 3000ms (default)
2020-08-11 10:22:12,818 [Listener at 127.0.0.1/39953] INFO  server.RaftServerConfigKeys (ConfUtils.java:logGet(44)) - raft.server.storage.dir = [/github/workspace/mnt/ozone/hadoop-ozone/integration-test/target/test-dir/MiniOzoneClusterImpl-8391e218-a55d-4210-9d4e-82a64144cc20/datanode-8/data/ratis] (custom)
2020-08-11 10:22:12,824 [Listener at 127.0.0.1/39953] INFO  http.BaseHttpServer (BaseHttpServer.java:newHttpServer2BuilderForOzone(207)) - Starting Web-server for hddsDatanode at: http://0.0.0.0:0
2020-08-11 10:22:12,824 [Listener at 127.0.0.1/39953] INFO  http.BaseHttpServer (BaseHttpServer.java:<init>(106)) - Hadoop Security Enabled: false Ozone Security Enabled: false Ozone HTTP Security Enabled: false 
2020-08-11 10:22:12,825 [Listener at 127.0.0.1/39953] INFO  server.AuthenticationFilter (AuthenticationFilter.java:constructSecretProvider(240)) - Unable to initialize FileSignerSecretProvider, falling back to use random secrets.
2020-08-11 10:22:12,826 [Listener at 127.0.0.1/39953] WARN  http.HttpRequestLog (HttpRequestLog.java:getRequestLog(103)) - Jetty request log can only be enabled using Log4j
2020-08-11 10:22:12,826 [Listener at 127.0.0.1/39953] INFO  http.HttpServer2 (HttpServer2.java:addGlobalFilter(1019)) - Added global filter 'safety' (class=org.apache.hadoop.hdds.server.http.HttpServer2$QuotingInputFilter)
2020-08-11 10:22:12,827 [Listener at 127.0.0.1/39953] INFO  http.HttpServer2 (HttpServer2.java:addFilter(995)) - Added filter static_user_filter (class=org.apache.hadoop.http.lib.StaticUserWebFilter$StaticUserFilter) to context hddsDatanode
2020-08-11 10:22:12,827 [Listener at 127.0.0.1/39953] INFO  http.HttpServer2 (HttpServer2.java:addFilter(1003)) - Added filter static_user_filter (class=org.apache.hadoop.http.lib.StaticUserWebFilter$StaticUserFilter) to context static
2020-08-11 10:22:12,827 [Listener at 127.0.0.1/39953] INFO  http.HttpServer2 (HttpServer2.java:addFilter(1003)) - Added filter static_user_filter (class=org.apache.hadoop.http.lib.StaticUserWebFilter$StaticUserFilter) to context logs
2020-08-11 10:22:12,827 [Listener at 127.0.0.1/39953] INFO  http.HttpServer2 (HttpServer2.java:bindListener(1237)) - Jetty bound to port 38265
2020-08-11 10:22:12,828 [Listener at 127.0.0.1/39953] INFO  server.Server (Server.java:doStart(359)) - jetty-9.4.26.v20200117; built: 2020-01-17T12:35:33.676Z; git: 7b38981d25d14afb4a12ff1f2596756144edf695; jvm 1.8.0_232-b09
2020-08-11 10:22:12,829 [Listener at 127.0.0.1/39953] INFO  server.session (DefaultSessionIdManager.java:doStart(333)) - DefaultSessionIdManager workerName=node0
2020-08-11 10:22:12,829 [Listener at 127.0.0.1/39953] INFO  server.session (DefaultSessionIdManager.java:doStart(338)) - No SessionScavenger set, using defaults
2020-08-11 10:22:12,829 [Listener at 127.0.0.1/39953] INFO  server.session (HouseKeeper.java:startScavenging(140)) - node0 Scavenging every 600000ms
2020-08-11 10:22:12,830 [Listener at 127.0.0.1/39953] INFO  handler.ContextHandler (ContextHandler.java:doStart(825)) - Started o.e.j.s.ServletContextHandler@2c5b04c7{logs,/logs,file:///github/workspace/mnt/ozone/hadoop-ozone/integration-test/target/log,AVAILABLE}
2020-08-11 10:22:12,833 [Listener at 127.0.0.1/39953] INFO  handler.ContextHandler (ContextHandler.java:doStart(825)) - Started o.e.j.s.ServletContextHandler@ebad9a{static,/static,jar:file:/home/user/.m2/repository/org/apache/hadoop/hadoop-hdds-container-service/0.6.0-SNAPSHOT/hadoop-hdds-container-service-0.6.0-SNAPSHOT.jar!/webapps/static,AVAILABLE}
2020-08-11 10:22:12,907 [Listener at 127.0.0.1/39953] INFO  handler.ContextHandler (ContextHandler.java:doStart(825)) - Started o.e.j.w.WebAppContext@771047b4{hddsDatanode,/,file:///tmp/jetty-0_0_0_0-38265-hadoop-hdds-container-service-0_6_0-SNAPSHOT_jar-_-any-6343697770100161605.dir/webapp/,AVAILABLE}{jar:file:/home/user/.m2/repository/org/apache/hadoop/hadoop-hdds-container-service/0.6.0-SNAPSHOT/hadoop-hdds-container-service-0.6.0-SNAPSHOT.jar!/webapps/hddsDatanode}
2020-08-11 10:22:12,909 [Listener at 127.0.0.1/39953] INFO  server.AbstractConnector (AbstractConnector.java:doStart(330)) - Started ServerConnector@3fb2306{HTTP/1.1,[http/1.1]}{0.0.0.0:38265}
2020-08-11 10:22:12,909 [Listener at 127.0.0.1/39953] INFO  server.Server (Server.java:doStart(399)) - Started @155915ms
2020-08-11 10:22:12,909 [Listener at 127.0.0.1/39953] WARN  impl.MetricsSystemImpl (MetricsSystemImpl.java:register(276)) - Sink prometheus already exists!
2020-08-11 10:22:12,914 [Listener at 127.0.0.1/39953] INFO  http.BaseHttpServer (BaseHttpServer.java:updateConnectorAddress(327)) - HTTP server of hddsDatanode listening at http://0.0.0.0:38265
2020-08-11 10:22:12,921 [Listener at 127.0.0.1/39953] INFO  ozone.MiniOzoneClusterImpl (MiniOzoneClusterImpl.java:lambda$waitForClusterToBeReady$0(177)) - Waiting for nodes to be ready. Got 0 of 9 DN Heartbeats.
2020-08-11 10:22:12,921 [Listener at 127.0.0.1/39953] INFO  ozone.MiniOzoneClusterImpl (MiniOzoneClusterImpl.java:lambda$waitForClusterToBeReady$0(180)) - Waiting for cluster to exit safe mode
2020-08-11 10:22:12,927 [org.apache.hadoop.util.JvmPauseMonitor$Monitor@311ee5d] INFO  util.JvmPauseMonitor (JvmPauseMonitor.java:run(188)) - Starting JVM pause monitor
2020-08-11 10:22:12,929 [Datanode State Machine Task Thread - 0] INFO  datanode.InitDatanodeState (InitDatanodeState.java:persistContainerDatanodeDetails(145)) - DatanodeDetails is persisted to /github/workspace/mnt/ozone/hadoop-ozone/integration-test/target/test-dir/MiniOzoneClusterImpl-8391e218-a55d-4210-9d4e-82a64144cc20/datanode-8/meta/datanode.id
2020-08-11 10:22:13,921 [Listener at 127.0.0.1/39953] INFO  ozone.MiniOzoneClusterImpl (MiniOzoneClusterImpl.java:lambda$waitForClusterToBeReady$0(177)) - Waiting for nodes to be ready. Got 0 of 9 DN Heartbeats.
2020-08-11 10:22:13,921 [Listener at 127.0.0.1/39953] INFO  ozone.MiniOzoneClusterImpl (MiniOzoneClusterImpl.java:lambda$waitForClusterToBeReady$0(180)) - Waiting for cluster to exit safe mode
2020-08-11 10:22:13,971 [Datanode State Machine Task Thread - 1] INFO  ozoneimpl.OzoneContainer (OzoneContainer.java:start(245)) - Attempting to start container services.
2020-08-11 10:22:13,972 [Datanode State Machine Task Thread - 1] INFO  ozoneimpl.OzoneContainer (OzoneContainer.java:startContainerScrub(209)) - Background container scanner has been disabled.
2020-08-11 10:22:13,972 [Datanode State Machine Task Thread - 1] INFO  ratis.XceiverServerRatis (XceiverServerRatis.java:start(440)) - Starting XceiverServerRatis 234a1256-f899-4d30-a672-4552a70ba9bb at port 0
2020-08-11 10:22:13,972 [Datanode State Machine Task Thread - 1] INFO  impl.RaftServerProxy (RaftServerProxy.java:lambda$start$3(304)) - 234a1256-f899-4d30-a672-4552a70ba9bb: start RPC server
2020-08-11 10:22:13,973 [Datanode State Machine Task Thread - 1] INFO  server.GrpcService (GrpcService.java:startImpl(160)) - 234a1256-f899-4d30-a672-4552a70ba9bb: GrpcService started, listening on 0.0.0.0/0.0.0.0:33031
2020-08-11 10:22:13,973 [Datanode State Machine Task Thread - 1] INFO  ratis.XceiverServerRatis (XceiverServerRatis.java:start(452)) - XceiverServerRatis 234a1256-f899-4d30-a672-4552a70ba9bb is started using port 33031
2020-08-11 10:22:13,976 [Datanode State Machine Task Thread - 1] INFO  server.XceiverServerGrpc (XceiverServerGrpc.java:start(145)) - XceiverServerGrpc 234a1256-f899-4d30-a672-4552a70ba9bb is started using port 46091
2020-08-11 10:22:14,083 [Datanode State Machine Task Thread - 1] INFO  ozoneimpl.OzoneContainer (OzoneContainer.java:start(245)) - Attempting to start container services.
2020-08-11 10:22:14,084 [Datanode State Machine Task Thread - 1] INFO  ozoneimpl.OzoneContainer (OzoneContainer.java:startContainerScrub(209)) - Background container scanner has been disabled.
2020-08-11 10:22:14,084 [Datanode State Machine Task Thread - 1] INFO  ratis.XceiverServerRatis (XceiverServerRatis.java:start(440)) - Starting XceiverServerRatis 69055b56-bf48-47fd-bece-64ae6d668fba at port 0
2020-08-11 10:22:14,084 [Datanode State Machine Task Thread - 1] INFO  impl.RaftServerProxy (RaftServerProxy.java:lambda$start$3(304)) - 69055b56-bf48-47fd-bece-64ae6d668fba: start RPC server
2020-08-11 10:22:14,085 [Datanode State Machine Task Thread - 1] INFO  server.GrpcService (GrpcService.java:startImpl(160)) - 69055b56-bf48-47fd-bece-64ae6d668fba: GrpcService started, listening on 0.0.0.0/0.0.0.0:44699
2020-08-11 10:22:14,085 [Datanode State Machine Task Thread - 1] INFO  ratis.XceiverServerRatis (XceiverServerRatis.java:start(452)) - XceiverServerRatis 69055b56-bf48-47fd-bece-64ae6d668fba is started using port 44699
2020-08-11 10:22:14,085 [Datanode State Machine Task Thread - 1] INFO  server.XceiverServerGrpc (XceiverServerGrpc.java:start(145)) - XceiverServerGrpc 69055b56-bf48-47fd-bece-64ae6d668fba is started using port 44159
2020-08-11 10:22:14,198 [Datanode State Machine Task Thread - 1] INFO  ozoneimpl.OzoneContainer (OzoneContainer.java:start(245)) - Attempting to start container services.
2020-08-11 10:22:14,199 [Datanode State Machine Task Thread - 1] INFO  ozoneimpl.OzoneContainer (OzoneContainer.java:startContainerScrub(209)) - Background container scanner has been disabled.
2020-08-11 10:22:14,199 [Datanode State Machine Task Thread - 1] INFO  ratis.XceiverServerRatis (XceiverServerRatis.java:start(440)) - Starting XceiverServerRatis d1bce0c3-0b11-4e04-b896-bd0ae9e1df71 at port 0
2020-08-11 10:22:14,199 [Datanode State Machine Task Thread - 1] INFO  impl.RaftServerProxy (RaftServerProxy.java:lambda$start$3(304)) - d1bce0c3-0b11-4e04-b896-bd0ae9e1df71: start RPC server
2020-08-11 10:22:14,203 [Datanode State Machine Task Thread - 1] INFO  server.GrpcService (GrpcService.java:startImpl(160)) - d1bce0c3-0b11-4e04-b896-bd0ae9e1df71: GrpcService started, listening on 0.0.0.0/0.0.0.0:45933
2020-08-11 10:22:14,203 [Datanode State Machine Task Thread - 1] INFO  ratis.XceiverServerRatis (XceiverServerRatis.java:start(452)) - XceiverServerRatis d1bce0c3-0b11-4e04-b896-bd0ae9e1df71 is started using port 45933
2020-08-11 10:22:14,206 [Datanode State Machine Task Thread - 1] INFO  server.XceiverServerGrpc (XceiverServerGrpc.java:start(145)) - XceiverServerGrpc d1bce0c3-0b11-4e04-b896-bd0ae9e1df71 is started using port 41513
2020-08-11 10:22:14,309 [Datanode State Machine Task Thread - 1] INFO  ozoneimpl.OzoneContainer (OzoneContainer.java:start(245)) - Attempting to start container services.
2020-08-11 10:22:14,309 [Datanode State Machine Task Thread - 1] INFO  ozoneimpl.OzoneContainer (OzoneContainer.java:startContainerScrub(209)) - Background container scanner has been disabled.
2020-08-11 10:22:14,309 [Datanode State Machine Task Thread - 1] INFO  ratis.XceiverServerRatis (XceiverServerRatis.java:start(440)) - Starting XceiverServerRatis 406c90ca-93e0-4c35-9202-d1a6c1200adf at port 0
2020-08-11 10:22:14,310 [Datanode State Machine Task Thread - 1] INFO  impl.RaftServerProxy (RaftServerProxy.java:lambda$start$3(304)) - 406c90ca-93e0-4c35-9202-d1a6c1200adf: start RPC server
2020-08-11 10:22:14,310 [Datanode State Machine Task Thread - 1] INFO  server.GrpcService (GrpcService.java:startImpl(160)) - 406c90ca-93e0-4c35-9202-d1a6c1200adf: GrpcService started, listening on 0.0.0.0/0.0.0.0:40871
2020-08-11 10:22:14,310 [Datanode State Machine Task Thread - 1] INFO  ratis.XceiverServerRatis (XceiverServerRatis.java:start(452)) - XceiverServerRatis 406c90ca-93e0-4c35-9202-d1a6c1200adf is started using port 40871
2020-08-11 10:22:14,311 [Datanode State Machine Task Thread - 1] INFO  server.XceiverServerGrpc (XceiverServerGrpc.java:start(145)) - XceiverServerGrpc 406c90ca-93e0-4c35-9202-d1a6c1200adf is started using port 38099
2020-08-11 10:22:14,439 [Datanode State Machine Task Thread - 1] INFO  ozoneimpl.OzoneContainer (OzoneContainer.java:start(245)) - Attempting to start container services.
2020-08-11 10:22:14,439 [Datanode State Machine Task Thread - 1] INFO  ozoneimpl.OzoneContainer (OzoneContainer.java:startContainerScrub(209)) - Background container scanner has been disabled.
2020-08-11 10:22:14,439 [Datanode State Machine Task Thread - 1] INFO  ratis.XceiverServerRatis (XceiverServerRatis.java:start(440)) - Starting XceiverServerRatis 8c118799-e191-4e7e-ab0c-0c1f4e4855fe at port 0
2020-08-11 10:22:14,440 [Datanode State Machine Task Thread - 1] INFO  impl.RaftServerProxy (RaftServerProxy.java:lambda$start$3(304)) - 8c118799-e191-4e7e-ab0c-0c1f4e4855fe: start RPC server
2020-08-11 10:22:14,440 [Datanode State Machine Task Thread - 1] INFO  server.GrpcService (GrpcService.java:startImpl(160)) - 8c118799-e191-4e7e-ab0c-0c1f4e4855fe: GrpcService started, listening on 0.0.0.0/0.0.0.0:40537
2020-08-11 10:22:14,441 [Datanode State Machine Task Thread - 1] INFO  ratis.XceiverServerRatis (XceiverServerRatis.java:start(452)) - XceiverServerRatis 8c118799-e191-4e7e-ab0c-0c1f4e4855fe is started using port 40537
2020-08-11 10:22:14,442 [Datanode State Machine Task Thread - 1] INFO  server.XceiverServerGrpc (XceiverServerGrpc.java:start(145)) - XceiverServerGrpc 8c118799-e191-4e7e-ab0c-0c1f4e4855fe is started using port 36115
2020-08-11 10:22:14,558 [Datanode State Machine Task Thread - 1] INFO  ozoneimpl.OzoneContainer (OzoneContainer.java:start(245)) - Attempting to start container services.
2020-08-11 10:22:14,558 [Datanode State Machine Task Thread - 1] INFO  ozoneimpl.OzoneContainer (OzoneContainer.java:startContainerScrub(209)) - Background container scanner has been disabled.
2020-08-11 10:22:14,558 [Datanode State Machine Task Thread - 1] INFO  ratis.XceiverServerRatis (XceiverServerRatis.java:start(440)) - Starting XceiverServerRatis 733040ef-1be9-4bd5-8407-b94c2bc1538c at port 0
2020-08-11 10:22:14,559 [Datanode State Machine Task Thread - 1] INFO  impl.RaftServerProxy (RaftServerProxy.java:lambda$start$3(304)) - 733040ef-1be9-4bd5-8407-b94c2bc1538c: start RPC server
2020-08-11 10:22:14,561 [Datanode State Machine Task Thread - 1] INFO  server.GrpcService (GrpcService.java:startImpl(160)) - 733040ef-1be9-4bd5-8407-b94c2bc1538c: GrpcService started, listening on 0.0.0.0/0.0.0.0:41275
2020-08-11 10:22:14,561 [Datanode State Machine Task Thread - 1] INFO  ratis.XceiverServerRatis (XceiverServerRatis.java:start(452)) - XceiverServerRatis 733040ef-1be9-4bd5-8407-b94c2bc1538c is started using port 41275
2020-08-11 10:22:14,561 [Datanode State Machine Task Thread - 1] INFO  server.XceiverServerGrpc (XceiverServerGrpc.java:start(145)) - XceiverServerGrpc 733040ef-1be9-4bd5-8407-b94c2bc1538c is started using port 38563
2020-08-11 10:22:14,691 [Datanode State Machine Task Thread - 1] INFO  ozoneimpl.OzoneContainer (OzoneContainer.java:start(245)) - Attempting to start container services.
2020-08-11 10:22:14,691 [Datanode State Machine Task Thread - 1] INFO  ozoneimpl.OzoneContainer (OzoneContainer.java:startContainerScrub(209)) - Background container scanner has been disabled.
2020-08-11 10:22:14,691 [Datanode State Machine Task Thread - 1] INFO  ratis.XceiverServerRatis (XceiverServerRatis.java:start(440)) - Starting XceiverServerRatis a40e82d7-9af1-4aed-a8c0-412ae681934d at port 0
2020-08-11 10:22:14,692 [Datanode State Machine Task Thread - 1] INFO  impl.RaftServerProxy (RaftServerProxy.java:lambda$start$3(304)) - a40e82d7-9af1-4aed-a8c0-412ae681934d: start RPC server
2020-08-11 10:22:14,692 [Datanode State Machine Task Thread - 1] INFO  server.GrpcService (GrpcService.java:startImpl(160)) - a40e82d7-9af1-4aed-a8c0-412ae681934d: GrpcService started, listening on 0.0.0.0/0.0.0.0:34423
2020-08-11 10:22:14,693 [Datanode State Machine Task Thread - 1] INFO  ratis.XceiverServerRatis (XceiverServerRatis.java:start(452)) - XceiverServerRatis a40e82d7-9af1-4aed-a8c0-412ae681934d is started using port 34423
2020-08-11 10:22:14,693 [Datanode State Machine Task Thread - 1] INFO  server.XceiverServerGrpc (XceiverServerGrpc.java:start(145)) - XceiverServerGrpc a40e82d7-9af1-4aed-a8c0-412ae681934d is started using port 44741
2020-08-11 10:22:14,805 [Datanode State Machine Task Thread - 1] INFO  ozoneimpl.OzoneContainer (OzoneContainer.java:start(245)) - Attempting to start container services.
2020-08-11 10:22:14,806 [Datanode State Machine Task Thread - 1] INFO  ozoneimpl.OzoneContainer (OzoneContainer.java:startContainerScrub(209)) - Background container scanner has been disabled.
2020-08-11 10:22:14,806 [Datanode State Machine Task Thread - 1] INFO  ratis.XceiverServerRatis (XceiverServerRatis.java:start(440)) - Starting XceiverServerRatis ca417779-88b3-4dc1-a56d-e28a15aec768 at port 0
2020-08-11 10:22:14,806 [Datanode State Machine Task Thread - 1] INFO  impl.RaftServerProxy (RaftServerProxy.java:lambda$start$3(304)) - ca417779-88b3-4dc1-a56d-e28a15aec768: start RPC server
2020-08-11 10:22:14,807 [Datanode State Machine Task Thread - 1] INFO  server.GrpcService (GrpcService.java:startImpl(160)) - ca417779-88b3-4dc1-a56d-e28a15aec768: GrpcService started, listening on 0.0.0.0/0.0.0.0:39865
2020-08-11 10:22:14,807 [Datanode State Machine Task Thread - 1] INFO  ratis.XceiverServerRatis (XceiverServerRatis.java:start(452)) - XceiverServerRatis ca417779-88b3-4dc1-a56d-e28a15aec768 is started using port 39865
2020-08-11 10:22:14,807 [Datanode State Machine Task Thread - 1] INFO  server.XceiverServerGrpc (XceiverServerGrpc.java:start(145)) - XceiverServerGrpc ca417779-88b3-4dc1-a56d-e28a15aec768 is started using port 37889
2020-08-11 10:22:14,921 [Listener at 127.0.0.1/39953] INFO  ozone.MiniOzoneClusterImpl (MiniOzoneClusterImpl.java:lambda$waitForClusterToBeReady$0(177)) - Waiting for nodes to be ready. Got 0 of 9 DN Heartbeats.
2020-08-11 10:22:14,922 [Listener at 127.0.0.1/39953] INFO  ozone.MiniOzoneClusterImpl (MiniOzoneClusterImpl.java:lambda$waitForClusterToBeReady$0(180)) - Waiting for cluster to exit safe mode
2020-08-11 10:22:14,930 [Datanode State Machine Task Thread - 1] INFO  ozoneimpl.OzoneContainer (OzoneContainer.java:start(245)) - Attempting to start container services.
2020-08-11 10:22:14,930 [Datanode State Machine Task Thread - 1] INFO  ozoneimpl.OzoneContainer (OzoneContainer.java:startContainerScrub(209)) - Background container scanner has been disabled.
2020-08-11 10:22:14,930 [Datanode State Machine Task Thread - 1] INFO  ratis.XceiverServerRatis (XceiverServerRatis.java:start(440)) - Starting XceiverServerRatis 8e0471e9-03e2-4e0b-80e1-583d5c951362 at port 0
2020-08-11 10:22:14,932 [Datanode State Machine Task Thread - 1] INFO  impl.RaftServerProxy (RaftServerProxy.java:lambda$start$3(304)) - 8e0471e9-03e2-4e0b-80e1-583d5c951362: start RPC server
2020-08-11 10:22:14,933 [Datanode State Machine Task Thread - 1] INFO  server.GrpcService (GrpcService.java:startImpl(160)) - 8e0471e9-03e2-4e0b-80e1-583d5c951362: GrpcService started, listening on 0.0.0.0/0.0.0.0:42433
2020-08-11 10:22:14,933 [Datanode State Machine Task Thread - 1] INFO  ratis.XceiverServerRatis (XceiverServerRatis.java:start(452)) - XceiverServerRatis 8e0471e9-03e2-4e0b-80e1-583d5c951362 is started using port 42433
2020-08-11 10:22:14,934 [Datanode State Machine Task Thread - 1] INFO  server.XceiverServerGrpc (XceiverServerGrpc.java:start(145)) - XceiverServerGrpc 8e0471e9-03e2-4e0b-80e1-583d5c951362 is started using port 35239
2020-08-11 10:22:15,922 [Listener at 127.0.0.1/39953] INFO  ozone.MiniOzoneClusterImpl (MiniOzoneClusterImpl.java:lambda$waitForClusterToBeReady$0(177)) - Waiting for nodes to be ready. Got 0 of 9 DN Heartbeats.
2020-08-11 10:22:15,922 [Listener at 127.0.0.1/39953] INFO  ozone.MiniOzoneClusterImpl (MiniOzoneClusterImpl.java:lambda$waitForClusterToBeReady$0(180)) - Waiting for cluster to exit safe mode
2020-08-11 10:22:15,966 [IPC Server handler 3 on default port 46527] INFO  net.NetworkTopology (NetworkTopologyImpl.java:add(111)) - Added a new node: /default-rack/234a1256-f899-4d30-a672-4552a70ba9bb
2020-08-11 10:22:15,967 [IPC Server handler 3 on default port 46527] INFO  node.SCMNodeManager (SCMNodeManager.java:register(274)) - Registered Data node : 234a1256-f899-4d30-a672-4552a70ba9bb{ip: 172.17.0.2, host: 5c5695bd1bfd, networkLocation: /default-rack, certSerialId: null}
2020-08-11 10:22:15,968 [EventQueue-NodeRegistrationContainerReportForContainerSafeModeRule] INFO  safemode.SCMSafeModeManager (SCMSafeModeManager.java:validateSafeModeExitRules(214)) - ContainerSafeModeRule rule is successfully validated
2020-08-11 10:22:15,968 [RatisPipelineUtilsThread] INFO  pipeline.RatisPipelineProvider (RatisPipelineProvider.java:lambda$create$0(138)) - Sending CreatePipelineCommand for pipeline:PipelineID=e1571141-e086-45a3-9f16-15e061dc1bd6 to datanode:234a1256-f899-4d30-a672-4552a70ba9bb
2020-08-11 10:22:15,968 [EventQueue-NodeRegistrationContainerReportForDataNodeSafeModeRule] INFO  safemode.SCMSafeModeManager (DataNodeSafeModeRule.java:process(71)) - SCM in safe mode. 1 DataNodes registered, 1 required.
2020-08-11 10:22:15,973 [RatisPipelineUtilsThread] INFO  pipeline.PipelineStateManager (PipelineStateManager.java:addPipeline(54)) - Created pipeline Pipeline[ Id: e1571141-e086-45a3-9f16-15e061dc1bd6, Nodes: 234a1256-f899-4d30-a672-4552a70ba9bb{ip: 172.17.0.2, host: 5c5695bd1bfd, networkLocation: /default-rack, certSerialId: null}, Type:RATIS, Factor:ONE, State:ALLOCATED, leaderId:, CreationTimestamp2020-08-11T10:22:15.968Z]
2020-08-11 10:22:15,973 [EventQueue-NodeRegistrationContainerReportForDataNodeSafeModeRule] INFO  safemode.SCMSafeModeManager (SCMSafeModeManager.java:validateSafeModeExitRules(214)) - DataNodeSafeModeRule rule is successfully validated
2020-08-11 10:22:15,973 [EventQueue-NodeRegistrationContainerReportForDataNodeSafeModeRule] INFO  safemode.SCMSafeModeManager (SCMSafeModeManager.java:completePreCheck(242)) - All SCM safe mode pre check rules have passed
2020-08-11 10:22:15,974 [RatisPipelineUtilsThread] WARN  pipeline.PipelinePlacementPolicy (PipelinePlacementPolicy.java:filterViableNodes(133)) - Pipeline creation failed due to no sufficient healthy datanodes. Required 3. Found 1.
2020-08-11 10:22:16,081 [IPC Server handler 4 on default port 46527] INFO  net.NetworkTopology (NetworkTopologyImpl.java:add(111)) - Added a new node: /default-rack/69055b56-bf48-47fd-bece-64ae6d668fba
2020-08-11 10:22:16,082 [IPC Server handler 4 on default port 46527] INFO  node.SCMNodeManager (SCMNodeManager.java:register(274)) - Registered Data node : 69055b56-bf48-47fd-bece-64ae6d668fba{ip: 172.17.0.2, host: 5c5695bd1bfd, networkLocation: /default-rack, certSerialId: null}
2020-08-11 10:22:16,082 [EventQueue-NodeRegistrationContainerReportForDataNodeSafeModeRule] INFO  safemode.SCMSafeModeManager (SCMSafeModeManager.java:validateSafeModeExitRules(214)) - DataNodeSafeModeRule rule is successfully validated
2020-08-11 10:22:16,082 [EventQueue-NodeRegistrationContainerReportForContainerSafeModeRule] INFO  safemode.SCMSafeModeManager (SCMSafeModeManager.java:validateSafeModeExitRules(214)) - ContainerSafeModeRule rule is successfully validated
2020-08-11 10:22:16,082 [RatisPipelineUtilsThread] INFO  pipeline.RatisPipelineProvider (RatisPipelineProvider.java:lambda$create$0(138)) - Sending CreatePipelineCommand for pipeline:PipelineID=f96502a8-794a-4247-a5ce-065f51878978 to datanode:69055b56-bf48-47fd-bece-64ae6d668fba
2020-08-11 10:22:16,083 [RatisPipelineUtilsThread] INFO  pipeline.PipelineStateManager (PipelineStateManager.java:addPipeline(54)) - Created pipeline Pipeline[ Id: f96502a8-794a-4247-a5ce-065f51878978, Nodes: 69055b56-bf48-47fd-bece-64ae6d668fba{ip: 172.17.0.2, host: 5c5695bd1bfd, networkLocation: /default-rack, certSerialId: null}, Type:RATIS, Factor:ONE, State:ALLOCATED, leaderId:, CreationTimestamp2020-08-11T10:22:16.082Z]
2020-08-11 10:22:16,083 [RatisPipelineUtilsThread] WARN  pipeline.PipelinePlacementPolicy (PipelinePlacementPolicy.java:filterViableNodes(133)) - Pipeline creation failed due to no sufficient healthy datanodes. Required 3. Found 2.
2020-08-11 10:22:16,197 [IPC Server handler 19 on default port 46527] INFO  net.NetworkTopology (NetworkTopologyImpl.java:add(111)) - Added a new node: /default-rack/d1bce0c3-0b11-4e04-b896-bd0ae9e1df71
2020-08-11 10:22:16,197 [IPC Server handler 19 on default port 46527] INFO  node.SCMNodeManager (SCMNodeManager.java:register(274)) - Registered Data node : d1bce0c3-0b11-4e04-b896-bd0ae9e1df71{ip: 172.17.0.2, host: 5c5695bd1bfd, networkLocation: /default-rack, certSerialId: null}
2020-08-11 10:22:16,198 [EventQueue-NodeRegistrationContainerReportForDataNodeSafeModeRule] INFO  safemode.SCMSafeModeManager (SCMSafeModeManager.java:validateSafeModeExitRules(214)) - DataNodeSafeModeRule rule is successfully validated
2020-08-11 10:22:16,198 [RatisPipelineUtilsThread] INFO  pipeline.RatisPipelineProvider (RatisPipelineProvider.java:lambda$create$0(138)) - Sending CreatePipelineCommand for pipeline:PipelineID=d671a4aa-7890-46e0-aefb-767a0f5e95b3 to datanode:d1bce0c3-0b11-4e04-b896-bd0ae9e1df71
2020-08-11 10:22:16,199 [RatisPipelineUtilsThread] INFO  pipeline.PipelineStateManager (PipelineStateManager.java:addPipeline(54)) - Created pipeline Pipeline[ Id: d671a4aa-7890-46e0-aefb-767a0f5e95b3, Nodes: d1bce0c3-0b11-4e04-b896-bd0ae9e1df71{ip: 172.17.0.2, host: 5c5695bd1bfd, networkLocation: /default-rack, certSerialId: null}, Type:RATIS, Factor:ONE, State:ALLOCATED, leaderId:, CreationTimestamp2020-08-11T10:22:16.198Z]
2020-08-11 10:22:16,199 [EventQueue-NodeRegistrationContainerReportForContainerSafeModeRule] INFO  safemode.SCMSafeModeManager (SCMSafeModeManager.java:validateSafeModeExitRules(214)) - ContainerSafeModeRule rule is successfully validated
2020-08-11 10:22:16,199 [RatisPipelineUtilsThread] INFO  pipeline.RatisPipelineProvider (RatisPipelineProvider.java:lambda$create$0(138)) - Sending CreatePipelineCommand for pipeline:PipelineID=773867e7-0762-4e2f-b39b-9dcd71cd2593 to datanode:234a1256-f899-4d30-a672-4552a70ba9bb
2020-08-11 10:22:16,199 [RatisPipelineUtilsThread] INFO  pipeline.RatisPipelineProvider (RatisPipelineProvider.java:lambda$create$0(138)) - Sending CreatePipelineCommand for pipeline:PipelineID=773867e7-0762-4e2f-b39b-9dcd71cd2593 to datanode:d1bce0c3-0b11-4e04-b896-bd0ae9e1df71
2020-08-11 10:22:16,200 [RatisPipelineUtilsThread] INFO  pipeline.RatisPipelineProvider (RatisPipelineProvider.java:lambda$create$0(138)) - Sending CreatePipelineCommand for pipeline:PipelineID=773867e7-0762-4e2f-b39b-9dcd71cd2593 to datanode:69055b56-bf48-47fd-bece-64ae6d668fba
2020-08-11 10:22:16,203 [RatisPipelineUtilsThread] INFO  pipeline.PipelineStateManager (PipelineStateManager.java:addPipeline(54)) - Created pipeline Pipeline[ Id: 773867e7-0762-4e2f-b39b-9dcd71cd2593, Nodes: 234a1256-f899-4d30-a672-4552a70ba9bb{ip: 172.17.0.2, host: 5c5695bd1bfd, networkLocation: /default-rack, certSerialId: null}d1bce0c3-0b11-4e04-b896-bd0ae9e1df71{ip: 172.17.0.2, host: 5c5695bd1bfd, networkLocation: /default-rack, certSerialId: null}69055b56-bf48-47fd-bece-64ae6d668fba{ip: 172.17.0.2, host: 5c5695bd1bfd, networkLocation: /default-rack, certSerialId: null}, Type:RATIS, Factor:THREE, State:ALLOCATED, leaderId:, CreationTimestamp2020-08-11T10:22:16.199Z]
2020-08-11 10:22:16,309 [IPC Server handler 12 on default port 46527] INFO  net.NetworkTopology (NetworkTopologyImpl.java:add(111)) - Added a new node: /default-rack/406c90ca-93e0-4c35-9202-d1a6c1200adf
2020-08-11 10:22:16,309 [IPC Server handler 12 on default port 46527] INFO  node.SCMNodeManager (SCMNodeManager.java:register(274)) - Registered Data node : 406c90ca-93e0-4c35-9202-d1a6c1200adf{ip: 172.17.0.2, host: 5c5695bd1bfd, networkLocation: /default-rack, certSerialId: null}
2020-08-11 10:22:16,309 [EventQueue-NodeRegistrationContainerReportForDataNodeSafeModeRule] INFO  safemode.SCMSafeModeManager (SCMSafeModeManager.java:validateSafeModeExitRules(214)) - DataNodeSafeModeRule rule is successfully validated
2020-08-11 10:22:16,309 [RatisPipelineUtilsThread] INFO  pipeline.RatisPipelineProvider (RatisPipelineProvider.java:lambda$create$0(138)) - Sending CreatePipelineCommand for pipeline:PipelineID=35e5ad47-5501-4de8-90b9-b14d1dcb1247 to datanode:406c90ca-93e0-4c35-9202-d1a6c1200adf
2020-08-11 10:22:16,310 [EventQueue-NodeRegistrationContainerReportForContainerSafeModeRule] INFO  safemode.SCMSafeModeManager (SCMSafeModeManager.java:validateSafeModeExitRules(214)) - ContainerSafeModeRule rule is successfully validated
2020-08-11 10:22:16,311 [RatisPipelineUtilsThread] INFO  pipeline.PipelineStateManager (PipelineStateManager.java:addPipeline(54)) - Created pipeline Pipeline[ Id: 35e5ad47-5501-4de8-90b9-b14d1dcb1247, Nodes: 406c90ca-93e0-4c35-9202-d1a6c1200adf{ip: 172.17.0.2, host: 5c5695bd1bfd, networkLocation: /default-rack, certSerialId: null}, Type:RATIS, Factor:ONE, State:ALLOCATED, leaderId:, CreationTimestamp2020-08-11T10:22:16.309Z]
2020-08-11 10:22:16,437 [IPC Server handler 15 on default port 46527] INFO  net.NetworkTopology (NetworkTopologyImpl.java:add(111)) - Added a new node: /default-rack/8c118799-e191-4e7e-ab0c-0c1f4e4855fe
2020-08-11 10:22:16,438 [IPC Server handler 15 on default port 46527] INFO  node.SCMNodeManager (SCMNodeManager.java:register(274)) - Registered Data node : 8c118799-e191-4e7e-ab0c-0c1f4e4855fe{ip: 172.17.0.2, host: 5c5695bd1bfd, networkLocation: /default-rack, certSerialId: null}
2020-08-11 10:22:16,438 [EventQueue-NodeRegistrationContainerReportForContainerSafeModeRule] INFO  safemode.SCMSafeModeManager (SCMSafeModeManager.java:validateSafeModeExitRules(214)) - ContainerSafeModeRule rule is successfully validated
2020-08-11 10:22:16,438 [EventQueue-NodeRegistrationContainerReportForDataNodeSafeModeRule] INFO  safemode.SCMSafeModeManager (SCMSafeModeManager.java:validateSafeModeExitRules(214)) - DataNodeSafeModeRule rule is successfully validated
2020-08-11 10:22:16,438 [RatisPipelineUtilsThread] INFO  pipeline.RatisPipelineProvider (RatisPipelineProvider.java:lambda$create$0(138)) - Sending CreatePipelineCommand for pipeline:PipelineID=3a6f4b9e-d30b-46b5-ba69-02ee26485f32 to datanode:8c118799-e191-4e7e-ab0c-0c1f4e4855fe
2020-08-11 10:22:16,439 [RatisPipelineUtilsThread] INFO  pipeline.PipelineStateManager (PipelineStateManager.java:addPipeline(54)) - Created pipeline Pipeline[ Id: 3a6f4b9e-d30b-46b5-ba69-02ee26485f32, Nodes: 8c118799-e191-4e7e-ab0c-0c1f4e4855fe{ip: 172.17.0.2, host: 5c5695bd1bfd, networkLocation: /default-rack, certSerialId: null}, Type:RATIS, Factor:ONE, State:ALLOCATED, leaderId:, CreationTimestamp2020-08-11T10:22:16.438Z]
2020-08-11 10:22:16,557 [IPC Server handler 14 on default port 46527] INFO  net.NetworkTopology (NetworkTopologyImpl.java:add(111)) - Added a new node: /default-rack/733040ef-1be9-4bd5-8407-b94c2bc1538c
2020-08-11 10:22:16,557 [IPC Server handler 14 on default port 46527] INFO  node.SCMNodeManager (SCMNodeManager.java:register(274)) - Registered Data node : 733040ef-1be9-4bd5-8407-b94c2bc1538c{ip: 172.17.0.2, host: 5c5695bd1bfd, networkLocation: /default-rack, certSerialId: null}
2020-08-11 10:22:16,558 [EventQueue-NodeRegistrationContainerReportForContainerSafeModeRule] INFO  safemode.SCMSafeModeManager (SCMSafeModeManager.java:validateSafeModeExitRules(214)) - ContainerSafeModeRule rule is successfully validated
2020-08-11 10:22:16,558 [EventQueue-NodeRegistrationContainerReportForDataNodeSafeModeRule] INFO  safemode.SCMSafeModeManager (SCMSafeModeManager.java:validateSafeModeExitRules(214)) - DataNodeSafeModeRule rule is successfully validated
2020-08-11 10:22:16,562 [RatisPipelineUtilsThread] INFO  pipeline.RatisPipelineProvider (RatisPipelineProvider.java:lambda$create$0(138)) - Sending CreatePipelineCommand for pipeline:PipelineID=d0f18e90-7320-4b3f-869e-0fb66349b952 to datanode:733040ef-1be9-4bd5-8407-b94c2bc1538c
2020-08-11 10:22:16,562 [RatisPipelineUtilsThread] INFO  pipeline.PipelineStateManager (PipelineStateManager.java:addPipeline(54)) - Created pipeline Pipeline[ Id: d0f18e90-7320-4b3f-869e-0fb66349b952, Nodes: 733040ef-1be9-4bd5-8407-b94c2bc1538c{ip: 172.17.0.2, host: 5c5695bd1bfd, networkLocation: /default-rack, certSerialId: null}, Type:RATIS, Factor:ONE, State:ALLOCATED, leaderId:, CreationTimestamp2020-08-11T10:22:16.562Z]
2020-08-11 10:22:16,563 [RatisPipelineUtilsThread] INFO  pipeline.RatisPipelineProvider (RatisPipelineProvider.java:lambda$create$0(138)) - Sending CreatePipelineCommand for pipeline:PipelineID=57316020-1602-4716-8c19-14f6f6330515 to datanode:8c118799-e191-4e7e-ab0c-0c1f4e4855fe
2020-08-11 10:22:16,563 [RatisPipelineUtilsThread] INFO  pipeline.RatisPipelineProvider (RatisPipelineProvider.java:lambda$create$0(138)) - Sending CreatePipelineCommand for pipeline:PipelineID=57316020-1602-4716-8c19-14f6f6330515 to datanode:733040ef-1be9-4bd5-8407-b94c2bc1538c
2020-08-11 10:22:16,563 [RatisPipelineUtilsThread] INFO  pipeline.RatisPipelineProvider (RatisPipelineProvider.java:lambda$create$0(138)) - Sending CreatePipelineCommand for pipeline:PipelineID=57316020-1602-4716-8c19-14f6f6330515 to datanode:406c90ca-93e0-4c35-9202-d1a6c1200adf
2020-08-11 10:22:16,563 [RatisPipelineUtilsThread] INFO  pipeline.PipelineStateManager (PipelineStateManager.java:addPipeline(54)) - Created pipeline Pipeline[ Id: 57316020-1602-4716-8c19-14f6f6330515, Nodes: 8c118799-e191-4e7e-ab0c-0c1f4e4855fe{ip: 172.17.0.2, host: 5c5695bd1bfd, networkLocation: /default-rack, certSerialId: null}733040ef-1be9-4bd5-8407-b94c2bc1538c{ip: 172.17.0.2, host: 5c5695bd1bfd, networkLocation: /default-rack, certSerialId: null}406c90ca-93e0-4c35-9202-d1a6c1200adf{ip: 172.17.0.2, host: 5c5695bd1bfd, networkLocation: /default-rack, certSerialId: null}, Type:RATIS, Factor:THREE, State:ALLOCATED, leaderId:, CreationTimestamp2020-08-11T10:22:16.563Z]
2020-08-11 10:22:16,685 [IPC Server handler 1 on default port 46527] INFO  net.NetworkTopology (NetworkTopologyImpl.java:add(111)) - Added a new node: /default-rack/a40e82d7-9af1-4aed-a8c0-412ae681934d
2020-08-11 10:22:16,685 [IPC Server handler 1 on default port 46527] INFO  node.SCMNodeManager (SCMNodeManager.java:register(274)) - Registered Data node : a40e82d7-9af1-4aed-a8c0-412ae681934d{ip: 172.17.0.2, host: 5c5695bd1bfd, networkLocation: /default-rack, certSerialId: null}
2020-08-11 10:22:16,685 [EventQueue-NodeRegistrationContainerReportForContainerSafeModeRule] INFO  safemode.SCMSafeModeManager (SCMSafeModeManager.java:validateSafeModeExitRules(214)) - ContainerSafeModeRule rule is successfully validated
2020-08-11 10:22:16,686 [EventQueue-NodeRegistrationContainerReportForDataNodeSafeModeRule] INFO  safemode.SCMSafeModeManager (SCMSafeModeManager.java:validateSafeModeExitRules(214)) - DataNodeSafeModeRule rule is successfully validated
2020-08-11 10:22:16,686 [RatisPipelineUtilsThread] INFO  pipeline.RatisPipelineProvider (RatisPipelineProvider.java:lambda$create$0(138)) - Sending CreatePipelineCommand for pipeline:PipelineID=bf751c2a-1097-4d64-a01e-2a8656f9c27e to datanode:a40e82d7-9af1-4aed-a8c0-412ae681934d
2020-08-11 10:22:16,687 [RatisPipelineUtilsThread] INFO  pipeline.PipelineStateManager (PipelineStateManager.java:addPipeline(54)) - Created pipeline Pipeline[ Id: bf751c2a-1097-4d64-a01e-2a8656f9c27e, Nodes: a40e82d7-9af1-4aed-a8c0-412ae681934d{ip: 172.17.0.2, host: 5c5695bd1bfd, networkLocation: /default-rack, certSerialId: null}, Type:RATIS, Factor:ONE, State:ALLOCATED, leaderId:, CreationTimestamp2020-08-11T10:22:16.686Z]
2020-08-11 10:22:16,806 [IPC Server handler 2 on default port 46527] INFO  net.NetworkTopology (NetworkTopologyImpl.java:add(111)) - Added a new node: /default-rack/ca417779-88b3-4dc1-a56d-e28a15aec768
2020-08-11 10:22:16,806 [IPC Server handler 2 on default port 46527] INFO  node.SCMNodeManager (SCMNodeManager.java:register(274)) - Registered Data node : ca417779-88b3-4dc1-a56d-e28a15aec768{ip: 172.17.0.2, host: 5c5695bd1bfd, networkLocation: /default-rack, certSerialId: null}
2020-08-11 10:22:16,806 [EventQueue-NodeRegistrationContainerReportForContainerSafeModeRule] INFO  safemode.SCMSafeModeManager (SCMSafeModeManager.java:validateSafeModeExitRules(214)) - ContainerSafeModeRule rule is successfully validated
2020-08-11 10:22:16,806 [EventQueue-NodeRegistrationContainerReportForDataNodeSafeModeRule] INFO  safemode.SCMSafeModeManager (SCMSafeModeManager.java:validateSafeModeExitRules(214)) - DataNodeSafeModeRule rule is successfully validated
2020-08-11 10:22:16,807 [RatisPipelineUtilsThread] INFO  pipeline.RatisPipelineProvider (RatisPipelineProvider.java:lambda$create$0(138)) - Sending CreatePipelineCommand for pipeline:PipelineID=d76c1405-0cba-4f41-bc9b-dc4a33484a9d to datanode:ca417779-88b3-4dc1-a56d-e28a15aec768
2020-08-11 10:22:16,807 [RatisPipelineUtilsThread] INFO  pipeline.PipelineStateManager (PipelineStateManager.java:addPipeline(54)) - Created pipeline Pipeline[ Id: d76c1405-0cba-4f41-bc9b-dc4a33484a9d, Nodes: ca417779-88b3-4dc1-a56d-e28a15aec768{ip: 172.17.0.2, host: 5c5695bd1bfd, networkLocation: /default-rack, certSerialId: null}, Type:RATIS, Factor:ONE, State:ALLOCATED, leaderId:, CreationTimestamp2020-08-11T10:22:16.807Z]
2020-08-11 10:22:16,923 [Listener at 127.0.0.1/39953] INFO  ozone.MiniOzoneClusterImpl (MiniOzoneClusterImpl.java:lambda$waitForClusterToBeReady$0(177)) - Waiting for nodes to be ready. Got 8 of 9 DN Heartbeats.
2020-08-11 10:22:16,923 [Listener at 127.0.0.1/39953] INFO  ozone.MiniOzoneClusterImpl (MiniOzoneClusterImpl.java:lambda$waitForClusterToBeReady$0(180)) - Waiting for cluster to exit safe mode
2020-08-11 10:22:16,929 [IPC Server handler 3 on default port 46527] INFO  net.NetworkTopology (NetworkTopologyImpl.java:add(111)) - Added a new node: /default-rack/8e0471e9-03e2-4e0b-80e1-583d5c951362
2020-08-11 10:22:16,929 [IPC Server handler 3 on default port 46527] INFO  node.SCMNodeManager (SCMNodeManager.java:register(274)) - Registered Data node : 8e0471e9-03e2-4e0b-80e1-583d5c951362{ip: 172.17.0.2, host: 5c5695bd1bfd, networkLocation: /default-rack, certSerialId: null}
2020-08-11 10:22:16,929 [EventQueue-NodeRegistrationContainerReportForContainerSafeModeRule] INFO  safemode.SCMSafeModeManager (SCMSafeModeManager.java:validateSafeModeExitRules(214)) - ContainerSafeModeRule rule is successfully validated
2020-08-11 10:22:16,929 [EventQueue-NodeRegistrationContainerReportForDataNodeSafeModeRule] INFO  safemode.SCMSafeModeManager (SCMSafeModeManager.java:validateSafeModeExitRules(214)) - DataNodeSafeModeRule rule is successfully validated
2020-08-11 10:22:16,930 [RatisPipelineUtilsThread] INFO  pipeline.RatisPipelineProvider (RatisPipelineProvider.java:lambda$create$0(138)) - Sending CreatePipelineCommand for pipeline:PipelineID=3d2e70ea-3041-4ad4-bd86-94ed43ab3ef2 to datanode:8e0471e9-03e2-4e0b-80e1-583d5c951362
2020-08-11 10:22:16,930 [RatisPipelineUtilsThread] INFO  pipeline.PipelineStateManager (PipelineStateManager.java:addPipeline(54)) - Created pipeline Pipeline[ Id: 3d2e70ea-3041-4ad4-bd86-94ed43ab3ef2, Nodes: 8e0471e9-03e2-4e0b-80e1-583d5c951362{ip: 172.17.0.2, host: 5c5695bd1bfd, networkLocation: /default-rack, certSerialId: null}, Type:RATIS, Factor:ONE, State:ALLOCATED, leaderId:, CreationTimestamp2020-08-11T10:22:16.930Z]
2020-08-11 10:22:16,931 [RatisPipelineUtilsThread] INFO  pipeline.RatisPipelineProvider (RatisPipelineProvider.java:lambda$create$0(138)) - Sending CreatePipelineCommand for pipeline:PipelineID=1f22e5c4-89e1-473e-bf2e-4936644038fc to datanode:a40e82d7-9af1-4aed-a8c0-412ae681934d
2020-08-11 10:22:16,931 [RatisPipelineUtilsThread] INFO  pipeline.RatisPipelineProvider (RatisPipelineProvider.java:lambda$create$0(138)) - Sending CreatePipelineCommand for pipeline:PipelineID=1f22e5c4-89e1-473e-bf2e-4936644038fc to datanode:ca417779-88b3-4dc1-a56d-e28a15aec768
2020-08-11 10:22:16,931 [RatisPipelineUtilsThread] INFO  pipeline.RatisPipelineProvider (RatisPipelineProvider.java:lambda$create$0(138)) - Sending CreatePipelineCommand for pipeline:PipelineID=1f22e5c4-89e1-473e-bf2e-4936644038fc to datanode:8e0471e9-03e2-4e0b-80e1-583d5c951362
2020-08-11 10:22:16,932 [RatisPipelineUtilsThread] INFO  pipeline.PipelineStateManager (PipelineStateManager.java:addPipeline(54)) - Created pipeline Pipeline[ Id: 1f22e5c4-89e1-473e-bf2e-4936644038fc, Nodes: a40e82d7-9af1-4aed-a8c0-412ae681934d{ip: 172.17.0.2, host: 5c5695bd1bfd, networkLocation: /default-rack, certSerialId: null}ca417779-88b3-4dc1-a56d-e28a15aec768{ip: 172.17.0.2, host: 5c5695bd1bfd, networkLocation: /default-rack, certSerialId: null}8e0471e9-03e2-4e0b-80e1-583d5c951362{ip: 172.17.0.2, host: 5c5695bd1bfd, networkLocation: /default-rack, certSerialId: null}, Type:RATIS, Factor:THREE, State:ALLOCATED, leaderId:, CreationTimestamp2020-08-11T10:22:16.931Z]
2020-08-11 10:22:17,923 [Listener at 127.0.0.1/39953] INFO  ozone.MiniOzoneClusterImpl (MiniOzoneClusterImpl.java:lambda$waitForClusterToBeReady$0(177)) - Nodes are ready. Got 9 of 9 DN Heartbeats.
2020-08-11 10:22:17,923 [Listener at 127.0.0.1/39953] INFO  ozone.MiniOzoneClusterImpl (MiniOzoneClusterImpl.java:lambda$waitForClusterToBeReady$0(180)) - Waiting for cluster to exit safe mode
2020-08-11 10:22:18,923 [Listener at 127.0.0.1/39953] INFO  ozone.MiniOzoneClusterImpl (MiniOzoneClusterImpl.java:lambda$waitForClusterToBeReady$0(177)) - Nodes are ready. Got 9 of 9 DN Heartbeats.
2020-08-11 10:22:18,924 [Listener at 127.0.0.1/39953] INFO  ozone.MiniOzoneClusterImpl (MiniOzoneClusterImpl.java:lambda$waitForClusterToBeReady$0(180)) - Waiting for cluster to exit safe mode
2020-08-11 10:22:18,964 [Command processor thread] INFO  impl.RaftServerProxy (RaftServerProxy.java:addNew(89)) - 234a1256-f899-4d30-a672-4552a70ba9bb: addNew group-15E061DC1BD6:[234a1256-f899-4d30-a672-4552a70ba9bb:172.17.0.2:33031] returns group-15E061DC1BD6:java.util.concurrent.CompletableFuture@2ae145b5[Not completed]
2020-08-11 10:22:18,967 [pool-502-thread-1] INFO  impl.RaftServerImpl (RaftServerImpl.java:<init>(107)) - 234a1256-f899-4d30-a672-4552a70ba9bb: new RaftServerImpl for group-15E061DC1BD6:[234a1256-f899-4d30-a672-4552a70ba9bb:172.17.0.2:33031] with ContainerStateMachine:uninitialized
2020-08-11 10:22:18,967 [pool-502-thread-1] INFO  server.RaftServerConfigKeys (ConfUtils.java:logGet(44)) - raft.server.rpc.timeout.min = 5s (custom)
2020-08-11 10:22:18,967 [pool-502-thread-1] INFO  server.RaftServerConfigKeys (ConfUtils.java:logGet(44)) - raft.server.rpc.timeout.max = 5200ms (custom)
2020-08-11 10:22:18,968 [pool-502-thread-1] INFO  server.RaftServerConfigKeys (ConfUtils.java:logGet(44)) - raft.server.rpcslowness.timeout = 300000ms (custom)
2020-08-11 10:22:18,968 [pool-502-thread-1] INFO  server.RaftServerConfigKeys (ConfUtils.java:logGet(44)) - raft.server.sleep.deviation.threshold = 300 (default)
2020-08-11 10:22:18,968 [pool-502-thread-1] INFO  server.RaftServerConfigKeys (ConfUtils.java:logGet(44)) - raft.server.log.appender.install.snapshot.enabled = false (custom)
2020-08-11 10:22:18,968 [pool-502-thread-1] INFO  impl.RaftServerImpl (ServerState.java:<init>(103)) - 234a1256-f899-4d30-a672-4552a70ba9bb@group-15E061DC1BD6: ConfigurationManager, init=-1: [234a1256-f899-4d30-a672-4552a70ba9bb:172.17.0.2:33031], old=null, confs=<EMPTY_MAP>
2020-08-11 10:22:18,968 [pool-502-thread-1] INFO  server.RaftServerConfigKeys (ConfUtils.java:logGet(44)) - raft.server.storage.dir = [/github/workspace/mnt/ozone/hadoop-ozone/integration-test/target/test-dir/MiniOzoneClusterImpl-8391e218-a55d-4210-9d4e-82a64144cc20/datanode-0/data/ratis] (custom)
2020-08-11 10:22:18,968 [pool-502-thread-1] INFO  server.RaftServerConfigKeys (ConfUtils.java:logGet(44)) - raft.server.log.corruption.policy = EXCEPTION (default)
2020-08-11 10:22:18,968 [pool-502-thread-1] INFO  storage.RaftStorageDirectory (RaftStorageDirectory.java:analyzeStorage(261)) - The storage directory /github/workspace/mnt/ozone/hadoop-ozone/integration-test/target/test-dir/MiniOzoneClusterImpl-8391e218-a55d-4210-9d4e-82a64144cc20/datanode-0/data/ratis/e1571141-e086-45a3-9f16-15e061dc1bd6 does not exist. Creating ...
2020-08-11 10:22:18,969 [pool-502-thread-1] INFO  storage.RaftStorageDirectory (RaftStorageDirectory.java:tryLock(343)) - Lock on /github/workspace/mnt/ozone/hadoop-ozone/integration-test/target/test-dir/MiniOzoneClusterImpl-8391e218-a55d-4210-9d4e-82a64144cc20/datanode-0/data/ratis/e1571141-e086-45a3-9f16-15e061dc1bd6/in_use.lock acquired by nodename 312@5c5695bd1bfd
2020-08-11 10:22:18,971 [pool-502-thread-1] INFO  storage.RaftStorage (RaftStorage.java:format(84)) - Storage directory /github/workspace/mnt/ozone/hadoop-ozone/integration-test/target/test-dir/MiniOzoneClusterImpl-8391e218-a55d-4210-9d4e-82a64144cc20/datanode-0/data/ratis/e1571141-e086-45a3-9f16-15e061dc1bd6 has been successfully formatted.
2020-08-11 10:22:18,971 [pool-502-thread-1] INFO  ratis.ContainerStateMachine (ContainerStateMachine.java:loadSnapshot(225)) - group-15E061DC1BD6: The snapshot info is null. Setting the last applied indexto:(t:0, i:~)
2020-08-11 10:22:18,971 [pool-502-thread-1] INFO  server.RaftServerConfigKeys (ConfUtils.java:logGet(44)) - raft.server.notification.no-leader.timeout = 300000ms (custom)
2020-08-11 10:22:18,971 [pool-502-thread-1] INFO  server.RaftServerConfigKeys (ConfUtils.java:logGet(44)) - raft.server.log.use.memory = false (default)
2020-08-11 10:22:18,971 [Datanode State Machine Thread - 0] WARN  statemachine.DatanodeStateMachine (DatanodeStateMachine.java:start(245)) - Interrupt the execution.
java.lang.InterruptedException: sleep interrupted
	at java.lang.Thread.sleep(Native Method)
	at org.apache.hadoop.ozone.container.common.statemachine.DatanodeStateMachine.start(DatanodeStateMachine.java:243)
	at org.apache.hadoop.ozone.container.common.statemachine.DatanodeStateMachine.lambda$startDaemon$0(DatanodeStateMachine.java:405)
	at java.lang.Thread.run(Thread.java:748)
2020-08-11 10:22:18,971 [pool-502-thread-1] INFO  server.RaftServerConfigKeys (ConfUtils.java:logGet(44)) - raft.server.log.purge.gap = 1000000 (custom)
2020-08-11 10:22:18,971 [pool-502-thread-1] INFO  metrics.RatisMetrics (RatisMetrics.java:lambda$create$0(36)) - Creating Metrics Registry : ratis.log_worker.234a1256-f899-4d30-a672-4552a70ba9bb@group-15E061DC1BD6
2020-08-11 10:22:18,972 [pool-502-thread-1] INFO  server.RaftServerConfigKeys (ConfUtils.java:logGet(44)) - raft.server.log.appender.buffer.byte-limit = 33554432 (custom)
2020-08-11 10:22:18,972 [pool-502-thread-1] INFO  server.RaftServerConfigKeys (ConfUtils.java:logGet(44)) - raft.server.log.segment.size.max = 1048576 (custom)
2020-08-11 10:22:18,972 [EventQueue-PipelineReportForPipelineReportHandler] INFO  pipeline.PipelineStateManager (PipelineStateManager.java:openPipeline(131)) - Pipeline Pipeline[ Id: e1571141-e086-45a3-9f16-15e061dc1bd6, Nodes: 234a1256-f899-4d30-a672-4552a70ba9bb{ip: 172.17.0.2, host: 5c5695bd1bfd, networkLocation: /default-rack, certSerialId: null}, Type:RATIS, Factor:ONE, State:ALLOCATED, leaderId:234a1256-f899-4d30-a672-4552a70ba9bb, CreationTimestamp2020-08-11T10:22:15.968Z] moved to OPEN state
2020-08-11 10:22:18,973 [pool-502-thread-1] INFO  server.RaftServerConfigKeys (ConfUtils.java:logGet(44)) - raft.server.log.segment.cache.num.max = 2 (custom)
2020-08-11 10:22:18,973 [EventQueue-OpenPipelineForOneReplicaPipelineSafeModeRule] INFO  safemode.SCMSafeModeManager (SCMSafeModeManager.java:validateSafeModeExitRules(214)) - AtleastOneDatanodeReportedRule rule is successfully validated
2020-08-11 10:22:18,973 [pool-502-thread-1] INFO  segmented.SegmentedRaftLogWorker (SegmentedRaftLogWorker.java:<init>(180)) - new 234a1256-f899-4d30-a672-4552a70ba9bb@group-15E061DC1BD6-SegmentedRaftLogWorker for RaftStorage:Storage Directory /github/workspace/mnt/ozone/hadoop-ozone/integration-test/target/test-dir/MiniOzoneClusterImpl-8391e218-a55d-4210-9d4e-82a64144cc20/datanode-0/data/ratis/e1571141-e086-45a3-9f16-15e061dc1bd6
2020-08-11 10:22:18,973 [pool-502-thread-1] INFO  server.RaftServerConfigKeys (ConfUtils.java:logGet(44)) - raft.server.log.queue.byte-limit = 2147483647 (custom)
2020-08-11 10:22:18,974 [pool-502-thread-1] INFO  server.RaftServerConfigKeys (ConfUtils.java:logGet(44)) - raft.server.log.queue.element-limit = 1024 (custom)
2020-08-11 10:22:18,974 [pool-502-thread-1] INFO  server.RaftServerConfigKeys (ConfUtils.java:logGet(44)) - raft.server.log.segment.size.max = 1048576 (custom)
2020-08-11 10:22:18,974 [pool-502-thread-1] INFO  server.RaftServerConfigKeys (ConfUtils.java:logGet(44)) - raft.server.log.preallocated.size = 16384 (custom)
2020-08-11 10:22:18,974 [pool-502-thread-1] INFO  server.RaftServerConfigKeys (ConfUtils.java:logGet(44)) - raft.server.log.write.buffer.size = 1048576 (custom)
2020-08-11 10:22:18,974 [pool-502-thread-1] INFO  server.RaftServerConfigKeys (ConfUtils.java:logGet(44)) - raft.server.log.force.sync.num = 128 (default)
2020-08-11 10:22:18,974 [pool-502-thread-1] INFO  server.RaftServerConfigKeys (ConfUtils.java:logGet(44)) - raft.server.log.statemachine.data.sync = true (default)
2020-08-11 10:22:18,974 [pool-502-thread-1] INFO  server.RaftServerConfigKeys (ConfUtils.java:logGet(44)) - raft.server.log.statemachine.data.sync.timeout = 10s (default)
2020-08-11 10:22:18,974 [pool-502-thread-1] INFO  server.RaftServerConfigKeys (ConfUtils.java:logGet(44)) - raft.server.log.statemachine.data.sync.timeout.retry = -1 (default)
2020-08-11 10:22:18,976 [pool-502-thread-1] INFO  server.RaftServerConfigKeys (ConfUtils.java:logGet(44)) - raft.server.log.statemachine.data.caching.enabled = true (custom)
2020-08-11 10:22:18,976 [pool-502-thread-1] INFO  segmented.SegmentedRaftLogWorker (SegmentedRaftLogWorker.java:lambda$new$0(129)) - 234a1256-f899-4d30-a672-4552a70ba9bb@group-15E061DC1BD6-SegmentedRaftLogWorker: flushIndex: setUnconditionally 0 -> -1
2020-08-11 10:22:18,976 [pool-502-thread-1] INFO  segmented.SegmentedRaftLogWorker (SegmentedRaftLogWorker.java:lambda$new$0(129)) - 234a1256-f899-4d30-a672-4552a70ba9bb@group-15E061DC1BD6-SegmentedRaftLogWorker: safeCacheEvictIndex: setUnconditionally 0 -> -1
2020-08-11 10:22:18,977 [EventQueue-OpenPipelineForHealthyPipelineSafeModeRule] INFO  safemode.SCMSafeModeManager (HealthyPipelineSafeModeRule.java:process(129)) - SCM in safe mode. Healthy pipelines reported count is 0, required healthy pipeline reported count is 1
2020-08-11 10:22:18,977 [pool-502-thread-1] INFO  server.RaftServerConfigKeys (ConfUtils.java:logGet(44)) - raft.server.snapshot.auto.trigger.enabled = true (custom)
2020-08-11 10:22:18,977 [pool-502-thread-1] INFO  server.RaftServerConfigKeys (ConfUtils.java:logGet(44)) - raft.server.snapshot.auto.trigger.threshold = 10000 (custom)
2020-08-11 10:22:18,977 [pool-502-thread-1] INFO  server.RaftServerConfigKeys (ConfUtils.java:logGet(44)) - raft.server.snapshot.retention.file.num = 5 (custom)
2020-08-11 10:22:18,977 [pool-502-thread-1] INFO  server.RaftServerConfigKeys (ConfUtils.java:logGet(44)) - raft.server.log.purge.upto.snapshot.index = false (default)
2020-08-11 10:22:18,977 [pool-502-thread-1] INFO  server.RaftServerConfigKeys (ConfUtils.java:logGet(44)) - raft.server.retrycache.expirytime = 600000ms (custom)
2020-08-11 10:22:18,977 [pool-502-thread-1] INFO  metrics.RatisMetrics (RatisMetrics.java:lambda$create$0(36)) - Creating Metrics Registry : ratis.leader_election.234a1256-f899-4d30-a672-4552a70ba9bb@group-15E061DC1BD6
2020-08-11 10:22:18,978 [pool-502-thread-1] INFO  metrics.RatisMetrics (RatisMetrics.java:lambda$create$0(36)) - Creating Metrics Registry : ratis.server.234a1256-f899-4d30-a672-4552a70ba9bb@group-15E061DC1BD6
2020-08-11 10:22:18,979 [pool-502-thread-1] INFO  impl.RaftServerImpl (RaftServerImpl.java:start(196)) - 234a1256-f899-4d30-a672-4552a70ba9bb@group-15E061DC1BD6: start as a follower, conf=-1: [234a1256-f899-4d30-a672-4552a70ba9bb:172.17.0.2:33031], old=null
2020-08-11 10:22:18,979 [pool-502-thread-1] INFO  impl.RaftServerImpl (RaftServerImpl.java:setRole(185)) - 234a1256-f899-4d30-a672-4552a70ba9bb@group-15E061DC1BD6: changes role from      null to FOLLOWER at term 0 for startAsFollower
2020-08-11 10:22:18,979 [pool-502-thread-1] INFO  impl.RoleInfo (RoleInfo.java:updateAndGet(143)) - 234a1256-f899-4d30-a672-4552a70ba9bb: start FollowerState
2020-08-11 10:22:18,980 [pool-502-thread-1] INFO  util.JmxRegister (JmxRegister.java:tryRegister(44)) - Successfully registered JMX Bean with object name Ratis:service=RaftServer,group=group-15E061DC1BD6,id=234a1256-f899-4d30-a672-4552a70ba9bb
2020-08-11 10:22:18,980 [pool-502-thread-1] INFO  metrics.RatisMetrics (RatisMetrics.java:lambda$create$0(36)) - Creating Metrics Registry : ratis.state_machine.234a1256-f899-4d30-a672-4552a70ba9bb@group-15E061DC1BD6
2020-08-11 10:22:18,981 [Command processor thread] INFO  commandhandler.CreatePipelineCommandHandler (CreatePipelineCommandHandler.java:handle(110)) - Created Pipeline RATIS ONE #id: "e1571141-e086-45a3-9f16-15e061dc1bd6"
uuid128 {
  mostSigBits: -2209278117564496477
  leastSigBits: -6983370118732702762
}
.
2020-08-11 10:22:18,981 [Command processor thread] INFO  impl.RaftServerProxy (RaftServerProxy.java:addNew(89)) - 234a1256-f899-4d30-a672-4552a70ba9bb: addNew group-9DCD71CD2593:[234a1256-f899-4d30-a672-4552a70ba9bb:172.17.0.2:33031, d1bce0c3-0b11-4e04-b896-bd0ae9e1df71:172.17.0.2:45933, 69055b56-bf48-47fd-bece-64ae6d668fba:172.17.0.2:44699] returns group-9DCD71CD2593:java.util.concurrent.CompletableFuture@2edec431[Not completed]
2020-08-11 10:22:18,982 [pool-502-thread-1] INFO  impl.RaftServerImpl (RaftServerImpl.java:<init>(107)) - 234a1256-f899-4d30-a672-4552a70ba9bb: new RaftServerImpl for group-9DCD71CD2593:[234a1256-f899-4d30-a672-4552a70ba9bb:172.17.0.2:33031, d1bce0c3-0b11-4e04-b896-bd0ae9e1df71:172.17.0.2:45933, 69055b56-bf48-47fd-bece-64ae6d668fba:172.17.0.2:44699] with ContainerStateMachine:uninitialized
2020-08-11 10:22:18,982 [pool-502-thread-1] INFO  server.RaftServerConfigKeys (ConfUtils.java:logGet(44)) - raft.server.rpc.timeout.min = 5s (custom)
2020-08-11 10:22:18,982 [pool-502-thread-1] INFO  server.RaftServerConfigKeys (ConfUtils.java:logGet(44)) - raft.server.rpc.timeout.max = 5200ms (custom)
2020-08-11 10:22:18,982 [pool-502-thread-1] INFO  server.RaftServerConfigKeys (ConfUtils.java:logGet(44)) - raft.server.rpcslowness.timeout = 300000ms (custom)
2020-08-11 10:22:18,982 [pool-502-thread-1] INFO  server.RaftServerConfigKeys (ConfUtils.java:logGet(44)) - raft.server.sleep.deviation.threshold = 300 (default)
2020-08-11 10:22:18,983 [pool-502-thread-1] INFO  server.RaftServerConfigKeys (ConfUtils.java:logGet(44)) - raft.server.log.appender.install.snapshot.enabled = false (custom)
2020-08-11 10:22:18,983 [pool-502-thread-1] INFO  impl.RaftServerImpl (ServerState.java:<init>(103)) - 234a1256-f899-4d30-a672-4552a70ba9bb@group-9DCD71CD2593: ConfigurationManager, init=-1: [234a1256-f899-4d30-a672-4552a70ba9bb:172.17.0.2:33031, d1bce0c3-0b11-4e04-b896-bd0ae9e1df71:172.17.0.2:45933, 69055b56-bf48-47fd-bece-64ae6d668fba:172.17.0.2:44699], old=null, confs=<EMPTY_MAP>
2020-08-11 10:22:18,983 [pool-502-thread-1] INFO  server.RaftServerConfigKeys (ConfUtils.java:logGet(44)) - raft.server.storage.dir = [/github/workspace/mnt/ozone/hadoop-ozone/integration-test/target/test-dir/MiniOzoneClusterImpl-8391e218-a55d-4210-9d4e-82a64144cc20/datanode-0/data/ratis] (custom)
2020-08-11 10:22:18,983 [pool-502-thread-1] INFO  server.RaftServerConfigKeys (ConfUtils.java:logGet(44)) - raft.server.log.corruption.policy = EXCEPTION (default)
2020-08-11 10:22:18,983 [pool-502-thread-1] INFO  storage.RaftStorageDirectory (RaftStorageDirectory.java:analyzeStorage(261)) - The storage directory /github/workspace/mnt/ozone/hadoop-ozone/integration-test/target/test-dir/MiniOzoneClusterImpl-8391e218-a55d-4210-9d4e-82a64144cc20/datanode-0/data/ratis/773867e7-0762-4e2f-b39b-9dcd71cd2593 does not exist. Creating ...
2020-08-11 10:22:18,984 [pool-502-thread-1] INFO  storage.RaftStorageDirectory (RaftStorageDirectory.java:tryLock(343)) - Lock on /github/workspace/mnt/ozone/hadoop-ozone/integration-test/target/test-dir/MiniOzoneClusterImpl-8391e218-a55d-4210-9d4e-82a64144cc20/datanode-0/data/ratis/773867e7-0762-4e2f-b39b-9dcd71cd2593/in_use.lock acquired by nodename 312@5c5695bd1bfd
2020-08-11 10:22:18,985 [pool-502-thread-1] INFO  storage.RaftStorage (RaftStorage.java:format(84)) - Storage directory /github/workspace/mnt/ozone/hadoop-ozone/integration-test/target/test-dir/MiniOzoneClusterImpl-8391e218-a55d-4210-9d4e-82a64144cc20/datanode-0/data/ratis/773867e7-0762-4e2f-b39b-9dcd71cd2593 has been successfully formatted.
2020-08-11 10:22:18,986 [pool-502-thread-1] INFO  ratis.ContainerStateMachine (ContainerStateMachine.java:loadSnapshot(225)) - group-9DCD71CD2593: The snapshot info is null. Setting the last applied indexto:(t:0, i:~)
2020-08-11 10:22:18,986 [pool-502-thread-1] INFO  server.RaftServerConfigKeys (ConfUtils.java:logGet(44)) - raft.server.notification.no-leader.timeout = 300000ms (custom)
2020-08-11 10:22:18,986 [pool-502-thread-1] INFO  server.RaftServerConfigKeys (ConfUtils.java:logGet(44)) - raft.server.log.use.memory = false (default)
2020-08-11 10:22:18,986 [pool-502-thread-1] INFO  server.RaftServerConfigKeys (ConfUtils.java:logGet(44)) - raft.server.log.purge.gap = 1000000 (custom)
2020-08-11 10:22:18,986 [pool-502-thread-1] INFO  metrics.RatisMetrics (RatisMetrics.java:lambda$create$0(36)) - Creating Metrics Registry : ratis.log_worker.234a1256-f899-4d30-a672-4552a70ba9bb@group-9DCD71CD2593
2020-08-11 10:22:18,986 [Datanode State Machine Thread - 0] WARN  statemachine.DatanodeStateMachine (DatanodeStateMachine.java:start(245)) - Interrupt the execution.
java.lang.InterruptedException: sleep interrupted
	at java.lang.Thread.sleep(Native Method)
	at org.apache.hadoop.ozone.container.common.statemachine.DatanodeStateMachine.start(DatanodeStateMachine.java:243)
	at org.apache.hadoop.ozone.container.common.statemachine.DatanodeStateMachine.lambda$startDaemon$0(DatanodeStateMachine.java:405)
	at java.lang.Thread.run(Thread.java:748)
2020-08-11 10:22:18,986 [pool-502-thread-1] INFO  server.RaftServerConfigKeys (ConfUtils.java:logGet(44)) - raft.server.log.appender.buffer.byte-limit = 33554432 (custom)
2020-08-11 10:22:18,989 [pool-502-thread-1] INFO  server.RaftServerConfigKeys (ConfUtils.java:logGet(44)) - raft.server.log.segment.size.max = 1048576 (custom)
2020-08-11 10:22:18,991 [pool-502-thread-1] INFO  server.RaftServerConfigKeys (ConfUtils.java:logGet(44)) - raft.server.log.segment.cache.num.max = 2 (custom)
2020-08-11 10:22:18,991 [pool-502-thread-1] INFO  segmented.SegmentedRaftLogWorker (SegmentedRaftLogWorker.java:<init>(180)) - new 234a1256-f899-4d30-a672-4552a70ba9bb@group-9DCD71CD2593-SegmentedRaftLogWorker for RaftStorage:Storage Directory /github/workspace/mnt/ozone/hadoop-ozone/integration-test/target/test-dir/MiniOzoneClusterImpl-8391e218-a55d-4210-9d4e-82a64144cc20/datanode-0/data/ratis/773867e7-0762-4e2f-b39b-9dcd71cd2593
2020-08-11 10:22:18,991 [pool-502-thread-1] INFO  server.RaftServerConfigKeys (ConfUtils.java:logGet(44)) - raft.server.log.queue.byte-limit = 2147483647 (custom)
2020-08-11 10:22:18,991 [pool-502-thread-1] INFO  server.RaftServerConfigKeys (ConfUtils.java:logGet(44)) - raft.server.log.queue.element-limit = 1024 (custom)
2020-08-11 10:22:18,991 [pool-502-thread-1] INFO  server.RaftServerConfigKeys (ConfUtils.java:logGet(44)) - raft.server.log.segment.size.max = 1048576 (custom)
2020-08-11 10:22:18,991 [pool-502-thread-1] INFO  server.RaftServerConfigKeys (ConfUtils.java:logGet(44)) - raft.server.log.preallocated.size = 16384 (custom)
2020-08-11 10:22:18,991 [pool-502-thread-1] INFO  server.RaftServerConfigKeys (ConfUtils.java:logGet(44)) - raft.server.log.write.buffer.size = 1048576 (custom)
2020-08-11 10:22:18,991 [pool-502-thread-1] INFO  server.RaftServerConfigKeys (ConfUtils.java:logGet(44)) - raft.server.log.force.sync.num = 128 (default)
2020-08-11 10:22:18,991 [pool-502-thread-1] INFO  server.RaftServerConfigKeys (ConfUtils.java:logGet(44)) - raft.server.log.statemachine.data.sync = true (default)
2020-08-11 10:22:18,991 [pool-502-thread-1] INFO  server.RaftServerConfigKeys (ConfUtils.java:logGet(44)) - raft.server.log.statemachine.data.sync.timeout = 10s (default)
2020-08-11 10:22:18,991 [pool-502-thread-1] INFO  server.RaftServerConfigKeys (ConfUtils.java:logGet(44)) - raft.server.log.statemachine.data.sync.timeout.retry = -1 (default)
2020-08-11 10:22:18,994 [pool-502-thread-1] INFO  server.RaftServerConfigKeys (ConfUtils.java:logGet(44)) - raft.server.log.statemachine.data.caching.enabled = true (custom)
2020-08-11 10:22:18,994 [pool-502-thread-1] INFO  segmented.SegmentedRaftLogWorker (SegmentedRaftLogWorker.java:lambda$new$0(129)) - 234a1256-f899-4d30-a672-4552a70ba9bb@group-9DCD71CD2593-SegmentedRaftLogWorker: flushIndex: setUnconditionally 0 -> -1
2020-08-11 10:22:18,994 [pool-502-thread-1] INFO  segmented.SegmentedRaftLogWorker (SegmentedRaftLogWorker.java:lambda$new$0(129)) - 234a1256-f899-4d30-a672-4552a70ba9bb@group-9DCD71CD2593-SegmentedRaftLogWorker: safeCacheEvictIndex: setUnconditionally 0 -> -1
2020-08-11 10:22:18,994 [pool-502-thread-1] INFO  server.RaftServerConfigKeys (ConfUtils.java:logGet(44)) - raft.server.snapshot.auto.trigger.enabled = true (custom)
2020-08-11 10:22:18,994 [pool-502-thread-1] INFO  server.RaftServerConfigKeys (ConfUtils.java:logGet(44)) - raft.server.snapshot.auto.trigger.threshold = 10000 (custom)
2020-08-11 10:22:18,995 [pool-502-thread-1] INFO  server.RaftServerConfigKeys (ConfUtils.java:logGet(44)) - raft.server.snapshot.retention.file.num = 5 (custom)
2020-08-11 10:22:18,995 [pool-502-thread-1] INFO  server.RaftServerConfigKeys (ConfUtils.java:logGet(44)) - raft.server.log.purge.upto.snapshot.index = false (default)
2020-08-11 10:22:18,995 [pool-502-thread-1] INFO  server.RaftServerConfigKeys (ConfUtils.java:logGet(44)) - raft.server.retrycache.expirytime = 600000ms (custom)
2020-08-11 10:22:18,995 [pool-502-thread-1] INFO  metrics.RatisMetrics (RatisMetrics.java:lambda$create$0(36)) - Creating Metrics Registry : ratis.leader_election.234a1256-f899-4d30-a672-4552a70ba9bb@group-9DCD71CD2593
2020-08-11 10:22:18,995 [pool-502-thread-1] INFO  metrics.RatisMetrics (RatisMetrics.java:lambda$create$0(36)) - Creating Metrics Registry : ratis.server.234a1256-f899-4d30-a672-4552a70ba9bb@group-9DCD71CD2593
2020-08-11 10:22:18,997 [pool-502-thread-1] INFO  impl.RaftServerImpl (RaftServerImpl.java:start(196)) - 234a1256-f899-4d30-a672-4552a70ba9bb@group-9DCD71CD2593: start as a follower, conf=-1: [234a1256-f899-4d30-a672-4552a70ba9bb:172.17.0.2:33031, d1bce0c3-0b11-4e04-b896-bd0ae9e1df71:172.17.0.2:45933, 69055b56-bf48-47fd-bece-64ae6d668fba:172.17.0.2:44699], old=null
2020-08-11 10:22:18,997 [pool-502-thread-1] INFO  impl.RaftServerImpl (RaftServerImpl.java:setRole(185)) - 234a1256-f899-4d30-a672-4552a70ba9bb@group-9DCD71CD2593: changes role from      null to FOLLOWER at term 0 for startAsFollower
2020-08-11 10:22:18,997 [pool-502-thread-1] INFO  impl.RoleInfo (RoleInfo.java:updateAndGet(143)) - 234a1256-f899-4d30-a672-4552a70ba9bb: start FollowerState
2020-08-11 10:22:18,997 [pool-502-thread-1] INFO  util.JmxRegister (JmxRegister.java:tryRegister(44)) - Successfully registered JMX Bean with object name Ratis:service=RaftServer,group=group-9DCD71CD2593,id=234a1256-f899-4d30-a672-4552a70ba9bb
2020-08-11 10:22:18,997 [pool-502-thread-1] INFO  metrics.RatisMetrics (RatisMetrics.java:lambda$create$0(36)) - Creating Metrics Registry : ratis.state_machine.234a1256-f899-4d30-a672-4552a70ba9bb@group-9DCD71CD2593
2020-08-11 10:22:19,007 [grpc-default-executor-4] INFO  impl.RaftServerProxy (RaftServerProxy.java:addNew(89)) - d1bce0c3-0b11-4e04-b896-bd0ae9e1df71: addNew group-9DCD71CD2593:[234a1256-f899-4d30-a672-4552a70ba9bb:172.17.0.2:33031, d1bce0c3-0b11-4e04-b896-bd0ae9e1df71:172.17.0.2:45933, 69055b56-bf48-47fd-bece-64ae6d668fba:172.17.0.2:44699] returns group-9DCD71CD2593:java.util.concurrent.CompletableFuture@40862589[Not completed]
2020-08-11 10:22:19,011 [pool-532-thread-1] INFO  impl.RaftServerImpl (RaftServerImpl.java:<init>(107)) - d1bce0c3-0b11-4e04-b896-bd0ae9e1df71: new RaftServerImpl for group-9DCD71CD2593:[234a1256-f899-4d30-a672-4552a70ba9bb:172.17.0.2:33031, d1bce0c3-0b11-4e04-b896-bd0ae9e1df71:172.17.0.2:45933, 69055b56-bf48-47fd-bece-64ae6d668fba:172.17.0.2:44699] with ContainerStateMachine:uninitialized
2020-08-11 10:22:19,011 [pool-532-thread-1] INFO  server.RaftServerConfigKeys (ConfUtils.java:logGet(44)) - raft.server.rpc.timeout.min = 5s (custom)
2020-08-11 10:22:19,011 [pool-532-thread-1] INFO  server.RaftServerConfigKeys (ConfUtils.java:logGet(44)) - raft.server.rpc.timeout.max = 5200ms (custom)
2020-08-11 10:22:19,011 [pool-532-thread-1] INFO  server.RaftServerConfigKeys (ConfUtils.java:logGet(44)) - raft.server.rpcslowness.timeout = 300000ms (custom)
2020-08-11 10:22:19,011 [pool-532-thread-1] INFO  server.RaftServerConfigKeys (ConfUtils.java:logGet(44)) - raft.server.sleep.deviation.threshold = 300 (default)
2020-08-11 10:22:19,011 [pool-532-thread-1] INFO  server.RaftServerConfigKeys (ConfUtils.java:logGet(44)) - raft.server.log.appender.install.snapshot.enabled = false (custom)
2020-08-11 10:22:19,012 [pool-532-thread-1] INFO  impl.RaftServerImpl (ServerState.java:<init>(103)) - d1bce0c3-0b11-4e04-b896-bd0ae9e1df71@group-9DCD71CD2593: ConfigurationManager, init=-1: [234a1256-f899-4d30-a672-4552a70ba9bb:172.17.0.2:33031, d1bce0c3-0b11-4e04-b896-bd0ae9e1df71:172.17.0.2:45933, 69055b56-bf48-47fd-bece-64ae6d668fba:172.17.0.2:44699], old=null, confs=<EMPTY_MAP>
2020-08-11 10:22:19,012 [pool-532-thread-1] INFO  server.RaftServerConfigKeys (ConfUtils.java:logGet(44)) - raft.server.storage.dir = [/github/workspace/mnt/ozone/hadoop-ozone/integration-test/target/test-dir/MiniOzoneClusterImpl-8391e218-a55d-4210-9d4e-82a64144cc20/datanode-2/data/ratis] (custom)
2020-08-11 10:22:19,012 [pool-532-thread-1] INFO  server.RaftServerConfigKeys (ConfUtils.java:logGet(44)) - raft.server.log.corruption.policy = EXCEPTION (default)
2020-08-11 10:22:19,012 [pool-532-thread-1] INFO  storage.RaftStorageDirectory (RaftStorageDirectory.java:analyzeStorage(261)) - The storage directory /github/workspace/mnt/ozone/hadoop-ozone/integration-test/target/test-dir/MiniOzoneClusterImpl-8391e218-a55d-4210-9d4e-82a64144cc20/datanode-2/data/ratis/773867e7-0762-4e2f-b39b-9dcd71cd2593 does not exist. Creating ...
2020-08-11 10:22:19,014 [pool-532-thread-1] INFO  storage.RaftStorageDirectory (RaftStorageDirectory.java:tryLock(343)) - Lock on /github/workspace/mnt/ozone/hadoop-ozone/integration-test/target/test-dir/MiniOzoneClusterImpl-8391e218-a55d-4210-9d4e-82a64144cc20/datanode-2/data/ratis/773867e7-0762-4e2f-b39b-9dcd71cd2593/in_use.lock acquired by nodename 312@5c5695bd1bfd
2020-08-11 10:22:19,015 [pool-532-thread-1] INFO  storage.RaftStorage (RaftStorage.java:format(84)) - Storage directory /github/workspace/mnt/ozone/hadoop-ozone/integration-test/target/test-dir/MiniOzoneClusterImpl-8391e218-a55d-4210-9d4e-82a64144cc20/datanode-2/data/ratis/773867e7-0762-4e2f-b39b-9dcd71cd2593 has been successfully formatted.
2020-08-11 10:22:19,016 [pool-532-thread-1] INFO  ratis.ContainerStateMachine (ContainerStateMachine.java:loadSnapshot(225)) - group-9DCD71CD2593: The snapshot info is null. Setting the last applied indexto:(t:0, i:~)
2020-08-11 10:22:19,016 [Datanode State Machine Thread - 0] WARN  statemachine.DatanodeStateMachine (DatanodeStateMachine.java:start(245)) - Interrupt the execution.
java.lang.InterruptedException: sleep interrupted
	at java.lang.Thread.sleep(Native Method)
	at org.apache.hadoop.ozone.container.common.statemachine.DatanodeStateMachine.start(DatanodeStateMachine.java:243)
	at org.apache.hadoop.ozone.container.common.statemachine.DatanodeStateMachine.lambda$startDaemon$0(DatanodeStateMachine.java:405)
	at java.lang.Thread.run(Thread.java:748)
2020-08-11 10:22:19,016 [pool-532-thread-1] INFO  server.RaftServerConfigKeys (ConfUtils.java:logGet(44)) - raft.server.notification.no-leader.timeout = 300000ms (custom)
2020-08-11 10:22:19,016 [pool-532-thread-1] INFO  server.RaftServerConfigKeys (ConfUtils.java:logGet(44)) - raft.server.log.use.memory = false (default)
2020-08-11 10:22:19,017 [pool-532-thread-1] INFO  server.RaftServerConfigKeys (ConfUtils.java:logGet(44)) - raft.server.log.purge.gap = 1000000 (custom)
2020-08-11 10:22:19,017 [pool-532-thread-1] INFO  metrics.RatisMetrics (RatisMetrics.java:lambda$create$0(36)) - Creating Metrics Registry : ratis.log_worker.d1bce0c3-0b11-4e04-b896-bd0ae9e1df71@group-9DCD71CD2593
2020-08-11 10:22:19,018 [pool-532-thread-1] INFO  server.RaftServerConfigKeys (ConfUtils.java:logGet(44)) - raft.server.log.appender.buffer.byte-limit = 33554432 (custom)
2020-08-11 10:22:19,018 [pool-532-thread-1] INFO  server.RaftServerConfigKeys (ConfUtils.java:logGet(44)) - raft.server.log.segment.size.max = 1048576 (custom)
2020-08-11 10:22:19,019 [pool-532-thread-1] INFO  server.RaftServerConfigKeys (ConfUtils.java:logGet(44)) - raft.server.log.segment.cache.num.max = 2 (custom)
2020-08-11 10:22:19,019 [pool-532-thread-1] INFO  segmented.SegmentedRaftLogWorker (SegmentedRaftLogWorker.java:<init>(180)) - new d1bce0c3-0b11-4e04-b896-bd0ae9e1df71@group-9DCD71CD2593-SegmentedRaftLogWorker for RaftStorage:Storage Directory /github/workspace/mnt/ozone/hadoop-ozone/integration-test/target/test-dir/MiniOzoneClusterImpl-8391e218-a55d-4210-9d4e-82a64144cc20/datanode-2/data/ratis/773867e7-0762-4e2f-b39b-9dcd71cd2593
2020-08-11 10:22:19,019 [pool-532-thread-1] INFO  server.RaftServerConfigKeys (ConfUtils.java:logGet(44)) - raft.server.log.queue.byte-limit = 2147483647 (custom)
2020-08-11 10:22:19,019 [pool-532-thread-1] INFO  server.RaftServerConfigKeys (ConfUtils.java:logGet(44)) - raft.server.log.queue.element-limit = 1024 (custom)
2020-08-11 10:22:19,019 [pool-532-thread-1] INFO  server.RaftServerConfigKeys (ConfUtils.java:logGet(44)) - raft.server.log.segment.size.max = 1048576 (custom)
2020-08-11 10:22:19,019 [pool-532-thread-1] INFO  server.RaftServerConfigKeys (ConfUtils.java:logGet(44)) - raft.server.log.preallocated.size = 16384 (custom)
2020-08-11 10:22:19,019 [pool-532-thread-1] INFO  server.RaftServerConfigKeys (ConfUtils.java:logGet(44)) - raft.server.log.write.buffer.size = 1048576 (custom)
2020-08-11 10:22:19,019 [pool-532-thread-1] INFO  server.RaftServerConfigKeys (ConfUtils.java:logGet(44)) - raft.server.log.force.sync.num = 128 (default)
2020-08-11 10:22:19,019 [pool-532-thread-1] INFO  server.RaftServerConfigKeys (ConfUtils.java:logGet(44)) - raft.server.log.statemachine.data.sync = true (default)
2020-08-11 10:22:19,019 [pool-532-thread-1] INFO  server.RaftServerConfigKeys (ConfUtils.java:logGet(44)) - raft.server.log.statemachine.data.sync.timeout = 10s (default)
2020-08-11 10:22:19,019 [pool-532-thread-1] INFO  server.RaftServerConfigKeys (ConfUtils.java:logGet(44)) - raft.server.log.statemachine.data.sync.timeout.retry = -1 (default)
2020-08-11 10:22:19,022 [pool-532-thread-1] INFO  server.RaftServerConfigKeys (ConfUtils.java:logGet(44)) - raft.server.log.statemachine.data.caching.enabled = true (custom)
2020-08-11 10:22:19,022 [pool-532-thread-1] INFO  segmented.SegmentedRaftLogWorker (SegmentedRaftLogWorker.java:lambda$new$0(129)) - d1bce0c3-0b11-4e04-b896-bd0ae9e1df71@group-9DCD71CD2593-SegmentedRaftLogWorker: flushIndex: setUnconditionally 0 -> -1
2020-08-11 10:22:19,022 [pool-532-thread-1] INFO  segmented.SegmentedRaftLogWorker (SegmentedRaftLogWorker.java:lambda$new$0(129)) - d1bce0c3-0b11-4e04-b896-bd0ae9e1df71@group-9DCD71CD2593-SegmentedRaftLogWorker: safeCacheEvictIndex: setUnconditionally 0 -> -1
2020-08-11 10:22:19,022 [pool-532-thread-1] INFO  server.RaftServerConfigKeys (ConfUtils.java:logGet(44)) - raft.server.snapshot.auto.trigger.enabled = true (custom)
2020-08-11 10:22:19,022 [pool-532-thread-1] INFO  server.RaftServerConfigKeys (ConfUtils.java:logGet(44)) - raft.server.snapshot.auto.trigger.threshold = 10000 (custom)
2020-08-11 10:22:19,022 [pool-532-thread-1] INFO  server.RaftServerConfigKeys (ConfUtils.java:logGet(44)) - raft.server.snapshot.retention.file.num = 5 (custom)
2020-08-11 10:22:19,023 [pool-532-thread-1] INFO  server.RaftServerConfigKeys (ConfUtils.java:logGet(44)) - raft.server.log.purge.upto.snapshot.index = false (default)
2020-08-11 10:22:19,023 [pool-532-thread-1] INFO  server.RaftServerConfigKeys (ConfUtils.java:logGet(44)) - raft.server.retrycache.expirytime = 600000ms (custom)
2020-08-11 10:22:19,023 [pool-532-thread-1] INFO  metrics.RatisMetrics (RatisMetrics.java:lambda$create$0(36)) - Creating Metrics Registry : ratis.leader_election.d1bce0c3-0b11-4e04-b896-bd0ae9e1df71@group-9DCD71CD2593
2020-08-11 10:22:19,024 [pool-532-thread-1] INFO  metrics.RatisMetrics (RatisMetrics.java:lambda$create$0(36)) - Creating Metrics Registry : ratis.server.d1bce0c3-0b11-4e04-b896-bd0ae9e1df71@group-9DCD71CD2593
2020-08-11 10:22:19,025 [pool-532-thread-1] INFO  impl.RaftServerImpl (RaftServerImpl.java:start(196)) - d1bce0c3-0b11-4e04-b896-bd0ae9e1df71@group-9DCD71CD2593: start as a follower, conf=-1: [234a1256-f899-4d30-a672-4552a70ba9bb:172.17.0.2:33031, d1bce0c3-0b11-4e04-b896-bd0ae9e1df71:172.17.0.2:45933, 69055b56-bf48-47fd-bece-64ae6d668fba:172.17.0.2:44699], old=null
2020-08-11 10:22:19,025 [pool-532-thread-1] INFO  impl.RaftServerImpl (RaftServerImpl.java:setRole(185)) - d1bce0c3-0b11-4e04-b896-bd0ae9e1df71@group-9DCD71CD2593: changes role from      null to FOLLOWER at term 0 for startAsFollower
2020-08-11 10:22:19,025 [pool-532-thread-1] INFO  impl.RoleInfo (RoleInfo.java:updateAndGet(143)) - d1bce0c3-0b11-4e04-b896-bd0ae9e1df71: start FollowerState
2020-08-11 10:22:19,026 [pool-532-thread-1] INFO  util.JmxRegister (JmxRegister.java:tryRegister(44)) - Successfully registered JMX Bean with object name Ratis:service=RaftServer,group=group-9DCD71CD2593,id=d1bce0c3-0b11-4e04-b896-bd0ae9e1df71
2020-08-11 10:22:19,026 [pool-532-thread-1] INFO  metrics.RatisMetrics (RatisMetrics.java:lambda$create$0(36)) - Creating Metrics Registry : ratis.state_machine.d1bce0c3-0b11-4e04-b896-bd0ae9e1df71@group-9DCD71CD2593
2020-08-11 10:22:19,037 [grpc-default-executor-4] INFO  impl.RaftServerProxy (RaftServerProxy.java:addNew(89)) - 69055b56-bf48-47fd-bece-64ae6d668fba: addNew group-9DCD71CD2593:[234a1256-f899-4d30-a672-4552a70ba9bb:172.17.0.2:33031, d1bce0c3-0b11-4e04-b896-bd0ae9e1df71:172.17.0.2:45933, 69055b56-bf48-47fd-bece-64ae6d668fba:172.17.0.2:44699] returns group-9DCD71CD2593:java.util.concurrent.CompletableFuture@5d85e1d3[Not completed]
2020-08-11 10:22:19,039 [pool-517-thread-1] INFO  impl.RaftServerImpl (RaftServerImpl.java:<init>(107)) - 69055b56-bf48-47fd-bece-64ae6d668fba: new RaftServerImpl for group-9DCD71CD2593:[234a1256-f899-4d30-a672-4552a70ba9bb:172.17.0.2:33031, d1bce0c3-0b11-4e04-b896-bd0ae9e1df71:172.17.0.2:45933, 69055b56-bf48-47fd-bece-64ae6d668fba:172.17.0.2:44699] with ContainerStateMachine:uninitialized
2020-08-11 10:22:19,039 [pool-517-thread-1] INFO  server.RaftServerConfigKeys (ConfUtils.java:logGet(44)) - raft.server.rpc.timeout.min = 5s (custom)
2020-08-11 10:22:19,039 [pool-517-thread-1] INFO  server.RaftServerConfigKeys (ConfUtils.java:logGet(44)) - raft.server.rpc.timeout.max = 5200ms (custom)
2020-08-11 10:22:19,039 [pool-517-thread-1] INFO  server.RaftServerConfigKeys (ConfUtils.java:logGet(44)) - raft.server.rpcslowness.timeout = 300000ms (custom)
2020-08-11 10:22:19,039 [pool-517-thread-1] INFO  server.RaftServerConfigKeys (ConfUtils.java:logGet(44)) - raft.server.sleep.deviation.threshold = 300 (default)
2020-08-11 10:22:19,039 [pool-517-thread-1] INFO  server.RaftServerConfigKeys (ConfUtils.java:logGet(44)) - raft.server.log.appender.install.snapshot.enabled = false (custom)
2020-08-11 10:22:19,039 [pool-517-thread-1] INFO  impl.RaftServerImpl (ServerState.java:<init>(103)) - 69055b56-bf48-47fd-bece-64ae6d668fba@group-9DCD71CD2593: ConfigurationManager, init=-1: [234a1256-f899-4d30-a672-4552a70ba9bb:172.17.0.2:33031, d1bce0c3-0b11-4e04-b896-bd0ae9e1df71:172.17.0.2:45933, 69055b56-bf48-47fd-bece-64ae6d668fba:172.17.0.2:44699], old=null, confs=<EMPTY_MAP>
2020-08-11 10:22:19,039 [pool-517-thread-1] INFO  server.RaftServerConfigKeys (ConfUtils.java:logGet(44)) - raft.server.storage.dir = [/github/workspace/mnt/ozone/hadoop-ozone/integration-test/target/test-dir/MiniOzoneClusterImpl-8391e218-a55d-4210-9d4e-82a64144cc20/datanode-1/data/ratis] (custom)
2020-08-11 10:22:19,040 [pool-517-thread-1] INFO  server.RaftServerConfigKeys (ConfUtils.java:logGet(44)) - raft.server.log.corruption.policy = EXCEPTION (default)
2020-08-11 10:22:19,040 [pool-517-thread-1] INFO  storage.RaftStorageDirectory (RaftStorageDirectory.java:analyzeStorage(261)) - The storage directory /github/workspace/mnt/ozone/hadoop-ozone/integration-test/target/test-dir/MiniOzoneClusterImpl-8391e218-a55d-4210-9d4e-82a64144cc20/datanode-1/data/ratis/773867e7-0762-4e2f-b39b-9dcd71cd2593 does not exist. Creating ...
2020-08-11 10:22:19,042 [pool-517-thread-1] INFO  storage.RaftStorageDirectory (RaftStorageDirectory.java:tryLock(343)) - Lock on /github/workspace/mnt/ozone/hadoop-ozone/integration-test/target/test-dir/MiniOzoneClusterImpl-8391e218-a55d-4210-9d4e-82a64144cc20/datanode-1/data/ratis/773867e7-0762-4e2f-b39b-9dcd71cd2593/in_use.lock acquired by nodename 312@5c5695bd1bfd
2020-08-11 10:22:19,043 [pool-517-thread-1] INFO  storage.RaftStorage (RaftStorage.java:format(84)) - Storage directory /github/workspace/mnt/ozone/hadoop-ozone/integration-test/target/test-dir/MiniOzoneClusterImpl-8391e218-a55d-4210-9d4e-82a64144cc20/datanode-1/data/ratis/773867e7-0762-4e2f-b39b-9dcd71cd2593 has been successfully formatted.
2020-08-11 10:22:19,044 [pool-517-thread-1] INFO  ratis.ContainerStateMachine (ContainerStateMachine.java:loadSnapshot(225)) - group-9DCD71CD2593: The snapshot info is null. Setting the last applied indexto:(t:0, i:~)
2020-08-11 10:22:19,044 [pool-517-thread-1] INFO  server.RaftServerConfigKeys (ConfUtils.java:logGet(44)) - raft.server.notification.no-leader.timeout = 300000ms (custom)
2020-08-11 10:22:19,044 [Datanode State Machine Thread - 0] WARN  statemachine.DatanodeStateMachine (DatanodeStateMachine.java:start(245)) - Interrupt the execution.
java.lang.InterruptedException: sleep interrupted
	at java.lang.Thread.sleep(Native Method)
	at org.apache.hadoop.ozone.container.common.statemachine.DatanodeStateMachine.start(DatanodeStateMachine.java:243)
	at org.apache.hadoop.ozone.container.common.statemachine.DatanodeStateMachine.lambda$startDaemon$0(DatanodeStateMachine.java:405)
	at java.lang.Thread.run(Thread.java:748)
2020-08-11 10:22:19,044 [pool-517-thread-1] INFO  server.RaftServerConfigKeys (ConfUtils.java:logGet(44)) - raft.server.log.use.memory = false (default)
2020-08-11 10:22:19,046 [pool-517-thread-1] INFO  server.RaftServerConfigKeys (ConfUtils.java:logGet(44)) - raft.server.log.purge.gap = 1000000 (custom)
2020-08-11 10:22:19,046 [pool-517-thread-1] INFO  metrics.RatisMetrics (RatisMetrics.java:lambda$create$0(36)) - Creating Metrics Registry : ratis.log_worker.69055b56-bf48-47fd-bece-64ae6d668fba@group-9DCD71CD2593
2020-08-11 10:22:19,047 [pool-517-thread-1] INFO  server.RaftServerConfigKeys (ConfUtils.java:logGet(44)) - raft.server.log.appender.buffer.byte-limit = 33554432 (custom)
2020-08-11 10:22:19,047 [pool-517-thread-1] INFO  server.RaftServerConfigKeys (ConfUtils.java:logGet(44)) - raft.server.log.segment.size.max = 1048576 (custom)
2020-08-11 10:22:19,048 [pool-517-thread-1] INFO  server.RaftServerConfigKeys (ConfUtils.java:logGet(44)) - raft.server.log.segment.cache.num.max = 2 (custom)
2020-08-11 10:22:19,048 [pool-517-thread-1] INFO  segmented.SegmentedRaftLogWorker (SegmentedRaftLogWorker.java:<init>(180)) - new 69055b56-bf48-47fd-bece-64ae6d668fba@group-9DCD71CD2593-SegmentedRaftLogWorker for RaftStorage:Storage Directory /github/workspace/mnt/ozone/hadoop-ozone/integration-test/target/test-dir/MiniOzoneClusterImpl-8391e218-a55d-4210-9d4e-82a64144cc20/datanode-1/data/ratis/773867e7-0762-4e2f-b39b-9dcd71cd2593
2020-08-11 10:22:19,048 [pool-517-thread-1] INFO  server.RaftServerConfigKeys (ConfUtils.java:logGet(44)) - raft.server.log.queue.byte-limit = 2147483647 (custom)
2020-08-11 10:22:19,048 [pool-517-thread-1] INFO  server.RaftServerConfigKeys (ConfUtils.java:logGet(44)) - raft.server.log.queue.element-limit = 1024 (custom)
2020-08-11 10:22:19,048 [pool-517-thread-1] INFO  server.RaftServerConfigKeys (ConfUtils.java:logGet(44)) - raft.server.log.segment.size.max = 1048576 (custom)
2020-08-11 10:22:19,048 [pool-517-thread-1] INFO  server.RaftServerConfigKeys (ConfUtils.java:logGet(44)) - raft.server.log.preallocated.size = 16384 (custom)
2020-08-11 10:22:19,048 [pool-517-thread-1] INFO  server.RaftServerConfigKeys (ConfUtils.java:logGet(44)) - raft.server.log.write.buffer.size = 1048576 (custom)
2020-08-11 10:22:19,048 [pool-517-thread-1] INFO  server.RaftServerConfigKeys (ConfUtils.java:logGet(44)) - raft.server.log.force.sync.num = 128 (default)
2020-08-11 10:22:19,048 [pool-517-thread-1] INFO  server.RaftServerConfigKeys (ConfUtils.java:logGet(44)) - raft.server.log.statemachine.data.sync = true (default)
2020-08-11 10:22:19,048 [pool-517-thread-1] INFO  server.RaftServerConfigKeys (ConfUtils.java:logGet(44)) - raft.server.log.statemachine.data.sync.timeout = 10s (default)
2020-08-11 10:22:19,048 [pool-517-thread-1] INFO  server.RaftServerConfigKeys (ConfUtils.java:logGet(44)) - raft.server.log.statemachine.data.sync.timeout.retry = -1 (default)
2020-08-11 10:22:19,051 [pool-517-thread-1] INFO  server.RaftServerConfigKeys (ConfUtils.java:logGet(44)) - raft.server.log.statemachine.data.caching.enabled = true (custom)
2020-08-11 10:22:19,051 [pool-517-thread-1] INFO  segmented.SegmentedRaftLogWorker (SegmentedRaftLogWorker.java:lambda$new$0(129)) - 69055b56-bf48-47fd-bece-64ae6d668fba@group-9DCD71CD2593-SegmentedRaftLogWorker: flushIndex: setUnconditionally 0 -> -1
2020-08-11 10:22:19,051 [pool-517-thread-1] INFO  segmented.SegmentedRaftLogWorker (SegmentedRaftLogWorker.java:lambda$new$0(129)) - 69055b56-bf48-47fd-bece-64ae6d668fba@group-9DCD71CD2593-SegmentedRaftLogWorker: safeCacheEvictIndex: setUnconditionally 0 -> -1
2020-08-11 10:22:19,051 [pool-517-thread-1] INFO  server.RaftServerConfigKeys (ConfUtils.java:logGet(44)) - raft.server.snapshot.auto.trigger.enabled = true (custom)
2020-08-11 10:22:19,051 [pool-517-thread-1] INFO  server.RaftServerConfigKeys (ConfUtils.java:logGet(44)) - raft.server.snapshot.auto.trigger.threshold = 10000 (custom)
2020-08-11 10:22:19,051 [pool-517-thread-1] INFO  server.RaftServerConfigKeys (ConfUtils.java:logGet(44)) - raft.server.snapshot.retention.file.num = 5 (custom)
2020-08-11 10:22:19,051 [pool-517-thread-1] INFO  server.RaftServerConfigKeys (ConfUtils.java:logGet(44)) - raft.server.log.purge.upto.snapshot.index = false (default)
2020-08-11 10:22:19,051 [pool-517-thread-1] INFO  server.RaftServerConfigKeys (ConfUtils.java:logGet(44)) - raft.server.retrycache.expirytime = 600000ms (custom)
2020-08-11 10:22:19,051 [pool-517-thread-1] INFO  metrics.RatisMetrics (RatisMetrics.java:lambda$create$0(36)) - Creating Metrics Registry : ratis.leader_election.69055b56-bf48-47fd-bece-64ae6d668fba@group-9DCD71CD2593
2020-08-11 10:22:19,052 [pool-517-thread-1] INFO  metrics.RatisMetrics (RatisMetrics.java:lambda$create$0(36)) - Creating Metrics Registry : ratis.server.69055b56-bf48-47fd-bece-64ae6d668fba@group-9DCD71CD2593
2020-08-11 10:22:19,054 [pool-517-thread-1] INFO  impl.RaftServerImpl (RaftServerImpl.java:start(196)) - 69055b56-bf48-47fd-bece-64ae6d668fba@group-9DCD71CD2593: start as a follower, conf=-1: [234a1256-f899-4d30-a672-4552a70ba9bb:172.17.0.2:33031, d1bce0c3-0b11-4e04-b896-bd0ae9e1df71:172.17.0.2:45933, 69055b56-bf48-47fd-bece-64ae6d668fba:172.17.0.2:44699], old=null
2020-08-11 10:22:19,054 [pool-517-thread-1] INFO  impl.RaftServerImpl (RaftServerImpl.java:setRole(185)) - 69055b56-bf48-47fd-bece-64ae6d668fba@group-9DCD71CD2593: changes role from      null to FOLLOWER at term 0 for startAsFollower
2020-08-11 10:22:19,054 [pool-517-thread-1] INFO  impl.RoleInfo (RoleInfo.java:updateAndGet(143)) - 69055b56-bf48-47fd-bece-64ae6d668fba: start FollowerState
2020-08-11 10:22:19,054 [pool-517-thread-1] INFO  util.JmxRegister (JmxRegister.java:tryRegister(44)) - Successfully registered JMX Bean with object name Ratis:service=RaftServer,group=group-9DCD71CD2593,id=69055b56-bf48-47fd-bece-64ae6d668fba
2020-08-11 10:22:19,054 [pool-517-thread-1] INFO  metrics.RatisMetrics (RatisMetrics.java:lambda$create$0(36)) - Creating Metrics Registry : ratis.state_machine.69055b56-bf48-47fd-bece-64ae6d668fba@group-9DCD71CD2593
2020-08-11 10:22:19,065 [Command processor thread] INFO  commandhandler.CreatePipelineCommandHandler (CreatePipelineCommandHandler.java:handle(110)) - Created Pipeline RATIS THREE #id: "773867e7-0762-4e2f-b39b-9dcd71cd2593"
uuid128 {
  mostSigBits: 8590730531168210479
  leastSigBits: -5504632613827172973
}
.
2020-08-11 10:22:19,080 [Command processor thread] INFO  impl.RaftServerProxy (RaftServerProxy.java:addNew(89)) - 69055b56-bf48-47fd-bece-64ae6d668fba: addNew group-065F51878978:[69055b56-bf48-47fd-bece-64ae6d668fba:172.17.0.2:44699] returns group-065F51878978:java.util.concurrent.CompletableFuture@76e75fd7[Not completed]
2020-08-11 10:22:19,081 [pool-517-thread-1] INFO  impl.RaftServerImpl (RaftServerImpl.java:<init>(107)) - 69055b56-bf48-47fd-bece-64ae6d668fba: new RaftServerImpl for group-065F51878978:[69055b56-bf48-47fd-bece-64ae6d668fba:172.17.0.2:44699] with ContainerStateMachine:uninitialized
2020-08-11 10:22:19,081 [pool-517-thread-1] INFO  server.RaftServerConfigKeys (ConfUtils.java:logGet(44)) - raft.server.rpc.timeout.min = 5s (custom)
2020-08-11 10:22:19,081 [pool-517-thread-1] INFO  server.RaftServerConfigKeys (ConfUtils.java:logGet(44)) - raft.server.rpc.timeout.max = 5200ms (custom)
2020-08-11 10:22:19,081 [pool-517-thread-1] INFO  server.RaftServerConfigKeys (ConfUtils.java:logGet(44)) - raft.server.rpcslowness.timeout = 300000ms (custom)
2020-08-11 10:22:19,081 [pool-517-thread-1] INFO  server.RaftServerConfigKeys (ConfUtils.java:logGet(44)) - raft.server.sleep.deviation.threshold = 300 (default)
2020-08-11 10:22:19,081 [pool-517-thread-1] INFO  server.RaftServerConfigKeys (ConfUtils.java:logGet(44)) - raft.server.log.appender.install.snapshot.enabled = false (custom)
2020-08-11 10:22:19,081 [pool-517-thread-1] INFO  impl.RaftServerImpl (ServerState.java:<init>(103)) - 69055b56-bf48-47fd-bece-64ae6d668fba@group-065F51878978: ConfigurationManager, init=-1: [69055b56-bf48-47fd-bece-64ae6d668fba:172.17.0.2:44699], old=null, confs=<EMPTY_MAP>
2020-08-11 10:22:19,081 [pool-517-thread-1] INFO  server.RaftServerConfigKeys (ConfUtils.java:logGet(44)) - raft.server.storage.dir = [/github/workspace/mnt/ozone/hadoop-ozone/integration-test/target/test-dir/MiniOzoneClusterImpl-8391e218-a55d-4210-9d4e-82a64144cc20/datanode-1/data/ratis] (custom)
2020-08-11 10:22:19,082 [pool-517-thread-1] INFO  server.RaftServerConfigKeys (ConfUtils.java:logGet(44)) - raft.server.log.corruption.policy = EXCEPTION (default)
2020-08-11 10:22:19,082 [pool-517-thread-1] INFO  storage.RaftStorageDirectory (RaftStorageDirectory.java:analyzeStorage(261)) - The storage directory /github/workspace/mnt/ozone/hadoop-ozone/integration-test/target/test-dir/MiniOzoneClusterImpl-8391e218-a55d-4210-9d4e-82a64144cc20/datanode-1/data/ratis/f96502a8-794a-4247-a5ce-065f51878978 does not exist. Creating ...
2020-08-11 10:22:19,083 [pool-517-thread-1] INFO  storage.RaftStorageDirectory (RaftStorageDirectory.java:tryLock(343)) - Lock on /github/workspace/mnt/ozone/hadoop-ozone/integration-test/target/test-dir/MiniOzoneClusterImpl-8391e218-a55d-4210-9d4e-82a64144cc20/datanode-1/data/ratis/f96502a8-794a-4247-a5ce-065f51878978/in_use.lock acquired by nodename 312@5c5695bd1bfd
2020-08-11 10:22:19,084 [pool-517-thread-1] INFO  storage.RaftStorage (RaftStorage.java:format(84)) - Storage directory /github/workspace/mnt/ozone/hadoop-ozone/integration-test/target/test-dir/MiniOzoneClusterImpl-8391e218-a55d-4210-9d4e-82a64144cc20/datanode-1/data/ratis/f96502a8-794a-4247-a5ce-065f51878978 has been successfully formatted.
2020-08-11 10:22:19,085 [Datanode State Machine Thread - 0] WARN  statemachine.DatanodeStateMachine (DatanodeStateMachine.java:start(245)) - Interrupt the execution.
java.lang.InterruptedException: sleep interrupted
	at java.lang.Thread.sleep(Native Method)
	at org.apache.hadoop.ozone.container.common.statemachine.DatanodeStateMachine.start(DatanodeStateMachine.java:243)
	at org.apache.hadoop.ozone.container.common.statemachine.DatanodeStateMachine.lambda$startDaemon$0(DatanodeStateMachine.java:405)
	at java.lang.Thread.run(Thread.java:748)
2020-08-11 10:22:19,085 [pool-517-thread-1] INFO  ratis.ContainerStateMachine (ContainerStateMachine.java:loadSnapshot(225)) - group-065F51878978: The snapshot info is null. Setting the last applied indexto:(t:0, i:~)
2020-08-11 10:22:19,085 [pool-517-thread-1] INFO  server.RaftServerConfigKeys (ConfUtils.java:logGet(44)) - raft.server.notification.no-leader.timeout = 300000ms (custom)
2020-08-11 10:22:19,085 [pool-517-thread-1] INFO  server.RaftServerConfigKeys (ConfUtils.java:logGet(44)) - raft.server.log.use.memory = false (default)
2020-08-11 10:22:19,085 [pool-517-thread-1] INFO  server.RaftServerConfigKeys (ConfUtils.java:logGet(44)) - raft.server.log.purge.gap = 1000000 (custom)
2020-08-11 10:22:19,085 [pool-517-thread-1] INFO  metrics.RatisMetrics (RatisMetrics.java:lambda$create$0(36)) - Creating Metrics Registry : ratis.log_worker.69055b56-bf48-47fd-bece-64ae6d668fba@group-065F51878978
2020-08-11 10:22:19,086 [EventQueue-PipelineReportForPipelineReportHandler] INFO  pipeline.PipelineStateManager (PipelineStateManager.java:openPipeline(131)) - Pipeline Pipeline[ Id: f96502a8-794a-4247-a5ce-065f51878978, Nodes: 69055b56-bf48-47fd-bece-64ae6d668fba{ip: 172.17.0.2, host: 5c5695bd1bfd, networkLocation: /default-rack, certSerialId: null}, Type:RATIS, Factor:ONE, State:ALLOCATED, leaderId:69055b56-bf48-47fd-bece-64ae6d668fba, CreationTimestamp2020-08-11T10:22:16.082Z] moved to OPEN state
2020-08-11 10:22:19,086 [EventQueue-OpenPipelineForOneReplicaPipelineSafeModeRule] INFO  safemode.SCMSafeModeManager (SCMSafeModeManager.java:validateSafeModeExitRules(214)) - AtleastOneDatanodeReportedRule rule is successfully validated
2020-08-11 10:22:19,087 [pool-517-thread-1] INFO  server.RaftServerConfigKeys (ConfUtils.java:logGet(44)) - raft.server.log.appender.buffer.byte-limit = 33554432 (custom)
2020-08-11 10:22:19,087 [pool-517-thread-1] INFO  server.RaftServerConfigKeys (ConfUtils.java:logGet(44)) - raft.server.log.segment.size.max = 1048576 (custom)
2020-08-11 10:22:19,088 [pool-517-thread-1] INFO  server.RaftServerConfigKeys (ConfUtils.java:logGet(44)) - raft.server.log.segment.cache.num.max = 2 (custom)
2020-08-11 10:22:19,088 [pool-517-thread-1] INFO  segmented.SegmentedRaftLogWorker (SegmentedRaftLogWorker.java:<init>(180)) - new 69055b56-bf48-47fd-bece-64ae6d668fba@group-065F51878978-SegmentedRaftLogWorker for RaftStorage:Storage Directory /github/workspace/mnt/ozone/hadoop-ozone/integration-test/target/test-dir/MiniOzoneClusterImpl-8391e218-a55d-4210-9d4e-82a64144cc20/datanode-1/data/ratis/f96502a8-794a-4247-a5ce-065f51878978
2020-08-11 10:22:19,088 [pool-517-thread-1] INFO  server.RaftServerConfigKeys (ConfUtils.java:logGet(44)) - raft.server.log.queue.byte-limit = 2147483647 (custom)
2020-08-11 10:22:19,088 [EventQueue-OpenPipelineForHealthyPipelineSafeModeRule] INFO  safemode.SCMSafeModeManager (HealthyPipelineSafeModeRule.java:process(129)) - SCM in safe mode. Healthy pipelines reported count is 0, required healthy pipeline reported count is 1
2020-08-11 10:22:19,088 [pool-517-thread-1] INFO  server.RaftServerConfigKeys (ConfUtils.java:logGet(44)) - raft.server.log.queue.element-limit = 1024 (custom)
2020-08-11 10:22:19,090 [pool-517-thread-1] INFO  server.RaftServerConfigKeys (ConfUtils.java:logGet(44)) - raft.server.log.segment.size.max = 1048576 (custom)
2020-08-11 10:22:19,090 [pool-517-thread-1] INFO  server.RaftServerConfigKeys (ConfUtils.java:logGet(44)) - raft.server.log.preallocated.size = 16384 (custom)
2020-08-11 10:22:19,091 [pool-517-thread-1] INFO  server.RaftServerConfigKeys (ConfUtils.java:logGet(44)) - raft.server.log.write.buffer.size = 1048576 (custom)
2020-08-11 10:22:19,091 [pool-517-thread-1] INFO  server.RaftServerConfigKeys (ConfUtils.java:logGet(44)) - raft.server.log.force.sync.num = 128 (default)
2020-08-11 10:22:19,091 [pool-517-thread-1] INFO  server.RaftServerConfigKeys (ConfUtils.java:logGet(44)) - raft.server.log.statemachine.data.sync = true (default)
2020-08-11 10:22:19,091 [pool-517-thread-1] INFO  server.RaftServerConfigKeys (ConfUtils.java:logGet(44)) - raft.server.log.statemachine.data.sync.timeout = 10s (default)
2020-08-11 10:22:19,091 [pool-517-thread-1] INFO  server.RaftServerConfigKeys (ConfUtils.java:logGet(44)) - raft.server.log.statemachine.data.sync.timeout.retry = -1 (default)
2020-08-11 10:22:19,093 [pool-517-thread-1] INFO  server.RaftServerConfigKeys (ConfUtils.java:logGet(44)) - raft.server.log.statemachine.data.caching.enabled = true (custom)
2020-08-11 10:22:19,094 [pool-517-thread-1] INFO  segmented.SegmentedRaftLogWorker (SegmentedRaftLogWorker.java:lambda$new$0(129)) - 69055b56-bf48-47fd-bece-64ae6d668fba@group-065F51878978-SegmentedRaftLogWorker: flushIndex: setUnconditionally 0 -> -1
2020-08-11 10:22:19,094 [pool-517-thread-1] INFO  segmented.SegmentedRaftLogWorker (SegmentedRaftLogWorker.java:lambda$new$0(129)) - 69055b56-bf48-47fd-bece-64ae6d668fba@group-065F51878978-SegmentedRaftLogWorker: safeCacheEvictIndex: setUnconditionally 0 -> -1
2020-08-11 10:22:19,094 [pool-517-thread-1] INFO  server.RaftServerConfigKeys (ConfUtils.java:logGet(44)) - raft.server.snapshot.auto.trigger.enabled = true (custom)
2020-08-11 10:22:19,094 [pool-517-thread-1] INFO  server.RaftServerConfigKeys (ConfUtils.java:logGet(44)) - raft.server.snapshot.auto.trigger.threshold = 10000 (custom)
2020-08-11 10:22:19,094 [pool-517-thread-1] INFO  server.RaftServerConfigKeys (ConfUtils.java:logGet(44)) - raft.server.snapshot.retention.file.num = 5 (custom)
2020-08-11 10:22:19,094 [pool-517-thread-1] INFO  server.RaftServerConfigKeys (ConfUtils.java:logGet(44)) - raft.server.log.purge.upto.snapshot.index = false (default)
2020-08-11 10:22:19,094 [pool-517-thread-1] INFO  server.RaftServerConfigKeys (ConfUtils.java:logGet(44)) - raft.server.retrycache.expirytime = 600000ms (custom)
2020-08-11 10:22:19,095 [pool-517-thread-1] INFO  metrics.RatisMetrics (RatisMetrics.java:lambda$create$0(36)) - Creating Metrics Registry : ratis.leader_election.69055b56-bf48-47fd-bece-64ae6d668fba@group-065F51878978
2020-08-11 10:22:19,095 [pool-517-thread-1] INFO  metrics.RatisMetrics (RatisMetrics.java:lambda$create$0(36)) - Creating Metrics Registry : ratis.server.69055b56-bf48-47fd-bece-64ae6d668fba@group-065F51878978
2020-08-11 10:22:19,097 [pool-517-thread-1] INFO  impl.RaftServerImpl (RaftServerImpl.java:start(196)) - 69055b56-bf48-47fd-bece-64ae6d668fba@group-065F51878978: start as a follower, conf=-1: [69055b56-bf48-47fd-bece-64ae6d668fba:172.17.0.2:44699], old=null
2020-08-11 10:22:19,097 [pool-517-thread-1] INFO  impl.RaftServerImpl (RaftServerImpl.java:setRole(185)) - 69055b56-bf48-47fd-bece-64ae6d668fba@group-065F51878978: changes role from      null to FOLLOWER at term 0 for startAsFollower
2020-08-11 10:22:19,097 [pool-517-thread-1] INFO  impl.RoleInfo (RoleInfo.java:updateAndGet(143)) - 69055b56-bf48-47fd-bece-64ae6d668fba: start FollowerState
2020-08-11 10:22:19,097 [pool-517-thread-1] INFO  util.JmxRegister (JmxRegister.java:tryRegister(44)) - Successfully registered JMX Bean with object name Ratis:service=RaftServer,group=group-065F51878978,id=69055b56-bf48-47fd-bece-64ae6d668fba
2020-08-11 10:22:19,097 [pool-517-thread-1] INFO  metrics.RatisMetrics (RatisMetrics.java:lambda$create$0(36)) - Creating Metrics Registry : ratis.state_machine.69055b56-bf48-47fd-bece-64ae6d668fba@group-065F51878978
2020-08-11 10:22:19,098 [Command processor thread] INFO  commandhandler.CreatePipelineCommandHandler (CreatePipelineCommandHandler.java:handle(110)) - Created Pipeline RATIS ONE #id: "f96502a8-794a-4247-a5ce-065f51878978"
uuid128 {
  mostSigBits: -475971263005048249
  leastSigBits: -6499250205789550216
}
.
2020-08-11 10:22:19,195 [Command processor thread] INFO  impl.RaftServerProxy (RaftServerProxy.java:addNew(89)) - d1bce0c3-0b11-4e04-b896-bd0ae9e1df71: addNew group-767A0F5E95B3:[d1bce0c3-0b11-4e04-b896-bd0ae9e1df71:172.17.0.2:45933] returns group-767A0F5E95B3:java.util.concurrent.CompletableFuture@368d5014[Not completed]
2020-08-11 10:22:19,196 [pool-532-thread-1] INFO  impl.RaftServerImpl (RaftServerImpl.java:<init>(107)) - d1bce0c3-0b11-4e04-b896-bd0ae9e1df71: new RaftServerImpl for group-767A0F5E95B3:[d1bce0c3-0b11-4e04-b896-bd0ae9e1df71:172.17.0.2:45933] with ContainerStateMachine:uninitialized
2020-08-11 10:22:19,196 [pool-532-thread-1] INFO  server.RaftServerConfigKeys (ConfUtils.java:logGet(44)) - raft.server.rpc.timeout.min = 5s (custom)
2020-08-11 10:22:19,196 [pool-532-thread-1] INFO  server.RaftServerConfigKeys (ConfUtils.java:logGet(44)) - raft.server.rpc.timeout.max = 5200ms (custom)
2020-08-11 10:22:19,196 [pool-532-thread-1] INFO  server.RaftServerConfigKeys (ConfUtils.java:logGet(44)) - raft.server.rpcslowness.timeout = 300000ms (custom)
2020-08-11 10:22:19,196 [pool-532-thread-1] INFO  server.RaftServerConfigKeys (ConfUtils.java:logGet(44)) - raft.server.sleep.deviation.threshold = 300 (default)
2020-08-11 10:22:19,196 [pool-532-thread-1] INFO  server.RaftServerConfigKeys (ConfUtils.java:logGet(44)) - raft.server.log.appender.install.snapshot.enabled = false (custom)
2020-08-11 10:22:19,196 [pool-532-thread-1] INFO  impl.RaftServerImpl (ServerState.java:<init>(103)) - d1bce0c3-0b11-4e04-b896-bd0ae9e1df71@group-767A0F5E95B3: ConfigurationManager, init=-1: [d1bce0c3-0b11-4e04-b896-bd0ae9e1df71:172.17.0.2:45933], old=null, confs=<EMPTY_MAP>
2020-08-11 10:22:19,196 [pool-532-thread-1] INFO  server.RaftServerConfigKeys (ConfUtils.java:logGet(44)) - raft.server.storage.dir = [/github/workspace/mnt/ozone/hadoop-ozone/integration-test/target/test-dir/MiniOzoneClusterImpl-8391e218-a55d-4210-9d4e-82a64144cc20/datanode-2/data/ratis] (custom)
2020-08-11 10:22:19,197 [pool-532-thread-1] INFO  server.RaftServerConfigKeys (ConfUtils.java:logGet(44)) - raft.server.log.corruption.policy = EXCEPTION (default)
2020-08-11 10:22:19,197 [pool-532-thread-1] INFO  storage.RaftStorageDirectory (RaftStorageDirectory.java:analyzeStorage(261)) - The storage directory /github/workspace/mnt/ozone/hadoop-ozone/integration-test/target/test-dir/MiniOzoneClusterImpl-8391e218-a55d-4210-9d4e-82a64144cc20/datanode-2/data/ratis/d671a4aa-7890-46e0-aefb-767a0f5e95b3 does not exist. Creating ...
2020-08-11 10:22:19,198 [pool-532-thread-1] INFO  storage.RaftStorageDirectory (RaftStorageDirectory.java:tryLock(343)) - Lock on /github/workspace/mnt/ozone/hadoop-ozone/integration-test/target/test-dir/MiniOzoneClusterImpl-8391e218-a55d-4210-9d4e-82a64144cc20/datanode-2/data/ratis/d671a4aa-7890-46e0-aefb-767a0f5e95b3/in_use.lock acquired by nodename 312@5c5695bd1bfd
2020-08-11 10:22:19,200 [pool-532-thread-1] INFO  storage.RaftStorage (RaftStorage.java:format(84)) - Storage directory /github/workspace/mnt/ozone/hadoop-ozone/integration-test/target/test-dir/MiniOzoneClusterImpl-8391e218-a55d-4210-9d4e-82a64144cc20/datanode-2/data/ratis/d671a4aa-7890-46e0-aefb-767a0f5e95b3 has been successfully formatted.
2020-08-11 10:22:19,200 [pool-532-thread-1] INFO  ratis.ContainerStateMachine (ContainerStateMachine.java:loadSnapshot(225)) - group-767A0F5E95B3: The snapshot info is null. Setting the last applied indexto:(t:0, i:~)
2020-08-11 10:22:19,200 [Datanode State Machine Thread - 0] WARN  statemachine.DatanodeStateMachine (DatanodeStateMachine.java:start(245)) - Interrupt the execution.
java.lang.InterruptedException: sleep interrupted
	at java.lang.Thread.sleep(Native Method)
	at org.apache.hadoop.ozone.container.common.statemachine.DatanodeStateMachine.start(DatanodeStateMachine.java:243)
	at org.apache.hadoop.ozone.container.common.statemachine.DatanodeStateMachine.lambda$startDaemon$0(DatanodeStateMachine.java:405)
	at java.lang.Thread.run(Thread.java:748)
2020-08-11 10:22:19,201 [pool-532-thread-1] INFO  server.RaftServerConfigKeys (ConfUtils.java:logGet(44)) - raft.server.notification.no-leader.timeout = 300000ms (custom)
2020-08-11 10:22:19,201 [pool-532-thread-1] INFO  server.RaftServerConfigKeys (ConfUtils.java:logGet(44)) - raft.server.log.use.memory = false (default)
2020-08-11 10:22:19,201 [pool-532-thread-1] INFO  server.RaftServerConfigKeys (ConfUtils.java:logGet(44)) - raft.server.log.purge.gap = 1000000 (custom)
2020-08-11 10:22:19,201 [pool-532-thread-1] INFO  metrics.RatisMetrics (RatisMetrics.java:lambda$create$0(36)) - Creating Metrics Registry : ratis.log_worker.d1bce0c3-0b11-4e04-b896-bd0ae9e1df71@group-767A0F5E95B3
2020-08-11 10:22:19,201 [pool-532-thread-1] INFO  server.RaftServerConfigKeys (ConfUtils.java:logGet(44)) - raft.server.log.appender.buffer.byte-limit = 33554432 (custom)
2020-08-11 10:22:19,201 [pool-532-thread-1] INFO  server.RaftServerConfigKeys (ConfUtils.java:logGet(44)) - raft.server.log.segment.size.max = 1048576 (custom)
2020-08-11 10:22:19,202 [EventQueue-PipelineReportForPipelineReportHandler] INFO  pipeline.PipelineStateManager (PipelineStateManager.java:openPipeline(131)) - Pipeline Pipeline[ Id: d671a4aa-7890-46e0-aefb-767a0f5e95b3, Nodes: d1bce0c3-0b11-4e04-b896-bd0ae9e1df71{ip: 172.17.0.2, host: 5c5695bd1bfd, networkLocation: /default-rack, certSerialId: null}, Type:RATIS, Factor:ONE, State:ALLOCATED, leaderId:d1bce0c3-0b11-4e04-b896-bd0ae9e1df71, CreationTimestamp2020-08-11T10:22:16.198Z] moved to OPEN state
2020-08-11 10:22:19,202 [EventQueue-OpenPipelineForHealthyPipelineSafeModeRule] INFO  safemode.SCMSafeModeManager (HealthyPipelineSafeModeRule.java:process(129)) - SCM in safe mode. Healthy pipelines reported count is 0, required healthy pipeline reported count is 1
2020-08-11 10:22:19,202 [EventQueue-OpenPipelineForOneReplicaPipelineSafeModeRule] INFO  safemode.SCMSafeModeManager (SCMSafeModeManager.java:validateSafeModeExitRules(214)) - AtleastOneDatanodeReportedRule rule is successfully validated
2020-08-11 10:22:19,202 [pool-532-thread-1] INFO  server.RaftServerConfigKeys (ConfUtils.java:logGet(44)) - raft.server.log.segment.cache.num.max = 2 (custom)
2020-08-11 10:22:19,202 [pool-532-thread-1] INFO  segmented.SegmentedRaftLogWorker (SegmentedRaftLogWorker.java:<init>(180)) - new d1bce0c3-0b11-4e04-b896-bd0ae9e1df71@group-767A0F5E95B3-SegmentedRaftLogWorker for RaftStorage:Storage Directory /github/workspace/mnt/ozone/hadoop-ozone/integration-test/target/test-dir/MiniOzoneClusterImpl-8391e218-a55d-4210-9d4e-82a64144cc20/datanode-2/data/ratis/d671a4aa-7890-46e0-aefb-767a0f5e95b3
2020-08-11 10:22:19,202 [pool-532-thread-1] INFO  server.RaftServerConfigKeys (ConfUtils.java:logGet(44)) - raft.server.log.queue.byte-limit = 2147483647 (custom)
2020-08-11 10:22:19,203 [pool-532-thread-1] INFO  server.RaftServerConfigKeys (ConfUtils.java:logGet(44)) - raft.server.log.queue.element-limit = 1024 (custom)
2020-08-11 10:22:19,203 [pool-532-thread-1] INFO  server.RaftServerConfigKeys (ConfUtils.java:logGet(44)) - raft.server.log.segment.size.max = 1048576 (custom)
2020-08-11 10:22:19,203 [pool-532-thread-1] INFO  server.RaftServerConfigKeys (ConfUtils.java:logGet(44)) - raft.server.log.preallocated.size = 16384 (custom)
2020-08-11 10:22:19,203 [pool-532-thread-1] INFO  server.RaftServerConfigKeys (ConfUtils.java:logGet(44)) - raft.server.log.write.buffer.size = 1048576 (custom)
2020-08-11 10:22:19,203 [pool-532-thread-1] INFO  server.RaftServerConfigKeys (ConfUtils.java:logGet(44)) - raft.server.log.force.sync.num = 128 (default)
2020-08-11 10:22:19,203 [pool-532-thread-1] INFO  server.RaftServerConfigKeys (ConfUtils.java:logGet(44)) - raft.server.log.statemachine.data.sync = true (default)
2020-08-11 10:22:19,203 [pool-532-thread-1] INFO  server.RaftServerConfigKeys (ConfUtils.java:logGet(44)) - raft.server.log.statemachine.data.sync.timeout = 10s (default)
2020-08-11 10:22:19,203 [pool-532-thread-1] INFO  server.RaftServerConfigKeys (ConfUtils.java:logGet(44)) - raft.server.log.statemachine.data.sync.timeout.retry = -1 (default)
2020-08-11 10:22:19,205 [pool-532-thread-1] INFO  server.RaftServerConfigKeys (ConfUtils.java:logGet(44)) - raft.server.log.statemachine.data.caching.enabled = true (custom)
2020-08-11 10:22:19,206 [pool-532-thread-1] INFO  segmented.SegmentedRaftLogWorker (SegmentedRaftLogWorker.java:lambda$new$0(129)) - d1bce0c3-0b11-4e04-b896-bd0ae9e1df71@group-767A0F5E95B3-SegmentedRaftLogWorker: flushIndex: setUnconditionally 0 -> -1
2020-08-11 10:22:19,206 [pool-532-thread-1] INFO  segmented.SegmentedRaftLogWorker (SegmentedRaftLogWorker.java:lambda$new$0(129)) - d1bce0c3-0b11-4e04-b896-bd0ae9e1df71@group-767A0F5E95B3-SegmentedRaftLogWorker: safeCacheEvictIndex: setUnconditionally 0 -> -1
2020-08-11 10:22:19,206 [pool-532-thread-1] INFO  server.RaftServerConfigKeys (ConfUtils.java:logGet(44)) - raft.server.snapshot.auto.trigger.enabled = true (custom)
2020-08-11 10:22:19,206 [pool-532-thread-1] INFO  server.RaftServerConfigKeys (ConfUtils.java:logGet(44)) - raft.server.snapshot.auto.trigger.threshold = 10000 (custom)
2020-08-11 10:22:19,207 [pool-532-thread-1] INFO  server.RaftServerConfigKeys (ConfUtils.java:logGet(44)) - raft.server.snapshot.retention.file.num = 5 (custom)
2020-08-11 10:22:19,207 [pool-532-thread-1] INFO  server.RaftServerConfigKeys (ConfUtils.java:logGet(44)) - raft.server.log.purge.upto.snapshot.index = false (default)
2020-08-11 10:22:19,207 [pool-532-thread-1] INFO  server.RaftServerConfigKeys (ConfUtils.java:logGet(44)) - raft.server.retrycache.expirytime = 600000ms (custom)
2020-08-11 10:22:19,207 [pool-532-thread-1] INFO  metrics.RatisMetrics (RatisMetrics.java:lambda$create$0(36)) - Creating Metrics Registry : ratis.leader_election.d1bce0c3-0b11-4e04-b896-bd0ae9e1df71@group-767A0F5E95B3
2020-08-11 10:22:19,208 [pool-532-thread-1] INFO  metrics.RatisMetrics (RatisMetrics.java:lambda$create$0(36)) - Creating Metrics Registry : ratis.server.d1bce0c3-0b11-4e04-b896-bd0ae9e1df71@group-767A0F5E95B3
2020-08-11 10:22:19,209 [pool-532-thread-1] INFO  impl.RaftServerImpl (RaftServerImpl.java:start(196)) - d1bce0c3-0b11-4e04-b896-bd0ae9e1df71@group-767A0F5E95B3: start as a follower, conf=-1: [d1bce0c3-0b11-4e04-b896-bd0ae9e1df71:172.17.0.2:45933], old=null
2020-08-11 10:22:19,209 [pool-532-thread-1] INFO  impl.RaftServerImpl (RaftServerImpl.java:setRole(185)) - d1bce0c3-0b11-4e04-b896-bd0ae9e1df71@group-767A0F5E95B3: changes role from      null to FOLLOWER at term 0 for startAsFollower
2020-08-11 10:22:19,209 [pool-532-thread-1] INFO  impl.RoleInfo (RoleInfo.java:updateAndGet(143)) - d1bce0c3-0b11-4e04-b896-bd0ae9e1df71: start FollowerState
2020-08-11 10:22:19,209 [pool-532-thread-1] INFO  util.JmxRegister (JmxRegister.java:tryRegister(44)) - Successfully registered JMX Bean with object name Ratis:service=RaftServer,group=group-767A0F5E95B3,id=d1bce0c3-0b11-4e04-b896-bd0ae9e1df71
2020-08-11 10:22:19,209 [pool-532-thread-1] INFO  metrics.RatisMetrics (RatisMetrics.java:lambda$create$0(36)) - Creating Metrics Registry : ratis.state_machine.d1bce0c3-0b11-4e04-b896-bd0ae9e1df71@group-767A0F5E95B3
2020-08-11 10:22:19,210 [Command processor thread] INFO  commandhandler.CreatePipelineCommandHandler (CreatePipelineCommandHandler.java:handle(110)) - Created Pipeline RATIS ONE #id: "d671a4aa-7890-46e0-aefb-767a0f5e95b3"
uuid128 {
  mostSigBits: -2994431225150552352
  leastSigBits: -5837942225339771469
}
.
2020-08-11 10:22:19,310 [Command processor thread] INFO  impl.RaftServerProxy (RaftServerProxy.java:addNew(89)) - 406c90ca-93e0-4c35-9202-d1a6c1200adf: addNew group-B14D1DCB1247:[406c90ca-93e0-4c35-9202-d1a6c1200adf:172.17.0.2:40871] returns group-B14D1DCB1247:java.util.concurrent.CompletableFuture@3f764dc6[Not completed]
2020-08-11 10:22:19,311 [pool-547-thread-1] INFO  impl.RaftServerImpl (RaftServerImpl.java:<init>(107)) - 406c90ca-93e0-4c35-9202-d1a6c1200adf: new RaftServerImpl for group-B14D1DCB1247:[406c90ca-93e0-4c35-9202-d1a6c1200adf:172.17.0.2:40871] with ContainerStateMachine:uninitialized
2020-08-11 10:22:19,311 [pool-547-thread-1] INFO  server.RaftServerConfigKeys (ConfUtils.java:logGet(44)) - raft.server.rpc.timeout.min = 5s (custom)
2020-08-11 10:22:19,312 [pool-547-thread-1] INFO  server.RaftServerConfigKeys (ConfUtils.java:logGet(44)) - raft.server.rpc.timeout.max = 5200ms (custom)
2020-08-11 10:22:19,312 [pool-547-thread-1] INFO  server.RaftServerConfigKeys (ConfUtils.java:logGet(44)) - raft.server.rpcslowness.timeout = 300000ms (custom)
2020-08-11 10:22:19,312 [pool-547-thread-1] INFO  server.RaftServerConfigKeys (ConfUtils.java:logGet(44)) - raft.server.sleep.deviation.threshold = 300 (default)
2020-08-11 10:22:19,312 [pool-547-thread-1] INFO  server.RaftServerConfigKeys (ConfUtils.java:logGet(44)) - raft.server.log.appender.install.snapshot.enabled = false (custom)
2020-08-11 10:22:19,312 [pool-547-thread-1] INFO  impl.RaftServerImpl (ServerState.java:<init>(103)) - 406c90ca-93e0-4c35-9202-d1a6c1200adf@group-B14D1DCB1247: ConfigurationManager, init=-1: [406c90ca-93e0-4c35-9202-d1a6c1200adf:172.17.0.2:40871], old=null, confs=<EMPTY_MAP>
2020-08-11 10:22:19,312 [pool-547-thread-1] INFO  server.RaftServerConfigKeys (ConfUtils.java:logGet(44)) - raft.server.storage.dir = [/github/workspace/mnt/ozone/hadoop-ozone/integration-test/target/test-dir/MiniOzoneClusterImpl-8391e218-a55d-4210-9d4e-82a64144cc20/datanode-3/data/ratis] (custom)
2020-08-11 10:22:19,312 [pool-547-thread-1] INFO  server.RaftServerConfigKeys (ConfUtils.java:logGet(44)) - raft.server.log.corruption.policy = EXCEPTION (default)
2020-08-11 10:22:19,312 [pool-547-thread-1] INFO  storage.RaftStorageDirectory (RaftStorageDirectory.java:analyzeStorage(261)) - The storage directory /github/workspace/mnt/ozone/hadoop-ozone/integration-test/target/test-dir/MiniOzoneClusterImpl-8391e218-a55d-4210-9d4e-82a64144cc20/datanode-3/data/ratis/35e5ad47-5501-4de8-90b9-b14d1dcb1247 does not exist. Creating ...
2020-08-11 10:22:19,314 [pool-547-thread-1] INFO  storage.RaftStorageDirectory (RaftStorageDirectory.java:tryLock(343)) - Lock on /github/workspace/mnt/ozone/hadoop-ozone/integration-test/target/test-dir/MiniOzoneClusterImpl-8391e218-a55d-4210-9d4e-82a64144cc20/datanode-3/data/ratis/35e5ad47-5501-4de8-90b9-b14d1dcb1247/in_use.lock acquired by nodename 312@5c5695bd1bfd
2020-08-11 10:22:19,315 [pool-547-thread-1] INFO  storage.RaftStorage (RaftStorage.java:format(84)) - Storage directory /github/workspace/mnt/ozone/hadoop-ozone/integration-test/target/test-dir/MiniOzoneClusterImpl-8391e218-a55d-4210-9d4e-82a64144cc20/datanode-3/data/ratis/35e5ad47-5501-4de8-90b9-b14d1dcb1247 has been successfully formatted.
2020-08-11 10:22:19,315 [pool-547-thread-1] INFO  ratis.ContainerStateMachine (ContainerStateMachine.java:loadSnapshot(225)) - group-B14D1DCB1247: The snapshot info is null. Setting the last applied indexto:(t:0, i:~)
2020-08-11 10:22:19,315 [Datanode State Machine Thread - 0] WARN  statemachine.DatanodeStateMachine (DatanodeStateMachine.java:start(245)) - Interrupt the execution.
java.lang.InterruptedException: sleep interrupted
	at java.lang.Thread.sleep(Native Method)
	at org.apache.hadoop.ozone.container.common.statemachine.DatanodeStateMachine.start(DatanodeStateMachine.java:243)
	at org.apache.hadoop.ozone.container.common.statemachine.DatanodeStateMachine.lambda$startDaemon$0(DatanodeStateMachine.java:405)
	at java.lang.Thread.run(Thread.java:748)
2020-08-11 10:22:19,315 [pool-547-thread-1] INFO  server.RaftServerConfigKeys (ConfUtils.java:logGet(44)) - raft.server.notification.no-leader.timeout = 300000ms (custom)
2020-08-11 10:22:19,315 [pool-547-thread-1] INFO  server.RaftServerConfigKeys (ConfUtils.java:logGet(44)) - raft.server.log.use.memory = false (default)
2020-08-11 10:22:19,316 [pool-547-thread-1] INFO  server.RaftServerConfigKeys (ConfUtils.java:logGet(44)) - raft.server.log.purge.gap = 1000000 (custom)
2020-08-11 10:22:19,316 [pool-547-thread-1] INFO  metrics.RatisMetrics (RatisMetrics.java:lambda$create$0(36)) - Creating Metrics Registry : ratis.log_worker.406c90ca-93e0-4c35-9202-d1a6c1200adf@group-B14D1DCB1247
2020-08-11 10:22:19,317 [pool-547-thread-1] INFO  server.RaftServerConfigKeys (ConfUtils.java:logGet(44)) - raft.server.log.appender.buffer.byte-limit = 33554432 (custom)
2020-08-11 10:22:19,317 [EventQueue-PipelineReportForPipelineReportHandler] INFO  pipeline.PipelineStateManager (PipelineStateManager.java:openPipeline(131)) - Pipeline Pipeline[ Id: 35e5ad47-5501-4de8-90b9-b14d1dcb1247, Nodes: 406c90ca-93e0-4c35-9202-d1a6c1200adf{ip: 172.17.0.2, host: 5c5695bd1bfd, networkLocation: /default-rack, certSerialId: null}, Type:RATIS, Factor:ONE, State:ALLOCATED, leaderId:406c90ca-93e0-4c35-9202-d1a6c1200adf, CreationTimestamp2020-08-11T10:22:16.309Z] moved to OPEN state
2020-08-11 10:22:19,317 [pool-547-thread-1] INFO  server.RaftServerConfigKeys (ConfUtils.java:logGet(44)) - raft.server.log.segment.size.max = 1048576 (custom)
2020-08-11 10:22:19,317 [EventQueue-OpenPipelineForOneReplicaPipelineSafeModeRule] INFO  safemode.SCMSafeModeManager (SCMSafeModeManager.java:validateSafeModeExitRules(214)) - AtleastOneDatanodeReportedRule rule is successfully validated
2020-08-11 10:22:19,317 [EventQueue-OpenPipelineForHealthyPipelineSafeModeRule] INFO  safemode.SCMSafeModeManager (HealthyPipelineSafeModeRule.java:process(129)) - SCM in safe mode. Healthy pipelines reported count is 0, required healthy pipeline reported count is 1
2020-08-11 10:22:19,318 [pool-547-thread-1] INFO  server.RaftServerConfigKeys (ConfUtils.java:logGet(44)) - raft.server.log.segment.cache.num.max = 2 (custom)
2020-08-11 10:22:19,318 [pool-547-thread-1] INFO  segmented.SegmentedRaftLogWorker (SegmentedRaftLogWorker.java:<init>(180)) - new 406c90ca-93e0-4c35-9202-d1a6c1200adf@group-B14D1DCB1247-SegmentedRaftLogWorker for RaftStorage:Storage Directory /github/workspace/mnt/ozone/hadoop-ozone/integration-test/target/test-dir/MiniOzoneClusterImpl-8391e218-a55d-4210-9d4e-82a64144cc20/datanode-3/data/ratis/35e5ad47-5501-4de8-90b9-b14d1dcb1247
2020-08-11 10:22:19,318 [pool-547-thread-1] INFO  server.RaftServerConfigKeys (ConfUtils.java:logGet(44)) - raft.server.log.queue.byte-limit = 2147483647 (custom)
2020-08-11 10:22:19,318 [pool-547-thread-1] INFO  server.RaftServerConfigKeys (ConfUtils.java:logGet(44)) - raft.server.log.queue.element-limit = 1024 (custom)
2020-08-11 10:22:19,318 [pool-547-thread-1] INFO  server.RaftServerConfigKeys (ConfUtils.java:logGet(44)) - raft.server.log.segment.size.max = 1048576 (custom)
2020-08-11 10:22:19,318 [pool-547-thread-1] INFO  server.RaftServerConfigKeys (ConfUtils.java:logGet(44)) - raft.server.log.preallocated.size = 16384 (custom)
2020-08-11 10:22:19,318 [pool-547-thread-1] INFO  server.RaftServerConfigKeys (ConfUtils.java:logGet(44)) - raft.server.log.write.buffer.size = 1048576 (custom)
2020-08-11 10:22:19,318 [pool-547-thread-1] INFO  server.RaftServerConfigKeys (ConfUtils.java:logGet(44)) - raft.server.log.force.sync.num = 128 (default)
2020-08-11 10:22:19,318 [pool-547-thread-1] INFO  server.RaftServerConfigKeys (ConfUtils.java:logGet(44)) - raft.server.log.statemachine.data.sync = true (default)
2020-08-11 10:22:19,318 [pool-547-thread-1] INFO  server.RaftServerConfigKeys (ConfUtils.java:logGet(44)) - raft.server.log.statemachine.data.sync.timeout = 10s (default)
2020-08-11 10:22:19,319 [pool-547-thread-1] INFO  server.RaftServerConfigKeys (ConfUtils.java:logGet(44)) - raft.server.log.statemachine.data.sync.timeout.retry = -1 (default)
2020-08-11 10:22:19,321 [pool-547-thread-1] INFO  server.RaftServerConfigKeys (ConfUtils.java:logGet(44)) - raft.server.log.statemachine.data.caching.enabled = true (custom)
2020-08-11 10:22:19,321 [pool-547-thread-1] INFO  segmented.SegmentedRaftLogWorker (SegmentedRaftLogWorker.java:lambda$new$0(129)) - 406c90ca-93e0-4c35-9202-d1a6c1200adf@group-B14D1DCB1247-SegmentedRaftLogWorker: flushIndex: setUnconditionally 0 -> -1
2020-08-11 10:22:19,321 [pool-547-thread-1] INFO  segmented.SegmentedRaftLogWorker (SegmentedRaftLogWorker.java:lambda$new$0(129)) - 406c90ca-93e0-4c35-9202-d1a6c1200adf@group-B14D1DCB1247-SegmentedRaftLogWorker: safeCacheEvictIndex: setUnconditionally 0 -> -1
2020-08-11 10:22:19,323 [pool-547-thread-1] INFO  server.RaftServerConfigKeys (ConfUtils.java:logGet(44)) - raft.server.snapshot.auto.trigger.enabled = true (custom)
2020-08-11 10:22:19,323 [pool-547-thread-1] INFO  server.RaftServerConfigKeys (ConfUtils.java:logGet(44)) - raft.server.snapshot.auto.trigger.threshold = 10000 (custom)
2020-08-11 10:22:19,323 [pool-547-thread-1] INFO  server.RaftServerConfigKeys (ConfUtils.java:logGet(44)) - raft.server.snapshot.retention.file.num = 5 (custom)
2020-08-11 10:22:19,323 [pool-547-thread-1] INFO  server.RaftServerConfigKeys (ConfUtils.java:logGet(44)) - raft.server.log.purge.upto.snapshot.index = false (default)
2020-08-11 10:22:19,323 [pool-547-thread-1] INFO  server.RaftServerConfigKeys (ConfUtils.java:logGet(44)) - raft.server.retrycache.expirytime = 600000ms (custom)
2020-08-11 10:22:19,324 [pool-547-thread-1] INFO  metrics.RatisMetrics (RatisMetrics.java:lambda$create$0(36)) - Creating Metrics Registry : ratis.leader_election.406c90ca-93e0-4c35-9202-d1a6c1200adf@group-B14D1DCB1247
2020-08-11 10:22:19,324 [pool-547-thread-1] INFO  metrics.RatisMetrics (RatisMetrics.java:lambda$create$0(36)) - Creating Metrics Registry : ratis.server.406c90ca-93e0-4c35-9202-d1a6c1200adf@group-B14D1DCB1247
2020-08-11 10:22:19,326 [pool-547-thread-1] INFO  impl.RaftServerImpl (RaftServerImpl.java:start(196)) - 406c90ca-93e0-4c35-9202-d1a6c1200adf@group-B14D1DCB1247: start as a follower, conf=-1: [406c90ca-93e0-4c35-9202-d1a6c1200adf:172.17.0.2:40871], old=null
2020-08-11 10:22:19,326 [pool-547-thread-1] INFO  impl.RaftServerImpl (RaftServerImpl.java:setRole(185)) - 406c90ca-93e0-4c35-9202-d1a6c1200adf@group-B14D1DCB1247: changes role from      null to FOLLOWER at term 0 for startAsFollower
2020-08-11 10:22:19,326 [pool-547-thread-1] INFO  impl.RoleInfo (RoleInfo.java:updateAndGet(143)) - 406c90ca-93e0-4c35-9202-d1a6c1200adf: start FollowerState
2020-08-11 10:22:19,326 [pool-547-thread-1] INFO  util.JmxRegister (JmxRegister.java:tryRegister(44)) - Successfully registered JMX Bean with object name Ratis:service=RaftServer,group=group-B14D1DCB1247,id=406c90ca-93e0-4c35-9202-d1a6c1200adf
2020-08-11 10:22:19,326 [pool-547-thread-1] INFO  metrics.RatisMetrics (RatisMetrics.java:lambda$create$0(36)) - Creating Metrics Registry : ratis.state_machine.406c90ca-93e0-4c35-9202-d1a6c1200adf@group-B14D1DCB1247
2020-08-11 10:22:19,327 [Command processor thread] INFO  commandhandler.CreatePipelineCommandHandler (CreatePipelineCommandHandler.java:handle(110)) - Created Pipeline RATIS ONE #id: "35e5ad47-5501-4de8-90b9-b14d1dcb1247"
uuid128 {
  mostSigBits: 3883700775557352936
  leastSigBits: -8018182716786011577
}
.
2020-08-11 10:22:19,327 [Command processor thread] INFO  impl.RaftServerProxy (RaftServerProxy.java:addNew(89)) - 406c90ca-93e0-4c35-9202-d1a6c1200adf: addNew group-14F6F6330515:[8c118799-e191-4e7e-ab0c-0c1f4e4855fe:172.17.0.2:40537, 733040ef-1be9-4bd5-8407-b94c2bc1538c:172.17.0.2:41275, 406c90ca-93e0-4c35-9202-d1a6c1200adf:172.17.0.2:40871] returns group-14F6F6330515:java.util.concurrent.CompletableFuture@3b49cef0[Not completed]
2020-08-11 10:22:19,328 [pool-547-thread-1] INFO  impl.RaftServerImpl (RaftServerImpl.java:<init>(107)) - 406c90ca-93e0-4c35-9202-d1a6c1200adf: new RaftServerImpl for group-14F6F6330515:[8c118799-e191-4e7e-ab0c-0c1f4e4855fe:172.17.0.2:40537, 733040ef-1be9-4bd5-8407-b94c2bc1538c:172.17.0.2:41275, 406c90ca-93e0-4c35-9202-d1a6c1200adf:172.17.0.2:40871] with ContainerStateMachine:uninitialized
2020-08-11 10:22:19,328 [pool-547-thread-1] INFO  server.RaftServerConfigKeys (ConfUtils.java:logGet(44)) - raft.server.rpc.timeout.min = 5s (custom)
2020-08-11 10:22:19,328 [pool-547-thread-1] INFO  server.RaftServerConfigKeys (ConfUtils.java:logGet(44)) - raft.server.rpc.timeout.max = 5200ms (custom)
2020-08-11 10:22:19,328 [pool-547-thread-1] INFO  server.RaftServerConfigKeys (ConfUtils.java:logGet(44)) - raft.server.rpcslowness.timeout = 300000ms (custom)
2020-08-11 10:22:19,328 [pool-547-thread-1] INFO  server.RaftServerConfigKeys (ConfUtils.java:logGet(44)) - raft.server.sleep.deviation.threshold = 300 (default)
2020-08-11 10:22:19,328 [pool-547-thread-1] INFO  server.RaftServerConfigKeys (ConfUtils.java:logGet(44)) - raft.server.log.appender.install.snapshot.enabled = false (custom)
2020-08-11 10:22:19,328 [pool-547-thread-1] INFO  impl.RaftServerImpl (ServerState.java:<init>(103)) - 406c90ca-93e0-4c35-9202-d1a6c1200adf@group-14F6F6330515: ConfigurationManager, init=-1: [8c118799-e191-4e7e-ab0c-0c1f4e4855fe:172.17.0.2:40537, 733040ef-1be9-4bd5-8407-b94c2bc1538c:172.17.0.2:41275, 406c90ca-93e0-4c35-9202-d1a6c1200adf:172.17.0.2:40871], old=null, confs=<EMPTY_MAP>
2020-08-11 10:22:19,328 [pool-547-thread-1] INFO  server.RaftServerConfigKeys (ConfUtils.java:logGet(44)) - raft.server.storage.dir = [/github/workspace/mnt/ozone/hadoop-ozone/integration-test/target/test-dir/MiniOzoneClusterImpl-8391e218-a55d-4210-9d4e-82a64144cc20/datanode-3/data/ratis] (custom)
2020-08-11 10:22:19,328 [pool-547-thread-1] INFO  server.RaftServerConfigKeys (ConfUtils.java:logGet(44)) - raft.server.log.corruption.policy = EXCEPTION (default)
2020-08-11 10:22:19,329 [pool-547-thread-1] INFO  storage.RaftStorageDirectory (RaftStorageDirectory.java:analyzeStorage(261)) - The storage directory /github/workspace/mnt/ozone/hadoop-ozone/integration-test/target/test-dir/MiniOzoneClusterImpl-8391e218-a55d-4210-9d4e-82a64144cc20/datanode-3/data/ratis/57316020-1602-4716-8c19-14f6f6330515 does not exist. Creating ...
2020-08-11 10:22:19,329 [pool-547-thread-1] INFO  storage.RaftStorageDirectory (RaftStorageDirectory.java:tryLock(343)) - Lock on /github/workspace/mnt/ozone/hadoop-ozone/integration-test/target/test-dir/MiniOzoneClusterImpl-8391e218-a55d-4210-9d4e-82a64144cc20/datanode-3/data/ratis/57316020-1602-4716-8c19-14f6f6330515/in_use.lock acquired by nodename 312@5c5695bd1bfd
2020-08-11 10:22:19,331 [pool-547-thread-1] INFO  storage.RaftStorage (RaftStorage.java:format(84)) - Storage directory /github/workspace/mnt/ozone/hadoop-ozone/integration-test/target/test-dir/MiniOzoneClusterImpl-8391e218-a55d-4210-9d4e-82a64144cc20/datanode-3/data/ratis/57316020-1602-4716-8c19-14f6f6330515 has been successfully formatted.
2020-08-11 10:22:19,331 [pool-547-thread-1] INFO  ratis.ContainerStateMachine (ContainerStateMachine.java:loadSnapshot(225)) - group-14F6F6330515: The snapshot info is null. Setting the last applied indexto:(t:0, i:~)
2020-08-11 10:22:19,331 [Datanode State Machine Thread - 0] WARN  statemachine.DatanodeStateMachine (DatanodeStateMachine.java:start(245)) - Interrupt the execution.
java.lang.InterruptedException: sleep interrupted
	at java.lang.Thread.sleep(Native Method)
	at org.apache.hadoop.ozone.container.common.statemachine.DatanodeStateMachine.start(DatanodeStateMachine.java:243)
	at org.apache.hadoop.ozone.container.common.statemachine.DatanodeStateMachine.lambda$startDaemon$0(DatanodeStateMachine.java:405)
	at java.lang.Thread.run(Thread.java:748)
2020-08-11 10:22:19,331 [pool-547-thread-1] INFO  server.RaftServerConfigKeys (ConfUtils.java:logGet(44)) - raft.server.notification.no-leader.timeout = 300000ms (custom)
2020-08-11 10:22:19,332 [pool-547-thread-1] INFO  server.RaftServerConfigKeys (ConfUtils.java:logGet(44)) - raft.server.log.use.memory = false (default)
2020-08-11 10:22:19,332 [pool-547-thread-1] INFO  server.RaftServerConfigKeys (ConfUtils.java:logGet(44)) - raft.server.log.purge.gap = 1000000 (custom)
2020-08-11 10:22:19,332 [pool-547-thread-1] INFO  metrics.RatisMetrics (RatisMetrics.java:lambda$create$0(36)) - Creating Metrics Registry : ratis.log_worker.406c90ca-93e0-4c35-9202-d1a6c1200adf@group-14F6F6330515
2020-08-11 10:22:19,332 [pool-547-thread-1] INFO  server.RaftServerConfigKeys (ConfUtils.java:logGet(44)) - raft.server.log.appender.buffer.byte-limit = 33554432 (custom)
2020-08-11 10:22:19,332 [pool-547-thread-1] INFO  server.RaftServerConfigKeys (ConfUtils.java:logGet(44)) - raft.server.log.segment.size.max = 1048576 (custom)
2020-08-11 10:22:19,333 [pool-547-thread-1] INFO  server.RaftServerConfigKeys (ConfUtils.java:logGet(44)) - raft.server.log.segment.cache.num.max = 2 (custom)
2020-08-11 10:22:19,333 [pool-547-thread-1] INFO  segmented.SegmentedRaftLogWorker (SegmentedRaftLogWorker.java:<init>(180)) - new 406c90ca-93e0-4c35-9202-d1a6c1200adf@group-14F6F6330515-SegmentedRaftLogWorker for RaftStorage:Storage Directory /github/workspace/mnt/ozone/hadoop-ozone/integration-test/target/test-dir/MiniOzoneClusterImpl-8391e218-a55d-4210-9d4e-82a64144cc20/datanode-3/data/ratis/57316020-1602-4716-8c19-14f6f6330515
2020-08-11 10:22:19,333 [pool-547-thread-1] INFO  server.RaftServerConfigKeys (ConfUtils.java:logGet(44)) - raft.server.log.queue.byte-limit = 2147483647 (custom)
2020-08-11 10:22:19,333 [pool-547-thread-1] INFO  server.RaftServerConfigKeys (ConfUtils.java:logGet(44)) - raft.server.log.queue.element-limit = 1024 (custom)
2020-08-11 10:22:19,333 [pool-547-thread-1] INFO  server.RaftServerConfigKeys (ConfUtils.java:logGet(44)) - raft.server.log.segment.size.max = 1048576 (custom)
2020-08-11 10:22:19,333 [pool-547-thread-1] INFO  server.RaftServerConfigKeys (ConfUtils.java:logGet(44)) - raft.server.log.preallocated.size = 16384 (custom)
2020-08-11 10:22:19,333 [pool-547-thread-1] INFO  server.RaftServerConfigKeys (ConfUtils.java:logGet(44)) - raft.server.log.write.buffer.size = 1048576 (custom)
2020-08-11 10:22:19,333 [pool-547-thread-1] INFO  server.RaftServerConfigKeys (ConfUtils.java:logGet(44)) - raft.server.log.force.sync.num = 128 (default)
2020-08-11 10:22:19,333 [pool-547-thread-1] INFO  server.RaftServerConfigKeys (ConfUtils.java:logGet(44)) - raft.server.log.statemachine.data.sync = true (default)
2020-08-11 10:22:19,333 [pool-547-thread-1] INFO  server.RaftServerConfigKeys (ConfUtils.java:logGet(44)) - raft.server.log.statemachine.data.sync.timeout = 10s (default)
2020-08-11 10:22:19,333 [pool-547-thread-1] INFO  server.RaftServerConfigKeys (ConfUtils.java:logGet(44)) - raft.server.log.statemachine.data.sync.timeout.retry = -1 (default)
2020-08-11 10:22:19,335 [pool-547-thread-1] INFO  server.RaftServerConfigKeys (ConfUtils.java:logGet(44)) - raft.server.log.statemachine.data.caching.enabled = true (custom)
2020-08-11 10:22:19,336 [pool-547-thread-1] INFO  segmented.SegmentedRaftLogWorker (SegmentedRaftLogWorker.java:lambda$new$0(129)) - 406c90ca-93e0-4c35-9202-d1a6c1200adf@group-14F6F6330515-SegmentedRaftLogWorker: flushIndex: setUnconditionally 0 -> -1
2020-08-11 10:22:19,336 [pool-547-thread-1] INFO  segmented.SegmentedRaftLogWorker (SegmentedRaftLogWorker.java:lambda$new$0(129)) - 406c90ca-93e0-4c35-9202-d1a6c1200adf@group-14F6F6330515-SegmentedRaftLogWorker: safeCacheEvictIndex: setUnconditionally 0 -> -1
2020-08-11 10:22:19,336 [pool-547-thread-1] INFO  server.RaftServerConfigKeys (ConfUtils.java:logGet(44)) - raft.server.snapshot.auto.trigger.enabled = true (custom)
2020-08-11 10:22:19,336 [pool-547-thread-1] INFO  server.RaftServerConfigKeys (ConfUtils.java:logGet(44)) - raft.server.snapshot.auto.trigger.threshold = 10000 (custom)
2020-08-11 10:22:19,336 [pool-547-thread-1] INFO  server.RaftServerConfigKeys (ConfUtils.java:logGet(44)) - raft.server.snapshot.retention.file.num = 5 (custom)
2020-08-11 10:22:19,336 [pool-547-thread-1] INFO  server.RaftServerConfigKeys (ConfUtils.java:logGet(44)) - raft.server.log.purge.upto.snapshot.index = false (default)
2020-08-11 10:22:19,336 [pool-547-thread-1] INFO  server.RaftServerConfigKeys (ConfUtils.java:logGet(44)) - raft.server.retrycache.expirytime = 600000ms (custom)
2020-08-11 10:22:19,336 [pool-547-thread-1] INFO  metrics.RatisMetrics (RatisMetrics.java:lambda$create$0(36)) - Creating Metrics Registry : ratis.leader_election.406c90ca-93e0-4c35-9202-d1a6c1200adf@group-14F6F6330515
2020-08-11 10:22:19,337 [pool-547-thread-1] INFO  metrics.RatisMetrics (RatisMetrics.java:lambda$create$0(36)) - Creating Metrics Registry : ratis.server.406c90ca-93e0-4c35-9202-d1a6c1200adf@group-14F6F6330515
2020-08-11 10:22:19,338 [pool-547-thread-1] INFO  impl.RaftServerImpl (RaftServerImpl.java:start(196)) - 406c90ca-93e0-4c35-9202-d1a6c1200adf@group-14F6F6330515: start as a follower, conf=-1: [8c118799-e191-4e7e-ab0c-0c1f4e4855fe:172.17.0.2:40537, 733040ef-1be9-4bd5-8407-b94c2bc1538c:172.17.0.2:41275, 406c90ca-93e0-4c35-9202-d1a6c1200adf:172.17.0.2:40871], old=null
2020-08-11 10:22:19,338 [pool-547-thread-1] INFO  impl.RaftServerImpl (RaftServerImpl.java:setRole(185)) - 406c90ca-93e0-4c35-9202-d1a6c1200adf@group-14F6F6330515: changes role from      null to FOLLOWER at term 0 for startAsFollower
2020-08-11 10:22:19,338 [pool-547-thread-1] INFO  impl.RoleInfo (RoleInfo.java:updateAndGet(143)) - 406c90ca-93e0-4c35-9202-d1a6c1200adf: start FollowerState
2020-08-11 10:22:19,339 [pool-547-thread-1] INFO  util.JmxRegister (JmxRegister.java:tryRegister(44)) - Successfully registered JMX Bean with object name Ratis:service=RaftServer,group=group-14F6F6330515,id=406c90ca-93e0-4c35-9202-d1a6c1200adf
2020-08-11 10:22:19,339 [pool-547-thread-1] INFO  metrics.RatisMetrics (RatisMetrics.java:lambda$create$0(36)) - Creating Metrics Registry : ratis.state_machine.406c90ca-93e0-4c35-9202-d1a6c1200adf@group-14F6F6330515
2020-08-11 10:22:19,351 [grpc-default-executor-4] INFO  impl.RaftServerProxy (RaftServerProxy.java:addNew(89)) - 8c118799-e191-4e7e-ab0c-0c1f4e4855fe: addNew group-14F6F6330515:[8c118799-e191-4e7e-ab0c-0c1f4e4855fe:172.17.0.2:40537, 733040ef-1be9-4bd5-8407-b94c2bc1538c:172.17.0.2:41275, 406c90ca-93e0-4c35-9202-d1a6c1200adf:172.17.0.2:40871] returns group-14F6F6330515:java.util.concurrent.CompletableFuture@3b977e3c[Not completed]
2020-08-11 10:22:19,352 [pool-562-thread-1] INFO  impl.RaftServerImpl (RaftServerImpl.java:<init>(107)) - 8c118799-e191-4e7e-ab0c-0c1f4e4855fe: new RaftServerImpl for group-14F6F6330515:[8c118799-e191-4e7e-ab0c-0c1f4e4855fe:172.17.0.2:40537, 733040ef-1be9-4bd5-8407-b94c2bc1538c:172.17.0.2:41275, 406c90ca-93e0-4c35-9202-d1a6c1200adf:172.17.0.2:40871] with ContainerStateMachine:uninitialized
2020-08-11 10:22:19,353 [pool-562-thread-1] INFO  server.RaftServerConfigKeys (ConfUtils.java:logGet(44)) - raft.server.rpc.timeout.min = 5s (custom)
2020-08-11 10:22:19,353 [pool-562-thread-1] INFO  server.RaftServerConfigKeys (ConfUtils.java:logGet(44)) - raft.server.rpc.timeout.max = 5200ms (custom)
2020-08-11 10:22:19,353 [pool-562-thread-1] INFO  server.RaftServerConfigKeys (ConfUtils.java:logGet(44)) - raft.server.rpcslowness.timeout = 300000ms (custom)
2020-08-11 10:22:19,353 [pool-562-thread-1] INFO  server.RaftServerConfigKeys (ConfUtils.java:logGet(44)) - raft.server.sleep.deviation.threshold = 300 (default)
2020-08-11 10:22:19,353 [pool-562-thread-1] INFO  server.RaftServerConfigKeys (ConfUtils.java:logGet(44)) - raft.server.log.appender.install.snapshot.enabled = false (custom)
2020-08-11 10:22:19,353 [pool-562-thread-1] INFO  impl.RaftServerImpl (ServerState.java:<init>(103)) - 8c118799-e191-4e7e-ab0c-0c1f4e4855fe@group-14F6F6330515: ConfigurationManager, init=-1: [8c118799-e191-4e7e-ab0c-0c1f4e4855fe:172.17.0.2:40537, 733040ef-1be9-4bd5-8407-b94c2bc1538c:172.17.0.2:41275, 406c90ca-93e0-4c35-9202-d1a6c1200adf:172.17.0.2:40871], old=null, confs=<EMPTY_MAP>
2020-08-11 10:22:19,353 [pool-562-thread-1] INFO  server.RaftServerConfigKeys (ConfUtils.java:logGet(44)) - raft.server.storage.dir = [/github/workspace/mnt/ozone/hadoop-ozone/integration-test/target/test-dir/MiniOzoneClusterImpl-8391e218-a55d-4210-9d4e-82a64144cc20/datanode-4/data/ratis] (custom)
2020-08-11 10:22:19,354 [pool-562-thread-1] INFO  server.RaftServerConfigKeys (ConfUtils.java:logGet(44)) - raft.server.log.corruption.policy = EXCEPTION (default)
2020-08-11 10:22:19,354 [pool-562-thread-1] INFO  storage.RaftStorageDirectory (RaftStorageDirectory.java:analyzeStorage(261)) - The storage directory /github/workspace/mnt/ozone/hadoop-ozone/integration-test/target/test-dir/MiniOzoneClusterImpl-8391e218-a55d-4210-9d4e-82a64144cc20/datanode-4/data/ratis/57316020-1602-4716-8c19-14f6f6330515 does not exist. Creating ...
2020-08-11 10:22:19,355 [pool-562-thread-1] INFO  storage.RaftStorageDirectory (RaftStorageDirectory.java:tryLock(343)) - Lock on /github/workspace/mnt/ozone/hadoop-ozone/integration-test/target/test-dir/MiniOzoneClusterImpl-8391e218-a55d-4210-9d4e-82a64144cc20/datanode-4/data/ratis/57316020-1602-4716-8c19-14f6f6330515/in_use.lock acquired by nodename 312@5c5695bd1bfd
2020-08-11 10:22:19,356 [pool-562-thread-1] INFO  storage.RaftStorage (RaftStorage.java:format(84)) - Storage directory /github/workspace/mnt/ozone/hadoop-ozone/integration-test/target/test-dir/MiniOzoneClusterImpl-8391e218-a55d-4210-9d4e-82a64144cc20/datanode-4/data/ratis/57316020-1602-4716-8c19-14f6f6330515 has been successfully formatted.
2020-08-11 10:22:19,357 [pool-562-thread-1] INFO  ratis.ContainerStateMachine (ContainerStateMachine.java:loadSnapshot(225)) - group-14F6F6330515: The snapshot info is null. Setting the last applied indexto:(t:0, i:~)
2020-08-11 10:22:19,357 [Datanode State Machine Thread - 0] WARN  statemachine.DatanodeStateMachine (DatanodeStateMachine.java:start(245)) - Interrupt the execution.
java.lang.InterruptedException: sleep interrupted
	at java.lang.Thread.sleep(Native Method)
	at org.apache.hadoop.ozone.container.common.statemachine.DatanodeStateMachine.start(DatanodeStateMachine.java:243)
	at org.apache.hadoop.ozone.container.common.statemachine.DatanodeStateMachine.lambda$startDaemon$0(DatanodeStateMachine.java:405)
	at java.lang.Thread.run(Thread.java:748)
2020-08-11 10:22:19,357 [pool-562-thread-1] INFO  server.RaftServerConfigKeys (ConfUtils.java:logGet(44)) - raft.server.notification.no-leader.timeout = 300000ms (custom)
2020-08-11 10:22:19,357 [pool-562-thread-1] INFO  server.RaftServerConfigKeys (ConfUtils.java:logGet(44)) - raft.server.log.use.memory = false (default)
2020-08-11 10:22:19,358 [pool-562-thread-1] INFO  server.RaftServerConfigKeys (ConfUtils.java:logGet(44)) - raft.server.log.purge.gap = 1000000 (custom)
2020-08-11 10:22:19,359 [pool-562-thread-1] INFO  metrics.RatisMetrics (RatisMetrics.java:lambda$create$0(36)) - Creating Metrics Registry : ratis.log_worker.8c118799-e191-4e7e-ab0c-0c1f4e4855fe@group-14F6F6330515
2020-08-11 10:22:19,359 [pool-562-thread-1] INFO  server.RaftServerConfigKeys (ConfUtils.java:logGet(44)) - raft.server.log.appender.buffer.byte-limit = 33554432 (custom)
2020-08-11 10:22:19,359 [pool-562-thread-1] INFO  server.RaftServerConfigKeys (ConfUtils.java:logGet(44)) - raft.server.log.segment.size.max = 1048576 (custom)
2020-08-11 10:22:19,360 [pool-562-thread-1] INFO  server.RaftServerConfigKeys (ConfUtils.java:logGet(44)) - raft.server.log.segment.cache.num.max = 2 (custom)
2020-08-11 10:22:19,360 [pool-562-thread-1] INFO  segmented.SegmentedRaftLogWorker (SegmentedRaftLogWorker.java:<init>(180)) - new 8c118799-e191-4e7e-ab0c-0c1f4e4855fe@group-14F6F6330515-SegmentedRaftLogWorker for RaftStorage:Storage Directory /github/workspace/mnt/ozone/hadoop-ozone/integration-test/target/test-dir/MiniOzoneClusterImpl-8391e218-a55d-4210-9d4e-82a64144cc20/datanode-4/data/ratis/57316020-1602-4716-8c19-14f6f6330515
2020-08-11 10:22:19,360 [pool-562-thread-1] INFO  server.RaftServerConfigKeys (ConfUtils.java:logGet(44)) - raft.server.log.queue.byte-limit = 2147483647 (custom)
2020-08-11 10:22:19,360 [pool-562-thread-1] INFO  server.RaftServerConfigKeys (ConfUtils.java:logGet(44)) - raft.server.log.queue.element-limit = 1024 (custom)
2020-08-11 10:22:19,360 [pool-562-thread-1] INFO  server.RaftServerConfigKeys (ConfUtils.java:logGet(44)) - raft.server.log.segment.size.max = 1048576 (custom)
2020-08-11 10:22:19,360 [pool-562-thread-1] INFO  server.RaftServerConfigKeys (ConfUtils.java:logGet(44)) - raft.server.log.preallocated.size = 16384 (custom)
2020-08-11 10:22:19,360 [pool-562-thread-1] INFO  server.RaftServerConfigKeys (ConfUtils.java:logGet(44)) - raft.server.log.write.buffer.size = 1048576 (custom)
2020-08-11 10:22:19,360 [pool-562-thread-1] INFO  server.RaftServerConfigKeys (ConfUtils.java:logGet(44)) - raft.server.log.force.sync.num = 128 (default)
2020-08-11 10:22:19,360 [pool-562-thread-1] INFO  server.RaftServerConfigKeys (ConfUtils.java:logGet(44)) - raft.server.log.statemachine.data.sync = true (default)
2020-08-11 10:22:19,360 [pool-562-thread-1] INFO  server.RaftServerConfigKeys (ConfUtils.java:logGet(44)) - raft.server.log.statemachine.data.sync.timeout = 10s (default)
2020-08-11 10:22:19,360 [pool-562-thread-1] INFO  server.RaftServerConfigKeys (ConfUtils.java:logGet(44)) - raft.server.log.statemachine.data.sync.timeout.retry = -1 (default)
2020-08-11 10:22:19,363 [pool-562-thread-1] INFO  server.RaftServerConfigKeys (ConfUtils.java:logGet(44)) - raft.server.log.statemachine.data.caching.enabled = true (custom)
2020-08-11 10:22:19,363 [pool-562-thread-1] INFO  segmented.SegmentedRaftLogWorker (SegmentedRaftLogWorker.java:lambda$new$0(129)) - 8c118799-e191-4e7e-ab0c-0c1f4e4855fe@group-14F6F6330515-SegmentedRaftLogWorker: flushIndex: setUnconditionally 0 -> -1
2020-08-11 10:22:19,363 [pool-562-thread-1] INFO  segmented.SegmentedRaftLogWorker (SegmentedRaftLogWorker.java:lambda$new$0(129)) - 8c118799-e191-4e7e-ab0c-0c1f4e4855fe@group-14F6F6330515-SegmentedRaftLogWorker: safeCacheEvictIndex: setUnconditionally 0 -> -1
2020-08-11 10:22:19,363 [pool-562-thread-1] INFO  server.RaftServerConfigKeys (ConfUtils.java:logGet(44)) - raft.server.snapshot.auto.trigger.enabled = true (custom)
2020-08-11 10:22:19,363 [pool-562-thread-1] INFO  server.RaftServerConfigKeys (ConfUtils.java:logGet(44)) - raft.server.snapshot.auto.trigger.threshold = 10000 (custom)
2020-08-11 10:22:19,363 [pool-562-thread-1] INFO  server.RaftServerConfigKeys (ConfUtils.java:logGet(44)) - raft.server.snapshot.retention.file.num = 5 (custom)
2020-08-11 10:22:19,363 [pool-562-thread-1] INFO  server.RaftServerConfigKeys (ConfUtils.java:logGet(44)) - raft.server.log.purge.upto.snapshot.index = false (default)
2020-08-11 10:22:19,364 [pool-562-thread-1] INFO  server.RaftServerConfigKeys (ConfUtils.java:logGet(44)) - raft.server.retrycache.expirytime = 600000ms (custom)
2020-08-11 10:22:19,364 [pool-562-thread-1] INFO  metrics.RatisMetrics (RatisMetrics.java:lambda$create$0(36)) - Creating Metrics Registry : ratis.leader_election.8c118799-e191-4e7e-ab0c-0c1f4e4855fe@group-14F6F6330515
2020-08-11 10:22:19,364 [pool-562-thread-1] INFO  metrics.RatisMetrics (RatisMetrics.java:lambda$create$0(36)) - Creating Metrics Registry : ratis.server.8c118799-e191-4e7e-ab0c-0c1f4e4855fe@group-14F6F6330515
2020-08-11 10:22:19,366 [pool-562-thread-1] INFO  impl.RaftServerImpl (RaftServerImpl.java:start(196)) - 8c118799-e191-4e7e-ab0c-0c1f4e4855fe@group-14F6F6330515: start as a follower, conf=-1: [8c118799-e191-4e7e-ab0c-0c1f4e4855fe:172.17.0.2:40537, 733040ef-1be9-4bd5-8407-b94c2bc1538c:172.17.0.2:41275, 406c90ca-93e0-4c35-9202-d1a6c1200adf:172.17.0.2:40871], old=null
2020-08-11 10:22:19,366 [pool-562-thread-1] INFO  impl.RaftServerImpl (RaftServerImpl.java:setRole(185)) - 8c118799-e191-4e7e-ab0c-0c1f4e4855fe@group-14F6F6330515: changes role from      null to FOLLOWER at term 0 for startAsFollower
2020-08-11 10:22:19,366 [pool-562-thread-1] INFO  impl.RoleInfo (RoleInfo.java:updateAndGet(143)) - 8c118799-e191-4e7e-ab0c-0c1f4e4855fe: start FollowerState
2020-08-11 10:22:19,366 [pool-562-thread-1] INFO  util.JmxRegister (JmxRegister.java:tryRegister(44)) - Successfully registered JMX Bean with object name Ratis:service=RaftServer,group=group-14F6F6330515,id=8c118799-e191-4e7e-ab0c-0c1f4e4855fe
2020-08-11 10:22:19,366 [pool-562-thread-1] INFO  metrics.RatisMetrics (RatisMetrics.java:lambda$create$0(36)) - Creating Metrics Registry : ratis.state_machine.8c118799-e191-4e7e-ab0c-0c1f4e4855fe@group-14F6F6330515
2020-08-11 10:22:19,377 [grpc-default-executor-4] INFO  impl.RaftServerProxy (RaftServerProxy.java:addNew(89)) - 733040ef-1be9-4bd5-8407-b94c2bc1538c: addNew group-14F6F6330515:[8c118799-e191-4e7e-ab0c-0c1f4e4855fe:172.17.0.2:40537, 733040ef-1be9-4bd5-8407-b94c2bc1538c:172.17.0.2:41275, 406c90ca-93e0-4c35-9202-d1a6c1200adf:172.17.0.2:40871] returns group-14F6F6330515:java.util.concurrent.CompletableFuture@57286410[Not completed]
2020-08-11 10:22:19,378 [pool-577-thread-1] INFO  impl.RaftServerImpl (RaftServerImpl.java:<init>(107)) - 733040ef-1be9-4bd5-8407-b94c2bc1538c: new RaftServerImpl for group-14F6F6330515:[8c118799-e191-4e7e-ab0c-0c1f4e4855fe:172.17.0.2:40537, 733040ef-1be9-4bd5-8407-b94c2bc1538c:172.17.0.2:41275, 406c90ca-93e0-4c35-9202-d1a6c1200adf:172.17.0.2:40871] with ContainerStateMachine:uninitialized
2020-08-11 10:22:19,378 [pool-577-thread-1] INFO  server.RaftServerConfigKeys (ConfUtils.java:logGet(44)) - raft.server.rpc.timeout.min = 5s (custom)
2020-08-11 10:22:19,378 [pool-577-thread-1] INFO  server.RaftServerConfigKeys (ConfUtils.java:logGet(44)) - raft.server.rpc.timeout.max = 5200ms (custom)
2020-08-11 10:22:19,378 [pool-577-thread-1] INFO  server.RaftServerConfigKeys (ConfUtils.java:logGet(44)) - raft.server.rpcslowness.timeout = 300000ms (custom)
2020-08-11 10:22:19,378 [pool-577-thread-1] INFO  server.RaftServerConfigKeys (ConfUtils.java:logGet(44)) - raft.server.sleep.deviation.threshold = 300 (default)
2020-08-11 10:22:19,378 [pool-577-thread-1] INFO  server.RaftServerConfigKeys (ConfUtils.java:logGet(44)) - raft.server.log.appender.install.snapshot.enabled = false (custom)
2020-08-11 10:22:19,378 [pool-577-thread-1] INFO  impl.RaftServerImpl (ServerState.java:<init>(103)) - 733040ef-1be9-4bd5-8407-b94c2bc1538c@group-14F6F6330515: ConfigurationManager, init=-1: [8c118799-e191-4e7e-ab0c-0c1f4e4855fe:172.17.0.2:40537, 733040ef-1be9-4bd5-8407-b94c2bc1538c:172.17.0.2:41275, 406c90ca-93e0-4c35-9202-d1a6c1200adf:172.17.0.2:40871], old=null, confs=<EMPTY_MAP>
2020-08-11 10:22:19,378 [pool-577-thread-1] INFO  server.RaftServerConfigKeys (ConfUtils.java:logGet(44)) - raft.server.storage.dir = [/github/workspace/mnt/ozone/hadoop-ozone/integration-test/target/test-dir/MiniOzoneClusterImpl-8391e218-a55d-4210-9d4e-82a64144cc20/datanode-5/data/ratis] (custom)
2020-08-11 10:22:19,378 [pool-577-thread-1] INFO  server.RaftServerConfigKeys (ConfUtils.java:logGet(44)) - raft.server.log.corruption.policy = EXCEPTION (default)
2020-08-11 10:22:19,379 [pool-577-thread-1] INFO  storage.RaftStorageDirectory (RaftStorageDirectory.java:analyzeStorage(261)) - The storage directory /github/workspace/mnt/ozone/hadoop-ozone/integration-test/target/test-dir/MiniOzoneClusterImpl-8391e218-a55d-4210-9d4e-82a64144cc20/datanode-5/data/ratis/57316020-1602-4716-8c19-14f6f6330515 does not exist. Creating ...
2020-08-11 10:22:19,380 [pool-577-thread-1] INFO  storage.RaftStorageDirectory (RaftStorageDirectory.java:tryLock(343)) - Lock on /github/workspace/mnt/ozone/hadoop-ozone/integration-test/target/test-dir/MiniOzoneClusterImpl-8391e218-a55d-4210-9d4e-82a64144cc20/datanode-5/data/ratis/57316020-1602-4716-8c19-14f6f6330515/in_use.lock acquired by nodename 312@5c5695bd1bfd
2020-08-11 10:22:19,381 [pool-577-thread-1] INFO  storage.RaftStorage (RaftStorage.java:format(84)) - Storage directory /github/workspace/mnt/ozone/hadoop-ozone/integration-test/target/test-dir/MiniOzoneClusterImpl-8391e218-a55d-4210-9d4e-82a64144cc20/datanode-5/data/ratis/57316020-1602-4716-8c19-14f6f6330515 has been successfully formatted.
2020-08-11 10:22:19,382 [pool-577-thread-1] INFO  ratis.ContainerStateMachine (ContainerStateMachine.java:loadSnapshot(225)) - group-14F6F6330515: The snapshot info is null. Setting the last applied indexto:(t:0, i:~)
2020-08-11 10:22:19,382 [Datanode State Machine Thread - 0] WARN  statemachine.DatanodeStateMachine (DatanodeStateMachine.java:start(245)) - Interrupt the execution.
java.lang.InterruptedException: sleep interrupted
	at java.lang.Thread.sleep(Native Method)
	at org.apache.hadoop.ozone.container.common.statemachine.DatanodeStateMachine.start(DatanodeStateMachine.java:243)
	at org.apache.hadoop.ozone.container.common.statemachine.DatanodeStateMachine.lambda$startDaemon$0(DatanodeStateMachine.java:405)
	at java.lang.Thread.run(Thread.java:748)
2020-08-11 10:22:19,382 [pool-577-thread-1] INFO  server.RaftServerConfigKeys (ConfUtils.java:logGet(44)) - raft.server.notification.no-leader.timeout = 300000ms (custom)
2020-08-11 10:22:19,383 [pool-577-thread-1] INFO  server.RaftServerConfigKeys (ConfUtils.java:logGet(44)) - raft.server.log.use.memory = false (default)
2020-08-11 10:22:19,384 [pool-577-thread-1] INFO  server.RaftServerConfigKeys (ConfUtils.java:logGet(44)) - raft.server.log.purge.gap = 1000000 (custom)
2020-08-11 10:22:19,384 [pool-577-thread-1] INFO  metrics.RatisMetrics (RatisMetrics.java:lambda$create$0(36)) - Creating Metrics Registry : ratis.log_worker.733040ef-1be9-4bd5-8407-b94c2bc1538c@group-14F6F6330515
2020-08-11 10:22:19,385 [pool-577-thread-1] INFO  server.RaftServerConfigKeys (ConfUtils.java:logGet(44)) - raft.server.log.appender.buffer.byte-limit = 33554432 (custom)
2020-08-11 10:22:19,385 [pool-577-thread-1] INFO  server.RaftServerConfigKeys (ConfUtils.java:logGet(44)) - raft.server.log.segment.size.max = 1048576 (custom)
2020-08-11 10:22:19,386 [pool-577-thread-1] INFO  server.RaftServerConfigKeys (ConfUtils.java:logGet(44)) - raft.server.log.segment.cache.num.max = 2 (custom)
2020-08-11 10:22:19,386 [pool-577-thread-1] INFO  segmented.SegmentedRaftLogWorker (SegmentedRaftLogWorker.java:<init>(180)) - new 733040ef-1be9-4bd5-8407-b94c2bc1538c@group-14F6F6330515-SegmentedRaftLogWorker for RaftStorage:Storage Directory /github/workspace/mnt/ozone/hadoop-ozone/integration-test/target/test-dir/MiniOzoneClusterImpl-8391e218-a55d-4210-9d4e-82a64144cc20/datanode-5/data/ratis/57316020-1602-4716-8c19-14f6f6330515
2020-08-11 10:22:19,386 [pool-577-thread-1] INFO  server.RaftServerConfigKeys (ConfUtils.java:logGet(44)) - raft.server.log.queue.byte-limit = 2147483647 (custom)
2020-08-11 10:22:19,386 [pool-577-thread-1] INFO  server.RaftServerConfigKeys (ConfUtils.java:logGet(44)) - raft.server.log.queue.element-limit = 1024 (custom)
2020-08-11 10:22:19,386 [pool-577-thread-1] INFO  server.RaftServerConfigKeys (ConfUtils.java:logGet(44)) - raft.server.log.segment.size.max = 1048576 (custom)
2020-08-11 10:22:19,386 [pool-577-thread-1] INFO  server.RaftServerConfigKeys (ConfUtils.java:logGet(44)) - raft.server.log.preallocated.size = 16384 (custom)
2020-08-11 10:22:19,386 [pool-577-thread-1] INFO  server.RaftServerConfigKeys (ConfUtils.java:logGet(44)) - raft.server.log.write.buffer.size = 1048576 (custom)
2020-08-11 10:22:19,386 [pool-577-thread-1] INFO  server.RaftServerConfigKeys (ConfUtils.java:logGet(44)) - raft.server.log.force.sync.num = 128 (default)
2020-08-11 10:22:19,386 [pool-577-thread-1] INFO  server.RaftServerConfigKeys (ConfUtils.java:logGet(44)) - raft.server.log.statemachine.data.sync = true (default)
2020-08-11 10:22:19,386 [pool-577-thread-1] INFO  server.RaftServerConfigKeys (ConfUtils.java:logGet(44)) - raft.server.log.statemachine.data.sync.timeout = 10s (default)
2020-08-11 10:22:19,386 [pool-577-thread-1] INFO  server.RaftServerConfigKeys (ConfUtils.java:logGet(44)) - raft.server.log.statemachine.data.sync.timeout.retry = -1 (default)
2020-08-11 10:22:19,388 [pool-577-thread-1] INFO  server.RaftServerConfigKeys (ConfUtils.java:logGet(44)) - raft.server.log.statemachine.data.caching.enabled = true (custom)
2020-08-11 10:22:19,388 [pool-577-thread-1] INFO  segmented.SegmentedRaftLogWorker (SegmentedRaftLogWorker.java:lambda$new$0(129)) - 733040ef-1be9-4bd5-8407-b94c2bc1538c@group-14F6F6330515-SegmentedRaftLogWorker: flushIndex: setUnconditionally 0 -> -1
2020-08-11 10:22:19,388 [pool-577-thread-1] INFO  segmented.SegmentedRaftLogWorker (SegmentedRaftLogWorker.java:lambda$new$0(129)) - 733040ef-1be9-4bd5-8407-b94c2bc1538c@group-14F6F6330515-SegmentedRaftLogWorker: safeCacheEvictIndex: setUnconditionally 0 -> -1
2020-08-11 10:22:19,389 [pool-577-thread-1] INFO  server.RaftServerConfigKeys (ConfUtils.java:logGet(44)) - raft.server.snapshot.auto.trigger.enabled = true (custom)
2020-08-11 10:22:19,389 [pool-577-thread-1] INFO  server.RaftServerConfigKeys (ConfUtils.java:logGet(44)) - raft.server.snapshot.auto.trigger.threshold = 10000 (custom)
2020-08-11 10:22:19,389 [pool-577-thread-1] INFO  server.RaftServerConfigKeys (ConfUtils.java:logGet(44)) - raft.server.snapshot.retention.file.num = 5 (custom)
2020-08-11 10:22:19,389 [pool-577-thread-1] INFO  server.RaftServerConfigKeys (ConfUtils.java:logGet(44)) - raft.server.log.purge.upto.snapshot.index = false (default)
2020-08-11 10:22:19,389 [pool-577-thread-1] INFO  server.RaftServerConfigKeys (ConfUtils.java:logGet(44)) - raft.server.retrycache.expirytime = 600000ms (custom)
2020-08-11 10:22:19,389 [pool-577-thread-1] INFO  metrics.RatisMetrics (RatisMetrics.java:lambda$create$0(36)) - Creating Metrics Registry : ratis.leader_election.733040ef-1be9-4bd5-8407-b94c2bc1538c@group-14F6F6330515
2020-08-11 10:22:19,390 [pool-577-thread-1] INFO  metrics.RatisMetrics (RatisMetrics.java:lambda$create$0(36)) - Creating Metrics Registry : ratis.server.733040ef-1be9-4bd5-8407-b94c2bc1538c@group-14F6F6330515
2020-08-11 10:22:19,391 [pool-577-thread-1] INFO  impl.RaftServerImpl (RaftServerImpl.java:start(196)) - 733040ef-1be9-4bd5-8407-b94c2bc1538c@group-14F6F6330515: start as a follower, conf=-1: [8c118799-e191-4e7e-ab0c-0c1f4e4855fe:172.17.0.2:40537, 733040ef-1be9-4bd5-8407-b94c2bc1538c:172.17.0.2:41275, 406c90ca-93e0-4c35-9202-d1a6c1200adf:172.17.0.2:40871], old=null
2020-08-11 10:22:19,391 [pool-577-thread-1] INFO  impl.RaftServerImpl (RaftServerImpl.java:setRole(185)) - 733040ef-1be9-4bd5-8407-b94c2bc1538c@group-14F6F6330515: changes role from      null to FOLLOWER at term 0 for startAsFollower
2020-08-11 10:22:19,391 [pool-577-thread-1] INFO  impl.RoleInfo (RoleInfo.java:updateAndGet(143)) - 733040ef-1be9-4bd5-8407-b94c2bc1538c: start FollowerState
2020-08-11 10:22:19,391 [pool-577-thread-1] INFO  util.JmxRegister (JmxRegister.java:tryRegister(44)) - Successfully registered JMX Bean with object name Ratis:service=RaftServer,group=group-14F6F6330515,id=733040ef-1be9-4bd5-8407-b94c2bc1538c
2020-08-11 10:22:19,391 [pool-577-thread-1] INFO  metrics.RatisMetrics (RatisMetrics.java:lambda$create$0(36)) - Creating Metrics Registry : ratis.state_machine.733040ef-1be9-4bd5-8407-b94c2bc1538c@group-14F6F6330515
2020-08-11 10:22:19,398 [Command processor thread] INFO  commandhandler.CreatePipelineCommandHandler (CreatePipelineCommandHandler.java:handle(110)) - Created Pipeline RATIS THREE #id: "57316020-1602-4716-8c19-14f6f6330515"
uuid128 {
  mostSigBits: 6282908646083020566
  leastSigBits: -8351620983056825067
}
.
2020-08-11 10:22:19,436 [Command processor thread] INFO  impl.RaftServerProxy (RaftServerProxy.java:addNew(89)) - 8c118799-e191-4e7e-ab0c-0c1f4e4855fe: addNew group-02EE26485F32:[8c118799-e191-4e7e-ab0c-0c1f4e4855fe:172.17.0.2:40537] returns group-02EE26485F32:java.util.concurrent.CompletableFuture@6b10d965[Not completed]
2020-08-11 10:22:19,437 [pool-562-thread-1] INFO  impl.RaftServerImpl (RaftServerImpl.java:<init>(107)) - 8c118799-e191-4e7e-ab0c-0c1f4e4855fe: new RaftServerImpl for group-02EE26485F32:[8c118799-e191-4e7e-ab0c-0c1f4e4855fe:172.17.0.2:40537] with ContainerStateMachine:uninitialized
2020-08-11 10:22:19,437 [pool-562-thread-1] INFO  server.RaftServerConfigKeys (ConfUtils.java:logGet(44)) - raft.server.rpc.timeout.min = 5s (custom)
2020-08-11 10:22:19,437 [pool-562-thread-1] INFO  server.RaftServerConfigKeys (ConfUtils.java:logGet(44)) - raft.server.rpc.timeout.max = 5200ms (custom)
2020-08-11 10:22:19,437 [pool-562-thread-1] INFO  server.RaftServerConfigKeys (ConfUtils.java:logGet(44)) - raft.server.rpcslowness.timeout = 300000ms (custom)
2020-08-11 10:22:19,437 [pool-562-thread-1] INFO  server.RaftServerConfigKeys (ConfUtils.java:logGet(44)) - raft.server.sleep.deviation.threshold = 300 (default)
2020-08-11 10:22:19,437 [pool-562-thread-1] INFO  server.RaftServerConfigKeys (ConfUtils.java:logGet(44)) - raft.server.log.appender.install.snapshot.enabled = false (custom)
2020-08-11 10:22:19,437 [pool-562-thread-1] INFO  impl.RaftServerImpl (ServerState.java:<init>(103)) - 8c118799-e191-4e7e-ab0c-0c1f4e4855fe@group-02EE26485F32: ConfigurationManager, init=-1: [8c118799-e191-4e7e-ab0c-0c1f4e4855fe:172.17.0.2:40537], old=null, confs=<EMPTY_MAP>
2020-08-11 10:22:19,437 [pool-562-thread-1] INFO  server.RaftServerConfigKeys (ConfUtils.java:logGet(44)) - raft.server.storage.dir = [/github/workspace/mnt/ozone/hadoop-ozone/integration-test/target/test-dir/MiniOzoneClusterImpl-8391e218-a55d-4210-9d4e-82a64144cc20/datanode-4/data/ratis] (custom)
2020-08-11 10:22:19,437 [pool-562-thread-1] INFO  server.RaftServerConfigKeys (ConfUtils.java:logGet(44)) - raft.server.log.corruption.policy = EXCEPTION (default)
2020-08-11 10:22:19,438 [pool-562-thread-1] INFO  storage.RaftStorageDirectory (RaftStorageDirectory.java:analyzeStorage(261)) - The storage directory /github/workspace/mnt/ozone/hadoop-ozone/integration-test/target/test-dir/MiniOzoneClusterImpl-8391e218-a55d-4210-9d4e-82a64144cc20/datanode-4/data/ratis/3a6f4b9e-d30b-46b5-ba69-02ee26485f32 does not exist. Creating ...
2020-08-11 10:22:19,439 [pool-562-thread-1] INFO  storage.RaftStorageDirectory (RaftStorageDirectory.java:tryLock(343)) - Lock on /github/workspace/mnt/ozone/hadoop-ozone/integration-test/target/test-dir/MiniOzoneClusterImpl-8391e218-a55d-4210-9d4e-82a64144cc20/datanode-4/data/ratis/3a6f4b9e-d30b-46b5-ba69-02ee26485f32/in_use.lock acquired by nodename 312@5c5695bd1bfd
2020-08-11 10:22:19,441 [pool-562-thread-1] INFO  storage.RaftStorage (RaftStorage.java:format(84)) - Storage directory /github/workspace/mnt/ozone/hadoop-ozone/integration-test/target/test-dir/MiniOzoneClusterImpl-8391e218-a55d-4210-9d4e-82a64144cc20/datanode-4/data/ratis/3a6f4b9e-d30b-46b5-ba69-02ee26485f32 has been successfully formatted.
2020-08-11 10:22:19,441 [pool-562-thread-1] INFO  ratis.ContainerStateMachine (ContainerStateMachine.java:loadSnapshot(225)) - group-02EE26485F32: The snapshot info is null. Setting the last applied indexto:(t:0, i:~)
2020-08-11 10:22:19,441 [Datanode State Machine Thread - 0] WARN  statemachine.DatanodeStateMachine (DatanodeStateMachine.java:start(245)) - Interrupt the execution.
java.lang.InterruptedException: sleep interrupted
	at java.lang.Thread.sleep(Native Method)
	at org.apache.hadoop.ozone.container.common.statemachine.DatanodeStateMachine.start(DatanodeStateMachine.java:243)
	at org.apache.hadoop.ozone.container.common.statemachine.DatanodeStateMachine.lambda$startDaemon$0(DatanodeStateMachine.java:405)
	at java.lang.Thread.run(Thread.java:748)
2020-08-11 10:22:19,441 [pool-562-thread-1] INFO  server.RaftServerConfigKeys (ConfUtils.java:logGet(44)) - raft.server.notification.no-leader.timeout = 300000ms (custom)
2020-08-11 10:22:19,442 [pool-562-thread-1] INFO  server.RaftServerConfigKeys (ConfUtils.java:logGet(44)) - raft.server.log.use.memory = false (default)
2020-08-11 10:22:19,442 [pool-562-thread-1] INFO  server.RaftServerConfigKeys (ConfUtils.java:logGet(44)) - raft.server.log.purge.gap = 1000000 (custom)
2020-08-11 10:22:19,442 [pool-562-thread-1] INFO  metrics.RatisMetrics (RatisMetrics.java:lambda$create$0(36)) - Creating Metrics Registry : ratis.log_worker.8c118799-e191-4e7e-ab0c-0c1f4e4855fe@group-02EE26485F32
2020-08-11 10:22:19,442 [pool-562-thread-1] INFO  server.RaftServerConfigKeys (ConfUtils.java:logGet(44)) - raft.server.log.appender.buffer.byte-limit = 33554432 (custom)
2020-08-11 10:22:19,442 [pool-562-thread-1] INFO  server.RaftServerConfigKeys (ConfUtils.java:logGet(44)) - raft.server.log.segment.size.max = 1048576 (custom)
2020-08-11 10:22:19,442 [EventQueue-PipelineReportForPipelineReportHandler] INFO  pipeline.PipelineStateManager (PipelineStateManager.java:openPipeline(131)) - Pipeline Pipeline[ Id: 3a6f4b9e-d30b-46b5-ba69-02ee26485f32, Nodes: 8c118799-e191-4e7e-ab0c-0c1f4e4855fe{ip: 172.17.0.2, host: 5c5695bd1bfd, networkLocation: /default-rack, certSerialId: null}, Type:RATIS, Factor:ONE, State:ALLOCATED, leaderId:8c118799-e191-4e7e-ab0c-0c1f4e4855fe, CreationTimestamp2020-08-11T10:22:16.438Z] moved to OPEN state
2020-08-11 10:22:19,443 [EventQueue-OpenPipelineForOneReplicaPipelineSafeModeRule] INFO  safemode.SCMSafeModeManager (SCMSafeModeManager.java:validateSafeModeExitRules(214)) - AtleastOneDatanodeReportedRule rule is successfully validated
2020-08-11 10:22:19,443 [EventQueue-OpenPipelineForHealthyPipelineSafeModeRule] INFO  safemode.SCMSafeModeManager (HealthyPipelineSafeModeRule.java:process(129)) - SCM in safe mode. Healthy pipelines reported count is 0, required healthy pipeline reported count is 1
2020-08-11 10:22:19,443 [pool-562-thread-1] INFO  server.RaftServerConfigKeys (ConfUtils.java:logGet(44)) - raft.server.log.segment.cache.num.max = 2 (custom)
2020-08-11 10:22:19,443 [pool-562-thread-1] INFO  segmented.SegmentedRaftLogWorker (SegmentedRaftLogWorker.java:<init>(180)) - new 8c118799-e191-4e7e-ab0c-0c1f4e4855fe@group-02EE26485F32-SegmentedRaftLogWorker for RaftStorage:Storage Directory /github/workspace/mnt/ozone/hadoop-ozone/integration-test/target/test-dir/MiniOzoneClusterImpl-8391e218-a55d-4210-9d4e-82a64144cc20/datanode-4/data/ratis/3a6f4b9e-d30b-46b5-ba69-02ee26485f32
2020-08-11 10:22:19,443 [pool-562-thread-1] INFO  server.RaftServerConfigKeys (ConfUtils.java:logGet(44)) - raft.server.log.queue.byte-limit = 2147483647 (custom)
2020-08-11 10:22:19,443 [pool-562-thread-1] INFO  server.RaftServerConfigKeys (ConfUtils.java:logGet(44)) - raft.server.log.queue.element-limit = 1024 (custom)
2020-08-11 10:22:19,443 [pool-562-thread-1] INFO  server.RaftServerConfigKeys (ConfUtils.java:logGet(44)) - raft.server.log.segment.size.max = 1048576 (custom)
2020-08-11 10:22:19,443 [pool-562-thread-1] INFO  server.RaftServerConfigKeys (ConfUtils.java:logGet(44)) - raft.server.log.preallocated.size = 16384 (custom)
2020-08-11 10:22:19,443 [pool-562-thread-1] INFO  server.RaftServerConfigKeys (ConfUtils.java:logGet(44)) - raft.server.log.write.buffer.size = 1048576 (custom)
2020-08-11 10:22:19,443 [pool-562-thread-1] INFO  server.RaftServerConfigKeys (ConfUtils.java:logGet(44)) - raft.server.log.force.sync.num = 128 (default)
2020-08-11 10:22:19,444 [pool-562-thread-1] INFO  server.RaftServerConfigKeys (ConfUtils.java:logGet(44)) - raft.server.log.statemachine.data.sync = true (default)
2020-08-11 10:22:19,444 [pool-562-thread-1] INFO  server.RaftServerConfigKeys (ConfUtils.java:logGet(44)) - raft.server.log.statemachine.data.sync.timeout = 10s (default)
2020-08-11 10:22:19,444 [pool-562-thread-1] INFO  server.RaftServerConfigKeys (ConfUtils.java:logGet(44)) - raft.server.log.statemachine.data.sync.timeout.retry = -1 (default)
2020-08-11 10:22:19,446 [pool-562-thread-1] INFO  server.RaftServerConfigKeys (ConfUtils.java:logGet(44)) - raft.server.log.statemachine.data.caching.enabled = true (custom)
2020-08-11 10:22:19,446 [pool-562-thread-1] INFO  segmented.SegmentedRaftLogWorker (SegmentedRaftLogWorker.java:lambda$new$0(129)) - 8c118799-e191-4e7e-ab0c-0c1f4e4855fe@group-02EE26485F32-SegmentedRaftLogWorker: flushIndex: setUnconditionally 0 -> -1
2020-08-11 10:22:19,446 [pool-562-thread-1] INFO  segmented.SegmentedRaftLogWorker (SegmentedRaftLogWorker.java:lambda$new$0(129)) - 8c118799-e191-4e7e-ab0c-0c1f4e4855fe@group-02EE26485F32-SegmentedRaftLogWorker: safeCacheEvictIndex: setUnconditionally 0 -> -1
2020-08-11 10:22:19,447 [pool-562-thread-1] INFO  server.RaftServerConfigKeys (ConfUtils.java:logGet(44)) - raft.server.snapshot.auto.trigger.enabled = true (custom)
2020-08-11 10:22:19,447 [pool-562-thread-1] INFO  server.RaftServerConfigKeys (ConfUtils.java:logGet(44)) - raft.server.snapshot.auto.trigger.threshold = 10000 (custom)
2020-08-11 10:22:19,447 [pool-562-thread-1] INFO  server.RaftServerConfigKeys (ConfUtils.java:logGet(44)) - raft.server.snapshot.retention.file.num = 5 (custom)
2020-08-11 10:22:19,447 [pool-562-thread-1] INFO  server.RaftServerConfigKeys (ConfUtils.java:logGet(44)) - raft.server.log.purge.upto.snapshot.index = false (default)
2020-08-11 10:22:19,447 [pool-562-thread-1] INFO  server.RaftServerConfigKeys (ConfUtils.java:logGet(44)) - raft.server.retrycache.expirytime = 600000ms (custom)
2020-08-11 10:22:19,447 [pool-562-thread-1] INFO  metrics.RatisMetrics (RatisMetrics.java:lambda$create$0(36)) - Creating Metrics Registry : ratis.leader_election.8c118799-e191-4e7e-ab0c-0c1f4e4855fe@group-02EE26485F32
2020-08-11 10:22:19,448 [pool-562-thread-1] INFO  metrics.RatisMetrics (RatisMetrics.java:lambda$create$0(36)) - Creating Metrics Registry : ratis.server.8c118799-e191-4e7e-ab0c-0c1f4e4855fe@group-02EE26485F32
2020-08-11 10:22:19,449 [pool-562-thread-1] INFO  impl.RaftServerImpl (RaftServerImpl.java:start(196)) - 8c118799-e191-4e7e-ab0c-0c1f4e4855fe@group-02EE26485F32: start as a follower, conf=-1: [8c118799-e191-4e7e-ab0c-0c1f4e4855fe:172.17.0.2:40537], old=null
2020-08-11 10:22:19,449 [pool-562-thread-1] INFO  impl.RaftServerImpl (RaftServerImpl.java:setRole(185)) - 8c118799-e191-4e7e-ab0c-0c1f4e4855fe@group-02EE26485F32: changes role from      null to FOLLOWER at term 0 for startAsFollower
2020-08-11 10:22:19,449 [pool-562-thread-1] INFO  impl.RoleInfo (RoleInfo.java:updateAndGet(143)) - 8c118799-e191-4e7e-ab0c-0c1f4e4855fe: start FollowerState
2020-08-11 10:22:19,450 [pool-562-thread-1] INFO  util.JmxRegister (JmxRegister.java:tryRegister(44)) - Successfully registered JMX Bean with object name Ratis:service=RaftServer,group=group-02EE26485F32,id=8c118799-e191-4e7e-ab0c-0c1f4e4855fe
2020-08-11 10:22:19,450 [pool-562-thread-1] INFO  metrics.RatisMetrics (RatisMetrics.java:lambda$create$0(36)) - Creating Metrics Registry : ratis.state_machine.8c118799-e191-4e7e-ab0c-0c1f4e4855fe@group-02EE26485F32
2020-08-11 10:22:19,451 [Command processor thread] INFO  commandhandler.CreatePipelineCommandHandler (CreatePipelineCommandHandler.java:handle(110)) - Created Pipeline RATIS ONE #id: "3a6f4b9e-d30b-46b5-ba69-02ee26485f32"
uuid128 {
  mostSigBits: 4210667322132350645
  leastSigBits: -5014473488232587470
}
.
2020-08-11 10:22:19,556 [Command processor thread] INFO  impl.RaftServerProxy (RaftServerProxy.java:addNew(89)) - 733040ef-1be9-4bd5-8407-b94c2bc1538c: addNew group-0FB66349B952:[733040ef-1be9-4bd5-8407-b94c2bc1538c:172.17.0.2:41275] returns group-0FB66349B952:java.util.concurrent.CompletableFuture@3bd5995e[Not completed]
2020-08-11 10:22:19,557 [pool-577-thread-1] INFO  impl.RaftServerImpl (RaftServerImpl.java:<init>(107)) - 733040ef-1be9-4bd5-8407-b94c2bc1538c: new RaftServerImpl for group-0FB66349B952:[733040ef-1be9-4bd5-8407-b94c2bc1538c:172.17.0.2:41275] with ContainerStateMachine:uninitialized
2020-08-11 10:22:19,557 [pool-577-thread-1] INFO  server.RaftServerConfigKeys (ConfUtils.java:logGet(44)) - raft.server.rpc.timeout.min = 5s (custom)
2020-08-11 10:22:19,557 [pool-577-thread-1] INFO  server.RaftServerConfigKeys (ConfUtils.java:logGet(44)) - raft.server.rpc.timeout.max = 5200ms (custom)
2020-08-11 10:22:19,557 [pool-577-thread-1] INFO  server.RaftServerConfigKeys (ConfUtils.java:logGet(44)) - raft.server.rpcslowness.timeout = 300000ms (custom)
2020-08-11 10:22:19,557 [pool-577-thread-1] INFO  server.RaftServerConfigKeys (ConfUtils.java:logGet(44)) - raft.server.sleep.deviation.threshold = 300 (default)
2020-08-11 10:22:19,557 [pool-577-thread-1] INFO  server.RaftServerConfigKeys (ConfUtils.java:logGet(44)) - raft.server.log.appender.install.snapshot.enabled = false (custom)
2020-08-11 10:22:19,557 [pool-577-thread-1] INFO  impl.RaftServerImpl (ServerState.java:<init>(103)) - 733040ef-1be9-4bd5-8407-b94c2bc1538c@group-0FB66349B952: ConfigurationManager, init=-1: [733040ef-1be9-4bd5-8407-b94c2bc1538c:172.17.0.2:41275], old=null, confs=<EMPTY_MAP>
2020-08-11 10:22:19,557 [pool-577-thread-1] INFO  server.RaftServerConfigKeys (ConfUtils.java:logGet(44)) - raft.server.storage.dir = [/github/workspace/mnt/ozone/hadoop-ozone/integration-test/target/test-dir/MiniOzoneClusterImpl-8391e218-a55d-4210-9d4e-82a64144cc20/datanode-5/data/ratis] (custom)
2020-08-11 10:22:19,557 [pool-577-thread-1] INFO  server.RaftServerConfigKeys (ConfUtils.java:logGet(44)) - raft.server.log.corruption.policy = EXCEPTION (default)
2020-08-11 10:22:19,557 [pool-577-thread-1] INFO  storage.RaftStorageDirectory (RaftStorageDirectory.java:analyzeStorage(261)) - The storage directory /github/workspace/mnt/ozone/hadoop-ozone/integration-test/target/test-dir/MiniOzoneClusterImpl-8391e218-a55d-4210-9d4e-82a64144cc20/datanode-5/data/ratis/d0f18e90-7320-4b3f-869e-0fb66349b952 does not exist. Creating ...
2020-08-11 10:22:19,559 [pool-577-thread-1] INFO  storage.RaftStorageDirectory (RaftStorageDirectory.java:tryLock(343)) - Lock on /github/workspace/mnt/ozone/hadoop-ozone/integration-test/target/test-dir/MiniOzoneClusterImpl-8391e218-a55d-4210-9d4e-82a64144cc20/datanode-5/data/ratis/d0f18e90-7320-4b3f-869e-0fb66349b952/in_use.lock acquired by nodename 312@5c5695bd1bfd
2020-08-11 10:22:19,560 [pool-577-thread-1] INFO  storage.RaftStorage (RaftStorage.java:format(84)) - Storage directory /github/workspace/mnt/ozone/hadoop-ozone/integration-test/target/test-dir/MiniOzoneClusterImpl-8391e218-a55d-4210-9d4e-82a64144cc20/datanode-5/data/ratis/d0f18e90-7320-4b3f-869e-0fb66349b952 has been successfully formatted.
2020-08-11 10:22:19,560 [pool-577-thread-1] INFO  ratis.ContainerStateMachine (ContainerStateMachine.java:loadSnapshot(225)) - group-0FB66349B952: The snapshot info is null. Setting the last applied indexto:(t:0, i:~)
2020-08-11 10:22:19,560 [pool-577-thread-1] INFO  server.RaftServerConfigKeys (ConfUtils.java:logGet(44)) - raft.server.notification.no-leader.timeout = 300000ms (custom)
2020-08-11 10:22:19,561 [pool-577-thread-1] INFO  server.RaftServerConfigKeys (ConfUtils.java:logGet(44)) - raft.server.log.use.memory = false (default)
2020-08-11 10:22:19,560 [Datanode State Machine Thread - 0] WARN  statemachine.DatanodeStateMachine (DatanodeStateMachine.java:start(245)) - Interrupt the execution.
java.lang.InterruptedException: sleep interrupted
	at java.lang.Thread.sleep(Native Method)
	at org.apache.hadoop.ozone.container.common.statemachine.DatanodeStateMachine.start(DatanodeStateMachine.java:243)
	at org.apache.hadoop.ozone.container.common.statemachine.DatanodeStateMachine.lambda$startDaemon$0(DatanodeStateMachine.java:405)
	at java.lang.Thread.run(Thread.java:748)
2020-08-11 10:22:19,561 [pool-577-thread-1] INFO  server.RaftServerConfigKeys (ConfUtils.java:logGet(44)) - raft.server.log.purge.gap = 1000000 (custom)
2020-08-11 10:22:19,561 [pool-577-thread-1] INFO  metrics.RatisMetrics (RatisMetrics.java:lambda$create$0(36)) - Creating Metrics Registry : ratis.log_worker.733040ef-1be9-4bd5-8407-b94c2bc1538c@group-0FB66349B952
2020-08-11 10:22:19,561 [pool-577-thread-1] INFO  server.RaftServerConfigKeys (ConfUtils.java:logGet(44)) - raft.server.log.appender.buffer.byte-limit = 33554432 (custom)
2020-08-11 10:22:19,561 [pool-577-thread-1] INFO  server.RaftServerConfigKeys (ConfUtils.java:logGet(44)) - raft.server.log.segment.size.max = 1048576 (custom)
2020-08-11 10:22:19,562 [EventQueue-PipelineReportForPipelineReportHandler] INFO  pipeline.PipelineStateManager (PipelineStateManager.java:openPipeline(131)) - Pipeline Pipeline[ Id: d0f18e90-7320-4b3f-869e-0fb66349b952, Nodes: 733040ef-1be9-4bd5-8407-b94c2bc1538c{ip: 172.17.0.2, host: 5c5695bd1bfd, networkLocation: /default-rack, certSerialId: null}, Type:RATIS, Factor:ONE, State:ALLOCATED, leaderId:733040ef-1be9-4bd5-8407-b94c2bc1538c, CreationTimestamp2020-08-11T10:22:16.562Z] moved to OPEN state
2020-08-11 10:22:19,562 [EventQueue-OpenPipelineForOneReplicaPipelineSafeModeRule] INFO  safemode.SCMSafeModeManager (SCMSafeModeManager.java:validateSafeModeExitRules(214)) - AtleastOneDatanodeReportedRule rule is successfully validated
2020-08-11 10:22:19,562 [EventQueue-OpenPipelineForHealthyPipelineSafeModeRule] INFO  safemode.SCMSafeModeManager (HealthyPipelineSafeModeRule.java:process(129)) - SCM in safe mode. Healthy pipelines reported count is 0, required healthy pipeline reported count is 1
2020-08-11 10:22:19,562 [pool-577-thread-1] INFO  server.RaftServerConfigKeys (ConfUtils.java:logGet(44)) - raft.server.log.segment.cache.num.max = 2 (custom)
2020-08-11 10:22:19,562 [pool-577-thread-1] INFO  segmented.SegmentedRaftLogWorker (SegmentedRaftLogWorker.java:<init>(180)) - new 733040ef-1be9-4bd5-8407-b94c2bc1538c@group-0FB66349B952-SegmentedRaftLogWorker for RaftStorage:Storage Directory /github/workspace/mnt/ozone/hadoop-ozone/integration-test/target/test-dir/MiniOzoneClusterImpl-8391e218-a55d-4210-9d4e-82a64144cc20/datanode-5/data/ratis/d0f18e90-7320-4b3f-869e-0fb66349b952
2020-08-11 10:22:19,563 [pool-577-thread-1] INFO  server.RaftServerConfigKeys (ConfUtils.java:logGet(44)) - raft.server.log.queue.byte-limit = 2147483647 (custom)
2020-08-11 10:22:19,563 [pool-577-thread-1] INFO  server.RaftServerConfigKeys (ConfUtils.java:logGet(44)) - raft.server.log.queue.element-limit = 1024 (custom)
2020-08-11 10:22:19,563 [pool-577-thread-1] INFO  server.RaftServerConfigKeys (ConfUtils.java:logGet(44)) - raft.server.log.segment.size.max = 1048576 (custom)
2020-08-11 10:22:19,563 [pool-577-thread-1] INFO  server.RaftServerConfigKeys (ConfUtils.java:logGet(44)) - raft.server.log.preallocated.size = 16384 (custom)
2020-08-11 10:22:19,563 [pool-577-thread-1] INFO  server.RaftServerConfigKeys (ConfUtils.java:logGet(44)) - raft.server.log.write.buffer.size = 1048576 (custom)
2020-08-11 10:22:19,563 [pool-577-thread-1] INFO  server.RaftServerConfigKeys (ConfUtils.java:logGet(44)) - raft.server.log.force.sync.num = 128 (default)
2020-08-11 10:22:19,563 [pool-577-thread-1] INFO  server.RaftServerConfigKeys (ConfUtils.java:logGet(44)) - raft.server.log.statemachine.data.sync = true (default)
2020-08-11 10:22:19,563 [pool-577-thread-1] INFO  server.RaftServerConfigKeys (ConfUtils.java:logGet(44)) - raft.server.log.statemachine.data.sync.timeout = 10s (default)
2020-08-11 10:22:19,563 [pool-577-thread-1] INFO  server.RaftServerConfigKeys (ConfUtils.java:logGet(44)) - raft.server.log.statemachine.data.sync.timeout.retry = -1 (default)
2020-08-11 10:22:19,565 [pool-577-thread-1] INFO  server.RaftServerConfigKeys (ConfUtils.java:logGet(44)) - raft.server.log.statemachine.data.caching.enabled = true (custom)
2020-08-11 10:22:19,565 [pool-577-thread-1] INFO  segmented.SegmentedRaftLogWorker (SegmentedRaftLogWorker.java:lambda$new$0(129)) - 733040ef-1be9-4bd5-8407-b94c2bc1538c@group-0FB66349B952-SegmentedRaftLogWorker: flushIndex: setUnconditionally 0 -> -1
2020-08-11 10:22:19,565 [pool-577-thread-1] INFO  segmented.SegmentedRaftLogWorker (SegmentedRaftLogWorker.java:lambda$new$0(129)) - 733040ef-1be9-4bd5-8407-b94c2bc1538c@group-0FB66349B952-SegmentedRaftLogWorker: safeCacheEvictIndex: setUnconditionally 0 -> -1
2020-08-11 10:22:19,566 [pool-577-thread-1] INFO  server.RaftServerConfigKeys (ConfUtils.java:logGet(44)) - raft.server.snapshot.auto.trigger.enabled = true (custom)
2020-08-11 10:22:19,566 [pool-577-thread-1] INFO  server.RaftServerConfigKeys (ConfUtils.java:logGet(44)) - raft.server.snapshot.auto.trigger.threshold = 10000 (custom)
2020-08-11 10:22:19,566 [pool-577-thread-1] INFO  server.RaftServerConfigKeys (ConfUtils.java:logGet(44)) - raft.server.snapshot.retention.file.num = 5 (custom)
2020-08-11 10:22:19,566 [pool-577-thread-1] INFO  server.RaftServerConfigKeys (ConfUtils.java:logGet(44)) - raft.server.log.purge.upto.snapshot.index = false (default)
2020-08-11 10:22:19,566 [pool-577-thread-1] INFO  server.RaftServerConfigKeys (ConfUtils.java:logGet(44)) - raft.server.retrycache.expirytime = 600000ms (custom)
2020-08-11 10:22:19,566 [pool-577-thread-1] INFO  metrics.RatisMetrics (RatisMetrics.java:lambda$create$0(36)) - Creating Metrics Registry : ratis.leader_election.733040ef-1be9-4bd5-8407-b94c2bc1538c@group-0FB66349B952
2020-08-11 10:22:19,567 [pool-577-thread-1] INFO  metrics.RatisMetrics (RatisMetrics.java:lambda$create$0(36)) - Creating Metrics Registry : ratis.server.733040ef-1be9-4bd5-8407-b94c2bc1538c@group-0FB66349B952
2020-08-11 10:22:19,568 [pool-577-thread-1] INFO  impl.RaftServerImpl (RaftServerImpl.java:start(196)) - 733040ef-1be9-4bd5-8407-b94c2bc1538c@group-0FB66349B952: start as a follower, conf=-1: [733040ef-1be9-4bd5-8407-b94c2bc1538c:172.17.0.2:41275], old=null
2020-08-11 10:22:19,568 [pool-577-thread-1] INFO  impl.RaftServerImpl (RaftServerImpl.java:setRole(185)) - 733040ef-1be9-4bd5-8407-b94c2bc1538c@group-0FB66349B952: changes role from      null to FOLLOWER at term 0 for startAsFollower
2020-08-11 10:22:19,568 [pool-577-thread-1] INFO  impl.RoleInfo (RoleInfo.java:updateAndGet(143)) - 733040ef-1be9-4bd5-8407-b94c2bc1538c: start FollowerState
2020-08-11 10:22:19,568 [pool-577-thread-1] INFO  util.JmxRegister (JmxRegister.java:tryRegister(44)) - Successfully registered JMX Bean with object name Ratis:service=RaftServer,group=group-0FB66349B952,id=733040ef-1be9-4bd5-8407-b94c2bc1538c
2020-08-11 10:22:19,568 [pool-577-thread-1] INFO  metrics.RatisMetrics (RatisMetrics.java:lambda$create$0(36)) - Creating Metrics Registry : ratis.state_machine.733040ef-1be9-4bd5-8407-b94c2bc1538c@group-0FB66349B952
2020-08-11 10:22:19,569 [Command processor thread] INFO  commandhandler.CreatePipelineCommandHandler (CreatePipelineCommandHandler.java:handle(110)) - Created Pipeline RATIS ONE #id: "d0f18e90-7320-4b3f-869e-0fb66349b952"
uuid128 {
  mostSigBits: -3390772293375341761
  leastSigBits: -8746536150282684078
}
.
2020-08-11 10:22:19,687 [Command processor thread] INFO  impl.RaftServerProxy (RaftServerProxy.java:addNew(89)) - a40e82d7-9af1-4aed-a8c0-412ae681934d: addNew group-2A8656F9C27E:[a40e82d7-9af1-4aed-a8c0-412ae681934d:172.17.0.2:34423] returns group-2A8656F9C27E:java.util.concurrent.CompletableFuture@3513e084[Not completed]
2020-08-11 10:22:19,688 [pool-592-thread-1] INFO  impl.RaftServerImpl (RaftServerImpl.java:<init>(107)) - a40e82d7-9af1-4aed-a8c0-412ae681934d: new RaftServerImpl for group-2A8656F9C27E:[a40e82d7-9af1-4aed-a8c0-412ae681934d:172.17.0.2:34423] with ContainerStateMachine:uninitialized
2020-08-11 10:22:19,688 [pool-592-thread-1] INFO  server.RaftServerConfigKeys (ConfUtils.java:logGet(44)) - raft.server.rpc.timeout.min = 5s (custom)
2020-08-11 10:22:19,688 [pool-592-thread-1] INFO  server.RaftServerConfigKeys (ConfUtils.java:logGet(44)) - raft.server.rpc.timeout.max = 5200ms (custom)
2020-08-11 10:22:19,688 [pool-592-thread-1] INFO  server.RaftServerConfigKeys (ConfUtils.java:logGet(44)) - raft.server.rpcslowness.timeout = 300000ms (custom)
2020-08-11 10:22:19,688 [pool-592-thread-1] INFO  server.RaftServerConfigKeys (ConfUtils.java:logGet(44)) - raft.server.sleep.deviation.threshold = 300 (default)
2020-08-11 10:22:19,688 [pool-592-thread-1] INFO  server.RaftServerConfigKeys (ConfUtils.java:logGet(44)) - raft.server.log.appender.install.snapshot.enabled = false (custom)
2020-08-11 10:22:19,689 [pool-592-thread-1] INFO  impl.RaftServerImpl (ServerState.java:<init>(103)) - a40e82d7-9af1-4aed-a8c0-412ae681934d@group-2A8656F9C27E: ConfigurationManager, init=-1: [a40e82d7-9af1-4aed-a8c0-412ae681934d:172.17.0.2:34423], old=null, confs=<EMPTY_MAP>
2020-08-11 10:22:19,689 [pool-592-thread-1] INFO  server.RaftServerConfigKeys (ConfUtils.java:logGet(44)) - raft.server.storage.dir = [/github/workspace/mnt/ozone/hadoop-ozone/integration-test/target/test-dir/MiniOzoneClusterImpl-8391e218-a55d-4210-9d4e-82a64144cc20/datanode-6/data/ratis] (custom)
2020-08-11 10:22:19,689 [pool-592-thread-1] INFO  server.RaftServerConfigKeys (ConfUtils.java:logGet(44)) - raft.server.log.corruption.policy = EXCEPTION (default)
2020-08-11 10:22:19,689 [pool-592-thread-1] INFO  storage.RaftStorageDirectory (RaftStorageDirectory.java:analyzeStorage(261)) - The storage directory /github/workspace/mnt/ozone/hadoop-ozone/integration-test/target/test-dir/MiniOzoneClusterImpl-8391e218-a55d-4210-9d4e-82a64144cc20/datanode-6/data/ratis/bf751c2a-1097-4d64-a01e-2a8656f9c27e does not exist. Creating ...
2020-08-11 10:22:19,690 [pool-592-thread-1] INFO  storage.RaftStorageDirectory (RaftStorageDirectory.java:tryLock(343)) - Lock on /github/workspace/mnt/ozone/hadoop-ozone/integration-test/target/test-dir/MiniOzoneClusterImpl-8391e218-a55d-4210-9d4e-82a64144cc20/datanode-6/data/ratis/bf751c2a-1097-4d64-a01e-2a8656f9c27e/in_use.lock acquired by nodename 312@5c5695bd1bfd
2020-08-11 10:22:19,691 [pool-592-thread-1] INFO  storage.RaftStorage (RaftStorage.java:format(84)) - Storage directory /github/workspace/mnt/ozone/hadoop-ozone/integration-test/target/test-dir/MiniOzoneClusterImpl-8391e218-a55d-4210-9d4e-82a64144cc20/datanode-6/data/ratis/bf751c2a-1097-4d64-a01e-2a8656f9c27e has been successfully formatted.
2020-08-11 10:22:19,692 [pool-592-thread-1] INFO  ratis.ContainerStateMachine (ContainerStateMachine.java:loadSnapshot(225)) - group-2A8656F9C27E: The snapshot info is null. Setting the last applied indexto:(t:0, i:~)
2020-08-11 10:22:19,692 [Datanode State Machine Thread - 0] WARN  statemachine.DatanodeStateMachine (DatanodeStateMachine.java:start(245)) - Interrupt the execution.
java.lang.InterruptedException: sleep interrupted
	at java.lang.Thread.sleep(Native Method)
	at org.apache.hadoop.ozone.container.common.statemachine.DatanodeStateMachine.start(DatanodeStateMachine.java:243)
	at org.apache.hadoop.ozone.container.common.statemachine.DatanodeStateMachine.lambda$startDaemon$0(DatanodeStateMachine.java:405)
	at java.lang.Thread.run(Thread.java:748)
2020-08-11 10:22:19,692 [pool-592-thread-1] INFO  server.RaftServerConfigKeys (ConfUtils.java:logGet(44)) - raft.server.notification.no-leader.timeout = 300000ms (custom)
2020-08-11 10:22:19,692 [pool-592-thread-1] INFO  server.RaftServerConfigKeys (ConfUtils.java:logGet(44)) - raft.server.log.use.memory = false (default)
2020-08-11 10:22:19,693 [pool-592-thread-1] INFO  server.RaftServerConfigKeys (ConfUtils.java:logGet(44)) - raft.server.log.purge.gap = 1000000 (custom)
2020-08-11 10:22:19,693 [pool-592-thread-1] INFO  metrics.RatisMetrics (RatisMetrics.java:lambda$create$0(36)) - Creating Metrics Registry : ratis.log_worker.a40e82d7-9af1-4aed-a8c0-412ae681934d@group-2A8656F9C27E
2020-08-11 10:22:19,693 [pool-592-thread-1] INFO  server.RaftServerConfigKeys (ConfUtils.java:logGet(44)) - raft.server.log.appender.buffer.byte-limit = 33554432 (custom)
2020-08-11 10:22:19,694 [pool-592-thread-1] INFO  server.RaftServerConfigKeys (ConfUtils.java:logGet(44)) - raft.server.log.segment.size.max = 1048576 (custom)
2020-08-11 10:22:19,694 [EventQueue-PipelineReportForPipelineReportHandler] INFO  pipeline.PipelineStateManager (PipelineStateManager.java:openPipeline(131)) - Pipeline Pipeline[ Id: bf751c2a-1097-4d64-a01e-2a8656f9c27e, Nodes: a40e82d7-9af1-4aed-a8c0-412ae681934d{ip: 172.17.0.2, host: 5c5695bd1bfd, networkLocation: /default-rack, certSerialId: null}, Type:RATIS, Factor:ONE, State:ALLOCATED, leaderId:a40e82d7-9af1-4aed-a8c0-412ae681934d, CreationTimestamp2020-08-11T10:22:16.686Z] moved to OPEN state
2020-08-11 10:22:19,694 [EventQueue-OpenPipelineForOneReplicaPipelineSafeModeRule] INFO  safemode.SCMSafeModeManager (SCMSafeModeManager.java:validateSafeModeExitRules(214)) - AtleastOneDatanodeReportedRule rule is successfully validated
2020-08-11 10:22:19,694 [EventQueue-OpenPipelineForHealthyPipelineSafeModeRule] INFO  safemode.SCMSafeModeManager (HealthyPipelineSafeModeRule.java:process(129)) - SCM in safe mode. Healthy pipelines reported count is 0, required healthy pipeline reported count is 1
2020-08-11 10:22:19,694 [pool-592-thread-1] INFO  server.RaftServerConfigKeys (ConfUtils.java:logGet(44)) - raft.server.log.segment.cache.num.max = 2 (custom)
2020-08-11 10:22:19,694 [pool-592-thread-1] INFO  segmented.SegmentedRaftLogWorker (SegmentedRaftLogWorker.java:<init>(180)) - new a40e82d7-9af1-4aed-a8c0-412ae681934d@group-2A8656F9C27E-SegmentedRaftLogWorker for RaftStorage:Storage Directory /github/workspace/mnt/ozone/hadoop-ozone/integration-test/target/test-dir/MiniOzoneClusterImpl-8391e218-a55d-4210-9d4e-82a64144cc20/datanode-6/data/ratis/bf751c2a-1097-4d64-a01e-2a8656f9c27e
2020-08-11 10:22:19,695 [pool-592-thread-1] INFO  server.RaftServerConfigKeys (ConfUtils.java:logGet(44)) - raft.server.log.queue.byte-limit = 2147483647 (custom)
2020-08-11 10:22:19,695 [pool-592-thread-1] INFO  server.RaftServerConfigKeys (ConfUtils.java:logGet(44)) - raft.server.log.queue.element-limit = 1024 (custom)
2020-08-11 10:22:19,695 [pool-592-thread-1] INFO  server.RaftServerConfigKeys (ConfUtils.java:logGet(44)) - raft.server.log.segment.size.max = 1048576 (custom)
2020-08-11 10:22:19,695 [pool-592-thread-1] INFO  server.RaftServerConfigKeys (ConfUtils.java:logGet(44)) - raft.server.log.preallocated.size = 16384 (custom)
2020-08-11 10:22:19,695 [pool-592-thread-1] INFO  server.RaftServerConfigKeys (ConfUtils.java:logGet(44)) - raft.server.log.write.buffer.size = 1048576 (custom)
2020-08-11 10:22:19,695 [pool-592-thread-1] INFO  server.RaftServerConfigKeys (ConfUtils.java:logGet(44)) - raft.server.log.force.sync.num = 128 (default)
2020-08-11 10:22:19,695 [pool-592-thread-1] INFO  server.RaftServerConfigKeys (ConfUtils.java:logGet(44)) - raft.server.log.statemachine.data.sync = true (default)
2020-08-11 10:22:19,695 [pool-592-thread-1] INFO  server.RaftServerConfigKeys (ConfUtils.java:logGet(44)) - raft.server.log.statemachine.data.sync.timeout = 10s (default)
2020-08-11 10:22:19,695 [pool-592-thread-1] INFO  server.RaftServerConfigKeys (ConfUtils.java:logGet(44)) - raft.server.log.statemachine.data.sync.timeout.retry = -1 (default)
2020-08-11 10:22:19,698 [pool-592-thread-1] INFO  server.RaftServerConfigKeys (ConfUtils.java:logGet(44)) - raft.server.log.statemachine.data.caching.enabled = true (custom)
2020-08-11 10:22:19,698 [pool-592-thread-1] INFO  segmented.SegmentedRaftLogWorker (SegmentedRaftLogWorker.java:lambda$new$0(129)) - a40e82d7-9af1-4aed-a8c0-412ae681934d@group-2A8656F9C27E-SegmentedRaftLogWorker: flushIndex: setUnconditionally 0 -> -1
2020-08-11 10:22:19,698 [pool-592-thread-1] INFO  segmented.SegmentedRaftLogWorker (SegmentedRaftLogWorker.java:lambda$new$0(129)) - a40e82d7-9af1-4aed-a8c0-412ae681934d@group-2A8656F9C27E-SegmentedRaftLogWorker: safeCacheEvictIndex: setUnconditionally 0 -> -1
2020-08-11 10:22:19,698 [pool-592-thread-1] INFO  server.RaftServerConfigKeys (ConfUtils.java:logGet(44)) - raft.server.snapshot.auto.trigger.enabled = true (custom)
2020-08-11 10:22:19,698 [pool-592-thread-1] INFO  server.RaftServerConfigKeys (ConfUtils.java:logGet(44)) - raft.server.snapshot.auto.trigger.threshold = 10000 (custom)
2020-08-11 10:22:19,698 [pool-592-thread-1] INFO  server.RaftServerConfigKeys (ConfUtils.java:logGet(44)) - raft.server.snapshot.retention.file.num = 5 (custom)
2020-08-11 10:22:19,699 [pool-592-thread-1] INFO  server.RaftServerConfigKeys (ConfUtils.java:logGet(44)) - raft.server.log.purge.upto.snapshot.index = false (default)
2020-08-11 10:22:19,699 [pool-592-thread-1] INFO  server.RaftServerConfigKeys (ConfUtils.java:logGet(44)) - raft.server.retrycache.expirytime = 600000ms (custom)
2020-08-11 10:22:19,699 [pool-592-thread-1] INFO  metrics.RatisMetrics (RatisMetrics.java:lambda$create$0(36)) - Creating Metrics Registry : ratis.leader_election.a40e82d7-9af1-4aed-a8c0-412ae681934d@group-2A8656F9C27E
2020-08-11 10:22:19,699 [pool-592-thread-1] INFO  metrics.RatisMetrics (RatisMetrics.java:lambda$create$0(36)) - Creating Metrics Registry : ratis.server.a40e82d7-9af1-4aed-a8c0-412ae681934d@group-2A8656F9C27E
2020-08-11 10:22:19,701 [pool-592-thread-1] INFO  impl.RaftServerImpl (RaftServerImpl.java:start(196)) - a40e82d7-9af1-4aed-a8c0-412ae681934d@group-2A8656F9C27E: start as a follower, conf=-1: [a40e82d7-9af1-4aed-a8c0-412ae681934d:172.17.0.2:34423], old=null
2020-08-11 10:22:19,701 [pool-592-thread-1] INFO  impl.RaftServerImpl (RaftServerImpl.java:setRole(185)) - a40e82d7-9af1-4aed-a8c0-412ae681934d@group-2A8656F9C27E: changes role from      null to FOLLOWER at term 0 for startAsFollower
2020-08-11 10:22:19,701 [pool-592-thread-1] INFO  impl.RoleInfo (RoleInfo.java:updateAndGet(143)) - a40e82d7-9af1-4aed-a8c0-412ae681934d: start FollowerState
2020-08-11 10:22:19,702 [pool-592-thread-1] INFO  util.JmxRegister (JmxRegister.java:tryRegister(44)) - Successfully registered JMX Bean with object name Ratis:service=RaftServer,group=group-2A8656F9C27E,id=a40e82d7-9af1-4aed-a8c0-412ae681934d
2020-08-11 10:22:19,702 [pool-592-thread-1] INFO  metrics.RatisMetrics (RatisMetrics.java:lambda$create$0(36)) - Creating Metrics Registry : ratis.state_machine.a40e82d7-9af1-4aed-a8c0-412ae681934d@group-2A8656F9C27E
2020-08-11 10:22:19,703 [Command processor thread] INFO  commandhandler.CreatePipelineCommandHandler (CreatePipelineCommandHandler.java:handle(110)) - Created Pipeline RATIS ONE #id: "bf751c2a-1097-4d64-a01e-2a8656f9c27e"
uuid128 {
  mostSigBits: -4650780073197613724
  leastSigBits: -6909038021866569090
}
.
2020-08-11 10:22:19,703 [Command processor thread] INFO  impl.RaftServerProxy (RaftServerProxy.java:addNew(89)) - a40e82d7-9af1-4aed-a8c0-412ae681934d: addNew group-4936644038FC:[ca417779-88b3-4dc1-a56d-e28a15aec768:172.17.0.2:39865, 8e0471e9-03e2-4e0b-80e1-583d5c951362:172.17.0.2:42433, a40e82d7-9af1-4aed-a8c0-412ae681934d:172.17.0.2:34423] returns group-4936644038FC:java.util.concurrent.CompletableFuture@312c72fe[Not completed]
2020-08-11 10:22:19,703 [pool-592-thread-1] INFO  impl.RaftServerImpl (RaftServerImpl.java:<init>(107)) - a40e82d7-9af1-4aed-a8c0-412ae681934d: new RaftServerImpl for group-4936644038FC:[ca417779-88b3-4dc1-a56d-e28a15aec768:172.17.0.2:39865, 8e0471e9-03e2-4e0b-80e1-583d5c951362:172.17.0.2:42433, a40e82d7-9af1-4aed-a8c0-412ae681934d:172.17.0.2:34423] with ContainerStateMachine:uninitialized
2020-08-11 10:22:19,703 [pool-592-thread-1] INFO  server.RaftServerConfigKeys (ConfUtils.java:logGet(44)) - raft.server.rpc.timeout.min = 5s (custom)
2020-08-11 10:22:19,704 [pool-592-thread-1] INFO  server.RaftServerConfigKeys (ConfUtils.java:logGet(44)) - raft.server.rpc.timeout.max = 5200ms (custom)
2020-08-11 10:22:19,704 [pool-592-thread-1] INFO  server.RaftServerConfigKeys (ConfUtils.java:logGet(44)) - raft.server.rpcslowness.timeout = 300000ms (custom)
2020-08-11 10:22:19,704 [pool-592-thread-1] INFO  server.RaftServerConfigKeys (ConfUtils.java:logGet(44)) - raft.server.sleep.deviation.threshold = 300 (default)
2020-08-11 10:22:19,704 [pool-592-thread-1] INFO  server.RaftServerConfigKeys (ConfUtils.java:logGet(44)) - raft.server.log.appender.install.snapshot.enabled = false (custom)
2020-08-11 10:22:19,704 [pool-592-thread-1] INFO  impl.RaftServerImpl (ServerState.java:<init>(103)) - a40e82d7-9af1-4aed-a8c0-412ae681934d@group-4936644038FC: ConfigurationManager, init=-1: [ca417779-88b3-4dc1-a56d-e28a15aec768:172.17.0.2:39865, 8e0471e9-03e2-4e0b-80e1-583d5c951362:172.17.0.2:42433, a40e82d7-9af1-4aed-a8c0-412ae681934d:172.17.0.2:34423], old=null, confs=<EMPTY_MAP>
2020-08-11 10:22:19,704 [pool-592-thread-1] INFO  server.RaftServerConfigKeys (ConfUtils.java:logGet(44)) - raft.server.storage.dir = [/github/workspace/mnt/ozone/hadoop-ozone/integration-test/target/test-dir/MiniOzoneClusterImpl-8391e218-a55d-4210-9d4e-82a64144cc20/datanode-6/data/ratis] (custom)
2020-08-11 10:22:19,704 [pool-592-thread-1] INFO  server.RaftServerConfigKeys (ConfUtils.java:logGet(44)) - raft.server.log.corruption.policy = EXCEPTION (default)
2020-08-11 10:22:19,704 [pool-592-thread-1] INFO  storage.RaftStorageDirectory (RaftStorageDirectory.java:analyzeStorage(261)) - The storage directory /github/workspace/mnt/ozone/hadoop-ozone/integration-test/target/test-dir/MiniOzoneClusterImpl-8391e218-a55d-4210-9d4e-82a64144cc20/datanode-6/data/ratis/1f22e5c4-89e1-473e-bf2e-4936644038fc does not exist. Creating ...
2020-08-11 10:22:19,706 [pool-592-thread-1] INFO  storage.RaftStorageDirectory (RaftStorageDirectory.java:tryLock(343)) - Lock on /github/workspace/mnt/ozone/hadoop-ozone/integration-test/target/test-dir/MiniOzoneClusterImpl-8391e218-a55d-4210-9d4e-82a64144cc20/datanode-6/data/ratis/1f22e5c4-89e1-473e-bf2e-4936644038fc/in_use.lock acquired by nodename 312@5c5695bd1bfd
2020-08-11 10:22:19,707 [pool-592-thread-1] INFO  storage.RaftStorage (RaftStorage.java:format(84)) - Storage directory /github/workspace/mnt/ozone/hadoop-ozone/integration-test/target/test-dir/MiniOzoneClusterImpl-8391e218-a55d-4210-9d4e-82a64144cc20/datanode-6/data/ratis/1f22e5c4-89e1-473e-bf2e-4936644038fc has been successfully formatted.
2020-08-11 10:22:19,707 [pool-592-thread-1] INFO  ratis.ContainerStateMachine (ContainerStateMachine.java:loadSnapshot(225)) - group-4936644038FC: The snapshot info is null. Setting the last applied indexto:(t:0, i:~)
2020-08-11 10:22:19,707 [Datanode State Machine Thread - 0] WARN  statemachine.DatanodeStateMachine (DatanodeStateMachine.java:start(245)) - Interrupt the execution.
java.lang.InterruptedException: sleep interrupted
	at java.lang.Thread.sleep(Native Method)
	at org.apache.hadoop.ozone.container.common.statemachine.DatanodeStateMachine.start(DatanodeStateMachine.java:243)
	at org.apache.hadoop.ozone.container.common.statemachine.DatanodeStateMachine.lambda$startDaemon$0(DatanodeStateMachine.java:405)
	at java.lang.Thread.run(Thread.java:748)
2020-08-11 10:22:19,707 [pool-592-thread-1] INFO  server.RaftServerConfigKeys (ConfUtils.java:logGet(44)) - raft.server.notification.no-leader.timeout = 300000ms (custom)
2020-08-11 10:22:19,707 [pool-592-thread-1] INFO  server.RaftServerConfigKeys (ConfUtils.java:logGet(44)) - raft.server.log.use.memory = false (default)
2020-08-11 10:22:19,707 [pool-592-thread-1] INFO  server.RaftServerConfigKeys (ConfUtils.java:logGet(44)) - raft.server.log.purge.gap = 1000000 (custom)
2020-08-11 10:22:19,707 [pool-592-thread-1] INFO  metrics.RatisMetrics (RatisMetrics.java:lambda$create$0(36)) - Creating Metrics Registry : ratis.log_worker.a40e82d7-9af1-4aed-a8c0-412ae681934d@group-4936644038FC
2020-08-11 10:22:19,708 [pool-592-thread-1] INFO  server.RaftServerConfigKeys (ConfUtils.java:logGet(44)) - raft.server.log.appender.buffer.byte-limit = 33554432 (custom)
2020-08-11 10:22:19,708 [pool-592-thread-1] INFO  server.RaftServerConfigKeys (ConfUtils.java:logGet(44)) - raft.server.log.segment.size.max = 1048576 (custom)
2020-08-11 10:22:19,709 [pool-592-thread-1] INFO  server.RaftServerConfigKeys (ConfUtils.java:logGet(44)) - raft.server.log.segment.cache.num.max = 2 (custom)
2020-08-11 10:22:19,709 [pool-592-thread-1] INFO  segmented.SegmentedRaftLogWorker (SegmentedRaftLogWorker.java:<init>(180)) - new a40e82d7-9af1-4aed-a8c0-412ae681934d@group-4936644038FC-SegmentedRaftLogWorker for RaftStorage:Storage Directory /github/workspace/mnt/ozone/hadoop-ozone/integration-test/target/test-dir/MiniOzoneClusterImpl-8391e218-a55d-4210-9d4e-82a64144cc20/datanode-6/data/ratis/1f22e5c4-89e1-473e-bf2e-4936644038fc
2020-08-11 10:22:19,709 [pool-592-thread-1] INFO  server.RaftServerConfigKeys (ConfUtils.java:logGet(44)) - raft.server.log.queue.byte-limit = 2147483647 (custom)
2020-08-11 10:22:19,709 [pool-592-thread-1] INFO  server.RaftServerConfigKeys (ConfUtils.java:logGet(44)) - raft.server.log.queue.element-limit = 1024 (custom)
2020-08-11 10:22:19,709 [pool-592-thread-1] INFO  server.RaftServerConfigKeys (ConfUtils.java:logGet(44)) - raft.server.log.segment.size.max = 1048576 (custom)
2020-08-11 10:22:19,709 [pool-592-thread-1] INFO  server.RaftServerConfigKeys (ConfUtils.java:logGet(44)) - raft.server.log.preallocated.size = 16384 (custom)
2020-08-11 10:22:19,710 [pool-592-thread-1] INFO  server.RaftServerConfigKeys (ConfUtils.java:logGet(44)) - raft.server.log.write.buffer.size = 1048576 (custom)
2020-08-11 10:22:19,710 [pool-592-thread-1] INFO  server.RaftServerConfigKeys (ConfUtils.java:logGet(44)) - raft.server.log.force.sync.num = 128 (default)
2020-08-11 10:22:19,710 [pool-592-thread-1] INFO  server.RaftServerConfigKeys (ConfUtils.java:logGet(44)) - raft.server.log.statemachine.data.sync = true (default)
2020-08-11 10:22:19,710 [pool-592-thread-1] INFO  server.RaftServerConfigKeys (ConfUtils.java:logGet(44)) - raft.server.log.statemachine.data.sync.timeout = 10s (default)
2020-08-11 10:22:19,710 [pool-592-thread-1] INFO  server.RaftServerConfigKeys (ConfUtils.java:logGet(44)) - raft.server.log.statemachine.data.sync.timeout.retry = -1 (default)
2020-08-11 10:22:19,712 [pool-592-thread-1] INFO  server.RaftServerConfigKeys (ConfUtils.java:logGet(44)) - raft.server.log.statemachine.data.caching.enabled = true (custom)
2020-08-11 10:22:19,712 [pool-592-thread-1] INFO  segmented.SegmentedRaftLogWorker (SegmentedRaftLogWorker.java:lambda$new$0(129)) - a40e82d7-9af1-4aed-a8c0-412ae681934d@group-4936644038FC-SegmentedRaftLogWorker: flushIndex: setUnconditionally 0 -> -1
2020-08-11 10:22:19,712 [pool-592-thread-1] INFO  segmented.SegmentedRaftLogWorker (SegmentedRaftLogWorker.java:lambda$new$0(129)) - a40e82d7-9af1-4aed-a8c0-412ae681934d@group-4936644038FC-SegmentedRaftLogWorker: safeCacheEvictIndex: setUnconditionally 0 -> -1
2020-08-11 10:22:19,713 [pool-592-thread-1] INFO  server.RaftServerConfigKeys (ConfUtils.java:logGet(44)) - raft.server.snapshot.auto.trigger.enabled = true (custom)
2020-08-11 10:22:19,713 [pool-592-thread-1] INFO  server.RaftServerConfigKeys (ConfUtils.java:logGet(44)) - raft.server.snapshot.auto.trigger.threshold = 10000 (custom)
2020-08-11 10:22:19,713 [pool-592-thread-1] INFO  server.RaftServerConfigKeys (ConfUtils.java:logGet(44)) - raft.server.snapshot.retention.file.num = 5 (custom)
2020-08-11 10:22:19,713 [pool-592-thread-1] INFO  server.RaftServerConfigKeys (ConfUtils.java:logGet(44)) - raft.server.log.purge.upto.snapshot.index = false (default)
2020-08-11 10:22:19,713 [pool-592-thread-1] INFO  server.RaftServerConfigKeys (ConfUtils.java:logGet(44)) - raft.server.retrycache.expirytime = 600000ms (custom)
2020-08-11 10:22:19,713 [pool-592-thread-1] INFO  metrics.RatisMetrics (RatisMetrics.java:lambda$create$0(36)) - Creating Metrics Registry : ratis.leader_election.a40e82d7-9af1-4aed-a8c0-412ae681934d@group-4936644038FC
2020-08-11 10:22:19,714 [pool-592-thread-1] INFO  metrics.RatisMetrics (RatisMetrics.java:lambda$create$0(36)) - Creating Metrics Registry : ratis.server.a40e82d7-9af1-4aed-a8c0-412ae681934d@group-4936644038FC
2020-08-11 10:22:19,715 [pool-592-thread-1] INFO  impl.RaftServerImpl (RaftServerImpl.java:start(196)) - a40e82d7-9af1-4aed-a8c0-412ae681934d@group-4936644038FC: start as a follower, conf=-1: [ca417779-88b3-4dc1-a56d-e28a15aec768:172.17.0.2:39865, 8e0471e9-03e2-4e0b-80e1-583d5c951362:172.17.0.2:42433, a40e82d7-9af1-4aed-a8c0-412ae681934d:172.17.0.2:34423], old=null
2020-08-11 10:22:19,715 [pool-592-thread-1] INFO  impl.RaftServerImpl (RaftServerImpl.java:setRole(185)) - a40e82d7-9af1-4aed-a8c0-412ae681934d@group-4936644038FC: changes role from      null to FOLLOWER at term 0 for startAsFollower
2020-08-11 10:22:19,715 [pool-592-thread-1] INFO  impl.RoleInfo (RoleInfo.java:updateAndGet(143)) - a40e82d7-9af1-4aed-a8c0-412ae681934d: start FollowerState
2020-08-11 10:22:19,715 [pool-592-thread-1] INFO  util.JmxRegister (JmxRegister.java:tryRegister(44)) - Successfully registered JMX Bean with object name Ratis:service=RaftServer,group=group-4936644038FC,id=a40e82d7-9af1-4aed-a8c0-412ae681934d
2020-08-11 10:22:19,716 [pool-592-thread-1] INFO  metrics.RatisMetrics (RatisMetrics.java:lambda$create$0(36)) - Creating Metrics Registry : ratis.state_machine.a40e82d7-9af1-4aed-a8c0-412ae681934d@group-4936644038FC
2020-08-11 10:22:19,724 [grpc-default-executor-4] INFO  impl.RaftServerProxy (RaftServerProxy.java:addNew(89)) - ca417779-88b3-4dc1-a56d-e28a15aec768: addNew group-4936644038FC:[ca417779-88b3-4dc1-a56d-e28a15aec768:172.17.0.2:39865, 8e0471e9-03e2-4e0b-80e1-583d5c951362:172.17.0.2:42433, a40e82d7-9af1-4aed-a8c0-412ae681934d:172.17.0.2:34423] returns group-4936644038FC:java.util.concurrent.CompletableFuture@a21b08d[Not completed]
2020-08-11 10:22:19,725 [pool-607-thread-1] INFO  impl.RaftServerImpl (RaftServerImpl.java:<init>(107)) - ca417779-88b3-4dc1-a56d-e28a15aec768: new RaftServerImpl for group-4936644038FC:[ca417779-88b3-4dc1-a56d-e28a15aec768:172.17.0.2:39865, 8e0471e9-03e2-4e0b-80e1-583d5c951362:172.17.0.2:42433, a40e82d7-9af1-4aed-a8c0-412ae681934d:172.17.0.2:34423] with ContainerStateMachine:uninitialized
2020-08-11 10:22:19,725 [pool-607-thread-1] INFO  server.RaftServerConfigKeys (ConfUtils.java:logGet(44)) - raft.server.rpc.timeout.min = 5s (custom)
2020-08-11 10:22:19,725 [pool-607-thread-1] INFO  server.RaftServerConfigKeys (ConfUtils.java:logGet(44)) - raft.server.rpc.timeout.max = 5200ms (custom)
2020-08-11 10:22:19,725 [pool-607-thread-1] INFO  server.RaftServerConfigKeys (ConfUtils.java:logGet(44)) - raft.server.rpcslowness.timeout = 300000ms (custom)
2020-08-11 10:22:19,725 [pool-607-thread-1] INFO  server.RaftServerConfigKeys (ConfUtils.java:logGet(44)) - raft.server.sleep.deviation.threshold = 300 (default)
2020-08-11 10:22:19,726 [pool-607-thread-1] INFO  server.RaftServerConfigKeys (ConfUtils.java:logGet(44)) - raft.server.log.appender.install.snapshot.enabled = false (custom)
2020-08-11 10:22:19,726 [pool-607-thread-1] INFO  impl.RaftServerImpl (ServerState.java:<init>(103)) - ca417779-88b3-4dc1-a56d-e28a15aec768@group-4936644038FC: ConfigurationManager, init=-1: [ca417779-88b3-4dc1-a56d-e28a15aec768:172.17.0.2:39865, 8e0471e9-03e2-4e0b-80e1-583d5c951362:172.17.0.2:42433, a40e82d7-9af1-4aed-a8c0-412ae681934d:172.17.0.2:34423], old=null, confs=<EMPTY_MAP>
2020-08-11 10:22:19,726 [pool-607-thread-1] INFO  server.RaftServerConfigKeys (ConfUtils.java:logGet(44)) - raft.server.storage.dir = [/github/workspace/mnt/ozone/hadoop-ozone/integration-test/target/test-dir/MiniOzoneClusterImpl-8391e218-a55d-4210-9d4e-82a64144cc20/datanode-7/data/ratis] (custom)
2020-08-11 10:22:19,726 [pool-607-thread-1] INFO  server.RaftServerConfigKeys (ConfUtils.java:logGet(44)) - raft.server.log.corruption.policy = EXCEPTION (default)
2020-08-11 10:22:19,726 [pool-607-thread-1] INFO  storage.RaftStorageDirectory (RaftStorageDirectory.java:analyzeStorage(261)) - The storage directory /github/workspace/mnt/ozone/hadoop-ozone/integration-test/target/test-dir/MiniOzoneClusterImpl-8391e218-a55d-4210-9d4e-82a64144cc20/datanode-7/data/ratis/1f22e5c4-89e1-473e-bf2e-4936644038fc does not exist. Creating ...
2020-08-11 10:22:19,728 [pool-607-thread-1] INFO  storage.RaftStorageDirectory (RaftStorageDirectory.java:tryLock(343)) - Lock on /github/workspace/mnt/ozone/hadoop-ozone/integration-test/target/test-dir/MiniOzoneClusterImpl-8391e218-a55d-4210-9d4e-82a64144cc20/datanode-7/data/ratis/1f22e5c4-89e1-473e-bf2e-4936644038fc/in_use.lock acquired by nodename 312@5c5695bd1bfd
2020-08-11 10:22:19,729 [pool-607-thread-1] INFO  storage.RaftStorage (RaftStorage.java:format(84)) - Storage directory /github/workspace/mnt/ozone/hadoop-ozone/integration-test/target/test-dir/MiniOzoneClusterImpl-8391e218-a55d-4210-9d4e-82a64144cc20/datanode-7/data/ratis/1f22e5c4-89e1-473e-bf2e-4936644038fc has been successfully formatted.
2020-08-11 10:22:19,729 [pool-607-thread-1] INFO  ratis.ContainerStateMachine (ContainerStateMachine.java:loadSnapshot(225)) - group-4936644038FC: The snapshot info is null. Setting the last applied indexto:(t:0, i:~)
2020-08-11 10:22:19,729 [Datanode State Machine Thread - 0] WARN  statemachine.DatanodeStateMachine (DatanodeStateMachine.java:start(245)) - Interrupt the execution.
java.lang.InterruptedException: sleep interrupted
	at java.lang.Thread.sleep(Native Method)
	at org.apache.hadoop.ozone.container.common.statemachine.DatanodeStateMachine.start(DatanodeStateMachine.java:243)
	at org.apache.hadoop.ozone.container.common.statemachine.DatanodeStateMachine.lambda$startDaemon$0(DatanodeStateMachine.java:405)
	at java.lang.Thread.run(Thread.java:748)
2020-08-11 10:22:19,729 [pool-607-thread-1] INFO  server.RaftServerConfigKeys (ConfUtils.java:logGet(44)) - raft.server.notification.no-leader.timeout = 300000ms (custom)
2020-08-11 10:22:19,730 [pool-607-thread-1] INFO  server.RaftServerConfigKeys (ConfUtils.java:logGet(44)) - raft.server.log.use.memory = false (default)
2020-08-11 10:22:19,731 [pool-607-thread-1] INFO  server.RaftServerConfigKeys (ConfUtils.java:logGet(44)) - raft.server.log.purge.gap = 1000000 (custom)
2020-08-11 10:22:19,731 [pool-607-thread-1] INFO  metrics.RatisMetrics (RatisMetrics.java:lambda$create$0(36)) - Creating Metrics Registry : ratis.log_worker.ca417779-88b3-4dc1-a56d-e28a15aec768@group-4936644038FC
2020-08-11 10:22:19,731 [pool-607-thread-1] INFO  server.RaftServerConfigKeys (ConfUtils.java:logGet(44)) - raft.server.log.appender.buffer.byte-limit = 33554432 (custom)
2020-08-11 10:22:19,731 [pool-607-thread-1] INFO  server.RaftServerConfigKeys (ConfUtils.java:logGet(44)) - raft.server.log.segment.size.max = 1048576 (custom)
2020-08-11 10:22:19,732 [pool-607-thread-1] INFO  server.RaftServerConfigKeys (ConfUtils.java:logGet(44)) - raft.server.log.segment.cache.num.max = 2 (custom)
2020-08-11 10:22:19,732 [pool-607-thread-1] INFO  segmented.SegmentedRaftLogWorker (SegmentedRaftLogWorker.java:<init>(180)) - new ca417779-88b3-4dc1-a56d-e28a15aec768@group-4936644038FC-SegmentedRaftLogWorker for RaftStorage:Storage Directory /github/workspace/mnt/ozone/hadoop-ozone/integration-test/target/test-dir/MiniOzoneClusterImpl-8391e218-a55d-4210-9d4e-82a64144cc20/datanode-7/data/ratis/1f22e5c4-89e1-473e-bf2e-4936644038fc
2020-08-11 10:22:19,732 [pool-607-thread-1] INFO  server.RaftServerConfigKeys (ConfUtils.java:logGet(44)) - raft.server.log.queue.byte-limit = 2147483647 (custom)
2020-08-11 10:22:19,732 [pool-607-thread-1] INFO  server.RaftServerConfigKeys (ConfUtils.java:logGet(44)) - raft.server.log.queue.element-limit = 1024 (custom)
2020-08-11 10:22:19,732 [pool-607-thread-1] INFO  server.RaftServerConfigKeys (ConfUtils.java:logGet(44)) - raft.server.log.segment.size.max = 1048576 (custom)
2020-08-11 10:22:19,732 [pool-607-thread-1] INFO  server.RaftServerConfigKeys (ConfUtils.java:logGet(44)) - raft.server.log.preallocated.size = 16384 (custom)
2020-08-11 10:22:19,732 [pool-607-thread-1] INFO  server.RaftServerConfigKeys (ConfUtils.java:logGet(44)) - raft.server.log.write.buffer.size = 1048576 (custom)
2020-08-11 10:22:19,733 [pool-607-thread-1] INFO  server.RaftServerConfigKeys (ConfUtils.java:logGet(44)) - raft.server.log.force.sync.num = 128 (default)
2020-08-11 10:22:19,733 [pool-607-thread-1] INFO  server.RaftServerConfigKeys (ConfUtils.java:logGet(44)) - raft.server.log.statemachine.data.sync = true (default)
2020-08-11 10:22:19,733 [pool-607-thread-1] INFO  server.RaftServerConfigKeys (ConfUtils.java:logGet(44)) - raft.server.log.statemachine.data.sync.timeout = 10s (default)
2020-08-11 10:22:19,733 [pool-607-thread-1] INFO  server.RaftServerConfigKeys (ConfUtils.java:logGet(44)) - raft.server.log.statemachine.data.sync.timeout.retry = -1 (default)
2020-08-11 10:22:19,735 [pool-607-thread-1] INFO  server.RaftServerConfigKeys (ConfUtils.java:logGet(44)) - raft.server.log.statemachine.data.caching.enabled = true (custom)
2020-08-11 10:22:19,735 [pool-607-thread-1] INFO  segmented.SegmentedRaftLogWorker (SegmentedRaftLogWorker.java:lambda$new$0(129)) - ca417779-88b3-4dc1-a56d-e28a15aec768@group-4936644038FC-SegmentedRaftLogWorker: flushIndex: setUnconditionally 0 -> -1
2020-08-11 10:22:19,735 [pool-607-thread-1] INFO  segmented.SegmentedRaftLogWorker (SegmentedRaftLogWorker.java:lambda$new$0(129)) - ca417779-88b3-4dc1-a56d-e28a15aec768@group-4936644038FC-SegmentedRaftLogWorker: safeCacheEvictIndex: setUnconditionally 0 -> -1
2020-08-11 10:22:19,735 [pool-607-thread-1] INFO  server.RaftServerConfigKeys (ConfUtils.java:logGet(44)) - raft.server.snapshot.auto.trigger.enabled = true (custom)
2020-08-11 10:22:19,735 [pool-607-thread-1] INFO  server.RaftServerConfigKeys (ConfUtils.java:logGet(44)) - raft.server.snapshot.auto.trigger.threshold = 10000 (custom)
2020-08-11 10:22:19,735 [pool-607-thread-1] INFO  server.RaftServerConfigKeys (ConfUtils.java:logGet(44)) - raft.server.snapshot.retention.file.num = 5 (custom)
2020-08-11 10:22:19,735 [pool-607-thread-1] INFO  server.RaftServerConfigKeys (ConfUtils.java:logGet(44)) - raft.server.log.purge.upto.snapshot.index = false (default)
2020-08-11 10:22:19,735 [pool-607-thread-1] INFO  server.RaftServerConfigKeys (ConfUtils.java:logGet(44)) - raft.server.retrycache.expirytime = 600000ms (custom)
2020-08-11 10:22:19,736 [pool-607-thread-1] INFO  metrics.RatisMetrics (RatisMetrics.java:lambda$create$0(36)) - Creating Metrics Registry : ratis.leader_election.ca417779-88b3-4dc1-a56d-e28a15aec768@group-4936644038FC
2020-08-11 10:22:19,736 [pool-607-thread-1] INFO  metrics.RatisMetrics (RatisMetrics.java:lambda$create$0(36)) - Creating Metrics Registry : ratis.server.ca417779-88b3-4dc1-a56d-e28a15aec768@group-4936644038FC
2020-08-11 10:22:19,738 [pool-607-thread-1] INFO  impl.RaftServerImpl (RaftServerImpl.java:start(196)) - ca417779-88b3-4dc1-a56d-e28a15aec768@group-4936644038FC: start as a follower, conf=-1: [ca417779-88b3-4dc1-a56d-e28a15aec768:172.17.0.2:39865, 8e0471e9-03e2-4e0b-80e1-583d5c951362:172.17.0.2:42433, a40e82d7-9af1-4aed-a8c0-412ae681934d:172.17.0.2:34423], old=null
2020-08-11 10:22:19,738 [pool-607-thread-1] INFO  impl.RaftServerImpl (RaftServerImpl.java:setRole(185)) - ca417779-88b3-4dc1-a56d-e28a15aec768@group-4936644038FC: changes role from      null to FOLLOWER at term 0 for startAsFollower
2020-08-11 10:22:19,738 [pool-607-thread-1] INFO  impl.RoleInfo (RoleInfo.java:updateAndGet(143)) - ca417779-88b3-4dc1-a56d-e28a15aec768: start FollowerState
2020-08-11 10:22:19,738 [pool-607-thread-1] INFO  util.JmxRegister (JmxRegister.java:tryRegister(44)) - Successfully registered JMX Bean with object name Ratis:service=RaftServer,group=group-4936644038FC,id=ca417779-88b3-4dc1-a56d-e28a15aec768
2020-08-11 10:22:19,738 [pool-607-thread-1] INFO  metrics.RatisMetrics (RatisMetrics.java:lambda$create$0(36)) - Creating Metrics Registry : ratis.state_machine.ca417779-88b3-4dc1-a56d-e28a15aec768@group-4936644038FC
2020-08-11 10:22:19,750 [grpc-default-executor-4] INFO  impl.RaftServerProxy (RaftServerProxy.java:addNew(89)) - 8e0471e9-03e2-4e0b-80e1-583d5c951362: addNew group-4936644038FC:[ca417779-88b3-4dc1-a56d-e28a15aec768:172.17.0.2:39865, 8e0471e9-03e2-4e0b-80e1-583d5c951362:172.17.0.2:42433, a40e82d7-9af1-4aed-a8c0-412ae681934d:172.17.0.2:34423] returns group-4936644038FC:java.util.concurrent.CompletableFuture@769f12a[Not completed]
2020-08-11 10:22:19,751 [pool-622-thread-1] INFO  impl.RaftServerImpl (RaftServerImpl.java:<init>(107)) - 8e0471e9-03e2-4e0b-80e1-583d5c951362: new RaftServerImpl for group-4936644038FC:[ca417779-88b3-4dc1-a56d-e28a15aec768:172.17.0.2:39865, 8e0471e9-03e2-4e0b-80e1-583d5c951362:172.17.0.2:42433, a40e82d7-9af1-4aed-a8c0-412ae681934d:172.17.0.2:34423] with ContainerStateMachine:uninitialized
2020-08-11 10:22:19,751 [pool-622-thread-1] INFO  server.RaftServerConfigKeys (ConfUtils.java:logGet(44)) - raft.server.rpc.timeout.min = 5s (custom)
2020-08-11 10:22:19,751 [pool-622-thread-1] INFO  server.RaftServerConfigKeys (ConfUtils.java:logGet(44)) - raft.server.rpc.timeout.max = 5200ms (custom)
2020-08-11 10:22:19,751 [pool-622-thread-1] INFO  server.RaftServerConfigKeys (ConfUtils.java:logGet(44)) - raft.server.rpcslowness.timeout = 300000ms (custom)
2020-08-11 10:22:19,751 [pool-622-thread-1] INFO  server.RaftServerConfigKeys (ConfUtils.java:logGet(44)) - raft.server.sleep.deviation.threshold = 300 (default)
2020-08-11 10:22:19,751 [pool-622-thread-1] INFO  server.RaftServerConfigKeys (ConfUtils.java:logGet(44)) - raft.server.log.appender.install.snapshot.enabled = false (custom)
2020-08-11 10:22:19,751 [pool-622-thread-1] INFO  impl.RaftServerImpl (ServerState.java:<init>(103)) - 8e0471e9-03e2-4e0b-80e1-583d5c951362@group-4936644038FC: ConfigurationManager, init=-1: [ca417779-88b3-4dc1-a56d-e28a15aec768:172.17.0.2:39865, 8e0471e9-03e2-4e0b-80e1-583d5c951362:172.17.0.2:42433, a40e82d7-9af1-4aed-a8c0-412ae681934d:172.17.0.2:34423], old=null, confs=<EMPTY_MAP>
2020-08-11 10:22:19,751 [pool-622-thread-1] INFO  server.RaftServerConfigKeys (ConfUtils.java:logGet(44)) - raft.server.storage.dir = [/github/workspace/mnt/ozone/hadoop-ozone/integration-test/target/test-dir/MiniOzoneClusterImpl-8391e218-a55d-4210-9d4e-82a64144cc20/datanode-8/data/ratis] (custom)
2020-08-11 10:22:19,752 [pool-622-thread-1] INFO  server.RaftServerConfigKeys (ConfUtils.java:logGet(44)) - raft.server.log.corruption.policy = EXCEPTION (default)
2020-08-11 10:22:19,752 [pool-622-thread-1] INFO  storage.RaftStorageDirectory (RaftStorageDirectory.java:analyzeStorage(261)) - The storage directory /github/workspace/mnt/ozone/hadoop-ozone/integration-test/target/test-dir/MiniOzoneClusterImpl-8391e218-a55d-4210-9d4e-82a64144cc20/datanode-8/data/ratis/1f22e5c4-89e1-473e-bf2e-4936644038fc does not exist. Creating ...
2020-08-11 10:22:19,753 [pool-622-thread-1] INFO  storage.RaftStorageDirectory (RaftStorageDirectory.java:tryLock(343)) - Lock on /github/workspace/mnt/ozone/hadoop-ozone/integration-test/target/test-dir/MiniOzoneClusterImpl-8391e218-a55d-4210-9d4e-82a64144cc20/datanode-8/data/ratis/1f22e5c4-89e1-473e-bf2e-4936644038fc/in_use.lock acquired by nodename 312@5c5695bd1bfd
2020-08-11 10:22:19,754 [pool-622-thread-1] INFO  storage.RaftStorage (RaftStorage.java:format(84)) - Storage directory /github/workspace/mnt/ozone/hadoop-ozone/integration-test/target/test-dir/MiniOzoneClusterImpl-8391e218-a55d-4210-9d4e-82a64144cc20/datanode-8/data/ratis/1f22e5c4-89e1-473e-bf2e-4936644038fc has been successfully formatted.
2020-08-11 10:22:19,755 [Datanode State Machine Thread - 0] WARN  statemachine.DatanodeStateMachine (DatanodeStateMachine.java:start(245)) - Interrupt the execution.
java.lang.InterruptedException: sleep interrupted
	at java.lang.Thread.sleep(Native Method)
	at org.apache.hadoop.ozone.container.common.statemachine.DatanodeStateMachine.start(DatanodeStateMachine.java:243)
	at org.apache.hadoop.ozone.container.common.statemachine.DatanodeStateMachine.lambda$startDaemon$0(DatanodeStateMachine.java:405)
	at java.lang.Thread.run(Thread.java:748)
2020-08-11 10:22:19,755 [pool-622-thread-1] INFO  ratis.ContainerStateMachine (ContainerStateMachine.java:loadSnapshot(225)) - group-4936644038FC: The snapshot info is null. Setting the last applied indexto:(t:0, i:~)
2020-08-11 10:22:19,756 [pool-622-thread-1] INFO  server.RaftServerConfigKeys (ConfUtils.java:logGet(44)) - raft.server.notification.no-leader.timeout = 300000ms (custom)
2020-08-11 10:22:19,756 [pool-622-thread-1] INFO  server.RaftServerConfigKeys (ConfUtils.java:logGet(44)) - raft.server.log.use.memory = false (default)
2020-08-11 10:22:19,756 [pool-622-thread-1] INFO  server.RaftServerConfigKeys (ConfUtils.java:logGet(44)) - raft.server.log.purge.gap = 1000000 (custom)
2020-08-11 10:22:19,756 [pool-622-thread-1] INFO  metrics.RatisMetrics (RatisMetrics.java:lambda$create$0(36)) - Creating Metrics Registry : ratis.log_worker.8e0471e9-03e2-4e0b-80e1-583d5c951362@group-4936644038FC
2020-08-11 10:22:19,757 [pool-622-thread-1] INFO  server.RaftServerConfigKeys (ConfUtils.java:logGet(44)) - raft.server.log.appender.buffer.byte-limit = 33554432 (custom)
2020-08-11 10:22:19,757 [pool-622-thread-1] INFO  server.RaftServerConfigKeys (ConfUtils.java:logGet(44)) - raft.server.log.segment.size.max = 1048576 (custom)
2020-08-11 10:22:19,757 [pool-622-thread-1] INFO  server.RaftServerConfigKeys (ConfUtils.java:logGet(44)) - raft.server.log.segment.cache.num.max = 2 (custom)
2020-08-11 10:22:19,757 [pool-622-thread-1] INFO  segmented.SegmentedRaftLogWorker (SegmentedRaftLogWorker.java:<init>(180)) - new 8e0471e9-03e2-4e0b-80e1-583d5c951362@group-4936644038FC-SegmentedRaftLogWorker for RaftStorage:Storage Directory /github/workspace/mnt/ozone/hadoop-ozone/integration-test/target/test-dir/MiniOzoneClusterImpl-8391e218-a55d-4210-9d4e-82a64144cc20/datanode-8/data/ratis/1f22e5c4-89e1-473e-bf2e-4936644038fc
2020-08-11 10:22:19,758 [pool-622-thread-1] INFO  server.RaftServerConfigKeys (ConfUtils.java:logGet(44)) - raft.server.log.queue.byte-limit = 2147483647 (custom)
2020-08-11 10:22:19,758 [pool-622-thread-1] INFO  server.RaftServerConfigKeys (ConfUtils.java:logGet(44)) - raft.server.log.queue.element-limit = 1024 (custom)
2020-08-11 10:22:19,758 [pool-622-thread-1] INFO  server.RaftServerConfigKeys (ConfUtils.java:logGet(44)) - raft.server.log.segment.size.max = 1048576 (custom)
2020-08-11 10:22:19,758 [pool-622-thread-1] INFO  server.RaftServerConfigKeys (ConfUtils.java:logGet(44)) - raft.server.log.preallocated.size = 16384 (custom)
2020-08-11 10:22:19,758 [pool-622-thread-1] INFO  server.RaftServerConfigKeys (ConfUtils.java:logGet(44)) - raft.server.log.write.buffer.size = 1048576 (custom)
2020-08-11 10:22:19,758 [pool-622-thread-1] INFO  server.RaftServerConfigKeys (ConfUtils.java:logGet(44)) - raft.server.log.force.sync.num = 128 (default)
2020-08-11 10:22:19,758 [pool-622-thread-1] INFO  server.RaftServerConfigKeys (ConfUtils.java:logGet(44)) - raft.server.log.statemachine.data.sync = true (default)
2020-08-11 10:22:19,758 [pool-622-thread-1] INFO  server.RaftServerConfigKeys (ConfUtils.java:logGet(44)) - raft.server.log.statemachine.data.sync.timeout = 10s (default)
2020-08-11 10:22:19,758 [pool-622-thread-1] INFO  server.RaftServerConfigKeys (ConfUtils.java:logGet(44)) - raft.server.log.statemachine.data.sync.timeout.retry = -1 (default)
2020-08-11 10:22:19,760 [pool-622-thread-1] INFO  server.RaftServerConfigKeys (ConfUtils.java:logGet(44)) - raft.server.log.statemachine.data.caching.enabled = true (custom)
2020-08-11 10:22:19,761 [pool-622-thread-1] INFO  segmented.SegmentedRaftLogWorker (SegmentedRaftLogWorker.java:lambda$new$0(129)) - 8e0471e9-03e2-4e0b-80e1-583d5c951362@group-4936644038FC-SegmentedRaftLogWorker: flushIndex: setUnconditionally 0 -> -1
2020-08-11 10:22:19,761 [pool-622-thread-1] INFO  segmented.SegmentedRaftLogWorker (SegmentedRaftLogWorker.java:lambda$new$0(129)) - 8e0471e9-03e2-4e0b-80e1-583d5c951362@group-4936644038FC-SegmentedRaftLogWorker: safeCacheEvictIndex: setUnconditionally 0 -> -1
2020-08-11 10:22:19,761 [pool-622-thread-1] INFO  server.RaftServerConfigKeys (ConfUtils.java:logGet(44)) - raft.server.snapshot.auto.trigger.enabled = true (custom)
2020-08-11 10:22:19,761 [pool-622-thread-1] INFO  server.RaftServerConfigKeys (ConfUtils.java:logGet(44)) - raft.server.snapshot.auto.trigger.threshold = 10000 (custom)
2020-08-11 10:22:19,761 [pool-622-thread-1] INFO  server.RaftServerConfigKeys (ConfUtils.java:logGet(44)) - raft.server.snapshot.retention.file.num = 5 (custom)
2020-08-11 10:22:19,761 [pool-622-thread-1] INFO  server.RaftServerConfigKeys (ConfUtils.java:logGet(44)) - raft.server.log.purge.upto.snapshot.index = false (default)
2020-08-11 10:22:19,761 [pool-622-thread-1] INFO  server.RaftServerConfigKeys (ConfUtils.java:logGet(44)) - raft.server.retrycache.expirytime = 600000ms (custom)
2020-08-11 10:22:19,761 [pool-622-thread-1] INFO  metrics.RatisMetrics (RatisMetrics.java:lambda$create$0(36)) - Creating Metrics Registry : ratis.leader_election.8e0471e9-03e2-4e0b-80e1-583d5c951362@group-4936644038FC
2020-08-11 10:22:19,762 [pool-622-thread-1] INFO  metrics.RatisMetrics (RatisMetrics.java:lambda$create$0(36)) - Creating Metrics Registry : ratis.server.8e0471e9-03e2-4e0b-80e1-583d5c951362@group-4936644038FC
2020-08-11 10:22:19,763 [pool-622-thread-1] INFO  impl.RaftServerImpl (RaftServerImpl.java:start(196)) - 8e0471e9-03e2-4e0b-80e1-583d5c951362@group-4936644038FC: start as a follower, conf=-1: [ca417779-88b3-4dc1-a56d-e28a15aec768:172.17.0.2:39865, 8e0471e9-03e2-4e0b-80e1-583d5c951362:172.17.0.2:42433, a40e82d7-9af1-4aed-a8c0-412ae681934d:172.17.0.2:34423], old=null
2020-08-11 10:22:19,763 [pool-622-thread-1] INFO  impl.RaftServerImpl (RaftServerImpl.java:setRole(185)) - 8e0471e9-03e2-4e0b-80e1-583d5c951362@group-4936644038FC: changes role from      null to FOLLOWER at term 0 for startAsFollower
2020-08-11 10:22:19,763 [pool-622-thread-1] INFO  impl.RoleInfo (RoleInfo.java:updateAndGet(143)) - 8e0471e9-03e2-4e0b-80e1-583d5c951362: start FollowerState
2020-08-11 10:22:19,766 [pool-622-thread-1] INFO  util.JmxRegister (JmxRegister.java:tryRegister(44)) - Successfully registered JMX Bean with object name Ratis:service=RaftServer,group=group-4936644038FC,id=8e0471e9-03e2-4e0b-80e1-583d5c951362
2020-08-11 10:22:19,766 [pool-622-thread-1] INFO  metrics.RatisMetrics (RatisMetrics.java:lambda$create$0(36)) - Creating Metrics Registry : ratis.state_machine.8e0471e9-03e2-4e0b-80e1-583d5c951362@group-4936644038FC
2020-08-11 10:22:19,770 [Command processor thread] INFO  commandhandler.CreatePipelineCommandHandler (CreatePipelineCommandHandler.java:handle(110)) - Created Pipeline RATIS THREE #id: "1f22e5c4-89e1-473e-bf2e-4936644038fc"
uuid128 {
  mostSigBits: 2243608196673521470
  leastSigBits: -4670715265577633540
}
.
2020-08-11 10:22:19,804 [Command processor thread] INFO  impl.RaftServerProxy (RaftServerProxy.java:addNew(89)) - ca417779-88b3-4dc1-a56d-e28a15aec768: addNew group-DC4A33484A9D:[ca417779-88b3-4dc1-a56d-e28a15aec768:172.17.0.2:39865] returns group-DC4A33484A9D:java.util.concurrent.CompletableFuture@562cd1f[Not completed]
2020-08-11 10:22:19,805 [pool-607-thread-1] INFO  impl.RaftServerImpl (RaftServerImpl.java:<init>(107)) - ca417779-88b3-4dc1-a56d-e28a15aec768: new RaftServerImpl for group-DC4A33484A9D:[ca417779-88b3-4dc1-a56d-e28a15aec768:172.17.0.2:39865] with ContainerStateMachine:uninitialized
2020-08-11 10:22:19,805 [pool-607-thread-1] INFO  server.RaftServerConfigKeys (ConfUtils.java:logGet(44)) - raft.server.rpc.timeout.min = 5s (custom)
2020-08-11 10:22:19,805 [pool-607-thread-1] INFO  server.RaftServerConfigKeys (ConfUtils.java:logGet(44)) - raft.server.rpc.timeout.max = 5200ms (custom)
2020-08-11 10:22:19,805 [pool-607-thread-1] INFO  server.RaftServerConfigKeys (ConfUtils.java:logGet(44)) - raft.server.rpcslowness.timeout = 300000ms (custom)
2020-08-11 10:22:19,805 [pool-607-thread-1] INFO  server.RaftServerConfigKeys (ConfUtils.java:logGet(44)) - raft.server.sleep.deviation.threshold = 300 (default)
2020-08-11 10:22:19,805 [pool-607-thread-1] INFO  server.RaftServerConfigKeys (ConfUtils.java:logGet(44)) - raft.server.log.appender.install.snapshot.enabled = false (custom)
2020-08-11 10:22:19,805 [pool-607-thread-1] INFO  impl.RaftServerImpl (ServerState.java:<init>(103)) - ca417779-88b3-4dc1-a56d-e28a15aec768@group-DC4A33484A9D: ConfigurationManager, init=-1: [ca417779-88b3-4dc1-a56d-e28a15aec768:172.17.0.2:39865], old=null, confs=<EMPTY_MAP>
2020-08-11 10:22:19,805 [pool-607-thread-1] INFO  server.RaftServerConfigKeys (ConfUtils.java:logGet(44)) - raft.server.storage.dir = [/github/workspace/mnt/ozone/hadoop-ozone/integration-test/target/test-dir/MiniOzoneClusterImpl-8391e218-a55d-4210-9d4e-82a64144cc20/datanode-7/data/ratis] (custom)
2020-08-11 10:22:19,806 [pool-607-thread-1] INFO  server.RaftServerConfigKeys (ConfUtils.java:logGet(44)) - raft.server.log.corruption.policy = EXCEPTION (default)
2020-08-11 10:22:19,806 [pool-607-thread-1] INFO  storage.RaftStorageDirectory (RaftStorageDirectory.java:analyzeStorage(261)) - The storage directory /github/workspace/mnt/ozone/hadoop-ozone/integration-test/target/test-dir/MiniOzoneClusterImpl-8391e218-a55d-4210-9d4e-82a64144cc20/datanode-7/data/ratis/d76c1405-0cba-4f41-bc9b-dc4a33484a9d does not exist. Creating ...
2020-08-11 10:22:19,810 [pool-607-thread-1] INFO  storage.RaftStorageDirectory (RaftStorageDirectory.java:tryLock(343)) - Lock on /github/workspace/mnt/ozone/hadoop-ozone/integration-test/target/test-dir/MiniOzoneClusterImpl-8391e218-a55d-4210-9d4e-82a64144cc20/datanode-7/data/ratis/d76c1405-0cba-4f41-bc9b-dc4a33484a9d/in_use.lock acquired by nodename 312@5c5695bd1bfd
2020-08-11 10:22:19,811 [pool-607-thread-1] INFO  storage.RaftStorage (RaftStorage.java:format(84)) - Storage directory /github/workspace/mnt/ozone/hadoop-ozone/integration-test/target/test-dir/MiniOzoneClusterImpl-8391e218-a55d-4210-9d4e-82a64144cc20/datanode-7/data/ratis/d76c1405-0cba-4f41-bc9b-dc4a33484a9d has been successfully formatted.
2020-08-11 10:22:19,811 [pool-607-thread-1] INFO  ratis.ContainerStateMachine (ContainerStateMachine.java:loadSnapshot(225)) - group-DC4A33484A9D: The snapshot info is null. Setting the last applied indexto:(t:0, i:~)
2020-08-11 10:22:19,811 [Datanode State Machine Thread - 0] WARN  statemachine.DatanodeStateMachine (DatanodeStateMachine.java:start(245)) - Interrupt the execution.
java.lang.InterruptedException: sleep interrupted
	at java.lang.Thread.sleep(Native Method)
	at org.apache.hadoop.ozone.container.common.statemachine.DatanodeStateMachine.start(DatanodeStateMachine.java:243)
	at org.apache.hadoop.ozone.container.common.statemachine.DatanodeStateMachine.lambda$startDaemon$0(DatanodeStateMachine.java:405)
	at java.lang.Thread.run(Thread.java:748)
2020-08-11 10:22:19,811 [pool-607-thread-1] INFO  server.RaftServerConfigKeys (ConfUtils.java:logGet(44)) - raft.server.notification.no-leader.timeout = 300000ms (custom)
2020-08-11 10:22:19,812 [pool-607-thread-1] INFO  server.RaftServerConfigKeys (ConfUtils.java:logGet(44)) - raft.server.log.use.memory = false (default)
2020-08-11 10:22:19,812 [pool-607-thread-1] INFO  server.RaftServerConfigKeys (ConfUtils.java:logGet(44)) - raft.server.log.purge.gap = 1000000 (custom)
2020-08-11 10:22:19,813 [pool-607-thread-1] INFO  metrics.RatisMetrics (RatisMetrics.java:lambda$create$0(36)) - Creating Metrics Registry : ratis.log_worker.ca417779-88b3-4dc1-a56d-e28a15aec768@group-DC4A33484A9D
2020-08-11 10:22:19,813 [pool-607-thread-1] INFO  server.RaftServerConfigKeys (ConfUtils.java:logGet(44)) - raft.server.log.appender.buffer.byte-limit = 33554432 (custom)
2020-08-11 10:22:19,813 [pool-607-thread-1] INFO  server.RaftServerConfigKeys (ConfUtils.java:logGet(44)) - raft.server.log.segment.size.max = 1048576 (custom)
2020-08-11 10:22:19,813 [pool-607-thread-1] INFO  server.RaftServerConfigKeys (ConfUtils.java:logGet(44)) - raft.server.log.segment.cache.num.max = 2 (custom)
2020-08-11 10:22:19,814 [pool-607-thread-1] INFO  segmented.SegmentedRaftLogWorker (SegmentedRaftLogWorker.java:<init>(180)) - new ca417779-88b3-4dc1-a56d-e28a15aec768@group-DC4A33484A9D-SegmentedRaftLogWorker for RaftStorage:Storage Directory /github/workspace/mnt/ozone/hadoop-ozone/integration-test/target/test-dir/MiniOzoneClusterImpl-8391e218-a55d-4210-9d4e-82a64144cc20/datanode-7/data/ratis/d76c1405-0cba-4f41-bc9b-dc4a33484a9d
2020-08-11 10:22:19,814 [pool-607-thread-1] INFO  server.RaftServerConfigKeys (ConfUtils.java:logGet(44)) - raft.server.log.queue.byte-limit = 2147483647 (custom)
2020-08-11 10:22:19,814 [pool-607-thread-1] INFO  server.RaftServerConfigKeys (ConfUtils.java:logGet(44)) - raft.server.log.queue.element-limit = 1024 (custom)
2020-08-11 10:22:19,814 [pool-607-thread-1] INFO  server.RaftServerConfigKeys (ConfUtils.java:logGet(44)) - raft.server.log.segment.size.max = 1048576 (custom)
2020-08-11 10:22:19,814 [pool-607-thread-1] INFO  server.RaftServerConfigKeys (ConfUtils.java:logGet(44)) - raft.server.log.preallocated.size = 16384 (custom)
2020-08-11 10:22:19,814 [pool-607-thread-1] INFO  server.RaftServerConfigKeys (ConfUtils.java:logGet(44)) - raft.server.log.write.buffer.size = 1048576 (custom)
2020-08-11 10:22:19,814 [pool-607-thread-1] INFO  server.RaftServerConfigKeys (ConfUtils.java:logGet(44)) - raft.server.log.force.sync.num = 128 (default)
2020-08-11 10:22:19,814 [pool-607-thread-1] INFO  server.RaftServerConfigKeys (ConfUtils.java:logGet(44)) - raft.server.log.statemachine.data.sync = true (default)
2020-08-11 10:22:19,814 [pool-607-thread-1] INFO  server.RaftServerConfigKeys (ConfUtils.java:logGet(44)) - raft.server.log.statemachine.data.sync.timeout = 10s (default)
2020-08-11 10:22:19,814 [pool-607-thread-1] INFO  server.RaftServerConfigKeys (ConfUtils.java:logGet(44)) - raft.server.log.statemachine.data.sync.timeout.retry = -1 (default)
2020-08-11 10:22:19,818 [EventQueue-PipelineReportForPipelineReportHandler] INFO  pipeline.PipelineStateManager (PipelineStateManager.java:openPipeline(131)) - Pipeline Pipeline[ Id: d76c1405-0cba-4f41-bc9b-dc4a33484a9d, Nodes: ca417779-88b3-4dc1-a56d-e28a15aec768{ip: 172.17.0.2, host: 5c5695bd1bfd, networkLocation: /default-rack, certSerialId: null}, Type:RATIS, Factor:ONE, State:ALLOCATED, leaderId:ca417779-88b3-4dc1-a56d-e28a15aec768, CreationTimestamp2020-08-11T10:22:16.807Z] moved to OPEN state
2020-08-11 10:22:19,818 [EventQueue-OpenPipelineForOneReplicaPipelineSafeModeRule] INFO  safemode.SCMSafeModeManager (SCMSafeModeManager.java:validateSafeModeExitRules(214)) - AtleastOneDatanodeReportedRule rule is successfully validated
2020-08-11 10:22:19,818 [EventQueue-OpenPipelineForHealthyPipelineSafeModeRule] INFO  safemode.SCMSafeModeManager (HealthyPipelineSafeModeRule.java:process(129)) - SCM in safe mode. Healthy pipelines reported count is 0, required healthy pipeline reported count is 1
2020-08-11 10:22:19,818 [pool-607-thread-1] INFO  server.RaftServerConfigKeys (ConfUtils.java:logGet(44)) - raft.server.log.statemachine.data.caching.enabled = true (custom)
2020-08-11 10:22:19,819 [pool-607-thread-1] INFO  segmented.SegmentedRaftLogWorker (SegmentedRaftLogWorker.java:lambda$new$0(129)) - ca417779-88b3-4dc1-a56d-e28a15aec768@group-DC4A33484A9D-SegmentedRaftLogWorker: flushIndex: setUnconditionally 0 -> -1
2020-08-11 10:22:19,819 [pool-607-thread-1] INFO  segmented.SegmentedRaftLogWorker (SegmentedRaftLogWorker.java:lambda$new$0(129)) - ca417779-88b3-4dc1-a56d-e28a15aec768@group-DC4A33484A9D-SegmentedRaftLogWorker: safeCacheEvictIndex: setUnconditionally 0 -> -1
2020-08-11 10:22:19,819 [pool-607-thread-1] INFO  server.RaftServerConfigKeys (ConfUtils.java:logGet(44)) - raft.server.snapshot.auto.trigger.enabled = true (custom)
2020-08-11 10:22:19,819 [pool-607-thread-1] INFO  server.RaftServerConfigKeys (ConfUtils.java:logGet(44)) - raft.server.snapshot.auto.trigger.threshold = 10000 (custom)
2020-08-11 10:22:19,819 [pool-607-thread-1] INFO  server.RaftServerConfigKeys (ConfUtils.java:logGet(44)) - raft.server.snapshot.retention.file.num = 5 (custom)
2020-08-11 10:22:19,819 [pool-607-thread-1] INFO  server.RaftServerConfigKeys (ConfUtils.java:logGet(44)) - raft.server.log.purge.upto.snapshot.index = false (default)
2020-08-11 10:22:19,819 [pool-607-thread-1] INFO  server.RaftServerConfigKeys (ConfUtils.java:logGet(44)) - raft.server.retrycache.expirytime = 600000ms (custom)
2020-08-11 10:22:19,819 [pool-607-thread-1] INFO  metrics.RatisMetrics (RatisMetrics.java:lambda$create$0(36)) - Creating Metrics Registry : ratis.leader_election.ca417779-88b3-4dc1-a56d-e28a15aec768@group-DC4A33484A9D
2020-08-11 10:22:19,820 [pool-607-thread-1] INFO  metrics.RatisMetrics (RatisMetrics.java:lambda$create$0(36)) - Creating Metrics Registry : ratis.server.ca417779-88b3-4dc1-a56d-e28a15aec768@group-DC4A33484A9D
2020-08-11 10:22:19,821 [pool-607-thread-1] INFO  impl.RaftServerImpl (RaftServerImpl.java:start(196)) - ca417779-88b3-4dc1-a56d-e28a15aec768@group-DC4A33484A9D: start as a follower, conf=-1: [ca417779-88b3-4dc1-a56d-e28a15aec768:172.17.0.2:39865], old=null
2020-08-11 10:22:19,821 [pool-607-thread-1] INFO  impl.RaftServerImpl (RaftServerImpl.java:setRole(185)) - ca417779-88b3-4dc1-a56d-e28a15aec768@group-DC4A33484A9D: changes role from      null to FOLLOWER at term 0 for startAsFollower
2020-08-11 10:22:19,822 [pool-607-thread-1] INFO  impl.RoleInfo (RoleInfo.java:updateAndGet(143)) - ca417779-88b3-4dc1-a56d-e28a15aec768: start FollowerState
2020-08-11 10:22:19,822 [pool-607-thread-1] INFO  util.JmxRegister (JmxRegister.java:tryRegister(44)) - Successfully registered JMX Bean with object name Ratis:service=RaftServer,group=group-DC4A33484A9D,id=ca417779-88b3-4dc1-a56d-e28a15aec768
2020-08-11 10:22:19,822 [pool-607-thread-1] INFO  metrics.RatisMetrics (RatisMetrics.java:lambda$create$0(36)) - Creating Metrics Registry : ratis.state_machine.ca417779-88b3-4dc1-a56d-e28a15aec768@group-DC4A33484A9D
2020-08-11 10:22:19,823 [Command processor thread] INFO  commandhandler.CreatePipelineCommandHandler (CreatePipelineCommandHandler.java:handle(110)) - Created Pipeline RATIS ONE #id: "d76c1405-0cba-4f41-bc9b-dc4a33484a9d"
uuid128 {
  mostSigBits: -2923940046149365951
  leastSigBits: -4856045561942881635
}
.
2020-08-11 10:22:19,924 [Listener at 127.0.0.1/39953] INFO  ozone.MiniOzoneClusterImpl (MiniOzoneClusterImpl.java:lambda$waitForClusterToBeReady$0(177)) - Nodes are ready. Got 9 of 9 DN Heartbeats.
2020-08-11 10:22:19,924 [Listener at 127.0.0.1/39953] INFO  ozone.MiniOzoneClusterImpl (MiniOzoneClusterImpl.java:lambda$waitForClusterToBeReady$0(180)) - Waiting for cluster to exit safe mode
2020-08-11 10:22:19,927 [Command processor thread] INFO  impl.RaftServerProxy (RaftServerProxy.java:addNew(89)) - 8e0471e9-03e2-4e0b-80e1-583d5c951362: addNew group-94ED43AB3EF2:[8e0471e9-03e2-4e0b-80e1-583d5c951362:172.17.0.2:42433] returns group-94ED43AB3EF2:java.util.concurrent.CompletableFuture@7fa6e669[Not completed]
2020-08-11 10:22:19,927 [pool-622-thread-1] INFO  impl.RaftServerImpl (RaftServerImpl.java:<init>(107)) - 8e0471e9-03e2-4e0b-80e1-583d5c951362: new RaftServerImpl for group-94ED43AB3EF2:[8e0471e9-03e2-4e0b-80e1-583d5c951362:172.17.0.2:42433] with ContainerStateMachine:uninitialized
2020-08-11 10:22:19,928 [pool-622-thread-1] INFO  server.RaftServerConfigKeys (ConfUtils.java:logGet(44)) - raft.server.rpc.timeout.min = 5s (custom)
2020-08-11 10:22:19,928 [pool-622-thread-1] INFO  server.RaftServerConfigKeys (ConfUtils.java:logGet(44)) - raft.server.rpc.timeout.max = 5200ms (custom)
2020-08-11 10:22:19,928 [pool-622-thread-1] INFO  server.RaftServerConfigKeys (ConfUtils.java:logGet(44)) - raft.server.rpcslowness.timeout = 300000ms (custom)
2020-08-11 10:22:19,928 [pool-622-thread-1] INFO  server.RaftServerConfigKeys (ConfUtils.java:logGet(44)) - raft.server.sleep.deviation.threshold = 300 (default)
2020-08-11 10:22:19,928 [pool-622-thread-1] INFO  server.RaftServerConfigKeys (ConfUtils.java:logGet(44)) - raft.server.log.appender.install.snapshot.enabled = false (custom)
2020-08-11 10:22:19,928 [pool-622-thread-1] INFO  impl.RaftServerImpl (ServerState.java:<init>(103)) - 8e0471e9-03e2-4e0b-80e1-583d5c951362@group-94ED43AB3EF2: ConfigurationManager, init=-1: [8e0471e9-03e2-4e0b-80e1-583d5c951362:172.17.0.2:42433], old=null, confs=<EMPTY_MAP>
2020-08-11 10:22:19,928 [pool-622-thread-1] INFO  server.RaftServerConfigKeys (ConfUtils.java:logGet(44)) - raft.server.storage.dir = [/github/workspace/mnt/ozone/hadoop-ozone/integration-test/target/test-dir/MiniOzoneClusterImpl-8391e218-a55d-4210-9d4e-82a64144cc20/datanode-8/data/ratis] (custom)
2020-08-11 10:22:19,928 [pool-622-thread-1] INFO  server.RaftServerConfigKeys (ConfUtils.java:logGet(44)) - raft.server.log.corruption.policy = EXCEPTION (default)
2020-08-11 10:22:19,928 [pool-622-thread-1] INFO  storage.RaftStorageDirectory (RaftStorageDirectory.java:analyzeStorage(261)) - The storage directory /github/workspace/mnt/ozone/hadoop-ozone/integration-test/target/test-dir/MiniOzoneClusterImpl-8391e218-a55d-4210-9d4e-82a64144cc20/datanode-8/data/ratis/3d2e70ea-3041-4ad4-bd86-94ed43ab3ef2 does not exist. Creating ...
2020-08-11 10:22:19,930 [pool-622-thread-1] INFO  storage.RaftStorageDirectory (RaftStorageDirectory.java:tryLock(343)) - Lock on /github/workspace/mnt/ozone/hadoop-ozone/integration-test/target/test-dir/MiniOzoneClusterImpl-8391e218-a55d-4210-9d4e-82a64144cc20/datanode-8/data/ratis/3d2e70ea-3041-4ad4-bd86-94ed43ab3ef2/in_use.lock acquired by nodename 312@5c5695bd1bfd
2020-08-11 10:22:19,931 [pool-622-thread-1] INFO  storage.RaftStorage (RaftStorage.java:format(84)) - Storage directory /github/workspace/mnt/ozone/hadoop-ozone/integration-test/target/test-dir/MiniOzoneClusterImpl-8391e218-a55d-4210-9d4e-82a64144cc20/datanode-8/data/ratis/3d2e70ea-3041-4ad4-bd86-94ed43ab3ef2 has been successfully formatted.
2020-08-11 10:22:19,931 [pool-622-thread-1] INFO  ratis.ContainerStateMachine (ContainerStateMachine.java:loadSnapshot(225)) - group-94ED43AB3EF2: The snapshot info is null. Setting the last applied indexto:(t:0, i:~)
2020-08-11 10:22:19,931 [Datanode State Machine Thread - 0] WARN  statemachine.DatanodeStateMachine (DatanodeStateMachine.java:start(245)) - Interrupt the execution.
java.lang.InterruptedException: sleep interrupted
	at java.lang.Thread.sleep(Native Method)
	at org.apache.hadoop.ozone.container.common.statemachine.DatanodeStateMachine.start(DatanodeStateMachine.java:243)
	at org.apache.hadoop.ozone.container.common.statemachine.DatanodeStateMachine.lambda$startDaemon$0(DatanodeStateMachine.java:405)
	at java.lang.Thread.run(Thread.java:748)
2020-08-11 10:22:19,931 [pool-622-thread-1] INFO  server.RaftServerConfigKeys (ConfUtils.java:logGet(44)) - raft.server.notification.no-leader.timeout = 300000ms (custom)
2020-08-11 10:22:19,933 [pool-622-thread-1] INFO  server.RaftServerConfigKeys (ConfUtils.java:logGet(44)) - raft.server.log.use.memory = false (default)
2020-08-11 10:22:19,933 [pool-622-thread-1] INFO  server.RaftServerConfigKeys (ConfUtils.java:logGet(44)) - raft.server.log.purge.gap = 1000000 (custom)
2020-08-11 10:22:19,933 [pool-622-thread-1] INFO  metrics.RatisMetrics (RatisMetrics.java:lambda$create$0(36)) - Creating Metrics Registry : ratis.log_worker.8e0471e9-03e2-4e0b-80e1-583d5c951362@group-94ED43AB3EF2
2020-08-11 10:22:19,933 [pool-622-thread-1] INFO  server.RaftServerConfigKeys (ConfUtils.java:logGet(44)) - raft.server.log.appender.buffer.byte-limit = 33554432 (custom)
2020-08-11 10:22:19,933 [EventQueue-PipelineReportForPipelineReportHandler] INFO  pipeline.PipelineStateManager (PipelineStateManager.java:openPipeline(131)) - Pipeline Pipeline[ Id: 3d2e70ea-3041-4ad4-bd86-94ed43ab3ef2, Nodes: 8e0471e9-03e2-4e0b-80e1-583d5c951362{ip: 172.17.0.2, host: 5c5695bd1bfd, networkLocation: /default-rack, certSerialId: null}, Type:RATIS, Factor:ONE, State:ALLOCATED, leaderId:8e0471e9-03e2-4e0b-80e1-583d5c951362, CreationTimestamp2020-08-11T10:22:16.930Z] moved to OPEN state
2020-08-11 10:22:19,934 [EventQueue-OpenPipelineForOneReplicaPipelineSafeModeRule] INFO  safemode.SCMSafeModeManager (SCMSafeModeManager.java:validateSafeModeExitRules(214)) - AtleastOneDatanodeReportedRule rule is successfully validated
2020-08-11 10:22:19,934 [pool-622-thread-1] INFO  server.RaftServerConfigKeys (ConfUtils.java:logGet(44)) - raft.server.log.segment.size.max = 1048576 (custom)
2020-08-11 10:22:19,934 [EventQueue-OpenPipelineForHealthyPipelineSafeModeRule] INFO  safemode.SCMSafeModeManager (HealthyPipelineSafeModeRule.java:process(129)) - SCM in safe mode. Healthy pipelines reported count is 0, required healthy pipeline reported count is 1
2020-08-11 10:22:19,935 [pool-622-thread-1] INFO  server.RaftServerConfigKeys (ConfUtils.java:logGet(44)) - raft.server.log.segment.cache.num.max = 2 (custom)
2020-08-11 10:22:19,935 [pool-622-thread-1] INFO  segmented.SegmentedRaftLogWorker (SegmentedRaftLogWorker.java:<init>(180)) - new 8e0471e9-03e2-4e0b-80e1-583d5c951362@group-94ED43AB3EF2-SegmentedRaftLogWorker for RaftStorage:Storage Directory /github/workspace/mnt/ozone/hadoop-ozone/integration-test/target/test-dir/MiniOzoneClusterImpl-8391e218-a55d-4210-9d4e-82a64144cc20/datanode-8/data/ratis/3d2e70ea-3041-4ad4-bd86-94ed43ab3ef2
2020-08-11 10:22:19,935 [pool-622-thread-1] INFO  server.RaftServerConfigKeys (ConfUtils.java:logGet(44)) - raft.server.log.queue.byte-limit = 2147483647 (custom)
2020-08-11 10:22:19,935 [pool-622-thread-1] INFO  server.RaftServerConfigKeys (ConfUtils.java:logGet(44)) - raft.server.log.queue.element-limit = 1024 (custom)
2020-08-11 10:22:19,935 [pool-622-thread-1] INFO  server.RaftServerConfigKeys (ConfUtils.java:logGet(44)) - raft.server.log.segment.size.max = 1048576 (custom)
2020-08-11 10:22:19,935 [pool-622-thread-1] INFO  server.RaftServerConfigKeys (ConfUtils.java:logGet(44)) - raft.server.log.preallocated.size = 16384 (custom)
2020-08-11 10:22:19,935 [pool-622-thread-1] INFO  server.RaftServerConfigKeys (ConfUtils.java:logGet(44)) - raft.server.log.write.buffer.size = 1048576 (custom)
2020-08-11 10:22:19,935 [pool-622-thread-1] INFO  server.RaftServerConfigKeys (ConfUtils.java:logGet(44)) - raft.server.log.force.sync.num = 128 (default)
2020-08-11 10:22:19,935 [pool-622-thread-1] INFO  server.RaftServerConfigKeys (ConfUtils.java:logGet(44)) - raft.server.log.statemachine.data.sync = true (default)
2020-08-11 10:22:19,935 [pool-622-thread-1] INFO  server.RaftServerConfigKeys (ConfUtils.java:logGet(44)) - raft.server.log.statemachine.data.sync.timeout = 10s (default)
2020-08-11 10:22:19,935 [pool-622-thread-1] INFO  server.RaftServerConfigKeys (ConfUtils.java:logGet(44)) - raft.server.log.statemachine.data.sync.timeout.retry = -1 (default)
2020-08-11 10:22:19,938 [pool-622-thread-1] INFO  server.RaftServerConfigKeys (ConfUtils.java:logGet(44)) - raft.server.log.statemachine.data.caching.enabled = true (custom)
2020-08-11 10:22:19,938 [pool-622-thread-1] INFO  segmented.SegmentedRaftLogWorker (SegmentedRaftLogWorker.java:lambda$new$0(129)) - 8e0471e9-03e2-4e0b-80e1-583d5c951362@group-94ED43AB3EF2-SegmentedRaftLogWorker: flushIndex: setUnconditionally 0 -> -1
2020-08-11 10:22:19,938 [pool-622-thread-1] INFO  segmented.SegmentedRaftLogWorker (SegmentedRaftLogWorker.java:lambda$new$0(129)) - 8e0471e9-03e2-4e0b-80e1-583d5c951362@group-94ED43AB3EF2-SegmentedRaftLogWorker: safeCacheEvictIndex: setUnconditionally 0 -> -1
2020-08-11 10:22:19,938 [pool-622-thread-1] INFO  server.RaftServerConfigKeys (ConfUtils.java:logGet(44)) - raft.server.snapshot.auto.trigger.enabled = true (custom)
2020-08-11 10:22:19,938 [pool-622-thread-1] INFO  server.RaftServerConfigKeys (ConfUtils.java:logGet(44)) - raft.server.snapshot.auto.trigger.threshold = 10000 (custom)
2020-08-11 10:22:19,938 [pool-622-thread-1] INFO  server.RaftServerConfigKeys (ConfUtils.java:logGet(44)) - raft.server.snapshot.retention.file.num = 5 (custom)
2020-08-11 10:22:19,938 [pool-622-thread-1] INFO  server.RaftServerConfigKeys (ConfUtils.java:logGet(44)) - raft.server.log.purge.upto.snapshot.index = false (default)
2020-08-11 10:22:19,939 [pool-622-thread-1] INFO  server.RaftServerConfigKeys (ConfUtils.java:logGet(44)) - raft.server.retrycache.expirytime = 600000ms (custom)
2020-08-11 10:22:19,939 [pool-622-thread-1] INFO  metrics.RatisMetrics (RatisMetrics.java:lambda$create$0(36)) - Creating Metrics Registry : ratis.leader_election.8e0471e9-03e2-4e0b-80e1-583d5c951362@group-94ED43AB3EF2
2020-08-11 10:22:19,939 [pool-622-thread-1] INFO  metrics.RatisMetrics (RatisMetrics.java:lambda$create$0(36)) - Creating Metrics Registry : ratis.server.8e0471e9-03e2-4e0b-80e1-583d5c951362@group-94ED43AB3EF2
2020-08-11 10:22:19,941 [pool-622-thread-1] INFO  impl.RaftServerImpl (RaftServerImpl.java:start(196)) - 8e0471e9-03e2-4e0b-80e1-583d5c951362@group-94ED43AB3EF2: start as a follower, conf=-1: [8e0471e9-03e2-4e0b-80e1-583d5c951362:172.17.0.2:42433], old=null
2020-08-11 10:22:19,941 [pool-622-thread-1] INFO  impl.RaftServerImpl (RaftServerImpl.java:setRole(185)) - 8e0471e9-03e2-4e0b-80e1-583d5c951362@group-94ED43AB3EF2: changes role from      null to FOLLOWER at term 0 for startAsFollower
2020-08-11 10:22:19,941 [pool-622-thread-1] INFO  impl.RoleInfo (RoleInfo.java:updateAndGet(143)) - 8e0471e9-03e2-4e0b-80e1-583d5c951362: start FollowerState
2020-08-11 10:22:19,941 [pool-622-thread-1] INFO  util.JmxRegister (JmxRegister.java:tryRegister(44)) - Successfully registered JMX Bean with object name Ratis:service=RaftServer,group=group-94ED43AB3EF2,id=8e0471e9-03e2-4e0b-80e1-583d5c951362
2020-08-11 10:22:19,941 [pool-622-thread-1] INFO  metrics.RatisMetrics (RatisMetrics.java:lambda$create$0(36)) - Creating Metrics Registry : ratis.state_machine.8e0471e9-03e2-4e0b-80e1-583d5c951362@group-94ED43AB3EF2
2020-08-11 10:22:19,942 [Command processor thread] INFO  commandhandler.CreatePipelineCommandHandler (CreatePipelineCommandHandler.java:handle(110)) - Created Pipeline RATIS ONE #id: "3d2e70ea-3041-4ad4-bd86-94ed43ab3ef2"
uuid128 {
  mostSigBits: 4408585236376537812
  leastSigBits: -4789977406898487566
}
.
2020-08-11 10:22:20,924 [Listener at 127.0.0.1/39953] INFO  ozone.MiniOzoneClusterImpl (MiniOzoneClusterImpl.java:lambda$waitForClusterToBeReady$0(177)) - Nodes are ready. Got 9 of 9 DN Heartbeats.
2020-08-11 10:22:20,925 [Listener at 127.0.0.1/39953] INFO  ozone.MiniOzoneClusterImpl (MiniOzoneClusterImpl.java:lambda$waitForClusterToBeReady$0(180)) - Waiting for cluster to exit safe mode
2020-08-11 10:22:21,925 [Listener at 127.0.0.1/39953] INFO  ozone.MiniOzoneClusterImpl (MiniOzoneClusterImpl.java:lambda$waitForClusterToBeReady$0(177)) - Nodes are ready. Got 9 of 9 DN Heartbeats.
2020-08-11 10:22:21,925 [Listener at 127.0.0.1/39953] INFO  ozone.MiniOzoneClusterImpl (MiniOzoneClusterImpl.java:lambda$waitForClusterToBeReady$0(180)) - Waiting for cluster to exit safe mode
2020-08-11 10:22:22,925 [Listener at 127.0.0.1/39953] INFO  ozone.MiniOzoneClusterImpl (MiniOzoneClusterImpl.java:lambda$waitForClusterToBeReady$0(177)) - Nodes are ready. Got 9 of 9 DN Heartbeats.
2020-08-11 10:22:22,926 [Listener at 127.0.0.1/39953] INFO  ozone.MiniOzoneClusterImpl (MiniOzoneClusterImpl.java:lambda$waitForClusterToBeReady$0(180)) - Waiting for cluster to exit safe mode
2020-08-11 10:22:23,926 [Listener at 127.0.0.1/39953] INFO  ozone.MiniOzoneClusterImpl (MiniOzoneClusterImpl.java:lambda$waitForClusterToBeReady$0(177)) - Nodes are ready. Got 9 of 9 DN Heartbeats.
2020-08-11 10:22:23,926 [Listener at 127.0.0.1/39953] INFO  ozone.MiniOzoneClusterImpl (MiniOzoneClusterImpl.java:lambda$waitForClusterToBeReady$0(180)) - Waiting for cluster to exit safe mode
2020-08-11 10:22:24,027 [Thread-1622] INFO  impl.FollowerState (FollowerState.java:run(108)) - 234a1256-f899-4d30-a672-4552a70ba9bb@group-15E061DC1BD6-FollowerState: change to CANDIDATE, lastRpcTime:5047ms, electionTimeout:5047ms
2020-08-11 10:22:24,027 [Thread-1622] INFO  impl.RoleInfo (RoleInfo.java:shutdownFollowerState(121)) - 234a1256-f899-4d30-a672-4552a70ba9bb: shutdown FollowerState
2020-08-11 10:22:24,028 [Thread-1622] INFO  impl.RaftServerImpl (RaftServerImpl.java:setRole(185)) - 234a1256-f899-4d30-a672-4552a70ba9bb@group-15E061DC1BD6: changes role from  FOLLOWER to CANDIDATE at term 0 for changeToCandidate
2020-08-11 10:22:24,028 [Thread-1622] INFO  impl.RoleInfo (RoleInfo.java:updateAndGet(143)) - 234a1256-f899-4d30-a672-4552a70ba9bb: start LeaderElection
2020-08-11 10:22:24,041 [234a1256-f899-4d30-a672-4552a70ba9bb@group-15E061DC1BD6-LeaderElection43] INFO  impl.LeaderElection (LeaderElection.java:askForVotes(209)) - 234a1256-f899-4d30-a672-4552a70ba9bb@group-15E061DC1BD6-LeaderElection43: begin an election at term 1 for -1: [234a1256-f899-4d30-a672-4552a70ba9bb:172.17.0.2:33031], old=null
2020-08-11 10:22:24,041 [234a1256-f899-4d30-a672-4552a70ba9bb@group-15E061DC1BD6-LeaderElection43] INFO  impl.RoleInfo (RoleInfo.java:shutdownLeaderElection(134)) - 234a1256-f899-4d30-a672-4552a70ba9bb: shutdown LeaderElection
2020-08-11 10:22:24,041 [234a1256-f899-4d30-a672-4552a70ba9bb@group-15E061DC1BD6-LeaderElection43] INFO  impl.RaftServerImpl (RaftServerImpl.java:setRole(185)) - 234a1256-f899-4d30-a672-4552a70ba9bb@group-15E061DC1BD6: changes role from CANDIDATE to LEADER at term 1 for changeToLeader
2020-08-11 10:22:24,041 [234a1256-f899-4d30-a672-4552a70ba9bb@group-15E061DC1BD6-LeaderElection43] INFO  ratis.XceiverServerRatis (XceiverServerRatis.java:handleLeaderChangedNotification(822)) - Leader change notification received for group: group-15E061DC1BD6 with new leaderId: 234a1256-f899-4d30-a672-4552a70ba9bb
2020-08-11 10:22:24,041 [234a1256-f899-4d30-a672-4552a70ba9bb@group-15E061DC1BD6-LeaderElection43] INFO  impl.RaftServerImpl (ServerState.java:setLeader(255)) - 234a1256-f899-4d30-a672-4552a70ba9bb@group-15E061DC1BD6: change Leader from null to 234a1256-f899-4d30-a672-4552a70ba9bb at term 1 for becomeLeader, leader elected after 5069ms
2020-08-11 10:22:24,041 [Datanode State Machine Thread - 0] WARN  statemachine.DatanodeStateMachine (DatanodeStateMachine.java:start(245)) - Interrupt the execution.
java.lang.InterruptedException: sleep interrupted
	at java.lang.Thread.sleep(Native Method)
	at org.apache.hadoop.ozone.container.common.statemachine.DatanodeStateMachine.start(DatanodeStateMachine.java:243)
	at org.apache.hadoop.ozone.container.common.statemachine.DatanodeStateMachine.lambda$startDaemon$0(DatanodeStateMachine.java:405)
	at java.lang.Thread.run(Thread.java:748)
2020-08-11 10:22:24,042 [234a1256-f899-4d30-a672-4552a70ba9bb@group-15E061DC1BD6-LeaderElection43] INFO  server.RaftServerConfigKeys (ConfUtils.java:logGet(44)) - raft.server.staging.catchup.gap = 1000 (default)
2020-08-11 10:22:24,042 [234a1256-f899-4d30-a672-4552a70ba9bb@group-15E061DC1BD6-LeaderElection43] INFO  server.RaftServerConfigKeys (ConfUtils.java:logGet(44)) - raft.server.rpc.sleep.time = 25ms (default)
2020-08-11 10:22:24,042 [234a1256-f899-4d30-a672-4552a70ba9bb@group-15E061DC1BD6-LeaderElection43] INFO  metrics.RatisMetrics (RatisMetrics.java:lambda$create$0(36)) - Creating Metrics Registry : ratis.log_appender.234a1256-f899-4d30-a672-4552a70ba9bb@group-15E061DC1BD6
2020-08-11 10:22:24,043 [234a1256-f899-4d30-a672-4552a70ba9bb@group-15E061DC1BD6-LeaderElection43] INFO  server.RaftServerConfigKeys (ConfUtils.java:logGet(44)) - raft.server.write.element-limit = 1024 (custom)
2020-08-11 10:22:24,043 [234a1256-f899-4d30-a672-4552a70ba9bb@group-15E061DC1BD6-LeaderElection43] INFO  server.RaftServerConfigKeys (ConfUtils.java:logGet(44)) - raft.server.write.byte-limit = 1073741824 (custom)
2020-08-11 10:22:24,043 [234a1256-f899-4d30-a672-4552a70ba9bb@group-15E061DC1BD6-LeaderElection43] INFO  server.RaftServerConfigKeys (ConfUtils.java:logGet(44)) - raft.server.watch.timeout = 3000ms (custom)
2020-08-11 10:22:24,043 [234a1256-f899-4d30-a672-4552a70ba9bb@group-15E061DC1BD6-LeaderElection43] INFO  server.RaftServerConfigKeys (ConfUtils.java:logGet(44)) - raft.server.watch.timeout.denomination = 1s (default)
2020-08-11 10:22:24,043 [234a1256-f899-4d30-a672-4552a70ba9bb@group-15E061DC1BD6-LeaderElection43] INFO  server.RaftServerConfigKeys (ConfUtils.java:logGet(44)) - raft.server.watch.element-limit = 65536 (default)
2020-08-11 10:22:24,044 [234a1256-f899-4d30-a672-4552a70ba9bb@group-15E061DC1BD6-LeaderElection43] INFO  impl.RoleInfo (RoleInfo.java:updateAndGet(143)) - 234a1256-f899-4d30-a672-4552a70ba9bb: start LeaderState
2020-08-11 10:22:24,044 [234a1256-f899-4d30-a672-4552a70ba9bb@group-15E061DC1BD6-LeaderElection43] INFO  segmented.SegmentedRaftLogWorker (SegmentedRaftLogWorker.java:startLogSegment(397)) - 234a1256-f899-4d30-a672-4552a70ba9bb@group-15E061DC1BD6-SegmentedRaftLogWorker: Starting segment from index:0
2020-08-11 10:22:24,045 [234a1256-f899-4d30-a672-4552a70ba9bb@group-15E061DC1BD6-LeaderElection43] INFO  impl.RaftServerImpl (ServerState.java:setRaftConf(356)) - 234a1256-f899-4d30-a672-4552a70ba9bb@group-15E061DC1BD6: set configuration 0: [234a1256-f899-4d30-a672-4552a70ba9bb:172.17.0.2:33031], old=null at 0
2020-08-11 10:22:24,045 [234a1256-f899-4d30-a672-4552a70ba9bb@group-15E061DC1BD6-SegmentedRaftLogWorker] INFO  segmented.SegmentedRaftLogWorker (SegmentedRaftLogWorker.java:execute(596)) - 234a1256-f899-4d30-a672-4552a70ba9bb@group-15E061DC1BD6-SegmentedRaftLogWorker: created new log segment /github/workspace/mnt/ozone/hadoop-ozone/integration-test/target/test-dir/MiniOzoneClusterImpl-8391e218-a55d-4210-9d4e-82a64144cc20/datanode-0/data/ratis/e1571141-e086-45a3-9f16-15e061dc1bd6/current/log_inprogress_0
2020-08-11 10:22:24,115 [Thread-1626] INFO  impl.FollowerState (FollowerState.java:run(108)) - d1bce0c3-0b11-4e04-b896-bd0ae9e1df71@group-9DCD71CD2593-FollowerState: change to CANDIDATE, lastRpcTime:5089ms, electionTimeout:5089ms
2020-08-11 10:22:24,115 [Thread-1626] INFO  impl.RoleInfo (RoleInfo.java:shutdownFollowerState(121)) - d1bce0c3-0b11-4e04-b896-bd0ae9e1df71: shutdown FollowerState
2020-08-11 10:22:24,115 [Thread-1626] INFO  impl.RaftServerImpl (RaftServerImpl.java:setRole(185)) - d1bce0c3-0b11-4e04-b896-bd0ae9e1df71@group-9DCD71CD2593: changes role from  FOLLOWER to CANDIDATE at term 0 for changeToCandidate
2020-08-11 10:22:24,115 [Thread-1626] INFO  impl.RoleInfo (RoleInfo.java:updateAndGet(143)) - d1bce0c3-0b11-4e04-b896-bd0ae9e1df71: start LeaderElection
2020-08-11 10:22:24,119 [d1bce0c3-0b11-4e04-b896-bd0ae9e1df71@group-9DCD71CD2593-LeaderElection44] INFO  impl.LeaderElection (LeaderElection.java:askForVotes(209)) - d1bce0c3-0b11-4e04-b896-bd0ae9e1df71@group-9DCD71CD2593-LeaderElection44: begin an election at term 1 for -1: [234a1256-f899-4d30-a672-4552a70ba9bb:172.17.0.2:33031, d1bce0c3-0b11-4e04-b896-bd0ae9e1df71:172.17.0.2:45933, 69055b56-bf48-47fd-bece-64ae6d668fba:172.17.0.2:44699], old=null
2020-08-11 10:22:24,120 [Thread-1629] INFO  impl.FollowerState (FollowerState.java:run(108)) - 69055b56-bf48-47fd-bece-64ae6d668fba@group-9DCD71CD2593-FollowerState: change to CANDIDATE, lastRpcTime:5066ms, electionTimeout:5065ms
2020-08-11 10:22:24,120 [Thread-1629] INFO  impl.RoleInfo (RoleInfo.java:shutdownFollowerState(121)) - 69055b56-bf48-47fd-bece-64ae6d668fba: shutdown FollowerState
2020-08-11 10:22:24,120 [Thread-1629] INFO  impl.RaftServerImpl (RaftServerImpl.java:setRole(185)) - 69055b56-bf48-47fd-bece-64ae6d668fba@group-9DCD71CD2593: changes role from  FOLLOWER to CANDIDATE at term 0 for changeToCandidate
2020-08-11 10:22:24,121 [Thread-1629] INFO  impl.RoleInfo (RoleInfo.java:updateAndGet(143)) - 69055b56-bf48-47fd-bece-64ae6d668fba: start LeaderElection
2020-08-11 10:22:24,126 [Thread-1624] INFO  impl.FollowerState (FollowerState.java:run(108)) - 234a1256-f899-4d30-a672-4552a70ba9bb@group-9DCD71CD2593-FollowerState: change to CANDIDATE, lastRpcTime:5128ms, electionTimeout:5128ms
2020-08-11 10:22:24,126 [Thread-1624] INFO  impl.RoleInfo (RoleInfo.java:shutdownFollowerState(121)) - 234a1256-f899-4d30-a672-4552a70ba9bb: shutdown FollowerState
2020-08-11 10:22:24,126 [Thread-1624] INFO  impl.RaftServerImpl (RaftServerImpl.java:setRole(185)) - 234a1256-f899-4d30-a672-4552a70ba9bb@group-9DCD71CD2593: changes role from  FOLLOWER to CANDIDATE at term 0 for changeToCandidate
2020-08-11 10:22:24,126 [Thread-1624] INFO  impl.RoleInfo (RoleInfo.java:updateAndGet(143)) - 234a1256-f899-4d30-a672-4552a70ba9bb: start LeaderElection
2020-08-11 10:22:24,143 [234a1256-f899-4d30-a672-4552a70ba9bb@group-9DCD71CD2593-LeaderElection46] INFO  impl.LeaderElection (LeaderElection.java:askForVotes(209)) - 234a1256-f899-4d30-a672-4552a70ba9bb@group-9DCD71CD2593-LeaderElection46: begin an election at term 1 for -1: [234a1256-f899-4d30-a672-4552a70ba9bb:172.17.0.2:33031, d1bce0c3-0b11-4e04-b896-bd0ae9e1df71:172.17.0.2:45933, 69055b56-bf48-47fd-bece-64ae6d668fba:172.17.0.2:44699], old=null
2020-08-11 10:22:24,143 [69055b56-bf48-47fd-bece-64ae6d668fba@group-9DCD71CD2593-LeaderElection45] INFO  impl.LeaderElection (LeaderElection.java:askForVotes(209)) - 69055b56-bf48-47fd-bece-64ae6d668fba@group-9DCD71CD2593-LeaderElection45: begin an election at term 1 for -1: [234a1256-f899-4d30-a672-4552a70ba9bb:172.17.0.2:33031, d1bce0c3-0b11-4e04-b896-bd0ae9e1df71:172.17.0.2:45933, 69055b56-bf48-47fd-bece-64ae6d668fba:172.17.0.2:44699], old=null
2020-08-11 10:22:24,160 [Thread-1632] INFO  impl.FollowerState (FollowerState.java:run(108)) - 69055b56-bf48-47fd-bece-64ae6d668fba@group-065F51878978-FollowerState: change to CANDIDATE, lastRpcTime:5063ms, electionTimeout:5063ms
2020-08-11 10:22:24,160 [Thread-1632] INFO  impl.RoleInfo (RoleInfo.java:shutdownFollowerState(121)) - 69055b56-bf48-47fd-bece-64ae6d668fba: shutdown FollowerState
2020-08-11 10:22:24,160 [Thread-1632] INFO  impl.RaftServerImpl (RaftServerImpl.java:setRole(185)) - 69055b56-bf48-47fd-bece-64ae6d668fba@group-065F51878978: changes role from  FOLLOWER to CANDIDATE at term 0 for changeToCandidate
2020-08-11 10:22:24,160 [Thread-1632] INFO  impl.RoleInfo (RoleInfo.java:updateAndGet(143)) - 69055b56-bf48-47fd-bece-64ae6d668fba: start LeaderElection
2020-08-11 10:22:24,179 [d1bce0c3-0b11-4e04-b896-bd0ae9e1df71@group-9DCD71CD2593-LeaderElection44] INFO  impl.LeaderElection (LeaderElection.java:logAndReturn(61)) - d1bce0c3-0b11-4e04-b896-bd0ae9e1df71@group-9DCD71CD2593-LeaderElection44: Election REJECTED; received 2 response(s) [d1bce0c3-0b11-4e04-b896-bd0ae9e1df71<-234a1256-f899-4d30-a672-4552a70ba9bb#0:FAIL-t1, d1bce0c3-0b11-4e04-b896-bd0ae9e1df71<-69055b56-bf48-47fd-bece-64ae6d668fba#0:FAIL-t1] and 0 exception(s); d1bce0c3-0b11-4e04-b896-bd0ae9e1df71@group-9DCD71CD2593:t1, leader=null, voted=d1bce0c3-0b11-4e04-b896-bd0ae9e1df71, raftlog=d1bce0c3-0b11-4e04-b896-bd0ae9e1df71@group-9DCD71CD2593-SegmentedRaftLog:OPENED:c-1,f-1,i0, conf=-1: [234a1256-f899-4d30-a672-4552a70ba9bb:172.17.0.2:33031, d1bce0c3-0b11-4e04-b896-bd0ae9e1df71:172.17.0.2:45933, 69055b56-bf48-47fd-bece-64ae6d668fba:172.17.0.2:44699], old=null
2020-08-11 10:22:24,179 [d1bce0c3-0b11-4e04-b896-bd0ae9e1df71@group-9DCD71CD2593-LeaderElection44] INFO  impl.RaftServerImpl (RaftServerImpl.java:setRole(185)) - d1bce0c3-0b11-4e04-b896-bd0ae9e1df71@group-9DCD71CD2593: changes role from CANDIDATE to FOLLOWER at term 1 for DISCOVERED_A_NEW_TERM
2020-08-11 10:22:24,179 [d1bce0c3-0b11-4e04-b896-bd0ae9e1df71@group-9DCD71CD2593-LeaderElection44] INFO  impl.RoleInfo (RoleInfo.java:shutdownLeaderElection(134)) - d1bce0c3-0b11-4e04-b896-bd0ae9e1df71: shutdown LeaderElection
2020-08-11 10:22:24,180 [d1bce0c3-0b11-4e04-b896-bd0ae9e1df71@group-9DCD71CD2593-LeaderElection44] INFO  impl.RoleInfo (RoleInfo.java:updateAndGet(143)) - d1bce0c3-0b11-4e04-b896-bd0ae9e1df71: start FollowerState
2020-08-11 10:22:24,186 [69055b56-bf48-47fd-bece-64ae6d668fba@group-065F51878978-LeaderElection47] INFO  impl.LeaderElection (LeaderElection.java:askForVotes(209)) - 69055b56-bf48-47fd-bece-64ae6d668fba@group-065F51878978-LeaderElection47: begin an election at term 1 for -1: [69055b56-bf48-47fd-bece-64ae6d668fba:172.17.0.2:44699], old=null
2020-08-11 10:22:24,190 [69055b56-bf48-47fd-bece-64ae6d668fba@group-9DCD71CD2593-LeaderElection45] INFO  impl.LeaderElection (LeaderElection.java:logAndReturn(61)) - 69055b56-bf48-47fd-bece-64ae6d668fba@group-9DCD71CD2593-LeaderElection45: Election REJECTED; received 2 response(s) [69055b56-bf48-47fd-bece-64ae6d668fba<-234a1256-f899-4d30-a672-4552a70ba9bb#0:FAIL-t1, 69055b56-bf48-47fd-bece-64ae6d668fba<-d1bce0c3-0b11-4e04-b896-bd0ae9e1df71#0:FAIL-t1] and 0 exception(s); 69055b56-bf48-47fd-bece-64ae6d668fba@group-9DCD71CD2593:t1, leader=null, voted=69055b56-bf48-47fd-bece-64ae6d668fba, raftlog=69055b56-bf48-47fd-bece-64ae6d668fba@group-9DCD71CD2593-SegmentedRaftLog:OPENED:c-1,f-1,i0, conf=-1: [234a1256-f899-4d30-a672-4552a70ba9bb:172.17.0.2:33031, d1bce0c3-0b11-4e04-b896-bd0ae9e1df71:172.17.0.2:45933, 69055b56-bf48-47fd-bece-64ae6d668fba:172.17.0.2:44699], old=null
2020-08-11 10:22:24,190 [234a1256-f899-4d30-a672-4552a70ba9bb@group-9DCD71CD2593-LeaderElection46] INFO  impl.LeaderElection (LeaderElection.java:logAndReturn(61)) - 234a1256-f899-4d30-a672-4552a70ba9bb@group-9DCD71CD2593-LeaderElection46: Election REJECTED; received 2 response(s) [234a1256-f899-4d30-a672-4552a70ba9bb<-d1bce0c3-0b11-4e04-b896-bd0ae9e1df71#0:FAIL-t1, 234a1256-f899-4d30-a672-4552a70ba9bb<-69055b56-bf48-47fd-bece-64ae6d668fba#0:FAIL-t1] and 0 exception(s); 234a1256-f899-4d30-a672-4552a70ba9bb@group-9DCD71CD2593:t1, leader=null, voted=234a1256-f899-4d30-a672-4552a70ba9bb, raftlog=234a1256-f899-4d30-a672-4552a70ba9bb@group-9DCD71CD2593-SegmentedRaftLog:OPENED:c-1,f-1,i0, conf=-1: [234a1256-f899-4d30-a672-4552a70ba9bb:172.17.0.2:33031, d1bce0c3-0b11-4e04-b896-bd0ae9e1df71:172.17.0.2:45933, 69055b56-bf48-47fd-bece-64ae6d668fba:172.17.0.2:44699], old=null
2020-08-11 10:22:24,190 [69055b56-bf48-47fd-bece-64ae6d668fba@group-9DCD71CD2593-LeaderElection45] INFO  impl.RaftServerImpl (RaftServerImpl.java:setRole(185)) - 69055b56-bf48-47fd-bece-64ae6d668fba@group-9DCD71CD2593: changes role from CANDIDATE to FOLLOWER at term 1 for DISCOVERED_A_NEW_TERM
2020-08-11 10:22:24,195 [69055b56-bf48-47fd-bece-64ae6d668fba@group-9DCD71CD2593-LeaderElection45] INFO  impl.RoleInfo (RoleInfo.java:shutdownLeaderElection(134)) - 69055b56-bf48-47fd-bece-64ae6d668fba: shutdown LeaderElection
2020-08-11 10:22:24,190 [234a1256-f899-4d30-a672-4552a70ba9bb@group-9DCD71CD2593-LeaderElection46] INFO  impl.RaftServerImpl (RaftServerImpl.java:setRole(185)) - 234a1256-f899-4d30-a672-4552a70ba9bb@group-9DCD71CD2593: changes role from CANDIDATE to FOLLOWER at term 1 for DISCOVERED_A_NEW_TERM
2020-08-11 10:22:24,197 [69055b56-bf48-47fd-bece-64ae6d668fba@group-065F51878978-LeaderElection47] INFO  impl.RoleInfo (RoleInfo.java:shutdownLeaderElection(134)) - 69055b56-bf48-47fd-bece-64ae6d668fba: shutdown LeaderElection
2020-08-11 10:22:24,197 [234a1256-f899-4d30-a672-4552a70ba9bb@group-9DCD71CD2593-LeaderElection46] INFO  impl.RoleInfo (RoleInfo.java:shutdownLeaderElection(134)) - 234a1256-f899-4d30-a672-4552a70ba9bb: shutdown LeaderElection
2020-08-11 10:22:24,197 [234a1256-f899-4d30-a672-4552a70ba9bb@group-9DCD71CD2593-LeaderElection46] INFO  impl.RoleInfo (RoleInfo.java:updateAndGet(143)) - 234a1256-f899-4d30-a672-4552a70ba9bb: start FollowerState
2020-08-11 10:22:24,197 [69055b56-bf48-47fd-bece-64ae6d668fba@group-065F51878978-LeaderElection47] INFO  impl.RaftServerImpl (RaftServerImpl.java:setRole(185)) - 69055b56-bf48-47fd-bece-64ae6d668fba@group-065F51878978: changes role from CANDIDATE to LEADER at term 1 for changeToLeader
2020-08-11 10:22:24,197 [69055b56-bf48-47fd-bece-64ae6d668fba@group-065F51878978-LeaderElection47] INFO  ratis.XceiverServerRatis (XceiverServerRatis.java:handleLeaderChangedNotification(822)) - Leader change notification received for group: group-065F51878978 with new leaderId: 69055b56-bf48-47fd-bece-64ae6d668fba
2020-08-11 10:22:24,195 [69055b56-bf48-47fd-bece-64ae6d668fba@group-9DCD71CD2593-LeaderElection45] INFO  impl.RoleInfo (RoleInfo.java:updateAndGet(143)) - 69055b56-bf48-47fd-bece-64ae6d668fba: start FollowerState
2020-08-11 10:22:24,198 [69055b56-bf48-47fd-bece-64ae6d668fba@group-065F51878978-LeaderElection47] INFO  impl.RaftServerImpl (ServerState.java:setLeader(255)) - 69055b56-bf48-47fd-bece-64ae6d668fba@group-065F51878978: change Leader from null to 69055b56-bf48-47fd-bece-64ae6d668fba at term 1 for becomeLeader, leader elected after 5112ms
2020-08-11 10:22:24,198 [Datanode State Machine Thread - 0] WARN  statemachine.DatanodeStateMachine (DatanodeStateMachine.java:start(245)) - Interrupt the execution.
java.lang.InterruptedException: sleep interrupted
	at java.lang.Thread.sleep(Native Method)
	at org.apache.hadoop.ozone.container.common.statemachine.DatanodeStateMachine.start(DatanodeStateMachine.java:243)
	at org.apache.hadoop.ozone.container.common.statemachine.DatanodeStateMachine.lambda$startDaemon$0(DatanodeStateMachine.java:405)
	at java.lang.Thread.run(Thread.java:748)
2020-08-11 10:22:24,206 [69055b56-bf48-47fd-bece-64ae6d668fba@group-065F51878978-LeaderElection47] INFO  server.RaftServerConfigKeys (ConfUtils.java:logGet(44)) - raft.server.staging.catchup.gap = 1000 (default)
2020-08-11 10:22:24,207 [69055b56-bf48-47fd-bece-64ae6d668fba@group-065F51878978-LeaderElection47] INFO  server.RaftServerConfigKeys (ConfUtils.java:logGet(44)) - raft.server.rpc.sleep.time = 25ms (default)
2020-08-11 10:22:24,207 [69055b56-bf48-47fd-bece-64ae6d668fba@group-065F51878978-LeaderElection47] INFO  metrics.RatisMetrics (RatisMetrics.java:lambda$create$0(36)) - Creating Metrics Registry : ratis.log_appender.69055b56-bf48-47fd-bece-64ae6d668fba@group-065F51878978
2020-08-11 10:22:24,207 [69055b56-bf48-47fd-bece-64ae6d668fba@group-065F51878978-LeaderElection47] INFO  server.RaftServerConfigKeys (ConfUtils.java:logGet(44)) - raft.server.write.element-limit = 1024 (custom)
2020-08-11 10:22:24,207 [69055b56-bf48-47fd-bece-64ae6d668fba@group-065F51878978-LeaderElection47] INFO  server.RaftServerConfigKeys (ConfUtils.java:logGet(44)) - raft.server.write.byte-limit = 1073741824 (custom)
2020-08-11 10:22:24,208 [69055b56-bf48-47fd-bece-64ae6d668fba@group-065F51878978-LeaderElection47] INFO  server.RaftServerConfigKeys (ConfUtils.java:logGet(44)) - raft.server.watch.timeout = 3000ms (custom)
2020-08-11 10:22:24,208 [69055b56-bf48-47fd-bece-64ae6d668fba@group-065F51878978-LeaderElection47] INFO  server.RaftServerConfigKeys (ConfUtils.java:logGet(44)) - raft.server.watch.timeout.denomination = 1s (default)
2020-08-11 10:22:24,208 [69055b56-bf48-47fd-bece-64ae6d668fba@group-065F51878978-LeaderElection47] INFO  server.RaftServerConfigKeys (ConfUtils.java:logGet(44)) - raft.server.watch.element-limit = 65536 (default)
2020-08-11 10:22:24,208 [69055b56-bf48-47fd-bece-64ae6d668fba@group-065F51878978-LeaderElection47] INFO  impl.RoleInfo (RoleInfo.java:updateAndGet(143)) - 69055b56-bf48-47fd-bece-64ae6d668fba: start LeaderState
2020-08-11 10:22:24,209 [69055b56-bf48-47fd-bece-64ae6d668fba@group-065F51878978-LeaderElection47] INFO  segmented.SegmentedRaftLogWorker (SegmentedRaftLogWorker.java:startLogSegment(397)) - 69055b56-bf48-47fd-bece-64ae6d668fba@group-065F51878978-SegmentedRaftLogWorker: Starting segment from index:0
2020-08-11 10:22:24,210 [69055b56-bf48-47fd-bece-64ae6d668fba@group-065F51878978-LeaderElection47] INFO  impl.RaftServerImpl (ServerState.java:setRaftConf(356)) - 69055b56-bf48-47fd-bece-64ae6d668fba@group-065F51878978: set configuration 0: [69055b56-bf48-47fd-bece-64ae6d668fba:172.17.0.2:44699], old=null at 0
2020-08-11 10:22:24,215 [69055b56-bf48-47fd-bece-64ae6d668fba@group-065F51878978-SegmentedRaftLogWorker] INFO  segmented.SegmentedRaftLogWorker (SegmentedRaftLogWorker.java:execute(596)) - 69055b56-bf48-47fd-bece-64ae6d668fba@group-065F51878978-SegmentedRaftLogWorker: created new log segment /github/workspace/mnt/ozone/hadoop-ozone/integration-test/target/test-dir/MiniOzoneClusterImpl-8391e218-a55d-4210-9d4e-82a64144cc20/datanode-1/data/ratis/f96502a8-794a-4247-a5ce-065f51878978/current/log_inprogress_0
2020-08-11 10:22:24,240 [Thread-1634] INFO  impl.FollowerState (FollowerState.java:run(108)) - d1bce0c3-0b11-4e04-b896-bd0ae9e1df71@group-767A0F5E95B3-FollowerState: change to CANDIDATE, lastRpcTime:5030ms, electionTimeout:5029ms
2020-08-11 10:22:24,240 [Thread-1634] INFO  impl.RoleInfo (RoleInfo.java:shutdownFollowerState(121)) - d1bce0c3-0b11-4e04-b896-bd0ae9e1df71: shutdown FollowerState
2020-08-11 10:22:24,240 [Thread-1634] INFO  impl.RaftServerImpl (RaftServerImpl.java:setRole(185)) - d1bce0c3-0b11-4e04-b896-bd0ae9e1df71@group-767A0F5E95B3: changes role from  FOLLOWER to CANDIDATE at term 0 for changeToCandidate
2020-08-11 10:22:24,240 [Thread-1634] INFO  impl.RoleInfo (RoleInfo.java:updateAndGet(143)) - d1bce0c3-0b11-4e04-b896-bd0ae9e1df71: start LeaderElection
2020-08-11 10:22:24,251 [d1bce0c3-0b11-4e04-b896-bd0ae9e1df71@group-767A0F5E95B3-LeaderElection48] INFO  impl.LeaderElection (LeaderElection.java:askForVotes(209)) - d1bce0c3-0b11-4e04-b896-bd0ae9e1df71@group-767A0F5E95B3-LeaderElection48: begin an election at term 1 for -1: [d1bce0c3-0b11-4e04-b896-bd0ae9e1df71:172.17.0.2:45933], old=null
2020-08-11 10:22:24,251 [d1bce0c3-0b11-4e04-b896-bd0ae9e1df71@group-767A0F5E95B3-LeaderElection48] INFO  impl.RoleInfo (RoleInfo.java:shutdownLeaderElection(134)) - d1bce0c3-0b11-4e04-b896-bd0ae9e1df71: shutdown LeaderElection
2020-08-11 10:22:24,251 [d1bce0c3-0b11-4e04-b896-bd0ae9e1df71@group-767A0F5E95B3-LeaderElection48] INFO  impl.RaftServerImpl (RaftServerImpl.java:setRole(185)) - d1bce0c3-0b11-4e04-b896-bd0ae9e1df71@group-767A0F5E95B3: changes role from CANDIDATE to LEADER at term 1 for changeToLeader
2020-08-11 10:22:24,251 [d1bce0c3-0b11-4e04-b896-bd0ae9e1df71@group-767A0F5E95B3-LeaderElection48] INFO  ratis.XceiverServerRatis (XceiverServerRatis.java:handleLeaderChangedNotification(822)) - Leader change notification received for group: group-767A0F5E95B3 with new leaderId: d1bce0c3-0b11-4e04-b896-bd0ae9e1df71
2020-08-11 10:22:24,251 [d1bce0c3-0b11-4e04-b896-bd0ae9e1df71@group-767A0F5E95B3-LeaderElection48] INFO  impl.RaftServerImpl (ServerState.java:setLeader(255)) - d1bce0c3-0b11-4e04-b896-bd0ae9e1df71@group-767A0F5E95B3: change Leader from null to d1bce0c3-0b11-4e04-b896-bd0ae9e1df71 at term 1 for becomeLeader, leader elected after 5050ms
2020-08-11 10:22:24,251 [Datanode State Machine Thread - 0] WARN  statemachine.DatanodeStateMachine (DatanodeStateMachine.java:start(245)) - Interrupt the execution.
java.lang.InterruptedException: sleep interrupted
	at java.lang.Thread.sleep(Native Method)
	at org.apache.hadoop.ozone.container.common.statemachine.DatanodeStateMachine.start(DatanodeStateMachine.java:243)
	at org.apache.hadoop.ozone.container.common.statemachine.DatanodeStateMachine.lambda$startDaemon$0(DatanodeStateMachine.java:405)
	at java.lang.Thread.run(Thread.java:748)
2020-08-11 10:22:24,252 [d1bce0c3-0b11-4e04-b896-bd0ae9e1df71@group-767A0F5E95B3-LeaderElection48] INFO  server.RaftServerConfigKeys (ConfUtils.java:logGet(44)) - raft.server.staging.catchup.gap = 1000 (default)
2020-08-11 10:22:24,253 [d1bce0c3-0b11-4e04-b896-bd0ae9e1df71@group-767A0F5E95B3-LeaderElection48] INFO  server.RaftServerConfigKeys (ConfUtils.java:logGet(44)) - raft.server.rpc.sleep.time = 25ms (default)
2020-08-11 10:22:24,253 [d1bce0c3-0b11-4e04-b896-bd0ae9e1df71@group-767A0F5E95B3-LeaderElection48] INFO  metrics.RatisMetrics (RatisMetrics.java:lambda$create$0(36)) - Creating Metrics Registry : ratis.log_appender.d1bce0c3-0b11-4e04-b896-bd0ae9e1df71@group-767A0F5E95B3
2020-08-11 10:22:24,253 [d1bce0c3-0b11-4e04-b896-bd0ae9e1df71@group-767A0F5E95B3-LeaderElection48] INFO  server.RaftServerConfigKeys (ConfUtils.java:logGet(44)) - raft.server.write.element-limit = 1024 (custom)
2020-08-11 10:22:24,253 [d1bce0c3-0b11-4e04-b896-bd0ae9e1df71@group-767A0F5E95B3-LeaderElection48] INFO  server.RaftServerConfigKeys (ConfUtils.java:logGet(44)) - raft.server.write.byte-limit = 1073741824 (custom)
2020-08-11 10:22:24,253 [d1bce0c3-0b11-4e04-b896-bd0ae9e1df71@group-767A0F5E95B3-LeaderElection48] INFO  server.RaftServerConfigKeys (ConfUtils.java:logGet(44)) - raft.server.watch.timeout = 3000ms (custom)
2020-08-11 10:22:24,253 [d1bce0c3-0b11-4e04-b896-bd0ae9e1df71@group-767A0F5E95B3-LeaderElection48] INFO  server.RaftServerConfigKeys (ConfUtils.java:logGet(44)) - raft.server.watch.timeout.denomination = 1s (default)
2020-08-11 10:22:24,253 [d1bce0c3-0b11-4e04-b896-bd0ae9e1df71@group-767A0F5E95B3-LeaderElection48] INFO  server.RaftServerConfigKeys (ConfUtils.java:logGet(44)) - raft.server.watch.element-limit = 65536 (default)
2020-08-11 10:22:24,254 [d1bce0c3-0b11-4e04-b896-bd0ae9e1df71@group-767A0F5E95B3-LeaderElection48] INFO  impl.RoleInfo (RoleInfo.java:updateAndGet(143)) - d1bce0c3-0b11-4e04-b896-bd0ae9e1df71: start LeaderState
2020-08-11 10:22:24,254 [d1bce0c3-0b11-4e04-b896-bd0ae9e1df71@group-767A0F5E95B3-LeaderElection48] INFO  segmented.SegmentedRaftLogWorker (SegmentedRaftLogWorker.java:startLogSegment(397)) - d1bce0c3-0b11-4e04-b896-bd0ae9e1df71@group-767A0F5E95B3-SegmentedRaftLogWorker: Starting segment from index:0
2020-08-11 10:22:24,254 [d1bce0c3-0b11-4e04-b896-bd0ae9e1df71@group-767A0F5E95B3-LeaderElection48] INFO  impl.RaftServerImpl (ServerState.java:setRaftConf(356)) - d1bce0c3-0b11-4e04-b896-bd0ae9e1df71@group-767A0F5E95B3: set configuration 0: [d1bce0c3-0b11-4e04-b896-bd0ae9e1df71:172.17.0.2:45933], old=null at 0
2020-08-11 10:22:24,255 [d1bce0c3-0b11-4e04-b896-bd0ae9e1df71@group-767A0F5E95B3-SegmentedRaftLogWorker] INFO  segmented.SegmentedRaftLogWorker (SegmentedRaftLogWorker.java:execute(596)) - d1bce0c3-0b11-4e04-b896-bd0ae9e1df71@group-767A0F5E95B3-SegmentedRaftLogWorker: created new log segment /github/workspace/mnt/ozone/hadoop-ozone/integration-test/target/test-dir/MiniOzoneClusterImpl-8391e218-a55d-4210-9d4e-82a64144cc20/datanode-2/data/ratis/d671a4aa-7890-46e0-aefb-767a0f5e95b3/current/log_inprogress_0
2020-08-11 10:22:24,408 [Thread-1636] INFO  impl.FollowerState (FollowerState.java:run(108)) - 406c90ca-93e0-4c35-9202-d1a6c1200adf@group-B14D1DCB1247-FollowerState: change to CANDIDATE, lastRpcTime:5082ms, electionTimeout:5081ms
2020-08-11 10:22:24,409 [Thread-1636] INFO  impl.RoleInfo (RoleInfo.java:shutdownFollowerState(121)) - 406c90ca-93e0-4c35-9202-d1a6c1200adf: shutdown FollowerState
2020-08-11 10:22:24,409 [Thread-1636] INFO  impl.RaftServerImpl (RaftServerImpl.java:setRole(185)) - 406c90ca-93e0-4c35-9202-d1a6c1200adf@group-B14D1DCB1247: changes role from  FOLLOWER to CANDIDATE at term 0 for changeToCandidate
2020-08-11 10:22:24,409 [Thread-1636] INFO  impl.RoleInfo (RoleInfo.java:updateAndGet(143)) - 406c90ca-93e0-4c35-9202-d1a6c1200adf: start LeaderElection
2020-08-11 10:22:24,413 [406c90ca-93e0-4c35-9202-d1a6c1200adf@group-B14D1DCB1247-LeaderElection49] INFO  impl.LeaderElection (LeaderElection.java:askForVotes(209)) - 406c90ca-93e0-4c35-9202-d1a6c1200adf@group-B14D1DCB1247-LeaderElection49: begin an election at term 1 for -1: [406c90ca-93e0-4c35-9202-d1a6c1200adf:172.17.0.2:40871], old=null
2020-08-11 10:22:24,413 [406c90ca-93e0-4c35-9202-d1a6c1200adf@group-B14D1DCB1247-LeaderElection49] INFO  impl.RoleInfo (RoleInfo.java:shutdownLeaderElection(134)) - 406c90ca-93e0-4c35-9202-d1a6c1200adf: shutdown LeaderElection
2020-08-11 10:22:24,413 [406c90ca-93e0-4c35-9202-d1a6c1200adf@group-B14D1DCB1247-LeaderElection49] INFO  impl.RaftServerImpl (RaftServerImpl.java:setRole(185)) - 406c90ca-93e0-4c35-9202-d1a6c1200adf@group-B14D1DCB1247: changes role from CANDIDATE to LEADER at term 1 for changeToLeader
2020-08-11 10:22:24,413 [406c90ca-93e0-4c35-9202-d1a6c1200adf@group-B14D1DCB1247-LeaderElection49] INFO  ratis.XceiverServerRatis (XceiverServerRatis.java:handleLeaderChangedNotification(822)) - Leader change notification received for group: group-B14D1DCB1247 with new leaderId: 406c90ca-93e0-4c35-9202-d1a6c1200adf
2020-08-11 10:22:24,413 [406c90ca-93e0-4c35-9202-d1a6c1200adf@group-B14D1DCB1247-LeaderElection49] INFO  impl.RaftServerImpl (ServerState.java:setLeader(255)) - 406c90ca-93e0-4c35-9202-d1a6c1200adf@group-B14D1DCB1247: change Leader from null to 406c90ca-93e0-4c35-9202-d1a6c1200adf at term 1 for becomeLeader, leader elected after 5097ms
2020-08-11 10:22:24,413 [Datanode State Machine Thread - 0] WARN  statemachine.DatanodeStateMachine (DatanodeStateMachine.java:start(245)) - Interrupt the execution.
java.lang.InterruptedException: sleep interrupted
	at java.lang.Thread.sleep(Native Method)
	at org.apache.hadoop.ozone.container.common.statemachine.DatanodeStateMachine.start(DatanodeStateMachine.java:243)
	at org.apache.hadoop.ozone.container.common.statemachine.DatanodeStateMachine.lambda$startDaemon$0(DatanodeStateMachine.java:405)
	at java.lang.Thread.run(Thread.java:748)
2020-08-11 10:22:24,417 [406c90ca-93e0-4c35-9202-d1a6c1200adf@group-B14D1DCB1247-LeaderElection49] INFO  server.RaftServerConfigKeys (ConfUtils.java:logGet(44)) - raft.server.staging.catchup.gap = 1000 (default)
2020-08-11 10:22:24,418 [406c90ca-93e0-4c35-9202-d1a6c1200adf@group-B14D1DCB1247-LeaderElection49] INFO  server.RaftServerConfigKeys (ConfUtils.java:logGet(44)) - raft.server.rpc.sleep.time = 25ms (default)
2020-08-11 10:22:24,418 [406c90ca-93e0-4c35-9202-d1a6c1200adf@group-B14D1DCB1247-LeaderElection49] INFO  metrics.RatisMetrics (RatisMetrics.java:lambda$create$0(36)) - Creating Metrics Registry : ratis.log_appender.406c90ca-93e0-4c35-9202-d1a6c1200adf@group-B14D1DCB1247
2020-08-11 10:22:24,418 [406c90ca-93e0-4c35-9202-d1a6c1200adf@group-B14D1DCB1247-LeaderElection49] INFO  server.RaftServerConfigKeys (ConfUtils.java:logGet(44)) - raft.server.write.element-limit = 1024 (custom)
2020-08-11 10:22:24,418 [406c90ca-93e0-4c35-9202-d1a6c1200adf@group-B14D1DCB1247-LeaderElection49] INFO  server.RaftServerConfigKeys (ConfUtils.java:logGet(44)) - raft.server.write.byte-limit = 1073741824 (custom)
2020-08-11 10:22:24,419 [406c90ca-93e0-4c35-9202-d1a6c1200adf@group-B14D1DCB1247-LeaderElection49] INFO  server.RaftServerConfigKeys (ConfUtils.java:logGet(44)) - raft.server.watch.timeout = 3000ms (custom)
2020-08-11 10:22:24,419 [406c90ca-93e0-4c35-9202-d1a6c1200adf@group-B14D1DCB1247-LeaderElection49] INFO  server.RaftServerConfigKeys (ConfUtils.java:logGet(44)) - raft.server.watch.timeout.denomination = 1s (default)
2020-08-11 10:22:24,419 [406c90ca-93e0-4c35-9202-d1a6c1200adf@group-B14D1DCB1247-LeaderElection49] INFO  server.RaftServerConfigKeys (ConfUtils.java:logGet(44)) - raft.server.watch.element-limit = 65536 (default)
2020-08-11 10:22:24,419 [406c90ca-93e0-4c35-9202-d1a6c1200adf@group-B14D1DCB1247-LeaderElection49] INFO  impl.RoleInfo (RoleInfo.java:updateAndGet(143)) - 406c90ca-93e0-4c35-9202-d1a6c1200adf: start LeaderState
2020-08-11 10:22:24,419 [406c90ca-93e0-4c35-9202-d1a6c1200adf@group-B14D1DCB1247-LeaderElection49] INFO  segmented.SegmentedRaftLogWorker (SegmentedRaftLogWorker.java:startLogSegment(397)) - 406c90ca-93e0-4c35-9202-d1a6c1200adf@group-B14D1DCB1247-SegmentedRaftLogWorker: Starting segment from index:0
2020-08-11 10:22:24,420 [406c90ca-93e0-4c35-9202-d1a6c1200adf@group-B14D1DCB1247-LeaderElection49] INFO  impl.RaftServerImpl (ServerState.java:setRaftConf(356)) - 406c90ca-93e0-4c35-9202-d1a6c1200adf@group-B14D1DCB1247: set configuration 0: [406c90ca-93e0-4c35-9202-d1a6c1200adf:172.17.0.2:40871], old=null at 0
2020-08-11 10:22:24,421 [406c90ca-93e0-4c35-9202-d1a6c1200adf@group-B14D1DCB1247-SegmentedRaftLogWorker] INFO  segmented.SegmentedRaftLogWorker (SegmentedRaftLogWorker.java:execute(596)) - 406c90ca-93e0-4c35-9202-d1a6c1200adf@group-B14D1DCB1247-SegmentedRaftLogWorker: created new log segment /github/workspace/mnt/ozone/hadoop-ozone/integration-test/target/test-dir/MiniOzoneClusterImpl-8391e218-a55d-4210-9d4e-82a64144cc20/datanode-3/data/ratis/35e5ad47-5501-4de8-90b9-b14d1dcb1247/current/log_inprogress_0
2020-08-11 10:22:24,432 [Thread-1638] INFO  impl.FollowerState (FollowerState.java:run(108)) - 406c90ca-93e0-4c35-9202-d1a6c1200adf@group-14F6F6330515-FollowerState: change to CANDIDATE, lastRpcTime:5093ms, electionTimeout:5093ms
2020-08-11 10:22:24,432 [Thread-1638] INFO  impl.RoleInfo (RoleInfo.java:shutdownFollowerState(121)) - 406c90ca-93e0-4c35-9202-d1a6c1200adf: shutdown FollowerState
2020-08-11 10:22:24,432 [Thread-1638] INFO  impl.RaftServerImpl (RaftServerImpl.java:setRole(185)) - 406c90ca-93e0-4c35-9202-d1a6c1200adf@group-14F6F6330515: changes role from  FOLLOWER to CANDIDATE at term 0 for changeToCandidate
2020-08-11 10:22:24,432 [Thread-1638] INFO  impl.RoleInfo (RoleInfo.java:updateAndGet(143)) - 406c90ca-93e0-4c35-9202-d1a6c1200adf: start LeaderElection
2020-08-11 10:22:24,435 [406c90ca-93e0-4c35-9202-d1a6c1200adf@group-14F6F6330515-LeaderElection50] INFO  impl.LeaderElection (LeaderElection.java:askForVotes(209)) - 406c90ca-93e0-4c35-9202-d1a6c1200adf@group-14F6F6330515-LeaderElection50: begin an election at term 1 for -1: [8c118799-e191-4e7e-ab0c-0c1f4e4855fe:172.17.0.2:40537, 733040ef-1be9-4bd5-8407-b94c2bc1538c:172.17.0.2:41275, 406c90ca-93e0-4c35-9202-d1a6c1200adf:172.17.0.2:40871], old=null
2020-08-11 10:22:24,452 [grpc-default-executor-2] INFO  impl.RaftServerImpl (RaftServerImpl.java:setRole(185)) - 733040ef-1be9-4bd5-8407-b94c2bc1538c@group-14F6F6330515: changes role from  FOLLOWER to FOLLOWER at term 1 for recognizeCandidate:406c90ca-93e0-4c35-9202-d1a6c1200adf
2020-08-11 10:22:24,452 [grpc-default-executor-2] INFO  impl.RoleInfo (RoleInfo.java:shutdownFollowerState(121)) - 733040ef-1be9-4bd5-8407-b94c2bc1538c: shutdown FollowerState
2020-08-11 10:22:24,452 [grpc-default-executor-2] INFO  impl.RoleInfo (RoleInfo.java:updateAndGet(143)) - 733040ef-1be9-4bd5-8407-b94c2bc1538c: start FollowerState
2020-08-11 10:22:24,452 [Thread-1643] INFO  impl.FollowerState (FollowerState.java:run(117)) - 733040ef-1be9-4bd5-8407-b94c2bc1538c@group-14F6F6330515-FollowerState was interrupted: java.lang.InterruptedException: sleep interrupted
2020-08-11 10:22:24,459 [grpc-default-executor-4] INFO  impl.RaftServerImpl (RaftServerImpl.java:setRole(185)) - 8c118799-e191-4e7e-ab0c-0c1f4e4855fe@group-14F6F6330515: changes role from  FOLLOWER to FOLLOWER at term 1 for recognizeCandidate:406c90ca-93e0-4c35-9202-d1a6c1200adf
2020-08-11 10:22:24,459 [406c90ca-93e0-4c35-9202-d1a6c1200adf@group-14F6F6330515-LeaderElection50] INFO  impl.LeaderElection (LeaderElection.java:logAndReturn(61)) - 406c90ca-93e0-4c35-9202-d1a6c1200adf@group-14F6F6330515-LeaderElection50: Election PASSED; received 1 response(s) [406c90ca-93e0-4c35-9202-d1a6c1200adf<-733040ef-1be9-4bd5-8407-b94c2bc1538c#0:OK-t1] and 0 exception(s); 406c90ca-93e0-4c35-9202-d1a6c1200adf@group-14F6F6330515:t1, leader=null, voted=406c90ca-93e0-4c35-9202-d1a6c1200adf, raftlog=406c90ca-93e0-4c35-9202-d1a6c1200adf@group-14F6F6330515-SegmentedRaftLog:OPENED:c-1,f-1,i0, conf=-1: [8c118799-e191-4e7e-ab0c-0c1f4e4855fe:172.17.0.2:40537, 733040ef-1be9-4bd5-8407-b94c2bc1538c:172.17.0.2:41275, 406c90ca-93e0-4c35-9202-d1a6c1200adf:172.17.0.2:40871], old=null
2020-08-11 10:22:24,459 [grpc-default-executor-4] INFO  impl.RoleInfo (RoleInfo.java:shutdownFollowerState(121)) - 8c118799-e191-4e7e-ab0c-0c1f4e4855fe: shutdown FollowerState
2020-08-11 10:22:24,459 [grpc-default-executor-4] INFO  impl.RoleInfo (RoleInfo.java:updateAndGet(143)) - 8c118799-e191-4e7e-ab0c-0c1f4e4855fe: start FollowerState
2020-08-11 10:22:24,459 [406c90ca-93e0-4c35-9202-d1a6c1200adf@group-14F6F6330515-LeaderElection50] INFO  impl.RoleInfo (RoleInfo.java:shutdownLeaderElection(134)) - 406c90ca-93e0-4c35-9202-d1a6c1200adf: shutdown LeaderElection
2020-08-11 10:22:24,460 [406c90ca-93e0-4c35-9202-d1a6c1200adf@group-14F6F6330515-LeaderElection50] INFO  impl.RaftServerImpl (RaftServerImpl.java:setRole(185)) - 406c90ca-93e0-4c35-9202-d1a6c1200adf@group-14F6F6330515: changes role from CANDIDATE to LEADER at term 1 for changeToLeader
2020-08-11 10:22:24,460 [406c90ca-93e0-4c35-9202-d1a6c1200adf@group-14F6F6330515-LeaderElection50] INFO  ratis.XceiverServerRatis (XceiverServerRatis.java:handleLeaderChangedNotification(822)) - Leader change notification received for group: group-14F6F6330515 with new leaderId: 406c90ca-93e0-4c35-9202-d1a6c1200adf
2020-08-11 10:22:24,460 [406c90ca-93e0-4c35-9202-d1a6c1200adf@group-14F6F6330515-LeaderElection50] INFO  impl.RaftServerImpl (ServerState.java:setLeader(255)) - 406c90ca-93e0-4c35-9202-d1a6c1200adf@group-14F6F6330515: change Leader from null to 406c90ca-93e0-4c35-9202-d1a6c1200adf at term 1 for becomeLeader, leader elected after 5128ms
2020-08-11 10:22:24,460 [406c90ca-93e0-4c35-9202-d1a6c1200adf@group-14F6F6330515-LeaderElection50] INFO  server.RaftServerConfigKeys (ConfUtils.java:logGet(44)) - raft.server.staging.catchup.gap = 1000 (default)
2020-08-11 10:22:24,460 [406c90ca-93e0-4c35-9202-d1a6c1200adf@group-14F6F6330515-LeaderElection50] INFO  server.RaftServerConfigKeys (ConfUtils.java:logGet(44)) - raft.server.rpc.sleep.time = 25ms (default)
2020-08-11 10:22:24,459 [Thread-1640] INFO  impl.FollowerState (FollowerState.java:run(117)) - 8c118799-e191-4e7e-ab0c-0c1f4e4855fe@group-14F6F6330515-FollowerState was interrupted: java.lang.InterruptedException: sleep interrupted
2020-08-11 10:22:24,460 [Datanode State Machine Thread - 0] WARN  statemachine.DatanodeStateMachine (DatanodeStateMachine.java:start(245)) - Interrupt the execution.
java.lang.InterruptedException: sleep interrupted
	at java.lang.Thread.sleep(Native Method)
	at org.apache.hadoop.ozone.container.common.statemachine.DatanodeStateMachine.start(DatanodeStateMachine.java:243)
	at org.apache.hadoop.ozone.container.common.statemachine.DatanodeStateMachine.lambda$startDaemon$0(DatanodeStateMachine.java:405)
	at java.lang.Thread.run(Thread.java:748)
2020-08-11 10:22:24,461 [406c90ca-93e0-4c35-9202-d1a6c1200adf@group-14F6F6330515-LeaderElection50] INFO  metrics.RatisMetrics (RatisMetrics.java:lambda$create$0(36)) - Creating Metrics Registry : ratis.log_appender.406c90ca-93e0-4c35-9202-d1a6c1200adf@group-14F6F6330515
2020-08-11 10:22:24,461 [406c90ca-93e0-4c35-9202-d1a6c1200adf@group-14F6F6330515-LeaderElection50] INFO  server.RaftServerConfigKeys (ConfUtils.java:logGet(44)) - raft.server.write.element-limit = 1024 (custom)
2020-08-11 10:22:24,461 [406c90ca-93e0-4c35-9202-d1a6c1200adf@group-14F6F6330515-LeaderElection50] INFO  server.RaftServerConfigKeys (ConfUtils.java:logGet(44)) - raft.server.write.byte-limit = 1073741824 (custom)
2020-08-11 10:22:24,462 [406c90ca-93e0-4c35-9202-d1a6c1200adf@group-14F6F6330515-LeaderElection50] INFO  server.RaftServerConfigKeys (ConfUtils.java:logGet(44)) - raft.server.watch.timeout = 3000ms (custom)
2020-08-11 10:22:24,462 [406c90ca-93e0-4c35-9202-d1a6c1200adf@group-14F6F6330515-LeaderElection50] INFO  server.RaftServerConfigKeys (ConfUtils.java:logGet(44)) - raft.server.watch.timeout.denomination = 1s (default)
2020-08-11 10:22:24,462 [406c90ca-93e0-4c35-9202-d1a6c1200adf@group-14F6F6330515-LeaderElection50] INFO  server.RaftServerConfigKeys (ConfUtils.java:logGet(44)) - raft.server.watch.element-limit = 65536 (default)
2020-08-11 10:22:24,462 [406c90ca-93e0-4c35-9202-d1a6c1200adf@group-14F6F6330515-LeaderElection50] INFO  server.RaftServerConfigKeys (ConfUtils.java:logGet(44)) - raft.server.log.appender.snapshot.chunk.size.max = 16MB (=16777216) (default)
2020-08-11 10:22:24,462 [406c90ca-93e0-4c35-9202-d1a6c1200adf@group-14F6F6330515-LeaderElection50] INFO  server.RaftServerConfigKeys (ConfUtils.java:logGet(44)) - raft.server.log.appender.buffer.byte-limit = 33554432 (custom)
2020-08-11 10:22:24,462 [406c90ca-93e0-4c35-9202-d1a6c1200adf@group-14F6F6330515-LeaderElection50] INFO  server.RaftServerConfigKeys (ConfUtils.java:logGet(44)) - raft.server.log.appender.buffer.element-limit = 1 (custom)
2020-08-11 10:22:24,462 [406c90ca-93e0-4c35-9202-d1a6c1200adf@group-14F6F6330515-LeaderElection50] INFO  grpc.GrpcConfigKeys (ConfUtils.java:logGet(44)) - raft.grpc.server.leader.outstanding.appends.max = 128 (default)
2020-08-11 10:22:24,462 [406c90ca-93e0-4c35-9202-d1a6c1200adf@group-14F6F6330515-LeaderElection50] INFO  server.RaftServerConfigKeys (ConfUtils.java:logGet(44)) - raft.server.rpc.request.timeout = 3000ms (default)
2020-08-11 10:22:24,462 [406c90ca-93e0-4c35-9202-d1a6c1200adf@group-14F6F6330515-LeaderElection50] INFO  server.RaftServerConfigKeys (ConfUtils.java:logGet(44)) - raft.server.log.appender.install.snapshot.enabled = false (custom)
2020-08-11 10:22:24,462 [406c90ca-93e0-4c35-9202-d1a6c1200adf@group-14F6F6330515-LeaderElection50] INFO  metrics.RatisMetrics (RatisMetrics.java:lambda$create$0(36)) - Creating Metrics Registry : ratis_grpc.log_appender.406c90ca-93e0-4c35-9202-d1a6c1200adf@group-14F6F6330515
2020-08-11 10:22:24,463 [EventQueue-PipelineReportForPipelineReportHandler] INFO  pipeline.PipelineStateManager (PipelineStateManager.java:openPipeline(131)) - Pipeline Pipeline[ Id: 57316020-1602-4716-8c19-14f6f6330515, Nodes: 8c118799-e191-4e7e-ab0c-0c1f4e4855fe{ip: 172.17.0.2, host: 5c5695bd1bfd, networkLocation: /default-rack, certSerialId: null}733040ef-1be9-4bd5-8407-b94c2bc1538c{ip: 172.17.0.2, host: 5c5695bd1bfd, networkLocation: /default-rack, certSerialId: null}406c90ca-93e0-4c35-9202-d1a6c1200adf{ip: 172.17.0.2, host: 5c5695bd1bfd, networkLocation: /default-rack, certSerialId: null}, Type:RATIS, Factor:THREE, State:ALLOCATED, leaderId:406c90ca-93e0-4c35-9202-d1a6c1200adf, CreationTimestamp2020-08-11T10:22:16.563Z] moved to OPEN state
2020-08-11 10:22:24,463 [EventQueue-OpenPipelineForOneReplicaPipelineSafeModeRule] INFO  safemode.SCMSafeModeManager (SCMSafeModeManager.java:validateSafeModeExitRules(214)) - AtleastOneDatanodeReportedRule rule is successfully validated
2020-08-11 10:22:24,463 [EventQueue-OpenPipelineForHealthyPipelineSafeModeRule] INFO  safemode.SCMSafeModeManager (HealthyPipelineSafeModeRule.java:process(129)) - SCM in safe mode. Healthy pipelines reported count is 1, required healthy pipeline reported count is 1
2020-08-11 10:22:24,466 [EventQueue-OpenPipelineForHealthyPipelineSafeModeRule] INFO  safemode.SCMSafeModeManager (SCMSafeModeManager.java:validateSafeModeExitRules(214)) - HealthyPipelineSafeModeRule rule is successfully validated
2020-08-11 10:22:24,466 [EventQueue-OpenPipelineForHealthyPipelineSafeModeRule] INFO  safemode.SCMSafeModeManager (SCMSafeModeManager.java:validateSafeModeExitRules(228)) - ScmSafeModeManager, all rules are successfully validated
2020-08-11 10:22:24,466 [EventQueue-OpenPipelineForHealthyPipelineSafeModeRule] INFO  safemode.SCMSafeModeManager (SCMSafeModeManager.java:exitSafeMode(257)) - SCM exiting safe mode.
2020-08-11 10:22:24,465 [406c90ca-93e0-4c35-9202-d1a6c1200adf@group-14F6F6330515-LeaderElection50] INFO  server.RaftServerConfigKeys (ConfUtils.java:logGet(44)) - raft.server.log.appender.snapshot.chunk.size.max = 16MB (=16777216) (default)
2020-08-11 10:22:24,466 [406c90ca-93e0-4c35-9202-d1a6c1200adf@group-14F6F6330515-LeaderElection50] INFO  server.RaftServerConfigKeys (ConfUtils.java:logGet(44)) - raft.server.log.appender.buffer.byte-limit = 33554432 (custom)
2020-08-11 10:22:24,466 [406c90ca-93e0-4c35-9202-d1a6c1200adf@group-14F6F6330515-LeaderElection50] INFO  server.RaftServerConfigKeys (ConfUtils.java:logGet(44)) - raft.server.log.appender.buffer.element-limit = 1 (custom)
2020-08-11 10:22:24,466 [406c90ca-93e0-4c35-9202-d1a6c1200adf@group-14F6F6330515-LeaderElection50] INFO  grpc.GrpcConfigKeys (ConfUtils.java:logGet(44)) - raft.grpc.server.leader.outstanding.appends.max = 128 (default)
2020-08-11 10:22:24,466 [406c90ca-93e0-4c35-9202-d1a6c1200adf@group-14F6F6330515-LeaderElection50] INFO  server.RaftServerConfigKeys (ConfUtils.java:logGet(44)) - raft.server.rpc.request.timeout = 3000ms (default)
2020-08-11 10:22:24,466 [406c90ca-93e0-4c35-9202-d1a6c1200adf@group-14F6F6330515-LeaderElection50] INFO  server.RaftServerConfigKeys (ConfUtils.java:logGet(44)) - raft.server.log.appender.install.snapshot.enabled = false (custom)
2020-08-11 10:22:24,468 [406c90ca-93e0-4c35-9202-d1a6c1200adf@group-14F6F6330515-LeaderElection50] INFO  impl.RoleInfo (RoleInfo.java:updateAndGet(143)) - 406c90ca-93e0-4c35-9202-d1a6c1200adf: start LeaderState
2020-08-11 10:22:24,469 [406c90ca-93e0-4c35-9202-d1a6c1200adf@group-14F6F6330515-LeaderElection50] INFO  segmented.SegmentedRaftLogWorker (SegmentedRaftLogWorker.java:startLogSegment(397)) - 406c90ca-93e0-4c35-9202-d1a6c1200adf@group-14F6F6330515-SegmentedRaftLogWorker: Starting segment from index:0
2020-08-11 10:22:24,471 [406c90ca-93e0-4c35-9202-d1a6c1200adf@group-14F6F6330515-LeaderElection50] INFO  impl.RaftServerImpl (ServerState.java:setRaftConf(356)) - 406c90ca-93e0-4c35-9202-d1a6c1200adf@group-14F6F6330515: set configuration 0: [8c118799-e191-4e7e-ab0c-0c1f4e4855fe:172.17.0.2:40537, 733040ef-1be9-4bd5-8407-b94c2bc1538c:172.17.0.2:41275, 406c90ca-93e0-4c35-9202-d1a6c1200adf:172.17.0.2:40871], old=null at 0
2020-08-11 10:22:24,472 [406c90ca-93e0-4c35-9202-d1a6c1200adf@group-14F6F6330515-SegmentedRaftLogWorker] INFO  segmented.SegmentedRaftLogWorker (SegmentedRaftLogWorker.java:execute(596)) - 406c90ca-93e0-4c35-9202-d1a6c1200adf@group-14F6F6330515-SegmentedRaftLogWorker: created new log segment /github/workspace/mnt/ozone/hadoop-ozone/integration-test/target/test-dir/MiniOzoneClusterImpl-8391e218-a55d-4210-9d4e-82a64144cc20/datanode-3/data/ratis/57316020-1602-4716-8c19-14f6f6330515/current/log_inprogress_0
2020-08-11 10:22:24,476 [grpc-default-executor-2] INFO  ratis.XceiverServerRatis (XceiverServerRatis.java:handleLeaderChangedNotification(822)) - Leader change notification received for group: group-14F6F6330515 with new leaderId: 406c90ca-93e0-4c35-9202-d1a6c1200adf
2020-08-11 10:22:24,476 [grpc-default-executor-2] INFO  impl.RaftServerImpl (ServerState.java:setLeader(255)) - 8c118799-e191-4e7e-ab0c-0c1f4e4855fe@group-14F6F6330515: change Leader from null to 406c90ca-93e0-4c35-9202-d1a6c1200adf at term 1 for appendEntries, leader elected after 5119ms
2020-08-11 10:22:24,480 [grpc-default-executor-1] INFO  impl.RaftServerImpl (ServerState.java:setRaftConf(356)) - 8c118799-e191-4e7e-ab0c-0c1f4e4855fe@group-14F6F6330515: set configuration 0: [8c118799-e191-4e7e-ab0c-0c1f4e4855fe:172.17.0.2:40537, 733040ef-1be9-4bd5-8407-b94c2bc1538c:172.17.0.2:41275, 406c90ca-93e0-4c35-9202-d1a6c1200adf:172.17.0.2:40871], old=null at 0
2020-08-11 10:22:24,480 [Thread-1646] INFO  impl.FollowerState (FollowerState.java:run(108)) - 8c118799-e191-4e7e-ab0c-0c1f4e4855fe@group-02EE26485F32-FollowerState: change to CANDIDATE, lastRpcTime:5030ms, electionTimeout:5030ms
2020-08-11 10:22:24,483 [grpc-default-executor-4] INFO  ratis.XceiverServerRatis (XceiverServerRatis.java:handleLeaderChangedNotification(822)) - Leader change notification received for group: group-14F6F6330515 with new leaderId: 406c90ca-93e0-4c35-9202-d1a6c1200adf
2020-08-11 10:22:24,483 [grpc-default-executor-4] INFO  impl.RaftServerImpl (ServerState.java:setLeader(255)) - 733040ef-1be9-4bd5-8407-b94c2bc1538c@group-14F6F6330515: change Leader from null to 406c90ca-93e0-4c35-9202-d1a6c1200adf at term 1 for appendEntries, leader elected after 5100ms
2020-08-11 10:22:24,484 [Thread-1646] INFO  impl.RoleInfo (RoleInfo.java:shutdownFollowerState(121)) - 8c118799-e191-4e7e-ab0c-0c1f4e4855fe: shutdown FollowerState
2020-08-11 10:22:24,484 [Thread-1646] INFO  impl.RaftServerImpl (RaftServerImpl.java:setRole(185)) - 8c118799-e191-4e7e-ab0c-0c1f4e4855fe@group-02EE26485F32: changes role from  FOLLOWER to CANDIDATE at term 0 for changeToCandidate
2020-08-11 10:22:24,484 [Thread-1646] INFO  impl.RoleInfo (RoleInfo.java:updateAndGet(143)) - 8c118799-e191-4e7e-ab0c-0c1f4e4855fe: start LeaderElection
2020-08-11 10:22:24,484 [grpc-default-executor-1] INFO  segmented.SegmentedRaftLogWorker (SegmentedRaftLogWorker.java:startLogSegment(397)) - 8c118799-e191-4e7e-ab0c-0c1f4e4855fe@group-14F6F6330515-SegmentedRaftLogWorker: Starting segment from index:0
2020-08-11 10:22:24,492 [8c118799-e191-4e7e-ab0c-0c1f4e4855fe@group-14F6F6330515-SegmentedRaftLogWorker] INFO  segmented.SegmentedRaftLogWorker (SegmentedRaftLogWorker.java:execute(596)) - 8c118799-e191-4e7e-ab0c-0c1f4e4855fe@group-14F6F6330515-SegmentedRaftLogWorker: created new log segment /github/workspace/mnt/ozone/hadoop-ozone/integration-test/target/test-dir/MiniOzoneClusterImpl-8391e218-a55d-4210-9d4e-82a64144cc20/datanode-4/data/ratis/57316020-1602-4716-8c19-14f6f6330515/current/log_inprogress_0
2020-08-11 10:22:24,493 [grpc-default-executor-4] INFO  impl.RaftServerImpl (ServerState.java:setRaftConf(356)) - 733040ef-1be9-4bd5-8407-b94c2bc1538c@group-14F6F6330515: set configuration 0: [8c118799-e191-4e7e-ab0c-0c1f4e4855fe:172.17.0.2:40537, 733040ef-1be9-4bd5-8407-b94c2bc1538c:172.17.0.2:41275, 406c90ca-93e0-4c35-9202-d1a6c1200adf:172.17.0.2:40871], old=null at 0
2020-08-11 10:22:24,500 [8c118799-e191-4e7e-ab0c-0c1f4e4855fe@group-02EE26485F32-LeaderElection51] INFO  impl.LeaderElection (LeaderElection.java:askForVotes(209)) - 8c118799-e191-4e7e-ab0c-0c1f4e4855fe@group-02EE26485F32-LeaderElection51: begin an election at term 1 for -1: [8c118799-e191-4e7e-ab0c-0c1f4e4855fe:172.17.0.2:40537], old=null
2020-08-11 10:22:24,501 [8c118799-e191-4e7e-ab0c-0c1f4e4855fe@group-02EE26485F32-LeaderElection51] INFO  impl.RoleInfo (RoleInfo.java:shutdownLeaderElection(134)) - 8c118799-e191-4e7e-ab0c-0c1f4e4855fe: shutdown LeaderElection
2020-08-11 10:22:24,501 [8c118799-e191-4e7e-ab0c-0c1f4e4855fe@group-02EE26485F32-LeaderElection51] INFO  impl.RaftServerImpl (RaftServerImpl.java:setRole(185)) - 8c118799-e191-4e7e-ab0c-0c1f4e4855fe@group-02EE26485F32: changes role from CANDIDATE to LEADER at term 1 for changeToLeader
2020-08-11 10:22:24,501 [8c118799-e191-4e7e-ab0c-0c1f4e4855fe@group-02EE26485F32-LeaderElection51] INFO  ratis.XceiverServerRatis (XceiverServerRatis.java:handleLeaderChangedNotification(822)) - Leader change notification received for group: group-02EE26485F32 with new leaderId: 8c118799-e191-4e7e-ab0c-0c1f4e4855fe
2020-08-11 10:22:24,501 [8c118799-e191-4e7e-ab0c-0c1f4e4855fe@group-02EE26485F32-LeaderElection51] INFO  impl.RaftServerImpl (ServerState.java:setLeader(255)) - 8c118799-e191-4e7e-ab0c-0c1f4e4855fe@group-02EE26485F32: change Leader from null to 8c118799-e191-4e7e-ab0c-0c1f4e4855fe at term 1 for becomeLeader, leader elected after 5059ms
2020-08-11 10:22:24,501 [Datanode State Machine Thread - 0] WARN  statemachine.DatanodeStateMachine (DatanodeStateMachine.java:start(245)) - Interrupt the execution.
java.lang.InterruptedException: sleep interrupted
	at java.lang.Thread.sleep(Native Method)
	at org.apache.hadoop.ozone.container.common.statemachine.DatanodeStateMachine.start(DatanodeStateMachine.java:243)
	at org.apache.hadoop.ozone.container.common.statemachine.DatanodeStateMachine.lambda$startDaemon$0(DatanodeStateMachine.java:405)
	at java.lang.Thread.run(Thread.java:748)
2020-08-11 10:22:24,501 [grpc-default-executor-4] INFO  segmented.SegmentedRaftLogWorker (SegmentedRaftLogWorker.java:startLogSegment(397)) - 733040ef-1be9-4bd5-8407-b94c2bc1538c@group-14F6F6330515-SegmentedRaftLogWorker: Starting segment from index:0
2020-08-11 10:22:24,502 [8c118799-e191-4e7e-ab0c-0c1f4e4855fe@group-02EE26485F32-LeaderElection51] INFO  server.RaftServerConfigKeys (ConfUtils.java:logGet(44)) - raft.server.staging.catchup.gap = 1000 (default)
2020-08-11 10:22:24,503 [8c118799-e191-4e7e-ab0c-0c1f4e4855fe@group-02EE26485F32-LeaderElection51] INFO  server.RaftServerConfigKeys (ConfUtils.java:logGet(44)) - raft.server.rpc.sleep.time = 25ms (default)
2020-08-11 10:22:24,503 [8c118799-e191-4e7e-ab0c-0c1f4e4855fe@group-02EE26485F32-LeaderElection51] INFO  metrics.RatisMetrics (RatisMetrics.java:lambda$create$0(36)) - Creating Metrics Registry : ratis.log_appender.8c118799-e191-4e7e-ab0c-0c1f4e4855fe@group-02EE26485F32
2020-08-11 10:22:24,503 [8c118799-e191-4e7e-ab0c-0c1f4e4855fe@group-02EE26485F32-LeaderElection51] INFO  server.RaftServerConfigKeys (ConfUtils.java:logGet(44)) - raft.server.write.element-limit = 1024 (custom)
2020-08-11 10:22:24,503 [8c118799-e191-4e7e-ab0c-0c1f4e4855fe@group-02EE26485F32-LeaderElection51] INFO  server.RaftServerConfigKeys (ConfUtils.java:logGet(44)) - raft.server.write.byte-limit = 1073741824 (custom)
2020-08-11 10:22:24,506 [8c118799-e191-4e7e-ab0c-0c1f4e4855fe@group-02EE26485F32-LeaderElection51] INFO  server.RaftServerConfigKeys (ConfUtils.java:logGet(44)) - raft.server.watch.timeout = 3000ms (custom)
2020-08-11 10:22:24,506 [8c118799-e191-4e7e-ab0c-0c1f4e4855fe@group-02EE26485F32-LeaderElection51] INFO  server.RaftServerConfigKeys (ConfUtils.java:logGet(44)) - raft.server.watch.timeout.denomination = 1s (default)
2020-08-11 10:22:24,506 [8c118799-e191-4e7e-ab0c-0c1f4e4855fe@group-02EE26485F32-LeaderElection51] INFO  server.RaftServerConfigKeys (ConfUtils.java:logGet(44)) - raft.server.watch.element-limit = 65536 (default)
2020-08-11 10:22:24,506 [8c118799-e191-4e7e-ab0c-0c1f4e4855fe@group-02EE26485F32-LeaderElection51] INFO  impl.RoleInfo (RoleInfo.java:updateAndGet(143)) - 8c118799-e191-4e7e-ab0c-0c1f4e4855fe: start LeaderState
2020-08-11 10:22:24,507 [733040ef-1be9-4bd5-8407-b94c2bc1538c@group-14F6F6330515-SegmentedRaftLogWorker] INFO  segmented.SegmentedRaftLogWorker (SegmentedRaftLogWorker.java:execute(596)) - 733040ef-1be9-4bd5-8407-b94c2bc1538c@group-14F6F6330515-SegmentedRaftLogWorker: created new log segment /github/workspace/mnt/ozone/hadoop-ozone/integration-test/target/test-dir/MiniOzoneClusterImpl-8391e218-a55d-4210-9d4e-82a64144cc20/datanode-5/data/ratis/57316020-1602-4716-8c19-14f6f6330515/current/log_inprogress_0
2020-08-11 10:22:24,508 [8c118799-e191-4e7e-ab0c-0c1f4e4855fe@group-02EE26485F32-LeaderElection51] INFO  segmented.SegmentedRaftLogWorker (SegmentedRaftLogWorker.java:startLogSegment(397)) - 8c118799-e191-4e7e-ab0c-0c1f4e4855fe@group-02EE26485F32-SegmentedRaftLogWorker: Starting segment from index:0
2020-08-11 10:22:24,508 [8c118799-e191-4e7e-ab0c-0c1f4e4855fe@group-02EE26485F32-LeaderElection51] INFO  impl.RaftServerImpl (ServerState.java:setRaftConf(356)) - 8c118799-e191-4e7e-ab0c-0c1f4e4855fe@group-02EE26485F32: set configuration 0: [8c118799-e191-4e7e-ab0c-0c1f4e4855fe:172.17.0.2:40537], old=null at 0
2020-08-11 10:22:24,509 [8c118799-e191-4e7e-ab0c-0c1f4e4855fe@group-02EE26485F32-SegmentedRaftLogWorker] INFO  segmented.SegmentedRaftLogWorker (SegmentedRaftLogWorker.java:execute(596)) - 8c118799-e191-4e7e-ab0c-0c1f4e4855fe@group-02EE26485F32-SegmentedRaftLogWorker: created new log segment /github/workspace/mnt/ozone/hadoop-ozone/integration-test/target/test-dir/MiniOzoneClusterImpl-8391e218-a55d-4210-9d4e-82a64144cc20/datanode-4/data/ratis/3a6f4b9e-d30b-46b5-ba69-02ee26485f32/current/log_inprogress_0
2020-08-11 10:22:24,719 [Thread-1650] INFO  impl.FollowerState (FollowerState.java:run(108)) - a40e82d7-9af1-4aed-a8c0-412ae681934d@group-2A8656F9C27E-FollowerState: change to CANDIDATE, lastRpcTime:5017ms, electionTimeout:5016ms
2020-08-11 10:22:24,719 [Thread-1650] INFO  impl.RoleInfo (RoleInfo.java:shutdownFollowerState(121)) - a40e82d7-9af1-4aed-a8c0-412ae681934d: shutdown FollowerState
2020-08-11 10:22:24,720 [Thread-1650] INFO  impl.RaftServerImpl (RaftServerImpl.java:setRole(185)) - a40e82d7-9af1-4aed-a8c0-412ae681934d@group-2A8656F9C27E: changes role from  FOLLOWER to CANDIDATE at term 0 for changeToCandidate
2020-08-11 10:22:24,720 [Thread-1650] INFO  impl.RoleInfo (RoleInfo.java:updateAndGet(143)) - a40e82d7-9af1-4aed-a8c0-412ae681934d: start LeaderElection
2020-08-11 10:22:24,724 [a40e82d7-9af1-4aed-a8c0-412ae681934d@group-2A8656F9C27E-LeaderElection52] INFO  impl.LeaderElection (LeaderElection.java:askForVotes(209)) - a40e82d7-9af1-4aed-a8c0-412ae681934d@group-2A8656F9C27E-LeaderElection52: begin an election at term 1 for -1: [a40e82d7-9af1-4aed-a8c0-412ae681934d:172.17.0.2:34423], old=null
2020-08-11 10:22:24,724 [a40e82d7-9af1-4aed-a8c0-412ae681934d@group-2A8656F9C27E-LeaderElection52] INFO  impl.RoleInfo (RoleInfo.java:shutdownLeaderElection(134)) - a40e82d7-9af1-4aed-a8c0-412ae681934d: shutdown LeaderElection
2020-08-11 10:22:24,724 [a40e82d7-9af1-4aed-a8c0-412ae681934d@group-2A8656F9C27E-LeaderElection52] INFO  impl.RaftServerImpl (RaftServerImpl.java:setRole(185)) - a40e82d7-9af1-4aed-a8c0-412ae681934d@group-2A8656F9C27E: changes role from CANDIDATE to LEADER at term 1 for changeToLeader
2020-08-11 10:22:24,724 [a40e82d7-9af1-4aed-a8c0-412ae681934d@group-2A8656F9C27E-LeaderElection52] INFO  ratis.XceiverServerRatis (XceiverServerRatis.java:handleLeaderChangedNotification(822)) - Leader change notification received for group: group-2A8656F9C27E with new leaderId: a40e82d7-9af1-4aed-a8c0-412ae681934d
2020-08-11 10:22:24,724 [a40e82d7-9af1-4aed-a8c0-412ae681934d@group-2A8656F9C27E-LeaderElection52] INFO  impl.RaftServerImpl (ServerState.java:setLeader(255)) - a40e82d7-9af1-4aed-a8c0-412ae681934d@group-2A8656F9C27E: change Leader from null to a40e82d7-9af1-4aed-a8c0-412ae681934d at term 1 for becomeLeader, leader elected after 5032ms
2020-08-11 10:22:24,724 [Datanode State Machine Thread - 0] WARN  statemachine.DatanodeStateMachine (DatanodeStateMachine.java:start(245)) - Interrupt the execution.
java.lang.InterruptedException: sleep interrupted
	at java.lang.Thread.sleep(Native Method)
	at org.apache.hadoop.ozone.container.common.statemachine.DatanodeStateMachine.start(DatanodeStateMachine.java:243)
	at org.apache.hadoop.ozone.container.common.statemachine.DatanodeStateMachine.lambda$startDaemon$0(DatanodeStateMachine.java:405)
	at java.lang.Thread.run(Thread.java:748)
2020-08-11 10:22:24,725 [a40e82d7-9af1-4aed-a8c0-412ae681934d@group-2A8656F9C27E-LeaderElection52] INFO  server.RaftServerConfigKeys (ConfUtils.java:logGet(44)) - raft.server.staging.catchup.gap = 1000 (default)
2020-08-11 10:22:24,729 [a40e82d7-9af1-4aed-a8c0-412ae681934d@group-2A8656F9C27E-LeaderElection52] INFO  server.RaftServerConfigKeys (ConfUtils.java:logGet(44)) - raft.server.rpc.sleep.time = 25ms (default)
2020-08-11 10:22:24,729 [a40e82d7-9af1-4aed-a8c0-412ae681934d@group-2A8656F9C27E-LeaderElection52] INFO  metrics.RatisMetrics (RatisMetrics.java:lambda$create$0(36)) - Creating Metrics Registry : ratis.log_appender.a40e82d7-9af1-4aed-a8c0-412ae681934d@group-2A8656F9C27E
2020-08-11 10:22:24,729 [a40e82d7-9af1-4aed-a8c0-412ae681934d@group-2A8656F9C27E-LeaderElection52] INFO  server.RaftServerConfigKeys (ConfUtils.java:logGet(44)) - raft.server.write.element-limit = 1024 (custom)
2020-08-11 10:22:24,730 [a40e82d7-9af1-4aed-a8c0-412ae681934d@group-2A8656F9C27E-LeaderElection52] INFO  server.RaftServerConfigKeys (ConfUtils.java:logGet(44)) - raft.server.write.byte-limit = 1073741824 (custom)
2020-08-11 10:22:24,730 [a40e82d7-9af1-4aed-a8c0-412ae681934d@group-2A8656F9C27E-LeaderElection52] INFO  server.RaftServerConfigKeys (ConfUtils.java:logGet(44)) - raft.server.watch.timeout = 3000ms (custom)
2020-08-11 10:22:24,730 [a40e82d7-9af1-4aed-a8c0-412ae681934d@group-2A8656F9C27E-LeaderElection52] INFO  server.RaftServerConfigKeys (ConfUtils.java:logGet(44)) - raft.server.watch.timeout.denomination = 1s (default)
2020-08-11 10:22:24,730 [a40e82d7-9af1-4aed-a8c0-412ae681934d@group-2A8656F9C27E-LeaderElection52] INFO  server.RaftServerConfigKeys (ConfUtils.java:logGet(44)) - raft.server.watch.element-limit = 65536 (default)
2020-08-11 10:22:24,730 [a40e82d7-9af1-4aed-a8c0-412ae681934d@group-2A8656F9C27E-LeaderElection52] INFO  impl.RoleInfo (RoleInfo.java:updateAndGet(143)) - a40e82d7-9af1-4aed-a8c0-412ae681934d: start LeaderState
2020-08-11 10:22:24,731 [a40e82d7-9af1-4aed-a8c0-412ae681934d@group-2A8656F9C27E-LeaderElection52] INFO  segmented.SegmentedRaftLogWorker (SegmentedRaftLogWorker.java:startLogSegment(397)) - a40e82d7-9af1-4aed-a8c0-412ae681934d@group-2A8656F9C27E-SegmentedRaftLogWorker: Starting segment from index:0
2020-08-11 10:22:24,731 [a40e82d7-9af1-4aed-a8c0-412ae681934d@group-2A8656F9C27E-LeaderElection52] INFO  impl.RaftServerImpl (ServerState.java:setRaftConf(356)) - a40e82d7-9af1-4aed-a8c0-412ae681934d@group-2A8656F9C27E: set configuration 0: [a40e82d7-9af1-4aed-a8c0-412ae681934d:172.17.0.2:34423], old=null at 0
2020-08-11 10:22:24,732 [a40e82d7-9af1-4aed-a8c0-412ae681934d@group-2A8656F9C27E-SegmentedRaftLogWorker] INFO  segmented.SegmentedRaftLogWorker (SegmentedRaftLogWorker.java:execute(596)) - a40e82d7-9af1-4aed-a8c0-412ae681934d@group-2A8656F9C27E-SegmentedRaftLogWorker: created new log segment /github/workspace/mnt/ozone/hadoop-ozone/integration-test/target/test-dir/MiniOzoneClusterImpl-8391e218-a55d-4210-9d4e-82a64144cc20/datanode-6/data/ratis/bf751c2a-1097-4d64-a01e-2a8656f9c27e/current/log_inprogress_0
2020-08-11 10:22:24,754 [Thread-1648] INFO  impl.FollowerState (FollowerState.java:run(108)) - 733040ef-1be9-4bd5-8407-b94c2bc1538c@group-0FB66349B952-FollowerState: change to CANDIDATE, lastRpcTime:5186ms, electionTimeout:5186ms
2020-08-11 10:22:24,755 [Thread-1648] INFO  impl.RoleInfo (RoleInfo.java:shutdownFollowerState(121)) - 733040ef-1be9-4bd5-8407-b94c2bc1538c: shutdown FollowerState
2020-08-11 10:22:24,755 [Thread-1648] INFO  impl.RaftServerImpl (RaftServerImpl.java:setRole(185)) - 733040ef-1be9-4bd5-8407-b94c2bc1538c@group-0FB66349B952: changes role from  FOLLOWER to CANDIDATE at term 0 for changeToCandidate
2020-08-11 10:22:24,755 [Thread-1648] INFO  impl.RoleInfo (RoleInfo.java:updateAndGet(143)) - 733040ef-1be9-4bd5-8407-b94c2bc1538c: start LeaderElection
2020-08-11 10:22:24,758 [733040ef-1be9-4bd5-8407-b94c2bc1538c@group-0FB66349B952-LeaderElection53] INFO  impl.LeaderElection (LeaderElection.java:askForVotes(209)) - 733040ef-1be9-4bd5-8407-b94c2bc1538c@group-0FB66349B952-LeaderElection53: begin an election at term 1 for -1: [733040ef-1be9-4bd5-8407-b94c2bc1538c:172.17.0.2:41275], old=null
2020-08-11 10:22:24,758 [733040ef-1be9-4bd5-8407-b94c2bc1538c@group-0FB66349B952-LeaderElection53] INFO  impl.RoleInfo (RoleInfo.java:shutdownLeaderElection(134)) - 733040ef-1be9-4bd5-8407-b94c2bc1538c: shutdown LeaderElection
2020-08-11 10:22:24,758 [733040ef-1be9-4bd5-8407-b94c2bc1538c@group-0FB66349B952-LeaderElection53] INFO  impl.RaftServerImpl (RaftServerImpl.java:setRole(185)) - 733040ef-1be9-4bd5-8407-b94c2bc1538c@group-0FB66349B952: changes role from CANDIDATE to LEADER at term 1 for changeToLeader
2020-08-11 10:22:24,758 [733040ef-1be9-4bd5-8407-b94c2bc1538c@group-0FB66349B952-LeaderElection53] INFO  ratis.XceiverServerRatis (XceiverServerRatis.java:handleLeaderChangedNotification(822)) - Leader change notification received for group: group-0FB66349B952 with new leaderId: 733040ef-1be9-4bd5-8407-b94c2bc1538c
2020-08-11 10:22:24,759 [733040ef-1be9-4bd5-8407-b94c2bc1538c@group-0FB66349B952-LeaderElection53] INFO  impl.RaftServerImpl (ServerState.java:setLeader(255)) - 733040ef-1be9-4bd5-8407-b94c2bc1538c@group-0FB66349B952: change Leader from null to 733040ef-1be9-4bd5-8407-b94c2bc1538c at term 1 for becomeLeader, leader elected after 5197ms
2020-08-11 10:22:24,759 [Datanode State Machine Thread - 0] WARN  statemachine.DatanodeStateMachine (DatanodeStateMachine.java:start(245)) - Interrupt the execution.
java.lang.InterruptedException: sleep interrupted
	at java.lang.Thread.sleep(Native Method)
	at org.apache.hadoop.ozone.container.common.statemachine.DatanodeStateMachine.start(DatanodeStateMachine.java:243)
	at org.apache.hadoop.ozone.container.common.statemachine.DatanodeStateMachine.lambda$startDaemon$0(DatanodeStateMachine.java:405)
	at java.lang.Thread.run(Thread.java:748)
2020-08-11 10:22:24,759 [733040ef-1be9-4bd5-8407-b94c2bc1538c@group-0FB66349B952-LeaderElection53] INFO  server.RaftServerConfigKeys (ConfUtils.java:logGet(44)) - raft.server.staging.catchup.gap = 1000 (default)
2020-08-11 10:22:24,760 [733040ef-1be9-4bd5-8407-b94c2bc1538c@group-0FB66349B952-LeaderElection53] INFO  server.RaftServerConfigKeys (ConfUtils.java:logGet(44)) - raft.server.rpc.sleep.time = 25ms (default)
2020-08-11 10:22:24,760 [733040ef-1be9-4bd5-8407-b94c2bc1538c@group-0FB66349B952-LeaderElection53] INFO  metrics.RatisMetrics (RatisMetrics.java:lambda$create$0(36)) - Creating Metrics Registry : ratis.log_appender.733040ef-1be9-4bd5-8407-b94c2bc1538c@group-0FB66349B952
2020-08-11 10:22:24,760 [733040ef-1be9-4bd5-8407-b94c2bc1538c@group-0FB66349B952-LeaderElection53] INFO  server.RaftServerConfigKeys (ConfUtils.java:logGet(44)) - raft.server.write.element-limit = 1024 (custom)
2020-08-11 10:22:24,760 [733040ef-1be9-4bd5-8407-b94c2bc1538c@group-0FB66349B952-LeaderElection53] INFO  server.RaftServerConfigKeys (ConfUtils.java:logGet(44)) - raft.server.write.byte-limit = 1073741824 (custom)
2020-08-11 10:22:24,761 [733040ef-1be9-4bd5-8407-b94c2bc1538c@group-0FB66349B952-LeaderElection53] INFO  server.RaftServerConfigKeys (ConfUtils.java:logGet(44)) - raft.server.watch.timeout = 3000ms (custom)
2020-08-11 10:22:24,761 [733040ef-1be9-4bd5-8407-b94c2bc1538c@group-0FB66349B952-LeaderElection53] INFO  server.RaftServerConfigKeys (ConfUtils.java:logGet(44)) - raft.server.watch.timeout.denomination = 1s (default)
2020-08-11 10:22:24,761 [733040ef-1be9-4bd5-8407-b94c2bc1538c@group-0FB66349B952-LeaderElection53] INFO  server.RaftServerConfigKeys (ConfUtils.java:logGet(44)) - raft.server.watch.element-limit = 65536 (default)
2020-08-11 10:22:24,761 [733040ef-1be9-4bd5-8407-b94c2bc1538c@group-0FB66349B952-LeaderElection53] INFO  impl.RoleInfo (RoleInfo.java:updateAndGet(143)) - 733040ef-1be9-4bd5-8407-b94c2bc1538c: start LeaderState
2020-08-11 10:22:24,762 [733040ef-1be9-4bd5-8407-b94c2bc1538c@group-0FB66349B952-LeaderElection53] INFO  segmented.SegmentedRaftLogWorker (SegmentedRaftLogWorker.java:startLogSegment(397)) - 733040ef-1be9-4bd5-8407-b94c2bc1538c@group-0FB66349B952-SegmentedRaftLogWorker: Starting segment from index:0
2020-08-11 10:22:24,763 [733040ef-1be9-4bd5-8407-b94c2bc1538c@group-0FB66349B952-LeaderElection53] INFO  impl.RaftServerImpl (ServerState.java:setRaftConf(356)) - 733040ef-1be9-4bd5-8407-b94c2bc1538c@group-0FB66349B952: set configuration 0: [733040ef-1be9-4bd5-8407-b94c2bc1538c:172.17.0.2:41275], old=null at 0
2020-08-11 10:22:24,763 [733040ef-1be9-4bd5-8407-b94c2bc1538c@group-0FB66349B952-SegmentedRaftLogWorker] INFO  segmented.SegmentedRaftLogWorker (SegmentedRaftLogWorker.java:execute(596)) - 733040ef-1be9-4bd5-8407-b94c2bc1538c@group-0FB66349B952-SegmentedRaftLogWorker: created new log segment /github/workspace/mnt/ozone/hadoop-ozone/integration-test/target/test-dir/MiniOzoneClusterImpl-8391e218-a55d-4210-9d4e-82a64144cc20/datanode-5/data/ratis/d0f18e90-7320-4b3f-869e-0fb66349b952/current/log_inprogress_0
2020-08-11 10:22:24,808 [Thread-1654] INFO  impl.FollowerState (FollowerState.java:run(108)) - ca417779-88b3-4dc1-a56d-e28a15aec768@group-4936644038FC-FollowerState: change to CANDIDATE, lastRpcTime:5070ms, electionTimeout:5070ms
2020-08-11 10:22:24,809 [Thread-1654] INFO  impl.RoleInfo (RoleInfo.java:shutdownFollowerState(121)) - ca417779-88b3-4dc1-a56d-e28a15aec768: shutdown FollowerState
2020-08-11 10:22:24,809 [Thread-1654] INFO  impl.RaftServerImpl (RaftServerImpl.java:setRole(185)) - ca417779-88b3-4dc1-a56d-e28a15aec768@group-4936644038FC: changes role from  FOLLOWER to CANDIDATE at term 0 for changeToCandidate
2020-08-11 10:22:24,809 [Thread-1654] INFO  impl.RoleInfo (RoleInfo.java:updateAndGet(143)) - ca417779-88b3-4dc1-a56d-e28a15aec768: start LeaderElection
2020-08-11 10:22:24,813 [ca417779-88b3-4dc1-a56d-e28a15aec768@group-4936644038FC-LeaderElection54] INFO  impl.LeaderElection (LeaderElection.java:askForVotes(209)) - ca417779-88b3-4dc1-a56d-e28a15aec768@group-4936644038FC-LeaderElection54: begin an election at term 1 for -1: [ca417779-88b3-4dc1-a56d-e28a15aec768:172.17.0.2:39865, 8e0471e9-03e2-4e0b-80e1-583d5c951362:172.17.0.2:42433, a40e82d7-9af1-4aed-a8c0-412ae681934d:172.17.0.2:34423], old=null
2020-08-11 10:22:24,821 [Thread-1652] INFO  impl.FollowerState (FollowerState.java:run(108)) - a40e82d7-9af1-4aed-a8c0-412ae681934d@group-4936644038FC-FollowerState: change to CANDIDATE, lastRpcTime:5105ms, electionTimeout:5105ms
2020-08-11 10:22:24,821 [Thread-1652] INFO  impl.RoleInfo (RoleInfo.java:shutdownFollowerState(121)) - a40e82d7-9af1-4aed-a8c0-412ae681934d: shutdown FollowerState
2020-08-11 10:22:24,821 [Thread-1652] INFO  impl.RaftServerImpl (RaftServerImpl.java:setRole(185)) - a40e82d7-9af1-4aed-a8c0-412ae681934d@group-4936644038FC: changes role from  FOLLOWER to CANDIDATE at term 0 for changeToCandidate
2020-08-11 10:22:24,821 [Thread-1652] INFO  impl.RoleInfo (RoleInfo.java:updateAndGet(143)) - a40e82d7-9af1-4aed-a8c0-412ae681934d: start LeaderElection
2020-08-11 10:22:24,833 [a40e82d7-9af1-4aed-a8c0-412ae681934d@group-4936644038FC-LeaderElection55] INFO  impl.LeaderElection (LeaderElection.java:askForVotes(209)) - a40e82d7-9af1-4aed-a8c0-412ae681934d@group-4936644038FC-LeaderElection55: begin an election at term 1 for -1: [ca417779-88b3-4dc1-a56d-e28a15aec768:172.17.0.2:39865, 8e0471e9-03e2-4e0b-80e1-583d5c951362:172.17.0.2:42433, a40e82d7-9af1-4aed-a8c0-412ae681934d:172.17.0.2:34423], old=null
2020-08-11 10:22:24,839 [grpc-default-executor-4] INFO  impl.RaftServerImpl (RaftServerImpl.java:setRole(185)) - 8e0471e9-03e2-4e0b-80e1-583d5c951362@group-4936644038FC: changes role from  FOLLOWER to FOLLOWER at term 1 for recognizeCandidate:ca417779-88b3-4dc1-a56d-e28a15aec768
2020-08-11 10:22:24,839 [grpc-default-executor-4] INFO  impl.RoleInfo (RoleInfo.java:shutdownFollowerState(121)) - 8e0471e9-03e2-4e0b-80e1-583d5c951362: shutdown FollowerState
2020-08-11 10:22:24,839 [grpc-default-executor-4] INFO  impl.RoleInfo (RoleInfo.java:updateAndGet(143)) - 8e0471e9-03e2-4e0b-80e1-583d5c951362: start FollowerState
2020-08-11 10:22:24,839 [Thread-1657] INFO  impl.FollowerState (FollowerState.java:run(117)) - 8e0471e9-03e2-4e0b-80e1-583d5c951362@group-4936644038FC-FollowerState was interrupted: java.lang.InterruptedException: sleep interrupted
2020-08-11 10:22:24,847 [ca417779-88b3-4dc1-a56d-e28a15aec768@group-4936644038FC-LeaderElection54] INFO  impl.LeaderElection (LeaderElection.java:logAndReturn(61)) - ca417779-88b3-4dc1-a56d-e28a15aec768@group-4936644038FC-LeaderElection54: Election PASSED; received 2 response(s) [ca417779-88b3-4dc1-a56d-e28a15aec768<-8e0471e9-03e2-4e0b-80e1-583d5c951362#0:OK-t1, ca417779-88b3-4dc1-a56d-e28a15aec768<-a40e82d7-9af1-4aed-a8c0-412ae681934d#0:FAIL-t1] and 0 exception(s); ca417779-88b3-4dc1-a56d-e28a15aec768@group-4936644038FC:t1, leader=null, voted=ca417779-88b3-4dc1-a56d-e28a15aec768, raftlog=ca417779-88b3-4dc1-a56d-e28a15aec768@group-4936644038FC-SegmentedRaftLog:OPENED:c-1,f-1,i0, conf=-1: [ca417779-88b3-4dc1-a56d-e28a15aec768:172.17.0.2:39865, 8e0471e9-03e2-4e0b-80e1-583d5c951362:172.17.0.2:42433, a40e82d7-9af1-4aed-a8c0-412ae681934d:172.17.0.2:34423], old=null
2020-08-11 10:22:24,847 [ca417779-88b3-4dc1-a56d-e28a15aec768@group-4936644038FC-LeaderElection54] INFO  impl.RoleInfo (RoleInfo.java:shutdownLeaderElection(134)) - ca417779-88b3-4dc1-a56d-e28a15aec768: shutdown LeaderElection
2020-08-11 10:22:24,847 [ca417779-88b3-4dc1-a56d-e28a15aec768@group-4936644038FC-LeaderElection54] INFO  impl.RaftServerImpl (RaftServerImpl.java:setRole(185)) - ca417779-88b3-4dc1-a56d-e28a15aec768@group-4936644038FC: changes role from CANDIDATE to LEADER at term 1 for changeToLeader
2020-08-11 10:22:24,847 [ca417779-88b3-4dc1-a56d-e28a15aec768@group-4936644038FC-LeaderElection54] INFO  ratis.XceiverServerRatis (XceiverServerRatis.java:handleLeaderChangedNotification(822)) - Leader change notification received for group: group-4936644038FC with new leaderId: ca417779-88b3-4dc1-a56d-e28a15aec768
2020-08-11 10:22:24,847 [ca417779-88b3-4dc1-a56d-e28a15aec768@group-4936644038FC-LeaderElection54] INFO  impl.RaftServerImpl (ServerState.java:setLeader(255)) - ca417779-88b3-4dc1-a56d-e28a15aec768@group-4936644038FC: change Leader from null to ca417779-88b3-4dc1-a56d-e28a15aec768 at term 1 for becomeLeader, leader elected after 5117ms
2020-08-11 10:22:24,848 [Datanode State Machine Thread - 0] WARN  statemachine.DatanodeStateMachine (DatanodeStateMachine.java:start(245)) - Interrupt the execution.
java.lang.InterruptedException: sleep interrupted
	at java.lang.Thread.sleep(Native Method)
	at org.apache.hadoop.ozone.container.common.statemachine.DatanodeStateMachine.start(DatanodeStateMachine.java:243)
	at org.apache.hadoop.ozone.container.common.statemachine.DatanodeStateMachine.lambda$startDaemon$0(DatanodeStateMachine.java:405)
	at java.lang.Thread.run(Thread.java:748)
2020-08-11 10:22:24,849 [ca417779-88b3-4dc1-a56d-e28a15aec768@group-4936644038FC-LeaderElection54] INFO  server.RaftServerConfigKeys (ConfUtils.java:logGet(44)) - raft.server.staging.catchup.gap = 1000 (default)
2020-08-11 10:22:24,849 [ca417779-88b3-4dc1-a56d-e28a15aec768@group-4936644038FC-LeaderElection54] INFO  server.RaftServerConfigKeys (ConfUtils.java:logGet(44)) - raft.server.rpc.sleep.time = 25ms (default)
2020-08-11 10:22:24,849 [ca417779-88b3-4dc1-a56d-e28a15aec768@group-4936644038FC-LeaderElection54] INFO  metrics.RatisMetrics (RatisMetrics.java:lambda$create$0(36)) - Creating Metrics Registry : ratis.log_appender.ca417779-88b3-4dc1-a56d-e28a15aec768@group-4936644038FC
2020-08-11 10:22:24,850 [ca417779-88b3-4dc1-a56d-e28a15aec768@group-4936644038FC-LeaderElection54] INFO  server.RaftServerConfigKeys (ConfUtils.java:logGet(44)) - raft.server.write.element-limit = 1024 (custom)
2020-08-11 10:22:24,850 [ca417779-88b3-4dc1-a56d-e28a15aec768@group-4936644038FC-LeaderElection54] INFO  server.RaftServerConfigKeys (ConfUtils.java:logGet(44)) - raft.server.write.byte-limit = 1073741824 (custom)
2020-08-11 10:22:24,850 [ca417779-88b3-4dc1-a56d-e28a15aec768@group-4936644038FC-LeaderElection54] INFO  server.RaftServerConfigKeys (ConfUtils.java:logGet(44)) - raft.server.watch.timeout = 3000ms (custom)
2020-08-11 10:22:24,850 [ca417779-88b3-4dc1-a56d-e28a15aec768@group-4936644038FC-LeaderElection54] INFO  server.RaftServerConfigKeys (ConfUtils.java:logGet(44)) - raft.server.watch.timeout.denomination = 1s (default)
2020-08-11 10:22:24,850 [ca417779-88b3-4dc1-a56d-e28a15aec768@group-4936644038FC-LeaderElection54] INFO  server.RaftServerConfigKeys (ConfUtils.java:logGet(44)) - raft.server.watch.element-limit = 65536 (default)
2020-08-11 10:22:24,850 [ca417779-88b3-4dc1-a56d-e28a15aec768@group-4936644038FC-LeaderElection54] INFO  server.RaftServerConfigKeys (ConfUtils.java:logGet(44)) - raft.server.log.appender.snapshot.chunk.size.max = 16MB (=16777216) (default)
2020-08-11 10:22:24,850 [ca417779-88b3-4dc1-a56d-e28a15aec768@group-4936644038FC-LeaderElection54] INFO  server.RaftServerConfigKeys (ConfUtils.java:logGet(44)) - raft.server.log.appender.buffer.byte-limit = 33554432 (custom)
2020-08-11 10:22:24,851 [ca417779-88b3-4dc1-a56d-e28a15aec768@group-4936644038FC-LeaderElection54] INFO  server.RaftServerConfigKeys (ConfUtils.java:logGet(44)) - raft.server.log.appender.buffer.element-limit = 1 (custom)
2020-08-11 10:22:24,851 [ca417779-88b3-4dc1-a56d-e28a15aec768@group-4936644038FC-LeaderElection54] INFO  grpc.GrpcConfigKeys (ConfUtils.java:logGet(44)) - raft.grpc.server.leader.outstanding.appends.max = 128 (default)
2020-08-11 10:22:24,851 [ca417779-88b3-4dc1-a56d-e28a15aec768@group-4936644038FC-LeaderElection54] INFO  server.RaftServerConfigKeys (ConfUtils.java:logGet(44)) - raft.server.rpc.request.timeout = 3000ms (default)
2020-08-11 10:22:24,851 [ca417779-88b3-4dc1-a56d-e28a15aec768@group-4936644038FC-LeaderElection54] INFO  server.RaftServerConfigKeys (ConfUtils.java:logGet(44)) - raft.server.log.appender.install.snapshot.enabled = false (custom)
2020-08-11 10:22:24,851 [ca417779-88b3-4dc1-a56d-e28a15aec768@group-4936644038FC-LeaderElection54] INFO  metrics.RatisMetrics (RatisMetrics.java:lambda$create$0(36)) - Creating Metrics Registry : ratis_grpc.log_appender.ca417779-88b3-4dc1-a56d-e28a15aec768@group-4936644038FC
2020-08-11 10:22:24,852 [ca417779-88b3-4dc1-a56d-e28a15aec768@group-4936644038FC-LeaderElection54] INFO  server.RaftServerConfigKeys (ConfUtils.java:logGet(44)) - raft.server.log.appender.snapshot.chunk.size.max = 16MB (=16777216) (default)
2020-08-11 10:22:24,853 [ca417779-88b3-4dc1-a56d-e28a15aec768@group-4936644038FC-LeaderElection54] INFO  server.RaftServerConfigKeys (ConfUtils.java:logGet(44)) - raft.server.log.appender.buffer.byte-limit = 33554432 (custom)
2020-08-11 10:22:24,853 [ca417779-88b3-4dc1-a56d-e28a15aec768@group-4936644038FC-LeaderElection54] INFO  server.RaftServerConfigKeys (ConfUtils.java:logGet(44)) - raft.server.log.appender.buffer.element-limit = 1 (custom)
2020-08-11 10:22:24,853 [ca417779-88b3-4dc1-a56d-e28a15aec768@group-4936644038FC-LeaderElection54] INFO  grpc.GrpcConfigKeys (ConfUtils.java:logGet(44)) - raft.grpc.server.leader.outstanding.appends.max = 128 (default)
2020-08-11 10:22:24,853 [ca417779-88b3-4dc1-a56d-e28a15aec768@group-4936644038FC-LeaderElection54] INFO  server.RaftServerConfigKeys (ConfUtils.java:logGet(44)) - raft.server.rpc.request.timeout = 3000ms (default)
2020-08-11 10:22:24,853 [ca417779-88b3-4dc1-a56d-e28a15aec768@group-4936644038FC-LeaderElection54] INFO  server.RaftServerConfigKeys (ConfUtils.java:logGet(44)) - raft.server.log.appender.install.snapshot.enabled = false (custom)
2020-08-11 10:22:24,855 [ca417779-88b3-4dc1-a56d-e28a15aec768@group-4936644038FC-LeaderElection54] INFO  impl.RoleInfo (RoleInfo.java:updateAndGet(143)) - ca417779-88b3-4dc1-a56d-e28a15aec768: start LeaderState
2020-08-11 10:22:24,856 [ca417779-88b3-4dc1-a56d-e28a15aec768@group-4936644038FC-LeaderElection54] INFO  segmented.SegmentedRaftLogWorker (SegmentedRaftLogWorker.java:startLogSegment(397)) - ca417779-88b3-4dc1-a56d-e28a15aec768@group-4936644038FC-SegmentedRaftLogWorker: Starting segment from index:0
2020-08-11 10:22:24,857 [ca417779-88b3-4dc1-a56d-e28a15aec768@group-4936644038FC-LeaderElection54] INFO  impl.RaftServerImpl (ServerState.java:setRaftConf(356)) - ca417779-88b3-4dc1-a56d-e28a15aec768@group-4936644038FC: set configuration 0: [ca417779-88b3-4dc1-a56d-e28a15aec768:172.17.0.2:39865, 8e0471e9-03e2-4e0b-80e1-583d5c951362:172.17.0.2:42433, a40e82d7-9af1-4aed-a8c0-412ae681934d:172.17.0.2:34423], old=null at 0
2020-08-11 10:22:24,857 [EventQueue-PipelineReportForPipelineReportHandler] INFO  pipeline.PipelineStateManager (PipelineStateManager.java:openPipeline(131)) - Pipeline Pipeline[ Id: 1f22e5c4-89e1-473e-bf2e-4936644038fc, Nodes: a40e82d7-9af1-4aed-a8c0-412ae681934d{ip: 172.17.0.2, host: 5c5695bd1bfd, networkLocation: /default-rack, certSerialId: null}ca417779-88b3-4dc1-a56d-e28a15aec768{ip: 172.17.0.2, host: 5c5695bd1bfd, networkLocation: /default-rack, certSerialId: null}8e0471e9-03e2-4e0b-80e1-583d5c951362{ip: 172.17.0.2, host: 5c5695bd1bfd, networkLocation: /default-rack, certSerialId: null}, Type:RATIS, Factor:THREE, State:ALLOCATED, leaderId:ca417779-88b3-4dc1-a56d-e28a15aec768, CreationTimestamp2020-08-11T10:22:16.931Z] moved to OPEN state
2020-08-11 10:22:24,857 [ca417779-88b3-4dc1-a56d-e28a15aec768@group-4936644038FC-SegmentedRaftLogWorker] INFO  segmented.SegmentedRaftLogWorker (SegmentedRaftLogWorker.java:execute(596)) - ca417779-88b3-4dc1-a56d-e28a15aec768@group-4936644038FC-SegmentedRaftLogWorker: created new log segment /github/workspace/mnt/ozone/hadoop-ozone/integration-test/target/test-dir/MiniOzoneClusterImpl-8391e218-a55d-4210-9d4e-82a64144cc20/datanode-7/data/ratis/1f22e5c4-89e1-473e-bf2e-4936644038fc/current/log_inprogress_0
2020-08-11 10:22:24,861 [grpc-default-executor-4] INFO  impl.RaftServerImpl (RaftServerImpl.java:requestVote(843)) - ca417779-88b3-4dc1-a56d-e28a15aec768@group-4936644038FC-   LEADER: Withhold vote from candidate a40e82d7-9af1-4aed-a8c0-412ae681934d with term 1. State: leader=ca417779-88b3-4dc1-a56d-e28a15aec768, term=1, lastRpcElapsed=null
2020-08-11 10:22:24,865 [a40e82d7-9af1-4aed-a8c0-412ae681934d@group-4936644038FC-LeaderElection55] INFO  impl.LeaderElection (LeaderElection.java:logAndReturn(61)) - a40e82d7-9af1-4aed-a8c0-412ae681934d@group-4936644038FC-LeaderElection55: Election REJECTED; received 2 response(s) [a40e82d7-9af1-4aed-a8c0-412ae681934d<-ca417779-88b3-4dc1-a56d-e28a15aec768#0:FAIL-t1, a40e82d7-9af1-4aed-a8c0-412ae681934d<-8e0471e9-03e2-4e0b-80e1-583d5c951362#0:FAIL-t1] and 0 exception(s); a40e82d7-9af1-4aed-a8c0-412ae681934d@group-4936644038FC:t1, leader=null, voted=a40e82d7-9af1-4aed-a8c0-412ae681934d, raftlog=a40e82d7-9af1-4aed-a8c0-412ae681934d@group-4936644038FC-SegmentedRaftLog:OPENED:c-1,f-1,i0, conf=-1: [ca417779-88b3-4dc1-a56d-e28a15aec768:172.17.0.2:39865, 8e0471e9-03e2-4e0b-80e1-583d5c951362:172.17.0.2:42433, a40e82d7-9af1-4aed-a8c0-412ae681934d:172.17.0.2:34423], old=null
2020-08-11 10:22:24,865 [a40e82d7-9af1-4aed-a8c0-412ae681934d@group-4936644038FC-LeaderElection55] INFO  impl.RaftServerImpl (RaftServerImpl.java:setRole(185)) - a40e82d7-9af1-4aed-a8c0-412ae681934d@group-4936644038FC: changes role from CANDIDATE to FOLLOWER at term 1 for DISCOVERED_A_NEW_TERM
2020-08-11 10:22:24,865 [a40e82d7-9af1-4aed-a8c0-412ae681934d@group-4936644038FC-LeaderElection55] INFO  impl.RoleInfo (RoleInfo.java:shutdownLeaderElection(134)) - a40e82d7-9af1-4aed-a8c0-412ae681934d: shutdown LeaderElection
2020-08-11 10:22:24,866 [a40e82d7-9af1-4aed-a8c0-412ae681934d@group-4936644038FC-LeaderElection55] INFO  impl.RoleInfo (RoleInfo.java:updateAndGet(143)) - a40e82d7-9af1-4aed-a8c0-412ae681934d: start FollowerState
2020-08-11 10:22:24,869 [grpc-default-executor-1] INFO  ratis.XceiverServerRatis (XceiverServerRatis.java:handleLeaderChangedNotification(822)) - Leader change notification received for group: group-4936644038FC with new leaderId: ca417779-88b3-4dc1-a56d-e28a15aec768
2020-08-11 10:22:24,870 [grpc-default-executor-1] INFO  impl.RaftServerImpl (ServerState.java:setLeader(255)) - 8e0471e9-03e2-4e0b-80e1-583d5c951362@group-4936644038FC: change Leader from null to ca417779-88b3-4dc1-a56d-e28a15aec768 at term 1 for appendEntries, leader elected after 5113ms
2020-08-11 10:22:24,871 [grpc-default-executor-2] INFO  ratis.XceiverServerRatis (XceiverServerRatis.java:handleLeaderChangedNotification(822)) - Leader change notification received for group: group-4936644038FC with new leaderId: ca417779-88b3-4dc1-a56d-e28a15aec768
2020-08-11 10:22:24,871 [grpc-default-executor-2] INFO  impl.RaftServerImpl (ServerState.java:setLeader(255)) - a40e82d7-9af1-4aed-a8c0-412ae681934d@group-4936644038FC: change Leader from null to ca417779-88b3-4dc1-a56d-e28a15aec768 at term 1 for appendEntries, leader elected after 5164ms
2020-08-11 10:22:24,874 [grpc-default-executor-1] INFO  impl.RaftServerImpl (ServerState.java:setRaftConf(356)) - a40e82d7-9af1-4aed-a8c0-412ae681934d@group-4936644038FC: set configuration 0: [ca417779-88b3-4dc1-a56d-e28a15aec768:172.17.0.2:39865, 8e0471e9-03e2-4e0b-80e1-583d5c951362:172.17.0.2:42433, a40e82d7-9af1-4aed-a8c0-412ae681934d:172.17.0.2:34423], old=null at 0
2020-08-11 10:22:24,874 [grpc-default-executor-1] INFO  segmented.SegmentedRaftLogWorker (SegmentedRaftLogWorker.java:startLogSegment(397)) - a40e82d7-9af1-4aed-a8c0-412ae681934d@group-4936644038FC-SegmentedRaftLogWorker: Starting segment from index:0
2020-08-11 10:22:24,875 [a40e82d7-9af1-4aed-a8c0-412ae681934d@group-4936644038FC-SegmentedRaftLogWorker] INFO  segmented.SegmentedRaftLogWorker (SegmentedRaftLogWorker.java:execute(596)) - a40e82d7-9af1-4aed-a8c0-412ae681934d@group-4936644038FC-SegmentedRaftLogWorker: created new log segment /github/workspace/mnt/ozone/hadoop-ozone/integration-test/target/test-dir/MiniOzoneClusterImpl-8391e218-a55d-4210-9d4e-82a64144cc20/datanode-6/data/ratis/1f22e5c4-89e1-473e-bf2e-4936644038fc/current/log_inprogress_0
2020-08-11 10:22:24,877 [grpc-default-executor-2] INFO  impl.RaftServerImpl (ServerState.java:setRaftConf(356)) - 8e0471e9-03e2-4e0b-80e1-583d5c951362@group-4936644038FC: set configuration 0: [ca417779-88b3-4dc1-a56d-e28a15aec768:172.17.0.2:39865, 8e0471e9-03e2-4e0b-80e1-583d5c951362:172.17.0.2:42433, a40e82d7-9af1-4aed-a8c0-412ae681934d:172.17.0.2:34423], old=null at 0
2020-08-11 10:22:24,878 [grpc-default-executor-2] INFO  segmented.SegmentedRaftLogWorker (SegmentedRaftLogWorker.java:startLogSegment(397)) - 8e0471e9-03e2-4e0b-80e1-583d5c951362@group-4936644038FC-SegmentedRaftLogWorker: Starting segment from index:0
2020-08-11 10:22:24,879 [8e0471e9-03e2-4e0b-80e1-583d5c951362@group-4936644038FC-SegmentedRaftLogWorker] INFO  segmented.SegmentedRaftLogWorker (SegmentedRaftLogWorker.java:execute(596)) - 8e0471e9-03e2-4e0b-80e1-583d5c951362@group-4936644038FC-SegmentedRaftLogWorker: created new log segment /github/workspace/mnt/ozone/hadoop-ozone/integration-test/target/test-dir/MiniOzoneClusterImpl-8391e218-a55d-4210-9d4e-82a64144cc20/datanode-8/data/ratis/1f22e5c4-89e1-473e-bf2e-4936644038fc/current/log_inprogress_0
2020-08-11 10:22:24,899 [Thread-1660] INFO  impl.FollowerState (FollowerState.java:run(108)) - ca417779-88b3-4dc1-a56d-e28a15aec768@group-DC4A33484A9D-FollowerState: change to CANDIDATE, lastRpcTime:5077ms, electionTimeout:5077ms
2020-08-11 10:22:24,899 [Thread-1660] INFO  impl.RoleInfo (RoleInfo.java:shutdownFollowerState(121)) - ca417779-88b3-4dc1-a56d-e28a15aec768: shutdown FollowerState
2020-08-11 10:22:24,899 [Thread-1660] INFO  impl.RaftServerImpl (RaftServerImpl.java:setRole(185)) - ca417779-88b3-4dc1-a56d-e28a15aec768@group-DC4A33484A9D: changes role from  FOLLOWER to CANDIDATE at term 0 for changeToCandidate
2020-08-11 10:22:24,899 [Thread-1660] INFO  impl.RoleInfo (RoleInfo.java:updateAndGet(143)) - ca417779-88b3-4dc1-a56d-e28a15aec768: start LeaderElection
2020-08-11 10:22:24,905 [ca417779-88b3-4dc1-a56d-e28a15aec768@group-DC4A33484A9D-LeaderElection56] INFO  impl.LeaderElection (LeaderElection.java:askForVotes(209)) - ca417779-88b3-4dc1-a56d-e28a15aec768@group-DC4A33484A9D-LeaderElection56: begin an election at term 1 for -1: [ca417779-88b3-4dc1-a56d-e28a15aec768:172.17.0.2:39865], old=null
2020-08-11 10:22:24,905 [ca417779-88b3-4dc1-a56d-e28a15aec768@group-DC4A33484A9D-LeaderElection56] INFO  impl.RoleInfo (RoleInfo.java:shutdownLeaderElection(134)) - ca417779-88b3-4dc1-a56d-e28a15aec768: shutdown LeaderElection
2020-08-11 10:22:24,905 [ca417779-88b3-4dc1-a56d-e28a15aec768@group-DC4A33484A9D-LeaderElection56] INFO  impl.RaftServerImpl (RaftServerImpl.java:setRole(185)) - ca417779-88b3-4dc1-a56d-e28a15aec768@group-DC4A33484A9D: changes role from CANDIDATE to LEADER at term 1 for changeToLeader
2020-08-11 10:22:24,905 [ca417779-88b3-4dc1-a56d-e28a15aec768@group-DC4A33484A9D-LeaderElection56] INFO  ratis.XceiverServerRatis (XceiverServerRatis.java:handleLeaderChangedNotification(822)) - Leader change notification received for group: group-DC4A33484A9D with new leaderId: ca417779-88b3-4dc1-a56d-e28a15aec768
2020-08-11 10:22:24,905 [ca417779-88b3-4dc1-a56d-e28a15aec768@group-DC4A33484A9D-LeaderElection56] INFO  impl.RaftServerImpl (ServerState.java:setLeader(255)) - ca417779-88b3-4dc1-a56d-e28a15aec768@group-DC4A33484A9D: change Leader from null to ca417779-88b3-4dc1-a56d-e28a15aec768 at term 1 for becomeLeader, leader elected after 5093ms
2020-08-11 10:22:24,905 [Datanode State Machine Thread - 0] WARN  statemachine.DatanodeStateMachine (DatanodeStateMachine.java:start(245)) - Interrupt the execution.
java.lang.InterruptedException: sleep interrupted
	at java.lang.Thread.sleep(Native Method)
	at org.apache.hadoop.ozone.container.common.statemachine.DatanodeStateMachine.start(DatanodeStateMachine.java:243)
	at org.apache.hadoop.ozone.container.common.statemachine.DatanodeStateMachine.lambda$startDaemon$0(DatanodeStateMachine.java:405)
	at java.lang.Thread.run(Thread.java:748)
2020-08-11 10:22:24,905 [ca417779-88b3-4dc1-a56d-e28a15aec768@group-DC4A33484A9D-LeaderElection56] INFO  server.RaftServerConfigKeys (ConfUtils.java:logGet(44)) - raft.server.staging.catchup.gap = 1000 (default)
2020-08-11 10:22:24,905 [ca417779-88b3-4dc1-a56d-e28a15aec768@group-DC4A33484A9D-LeaderElection56] INFO  server.RaftServerConfigKeys (ConfUtils.java:logGet(44)) - raft.server.rpc.sleep.time = 25ms (default)
2020-08-11 10:22:24,905 [ca417779-88b3-4dc1-a56d-e28a15aec768@group-DC4A33484A9D-LeaderElection56] INFO  metrics.RatisMetrics (RatisMetrics.java:lambda$create$0(36)) - Creating Metrics Registry : ratis.log_appender.ca417779-88b3-4dc1-a56d-e28a15aec768@group-DC4A33484A9D
2020-08-11 10:22:24,906 [ca417779-88b3-4dc1-a56d-e28a15aec768@group-DC4A33484A9D-LeaderElection56] INFO  server.RaftServerConfigKeys (ConfUtils.java:logGet(44)) - raft.server.write.element-limit = 1024 (custom)
2020-08-11 10:22:24,906 [ca417779-88b3-4dc1-a56d-e28a15aec768@group-DC4A33484A9D-LeaderElection56] INFO  server.RaftServerConfigKeys (ConfUtils.java:logGet(44)) - raft.server.write.byte-limit = 1073741824 (custom)
2020-08-11 10:22:24,907 [ca417779-88b3-4dc1-a56d-e28a15aec768@group-DC4A33484A9D-LeaderElection56] INFO  server.RaftServerConfigKeys (ConfUtils.java:logGet(44)) - raft.server.watch.timeout = 3000ms (custom)
2020-08-11 10:22:24,907 [ca417779-88b3-4dc1-a56d-e28a15aec768@group-DC4A33484A9D-LeaderElection56] INFO  server.RaftServerConfigKeys (ConfUtils.java:logGet(44)) - raft.server.watch.timeout.denomination = 1s (default)
2020-08-11 10:22:24,907 [ca417779-88b3-4dc1-a56d-e28a15aec768@group-DC4A33484A9D-LeaderElection56] INFO  server.RaftServerConfigKeys (ConfUtils.java:logGet(44)) - raft.server.watch.element-limit = 65536 (default)
2020-08-11 10:22:24,907 [ca417779-88b3-4dc1-a56d-e28a15aec768@group-DC4A33484A9D-LeaderElection56] INFO  impl.RoleInfo (RoleInfo.java:updateAndGet(143)) - ca417779-88b3-4dc1-a56d-e28a15aec768: start LeaderState
2020-08-11 10:22:24,908 [ca417779-88b3-4dc1-a56d-e28a15aec768@group-DC4A33484A9D-LeaderElection56] INFO  segmented.SegmentedRaftLogWorker (SegmentedRaftLogWorker.java:startLogSegment(397)) - ca417779-88b3-4dc1-a56d-e28a15aec768@group-DC4A33484A9D-SegmentedRaftLogWorker: Starting segment from index:0
2020-08-11 10:22:24,908 [ca417779-88b3-4dc1-a56d-e28a15aec768@group-DC4A33484A9D-LeaderElection56] INFO  impl.RaftServerImpl (ServerState.java:setRaftConf(356)) - ca417779-88b3-4dc1-a56d-e28a15aec768@group-DC4A33484A9D: set configuration 0: [ca417779-88b3-4dc1-a56d-e28a15aec768:172.17.0.2:39865], old=null at 0
2020-08-11 10:22:24,909 [ca417779-88b3-4dc1-a56d-e28a15aec768@group-DC4A33484A9D-SegmentedRaftLogWorker] INFO  segmented.SegmentedRaftLogWorker (SegmentedRaftLogWorker.java:execute(596)) - ca417779-88b3-4dc1-a56d-e28a15aec768@group-DC4A33484A9D-SegmentedRaftLogWorker: created new log segment /github/workspace/mnt/ozone/hadoop-ozone/integration-test/target/test-dir/MiniOzoneClusterImpl-8391e218-a55d-4210-9d4e-82a64144cc20/datanode-7/data/ratis/d76c1405-0cba-4f41-bc9b-dc4a33484a9d/current/log_inprogress_0
2020-08-11 10:22:24,926 [Listener at 127.0.0.1/39953] INFO  ozone.MiniOzoneClusterImpl (MiniOzoneClusterImpl.java:lambda$waitForClusterToBeReady$0(177)) - Nodes are ready. Got 9 of 9 DN Heartbeats.
2020-08-11 10:22:24,926 [Listener at 127.0.0.1/39953] INFO  ozone.MiniOzoneClusterImpl (MiniOzoneClusterImpl.java:lambda$waitForClusterToBeReady$0(180)) - Cluster exits safe mode
2020-08-11 10:22:24,937 [Listener at 127.0.0.1/39953] INFO  rpc.RpcClient (RpcClient.java:createVolume(314)) - Creating Volume: watchforcommithandlingtest, with jenkins1001 as owner.
2020-08-11 10:22:24,938 [IPC Server handler 0 on default port 39953] INFO  volume.OMVolumeCreateRequest (OMVolumeCreateRequest.java:validateAndUpdateCache(195)) - created volume:watchforcommithandlingtest for user:jenkins1001
2020-08-11 10:22:24,946 [Listener at 127.0.0.1/39953] INFO  rpc.RpcClient (RpcClient.java:createBucket(459)) - Creating Bucket: watchforcommithandlingtest/watchforcommithandlingtest, with Versioning false and Storage Type set to DISK and Encryption set to false 
2020-08-11 10:22:24,948 [Listener at 127.0.0.1/39953] INFO  ozone.MiniOzoneClusterImpl (MiniOzoneClusterImpl.java:getStorageContainerLocationClient(289)) - Creating StorageContainerLocationProtocol RPC client with address /0.0.0.0:42469
2020-08-11 10:22:24,990 [Datanode State Machine Thread - 0] WARN  statemachine.DatanodeStateMachine (DatanodeStateMachine.java:start(245)) - Interrupt the execution.
java.lang.InterruptedException: sleep interrupted
	at java.lang.Thread.sleep(Native Method)
	at org.apache.hadoop.ozone.container.common.statemachine.DatanodeStateMachine.start(DatanodeStateMachine.java:243)
	at org.apache.hadoop.ozone.container.common.statemachine.DatanodeStateMachine.lambda$startDaemon$0(DatanodeStateMachine.java:405)
	at java.lang.Thread.run(Thread.java:748)
2020-08-11 10:22:24,999 [Listener at 127.0.0.1/39953] INFO  ozone.MiniOzoneClusterImpl (MiniOzoneClusterImpl.java:shutdown(387)) - Shutting down the Mini Ozone Cluster
2020-08-11 10:22:25,000 [Listener at 127.0.0.1/39953] INFO  ozone.MiniOzoneClusterImpl (MiniOzoneClusterImpl.java:stop(402)) - Stopping the Mini Ozone Cluster
2020-08-11 10:22:25,000 [Listener at 127.0.0.1/39953] INFO  ozone.MiniOzoneClusterImpl (MiniOzoneClusterImpl.java:stopOM(484)) - Stopping the OzoneManager
2020-08-11 10:22:25,000 [Listener at 127.0.0.1/39953] INFO  ipc.Server (Server.java:stop(3359)) - Stopping server on 39953
2020-08-11 10:22:25,002 [Datanode State Machine Thread - 0] WARN  statemachine.DatanodeStateMachine (DatanodeStateMachine.java:start(245)) - Interrupt the execution.
java.lang.InterruptedException: sleep interrupted
	at java.lang.Thread.sleep(Native Method)
	at org.apache.hadoop.ozone.container.common.statemachine.DatanodeStateMachine.start(DatanodeStateMachine.java:243)
	at org.apache.hadoop.ozone.container.common.statemachine.DatanodeStateMachine.lambda$startDaemon$0(DatanodeStateMachine.java:405)
	at java.lang.Thread.run(Thread.java:748)
2020-08-11 10:22:25,004 [Datanode State Machine Thread - 0] WARN  statemachine.DatanodeStateMachine (DatanodeStateMachine.java:start(245)) - Interrupt the execution.
java.lang.InterruptedException: sleep interrupted
	at java.lang.Thread.sleep(Native Method)
	at org.apache.hadoop.ozone.container.common.statemachine.DatanodeStateMachine.start(DatanodeStateMachine.java:243)
	at org.apache.hadoop.ozone.container.common.statemachine.DatanodeStateMachine.lambda$startDaemon$0(DatanodeStateMachine.java:405)
	at java.lang.Thread.run(Thread.java:748)
2020-08-11 10:22:25,013 [Listener at 127.0.0.1/39953] INFO  ratis.OzoneManagerDoubleBuffer (OzoneManagerDoubleBuffer.java:stop(458)) - Stopping OMDoubleBuffer flush thread
2020-08-11 10:22:25,013 [IPC Server Responder] INFO  ipc.Server (Server.java:run(1465)) - Stopping IPC Server Responder
2020-08-11 10:22:25,013 [OMDoubleBufferFlushThread] INFO  ratis.OzoneManagerDoubleBuffer (OzoneManagerDoubleBuffer.java:flushTransactions(357)) - OMDoubleBuffer flush thread OMDoubleBufferFlushThread is interrupted and will exit. OMDoubleBufferFlushThread
2020-08-11 10:22:25,014 [IPC Server listener on 0] INFO  ipc.Server (Server.java:run(1330)) - Stopping IPC Server listener on 0
2020-08-11 10:22:25,014 [Listener at 127.0.0.1/39953] INFO  utils.BackgroundService (BackgroundService.java:shutdown(157)) - Shutting down service KeyDeletingService
2020-08-11 10:22:25,015 [Listener at 127.0.0.1/39953] INFO  handler.ContextHandler (ContextHandler.java:doStop(1016)) - Stopped o.e.j.w.WebAppContext@14150a0a{ozoneManager,/,null,UNAVAILABLE}{file:/github/workspace/mnt/ozone/hadoop-ozone/integration-test/target/test-classes/webapps/ozoneManager}
2020-08-11 10:22:25,016 [Listener at 127.0.0.1/39953] INFO  server.AbstractConnector (AbstractConnector.java:doStop(380)) - Stopped ServerConnector@3109f8ae{HTTP/1.1,[http/1.1]}{0.0.0.0:0}
2020-08-11 10:22:25,016 [Listener at 127.0.0.1/39953] INFO  server.session (HouseKeeper.java:stopScavenging(158)) - node0 Stopped scavenging
2020-08-11 10:22:25,016 [Listener at 127.0.0.1/39953] INFO  handler.ContextHandler (ContextHandler.java:doStop(1016)) - Stopped o.e.j.s.ServletContextHandler@b722630{static,/static,file:///github/workspace/mnt/ozone/hadoop-ozone/integration-test/target/test-classes/webapps/static,UNAVAILABLE}
2020-08-11 10:22:25,016 [Listener at 127.0.0.1/39953] INFO  handler.ContextHandler (ContextHandler.java:doStop(1016)) - Stopped o.e.j.s.ServletContextHandler@4cec414d{logs,/logs,file:///github/workspace/mnt/ozone/hadoop-ozone/integration-test/target/log,UNAVAILABLE}
2020-08-11 10:22:25,020 [Listener at 127.0.0.1/39953] INFO  ozone.MiniOzoneClusterImpl (MiniOzoneClusterImpl.java:stopDatanodes(461)) - Stopping the HddsDatanodes
2020-08-11 10:22:25,132 [Thread-1662] INFO  impl.FollowerState (FollowerState.java:run(108)) - 8e0471e9-03e2-4e0b-80e1-583d5c951362@group-94ED43AB3EF2-FollowerState: change to CANDIDATE, lastRpcTime:5191ms, electionTimeout:5191ms
2020-08-11 10:22:25,133 [Thread-1662] INFO  impl.RoleInfo (RoleInfo.java:shutdownFollowerState(121)) - 8e0471e9-03e2-4e0b-80e1-583d5c951362: shutdown FollowerState
2020-08-11 10:22:25,133 [Thread-1662] INFO  impl.RaftServerImpl (RaftServerImpl.java:setRole(185)) - 8e0471e9-03e2-4e0b-80e1-583d5c951362@group-94ED43AB3EF2: changes role from  FOLLOWER to CANDIDATE at term 0 for changeToCandidate
2020-08-11 10:22:25,133 [Thread-1662] INFO  impl.RoleInfo (RoleInfo.java:updateAndGet(143)) - 8e0471e9-03e2-4e0b-80e1-583d5c951362: start LeaderElection
2020-08-11 10:22:25,137 [8e0471e9-03e2-4e0b-80e1-583d5c951362@group-94ED43AB3EF2-LeaderElection57] INFO  impl.LeaderElection (LeaderElection.java:askForVotes(209)) - 8e0471e9-03e2-4e0b-80e1-583d5c951362@group-94ED43AB3EF2-LeaderElection57: begin an election at term 1 for -1: [8e0471e9-03e2-4e0b-80e1-583d5c951362:172.17.0.2:42433], old=null
2020-08-11 10:22:25,138 [8e0471e9-03e2-4e0b-80e1-583d5c951362@group-94ED43AB3EF2-LeaderElection57] INFO  impl.RoleInfo (RoleInfo.java:shutdownLeaderElection(134)) - 8e0471e9-03e2-4e0b-80e1-583d5c951362: shutdown LeaderElection
2020-08-11 10:22:25,138 [8e0471e9-03e2-4e0b-80e1-583d5c951362@group-94ED43AB3EF2-LeaderElection57] INFO  impl.RaftServerImpl (RaftServerImpl.java:setRole(185)) - 8e0471e9-03e2-4e0b-80e1-583d5c951362@group-94ED43AB3EF2: changes role from CANDIDATE to LEADER at term 1 for changeToLeader
2020-08-11 10:22:25,138 [8e0471e9-03e2-4e0b-80e1-583d5c951362@group-94ED43AB3EF2-LeaderElection57] INFO  ratis.XceiverServerRatis (XceiverServerRatis.java:handleLeaderChangedNotification(822)) - Leader change notification received for group: group-94ED43AB3EF2 with new leaderId: 8e0471e9-03e2-4e0b-80e1-583d5c951362
2020-08-11 10:22:25,138 [8e0471e9-03e2-4e0b-80e1-583d5c951362@group-94ED43AB3EF2-LeaderElection57] INFO  impl.RaftServerImpl (ServerState.java:setLeader(255)) - 8e0471e9-03e2-4e0b-80e1-583d5c951362@group-94ED43AB3EF2: change Leader from null to 8e0471e9-03e2-4e0b-80e1-583d5c951362 at term 1 for becomeLeader, leader elected after 5206ms
2020-08-11 10:22:25,147 [Datanode State Machine Thread - 0] WARN  statemachine.DatanodeStateMachine (DatanodeStateMachine.java:start(245)) - Interrupt the execution.
java.lang.InterruptedException: sleep interrupted
	at java.lang.Thread.sleep(Native Method)
	at org.apache.hadoop.ozone.container.common.statemachine.DatanodeStateMachine.start(DatanodeStateMachine.java:243)
	at org.apache.hadoop.ozone.container.common.statemachine.DatanodeStateMachine.lambda$startDaemon$0(DatanodeStateMachine.java:405)
	at java.lang.Thread.run(Thread.java:748)
2020-08-11 10:22:25,148 [8e0471e9-03e2-4e0b-80e1-583d5c951362@group-94ED43AB3EF2-LeaderElection57] INFO  server.RaftServerConfigKeys (ConfUtils.java:logGet(44)) - raft.server.staging.catchup.gap = 1000 (default)
2020-08-11 10:22:25,149 [8e0471e9-03e2-4e0b-80e1-583d5c951362@group-94ED43AB3EF2-LeaderElection57] INFO  server.RaftServerConfigKeys (ConfUtils.java:logGet(44)) - raft.server.rpc.sleep.time = 25ms (default)
2020-08-11 10:22:25,149 [8e0471e9-03e2-4e0b-80e1-583d5c951362@group-94ED43AB3EF2-LeaderElection57] INFO  metrics.RatisMetrics (RatisMetrics.java:lambda$create$0(36)) - Creating Metrics Registry : ratis.log_appender.8e0471e9-03e2-4e0b-80e1-583d5c951362@group-94ED43AB3EF2
2020-08-11 10:22:25,149 [8e0471e9-03e2-4e0b-80e1-583d5c951362@group-94ED43AB3EF2-LeaderElection57] INFO  server.RaftServerConfigKeys (ConfUtils.java:logGet(44)) - raft.server.write.element-limit = 1024 (custom)
2020-08-11 10:22:25,149 [8e0471e9-03e2-4e0b-80e1-583d5c951362@group-94ED43AB3EF2-LeaderElection57] INFO  server.RaftServerConfigKeys (ConfUtils.java:logGet(44)) - raft.server.write.byte-limit = 1073741824 (custom)
2020-08-11 10:22:25,150 [8e0471e9-03e2-4e0b-80e1-583d5c951362@group-94ED43AB3EF2-LeaderElection57] INFO  server.RaftServerConfigKeys (ConfUtils.java:logGet(44)) - raft.server.watch.timeout = 3000ms (custom)
2020-08-11 10:22:25,150 [8e0471e9-03e2-4e0b-80e1-583d5c951362@group-94ED43AB3EF2-LeaderElection57] INFO  server.RaftServerConfigKeys (ConfUtils.java:logGet(44)) - raft.server.watch.timeout.denomination = 1s (default)
2020-08-11 10:22:25,150 [8e0471e9-03e2-4e0b-80e1-583d5c951362@group-94ED43AB3EF2-LeaderElection57] INFO  server.RaftServerConfigKeys (ConfUtils.java:logGet(44)) - raft.server.watch.element-limit = 65536 (default)
2020-08-11 10:22:25,150 [8e0471e9-03e2-4e0b-80e1-583d5c951362@group-94ED43AB3EF2-LeaderElection57] INFO  impl.RoleInfo (RoleInfo.java:updateAndGet(143)) - 8e0471e9-03e2-4e0b-80e1-583d5c951362: start LeaderState
2020-08-11 10:22:25,151 [8e0471e9-03e2-4e0b-80e1-583d5c951362@group-94ED43AB3EF2-LeaderElection57] INFO  segmented.SegmentedRaftLogWorker (SegmentedRaftLogWorker.java:startLogSegment(397)) - 8e0471e9-03e2-4e0b-80e1-583d5c951362@group-94ED43AB3EF2-SegmentedRaftLogWorker: Starting segment from index:0
2020-08-11 10:22:25,152 [8e0471e9-03e2-4e0b-80e1-583d5c951362@group-94ED43AB3EF2-SegmentedRaftLogWorker] INFO  segmented.SegmentedRaftLogWorker (SegmentedRaftLogWorker.java:execute(596)) - 8e0471e9-03e2-4e0b-80e1-583d5c951362@group-94ED43AB3EF2-SegmentedRaftLogWorker: created new log segment /github/workspace/mnt/ozone/hadoop-ozone/integration-test/target/test-dir/MiniOzoneClusterImpl-8391e218-a55d-4210-9d4e-82a64144cc20/datanode-8/data/ratis/3d2e70ea-3041-4ad4-bd86-94ed43ab3ef2/current/log_inprogress_0
2020-08-11 10:22:25,153 [8e0471e9-03e2-4e0b-80e1-583d5c951362@group-94ED43AB3EF2-LeaderElection57] INFO  impl.RaftServerImpl (ServerState.java:setRaftConf(356)) - 8e0471e9-03e2-4e0b-80e1-583d5c951362@group-94ED43AB3EF2: set configuration 0: [8e0471e9-03e2-4e0b-80e1-583d5c951362:172.17.0.2:42433], old=null at 0
2020-08-11 10:22:25,252 [Datanode State Machine Thread - 0] INFO  statemachine.DatanodeStateMachine (DatanodeStateMachine.java:lambda$startDaemon$0(406)) - Ozone container server started.
2020-08-11 10:22:26,002 [Datanode State Machine Thread - 0] INFO  statemachine.DatanodeStateMachine (DatanodeStateMachine.java:lambda$startDaemon$0(406)) - Ozone container server started.
2020-08-11 10:22:27,468 [EventQueue-Delayed safe mode statusForReplicationManager] INFO  container.ReplicationManager (ReplicationManager.java:start(177)) - Starting Replication Monitor Thread.
2020-08-11 10:22:27,469 [ReplicationMonitor] INFO  container.ReplicationManager (ReplicationManager.java:run(241)) - Replication Monitor Thread took 1 milliseconds for processing 1 containers.
2020-08-11 10:22:29,281 [Thread-1676] INFO  impl.FollowerState (FollowerState.java:run(108)) - 69055b56-bf48-47fd-bece-64ae6d668fba@group-9DCD71CD2593-FollowerState: change to CANDIDATE, lastRpcTime:5085ms, electionTimeout:5069ms
2020-08-11 10:22:29,281 [Thread-1676] INFO  impl.RoleInfo (RoleInfo.java:shutdownFollowerState(121)) - 69055b56-bf48-47fd-bece-64ae6d668fba: shutdown FollowerState
2020-08-11 10:22:29,281 [Thread-1676] INFO  impl.RaftServerImpl (RaftServerImpl.java:setRole(185)) - 69055b56-bf48-47fd-bece-64ae6d668fba@group-9DCD71CD2593: changes role from  FOLLOWER to CANDIDATE at term 1 for changeToCandidate
2020-08-11 10:22:29,281 [Thread-1676] INFO  impl.RoleInfo (RoleInfo.java:updateAndGet(143)) - 69055b56-bf48-47fd-bece-64ae6d668fba: start LeaderElection
2020-08-11 10:22:29,284 [69055b56-bf48-47fd-bece-64ae6d668fba@group-9DCD71CD2593-LeaderElection58] INFO  impl.LeaderElection (LeaderElection.java:askForVotes(209)) - 69055b56-bf48-47fd-bece-64ae6d668fba@group-9DCD71CD2593-LeaderElection58: begin an election at term 2 for -1: [234a1256-f899-4d30-a672-4552a70ba9bb:172.17.0.2:33031, d1bce0c3-0b11-4e04-b896-bd0ae9e1df71:172.17.0.2:45933, 69055b56-bf48-47fd-bece-64ae6d668fba:172.17.0.2:44699], old=null
2020-08-11 10:22:29,303 [Thread-1677] INFO  impl.FollowerState (FollowerState.java:run(108)) - 234a1256-f899-4d30-a672-4552a70ba9bb@group-9DCD71CD2593-FollowerState: change to CANDIDATE, lastRpcTime:5105ms, electionTimeout:5099ms
2020-08-11 10:22:29,303 [Thread-1677] INFO  impl.RoleInfo (RoleInfo.java:shutdownFollowerState(121)) - 234a1256-f899-4d30-a672-4552a70ba9bb: shutdown FollowerState
2020-08-11 10:22:29,303 [Thread-1677] INFO  impl.RaftServerImpl (RaftServerImpl.java:setRole(185)) - 234a1256-f899-4d30-a672-4552a70ba9bb@group-9DCD71CD2593: changes role from  FOLLOWER to CANDIDATE at term 1 for changeToCandidate
2020-08-11 10:22:29,303 [Thread-1677] INFO  impl.RoleInfo (RoleInfo.java:updateAndGet(143)) - 234a1256-f899-4d30-a672-4552a70ba9bb: start LeaderElection
2020-08-11 10:22:29,303 [Thread-1675] INFO  impl.FollowerState (FollowerState.java:run(108)) - d1bce0c3-0b11-4e04-b896-bd0ae9e1df71@group-9DCD71CD2593-FollowerState: change to CANDIDATE, lastRpcTime:5123ms, electionTimeout:5121ms
2020-08-11 10:22:29,303 [Thread-1675] INFO  impl.RoleInfo (RoleInfo.java:shutdownFollowerState(121)) - d1bce0c3-0b11-4e04-b896-bd0ae9e1df71: shutdown FollowerState
2020-08-11 10:22:29,303 [Thread-1675] INFO  impl.RaftServerImpl (RaftServerImpl.java:setRole(185)) - d1bce0c3-0b11-4e04-b896-bd0ae9e1df71@group-9DCD71CD2593: changes role from  FOLLOWER to CANDIDATE at term 1 for changeToCandidate
2020-08-11 10:22:29,304 [Thread-1675] INFO  impl.RoleInfo (RoleInfo.java:updateAndGet(143)) - d1bce0c3-0b11-4e04-b896-bd0ae9e1df71: start LeaderElection
2020-08-11 10:22:29,305 [grpc-default-executor-1] INFO  impl.RaftServerImpl (RaftServerImpl.java:setRole(185)) - d1bce0c3-0b11-4e04-b896-bd0ae9e1df71@group-9DCD71CD2593: changes role from CANDIDATE to FOLLOWER at term 2 for recognizeCandidate:69055b56-bf48-47fd-bece-64ae6d668fba
2020-08-11 10:22:29,305 [grpc-default-executor-1] INFO  impl.RoleInfo (RoleInfo.java:shutdownLeaderElection(134)) - d1bce0c3-0b11-4e04-b896-bd0ae9e1df71: shutdown LeaderElection
2020-08-11 10:22:29,305 [grpc-default-executor-1] INFO  impl.RoleInfo (RoleInfo.java:updateAndGet(143)) - d1bce0c3-0b11-4e04-b896-bd0ae9e1df71: start FollowerState
2020-08-11 10:22:29,305 [d1bce0c3-0b11-4e04-b896-bd0ae9e1df71@group-9DCD71CD2593-LeaderElection60] INFO  impl.LeaderElection (LeaderElection.java:run(155)) - d1bce0c3-0b11-4e04-b896-bd0ae9e1df71@group-9DCD71CD2593-LeaderElection60: skip running since this is already CLOSING
2020-08-11 10:22:29,313 [234a1256-f899-4d30-a672-4552a70ba9bb@group-9DCD71CD2593-LeaderElection59] INFO  impl.LeaderElection (LeaderElection.java:askForVotes(209)) - 234a1256-f899-4d30-a672-4552a70ba9bb@group-9DCD71CD2593-LeaderElection59: begin an election at term 2 for -1: [234a1256-f899-4d30-a672-4552a70ba9bb:172.17.0.2:33031, d1bce0c3-0b11-4e04-b896-bd0ae9e1df71:172.17.0.2:45933, 69055b56-bf48-47fd-bece-64ae6d668fba:172.17.0.2:44699], old=null
2020-08-11 10:22:29,319 [grpc-default-executor-2] INFO  impl.RaftServerImpl (RaftServerImpl.java:setRole(185)) - d1bce0c3-0b11-4e04-b896-bd0ae9e1df71@group-9DCD71CD2593: changes role from  FOLLOWER to FOLLOWER at term 2 for recognizeCandidate:234a1256-f899-4d30-a672-4552a70ba9bb
2020-08-11 10:22:29,319 [grpc-default-executor-2] INFO  impl.RoleInfo (RoleInfo.java:shutdownFollowerState(121)) - d1bce0c3-0b11-4e04-b896-bd0ae9e1df71: shutdown FollowerState
2020-08-11 10:22:29,319 [grpc-default-executor-2] INFO  impl.RoleInfo (RoleInfo.java:updateAndGet(143)) - d1bce0c3-0b11-4e04-b896-bd0ae9e1df71: start FollowerState
2020-08-11 10:22:29,319 [Thread-1744] INFO  impl.FollowerState (FollowerState.java:run(117)) - d1bce0c3-0b11-4e04-b896-bd0ae9e1df71@group-9DCD71CD2593-FollowerState was interrupted: java.lang.InterruptedException: sleep interrupted
2020-08-11 10:22:29,319 [69055b56-bf48-47fd-bece-64ae6d668fba@group-9DCD71CD2593-LeaderElection58] INFO  impl.LeaderElection (LeaderElection.java:logAndReturn(61)) - 69055b56-bf48-47fd-bece-64ae6d668fba@group-9DCD71CD2593-LeaderElection58: Election REJECTED; received 2 response(s) [69055b56-bf48-47fd-bece-64ae6d668fba<-234a1256-f899-4d30-a672-4552a70ba9bb#0:FAIL-t2, 69055b56-bf48-47fd-bece-64ae6d668fba<-d1bce0c3-0b11-4e04-b896-bd0ae9e1df71#0:FAIL-t2] and 0 exception(s); 69055b56-bf48-47fd-bece-64ae6d668fba@group-9DCD71CD2593:t2, leader=null, voted=69055b56-bf48-47fd-bece-64ae6d668fba, raftlog=69055b56-bf48-47fd-bece-64ae6d668fba@group-9DCD71CD2593-SegmentedRaftLog:OPENED:c-1,f-1,i0, conf=-1: [234a1256-f899-4d30-a672-4552a70ba9bb:172.17.0.2:33031, d1bce0c3-0b11-4e04-b896-bd0ae9e1df71:172.17.0.2:45933, 69055b56-bf48-47fd-bece-64ae6d668fba:172.17.0.2:44699], old=null
2020-08-11 10:22:29,320 [69055b56-bf48-47fd-bece-64ae6d668fba@group-9DCD71CD2593-LeaderElection58] INFO  impl.RaftServerImpl (RaftServerImpl.java:setRole(185)) - 69055b56-bf48-47fd-bece-64ae6d668fba@group-9DCD71CD2593: changes role from CANDIDATE to FOLLOWER at term 2 for DISCOVERED_A_NEW_TERM
2020-08-11 10:22:29,320 [69055b56-bf48-47fd-bece-64ae6d668fba@group-9DCD71CD2593-LeaderElection58] INFO  impl.RoleInfo (RoleInfo.java:shutdownLeaderElection(134)) - 69055b56-bf48-47fd-bece-64ae6d668fba: shutdown LeaderElection
2020-08-11 10:22:29,320 [69055b56-bf48-47fd-bece-64ae6d668fba@group-9DCD71CD2593-LeaderElection58] INFO  impl.RoleInfo (RoleInfo.java:updateAndGet(143)) - 69055b56-bf48-47fd-bece-64ae6d668fba: start FollowerState
2020-08-11 10:22:29,322 [234a1256-f899-4d30-a672-4552a70ba9bb@group-9DCD71CD2593-LeaderElection59] INFO  impl.LeaderElection (LeaderElection.java:logAndReturn(61)) - 234a1256-f899-4d30-a672-4552a70ba9bb@group-9DCD71CD2593-LeaderElection59: Election PASSED; received 1 response(s) [234a1256-f899-4d30-a672-4552a70ba9bb<-d1bce0c3-0b11-4e04-b896-bd0ae9e1df71#0:OK-t2] and 0 exception(s); 234a1256-f899-4d30-a672-4552a70ba9bb@group-9DCD71CD2593:t2, leader=null, voted=234a1256-f899-4d30-a672-4552a70ba9bb, raftlog=234a1256-f899-4d30-a672-4552a70ba9bb@group-9DCD71CD2593-SegmentedRaftLog:OPENED:c-1,f-1,i0, conf=-1: [234a1256-f899-4d30-a672-4552a70ba9bb:172.17.0.2:33031, d1bce0c3-0b11-4e04-b896-bd0ae9e1df71:172.17.0.2:45933, 69055b56-bf48-47fd-bece-64ae6d668fba:172.17.0.2:44699], old=null
2020-08-11 10:22:29,323 [234a1256-f899-4d30-a672-4552a70ba9bb@group-9DCD71CD2593-LeaderElection59] INFO  impl.RoleInfo (RoleInfo.java:shutdownLeaderElection(134)) - 234a1256-f899-4d30-a672-4552a70ba9bb: shutdown LeaderElection
2020-08-11 10:22:29,323 [234a1256-f899-4d30-a672-4552a70ba9bb@group-9DCD71CD2593-LeaderElection59] INFO  impl.RaftServerImpl (RaftServerImpl.java:setRole(185)) - 234a1256-f899-4d30-a672-4552a70ba9bb@group-9DCD71CD2593: changes role from CANDIDATE to LEADER at term 2 for changeToLeader
2020-08-11 10:22:29,323 [234a1256-f899-4d30-a672-4552a70ba9bb@group-9DCD71CD2593-LeaderElection59] INFO  ratis.XceiverServerRatis (XceiverServerRatis.java:handleLeaderChangedNotification(822)) - Leader change notification received for group: group-9DCD71CD2593 with new leaderId: 234a1256-f899-4d30-a672-4552a70ba9bb
2020-08-11 10:22:29,323 [234a1256-f899-4d30-a672-4552a70ba9bb@group-9DCD71CD2593-LeaderElection59] INFO  impl.RaftServerImpl (ServerState.java:setLeader(255)) - 234a1256-f899-4d30-a672-4552a70ba9bb@group-9DCD71CD2593: change Leader from null to 234a1256-f899-4d30-a672-4552a70ba9bb at term 2 for becomeLeader, leader elected after 10337ms
2020-08-11 10:22:29,323 [Datanode State Machine Thread - 0] WARN  statemachine.DatanodeStateMachine (DatanodeStateMachine.java:start(245)) - Interrupt the execution.
java.lang.InterruptedException: sleep interrupted
	at java.lang.Thread.sleep(Native Method)
	at org.apache.hadoop.ozone.container.common.statemachine.DatanodeStateMachine.start(DatanodeStateMachine.java:243)
	at org.apache.hadoop.ozone.container.common.statemachine.DatanodeStateMachine.lambda$startDaemon$0(DatanodeStateMachine.java:405)
	at java.lang.Thread.run(Thread.java:748)
2020-08-11 10:22:29,323 [234a1256-f899-4d30-a672-4552a70ba9bb@group-9DCD71CD2593-LeaderElection59] INFO  server.RaftServerConfigKeys (ConfUtils.java:logGet(44)) - raft.server.staging.catchup.gap = 1000 (default)
2020-08-11 10:22:29,324 [234a1256-f899-4d30-a672-4552a70ba9bb@group-9DCD71CD2593-LeaderElection59] INFO  server.RaftServerConfigKeys (ConfUtils.java:logGet(44)) - raft.server.rpc.sleep.time = 25ms (default)
2020-08-11 10:22:29,324 [234a1256-f899-4d30-a672-4552a70ba9bb@group-9DCD71CD2593-LeaderElection59] INFO  metrics.RatisMetrics (RatisMetrics.java:lambda$create$0(36)) - Creating Metrics Registry : ratis.log_appender.234a1256-f899-4d30-a672-4552a70ba9bb@group-9DCD71CD2593
2020-08-11 10:22:29,325 [EventQueue-PipelineReportForPipelineReportHandler] INFO  pipeline.PipelineStateManager (PipelineStateManager.java:openPipeline(131)) - Pipeline Pipeline[ Id: 773867e7-0762-4e2f-b39b-9dcd71cd2593, Nodes: 234a1256-f899-4d30-a672-4552a70ba9bb{ip: 172.17.0.2, host: 5c5695bd1bfd, networkLocation: /default-rack, certSerialId: null}d1bce0c3-0b11-4e04-b896-bd0ae9e1df71{ip: 172.17.0.2, host: 5c5695bd1bfd, networkLocation: /default-rack, certSerialId: null}69055b56-bf48-47fd-bece-64ae6d668fba{ip: 172.17.0.2, host: 5c5695bd1bfd, networkLocation: /default-rack, certSerialId: null}, Type:RATIS, Factor:THREE, State:ALLOCATED, leaderId:234a1256-f899-4d30-a672-4552a70ba9bb, CreationTimestamp2020-08-11T10:22:16.199Z] moved to OPEN state
2020-08-11 10:22:29,326 [234a1256-f899-4d30-a672-4552a70ba9bb@group-9DCD71CD2593-LeaderElection59] INFO  server.RaftServerConfigKeys (ConfUtils.java:logGet(44)) - raft.server.write.element-limit = 1024 (custom)
2020-08-11 10:22:29,326 [234a1256-f899-4d30-a672-4552a70ba9bb@group-9DCD71CD2593-LeaderElection59] INFO  server.RaftServerConfigKeys (ConfUtils.java:logGet(44)) - raft.server.write.byte-limit = 1073741824 (custom)
2020-08-11 10:22:29,327 [234a1256-f899-4d30-a672-4552a70ba9bb@group-9DCD71CD2593-LeaderElection59] INFO  server.RaftServerConfigKeys (ConfUtils.java:logGet(44)) - raft.server.watch.timeout = 3000ms (custom)
2020-08-11 10:22:29,327 [234a1256-f899-4d30-a672-4552a70ba9bb@group-9DCD71CD2593-LeaderElection59] INFO  server.RaftServerConfigKeys (ConfUtils.java:logGet(44)) - raft.server.watch.timeout.denomination = 1s (default)
2020-08-11 10:22:29,327 [234a1256-f899-4d30-a672-4552a70ba9bb@group-9DCD71CD2593-LeaderElection59] INFO  server.RaftServerConfigKeys (ConfUtils.java:logGet(44)) - raft.server.watch.element-limit = 65536 (default)
2020-08-11 10:22:29,327 [234a1256-f899-4d30-a672-4552a70ba9bb@group-9DCD71CD2593-LeaderElection59] INFO  server.RaftServerConfigKeys (ConfUtils.java:logGet(44)) - raft.server.log.appender.snapshot.chunk.size.max = 16MB (=16777216) (default)
2020-08-11 10:22:29,327 [234a1256-f899-4d30-a672-4552a70ba9bb@group-9DCD71CD2593-LeaderElection59] INFO  server.RaftServerConfigKeys (ConfUtils.java:logGet(44)) - raft.server.log.appender.buffer.byte-limit = 33554432 (custom)
2020-08-11 10:22:29,328 [234a1256-f899-4d30-a672-4552a70ba9bb@group-9DCD71CD2593-LeaderElection59] INFO  server.RaftServerConfigKeys (ConfUtils.java:logGet(44)) - raft.server.log.appender.buffer.element-limit = 1 (custom)
2020-08-11 10:22:29,328 [234a1256-f899-4d30-a672-4552a70ba9bb@group-9DCD71CD2593-LeaderElection59] INFO  grpc.GrpcConfigKeys (ConfUtils.java:logGet(44)) - raft.grpc.server.leader.outstanding.appends.max = 128 (default)
2020-08-11 10:22:29,328 [234a1256-f899-4d30-a672-4552a70ba9bb@group-9DCD71CD2593-LeaderElection59] INFO  server.RaftServerConfigKeys (ConfUtils.java:logGet(44)) - raft.server.rpc.request.timeout = 3000ms (default)
2020-08-11 10:22:29,328 [234a1256-f899-4d30-a672-4552a70ba9bb@group-9DCD71CD2593-LeaderElection59] INFO  server.RaftServerConfigKeys (ConfUtils.java:logGet(44)) - raft.server.log.appender.install.snapshot.enabled = false (custom)
2020-08-11 10:22:29,328 [234a1256-f899-4d30-a672-4552a70ba9bb@group-9DCD71CD2593-LeaderElection59] INFO  metrics.RatisMetrics (RatisMetrics.java:lambda$create$0(36)) - Creating Metrics Registry : ratis_grpc.log_appender.234a1256-f899-4d30-a672-4552a70ba9bb@group-9DCD71CD2593
2020-08-11 10:22:29,330 [234a1256-f899-4d30-a672-4552a70ba9bb@group-9DCD71CD2593-LeaderElection59] INFO  server.RaftServerConfigKeys (ConfUtils.java:logGet(44)) - raft.server.log.appender.snapshot.chunk.size.max = 16MB (=16777216) (default)
2020-08-11 10:22:29,330 [234a1256-f899-4d30-a672-4552a70ba9bb@group-9DCD71CD2593-LeaderElection59] INFO  server.RaftServerConfigKeys (ConfUtils.java:logGet(44)) - raft.server.log.appender.buffer.byte-limit = 33554432 (custom)
2020-08-11 10:22:29,330 [234a1256-f899-4d30-a672-4552a70ba9bb@group-9DCD71CD2593-LeaderElection59] INFO  server.RaftServerConfigKeys (ConfUtils.java:logGet(44)) - raft.server.log.appender.buffer.element-limit = 1 (custom)
2020-08-11 10:22:29,330 [234a1256-f899-4d30-a672-4552a70ba9bb@group-9DCD71CD2593-LeaderElection59] INFO  grpc.GrpcConfigKeys (ConfUtils.java:logGet(44)) - raft.grpc.server.leader.outstanding.appends.max = 128 (default)
2020-08-11 10:22:29,330 [234a1256-f899-4d30-a672-4552a70ba9bb@group-9DCD71CD2593-LeaderElection59] INFO  server.RaftServerConfigKeys (ConfUtils.java:logGet(44)) - raft.server.rpc.request.timeout = 3000ms (default)
2020-08-11 10:22:29,330 [234a1256-f899-4d30-a672-4552a70ba9bb@group-9DCD71CD2593-LeaderElection59] INFO  server.RaftServerConfigKeys (ConfUtils.java:logGet(44)) - raft.server.log.appender.install.snapshot.enabled = false (custom)
2020-08-11 10:22:29,332 [234a1256-f899-4d30-a672-4552a70ba9bb@group-9DCD71CD2593-LeaderElection59] INFO  impl.RoleInfo (RoleInfo.java:updateAndGet(143)) - 234a1256-f899-4d30-a672-4552a70ba9bb: start LeaderState
2020-08-11 10:22:29,332 [234a1256-f899-4d30-a672-4552a70ba9bb@group-9DCD71CD2593-LeaderElection59] INFO  segmented.SegmentedRaftLogWorker (SegmentedRaftLogWorker.java:startLogSegment(397)) - 234a1256-f899-4d30-a672-4552a70ba9bb@group-9DCD71CD2593-SegmentedRaftLogWorker: Starting segment from index:0
2020-08-11 10:22:29,339 [234a1256-f899-4d30-a672-4552a70ba9bb@group-9DCD71CD2593-LeaderElection59] INFO  impl.RaftServerImpl (ServerState.java:setRaftConf(356)) - 234a1256-f899-4d30-a672-4552a70ba9bb@group-9DCD71CD2593: set configuration 0: [234a1256-f899-4d30-a672-4552a70ba9bb:172.17.0.2:33031, d1bce0c3-0b11-4e04-b896-bd0ae9e1df71:172.17.0.2:45933, 69055b56-bf48-47fd-bece-64ae6d668fba:172.17.0.2:44699], old=null at 0
2020-08-11 10:22:29,339 [234a1256-f899-4d30-a672-4552a70ba9bb@group-9DCD71CD2593-SegmentedRaftLogWorker] INFO  segmented.SegmentedRaftLogWorker (SegmentedRaftLogWorker.java:execute(596)) - 234a1256-f899-4d30-a672-4552a70ba9bb@group-9DCD71CD2593-SegmentedRaftLogWorker: created new log segment /github/workspace/mnt/ozone/hadoop-ozone/integration-test/target/test-dir/MiniOzoneClusterImpl-8391e218-a55d-4210-9d4e-82a64144cc20/datanode-0/data/ratis/773867e7-0762-4e2f-b39b-9dcd71cd2593/current/log_inprogress_0
2020-08-11 10:22:29,345 [grpc-default-executor-2] INFO  ratis.XceiverServerRatis (XceiverServerRatis.java:handleLeaderChangedNotification(822)) - Leader change notification received for group: group-9DCD71CD2593 with new leaderId: 234a1256-f899-4d30-a672-4552a70ba9bb
2020-08-11 10:22:29,345 [grpc-default-executor-2] INFO  impl.RaftServerImpl (ServerState.java:setLeader(255)) - d1bce0c3-0b11-4e04-b896-bd0ae9e1df71@group-9DCD71CD2593: change Leader from null to 234a1256-f899-4d30-a672-4552a70ba9bb at term 2 for appendEntries, leader elected after 10329ms
2020-08-11 10:22:29,350 [grpc-default-executor-4] INFO  impl.RaftServerImpl (ServerState.java:setRaftConf(356)) - d1bce0c3-0b11-4e04-b896-bd0ae9e1df71@group-9DCD71CD2593: set configuration 0: [234a1256-f899-4d30-a672-4552a70ba9bb:172.17.0.2:33031, d1bce0c3-0b11-4e04-b896-bd0ae9e1df71:172.17.0.2:45933, 69055b56-bf48-47fd-bece-64ae6d668fba:172.17.0.2:44699], old=null at 0
2020-08-11 10:22:29,350 [grpc-default-executor-4] INFO  segmented.SegmentedRaftLogWorker (SegmentedRaftLogWorker.java:startLogSegment(397)) - d1bce0c3-0b11-4e04-b896-bd0ae9e1df71@group-9DCD71CD2593-SegmentedRaftLogWorker: Starting segment from index:0
2020-08-11 10:22:29,353 [d1bce0c3-0b11-4e04-b896-bd0ae9e1df71@group-9DCD71CD2593-SegmentedRaftLogWorker] INFO  segmented.SegmentedRaftLogWorker (SegmentedRaftLogWorker.java:execute(596)) - d1bce0c3-0b11-4e04-b896-bd0ae9e1df71@group-9DCD71CD2593-SegmentedRaftLogWorker: created new log segment /github/workspace/mnt/ozone/hadoop-ozone/integration-test/target/test-dir/MiniOzoneClusterImpl-8391e218-a55d-4210-9d4e-82a64144cc20/datanode-2/data/ratis/773867e7-0762-4e2f-b39b-9dcd71cd2593/current/log_inprogress_0
2020-08-11 10:22:29,355 [grpc-default-executor-4] INFO  ratis.XceiverServerRatis (XceiverServerRatis.java:handleLeaderChangedNotification(822)) - Leader change notification received for group: group-9DCD71CD2593 with new leaderId: 234a1256-f899-4d30-a672-4552a70ba9bb
2020-08-11 10:22:29,355 [grpc-default-executor-4] INFO  impl.RaftServerImpl (ServerState.java:setLeader(255)) - 69055b56-bf48-47fd-bece-64ae6d668fba@group-9DCD71CD2593: change Leader from null to 234a1256-f899-4d30-a672-4552a70ba9bb at term 2 for appendEntries, leader elected after 10310ms
2020-08-11 10:22:29,358 [grpc-default-executor-4] INFO  impl.RaftServerImpl (ServerState.java:setRaftConf(356)) - 69055b56-bf48-47fd-bece-64ae6d668fba@group-9DCD71CD2593: set configuration 0: [234a1256-f899-4d30-a672-4552a70ba9bb:172.17.0.2:33031, d1bce0c3-0b11-4e04-b896-bd0ae9e1df71:172.17.0.2:45933, 69055b56-bf48-47fd-bece-64ae6d668fba:172.17.0.2:44699], old=null at 0
2020-08-11 10:22:29,359 [grpc-default-executor-4] INFO  segmented.SegmentedRaftLogWorker (SegmentedRaftLogWorker.java:startLogSegment(397)) - 69055b56-bf48-47fd-bece-64ae6d668fba@group-9DCD71CD2593-SegmentedRaftLogWorker: Starting segment from index:0
2020-08-11 10:22:29,360 [69055b56-bf48-47fd-bece-64ae6d668fba@group-9DCD71CD2593-SegmentedRaftLogWorker] INFO  segmented.SegmentedRaftLogWorker (SegmentedRaftLogWorker.java:execute(596)) - 69055b56-bf48-47fd-bece-64ae6d668fba@group-9DCD71CD2593-SegmentedRaftLogWorker: created new log segment /github/workspace/mnt/ozone/hadoop-ozone/integration-test/target/test-dir/MiniOzoneClusterImpl-8391e218-a55d-4210-9d4e-82a64144cc20/datanode-1/data/ratis/773867e7-0762-4e2f-b39b-9dcd71cd2593/current/log_inprogress_0
2020-08-11 10:22:30,023 [Listener at 127.0.0.1/39953] INFO  ozoneimpl.OzoneContainer (OzoneContainer.java:stop(259)) - Attempting to stop container services.
2020-08-11 10:22:30,023 [ForkJoinPool.commonPool-worker-1] INFO  ozoneimpl.OzoneContainer (OzoneContainer.java:stop(259)) - Attempting to stop container services.
2020-08-11 10:22:30,023 [ForkJoinPool.commonPool-worker-1] INFO  impl.RaftServerProxy (RaftServerProxy.java:lambda$close$4(319)) - d1bce0c3-0b11-4e04-b896-bd0ae9e1df71: close
2020-08-11 10:22:30,023 [Listener at 127.0.0.1/39953] INFO  impl.RaftServerProxy (RaftServerProxy.java:lambda$close$4(319)) - 8c118799-e191-4e7e-ab0c-0c1f4e4855fe: close
2020-08-11 10:22:30,024 [Listener at 127.0.0.1/39953] INFO  impl.RaftServerImpl (RaftServerImpl.java:lambda$shutdown$3(263)) - 8c118799-e191-4e7e-ab0c-0c1f4e4855fe@group-02EE26485F32: shutdown
2020-08-11 10:22:30,024 [Listener at 127.0.0.1/39953] INFO  util.JmxRegister (JmxRegister.java:unregister(73)) - Successfully un-registered JMX Bean with object name Ratis:service=RaftServer,group=group-02EE26485F32,id=8c118799-e191-4e7e-ab0c-0c1f4e4855fe
2020-08-11 10:22:30,024 [Listener at 127.0.0.1/39953] INFO  impl.RoleInfo (RoleInfo.java:shutdownLeaderState(104)) - 8c118799-e191-4e7e-ab0c-0c1f4e4855fe: shutdown LeaderState
2020-08-11 10:22:30,024 [Listener at 127.0.0.1/39953] INFO  impl.PendingRequests (PendingRequests.java:sendNotLeaderResponses(249)) - 8c118799-e191-4e7e-ab0c-0c1f4e4855fe@group-02EE26485F32-PendingRequests: sendNotLeaderResponses
2020-08-11 10:22:30,024 [Listener at 127.0.0.1/39953] INFO  metrics.RatisMetrics (RatisMetrics.java:unregister(43)) - Unregistering Metrics Registry : ratis.log_appender.8c118799-e191-4e7e-ab0c-0c1f4e4855fe@group-02EE26485F32
2020-08-11 10:22:30,024 [Listener at 127.0.0.1/39953] INFO  metrics.RatisMetrics (RatisMetrics.java:unregister(43)) - Unregistering Metrics Registry : ratis.server.8c118799-e191-4e7e-ab0c-0c1f4e4855fe@group-02EE26485F32
2020-08-11 10:22:30,025 [Listener at 127.0.0.1/39953] INFO  impl.StateMachineUpdater (StateMachineUpdater.java:stopAndJoin(142)) - 8c118799-e191-4e7e-ab0c-0c1f4e4855fe@group-02EE26485F32-StateMachineUpdater: set stopIndex = 0
2020-08-11 10:22:30,023 [ForkJoinPool.commonPool-worker-1] INFO  impl.RaftServerImpl (RaftServerImpl.java:lambda$shutdown$3(263)) - d1bce0c3-0b11-4e04-b896-bd0ae9e1df71@group-767A0F5E95B3: shutdown
2020-08-11 10:22:30,026 [ForkJoinPool.commonPool-worker-1] INFO  util.JmxRegister (JmxRegister.java:unregister(73)) - Successfully un-registered JMX Bean with object name Ratis:service=RaftServer,group=group-767A0F5E95B3,id=d1bce0c3-0b11-4e04-b896-bd0ae9e1df71
2020-08-11 10:22:30,026 [ForkJoinPool.commonPool-worker-1] INFO  impl.RoleInfo (RoleInfo.java:shutdownLeaderState(104)) - d1bce0c3-0b11-4e04-b896-bd0ae9e1df71: shutdown LeaderState
2020-08-11 10:22:30,026 [ForkJoinPool.commonPool-worker-1] INFO  impl.PendingRequests (PendingRequests.java:sendNotLeaderResponses(249)) - d1bce0c3-0b11-4e04-b896-bd0ae9e1df71@group-767A0F5E95B3-PendingRequests: sendNotLeaderResponses
2020-08-11 10:22:30,026 [ForkJoinPool.commonPool-worker-1] INFO  metrics.RatisMetrics (RatisMetrics.java:unregister(43)) - Unregistering Metrics Registry : ratis.log_appender.d1bce0c3-0b11-4e04-b896-bd0ae9e1df71@group-767A0F5E95B3
2020-08-11 10:22:30,026 [ForkJoinPool.commonPool-worker-1] INFO  metrics.RatisMetrics (RatisMetrics.java:unregister(43)) - Unregistering Metrics Registry : ratis.server.d1bce0c3-0b11-4e04-b896-bd0ae9e1df71@group-767A0F5E95B3
2020-08-11 10:22:30,026 [8c118799-e191-4e7e-ab0c-0c1f4e4855fe@group-02EE26485F32-StateMachineUpdater] INFO  ratis.ContainerStateMachine (ContainerStateMachine.java:takeSnapshot(293)) - group-02EE26485F32: Taking a snapshot at:(t:1, i:0) file /github/workspace/mnt/ozone/hadoop-ozone/integration-test/target/test-dir/MiniOzoneClusterImpl-8391e218-a55d-4210-9d4e-82a64144cc20/datanode-4/data/ratis/3a6f4b9e-d30b-46b5-ba69-02ee26485f32/sm/snapshot.1_0
2020-08-11 10:22:30,027 [8c118799-e191-4e7e-ab0c-0c1f4e4855fe@group-02EE26485F32-StateMachineUpdater] INFO  ratis.ContainerStateMachine (ContainerStateMachine.java:takeSnapshot(304)) - group-02EE26485F32: Finished taking a snapshot at:(t:1, i:0) file:/github/workspace/mnt/ozone/hadoop-ozone/integration-test/target/test-dir/MiniOzoneClusterImpl-8391e218-a55d-4210-9d4e-82a64144cc20/datanode-4/data/ratis/3a6f4b9e-d30b-46b5-ba69-02ee26485f32/sm/snapshot.1_0 time:1
2020-08-11 10:22:30,027 [8c118799-e191-4e7e-ab0c-0c1f4e4855fe@group-02EE26485F32-StateMachineUpdater] INFO  impl.StateMachineUpdater (StateMachineUpdater.java:takeSnapshot(277)) - 8c118799-e191-4e7e-ab0c-0c1f4e4855fe@group-02EE26485F32-StateMachineUpdater: Took a snapshot at index 0
2020-08-11 10:22:30,027 [8c118799-e191-4e7e-ab0c-0c1f4e4855fe@group-02EE26485F32-StateMachineUpdater] INFO  impl.StateMachineUpdater (StateMachineUpdater.java:lambda$new$0(87)) - 8c118799-e191-4e7e-ab0c-0c1f4e4855fe@group-02EE26485F32-StateMachineUpdater: snapshotIndex: updateIncreasingly -1 -> 0
2020-08-11 10:22:30,027 [ForkJoinPool.commonPool-worker-1] INFO  impl.StateMachineUpdater (StateMachineUpdater.java:stopAndJoin(142)) - d1bce0c3-0b11-4e04-b896-bd0ae9e1df71@group-767A0F5E95B3-StateMachineUpdater: set stopIndex = 0
2020-08-11 10:22:30,027 [8c118799-e191-4e7e-ab0c-0c1f4e4855fe@group-02EE26485F32-StateMachineUpdater] INFO  metrics.RatisMetrics (RatisMetrics.java:unregister(43)) - Unregistering Metrics Registry : ratis.state_machine.8c118799-e191-4e7e-ab0c-0c1f4e4855fe@group-02EE26485F32
2020-08-11 10:22:30,027 [d1bce0c3-0b11-4e04-b896-bd0ae9e1df71@group-767A0F5E95B3-StateMachineUpdater] INFO  ratis.ContainerStateMachine (ContainerStateMachine.java:takeSnapshot(293)) - group-767A0F5E95B3: Taking a snapshot at:(t:1, i:0) file /github/workspace/mnt/ozone/hadoop-ozone/integration-test/target/test-dir/MiniOzoneClusterImpl-8391e218-a55d-4210-9d4e-82a64144cc20/datanode-2/data/ratis/d671a4aa-7890-46e0-aefb-767a0f5e95b3/sm/snapshot.1_0
2020-08-11 10:22:30,028 [Listener at 127.0.0.1/39953] INFO  impl.RaftServerImpl (ServerState.java:close(387)) - 8c118799-e191-4e7e-ab0c-0c1f4e4855fe@group-02EE26485F32: closes. applyIndex: 0
2020-08-11 10:22:30,029 [8c118799-e191-4e7e-ab0c-0c1f4e4855fe@group-02EE26485F32-SegmentedRaftLogWorker] INFO  segmented.SegmentedRaftLogWorker (SegmentedRaftLogWorker.java:run(327)) - 8c118799-e191-4e7e-ab0c-0c1f4e4855fe@group-02EE26485F32-SegmentedRaftLogWorker was interrupted, exiting. There are 0 tasks remaining in the queue.
2020-08-11 10:22:30,030 [d1bce0c3-0b11-4e04-b896-bd0ae9e1df71@group-767A0F5E95B3-StateMachineUpdater] INFO  ratis.ContainerStateMachine (ContainerStateMachine.java:takeSnapshot(304)) - group-767A0F5E95B3: Finished taking a snapshot at:(t:1, i:0) file:/github/workspace/mnt/ozone/hadoop-ozone/integration-test/target/test-dir/MiniOzoneClusterImpl-8391e218-a55d-4210-9d4e-82a64144cc20/datanode-2/data/ratis/d671a4aa-7890-46e0-aefb-767a0f5e95b3/sm/snapshot.1_0 time:2
2020-08-11 10:22:30,030 [Listener at 127.0.0.1/39953] INFO  segmented.SegmentedRaftLogWorker (SegmentedRaftLogWorker.java:close(234)) - 8c118799-e191-4e7e-ab0c-0c1f4e4855fe@group-02EE26485F32-SegmentedRaftLogWorker close()
2020-08-11 10:22:30,030 [d1bce0c3-0b11-4e04-b896-bd0ae9e1df71@group-767A0F5E95B3-StateMachineUpdater] INFO  impl.StateMachineUpdater (StateMachineUpdater.java:takeSnapshot(277)) - d1bce0c3-0b11-4e04-b896-bd0ae9e1df71@group-767A0F5E95B3-StateMachineUpdater: Took a snapshot at index 0
2020-08-11 10:22:30,031 [d1bce0c3-0b11-4e04-b896-bd0ae9e1df71@group-767A0F5E95B3-StateMachineUpdater] INFO  impl.StateMachineUpdater (StateMachineUpdater.java:lambda$new$0(87)) - d1bce0c3-0b11-4e04-b896-bd0ae9e1df71@group-767A0F5E95B3-StateMachineUpdater: snapshotIndex: updateIncreasingly -1 -> 0
2020-08-11 10:22:30,032 [d1bce0c3-0b11-4e04-b896-bd0ae9e1df71@group-767A0F5E95B3-StateMachineUpdater] INFO  metrics.RatisMetrics (RatisMetrics.java:unregister(43)) - Unregistering Metrics Registry : ratis.state_machine.d1bce0c3-0b11-4e04-b896-bd0ae9e1df71@group-767A0F5E95B3
2020-08-11 10:22:30,032 [ForkJoinPool.commonPool-worker-1] INFO  impl.RaftServerImpl (ServerState.java:close(387)) - d1bce0c3-0b11-4e04-b896-bd0ae9e1df71@group-767A0F5E95B3: closes. applyIndex: 0
2020-08-11 10:22:30,031 [Listener at 127.0.0.1/39953] INFO  metrics.RatisMetrics (RatisMetrics.java:unregister(43)) - Unregistering Metrics Registry : ratis.log_worker.8c118799-e191-4e7e-ab0c-0c1f4e4855fe@group-02EE26485F32
2020-08-11 10:22:30,032 [d1bce0c3-0b11-4e04-b896-bd0ae9e1df71@group-767A0F5E95B3-SegmentedRaftLogWorker] INFO  segmented.SegmentedRaftLogWorker (SegmentedRaftLogWorker.java:run(327)) - d1bce0c3-0b11-4e04-b896-bd0ae9e1df71@group-767A0F5E95B3-SegmentedRaftLogWorker was interrupted, exiting. There are 0 tasks remaining in the queue.
2020-08-11 10:22:30,032 [Listener at 127.0.0.1/39953] INFO  metrics.RatisMetrics (RatisMetrics.java:unregister(43)) - Unregistering Metrics Registry : ratis.leader_election.8c118799-e191-4e7e-ab0c-0c1f4e4855fe@group-02EE26485F32
2020-08-11 10:22:30,033 [Listener at 127.0.0.1/39953] INFO  metrics.RatisMetrics (RatisMetrics.java:unregister(43)) - Unregistering Metrics Registry : ratis.server.8c118799-e191-4e7e-ab0c-0c1f4e4855fe@group-02EE26485F32
2020-08-11 10:22:30,033 [Listener at 127.0.0.1/39953] INFO  impl.RaftServerImpl (RaftServerImpl.java:lambda$shutdown$3(263)) - 8c118799-e191-4e7e-ab0c-0c1f4e4855fe@group-14F6F6330515: shutdown
2020-08-11 10:22:30,033 [ForkJoinPool.commonPool-worker-1] INFO  segmented.SegmentedRaftLogWorker (SegmentedRaftLogWorker.java:close(234)) - d1bce0c3-0b11-4e04-b896-bd0ae9e1df71@group-767A0F5E95B3-SegmentedRaftLogWorker close()
2020-08-11 10:22:30,033 [Listener at 127.0.0.1/39953] INFO  util.JmxRegister (JmxRegister.java:unregister(73)) - Successfully un-registered JMX Bean with object name Ratis:service=RaftServer,group=group-14F6F6330515,id=8c118799-e191-4e7e-ab0c-0c1f4e4855fe
2020-08-11 10:22:30,035 [Listener at 127.0.0.1/39953] INFO  impl.RoleInfo (RoleInfo.java:shutdownFollowerState(121)) - 8c118799-e191-4e7e-ab0c-0c1f4e4855fe: shutdown FollowerState
2020-08-11 10:22:30,035 [ForkJoinPool.commonPool-worker-1] INFO  metrics.RatisMetrics (RatisMetrics.java:unregister(43)) - Unregistering Metrics Registry : ratis.log_worker.d1bce0c3-0b11-4e04-b896-bd0ae9e1df71@group-767A0F5E95B3
2020-08-11 10:22:30,036 [8c118799-e191-4e7e-ab0c-0c1f4e4855fe@group-14F6F6330515-StateMachineUpdater] INFO  ratis.ContainerStateMachine (ContainerStateMachine.java:takeSnapshot(293)) - group-14F6F6330515: Taking a snapshot at:(t:1, i:2) file /github/workspace/mnt/ozone/hadoop-ozone/integration-test/target/test-dir/MiniOzoneClusterImpl-8391e218-a55d-4210-9d4e-82a64144cc20/datanode-4/data/ratis/57316020-1602-4716-8c19-14f6f6330515/sm/snapshot.1_2
2020-08-11 10:22:30,035 [Listener at 127.0.0.1/39953] INFO  impl.StateMachineUpdater (StateMachineUpdater.java:stopAndJoin(142)) - 8c118799-e191-4e7e-ab0c-0c1f4e4855fe@group-14F6F6330515-StateMachineUpdater: set stopIndex = 2
2020-08-11 10:22:30,035 [Thread-1687] INFO  impl.FollowerState (FollowerState.java:run(117)) - 8c118799-e191-4e7e-ab0c-0c1f4e4855fe@group-14F6F6330515-FollowerState was interrupted: java.lang.InterruptedException: sleep interrupted
2020-08-11 10:22:30,036 [ForkJoinPool.commonPool-worker-1] INFO  metrics.RatisMetrics (RatisMetrics.java:unregister(43)) - Unregistering Metrics Registry : ratis.leader_election.d1bce0c3-0b11-4e04-b896-bd0ae9e1df71@group-767A0F5E95B3
2020-08-11 10:22:30,036 [ForkJoinPool.commonPool-worker-1] INFO  metrics.RatisMetrics (RatisMetrics.java:unregister(43)) - Unregistering Metrics Registry : ratis.server.d1bce0c3-0b11-4e04-b896-bd0ae9e1df71@group-767A0F5E95B3
2020-08-11 10:22:30,037 [ForkJoinPool.commonPool-worker-1] INFO  impl.RaftServerImpl (RaftServerImpl.java:lambda$shutdown$3(263)) - d1bce0c3-0b11-4e04-b896-bd0ae9e1df71@group-9DCD71CD2593: shutdown
2020-08-11 10:22:30,037 [ForkJoinPool.commonPool-worker-1] INFO  util.JmxRegister (JmxRegister.java:unregister(73)) - Successfully un-registered JMX Bean with object name Ratis:service=RaftServer,group=group-9DCD71CD2593,id=d1bce0c3-0b11-4e04-b896-bd0ae9e1df71
2020-08-11 10:22:30,037 [ForkJoinPool.commonPool-worker-1] INFO  impl.RoleInfo (RoleInfo.java:shutdownFollowerState(121)) - d1bce0c3-0b11-4e04-b896-bd0ae9e1df71: shutdown FollowerState
2020-08-11 10:22:30,037 [Thread-1747] INFO  impl.FollowerState (FollowerState.java:run(117)) - d1bce0c3-0b11-4e04-b896-bd0ae9e1df71@group-9DCD71CD2593-FollowerState was interrupted: java.lang.InterruptedException: sleep interrupted
2020-08-11 10:22:30,037 [8c118799-e191-4e7e-ab0c-0c1f4e4855fe@group-14F6F6330515-StateMachineUpdater] INFO  ratis.ContainerStateMachine (ContainerStateMachine.java:takeSnapshot(304)) - group-14F6F6330515: Finished taking a snapshot at:(t:1, i:2) file:/github/workspace/mnt/ozone/hadoop-ozone/integration-test/target/test-dir/MiniOzoneClusterImpl-8391e218-a55d-4210-9d4e-82a64144cc20/datanode-4/data/ratis/57316020-1602-4716-8c19-14f6f6330515/sm/snapshot.1_2 time:2
2020-08-11 10:22:30,045 [d1bce0c3-0b11-4e04-b896-bd0ae9e1df71@group-9DCD71CD2593-StateMachineUpdater] INFO  metrics.RatisMetrics (RatisMetrics.java:unregister(43)) - Unregistering Metrics Registry : ratis.state_machine.d1bce0c3-0b11-4e04-b896-bd0ae9e1df71@group-9DCD71CD2593
2020-08-11 10:22:30,045 [8c118799-e191-4e7e-ab0c-0c1f4e4855fe@group-14F6F6330515-StateMachineUpdater] INFO  impl.StateMachineUpdater (StateMachineUpdater.java:takeSnapshot(277)) - 8c118799-e191-4e7e-ab0c-0c1f4e4855fe@group-14F6F6330515-StateMachineUpdater: Took a snapshot at index 2
2020-08-11 10:22:30,045 [8c118799-e191-4e7e-ab0c-0c1f4e4855fe@group-14F6F6330515-StateMachineUpdater] INFO  impl.StateMachineUpdater (StateMachineUpdater.java:lambda$new$0(87)) - 8c118799-e191-4e7e-ab0c-0c1f4e4855fe@group-14F6F6330515-StateMachineUpdater: snapshotIndex: updateIncreasingly -1 -> 2
2020-08-11 10:22:30,045 [8c118799-e191-4e7e-ab0c-0c1f4e4855fe@group-14F6F6330515-StateMachineUpdater] INFO  metrics.RatisMetrics (RatisMetrics.java:unregister(43)) - Unregistering Metrics Registry : ratis.state_machine.8c118799-e191-4e7e-ab0c-0c1f4e4855fe@group-14F6F6330515
2020-08-11 10:22:30,045 [ForkJoinPool.commonPool-worker-1] INFO  impl.StateMachineUpdater (StateMachineUpdater.java:stopAndJoin(142)) - d1bce0c3-0b11-4e04-b896-bd0ae9e1df71@group-9DCD71CD2593-StateMachineUpdater: set stopIndex = -1
2020-08-11 10:22:30,046 [ForkJoinPool.commonPool-worker-1] INFO  impl.RaftServerImpl (ServerState.java:close(387)) - d1bce0c3-0b11-4e04-b896-bd0ae9e1df71@group-9DCD71CD2593: closes. applyIndex: -1
2020-08-11 10:22:30,046 [d1bce0c3-0b11-4e04-b896-bd0ae9e1df71@group-9DCD71CD2593-SegmentedRaftLogWorker] INFO  segmented.SegmentedRaftLogWorker (SegmentedRaftLogWorker.java:run(327)) - d1bce0c3-0b11-4e04-b896-bd0ae9e1df71@group-9DCD71CD2593-SegmentedRaftLogWorker was interrupted, exiting. There are 0 tasks remaining in the queue.
2020-08-11 10:22:30,046 [Listener at 127.0.0.1/39953] INFO  impl.RaftServerImpl (ServerState.java:close(387)) - 8c118799-e191-4e7e-ab0c-0c1f4e4855fe@group-14F6F6330515: closes. applyIndex: 2
2020-08-11 10:22:30,047 [8c118799-e191-4e7e-ab0c-0c1f4e4855fe@group-14F6F6330515-SegmentedRaftLogWorker] INFO  segmented.SegmentedRaftLogWorker (SegmentedRaftLogWorker.java:run(327)) - 8c118799-e191-4e7e-ab0c-0c1f4e4855fe@group-14F6F6330515-SegmentedRaftLogWorker was interrupted, exiting. There are 0 tasks remaining in the queue.
2020-08-11 10:22:30,046 [ForkJoinPool.commonPool-worker-1] INFO  segmented.SegmentedRaftLogWorker (SegmentedRaftLogWorker.java:close(234)) - d1bce0c3-0b11-4e04-b896-bd0ae9e1df71@group-9DCD71CD2593-SegmentedRaftLogWorker close()
2020-08-11 10:22:30,052 [Listener at 127.0.0.1/39953] INFO  segmented.SegmentedRaftLogWorker (SegmentedRaftLogWorker.java:close(234)) - 8c118799-e191-4e7e-ab0c-0c1f4e4855fe@group-14F6F6330515-SegmentedRaftLogWorker close()
2020-08-11 10:22:30,055 [ForkJoinPool.commonPool-worker-1] INFO  metrics.RatisMetrics (RatisMetrics.java:unregister(43)) - Unregistering Metrics Registry : ratis.log_worker.d1bce0c3-0b11-4e04-b896-bd0ae9e1df71@group-9DCD71CD2593
2020-08-11 10:22:30,055 [ForkJoinPool.commonPool-worker-1] INFO  metrics.RatisMetrics (RatisMetrics.java:unregister(43)) - Unregistering Metrics Registry : ratis.leader_election.d1bce0c3-0b11-4e04-b896-bd0ae9e1df71@group-9DCD71CD2593
2020-08-11 10:22:30,055 [ForkJoinPool.commonPool-worker-1] INFO  metrics.RatisMetrics (RatisMetrics.java:unregister(43)) - Unregistering Metrics Registry : ratis.server.d1bce0c3-0b11-4e04-b896-bd0ae9e1df71@group-9DCD71CD2593
2020-08-11 10:22:30,055 [ForkJoinPool.commonPool-worker-1] INFO  server.GrpcService (GrpcService.java:closeImpl(166)) - d1bce0c3-0b11-4e04-b896-bd0ae9e1df71: shutdown server with port 45933 now
2020-08-11 10:22:30,057 [Listener at 127.0.0.1/39953] INFO  metrics.RatisMetrics (RatisMetrics.java:unregister(43)) - Unregistering Metrics Registry : ratis.log_worker.8c118799-e191-4e7e-ab0c-0c1f4e4855fe@group-14F6F6330515
2020-08-11 10:22:30,059 [grpc-default-executor-4] WARN  server.GrpcServerProtocolService (LogUtils.java:warn(122)) - d1bce0c3-0b11-4e04-b896-bd0ae9e1df71: installSnapshot onError, lastRequest: 234a1256-f899-4d30-a672-4552a70ba9bb->d1bce0c3-0b11-4e04-b896-bd0ae9e1df71#1-t2, previous=(t:0, i:0), leaderCommit=-1, initializing? false, entries: size=1, first=(t:2, i:0), CONFIGURATIONENTRY: org.apache.ratis.thirdparty.io.grpc.StatusRuntimeException: CANCELLED: cancelled before receiving half close
2020-08-11 10:22:30,058 [grpc-default-executor-2] WARN  server.GrpcLogAppender (LogUtils.java:warn(122)) - 234a1256-f899-4d30-a672-4552a70ba9bb@group-9DCD71CD2593->d1bce0c3-0b11-4e04-b896-bd0ae9e1df71-AppendLogResponseHandler: Failed appendEntries: org.apache.ratis.thirdparty.io.grpc.StatusRuntimeException: CANCELLED: HTTP/2 error code: CANCEL
Received Rst Stream
2020-08-11 10:22:30,065 [grpc-default-executor-2] INFO  impl.FollowerInfo (FollowerInfo.java:lambda$new$0(51)) - 234a1256-f899-4d30-a672-4552a70ba9bb@group-9DCD71CD2593->d1bce0c3-0b11-4e04-b896-bd0ae9e1df71: nextIndex: updateUnconditionally 1 -> 0
2020-08-11 10:22:30,066 [Listener at 127.0.0.1/39953] INFO  metrics.RatisMetrics (RatisMetrics.java:unregister(43)) - Unregistering Metrics Registry : ratis.leader_election.8c118799-e191-4e7e-ab0c-0c1f4e4855fe@group-14F6F6330515
2020-08-11 10:22:30,067 [Listener at 127.0.0.1/39953] INFO  metrics.RatisMetrics (RatisMetrics.java:unregister(43)) - Unregistering Metrics Registry : ratis.server.8c118799-e191-4e7e-ab0c-0c1f4e4855fe@group-14F6F6330515
2020-08-11 10:22:30,067 [Listener at 127.0.0.1/39953] INFO  server.GrpcService (GrpcService.java:closeImpl(166)) - 8c118799-e191-4e7e-ab0c-0c1f4e4855fe: shutdown server with port 40537 now
2020-08-11 10:22:30,069 [ForkJoinPool.commonPool-worker-1] INFO  server.GrpcService (GrpcService.java:closeImpl(174)) - d1bce0c3-0b11-4e04-b896-bd0ae9e1df71: shutdown server with port 45933 successfully
2020-08-11 10:22:30,070 [grpc-default-executor-2] WARN  server.GrpcLogAppender (LogUtils.java:warn(122)) - 406c90ca-93e0-4c35-9202-d1a6c1200adf@group-14F6F6330515->8c118799-e191-4e7e-ab0c-0c1f4e4855fe-AppendLogResponseHandler: Failed appendEntries: org.apache.ratis.thirdparty.io.grpc.StatusRuntimeException: CANCELLED: HTTP/2 error code: CANCEL
Received Rst Stream
2020-08-11 10:22:30,069 [grpc-default-executor-5] WARN  server.GrpcServerProtocolService (LogUtils.java:warn(122)) - 8c118799-e191-4e7e-ab0c-0c1f4e4855fe: installSnapshot onError, lastRequest: 406c90ca-93e0-4c35-9202-d1a6c1200adf->8c118799-e191-4e7e-ab0c-0c1f4e4855fe#3-t1, previous=(t:1, i:1), leaderCommit=1, initializing? false, entries: size=1, first=(t:1, i:2), METADATAENTRY(c:1): org.apache.ratis.thirdparty.io.grpc.StatusRuntimeException: CANCELLED: cancelled before receiving half close
2020-08-11 10:22:30,072 [grpc-default-executor-2] INFO  impl.FollowerInfo (FollowerInfo.java:lambda$new$0(51)) - 406c90ca-93e0-4c35-9202-d1a6c1200adf@group-14F6F6330515->8c118799-e191-4e7e-ab0c-0c1f4e4855fe: nextIndex: updateUnconditionally 3 -> 2
2020-08-11 10:22:30,072 [Listener at 127.0.0.1/39953] INFO  server.GrpcService (GrpcService.java:closeImpl(174)) - 8c118799-e191-4e7e-ab0c-0c1f4e4855fe: shutdown server with port 40537 successfully
2020-08-11 10:22:30,078 [ForkJoinPool.commonPool-worker-1] INFO  utils.BackgroundService (BackgroundService.java:shutdown(157)) - Shutting down service BlockDeletingService
2020-08-11 10:22:30,080 [Listener at 127.0.0.1/39953] INFO  utils.BackgroundService (BackgroundService.java:shutdown(157)) - Shutting down service BlockDeletingService
2020-08-11 10:22:30,087 [ForkJoinPool.commonPool-worker-1] INFO  statemachine.DatanodeStateMachine (DatanodeStateMachine.java:stopDaemon(454)) - Ozone container server stopped.
2020-08-11 10:22:30,097 [ForkJoinPool.commonPool-worker-1] INFO  handler.ContextHandler (ContextHandler.java:doStop(1016)) - Stopped o.e.j.w.WebAppContext@73c2097e{hddsDatanode,/,null,UNAVAILABLE}{jar:file:/home/user/.m2/repository/org/apache/hadoop/hadoop-hdds-container-service/0.6.0-SNAPSHOT/hadoop-hdds-container-service-0.6.0-SNAPSHOT.jar!/webapps/hddsDatanode}
2020-08-11 10:22:30,103 [Listener at 127.0.0.1/39953] INFO  statemachine.DatanodeStateMachine (DatanodeStateMachine.java:stopDaemon(454)) - Ozone container server stopped.
2020-08-11 10:22:30,109 [Listener at 127.0.0.1/39953] INFO  handler.ContextHandler (ContextHandler.java:doStop(1016)) - Stopped o.e.j.w.WebAppContext@3b9bfa09{hddsDatanode,/,null,UNAVAILABLE}{jar:file:/home/user/.m2/repository/org/apache/hadoop/hadoop-hdds-container-service/0.6.0-SNAPSHOT/hadoop-hdds-container-service-0.6.0-SNAPSHOT.jar!/webapps/hddsDatanode}
2020-08-11 10:22:30,109 [Listener at 127.0.0.1/39953] INFO  server.AbstractConnector (AbstractConnector.java:doStop(380)) - Stopped ServerConnector@46cd3592{HTTP/1.1,[http/1.1]}{0.0.0.0:0}
2020-08-11 10:22:30,109 [Listener at 127.0.0.1/39953] INFO  server.session (HouseKeeper.java:stopScavenging(158)) - node0 Stopped scavenging
2020-08-11 10:22:30,109 [ForkJoinPool.commonPool-worker-1] INFO  server.AbstractConnector (AbstractConnector.java:doStop(380)) - Stopped ServerConnector@3bf572e0{HTTP/1.1,[http/1.1]}{0.0.0.0:0}
2020-08-11 10:22:30,110 [ForkJoinPool.commonPool-worker-1] INFO  server.session (HouseKeeper.java:stopScavenging(158)) - node0 Stopped scavenging
2020-08-11 10:22:30,110 [Listener at 127.0.0.1/39953] INFO  handler.ContextHandler (ContextHandler.java:doStop(1016)) - Stopped o.e.j.s.ServletContextHandler@5882ff51{static,/static,jar:file:/home/user/.m2/repository/org/apache/hadoop/hadoop-hdds-container-service/0.6.0-SNAPSHOT/hadoop-hdds-container-service-0.6.0-SNAPSHOT.jar!/webapps/static,UNAVAILABLE}
2020-08-11 10:22:30,111 [ForkJoinPool.commonPool-worker-1] INFO  handler.ContextHandler (ContextHandler.java:doStop(1016)) - Stopped o.e.j.s.ServletContextHandler@6f49a165{static,/static,jar:file:/home/user/.m2/repository/org/apache/hadoop/hadoop-hdds-container-service/0.6.0-SNAPSHOT/hadoop-hdds-container-service-0.6.0-SNAPSHOT.jar!/webapps/static,UNAVAILABLE}
2020-08-11 10:22:30,111 [Listener at 127.0.0.1/39953] INFO  handler.ContextHandler (ContextHandler.java:doStop(1016)) - Stopped o.e.j.s.ServletContextHandler@23368646{logs,/logs,file:///github/workspace/mnt/ozone/hadoop-ozone/integration-test/target/log,UNAVAILABLE}
2020-08-11 10:22:30,112 [ForkJoinPool.commonPool-worker-1] INFO  handler.ContextHandler (ContextHandler.java:doStop(1016)) - Stopped o.e.j.s.ServletContextHandler@620a2725{logs,/logs,file:///github/workspace/mnt/ozone/hadoop-ozone/integration-test/target/log,UNAVAILABLE}
2020-08-11 10:22:30,991 [Datanode State Machine Thread - 0] INFO  statemachine.DatanodeStateMachine (DatanodeStateMachine.java:lambda$startDaemon$0(406)) - Ozone container server started.
2020-08-11 10:22:31,003 [Datanode State Machine Thread - 0] INFO  statemachine.DatanodeStateMachine (DatanodeStateMachine.java:lambda$startDaemon$0(406)) - Ozone container server started.
2020-08-11 10:22:31,865 [grpc-default-executor-4] WARN  server.GrpcLogAppender (LogUtils.java:warn(122)) - 234a1256-f899-4d30-a672-4552a70ba9bb@group-9DCD71CD2593->d1bce0c3-0b11-4e04-b896-bd0ae9e1df71-AppendLogResponseHandler: Failed appendEntries: org.apache.ratis.thirdparty.io.grpc.StatusRuntimeException: UNAVAILABLE: io exception
2020-08-11 10:22:31,867 [grpc-default-executor-4] INFO  impl.FollowerInfo (FollowerInfo.java:lambda$new$0(51)) - 234a1256-f899-4d30-a672-4552a70ba9bb@group-9DCD71CD2593->d1bce0c3-0b11-4e04-b896-bd0ae9e1df71: nextIndex: updateUnconditionally 1 -> 0
2020-08-11 10:22:32,486 [grpc-default-executor-5] WARN  server.GrpcLogAppender (LogUtils.java:warn(122)) - 406c90ca-93e0-4c35-9202-d1a6c1200adf@group-14F6F6330515->8c118799-e191-4e7e-ab0c-0c1f4e4855fe-AppendLogResponseHandler: Failed appendEntries: org.apache.ratis.thirdparty.io.grpc.StatusRuntimeException: UNAVAILABLE: io exception
2020-08-11 10:22:32,488 [grpc-default-executor-5] INFO  impl.FollowerInfo (FollowerInfo.java:lambda$new$0(51)) - 406c90ca-93e0-4c35-9202-d1a6c1200adf@group-14F6F6330515->8c118799-e191-4e7e-ab0c-0c1f4e4855fe: nextIndex: updateUnconditionally 3 -> 2
2020-08-11 10:22:34,367 [grpc-default-executor-4] WARN  server.GrpcLogAppender (LogUtils.java:warn(122)) - 234a1256-f899-4d30-a672-4552a70ba9bb@group-9DCD71CD2593->d1bce0c3-0b11-4e04-b896-bd0ae9e1df71-AppendLogResponseHandler: Failed appendEntries: org.apache.ratis.thirdparty.io.grpc.StatusRuntimeException: UNAVAILABLE: io exception
2020-08-11 10:22:34,369 [grpc-default-executor-4] INFO  impl.FollowerInfo (FollowerInfo.java:lambda$new$0(51)) - 234a1256-f899-4d30-a672-4552a70ba9bb@group-9DCD71CD2593->d1bce0c3-0b11-4e04-b896-bd0ae9e1df71: nextIndex: updateUnconditionally 1 -> 0
2020-08-11 10:22:34,994 [grpc-default-executor-5] WARN  server.GrpcLogAppender (LogUtils.java:warn(122)) - 406c90ca-93e0-4c35-9202-d1a6c1200adf@group-14F6F6330515->8c118799-e191-4e7e-ab0c-0c1f4e4855fe-AppendLogResponseHandler: Failed appendEntries: org.apache.ratis.thirdparty.io.grpc.StatusRuntimeException: UNAVAILABLE: io exception
2020-08-11 10:22:34,995 [grpc-default-executor-5] INFO  impl.FollowerInfo (FollowerInfo.java:lambda$new$0(51)) - 406c90ca-93e0-4c35-9202-d1a6c1200adf@group-14F6F6330515->8c118799-e191-4e7e-ab0c-0c1f4e4855fe: nextIndex: updateUnconditionally 3 -> 2
2020-08-11 10:22:35,114 [Listener at 127.0.0.1/39953] INFO  ozoneimpl.OzoneContainer (OzoneContainer.java:stop(259)) - Attempting to stop container services.
2020-08-11 10:22:35,115 [Listener at 127.0.0.1/39953] INFO  impl.RaftServerProxy (RaftServerProxy.java:lambda$close$4(319)) - 733040ef-1be9-4bd5-8407-b94c2bc1538c: close
2020-08-11 10:22:35,115 [Listener at 127.0.0.1/39953] INFO  impl.RaftServerImpl (RaftServerImpl.java:lambda$shutdown$3(263)) - 733040ef-1be9-4bd5-8407-b94c2bc1538c@group-14F6F6330515: shutdown
2020-08-11 10:22:35,115 [Listener at 127.0.0.1/39953] INFO  util.JmxRegister (JmxRegister.java:unregister(73)) - Successfully un-registered JMX Bean with object name Ratis:service=RaftServer,group=group-14F6F6330515,id=733040ef-1be9-4bd5-8407-b94c2bc1538c
2020-08-11 10:22:35,115 [Listener at 127.0.0.1/39953] INFO  impl.RoleInfo (RoleInfo.java:shutdownFollowerState(121)) - 733040ef-1be9-4bd5-8407-b94c2bc1538c: shutdown FollowerState
2020-08-11 10:22:35,115 [Listener at 127.0.0.1/39953] INFO  impl.StateMachineUpdater (StateMachineUpdater.java:stopAndJoin(142)) - 733040ef-1be9-4bd5-8407-b94c2bc1538c@group-14F6F6330515-StateMachineUpdater: set stopIndex = 2
2020-08-11 10:22:35,116 [Thread-1686] INFO  impl.FollowerState (FollowerState.java:run(117)) - 733040ef-1be9-4bd5-8407-b94c2bc1538c@group-14F6F6330515-FollowerState was interrupted: java.lang.InterruptedException: sleep interrupted
2020-08-11 10:22:35,116 [ForkJoinPool.commonPool-worker-1] INFO  ozoneimpl.OzoneContainer (OzoneContainer.java:stop(259)) - Attempting to stop container services.
2020-08-11 10:22:35,164 [733040ef-1be9-4bd5-8407-b94c2bc1538c@group-14F6F6330515-StateMachineUpdater] INFO  ratis.ContainerStateMachine (ContainerStateMachine.java:takeSnapshot(293)) - group-14F6F6330515: Taking a snapshot at:(t:1, i:2) file /github/workspace/mnt/ozone/hadoop-ozone/integration-test/target/test-dir/MiniOzoneClusterImpl-8391e218-a55d-4210-9d4e-82a64144cc20/datanode-5/data/ratis/57316020-1602-4716-8c19-14f6f6330515/sm/snapshot.1_2
2020-08-11 10:22:35,178 [ForkJoinPool.commonPool-worker-1] INFO  impl.RaftServerProxy (RaftServerProxy.java:lambda$close$4(319)) - 406c90ca-93e0-4c35-9202-d1a6c1200adf: close
2020-08-11 10:22:35,178 [733040ef-1be9-4bd5-8407-b94c2bc1538c@group-14F6F6330515-StateMachineUpdater] INFO  ratis.ContainerStateMachine (ContainerStateMachine.java:takeSnapshot(304)) - group-14F6F6330515: Finished taking a snapshot at:(t:1, i:2) file:/github/workspace/mnt/ozone/hadoop-ozone/integration-test/target/test-dir/MiniOzoneClusterImpl-8391e218-a55d-4210-9d4e-82a64144cc20/datanode-5/data/ratis/57316020-1602-4716-8c19-14f6f6330515/sm/snapshot.1_2 time:15
2020-08-11 10:22:35,178 [ForkJoinPool.commonPool-worker-1] INFO  impl.RaftServerImpl (RaftServerImpl.java:lambda$shutdown$3(263)) - 406c90ca-93e0-4c35-9202-d1a6c1200adf@group-B14D1DCB1247: shutdown
2020-08-11 10:22:35,179 [ForkJoinPool.commonPool-worker-1] INFO  util.JmxRegister (JmxRegister.java:unregister(73)) - Successfully un-registered JMX Bean with object name Ratis:service=RaftServer,group=group-B14D1DCB1247,id=406c90ca-93e0-4c35-9202-d1a6c1200adf
2020-08-11 10:22:35,179 [ForkJoinPool.commonPool-worker-1] INFO  impl.RoleInfo (RoleInfo.java:shutdownLeaderState(104)) - 406c90ca-93e0-4c35-9202-d1a6c1200adf: shutdown LeaderState
2020-08-11 10:22:35,179 [733040ef-1be9-4bd5-8407-b94c2bc1538c@group-14F6F6330515-StateMachineUpdater] INFO  impl.StateMachineUpdater (StateMachineUpdater.java:takeSnapshot(277)) - 733040ef-1be9-4bd5-8407-b94c2bc1538c@group-14F6F6330515-StateMachineUpdater: Took a snapshot at index 2
2020-08-11 10:22:35,179 [733040ef-1be9-4bd5-8407-b94c2bc1538c@group-14F6F6330515-StateMachineUpdater] INFO  impl.StateMachineUpdater (StateMachineUpdater.java:lambda$new$0(87)) - 733040ef-1be9-4bd5-8407-b94c2bc1538c@group-14F6F6330515-StateMachineUpdater: snapshotIndex: updateIncreasingly -1 -> 2
2020-08-11 10:22:35,179 [733040ef-1be9-4bd5-8407-b94c2bc1538c@group-14F6F6330515-StateMachineUpdater] INFO  metrics.RatisMetrics (RatisMetrics.java:unregister(43)) - Unregistering Metrics Registry : ratis.state_machine.733040ef-1be9-4bd5-8407-b94c2bc1538c@group-14F6F6330515
2020-08-11 10:22:35,179 [Listener at 127.0.0.1/39953] INFO  impl.RaftServerImpl (ServerState.java:close(387)) - 733040ef-1be9-4bd5-8407-b94c2bc1538c@group-14F6F6330515: closes. applyIndex: 2
2020-08-11 10:22:35,180 [733040ef-1be9-4bd5-8407-b94c2bc1538c@group-14F6F6330515-SegmentedRaftLogWorker] INFO  segmented.SegmentedRaftLogWorker (SegmentedRaftLogWorker.java:run(327)) - 733040ef-1be9-4bd5-8407-b94c2bc1538c@group-14F6F6330515-SegmentedRaftLogWorker was interrupted, exiting. There are 0 tasks remaining in the queue.
2020-08-11 10:22:35,179 [ForkJoinPool.commonPool-worker-1] INFO  impl.PendingRequests (PendingRequests.java:sendNotLeaderResponses(249)) - 406c90ca-93e0-4c35-9202-d1a6c1200adf@group-B14D1DCB1247-PendingRequests: sendNotLeaderResponses
2020-08-11 10:22:35,180 [ForkJoinPool.commonPool-worker-1] INFO  metrics.RatisMetrics (RatisMetrics.java:unregister(43)) - Unregistering Metrics Registry : ratis.log_appender.406c90ca-93e0-4c35-9202-d1a6c1200adf@group-B14D1DCB1247
2020-08-11 10:22:35,181 [ForkJoinPool.commonPool-worker-1] INFO  metrics.RatisMetrics (RatisMetrics.java:unregister(43)) - Unregistering Metrics Registry : ratis.server.406c90ca-93e0-4c35-9202-d1a6c1200adf@group-B14D1DCB1247
2020-08-11 10:22:35,181 [ForkJoinPool.commonPool-worker-1] INFO  impl.StateMachineUpdater (StateMachineUpdater.java:stopAndJoin(142)) - 406c90ca-93e0-4c35-9202-d1a6c1200adf@group-B14D1DCB1247-StateMachineUpdater: set stopIndex = 0
2020-08-11 10:22:35,182 [406c90ca-93e0-4c35-9202-d1a6c1200adf@group-B14D1DCB1247-StateMachineUpdater] INFO  ratis.ContainerStateMachine (ContainerStateMachine.java:takeSnapshot(293)) - group-B14D1DCB1247: Taking a snapshot at:(t:1, i:0) file /github/workspace/mnt/ozone/hadoop-ozone/integration-test/target/test-dir/MiniOzoneClusterImpl-8391e218-a55d-4210-9d4e-82a64144cc20/datanode-3/data/ratis/35e5ad47-5501-4de8-90b9-b14d1dcb1247/sm/snapshot.1_0
2020-08-11 10:22:35,183 [Listener at 127.0.0.1/39953] INFO  segmented.SegmentedRaftLogWorker (SegmentedRaftLogWorker.java:close(234)) - 733040ef-1be9-4bd5-8407-b94c2bc1538c@group-14F6F6330515-SegmentedRaftLogWorker close()
2020-08-11 10:22:35,183 [406c90ca-93e0-4c35-9202-d1a6c1200adf@group-B14D1DCB1247-StateMachineUpdater] INFO  ratis.ContainerStateMachine (ContainerStateMachine.java:takeSnapshot(304)) - group-B14D1DCB1247: Finished taking a snapshot at:(t:1, i:0) file:/github/workspace/mnt/ozone/hadoop-ozone/integration-test/target/test-dir/MiniOzoneClusterImpl-8391e218-a55d-4210-9d4e-82a64144cc20/datanode-3/data/ratis/35e5ad47-5501-4de8-90b9-b14d1dcb1247/sm/snapshot.1_0 time:0
2020-08-11 10:22:35,183 [406c90ca-93e0-4c35-9202-d1a6c1200adf@group-B14D1DCB1247-StateMachineUpdater] INFO  impl.StateMachineUpdater (StateMachineUpdater.java:takeSnapshot(277)) - 406c90ca-93e0-4c35-9202-d1a6c1200adf@group-B14D1DCB1247-StateMachineUpdater: Took a snapshot at index 0
2020-08-11 10:22:35,183 [406c90ca-93e0-4c35-9202-d1a6c1200adf@group-B14D1DCB1247-StateMachineUpdater] INFO  impl.StateMachineUpdater (StateMachineUpdater.java:lambda$new$0(87)) - 406c90ca-93e0-4c35-9202-d1a6c1200adf@group-B14D1DCB1247-StateMachineUpdater: snapshotIndex: updateIncreasingly -1 -> 0
2020-08-11 10:22:35,183 [406c90ca-93e0-4c35-9202-d1a6c1200adf@group-B14D1DCB1247-StateMachineUpdater] INFO  metrics.RatisMetrics (RatisMetrics.java:unregister(43)) - Unregistering Metrics Registry : ratis.state_machine.406c90ca-93e0-4c35-9202-d1a6c1200adf@group-B14D1DCB1247
2020-08-11 10:22:35,186 [ForkJoinPool.commonPool-worker-1] INFO  impl.RaftServerImpl (ServerState.java:close(387)) - 406c90ca-93e0-4c35-9202-d1a6c1200adf@group-B14D1DCB1247: closes. applyIndex: 0
2020-08-11 10:22:35,186 [406c90ca-93e0-4c35-9202-d1a6c1200adf@group-B14D1DCB1247-SegmentedRaftLogWorker] INFO  segmented.SegmentedRaftLogWorker (SegmentedRaftLogWorker.java:run(327)) - 406c90ca-93e0-4c35-9202-d1a6c1200adf@group-B14D1DCB1247-SegmentedRaftLogWorker was interrupted, exiting. There are 0 tasks remaining in the queue.
2020-08-11 10:22:35,187 [Listener at 127.0.0.1/39953] INFO  metrics.RatisMetrics (RatisMetrics.java:unregister(43)) - Unregistering Metrics Registry : ratis.log_worker.733040ef-1be9-4bd5-8407-b94c2bc1538c@group-14F6F6330515
2020-08-11 10:22:35,188 [Listener at 127.0.0.1/39953] INFO  metrics.RatisMetrics (RatisMetrics.java:unregister(43)) - Unregistering Metrics Registry : ratis.leader_election.733040ef-1be9-4bd5-8407-b94c2bc1538c@group-14F6F6330515
2020-08-11 10:22:35,188 [Listener at 127.0.0.1/39953] INFO  metrics.RatisMetrics (RatisMetrics.java:unregister(43)) - Unregistering Metrics Registry : ratis.server.733040ef-1be9-4bd5-8407-b94c2bc1538c@group-14F6F6330515
2020-08-11 10:22:35,188 [Listener at 127.0.0.1/39953] INFO  impl.RaftServerImpl (RaftServerImpl.java:lambda$shutdown$3(263)) - 733040ef-1be9-4bd5-8407-b94c2bc1538c@group-0FB66349B952: shutdown
2020-08-11 10:22:35,188 [Listener at 127.0.0.1/39953] INFO  util.JmxRegister (JmxRegister.java:unregister(73)) - Successfully un-registered JMX Bean with object name Ratis:service=RaftServer,group=group-0FB66349B952,id=733040ef-1be9-4bd5-8407-b94c2bc1538c
2020-08-11 10:22:35,188 [Listener at 127.0.0.1/39953] INFO  impl.RoleInfo (RoleInfo.java:shutdownLeaderState(104)) - 733040ef-1be9-4bd5-8407-b94c2bc1538c: shutdown LeaderState
2020-08-11 10:22:35,188 [Listener at 127.0.0.1/39953] INFO  impl.PendingRequests (PendingRequests.java:sendNotLeaderResponses(249)) - 733040ef-1be9-4bd5-8407-b94c2bc1538c@group-0FB66349B952-PendingRequests: sendNotLeaderResponses
2020-08-11 10:22:35,189 [Listener at 127.0.0.1/39953] INFO  metrics.RatisMetrics (RatisMetrics.java:unregister(43)) - Unregistering Metrics Registry : ratis.log_appender.733040ef-1be9-4bd5-8407-b94c2bc1538c@group-0FB66349B952
2020-08-11 10:22:35,189 [Listener at 127.0.0.1/39953] INFO  metrics.RatisMetrics (RatisMetrics.java:unregister(43)) - Unregistering Metrics Registry : ratis.server.733040ef-1be9-4bd5-8407-b94c2bc1538c@group-0FB66349B952
2020-08-11 10:22:35,190 [Listener at 127.0.0.1/39953] INFO  impl.StateMachineUpdater (StateMachineUpdater.java:stopAndJoin(142)) - 733040ef-1be9-4bd5-8407-b94c2bc1538c@group-0FB66349B952-StateMachineUpdater: set stopIndex = 0
2020-08-11 10:22:35,191 [733040ef-1be9-4bd5-8407-b94c2bc1538c@group-0FB66349B952-StateMachineUpdater] INFO  ratis.ContainerStateMachine (ContainerStateMachine.java:takeSnapshot(293)) - group-0FB66349B952: Taking a snapshot at:(t:1, i:0) file /github/workspace/mnt/ozone/hadoop-ozone/integration-test/target/test-dir/MiniOzoneClusterImpl-8391e218-a55d-4210-9d4e-82a64144cc20/datanode-5/data/ratis/d0f18e90-7320-4b3f-869e-0fb66349b952/sm/snapshot.1_0
2020-08-11 10:22:35,192 [733040ef-1be9-4bd5-8407-b94c2bc1538c@group-0FB66349B952-StateMachineUpdater] INFO  ratis.ContainerStateMachine (ContainerStateMachine.java:takeSnapshot(304)) - group-0FB66349B952: Finished taking a snapshot at:(t:1, i:0) file:/github/workspace/mnt/ozone/hadoop-ozone/integration-test/target/test-dir/MiniOzoneClusterImpl-8391e218-a55d-4210-9d4e-82a64144cc20/datanode-5/data/ratis/d0f18e90-7320-4b3f-869e-0fb66349b952/sm/snapshot.1_0 time:1
2020-08-11 10:22:35,192 [ForkJoinPool.commonPool-worker-1] INFO  segmented.SegmentedRaftLogWorker (SegmentedRaftLogWorker.java:close(234)) - 406c90ca-93e0-4c35-9202-d1a6c1200adf@group-B14D1DCB1247-SegmentedRaftLogWorker close()
2020-08-11 10:22:35,192 [733040ef-1be9-4bd5-8407-b94c2bc1538c@group-0FB66349B952-StateMachineUpdater] INFO  impl.StateMachineUpdater (StateMachineUpdater.java:takeSnapshot(277)) - 733040ef-1be9-4bd5-8407-b94c2bc1538c@group-0FB66349B952-StateMachineUpdater: Took a snapshot at index 0
2020-08-11 10:22:35,192 [733040ef-1be9-4bd5-8407-b94c2bc1538c@group-0FB66349B952-StateMachineUpdater] INFO  impl.StateMachineUpdater (StateMachineUpdater.java:lambda$new$0(87)) - 733040ef-1be9-4bd5-8407-b94c2bc1538c@group-0FB66349B952-StateMachineUpdater: snapshotIndex: updateIncreasingly -1 -> 0
2020-08-11 10:22:35,192 [733040ef-1be9-4bd5-8407-b94c2bc1538c@group-0FB66349B952-StateMachineUpdater] INFO  metrics.RatisMetrics (RatisMetrics.java:unregister(43)) - Unregistering Metrics Registry : ratis.state_machine.733040ef-1be9-4bd5-8407-b94c2bc1538c@group-0FB66349B952
2020-08-11 10:22:35,192 [Listener at 127.0.0.1/39953] INFO  impl.RaftServerImpl (ServerState.java:close(387)) - 733040ef-1be9-4bd5-8407-b94c2bc1538c@group-0FB66349B952: closes. applyIndex: 0
2020-08-11 10:22:35,193 [ForkJoinPool.commonPool-worker-1] INFO  metrics.RatisMetrics (RatisMetrics.java:unregister(43)) - Unregistering Metrics Registry : ratis.log_worker.406c90ca-93e0-4c35-9202-d1a6c1200adf@group-B14D1DCB1247
2020-08-11 10:22:35,194 [ForkJoinPool.commonPool-worker-1] INFO  metrics.RatisMetrics (RatisMetrics.java:unregister(43)) - Unregistering Metrics Registry : ratis.leader_election.406c90ca-93e0-4c35-9202-d1a6c1200adf@group-B14D1DCB1247
2020-08-11 10:22:35,194 [ForkJoinPool.commonPool-worker-1] INFO  metrics.RatisMetrics (RatisMetrics.java:unregister(43)) - Unregistering Metrics Registry : ratis.server.406c90ca-93e0-4c35-9202-d1a6c1200adf@group-B14D1DCB1247
2020-08-11 10:22:35,194 [ForkJoinPool.commonPool-worker-1] INFO  impl.RaftServerImpl (RaftServerImpl.java:lambda$shutdown$3(263)) - 406c90ca-93e0-4c35-9202-d1a6c1200adf@group-14F6F6330515: shutdown
2020-08-11 10:22:35,194 [ForkJoinPool.commonPool-worker-1] INFO  util.JmxRegister (JmxRegister.java:unregister(73)) - Successfully un-registered JMX Bean with object name Ratis:service=RaftServer,group=group-14F6F6330515,id=406c90ca-93e0-4c35-9202-d1a6c1200adf
2020-08-11 10:22:35,194 [ForkJoinPool.commonPool-worker-1] INFO  impl.RoleInfo (RoleInfo.java:shutdownLeaderState(104)) - 406c90ca-93e0-4c35-9202-d1a6c1200adf: shutdown LeaderState
2020-08-11 10:22:35,194 [ForkJoinPool.commonPool-worker-1] INFO  metrics.RatisMetrics (RatisMetrics.java:unregister(43)) - Unregistering Metrics Registry : ratis_grpc.log_appender.406c90ca-93e0-4c35-9202-d1a6c1200adf@group-14F6F6330515
2020-08-11 10:22:35,194 [ForkJoinPool.commonPool-worker-1] INFO  metrics.RatisMetrics (RatisMetrics.java:unregister(43)) - Unregistering Metrics Registry : ratis_grpc.log_appender.406c90ca-93e0-4c35-9202-d1a6c1200adf@group-14F6F6330515
2020-08-11 10:22:35,194 [org.apache.ratis.server.impl.LogAppender$AppenderDaemon$$Lambda$453/558986304@5079beb4] WARN  server.GrpcLogAppender (GrpcLogAppender.java:mayWait(153)) - 406c90ca-93e0-4c35-9202-d1a6c1200adf@group-14F6F6330515->8c118799-e191-4e7e-ab0c-0c1f4e4855fe-GrpcLogAppender: Wait interrupted by java.lang.InterruptedException
2020-08-11 10:22:35,194 [733040ef-1be9-4bd5-8407-b94c2bc1538c@group-0FB66349B952-SegmentedRaftLogWorker] INFO  segmented.SegmentedRaftLogWorker (SegmentedRaftLogWorker.java:run(327)) - 733040ef-1be9-4bd5-8407-b94c2bc1538c@group-0FB66349B952-SegmentedRaftLogWorker was interrupted, exiting. There are 0 tasks remaining in the queue.
2020-08-11 10:22:35,195 [ForkJoinPool.commonPool-worker-1] INFO  impl.PendingRequests (PendingRequests.java:sendNotLeaderResponses(249)) - 406c90ca-93e0-4c35-9202-d1a6c1200adf@group-14F6F6330515-PendingRequests: sendNotLeaderResponses
2020-08-11 10:22:35,195 [org.apache.ratis.server.impl.LogAppender$AppenderDaemon$$Lambda$453/558986304@50e2e58f] WARN  server.GrpcLogAppender (GrpcLogAppender.java:mayWait(153)) - 406c90ca-93e0-4c35-9202-d1a6c1200adf@group-14F6F6330515->733040ef-1be9-4bd5-8407-b94c2bc1538c-GrpcLogAppender: Wait interrupted by java.lang.InterruptedException
2020-08-11 10:22:35,198 [ForkJoinPool.commonPool-worker-1] INFO  metrics.RatisMetrics (RatisMetrics.java:unregister(43)) - Unregistering Metrics Registry : ratis.log_appender.406c90ca-93e0-4c35-9202-d1a6c1200adf@group-14F6F6330515
2020-08-11 10:22:35,199 [ForkJoinPool.commonPool-worker-1] INFO  metrics.RatisMetrics (RatisMetrics.java:unregister(43)) - Unregistering Metrics Registry : ratis.server.406c90ca-93e0-4c35-9202-d1a6c1200adf@group-14F6F6330515
2020-08-11 10:22:35,199 [grpc-default-executor-5] INFO  server.GrpcServerProtocolService (GrpcServerProtocolService.java:onCompleted(138)) - 733040ef-1be9-4bd5-8407-b94c2bc1538c: Completed APPEND_ENTRIES, lastRequest: 406c90ca-93e0-4c35-9202-d1a6c1200adf->733040ef-1be9-4bd5-8407-b94c2bc1538c#3-t1, previous=(t:1, i:1), leaderCommit=1, initializing? false, entries: size=1, first=(t:1, i:2), METADATAENTRY(c:1)
2020-08-11 10:22:35,200 [grpc-default-executor-4] INFO  server.GrpcLogAppender (GrpcLogAppender.java:onCompleted(319)) - 406c90ca-93e0-4c35-9202-d1a6c1200adf@group-14F6F6330515->733040ef-1be9-4bd5-8407-b94c2bc1538c-AppendLogResponseHandler: follower responses appendEntries COMPLETED
2020-08-11 10:22:35,200 [ForkJoinPool.commonPool-worker-1] INFO  impl.StateMachineUpdater (StateMachineUpdater.java:stopAndJoin(142)) - 406c90ca-93e0-4c35-9202-d1a6c1200adf@group-14F6F6330515-StateMachineUpdater: set stopIndex = 2
2020-08-11 10:22:35,200 [406c90ca-93e0-4c35-9202-d1a6c1200adf@group-14F6F6330515-StateMachineUpdater] INFO  ratis.ContainerStateMachine (ContainerStateMachine.java:takeSnapshot(293)) - group-14F6F6330515: Taking a snapshot at:(t:1, i:2) file /github/workspace/mnt/ozone/hadoop-ozone/integration-test/target/test-dir/MiniOzoneClusterImpl-8391e218-a55d-4210-9d4e-82a64144cc20/datanode-3/data/ratis/57316020-1602-4716-8c19-14f6f6330515/sm/snapshot.1_2
2020-08-11 10:22:35,201 [406c90ca-93e0-4c35-9202-d1a6c1200adf@group-14F6F6330515-StateMachineUpdater] INFO  ratis.ContainerStateMachine (ContainerStateMachine.java:takeSnapshot(304)) - group-14F6F6330515: Finished taking a snapshot at:(t:1, i:2) file:/github/workspace/mnt/ozone/hadoop-ozone/integration-test/target/test-dir/MiniOzoneClusterImpl-8391e218-a55d-4210-9d4e-82a64144cc20/datanode-3/data/ratis/57316020-1602-4716-8c19-14f6f6330515/sm/snapshot.1_2 time:1
2020-08-11 10:22:35,202 [406c90ca-93e0-4c35-9202-d1a6c1200adf@group-14F6F6330515-StateMachineUpdater] INFO  impl.StateMachineUpdater (StateMachineUpdater.java:takeSnapshot(277)) - 406c90ca-93e0-4c35-9202-d1a6c1200adf@group-14F6F6330515-StateMachineUpdater: Took a snapshot at index 2
2020-08-11 10:22:35,202 [406c90ca-93e0-4c35-9202-d1a6c1200adf@group-14F6F6330515-StateMachineUpdater] INFO  impl.StateMachineUpdater (StateMachineUpdater.java:lambda$new$0(87)) - 406c90ca-93e0-4c35-9202-d1a6c1200adf@group-14F6F6330515-StateMachineUpdater: snapshotIndex: updateIncreasingly -1 -> 2
2020-08-11 10:22:35,202 [406c90ca-93e0-4c35-9202-d1a6c1200adf@group-14F6F6330515-StateMachineUpdater] INFO  metrics.RatisMetrics (RatisMetrics.java:unregister(43)) - Unregistering Metrics Registry : ratis.state_machine.406c90ca-93e0-4c35-9202-d1a6c1200adf@group-14F6F6330515
2020-08-11 10:22:35,202 [ForkJoinPool.commonPool-worker-1] INFO  impl.RaftServerImpl (ServerState.java:close(387)) - 406c90ca-93e0-4c35-9202-d1a6c1200adf@group-14F6F6330515: closes. applyIndex: 2
2020-08-11 10:22:35,202 [406c90ca-93e0-4c35-9202-d1a6c1200adf@group-14F6F6330515-SegmentedRaftLogWorker] INFO  segmented.SegmentedRaftLogWorker (SegmentedRaftLogWorker.java:run(327)) - 406c90ca-93e0-4c35-9202-d1a6c1200adf@group-14F6F6330515-SegmentedRaftLogWorker was interrupted, exiting. There are 0 tasks remaining in the queue.
2020-08-11 10:22:35,211 [Listener at 127.0.0.1/39953] INFO  segmented.SegmentedRaftLogWorker (SegmentedRaftLogWorker.java:close(234)) - 733040ef-1be9-4bd5-8407-b94c2bc1538c@group-0FB66349B952-SegmentedRaftLogWorker close()
2020-08-11 10:22:35,211 [ForkJoinPool.commonPool-worker-1] INFO  segmented.SegmentedRaftLogWorker (SegmentedRaftLogWorker.java:close(234)) - 406c90ca-93e0-4c35-9202-d1a6c1200adf@group-14F6F6330515-SegmentedRaftLogWorker close()
2020-08-11 10:22:35,212 [grpc-default-executor-4] INFO  impl.FollowerInfo (FollowerInfo.java:lambda$new$0(51)) - 406c90ca-93e0-4c35-9202-d1a6c1200adf@group-14F6F6330515->733040ef-1be9-4bd5-8407-b94c2bc1538c: nextIndex: updateUnconditionally 3 -> 2
2020-08-11 10:22:35,215 [Listener at 127.0.0.1/39953] INFO  metrics.RatisMetrics (RatisMetrics.java:unregister(43)) - Unregistering Metrics Registry : ratis.log_worker.733040ef-1be9-4bd5-8407-b94c2bc1538c@group-0FB66349B952
2020-08-11 10:22:35,215 [Listener at 127.0.0.1/39953] INFO  metrics.RatisMetrics (RatisMetrics.java:unregister(43)) - Unregistering Metrics Registry : ratis.leader_election.733040ef-1be9-4bd5-8407-b94c2bc1538c@group-0FB66349B952
2020-08-11 10:22:35,215 [Listener at 127.0.0.1/39953] INFO  metrics.RatisMetrics (RatisMetrics.java:unregister(43)) - Unregistering Metrics Registry : ratis.server.733040ef-1be9-4bd5-8407-b94c2bc1538c@group-0FB66349B952
2020-08-11 10:22:35,215 [Listener at 127.0.0.1/39953] INFO  server.GrpcService (GrpcService.java:closeImpl(166)) - 733040ef-1be9-4bd5-8407-b94c2bc1538c: shutdown server with port 41275 now
2020-08-11 10:22:35,215 [ForkJoinPool.commonPool-worker-1] INFO  metrics.RatisMetrics (RatisMetrics.java:unregister(43)) - Unregistering Metrics Registry : ratis.log_worker.406c90ca-93e0-4c35-9202-d1a6c1200adf@group-14F6F6330515
2020-08-11 10:22:35,215 [ForkJoinPool.commonPool-worker-1] INFO  metrics.RatisMetrics (RatisMetrics.java:unregister(43)) - Unregistering Metrics Registry : ratis.leader_election.406c90ca-93e0-4c35-9202-d1a6c1200adf@group-14F6F6330515
2020-08-11 10:22:35,216 [ForkJoinPool.commonPool-worker-1] INFO  metrics.RatisMetrics (RatisMetrics.java:unregister(43)) - Unregistering Metrics Registry : ratis.server.406c90ca-93e0-4c35-9202-d1a6c1200adf@group-14F6F6330515
2020-08-11 10:22:35,216 [ForkJoinPool.commonPool-worker-1] INFO  server.GrpcService (GrpcService.java:closeImpl(166)) - 406c90ca-93e0-4c35-9202-d1a6c1200adf: shutdown server with port 40871 now
2020-08-11 10:22:35,216 [Listener at 127.0.0.1/39953] INFO  server.GrpcService (GrpcService.java:closeImpl(174)) - 733040ef-1be9-4bd5-8407-b94c2bc1538c: shutdown server with port 41275 successfully
2020-08-11 10:22:35,217 [ForkJoinPool.commonPool-worker-1] INFO  server.GrpcService (GrpcService.java:closeImpl(174)) - 406c90ca-93e0-4c35-9202-d1a6c1200adf: shutdown server with port 40871 successfully
2020-08-11 10:22:35,219 [Listener at 127.0.0.1/39953] INFO  utils.BackgroundService (BackgroundService.java:shutdown(157)) - Shutting down service BlockDeletingService
2020-08-11 10:22:35,220 [ForkJoinPool.commonPool-worker-1] INFO  utils.BackgroundService (BackgroundService.java:shutdown(157)) - Shutting down service BlockDeletingService
2020-08-11 10:22:35,222 [ForkJoinPool.commonPool-worker-1] INFO  statemachine.DatanodeStateMachine (DatanodeStateMachine.java:stopDaemon(454)) - Ozone container server stopped.
2020-08-11 10:22:35,223 [Listener at 127.0.0.1/39953] INFO  statemachine.DatanodeStateMachine (DatanodeStateMachine.java:stopDaemon(454)) - Ozone container server stopped.
2020-08-11 10:22:35,238 [ForkJoinPool.commonPool-worker-1] INFO  handler.ContextHandler (ContextHandler.java:doStop(1016)) - Stopped o.e.j.w.WebAppContext@33966111{hddsDatanode,/,null,UNAVAILABLE}{jar:file:/home/user/.m2/repository/org/apache/hadoop/hadoop-hdds-container-service/0.6.0-SNAPSHOT/hadoop-hdds-container-service-0.6.0-SNAPSHOT.jar!/webapps/hddsDatanode}
2020-08-11 10:22:35,239 [Listener at 127.0.0.1/39953] INFO  handler.ContextHandler (ContextHandler.java:doStop(1016)) - Stopped o.e.j.w.WebAppContext@3330bdd1{hddsDatanode,/,null,UNAVAILABLE}{jar:file:/home/user/.m2/repository/org/apache/hadoop/hadoop-hdds-container-service/0.6.0-SNAPSHOT/hadoop-hdds-container-service-0.6.0-SNAPSHOT.jar!/webapps/hddsDatanode}
2020-08-11 10:22:35,240 [ForkJoinPool.commonPool-worker-1] INFO  server.AbstractConnector (AbstractConnector.java:doStop(380)) - Stopped ServerConnector@5640a424{HTTP/1.1,[http/1.1]}{0.0.0.0:0}
2020-08-11 10:22:35,240 [Listener at 127.0.0.1/39953] INFO  server.AbstractConnector (AbstractConnector.java:doStop(380)) - Stopped ServerConnector@62c732d2{HTTP/1.1,[http/1.1]}{0.0.0.0:0}
2020-08-11 10:22:35,240 [ForkJoinPool.commonPool-worker-1] INFO  server.session (HouseKeeper.java:stopScavenging(158)) - node0 Stopped scavenging
2020-08-11 10:22:35,247 [Listener at 127.0.0.1/39953] INFO  server.session (HouseKeeper.java:stopScavenging(158)) - node0 Stopped scavenging
2020-08-11 10:22:35,247 [Listener at 127.0.0.1/39953] INFO  handler.ContextHandler (ContextHandler.java:doStop(1016)) - Stopped o.e.j.s.ServletContextHandler@2d7d92a7{static,/static,jar:file:/home/user/.m2/repository/org/apache/hadoop/hadoop-hdds-container-service/0.6.0-SNAPSHOT/hadoop-hdds-container-service-0.6.0-SNAPSHOT.jar!/webapps/static,UNAVAILABLE}
2020-08-11 10:22:35,247 [ForkJoinPool.commonPool-worker-1] INFO  handler.ContextHandler (ContextHandler.java:doStop(1016)) - Stopped o.e.j.s.ServletContextHandler@7e9bb52f{static,/static,jar:file:/home/user/.m2/repository/org/apache/hadoop/hadoop-hdds-container-service/0.6.0-SNAPSHOT/hadoop-hdds-container-service-0.6.0-SNAPSHOT.jar!/webapps/static,UNAVAILABLE}
2020-08-11 10:22:35,247 [Listener at 127.0.0.1/39953] INFO  handler.ContextHandler (ContextHandler.java:doStop(1016)) - Stopped o.e.j.s.ServletContextHandler@2ae56ac6{logs,/logs,file:///github/workspace/mnt/ozone/hadoop-ozone/integration-test/target/log,UNAVAILABLE}
2020-08-11 10:22:35,249 [ForkJoinPool.commonPool-worker-1] INFO  handler.ContextHandler (ContextHandler.java:doStop(1016)) - Stopped o.e.j.s.ServletContextHandler@712a6e68{logs,/logs,file:///github/workspace/mnt/ozone/hadoop-ozone/integration-test/target/log,UNAVAILABLE}
2020-08-11 10:22:35,324 [Datanode State Machine Thread - 0] INFO  statemachine.DatanodeStateMachine (DatanodeStateMachine.java:lambda$startDaemon$0(406)) - Ozone container server started.
2020-08-11 10:22:35,907 [Datanode State Machine Thread - 0] INFO  statemachine.DatanodeStateMachine (DatanodeStateMachine.java:lambda$startDaemon$0(406)) - Ozone container server started.
2020-08-11 10:22:36,868 [grpc-default-executor-5] WARN  server.GrpcLogAppender (LogUtils.java:warn(122)) - 234a1256-f899-4d30-a672-4552a70ba9bb@group-9DCD71CD2593->d1bce0c3-0b11-4e04-b896-bd0ae9e1df71-AppendLogResponseHandler: Failed appendEntries: org.apache.ratis.thirdparty.io.grpc.StatusRuntimeException: UNAVAILABLE: io exception
2020-08-11 10:22:36,870 [grpc-default-executor-5] INFO  impl.FollowerInfo (FollowerInfo.java:lambda$new$0(51)) - 234a1256-f899-4d30-a672-4552a70ba9bb@group-9DCD71CD2593->d1bce0c3-0b11-4e04-b896-bd0ae9e1df71: nextIndex: updateUnconditionally 1 -> 0
2020-08-11 10:22:39,370 [grpc-default-executor-4] WARN  server.GrpcLogAppender (LogUtils.java:warn(122)) - 234a1256-f899-4d30-a672-4552a70ba9bb@group-9DCD71CD2593->d1bce0c3-0b11-4e04-b896-bd0ae9e1df71-AppendLogResponseHandler: Failed appendEntries: org.apache.ratis.thirdparty.io.grpc.StatusRuntimeException: UNAVAILABLE: io exception
2020-08-11 10:22:39,372 [grpc-default-executor-4] INFO  impl.FollowerInfo (FollowerInfo.java:lambda$new$0(51)) - 234a1256-f899-4d30-a672-4552a70ba9bb@group-9DCD71CD2593->d1bce0c3-0b11-4e04-b896-bd0ae9e1df71: nextIndex: updateUnconditionally 1 -> 0
2020-08-11 10:22:40,252 [Listener at 127.0.0.1/39953] INFO  ozoneimpl.OzoneContainer (OzoneContainer.java:stop(259)) - Attempting to stop container services.
2020-08-11 10:22:40,252 [ForkJoinPool.commonPool-worker-1] INFO  ozoneimpl.OzoneContainer (OzoneContainer.java:stop(259)) - Attempting to stop container services.
2020-08-11 10:22:40,252 [Listener at 127.0.0.1/39953] INFO  impl.RaftServerProxy (RaftServerProxy.java:lambda$close$4(319)) - ca417779-88b3-4dc1-a56d-e28a15aec768: close
2020-08-11 10:22:40,252 [Listener at 127.0.0.1/39953] INFO  impl.RaftServerImpl (RaftServerImpl.java:lambda$shutdown$3(263)) - ca417779-88b3-4dc1-a56d-e28a15aec768@group-DC4A33484A9D: shutdown
2020-08-11 10:22:40,253 [Listener at 127.0.0.1/39953] INFO  util.JmxRegister (JmxRegister.java:unregister(73)) - Successfully un-registered JMX Bean with object name Ratis:service=RaftServer,group=group-DC4A33484A9D,id=ca417779-88b3-4dc1-a56d-e28a15aec768
2020-08-11 10:22:40,253 [Listener at 127.0.0.1/39953] INFO  impl.RoleInfo (RoleInfo.java:shutdownLeaderState(104)) - ca417779-88b3-4dc1-a56d-e28a15aec768: shutdown LeaderState
2020-08-11 10:22:40,252 [ForkJoinPool.commonPool-worker-1] INFO  impl.RaftServerProxy (RaftServerProxy.java:lambda$close$4(319)) - 234a1256-f899-4d30-a672-4552a70ba9bb: close
2020-08-11 10:22:40,253 [Listener at 127.0.0.1/39953] INFO  impl.PendingRequests (PendingRequests.java:sendNotLeaderResponses(249)) - ca417779-88b3-4dc1-a56d-e28a15aec768@group-DC4A33484A9D-PendingRequests: sendNotLeaderResponses
2020-08-11 10:22:40,253 [ForkJoinPool.commonPool-worker-1] INFO  impl.RaftServerImpl (RaftServerImpl.java:lambda$shutdown$3(263)) - 234a1256-f899-4d30-a672-4552a70ba9bb@group-9DCD71CD2593: shutdown
2020-08-11 10:22:40,253 [ForkJoinPool.commonPool-worker-1] INFO  util.JmxRegister (JmxRegister.java:unregister(73)) - Successfully un-registered JMX Bean with object name Ratis:service=RaftServer,group=group-9DCD71CD2593,id=234a1256-f899-4d30-a672-4552a70ba9bb
2020-08-11 10:22:40,254 [ForkJoinPool.commonPool-worker-1] INFO  impl.RoleInfo (RoleInfo.java:shutdownLeaderState(104)) - 234a1256-f899-4d30-a672-4552a70ba9bb: shutdown LeaderState
2020-08-11 10:22:40,254 [ForkJoinPool.commonPool-worker-1] INFO  metrics.RatisMetrics (RatisMetrics.java:unregister(43)) - Unregistering Metrics Registry : ratis_grpc.log_appender.234a1256-f899-4d30-a672-4552a70ba9bb@group-9DCD71CD2593
2020-08-11 10:22:40,253 [Listener at 127.0.0.1/39953] INFO  metrics.RatisMetrics (RatisMetrics.java:unregister(43)) - Unregistering Metrics Registry : ratis.log_appender.ca417779-88b3-4dc1-a56d-e28a15aec768@group-DC4A33484A9D
2020-08-11 10:22:40,254 [org.apache.ratis.server.impl.LogAppender$AppenderDaemon$$Lambda$453/558986304@10df2ec3] WARN  server.GrpcLogAppender (GrpcLogAppender.java:mayWait(153)) - 234a1256-f899-4d30-a672-4552a70ba9bb@group-9DCD71CD2593->d1bce0c3-0b11-4e04-b896-bd0ae9e1df71-GrpcLogAppender: Wait interrupted by java.lang.InterruptedException
2020-08-11 10:22:40,254 [ForkJoinPool.commonPool-worker-1] INFO  metrics.RatisMetrics (RatisMetrics.java:unregister(43)) - Unregistering Metrics Registry : ratis_grpc.log_appender.234a1256-f899-4d30-a672-4552a70ba9bb@group-9DCD71CD2593
2020-08-11 10:22:40,254 [Listener at 127.0.0.1/39953] INFO  metrics.RatisMetrics (RatisMetrics.java:unregister(43)) - Unregistering Metrics Registry : ratis.server.ca417779-88b3-4dc1-a56d-e28a15aec768@group-DC4A33484A9D
2020-08-11 10:22:40,255 [org.apache.ratis.server.impl.LogAppender$AppenderDaemon$$Lambda$453/558986304@4879a1dc] WARN  server.GrpcLogAppender (GrpcLogAppender.java:mayWait(153)) - 234a1256-f899-4d30-a672-4552a70ba9bb@group-9DCD71CD2593->69055b56-bf48-47fd-bece-64ae6d668fba-GrpcLogAppender: Wait interrupted by java.lang.InterruptedException
2020-08-11 10:22:40,256 [grpc-default-executor-4] INFO  server.GrpcServerProtocolService (GrpcServerProtocolService.java:onCompleted(138)) - 69055b56-bf48-47fd-bece-64ae6d668fba: Completed APPEND_ENTRIES, lastRequest: 234a1256-f899-4d30-a672-4552a70ba9bb->69055b56-bf48-47fd-bece-64ae6d668fba#1-t2, previous=(t:0, i:0), leaderCommit=-1, initializing? false, entries: size=1, first=(t:2, i:0), CONFIGURATIONENTRY
2020-08-11 10:22:40,256 [Listener at 127.0.0.1/39953] INFO  impl.StateMachineUpdater (StateMachineUpdater.java:stopAndJoin(142)) - ca417779-88b3-4dc1-a56d-e28a15aec768@group-DC4A33484A9D-StateMachineUpdater: set stopIndex = 0
2020-08-11 10:22:40,257 [ca417779-88b3-4dc1-a56d-e28a15aec768@group-DC4A33484A9D-StateMachineUpdater] INFO  ratis.ContainerStateMachine (ContainerStateMachine.java:takeSnapshot(293)) - group-DC4A33484A9D: Taking a snapshot at:(t:1, i:0) file /github/workspace/mnt/ozone/hadoop-ozone/integration-test/target/test-dir/MiniOzoneClusterImpl-8391e218-a55d-4210-9d4e-82a64144cc20/datanode-7/data/ratis/d76c1405-0cba-4f41-bc9b-dc4a33484a9d/sm/snapshot.1_0
2020-08-11 10:22:40,257 [grpc-default-executor-5] INFO  server.GrpcLogAppender (GrpcLogAppender.java:onCompleted(319)) - 234a1256-f899-4d30-a672-4552a70ba9bb@group-9DCD71CD2593->69055b56-bf48-47fd-bece-64ae6d668fba-AppendLogResponseHandler: follower responses appendEntries COMPLETED
2020-08-11 10:22:40,255 [ForkJoinPool.commonPool-worker-1] INFO  impl.PendingRequests (PendingRequests.java:sendNotLeaderResponses(249)) - 234a1256-f899-4d30-a672-4552a70ba9bb@group-9DCD71CD2593-PendingRequests: sendNotLeaderResponses
2020-08-11 10:22:40,259 [ForkJoinPool.commonPool-worker-1] INFO  metrics.RatisMetrics (RatisMetrics.java:unregister(43)) - Unregistering Metrics Registry : ratis.log_appender.234a1256-f899-4d30-a672-4552a70ba9bb@group-9DCD71CD2593
2020-08-11 10:22:40,259 [ForkJoinPool.commonPool-worker-1] INFO  metrics.RatisMetrics (RatisMetrics.java:unregister(43)) - Unregistering Metrics Registry : ratis.server.234a1256-f899-4d30-a672-4552a70ba9bb@group-9DCD71CD2593
2020-08-11 10:22:40,258 [ca417779-88b3-4dc1-a56d-e28a15aec768@group-DC4A33484A9D-StateMachineUpdater] INFO  ratis.ContainerStateMachine (ContainerStateMachine.java:takeSnapshot(304)) - group-DC4A33484A9D: Finished taking a snapshot at:(t:1, i:0) file:/github/workspace/mnt/ozone/hadoop-ozone/integration-test/target/test-dir/MiniOzoneClusterImpl-8391e218-a55d-4210-9d4e-82a64144cc20/datanode-7/data/ratis/d76c1405-0cba-4f41-bc9b-dc4a33484a9d/sm/snapshot.1_0 time:2
2020-08-11 10:22:40,260 [ca417779-88b3-4dc1-a56d-e28a15aec768@group-DC4A33484A9D-StateMachineUpdater] INFO  impl.StateMachineUpdater (StateMachineUpdater.java:takeSnapshot(277)) - ca417779-88b3-4dc1-a56d-e28a15aec768@group-DC4A33484A9D-StateMachineUpdater: Took a snapshot at index 0
2020-08-11 10:22:40,260 [ca417779-88b3-4dc1-a56d-e28a15aec768@group-DC4A33484A9D-StateMachineUpdater] INFO  impl.StateMachineUpdater (StateMachineUpdater.java:lambda$new$0(87)) - ca417779-88b3-4dc1-a56d-e28a15aec768@group-DC4A33484A9D-StateMachineUpdater: snapshotIndex: updateIncreasingly -1 -> 0
2020-08-11 10:22:40,260 [ca417779-88b3-4dc1-a56d-e28a15aec768@group-DC4A33484A9D-StateMachineUpdater] INFO  metrics.RatisMetrics (RatisMetrics.java:unregister(43)) - Unregistering Metrics Registry : ratis.state_machine.ca417779-88b3-4dc1-a56d-e28a15aec768@group-DC4A33484A9D
2020-08-11 10:22:40,260 [Listener at 127.0.0.1/39953] INFO  impl.RaftServerImpl (ServerState.java:close(387)) - ca417779-88b3-4dc1-a56d-e28a15aec768@group-DC4A33484A9D: closes. applyIndex: 0
2020-08-11 10:22:40,261 [ca417779-88b3-4dc1-a56d-e28a15aec768@group-DC4A33484A9D-SegmentedRaftLogWorker] INFO  segmented.SegmentedRaftLogWorker (SegmentedRaftLogWorker.java:run(327)) - ca417779-88b3-4dc1-a56d-e28a15aec768@group-DC4A33484A9D-SegmentedRaftLogWorker was interrupted, exiting. There are 0 tasks remaining in the queue.
2020-08-11 10:22:40,261 [ForkJoinPool.commonPool-worker-1] INFO  impl.StateMachineUpdater (StateMachineUpdater.java:stopAndJoin(142)) - 234a1256-f899-4d30-a672-4552a70ba9bb@group-9DCD71CD2593-StateMachineUpdater: set stopIndex = 0
2020-08-11 10:22:40,262 [234a1256-f899-4d30-a672-4552a70ba9bb@group-9DCD71CD2593-StateMachineUpdater] INFO  ratis.ContainerStateMachine (ContainerStateMachine.java:takeSnapshot(293)) - group-9DCD71CD2593: Taking a snapshot at:(t:2, i:0) file /github/workspace/mnt/ozone/hadoop-ozone/integration-test/target/test-dir/MiniOzoneClusterImpl-8391e218-a55d-4210-9d4e-82a64144cc20/datanode-0/data/ratis/773867e7-0762-4e2f-b39b-9dcd71cd2593/sm/snapshot.2_0
2020-08-11 10:22:40,262 [grpc-default-executor-5] INFO  impl.FollowerInfo (FollowerInfo.java:lambda$new$0(51)) - 234a1256-f899-4d30-a672-4552a70ba9bb@group-9DCD71CD2593->69055b56-bf48-47fd-bece-64ae6d668fba: nextIndex: updateUnconditionally 1 -> 0
2020-08-11 10:22:40,262 [Listener at 127.0.0.1/39953] INFO  segmented.SegmentedRaftLogWorker (SegmentedRaftLogWorker.java:close(234)) - ca417779-88b3-4dc1-a56d-e28a15aec768@group-DC4A33484A9D-SegmentedRaftLogWorker close()
2020-08-11 10:22:40,263 [234a1256-f899-4d30-a672-4552a70ba9bb@group-9DCD71CD2593-StateMachineUpdater] INFO  ratis.ContainerStateMachine (ContainerStateMachine.java:takeSnapshot(304)) - group-9DCD71CD2593: Finished taking a snapshot at:(t:2, i:0) file:/github/workspace/mnt/ozone/hadoop-ozone/integration-test/target/test-dir/MiniOzoneClusterImpl-8391e218-a55d-4210-9d4e-82a64144cc20/datanode-0/data/ratis/773867e7-0762-4e2f-b39b-9dcd71cd2593/sm/snapshot.2_0 time:1
2020-08-11 10:22:40,263 [234a1256-f899-4d30-a672-4552a70ba9bb@group-9DCD71CD2593-StateMachineUpdater] INFO  impl.StateMachineUpdater (StateMachineUpdater.java:takeSnapshot(277)) - 234a1256-f899-4d30-a672-4552a70ba9bb@group-9DCD71CD2593-StateMachineUpdater: Took a snapshot at index 0
2020-08-11 10:22:40,263 [234a1256-f899-4d30-a672-4552a70ba9bb@group-9DCD71CD2593-StateMachineUpdater] INFO  impl.StateMachineUpdater (StateMachineUpdater.java:lambda$new$0(87)) - 234a1256-f899-4d30-a672-4552a70ba9bb@group-9DCD71CD2593-StateMachineUpdater: snapshotIndex: updateIncreasingly -1 -> 0
2020-08-11 10:22:40,263 [234a1256-f899-4d30-a672-4552a70ba9bb@group-9DCD71CD2593-StateMachineUpdater] INFO  metrics.RatisMetrics (RatisMetrics.java:unregister(43)) - Unregistering Metrics Registry : ratis.state_machine.234a1256-f899-4d30-a672-4552a70ba9bb@group-9DCD71CD2593
2020-08-11 10:22:40,271 [ForkJoinPool.commonPool-worker-1] INFO  impl.RaftServerImpl (ServerState.java:close(387)) - 234a1256-f899-4d30-a672-4552a70ba9bb@group-9DCD71CD2593: closes. applyIndex: 0
2020-08-11 10:22:40,272 [Listener at 127.0.0.1/39953] INFO  metrics.RatisMetrics (RatisMetrics.java:unregister(43)) - Unregistering Metrics Registry : ratis.log_worker.ca417779-88b3-4dc1-a56d-e28a15aec768@group-DC4A33484A9D
2020-08-11 10:22:40,272 [234a1256-f899-4d30-a672-4552a70ba9bb@group-9DCD71CD2593-SegmentedRaftLogWorker] INFO  segmented.SegmentedRaftLogWorker (SegmentedRaftLogWorker.java:run(327)) - 234a1256-f899-4d30-a672-4552a70ba9bb@group-9DCD71CD2593-SegmentedRaftLogWorker was interrupted, exiting. There are 0 tasks remaining in the queue.
2020-08-11 10:22:40,273 [Listener at 127.0.0.1/39953] INFO  metrics.RatisMetrics (RatisMetrics.java:unregister(43)) - Unregistering Metrics Registry : ratis.leader_election.ca417779-88b3-4dc1-a56d-e28a15aec768@group-DC4A33484A9D
2020-08-11 10:22:40,273 [Listener at 127.0.0.1/39953] INFO  metrics.RatisMetrics (RatisMetrics.java:unregister(43)) - Unregistering Metrics Registry : ratis.server.ca417779-88b3-4dc1-a56d-e28a15aec768@group-DC4A33484A9D
2020-08-11 10:22:40,273 [Listener at 127.0.0.1/39953] INFO  impl.RaftServerImpl (RaftServerImpl.java:lambda$shutdown$3(263)) - ca417779-88b3-4dc1-a56d-e28a15aec768@group-4936644038FC: shutdown
2020-08-11 10:22:40,273 [Listener at 127.0.0.1/39953] INFO  util.JmxRegister (JmxRegister.java:unregister(73)) - Successfully un-registered JMX Bean with object name Ratis:service=RaftServer,group=group-4936644038FC,id=ca417779-88b3-4dc1-a56d-e28a15aec768
2020-08-11 10:22:40,273 [Listener at 127.0.0.1/39953] INFO  impl.RoleInfo (RoleInfo.java:shutdownLeaderState(104)) - ca417779-88b3-4dc1-a56d-e28a15aec768: shutdown LeaderState
2020-08-11 10:22:40,274 [Listener at 127.0.0.1/39953] INFO  metrics.RatisMetrics (RatisMetrics.java:unregister(43)) - Unregistering Metrics Registry : ratis_grpc.log_appender.ca417779-88b3-4dc1-a56d-e28a15aec768@group-4936644038FC
2020-08-11 10:22:40,274 [Listener at 127.0.0.1/39953] INFO  metrics.RatisMetrics (RatisMetrics.java:unregister(43)) - Unregistering Metrics Registry : ratis_grpc.log_appender.ca417779-88b3-4dc1-a56d-e28a15aec768@group-4936644038FC
2020-08-11 10:22:40,274 [org.apache.ratis.server.impl.LogAppender$AppenderDaemon$$Lambda$453/558986304@efeb1bc] WARN  server.GrpcLogAppender (GrpcLogAppender.java:mayWait(153)) - ca417779-88b3-4dc1-a56d-e28a15aec768@group-4936644038FC->a40e82d7-9af1-4aed-a8c0-412ae681934d-GrpcLogAppender: Wait interrupted by java.lang.InterruptedException
2020-08-11 10:22:40,274 [grpc-default-executor-5] INFO  server.GrpcServerProtocolService (GrpcServerProtocolService.java:onCompleted(138)) - a40e82d7-9af1-4aed-a8c0-412ae681934d: Completed APPEND_ENTRIES, lastRequest: ca417779-88b3-4dc1-a56d-e28a15aec768->a40e82d7-9af1-4aed-a8c0-412ae681934d#1-t1, previous=(t:0, i:0), leaderCommit=0, initializing? false, entries: size=1, first=(t:1, i:0), CONFIGURATIONENTRY
2020-08-11 10:22:40,275 [grpc-default-executor-5] INFO  server.GrpcLogAppender (GrpcLogAppender.java:onCompleted(319)) - ca417779-88b3-4dc1-a56d-e28a15aec768@group-4936644038FC->a40e82d7-9af1-4aed-a8c0-412ae681934d-AppendLogResponseHandler: follower responses appendEntries COMPLETED
2020-08-11 10:22:40,275 [Listener at 127.0.0.1/39953] INFO  impl.PendingRequests (PendingRequests.java:sendNotLeaderResponses(249)) - ca417779-88b3-4dc1-a56d-e28a15aec768@group-4936644038FC-PendingRequests: sendNotLeaderResponses
2020-08-11 10:22:40,275 [Listener at 127.0.0.1/39953] INFO  metrics.RatisMetrics (RatisMetrics.java:unregister(43)) - Unregistering Metrics Registry : ratis.log_appender.ca417779-88b3-4dc1-a56d-e28a15aec768@group-4936644038FC
2020-08-11 10:22:40,276 [Listener at 127.0.0.1/39953] INFO  metrics.RatisMetrics (RatisMetrics.java:unregister(43)) - Unregistering Metrics Registry : ratis.server.ca417779-88b3-4dc1-a56d-e28a15aec768@group-4936644038FC
2020-08-11 10:22:40,277 [org.apache.ratis.server.impl.LogAppender$AppenderDaemon$$Lambda$453/558986304@46f74c5e] WARN  server.GrpcLogAppender (GrpcLogAppender.java:mayWait(153)) - ca417779-88b3-4dc1-a56d-e28a15aec768@group-4936644038FC->8e0471e9-03e2-4e0b-80e1-583d5c951362-GrpcLogAppender: Wait interrupted by java.lang.InterruptedException
2020-08-11 10:22:40,277 [grpc-default-executor-4] INFO  server.GrpcServerProtocolService (GrpcServerProtocolService.java:onCompleted(138)) - 8e0471e9-03e2-4e0b-80e1-583d5c951362: Completed APPEND_ENTRIES, lastRequest: ca417779-88b3-4dc1-a56d-e28a15aec768->8e0471e9-03e2-4e0b-80e1-583d5c951362#1-t1, previous=(t:0, i:0), leaderCommit=0, initializing? false, entries: size=1, first=(t:1, i:0), CONFIGURATIONENTRY
2020-08-11 10:22:40,278 [grpc-default-executor-4] INFO  server.GrpcLogAppender (GrpcLogAppender.java:onCompleted(319)) - ca417779-88b3-4dc1-a56d-e28a15aec768@group-4936644038FC->8e0471e9-03e2-4e0b-80e1-583d5c951362-AppendLogResponseHandler: follower responses appendEntries COMPLETED
2020-08-11 10:22:40,283 [ForkJoinPool.commonPool-worker-1] INFO  segmented.SegmentedRaftLogWorker (SegmentedRaftLogWorker.java:close(234)) - 234a1256-f899-4d30-a672-4552a70ba9bb@group-9DCD71CD2593-SegmentedRaftLogWorker close()
2020-08-11 10:22:40,283 [Listener at 127.0.0.1/39953] INFO  impl.StateMachineUpdater (StateMachineUpdater.java:stopAndJoin(142)) - ca417779-88b3-4dc1-a56d-e28a15aec768@group-4936644038FC-StateMachineUpdater: set stopIndex = 0
2020-08-11 10:22:40,283 [ca417779-88b3-4dc1-a56d-e28a15aec768@group-4936644038FC-StateMachineUpdater] INFO  ratis.ContainerStateMachine (ContainerStateMachine.java:takeSnapshot(293)) - group-4936644038FC: Taking a snapshot at:(t:1, i:0) file /github/workspace/mnt/ozone/hadoop-ozone/integration-test/target/test-dir/MiniOzoneClusterImpl-8391e218-a55d-4210-9d4e-82a64144cc20/datanode-7/data/ratis/1f22e5c4-89e1-473e-bf2e-4936644038fc/sm/snapshot.1_0
2020-08-11 10:22:40,286 [grpc-default-executor-5] INFO  impl.FollowerInfo (FollowerInfo.java:lambda$new$0(51)) - ca417779-88b3-4dc1-a56d-e28a15aec768@group-4936644038FC->a40e82d7-9af1-4aed-a8c0-412ae681934d: nextIndex: updateUnconditionally 1 -> 0
2020-08-11 10:22:40,287 [ca417779-88b3-4dc1-a56d-e28a15aec768@group-4936644038FC-StateMachineUpdater] INFO  ratis.ContainerStateMachine (ContainerStateMachine.java:takeSnapshot(304)) - group-4936644038FC: Finished taking a snapshot at:(t:1, i:0) file:/github/workspace/mnt/ozone/hadoop-ozone/integration-test/target/test-dir/MiniOzoneClusterImpl-8391e218-a55d-4210-9d4e-82a64144cc20/datanode-7/data/ratis/1f22e5c4-89e1-473e-bf2e-4936644038fc/sm/snapshot.1_0 time:3
2020-08-11 10:22:40,287 [ca417779-88b3-4dc1-a56d-e28a15aec768@group-4936644038FC-StateMachineUpdater] INFO  impl.StateMachineUpdater (StateMachineUpdater.java:takeSnapshot(277)) - ca417779-88b3-4dc1-a56d-e28a15aec768@group-4936644038FC-StateMachineUpdater: Took a snapshot at index 0
2020-08-11 10:22:40,287 [ca417779-88b3-4dc1-a56d-e28a15aec768@group-4936644038FC-StateMachineUpdater] INFO  impl.StateMachineUpdater (StateMachineUpdater.java:lambda$new$0(87)) - ca417779-88b3-4dc1-a56d-e28a15aec768@group-4936644038FC-StateMachineUpdater: snapshotIndex: updateIncreasingly -1 -> 0
2020-08-11 10:22:40,287 [ca417779-88b3-4dc1-a56d-e28a15aec768@group-4936644038FC-StateMachineUpdater] INFO  metrics.RatisMetrics (RatisMetrics.java:unregister(43)) - Unregistering Metrics Registry : ratis.state_machine.ca417779-88b3-4dc1-a56d-e28a15aec768@group-4936644038FC
2020-08-11 10:22:40,288 [ForkJoinPool.commonPool-worker-1] INFO  metrics.RatisMetrics (RatisMetrics.java:unregister(43)) - Unregistering Metrics Registry : ratis.log_worker.234a1256-f899-4d30-a672-4552a70ba9bb@group-9DCD71CD2593
2020-08-11 10:22:40,288 [ForkJoinPool.commonPool-worker-1] INFO  metrics.RatisMetrics (RatisMetrics.java:unregister(43)) - Unregistering Metrics Registry : ratis.leader_election.234a1256-f899-4d30-a672-4552a70ba9bb@group-9DCD71CD2593
2020-08-11 10:22:40,288 [ForkJoinPool.commonPool-worker-1] INFO  metrics.RatisMetrics (RatisMetrics.java:unregister(43)) - Unregistering Metrics Registry : ratis.server.234a1256-f899-4d30-a672-4552a70ba9bb@group-9DCD71CD2593
2020-08-11 10:22:40,288 [Listener at 127.0.0.1/39953] INFO  impl.RaftServerImpl (ServerState.java:close(387)) - ca417779-88b3-4dc1-a56d-e28a15aec768@group-4936644038FC: closes. applyIndex: 0
2020-08-11 10:22:40,288 [grpc-default-executor-4] INFO  impl.FollowerInfo (FollowerInfo.java:lambda$new$0(51)) - ca417779-88b3-4dc1-a56d-e28a15aec768@group-4936644038FC->8e0471e9-03e2-4e0b-80e1-583d5c951362: nextIndex: updateUnconditionally 1 -> 0
2020-08-11 10:22:40,288 [ca417779-88b3-4dc1-a56d-e28a15aec768@group-4936644038FC-SegmentedRaftLogWorker] INFO  segmented.SegmentedRaftLogWorker (SegmentedRaftLogWorker.java:run(327)) - ca417779-88b3-4dc1-a56d-e28a15aec768@group-4936644038FC-SegmentedRaftLogWorker was interrupted, exiting. There are 0 tasks remaining in the queue.
2020-08-11 10:22:40,289 [Listener at 127.0.0.1/39953] INFO  segmented.SegmentedRaftLogWorker (SegmentedRaftLogWorker.java:close(234)) - ca417779-88b3-4dc1-a56d-e28a15aec768@group-4936644038FC-SegmentedRaftLogWorker close()
2020-08-11 10:22:40,288 [ForkJoinPool.commonPool-worker-1] INFO  impl.RaftServerImpl (RaftServerImpl.java:lambda$shutdown$3(263)) - 234a1256-f899-4d30-a672-4552a70ba9bb@group-15E061DC1BD6: shutdown
2020-08-11 10:22:40,289 [ForkJoinPool.commonPool-worker-1] INFO  util.JmxRegister (JmxRegister.java:unregister(73)) - Successfully un-registered JMX Bean with object name Ratis:service=RaftServer,group=group-15E061DC1BD6,id=234a1256-f899-4d30-a672-4552a70ba9bb
2020-08-11 10:22:40,289 [ForkJoinPool.commonPool-worker-1] INFO  impl.RoleInfo (RoleInfo.java:shutdownLeaderState(104)) - 234a1256-f899-4d30-a672-4552a70ba9bb: shutdown LeaderState
2020-08-11 10:22:40,289 [ForkJoinPool.commonPool-worker-1] INFO  impl.PendingRequests (PendingRequests.java:sendNotLeaderResponses(249)) - 234a1256-f899-4d30-a672-4552a70ba9bb@group-15E061DC1BD6-PendingRequests: sendNotLeaderResponses
2020-08-11 10:22:40,289 [ForkJoinPool.commonPool-worker-1] INFO  metrics.RatisMetrics (RatisMetrics.java:unregister(43)) - Unregistering Metrics Registry : ratis.log_appender.234a1256-f899-4d30-a672-4552a70ba9bb@group-15E061DC1BD6
2020-08-11 10:22:40,289 [ForkJoinPool.commonPool-worker-1] INFO  metrics.RatisMetrics (RatisMetrics.java:unregister(43)) - Unregistering Metrics Registry : ratis.server.234a1256-f899-4d30-a672-4552a70ba9bb@group-15E061DC1BD6
2020-08-11 10:22:40,290 [ForkJoinPool.commonPool-worker-1] INFO  impl.StateMachineUpdater (StateMachineUpdater.java:stopAndJoin(142)) - 234a1256-f899-4d30-a672-4552a70ba9bb@group-15E061DC1BD6-StateMachineUpdater: set stopIndex = 0
2020-08-11 10:22:40,290 [234a1256-f899-4d30-a672-4552a70ba9bb@group-15E061DC1BD6-StateMachineUpdater] INFO  ratis.ContainerStateMachine (ContainerStateMachine.java:takeSnapshot(293)) - group-15E061DC1BD6: Taking a snapshot at:(t:1, i:0) file /github/workspace/mnt/ozone/hadoop-ozone/integration-test/target/test-dir/MiniOzoneClusterImpl-8391e218-a55d-4210-9d4e-82a64144cc20/datanode-0/data/ratis/e1571141-e086-45a3-9f16-15e061dc1bd6/sm/snapshot.1_0
2020-08-11 10:22:40,291 [Listener at 127.0.0.1/39953] INFO  metrics.RatisMetrics (RatisMetrics.java:unregister(43)) - Unregistering Metrics Registry : ratis.log_worker.ca417779-88b3-4dc1-a56d-e28a15aec768@group-4936644038FC
2020-08-11 10:22:40,292 [Listener at 127.0.0.1/39953] INFO  metrics.RatisMetrics (RatisMetrics.java:unregister(43)) - Unregistering Metrics Registry : ratis.leader_election.ca417779-88b3-4dc1-a56d-e28a15aec768@group-4936644038FC
2020-08-11 10:22:40,292 [Listener at 127.0.0.1/39953] INFO  metrics.RatisMetrics (RatisMetrics.java:unregister(43)) - Unregistering Metrics Registry : ratis.server.ca417779-88b3-4dc1-a56d-e28a15aec768@group-4936644038FC
2020-08-11 10:22:40,291 [234a1256-f899-4d30-a672-4552a70ba9bb@group-15E061DC1BD6-StateMachineUpdater] INFO  ratis.ContainerStateMachine (ContainerStateMachine.java:takeSnapshot(304)) - group-15E061DC1BD6: Finished taking a snapshot at:(t:1, i:0) file:/github/workspace/mnt/ozone/hadoop-ozone/integration-test/target/test-dir/MiniOzoneClusterImpl-8391e218-a55d-4210-9d4e-82a64144cc20/datanode-0/data/ratis/e1571141-e086-45a3-9f16-15e061dc1bd6/sm/snapshot.1_0 time:1
2020-08-11 10:22:40,292 [Listener at 127.0.0.1/39953] INFO  server.GrpcService (GrpcService.java:closeImpl(166)) - ca417779-88b3-4dc1-a56d-e28a15aec768: shutdown server with port 39865 now
2020-08-11 10:22:40,292 [234a1256-f899-4d30-a672-4552a70ba9bb@group-15E061DC1BD6-StateMachineUpdater] INFO  impl.StateMachineUpdater (StateMachineUpdater.java:takeSnapshot(277)) - 234a1256-f899-4d30-a672-4552a70ba9bb@group-15E061DC1BD6-StateMachineUpdater: Took a snapshot at index 0
2020-08-11 10:22:40,293 [234a1256-f899-4d30-a672-4552a70ba9bb@group-15E061DC1BD6-StateMachineUpdater] INFO  impl.StateMachineUpdater (StateMachineUpdater.java:lambda$new$0(87)) - 234a1256-f899-4d30-a672-4552a70ba9bb@group-15E061DC1BD6-StateMachineUpdater: snapshotIndex: updateIncreasingly -1 -> 0
2020-08-11 10:22:40,293 [234a1256-f899-4d30-a672-4552a70ba9bb@group-15E061DC1BD6-StateMachineUpdater] INFO  metrics.RatisMetrics (RatisMetrics.java:unregister(43)) - Unregistering Metrics Registry : ratis.state_machine.234a1256-f899-4d30-a672-4552a70ba9bb@group-15E061DC1BD6
2020-08-11 10:22:40,293 [ForkJoinPool.commonPool-worker-1] INFO  impl.RaftServerImpl (ServerState.java:close(387)) - 234a1256-f899-4d30-a672-4552a70ba9bb@group-15E061DC1BD6: closes. applyIndex: 0
2020-08-11 10:22:40,293 [234a1256-f899-4d30-a672-4552a70ba9bb@group-15E061DC1BD6-SegmentedRaftLogWorker] INFO  segmented.SegmentedRaftLogWorker (SegmentedRaftLogWorker.java:run(327)) - 234a1256-f899-4d30-a672-4552a70ba9bb@group-15E061DC1BD6-SegmentedRaftLogWorker was interrupted, exiting. There are 0 tasks remaining in the queue.
2020-08-11 10:22:40,293 [ForkJoinPool.commonPool-worker-1] INFO  segmented.SegmentedRaftLogWorker (SegmentedRaftLogWorker.java:close(234)) - 234a1256-f899-4d30-a672-4552a70ba9bb@group-15E061DC1BD6-SegmentedRaftLogWorker close()
2020-08-11 10:22:40,295 [Listener at 127.0.0.1/39953] INFO  server.GrpcService (GrpcService.java:closeImpl(174)) - ca417779-88b3-4dc1-a56d-e28a15aec768: shutdown server with port 39865 successfully
2020-08-11 10:22:40,295 [ForkJoinPool.commonPool-worker-1] INFO  metrics.RatisMetrics (RatisMetrics.java:unregister(43)) - Unregistering Metrics Registry : ratis.log_worker.234a1256-f899-4d30-a672-4552a70ba9bb@group-15E061DC1BD6
2020-08-11 10:22:40,295 [ForkJoinPool.commonPool-worker-1] INFO  metrics.RatisMetrics (RatisMetrics.java:unregister(43)) - Unregistering Metrics Registry : ratis.leader_election.234a1256-f899-4d30-a672-4552a70ba9bb@group-15E061DC1BD6
2020-08-11 10:22:40,295 [ForkJoinPool.commonPool-worker-1] INFO  metrics.RatisMetrics (RatisMetrics.java:unregister(43)) - Unregistering Metrics Registry : ratis.server.234a1256-f899-4d30-a672-4552a70ba9bb@group-15E061DC1BD6
2020-08-11 10:22:40,295 [ForkJoinPool.commonPool-worker-1] INFO  server.GrpcService (GrpcService.java:closeImpl(166)) - 234a1256-f899-4d30-a672-4552a70ba9bb: shutdown server with port 33031 now
2020-08-11 10:22:40,296 [Listener at 127.0.0.1/39953] INFO  utils.BackgroundService (BackgroundService.java:shutdown(157)) - Shutting down service BlockDeletingService
2020-08-11 10:22:40,297 [ForkJoinPool.commonPool-worker-1] INFO  server.GrpcService (GrpcService.java:closeImpl(174)) - 234a1256-f899-4d30-a672-4552a70ba9bb: shutdown server with port 33031 successfully
2020-08-11 10:22:40,299 [Listener at 127.0.0.1/39953] INFO  statemachine.DatanodeStateMachine (DatanodeStateMachine.java:stopDaemon(454)) - Ozone container server stopped.
2020-08-11 10:22:40,299 [ForkJoinPool.commonPool-worker-1] INFO  utils.BackgroundService (BackgroundService.java:shutdown(157)) - Shutting down service BlockDeletingService
2020-08-11 10:22:40,305 [ForkJoinPool.commonPool-worker-1] INFO  statemachine.DatanodeStateMachine (DatanodeStateMachine.java:stopDaemon(454)) - Ozone container server stopped.
2020-08-11 10:22:40,309 [Listener at 127.0.0.1/39953] INFO  handler.ContextHandler (ContextHandler.java:doStop(1016)) - Stopped o.e.j.w.WebAppContext@203f929{hddsDatanode,/,null,UNAVAILABLE}{jar:file:/home/user/.m2/repository/org/apache/hadoop/hadoop-hdds-container-service/0.6.0-SNAPSHOT/hadoop-hdds-container-service-0.6.0-SNAPSHOT.jar!/webapps/hddsDatanode}
2020-08-11 10:22:40,310 [Listener at 127.0.0.1/39953] INFO  server.AbstractConnector (AbstractConnector.java:doStop(380)) - Stopped ServerConnector@5ef99f75{HTTP/1.1,[http/1.1]}{0.0.0.0:0}
2020-08-11 10:22:40,310 [Listener at 127.0.0.1/39953] INFO  server.session (HouseKeeper.java:stopScavenging(158)) - node0 Stopped scavenging
2020-08-11 10:22:40,310 [Listener at 127.0.0.1/39953] INFO  handler.ContextHandler (ContextHandler.java:doStop(1016)) - Stopped o.e.j.s.ServletContextHandler@6a584533{static,/static,jar:file:/home/user/.m2/repository/org/apache/hadoop/hadoop-hdds-container-service/0.6.0-SNAPSHOT/hadoop-hdds-container-service-0.6.0-SNAPSHOT.jar!/webapps/static,UNAVAILABLE}
2020-08-11 10:22:40,310 [Listener at 127.0.0.1/39953] INFO  handler.ContextHandler (ContextHandler.java:doStop(1016)) - Stopped o.e.j.s.ServletContextHandler@418e1cd6{logs,/logs,file:///github/workspace/mnt/ozone/hadoop-ozone/integration-test/target/log,UNAVAILABLE}
2020-08-11 10:22:40,314 [ForkJoinPool.commonPool-worker-1] INFO  handler.ContextHandler (ContextHandler.java:doStop(1016)) - Stopped o.e.j.w.WebAppContext@385269dd{hddsDatanode,/,null,UNAVAILABLE}{jar:file:/home/user/.m2/repository/org/apache/hadoop/hadoop-hdds-container-service/0.6.0-SNAPSHOT/hadoop-hdds-container-service-0.6.0-SNAPSHOT.jar!/webapps/hddsDatanode}
2020-08-11 10:22:40,315 [ForkJoinPool.commonPool-worker-1] INFO  server.AbstractConnector (AbstractConnector.java:doStop(380)) - Stopped ServerConnector@84e1883{HTTP/1.1,[http/1.1]}{0.0.0.0:0}
2020-08-11 10:22:40,315 [ForkJoinPool.commonPool-worker-1] INFO  server.session (HouseKeeper.java:stopScavenging(158)) - node0 Stopped scavenging
2020-08-11 10:22:40,318 [ForkJoinPool.commonPool-worker-1] INFO  handler.ContextHandler (ContextHandler.java:doStop(1016)) - Stopped o.e.j.s.ServletContextHandler@30bb4248{static,/static,jar:file:/home/user/.m2/repository/org/apache/hadoop/hadoop-hdds-container-service/0.6.0-SNAPSHOT/hadoop-hdds-container-service-0.6.0-SNAPSHOT.jar!/webapps/static,UNAVAILABLE}
2020-08-11 10:22:40,320 [ForkJoinPool.commonPool-worker-1] INFO  handler.ContextHandler (ContextHandler.java:doStop(1016)) - Stopped o.e.j.s.ServletContextHandler@7e41619d{logs,/logs,file:///github/workspace/mnt/ozone/hadoop-ozone/integration-test/target/log,UNAVAILABLE}
2020-08-11 10:22:41,182 [Datanode State Machine Thread - 0] INFO  statemachine.DatanodeStateMachine (DatanodeStateMachine.java:lambda$startDaemon$0(406)) - Ozone container server started.
2020-08-11 10:22:41,199 [Datanode State Machine Thread - 0] INFO  statemachine.DatanodeStateMachine (DatanodeStateMachine.java:lambda$startDaemon$0(406)) - Ozone container server started.
2020-08-11 10:22:44,618 [Thread-1748] INFO  impl.FollowerState (FollowerState.java:run(108)) - 69055b56-bf48-47fd-bece-64ae6d668fba@group-9DCD71CD2593-FollowerState: change to CANDIDATE, lastRpcTime:5244ms, electionTimeout:5108ms
2020-08-11 10:22:44,618 [Thread-1748] INFO  impl.RoleInfo (RoleInfo.java:shutdownFollowerState(121)) - 69055b56-bf48-47fd-bece-64ae6d668fba: shutdown FollowerState
2020-08-11 10:22:44,618 [Thread-1748] INFO  impl.RaftServerImpl (RaftServerImpl.java:setRole(185)) - 69055b56-bf48-47fd-bece-64ae6d668fba@group-9DCD71CD2593: changes role from  FOLLOWER to CANDIDATE at term 2 for changeToCandidate
2020-08-11 10:22:44,618 [Thread-1748] INFO  impl.RoleInfo (RoleInfo.java:updateAndGet(143)) - 69055b56-bf48-47fd-bece-64ae6d668fba: start LeaderElection
2020-08-11 10:22:44,620 [69055b56-bf48-47fd-bece-64ae6d668fba@group-9DCD71CD2593-LeaderElection61] INFO  impl.RaftServerImpl (ServerState.java:setLeader(255)) - 69055b56-bf48-47fd-bece-64ae6d668fba@group-9DCD71CD2593: change Leader from 234a1256-f899-4d30-a672-4552a70ba9bb to null at term 2 for initElection
2020-08-11 10:22:44,621 [69055b56-bf48-47fd-bece-64ae6d668fba@group-9DCD71CD2593-LeaderElection61] INFO  impl.LeaderElection (LeaderElection.java:askForVotes(209)) - 69055b56-bf48-47fd-bece-64ae6d668fba@group-9DCD71CD2593-LeaderElection61: begin an election at term 3 for 0: [234a1256-f899-4d30-a672-4552a70ba9bb:172.17.0.2:33031, d1bce0c3-0b11-4e04-b896-bd0ae9e1df71:172.17.0.2:45933, 69055b56-bf48-47fd-bece-64ae6d668fba:172.17.0.2:44699], old=null
2020-08-11 10:22:44,625 [69055b56-bf48-47fd-bece-64ae6d668fba@group-9DCD71CD2593-LeaderElection61] INFO  impl.LeaderElection (LogUtils.java:infoOrTrace(137)) - 69055b56-bf48-47fd-bece-64ae6d668fba@group-9DCD71CD2593-LeaderElection61 got exception when requesting votes: java.util.concurrent.ExecutionException: org.apache.ratis.thirdparty.io.grpc.StatusRuntimeException: UNAVAILABLE: io exception
2020-08-11 10:22:44,626 [69055b56-bf48-47fd-bece-64ae6d668fba@group-9DCD71CD2593-LeaderElection61] INFO  impl.LeaderElection (LogUtils.java:infoOrTrace(137)) - 69055b56-bf48-47fd-bece-64ae6d668fba@group-9DCD71CD2593-LeaderElection61 got exception when requesting votes: java.util.concurrent.ExecutionException: org.apache.ratis.thirdparty.io.grpc.StatusRuntimeException: UNAVAILABLE: io exception
2020-08-11 10:22:44,626 [69055b56-bf48-47fd-bece-64ae6d668fba@group-9DCD71CD2593-LeaderElection61] INFO  impl.LeaderElection (LeaderElection.java:logAndReturn(61)) - 69055b56-bf48-47fd-bece-64ae6d668fba@group-9DCD71CD2593-LeaderElection61: Election REJECTED; received 0 response(s) [] and 2 exception(s); 69055b56-bf48-47fd-bece-64ae6d668fba@group-9DCD71CD2593:t3, leader=null, voted=69055b56-bf48-47fd-bece-64ae6d668fba, raftlog=69055b56-bf48-47fd-bece-64ae6d668fba@group-9DCD71CD2593-SegmentedRaftLog:OPENED:c0,f0,i0, conf=0: [234a1256-f899-4d30-a672-4552a70ba9bb:172.17.0.2:33031, d1bce0c3-0b11-4e04-b896-bd0ae9e1df71:172.17.0.2:45933, 69055b56-bf48-47fd-bece-64ae6d668fba:172.17.0.2:44699], old=null
2020-08-11 10:22:44,626 [69055b56-bf48-47fd-bece-64ae6d668fba@group-9DCD71CD2593-LeaderElection61] INFO  impl.LeaderElection (LogUtils.java:infoOrTrace(137)) -   Exception 0: java.util.concurrent.ExecutionException: org.apache.ratis.thirdparty.io.grpc.StatusRuntimeException: UNAVAILABLE: io exception
2020-08-11 10:22:44,626 [69055b56-bf48-47fd-bece-64ae6d668fba@group-9DCD71CD2593-LeaderElection61] INFO  impl.LeaderElection (LogUtils.java:infoOrTrace(137)) -   Exception 1: java.util.concurrent.ExecutionException: org.apache.ratis.thirdparty.io.grpc.StatusRuntimeException: UNAVAILABLE: io exception
2020-08-11 10:22:44,626 [69055b56-bf48-47fd-bece-64ae6d668fba@group-9DCD71CD2593-LeaderElection61] INFO  impl.RaftServerImpl (RaftServerImpl.java:setRole(185)) - 69055b56-bf48-47fd-bece-64ae6d668fba@group-9DCD71CD2593: changes role from CANDIDATE to FOLLOWER at term 3 for DISCOVERED_A_NEW_TERM
2020-08-11 10:22:44,626 [69055b56-bf48-47fd-bece-64ae6d668fba@group-9DCD71CD2593-LeaderElection61] INFO  impl.RoleInfo (RoleInfo.java:shutdownLeaderElection(134)) - 69055b56-bf48-47fd-bece-64ae6d668fba: shutdown LeaderElection
2020-08-11 10:22:44,626 [69055b56-bf48-47fd-bece-64ae6d668fba@group-9DCD71CD2593-LeaderElection61] INFO  impl.RoleInfo (RoleInfo.java:updateAndGet(143)) - 69055b56-bf48-47fd-bece-64ae6d668fba: start FollowerState
2020-08-11 10:22:45,312 [Listener at 127.0.0.1/39953] INFO  ozoneimpl.OzoneContainer (OzoneContainer.java:stop(259)) - Attempting to stop container services.
2020-08-11 10:22:45,313 [Listener at 127.0.0.1/39953] INFO  impl.RaftServerProxy (RaftServerProxy.java:lambda$close$4(319)) - 8e0471e9-03e2-4e0b-80e1-583d5c951362: close
2020-08-11 10:22:45,314 [Listener at 127.0.0.1/39953] INFO  impl.RaftServerImpl (RaftServerImpl.java:lambda$shutdown$3(263)) - 8e0471e9-03e2-4e0b-80e1-583d5c951362@group-94ED43AB3EF2: shutdown
2020-08-11 10:22:45,314 [Listener at 127.0.0.1/39953] INFO  util.JmxRegister (JmxRegister.java:unregister(73)) - Successfully un-registered JMX Bean with object name Ratis:service=RaftServer,group=group-94ED43AB3EF2,id=8e0471e9-03e2-4e0b-80e1-583d5c951362
2020-08-11 10:22:45,314 [Listener at 127.0.0.1/39953] INFO  impl.RoleInfo (RoleInfo.java:shutdownLeaderState(104)) - 8e0471e9-03e2-4e0b-80e1-583d5c951362: shutdown LeaderState
2020-08-11 10:22:45,314 [Listener at 127.0.0.1/39953] INFO  impl.PendingRequests (PendingRequests.java:sendNotLeaderResponses(249)) - 8e0471e9-03e2-4e0b-80e1-583d5c951362@group-94ED43AB3EF2-PendingRequests: sendNotLeaderResponses
2020-08-11 10:22:45,315 [Listener at 127.0.0.1/39953] INFO  metrics.RatisMetrics (RatisMetrics.java:unregister(43)) - Unregistering Metrics Registry : ratis.log_appender.8e0471e9-03e2-4e0b-80e1-583d5c951362@group-94ED43AB3EF2
2020-08-11 10:22:45,315 [Listener at 127.0.0.1/39953] INFO  metrics.RatisMetrics (RatisMetrics.java:unregister(43)) - Unregistering Metrics Registry : ratis.server.8e0471e9-03e2-4e0b-80e1-583d5c951362@group-94ED43AB3EF2
2020-08-11 10:22:45,316 [Listener at 127.0.0.1/39953] INFO  impl.StateMachineUpdater (StateMachineUpdater.java:stopAndJoin(142)) - 8e0471e9-03e2-4e0b-80e1-583d5c951362@group-94ED43AB3EF2-StateMachineUpdater: set stopIndex = 0
2020-08-11 10:22:45,316 [8e0471e9-03e2-4e0b-80e1-583d5c951362@group-94ED43AB3EF2-StateMachineUpdater] INFO  ratis.ContainerStateMachine (ContainerStateMachine.java:takeSnapshot(293)) - group-94ED43AB3EF2: Taking a snapshot at:(t:1, i:0) file /github/workspace/mnt/ozone/hadoop-ozone/integration-test/target/test-dir/MiniOzoneClusterImpl-8391e218-a55d-4210-9d4e-82a64144cc20/datanode-8/data/ratis/3d2e70ea-3041-4ad4-bd86-94ed43ab3ef2/sm/snapshot.1_0
2020-08-11 10:22:45,318 [8e0471e9-03e2-4e0b-80e1-583d5c951362@group-94ED43AB3EF2-StateMachineUpdater] INFO  ratis.ContainerStateMachine (ContainerStateMachine.java:takeSnapshot(304)) - group-94ED43AB3EF2: Finished taking a snapshot at:(t:1, i:0) file:/github/workspace/mnt/ozone/hadoop-ozone/integration-test/target/test-dir/MiniOzoneClusterImpl-8391e218-a55d-4210-9d4e-82a64144cc20/datanode-8/data/ratis/3d2e70ea-3041-4ad4-bd86-94ed43ab3ef2/sm/snapshot.1_0 time:1
2020-08-11 10:22:45,318 [8e0471e9-03e2-4e0b-80e1-583d5c951362@group-94ED43AB3EF2-StateMachineUpdater] INFO  impl.StateMachineUpdater (StateMachineUpdater.java:takeSnapshot(277)) - 8e0471e9-03e2-4e0b-80e1-583d5c951362@group-94ED43AB3EF2-StateMachineUpdater: Took a snapshot at index 0
2020-08-11 10:22:45,318 [8e0471e9-03e2-4e0b-80e1-583d5c951362@group-94ED43AB3EF2-StateMachineUpdater] INFO  impl.StateMachineUpdater (StateMachineUpdater.java:lambda$new$0(87)) - 8e0471e9-03e2-4e0b-80e1-583d5c951362@group-94ED43AB3EF2-StateMachineUpdater: snapshotIndex: updateIncreasingly -1 -> 0
2020-08-11 10:22:45,318 [8e0471e9-03e2-4e0b-80e1-583d5c951362@group-94ED43AB3EF2-StateMachineUpdater] INFO  metrics.RatisMetrics (RatisMetrics.java:unregister(43)) - Unregistering Metrics Registry : ratis.state_machine.8e0471e9-03e2-4e0b-80e1-583d5c951362@group-94ED43AB3EF2
2020-08-11 10:22:45,318 [Listener at 127.0.0.1/39953] INFO  impl.RaftServerImpl (ServerState.java:close(387)) - 8e0471e9-03e2-4e0b-80e1-583d5c951362@group-94ED43AB3EF2: closes. applyIndex: 0
2020-08-11 10:22:45,318 [8e0471e9-03e2-4e0b-80e1-583d5c951362@group-94ED43AB3EF2-SegmentedRaftLogWorker] INFO  segmented.SegmentedRaftLogWorker (SegmentedRaftLogWorker.java:run(327)) - 8e0471e9-03e2-4e0b-80e1-583d5c951362@group-94ED43AB3EF2-SegmentedRaftLogWorker was interrupted, exiting. There are 0 tasks remaining in the queue.
2020-08-11 10:22:45,319 [Listener at 127.0.0.1/39953] INFO  segmented.SegmentedRaftLogWorker (SegmentedRaftLogWorker.java:close(234)) - 8e0471e9-03e2-4e0b-80e1-583d5c951362@group-94ED43AB3EF2-SegmentedRaftLogWorker close()
2020-08-11 10:22:45,319 [Listener at 127.0.0.1/39953] INFO  metrics.RatisMetrics (RatisMetrics.java:unregister(43)) - Unregistering Metrics Registry : ratis.log_worker.8e0471e9-03e2-4e0b-80e1-583d5c951362@group-94ED43AB3EF2
2020-08-11 10:22:45,319 [Listener at 127.0.0.1/39953] INFO  metrics.RatisMetrics (RatisMetrics.java:unregister(43)) - Unregistering Metrics Registry : ratis.leader_election.8e0471e9-03e2-4e0b-80e1-583d5c951362@group-94ED43AB3EF2
2020-08-11 10:22:45,320 [Listener at 127.0.0.1/39953] INFO  metrics.RatisMetrics (RatisMetrics.java:unregister(43)) - Unregistering Metrics Registry : ratis.server.8e0471e9-03e2-4e0b-80e1-583d5c951362@group-94ED43AB3EF2
2020-08-11 10:22:45,320 [Listener at 127.0.0.1/39953] INFO  impl.RaftServerImpl (RaftServerImpl.java:lambda$shutdown$3(263)) - 8e0471e9-03e2-4e0b-80e1-583d5c951362@group-4936644038FC: shutdown
2020-08-11 10:22:45,320 [Listener at 127.0.0.1/39953] INFO  util.JmxRegister (JmxRegister.java:unregister(73)) - Successfully un-registered JMX Bean with object name Ratis:service=RaftServer,group=group-4936644038FC,id=8e0471e9-03e2-4e0b-80e1-583d5c951362
2020-08-11 10:22:45,320 [Listener at 127.0.0.1/39953] INFO  impl.RoleInfo (RoleInfo.java:shutdownFollowerState(121)) - 8e0471e9-03e2-4e0b-80e1-583d5c951362: shutdown FollowerState
2020-08-11 10:22:45,320 [Listener at 127.0.0.1/39953] INFO  impl.StateMachineUpdater (StateMachineUpdater.java:stopAndJoin(142)) - 8e0471e9-03e2-4e0b-80e1-583d5c951362@group-4936644038FC-StateMachineUpdater: set stopIndex = 0
2020-08-11 10:22:45,320 [8e0471e9-03e2-4e0b-80e1-583d5c951362@group-4936644038FC-StateMachineUpdater] INFO  ratis.ContainerStateMachine (ContainerStateMachine.java:takeSnapshot(293)) - group-4936644038FC: Taking a snapshot at:(t:1, i:0) file /github/workspace/mnt/ozone/hadoop-ozone/integration-test/target/test-dir/MiniOzoneClusterImpl-8391e218-a55d-4210-9d4e-82a64144cc20/datanode-8/data/ratis/1f22e5c4-89e1-473e-bf2e-4936644038fc/sm/snapshot.1_0
2020-08-11 10:22:45,320 [Thread-1709] INFO  impl.FollowerState (FollowerState.java:run(117)) - 8e0471e9-03e2-4e0b-80e1-583d5c951362@group-4936644038FC-FollowerState was interrupted: java.lang.InterruptedException: sleep interrupted
2020-08-11 10:22:45,321 [8e0471e9-03e2-4e0b-80e1-583d5c951362@group-4936644038FC-StateMachineUpdater] INFO  ratis.ContainerStateMachine (ContainerStateMachine.java:takeSnapshot(304)) - group-4936644038FC: Finished taking a snapshot at:(t:1, i:0) file:/github/workspace/mnt/ozone/hadoop-ozone/integration-test/target/test-dir/MiniOzoneClusterImpl-8391e218-a55d-4210-9d4e-82a64144cc20/datanode-8/data/ratis/1f22e5c4-89e1-473e-bf2e-4936644038fc/sm/snapshot.1_0 time:1
2020-08-11 10:22:45,321 [8e0471e9-03e2-4e0b-80e1-583d5c951362@group-4936644038FC-StateMachineUpdater] INFO  impl.StateMachineUpdater (StateMachineUpdater.java:takeSnapshot(277)) - 8e0471e9-03e2-4e0b-80e1-583d5c951362@group-4936644038FC-StateMachineUpdater: Took a snapshot at index 0
2020-08-11 10:22:45,321 [8e0471e9-03e2-4e0b-80e1-583d5c951362@group-4936644038FC-StateMachineUpdater] INFO  impl.StateMachineUpdater (StateMachineUpdater.java:lambda$new$0(87)) - 8e0471e9-03e2-4e0b-80e1-583d5c951362@group-4936644038FC-StateMachineUpdater: snapshotIndex: updateIncreasingly -1 -> 0
2020-08-11 10:22:45,322 [8e0471e9-03e2-4e0b-80e1-583d5c951362@group-4936644038FC-StateMachineUpdater] INFO  metrics.RatisMetrics (RatisMetrics.java:unregister(43)) - Unregistering Metrics Registry : ratis.state_machine.8e0471e9-03e2-4e0b-80e1-583d5c951362@group-4936644038FC
2020-08-11 10:22:45,322 [Listener at 127.0.0.1/39953] INFO  impl.RaftServerImpl (ServerState.java:close(387)) - 8e0471e9-03e2-4e0b-80e1-583d5c951362@group-4936644038FC: closes. applyIndex: 0
2020-08-11 10:22:45,322 [8e0471e9-03e2-4e0b-80e1-583d5c951362@group-4936644038FC-SegmentedRaftLogWorker] INFO  segmented.SegmentedRaftLogWorker (SegmentedRaftLogWorker.java:run(327)) - 8e0471e9-03e2-4e0b-80e1-583d5c951362@group-4936644038FC-SegmentedRaftLogWorker was interrupted, exiting. There are 0 tasks remaining in the queue.
2020-08-11 10:22:45,323 [ForkJoinPool.commonPool-worker-1] INFO  ozoneimpl.OzoneContainer (OzoneContainer.java:stop(259)) - Attempting to stop container services.
2020-08-11 10:22:45,323 [ForkJoinPool.commonPool-worker-1] INFO  impl.RaftServerProxy (RaftServerProxy.java:lambda$close$4(319)) - 69055b56-bf48-47fd-bece-64ae6d668fba: close
2020-08-11 10:22:45,323 [ForkJoinPool.commonPool-worker-1] INFO  impl.RaftServerImpl (RaftServerImpl.java:lambda$shutdown$3(263)) - 69055b56-bf48-47fd-bece-64ae6d668fba@group-9DCD71CD2593: shutdown
2020-08-11 10:22:45,323 [ForkJoinPool.commonPool-worker-1] INFO  util.JmxRegister (JmxRegister.java:unregister(73)) - Successfully un-registered JMX Bean with object name Ratis:service=RaftServer,group=group-9DCD71CD2593,id=69055b56-bf48-47fd-bece-64ae6d668fba
2020-08-11 10:22:45,323 [ForkJoinPool.commonPool-worker-1] INFO  impl.RoleInfo (RoleInfo.java:shutdownFollowerState(121)) - 69055b56-bf48-47fd-bece-64ae6d668fba: shutdown FollowerState
2020-08-11 10:22:45,323 [ForkJoinPool.commonPool-worker-1] INFO  impl.StateMachineUpdater (StateMachineUpdater.java:stopAndJoin(142)) - 69055b56-bf48-47fd-bece-64ae6d668fba@group-9DCD71CD2593-StateMachineUpdater: set stopIndex = 0
2020-08-11 10:22:45,323 [Thread-1777] INFO  impl.FollowerState (FollowerState.java:run(117)) - 69055b56-bf48-47fd-bece-64ae6d668fba@group-9DCD71CD2593-FollowerState was interrupted: java.lang.InterruptedException: sleep interrupted
2020-08-11 10:22:45,324 [69055b56-bf48-47fd-bece-64ae6d668fba@group-9DCD71CD2593-StateMachineUpdater] INFO  ratis.ContainerStateMachine (ContainerStateMachine.java:takeSnapshot(293)) - group-9DCD71CD2593: Taking a snapshot at:(t:2, i:0) file /github/workspace/mnt/ozone/hadoop-ozone/integration-test/target/test-dir/MiniOzoneClusterImpl-8391e218-a55d-4210-9d4e-82a64144cc20/datanode-1/data/ratis/773867e7-0762-4e2f-b39b-9dcd71cd2593/sm/snapshot.2_0
2020-08-11 10:22:45,324 [Listener at 127.0.0.1/39953] INFO  segmented.SegmentedRaftLogWorker (SegmentedRaftLogWorker.java:close(234)) - 8e0471e9-03e2-4e0b-80e1-583d5c951362@group-4936644038FC-SegmentedRaftLogWorker close()
2020-08-11 10:22:45,325 [69055b56-bf48-47fd-bece-64ae6d668fba@group-9DCD71CD2593-StateMachineUpdater] INFO  ratis.ContainerStateMachine (ContainerStateMachine.java:takeSnapshot(304)) - group-9DCD71CD2593: Finished taking a snapshot at:(t:2, i:0) file:/github/workspace/mnt/ozone/hadoop-ozone/integration-test/target/test-dir/MiniOzoneClusterImpl-8391e218-a55d-4210-9d4e-82a64144cc20/datanode-1/data/ratis/773867e7-0762-4e2f-b39b-9dcd71cd2593/sm/snapshot.2_0 time:1
2020-08-11 10:22:45,325 [69055b56-bf48-47fd-bece-64ae6d668fba@group-9DCD71CD2593-StateMachineUpdater] INFO  impl.StateMachineUpdater (StateMachineUpdater.java:takeSnapshot(277)) - 69055b56-bf48-47fd-bece-64ae6d668fba@group-9DCD71CD2593-StateMachineUpdater: Took a snapshot at index 0
2020-08-11 10:22:45,325 [69055b56-bf48-47fd-bece-64ae6d668fba@group-9DCD71CD2593-StateMachineUpdater] INFO  impl.StateMachineUpdater (StateMachineUpdater.java:lambda$new$0(87)) - 69055b56-bf48-47fd-bece-64ae6d668fba@group-9DCD71CD2593-StateMachineUpdater: snapshotIndex: updateIncreasingly -1 -> 0
2020-08-11 10:22:45,325 [69055b56-bf48-47fd-bece-64ae6d668fba@group-9DCD71CD2593-StateMachineUpdater] INFO  metrics.RatisMetrics (RatisMetrics.java:unregister(43)) - Unregistering Metrics Registry : ratis.state_machine.69055b56-bf48-47fd-bece-64ae6d668fba@group-9DCD71CD2593
2020-08-11 10:22:45,325 [ForkJoinPool.commonPool-worker-1] INFO  impl.RaftServerImpl (ServerState.java:close(387)) - 69055b56-bf48-47fd-bece-64ae6d668fba@group-9DCD71CD2593: closes. applyIndex: 0
2020-08-11 10:22:45,325 [69055b56-bf48-47fd-bece-64ae6d668fba@group-9DCD71CD2593-SegmentedRaftLogWorker] INFO  segmented.SegmentedRaftLogWorker (SegmentedRaftLogWorker.java:run(327)) - 69055b56-bf48-47fd-bece-64ae6d668fba@group-9DCD71CD2593-SegmentedRaftLogWorker was interrupted, exiting. There are 0 tasks remaining in the queue.
2020-08-11 10:22:45,325 [ForkJoinPool.commonPool-worker-1] INFO  segmented.SegmentedRaftLogWorker (SegmentedRaftLogWorker.java:close(234)) - 69055b56-bf48-47fd-bece-64ae6d668fba@group-9DCD71CD2593-SegmentedRaftLogWorker close()
2020-08-11 10:22:45,326 [ForkJoinPool.commonPool-worker-1] INFO  metrics.RatisMetrics (RatisMetrics.java:unregister(43)) - Unregistering Metrics Registry : ratis.log_worker.69055b56-bf48-47fd-bece-64ae6d668fba@group-9DCD71CD2593
2020-08-11 10:22:45,326 [ForkJoinPool.commonPool-worker-1] INFO  metrics.RatisMetrics (RatisMetrics.java:unregister(43)) - Unregistering Metrics Registry : ratis.leader_election.69055b56-bf48-47fd-bece-64ae6d668fba@group-9DCD71CD2593
2020-08-11 10:22:45,326 [ForkJoinPool.commonPool-worker-1] INFO  metrics.RatisMetrics (RatisMetrics.java:unregister(43)) - Unregistering Metrics Registry : ratis.server.69055b56-bf48-47fd-bece-64ae6d668fba@group-9DCD71CD2593
2020-08-11 10:22:45,326 [ForkJoinPool.commonPool-worker-1] INFO  impl.RaftServerImpl (RaftServerImpl.java:lambda$shutdown$3(263)) - 69055b56-bf48-47fd-bece-64ae6d668fba@group-065F51878978: shutdown
2020-08-11 10:22:45,326 [ForkJoinPool.commonPool-worker-1] INFO  util.JmxRegister (JmxRegister.java:unregister(73)) - Successfully un-registered JMX Bean with object name Ratis:service=RaftServer,group=group-065F51878978,id=69055b56-bf48-47fd-bece-64ae6d668fba
2020-08-11 10:22:45,326 [ForkJoinPool.commonPool-worker-1] INFO  impl.RoleInfo (RoleInfo.java:shutdownLeaderState(104)) - 69055b56-bf48-47fd-bece-64ae6d668fba: shutdown LeaderState
2020-08-11 10:22:45,327 [ForkJoinPool.commonPool-worker-1] INFO  impl.PendingRequests (PendingRequests.java:sendNotLeaderResponses(249)) - 69055b56-bf48-47fd-bece-64ae6d668fba@group-065F51878978-PendingRequests: sendNotLeaderResponses
2020-08-11 10:22:45,327 [ForkJoinPool.commonPool-worker-1] INFO  metrics.RatisMetrics (RatisMetrics.java:unregister(43)) - Unregistering Metrics Registry : ratis.log_appender.69055b56-bf48-47fd-bece-64ae6d668fba@group-065F51878978
2020-08-11 10:22:45,327 [ForkJoinPool.commonPool-worker-1] INFO  metrics.RatisMetrics (RatisMetrics.java:unregister(43)) - Unregistering Metrics Registry : ratis.server.69055b56-bf48-47fd-bece-64ae6d668fba@group-065F51878978
2020-08-11 10:22:45,328 [ForkJoinPool.commonPool-worker-1] INFO  impl.StateMachineUpdater (StateMachineUpdater.java:stopAndJoin(142)) - 69055b56-bf48-47fd-bece-64ae6d668fba@group-065F51878978-StateMachineUpdater: set stopIndex = 0
2020-08-11 10:22:45,328 [Listener at 127.0.0.1/39953] INFO  metrics.RatisMetrics (RatisMetrics.java:unregister(43)) - Unregistering Metrics Registry : ratis.log_worker.8e0471e9-03e2-4e0b-80e1-583d5c951362@group-4936644038FC
2020-08-11 10:22:45,328 [69055b56-bf48-47fd-bece-64ae6d668fba@group-065F51878978-StateMachineUpdater] INFO  ratis.ContainerStateMachine (ContainerStateMachine.java:takeSnapshot(293)) - group-065F51878978: Taking a snapshot at:(t:1, i:0) file /github/workspace/mnt/ozone/hadoop-ozone/integration-test/target/test-dir/MiniOzoneClusterImpl-8391e218-a55d-4210-9d4e-82a64144cc20/datanode-1/data/ratis/f96502a8-794a-4247-a5ce-065f51878978/sm/snapshot.1_0
2020-08-11 10:22:45,328 [Listener at 127.0.0.1/39953] INFO  metrics.RatisMetrics (RatisMetrics.java:unregister(43)) - Unregistering Metrics Registry : ratis.leader_election.8e0471e9-03e2-4e0b-80e1-583d5c951362@group-4936644038FC
2020-08-11 10:22:45,329 [Listener at 127.0.0.1/39953] INFO  metrics.RatisMetrics (RatisMetrics.java:unregister(43)) - Unregistering Metrics Registry : ratis.server.8e0471e9-03e2-4e0b-80e1-583d5c951362@group-4936644038FC
2020-08-11 10:22:45,329 [Listener at 127.0.0.1/39953] INFO  server.GrpcService (GrpcService.java:closeImpl(166)) - 8e0471e9-03e2-4e0b-80e1-583d5c951362: shutdown server with port 42433 now
2020-08-11 10:22:45,331 [Listener at 127.0.0.1/39953] INFO  server.GrpcService (GrpcService.java:closeImpl(174)) - 8e0471e9-03e2-4e0b-80e1-583d5c951362: shutdown server with port 42433 successfully
2020-08-11 10:22:45,332 [69055b56-bf48-47fd-bece-64ae6d668fba@group-065F51878978-StateMachineUpdater] INFO  ratis.ContainerStateMachine (ContainerStateMachine.java:takeSnapshot(304)) - group-065F51878978: Finished taking a snapshot at:(t:1, i:0) file:/github/workspace/mnt/ozone/hadoop-ozone/integration-test/target/test-dir/MiniOzoneClusterImpl-8391e218-a55d-4210-9d4e-82a64144cc20/datanode-1/data/ratis/f96502a8-794a-4247-a5ce-065f51878978/sm/snapshot.1_0 time:4
2020-08-11 10:22:45,332 [69055b56-bf48-47fd-bece-64ae6d668fba@group-065F51878978-StateMachineUpdater] INFO  impl.StateMachineUpdater (StateMachineUpdater.java:takeSnapshot(277)) - 69055b56-bf48-47fd-bece-64ae6d668fba@group-065F51878978-StateMachineUpdater: Took a snapshot at index 0
2020-08-11 10:22:45,332 [69055b56-bf48-47fd-bece-64ae6d668fba@group-065F51878978-StateMachineUpdater] INFO  impl.StateMachineUpdater (StateMachineUpdater.java:lambda$new$0(87)) - 69055b56-bf48-47fd-bece-64ae6d668fba@group-065F51878978-StateMachineUpdater: snapshotIndex: updateIncreasingly -1 -> 0
2020-08-11 10:22:45,332 [69055b56-bf48-47fd-bece-64ae6d668fba@group-065F51878978-StateMachineUpdater] INFO  metrics.RatisMetrics (RatisMetrics.java:unregister(43)) - Unregistering Metrics Registry : ratis.state_machine.69055b56-bf48-47fd-bece-64ae6d668fba@group-065F51878978
2020-08-11 10:22:45,332 [ForkJoinPool.commonPool-worker-1] INFO  impl.RaftServerImpl (ServerState.java:close(387)) - 69055b56-bf48-47fd-bece-64ae6d668fba@group-065F51878978: closes. applyIndex: 0
2020-08-11 10:22:45,333 [69055b56-bf48-47fd-bece-64ae6d668fba@group-065F51878978-SegmentedRaftLogWorker] INFO  segmented.SegmentedRaftLogWorker (SegmentedRaftLogWorker.java:run(327)) - 69055b56-bf48-47fd-bece-64ae6d668fba@group-065F51878978-SegmentedRaftLogWorker was interrupted, exiting. There are 0 tasks remaining in the queue.
2020-08-11 10:22:45,333 [ForkJoinPool.commonPool-worker-1] INFO  segmented.SegmentedRaftLogWorker (SegmentedRaftLogWorker.java:close(234)) - 69055b56-bf48-47fd-bece-64ae6d668fba@group-065F51878978-SegmentedRaftLogWorker close()
2020-08-11 10:22:45,333 [Listener at 127.0.0.1/39953] INFO  utils.BackgroundService (BackgroundService.java:shutdown(157)) - Shutting down service BlockDeletingService
2020-08-11 10:22:45,334 [ForkJoinPool.commonPool-worker-1] INFO  metrics.RatisMetrics (RatisMetrics.java:unregister(43)) - Unregistering Metrics Registry : ratis.log_worker.69055b56-bf48-47fd-bece-64ae6d668fba@group-065F51878978
2020-08-11 10:22:45,334 [ForkJoinPool.commonPool-worker-1] INFO  metrics.RatisMetrics (RatisMetrics.java:unregister(43)) - Unregistering Metrics Registry : ratis.leader_election.69055b56-bf48-47fd-bece-64ae6d668fba@group-065F51878978
2020-08-11 10:22:45,334 [ForkJoinPool.commonPool-worker-1] INFO  metrics.RatisMetrics (RatisMetrics.java:unregister(43)) - Unregistering Metrics Registry : ratis.server.69055b56-bf48-47fd-bece-64ae6d668fba@group-065F51878978
2020-08-11 10:22:45,335 [ForkJoinPool.commonPool-worker-1] INFO  server.GrpcService (GrpcService.java:closeImpl(166)) - 69055b56-bf48-47fd-bece-64ae6d668fba: shutdown server with port 44699 now
2020-08-11 10:22:45,339 [ForkJoinPool.commonPool-worker-1] INFO  server.GrpcService (GrpcService.java:closeImpl(174)) - 69055b56-bf48-47fd-bece-64ae6d668fba: shutdown server with port 44699 successfully
2020-08-11 10:22:45,340 [ForkJoinPool.commonPool-worker-1] INFO  utils.BackgroundService (BackgroundService.java:shutdown(157)) - Shutting down service BlockDeletingService
2020-08-11 10:22:45,341 [Listener at 127.0.0.1/39953] INFO  statemachine.DatanodeStateMachine (DatanodeStateMachine.java:stopDaemon(454)) - Ozone container server stopped.
2020-08-11 10:22:45,341 [ForkJoinPool.commonPool-worker-1] INFO  statemachine.DatanodeStateMachine (DatanodeStateMachine.java:stopDaemon(454)) - Ozone container server stopped.
2020-08-11 10:22:45,354 [Listener at 127.0.0.1/39953] INFO  handler.ContextHandler (ContextHandler.java:doStop(1016)) - Stopped o.e.j.w.WebAppContext@771047b4{hddsDatanode,/,null,UNAVAILABLE}{jar:file:/home/user/.m2/repository/org/apache/hadoop/hadoop-hdds-container-service/0.6.0-SNAPSHOT/hadoop-hdds-container-service-0.6.0-SNAPSHOT.jar!/webapps/hddsDatanode}
2020-08-11 10:22:45,355 [ForkJoinPool.commonPool-worker-1] INFO  handler.ContextHandler (ContextHandler.java:doStop(1016)) - Stopped o.e.j.w.WebAppContext@59c9df97{hddsDatanode,/,null,UNAVAILABLE}{jar:file:/home/user/.m2/repository/org/apache/hadoop/hadoop-hdds-container-service/0.6.0-SNAPSHOT/hadoop-hdds-container-service-0.6.0-SNAPSHOT.jar!/webapps/hddsDatanode}
2020-08-11 10:22:45,355 [ForkJoinPool.commonPool-worker-1] INFO  server.AbstractConnector (AbstractConnector.java:doStop(380)) - Stopped ServerConnector@6198bac2{HTTP/1.1,[http/1.1]}{0.0.0.0:0}
2020-08-11 10:22:45,356 [ForkJoinPool.commonPool-worker-1] INFO  server.session (HouseKeeper.java:stopScavenging(158)) - node0 Stopped scavenging
2020-08-11 10:22:45,356 [ForkJoinPool.commonPool-worker-1] INFO  handler.ContextHandler (ContextHandler.java:doStop(1016)) - Stopped o.e.j.s.ServletContextHandler@62e0fe3{static,/static,jar:file:/home/user/.m2/repository/org/apache/hadoop/hadoop-hdds-container-service/0.6.0-SNAPSHOT/hadoop-hdds-container-service-0.6.0-SNAPSHOT.jar!/webapps/static,UNAVAILABLE}
2020-08-11 10:22:45,356 [ForkJoinPool.commonPool-worker-1] INFO  handler.ContextHandler (ContextHandler.java:doStop(1016)) - Stopped o.e.j.s.ServletContextHandler@418b946b{logs,/logs,file:///github/workspace/mnt/ozone/hadoop-ozone/integration-test/target/log,UNAVAILABLE}
2020-08-11 10:22:45,357 [Listener at 127.0.0.1/39953] INFO  server.AbstractConnector (AbstractConnector.java:doStop(380)) - Stopped ServerConnector@3fb2306{HTTP/1.1,[http/1.1]}{0.0.0.0:0}
2020-08-11 10:22:45,357 [Listener at 127.0.0.1/39953] INFO  server.session (HouseKeeper.java:stopScavenging(158)) - node0 Stopped scavenging
2020-08-11 10:22:45,357 [Listener at 127.0.0.1/39953] INFO  handler.ContextHandler (ContextHandler.java:doStop(1016)) - Stopped o.e.j.s.ServletContextHandler@ebad9a{static,/static,jar:file:/home/user/.m2/repository/org/apache/hadoop/hadoop-hdds-container-service/0.6.0-SNAPSHOT/hadoop-hdds-container-service-0.6.0-SNAPSHOT.jar!/webapps/static,UNAVAILABLE}
2020-08-11 10:22:45,358 [Listener at 127.0.0.1/39953] INFO  handler.ContextHandler (ContextHandler.java:doStop(1016)) - Stopped o.e.j.s.ServletContextHandler@2c5b04c7{logs,/logs,file:///github/workspace/mnt/ozone/hadoop-ozone/integration-test/target/log,UNAVAILABLE}
2020-08-11 10:22:45,501 [Thread-1713] INFO  impl.FollowerState (FollowerState.java:run(108)) - a40e82d7-9af1-4aed-a8c0-412ae681934d@group-4936644038FC-FollowerState: change to CANDIDATE, lastRpcTime:5607ms, electionTimeout:5148ms
2020-08-11 10:22:45,501 [Thread-1713] INFO  impl.RoleInfo (RoleInfo.java:shutdownFollowerState(121)) - a40e82d7-9af1-4aed-a8c0-412ae681934d: shutdown FollowerState
2020-08-11 10:22:45,501 [Thread-1713] INFO  impl.RaftServerImpl (RaftServerImpl.java:setRole(185)) - a40e82d7-9af1-4aed-a8c0-412ae681934d@group-4936644038FC: changes role from  FOLLOWER to CANDIDATE at term 1 for changeToCandidate
2020-08-11 10:22:45,501 [Thread-1713] INFO  impl.RoleInfo (RoleInfo.java:updateAndGet(143)) - a40e82d7-9af1-4aed-a8c0-412ae681934d: start LeaderElection
2020-08-11 10:22:45,501 [a40e82d7-9af1-4aed-a8c0-412ae681934d@group-4936644038FC-LeaderElection62] INFO  impl.RaftServerImpl (ServerState.java:setLeader(255)) - a40e82d7-9af1-4aed-a8c0-412ae681934d@group-4936644038FC: change Leader from ca417779-88b3-4dc1-a56d-e28a15aec768 to null at term 1 for initElection
2020-08-11 10:22:45,503 [a40e82d7-9af1-4aed-a8c0-412ae681934d@group-4936644038FC-LeaderElection62] INFO  impl.LeaderElection (LeaderElection.java:askForVotes(209)) - a40e82d7-9af1-4aed-a8c0-412ae681934d@group-4936644038FC-LeaderElection62: begin an election at term 2 for 0: [ca417779-88b3-4dc1-a56d-e28a15aec768:172.17.0.2:39865, 8e0471e9-03e2-4e0b-80e1-583d5c951362:172.17.0.2:42433, a40e82d7-9af1-4aed-a8c0-412ae681934d:172.17.0.2:34423], old=null
2020-08-11 10:22:45,507 [a40e82d7-9af1-4aed-a8c0-412ae681934d@group-4936644038FC-LeaderElection62] INFO  impl.LeaderElection (LogUtils.java:infoOrTrace(137)) - a40e82d7-9af1-4aed-a8c0-412ae681934d@group-4936644038FC-LeaderElection62 got exception when requesting votes: java.util.concurrent.ExecutionException: org.apache.ratis.thirdparty.io.grpc.StatusRuntimeException: UNAVAILABLE: io exception
2020-08-11 10:22:45,507 [a40e82d7-9af1-4aed-a8c0-412ae681934d@group-4936644038FC-LeaderElection62] INFO  impl.LeaderElection (LogUtils.java:infoOrTrace(137)) - a40e82d7-9af1-4aed-a8c0-412ae681934d@group-4936644038FC-LeaderElection62 got exception when requesting votes: java.util.concurrent.ExecutionException: org.apache.ratis.thirdparty.io.grpc.StatusRuntimeException: UNAVAILABLE: io exception
2020-08-11 10:22:45,507 [a40e82d7-9af1-4aed-a8c0-412ae681934d@group-4936644038FC-LeaderElection62] INFO  impl.LeaderElection (LeaderElection.java:logAndReturn(61)) - a40e82d7-9af1-4aed-a8c0-412ae681934d@group-4936644038FC-LeaderElection62: Election REJECTED; received 0 response(s) [] and 2 exception(s); a40e82d7-9af1-4aed-a8c0-412ae681934d@group-4936644038FC:t2, leader=null, voted=a40e82d7-9af1-4aed-a8c0-412ae681934d, raftlog=a40e82d7-9af1-4aed-a8c0-412ae681934d@group-4936644038FC-SegmentedRaftLog:OPENED:c0,f0,i0, conf=0: [ca417779-88b3-4dc1-a56d-e28a15aec768:172.17.0.2:39865, 8e0471e9-03e2-4e0b-80e1-583d5c951362:172.17.0.2:42433, a40e82d7-9af1-4aed-a8c0-412ae681934d:172.17.0.2:34423], old=null
2020-08-11 10:22:45,507 [a40e82d7-9af1-4aed-a8c0-412ae681934d@group-4936644038FC-LeaderElection62] INFO  impl.LeaderElection (LogUtils.java:infoOrTrace(137)) -   Exception 0: java.util.concurrent.ExecutionException: org.apache.ratis.thirdparty.io.grpc.StatusRuntimeException: UNAVAILABLE: io exception
2020-08-11 10:22:45,507 [a40e82d7-9af1-4aed-a8c0-412ae681934d@group-4936644038FC-LeaderElection62] INFO  impl.LeaderElection (LogUtils.java:infoOrTrace(137)) -   Exception 1: java.util.concurrent.ExecutionException: org.apache.ratis.thirdparty.io.grpc.StatusRuntimeException: UNAVAILABLE: io exception
2020-08-11 10:22:45,507 [a40e82d7-9af1-4aed-a8c0-412ae681934d@group-4936644038FC-LeaderElection62] INFO  impl.RaftServerImpl (RaftServerImpl.java:setRole(185)) - a40e82d7-9af1-4aed-a8c0-412ae681934d@group-4936644038FC: changes role from CANDIDATE to FOLLOWER at term 2 for DISCOVERED_A_NEW_TERM
2020-08-11 10:22:45,507 [a40e82d7-9af1-4aed-a8c0-412ae681934d@group-4936644038FC-LeaderElection62] INFO  impl.RoleInfo (RoleInfo.java:shutdownLeaderElection(134)) - a40e82d7-9af1-4aed-a8c0-412ae681934d: shutdown LeaderElection
2020-08-11 10:22:45,508 [a40e82d7-9af1-4aed-a8c0-412ae681934d@group-4936644038FC-LeaderElection62] INFO  impl.RoleInfo (RoleInfo.java:updateAndGet(143)) - a40e82d7-9af1-4aed-a8c0-412ae681934d: start FollowerState
2020-08-11 10:22:45,726 [Datanode State Machine Thread - 0] INFO  statemachine.DatanodeStateMachine (DatanodeStateMachine.java:lambda$startDaemon$0(406)) - Ozone container server started.
2020-08-11 10:22:50,359 [ForkJoinPool.commonPool-worker-1] INFO  ozoneimpl.OzoneContainer (OzoneContainer.java:stop(259)) - Attempting to stop container services.
2020-08-11 10:22:50,359 [ForkJoinPool.commonPool-worker-1] INFO  impl.RaftServerProxy (RaftServerProxy.java:lambda$close$4(319)) - a40e82d7-9af1-4aed-a8c0-412ae681934d: close
2020-08-11 10:22:50,359 [ForkJoinPool.commonPool-worker-1] INFO  impl.RaftServerImpl (RaftServerImpl.java:lambda$shutdown$3(263)) - a40e82d7-9af1-4aed-a8c0-412ae681934d@group-2A8656F9C27E: shutdown
2020-08-11 10:22:50,359 [ForkJoinPool.commonPool-worker-1] INFO  util.JmxRegister (JmxRegister.java:unregister(73)) - Successfully un-registered JMX Bean with object name Ratis:service=RaftServer,group=group-2A8656F9C27E,id=a40e82d7-9af1-4aed-a8c0-412ae681934d
2020-08-11 10:22:50,359 [ForkJoinPool.commonPool-worker-1] INFO  impl.RoleInfo (RoleInfo.java:shutdownLeaderState(104)) - a40e82d7-9af1-4aed-a8c0-412ae681934d: shutdown LeaderState
2020-08-11 10:22:50,360 [ForkJoinPool.commonPool-worker-1] INFO  impl.PendingRequests (PendingRequests.java:sendNotLeaderResponses(249)) - a40e82d7-9af1-4aed-a8c0-412ae681934d@group-2A8656F9C27E-PendingRequests: sendNotLeaderResponses
2020-08-11 10:22:50,360 [ForkJoinPool.commonPool-worker-1] INFO  metrics.RatisMetrics (RatisMetrics.java:unregister(43)) - Unregistering Metrics Registry : ratis.log_appender.a40e82d7-9af1-4aed-a8c0-412ae681934d@group-2A8656F9C27E
2020-08-11 10:22:50,360 [ForkJoinPool.commonPool-worker-1] INFO  metrics.RatisMetrics (RatisMetrics.java:unregister(43)) - Unregistering Metrics Registry : ratis.server.a40e82d7-9af1-4aed-a8c0-412ae681934d@group-2A8656F9C27E
2020-08-11 10:22:50,361 [ForkJoinPool.commonPool-worker-1] INFO  impl.StateMachineUpdater (StateMachineUpdater.java:stopAndJoin(142)) - a40e82d7-9af1-4aed-a8c0-412ae681934d@group-2A8656F9C27E-StateMachineUpdater: set stopIndex = 0
2020-08-11 10:22:50,361 [a40e82d7-9af1-4aed-a8c0-412ae681934d@group-2A8656F9C27E-StateMachineUpdater] INFO  ratis.ContainerStateMachine (ContainerStateMachine.java:takeSnapshot(293)) - group-2A8656F9C27E: Taking a snapshot at:(t:1, i:0) file /github/workspace/mnt/ozone/hadoop-ozone/integration-test/target/test-dir/MiniOzoneClusterImpl-8391e218-a55d-4210-9d4e-82a64144cc20/datanode-6/data/ratis/bf751c2a-1097-4d64-a01e-2a8656f9c27e/sm/snapshot.1_0
2020-08-11 10:22:50,362 [a40e82d7-9af1-4aed-a8c0-412ae681934d@group-2A8656F9C27E-StateMachineUpdater] INFO  ratis.ContainerStateMachine (ContainerStateMachine.java:takeSnapshot(304)) - group-2A8656F9C27E: Finished taking a snapshot at:(t:1, i:0) file:/github/workspace/mnt/ozone/hadoop-ozone/integration-test/target/test-dir/MiniOzoneClusterImpl-8391e218-a55d-4210-9d4e-82a64144cc20/datanode-6/data/ratis/bf751c2a-1097-4d64-a01e-2a8656f9c27e/sm/snapshot.1_0 time:1
2020-08-11 10:22:50,363 [a40e82d7-9af1-4aed-a8c0-412ae681934d@group-2A8656F9C27E-StateMachineUpdater] INFO  impl.StateMachineUpdater (StateMachineUpdater.java:takeSnapshot(277)) - a40e82d7-9af1-4aed-a8c0-412ae681934d@group-2A8656F9C27E-StateMachineUpdater: Took a snapshot at index 0
2020-08-11 10:22:50,363 [a40e82d7-9af1-4aed-a8c0-412ae681934d@group-2A8656F9C27E-StateMachineUpdater] INFO  impl.StateMachineUpdater (StateMachineUpdater.java:lambda$new$0(87)) - a40e82d7-9af1-4aed-a8c0-412ae681934d@group-2A8656F9C27E-StateMachineUpdater: snapshotIndex: updateIncreasingly -1 -> 0
2020-08-11 10:22:50,363 [a40e82d7-9af1-4aed-a8c0-412ae681934d@group-2A8656F9C27E-StateMachineUpdater] INFO  metrics.RatisMetrics (RatisMetrics.java:unregister(43)) - Unregistering Metrics Registry : ratis.state_machine.a40e82d7-9af1-4aed-a8c0-412ae681934d@group-2A8656F9C27E
2020-08-11 10:22:50,363 [ForkJoinPool.commonPool-worker-1] INFO  impl.RaftServerImpl (ServerState.java:close(387)) - a40e82d7-9af1-4aed-a8c0-412ae681934d@group-2A8656F9C27E: closes. applyIndex: 0
2020-08-11 10:22:50,363 [a40e82d7-9af1-4aed-a8c0-412ae681934d@group-2A8656F9C27E-SegmentedRaftLogWorker] INFO  segmented.SegmentedRaftLogWorker (SegmentedRaftLogWorker.java:run(327)) - a40e82d7-9af1-4aed-a8c0-412ae681934d@group-2A8656F9C27E-SegmentedRaftLogWorker was interrupted, exiting. There are 0 tasks remaining in the queue.
2020-08-11 10:22:50,363 [ForkJoinPool.commonPool-worker-1] INFO  segmented.SegmentedRaftLogWorker (SegmentedRaftLogWorker.java:close(234)) - a40e82d7-9af1-4aed-a8c0-412ae681934d@group-2A8656F9C27E-SegmentedRaftLogWorker close()
2020-08-11 10:22:50,364 [ForkJoinPool.commonPool-worker-1] INFO  metrics.RatisMetrics (RatisMetrics.java:unregister(43)) - Unregistering Metrics Registry : ratis.log_worker.a40e82d7-9af1-4aed-a8c0-412ae681934d@group-2A8656F9C27E
2020-08-11 10:22:50,364 [ForkJoinPool.commonPool-worker-1] INFO  metrics.RatisMetrics (RatisMetrics.java:unregister(43)) - Unregistering Metrics Registry : ratis.leader_election.a40e82d7-9af1-4aed-a8c0-412ae681934d@group-2A8656F9C27E
2020-08-11 10:22:50,364 [ForkJoinPool.commonPool-worker-1] INFO  metrics.RatisMetrics (RatisMetrics.java:unregister(43)) - Unregistering Metrics Registry : ratis.server.a40e82d7-9af1-4aed-a8c0-412ae681934d@group-2A8656F9C27E
2020-08-11 10:22:50,364 [ForkJoinPool.commonPool-worker-1] INFO  impl.RaftServerImpl (RaftServerImpl.java:lambda$shutdown$3(263)) - a40e82d7-9af1-4aed-a8c0-412ae681934d@group-4936644038FC: shutdown
2020-08-11 10:22:50,365 [ForkJoinPool.commonPool-worker-1] INFO  util.JmxRegister (JmxRegister.java:unregister(73)) - Successfully un-registered JMX Bean with object name Ratis:service=RaftServer,group=group-4936644038FC,id=a40e82d7-9af1-4aed-a8c0-412ae681934d
2020-08-11 10:22:50,365 [ForkJoinPool.commonPool-worker-1] INFO  impl.RoleInfo (RoleInfo.java:shutdownFollowerState(121)) - a40e82d7-9af1-4aed-a8c0-412ae681934d: shutdown FollowerState
2020-08-11 10:22:50,365 [Thread-1781] INFO  impl.FollowerState (FollowerState.java:run(117)) - a40e82d7-9af1-4aed-a8c0-412ae681934d@group-4936644038FC-FollowerState was interrupted: java.lang.InterruptedException: sleep interrupted
2020-08-11 10:22:50,366 [a40e82d7-9af1-4aed-a8c0-412ae681934d@group-4936644038FC-StateMachineUpdater] INFO  ratis.ContainerStateMachine (ContainerStateMachine.java:takeSnapshot(293)) - group-4936644038FC: Taking a snapshot at:(t:1, i:0) file /github/workspace/mnt/ozone/hadoop-ozone/integration-test/target/test-dir/MiniOzoneClusterImpl-8391e218-a55d-4210-9d4e-82a64144cc20/datanode-6/data/ratis/1f22e5c4-89e1-473e-bf2e-4936644038fc/sm/snapshot.1_0
2020-08-11 10:22:50,366 [ForkJoinPool.commonPool-worker-1] INFO  impl.StateMachineUpdater (StateMachineUpdater.java:stopAndJoin(142)) - a40e82d7-9af1-4aed-a8c0-412ae681934d@group-4936644038FC-StateMachineUpdater: set stopIndex = 0
2020-08-11 10:22:50,366 [a40e82d7-9af1-4aed-a8c0-412ae681934d@group-4936644038FC-StateMachineUpdater] INFO  ratis.ContainerStateMachine (ContainerStateMachine.java:takeSnapshot(304)) - group-4936644038FC: Finished taking a snapshot at:(t:1, i:0) file:/github/workspace/mnt/ozone/hadoop-ozone/integration-test/target/test-dir/MiniOzoneClusterImpl-8391e218-a55d-4210-9d4e-82a64144cc20/datanode-6/data/ratis/1f22e5c4-89e1-473e-bf2e-4936644038fc/sm/snapshot.1_0 time:1
2020-08-11 10:22:50,366 [a40e82d7-9af1-4aed-a8c0-412ae681934d@group-4936644038FC-StateMachineUpdater] INFO  impl.StateMachineUpdater (StateMachineUpdater.java:takeSnapshot(277)) - a40e82d7-9af1-4aed-a8c0-412ae681934d@group-4936644038FC-StateMachineUpdater: Took a snapshot at index 0
2020-08-11 10:22:50,367 [a40e82d7-9af1-4aed-a8c0-412ae681934d@group-4936644038FC-StateMachineUpdater] INFO  impl.StateMachineUpdater (StateMachineUpdater.java:lambda$new$0(87)) - a40e82d7-9af1-4aed-a8c0-412ae681934d@group-4936644038FC-StateMachineUpdater: snapshotIndex: updateIncreasingly -1 -> 0
2020-08-11 10:22:50,367 [a40e82d7-9af1-4aed-a8c0-412ae681934d@group-4936644038FC-StateMachineUpdater] INFO  metrics.RatisMetrics (RatisMetrics.java:unregister(43)) - Unregistering Metrics Registry : ratis.state_machine.a40e82d7-9af1-4aed-a8c0-412ae681934d@group-4936644038FC
2020-08-11 10:22:50,367 [ForkJoinPool.commonPool-worker-1] INFO  impl.RaftServerImpl (ServerState.java:close(387)) - a40e82d7-9af1-4aed-a8c0-412ae681934d@group-4936644038FC: closes. applyIndex: 0
2020-08-11 10:22:50,367 [a40e82d7-9af1-4aed-a8c0-412ae681934d@group-4936644038FC-SegmentedRaftLogWorker] INFO  segmented.SegmentedRaftLogWorker (SegmentedRaftLogWorker.java:run(327)) - a40e82d7-9af1-4aed-a8c0-412ae681934d@group-4936644038FC-SegmentedRaftLogWorker was interrupted, exiting. There are 0 tasks remaining in the queue.
2020-08-11 10:22:50,367 [ForkJoinPool.commonPool-worker-1] INFO  segmented.SegmentedRaftLogWorker (SegmentedRaftLogWorker.java:close(234)) - a40e82d7-9af1-4aed-a8c0-412ae681934d@group-4936644038FC-SegmentedRaftLogWorker close()
2020-08-11 10:22:50,368 [ForkJoinPool.commonPool-worker-1] INFO  metrics.RatisMetrics (RatisMetrics.java:unregister(43)) - Unregistering Metrics Registry : ratis.log_worker.a40e82d7-9af1-4aed-a8c0-412ae681934d@group-4936644038FC
2020-08-11 10:22:50,368 [ForkJoinPool.commonPool-worker-1] INFO  metrics.RatisMetrics (RatisMetrics.java:unregister(43)) - Unregistering Metrics Registry : ratis.leader_election.a40e82d7-9af1-4aed-a8c0-412ae681934d@group-4936644038FC
2020-08-11 10:22:50,368 [ForkJoinPool.commonPool-worker-1] INFO  metrics.RatisMetrics (RatisMetrics.java:unregister(43)) - Unregistering Metrics Registry : ratis.server.a40e82d7-9af1-4aed-a8c0-412ae681934d@group-4936644038FC
2020-08-11 10:22:50,368 [ForkJoinPool.commonPool-worker-1] INFO  server.GrpcService (GrpcService.java:closeImpl(166)) - a40e82d7-9af1-4aed-a8c0-412ae681934d: shutdown server with port 34423 now
2020-08-11 10:22:50,370 [ForkJoinPool.commonPool-worker-1] INFO  server.GrpcService (GrpcService.java:closeImpl(174)) - a40e82d7-9af1-4aed-a8c0-412ae681934d: shutdown server with port 34423 successfully
2020-08-11 10:22:50,372 [ForkJoinPool.commonPool-worker-1] INFO  utils.BackgroundService (BackgroundService.java:shutdown(157)) - Shutting down service BlockDeletingService
2020-08-11 10:22:50,374 [ForkJoinPool.commonPool-worker-1] INFO  statemachine.DatanodeStateMachine (DatanodeStateMachine.java:stopDaemon(454)) - Ozone container server stopped.
2020-08-11 10:22:50,382 [ForkJoinPool.commonPool-worker-1] INFO  handler.ContextHandler (ContextHandler.java:doStop(1016)) - Stopped o.e.j.w.WebAppContext@5b152082{hddsDatanode,/,null,UNAVAILABLE}{jar:file:/home/user/.m2/repository/org/apache/hadoop/hadoop-hdds-container-service/0.6.0-SNAPSHOT/hadoop-hdds-container-service-0.6.0-SNAPSHOT.jar!/webapps/hddsDatanode}
2020-08-11 10:22:50,384 [ForkJoinPool.commonPool-worker-1] INFO  server.AbstractConnector (AbstractConnector.java:doStop(380)) - Stopped ServerConnector@52bf434b{HTTP/1.1,[http/1.1]}{0.0.0.0:0}
2020-08-11 10:22:50,384 [ForkJoinPool.commonPool-worker-1] INFO  server.session (HouseKeeper.java:stopScavenging(158)) - node0 Stopped scavenging
2020-08-11 10:22:50,385 [ForkJoinPool.commonPool-worker-1] INFO  handler.ContextHandler (ContextHandler.java:doStop(1016)) - Stopped o.e.j.s.ServletContextHandler@52ebb73a{static,/static,jar:file:/home/user/.m2/repository/org/apache/hadoop/hadoop-hdds-container-service/0.6.0-SNAPSHOT/hadoop-hdds-container-service-0.6.0-SNAPSHOT.jar!/webapps/static,UNAVAILABLE}
2020-08-11 10:22:50,387 [ForkJoinPool.commonPool-worker-1] INFO  handler.ContextHandler (ContextHandler.java:doStop(1016)) - Stopped o.e.j.s.ServletContextHandler@5f7a911f{logs,/logs,file:///github/workspace/mnt/ozone/hadoop-ozone/integration-test/target/log,UNAVAILABLE}
2020-08-11 10:22:50,388 [Listener at 127.0.0.1/39953] INFO  ozone.MiniOzoneClusterImpl (MiniOzoneClusterImpl.java:stopSCM(476)) - Stopping the StorageContainerManager
2020-08-11 10:22:50,388 [Listener at 127.0.0.1/39953] INFO  server.StorageContainerManager (StorageContainerManager.java:stop(828)) - Stopping Replication Manager Service.
2020-08-11 10:22:50,388 [Listener at 127.0.0.1/39953] INFO  container.ReplicationManager (ReplicationManager.java:stop(218)) - Stopping Replication Monitor Thread.
2020-08-11 10:22:50,389 [Listener at 127.0.0.1/39953] INFO  server.StorageContainerManager (StorageContainerManager.java:stop(835)) - Stopping Lease Manager of the command watchers
2020-08-11 10:22:50,389 [Listener at 127.0.0.1/39953] INFO  server.StorageContainerManager (StorageContainerManager.java:stop(842)) - Stopping datanode service RPC server
2020-08-11 10:22:50,389 [Listener at 127.0.0.1/39953] INFO  server.SCMDatanodeProtocolServer (SCMDatanodeProtocolServer.java:stop(361)) - Stopping the RPC server for DataNodes
2020-08-11 10:22:50,389 [Listener at 127.0.0.1/39953] INFO  ipc.Server (Server.java:stop(3359)) - Stopping server on 46527
2020-08-11 10:22:50,389 [CommandWatcher-LeaseManager#LeaseMonitor] ERROR lease.LeaseManager (LeaseManager.java:run(238)) - Execution was interrupted 
java.lang.InterruptedException: sleep interrupted
	at java.lang.Thread.sleep(Native Method)
	at org.apache.hadoop.ozone.lease.LeaseManager$LeaseMonitor.run(LeaseManager.java:234)
	at java.lang.Thread.run(Thread.java:748)
2020-08-11 10:22:50,392 [IPC Server listener on 0] INFO  ipc.Server (Server.java:run(1330)) - Stopping IPC Server listener on 0
2020-08-11 10:22:50,392 [IPC Server Responder] INFO  ipc.Server (Server.java:run(1465)) - Stopping IPC Server Responder
2020-08-11 10:22:50,401 [SCM Heartbeat Processing Thread - 0] WARN  node.NodeStateManager (NodeStateManager.java:scheduleNextHealthCheck(661)) - Current Thread is interrupted, shutting down HB processing thread for Node Manager.
2020-08-11 10:22:50,401 [Listener at 127.0.0.1/39953] INFO  server.StorageContainerManager (StorageContainerManager.java:stop(850)) - Stopping block service RPC server
2020-08-11 10:22:50,401 [Listener at 127.0.0.1/39953] INFO  server.SCMBlockProtocolServer (SCMBlockProtocolServer.java:stop(158)) - Stopping the RPC server for Block Protocol
2020-08-11 10:22:50,401 [Listener at 127.0.0.1/39953] INFO  ipc.Server (Server.java:stop(3359)) - Stopping server on 41905
2020-08-11 10:22:50,403 [Listener at 127.0.0.1/39953] INFO  server.StorageContainerManager (StorageContainerManager.java:stop(857)) - Stopping the StorageContainerLocationProtocol RPC server
2020-08-11 10:22:50,403 [IPC Server Responder] INFO  ipc.Server (Server.java:run(1465)) - Stopping IPC Server Responder
2020-08-11 10:22:50,403 [Listener at 127.0.0.1/39953] INFO  server.SCMClientProtocolServer (SCMClientProtocolServer.java:stop(165)) - Stopping the RPC server for Client Protocol
2020-08-11 10:22:50,403 [Listener at 127.0.0.1/39953] INFO  ipc.Server (Server.java:stop(3359)) - Stopping server on 42469
2020-08-11 10:22:50,403 [IPC Server listener on 0] INFO  ipc.Server (Server.java:run(1330)) - Stopping IPC Server listener on 0
2020-08-11 10:22:50,404 [Listener at 127.0.0.1/39953] INFO  server.StorageContainerManager (StorageContainerManager.java:stop(864)) - Stopping Storage Container Manager HTTP server.
2020-08-11 10:22:50,404 [IPC Server listener on 0] INFO  ipc.Server (Server.java:run(1330)) - Stopping IPC Server listener on 0
2020-08-11 10:22:50,405 [Listener at 127.0.0.1/39953] INFO  handler.ContextHandler (ContextHandler.java:doStop(1016)) - Stopped o.e.j.w.WebAppContext@6c238208{scm,/,null,UNAVAILABLE}{file:/github/workspace/mnt/ozone/hadoop-ozone/integration-test/target/test-classes/webapps/scm}
2020-08-11 10:22:50,404 [IPC Server Responder] INFO  ipc.Server (Server.java:run(1465)) - Stopping IPC Server Responder
2020-08-11 10:22:50,407 [Listener at 127.0.0.1/39953] INFO  server.AbstractConnector (AbstractConnector.java:doStop(380)) - Stopped ServerConnector@1e69a310{HTTP/1.1,[http/1.1]}{0.0.0.0:0}
2020-08-11 10:22:50,407 [Listener at 127.0.0.1/39953] INFO  server.session (HouseKeeper.java:stopScavenging(158)) - node0 Stopped scavenging
2020-08-11 10:22:50,407 [Listener at 127.0.0.1/39953] INFO  handler.ContextHandler (ContextHandler.java:doStop(1016)) - Stopped o.e.j.s.ServletContextHandler@e06d647{static,/static,file:///github/workspace/mnt/ozone/hadoop-ozone/integration-test/target/test-classes/webapps/static,UNAVAILABLE}
2020-08-11 10:22:50,407 [Listener at 127.0.0.1/39953] INFO  handler.ContextHandler (ContextHandler.java:doStop(1016)) - Stopped o.e.j.s.ServletContextHandler@647b7f63{logs,/logs,file:///github/workspace/mnt/ozone/hadoop-ozone/integration-test/target/log,UNAVAILABLE}
2020-08-11 10:22:50,409 [Listener at 127.0.0.1/39953] INFO  server.StorageContainerManager (StorageContainerManager.java:stop(875)) - Stopping Block Manager Service.
2020-08-11 10:22:50,409 [Listener at 127.0.0.1/39953] INFO  utils.BackgroundService (BackgroundService.java:shutdown(157)) - Shutting down service SCMBlockDeletingService
2020-08-11 10:22:50,410 [Listener at 127.0.0.1/39953] INFO  utils.BackgroundService (BackgroundService.java:shutdown(157)) - Shutting down service SCMBlockDeletingService
2020-08-11 10:22:50,410 [Listener at 127.0.0.1/39953] INFO  server.StorageContainerManager (StorageContainerManager.java:stop(900)) - Stopping SCM Event Queue.
2020-08-11 10:22:50,413 [Listener at 127.0.0.1/39953] INFO  impl.MetricsSystemImpl (MetricsSystemImpl.java:stop(210)) - Stopping HddsDatanode metrics system...
2020-08-11 10:22:50,421 [Listener at 127.0.0.1/39953] INFO  impl.MetricsSystemImpl (MetricsSystemImpl.java:stop(216)) - HddsDatanode metrics system stopped.
]]></system-out>
  </testcase>
</testsuite>